<?xml version="1.0" encoding="UTF-8"?>
<testsuite xmlns:xsi="http://www.w3.org/2001/XMLSchema-instance" xsi:noNamespaceSchemaLocation="https://maven.apache.org/surefire/maven-surefire-plugin/xsd/surefire-test-report.xsd" name="org.apache.hadoop.ozone.client.rpc.TestOzoneClientRetriesOnException" time="400.157" tests="2" errors="1" skipped="0" failures="0">
  <properties>
    <property name="awt.toolkit" value="sun.awt.X11.XToolkit"/>
    <property name="file.encoding.pkg" value="sun.io"/>
    <property name="java.specification.version" value="1.8"/>
    <property name="sun.cpu.isalist" value=""/>
    <property name="sun.jnu.encoding" value="UTF-8"/>
    <property name="java.class.path" value="/workdir/hadoop-ozone/integration-test/target/test-classes:/workdir/hadoop-ozone/integration-test/target/classes:/home/user/.m2/repository/org/apache/hadoop/hadoop-ozone-common/0.5.0-SNAPSHOT/hadoop-ozone-common-0.5.0-SNAPSHOT.jar:/home/user/.m2/repository/org/apache/commons/commons-compress/1.4.1/commons-compress-1.4.1.jar:/home/user/.m2/repository/org/tukaani/xz/1.0/xz-1.0.jar:/home/user/.m2/repository/org/apache/hadoop/hadoop-common/3.2.0/hadoop-common-3.2.0.jar:/home/user/.m2/repository/org/apache/hadoop/hadoop-hdfs/3.2.0/hadoop-hdfs-3.2.0.jar:/home/user/.m2/repository/org/apache/hadoop/hadoop-hdfs-client/3.2.0/hadoop-hdfs-client-3.2.0.jar:/home/user/.m2/repository/com/fasterxml/jackson/core/jackson-annotations/2.9.5/jackson-annotations-2.9.5.jar:/home/user/.m2/repository/org/apache/hadoop/hadoop-hdds-common/0.5.0-SNAPSHOT/hadoop-hdds-common-0.5.0-SNAPSHOT.jar:/home/user/.m2/repository/javax/annotation/javax.annotation-api/1.2/javax.annotation-api-1.2.jar:/home/user/.m2/repository/org/apache/ratis/ratis-server/0.4.0-2337318-SNAPSHOT/ratis-server-0.4.0-2337318-SNAPSHOT.jar:/home/user/.m2/repository/org/apache/ratis/ratis-thirdparty-misc/0.2.0/ratis-thirdparty-misc-0.2.0.jar:/home/user/.m2/repository/org/apache/ratis/ratis-proto/0.4.0-2337318-SNAPSHOT/ratis-proto-0.4.0-2337318-SNAPSHOT.jar:/home/user/.m2/repository/org/apache/ratis/ratis-common/0.4.0-2337318-SNAPSHOT/ratis-common-0.4.0-2337318-SNAPSHOT.jar:/home/user/.m2/repository/org/apache/ratis/ratis-client/0.4.0-2337318-SNAPSHOT/ratis-client-0.4.0-2337318-SNAPSHOT.jar:/home/user/.m2/repository/org/apache/ratis/ratis-metrics/0.4.0-2337318-SNAPSHOT/ratis-metrics-0.4.0-2337318-SNAPSHOT.jar:/home/user/.m2/repository/org/apache/ratis/ratis-netty/0.4.0-2337318-SNAPSHOT/ratis-netty-0.4.0-2337318-SNAPSHOT.jar:/home/user/.m2/repository/org/apache/ratis/ratis-grpc/0.4.0-2337318-SNAPSHOT/ratis-grpc-0.4.0-2337318-SNAPSHOT.jar:/home/user/.m2/repository/org/rocksdb/rocksdbjni/6.0.1/rocksdbjni-6.0.1.jar:/home/user/.m2/repository/org/apache/logging/log4j/log4j-api/2.11.0/log4j-api-2.11.0.jar:/home/user/.m2/repository/org/apache/logging/log4j/log4j-core/2.11.0/log4j-core-2.11.0.jar:/home/user/.m2/repository/com/lmax/disruptor/3.4.2/disruptor-3.4.2.jar:/home/user/.m2/repository/org/apache/commons/commons-pool2/2.6.0/commons-pool2-2.6.0.jar:/home/user/.m2/repository/org/bouncycastle/bcpkix-jdk15on/1.60/bcpkix-jdk15on-1.60.jar:/home/user/.m2/repository/commons-validator/commons-validator/1.6/commons-validator-1.6.jar:/home/user/.m2/repository/commons-digester/commons-digester/1.8.1/commons-digester-1.8.1.jar:/home/user/.m2/repository/io/jaegertracing/jaeger-client/0.33.1/jaeger-client-0.33.1.jar:/home/user/.m2/repository/io/jaegertracing/jaeger-thrift/0.33.1/jaeger-thrift-0.33.1.jar:/home/user/.m2/repository/org/apache/thrift/libthrift/0.11.0/libthrift-0.11.0.jar:/home/user/.m2/repository/com/squareup/okhttp3/okhttp/3.9.0/okhttp-3.9.0.jar:/home/user/.m2/repository/com/squareup/okio/okio/1.13.0/okio-1.13.0.jar:/home/user/.m2/repository/io/jaegertracing/jaeger-core/0.33.1/jaeger-core-0.33.1.jar:/home/user/.m2/repository/io/jaegertracing/jaeger-tracerresolver/0.33.1/jaeger-tracerresolver-0.33.1.jar:/home/user/.m2/repository/io/opentracing/contrib/opentracing-tracerresolver/0.1.5/opentracing-tracerresolver-0.1.5.jar:/home/user/.m2/repository/io/opentracing/opentracing-util/0.31.0/opentracing-util-0.31.0.jar:/home/user/.m2/repository/io/opentracing/opentracing-api/0.31.0/opentracing-api-0.31.0.jar:/home/user/.m2/repository/io/opentracing/opentracing-noop/0.31.0/opentracing-noop-0.31.0.jar:/home/user/.m2/repository/org/apache/hadoop/hadoop-hdds-server-framework/0.5.0-SNAPSHOT/hadoop-hdds-server-framework-0.5.0-SNAPSHOT.jar:/home/user/.m2/repository/org/apache/hadoop/hadoop-hdds-container-service/0.5.0-SNAPSHOT/hadoop-hdds-container-service-0.5.0-SNAPSHOT.jar:/home/user/.m2/repository/org/apache/hadoop/hadoop-hdds-client/0.5.0-SNAPSHOT/hadoop-hdds-client-0.5.0-SNAPSHOT.jar:/home/user/.m2/repository/org/apache/hadoop/hadoop-hdds-tools/0.5.0-SNAPSHOT/hadoop-hdds-tools-0.5.0-SNAPSHOT.jar:/home/user/.m2/repository/org/apache/hadoop/hadoop-hdds-server-scm/0.5.0-SNAPSHOT/hadoop-hdds-server-scm-0.5.0-SNAPSHOT.jar:/home/user/.m2/repository/org/apache/hadoop/hadoop-hdds-docs/0.5.0-SNAPSHOT/hadoop-hdds-docs-0.5.0-SNAPSHOT.jar:/home/user/.m2/repository/io/dropwizard/metrics/metrics-core/3.2.4/metrics-core-3.2.4.jar:/home/user/.m2/repository/org/hamcrest/hamcrest-all/1.3/hamcrest-all-1.3.jar:/home/user/.m2/repository/org/bouncycastle/bcprov-jdk15on/1.60/bcprov-jdk15on-1.60.jar:/home/user/.m2/repository/info/picocli/picocli/3.9.6/picocli-3.9.6.jar:/home/user/.m2/repository/com/google/protobuf/protobuf-java/2.5.0/protobuf-java-2.5.0.jar:/home/user/.m2/repository/com/google/guava/guava/11.0.2/guava-11.0.2.jar:/home/user/.m2/repository/org/apache/hadoop/hadoop-ozone-ozone-manager/0.5.0-SNAPSHOT/hadoop-ozone-ozone-manager-0.5.0-SNAPSHOT.jar:/home/user/.m2/repository/org/apache/hadoop/hadoop-minikdc/3.2.0/hadoop-minikdc-3.2.0.jar:/home/user/.m2/repository/commons-io/commons-io/2.5/commons-io-2.5.jar:/home/user/.m2/repository/org/apache/kerby/kerb-simplekdc/1.0.1/kerb-simplekdc-1.0.1.jar:/home/user/.m2/repository/org/apache/kerby/kerb-client/1.0.1/kerb-client-1.0.1.jar:/home/user/.m2/repository/org/apache/kerby/kerby-config/1.0.1/kerby-config-1.0.1.jar:/home/user/.m2/repository/org/apache/kerby/kerb-core/1.0.1/kerb-core-1.0.1.jar:/home/user/.m2/repository/org/apache/kerby/kerby-pkix/1.0.1/kerby-pkix-1.0.1.jar:/home/user/.m2/repository/org/apache/kerby/kerby-asn1/1.0.1/kerby-asn1-1.0.1.jar:/home/user/.m2/repository/org/apache/kerby/kerby-util/1.0.1/kerby-util-1.0.1.jar:/home/user/.m2/repository/org/apache/kerby/kerb-common/1.0.1/kerb-common-1.0.1.jar:/home/user/.m2/repository/org/apache/kerby/kerb-crypto/1.0.1/kerb-crypto-1.0.1.jar:/home/user/.m2/repository/org/apache/kerby/kerb-util/1.0.1/kerb-util-1.0.1.jar:/home/user/.m2/repository/org/apache/kerby/token-provider/1.0.1/token-provider-1.0.1.jar:/home/user/.m2/repository/org/apache/kerby/kerb-admin/1.0.1/kerb-admin-1.0.1.jar:/home/user/.m2/repository/org/apache/kerby/kerb-server/1.0.1/kerb-server-1.0.1.jar:/home/user/.m2/repository/org/apache/kerby/kerb-identity/1.0.1/kerb-identity-1.0.1.jar:/home/user/.m2/repository/org/apache/kerby/kerby-xdr/1.0.1/kerby-xdr-1.0.1.jar:/home/user/.m2/repository/org/slf4j/slf4j-log4j12/1.7.25/slf4j-log4j12-1.7.25.jar:/home/user/.m2/repository/org/apache/hadoop/hadoop-ozone-objectstore-service/0.5.0-SNAPSHOT/hadoop-ozone-objectstore-service-0.5.0-SNAPSHOT.jar:/home/user/.m2/repository/org/apache/hadoop/hadoop-ozone-s3gateway/0.5.0-SNAPSHOT/hadoop-ozone-s3gateway-0.5.0-SNAPSHOT.jar:/home/user/.m2/repository/org/jboss/weld/servlet/weld-servlet/2.4.7.Final/weld-servlet-2.4.7.Final.jar:/home/user/.m2/repository/org/glassfish/jersey/containers/jersey-container-servlet-core/2.27/jersey-container-servlet-core-2.27.jar:/home/user/.m2/repository/org/glassfish/hk2/external/javax.inject/2.5.0-b42/javax.inject-2.5.0-b42.jar:/home/user/.m2/repository/org/glassfish/jersey/core/jersey-common/2.27/jersey-common-2.27.jar:/home/user/.m2/repository/org/glassfish/hk2/osgi-resource-locator/1.0.1/osgi-resource-locator-1.0.1.jar:/home/user/.m2/repository/javax/ws/rs/javax.ws.rs-api/2.1/javax.ws.rs-api-2.1.jar:/home/user/.m2/repository/org/glassfish/jersey/ext/cdi/jersey-cdi1x/2.27/jersey-cdi1x-2.27.jar:/home/user/.m2/repository/org/glassfish/jersey/inject/jersey-hk2/2.27/jersey-hk2-2.27.jar:/home/user/.m2/repository/org/glassfish/hk2/hk2-locator/2.5.0-b42/hk2-locator-2.5.0-b42.jar:/home/user/.m2/repository/org/javassist/javassist/3.22.0-CR2/javassist-3.22.0-CR2.jar:/home/user/.m2/repository/org/glassfish/hk2/hk2-api/2.5.0/hk2-api-2.5.0.jar:/home/user/.m2/repository/org/glassfish/hk2/external/jakarta.inject/2.5.0/jakarta.inject-2.5.0.jar:/home/user/.m2/repository/org/glassfish/hk2/hk2-utils/2.5.0/hk2-utils-2.5.0.jar:/home/user/.m2/repository/jakarta/annotation/jakarta.annotation-api/1.3.4/jakarta.annotation-api-1.3.4.jar:/home/user/.m2/repository/org/glassfish/hk2/external/aopalliance-repackaged/2.5.0/aopalliance-repackaged-2.5.0.jar:/home/user/.m2/repository/com/fasterxml/jackson/dataformat/jackson-dataformat-xml/2.9.0/jackson-dataformat-xml-2.9.0.jar:/home/user/.m2/repository/com/fasterxml/jackson/core/jackson-core/2.9.5/jackson-core-2.9.5.jar:/home/user/.m2/repository/com/fasterxml/jackson/module/jackson-module-jaxb-annotations/2.9.5/jackson-module-jaxb-annotations-2.9.5.jar:/home/user/.m2/repository/javax/enterprise/cdi-api/1.2/cdi-api-1.2.jar:/home/user/.m2/repository/javax/el/javax.el-api/3.0.0/javax.el-api-3.0.0.jar:/home/user/.m2/repository/javax/interceptor/javax.interceptor-api/1.2/javax.interceptor-api-1.2.jar:/home/user/.m2/repository/javax/inject/javax.inject/1/javax.inject-1.jar:/home/user/.m2/repository/com/sun/xml/bind/jaxb-impl/2.3.0.1/jaxb-impl-2.3.0.1.jar:/home/user/.m2/repository/com/sun/xml/bind/jaxb-core/2.3.0.1/jaxb-core-2.3.0.1.jar:/home/user/.m2/repository/javax/xml/bind/jaxb-api/2.3.0/jaxb-api-2.3.0.jar:/home/user/.m2/repository/javax/activation/activation/1.1.1/activation-1.1.1.jar:/home/user/.m2/repository/org/apache/hadoop/hadoop-ozone-csi/0.5.0-SNAPSHOT/hadoop-ozone-csi-0.5.0-SNAPSHOT.jar:/home/user/.m2/repository/com/google/protobuf/protobuf-java-util/3.5.1/protobuf-java-util-3.5.1.jar:/home/user/.m2/repository/org/apache/hadoop/hadoop-hdds-config/0.5.0-SNAPSHOT/hadoop-hdds-config-0.5.0-SNAPSHOT.jar:/home/user/.m2/repository/io/grpc/grpc-netty/1.17.1/grpc-netty-1.17.1.jar:/home/user/.m2/repository/io/grpc/grpc-core/1.17.1/grpc-core-1.17.1.jar:/home/user/.m2/repository/io/grpc/grpc-context/1.17.1/grpc-context-1.17.1.jar:/home/user/.m2/repository/com/google/errorprone/error_prone_annotations/2.2.0/error_prone_annotations-2.2.0.jar:/home/user/.m2/repository/org/codehaus/mojo/animal-sniffer-annotations/1.17/animal-sniffer-annotations-1.17.jar:/home/user/.m2/repository/io/opencensus/opencensus-api/0.17.0/opencensus-api-0.17.0.jar:/home/user/.m2/repository/io/opencensus/opencensus-contrib-grpc-metrics/0.17.0/opencensus-contrib-grpc-metrics-0.17.0.jar:/home/user/.m2/repository/io/netty/netty-codec-http2/4.1.30.Final/netty-codec-http2-4.1.30.Final.jar:/home/user/.m2/repository/io/netty/netty-codec-http/4.1.30.Final/netty-codec-http-4.1.30.Final.jar:/home/user/.m2/repository/io/netty/netty-codec/4.1.30.Final/netty-codec-4.1.30.Final.jar:/home/user/.m2/repository/io/netty/netty-handler/4.1.30.Final/netty-handler-4.1.30.Final.jar:/home/user/.m2/repository/io/netty/netty-handler-proxy/4.1.30.Final/netty-handler-proxy-4.1.30.Final.jar:/home/user/.m2/repository/io/netty/netty-codec-socks/4.1.30.Final/netty-codec-socks-4.1.30.Final.jar:/home/user/.m2/repository/io/netty/netty-transport-native-epoll/4.1.30.Final/netty-transport-native-epoll-4.1.30.Final.jar:/home/user/.m2/repository/io/netty/netty-common/4.1.30.Final/netty-common-4.1.30.Final.jar:/home/user/.m2/repository/io/netty/netty-buffer/4.1.30.Final/netty-buffer-4.1.30.Final.jar:/home/user/.m2/repository/io/netty/netty-transport/4.1.30.Final/netty-transport-4.1.30.Final.jar:/home/user/.m2/repository/io/netty/netty-resolver/4.1.30.Final/netty-resolver-4.1.30.Final.jar:/home/user/.m2/repository/io/netty/netty-transport-native-unix-common/4.1.30.Final/netty-transport-native-unix-common-4.1.30.Final.jar:/home/user/.m2/repository/io/grpc/grpc-protobuf/1.17.1/grpc-protobuf-1.17.1.jar:/home/user/.m2/repository/com/google/api/grpc/proto-google-common-protos/1.0.0/proto-google-common-protos-1.0.0.jar:/home/user/.m2/repository/io/grpc/grpc-protobuf-lite/1.17.1/grpc-protobuf-lite-1.17.1.jar:/home/user/.m2/repository/io/grpc/grpc-stub/1.17.1/grpc-stub-1.17.1.jar:/home/user/.m2/repository/org/apache/hadoop/hadoop-ozone-recon/0.5.0-SNAPSHOT/hadoop-ozone-recon-0.5.0-SNAPSHOT.jar:/home/user/.m2/repository/org/apache/hadoop/hadoop-ozone-reconcodegen/0.5.0-SNAPSHOT/hadoop-ozone-reconcodegen-0.5.0-SNAPSHOT.jar:/home/user/.m2/repository/com/google/inject/extensions/guice-multibindings/4.0/guice-multibindings-4.0.jar:/home/user/.m2/repository/com/google/inject/guice/4.0/guice-4.0.jar:/home/user/.m2/repository/aopalliance/aopalliance/1.0/aopalliance-1.0.jar:/home/user/.m2/repository/com/google/inject/extensions/guice-servlet/4.0/guice-servlet-4.0.jar:/home/user/.m2/repository/org/glassfish/jersey/containers/jersey-container-servlet/2.27/jersey-container-servlet-2.27.jar:/home/user/.m2/repository/org/glassfish/hk2/guice-bridge/2.5.0/guice-bridge-2.5.0.jar:/home/user/.m2/repository/org/glassfish/jersey/core/jersey-server/2.27/jersey-server-2.27.jar:/home/user/.m2/repository/org/glassfish/jersey/core/jersey-client/2.27/jersey-client-2.27.jar:/home/user/.m2/repository/org/glassfish/jersey/media/jersey-media-jaxb/2.27/jersey-media-jaxb-2.27.jar:/home/user/.m2/repository/javax/validation/validation-api/1.1.0.Final/validation-api-1.1.0.Final.jar:/home/user/.m2/repository/org/glassfish/jersey/media/jersey-media-json-jackson/2.27/jersey-media-json-jackson-2.27.jar:/home/user/.m2/repository/org/glassfish/jersey/ext/jersey-entity-filtering/2.27/jersey-entity-filtering-2.27.jar:/home/user/.m2/repository/com/google/inject/extensions/guice-assistedinject/4.0/guice-assistedinject-4.0.jar:/home/user/.m2/repository/org/jooq/jooq/3.11.10/jooq-3.11.10.jar:/home/user/.m2/repository/org/jooq/jooq-meta/3.11.10/jooq-meta-3.11.10.jar:/home/user/.m2/repository/org/jooq/jooq-codegen/3.11.10/jooq-codegen-3.11.10.jar:/home/user/.m2/repository/com/jolbox/bonecp/0.8.0.RELEASE/bonecp-0.8.0.RELEASE.jar:/home/user/.m2/repository/org/xerial/sqlite-jdbc/3.25.2/sqlite-jdbc-3.25.2.jar:/home/user/.m2/repository/org/springframework/spring-jdbc/5.1.3.RELEASE/spring-jdbc-5.1.3.RELEASE.jar:/home/user/.m2/repository/org/springframework/spring-beans/5.1.3.RELEASE/spring-beans-5.1.3.RELEASE.jar:/home/user/.m2/repository/org/springframework/spring-core/5.1.3.RELEASE/spring-core-5.1.3.RELEASE.jar:/home/user/.m2/repository/org/springframework/spring-jcl/5.1.3.RELEASE/spring-jcl-5.1.3.RELEASE.jar:/home/user/.m2/repository/org/springframework/spring-tx/5.1.3.RELEASE/spring-tx-5.1.3.RELEASE.jar:/home/user/.m2/repository/org/apache/hadoop/hadoop-ozone-client/0.5.0-SNAPSHOT/hadoop-ozone-client-0.5.0-SNAPSHOT.jar:/home/user/.m2/repository/commons-lang/commons-lang/2.6/commons-lang-2.6.jar:/home/user/.m2/repository/org/apache/hadoop/hadoop-ozone-ozone-manager/0.5.0-SNAPSHOT/hadoop-ozone-ozone-manager-0.5.0-SNAPSHOT-tests.jar:/home/user/.m2/repository/junit/junit/4.11/junit-4.11.jar:/home/user/.m2/repository/org/hamcrest/hamcrest-core/1.3/hamcrest-core-1.3.jar:/home/user/.m2/repository/org/openjdk/jmh/jmh-core/1.19/jmh-core-1.19.jar:/home/user/.m2/repository/net/sf/jopt-simple/jopt-simple/4.6/jopt-simple-4.6.jar:/home/user/.m2/repository/org/apache/commons/commons-math3/3.1.1/commons-math3-3.1.1.jar:/home/user/.m2/repository/org/openjdk/jmh/jmh-generator-annprocess/1.19/jmh-generator-annprocess-1.19.jar:/home/user/.m2/repository/org/mockito/mockito-all/1.8.5/mockito-all-1.8.5.jar:/home/user/.m2/repository/org/apache/hadoop/hadoop-kms/3.2.0/hadoop-kms-3.2.0.jar:/home/user/.m2/repository/org/apache/hadoop/hadoop-auth/3.2.0/hadoop-auth-3.2.0.jar:/home/user/.m2/repository/com/nimbusds/nimbus-jose-jwt/4.41.1/nimbus-jose-jwt-4.41.1.jar:/home/user/.m2/repository/com/github/stephenc/jcip/jcip-annotations/1.0-1/jcip-annotations-1.0-1.jar:/home/user/.m2/repository/net/minidev/json-smart/2.3/json-smart-2.3.jar:/home/user/.m2/repository/net/minidev/accessors-smart/1.2/accessors-smart-1.2.jar:/home/user/.m2/repository/org/ow2/asm/asm/5.0.4/asm-5.0.4.jar:/home/user/.m2/repository/org/apache/curator/curator-framework/2.12.0/curator-framework-2.12.0.jar:/home/user/.m2/repository/com/sun/jersey/jersey-core/1.19/jersey-core-1.19.jar:/home/user/.m2/repository/javax/ws/rs/jsr311-api/1.1.1/jsr311-api-1.1.1.jar:/home/user/.m2/repository/com/sun/jersey/jersey-server/1.19/jersey-server-1.19.jar:/home/user/.m2/repository/javax/servlet/javax.servlet-api/3.1.0/javax.servlet-api-3.1.0.jar:/home/user/.m2/repository/org/eclipse/jetty/jetty-server/9.3.24.v20180605/jetty-server-9.3.24.v20180605.jar:/home/user/.m2/repository/org/eclipse/jetty/jetty-http/9.3.24.v20180605/jetty-http-9.3.24.v20180605.jar:/home/user/.m2/repository/org/eclipse/jetty/jetty-io/9.3.24.v20180605/jetty-io-9.3.24.v20180605.jar:/home/user/.m2/repository/org/eclipse/jetty/jetty-webapp/9.3.24.v20180605/jetty-webapp-9.3.24.v20180605.jar:/home/user/.m2/repository/org/eclipse/jetty/jetty-xml/9.3.24.v20180605/jetty-xml-9.3.24.v20180605.jar:/home/user/.m2/repository/log4j/log4j/1.2.17/log4j-1.2.17.jar:/home/user/.m2/repository/org/slf4j/slf4j-api/1.7.25/slf4j-api-1.7.25.jar:/home/user/.m2/repository/org/slf4j/jul-to-slf4j/1.7.25/jul-to-slf4j-1.7.25.jar:/home/user/.m2/repository/org/eclipse/jetty/jetty-util/9.3.24.v20180605/jetty-util-9.3.24.v20180605.jar:/home/user/.m2/repository/com/fasterxml/jackson/core/jackson-databind/2.9.5/jackson-databind-2.9.5.jar:/home/user/.m2/repository/org/apache/hadoop/hadoop-kms/3.2.0/hadoop-kms-3.2.0-tests.jar:/home/user/.m2/repository/org/apache/hadoop/hadoop-hdds-server-scm/0.5.0-SNAPSHOT/hadoop-hdds-server-scm-0.5.0-SNAPSHOT-tests.jar:/home/user/.m2/repository/org/apache/hadoop/hadoop-hdds-container-service/0.5.0-SNAPSHOT/hadoop-hdds-container-service-0.5.0-SNAPSHOT-tests.jar:/home/user/.m2/repository/org/yaml/snakeyaml/1.16/snakeyaml-1.16.jar:/home/user/.m2/repository/org/apache/hadoop/hadoop-common/3.2.0/hadoop-common-3.2.0-tests.jar:/home/user/.m2/repository/org/apache/hadoop/hadoop-annotations/3.2.0/hadoop-annotations-3.2.0.jar:/usr/lib/jvm/java-1.8-openjdk/jre/../lib/tools.jar:/home/user/.m2/repository/commons-cli/commons-cli/1.2/commons-cli-1.2.jar:/home/user/.m2/repository/org/apache/httpcomponents/httpclient/4.5.2/httpclient-4.5.2.jar:/home/user/.m2/repository/org/apache/httpcomponents/httpcore/4.4.4/httpcore-4.4.4.jar:/home/user/.m2/repository/commons-codec/commons-codec/1.11/commons-codec-1.11.jar:/home/user/.m2/repository/commons-net/commons-net/3.6/commons-net-3.6.jar:/home/user/.m2/repository/commons-collections/commons-collections/3.2.2/commons-collections-3.2.2.jar:/home/user/.m2/repository/org/eclipse/jetty/jetty-servlet/9.3.24.v20180605/jetty-servlet-9.3.24.v20180605.jar:/home/user/.m2/repository/org/eclipse/jetty/jetty-security/9.3.24.v20180605/jetty-security-9.3.24.v20180605.jar:/home/user/.m2/repository/javax/servlet/jsp/jsp-api/2.1/jsp-api-2.1.jar:/home/user/.m2/repository/com/sun/jersey/jersey-servlet/1.19/jersey-servlet-1.19.jar:/home/user/.m2/repository/com/sun/jersey/jersey-json/1.19/jersey-json-1.19.jar:/home/user/.m2/repository/org/codehaus/jettison/jettison/1.1/jettison-1.1.jar:/home/user/.m2/repository/org/codehaus/jackson/jackson-core-asl/1.9.13/jackson-core-asl-1.9.13.jar:/home/user/.m2/repository/org/codehaus/jackson/jackson-mapper-asl/1.9.13/jackson-mapper-asl-1.9.13.jar:/home/user/.m2/repository/org/codehaus/jackson/jackson-jaxrs/1.9.13/jackson-jaxrs-1.9.13.jar:/home/user/.m2/repository/org/codehaus/jackson/jackson-xc/1.9.13/jackson-xc-1.9.13.jar:/home/user/.m2/repository/commons-logging/commons-logging/1.1.3/commons-logging-1.1.3.jar:/home/user/.m2/repository/commons-beanutils/commons-beanutils/1.9.3/commons-beanutils-1.9.3.jar:/home/user/.m2/repository/org/apache/commons/commons-configuration2/2.1.1/commons-configuration2-2.1.1.jar:/home/user/.m2/repository/org/apache/commons/commons-lang3/3.7/commons-lang3-3.7.jar:/home/user/.m2/repository/org/apache/commons/commons-text/1.4/commons-text-1.4.jar:/home/user/.m2/repository/org/apache/avro/avro/1.7.7/avro-1.7.7.jar:/home/user/.m2/repository/com/thoughtworks/paranamer/paranamer/2.3/paranamer-2.3.jar:/home/user/.m2/repository/org/xerial/snappy/snappy-java/1.0.5/snappy-java-1.0.5.jar:/home/user/.m2/repository/com/google/re2j/re2j/1.1/re2j-1.1.jar:/home/user/.m2/repository/com/google/code/gson/gson/2.2.4/gson-2.2.4.jar:/home/user/.m2/repository/com/jcraft/jsch/0.1.54/jsch-0.1.54.jar:/home/user/.m2/repository/org/apache/curator/curator-client/2.12.0/curator-client-2.12.0.jar:/home/user/.m2/repository/org/apache/curator/curator-recipes/2.12.0/curator-recipes-2.12.0.jar:/home/user/.m2/repository/com/google/code/findbugs/jsr305/3.0.0/jsr305-3.0.0.jar:/home/user/.m2/repository/org/apache/htrace/htrace-core4/4.1.0-incubating/htrace-core4-4.1.0-incubating.jar:/home/user/.m2/repository/org/apache/zookeeper/zookeeper/3.4.13/zookeeper-3.4.13.jar:/home/user/.m2/repository/org/apache/yetus/audience-annotations/0.5.0/audience-annotations-0.5.0.jar:/home/user/.m2/repository/org/codehaus/woodstox/stax2-api/3.1.4/stax2-api-3.1.4.jar:/home/user/.m2/repository/com/fasterxml/woodstox/woodstox-core/5.0.3/woodstox-core-5.0.3.jar:/home/user/.m2/repository/dnsjava/dnsjava/2.1.7/dnsjava-2.1.7.jar:/home/user/.m2/repository/org/apache/hadoop/hadoop-hdfs/3.2.0/hadoop-hdfs-3.2.0-tests.jar:/home/user/.m2/repository/org/eclipse/jetty/jetty-util-ajax/9.3.24.v20180605/jetty-util-ajax-9.3.24.v20180605.jar:/home/user/.m2/repository/commons-daemon/commons-daemon/1.0.13/commons-daemon-1.0.13.jar:/home/user/.m2/repository/io/netty/netty/3.10.5.Final/netty-3.10.5.Final.jar:/home/user/.m2/repository/io/netty/netty-all/4.0.52.Final/netty-all-4.0.52.Final.jar:/home/user/.m2/repository/org/fusesource/leveldbjni/leveldbjni-all/1.8/leveldbjni-all-1.8.jar:"/>
    <property name="java.vm.vendor" value="IcedTea"/>
    <property name="sun.arch.data.model" value="64"/>
    <property name="test.build.dir" value="/workdir/hadoop-ozone/integration-test/target/test-dir"/>
    <property name="test.cache.data" value=""/>
    <property name="java.vendor.url" value="https://icedtea.classpath.org"/>
    <property name="user.timezone" value=""/>
    <property name="java.vm.specification.version" value="1.8"/>
    <property name="os.name" value="Linux"/>
    <property name="test.build.data" value="/workdir/hadoop-ozone/integration-test/target/test-dir"/>
    <property name="user.country" value="US"/>
    <property name="sun.java.launcher" value="SUN_STANDARD"/>
    <property name="sun.boot.library.path" value="/usr/lib/jvm/java-1.8-openjdk/jre/lib/amd64"/>
    <property name="sun.java.command" value="/workdir/hadoop-ozone/integration-test/target/surefire/surefirebooter2667541299858003154.jar /workdir/hadoop-ozone/integration-test/target/surefire 2019-09-10T12-22-23_668-jvmRun1 surefire6546221145709277616tmp surefire_234400184371180388174tmp"/>
    <property name="test" value="!TestMiniChaosOzoneCluster"/>
    <property name="surefire.test.class.path" value="/workdir/hadoop-ozone/integration-test/target/test-classes:/workdir/hadoop-ozone/integration-test/target/classes:/home/user/.m2/repository/org/apache/hadoop/hadoop-ozone-common/0.5.0-SNAPSHOT/hadoop-ozone-common-0.5.0-SNAPSHOT.jar:/home/user/.m2/repository/org/apache/commons/commons-compress/1.4.1/commons-compress-1.4.1.jar:/home/user/.m2/repository/org/tukaani/xz/1.0/xz-1.0.jar:/home/user/.m2/repository/org/apache/hadoop/hadoop-common/3.2.0/hadoop-common-3.2.0.jar:/home/user/.m2/repository/org/apache/hadoop/hadoop-hdfs/3.2.0/hadoop-hdfs-3.2.0.jar:/home/user/.m2/repository/org/apache/hadoop/hadoop-hdfs-client/3.2.0/hadoop-hdfs-client-3.2.0.jar:/home/user/.m2/repository/com/fasterxml/jackson/core/jackson-annotations/2.9.5/jackson-annotations-2.9.5.jar:/home/user/.m2/repository/org/apache/hadoop/hadoop-hdds-common/0.5.0-SNAPSHOT/hadoop-hdds-common-0.5.0-SNAPSHOT.jar:/home/user/.m2/repository/javax/annotation/javax.annotation-api/1.2/javax.annotation-api-1.2.jar:/home/user/.m2/repository/org/apache/ratis/ratis-server/0.4.0-2337318-SNAPSHOT/ratis-server-0.4.0-2337318-SNAPSHOT.jar:/home/user/.m2/repository/org/apache/ratis/ratis-thirdparty-misc/0.2.0/ratis-thirdparty-misc-0.2.0.jar:/home/user/.m2/repository/org/apache/ratis/ratis-proto/0.4.0-2337318-SNAPSHOT/ratis-proto-0.4.0-2337318-SNAPSHOT.jar:/home/user/.m2/repository/org/apache/ratis/ratis-common/0.4.0-2337318-SNAPSHOT/ratis-common-0.4.0-2337318-SNAPSHOT.jar:/home/user/.m2/repository/org/apache/ratis/ratis-client/0.4.0-2337318-SNAPSHOT/ratis-client-0.4.0-2337318-SNAPSHOT.jar:/home/user/.m2/repository/org/apache/ratis/ratis-metrics/0.4.0-2337318-SNAPSHOT/ratis-metrics-0.4.0-2337318-SNAPSHOT.jar:/home/user/.m2/repository/org/apache/ratis/ratis-netty/0.4.0-2337318-SNAPSHOT/ratis-netty-0.4.0-2337318-SNAPSHOT.jar:/home/user/.m2/repository/org/apache/ratis/ratis-grpc/0.4.0-2337318-SNAPSHOT/ratis-grpc-0.4.0-2337318-SNAPSHOT.jar:/home/user/.m2/repository/org/rocksdb/rocksdbjni/6.0.1/rocksdbjni-6.0.1.jar:/home/user/.m2/repository/org/apache/logging/log4j/log4j-api/2.11.0/log4j-api-2.11.0.jar:/home/user/.m2/repository/org/apache/logging/log4j/log4j-core/2.11.0/log4j-core-2.11.0.jar:/home/user/.m2/repository/com/lmax/disruptor/3.4.2/disruptor-3.4.2.jar:/home/user/.m2/repository/org/apache/commons/commons-pool2/2.6.0/commons-pool2-2.6.0.jar:/home/user/.m2/repository/org/bouncycastle/bcpkix-jdk15on/1.60/bcpkix-jdk15on-1.60.jar:/home/user/.m2/repository/commons-validator/commons-validator/1.6/commons-validator-1.6.jar:/home/user/.m2/repository/commons-digester/commons-digester/1.8.1/commons-digester-1.8.1.jar:/home/user/.m2/repository/io/jaegertracing/jaeger-client/0.33.1/jaeger-client-0.33.1.jar:/home/user/.m2/repository/io/jaegertracing/jaeger-thrift/0.33.1/jaeger-thrift-0.33.1.jar:/home/user/.m2/repository/org/apache/thrift/libthrift/0.11.0/libthrift-0.11.0.jar:/home/user/.m2/repository/com/squareup/okhttp3/okhttp/3.9.0/okhttp-3.9.0.jar:/home/user/.m2/repository/com/squareup/okio/okio/1.13.0/okio-1.13.0.jar:/home/user/.m2/repository/io/jaegertracing/jaeger-core/0.33.1/jaeger-core-0.33.1.jar:/home/user/.m2/repository/io/jaegertracing/jaeger-tracerresolver/0.33.1/jaeger-tracerresolver-0.33.1.jar:/home/user/.m2/repository/io/opentracing/contrib/opentracing-tracerresolver/0.1.5/opentracing-tracerresolver-0.1.5.jar:/home/user/.m2/repository/io/opentracing/opentracing-util/0.31.0/opentracing-util-0.31.0.jar:/home/user/.m2/repository/io/opentracing/opentracing-api/0.31.0/opentracing-api-0.31.0.jar:/home/user/.m2/repository/io/opentracing/opentracing-noop/0.31.0/opentracing-noop-0.31.0.jar:/home/user/.m2/repository/org/apache/hadoop/hadoop-hdds-server-framework/0.5.0-SNAPSHOT/hadoop-hdds-server-framework-0.5.0-SNAPSHOT.jar:/home/user/.m2/repository/org/apache/hadoop/hadoop-hdds-container-service/0.5.0-SNAPSHOT/hadoop-hdds-container-service-0.5.0-SNAPSHOT.jar:/home/user/.m2/repository/org/apache/hadoop/hadoop-hdds-client/0.5.0-SNAPSHOT/hadoop-hdds-client-0.5.0-SNAPSHOT.jar:/home/user/.m2/repository/org/apache/hadoop/hadoop-hdds-tools/0.5.0-SNAPSHOT/hadoop-hdds-tools-0.5.0-SNAPSHOT.jar:/home/user/.m2/repository/org/apache/hadoop/hadoop-hdds-server-scm/0.5.0-SNAPSHOT/hadoop-hdds-server-scm-0.5.0-SNAPSHOT.jar:/home/user/.m2/repository/org/apache/hadoop/hadoop-hdds-docs/0.5.0-SNAPSHOT/hadoop-hdds-docs-0.5.0-SNAPSHOT.jar:/home/user/.m2/repository/io/dropwizard/metrics/metrics-core/3.2.4/metrics-core-3.2.4.jar:/home/user/.m2/repository/org/hamcrest/hamcrest-all/1.3/hamcrest-all-1.3.jar:/home/user/.m2/repository/org/bouncycastle/bcprov-jdk15on/1.60/bcprov-jdk15on-1.60.jar:/home/user/.m2/repository/info/picocli/picocli/3.9.6/picocli-3.9.6.jar:/home/user/.m2/repository/com/google/protobuf/protobuf-java/2.5.0/protobuf-java-2.5.0.jar:/home/user/.m2/repository/com/google/guava/guava/11.0.2/guava-11.0.2.jar:/home/user/.m2/repository/org/apache/hadoop/hadoop-ozone-ozone-manager/0.5.0-SNAPSHOT/hadoop-ozone-ozone-manager-0.5.0-SNAPSHOT.jar:/home/user/.m2/repository/org/apache/hadoop/hadoop-minikdc/3.2.0/hadoop-minikdc-3.2.0.jar:/home/user/.m2/repository/commons-io/commons-io/2.5/commons-io-2.5.jar:/home/user/.m2/repository/org/apache/kerby/kerb-simplekdc/1.0.1/kerb-simplekdc-1.0.1.jar:/home/user/.m2/repository/org/apache/kerby/kerb-client/1.0.1/kerb-client-1.0.1.jar:/home/user/.m2/repository/org/apache/kerby/kerby-config/1.0.1/kerby-config-1.0.1.jar:/home/user/.m2/repository/org/apache/kerby/kerb-core/1.0.1/kerb-core-1.0.1.jar:/home/user/.m2/repository/org/apache/kerby/kerby-pkix/1.0.1/kerby-pkix-1.0.1.jar:/home/user/.m2/repository/org/apache/kerby/kerby-asn1/1.0.1/kerby-asn1-1.0.1.jar:/home/user/.m2/repository/org/apache/kerby/kerby-util/1.0.1/kerby-util-1.0.1.jar:/home/user/.m2/repository/org/apache/kerby/kerb-common/1.0.1/kerb-common-1.0.1.jar:/home/user/.m2/repository/org/apache/kerby/kerb-crypto/1.0.1/kerb-crypto-1.0.1.jar:/home/user/.m2/repository/org/apache/kerby/kerb-util/1.0.1/kerb-util-1.0.1.jar:/home/user/.m2/repository/org/apache/kerby/token-provider/1.0.1/token-provider-1.0.1.jar:/home/user/.m2/repository/org/apache/kerby/kerb-admin/1.0.1/kerb-admin-1.0.1.jar:/home/user/.m2/repository/org/apache/kerby/kerb-server/1.0.1/kerb-server-1.0.1.jar:/home/user/.m2/repository/org/apache/kerby/kerb-identity/1.0.1/kerb-identity-1.0.1.jar:/home/user/.m2/repository/org/apache/kerby/kerby-xdr/1.0.1/kerby-xdr-1.0.1.jar:/home/user/.m2/repository/org/slf4j/slf4j-log4j12/1.7.25/slf4j-log4j12-1.7.25.jar:/home/user/.m2/repository/org/apache/hadoop/hadoop-ozone-objectstore-service/0.5.0-SNAPSHOT/hadoop-ozone-objectstore-service-0.5.0-SNAPSHOT.jar:/home/user/.m2/repository/org/apache/hadoop/hadoop-ozone-s3gateway/0.5.0-SNAPSHOT/hadoop-ozone-s3gateway-0.5.0-SNAPSHOT.jar:/home/user/.m2/repository/org/jboss/weld/servlet/weld-servlet/2.4.7.Final/weld-servlet-2.4.7.Final.jar:/home/user/.m2/repository/org/glassfish/jersey/containers/jersey-container-servlet-core/2.27/jersey-container-servlet-core-2.27.jar:/home/user/.m2/repository/org/glassfish/hk2/external/javax.inject/2.5.0-b42/javax.inject-2.5.0-b42.jar:/home/user/.m2/repository/org/glassfish/jersey/core/jersey-common/2.27/jersey-common-2.27.jar:/home/user/.m2/repository/org/glassfish/hk2/osgi-resource-locator/1.0.1/osgi-resource-locator-1.0.1.jar:/home/user/.m2/repository/javax/ws/rs/javax.ws.rs-api/2.1/javax.ws.rs-api-2.1.jar:/home/user/.m2/repository/org/glassfish/jersey/ext/cdi/jersey-cdi1x/2.27/jersey-cdi1x-2.27.jar:/home/user/.m2/repository/org/glassfish/jersey/inject/jersey-hk2/2.27/jersey-hk2-2.27.jar:/home/user/.m2/repository/org/glassfish/hk2/hk2-locator/2.5.0-b42/hk2-locator-2.5.0-b42.jar:/home/user/.m2/repository/org/javassist/javassist/3.22.0-CR2/javassist-3.22.0-CR2.jar:/home/user/.m2/repository/org/glassfish/hk2/hk2-api/2.5.0/hk2-api-2.5.0.jar:/home/user/.m2/repository/org/glassfish/hk2/external/jakarta.inject/2.5.0/jakarta.inject-2.5.0.jar:/home/user/.m2/repository/org/glassfish/hk2/hk2-utils/2.5.0/hk2-utils-2.5.0.jar:/home/user/.m2/repository/jakarta/annotation/jakarta.annotation-api/1.3.4/jakarta.annotation-api-1.3.4.jar:/home/user/.m2/repository/org/glassfish/hk2/external/aopalliance-repackaged/2.5.0/aopalliance-repackaged-2.5.0.jar:/home/user/.m2/repository/com/fasterxml/jackson/dataformat/jackson-dataformat-xml/2.9.0/jackson-dataformat-xml-2.9.0.jar:/home/user/.m2/repository/com/fasterxml/jackson/core/jackson-core/2.9.5/jackson-core-2.9.5.jar:/home/user/.m2/repository/com/fasterxml/jackson/module/jackson-module-jaxb-annotations/2.9.5/jackson-module-jaxb-annotations-2.9.5.jar:/home/user/.m2/repository/javax/enterprise/cdi-api/1.2/cdi-api-1.2.jar:/home/user/.m2/repository/javax/el/javax.el-api/3.0.0/javax.el-api-3.0.0.jar:/home/user/.m2/repository/javax/interceptor/javax.interceptor-api/1.2/javax.interceptor-api-1.2.jar:/home/user/.m2/repository/javax/inject/javax.inject/1/javax.inject-1.jar:/home/user/.m2/repository/com/sun/xml/bind/jaxb-impl/2.3.0.1/jaxb-impl-2.3.0.1.jar:/home/user/.m2/repository/com/sun/xml/bind/jaxb-core/2.3.0.1/jaxb-core-2.3.0.1.jar:/home/user/.m2/repository/javax/xml/bind/jaxb-api/2.3.0/jaxb-api-2.3.0.jar:/home/user/.m2/repository/javax/activation/activation/1.1.1/activation-1.1.1.jar:/home/user/.m2/repository/org/apache/hadoop/hadoop-ozone-csi/0.5.0-SNAPSHOT/hadoop-ozone-csi-0.5.0-SNAPSHOT.jar:/home/user/.m2/repository/com/google/protobuf/protobuf-java-util/3.5.1/protobuf-java-util-3.5.1.jar:/home/user/.m2/repository/org/apache/hadoop/hadoop-hdds-config/0.5.0-SNAPSHOT/hadoop-hdds-config-0.5.0-SNAPSHOT.jar:/home/user/.m2/repository/io/grpc/grpc-netty/1.17.1/grpc-netty-1.17.1.jar:/home/user/.m2/repository/io/grpc/grpc-core/1.17.1/grpc-core-1.17.1.jar:/home/user/.m2/repository/io/grpc/grpc-context/1.17.1/grpc-context-1.17.1.jar:/home/user/.m2/repository/com/google/errorprone/error_prone_annotations/2.2.0/error_prone_annotations-2.2.0.jar:/home/user/.m2/repository/org/codehaus/mojo/animal-sniffer-annotations/1.17/animal-sniffer-annotations-1.17.jar:/home/user/.m2/repository/io/opencensus/opencensus-api/0.17.0/opencensus-api-0.17.0.jar:/home/user/.m2/repository/io/opencensus/opencensus-contrib-grpc-metrics/0.17.0/opencensus-contrib-grpc-metrics-0.17.0.jar:/home/user/.m2/repository/io/netty/netty-codec-http2/4.1.30.Final/netty-codec-http2-4.1.30.Final.jar:/home/user/.m2/repository/io/netty/netty-codec-http/4.1.30.Final/netty-codec-http-4.1.30.Final.jar:/home/user/.m2/repository/io/netty/netty-codec/4.1.30.Final/netty-codec-4.1.30.Final.jar:/home/user/.m2/repository/io/netty/netty-handler/4.1.30.Final/netty-handler-4.1.30.Final.jar:/home/user/.m2/repository/io/netty/netty-handler-proxy/4.1.30.Final/netty-handler-proxy-4.1.30.Final.jar:/home/user/.m2/repository/io/netty/netty-codec-socks/4.1.30.Final/netty-codec-socks-4.1.30.Final.jar:/home/user/.m2/repository/io/netty/netty-transport-native-epoll/4.1.30.Final/netty-transport-native-epoll-4.1.30.Final.jar:/home/user/.m2/repository/io/netty/netty-common/4.1.30.Final/netty-common-4.1.30.Final.jar:/home/user/.m2/repository/io/netty/netty-buffer/4.1.30.Final/netty-buffer-4.1.30.Final.jar:/home/user/.m2/repository/io/netty/netty-transport/4.1.30.Final/netty-transport-4.1.30.Final.jar:/home/user/.m2/repository/io/netty/netty-resolver/4.1.30.Final/netty-resolver-4.1.30.Final.jar:/home/user/.m2/repository/io/netty/netty-transport-native-unix-common/4.1.30.Final/netty-transport-native-unix-common-4.1.30.Final.jar:/home/user/.m2/repository/io/grpc/grpc-protobuf/1.17.1/grpc-protobuf-1.17.1.jar:/home/user/.m2/repository/com/google/api/grpc/proto-google-common-protos/1.0.0/proto-google-common-protos-1.0.0.jar:/home/user/.m2/repository/io/grpc/grpc-protobuf-lite/1.17.1/grpc-protobuf-lite-1.17.1.jar:/home/user/.m2/repository/io/grpc/grpc-stub/1.17.1/grpc-stub-1.17.1.jar:/home/user/.m2/repository/org/apache/hadoop/hadoop-ozone-recon/0.5.0-SNAPSHOT/hadoop-ozone-recon-0.5.0-SNAPSHOT.jar:/home/user/.m2/repository/org/apache/hadoop/hadoop-ozone-reconcodegen/0.5.0-SNAPSHOT/hadoop-ozone-reconcodegen-0.5.0-SNAPSHOT.jar:/home/user/.m2/repository/com/google/inject/extensions/guice-multibindings/4.0/guice-multibindings-4.0.jar:/home/user/.m2/repository/com/google/inject/guice/4.0/guice-4.0.jar:/home/user/.m2/repository/aopalliance/aopalliance/1.0/aopalliance-1.0.jar:/home/user/.m2/repository/com/google/inject/extensions/guice-servlet/4.0/guice-servlet-4.0.jar:/home/user/.m2/repository/org/glassfish/jersey/containers/jersey-container-servlet/2.27/jersey-container-servlet-2.27.jar:/home/user/.m2/repository/org/glassfish/hk2/guice-bridge/2.5.0/guice-bridge-2.5.0.jar:/home/user/.m2/repository/org/glassfish/jersey/core/jersey-server/2.27/jersey-server-2.27.jar:/home/user/.m2/repository/org/glassfish/jersey/core/jersey-client/2.27/jersey-client-2.27.jar:/home/user/.m2/repository/org/glassfish/jersey/media/jersey-media-jaxb/2.27/jersey-media-jaxb-2.27.jar:/home/user/.m2/repository/javax/validation/validation-api/1.1.0.Final/validation-api-1.1.0.Final.jar:/home/user/.m2/repository/org/glassfish/jersey/media/jersey-media-json-jackson/2.27/jersey-media-json-jackson-2.27.jar:/home/user/.m2/repository/org/glassfish/jersey/ext/jersey-entity-filtering/2.27/jersey-entity-filtering-2.27.jar:/home/user/.m2/repository/com/google/inject/extensions/guice-assistedinject/4.0/guice-assistedinject-4.0.jar:/home/user/.m2/repository/org/jooq/jooq/3.11.10/jooq-3.11.10.jar:/home/user/.m2/repository/org/jooq/jooq-meta/3.11.10/jooq-meta-3.11.10.jar:/home/user/.m2/repository/org/jooq/jooq-codegen/3.11.10/jooq-codegen-3.11.10.jar:/home/user/.m2/repository/com/jolbox/bonecp/0.8.0.RELEASE/bonecp-0.8.0.RELEASE.jar:/home/user/.m2/repository/org/xerial/sqlite-jdbc/3.25.2/sqlite-jdbc-3.25.2.jar:/home/user/.m2/repository/org/springframework/spring-jdbc/5.1.3.RELEASE/spring-jdbc-5.1.3.RELEASE.jar:/home/user/.m2/repository/org/springframework/spring-beans/5.1.3.RELEASE/spring-beans-5.1.3.RELEASE.jar:/home/user/.m2/repository/org/springframework/spring-core/5.1.3.RELEASE/spring-core-5.1.3.RELEASE.jar:/home/user/.m2/repository/org/springframework/spring-jcl/5.1.3.RELEASE/spring-jcl-5.1.3.RELEASE.jar:/home/user/.m2/repository/org/springframework/spring-tx/5.1.3.RELEASE/spring-tx-5.1.3.RELEASE.jar:/home/user/.m2/repository/org/apache/hadoop/hadoop-ozone-client/0.5.0-SNAPSHOT/hadoop-ozone-client-0.5.0-SNAPSHOT.jar:/home/user/.m2/repository/commons-lang/commons-lang/2.6/commons-lang-2.6.jar:/home/user/.m2/repository/org/apache/hadoop/hadoop-ozone-ozone-manager/0.5.0-SNAPSHOT/hadoop-ozone-ozone-manager-0.5.0-SNAPSHOT-tests.jar:/home/user/.m2/repository/junit/junit/4.11/junit-4.11.jar:/home/user/.m2/repository/org/hamcrest/hamcrest-core/1.3/hamcrest-core-1.3.jar:/home/user/.m2/repository/org/openjdk/jmh/jmh-core/1.19/jmh-core-1.19.jar:/home/user/.m2/repository/net/sf/jopt-simple/jopt-simple/4.6/jopt-simple-4.6.jar:/home/user/.m2/repository/org/apache/commons/commons-math3/3.1.1/commons-math3-3.1.1.jar:/home/user/.m2/repository/org/openjdk/jmh/jmh-generator-annprocess/1.19/jmh-generator-annprocess-1.19.jar:/home/user/.m2/repository/org/mockito/mockito-all/1.8.5/mockito-all-1.8.5.jar:/home/user/.m2/repository/org/apache/hadoop/hadoop-kms/3.2.0/hadoop-kms-3.2.0.jar:/home/user/.m2/repository/org/apache/hadoop/hadoop-auth/3.2.0/hadoop-auth-3.2.0.jar:/home/user/.m2/repository/com/nimbusds/nimbus-jose-jwt/4.41.1/nimbus-jose-jwt-4.41.1.jar:/home/user/.m2/repository/com/github/stephenc/jcip/jcip-annotations/1.0-1/jcip-annotations-1.0-1.jar:/home/user/.m2/repository/net/minidev/json-smart/2.3/json-smart-2.3.jar:/home/user/.m2/repository/net/minidev/accessors-smart/1.2/accessors-smart-1.2.jar:/home/user/.m2/repository/org/ow2/asm/asm/5.0.4/asm-5.0.4.jar:/home/user/.m2/repository/org/apache/curator/curator-framework/2.12.0/curator-framework-2.12.0.jar:/home/user/.m2/repository/com/sun/jersey/jersey-core/1.19/jersey-core-1.19.jar:/home/user/.m2/repository/javax/ws/rs/jsr311-api/1.1.1/jsr311-api-1.1.1.jar:/home/user/.m2/repository/com/sun/jersey/jersey-server/1.19/jersey-server-1.19.jar:/home/user/.m2/repository/javax/servlet/javax.servlet-api/3.1.0/javax.servlet-api-3.1.0.jar:/home/user/.m2/repository/org/eclipse/jetty/jetty-server/9.3.24.v20180605/jetty-server-9.3.24.v20180605.jar:/home/user/.m2/repository/org/eclipse/jetty/jetty-http/9.3.24.v20180605/jetty-http-9.3.24.v20180605.jar:/home/user/.m2/repository/org/eclipse/jetty/jetty-io/9.3.24.v20180605/jetty-io-9.3.24.v20180605.jar:/home/user/.m2/repository/org/eclipse/jetty/jetty-webapp/9.3.24.v20180605/jetty-webapp-9.3.24.v20180605.jar:/home/user/.m2/repository/org/eclipse/jetty/jetty-xml/9.3.24.v20180605/jetty-xml-9.3.24.v20180605.jar:/home/user/.m2/repository/log4j/log4j/1.2.17/log4j-1.2.17.jar:/home/user/.m2/repository/org/slf4j/slf4j-api/1.7.25/slf4j-api-1.7.25.jar:/home/user/.m2/repository/org/slf4j/jul-to-slf4j/1.7.25/jul-to-slf4j-1.7.25.jar:/home/user/.m2/repository/org/eclipse/jetty/jetty-util/9.3.24.v20180605/jetty-util-9.3.24.v20180605.jar:/home/user/.m2/repository/com/fasterxml/jackson/core/jackson-databind/2.9.5/jackson-databind-2.9.5.jar:/home/user/.m2/repository/org/apache/hadoop/hadoop-kms/3.2.0/hadoop-kms-3.2.0-tests.jar:/home/user/.m2/repository/org/apache/hadoop/hadoop-hdds-server-scm/0.5.0-SNAPSHOT/hadoop-hdds-server-scm-0.5.0-SNAPSHOT-tests.jar:/home/user/.m2/repository/org/apache/hadoop/hadoop-hdds-container-service/0.5.0-SNAPSHOT/hadoop-hdds-container-service-0.5.0-SNAPSHOT-tests.jar:/home/user/.m2/repository/org/yaml/snakeyaml/1.16/snakeyaml-1.16.jar:/home/user/.m2/repository/org/apache/hadoop/hadoop-common/3.2.0/hadoop-common-3.2.0-tests.jar:/home/user/.m2/repository/org/apache/hadoop/hadoop-annotations/3.2.0/hadoop-annotations-3.2.0.jar:/usr/lib/jvm/java-1.8-openjdk/jre/../lib/tools.jar:/home/user/.m2/repository/commons-cli/commons-cli/1.2/commons-cli-1.2.jar:/home/user/.m2/repository/org/apache/httpcomponents/httpclient/4.5.2/httpclient-4.5.2.jar:/home/user/.m2/repository/org/apache/httpcomponents/httpcore/4.4.4/httpcore-4.4.4.jar:/home/user/.m2/repository/commons-codec/commons-codec/1.11/commons-codec-1.11.jar:/home/user/.m2/repository/commons-net/commons-net/3.6/commons-net-3.6.jar:/home/user/.m2/repository/commons-collections/commons-collections/3.2.2/commons-collections-3.2.2.jar:/home/user/.m2/repository/org/eclipse/jetty/jetty-servlet/9.3.24.v20180605/jetty-servlet-9.3.24.v20180605.jar:/home/user/.m2/repository/org/eclipse/jetty/jetty-security/9.3.24.v20180605/jetty-security-9.3.24.v20180605.jar:/home/user/.m2/repository/javax/servlet/jsp/jsp-api/2.1/jsp-api-2.1.jar:/home/user/.m2/repository/com/sun/jersey/jersey-servlet/1.19/jersey-servlet-1.19.jar:/home/user/.m2/repository/com/sun/jersey/jersey-json/1.19/jersey-json-1.19.jar:/home/user/.m2/repository/org/codehaus/jettison/jettison/1.1/jettison-1.1.jar:/home/user/.m2/repository/org/codehaus/jackson/jackson-core-asl/1.9.13/jackson-core-asl-1.9.13.jar:/home/user/.m2/repository/org/codehaus/jackson/jackson-mapper-asl/1.9.13/jackson-mapper-asl-1.9.13.jar:/home/user/.m2/repository/org/codehaus/jackson/jackson-jaxrs/1.9.13/jackson-jaxrs-1.9.13.jar:/home/user/.m2/repository/org/codehaus/jackson/jackson-xc/1.9.13/jackson-xc-1.9.13.jar:/home/user/.m2/repository/commons-logging/commons-logging/1.1.3/commons-logging-1.1.3.jar:/home/user/.m2/repository/commons-beanutils/commons-beanutils/1.9.3/commons-beanutils-1.9.3.jar:/home/user/.m2/repository/org/apache/commons/commons-configuration2/2.1.1/commons-configuration2-2.1.1.jar:/home/user/.m2/repository/org/apache/commons/commons-lang3/3.7/commons-lang3-3.7.jar:/home/user/.m2/repository/org/apache/commons/commons-text/1.4/commons-text-1.4.jar:/home/user/.m2/repository/org/apache/avro/avro/1.7.7/avro-1.7.7.jar:/home/user/.m2/repository/com/thoughtworks/paranamer/paranamer/2.3/paranamer-2.3.jar:/home/user/.m2/repository/org/xerial/snappy/snappy-java/1.0.5/snappy-java-1.0.5.jar:/home/user/.m2/repository/com/google/re2j/re2j/1.1/re2j-1.1.jar:/home/user/.m2/repository/com/google/code/gson/gson/2.2.4/gson-2.2.4.jar:/home/user/.m2/repository/com/jcraft/jsch/0.1.54/jsch-0.1.54.jar:/home/user/.m2/repository/org/apache/curator/curator-client/2.12.0/curator-client-2.12.0.jar:/home/user/.m2/repository/org/apache/curator/curator-recipes/2.12.0/curator-recipes-2.12.0.jar:/home/user/.m2/repository/com/google/code/findbugs/jsr305/3.0.0/jsr305-3.0.0.jar:/home/user/.m2/repository/org/apache/htrace/htrace-core4/4.1.0-incubating/htrace-core4-4.1.0-incubating.jar:/home/user/.m2/repository/org/apache/zookeeper/zookeeper/3.4.13/zookeeper-3.4.13.jar:/home/user/.m2/repository/org/apache/yetus/audience-annotations/0.5.0/audience-annotations-0.5.0.jar:/home/user/.m2/repository/org/codehaus/woodstox/stax2-api/3.1.4/stax2-api-3.1.4.jar:/home/user/.m2/repository/com/fasterxml/woodstox/woodstox-core/5.0.3/woodstox-core-5.0.3.jar:/home/user/.m2/repository/dnsjava/dnsjava/2.1.7/dnsjava-2.1.7.jar:/home/user/.m2/repository/org/apache/hadoop/hadoop-hdfs/3.2.0/hadoop-hdfs-3.2.0-tests.jar:/home/user/.m2/repository/org/eclipse/jetty/jetty-util-ajax/9.3.24.v20180605/jetty-util-ajax-9.3.24.v20180605.jar:/home/user/.m2/repository/commons-daemon/commons-daemon/1.0.13/commons-daemon-1.0.13.jar:/home/user/.m2/repository/io/netty/netty/3.10.5.Final/netty-3.10.5.Final.jar:/home/user/.m2/repository/io/netty/netty-all/4.0.52.Final/netty-all-4.0.52.Final.jar:/home/user/.m2/repository/org/fusesource/leveldbjni/leveldbjni-all/1.8/leveldbjni-all-1.8.jar:"/>
    <property name="sun.cpu.endian" value="little"/>
    <property name="user.home" value="/home/user"/>
    <property name="user.language" value="en"/>
    <property name="java.specification.vendor" value="Oracle Corporation"/>
    <property name="java.home" value="/usr/lib/jvm/java-1.8-openjdk/jre"/>
    <property name="java.security.krb5.conf" value="/workdir/hadoop-ozone/integration-test/target/test-classes/krb5.conf"/>
    <property name="basedir" value="/workdir/hadoop-ozone/integration-test"/>
    <property name="file.separator" value="/"/>
    <property name="line.separator" value="&#10;"/>
    <property name="java.vm.specification.vendor" value="Oracle Corporation"/>
    <property name="java.specification.name" value="Java Platform API Specification"/>
    <property name="java.awt.graphicsenv" value="sun.awt.X11GraphicsEnvironment"/>
    <property name="surefire.real.class.path" value="/workdir/hadoop-ozone/integration-test/target/surefire/surefirebooter2667541299858003154.jar"/>
    <property name="hadoop.log.dir" value="/workdir/hadoop-ozone/integration-test/target/log"/>
    <property name="sun.boot.class.path" value="/usr/lib/jvm/java-1.8-openjdk/jre/lib/resources.jar:/usr/lib/jvm/java-1.8-openjdk/jre/lib/rt.jar:/usr/lib/jvm/java-1.8-openjdk/jre/lib/sunrsasign.jar:/usr/lib/jvm/java-1.8-openjdk/jre/lib/jsse.jar:/usr/lib/jvm/java-1.8-openjdk/jre/lib/jce.jar:/usr/lib/jvm/java-1.8-openjdk/jre/lib/charsets.jar:/usr/lib/jvm/java-1.8-openjdk/jre/lib/jfr.jar:/usr/lib/jvm/java-1.8-openjdk/jre/classes"/>
    <property name="sun.management.compiler" value="HotSpot 64-Bit Tiered Compilers"/>
    <property name="java.runtime.version" value="1.8.0_212-b04"/>
    <property name="java.net.preferIPv4Stack" value="true"/>
    <property name="user.name" value="jenkins1000"/>
    <property name="path.separator" value=":"/>
    <property name="java.security.egd" value="file:///dev/urandom"/>
    <property name="os.version" value="3.10.0-957.12.2.el7.x86_64"/>
    <property name="java.endorsed.dirs" value="/usr/lib/jvm/java-1.8-openjdk/jre/lib/endorsed"/>
    <property name="java.runtime.name" value="OpenJDK Runtime Environment"/>
    <property name="file.encoding" value="UTF-8"/>
    <property name="java.vm.name" value="OpenJDK 64-Bit Server VM"/>
    <property name="test.build.webapps" value=""/>
    <property name="localRepository" value="/home/user/.m2/repository"/>
    <property name="java.vendor.url.bug" value="https://icedtea.classpath.org/bugzilla"/>
    <property name="java.io.tmpdir" value="/tmp"/>
    <property name="require.test.libhadoop" value=""/>
    <property name="java.version" value="1.8.0_212"/>
    <property name="user.dir" value="/workdir/hadoop-ozone/integration-test"/>
    <property name="os.arch" value="amd64"/>
    <property name="java.vm.specification.name" value="Java Virtual Machine Specification"/>
    <property name="test.build.classes" value="/workdir/hadoop-ozone/integration-test/target/test-classes"/>
    <property name="java.awt.printerjob" value="sun.print.PSPrinterJob"/>
    <property name="sun.os.patch.level" value="unknown"/>
    <property name="hadoop.tmp.dir" value="/workdir/hadoop-ozone/integration-test/target/tmp"/>
    <property name="java.library.path" value="/usr/lib/jvm/java-1.8-openjdk/jre/lib/amd64/server:/usr/lib/jvm/java-1.8-openjdk/jre/lib/amd64:/usr/lib/jvm/java-1.8-openjdk/jre/../lib/amd64:/workdir/hadoop-ozone/integration-test/target/native/target/usr/local/lib:/workdir/hadoop-ozone/integration-test/../../hadoop-common-project/hadoop-common/target/native/target/usr/local/lib:/usr/java/packages/lib/amd64:/usr/lib64:/lib64:/lib:/usr/lib"/>
    <property name="java.vm.info" value="mixed mode"/>
    <property name="java.vendor" value="IcedTea"/>
    <property name="java.vm.version" value="25.212-b04"/>
    <property name="java.ext.dirs" value="/usr/lib/jvm/java-1.8-openjdk/jre/lib/ext:/usr/java/packages/lib/ext"/>
    <property name="sun.io.unicode.encoding" value="UnicodeLittle"/>
    <property name="java.class.version" value="52.0"/>
  </properties>
  <testcase name="testGroupMismatchExceptionHandling" classname="org.apache.hadoop.ozone.client.rpc.TestOzoneClientRetriesOnException" time="58.289"/>
  <testcase name="testMaxRetriesByOzoneClient" classname="org.apache.hadoop.ozone.client.rpc.TestOzoneClientRetriesOnException" time="341.608">
    <error message="Failed to command cmdType: CreateContainer&#10;containerID: 1&#10;datanodeUuid: &quot;677e3d93-3467-4860-9bf6-0d2ba46507f3&quot;&#10;createContainer {&#10;}&#10;" type="java.io.IOException">java.io.IOException: 
Failed to command cmdType: CreateContainer
containerID: 1
datanodeUuid: "677e3d93-3467-4860-9bf6-0d2ba46507f3"
createContainer {
}

	at org.apache.hadoop.hdds.scm.XceiverClientSpi.sendCommand(XceiverClientSpi.java:113)
	at org.apache.hadoop.ozone.client.rpc.TestOzoneClientRetriesOnException.testMaxRetriesByOzoneClient(TestOzoneClientRetriesOnException.java:190)
	at sun.reflect.NativeMethodAccessorImpl.invoke0(Native Method)
	at sun.reflect.NativeMethodAccessorImpl.invoke(NativeMethodAccessorImpl.java:62)
	at sun.reflect.DelegatingMethodAccessorImpl.invoke(DelegatingMethodAccessorImpl.java:43)
	at java.lang.reflect.Method.invoke(Method.java:498)
	at org.junit.runners.model.FrameworkMethod$1.runReflectiveCall(FrameworkMethod.java:47)
	at org.junit.internal.runners.model.ReflectiveCallable.run(ReflectiveCallable.java:12)
	at org.junit.runners.model.FrameworkMethod.invokeExplosively(FrameworkMethod.java:44)
	at org.junit.internal.runners.statements.InvokeMethod.evaluate(InvokeMethod.java:17)
	at org.junit.internal.runners.statements.RunBefores.evaluate(RunBefores.java:26)
	at org.junit.internal.runners.statements.RunAfters.evaluate(RunAfters.java:27)
	at org.junit.runners.ParentRunner.runLeaf(ParentRunner.java:271)
	at org.junit.runners.BlockJUnit4ClassRunner.runChild(BlockJUnit4ClassRunner.java:70)
	at org.junit.runners.BlockJUnit4ClassRunner.runChild(BlockJUnit4ClassRunner.java:50)
	at org.junit.runners.ParentRunner$3.run(ParentRunner.java:238)
	at org.junit.runners.ParentRunner$1.schedule(ParentRunner.java:63)
	at org.junit.runners.ParentRunner.runChildren(ParentRunner.java:236)
	at org.junit.runners.ParentRunner.access$000(ParentRunner.java:53)
	at org.junit.runners.ParentRunner$2.evaluate(ParentRunner.java:229)
	at org.junit.runners.ParentRunner.run(ParentRunner.java:309)
	at org.apache.maven.surefire.junit4.JUnit4Provider.execute(JUnit4Provider.java:365)
	at org.apache.maven.surefire.junit4.JUnit4Provider.executeWithRerun(JUnit4Provider.java:273)
	at org.apache.maven.surefire.junit4.JUnit4Provider.executeTestSet(JUnit4Provider.java:238)
	at org.apache.maven.surefire.junit4.JUnit4Provider.invoke(JUnit4Provider.java:159)
	at org.apache.maven.surefire.booter.ForkedBooter.invokeProviderInSameClassLoader(ForkedBooter.java:384)
	at org.apache.maven.surefire.booter.ForkedBooter.runSuitesInProcess(ForkedBooter.java:345)
	at org.apache.maven.surefire.booter.ForkedBooter.execute(ForkedBooter.java:126)
	at org.apache.maven.surefire.booter.ForkedBooter.main(ForkedBooter.java:418)
Caused by: java.util.concurrent.ExecutionException: org.apache.ratis.protocol.RaftRetryFailureException: Failed RaftClientRequest:client-1AEBD7C46593->5133bb85-d112-43d0-b51c-6140e4ebc540@group-59B8B6051EC0, cid=45, seq=3*, RW, org.apache.hadoop.hdds.scm.XceiverClientRatis$$Lambda$315/469391891@35af3e45 for 180 attempts with RetryLimited(maxAttempts=180, sleepTime=1000ms)
	at java.util.concurrent.CompletableFuture.reportGet(CompletableFuture.java:357)
	at java.util.concurrent.CompletableFuture.get(CompletableFuture.java:1895)
	at org.apache.hadoop.hdds.scm.XceiverClientSpi.sendCommand(XceiverClientSpi.java:110)
	... 28 more
Caused by: org.apache.ratis.protocol.RaftRetryFailureException: Failed RaftClientRequest:client-1AEBD7C46593->5133bb85-d112-43d0-b51c-6140e4ebc540@group-59B8B6051EC0, cid=45, seq=3*, RW, org.apache.hadoop.hdds.scm.XceiverClientRatis$$Lambda$315/469391891@35af3e45 for 180 attempts with RetryLimited(maxAttempts=180, sleepTime=1000ms)
	at org.apache.ratis.client.impl.RaftClientImpl.noMoreRetries(RaftClientImpl.java:272)
	at org.apache.ratis.client.impl.OrderedAsync.handleAsyncRetryFailure(OrderedAsync.java:138)
	at org.apache.ratis.client.impl.OrderedAsync.lambda$sendRequest$10(OrderedAsync.java:230)
	at java.util.concurrent.CompletableFuture.uniExceptionally(CompletableFuture.java:870)
	at java.util.concurrent.CompletableFuture$UniExceptionally.tryFire(CompletableFuture.java:852)
	at java.util.concurrent.CompletableFuture.postComplete(CompletableFuture.java:474)
	at java.util.concurrent.CompletableFuture.completeExceptionally(CompletableFuture.java:1977)
	at org.apache.ratis.grpc.client.GrpcClientProtocolClient$AsyncStreamObservers.completeReplyExceptionally(GrpcClientProtocolClient.java:330)
	at org.apache.ratis.grpc.client.GrpcClientProtocolClient$AsyncStreamObservers.access$000(GrpcClientProtocolClient.java:246)
	at org.apache.ratis.grpc.client.GrpcClientProtocolClient$AsyncStreamObservers$1.onNext(GrpcClientProtocolClient.java:258)
	at org.apache.ratis.grpc.client.GrpcClientProtocolClient$AsyncStreamObservers$1.onNext(GrpcClientProtocolClient.java:249)
	at org.apache.ratis.thirdparty.io.grpc.stub.ClientCalls$StreamObserverToCallListenerAdapter.onMessage(ClientCalls.java:421)
	at org.apache.ratis.thirdparty.io.grpc.ForwardingClientCallListener.onMessage(ForwardingClientCallListener.java:33)
	at org.apache.ratis.thirdparty.io.grpc.ForwardingClientCallListener.onMessage(ForwardingClientCallListener.java:33)
	at org.apache.ratis.thirdparty.io.grpc.internal.ClientCallImpl$ClientStreamListenerImpl$1MessagesAvailable.runInContext(ClientCallImpl.java:519)
	at org.apache.ratis.thirdparty.io.grpc.internal.ContextRunnable.run(ContextRunnable.java:37)
	at org.apache.ratis.thirdparty.io.grpc.internal.SerializingExecutor.run(SerializingExecutor.java:123)
	at java.util.concurrent.ThreadPoolExecutor.runWorker(ThreadPoolExecutor.java:1149)
	at java.util.concurrent.ThreadPoolExecutor$Worker.run(ThreadPoolExecutor.java:624)
	at java.lang.Thread.run(Thread.java:748)
Caused by: org.apache.ratis.protocol.NotLeaderException: Server 5133bb85-d112-43d0-b51c-6140e4ebc540 is not the leader (677e3d93-3467-4860-9bf6-0d2ba46507f3:192.168.5.153:41781). Request must be sent to leader.
	at org.apache.ratis.client.impl.ClientProtoUtils.toRaftClientReply(ClientProtoUtils.java:242)
	at org.apache.ratis.grpc.client.GrpcClientProtocolClient$AsyncStreamObservers$1.onNext(GrpcClientProtocolClient.java:254)
	... 10 more
</error>
    <system-out><![CDATA[2019-09-10 12:59:46,040 [main] WARN  server.ServerUtils (ServerUtils.java:getScmDbDir(145)) - ozone.scm.db.dirs is not configured. We recommend adding this setting. Falling back to ozone.metadata.dirs instead.
2019-09-10 12:59:46,065 [main] WARN  server.ServerUtils (ServerUtils.java:getScmDbDir(145)) - ozone.scm.db.dirs is not configured. We recommend adding this setting. Falling back to ozone.metadata.dirs instead.
2019-09-10 12:59:46,065 [main] WARN  server.ServerUtils (ServerUtils.java:getScmDbDir(145)) - ozone.scm.db.dirs is not configured. We recommend adding this setting. Falling back to ozone.metadata.dirs instead.
2019-09-10 12:59:46,066 [main] INFO  db.DBStoreBuilder (DBStoreBuilder.java:addTable(110)) - using custom profile for table: deletedBlocks
2019-09-10 12:59:46,066 [main] INFO  db.DBStoreBuilder (DBStoreBuilder.java:processTables(161)) - Using default column profile:DBProfile.DISK for Table:deletedBlocks
2019-09-10 12:59:46,066 [main] INFO  db.DBStoreBuilder (DBStoreBuilder.java:addTable(110)) - using custom profile for table: validCerts
2019-09-10 12:59:46,066 [main] INFO  db.DBStoreBuilder (DBStoreBuilder.java:processTables(161)) - Using default column profile:DBProfile.DISK for Table:validCerts
2019-09-10 12:59:46,067 [main] INFO  db.DBStoreBuilder (DBStoreBuilder.java:addTable(110)) - using custom profile for table: revokedCerts
2019-09-10 12:59:46,067 [main] INFO  db.DBStoreBuilder (DBStoreBuilder.java:processTables(161)) - Using default column profile:DBProfile.DISK for Table:revokedCerts
2019-09-10 12:59:46,067 [main] INFO  db.DBStoreBuilder (DBStoreBuilder.java:addTable(110)) - using custom profile for table: default
2019-09-10 12:59:46,067 [main] INFO  db.DBStoreBuilder (DBStoreBuilder.java:processTables(167)) - Using default column profile:DBProfile.DISK for Table:default
2019-09-10 12:59:46,068 [main] INFO  db.DBStoreBuilder (DBStoreBuilder.java:getDbProfile(198)) - Using default options. DBProfile.DISK
2019-09-10 12:59:46,353 [main] INFO  net.NodeSchemaLoader (NodeSchemaLoader.java:loadSchemaFromFile(125)) - Loading file from sun.misc.CompoundEnumeration@247bbfba
2019-09-10 12:59:46,354 [main] INFO  net.NodeSchemaLoader (NodeSchemaLoader.java:loadSchema(171)) - Loading network topology layer schema file
2019-09-10 12:59:46,360 [main] WARN  server.ServerUtils (ServerUtils.java:sanitizeUserArgs(70)) - ozone.scm.stale.node.interval value = 300000 is larger than max = 100000 based on the key value of ozone.scm.heartbeat.thread.interval, reset to the max value 100000.
2019-09-10 12:59:46,360 [main] WARN  server.ServerUtils (ServerUtils.java:sanitizeUserArgs(70)) - ozone.scm.stale.node.interval value = 300000 is larger than max = 100000 based on the key value of ozone.scm.heartbeat.thread.interval, reset to the max value 100000.
2019-09-10 12:59:46,360 [main] INFO  node.SCMNodeManager (SCMNodeManager.java:<init>(121)) - Entering startup safe mode.
2019-09-10 12:59:46,361 [main] INFO  algorithms.ContainerPlacementPolicyFactory (ContainerPlacementPolicyFactory.java:getPolicy(56)) - Create container placement policy of type org.apache.hadoop.hdds.scm.container.placement.algorithms.SCMContainerPlacementRandom
2019-09-10 12:59:46,362 [main] WARN  server.ServerUtils (ServerUtils.java:getScmDbDir(145)) - ozone.scm.db.dirs is not configured. We recommend adding this setting. Falling back to ozone.metadata.dirs instead.
2019-09-10 12:59:46,462 [main] INFO  pipeline.SCMPipelineManager (SCMPipelineManager.java:initializePipelineState(126)) - No pipeline exists in current db
2019-09-10 12:59:46,462 [main] WARN  server.ServerUtils (ServerUtils.java:getScmDbDir(145)) - ozone.scm.db.dirs is not configured. We recommend adding this setting. Falling back to ozone.metadata.dirs instead.
2019-09-10 12:59:46,603 [main] WARN  events.EventQueue (EventQueue.java:fireEvent(175)) - No event handler registered for event TypedEvent{payloadType=SafeModeStatus, name='SafeModeStatus'}
2019-09-10 12:59:46,604 [main] INFO  ipc.CallQueueManager (CallQueueManager.java:<init>(84)) - Using callQueue: class java.util.concurrent.LinkedBlockingQueue, queueCapacity: 2000, scheduler: class org.apache.hadoop.ipc.DefaultRpcScheduler, ipcBackoff: false.
2019-09-10 12:59:46,606 [Socket Reader #1 for port 41951] INFO  ipc.Server (Server.java:run(1074)) - Starting Socket Reader #1 for port 41951
2019-09-10 12:59:46,609 [main] INFO  ipc.CallQueueManager (CallQueueManager.java:<init>(84)) - Using callQueue: class java.util.concurrent.LinkedBlockingQueue, queueCapacity: 2000, scheduler: class org.apache.hadoop.ipc.DefaultRpcScheduler, ipcBackoff: false.
2019-09-10 12:59:46,610 [Socket Reader #1 for port 39533] INFO  ipc.Server (Server.java:run(1074)) - Starting Socket Reader #1 for port 39533
2019-09-10 12:59:46,612 [main] INFO  ipc.CallQueueManager (CallQueueManager.java:<init>(84)) - Using callQueue: class java.util.concurrent.LinkedBlockingQueue, queueCapacity: 2000, scheduler: class org.apache.hadoop.ipc.DefaultRpcScheduler, ipcBackoff: false.
2019-09-10 12:59:46,613 [Socket Reader #1 for port 37919] INFO  ipc.Server (Server.java:run(1074)) - Starting Socket Reader #1 for port 37919
2019-09-10 12:59:46,616 [main] INFO  hdfs.DFSUtil (DFSUtil.java:httpServerTemplateForNNAndJN(1641)) - Starting Web-server for scm at: http://0.0.0.0:0
2019-09-10 12:59:46,619 [main] INFO  server.AuthenticationFilter (AuthenticationFilter.java:constructSecretProvider(240)) - Unable to initialize FileSignerSecretProvider, falling back to use random secrets.
2019-09-10 12:59:46,620 [main] WARN  http.HttpRequestLog (HttpRequestLog.java:getRequestLog(97)) - Jetty request log can only be enabled using Log4j
2019-09-10 12:59:46,622 [main] INFO  http.HttpServer2 (HttpServer2.java:addGlobalFilter(975)) - Added global filter 'safety' (class=org.apache.hadoop.http.HttpServer2$QuotingInputFilter)
2019-09-10 12:59:46,623 [main] INFO  http.HttpServer2 (HttpServer2.java:addFilter(948)) - Added filter static_user_filter (class=org.apache.hadoop.http.lib.StaticUserWebFilter$StaticUserFilter) to context scm
2019-09-10 12:59:46,623 [main] INFO  http.HttpServer2 (HttpServer2.java:addFilter(958)) - Added filter static_user_filter (class=org.apache.hadoop.http.lib.StaticUserWebFilter$StaticUserFilter) to context logs
2019-09-10 12:59:46,623 [main] INFO  http.HttpServer2 (HttpServer2.java:addFilter(958)) - Added filter static_user_filter (class=org.apache.hadoop.http.lib.StaticUserWebFilter$StaticUserFilter) to context static
2019-09-10 12:59:46,627 [main] INFO  server.StorageContainerManager (StorageContainerManager.java:start(759)) - StorageContainerLocationProtocol RPC server is listening at /0.0.0.0:37919
2019-09-10 12:59:46,629 [main] WARN  impl.MetricsConfig (MetricsConfig.java:loadFirst(134)) - Cannot locate configuration: tried hadoop-metrics2-storagecontainermanager.properties,hadoop-metrics2.properties
2019-09-10 12:59:46,631 [main] INFO  impl.MetricsSystemImpl (MetricsSystemImpl.java:startTimer(374)) - Scheduled Metric snapshot period at 10 second(s).
2019-09-10 12:59:46,631 [main] INFO  impl.MetricsSystemImpl (MetricsSystemImpl.java:start(191)) - StorageContainerManager metrics system started
2019-09-10 12:59:46,685 [main] INFO  server.SCMClientProtocolServer (SCMClientProtocolServer.java:start(151)) - RPC server for Client  is listening at /0.0.0.0:37919
2019-09-10 12:59:46,685 [IPC Server Responder] INFO  ipc.Server (Server.java:run(1314)) - IPC Server Responder: starting
2019-09-10 12:59:46,685 [IPC Server listener on 37919] INFO  ipc.Server (Server.java:run(1153)) - IPC Server listener on 37919: starting
2019-09-10 12:59:46,689 [main] INFO  server.StorageContainerManager (StorageContainerManager.java:start(769)) - ScmBlockLocationProtocol RPC server is listening at /0.0.0.0:39533
2019-09-10 12:59:46,689 [main] INFO  server.SCMBlockProtocolServer (SCMBlockProtocolServer.java:start(140)) - RPC server for Block Protocol is listening at /0.0.0.0:39533
2019-09-10 12:59:46,690 [IPC Server Responder] INFO  ipc.Server (Server.java:run(1314)) - IPC Server Responder: starting
2019-09-10 12:59:46,690 [IPC Server listener on 39533] INFO  ipc.Server (Server.java:run(1153)) - IPC Server listener on 39533: starting
2019-09-10 12:59:46,693 [main] INFO  server.StorageContainerManager (StorageContainerManager.java:start(773)) - ScmDatanodeProtocl RPC server is listening at /0.0.0.0:41951
2019-09-10 12:59:46,693 [main] INFO  server.SCMDatanodeProtocolServer (SCMDatanodeProtocolServer.java:start(191)) - RPC server for DataNodes is listening at /0.0.0.0:41951
2019-09-10 12:59:46,694 [IPC Server Responder] INFO  ipc.Server (Server.java:run(1314)) - IPC Server Responder: starting
2019-09-10 12:59:46,694 [IPC Server listener on 41951] INFO  ipc.Server (Server.java:run(1153)) - IPC Server listener on 41951: starting
2019-09-10 12:59:46,698 [main] INFO  http.HttpServer2 (HttpServer2.java:bindListener(1191)) - Jetty bound to port 39225
2019-09-10 12:59:46,698 [main] INFO  server.Server (Server.java:doStart(351)) - jetty-9.3.24.v20180605, build timestamp: 2018-06-05T17:11:56Z, git hash: 84205aa28f11a4f31f2a3b86d1bba2cc8ab69827
2019-09-10 12:59:46,700 [main] INFO  handler.ContextHandler (ContextHandler.java:doStart(781)) - Started o.e.j.s.ServletContextHandler@a2df0d5{/logs,file:///workdir/hadoop-ozone/integration-test/target/log,AVAILABLE}
2019-09-10 12:59:46,701 [main] INFO  handler.ContextHandler (ContextHandler.java:doStart(781)) - Started o.e.j.s.ServletContextHandler@2dd3d39d{/static,file:///workdir/hadoop-ozone/integration-test/target/test-classes/webapps/static,AVAILABLE}
2019-09-10 12:59:46,707 [main] INFO  handler.ContextHandler (ContextHandler.java:doStart(781)) - Started o.e.j.w.WebAppContext@40bf0e15{/,file:///workdir/hadoop-ozone/integration-test/target/test-classes/webapps/scm/,AVAILABLE}{/scm}
2019-09-10 12:59:46,707 [main] INFO  server.AbstractConnector (AbstractConnector.java:doStart(278)) - Started ServerConnector@2c77344f{HTTP/1.1,[http/1.1]}{0.0.0.0:39225}
2019-09-10 12:59:46,708 [main] INFO  server.Server (Server.java:doStart(419)) - Started @59627ms
2019-09-10 12:59:46,709 [main] INFO  server.BaseHttpServer (BaseHttpServer.java:updateConnectorAddress(213)) - HTTP server of SCM is listening at http://0.0.0.0:39225
2019-09-10 12:59:46,710 [main] WARN  server.ServerUtils (ServerUtils.java:getDBPath(222)) - ozone.om.db.dirs is not configured. We recommend adding this setting. Falling back to ozone.metadata.dirs instead.
2019-09-10 12:59:46,711 [org.apache.hadoop.util.JvmPauseMonitor$Monitor@297bd171] INFO  util.JvmPauseMonitor (JvmPauseMonitor.java:run(188)) - Starting JVM pause monitor
2019-09-10 12:59:46,762 [main] WARN  server.ServerUtils (ServerUtils.java:getDBPath(222)) - ozone.om.db.dirs is not configured. We recommend adding this setting. Falling back to ozone.metadata.dirs instead.
2019-09-10 12:59:46,762 [main] WARN  server.ServerUtils (ServerUtils.java:getDBPath(222)) - ozone.om.db.dirs is not configured. We recommend adding this setting. Falling back to ozone.metadata.dirs instead.
2019-09-10 12:59:46,763 [main] INFO  om.OzoneManager (OzoneManager.java:setOMNodeDetails(645)) - OM Service ID is not set. Setting it to the default ID: omServiceIdDefault
2019-09-10 12:59:46,763 [main] INFO  om.OzoneManager (OzoneManager.java:setOMNodeDetails(651)) - OM Node ID is not set. Setting it to the OmStorage's OmID: 5b003898-f337-406d-98de-c3ca2137e47d
2019-09-10 12:59:46,763 [main] INFO  om.OzoneManager (OzoneManager.java:loadOMHAConfigs(602)) - Found matching OM address with OMServiceId: null, OMNodeId: null, RPC Address: localhost:0 and Ratis port: 9872
2019-09-10 12:59:46,768 | INFO  | SCMAudit | user=jenkins1000 | ip=192.168.5.153 | op=GET_SCM_INFO null | ret=SUCCESS |  
2019-09-10 12:59:46,771 [main] WARN  server.ServerUtils (ServerUtils.java:getDBPath(222)) - ozone.om.db.dirs is not configured. We recommend adding this setting. Falling back to ozone.metadata.dirs instead.
2019-09-10 12:59:46,772 [main] INFO  db.DBStoreBuilder (DBStoreBuilder.java:addTable(110)) - using custom profile for table: userTable
2019-09-10 12:59:46,772 [main] INFO  db.DBStoreBuilder (DBStoreBuilder.java:processTables(161)) - Using default column profile:DBProfile.DISK for Table:userTable
2019-09-10 12:59:46,772 [main] INFO  db.DBStoreBuilder (DBStoreBuilder.java:addTable(110)) - using custom profile for table: volumeTable
2019-09-10 12:59:46,773 [main] INFO  db.DBStoreBuilder (DBStoreBuilder.java:processTables(161)) - Using default column profile:DBProfile.DISK for Table:volumeTable
2019-09-10 12:59:46,773 [main] INFO  db.DBStoreBuilder (DBStoreBuilder.java:addTable(110)) - using custom profile for table: bucketTable
2019-09-10 12:59:46,773 [main] INFO  db.DBStoreBuilder (DBStoreBuilder.java:processTables(161)) - Using default column profile:DBProfile.DISK for Table:bucketTable
2019-09-10 12:59:46,773 [main] INFO  db.DBStoreBuilder (DBStoreBuilder.java:addTable(110)) - using custom profile for table: keyTable
2019-09-10 12:59:46,774 [main] INFO  db.DBStoreBuilder (DBStoreBuilder.java:processTables(161)) - Using default column profile:DBProfile.DISK for Table:keyTable
2019-09-10 12:59:46,774 [main] INFO  db.DBStoreBuilder (DBStoreBuilder.java:addTable(110)) - using custom profile for table: deletedTable
2019-09-10 12:59:46,774 [main] INFO  db.DBStoreBuilder (DBStoreBuilder.java:processTables(161)) - Using default column profile:DBProfile.DISK for Table:deletedTable
2019-09-10 12:59:46,775 [main] INFO  db.DBStoreBuilder (DBStoreBuilder.java:addTable(110)) - using custom profile for table: openKeyTable
2019-09-10 12:59:46,775 [main] INFO  db.DBStoreBuilder (DBStoreBuilder.java:processTables(161)) - Using default column profile:DBProfile.DISK for Table:openKeyTable
2019-09-10 12:59:46,775 [main] INFO  db.DBStoreBuilder (DBStoreBuilder.java:addTable(110)) - using custom profile for table: s3Table
2019-09-10 12:59:46,775 [main] INFO  db.DBStoreBuilder (DBStoreBuilder.java:processTables(161)) - Using default column profile:DBProfile.DISK for Table:s3Table
2019-09-10 12:59:46,776 [main] INFO  db.DBStoreBuilder (DBStoreBuilder.java:addTable(110)) - using custom profile for table: multipartInfoTable
2019-09-10 12:59:46,776 [main] INFO  db.DBStoreBuilder (DBStoreBuilder.java:processTables(161)) - Using default column profile:DBProfile.DISK for Table:multipartInfoTable
2019-09-10 12:59:46,776 [main] INFO  db.DBStoreBuilder (DBStoreBuilder.java:addTable(110)) - using custom profile for table: dTokenTable
2019-09-10 12:59:46,776 [main] INFO  db.DBStoreBuilder (DBStoreBuilder.java:processTables(161)) - Using default column profile:DBProfile.DISK for Table:dTokenTable
2019-09-10 12:59:46,777 [main] INFO  db.DBStoreBuilder (DBStoreBuilder.java:addTable(110)) - using custom profile for table: s3SecretTable
2019-09-10 12:59:46,777 [main] INFO  db.DBStoreBuilder (DBStoreBuilder.java:processTables(161)) - Using default column profile:DBProfile.DISK for Table:s3SecretTable
2019-09-10 12:59:46,777 [main] INFO  db.DBStoreBuilder (DBStoreBuilder.java:addTable(110)) - using custom profile for table: prefixTable
2019-09-10 12:59:46,778 [main] INFO  db.DBStoreBuilder (DBStoreBuilder.java:processTables(161)) - Using default column profile:DBProfile.DISK for Table:prefixTable
2019-09-10 12:59:46,778 [main] INFO  db.DBStoreBuilder (DBStoreBuilder.java:addTable(110)) - using custom profile for table: default
2019-09-10 12:59:46,778 [main] INFO  db.DBStoreBuilder (DBStoreBuilder.java:processTables(167)) - Using default column profile:DBProfile.DISK for Table:default
2019-09-10 12:59:46,778 [main] INFO  db.DBStoreBuilder (DBStoreBuilder.java:getDbProfile(198)) - Using default options. DBProfile.DISK
2019-09-10 12:59:47,545 [main] INFO  ipc.CallQueueManager (CallQueueManager.java:<init>(84)) - Using callQueue: class java.util.concurrent.LinkedBlockingQueue, queueCapacity: 2000, scheduler: class org.apache.hadoop.ipc.DefaultRpcScheduler, ipcBackoff: false.
2019-09-10 12:59:47,546 [Socket Reader #1 for port 39882] INFO  ipc.Server (Server.java:run(1074)) - Starting Socket Reader #1 for port 39882
2019-09-10 12:59:47,568 [main] INFO  om.OzoneManager (OzoneManager.java:start(1256)) - OzoneManager RPC server is listening at localhost/127.0.0.1:39882
2019-09-10 12:59:47,568 [main] INFO  impl.MetricsSystemImpl (MetricsSystemImpl.java:init(158)) - OzoneManager metrics system started (again)
2019-09-10 12:59:47,569 [IPC Server Responder] INFO  ipc.Server (Server.java:run(1314)) - IPC Server Responder: starting
2019-09-10 12:59:47,570 [IPC Server listener on 39882] INFO  ipc.Server (Server.java:run(1153)) - IPC Server listener on 39882: starting
2019-09-10 12:59:47,577 [main] INFO  hdfs.DFSUtil (DFSUtil.java:httpServerTemplateForNNAndJN(1641)) - Starting Web-server for ozoneManager at: http://0.0.0.0:0
2019-09-10 12:59:47,579 [main] INFO  server.AuthenticationFilter (AuthenticationFilter.java:constructSecretProvider(240)) - Unable to initialize FileSignerSecretProvider, falling back to use random secrets.
2019-09-10 12:59:47,580 [main] WARN  http.HttpRequestLog (HttpRequestLog.java:getRequestLog(97)) - Jetty request log can only be enabled using Log4j
2019-09-10 12:59:47,583 [main] INFO  http.HttpServer2 (HttpServer2.java:addGlobalFilter(975)) - Added global filter 'safety' (class=org.apache.hadoop.http.HttpServer2$QuotingInputFilter)
2019-09-10 12:59:47,584 [main] INFO  http.HttpServer2 (HttpServer2.java:addFilter(948)) - Added filter static_user_filter (class=org.apache.hadoop.http.lib.StaticUserWebFilter$StaticUserFilter) to context ozoneManager
2019-09-10 12:59:47,584 [main] INFO  http.HttpServer2 (HttpServer2.java:addFilter(958)) - Added filter static_user_filter (class=org.apache.hadoop.http.lib.StaticUserWebFilter$StaticUserFilter) to context static
2019-09-10 12:59:47,585 [main] INFO  http.HttpServer2 (HttpServer2.java:addFilter(958)) - Added filter static_user_filter (class=org.apache.hadoop.http.lib.StaticUserWebFilter$StaticUserFilter) to context logs
2019-09-10 12:59:47,586 [main] INFO  http.HttpServer2 (HttpServer2.java:bindListener(1191)) - Jetty bound to port 42951
2019-09-10 12:59:47,586 [main] INFO  server.Server (Server.java:doStart(351)) - jetty-9.3.24.v20180605, build timestamp: 2018-06-05T17:11:56Z, git hash: 84205aa28f11a4f31f2a3b86d1bba2cc8ab69827
2019-09-10 12:59:47,589 [main] INFO  handler.ContextHandler (ContextHandler.java:doStart(781)) - Started o.e.j.s.ServletContextHandler@261275ae{/logs,file:///workdir/hadoop-ozone/integration-test/target/log,AVAILABLE}
2019-09-10 12:59:47,589 [main] INFO  handler.ContextHandler (ContextHandler.java:doStart(781)) - Started o.e.j.s.ServletContextHandler@49986178{/static,file:///workdir/hadoop-ozone/integration-test/target/test-classes/webapps/static,AVAILABLE}
2019-09-10 12:59:47,595 [main] INFO  handler.ContextHandler (ContextHandler.java:doStart(781)) - Started o.e.j.w.WebAppContext@20fcea37{/,file:///workdir/hadoop-ozone/integration-test/target/test-classes/webapps/ozoneManager/,AVAILABLE}{/ozoneManager}
2019-09-10 12:59:47,596 [main] INFO  server.AbstractConnector (AbstractConnector.java:doStart(278)) - Started ServerConnector@399af6dc{HTTP/1.1,[http/1.1]}{0.0.0.0:42951}
2019-09-10 12:59:47,597 [main] INFO  server.Server (Server.java:doStart(419)) - Started @60515ms
2019-09-10 12:59:47,598 [main] INFO  server.BaseHttpServer (BaseHttpServer.java:updateConnectorAddress(213)) - HTTP server of OZONEMANAGER is listening at http://0.0.0.0:42951
2019-09-10 12:59:47,617 [main] INFO  impl.MetricsSystemImpl (MetricsSystemImpl.java:init(158)) - HddsDatanode metrics system started (again)
2019-09-10 12:59:47,620 [main] INFO  ozone.HddsDatanodeService (HddsDatanodeService.java:start(184)) - HddsDatanodeService host:pr-hdds-1571-5ln6c-1111760135 ip:192.168.5.153
2019-09-10 12:59:47,628 [main] INFO  volume.HddsVolume (HddsVolume.java:<init>(176)) - Creating Volume: /workdir/hadoop-ozone/integration-test/target/test-dir/MiniOzoneClusterImpl-74450ed2-7f0c-43e6-83a9-4ec0eb8ed3d0/datanode-0/data/containers/hdds of  storage type : DISK and capacity : 1482555576320
2019-09-10 12:59:47,629 [main] INFO  volume.VolumeSet (VolumeSet.java:initializeVolumeSet(170)) - Added Volume : /workdir/hadoop-ozone/integration-test/target/test-dir/MiniOzoneClusterImpl-74450ed2-7f0c-43e6-83a9-4ec0eb8ed3d0/datanode-0/data/containers/hdds to VolumeSet
2019-09-10 12:59:47,629 [main] INFO  volume.ThrottledAsyncChecker (ThrottledAsyncChecker.java:schedule(140)) - Scheduling a check for org.apache.hadoop.ozone.container.common.volume.HddsVolume@182cc69e
2019-09-10 12:59:47,630 [main] INFO  volume.HddsVolumeChecker (HddsVolumeChecker.java:checkAllVolumes(203)) - Scheduled health check for volume org.apache.hadoop.ozone.container.common.volume.HddsVolume@182cc69e
2019-09-10 12:59:47,653 [main] INFO  impl.RaftServerProxy (ConfUtils.java:logGet(43)) - raft.rpc.type = GRPC (default)
2019-09-10 12:59:47,654 [main] INFO  grpc.GrpcFactory (GrpcFactory.java:checkPooledByteBufAllocatorUseCacheForAllThreads(45)) - PERFORMANCE WARNING: useCacheForAllThreads is true that may cause Netty to create a lot garbage objects and, as a result, trigger GC.
	It is recommended to disable useCacheForAllThreads by setting -Dorg.apache.ratis.thirdparty.io.netty.allocator.useCacheForAllThreads=false in command line.
2019-09-10 12:59:47,654 [main] INFO  grpc.GrpcConfigKeys$Server (ConfUtils.java:logGet(43)) - raft.grpc.server.port = 0 (default)
2019-09-10 12:59:47,655 [main] INFO  server.GrpcService (ConfUtils.java:logGet(43)) - raft.grpc.message.size.max = 33570816 (custom)
2019-09-10 12:59:47,655 [main] INFO  server.RaftServerConfigKeys (ConfUtils.java:logGet(43)) - raft.server.log.appender.buffer.byte-limit = 33554432 (custom)
2019-09-10 12:59:47,655 [main] INFO  server.GrpcService (ConfUtils.java:logGet(43)) - raft.grpc.flow.control.window = 1MB (=1048576) (default)
2019-09-10 12:59:47,656 [main] INFO  server.RaftServerConfigKeys (ConfUtils.java:logGet(43)) - raft.server.rpc.request.timeout = 3000ms (default)
2019-09-10 12:59:47,657 [main] INFO  server.RaftServerConfigKeys (ConfUtils.java:logGet(43)) - raft.server.storage.dir = [/workdir/hadoop-ozone/integration-test/target/test-dir/MiniOzoneClusterImpl-74450ed2-7f0c-43e6-83a9-4ec0eb8ed3d0/datanode-0/data/ratis] (custom)
2019-09-10 12:59:47,658 [main] INFO  replication.SimpleContainerDownloader (SimpleContainerDownloader.java:<init>(72)) - Starting container downloader service to copy containers to replicate.
2019-09-10 12:59:47,659 [main] INFO  hdfs.DFSUtil (DFSUtil.java:httpServerTemplateForNNAndJN(1641)) - Starting Web-server for hddsDatanode at: http://0.0.0.0:0
2019-09-10 12:59:47,662 [main] INFO  server.AuthenticationFilter (AuthenticationFilter.java:constructSecretProvider(240)) - Unable to initialize FileSignerSecretProvider, falling back to use random secrets.
2019-09-10 12:59:47,662 [main] WARN  http.HttpRequestLog (HttpRequestLog.java:getRequestLog(97)) - Jetty request log can only be enabled using Log4j
2019-09-10 12:59:47,664 [main] INFO  http.HttpServer2 (HttpServer2.java:addGlobalFilter(975)) - Added global filter 'safety' (class=org.apache.hadoop.http.HttpServer2$QuotingInputFilter)
2019-09-10 12:59:47,665 [main] INFO  http.HttpServer2 (HttpServer2.java:addFilter(948)) - Added filter static_user_filter (class=org.apache.hadoop.http.lib.StaticUserWebFilter$StaticUserFilter) to context hddsDatanode
2019-09-10 12:59:47,665 [main] INFO  http.HttpServer2 (HttpServer2.java:addFilter(958)) - Added filter static_user_filter (class=org.apache.hadoop.http.lib.StaticUserWebFilter$StaticUserFilter) to context static
2019-09-10 12:59:47,666 [main] INFO  http.HttpServer2 (HttpServer2.java:addFilter(958)) - Added filter static_user_filter (class=org.apache.hadoop.http.lib.StaticUserWebFilter$StaticUserFilter) to context logs
2019-09-10 12:59:47,667 [main] INFO  http.HttpServer2 (HttpServer2.java:bindListener(1191)) - Jetty bound to port 45106
2019-09-10 12:59:47,667 [main] INFO  server.Server (Server.java:doStart(351)) - jetty-9.3.24.v20180605, build timestamp: 2018-06-05T17:11:56Z, git hash: 84205aa28f11a4f31f2a3b86d1bba2cc8ab69827
2019-09-10 12:59:47,669 [main] INFO  handler.ContextHandler (ContextHandler.java:doStart(781)) - Started o.e.j.s.ServletContextHandler@12214f2f{/logs,file:///workdir/hadoop-ozone/integration-test/target/log,AVAILABLE}
2019-09-10 12:59:47,670 [main] INFO  handler.ContextHandler (ContextHandler.java:doStart(781)) - Started o.e.j.s.ServletContextHandler@50de907a{/static,jar:file:/home/user/.m2/repository/org/apache/hadoop/hadoop-hdds-container-service/0.5.0-SNAPSHOT/hadoop-hdds-container-service-0.5.0-SNAPSHOT.jar!/webapps/static,AVAILABLE}
2019-09-10 12:59:47,707 [main] INFO  handler.ContextHandler (ContextHandler.java:doStart(781)) - Started o.e.j.w.WebAppContext@30358dc7{/,file:///tmp/jetty-0.0.0.0-45106-hddsDatanode-_-any-2475048018788532885.dir/webapp/,AVAILABLE}{/hddsDatanode}
2019-09-10 12:59:47,708 [main] INFO  server.AbstractConnector (AbstractConnector.java:doStart(278)) - Started ServerConnector@7fac18dc{HTTP/1.1,[http/1.1]}{0.0.0.0:45106}
2019-09-10 12:59:47,709 [main] INFO  server.Server (Server.java:doStart(419)) - Started @60627ms
2019-09-10 12:59:47,710 [main] INFO  server.BaseHttpServer (BaseHttpServer.java:updateConnectorAddress(213)) - HTTP server of HDDSDATANODE is listening at http://0.0.0.0:45106
2019-09-10 12:59:47,850 | INFO  | ObjectStoreRestHttpServer | Listening HDDS REST traffic on /0.0.0.0:35744 |  
2019-09-10 12:59:47,851 [main] INFO  ozone.HddsDatanodeService (HddsDatanodeService.java:startPlugins(395)) - Started plug-in org.apache.hadoop.ozone.web.OzoneHddsDatanodeService@65d7eea4
2019-09-10 12:59:47,851 [main] INFO  impl.MetricsSystemImpl (MetricsSystemImpl.java:init(158)) - HddsDatanode metrics system started (again)
2019-09-10 12:59:47,855 [main] INFO  ozone.HddsDatanodeService (HddsDatanodeService.java:start(184)) - HddsDatanodeService host:pr-hdds-1571-5ln6c-1111760135 ip:192.168.5.153
2019-09-10 12:59:47,855 [org.apache.hadoop.util.JvmPauseMonitor$Monitor@1cd4b1f5] INFO  util.JvmPauseMonitor (JvmPauseMonitor.java:run(188)) - Starting JVM pause monitor
2019-09-10 12:59:47,857 [Datanode State Machine Thread - 0] INFO  datanode.InitDatanodeState (InitDatanodeState.java:persistContainerDatanodeDetails(140)) - DatanodeDetails is persisted to /workdir/hadoop-ozone/integration-test/target/test-dir/MiniOzoneClusterImpl-74450ed2-7f0c-43e6-83a9-4ec0eb8ed3d0/datanode-0/meta/datanode.id
2019-09-10 12:59:47,862 [main] INFO  volume.HddsVolume (HddsVolume.java:<init>(176)) - Creating Volume: /workdir/hadoop-ozone/integration-test/target/test-dir/MiniOzoneClusterImpl-74450ed2-7f0c-43e6-83a9-4ec0eb8ed3d0/datanode-1/data/containers/hdds of  storage type : DISK and capacity : 1482555576320
2019-09-10 12:59:47,862 [main] INFO  volume.VolumeSet (VolumeSet.java:initializeVolumeSet(170)) - Added Volume : /workdir/hadoop-ozone/integration-test/target/test-dir/MiniOzoneClusterImpl-74450ed2-7f0c-43e6-83a9-4ec0eb8ed3d0/datanode-1/data/containers/hdds to VolumeSet
2019-09-10 12:59:47,862 [main] INFO  volume.ThrottledAsyncChecker (ThrottledAsyncChecker.java:schedule(140)) - Scheduling a check for org.apache.hadoop.ozone.container.common.volume.HddsVolume@3d53e876
2019-09-10 12:59:47,863 [main] INFO  volume.HddsVolumeChecker (HddsVolumeChecker.java:checkAllVolumes(203)) - Scheduled health check for volume org.apache.hadoop.ozone.container.common.volume.HddsVolume@3d53e876
2019-09-10 12:59:47,878 [main] INFO  impl.RaftServerProxy (ConfUtils.java:logGet(43)) - raft.rpc.type = GRPC (default)
2019-09-10 12:59:47,878 [main] INFO  grpc.GrpcFactory (GrpcFactory.java:checkPooledByteBufAllocatorUseCacheForAllThreads(45)) - PERFORMANCE WARNING: useCacheForAllThreads is true that may cause Netty to create a lot garbage objects and, as a result, trigger GC.
	It is recommended to disable useCacheForAllThreads by setting -Dorg.apache.ratis.thirdparty.io.netty.allocator.useCacheForAllThreads=false in command line.
2019-09-10 12:59:47,878 [main] INFO  grpc.GrpcConfigKeys$Server (ConfUtils.java:logGet(43)) - raft.grpc.server.port = 0 (default)
2019-09-10 12:59:47,879 [main] INFO  server.GrpcService (ConfUtils.java:logGet(43)) - raft.grpc.message.size.max = 33570816 (custom)
2019-09-10 12:59:47,879 [main] INFO  server.RaftServerConfigKeys (ConfUtils.java:logGet(43)) - raft.server.log.appender.buffer.byte-limit = 33554432 (custom)
2019-09-10 12:59:47,879 [main] INFO  server.GrpcService (ConfUtils.java:logGet(43)) - raft.grpc.flow.control.window = 1MB (=1048576) (default)
2019-09-10 12:59:47,879 [main] INFO  server.RaftServerConfigKeys (ConfUtils.java:logGet(43)) - raft.server.rpc.request.timeout = 3000ms (default)
2019-09-10 12:59:47,880 [main] INFO  server.RaftServerConfigKeys (ConfUtils.java:logGet(43)) - raft.server.storage.dir = [/workdir/hadoop-ozone/integration-test/target/test-dir/MiniOzoneClusterImpl-74450ed2-7f0c-43e6-83a9-4ec0eb8ed3d0/datanode-1/data/ratis] (custom)
2019-09-10 12:59:47,880 [main] INFO  replication.SimpleContainerDownloader (SimpleContainerDownloader.java:<init>(72)) - Starting container downloader service to copy containers to replicate.
2019-09-10 12:59:47,881 [main] INFO  hdfs.DFSUtil (DFSUtil.java:httpServerTemplateForNNAndJN(1641)) - Starting Web-server for hddsDatanode at: http://0.0.0.0:0
2019-09-10 12:59:47,883 [main] INFO  server.AuthenticationFilter (AuthenticationFilter.java:constructSecretProvider(240)) - Unable to initialize FileSignerSecretProvider, falling back to use random secrets.
2019-09-10 12:59:47,883 [main] WARN  http.HttpRequestLog (HttpRequestLog.java:getRequestLog(97)) - Jetty request log can only be enabled using Log4j
2019-09-10 12:59:47,885 [main] INFO  http.HttpServer2 (HttpServer2.java:addGlobalFilter(975)) - Added global filter 'safety' (class=org.apache.hadoop.http.HttpServer2$QuotingInputFilter)
2019-09-10 12:59:47,885 [main] INFO  http.HttpServer2 (HttpServer2.java:addFilter(948)) - Added filter static_user_filter (class=org.apache.hadoop.http.lib.StaticUserWebFilter$StaticUserFilter) to context hddsDatanode
2019-09-10 12:59:47,885 [main] INFO  http.HttpServer2 (HttpServer2.java:addFilter(958)) - Added filter static_user_filter (class=org.apache.hadoop.http.lib.StaticUserWebFilter$StaticUserFilter) to context logs
2019-09-10 12:59:47,886 [main] INFO  http.HttpServer2 (HttpServer2.java:addFilter(958)) - Added filter static_user_filter (class=org.apache.hadoop.http.lib.StaticUserWebFilter$StaticUserFilter) to context static
2019-09-10 12:59:47,886 [main] INFO  http.HttpServer2 (HttpServer2.java:bindListener(1191)) - Jetty bound to port 33483
2019-09-10 12:59:47,886 [main] INFO  server.Server (Server.java:doStart(351)) - jetty-9.3.24.v20180605, build timestamp: 2018-06-05T17:11:56Z, git hash: 84205aa28f11a4f31f2a3b86d1bba2cc8ab69827
2019-09-10 12:59:47,888 [main] INFO  handler.ContextHandler (ContextHandler.java:doStart(781)) - Started o.e.j.s.ServletContextHandler@750e2d33{/logs,file:///workdir/hadoop-ozone/integration-test/target/log,AVAILABLE}
2019-09-10 12:59:47,889 [main] INFO  handler.ContextHandler (ContextHandler.java:doStart(781)) - Started o.e.j.s.ServletContextHandler@277bc3a5{/static,jar:file:/home/user/.m2/repository/org/apache/hadoop/hadoop-hdds-container-service/0.5.0-SNAPSHOT/hadoop-hdds-container-service-0.5.0-SNAPSHOT.jar!/webapps/static,AVAILABLE}
2019-09-10 12:59:47,917 [main] INFO  handler.ContextHandler (ContextHandler.java:doStart(781)) - Started o.e.j.w.WebAppContext@67b8d45{/,file:///tmp/jetty-0.0.0.0-33483-hddsDatanode-_-any-3346967107977198931.dir/webapp/,AVAILABLE}{/hddsDatanode}
2019-09-10 12:59:47,917 [main] INFO  server.AbstractConnector (AbstractConnector.java:doStart(278)) - Started ServerConnector@365e65bb{HTTP/1.1,[http/1.1]}{0.0.0.0:33483}
2019-09-10 12:59:47,919 [main] INFO  server.Server (Server.java:doStart(419)) - Started @60837ms
2019-09-10 12:59:47,919 [main] INFO  server.BaseHttpServer (BaseHttpServer.java:updateConnectorAddress(213)) - HTTP server of HDDSDATANODE is listening at http://0.0.0.0:33483
2019-09-10 12:59:48,062 | INFO  | ObjectStoreRestHttpServer | Listening HDDS REST traffic on /0.0.0.0:33137 |  
2019-09-10 12:59:48,062 [main] INFO  ozone.HddsDatanodeService (HddsDatanodeService.java:startPlugins(395)) - Started plug-in org.apache.hadoop.ozone.web.OzoneHddsDatanodeService@403f7aa2
2019-09-10 12:59:48,063 [main] INFO  impl.MetricsSystemImpl (MetricsSystemImpl.java:init(158)) - HddsDatanode metrics system started (again)
2019-09-10 12:59:48,066 [org.apache.hadoop.util.JvmPauseMonitor$Monitor@385011d2] INFO  util.JvmPauseMonitor (JvmPauseMonitor.java:run(188)) - Starting JVM pause monitor
2019-09-10 12:59:48,067 [main] INFO  ozone.HddsDatanodeService (HddsDatanodeService.java:start(184)) - HddsDatanodeService host:pr-hdds-1571-5ln6c-1111760135 ip:192.168.5.153
2019-09-10 12:59:48,068 [Datanode State Machine Thread - 0] INFO  datanode.InitDatanodeState (InitDatanodeState.java:persistContainerDatanodeDetails(140)) - DatanodeDetails is persisted to /workdir/hadoop-ozone/integration-test/target/test-dir/MiniOzoneClusterImpl-74450ed2-7f0c-43e6-83a9-4ec0eb8ed3d0/datanode-1/meta/datanode.id
2019-09-10 12:59:48,074 [main] INFO  volume.HddsVolume (HddsVolume.java:<init>(176)) - Creating Volume: /workdir/hadoop-ozone/integration-test/target/test-dir/MiniOzoneClusterImpl-74450ed2-7f0c-43e6-83a9-4ec0eb8ed3d0/datanode-2/data/containers/hdds of  storage type : DISK and capacity : 1482555576320
2019-09-10 12:59:48,074 [main] INFO  volume.VolumeSet (VolumeSet.java:initializeVolumeSet(170)) - Added Volume : /workdir/hadoop-ozone/integration-test/target/test-dir/MiniOzoneClusterImpl-74450ed2-7f0c-43e6-83a9-4ec0eb8ed3d0/datanode-2/data/containers/hdds to VolumeSet
2019-09-10 12:59:48,074 [main] INFO  volume.ThrottledAsyncChecker (ThrottledAsyncChecker.java:schedule(140)) - Scheduling a check for org.apache.hadoop.ozone.container.common.volume.HddsVolume@32f308c6
2019-09-10 12:59:48,075 [main] INFO  volume.HddsVolumeChecker (HddsVolumeChecker.java:checkAllVolumes(203)) - Scheduled health check for volume org.apache.hadoop.ozone.container.common.volume.HddsVolume@32f308c6
2019-09-10 12:59:48,089 [main] INFO  impl.RaftServerProxy (ConfUtils.java:logGet(43)) - raft.rpc.type = GRPC (default)
2019-09-10 12:59:48,089 [main] INFO  grpc.GrpcFactory (GrpcFactory.java:checkPooledByteBufAllocatorUseCacheForAllThreads(45)) - PERFORMANCE WARNING: useCacheForAllThreads is true that may cause Netty to create a lot garbage objects and, as a result, trigger GC.
	It is recommended to disable useCacheForAllThreads by setting -Dorg.apache.ratis.thirdparty.io.netty.allocator.useCacheForAllThreads=false in command line.
2019-09-10 12:59:48,089 [main] INFO  grpc.GrpcConfigKeys$Server (ConfUtils.java:logGet(43)) - raft.grpc.server.port = 0 (default)
2019-09-10 12:59:48,090 [main] INFO  server.GrpcService (ConfUtils.java:logGet(43)) - raft.grpc.message.size.max = 33570816 (custom)
2019-09-10 12:59:48,090 [main] INFO  server.RaftServerConfigKeys (ConfUtils.java:logGet(43)) - raft.server.log.appender.buffer.byte-limit = 33554432 (custom)
2019-09-10 12:59:48,090 [main] INFO  server.GrpcService (ConfUtils.java:logGet(43)) - raft.grpc.flow.control.window = 1MB (=1048576) (default)
2019-09-10 12:59:48,090 [main] INFO  server.RaftServerConfigKeys (ConfUtils.java:logGet(43)) - raft.server.rpc.request.timeout = 3000ms (default)
2019-09-10 12:59:48,091 [main] INFO  server.RaftServerConfigKeys (ConfUtils.java:logGet(43)) - raft.server.storage.dir = [/workdir/hadoop-ozone/integration-test/target/test-dir/MiniOzoneClusterImpl-74450ed2-7f0c-43e6-83a9-4ec0eb8ed3d0/datanode-2/data/ratis] (custom)
2019-09-10 12:59:48,091 [main] INFO  replication.SimpleContainerDownloader (SimpleContainerDownloader.java:<init>(72)) - Starting container downloader service to copy containers to replicate.
2019-09-10 12:59:48,092 [main] INFO  hdfs.DFSUtil (DFSUtil.java:httpServerTemplateForNNAndJN(1641)) - Starting Web-server for hddsDatanode at: http://0.0.0.0:0
2019-09-10 12:59:48,093 [main] INFO  server.AuthenticationFilter (AuthenticationFilter.java:constructSecretProvider(240)) - Unable to initialize FileSignerSecretProvider, falling back to use random secrets.
2019-09-10 12:59:48,094 [main] WARN  http.HttpRequestLog (HttpRequestLog.java:getRequestLog(97)) - Jetty request log can only be enabled using Log4j
2019-09-10 12:59:48,095 [main] INFO  http.HttpServer2 (HttpServer2.java:addGlobalFilter(975)) - Added global filter 'safety' (class=org.apache.hadoop.http.HttpServer2$QuotingInputFilter)
2019-09-10 12:59:48,096 [main] INFO  http.HttpServer2 (HttpServer2.java:addFilter(948)) - Added filter static_user_filter (class=org.apache.hadoop.http.lib.StaticUserWebFilter$StaticUserFilter) to context hddsDatanode
2019-09-10 12:59:48,096 [main] INFO  http.HttpServer2 (HttpServer2.java:addFilter(958)) - Added filter static_user_filter (class=org.apache.hadoop.http.lib.StaticUserWebFilter$StaticUserFilter) to context logs
2019-09-10 12:59:48,096 [main] INFO  http.HttpServer2 (HttpServer2.java:addFilter(958)) - Added filter static_user_filter (class=org.apache.hadoop.http.lib.StaticUserWebFilter$StaticUserFilter) to context static
2019-09-10 12:59:48,097 [main] INFO  http.HttpServer2 (HttpServer2.java:bindListener(1191)) - Jetty bound to port 42027
2019-09-10 12:59:48,097 [main] INFO  server.Server (Server.java:doStart(351)) - jetty-9.3.24.v20180605, build timestamp: 2018-06-05T17:11:56Z, git hash: 84205aa28f11a4f31f2a3b86d1bba2cc8ab69827
2019-09-10 12:59:48,099 [main] INFO  handler.ContextHandler (ContextHandler.java:doStart(781)) - Started o.e.j.s.ServletContextHandler@f49e81a{/logs,file:///workdir/hadoop-ozone/integration-test/target/log,AVAILABLE}
2019-09-10 12:59:48,099 [main] INFO  handler.ContextHandler (ContextHandler.java:doStart(781)) - Started o.e.j.s.ServletContextHandler@459bf87c{/static,jar:file:/home/user/.m2/repository/org/apache/hadoop/hadoop-hdds-container-service/0.5.0-SNAPSHOT/hadoop-hdds-container-service-0.5.0-SNAPSHOT.jar!/webapps/static,AVAILABLE}
2019-09-10 12:59:48,128 [main] INFO  handler.ContextHandler (ContextHandler.java:doStart(781)) - Started o.e.j.w.WebAppContext@72a34537{/,file:///tmp/jetty-0.0.0.0-42027-hddsDatanode-_-any-254741412629032028.dir/webapp/,AVAILABLE}{/hddsDatanode}
2019-09-10 12:59:48,128 [main] INFO  server.AbstractConnector (AbstractConnector.java:doStart(278)) - Started ServerConnector@24fef542{HTTP/1.1,[http/1.1]}{0.0.0.0:42027}
2019-09-10 12:59:48,130 [main] INFO  server.Server (Server.java:doStart(419)) - Started @61048ms
2019-09-10 12:59:48,130 [main] INFO  server.BaseHttpServer (BaseHttpServer.java:updateConnectorAddress(213)) - HTTP server of HDDSDATANODE is listening at http://0.0.0.0:42027
2019-09-10 12:59:48,276 | INFO  | ObjectStoreRestHttpServer | Listening HDDS REST traffic on /0.0.0.0:36332 |  
2019-09-10 12:59:48,277 [main] INFO  ozone.HddsDatanodeService (HddsDatanodeService.java:startPlugins(395)) - Started plug-in org.apache.hadoop.ozone.web.OzoneHddsDatanodeService@1b28cff
2019-09-10 12:59:48,277 [main] INFO  impl.MetricsSystemImpl (MetricsSystemImpl.java:init(158)) - HddsDatanode metrics system started (again)
2019-09-10 12:59:48,282 [org.apache.hadoop.util.JvmPauseMonitor$Monitor@2f9da5b9] INFO  util.JvmPauseMonitor (JvmPauseMonitor.java:run(188)) - Starting JVM pause monitor
2019-09-10 12:59:48,282 [main] INFO  ozone.HddsDatanodeService (HddsDatanodeService.java:start(184)) - HddsDatanodeService host:pr-hdds-1571-5ln6c-1111760135 ip:192.168.5.153
2019-09-10 12:59:48,285 [Datanode State Machine Thread - 0] INFO  datanode.InitDatanodeState (InitDatanodeState.java:persistContainerDatanodeDetails(140)) - DatanodeDetails is persisted to /workdir/hadoop-ozone/integration-test/target/test-dir/MiniOzoneClusterImpl-74450ed2-7f0c-43e6-83a9-4ec0eb8ed3d0/datanode-2/meta/datanode.id
2019-09-10 12:59:48,291 [main] INFO  volume.HddsVolume (HddsVolume.java:<init>(176)) - Creating Volume: /workdir/hadoop-ozone/integration-test/target/test-dir/MiniOzoneClusterImpl-74450ed2-7f0c-43e6-83a9-4ec0eb8ed3d0/datanode-3/data/containers/hdds of  storage type : DISK and capacity : 1482555576320
2019-09-10 12:59:48,291 [main] INFO  volume.VolumeSet (VolumeSet.java:initializeVolumeSet(170)) - Added Volume : /workdir/hadoop-ozone/integration-test/target/test-dir/MiniOzoneClusterImpl-74450ed2-7f0c-43e6-83a9-4ec0eb8ed3d0/datanode-3/data/containers/hdds to VolumeSet
2019-09-10 12:59:48,291 [main] INFO  volume.ThrottledAsyncChecker (ThrottledAsyncChecker.java:schedule(140)) - Scheduling a check for org.apache.hadoop.ozone.container.common.volume.HddsVolume@23d0944b
2019-09-10 12:59:48,292 [main] INFO  volume.HddsVolumeChecker (HddsVolumeChecker.java:checkAllVolumes(203)) - Scheduled health check for volume org.apache.hadoop.ozone.container.common.volume.HddsVolume@23d0944b
2019-09-10 12:59:48,315 [main] INFO  impl.RaftServerProxy (ConfUtils.java:logGet(43)) - raft.rpc.type = GRPC (default)
2019-09-10 12:59:48,315 [main] INFO  grpc.GrpcFactory (GrpcFactory.java:checkPooledByteBufAllocatorUseCacheForAllThreads(45)) - PERFORMANCE WARNING: useCacheForAllThreads is true that may cause Netty to create a lot garbage objects and, as a result, trigger GC.
	It is recommended to disable useCacheForAllThreads by setting -Dorg.apache.ratis.thirdparty.io.netty.allocator.useCacheForAllThreads=false in command line.
2019-09-10 12:59:48,315 [main] INFO  grpc.GrpcConfigKeys$Server (ConfUtils.java:logGet(43)) - raft.grpc.server.port = 0 (default)
2019-09-10 12:59:48,316 [main] INFO  server.GrpcService (ConfUtils.java:logGet(43)) - raft.grpc.message.size.max = 33570816 (custom)
2019-09-10 12:59:48,316 [main] INFO  server.RaftServerConfigKeys (ConfUtils.java:logGet(43)) - raft.server.log.appender.buffer.byte-limit = 33554432 (custom)
2019-09-10 12:59:48,316 [main] INFO  server.GrpcService (ConfUtils.java:logGet(43)) - raft.grpc.flow.control.window = 1MB (=1048576) (default)
2019-09-10 12:59:48,317 [main] INFO  server.RaftServerConfigKeys (ConfUtils.java:logGet(43)) - raft.server.rpc.request.timeout = 3000ms (default)
2019-09-10 12:59:48,317 [main] INFO  server.RaftServerConfigKeys (ConfUtils.java:logGet(43)) - raft.server.storage.dir = [/workdir/hadoop-ozone/integration-test/target/test-dir/MiniOzoneClusterImpl-74450ed2-7f0c-43e6-83a9-4ec0eb8ed3d0/datanode-3/data/ratis] (custom)
2019-09-10 12:59:48,318 [main] INFO  replication.SimpleContainerDownloader (SimpleContainerDownloader.java:<init>(72)) - Starting container downloader service to copy containers to replicate.
2019-09-10 12:59:48,320 [main] INFO  hdfs.DFSUtil (DFSUtil.java:httpServerTemplateForNNAndJN(1641)) - Starting Web-server for hddsDatanode at: http://0.0.0.0:0
2019-09-10 12:59:48,321 [main] INFO  server.AuthenticationFilter (AuthenticationFilter.java:constructSecretProvider(240)) - Unable to initialize FileSignerSecretProvider, falling back to use random secrets.
2019-09-10 12:59:48,322 [main] WARN  http.HttpRequestLog (HttpRequestLog.java:getRequestLog(97)) - Jetty request log can only be enabled using Log4j
2019-09-10 12:59:48,323 [main] INFO  http.HttpServer2 (HttpServer2.java:addGlobalFilter(975)) - Added global filter 'safety' (class=org.apache.hadoop.http.HttpServer2$QuotingInputFilter)
2019-09-10 12:59:48,324 [main] INFO  http.HttpServer2 (HttpServer2.java:addFilter(948)) - Added filter static_user_filter (class=org.apache.hadoop.http.lib.StaticUserWebFilter$StaticUserFilter) to context hddsDatanode
2019-09-10 12:59:48,324 [main] INFO  http.HttpServer2 (HttpServer2.java:addFilter(958)) - Added filter static_user_filter (class=org.apache.hadoop.http.lib.StaticUserWebFilter$StaticUserFilter) to context logs
2019-09-10 12:59:48,324 [main] INFO  http.HttpServer2 (HttpServer2.java:addFilter(958)) - Added filter static_user_filter (class=org.apache.hadoop.http.lib.StaticUserWebFilter$StaticUserFilter) to context static
2019-09-10 12:59:48,325 [main] INFO  http.HttpServer2 (HttpServer2.java:bindListener(1191)) - Jetty bound to port 40577
2019-09-10 12:59:48,325 [main] INFO  server.Server (Server.java:doStart(351)) - jetty-9.3.24.v20180605, build timestamp: 2018-06-05T17:11:56Z, git hash: 84205aa28f11a4f31f2a3b86d1bba2cc8ab69827
2019-09-10 12:59:48,327 [main] INFO  handler.ContextHandler (ContextHandler.java:doStart(781)) - Started o.e.j.s.ServletContextHandler@2cadcff6{/logs,file:///workdir/hadoop-ozone/integration-test/target/log,AVAILABLE}
2019-09-10 12:59:48,328 [main] INFO  handler.ContextHandler (ContextHandler.java:doStart(781)) - Started o.e.j.s.ServletContextHandler@7ee2423{/static,jar:file:/home/user/.m2/repository/org/apache/hadoop/hadoop-hdds-container-service/0.5.0-SNAPSHOT/hadoop-hdds-container-service-0.5.0-SNAPSHOT.jar!/webapps/static,AVAILABLE}
2019-09-10 12:59:48,359 [main] INFO  handler.ContextHandler (ContextHandler.java:doStart(781)) - Started o.e.j.w.WebAppContext@7d1cdeb1{/,file:///tmp/jetty-0.0.0.0-40577-hddsDatanode-_-any-4388892179851023864.dir/webapp/,AVAILABLE}{/hddsDatanode}
2019-09-10 12:59:48,360 [main] INFO  server.AbstractConnector (AbstractConnector.java:doStart(278)) - Started ServerConnector@c4551c6{HTTP/1.1,[http/1.1]}{0.0.0.0:40577}
2019-09-10 12:59:48,362 [main] INFO  server.Server (Server.java:doStart(419)) - Started @61280ms
2019-09-10 12:59:48,362 [main] INFO  server.BaseHttpServer (BaseHttpServer.java:updateConnectorAddress(213)) - HTTP server of HDDSDATANODE is listening at http://0.0.0.0:40577
2019-09-10 12:59:48,489 | INFO  | ObjectStoreRestHttpServer | Listening HDDS REST traffic on /0.0.0.0:35202 |  
2019-09-10 12:59:48,489 [main] INFO  ozone.HddsDatanodeService (HddsDatanodeService.java:startPlugins(395)) - Started plug-in org.apache.hadoop.ozone.web.OzoneHddsDatanodeService@62794582
2019-09-10 12:59:48,489 [main] INFO  impl.MetricsSystemImpl (MetricsSystemImpl.java:init(158)) - HddsDatanode metrics system started (again)
2019-09-10 12:59:48,494 [org.apache.hadoop.util.JvmPauseMonitor$Monitor@7631051d] INFO  util.JvmPauseMonitor (JvmPauseMonitor.java:run(188)) - Starting JVM pause monitor
2019-09-10 12:59:48,494 [main] INFO  ozone.HddsDatanodeService (HddsDatanodeService.java:start(184)) - HddsDatanodeService host:pr-hdds-1571-5ln6c-1111760135 ip:192.168.5.153
2019-09-10 12:59:48,495 [Datanode State Machine Thread - 0] INFO  datanode.InitDatanodeState (InitDatanodeState.java:persistContainerDatanodeDetails(140)) - DatanodeDetails is persisted to /workdir/hadoop-ozone/integration-test/target/test-dir/MiniOzoneClusterImpl-74450ed2-7f0c-43e6-83a9-4ec0eb8ed3d0/datanode-3/meta/datanode.id
2019-09-10 12:59:48,502 [main] INFO  volume.HddsVolume (HddsVolume.java:<init>(176)) - Creating Volume: /workdir/hadoop-ozone/integration-test/target/test-dir/MiniOzoneClusterImpl-74450ed2-7f0c-43e6-83a9-4ec0eb8ed3d0/datanode-4/data/containers/hdds of  storage type : DISK and capacity : 1482555576320
2019-09-10 12:59:48,502 [main] INFO  volume.VolumeSet (VolumeSet.java:initializeVolumeSet(170)) - Added Volume : /workdir/hadoop-ozone/integration-test/target/test-dir/MiniOzoneClusterImpl-74450ed2-7f0c-43e6-83a9-4ec0eb8ed3d0/datanode-4/data/containers/hdds to VolumeSet
2019-09-10 12:59:48,502 [main] INFO  volume.ThrottledAsyncChecker (ThrottledAsyncChecker.java:schedule(140)) - Scheduling a check for org.apache.hadoop.ozone.container.common.volume.HddsVolume@3c8fe8ad
2019-09-10 12:59:48,503 [main] INFO  volume.HddsVolumeChecker (HddsVolumeChecker.java:checkAllVolumes(203)) - Scheduled health check for volume org.apache.hadoop.ozone.container.common.volume.HddsVolume@3c8fe8ad
2019-09-10 12:59:48,520 [main] INFO  impl.RaftServerProxy (ConfUtils.java:logGet(43)) - raft.rpc.type = GRPC (default)
2019-09-10 12:59:48,521 [main] INFO  grpc.GrpcFactory (GrpcFactory.java:checkPooledByteBufAllocatorUseCacheForAllThreads(45)) - PERFORMANCE WARNING: useCacheForAllThreads is true that may cause Netty to create a lot garbage objects and, as a result, trigger GC.
	It is recommended to disable useCacheForAllThreads by setting -Dorg.apache.ratis.thirdparty.io.netty.allocator.useCacheForAllThreads=false in command line.
2019-09-10 12:59:48,521 [main] INFO  grpc.GrpcConfigKeys$Server (ConfUtils.java:logGet(43)) - raft.grpc.server.port = 0 (default)
2019-09-10 12:59:48,521 [main] INFO  server.GrpcService (ConfUtils.java:logGet(43)) - raft.grpc.message.size.max = 33570816 (custom)
2019-09-10 12:59:48,521 [main] INFO  server.RaftServerConfigKeys (ConfUtils.java:logGet(43)) - raft.server.log.appender.buffer.byte-limit = 33554432 (custom)
2019-09-10 12:59:48,521 [main] INFO  server.GrpcService (ConfUtils.java:logGet(43)) - raft.grpc.flow.control.window = 1MB (=1048576) (default)
2019-09-10 12:59:48,522 [main] INFO  server.RaftServerConfigKeys (ConfUtils.java:logGet(43)) - raft.server.rpc.request.timeout = 3000ms (default)
2019-09-10 12:59:48,522 [main] INFO  server.RaftServerConfigKeys (ConfUtils.java:logGet(43)) - raft.server.storage.dir = [/workdir/hadoop-ozone/integration-test/target/test-dir/MiniOzoneClusterImpl-74450ed2-7f0c-43e6-83a9-4ec0eb8ed3d0/datanode-4/data/ratis] (custom)
2019-09-10 12:59:48,523 [main] INFO  replication.SimpleContainerDownloader (SimpleContainerDownloader.java:<init>(72)) - Starting container downloader service to copy containers to replicate.
2019-09-10 12:59:48,524 [main] INFO  hdfs.DFSUtil (DFSUtil.java:httpServerTemplateForNNAndJN(1641)) - Starting Web-server for hddsDatanode at: http://0.0.0.0:0
2019-09-10 12:59:48,525 [main] INFO  server.AuthenticationFilter (AuthenticationFilter.java:constructSecretProvider(240)) - Unable to initialize FileSignerSecretProvider, falling back to use random secrets.
2019-09-10 12:59:48,526 [main] WARN  http.HttpRequestLog (HttpRequestLog.java:getRequestLog(97)) - Jetty request log can only be enabled using Log4j
2019-09-10 12:59:48,527 [main] INFO  http.HttpServer2 (HttpServer2.java:addGlobalFilter(975)) - Added global filter 'safety' (class=org.apache.hadoop.http.HttpServer2$QuotingInputFilter)
2019-09-10 12:59:48,528 [main] INFO  http.HttpServer2 (HttpServer2.java:addFilter(948)) - Added filter static_user_filter (class=org.apache.hadoop.http.lib.StaticUserWebFilter$StaticUserFilter) to context hddsDatanode
2019-09-10 12:59:48,528 [main] INFO  http.HttpServer2 (HttpServer2.java:addFilter(958)) - Added filter static_user_filter (class=org.apache.hadoop.http.lib.StaticUserWebFilter$StaticUserFilter) to context static
2019-09-10 12:59:48,528 [main] INFO  http.HttpServer2 (HttpServer2.java:addFilter(958)) - Added filter static_user_filter (class=org.apache.hadoop.http.lib.StaticUserWebFilter$StaticUserFilter) to context logs
2019-09-10 12:59:48,529 [main] INFO  http.HttpServer2 (HttpServer2.java:bindListener(1191)) - Jetty bound to port 43641
2019-09-10 12:59:48,529 [main] INFO  server.Server (Server.java:doStart(351)) - jetty-9.3.24.v20180605, build timestamp: 2018-06-05T17:11:56Z, git hash: 84205aa28f11a4f31f2a3b86d1bba2cc8ab69827
2019-09-10 12:59:48,531 [main] INFO  handler.ContextHandler (ContextHandler.java:doStart(781)) - Started o.e.j.s.ServletContextHandler@2cc61b3b{/logs,file:///workdir/hadoop-ozone/integration-test/target/log,AVAILABLE}
2019-09-10 12:59:48,532 [main] INFO  handler.ContextHandler (ContextHandler.java:doStart(781)) - Started o.e.j.s.ServletContextHandler@2c0fefac{/static,jar:file:/home/user/.m2/repository/org/apache/hadoop/hadoop-hdds-container-service/0.5.0-SNAPSHOT/hadoop-hdds-container-service-0.5.0-SNAPSHOT.jar!/webapps/static,AVAILABLE}
2019-09-10 12:59:48,560 [main] INFO  handler.ContextHandler (ContextHandler.java:doStart(781)) - Started o.e.j.w.WebAppContext@16949dfa{/,file:///tmp/jetty-0.0.0.0-43641-hddsDatanode-_-any-213319386844624176.dir/webapp/,AVAILABLE}{/hddsDatanode}
2019-09-10 12:59:48,560 [main] INFO  server.AbstractConnector (AbstractConnector.java:doStart(278)) - Started ServerConnector@d6d683e{HTTP/1.1,[http/1.1]}{0.0.0.0:43641}
2019-09-10 12:59:48,562 [main] INFO  server.Server (Server.java:doStart(419)) - Started @61480ms
2019-09-10 12:59:48,562 [main] INFO  server.BaseHttpServer (BaseHttpServer.java:updateConnectorAddress(213)) - HTTP server of HDDSDATANODE is listening at http://0.0.0.0:43641
2019-09-10 12:59:48,969 | INFO  | ObjectStoreRestHttpServer | Listening HDDS REST traffic on /0.0.0.0:40016 |  
2019-09-10 12:59:48,970 [main] INFO  ozone.HddsDatanodeService (HddsDatanodeService.java:startPlugins(395)) - Started plug-in org.apache.hadoop.ozone.web.OzoneHddsDatanodeService@3ad2883a
2019-09-10 12:59:48,970 [main] INFO  impl.MetricsSystemImpl (MetricsSystemImpl.java:init(158)) - HddsDatanode metrics system started (again)
2019-09-10 12:59:48,976 [main] INFO  ozone.HddsDatanodeService (HddsDatanodeService.java:start(184)) - HddsDatanodeService host:pr-hdds-1571-5ln6c-1111760135 ip:192.168.5.153
2019-09-10 12:59:48,976 [org.apache.hadoop.util.JvmPauseMonitor$Monitor@290eb54f] INFO  util.JvmPauseMonitor (JvmPauseMonitor.java:run(188)) - Starting JVM pause monitor
2019-09-10 12:59:48,979 [Datanode State Machine Thread - 0] INFO  datanode.InitDatanodeState (InitDatanodeState.java:persistContainerDatanodeDetails(140)) - DatanodeDetails is persisted to /workdir/hadoop-ozone/integration-test/target/test-dir/MiniOzoneClusterImpl-74450ed2-7f0c-43e6-83a9-4ec0eb8ed3d0/datanode-4/meta/datanode.id
2019-09-10 12:59:48,985 [main] INFO  volume.HddsVolume (HddsVolume.java:<init>(176)) - Creating Volume: /workdir/hadoop-ozone/integration-test/target/test-dir/MiniOzoneClusterImpl-74450ed2-7f0c-43e6-83a9-4ec0eb8ed3d0/datanode-5/data/containers/hdds of  storage type : DISK and capacity : 1482555576320
2019-09-10 12:59:48,985 [main] INFO  volume.VolumeSet (VolumeSet.java:initializeVolumeSet(170)) - Added Volume : /workdir/hadoop-ozone/integration-test/target/test-dir/MiniOzoneClusterImpl-74450ed2-7f0c-43e6-83a9-4ec0eb8ed3d0/datanode-5/data/containers/hdds to VolumeSet
2019-09-10 12:59:48,985 [main] INFO  volume.ThrottledAsyncChecker (ThrottledAsyncChecker.java:schedule(140)) - Scheduling a check for org.apache.hadoop.ozone.container.common.volume.HddsVolume@5b5b8730
2019-09-10 12:59:48,986 [main] INFO  volume.HddsVolumeChecker (HddsVolumeChecker.java:checkAllVolumes(203)) - Scheduled health check for volume org.apache.hadoop.ozone.container.common.volume.HddsVolume@5b5b8730
2019-09-10 12:59:49,001 [main] INFO  impl.RaftServerProxy (ConfUtils.java:logGet(43)) - raft.rpc.type = GRPC (default)
2019-09-10 12:59:49,002 [main] INFO  grpc.GrpcFactory (GrpcFactory.java:checkPooledByteBufAllocatorUseCacheForAllThreads(45)) - PERFORMANCE WARNING: useCacheForAllThreads is true that may cause Netty to create a lot garbage objects and, as a result, trigger GC.
	It is recommended to disable useCacheForAllThreads by setting -Dorg.apache.ratis.thirdparty.io.netty.allocator.useCacheForAllThreads=false in command line.
2019-09-10 12:59:49,002 [main] INFO  grpc.GrpcConfigKeys$Server (ConfUtils.java:logGet(43)) - raft.grpc.server.port = 0 (default)
2019-09-10 12:59:49,002 [main] INFO  server.GrpcService (ConfUtils.java:logGet(43)) - raft.grpc.message.size.max = 33570816 (custom)
2019-09-10 12:59:49,002 [main] INFO  server.RaftServerConfigKeys (ConfUtils.java:logGet(43)) - raft.server.log.appender.buffer.byte-limit = 33554432 (custom)
2019-09-10 12:59:49,003 [main] INFO  server.GrpcService (ConfUtils.java:logGet(43)) - raft.grpc.flow.control.window = 1MB (=1048576) (default)
2019-09-10 12:59:49,003 [main] INFO  server.RaftServerConfigKeys (ConfUtils.java:logGet(43)) - raft.server.rpc.request.timeout = 3000ms (default)
2019-09-10 12:59:49,004 [main] INFO  server.RaftServerConfigKeys (ConfUtils.java:logGet(43)) - raft.server.storage.dir = [/workdir/hadoop-ozone/integration-test/target/test-dir/MiniOzoneClusterImpl-74450ed2-7f0c-43e6-83a9-4ec0eb8ed3d0/datanode-5/data/ratis] (custom)
2019-09-10 12:59:49,004 [main] INFO  replication.SimpleContainerDownloader (SimpleContainerDownloader.java:<init>(72)) - Starting container downloader service to copy containers to replicate.
2019-09-10 12:59:49,005 [main] INFO  hdfs.DFSUtil (DFSUtil.java:httpServerTemplateForNNAndJN(1641)) - Starting Web-server for hddsDatanode at: http://0.0.0.0:0
2019-09-10 12:59:49,008 [main] INFO  server.AuthenticationFilter (AuthenticationFilter.java:constructSecretProvider(240)) - Unable to initialize FileSignerSecretProvider, falling back to use random secrets.
2019-09-10 12:59:49,009 [main] WARN  http.HttpRequestLog (HttpRequestLog.java:getRequestLog(97)) - Jetty request log can only be enabled using Log4j
2019-09-10 12:59:49,013 [main] INFO  http.HttpServer2 (HttpServer2.java:addGlobalFilter(975)) - Added global filter 'safety' (class=org.apache.hadoop.http.HttpServer2$QuotingInputFilter)
2019-09-10 12:59:49,014 [main] INFO  http.HttpServer2 (HttpServer2.java:addFilter(948)) - Added filter static_user_filter (class=org.apache.hadoop.http.lib.StaticUserWebFilter$StaticUserFilter) to context hddsDatanode
2019-09-10 12:59:49,015 [main] INFO  http.HttpServer2 (HttpServer2.java:addFilter(958)) - Added filter static_user_filter (class=org.apache.hadoop.http.lib.StaticUserWebFilter$StaticUserFilter) to context static
2019-09-10 12:59:49,015 [main] INFO  http.HttpServer2 (HttpServer2.java:addFilter(958)) - Added filter static_user_filter (class=org.apache.hadoop.http.lib.StaticUserWebFilter$StaticUserFilter) to context logs
2019-09-10 12:59:49,016 [main] INFO  http.HttpServer2 (HttpServer2.java:bindListener(1191)) - Jetty bound to port 37758
2019-09-10 12:59:49,017 [main] INFO  server.Server (Server.java:doStart(351)) - jetty-9.3.24.v20180605, build timestamp: 2018-06-05T17:11:56Z, git hash: 84205aa28f11a4f31f2a3b86d1bba2cc8ab69827
2019-09-10 12:59:49,020 [main] INFO  handler.ContextHandler (ContextHandler.java:doStart(781)) - Started o.e.j.s.ServletContextHandler@35d114f4{/logs,file:///workdir/hadoop-ozone/integration-test/target/log,AVAILABLE}
2019-09-10 12:59:49,021 [main] INFO  handler.ContextHandler (ContextHandler.java:doStart(781)) - Started o.e.j.s.ServletContextHandler@4be460e5{/static,jar:file:/home/user/.m2/repository/org/apache/hadoop/hadoop-hdds-container-service/0.5.0-SNAPSHOT/hadoop-hdds-container-service-0.5.0-SNAPSHOT.jar!/webapps/static,AVAILABLE}
2019-09-10 12:59:49,057 [main] INFO  handler.ContextHandler (ContextHandler.java:doStart(781)) - Started o.e.j.w.WebAppContext@736788b{/,file:///tmp/jetty-0.0.0.0-37758-hddsDatanode-_-any-4762361468657851017.dir/webapp/,AVAILABLE}{/hddsDatanode}
2019-09-10 12:59:49,058 [main] INFO  server.AbstractConnector (AbstractConnector.java:doStart(278)) - Started ServerConnector@38968752{HTTP/1.1,[http/1.1]}{0.0.0.0:37758}
2019-09-10 12:59:49,060 [main] INFO  server.Server (Server.java:doStart(419)) - Started @61978ms
2019-09-10 12:59:49,061 [main] INFO  server.BaseHttpServer (BaseHttpServer.java:updateConnectorAddress(213)) - HTTP server of HDDSDATANODE is listening at http://0.0.0.0:37758
2019-09-10 12:59:49,198 | INFO  | ObjectStoreRestHttpServer | Listening HDDS REST traffic on /0.0.0.0:41758 |  
2019-09-10 12:59:49,198 [main] INFO  ozone.HddsDatanodeService (HddsDatanodeService.java:startPlugins(395)) - Started plug-in org.apache.hadoop.ozone.web.OzoneHddsDatanodeService@4feec184
2019-09-10 12:59:49,200 [main] INFO  impl.MetricsSystemImpl (MetricsSystemImpl.java:init(158)) - HddsDatanode metrics system started (again)
2019-09-10 12:59:49,206 [org.apache.hadoop.util.JvmPauseMonitor$Monitor@24bd9853] INFO  util.JvmPauseMonitor (JvmPauseMonitor.java:run(188)) - Starting JVM pause monitor
2019-09-10 12:59:49,208 [Datanode State Machine Thread - 0] INFO  datanode.InitDatanodeState (InitDatanodeState.java:persistContainerDatanodeDetails(140)) - DatanodeDetails is persisted to /workdir/hadoop-ozone/integration-test/target/test-dir/MiniOzoneClusterImpl-74450ed2-7f0c-43e6-83a9-4ec0eb8ed3d0/datanode-5/meta/datanode.id
2019-09-10 12:59:49,212 [main] INFO  ozone.HddsDatanodeService (HddsDatanodeService.java:start(184)) - HddsDatanodeService host:pr-hdds-1571-5ln6c-1111760135 ip:192.168.5.153
2019-09-10 12:59:49,222 [main] INFO  volume.HddsVolume (HddsVolume.java:<init>(176)) - Creating Volume: /workdir/hadoop-ozone/integration-test/target/test-dir/MiniOzoneClusterImpl-74450ed2-7f0c-43e6-83a9-4ec0eb8ed3d0/datanode-6/data/containers/hdds of  storage type : DISK and capacity : 1482555576320
2019-09-10 12:59:49,223 [main] INFO  volume.VolumeSet (VolumeSet.java:initializeVolumeSet(170)) - Added Volume : /workdir/hadoop-ozone/integration-test/target/test-dir/MiniOzoneClusterImpl-74450ed2-7f0c-43e6-83a9-4ec0eb8ed3d0/datanode-6/data/containers/hdds to VolumeSet
2019-09-10 12:59:49,224 [main] INFO  volume.ThrottledAsyncChecker (ThrottledAsyncChecker.java:schedule(140)) - Scheduling a check for org.apache.hadoop.ozone.container.common.volume.HddsVolume@499c4d61
2019-09-10 12:59:49,224 [main] INFO  volume.HddsVolumeChecker (HddsVolumeChecker.java:checkAllVolumes(203)) - Scheduled health check for volume org.apache.hadoop.ozone.container.common.volume.HddsVolume@499c4d61
2019-09-10 12:59:49,244 [main] INFO  impl.RaftServerProxy (ConfUtils.java:logGet(43)) - raft.rpc.type = GRPC (default)
2019-09-10 12:59:49,245 [main] INFO  grpc.GrpcFactory (GrpcFactory.java:checkPooledByteBufAllocatorUseCacheForAllThreads(45)) - PERFORMANCE WARNING: useCacheForAllThreads is true that may cause Netty to create a lot garbage objects and, as a result, trigger GC.
	It is recommended to disable useCacheForAllThreads by setting -Dorg.apache.ratis.thirdparty.io.netty.allocator.useCacheForAllThreads=false in command line.
2019-09-10 12:59:49,245 [main] INFO  grpc.GrpcConfigKeys$Server (ConfUtils.java:logGet(43)) - raft.grpc.server.port = 0 (default)
2019-09-10 12:59:49,246 [main] INFO  server.GrpcService (ConfUtils.java:logGet(43)) - raft.grpc.message.size.max = 33570816 (custom)
2019-09-10 12:59:49,246 [main] INFO  server.RaftServerConfigKeys (ConfUtils.java:logGet(43)) - raft.server.log.appender.buffer.byte-limit = 33554432 (custom)
2019-09-10 12:59:49,246 [main] INFO  server.GrpcService (ConfUtils.java:logGet(43)) - raft.grpc.flow.control.window = 1MB (=1048576) (default)
2019-09-10 12:59:49,247 [main] INFO  server.RaftServerConfigKeys (ConfUtils.java:logGet(43)) - raft.server.rpc.request.timeout = 3000ms (default)
2019-09-10 12:59:49,248 [main] INFO  server.RaftServerConfigKeys (ConfUtils.java:logGet(43)) - raft.server.storage.dir = [/workdir/hadoop-ozone/integration-test/target/test-dir/MiniOzoneClusterImpl-74450ed2-7f0c-43e6-83a9-4ec0eb8ed3d0/datanode-6/data/ratis] (custom)
2019-09-10 12:59:49,249 [main] INFO  replication.SimpleContainerDownloader (SimpleContainerDownloader.java:<init>(72)) - Starting container downloader service to copy containers to replicate.
2019-09-10 12:59:49,251 [main] INFO  hdfs.DFSUtil (DFSUtil.java:httpServerTemplateForNNAndJN(1641)) - Starting Web-server for hddsDatanode at: http://0.0.0.0:0
2019-09-10 12:59:49,253 [main] INFO  server.AuthenticationFilter (AuthenticationFilter.java:constructSecretProvider(240)) - Unable to initialize FileSignerSecretProvider, falling back to use random secrets.
2019-09-10 12:59:49,255 [main] WARN  http.HttpRequestLog (HttpRequestLog.java:getRequestLog(97)) - Jetty request log can only be enabled using Log4j
2019-09-10 12:59:49,257 [main] INFO  http.HttpServer2 (HttpServer2.java:addGlobalFilter(975)) - Added global filter 'safety' (class=org.apache.hadoop.http.HttpServer2$QuotingInputFilter)
2019-09-10 12:59:49,258 [main] INFO  http.HttpServer2 (HttpServer2.java:addFilter(948)) - Added filter static_user_filter (class=org.apache.hadoop.http.lib.StaticUserWebFilter$StaticUserFilter) to context hddsDatanode
2019-09-10 12:59:49,258 [main] INFO  http.HttpServer2 (HttpServer2.java:addFilter(958)) - Added filter static_user_filter (class=org.apache.hadoop.http.lib.StaticUserWebFilter$StaticUserFilter) to context static
2019-09-10 12:59:49,259 [main] INFO  http.HttpServer2 (HttpServer2.java:addFilter(958)) - Added filter static_user_filter (class=org.apache.hadoop.http.lib.StaticUserWebFilter$StaticUserFilter) to context logs
2019-09-10 12:59:49,260 [main] INFO  http.HttpServer2 (HttpServer2.java:bindListener(1191)) - Jetty bound to port 41145
2019-09-10 12:59:49,260 [main] INFO  server.Server (Server.java:doStart(351)) - jetty-9.3.24.v20180605, build timestamp: 2018-06-05T17:11:56Z, git hash: 84205aa28f11a4f31f2a3b86d1bba2cc8ab69827
2019-09-10 12:59:49,265 [main] INFO  handler.ContextHandler (ContextHandler.java:doStart(781)) - Started o.e.j.s.ServletContextHandler@50e8ed74{/logs,file:///workdir/hadoop-ozone/integration-test/target/log,AVAILABLE}
2019-09-10 12:59:49,266 [main] INFO  handler.ContextHandler (ContextHandler.java:doStart(781)) - Started o.e.j.s.ServletContextHandler@3063be68{/static,jar:file:/home/user/.m2/repository/org/apache/hadoop/hadoop-hdds-container-service/0.5.0-SNAPSHOT/hadoop-hdds-container-service-0.5.0-SNAPSHOT.jar!/webapps/static,AVAILABLE}
2019-09-10 12:59:49,308 [main] INFO  handler.ContextHandler (ContextHandler.java:doStart(781)) - Started o.e.j.w.WebAppContext@729d6ee2{/,file:///tmp/jetty-0.0.0.0-41145-hddsDatanode-_-any-1918794484996529027.dir/webapp/,AVAILABLE}{/hddsDatanode}
2019-09-10 12:59:49,308 [main] INFO  server.AbstractConnector (AbstractConnector.java:doStart(278)) - Started ServerConnector@4adcc981{HTTP/1.1,[http/1.1]}{0.0.0.0:41145}
2019-09-10 12:59:49,310 [main] INFO  server.Server (Server.java:doStart(419)) - Started @62228ms
2019-09-10 12:59:49,311 [main] INFO  server.BaseHttpServer (BaseHttpServer.java:updateConnectorAddress(213)) - HTTP server of HDDSDATANODE is listening at http://0.0.0.0:41145
2019-09-10 12:59:49,437 | INFO  | ObjectStoreRestHttpServer | Listening HDDS REST traffic on /0.0.0.0:33569 |  
2019-09-10 12:59:49,438 [main] INFO  ozone.HddsDatanodeService (HddsDatanodeService.java:startPlugins(395)) - Started plug-in org.apache.hadoop.ozone.web.OzoneHddsDatanodeService@5383bf08
2019-09-10 12:59:49,438 [main] INFO  ozone.MiniOzoneClusterImpl (MiniOzoneClusterImpl.java:lambda$waitForClusterToBeReady$0(142)) - Waiting for cluster to be ready. Got 0 of 7 DN Heartbeats.
2019-09-10 12:59:49,442 [org.apache.hadoop.util.JvmPauseMonitor$Monitor@15111c9e] INFO  util.JvmPauseMonitor (JvmPauseMonitor.java:run(188)) - Starting JVM pause monitor
2019-09-10 12:59:49,445 [Datanode State Machine Thread - 0] INFO  datanode.InitDatanodeState (InitDatanodeState.java:persistContainerDatanodeDetails(140)) - DatanodeDetails is persisted to /workdir/hadoop-ozone/integration-test/target/test-dir/MiniOzoneClusterImpl-74450ed2-7f0c-43e6-83a9-4ec0eb8ed3d0/datanode-6/meta/datanode.id
2019-09-10 12:59:49,865 | INFO  | SCMAudit | user=jenkins1000 | ip=192.168.5.153 | op=GET_VERSION null | ret=SUCCESS |  
2019-09-10 12:59:49,900 [Datanode State Machine Thread - 0] INFO  ozoneimpl.OzoneContainer (OzoneContainer.java:start(186)) - Attempting to start container services.
2019-09-10 12:59:49,903 [Datanode State Machine Thread - 0] INFO  ozoneimpl.OzoneContainer (OzoneContainer.java:startContainerScrub(160)) - Background container scrubber has been disabled by hdds.containerscrub.enabled
2019-09-10 12:59:49,903 [Datanode State Machine Thread - 0] INFO  ratis.XceiverServerRatis (XceiverServerRatis.java:start(404)) - Starting XceiverServerRatis 4afd2ab1-ec40-4403-b668-2a355860e883 at port 0
2019-09-10 12:59:49,911 [Datanode State Machine Thread - 0] INFO  impl.RaftServerProxy (RaftServerProxy.java:lambda$start$3(299)) - 4afd2ab1-ec40-4403-b668-2a355860e883: start RPC server
2019-09-10 12:59:49,914 [Datanode State Machine Thread - 0] INFO  server.GrpcService (GrpcService.java:startImpl(149)) - 4afd2ab1-ec40-4403-b668-2a355860e883: GrpcService started, listening on 0.0.0.0/0.0.0.0:32970
2019-09-10 12:59:49,914 [Datanode State Machine Thread - 0] INFO  ratis.XceiverServerRatis (XceiverServerRatis.java:start(414)) - XceiverServerRatis 4afd2ab1-ec40-4403-b668-2a355860e883 is started using port 32970
2019-09-10 12:59:49,915 [Datanode State Machine Thread - 0] INFO  server.XceiverServerGrpc (XceiverServerGrpc.java:start(163)) - XceiverServerGrpc 4afd2ab1-ec40-4403-b668-2a355860e883 is started using port 34587
2019-09-10 12:59:50,068 | INFO  | SCMAudit | user=jenkins1000 | ip=192.168.5.153 | op=GET_VERSION null | ret=SUCCESS |  
2019-09-10 12:59:50,100 [Datanode State Machine Thread - 0] INFO  ozoneimpl.OzoneContainer (OzoneContainer.java:start(186)) - Attempting to start container services.
2019-09-10 12:59:50,107 [Datanode State Machine Thread - 0] INFO  ozoneimpl.OzoneContainer (OzoneContainer.java:startContainerScrub(160)) - Background container scrubber has been disabled by hdds.containerscrub.enabled
2019-09-10 12:59:50,107 [Datanode State Machine Thread - 0] INFO  ratis.XceiverServerRatis (XceiverServerRatis.java:start(404)) - Starting XceiverServerRatis 98692575-908f-4c6f-b3d7-fc3119b7636a at port 0
2019-09-10 12:59:50,114 [Datanode State Machine Thread - 0] INFO  impl.RaftServerProxy (RaftServerProxy.java:lambda$start$3(299)) - 98692575-908f-4c6f-b3d7-fc3119b7636a: start RPC server
2019-09-10 12:59:50,120 [Datanode State Machine Thread - 0] INFO  server.GrpcService (GrpcService.java:startImpl(149)) - 98692575-908f-4c6f-b3d7-fc3119b7636a: GrpcService started, listening on 0.0.0.0/0.0.0.0:36918
2019-09-10 12:59:50,121 [Datanode State Machine Thread - 0] INFO  ratis.XceiverServerRatis (XceiverServerRatis.java:start(414)) - XceiverServerRatis 98692575-908f-4c6f-b3d7-fc3119b7636a is started using port 36918
2019-09-10 12:59:50,121 [Datanode State Machine Thread - 0] INFO  server.XceiverServerGrpc (XceiverServerGrpc.java:start(163)) - XceiverServerGrpc 98692575-908f-4c6f-b3d7-fc3119b7636a is started using port 42771
2019-09-10 12:59:50,283 | INFO  | SCMAudit | user=jenkins1000 | ip=192.168.5.153 | op=GET_VERSION null | ret=SUCCESS |  
2019-09-10 12:59:50,309 [Datanode State Machine Thread - 0] INFO  ozoneimpl.OzoneContainer (OzoneContainer.java:start(186)) - Attempting to start container services.
2019-09-10 12:59:50,309 [Datanode State Machine Thread - 0] INFO  ozoneimpl.OzoneContainer (OzoneContainer.java:startContainerScrub(160)) - Background container scrubber has been disabled by hdds.containerscrub.enabled
2019-09-10 12:59:50,309 [Datanode State Machine Thread - 0] INFO  ratis.XceiverServerRatis (XceiverServerRatis.java:start(404)) - Starting XceiverServerRatis b87234b6-97b4-403b-b761-d13c1d3498ce at port 0
2019-09-10 12:59:50,316 [Datanode State Machine Thread - 0] INFO  impl.RaftServerProxy (RaftServerProxy.java:lambda$start$3(299)) - b87234b6-97b4-403b-b761-d13c1d3498ce: start RPC server
2019-09-10 12:59:50,317 [Datanode State Machine Thread - 0] INFO  server.GrpcService (GrpcService.java:startImpl(149)) - b87234b6-97b4-403b-b761-d13c1d3498ce: GrpcService started, listening on 0.0.0.0/0.0.0.0:44678
2019-09-10 12:59:50,317 [Datanode State Machine Thread - 0] INFO  ratis.XceiverServerRatis (XceiverServerRatis.java:start(414)) - XceiverServerRatis b87234b6-97b4-403b-b761-d13c1d3498ce is started using port 44678
2019-09-10 12:59:50,327 [Datanode State Machine Thread - 0] INFO  server.XceiverServerGrpc (XceiverServerGrpc.java:start(163)) - XceiverServerGrpc b87234b6-97b4-403b-b761-d13c1d3498ce is started using port 36490
2019-09-10 12:59:50,441 [main] INFO  ozone.MiniOzoneClusterImpl (MiniOzoneClusterImpl.java:lambda$waitForClusterToBeReady$0(142)) - Waiting for cluster to be ready. Got 0 of 7 DN Heartbeats.
2019-09-10 12:59:50,494 | INFO  | SCMAudit | user=jenkins1000 | ip=192.168.5.153 | op=GET_VERSION null | ret=SUCCESS |  
2019-09-10 12:59:50,526 [Datanode State Machine Thread - 0] INFO  ozoneimpl.OzoneContainer (OzoneContainer.java:start(186)) - Attempting to start container services.
2019-09-10 12:59:50,526 [Datanode State Machine Thread - 0] INFO  ozoneimpl.OzoneContainer (OzoneContainer.java:startContainerScrub(160)) - Background container scrubber has been disabled by hdds.containerscrub.enabled
2019-09-10 12:59:50,526 [Datanode State Machine Thread - 0] INFO  ratis.XceiverServerRatis (XceiverServerRatis.java:start(404)) - Starting XceiverServerRatis 677e3d93-3467-4860-9bf6-0d2ba46507f3 at port 0
2019-09-10 12:59:50,535 [Datanode State Machine Thread - 0] INFO  impl.RaftServerProxy (RaftServerProxy.java:lambda$start$3(299)) - 677e3d93-3467-4860-9bf6-0d2ba46507f3: start RPC server
2019-09-10 12:59:50,536 [Datanode State Machine Thread - 0] INFO  server.GrpcService (GrpcService.java:startImpl(149)) - 677e3d93-3467-4860-9bf6-0d2ba46507f3: GrpcService started, listening on 0.0.0.0/0.0.0.0:41781
2019-09-10 12:59:50,536 [Datanode State Machine Thread - 0] INFO  ratis.XceiverServerRatis (XceiverServerRatis.java:start(414)) - XceiverServerRatis 677e3d93-3467-4860-9bf6-0d2ba46507f3 is started using port 41781
2019-09-10 12:59:50,540 [Datanode State Machine Thread - 0] INFO  server.XceiverServerGrpc (XceiverServerGrpc.java:start(163)) - XceiverServerGrpc 677e3d93-3467-4860-9bf6-0d2ba46507f3 is started using port 40188
2019-09-10 12:59:50,976 | INFO  | SCMAudit | user=jenkins1000 | ip=192.168.5.153 | op=GET_VERSION null | ret=SUCCESS |  
2019-09-10 12:59:50,990 [Datanode State Machine Thread - 0] INFO  ozoneimpl.OzoneContainer (OzoneContainer.java:start(186)) - Attempting to start container services.
2019-09-10 12:59:50,990 [Datanode State Machine Thread - 0] INFO  ozoneimpl.OzoneContainer (OzoneContainer.java:startContainerScrub(160)) - Background container scrubber has been disabled by hdds.containerscrub.enabled
2019-09-10 12:59:50,991 [Datanode State Machine Thread - 0] INFO  ratis.XceiverServerRatis (XceiverServerRatis.java:start(404)) - Starting XceiverServerRatis 5133bb85-d112-43d0-b51c-6140e4ebc540 at port 0
2019-09-10 12:59:50,997 [Datanode State Machine Thread - 0] INFO  impl.RaftServerProxy (RaftServerProxy.java:lambda$start$3(299)) - 5133bb85-d112-43d0-b51c-6140e4ebc540: start RPC server
2019-09-10 12:59:50,999 [Datanode State Machine Thread - 0] INFO  server.GrpcService (GrpcService.java:startImpl(149)) - 5133bb85-d112-43d0-b51c-6140e4ebc540: GrpcService started, listening on 0.0.0.0/0.0.0.0:45692
2019-09-10 12:59:50,999 [Datanode State Machine Thread - 0] INFO  ratis.XceiverServerRatis (XceiverServerRatis.java:start(414)) - XceiverServerRatis 5133bb85-d112-43d0-b51c-6140e4ebc540 is started using port 45692
2019-09-10 12:59:51,003 [Datanode State Machine Thread - 0] INFO  server.XceiverServerGrpc (XceiverServerGrpc.java:start(163)) - XceiverServerGrpc 5133bb85-d112-43d0-b51c-6140e4ebc540 is started using port 43075
2019-09-10 12:59:51,208 | INFO  | SCMAudit | user=jenkins1000 | ip=192.168.5.153 | op=GET_VERSION null | ret=SUCCESS |  
2019-09-10 12:59:51,232 [Datanode State Machine Thread - 0] INFO  ozoneimpl.OzoneContainer (OzoneContainer.java:start(186)) - Attempting to start container services.
2019-09-10 12:59:51,232 [Datanode State Machine Thread - 0] INFO  ozoneimpl.OzoneContainer (OzoneContainer.java:startContainerScrub(160)) - Background container scrubber has been disabled by hdds.containerscrub.enabled
2019-09-10 12:59:51,232 [Datanode State Machine Thread - 0] INFO  ratis.XceiverServerRatis (XceiverServerRatis.java:start(404)) - Starting XceiverServerRatis 80892ce7-83f5-4ca2-be8c-d0fb582c0dda at port 0
2019-09-10 12:59:51,239 [Datanode State Machine Thread - 0] INFO  impl.RaftServerProxy (RaftServerProxy.java:lambda$start$3(299)) - 80892ce7-83f5-4ca2-be8c-d0fb582c0dda: start RPC server
2019-09-10 12:59:51,240 [Datanode State Machine Thread - 0] INFO  server.GrpcService (GrpcService.java:startImpl(149)) - 80892ce7-83f5-4ca2-be8c-d0fb582c0dda: GrpcService started, listening on 0.0.0.0/0.0.0.0:45229
2019-09-10 12:59:51,240 [Datanode State Machine Thread - 0] INFO  ratis.XceiverServerRatis (XceiverServerRatis.java:start(414)) - XceiverServerRatis 80892ce7-83f5-4ca2-be8c-d0fb582c0dda is started using port 45229
2019-09-10 12:59:51,241 [Datanode State Machine Thread - 0] INFO  server.XceiverServerGrpc (XceiverServerGrpc.java:start(163)) - XceiverServerGrpc 80892ce7-83f5-4ca2-be8c-d0fb582c0dda is started using port 39979
2019-09-10 12:59:51,442 [main] INFO  ozone.MiniOzoneClusterImpl (MiniOzoneClusterImpl.java:lambda$waitForClusterToBeReady$0(142)) - Waiting for cluster to be ready. Got 0 of 7 DN Heartbeats.
2019-09-10 12:59:51,444 | INFO  | SCMAudit | user=jenkins1000 | ip=192.168.5.153 | op=GET_VERSION null | ret=SUCCESS |  
2019-09-10 12:59:51,460 [Datanode State Machine Thread - 0] INFO  ozoneimpl.OzoneContainer (OzoneContainer.java:start(186)) - Attempting to start container services.
2019-09-10 12:59:51,460 [Datanode State Machine Thread - 0] INFO  ozoneimpl.OzoneContainer (OzoneContainer.java:startContainerScrub(160)) - Background container scrubber has been disabled by hdds.containerscrub.enabled
2019-09-10 12:59:51,461 [Datanode State Machine Thread - 0] INFO  ratis.XceiverServerRatis (XceiverServerRatis.java:start(404)) - Starting XceiverServerRatis 51f7194d-0b6e-44ce-bfd4-93c34be99c19 at port 0
2019-09-10 12:59:51,469 [Datanode State Machine Thread - 0] INFO  impl.RaftServerProxy (RaftServerProxy.java:lambda$start$3(299)) - 51f7194d-0b6e-44ce-bfd4-93c34be99c19: start RPC server
2019-09-10 12:59:51,470 [Datanode State Machine Thread - 0] INFO  server.GrpcService (GrpcService.java:startImpl(149)) - 51f7194d-0b6e-44ce-bfd4-93c34be99c19: GrpcService started, listening on 0.0.0.0/0.0.0.0:37073
2019-09-10 12:59:51,471 [Datanode State Machine Thread - 0] INFO  ratis.XceiverServerRatis (XceiverServerRatis.java:start(414)) - XceiverServerRatis 51f7194d-0b6e-44ce-bfd4-93c34be99c19 is started using port 37073
2019-09-10 12:59:51,474 [Datanode State Machine Thread - 0] INFO  server.XceiverServerGrpc (XceiverServerGrpc.java:start(163)) - XceiverServerGrpc 51f7194d-0b6e-44ce-bfd4-93c34be99c19 is started using port 38394
2019-09-10 12:59:51,863 [IPC Server handler 18 on 41951] INFO  net.NetworkTopology (NetworkTopologyImpl.java:add(110)) - Added a new node: /default-rack/4afd2ab1-ec40-4403-b668-2a355860e883
2019-09-10 12:59:51,866 [IPC Server handler 18 on 41951] INFO  node.SCMNodeManager (SCMNodeManager.java:register(273)) - Registered Data node : 4afd2ab1-ec40-4403-b668-2a355860e883{ip: 192.168.5.153, host: pr-hdds-1571-5ln6c-1111760135, networkLocation: /default-rack, certSerialId: null}
2019-09-10 12:59:51,868 [EventQueue-NodeRegistrationContainerReportForDataNodeSafeModeRule] INFO  safemode.SCMSafeModeManager (DataNodeSafeModeRule.java:process(71)) - SCM in safe mode. 1 DataNodes registered, 1 required.
2019-09-10 12:59:51,870 [EventQueue-NodeRegistrationContainerReportForDataNodeSafeModeRule] INFO  safemode.SCMSafeModeManager (SCMSafeModeManager.java:validateSafeModeExitRules(177)) - ScmSafeModeManager, all rules are successfully validated
2019-09-10 12:59:51,870 [EventQueue-NodeRegistrationContainerReportForDataNodeSafeModeRule] INFO  safemode.SCMSafeModeManager (SCMSafeModeManager.java:exitSafeMode(193)) - SCM exiting safe mode.
2019-09-10 12:59:51,871 | INFO  | SCMAudit | user=jenkins1000 | ip=192.168.5.153 | op=REGISTER {datanodeDetails=4afd2ab1-ec40-4403-b668-2a355860e883{ip: 192.168.5.153, host: pr-hdds-1571-5ln6c-1111760135, networkLocation: /default-rack, certSerialId: null}} | ret=SUCCESS |  
2019-09-10 12:59:51,889 [grpc-default-executor-5] INFO  impl.RaftServerProxy (RaftServerProxy.java:addNew(89)) - 4afd2ab1-ec40-4403-b668-2a355860e883: addNew group-C303B373F8A0:[4afd2ab1-ec40-4403-b668-2a355860e883:192.168.5.153:32970] returns group-C303B373F8A0:java.util.concurrent.CompletableFuture@819cbfe[Not completed]
2019-09-10 12:59:51,891 [pool-126-thread-1] INFO  impl.RaftServerImpl (RaftServerImpl.java:<init>(93)) - 4afd2ab1-ec40-4403-b668-2a355860e883: new RaftServerImpl for group-C303B373F8A0:[4afd2ab1-ec40-4403-b668-2a355860e883:192.168.5.153:32970] with ContainerStateMachine:uninitialized
2019-09-10 12:59:51,891 [pool-126-thread-1] INFO  server.RaftServerConfigKeys (ConfUtils.java:logGet(43)) - raft.server.rpc.timeout.min = 5s (custom)
2019-09-10 12:59:51,891 [pool-126-thread-1] INFO  server.RaftServerConfigKeys (ConfUtils.java:logGet(43)) - raft.server.rpc.timeout.max = 5200ms (custom)
2019-09-10 12:59:51,892 [pool-126-thread-1] INFO  server.RaftServerConfigKeys (ConfUtils.java:logGet(43)) - raft.server.rpcslowness.timeout = 120s (custom)
2019-09-10 12:59:51,892 [pool-126-thread-1] INFO  server.RaftServerConfigKeys (ConfUtils.java:logGet(43)) - raft.server.sleep.deviation.threshold = 300 (default)
2019-09-10 12:59:51,892 [pool-126-thread-1] INFO  server.RaftServerConfigKeys (ConfUtils.java:logGet(43)) - raft.server.log.appender.install.snapshot.enabled = false (custom)
2019-09-10 12:59:51,892 [pool-126-thread-1] INFO  impl.RaftServerImpl (ServerState.java:<init>(105)) - 4afd2ab1-ec40-4403-b668-2a355860e883:group-C303B373F8A0 ConfigurationManager, init=-1: [4afd2ab1-ec40-4403-b668-2a355860e883:192.168.5.153:32970], old=null, confs=<EMPTY_MAP>
2019-09-10 12:59:51,892 [pool-126-thread-1] INFO  server.RaftServerConfigKeys (ConfUtils.java:logGet(43)) - raft.server.storage.dir = [/workdir/hadoop-ozone/integration-test/target/test-dir/MiniOzoneClusterImpl-74450ed2-7f0c-43e6-83a9-4ec0eb8ed3d0/datanode-0/data/ratis] (custom)
2019-09-10 12:59:51,893 [pool-126-thread-1] INFO  storage.RaftStorageDirectory (RaftStorageDirectory.java:analyzeStorage(246)) - The storage directory /workdir/hadoop-ozone/integration-test/target/test-dir/MiniOzoneClusterImpl-74450ed2-7f0c-43e6-83a9-4ec0eb8ed3d0/datanode-0/data/ratis/3cbc020c-1a14-4386-bc1a-c303b373f8a0 does not exist. Creating ...
2019-09-10 12:59:51,917 [pool-126-thread-1] INFO  storage.RaftStorageDirectory (RaftStorageDirectory.java:tryLock(328)) - Lock on /workdir/hadoop-ozone/integration-test/target/test-dir/MiniOzoneClusterImpl-74450ed2-7f0c-43e6-83a9-4ec0eb8ed3d0/datanode-0/data/ratis/3cbc020c-1a14-4386-bc1a-c303b373f8a0/in_use.lock acquired by nodename 19591@pr-hdds-1571-5ln6c-1111760135
2019-09-10 12:59:51,941 [pool-126-thread-1] INFO  storage.RaftStorage (RaftStorage.java:format(72)) - Storage directory /workdir/hadoop-ozone/integration-test/target/test-dir/MiniOzoneClusterImpl-74450ed2-7f0c-43e6-83a9-4ec0eb8ed3d0/datanode-0/data/ratis/3cbc020c-1a14-4386-bc1a-c303b373f8a0 has been successfully formatted.
2019-09-10 12:59:51,941 [pool-126-thread-1] INFO  ratis.ContainerStateMachine (ContainerStateMachine.java:loadSnapshot(226)) - group-C303B373F8A0: The snapshot info is null. Setting the last applied indexto:(t:0, i:~)
2019-09-10 12:59:51,941 [pool-126-thread-1] INFO  server.RaftServerConfigKeys (ConfUtils.java:logGet(43)) - raft.server.leader.election.timeout = 120s (custom)
2019-09-10 12:59:51,942 [pool-126-thread-1] INFO  server.RaftServerConfigKeys (ConfUtils.java:logGet(43)) - raft.server.log.use.memory = false (default)
2019-09-10 12:59:51,942 [pool-126-thread-1] INFO  server.RaftServerConfigKeys (ConfUtils.java:logGet(43)) - raft.server.log.purge.gap = 1000000 (custom)
2019-09-10 12:59:51,942 [pool-126-thread-1] INFO  server.RaftServerConfigKeys (ConfUtils.java:logGet(43)) - raft.server.log.appender.buffer.byte-limit = 33554432 (custom)
2019-09-10 12:59:51,942 [pool-126-thread-1] INFO  server.RaftServerConfigKeys (ConfUtils.java:logGet(43)) - raft.server.log.segment.size.max = 1048576 (custom)
2019-09-10 12:59:51,942 [pool-126-thread-1] INFO  server.RaftServerConfigKeys (ConfUtils.java:logGet(43)) - raft.server.log.segment.cache.num.max = 2 (custom)
2019-09-10 12:59:51,943 [pool-126-thread-1] INFO  segmented.SegmentedRaftLogWorker (SegmentedRaftLogWorker.java:<init>(172)) - new 4afd2ab1-ec40-4403-b668-2a355860e883-SegmentedRaftLogWorker:Storage Directory /workdir/hadoop-ozone/integration-test/target/test-dir/MiniOzoneClusterImpl-74450ed2-7f0c-43e6-83a9-4ec0eb8ed3d0/datanode-0/data/ratis/3cbc020c-1a14-4386-bc1a-c303b373f8a0 for RaftStorage:Storage Directory /workdir/hadoop-ozone/integration-test/target/test-dir/MiniOzoneClusterImpl-74450ed2-7f0c-43e6-83a9-4ec0eb8ed3d0/datanode-0/data/ratis/3cbc020c-1a14-4386-bc1a-c303b373f8a0
2019-09-10 12:59:51,943 [pool-126-thread-1] INFO  server.RaftServerConfigKeys (ConfUtils.java:logGet(43)) - raft.server.log.queue.byte-limit = 2147483647 (custom)
2019-09-10 12:59:51,943 [pool-126-thread-1] INFO  server.RaftServerConfigKeys (ConfUtils.java:logGet(43)) - raft.server.log.queue.element-limit = 1024 (custom)
2019-09-10 12:59:51,944 [pool-126-thread-1] INFO  server.RaftServerConfigKeys (ConfUtils.java:logGet(43)) - raft.server.log.segment.size.max = 1048576 (custom)
2019-09-10 12:59:51,944 [pool-126-thread-1] INFO  server.RaftServerConfigKeys (ConfUtils.java:logGet(43)) - raft.server.log.preallocated.size = 16384 (custom)
2019-09-10 12:59:51,944 [pool-126-thread-1] INFO  server.RaftServerConfigKeys (ConfUtils.java:logGet(43)) - raft.server.log.write.buffer.size = 33554432 (custom)
2019-09-10 12:59:51,944 [pool-126-thread-1] INFO  server.RaftServerConfigKeys (ConfUtils.java:logGet(43)) - raft.server.log.force.sync.num = 128 (default)
2019-09-10 12:59:51,944 [pool-126-thread-1] INFO  server.RaftServerConfigKeys (ConfUtils.java:logGet(43)) - raft.server.log.statemachine.data.sync = true (default)
2019-09-10 12:59:51,945 [pool-126-thread-1] INFO  server.RaftServerConfigKeys (ConfUtils.java:logGet(43)) - raft.server.log.statemachine.data.sync.timeout = 10s (default)
2019-09-10 12:59:51,945 [pool-126-thread-1] INFO  server.RaftServerConfigKeys (ConfUtils.java:logGet(43)) - raft.server.log.statemachine.data.sync.timeout.retry = -1 (default)
2019-09-10 12:59:51,945 [pool-126-thread-1] INFO  server.RaftServerConfigKeys (ConfUtils.java:logGet(43)) - raft.server.log.statemachine.data.caching.enabled = true (custom)
2019-09-10 12:59:51,946 [pool-126-thread-1] INFO  segmented.SegmentedRaftLogWorker (SegmentedRaftLogWorker.java:lambda$new$0(132)) - 4afd2ab1-ec40-4403-b668-2a355860e883-SegmentedRaftLogWorker:Storage Directory /workdir/hadoop-ozone/integration-test/target/test-dir/MiniOzoneClusterImpl-74450ed2-7f0c-43e6-83a9-4ec0eb8ed3d0/datanode-0/data/ratis/3cbc020c-1a14-4386-bc1a-c303b373f8a0: flushIndex: setUnconditionally 0 -> -1
2019-09-10 12:59:51,946 [pool-126-thread-1] INFO  server.RaftServerConfigKeys (ConfUtils.java:logGet(43)) - raft.server.snapshot.auto.trigger.enabled = true (custom)
2019-09-10 12:59:51,946 [pool-126-thread-1] INFO  server.RaftServerConfigKeys (ConfUtils.java:logGet(43)) - raft.server.snapshot.auto.trigger.threshold = 10000 (custom)
2019-09-10 12:59:51,947 [pool-126-thread-1] INFO  server.RaftServerConfigKeys (ConfUtils.java:logGet(43)) - raft.server.retrycache.expirytime = 600000ms (custom)
2019-09-10 12:59:51,947 [pool-126-thread-1] INFO  impl.RaftServerImpl (RaftServerImpl.java:start(180)) - 4afd2ab1-ec40-4403-b668-2a355860e883: start group-C303B373F8A0
2019-09-10 12:59:51,947 [pool-126-thread-1] INFO  impl.RaftServerImpl (RaftServerImpl.java:setRole(171)) - 4afd2ab1-ec40-4403-b668-2a355860e883:group-C303B373F8A0 changes role from null to FOLLOWER at term 0 for startAsFollower
2019-09-10 12:59:51,947 [pool-126-thread-1] INFO  impl.RoleInfo (RoleInfo.java:updateAndGet(143)) - 4afd2ab1-ec40-4403-b668-2a355860e883: start FollowerState
2019-09-10 12:59:51,949 [pool-126-thread-1] INFO  util.JmxRegister (JmxRegister.java:tryRegister(44)) - Successfully registered JMX Bean with object name Ratis:service=RaftServer,group=group-C303B373F8A0,id=4afd2ab1-ec40-4403-b668-2a355860e883
2019-09-10 12:59:51,953 [RatisPipelineUtilsThread] INFO  pipeline.PipelineStateManager (PipelineStateManager.java:addPipeline(56)) - Created pipeline Pipeline[ Id: 3cbc020c-1a14-4386-bc1a-c303b373f8a0, Nodes: 4afd2ab1-ec40-4403-b668-2a355860e883{ip: 192.168.5.153, host: pr-hdds-1571-5ln6c-1111760135, networkLocation: /default-rack, certSerialId: null}, Type:RATIS, Factor:ONE, State:OPEN]
2019-09-10 12:59:52,068 [IPC Server handler 17 on 41951] INFO  net.NetworkTopology (NetworkTopologyImpl.java:add(110)) - Added a new node: /default-rack/98692575-908f-4c6f-b3d7-fc3119b7636a
2019-09-10 12:59:52,069 [IPC Server handler 17 on 41951] INFO  node.SCMNodeManager (SCMNodeManager.java:register(273)) - Registered Data node : 98692575-908f-4c6f-b3d7-fc3119b7636a{ip: 192.168.5.153, host: pr-hdds-1571-5ln6c-1111760135, networkLocation: /default-rack, certSerialId: null}
2019-09-10 12:59:52,069 | INFO  | SCMAudit | user=jenkins1000 | ip=192.168.5.153 | op=REGISTER {datanodeDetails=98692575-908f-4c6f-b3d7-fc3119b7636a{ip: 192.168.5.153, host: pr-hdds-1571-5ln6c-1111760135, networkLocation: /default-rack, certSerialId: null}} | ret=SUCCESS |  
2019-09-10 12:59:52,079 [grpc-default-executor-5] INFO  impl.RaftServerProxy (RaftServerProxy.java:addNew(89)) - 98692575-908f-4c6f-b3d7-fc3119b7636a: addNew group-3EAE373D02E8:[98692575-908f-4c6f-b3d7-fc3119b7636a:192.168.5.153:36918] returns group-3EAE373D02E8:java.util.concurrent.CompletableFuture@2f642a6d[Not completed]
2019-09-10 12:59:52,084 [pool-137-thread-1] INFO  impl.RaftServerImpl (RaftServerImpl.java:<init>(93)) - 98692575-908f-4c6f-b3d7-fc3119b7636a: new RaftServerImpl for group-3EAE373D02E8:[98692575-908f-4c6f-b3d7-fc3119b7636a:192.168.5.153:36918] with ContainerStateMachine:uninitialized
2019-09-10 12:59:52,084 [pool-137-thread-1] INFO  server.RaftServerConfigKeys (ConfUtils.java:logGet(43)) - raft.server.rpc.timeout.min = 5s (custom)
2019-09-10 12:59:52,085 [pool-137-thread-1] INFO  server.RaftServerConfigKeys (ConfUtils.java:logGet(43)) - raft.server.rpc.timeout.max = 5200ms (custom)
2019-09-10 12:59:52,085 [pool-137-thread-1] INFO  server.RaftServerConfigKeys (ConfUtils.java:logGet(43)) - raft.server.rpcslowness.timeout = 120s (custom)
2019-09-10 12:59:52,085 [pool-137-thread-1] INFO  server.RaftServerConfigKeys (ConfUtils.java:logGet(43)) - raft.server.sleep.deviation.threshold = 300 (default)
2019-09-10 12:59:52,085 [pool-137-thread-1] INFO  server.RaftServerConfigKeys (ConfUtils.java:logGet(43)) - raft.server.log.appender.install.snapshot.enabled = false (custom)
2019-09-10 12:59:52,085 [pool-137-thread-1] INFO  impl.RaftServerImpl (ServerState.java:<init>(105)) - 98692575-908f-4c6f-b3d7-fc3119b7636a:group-3EAE373D02E8 ConfigurationManager, init=-1: [98692575-908f-4c6f-b3d7-fc3119b7636a:192.168.5.153:36918], old=null, confs=<EMPTY_MAP>
2019-09-10 12:59:52,086 [pool-137-thread-1] INFO  server.RaftServerConfigKeys (ConfUtils.java:logGet(43)) - raft.server.storage.dir = [/workdir/hadoop-ozone/integration-test/target/test-dir/MiniOzoneClusterImpl-74450ed2-7f0c-43e6-83a9-4ec0eb8ed3d0/datanode-1/data/ratis] (custom)
2019-09-10 12:59:52,086 [pool-137-thread-1] INFO  storage.RaftStorageDirectory (RaftStorageDirectory.java:analyzeStorage(246)) - The storage directory /workdir/hadoop-ozone/integration-test/target/test-dir/MiniOzoneClusterImpl-74450ed2-7f0c-43e6-83a9-4ec0eb8ed3d0/datanode-1/data/ratis/c2b32aa1-e418-49cf-9e84-3eae373d02e8 does not exist. Creating ...
2019-09-10 12:59:52,109 [pool-137-thread-1] INFO  storage.RaftStorageDirectory (RaftStorageDirectory.java:tryLock(328)) - Lock on /workdir/hadoop-ozone/integration-test/target/test-dir/MiniOzoneClusterImpl-74450ed2-7f0c-43e6-83a9-4ec0eb8ed3d0/datanode-1/data/ratis/c2b32aa1-e418-49cf-9e84-3eae373d02e8/in_use.lock acquired by nodename 19591@pr-hdds-1571-5ln6c-1111760135
2019-09-10 12:59:52,136 [pool-137-thread-1] INFO  storage.RaftStorage (RaftStorage.java:format(72)) - Storage directory /workdir/hadoop-ozone/integration-test/target/test-dir/MiniOzoneClusterImpl-74450ed2-7f0c-43e6-83a9-4ec0eb8ed3d0/datanode-1/data/ratis/c2b32aa1-e418-49cf-9e84-3eae373d02e8 has been successfully formatted.
2019-09-10 12:59:52,136 [pool-137-thread-1] INFO  ratis.ContainerStateMachine (ContainerStateMachine.java:loadSnapshot(226)) - group-3EAE373D02E8: The snapshot info is null. Setting the last applied indexto:(t:0, i:~)
2019-09-10 12:59:52,136 [pool-137-thread-1] INFO  server.RaftServerConfigKeys (ConfUtils.java:logGet(43)) - raft.server.leader.election.timeout = 120s (custom)
2019-09-10 12:59:52,136 [pool-137-thread-1] INFO  server.RaftServerConfigKeys (ConfUtils.java:logGet(43)) - raft.server.log.use.memory = false (default)
2019-09-10 12:59:52,137 [pool-137-thread-1] INFO  server.RaftServerConfigKeys (ConfUtils.java:logGet(43)) - raft.server.log.purge.gap = 1000000 (custom)
2019-09-10 12:59:52,137 [pool-137-thread-1] INFO  server.RaftServerConfigKeys (ConfUtils.java:logGet(43)) - raft.server.log.appender.buffer.byte-limit = 33554432 (custom)
2019-09-10 12:59:52,137 [pool-137-thread-1] INFO  server.RaftServerConfigKeys (ConfUtils.java:logGet(43)) - raft.server.log.segment.size.max = 1048576 (custom)
2019-09-10 12:59:52,137 [pool-137-thread-1] INFO  server.RaftServerConfigKeys (ConfUtils.java:logGet(43)) - raft.server.log.segment.cache.num.max = 2 (custom)
2019-09-10 12:59:52,138 [pool-137-thread-1] INFO  segmented.SegmentedRaftLogWorker (SegmentedRaftLogWorker.java:<init>(172)) - new 98692575-908f-4c6f-b3d7-fc3119b7636a-SegmentedRaftLogWorker:Storage Directory /workdir/hadoop-ozone/integration-test/target/test-dir/MiniOzoneClusterImpl-74450ed2-7f0c-43e6-83a9-4ec0eb8ed3d0/datanode-1/data/ratis/c2b32aa1-e418-49cf-9e84-3eae373d02e8 for RaftStorage:Storage Directory /workdir/hadoop-ozone/integration-test/target/test-dir/MiniOzoneClusterImpl-74450ed2-7f0c-43e6-83a9-4ec0eb8ed3d0/datanode-1/data/ratis/c2b32aa1-e418-49cf-9e84-3eae373d02e8
2019-09-10 12:59:52,138 [pool-137-thread-1] INFO  server.RaftServerConfigKeys (ConfUtils.java:logGet(43)) - raft.server.log.queue.byte-limit = 2147483647 (custom)
2019-09-10 12:59:52,138 [pool-137-thread-1] INFO  server.RaftServerConfigKeys (ConfUtils.java:logGet(43)) - raft.server.log.queue.element-limit = 1024 (custom)
2019-09-10 12:59:52,139 [pool-137-thread-1] INFO  server.RaftServerConfigKeys (ConfUtils.java:logGet(43)) - raft.server.log.segment.size.max = 1048576 (custom)
2019-09-10 12:59:52,139 [pool-137-thread-1] INFO  server.RaftServerConfigKeys (ConfUtils.java:logGet(43)) - raft.server.log.preallocated.size = 16384 (custom)
2019-09-10 12:59:52,139 [pool-137-thread-1] INFO  server.RaftServerConfigKeys (ConfUtils.java:logGet(43)) - raft.server.log.write.buffer.size = 33554432 (custom)
2019-09-10 12:59:52,139 [pool-137-thread-1] INFO  server.RaftServerConfigKeys (ConfUtils.java:logGet(43)) - raft.server.log.force.sync.num = 128 (default)
2019-09-10 12:59:52,139 [pool-137-thread-1] INFO  server.RaftServerConfigKeys (ConfUtils.java:logGet(43)) - raft.server.log.statemachine.data.sync = true (default)
2019-09-10 12:59:52,140 [pool-137-thread-1] INFO  server.RaftServerConfigKeys (ConfUtils.java:logGet(43)) - raft.server.log.statemachine.data.sync.timeout = 10s (default)
2019-09-10 12:59:52,140 [pool-137-thread-1] INFO  server.RaftServerConfigKeys (ConfUtils.java:logGet(43)) - raft.server.log.statemachine.data.sync.timeout.retry = -1 (default)
2019-09-10 12:59:52,140 [pool-137-thread-1] INFO  server.RaftServerConfigKeys (ConfUtils.java:logGet(43)) - raft.server.log.statemachine.data.caching.enabled = true (custom)
2019-09-10 12:59:52,141 [pool-137-thread-1] INFO  segmented.SegmentedRaftLogWorker (SegmentedRaftLogWorker.java:lambda$new$0(132)) - 98692575-908f-4c6f-b3d7-fc3119b7636a-SegmentedRaftLogWorker:Storage Directory /workdir/hadoop-ozone/integration-test/target/test-dir/MiniOzoneClusterImpl-74450ed2-7f0c-43e6-83a9-4ec0eb8ed3d0/datanode-1/data/ratis/c2b32aa1-e418-49cf-9e84-3eae373d02e8: flushIndex: setUnconditionally 0 -> -1
2019-09-10 12:59:52,141 [pool-137-thread-1] INFO  server.RaftServerConfigKeys (ConfUtils.java:logGet(43)) - raft.server.snapshot.auto.trigger.enabled = true (custom)
2019-09-10 12:59:52,142 [pool-137-thread-1] INFO  server.RaftServerConfigKeys (ConfUtils.java:logGet(43)) - raft.server.snapshot.auto.trigger.threshold = 10000 (custom)
2019-09-10 12:59:52,142 [pool-137-thread-1] INFO  server.RaftServerConfigKeys (ConfUtils.java:logGet(43)) - raft.server.retrycache.expirytime = 600000ms (custom)
2019-09-10 12:59:52,142 [pool-137-thread-1] INFO  impl.RaftServerImpl (RaftServerImpl.java:start(180)) - 98692575-908f-4c6f-b3d7-fc3119b7636a: start group-3EAE373D02E8
2019-09-10 12:59:52,142 [pool-137-thread-1] INFO  impl.RaftServerImpl (RaftServerImpl.java:setRole(171)) - 98692575-908f-4c6f-b3d7-fc3119b7636a:group-3EAE373D02E8 changes role from null to FOLLOWER at term 0 for startAsFollower
2019-09-10 12:59:52,143 [pool-137-thread-1] INFO  impl.RoleInfo (RoleInfo.java:updateAndGet(143)) - 98692575-908f-4c6f-b3d7-fc3119b7636a: start FollowerState
2019-09-10 12:59:52,143 [pool-137-thread-1] INFO  util.JmxRegister (JmxRegister.java:tryRegister(44)) - Successfully registered JMX Bean with object name Ratis:service=RaftServer,group=group-3EAE373D02E8,id=98692575-908f-4c6f-b3d7-fc3119b7636a
2019-09-10 12:59:52,146 [RatisPipelineUtilsThread] INFO  pipeline.PipelineStateManager (PipelineStateManager.java:addPipeline(56)) - Created pipeline Pipeline[ Id: c2b32aa1-e418-49cf-9e84-3eae373d02e8, Nodes: 98692575-908f-4c6f-b3d7-fc3119b7636a{ip: 192.168.5.153, host: pr-hdds-1571-5ln6c-1111760135, networkLocation: /default-rack, certSerialId: null}, Type:RATIS, Factor:ONE, State:OPEN]
2019-09-10 12:59:52,284 [IPC Server handler 16 on 41951] INFO  net.NetworkTopology (NetworkTopologyImpl.java:add(110)) - Added a new node: /default-rack/b87234b6-97b4-403b-b761-d13c1d3498ce
2019-09-10 12:59:52,284 [IPC Server handler 16 on 41951] INFO  node.SCMNodeManager (SCMNodeManager.java:register(273)) - Registered Data node : b87234b6-97b4-403b-b761-d13c1d3498ce{ip: 192.168.5.153, host: pr-hdds-1571-5ln6c-1111760135, networkLocation: /default-rack, certSerialId: null}
2019-09-10 12:59:52,287 | INFO  | SCMAudit | user=jenkins1000 | ip=192.168.5.153 | op=REGISTER {datanodeDetails=b87234b6-97b4-403b-b761-d13c1d3498ce{ip: 192.168.5.153, host: pr-hdds-1571-5ln6c-1111760135, networkLocation: /default-rack, certSerialId: null}} | ret=SUCCESS |  
2019-09-10 12:59:52,296 [grpc-default-executor-5] INFO  impl.RaftServerProxy (RaftServerProxy.java:addNew(89)) - b87234b6-97b4-403b-b761-d13c1d3498ce: addNew group-8592CDBF1AD3:[b87234b6-97b4-403b-b761-d13c1d3498ce:192.168.5.153:44678] returns group-8592CDBF1AD3:java.util.concurrent.CompletableFuture@5d8b35ce[Not completed]
2019-09-10 12:59:52,303 [pool-148-thread-1] INFO  impl.RaftServerImpl (RaftServerImpl.java:<init>(93)) - b87234b6-97b4-403b-b761-d13c1d3498ce: new RaftServerImpl for group-8592CDBF1AD3:[b87234b6-97b4-403b-b761-d13c1d3498ce:192.168.5.153:44678] with ContainerStateMachine:uninitialized
2019-09-10 12:59:52,304 [pool-148-thread-1] INFO  server.RaftServerConfigKeys (ConfUtils.java:logGet(43)) - raft.server.rpc.timeout.min = 5s (custom)
2019-09-10 12:59:52,304 [pool-148-thread-1] INFO  server.RaftServerConfigKeys (ConfUtils.java:logGet(43)) - raft.server.rpc.timeout.max = 5200ms (custom)
2019-09-10 12:59:52,304 [pool-148-thread-1] INFO  server.RaftServerConfigKeys (ConfUtils.java:logGet(43)) - raft.server.rpcslowness.timeout = 120s (custom)
2019-09-10 12:59:52,304 [pool-148-thread-1] INFO  server.RaftServerConfigKeys (ConfUtils.java:logGet(43)) - raft.server.sleep.deviation.threshold = 300 (default)
2019-09-10 12:59:52,304 [pool-148-thread-1] INFO  server.RaftServerConfigKeys (ConfUtils.java:logGet(43)) - raft.server.log.appender.install.snapshot.enabled = false (custom)
2019-09-10 12:59:52,305 [pool-148-thread-1] INFO  impl.RaftServerImpl (ServerState.java:<init>(105)) - b87234b6-97b4-403b-b761-d13c1d3498ce:group-8592CDBF1AD3 ConfigurationManager, init=-1: [b87234b6-97b4-403b-b761-d13c1d3498ce:192.168.5.153:44678], old=null, confs=<EMPTY_MAP>
2019-09-10 12:59:52,305 [pool-148-thread-1] INFO  server.RaftServerConfigKeys (ConfUtils.java:logGet(43)) - raft.server.storage.dir = [/workdir/hadoop-ozone/integration-test/target/test-dir/MiniOzoneClusterImpl-74450ed2-7f0c-43e6-83a9-4ec0eb8ed3d0/datanode-2/data/ratis] (custom)
2019-09-10 12:59:52,305 [pool-148-thread-1] INFO  storage.RaftStorageDirectory (RaftStorageDirectory.java:analyzeStorage(246)) - The storage directory /workdir/hadoop-ozone/integration-test/target/test-dir/MiniOzoneClusterImpl-74450ed2-7f0c-43e6-83a9-4ec0eb8ed3d0/datanode-2/data/ratis/1915e298-defb-453c-b438-8592cdbf1ad3 does not exist. Creating ...
2019-09-10 12:59:52,328 [pool-148-thread-1] INFO  storage.RaftStorageDirectory (RaftStorageDirectory.java:tryLock(328)) - Lock on /workdir/hadoop-ozone/integration-test/target/test-dir/MiniOzoneClusterImpl-74450ed2-7f0c-43e6-83a9-4ec0eb8ed3d0/datanode-2/data/ratis/1915e298-defb-453c-b438-8592cdbf1ad3/in_use.lock acquired by nodename 19591@pr-hdds-1571-5ln6c-1111760135
2019-09-10 12:59:52,344 [pool-148-thread-1] INFO  storage.RaftStorage (RaftStorage.java:format(72)) - Storage directory /workdir/hadoop-ozone/integration-test/target/test-dir/MiniOzoneClusterImpl-74450ed2-7f0c-43e6-83a9-4ec0eb8ed3d0/datanode-2/data/ratis/1915e298-defb-453c-b438-8592cdbf1ad3 has been successfully formatted.
2019-09-10 12:59:52,344 [pool-148-thread-1] INFO  ratis.ContainerStateMachine (ContainerStateMachine.java:loadSnapshot(226)) - group-8592CDBF1AD3: The snapshot info is null. Setting the last applied indexto:(t:0, i:~)
2019-09-10 12:59:52,344 [pool-148-thread-1] INFO  server.RaftServerConfigKeys (ConfUtils.java:logGet(43)) - raft.server.leader.election.timeout = 120s (custom)
2019-09-10 12:59:52,345 [pool-148-thread-1] INFO  server.RaftServerConfigKeys (ConfUtils.java:logGet(43)) - raft.server.log.use.memory = false (default)
2019-09-10 12:59:52,345 [pool-148-thread-1] INFO  server.RaftServerConfigKeys (ConfUtils.java:logGet(43)) - raft.server.log.purge.gap = 1000000 (custom)
2019-09-10 12:59:52,345 [pool-148-thread-1] INFO  server.RaftServerConfigKeys (ConfUtils.java:logGet(43)) - raft.server.log.appender.buffer.byte-limit = 33554432 (custom)
2019-09-10 12:59:52,345 [pool-148-thread-1] INFO  server.RaftServerConfigKeys (ConfUtils.java:logGet(43)) - raft.server.log.segment.size.max = 1048576 (custom)
2019-09-10 12:59:52,345 [pool-148-thread-1] INFO  server.RaftServerConfigKeys (ConfUtils.java:logGet(43)) - raft.server.log.segment.cache.num.max = 2 (custom)
2019-09-10 12:59:52,346 [pool-148-thread-1] INFO  segmented.SegmentedRaftLogWorker (SegmentedRaftLogWorker.java:<init>(172)) - new b87234b6-97b4-403b-b761-d13c1d3498ce-SegmentedRaftLogWorker:Storage Directory /workdir/hadoop-ozone/integration-test/target/test-dir/MiniOzoneClusterImpl-74450ed2-7f0c-43e6-83a9-4ec0eb8ed3d0/datanode-2/data/ratis/1915e298-defb-453c-b438-8592cdbf1ad3 for RaftStorage:Storage Directory /workdir/hadoop-ozone/integration-test/target/test-dir/MiniOzoneClusterImpl-74450ed2-7f0c-43e6-83a9-4ec0eb8ed3d0/datanode-2/data/ratis/1915e298-defb-453c-b438-8592cdbf1ad3
2019-09-10 12:59:52,346 [pool-148-thread-1] INFO  server.RaftServerConfigKeys (ConfUtils.java:logGet(43)) - raft.server.log.queue.byte-limit = 2147483647 (custom)
2019-09-10 12:59:52,346 [pool-148-thread-1] INFO  server.RaftServerConfigKeys (ConfUtils.java:logGet(43)) - raft.server.log.queue.element-limit = 1024 (custom)
2019-09-10 12:59:52,346 [pool-148-thread-1] INFO  server.RaftServerConfigKeys (ConfUtils.java:logGet(43)) - raft.server.log.segment.size.max = 1048576 (custom)
2019-09-10 12:59:52,347 [pool-148-thread-1] INFO  server.RaftServerConfigKeys (ConfUtils.java:logGet(43)) - raft.server.log.preallocated.size = 16384 (custom)
2019-09-10 12:59:52,347 [pool-148-thread-1] INFO  server.RaftServerConfigKeys (ConfUtils.java:logGet(43)) - raft.server.log.write.buffer.size = 33554432 (custom)
2019-09-10 12:59:52,347 [pool-148-thread-1] INFO  server.RaftServerConfigKeys (ConfUtils.java:logGet(43)) - raft.server.log.force.sync.num = 128 (default)
2019-09-10 12:59:52,347 [pool-148-thread-1] INFO  server.RaftServerConfigKeys (ConfUtils.java:logGet(43)) - raft.server.log.statemachine.data.sync = true (default)
2019-09-10 12:59:52,347 [pool-148-thread-1] INFO  server.RaftServerConfigKeys (ConfUtils.java:logGet(43)) - raft.server.log.statemachine.data.sync.timeout = 10s (default)
2019-09-10 12:59:52,348 [pool-148-thread-1] INFO  server.RaftServerConfigKeys (ConfUtils.java:logGet(43)) - raft.server.log.statemachine.data.sync.timeout.retry = -1 (default)
2019-09-10 12:59:52,348 [pool-148-thread-1] INFO  server.RaftServerConfigKeys (ConfUtils.java:logGet(43)) - raft.server.log.statemachine.data.caching.enabled = true (custom)
2019-09-10 12:59:52,348 [pool-148-thread-1] INFO  segmented.SegmentedRaftLogWorker (SegmentedRaftLogWorker.java:lambda$new$0(132)) - b87234b6-97b4-403b-b761-d13c1d3498ce-SegmentedRaftLogWorker:Storage Directory /workdir/hadoop-ozone/integration-test/target/test-dir/MiniOzoneClusterImpl-74450ed2-7f0c-43e6-83a9-4ec0eb8ed3d0/datanode-2/data/ratis/1915e298-defb-453c-b438-8592cdbf1ad3: flushIndex: setUnconditionally 0 -> -1
2019-09-10 12:59:52,349 [pool-148-thread-1] INFO  server.RaftServerConfigKeys (ConfUtils.java:logGet(43)) - raft.server.snapshot.auto.trigger.enabled = true (custom)
2019-09-10 12:59:52,349 [pool-148-thread-1] INFO  server.RaftServerConfigKeys (ConfUtils.java:logGet(43)) - raft.server.snapshot.auto.trigger.threshold = 10000 (custom)
2019-09-10 12:59:52,349 [pool-148-thread-1] INFO  server.RaftServerConfigKeys (ConfUtils.java:logGet(43)) - raft.server.retrycache.expirytime = 600000ms (custom)
2019-09-10 12:59:52,350 [pool-148-thread-1] INFO  impl.RaftServerImpl (RaftServerImpl.java:start(180)) - b87234b6-97b4-403b-b761-d13c1d3498ce: start group-8592CDBF1AD3
2019-09-10 12:59:52,350 [pool-148-thread-1] INFO  impl.RaftServerImpl (RaftServerImpl.java:setRole(171)) - b87234b6-97b4-403b-b761-d13c1d3498ce:group-8592CDBF1AD3 changes role from null to FOLLOWER at term 0 for startAsFollower
2019-09-10 12:59:52,350 [pool-148-thread-1] INFO  impl.RoleInfo (RoleInfo.java:updateAndGet(143)) - b87234b6-97b4-403b-b761-d13c1d3498ce: start FollowerState
2019-09-10 12:59:52,350 [pool-148-thread-1] INFO  util.JmxRegister (JmxRegister.java:tryRegister(44)) - Successfully registered JMX Bean with object name Ratis:service=RaftServer,group=group-8592CDBF1AD3,id=b87234b6-97b4-403b-b761-d13c1d3498ce
2019-09-10 12:59:52,354 [RatisPipelineUtilsThread] INFO  pipeline.PipelineStateManager (PipelineStateManager.java:addPipeline(56)) - Created pipeline Pipeline[ Id: 1915e298-defb-453c-b438-8592cdbf1ad3, Nodes: b87234b6-97b4-403b-b761-d13c1d3498ce{ip: 192.168.5.153, host: pr-hdds-1571-5ln6c-1111760135, networkLocation: /default-rack, certSerialId: null}, Type:RATIS, Factor:ONE, State:OPEN]
2019-09-10 12:59:52,370 [grpc-default-executor-0] INFO  impl.RaftServerProxy (RaftServerProxy.java:addNew(89)) - 98692575-908f-4c6f-b3d7-fc3119b7636a: addNew group-32F6425A782A:[98692575-908f-4c6f-b3d7-fc3119b7636a:192.168.5.153:36918, b87234b6-97b4-403b-b761-d13c1d3498ce:192.168.5.153:44678, 4afd2ab1-ec40-4403-b668-2a355860e883:192.168.5.153:32970] returns group-32F6425A782A:java.util.concurrent.CompletableFuture@5f8c7645[Not completed]
2019-09-10 12:59:52,371 [grpc-default-executor-1] INFO  impl.RaftServerProxy (RaftServerProxy.java:addNew(89)) - b87234b6-97b4-403b-b761-d13c1d3498ce: addNew group-32F6425A782A:[98692575-908f-4c6f-b3d7-fc3119b7636a:192.168.5.153:36918, b87234b6-97b4-403b-b761-d13c1d3498ce:192.168.5.153:44678, 4afd2ab1-ec40-4403-b668-2a355860e883:192.168.5.153:32970] returns group-32F6425A782A:java.util.concurrent.CompletableFuture@267fdf3e[Not completed]
2019-09-10 12:59:52,372 [grpc-default-executor-1] INFO  impl.RaftServerProxy (RaftServerProxy.java:addNew(89)) - 4afd2ab1-ec40-4403-b668-2a355860e883: addNew group-32F6425A782A:[98692575-908f-4c6f-b3d7-fc3119b7636a:192.168.5.153:36918, b87234b6-97b4-403b-b761-d13c1d3498ce:192.168.5.153:44678, 4afd2ab1-ec40-4403-b668-2a355860e883:192.168.5.153:32970] returns group-32F6425A782A:java.util.concurrent.CompletableFuture@23202a33[Not completed]
2019-09-10 12:59:52,373 [pool-137-thread-1] INFO  impl.RaftServerImpl (RaftServerImpl.java:<init>(93)) - 98692575-908f-4c6f-b3d7-fc3119b7636a: new RaftServerImpl for group-32F6425A782A:[98692575-908f-4c6f-b3d7-fc3119b7636a:192.168.5.153:36918, b87234b6-97b4-403b-b761-d13c1d3498ce:192.168.5.153:44678, 4afd2ab1-ec40-4403-b668-2a355860e883:192.168.5.153:32970] with ContainerStateMachine:uninitialized
2019-09-10 12:59:52,373 [pool-137-thread-1] INFO  server.RaftServerConfigKeys (ConfUtils.java:logGet(43)) - raft.server.rpc.timeout.min = 5s (custom)
2019-09-10 12:59:52,373 [pool-137-thread-1] INFO  server.RaftServerConfigKeys (ConfUtils.java:logGet(43)) - raft.server.rpc.timeout.max = 5200ms (custom)
2019-09-10 12:59:52,373 [pool-137-thread-1] INFO  server.RaftServerConfigKeys (ConfUtils.java:logGet(43)) - raft.server.rpcslowness.timeout = 120s (custom)
2019-09-10 12:59:52,374 [pool-137-thread-1] INFO  server.RaftServerConfigKeys (ConfUtils.java:logGet(43)) - raft.server.sleep.deviation.threshold = 300 (default)
2019-09-10 12:59:52,374 [pool-126-thread-1] INFO  impl.RaftServerImpl (RaftServerImpl.java:<init>(93)) - 4afd2ab1-ec40-4403-b668-2a355860e883: new RaftServerImpl for group-32F6425A782A:[98692575-908f-4c6f-b3d7-fc3119b7636a:192.168.5.153:36918, b87234b6-97b4-403b-b761-d13c1d3498ce:192.168.5.153:44678, 4afd2ab1-ec40-4403-b668-2a355860e883:192.168.5.153:32970] with ContainerStateMachine:uninitialized
2019-09-10 12:59:52,374 [pool-137-thread-1] INFO  server.RaftServerConfigKeys (ConfUtils.java:logGet(43)) - raft.server.log.appender.install.snapshot.enabled = false (custom)
2019-09-10 12:59:52,374 [pool-126-thread-1] INFO  server.RaftServerConfigKeys (ConfUtils.java:logGet(43)) - raft.server.rpc.timeout.min = 5s (custom)
2019-09-10 12:59:52,374 [pool-137-thread-1] INFO  impl.RaftServerImpl (ServerState.java:<init>(105)) - 98692575-908f-4c6f-b3d7-fc3119b7636a:group-32F6425A782A ConfigurationManager, init=-1: [98692575-908f-4c6f-b3d7-fc3119b7636a:192.168.5.153:36918, b87234b6-97b4-403b-b761-d13c1d3498ce:192.168.5.153:44678, 4afd2ab1-ec40-4403-b668-2a355860e883:192.168.5.153:32970], old=null, confs=<EMPTY_MAP>
2019-09-10 12:59:52,374 [pool-126-thread-1] INFO  server.RaftServerConfigKeys (ConfUtils.java:logGet(43)) - raft.server.rpc.timeout.max = 5200ms (custom)
2019-09-10 12:59:52,375 [pool-137-thread-1] INFO  server.RaftServerConfigKeys (ConfUtils.java:logGet(43)) - raft.server.storage.dir = [/workdir/hadoop-ozone/integration-test/target/test-dir/MiniOzoneClusterImpl-74450ed2-7f0c-43e6-83a9-4ec0eb8ed3d0/datanode-1/data/ratis] (custom)
2019-09-10 12:59:52,375 [pool-148-thread-1] INFO  impl.RaftServerImpl (RaftServerImpl.java:<init>(93)) - b87234b6-97b4-403b-b761-d13c1d3498ce: new RaftServerImpl for group-32F6425A782A:[98692575-908f-4c6f-b3d7-fc3119b7636a:192.168.5.153:36918, b87234b6-97b4-403b-b761-d13c1d3498ce:192.168.5.153:44678, 4afd2ab1-ec40-4403-b668-2a355860e883:192.168.5.153:32970] with ContainerStateMachine:uninitialized
2019-09-10 12:59:52,375 [pool-126-thread-1] INFO  server.RaftServerConfigKeys (ConfUtils.java:logGet(43)) - raft.server.rpcslowness.timeout = 120s (custom)
2019-09-10 12:59:52,375 [pool-148-thread-1] INFO  server.RaftServerConfigKeys (ConfUtils.java:logGet(43)) - raft.server.rpc.timeout.min = 5s (custom)
2019-09-10 12:59:52,375 [pool-137-thread-1] INFO  storage.RaftStorageDirectory (RaftStorageDirectory.java:analyzeStorage(246)) - The storage directory /workdir/hadoop-ozone/integration-test/target/test-dir/MiniOzoneClusterImpl-74450ed2-7f0c-43e6-83a9-4ec0eb8ed3d0/datanode-1/data/ratis/d296be83-1642-46b5-8ec7-32f6425a782a does not exist. Creating ...
2019-09-10 12:59:52,375 [pool-126-thread-1] INFO  server.RaftServerConfigKeys (ConfUtils.java:logGet(43)) - raft.server.sleep.deviation.threshold = 300 (default)
2019-09-10 12:59:52,375 [pool-148-thread-1] INFO  server.RaftServerConfigKeys (ConfUtils.java:logGet(43)) - raft.server.rpc.timeout.max = 5200ms (custom)
2019-09-10 12:59:52,376 [pool-126-thread-1] INFO  server.RaftServerConfigKeys (ConfUtils.java:logGet(43)) - raft.server.log.appender.install.snapshot.enabled = false (custom)
2019-09-10 12:59:52,376 [pool-148-thread-1] INFO  server.RaftServerConfigKeys (ConfUtils.java:logGet(43)) - raft.server.rpcslowness.timeout = 120s (custom)
2019-09-10 12:59:52,376 [pool-126-thread-1] INFO  impl.RaftServerImpl (ServerState.java:<init>(105)) - 4afd2ab1-ec40-4403-b668-2a355860e883:group-32F6425A782A ConfigurationManager, init=-1: [98692575-908f-4c6f-b3d7-fc3119b7636a:192.168.5.153:36918, b87234b6-97b4-403b-b761-d13c1d3498ce:192.168.5.153:44678, 4afd2ab1-ec40-4403-b668-2a355860e883:192.168.5.153:32970], old=null, confs=<EMPTY_MAP>
2019-09-10 12:59:52,376 [pool-148-thread-1] INFO  server.RaftServerConfigKeys (ConfUtils.java:logGet(43)) - raft.server.sleep.deviation.threshold = 300 (default)
2019-09-10 12:59:52,376 [pool-126-thread-1] INFO  server.RaftServerConfigKeys (ConfUtils.java:logGet(43)) - raft.server.storage.dir = [/workdir/hadoop-ozone/integration-test/target/test-dir/MiniOzoneClusterImpl-74450ed2-7f0c-43e6-83a9-4ec0eb8ed3d0/datanode-0/data/ratis] (custom)
2019-09-10 12:59:52,376 [pool-148-thread-1] INFO  server.RaftServerConfigKeys (ConfUtils.java:logGet(43)) - raft.server.log.appender.install.snapshot.enabled = false (custom)
2019-09-10 12:59:52,377 [pool-148-thread-1] INFO  impl.RaftServerImpl (ServerState.java:<init>(105)) - b87234b6-97b4-403b-b761-d13c1d3498ce:group-32F6425A782A ConfigurationManager, init=-1: [98692575-908f-4c6f-b3d7-fc3119b7636a:192.168.5.153:36918, b87234b6-97b4-403b-b761-d13c1d3498ce:192.168.5.153:44678, 4afd2ab1-ec40-4403-b668-2a355860e883:192.168.5.153:32970], old=null, confs=<EMPTY_MAP>
2019-09-10 12:59:52,377 [pool-126-thread-1] INFO  storage.RaftStorageDirectory (RaftStorageDirectory.java:analyzeStorage(246)) - The storage directory /workdir/hadoop-ozone/integration-test/target/test-dir/MiniOzoneClusterImpl-74450ed2-7f0c-43e6-83a9-4ec0eb8ed3d0/datanode-0/data/ratis/d296be83-1642-46b5-8ec7-32f6425a782a does not exist. Creating ...
2019-09-10 12:59:52,377 [pool-148-thread-1] INFO  server.RaftServerConfigKeys (ConfUtils.java:logGet(43)) - raft.server.storage.dir = [/workdir/hadoop-ozone/integration-test/target/test-dir/MiniOzoneClusterImpl-74450ed2-7f0c-43e6-83a9-4ec0eb8ed3d0/datanode-2/data/ratis] (custom)
2019-09-10 12:59:52,377 [pool-148-thread-1] INFO  storage.RaftStorageDirectory (RaftStorageDirectory.java:analyzeStorage(246)) - The storage directory /workdir/hadoop-ozone/integration-test/target/test-dir/MiniOzoneClusterImpl-74450ed2-7f0c-43e6-83a9-4ec0eb8ed3d0/datanode-2/data/ratis/d296be83-1642-46b5-8ec7-32f6425a782a does not exist. Creating ...
2019-09-10 12:59:52,405 [pool-148-thread-1] INFO  storage.RaftStorageDirectory (RaftStorageDirectory.java:tryLock(328)) - Lock on /workdir/hadoop-ozone/integration-test/target/test-dir/MiniOzoneClusterImpl-74450ed2-7f0c-43e6-83a9-4ec0eb8ed3d0/datanode-2/data/ratis/d296be83-1642-46b5-8ec7-32f6425a782a/in_use.lock acquired by nodename 19591@pr-hdds-1571-5ln6c-1111760135
2019-09-10 12:59:52,405 [pool-137-thread-1] INFO  storage.RaftStorageDirectory (RaftStorageDirectory.java:tryLock(328)) - Lock on /workdir/hadoop-ozone/integration-test/target/test-dir/MiniOzoneClusterImpl-74450ed2-7f0c-43e6-83a9-4ec0eb8ed3d0/datanode-1/data/ratis/d296be83-1642-46b5-8ec7-32f6425a782a/in_use.lock acquired by nodename 19591@pr-hdds-1571-5ln6c-1111760135
2019-09-10 12:59:52,405 [pool-126-thread-1] INFO  storage.RaftStorageDirectory (RaftStorageDirectory.java:tryLock(328)) - Lock on /workdir/hadoop-ozone/integration-test/target/test-dir/MiniOzoneClusterImpl-74450ed2-7f0c-43e6-83a9-4ec0eb8ed3d0/datanode-0/data/ratis/d296be83-1642-46b5-8ec7-32f6425a782a/in_use.lock acquired by nodename 19591@pr-hdds-1571-5ln6c-1111760135
2019-09-10 12:59:52,422 [pool-148-thread-1] INFO  storage.RaftStorage (RaftStorage.java:format(72)) - Storage directory /workdir/hadoop-ozone/integration-test/target/test-dir/MiniOzoneClusterImpl-74450ed2-7f0c-43e6-83a9-4ec0eb8ed3d0/datanode-2/data/ratis/d296be83-1642-46b5-8ec7-32f6425a782a has been successfully formatted.
2019-09-10 12:59:52,422 [pool-137-thread-1] INFO  storage.RaftStorage (RaftStorage.java:format(72)) - Storage directory /workdir/hadoop-ozone/integration-test/target/test-dir/MiniOzoneClusterImpl-74450ed2-7f0c-43e6-83a9-4ec0eb8ed3d0/datanode-1/data/ratis/d296be83-1642-46b5-8ec7-32f6425a782a has been successfully formatted.
2019-09-10 12:59:52,422 [pool-126-thread-1] INFO  storage.RaftStorage (RaftStorage.java:format(72)) - Storage directory /workdir/hadoop-ozone/integration-test/target/test-dir/MiniOzoneClusterImpl-74450ed2-7f0c-43e6-83a9-4ec0eb8ed3d0/datanode-0/data/ratis/d296be83-1642-46b5-8ec7-32f6425a782a has been successfully formatted.
2019-09-10 12:59:52,422 [pool-137-thread-1] INFO  ratis.ContainerStateMachine (ContainerStateMachine.java:loadSnapshot(226)) - group-32F6425A782A: The snapshot info is null. Setting the last applied indexto:(t:0, i:~)
2019-09-10 12:59:52,422 [pool-148-thread-1] INFO  ratis.ContainerStateMachine (ContainerStateMachine.java:loadSnapshot(226)) - group-32F6425A782A: The snapshot info is null. Setting the last applied indexto:(t:0, i:~)
2019-09-10 12:59:52,423 [pool-137-thread-1] INFO  server.RaftServerConfigKeys (ConfUtils.java:logGet(43)) - raft.server.leader.election.timeout = 120s (custom)
2019-09-10 12:59:52,423 [pool-126-thread-1] INFO  ratis.ContainerStateMachine (ContainerStateMachine.java:loadSnapshot(226)) - group-32F6425A782A: The snapshot info is null. Setting the last applied indexto:(t:0, i:~)
2019-09-10 12:59:52,423 [pool-137-thread-1] INFO  server.RaftServerConfigKeys (ConfUtils.java:logGet(43)) - raft.server.log.use.memory = false (default)
2019-09-10 12:59:52,423 [pool-148-thread-1] INFO  server.RaftServerConfigKeys (ConfUtils.java:logGet(43)) - raft.server.leader.election.timeout = 120s (custom)
2019-09-10 12:59:52,423 [pool-137-thread-1] INFO  server.RaftServerConfigKeys (ConfUtils.java:logGet(43)) - raft.server.log.purge.gap = 1000000 (custom)
2019-09-10 12:59:52,423 [pool-126-thread-1] INFO  server.RaftServerConfigKeys (ConfUtils.java:logGet(43)) - raft.server.leader.election.timeout = 120s (custom)
2019-09-10 12:59:52,423 [pool-137-thread-1] INFO  server.RaftServerConfigKeys (ConfUtils.java:logGet(43)) - raft.server.log.appender.buffer.byte-limit = 33554432 (custom)
2019-09-10 12:59:52,423 [pool-148-thread-1] INFO  server.RaftServerConfigKeys (ConfUtils.java:logGet(43)) - raft.server.log.use.memory = false (default)
2019-09-10 12:59:52,424 [pool-137-thread-1] INFO  server.RaftServerConfigKeys (ConfUtils.java:logGet(43)) - raft.server.log.segment.size.max = 1048576 (custom)
2019-09-10 12:59:52,424 [pool-126-thread-1] INFO  server.RaftServerConfigKeys (ConfUtils.java:logGet(43)) - raft.server.log.use.memory = false (default)
2019-09-10 12:59:52,424 [pool-137-thread-1] INFO  server.RaftServerConfigKeys (ConfUtils.java:logGet(43)) - raft.server.log.segment.cache.num.max = 2 (custom)
2019-09-10 12:59:52,424 [pool-148-thread-1] INFO  server.RaftServerConfigKeys (ConfUtils.java:logGet(43)) - raft.server.log.purge.gap = 1000000 (custom)
2019-09-10 12:59:52,424 [pool-137-thread-1] INFO  segmented.SegmentedRaftLogWorker (SegmentedRaftLogWorker.java:<init>(172)) - new 98692575-908f-4c6f-b3d7-fc3119b7636a-SegmentedRaftLogWorker:Storage Directory /workdir/hadoop-ozone/integration-test/target/test-dir/MiniOzoneClusterImpl-74450ed2-7f0c-43e6-83a9-4ec0eb8ed3d0/datanode-1/data/ratis/d296be83-1642-46b5-8ec7-32f6425a782a for RaftStorage:Storage Directory /workdir/hadoop-ozone/integration-test/target/test-dir/MiniOzoneClusterImpl-74450ed2-7f0c-43e6-83a9-4ec0eb8ed3d0/datanode-1/data/ratis/d296be83-1642-46b5-8ec7-32f6425a782a
2019-09-10 12:59:52,424 [pool-126-thread-1] INFO  server.RaftServerConfigKeys (ConfUtils.java:logGet(43)) - raft.server.log.purge.gap = 1000000 (custom)
2019-09-10 12:59:52,425 [pool-137-thread-1] INFO  server.RaftServerConfigKeys (ConfUtils.java:logGet(43)) - raft.server.log.queue.byte-limit = 2147483647 (custom)
2019-09-10 12:59:52,424 [pool-148-thread-1] INFO  server.RaftServerConfigKeys (ConfUtils.java:logGet(43)) - raft.server.log.appender.buffer.byte-limit = 33554432 (custom)
2019-09-10 12:59:52,425 [pool-137-thread-1] INFO  server.RaftServerConfigKeys (ConfUtils.java:logGet(43)) - raft.server.log.queue.element-limit = 1024 (custom)
2019-09-10 12:59:52,425 [pool-126-thread-1] INFO  server.RaftServerConfigKeys (ConfUtils.java:logGet(43)) - raft.server.log.appender.buffer.byte-limit = 33554432 (custom)
2019-09-10 12:59:52,425 [pool-137-thread-1] INFO  server.RaftServerConfigKeys (ConfUtils.java:logGet(43)) - raft.server.log.segment.size.max = 1048576 (custom)
2019-09-10 12:59:52,425 [pool-148-thread-1] INFO  server.RaftServerConfigKeys (ConfUtils.java:logGet(43)) - raft.server.log.segment.size.max = 1048576 (custom)
2019-09-10 12:59:52,425 [pool-137-thread-1] INFO  server.RaftServerConfigKeys (ConfUtils.java:logGet(43)) - raft.server.log.preallocated.size = 16384 (custom)
2019-09-10 12:59:52,426 [pool-137-thread-1] INFO  server.RaftServerConfigKeys (ConfUtils.java:logGet(43)) - raft.server.log.write.buffer.size = 33554432 (custom)
2019-09-10 12:59:52,425 [pool-126-thread-1] INFO  server.RaftServerConfigKeys (ConfUtils.java:logGet(43)) - raft.server.log.segment.size.max = 1048576 (custom)
2019-09-10 12:59:52,426 [pool-137-thread-1] INFO  server.RaftServerConfigKeys (ConfUtils.java:logGet(43)) - raft.server.log.force.sync.num = 128 (default)
2019-09-10 12:59:52,426 [pool-148-thread-1] INFO  server.RaftServerConfigKeys (ConfUtils.java:logGet(43)) - raft.server.log.segment.cache.num.max = 2 (custom)
2019-09-10 12:59:52,426 [pool-137-thread-1] INFO  server.RaftServerConfigKeys (ConfUtils.java:logGet(43)) - raft.server.log.statemachine.data.sync = true (default)
2019-09-10 12:59:52,426 [pool-126-thread-1] INFO  server.RaftServerConfigKeys (ConfUtils.java:logGet(43)) - raft.server.log.segment.cache.num.max = 2 (custom)
2019-09-10 12:59:52,427 [pool-137-thread-1] INFO  server.RaftServerConfigKeys (ConfUtils.java:logGet(43)) - raft.server.log.statemachine.data.sync.timeout = 10s (default)
2019-09-10 12:59:52,427 [pool-148-thread-1] INFO  segmented.SegmentedRaftLogWorker (SegmentedRaftLogWorker.java:<init>(172)) - new b87234b6-97b4-403b-b761-d13c1d3498ce-SegmentedRaftLogWorker:Storage Directory /workdir/hadoop-ozone/integration-test/target/test-dir/MiniOzoneClusterImpl-74450ed2-7f0c-43e6-83a9-4ec0eb8ed3d0/datanode-2/data/ratis/d296be83-1642-46b5-8ec7-32f6425a782a for RaftStorage:Storage Directory /workdir/hadoop-ozone/integration-test/target/test-dir/MiniOzoneClusterImpl-74450ed2-7f0c-43e6-83a9-4ec0eb8ed3d0/datanode-2/data/ratis/d296be83-1642-46b5-8ec7-32f6425a782a
2019-09-10 12:59:52,427 [pool-137-thread-1] INFO  server.RaftServerConfigKeys (ConfUtils.java:logGet(43)) - raft.server.log.statemachine.data.sync.timeout.retry = -1 (default)
2019-09-10 12:59:52,427 [pool-126-thread-1] INFO  segmented.SegmentedRaftLogWorker (SegmentedRaftLogWorker.java:<init>(172)) - new 4afd2ab1-ec40-4403-b668-2a355860e883-SegmentedRaftLogWorker:Storage Directory /workdir/hadoop-ozone/integration-test/target/test-dir/MiniOzoneClusterImpl-74450ed2-7f0c-43e6-83a9-4ec0eb8ed3d0/datanode-0/data/ratis/d296be83-1642-46b5-8ec7-32f6425a782a for RaftStorage:Storage Directory /workdir/hadoop-ozone/integration-test/target/test-dir/MiniOzoneClusterImpl-74450ed2-7f0c-43e6-83a9-4ec0eb8ed3d0/datanode-0/data/ratis/d296be83-1642-46b5-8ec7-32f6425a782a
2019-09-10 12:59:52,428 [pool-137-thread-1] INFO  server.RaftServerConfigKeys (ConfUtils.java:logGet(43)) - raft.server.log.statemachine.data.caching.enabled = true (custom)
2019-09-10 12:59:52,427 [pool-148-thread-1] INFO  server.RaftServerConfigKeys (ConfUtils.java:logGet(43)) - raft.server.log.queue.byte-limit = 2147483647 (custom)
2019-09-10 12:59:52,428 [pool-126-thread-1] INFO  server.RaftServerConfigKeys (ConfUtils.java:logGet(43)) - raft.server.log.queue.byte-limit = 2147483647 (custom)
2019-09-10 12:59:52,428 [pool-137-thread-1] INFO  segmented.SegmentedRaftLogWorker (SegmentedRaftLogWorker.java:lambda$new$0(132)) - 98692575-908f-4c6f-b3d7-fc3119b7636a-SegmentedRaftLogWorker:Storage Directory /workdir/hadoop-ozone/integration-test/target/test-dir/MiniOzoneClusterImpl-74450ed2-7f0c-43e6-83a9-4ec0eb8ed3d0/datanode-1/data/ratis/d296be83-1642-46b5-8ec7-32f6425a782a: flushIndex: setUnconditionally 0 -> -1
2019-09-10 12:59:52,428 [pool-148-thread-1] INFO  server.RaftServerConfigKeys (ConfUtils.java:logGet(43)) - raft.server.log.queue.element-limit = 1024 (custom)
2019-09-10 12:59:52,428 [pool-126-thread-1] INFO  server.RaftServerConfigKeys (ConfUtils.java:logGet(43)) - raft.server.log.queue.element-limit = 1024 (custom)
2019-09-10 12:59:52,428 [pool-148-thread-1] INFO  server.RaftServerConfigKeys (ConfUtils.java:logGet(43)) - raft.server.log.segment.size.max = 1048576 (custom)
2019-09-10 12:59:52,428 [pool-137-thread-1] INFO  server.RaftServerConfigKeys (ConfUtils.java:logGet(43)) - raft.server.snapshot.auto.trigger.enabled = true (custom)
2019-09-10 12:59:52,429 [pool-148-thread-1] INFO  server.RaftServerConfigKeys (ConfUtils.java:logGet(43)) - raft.server.log.preallocated.size = 16384 (custom)
2019-09-10 12:59:52,429 [pool-126-thread-1] INFO  server.RaftServerConfigKeys (ConfUtils.java:logGet(43)) - raft.server.log.segment.size.max = 1048576 (custom)
2019-09-10 12:59:52,429 [pool-148-thread-1] INFO  server.RaftServerConfigKeys (ConfUtils.java:logGet(43)) - raft.server.log.write.buffer.size = 33554432 (custom)
2019-09-10 12:59:52,429 [pool-137-thread-1] INFO  server.RaftServerConfigKeys (ConfUtils.java:logGet(43)) - raft.server.snapshot.auto.trigger.threshold = 10000 (custom)
2019-09-10 12:59:52,429 [pool-148-thread-1] INFO  server.RaftServerConfigKeys (ConfUtils.java:logGet(43)) - raft.server.log.force.sync.num = 128 (default)
2019-09-10 12:59:52,429 [pool-126-thread-1] INFO  server.RaftServerConfigKeys (ConfUtils.java:logGet(43)) - raft.server.log.preallocated.size = 16384 (custom)
2019-09-10 12:59:52,430 [pool-148-thread-1] INFO  server.RaftServerConfigKeys (ConfUtils.java:logGet(43)) - raft.server.log.statemachine.data.sync = true (default)
2019-09-10 12:59:52,430 [pool-137-thread-1] INFO  server.RaftServerConfigKeys (ConfUtils.java:logGet(43)) - raft.server.retrycache.expirytime = 600000ms (custom)
2019-09-10 12:59:52,430 [pool-148-thread-1] INFO  server.RaftServerConfigKeys (ConfUtils.java:logGet(43)) - raft.server.log.statemachine.data.sync.timeout = 10s (default)
2019-09-10 12:59:52,430 [pool-137-thread-1] INFO  impl.RaftServerImpl (RaftServerImpl.java:start(180)) - 98692575-908f-4c6f-b3d7-fc3119b7636a: start group-32F6425A782A
2019-09-10 12:59:52,430 [pool-126-thread-1] INFO  server.RaftServerConfigKeys (ConfUtils.java:logGet(43)) - raft.server.log.write.buffer.size = 33554432 (custom)
2019-09-10 12:59:52,431 [pool-137-thread-1] INFO  impl.RaftServerImpl (RaftServerImpl.java:setRole(171)) - 98692575-908f-4c6f-b3d7-fc3119b7636a:group-32F6425A782A changes role from null to FOLLOWER at term 0 for startAsFollower
2019-09-10 12:59:52,430 [pool-148-thread-1] INFO  server.RaftServerConfigKeys (ConfUtils.java:logGet(43)) - raft.server.log.statemachine.data.sync.timeout.retry = -1 (default)
2019-09-10 12:59:52,431 [pool-137-thread-1] INFO  impl.RoleInfo (RoleInfo.java:updateAndGet(143)) - 98692575-908f-4c6f-b3d7-fc3119b7636a: start FollowerState
2019-09-10 12:59:52,431 [pool-126-thread-1] INFO  server.RaftServerConfigKeys (ConfUtils.java:logGet(43)) - raft.server.log.force.sync.num = 128 (default)
2019-09-10 12:59:52,431 [pool-148-thread-1] INFO  server.RaftServerConfigKeys (ConfUtils.java:logGet(43)) - raft.server.log.statemachine.data.caching.enabled = true (custom)
2019-09-10 12:59:52,431 [pool-126-thread-1] INFO  server.RaftServerConfigKeys (ConfUtils.java:logGet(43)) - raft.server.log.statemachine.data.sync = true (default)
2019-09-10 12:59:52,447 [pool-137-thread-1] INFO  util.JmxRegister (JmxRegister.java:tryRegister(44)) - Successfully registered JMX Bean with object name Ratis:service=RaftServer,group=group-32F6425A782A,id=98692575-908f-4c6f-b3d7-fc3119b7636a
2019-09-10 12:59:52,447 [main] INFO  ozone.MiniOzoneClusterImpl (MiniOzoneClusterImpl.java:lambda$waitForClusterToBeReady$0(142)) - Waiting for cluster to be ready. Got 3 of 7 DN Heartbeats.
2019-09-10 12:59:52,447 [pool-126-thread-1] INFO  server.RaftServerConfigKeys (ConfUtils.java:logGet(43)) - raft.server.log.statemachine.data.sync.timeout = 10s (default)
2019-09-10 12:59:52,447 [pool-148-thread-1] INFO  segmented.SegmentedRaftLogWorker (SegmentedRaftLogWorker.java:lambda$new$0(132)) - b87234b6-97b4-403b-b761-d13c1d3498ce-SegmentedRaftLogWorker:Storage Directory /workdir/hadoop-ozone/integration-test/target/test-dir/MiniOzoneClusterImpl-74450ed2-7f0c-43e6-83a9-4ec0eb8ed3d0/datanode-2/data/ratis/d296be83-1642-46b5-8ec7-32f6425a782a: flushIndex: setUnconditionally 0 -> -1
2019-09-10 12:59:52,456 [pool-126-thread-1] INFO  server.RaftServerConfigKeys (ConfUtils.java:logGet(43)) - raft.server.log.statemachine.data.sync.timeout.retry = -1 (default)
2019-09-10 12:59:52,457 [pool-148-thread-1] INFO  server.RaftServerConfigKeys (ConfUtils.java:logGet(43)) - raft.server.snapshot.auto.trigger.enabled = true (custom)
2019-09-10 12:59:52,457 [pool-126-thread-1] INFO  server.RaftServerConfigKeys (ConfUtils.java:logGet(43)) - raft.server.log.statemachine.data.caching.enabled = true (custom)
2019-09-10 12:59:52,457 [pool-148-thread-1] INFO  server.RaftServerConfigKeys (ConfUtils.java:logGet(43)) - raft.server.snapshot.auto.trigger.threshold = 10000 (custom)
2019-09-10 12:59:52,457 [pool-148-thread-1] INFO  server.RaftServerConfigKeys (ConfUtils.java:logGet(43)) - raft.server.retrycache.expirytime = 600000ms (custom)
2019-09-10 12:59:52,457 [pool-126-thread-1] INFO  segmented.SegmentedRaftLogWorker (SegmentedRaftLogWorker.java:lambda$new$0(132)) - 4afd2ab1-ec40-4403-b668-2a355860e883-SegmentedRaftLogWorker:Storage Directory /workdir/hadoop-ozone/integration-test/target/test-dir/MiniOzoneClusterImpl-74450ed2-7f0c-43e6-83a9-4ec0eb8ed3d0/datanode-0/data/ratis/d296be83-1642-46b5-8ec7-32f6425a782a: flushIndex: setUnconditionally 0 -> -1
2019-09-10 12:59:52,457 [pool-148-thread-1] INFO  impl.RaftServerImpl (RaftServerImpl.java:start(180)) - b87234b6-97b4-403b-b761-d13c1d3498ce: start group-32F6425A782A
2019-09-10 12:59:52,458 [pool-148-thread-1] INFO  impl.RaftServerImpl (RaftServerImpl.java:setRole(171)) - b87234b6-97b4-403b-b761-d13c1d3498ce:group-32F6425A782A changes role from null to FOLLOWER at term 0 for startAsFollower
2019-09-10 12:59:52,458 [pool-126-thread-1] INFO  server.RaftServerConfigKeys (ConfUtils.java:logGet(43)) - raft.server.snapshot.auto.trigger.enabled = true (custom)
2019-09-10 12:59:52,458 [pool-148-thread-1] INFO  impl.RoleInfo (RoleInfo.java:updateAndGet(143)) - b87234b6-97b4-403b-b761-d13c1d3498ce: start FollowerState
2019-09-10 12:59:52,458 [pool-126-thread-1] INFO  server.RaftServerConfigKeys (ConfUtils.java:logGet(43)) - raft.server.snapshot.auto.trigger.threshold = 10000 (custom)
2019-09-10 12:59:52,458 [pool-126-thread-1] INFO  server.RaftServerConfigKeys (ConfUtils.java:logGet(43)) - raft.server.retrycache.expirytime = 600000ms (custom)
2019-09-10 12:59:52,458 [pool-126-thread-1] INFO  impl.RaftServerImpl (RaftServerImpl.java:start(180)) - 4afd2ab1-ec40-4403-b668-2a355860e883: start group-32F6425A782A
2019-09-10 12:59:52,458 [pool-148-thread-1] INFO  util.JmxRegister (JmxRegister.java:tryRegister(44)) - Successfully registered JMX Bean with object name Ratis:service=RaftServer,group=group-32F6425A782A,id=b87234b6-97b4-403b-b761-d13c1d3498ce
2019-09-10 12:59:52,458 [pool-126-thread-1] INFO  impl.RaftServerImpl (RaftServerImpl.java:setRole(171)) - 4afd2ab1-ec40-4403-b668-2a355860e883:group-32F6425A782A changes role from null to FOLLOWER at term 0 for startAsFollower
2019-09-10 12:59:52,459 [pool-126-thread-1] INFO  impl.RoleInfo (RoleInfo.java:updateAndGet(143)) - 4afd2ab1-ec40-4403-b668-2a355860e883: start FollowerState
2019-09-10 12:59:52,459 [pool-126-thread-1] INFO  util.JmxRegister (JmxRegister.java:tryRegister(44)) - Successfully registered JMX Bean with object name Ratis:service=RaftServer,group=group-32F6425A782A,id=4afd2ab1-ec40-4403-b668-2a355860e883
2019-09-10 12:59:52,462 [RatisPipelineUtilsThread] INFO  pipeline.PipelineStateManager (PipelineStateManager.java:addPipeline(56)) - Created pipeline Pipeline[ Id: d296be83-1642-46b5-8ec7-32f6425a782a, Nodes: 4afd2ab1-ec40-4403-b668-2a355860e883{ip: 192.168.5.153, host: pr-hdds-1571-5ln6c-1111760135, networkLocation: /default-rack, certSerialId: null}98692575-908f-4c6f-b3d7-fc3119b7636a{ip: 192.168.5.153, host: pr-hdds-1571-5ln6c-1111760135, networkLocation: /default-rack, certSerialId: null}b87234b6-97b4-403b-b761-d13c1d3498ce{ip: 192.168.5.153, host: pr-hdds-1571-5ln6c-1111760135, networkLocation: /default-rack, certSerialId: null}, Type:RATIS, Factor:THREE, State:OPEN]
2019-09-10 12:59:52,495 [IPC Server handler 15 on 41951] INFO  net.NetworkTopology (NetworkTopologyImpl.java:add(110)) - Added a new node: /default-rack/677e3d93-3467-4860-9bf6-0d2ba46507f3
2019-09-10 12:59:52,495 [IPC Server handler 15 on 41951] INFO  node.SCMNodeManager (SCMNodeManager.java:register(273)) - Registered Data node : 677e3d93-3467-4860-9bf6-0d2ba46507f3{ip: 192.168.5.153, host: pr-hdds-1571-5ln6c-1111760135, networkLocation: /default-rack, certSerialId: null}
2019-09-10 12:59:52,505 | INFO  | SCMAudit | user=jenkins1000 | ip=192.168.5.153 | op=REGISTER {datanodeDetails=677e3d93-3467-4860-9bf6-0d2ba46507f3{ip: 192.168.5.153, host: pr-hdds-1571-5ln6c-1111760135, networkLocation: /default-rack, certSerialId: null}} | ret=SUCCESS |  
2019-09-10 12:59:52,513 [grpc-default-executor-1] INFO  impl.RaftServerProxy (RaftServerProxy.java:addNew(89)) - 677e3d93-3467-4860-9bf6-0d2ba46507f3: addNew group-739B8B6D5F34:[677e3d93-3467-4860-9bf6-0d2ba46507f3:192.168.5.153:41781] returns group-739B8B6D5F34:java.util.concurrent.CompletableFuture@726ea649[Not completed]
2019-09-10 12:59:52,518 [pool-159-thread-1] INFO  impl.RaftServerImpl (RaftServerImpl.java:<init>(93)) - 677e3d93-3467-4860-9bf6-0d2ba46507f3: new RaftServerImpl for group-739B8B6D5F34:[677e3d93-3467-4860-9bf6-0d2ba46507f3:192.168.5.153:41781] with ContainerStateMachine:uninitialized
2019-09-10 12:59:52,518 [pool-159-thread-1] INFO  server.RaftServerConfigKeys (ConfUtils.java:logGet(43)) - raft.server.rpc.timeout.min = 5s (custom)
2019-09-10 12:59:52,518 [pool-159-thread-1] INFO  server.RaftServerConfigKeys (ConfUtils.java:logGet(43)) - raft.server.rpc.timeout.max = 5200ms (custom)
2019-09-10 12:59:52,519 [pool-159-thread-1] INFO  server.RaftServerConfigKeys (ConfUtils.java:logGet(43)) - raft.server.rpcslowness.timeout = 120s (custom)
2019-09-10 12:59:52,519 [pool-159-thread-1] INFO  server.RaftServerConfigKeys (ConfUtils.java:logGet(43)) - raft.server.sleep.deviation.threshold = 300 (default)
2019-09-10 12:59:52,519 [pool-159-thread-1] INFO  server.RaftServerConfigKeys (ConfUtils.java:logGet(43)) - raft.server.log.appender.install.snapshot.enabled = false (custom)
2019-09-10 12:59:52,519 [pool-159-thread-1] INFO  impl.RaftServerImpl (ServerState.java:<init>(105)) - 677e3d93-3467-4860-9bf6-0d2ba46507f3:group-739B8B6D5F34 ConfigurationManager, init=-1: [677e3d93-3467-4860-9bf6-0d2ba46507f3:192.168.5.153:41781], old=null, confs=<EMPTY_MAP>
2019-09-10 12:59:52,519 [pool-159-thread-1] INFO  server.RaftServerConfigKeys (ConfUtils.java:logGet(43)) - raft.server.storage.dir = [/workdir/hadoop-ozone/integration-test/target/test-dir/MiniOzoneClusterImpl-74450ed2-7f0c-43e6-83a9-4ec0eb8ed3d0/datanode-3/data/ratis] (custom)
2019-09-10 12:59:52,520 [pool-159-thread-1] INFO  storage.RaftStorageDirectory (RaftStorageDirectory.java:analyzeStorage(246)) - The storage directory /workdir/hadoop-ozone/integration-test/target/test-dir/MiniOzoneClusterImpl-74450ed2-7f0c-43e6-83a9-4ec0eb8ed3d0/datanode-3/data/ratis/732d13ed-4827-4a0f-b085-739b8b6d5f34 does not exist. Creating ...
2019-09-10 12:59:52,532 [pool-159-thread-1] INFO  storage.RaftStorageDirectory (RaftStorageDirectory.java:tryLock(328)) - Lock on /workdir/hadoop-ozone/integration-test/target/test-dir/MiniOzoneClusterImpl-74450ed2-7f0c-43e6-83a9-4ec0eb8ed3d0/datanode-3/data/ratis/732d13ed-4827-4a0f-b085-739b8b6d5f34/in_use.lock acquired by nodename 19591@pr-hdds-1571-5ln6c-1111760135
2019-09-10 12:59:52,547 [pool-159-thread-1] INFO  storage.RaftStorage (RaftStorage.java:format(72)) - Storage directory /workdir/hadoop-ozone/integration-test/target/test-dir/MiniOzoneClusterImpl-74450ed2-7f0c-43e6-83a9-4ec0eb8ed3d0/datanode-3/data/ratis/732d13ed-4827-4a0f-b085-739b8b6d5f34 has been successfully formatted.
2019-09-10 12:59:52,547 [pool-159-thread-1] INFO  ratis.ContainerStateMachine (ContainerStateMachine.java:loadSnapshot(226)) - group-739B8B6D5F34: The snapshot info is null. Setting the last applied indexto:(t:0, i:~)
2019-09-10 12:59:52,548 [pool-159-thread-1] INFO  server.RaftServerConfigKeys (ConfUtils.java:logGet(43)) - raft.server.leader.election.timeout = 120s (custom)
2019-09-10 12:59:52,548 [pool-159-thread-1] INFO  server.RaftServerConfigKeys (ConfUtils.java:logGet(43)) - raft.server.log.use.memory = false (default)
2019-09-10 12:59:52,548 [pool-159-thread-1] INFO  server.RaftServerConfigKeys (ConfUtils.java:logGet(43)) - raft.server.log.purge.gap = 1000000 (custom)
2019-09-10 12:59:52,548 [pool-159-thread-1] INFO  server.RaftServerConfigKeys (ConfUtils.java:logGet(43)) - raft.server.log.appender.buffer.byte-limit = 33554432 (custom)
2019-09-10 12:59:52,548 [pool-159-thread-1] INFO  server.RaftServerConfigKeys (ConfUtils.java:logGet(43)) - raft.server.log.segment.size.max = 1048576 (custom)
2019-09-10 12:59:52,548 [pool-159-thread-1] INFO  server.RaftServerConfigKeys (ConfUtils.java:logGet(43)) - raft.server.log.segment.cache.num.max = 2 (custom)
2019-09-10 12:59:52,548 [pool-159-thread-1] INFO  segmented.SegmentedRaftLogWorker (SegmentedRaftLogWorker.java:<init>(172)) - new 677e3d93-3467-4860-9bf6-0d2ba46507f3-SegmentedRaftLogWorker:Storage Directory /workdir/hadoop-ozone/integration-test/target/test-dir/MiniOzoneClusterImpl-74450ed2-7f0c-43e6-83a9-4ec0eb8ed3d0/datanode-3/data/ratis/732d13ed-4827-4a0f-b085-739b8b6d5f34 for RaftStorage:Storage Directory /workdir/hadoop-ozone/integration-test/target/test-dir/MiniOzoneClusterImpl-74450ed2-7f0c-43e6-83a9-4ec0eb8ed3d0/datanode-3/data/ratis/732d13ed-4827-4a0f-b085-739b8b6d5f34
2019-09-10 12:59:52,548 [pool-159-thread-1] INFO  server.RaftServerConfigKeys (ConfUtils.java:logGet(43)) - raft.server.log.queue.byte-limit = 2147483647 (custom)
2019-09-10 12:59:52,549 [pool-159-thread-1] INFO  server.RaftServerConfigKeys (ConfUtils.java:logGet(43)) - raft.server.log.queue.element-limit = 1024 (custom)
2019-09-10 12:59:52,549 [pool-159-thread-1] INFO  server.RaftServerConfigKeys (ConfUtils.java:logGet(43)) - raft.server.log.segment.size.max = 1048576 (custom)
2019-09-10 12:59:52,549 [pool-159-thread-1] INFO  server.RaftServerConfigKeys (ConfUtils.java:logGet(43)) - raft.server.log.preallocated.size = 16384 (custom)
2019-09-10 12:59:52,549 [pool-159-thread-1] INFO  server.RaftServerConfigKeys (ConfUtils.java:logGet(43)) - raft.server.log.write.buffer.size = 33554432 (custom)
2019-09-10 12:59:52,549 [pool-159-thread-1] INFO  server.RaftServerConfigKeys (ConfUtils.java:logGet(43)) - raft.server.log.force.sync.num = 128 (default)
2019-09-10 12:59:52,549 [pool-159-thread-1] INFO  server.RaftServerConfigKeys (ConfUtils.java:logGet(43)) - raft.server.log.statemachine.data.sync = true (default)
2019-09-10 12:59:52,549 [pool-159-thread-1] INFO  server.RaftServerConfigKeys (ConfUtils.java:logGet(43)) - raft.server.log.statemachine.data.sync.timeout = 10s (default)
2019-09-10 12:59:52,549 [pool-159-thread-1] INFO  server.RaftServerConfigKeys (ConfUtils.java:logGet(43)) - raft.server.log.statemachine.data.sync.timeout.retry = -1 (default)
2019-09-10 12:59:52,550 [pool-159-thread-1] INFO  server.RaftServerConfigKeys (ConfUtils.java:logGet(43)) - raft.server.log.statemachine.data.caching.enabled = true (custom)
2019-09-10 12:59:52,550 [pool-159-thread-1] INFO  segmented.SegmentedRaftLogWorker (SegmentedRaftLogWorker.java:lambda$new$0(132)) - 677e3d93-3467-4860-9bf6-0d2ba46507f3-SegmentedRaftLogWorker:Storage Directory /workdir/hadoop-ozone/integration-test/target/test-dir/MiniOzoneClusterImpl-74450ed2-7f0c-43e6-83a9-4ec0eb8ed3d0/datanode-3/data/ratis/732d13ed-4827-4a0f-b085-739b8b6d5f34: flushIndex: setUnconditionally 0 -> -1
2019-09-10 12:59:52,550 [pool-159-thread-1] INFO  server.RaftServerConfigKeys (ConfUtils.java:logGet(43)) - raft.server.snapshot.auto.trigger.enabled = true (custom)
2019-09-10 12:59:52,550 [pool-159-thread-1] INFO  server.RaftServerConfigKeys (ConfUtils.java:logGet(43)) - raft.server.snapshot.auto.trigger.threshold = 10000 (custom)
2019-09-10 12:59:52,551 [pool-159-thread-1] INFO  server.RaftServerConfigKeys (ConfUtils.java:logGet(43)) - raft.server.retrycache.expirytime = 600000ms (custom)
2019-09-10 12:59:52,551 [pool-159-thread-1] INFO  impl.RaftServerImpl (RaftServerImpl.java:start(180)) - 677e3d93-3467-4860-9bf6-0d2ba46507f3: start group-739B8B6D5F34
2019-09-10 12:59:52,551 [pool-159-thread-1] INFO  impl.RaftServerImpl (RaftServerImpl.java:setRole(171)) - 677e3d93-3467-4860-9bf6-0d2ba46507f3:group-739B8B6D5F34 changes role from null to FOLLOWER at term 0 for startAsFollower
2019-09-10 12:59:52,551 [pool-159-thread-1] INFO  impl.RoleInfo (RoleInfo.java:updateAndGet(143)) - 677e3d93-3467-4860-9bf6-0d2ba46507f3: start FollowerState
2019-09-10 12:59:52,551 [pool-159-thread-1] INFO  util.JmxRegister (JmxRegister.java:tryRegister(44)) - Successfully registered JMX Bean with object name Ratis:service=RaftServer,group=group-739B8B6D5F34,id=677e3d93-3467-4860-9bf6-0d2ba46507f3
2019-09-10 12:59:52,554 [RatisPipelineUtilsThread] INFO  pipeline.PipelineStateManager (PipelineStateManager.java:addPipeline(56)) - Created pipeline Pipeline[ Id: 732d13ed-4827-4a0f-b085-739b8b6d5f34, Nodes: 677e3d93-3467-4860-9bf6-0d2ba46507f3{ip: 192.168.5.153, host: pr-hdds-1571-5ln6c-1111760135, networkLocation: /default-rack, certSerialId: null}, Type:RATIS, Factor:ONE, State:OPEN]
2019-09-10 12:59:52,977 [IPC Server handler 19 on 41951] INFO  net.NetworkTopology (NetworkTopologyImpl.java:add(110)) - Added a new node: /default-rack/5133bb85-d112-43d0-b51c-6140e4ebc540
2019-09-10 12:59:52,977 [IPC Server handler 19 on 41951] INFO  node.SCMNodeManager (SCMNodeManager.java:register(273)) - Registered Data node : 5133bb85-d112-43d0-b51c-6140e4ebc540{ip: 192.168.5.153, host: pr-hdds-1571-5ln6c-1111760135, networkLocation: /default-rack, certSerialId: null}
2019-09-10 12:59:52,981 | INFO  | SCMAudit | user=jenkins1000 | ip=192.168.5.153 | op=REGISTER {datanodeDetails=5133bb85-d112-43d0-b51c-6140e4ebc540{ip: 192.168.5.153, host: pr-hdds-1571-5ln6c-1111760135, networkLocation: /default-rack, certSerialId: null}} | ret=SUCCESS |  
2019-09-10 12:59:52,989 [grpc-default-executor-1] INFO  impl.RaftServerProxy (RaftServerProxy.java:addNew(89)) - 5133bb85-d112-43d0-b51c-6140e4ebc540: addNew group-49C775A5AA85:[5133bb85-d112-43d0-b51c-6140e4ebc540:192.168.5.153:45692] returns group-49C775A5AA85:java.util.concurrent.CompletableFuture@7b2d61ca[Not completed]
2019-09-10 12:59:52,998 [pool-170-thread-1] INFO  impl.RaftServerImpl (RaftServerImpl.java:<init>(93)) - 5133bb85-d112-43d0-b51c-6140e4ebc540: new RaftServerImpl for group-49C775A5AA85:[5133bb85-d112-43d0-b51c-6140e4ebc540:192.168.5.153:45692] with ContainerStateMachine:uninitialized
2019-09-10 12:59:52,998 [pool-170-thread-1] INFO  server.RaftServerConfigKeys (ConfUtils.java:logGet(43)) - raft.server.rpc.timeout.min = 5s (custom)
2019-09-10 12:59:52,998 [pool-170-thread-1] INFO  server.RaftServerConfigKeys (ConfUtils.java:logGet(43)) - raft.server.rpc.timeout.max = 5200ms (custom)
2019-09-10 12:59:52,998 [pool-170-thread-1] INFO  server.RaftServerConfigKeys (ConfUtils.java:logGet(43)) - raft.server.rpcslowness.timeout = 120s (custom)
2019-09-10 12:59:52,998 [pool-170-thread-1] INFO  server.RaftServerConfigKeys (ConfUtils.java:logGet(43)) - raft.server.sleep.deviation.threshold = 300 (default)
2019-09-10 12:59:52,998 [pool-170-thread-1] INFO  server.RaftServerConfigKeys (ConfUtils.java:logGet(43)) - raft.server.log.appender.install.snapshot.enabled = false (custom)
2019-09-10 12:59:52,999 [pool-170-thread-1] INFO  impl.RaftServerImpl (ServerState.java:<init>(105)) - 5133bb85-d112-43d0-b51c-6140e4ebc540:group-49C775A5AA85 ConfigurationManager, init=-1: [5133bb85-d112-43d0-b51c-6140e4ebc540:192.168.5.153:45692], old=null, confs=<EMPTY_MAP>
2019-09-10 12:59:52,999 [pool-170-thread-1] INFO  server.RaftServerConfigKeys (ConfUtils.java:logGet(43)) - raft.server.storage.dir = [/workdir/hadoop-ozone/integration-test/target/test-dir/MiniOzoneClusterImpl-74450ed2-7f0c-43e6-83a9-4ec0eb8ed3d0/datanode-4/data/ratis] (custom)
2019-09-10 12:59:52,999 [pool-170-thread-1] INFO  storage.RaftStorageDirectory (RaftStorageDirectory.java:analyzeStorage(246)) - The storage directory /workdir/hadoop-ozone/integration-test/target/test-dir/MiniOzoneClusterImpl-74450ed2-7f0c-43e6-83a9-4ec0eb8ed3d0/datanode-4/data/ratis/1518ffe0-7dbd-49ff-b1c4-49c775a5aa85 does not exist. Creating ...
2019-09-10 12:59:53,015 [pool-170-thread-1] INFO  storage.RaftStorageDirectory (RaftStorageDirectory.java:tryLock(328)) - Lock on /workdir/hadoop-ozone/integration-test/target/test-dir/MiniOzoneClusterImpl-74450ed2-7f0c-43e6-83a9-4ec0eb8ed3d0/datanode-4/data/ratis/1518ffe0-7dbd-49ff-b1c4-49c775a5aa85/in_use.lock acquired by nodename 19591@pr-hdds-1571-5ln6c-1111760135
2019-09-10 12:59:53,028 [pool-170-thread-1] INFO  storage.RaftStorage (RaftStorage.java:format(72)) - Storage directory /workdir/hadoop-ozone/integration-test/target/test-dir/MiniOzoneClusterImpl-74450ed2-7f0c-43e6-83a9-4ec0eb8ed3d0/datanode-4/data/ratis/1518ffe0-7dbd-49ff-b1c4-49c775a5aa85 has been successfully formatted.
2019-09-10 12:59:53,028 [pool-170-thread-1] INFO  ratis.ContainerStateMachine (ContainerStateMachine.java:loadSnapshot(226)) - group-49C775A5AA85: The snapshot info is null. Setting the last applied indexto:(t:0, i:~)
2019-09-10 12:59:53,029 [pool-170-thread-1] INFO  server.RaftServerConfigKeys (ConfUtils.java:logGet(43)) - raft.server.leader.election.timeout = 120s (custom)
2019-09-10 12:59:53,029 [pool-170-thread-1] INFO  server.RaftServerConfigKeys (ConfUtils.java:logGet(43)) - raft.server.log.use.memory = false (default)
2019-09-10 12:59:53,029 [pool-170-thread-1] INFO  server.RaftServerConfigKeys (ConfUtils.java:logGet(43)) - raft.server.log.purge.gap = 1000000 (custom)
2019-09-10 12:59:53,029 [pool-170-thread-1] INFO  server.RaftServerConfigKeys (ConfUtils.java:logGet(43)) - raft.server.log.appender.buffer.byte-limit = 33554432 (custom)
2019-09-10 12:59:53,029 [pool-170-thread-1] INFO  server.RaftServerConfigKeys (ConfUtils.java:logGet(43)) - raft.server.log.segment.size.max = 1048576 (custom)
2019-09-10 12:59:53,029 [pool-170-thread-1] INFO  server.RaftServerConfigKeys (ConfUtils.java:logGet(43)) - raft.server.log.segment.cache.num.max = 2 (custom)
2019-09-10 12:59:53,029 [pool-170-thread-1] INFO  segmented.SegmentedRaftLogWorker (SegmentedRaftLogWorker.java:<init>(172)) - new 5133bb85-d112-43d0-b51c-6140e4ebc540-SegmentedRaftLogWorker:Storage Directory /workdir/hadoop-ozone/integration-test/target/test-dir/MiniOzoneClusterImpl-74450ed2-7f0c-43e6-83a9-4ec0eb8ed3d0/datanode-4/data/ratis/1518ffe0-7dbd-49ff-b1c4-49c775a5aa85 for RaftStorage:Storage Directory /workdir/hadoop-ozone/integration-test/target/test-dir/MiniOzoneClusterImpl-74450ed2-7f0c-43e6-83a9-4ec0eb8ed3d0/datanode-4/data/ratis/1518ffe0-7dbd-49ff-b1c4-49c775a5aa85
2019-09-10 12:59:53,029 [pool-170-thread-1] INFO  server.RaftServerConfigKeys (ConfUtils.java:logGet(43)) - raft.server.log.queue.byte-limit = 2147483647 (custom)
2019-09-10 12:59:53,029 [pool-170-thread-1] INFO  server.RaftServerConfigKeys (ConfUtils.java:logGet(43)) - raft.server.log.queue.element-limit = 1024 (custom)
2019-09-10 12:59:53,030 [pool-170-thread-1] INFO  server.RaftServerConfigKeys (ConfUtils.java:logGet(43)) - raft.server.log.segment.size.max = 1048576 (custom)
2019-09-10 12:59:53,030 [pool-170-thread-1] INFO  server.RaftServerConfigKeys (ConfUtils.java:logGet(43)) - raft.server.log.preallocated.size = 16384 (custom)
2019-09-10 12:59:53,030 [pool-170-thread-1] INFO  server.RaftServerConfigKeys (ConfUtils.java:logGet(43)) - raft.server.log.write.buffer.size = 33554432 (custom)
2019-09-10 12:59:53,030 [pool-170-thread-1] INFO  server.RaftServerConfigKeys (ConfUtils.java:logGet(43)) - raft.server.log.force.sync.num = 128 (default)
2019-09-10 12:59:53,030 [pool-170-thread-1] INFO  server.RaftServerConfigKeys (ConfUtils.java:logGet(43)) - raft.server.log.statemachine.data.sync = true (default)
2019-09-10 12:59:53,030 [pool-170-thread-1] INFO  server.RaftServerConfigKeys (ConfUtils.java:logGet(43)) - raft.server.log.statemachine.data.sync.timeout = 10s (default)
2019-09-10 12:59:53,030 [pool-170-thread-1] INFO  server.RaftServerConfigKeys (ConfUtils.java:logGet(43)) - raft.server.log.statemachine.data.sync.timeout.retry = -1 (default)
2019-09-10 12:59:53,031 [pool-170-thread-1] INFO  server.RaftServerConfigKeys (ConfUtils.java:logGet(43)) - raft.server.log.statemachine.data.caching.enabled = true (custom)
2019-09-10 12:59:53,031 [pool-170-thread-1] INFO  segmented.SegmentedRaftLogWorker (SegmentedRaftLogWorker.java:lambda$new$0(132)) - 5133bb85-d112-43d0-b51c-6140e4ebc540-SegmentedRaftLogWorker:Storage Directory /workdir/hadoop-ozone/integration-test/target/test-dir/MiniOzoneClusterImpl-74450ed2-7f0c-43e6-83a9-4ec0eb8ed3d0/datanode-4/data/ratis/1518ffe0-7dbd-49ff-b1c4-49c775a5aa85: flushIndex: setUnconditionally 0 -> -1
2019-09-10 12:59:53,031 [pool-170-thread-1] INFO  server.RaftServerConfigKeys (ConfUtils.java:logGet(43)) - raft.server.snapshot.auto.trigger.enabled = true (custom)
2019-09-10 12:59:53,031 [pool-170-thread-1] INFO  server.RaftServerConfigKeys (ConfUtils.java:logGet(43)) - raft.server.snapshot.auto.trigger.threshold = 10000 (custom)
2019-09-10 12:59:53,031 [pool-170-thread-1] INFO  server.RaftServerConfigKeys (ConfUtils.java:logGet(43)) - raft.server.retrycache.expirytime = 600000ms (custom)
2019-09-10 12:59:53,032 [pool-170-thread-1] INFO  impl.RaftServerImpl (RaftServerImpl.java:start(180)) - 5133bb85-d112-43d0-b51c-6140e4ebc540: start group-49C775A5AA85
2019-09-10 12:59:53,032 [pool-170-thread-1] INFO  impl.RaftServerImpl (RaftServerImpl.java:setRole(171)) - 5133bb85-d112-43d0-b51c-6140e4ebc540:group-49C775A5AA85 changes role from null to FOLLOWER at term 0 for startAsFollower
2019-09-10 12:59:53,032 [pool-170-thread-1] INFO  impl.RoleInfo (RoleInfo.java:updateAndGet(143)) - 5133bb85-d112-43d0-b51c-6140e4ebc540: start FollowerState
2019-09-10 12:59:53,032 [pool-170-thread-1] INFO  util.JmxRegister (JmxRegister.java:tryRegister(44)) - Successfully registered JMX Bean with object name Ratis:service=RaftServer,group=group-49C775A5AA85,id=5133bb85-d112-43d0-b51c-6140e4ebc540
2019-09-10 12:59:53,035 [RatisPipelineUtilsThread] INFO  pipeline.PipelineStateManager (PipelineStateManager.java:addPipeline(56)) - Created pipeline Pipeline[ Id: 1518ffe0-7dbd-49ff-b1c4-49c775a5aa85, Nodes: 5133bb85-d112-43d0-b51c-6140e4ebc540{ip: 192.168.5.153, host: pr-hdds-1571-5ln6c-1111760135, networkLocation: /default-rack, certSerialId: null}, Type:RATIS, Factor:ONE, State:OPEN]
2019-09-10 12:59:53,208 [IPC Server handler 16 on 41951] INFO  net.NetworkTopology (NetworkTopologyImpl.java:add(110)) - Added a new node: /default-rack/80892ce7-83f5-4ca2-be8c-d0fb582c0dda
2019-09-10 12:59:53,208 [IPC Server handler 16 on 41951] INFO  node.SCMNodeManager (SCMNodeManager.java:register(273)) - Registered Data node : 80892ce7-83f5-4ca2-be8c-d0fb582c0dda{ip: 192.168.5.153, host: pr-hdds-1571-5ln6c-1111760135, networkLocation: /default-rack, certSerialId: null}
2019-09-10 12:59:53,209 | INFO  | SCMAudit | user=jenkins1000 | ip=192.168.5.153 | op=REGISTER {datanodeDetails=80892ce7-83f5-4ca2-be8c-d0fb582c0dda{ip: 192.168.5.153, host: pr-hdds-1571-5ln6c-1111760135, networkLocation: /default-rack, certSerialId: null}} | ret=SUCCESS |  
2019-09-10 12:59:53,220 [grpc-default-executor-1] INFO  impl.RaftServerProxy (RaftServerProxy.java:addNew(89)) - 80892ce7-83f5-4ca2-be8c-d0fb582c0dda: addNew group-B3289DAA560A:[80892ce7-83f5-4ca2-be8c-d0fb582c0dda:192.168.5.153:45229] returns group-B3289DAA560A:java.util.concurrent.CompletableFuture@292d67c6[Not completed]
2019-09-10 12:59:53,225 [pool-181-thread-1] INFO  impl.RaftServerImpl (RaftServerImpl.java:<init>(93)) - 80892ce7-83f5-4ca2-be8c-d0fb582c0dda: new RaftServerImpl for group-B3289DAA560A:[80892ce7-83f5-4ca2-be8c-d0fb582c0dda:192.168.5.153:45229] with ContainerStateMachine:uninitialized
2019-09-10 12:59:53,225 [pool-181-thread-1] INFO  server.RaftServerConfigKeys (ConfUtils.java:logGet(43)) - raft.server.rpc.timeout.min = 5s (custom)
2019-09-10 12:59:53,226 [pool-181-thread-1] INFO  server.RaftServerConfigKeys (ConfUtils.java:logGet(43)) - raft.server.rpc.timeout.max = 5200ms (custom)
2019-09-10 12:59:53,226 [pool-181-thread-1] INFO  server.RaftServerConfigKeys (ConfUtils.java:logGet(43)) - raft.server.rpcslowness.timeout = 120s (custom)
2019-09-10 12:59:53,226 [pool-181-thread-1] INFO  server.RaftServerConfigKeys (ConfUtils.java:logGet(43)) - raft.server.sleep.deviation.threshold = 300 (default)
2019-09-10 12:59:53,226 [pool-181-thread-1] INFO  server.RaftServerConfigKeys (ConfUtils.java:logGet(43)) - raft.server.log.appender.install.snapshot.enabled = false (custom)
2019-09-10 12:59:53,226 [pool-181-thread-1] INFO  impl.RaftServerImpl (ServerState.java:<init>(105)) - 80892ce7-83f5-4ca2-be8c-d0fb582c0dda:group-B3289DAA560A ConfigurationManager, init=-1: [80892ce7-83f5-4ca2-be8c-d0fb582c0dda:192.168.5.153:45229], old=null, confs=<EMPTY_MAP>
2019-09-10 12:59:53,226 [pool-181-thread-1] INFO  server.RaftServerConfigKeys (ConfUtils.java:logGet(43)) - raft.server.storage.dir = [/workdir/hadoop-ozone/integration-test/target/test-dir/MiniOzoneClusterImpl-74450ed2-7f0c-43e6-83a9-4ec0eb8ed3d0/datanode-5/data/ratis] (custom)
2019-09-10 12:59:53,227 [pool-181-thread-1] INFO  storage.RaftStorageDirectory (RaftStorageDirectory.java:analyzeStorage(246)) - The storage directory /workdir/hadoop-ozone/integration-test/target/test-dir/MiniOzoneClusterImpl-74450ed2-7f0c-43e6-83a9-4ec0eb8ed3d0/datanode-5/data/ratis/a3047abd-9c99-4a5e-b586-b3289daa560a does not exist. Creating ...
2019-09-10 12:59:53,245 [pool-181-thread-1] INFO  storage.RaftStorageDirectory (RaftStorageDirectory.java:tryLock(328)) - Lock on /workdir/hadoop-ozone/integration-test/target/test-dir/MiniOzoneClusterImpl-74450ed2-7f0c-43e6-83a9-4ec0eb8ed3d0/datanode-5/data/ratis/a3047abd-9c99-4a5e-b586-b3289daa560a/in_use.lock acquired by nodename 19591@pr-hdds-1571-5ln6c-1111760135
2019-09-10 12:59:53,261 [pool-181-thread-1] INFO  storage.RaftStorage (RaftStorage.java:format(72)) - Storage directory /workdir/hadoop-ozone/integration-test/target/test-dir/MiniOzoneClusterImpl-74450ed2-7f0c-43e6-83a9-4ec0eb8ed3d0/datanode-5/data/ratis/a3047abd-9c99-4a5e-b586-b3289daa560a has been successfully formatted.
2019-09-10 12:59:53,262 [pool-181-thread-1] INFO  ratis.ContainerStateMachine (ContainerStateMachine.java:loadSnapshot(226)) - group-B3289DAA560A: The snapshot info is null. Setting the last applied indexto:(t:0, i:~)
2019-09-10 12:59:53,262 [pool-181-thread-1] INFO  server.RaftServerConfigKeys (ConfUtils.java:logGet(43)) - raft.server.leader.election.timeout = 120s (custom)
2019-09-10 12:59:53,262 [pool-181-thread-1] INFO  server.RaftServerConfigKeys (ConfUtils.java:logGet(43)) - raft.server.log.use.memory = false (default)
2019-09-10 12:59:53,262 [pool-181-thread-1] INFO  server.RaftServerConfigKeys (ConfUtils.java:logGet(43)) - raft.server.log.purge.gap = 1000000 (custom)
2019-09-10 12:59:53,262 [pool-181-thread-1] INFO  server.RaftServerConfigKeys (ConfUtils.java:logGet(43)) - raft.server.log.appender.buffer.byte-limit = 33554432 (custom)
2019-09-10 12:59:53,262 [pool-181-thread-1] INFO  server.RaftServerConfigKeys (ConfUtils.java:logGet(43)) - raft.server.log.segment.size.max = 1048576 (custom)
2019-09-10 12:59:53,263 [pool-181-thread-1] INFO  server.RaftServerConfigKeys (ConfUtils.java:logGet(43)) - raft.server.log.segment.cache.num.max = 2 (custom)
2019-09-10 12:59:53,263 [pool-181-thread-1] INFO  segmented.SegmentedRaftLogWorker (SegmentedRaftLogWorker.java:<init>(172)) - new 80892ce7-83f5-4ca2-be8c-d0fb582c0dda-SegmentedRaftLogWorker:Storage Directory /workdir/hadoop-ozone/integration-test/target/test-dir/MiniOzoneClusterImpl-74450ed2-7f0c-43e6-83a9-4ec0eb8ed3d0/datanode-5/data/ratis/a3047abd-9c99-4a5e-b586-b3289daa560a for RaftStorage:Storage Directory /workdir/hadoop-ozone/integration-test/target/test-dir/MiniOzoneClusterImpl-74450ed2-7f0c-43e6-83a9-4ec0eb8ed3d0/datanode-5/data/ratis/a3047abd-9c99-4a5e-b586-b3289daa560a
2019-09-10 12:59:53,263 [pool-181-thread-1] INFO  server.RaftServerConfigKeys (ConfUtils.java:logGet(43)) - raft.server.log.queue.byte-limit = 2147483647 (custom)
2019-09-10 12:59:53,263 [pool-181-thread-1] INFO  server.RaftServerConfigKeys (ConfUtils.java:logGet(43)) - raft.server.log.queue.element-limit = 1024 (custom)
2019-09-10 12:59:53,263 [pool-181-thread-1] INFO  server.RaftServerConfigKeys (ConfUtils.java:logGet(43)) - raft.server.log.segment.size.max = 1048576 (custom)
2019-09-10 12:59:53,263 [pool-181-thread-1] INFO  server.RaftServerConfigKeys (ConfUtils.java:logGet(43)) - raft.server.log.preallocated.size = 16384 (custom)
2019-09-10 12:59:53,263 [pool-181-thread-1] INFO  server.RaftServerConfigKeys (ConfUtils.java:logGet(43)) - raft.server.log.write.buffer.size = 33554432 (custom)
2019-09-10 12:59:53,264 [pool-181-thread-1] INFO  server.RaftServerConfigKeys (ConfUtils.java:logGet(43)) - raft.server.log.force.sync.num = 128 (default)
2019-09-10 12:59:53,264 [pool-181-thread-1] INFO  server.RaftServerConfigKeys (ConfUtils.java:logGet(43)) - raft.server.log.statemachine.data.sync = true (default)
2019-09-10 12:59:53,264 [pool-181-thread-1] INFO  server.RaftServerConfigKeys (ConfUtils.java:logGet(43)) - raft.server.log.statemachine.data.sync.timeout = 10s (default)
2019-09-10 12:59:53,264 [pool-181-thread-1] INFO  server.RaftServerConfigKeys (ConfUtils.java:logGet(43)) - raft.server.log.statemachine.data.sync.timeout.retry = -1 (default)
2019-09-10 12:59:53,264 [pool-181-thread-1] INFO  server.RaftServerConfigKeys (ConfUtils.java:logGet(43)) - raft.server.log.statemachine.data.caching.enabled = true (custom)
2019-09-10 12:59:53,264 [pool-181-thread-1] INFO  segmented.SegmentedRaftLogWorker (SegmentedRaftLogWorker.java:lambda$new$0(132)) - 80892ce7-83f5-4ca2-be8c-d0fb582c0dda-SegmentedRaftLogWorker:Storage Directory /workdir/hadoop-ozone/integration-test/target/test-dir/MiniOzoneClusterImpl-74450ed2-7f0c-43e6-83a9-4ec0eb8ed3d0/datanode-5/data/ratis/a3047abd-9c99-4a5e-b586-b3289daa560a: flushIndex: setUnconditionally 0 -> -1
2019-09-10 12:59:53,265 [pool-181-thread-1] INFO  server.RaftServerConfigKeys (ConfUtils.java:logGet(43)) - raft.server.snapshot.auto.trigger.enabled = true (custom)
2019-09-10 12:59:53,265 [pool-181-thread-1] INFO  server.RaftServerConfigKeys (ConfUtils.java:logGet(43)) - raft.server.snapshot.auto.trigger.threshold = 10000 (custom)
2019-09-10 12:59:53,265 [pool-181-thread-1] INFO  server.RaftServerConfigKeys (ConfUtils.java:logGet(43)) - raft.server.retrycache.expirytime = 600000ms (custom)
2019-09-10 12:59:53,265 [pool-181-thread-1] INFO  impl.RaftServerImpl (RaftServerImpl.java:start(180)) - 80892ce7-83f5-4ca2-be8c-d0fb582c0dda: start group-B3289DAA560A
2019-09-10 12:59:53,265 [pool-181-thread-1] INFO  impl.RaftServerImpl (RaftServerImpl.java:setRole(171)) - 80892ce7-83f5-4ca2-be8c-d0fb582c0dda:group-B3289DAA560A changes role from null to FOLLOWER at term 0 for startAsFollower
2019-09-10 12:59:53,265 [pool-181-thread-1] INFO  impl.RoleInfo (RoleInfo.java:updateAndGet(143)) - 80892ce7-83f5-4ca2-be8c-d0fb582c0dda: start FollowerState
2019-09-10 12:59:53,266 [pool-181-thread-1] INFO  util.JmxRegister (JmxRegister.java:tryRegister(44)) - Successfully registered JMX Bean with object name Ratis:service=RaftServer,group=group-B3289DAA560A,id=80892ce7-83f5-4ca2-be8c-d0fb582c0dda
2019-09-10 12:59:53,268 [RatisPipelineUtilsThread] INFO  pipeline.PipelineStateManager (PipelineStateManager.java:addPipeline(56)) - Created pipeline Pipeline[ Id: a3047abd-9c99-4a5e-b586-b3289daa560a, Nodes: 80892ce7-83f5-4ca2-be8c-d0fb582c0dda{ip: 192.168.5.153, host: pr-hdds-1571-5ln6c-1111760135, networkLocation: /default-rack, certSerialId: null}, Type:RATIS, Factor:ONE, State:OPEN]
2019-09-10 12:59:53,283 [grpc-default-executor-0] INFO  impl.RaftServerProxy (RaftServerProxy.java:addNew(89)) - 80892ce7-83f5-4ca2-be8c-d0fb582c0dda: addNew group-59B8B6051EC0:[80892ce7-83f5-4ca2-be8c-d0fb582c0dda:192.168.5.153:45229, 677e3d93-3467-4860-9bf6-0d2ba46507f3:192.168.5.153:41781, 5133bb85-d112-43d0-b51c-6140e4ebc540:192.168.5.153:45692] returns group-59B8B6051EC0:java.util.concurrent.CompletableFuture@1159eea[Not completed]
2019-09-10 12:59:53,283 [grpc-default-executor-5] INFO  impl.RaftServerProxy (RaftServerProxy.java:addNew(89)) - 5133bb85-d112-43d0-b51c-6140e4ebc540: addNew group-59B8B6051EC0:[80892ce7-83f5-4ca2-be8c-d0fb582c0dda:192.168.5.153:45229, 677e3d93-3467-4860-9bf6-0d2ba46507f3:192.168.5.153:41781, 5133bb85-d112-43d0-b51c-6140e4ebc540:192.168.5.153:45692] returns group-59B8B6051EC0:java.util.concurrent.CompletableFuture@65cb9f1a[Not completed]
2019-09-10 12:59:53,283 [grpc-default-executor-1] INFO  impl.RaftServerProxy (RaftServerProxy.java:addNew(89)) - 677e3d93-3467-4860-9bf6-0d2ba46507f3: addNew group-59B8B6051EC0:[80892ce7-83f5-4ca2-be8c-d0fb582c0dda:192.168.5.153:45229, 677e3d93-3467-4860-9bf6-0d2ba46507f3:192.168.5.153:41781, 5133bb85-d112-43d0-b51c-6140e4ebc540:192.168.5.153:45692] returns group-59B8B6051EC0:java.util.concurrent.CompletableFuture@7342fdaf[Not completed]
2019-09-10 12:59:53,284 [pool-181-thread-1] INFO  impl.RaftServerImpl (RaftServerImpl.java:<init>(93)) - 80892ce7-83f5-4ca2-be8c-d0fb582c0dda: new RaftServerImpl for group-59B8B6051EC0:[80892ce7-83f5-4ca2-be8c-d0fb582c0dda:192.168.5.153:45229, 677e3d93-3467-4860-9bf6-0d2ba46507f3:192.168.5.153:41781, 5133bb85-d112-43d0-b51c-6140e4ebc540:192.168.5.153:45692] with ContainerStateMachine:uninitialized
2019-09-10 12:59:53,284 [pool-181-thread-1] INFO  server.RaftServerConfigKeys (ConfUtils.java:logGet(43)) - raft.server.rpc.timeout.min = 5s (custom)
2019-09-10 12:59:53,284 [pool-181-thread-1] INFO  server.RaftServerConfigKeys (ConfUtils.java:logGet(43)) - raft.server.rpc.timeout.max = 5200ms (custom)
2019-09-10 12:59:53,284 [pool-181-thread-1] INFO  server.RaftServerConfigKeys (ConfUtils.java:logGet(43)) - raft.server.rpcslowness.timeout = 120s (custom)
2019-09-10 12:59:53,284 [pool-181-thread-1] INFO  server.RaftServerConfigKeys (ConfUtils.java:logGet(43)) - raft.server.sleep.deviation.threshold = 300 (default)
2019-09-10 12:59:53,285 [pool-181-thread-1] INFO  server.RaftServerConfigKeys (ConfUtils.java:logGet(43)) - raft.server.log.appender.install.snapshot.enabled = false (custom)
2019-09-10 12:59:53,285 [pool-181-thread-1] INFO  impl.RaftServerImpl (ServerState.java:<init>(105)) - 80892ce7-83f5-4ca2-be8c-d0fb582c0dda:group-59B8B6051EC0 ConfigurationManager, init=-1: [80892ce7-83f5-4ca2-be8c-d0fb582c0dda:192.168.5.153:45229, 677e3d93-3467-4860-9bf6-0d2ba46507f3:192.168.5.153:41781, 5133bb85-d112-43d0-b51c-6140e4ebc540:192.168.5.153:45692], old=null, confs=<EMPTY_MAP>
2019-09-10 12:59:53,285 [pool-159-thread-1] INFO  impl.RaftServerImpl (RaftServerImpl.java:<init>(93)) - 677e3d93-3467-4860-9bf6-0d2ba46507f3: new RaftServerImpl for group-59B8B6051EC0:[80892ce7-83f5-4ca2-be8c-d0fb582c0dda:192.168.5.153:45229, 677e3d93-3467-4860-9bf6-0d2ba46507f3:192.168.5.153:41781, 5133bb85-d112-43d0-b51c-6140e4ebc540:192.168.5.153:45692] with ContainerStateMachine:uninitialized
2019-09-10 12:59:53,285 [pool-181-thread-1] INFO  server.RaftServerConfigKeys (ConfUtils.java:logGet(43)) - raft.server.storage.dir = [/workdir/hadoop-ozone/integration-test/target/test-dir/MiniOzoneClusterImpl-74450ed2-7f0c-43e6-83a9-4ec0eb8ed3d0/datanode-5/data/ratis] (custom)
2019-09-10 12:59:53,285 [pool-159-thread-1] INFO  server.RaftServerConfigKeys (ConfUtils.java:logGet(43)) - raft.server.rpc.timeout.min = 5s (custom)
2019-09-10 12:59:53,285 [pool-159-thread-1] INFO  server.RaftServerConfigKeys (ConfUtils.java:logGet(43)) - raft.server.rpc.timeout.max = 5200ms (custom)
2019-09-10 12:59:53,285 [pool-170-thread-1] INFO  impl.RaftServerImpl (RaftServerImpl.java:<init>(93)) - 5133bb85-d112-43d0-b51c-6140e4ebc540: new RaftServerImpl for group-59B8B6051EC0:[80892ce7-83f5-4ca2-be8c-d0fb582c0dda:192.168.5.153:45229, 677e3d93-3467-4860-9bf6-0d2ba46507f3:192.168.5.153:41781, 5133bb85-d112-43d0-b51c-6140e4ebc540:192.168.5.153:45692] with ContainerStateMachine:uninitialized
2019-09-10 12:59:53,285 [pool-181-thread-1] INFO  storage.RaftStorageDirectory (RaftStorageDirectory.java:analyzeStorage(246)) - The storage directory /workdir/hadoop-ozone/integration-test/target/test-dir/MiniOzoneClusterImpl-74450ed2-7f0c-43e6-83a9-4ec0eb8ed3d0/datanode-5/data/ratis/a6481122-4911-464c-a6bc-59b8b6051ec0 does not exist. Creating ...
2019-09-10 12:59:53,285 [pool-170-thread-1] INFO  server.RaftServerConfigKeys (ConfUtils.java:logGet(43)) - raft.server.rpc.timeout.min = 5s (custom)
2019-09-10 12:59:53,285 [pool-159-thread-1] INFO  server.RaftServerConfigKeys (ConfUtils.java:logGet(43)) - raft.server.rpcslowness.timeout = 120s (custom)
2019-09-10 12:59:53,286 [pool-170-thread-1] INFO  server.RaftServerConfigKeys (ConfUtils.java:logGet(43)) - raft.server.rpc.timeout.max = 5200ms (custom)
2019-09-10 12:59:53,286 [pool-159-thread-1] INFO  server.RaftServerConfigKeys (ConfUtils.java:logGet(43)) - raft.server.sleep.deviation.threshold = 300 (default)
2019-09-10 12:59:53,286 [pool-170-thread-1] INFO  server.RaftServerConfigKeys (ConfUtils.java:logGet(43)) - raft.server.rpcslowness.timeout = 120s (custom)
2019-09-10 12:59:53,286 [pool-159-thread-1] INFO  server.RaftServerConfigKeys (ConfUtils.java:logGet(43)) - raft.server.log.appender.install.snapshot.enabled = false (custom)
2019-09-10 12:59:53,286 [pool-170-thread-1] INFO  server.RaftServerConfigKeys (ConfUtils.java:logGet(43)) - raft.server.sleep.deviation.threshold = 300 (default)
2019-09-10 12:59:53,286 [pool-159-thread-1] INFO  impl.RaftServerImpl (ServerState.java:<init>(105)) - 677e3d93-3467-4860-9bf6-0d2ba46507f3:group-59B8B6051EC0 ConfigurationManager, init=-1: [80892ce7-83f5-4ca2-be8c-d0fb582c0dda:192.168.5.153:45229, 677e3d93-3467-4860-9bf6-0d2ba46507f3:192.168.5.153:41781, 5133bb85-d112-43d0-b51c-6140e4ebc540:192.168.5.153:45692], old=null, confs=<EMPTY_MAP>
2019-09-10 12:59:53,286 [pool-170-thread-1] INFO  server.RaftServerConfigKeys (ConfUtils.java:logGet(43)) - raft.server.log.appender.install.snapshot.enabled = false (custom)
2019-09-10 12:59:53,286 [pool-159-thread-1] INFO  server.RaftServerConfigKeys (ConfUtils.java:logGet(43)) - raft.server.storage.dir = [/workdir/hadoop-ozone/integration-test/target/test-dir/MiniOzoneClusterImpl-74450ed2-7f0c-43e6-83a9-4ec0eb8ed3d0/datanode-3/data/ratis] (custom)
2019-09-10 12:59:53,286 [pool-170-thread-1] INFO  impl.RaftServerImpl (ServerState.java:<init>(105)) - 5133bb85-d112-43d0-b51c-6140e4ebc540:group-59B8B6051EC0 ConfigurationManager, init=-1: [80892ce7-83f5-4ca2-be8c-d0fb582c0dda:192.168.5.153:45229, 677e3d93-3467-4860-9bf6-0d2ba46507f3:192.168.5.153:41781, 5133bb85-d112-43d0-b51c-6140e4ebc540:192.168.5.153:45692], old=null, confs=<EMPTY_MAP>
2019-09-10 12:59:53,287 [pool-170-thread-1] INFO  server.RaftServerConfigKeys (ConfUtils.java:logGet(43)) - raft.server.storage.dir = [/workdir/hadoop-ozone/integration-test/target/test-dir/MiniOzoneClusterImpl-74450ed2-7f0c-43e6-83a9-4ec0eb8ed3d0/datanode-4/data/ratis] (custom)
2019-09-10 12:59:53,287 [pool-159-thread-1] INFO  storage.RaftStorageDirectory (RaftStorageDirectory.java:analyzeStorage(246)) - The storage directory /workdir/hadoop-ozone/integration-test/target/test-dir/MiniOzoneClusterImpl-74450ed2-7f0c-43e6-83a9-4ec0eb8ed3d0/datanode-3/data/ratis/a6481122-4911-464c-a6bc-59b8b6051ec0 does not exist. Creating ...
2019-09-10 12:59:53,287 [pool-170-thread-1] INFO  storage.RaftStorageDirectory (RaftStorageDirectory.java:analyzeStorage(246)) - The storage directory /workdir/hadoop-ozone/integration-test/target/test-dir/MiniOzoneClusterImpl-74450ed2-7f0c-43e6-83a9-4ec0eb8ed3d0/datanode-4/data/ratis/a6481122-4911-464c-a6bc-59b8b6051ec0 does not exist. Creating ...
2019-09-10 12:59:53,299 [pool-181-thread-1] INFO  storage.RaftStorageDirectory (RaftStorageDirectory.java:tryLock(328)) - Lock on /workdir/hadoop-ozone/integration-test/target/test-dir/MiniOzoneClusterImpl-74450ed2-7f0c-43e6-83a9-4ec0eb8ed3d0/datanode-5/data/ratis/a6481122-4911-464c-a6bc-59b8b6051ec0/in_use.lock acquired by nodename 19591@pr-hdds-1571-5ln6c-1111760135
2019-09-10 12:59:53,322 [pool-159-thread-1] INFO  storage.RaftStorageDirectory (RaftStorageDirectory.java:tryLock(328)) - Lock on /workdir/hadoop-ozone/integration-test/target/test-dir/MiniOzoneClusterImpl-74450ed2-7f0c-43e6-83a9-4ec0eb8ed3d0/datanode-3/data/ratis/a6481122-4911-464c-a6bc-59b8b6051ec0/in_use.lock acquired by nodename 19591@pr-hdds-1571-5ln6c-1111760135
2019-09-10 12:59:53,322 [pool-181-thread-1] INFO  storage.RaftStorage (RaftStorage.java:format(72)) - Storage directory /workdir/hadoop-ozone/integration-test/target/test-dir/MiniOzoneClusterImpl-74450ed2-7f0c-43e6-83a9-4ec0eb8ed3d0/datanode-5/data/ratis/a6481122-4911-464c-a6bc-59b8b6051ec0 has been successfully formatted.
2019-09-10 12:59:53,322 [pool-170-thread-1] INFO  storage.RaftStorageDirectory (RaftStorageDirectory.java:tryLock(328)) - Lock on /workdir/hadoop-ozone/integration-test/target/test-dir/MiniOzoneClusterImpl-74450ed2-7f0c-43e6-83a9-4ec0eb8ed3d0/datanode-4/data/ratis/a6481122-4911-464c-a6bc-59b8b6051ec0/in_use.lock acquired by nodename 19591@pr-hdds-1571-5ln6c-1111760135
2019-09-10 12:59:53,323 [pool-181-thread-1] INFO  ratis.ContainerStateMachine (ContainerStateMachine.java:loadSnapshot(226)) - group-59B8B6051EC0: The snapshot info is null. Setting the last applied indexto:(t:0, i:~)
2019-09-10 12:59:53,323 [pool-181-thread-1] INFO  server.RaftServerConfigKeys (ConfUtils.java:logGet(43)) - raft.server.leader.election.timeout = 120s (custom)
2019-09-10 12:59:53,323 [pool-181-thread-1] INFO  server.RaftServerConfigKeys (ConfUtils.java:logGet(43)) - raft.server.log.use.memory = false (default)
2019-09-10 12:59:53,323 [pool-181-thread-1] INFO  server.RaftServerConfigKeys (ConfUtils.java:logGet(43)) - raft.server.log.purge.gap = 1000000 (custom)
2019-09-10 12:59:53,323 [pool-181-thread-1] INFO  server.RaftServerConfigKeys (ConfUtils.java:logGet(43)) - raft.server.log.appender.buffer.byte-limit = 33554432 (custom)
2019-09-10 12:59:53,324 [pool-181-thread-1] INFO  server.RaftServerConfigKeys (ConfUtils.java:logGet(43)) - raft.server.log.segment.size.max = 1048576 (custom)
2019-09-10 12:59:53,324 [pool-181-thread-1] INFO  server.RaftServerConfigKeys (ConfUtils.java:logGet(43)) - raft.server.log.segment.cache.num.max = 2 (custom)
2019-09-10 12:59:53,324 [pool-181-thread-1] INFO  segmented.SegmentedRaftLogWorker (SegmentedRaftLogWorker.java:<init>(172)) - new 80892ce7-83f5-4ca2-be8c-d0fb582c0dda-SegmentedRaftLogWorker:Storage Directory /workdir/hadoop-ozone/integration-test/target/test-dir/MiniOzoneClusterImpl-74450ed2-7f0c-43e6-83a9-4ec0eb8ed3d0/datanode-5/data/ratis/a6481122-4911-464c-a6bc-59b8b6051ec0 for RaftStorage:Storage Directory /workdir/hadoop-ozone/integration-test/target/test-dir/MiniOzoneClusterImpl-74450ed2-7f0c-43e6-83a9-4ec0eb8ed3d0/datanode-5/data/ratis/a6481122-4911-464c-a6bc-59b8b6051ec0
2019-09-10 12:59:53,324 [pool-181-thread-1] INFO  server.RaftServerConfigKeys (ConfUtils.java:logGet(43)) - raft.server.log.queue.byte-limit = 2147483647 (custom)
2019-09-10 12:59:53,324 [pool-181-thread-1] INFO  server.RaftServerConfigKeys (ConfUtils.java:logGet(43)) - raft.server.log.queue.element-limit = 1024 (custom)
2019-09-10 12:59:53,324 [pool-181-thread-1] INFO  server.RaftServerConfigKeys (ConfUtils.java:logGet(43)) - raft.server.log.segment.size.max = 1048576 (custom)
2019-09-10 12:59:53,324 [pool-181-thread-1] INFO  server.RaftServerConfigKeys (ConfUtils.java:logGet(43)) - raft.server.log.preallocated.size = 16384 (custom)
2019-09-10 12:59:53,325 [pool-181-thread-1] INFO  server.RaftServerConfigKeys (ConfUtils.java:logGet(43)) - raft.server.log.write.buffer.size = 33554432 (custom)
2019-09-10 12:59:53,325 [pool-181-thread-1] INFO  server.RaftServerConfigKeys (ConfUtils.java:logGet(43)) - raft.server.log.force.sync.num = 128 (default)
2019-09-10 12:59:53,325 [pool-181-thread-1] INFO  server.RaftServerConfigKeys (ConfUtils.java:logGet(43)) - raft.server.log.statemachine.data.sync = true (default)
2019-09-10 12:59:53,325 [pool-181-thread-1] INFO  server.RaftServerConfigKeys (ConfUtils.java:logGet(43)) - raft.server.log.statemachine.data.sync.timeout = 10s (default)
2019-09-10 12:59:53,325 [pool-181-thread-1] INFO  server.RaftServerConfigKeys (ConfUtils.java:logGet(43)) - raft.server.log.statemachine.data.sync.timeout.retry = -1 (default)
2019-09-10 12:59:53,325 [pool-181-thread-1] INFO  server.RaftServerConfigKeys (ConfUtils.java:logGet(43)) - raft.server.log.statemachine.data.caching.enabled = true (custom)
2019-09-10 12:59:53,335 [pool-181-thread-1] INFO  segmented.SegmentedRaftLogWorker (SegmentedRaftLogWorker.java:lambda$new$0(132)) - 80892ce7-83f5-4ca2-be8c-d0fb582c0dda-SegmentedRaftLogWorker:Storage Directory /workdir/hadoop-ozone/integration-test/target/test-dir/MiniOzoneClusterImpl-74450ed2-7f0c-43e6-83a9-4ec0eb8ed3d0/datanode-5/data/ratis/a6481122-4911-464c-a6bc-59b8b6051ec0: flushIndex: setUnconditionally 0 -> -1
2019-09-10 12:59:53,336 [pool-181-thread-1] INFO  server.RaftServerConfigKeys (ConfUtils.java:logGet(43)) - raft.server.snapshot.auto.trigger.enabled = true (custom)
2019-09-10 12:59:53,336 [pool-181-thread-1] INFO  server.RaftServerConfigKeys (ConfUtils.java:logGet(43)) - raft.server.snapshot.auto.trigger.threshold = 10000 (custom)
2019-09-10 12:59:53,336 [pool-181-thread-1] INFO  server.RaftServerConfigKeys (ConfUtils.java:logGet(43)) - raft.server.retrycache.expirytime = 600000ms (custom)
2019-09-10 12:59:53,337 [pool-181-thread-1] INFO  impl.RaftServerImpl (RaftServerImpl.java:start(180)) - 80892ce7-83f5-4ca2-be8c-d0fb582c0dda: start group-59B8B6051EC0
2019-09-10 12:59:53,337 [pool-181-thread-1] INFO  impl.RaftServerImpl (RaftServerImpl.java:setRole(171)) - 80892ce7-83f5-4ca2-be8c-d0fb582c0dda:group-59B8B6051EC0 changes role from null to FOLLOWER at term 0 for startAsFollower
2019-09-10 12:59:53,337 [pool-181-thread-1] INFO  impl.RoleInfo (RoleInfo.java:updateAndGet(143)) - 80892ce7-83f5-4ca2-be8c-d0fb582c0dda: start FollowerState
2019-09-10 12:59:53,337 [pool-181-thread-1] INFO  util.JmxRegister (JmxRegister.java:tryRegister(44)) - Successfully registered JMX Bean with object name Ratis:service=RaftServer,group=group-59B8B6051EC0,id=80892ce7-83f5-4ca2-be8c-d0fb582c0dda
2019-09-10 12:59:53,344 [pool-170-thread-1] INFO  storage.RaftStorage (RaftStorage.java:format(72)) - Storage directory /workdir/hadoop-ozone/integration-test/target/test-dir/MiniOzoneClusterImpl-74450ed2-7f0c-43e6-83a9-4ec0eb8ed3d0/datanode-4/data/ratis/a6481122-4911-464c-a6bc-59b8b6051ec0 has been successfully formatted.
2019-09-10 12:59:53,344 [pool-159-thread-1] INFO  storage.RaftStorage (RaftStorage.java:format(72)) - Storage directory /workdir/hadoop-ozone/integration-test/target/test-dir/MiniOzoneClusterImpl-74450ed2-7f0c-43e6-83a9-4ec0eb8ed3d0/datanode-3/data/ratis/a6481122-4911-464c-a6bc-59b8b6051ec0 has been successfully formatted.
2019-09-10 12:59:53,344 [pool-170-thread-1] INFO  ratis.ContainerStateMachine (ContainerStateMachine.java:loadSnapshot(226)) - group-59B8B6051EC0: The snapshot info is null. Setting the last applied indexto:(t:0, i:~)
2019-09-10 12:59:53,344 [pool-170-thread-1] INFO  server.RaftServerConfigKeys (ConfUtils.java:logGet(43)) - raft.server.leader.election.timeout = 120s (custom)
2019-09-10 12:59:53,344 [pool-159-thread-1] INFO  ratis.ContainerStateMachine (ContainerStateMachine.java:loadSnapshot(226)) - group-59B8B6051EC0: The snapshot info is null. Setting the last applied indexto:(t:0, i:~)
2019-09-10 12:59:53,344 [pool-170-thread-1] INFO  server.RaftServerConfigKeys (ConfUtils.java:logGet(43)) - raft.server.log.use.memory = false (default)
2019-09-10 12:59:53,344 [pool-159-thread-1] INFO  server.RaftServerConfigKeys (ConfUtils.java:logGet(43)) - raft.server.leader.election.timeout = 120s (custom)
2019-09-10 12:59:53,345 [pool-170-thread-1] INFO  server.RaftServerConfigKeys (ConfUtils.java:logGet(43)) - raft.server.log.purge.gap = 1000000 (custom)
2019-09-10 12:59:53,345 [pool-159-thread-1] INFO  server.RaftServerConfigKeys (ConfUtils.java:logGet(43)) - raft.server.log.use.memory = false (default)
2019-09-10 12:59:53,345 [pool-170-thread-1] INFO  server.RaftServerConfigKeys (ConfUtils.java:logGet(43)) - raft.server.log.appender.buffer.byte-limit = 33554432 (custom)
2019-09-10 12:59:53,345 [pool-159-thread-1] INFO  server.RaftServerConfigKeys (ConfUtils.java:logGet(43)) - raft.server.log.purge.gap = 1000000 (custom)
2019-09-10 12:59:53,345 [pool-170-thread-1] INFO  server.RaftServerConfigKeys (ConfUtils.java:logGet(43)) - raft.server.log.segment.size.max = 1048576 (custom)
2019-09-10 12:59:53,345 [pool-159-thread-1] INFO  server.RaftServerConfigKeys (ConfUtils.java:logGet(43)) - raft.server.log.appender.buffer.byte-limit = 33554432 (custom)
2019-09-10 12:59:53,345 [pool-170-thread-1] INFO  server.RaftServerConfigKeys (ConfUtils.java:logGet(43)) - raft.server.log.segment.cache.num.max = 2 (custom)
2019-09-10 12:59:53,345 [pool-159-thread-1] INFO  server.RaftServerConfigKeys (ConfUtils.java:logGet(43)) - raft.server.log.segment.size.max = 1048576 (custom)
2019-09-10 12:59:53,346 [pool-170-thread-1] INFO  segmented.SegmentedRaftLogWorker (SegmentedRaftLogWorker.java:<init>(172)) - new 5133bb85-d112-43d0-b51c-6140e4ebc540-SegmentedRaftLogWorker:Storage Directory /workdir/hadoop-ozone/integration-test/target/test-dir/MiniOzoneClusterImpl-74450ed2-7f0c-43e6-83a9-4ec0eb8ed3d0/datanode-4/data/ratis/a6481122-4911-464c-a6bc-59b8b6051ec0 for RaftStorage:Storage Directory /workdir/hadoop-ozone/integration-test/target/test-dir/MiniOzoneClusterImpl-74450ed2-7f0c-43e6-83a9-4ec0eb8ed3d0/datanode-4/data/ratis/a6481122-4911-464c-a6bc-59b8b6051ec0
2019-09-10 12:59:53,346 [pool-159-thread-1] INFO  server.RaftServerConfigKeys (ConfUtils.java:logGet(43)) - raft.server.log.segment.cache.num.max = 2 (custom)
2019-09-10 12:59:53,346 [pool-170-thread-1] INFO  server.RaftServerConfigKeys (ConfUtils.java:logGet(43)) - raft.server.log.queue.byte-limit = 2147483647 (custom)
2019-09-10 12:59:53,346 [pool-159-thread-1] INFO  segmented.SegmentedRaftLogWorker (SegmentedRaftLogWorker.java:<init>(172)) - new 677e3d93-3467-4860-9bf6-0d2ba46507f3-SegmentedRaftLogWorker:Storage Directory /workdir/hadoop-ozone/integration-test/target/test-dir/MiniOzoneClusterImpl-74450ed2-7f0c-43e6-83a9-4ec0eb8ed3d0/datanode-3/data/ratis/a6481122-4911-464c-a6bc-59b8b6051ec0 for RaftStorage:Storage Directory /workdir/hadoop-ozone/integration-test/target/test-dir/MiniOzoneClusterImpl-74450ed2-7f0c-43e6-83a9-4ec0eb8ed3d0/datanode-3/data/ratis/a6481122-4911-464c-a6bc-59b8b6051ec0
2019-09-10 12:59:53,346 [pool-170-thread-1] INFO  server.RaftServerConfigKeys (ConfUtils.java:logGet(43)) - raft.server.log.queue.element-limit = 1024 (custom)
2019-09-10 12:59:53,346 [pool-159-thread-1] INFO  server.RaftServerConfigKeys (ConfUtils.java:logGet(43)) - raft.server.log.queue.byte-limit = 2147483647 (custom)
2019-09-10 12:59:53,346 [pool-170-thread-1] INFO  server.RaftServerConfigKeys (ConfUtils.java:logGet(43)) - raft.server.log.segment.size.max = 1048576 (custom)
2019-09-10 12:59:53,346 [pool-159-thread-1] INFO  server.RaftServerConfigKeys (ConfUtils.java:logGet(43)) - raft.server.log.queue.element-limit = 1024 (custom)
2019-09-10 12:59:53,347 [pool-170-thread-1] INFO  server.RaftServerConfigKeys (ConfUtils.java:logGet(43)) - raft.server.log.preallocated.size = 16384 (custom)
2019-09-10 12:59:53,347 [pool-159-thread-1] INFO  server.RaftServerConfigKeys (ConfUtils.java:logGet(43)) - raft.server.log.segment.size.max = 1048576 (custom)
2019-09-10 12:59:53,347 [pool-170-thread-1] INFO  server.RaftServerConfigKeys (ConfUtils.java:logGet(43)) - raft.server.log.write.buffer.size = 33554432 (custom)
2019-09-10 12:59:53,347 [pool-159-thread-1] INFO  server.RaftServerConfigKeys (ConfUtils.java:logGet(43)) - raft.server.log.preallocated.size = 16384 (custom)
2019-09-10 12:59:53,347 [pool-159-thread-1] INFO  server.RaftServerConfigKeys (ConfUtils.java:logGet(43)) - raft.server.log.write.buffer.size = 33554432 (custom)
2019-09-10 12:59:53,347 [pool-170-thread-1] INFO  server.RaftServerConfigKeys (ConfUtils.java:logGet(43)) - raft.server.log.force.sync.num = 128 (default)
2019-09-10 12:59:53,347 [pool-159-thread-1] INFO  server.RaftServerConfigKeys (ConfUtils.java:logGet(43)) - raft.server.log.force.sync.num = 128 (default)
2019-09-10 12:59:53,348 [pool-170-thread-1] INFO  server.RaftServerConfigKeys (ConfUtils.java:logGet(43)) - raft.server.log.statemachine.data.sync = true (default)
2019-09-10 12:59:53,348 [pool-159-thread-1] INFO  server.RaftServerConfigKeys (ConfUtils.java:logGet(43)) - raft.server.log.statemachine.data.sync = true (default)
2019-09-10 12:59:53,348 [pool-170-thread-1] INFO  server.RaftServerConfigKeys (ConfUtils.java:logGet(43)) - raft.server.log.statemachine.data.sync.timeout = 10s (default)
2019-09-10 12:59:53,348 [pool-159-thread-1] INFO  server.RaftServerConfigKeys (ConfUtils.java:logGet(43)) - raft.server.log.statemachine.data.sync.timeout = 10s (default)
2019-09-10 12:59:53,348 [pool-170-thread-1] INFO  server.RaftServerConfigKeys (ConfUtils.java:logGet(43)) - raft.server.log.statemachine.data.sync.timeout.retry = -1 (default)
2019-09-10 12:59:53,348 [pool-159-thread-1] INFO  server.RaftServerConfigKeys (ConfUtils.java:logGet(43)) - raft.server.log.statemachine.data.sync.timeout.retry = -1 (default)
2019-09-10 12:59:53,349 [pool-170-thread-1] INFO  server.RaftServerConfigKeys (ConfUtils.java:logGet(43)) - raft.server.log.statemachine.data.caching.enabled = true (custom)
2019-09-10 12:59:53,349 [pool-159-thread-1] INFO  server.RaftServerConfigKeys (ConfUtils.java:logGet(43)) - raft.server.log.statemachine.data.caching.enabled = true (custom)
2019-09-10 12:59:53,349 [pool-170-thread-1] INFO  segmented.SegmentedRaftLogWorker (SegmentedRaftLogWorker.java:lambda$new$0(132)) - 5133bb85-d112-43d0-b51c-6140e4ebc540-SegmentedRaftLogWorker:Storage Directory /workdir/hadoop-ozone/integration-test/target/test-dir/MiniOzoneClusterImpl-74450ed2-7f0c-43e6-83a9-4ec0eb8ed3d0/datanode-4/data/ratis/a6481122-4911-464c-a6bc-59b8b6051ec0: flushIndex: setUnconditionally 0 -> -1
2019-09-10 12:59:53,349 [pool-159-thread-1] INFO  segmented.SegmentedRaftLogWorker (SegmentedRaftLogWorker.java:lambda$new$0(132)) - 677e3d93-3467-4860-9bf6-0d2ba46507f3-SegmentedRaftLogWorker:Storage Directory /workdir/hadoop-ozone/integration-test/target/test-dir/MiniOzoneClusterImpl-74450ed2-7f0c-43e6-83a9-4ec0eb8ed3d0/datanode-3/data/ratis/a6481122-4911-464c-a6bc-59b8b6051ec0: flushIndex: setUnconditionally 0 -> -1
2019-09-10 12:59:53,349 [pool-170-thread-1] INFO  server.RaftServerConfigKeys (ConfUtils.java:logGet(43)) - raft.server.snapshot.auto.trigger.enabled = true (custom)
2019-09-10 12:59:53,350 [pool-170-thread-1] INFO  server.RaftServerConfigKeys (ConfUtils.java:logGet(43)) - raft.server.snapshot.auto.trigger.threshold = 10000 (custom)
2019-09-10 12:59:53,350 [pool-159-thread-1] INFO  server.RaftServerConfigKeys (ConfUtils.java:logGet(43)) - raft.server.snapshot.auto.trigger.enabled = true (custom)
2019-09-10 12:59:53,350 [pool-170-thread-1] INFO  server.RaftServerConfigKeys (ConfUtils.java:logGet(43)) - raft.server.retrycache.expirytime = 600000ms (custom)
2019-09-10 12:59:53,350 [pool-159-thread-1] INFO  server.RaftServerConfigKeys (ConfUtils.java:logGet(43)) - raft.server.snapshot.auto.trigger.threshold = 10000 (custom)
2019-09-10 12:59:53,350 [pool-170-thread-1] INFO  impl.RaftServerImpl (RaftServerImpl.java:start(180)) - 5133bb85-d112-43d0-b51c-6140e4ebc540: start group-59B8B6051EC0
2019-09-10 12:59:53,350 [pool-159-thread-1] INFO  server.RaftServerConfigKeys (ConfUtils.java:logGet(43)) - raft.server.retrycache.expirytime = 600000ms (custom)
2019-09-10 12:59:53,350 [pool-170-thread-1] INFO  impl.RaftServerImpl (RaftServerImpl.java:setRole(171)) - 5133bb85-d112-43d0-b51c-6140e4ebc540:group-59B8B6051EC0 changes role from null to FOLLOWER at term 0 for startAsFollower
2019-09-10 12:59:53,351 [pool-159-thread-1] INFO  impl.RaftServerImpl (RaftServerImpl.java:start(180)) - 677e3d93-3467-4860-9bf6-0d2ba46507f3: start group-59B8B6051EC0
2019-09-10 12:59:53,351 [pool-170-thread-1] INFO  impl.RoleInfo (RoleInfo.java:updateAndGet(143)) - 5133bb85-d112-43d0-b51c-6140e4ebc540: start FollowerState
2019-09-10 12:59:53,351 [pool-159-thread-1] INFO  impl.RaftServerImpl (RaftServerImpl.java:setRole(171)) - 677e3d93-3467-4860-9bf6-0d2ba46507f3:group-59B8B6051EC0 changes role from null to FOLLOWER at term 0 for startAsFollower
2019-09-10 12:59:53,351 [pool-159-thread-1] INFO  impl.RoleInfo (RoleInfo.java:updateAndGet(143)) - 677e3d93-3467-4860-9bf6-0d2ba46507f3: start FollowerState
2019-09-10 12:59:53,351 [pool-170-thread-1] INFO  util.JmxRegister (JmxRegister.java:tryRegister(44)) - Successfully registered JMX Bean with object name Ratis:service=RaftServer,group=group-59B8B6051EC0,id=5133bb85-d112-43d0-b51c-6140e4ebc540
2019-09-10 12:59:53,351 [pool-159-thread-1] INFO  util.JmxRegister (JmxRegister.java:tryRegister(44)) - Successfully registered JMX Bean with object name Ratis:service=RaftServer,group=group-59B8B6051EC0,id=677e3d93-3467-4860-9bf6-0d2ba46507f3
2019-09-10 12:59:53,354 [RatisPipelineUtilsThread] INFO  pipeline.PipelineStateManager (PipelineStateManager.java:addPipeline(56)) - Created pipeline Pipeline[ Id: a6481122-4911-464c-a6bc-59b8b6051ec0, Nodes: 677e3d93-3467-4860-9bf6-0d2ba46507f3{ip: 192.168.5.153, host: pr-hdds-1571-5ln6c-1111760135, networkLocation: /default-rack, certSerialId: null}5133bb85-d112-43d0-b51c-6140e4ebc540{ip: 192.168.5.153, host: pr-hdds-1571-5ln6c-1111760135, networkLocation: /default-rack, certSerialId: null}80892ce7-83f5-4ca2-be8c-d0fb582c0dda{ip: 192.168.5.153, host: pr-hdds-1571-5ln6c-1111760135, networkLocation: /default-rack, certSerialId: null}, Type:RATIS, Factor:THREE, State:OPEN]
2019-09-10 12:59:53,444 [IPC Server handler 15 on 41951] INFO  net.NetworkTopology (NetworkTopologyImpl.java:add(110)) - Added a new node: /default-rack/51f7194d-0b6e-44ce-bfd4-93c34be99c19
2019-09-10 12:59:53,444 [IPC Server handler 15 on 41951] INFO  node.SCMNodeManager (SCMNodeManager.java:register(273)) - Registered Data node : 51f7194d-0b6e-44ce-bfd4-93c34be99c19{ip: 192.168.5.153, host: pr-hdds-1571-5ln6c-1111760135, networkLocation: /default-rack, certSerialId: null}
2019-09-10 12:59:53,445 | INFO  | SCMAudit | user=jenkins1000 | ip=192.168.5.153 | op=REGISTER {datanodeDetails=51f7194d-0b6e-44ce-bfd4-93c34be99c19{ip: 192.168.5.153, host: pr-hdds-1571-5ln6c-1111760135, networkLocation: /default-rack, certSerialId: null}} | ret=SUCCESS |  
2019-09-10 12:59:53,448 [main] INFO  ozone.MiniOzoneClusterImpl (MiniOzoneClusterImpl.java:lambda$waitForClusterToBeReady$0(142)) - Cluster is ready. Got 7 of 7 DN Heartbeats.
2019-09-10 12:59:53,455 [grpc-default-executor-1] INFO  impl.RaftServerProxy (RaftServerProxy.java:addNew(89)) - 51f7194d-0b6e-44ce-bfd4-93c34be99c19: addNew group-2943B4E0054E:[51f7194d-0b6e-44ce-bfd4-93c34be99c19:192.168.5.153:37073] returns group-2943B4E0054E:java.util.concurrent.CompletableFuture@5b415605[Not completed]
2019-09-10 12:59:53,465 [pool-192-thread-1] INFO  impl.RaftServerImpl (RaftServerImpl.java:<init>(93)) - 51f7194d-0b6e-44ce-bfd4-93c34be99c19: new RaftServerImpl for group-2943B4E0054E:[51f7194d-0b6e-44ce-bfd4-93c34be99c19:192.168.5.153:37073] with ContainerStateMachine:uninitialized
2019-09-10 12:59:53,465 [pool-192-thread-1] INFO  server.RaftServerConfigKeys (ConfUtils.java:logGet(43)) - raft.server.rpc.timeout.min = 5s (custom)
2019-09-10 12:59:53,465 [pool-192-thread-1] INFO  server.RaftServerConfigKeys (ConfUtils.java:logGet(43)) - raft.server.rpc.timeout.max = 5200ms (custom)
2019-09-10 12:59:53,466 [pool-192-thread-1] INFO  server.RaftServerConfigKeys (ConfUtils.java:logGet(43)) - raft.server.rpcslowness.timeout = 120s (custom)
2019-09-10 12:59:53,466 [pool-192-thread-1] INFO  server.RaftServerConfigKeys (ConfUtils.java:logGet(43)) - raft.server.sleep.deviation.threshold = 300 (default)
2019-09-10 12:59:53,466 [pool-192-thread-1] INFO  server.RaftServerConfigKeys (ConfUtils.java:logGet(43)) - raft.server.log.appender.install.snapshot.enabled = false (custom)
2019-09-10 12:59:53,466 [pool-192-thread-1] INFO  impl.RaftServerImpl (ServerState.java:<init>(105)) - 51f7194d-0b6e-44ce-bfd4-93c34be99c19:group-2943B4E0054E ConfigurationManager, init=-1: [51f7194d-0b6e-44ce-bfd4-93c34be99c19:192.168.5.153:37073], old=null, confs=<EMPTY_MAP>
2019-09-10 12:59:53,466 [pool-192-thread-1] INFO  server.RaftServerConfigKeys (ConfUtils.java:logGet(43)) - raft.server.storage.dir = [/workdir/hadoop-ozone/integration-test/target/test-dir/MiniOzoneClusterImpl-74450ed2-7f0c-43e6-83a9-4ec0eb8ed3d0/datanode-6/data/ratis] (custom)
2019-09-10 12:59:53,466 [pool-192-thread-1] INFO  storage.RaftStorageDirectory (RaftStorageDirectory.java:analyzeStorage(246)) - The storage directory /workdir/hadoop-ozone/integration-test/target/test-dir/MiniOzoneClusterImpl-74450ed2-7f0c-43e6-83a9-4ec0eb8ed3d0/datanode-6/data/ratis/01cab14b-eed4-496b-a3f8-2943b4e0054e does not exist. Creating ...
2019-09-10 12:59:53,494 [main] INFO  rpc.RpcClient (RpcClient.java:createVolume(293)) - Creating Volume: testblockoutputstreamwithretries, with jenkins1000 as owner.
2019-09-10 12:59:53,494 [pool-192-thread-1] INFO  storage.RaftStorageDirectory (RaftStorageDirectory.java:tryLock(328)) - Lock on /workdir/hadoop-ozone/integration-test/target/test-dir/MiniOzoneClusterImpl-74450ed2-7f0c-43e6-83a9-4ec0eb8ed3d0/datanode-6/data/ratis/01cab14b-eed4-496b-a3f8-2943b4e0054e/in_use.lock acquired by nodename 19591@pr-hdds-1571-5ln6c-1111760135
2019-09-10 12:59:53,497 | INFO  | OMAudit | user=jenkins1000 | ip=127.0.0.1 | op=CREATE_VOLUME {admin=jenkins1000, owner=jenkins1000, volume=testblockoutputstreamwithretries, creationTime=1568120393496, quotaInBytes=1152921504606846976} | ret=SUCCESS |  
2019-09-10 12:59:53,510 | INFO  | OMAudit | user=jenkins1000 | ip=127.0.0.1 | op=READ_VOLUME {volume=testblockoutputstreamwithretries} | ret=SUCCESS |  
2019-09-10 12:59:53,511 [main] INFO  rpc.RpcClient (RpcClient.java:createBucket(432)) - Creating Bucket: testblockoutputstreamwithretries/testblockoutputstreamwithretries, with Versioning false and Storage Type set to DISK and Encryption set to false 
2019-09-10 12:59:53,516 | INFO  | OMAudit | user=jenkins1000 | ip=127.0.0.1 | op=CREATE_BUCKET {volume=testblockoutputstreamwithretries, bucket=testblockoutputstreamwithretries, acls=[user:jenkins1000:a[ACCESS], group:default:a[ACCESS]], isVersionEnabled=false, storageType=DISK, creationTime=0} | ret=SUCCESS |  
2019-09-10 12:59:53,517 | INFO  | OMAudit | user=jenkins1000 | ip=127.0.0.1 | op=READ_VOLUME {volume=testblockoutputstreamwithretries} | ret=SUCCESS |  
2019-09-10 12:59:53,519 | INFO  | OMAudit | user=jenkins1000 | ip=127.0.0.1 | op=READ_BUCKET {volume=testblockoutputstreamwithretries, bucket=testblockoutputstreamwithretries} | ret=SUCCESS |  
2019-09-10 12:59:53,520 [pool-192-thread-1] INFO  storage.RaftStorage (RaftStorage.java:format(72)) - Storage directory /workdir/hadoop-ozone/integration-test/target/test-dir/MiniOzoneClusterImpl-74450ed2-7f0c-43e6-83a9-4ec0eb8ed3d0/datanode-6/data/ratis/01cab14b-eed4-496b-a3f8-2943b4e0054e has been successfully formatted.
2019-09-10 12:59:53,520 [pool-192-thread-1] INFO  ratis.ContainerStateMachine (ContainerStateMachine.java:loadSnapshot(226)) - group-2943B4E0054E: The snapshot info is null. Setting the last applied indexto:(t:0, i:~)
2019-09-10 12:59:53,520 [pool-192-thread-1] INFO  server.RaftServerConfigKeys (ConfUtils.java:logGet(43)) - raft.server.leader.election.timeout = 120s (custom)
2019-09-10 12:59:53,521 [pool-192-thread-1] INFO  server.RaftServerConfigKeys (ConfUtils.java:logGet(43)) - raft.server.log.use.memory = false (default)
2019-09-10 12:59:53,521 [pool-192-thread-1] INFO  server.RaftServerConfigKeys (ConfUtils.java:logGet(43)) - raft.server.log.purge.gap = 1000000 (custom)
2019-09-10 12:59:53,521 [pool-192-thread-1] INFO  server.RaftServerConfigKeys (ConfUtils.java:logGet(43)) - raft.server.log.appender.buffer.byte-limit = 33554432 (custom)
2019-09-10 12:59:53,521 [pool-192-thread-1] INFO  server.RaftServerConfigKeys (ConfUtils.java:logGet(43)) - raft.server.log.segment.size.max = 1048576 (custom)
2019-09-10 12:59:53,521 [pool-192-thread-1] INFO  server.RaftServerConfigKeys (ConfUtils.java:logGet(43)) - raft.server.log.segment.cache.num.max = 2 (custom)
2019-09-10 12:59:53,521 [pool-192-thread-1] INFO  segmented.SegmentedRaftLogWorker (SegmentedRaftLogWorker.java:<init>(172)) - new 51f7194d-0b6e-44ce-bfd4-93c34be99c19-SegmentedRaftLogWorker:Storage Directory /workdir/hadoop-ozone/integration-test/target/test-dir/MiniOzoneClusterImpl-74450ed2-7f0c-43e6-83a9-4ec0eb8ed3d0/datanode-6/data/ratis/01cab14b-eed4-496b-a3f8-2943b4e0054e for RaftStorage:Storage Directory /workdir/hadoop-ozone/integration-test/target/test-dir/MiniOzoneClusterImpl-74450ed2-7f0c-43e6-83a9-4ec0eb8ed3d0/datanode-6/data/ratis/01cab14b-eed4-496b-a3f8-2943b4e0054e
2019-09-10 12:59:53,522 [pool-192-thread-1] INFO  server.RaftServerConfigKeys (ConfUtils.java:logGet(43)) - raft.server.log.queue.byte-limit = 2147483647 (custom)
2019-09-10 12:59:53,522 [pool-192-thread-1] INFO  server.RaftServerConfigKeys (ConfUtils.java:logGet(43)) - raft.server.log.queue.element-limit = 1024 (custom)
2019-09-10 12:59:53,522 [pool-192-thread-1] INFO  server.RaftServerConfigKeys (ConfUtils.java:logGet(43)) - raft.server.log.segment.size.max = 1048576 (custom)
2019-09-10 12:59:53,522 [pool-192-thread-1] INFO  server.RaftServerConfigKeys (ConfUtils.java:logGet(43)) - raft.server.log.preallocated.size = 16384 (custom)
2019-09-10 12:59:53,522 [pool-192-thread-1] INFO  server.RaftServerConfigKeys (ConfUtils.java:logGet(43)) - raft.server.log.write.buffer.size = 33554432 (custom)
2019-09-10 12:59:53,523 [pool-192-thread-1] INFO  server.RaftServerConfigKeys (ConfUtils.java:logGet(43)) - raft.server.log.force.sync.num = 128 (default)
2019-09-10 12:59:53,523 [pool-192-thread-1] INFO  server.RaftServerConfigKeys (ConfUtils.java:logGet(43)) - raft.server.log.statemachine.data.sync = true (default)
2019-09-10 12:59:53,523 [pool-192-thread-1] INFO  server.RaftServerConfigKeys (ConfUtils.java:logGet(43)) - raft.server.log.statemachine.data.sync.timeout = 10s (default)
2019-09-10 12:59:53,523 [pool-192-thread-1] INFO  server.RaftServerConfigKeys (ConfUtils.java:logGet(43)) - raft.server.log.statemachine.data.sync.timeout.retry = -1 (default)
2019-09-10 12:59:53,524 [pool-192-thread-1] INFO  server.RaftServerConfigKeys (ConfUtils.java:logGet(43)) - raft.server.log.statemachine.data.caching.enabled = true (custom)
2019-09-10 12:59:53,524 [pool-192-thread-1] INFO  segmented.SegmentedRaftLogWorker (SegmentedRaftLogWorker.java:lambda$new$0(132)) - 51f7194d-0b6e-44ce-bfd4-93c34be99c19-SegmentedRaftLogWorker:Storage Directory /workdir/hadoop-ozone/integration-test/target/test-dir/MiniOzoneClusterImpl-74450ed2-7f0c-43e6-83a9-4ec0eb8ed3d0/datanode-6/data/ratis/01cab14b-eed4-496b-a3f8-2943b4e0054e: flushIndex: setUnconditionally 0 -> -1
2019-09-10 12:59:53,524 [pool-192-thread-1] INFO  server.RaftServerConfigKeys (ConfUtils.java:logGet(43)) - raft.server.snapshot.auto.trigger.enabled = true (custom)
2019-09-10 12:59:53,524 [pool-192-thread-1] INFO  server.RaftServerConfigKeys (ConfUtils.java:logGet(43)) - raft.server.snapshot.auto.trigger.threshold = 10000 (custom)
2019-09-10 12:59:53,525 [pool-192-thread-1] INFO  server.RaftServerConfigKeys (ConfUtils.java:logGet(43)) - raft.server.retrycache.expirytime = 600000ms (custom)
2019-09-10 12:59:53,525 [pool-192-thread-1] INFO  impl.RaftServerImpl (RaftServerImpl.java:start(180)) - 51f7194d-0b6e-44ce-bfd4-93c34be99c19: start group-2943B4E0054E
2019-09-10 12:59:53,525 [pool-192-thread-1] INFO  impl.RaftServerImpl (RaftServerImpl.java:setRole(171)) - 51f7194d-0b6e-44ce-bfd4-93c34be99c19:group-2943B4E0054E changes role from null to FOLLOWER at term 0 for startAsFollower
2019-09-10 12:59:53,525 [pool-192-thread-1] INFO  impl.RoleInfo (RoleInfo.java:updateAndGet(143)) - 51f7194d-0b6e-44ce-bfd4-93c34be99c19: start FollowerState
2019-09-10 12:59:53,526 [pool-192-thread-1] INFO  util.JmxRegister (JmxRegister.java:tryRegister(44)) - Successfully registered JMX Bean with object name Ratis:service=RaftServer,group=group-2943B4E0054E,id=51f7194d-0b6e-44ce-bfd4-93c34be99c19
2019-09-10 12:59:53,529 [RatisPipelineUtilsThread] INFO  pipeline.PipelineStateManager (PipelineStateManager.java:addPipeline(56)) - Created pipeline Pipeline[ Id: 01cab14b-eed4-496b-a3f8-2943b4e0054e, Nodes: 51f7194d-0b6e-44ce-bfd4-93c34be99c19{ip: 192.168.5.153, host: pr-hdds-1571-5ln6c-1111760135, networkLocation: /default-rack, certSerialId: null}, Type:RATIS, Factor:ONE, State:OPEN]
2019-09-10 12:59:53,531 | INFO  | SCMAudit | user=jenkins1000 | ip=192.168.5.153 | op=ALLOCATE_BLOCK {owner=5b003898-f337-406d-98de-c3ca2137e47d, size=800, type=RATIS, factor=THREE} | ret=SUCCESS |  
2019-09-10 12:59:53,534 | INFO  | OMAudit | user=jenkins1000 | ip=127.0.0.1 | op=ALLOCATE_KEY {volume=testblockoutputstreamwithretries, bucket=testblockoutputstreamwithretries, key=ee21b19d-c38a-4d9b-b7a4-a40271d3c633, dataSize=3200, replicationType=RATIS, replicationFactor=THREE, keyLocationInfo=null} | ret=SUCCESS |  
2019-09-10 12:59:53,551 [grpc-default-executor-1] INFO  client.GrpcClientProtocolClient (GrpcClientProtocolClient.java:onNext(255)) - client-0E507F848997->677e3d93-3467-4860-9bf6-0d2ba46507f3: receive RaftClientReply:client-0E507F848997->677e3d93-3467-4860-9bf6-0d2ba46507f3@group-59B8B6051EC0, cid=42, FAILED org.apache.ratis.protocol.NotLeaderException: Server 677e3d93-3467-4860-9bf6-0d2ba46507f3 is not the leader (null). Request must be sent to leader., logIndex=0, commits[677e3d93-3467-4860-9bf6-0d2ba46507f3:c-1]
2019-09-10 12:59:53,858 | INFO  | SCMAudit | user=jenkins1000 | ip=192.168.5.153 | op=SEND_HEARTBEAT {datanodeUUID=4afd2ab1-ec40-4403-b668-2a355860e883, command=[]} | ret=SUCCESS |  
2019-09-10 12:59:54,068 | INFO  | SCMAudit | user=jenkins1000 | ip=192.168.5.153 | op=SEND_HEARTBEAT {datanodeUUID=98692575-908f-4c6f-b3d7-fc3119b7636a, command=[]} | ret=SUCCESS |  
2019-09-10 12:59:54,284 | INFO  | SCMAudit | user=jenkins1000 | ip=192.168.5.153 | op=SEND_HEARTBEAT {datanodeUUID=b87234b6-97b4-403b-b761-d13c1d3498ce, command=[]} | ret=SUCCESS |  
2019-09-10 12:59:54,495 | INFO  | SCMAudit | user=jenkins1000 | ip=192.168.5.153 | op=SEND_HEARTBEAT {datanodeUUID=677e3d93-3467-4860-9bf6-0d2ba46507f3, command=[]} | ret=SUCCESS |  
2019-09-10 12:59:54,580 [grpc-default-executor-1] INFO  client.GrpcClientProtocolClient (GrpcClientProtocolClient.java:onNext(255)) - client-0E507F848997->80892ce7-83f5-4ca2-be8c-d0fb582c0dda: receive RaftClientReply:client-0E507F848997->80892ce7-83f5-4ca2-be8c-d0fb582c0dda@group-59B8B6051EC0, cid=42, FAILED org.apache.ratis.protocol.NotLeaderException: Server 80892ce7-83f5-4ca2-be8c-d0fb582c0dda is not the leader (null). Request must be sent to leader., logIndex=0, commits[80892ce7-83f5-4ca2-be8c-d0fb582c0dda:c-1]
2019-09-10 12:59:54,858 | INFO  | SCMAudit | user=jenkins1000 | ip=192.168.5.153 | op=SEND_HEARTBEAT {datanodeUUID=4afd2ab1-ec40-4403-b668-2a355860e883, command=[]} | ret=SUCCESS |  
2019-09-10 12:59:54,874 [Thread-770] INFO  container.ReplicationManager (ReplicationManager.java:start(151)) - Starting Replication Monitor Thread.
2019-09-10 12:59:54,880 [ReplicationMonitor] INFO  container.ReplicationManager (ReplicationManager.java:run(214)) - Replication Monitor Thread took 0 milliseconds for processing 3 containers.
2019-09-10 12:59:54,977 | INFO  | SCMAudit | user=jenkins1000 | ip=192.168.5.153 | op=SEND_HEARTBEAT {datanodeUUID=5133bb85-d112-43d0-b51c-6140e4ebc540, command=[]} | ret=SUCCESS |  
2019-09-10 12:59:55,068 | INFO  | SCMAudit | user=jenkins1000 | ip=192.168.5.153 | op=SEND_HEARTBEAT {datanodeUUID=98692575-908f-4c6f-b3d7-fc3119b7636a, command=[]} | ret=SUCCESS |  
2019-09-10 12:59:55,208 | INFO  | SCMAudit | user=jenkins1000 | ip=192.168.5.153 | op=SEND_HEARTBEAT {datanodeUUID=80892ce7-83f5-4ca2-be8c-d0fb582c0dda, command=[]} | ret=SUCCESS |  
2019-09-10 12:59:55,284 | INFO  | SCMAudit | user=jenkins1000 | ip=192.168.5.153 | op=SEND_HEARTBEAT {datanodeUUID=b87234b6-97b4-403b-b761-d13c1d3498ce, command=[]} | ret=SUCCESS |  
2019-09-10 12:59:55,444 | INFO  | SCMAudit | user=jenkins1000 | ip=192.168.5.153 | op=SEND_HEARTBEAT {datanodeUUID=51f7194d-0b6e-44ce-bfd4-93c34be99c19, command=[]} | ret=SUCCESS |  
2019-09-10 12:59:55,495 | INFO  | SCMAudit | user=jenkins1000 | ip=192.168.5.153 | op=SEND_HEARTBEAT {datanodeUUID=677e3d93-3467-4860-9bf6-0d2ba46507f3, command=[]} | ret=SUCCESS |  
2019-09-10 12:59:55,598 [grpc-default-executor-1] INFO  client.GrpcClientProtocolClient (GrpcClientProtocolClient.java:onNext(255)) - client-0E507F848997->5133bb85-d112-43d0-b51c-6140e4ebc540: receive RaftClientReply:client-0E507F848997->5133bb85-d112-43d0-b51c-6140e4ebc540@group-59B8B6051EC0, cid=42, FAILED org.apache.ratis.protocol.NotLeaderException: Server 5133bb85-d112-43d0-b51c-6140e4ebc540 is not the leader (null). Request must be sent to leader., logIndex=0, commits[5133bb85-d112-43d0-b51c-6140e4ebc540:c-1]
2019-09-10 12:59:55,858 | INFO  | SCMAudit | user=jenkins1000 | ip=192.168.5.153 | op=SEND_HEARTBEAT {datanodeUUID=4afd2ab1-ec40-4403-b668-2a355860e883, command=[]} | ret=SUCCESS |  
2019-09-10 12:59:55,977 | INFO  | SCMAudit | user=jenkins1000 | ip=192.168.5.153 | op=SEND_HEARTBEAT {datanodeUUID=5133bb85-d112-43d0-b51c-6140e4ebc540, command=[]} | ret=SUCCESS |  
2019-09-10 12:59:56,069 | INFO  | SCMAudit | user=jenkins1000 | ip=192.168.5.153 | op=SEND_HEARTBEAT {datanodeUUID=98692575-908f-4c6f-b3d7-fc3119b7636a, command=[]} | ret=SUCCESS |  
2019-09-10 12:59:56,207 | INFO  | SCMAudit | user=jenkins1000 | ip=192.168.5.153 | op=SEND_HEARTBEAT {datanodeUUID=80892ce7-83f5-4ca2-be8c-d0fb582c0dda, command=[]} | ret=SUCCESS |  
2019-09-10 12:59:56,283 | INFO  | SCMAudit | user=jenkins1000 | ip=192.168.5.153 | op=SEND_HEARTBEAT {datanodeUUID=b87234b6-97b4-403b-b761-d13c1d3498ce, command=[]} | ret=SUCCESS |  
2019-09-10 12:59:56,444 | INFO  | SCMAudit | user=jenkins1000 | ip=192.168.5.153 | op=SEND_HEARTBEAT {datanodeUUID=51f7194d-0b6e-44ce-bfd4-93c34be99c19, command=[]} | ret=SUCCESS |  
2019-09-10 12:59:56,495 | INFO  | SCMAudit | user=jenkins1000 | ip=192.168.5.153 | op=SEND_HEARTBEAT {datanodeUUID=677e3d93-3467-4860-9bf6-0d2ba46507f3, command=[]} | ret=SUCCESS |  
2019-09-10 12:59:56,616 [grpc-default-executor-5] INFO  client.GrpcClientProtocolClient (GrpcClientProtocolClient.java:onNext(255)) - client-0E507F848997->80892ce7-83f5-4ca2-be8c-d0fb582c0dda: receive RaftClientReply:client-0E507F848997->80892ce7-83f5-4ca2-be8c-d0fb582c0dda@group-59B8B6051EC0, cid=42, FAILED org.apache.ratis.protocol.NotLeaderException: Server 80892ce7-83f5-4ca2-be8c-d0fb582c0dda is not the leader (null). Request must be sent to leader., logIndex=0, commits[80892ce7-83f5-4ca2-be8c-d0fb582c0dda:c-1]
2019-09-10 12:59:56,858 | INFO  | SCMAudit | user=jenkins1000 | ip=192.168.5.153 | op=SEND_HEARTBEAT {datanodeUUID=4afd2ab1-ec40-4403-b668-2a355860e883, command=[]} | ret=SUCCESS |  
2019-09-10 12:59:56,977 | INFO  | SCMAudit | user=jenkins1000 | ip=192.168.5.153 | op=SEND_HEARTBEAT {datanodeUUID=5133bb85-d112-43d0-b51c-6140e4ebc540, command=[]} | ret=SUCCESS |  
2019-09-10 12:59:57,069 | INFO  | SCMAudit | user=jenkins1000 | ip=192.168.5.153 | op=SEND_HEARTBEAT {datanodeUUID=98692575-908f-4c6f-b3d7-fc3119b7636a, command=[]} | ret=SUCCESS |  
2019-09-10 12:59:57,140 [Thread-772] INFO  impl.FollowerState (FollowerState.java:run(106)) - 4afd2ab1-ec40-4403-b668-2a355860e883:group-C303B373F8A0 changes to CANDIDATE, lastRpcTime:5192, electionTimeout:5192ms
2019-09-10 12:59:57,140 [Thread-772] INFO  impl.RoleInfo (RoleInfo.java:shutdownFollowerState(121)) - 4afd2ab1-ec40-4403-b668-2a355860e883: shutdown FollowerState
2019-09-10 12:59:57,141 [Thread-772] INFO  impl.RaftServerImpl (RaftServerImpl.java:setRole(171)) - 4afd2ab1-ec40-4403-b668-2a355860e883:group-C303B373F8A0 changes role from FOLLOWER to CANDIDATE at term 0 for changeToCandidate
2019-09-10 12:59:57,141 [Thread-772] INFO  impl.RoleInfo (RoleInfo.java:updateAndGet(143)) - 4afd2ab1-ec40-4403-b668-2a355860e883: start LeaderElection
2019-09-10 12:59:57,196 [4afd2ab1-ec40-4403-b668-2a355860e883:group-C303B373F8A0:LeaderElection21] INFO  impl.LeaderElection (LeaderElection.java:askForVotes(181)) - 4afd2ab1-ec40-4403-b668-2a355860e883:group-C303B373F8A0:LeaderElection21: begin an election at term 1 for -1: [4afd2ab1-ec40-4403-b668-2a355860e883:192.168.5.153:32970], old=null
2019-09-10 12:59:57,196 [4afd2ab1-ec40-4403-b668-2a355860e883:group-C303B373F8A0:LeaderElection21] INFO  impl.RoleInfo (RoleInfo.java:shutdownLeaderElection(134)) - 4afd2ab1-ec40-4403-b668-2a355860e883: shutdown LeaderElection
2019-09-10 12:59:57,196 [4afd2ab1-ec40-4403-b668-2a355860e883:group-C303B373F8A0:LeaderElection21] INFO  impl.RaftServerImpl (RaftServerImpl.java:setRole(171)) - 4afd2ab1-ec40-4403-b668-2a355860e883:group-C303B373F8A0 changes role from CANDIDATE to LEADER at term 1 for changeToLeader
2019-09-10 12:59:57,196 [4afd2ab1-ec40-4403-b668-2a355860e883:group-C303B373F8A0:LeaderElection21] INFO  impl.RaftServerImpl (ServerState.java:setLeader(263)) - 4afd2ab1-ec40-4403-b668-2a355860e883:group-C303B373F8A0 change Leader from null to 4afd2ab1-ec40-4403-b668-2a355860e883 at term 1 for becomeLeader, leader elected after 5254ms
2019-09-10 12:59:57,200 [4afd2ab1-ec40-4403-b668-2a355860e883:group-C303B373F8A0:LeaderElection21] INFO  server.RaftServerConfigKeys (ConfUtils.java:logGet(43)) - raft.server.staging.catchup.gap = 1000 (default)
2019-09-10 12:59:57,200 [4afd2ab1-ec40-4403-b668-2a355860e883:group-C303B373F8A0:LeaderElection21] INFO  server.RaftServerConfigKeys (ConfUtils.java:logGet(43)) - raft.server.rpc.sleep.time = 25ms (default)
2019-09-10 12:59:57,200 [4afd2ab1-ec40-4403-b668-2a355860e883:group-C303B373F8A0:LeaderElection21] INFO  server.RaftServerConfigKeys (ConfUtils.java:logGet(43)) - raft.server.write.element-limit = 4096 (default)
2019-09-10 12:59:57,201 [4afd2ab1-ec40-4403-b668-2a355860e883:group-C303B373F8A0:LeaderElection21] INFO  server.RaftServerConfigKeys (ConfUtils.java:logGet(43)) - raft.server.watch.timeout = 10s (default)
2019-09-10 12:59:57,201 [4afd2ab1-ec40-4403-b668-2a355860e883:group-C303B373F8A0:LeaderElection21] INFO  server.RaftServerConfigKeys (ConfUtils.java:logGet(43)) - raft.server.watch.timeout.denomination = 1s (default)
2019-09-10 12:59:57,201 [4afd2ab1-ec40-4403-b668-2a355860e883:group-C303B373F8A0:LeaderElection21] INFO  server.RaftServerConfigKeys (ConfUtils.java:logGet(43)) - raft.server.watch.element-limit = 65536 (default)
2019-09-10 12:59:57,201 [4afd2ab1-ec40-4403-b668-2a355860e883:group-C303B373F8A0:LeaderElection21] INFO  impl.RoleInfo (RoleInfo.java:updateAndGet(143)) - 4afd2ab1-ec40-4403-b668-2a355860e883: start LeaderState
2019-09-10 12:59:57,202 [4afd2ab1-ec40-4403-b668-2a355860e883:group-C303B373F8A0:LeaderElection21] INFO  segmented.SegmentedRaftLogWorker (SegmentedRaftLogWorker.java:startLogSegment(380)) - 4afd2ab1-ec40-4403-b668-2a355860e883-SegmentedRaftLogWorker:Storage Directory /workdir/hadoop-ozone/integration-test/target/test-dir/MiniOzoneClusterImpl-74450ed2-7f0c-43e6-83a9-4ec0eb8ed3d0/datanode-0/data/ratis/3cbc020c-1a14-4386-bc1a-c303b373f8a0: Starting segment from index:0
2019-09-10 12:59:57,202 [4afd2ab1-ec40-4403-b668-2a355860e883:group-C303B373F8A0:LeaderElection21] INFO  impl.RaftServerImpl (ServerState.java:setRaftConf(361)) - 4afd2ab1-ec40-4403-b668-2a355860e883:group-C303B373F8A0 set configuration 0: [4afd2ab1-ec40-4403-b668-2a355860e883:192.168.5.153:32970], old=null at 0
2019-09-10 12:59:57,239 | INFO  | SCMAudit | user=jenkins1000 | ip=192.168.5.153 | op=SEND_HEARTBEAT {datanodeUUID=80892ce7-83f5-4ca2-be8c-d0fb582c0dda, command=[]} | ret=SUCCESS |  
2019-09-10 12:59:57,262 [4afd2ab1-ec40-4403-b668-2a355860e883-SegmentedRaftLogWorker:Storage Directory /workdir/hadoop-ozone/integration-test/target/test-dir/MiniOzoneClusterImpl-74450ed2-7f0c-43e6-83a9-4ec0eb8ed3d0/datanode-0/data/ratis/3cbc020c-1a14-4386-bc1a-c303b373f8a0] INFO  segmented.SegmentedRaftLogWorker (SegmentedRaftLogWorker.java:execute(569)) - 4afd2ab1-ec40-4403-b668-2a355860e883-SegmentedRaftLogWorker:Storage Directory /workdir/hadoop-ozone/integration-test/target/test-dir/MiniOzoneClusterImpl-74450ed2-7f0c-43e6-83a9-4ec0eb8ed3d0/datanode-0/data/ratis/3cbc020c-1a14-4386-bc1a-c303b373f8a0: created new log segment /workdir/hadoop-ozone/integration-test/target/test-dir/MiniOzoneClusterImpl-74450ed2-7f0c-43e6-83a9-4ec0eb8ed3d0/datanode-0/data/ratis/3cbc020c-1a14-4386-bc1a-c303b373f8a0/current/log_inprogress_0
2019-09-10 12:59:57,284 | INFO  | SCMAudit | user=jenkins1000 | ip=192.168.5.153 | op=SEND_HEARTBEAT {datanodeUUID=b87234b6-97b4-403b-b761-d13c1d3498ce, command=[]} | ret=SUCCESS |  
2019-09-10 12:59:57,331 [Thread-775] INFO  impl.FollowerState (FollowerState.java:run(106)) - 98692575-908f-4c6f-b3d7-fc3119b7636a:group-3EAE373D02E8 changes to CANDIDATE, lastRpcTime:5188, electionTimeout:5188ms
2019-09-10 12:59:57,331 [Thread-775] INFO  impl.RoleInfo (RoleInfo.java:shutdownFollowerState(121)) - 98692575-908f-4c6f-b3d7-fc3119b7636a: shutdown FollowerState
2019-09-10 12:59:57,332 [Thread-775] INFO  impl.RaftServerImpl (RaftServerImpl.java:setRole(171)) - 98692575-908f-4c6f-b3d7-fc3119b7636a:group-3EAE373D02E8 changes role from FOLLOWER to CANDIDATE at term 0 for changeToCandidate
2019-09-10 12:59:57,332 [Thread-775] INFO  impl.RoleInfo (RoleInfo.java:updateAndGet(143)) - 98692575-908f-4c6f-b3d7-fc3119b7636a: start LeaderElection
2019-09-10 12:59:57,353 [Thread-778] INFO  impl.FollowerState (FollowerState.java:run(106)) - b87234b6-97b4-403b-b761-d13c1d3498ce:group-8592CDBF1AD3 changes to CANDIDATE, lastRpcTime:5002, electionTimeout:5002ms
2019-09-10 12:59:57,353 [Thread-778] INFO  impl.RoleInfo (RoleInfo.java:shutdownFollowerState(121)) - b87234b6-97b4-403b-b761-d13c1d3498ce: shutdown FollowerState
2019-09-10 12:59:57,353 [Thread-778] INFO  impl.RaftServerImpl (RaftServerImpl.java:setRole(171)) - b87234b6-97b4-403b-b761-d13c1d3498ce:group-8592CDBF1AD3 changes role from FOLLOWER to CANDIDATE at term 0 for changeToCandidate
2019-09-10 12:59:57,353 [Thread-778] INFO  impl.RoleInfo (RoleInfo.java:updateAndGet(143)) - b87234b6-97b4-403b-b761-d13c1d3498ce: start LeaderElection
2019-09-10 12:59:57,363 [98692575-908f-4c6f-b3d7-fc3119b7636a:group-3EAE373D02E8:LeaderElection22] INFO  impl.LeaderElection (LeaderElection.java:askForVotes(181)) - 98692575-908f-4c6f-b3d7-fc3119b7636a:group-3EAE373D02E8:LeaderElection22: begin an election at term 1 for -1: [98692575-908f-4c6f-b3d7-fc3119b7636a:192.168.5.153:36918], old=null
2019-09-10 12:59:57,363 [98692575-908f-4c6f-b3d7-fc3119b7636a:group-3EAE373D02E8:LeaderElection22] INFO  impl.RoleInfo (RoleInfo.java:shutdownLeaderElection(134)) - 98692575-908f-4c6f-b3d7-fc3119b7636a: shutdown LeaderElection
2019-09-10 12:59:57,363 [98692575-908f-4c6f-b3d7-fc3119b7636a:group-3EAE373D02E8:LeaderElection22] INFO  impl.RaftServerImpl (RaftServerImpl.java:setRole(171)) - 98692575-908f-4c6f-b3d7-fc3119b7636a:group-3EAE373D02E8 changes role from CANDIDATE to LEADER at term 1 for changeToLeader
2019-09-10 12:59:57,363 [98692575-908f-4c6f-b3d7-fc3119b7636a:group-3EAE373D02E8:LeaderElection22] INFO  impl.RaftServerImpl (ServerState.java:setLeader(263)) - 98692575-908f-4c6f-b3d7-fc3119b7636a:group-3EAE373D02E8 change Leader from null to 98692575-908f-4c6f-b3d7-fc3119b7636a at term 1 for becomeLeader, leader elected after 5227ms
2019-09-10 12:59:57,366 [98692575-908f-4c6f-b3d7-fc3119b7636a:group-3EAE373D02E8:LeaderElection22] INFO  server.RaftServerConfigKeys (ConfUtils.java:logGet(43)) - raft.server.staging.catchup.gap = 1000 (default)
2019-09-10 12:59:57,366 [98692575-908f-4c6f-b3d7-fc3119b7636a:group-3EAE373D02E8:LeaderElection22] INFO  server.RaftServerConfigKeys (ConfUtils.java:logGet(43)) - raft.server.rpc.sleep.time = 25ms (default)
2019-09-10 12:59:57,366 [98692575-908f-4c6f-b3d7-fc3119b7636a:group-3EAE373D02E8:LeaderElection22] INFO  server.RaftServerConfigKeys (ConfUtils.java:logGet(43)) - raft.server.write.element-limit = 4096 (default)
2019-09-10 12:59:57,367 [98692575-908f-4c6f-b3d7-fc3119b7636a:group-3EAE373D02E8:LeaderElection22] INFO  server.RaftServerConfigKeys (ConfUtils.java:logGet(43)) - raft.server.watch.timeout = 10s (default)
2019-09-10 12:59:57,367 [98692575-908f-4c6f-b3d7-fc3119b7636a:group-3EAE373D02E8:LeaderElection22] INFO  server.RaftServerConfigKeys (ConfUtils.java:logGet(43)) - raft.server.watch.timeout.denomination = 1s (default)
2019-09-10 12:59:57,367 [98692575-908f-4c6f-b3d7-fc3119b7636a:group-3EAE373D02E8:LeaderElection22] INFO  server.RaftServerConfigKeys (ConfUtils.java:logGet(43)) - raft.server.watch.element-limit = 65536 (default)
2019-09-10 12:59:57,367 [98692575-908f-4c6f-b3d7-fc3119b7636a:group-3EAE373D02E8:LeaderElection22] INFO  impl.RoleInfo (RoleInfo.java:updateAndGet(143)) - 98692575-908f-4c6f-b3d7-fc3119b7636a: start LeaderState
2019-09-10 12:59:57,367 [98692575-908f-4c6f-b3d7-fc3119b7636a:group-3EAE373D02E8:LeaderElection22] INFO  segmented.SegmentedRaftLogWorker (SegmentedRaftLogWorker.java:startLogSegment(380)) - 98692575-908f-4c6f-b3d7-fc3119b7636a-SegmentedRaftLogWorker:Storage Directory /workdir/hadoop-ozone/integration-test/target/test-dir/MiniOzoneClusterImpl-74450ed2-7f0c-43e6-83a9-4ec0eb8ed3d0/datanode-1/data/ratis/c2b32aa1-e418-49cf-9e84-3eae373d02e8: Starting segment from index:0
2019-09-10 12:59:57,368 [98692575-908f-4c6f-b3d7-fc3119b7636a:group-3EAE373D02E8:LeaderElection22] INFO  impl.RaftServerImpl (ServerState.java:setRaftConf(361)) - 98692575-908f-4c6f-b3d7-fc3119b7636a:group-3EAE373D02E8 set configuration 0: [98692575-908f-4c6f-b3d7-fc3119b7636a:192.168.5.153:36918], old=null at 0
2019-09-10 12:59:57,409 [b87234b6-97b4-403b-b761-d13c1d3498ce:group-8592CDBF1AD3:LeaderElection23] INFO  impl.LeaderElection (LeaderElection.java:askForVotes(181)) - b87234b6-97b4-403b-b761-d13c1d3498ce:group-8592CDBF1AD3:LeaderElection23: begin an election at term 1 for -1: [b87234b6-97b4-403b-b761-d13c1d3498ce:192.168.5.153:44678], old=null
2019-09-10 12:59:57,409 [b87234b6-97b4-403b-b761-d13c1d3498ce:group-8592CDBF1AD3:LeaderElection23] INFO  impl.RoleInfo (RoleInfo.java:shutdownLeaderElection(134)) - b87234b6-97b4-403b-b761-d13c1d3498ce: shutdown LeaderElection
2019-09-10 12:59:57,409 [b87234b6-97b4-403b-b761-d13c1d3498ce:group-8592CDBF1AD3:LeaderElection23] INFO  impl.RaftServerImpl (RaftServerImpl.java:setRole(171)) - b87234b6-97b4-403b-b761-d13c1d3498ce:group-8592CDBF1AD3 changes role from CANDIDATE to LEADER at term 1 for changeToLeader
2019-09-10 12:59:57,409 [b87234b6-97b4-403b-b761-d13c1d3498ce:group-8592CDBF1AD3:LeaderElection23] INFO  impl.RaftServerImpl (ServerState.java:setLeader(263)) - b87234b6-97b4-403b-b761-d13c1d3498ce:group-8592CDBF1AD3 change Leader from null to b87234b6-97b4-403b-b761-d13c1d3498ce at term 1 for becomeLeader, leader elected after 5064ms
2019-09-10 12:59:57,412 [b87234b6-97b4-403b-b761-d13c1d3498ce:group-8592CDBF1AD3:LeaderElection23] INFO  server.RaftServerConfigKeys (ConfUtils.java:logGet(43)) - raft.server.staging.catchup.gap = 1000 (default)
2019-09-10 12:59:57,412 [b87234b6-97b4-403b-b761-d13c1d3498ce:group-8592CDBF1AD3:LeaderElection23] INFO  server.RaftServerConfigKeys (ConfUtils.java:logGet(43)) - raft.server.rpc.sleep.time = 25ms (default)
2019-09-10 12:59:57,412 [b87234b6-97b4-403b-b761-d13c1d3498ce:group-8592CDBF1AD3:LeaderElection23] INFO  server.RaftServerConfigKeys (ConfUtils.java:logGet(43)) - raft.server.write.element-limit = 4096 (default)
2019-09-10 12:59:57,412 [b87234b6-97b4-403b-b761-d13c1d3498ce:group-8592CDBF1AD3:LeaderElection23] INFO  server.RaftServerConfigKeys (ConfUtils.java:logGet(43)) - raft.server.watch.timeout = 10s (default)
2019-09-10 12:59:57,413 [b87234b6-97b4-403b-b761-d13c1d3498ce:group-8592CDBF1AD3:LeaderElection23] INFO  server.RaftServerConfigKeys (ConfUtils.java:logGet(43)) - raft.server.watch.timeout.denomination = 1s (default)
2019-09-10 12:59:57,413 [b87234b6-97b4-403b-b761-d13c1d3498ce:group-8592CDBF1AD3:LeaderElection23] INFO  server.RaftServerConfigKeys (ConfUtils.java:logGet(43)) - raft.server.watch.element-limit = 65536 (default)
2019-09-10 12:59:57,413 [b87234b6-97b4-403b-b761-d13c1d3498ce:group-8592CDBF1AD3:LeaderElection23] INFO  impl.RoleInfo (RoleInfo.java:updateAndGet(143)) - b87234b6-97b4-403b-b761-d13c1d3498ce: start LeaderState
2019-09-10 12:59:57,413 [b87234b6-97b4-403b-b761-d13c1d3498ce:group-8592CDBF1AD3:LeaderElection23] INFO  segmented.SegmentedRaftLogWorker (SegmentedRaftLogWorker.java:startLogSegment(380)) - b87234b6-97b4-403b-b761-d13c1d3498ce-SegmentedRaftLogWorker:Storage Directory /workdir/hadoop-ozone/integration-test/target/test-dir/MiniOzoneClusterImpl-74450ed2-7f0c-43e6-83a9-4ec0eb8ed3d0/datanode-2/data/ratis/1915e298-defb-453c-b438-8592cdbf1ad3: Starting segment from index:0
2019-09-10 12:59:57,414 [b87234b6-97b4-403b-b761-d13c1d3498ce:group-8592CDBF1AD3:LeaderElection23] INFO  impl.RaftServerImpl (ServerState.java:setRaftConf(361)) - b87234b6-97b4-403b-b761-d13c1d3498ce:group-8592CDBF1AD3 set configuration 0: [b87234b6-97b4-403b-b761-d13c1d3498ce:192.168.5.153:44678], old=null at 0
2019-09-10 12:59:57,458 [98692575-908f-4c6f-b3d7-fc3119b7636a-SegmentedRaftLogWorker:Storage Directory /workdir/hadoop-ozone/integration-test/target/test-dir/MiniOzoneClusterImpl-74450ed2-7f0c-43e6-83a9-4ec0eb8ed3d0/datanode-1/data/ratis/c2b32aa1-e418-49cf-9e84-3eae373d02e8] INFO  segmented.SegmentedRaftLogWorker (SegmentedRaftLogWorker.java:execute(569)) - 98692575-908f-4c6f-b3d7-fc3119b7636a-SegmentedRaftLogWorker:Storage Directory /workdir/hadoop-ozone/integration-test/target/test-dir/MiniOzoneClusterImpl-74450ed2-7f0c-43e6-83a9-4ec0eb8ed3d0/datanode-1/data/ratis/c2b32aa1-e418-49cf-9e84-3eae373d02e8: created new log segment /workdir/hadoop-ozone/integration-test/target/test-dir/MiniOzoneClusterImpl-74450ed2-7f0c-43e6-83a9-4ec0eb8ed3d0/datanode-1/data/ratis/c2b32aa1-e418-49cf-9e84-3eae373d02e8/current/log_inprogress_0
2019-09-10 12:59:57,459 | INFO  | SCMAudit | user=jenkins1000 | ip=192.168.5.153 | op=SEND_HEARTBEAT {datanodeUUID=51f7194d-0b6e-44ce-bfd4-93c34be99c19, command=[]} | ret=SUCCESS |  
2019-09-10 12:59:57,464 [Thread-784] INFO  impl.FollowerState (FollowerState.java:run(106)) - b87234b6-97b4-403b-b761-d13c1d3498ce:group-32F6425A782A changes to CANDIDATE, lastRpcTime:5006, electionTimeout:5006ms
2019-09-10 12:59:57,465 [Thread-784] INFO  impl.RoleInfo (RoleInfo.java:shutdownFollowerState(121)) - b87234b6-97b4-403b-b761-d13c1d3498ce: shutdown FollowerState
2019-09-10 12:59:57,465 [Thread-784] INFO  impl.RaftServerImpl (RaftServerImpl.java:setRole(171)) - b87234b6-97b4-403b-b761-d13c1d3498ce:group-32F6425A782A changes role from FOLLOWER to CANDIDATE at term 0 for changeToCandidate
2019-09-10 12:59:57,465 [Thread-784] INFO  impl.RoleInfo (RoleInfo.java:updateAndGet(143)) - b87234b6-97b4-403b-b761-d13c1d3498ce: start LeaderElection
2019-09-10 12:59:57,483 [b87234b6-97b4-403b-b761-d13c1d3498ce-SegmentedRaftLogWorker:Storage Directory /workdir/hadoop-ozone/integration-test/target/test-dir/MiniOzoneClusterImpl-74450ed2-7f0c-43e6-83a9-4ec0eb8ed3d0/datanode-2/data/ratis/1915e298-defb-453c-b438-8592cdbf1ad3] INFO  segmented.SegmentedRaftLogWorker (SegmentedRaftLogWorker.java:execute(569)) - b87234b6-97b4-403b-b761-d13c1d3498ce-SegmentedRaftLogWorker:Storage Directory /workdir/hadoop-ozone/integration-test/target/test-dir/MiniOzoneClusterImpl-74450ed2-7f0c-43e6-83a9-4ec0eb8ed3d0/datanode-2/data/ratis/1915e298-defb-453c-b438-8592cdbf1ad3: created new log segment /workdir/hadoop-ozone/integration-test/target/test-dir/MiniOzoneClusterImpl-74450ed2-7f0c-43e6-83a9-4ec0eb8ed3d0/datanode-2/data/ratis/1915e298-defb-453c-b438-8592cdbf1ad3/current/log_inprogress_0
2019-09-10 12:59:57,495 | INFO  | SCMAudit | user=jenkins1000 | ip=192.168.5.153 | op=SEND_HEARTBEAT {datanodeUUID=677e3d93-3467-4860-9bf6-0d2ba46507f3, command=[]} | ret=SUCCESS |  
2019-09-10 12:59:57,497 [b87234b6-97b4-403b-b761-d13c1d3498ce:group-32F6425A782A:LeaderElection24] INFO  impl.LeaderElection (LeaderElection.java:askForVotes(181)) - b87234b6-97b4-403b-b761-d13c1d3498ce:group-32F6425A782A:LeaderElection24: begin an election at term 1 for -1: [98692575-908f-4c6f-b3d7-fc3119b7636a:192.168.5.153:36918, b87234b6-97b4-403b-b761-d13c1d3498ce:192.168.5.153:44678, 4afd2ab1-ec40-4403-b668-2a355860e883:192.168.5.153:32970], old=null
2019-09-10 12:59:57,507 [grpc-default-executor-5] INFO  impl.RaftServerImpl (RaftServerImpl.java:setRole(171)) - 4afd2ab1-ec40-4403-b668-2a355860e883:group-32F6425A782A changes role from FOLLOWER to FOLLOWER at term 1 for recognizeCandidate:b87234b6-97b4-403b-b761-d13c1d3498ce
2019-09-10 12:59:57,507 [grpc-default-executor-1] INFO  impl.RaftServerImpl (RaftServerImpl.java:setRole(171)) - 98692575-908f-4c6f-b3d7-fc3119b7636a:group-32F6425A782A changes role from FOLLOWER to FOLLOWER at term 1 for recognizeCandidate:b87234b6-97b4-403b-b761-d13c1d3498ce
2019-09-10 12:59:57,507 [grpc-default-executor-5] INFO  impl.RoleInfo (RoleInfo.java:shutdownFollowerState(121)) - 4afd2ab1-ec40-4403-b668-2a355860e883: shutdown FollowerState
2019-09-10 12:59:57,507 [grpc-default-executor-1] INFO  impl.RoleInfo (RoleInfo.java:shutdownFollowerState(121)) - 98692575-908f-4c6f-b3d7-fc3119b7636a: shutdown FollowerState
2019-09-10 12:59:57,507 [Thread-786] INFO  impl.FollowerState (FollowerState.java:run(114)) - 4afd2ab1-ec40-4403-b668-2a355860e883: FollowerState was interrupted: java.lang.InterruptedException: sleep interrupted
2019-09-10 12:59:57,507 [grpc-default-executor-5] INFO  impl.RoleInfo (RoleInfo.java:updateAndGet(143)) - 4afd2ab1-ec40-4403-b668-2a355860e883: start FollowerState
2019-09-10 12:59:57,508 [Thread-781] INFO  impl.FollowerState (FollowerState.java:run(114)) - 98692575-908f-4c6f-b3d7-fc3119b7636a: FollowerState was interrupted: java.lang.InterruptedException: sleep interrupted
2019-09-10 12:59:57,508 [grpc-default-executor-1] INFO  impl.RoleInfo (RoleInfo.java:updateAndGet(143)) - 98692575-908f-4c6f-b3d7-fc3119b7636a: start FollowerState
2019-09-10 12:59:57,541 [b87234b6-97b4-403b-b761-d13c1d3498ce:group-32F6425A782A:LeaderElection24] INFO  impl.LeaderElection (LeaderElection.java:logAndReturn(56)) - b87234b6-97b4-403b-b761-d13c1d3498ce:group-32F6425A782A:LeaderElection24: Election PASSED; received 1 response(s) [b87234b6-97b4-403b-b761-d13c1d3498ce<-98692575-908f-4c6f-b3d7-fc3119b7636a#0:OK-t1] and 0 exception(s); b87234b6-97b4-403b-b761-d13c1d3498ce:t1, leader=null, voted=b87234b6-97b4-403b-b761-d13c1d3498ce, raftlog=b87234b6-97b4-403b-b761-d13c1d3498ce-SegmentedRaftLog:OPENED:c-1,f-1,i0, conf=-1: [98692575-908f-4c6f-b3d7-fc3119b7636a:192.168.5.153:36918, b87234b6-97b4-403b-b761-d13c1d3498ce:192.168.5.153:44678, 4afd2ab1-ec40-4403-b668-2a355860e883:192.168.5.153:32970], old=null
2019-09-10 12:59:57,541 [b87234b6-97b4-403b-b761-d13c1d3498ce:group-32F6425A782A:LeaderElection24] INFO  impl.RoleInfo (RoleInfo.java:shutdownLeaderElection(134)) - b87234b6-97b4-403b-b761-d13c1d3498ce: shutdown LeaderElection
2019-09-10 12:59:57,541 [b87234b6-97b4-403b-b761-d13c1d3498ce:group-32F6425A782A:LeaderElection24] INFO  impl.RaftServerImpl (RaftServerImpl.java:setRole(171)) - b87234b6-97b4-403b-b761-d13c1d3498ce:group-32F6425A782A changes role from CANDIDATE to LEADER at term 1 for changeToLeader
2019-09-10 12:59:57,541 [b87234b6-97b4-403b-b761-d13c1d3498ce:group-32F6425A782A:LeaderElection24] INFO  impl.RaftServerImpl (ServerState.java:setLeader(263)) - b87234b6-97b4-403b-b761-d13c1d3498ce:group-32F6425A782A change Leader from null to b87234b6-97b4-403b-b761-d13c1d3498ce at term 1 for becomeLeader, leader elected after 5118ms
2019-09-10 12:59:57,542 [b87234b6-97b4-403b-b761-d13c1d3498ce:group-32F6425A782A:LeaderElection24] INFO  server.RaftServerConfigKeys (ConfUtils.java:logGet(43)) - raft.server.staging.catchup.gap = 1000 (default)
2019-09-10 12:59:57,542 [b87234b6-97b4-403b-b761-d13c1d3498ce:group-32F6425A782A:LeaderElection24] INFO  server.RaftServerConfigKeys (ConfUtils.java:logGet(43)) - raft.server.rpc.sleep.time = 25ms (default)
2019-09-10 12:59:57,542 [b87234b6-97b4-403b-b761-d13c1d3498ce:group-32F6425A782A:LeaderElection24] INFO  server.RaftServerConfigKeys (ConfUtils.java:logGet(43)) - raft.server.write.element-limit = 4096 (default)
2019-09-10 12:59:57,542 [b87234b6-97b4-403b-b761-d13c1d3498ce:group-32F6425A782A:LeaderElection24] INFO  server.RaftServerConfigKeys (ConfUtils.java:logGet(43)) - raft.server.watch.timeout = 10s (default)
2019-09-10 12:59:57,543 [b87234b6-97b4-403b-b761-d13c1d3498ce:group-32F6425A782A:LeaderElection24] INFO  server.RaftServerConfigKeys (ConfUtils.java:logGet(43)) - raft.server.watch.timeout.denomination = 1s (default)
2019-09-10 12:59:57,543 [b87234b6-97b4-403b-b761-d13c1d3498ce:group-32F6425A782A:LeaderElection24] INFO  server.RaftServerConfigKeys (ConfUtils.java:logGet(43)) - raft.server.watch.element-limit = 65536 (default)
2019-09-10 12:59:57,543 [b87234b6-97b4-403b-b761-d13c1d3498ce:group-32F6425A782A:LeaderElection24] INFO  server.RaftServerConfigKeys (ConfUtils.java:logGet(43)) - raft.server.log.appender.snapshot.chunk.size.max = 16MB (=16777216) (default)
2019-09-10 12:59:57,543 [b87234b6-97b4-403b-b761-d13c1d3498ce:group-32F6425A782A:LeaderElection24] INFO  server.RaftServerConfigKeys (ConfUtils.java:logGet(43)) - raft.server.log.appender.buffer.byte-limit = 33554432 (custom)
2019-09-10 12:59:57,544 [b87234b6-97b4-403b-b761-d13c1d3498ce:group-32F6425A782A:LeaderElection24] INFO  server.RaftServerConfigKeys (ConfUtils.java:logGet(43)) - raft.server.log.appender.buffer.element-limit = 1 (custom)
2019-09-10 12:59:57,544 [b87234b6-97b4-403b-b761-d13c1d3498ce:group-32F6425A782A:LeaderElection24] INFO  grpc.GrpcConfigKeys$Server (ConfUtils.java:logGet(43)) - raft.grpc.server.leader.outstanding.appends.max = 128 (default)
2019-09-10 12:59:57,544 [b87234b6-97b4-403b-b761-d13c1d3498ce:group-32F6425A782A:LeaderElection24] INFO  server.RaftServerConfigKeys (ConfUtils.java:logGet(43)) - raft.server.rpc.request.timeout = 3000ms (default)
2019-09-10 12:59:57,544 [b87234b6-97b4-403b-b761-d13c1d3498ce:group-32F6425A782A:LeaderElection24] INFO  server.RaftServerConfigKeys (ConfUtils.java:logGet(43)) - raft.server.log.appender.install.snapshot.enabled = false (custom)
2019-09-10 12:59:57,545 [b87234b6-97b4-403b-b761-d13c1d3498ce:group-32F6425A782A:LeaderElection24] INFO  server.RaftServerConfigKeys (ConfUtils.java:logGet(43)) - raft.server.log.appender.snapshot.chunk.size.max = 16MB (=16777216) (default)
2019-09-10 12:59:57,545 [b87234b6-97b4-403b-b761-d13c1d3498ce:group-32F6425A782A:LeaderElection24] INFO  server.RaftServerConfigKeys (ConfUtils.java:logGet(43)) - raft.server.log.appender.buffer.byte-limit = 33554432 (custom)
2019-09-10 12:59:57,545 [b87234b6-97b4-403b-b761-d13c1d3498ce:group-32F6425A782A:LeaderElection24] INFO  server.RaftServerConfigKeys (ConfUtils.java:logGet(43)) - raft.server.log.appender.buffer.element-limit = 1 (custom)
2019-09-10 12:59:57,545 [b87234b6-97b4-403b-b761-d13c1d3498ce:group-32F6425A782A:LeaderElection24] INFO  grpc.GrpcConfigKeys$Server (ConfUtils.java:logGet(43)) - raft.grpc.server.leader.outstanding.appends.max = 128 (default)
2019-09-10 12:59:57,546 [b87234b6-97b4-403b-b761-d13c1d3498ce:group-32F6425A782A:LeaderElection24] INFO  server.RaftServerConfigKeys (ConfUtils.java:logGet(43)) - raft.server.rpc.request.timeout = 3000ms (default)
2019-09-10 12:59:57,546 [b87234b6-97b4-403b-b761-d13c1d3498ce:group-32F6425A782A:LeaderElection24] INFO  server.RaftServerConfigKeys (ConfUtils.java:logGet(43)) - raft.server.log.appender.install.snapshot.enabled = false (custom)
2019-09-10 12:59:57,546 [b87234b6-97b4-403b-b761-d13c1d3498ce:group-32F6425A782A:LeaderElection24] INFO  impl.RoleInfo (RoleInfo.java:updateAndGet(143)) - b87234b6-97b4-403b-b761-d13c1d3498ce: start LeaderState
2019-09-10 12:59:57,546 [b87234b6-97b4-403b-b761-d13c1d3498ce:group-32F6425A782A:LeaderElection24] INFO  segmented.SegmentedRaftLogWorker (SegmentedRaftLogWorker.java:startLogSegment(380)) - b87234b6-97b4-403b-b761-d13c1d3498ce-SegmentedRaftLogWorker:Storage Directory /workdir/hadoop-ozone/integration-test/target/test-dir/MiniOzoneClusterImpl-74450ed2-7f0c-43e6-83a9-4ec0eb8ed3d0/datanode-2/data/ratis/d296be83-1642-46b5-8ec7-32f6425a782a: Starting segment from index:0
2019-09-10 12:59:57,586 [Thread-790] INFO  impl.FollowerState (FollowerState.java:run(106)) - 677e3d93-3467-4860-9bf6-0d2ba46507f3:group-739B8B6D5F34 changes to CANDIDATE, lastRpcTime:5034, electionTimeout:5034ms
2019-09-10 12:59:57,586 [Thread-790] INFO  impl.RoleInfo (RoleInfo.java:shutdownFollowerState(121)) - 677e3d93-3467-4860-9bf6-0d2ba46507f3: shutdown FollowerState
2019-09-10 12:59:57,586 [b87234b6-97b4-403b-b761-d13c1d3498ce:group-32F6425A782A:LeaderElection24] INFO  impl.RaftServerImpl (ServerState.java:setRaftConf(361)) - b87234b6-97b4-403b-b761-d13c1d3498ce:group-32F6425A782A set configuration 0: [98692575-908f-4c6f-b3d7-fc3119b7636a:192.168.5.153:36918, b87234b6-97b4-403b-b761-d13c1d3498ce:192.168.5.153:44678, 4afd2ab1-ec40-4403-b668-2a355860e883:192.168.5.153:32970], old=null at 0
2019-09-10 12:59:57,586 [Thread-790] INFO  impl.RaftServerImpl (RaftServerImpl.java:setRole(171)) - 677e3d93-3467-4860-9bf6-0d2ba46507f3:group-739B8B6D5F34 changes role from FOLLOWER to CANDIDATE at term 0 for changeToCandidate
2019-09-10 12:59:57,588 [Thread-790] INFO  impl.RoleInfo (RoleInfo.java:updateAndGet(143)) - 677e3d93-3467-4860-9bf6-0d2ba46507f3: start LeaderElection
2019-09-10 12:59:57,595 [grpc-default-executor-1] INFO  impl.RaftServerImpl (ServerState.java:setLeader(263)) - 4afd2ab1-ec40-4403-b668-2a355860e883:group-32F6425A782A change Leader from null to b87234b6-97b4-403b-b761-d13c1d3498ce at term 1 for appendEntries, leader elected after 5172ms
2019-09-10 12:59:57,597 [grpc-default-executor-5] INFO  impl.RaftServerImpl (ServerState.java:setLeader(263)) - 98692575-908f-4c6f-b3d7-fc3119b7636a:group-32F6425A782A change Leader from null to b87234b6-97b4-403b-b761-d13c1d3498ce at term 1 for appendEntries, leader elected after 5174ms
2019-09-10 12:59:57,598 [b87234b6-97b4-403b-b761-d13c1d3498ce-SegmentedRaftLogWorker:Storage Directory /workdir/hadoop-ozone/integration-test/target/test-dir/MiniOzoneClusterImpl-74450ed2-7f0c-43e6-83a9-4ec0eb8ed3d0/datanode-2/data/ratis/d296be83-1642-46b5-8ec7-32f6425a782a] INFO  segmented.SegmentedRaftLogWorker (SegmentedRaftLogWorker.java:execute(569)) - b87234b6-97b4-403b-b761-d13c1d3498ce-SegmentedRaftLogWorker:Storage Directory /workdir/hadoop-ozone/integration-test/target/test-dir/MiniOzoneClusterImpl-74450ed2-7f0c-43e6-83a9-4ec0eb8ed3d0/datanode-2/data/ratis/d296be83-1642-46b5-8ec7-32f6425a782a: created new log segment /workdir/hadoop-ozone/integration-test/target/test-dir/MiniOzoneClusterImpl-74450ed2-7f0c-43e6-83a9-4ec0eb8ed3d0/datanode-2/data/ratis/d296be83-1642-46b5-8ec7-32f6425a782a/current/log_inprogress_0
2019-09-10 12:59:57,600 [grpc-default-executor-1] INFO  impl.RaftServerImpl (ServerState.java:setRaftConf(361)) - 98692575-908f-4c6f-b3d7-fc3119b7636a:group-32F6425A782A set configuration 0: [98692575-908f-4c6f-b3d7-fc3119b7636a:192.168.5.153:36918, b87234b6-97b4-403b-b761-d13c1d3498ce:192.168.5.153:44678, 4afd2ab1-ec40-4403-b668-2a355860e883:192.168.5.153:32970], old=null at 0
2019-09-10 12:59:57,600 [grpc-default-executor-5] INFO  impl.RaftServerImpl (ServerState.java:setRaftConf(361)) - 4afd2ab1-ec40-4403-b668-2a355860e883:group-32F6425A782A set configuration 0: [98692575-908f-4c6f-b3d7-fc3119b7636a:192.168.5.153:36918, b87234b6-97b4-403b-b761-d13c1d3498ce:192.168.5.153:44678, 4afd2ab1-ec40-4403-b668-2a355860e883:192.168.5.153:32970], old=null at 0
2019-09-10 12:59:57,600 [grpc-default-executor-1] INFO  segmented.SegmentedRaftLogWorker (SegmentedRaftLogWorker.java:startLogSegment(380)) - 98692575-908f-4c6f-b3d7-fc3119b7636a-SegmentedRaftLogWorker:Storage Directory /workdir/hadoop-ozone/integration-test/target/test-dir/MiniOzoneClusterImpl-74450ed2-7f0c-43e6-83a9-4ec0eb8ed3d0/datanode-1/data/ratis/d296be83-1642-46b5-8ec7-32f6425a782a: Starting segment from index:0
2019-09-10 12:59:57,600 [grpc-default-executor-5] INFO  segmented.SegmentedRaftLogWorker (SegmentedRaftLogWorker.java:startLogSegment(380)) - 4afd2ab1-ec40-4403-b668-2a355860e883-SegmentedRaftLogWorker:Storage Directory /workdir/hadoop-ozone/integration-test/target/test-dir/MiniOzoneClusterImpl-74450ed2-7f0c-43e6-83a9-4ec0eb8ed3d0/datanode-0/data/ratis/d296be83-1642-46b5-8ec7-32f6425a782a: Starting segment from index:0
2019-09-10 12:59:57,615 [677e3d93-3467-4860-9bf6-0d2ba46507f3:group-739B8B6D5F34:LeaderElection25] INFO  impl.LeaderElection (LeaderElection.java:askForVotes(181)) - 677e3d93-3467-4860-9bf6-0d2ba46507f3:group-739B8B6D5F34:LeaderElection25: begin an election at term 1 for -1: [677e3d93-3467-4860-9bf6-0d2ba46507f3:192.168.5.153:41781], old=null
2019-09-10 12:59:57,615 [677e3d93-3467-4860-9bf6-0d2ba46507f3:group-739B8B6D5F34:LeaderElection25] INFO  impl.RoleInfo (RoleInfo.java:shutdownLeaderElection(134)) - 677e3d93-3467-4860-9bf6-0d2ba46507f3: shutdown LeaderElection
2019-09-10 12:59:57,615 [677e3d93-3467-4860-9bf6-0d2ba46507f3:group-739B8B6D5F34:LeaderElection25] INFO  impl.RaftServerImpl (RaftServerImpl.java:setRole(171)) - 677e3d93-3467-4860-9bf6-0d2ba46507f3:group-739B8B6D5F34 changes role from CANDIDATE to LEADER at term 1 for changeToLeader
2019-09-10 12:59:57,616 [677e3d93-3467-4860-9bf6-0d2ba46507f3:group-739B8B6D5F34:LeaderElection25] INFO  impl.RaftServerImpl (ServerState.java:setLeader(263)) - 677e3d93-3467-4860-9bf6-0d2ba46507f3:group-739B8B6D5F34 change Leader from null to 677e3d93-3467-4860-9bf6-0d2ba46507f3 at term 1 for becomeLeader, leader elected after 5068ms
2019-09-10 12:59:57,646 [677e3d93-3467-4860-9bf6-0d2ba46507f3:group-739B8B6D5F34:LeaderElection25] INFO  server.RaftServerConfigKeys (ConfUtils.java:logGet(43)) - raft.server.staging.catchup.gap = 1000 (default)
2019-09-10 12:59:57,647 [677e3d93-3467-4860-9bf6-0d2ba46507f3:group-739B8B6D5F34:LeaderElection25] INFO  server.RaftServerConfigKeys (ConfUtils.java:logGet(43)) - raft.server.rpc.sleep.time = 25ms (default)
2019-09-10 12:59:57,647 [677e3d93-3467-4860-9bf6-0d2ba46507f3:group-739B8B6D5F34:LeaderElection25] INFO  server.RaftServerConfigKeys (ConfUtils.java:logGet(43)) - raft.server.write.element-limit = 4096 (default)
2019-09-10 12:59:57,647 [677e3d93-3467-4860-9bf6-0d2ba46507f3:group-739B8B6D5F34:LeaderElection25] INFO  server.RaftServerConfigKeys (ConfUtils.java:logGet(43)) - raft.server.watch.timeout = 10s (default)
2019-09-10 12:59:57,647 [677e3d93-3467-4860-9bf6-0d2ba46507f3:group-739B8B6D5F34:LeaderElection25] INFO  server.RaftServerConfigKeys (ConfUtils.java:logGet(43)) - raft.server.watch.timeout.denomination = 1s (default)
2019-09-10 12:59:57,648 [677e3d93-3467-4860-9bf6-0d2ba46507f3:group-739B8B6D5F34:LeaderElection25] INFO  server.RaftServerConfigKeys (ConfUtils.java:logGet(43)) - raft.server.watch.element-limit = 65536 (default)
2019-09-10 12:59:57,648 [677e3d93-3467-4860-9bf6-0d2ba46507f3:group-739B8B6D5F34:LeaderElection25] INFO  impl.RoleInfo (RoleInfo.java:updateAndGet(143)) - 677e3d93-3467-4860-9bf6-0d2ba46507f3: start LeaderState
2019-09-10 12:59:57,648 [677e3d93-3467-4860-9bf6-0d2ba46507f3:group-739B8B6D5F34:LeaderElection25] INFO  segmented.SegmentedRaftLogWorker (SegmentedRaftLogWorker.java:startLogSegment(380)) - 677e3d93-3467-4860-9bf6-0d2ba46507f3-SegmentedRaftLogWorker:Storage Directory /workdir/hadoop-ozone/integration-test/target/test-dir/MiniOzoneClusterImpl-74450ed2-7f0c-43e6-83a9-4ec0eb8ed3d0/datanode-3/data/ratis/732d13ed-4827-4a0f-b085-739b8b6d5f34: Starting segment from index:0
2019-09-10 12:59:57,649 [677e3d93-3467-4860-9bf6-0d2ba46507f3:group-739B8B6D5F34:LeaderElection25] INFO  impl.RaftServerImpl (ServerState.java:setRaftConf(361)) - 677e3d93-3467-4860-9bf6-0d2ba46507f3:group-739B8B6D5F34 set configuration 0: [677e3d93-3467-4860-9bf6-0d2ba46507f3:192.168.5.153:41781], old=null at 0
2019-09-10 12:59:57,683 [98692575-908f-4c6f-b3d7-fc3119b7636a-SegmentedRaftLogWorker:Storage Directory /workdir/hadoop-ozone/integration-test/target/test-dir/MiniOzoneClusterImpl-74450ed2-7f0c-43e6-83a9-4ec0eb8ed3d0/datanode-1/data/ratis/d296be83-1642-46b5-8ec7-32f6425a782a] INFO  segmented.SegmentedRaftLogWorker (SegmentedRaftLogWorker.java:execute(569)) - 98692575-908f-4c6f-b3d7-fc3119b7636a-SegmentedRaftLogWorker:Storage Directory /workdir/hadoop-ozone/integration-test/target/test-dir/MiniOzoneClusterImpl-74450ed2-7f0c-43e6-83a9-4ec0eb8ed3d0/datanode-1/data/ratis/d296be83-1642-46b5-8ec7-32f6425a782a: created new log segment /workdir/hadoop-ozone/integration-test/target/test-dir/MiniOzoneClusterImpl-74450ed2-7f0c-43e6-83a9-4ec0eb8ed3d0/datanode-1/data/ratis/d296be83-1642-46b5-8ec7-32f6425a782a/current/log_inprogress_0
2019-09-10 12:59:57,684 [4afd2ab1-ec40-4403-b668-2a355860e883-SegmentedRaftLogWorker:Storage Directory /workdir/hadoop-ozone/integration-test/target/test-dir/MiniOzoneClusterImpl-74450ed2-7f0c-43e6-83a9-4ec0eb8ed3d0/datanode-0/data/ratis/d296be83-1642-46b5-8ec7-32f6425a782a] INFO  segmented.SegmentedRaftLogWorker (SegmentedRaftLogWorker.java:execute(569)) - 4afd2ab1-ec40-4403-b668-2a355860e883-SegmentedRaftLogWorker:Storage Directory /workdir/hadoop-ozone/integration-test/target/test-dir/MiniOzoneClusterImpl-74450ed2-7f0c-43e6-83a9-4ec0eb8ed3d0/datanode-0/data/ratis/d296be83-1642-46b5-8ec7-32f6425a782a: created new log segment /workdir/hadoop-ozone/integration-test/target/test-dir/MiniOzoneClusterImpl-74450ed2-7f0c-43e6-83a9-4ec0eb8ed3d0/datanode-0/data/ratis/d296be83-1642-46b5-8ec7-32f6425a782a/current/log_inprogress_0
2019-09-10 12:59:57,691 [grpc-default-executor-5] INFO  client.GrpcClientProtocolClient (GrpcClientProtocolClient.java:onNext(255)) - client-0E507F848997->5133bb85-d112-43d0-b51c-6140e4ebc540: receive RaftClientReply:client-0E507F848997->5133bb85-d112-43d0-b51c-6140e4ebc540@group-59B8B6051EC0, cid=42, FAILED org.apache.ratis.protocol.NotLeaderException: Server 5133bb85-d112-43d0-b51c-6140e4ebc540 is not the leader (null). Request must be sent to leader., logIndex=0, commits[5133bb85-d112-43d0-b51c-6140e4ebc540:c-1]
2019-09-10 12:59:57,707 [677e3d93-3467-4860-9bf6-0d2ba46507f3-SegmentedRaftLogWorker:Storage Directory /workdir/hadoop-ozone/integration-test/target/test-dir/MiniOzoneClusterImpl-74450ed2-7f0c-43e6-83a9-4ec0eb8ed3d0/datanode-3/data/ratis/732d13ed-4827-4a0f-b085-739b8b6d5f34] INFO  segmented.SegmentedRaftLogWorker (SegmentedRaftLogWorker.java:execute(569)) - 677e3d93-3467-4860-9bf6-0d2ba46507f3-SegmentedRaftLogWorker:Storage Directory /workdir/hadoop-ozone/integration-test/target/test-dir/MiniOzoneClusterImpl-74450ed2-7f0c-43e6-83a9-4ec0eb8ed3d0/datanode-3/data/ratis/732d13ed-4827-4a0f-b085-739b8b6d5f34: created new log segment /workdir/hadoop-ozone/integration-test/target/test-dir/MiniOzoneClusterImpl-74450ed2-7f0c-43e6-83a9-4ec0eb8ed3d0/datanode-3/data/ratis/732d13ed-4827-4a0f-b085-739b8b6d5f34/current/log_inprogress_0
2019-09-10 12:59:57,857 | INFO  | SCMAudit | user=jenkins1000 | ip=192.168.5.153 | op=SEND_HEARTBEAT {datanodeUUID=4afd2ab1-ec40-4403-b668-2a355860e883, command=[]} | ret=SUCCESS |  
2019-09-10 12:59:57,977 | INFO  | SCMAudit | user=jenkins1000 | ip=192.168.5.153 | op=SEND_HEARTBEAT {datanodeUUID=5133bb85-d112-43d0-b51c-6140e4ebc540, command=[]} | ret=SUCCESS |  
2019-09-10 12:59:58,069 | INFO  | SCMAudit | user=jenkins1000 | ip=192.168.5.153 | op=SEND_HEARTBEAT {datanodeUUID=98692575-908f-4c6f-b3d7-fc3119b7636a, command=[]} | ret=SUCCESS |  
2019-09-10 12:59:58,189 [Thread-793] INFO  impl.FollowerState (FollowerState.java:run(106)) - 5133bb85-d112-43d0-b51c-6140e4ebc540:group-49C775A5AA85 changes to CANDIDATE, lastRpcTime:5157, electionTimeout:5157ms
2019-09-10 12:59:58,190 [Thread-793] INFO  impl.RoleInfo (RoleInfo.java:shutdownFollowerState(121)) - 5133bb85-d112-43d0-b51c-6140e4ebc540: shutdown FollowerState
2019-09-10 12:59:58,190 [Thread-793] INFO  impl.RaftServerImpl (RaftServerImpl.java:setRole(171)) - 5133bb85-d112-43d0-b51c-6140e4ebc540:group-49C775A5AA85 changes role from FOLLOWER to CANDIDATE at term 0 for changeToCandidate
2019-09-10 12:59:58,190 [Thread-793] INFO  impl.RoleInfo (RoleInfo.java:updateAndGet(143)) - 5133bb85-d112-43d0-b51c-6140e4ebc540: start LeaderElection
2019-09-10 12:59:58,224 [5133bb85-d112-43d0-b51c-6140e4ebc540:group-49C775A5AA85:LeaderElection26] INFO  impl.LeaderElection (LeaderElection.java:askForVotes(181)) - 5133bb85-d112-43d0-b51c-6140e4ebc540:group-49C775A5AA85:LeaderElection26: begin an election at term 1 for -1: [5133bb85-d112-43d0-b51c-6140e4ebc540:192.168.5.153:45692], old=null
2019-09-10 12:59:58,225 [5133bb85-d112-43d0-b51c-6140e4ebc540:group-49C775A5AA85:LeaderElection26] INFO  impl.RoleInfo (RoleInfo.java:shutdownLeaderElection(134)) - 5133bb85-d112-43d0-b51c-6140e4ebc540: shutdown LeaderElection
2019-09-10 12:59:58,225 [5133bb85-d112-43d0-b51c-6140e4ebc540:group-49C775A5AA85:LeaderElection26] INFO  impl.RaftServerImpl (RaftServerImpl.java:setRole(171)) - 5133bb85-d112-43d0-b51c-6140e4ebc540:group-49C775A5AA85 changes role from CANDIDATE to LEADER at term 1 for changeToLeader
2019-09-10 12:59:58,225 [5133bb85-d112-43d0-b51c-6140e4ebc540:group-49C775A5AA85:LeaderElection26] INFO  impl.RaftServerImpl (ServerState.java:setLeader(263)) - 5133bb85-d112-43d0-b51c-6140e4ebc540:group-49C775A5AA85 change Leader from null to 5133bb85-d112-43d0-b51c-6140e4ebc540 at term 1 for becomeLeader, leader elected after 5196ms
2019-09-10 12:59:58,228 [5133bb85-d112-43d0-b51c-6140e4ebc540:group-49C775A5AA85:LeaderElection26] INFO  server.RaftServerConfigKeys (ConfUtils.java:logGet(43)) - raft.server.staging.catchup.gap = 1000 (default)
2019-09-10 12:59:58,228 [5133bb85-d112-43d0-b51c-6140e4ebc540:group-49C775A5AA85:LeaderElection26] INFO  server.RaftServerConfigKeys (ConfUtils.java:logGet(43)) - raft.server.rpc.sleep.time = 25ms (default)
2019-09-10 12:59:58,228 [5133bb85-d112-43d0-b51c-6140e4ebc540:group-49C775A5AA85:LeaderElection26] INFO  server.RaftServerConfigKeys (ConfUtils.java:logGet(43)) - raft.server.write.element-limit = 4096 (default)
2019-09-10 12:59:58,229 [5133bb85-d112-43d0-b51c-6140e4ebc540:group-49C775A5AA85:LeaderElection26] INFO  server.RaftServerConfigKeys (ConfUtils.java:logGet(43)) - raft.server.watch.timeout = 10s (default)
2019-09-10 12:59:58,229 [5133bb85-d112-43d0-b51c-6140e4ebc540:group-49C775A5AA85:LeaderElection26] INFO  server.RaftServerConfigKeys (ConfUtils.java:logGet(43)) - raft.server.watch.timeout.denomination = 1s (default)
2019-09-10 12:59:58,229 [5133bb85-d112-43d0-b51c-6140e4ebc540:group-49C775A5AA85:LeaderElection26] INFO  server.RaftServerConfigKeys (ConfUtils.java:logGet(43)) - raft.server.watch.element-limit = 65536 (default)
2019-09-10 12:59:58,229 [5133bb85-d112-43d0-b51c-6140e4ebc540:group-49C775A5AA85:LeaderElection26] INFO  impl.RoleInfo (RoleInfo.java:updateAndGet(143)) - 5133bb85-d112-43d0-b51c-6140e4ebc540: start LeaderState
2019-09-10 12:59:58,230 [5133bb85-d112-43d0-b51c-6140e4ebc540:group-49C775A5AA85:LeaderElection26] INFO  segmented.SegmentedRaftLogWorker (SegmentedRaftLogWorker.java:startLogSegment(380)) - 5133bb85-d112-43d0-b51c-6140e4ebc540-SegmentedRaftLogWorker:Storage Directory /workdir/hadoop-ozone/integration-test/target/test-dir/MiniOzoneClusterImpl-74450ed2-7f0c-43e6-83a9-4ec0eb8ed3d0/datanode-4/data/ratis/1518ffe0-7dbd-49ff-b1c4-49c775a5aa85: Starting segment from index:0
2019-09-10 12:59:58,230 [5133bb85-d112-43d0-b51c-6140e4ebc540:group-49C775A5AA85:LeaderElection26] INFO  impl.RaftServerImpl (ServerState.java:setRaftConf(361)) - 5133bb85-d112-43d0-b51c-6140e4ebc540:group-49C775A5AA85 set configuration 0: [5133bb85-d112-43d0-b51c-6140e4ebc540:192.168.5.153:45692], old=null at 0
2019-09-10 12:59:58,269 | INFO  | SCMAudit | user=jenkins1000 | ip=192.168.5.153 | op=SEND_HEARTBEAT {datanodeUUID=80892ce7-83f5-4ca2-be8c-d0fb582c0dda, command=[]} | ret=SUCCESS |  
2019-09-10 12:59:58,283 | INFO  | SCMAudit | user=jenkins1000 | ip=192.168.5.153 | op=SEND_HEARTBEAT {datanodeUUID=b87234b6-97b4-403b-b761-d13c1d3498ce, command=[]} | ret=SUCCESS |  
2019-09-10 12:59:58,291 [5133bb85-d112-43d0-b51c-6140e4ebc540-SegmentedRaftLogWorker:Storage Directory /workdir/hadoop-ozone/integration-test/target/test-dir/MiniOzoneClusterImpl-74450ed2-7f0c-43e6-83a9-4ec0eb8ed3d0/datanode-4/data/ratis/1518ffe0-7dbd-49ff-b1c4-49c775a5aa85] INFO  segmented.SegmentedRaftLogWorker (SegmentedRaftLogWorker.java:execute(569)) - 5133bb85-d112-43d0-b51c-6140e4ebc540-SegmentedRaftLogWorker:Storage Directory /workdir/hadoop-ozone/integration-test/target/test-dir/MiniOzoneClusterImpl-74450ed2-7f0c-43e6-83a9-4ec0eb8ed3d0/datanode-4/data/ratis/1518ffe0-7dbd-49ff-b1c4-49c775a5aa85: created new log segment /workdir/hadoop-ozone/integration-test/target/test-dir/MiniOzoneClusterImpl-74450ed2-7f0c-43e6-83a9-4ec0eb8ed3d0/datanode-4/data/ratis/1518ffe0-7dbd-49ff-b1c4-49c775a5aa85/current/log_inprogress_0
2019-09-10 12:59:58,363 [Thread-796] INFO  impl.FollowerState (FollowerState.java:run(106)) - 80892ce7-83f5-4ca2-be8c-d0fb582c0dda:group-B3289DAA560A changes to CANDIDATE, lastRpcTime:5097, electionTimeout:5097ms
2019-09-10 12:59:58,363 [Thread-796] INFO  impl.RoleInfo (RoleInfo.java:shutdownFollowerState(121)) - 80892ce7-83f5-4ca2-be8c-d0fb582c0dda: shutdown FollowerState
2019-09-10 12:59:58,363 [Thread-796] INFO  impl.RaftServerImpl (RaftServerImpl.java:setRole(171)) - 80892ce7-83f5-4ca2-be8c-d0fb582c0dda:group-B3289DAA560A changes role from FOLLOWER to CANDIDATE at term 0 for changeToCandidate
2019-09-10 12:59:58,363 [Thread-796] INFO  impl.RoleInfo (RoleInfo.java:updateAndGet(143)) - 80892ce7-83f5-4ca2-be8c-d0fb582c0dda: start LeaderElection
2019-09-10 12:59:58,383 [80892ce7-83f5-4ca2-be8c-d0fb582c0dda:group-B3289DAA560A:LeaderElection27] INFO  impl.LeaderElection (LeaderElection.java:askForVotes(181)) - 80892ce7-83f5-4ca2-be8c-d0fb582c0dda:group-B3289DAA560A:LeaderElection27: begin an election at term 1 for -1: [80892ce7-83f5-4ca2-be8c-d0fb582c0dda:192.168.5.153:45229], old=null
2019-09-10 12:59:58,384 [80892ce7-83f5-4ca2-be8c-d0fb582c0dda:group-B3289DAA560A:LeaderElection27] INFO  impl.RoleInfo (RoleInfo.java:shutdownLeaderElection(134)) - 80892ce7-83f5-4ca2-be8c-d0fb582c0dda: shutdown LeaderElection
2019-09-10 12:59:58,384 [80892ce7-83f5-4ca2-be8c-d0fb582c0dda:group-B3289DAA560A:LeaderElection27] INFO  impl.RaftServerImpl (RaftServerImpl.java:setRole(171)) - 80892ce7-83f5-4ca2-be8c-d0fb582c0dda:group-B3289DAA560A changes role from CANDIDATE to LEADER at term 1 for changeToLeader
2019-09-10 12:59:58,384 [80892ce7-83f5-4ca2-be8c-d0fb582c0dda:group-B3289DAA560A:LeaderElection27] INFO  impl.RaftServerImpl (ServerState.java:setLeader(263)) - 80892ce7-83f5-4ca2-be8c-d0fb582c0dda:group-B3289DAA560A change Leader from null to 80892ce7-83f5-4ca2-be8c-d0fb582c0dda at term 1 for becomeLeader, leader elected after 5122ms
2019-09-10 12:59:58,387 [80892ce7-83f5-4ca2-be8c-d0fb582c0dda:group-B3289DAA560A:LeaderElection27] INFO  server.RaftServerConfigKeys (ConfUtils.java:logGet(43)) - raft.server.staging.catchup.gap = 1000 (default)
2019-09-10 12:59:58,387 [80892ce7-83f5-4ca2-be8c-d0fb582c0dda:group-B3289DAA560A:LeaderElection27] INFO  server.RaftServerConfigKeys (ConfUtils.java:logGet(43)) - raft.server.rpc.sleep.time = 25ms (default)
2019-09-10 12:59:58,387 [80892ce7-83f5-4ca2-be8c-d0fb582c0dda:group-B3289DAA560A:LeaderElection27] INFO  server.RaftServerConfigKeys (ConfUtils.java:logGet(43)) - raft.server.write.element-limit = 4096 (default)
2019-09-10 12:59:58,387 [80892ce7-83f5-4ca2-be8c-d0fb582c0dda:group-B3289DAA560A:LeaderElection27] INFO  server.RaftServerConfigKeys (ConfUtils.java:logGet(43)) - raft.server.watch.timeout = 10s (default)
2019-09-10 12:59:58,387 [80892ce7-83f5-4ca2-be8c-d0fb582c0dda:group-B3289DAA560A:LeaderElection27] INFO  server.RaftServerConfigKeys (ConfUtils.java:logGet(43)) - raft.server.watch.timeout.denomination = 1s (default)
2019-09-10 12:59:58,388 [80892ce7-83f5-4ca2-be8c-d0fb582c0dda:group-B3289DAA560A:LeaderElection27] INFO  server.RaftServerConfigKeys (ConfUtils.java:logGet(43)) - raft.server.watch.element-limit = 65536 (default)
2019-09-10 12:59:58,388 [80892ce7-83f5-4ca2-be8c-d0fb582c0dda:group-B3289DAA560A:LeaderElection27] INFO  impl.RoleInfo (RoleInfo.java:updateAndGet(143)) - 80892ce7-83f5-4ca2-be8c-d0fb582c0dda: start LeaderState
2019-09-10 12:59:58,388 [80892ce7-83f5-4ca2-be8c-d0fb582c0dda:group-B3289DAA560A:LeaderElection27] INFO  segmented.SegmentedRaftLogWorker (SegmentedRaftLogWorker.java:startLogSegment(380)) - 80892ce7-83f5-4ca2-be8c-d0fb582c0dda-SegmentedRaftLogWorker:Storage Directory /workdir/hadoop-ozone/integration-test/target/test-dir/MiniOzoneClusterImpl-74450ed2-7f0c-43e6-83a9-4ec0eb8ed3d0/datanode-5/data/ratis/a3047abd-9c99-4a5e-b586-b3289daa560a: Starting segment from index:0
2019-09-10 12:59:58,389 [80892ce7-83f5-4ca2-be8c-d0fb582c0dda:group-B3289DAA560A:LeaderElection27] INFO  impl.RaftServerImpl (ServerState.java:setRaftConf(361)) - 80892ce7-83f5-4ca2-be8c-d0fb582c0dda:group-B3289DAA560A set configuration 0: [80892ce7-83f5-4ca2-be8c-d0fb582c0dda:192.168.5.153:45229], old=null at 0
2019-09-10 12:59:58,425 [Thread-803] INFO  impl.FollowerState (FollowerState.java:run(106)) - 5133bb85-d112-43d0-b51c-6140e4ebc540:group-59B8B6051EC0 changes to CANDIDATE, lastRpcTime:5074, electionTimeout:5059ms
2019-09-10 12:59:58,425 [Thread-804] INFO  impl.FollowerState (FollowerState.java:run(106)) - 677e3d93-3467-4860-9bf6-0d2ba46507f3:group-59B8B6051EC0 changes to CANDIDATE, lastRpcTime:5074, electionTimeout:5039ms
2019-09-10 12:59:58,426 [Thread-803] INFO  impl.RoleInfo (RoleInfo.java:shutdownFollowerState(121)) - 5133bb85-d112-43d0-b51c-6140e4ebc540: shutdown FollowerState
2019-09-10 12:59:58,426 [Thread-804] INFO  impl.RoleInfo (RoleInfo.java:shutdownFollowerState(121)) - 677e3d93-3467-4860-9bf6-0d2ba46507f3: shutdown FollowerState
2019-09-10 12:59:58,426 [Thread-803] INFO  impl.RaftServerImpl (RaftServerImpl.java:setRole(171)) - 5133bb85-d112-43d0-b51c-6140e4ebc540:group-59B8B6051EC0 changes role from FOLLOWER to CANDIDATE at term 0 for changeToCandidate
2019-09-10 12:59:58,426 [Thread-804] INFO  impl.RaftServerImpl (RaftServerImpl.java:setRole(171)) - 677e3d93-3467-4860-9bf6-0d2ba46507f3:group-59B8B6051EC0 changes role from FOLLOWER to CANDIDATE at term 0 for changeToCandidate
2019-09-10 12:59:58,426 [Thread-803] INFO  impl.RoleInfo (RoleInfo.java:updateAndGet(143)) - 5133bb85-d112-43d0-b51c-6140e4ebc540: start LeaderElection
2019-09-10 12:59:58,426 [Thread-804] INFO  impl.RoleInfo (RoleInfo.java:updateAndGet(143)) - 677e3d93-3467-4860-9bf6-0d2ba46507f3: start LeaderElection
2019-09-10 12:59:58,434 [Thread-799] INFO  impl.FollowerState (FollowerState.java:run(106)) - 80892ce7-83f5-4ca2-be8c-d0fb582c0dda:group-59B8B6051EC0 changes to CANDIDATE, lastRpcTime:5096, electionTimeout:5095ms
2019-09-10 12:59:58,434 [Thread-799] INFO  impl.RoleInfo (RoleInfo.java:shutdownFollowerState(121)) - 80892ce7-83f5-4ca2-be8c-d0fb582c0dda: shutdown FollowerState
2019-09-10 12:59:58,434 [Thread-799] INFO  impl.RaftServerImpl (RaftServerImpl.java:setRole(171)) - 80892ce7-83f5-4ca2-be8c-d0fb582c0dda:group-59B8B6051EC0 changes role from FOLLOWER to CANDIDATE at term 0 for changeToCandidate
2019-09-10 12:59:58,434 [Thread-799] INFO  impl.RoleInfo (RoleInfo.java:updateAndGet(143)) - 80892ce7-83f5-4ca2-be8c-d0fb582c0dda: start LeaderElection
2019-09-10 12:59:58,440 [80892ce7-83f5-4ca2-be8c-d0fb582c0dda-SegmentedRaftLogWorker:Storage Directory /workdir/hadoop-ozone/integration-test/target/test-dir/MiniOzoneClusterImpl-74450ed2-7f0c-43e6-83a9-4ec0eb8ed3d0/datanode-5/data/ratis/a3047abd-9c99-4a5e-b586-b3289daa560a] INFO  segmented.SegmentedRaftLogWorker (SegmentedRaftLogWorker.java:execute(569)) - 80892ce7-83f5-4ca2-be8c-d0fb582c0dda-SegmentedRaftLogWorker:Storage Directory /workdir/hadoop-ozone/integration-test/target/test-dir/MiniOzoneClusterImpl-74450ed2-7f0c-43e6-83a9-4ec0eb8ed3d0/datanode-5/data/ratis/a3047abd-9c99-4a5e-b586-b3289daa560a: created new log segment /workdir/hadoop-ozone/integration-test/target/test-dir/MiniOzoneClusterImpl-74450ed2-7f0c-43e6-83a9-4ec0eb8ed3d0/datanode-5/data/ratis/a3047abd-9c99-4a5e-b586-b3289daa560a/current/log_inprogress_0
2019-09-10 12:59:58,440 [5133bb85-d112-43d0-b51c-6140e4ebc540:group-59B8B6051EC0:LeaderElection28] INFO  impl.LeaderElection (LeaderElection.java:askForVotes(181)) - 5133bb85-d112-43d0-b51c-6140e4ebc540:group-59B8B6051EC0:LeaderElection28: begin an election at term 1 for -1: [80892ce7-83f5-4ca2-be8c-d0fb582c0dda:192.168.5.153:45229, 677e3d93-3467-4860-9bf6-0d2ba46507f3:192.168.5.153:41781, 5133bb85-d112-43d0-b51c-6140e4ebc540:192.168.5.153:45692], old=null
2019-09-10 12:59:58,453 [80892ce7-83f5-4ca2-be8c-d0fb582c0dda:group-59B8B6051EC0:LeaderElection30] INFO  impl.LeaderElection (LeaderElection.java:askForVotes(181)) - 80892ce7-83f5-4ca2-be8c-d0fb582c0dda:group-59B8B6051EC0:LeaderElection30: begin an election at term 1 for -1: [80892ce7-83f5-4ca2-be8c-d0fb582c0dda:192.168.5.153:45229, 677e3d93-3467-4860-9bf6-0d2ba46507f3:192.168.5.153:41781, 5133bb85-d112-43d0-b51c-6140e4ebc540:192.168.5.153:45692], old=null
2019-09-10 12:59:58,453 [677e3d93-3467-4860-9bf6-0d2ba46507f3:group-59B8B6051EC0:LeaderElection29] INFO  impl.LeaderElection (LeaderElection.java:askForVotes(181)) - 677e3d93-3467-4860-9bf6-0d2ba46507f3:group-59B8B6051EC0:LeaderElection29: begin an election at term 1 for -1: [80892ce7-83f5-4ca2-be8c-d0fb582c0dda:192.168.5.153:45229, 677e3d93-3467-4860-9bf6-0d2ba46507f3:192.168.5.153:41781, 5133bb85-d112-43d0-b51c-6140e4ebc540:192.168.5.153:45692], old=null
2019-09-10 12:59:58,455 [5133bb85-d112-43d0-b51c-6140e4ebc540:group-59B8B6051EC0:LeaderElection28] INFO  impl.LeaderElection (LeaderElection.java:logAndReturn(56)) - 5133bb85-d112-43d0-b51c-6140e4ebc540:group-59B8B6051EC0:LeaderElection28: Election REJECTED; received 2 response(s) [5133bb85-d112-43d0-b51c-6140e4ebc540<-80892ce7-83f5-4ca2-be8c-d0fb582c0dda#0:FAIL-t1, 5133bb85-d112-43d0-b51c-6140e4ebc540<-677e3d93-3467-4860-9bf6-0d2ba46507f3#0:FAIL-t1] and 0 exception(s); 5133bb85-d112-43d0-b51c-6140e4ebc540:t1, leader=null, voted=5133bb85-d112-43d0-b51c-6140e4ebc540, raftlog=5133bb85-d112-43d0-b51c-6140e4ebc540-SegmentedRaftLog:OPENED:c-1,f-1,i0, conf=-1: [80892ce7-83f5-4ca2-be8c-d0fb582c0dda:192.168.5.153:45229, 677e3d93-3467-4860-9bf6-0d2ba46507f3:192.168.5.153:41781, 5133bb85-d112-43d0-b51c-6140e4ebc540:192.168.5.153:45692], old=null
2019-09-10 12:59:58,455 [5133bb85-d112-43d0-b51c-6140e4ebc540:group-59B8B6051EC0:LeaderElection28] INFO  impl.RaftServerImpl (RaftServerImpl.java:setRole(171)) - 5133bb85-d112-43d0-b51c-6140e4ebc540:group-59B8B6051EC0 changes role from CANDIDATE to FOLLOWER at term 1 for DISCOVERED_A_NEW_TERM
2019-09-10 12:59:58,455 [5133bb85-d112-43d0-b51c-6140e4ebc540:group-59B8B6051EC0:LeaderElection28] INFO  impl.RoleInfo (RoleInfo.java:shutdownLeaderElection(134)) - 5133bb85-d112-43d0-b51c-6140e4ebc540: shutdown LeaderElection
2019-09-10 12:59:58,455 [5133bb85-d112-43d0-b51c-6140e4ebc540:group-59B8B6051EC0:LeaderElection28] INFO  impl.RoleInfo (RoleInfo.java:updateAndGet(143)) - 5133bb85-d112-43d0-b51c-6140e4ebc540: start FollowerState
2019-09-10 12:59:58,460 [677e3d93-3467-4860-9bf6-0d2ba46507f3:group-59B8B6051EC0:LeaderElection29] INFO  impl.LeaderElection (LeaderElection.java:logAndReturn(56)) - 677e3d93-3467-4860-9bf6-0d2ba46507f3:group-59B8B6051EC0:LeaderElection29: Election REJECTED; received 2 response(s) [677e3d93-3467-4860-9bf6-0d2ba46507f3<-80892ce7-83f5-4ca2-be8c-d0fb582c0dda#0:FAIL-t1, 677e3d93-3467-4860-9bf6-0d2ba46507f3<-5133bb85-d112-43d0-b51c-6140e4ebc540#0:FAIL-t1] and 0 exception(s); 677e3d93-3467-4860-9bf6-0d2ba46507f3:t1, leader=null, voted=677e3d93-3467-4860-9bf6-0d2ba46507f3, raftlog=677e3d93-3467-4860-9bf6-0d2ba46507f3-SegmentedRaftLog:OPENED:c-1,f-1,i0, conf=-1: [80892ce7-83f5-4ca2-be8c-d0fb582c0dda:192.168.5.153:45229, 677e3d93-3467-4860-9bf6-0d2ba46507f3:192.168.5.153:41781, 5133bb85-d112-43d0-b51c-6140e4ebc540:192.168.5.153:45692], old=null
2019-09-10 12:59:58,459 | INFO  | SCMAudit | user=jenkins1000 | ip=192.168.5.153 | op=SEND_HEARTBEAT {datanodeUUID=51f7194d-0b6e-44ce-bfd4-93c34be99c19, command=[]} | ret=SUCCESS |  
2019-09-10 12:59:58,460 [677e3d93-3467-4860-9bf6-0d2ba46507f3:group-59B8B6051EC0:LeaderElection29] INFO  impl.RaftServerImpl (RaftServerImpl.java:setRole(171)) - 677e3d93-3467-4860-9bf6-0d2ba46507f3:group-59B8B6051EC0 changes role from CANDIDATE to FOLLOWER at term 1 for DISCOVERED_A_NEW_TERM
2019-09-10 12:59:58,460 [677e3d93-3467-4860-9bf6-0d2ba46507f3:group-59B8B6051EC0:LeaderElection29] INFO  impl.RoleInfo (RoleInfo.java:shutdownLeaderElection(134)) - 677e3d93-3467-4860-9bf6-0d2ba46507f3: shutdown LeaderElection
2019-09-10 12:59:58,460 [80892ce7-83f5-4ca2-be8c-d0fb582c0dda:group-59B8B6051EC0:LeaderElection30] INFO  impl.LeaderElection (LeaderElection.java:logAndReturn(56)) - 80892ce7-83f5-4ca2-be8c-d0fb582c0dda:group-59B8B6051EC0:LeaderElection30: Election REJECTED; received 2 response(s) [80892ce7-83f5-4ca2-be8c-d0fb582c0dda<-677e3d93-3467-4860-9bf6-0d2ba46507f3#0:FAIL-t1, 80892ce7-83f5-4ca2-be8c-d0fb582c0dda<-5133bb85-d112-43d0-b51c-6140e4ebc540#0:FAIL-t1] and 0 exception(s); 80892ce7-83f5-4ca2-be8c-d0fb582c0dda:t1, leader=null, voted=80892ce7-83f5-4ca2-be8c-d0fb582c0dda, raftlog=80892ce7-83f5-4ca2-be8c-d0fb582c0dda-SegmentedRaftLog:OPENED:c-1,f-1,i0, conf=-1: [80892ce7-83f5-4ca2-be8c-d0fb582c0dda:192.168.5.153:45229, 677e3d93-3467-4860-9bf6-0d2ba46507f3:192.168.5.153:41781, 5133bb85-d112-43d0-b51c-6140e4ebc540:192.168.5.153:45692], old=null
2019-09-10 12:59:58,460 [677e3d93-3467-4860-9bf6-0d2ba46507f3:group-59B8B6051EC0:LeaderElection29] INFO  impl.RoleInfo (RoleInfo.java:updateAndGet(143)) - 677e3d93-3467-4860-9bf6-0d2ba46507f3: start FollowerState
2019-09-10 12:59:58,460 [80892ce7-83f5-4ca2-be8c-d0fb582c0dda:group-59B8B6051EC0:LeaderElection30] INFO  impl.RaftServerImpl (RaftServerImpl.java:setRole(171)) - 80892ce7-83f5-4ca2-be8c-d0fb582c0dda:group-59B8B6051EC0 changes role from CANDIDATE to FOLLOWER at term 1 for DISCOVERED_A_NEW_TERM
2019-09-10 12:59:58,460 [80892ce7-83f5-4ca2-be8c-d0fb582c0dda:group-59B8B6051EC0:LeaderElection30] INFO  impl.RoleInfo (RoleInfo.java:shutdownLeaderElection(134)) - 80892ce7-83f5-4ca2-be8c-d0fb582c0dda: shutdown LeaderElection
2019-09-10 12:59:58,461 [80892ce7-83f5-4ca2-be8c-d0fb582c0dda:group-59B8B6051EC0:LeaderElection30] INFO  impl.RoleInfo (RoleInfo.java:updateAndGet(143)) - 80892ce7-83f5-4ca2-be8c-d0fb582c0dda: start FollowerState
2019-09-10 12:59:58,495 | INFO  | SCMAudit | user=jenkins1000 | ip=192.168.5.153 | op=SEND_HEARTBEAT {datanodeUUID=677e3d93-3467-4860-9bf6-0d2ba46507f3, command=[]} | ret=SUCCESS |  
2019-09-10 12:59:58,685 [Thread-810] INFO  impl.FollowerState (FollowerState.java:run(106)) - 51f7194d-0b6e-44ce-bfd4-93c34be99c19:group-2943B4E0054E changes to CANDIDATE, lastRpcTime:5159, electionTimeout:5159ms
2019-09-10 12:59:58,685 [Thread-810] INFO  impl.RoleInfo (RoleInfo.java:shutdownFollowerState(121)) - 51f7194d-0b6e-44ce-bfd4-93c34be99c19: shutdown FollowerState
2019-09-10 12:59:58,685 [Thread-810] INFO  impl.RaftServerImpl (RaftServerImpl.java:setRole(171)) - 51f7194d-0b6e-44ce-bfd4-93c34be99c19:group-2943B4E0054E changes role from FOLLOWER to CANDIDATE at term 0 for changeToCandidate
2019-09-10 12:59:58,685 [Thread-810] INFO  impl.RoleInfo (RoleInfo.java:updateAndGet(143)) - 51f7194d-0b6e-44ce-bfd4-93c34be99c19: start LeaderElection
2019-09-10 12:59:58,703 [51f7194d-0b6e-44ce-bfd4-93c34be99c19:group-2943B4E0054E:LeaderElection31] INFO  impl.LeaderElection (LeaderElection.java:askForVotes(181)) - 51f7194d-0b6e-44ce-bfd4-93c34be99c19:group-2943B4E0054E:LeaderElection31: begin an election at term 1 for -1: [51f7194d-0b6e-44ce-bfd4-93c34be99c19:192.168.5.153:37073], old=null
2019-09-10 12:59:58,704 [51f7194d-0b6e-44ce-bfd4-93c34be99c19:group-2943B4E0054E:LeaderElection31] INFO  impl.RoleInfo (RoleInfo.java:shutdownLeaderElection(134)) - 51f7194d-0b6e-44ce-bfd4-93c34be99c19: shutdown LeaderElection
2019-09-10 12:59:58,704 [51f7194d-0b6e-44ce-bfd4-93c34be99c19:group-2943B4E0054E:LeaderElection31] INFO  impl.RaftServerImpl (RaftServerImpl.java:setRole(171)) - 51f7194d-0b6e-44ce-bfd4-93c34be99c19:group-2943B4E0054E changes role from CANDIDATE to LEADER at term 1 for changeToLeader
2019-09-10 12:59:58,704 [51f7194d-0b6e-44ce-bfd4-93c34be99c19:group-2943B4E0054E:LeaderElection31] INFO  impl.RaftServerImpl (ServerState.java:setLeader(263)) - 51f7194d-0b6e-44ce-bfd4-93c34be99c19:group-2943B4E0054E change Leader from null to 51f7194d-0b6e-44ce-bfd4-93c34be99c19 at term 1 for becomeLeader, leader elected after 5183ms
2019-09-10 12:59:58,713 [51f7194d-0b6e-44ce-bfd4-93c34be99c19:group-2943B4E0054E:LeaderElection31] INFO  server.RaftServerConfigKeys (ConfUtils.java:logGet(43)) - raft.server.staging.catchup.gap = 1000 (default)
2019-09-10 12:59:58,713 [51f7194d-0b6e-44ce-bfd4-93c34be99c19:group-2943B4E0054E:LeaderElection31] INFO  server.RaftServerConfigKeys (ConfUtils.java:logGet(43)) - raft.server.rpc.sleep.time = 25ms (default)
2019-09-10 12:59:58,713 [51f7194d-0b6e-44ce-bfd4-93c34be99c19:group-2943B4E0054E:LeaderElection31] INFO  server.RaftServerConfigKeys (ConfUtils.java:logGet(43)) - raft.server.write.element-limit = 4096 (default)
2019-09-10 12:59:58,713 [51f7194d-0b6e-44ce-bfd4-93c34be99c19:group-2943B4E0054E:LeaderElection31] INFO  server.RaftServerConfigKeys (ConfUtils.java:logGet(43)) - raft.server.watch.timeout = 10s (default)
2019-09-10 12:59:58,714 [51f7194d-0b6e-44ce-bfd4-93c34be99c19:group-2943B4E0054E:LeaderElection31] INFO  server.RaftServerConfigKeys (ConfUtils.java:logGet(43)) - raft.server.watch.timeout.denomination = 1s (default)
2019-09-10 12:59:58,714 [51f7194d-0b6e-44ce-bfd4-93c34be99c19:group-2943B4E0054E:LeaderElection31] INFO  server.RaftServerConfigKeys (ConfUtils.java:logGet(43)) - raft.server.watch.element-limit = 65536 (default)
2019-09-10 12:59:58,714 [51f7194d-0b6e-44ce-bfd4-93c34be99c19:group-2943B4E0054E:LeaderElection31] INFO  impl.RoleInfo (RoleInfo.java:updateAndGet(143)) - 51f7194d-0b6e-44ce-bfd4-93c34be99c19: start LeaderState
2019-09-10 12:59:58,714 [51f7194d-0b6e-44ce-bfd4-93c34be99c19:group-2943B4E0054E:LeaderElection31] INFO  segmented.SegmentedRaftLogWorker (SegmentedRaftLogWorker.java:startLogSegment(380)) - 51f7194d-0b6e-44ce-bfd4-93c34be99c19-SegmentedRaftLogWorker:Storage Directory /workdir/hadoop-ozone/integration-test/target/test-dir/MiniOzoneClusterImpl-74450ed2-7f0c-43e6-83a9-4ec0eb8ed3d0/datanode-6/data/ratis/01cab14b-eed4-496b-a3f8-2943b4e0054e: Starting segment from index:0
2019-09-10 12:59:58,714 [grpc-default-executor-2] INFO  client.GrpcClientProtocolClient (GrpcClientProtocolClient.java:onNext(255)) - client-0E507F848997->80892ce7-83f5-4ca2-be8c-d0fb582c0dda: receive RaftClientReply:client-0E507F848997->80892ce7-83f5-4ca2-be8c-d0fb582c0dda@group-59B8B6051EC0, cid=42, FAILED org.apache.ratis.protocol.NotLeaderException: Server 80892ce7-83f5-4ca2-be8c-d0fb582c0dda is not the leader (null). Request must be sent to leader., logIndex=0, commits[80892ce7-83f5-4ca2-be8c-d0fb582c0dda:c-1]
2019-09-10 12:59:58,717 [51f7194d-0b6e-44ce-bfd4-93c34be99c19:group-2943B4E0054E:LeaderElection31] INFO  impl.RaftServerImpl (ServerState.java:setRaftConf(361)) - 51f7194d-0b6e-44ce-bfd4-93c34be99c19:group-2943B4E0054E set configuration 0: [51f7194d-0b6e-44ce-bfd4-93c34be99c19:192.168.5.153:37073], old=null at 0
2019-09-10 12:59:58,779 [51f7194d-0b6e-44ce-bfd4-93c34be99c19-SegmentedRaftLogWorker:Storage Directory /workdir/hadoop-ozone/integration-test/target/test-dir/MiniOzoneClusterImpl-74450ed2-7f0c-43e6-83a9-4ec0eb8ed3d0/datanode-6/data/ratis/01cab14b-eed4-496b-a3f8-2943b4e0054e] INFO  segmented.SegmentedRaftLogWorker (SegmentedRaftLogWorker.java:execute(569)) - 51f7194d-0b6e-44ce-bfd4-93c34be99c19-SegmentedRaftLogWorker:Storage Directory /workdir/hadoop-ozone/integration-test/target/test-dir/MiniOzoneClusterImpl-74450ed2-7f0c-43e6-83a9-4ec0eb8ed3d0/datanode-6/data/ratis/01cab14b-eed4-496b-a3f8-2943b4e0054e: created new log segment /workdir/hadoop-ozone/integration-test/target/test-dir/MiniOzoneClusterImpl-74450ed2-7f0c-43e6-83a9-4ec0eb8ed3d0/datanode-6/data/ratis/01cab14b-eed4-496b-a3f8-2943b4e0054e/current/log_inprogress_0
2019-09-10 12:59:58,858 | INFO  | SCMAudit | user=jenkins1000 | ip=192.168.5.153 | op=SEND_HEARTBEAT {datanodeUUID=4afd2ab1-ec40-4403-b668-2a355860e883, command=[]} | ret=SUCCESS |  
2019-09-10 12:59:58,976 | INFO  | SCMAudit | user=jenkins1000 | ip=192.168.5.153 | op=SEND_HEARTBEAT {datanodeUUID=5133bb85-d112-43d0-b51c-6140e4ebc540, command=[]} | ret=SUCCESS |  
2019-09-10 12:59:59,069 | INFO  | SCMAudit | user=jenkins1000 | ip=192.168.5.153 | op=SEND_HEARTBEAT {datanodeUUID=98692575-908f-4c6f-b3d7-fc3119b7636a, command=[]} | ret=SUCCESS |  
2019-09-10 12:59:59,268 | INFO  | SCMAudit | user=jenkins1000 | ip=192.168.5.153 | op=SEND_HEARTBEAT {datanodeUUID=80892ce7-83f5-4ca2-be8c-d0fb582c0dda, command=[]} | ret=SUCCESS |  
2019-09-10 12:59:59,283 | INFO  | SCMAudit | user=jenkins1000 | ip=192.168.5.153 | op=SEND_HEARTBEAT {datanodeUUID=b87234b6-97b4-403b-b761-d13c1d3498ce, command=[]} | ret=SUCCESS |  
2019-09-10 12:59:59,459 | INFO  | SCMAudit | user=jenkins1000 | ip=192.168.5.153 | op=SEND_HEARTBEAT {datanodeUUID=51f7194d-0b6e-44ce-bfd4-93c34be99c19, command=[]} | ret=SUCCESS |  
2019-09-10 12:59:59,495 | INFO  | SCMAudit | user=jenkins1000 | ip=192.168.5.153 | op=SEND_HEARTBEAT {datanodeUUID=677e3d93-3467-4860-9bf6-0d2ba46507f3, command=[]} | ret=SUCCESS |  
2019-09-10 12:59:59,769 [grpc-default-executor-0] INFO  client.GrpcClientProtocolClient (GrpcClientProtocolClient.java:onNext(255)) - client-0E507F848997->5133bb85-d112-43d0-b51c-6140e4ebc540: receive RaftClientReply:client-0E507F848997->5133bb85-d112-43d0-b51c-6140e4ebc540@group-59B8B6051EC0, cid=42, FAILED org.apache.ratis.protocol.NotLeaderException: Server 5133bb85-d112-43d0-b51c-6140e4ebc540 is not the leader (null). Request must be sent to leader., logIndex=0, commits[5133bb85-d112-43d0-b51c-6140e4ebc540:c-1]
2019-09-10 12:59:59,858 | INFO  | SCMAudit | user=jenkins1000 | ip=192.168.5.153 | op=SEND_HEARTBEAT {datanodeUUID=4afd2ab1-ec40-4403-b668-2a355860e883, command=[]} | ret=SUCCESS |  
2019-09-10 12:59:59,976 | INFO  | SCMAudit | user=jenkins1000 | ip=192.168.5.153 | op=SEND_HEARTBEAT {datanodeUUID=5133bb85-d112-43d0-b51c-6140e4ebc540, command=[]} | ret=SUCCESS |  
2019-09-10 13:00:00,070 | INFO  | SCMAudit | user=jenkins1000 | ip=192.168.5.153 | op=SEND_HEARTBEAT {datanodeUUID=98692575-908f-4c6f-b3d7-fc3119b7636a, command=[]} | ret=SUCCESS |  
2019-09-10 13:00:00,268 | INFO  | SCMAudit | user=jenkins1000 | ip=192.168.5.153 | op=SEND_HEARTBEAT {datanodeUUID=80892ce7-83f5-4ca2-be8c-d0fb582c0dda, command=[]} | ret=SUCCESS |  
2019-09-10 13:00:00,284 | INFO  | SCMAudit | user=jenkins1000 | ip=192.168.5.153 | op=SEND_HEARTBEAT {datanodeUUID=b87234b6-97b4-403b-b761-d13c1d3498ce, command=[]} | ret=SUCCESS |  
2019-09-10 13:00:00,460 | INFO  | SCMAudit | user=jenkins1000 | ip=192.168.5.153 | op=SEND_HEARTBEAT {datanodeUUID=51f7194d-0b6e-44ce-bfd4-93c34be99c19, command=[]} | ret=SUCCESS |  
2019-09-10 13:00:00,496 | INFO  | SCMAudit | user=jenkins1000 | ip=192.168.5.153 | op=SEND_HEARTBEAT {datanodeUUID=677e3d93-3467-4860-9bf6-0d2ba46507f3, command=[]} | ret=SUCCESS |  
2019-09-10 13:00:00,790 [grpc-default-executor-0] INFO  client.GrpcClientProtocolClient (GrpcClientProtocolClient.java:onNext(255)) - client-0E507F848997->80892ce7-83f5-4ca2-be8c-d0fb582c0dda: receive RaftClientReply:client-0E507F848997->80892ce7-83f5-4ca2-be8c-d0fb582c0dda@group-59B8B6051EC0, cid=42, FAILED org.apache.ratis.protocol.NotLeaderException: Server 80892ce7-83f5-4ca2-be8c-d0fb582c0dda is not the leader (null). Request must be sent to leader., logIndex=0, commits[80892ce7-83f5-4ca2-be8c-d0fb582c0dda:c-1]
2019-09-10 13:00:00,858 | INFO  | SCMAudit | user=jenkins1000 | ip=192.168.5.153 | op=SEND_HEARTBEAT {datanodeUUID=4afd2ab1-ec40-4403-b668-2a355860e883, command=[]} | ret=SUCCESS |  
2019-09-10 13:00:00,977 | INFO  | SCMAudit | user=jenkins1000 | ip=192.168.5.153 | op=SEND_HEARTBEAT {datanodeUUID=5133bb85-d112-43d0-b51c-6140e4ebc540, command=[]} | ret=SUCCESS |  
2019-09-10 13:00:01,070 | INFO  | SCMAudit | user=jenkins1000 | ip=192.168.5.153 | op=SEND_HEARTBEAT {datanodeUUID=98692575-908f-4c6f-b3d7-fc3119b7636a, command=[]} | ret=SUCCESS |  
2019-09-10 13:00:01,268 | INFO  | SCMAudit | user=jenkins1000 | ip=192.168.5.153 | op=SEND_HEARTBEAT {datanodeUUID=80892ce7-83f5-4ca2-be8c-d0fb582c0dda, command=[]} | ret=SUCCESS |  
2019-09-10 13:00:01,284 | INFO  | SCMAudit | user=jenkins1000 | ip=192.168.5.153 | op=SEND_HEARTBEAT {datanodeUUID=b87234b6-97b4-403b-b761-d13c1d3498ce, command=[]} | ret=SUCCESS |  
2019-09-10 13:00:01,459 | INFO  | SCMAudit | user=jenkins1000 | ip=192.168.5.153 | op=SEND_HEARTBEAT {datanodeUUID=51f7194d-0b6e-44ce-bfd4-93c34be99c19, command=[]} | ret=SUCCESS |  
2019-09-10 13:00:01,497 | INFO  | SCMAudit | user=jenkins1000 | ip=192.168.5.153 | op=SEND_HEARTBEAT {datanodeUUID=677e3d93-3467-4860-9bf6-0d2ba46507f3, command=[]} | ret=SUCCESS |  
2019-09-10 13:00:01,810 [grpc-default-executor-2] INFO  client.GrpcClientProtocolClient (GrpcClientProtocolClient.java:onNext(255)) - client-0E507F848997->5133bb85-d112-43d0-b51c-6140e4ebc540: receive RaftClientReply:client-0E507F848997->5133bb85-d112-43d0-b51c-6140e4ebc540@group-59B8B6051EC0, cid=42, FAILED org.apache.ratis.protocol.NotLeaderException: Server 5133bb85-d112-43d0-b51c-6140e4ebc540 is not the leader (null). Request must be sent to leader., logIndex=0, commits[5133bb85-d112-43d0-b51c-6140e4ebc540:c-1]
2019-09-10 13:00:01,859 | INFO  | SCMAudit | user=jenkins1000 | ip=192.168.5.153 | op=SEND_HEARTBEAT {datanodeUUID=4afd2ab1-ec40-4403-b668-2a355860e883, command=[]} | ret=SUCCESS |  
2019-09-10 13:00:01,976 | INFO  | SCMAudit | user=jenkins1000 | ip=192.168.5.153 | op=SEND_HEARTBEAT {datanodeUUID=5133bb85-d112-43d0-b51c-6140e4ebc540, command=[]} | ret=SUCCESS |  
2019-09-10 13:00:02,069 | INFO  | SCMAudit | user=jenkins1000 | ip=192.168.5.153 | op=SEND_HEARTBEAT {datanodeUUID=98692575-908f-4c6f-b3d7-fc3119b7636a, command=[]} | ret=SUCCESS |  
2019-09-10 13:00:02,268 | INFO  | SCMAudit | user=jenkins1000 | ip=192.168.5.153 | op=SEND_HEARTBEAT {datanodeUUID=80892ce7-83f5-4ca2-be8c-d0fb582c0dda, command=[]} | ret=SUCCESS |  
2019-09-10 13:00:02,283 | INFO  | SCMAudit | user=jenkins1000 | ip=192.168.5.153 | op=SEND_HEARTBEAT {datanodeUUID=b87234b6-97b4-403b-b761-d13c1d3498ce, command=[]} | ret=SUCCESS |  
2019-09-10 13:00:02,459 | INFO  | SCMAudit | user=jenkins1000 | ip=192.168.5.153 | op=SEND_HEARTBEAT {datanodeUUID=51f7194d-0b6e-44ce-bfd4-93c34be99c19, command=[]} | ret=SUCCESS |  
2019-09-10 13:00:02,498 | INFO  | SCMAudit | user=jenkins1000 | ip=192.168.5.153 | op=SEND_HEARTBEAT {datanodeUUID=677e3d93-3467-4860-9bf6-0d2ba46507f3, command=[]} | ret=SUCCESS |  
2019-09-10 13:00:02,831 [grpc-default-executor-2] INFO  client.GrpcClientProtocolClient (GrpcClientProtocolClient.java:onNext(255)) - client-0E507F848997->80892ce7-83f5-4ca2-be8c-d0fb582c0dda: receive RaftClientReply:client-0E507F848997->80892ce7-83f5-4ca2-be8c-d0fb582c0dda@group-59B8B6051EC0, cid=42, FAILED org.apache.ratis.protocol.NotLeaderException: Server 80892ce7-83f5-4ca2-be8c-d0fb582c0dda is not the leader (null). Request must be sent to leader., logIndex=0, commits[80892ce7-83f5-4ca2-be8c-d0fb582c0dda:c-1]
2019-09-10 13:00:02,859 | INFO  | SCMAudit | user=jenkins1000 | ip=192.168.5.153 | op=SEND_HEARTBEAT {datanodeUUID=4afd2ab1-ec40-4403-b668-2a355860e883, command=[]} | ret=SUCCESS |  
2019-09-10 13:00:02,976 | INFO  | SCMAudit | user=jenkins1000 | ip=192.168.5.153 | op=SEND_HEARTBEAT {datanodeUUID=5133bb85-d112-43d0-b51c-6140e4ebc540, command=[]} | ret=SUCCESS |  
2019-09-10 13:00:03,069 | INFO  | SCMAudit | user=jenkins1000 | ip=192.168.5.153 | op=SEND_HEARTBEAT {datanodeUUID=98692575-908f-4c6f-b3d7-fc3119b7636a, command=[]} | ret=SUCCESS |  
2019-09-10 13:00:03,268 | INFO  | SCMAudit | user=jenkins1000 | ip=192.168.5.153 | op=SEND_HEARTBEAT {datanodeUUID=80892ce7-83f5-4ca2-be8c-d0fb582c0dda, command=[]} | ret=SUCCESS |  
2019-09-10 13:00:03,284 | INFO  | SCMAudit | user=jenkins1000 | ip=192.168.5.153 | op=SEND_HEARTBEAT {datanodeUUID=b87234b6-97b4-403b-b761-d13c1d3498ce, command=[]} | ret=SUCCESS |  
2019-09-10 13:00:03,459 | INFO  | SCMAudit | user=jenkins1000 | ip=192.168.5.153 | op=SEND_HEARTBEAT {datanodeUUID=51f7194d-0b6e-44ce-bfd4-93c34be99c19, command=[]} | ret=SUCCESS |  
2019-09-10 13:00:03,498 | INFO  | SCMAudit | user=jenkins1000 | ip=192.168.5.153 | op=SEND_HEARTBEAT {datanodeUUID=677e3d93-3467-4860-9bf6-0d2ba46507f3, command=[]} | ret=SUCCESS |  
2019-09-10 13:00:03,587 [Thread-864] INFO  impl.FollowerState (FollowerState.java:run(106)) - 677e3d93-3467-4860-9bf6-0d2ba46507f3:group-59B8B6051EC0 changes to CANDIDATE, lastRpcTime:5126, electionTimeout:5126ms
2019-09-10 13:00:03,587 [Thread-864] INFO  impl.RoleInfo (RoleInfo.java:shutdownFollowerState(121)) - 677e3d93-3467-4860-9bf6-0d2ba46507f3: shutdown FollowerState
2019-09-10 13:00:03,587 [Thread-864] INFO  impl.RaftServerImpl (RaftServerImpl.java:setRole(171)) - 677e3d93-3467-4860-9bf6-0d2ba46507f3:group-59B8B6051EC0 changes role from FOLLOWER to CANDIDATE at term 1 for changeToCandidate
2019-09-10 13:00:03,587 [Thread-864] INFO  impl.RoleInfo (RoleInfo.java:updateAndGet(143)) - 677e3d93-3467-4860-9bf6-0d2ba46507f3: start LeaderElection
2019-09-10 13:00:03,606 [677e3d93-3467-4860-9bf6-0d2ba46507f3:group-59B8B6051EC0:LeaderElection32] INFO  impl.LeaderElection (LeaderElection.java:askForVotes(181)) - 677e3d93-3467-4860-9bf6-0d2ba46507f3:group-59B8B6051EC0:LeaderElection32: begin an election at term 2 for -1: [80892ce7-83f5-4ca2-be8c-d0fb582c0dda:192.168.5.153:45229, 677e3d93-3467-4860-9bf6-0d2ba46507f3:192.168.5.153:41781, 5133bb85-d112-43d0-b51c-6140e4ebc540:192.168.5.153:45692], old=null
2019-09-10 13:00:03,609 [Thread-865] INFO  impl.FollowerState (FollowerState.java:run(106)) - 80892ce7-83f5-4ca2-be8c-d0fb582c0dda:group-59B8B6051EC0 changes to CANDIDATE, lastRpcTime:5148, electionTimeout:5148ms
2019-09-10 13:00:03,610 [Thread-865] INFO  impl.RoleInfo (RoleInfo.java:shutdownFollowerState(121)) - 80892ce7-83f5-4ca2-be8c-d0fb582c0dda: shutdown FollowerState
2019-09-10 13:00:03,610 [Thread-865] INFO  impl.RaftServerImpl (RaftServerImpl.java:setRole(171)) - 80892ce7-83f5-4ca2-be8c-d0fb582c0dda:group-59B8B6051EC0 changes role from FOLLOWER to CANDIDATE at term 1 for changeToCandidate
2019-09-10 13:00:03,610 [Thread-865] INFO  impl.RoleInfo (RoleInfo.java:updateAndGet(143)) - 80892ce7-83f5-4ca2-be8c-d0fb582c0dda: start LeaderElection
2019-09-10 13:00:03,614 [grpc-default-executor-2] INFO  impl.RaftServerImpl (RaftServerImpl.java:setRole(171)) - 5133bb85-d112-43d0-b51c-6140e4ebc540:group-59B8B6051EC0 changes role from FOLLOWER to FOLLOWER at term 2 for recognizeCandidate:677e3d93-3467-4860-9bf6-0d2ba46507f3
2019-09-10 13:00:03,614 [grpc-default-executor-2] INFO  impl.RoleInfo (RoleInfo.java:shutdownFollowerState(121)) - 5133bb85-d112-43d0-b51c-6140e4ebc540: shutdown FollowerState
2019-09-10 13:00:03,614 [grpc-default-executor-2] INFO  impl.RoleInfo (RoleInfo.java:updateAndGet(143)) - 5133bb85-d112-43d0-b51c-6140e4ebc540: start FollowerState
2019-09-10 13:00:03,614 [Thread-863] INFO  impl.FollowerState (FollowerState.java:run(114)) - 5133bb85-d112-43d0-b51c-6140e4ebc540: FollowerState was interrupted: java.lang.InterruptedException: sleep interrupted
2019-09-10 13:00:03,638 [80892ce7-83f5-4ca2-be8c-d0fb582c0dda:group-59B8B6051EC0:LeaderElection33] INFO  impl.LeaderElection (LeaderElection.java:askForVotes(181)) - 80892ce7-83f5-4ca2-be8c-d0fb582c0dda:group-59B8B6051EC0:LeaderElection33: begin an election at term 2 for -1: [80892ce7-83f5-4ca2-be8c-d0fb582c0dda:192.168.5.153:45229, 677e3d93-3467-4860-9bf6-0d2ba46507f3:192.168.5.153:41781, 5133bb85-d112-43d0-b51c-6140e4ebc540:192.168.5.153:45692], old=null
2019-09-10 13:00:03,639 [677e3d93-3467-4860-9bf6-0d2ba46507f3:group-59B8B6051EC0:LeaderElection32] INFO  impl.LeaderElection (LeaderElection.java:logAndReturn(56)) - 677e3d93-3467-4860-9bf6-0d2ba46507f3:group-59B8B6051EC0:LeaderElection32: Election PASSED; received 2 response(s) [677e3d93-3467-4860-9bf6-0d2ba46507f3<-80892ce7-83f5-4ca2-be8c-d0fb582c0dda#0:FAIL-t2, 677e3d93-3467-4860-9bf6-0d2ba46507f3<-5133bb85-d112-43d0-b51c-6140e4ebc540#0:OK-t2] and 0 exception(s); 677e3d93-3467-4860-9bf6-0d2ba46507f3:t2, leader=null, voted=677e3d93-3467-4860-9bf6-0d2ba46507f3, raftlog=677e3d93-3467-4860-9bf6-0d2ba46507f3-SegmentedRaftLog:OPENED:c-1,f-1,i0, conf=-1: [80892ce7-83f5-4ca2-be8c-d0fb582c0dda:192.168.5.153:45229, 677e3d93-3467-4860-9bf6-0d2ba46507f3:192.168.5.153:41781, 5133bb85-d112-43d0-b51c-6140e4ebc540:192.168.5.153:45692], old=null
2019-09-10 13:00:03,639 [677e3d93-3467-4860-9bf6-0d2ba46507f3:group-59B8B6051EC0:LeaderElection32] INFO  impl.RoleInfo (RoleInfo.java:shutdownLeaderElection(134)) - 677e3d93-3467-4860-9bf6-0d2ba46507f3: shutdown LeaderElection
2019-09-10 13:00:03,640 [677e3d93-3467-4860-9bf6-0d2ba46507f3:group-59B8B6051EC0:LeaderElection32] INFO  impl.RaftServerImpl (RaftServerImpl.java:setRole(171)) - 677e3d93-3467-4860-9bf6-0d2ba46507f3:group-59B8B6051EC0 changes role from CANDIDATE to LEADER at term 2 for changeToLeader
2019-09-10 13:00:03,640 [677e3d93-3467-4860-9bf6-0d2ba46507f3:group-59B8B6051EC0:LeaderElection32] INFO  impl.RaftServerImpl (ServerState.java:setLeader(263)) - 677e3d93-3467-4860-9bf6-0d2ba46507f3:group-59B8B6051EC0 change Leader from null to 677e3d93-3467-4860-9bf6-0d2ba46507f3 at term 2 for becomeLeader, leader elected after 10295ms
2019-09-10 13:00:03,640 [677e3d93-3467-4860-9bf6-0d2ba46507f3:group-59B8B6051EC0:LeaderElection32] INFO  server.RaftServerConfigKeys (ConfUtils.java:logGet(43)) - raft.server.staging.catchup.gap = 1000 (default)
2019-09-10 13:00:03,640 [677e3d93-3467-4860-9bf6-0d2ba46507f3:group-59B8B6051EC0:LeaderElection32] INFO  server.RaftServerConfigKeys (ConfUtils.java:logGet(43)) - raft.server.rpc.sleep.time = 25ms (default)
2019-09-10 13:00:03,641 [677e3d93-3467-4860-9bf6-0d2ba46507f3:group-59B8B6051EC0:LeaderElection32] INFO  server.RaftServerConfigKeys (ConfUtils.java:logGet(43)) - raft.server.write.element-limit = 4096 (default)
2019-09-10 13:00:03,641 [677e3d93-3467-4860-9bf6-0d2ba46507f3:group-59B8B6051EC0:LeaderElection32] INFO  server.RaftServerConfigKeys (ConfUtils.java:logGet(43)) - raft.server.watch.timeout = 10s (default)
2019-09-10 13:00:03,641 [677e3d93-3467-4860-9bf6-0d2ba46507f3:group-59B8B6051EC0:LeaderElection32] INFO  server.RaftServerConfigKeys (ConfUtils.java:logGet(43)) - raft.server.watch.timeout.denomination = 1s (default)
2019-09-10 13:00:03,641 [677e3d93-3467-4860-9bf6-0d2ba46507f3:group-59B8B6051EC0:LeaderElection32] INFO  server.RaftServerConfigKeys (ConfUtils.java:logGet(43)) - raft.server.watch.element-limit = 65536 (default)
2019-09-10 13:00:03,641 [677e3d93-3467-4860-9bf6-0d2ba46507f3:group-59B8B6051EC0:LeaderElection32] INFO  server.RaftServerConfigKeys (ConfUtils.java:logGet(43)) - raft.server.log.appender.snapshot.chunk.size.max = 16MB (=16777216) (default)
2019-09-10 13:00:03,642 [677e3d93-3467-4860-9bf6-0d2ba46507f3:group-59B8B6051EC0:LeaderElection32] INFO  server.RaftServerConfigKeys (ConfUtils.java:logGet(43)) - raft.server.log.appender.buffer.byte-limit = 33554432 (custom)
2019-09-10 13:00:03,642 [677e3d93-3467-4860-9bf6-0d2ba46507f3:group-59B8B6051EC0:LeaderElection32] INFO  server.RaftServerConfigKeys (ConfUtils.java:logGet(43)) - raft.server.log.appender.buffer.element-limit = 1 (custom)
2019-09-10 13:00:03,642 [677e3d93-3467-4860-9bf6-0d2ba46507f3:group-59B8B6051EC0:LeaderElection32] INFO  grpc.GrpcConfigKeys$Server (ConfUtils.java:logGet(43)) - raft.grpc.server.leader.outstanding.appends.max = 128 (default)
2019-09-10 13:00:03,642 [677e3d93-3467-4860-9bf6-0d2ba46507f3:group-59B8B6051EC0:LeaderElection32] INFO  server.RaftServerConfigKeys (ConfUtils.java:logGet(43)) - raft.server.rpc.request.timeout = 3000ms (default)
2019-09-10 13:00:03,643 [677e3d93-3467-4860-9bf6-0d2ba46507f3:group-59B8B6051EC0:LeaderElection32] INFO  server.RaftServerConfigKeys (ConfUtils.java:logGet(43)) - raft.server.log.appender.install.snapshot.enabled = false (custom)
2019-09-10 13:00:03,643 [677e3d93-3467-4860-9bf6-0d2ba46507f3:group-59B8B6051EC0:LeaderElection32] INFO  server.RaftServerConfigKeys (ConfUtils.java:logGet(43)) - raft.server.log.appender.snapshot.chunk.size.max = 16MB (=16777216) (default)
2019-09-10 13:00:03,643 [677e3d93-3467-4860-9bf6-0d2ba46507f3:group-59B8B6051EC0:LeaderElection32] INFO  server.RaftServerConfigKeys (ConfUtils.java:logGet(43)) - raft.server.log.appender.buffer.byte-limit = 33554432 (custom)
2019-09-10 13:00:03,643 [677e3d93-3467-4860-9bf6-0d2ba46507f3:group-59B8B6051EC0:LeaderElection32] INFO  server.RaftServerConfigKeys (ConfUtils.java:logGet(43)) - raft.server.log.appender.buffer.element-limit = 1 (custom)
2019-09-10 13:00:03,644 [677e3d93-3467-4860-9bf6-0d2ba46507f3:group-59B8B6051EC0:LeaderElection32] INFO  grpc.GrpcConfigKeys$Server (ConfUtils.java:logGet(43)) - raft.grpc.server.leader.outstanding.appends.max = 128 (default)
2019-09-10 13:00:03,644 [677e3d93-3467-4860-9bf6-0d2ba46507f3:group-59B8B6051EC0:LeaderElection32] INFO  server.RaftServerConfigKeys (ConfUtils.java:logGet(43)) - raft.server.rpc.request.timeout = 3000ms (default)
2019-09-10 13:00:03,644 [677e3d93-3467-4860-9bf6-0d2ba46507f3:group-59B8B6051EC0:LeaderElection32] INFO  server.RaftServerConfigKeys (ConfUtils.java:logGet(43)) - raft.server.log.appender.install.snapshot.enabled = false (custom)
2019-09-10 13:00:03,644 [677e3d93-3467-4860-9bf6-0d2ba46507f3:group-59B8B6051EC0:LeaderElection32] INFO  impl.RoleInfo (RoleInfo.java:updateAndGet(143)) - 677e3d93-3467-4860-9bf6-0d2ba46507f3: start LeaderState
2019-09-10 13:00:03,644 [677e3d93-3467-4860-9bf6-0d2ba46507f3:group-59B8B6051EC0:LeaderElection32] INFO  segmented.SegmentedRaftLogWorker (SegmentedRaftLogWorker.java:startLogSegment(380)) - 677e3d93-3467-4860-9bf6-0d2ba46507f3-SegmentedRaftLogWorker:Storage Directory /workdir/hadoop-ozone/integration-test/target/test-dir/MiniOzoneClusterImpl-74450ed2-7f0c-43e6-83a9-4ec0eb8ed3d0/datanode-3/data/ratis/a6481122-4911-464c-a6bc-59b8b6051ec0: Starting segment from index:0
2019-09-10 13:00:03,645 [677e3d93-3467-4860-9bf6-0d2ba46507f3:group-59B8B6051EC0:LeaderElection32] INFO  impl.RaftServerImpl (ServerState.java:setRaftConf(361)) - 677e3d93-3467-4860-9bf6-0d2ba46507f3:group-59B8B6051EC0 set configuration 0: [80892ce7-83f5-4ca2-be8c-d0fb582c0dda:192.168.5.153:45229, 677e3d93-3467-4860-9bf6-0d2ba46507f3:192.168.5.153:41781, 5133bb85-d112-43d0-b51c-6140e4ebc540:192.168.5.153:45692], old=null at 0
2019-09-10 13:00:03,646 [grpc-default-executor-0] INFO  impl.RaftServerImpl (RaftServerImpl.java:requestVote(754)) - 677e3d93-3467-4860-9bf6-0d2ba46507f3-LEADER: Withhold vote from candidate 80892ce7-83f5-4ca2-be8c-d0fb582c0dda with term 2. State: leader=677e3d93-3467-4860-9bf6-0d2ba46507f3, term=2, lastRpcElapsed=null
2019-09-10 13:00:03,687 [grpc-default-executor-1] INFO  impl.RaftServerImpl (ServerState.java:setLeader(263)) - 5133bb85-d112-43d0-b51c-6140e4ebc540:group-59B8B6051EC0 change Leader from null to 677e3d93-3467-4860-9bf6-0d2ba46507f3 at term 2 for appendEntries, leader elected after 10343ms
2019-09-10 13:00:03,687 [grpc-default-executor-0] INFO  impl.RaftServerImpl (RaftServerImpl.java:setRole(171)) - 80892ce7-83f5-4ca2-be8c-d0fb582c0dda:group-59B8B6051EC0 changes role from CANDIDATE to FOLLOWER at term 2 for appendEntries
2019-09-10 13:00:03,688 [grpc-default-executor-0] INFO  impl.RoleInfo (RoleInfo.java:shutdownLeaderElection(134)) - 80892ce7-83f5-4ca2-be8c-d0fb582c0dda: shutdown LeaderElection
2019-09-10 13:00:03,687 [80892ce7-83f5-4ca2-be8c-d0fb582c0dda:group-59B8B6051EC0:LeaderElection33] INFO  impl.LeaderElection (LeaderElection.java:logAndReturn(56)) - 80892ce7-83f5-4ca2-be8c-d0fb582c0dda:group-59B8B6051EC0:LeaderElection33: Election REJECTED; received 2 response(s) [80892ce7-83f5-4ca2-be8c-d0fb582c0dda<-677e3d93-3467-4860-9bf6-0d2ba46507f3#0:FAIL-t2, 80892ce7-83f5-4ca2-be8c-d0fb582c0dda<-5133bb85-d112-43d0-b51c-6140e4ebc540#0:FAIL-t2] and 0 exception(s); 80892ce7-83f5-4ca2-be8c-d0fb582c0dda:t2, leader=null, voted=80892ce7-83f5-4ca2-be8c-d0fb582c0dda, raftlog=80892ce7-83f5-4ca2-be8c-d0fb582c0dda-SegmentedRaftLog:OPENED:c-1,f-1,i0, conf=-1: [80892ce7-83f5-4ca2-be8c-d0fb582c0dda:192.168.5.153:45229, 677e3d93-3467-4860-9bf6-0d2ba46507f3:192.168.5.153:41781, 5133bb85-d112-43d0-b51c-6140e4ebc540:192.168.5.153:45692], old=null
2019-09-10 13:00:03,688 [grpc-default-executor-0] INFO  impl.RoleInfo (RoleInfo.java:updateAndGet(143)) - 80892ce7-83f5-4ca2-be8c-d0fb582c0dda: start FollowerState
2019-09-10 13:00:03,689 [grpc-default-executor-0] INFO  impl.RaftServerImpl (ServerState.java:setLeader(263)) - 80892ce7-83f5-4ca2-be8c-d0fb582c0dda:group-59B8B6051EC0 change Leader from null to 677e3d93-3467-4860-9bf6-0d2ba46507f3 at term 2 for appendEntries, leader elected after 10365ms
2019-09-10 13:00:03,691 [grpc-default-executor-1] INFO  impl.RaftServerImpl (ServerState.java:setRaftConf(361)) - 5133bb85-d112-43d0-b51c-6140e4ebc540:group-59B8B6051EC0 set configuration 0: [80892ce7-83f5-4ca2-be8c-d0fb582c0dda:192.168.5.153:45229, 677e3d93-3467-4860-9bf6-0d2ba46507f3:192.168.5.153:41781, 5133bb85-d112-43d0-b51c-6140e4ebc540:192.168.5.153:45692], old=null at 0
2019-09-10 13:00:03,691 [grpc-default-executor-1] INFO  segmented.SegmentedRaftLogWorker (SegmentedRaftLogWorker.java:startLogSegment(380)) - 5133bb85-d112-43d0-b51c-6140e4ebc540-SegmentedRaftLogWorker:Storage Directory /workdir/hadoop-ozone/integration-test/target/test-dir/MiniOzoneClusterImpl-74450ed2-7f0c-43e6-83a9-4ec0eb8ed3d0/datanode-4/data/ratis/a6481122-4911-464c-a6bc-59b8b6051ec0: Starting segment from index:0
2019-09-10 13:00:03,692 [grpc-default-executor-1] INFO  impl.RaftServerImpl (ServerState.java:setRaftConf(361)) - 80892ce7-83f5-4ca2-be8c-d0fb582c0dda:group-59B8B6051EC0 set configuration 0: [80892ce7-83f5-4ca2-be8c-d0fb582c0dda:192.168.5.153:45229, 677e3d93-3467-4860-9bf6-0d2ba46507f3:192.168.5.153:41781, 5133bb85-d112-43d0-b51c-6140e4ebc540:192.168.5.153:45692], old=null at 0
2019-09-10 13:00:03,692 [grpc-default-executor-1] INFO  segmented.SegmentedRaftLogWorker (SegmentedRaftLogWorker.java:startLogSegment(380)) - 80892ce7-83f5-4ca2-be8c-d0fb582c0dda-SegmentedRaftLogWorker:Storage Directory /workdir/hadoop-ozone/integration-test/target/test-dir/MiniOzoneClusterImpl-74450ed2-7f0c-43e6-83a9-4ec0eb8ed3d0/datanode-5/data/ratis/a6481122-4911-464c-a6bc-59b8b6051ec0: Starting segment from index:0
2019-09-10 13:00:03,699 [677e3d93-3467-4860-9bf6-0d2ba46507f3-SegmentedRaftLogWorker:Storage Directory /workdir/hadoop-ozone/integration-test/target/test-dir/MiniOzoneClusterImpl-74450ed2-7f0c-43e6-83a9-4ec0eb8ed3d0/datanode-3/data/ratis/a6481122-4911-464c-a6bc-59b8b6051ec0] INFO  segmented.SegmentedRaftLogWorker (SegmentedRaftLogWorker.java:execute(569)) - 677e3d93-3467-4860-9bf6-0d2ba46507f3-SegmentedRaftLogWorker:Storage Directory /workdir/hadoop-ozone/integration-test/target/test-dir/MiniOzoneClusterImpl-74450ed2-7f0c-43e6-83a9-4ec0eb8ed3d0/datanode-3/data/ratis/a6481122-4911-464c-a6bc-59b8b6051ec0: created new log segment /workdir/hadoop-ozone/integration-test/target/test-dir/MiniOzoneClusterImpl-74450ed2-7f0c-43e6-83a9-4ec0eb8ed3d0/datanode-3/data/ratis/a6481122-4911-464c-a6bc-59b8b6051ec0/current/log_inprogress_0
2019-09-10 13:00:03,750 [5133bb85-d112-43d0-b51c-6140e4ebc540-SegmentedRaftLogWorker:Storage Directory /workdir/hadoop-ozone/integration-test/target/test-dir/MiniOzoneClusterImpl-74450ed2-7f0c-43e6-83a9-4ec0eb8ed3d0/datanode-4/data/ratis/a6481122-4911-464c-a6bc-59b8b6051ec0] INFO  segmented.SegmentedRaftLogWorker (SegmentedRaftLogWorker.java:execute(569)) - 5133bb85-d112-43d0-b51c-6140e4ebc540-SegmentedRaftLogWorker:Storage Directory /workdir/hadoop-ozone/integration-test/target/test-dir/MiniOzoneClusterImpl-74450ed2-7f0c-43e6-83a9-4ec0eb8ed3d0/datanode-4/data/ratis/a6481122-4911-464c-a6bc-59b8b6051ec0: created new log segment /workdir/hadoop-ozone/integration-test/target/test-dir/MiniOzoneClusterImpl-74450ed2-7f0c-43e6-83a9-4ec0eb8ed3d0/datanode-4/data/ratis/a6481122-4911-464c-a6bc-59b8b6051ec0/current/log_inprogress_0
2019-09-10 13:00:03,750 [80892ce7-83f5-4ca2-be8c-d0fb582c0dda-SegmentedRaftLogWorker:Storage Directory /workdir/hadoop-ozone/integration-test/target/test-dir/MiniOzoneClusterImpl-74450ed2-7f0c-43e6-83a9-4ec0eb8ed3d0/datanode-5/data/ratis/a6481122-4911-464c-a6bc-59b8b6051ec0] INFO  segmented.SegmentedRaftLogWorker (SegmentedRaftLogWorker.java:execute(569)) - 80892ce7-83f5-4ca2-be8c-d0fb582c0dda-SegmentedRaftLogWorker:Storage Directory /workdir/hadoop-ozone/integration-test/target/test-dir/MiniOzoneClusterImpl-74450ed2-7f0c-43e6-83a9-4ec0eb8ed3d0/datanode-5/data/ratis/a6481122-4911-464c-a6bc-59b8b6051ec0: created new log segment /workdir/hadoop-ozone/integration-test/target/test-dir/MiniOzoneClusterImpl-74450ed2-7f0c-43e6-83a9-4ec0eb8ed3d0/datanode-5/data/ratis/a6481122-4911-464c-a6bc-59b8b6051ec0/current/log_inprogress_0
2019-09-10 13:00:03,859 | INFO  | SCMAudit | user=jenkins1000 | ip=192.168.5.153 | op=SEND_HEARTBEAT {datanodeUUID=4afd2ab1-ec40-4403-b668-2a355860e883, command=[]} | ret=SUCCESS |  
2019-09-10 13:00:03,977 | INFO  | SCMAudit | user=jenkins1000 | ip=192.168.5.153 | op=SEND_HEARTBEAT {datanodeUUID=5133bb85-d112-43d0-b51c-6140e4ebc540, command=[]} | ret=SUCCESS |  
2019-09-10 13:00:04,034 | INFO  | DNAudit | user=null | ip=null | op=CREATE_CONTAINER {containerID=1, containerType=KeyValueContainer} | ret=SUCCESS |  
2019-09-10 13:00:04,034 | INFO  | DNAudit | user=null | ip=null | op=CREATE_CONTAINER {containerID=1, containerType=KeyValueContainer} | ret=SUCCESS |  
2019-09-10 13:00:04,034 | INFO  | DNAudit | user=null | ip=null | op=CREATE_CONTAINER {containerID=1, containerType=KeyValueContainer} | ret=SUCCESS |  
2019-09-10 13:00:04,052 | INFO  | SCMAudit | user=jenkins1000 | ip=192.168.5.153 | op=SEND_HEARTBEAT {datanodeUUID=5133bb85-d112-43d0-b51c-6140e4ebc540, command=[]} | ret=SUCCESS |  
2019-09-10 13:00:04,052 | INFO  | SCMAudit | user=jenkins1000 | ip=192.168.5.153 | op=SEND_HEARTBEAT {datanodeUUID=80892ce7-83f5-4ca2-be8c-d0fb582c0dda, command=[]} | ret=SUCCESS |  
2019-09-10 13:00:04,052 | INFO  | SCMAudit | user=jenkins1000 | ip=192.168.5.153 | op=SEND_HEARTBEAT {datanodeUUID=677e3d93-3467-4860-9bf6-0d2ba46507f3, command=[]} | ret=SUCCESS |  
2019-09-10 13:00:04,054 [grpc-default-executor-1] INFO  client.GrpcClientProtocolClient (GrpcClientProtocolClient.java:onNext(255)) - client-0E507F848997->677e3d93-3467-4860-9bf6-0d2ba46507f3: receive RaftClientReply:client-0E507F848997->677e3d93-3467-4860-9bf6-0d2ba46507f3@group-59B8B6051EC0, cid=42, SUCCESS, logIndex=1, commits[677e3d93-3467-4860-9bf6-0d2ba46507f3:c2, 80892ce7-83f5-4ca2-be8c-d0fb582c0dda:c1, 5133bb85-d112-43d0-b51c-6140e4ebc540:c1]
2019-09-10 13:00:04,070 | INFO  | SCMAudit | user=jenkins1000 | ip=192.168.5.153 | op=SEND_HEARTBEAT {datanodeUUID=98692575-908f-4c6f-b3d7-fc3119b7636a, command=[]} | ret=SUCCESS |  
2019-09-10 13:00:04,265 | INFO  | DNAudit | user=null | ip=null | op=CREATE_CONTAINER {containerID=2, containerType=KeyValueContainer} | ret=SUCCESS |  
2019-09-10 13:00:04,265 | INFO  | DNAudit | user=null | ip=null | op=CREATE_CONTAINER {containerID=2, containerType=KeyValueContainer} | ret=SUCCESS |  
2019-09-10 13:00:04,273 | INFO  | SCMAudit | user=jenkins1000 | ip=192.168.5.153 | op=SEND_HEARTBEAT {datanodeUUID=80892ce7-83f5-4ca2-be8c-d0fb582c0dda, command=[]} | ret=SUCCESS |  
2019-09-10 13:00:04,273 | INFO  | SCMAudit | user=jenkins1000 | ip=192.168.5.153 | op=SEND_HEARTBEAT {datanodeUUID=677e3d93-3467-4860-9bf6-0d2ba46507f3, command=[]} | ret=SUCCESS |  
2019-09-10 13:00:04,274 [grpc-default-executor-1] INFO  client.GrpcClientProtocolClient (GrpcClientProtocolClient.java:onNext(255)) - client-1AEBD7C46593->677e3d93-3467-4860-9bf6-0d2ba46507f3: receive RaftClientReply:client-1AEBD7C46593->677e3d93-3467-4860-9bf6-0d2ba46507f3@group-59B8B6051EC0, cid=43, SUCCESS, logIndex=3, commits[677e3d93-3467-4860-9bf6-0d2ba46507f3:c4, 80892ce7-83f5-4ca2-be8c-d0fb582c0dda:c3, 5133bb85-d112-43d0-b51c-6140e4ebc540:c3]
2019-09-10 13:00:04,283 | INFO  | SCMAudit | user=jenkins1000 | ip=192.168.5.153 | op=SEND_HEARTBEAT {datanodeUUID=b87234b6-97b4-403b-b761-d13c1d3498ce, command=[]} | ret=SUCCESS |  
2019-09-10 13:00:04,293 | INFO  | DNAudit | user=null | ip=null | op=CREATE_CONTAINER {containerID=2, containerType=KeyValueContainer} | ret=SUCCESS |  
2019-09-10 13:00:04,298 | INFO  | SCMAudit | user=jenkins1000 | ip=192.168.5.153 | op=SEND_HEARTBEAT {datanodeUUID=5133bb85-d112-43d0-b51c-6140e4ebc540, command=[]} | ret=SUCCESS |  
2019-09-10 13:00:04,460 | INFO  | SCMAudit | user=jenkins1000 | ip=192.168.5.153 | op=SEND_HEARTBEAT {datanodeUUID=51f7194d-0b6e-44ce-bfd4-93c34be99c19, command=[]} | ret=SUCCESS |  
2019-09-10 13:00:04,579 | INFO  | DNAudit | user=null | ip=null | op=CREATE_CONTAINER {containerID=3, containerType=KeyValueContainer} | ret=SUCCESS |  
2019-09-10 13:00:04,579 | INFO  | DNAudit | user=null | ip=null | op=CREATE_CONTAINER {containerID=3, containerType=KeyValueContainer} | ret=SUCCESS |  
2019-09-10 13:00:04,579 | INFO  | DNAudit | user=null | ip=null | op=CREATE_CONTAINER {containerID=3, containerType=KeyValueContainer} | ret=SUCCESS |  
2019-09-10 13:00:04,585 | INFO  | SCMAudit | user=jenkins1000 | ip=192.168.5.153 | op=SEND_HEARTBEAT {datanodeUUID=80892ce7-83f5-4ca2-be8c-d0fb582c0dda, command=[]} | ret=SUCCESS |  
2019-09-10 13:00:04,585 | INFO  | SCMAudit | user=jenkins1000 | ip=192.168.5.153 | op=SEND_HEARTBEAT {datanodeUUID=677e3d93-3467-4860-9bf6-0d2ba46507f3, command=[]} | ret=SUCCESS |  
2019-09-10 13:00:04,585 | INFO  | SCMAudit | user=jenkins1000 | ip=192.168.5.153 | op=SEND_HEARTBEAT {datanodeUUID=5133bb85-d112-43d0-b51c-6140e4ebc540, command=[]} | ret=SUCCESS |  
2019-09-10 13:00:04,586 [grpc-default-executor-1] INFO  client.GrpcClientProtocolClient (GrpcClientProtocolClient.java:onNext(255)) - client-1AEBD7C46593->677e3d93-3467-4860-9bf6-0d2ba46507f3: receive RaftClientReply:client-1AEBD7C46593->677e3d93-3467-4860-9bf6-0d2ba46507f3@group-59B8B6051EC0, cid=44, SUCCESS, logIndex=5, commits[677e3d93-3467-4860-9bf6-0d2ba46507f3:c6, 80892ce7-83f5-4ca2-be8c-d0fb582c0dda:c5, 5133bb85-d112-43d0-b51c-6140e4ebc540:c5]
2019-09-10 13:00:04,859 | INFO  | SCMAudit | user=jenkins1000 | ip=192.168.5.153 | op=SEND_HEARTBEAT {datanodeUUID=4afd2ab1-ec40-4403-b668-2a355860e883, command=[]} | ret=SUCCESS |  
2019-09-10 13:00:05,070 | INFO  | SCMAudit | user=jenkins1000 | ip=192.168.5.153 | op=SEND_HEARTBEAT {datanodeUUID=98692575-908f-4c6f-b3d7-fc3119b7636a, command=[]} | ret=SUCCESS |  
2019-09-10 13:00:05,283 | INFO  | SCMAudit | user=jenkins1000 | ip=192.168.5.153 | op=SEND_HEARTBEAT {datanodeUUID=b87234b6-97b4-403b-b761-d13c1d3498ce, command=[]} | ret=SUCCESS |  
2019-09-10 13:00:05,460 | INFO  | SCMAudit | user=jenkins1000 | ip=192.168.5.153 | op=SEND_HEARTBEAT {datanodeUUID=51f7194d-0b6e-44ce-bfd4-93c34be99c19, command=[]} | ret=SUCCESS |  
2019-09-10 13:00:05,580 | INFO  | SCMAudit | user=jenkins1000 | ip=192.168.5.153 | op=SEND_HEARTBEAT {datanodeUUID=677e3d93-3467-4860-9bf6-0d2ba46507f3, command=[]} | ret=SUCCESS |  
2019-09-10 13:00:05,580 | INFO  | SCMAudit | user=jenkins1000 | ip=192.168.5.153 | op=SEND_HEARTBEAT {datanodeUUID=5133bb85-d112-43d0-b51c-6140e4ebc540, command=[]} | ret=SUCCESS |  
2019-09-10 13:00:05,580 | INFO  | SCMAudit | user=jenkins1000 | ip=192.168.5.153 | op=SEND_HEARTBEAT {datanodeUUID=80892ce7-83f5-4ca2-be8c-d0fb582c0dda, command=[]} | ret=SUCCESS |  
2019-09-10 13:00:05,858 | INFO  | SCMAudit | user=jenkins1000 | ip=192.168.5.153 | op=SEND_HEARTBEAT {datanodeUUID=4afd2ab1-ec40-4403-b668-2a355860e883, command=[]} | ret=SUCCESS |  
2019-09-10 13:00:06,069 | INFO  | SCMAudit | user=jenkins1000 | ip=192.168.5.153 | op=SEND_HEARTBEAT {datanodeUUID=98692575-908f-4c6f-b3d7-fc3119b7636a, command=[]} | ret=SUCCESS |  
2019-09-10 13:00:06,283 | INFO  | SCMAudit | user=jenkins1000 | ip=192.168.5.153 | op=SEND_HEARTBEAT {datanodeUUID=b87234b6-97b4-403b-b761-d13c1d3498ce, command=[]} | ret=SUCCESS |  
2019-09-10 13:00:06,460 | INFO  | SCMAudit | user=jenkins1000 | ip=192.168.5.153 | op=SEND_HEARTBEAT {datanodeUUID=51f7194d-0b6e-44ce-bfd4-93c34be99c19, command=[]} | ret=SUCCESS |  
2019-09-10 13:00:06,580 | INFO  | SCMAudit | user=jenkins1000 | ip=192.168.5.153 | op=SEND_HEARTBEAT {datanodeUUID=5133bb85-d112-43d0-b51c-6140e4ebc540, command=[]} | ret=SUCCESS |  
2019-09-10 13:00:06,580 | INFO  | SCMAudit | user=jenkins1000 | ip=192.168.5.153 | op=SEND_HEARTBEAT {datanodeUUID=80892ce7-83f5-4ca2-be8c-d0fb582c0dda, command=[]} | ret=SUCCESS |  
2019-09-10 13:00:06,581 | INFO  | SCMAudit | user=jenkins1000 | ip=192.168.5.153 | op=SEND_HEARTBEAT {datanodeUUID=677e3d93-3467-4860-9bf6-0d2ba46507f3, command=[]} | ret=SUCCESS |  
2019-09-10 13:00:06,859 | INFO  | SCMAudit | user=jenkins1000 | ip=192.168.5.153 | op=SEND_HEARTBEAT {datanodeUUID=4afd2ab1-ec40-4403-b668-2a355860e883, command=[]} | ret=SUCCESS |  
2019-09-10 13:00:07,069 | INFO  | SCMAudit | user=jenkins1000 | ip=192.168.5.153 | op=SEND_HEARTBEAT {datanodeUUID=98692575-908f-4c6f-b3d7-fc3119b7636a, command=[]} | ret=SUCCESS |  
2019-09-10 13:00:07,284 | INFO  | SCMAudit | user=jenkins1000 | ip=192.168.5.153 | op=SEND_HEARTBEAT {datanodeUUID=b87234b6-97b4-403b-b761-d13c1d3498ce, command=[]} | ret=SUCCESS |  
2019-09-10 13:00:07,459 | INFO  | SCMAudit | user=jenkins1000 | ip=192.168.5.153 | op=SEND_HEARTBEAT {datanodeUUID=51f7194d-0b6e-44ce-bfd4-93c34be99c19, command=[]} | ret=SUCCESS |  
2019-09-10 13:00:07,580 | INFO  | SCMAudit | user=jenkins1000 | ip=192.168.5.153 | op=SEND_HEARTBEAT {datanodeUUID=80892ce7-83f5-4ca2-be8c-d0fb582c0dda, command=[]} | ret=SUCCESS |  
2019-09-10 13:00:07,581 | INFO  | SCMAudit | user=jenkins1000 | ip=192.168.5.153 | op=SEND_HEARTBEAT {datanodeUUID=5133bb85-d112-43d0-b51c-6140e4ebc540, command=[]} | ret=SUCCESS |  
2019-09-10 13:00:07,581 | INFO  | SCMAudit | user=jenkins1000 | ip=192.168.5.153 | op=SEND_HEARTBEAT {datanodeUUID=677e3d93-3467-4860-9bf6-0d2ba46507f3, command=[]} | ret=SUCCESS |  
2019-09-10 13:00:07,859 | INFO  | SCMAudit | user=jenkins1000 | ip=192.168.5.153 | op=SEND_HEARTBEAT {datanodeUUID=4afd2ab1-ec40-4403-b668-2a355860e883, command=[]} | ret=SUCCESS |  
2019-09-10 13:00:08,069 | INFO  | SCMAudit | user=jenkins1000 | ip=192.168.5.153 | op=SEND_HEARTBEAT {datanodeUUID=98692575-908f-4c6f-b3d7-fc3119b7636a, command=[]} | ret=SUCCESS |  
2019-09-10 13:00:08,284 | INFO  | SCMAudit | user=jenkins1000 | ip=192.168.5.153 | op=SEND_HEARTBEAT {datanodeUUID=b87234b6-97b4-403b-b761-d13c1d3498ce, command=[]} | ret=SUCCESS |  
2019-09-10 13:00:08,459 | INFO  | SCMAudit | user=jenkins1000 | ip=192.168.5.153 | op=SEND_HEARTBEAT {datanodeUUID=51f7194d-0b6e-44ce-bfd4-93c34be99c19, command=[]} | ret=SUCCESS |  
2019-09-10 13:00:08,580 | INFO  | SCMAudit | user=jenkins1000 | ip=192.168.5.153 | op=SEND_HEARTBEAT {datanodeUUID=80892ce7-83f5-4ca2-be8c-d0fb582c0dda, command=[]} | ret=SUCCESS |  
2019-09-10 13:00:08,581 | INFO  | SCMAudit | user=jenkins1000 | ip=192.168.5.153 | op=SEND_HEARTBEAT {datanodeUUID=677e3d93-3467-4860-9bf6-0d2ba46507f3, command=[]} | ret=SUCCESS |  
2019-09-10 13:00:08,581 | INFO  | SCMAudit | user=jenkins1000 | ip=192.168.5.153 | op=SEND_HEARTBEAT {datanodeUUID=5133bb85-d112-43d0-b51c-6140e4ebc540, command=[]} | ret=SUCCESS |  
2019-09-10 13:00:08,858 | INFO  | SCMAudit | user=jenkins1000 | ip=192.168.5.153 | op=SEND_HEARTBEAT {datanodeUUID=4afd2ab1-ec40-4403-b668-2a355860e883, command=[]} | ret=SUCCESS |  
2019-09-10 13:00:09,070 | INFO  | SCMAudit | user=jenkins1000 | ip=192.168.5.153 | op=SEND_HEARTBEAT {datanodeUUID=98692575-908f-4c6f-b3d7-fc3119b7636a, command=[]} | ret=SUCCESS |  
2019-09-10 13:00:09,284 | INFO  | SCMAudit | user=jenkins1000 | ip=192.168.5.153 | op=SEND_HEARTBEAT {datanodeUUID=b87234b6-97b4-403b-b761-d13c1d3498ce, command=[]} | ret=SUCCESS |  
2019-09-10 13:00:09,459 | INFO  | SCMAudit | user=jenkins1000 | ip=192.168.5.153 | op=SEND_HEARTBEAT {datanodeUUID=51f7194d-0b6e-44ce-bfd4-93c34be99c19, command=[]} | ret=SUCCESS |  
2019-09-10 13:00:09,580 | INFO  | SCMAudit | user=jenkins1000 | ip=192.168.5.153 | op=SEND_HEARTBEAT {datanodeUUID=80892ce7-83f5-4ca2-be8c-d0fb582c0dda, command=[]} | ret=SUCCESS |  
2019-09-10 13:00:09,581 | INFO  | SCMAudit | user=jenkins1000 | ip=192.168.5.153 | op=SEND_HEARTBEAT {datanodeUUID=677e3d93-3467-4860-9bf6-0d2ba46507f3, command=[]} | ret=SUCCESS |  
2019-09-10 13:00:09,581 | INFO  | SCMAudit | user=jenkins1000 | ip=192.168.5.153 | op=SEND_HEARTBEAT {datanodeUUID=5133bb85-d112-43d0-b51c-6140e4ebc540, command=[]} | ret=SUCCESS |  
2019-09-10 13:00:09,645 [grpc-default-executor-0] INFO  client.GrpcClientProtocolClient (GrpcClientProtocolClient.java:onNext(255)) - client-1AEBD7C46593->80892ce7-83f5-4ca2-be8c-d0fb582c0dda: receive RaftClientReply:client-1AEBD7C46593->80892ce7-83f5-4ca2-be8c-d0fb582c0dda@group-59B8B6051EC0, cid=45, FAILED org.apache.ratis.protocol.NotLeaderException: Server 80892ce7-83f5-4ca2-be8c-d0fb582c0dda is not the leader (677e3d93-3467-4860-9bf6-0d2ba46507f3:192.168.5.153:41781). Request must be sent to leader., logIndex=0, commits[80892ce7-83f5-4ca2-be8c-d0fb582c0dda:c8, 677e3d93-3467-4860-9bf6-0d2ba46507f3:c8, 5133bb85-d112-43d0-b51c-6140e4ebc540:c8]
2019-09-10 13:00:09,859 | INFO  | SCMAudit | user=jenkins1000 | ip=192.168.5.153 | op=SEND_HEARTBEAT {datanodeUUID=4afd2ab1-ec40-4403-b668-2a355860e883, command=[]} | ret=SUCCESS |  
2019-09-10 13:00:10,071 | INFO  | SCMAudit | user=jenkins1000 | ip=192.168.5.153 | op=SEND_HEARTBEAT {datanodeUUID=98692575-908f-4c6f-b3d7-fc3119b7636a, command=[]} | ret=SUCCESS |  
2019-09-10 13:00:10,284 | INFO  | SCMAudit | user=jenkins1000 | ip=192.168.5.153 | op=SEND_HEARTBEAT {datanodeUUID=b87234b6-97b4-403b-b761-d13c1d3498ce, command=[]} | ret=SUCCESS |  
2019-09-10 13:00:10,459 | INFO  | SCMAudit | user=jenkins1000 | ip=192.168.5.153 | op=SEND_HEARTBEAT {datanodeUUID=51f7194d-0b6e-44ce-bfd4-93c34be99c19, command=[]} | ret=SUCCESS |  
2019-09-10 13:00:10,580 | INFO  | SCMAudit | user=jenkins1000 | ip=192.168.5.153 | op=SEND_HEARTBEAT {datanodeUUID=80892ce7-83f5-4ca2-be8c-d0fb582c0dda, command=[]} | ret=SUCCESS |  
2019-09-10 13:00:10,581 | INFO  | SCMAudit | user=jenkins1000 | ip=192.168.5.153 | op=SEND_HEARTBEAT {datanodeUUID=677e3d93-3467-4860-9bf6-0d2ba46507f3, command=[]} | ret=SUCCESS |  
2019-09-10 13:00:10,581 | INFO  | SCMAudit | user=jenkins1000 | ip=192.168.5.153 | op=SEND_HEARTBEAT {datanodeUUID=5133bb85-d112-43d0-b51c-6140e4ebc540, command=[]} | ret=SUCCESS |  
2019-09-10 13:00:10,859 | INFO  | SCMAudit | user=jenkins1000 | ip=192.168.5.153 | op=SEND_HEARTBEAT {datanodeUUID=4afd2ab1-ec40-4403-b668-2a355860e883, command=[]} | ret=SUCCESS |  
2019-09-10 13:00:11,071 | INFO  | SCMAudit | user=jenkins1000 | ip=192.168.5.153 | op=SEND_HEARTBEAT {datanodeUUID=98692575-908f-4c6f-b3d7-fc3119b7636a, command=[]} | ret=SUCCESS |  
2019-09-10 13:00:11,285 | INFO  | SCMAudit | user=jenkins1000 | ip=192.168.5.153 | op=SEND_HEARTBEAT {datanodeUUID=b87234b6-97b4-403b-b761-d13c1d3498ce, command=[]} | ret=SUCCESS |  
2019-09-10 13:00:11,459 | INFO  | SCMAudit | user=jenkins1000 | ip=192.168.5.153 | op=SEND_HEARTBEAT {datanodeUUID=51f7194d-0b6e-44ce-bfd4-93c34be99c19, command=[]} | ret=SUCCESS |  
2019-09-10 13:00:11,580 | INFO  | SCMAudit | user=jenkins1000 | ip=192.168.5.153 | op=SEND_HEARTBEAT {datanodeUUID=80892ce7-83f5-4ca2-be8c-d0fb582c0dda, command=[]} | ret=SUCCESS |  
2019-09-10 13:00:11,581 | INFO  | SCMAudit | user=jenkins1000 | ip=192.168.5.153 | op=SEND_HEARTBEAT {datanodeUUID=5133bb85-d112-43d0-b51c-6140e4ebc540, command=[]} | ret=SUCCESS |  
2019-09-10 13:00:11,582 | INFO  | SCMAudit | user=jenkins1000 | ip=192.168.5.153 | op=SEND_HEARTBEAT {datanodeUUID=677e3d93-3467-4860-9bf6-0d2ba46507f3, command=[]} | ret=SUCCESS |  
2019-09-10 13:00:11,859 | INFO  | SCMAudit | user=jenkins1000 | ip=192.168.5.153 | op=SEND_HEARTBEAT {datanodeUUID=4afd2ab1-ec40-4403-b668-2a355860e883, command=[]} | ret=SUCCESS |  
2019-09-10 13:00:12,071 | INFO  | SCMAudit | user=jenkins1000 | ip=192.168.5.153 | op=SEND_HEARTBEAT {datanodeUUID=98692575-908f-4c6f-b3d7-fc3119b7636a, command=[]} | ret=SUCCESS |  
2019-09-10 13:00:12,285 | INFO  | SCMAudit | user=jenkins1000 | ip=192.168.5.153 | op=SEND_HEARTBEAT {datanodeUUID=b87234b6-97b4-403b-b761-d13c1d3498ce, command=[]} | ret=SUCCESS |  
2019-09-10 13:00:12,460 | INFO  | SCMAudit | user=jenkins1000 | ip=192.168.5.153 | op=SEND_HEARTBEAT {datanodeUUID=51f7194d-0b6e-44ce-bfd4-93c34be99c19, command=[]} | ret=SUCCESS |  
2019-09-10 13:00:12,581 | INFO  | SCMAudit | user=jenkins1000 | ip=192.168.5.153 | op=SEND_HEARTBEAT {datanodeUUID=80892ce7-83f5-4ca2-be8c-d0fb582c0dda, command=[]} | ret=SUCCESS |  
2019-09-10 13:00:12,581 | INFO  | SCMAudit | user=jenkins1000 | ip=192.168.5.153 | op=SEND_HEARTBEAT {datanodeUUID=677e3d93-3467-4860-9bf6-0d2ba46507f3, command=[]} | ret=SUCCESS |  
2019-09-10 13:00:12,582 | INFO  | SCMAudit | user=jenkins1000 | ip=192.168.5.153 | op=SEND_HEARTBEAT {datanodeUUID=5133bb85-d112-43d0-b51c-6140e4ebc540, command=[]} | ret=SUCCESS |  
2019-09-10 13:00:12,860 | INFO  | SCMAudit | user=jenkins1000 | ip=192.168.5.153 | op=SEND_HEARTBEAT {datanodeUUID=4afd2ab1-ec40-4403-b668-2a355860e883, command=[]} | ret=SUCCESS |  
2019-09-10 13:00:13,070 | INFO  | SCMAudit | user=jenkins1000 | ip=192.168.5.153 | op=SEND_HEARTBEAT {datanodeUUID=98692575-908f-4c6f-b3d7-fc3119b7636a, command=[]} | ret=SUCCESS |  
2019-09-10 13:00:13,285 | INFO  | SCMAudit | user=jenkins1000 | ip=192.168.5.153 | op=SEND_HEARTBEAT {datanodeUUID=b87234b6-97b4-403b-b761-d13c1d3498ce, command=[]} | ret=SUCCESS |  
2019-09-10 13:00:13,460 | INFO  | SCMAudit | user=jenkins1000 | ip=192.168.5.153 | op=SEND_HEARTBEAT {datanodeUUID=51f7194d-0b6e-44ce-bfd4-93c34be99c19, command=[]} | ret=SUCCESS |  
2019-09-10 13:00:13,580 | INFO  | SCMAudit | user=jenkins1000 | ip=192.168.5.153 | op=SEND_HEARTBEAT {datanodeUUID=80892ce7-83f5-4ca2-be8c-d0fb582c0dda, command=[]} | ret=SUCCESS |  
2019-09-10 13:00:13,581 | INFO  | SCMAudit | user=jenkins1000 | ip=192.168.5.153 | op=SEND_HEARTBEAT {datanodeUUID=677e3d93-3467-4860-9bf6-0d2ba46507f3, command=[]} | ret=SUCCESS |  
2019-09-10 13:00:13,582 | INFO  | SCMAudit | user=jenkins1000 | ip=192.168.5.153 | op=SEND_HEARTBEAT {datanodeUUID=5133bb85-d112-43d0-b51c-6140e4ebc540, command=[]} | ret=SUCCESS |  
2019-09-10 13:00:13,859 | INFO  | SCMAudit | user=jenkins1000 | ip=192.168.5.153 | op=SEND_HEARTBEAT {datanodeUUID=4afd2ab1-ec40-4403-b668-2a355860e883, command=[]} | ret=SUCCESS |  
2019-09-10 13:00:14,070 | INFO  | SCMAudit | user=jenkins1000 | ip=192.168.5.153 | op=SEND_HEARTBEAT {datanodeUUID=98692575-908f-4c6f-b3d7-fc3119b7636a, command=[]} | ret=SUCCESS |  
2019-09-10 13:00:14,285 | INFO  | SCMAudit | user=jenkins1000 | ip=192.168.5.153 | op=SEND_HEARTBEAT {datanodeUUID=b87234b6-97b4-403b-b761-d13c1d3498ce, command=[]} | ret=SUCCESS |  
2019-09-10 13:00:14,460 | INFO  | SCMAudit | user=jenkins1000 | ip=192.168.5.153 | op=SEND_HEARTBEAT {datanodeUUID=51f7194d-0b6e-44ce-bfd4-93c34be99c19, command=[]} | ret=SUCCESS |  
2019-09-10 13:00:14,580 | INFO  | SCMAudit | user=jenkins1000 | ip=192.168.5.153 | op=SEND_HEARTBEAT {datanodeUUID=80892ce7-83f5-4ca2-be8c-d0fb582c0dda, command=[]} | ret=SUCCESS |  
2019-09-10 13:00:14,581 | INFO  | SCMAudit | user=jenkins1000 | ip=192.168.5.153 | op=SEND_HEARTBEAT {datanodeUUID=677e3d93-3467-4860-9bf6-0d2ba46507f3, command=[]} | ret=SUCCESS |  
2019-09-10 13:00:14,582 | INFO  | SCMAudit | user=jenkins1000 | ip=192.168.5.153 | op=SEND_HEARTBEAT {datanodeUUID=5133bb85-d112-43d0-b51c-6140e4ebc540, command=[]} | ret=SUCCESS |  
2019-09-10 13:00:14,692 [grpc-default-executor-1] INFO  client.GrpcClientProtocolClient (GrpcClientProtocolClient.java:onNext(255)) - client-1AEBD7C46593->5133bb85-d112-43d0-b51c-6140e4ebc540: receive RaftClientReply:client-1AEBD7C46593->5133bb85-d112-43d0-b51c-6140e4ebc540@group-59B8B6051EC0, cid=45, FAILED org.apache.ratis.protocol.NotLeaderException: Server 5133bb85-d112-43d0-b51c-6140e4ebc540 is not the leader (677e3d93-3467-4860-9bf6-0d2ba46507f3:192.168.5.153:41781). Request must be sent to leader., logIndex=0, commits[5133bb85-d112-43d0-b51c-6140e4ebc540:c8, 80892ce7-83f5-4ca2-be8c-d0fb582c0dda:c8, 677e3d93-3467-4860-9bf6-0d2ba46507f3:c8]
2019-09-10 13:00:14,860 | INFO  | SCMAudit | user=jenkins1000 | ip=192.168.5.153 | op=SEND_HEARTBEAT {datanodeUUID=4afd2ab1-ec40-4403-b668-2a355860e883, command=[]} | ret=SUCCESS |  
2019-09-10 13:00:15,070 | INFO  | SCMAudit | user=jenkins1000 | ip=192.168.5.153 | op=SEND_HEARTBEAT {datanodeUUID=98692575-908f-4c6f-b3d7-fc3119b7636a, command=[]} | ret=SUCCESS |  
2019-09-10 13:00:15,286 | INFO  | SCMAudit | user=jenkins1000 | ip=192.168.5.153 | op=SEND_HEARTBEAT {datanodeUUID=b87234b6-97b4-403b-b761-d13c1d3498ce, command=[]} | ret=SUCCESS |  
2019-09-10 13:00:15,459 | INFO  | SCMAudit | user=jenkins1000 | ip=192.168.5.153 | op=SEND_HEARTBEAT {datanodeUUID=51f7194d-0b6e-44ce-bfd4-93c34be99c19, command=[]} | ret=SUCCESS |  
2019-09-10 13:00:15,580 | INFO  | SCMAudit | user=jenkins1000 | ip=192.168.5.153 | op=SEND_HEARTBEAT {datanodeUUID=80892ce7-83f5-4ca2-be8c-d0fb582c0dda, command=[]} | ret=SUCCESS |  
2019-09-10 13:00:15,581 | INFO  | SCMAudit | user=jenkins1000 | ip=192.168.5.153 | op=SEND_HEARTBEAT {datanodeUUID=677e3d93-3467-4860-9bf6-0d2ba46507f3, command=[]} | ret=SUCCESS |  
2019-09-10 13:00:15,582 | INFO  | SCMAudit | user=jenkins1000 | ip=192.168.5.153 | op=SEND_HEARTBEAT {datanodeUUID=5133bb85-d112-43d0-b51c-6140e4ebc540, command=[]} | ret=SUCCESS |  
2019-09-10 13:00:15,860 | INFO  | SCMAudit | user=jenkins1000 | ip=192.168.5.153 | op=SEND_HEARTBEAT {datanodeUUID=4afd2ab1-ec40-4403-b668-2a355860e883, command=[]} | ret=SUCCESS |  
2019-09-10 13:00:16,070 | INFO  | SCMAudit | user=jenkins1000 | ip=192.168.5.153 | op=SEND_HEARTBEAT {datanodeUUID=98692575-908f-4c6f-b3d7-fc3119b7636a, command=[]} | ret=SUCCESS |  
2019-09-10 13:00:16,286 | INFO  | SCMAudit | user=jenkins1000 | ip=192.168.5.153 | op=SEND_HEARTBEAT {datanodeUUID=b87234b6-97b4-403b-b761-d13c1d3498ce, command=[]} | ret=SUCCESS |  
2019-09-10 13:00:16,459 | INFO  | SCMAudit | user=jenkins1000 | ip=192.168.5.153 | op=SEND_HEARTBEAT {datanodeUUID=51f7194d-0b6e-44ce-bfd4-93c34be99c19, command=[]} | ret=SUCCESS |  
2019-09-10 13:00:16,581 | INFO  | SCMAudit | user=jenkins1000 | ip=192.168.5.153 | op=SEND_HEARTBEAT {datanodeUUID=80892ce7-83f5-4ca2-be8c-d0fb582c0dda, command=[]} | ret=SUCCESS |  
2019-09-10 13:00:16,582 | INFO  | SCMAudit | user=jenkins1000 | ip=192.168.5.153 | op=SEND_HEARTBEAT {datanodeUUID=677e3d93-3467-4860-9bf6-0d2ba46507f3, command=[]} | ret=SUCCESS |  
2019-09-10 13:00:16,583 | INFO  | SCMAudit | user=jenkins1000 | ip=192.168.5.153 | op=SEND_HEARTBEAT {datanodeUUID=5133bb85-d112-43d0-b51c-6140e4ebc540, command=[]} | ret=SUCCESS |  
2019-09-10 13:00:16,861 | INFO  | SCMAudit | user=jenkins1000 | ip=192.168.5.153 | op=SEND_HEARTBEAT {datanodeUUID=4afd2ab1-ec40-4403-b668-2a355860e883, command=[]} | ret=SUCCESS |  
2019-09-10 13:00:17,071 | INFO  | SCMAudit | user=jenkins1000 | ip=192.168.5.153 | op=SEND_HEARTBEAT {datanodeUUID=98692575-908f-4c6f-b3d7-fc3119b7636a, command=[]} | ret=SUCCESS |  
2019-09-10 13:00:17,286 | INFO  | SCMAudit | user=jenkins1000 | ip=192.168.5.153 | op=SEND_HEARTBEAT {datanodeUUID=b87234b6-97b4-403b-b761-d13c1d3498ce, command=[]} | ret=SUCCESS |  
2019-09-10 13:00:17,459 | INFO  | SCMAudit | user=jenkins1000 | ip=192.168.5.153 | op=SEND_HEARTBEAT {datanodeUUID=51f7194d-0b6e-44ce-bfd4-93c34be99c19, command=[]} | ret=SUCCESS |  
2019-09-10 13:00:17,581 | INFO  | SCMAudit | user=jenkins1000 | ip=192.168.5.153 | op=SEND_HEARTBEAT {datanodeUUID=80892ce7-83f5-4ca2-be8c-d0fb582c0dda, command=[]} | ret=SUCCESS |  
2019-09-10 13:00:17,582 | INFO  | SCMAudit | user=jenkins1000 | ip=192.168.5.153 | op=SEND_HEARTBEAT {datanodeUUID=677e3d93-3467-4860-9bf6-0d2ba46507f3, command=[]} | ret=SUCCESS |  
2019-09-10 13:00:17,583 | INFO  | SCMAudit | user=jenkins1000 | ip=192.168.5.153 | op=SEND_HEARTBEAT {datanodeUUID=5133bb85-d112-43d0-b51c-6140e4ebc540, command=[]} | ret=SUCCESS |  
2019-09-10 13:00:17,862 | INFO  | SCMAudit | user=jenkins1000 | ip=192.168.5.153 | op=SEND_HEARTBEAT {datanodeUUID=4afd2ab1-ec40-4403-b668-2a355860e883, command=[]} | ret=SUCCESS |  
2019-09-10 13:00:18,071 | INFO  | SCMAudit | user=jenkins1000 | ip=192.168.5.153 | op=SEND_HEARTBEAT {datanodeUUID=98692575-908f-4c6f-b3d7-fc3119b7636a, command=[]} | ret=SUCCESS |  
2019-09-10 13:00:18,285 | INFO  | SCMAudit | user=jenkins1000 | ip=192.168.5.153 | op=SEND_HEARTBEAT {datanodeUUID=b87234b6-97b4-403b-b761-d13c1d3498ce, command=[]} | ret=SUCCESS |  
2019-09-10 13:00:18,460 | INFO  | SCMAudit | user=jenkins1000 | ip=192.168.5.153 | op=SEND_HEARTBEAT {datanodeUUID=51f7194d-0b6e-44ce-bfd4-93c34be99c19, command=[]} | ret=SUCCESS |  
2019-09-10 13:00:18,582 | INFO  | SCMAudit | user=jenkins1000 | ip=192.168.5.153 | op=SEND_HEARTBEAT {datanodeUUID=80892ce7-83f5-4ca2-be8c-d0fb582c0dda, command=[]} | ret=SUCCESS |  
2019-09-10 13:00:18,582 | INFO  | SCMAudit | user=jenkins1000 | ip=192.168.5.153 | op=SEND_HEARTBEAT {datanodeUUID=677e3d93-3467-4860-9bf6-0d2ba46507f3, command=[]} | ret=SUCCESS |  
2019-09-10 13:00:18,584 | INFO  | SCMAudit | user=jenkins1000 | ip=192.168.5.153 | op=SEND_HEARTBEAT {datanodeUUID=5133bb85-d112-43d0-b51c-6140e4ebc540, command=[]} | ret=SUCCESS |  
2019-09-10 13:00:18,862 | INFO  | SCMAudit | user=jenkins1000 | ip=192.168.5.153 | op=SEND_HEARTBEAT {datanodeUUID=4afd2ab1-ec40-4403-b668-2a355860e883, command=[]} | ret=SUCCESS |  
2019-09-10 13:00:19,071 | INFO  | SCMAudit | user=jenkins1000 | ip=192.168.5.153 | op=SEND_HEARTBEAT {datanodeUUID=98692575-908f-4c6f-b3d7-fc3119b7636a, command=[]} | ret=SUCCESS |  
2019-09-10 13:00:19,285 | INFO  | SCMAudit | user=jenkins1000 | ip=192.168.5.153 | op=SEND_HEARTBEAT {datanodeUUID=b87234b6-97b4-403b-b761-d13c1d3498ce, command=[]} | ret=SUCCESS |  
2019-09-10 13:00:19,460 | INFO  | SCMAudit | user=jenkins1000 | ip=192.168.5.153 | op=SEND_HEARTBEAT {datanodeUUID=51f7194d-0b6e-44ce-bfd4-93c34be99c19, command=[]} | ret=SUCCESS |  
2019-09-10 13:00:19,582 | INFO  | SCMAudit | user=jenkins1000 | ip=192.168.5.153 | op=SEND_HEARTBEAT {datanodeUUID=677e3d93-3467-4860-9bf6-0d2ba46507f3, command=[]} | ret=SUCCESS |  
2019-09-10 13:00:19,582 | INFO  | SCMAudit | user=jenkins1000 | ip=192.168.5.153 | op=SEND_HEARTBEAT {datanodeUUID=80892ce7-83f5-4ca2-be8c-d0fb582c0dda, command=[]} | ret=SUCCESS |  
2019-09-10 13:00:19,584 | INFO  | SCMAudit | user=jenkins1000 | ip=192.168.5.153 | op=SEND_HEARTBEAT {datanodeUUID=5133bb85-d112-43d0-b51c-6140e4ebc540, command=[]} | ret=SUCCESS |  
2019-09-10 13:00:19,732 [grpc-default-executor-1] INFO  client.GrpcClientProtocolClient (GrpcClientProtocolClient.java:onNext(255)) - client-1AEBD7C46593->5133bb85-d112-43d0-b51c-6140e4ebc540: receive RaftClientReply:client-1AEBD7C46593->5133bb85-d112-43d0-b51c-6140e4ebc540@group-59B8B6051EC0, cid=45, FAILED org.apache.ratis.protocol.NotLeaderException: Server 5133bb85-d112-43d0-b51c-6140e4ebc540 is not the leader (677e3d93-3467-4860-9bf6-0d2ba46507f3:192.168.5.153:41781). Request must be sent to leader., logIndex=0, commits[5133bb85-d112-43d0-b51c-6140e4ebc540:c8, 80892ce7-83f5-4ca2-be8c-d0fb582c0dda:c8, 677e3d93-3467-4860-9bf6-0d2ba46507f3:c8]
2019-09-10 13:00:19,862 | INFO  | SCMAudit | user=jenkins1000 | ip=192.168.5.153 | op=SEND_HEARTBEAT {datanodeUUID=4afd2ab1-ec40-4403-b668-2a355860e883, command=[]} | ret=SUCCESS |  
2019-09-10 13:00:20,070 | INFO  | SCMAudit | user=jenkins1000 | ip=192.168.5.153 | op=SEND_HEARTBEAT {datanodeUUID=98692575-908f-4c6f-b3d7-fc3119b7636a, command=[]} | ret=SUCCESS |  
2019-09-10 13:00:20,285 | INFO  | SCMAudit | user=jenkins1000 | ip=192.168.5.153 | op=SEND_HEARTBEAT {datanodeUUID=b87234b6-97b4-403b-b761-d13c1d3498ce, command=[]} | ret=SUCCESS |  
2019-09-10 13:00:20,460 | INFO  | SCMAudit | user=jenkins1000 | ip=192.168.5.153 | op=SEND_HEARTBEAT {datanodeUUID=51f7194d-0b6e-44ce-bfd4-93c34be99c19, command=[]} | ret=SUCCESS |  
2019-09-10 13:00:20,583 | INFO  | SCMAudit | user=jenkins1000 | ip=192.168.5.153 | op=SEND_HEARTBEAT {datanodeUUID=80892ce7-83f5-4ca2-be8c-d0fb582c0dda, command=[]} | ret=SUCCESS |  
2019-09-10 13:00:20,583 | INFO  | SCMAudit | user=jenkins1000 | ip=192.168.5.153 | op=SEND_HEARTBEAT {datanodeUUID=677e3d93-3467-4860-9bf6-0d2ba46507f3, command=[]} | ret=SUCCESS |  
2019-09-10 13:00:20,584 | INFO  | SCMAudit | user=jenkins1000 | ip=192.168.5.153 | op=SEND_HEARTBEAT {datanodeUUID=5133bb85-d112-43d0-b51c-6140e4ebc540, command=[]} | ret=SUCCESS |  
2019-09-10 13:00:20,862 | INFO  | SCMAudit | user=jenkins1000 | ip=192.168.5.153 | op=SEND_HEARTBEAT {datanodeUUID=4afd2ab1-ec40-4403-b668-2a355860e883, command=[]} | ret=SUCCESS |  
2019-09-10 13:00:21,070 | INFO  | SCMAudit | user=jenkins1000 | ip=192.168.5.153 | op=SEND_HEARTBEAT {datanodeUUID=98692575-908f-4c6f-b3d7-fc3119b7636a, command=[]} | ret=SUCCESS |  
2019-09-10 13:00:21,285 | INFO  | SCMAudit | user=jenkins1000 | ip=192.168.5.153 | op=SEND_HEARTBEAT {datanodeUUID=b87234b6-97b4-403b-b761-d13c1d3498ce, command=[]} | ret=SUCCESS |  
2019-09-10 13:00:21,459 | INFO  | SCMAudit | user=jenkins1000 | ip=192.168.5.153 | op=SEND_HEARTBEAT {datanodeUUID=51f7194d-0b6e-44ce-bfd4-93c34be99c19, command=[]} | ret=SUCCESS |  
2019-09-10 13:00:21,582 | INFO  | SCMAudit | user=jenkins1000 | ip=192.168.5.153 | op=SEND_HEARTBEAT {datanodeUUID=677e3d93-3467-4860-9bf6-0d2ba46507f3, command=[]} | ret=SUCCESS |  
2019-09-10 13:00:21,582 | INFO  | SCMAudit | user=jenkins1000 | ip=192.168.5.153 | op=SEND_HEARTBEAT {datanodeUUID=80892ce7-83f5-4ca2-be8c-d0fb582c0dda, command=[]} | ret=SUCCESS |  
2019-09-10 13:00:21,584 | INFO  | SCMAudit | user=jenkins1000 | ip=192.168.5.153 | op=SEND_HEARTBEAT {datanodeUUID=5133bb85-d112-43d0-b51c-6140e4ebc540, command=[]} | ret=SUCCESS |  
2019-09-10 13:00:21,862 | INFO  | SCMAudit | user=jenkins1000 | ip=192.168.5.153 | op=SEND_HEARTBEAT {datanodeUUID=4afd2ab1-ec40-4403-b668-2a355860e883, command=[]} | ret=SUCCESS |  
2019-09-10 13:00:22,070 | INFO  | SCMAudit | user=jenkins1000 | ip=192.168.5.153 | op=SEND_HEARTBEAT {datanodeUUID=98692575-908f-4c6f-b3d7-fc3119b7636a, command=[]} | ret=SUCCESS |  
2019-09-10 13:00:22,286 | INFO  | SCMAudit | user=jenkins1000 | ip=192.168.5.153 | op=SEND_HEARTBEAT {datanodeUUID=b87234b6-97b4-403b-b761-d13c1d3498ce, command=[]} | ret=SUCCESS |  
2019-09-10 13:00:22,459 | INFO  | SCMAudit | user=jenkins1000 | ip=192.168.5.153 | op=SEND_HEARTBEAT {datanodeUUID=51f7194d-0b6e-44ce-bfd4-93c34be99c19, command=[]} | ret=SUCCESS |  
2019-09-10 13:00:22,582 | INFO  | SCMAudit | user=jenkins1000 | ip=192.168.5.153 | op=SEND_HEARTBEAT {datanodeUUID=677e3d93-3467-4860-9bf6-0d2ba46507f3, command=[]} | ret=SUCCESS |  
2019-09-10 13:00:22,582 | INFO  | SCMAudit | user=jenkins1000 | ip=192.168.5.153 | op=SEND_HEARTBEAT {datanodeUUID=80892ce7-83f5-4ca2-be8c-d0fb582c0dda, command=[]} | ret=SUCCESS |  
2019-09-10 13:00:22,584 | INFO  | SCMAudit | user=jenkins1000 | ip=192.168.5.153 | op=SEND_HEARTBEAT {datanodeUUID=5133bb85-d112-43d0-b51c-6140e4ebc540, command=[]} | ret=SUCCESS |  
2019-09-10 13:00:22,862 | INFO  | SCMAudit | user=jenkins1000 | ip=192.168.5.153 | op=SEND_HEARTBEAT {datanodeUUID=4afd2ab1-ec40-4403-b668-2a355860e883, command=[]} | ret=SUCCESS |  
2019-09-10 13:00:23,070 | INFO  | SCMAudit | user=jenkins1000 | ip=192.168.5.153 | op=SEND_HEARTBEAT {datanodeUUID=98692575-908f-4c6f-b3d7-fc3119b7636a, command=[]} | ret=SUCCESS |  
2019-09-10 13:00:23,286 | INFO  | SCMAudit | user=jenkins1000 | ip=192.168.5.153 | op=SEND_HEARTBEAT {datanodeUUID=b87234b6-97b4-403b-b761-d13c1d3498ce, command=[]} | ret=SUCCESS |  
2019-09-10 13:00:23,460 | INFO  | SCMAudit | user=jenkins1000 | ip=192.168.5.153 | op=SEND_HEARTBEAT {datanodeUUID=51f7194d-0b6e-44ce-bfd4-93c34be99c19, command=[]} | ret=SUCCESS |  
2019-09-10 13:00:23,582 | INFO  | SCMAudit | user=jenkins1000 | ip=192.168.5.153 | op=SEND_HEARTBEAT {datanodeUUID=677e3d93-3467-4860-9bf6-0d2ba46507f3, command=[]} | ret=SUCCESS |  
2019-09-10 13:00:23,582 | INFO  | SCMAudit | user=jenkins1000 | ip=192.168.5.153 | op=SEND_HEARTBEAT {datanodeUUID=80892ce7-83f5-4ca2-be8c-d0fb582c0dda, command=[]} | ret=SUCCESS |  
2019-09-10 13:00:23,585 | INFO  | SCMAudit | user=jenkins1000 | ip=192.168.5.153 | op=SEND_HEARTBEAT {datanodeUUID=5133bb85-d112-43d0-b51c-6140e4ebc540, command=[]} | ret=SUCCESS |  
2019-09-10 13:00:23,861 | INFO  | SCMAudit | user=jenkins1000 | ip=192.168.5.153 | op=SEND_HEARTBEAT {datanodeUUID=4afd2ab1-ec40-4403-b668-2a355860e883, command=[]} | ret=SUCCESS |  
2019-09-10 13:00:24,070 | INFO  | SCMAudit | user=jenkins1000 | ip=192.168.5.153 | op=SEND_HEARTBEAT {datanodeUUID=98692575-908f-4c6f-b3d7-fc3119b7636a, command=[]} | ret=SUCCESS |  
2019-09-10 13:00:24,285 | INFO  | SCMAudit | user=jenkins1000 | ip=192.168.5.153 | op=SEND_HEARTBEAT {datanodeUUID=b87234b6-97b4-403b-b761-d13c1d3498ce, command=[]} | ret=SUCCESS |  
2019-09-10 13:00:24,459 | INFO  | SCMAudit | user=jenkins1000 | ip=192.168.5.153 | op=SEND_HEARTBEAT {datanodeUUID=51f7194d-0b6e-44ce-bfd4-93c34be99c19, command=[]} | ret=SUCCESS |  
2019-09-10 13:00:24,582 | INFO  | SCMAudit | user=jenkins1000 | ip=192.168.5.153 | op=SEND_HEARTBEAT {datanodeUUID=80892ce7-83f5-4ca2-be8c-d0fb582c0dda, command=[]} | ret=SUCCESS |  
2019-09-10 13:00:24,582 | INFO  | SCMAudit | user=jenkins1000 | ip=192.168.5.153 | op=SEND_HEARTBEAT {datanodeUUID=677e3d93-3467-4860-9bf6-0d2ba46507f3, command=[]} | ret=SUCCESS |  
2019-09-10 13:00:24,586 | INFO  | SCMAudit | user=jenkins1000 | ip=192.168.5.153 | op=SEND_HEARTBEAT {datanodeUUID=5133bb85-d112-43d0-b51c-6140e4ebc540, command=[]} | ret=SUCCESS |  
2019-09-10 13:00:24,771 [grpc-default-executor-1] INFO  client.GrpcClientProtocolClient (GrpcClientProtocolClient.java:onNext(255)) - client-1AEBD7C46593->5133bb85-d112-43d0-b51c-6140e4ebc540: receive RaftClientReply:client-1AEBD7C46593->5133bb85-d112-43d0-b51c-6140e4ebc540@group-59B8B6051EC0, cid=45, FAILED org.apache.ratis.protocol.NotLeaderException: Server 5133bb85-d112-43d0-b51c-6140e4ebc540 is not the leader (677e3d93-3467-4860-9bf6-0d2ba46507f3:192.168.5.153:41781). Request must be sent to leader., logIndex=0, commits[5133bb85-d112-43d0-b51c-6140e4ebc540:c8, 80892ce7-83f5-4ca2-be8c-d0fb582c0dda:c8, 677e3d93-3467-4860-9bf6-0d2ba46507f3:c8]
2019-09-10 13:00:24,861 | INFO  | SCMAudit | user=jenkins1000 | ip=192.168.5.153 | op=SEND_HEARTBEAT {datanodeUUID=4afd2ab1-ec40-4403-b668-2a355860e883, command=[]} | ret=SUCCESS |  
2019-09-10 13:00:25,070 | INFO  | SCMAudit | user=jenkins1000 | ip=192.168.5.153 | op=SEND_HEARTBEAT {datanodeUUID=98692575-908f-4c6f-b3d7-fc3119b7636a, command=[]} | ret=SUCCESS |  
2019-09-10 13:00:25,285 | INFO  | SCMAudit | user=jenkins1000 | ip=192.168.5.153 | op=SEND_HEARTBEAT {datanodeUUID=b87234b6-97b4-403b-b761-d13c1d3498ce, command=[]} | ret=SUCCESS |  
2019-09-10 13:00:25,460 | INFO  | SCMAudit | user=jenkins1000 | ip=192.168.5.153 | op=SEND_HEARTBEAT {datanodeUUID=51f7194d-0b6e-44ce-bfd4-93c34be99c19, command=[]} | ret=SUCCESS |  
2019-09-10 13:00:25,582 | INFO  | SCMAudit | user=jenkins1000 | ip=192.168.5.153 | op=SEND_HEARTBEAT {datanodeUUID=677e3d93-3467-4860-9bf6-0d2ba46507f3, command=[]} | ret=SUCCESS |  
2019-09-10 13:00:25,582 | INFO  | SCMAudit | user=jenkins1000 | ip=192.168.5.153 | op=SEND_HEARTBEAT {datanodeUUID=80892ce7-83f5-4ca2-be8c-d0fb582c0dda, command=[]} | ret=SUCCESS |  
2019-09-10 13:00:25,585 | INFO  | SCMAudit | user=jenkins1000 | ip=192.168.5.153 | op=SEND_HEARTBEAT {datanodeUUID=5133bb85-d112-43d0-b51c-6140e4ebc540, command=[]} | ret=SUCCESS |  
2019-09-10 13:00:25,861 | INFO  | SCMAudit | user=jenkins1000 | ip=192.168.5.153 | op=SEND_HEARTBEAT {datanodeUUID=4afd2ab1-ec40-4403-b668-2a355860e883, command=[]} | ret=SUCCESS |  
2019-09-10 13:00:26,070 | INFO  | SCMAudit | user=jenkins1000 | ip=192.168.5.153 | op=SEND_HEARTBEAT {datanodeUUID=98692575-908f-4c6f-b3d7-fc3119b7636a, command=[]} | ret=SUCCESS |  
2019-09-10 13:00:26,287 | INFO  | SCMAudit | user=jenkins1000 | ip=192.168.5.153 | op=SEND_HEARTBEAT {datanodeUUID=b87234b6-97b4-403b-b761-d13c1d3498ce, command=[]} | ret=SUCCESS |  
2019-09-10 13:00:26,461 | INFO  | SCMAudit | user=jenkins1000 | ip=192.168.5.153 | op=SEND_HEARTBEAT {datanodeUUID=51f7194d-0b6e-44ce-bfd4-93c34be99c19, command=[]} | ret=SUCCESS |  
2019-09-10 13:00:26,582 | INFO  | SCMAudit | user=jenkins1000 | ip=192.168.5.153 | op=SEND_HEARTBEAT {datanodeUUID=677e3d93-3467-4860-9bf6-0d2ba46507f3, command=[]} | ret=SUCCESS |  
2019-09-10 13:00:26,582 | INFO  | SCMAudit | user=jenkins1000 | ip=192.168.5.153 | op=SEND_HEARTBEAT {datanodeUUID=80892ce7-83f5-4ca2-be8c-d0fb582c0dda, command=[]} | ret=SUCCESS |  
2019-09-10 13:00:26,585 | INFO  | SCMAudit | user=jenkins1000 | ip=192.168.5.153 | op=SEND_HEARTBEAT {datanodeUUID=5133bb85-d112-43d0-b51c-6140e4ebc540, command=[]} | ret=SUCCESS |  
2019-09-10 13:00:26,861 | INFO  | SCMAudit | user=jenkins1000 | ip=192.168.5.153 | op=SEND_HEARTBEAT {datanodeUUID=4afd2ab1-ec40-4403-b668-2a355860e883, command=[]} | ret=SUCCESS |  
2019-09-10 13:00:27,071 | INFO  | SCMAudit | user=jenkins1000 | ip=192.168.5.153 | op=SEND_HEARTBEAT {datanodeUUID=98692575-908f-4c6f-b3d7-fc3119b7636a, command=[]} | ret=SUCCESS |  
2019-09-10 13:00:27,286 | INFO  | SCMAudit | user=jenkins1000 | ip=192.168.5.153 | op=SEND_HEARTBEAT {datanodeUUID=b87234b6-97b4-403b-b761-d13c1d3498ce, command=[]} | ret=SUCCESS |  
2019-09-10 13:00:27,461 | INFO  | SCMAudit | user=jenkins1000 | ip=192.168.5.153 | op=SEND_HEARTBEAT {datanodeUUID=51f7194d-0b6e-44ce-bfd4-93c34be99c19, command=[]} | ret=SUCCESS |  
2019-09-10 13:00:27,582 | INFO  | SCMAudit | user=jenkins1000 | ip=192.168.5.153 | op=SEND_HEARTBEAT {datanodeUUID=677e3d93-3467-4860-9bf6-0d2ba46507f3, command=[]} | ret=SUCCESS |  
2019-09-10 13:00:27,582 | INFO  | SCMAudit | user=jenkins1000 | ip=192.168.5.153 | op=SEND_HEARTBEAT {datanodeUUID=80892ce7-83f5-4ca2-be8c-d0fb582c0dda, command=[]} | ret=SUCCESS |  
2019-09-10 13:00:27,585 | INFO  | SCMAudit | user=jenkins1000 | ip=192.168.5.153 | op=SEND_HEARTBEAT {datanodeUUID=5133bb85-d112-43d0-b51c-6140e4ebc540, command=[]} | ret=SUCCESS |  
2019-09-10 13:00:27,862 | INFO  | SCMAudit | user=jenkins1000 | ip=192.168.5.153 | op=SEND_HEARTBEAT {datanodeUUID=4afd2ab1-ec40-4403-b668-2a355860e883, command=[]} | ret=SUCCESS |  
2019-09-10 13:00:28,072 | INFO  | SCMAudit | user=jenkins1000 | ip=192.168.5.153 | op=SEND_HEARTBEAT {datanodeUUID=98692575-908f-4c6f-b3d7-fc3119b7636a, command=[]} | ret=SUCCESS |  
2019-09-10 13:00:28,285 | INFO  | SCMAudit | user=jenkins1000 | ip=192.168.5.153 | op=SEND_HEARTBEAT {datanodeUUID=b87234b6-97b4-403b-b761-d13c1d3498ce, command=[]} | ret=SUCCESS |  
2019-09-10 13:00:28,461 | INFO  | SCMAudit | user=jenkins1000 | ip=192.168.5.153 | op=SEND_HEARTBEAT {datanodeUUID=51f7194d-0b6e-44ce-bfd4-93c34be99c19, command=[]} | ret=SUCCESS |  
2019-09-10 13:00:28,582 | INFO  | SCMAudit | user=jenkins1000 | ip=192.168.5.153 | op=SEND_HEARTBEAT {datanodeUUID=80892ce7-83f5-4ca2-be8c-d0fb582c0dda, command=[]} | ret=SUCCESS |  
2019-09-10 13:00:28,582 | INFO  | SCMAudit | user=jenkins1000 | ip=192.168.5.153 | op=SEND_HEARTBEAT {datanodeUUID=677e3d93-3467-4860-9bf6-0d2ba46507f3, command=[]} | ret=SUCCESS |  
2019-09-10 13:00:28,585 | INFO  | SCMAudit | user=jenkins1000 | ip=192.168.5.153 | op=SEND_HEARTBEAT {datanodeUUID=5133bb85-d112-43d0-b51c-6140e4ebc540, command=[]} | ret=SUCCESS |  
2019-09-10 13:00:28,863 | INFO  | SCMAudit | user=jenkins1000 | ip=192.168.5.153 | op=SEND_HEARTBEAT {datanodeUUID=4afd2ab1-ec40-4403-b668-2a355860e883, command=[]} | ret=SUCCESS |  
2019-09-10 13:00:29,072 | INFO  | SCMAudit | user=jenkins1000 | ip=192.168.5.153 | op=SEND_HEARTBEAT {datanodeUUID=98692575-908f-4c6f-b3d7-fc3119b7636a, command=[]} | ret=SUCCESS |  
2019-09-10 13:00:29,285 | INFO  | SCMAudit | user=jenkins1000 | ip=192.168.5.153 | op=SEND_HEARTBEAT {datanodeUUID=b87234b6-97b4-403b-b761-d13c1d3498ce, command=[]} | ret=SUCCESS |  
2019-09-10 13:00:29,462 | INFO  | SCMAudit | user=jenkins1000 | ip=192.168.5.153 | op=SEND_HEARTBEAT {datanodeUUID=51f7194d-0b6e-44ce-bfd4-93c34be99c19, command=[]} | ret=SUCCESS |  
2019-09-10 13:00:29,583 | INFO  | SCMAudit | user=jenkins1000 | ip=192.168.5.153 | op=SEND_HEARTBEAT {datanodeUUID=80892ce7-83f5-4ca2-be8c-d0fb582c0dda, command=[]} | ret=SUCCESS |  
2019-09-10 13:00:29,583 | INFO  | SCMAudit | user=jenkins1000 | ip=192.168.5.153 | op=SEND_HEARTBEAT {datanodeUUID=677e3d93-3467-4860-9bf6-0d2ba46507f3, command=[]} | ret=SUCCESS |  
2019-09-10 13:00:29,585 | INFO  | SCMAudit | user=jenkins1000 | ip=192.168.5.153 | op=SEND_HEARTBEAT {datanodeUUID=5133bb85-d112-43d0-b51c-6140e4ebc540, command=[]} | ret=SUCCESS |  
2019-09-10 13:00:29,836 [grpc-default-executor-0] INFO  client.GrpcClientProtocolClient (GrpcClientProtocolClient.java:onNext(255)) - client-1AEBD7C46593->80892ce7-83f5-4ca2-be8c-d0fb582c0dda: receive RaftClientReply:client-1AEBD7C46593->80892ce7-83f5-4ca2-be8c-d0fb582c0dda@group-59B8B6051EC0, cid=45, FAILED org.apache.ratis.protocol.NotLeaderException: Server 80892ce7-83f5-4ca2-be8c-d0fb582c0dda is not the leader (677e3d93-3467-4860-9bf6-0d2ba46507f3:192.168.5.153:41781). Request must be sent to leader., logIndex=0, commits[80892ce7-83f5-4ca2-be8c-d0fb582c0dda:c8, 677e3d93-3467-4860-9bf6-0d2ba46507f3:c8, 5133bb85-d112-43d0-b51c-6140e4ebc540:c8]
2019-09-10 13:00:29,862 | INFO  | SCMAudit | user=jenkins1000 | ip=192.168.5.153 | op=SEND_HEARTBEAT {datanodeUUID=4afd2ab1-ec40-4403-b668-2a355860e883, command=[]} | ret=SUCCESS |  
2019-09-10 13:00:30,072 | INFO  | SCMAudit | user=jenkins1000 | ip=192.168.5.153 | op=SEND_HEARTBEAT {datanodeUUID=98692575-908f-4c6f-b3d7-fc3119b7636a, command=[]} | ret=SUCCESS |  
2019-09-10 13:00:30,285 | INFO  | SCMAudit | user=jenkins1000 | ip=192.168.5.153 | op=SEND_HEARTBEAT {datanodeUUID=b87234b6-97b4-403b-b761-d13c1d3498ce, command=[]} | ret=SUCCESS |  
2019-09-10 13:00:30,461 | INFO  | SCMAudit | user=jenkins1000 | ip=192.168.5.153 | op=SEND_HEARTBEAT {datanodeUUID=51f7194d-0b6e-44ce-bfd4-93c34be99c19, command=[]} | ret=SUCCESS |  
2019-09-10 13:00:30,584 | INFO  | SCMAudit | user=jenkins1000 | ip=192.168.5.153 | op=SEND_HEARTBEAT {datanodeUUID=80892ce7-83f5-4ca2-be8c-d0fb582c0dda, command=[]} | ret=SUCCESS |  
2019-09-10 13:00:30,584 | INFO  | SCMAudit | user=jenkins1000 | ip=192.168.5.153 | op=SEND_HEARTBEAT {datanodeUUID=677e3d93-3467-4860-9bf6-0d2ba46507f3, command=[]} | ret=SUCCESS |  
2019-09-10 13:00:30,585 | INFO  | SCMAudit | user=jenkins1000 | ip=192.168.5.153 | op=SEND_HEARTBEAT {datanodeUUID=5133bb85-d112-43d0-b51c-6140e4ebc540, command=[]} | ret=SUCCESS |  
2019-09-10 13:00:30,862 | INFO  | SCMAudit | user=jenkins1000 | ip=192.168.5.153 | op=SEND_HEARTBEAT {datanodeUUID=4afd2ab1-ec40-4403-b668-2a355860e883, command=[]} | ret=SUCCESS |  
2019-09-10 13:00:31,073 | INFO  | SCMAudit | user=jenkins1000 | ip=192.168.5.153 | op=SEND_HEARTBEAT {datanodeUUID=98692575-908f-4c6f-b3d7-fc3119b7636a, command=[]} | ret=SUCCESS |  
2019-09-10 13:00:31,285 | INFO  | SCMAudit | user=jenkins1000 | ip=192.168.5.153 | op=SEND_HEARTBEAT {datanodeUUID=b87234b6-97b4-403b-b761-d13c1d3498ce, command=[]} | ret=SUCCESS |  
2019-09-10 13:00:31,462 | INFO  | SCMAudit | user=jenkins1000 | ip=192.168.5.153 | op=SEND_HEARTBEAT {datanodeUUID=51f7194d-0b6e-44ce-bfd4-93c34be99c19, command=[]} | ret=SUCCESS |  
2019-09-10 13:00:31,583 | INFO  | SCMAudit | user=jenkins1000 | ip=192.168.5.153 | op=SEND_HEARTBEAT {datanodeUUID=677e3d93-3467-4860-9bf6-0d2ba46507f3, command=[]} | ret=SUCCESS |  
2019-09-10 13:00:31,583 | INFO  | SCMAudit | user=jenkins1000 | ip=192.168.5.153 | op=SEND_HEARTBEAT {datanodeUUID=80892ce7-83f5-4ca2-be8c-d0fb582c0dda, command=[]} | ret=SUCCESS |  
2019-09-10 13:00:31,585 | INFO  | SCMAudit | user=jenkins1000 | ip=192.168.5.153 | op=SEND_HEARTBEAT {datanodeUUID=5133bb85-d112-43d0-b51c-6140e4ebc540, command=[]} | ret=SUCCESS |  
2019-09-10 13:00:31,862 | INFO  | SCMAudit | user=jenkins1000 | ip=192.168.5.153 | op=SEND_HEARTBEAT {datanodeUUID=4afd2ab1-ec40-4403-b668-2a355860e883, command=[]} | ret=SUCCESS |  
2019-09-10 13:00:32,072 | INFO  | SCMAudit | user=jenkins1000 | ip=192.168.5.153 | op=SEND_HEARTBEAT {datanodeUUID=98692575-908f-4c6f-b3d7-fc3119b7636a, command=[]} | ret=SUCCESS |  
2019-09-10 13:00:32,286 | INFO  | SCMAudit | user=jenkins1000 | ip=192.168.5.153 | op=SEND_HEARTBEAT {datanodeUUID=b87234b6-97b4-403b-b761-d13c1d3498ce, command=[]} | ret=SUCCESS |  
2019-09-10 13:00:32,462 | INFO  | SCMAudit | user=jenkins1000 | ip=192.168.5.153 | op=SEND_HEARTBEAT {datanodeUUID=51f7194d-0b6e-44ce-bfd4-93c34be99c19, command=[]} | ret=SUCCESS |  
2019-09-10 13:00:32,583 | INFO  | SCMAudit | user=jenkins1000 | ip=192.168.5.153 | op=SEND_HEARTBEAT {datanodeUUID=677e3d93-3467-4860-9bf6-0d2ba46507f3, command=[]} | ret=SUCCESS |  
2019-09-10 13:00:32,583 | INFO  | SCMAudit | user=jenkins1000 | ip=192.168.5.153 | op=SEND_HEARTBEAT {datanodeUUID=80892ce7-83f5-4ca2-be8c-d0fb582c0dda, command=[]} | ret=SUCCESS |  
2019-09-10 13:00:32,585 | INFO  | SCMAudit | user=jenkins1000 | ip=192.168.5.153 | op=SEND_HEARTBEAT {datanodeUUID=5133bb85-d112-43d0-b51c-6140e4ebc540, command=[]} | ret=SUCCESS |  
2019-09-10 13:00:32,862 | INFO  | SCMAudit | user=jenkins1000 | ip=192.168.5.153 | op=SEND_HEARTBEAT {datanodeUUID=4afd2ab1-ec40-4403-b668-2a355860e883, command=[]} | ret=SUCCESS |  
2019-09-10 13:00:33,072 | INFO  | SCMAudit | user=jenkins1000 | ip=192.168.5.153 | op=SEND_HEARTBEAT {datanodeUUID=98692575-908f-4c6f-b3d7-fc3119b7636a, command=[]} | ret=SUCCESS |  
2019-09-10 13:00:33,286 | INFO  | SCMAudit | user=jenkins1000 | ip=192.168.5.153 | op=SEND_HEARTBEAT {datanodeUUID=b87234b6-97b4-403b-b761-d13c1d3498ce, command=[]} | ret=SUCCESS |  
2019-09-10 13:00:33,462 | INFO  | SCMAudit | user=jenkins1000 | ip=192.168.5.153 | op=SEND_HEARTBEAT {datanodeUUID=51f7194d-0b6e-44ce-bfd4-93c34be99c19, command=[]} | ret=SUCCESS |  
2019-09-10 13:00:33,583 | INFO  | SCMAudit | user=jenkins1000 | ip=192.168.5.153 | op=SEND_HEARTBEAT {datanodeUUID=80892ce7-83f5-4ca2-be8c-d0fb582c0dda, command=[]} | ret=SUCCESS |  
2019-09-10 13:00:33,583 | INFO  | SCMAudit | user=jenkins1000 | ip=192.168.5.153 | op=SEND_HEARTBEAT {datanodeUUID=677e3d93-3467-4860-9bf6-0d2ba46507f3, command=[]} | ret=SUCCESS |  
2019-09-10 13:00:33,585 | INFO  | SCMAudit | user=jenkins1000 | ip=192.168.5.153 | op=SEND_HEARTBEAT {datanodeUUID=5133bb85-d112-43d0-b51c-6140e4ebc540, command=[]} | ret=SUCCESS |  
2019-09-10 13:00:33,862 | INFO  | SCMAudit | user=jenkins1000 | ip=192.168.5.153 | op=SEND_HEARTBEAT {datanodeUUID=4afd2ab1-ec40-4403-b668-2a355860e883, command=[]} | ret=SUCCESS |  
2019-09-10 13:00:34,073 | INFO  | SCMAudit | user=jenkins1000 | ip=192.168.5.153 | op=SEND_HEARTBEAT {datanodeUUID=98692575-908f-4c6f-b3d7-fc3119b7636a, command=[]} | ret=SUCCESS |  
2019-09-10 13:00:34,287 | INFO  | SCMAudit | user=jenkins1000 | ip=192.168.5.153 | op=SEND_HEARTBEAT {datanodeUUID=b87234b6-97b4-403b-b761-d13c1d3498ce, command=[]} | ret=SUCCESS |  
2019-09-10 13:00:34,463 | INFO  | SCMAudit | user=jenkins1000 | ip=192.168.5.153 | op=SEND_HEARTBEAT {datanodeUUID=51f7194d-0b6e-44ce-bfd4-93c34be99c19, command=[]} | ret=SUCCESS |  
2019-09-10 13:00:34,583 | INFO  | SCMAudit | user=jenkins1000 | ip=192.168.5.153 | op=SEND_HEARTBEAT {datanodeUUID=677e3d93-3467-4860-9bf6-0d2ba46507f3, command=[]} | ret=SUCCESS |  
2019-09-10 13:00:34,583 | INFO  | SCMAudit | user=jenkins1000 | ip=192.168.5.153 | op=SEND_HEARTBEAT {datanodeUUID=80892ce7-83f5-4ca2-be8c-d0fb582c0dda, command=[]} | ret=SUCCESS |  
2019-09-10 13:00:34,585 | INFO  | SCMAudit | user=jenkins1000 | ip=192.168.5.153 | op=SEND_HEARTBEAT {datanodeUUID=5133bb85-d112-43d0-b51c-6140e4ebc540, command=[]} | ret=SUCCESS |  
2019-09-10 13:00:34,864 | INFO  | SCMAudit | user=jenkins1000 | ip=192.168.5.153 | op=SEND_HEARTBEAT {datanodeUUID=4afd2ab1-ec40-4403-b668-2a355860e883, command=[]} | ret=SUCCESS |  
2019-09-10 13:00:34,874 [grpc-default-executor-1] INFO  client.GrpcClientProtocolClient (GrpcClientProtocolClient.java:onNext(255)) - client-1AEBD7C46593->5133bb85-d112-43d0-b51c-6140e4ebc540: receive RaftClientReply:client-1AEBD7C46593->5133bb85-d112-43d0-b51c-6140e4ebc540@group-59B8B6051EC0, cid=45, FAILED org.apache.ratis.protocol.NotLeaderException: Server 5133bb85-d112-43d0-b51c-6140e4ebc540 is not the leader (677e3d93-3467-4860-9bf6-0d2ba46507f3:192.168.5.153:41781). Request must be sent to leader., logIndex=0, commits[5133bb85-d112-43d0-b51c-6140e4ebc540:c8, 80892ce7-83f5-4ca2-be8c-d0fb582c0dda:c8, 677e3d93-3467-4860-9bf6-0d2ba46507f3:c8]
2019-09-10 13:00:35,073 | INFO  | SCMAudit | user=jenkins1000 | ip=192.168.5.153 | op=SEND_HEARTBEAT {datanodeUUID=98692575-908f-4c6f-b3d7-fc3119b7636a, command=[]} | ret=SUCCESS |  
2019-09-10 13:00:35,287 | INFO  | SCMAudit | user=jenkins1000 | ip=192.168.5.153 | op=SEND_HEARTBEAT {datanodeUUID=b87234b6-97b4-403b-b761-d13c1d3498ce, command=[]} | ret=SUCCESS |  
2019-09-10 13:00:35,463 | INFO  | SCMAudit | user=jenkins1000 | ip=192.168.5.153 | op=SEND_HEARTBEAT {datanodeUUID=51f7194d-0b6e-44ce-bfd4-93c34be99c19, command=[]} | ret=SUCCESS |  
2019-09-10 13:00:35,583 | INFO  | SCMAudit | user=jenkins1000 | ip=192.168.5.153 | op=SEND_HEARTBEAT {datanodeUUID=677e3d93-3467-4860-9bf6-0d2ba46507f3, command=[]} | ret=SUCCESS |  
2019-09-10 13:00:35,583 | INFO  | SCMAudit | user=jenkins1000 | ip=192.168.5.153 | op=SEND_HEARTBEAT {datanodeUUID=80892ce7-83f5-4ca2-be8c-d0fb582c0dda, command=[]} | ret=SUCCESS |  
2019-09-10 13:00:35,585 | INFO  | SCMAudit | user=jenkins1000 | ip=192.168.5.153 | op=SEND_HEARTBEAT {datanodeUUID=5133bb85-d112-43d0-b51c-6140e4ebc540, command=[]} | ret=SUCCESS |  
2019-09-10 13:00:35,864 | INFO  | SCMAudit | user=jenkins1000 | ip=192.168.5.153 | op=SEND_HEARTBEAT {datanodeUUID=4afd2ab1-ec40-4403-b668-2a355860e883, command=[]} | ret=SUCCESS |  
2019-09-10 13:00:36,072 | INFO  | SCMAudit | user=jenkins1000 | ip=192.168.5.153 | op=SEND_HEARTBEAT {datanodeUUID=98692575-908f-4c6f-b3d7-fc3119b7636a, command=[]} | ret=SUCCESS |  
2019-09-10 13:00:36,288 | INFO  | SCMAudit | user=jenkins1000 | ip=192.168.5.153 | op=SEND_HEARTBEAT {datanodeUUID=b87234b6-97b4-403b-b761-d13c1d3498ce, command=[]} | ret=SUCCESS |  
2019-09-10 13:00:36,464 | INFO  | SCMAudit | user=jenkins1000 | ip=192.168.5.153 | op=SEND_HEARTBEAT {datanodeUUID=51f7194d-0b6e-44ce-bfd4-93c34be99c19, command=[]} | ret=SUCCESS |  
2019-09-10 13:00:36,584 | INFO  | SCMAudit | user=jenkins1000 | ip=192.168.5.153 | op=SEND_HEARTBEAT {datanodeUUID=80892ce7-83f5-4ca2-be8c-d0fb582c0dda, command=[]} | ret=SUCCESS |  
2019-09-10 13:00:36,584 | INFO  | SCMAudit | user=jenkins1000 | ip=192.168.5.153 | op=SEND_HEARTBEAT {datanodeUUID=677e3d93-3467-4860-9bf6-0d2ba46507f3, command=[]} | ret=SUCCESS |  
2019-09-10 13:00:36,585 | INFO  | SCMAudit | user=jenkins1000 | ip=192.168.5.153 | op=SEND_HEARTBEAT {datanodeUUID=5133bb85-d112-43d0-b51c-6140e4ebc540, command=[]} | ret=SUCCESS |  
2019-09-10 13:00:36,864 | INFO  | SCMAudit | user=jenkins1000 | ip=192.168.5.153 | op=SEND_HEARTBEAT {datanodeUUID=4afd2ab1-ec40-4403-b668-2a355860e883, command=[]} | ret=SUCCESS |  
2019-09-10 13:00:37,072 | INFO  | SCMAudit | user=jenkins1000 | ip=192.168.5.153 | op=SEND_HEARTBEAT {datanodeUUID=98692575-908f-4c6f-b3d7-fc3119b7636a, command=[]} | ret=SUCCESS |  
2019-09-10 13:00:37,287 | INFO  | SCMAudit | user=jenkins1000 | ip=192.168.5.153 | op=SEND_HEARTBEAT {datanodeUUID=b87234b6-97b4-403b-b761-d13c1d3498ce, command=[]} | ret=SUCCESS |  
2019-09-10 13:00:37,463 | INFO  | SCMAudit | user=jenkins1000 | ip=192.168.5.153 | op=SEND_HEARTBEAT {datanodeUUID=51f7194d-0b6e-44ce-bfd4-93c34be99c19, command=[]} | ret=SUCCESS |  
2019-09-10 13:00:37,583 | INFO  | SCMAudit | user=jenkins1000 | ip=192.168.5.153 | op=SEND_HEARTBEAT {datanodeUUID=80892ce7-83f5-4ca2-be8c-d0fb582c0dda, command=[]} | ret=SUCCESS |  
2019-09-10 13:00:37,583 | INFO  | SCMAudit | user=jenkins1000 | ip=192.168.5.153 | op=SEND_HEARTBEAT {datanodeUUID=677e3d93-3467-4860-9bf6-0d2ba46507f3, command=[]} | ret=SUCCESS |  
2019-09-10 13:00:37,585 | INFO  | SCMAudit | user=jenkins1000 | ip=192.168.5.153 | op=SEND_HEARTBEAT {datanodeUUID=5133bb85-d112-43d0-b51c-6140e4ebc540, command=[]} | ret=SUCCESS |  
2019-09-10 13:00:37,869 | INFO  | SCMAudit | user=jenkins1000 | ip=192.168.5.153 | op=SEND_HEARTBEAT {datanodeUUID=4afd2ab1-ec40-4403-b668-2a355860e883, command=[]} | ret=SUCCESS |  
2019-09-10 13:00:38,072 | INFO  | SCMAudit | user=jenkins1000 | ip=192.168.5.153 | op=SEND_HEARTBEAT {datanodeUUID=98692575-908f-4c6f-b3d7-fc3119b7636a, command=[]} | ret=SUCCESS |  
2019-09-10 13:00:38,287 | INFO  | SCMAudit | user=jenkins1000 | ip=192.168.5.153 | op=SEND_HEARTBEAT {datanodeUUID=b87234b6-97b4-403b-b761-d13c1d3498ce, command=[]} | ret=SUCCESS |  
2019-09-10 13:00:38,464 | INFO  | SCMAudit | user=jenkins1000 | ip=192.168.5.153 | op=SEND_HEARTBEAT {datanodeUUID=51f7194d-0b6e-44ce-bfd4-93c34be99c19, command=[]} | ret=SUCCESS |  
2019-09-10 13:00:38,583 | INFO  | SCMAudit | user=jenkins1000 | ip=192.168.5.153 | op=SEND_HEARTBEAT {datanodeUUID=677e3d93-3467-4860-9bf6-0d2ba46507f3, command=[]} | ret=SUCCESS |  
2019-09-10 13:00:38,583 | INFO  | SCMAudit | user=jenkins1000 | ip=192.168.5.153 | op=SEND_HEARTBEAT {datanodeUUID=80892ce7-83f5-4ca2-be8c-d0fb582c0dda, command=[]} | ret=SUCCESS |  
2019-09-10 13:00:38,585 | INFO  | SCMAudit | user=jenkins1000 | ip=192.168.5.153 | op=SEND_HEARTBEAT {datanodeUUID=5133bb85-d112-43d0-b51c-6140e4ebc540, command=[]} | ret=SUCCESS |  
2019-09-10 13:00:38,866 | INFO  | SCMAudit | user=jenkins1000 | ip=192.168.5.153 | op=SEND_HEARTBEAT {datanodeUUID=4afd2ab1-ec40-4403-b668-2a355860e883, command=[]} | ret=SUCCESS |  
2019-09-10 13:00:39,072 | INFO  | SCMAudit | user=jenkins1000 | ip=192.168.5.153 | op=SEND_HEARTBEAT {datanodeUUID=98692575-908f-4c6f-b3d7-fc3119b7636a, command=[]} | ret=SUCCESS |  
2019-09-10 13:00:39,287 | INFO  | SCMAudit | user=jenkins1000 | ip=192.168.5.153 | op=SEND_HEARTBEAT {datanodeUUID=b87234b6-97b4-403b-b761-d13c1d3498ce, command=[]} | ret=SUCCESS |  
2019-09-10 13:00:39,465 | INFO  | SCMAudit | user=jenkins1000 | ip=192.168.5.153 | op=SEND_HEARTBEAT {datanodeUUID=51f7194d-0b6e-44ce-bfd4-93c34be99c19, command=[]} | ret=SUCCESS |  
2019-09-10 13:00:39,583 | INFO  | SCMAudit | user=jenkins1000 | ip=192.168.5.153 | op=SEND_HEARTBEAT {datanodeUUID=677e3d93-3467-4860-9bf6-0d2ba46507f3, command=[]} | ret=SUCCESS |  
2019-09-10 13:00:39,583 | INFO  | SCMAudit | user=jenkins1000 | ip=192.168.5.153 | op=SEND_HEARTBEAT {datanodeUUID=80892ce7-83f5-4ca2-be8c-d0fb582c0dda, command=[]} | ret=SUCCESS |  
2019-09-10 13:00:39,585 | INFO  | SCMAudit | user=jenkins1000 | ip=192.168.5.153 | op=SEND_HEARTBEAT {datanodeUUID=5133bb85-d112-43d0-b51c-6140e4ebc540, command=[]} | ret=SUCCESS |  
2019-09-10 13:00:39,867 | INFO  | SCMAudit | user=jenkins1000 | ip=192.168.5.153 | op=SEND_HEARTBEAT {datanodeUUID=4afd2ab1-ec40-4403-b668-2a355860e883, command=[]} | ret=SUCCESS |  
2019-09-10 13:00:39,921 [grpc-default-executor-1] INFO  client.GrpcClientProtocolClient (GrpcClientProtocolClient.java:onNext(255)) - client-1AEBD7C46593->80892ce7-83f5-4ca2-be8c-d0fb582c0dda: receive RaftClientReply:client-1AEBD7C46593->80892ce7-83f5-4ca2-be8c-d0fb582c0dda@group-59B8B6051EC0, cid=45, FAILED org.apache.ratis.protocol.NotLeaderException: Server 80892ce7-83f5-4ca2-be8c-d0fb582c0dda is not the leader (677e3d93-3467-4860-9bf6-0d2ba46507f3:192.168.5.153:41781). Request must be sent to leader., logIndex=0, commits[80892ce7-83f5-4ca2-be8c-d0fb582c0dda:c8, 677e3d93-3467-4860-9bf6-0d2ba46507f3:c8, 5133bb85-d112-43d0-b51c-6140e4ebc540:c8]
2019-09-10 13:00:40,073 | INFO  | SCMAudit | user=jenkins1000 | ip=192.168.5.153 | op=SEND_HEARTBEAT {datanodeUUID=98692575-908f-4c6f-b3d7-fc3119b7636a, command=[]} | ret=SUCCESS |  
2019-09-10 13:00:40,287 | INFO  | SCMAudit | user=jenkins1000 | ip=192.168.5.153 | op=SEND_HEARTBEAT {datanodeUUID=b87234b6-97b4-403b-b761-d13c1d3498ce, command=[]} | ret=SUCCESS |  
2019-09-10 13:00:40,464 | INFO  | SCMAudit | user=jenkins1000 | ip=192.168.5.153 | op=SEND_HEARTBEAT {datanodeUUID=51f7194d-0b6e-44ce-bfd4-93c34be99c19, command=[]} | ret=SUCCESS |  
2019-09-10 13:00:40,583 | INFO  | SCMAudit | user=jenkins1000 | ip=192.168.5.153 | op=SEND_HEARTBEAT {datanodeUUID=677e3d93-3467-4860-9bf6-0d2ba46507f3, command=[]} | ret=SUCCESS |  
2019-09-10 13:00:40,583 | INFO  | SCMAudit | user=jenkins1000 | ip=192.168.5.153 | op=SEND_HEARTBEAT {datanodeUUID=80892ce7-83f5-4ca2-be8c-d0fb582c0dda, command=[]} | ret=SUCCESS |  
2019-09-10 13:00:40,584 | INFO  | SCMAudit | user=jenkins1000 | ip=192.168.5.153 | op=SEND_HEARTBEAT {datanodeUUID=5133bb85-d112-43d0-b51c-6140e4ebc540, command=[]} | ret=SUCCESS |  
2019-09-10 13:00:40,866 | INFO  | SCMAudit | user=jenkins1000 | ip=192.168.5.153 | op=SEND_HEARTBEAT {datanodeUUID=4afd2ab1-ec40-4403-b668-2a355860e883, command=[]} | ret=SUCCESS |  
2019-09-10 13:00:41,072 | INFO  | SCMAudit | user=jenkins1000 | ip=192.168.5.153 | op=SEND_HEARTBEAT {datanodeUUID=98692575-908f-4c6f-b3d7-fc3119b7636a, command=[]} | ret=SUCCESS |  
2019-09-10 13:00:41,287 | INFO  | SCMAudit | user=jenkins1000 | ip=192.168.5.153 | op=SEND_HEARTBEAT {datanodeUUID=b87234b6-97b4-403b-b761-d13c1d3498ce, command=[]} | ret=SUCCESS |  
2019-09-10 13:00:41,464 | INFO  | SCMAudit | user=jenkins1000 | ip=192.168.5.153 | op=SEND_HEARTBEAT {datanodeUUID=51f7194d-0b6e-44ce-bfd4-93c34be99c19, command=[]} | ret=SUCCESS |  
2019-09-10 13:00:41,583 | INFO  | SCMAudit | user=jenkins1000 | ip=192.168.5.153 | op=SEND_HEARTBEAT {datanodeUUID=677e3d93-3467-4860-9bf6-0d2ba46507f3, command=[]} | ret=SUCCESS |  
2019-09-10 13:00:41,584 | INFO  | SCMAudit | user=jenkins1000 | ip=192.168.5.153 | op=SEND_HEARTBEAT {datanodeUUID=80892ce7-83f5-4ca2-be8c-d0fb582c0dda, command=[]} | ret=SUCCESS |  
2019-09-10 13:00:41,585 | INFO  | SCMAudit | user=jenkins1000 | ip=192.168.5.153 | op=SEND_HEARTBEAT {datanodeUUID=5133bb85-d112-43d0-b51c-6140e4ebc540, command=[]} | ret=SUCCESS |  
2019-09-10 13:00:41,867 | INFO  | SCMAudit | user=jenkins1000 | ip=192.168.5.153 | op=SEND_HEARTBEAT {datanodeUUID=4afd2ab1-ec40-4403-b668-2a355860e883, command=[]} | ret=SUCCESS |  
2019-09-10 13:00:42,072 | INFO  | SCMAudit | user=jenkins1000 | ip=192.168.5.153 | op=SEND_HEARTBEAT {datanodeUUID=98692575-908f-4c6f-b3d7-fc3119b7636a, command=[]} | ret=SUCCESS |  
2019-09-10 13:00:42,287 | INFO  | SCMAudit | user=jenkins1000 | ip=192.168.5.153 | op=SEND_HEARTBEAT {datanodeUUID=b87234b6-97b4-403b-b761-d13c1d3498ce, command=[]} | ret=SUCCESS |  
2019-09-10 13:00:42,464 | INFO  | SCMAudit | user=jenkins1000 | ip=192.168.5.153 | op=SEND_HEARTBEAT {datanodeUUID=51f7194d-0b6e-44ce-bfd4-93c34be99c19, command=[]} | ret=SUCCESS |  
2019-09-10 13:00:42,583 | INFO  | SCMAudit | user=jenkins1000 | ip=192.168.5.153 | op=SEND_HEARTBEAT {datanodeUUID=677e3d93-3467-4860-9bf6-0d2ba46507f3, command=[]} | ret=SUCCESS |  
2019-09-10 13:00:42,584 | INFO  | SCMAudit | user=jenkins1000 | ip=192.168.5.153 | op=SEND_HEARTBEAT {datanodeUUID=80892ce7-83f5-4ca2-be8c-d0fb582c0dda, command=[]} | ret=SUCCESS |  
2019-09-10 13:00:42,585 | INFO  | SCMAudit | user=jenkins1000 | ip=192.168.5.153 | op=SEND_HEARTBEAT {datanodeUUID=5133bb85-d112-43d0-b51c-6140e4ebc540, command=[]} | ret=SUCCESS |  
2019-09-10 13:00:42,870 | INFO  | SCMAudit | user=jenkins1000 | ip=192.168.5.153 | op=SEND_HEARTBEAT {datanodeUUID=4afd2ab1-ec40-4403-b668-2a355860e883, command=[]} | ret=SUCCESS |  
2019-09-10 13:00:43,072 | INFO  | SCMAudit | user=jenkins1000 | ip=192.168.5.153 | op=SEND_HEARTBEAT {datanodeUUID=98692575-908f-4c6f-b3d7-fc3119b7636a, command=[]} | ret=SUCCESS |  
2019-09-10 13:00:43,288 | INFO  | SCMAudit | user=jenkins1000 | ip=192.168.5.153 | op=SEND_HEARTBEAT {datanodeUUID=b87234b6-97b4-403b-b761-d13c1d3498ce, command=[]} | ret=SUCCESS |  
2019-09-10 13:00:43,465 | INFO  | SCMAudit | user=jenkins1000 | ip=192.168.5.153 | op=SEND_HEARTBEAT {datanodeUUID=51f7194d-0b6e-44ce-bfd4-93c34be99c19, command=[]} | ret=SUCCESS |  
2019-09-10 13:00:43,584 | INFO  | SCMAudit | user=jenkins1000 | ip=192.168.5.153 | op=SEND_HEARTBEAT {datanodeUUID=677e3d93-3467-4860-9bf6-0d2ba46507f3, command=[]} | ret=SUCCESS |  
2019-09-10 13:00:43,584 | INFO  | SCMAudit | user=jenkins1000 | ip=192.168.5.153 | op=SEND_HEARTBEAT {datanodeUUID=80892ce7-83f5-4ca2-be8c-d0fb582c0dda, command=[]} | ret=SUCCESS |  
2019-09-10 13:00:43,585 | INFO  | SCMAudit | user=jenkins1000 | ip=192.168.5.153 | op=SEND_HEARTBEAT {datanodeUUID=5133bb85-d112-43d0-b51c-6140e4ebc540, command=[]} | ret=SUCCESS |  
2019-09-10 13:00:43,871 | INFO  | SCMAudit | user=jenkins1000 | ip=192.168.5.153 | op=SEND_HEARTBEAT {datanodeUUID=4afd2ab1-ec40-4403-b668-2a355860e883, command=[]} | ret=SUCCESS |  
2019-09-10 13:00:44,073 | INFO  | SCMAudit | user=jenkins1000 | ip=192.168.5.153 | op=SEND_HEARTBEAT {datanodeUUID=98692575-908f-4c6f-b3d7-fc3119b7636a, command=[]} | ret=SUCCESS |  
2019-09-10 13:00:44,288 | INFO  | SCMAudit | user=jenkins1000 | ip=192.168.5.153 | op=SEND_HEARTBEAT {datanodeUUID=b87234b6-97b4-403b-b761-d13c1d3498ce, command=[]} | ret=SUCCESS |  
2019-09-10 13:00:44,464 | INFO  | SCMAudit | user=jenkins1000 | ip=192.168.5.153 | op=SEND_HEARTBEAT {datanodeUUID=51f7194d-0b6e-44ce-bfd4-93c34be99c19, command=[]} | ret=SUCCESS |  
2019-09-10 13:00:44,583 | INFO  | SCMAudit | user=jenkins1000 | ip=192.168.5.153 | op=SEND_HEARTBEAT {datanodeUUID=677e3d93-3467-4860-9bf6-0d2ba46507f3, command=[]} | ret=SUCCESS |  
2019-09-10 13:00:44,584 | INFO  | SCMAudit | user=jenkins1000 | ip=192.168.5.153 | op=SEND_HEARTBEAT {datanodeUUID=80892ce7-83f5-4ca2-be8c-d0fb582c0dda, command=[]} | ret=SUCCESS |  
2019-09-10 13:00:44,585 | INFO  | SCMAudit | user=jenkins1000 | ip=192.168.5.153 | op=SEND_HEARTBEAT {datanodeUUID=5133bb85-d112-43d0-b51c-6140e4ebc540, command=[]} | ret=SUCCESS |  
2019-09-10 13:00:44,872 | INFO  | SCMAudit | user=jenkins1000 | ip=192.168.5.153 | op=SEND_HEARTBEAT {datanodeUUID=4afd2ab1-ec40-4403-b668-2a355860e883, command=[]} | ret=SUCCESS |  
2019-09-10 13:00:44,971 [grpc-default-executor-0] INFO  client.GrpcClientProtocolClient (GrpcClientProtocolClient.java:onNext(255)) - client-1AEBD7C46593->80892ce7-83f5-4ca2-be8c-d0fb582c0dda: receive RaftClientReply:client-1AEBD7C46593->80892ce7-83f5-4ca2-be8c-d0fb582c0dda@group-59B8B6051EC0, cid=45, FAILED org.apache.ratis.protocol.NotLeaderException: Server 80892ce7-83f5-4ca2-be8c-d0fb582c0dda is not the leader (677e3d93-3467-4860-9bf6-0d2ba46507f3:192.168.5.153:41781). Request must be sent to leader., logIndex=0, commits[80892ce7-83f5-4ca2-be8c-d0fb582c0dda:c8, 677e3d93-3467-4860-9bf6-0d2ba46507f3:c8, 5133bb85-d112-43d0-b51c-6140e4ebc540:c8]
2019-09-10 13:00:45,074 | INFO  | SCMAudit | user=jenkins1000 | ip=192.168.5.153 | op=SEND_HEARTBEAT {datanodeUUID=98692575-908f-4c6f-b3d7-fc3119b7636a, command=[]} | ret=SUCCESS |  
2019-09-10 13:00:45,288 | INFO  | SCMAudit | user=jenkins1000 | ip=192.168.5.153 | op=SEND_HEARTBEAT {datanodeUUID=b87234b6-97b4-403b-b761-d13c1d3498ce, command=[]} | ret=SUCCESS |  
2019-09-10 13:00:45,465 | INFO  | SCMAudit | user=jenkins1000 | ip=192.168.5.153 | op=SEND_HEARTBEAT {datanodeUUID=51f7194d-0b6e-44ce-bfd4-93c34be99c19, command=[]} | ret=SUCCESS |  
2019-09-10 13:00:45,583 | INFO  | SCMAudit | user=jenkins1000 | ip=192.168.5.153 | op=SEND_HEARTBEAT {datanodeUUID=677e3d93-3467-4860-9bf6-0d2ba46507f3, command=[]} | ret=SUCCESS |  
2019-09-10 13:00:45,584 | INFO  | SCMAudit | user=jenkins1000 | ip=192.168.5.153 | op=SEND_HEARTBEAT {datanodeUUID=80892ce7-83f5-4ca2-be8c-d0fb582c0dda, command=[]} | ret=SUCCESS |  
2019-09-10 13:00:45,584 | INFO  | SCMAudit | user=jenkins1000 | ip=192.168.5.153 | op=SEND_HEARTBEAT {datanodeUUID=5133bb85-d112-43d0-b51c-6140e4ebc540, command=[]} | ret=SUCCESS |  
2019-09-10 13:00:45,872 | INFO  | SCMAudit | user=jenkins1000 | ip=192.168.5.153 | op=SEND_HEARTBEAT {datanodeUUID=4afd2ab1-ec40-4403-b668-2a355860e883, command=[]} | ret=SUCCESS |  
2019-09-10 13:00:46,073 | INFO  | SCMAudit | user=jenkins1000 | ip=192.168.5.153 | op=SEND_HEARTBEAT {datanodeUUID=98692575-908f-4c6f-b3d7-fc3119b7636a, command=[]} | ret=SUCCESS |  
2019-09-10 13:00:46,289 | INFO  | SCMAudit | user=jenkins1000 | ip=192.168.5.153 | op=SEND_HEARTBEAT {datanodeUUID=b87234b6-97b4-403b-b761-d13c1d3498ce, command=[]} | ret=SUCCESS |  
2019-09-10 13:00:46,465 | INFO  | SCMAudit | user=jenkins1000 | ip=192.168.5.153 | op=SEND_HEARTBEAT {datanodeUUID=51f7194d-0b6e-44ce-bfd4-93c34be99c19, command=[]} | ret=SUCCESS |  
2019-09-10 13:00:46,583 | INFO  | SCMAudit | user=jenkins1000 | ip=192.168.5.153 | op=SEND_HEARTBEAT {datanodeUUID=677e3d93-3467-4860-9bf6-0d2ba46507f3, command=[]} | ret=SUCCESS |  
2019-09-10 13:00:46,586 | INFO  | SCMAudit | user=jenkins1000 | ip=192.168.5.153 | op=SEND_HEARTBEAT {datanodeUUID=80892ce7-83f5-4ca2-be8c-d0fb582c0dda, command=[]} | ret=SUCCESS |  
2019-09-10 13:00:46,586 | INFO  | SCMAudit | user=jenkins1000 | ip=192.168.5.153 | op=SEND_HEARTBEAT {datanodeUUID=5133bb85-d112-43d0-b51c-6140e4ebc540, command=[]} | ret=SUCCESS |  
2019-09-10 13:00:46,872 | INFO  | SCMAudit | user=jenkins1000 | ip=192.168.5.153 | op=SEND_HEARTBEAT {datanodeUUID=4afd2ab1-ec40-4403-b668-2a355860e883, command=[]} | ret=SUCCESS |  
2019-09-10 13:00:47,074 | INFO  | SCMAudit | user=jenkins1000 | ip=192.168.5.153 | op=SEND_HEARTBEAT {datanodeUUID=98692575-908f-4c6f-b3d7-fc3119b7636a, command=[]} | ret=SUCCESS |  
2019-09-10 13:00:47,289 | INFO  | SCMAudit | user=jenkins1000 | ip=192.168.5.153 | op=SEND_HEARTBEAT {datanodeUUID=b87234b6-97b4-403b-b761-d13c1d3498ce, command=[]} | ret=SUCCESS |  
2019-09-10 13:00:47,465 | INFO  | SCMAudit | user=jenkins1000 | ip=192.168.5.153 | op=SEND_HEARTBEAT {datanodeUUID=51f7194d-0b6e-44ce-bfd4-93c34be99c19, command=[]} | ret=SUCCESS |  
2019-09-10 13:00:47,583 | INFO  | SCMAudit | user=jenkins1000 | ip=192.168.5.153 | op=SEND_HEARTBEAT {datanodeUUID=677e3d93-3467-4860-9bf6-0d2ba46507f3, command=[]} | ret=SUCCESS |  
2019-09-10 13:00:47,585 | INFO  | SCMAudit | user=jenkins1000 | ip=192.168.5.153 | op=SEND_HEARTBEAT {datanodeUUID=80892ce7-83f5-4ca2-be8c-d0fb582c0dda, command=[]} | ret=SUCCESS |  
2019-09-10 13:00:47,586 | INFO  | SCMAudit | user=jenkins1000 | ip=192.168.5.153 | op=SEND_HEARTBEAT {datanodeUUID=5133bb85-d112-43d0-b51c-6140e4ebc540, command=[]} | ret=SUCCESS |  
2019-09-10 13:00:47,874 | INFO  | SCMAudit | user=jenkins1000 | ip=192.168.5.153 | op=SEND_HEARTBEAT {datanodeUUID=4afd2ab1-ec40-4403-b668-2a355860e883, command=[]} | ret=SUCCESS |  
2019-09-10 13:00:48,075 | INFO  | SCMAudit | user=jenkins1000 | ip=192.168.5.153 | op=SEND_HEARTBEAT {datanodeUUID=98692575-908f-4c6f-b3d7-fc3119b7636a, command=[]} | ret=SUCCESS |  
2019-09-10 13:00:48,289 | INFO  | SCMAudit | user=jenkins1000 | ip=192.168.5.153 | op=SEND_HEARTBEAT {datanodeUUID=b87234b6-97b4-403b-b761-d13c1d3498ce, command=[]} | ret=SUCCESS |  
2019-09-10 13:00:48,465 | INFO  | SCMAudit | user=jenkins1000 | ip=192.168.5.153 | op=SEND_HEARTBEAT {datanodeUUID=51f7194d-0b6e-44ce-bfd4-93c34be99c19, command=[]} | ret=SUCCESS |  
2019-09-10 13:00:48,583 | INFO  | SCMAudit | user=jenkins1000 | ip=192.168.5.153 | op=SEND_HEARTBEAT {datanodeUUID=677e3d93-3467-4860-9bf6-0d2ba46507f3, command=[]} | ret=SUCCESS |  
2019-09-10 13:00:48,585 | INFO  | SCMAudit | user=jenkins1000 | ip=192.168.5.153 | op=SEND_HEARTBEAT {datanodeUUID=80892ce7-83f5-4ca2-be8c-d0fb582c0dda, command=[]} | ret=SUCCESS |  
2019-09-10 13:00:48,586 | INFO  | SCMAudit | user=jenkins1000 | ip=192.168.5.153 | op=SEND_HEARTBEAT {datanodeUUID=5133bb85-d112-43d0-b51c-6140e4ebc540, command=[]} | ret=SUCCESS |  
2019-09-10 13:00:48,874 | INFO  | SCMAudit | user=jenkins1000 | ip=192.168.5.153 | op=SEND_HEARTBEAT {datanodeUUID=4afd2ab1-ec40-4403-b668-2a355860e883, command=[]} | ret=SUCCESS |  
2019-09-10 13:00:49,074 | INFO  | SCMAudit | user=jenkins1000 | ip=192.168.5.153 | op=SEND_HEARTBEAT {datanodeUUID=98692575-908f-4c6f-b3d7-fc3119b7636a, command=[]} | ret=SUCCESS |  
2019-09-10 13:00:49,289 | INFO  | SCMAudit | user=jenkins1000 | ip=192.168.5.153 | op=SEND_HEARTBEAT {datanodeUUID=b87234b6-97b4-403b-b761-d13c1d3498ce, command=[]} | ret=SUCCESS |  
2019-09-10 13:00:49,465 | INFO  | SCMAudit | user=jenkins1000 | ip=192.168.5.153 | op=SEND_HEARTBEAT {datanodeUUID=51f7194d-0b6e-44ce-bfd4-93c34be99c19, command=[]} | ret=SUCCESS |  
2019-09-10 13:00:49,583 | INFO  | SCMAudit | user=jenkins1000 | ip=192.168.5.153 | op=SEND_HEARTBEAT {datanodeUUID=677e3d93-3467-4860-9bf6-0d2ba46507f3, command=[]} | ret=SUCCESS |  
2019-09-10 13:00:49,586 | INFO  | SCMAudit | user=jenkins1000 | ip=192.168.5.153 | op=SEND_HEARTBEAT {datanodeUUID=80892ce7-83f5-4ca2-be8c-d0fb582c0dda, command=[]} | ret=SUCCESS |  
2019-09-10 13:00:49,586 | INFO  | SCMAudit | user=jenkins1000 | ip=192.168.5.153 | op=SEND_HEARTBEAT {datanodeUUID=5133bb85-d112-43d0-b51c-6140e4ebc540, command=[]} | ret=SUCCESS |  
2019-09-10 13:00:49,873 | INFO  | SCMAudit | user=jenkins1000 | ip=192.168.5.153 | op=SEND_HEARTBEAT {datanodeUUID=4afd2ab1-ec40-4403-b668-2a355860e883, command=[]} | ret=SUCCESS |  
2019-09-10 13:00:50,018 [grpc-default-executor-1] INFO  client.GrpcClientProtocolClient (GrpcClientProtocolClient.java:onNext(255)) - client-1AEBD7C46593->5133bb85-d112-43d0-b51c-6140e4ebc540: receive RaftClientReply:client-1AEBD7C46593->5133bb85-d112-43d0-b51c-6140e4ebc540@group-59B8B6051EC0, cid=45, FAILED org.apache.ratis.protocol.NotLeaderException: Server 5133bb85-d112-43d0-b51c-6140e4ebc540 is not the leader (677e3d93-3467-4860-9bf6-0d2ba46507f3:192.168.5.153:41781). Request must be sent to leader., logIndex=0, commits[5133bb85-d112-43d0-b51c-6140e4ebc540:c8, 80892ce7-83f5-4ca2-be8c-d0fb582c0dda:c8, 677e3d93-3467-4860-9bf6-0d2ba46507f3:c8]
2019-09-10 13:00:50,074 | INFO  | SCMAudit | user=jenkins1000 | ip=192.168.5.153 | op=SEND_HEARTBEAT {datanodeUUID=98692575-908f-4c6f-b3d7-fc3119b7636a, command=[]} | ret=SUCCESS |  
2019-09-10 13:00:50,290 | INFO  | SCMAudit | user=jenkins1000 | ip=192.168.5.153 | op=SEND_HEARTBEAT {datanodeUUID=b87234b6-97b4-403b-b761-d13c1d3498ce, command=[]} | ret=SUCCESS |  
2019-09-10 13:00:50,466 | INFO  | SCMAudit | user=jenkins1000 | ip=192.168.5.153 | op=SEND_HEARTBEAT {datanodeUUID=51f7194d-0b6e-44ce-bfd4-93c34be99c19, command=[]} | ret=SUCCESS |  
2019-09-10 13:00:50,584 | INFO  | SCMAudit | user=jenkins1000 | ip=192.168.5.153 | op=SEND_HEARTBEAT {datanodeUUID=677e3d93-3467-4860-9bf6-0d2ba46507f3, command=[]} | ret=SUCCESS |  
2019-09-10 13:00:50,585 | INFO  | SCMAudit | user=jenkins1000 | ip=192.168.5.153 | op=SEND_HEARTBEAT {datanodeUUID=80892ce7-83f5-4ca2-be8c-d0fb582c0dda, command=[]} | ret=SUCCESS |  
2019-09-10 13:00:50,588 | INFO  | SCMAudit | user=jenkins1000 | ip=192.168.5.153 | op=SEND_HEARTBEAT {datanodeUUID=5133bb85-d112-43d0-b51c-6140e4ebc540, command=[]} | ret=SUCCESS |  
2019-09-10 13:00:50,874 | INFO  | SCMAudit | user=jenkins1000 | ip=192.168.5.153 | op=SEND_HEARTBEAT {datanodeUUID=4afd2ab1-ec40-4403-b668-2a355860e883, command=[]} | ret=SUCCESS |  
2019-09-10 13:00:51,074 | INFO  | SCMAudit | user=jenkins1000 | ip=192.168.5.153 | op=SEND_HEARTBEAT {datanodeUUID=98692575-908f-4c6f-b3d7-fc3119b7636a, command=[]} | ret=SUCCESS |  
2019-09-10 13:00:51,290 | INFO  | SCMAudit | user=jenkins1000 | ip=192.168.5.153 | op=SEND_HEARTBEAT {datanodeUUID=b87234b6-97b4-403b-b761-d13c1d3498ce, command=[]} | ret=SUCCESS |  
2019-09-10 13:00:51,465 | INFO  | SCMAudit | user=jenkins1000 | ip=192.168.5.153 | op=SEND_HEARTBEAT {datanodeUUID=51f7194d-0b6e-44ce-bfd4-93c34be99c19, command=[]} | ret=SUCCESS |  
2019-09-10 13:00:51,584 | INFO  | SCMAudit | user=jenkins1000 | ip=192.168.5.153 | op=SEND_HEARTBEAT {datanodeUUID=677e3d93-3467-4860-9bf6-0d2ba46507f3, command=[]} | ret=SUCCESS |  
2019-09-10 13:00:51,586 | INFO  | SCMAudit | user=jenkins1000 | ip=192.168.5.153 | op=SEND_HEARTBEAT {datanodeUUID=80892ce7-83f5-4ca2-be8c-d0fb582c0dda, command=[]} | ret=SUCCESS |  
2019-09-10 13:00:51,588 | INFO  | SCMAudit | user=jenkins1000 | ip=192.168.5.153 | op=SEND_HEARTBEAT {datanodeUUID=5133bb85-d112-43d0-b51c-6140e4ebc540, command=[]} | ret=SUCCESS |  
2019-09-10 13:00:51,873 | INFO  | SCMAudit | user=jenkins1000 | ip=192.168.5.153 | op=SEND_HEARTBEAT {datanodeUUID=4afd2ab1-ec40-4403-b668-2a355860e883, command=[]} | ret=SUCCESS |  
2019-09-10 13:00:52,074 | INFO  | SCMAudit | user=jenkins1000 | ip=192.168.5.153 | op=SEND_HEARTBEAT {datanodeUUID=98692575-908f-4c6f-b3d7-fc3119b7636a, command=[]} | ret=SUCCESS |  
2019-09-10 13:00:52,291 | INFO  | SCMAudit | user=jenkins1000 | ip=192.168.5.153 | op=SEND_HEARTBEAT {datanodeUUID=b87234b6-97b4-403b-b761-d13c1d3498ce, command=[]} | ret=SUCCESS |  
2019-09-10 13:00:52,465 | INFO  | SCMAudit | user=jenkins1000 | ip=192.168.5.153 | op=SEND_HEARTBEAT {datanodeUUID=51f7194d-0b6e-44ce-bfd4-93c34be99c19, command=[]} | ret=SUCCESS |  
2019-09-10 13:00:52,584 | INFO  | SCMAudit | user=jenkins1000 | ip=192.168.5.153 | op=SEND_HEARTBEAT {datanodeUUID=677e3d93-3467-4860-9bf6-0d2ba46507f3, command=[]} | ret=SUCCESS |  
2019-09-10 13:00:52,586 | INFO  | SCMAudit | user=jenkins1000 | ip=192.168.5.153 | op=SEND_HEARTBEAT {datanodeUUID=80892ce7-83f5-4ca2-be8c-d0fb582c0dda, command=[]} | ret=SUCCESS |  
2019-09-10 13:00:52,588 | INFO  | SCMAudit | user=jenkins1000 | ip=192.168.5.153 | op=SEND_HEARTBEAT {datanodeUUID=5133bb85-d112-43d0-b51c-6140e4ebc540, command=[]} | ret=SUCCESS |  
2019-09-10 13:00:52,873 | INFO  | SCMAudit | user=jenkins1000 | ip=192.168.5.153 | op=SEND_HEARTBEAT {datanodeUUID=4afd2ab1-ec40-4403-b668-2a355860e883, command=[]} | ret=SUCCESS |  
2019-09-10 13:00:53,075 | INFO  | SCMAudit | user=jenkins1000 | ip=192.168.5.153 | op=SEND_HEARTBEAT {datanodeUUID=98692575-908f-4c6f-b3d7-fc3119b7636a, command=[]} | ret=SUCCESS |  
2019-09-10 13:00:53,291 | INFO  | SCMAudit | user=jenkins1000 | ip=192.168.5.153 | op=SEND_HEARTBEAT {datanodeUUID=b87234b6-97b4-403b-b761-d13c1d3498ce, command=[]} | ret=SUCCESS |  
2019-09-10 13:00:53,466 | INFO  | SCMAudit | user=jenkins1000 | ip=192.168.5.153 | op=SEND_HEARTBEAT {datanodeUUID=51f7194d-0b6e-44ce-bfd4-93c34be99c19, command=[]} | ret=SUCCESS |  
2019-09-10 13:00:53,584 | INFO  | SCMAudit | user=jenkins1000 | ip=192.168.5.153 | op=SEND_HEARTBEAT {datanodeUUID=677e3d93-3467-4860-9bf6-0d2ba46507f3, command=[]} | ret=SUCCESS |  
2019-09-10 13:00:53,586 | INFO  | SCMAudit | user=jenkins1000 | ip=192.168.5.153 | op=SEND_HEARTBEAT {datanodeUUID=80892ce7-83f5-4ca2-be8c-d0fb582c0dda, command=[]} | ret=SUCCESS |  
2019-09-10 13:00:53,589 | INFO  | SCMAudit | user=jenkins1000 | ip=192.168.5.153 | op=SEND_HEARTBEAT {datanodeUUID=5133bb85-d112-43d0-b51c-6140e4ebc540, command=[]} | ret=SUCCESS |  
2019-09-10 13:00:53,873 | INFO  | SCMAudit | user=jenkins1000 | ip=192.168.5.153 | op=SEND_HEARTBEAT {datanodeUUID=4afd2ab1-ec40-4403-b668-2a355860e883, command=[]} | ret=SUCCESS |  
2019-09-10 13:00:54,074 | INFO  | SCMAudit | user=jenkins1000 | ip=192.168.5.153 | op=SEND_HEARTBEAT {datanodeUUID=98692575-908f-4c6f-b3d7-fc3119b7636a, command=[]} | ret=SUCCESS |  
2019-09-10 13:00:54,291 | INFO  | SCMAudit | user=jenkins1000 | ip=192.168.5.153 | op=SEND_HEARTBEAT {datanodeUUID=b87234b6-97b4-403b-b761-d13c1d3498ce, command=[]} | ret=SUCCESS |  
2019-09-10 13:00:54,465 | INFO  | SCMAudit | user=jenkins1000 | ip=192.168.5.153 | op=SEND_HEARTBEAT {datanodeUUID=51f7194d-0b6e-44ce-bfd4-93c34be99c19, command=[]} | ret=SUCCESS |  
2019-09-10 13:00:54,584 | INFO  | SCMAudit | user=jenkins1000 | ip=192.168.5.153 | op=SEND_HEARTBEAT {datanodeUUID=677e3d93-3467-4860-9bf6-0d2ba46507f3, command=[]} | ret=SUCCESS |  
2019-09-10 13:00:54,586 | INFO  | SCMAudit | user=jenkins1000 | ip=192.168.5.153 | op=SEND_HEARTBEAT {datanodeUUID=80892ce7-83f5-4ca2-be8c-d0fb582c0dda, command=[]} | ret=SUCCESS |  
2019-09-10 13:00:54,588 | INFO  | SCMAudit | user=jenkins1000 | ip=192.168.5.153 | op=SEND_HEARTBEAT {datanodeUUID=5133bb85-d112-43d0-b51c-6140e4ebc540, command=[]} | ret=SUCCESS |  
2019-09-10 13:00:54,874 | INFO  | SCMAudit | user=jenkins1000 | ip=192.168.5.153 | op=SEND_HEARTBEAT {datanodeUUID=4afd2ab1-ec40-4403-b668-2a355860e883, command=[]} | ret=SUCCESS |  
2019-09-10 13:00:55,061 [grpc-default-executor-0] INFO  client.GrpcClientProtocolClient (GrpcClientProtocolClient.java:onNext(255)) - client-1AEBD7C46593->80892ce7-83f5-4ca2-be8c-d0fb582c0dda: receive RaftClientReply:client-1AEBD7C46593->80892ce7-83f5-4ca2-be8c-d0fb582c0dda@group-59B8B6051EC0, cid=45, FAILED org.apache.ratis.protocol.NotLeaderException: Server 80892ce7-83f5-4ca2-be8c-d0fb582c0dda is not the leader (677e3d93-3467-4860-9bf6-0d2ba46507f3:192.168.5.153:41781). Request must be sent to leader., logIndex=0, commits[80892ce7-83f5-4ca2-be8c-d0fb582c0dda:c8, 677e3d93-3467-4860-9bf6-0d2ba46507f3:c8, 5133bb85-d112-43d0-b51c-6140e4ebc540:c8]
2019-09-10 13:00:55,074 | INFO  | SCMAudit | user=jenkins1000 | ip=192.168.5.153 | op=SEND_HEARTBEAT {datanodeUUID=98692575-908f-4c6f-b3d7-fc3119b7636a, command=[]} | ret=SUCCESS |  
2019-09-10 13:00:55,291 | INFO  | SCMAudit | user=jenkins1000 | ip=192.168.5.153 | op=SEND_HEARTBEAT {datanodeUUID=b87234b6-97b4-403b-b761-d13c1d3498ce, command=[]} | ret=SUCCESS |  
2019-09-10 13:00:55,466 | INFO  | SCMAudit | user=jenkins1000 | ip=192.168.5.153 | op=SEND_HEARTBEAT {datanodeUUID=51f7194d-0b6e-44ce-bfd4-93c34be99c19, command=[]} | ret=SUCCESS |  
2019-09-10 13:00:55,584 | INFO  | SCMAudit | user=jenkins1000 | ip=192.168.5.153 | op=SEND_HEARTBEAT {datanodeUUID=677e3d93-3467-4860-9bf6-0d2ba46507f3, command=[]} | ret=SUCCESS |  
2019-09-10 13:00:55,586 | INFO  | SCMAudit | user=jenkins1000 | ip=192.168.5.153 | op=SEND_HEARTBEAT {datanodeUUID=80892ce7-83f5-4ca2-be8c-d0fb582c0dda, command=[]} | ret=SUCCESS |  
2019-09-10 13:00:55,588 | INFO  | SCMAudit | user=jenkins1000 | ip=192.168.5.153 | op=SEND_HEARTBEAT {datanodeUUID=5133bb85-d112-43d0-b51c-6140e4ebc540, command=[]} | ret=SUCCESS |  
2019-09-10 13:00:55,873 | INFO  | SCMAudit | user=jenkins1000 | ip=192.168.5.153 | op=SEND_HEARTBEAT {datanodeUUID=4afd2ab1-ec40-4403-b668-2a355860e883, command=[]} | ret=SUCCESS |  
2019-09-10 13:00:56,074 | INFO  | SCMAudit | user=jenkins1000 | ip=192.168.5.153 | op=SEND_HEARTBEAT {datanodeUUID=98692575-908f-4c6f-b3d7-fc3119b7636a, command=[]} | ret=SUCCESS |  
2019-09-10 13:00:56,291 | INFO  | SCMAudit | user=jenkins1000 | ip=192.168.5.153 | op=SEND_HEARTBEAT {datanodeUUID=b87234b6-97b4-403b-b761-d13c1d3498ce, command=[]} | ret=SUCCESS |  
2019-09-10 13:00:56,466 | INFO  | SCMAudit | user=jenkins1000 | ip=192.168.5.153 | op=SEND_HEARTBEAT {datanodeUUID=51f7194d-0b6e-44ce-bfd4-93c34be99c19, command=[]} | ret=SUCCESS |  
2019-09-10 13:00:56,585 | INFO  | SCMAudit | user=jenkins1000 | ip=192.168.5.153 | op=SEND_HEARTBEAT {datanodeUUID=677e3d93-3467-4860-9bf6-0d2ba46507f3, command=[]} | ret=SUCCESS |  
2019-09-10 13:00:56,586 | INFO  | SCMAudit | user=jenkins1000 | ip=192.168.5.153 | op=SEND_HEARTBEAT {datanodeUUID=80892ce7-83f5-4ca2-be8c-d0fb582c0dda, command=[]} | ret=SUCCESS |  
2019-09-10 13:00:56,587 | INFO  | SCMAudit | user=jenkins1000 | ip=192.168.5.153 | op=SEND_HEARTBEAT {datanodeUUID=5133bb85-d112-43d0-b51c-6140e4ebc540, command=[]} | ret=SUCCESS |  
2019-09-10 13:00:56,874 | INFO  | SCMAudit | user=jenkins1000 | ip=192.168.5.153 | op=SEND_HEARTBEAT {datanodeUUID=4afd2ab1-ec40-4403-b668-2a355860e883, command=[]} | ret=SUCCESS |  
2019-09-10 13:00:57,077 | INFO  | SCMAudit | user=jenkins1000 | ip=192.168.5.153 | op=SEND_HEARTBEAT {datanodeUUID=98692575-908f-4c6f-b3d7-fc3119b7636a, command=[]} | ret=SUCCESS |  
2019-09-10 13:00:57,291 | INFO  | SCMAudit | user=jenkins1000 | ip=192.168.5.153 | op=SEND_HEARTBEAT {datanodeUUID=b87234b6-97b4-403b-b761-d13c1d3498ce, command=[]} | ret=SUCCESS |  
2019-09-10 13:00:57,466 | INFO  | SCMAudit | user=jenkins1000 | ip=192.168.5.153 | op=SEND_HEARTBEAT {datanodeUUID=51f7194d-0b6e-44ce-bfd4-93c34be99c19, command=[]} | ret=SUCCESS |  
2019-09-10 13:00:57,584 | INFO  | SCMAudit | user=jenkins1000 | ip=192.168.5.153 | op=SEND_HEARTBEAT {datanodeUUID=677e3d93-3467-4860-9bf6-0d2ba46507f3, command=[]} | ret=SUCCESS |  
2019-09-10 13:00:57,587 | INFO  | SCMAudit | user=jenkins1000 | ip=192.168.5.153 | op=SEND_HEARTBEAT {datanodeUUID=80892ce7-83f5-4ca2-be8c-d0fb582c0dda, command=[]} | ret=SUCCESS |  
2019-09-10 13:00:57,588 | INFO  | SCMAudit | user=jenkins1000 | ip=192.168.5.153 | op=SEND_HEARTBEAT {datanodeUUID=5133bb85-d112-43d0-b51c-6140e4ebc540, command=[]} | ret=SUCCESS |  
2019-09-10 13:00:57,874 | INFO  | SCMAudit | user=jenkins1000 | ip=192.168.5.153 | op=SEND_HEARTBEAT {datanodeUUID=4afd2ab1-ec40-4403-b668-2a355860e883, command=[]} | ret=SUCCESS |  
2019-09-10 13:00:58,077 | INFO  | SCMAudit | user=jenkins1000 | ip=192.168.5.153 | op=SEND_HEARTBEAT {datanodeUUID=98692575-908f-4c6f-b3d7-fc3119b7636a, command=[]} | ret=SUCCESS |  
2019-09-10 13:00:58,292 | INFO  | SCMAudit | user=jenkins1000 | ip=192.168.5.153 | op=SEND_HEARTBEAT {datanodeUUID=b87234b6-97b4-403b-b761-d13c1d3498ce, command=[]} | ret=SUCCESS |  
2019-09-10 13:00:58,467 | INFO  | SCMAudit | user=jenkins1000 | ip=192.168.5.153 | op=SEND_HEARTBEAT {datanodeUUID=51f7194d-0b6e-44ce-bfd4-93c34be99c19, command=[]} | ret=SUCCESS |  
2019-09-10 13:00:58,584 | INFO  | SCMAudit | user=jenkins1000 | ip=192.168.5.153 | op=SEND_HEARTBEAT {datanodeUUID=677e3d93-3467-4860-9bf6-0d2ba46507f3, command=[]} | ret=SUCCESS |  
2019-09-10 13:00:58,587 | INFO  | SCMAudit | user=jenkins1000 | ip=192.168.5.153 | op=SEND_HEARTBEAT {datanodeUUID=80892ce7-83f5-4ca2-be8c-d0fb582c0dda, command=[]} | ret=SUCCESS |  
2019-09-10 13:00:58,588 | INFO  | SCMAudit | user=jenkins1000 | ip=192.168.5.153 | op=SEND_HEARTBEAT {datanodeUUID=5133bb85-d112-43d0-b51c-6140e4ebc540, command=[]} | ret=SUCCESS |  
2019-09-10 13:00:58,875 | INFO  | SCMAudit | user=jenkins1000 | ip=192.168.5.153 | op=SEND_HEARTBEAT {datanodeUUID=4afd2ab1-ec40-4403-b668-2a355860e883, command=[]} | ret=SUCCESS |  
2019-09-10 13:00:59,079 | INFO  | SCMAudit | user=jenkins1000 | ip=192.168.5.153 | op=SEND_HEARTBEAT {datanodeUUID=98692575-908f-4c6f-b3d7-fc3119b7636a, command=[]} | ret=SUCCESS |  
2019-09-10 13:00:59,292 | INFO  | SCMAudit | user=jenkins1000 | ip=192.168.5.153 | op=SEND_HEARTBEAT {datanodeUUID=b87234b6-97b4-403b-b761-d13c1d3498ce, command=[]} | ret=SUCCESS |  
2019-09-10 13:00:59,467 | INFO  | SCMAudit | user=jenkins1000 | ip=192.168.5.153 | op=SEND_HEARTBEAT {datanodeUUID=51f7194d-0b6e-44ce-bfd4-93c34be99c19, command=[]} | ret=SUCCESS |  
2019-09-10 13:00:59,584 | INFO  | SCMAudit | user=jenkins1000 | ip=192.168.5.153 | op=SEND_HEARTBEAT {datanodeUUID=677e3d93-3467-4860-9bf6-0d2ba46507f3, command=[]} | ret=SUCCESS |  
2019-09-10 13:00:59,587 | INFO  | SCMAudit | user=jenkins1000 | ip=192.168.5.153 | op=SEND_HEARTBEAT {datanodeUUID=80892ce7-83f5-4ca2-be8c-d0fb582c0dda, command=[]} | ret=SUCCESS |  
2019-09-10 13:00:59,588 | INFO  | SCMAudit | user=jenkins1000 | ip=192.168.5.153 | op=SEND_HEARTBEAT {datanodeUUID=5133bb85-d112-43d0-b51c-6140e4ebc540, command=[]} | ret=SUCCESS |  
2019-09-10 13:00:59,874 | INFO  | SCMAudit | user=jenkins1000 | ip=192.168.5.153 | op=SEND_HEARTBEAT {datanodeUUID=4afd2ab1-ec40-4403-b668-2a355860e883, command=[]} | ret=SUCCESS |  
2019-09-10 13:01:00,080 | INFO  | SCMAudit | user=jenkins1000 | ip=192.168.5.153 | op=SEND_HEARTBEAT {datanodeUUID=98692575-908f-4c6f-b3d7-fc3119b7636a, command=[]} | ret=SUCCESS |  
2019-09-10 13:01:00,099 [grpc-default-executor-0] INFO  client.GrpcClientProtocolClient (GrpcClientProtocolClient.java:onNext(255)) - client-1AEBD7C46593->80892ce7-83f5-4ca2-be8c-d0fb582c0dda: receive RaftClientReply:client-1AEBD7C46593->80892ce7-83f5-4ca2-be8c-d0fb582c0dda@group-59B8B6051EC0, cid=45, FAILED org.apache.ratis.protocol.NotLeaderException: Server 80892ce7-83f5-4ca2-be8c-d0fb582c0dda is not the leader (677e3d93-3467-4860-9bf6-0d2ba46507f3:192.168.5.153:41781). Request must be sent to leader., logIndex=0, commits[80892ce7-83f5-4ca2-be8c-d0fb582c0dda:c8, 677e3d93-3467-4860-9bf6-0d2ba46507f3:c8, 5133bb85-d112-43d0-b51c-6140e4ebc540:c8]
2019-09-10 13:01:00,292 | INFO  | SCMAudit | user=jenkins1000 | ip=192.168.5.153 | op=SEND_HEARTBEAT {datanodeUUID=b87234b6-97b4-403b-b761-d13c1d3498ce, command=[]} | ret=SUCCESS |  
2019-09-10 13:01:00,467 | INFO  | SCMAudit | user=jenkins1000 | ip=192.168.5.153 | op=SEND_HEARTBEAT {datanodeUUID=51f7194d-0b6e-44ce-bfd4-93c34be99c19, command=[]} | ret=SUCCESS |  
2019-09-10 13:01:00,585 | INFO  | SCMAudit | user=jenkins1000 | ip=192.168.5.153 | op=SEND_HEARTBEAT {datanodeUUID=677e3d93-3467-4860-9bf6-0d2ba46507f3, command=[]} | ret=SUCCESS |  
2019-09-10 13:01:00,587 | INFO  | SCMAudit | user=jenkins1000 | ip=192.168.5.153 | op=SEND_HEARTBEAT {datanodeUUID=80892ce7-83f5-4ca2-be8c-d0fb582c0dda, command=[]} | ret=SUCCESS |  
2019-09-10 13:01:00,587 | INFO  | SCMAudit | user=jenkins1000 | ip=192.168.5.153 | op=SEND_HEARTBEAT {datanodeUUID=5133bb85-d112-43d0-b51c-6140e4ebc540, command=[]} | ret=SUCCESS |  
2019-09-10 13:01:00,874 | INFO  | SCMAudit | user=jenkins1000 | ip=192.168.5.153 | op=SEND_HEARTBEAT {datanodeUUID=4afd2ab1-ec40-4403-b668-2a355860e883, command=[]} | ret=SUCCESS |  
2019-09-10 13:01:01,080 | INFO  | SCMAudit | user=jenkins1000 | ip=192.168.5.153 | op=SEND_HEARTBEAT {datanodeUUID=98692575-908f-4c6f-b3d7-fc3119b7636a, command=[]} | ret=SUCCESS |  
2019-09-10 13:01:01,292 | INFO  | SCMAudit | user=jenkins1000 | ip=192.168.5.153 | op=SEND_HEARTBEAT {datanodeUUID=b87234b6-97b4-403b-b761-d13c1d3498ce, command=[]} | ret=SUCCESS |  
2019-09-10 13:01:01,468 | INFO  | SCMAudit | user=jenkins1000 | ip=192.168.5.153 | op=SEND_HEARTBEAT {datanodeUUID=51f7194d-0b6e-44ce-bfd4-93c34be99c19, command=[]} | ret=SUCCESS |  
2019-09-10 13:01:01,584 | INFO  | SCMAudit | user=jenkins1000 | ip=192.168.5.153 | op=SEND_HEARTBEAT {datanodeUUID=677e3d93-3467-4860-9bf6-0d2ba46507f3, command=[]} | ret=SUCCESS |  
2019-09-10 13:01:01,588 | INFO  | SCMAudit | user=jenkins1000 | ip=192.168.5.153 | op=SEND_HEARTBEAT {datanodeUUID=5133bb85-d112-43d0-b51c-6140e4ebc540, command=[]} | ret=SUCCESS |  
2019-09-10 13:01:01,588 | INFO  | SCMAudit | user=jenkins1000 | ip=192.168.5.153 | op=SEND_HEARTBEAT {datanodeUUID=80892ce7-83f5-4ca2-be8c-d0fb582c0dda, command=[]} | ret=SUCCESS |  
2019-09-10 13:01:01,874 | INFO  | SCMAudit | user=jenkins1000 | ip=192.168.5.153 | op=SEND_HEARTBEAT {datanodeUUID=4afd2ab1-ec40-4403-b668-2a355860e883, command=[]} | ret=SUCCESS |  
2019-09-10 13:01:02,080 | INFO  | SCMAudit | user=jenkins1000 | ip=192.168.5.153 | op=SEND_HEARTBEAT {datanodeUUID=98692575-908f-4c6f-b3d7-fc3119b7636a, command=[]} | ret=SUCCESS |  
2019-09-10 13:01:02,292 | INFO  | SCMAudit | user=jenkins1000 | ip=192.168.5.153 | op=SEND_HEARTBEAT {datanodeUUID=b87234b6-97b4-403b-b761-d13c1d3498ce, command=[]} | ret=SUCCESS |  
2019-09-10 13:01:02,467 | INFO  | SCMAudit | user=jenkins1000 | ip=192.168.5.153 | op=SEND_HEARTBEAT {datanodeUUID=51f7194d-0b6e-44ce-bfd4-93c34be99c19, command=[]} | ret=SUCCESS |  
2019-09-10 13:01:02,585 | INFO  | SCMAudit | user=jenkins1000 | ip=192.168.5.153 | op=SEND_HEARTBEAT {datanodeUUID=677e3d93-3467-4860-9bf6-0d2ba46507f3, command=[]} | ret=SUCCESS |  
2019-09-10 13:01:02,588 | INFO  | SCMAudit | user=jenkins1000 | ip=192.168.5.153 | op=SEND_HEARTBEAT {datanodeUUID=5133bb85-d112-43d0-b51c-6140e4ebc540, command=[]} | ret=SUCCESS |  
2019-09-10 13:01:02,591 | INFO  | SCMAudit | user=jenkins1000 | ip=192.168.5.153 | op=SEND_HEARTBEAT {datanodeUUID=80892ce7-83f5-4ca2-be8c-d0fb582c0dda, command=[]} | ret=SUCCESS |  
2019-09-10 13:01:02,875 | INFO  | SCMAudit | user=jenkins1000 | ip=192.168.5.153 | op=SEND_HEARTBEAT {datanodeUUID=4afd2ab1-ec40-4403-b668-2a355860e883, command=[]} | ret=SUCCESS |  
2019-09-10 13:01:03,081 | INFO  | SCMAudit | user=jenkins1000 | ip=192.168.5.153 | op=SEND_HEARTBEAT {datanodeUUID=98692575-908f-4c6f-b3d7-fc3119b7636a, command=[]} | ret=SUCCESS |  
2019-09-10 13:01:03,292 | INFO  | SCMAudit | user=jenkins1000 | ip=192.168.5.153 | op=SEND_HEARTBEAT {datanodeUUID=b87234b6-97b4-403b-b761-d13c1d3498ce, command=[]} | ret=SUCCESS |  
2019-09-10 13:01:03,468 | INFO  | SCMAudit | user=jenkins1000 | ip=192.168.5.153 | op=SEND_HEARTBEAT {datanodeUUID=51f7194d-0b6e-44ce-bfd4-93c34be99c19, command=[]} | ret=SUCCESS |  
2019-09-10 13:01:03,584 | INFO  | SCMAudit | user=jenkins1000 | ip=192.168.5.153 | op=SEND_HEARTBEAT {datanodeUUID=677e3d93-3467-4860-9bf6-0d2ba46507f3, command=[]} | ret=SUCCESS |  
2019-09-10 13:01:03,588 | INFO  | SCMAudit | user=jenkins1000 | ip=192.168.5.153 | op=SEND_HEARTBEAT {datanodeUUID=5133bb85-d112-43d0-b51c-6140e4ebc540, command=[]} | ret=SUCCESS |  
2019-09-10 13:01:03,590 | INFO  | SCMAudit | user=jenkins1000 | ip=192.168.5.153 | op=SEND_HEARTBEAT {datanodeUUID=80892ce7-83f5-4ca2-be8c-d0fb582c0dda, command=[]} | ret=SUCCESS |  
2019-09-10 13:01:03,875 | INFO  | SCMAudit | user=jenkins1000 | ip=192.168.5.153 | op=SEND_HEARTBEAT {datanodeUUID=4afd2ab1-ec40-4403-b668-2a355860e883, command=[]} | ret=SUCCESS |  
2019-09-10 13:01:04,080 | INFO  | SCMAudit | user=jenkins1000 | ip=192.168.5.153 | op=SEND_HEARTBEAT {datanodeUUID=98692575-908f-4c6f-b3d7-fc3119b7636a, command=[]} | ret=SUCCESS |  
2019-09-10 13:01:04,292 | INFO  | SCMAudit | user=jenkins1000 | ip=192.168.5.153 | op=SEND_HEARTBEAT {datanodeUUID=b87234b6-97b4-403b-b761-d13c1d3498ce, command=[]} | ret=SUCCESS |  
2019-09-10 13:01:04,469 | INFO  | SCMAudit | user=jenkins1000 | ip=192.168.5.153 | op=SEND_HEARTBEAT {datanodeUUID=51f7194d-0b6e-44ce-bfd4-93c34be99c19, command=[]} | ret=SUCCESS |  
2019-09-10 13:01:04,584 | INFO  | SCMAudit | user=jenkins1000 | ip=192.168.5.153 | op=SEND_HEARTBEAT {datanodeUUID=677e3d93-3467-4860-9bf6-0d2ba46507f3, command=[]} | ret=SUCCESS |  
2019-09-10 13:01:04,588 | INFO  | SCMAudit | user=jenkins1000 | ip=192.168.5.153 | op=SEND_HEARTBEAT {datanodeUUID=5133bb85-d112-43d0-b51c-6140e4ebc540, command=[]} | ret=SUCCESS |  
2019-09-10 13:01:04,591 | INFO  | SCMAudit | user=jenkins1000 | ip=192.168.5.153 | op=SEND_HEARTBEAT {datanodeUUID=80892ce7-83f5-4ca2-be8c-d0fb582c0dda, command=[]} | ret=SUCCESS |  
2019-09-10 13:01:04,876 | INFO  | SCMAudit | user=jenkins1000 | ip=192.168.5.153 | op=SEND_HEARTBEAT {datanodeUUID=4afd2ab1-ec40-4403-b668-2a355860e883, command=[]} | ret=SUCCESS |  
2019-09-10 13:01:05,080 | INFO  | SCMAudit | user=jenkins1000 | ip=192.168.5.153 | op=SEND_HEARTBEAT {datanodeUUID=98692575-908f-4c6f-b3d7-fc3119b7636a, command=[]} | ret=SUCCESS |  
2019-09-10 13:01:05,137 [grpc-default-executor-0] INFO  client.GrpcClientProtocolClient (GrpcClientProtocolClient.java:onNext(255)) - client-1AEBD7C46593->5133bb85-d112-43d0-b51c-6140e4ebc540: receive RaftClientReply:client-1AEBD7C46593->5133bb85-d112-43d0-b51c-6140e4ebc540@group-59B8B6051EC0, cid=45, FAILED org.apache.ratis.protocol.NotLeaderException: Server 5133bb85-d112-43d0-b51c-6140e4ebc540 is not the leader (677e3d93-3467-4860-9bf6-0d2ba46507f3:192.168.5.153:41781). Request must be sent to leader., logIndex=0, commits[5133bb85-d112-43d0-b51c-6140e4ebc540:c8, 80892ce7-83f5-4ca2-be8c-d0fb582c0dda:c8, 677e3d93-3467-4860-9bf6-0d2ba46507f3:c8]
2019-09-10 13:01:05,294 | INFO  | SCMAudit | user=jenkins1000 | ip=192.168.5.153 | op=SEND_HEARTBEAT {datanodeUUID=b87234b6-97b4-403b-b761-d13c1d3498ce, command=[]} | ret=SUCCESS |  
2019-09-10 13:01:05,468 | INFO  | SCMAudit | user=jenkins1000 | ip=192.168.5.153 | op=SEND_HEARTBEAT {datanodeUUID=51f7194d-0b6e-44ce-bfd4-93c34be99c19, command=[]} | ret=SUCCESS |  
2019-09-10 13:01:05,584 | INFO  | SCMAudit | user=jenkins1000 | ip=192.168.5.153 | op=SEND_HEARTBEAT {datanodeUUID=677e3d93-3467-4860-9bf6-0d2ba46507f3, command=[]} | ret=SUCCESS |  
2019-09-10 13:01:05,588 | INFO  | SCMAudit | user=jenkins1000 | ip=192.168.5.153 | op=SEND_HEARTBEAT {datanodeUUID=5133bb85-d112-43d0-b51c-6140e4ebc540, command=[]} | ret=SUCCESS |  
2019-09-10 13:01:05,591 | INFO  | SCMAudit | user=jenkins1000 | ip=192.168.5.153 | op=SEND_HEARTBEAT {datanodeUUID=80892ce7-83f5-4ca2-be8c-d0fb582c0dda, command=[]} | ret=SUCCESS |  
2019-09-10 13:01:05,875 | INFO  | SCMAudit | user=jenkins1000 | ip=192.168.5.153 | op=SEND_HEARTBEAT {datanodeUUID=4afd2ab1-ec40-4403-b668-2a355860e883, command=[]} | ret=SUCCESS |  
2019-09-10 13:01:06,081 | INFO  | SCMAudit | user=jenkins1000 | ip=192.168.5.153 | op=SEND_HEARTBEAT {datanodeUUID=98692575-908f-4c6f-b3d7-fc3119b7636a, command=[]} | ret=SUCCESS |  
2019-09-10 13:01:06,293 | INFO  | SCMAudit | user=jenkins1000 | ip=192.168.5.153 | op=SEND_HEARTBEAT {datanodeUUID=b87234b6-97b4-403b-b761-d13c1d3498ce, command=[]} | ret=SUCCESS |  
2019-09-10 13:01:06,468 | INFO  | SCMAudit | user=jenkins1000 | ip=192.168.5.153 | op=SEND_HEARTBEAT {datanodeUUID=51f7194d-0b6e-44ce-bfd4-93c34be99c19, command=[]} | ret=SUCCESS |  
2019-09-10 13:01:06,584 | INFO  | SCMAudit | user=jenkins1000 | ip=192.168.5.153 | op=SEND_HEARTBEAT {datanodeUUID=677e3d93-3467-4860-9bf6-0d2ba46507f3, command=[]} | ret=SUCCESS |  
2019-09-10 13:01:06,588 | INFO  | SCMAudit | user=jenkins1000 | ip=192.168.5.153 | op=SEND_HEARTBEAT {datanodeUUID=5133bb85-d112-43d0-b51c-6140e4ebc540, command=[]} | ret=SUCCESS |  
2019-09-10 13:01:06,591 | INFO  | SCMAudit | user=jenkins1000 | ip=192.168.5.153 | op=SEND_HEARTBEAT {datanodeUUID=80892ce7-83f5-4ca2-be8c-d0fb582c0dda, command=[]} | ret=SUCCESS |  
2019-09-10 13:01:06,875 | INFO  | SCMAudit | user=jenkins1000 | ip=192.168.5.153 | op=SEND_HEARTBEAT {datanodeUUID=4afd2ab1-ec40-4403-b668-2a355860e883, command=[]} | ret=SUCCESS |  
2019-09-10 13:01:07,080 | INFO  | SCMAudit | user=jenkins1000 | ip=192.168.5.153 | op=SEND_HEARTBEAT {datanodeUUID=98692575-908f-4c6f-b3d7-fc3119b7636a, command=[]} | ret=SUCCESS |  
2019-09-10 13:01:07,292 | INFO  | SCMAudit | user=jenkins1000 | ip=192.168.5.153 | op=SEND_HEARTBEAT {datanodeUUID=b87234b6-97b4-403b-b761-d13c1d3498ce, command=[]} | ret=SUCCESS |  
2019-09-10 13:01:07,468 | INFO  | SCMAudit | user=jenkins1000 | ip=192.168.5.153 | op=SEND_HEARTBEAT {datanodeUUID=51f7194d-0b6e-44ce-bfd4-93c34be99c19, command=[]} | ret=SUCCESS |  
2019-09-10 13:01:07,584 | INFO  | SCMAudit | user=jenkins1000 | ip=192.168.5.153 | op=SEND_HEARTBEAT {datanodeUUID=677e3d93-3467-4860-9bf6-0d2ba46507f3, command=[]} | ret=SUCCESS |  
2019-09-10 13:01:07,588 | INFO  | SCMAudit | user=jenkins1000 | ip=192.168.5.153 | op=SEND_HEARTBEAT {datanodeUUID=5133bb85-d112-43d0-b51c-6140e4ebc540, command=[]} | ret=SUCCESS |  
2019-09-10 13:01:07,591 | INFO  | SCMAudit | user=jenkins1000 | ip=192.168.5.153 | op=SEND_HEARTBEAT {datanodeUUID=80892ce7-83f5-4ca2-be8c-d0fb582c0dda, command=[]} | ret=SUCCESS |  
2019-09-10 13:01:07,875 | INFO  | SCMAudit | user=jenkins1000 | ip=192.168.5.153 | op=SEND_HEARTBEAT {datanodeUUID=4afd2ab1-ec40-4403-b668-2a355860e883, command=[]} | ret=SUCCESS |  
2019-09-10 13:01:08,080 | INFO  | SCMAudit | user=jenkins1000 | ip=192.168.5.153 | op=SEND_HEARTBEAT {datanodeUUID=98692575-908f-4c6f-b3d7-fc3119b7636a, command=[]} | ret=SUCCESS |  
2019-09-10 13:01:08,295 | INFO  | SCMAudit | user=jenkins1000 | ip=192.168.5.153 | op=SEND_HEARTBEAT {datanodeUUID=b87234b6-97b4-403b-b761-d13c1d3498ce, command=[]} | ret=SUCCESS |  
2019-09-10 13:01:08,468 | INFO  | SCMAudit | user=jenkins1000 | ip=192.168.5.153 | op=SEND_HEARTBEAT {datanodeUUID=51f7194d-0b6e-44ce-bfd4-93c34be99c19, command=[]} | ret=SUCCESS |  
2019-09-10 13:01:08,585 | INFO  | SCMAudit | user=jenkins1000 | ip=192.168.5.153 | op=SEND_HEARTBEAT {datanodeUUID=677e3d93-3467-4860-9bf6-0d2ba46507f3, command=[]} | ret=SUCCESS |  
2019-09-10 13:01:08,589 | INFO  | SCMAudit | user=jenkins1000 | ip=192.168.5.153 | op=SEND_HEARTBEAT {datanodeUUID=5133bb85-d112-43d0-b51c-6140e4ebc540, command=[]} | ret=SUCCESS |  
2019-09-10 13:01:08,591 | INFO  | SCMAudit | user=jenkins1000 | ip=192.168.5.153 | op=SEND_HEARTBEAT {datanodeUUID=80892ce7-83f5-4ca2-be8c-d0fb582c0dda, command=[]} | ret=SUCCESS |  
2019-09-10 13:01:08,876 | INFO  | SCMAudit | user=jenkins1000 | ip=192.168.5.153 | op=SEND_HEARTBEAT {datanodeUUID=4afd2ab1-ec40-4403-b668-2a355860e883, command=[]} | ret=SUCCESS |  
2019-09-10 13:01:09,081 | INFO  | SCMAudit | user=jenkins1000 | ip=192.168.5.153 | op=SEND_HEARTBEAT {datanodeUUID=98692575-908f-4c6f-b3d7-fc3119b7636a, command=[]} | ret=SUCCESS |  
2019-09-10 13:01:09,292 | INFO  | SCMAudit | user=jenkins1000 | ip=192.168.5.153 | op=SEND_HEARTBEAT {datanodeUUID=b87234b6-97b4-403b-b761-d13c1d3498ce, command=[]} | ret=SUCCESS |  
2019-09-10 13:01:09,469 | INFO  | SCMAudit | user=jenkins1000 | ip=192.168.5.153 | op=SEND_HEARTBEAT {datanodeUUID=51f7194d-0b6e-44ce-bfd4-93c34be99c19, command=[]} | ret=SUCCESS |  
2019-09-10 13:01:09,585 | INFO  | SCMAudit | user=jenkins1000 | ip=192.168.5.153 | op=SEND_HEARTBEAT {datanodeUUID=677e3d93-3467-4860-9bf6-0d2ba46507f3, command=[]} | ret=SUCCESS |  
2019-09-10 13:01:09,589 | INFO  | SCMAudit | user=jenkins1000 | ip=192.168.5.153 | op=SEND_HEARTBEAT {datanodeUUID=5133bb85-d112-43d0-b51c-6140e4ebc540, command=[]} | ret=SUCCESS |  
2019-09-10 13:01:09,591 | INFO  | SCMAudit | user=jenkins1000 | ip=192.168.5.153 | op=SEND_HEARTBEAT {datanodeUUID=80892ce7-83f5-4ca2-be8c-d0fb582c0dda, command=[]} | ret=SUCCESS |  
2019-09-10 13:01:09,875 | INFO  | SCMAudit | user=jenkins1000 | ip=192.168.5.153 | op=SEND_HEARTBEAT {datanodeUUID=4afd2ab1-ec40-4403-b668-2a355860e883, command=[]} | ret=SUCCESS |  
2019-09-10 13:01:10,082 | INFO  | SCMAudit | user=jenkins1000 | ip=192.168.5.153 | op=SEND_HEARTBEAT {datanodeUUID=98692575-908f-4c6f-b3d7-fc3119b7636a, command=[]} | ret=SUCCESS |  
2019-09-10 13:01:10,186 [grpc-default-executor-0] INFO  client.GrpcClientProtocolClient (GrpcClientProtocolClient.java:onNext(255)) - client-1AEBD7C46593->5133bb85-d112-43d0-b51c-6140e4ebc540: receive RaftClientReply:client-1AEBD7C46593->5133bb85-d112-43d0-b51c-6140e4ebc540@group-59B8B6051EC0, cid=45, FAILED org.apache.ratis.protocol.NotLeaderException: Server 5133bb85-d112-43d0-b51c-6140e4ebc540 is not the leader (677e3d93-3467-4860-9bf6-0d2ba46507f3:192.168.5.153:41781). Request must be sent to leader., logIndex=0, commits[5133bb85-d112-43d0-b51c-6140e4ebc540:c8, 80892ce7-83f5-4ca2-be8c-d0fb582c0dda:c8, 677e3d93-3467-4860-9bf6-0d2ba46507f3:c8]
2019-09-10 13:01:10,292 | INFO  | SCMAudit | user=jenkins1000 | ip=192.168.5.153 | op=SEND_HEARTBEAT {datanodeUUID=b87234b6-97b4-403b-b761-d13c1d3498ce, command=[]} | ret=SUCCESS |  
2019-09-10 13:01:10,470 | INFO  | SCMAudit | user=jenkins1000 | ip=192.168.5.153 | op=SEND_HEARTBEAT {datanodeUUID=51f7194d-0b6e-44ce-bfd4-93c34be99c19, command=[]} | ret=SUCCESS |  
2019-09-10 13:01:10,586 | INFO  | SCMAudit | user=jenkins1000 | ip=192.168.5.153 | op=SEND_HEARTBEAT {datanodeUUID=677e3d93-3467-4860-9bf6-0d2ba46507f3, command=[]} | ret=SUCCESS |  
2019-09-10 13:01:10,589 | INFO  | SCMAudit | user=jenkins1000 | ip=192.168.5.153 | op=SEND_HEARTBEAT {datanodeUUID=5133bb85-d112-43d0-b51c-6140e4ebc540, command=[]} | ret=SUCCESS |  
2019-09-10 13:01:10,591 | INFO  | SCMAudit | user=jenkins1000 | ip=192.168.5.153 | op=SEND_HEARTBEAT {datanodeUUID=80892ce7-83f5-4ca2-be8c-d0fb582c0dda, command=[]} | ret=SUCCESS |  
2019-09-10 13:01:10,875 | INFO  | SCMAudit | user=jenkins1000 | ip=192.168.5.153 | op=SEND_HEARTBEAT {datanodeUUID=4afd2ab1-ec40-4403-b668-2a355860e883, command=[]} | ret=SUCCESS |  
2019-09-10 13:01:11,082 | INFO  | SCMAudit | user=jenkins1000 | ip=192.168.5.153 | op=SEND_HEARTBEAT {datanodeUUID=98692575-908f-4c6f-b3d7-fc3119b7636a, command=[]} | ret=SUCCESS |  
2019-09-10 13:01:11,292 | INFO  | SCMAudit | user=jenkins1000 | ip=192.168.5.153 | op=SEND_HEARTBEAT {datanodeUUID=b87234b6-97b4-403b-b761-d13c1d3498ce, command=[]} | ret=SUCCESS |  
2019-09-10 13:01:11,469 | INFO  | SCMAudit | user=jenkins1000 | ip=192.168.5.153 | op=SEND_HEARTBEAT {datanodeUUID=51f7194d-0b6e-44ce-bfd4-93c34be99c19, command=[]} | ret=SUCCESS |  
2019-09-10 13:01:11,586 | INFO  | SCMAudit | user=jenkins1000 | ip=192.168.5.153 | op=SEND_HEARTBEAT {datanodeUUID=677e3d93-3467-4860-9bf6-0d2ba46507f3, command=[]} | ret=SUCCESS |  
2019-09-10 13:01:11,589 | INFO  | SCMAudit | user=jenkins1000 | ip=192.168.5.153 | op=SEND_HEARTBEAT {datanodeUUID=5133bb85-d112-43d0-b51c-6140e4ebc540, command=[]} | ret=SUCCESS |  
2019-09-10 13:01:11,591 | INFO  | SCMAudit | user=jenkins1000 | ip=192.168.5.153 | op=SEND_HEARTBEAT {datanodeUUID=80892ce7-83f5-4ca2-be8c-d0fb582c0dda, command=[]} | ret=SUCCESS |  
2019-09-10 13:01:11,875 | INFO  | SCMAudit | user=jenkins1000 | ip=192.168.5.153 | op=SEND_HEARTBEAT {datanodeUUID=4afd2ab1-ec40-4403-b668-2a355860e883, command=[]} | ret=SUCCESS |  
2019-09-10 13:01:12,081 | INFO  | SCMAudit | user=jenkins1000 | ip=192.168.5.153 | op=SEND_HEARTBEAT {datanodeUUID=98692575-908f-4c6f-b3d7-fc3119b7636a, command=[]} | ret=SUCCESS |  
2019-09-10 13:01:12,293 | INFO  | SCMAudit | user=jenkins1000 | ip=192.168.5.153 | op=SEND_HEARTBEAT {datanodeUUID=b87234b6-97b4-403b-b761-d13c1d3498ce, command=[]} | ret=SUCCESS |  
2019-09-10 13:01:12,469 | INFO  | SCMAudit | user=jenkins1000 | ip=192.168.5.153 | op=SEND_HEARTBEAT {datanodeUUID=51f7194d-0b6e-44ce-bfd4-93c34be99c19, command=[]} | ret=SUCCESS |  
2019-09-10 13:01:12,585 | INFO  | SCMAudit | user=jenkins1000 | ip=192.168.5.153 | op=SEND_HEARTBEAT {datanodeUUID=677e3d93-3467-4860-9bf6-0d2ba46507f3, command=[]} | ret=SUCCESS |  
2019-09-10 13:01:12,589 | INFO  | SCMAudit | user=jenkins1000 | ip=192.168.5.153 | op=SEND_HEARTBEAT {datanodeUUID=5133bb85-d112-43d0-b51c-6140e4ebc540, command=[]} | ret=SUCCESS |  
2019-09-10 13:01:12,591 | INFO  | SCMAudit | user=jenkins1000 | ip=192.168.5.153 | op=SEND_HEARTBEAT {datanodeUUID=80892ce7-83f5-4ca2-be8c-d0fb582c0dda, command=[]} | ret=SUCCESS |  
2019-09-10 13:01:12,876 | INFO  | SCMAudit | user=jenkins1000 | ip=192.168.5.153 | op=SEND_HEARTBEAT {datanodeUUID=4afd2ab1-ec40-4403-b668-2a355860e883, command=[]} | ret=SUCCESS |  
2019-09-10 13:01:13,082 | INFO  | SCMAudit | user=jenkins1000 | ip=192.168.5.153 | op=SEND_HEARTBEAT {datanodeUUID=98692575-908f-4c6f-b3d7-fc3119b7636a, command=[]} | ret=SUCCESS |  
2019-09-10 13:01:13,293 | INFO  | SCMAudit | user=jenkins1000 | ip=192.168.5.153 | op=SEND_HEARTBEAT {datanodeUUID=b87234b6-97b4-403b-b761-d13c1d3498ce, command=[]} | ret=SUCCESS |  
2019-09-10 13:01:13,469 | INFO  | SCMAudit | user=jenkins1000 | ip=192.168.5.153 | op=SEND_HEARTBEAT {datanodeUUID=51f7194d-0b6e-44ce-bfd4-93c34be99c19, command=[]} | ret=SUCCESS |  
2019-09-10 13:01:13,585 | INFO  | SCMAudit | user=jenkins1000 | ip=192.168.5.153 | op=SEND_HEARTBEAT {datanodeUUID=677e3d93-3467-4860-9bf6-0d2ba46507f3, command=[]} | ret=SUCCESS |  
2019-09-10 13:01:13,589 | INFO  | SCMAudit | user=jenkins1000 | ip=192.168.5.153 | op=SEND_HEARTBEAT {datanodeUUID=5133bb85-d112-43d0-b51c-6140e4ebc540, command=[]} | ret=SUCCESS |  
2019-09-10 13:01:13,591 | INFO  | SCMAudit | user=jenkins1000 | ip=192.168.5.153 | op=SEND_HEARTBEAT {datanodeUUID=80892ce7-83f5-4ca2-be8c-d0fb582c0dda, command=[]} | ret=SUCCESS |  
2019-09-10 13:01:13,876 | INFO  | SCMAudit | user=jenkins1000 | ip=192.168.5.153 | op=SEND_HEARTBEAT {datanodeUUID=4afd2ab1-ec40-4403-b668-2a355860e883, command=[]} | ret=SUCCESS |  
2019-09-10 13:01:14,081 | INFO  | SCMAudit | user=jenkins1000 | ip=192.168.5.153 | op=SEND_HEARTBEAT {datanodeUUID=98692575-908f-4c6f-b3d7-fc3119b7636a, command=[]} | ret=SUCCESS |  
2019-09-10 13:01:14,293 | INFO  | SCMAudit | user=jenkins1000 | ip=192.168.5.153 | op=SEND_HEARTBEAT {datanodeUUID=b87234b6-97b4-403b-b761-d13c1d3498ce, command=[]} | ret=SUCCESS |  
2019-09-10 13:01:14,470 | INFO  | SCMAudit | user=jenkins1000 | ip=192.168.5.153 | op=SEND_HEARTBEAT {datanodeUUID=51f7194d-0b6e-44ce-bfd4-93c34be99c19, command=[]} | ret=SUCCESS |  
2019-09-10 13:01:14,585 | INFO  | SCMAudit | user=jenkins1000 | ip=192.168.5.153 | op=SEND_HEARTBEAT {datanodeUUID=677e3d93-3467-4860-9bf6-0d2ba46507f3, command=[]} | ret=SUCCESS |  
2019-09-10 13:01:14,589 | INFO  | SCMAudit | user=jenkins1000 | ip=192.168.5.153 | op=SEND_HEARTBEAT {datanodeUUID=5133bb85-d112-43d0-b51c-6140e4ebc540, command=[]} | ret=SUCCESS |  
2019-09-10 13:01:14,591 | INFO  | SCMAudit | user=jenkins1000 | ip=192.168.5.153 | op=SEND_HEARTBEAT {datanodeUUID=80892ce7-83f5-4ca2-be8c-d0fb582c0dda, command=[]} | ret=SUCCESS |  
2019-09-10 13:01:14,877 | INFO  | SCMAudit | user=jenkins1000 | ip=192.168.5.153 | op=SEND_HEARTBEAT {datanodeUUID=4afd2ab1-ec40-4403-b668-2a355860e883, command=[]} | ret=SUCCESS |  
2019-09-10 13:01:15,082 | INFO  | SCMAudit | user=jenkins1000 | ip=192.168.5.153 | op=SEND_HEARTBEAT {datanodeUUID=98692575-908f-4c6f-b3d7-fc3119b7636a, command=[]} | ret=SUCCESS |  
2019-09-10 13:01:15,232 [grpc-default-executor-1] INFO  client.GrpcClientProtocolClient (GrpcClientProtocolClient.java:onNext(255)) - client-1AEBD7C46593->5133bb85-d112-43d0-b51c-6140e4ebc540: receive RaftClientReply:client-1AEBD7C46593->5133bb85-d112-43d0-b51c-6140e4ebc540@group-59B8B6051EC0, cid=45, FAILED org.apache.ratis.protocol.NotLeaderException: Server 5133bb85-d112-43d0-b51c-6140e4ebc540 is not the leader (677e3d93-3467-4860-9bf6-0d2ba46507f3:192.168.5.153:41781). Request must be sent to leader., logIndex=0, commits[5133bb85-d112-43d0-b51c-6140e4ebc540:c8, 80892ce7-83f5-4ca2-be8c-d0fb582c0dda:c8, 677e3d93-3467-4860-9bf6-0d2ba46507f3:c8]
2019-09-10 13:01:15,293 | INFO  | SCMAudit | user=jenkins1000 | ip=192.168.5.153 | op=SEND_HEARTBEAT {datanodeUUID=b87234b6-97b4-403b-b761-d13c1d3498ce, command=[]} | ret=SUCCESS |  
2019-09-10 13:01:15,470 | INFO  | SCMAudit | user=jenkins1000 | ip=192.168.5.153 | op=SEND_HEARTBEAT {datanodeUUID=51f7194d-0b6e-44ce-bfd4-93c34be99c19, command=[]} | ret=SUCCESS |  
2019-09-10 13:01:15,585 | INFO  | SCMAudit | user=jenkins1000 | ip=192.168.5.153 | op=SEND_HEARTBEAT {datanodeUUID=677e3d93-3467-4860-9bf6-0d2ba46507f3, command=[]} | ret=SUCCESS |  
2019-09-10 13:01:15,589 | INFO  | SCMAudit | user=jenkins1000 | ip=192.168.5.153 | op=SEND_HEARTBEAT {datanodeUUID=5133bb85-d112-43d0-b51c-6140e4ebc540, command=[]} | ret=SUCCESS |  
2019-09-10 13:01:15,591 | INFO  | SCMAudit | user=jenkins1000 | ip=192.168.5.153 | op=SEND_HEARTBEAT {datanodeUUID=80892ce7-83f5-4ca2-be8c-d0fb582c0dda, command=[]} | ret=SUCCESS |  
2019-09-10 13:01:15,877 | INFO  | SCMAudit | user=jenkins1000 | ip=192.168.5.153 | op=SEND_HEARTBEAT {datanodeUUID=4afd2ab1-ec40-4403-b668-2a355860e883, command=[]} | ret=SUCCESS |  
2019-09-10 13:01:16,081 | INFO  | SCMAudit | user=jenkins1000 | ip=192.168.5.153 | op=SEND_HEARTBEAT {datanodeUUID=98692575-908f-4c6f-b3d7-fc3119b7636a, command=[]} | ret=SUCCESS |  
2019-09-10 13:01:16,293 | INFO  | SCMAudit | user=jenkins1000 | ip=192.168.5.153 | op=SEND_HEARTBEAT {datanodeUUID=b87234b6-97b4-403b-b761-d13c1d3498ce, command=[]} | ret=SUCCESS |  
2019-09-10 13:01:16,470 | INFO  | SCMAudit | user=jenkins1000 | ip=192.168.5.153 | op=SEND_HEARTBEAT {datanodeUUID=51f7194d-0b6e-44ce-bfd4-93c34be99c19, command=[]} | ret=SUCCESS |  
2019-09-10 13:01:16,585 | INFO  | SCMAudit | user=jenkins1000 | ip=192.168.5.153 | op=SEND_HEARTBEAT {datanodeUUID=677e3d93-3467-4860-9bf6-0d2ba46507f3, command=[]} | ret=SUCCESS |  
2019-09-10 13:01:16,590 | INFO  | SCMAudit | user=jenkins1000 | ip=192.168.5.153 | op=SEND_HEARTBEAT {datanodeUUID=5133bb85-d112-43d0-b51c-6140e4ebc540, command=[]} | ret=SUCCESS |  
2019-09-10 13:01:16,591 | INFO  | SCMAudit | user=jenkins1000 | ip=192.168.5.153 | op=SEND_HEARTBEAT {datanodeUUID=80892ce7-83f5-4ca2-be8c-d0fb582c0dda, command=[]} | ret=SUCCESS |  
2019-09-10 13:01:16,877 | INFO  | SCMAudit | user=jenkins1000 | ip=192.168.5.153 | op=SEND_HEARTBEAT {datanodeUUID=4afd2ab1-ec40-4403-b668-2a355860e883, command=[]} | ret=SUCCESS |  
2019-09-10 13:01:17,082 | INFO  | SCMAudit | user=jenkins1000 | ip=192.168.5.153 | op=SEND_HEARTBEAT {datanodeUUID=98692575-908f-4c6f-b3d7-fc3119b7636a, command=[]} | ret=SUCCESS |  
2019-09-10 13:01:17,293 | INFO  | SCMAudit | user=jenkins1000 | ip=192.168.5.153 | op=SEND_HEARTBEAT {datanodeUUID=b87234b6-97b4-403b-b761-d13c1d3498ce, command=[]} | ret=SUCCESS |  
2019-09-10 13:01:17,470 | INFO  | SCMAudit | user=jenkins1000 | ip=192.168.5.153 | op=SEND_HEARTBEAT {datanodeUUID=51f7194d-0b6e-44ce-bfd4-93c34be99c19, command=[]} | ret=SUCCESS |  
2019-09-10 13:01:17,586 | INFO  | SCMAudit | user=jenkins1000 | ip=192.168.5.153 | op=SEND_HEARTBEAT {datanodeUUID=677e3d93-3467-4860-9bf6-0d2ba46507f3, command=[]} | ret=SUCCESS |  
2019-09-10 13:01:17,590 | INFO  | SCMAudit | user=jenkins1000 | ip=192.168.5.153 | op=SEND_HEARTBEAT {datanodeUUID=5133bb85-d112-43d0-b51c-6140e4ebc540, command=[]} | ret=SUCCESS |  
2019-09-10 13:01:17,592 | INFO  | SCMAudit | user=jenkins1000 | ip=192.168.5.153 | op=SEND_HEARTBEAT {datanodeUUID=80892ce7-83f5-4ca2-be8c-d0fb582c0dda, command=[]} | ret=SUCCESS |  
2019-09-10 13:01:17,877 | INFO  | SCMAudit | user=jenkins1000 | ip=192.168.5.153 | op=SEND_HEARTBEAT {datanodeUUID=4afd2ab1-ec40-4403-b668-2a355860e883, command=[]} | ret=SUCCESS |  
2019-09-10 13:01:18,081 | INFO  | SCMAudit | user=jenkins1000 | ip=192.168.5.153 | op=SEND_HEARTBEAT {datanodeUUID=98692575-908f-4c6f-b3d7-fc3119b7636a, command=[]} | ret=SUCCESS |  
2019-09-10 13:01:18,293 | INFO  | SCMAudit | user=jenkins1000 | ip=192.168.5.153 | op=SEND_HEARTBEAT {datanodeUUID=b87234b6-97b4-403b-b761-d13c1d3498ce, command=[]} | ret=SUCCESS |  
2019-09-10 13:01:18,470 | INFO  | SCMAudit | user=jenkins1000 | ip=192.168.5.153 | op=SEND_HEARTBEAT {datanodeUUID=51f7194d-0b6e-44ce-bfd4-93c34be99c19, command=[]} | ret=SUCCESS |  
2019-09-10 13:01:18,585 | INFO  | SCMAudit | user=jenkins1000 | ip=192.168.5.153 | op=SEND_HEARTBEAT {datanodeUUID=677e3d93-3467-4860-9bf6-0d2ba46507f3, command=[]} | ret=SUCCESS |  
2019-09-10 13:01:18,590 | INFO  | SCMAudit | user=jenkins1000 | ip=192.168.5.153 | op=SEND_HEARTBEAT {datanodeUUID=5133bb85-d112-43d0-b51c-6140e4ebc540, command=[]} | ret=SUCCESS |  
2019-09-10 13:01:18,593 | INFO  | SCMAudit | user=jenkins1000 | ip=192.168.5.153 | op=SEND_HEARTBEAT {datanodeUUID=80892ce7-83f5-4ca2-be8c-d0fb582c0dda, command=[]} | ret=SUCCESS |  
2019-09-10 13:01:18,877 | INFO  | SCMAudit | user=jenkins1000 | ip=192.168.5.153 | op=SEND_HEARTBEAT {datanodeUUID=4afd2ab1-ec40-4403-b668-2a355860e883, command=[]} | ret=SUCCESS |  
2019-09-10 13:01:19,082 | INFO  | SCMAudit | user=jenkins1000 | ip=192.168.5.153 | op=SEND_HEARTBEAT {datanodeUUID=98692575-908f-4c6f-b3d7-fc3119b7636a, command=[]} | ret=SUCCESS |  
2019-09-10 13:01:19,293 | INFO  | SCMAudit | user=jenkins1000 | ip=192.168.5.153 | op=SEND_HEARTBEAT {datanodeUUID=b87234b6-97b4-403b-b761-d13c1d3498ce, command=[]} | ret=SUCCESS |  
2019-09-10 13:01:19,470 | INFO  | SCMAudit | user=jenkins1000 | ip=192.168.5.153 | op=SEND_HEARTBEAT {datanodeUUID=51f7194d-0b6e-44ce-bfd4-93c34be99c19, command=[]} | ret=SUCCESS |  
2019-09-10 13:01:19,586 | INFO  | SCMAudit | user=jenkins1000 | ip=192.168.5.153 | op=SEND_HEARTBEAT {datanodeUUID=677e3d93-3467-4860-9bf6-0d2ba46507f3, command=[]} | ret=SUCCESS |  
2019-09-10 13:01:19,590 | INFO  | SCMAudit | user=jenkins1000 | ip=192.168.5.153 | op=SEND_HEARTBEAT {datanodeUUID=5133bb85-d112-43d0-b51c-6140e4ebc540, command=[]} | ret=SUCCESS |  
2019-09-10 13:01:19,593 | INFO  | SCMAudit | user=jenkins1000 | ip=192.168.5.153 | op=SEND_HEARTBEAT {datanodeUUID=80892ce7-83f5-4ca2-be8c-d0fb582c0dda, command=[]} | ret=SUCCESS |  
2019-09-10 13:01:19,877 | INFO  | SCMAudit | user=jenkins1000 | ip=192.168.5.153 | op=SEND_HEARTBEAT {datanodeUUID=4afd2ab1-ec40-4403-b668-2a355860e883, command=[]} | ret=SUCCESS |  
2019-09-10 13:01:20,082 | INFO  | SCMAudit | user=jenkins1000 | ip=192.168.5.153 | op=SEND_HEARTBEAT {datanodeUUID=98692575-908f-4c6f-b3d7-fc3119b7636a, command=[]} | ret=SUCCESS |  
2019-09-10 13:01:20,272 [grpc-default-executor-0] INFO  client.GrpcClientProtocolClient (GrpcClientProtocolClient.java:onNext(255)) - client-1AEBD7C46593->80892ce7-83f5-4ca2-be8c-d0fb582c0dda: receive RaftClientReply:client-1AEBD7C46593->80892ce7-83f5-4ca2-be8c-d0fb582c0dda@group-59B8B6051EC0, cid=45, FAILED org.apache.ratis.protocol.NotLeaderException: Server 80892ce7-83f5-4ca2-be8c-d0fb582c0dda is not the leader (677e3d93-3467-4860-9bf6-0d2ba46507f3:192.168.5.153:41781). Request must be sent to leader., logIndex=0, commits[80892ce7-83f5-4ca2-be8c-d0fb582c0dda:c8, 677e3d93-3467-4860-9bf6-0d2ba46507f3:c8, 5133bb85-d112-43d0-b51c-6140e4ebc540:c8]
2019-09-10 13:01:20,294 | INFO  | SCMAudit | user=jenkins1000 | ip=192.168.5.153 | op=SEND_HEARTBEAT {datanodeUUID=b87234b6-97b4-403b-b761-d13c1d3498ce, command=[]} | ret=SUCCESS |  
2019-09-10 13:01:20,470 | INFO  | SCMAudit | user=jenkins1000 | ip=192.168.5.153 | op=SEND_HEARTBEAT {datanodeUUID=51f7194d-0b6e-44ce-bfd4-93c34be99c19, command=[]} | ret=SUCCESS |  
2019-09-10 13:01:20,585 | INFO  | SCMAudit | user=jenkins1000 | ip=192.168.5.153 | op=SEND_HEARTBEAT {datanodeUUID=677e3d93-3467-4860-9bf6-0d2ba46507f3, command=[]} | ret=SUCCESS |  
2019-09-10 13:01:20,590 | INFO  | SCMAudit | user=jenkins1000 | ip=192.168.5.153 | op=SEND_HEARTBEAT {datanodeUUID=5133bb85-d112-43d0-b51c-6140e4ebc540, command=[]} | ret=SUCCESS |  
2019-09-10 13:01:20,593 | INFO  | SCMAudit | user=jenkins1000 | ip=192.168.5.153 | op=SEND_HEARTBEAT {datanodeUUID=80892ce7-83f5-4ca2-be8c-d0fb582c0dda, command=[]} | ret=SUCCESS |  
2019-09-10 13:01:20,877 | INFO  | SCMAudit | user=jenkins1000 | ip=192.168.5.153 | op=SEND_HEARTBEAT {datanodeUUID=4afd2ab1-ec40-4403-b668-2a355860e883, command=[]} | ret=SUCCESS |  
2019-09-10 13:01:21,083 | INFO  | SCMAudit | user=jenkins1000 | ip=192.168.5.153 | op=SEND_HEARTBEAT {datanodeUUID=98692575-908f-4c6f-b3d7-fc3119b7636a, command=[]} | ret=SUCCESS |  
2019-09-10 13:01:21,293 | INFO  | SCMAudit | user=jenkins1000 | ip=192.168.5.153 | op=SEND_HEARTBEAT {datanodeUUID=b87234b6-97b4-403b-b761-d13c1d3498ce, command=[]} | ret=SUCCESS |  
2019-09-10 13:01:21,470 | INFO  | SCMAudit | user=jenkins1000 | ip=192.168.5.153 | op=SEND_HEARTBEAT {datanodeUUID=51f7194d-0b6e-44ce-bfd4-93c34be99c19, command=[]} | ret=SUCCESS |  
2019-09-10 13:01:21,586 | INFO  | SCMAudit | user=jenkins1000 | ip=192.168.5.153 | op=SEND_HEARTBEAT {datanodeUUID=677e3d93-3467-4860-9bf6-0d2ba46507f3, command=[]} | ret=SUCCESS |  
2019-09-10 13:01:21,591 | INFO  | SCMAudit | user=jenkins1000 | ip=192.168.5.153 | op=SEND_HEARTBEAT {datanodeUUID=5133bb85-d112-43d0-b51c-6140e4ebc540, command=[]} | ret=SUCCESS |  
2019-09-10 13:01:21,594 | INFO  | SCMAudit | user=jenkins1000 | ip=192.168.5.153 | op=SEND_HEARTBEAT {datanodeUUID=80892ce7-83f5-4ca2-be8c-d0fb582c0dda, command=[]} | ret=SUCCESS |  
2019-09-10 13:01:21,877 | INFO  | SCMAudit | user=jenkins1000 | ip=192.168.5.153 | op=SEND_HEARTBEAT {datanodeUUID=4afd2ab1-ec40-4403-b668-2a355860e883, command=[]} | ret=SUCCESS |  
2019-09-10 13:01:22,084 | INFO  | SCMAudit | user=jenkins1000 | ip=192.168.5.153 | op=SEND_HEARTBEAT {datanodeUUID=98692575-908f-4c6f-b3d7-fc3119b7636a, command=[]} | ret=SUCCESS |  
2019-09-10 13:01:22,294 | INFO  | SCMAudit | user=jenkins1000 | ip=192.168.5.153 | op=SEND_HEARTBEAT {datanodeUUID=b87234b6-97b4-403b-b761-d13c1d3498ce, command=[]} | ret=SUCCESS |  
2019-09-10 13:01:22,471 | INFO  | SCMAudit | user=jenkins1000 | ip=192.168.5.153 | op=SEND_HEARTBEAT {datanodeUUID=51f7194d-0b6e-44ce-bfd4-93c34be99c19, command=[]} | ret=SUCCESS |  
2019-09-10 13:01:22,586 | INFO  | SCMAudit | user=jenkins1000 | ip=192.168.5.153 | op=SEND_HEARTBEAT {datanodeUUID=677e3d93-3467-4860-9bf6-0d2ba46507f3, command=[]} | ret=SUCCESS |  
2019-09-10 13:01:22,590 | INFO  | SCMAudit | user=jenkins1000 | ip=192.168.5.153 | op=SEND_HEARTBEAT {datanodeUUID=5133bb85-d112-43d0-b51c-6140e4ebc540, command=[]} | ret=SUCCESS |  
2019-09-10 13:01:22,594 | INFO  | SCMAudit | user=jenkins1000 | ip=192.168.5.153 | op=SEND_HEARTBEAT {datanodeUUID=80892ce7-83f5-4ca2-be8c-d0fb582c0dda, command=[]} | ret=SUCCESS |  
2019-09-10 13:01:22,877 | INFO  | SCMAudit | user=jenkins1000 | ip=192.168.5.153 | op=SEND_HEARTBEAT {datanodeUUID=4afd2ab1-ec40-4403-b668-2a355860e883, command=[]} | ret=SUCCESS |  
2019-09-10 13:01:23,083 | INFO  | SCMAudit | user=jenkins1000 | ip=192.168.5.153 | op=SEND_HEARTBEAT {datanodeUUID=98692575-908f-4c6f-b3d7-fc3119b7636a, command=[]} | ret=SUCCESS |  
2019-09-10 13:01:23,294 | INFO  | SCMAudit | user=jenkins1000 | ip=192.168.5.153 | op=SEND_HEARTBEAT {datanodeUUID=b87234b6-97b4-403b-b761-d13c1d3498ce, command=[]} | ret=SUCCESS |  
2019-09-10 13:01:23,470 | INFO  | SCMAudit | user=jenkins1000 | ip=192.168.5.153 | op=SEND_HEARTBEAT {datanodeUUID=51f7194d-0b6e-44ce-bfd4-93c34be99c19, command=[]} | ret=SUCCESS |  
2019-09-10 13:01:23,586 | INFO  | SCMAudit | user=jenkins1000 | ip=192.168.5.153 | op=SEND_HEARTBEAT {datanodeUUID=677e3d93-3467-4860-9bf6-0d2ba46507f3, command=[]} | ret=SUCCESS |  
2019-09-10 13:01:23,590 | INFO  | SCMAudit | user=jenkins1000 | ip=192.168.5.153 | op=SEND_HEARTBEAT {datanodeUUID=5133bb85-d112-43d0-b51c-6140e4ebc540, command=[]} | ret=SUCCESS |  
2019-09-10 13:01:23,594 | INFO  | SCMAudit | user=jenkins1000 | ip=192.168.5.153 | op=SEND_HEARTBEAT {datanodeUUID=80892ce7-83f5-4ca2-be8c-d0fb582c0dda, command=[]} | ret=SUCCESS |  
2019-09-10 13:01:23,878 | INFO  | SCMAudit | user=jenkins1000 | ip=192.168.5.153 | op=SEND_HEARTBEAT {datanodeUUID=4afd2ab1-ec40-4403-b668-2a355860e883, command=[]} | ret=SUCCESS |  
2019-09-10 13:01:24,084 | INFO  | SCMAudit | user=jenkins1000 | ip=192.168.5.153 | op=SEND_HEARTBEAT {datanodeUUID=98692575-908f-4c6f-b3d7-fc3119b7636a, command=[]} | ret=SUCCESS |  
2019-09-10 13:01:24,294 | INFO  | SCMAudit | user=jenkins1000 | ip=192.168.5.153 | op=SEND_HEARTBEAT {datanodeUUID=b87234b6-97b4-403b-b761-d13c1d3498ce, command=[]} | ret=SUCCESS |  
2019-09-10 13:01:24,471 | INFO  | SCMAudit | user=jenkins1000 | ip=192.168.5.153 | op=SEND_HEARTBEAT {datanodeUUID=51f7194d-0b6e-44ce-bfd4-93c34be99c19, command=[]} | ret=SUCCESS |  
2019-09-10 13:01:24,587 | INFO  | SCMAudit | user=jenkins1000 | ip=192.168.5.153 | op=SEND_HEARTBEAT {datanodeUUID=677e3d93-3467-4860-9bf6-0d2ba46507f3, command=[]} | ret=SUCCESS |  
2019-09-10 13:01:24,590 | INFO  | SCMAudit | user=jenkins1000 | ip=192.168.5.153 | op=SEND_HEARTBEAT {datanodeUUID=5133bb85-d112-43d0-b51c-6140e4ebc540, command=[]} | ret=SUCCESS |  
2019-09-10 13:01:24,594 | INFO  | SCMAudit | user=jenkins1000 | ip=192.168.5.153 | op=SEND_HEARTBEAT {datanodeUUID=80892ce7-83f5-4ca2-be8c-d0fb582c0dda, command=[]} | ret=SUCCESS |  
2019-09-10 13:01:24,877 | INFO  | SCMAudit | user=jenkins1000 | ip=192.168.5.153 | op=SEND_HEARTBEAT {datanodeUUID=4afd2ab1-ec40-4403-b668-2a355860e883, command=[]} | ret=SUCCESS |  
2019-09-10 13:01:25,083 | INFO  | SCMAudit | user=jenkins1000 | ip=192.168.5.153 | op=SEND_HEARTBEAT {datanodeUUID=98692575-908f-4c6f-b3d7-fc3119b7636a, command=[]} | ret=SUCCESS |  
2019-09-10 13:01:25,294 | INFO  | SCMAudit | user=jenkins1000 | ip=192.168.5.153 | op=SEND_HEARTBEAT {datanodeUUID=b87234b6-97b4-403b-b761-d13c1d3498ce, command=[]} | ret=SUCCESS |  
2019-09-10 13:01:25,312 [grpc-default-executor-0] INFO  client.GrpcClientProtocolClient (GrpcClientProtocolClient.java:onNext(255)) - client-1AEBD7C46593->80892ce7-83f5-4ca2-be8c-d0fb582c0dda: receive RaftClientReply:client-1AEBD7C46593->80892ce7-83f5-4ca2-be8c-d0fb582c0dda@group-59B8B6051EC0, cid=45, FAILED org.apache.ratis.protocol.NotLeaderException: Server 80892ce7-83f5-4ca2-be8c-d0fb582c0dda is not the leader (677e3d93-3467-4860-9bf6-0d2ba46507f3:192.168.5.153:41781). Request must be sent to leader., logIndex=0, commits[80892ce7-83f5-4ca2-be8c-d0fb582c0dda:c8, 677e3d93-3467-4860-9bf6-0d2ba46507f3:c8, 5133bb85-d112-43d0-b51c-6140e4ebc540:c8]
2019-09-10 13:01:25,470 | INFO  | SCMAudit | user=jenkins1000 | ip=192.168.5.153 | op=SEND_HEARTBEAT {datanodeUUID=51f7194d-0b6e-44ce-bfd4-93c34be99c19, command=[]} | ret=SUCCESS |  
2019-09-10 13:01:25,586 | INFO  | SCMAudit | user=jenkins1000 | ip=192.168.5.153 | op=SEND_HEARTBEAT {datanodeUUID=677e3d93-3467-4860-9bf6-0d2ba46507f3, command=[]} | ret=SUCCESS |  
2019-09-10 13:01:25,590 | INFO  | SCMAudit | user=jenkins1000 | ip=192.168.5.153 | op=SEND_HEARTBEAT {datanodeUUID=5133bb85-d112-43d0-b51c-6140e4ebc540, command=[]} | ret=SUCCESS |  
2019-09-10 13:01:25,594 | INFO  | SCMAudit | user=jenkins1000 | ip=192.168.5.153 | op=SEND_HEARTBEAT {datanodeUUID=80892ce7-83f5-4ca2-be8c-d0fb582c0dda, command=[]} | ret=SUCCESS |  
2019-09-10 13:01:25,878 | INFO  | SCMAudit | user=jenkins1000 | ip=192.168.5.153 | op=SEND_HEARTBEAT {datanodeUUID=4afd2ab1-ec40-4403-b668-2a355860e883, command=[]} | ret=SUCCESS |  
2019-09-10 13:01:26,084 | INFO  | SCMAudit | user=jenkins1000 | ip=192.168.5.153 | op=SEND_HEARTBEAT {datanodeUUID=98692575-908f-4c6f-b3d7-fc3119b7636a, command=[]} | ret=SUCCESS |  
2019-09-10 13:01:26,295 | INFO  | SCMAudit | user=jenkins1000 | ip=192.168.5.153 | op=SEND_HEARTBEAT {datanodeUUID=b87234b6-97b4-403b-b761-d13c1d3498ce, command=[]} | ret=SUCCESS |  
2019-09-10 13:01:26,471 | INFO  | SCMAudit | user=jenkins1000 | ip=192.168.5.153 | op=SEND_HEARTBEAT {datanodeUUID=51f7194d-0b6e-44ce-bfd4-93c34be99c19, command=[]} | ret=SUCCESS |  
2019-09-10 13:01:26,587 | INFO  | SCMAudit | user=jenkins1000 | ip=192.168.5.153 | op=SEND_HEARTBEAT {datanodeUUID=677e3d93-3467-4860-9bf6-0d2ba46507f3, command=[]} | ret=SUCCESS |  
2019-09-10 13:01:26,590 | INFO  | SCMAudit | user=jenkins1000 | ip=192.168.5.153 | op=SEND_HEARTBEAT {datanodeUUID=5133bb85-d112-43d0-b51c-6140e4ebc540, command=[]} | ret=SUCCESS |  
2019-09-10 13:01:26,594 | INFO  | SCMAudit | user=jenkins1000 | ip=192.168.5.153 | op=SEND_HEARTBEAT {datanodeUUID=80892ce7-83f5-4ca2-be8c-d0fb582c0dda, command=[]} | ret=SUCCESS |  
2019-09-10 13:01:26,877 | INFO  | SCMAudit | user=jenkins1000 | ip=192.168.5.153 | op=SEND_HEARTBEAT {datanodeUUID=4afd2ab1-ec40-4403-b668-2a355860e883, command=[]} | ret=SUCCESS |  
2019-09-10 13:01:27,085 | INFO  | SCMAudit | user=jenkins1000 | ip=192.168.5.153 | op=SEND_HEARTBEAT {datanodeUUID=98692575-908f-4c6f-b3d7-fc3119b7636a, command=[]} | ret=SUCCESS |  
2019-09-10 13:01:27,295 | INFO  | SCMAudit | user=jenkins1000 | ip=192.168.5.153 | op=SEND_HEARTBEAT {datanodeUUID=b87234b6-97b4-403b-b761-d13c1d3498ce, command=[]} | ret=SUCCESS |  
2019-09-10 13:01:27,471 | INFO  | SCMAudit | user=jenkins1000 | ip=192.168.5.153 | op=SEND_HEARTBEAT {datanodeUUID=51f7194d-0b6e-44ce-bfd4-93c34be99c19, command=[]} | ret=SUCCESS |  
2019-09-10 13:01:27,587 | INFO  | SCMAudit | user=jenkins1000 | ip=192.168.5.153 | op=SEND_HEARTBEAT {datanodeUUID=677e3d93-3467-4860-9bf6-0d2ba46507f3, command=[]} | ret=SUCCESS |  
2019-09-10 13:01:27,589 | INFO  | SCMAudit | user=jenkins1000 | ip=192.168.5.153 | op=SEND_HEARTBEAT {datanodeUUID=5133bb85-d112-43d0-b51c-6140e4ebc540, command=[]} | ret=SUCCESS |  
2019-09-10 13:01:27,594 | INFO  | SCMAudit | user=jenkins1000 | ip=192.168.5.153 | op=SEND_HEARTBEAT {datanodeUUID=80892ce7-83f5-4ca2-be8c-d0fb582c0dda, command=[]} | ret=SUCCESS |  
2019-09-10 13:01:27,878 | INFO  | SCMAudit | user=jenkins1000 | ip=192.168.5.153 | op=SEND_HEARTBEAT {datanodeUUID=4afd2ab1-ec40-4403-b668-2a355860e883, command=[]} | ret=SUCCESS |  
2019-09-10 13:01:28,085 | INFO  | SCMAudit | user=jenkins1000 | ip=192.168.5.153 | op=SEND_HEARTBEAT {datanodeUUID=98692575-908f-4c6f-b3d7-fc3119b7636a, command=[]} | ret=SUCCESS |  
2019-09-10 13:01:28,296 | INFO  | SCMAudit | user=jenkins1000 | ip=192.168.5.153 | op=SEND_HEARTBEAT {datanodeUUID=b87234b6-97b4-403b-b761-d13c1d3498ce, command=[]} | ret=SUCCESS |  
2019-09-10 13:01:28,471 | INFO  | SCMAudit | user=jenkins1000 | ip=192.168.5.153 | op=SEND_HEARTBEAT {datanodeUUID=51f7194d-0b6e-44ce-bfd4-93c34be99c19, command=[]} | ret=SUCCESS |  
2019-09-10 13:01:28,587 | INFO  | SCMAudit | user=jenkins1000 | ip=192.168.5.153 | op=SEND_HEARTBEAT {datanodeUUID=677e3d93-3467-4860-9bf6-0d2ba46507f3, command=[]} | ret=SUCCESS |  
2019-09-10 13:01:28,589 | INFO  | SCMAudit | user=jenkins1000 | ip=192.168.5.153 | op=SEND_HEARTBEAT {datanodeUUID=5133bb85-d112-43d0-b51c-6140e4ebc540, command=[]} | ret=SUCCESS |  
2019-09-10 13:01:28,594 | INFO  | SCMAudit | user=jenkins1000 | ip=192.168.5.153 | op=SEND_HEARTBEAT {datanodeUUID=80892ce7-83f5-4ca2-be8c-d0fb582c0dda, command=[]} | ret=SUCCESS |  
2019-09-10 13:01:28,878 | INFO  | SCMAudit | user=jenkins1000 | ip=192.168.5.153 | op=SEND_HEARTBEAT {datanodeUUID=4afd2ab1-ec40-4403-b668-2a355860e883, command=[]} | ret=SUCCESS |  
2019-09-10 13:01:29,086 | INFO  | SCMAudit | user=jenkins1000 | ip=192.168.5.153 | op=SEND_HEARTBEAT {datanodeUUID=98692575-908f-4c6f-b3d7-fc3119b7636a, command=[]} | ret=SUCCESS |  
2019-09-10 13:01:29,296 | INFO  | SCMAudit | user=jenkins1000 | ip=192.168.5.153 | op=SEND_HEARTBEAT {datanodeUUID=b87234b6-97b4-403b-b761-d13c1d3498ce, command=[]} | ret=SUCCESS |  
2019-09-10 13:01:29,471 | INFO  | SCMAudit | user=jenkins1000 | ip=192.168.5.153 | op=SEND_HEARTBEAT {datanodeUUID=51f7194d-0b6e-44ce-bfd4-93c34be99c19, command=[]} | ret=SUCCESS |  
2019-09-10 13:01:29,587 | INFO  | SCMAudit | user=jenkins1000 | ip=192.168.5.153 | op=SEND_HEARTBEAT {datanodeUUID=677e3d93-3467-4860-9bf6-0d2ba46507f3, command=[]} | ret=SUCCESS |  
2019-09-10 13:01:29,590 | INFO  | SCMAudit | user=jenkins1000 | ip=192.168.5.153 | op=SEND_HEARTBEAT {datanodeUUID=5133bb85-d112-43d0-b51c-6140e4ebc540, command=[]} | ret=SUCCESS |  
2019-09-10 13:01:29,594 | INFO  | SCMAudit | user=jenkins1000 | ip=192.168.5.153 | op=SEND_HEARTBEAT {datanodeUUID=80892ce7-83f5-4ca2-be8c-d0fb582c0dda, command=[]} | ret=SUCCESS |  
2019-09-10 13:01:29,878 | INFO  | SCMAudit | user=jenkins1000 | ip=192.168.5.153 | op=SEND_HEARTBEAT {datanodeUUID=4afd2ab1-ec40-4403-b668-2a355860e883, command=[]} | ret=SUCCESS |  
2019-09-10 13:01:30,085 | INFO  | SCMAudit | user=jenkins1000 | ip=192.168.5.153 | op=SEND_HEARTBEAT {datanodeUUID=98692575-908f-4c6f-b3d7-fc3119b7636a, command=[]} | ret=SUCCESS |  
2019-09-10 13:01:30,297 | INFO  | SCMAudit | user=jenkins1000 | ip=192.168.5.153 | op=SEND_HEARTBEAT {datanodeUUID=b87234b6-97b4-403b-b761-d13c1d3498ce, command=[]} | ret=SUCCESS |  
2019-09-10 13:01:30,353 [grpc-default-executor-6] INFO  client.GrpcClientProtocolClient (GrpcClientProtocolClient.java:onNext(255)) - client-1AEBD7C46593->80892ce7-83f5-4ca2-be8c-d0fb582c0dda: receive RaftClientReply:client-1AEBD7C46593->80892ce7-83f5-4ca2-be8c-d0fb582c0dda@group-59B8B6051EC0, cid=45, FAILED org.apache.ratis.protocol.NotLeaderException: Server 80892ce7-83f5-4ca2-be8c-d0fb582c0dda is not the leader (677e3d93-3467-4860-9bf6-0d2ba46507f3:192.168.5.153:41781). Request must be sent to leader., logIndex=0, commits[80892ce7-83f5-4ca2-be8c-d0fb582c0dda:c8, 677e3d93-3467-4860-9bf6-0d2ba46507f3:c8, 5133bb85-d112-43d0-b51c-6140e4ebc540:c8]
2019-09-10 13:01:30,471 | INFO  | SCMAudit | user=jenkins1000 | ip=192.168.5.153 | op=SEND_HEARTBEAT {datanodeUUID=51f7194d-0b6e-44ce-bfd4-93c34be99c19, command=[]} | ret=SUCCESS |  
2019-09-10 13:01:30,588 | INFO  | SCMAudit | user=jenkins1000 | ip=192.168.5.153 | op=SEND_HEARTBEAT {datanodeUUID=677e3d93-3467-4860-9bf6-0d2ba46507f3, command=[]} | ret=SUCCESS |  
2019-09-10 13:01:30,590 | INFO  | SCMAudit | user=jenkins1000 | ip=192.168.5.153 | op=SEND_HEARTBEAT {datanodeUUID=5133bb85-d112-43d0-b51c-6140e4ebc540, command=[]} | ret=SUCCESS |  
2019-09-10 13:01:30,594 | INFO  | SCMAudit | user=jenkins1000 | ip=192.168.5.153 | op=SEND_HEARTBEAT {datanodeUUID=80892ce7-83f5-4ca2-be8c-d0fb582c0dda, command=[]} | ret=SUCCESS |  
2019-09-10 13:01:30,878 | INFO  | SCMAudit | user=jenkins1000 | ip=192.168.5.153 | op=SEND_HEARTBEAT {datanodeUUID=4afd2ab1-ec40-4403-b668-2a355860e883, command=[]} | ret=SUCCESS |  
2019-09-10 13:01:31,085 | INFO  | SCMAudit | user=jenkins1000 | ip=192.168.5.153 | op=SEND_HEARTBEAT {datanodeUUID=98692575-908f-4c6f-b3d7-fc3119b7636a, command=[]} | ret=SUCCESS |  
2019-09-10 13:01:31,297 | INFO  | SCMAudit | user=jenkins1000 | ip=192.168.5.153 | op=SEND_HEARTBEAT {datanodeUUID=b87234b6-97b4-403b-b761-d13c1d3498ce, command=[]} | ret=SUCCESS |  
2019-09-10 13:01:31,471 | INFO  | SCMAudit | user=jenkins1000 | ip=192.168.5.153 | op=SEND_HEARTBEAT {datanodeUUID=51f7194d-0b6e-44ce-bfd4-93c34be99c19, command=[]} | ret=SUCCESS |  
2019-09-10 13:01:31,587 | INFO  | SCMAudit | user=jenkins1000 | ip=192.168.5.153 | op=SEND_HEARTBEAT {datanodeUUID=677e3d93-3467-4860-9bf6-0d2ba46507f3, command=[]} | ret=SUCCESS |  
2019-09-10 13:01:31,590 | INFO  | SCMAudit | user=jenkins1000 | ip=192.168.5.153 | op=SEND_HEARTBEAT {datanodeUUID=5133bb85-d112-43d0-b51c-6140e4ebc540, command=[]} | ret=SUCCESS |  
2019-09-10 13:01:31,594 | INFO  | SCMAudit | user=jenkins1000 | ip=192.168.5.153 | op=SEND_HEARTBEAT {datanodeUUID=80892ce7-83f5-4ca2-be8c-d0fb582c0dda, command=[]} | ret=SUCCESS |  
2019-09-10 13:01:31,878 | INFO  | SCMAudit | user=jenkins1000 | ip=192.168.5.153 | op=SEND_HEARTBEAT {datanodeUUID=4afd2ab1-ec40-4403-b668-2a355860e883, command=[]} | ret=SUCCESS |  
2019-09-10 13:01:32,085 | INFO  | SCMAudit | user=jenkins1000 | ip=192.168.5.153 | op=SEND_HEARTBEAT {datanodeUUID=98692575-908f-4c6f-b3d7-fc3119b7636a, command=[]} | ret=SUCCESS |  
2019-09-10 13:01:32,297 | INFO  | SCMAudit | user=jenkins1000 | ip=192.168.5.153 | op=SEND_HEARTBEAT {datanodeUUID=b87234b6-97b4-403b-b761-d13c1d3498ce, command=[]} | ret=SUCCESS |  
2019-09-10 13:01:32,471 | INFO  | SCMAudit | user=jenkins1000 | ip=192.168.5.153 | op=SEND_HEARTBEAT {datanodeUUID=51f7194d-0b6e-44ce-bfd4-93c34be99c19, command=[]} | ret=SUCCESS |  
2019-09-10 13:01:32,588 | INFO  | SCMAudit | user=jenkins1000 | ip=192.168.5.153 | op=SEND_HEARTBEAT {datanodeUUID=677e3d93-3467-4860-9bf6-0d2ba46507f3, command=[]} | ret=SUCCESS |  
2019-09-10 13:01:32,590 | INFO  | SCMAudit | user=jenkins1000 | ip=192.168.5.153 | op=SEND_HEARTBEAT {datanodeUUID=5133bb85-d112-43d0-b51c-6140e4ebc540, command=[]} | ret=SUCCESS |  
2019-09-10 13:01:32,594 | INFO  | SCMAudit | user=jenkins1000 | ip=192.168.5.153 | op=SEND_HEARTBEAT {datanodeUUID=80892ce7-83f5-4ca2-be8c-d0fb582c0dda, command=[]} | ret=SUCCESS |  
2019-09-10 13:01:32,878 | INFO  | SCMAudit | user=jenkins1000 | ip=192.168.5.153 | op=SEND_HEARTBEAT {datanodeUUID=4afd2ab1-ec40-4403-b668-2a355860e883, command=[]} | ret=SUCCESS |  
2019-09-10 13:01:33,085 | INFO  | SCMAudit | user=jenkins1000 | ip=192.168.5.153 | op=SEND_HEARTBEAT {datanodeUUID=98692575-908f-4c6f-b3d7-fc3119b7636a, command=[]} | ret=SUCCESS |  
2019-09-10 13:01:33,297 | INFO  | SCMAudit | user=jenkins1000 | ip=192.168.5.153 | op=SEND_HEARTBEAT {datanodeUUID=b87234b6-97b4-403b-b761-d13c1d3498ce, command=[]} | ret=SUCCESS |  
2019-09-10 13:01:33,471 | INFO  | SCMAudit | user=jenkins1000 | ip=192.168.5.153 | op=SEND_HEARTBEAT {datanodeUUID=51f7194d-0b6e-44ce-bfd4-93c34be99c19, command=[]} | ret=SUCCESS |  
2019-09-10 13:01:33,587 | INFO  | SCMAudit | user=jenkins1000 | ip=192.168.5.153 | op=SEND_HEARTBEAT {datanodeUUID=677e3d93-3467-4860-9bf6-0d2ba46507f3, command=[]} | ret=SUCCESS |  
2019-09-10 13:01:33,590 | INFO  | SCMAudit | user=jenkins1000 | ip=192.168.5.153 | op=SEND_HEARTBEAT {datanodeUUID=5133bb85-d112-43d0-b51c-6140e4ebc540, command=[]} | ret=SUCCESS |  
2019-09-10 13:01:33,594 | INFO  | SCMAudit | user=jenkins1000 | ip=192.168.5.153 | op=SEND_HEARTBEAT {datanodeUUID=80892ce7-83f5-4ca2-be8c-d0fb582c0dda, command=[]} | ret=SUCCESS |  
2019-09-10 13:01:33,878 | INFO  | SCMAudit | user=jenkins1000 | ip=192.168.5.153 | op=SEND_HEARTBEAT {datanodeUUID=4afd2ab1-ec40-4403-b668-2a355860e883, command=[]} | ret=SUCCESS |  
2019-09-10 13:01:34,085 | INFO  | SCMAudit | user=jenkins1000 | ip=192.168.5.153 | op=SEND_HEARTBEAT {datanodeUUID=98692575-908f-4c6f-b3d7-fc3119b7636a, command=[]} | ret=SUCCESS |  
2019-09-10 13:01:34,298 | INFO  | SCMAudit | user=jenkins1000 | ip=192.168.5.153 | op=SEND_HEARTBEAT {datanodeUUID=b87234b6-97b4-403b-b761-d13c1d3498ce, command=[]} | ret=SUCCESS |  
2019-09-10 13:01:34,471 | INFO  | SCMAudit | user=jenkins1000 | ip=192.168.5.153 | op=SEND_HEARTBEAT {datanodeUUID=51f7194d-0b6e-44ce-bfd4-93c34be99c19, command=[]} | ret=SUCCESS |  
2019-09-10 13:01:34,587 | INFO  | SCMAudit | user=jenkins1000 | ip=192.168.5.153 | op=SEND_HEARTBEAT {datanodeUUID=677e3d93-3467-4860-9bf6-0d2ba46507f3, command=[]} | ret=SUCCESS |  
2019-09-10 13:01:34,590 | INFO  | SCMAudit | user=jenkins1000 | ip=192.168.5.153 | op=SEND_HEARTBEAT {datanodeUUID=5133bb85-d112-43d0-b51c-6140e4ebc540, command=[]} | ret=SUCCESS |  
2019-09-10 13:01:34,594 | INFO  | SCMAudit | user=jenkins1000 | ip=192.168.5.153 | op=SEND_HEARTBEAT {datanodeUUID=80892ce7-83f5-4ca2-be8c-d0fb582c0dda, command=[]} | ret=SUCCESS |  
2019-09-10 13:01:34,878 | INFO  | SCMAudit | user=jenkins1000 | ip=192.168.5.153 | op=SEND_HEARTBEAT {datanodeUUID=4afd2ab1-ec40-4403-b668-2a355860e883, command=[]} | ret=SUCCESS |  
2019-09-10 13:01:35,085 | INFO  | SCMAudit | user=jenkins1000 | ip=192.168.5.153 | op=SEND_HEARTBEAT {datanodeUUID=98692575-908f-4c6f-b3d7-fc3119b7636a, command=[]} | ret=SUCCESS |  
2019-09-10 13:01:35,297 | INFO  | SCMAudit | user=jenkins1000 | ip=192.168.5.153 | op=SEND_HEARTBEAT {datanodeUUID=b87234b6-97b4-403b-b761-d13c1d3498ce, command=[]} | ret=SUCCESS |  
2019-09-10 13:01:35,396 [grpc-default-executor-6] INFO  client.GrpcClientProtocolClient (GrpcClientProtocolClient.java:onNext(255)) - client-1AEBD7C46593->5133bb85-d112-43d0-b51c-6140e4ebc540: receive RaftClientReply:client-1AEBD7C46593->5133bb85-d112-43d0-b51c-6140e4ebc540@group-59B8B6051EC0, cid=45, FAILED org.apache.ratis.protocol.NotLeaderException: Server 5133bb85-d112-43d0-b51c-6140e4ebc540 is not the leader (677e3d93-3467-4860-9bf6-0d2ba46507f3:192.168.5.153:41781). Request must be sent to leader., logIndex=0, commits[5133bb85-d112-43d0-b51c-6140e4ebc540:c8, 80892ce7-83f5-4ca2-be8c-d0fb582c0dda:c8, 677e3d93-3467-4860-9bf6-0d2ba46507f3:c8]
2019-09-10 13:01:35,471 | INFO  | SCMAudit | user=jenkins1000 | ip=192.168.5.153 | op=SEND_HEARTBEAT {datanodeUUID=51f7194d-0b6e-44ce-bfd4-93c34be99c19, command=[]} | ret=SUCCESS |  
2019-09-10 13:01:35,588 | INFO  | SCMAudit | user=jenkins1000 | ip=192.168.5.153 | op=SEND_HEARTBEAT {datanodeUUID=677e3d93-3467-4860-9bf6-0d2ba46507f3, command=[]} | ret=SUCCESS |  
2019-09-10 13:01:35,591 | INFO  | SCMAudit | user=jenkins1000 | ip=192.168.5.153 | op=SEND_HEARTBEAT {datanodeUUID=5133bb85-d112-43d0-b51c-6140e4ebc540, command=[]} | ret=SUCCESS |  
2019-09-10 13:01:35,594 | INFO  | SCMAudit | user=jenkins1000 | ip=192.168.5.153 | op=SEND_HEARTBEAT {datanodeUUID=80892ce7-83f5-4ca2-be8c-d0fb582c0dda, command=[]} | ret=SUCCESS |  
2019-09-10 13:01:35,878 | INFO  | SCMAudit | user=jenkins1000 | ip=192.168.5.153 | op=SEND_HEARTBEAT {datanodeUUID=4afd2ab1-ec40-4403-b668-2a355860e883, command=[]} | ret=SUCCESS |  
2019-09-10 13:01:36,085 | INFO  | SCMAudit | user=jenkins1000 | ip=192.168.5.153 | op=SEND_HEARTBEAT {datanodeUUID=98692575-908f-4c6f-b3d7-fc3119b7636a, command=[]} | ret=SUCCESS |  
2019-09-10 13:01:36,298 | INFO  | SCMAudit | user=jenkins1000 | ip=192.168.5.153 | op=SEND_HEARTBEAT {datanodeUUID=b87234b6-97b4-403b-b761-d13c1d3498ce, command=[]} | ret=SUCCESS |  
2019-09-10 13:01:36,471 | INFO  | SCMAudit | user=jenkins1000 | ip=192.168.5.153 | op=SEND_HEARTBEAT {datanodeUUID=51f7194d-0b6e-44ce-bfd4-93c34be99c19, command=[]} | ret=SUCCESS |  
2019-09-10 13:01:36,588 | INFO  | SCMAudit | user=jenkins1000 | ip=192.168.5.153 | op=SEND_HEARTBEAT {datanodeUUID=677e3d93-3467-4860-9bf6-0d2ba46507f3, command=[]} | ret=SUCCESS |  
2019-09-10 13:01:36,591 | INFO  | SCMAudit | user=jenkins1000 | ip=192.168.5.153 | op=SEND_HEARTBEAT {datanodeUUID=5133bb85-d112-43d0-b51c-6140e4ebc540, command=[]} | ret=SUCCESS |  
2019-09-10 13:01:36,594 | INFO  | SCMAudit | user=jenkins1000 | ip=192.168.5.153 | op=SEND_HEARTBEAT {datanodeUUID=80892ce7-83f5-4ca2-be8c-d0fb582c0dda, command=[]} | ret=SUCCESS |  
2019-09-10 13:01:36,878 | INFO  | SCMAudit | user=jenkins1000 | ip=192.168.5.153 | op=SEND_HEARTBEAT {datanodeUUID=4afd2ab1-ec40-4403-b668-2a355860e883, command=[]} | ret=SUCCESS |  
2019-09-10 13:01:37,085 | INFO  | SCMAudit | user=jenkins1000 | ip=192.168.5.153 | op=SEND_HEARTBEAT {datanodeUUID=98692575-908f-4c6f-b3d7-fc3119b7636a, command=[]} | ret=SUCCESS |  
2019-09-10 13:01:37,297 | INFO  | SCMAudit | user=jenkins1000 | ip=192.168.5.153 | op=SEND_HEARTBEAT {datanodeUUID=b87234b6-97b4-403b-b761-d13c1d3498ce, command=[]} | ret=SUCCESS |  
2019-09-10 13:01:37,471 | INFO  | SCMAudit | user=jenkins1000 | ip=192.168.5.153 | op=SEND_HEARTBEAT {datanodeUUID=51f7194d-0b6e-44ce-bfd4-93c34be99c19, command=[]} | ret=SUCCESS |  
2019-09-10 13:01:37,588 | INFO  | SCMAudit | user=jenkins1000 | ip=192.168.5.153 | op=SEND_HEARTBEAT {datanodeUUID=677e3d93-3467-4860-9bf6-0d2ba46507f3, command=[]} | ret=SUCCESS |  
2019-09-10 13:01:37,591 | INFO  | SCMAudit | user=jenkins1000 | ip=192.168.5.153 | op=SEND_HEARTBEAT {datanodeUUID=5133bb85-d112-43d0-b51c-6140e4ebc540, command=[]} | ret=SUCCESS |  
2019-09-10 13:01:37,594 | INFO  | SCMAudit | user=jenkins1000 | ip=192.168.5.153 | op=SEND_HEARTBEAT {datanodeUUID=80892ce7-83f5-4ca2-be8c-d0fb582c0dda, command=[]} | ret=SUCCESS |  
2019-09-10 13:01:37,878 | INFO  | SCMAudit | user=jenkins1000 | ip=192.168.5.153 | op=SEND_HEARTBEAT {datanodeUUID=4afd2ab1-ec40-4403-b668-2a355860e883, command=[]} | ret=SUCCESS |  
2019-09-10 13:01:38,086 | INFO  | SCMAudit | user=jenkins1000 | ip=192.168.5.153 | op=SEND_HEARTBEAT {datanodeUUID=98692575-908f-4c6f-b3d7-fc3119b7636a, command=[]} | ret=SUCCESS |  
2019-09-10 13:01:38,297 | INFO  | SCMAudit | user=jenkins1000 | ip=192.168.5.153 | op=SEND_HEARTBEAT {datanodeUUID=b87234b6-97b4-403b-b761-d13c1d3498ce, command=[]} | ret=SUCCESS |  
2019-09-10 13:01:38,471 | INFO  | SCMAudit | user=jenkins1000 | ip=192.168.5.153 | op=SEND_HEARTBEAT {datanodeUUID=51f7194d-0b6e-44ce-bfd4-93c34be99c19, command=[]} | ret=SUCCESS |  
2019-09-10 13:01:38,589 | INFO  | SCMAudit | user=jenkins1000 | ip=192.168.5.153 | op=SEND_HEARTBEAT {datanodeUUID=677e3d93-3467-4860-9bf6-0d2ba46507f3, command=[]} | ret=SUCCESS |  
2019-09-10 13:01:38,591 | INFO  | SCMAudit | user=jenkins1000 | ip=192.168.5.153 | op=SEND_HEARTBEAT {datanodeUUID=5133bb85-d112-43d0-b51c-6140e4ebc540, command=[]} | ret=SUCCESS |  
2019-09-10 13:01:38,594 | INFO  | SCMAudit | user=jenkins1000 | ip=192.168.5.153 | op=SEND_HEARTBEAT {datanodeUUID=80892ce7-83f5-4ca2-be8c-d0fb582c0dda, command=[]} | ret=SUCCESS |  
2019-09-10 13:01:38,878 | INFO  | SCMAudit | user=jenkins1000 | ip=192.168.5.153 | op=SEND_HEARTBEAT {datanodeUUID=4afd2ab1-ec40-4403-b668-2a355860e883, command=[]} | ret=SUCCESS |  
2019-09-10 13:01:39,086 | INFO  | SCMAudit | user=jenkins1000 | ip=192.168.5.153 | op=SEND_HEARTBEAT {datanodeUUID=98692575-908f-4c6f-b3d7-fc3119b7636a, command=[]} | ret=SUCCESS |  
2019-09-10 13:01:39,297 | INFO  | SCMAudit | user=jenkins1000 | ip=192.168.5.153 | op=SEND_HEARTBEAT {datanodeUUID=b87234b6-97b4-403b-b761-d13c1d3498ce, command=[]} | ret=SUCCESS |  
2019-09-10 13:01:39,471 | INFO  | SCMAudit | user=jenkins1000 | ip=192.168.5.153 | op=SEND_HEARTBEAT {datanodeUUID=51f7194d-0b6e-44ce-bfd4-93c34be99c19, command=[]} | ret=SUCCESS |  
2019-09-10 13:01:39,589 | INFO  | SCMAudit | user=jenkins1000 | ip=192.168.5.153 | op=SEND_HEARTBEAT {datanodeUUID=677e3d93-3467-4860-9bf6-0d2ba46507f3, command=[]} | ret=SUCCESS |  
2019-09-10 13:01:39,591 | INFO  | SCMAudit | user=jenkins1000 | ip=192.168.5.153 | op=SEND_HEARTBEAT {datanodeUUID=5133bb85-d112-43d0-b51c-6140e4ebc540, command=[]} | ret=SUCCESS |  
2019-09-10 13:01:39,594 | INFO  | SCMAudit | user=jenkins1000 | ip=192.168.5.153 | op=SEND_HEARTBEAT {datanodeUUID=80892ce7-83f5-4ca2-be8c-d0fb582c0dda, command=[]} | ret=SUCCESS |  
2019-09-10 13:01:39,878 | INFO  | SCMAudit | user=jenkins1000 | ip=192.168.5.153 | op=SEND_HEARTBEAT {datanodeUUID=4afd2ab1-ec40-4403-b668-2a355860e883, command=[]} | ret=SUCCESS |  
2019-09-10 13:01:40,087 | INFO  | SCMAudit | user=jenkins1000 | ip=192.168.5.153 | op=SEND_HEARTBEAT {datanodeUUID=98692575-908f-4c6f-b3d7-fc3119b7636a, command=[]} | ret=SUCCESS |  
2019-09-10 13:01:40,298 | INFO  | SCMAudit | user=jenkins1000 | ip=192.168.5.153 | op=SEND_HEARTBEAT {datanodeUUID=b87234b6-97b4-403b-b761-d13c1d3498ce, command=[]} | ret=SUCCESS |  
2019-09-10 13:01:40,436 [grpc-default-executor-0] INFO  client.GrpcClientProtocolClient (GrpcClientProtocolClient.java:onNext(255)) - client-1AEBD7C46593->80892ce7-83f5-4ca2-be8c-d0fb582c0dda: receive RaftClientReply:client-1AEBD7C46593->80892ce7-83f5-4ca2-be8c-d0fb582c0dda@group-59B8B6051EC0, cid=45, FAILED org.apache.ratis.protocol.NotLeaderException: Server 80892ce7-83f5-4ca2-be8c-d0fb582c0dda is not the leader (677e3d93-3467-4860-9bf6-0d2ba46507f3:192.168.5.153:41781). Request must be sent to leader., logIndex=0, commits[80892ce7-83f5-4ca2-be8c-d0fb582c0dda:c8, 677e3d93-3467-4860-9bf6-0d2ba46507f3:c8, 5133bb85-d112-43d0-b51c-6140e4ebc540:c8]
2019-09-10 13:01:40,472 | INFO  | SCMAudit | user=jenkins1000 | ip=192.168.5.153 | op=SEND_HEARTBEAT {datanodeUUID=51f7194d-0b6e-44ce-bfd4-93c34be99c19, command=[]} | ret=SUCCESS |  
2019-09-10 13:01:40,589 | INFO  | SCMAudit | user=jenkins1000 | ip=192.168.5.153 | op=SEND_HEARTBEAT {datanodeUUID=677e3d93-3467-4860-9bf6-0d2ba46507f3, command=[]} | ret=SUCCESS |  
2019-09-10 13:01:40,591 | INFO  | SCMAudit | user=jenkins1000 | ip=192.168.5.153 | op=SEND_HEARTBEAT {datanodeUUID=5133bb85-d112-43d0-b51c-6140e4ebc540, command=[]} | ret=SUCCESS |  
2019-09-10 13:01:40,594 | INFO  | SCMAudit | user=jenkins1000 | ip=192.168.5.153 | op=SEND_HEARTBEAT {datanodeUUID=80892ce7-83f5-4ca2-be8c-d0fb582c0dda, command=[]} | ret=SUCCESS |  
2019-09-10 13:01:40,878 | INFO  | SCMAudit | user=jenkins1000 | ip=192.168.5.153 | op=SEND_HEARTBEAT {datanodeUUID=4afd2ab1-ec40-4403-b668-2a355860e883, command=[]} | ret=SUCCESS |  
2019-09-10 13:01:41,086 | INFO  | SCMAudit | user=jenkins1000 | ip=192.168.5.153 | op=SEND_HEARTBEAT {datanodeUUID=98692575-908f-4c6f-b3d7-fc3119b7636a, command=[]} | ret=SUCCESS |  
2019-09-10 13:01:41,298 | INFO  | SCMAudit | user=jenkins1000 | ip=192.168.5.153 | op=SEND_HEARTBEAT {datanodeUUID=b87234b6-97b4-403b-b761-d13c1d3498ce, command=[]} | ret=SUCCESS |  
2019-09-10 13:01:41,472 | INFO  | SCMAudit | user=jenkins1000 | ip=192.168.5.153 | op=SEND_HEARTBEAT {datanodeUUID=51f7194d-0b6e-44ce-bfd4-93c34be99c19, command=[]} | ret=SUCCESS |  
2019-09-10 13:01:41,589 | INFO  | SCMAudit | user=jenkins1000 | ip=192.168.5.153 | op=SEND_HEARTBEAT {datanodeUUID=677e3d93-3467-4860-9bf6-0d2ba46507f3, command=[]} | ret=SUCCESS |  
2019-09-10 13:01:41,590 | INFO  | SCMAudit | user=jenkins1000 | ip=192.168.5.153 | op=SEND_HEARTBEAT {datanodeUUID=5133bb85-d112-43d0-b51c-6140e4ebc540, command=[]} | ret=SUCCESS |  
2019-09-10 13:01:41,594 | INFO  | SCMAudit | user=jenkins1000 | ip=192.168.5.153 | op=SEND_HEARTBEAT {datanodeUUID=80892ce7-83f5-4ca2-be8c-d0fb582c0dda, command=[]} | ret=SUCCESS |  
2019-09-10 13:01:41,878 | INFO  | SCMAudit | user=jenkins1000 | ip=192.168.5.153 | op=SEND_HEARTBEAT {datanodeUUID=4afd2ab1-ec40-4403-b668-2a355860e883, command=[]} | ret=SUCCESS |  
2019-09-10 13:01:42,087 | INFO  | SCMAudit | user=jenkins1000 | ip=192.168.5.153 | op=SEND_HEARTBEAT {datanodeUUID=98692575-908f-4c6f-b3d7-fc3119b7636a, command=[]} | ret=SUCCESS |  
2019-09-10 13:01:42,299 | INFO  | SCMAudit | user=jenkins1000 | ip=192.168.5.153 | op=SEND_HEARTBEAT {datanodeUUID=b87234b6-97b4-403b-b761-d13c1d3498ce, command=[]} | ret=SUCCESS |  
2019-09-10 13:01:42,476 | INFO  | SCMAudit | user=jenkins1000 | ip=192.168.5.153 | op=SEND_HEARTBEAT {datanodeUUID=51f7194d-0b6e-44ce-bfd4-93c34be99c19, command=[]} | ret=SUCCESS |  
2019-09-10 13:01:42,589 | INFO  | SCMAudit | user=jenkins1000 | ip=192.168.5.153 | op=SEND_HEARTBEAT {datanodeUUID=677e3d93-3467-4860-9bf6-0d2ba46507f3, command=[]} | ret=SUCCESS |  
2019-09-10 13:01:42,591 | INFO  | SCMAudit | user=jenkins1000 | ip=192.168.5.153 | op=SEND_HEARTBEAT {datanodeUUID=5133bb85-d112-43d0-b51c-6140e4ebc540, command=[]} | ret=SUCCESS |  
2019-09-10 13:01:42,594 | INFO  | SCMAudit | user=jenkins1000 | ip=192.168.5.153 | op=SEND_HEARTBEAT {datanodeUUID=80892ce7-83f5-4ca2-be8c-d0fb582c0dda, command=[]} | ret=SUCCESS |  
2019-09-10 13:01:42,878 | INFO  | SCMAudit | user=jenkins1000 | ip=192.168.5.153 | op=SEND_HEARTBEAT {datanodeUUID=4afd2ab1-ec40-4403-b668-2a355860e883, command=[]} | ret=SUCCESS |  
2019-09-10 13:01:43,086 | INFO  | SCMAudit | user=jenkins1000 | ip=192.168.5.153 | op=SEND_HEARTBEAT {datanodeUUID=98692575-908f-4c6f-b3d7-fc3119b7636a, command=[]} | ret=SUCCESS |  
2019-09-10 13:01:43,299 | INFO  | SCMAudit | user=jenkins1000 | ip=192.168.5.153 | op=SEND_HEARTBEAT {datanodeUUID=b87234b6-97b4-403b-b761-d13c1d3498ce, command=[]} | ret=SUCCESS |  
2019-09-10 13:01:43,473 | INFO  | SCMAudit | user=jenkins1000 | ip=192.168.5.153 | op=SEND_HEARTBEAT {datanodeUUID=51f7194d-0b6e-44ce-bfd4-93c34be99c19, command=[]} | ret=SUCCESS |  
2019-09-10 13:01:43,589 | INFO  | SCMAudit | user=jenkins1000 | ip=192.168.5.153 | op=SEND_HEARTBEAT {datanodeUUID=677e3d93-3467-4860-9bf6-0d2ba46507f3, command=[]} | ret=SUCCESS |  
2019-09-10 13:01:43,591 | INFO  | SCMAudit | user=jenkins1000 | ip=192.168.5.153 | op=SEND_HEARTBEAT {datanodeUUID=5133bb85-d112-43d0-b51c-6140e4ebc540, command=[]} | ret=SUCCESS |  
2019-09-10 13:01:43,593 | INFO  | SCMAudit | user=jenkins1000 | ip=192.168.5.153 | op=SEND_HEARTBEAT {datanodeUUID=80892ce7-83f5-4ca2-be8c-d0fb582c0dda, command=[]} | ret=SUCCESS |  
2019-09-10 13:01:43,878 | INFO  | SCMAudit | user=jenkins1000 | ip=192.168.5.153 | op=SEND_HEARTBEAT {datanodeUUID=4afd2ab1-ec40-4403-b668-2a355860e883, command=[]} | ret=SUCCESS |  
2019-09-10 13:01:44,086 | INFO  | SCMAudit | user=jenkins1000 | ip=192.168.5.153 | op=SEND_HEARTBEAT {datanodeUUID=98692575-908f-4c6f-b3d7-fc3119b7636a, command=[]} | ret=SUCCESS |  
2019-09-10 13:01:44,299 | INFO  | SCMAudit | user=jenkins1000 | ip=192.168.5.153 | op=SEND_HEARTBEAT {datanodeUUID=b87234b6-97b4-403b-b761-d13c1d3498ce, command=[]} | ret=SUCCESS |  
2019-09-10 13:01:44,472 | INFO  | SCMAudit | user=jenkins1000 | ip=192.168.5.153 | op=SEND_HEARTBEAT {datanodeUUID=51f7194d-0b6e-44ce-bfd4-93c34be99c19, command=[]} | ret=SUCCESS |  
2019-09-10 13:01:44,589 | INFO  | SCMAudit | user=jenkins1000 | ip=192.168.5.153 | op=SEND_HEARTBEAT {datanodeUUID=677e3d93-3467-4860-9bf6-0d2ba46507f3, command=[]} | ret=SUCCESS |  
2019-09-10 13:01:44,591 | INFO  | SCMAudit | user=jenkins1000 | ip=192.168.5.153 | op=SEND_HEARTBEAT {datanodeUUID=5133bb85-d112-43d0-b51c-6140e4ebc540, command=[]} | ret=SUCCESS |  
2019-09-10 13:01:44,594 | INFO  | SCMAudit | user=jenkins1000 | ip=192.168.5.153 | op=SEND_HEARTBEAT {datanodeUUID=80892ce7-83f5-4ca2-be8c-d0fb582c0dda, command=[]} | ret=SUCCESS |  
2019-09-10 13:01:44,878 | INFO  | SCMAudit | user=jenkins1000 | ip=192.168.5.153 | op=SEND_HEARTBEAT {datanodeUUID=4afd2ab1-ec40-4403-b668-2a355860e883, command=[]} | ret=SUCCESS |  
2019-09-10 13:01:45,086 | INFO  | SCMAudit | user=jenkins1000 | ip=192.168.5.153 | op=SEND_HEARTBEAT {datanodeUUID=98692575-908f-4c6f-b3d7-fc3119b7636a, command=[]} | ret=SUCCESS |  
2019-09-10 13:01:45,300 | INFO  | SCMAudit | user=jenkins1000 | ip=192.168.5.153 | op=SEND_HEARTBEAT {datanodeUUID=b87234b6-97b4-403b-b761-d13c1d3498ce, command=[]} | ret=SUCCESS |  
2019-09-10 13:01:45,472 | INFO  | SCMAudit | user=jenkins1000 | ip=192.168.5.153 | op=SEND_HEARTBEAT {datanodeUUID=51f7194d-0b6e-44ce-bfd4-93c34be99c19, command=[]} | ret=SUCCESS |  
2019-09-10 13:01:45,517 [grpc-default-executor-6] INFO  client.GrpcClientProtocolClient (GrpcClientProtocolClient.java:onNext(255)) - client-1AEBD7C46593->80892ce7-83f5-4ca2-be8c-d0fb582c0dda: receive RaftClientReply:client-1AEBD7C46593->80892ce7-83f5-4ca2-be8c-d0fb582c0dda@group-59B8B6051EC0, cid=45, FAILED org.apache.ratis.protocol.NotLeaderException: Server 80892ce7-83f5-4ca2-be8c-d0fb582c0dda is not the leader (677e3d93-3467-4860-9bf6-0d2ba46507f3:192.168.5.153:41781). Request must be sent to leader., logIndex=0, commits[80892ce7-83f5-4ca2-be8c-d0fb582c0dda:c8, 677e3d93-3467-4860-9bf6-0d2ba46507f3:c8, 5133bb85-d112-43d0-b51c-6140e4ebc540:c8]
2019-09-10 13:01:45,590 | INFO  | SCMAudit | user=jenkins1000 | ip=192.168.5.153 | op=SEND_HEARTBEAT {datanodeUUID=677e3d93-3467-4860-9bf6-0d2ba46507f3, command=[]} | ret=SUCCESS |  
2019-09-10 13:01:45,591 | INFO  | SCMAudit | user=jenkins1000 | ip=192.168.5.153 | op=SEND_HEARTBEAT {datanodeUUID=5133bb85-d112-43d0-b51c-6140e4ebc540, command=[]} | ret=SUCCESS |  
2019-09-10 13:01:45,595 | INFO  | SCMAudit | user=jenkins1000 | ip=192.168.5.153 | op=SEND_HEARTBEAT {datanodeUUID=80892ce7-83f5-4ca2-be8c-d0fb582c0dda, command=[]} | ret=SUCCESS |  
2019-09-10 13:01:45,878 | INFO  | SCMAudit | user=jenkins1000 | ip=192.168.5.153 | op=SEND_HEARTBEAT {datanodeUUID=4afd2ab1-ec40-4403-b668-2a355860e883, command=[]} | ret=SUCCESS |  
2019-09-10 13:01:46,086 | INFO  | SCMAudit | user=jenkins1000 | ip=192.168.5.153 | op=SEND_HEARTBEAT {datanodeUUID=98692575-908f-4c6f-b3d7-fc3119b7636a, command=[]} | ret=SUCCESS |  
2019-09-10 13:01:46,300 | INFO  | SCMAudit | user=jenkins1000 | ip=192.168.5.153 | op=SEND_HEARTBEAT {datanodeUUID=b87234b6-97b4-403b-b761-d13c1d3498ce, command=[]} | ret=SUCCESS |  
2019-09-10 13:01:46,473 | INFO  | SCMAudit | user=jenkins1000 | ip=192.168.5.153 | op=SEND_HEARTBEAT {datanodeUUID=51f7194d-0b6e-44ce-bfd4-93c34be99c19, command=[]} | ret=SUCCESS |  
2019-09-10 13:01:46,590 | INFO  | SCMAudit | user=jenkins1000 | ip=192.168.5.153 | op=SEND_HEARTBEAT {datanodeUUID=677e3d93-3467-4860-9bf6-0d2ba46507f3, command=[]} | ret=SUCCESS |  
2019-09-10 13:01:46,590 | INFO  | SCMAudit | user=jenkins1000 | ip=192.168.5.153 | op=SEND_HEARTBEAT {datanodeUUID=5133bb85-d112-43d0-b51c-6140e4ebc540, command=[]} | ret=SUCCESS |  
2019-09-10 13:01:46,596 | INFO  | SCMAudit | user=jenkins1000 | ip=192.168.5.153 | op=SEND_HEARTBEAT {datanodeUUID=80892ce7-83f5-4ca2-be8c-d0fb582c0dda, command=[]} | ret=SUCCESS |  
2019-09-10 13:01:46,879 | INFO  | SCMAudit | user=jenkins1000 | ip=192.168.5.153 | op=SEND_HEARTBEAT {datanodeUUID=4afd2ab1-ec40-4403-b668-2a355860e883, command=[]} | ret=SUCCESS |  
2019-09-10 13:01:47,086 | INFO  | SCMAudit | user=jenkins1000 | ip=192.168.5.153 | op=SEND_HEARTBEAT {datanodeUUID=98692575-908f-4c6f-b3d7-fc3119b7636a, command=[]} | ret=SUCCESS |  
2019-09-10 13:01:47,300 | INFO  | SCMAudit | user=jenkins1000 | ip=192.168.5.153 | op=SEND_HEARTBEAT {datanodeUUID=b87234b6-97b4-403b-b761-d13c1d3498ce, command=[]} | ret=SUCCESS |  
2019-09-10 13:01:47,474 | INFO  | SCMAudit | user=jenkins1000 | ip=192.168.5.153 | op=SEND_HEARTBEAT {datanodeUUID=51f7194d-0b6e-44ce-bfd4-93c34be99c19, command=[]} | ret=SUCCESS |  
2019-09-10 13:01:47,590 | INFO  | SCMAudit | user=jenkins1000 | ip=192.168.5.153 | op=SEND_HEARTBEAT {datanodeUUID=677e3d93-3467-4860-9bf6-0d2ba46507f3, command=[]} | ret=SUCCESS |  
2019-09-10 13:01:47,591 | INFO  | SCMAudit | user=jenkins1000 | ip=192.168.5.153 | op=SEND_HEARTBEAT {datanodeUUID=5133bb85-d112-43d0-b51c-6140e4ebc540, command=[]} | ret=SUCCESS |  
2019-09-10 13:01:47,601 | INFO  | SCMAudit | user=jenkins1000 | ip=192.168.5.153 | op=SEND_HEARTBEAT {datanodeUUID=80892ce7-83f5-4ca2-be8c-d0fb582c0dda, command=[]} | ret=SUCCESS |  
2019-09-10 13:01:47,883 | INFO  | SCMAudit | user=jenkins1000 | ip=192.168.5.153 | op=SEND_HEARTBEAT {datanodeUUID=4afd2ab1-ec40-4403-b668-2a355860e883, command=[]} | ret=SUCCESS |  
2019-09-10 13:01:48,086 | INFO  | SCMAudit | user=jenkins1000 | ip=192.168.5.153 | op=SEND_HEARTBEAT {datanodeUUID=98692575-908f-4c6f-b3d7-fc3119b7636a, command=[]} | ret=SUCCESS |  
2019-09-10 13:01:48,300 | INFO  | SCMAudit | user=jenkins1000 | ip=192.168.5.153 | op=SEND_HEARTBEAT {datanodeUUID=b87234b6-97b4-403b-b761-d13c1d3498ce, command=[]} | ret=SUCCESS |  
2019-09-10 13:01:48,474 | INFO  | SCMAudit | user=jenkins1000 | ip=192.168.5.153 | op=SEND_HEARTBEAT {datanodeUUID=51f7194d-0b6e-44ce-bfd4-93c34be99c19, command=[]} | ret=SUCCESS |  
2019-09-10 13:01:48,590 | INFO  | SCMAudit | user=jenkins1000 | ip=192.168.5.153 | op=SEND_HEARTBEAT {datanodeUUID=677e3d93-3467-4860-9bf6-0d2ba46507f3, command=[]} | ret=SUCCESS |  
2019-09-10 13:01:48,591 | INFO  | SCMAudit | user=jenkins1000 | ip=192.168.5.153 | op=SEND_HEARTBEAT {datanodeUUID=5133bb85-d112-43d0-b51c-6140e4ebc540, command=[]} | ret=SUCCESS |  
2019-09-10 13:01:48,601 | INFO  | SCMAudit | user=jenkins1000 | ip=192.168.5.153 | op=SEND_HEARTBEAT {datanodeUUID=80892ce7-83f5-4ca2-be8c-d0fb582c0dda, command=[]} | ret=SUCCESS |  
2019-09-10 13:01:48,878 | INFO  | SCMAudit | user=jenkins1000 | ip=192.168.5.153 | op=SEND_HEARTBEAT {datanodeUUID=4afd2ab1-ec40-4403-b668-2a355860e883, command=[]} | ret=SUCCESS |  
2019-09-10 13:01:49,086 | INFO  | SCMAudit | user=jenkins1000 | ip=192.168.5.153 | op=SEND_HEARTBEAT {datanodeUUID=98692575-908f-4c6f-b3d7-fc3119b7636a, command=[]} | ret=SUCCESS |  
2019-09-10 13:01:49,300 | INFO  | SCMAudit | user=jenkins1000 | ip=192.168.5.153 | op=SEND_HEARTBEAT {datanodeUUID=b87234b6-97b4-403b-b761-d13c1d3498ce, command=[]} | ret=SUCCESS |  
2019-09-10 13:01:49,474 | INFO  | SCMAudit | user=jenkins1000 | ip=192.168.5.153 | op=SEND_HEARTBEAT {datanodeUUID=51f7194d-0b6e-44ce-bfd4-93c34be99c19, command=[]} | ret=SUCCESS |  
2019-09-10 13:01:49,590 | INFO  | SCMAudit | user=jenkins1000 | ip=192.168.5.153 | op=SEND_HEARTBEAT {datanodeUUID=677e3d93-3467-4860-9bf6-0d2ba46507f3, command=[]} | ret=SUCCESS |  
2019-09-10 13:01:49,591 | INFO  | SCMAudit | user=jenkins1000 | ip=192.168.5.153 | op=SEND_HEARTBEAT {datanodeUUID=5133bb85-d112-43d0-b51c-6140e4ebc540, command=[]} | ret=SUCCESS |  
2019-09-10 13:01:49,601 | INFO  | SCMAudit | user=jenkins1000 | ip=192.168.5.153 | op=SEND_HEARTBEAT {datanodeUUID=80892ce7-83f5-4ca2-be8c-d0fb582c0dda, command=[]} | ret=SUCCESS |  
2019-09-10 13:01:49,878 | INFO  | SCMAudit | user=jenkins1000 | ip=192.168.5.153 | op=SEND_HEARTBEAT {datanodeUUID=4afd2ab1-ec40-4403-b668-2a355860e883, command=[]} | ret=SUCCESS |  
2019-09-10 13:01:50,086 | INFO  | SCMAudit | user=jenkins1000 | ip=192.168.5.153 | op=SEND_HEARTBEAT {datanodeUUID=98692575-908f-4c6f-b3d7-fc3119b7636a, command=[]} | ret=SUCCESS |  
2019-09-10 13:01:50,300 | INFO  | SCMAudit | user=jenkins1000 | ip=192.168.5.153 | op=SEND_HEARTBEAT {datanodeUUID=b87234b6-97b4-403b-b761-d13c1d3498ce, command=[]} | ret=SUCCESS |  
2019-09-10 13:01:50,474 | INFO  | SCMAudit | user=jenkins1000 | ip=192.168.5.153 | op=SEND_HEARTBEAT {datanodeUUID=51f7194d-0b6e-44ce-bfd4-93c34be99c19, command=[]} | ret=SUCCESS |  
2019-09-10 13:01:50,553 [grpc-default-executor-0] INFO  client.GrpcClientProtocolClient (GrpcClientProtocolClient.java:onNext(255)) - client-1AEBD7C46593->80892ce7-83f5-4ca2-be8c-d0fb582c0dda: receive RaftClientReply:client-1AEBD7C46593->80892ce7-83f5-4ca2-be8c-d0fb582c0dda@group-59B8B6051EC0, cid=45, FAILED org.apache.ratis.protocol.NotLeaderException: Server 80892ce7-83f5-4ca2-be8c-d0fb582c0dda is not the leader (677e3d93-3467-4860-9bf6-0d2ba46507f3:192.168.5.153:41781). Request must be sent to leader., logIndex=0, commits[80892ce7-83f5-4ca2-be8c-d0fb582c0dda:c8, 677e3d93-3467-4860-9bf6-0d2ba46507f3:c8, 5133bb85-d112-43d0-b51c-6140e4ebc540:c8]
2019-09-10 13:01:50,590 | INFO  | SCMAudit | user=jenkins1000 | ip=192.168.5.153 | op=SEND_HEARTBEAT {datanodeUUID=677e3d93-3467-4860-9bf6-0d2ba46507f3, command=[]} | ret=SUCCESS |  
2019-09-10 13:01:50,591 | INFO  | SCMAudit | user=jenkins1000 | ip=192.168.5.153 | op=SEND_HEARTBEAT {datanodeUUID=5133bb85-d112-43d0-b51c-6140e4ebc540, command=[]} | ret=SUCCESS |  
2019-09-10 13:01:50,601 | INFO  | SCMAudit | user=jenkins1000 | ip=192.168.5.153 | op=SEND_HEARTBEAT {datanodeUUID=80892ce7-83f5-4ca2-be8c-d0fb582c0dda, command=[]} | ret=SUCCESS |  
2019-09-10 13:01:50,879 | INFO  | SCMAudit | user=jenkins1000 | ip=192.168.5.153 | op=SEND_HEARTBEAT {datanodeUUID=4afd2ab1-ec40-4403-b668-2a355860e883, command=[]} | ret=SUCCESS |  
2019-09-10 13:01:51,086 | INFO  | SCMAudit | user=jenkins1000 | ip=192.168.5.153 | op=SEND_HEARTBEAT {datanodeUUID=98692575-908f-4c6f-b3d7-fc3119b7636a, command=[]} | ret=SUCCESS |  
2019-09-10 13:01:51,301 | INFO  | SCMAudit | user=jenkins1000 | ip=192.168.5.153 | op=SEND_HEARTBEAT {datanodeUUID=b87234b6-97b4-403b-b761-d13c1d3498ce, command=[]} | ret=SUCCESS |  
2019-09-10 13:01:51,474 | INFO  | SCMAudit | user=jenkins1000 | ip=192.168.5.153 | op=SEND_HEARTBEAT {datanodeUUID=51f7194d-0b6e-44ce-bfd4-93c34be99c19, command=[]} | ret=SUCCESS |  
2019-09-10 13:01:51,590 | INFO  | SCMAudit | user=jenkins1000 | ip=192.168.5.153 | op=SEND_HEARTBEAT {datanodeUUID=677e3d93-3467-4860-9bf6-0d2ba46507f3, command=[]} | ret=SUCCESS |  
2019-09-10 13:01:51,591 | INFO  | SCMAudit | user=jenkins1000 | ip=192.168.5.153 | op=SEND_HEARTBEAT {datanodeUUID=5133bb85-d112-43d0-b51c-6140e4ebc540, command=[]} | ret=SUCCESS |  
2019-09-10 13:01:51,601 | INFO  | SCMAudit | user=jenkins1000 | ip=192.168.5.153 | op=SEND_HEARTBEAT {datanodeUUID=80892ce7-83f5-4ca2-be8c-d0fb582c0dda, command=[]} | ret=SUCCESS |  
2019-09-10 13:01:51,879 | INFO  | SCMAudit | user=jenkins1000 | ip=192.168.5.153 | op=SEND_HEARTBEAT {datanodeUUID=4afd2ab1-ec40-4403-b668-2a355860e883, command=[]} | ret=SUCCESS |  
2019-09-10 13:01:52,087 | INFO  | SCMAudit | user=jenkins1000 | ip=192.168.5.153 | op=SEND_HEARTBEAT {datanodeUUID=98692575-908f-4c6f-b3d7-fc3119b7636a, command=[]} | ret=SUCCESS |  
2019-09-10 13:01:52,301 | INFO  | SCMAudit | user=jenkins1000 | ip=192.168.5.153 | op=SEND_HEARTBEAT {datanodeUUID=b87234b6-97b4-403b-b761-d13c1d3498ce, command=[]} | ret=SUCCESS |  
2019-09-10 13:01:52,474 | INFO  | SCMAudit | user=jenkins1000 | ip=192.168.5.153 | op=SEND_HEARTBEAT {datanodeUUID=51f7194d-0b6e-44ce-bfd4-93c34be99c19, command=[]} | ret=SUCCESS |  
2019-09-10 13:01:52,590 | INFO  | SCMAudit | user=jenkins1000 | ip=192.168.5.153 | op=SEND_HEARTBEAT {datanodeUUID=677e3d93-3467-4860-9bf6-0d2ba46507f3, command=[]} | ret=SUCCESS |  
2019-09-10 13:01:52,591 | INFO  | SCMAudit | user=jenkins1000 | ip=192.168.5.153 | op=SEND_HEARTBEAT {datanodeUUID=5133bb85-d112-43d0-b51c-6140e4ebc540, command=[]} | ret=SUCCESS |  
2019-09-10 13:01:52,601 | INFO  | SCMAudit | user=jenkins1000 | ip=192.168.5.153 | op=SEND_HEARTBEAT {datanodeUUID=80892ce7-83f5-4ca2-be8c-d0fb582c0dda, command=[]} | ret=SUCCESS |  
2019-09-10 13:01:52,879 | INFO  | SCMAudit | user=jenkins1000 | ip=192.168.5.153 | op=SEND_HEARTBEAT {datanodeUUID=4afd2ab1-ec40-4403-b668-2a355860e883, command=[]} | ret=SUCCESS |  
2019-09-10 13:01:53,087 | INFO  | SCMAudit | user=jenkins1000 | ip=192.168.5.153 | op=SEND_HEARTBEAT {datanodeUUID=98692575-908f-4c6f-b3d7-fc3119b7636a, command=[]} | ret=SUCCESS |  
2019-09-10 13:01:53,301 | INFO  | SCMAudit | user=jenkins1000 | ip=192.168.5.153 | op=SEND_HEARTBEAT {datanodeUUID=b87234b6-97b4-403b-b761-d13c1d3498ce, command=[]} | ret=SUCCESS |  
2019-09-10 13:01:53,474 | INFO  | SCMAudit | user=jenkins1000 | ip=192.168.5.153 | op=SEND_HEARTBEAT {datanodeUUID=51f7194d-0b6e-44ce-bfd4-93c34be99c19, command=[]} | ret=SUCCESS |  
2019-09-10 13:01:53,590 | INFO  | SCMAudit | user=jenkins1000 | ip=192.168.5.153 | op=SEND_HEARTBEAT {datanodeUUID=677e3d93-3467-4860-9bf6-0d2ba46507f3, command=[]} | ret=SUCCESS |  
2019-09-10 13:01:53,591 | INFO  | SCMAudit | user=jenkins1000 | ip=192.168.5.153 | op=SEND_HEARTBEAT {datanodeUUID=5133bb85-d112-43d0-b51c-6140e4ebc540, command=[]} | ret=SUCCESS |  
2019-09-10 13:01:53,601 | INFO  | SCMAudit | user=jenkins1000 | ip=192.168.5.153 | op=SEND_HEARTBEAT {datanodeUUID=80892ce7-83f5-4ca2-be8c-d0fb582c0dda, command=[]} | ret=SUCCESS |  
2019-09-10 13:01:53,879 | INFO  | SCMAudit | user=jenkins1000 | ip=192.168.5.153 | op=SEND_HEARTBEAT {datanodeUUID=4afd2ab1-ec40-4403-b668-2a355860e883, command=[]} | ret=SUCCESS |  
2019-09-10 13:01:54,087 | INFO  | SCMAudit | user=jenkins1000 | ip=192.168.5.153 | op=SEND_HEARTBEAT {datanodeUUID=98692575-908f-4c6f-b3d7-fc3119b7636a, command=[]} | ret=SUCCESS |  
2019-09-10 13:01:54,301 | INFO  | SCMAudit | user=jenkins1000 | ip=192.168.5.153 | op=SEND_HEARTBEAT {datanodeUUID=b87234b6-97b4-403b-b761-d13c1d3498ce, command=[]} | ret=SUCCESS |  
2019-09-10 13:01:54,474 | INFO  | SCMAudit | user=jenkins1000 | ip=192.168.5.153 | op=SEND_HEARTBEAT {datanodeUUID=51f7194d-0b6e-44ce-bfd4-93c34be99c19, command=[]} | ret=SUCCESS |  
2019-09-10 13:01:54,590 | INFO  | SCMAudit | user=jenkins1000 | ip=192.168.5.153 | op=SEND_HEARTBEAT {datanodeUUID=677e3d93-3467-4860-9bf6-0d2ba46507f3, command=[]} | ret=SUCCESS |  
2019-09-10 13:01:54,591 | INFO  | SCMAudit | user=jenkins1000 | ip=192.168.5.153 | op=SEND_HEARTBEAT {datanodeUUID=5133bb85-d112-43d0-b51c-6140e4ebc540, command=[]} | ret=SUCCESS |  
2019-09-10 13:01:54,601 | INFO  | SCMAudit | user=jenkins1000 | ip=192.168.5.153 | op=SEND_HEARTBEAT {datanodeUUID=80892ce7-83f5-4ca2-be8c-d0fb582c0dda, command=[]} | ret=SUCCESS |  
2019-09-10 13:01:54,879 | INFO  | SCMAudit | user=jenkins1000 | ip=192.168.5.153 | op=SEND_HEARTBEAT {datanodeUUID=4afd2ab1-ec40-4403-b668-2a355860e883, command=[]} | ret=SUCCESS |  
2019-09-10 13:01:55,087 | INFO  | SCMAudit | user=jenkins1000 | ip=192.168.5.153 | op=SEND_HEARTBEAT {datanodeUUID=98692575-908f-4c6f-b3d7-fc3119b7636a, command=[]} | ret=SUCCESS |  
2019-09-10 13:01:55,301 | INFO  | SCMAudit | user=jenkins1000 | ip=192.168.5.153 | op=SEND_HEARTBEAT {datanodeUUID=b87234b6-97b4-403b-b761-d13c1d3498ce, command=[]} | ret=SUCCESS |  
2019-09-10 13:01:55,474 | INFO  | SCMAudit | user=jenkins1000 | ip=192.168.5.153 | op=SEND_HEARTBEAT {datanodeUUID=51f7194d-0b6e-44ce-bfd4-93c34be99c19, command=[]} | ret=SUCCESS |  
2019-09-10 13:01:55,584 [grpc-default-executor-0] INFO  client.GrpcClientProtocolClient (GrpcClientProtocolClient.java:onNext(255)) - client-1AEBD7C46593->80892ce7-83f5-4ca2-be8c-d0fb582c0dda: receive RaftClientReply:client-1AEBD7C46593->80892ce7-83f5-4ca2-be8c-d0fb582c0dda@group-59B8B6051EC0, cid=45, FAILED org.apache.ratis.protocol.NotLeaderException: Server 80892ce7-83f5-4ca2-be8c-d0fb582c0dda is not the leader (677e3d93-3467-4860-9bf6-0d2ba46507f3:192.168.5.153:41781). Request must be sent to leader., logIndex=0, commits[80892ce7-83f5-4ca2-be8c-d0fb582c0dda:c8, 677e3d93-3467-4860-9bf6-0d2ba46507f3:c8, 5133bb85-d112-43d0-b51c-6140e4ebc540:c8]
2019-09-10 13:01:55,594 | INFO  | SCMAudit | user=jenkins1000 | ip=192.168.5.153 | op=SEND_HEARTBEAT {datanodeUUID=677e3d93-3467-4860-9bf6-0d2ba46507f3, command=[]} | ret=SUCCESS |  
2019-09-10 13:01:55,594 | INFO  | SCMAudit | user=jenkins1000 | ip=192.168.5.153 | op=SEND_HEARTBEAT {datanodeUUID=5133bb85-d112-43d0-b51c-6140e4ebc540, command=[]} | ret=SUCCESS |  
2019-09-10 13:01:55,600 | INFO  | SCMAudit | user=jenkins1000 | ip=192.168.5.153 | op=SEND_HEARTBEAT {datanodeUUID=80892ce7-83f5-4ca2-be8c-d0fb582c0dda, command=[]} | ret=SUCCESS |  
2019-09-10 13:01:55,879 | INFO  | SCMAudit | user=jenkins1000 | ip=192.168.5.153 | op=SEND_HEARTBEAT {datanodeUUID=4afd2ab1-ec40-4403-b668-2a355860e883, command=[]} | ret=SUCCESS |  
2019-09-10 13:01:56,087 | INFO  | SCMAudit | user=jenkins1000 | ip=192.168.5.153 | op=SEND_HEARTBEAT {datanodeUUID=98692575-908f-4c6f-b3d7-fc3119b7636a, command=[]} | ret=SUCCESS |  
2019-09-10 13:01:56,301 | INFO  | SCMAudit | user=jenkins1000 | ip=192.168.5.153 | op=SEND_HEARTBEAT {datanodeUUID=b87234b6-97b4-403b-b761-d13c1d3498ce, command=[]} | ret=SUCCESS |  
2019-09-10 13:01:56,474 | INFO  | SCMAudit | user=jenkins1000 | ip=192.168.5.153 | op=SEND_HEARTBEAT {datanodeUUID=51f7194d-0b6e-44ce-bfd4-93c34be99c19, command=[]} | ret=SUCCESS |  
2019-09-10 13:01:56,591 | INFO  | SCMAudit | user=jenkins1000 | ip=192.168.5.153 | op=SEND_HEARTBEAT {datanodeUUID=677e3d93-3467-4860-9bf6-0d2ba46507f3, command=[]} | ret=SUCCESS |  
2019-09-10 13:01:56,591 | INFO  | SCMAudit | user=jenkins1000 | ip=192.168.5.153 | op=SEND_HEARTBEAT {datanodeUUID=5133bb85-d112-43d0-b51c-6140e4ebc540, command=[]} | ret=SUCCESS |  
2019-09-10 13:01:56,601 | INFO  | SCMAudit | user=jenkins1000 | ip=192.168.5.153 | op=SEND_HEARTBEAT {datanodeUUID=80892ce7-83f5-4ca2-be8c-d0fb582c0dda, command=[]} | ret=SUCCESS |  
2019-09-10 13:01:56,879 | INFO  | SCMAudit | user=jenkins1000 | ip=192.168.5.153 | op=SEND_HEARTBEAT {datanodeUUID=4afd2ab1-ec40-4403-b668-2a355860e883, command=[]} | ret=SUCCESS |  
2019-09-10 13:01:57,088 | INFO  | SCMAudit | user=jenkins1000 | ip=192.168.5.153 | op=SEND_HEARTBEAT {datanodeUUID=98692575-908f-4c6f-b3d7-fc3119b7636a, command=[]} | ret=SUCCESS |  
2019-09-10 13:01:57,301 | INFO  | SCMAudit | user=jenkins1000 | ip=192.168.5.153 | op=SEND_HEARTBEAT {datanodeUUID=b87234b6-97b4-403b-b761-d13c1d3498ce, command=[]} | ret=SUCCESS |  
2019-09-10 13:01:57,474 | INFO  | SCMAudit | user=jenkins1000 | ip=192.168.5.153 | op=SEND_HEARTBEAT {datanodeUUID=51f7194d-0b6e-44ce-bfd4-93c34be99c19, command=[]} | ret=SUCCESS |  
2019-09-10 13:01:57,592 | INFO  | SCMAudit | user=jenkins1000 | ip=192.168.5.153 | op=SEND_HEARTBEAT {datanodeUUID=677e3d93-3467-4860-9bf6-0d2ba46507f3, command=[]} | ret=SUCCESS |  
2019-09-10 13:01:57,592 | INFO  | SCMAudit | user=jenkins1000 | ip=192.168.5.153 | op=SEND_HEARTBEAT {datanodeUUID=5133bb85-d112-43d0-b51c-6140e4ebc540, command=[]} | ret=SUCCESS |  
2019-09-10 13:01:57,601 | INFO  | SCMAudit | user=jenkins1000 | ip=192.168.5.153 | op=SEND_HEARTBEAT {datanodeUUID=80892ce7-83f5-4ca2-be8c-d0fb582c0dda, command=[]} | ret=SUCCESS |  
2019-09-10 13:01:57,879 | INFO  | SCMAudit | user=jenkins1000 | ip=192.168.5.153 | op=SEND_HEARTBEAT {datanodeUUID=4afd2ab1-ec40-4403-b668-2a355860e883, command=[]} | ret=SUCCESS |  
2019-09-10 13:01:58,087 | INFO  | SCMAudit | user=jenkins1000 | ip=192.168.5.153 | op=SEND_HEARTBEAT {datanodeUUID=98692575-908f-4c6f-b3d7-fc3119b7636a, command=[]} | ret=SUCCESS |  
2019-09-10 13:01:58,301 | INFO  | SCMAudit | user=jenkins1000 | ip=192.168.5.153 | op=SEND_HEARTBEAT {datanodeUUID=b87234b6-97b4-403b-b761-d13c1d3498ce, command=[]} | ret=SUCCESS |  
2019-09-10 13:01:58,474 | INFO  | SCMAudit | user=jenkins1000 | ip=192.168.5.153 | op=SEND_HEARTBEAT {datanodeUUID=51f7194d-0b6e-44ce-bfd4-93c34be99c19, command=[]} | ret=SUCCESS |  
2019-09-10 13:01:58,591 | INFO  | SCMAudit | user=jenkins1000 | ip=192.168.5.153 | op=SEND_HEARTBEAT {datanodeUUID=5133bb85-d112-43d0-b51c-6140e4ebc540, command=[]} | ret=SUCCESS |  
2019-09-10 13:01:58,591 | INFO  | SCMAudit | user=jenkins1000 | ip=192.168.5.153 | op=SEND_HEARTBEAT {datanodeUUID=677e3d93-3467-4860-9bf6-0d2ba46507f3, command=[]} | ret=SUCCESS |  
2019-09-10 13:01:58,602 | INFO  | SCMAudit | user=jenkins1000 | ip=192.168.5.153 | op=SEND_HEARTBEAT {datanodeUUID=80892ce7-83f5-4ca2-be8c-d0fb582c0dda, command=[]} | ret=SUCCESS |  
2019-09-10 13:01:58,880 | INFO  | SCMAudit | user=jenkins1000 | ip=192.168.5.153 | op=SEND_HEARTBEAT {datanodeUUID=4afd2ab1-ec40-4403-b668-2a355860e883, command=[]} | ret=SUCCESS |  
2019-09-10 13:01:59,087 | INFO  | SCMAudit | user=jenkins1000 | ip=192.168.5.153 | op=SEND_HEARTBEAT {datanodeUUID=98692575-908f-4c6f-b3d7-fc3119b7636a, command=[]} | ret=SUCCESS |  
2019-09-10 13:01:59,301 | INFO  | SCMAudit | user=jenkins1000 | ip=192.168.5.153 | op=SEND_HEARTBEAT {datanodeUUID=b87234b6-97b4-403b-b761-d13c1d3498ce, command=[]} | ret=SUCCESS |  
2019-09-10 13:01:59,474 | INFO  | SCMAudit | user=jenkins1000 | ip=192.168.5.153 | op=SEND_HEARTBEAT {datanodeUUID=51f7194d-0b6e-44ce-bfd4-93c34be99c19, command=[]} | ret=SUCCESS |  
2019-09-10 13:01:59,591 | INFO  | SCMAudit | user=jenkins1000 | ip=192.168.5.153 | op=SEND_HEARTBEAT {datanodeUUID=5133bb85-d112-43d0-b51c-6140e4ebc540, command=[]} | ret=SUCCESS |  
2019-09-10 13:01:59,591 | INFO  | SCMAudit | user=jenkins1000 | ip=192.168.5.153 | op=SEND_HEARTBEAT {datanodeUUID=677e3d93-3467-4860-9bf6-0d2ba46507f3, command=[]} | ret=SUCCESS |  
2019-09-10 13:01:59,605 | INFO  | SCMAudit | user=jenkins1000 | ip=192.168.5.153 | op=SEND_HEARTBEAT {datanodeUUID=80892ce7-83f5-4ca2-be8c-d0fb582c0dda, command=[]} | ret=SUCCESS |  
2019-09-10 13:01:59,880 | INFO  | SCMAudit | user=jenkins1000 | ip=192.168.5.153 | op=SEND_HEARTBEAT {datanodeUUID=4afd2ab1-ec40-4403-b668-2a355860e883, command=[]} | ret=SUCCESS |  
2019-09-10 13:02:00,088 | INFO  | SCMAudit | user=jenkins1000 | ip=192.168.5.153 | op=SEND_HEARTBEAT {datanodeUUID=98692575-908f-4c6f-b3d7-fc3119b7636a, command=[]} | ret=SUCCESS |  
2019-09-10 13:02:00,301 | INFO  | SCMAudit | user=jenkins1000 | ip=192.168.5.153 | op=SEND_HEARTBEAT {datanodeUUID=b87234b6-97b4-403b-b761-d13c1d3498ce, command=[]} | ret=SUCCESS |  
2019-09-10 13:02:00,474 | INFO  | SCMAudit | user=jenkins1000 | ip=192.168.5.153 | op=SEND_HEARTBEAT {datanodeUUID=51f7194d-0b6e-44ce-bfd4-93c34be99c19, command=[]} | ret=SUCCESS |  
2019-09-10 13:02:00,591 | INFO  | SCMAudit | user=jenkins1000 | ip=192.168.5.153 | op=SEND_HEARTBEAT {datanodeUUID=5133bb85-d112-43d0-b51c-6140e4ebc540, command=[]} | ret=SUCCESS |  
2019-09-10 13:02:00,592 | INFO  | SCMAudit | user=jenkins1000 | ip=192.168.5.153 | op=SEND_HEARTBEAT {datanodeUUID=677e3d93-3467-4860-9bf6-0d2ba46507f3, command=[]} | ret=SUCCESS |  
2019-09-10 13:02:00,602 | INFO  | SCMAudit | user=jenkins1000 | ip=192.168.5.153 | op=SEND_HEARTBEAT {datanodeUUID=80892ce7-83f5-4ca2-be8c-d0fb582c0dda, command=[]} | ret=SUCCESS |  
2019-09-10 13:02:00,625 [grpc-default-executor-0] INFO  client.GrpcClientProtocolClient (GrpcClientProtocolClient.java:onNext(255)) - client-1AEBD7C46593->80892ce7-83f5-4ca2-be8c-d0fb582c0dda: receive RaftClientReply:client-1AEBD7C46593->80892ce7-83f5-4ca2-be8c-d0fb582c0dda@group-59B8B6051EC0, cid=45, FAILED org.apache.ratis.protocol.NotLeaderException: Server 80892ce7-83f5-4ca2-be8c-d0fb582c0dda is not the leader (677e3d93-3467-4860-9bf6-0d2ba46507f3:192.168.5.153:41781). Request must be sent to leader., logIndex=0, commits[80892ce7-83f5-4ca2-be8c-d0fb582c0dda:c8, 677e3d93-3467-4860-9bf6-0d2ba46507f3:c8, 5133bb85-d112-43d0-b51c-6140e4ebc540:c8]
2019-09-10 13:02:00,880 | INFO  | SCMAudit | user=jenkins1000 | ip=192.168.5.153 | op=SEND_HEARTBEAT {datanodeUUID=4afd2ab1-ec40-4403-b668-2a355860e883, command=[]} | ret=SUCCESS |  
2019-09-10 13:02:01,087 | INFO  | SCMAudit | user=jenkins1000 | ip=192.168.5.153 | op=SEND_HEARTBEAT {datanodeUUID=98692575-908f-4c6f-b3d7-fc3119b7636a, command=[]} | ret=SUCCESS |  
2019-09-10 13:02:01,302 | INFO  | SCMAudit | user=jenkins1000 | ip=192.168.5.153 | op=SEND_HEARTBEAT {datanodeUUID=b87234b6-97b4-403b-b761-d13c1d3498ce, command=[]} | ret=SUCCESS |  
2019-09-10 13:02:01,474 | INFO  | SCMAudit | user=jenkins1000 | ip=192.168.5.153 | op=SEND_HEARTBEAT {datanodeUUID=51f7194d-0b6e-44ce-bfd4-93c34be99c19, command=[]} | ret=SUCCESS |  
2019-09-10 13:02:01,592 | INFO  | SCMAudit | user=jenkins1000 | ip=192.168.5.153 | op=SEND_HEARTBEAT {datanodeUUID=677e3d93-3467-4860-9bf6-0d2ba46507f3, command=[]} | ret=SUCCESS |  
2019-09-10 13:02:01,592 | INFO  | SCMAudit | user=jenkins1000 | ip=192.168.5.153 | op=SEND_HEARTBEAT {datanodeUUID=5133bb85-d112-43d0-b51c-6140e4ebc540, command=[]} | ret=SUCCESS |  
2019-09-10 13:02:01,602 | INFO  | SCMAudit | user=jenkins1000 | ip=192.168.5.153 | op=SEND_HEARTBEAT {datanodeUUID=80892ce7-83f5-4ca2-be8c-d0fb582c0dda, command=[]} | ret=SUCCESS |  
2019-09-10 13:02:01,879 | INFO  | SCMAudit | user=jenkins1000 | ip=192.168.5.153 | op=SEND_HEARTBEAT {datanodeUUID=4afd2ab1-ec40-4403-b668-2a355860e883, command=[]} | ret=SUCCESS |  
2019-09-10 13:02:02,087 | INFO  | SCMAudit | user=jenkins1000 | ip=192.168.5.153 | op=SEND_HEARTBEAT {datanodeUUID=98692575-908f-4c6f-b3d7-fc3119b7636a, command=[]} | ret=SUCCESS |  
2019-09-10 13:02:02,302 | INFO  | SCMAudit | user=jenkins1000 | ip=192.168.5.153 | op=SEND_HEARTBEAT {datanodeUUID=b87234b6-97b4-403b-b761-d13c1d3498ce, command=[]} | ret=SUCCESS |  
2019-09-10 13:02:02,474 | INFO  | SCMAudit | user=jenkins1000 | ip=192.168.5.153 | op=SEND_HEARTBEAT {datanodeUUID=51f7194d-0b6e-44ce-bfd4-93c34be99c19, command=[]} | ret=SUCCESS |  
2019-09-10 13:02:02,592 | INFO  | SCMAudit | user=jenkins1000 | ip=192.168.5.153 | op=SEND_HEARTBEAT {datanodeUUID=5133bb85-d112-43d0-b51c-6140e4ebc540, command=[]} | ret=SUCCESS |  
2019-09-10 13:02:02,592 | INFO  | SCMAudit | user=jenkins1000 | ip=192.168.5.153 | op=SEND_HEARTBEAT {datanodeUUID=677e3d93-3467-4860-9bf6-0d2ba46507f3, command=[]} | ret=SUCCESS |  
2019-09-10 13:02:02,602 | INFO  | SCMAudit | user=jenkins1000 | ip=192.168.5.153 | op=SEND_HEARTBEAT {datanodeUUID=80892ce7-83f5-4ca2-be8c-d0fb582c0dda, command=[]} | ret=SUCCESS |  
2019-09-10 13:02:02,880 | INFO  | SCMAudit | user=jenkins1000 | ip=192.168.5.153 | op=SEND_HEARTBEAT {datanodeUUID=4afd2ab1-ec40-4403-b668-2a355860e883, command=[]} | ret=SUCCESS |  
2019-09-10 13:02:03,087 | INFO  | SCMAudit | user=jenkins1000 | ip=192.168.5.153 | op=SEND_HEARTBEAT {datanodeUUID=98692575-908f-4c6f-b3d7-fc3119b7636a, command=[]} | ret=SUCCESS |  
2019-09-10 13:02:03,302 | INFO  | SCMAudit | user=jenkins1000 | ip=192.168.5.153 | op=SEND_HEARTBEAT {datanodeUUID=b87234b6-97b4-403b-b761-d13c1d3498ce, command=[]} | ret=SUCCESS |  
2019-09-10 13:02:03,474 | INFO  | SCMAudit | user=jenkins1000 | ip=192.168.5.153 | op=SEND_HEARTBEAT {datanodeUUID=51f7194d-0b6e-44ce-bfd4-93c34be99c19, command=[]} | ret=SUCCESS |  
2019-09-10 13:02:03,592 | INFO  | SCMAudit | user=jenkins1000 | ip=192.168.5.153 | op=SEND_HEARTBEAT {datanodeUUID=5133bb85-d112-43d0-b51c-6140e4ebc540, command=[]} | ret=SUCCESS |  
2019-09-10 13:02:03,592 | INFO  | SCMAudit | user=jenkins1000 | ip=192.168.5.153 | op=SEND_HEARTBEAT {datanodeUUID=677e3d93-3467-4860-9bf6-0d2ba46507f3, command=[]} | ret=SUCCESS |  
2019-09-10 13:02:03,603 | INFO  | SCMAudit | user=jenkins1000 | ip=192.168.5.153 | op=SEND_HEARTBEAT {datanodeUUID=80892ce7-83f5-4ca2-be8c-d0fb582c0dda, command=[]} | ret=SUCCESS |  
2019-09-10 13:02:03,880 | INFO  | SCMAudit | user=jenkins1000 | ip=192.168.5.153 | op=SEND_HEARTBEAT {datanodeUUID=4afd2ab1-ec40-4403-b668-2a355860e883, command=[]} | ret=SUCCESS |  
2019-09-10 13:02:04,088 | INFO  | SCMAudit | user=jenkins1000 | ip=192.168.5.153 | op=SEND_HEARTBEAT {datanodeUUID=98692575-908f-4c6f-b3d7-fc3119b7636a, command=[]} | ret=SUCCESS |  
2019-09-10 13:02:04,303 | INFO  | SCMAudit | user=jenkins1000 | ip=192.168.5.153 | op=SEND_HEARTBEAT {datanodeUUID=b87234b6-97b4-403b-b761-d13c1d3498ce, command=[]} | ret=SUCCESS |  
2019-09-10 13:02:04,476 | INFO  | SCMAudit | user=jenkins1000 | ip=192.168.5.153 | op=SEND_HEARTBEAT {datanodeUUID=51f7194d-0b6e-44ce-bfd4-93c34be99c19, command=[]} | ret=SUCCESS |  
2019-09-10 13:02:04,592 | INFO  | SCMAudit | user=jenkins1000 | ip=192.168.5.153 | op=SEND_HEARTBEAT {datanodeUUID=5133bb85-d112-43d0-b51c-6140e4ebc540, command=[]} | ret=SUCCESS |  
2019-09-10 13:02:04,592 | INFO  | SCMAudit | user=jenkins1000 | ip=192.168.5.153 | op=SEND_HEARTBEAT {datanodeUUID=677e3d93-3467-4860-9bf6-0d2ba46507f3, command=[]} | ret=SUCCESS |  
2019-09-10 13:02:04,603 | INFO  | SCMAudit | user=jenkins1000 | ip=192.168.5.153 | op=SEND_HEARTBEAT {datanodeUUID=80892ce7-83f5-4ca2-be8c-d0fb582c0dda, command=[]} | ret=SUCCESS |  
2019-09-10 13:02:04,880 | INFO  | SCMAudit | user=jenkins1000 | ip=192.168.5.153 | op=SEND_HEARTBEAT {datanodeUUID=4afd2ab1-ec40-4403-b668-2a355860e883, command=[]} | ret=SUCCESS |  
2019-09-10 13:02:05,087 | INFO  | SCMAudit | user=jenkins1000 | ip=192.168.5.153 | op=SEND_HEARTBEAT {datanodeUUID=98692575-908f-4c6f-b3d7-fc3119b7636a, command=[]} | ret=SUCCESS |  
2019-09-10 13:02:05,303 | INFO  | SCMAudit | user=jenkins1000 | ip=192.168.5.153 | op=SEND_HEARTBEAT {datanodeUUID=b87234b6-97b4-403b-b761-d13c1d3498ce, command=[]} | ret=SUCCESS |  
2019-09-10 13:02:05,475 | INFO  | SCMAudit | user=jenkins1000 | ip=192.168.5.153 | op=SEND_HEARTBEAT {datanodeUUID=51f7194d-0b6e-44ce-bfd4-93c34be99c19, command=[]} | ret=SUCCESS |  
2019-09-10 13:02:05,592 | INFO  | SCMAudit | user=jenkins1000 | ip=192.168.5.153 | op=SEND_HEARTBEAT {datanodeUUID=677e3d93-3467-4860-9bf6-0d2ba46507f3, command=[]} | ret=SUCCESS |  
2019-09-10 13:02:05,592 | INFO  | SCMAudit | user=jenkins1000 | ip=192.168.5.153 | op=SEND_HEARTBEAT {datanodeUUID=5133bb85-d112-43d0-b51c-6140e4ebc540, command=[]} | ret=SUCCESS |  
2019-09-10 13:02:05,603 | INFO  | SCMAudit | user=jenkins1000 | ip=192.168.5.153 | op=SEND_HEARTBEAT {datanodeUUID=80892ce7-83f5-4ca2-be8c-d0fb582c0dda, command=[]} | ret=SUCCESS |  
2019-09-10 13:02:05,679 [grpc-default-executor-0] INFO  client.GrpcClientProtocolClient (GrpcClientProtocolClient.java:onNext(255)) - client-1AEBD7C46593->5133bb85-d112-43d0-b51c-6140e4ebc540: receive RaftClientReply:client-1AEBD7C46593->5133bb85-d112-43d0-b51c-6140e4ebc540@group-59B8B6051EC0, cid=45, FAILED org.apache.ratis.protocol.NotLeaderException: Server 5133bb85-d112-43d0-b51c-6140e4ebc540 is not the leader (677e3d93-3467-4860-9bf6-0d2ba46507f3:192.168.5.153:41781). Request must be sent to leader., logIndex=0, commits[5133bb85-d112-43d0-b51c-6140e4ebc540:c8, 80892ce7-83f5-4ca2-be8c-d0fb582c0dda:c8, 677e3d93-3467-4860-9bf6-0d2ba46507f3:c8]
2019-09-10 13:02:05,880 | INFO  | SCMAudit | user=jenkins1000 | ip=192.168.5.153 | op=SEND_HEARTBEAT {datanodeUUID=4afd2ab1-ec40-4403-b668-2a355860e883, command=[]} | ret=SUCCESS |  
2019-09-10 13:02:06,087 | INFO  | SCMAudit | user=jenkins1000 | ip=192.168.5.153 | op=SEND_HEARTBEAT {datanodeUUID=98692575-908f-4c6f-b3d7-fc3119b7636a, command=[]} | ret=SUCCESS |  
2019-09-10 13:02:06,303 | INFO  | SCMAudit | user=jenkins1000 | ip=192.168.5.153 | op=SEND_HEARTBEAT {datanodeUUID=b87234b6-97b4-403b-b761-d13c1d3498ce, command=[]} | ret=SUCCESS |  
2019-09-10 13:02:06,474 | INFO  | SCMAudit | user=jenkins1000 | ip=192.168.5.153 | op=SEND_HEARTBEAT {datanodeUUID=51f7194d-0b6e-44ce-bfd4-93c34be99c19, command=[]} | ret=SUCCESS |  
2019-09-10 13:02:06,592 | INFO  | SCMAudit | user=jenkins1000 | ip=192.168.5.153 | op=SEND_HEARTBEAT {datanodeUUID=677e3d93-3467-4860-9bf6-0d2ba46507f3, command=[]} | ret=SUCCESS |  
2019-09-10 13:02:06,592 | INFO  | SCMAudit | user=jenkins1000 | ip=192.168.5.153 | op=SEND_HEARTBEAT {datanodeUUID=5133bb85-d112-43d0-b51c-6140e4ebc540, command=[]} | ret=SUCCESS |  
2019-09-10 13:02:06,603 | INFO  | SCMAudit | user=jenkins1000 | ip=192.168.5.153 | op=SEND_HEARTBEAT {datanodeUUID=80892ce7-83f5-4ca2-be8c-d0fb582c0dda, command=[]} | ret=SUCCESS |  
2019-09-10 13:02:06,881 | INFO  | SCMAudit | user=jenkins1000 | ip=192.168.5.153 | op=SEND_HEARTBEAT {datanodeUUID=4afd2ab1-ec40-4403-b668-2a355860e883, command=[]} | ret=SUCCESS |  
2019-09-10 13:02:07,087 | INFO  | SCMAudit | user=jenkins1000 | ip=192.168.5.153 | op=SEND_HEARTBEAT {datanodeUUID=98692575-908f-4c6f-b3d7-fc3119b7636a, command=[]} | ret=SUCCESS |  
2019-09-10 13:02:07,303 | INFO  | SCMAudit | user=jenkins1000 | ip=192.168.5.153 | op=SEND_HEARTBEAT {datanodeUUID=b87234b6-97b4-403b-b761-d13c1d3498ce, command=[]} | ret=SUCCESS |  
2019-09-10 13:02:07,474 | INFO  | SCMAudit | user=jenkins1000 | ip=192.168.5.153 | op=SEND_HEARTBEAT {datanodeUUID=51f7194d-0b6e-44ce-bfd4-93c34be99c19, command=[]} | ret=SUCCESS |  
2019-09-10 13:02:07,592 | INFO  | SCMAudit | user=jenkins1000 | ip=192.168.5.153 | op=SEND_HEARTBEAT {datanodeUUID=5133bb85-d112-43d0-b51c-6140e4ebc540, command=[]} | ret=SUCCESS |  
2019-09-10 13:02:07,592 | INFO  | SCMAudit | user=jenkins1000 | ip=192.168.5.153 | op=SEND_HEARTBEAT {datanodeUUID=677e3d93-3467-4860-9bf6-0d2ba46507f3, command=[]} | ret=SUCCESS |  
2019-09-10 13:02:07,603 | INFO  | SCMAudit | user=jenkins1000 | ip=192.168.5.153 | op=SEND_HEARTBEAT {datanodeUUID=80892ce7-83f5-4ca2-be8c-d0fb582c0dda, command=[]} | ret=SUCCESS |  
2019-09-10 13:02:07,881 | INFO  | SCMAudit | user=jenkins1000 | ip=192.168.5.153 | op=SEND_HEARTBEAT {datanodeUUID=4afd2ab1-ec40-4403-b668-2a355860e883, command=[]} | ret=SUCCESS |  
2019-09-10 13:02:08,088 | INFO  | SCMAudit | user=jenkins1000 | ip=192.168.5.153 | op=SEND_HEARTBEAT {datanodeUUID=98692575-908f-4c6f-b3d7-fc3119b7636a, command=[]} | ret=SUCCESS |  
2019-09-10 13:02:08,303 | INFO  | SCMAudit | user=jenkins1000 | ip=192.168.5.153 | op=SEND_HEARTBEAT {datanodeUUID=b87234b6-97b4-403b-b761-d13c1d3498ce, command=[]} | ret=SUCCESS |  
2019-09-10 13:02:08,474 | INFO  | SCMAudit | user=jenkins1000 | ip=192.168.5.153 | op=SEND_HEARTBEAT {datanodeUUID=51f7194d-0b6e-44ce-bfd4-93c34be99c19, command=[]} | ret=SUCCESS |  
2019-09-10 13:02:08,592 | INFO  | SCMAudit | user=jenkins1000 | ip=192.168.5.153 | op=SEND_HEARTBEAT {datanodeUUID=5133bb85-d112-43d0-b51c-6140e4ebc540, command=[]} | ret=SUCCESS |  
2019-09-10 13:02:08,592 | INFO  | SCMAudit | user=jenkins1000 | ip=192.168.5.153 | op=SEND_HEARTBEAT {datanodeUUID=677e3d93-3467-4860-9bf6-0d2ba46507f3, command=[]} | ret=SUCCESS |  
2019-09-10 13:02:08,603 | INFO  | SCMAudit | user=jenkins1000 | ip=192.168.5.153 | op=SEND_HEARTBEAT {datanodeUUID=80892ce7-83f5-4ca2-be8c-d0fb582c0dda, command=[]} | ret=SUCCESS |  
2019-09-10 13:02:08,881 | INFO  | SCMAudit | user=jenkins1000 | ip=192.168.5.153 | op=SEND_HEARTBEAT {datanodeUUID=4afd2ab1-ec40-4403-b668-2a355860e883, command=[]} | ret=SUCCESS |  
2019-09-10 13:02:09,088 | INFO  | SCMAudit | user=jenkins1000 | ip=192.168.5.153 | op=SEND_HEARTBEAT {datanodeUUID=98692575-908f-4c6f-b3d7-fc3119b7636a, command=[]} | ret=SUCCESS |  
2019-09-10 13:02:09,303 | INFO  | SCMAudit | user=jenkins1000 | ip=192.168.5.153 | op=SEND_HEARTBEAT {datanodeUUID=b87234b6-97b4-403b-b761-d13c1d3498ce, command=[]} | ret=SUCCESS |  
2019-09-10 13:02:09,474 | INFO  | SCMAudit | user=jenkins1000 | ip=192.168.5.153 | op=SEND_HEARTBEAT {datanodeUUID=51f7194d-0b6e-44ce-bfd4-93c34be99c19, command=[]} | ret=SUCCESS |  
2019-09-10 13:02:09,592 | INFO  | SCMAudit | user=jenkins1000 | ip=192.168.5.153 | op=SEND_HEARTBEAT {datanodeUUID=5133bb85-d112-43d0-b51c-6140e4ebc540, command=[]} | ret=SUCCESS |  
2019-09-10 13:02:09,593 | INFO  | SCMAudit | user=jenkins1000 | ip=192.168.5.153 | op=SEND_HEARTBEAT {datanodeUUID=677e3d93-3467-4860-9bf6-0d2ba46507f3, command=[]} | ret=SUCCESS |  
2019-09-10 13:02:09,603 | INFO  | SCMAudit | user=jenkins1000 | ip=192.168.5.153 | op=SEND_HEARTBEAT {datanodeUUID=80892ce7-83f5-4ca2-be8c-d0fb582c0dda, command=[]} | ret=SUCCESS |  
2019-09-10 13:02:09,881 | INFO  | SCMAudit | user=jenkins1000 | ip=192.168.5.153 | op=SEND_HEARTBEAT {datanodeUUID=4afd2ab1-ec40-4403-b668-2a355860e883, command=[]} | ret=SUCCESS |  
2019-09-10 13:02:10,088 | INFO  | SCMAudit | user=jenkins1000 | ip=192.168.5.153 | op=SEND_HEARTBEAT {datanodeUUID=98692575-908f-4c6f-b3d7-fc3119b7636a, command=[]} | ret=SUCCESS |  
2019-09-10 13:02:10,303 | INFO  | SCMAudit | user=jenkins1000 | ip=192.168.5.153 | op=SEND_HEARTBEAT {datanodeUUID=b87234b6-97b4-403b-b761-d13c1d3498ce, command=[]} | ret=SUCCESS |  
2019-09-10 13:02:10,474 | INFO  | SCMAudit | user=jenkins1000 | ip=192.168.5.153 | op=SEND_HEARTBEAT {datanodeUUID=51f7194d-0b6e-44ce-bfd4-93c34be99c19, command=[]} | ret=SUCCESS |  
2019-09-10 13:02:10,592 | INFO  | SCMAudit | user=jenkins1000 | ip=192.168.5.153 | op=SEND_HEARTBEAT {datanodeUUID=5133bb85-d112-43d0-b51c-6140e4ebc540, command=[]} | ret=SUCCESS |  
2019-09-10 13:02:10,593 | INFO  | SCMAudit | user=jenkins1000 | ip=192.168.5.153 | op=SEND_HEARTBEAT {datanodeUUID=677e3d93-3467-4860-9bf6-0d2ba46507f3, command=[]} | ret=SUCCESS |  
2019-09-10 13:02:10,604 | INFO  | SCMAudit | user=jenkins1000 | ip=192.168.5.153 | op=SEND_HEARTBEAT {datanodeUUID=80892ce7-83f5-4ca2-be8c-d0fb582c0dda, command=[]} | ret=SUCCESS |  
2019-09-10 13:02:10,718 [grpc-default-executor-6] INFO  client.GrpcClientProtocolClient (GrpcClientProtocolClient.java:onNext(255)) - client-1AEBD7C46593->5133bb85-d112-43d0-b51c-6140e4ebc540: receive RaftClientReply:client-1AEBD7C46593->5133bb85-d112-43d0-b51c-6140e4ebc540@group-59B8B6051EC0, cid=45, FAILED org.apache.ratis.protocol.NotLeaderException: Server 5133bb85-d112-43d0-b51c-6140e4ebc540 is not the leader (677e3d93-3467-4860-9bf6-0d2ba46507f3:192.168.5.153:41781). Request must be sent to leader., logIndex=0, commits[5133bb85-d112-43d0-b51c-6140e4ebc540:c8, 80892ce7-83f5-4ca2-be8c-d0fb582c0dda:c8, 677e3d93-3467-4860-9bf6-0d2ba46507f3:c8]
2019-09-10 13:02:10,882 | INFO  | SCMAudit | user=jenkins1000 | ip=192.168.5.153 | op=SEND_HEARTBEAT {datanodeUUID=4afd2ab1-ec40-4403-b668-2a355860e883, command=[]} | ret=SUCCESS |  
2019-09-10 13:02:11,088 | INFO  | SCMAudit | user=jenkins1000 | ip=192.168.5.153 | op=SEND_HEARTBEAT {datanodeUUID=98692575-908f-4c6f-b3d7-fc3119b7636a, command=[]} | ret=SUCCESS |  
2019-09-10 13:02:11,303 | INFO  | SCMAudit | user=jenkins1000 | ip=192.168.5.153 | op=SEND_HEARTBEAT {datanodeUUID=b87234b6-97b4-403b-b761-d13c1d3498ce, command=[]} | ret=SUCCESS |  
2019-09-10 13:02:11,474 | INFO  | SCMAudit | user=jenkins1000 | ip=192.168.5.153 | op=SEND_HEARTBEAT {datanodeUUID=51f7194d-0b6e-44ce-bfd4-93c34be99c19, command=[]} | ret=SUCCESS |  
2019-09-10 13:02:11,592 | INFO  | SCMAudit | user=jenkins1000 | ip=192.168.5.153 | op=SEND_HEARTBEAT {datanodeUUID=5133bb85-d112-43d0-b51c-6140e4ebc540, command=[]} | ret=SUCCESS |  
2019-09-10 13:02:11,593 | INFO  | SCMAudit | user=jenkins1000 | ip=192.168.5.153 | op=SEND_HEARTBEAT {datanodeUUID=677e3d93-3467-4860-9bf6-0d2ba46507f3, command=[]} | ret=SUCCESS |  
2019-09-10 13:02:11,604 | INFO  | SCMAudit | user=jenkins1000 | ip=192.168.5.153 | op=SEND_HEARTBEAT {datanodeUUID=80892ce7-83f5-4ca2-be8c-d0fb582c0dda, command=[]} | ret=SUCCESS |  
2019-09-10 13:02:11,882 | INFO  | SCMAudit | user=jenkins1000 | ip=192.168.5.153 | op=SEND_HEARTBEAT {datanodeUUID=4afd2ab1-ec40-4403-b668-2a355860e883, command=[]} | ret=SUCCESS |  
2019-09-10 13:02:12,088 | INFO  | SCMAudit | user=jenkins1000 | ip=192.168.5.153 | op=SEND_HEARTBEAT {datanodeUUID=98692575-908f-4c6f-b3d7-fc3119b7636a, command=[]} | ret=SUCCESS |  
2019-09-10 13:02:12,304 | INFO  | SCMAudit | user=jenkins1000 | ip=192.168.5.153 | op=SEND_HEARTBEAT {datanodeUUID=b87234b6-97b4-403b-b761-d13c1d3498ce, command=[]} | ret=SUCCESS |  
2019-09-10 13:02:12,476 | INFO  | SCMAudit | user=jenkins1000 | ip=192.168.5.153 | op=SEND_HEARTBEAT {datanodeUUID=51f7194d-0b6e-44ce-bfd4-93c34be99c19, command=[]} | ret=SUCCESS |  
2019-09-10 13:02:12,592 | INFO  | SCMAudit | user=jenkins1000 | ip=192.168.5.153 | op=SEND_HEARTBEAT {datanodeUUID=5133bb85-d112-43d0-b51c-6140e4ebc540, command=[]} | ret=SUCCESS |  
2019-09-10 13:02:12,593 | INFO  | SCMAudit | user=jenkins1000 | ip=192.168.5.153 | op=SEND_HEARTBEAT {datanodeUUID=677e3d93-3467-4860-9bf6-0d2ba46507f3, command=[]} | ret=SUCCESS |  
2019-09-10 13:02:12,605 | INFO  | SCMAudit | user=jenkins1000 | ip=192.168.5.153 | op=SEND_HEARTBEAT {datanodeUUID=80892ce7-83f5-4ca2-be8c-d0fb582c0dda, command=[]} | ret=SUCCESS |  
2019-09-10 13:02:12,882 | INFO  | SCMAudit | user=jenkins1000 | ip=192.168.5.153 | op=SEND_HEARTBEAT {datanodeUUID=4afd2ab1-ec40-4403-b668-2a355860e883, command=[]} | ret=SUCCESS |  
2019-09-10 13:02:13,088 | INFO  | SCMAudit | user=jenkins1000 | ip=192.168.5.153 | op=SEND_HEARTBEAT {datanodeUUID=98692575-908f-4c6f-b3d7-fc3119b7636a, command=[]} | ret=SUCCESS |  
2019-09-10 13:02:13,304 | INFO  | SCMAudit | user=jenkins1000 | ip=192.168.5.153 | op=SEND_HEARTBEAT {datanodeUUID=b87234b6-97b4-403b-b761-d13c1d3498ce, command=[]} | ret=SUCCESS |  
2019-09-10 13:02:13,476 | INFO  | SCMAudit | user=jenkins1000 | ip=192.168.5.153 | op=SEND_HEARTBEAT {datanodeUUID=51f7194d-0b6e-44ce-bfd4-93c34be99c19, command=[]} | ret=SUCCESS |  
2019-09-10 13:02:13,593 | INFO  | SCMAudit | user=jenkins1000 | ip=192.168.5.153 | op=SEND_HEARTBEAT {datanodeUUID=677e3d93-3467-4860-9bf6-0d2ba46507f3, command=[]} | ret=SUCCESS |  
2019-09-10 13:02:13,593 | INFO  | SCMAudit | user=jenkins1000 | ip=192.168.5.153 | op=SEND_HEARTBEAT {datanodeUUID=5133bb85-d112-43d0-b51c-6140e4ebc540, command=[]} | ret=SUCCESS |  
2019-09-10 13:02:13,606 | INFO  | SCMAudit | user=jenkins1000 | ip=192.168.5.153 | op=SEND_HEARTBEAT {datanodeUUID=80892ce7-83f5-4ca2-be8c-d0fb582c0dda, command=[]} | ret=SUCCESS |  
2019-09-10 13:02:13,882 | INFO  | SCMAudit | user=jenkins1000 | ip=192.168.5.153 | op=SEND_HEARTBEAT {datanodeUUID=4afd2ab1-ec40-4403-b668-2a355860e883, command=[]} | ret=SUCCESS |  
2019-09-10 13:02:14,088 | INFO  | SCMAudit | user=jenkins1000 | ip=192.168.5.153 | op=SEND_HEARTBEAT {datanodeUUID=98692575-908f-4c6f-b3d7-fc3119b7636a, command=[]} | ret=SUCCESS |  
2019-09-10 13:02:14,304 | INFO  | SCMAudit | user=jenkins1000 | ip=192.168.5.153 | op=SEND_HEARTBEAT {datanodeUUID=b87234b6-97b4-403b-b761-d13c1d3498ce, command=[]} | ret=SUCCESS |  
2019-09-10 13:02:14,476 | INFO  | SCMAudit | user=jenkins1000 | ip=192.168.5.153 | op=SEND_HEARTBEAT {datanodeUUID=51f7194d-0b6e-44ce-bfd4-93c34be99c19, command=[]} | ret=SUCCESS |  
2019-09-10 13:02:14,593 | INFO  | SCMAudit | user=jenkins1000 | ip=192.168.5.153 | op=SEND_HEARTBEAT {datanodeUUID=5133bb85-d112-43d0-b51c-6140e4ebc540, command=[]} | ret=SUCCESS |  
2019-09-10 13:02:14,593 | INFO  | SCMAudit | user=jenkins1000 | ip=192.168.5.153 | op=SEND_HEARTBEAT {datanodeUUID=677e3d93-3467-4860-9bf6-0d2ba46507f3, command=[]} | ret=SUCCESS |  
2019-09-10 13:02:14,607 | INFO  | SCMAudit | user=jenkins1000 | ip=192.168.5.153 | op=SEND_HEARTBEAT {datanodeUUID=80892ce7-83f5-4ca2-be8c-d0fb582c0dda, command=[]} | ret=SUCCESS |  
2019-09-10 13:02:14,882 | INFO  | SCMAudit | user=jenkins1000 | ip=192.168.5.153 | op=SEND_HEARTBEAT {datanodeUUID=4afd2ab1-ec40-4403-b668-2a355860e883, command=[]} | ret=SUCCESS |  
2019-09-10 13:02:15,088 | INFO  | SCMAudit | user=jenkins1000 | ip=192.168.5.153 | op=SEND_HEARTBEAT {datanodeUUID=98692575-908f-4c6f-b3d7-fc3119b7636a, command=[]} | ret=SUCCESS |  
2019-09-10 13:02:15,304 | INFO  | SCMAudit | user=jenkins1000 | ip=192.168.5.153 | op=SEND_HEARTBEAT {datanodeUUID=b87234b6-97b4-403b-b761-d13c1d3498ce, command=[]} | ret=SUCCESS |  
2019-09-10 13:02:15,476 | INFO  | SCMAudit | user=jenkins1000 | ip=192.168.5.153 | op=SEND_HEARTBEAT {datanodeUUID=51f7194d-0b6e-44ce-bfd4-93c34be99c19, command=[]} | ret=SUCCESS |  
2019-09-10 13:02:15,593 | INFO  | SCMAudit | user=jenkins1000 | ip=192.168.5.153 | op=SEND_HEARTBEAT {datanodeUUID=5133bb85-d112-43d0-b51c-6140e4ebc540, command=[]} | ret=SUCCESS |  
2019-09-10 13:02:15,593 | INFO  | SCMAudit | user=jenkins1000 | ip=192.168.5.153 | op=SEND_HEARTBEAT {datanodeUUID=677e3d93-3467-4860-9bf6-0d2ba46507f3, command=[]} | ret=SUCCESS |  
2019-09-10 13:02:15,607 | INFO  | SCMAudit | user=jenkins1000 | ip=192.168.5.153 | op=SEND_HEARTBEAT {datanodeUUID=80892ce7-83f5-4ca2-be8c-d0fb582c0dda, command=[]} | ret=SUCCESS |  
2019-09-10 13:02:15,757 [grpc-default-executor-0] INFO  client.GrpcClientProtocolClient (GrpcClientProtocolClient.java:onNext(255)) - client-1AEBD7C46593->5133bb85-d112-43d0-b51c-6140e4ebc540: receive RaftClientReply:client-1AEBD7C46593->5133bb85-d112-43d0-b51c-6140e4ebc540@group-59B8B6051EC0, cid=45, FAILED org.apache.ratis.protocol.NotLeaderException: Server 5133bb85-d112-43d0-b51c-6140e4ebc540 is not the leader (677e3d93-3467-4860-9bf6-0d2ba46507f3:192.168.5.153:41781). Request must be sent to leader., logIndex=0, commits[5133bb85-d112-43d0-b51c-6140e4ebc540:c8, 80892ce7-83f5-4ca2-be8c-d0fb582c0dda:c8, 677e3d93-3467-4860-9bf6-0d2ba46507f3:c8]
2019-09-10 13:02:15,882 | INFO  | SCMAudit | user=jenkins1000 | ip=192.168.5.153 | op=SEND_HEARTBEAT {datanodeUUID=4afd2ab1-ec40-4403-b668-2a355860e883, command=[]} | ret=SUCCESS |  
2019-09-10 13:02:16,089 | INFO  | SCMAudit | user=jenkins1000 | ip=192.168.5.153 | op=SEND_HEARTBEAT {datanodeUUID=98692575-908f-4c6f-b3d7-fc3119b7636a, command=[]} | ret=SUCCESS |  
2019-09-10 13:02:16,304 | INFO  | SCMAudit | user=jenkins1000 | ip=192.168.5.153 | op=SEND_HEARTBEAT {datanodeUUID=b87234b6-97b4-403b-b761-d13c1d3498ce, command=[]} | ret=SUCCESS |  
2019-09-10 13:02:16,477 | INFO  | SCMAudit | user=jenkins1000 | ip=192.168.5.153 | op=SEND_HEARTBEAT {datanodeUUID=51f7194d-0b6e-44ce-bfd4-93c34be99c19, command=[]} | ret=SUCCESS |  
2019-09-10 13:02:16,593 | INFO  | SCMAudit | user=jenkins1000 | ip=192.168.5.153 | op=SEND_HEARTBEAT {datanodeUUID=5133bb85-d112-43d0-b51c-6140e4ebc540, command=[]} | ret=SUCCESS |  
2019-09-10 13:02:16,593 | INFO  | SCMAudit | user=jenkins1000 | ip=192.168.5.153 | op=SEND_HEARTBEAT {datanodeUUID=677e3d93-3467-4860-9bf6-0d2ba46507f3, command=[]} | ret=SUCCESS |  
2019-09-10 13:02:16,607 | INFO  | SCMAudit | user=jenkins1000 | ip=192.168.5.153 | op=SEND_HEARTBEAT {datanodeUUID=80892ce7-83f5-4ca2-be8c-d0fb582c0dda, command=[]} | ret=SUCCESS |  
2019-09-10 13:02:16,882 | INFO  | SCMAudit | user=jenkins1000 | ip=192.168.5.153 | op=SEND_HEARTBEAT {datanodeUUID=4afd2ab1-ec40-4403-b668-2a355860e883, command=[]} | ret=SUCCESS |  
2019-09-10 13:02:17,089 | INFO  | SCMAudit | user=jenkins1000 | ip=192.168.5.153 | op=SEND_HEARTBEAT {datanodeUUID=98692575-908f-4c6f-b3d7-fc3119b7636a, command=[]} | ret=SUCCESS |  
2019-09-10 13:02:17,305 | INFO  | SCMAudit | user=jenkins1000 | ip=192.168.5.153 | op=SEND_HEARTBEAT {datanodeUUID=b87234b6-97b4-403b-b761-d13c1d3498ce, command=[]} | ret=SUCCESS |  
2019-09-10 13:02:17,477 | INFO  | SCMAudit | user=jenkins1000 | ip=192.168.5.153 | op=SEND_HEARTBEAT {datanodeUUID=51f7194d-0b6e-44ce-bfd4-93c34be99c19, command=[]} | ret=SUCCESS |  
2019-09-10 13:02:17,593 | INFO  | SCMAudit | user=jenkins1000 | ip=192.168.5.153 | op=SEND_HEARTBEAT {datanodeUUID=5133bb85-d112-43d0-b51c-6140e4ebc540, command=[]} | ret=SUCCESS |  
2019-09-10 13:02:17,593 | INFO  | SCMAudit | user=jenkins1000 | ip=192.168.5.153 | op=SEND_HEARTBEAT {datanodeUUID=677e3d93-3467-4860-9bf6-0d2ba46507f3, command=[]} | ret=SUCCESS |  
2019-09-10 13:02:17,607 | INFO  | SCMAudit | user=jenkins1000 | ip=192.168.5.153 | op=SEND_HEARTBEAT {datanodeUUID=80892ce7-83f5-4ca2-be8c-d0fb582c0dda, command=[]} | ret=SUCCESS |  
2019-09-10 13:02:17,882 | INFO  | SCMAudit | user=jenkins1000 | ip=192.168.5.153 | op=SEND_HEARTBEAT {datanodeUUID=4afd2ab1-ec40-4403-b668-2a355860e883, command=[]} | ret=SUCCESS |  
2019-09-10 13:02:18,090 | INFO  | SCMAudit | user=jenkins1000 | ip=192.168.5.153 | op=SEND_HEARTBEAT {datanodeUUID=98692575-908f-4c6f-b3d7-fc3119b7636a, command=[]} | ret=SUCCESS |  
2019-09-10 13:02:18,305 | INFO  | SCMAudit | user=jenkins1000 | ip=192.168.5.153 | op=SEND_HEARTBEAT {datanodeUUID=b87234b6-97b4-403b-b761-d13c1d3498ce, command=[]} | ret=SUCCESS |  
2019-09-10 13:02:18,477 | INFO  | SCMAudit | user=jenkins1000 | ip=192.168.5.153 | op=SEND_HEARTBEAT {datanodeUUID=51f7194d-0b6e-44ce-bfd4-93c34be99c19, command=[]} | ret=SUCCESS |  
2019-09-10 13:02:18,593 | INFO  | SCMAudit | user=jenkins1000 | ip=192.168.5.153 | op=SEND_HEARTBEAT {datanodeUUID=5133bb85-d112-43d0-b51c-6140e4ebc540, command=[]} | ret=SUCCESS |  
2019-09-10 13:02:18,594 | INFO  | SCMAudit | user=jenkins1000 | ip=192.168.5.153 | op=SEND_HEARTBEAT {datanodeUUID=677e3d93-3467-4860-9bf6-0d2ba46507f3, command=[]} | ret=SUCCESS |  
2019-09-10 13:02:18,607 | INFO  | SCMAudit | user=jenkins1000 | ip=192.168.5.153 | op=SEND_HEARTBEAT {datanodeUUID=80892ce7-83f5-4ca2-be8c-d0fb582c0dda, command=[]} | ret=SUCCESS |  
2019-09-10 13:02:18,882 | INFO  | SCMAudit | user=jenkins1000 | ip=192.168.5.153 | op=SEND_HEARTBEAT {datanodeUUID=4afd2ab1-ec40-4403-b668-2a355860e883, command=[]} | ret=SUCCESS |  
2019-09-10 13:02:19,089 | INFO  | SCMAudit | user=jenkins1000 | ip=192.168.5.153 | op=SEND_HEARTBEAT {datanodeUUID=98692575-908f-4c6f-b3d7-fc3119b7636a, command=[]} | ret=SUCCESS |  
2019-09-10 13:02:19,305 | INFO  | SCMAudit | user=jenkins1000 | ip=192.168.5.153 | op=SEND_HEARTBEAT {datanodeUUID=b87234b6-97b4-403b-b761-d13c1d3498ce, command=[]} | ret=SUCCESS |  
2019-09-10 13:02:19,477 | INFO  | SCMAudit | user=jenkins1000 | ip=192.168.5.153 | op=SEND_HEARTBEAT {datanodeUUID=51f7194d-0b6e-44ce-bfd4-93c34be99c19, command=[]} | ret=SUCCESS |  
2019-09-10 13:02:19,593 | INFO  | SCMAudit | user=jenkins1000 | ip=192.168.5.153 | op=SEND_HEARTBEAT {datanodeUUID=5133bb85-d112-43d0-b51c-6140e4ebc540, command=[]} | ret=SUCCESS |  
2019-09-10 13:02:19,595 | INFO  | SCMAudit | user=jenkins1000 | ip=192.168.5.153 | op=SEND_HEARTBEAT {datanodeUUID=677e3d93-3467-4860-9bf6-0d2ba46507f3, command=[]} | ret=SUCCESS |  
2019-09-10 13:02:19,607 | INFO  | SCMAudit | user=jenkins1000 | ip=192.168.5.153 | op=SEND_HEARTBEAT {datanodeUUID=80892ce7-83f5-4ca2-be8c-d0fb582c0dda, command=[]} | ret=SUCCESS |  
2019-09-10 13:02:19,882 | INFO  | SCMAudit | user=jenkins1000 | ip=192.168.5.153 | op=SEND_HEARTBEAT {datanodeUUID=4afd2ab1-ec40-4403-b668-2a355860e883, command=[]} | ret=SUCCESS |  
2019-09-10 13:02:20,089 | INFO  | SCMAudit | user=jenkins1000 | ip=192.168.5.153 | op=SEND_HEARTBEAT {datanodeUUID=98692575-908f-4c6f-b3d7-fc3119b7636a, command=[]} | ret=SUCCESS |  
2019-09-10 13:02:20,305 | INFO  | SCMAudit | user=jenkins1000 | ip=192.168.5.153 | op=SEND_HEARTBEAT {datanodeUUID=b87234b6-97b4-403b-b761-d13c1d3498ce, command=[]} | ret=SUCCESS |  
2019-09-10 13:02:20,477 | INFO  | SCMAudit | user=jenkins1000 | ip=192.168.5.153 | op=SEND_HEARTBEAT {datanodeUUID=51f7194d-0b6e-44ce-bfd4-93c34be99c19, command=[]} | ret=SUCCESS |  
2019-09-10 13:02:20,593 | INFO  | SCMAudit | user=jenkins1000 | ip=192.168.5.153 | op=SEND_HEARTBEAT {datanodeUUID=5133bb85-d112-43d0-b51c-6140e4ebc540, command=[]} | ret=SUCCESS |  
2019-09-10 13:02:20,594 | INFO  | SCMAudit | user=jenkins1000 | ip=192.168.5.153 | op=SEND_HEARTBEAT {datanodeUUID=677e3d93-3467-4860-9bf6-0d2ba46507f3, command=[]} | ret=SUCCESS |  
2019-09-10 13:02:20,607 | INFO  | SCMAudit | user=jenkins1000 | ip=192.168.5.153 | op=SEND_HEARTBEAT {datanodeUUID=80892ce7-83f5-4ca2-be8c-d0fb582c0dda, command=[]} | ret=SUCCESS |  
2019-09-10 13:02:20,789 [grpc-default-executor-0] INFO  client.GrpcClientProtocolClient (GrpcClientProtocolClient.java:onNext(255)) - client-1AEBD7C46593->5133bb85-d112-43d0-b51c-6140e4ebc540: receive RaftClientReply:client-1AEBD7C46593->5133bb85-d112-43d0-b51c-6140e4ebc540@group-59B8B6051EC0, cid=45, FAILED org.apache.ratis.protocol.NotLeaderException: Server 5133bb85-d112-43d0-b51c-6140e4ebc540 is not the leader (677e3d93-3467-4860-9bf6-0d2ba46507f3:192.168.5.153:41781). Request must be sent to leader., logIndex=0, commits[5133bb85-d112-43d0-b51c-6140e4ebc540:c8, 80892ce7-83f5-4ca2-be8c-d0fb582c0dda:c8, 677e3d93-3467-4860-9bf6-0d2ba46507f3:c8]
2019-09-10 13:02:20,882 | INFO  | SCMAudit | user=jenkins1000 | ip=192.168.5.153 | op=SEND_HEARTBEAT {datanodeUUID=4afd2ab1-ec40-4403-b668-2a355860e883, command=[]} | ret=SUCCESS |  
2019-09-10 13:02:21,089 | INFO  | SCMAudit | user=jenkins1000 | ip=192.168.5.153 | op=SEND_HEARTBEAT {datanodeUUID=98692575-908f-4c6f-b3d7-fc3119b7636a, command=[]} | ret=SUCCESS |  
2019-09-10 13:02:21,305 | INFO  | SCMAudit | user=jenkins1000 | ip=192.168.5.153 | op=SEND_HEARTBEAT {datanodeUUID=b87234b6-97b4-403b-b761-d13c1d3498ce, command=[]} | ret=SUCCESS |  
2019-09-10 13:02:21,477 | INFO  | SCMAudit | user=jenkins1000 | ip=192.168.5.153 | op=SEND_HEARTBEAT {datanodeUUID=51f7194d-0b6e-44ce-bfd4-93c34be99c19, command=[]} | ret=SUCCESS |  
2019-09-10 13:02:21,594 | INFO  | SCMAudit | user=jenkins1000 | ip=192.168.5.153 | op=SEND_HEARTBEAT {datanodeUUID=5133bb85-d112-43d0-b51c-6140e4ebc540, command=[]} | ret=SUCCESS |  
2019-09-10 13:02:21,596 | INFO  | SCMAudit | user=jenkins1000 | ip=192.168.5.153 | op=SEND_HEARTBEAT {datanodeUUID=677e3d93-3467-4860-9bf6-0d2ba46507f3, command=[]} | ret=SUCCESS |  
2019-09-10 13:02:21,607 | INFO  | SCMAudit | user=jenkins1000 | ip=192.168.5.153 | op=SEND_HEARTBEAT {datanodeUUID=80892ce7-83f5-4ca2-be8c-d0fb582c0dda, command=[]} | ret=SUCCESS |  
2019-09-10 13:02:21,882 | INFO  | SCMAudit | user=jenkins1000 | ip=192.168.5.153 | op=SEND_HEARTBEAT {datanodeUUID=4afd2ab1-ec40-4403-b668-2a355860e883, command=[]} | ret=SUCCESS |  
2019-09-10 13:02:22,089 | INFO  | SCMAudit | user=jenkins1000 | ip=192.168.5.153 | op=SEND_HEARTBEAT {datanodeUUID=98692575-908f-4c6f-b3d7-fc3119b7636a, command=[]} | ret=SUCCESS |  
2019-09-10 13:02:22,305 | INFO  | SCMAudit | user=jenkins1000 | ip=192.168.5.153 | op=SEND_HEARTBEAT {datanodeUUID=b87234b6-97b4-403b-b761-d13c1d3498ce, command=[]} | ret=SUCCESS |  
2019-09-10 13:02:22,477 | INFO  | SCMAudit | user=jenkins1000 | ip=192.168.5.153 | op=SEND_HEARTBEAT {datanodeUUID=51f7194d-0b6e-44ce-bfd4-93c34be99c19, command=[]} | ret=SUCCESS |  
2019-09-10 13:02:22,594 | INFO  | SCMAudit | user=jenkins1000 | ip=192.168.5.153 | op=SEND_HEARTBEAT {datanodeUUID=5133bb85-d112-43d0-b51c-6140e4ebc540, command=[]} | ret=SUCCESS |  
2019-09-10 13:02:22,596 | INFO  | SCMAudit | user=jenkins1000 | ip=192.168.5.153 | op=SEND_HEARTBEAT {datanodeUUID=677e3d93-3467-4860-9bf6-0d2ba46507f3, command=[]} | ret=SUCCESS |  
2019-09-10 13:02:22,606 | INFO  | SCMAudit | user=jenkins1000 | ip=192.168.5.153 | op=SEND_HEARTBEAT {datanodeUUID=80892ce7-83f5-4ca2-be8c-d0fb582c0dda, command=[]} | ret=SUCCESS |  
2019-09-10 13:02:22,882 | INFO  | SCMAudit | user=jenkins1000 | ip=192.168.5.153 | op=SEND_HEARTBEAT {datanodeUUID=4afd2ab1-ec40-4403-b668-2a355860e883, command=[]} | ret=SUCCESS |  
2019-09-10 13:02:23,089 | INFO  | SCMAudit | user=jenkins1000 | ip=192.168.5.153 | op=SEND_HEARTBEAT {datanodeUUID=98692575-908f-4c6f-b3d7-fc3119b7636a, command=[]} | ret=SUCCESS |  
2019-09-10 13:02:23,306 | INFO  | SCMAudit | user=jenkins1000 | ip=192.168.5.153 | op=SEND_HEARTBEAT {datanodeUUID=b87234b6-97b4-403b-b761-d13c1d3498ce, command=[]} | ret=SUCCESS |  
2019-09-10 13:02:23,477 | INFO  | SCMAudit | user=jenkins1000 | ip=192.168.5.153 | op=SEND_HEARTBEAT {datanodeUUID=51f7194d-0b6e-44ce-bfd4-93c34be99c19, command=[]} | ret=SUCCESS |  
2019-09-10 13:02:23,594 | INFO  | SCMAudit | user=jenkins1000 | ip=192.168.5.153 | op=SEND_HEARTBEAT {datanodeUUID=5133bb85-d112-43d0-b51c-6140e4ebc540, command=[]} | ret=SUCCESS |  
2019-09-10 13:02:23,595 | INFO  | SCMAudit | user=jenkins1000 | ip=192.168.5.153 | op=SEND_HEARTBEAT {datanodeUUID=677e3d93-3467-4860-9bf6-0d2ba46507f3, command=[]} | ret=SUCCESS |  
2019-09-10 13:02:23,606 | INFO  | SCMAudit | user=jenkins1000 | ip=192.168.5.153 | op=SEND_HEARTBEAT {datanodeUUID=80892ce7-83f5-4ca2-be8c-d0fb582c0dda, command=[]} | ret=SUCCESS |  
2019-09-10 13:02:23,882 | INFO  | SCMAudit | user=jenkins1000 | ip=192.168.5.153 | op=SEND_HEARTBEAT {datanodeUUID=4afd2ab1-ec40-4403-b668-2a355860e883, command=[]} | ret=SUCCESS |  
2019-09-10 13:02:24,089 | INFO  | SCMAudit | user=jenkins1000 | ip=192.168.5.153 | op=SEND_HEARTBEAT {datanodeUUID=98692575-908f-4c6f-b3d7-fc3119b7636a, command=[]} | ret=SUCCESS |  
2019-09-10 13:02:24,307 | INFO  | SCMAudit | user=jenkins1000 | ip=192.168.5.153 | op=SEND_HEARTBEAT {datanodeUUID=b87234b6-97b4-403b-b761-d13c1d3498ce, command=[]} | ret=SUCCESS |  
2019-09-10 13:02:24,477 | INFO  | SCMAudit | user=jenkins1000 | ip=192.168.5.153 | op=SEND_HEARTBEAT {datanodeUUID=51f7194d-0b6e-44ce-bfd4-93c34be99c19, command=[]} | ret=SUCCESS |  
2019-09-10 13:02:24,594 | INFO  | SCMAudit | user=jenkins1000 | ip=192.168.5.153 | op=SEND_HEARTBEAT {datanodeUUID=5133bb85-d112-43d0-b51c-6140e4ebc540, command=[]} | ret=SUCCESS |  
2019-09-10 13:02:24,595 | INFO  | SCMAudit | user=jenkins1000 | ip=192.168.5.153 | op=SEND_HEARTBEAT {datanodeUUID=677e3d93-3467-4860-9bf6-0d2ba46507f3, command=[]} | ret=SUCCESS |  
2019-09-10 13:02:24,607 | INFO  | SCMAudit | user=jenkins1000 | ip=192.168.5.153 | op=SEND_HEARTBEAT {datanodeUUID=80892ce7-83f5-4ca2-be8c-d0fb582c0dda, command=[]} | ret=SUCCESS |  
2019-09-10 13:02:24,882 | INFO  | SCMAudit | user=jenkins1000 | ip=192.168.5.153 | op=SEND_HEARTBEAT {datanodeUUID=4afd2ab1-ec40-4403-b668-2a355860e883, command=[]} | ret=SUCCESS |  
2019-09-10 13:02:25,089 | INFO  | SCMAudit | user=jenkins1000 | ip=192.168.5.153 | op=SEND_HEARTBEAT {datanodeUUID=98692575-908f-4c6f-b3d7-fc3119b7636a, command=[]} | ret=SUCCESS |  
2019-09-10 13:02:25,309 | INFO  | SCMAudit | user=jenkins1000 | ip=192.168.5.153 | op=SEND_HEARTBEAT {datanodeUUID=b87234b6-97b4-403b-b761-d13c1d3498ce, command=[]} | ret=SUCCESS |  
2019-09-10 13:02:25,477 | INFO  | SCMAudit | user=jenkins1000 | ip=192.168.5.153 | op=SEND_HEARTBEAT {datanodeUUID=51f7194d-0b6e-44ce-bfd4-93c34be99c19, command=[]} | ret=SUCCESS |  
2019-09-10 13:02:25,595 | INFO  | SCMAudit | user=jenkins1000 | ip=192.168.5.153 | op=SEND_HEARTBEAT {datanodeUUID=5133bb85-d112-43d0-b51c-6140e4ebc540, command=[]} | ret=SUCCESS |  
2019-09-10 13:02:25,596 | INFO  | SCMAudit | user=jenkins1000 | ip=192.168.5.153 | op=SEND_HEARTBEAT {datanodeUUID=677e3d93-3467-4860-9bf6-0d2ba46507f3, command=[]} | ret=SUCCESS |  
2019-09-10 13:02:25,608 | INFO  | SCMAudit | user=jenkins1000 | ip=192.168.5.153 | op=SEND_HEARTBEAT {datanodeUUID=80892ce7-83f5-4ca2-be8c-d0fb582c0dda, command=[]} | ret=SUCCESS |  
2019-09-10 13:02:25,820 [grpc-default-executor-0] INFO  client.GrpcClientProtocolClient (GrpcClientProtocolClient.java:onNext(255)) - client-1AEBD7C46593->80892ce7-83f5-4ca2-be8c-d0fb582c0dda: receive RaftClientReply:client-1AEBD7C46593->80892ce7-83f5-4ca2-be8c-d0fb582c0dda@group-59B8B6051EC0, cid=45, FAILED org.apache.ratis.protocol.NotLeaderException: Server 80892ce7-83f5-4ca2-be8c-d0fb582c0dda is not the leader (677e3d93-3467-4860-9bf6-0d2ba46507f3:192.168.5.153:41781). Request must be sent to leader., logIndex=0, commits[80892ce7-83f5-4ca2-be8c-d0fb582c0dda:c8, 677e3d93-3467-4860-9bf6-0d2ba46507f3:c8, 5133bb85-d112-43d0-b51c-6140e4ebc540:c8]
2019-09-10 13:02:25,882 | INFO  | SCMAudit | user=jenkins1000 | ip=192.168.5.153 | op=SEND_HEARTBEAT {datanodeUUID=4afd2ab1-ec40-4403-b668-2a355860e883, command=[]} | ret=SUCCESS |  
2019-09-10 13:02:26,089 | INFO  | SCMAudit | user=jenkins1000 | ip=192.168.5.153 | op=SEND_HEARTBEAT {datanodeUUID=98692575-908f-4c6f-b3d7-fc3119b7636a, command=[]} | ret=SUCCESS |  
2019-09-10 13:02:26,307 | INFO  | SCMAudit | user=jenkins1000 | ip=192.168.5.153 | op=SEND_HEARTBEAT {datanodeUUID=b87234b6-97b4-403b-b761-d13c1d3498ce, command=[]} | ret=SUCCESS |  
2019-09-10 13:02:26,477 | INFO  | SCMAudit | user=jenkins1000 | ip=192.168.5.153 | op=SEND_HEARTBEAT {datanodeUUID=51f7194d-0b6e-44ce-bfd4-93c34be99c19, command=[]} | ret=SUCCESS |  
2019-09-10 13:02:26,594 | INFO  | SCMAudit | user=jenkins1000 | ip=192.168.5.153 | op=SEND_HEARTBEAT {datanodeUUID=5133bb85-d112-43d0-b51c-6140e4ebc540, command=[]} | ret=SUCCESS |  
2019-09-10 13:02:26,596 | INFO  | SCMAudit | user=jenkins1000 | ip=192.168.5.153 | op=SEND_HEARTBEAT {datanodeUUID=677e3d93-3467-4860-9bf6-0d2ba46507f3, command=[]} | ret=SUCCESS |  
2019-09-10 13:02:26,608 | INFO  | SCMAudit | user=jenkins1000 | ip=192.168.5.153 | op=SEND_HEARTBEAT {datanodeUUID=80892ce7-83f5-4ca2-be8c-d0fb582c0dda, command=[]} | ret=SUCCESS |  
2019-09-10 13:02:26,882 | INFO  | SCMAudit | user=jenkins1000 | ip=192.168.5.153 | op=SEND_HEARTBEAT {datanodeUUID=4afd2ab1-ec40-4403-b668-2a355860e883, command=[]} | ret=SUCCESS |  
2019-09-10 13:02:27,089 | INFO  | SCMAudit | user=jenkins1000 | ip=192.168.5.153 | op=SEND_HEARTBEAT {datanodeUUID=98692575-908f-4c6f-b3d7-fc3119b7636a, command=[]} | ret=SUCCESS |  
2019-09-10 13:02:27,307 | INFO  | SCMAudit | user=jenkins1000 | ip=192.168.5.153 | op=SEND_HEARTBEAT {datanodeUUID=b87234b6-97b4-403b-b761-d13c1d3498ce, command=[]} | ret=SUCCESS |  
2019-09-10 13:02:27,477 | INFO  | SCMAudit | user=jenkins1000 | ip=192.168.5.153 | op=SEND_HEARTBEAT {datanodeUUID=51f7194d-0b6e-44ce-bfd4-93c34be99c19, command=[]} | ret=SUCCESS |  
2019-09-10 13:02:27,594 | INFO  | SCMAudit | user=jenkins1000 | ip=192.168.5.153 | op=SEND_HEARTBEAT {datanodeUUID=5133bb85-d112-43d0-b51c-6140e4ebc540, command=[]} | ret=SUCCESS |  
2019-09-10 13:02:27,595 | INFO  | SCMAudit | user=jenkins1000 | ip=192.168.5.153 | op=SEND_HEARTBEAT {datanodeUUID=677e3d93-3467-4860-9bf6-0d2ba46507f3, command=[]} | ret=SUCCESS |  
2019-09-10 13:02:27,608 | INFO  | SCMAudit | user=jenkins1000 | ip=192.168.5.153 | op=SEND_HEARTBEAT {datanodeUUID=80892ce7-83f5-4ca2-be8c-d0fb582c0dda, command=[]} | ret=SUCCESS |  
2019-09-10 13:02:27,882 | INFO  | SCMAudit | user=jenkins1000 | ip=192.168.5.153 | op=SEND_HEARTBEAT {datanodeUUID=4afd2ab1-ec40-4403-b668-2a355860e883, command=[]} | ret=SUCCESS |  
2019-09-10 13:02:28,090 | INFO  | SCMAudit | user=jenkins1000 | ip=192.168.5.153 | op=SEND_HEARTBEAT {datanodeUUID=98692575-908f-4c6f-b3d7-fc3119b7636a, command=[]} | ret=SUCCESS |  
2019-09-10 13:02:28,307 | INFO  | SCMAudit | user=jenkins1000 | ip=192.168.5.153 | op=SEND_HEARTBEAT {datanodeUUID=b87234b6-97b4-403b-b761-d13c1d3498ce, command=[]} | ret=SUCCESS |  
2019-09-10 13:02:28,477 | INFO  | SCMAudit | user=jenkins1000 | ip=192.168.5.153 | op=SEND_HEARTBEAT {datanodeUUID=51f7194d-0b6e-44ce-bfd4-93c34be99c19, command=[]} | ret=SUCCESS |  
2019-09-10 13:02:28,594 | INFO  | SCMAudit | user=jenkins1000 | ip=192.168.5.153 | op=SEND_HEARTBEAT {datanodeUUID=5133bb85-d112-43d0-b51c-6140e4ebc540, command=[]} | ret=SUCCESS |  
2019-09-10 13:02:28,596 | INFO  | SCMAudit | user=jenkins1000 | ip=192.168.5.153 | op=SEND_HEARTBEAT {datanodeUUID=677e3d93-3467-4860-9bf6-0d2ba46507f3, command=[]} | ret=SUCCESS |  
2019-09-10 13:02:28,608 | INFO  | SCMAudit | user=jenkins1000 | ip=192.168.5.153 | op=SEND_HEARTBEAT {datanodeUUID=80892ce7-83f5-4ca2-be8c-d0fb582c0dda, command=[]} | ret=SUCCESS |  
2019-09-10 13:02:28,882 | INFO  | SCMAudit | user=jenkins1000 | ip=192.168.5.153 | op=SEND_HEARTBEAT {datanodeUUID=4afd2ab1-ec40-4403-b668-2a355860e883, command=[]} | ret=SUCCESS |  
2019-09-10 13:02:29,090 | INFO  | SCMAudit | user=jenkins1000 | ip=192.168.5.153 | op=SEND_HEARTBEAT {datanodeUUID=98692575-908f-4c6f-b3d7-fc3119b7636a, command=[]} | ret=SUCCESS |  
2019-09-10 13:02:29,307 | INFO  | SCMAudit | user=jenkins1000 | ip=192.168.5.153 | op=SEND_HEARTBEAT {datanodeUUID=b87234b6-97b4-403b-b761-d13c1d3498ce, command=[]} | ret=SUCCESS |  
2019-09-10 13:02:29,477 | INFO  | SCMAudit | user=jenkins1000 | ip=192.168.5.153 | op=SEND_HEARTBEAT {datanodeUUID=51f7194d-0b6e-44ce-bfd4-93c34be99c19, command=[]} | ret=SUCCESS |  
2019-09-10 13:02:29,594 | INFO  | SCMAudit | user=jenkins1000 | ip=192.168.5.153 | op=SEND_HEARTBEAT {datanodeUUID=5133bb85-d112-43d0-b51c-6140e4ebc540, command=[]} | ret=SUCCESS |  
2019-09-10 13:02:29,596 | INFO  | SCMAudit | user=jenkins1000 | ip=192.168.5.153 | op=SEND_HEARTBEAT {datanodeUUID=677e3d93-3467-4860-9bf6-0d2ba46507f3, command=[]} | ret=SUCCESS |  
2019-09-10 13:02:29,608 | INFO  | SCMAudit | user=jenkins1000 | ip=192.168.5.153 | op=SEND_HEARTBEAT {datanodeUUID=80892ce7-83f5-4ca2-be8c-d0fb582c0dda, command=[]} | ret=SUCCESS |  
2019-09-10 13:02:29,882 | INFO  | SCMAudit | user=jenkins1000 | ip=192.168.5.153 | op=SEND_HEARTBEAT {datanodeUUID=4afd2ab1-ec40-4403-b668-2a355860e883, command=[]} | ret=SUCCESS |  
2019-09-10 13:02:30,091 | INFO  | SCMAudit | user=jenkins1000 | ip=192.168.5.153 | op=SEND_HEARTBEAT {datanodeUUID=98692575-908f-4c6f-b3d7-fc3119b7636a, command=[]} | ret=SUCCESS |  
2019-09-10 13:02:30,307 | INFO  | SCMAudit | user=jenkins1000 | ip=192.168.5.153 | op=SEND_HEARTBEAT {datanodeUUID=b87234b6-97b4-403b-b761-d13c1d3498ce, command=[]} | ret=SUCCESS |  
2019-09-10 13:02:30,477 | INFO  | SCMAudit | user=jenkins1000 | ip=192.168.5.153 | op=SEND_HEARTBEAT {datanodeUUID=51f7194d-0b6e-44ce-bfd4-93c34be99c19, command=[]} | ret=SUCCESS |  
2019-09-10 13:02:30,594 | INFO  | SCMAudit | user=jenkins1000 | ip=192.168.5.153 | op=SEND_HEARTBEAT {datanodeUUID=5133bb85-d112-43d0-b51c-6140e4ebc540, command=[]} | ret=SUCCESS |  
2019-09-10 13:02:30,596 | INFO  | SCMAudit | user=jenkins1000 | ip=192.168.5.153 | op=SEND_HEARTBEAT {datanodeUUID=677e3d93-3467-4860-9bf6-0d2ba46507f3, command=[]} | ret=SUCCESS |  
2019-09-10 13:02:30,608 | INFO  | SCMAudit | user=jenkins1000 | ip=192.168.5.153 | op=SEND_HEARTBEAT {datanodeUUID=80892ce7-83f5-4ca2-be8c-d0fb582c0dda, command=[]} | ret=SUCCESS |  
2019-09-10 13:02:30,849 [grpc-default-executor-6] INFO  client.GrpcClientProtocolClient (GrpcClientProtocolClient.java:onNext(255)) - client-1AEBD7C46593->5133bb85-d112-43d0-b51c-6140e4ebc540: receive RaftClientReply:client-1AEBD7C46593->5133bb85-d112-43d0-b51c-6140e4ebc540@group-59B8B6051EC0, cid=45, FAILED org.apache.ratis.protocol.NotLeaderException: Server 5133bb85-d112-43d0-b51c-6140e4ebc540 is not the leader (677e3d93-3467-4860-9bf6-0d2ba46507f3:192.168.5.153:41781). Request must be sent to leader., logIndex=0, commits[5133bb85-d112-43d0-b51c-6140e4ebc540:c8, 80892ce7-83f5-4ca2-be8c-d0fb582c0dda:c8, 677e3d93-3467-4860-9bf6-0d2ba46507f3:c8]
2019-09-10 13:02:30,882 | INFO  | SCMAudit | user=jenkins1000 | ip=192.168.5.153 | op=SEND_HEARTBEAT {datanodeUUID=4afd2ab1-ec40-4403-b668-2a355860e883, command=[]} | ret=SUCCESS |  
2019-09-10 13:02:31,091 | INFO  | SCMAudit | user=jenkins1000 | ip=192.168.5.153 | op=SEND_HEARTBEAT {datanodeUUID=98692575-908f-4c6f-b3d7-fc3119b7636a, command=[]} | ret=SUCCESS |  
2019-09-10 13:02:31,307 | INFO  | SCMAudit | user=jenkins1000 | ip=192.168.5.153 | op=SEND_HEARTBEAT {datanodeUUID=b87234b6-97b4-403b-b761-d13c1d3498ce, command=[]} | ret=SUCCESS |  
2019-09-10 13:02:31,477 | INFO  | SCMAudit | user=jenkins1000 | ip=192.168.5.153 | op=SEND_HEARTBEAT {datanodeUUID=51f7194d-0b6e-44ce-bfd4-93c34be99c19, command=[]} | ret=SUCCESS |  
2019-09-10 13:02:31,594 | INFO  | SCMAudit | user=jenkins1000 | ip=192.168.5.153 | op=SEND_HEARTBEAT {datanodeUUID=5133bb85-d112-43d0-b51c-6140e4ebc540, command=[]} | ret=SUCCESS |  
2019-09-10 13:02:31,596 | INFO  | SCMAudit | user=jenkins1000 | ip=192.168.5.153 | op=SEND_HEARTBEAT {datanodeUUID=677e3d93-3467-4860-9bf6-0d2ba46507f3, command=[]} | ret=SUCCESS |  
2019-09-10 13:02:31,608 | INFO  | SCMAudit | user=jenkins1000 | ip=192.168.5.153 | op=SEND_HEARTBEAT {datanodeUUID=80892ce7-83f5-4ca2-be8c-d0fb582c0dda, command=[]} | ret=SUCCESS |  
2019-09-10 13:02:31,883 | INFO  | SCMAudit | user=jenkins1000 | ip=192.168.5.153 | op=SEND_HEARTBEAT {datanodeUUID=4afd2ab1-ec40-4403-b668-2a355860e883, command=[]} | ret=SUCCESS |  
2019-09-10 13:02:32,091 | INFO  | SCMAudit | user=jenkins1000 | ip=192.168.5.153 | op=SEND_HEARTBEAT {datanodeUUID=98692575-908f-4c6f-b3d7-fc3119b7636a, command=[]} | ret=SUCCESS |  
2019-09-10 13:02:32,306 | INFO  | SCMAudit | user=jenkins1000 | ip=192.168.5.153 | op=SEND_HEARTBEAT {datanodeUUID=b87234b6-97b4-403b-b761-d13c1d3498ce, command=[]} | ret=SUCCESS |  
2019-09-10 13:02:32,477 | INFO  | SCMAudit | user=jenkins1000 | ip=192.168.5.153 | op=SEND_HEARTBEAT {datanodeUUID=51f7194d-0b6e-44ce-bfd4-93c34be99c19, command=[]} | ret=SUCCESS |  
2019-09-10 13:02:32,594 | INFO  | SCMAudit | user=jenkins1000 | ip=192.168.5.153 | op=SEND_HEARTBEAT {datanodeUUID=5133bb85-d112-43d0-b51c-6140e4ebc540, command=[]} | ret=SUCCESS |  
2019-09-10 13:02:32,596 | INFO  | SCMAudit | user=jenkins1000 | ip=192.168.5.153 | op=SEND_HEARTBEAT {datanodeUUID=677e3d93-3467-4860-9bf6-0d2ba46507f3, command=[]} | ret=SUCCESS |  
2019-09-10 13:02:32,608 | INFO  | SCMAudit | user=jenkins1000 | ip=192.168.5.153 | op=SEND_HEARTBEAT {datanodeUUID=80892ce7-83f5-4ca2-be8c-d0fb582c0dda, command=[]} | ret=SUCCESS |  
2019-09-10 13:02:32,883 | INFO  | SCMAudit | user=jenkins1000 | ip=192.168.5.153 | op=SEND_HEARTBEAT {datanodeUUID=4afd2ab1-ec40-4403-b668-2a355860e883, command=[]} | ret=SUCCESS |  
2019-09-10 13:02:33,091 | INFO  | SCMAudit | user=jenkins1000 | ip=192.168.5.153 | op=SEND_HEARTBEAT {datanodeUUID=98692575-908f-4c6f-b3d7-fc3119b7636a, command=[]} | ret=SUCCESS |  
2019-09-10 13:02:33,307 | INFO  | SCMAudit | user=jenkins1000 | ip=192.168.5.153 | op=SEND_HEARTBEAT {datanodeUUID=b87234b6-97b4-403b-b761-d13c1d3498ce, command=[]} | ret=SUCCESS |  
2019-09-10 13:02:33,477 | INFO  | SCMAudit | user=jenkins1000 | ip=192.168.5.153 | op=SEND_HEARTBEAT {datanodeUUID=51f7194d-0b6e-44ce-bfd4-93c34be99c19, command=[]} | ret=SUCCESS |  
2019-09-10 13:02:33,594 | INFO  | SCMAudit | user=jenkins1000 | ip=192.168.5.153 | op=SEND_HEARTBEAT {datanodeUUID=5133bb85-d112-43d0-b51c-6140e4ebc540, command=[]} | ret=SUCCESS |  
2019-09-10 13:02:33,595 | INFO  | SCMAudit | user=jenkins1000 | ip=192.168.5.153 | op=SEND_HEARTBEAT {datanodeUUID=677e3d93-3467-4860-9bf6-0d2ba46507f3, command=[]} | ret=SUCCESS |  
2019-09-10 13:02:33,608 | INFO  | SCMAudit | user=jenkins1000 | ip=192.168.5.153 | op=SEND_HEARTBEAT {datanodeUUID=80892ce7-83f5-4ca2-be8c-d0fb582c0dda, command=[]} | ret=SUCCESS |  
2019-09-10 13:02:33,883 | INFO  | SCMAudit | user=jenkins1000 | ip=192.168.5.153 | op=SEND_HEARTBEAT {datanodeUUID=4afd2ab1-ec40-4403-b668-2a355860e883, command=[]} | ret=SUCCESS |  
2019-09-10 13:02:34,092 | INFO  | SCMAudit | user=jenkins1000 | ip=192.168.5.153 | op=SEND_HEARTBEAT {datanodeUUID=98692575-908f-4c6f-b3d7-fc3119b7636a, command=[]} | ret=SUCCESS |  
2019-09-10 13:02:34,307 | INFO  | SCMAudit | user=jenkins1000 | ip=192.168.5.153 | op=SEND_HEARTBEAT {datanodeUUID=b87234b6-97b4-403b-b761-d13c1d3498ce, command=[]} | ret=SUCCESS |  
2019-09-10 13:02:34,478 | INFO  | SCMAudit | user=jenkins1000 | ip=192.168.5.153 | op=SEND_HEARTBEAT {datanodeUUID=51f7194d-0b6e-44ce-bfd4-93c34be99c19, command=[]} | ret=SUCCESS |  
2019-09-10 13:02:34,595 | INFO  | SCMAudit | user=jenkins1000 | ip=192.168.5.153 | op=SEND_HEARTBEAT {datanodeUUID=5133bb85-d112-43d0-b51c-6140e4ebc540, command=[]} | ret=SUCCESS |  
2019-09-10 13:02:34,595 | INFO  | SCMAudit | user=jenkins1000 | ip=192.168.5.153 | op=SEND_HEARTBEAT {datanodeUUID=677e3d93-3467-4860-9bf6-0d2ba46507f3, command=[]} | ret=SUCCESS |  
2019-09-10 13:02:34,609 | INFO  | SCMAudit | user=jenkins1000 | ip=192.168.5.153 | op=SEND_HEARTBEAT {datanodeUUID=80892ce7-83f5-4ca2-be8c-d0fb582c0dda, command=[]} | ret=SUCCESS |  
2019-09-10 13:02:34,883 | INFO  | SCMAudit | user=jenkins1000 | ip=192.168.5.153 | op=SEND_HEARTBEAT {datanodeUUID=4afd2ab1-ec40-4403-b668-2a355860e883, command=[]} | ret=SUCCESS |  
2019-09-10 13:02:35,092 | INFO  | SCMAudit | user=jenkins1000 | ip=192.168.5.153 | op=SEND_HEARTBEAT {datanodeUUID=98692575-908f-4c6f-b3d7-fc3119b7636a, command=[]} | ret=SUCCESS |  
2019-09-10 13:02:35,307 | INFO  | SCMAudit | user=jenkins1000 | ip=192.168.5.153 | op=SEND_HEARTBEAT {datanodeUUID=b87234b6-97b4-403b-b761-d13c1d3498ce, command=[]} | ret=SUCCESS |  
2019-09-10 13:02:35,478 | INFO  | SCMAudit | user=jenkins1000 | ip=192.168.5.153 | op=SEND_HEARTBEAT {datanodeUUID=51f7194d-0b6e-44ce-bfd4-93c34be99c19, command=[]} | ret=SUCCESS |  
2019-09-10 13:02:35,595 | INFO  | SCMAudit | user=jenkins1000 | ip=192.168.5.153 | op=SEND_HEARTBEAT {datanodeUUID=5133bb85-d112-43d0-b51c-6140e4ebc540, command=[]} | ret=SUCCESS |  
2019-09-10 13:02:35,596 | INFO  | SCMAudit | user=jenkins1000 | ip=192.168.5.153 | op=SEND_HEARTBEAT {datanodeUUID=677e3d93-3467-4860-9bf6-0d2ba46507f3, command=[]} | ret=SUCCESS |  
2019-09-10 13:02:35,610 | INFO  | SCMAudit | user=jenkins1000 | ip=192.168.5.153 | op=SEND_HEARTBEAT {datanodeUUID=80892ce7-83f5-4ca2-be8c-d0fb582c0dda, command=[]} | ret=SUCCESS |  
2019-09-10 13:02:35,883 | INFO  | SCMAudit | user=jenkins1000 | ip=192.168.5.153 | op=SEND_HEARTBEAT {datanodeUUID=4afd2ab1-ec40-4403-b668-2a355860e883, command=[]} | ret=SUCCESS |  
2019-09-10 13:02:35,888 [grpc-default-executor-0] INFO  client.GrpcClientProtocolClient (GrpcClientProtocolClient.java:onNext(255)) - client-1AEBD7C46593->80892ce7-83f5-4ca2-be8c-d0fb582c0dda: receive RaftClientReply:client-1AEBD7C46593->80892ce7-83f5-4ca2-be8c-d0fb582c0dda@group-59B8B6051EC0, cid=45, FAILED org.apache.ratis.protocol.NotLeaderException: Server 80892ce7-83f5-4ca2-be8c-d0fb582c0dda is not the leader (677e3d93-3467-4860-9bf6-0d2ba46507f3:192.168.5.153:41781). Request must be sent to leader., logIndex=0, commits[80892ce7-83f5-4ca2-be8c-d0fb582c0dda:c8, 677e3d93-3467-4860-9bf6-0d2ba46507f3:c8, 5133bb85-d112-43d0-b51c-6140e4ebc540:c8]
2019-09-10 13:02:36,092 | INFO  | SCMAudit | user=jenkins1000 | ip=192.168.5.153 | op=SEND_HEARTBEAT {datanodeUUID=98692575-908f-4c6f-b3d7-fc3119b7636a, command=[]} | ret=SUCCESS |  
2019-09-10 13:02:36,308 | INFO  | SCMAudit | user=jenkins1000 | ip=192.168.5.153 | op=SEND_HEARTBEAT {datanodeUUID=b87234b6-97b4-403b-b761-d13c1d3498ce, command=[]} | ret=SUCCESS |  
2019-09-10 13:02:36,478 | INFO  | SCMAudit | user=jenkins1000 | ip=192.168.5.153 | op=SEND_HEARTBEAT {datanodeUUID=51f7194d-0b6e-44ce-bfd4-93c34be99c19, command=[]} | ret=SUCCESS |  
2019-09-10 13:02:36,595 | INFO  | SCMAudit | user=jenkins1000 | ip=192.168.5.153 | op=SEND_HEARTBEAT {datanodeUUID=5133bb85-d112-43d0-b51c-6140e4ebc540, command=[]} | ret=SUCCESS |  
2019-09-10 13:02:36,596 | INFO  | SCMAudit | user=jenkins1000 | ip=192.168.5.153 | op=SEND_HEARTBEAT {datanodeUUID=677e3d93-3467-4860-9bf6-0d2ba46507f3, command=[]} | ret=SUCCESS |  
2019-09-10 13:02:36,611 | INFO  | SCMAudit | user=jenkins1000 | ip=192.168.5.153 | op=SEND_HEARTBEAT {datanodeUUID=80892ce7-83f5-4ca2-be8c-d0fb582c0dda, command=[]} | ret=SUCCESS |  
2019-09-10 13:02:36,884 | INFO  | SCMAudit | user=jenkins1000 | ip=192.168.5.153 | op=SEND_HEARTBEAT {datanodeUUID=4afd2ab1-ec40-4403-b668-2a355860e883, command=[]} | ret=SUCCESS |  
2019-09-10 13:02:37,092 | INFO  | SCMAudit | user=jenkins1000 | ip=192.168.5.153 | op=SEND_HEARTBEAT {datanodeUUID=98692575-908f-4c6f-b3d7-fc3119b7636a, command=[]} | ret=SUCCESS |  
2019-09-10 13:02:37,307 | INFO  | SCMAudit | user=jenkins1000 | ip=192.168.5.153 | op=SEND_HEARTBEAT {datanodeUUID=b87234b6-97b4-403b-b761-d13c1d3498ce, command=[]} | ret=SUCCESS |  
2019-09-10 13:02:37,478 | INFO  | SCMAudit | user=jenkins1000 | ip=192.168.5.153 | op=SEND_HEARTBEAT {datanodeUUID=51f7194d-0b6e-44ce-bfd4-93c34be99c19, command=[]} | ret=SUCCESS |  
2019-09-10 13:02:37,595 | INFO  | SCMAudit | user=jenkins1000 | ip=192.168.5.153 | op=SEND_HEARTBEAT {datanodeUUID=5133bb85-d112-43d0-b51c-6140e4ebc540, command=[]} | ret=SUCCESS |  
2019-09-10 13:02:37,596 | INFO  | SCMAudit | user=jenkins1000 | ip=192.168.5.153 | op=SEND_HEARTBEAT {datanodeUUID=677e3d93-3467-4860-9bf6-0d2ba46507f3, command=[]} | ret=SUCCESS |  
2019-09-10 13:02:37,612 | INFO  | SCMAudit | user=jenkins1000 | ip=192.168.5.153 | op=SEND_HEARTBEAT {datanodeUUID=80892ce7-83f5-4ca2-be8c-d0fb582c0dda, command=[]} | ret=SUCCESS |  
2019-09-10 13:02:37,884 | INFO  | SCMAudit | user=jenkins1000 | ip=192.168.5.153 | op=SEND_HEARTBEAT {datanodeUUID=4afd2ab1-ec40-4403-b668-2a355860e883, command=[]} | ret=SUCCESS |  
2019-09-10 13:02:38,092 | INFO  | SCMAudit | user=jenkins1000 | ip=192.168.5.153 | op=SEND_HEARTBEAT {datanodeUUID=98692575-908f-4c6f-b3d7-fc3119b7636a, command=[]} | ret=SUCCESS |  
2019-09-10 13:02:38,307 | INFO  | SCMAudit | user=jenkins1000 | ip=192.168.5.153 | op=SEND_HEARTBEAT {datanodeUUID=b87234b6-97b4-403b-b761-d13c1d3498ce, command=[]} | ret=SUCCESS |  
2019-09-10 13:02:38,479 | INFO  | SCMAudit | user=jenkins1000 | ip=192.168.5.153 | op=SEND_HEARTBEAT {datanodeUUID=51f7194d-0b6e-44ce-bfd4-93c34be99c19, command=[]} | ret=SUCCESS |  
2019-09-10 13:02:38,595 | INFO  | SCMAudit | user=jenkins1000 | ip=192.168.5.153 | op=SEND_HEARTBEAT {datanodeUUID=5133bb85-d112-43d0-b51c-6140e4ebc540, command=[]} | ret=SUCCESS |  
2019-09-10 13:02:38,596 | INFO  | SCMAudit | user=jenkins1000 | ip=192.168.5.153 | op=SEND_HEARTBEAT {datanodeUUID=677e3d93-3467-4860-9bf6-0d2ba46507f3, command=[]} | ret=SUCCESS |  
2019-09-10 13:02:38,612 | INFO  | SCMAudit | user=jenkins1000 | ip=192.168.5.153 | op=SEND_HEARTBEAT {datanodeUUID=80892ce7-83f5-4ca2-be8c-d0fb582c0dda, command=[]} | ret=SUCCESS |  
2019-09-10 13:02:38,886 | INFO  | SCMAudit | user=jenkins1000 | ip=192.168.5.153 | op=SEND_HEARTBEAT {datanodeUUID=4afd2ab1-ec40-4403-b668-2a355860e883, command=[]} | ret=SUCCESS |  
2019-09-10 13:02:39,092 | INFO  | SCMAudit | user=jenkins1000 | ip=192.168.5.153 | op=SEND_HEARTBEAT {datanodeUUID=98692575-908f-4c6f-b3d7-fc3119b7636a, command=[]} | ret=SUCCESS |  
2019-09-10 13:02:39,307 | INFO  | SCMAudit | user=jenkins1000 | ip=192.168.5.153 | op=SEND_HEARTBEAT {datanodeUUID=b87234b6-97b4-403b-b761-d13c1d3498ce, command=[]} | ret=SUCCESS |  
2019-09-10 13:02:39,479 | INFO  | SCMAudit | user=jenkins1000 | ip=192.168.5.153 | op=SEND_HEARTBEAT {datanodeUUID=51f7194d-0b6e-44ce-bfd4-93c34be99c19, command=[]} | ret=SUCCESS |  
2019-09-10 13:02:39,595 | INFO  | SCMAudit | user=jenkins1000 | ip=192.168.5.153 | op=SEND_HEARTBEAT {datanodeUUID=5133bb85-d112-43d0-b51c-6140e4ebc540, command=[]} | ret=SUCCESS |  
2019-09-10 13:02:39,596 | INFO  | SCMAudit | user=jenkins1000 | ip=192.168.5.153 | op=SEND_HEARTBEAT {datanodeUUID=677e3d93-3467-4860-9bf6-0d2ba46507f3, command=[]} | ret=SUCCESS |  
2019-09-10 13:02:39,612 | INFO  | SCMAudit | user=jenkins1000 | ip=192.168.5.153 | op=SEND_HEARTBEAT {datanodeUUID=80892ce7-83f5-4ca2-be8c-d0fb582c0dda, command=[]} | ret=SUCCESS |  
2019-09-10 13:02:39,887 | INFO  | SCMAudit | user=jenkins1000 | ip=192.168.5.153 | op=SEND_HEARTBEAT {datanodeUUID=4afd2ab1-ec40-4403-b668-2a355860e883, command=[]} | ret=SUCCESS |  
2019-09-10 13:02:40,093 | INFO  | SCMAudit | user=jenkins1000 | ip=192.168.5.153 | op=SEND_HEARTBEAT {datanodeUUID=98692575-908f-4c6f-b3d7-fc3119b7636a, command=[]} | ret=SUCCESS |  
2019-09-10 13:02:40,307 | INFO  | SCMAudit | user=jenkins1000 | ip=192.168.5.153 | op=SEND_HEARTBEAT {datanodeUUID=b87234b6-97b4-403b-b761-d13c1d3498ce, command=[]} | ret=SUCCESS |  
2019-09-10 13:02:40,479 | INFO  | SCMAudit | user=jenkins1000 | ip=192.168.5.153 | op=SEND_HEARTBEAT {datanodeUUID=51f7194d-0b6e-44ce-bfd4-93c34be99c19, command=[]} | ret=SUCCESS |  
2019-09-10 13:02:40,595 | INFO  | SCMAudit | user=jenkins1000 | ip=192.168.5.153 | op=SEND_HEARTBEAT {datanodeUUID=5133bb85-d112-43d0-b51c-6140e4ebc540, command=[]} | ret=SUCCESS |  
2019-09-10 13:02:40,596 | INFO  | SCMAudit | user=jenkins1000 | ip=192.168.5.153 | op=SEND_HEARTBEAT {datanodeUUID=677e3d93-3467-4860-9bf6-0d2ba46507f3, command=[]} | ret=SUCCESS |  
2019-09-10 13:02:40,612 | INFO  | SCMAudit | user=jenkins1000 | ip=192.168.5.153 | op=SEND_HEARTBEAT {datanodeUUID=80892ce7-83f5-4ca2-be8c-d0fb582c0dda, command=[]} | ret=SUCCESS |  
2019-09-10 13:02:40,886 | INFO  | SCMAudit | user=jenkins1000 | ip=192.168.5.153 | op=SEND_HEARTBEAT {datanodeUUID=4afd2ab1-ec40-4403-b668-2a355860e883, command=[]} | ret=SUCCESS |  
2019-09-10 13:02:40,934 [grpc-default-executor-0] INFO  client.GrpcClientProtocolClient (GrpcClientProtocolClient.java:onNext(255)) - client-1AEBD7C46593->80892ce7-83f5-4ca2-be8c-d0fb582c0dda: receive RaftClientReply:client-1AEBD7C46593->80892ce7-83f5-4ca2-be8c-d0fb582c0dda@group-59B8B6051EC0, cid=45, FAILED org.apache.ratis.protocol.NotLeaderException: Server 80892ce7-83f5-4ca2-be8c-d0fb582c0dda is not the leader (677e3d93-3467-4860-9bf6-0d2ba46507f3:192.168.5.153:41781). Request must be sent to leader., logIndex=0, commits[80892ce7-83f5-4ca2-be8c-d0fb582c0dda:c8, 677e3d93-3467-4860-9bf6-0d2ba46507f3:c8, 5133bb85-d112-43d0-b51c-6140e4ebc540:c8]
2019-09-10 13:02:41,093 | INFO  | SCMAudit | user=jenkins1000 | ip=192.168.5.153 | op=SEND_HEARTBEAT {datanodeUUID=98692575-908f-4c6f-b3d7-fc3119b7636a, command=[]} | ret=SUCCESS |  
2019-09-10 13:02:41,307 | INFO  | SCMAudit | user=jenkins1000 | ip=192.168.5.153 | op=SEND_HEARTBEAT {datanodeUUID=b87234b6-97b4-403b-b761-d13c1d3498ce, command=[]} | ret=SUCCESS |  
2019-09-10 13:02:41,479 | INFO  | SCMAudit | user=jenkins1000 | ip=192.168.5.153 | op=SEND_HEARTBEAT {datanodeUUID=51f7194d-0b6e-44ce-bfd4-93c34be99c19, command=[]} | ret=SUCCESS |  
2019-09-10 13:02:41,596 | INFO  | SCMAudit | user=jenkins1000 | ip=192.168.5.153 | op=SEND_HEARTBEAT {datanodeUUID=677e3d93-3467-4860-9bf6-0d2ba46507f3, command=[]} | ret=SUCCESS |  
2019-09-10 13:02:41,596 | INFO  | SCMAudit | user=jenkins1000 | ip=192.168.5.153 | op=SEND_HEARTBEAT {datanodeUUID=5133bb85-d112-43d0-b51c-6140e4ebc540, command=[]} | ret=SUCCESS |  
2019-09-10 13:02:41,612 | INFO  | SCMAudit | user=jenkins1000 | ip=192.168.5.153 | op=SEND_HEARTBEAT {datanodeUUID=80892ce7-83f5-4ca2-be8c-d0fb582c0dda, command=[]} | ret=SUCCESS |  
2019-09-10 13:02:41,886 | INFO  | SCMAudit | user=jenkins1000 | ip=192.168.5.153 | op=SEND_HEARTBEAT {datanodeUUID=4afd2ab1-ec40-4403-b668-2a355860e883, command=[]} | ret=SUCCESS |  
2019-09-10 13:02:42,093 | INFO  | SCMAudit | user=jenkins1000 | ip=192.168.5.153 | op=SEND_HEARTBEAT {datanodeUUID=98692575-908f-4c6f-b3d7-fc3119b7636a, command=[]} | ret=SUCCESS |  
2019-09-10 13:02:42,308 | INFO  | SCMAudit | user=jenkins1000 | ip=192.168.5.153 | op=SEND_HEARTBEAT {datanodeUUID=b87234b6-97b4-403b-b761-d13c1d3498ce, command=[]} | ret=SUCCESS |  
2019-09-10 13:02:42,480 | INFO  | SCMAudit | user=jenkins1000 | ip=192.168.5.153 | op=SEND_HEARTBEAT {datanodeUUID=51f7194d-0b6e-44ce-bfd4-93c34be99c19, command=[]} | ret=SUCCESS |  
2019-09-10 13:02:42,596 | INFO  | SCMAudit | user=jenkins1000 | ip=192.168.5.153 | op=SEND_HEARTBEAT {datanodeUUID=677e3d93-3467-4860-9bf6-0d2ba46507f3, command=[]} | ret=SUCCESS |  
2019-09-10 13:02:42,596 | INFO  | SCMAudit | user=jenkins1000 | ip=192.168.5.153 | op=SEND_HEARTBEAT {datanodeUUID=5133bb85-d112-43d0-b51c-6140e4ebc540, command=[]} | ret=SUCCESS |  
2019-09-10 13:02:42,612 | INFO  | SCMAudit | user=jenkins1000 | ip=192.168.5.153 | op=SEND_HEARTBEAT {datanodeUUID=80892ce7-83f5-4ca2-be8c-d0fb582c0dda, command=[]} | ret=SUCCESS |  
2019-09-10 13:02:42,886 | INFO  | SCMAudit | user=jenkins1000 | ip=192.168.5.153 | op=SEND_HEARTBEAT {datanodeUUID=4afd2ab1-ec40-4403-b668-2a355860e883, command=[]} | ret=SUCCESS |  
2019-09-10 13:02:43,095 | INFO  | SCMAudit | user=jenkins1000 | ip=192.168.5.153 | op=SEND_HEARTBEAT {datanodeUUID=98692575-908f-4c6f-b3d7-fc3119b7636a, command=[]} | ret=SUCCESS |  
2019-09-10 13:02:43,308 | INFO  | SCMAudit | user=jenkins1000 | ip=192.168.5.153 | op=SEND_HEARTBEAT {datanodeUUID=b87234b6-97b4-403b-b761-d13c1d3498ce, command=[]} | ret=SUCCESS |  
2019-09-10 13:02:43,480 | INFO  | SCMAudit | user=jenkins1000 | ip=192.168.5.153 | op=SEND_HEARTBEAT {datanodeUUID=51f7194d-0b6e-44ce-bfd4-93c34be99c19, command=[]} | ret=SUCCESS |  
2019-09-10 13:02:43,596 | INFO  | SCMAudit | user=jenkins1000 | ip=192.168.5.153 | op=SEND_HEARTBEAT {datanodeUUID=5133bb85-d112-43d0-b51c-6140e4ebc540, command=[]} | ret=SUCCESS |  
2019-09-10 13:02:43,596 | INFO  | SCMAudit | user=jenkins1000 | ip=192.168.5.153 | op=SEND_HEARTBEAT {datanodeUUID=677e3d93-3467-4860-9bf6-0d2ba46507f3, command=[]} | ret=SUCCESS |  
2019-09-10 13:02:43,612 | INFO  | SCMAudit | user=jenkins1000 | ip=192.168.5.153 | op=SEND_HEARTBEAT {datanodeUUID=80892ce7-83f5-4ca2-be8c-d0fb582c0dda, command=[]} | ret=SUCCESS |  
2019-09-10 13:02:43,886 | INFO  | SCMAudit | user=jenkins1000 | ip=192.168.5.153 | op=SEND_HEARTBEAT {datanodeUUID=4afd2ab1-ec40-4403-b668-2a355860e883, command=[]} | ret=SUCCESS |  
2019-09-10 13:02:44,095 | INFO  | SCMAudit | user=jenkins1000 | ip=192.168.5.153 | op=SEND_HEARTBEAT {datanodeUUID=98692575-908f-4c6f-b3d7-fc3119b7636a, command=[]} | ret=SUCCESS |  
2019-09-10 13:02:44,308 | INFO  | SCMAudit | user=jenkins1000 | ip=192.168.5.153 | op=SEND_HEARTBEAT {datanodeUUID=b87234b6-97b4-403b-b761-d13c1d3498ce, command=[]} | ret=SUCCESS |  
2019-09-10 13:02:44,480 | INFO  | SCMAudit | user=jenkins1000 | ip=192.168.5.153 | op=SEND_HEARTBEAT {datanodeUUID=51f7194d-0b6e-44ce-bfd4-93c34be99c19, command=[]} | ret=SUCCESS |  
2019-09-10 13:02:44,596 | INFO  | SCMAudit | user=jenkins1000 | ip=192.168.5.153 | op=SEND_HEARTBEAT {datanodeUUID=5133bb85-d112-43d0-b51c-6140e4ebc540, command=[]} | ret=SUCCESS |  
2019-09-10 13:02:44,596 | INFO  | SCMAudit | user=jenkins1000 | ip=192.168.5.153 | op=SEND_HEARTBEAT {datanodeUUID=677e3d93-3467-4860-9bf6-0d2ba46507f3, command=[]} | ret=SUCCESS |  
2019-09-10 13:02:44,612 | INFO  | SCMAudit | user=jenkins1000 | ip=192.168.5.153 | op=SEND_HEARTBEAT {datanodeUUID=80892ce7-83f5-4ca2-be8c-d0fb582c0dda, command=[]} | ret=SUCCESS |  
2019-09-10 13:02:44,886 | INFO  | SCMAudit | user=jenkins1000 | ip=192.168.5.153 | op=SEND_HEARTBEAT {datanodeUUID=4afd2ab1-ec40-4403-b668-2a355860e883, command=[]} | ret=SUCCESS |  
2019-09-10 13:02:45,095 | INFO  | SCMAudit | user=jenkins1000 | ip=192.168.5.153 | op=SEND_HEARTBEAT {datanodeUUID=98692575-908f-4c6f-b3d7-fc3119b7636a, command=[]} | ret=SUCCESS |  
2019-09-10 13:02:45,308 | INFO  | SCMAudit | user=jenkins1000 | ip=192.168.5.153 | op=SEND_HEARTBEAT {datanodeUUID=b87234b6-97b4-403b-b761-d13c1d3498ce, command=[]} | ret=SUCCESS |  
2019-09-10 13:02:45,480 | INFO  | SCMAudit | user=jenkins1000 | ip=192.168.5.153 | op=SEND_HEARTBEAT {datanodeUUID=51f7194d-0b6e-44ce-bfd4-93c34be99c19, command=[]} | ret=SUCCESS |  
2019-09-10 13:02:45,596 | INFO  | SCMAudit | user=jenkins1000 | ip=192.168.5.153 | op=SEND_HEARTBEAT {datanodeUUID=5133bb85-d112-43d0-b51c-6140e4ebc540, command=[]} | ret=SUCCESS |  
2019-09-10 13:02:45,596 | INFO  | SCMAudit | user=jenkins1000 | ip=192.168.5.153 | op=SEND_HEARTBEAT {datanodeUUID=677e3d93-3467-4860-9bf6-0d2ba46507f3, command=[]} | ret=SUCCESS |  
2019-09-10 13:02:45,612 | INFO  | SCMAudit | user=jenkins1000 | ip=192.168.5.153 | op=SEND_HEARTBEAT {datanodeUUID=80892ce7-83f5-4ca2-be8c-d0fb582c0dda, command=[]} | ret=SUCCESS |  
2019-09-10 13:02:45,886 | INFO  | SCMAudit | user=jenkins1000 | ip=192.168.5.153 | op=SEND_HEARTBEAT {datanodeUUID=4afd2ab1-ec40-4403-b668-2a355860e883, command=[]} | ret=SUCCESS |  
2019-09-10 13:02:45,976 [grpc-default-executor-0] INFO  client.GrpcClientProtocolClient (GrpcClientProtocolClient.java:onNext(255)) - client-1AEBD7C46593->80892ce7-83f5-4ca2-be8c-d0fb582c0dda: receive RaftClientReply:client-1AEBD7C46593->80892ce7-83f5-4ca2-be8c-d0fb582c0dda@group-59B8B6051EC0, cid=45, FAILED org.apache.ratis.protocol.NotLeaderException: Server 80892ce7-83f5-4ca2-be8c-d0fb582c0dda is not the leader (677e3d93-3467-4860-9bf6-0d2ba46507f3:192.168.5.153:41781). Request must be sent to leader., logIndex=0, commits[80892ce7-83f5-4ca2-be8c-d0fb582c0dda:c8, 677e3d93-3467-4860-9bf6-0d2ba46507f3:c8, 5133bb85-d112-43d0-b51c-6140e4ebc540:c8]
2019-09-10 13:02:46,095 | INFO  | SCMAudit | user=jenkins1000 | ip=192.168.5.153 | op=SEND_HEARTBEAT {datanodeUUID=98692575-908f-4c6f-b3d7-fc3119b7636a, command=[]} | ret=SUCCESS |  
2019-09-10 13:02:46,309 | INFO  | SCMAudit | user=jenkins1000 | ip=192.168.5.153 | op=SEND_HEARTBEAT {datanodeUUID=b87234b6-97b4-403b-b761-d13c1d3498ce, command=[]} | ret=SUCCESS |  
2019-09-10 13:02:46,480 | INFO  | SCMAudit | user=jenkins1000 | ip=192.168.5.153 | op=SEND_HEARTBEAT {datanodeUUID=51f7194d-0b6e-44ce-bfd4-93c34be99c19, command=[]} | ret=SUCCESS |  
2019-09-10 13:02:46,596 | INFO  | SCMAudit | user=jenkins1000 | ip=192.168.5.153 | op=SEND_HEARTBEAT {datanodeUUID=5133bb85-d112-43d0-b51c-6140e4ebc540, command=[]} | ret=SUCCESS |  
2019-09-10 13:02:46,596 | INFO  | SCMAudit | user=jenkins1000 | ip=192.168.5.153 | op=SEND_HEARTBEAT {datanodeUUID=677e3d93-3467-4860-9bf6-0d2ba46507f3, command=[]} | ret=SUCCESS |  
2019-09-10 13:02:46,612 | INFO  | SCMAudit | user=jenkins1000 | ip=192.168.5.153 | op=SEND_HEARTBEAT {datanodeUUID=80892ce7-83f5-4ca2-be8c-d0fb582c0dda, command=[]} | ret=SUCCESS |  
2019-09-10 13:02:46,886 | INFO  | SCMAudit | user=jenkins1000 | ip=192.168.5.153 | op=SEND_HEARTBEAT {datanodeUUID=4afd2ab1-ec40-4403-b668-2a355860e883, command=[]} | ret=SUCCESS |  
2019-09-10 13:02:47,096 | INFO  | SCMAudit | user=jenkins1000 | ip=192.168.5.153 | op=SEND_HEARTBEAT {datanodeUUID=98692575-908f-4c6f-b3d7-fc3119b7636a, command=[]} | ret=SUCCESS |  
2019-09-10 13:02:47,309 | INFO  | SCMAudit | user=jenkins1000 | ip=192.168.5.153 | op=SEND_HEARTBEAT {datanodeUUID=b87234b6-97b4-403b-b761-d13c1d3498ce, command=[]} | ret=SUCCESS |  
2019-09-10 13:02:47,480 | INFO  | SCMAudit | user=jenkins1000 | ip=192.168.5.153 | op=SEND_HEARTBEAT {datanodeUUID=51f7194d-0b6e-44ce-bfd4-93c34be99c19, command=[]} | ret=SUCCESS |  
2019-09-10 13:02:47,596 | INFO  | SCMAudit | user=jenkins1000 | ip=192.168.5.153 | op=SEND_HEARTBEAT {datanodeUUID=5133bb85-d112-43d0-b51c-6140e4ebc540, command=[]} | ret=SUCCESS |  
2019-09-10 13:02:47,597 | INFO  | SCMAudit | user=jenkins1000 | ip=192.168.5.153 | op=SEND_HEARTBEAT {datanodeUUID=677e3d93-3467-4860-9bf6-0d2ba46507f3, command=[]} | ret=SUCCESS |  
2019-09-10 13:02:47,612 | INFO  | SCMAudit | user=jenkins1000 | ip=192.168.5.153 | op=SEND_HEARTBEAT {datanodeUUID=80892ce7-83f5-4ca2-be8c-d0fb582c0dda, command=[]} | ret=SUCCESS |  
2019-09-10 13:02:47,886 | INFO  | SCMAudit | user=jenkins1000 | ip=192.168.5.153 | op=SEND_HEARTBEAT {datanodeUUID=4afd2ab1-ec40-4403-b668-2a355860e883, command=[]} | ret=SUCCESS |  
2019-09-10 13:02:48,097 | INFO  | SCMAudit | user=jenkins1000 | ip=192.168.5.153 | op=SEND_HEARTBEAT {datanodeUUID=98692575-908f-4c6f-b3d7-fc3119b7636a, command=[]} | ret=SUCCESS |  
2019-09-10 13:02:48,310 | INFO  | SCMAudit | user=jenkins1000 | ip=192.168.5.153 | op=SEND_HEARTBEAT {datanodeUUID=b87234b6-97b4-403b-b761-d13c1d3498ce, command=[]} | ret=SUCCESS |  
2019-09-10 13:02:48,480 | INFO  | SCMAudit | user=jenkins1000 | ip=192.168.5.153 | op=SEND_HEARTBEAT {datanodeUUID=51f7194d-0b6e-44ce-bfd4-93c34be99c19, command=[]} | ret=SUCCESS |  
2019-09-10 13:02:48,596 | INFO  | SCMAudit | user=jenkins1000 | ip=192.168.5.153 | op=SEND_HEARTBEAT {datanodeUUID=5133bb85-d112-43d0-b51c-6140e4ebc540, command=[]} | ret=SUCCESS |  
2019-09-10 13:02:48,597 | INFO  | SCMAudit | user=jenkins1000 | ip=192.168.5.153 | op=SEND_HEARTBEAT {datanodeUUID=677e3d93-3467-4860-9bf6-0d2ba46507f3, command=[]} | ret=SUCCESS |  
2019-09-10 13:02:48,612 | INFO  | SCMAudit | user=jenkins1000 | ip=192.168.5.153 | op=SEND_HEARTBEAT {datanodeUUID=80892ce7-83f5-4ca2-be8c-d0fb582c0dda, command=[]} | ret=SUCCESS |  
2019-09-10 13:02:48,886 | INFO  | SCMAudit | user=jenkins1000 | ip=192.168.5.153 | op=SEND_HEARTBEAT {datanodeUUID=4afd2ab1-ec40-4403-b668-2a355860e883, command=[]} | ret=SUCCESS |  
2019-09-10 13:02:49,096 | INFO  | SCMAudit | user=jenkins1000 | ip=192.168.5.153 | op=SEND_HEARTBEAT {datanodeUUID=98692575-908f-4c6f-b3d7-fc3119b7636a, command=[]} | ret=SUCCESS |  
2019-09-10 13:02:49,309 | INFO  | SCMAudit | user=jenkins1000 | ip=192.168.5.153 | op=SEND_HEARTBEAT {datanodeUUID=b87234b6-97b4-403b-b761-d13c1d3498ce, command=[]} | ret=SUCCESS |  
2019-09-10 13:02:49,480 | INFO  | SCMAudit | user=jenkins1000 | ip=192.168.5.153 | op=SEND_HEARTBEAT {datanodeUUID=51f7194d-0b6e-44ce-bfd4-93c34be99c19, command=[]} | ret=SUCCESS |  
2019-09-10 13:02:49,596 | INFO  | SCMAudit | user=jenkins1000 | ip=192.168.5.153 | op=SEND_HEARTBEAT {datanodeUUID=5133bb85-d112-43d0-b51c-6140e4ebc540, command=[]} | ret=SUCCESS |  
2019-09-10 13:02:49,597 | INFO  | SCMAudit | user=jenkins1000 | ip=192.168.5.153 | op=SEND_HEARTBEAT {datanodeUUID=677e3d93-3467-4860-9bf6-0d2ba46507f3, command=[]} | ret=SUCCESS |  
2019-09-10 13:02:49,612 | INFO  | SCMAudit | user=jenkins1000 | ip=192.168.5.153 | op=SEND_HEARTBEAT {datanodeUUID=80892ce7-83f5-4ca2-be8c-d0fb582c0dda, command=[]} | ret=SUCCESS |  
2019-09-10 13:02:49,886 | INFO  | SCMAudit | user=jenkins1000 | ip=192.168.5.153 | op=SEND_HEARTBEAT {datanodeUUID=4afd2ab1-ec40-4403-b668-2a355860e883, command=[]} | ret=SUCCESS |  
2019-09-10 13:02:50,097 | INFO  | SCMAudit | user=jenkins1000 | ip=192.168.5.153 | op=SEND_HEARTBEAT {datanodeUUID=98692575-908f-4c6f-b3d7-fc3119b7636a, command=[]} | ret=SUCCESS |  
2019-09-10 13:02:50,309 | INFO  | SCMAudit | user=jenkins1000 | ip=192.168.5.153 | op=SEND_HEARTBEAT {datanodeUUID=b87234b6-97b4-403b-b761-d13c1d3498ce, command=[]} | ret=SUCCESS |  
2019-09-10 13:02:50,480 | INFO  | SCMAudit | user=jenkins1000 | ip=192.168.5.153 | op=SEND_HEARTBEAT {datanodeUUID=51f7194d-0b6e-44ce-bfd4-93c34be99c19, command=[]} | ret=SUCCESS |  
2019-09-10 13:02:50,596 | INFO  | SCMAudit | user=jenkins1000 | ip=192.168.5.153 | op=SEND_HEARTBEAT {datanodeUUID=5133bb85-d112-43d0-b51c-6140e4ebc540, command=[]} | ret=SUCCESS |  
2019-09-10 13:02:50,597 | INFO  | SCMAudit | user=jenkins1000 | ip=192.168.5.153 | op=SEND_HEARTBEAT {datanodeUUID=677e3d93-3467-4860-9bf6-0d2ba46507f3, command=[]} | ret=SUCCESS |  
2019-09-10 13:02:50,612 | INFO  | SCMAudit | user=jenkins1000 | ip=192.168.5.153 | op=SEND_HEARTBEAT {datanodeUUID=80892ce7-83f5-4ca2-be8c-d0fb582c0dda, command=[]} | ret=SUCCESS |  
2019-09-10 13:02:50,886 | INFO  | SCMAudit | user=jenkins1000 | ip=192.168.5.153 | op=SEND_HEARTBEAT {datanodeUUID=4afd2ab1-ec40-4403-b668-2a355860e883, command=[]} | ret=SUCCESS |  
2019-09-10 13:02:51,028 [grpc-default-executor-6] INFO  client.GrpcClientProtocolClient (GrpcClientProtocolClient.java:onNext(255)) - client-1AEBD7C46593->5133bb85-d112-43d0-b51c-6140e4ebc540: receive RaftClientReply:client-1AEBD7C46593->5133bb85-d112-43d0-b51c-6140e4ebc540@group-59B8B6051EC0, cid=45, FAILED org.apache.ratis.protocol.NotLeaderException: Server 5133bb85-d112-43d0-b51c-6140e4ebc540 is not the leader (677e3d93-3467-4860-9bf6-0d2ba46507f3:192.168.5.153:41781). Request must be sent to leader., logIndex=0, commits[5133bb85-d112-43d0-b51c-6140e4ebc540:c8, 80892ce7-83f5-4ca2-be8c-d0fb582c0dda:c8, 677e3d93-3467-4860-9bf6-0d2ba46507f3:c8]
2019-09-10 13:02:51,097 | INFO  | SCMAudit | user=jenkins1000 | ip=192.168.5.153 | op=SEND_HEARTBEAT {datanodeUUID=98692575-908f-4c6f-b3d7-fc3119b7636a, command=[]} | ret=SUCCESS |  
2019-09-10 13:02:51,309 | INFO  | SCMAudit | user=jenkins1000 | ip=192.168.5.153 | op=SEND_HEARTBEAT {datanodeUUID=b87234b6-97b4-403b-b761-d13c1d3498ce, command=[]} | ret=SUCCESS |  
2019-09-10 13:02:51,481 | INFO  | SCMAudit | user=jenkins1000 | ip=192.168.5.153 | op=SEND_HEARTBEAT {datanodeUUID=51f7194d-0b6e-44ce-bfd4-93c34be99c19, command=[]} | ret=SUCCESS |  
2019-09-10 13:02:51,597 | INFO  | SCMAudit | user=jenkins1000 | ip=192.168.5.153 | op=SEND_HEARTBEAT {datanodeUUID=5133bb85-d112-43d0-b51c-6140e4ebc540, command=[]} | ret=SUCCESS |  
2019-09-10 13:02:51,597 | INFO  | SCMAudit | user=jenkins1000 | ip=192.168.5.153 | op=SEND_HEARTBEAT {datanodeUUID=677e3d93-3467-4860-9bf6-0d2ba46507f3, command=[]} | ret=SUCCESS |  
2019-09-10 13:02:51,612 | INFO  | SCMAudit | user=jenkins1000 | ip=192.168.5.153 | op=SEND_HEARTBEAT {datanodeUUID=80892ce7-83f5-4ca2-be8c-d0fb582c0dda, command=[]} | ret=SUCCESS |  
2019-09-10 13:02:51,886 | INFO  | SCMAudit | user=jenkins1000 | ip=192.168.5.153 | op=SEND_HEARTBEAT {datanodeUUID=4afd2ab1-ec40-4403-b668-2a355860e883, command=[]} | ret=SUCCESS |  
2019-09-10 13:02:52,097 | INFO  | SCMAudit | user=jenkins1000 | ip=192.168.5.153 | op=SEND_HEARTBEAT {datanodeUUID=98692575-908f-4c6f-b3d7-fc3119b7636a, command=[]} | ret=SUCCESS |  
2019-09-10 13:02:52,310 | INFO  | SCMAudit | user=jenkins1000 | ip=192.168.5.153 | op=SEND_HEARTBEAT {datanodeUUID=b87234b6-97b4-403b-b761-d13c1d3498ce, command=[]} | ret=SUCCESS |  
2019-09-10 13:02:52,481 | INFO  | SCMAudit | user=jenkins1000 | ip=192.168.5.153 | op=SEND_HEARTBEAT {datanodeUUID=51f7194d-0b6e-44ce-bfd4-93c34be99c19, command=[]} | ret=SUCCESS |  
2019-09-10 13:02:52,597 | INFO  | SCMAudit | user=jenkins1000 | ip=192.168.5.153 | op=SEND_HEARTBEAT {datanodeUUID=5133bb85-d112-43d0-b51c-6140e4ebc540, command=[]} | ret=SUCCESS |  
2019-09-10 13:02:52,597 | INFO  | SCMAudit | user=jenkins1000 | ip=192.168.5.153 | op=SEND_HEARTBEAT {datanodeUUID=677e3d93-3467-4860-9bf6-0d2ba46507f3, command=[]} | ret=SUCCESS |  
2019-09-10 13:02:52,612 | INFO  | SCMAudit | user=jenkins1000 | ip=192.168.5.153 | op=SEND_HEARTBEAT {datanodeUUID=80892ce7-83f5-4ca2-be8c-d0fb582c0dda, command=[]} | ret=SUCCESS |  
2019-09-10 13:02:52,886 | INFO  | SCMAudit | user=jenkins1000 | ip=192.168.5.153 | op=SEND_HEARTBEAT {datanodeUUID=4afd2ab1-ec40-4403-b668-2a355860e883, command=[]} | ret=SUCCESS |  
2019-09-10 13:02:53,097 | INFO  | SCMAudit | user=jenkins1000 | ip=192.168.5.153 | op=SEND_HEARTBEAT {datanodeUUID=98692575-908f-4c6f-b3d7-fc3119b7636a, command=[]} | ret=SUCCESS |  
2019-09-10 13:02:53,309 | INFO  | SCMAudit | user=jenkins1000 | ip=192.168.5.153 | op=SEND_HEARTBEAT {datanodeUUID=b87234b6-97b4-403b-b761-d13c1d3498ce, command=[]} | ret=SUCCESS |  
2019-09-10 13:02:53,481 | INFO  | SCMAudit | user=jenkins1000 | ip=192.168.5.153 | op=SEND_HEARTBEAT {datanodeUUID=51f7194d-0b6e-44ce-bfd4-93c34be99c19, command=[]} | ret=SUCCESS |  
2019-09-10 13:02:53,597 | INFO  | SCMAudit | user=jenkins1000 | ip=192.168.5.153 | op=SEND_HEARTBEAT {datanodeUUID=5133bb85-d112-43d0-b51c-6140e4ebc540, command=[]} | ret=SUCCESS |  
2019-09-10 13:02:53,597 | INFO  | SCMAudit | user=jenkins1000 | ip=192.168.5.153 | op=SEND_HEARTBEAT {datanodeUUID=677e3d93-3467-4860-9bf6-0d2ba46507f3, command=[]} | ret=SUCCESS |  
2019-09-10 13:02:53,611 | INFO  | SCMAudit | user=jenkins1000 | ip=192.168.5.153 | op=SEND_HEARTBEAT {datanodeUUID=80892ce7-83f5-4ca2-be8c-d0fb582c0dda, command=[]} | ret=SUCCESS |  
2019-09-10 13:02:53,886 | INFO  | SCMAudit | user=jenkins1000 | ip=192.168.5.153 | op=SEND_HEARTBEAT {datanodeUUID=4afd2ab1-ec40-4403-b668-2a355860e883, command=[]} | ret=SUCCESS |  
2019-09-10 13:02:54,097 | INFO  | SCMAudit | user=jenkins1000 | ip=192.168.5.153 | op=SEND_HEARTBEAT {datanodeUUID=98692575-908f-4c6f-b3d7-fc3119b7636a, command=[]} | ret=SUCCESS |  
2019-09-10 13:02:54,309 | INFO  | SCMAudit | user=jenkins1000 | ip=192.168.5.153 | op=SEND_HEARTBEAT {datanodeUUID=b87234b6-97b4-403b-b761-d13c1d3498ce, command=[]} | ret=SUCCESS |  
2019-09-10 13:02:54,481 | INFO  | SCMAudit | user=jenkins1000 | ip=192.168.5.153 | op=SEND_HEARTBEAT {datanodeUUID=51f7194d-0b6e-44ce-bfd4-93c34be99c19, command=[]} | ret=SUCCESS |  
2019-09-10 13:02:54,597 | INFO  | SCMAudit | user=jenkins1000 | ip=192.168.5.153 | op=SEND_HEARTBEAT {datanodeUUID=5133bb85-d112-43d0-b51c-6140e4ebc540, command=[]} | ret=SUCCESS |  
2019-09-10 13:02:54,597 | INFO  | SCMAudit | user=jenkins1000 | ip=192.168.5.153 | op=SEND_HEARTBEAT {datanodeUUID=677e3d93-3467-4860-9bf6-0d2ba46507f3, command=[]} | ret=SUCCESS |  
2019-09-10 13:02:54,611 | INFO  | SCMAudit | user=jenkins1000 | ip=192.168.5.153 | op=SEND_HEARTBEAT {datanodeUUID=80892ce7-83f5-4ca2-be8c-d0fb582c0dda, command=[]} | ret=SUCCESS |  
2019-09-10 13:02:54,886 | INFO  | SCMAudit | user=jenkins1000 | ip=192.168.5.153 | op=SEND_HEARTBEAT {datanodeUUID=4afd2ab1-ec40-4403-b668-2a355860e883, command=[]} | ret=SUCCESS |  
2019-09-10 13:02:55,097 | INFO  | SCMAudit | user=jenkins1000 | ip=192.168.5.153 | op=SEND_HEARTBEAT {datanodeUUID=98692575-908f-4c6f-b3d7-fc3119b7636a, command=[]} | ret=SUCCESS |  
2019-09-10 13:02:55,309 | INFO  | SCMAudit | user=jenkins1000 | ip=192.168.5.153 | op=SEND_HEARTBEAT {datanodeUUID=b87234b6-97b4-403b-b761-d13c1d3498ce, command=[]} | ret=SUCCESS |  
2019-09-10 13:02:55,481 | INFO  | SCMAudit | user=jenkins1000 | ip=192.168.5.153 | op=SEND_HEARTBEAT {datanodeUUID=51f7194d-0b6e-44ce-bfd4-93c34be99c19, command=[]} | ret=SUCCESS |  
2019-09-10 13:02:55,597 | INFO  | SCMAudit | user=jenkins1000 | ip=192.168.5.153 | op=SEND_HEARTBEAT {datanodeUUID=5133bb85-d112-43d0-b51c-6140e4ebc540, command=[]} | ret=SUCCESS |  
2019-09-10 13:02:55,597 | INFO  | SCMAudit | user=jenkins1000 | ip=192.168.5.153 | op=SEND_HEARTBEAT {datanodeUUID=677e3d93-3467-4860-9bf6-0d2ba46507f3, command=[]} | ret=SUCCESS |  
2019-09-10 13:02:55,612 | INFO  | SCMAudit | user=jenkins1000 | ip=192.168.5.153 | op=SEND_HEARTBEAT {datanodeUUID=80892ce7-83f5-4ca2-be8c-d0fb582c0dda, command=[]} | ret=SUCCESS |  
2019-09-10 13:02:55,886 | INFO  | SCMAudit | user=jenkins1000 | ip=192.168.5.153 | op=SEND_HEARTBEAT {datanodeUUID=4afd2ab1-ec40-4403-b668-2a355860e883, command=[]} | ret=SUCCESS |  
2019-09-10 13:02:56,082 [grpc-default-executor-0] INFO  client.GrpcClientProtocolClient (GrpcClientProtocolClient.java:onNext(255)) - client-1AEBD7C46593->80892ce7-83f5-4ca2-be8c-d0fb582c0dda: receive RaftClientReply:client-1AEBD7C46593->80892ce7-83f5-4ca2-be8c-d0fb582c0dda@group-59B8B6051EC0, cid=45, FAILED org.apache.ratis.protocol.NotLeaderException: Server 80892ce7-83f5-4ca2-be8c-d0fb582c0dda is not the leader (677e3d93-3467-4860-9bf6-0d2ba46507f3:192.168.5.153:41781). Request must be sent to leader., logIndex=0, commits[80892ce7-83f5-4ca2-be8c-d0fb582c0dda:c8, 677e3d93-3467-4860-9bf6-0d2ba46507f3:c8, 5133bb85-d112-43d0-b51c-6140e4ebc540:c8]
2019-09-10 13:02:56,097 | INFO  | SCMAudit | user=jenkins1000 | ip=192.168.5.153 | op=SEND_HEARTBEAT {datanodeUUID=98692575-908f-4c6f-b3d7-fc3119b7636a, command=[]} | ret=SUCCESS |  
2019-09-10 13:02:56,309 | INFO  | SCMAudit | user=jenkins1000 | ip=192.168.5.153 | op=SEND_HEARTBEAT {datanodeUUID=b87234b6-97b4-403b-b761-d13c1d3498ce, command=[]} | ret=SUCCESS |  
2019-09-10 13:02:56,482 | INFO  | SCMAudit | user=jenkins1000 | ip=192.168.5.153 | op=SEND_HEARTBEAT {datanodeUUID=51f7194d-0b6e-44ce-bfd4-93c34be99c19, command=[]} | ret=SUCCESS |  
2019-09-10 13:02:56,597 | INFO  | SCMAudit | user=jenkins1000 | ip=192.168.5.153 | op=SEND_HEARTBEAT {datanodeUUID=677e3d93-3467-4860-9bf6-0d2ba46507f3, command=[]} | ret=SUCCESS |  
2019-09-10 13:02:56,598 | INFO  | SCMAudit | user=jenkins1000 | ip=192.168.5.153 | op=SEND_HEARTBEAT {datanodeUUID=5133bb85-d112-43d0-b51c-6140e4ebc540, command=[]} | ret=SUCCESS |  
2019-09-10 13:02:56,611 | INFO  | SCMAudit | user=jenkins1000 | ip=192.168.5.153 | op=SEND_HEARTBEAT {datanodeUUID=80892ce7-83f5-4ca2-be8c-d0fb582c0dda, command=[]} | ret=SUCCESS |  
2019-09-10 13:02:56,886 | INFO  | SCMAudit | user=jenkins1000 | ip=192.168.5.153 | op=SEND_HEARTBEAT {datanodeUUID=4afd2ab1-ec40-4403-b668-2a355860e883, command=[]} | ret=SUCCESS |  
2019-09-10 13:02:57,097 | INFO  | SCMAudit | user=jenkins1000 | ip=192.168.5.153 | op=SEND_HEARTBEAT {datanodeUUID=98692575-908f-4c6f-b3d7-fc3119b7636a, command=[]} | ret=SUCCESS |  
2019-09-10 13:02:57,309 | INFO  | SCMAudit | user=jenkins1000 | ip=192.168.5.153 | op=SEND_HEARTBEAT {datanodeUUID=b87234b6-97b4-403b-b761-d13c1d3498ce, command=[]} | ret=SUCCESS |  
2019-09-10 13:02:57,481 | INFO  | SCMAudit | user=jenkins1000 | ip=192.168.5.153 | op=SEND_HEARTBEAT {datanodeUUID=51f7194d-0b6e-44ce-bfd4-93c34be99c19, command=[]} | ret=SUCCESS |  
2019-09-10 13:02:57,597 | INFO  | SCMAudit | user=jenkins1000 | ip=192.168.5.153 | op=SEND_HEARTBEAT {datanodeUUID=5133bb85-d112-43d0-b51c-6140e4ebc540, command=[]} | ret=SUCCESS |  
2019-09-10 13:02:57,597 | INFO  | SCMAudit | user=jenkins1000 | ip=192.168.5.153 | op=SEND_HEARTBEAT {datanodeUUID=677e3d93-3467-4860-9bf6-0d2ba46507f3, command=[]} | ret=SUCCESS |  
2019-09-10 13:02:57,612 | INFO  | SCMAudit | user=jenkins1000 | ip=192.168.5.153 | op=SEND_HEARTBEAT {datanodeUUID=80892ce7-83f5-4ca2-be8c-d0fb582c0dda, command=[]} | ret=SUCCESS |  
2019-09-10 13:02:57,886 | INFO  | SCMAudit | user=jenkins1000 | ip=192.168.5.153 | op=SEND_HEARTBEAT {datanodeUUID=4afd2ab1-ec40-4403-b668-2a355860e883, command=[]} | ret=SUCCESS |  
2019-09-10 13:02:58,097 | INFO  | SCMAudit | user=jenkins1000 | ip=192.168.5.153 | op=SEND_HEARTBEAT {datanodeUUID=98692575-908f-4c6f-b3d7-fc3119b7636a, command=[]} | ret=SUCCESS |  
2019-09-10 13:02:58,309 | INFO  | SCMAudit | user=jenkins1000 | ip=192.168.5.153 | op=SEND_HEARTBEAT {datanodeUUID=b87234b6-97b4-403b-b761-d13c1d3498ce, command=[]} | ret=SUCCESS |  
2019-09-10 13:02:58,481 | INFO  | SCMAudit | user=jenkins1000 | ip=192.168.5.153 | op=SEND_HEARTBEAT {datanodeUUID=51f7194d-0b6e-44ce-bfd4-93c34be99c19, command=[]} | ret=SUCCESS |  
2019-09-10 13:02:58,597 | INFO  | SCMAudit | user=jenkins1000 | ip=192.168.5.153 | op=SEND_HEARTBEAT {datanodeUUID=5133bb85-d112-43d0-b51c-6140e4ebc540, command=[]} | ret=SUCCESS |  
2019-09-10 13:02:58,598 | INFO  | SCMAudit | user=jenkins1000 | ip=192.168.5.153 | op=SEND_HEARTBEAT {datanodeUUID=677e3d93-3467-4860-9bf6-0d2ba46507f3, command=[]} | ret=SUCCESS |  
2019-09-10 13:02:58,612 | INFO  | SCMAudit | user=jenkins1000 | ip=192.168.5.153 | op=SEND_HEARTBEAT {datanodeUUID=80892ce7-83f5-4ca2-be8c-d0fb582c0dda, command=[]} | ret=SUCCESS |  
2019-09-10 13:02:58,886 | INFO  | SCMAudit | user=jenkins1000 | ip=192.168.5.153 | op=SEND_HEARTBEAT {datanodeUUID=4afd2ab1-ec40-4403-b668-2a355860e883, command=[]} | ret=SUCCESS |  
2019-09-10 13:02:59,098 | INFO  | SCMAudit | user=jenkins1000 | ip=192.168.5.153 | op=SEND_HEARTBEAT {datanodeUUID=98692575-908f-4c6f-b3d7-fc3119b7636a, command=[]} | ret=SUCCESS |  
2019-09-10 13:02:59,309 | INFO  | SCMAudit | user=jenkins1000 | ip=192.168.5.153 | op=SEND_HEARTBEAT {datanodeUUID=b87234b6-97b4-403b-b761-d13c1d3498ce, command=[]} | ret=SUCCESS |  
2019-09-10 13:02:59,481 | INFO  | SCMAudit | user=jenkins1000 | ip=192.168.5.153 | op=SEND_HEARTBEAT {datanodeUUID=51f7194d-0b6e-44ce-bfd4-93c34be99c19, command=[]} | ret=SUCCESS |  
2019-09-10 13:02:59,597 | INFO  | SCMAudit | user=jenkins1000 | ip=192.168.5.153 | op=SEND_HEARTBEAT {datanodeUUID=5133bb85-d112-43d0-b51c-6140e4ebc540, command=[]} | ret=SUCCESS |  
2019-09-10 13:02:59,599 | INFO  | SCMAudit | user=jenkins1000 | ip=192.168.5.153 | op=SEND_HEARTBEAT {datanodeUUID=677e3d93-3467-4860-9bf6-0d2ba46507f3, command=[]} | ret=SUCCESS |  
2019-09-10 13:02:59,611 | INFO  | SCMAudit | user=jenkins1000 | ip=192.168.5.153 | op=SEND_HEARTBEAT {datanodeUUID=80892ce7-83f5-4ca2-be8c-d0fb582c0dda, command=[]} | ret=SUCCESS |  
2019-09-10 13:02:59,886 | INFO  | SCMAudit | user=jenkins1000 | ip=192.168.5.153 | op=SEND_HEARTBEAT {datanodeUUID=4afd2ab1-ec40-4403-b668-2a355860e883, command=[]} | ret=SUCCESS |  
2019-09-10 13:03:00,101 | INFO  | SCMAudit | user=jenkins1000 | ip=192.168.5.153 | op=SEND_HEARTBEAT {datanodeUUID=98692575-908f-4c6f-b3d7-fc3119b7636a, command=[]} | ret=SUCCESS |  
2019-09-10 13:03:00,309 | INFO  | SCMAudit | user=jenkins1000 | ip=192.168.5.153 | op=SEND_HEARTBEAT {datanodeUUID=b87234b6-97b4-403b-b761-d13c1d3498ce, command=[]} | ret=SUCCESS |  
2019-09-10 13:03:00,481 | INFO  | SCMAudit | user=jenkins1000 | ip=192.168.5.153 | op=SEND_HEARTBEAT {datanodeUUID=51f7194d-0b6e-44ce-bfd4-93c34be99c19, command=[]} | ret=SUCCESS |  
2019-09-10 13:03:00,598 | INFO  | SCMAudit | user=jenkins1000 | ip=192.168.5.153 | op=SEND_HEARTBEAT {datanodeUUID=5133bb85-d112-43d0-b51c-6140e4ebc540, command=[]} | ret=SUCCESS |  
2019-09-10 13:03:00,599 | INFO  | SCMAudit | user=jenkins1000 | ip=192.168.5.153 | op=SEND_HEARTBEAT {datanodeUUID=677e3d93-3467-4860-9bf6-0d2ba46507f3, command=[]} | ret=SUCCESS |  
2019-09-10 13:03:00,612 | INFO  | SCMAudit | user=jenkins1000 | ip=192.168.5.153 | op=SEND_HEARTBEAT {datanodeUUID=80892ce7-83f5-4ca2-be8c-d0fb582c0dda, command=[]} | ret=SUCCESS |  
2019-09-10 13:03:00,886 | INFO  | SCMAudit | user=jenkins1000 | ip=192.168.5.153 | op=SEND_HEARTBEAT {datanodeUUID=4afd2ab1-ec40-4403-b668-2a355860e883, command=[]} | ret=SUCCESS |  
2019-09-10 13:03:01,099 | INFO  | SCMAudit | user=jenkins1000 | ip=192.168.5.153 | op=SEND_HEARTBEAT {datanodeUUID=98692575-908f-4c6f-b3d7-fc3119b7636a, command=[]} | ret=SUCCESS |  
2019-09-10 13:03:01,118 [grpc-default-executor-6] INFO  client.GrpcClientProtocolClient (GrpcClientProtocolClient.java:onNext(255)) - client-1AEBD7C46593->80892ce7-83f5-4ca2-be8c-d0fb582c0dda: receive RaftClientReply:client-1AEBD7C46593->80892ce7-83f5-4ca2-be8c-d0fb582c0dda@group-59B8B6051EC0, cid=45, FAILED org.apache.ratis.protocol.NotLeaderException: Server 80892ce7-83f5-4ca2-be8c-d0fb582c0dda is not the leader (677e3d93-3467-4860-9bf6-0d2ba46507f3:192.168.5.153:41781). Request must be sent to leader., logIndex=0, commits[80892ce7-83f5-4ca2-be8c-d0fb582c0dda:c8, 677e3d93-3467-4860-9bf6-0d2ba46507f3:c8, 5133bb85-d112-43d0-b51c-6140e4ebc540:c8]
2019-09-10 13:03:01,310 | INFO  | SCMAudit | user=jenkins1000 | ip=192.168.5.153 | op=SEND_HEARTBEAT {datanodeUUID=b87234b6-97b4-403b-b761-d13c1d3498ce, command=[]} | ret=SUCCESS |  
2019-09-10 13:03:01,481 | INFO  | SCMAudit | user=jenkins1000 | ip=192.168.5.153 | op=SEND_HEARTBEAT {datanodeUUID=51f7194d-0b6e-44ce-bfd4-93c34be99c19, command=[]} | ret=SUCCESS |  
2019-09-10 13:03:01,597 | INFO  | SCMAudit | user=jenkins1000 | ip=192.168.5.153 | op=SEND_HEARTBEAT {datanodeUUID=5133bb85-d112-43d0-b51c-6140e4ebc540, command=[]} | ret=SUCCESS |  
2019-09-10 13:03:01,599 | INFO  | SCMAudit | user=jenkins1000 | ip=192.168.5.153 | op=SEND_HEARTBEAT {datanodeUUID=677e3d93-3467-4860-9bf6-0d2ba46507f3, command=[]} | ret=SUCCESS |  
2019-09-10 13:03:01,612 | INFO  | SCMAudit | user=jenkins1000 | ip=192.168.5.153 | op=SEND_HEARTBEAT {datanodeUUID=80892ce7-83f5-4ca2-be8c-d0fb582c0dda, command=[]} | ret=SUCCESS |  
2019-09-10 13:03:01,886 | INFO  | SCMAudit | user=jenkins1000 | ip=192.168.5.153 | op=SEND_HEARTBEAT {datanodeUUID=4afd2ab1-ec40-4403-b668-2a355860e883, command=[]} | ret=SUCCESS |  
2019-09-10 13:03:02,099 | INFO  | SCMAudit | user=jenkins1000 | ip=192.168.5.153 | op=SEND_HEARTBEAT {datanodeUUID=98692575-908f-4c6f-b3d7-fc3119b7636a, command=[]} | ret=SUCCESS |  
2019-09-10 13:03:02,309 | INFO  | SCMAudit | user=jenkins1000 | ip=192.168.5.153 | op=SEND_HEARTBEAT {datanodeUUID=b87234b6-97b4-403b-b761-d13c1d3498ce, command=[]} | ret=SUCCESS |  
2019-09-10 13:03:02,481 | INFO  | SCMAudit | user=jenkins1000 | ip=192.168.5.153 | op=SEND_HEARTBEAT {datanodeUUID=51f7194d-0b6e-44ce-bfd4-93c34be99c19, command=[]} | ret=SUCCESS |  
2019-09-10 13:03:02,597 | INFO  | SCMAudit | user=jenkins1000 | ip=192.168.5.153 | op=SEND_HEARTBEAT {datanodeUUID=5133bb85-d112-43d0-b51c-6140e4ebc540, command=[]} | ret=SUCCESS |  
2019-09-10 13:03:02,599 | INFO  | SCMAudit | user=jenkins1000 | ip=192.168.5.153 | op=SEND_HEARTBEAT {datanodeUUID=677e3d93-3467-4860-9bf6-0d2ba46507f3, command=[]} | ret=SUCCESS |  
2019-09-10 13:03:02,612 | INFO  | SCMAudit | user=jenkins1000 | ip=192.168.5.153 | op=SEND_HEARTBEAT {datanodeUUID=80892ce7-83f5-4ca2-be8c-d0fb582c0dda, command=[]} | ret=SUCCESS |  
2019-09-10 13:03:02,886 | INFO  | SCMAudit | user=jenkins1000 | ip=192.168.5.153 | op=SEND_HEARTBEAT {datanodeUUID=4afd2ab1-ec40-4403-b668-2a355860e883, command=[]} | ret=SUCCESS |  
2019-09-10 13:03:03,099 | INFO  | SCMAudit | user=jenkins1000 | ip=192.168.5.153 | op=SEND_HEARTBEAT {datanodeUUID=98692575-908f-4c6f-b3d7-fc3119b7636a, command=[]} | ret=SUCCESS |  
2019-09-10 13:03:03,309 | INFO  | SCMAudit | user=jenkins1000 | ip=192.168.5.153 | op=SEND_HEARTBEAT {datanodeUUID=b87234b6-97b4-403b-b761-d13c1d3498ce, command=[]} | ret=SUCCESS |  
2019-09-10 13:03:03,482 | INFO  | SCMAudit | user=jenkins1000 | ip=192.168.5.153 | op=SEND_HEARTBEAT {datanodeUUID=51f7194d-0b6e-44ce-bfd4-93c34be99c19, command=[]} | ret=SUCCESS |  
2019-09-10 13:03:03,597 | INFO  | SCMAudit | user=jenkins1000 | ip=192.168.5.153 | op=SEND_HEARTBEAT {datanodeUUID=5133bb85-d112-43d0-b51c-6140e4ebc540, command=[]} | ret=SUCCESS |  
2019-09-10 13:03:03,599 | INFO  | SCMAudit | user=jenkins1000 | ip=192.168.5.153 | op=SEND_HEARTBEAT {datanodeUUID=677e3d93-3467-4860-9bf6-0d2ba46507f3, command=[]} | ret=SUCCESS |  
2019-09-10 13:03:03,612 | INFO  | SCMAudit | user=jenkins1000 | ip=192.168.5.153 | op=SEND_HEARTBEAT {datanodeUUID=80892ce7-83f5-4ca2-be8c-d0fb582c0dda, command=[]} | ret=SUCCESS |  
2019-09-10 13:03:03,886 | INFO  | SCMAudit | user=jenkins1000 | ip=192.168.5.153 | op=SEND_HEARTBEAT {datanodeUUID=4afd2ab1-ec40-4403-b668-2a355860e883, command=[]} | ret=SUCCESS |  
2019-09-10 13:03:04,099 | INFO  | SCMAudit | user=jenkins1000 | ip=192.168.5.153 | op=SEND_HEARTBEAT {datanodeUUID=98692575-908f-4c6f-b3d7-fc3119b7636a, command=[]} | ret=SUCCESS |  
2019-09-10 13:03:04,309 | INFO  | SCMAudit | user=jenkins1000 | ip=192.168.5.153 | op=SEND_HEARTBEAT {datanodeUUID=b87234b6-97b4-403b-b761-d13c1d3498ce, command=[]} | ret=SUCCESS |  
2019-09-10 13:03:04,481 | INFO  | SCMAudit | user=jenkins1000 | ip=192.168.5.153 | op=SEND_HEARTBEAT {datanodeUUID=51f7194d-0b6e-44ce-bfd4-93c34be99c19, command=[]} | ret=SUCCESS |  
2019-09-10 13:03:04,597 | INFO  | SCMAudit | user=jenkins1000 | ip=192.168.5.153 | op=SEND_HEARTBEAT {datanodeUUID=5133bb85-d112-43d0-b51c-6140e4ebc540, command=[]} | ret=SUCCESS |  
2019-09-10 13:03:04,599 | INFO  | SCMAudit | user=jenkins1000 | ip=192.168.5.153 | op=SEND_HEARTBEAT {datanodeUUID=677e3d93-3467-4860-9bf6-0d2ba46507f3, command=[]} | ret=SUCCESS |  
2019-09-10 13:03:04,612 | INFO  | SCMAudit | user=jenkins1000 | ip=192.168.5.153 | op=SEND_HEARTBEAT {datanodeUUID=80892ce7-83f5-4ca2-be8c-d0fb582c0dda, command=[]} | ret=SUCCESS |  
2019-09-10 13:03:04,886 | INFO  | SCMAudit | user=jenkins1000 | ip=192.168.5.153 | op=SEND_HEARTBEAT {datanodeUUID=4afd2ab1-ec40-4403-b668-2a355860e883, command=[]} | ret=SUCCESS |  
2019-09-10 13:03:05,099 | INFO  | SCMAudit | user=jenkins1000 | ip=192.168.5.153 | op=SEND_HEARTBEAT {datanodeUUID=98692575-908f-4c6f-b3d7-fc3119b7636a, command=[]} | ret=SUCCESS |  
2019-09-10 13:03:05,309 | INFO  | SCMAudit | user=jenkins1000 | ip=192.168.5.153 | op=SEND_HEARTBEAT {datanodeUUID=b87234b6-97b4-403b-b761-d13c1d3498ce, command=[]} | ret=SUCCESS |  
2019-09-10 13:03:05,481 | INFO  | SCMAudit | user=jenkins1000 | ip=192.168.5.153 | op=SEND_HEARTBEAT {datanodeUUID=51f7194d-0b6e-44ce-bfd4-93c34be99c19, command=[]} | ret=SUCCESS |  
2019-09-10 13:03:05,598 | INFO  | SCMAudit | user=jenkins1000 | ip=192.168.5.153 | op=SEND_HEARTBEAT {datanodeUUID=5133bb85-d112-43d0-b51c-6140e4ebc540, command=[]} | ret=SUCCESS |  
2019-09-10 13:03:05,599 | INFO  | SCMAudit | user=jenkins1000 | ip=192.168.5.153 | op=SEND_HEARTBEAT {datanodeUUID=677e3d93-3467-4860-9bf6-0d2ba46507f3, command=[]} | ret=SUCCESS |  
2019-09-10 13:03:05,611 | INFO  | SCMAudit | user=jenkins1000 | ip=192.168.5.153 | op=SEND_HEARTBEAT {datanodeUUID=80892ce7-83f5-4ca2-be8c-d0fb582c0dda, command=[]} | ret=SUCCESS |  
2019-09-10 13:03:05,886 | INFO  | SCMAudit | user=jenkins1000 | ip=192.168.5.153 | op=SEND_HEARTBEAT {datanodeUUID=4afd2ab1-ec40-4403-b668-2a355860e883, command=[]} | ret=SUCCESS |  
2019-09-10 13:03:06,099 | INFO  | SCMAudit | user=jenkins1000 | ip=192.168.5.153 | op=SEND_HEARTBEAT {datanodeUUID=98692575-908f-4c6f-b3d7-fc3119b7636a, command=[]} | ret=SUCCESS |  
2019-09-10 13:03:06,149 [grpc-default-executor-6] INFO  client.GrpcClientProtocolClient (GrpcClientProtocolClient.java:onNext(255)) - client-1AEBD7C46593->5133bb85-d112-43d0-b51c-6140e4ebc540: receive RaftClientReply:client-1AEBD7C46593->5133bb85-d112-43d0-b51c-6140e4ebc540@group-59B8B6051EC0, cid=45, FAILED org.apache.ratis.protocol.NotLeaderException: Server 5133bb85-d112-43d0-b51c-6140e4ebc540 is not the leader (677e3d93-3467-4860-9bf6-0d2ba46507f3:192.168.5.153:41781). Request must be sent to leader., logIndex=0, commits[5133bb85-d112-43d0-b51c-6140e4ebc540:c8, 80892ce7-83f5-4ca2-be8c-d0fb582c0dda:c8, 677e3d93-3467-4860-9bf6-0d2ba46507f3:c8]
2019-09-10 13:03:06,309 | INFO  | SCMAudit | user=jenkins1000 | ip=192.168.5.153 | op=SEND_HEARTBEAT {datanodeUUID=b87234b6-97b4-403b-b761-d13c1d3498ce, command=[]} | ret=SUCCESS |  
2019-09-10 13:03:06,481 | INFO  | SCMAudit | user=jenkins1000 | ip=192.168.5.153 | op=SEND_HEARTBEAT {datanodeUUID=51f7194d-0b6e-44ce-bfd4-93c34be99c19, command=[]} | ret=SUCCESS |  
2019-09-10 13:03:06,597 | INFO  | SCMAudit | user=jenkins1000 | ip=192.168.5.153 | op=SEND_HEARTBEAT {datanodeUUID=5133bb85-d112-43d0-b51c-6140e4ebc540, command=[]} | ret=SUCCESS |  
2019-09-10 13:03:06,600 | INFO  | SCMAudit | user=jenkins1000 | ip=192.168.5.153 | op=SEND_HEARTBEAT {datanodeUUID=677e3d93-3467-4860-9bf6-0d2ba46507f3, command=[]} | ret=SUCCESS |  
2019-09-10 13:03:06,611 | INFO  | SCMAudit | user=jenkins1000 | ip=192.168.5.153 | op=SEND_HEARTBEAT {datanodeUUID=80892ce7-83f5-4ca2-be8c-d0fb582c0dda, command=[]} | ret=SUCCESS |  
2019-09-10 13:03:06,887 | INFO  | SCMAudit | user=jenkins1000 | ip=192.168.5.153 | op=SEND_HEARTBEAT {datanodeUUID=4afd2ab1-ec40-4403-b668-2a355860e883, command=[]} | ret=SUCCESS |  
2019-09-10 13:03:07,100 | INFO  | SCMAudit | user=jenkins1000 | ip=192.168.5.153 | op=SEND_HEARTBEAT {datanodeUUID=98692575-908f-4c6f-b3d7-fc3119b7636a, command=[]} | ret=SUCCESS |  
2019-09-10 13:03:07,309 | INFO  | SCMAudit | user=jenkins1000 | ip=192.168.5.153 | op=SEND_HEARTBEAT {datanodeUUID=b87234b6-97b4-403b-b761-d13c1d3498ce, command=[]} | ret=SUCCESS |  
2019-09-10 13:03:07,482 | INFO  | SCMAudit | user=jenkins1000 | ip=192.168.5.153 | op=SEND_HEARTBEAT {datanodeUUID=51f7194d-0b6e-44ce-bfd4-93c34be99c19, command=[]} | ret=SUCCESS |  
2019-09-10 13:03:07,597 | INFO  | SCMAudit | user=jenkins1000 | ip=192.168.5.153 | op=SEND_HEARTBEAT {datanodeUUID=5133bb85-d112-43d0-b51c-6140e4ebc540, command=[]} | ret=SUCCESS |  
2019-09-10 13:03:07,600 | INFO  | SCMAudit | user=jenkins1000 | ip=192.168.5.153 | op=SEND_HEARTBEAT {datanodeUUID=677e3d93-3467-4860-9bf6-0d2ba46507f3, command=[]} | ret=SUCCESS |  
2019-09-10 13:03:07,611 | INFO  | SCMAudit | user=jenkins1000 | ip=192.168.5.153 | op=SEND_HEARTBEAT {datanodeUUID=80892ce7-83f5-4ca2-be8c-d0fb582c0dda, command=[]} | ret=SUCCESS |  
2019-09-10 13:03:07,887 | INFO  | SCMAudit | user=jenkins1000 | ip=192.168.5.153 | op=SEND_HEARTBEAT {datanodeUUID=4afd2ab1-ec40-4403-b668-2a355860e883, command=[]} | ret=SUCCESS |  
2019-09-10 13:03:08,100 | INFO  | SCMAudit | user=jenkins1000 | ip=192.168.5.153 | op=SEND_HEARTBEAT {datanodeUUID=98692575-908f-4c6f-b3d7-fc3119b7636a, command=[]} | ret=SUCCESS |  
2019-09-10 13:03:08,309 | INFO  | SCMAudit | user=jenkins1000 | ip=192.168.5.153 | op=SEND_HEARTBEAT {datanodeUUID=b87234b6-97b4-403b-b761-d13c1d3498ce, command=[]} | ret=SUCCESS |  
2019-09-10 13:03:08,482 | INFO  | SCMAudit | user=jenkins1000 | ip=192.168.5.153 | op=SEND_HEARTBEAT {datanodeUUID=51f7194d-0b6e-44ce-bfd4-93c34be99c19, command=[]} | ret=SUCCESS |  
2019-09-10 13:03:08,597 | INFO  | SCMAudit | user=jenkins1000 | ip=192.168.5.153 | op=SEND_HEARTBEAT {datanodeUUID=5133bb85-d112-43d0-b51c-6140e4ebc540, command=[]} | ret=SUCCESS |  
2019-09-10 13:03:08,600 | INFO  | SCMAudit | user=jenkins1000 | ip=192.168.5.153 | op=SEND_HEARTBEAT {datanodeUUID=677e3d93-3467-4860-9bf6-0d2ba46507f3, command=[]} | ret=SUCCESS |  
2019-09-10 13:03:08,611 | INFO  | SCMAudit | user=jenkins1000 | ip=192.168.5.153 | op=SEND_HEARTBEAT {datanodeUUID=80892ce7-83f5-4ca2-be8c-d0fb582c0dda, command=[]} | ret=SUCCESS |  
2019-09-10 13:03:08,887 | INFO  | SCMAudit | user=jenkins1000 | ip=192.168.5.153 | op=SEND_HEARTBEAT {datanodeUUID=4afd2ab1-ec40-4403-b668-2a355860e883, command=[]} | ret=SUCCESS |  
2019-09-10 13:03:09,101 | INFO  | SCMAudit | user=jenkins1000 | ip=192.168.5.153 | op=SEND_HEARTBEAT {datanodeUUID=98692575-908f-4c6f-b3d7-fc3119b7636a, command=[]} | ret=SUCCESS |  
2019-09-10 13:03:09,309 | INFO  | SCMAudit | user=jenkins1000 | ip=192.168.5.153 | op=SEND_HEARTBEAT {datanodeUUID=b87234b6-97b4-403b-b761-d13c1d3498ce, command=[]} | ret=SUCCESS |  
2019-09-10 13:03:09,482 | INFO  | SCMAudit | user=jenkins1000 | ip=192.168.5.153 | op=SEND_HEARTBEAT {datanodeUUID=51f7194d-0b6e-44ce-bfd4-93c34be99c19, command=[]} | ret=SUCCESS |  
2019-09-10 13:03:09,597 | INFO  | SCMAudit | user=jenkins1000 | ip=192.168.5.153 | op=SEND_HEARTBEAT {datanodeUUID=5133bb85-d112-43d0-b51c-6140e4ebc540, command=[]} | ret=SUCCESS |  
2019-09-10 13:03:09,599 | INFO  | SCMAudit | user=jenkins1000 | ip=192.168.5.153 | op=SEND_HEARTBEAT {datanodeUUID=677e3d93-3467-4860-9bf6-0d2ba46507f3, command=[]} | ret=SUCCESS |  
2019-09-10 13:03:09,611 | INFO  | SCMAudit | user=jenkins1000 | ip=192.168.5.153 | op=SEND_HEARTBEAT {datanodeUUID=80892ce7-83f5-4ca2-be8c-d0fb582c0dda, command=[]} | ret=SUCCESS |  
2019-09-10 13:03:09,887 | INFO  | SCMAudit | user=jenkins1000 | ip=192.168.5.153 | op=SEND_HEARTBEAT {datanodeUUID=4afd2ab1-ec40-4403-b668-2a355860e883, command=[]} | ret=SUCCESS |  
2019-09-10 13:03:10,101 | INFO  | SCMAudit | user=jenkins1000 | ip=192.168.5.153 | op=SEND_HEARTBEAT {datanodeUUID=98692575-908f-4c6f-b3d7-fc3119b7636a, command=[]} | ret=SUCCESS |  
2019-09-10 13:03:10,310 | INFO  | SCMAudit | user=jenkins1000 | ip=192.168.5.153 | op=SEND_HEARTBEAT {datanodeUUID=b87234b6-97b4-403b-b761-d13c1d3498ce, command=[]} | ret=SUCCESS |  
2019-09-10 13:03:10,482 | INFO  | SCMAudit | user=jenkins1000 | ip=192.168.5.153 | op=SEND_HEARTBEAT {datanodeUUID=51f7194d-0b6e-44ce-bfd4-93c34be99c19, command=[]} | ret=SUCCESS |  
2019-09-10 13:03:10,597 | INFO  | SCMAudit | user=jenkins1000 | ip=192.168.5.153 | op=SEND_HEARTBEAT {datanodeUUID=5133bb85-d112-43d0-b51c-6140e4ebc540, command=[]} | ret=SUCCESS |  
2019-09-10 13:03:10,600 | INFO  | SCMAudit | user=jenkins1000 | ip=192.168.5.153 | op=SEND_HEARTBEAT {datanodeUUID=677e3d93-3467-4860-9bf6-0d2ba46507f3, command=[]} | ret=SUCCESS |  
2019-09-10 13:03:10,612 | INFO  | SCMAudit | user=jenkins1000 | ip=192.168.5.153 | op=SEND_HEARTBEAT {datanodeUUID=80892ce7-83f5-4ca2-be8c-d0fb582c0dda, command=[]} | ret=SUCCESS |  
2019-09-10 13:03:10,887 | INFO  | SCMAudit | user=jenkins1000 | ip=192.168.5.153 | op=SEND_HEARTBEAT {datanodeUUID=4afd2ab1-ec40-4403-b668-2a355860e883, command=[]} | ret=SUCCESS |  
2019-09-10 13:03:11,101 | INFO  | SCMAudit | user=jenkins1000 | ip=192.168.5.153 | op=SEND_HEARTBEAT {datanodeUUID=98692575-908f-4c6f-b3d7-fc3119b7636a, command=[]} | ret=SUCCESS |  
2019-09-10 13:03:11,183 [grpc-default-executor-0] INFO  client.GrpcClientProtocolClient (GrpcClientProtocolClient.java:onNext(255)) - client-1AEBD7C46593->80892ce7-83f5-4ca2-be8c-d0fb582c0dda: receive RaftClientReply:client-1AEBD7C46593->80892ce7-83f5-4ca2-be8c-d0fb582c0dda@group-59B8B6051EC0, cid=45, FAILED org.apache.ratis.protocol.NotLeaderException: Server 80892ce7-83f5-4ca2-be8c-d0fb582c0dda is not the leader (677e3d93-3467-4860-9bf6-0d2ba46507f3:192.168.5.153:41781). Request must be sent to leader., logIndex=0, commits[80892ce7-83f5-4ca2-be8c-d0fb582c0dda:c8, 677e3d93-3467-4860-9bf6-0d2ba46507f3:c8, 5133bb85-d112-43d0-b51c-6140e4ebc540:c8]
2019-09-10 13:03:11,311 | INFO  | SCMAudit | user=jenkins1000 | ip=192.168.5.153 | op=SEND_HEARTBEAT {datanodeUUID=b87234b6-97b4-403b-b761-d13c1d3498ce, command=[]} | ret=SUCCESS |  
2019-09-10 13:03:11,482 | INFO  | SCMAudit | user=jenkins1000 | ip=192.168.5.153 | op=SEND_HEARTBEAT {datanodeUUID=51f7194d-0b6e-44ce-bfd4-93c34be99c19, command=[]} | ret=SUCCESS |  
2019-09-10 13:03:11,597 | INFO  | SCMAudit | user=jenkins1000 | ip=192.168.5.153 | op=SEND_HEARTBEAT {datanodeUUID=5133bb85-d112-43d0-b51c-6140e4ebc540, command=[]} | ret=SUCCESS |  
2019-09-10 13:03:11,600 | INFO  | SCMAudit | user=jenkins1000 | ip=192.168.5.153 | op=SEND_HEARTBEAT {datanodeUUID=677e3d93-3467-4860-9bf6-0d2ba46507f3, command=[]} | ret=SUCCESS |  
2019-09-10 13:03:11,612 | INFO  | SCMAudit | user=jenkins1000 | ip=192.168.5.153 | op=SEND_HEARTBEAT {datanodeUUID=80892ce7-83f5-4ca2-be8c-d0fb582c0dda, command=[]} | ret=SUCCESS |  
2019-09-10 13:03:11,887 | INFO  | SCMAudit | user=jenkins1000 | ip=192.168.5.153 | op=SEND_HEARTBEAT {datanodeUUID=4afd2ab1-ec40-4403-b668-2a355860e883, command=[]} | ret=SUCCESS |  
2019-09-10 13:03:12,101 | INFO  | SCMAudit | user=jenkins1000 | ip=192.168.5.153 | op=SEND_HEARTBEAT {datanodeUUID=98692575-908f-4c6f-b3d7-fc3119b7636a, command=[]} | ret=SUCCESS |  
2019-09-10 13:03:12,311 | INFO  | SCMAudit | user=jenkins1000 | ip=192.168.5.153 | op=SEND_HEARTBEAT {datanodeUUID=b87234b6-97b4-403b-b761-d13c1d3498ce, command=[]} | ret=SUCCESS |  
2019-09-10 13:03:12,482 | INFO  | SCMAudit | user=jenkins1000 | ip=192.168.5.153 | op=SEND_HEARTBEAT {datanodeUUID=51f7194d-0b6e-44ce-bfd4-93c34be99c19, command=[]} | ret=SUCCESS |  
2019-09-10 13:03:12,597 | INFO  | SCMAudit | user=jenkins1000 | ip=192.168.5.153 | op=SEND_HEARTBEAT {datanodeUUID=5133bb85-d112-43d0-b51c-6140e4ebc540, command=[]} | ret=SUCCESS |  
2019-09-10 13:03:12,600 | INFO  | SCMAudit | user=jenkins1000 | ip=192.168.5.153 | op=SEND_HEARTBEAT {datanodeUUID=677e3d93-3467-4860-9bf6-0d2ba46507f3, command=[]} | ret=SUCCESS |  
2019-09-10 13:03:12,612 | INFO  | SCMAudit | user=jenkins1000 | ip=192.168.5.153 | op=SEND_HEARTBEAT {datanodeUUID=80892ce7-83f5-4ca2-be8c-d0fb582c0dda, command=[]} | ret=SUCCESS |  
2019-09-10 13:03:12,887 | INFO  | SCMAudit | user=jenkins1000 | ip=192.168.5.153 | op=SEND_HEARTBEAT {datanodeUUID=4afd2ab1-ec40-4403-b668-2a355860e883, command=[]} | ret=SUCCESS |  
2019-09-10 13:03:13,101 | INFO  | SCMAudit | user=jenkins1000 | ip=192.168.5.153 | op=SEND_HEARTBEAT {datanodeUUID=98692575-908f-4c6f-b3d7-fc3119b7636a, command=[]} | ret=SUCCESS |  
2019-09-10 13:03:13,311 | INFO  | SCMAudit | user=jenkins1000 | ip=192.168.5.153 | op=SEND_HEARTBEAT {datanodeUUID=b87234b6-97b4-403b-b761-d13c1d3498ce, command=[]} | ret=SUCCESS |  
2019-09-10 13:03:13,482 | INFO  | SCMAudit | user=jenkins1000 | ip=192.168.5.153 | op=SEND_HEARTBEAT {datanodeUUID=51f7194d-0b6e-44ce-bfd4-93c34be99c19, command=[]} | ret=SUCCESS |  
2019-09-10 13:03:13,597 | INFO  | SCMAudit | user=jenkins1000 | ip=192.168.5.153 | op=SEND_HEARTBEAT {datanodeUUID=5133bb85-d112-43d0-b51c-6140e4ebc540, command=[]} | ret=SUCCESS |  
2019-09-10 13:03:13,600 | INFO  | SCMAudit | user=jenkins1000 | ip=192.168.5.153 | op=SEND_HEARTBEAT {datanodeUUID=677e3d93-3467-4860-9bf6-0d2ba46507f3, command=[]} | ret=SUCCESS |  
2019-09-10 13:03:13,612 | INFO  | SCMAudit | user=jenkins1000 | ip=192.168.5.153 | op=SEND_HEARTBEAT {datanodeUUID=80892ce7-83f5-4ca2-be8c-d0fb582c0dda, command=[]} | ret=SUCCESS |  
2019-09-10 13:03:13,887 | INFO  | SCMAudit | user=jenkins1000 | ip=192.168.5.153 | op=SEND_HEARTBEAT {datanodeUUID=4afd2ab1-ec40-4403-b668-2a355860e883, command=[]} | ret=SUCCESS |  
2019-09-10 13:03:14,101 | INFO  | SCMAudit | user=jenkins1000 | ip=192.168.5.153 | op=SEND_HEARTBEAT {datanodeUUID=98692575-908f-4c6f-b3d7-fc3119b7636a, command=[]} | ret=SUCCESS |  
2019-09-10 13:03:14,311 | INFO  | SCMAudit | user=jenkins1000 | ip=192.168.5.153 | op=SEND_HEARTBEAT {datanodeUUID=b87234b6-97b4-403b-b761-d13c1d3498ce, command=[]} | ret=SUCCESS |  
2019-09-10 13:03:14,482 | INFO  | SCMAudit | user=jenkins1000 | ip=192.168.5.153 | op=SEND_HEARTBEAT {datanodeUUID=51f7194d-0b6e-44ce-bfd4-93c34be99c19, command=[]} | ret=SUCCESS |  
2019-09-10 13:03:14,597 | INFO  | SCMAudit | user=jenkins1000 | ip=192.168.5.153 | op=SEND_HEARTBEAT {datanodeUUID=5133bb85-d112-43d0-b51c-6140e4ebc540, command=[]} | ret=SUCCESS |  
2019-09-10 13:03:14,600 | INFO  | SCMAudit | user=jenkins1000 | ip=192.168.5.153 | op=SEND_HEARTBEAT {datanodeUUID=677e3d93-3467-4860-9bf6-0d2ba46507f3, command=[]} | ret=SUCCESS |  
2019-09-10 13:03:14,612 | INFO  | SCMAudit | user=jenkins1000 | ip=192.168.5.153 | op=SEND_HEARTBEAT {datanodeUUID=80892ce7-83f5-4ca2-be8c-d0fb582c0dda, command=[]} | ret=SUCCESS |  
2019-09-10 13:03:14,888 | INFO  | SCMAudit | user=jenkins1000 | ip=192.168.5.153 | op=SEND_HEARTBEAT {datanodeUUID=4afd2ab1-ec40-4403-b668-2a355860e883, command=[]} | ret=SUCCESS |  
2019-09-10 13:03:15,101 | INFO  | SCMAudit | user=jenkins1000 | ip=192.168.5.153 | op=SEND_HEARTBEAT {datanodeUUID=98692575-908f-4c6f-b3d7-fc3119b7636a, command=[]} | ret=SUCCESS |  
2019-09-10 13:03:15,311 | INFO  | SCMAudit | user=jenkins1000 | ip=192.168.5.153 | op=SEND_HEARTBEAT {datanodeUUID=b87234b6-97b4-403b-b761-d13c1d3498ce, command=[]} | ret=SUCCESS |  
2019-09-10 13:03:15,482 | INFO  | SCMAudit | user=jenkins1000 | ip=192.168.5.153 | op=SEND_HEARTBEAT {datanodeUUID=51f7194d-0b6e-44ce-bfd4-93c34be99c19, command=[]} | ret=SUCCESS |  
2019-09-10 13:03:15,597 | INFO  | SCMAudit | user=jenkins1000 | ip=192.168.5.153 | op=SEND_HEARTBEAT {datanodeUUID=5133bb85-d112-43d0-b51c-6140e4ebc540, command=[]} | ret=SUCCESS |  
2019-09-10 13:03:15,600 | INFO  | SCMAudit | user=jenkins1000 | ip=192.168.5.153 | op=SEND_HEARTBEAT {datanodeUUID=677e3d93-3467-4860-9bf6-0d2ba46507f3, command=[]} | ret=SUCCESS |  
2019-09-10 13:03:15,612 | INFO  | SCMAudit | user=jenkins1000 | ip=192.168.5.153 | op=SEND_HEARTBEAT {datanodeUUID=80892ce7-83f5-4ca2-be8c-d0fb582c0dda, command=[]} | ret=SUCCESS |  
2019-09-10 13:03:15,888 | INFO  | SCMAudit | user=jenkins1000 | ip=192.168.5.153 | op=SEND_HEARTBEAT {datanodeUUID=4afd2ab1-ec40-4403-b668-2a355860e883, command=[]} | ret=SUCCESS |  
2019-09-10 13:03:16,101 | INFO  | SCMAudit | user=jenkins1000 | ip=192.168.5.153 | op=SEND_HEARTBEAT {datanodeUUID=98692575-908f-4c6f-b3d7-fc3119b7636a, command=[]} | ret=SUCCESS |  
2019-09-10 13:03:16,218 [grpc-default-executor-6] INFO  client.GrpcClientProtocolClient (GrpcClientProtocolClient.java:onNext(255)) - client-1AEBD7C46593->80892ce7-83f5-4ca2-be8c-d0fb582c0dda: receive RaftClientReply:client-1AEBD7C46593->80892ce7-83f5-4ca2-be8c-d0fb582c0dda@group-59B8B6051EC0, cid=45, FAILED org.apache.ratis.protocol.NotLeaderException: Server 80892ce7-83f5-4ca2-be8c-d0fb582c0dda is not the leader (677e3d93-3467-4860-9bf6-0d2ba46507f3:192.168.5.153:41781). Request must be sent to leader., logIndex=0, commits[80892ce7-83f5-4ca2-be8c-d0fb582c0dda:c8, 677e3d93-3467-4860-9bf6-0d2ba46507f3:c8, 5133bb85-d112-43d0-b51c-6140e4ebc540:c8]
2019-09-10 13:03:16,311 | INFO  | SCMAudit | user=jenkins1000 | ip=192.168.5.153 | op=SEND_HEARTBEAT {datanodeUUID=b87234b6-97b4-403b-b761-d13c1d3498ce, command=[]} | ret=SUCCESS |  
2019-09-10 13:03:16,483 | INFO  | SCMAudit | user=jenkins1000 | ip=192.168.5.153 | op=SEND_HEARTBEAT {datanodeUUID=51f7194d-0b6e-44ce-bfd4-93c34be99c19, command=[]} | ret=SUCCESS |  
2019-09-10 13:03:16,597 | INFO  | SCMAudit | user=jenkins1000 | ip=192.168.5.153 | op=SEND_HEARTBEAT {datanodeUUID=5133bb85-d112-43d0-b51c-6140e4ebc540, command=[]} | ret=SUCCESS |  
2019-09-10 13:03:16,600 | INFO  | SCMAudit | user=jenkins1000 | ip=192.168.5.153 | op=SEND_HEARTBEAT {datanodeUUID=677e3d93-3467-4860-9bf6-0d2ba46507f3, command=[]} | ret=SUCCESS |  
2019-09-10 13:03:16,612 | INFO  | SCMAudit | user=jenkins1000 | ip=192.168.5.153 | op=SEND_HEARTBEAT {datanodeUUID=80892ce7-83f5-4ca2-be8c-d0fb582c0dda, command=[]} | ret=SUCCESS |  
2019-09-10 13:03:16,888 | INFO  | SCMAudit | user=jenkins1000 | ip=192.168.5.153 | op=SEND_HEARTBEAT {datanodeUUID=4afd2ab1-ec40-4403-b668-2a355860e883, command=[]} | ret=SUCCESS |  
2019-09-10 13:03:17,101 | INFO  | SCMAudit | user=jenkins1000 | ip=192.168.5.153 | op=SEND_HEARTBEAT {datanodeUUID=98692575-908f-4c6f-b3d7-fc3119b7636a, command=[]} | ret=SUCCESS |  
2019-09-10 13:03:17,312 | INFO  | SCMAudit | user=jenkins1000 | ip=192.168.5.153 | op=SEND_HEARTBEAT {datanodeUUID=b87234b6-97b4-403b-b761-d13c1d3498ce, command=[]} | ret=SUCCESS |  
2019-09-10 13:03:17,483 | INFO  | SCMAudit | user=jenkins1000 | ip=192.168.5.153 | op=SEND_HEARTBEAT {datanodeUUID=51f7194d-0b6e-44ce-bfd4-93c34be99c19, command=[]} | ret=SUCCESS |  
2019-09-10 13:03:17,597 | INFO  | SCMAudit | user=jenkins1000 | ip=192.168.5.153 | op=SEND_HEARTBEAT {datanodeUUID=5133bb85-d112-43d0-b51c-6140e4ebc540, command=[]} | ret=SUCCESS |  
2019-09-10 13:03:17,600 | INFO  | SCMAudit | user=jenkins1000 | ip=192.168.5.153 | op=SEND_HEARTBEAT {datanodeUUID=677e3d93-3467-4860-9bf6-0d2ba46507f3, command=[]} | ret=SUCCESS |  
2019-09-10 13:03:17,612 | INFO  | SCMAudit | user=jenkins1000 | ip=192.168.5.153 | op=SEND_HEARTBEAT {datanodeUUID=80892ce7-83f5-4ca2-be8c-d0fb582c0dda, command=[]} | ret=SUCCESS |  
2019-09-10 13:03:17,888 | INFO  | SCMAudit | user=jenkins1000 | ip=192.168.5.153 | op=SEND_HEARTBEAT {datanodeUUID=4afd2ab1-ec40-4403-b668-2a355860e883, command=[]} | ret=SUCCESS |  
2019-09-10 13:03:18,101 | INFO  | SCMAudit | user=jenkins1000 | ip=192.168.5.153 | op=SEND_HEARTBEAT {datanodeUUID=98692575-908f-4c6f-b3d7-fc3119b7636a, command=[]} | ret=SUCCESS |  
2019-09-10 13:03:18,312 | INFO  | SCMAudit | user=jenkins1000 | ip=192.168.5.153 | op=SEND_HEARTBEAT {datanodeUUID=b87234b6-97b4-403b-b761-d13c1d3498ce, command=[]} | ret=SUCCESS |  
2019-09-10 13:03:18,483 | INFO  | SCMAudit | user=jenkins1000 | ip=192.168.5.153 | op=SEND_HEARTBEAT {datanodeUUID=51f7194d-0b6e-44ce-bfd4-93c34be99c19, command=[]} | ret=SUCCESS |  
2019-09-10 13:03:18,598 | INFO  | SCMAudit | user=jenkins1000 | ip=192.168.5.153 | op=SEND_HEARTBEAT {datanodeUUID=5133bb85-d112-43d0-b51c-6140e4ebc540, command=[]} | ret=SUCCESS |  
2019-09-10 13:03:18,600 | INFO  | SCMAudit | user=jenkins1000 | ip=192.168.5.153 | op=SEND_HEARTBEAT {datanodeUUID=677e3d93-3467-4860-9bf6-0d2ba46507f3, command=[]} | ret=SUCCESS |  
2019-09-10 13:03:18,612 | INFO  | SCMAudit | user=jenkins1000 | ip=192.168.5.153 | op=SEND_HEARTBEAT {datanodeUUID=80892ce7-83f5-4ca2-be8c-d0fb582c0dda, command=[]} | ret=SUCCESS |  
2019-09-10 13:03:18,888 | INFO  | SCMAudit | user=jenkins1000 | ip=192.168.5.153 | op=SEND_HEARTBEAT {datanodeUUID=4afd2ab1-ec40-4403-b668-2a355860e883, command=[]} | ret=SUCCESS |  
2019-09-10 13:03:19,101 | INFO  | SCMAudit | user=jenkins1000 | ip=192.168.5.153 | op=SEND_HEARTBEAT {datanodeUUID=98692575-908f-4c6f-b3d7-fc3119b7636a, command=[]} | ret=SUCCESS |  
2019-09-10 13:03:19,312 | INFO  | SCMAudit | user=jenkins1000 | ip=192.168.5.153 | op=SEND_HEARTBEAT {datanodeUUID=b87234b6-97b4-403b-b761-d13c1d3498ce, command=[]} | ret=SUCCESS |  
2019-09-10 13:03:19,482 | INFO  | SCMAudit | user=jenkins1000 | ip=192.168.5.153 | op=SEND_HEARTBEAT {datanodeUUID=51f7194d-0b6e-44ce-bfd4-93c34be99c19, command=[]} | ret=SUCCESS |  
2019-09-10 13:03:19,598 | INFO  | SCMAudit | user=jenkins1000 | ip=192.168.5.153 | op=SEND_HEARTBEAT {datanodeUUID=5133bb85-d112-43d0-b51c-6140e4ebc540, command=[]} | ret=SUCCESS |  
2019-09-10 13:03:19,600 | INFO  | SCMAudit | user=jenkins1000 | ip=192.168.5.153 | op=SEND_HEARTBEAT {datanodeUUID=677e3d93-3467-4860-9bf6-0d2ba46507f3, command=[]} | ret=SUCCESS |  
2019-09-10 13:03:19,612 | INFO  | SCMAudit | user=jenkins1000 | ip=192.168.5.153 | op=SEND_HEARTBEAT {datanodeUUID=80892ce7-83f5-4ca2-be8c-d0fb582c0dda, command=[]} | ret=SUCCESS |  
2019-09-10 13:03:19,888 | INFO  | SCMAudit | user=jenkins1000 | ip=192.168.5.153 | op=SEND_HEARTBEAT {datanodeUUID=4afd2ab1-ec40-4403-b668-2a355860e883, command=[]} | ret=SUCCESS |  
2019-09-10 13:03:20,101 | INFO  | SCMAudit | user=jenkins1000 | ip=192.168.5.153 | op=SEND_HEARTBEAT {datanodeUUID=98692575-908f-4c6f-b3d7-fc3119b7636a, command=[]} | ret=SUCCESS |  
2019-09-10 13:03:20,312 | INFO  | SCMAudit | user=jenkins1000 | ip=192.168.5.153 | op=SEND_HEARTBEAT {datanodeUUID=b87234b6-97b4-403b-b761-d13c1d3498ce, command=[]} | ret=SUCCESS |  
2019-09-10 13:03:20,483 | INFO  | SCMAudit | user=jenkins1000 | ip=192.168.5.153 | op=SEND_HEARTBEAT {datanodeUUID=51f7194d-0b6e-44ce-bfd4-93c34be99c19, command=[]} | ret=SUCCESS |  
2019-09-10 13:03:20,598 | INFO  | SCMAudit | user=jenkins1000 | ip=192.168.5.153 | op=SEND_HEARTBEAT {datanodeUUID=5133bb85-d112-43d0-b51c-6140e4ebc540, command=[]} | ret=SUCCESS |  
2019-09-10 13:03:20,600 | INFO  | SCMAudit | user=jenkins1000 | ip=192.168.5.153 | op=SEND_HEARTBEAT {datanodeUUID=677e3d93-3467-4860-9bf6-0d2ba46507f3, command=[]} | ret=SUCCESS |  
2019-09-10 13:03:20,612 | INFO  | SCMAudit | user=jenkins1000 | ip=192.168.5.153 | op=SEND_HEARTBEAT {datanodeUUID=80892ce7-83f5-4ca2-be8c-d0fb582c0dda, command=[]} | ret=SUCCESS |  
2019-09-10 13:03:20,888 | INFO  | SCMAudit | user=jenkins1000 | ip=192.168.5.153 | op=SEND_HEARTBEAT {datanodeUUID=4afd2ab1-ec40-4403-b668-2a355860e883, command=[]} | ret=SUCCESS |  
2019-09-10 13:03:21,101 | INFO  | SCMAudit | user=jenkins1000 | ip=192.168.5.153 | op=SEND_HEARTBEAT {datanodeUUID=98692575-908f-4c6f-b3d7-fc3119b7636a, command=[]} | ret=SUCCESS |  
2019-09-10 13:03:21,251 [grpc-default-executor-0] INFO  client.GrpcClientProtocolClient (GrpcClientProtocolClient.java:onNext(255)) - client-1AEBD7C46593->5133bb85-d112-43d0-b51c-6140e4ebc540: receive RaftClientReply:client-1AEBD7C46593->5133bb85-d112-43d0-b51c-6140e4ebc540@group-59B8B6051EC0, cid=45, FAILED org.apache.ratis.protocol.NotLeaderException: Server 5133bb85-d112-43d0-b51c-6140e4ebc540 is not the leader (677e3d93-3467-4860-9bf6-0d2ba46507f3:192.168.5.153:41781). Request must be sent to leader., logIndex=0, commits[5133bb85-d112-43d0-b51c-6140e4ebc540:c8, 80892ce7-83f5-4ca2-be8c-d0fb582c0dda:c8, 677e3d93-3467-4860-9bf6-0d2ba46507f3:c8]
2019-09-10 13:03:21,312 | INFO  | SCMAudit | user=jenkins1000 | ip=192.168.5.153 | op=SEND_HEARTBEAT {datanodeUUID=b87234b6-97b4-403b-b761-d13c1d3498ce, command=[]} | ret=SUCCESS |  
2019-09-10 13:03:21,483 | INFO  | SCMAudit | user=jenkins1000 | ip=192.168.5.153 | op=SEND_HEARTBEAT {datanodeUUID=51f7194d-0b6e-44ce-bfd4-93c34be99c19, command=[]} | ret=SUCCESS |  
2019-09-10 13:03:21,599 | INFO  | SCMAudit | user=jenkins1000 | ip=192.168.5.153 | op=SEND_HEARTBEAT {datanodeUUID=5133bb85-d112-43d0-b51c-6140e4ebc540, command=[]} | ret=SUCCESS |  
2019-09-10 13:03:21,600 | INFO  | SCMAudit | user=jenkins1000 | ip=192.168.5.153 | op=SEND_HEARTBEAT {datanodeUUID=677e3d93-3467-4860-9bf6-0d2ba46507f3, command=[]} | ret=SUCCESS |  
2019-09-10 13:03:21,612 | INFO  | SCMAudit | user=jenkins1000 | ip=192.168.5.153 | op=SEND_HEARTBEAT {datanodeUUID=80892ce7-83f5-4ca2-be8c-d0fb582c0dda, command=[]} | ret=SUCCESS |  
2019-09-10 13:03:21,888 | INFO  | SCMAudit | user=jenkins1000 | ip=192.168.5.153 | op=SEND_HEARTBEAT {datanodeUUID=4afd2ab1-ec40-4403-b668-2a355860e883, command=[]} | ret=SUCCESS |  
2019-09-10 13:03:22,101 | INFO  | SCMAudit | user=jenkins1000 | ip=192.168.5.153 | op=SEND_HEARTBEAT {datanodeUUID=98692575-908f-4c6f-b3d7-fc3119b7636a, command=[]} | ret=SUCCESS |  
2019-09-10 13:03:22,312 | INFO  | SCMAudit | user=jenkins1000 | ip=192.168.5.153 | op=SEND_HEARTBEAT {datanodeUUID=b87234b6-97b4-403b-b761-d13c1d3498ce, command=[]} | ret=SUCCESS |  
2019-09-10 13:03:22,483 | INFO  | SCMAudit | user=jenkins1000 | ip=192.168.5.153 | op=SEND_HEARTBEAT {datanodeUUID=51f7194d-0b6e-44ce-bfd4-93c34be99c19, command=[]} | ret=SUCCESS |  
2019-09-10 13:03:22,599 | INFO  | SCMAudit | user=jenkins1000 | ip=192.168.5.153 | op=SEND_HEARTBEAT {datanodeUUID=5133bb85-d112-43d0-b51c-6140e4ebc540, command=[]} | ret=SUCCESS |  
2019-09-10 13:03:22,600 | INFO  | SCMAudit | user=jenkins1000 | ip=192.168.5.153 | op=SEND_HEARTBEAT {datanodeUUID=677e3d93-3467-4860-9bf6-0d2ba46507f3, command=[]} | ret=SUCCESS |  
2019-09-10 13:03:22,612 | INFO  | SCMAudit | user=jenkins1000 | ip=192.168.5.153 | op=SEND_HEARTBEAT {datanodeUUID=80892ce7-83f5-4ca2-be8c-d0fb582c0dda, command=[]} | ret=SUCCESS |  
2019-09-10 13:03:22,888 | INFO  | SCMAudit | user=jenkins1000 | ip=192.168.5.153 | op=SEND_HEARTBEAT {datanodeUUID=4afd2ab1-ec40-4403-b668-2a355860e883, command=[]} | ret=SUCCESS |  
2019-09-10 13:03:23,101 | INFO  | SCMAudit | user=jenkins1000 | ip=192.168.5.153 | op=SEND_HEARTBEAT {datanodeUUID=98692575-908f-4c6f-b3d7-fc3119b7636a, command=[]} | ret=SUCCESS |  
2019-09-10 13:03:23,312 | INFO  | SCMAudit | user=jenkins1000 | ip=192.168.5.153 | op=SEND_HEARTBEAT {datanodeUUID=b87234b6-97b4-403b-b761-d13c1d3498ce, command=[]} | ret=SUCCESS |  
2019-09-10 13:03:23,483 | INFO  | SCMAudit | user=jenkins1000 | ip=192.168.5.153 | op=SEND_HEARTBEAT {datanodeUUID=51f7194d-0b6e-44ce-bfd4-93c34be99c19, command=[]} | ret=SUCCESS |  
2019-09-10 13:03:23,599 | INFO  | SCMAudit | user=jenkins1000 | ip=192.168.5.153 | op=SEND_HEARTBEAT {datanodeUUID=5133bb85-d112-43d0-b51c-6140e4ebc540, command=[]} | ret=SUCCESS |  
2019-09-10 13:03:23,600 | INFO  | SCMAudit | user=jenkins1000 | ip=192.168.5.153 | op=SEND_HEARTBEAT {datanodeUUID=677e3d93-3467-4860-9bf6-0d2ba46507f3, command=[]} | ret=SUCCESS |  
2019-09-10 13:03:23,612 | INFO  | SCMAudit | user=jenkins1000 | ip=192.168.5.153 | op=SEND_HEARTBEAT {datanodeUUID=80892ce7-83f5-4ca2-be8c-d0fb582c0dda, command=[]} | ret=SUCCESS |  
2019-09-10 13:03:23,889 | INFO  | SCMAudit | user=jenkins1000 | ip=192.168.5.153 | op=SEND_HEARTBEAT {datanodeUUID=4afd2ab1-ec40-4403-b668-2a355860e883, command=[]} | ret=SUCCESS |  
2019-09-10 13:03:24,102 | INFO  | SCMAudit | user=jenkins1000 | ip=192.168.5.153 | op=SEND_HEARTBEAT {datanodeUUID=98692575-908f-4c6f-b3d7-fc3119b7636a, command=[]} | ret=SUCCESS |  
2019-09-10 13:03:24,312 | INFO  | SCMAudit | user=jenkins1000 | ip=192.168.5.153 | op=SEND_HEARTBEAT {datanodeUUID=b87234b6-97b4-403b-b761-d13c1d3498ce, command=[]} | ret=SUCCESS |  
2019-09-10 13:03:24,483 | INFO  | SCMAudit | user=jenkins1000 | ip=192.168.5.153 | op=SEND_HEARTBEAT {datanodeUUID=51f7194d-0b6e-44ce-bfd4-93c34be99c19, command=[]} | ret=SUCCESS |  
2019-09-10 13:03:24,599 | INFO  | SCMAudit | user=jenkins1000 | ip=192.168.5.153 | op=SEND_HEARTBEAT {datanodeUUID=5133bb85-d112-43d0-b51c-6140e4ebc540, command=[]} | ret=SUCCESS |  
2019-09-10 13:03:24,600 | INFO  | SCMAudit | user=jenkins1000 | ip=192.168.5.153 | op=SEND_HEARTBEAT {datanodeUUID=677e3d93-3467-4860-9bf6-0d2ba46507f3, command=[]} | ret=SUCCESS |  
2019-09-10 13:03:24,612 | INFO  | SCMAudit | user=jenkins1000 | ip=192.168.5.153 | op=SEND_HEARTBEAT {datanodeUUID=80892ce7-83f5-4ca2-be8c-d0fb582c0dda, command=[]} | ret=SUCCESS |  
2019-09-10 13:03:24,888 | INFO  | SCMAudit | user=jenkins1000 | ip=192.168.5.153 | op=SEND_HEARTBEAT {datanodeUUID=4afd2ab1-ec40-4403-b668-2a355860e883, command=[]} | ret=SUCCESS |  
2019-09-10 13:03:25,102 | INFO  | SCMAudit | user=jenkins1000 | ip=192.168.5.153 | op=SEND_HEARTBEAT {datanodeUUID=98692575-908f-4c6f-b3d7-fc3119b7636a, command=[]} | ret=SUCCESS |  
2019-09-10 13:03:25,312 | INFO  | SCMAudit | user=jenkins1000 | ip=192.168.5.153 | op=SEND_HEARTBEAT {datanodeUUID=b87234b6-97b4-403b-b761-d13c1d3498ce, command=[]} | ret=SUCCESS |  
2019-09-10 13:03:25,483 | INFO  | SCMAudit | user=jenkins1000 | ip=192.168.5.153 | op=SEND_HEARTBEAT {datanodeUUID=51f7194d-0b6e-44ce-bfd4-93c34be99c19, command=[]} | ret=SUCCESS |  
2019-09-10 13:03:25,599 | INFO  | SCMAudit | user=jenkins1000 | ip=192.168.5.153 | op=SEND_HEARTBEAT {datanodeUUID=5133bb85-d112-43d0-b51c-6140e4ebc540, command=[]} | ret=SUCCESS |  
2019-09-10 13:03:25,600 | INFO  | SCMAudit | user=jenkins1000 | ip=192.168.5.153 | op=SEND_HEARTBEAT {datanodeUUID=677e3d93-3467-4860-9bf6-0d2ba46507f3, command=[]} | ret=SUCCESS |  
2019-09-10 13:03:25,611 | INFO  | SCMAudit | user=jenkins1000 | ip=192.168.5.153 | op=SEND_HEARTBEAT {datanodeUUID=80892ce7-83f5-4ca2-be8c-d0fb582c0dda, command=[]} | ret=SUCCESS |  
2019-09-10 13:03:25,888 | INFO  | SCMAudit | user=jenkins1000 | ip=192.168.5.153 | op=SEND_HEARTBEAT {datanodeUUID=4afd2ab1-ec40-4403-b668-2a355860e883, command=[]} | ret=SUCCESS |  
2019-09-10 13:03:26,102 | INFO  | SCMAudit | user=jenkins1000 | ip=192.168.5.153 | op=SEND_HEARTBEAT {datanodeUUID=98692575-908f-4c6f-b3d7-fc3119b7636a, command=[]} | ret=SUCCESS |  
2019-09-10 13:03:26,296 [grpc-default-executor-6] INFO  client.GrpcClientProtocolClient (GrpcClientProtocolClient.java:onNext(255)) - client-1AEBD7C46593->5133bb85-d112-43d0-b51c-6140e4ebc540: receive RaftClientReply:client-1AEBD7C46593->5133bb85-d112-43d0-b51c-6140e4ebc540@group-59B8B6051EC0, cid=45, FAILED org.apache.ratis.protocol.NotLeaderException: Server 5133bb85-d112-43d0-b51c-6140e4ebc540 is not the leader (677e3d93-3467-4860-9bf6-0d2ba46507f3:192.168.5.153:41781). Request must be sent to leader., logIndex=0, commits[5133bb85-d112-43d0-b51c-6140e4ebc540:c8, 80892ce7-83f5-4ca2-be8c-d0fb582c0dda:c8, 677e3d93-3467-4860-9bf6-0d2ba46507f3:c8]
2019-09-10 13:03:26,312 | INFO  | SCMAudit | user=jenkins1000 | ip=192.168.5.153 | op=SEND_HEARTBEAT {datanodeUUID=b87234b6-97b4-403b-b761-d13c1d3498ce, command=[]} | ret=SUCCESS |  
2019-09-10 13:03:26,484 | INFO  | SCMAudit | user=jenkins1000 | ip=192.168.5.153 | op=SEND_HEARTBEAT {datanodeUUID=51f7194d-0b6e-44ce-bfd4-93c34be99c19, command=[]} | ret=SUCCESS |  
2019-09-10 13:03:26,600 | INFO  | SCMAudit | user=jenkins1000 | ip=192.168.5.153 | op=SEND_HEARTBEAT {datanodeUUID=5133bb85-d112-43d0-b51c-6140e4ebc540, command=[]} | ret=SUCCESS |  
2019-09-10 13:03:26,601 | INFO  | SCMAudit | user=jenkins1000 | ip=192.168.5.153 | op=SEND_HEARTBEAT {datanodeUUID=677e3d93-3467-4860-9bf6-0d2ba46507f3, command=[]} | ret=SUCCESS |  
2019-09-10 13:03:26,611 | INFO  | SCMAudit | user=jenkins1000 | ip=192.168.5.153 | op=SEND_HEARTBEAT {datanodeUUID=80892ce7-83f5-4ca2-be8c-d0fb582c0dda, command=[]} | ret=SUCCESS |  
2019-09-10 13:03:26,888 | INFO  | SCMAudit | user=jenkins1000 | ip=192.168.5.153 | op=SEND_HEARTBEAT {datanodeUUID=4afd2ab1-ec40-4403-b668-2a355860e883, command=[]} | ret=SUCCESS |  
2019-09-10 13:03:27,102 | INFO  | SCMAudit | user=jenkins1000 | ip=192.168.5.153 | op=SEND_HEARTBEAT {datanodeUUID=98692575-908f-4c6f-b3d7-fc3119b7636a, command=[]} | ret=SUCCESS |  
2019-09-10 13:03:27,312 | INFO  | SCMAudit | user=jenkins1000 | ip=192.168.5.153 | op=SEND_HEARTBEAT {datanodeUUID=b87234b6-97b4-403b-b761-d13c1d3498ce, command=[]} | ret=SUCCESS |  
2019-09-10 13:03:27,484 | INFO  | SCMAudit | user=jenkins1000 | ip=192.168.5.153 | op=SEND_HEARTBEAT {datanodeUUID=51f7194d-0b6e-44ce-bfd4-93c34be99c19, command=[]} | ret=SUCCESS |  
2019-09-10 13:03:27,600 | INFO  | SCMAudit | user=jenkins1000 | ip=192.168.5.153 | op=SEND_HEARTBEAT {datanodeUUID=5133bb85-d112-43d0-b51c-6140e4ebc540, command=[]} | ret=SUCCESS |  
2019-09-10 13:03:27,602 | INFO  | SCMAudit | user=jenkins1000 | ip=192.168.5.153 | op=SEND_HEARTBEAT {datanodeUUID=677e3d93-3467-4860-9bf6-0d2ba46507f3, command=[]} | ret=SUCCESS |  
2019-09-10 13:03:27,612 | INFO  | SCMAudit | user=jenkins1000 | ip=192.168.5.153 | op=SEND_HEARTBEAT {datanodeUUID=80892ce7-83f5-4ca2-be8c-d0fb582c0dda, command=[]} | ret=SUCCESS |  
2019-09-10 13:03:27,888 | INFO  | SCMAudit | user=jenkins1000 | ip=192.168.5.153 | op=SEND_HEARTBEAT {datanodeUUID=4afd2ab1-ec40-4403-b668-2a355860e883, command=[]} | ret=SUCCESS |  
2019-09-10 13:03:28,102 | INFO  | SCMAudit | user=jenkins1000 | ip=192.168.5.153 | op=SEND_HEARTBEAT {datanodeUUID=98692575-908f-4c6f-b3d7-fc3119b7636a, command=[]} | ret=SUCCESS |  
2019-09-10 13:03:28,312 | INFO  | SCMAudit | user=jenkins1000 | ip=192.168.5.153 | op=SEND_HEARTBEAT {datanodeUUID=b87234b6-97b4-403b-b761-d13c1d3498ce, command=[]} | ret=SUCCESS |  
2019-09-10 13:03:28,484 | INFO  | SCMAudit | user=jenkins1000 | ip=192.168.5.153 | op=SEND_HEARTBEAT {datanodeUUID=51f7194d-0b6e-44ce-bfd4-93c34be99c19, command=[]} | ret=SUCCESS |  
2019-09-10 13:03:28,600 | INFO  | SCMAudit | user=jenkins1000 | ip=192.168.5.153 | op=SEND_HEARTBEAT {datanodeUUID=5133bb85-d112-43d0-b51c-6140e4ebc540, command=[]} | ret=SUCCESS |  
2019-09-10 13:03:28,602 | INFO  | SCMAudit | user=jenkins1000 | ip=192.168.5.153 | op=SEND_HEARTBEAT {datanodeUUID=677e3d93-3467-4860-9bf6-0d2ba46507f3, command=[]} | ret=SUCCESS |  
2019-09-10 13:03:28,612 | INFO  | SCMAudit | user=jenkins1000 | ip=192.168.5.153 | op=SEND_HEARTBEAT {datanodeUUID=80892ce7-83f5-4ca2-be8c-d0fb582c0dda, command=[]} | ret=SUCCESS |  
2019-09-10 13:03:28,889 | INFO  | SCMAudit | user=jenkins1000 | ip=192.168.5.153 | op=SEND_HEARTBEAT {datanodeUUID=4afd2ab1-ec40-4403-b668-2a355860e883, command=[]} | ret=SUCCESS |  
2019-09-10 13:03:29,103 | INFO  | SCMAudit | user=jenkins1000 | ip=192.168.5.153 | op=SEND_HEARTBEAT {datanodeUUID=98692575-908f-4c6f-b3d7-fc3119b7636a, command=[]} | ret=SUCCESS |  
2019-09-10 13:03:29,312 | INFO  | SCMAudit | user=jenkins1000 | ip=192.168.5.153 | op=SEND_HEARTBEAT {datanodeUUID=b87234b6-97b4-403b-b761-d13c1d3498ce, command=[]} | ret=SUCCESS |  
2019-09-10 13:03:29,484 | INFO  | SCMAudit | user=jenkins1000 | ip=192.168.5.153 | op=SEND_HEARTBEAT {datanodeUUID=51f7194d-0b6e-44ce-bfd4-93c34be99c19, command=[]} | ret=SUCCESS |  
2019-09-10 13:03:29,600 | INFO  | SCMAudit | user=jenkins1000 | ip=192.168.5.153 | op=SEND_HEARTBEAT {datanodeUUID=5133bb85-d112-43d0-b51c-6140e4ebc540, command=[]} | ret=SUCCESS |  
2019-09-10 13:03:29,601 | INFO  | SCMAudit | user=jenkins1000 | ip=192.168.5.153 | op=SEND_HEARTBEAT {datanodeUUID=677e3d93-3467-4860-9bf6-0d2ba46507f3, command=[]} | ret=SUCCESS |  
2019-09-10 13:03:29,612 | INFO  | SCMAudit | user=jenkins1000 | ip=192.168.5.153 | op=SEND_HEARTBEAT {datanodeUUID=80892ce7-83f5-4ca2-be8c-d0fb582c0dda, command=[]} | ret=SUCCESS |  
2019-09-10 13:03:29,889 | INFO  | SCMAudit | user=jenkins1000 | ip=192.168.5.153 | op=SEND_HEARTBEAT {datanodeUUID=4afd2ab1-ec40-4403-b668-2a355860e883, command=[]} | ret=SUCCESS |  
2019-09-10 13:03:30,103 | INFO  | SCMAudit | user=jenkins1000 | ip=192.168.5.153 | op=SEND_HEARTBEAT {datanodeUUID=98692575-908f-4c6f-b3d7-fc3119b7636a, command=[]} | ret=SUCCESS |  
2019-09-10 13:03:30,313 | INFO  | SCMAudit | user=jenkins1000 | ip=192.168.5.153 | op=SEND_HEARTBEAT {datanodeUUID=b87234b6-97b4-403b-b761-d13c1d3498ce, command=[]} | ret=SUCCESS |  
2019-09-10 13:03:30,484 | INFO  | SCMAudit | user=jenkins1000 | ip=192.168.5.153 | op=SEND_HEARTBEAT {datanodeUUID=51f7194d-0b6e-44ce-bfd4-93c34be99c19, command=[]} | ret=SUCCESS |  
2019-09-10 13:03:30,600 | INFO  | SCMAudit | user=jenkins1000 | ip=192.168.5.153 | op=SEND_HEARTBEAT {datanodeUUID=5133bb85-d112-43d0-b51c-6140e4ebc540, command=[]} | ret=SUCCESS |  
2019-09-10 13:03:30,601 | INFO  | SCMAudit | user=jenkins1000 | ip=192.168.5.153 | op=SEND_HEARTBEAT {datanodeUUID=677e3d93-3467-4860-9bf6-0d2ba46507f3, command=[]} | ret=SUCCESS |  
2019-09-10 13:03:30,612 | INFO  | SCMAudit | user=jenkins1000 | ip=192.168.5.153 | op=SEND_HEARTBEAT {datanodeUUID=80892ce7-83f5-4ca2-be8c-d0fb582c0dda, command=[]} | ret=SUCCESS |  
2019-09-10 13:03:30,890 | INFO  | SCMAudit | user=jenkins1000 | ip=192.168.5.153 | op=SEND_HEARTBEAT {datanodeUUID=4afd2ab1-ec40-4403-b668-2a355860e883, command=[]} | ret=SUCCESS |  
2019-09-10 13:03:31,103 | INFO  | SCMAudit | user=jenkins1000 | ip=192.168.5.153 | op=SEND_HEARTBEAT {datanodeUUID=98692575-908f-4c6f-b3d7-fc3119b7636a, command=[]} | ret=SUCCESS |  
2019-09-10 13:03:31,313 | INFO  | SCMAudit | user=jenkins1000 | ip=192.168.5.153 | op=SEND_HEARTBEAT {datanodeUUID=b87234b6-97b4-403b-b761-d13c1d3498ce, command=[]} | ret=SUCCESS |  
2019-09-10 13:03:31,327 [grpc-default-executor-6] INFO  client.GrpcClientProtocolClient (GrpcClientProtocolClient.java:onNext(255)) - client-1AEBD7C46593->80892ce7-83f5-4ca2-be8c-d0fb582c0dda: receive RaftClientReply:client-1AEBD7C46593->80892ce7-83f5-4ca2-be8c-d0fb582c0dda@group-59B8B6051EC0, cid=45, FAILED org.apache.ratis.protocol.NotLeaderException: Server 80892ce7-83f5-4ca2-be8c-d0fb582c0dda is not the leader (677e3d93-3467-4860-9bf6-0d2ba46507f3:192.168.5.153:41781). Request must be sent to leader., logIndex=0, commits[80892ce7-83f5-4ca2-be8c-d0fb582c0dda:c8, 677e3d93-3467-4860-9bf6-0d2ba46507f3:c8, 5133bb85-d112-43d0-b51c-6140e4ebc540:c8]
2019-09-10 13:03:31,484 | INFO  | SCMAudit | user=jenkins1000 | ip=192.168.5.153 | op=SEND_HEARTBEAT {datanodeUUID=51f7194d-0b6e-44ce-bfd4-93c34be99c19, command=[]} | ret=SUCCESS |  
2019-09-10 13:03:31,600 | INFO  | SCMAudit | user=jenkins1000 | ip=192.168.5.153 | op=SEND_HEARTBEAT {datanodeUUID=5133bb85-d112-43d0-b51c-6140e4ebc540, command=[]} | ret=SUCCESS |  
2019-09-10 13:03:31,601 | INFO  | SCMAudit | user=jenkins1000 | ip=192.168.5.153 | op=SEND_HEARTBEAT {datanodeUUID=677e3d93-3467-4860-9bf6-0d2ba46507f3, command=[]} | ret=SUCCESS |  
2019-09-10 13:03:31,612 | INFO  | SCMAudit | user=jenkins1000 | ip=192.168.5.153 | op=SEND_HEARTBEAT {datanodeUUID=80892ce7-83f5-4ca2-be8c-d0fb582c0dda, command=[]} | ret=SUCCESS |  
2019-09-10 13:03:31,890 | INFO  | SCMAudit | user=jenkins1000 | ip=192.168.5.153 | op=SEND_HEARTBEAT {datanodeUUID=4afd2ab1-ec40-4403-b668-2a355860e883, command=[]} | ret=SUCCESS |  
2019-09-10 13:03:32,103 | INFO  | SCMAudit | user=jenkins1000 | ip=192.168.5.153 | op=SEND_HEARTBEAT {datanodeUUID=98692575-908f-4c6f-b3d7-fc3119b7636a, command=[]} | ret=SUCCESS |  
2019-09-10 13:03:32,313 | INFO  | SCMAudit | user=jenkins1000 | ip=192.168.5.153 | op=SEND_HEARTBEAT {datanodeUUID=b87234b6-97b4-403b-b761-d13c1d3498ce, command=[]} | ret=SUCCESS |  
2019-09-10 13:03:32,484 | INFO  | SCMAudit | user=jenkins1000 | ip=192.168.5.153 | op=SEND_HEARTBEAT {datanodeUUID=51f7194d-0b6e-44ce-bfd4-93c34be99c19, command=[]} | ret=SUCCESS |  
2019-09-10 13:03:32,601 | INFO  | SCMAudit | user=jenkins1000 | ip=192.168.5.153 | op=SEND_HEARTBEAT {datanodeUUID=5133bb85-d112-43d0-b51c-6140e4ebc540, command=[]} | ret=SUCCESS |  
2019-09-10 13:03:32,601 | INFO  | SCMAudit | user=jenkins1000 | ip=192.168.5.153 | op=SEND_HEARTBEAT {datanodeUUID=677e3d93-3467-4860-9bf6-0d2ba46507f3, command=[]} | ret=SUCCESS |  
2019-09-10 13:03:32,611 | INFO  | SCMAudit | user=jenkins1000 | ip=192.168.5.153 | op=SEND_HEARTBEAT {datanodeUUID=80892ce7-83f5-4ca2-be8c-d0fb582c0dda, command=[]} | ret=SUCCESS |  
2019-09-10 13:03:32,890 | INFO  | SCMAudit | user=jenkins1000 | ip=192.168.5.153 | op=SEND_HEARTBEAT {datanodeUUID=4afd2ab1-ec40-4403-b668-2a355860e883, command=[]} | ret=SUCCESS |  
2019-09-10 13:03:33,103 | INFO  | SCMAudit | user=jenkins1000 | ip=192.168.5.153 | op=SEND_HEARTBEAT {datanodeUUID=98692575-908f-4c6f-b3d7-fc3119b7636a, command=[]} | ret=SUCCESS |  
2019-09-10 13:03:33,313 | INFO  | SCMAudit | user=jenkins1000 | ip=192.168.5.153 | op=SEND_HEARTBEAT {datanodeUUID=b87234b6-97b4-403b-b761-d13c1d3498ce, command=[]} | ret=SUCCESS |  
2019-09-10 13:03:33,485 | INFO  | SCMAudit | user=jenkins1000 | ip=192.168.5.153 | op=SEND_HEARTBEAT {datanodeUUID=51f7194d-0b6e-44ce-bfd4-93c34be99c19, command=[]} | ret=SUCCESS |  
2019-09-10 13:03:33,601 | INFO  | SCMAudit | user=jenkins1000 | ip=192.168.5.153 | op=SEND_HEARTBEAT {datanodeUUID=5133bb85-d112-43d0-b51c-6140e4ebc540, command=[]} | ret=SUCCESS |  
2019-09-10 13:03:33,602 | INFO  | SCMAudit | user=jenkins1000 | ip=192.168.5.153 | op=SEND_HEARTBEAT {datanodeUUID=677e3d93-3467-4860-9bf6-0d2ba46507f3, command=[]} | ret=SUCCESS |  
2019-09-10 13:03:33,611 | INFO  | SCMAudit | user=jenkins1000 | ip=192.168.5.153 | op=SEND_HEARTBEAT {datanodeUUID=80892ce7-83f5-4ca2-be8c-d0fb582c0dda, command=[]} | ret=SUCCESS |  
2019-09-10 13:03:33,890 | INFO  | SCMAudit | user=jenkins1000 | ip=192.168.5.153 | op=SEND_HEARTBEAT {datanodeUUID=4afd2ab1-ec40-4403-b668-2a355860e883, command=[]} | ret=SUCCESS |  
2019-09-10 13:03:34,103 | INFO  | SCMAudit | user=jenkins1000 | ip=192.168.5.153 | op=SEND_HEARTBEAT {datanodeUUID=98692575-908f-4c6f-b3d7-fc3119b7636a, command=[]} | ret=SUCCESS |  
2019-09-10 13:03:34,313 | INFO  | SCMAudit | user=jenkins1000 | ip=192.168.5.153 | op=SEND_HEARTBEAT {datanodeUUID=b87234b6-97b4-403b-b761-d13c1d3498ce, command=[]} | ret=SUCCESS |  
2019-09-10 13:03:34,485 | INFO  | SCMAudit | user=jenkins1000 | ip=192.168.5.153 | op=SEND_HEARTBEAT {datanodeUUID=51f7194d-0b6e-44ce-bfd4-93c34be99c19, command=[]} | ret=SUCCESS |  
2019-09-10 13:03:34,601 | INFO  | SCMAudit | user=jenkins1000 | ip=192.168.5.153 | op=SEND_HEARTBEAT {datanodeUUID=5133bb85-d112-43d0-b51c-6140e4ebc540, command=[]} | ret=SUCCESS |  
2019-09-10 13:03:34,602 | INFO  | SCMAudit | user=jenkins1000 | ip=192.168.5.153 | op=SEND_HEARTBEAT {datanodeUUID=677e3d93-3467-4860-9bf6-0d2ba46507f3, command=[]} | ret=SUCCESS |  
2019-09-10 13:03:34,612 | INFO  | SCMAudit | user=jenkins1000 | ip=192.168.5.153 | op=SEND_HEARTBEAT {datanodeUUID=80892ce7-83f5-4ca2-be8c-d0fb582c0dda, command=[]} | ret=SUCCESS |  
2019-09-10 13:03:34,890 | INFO  | SCMAudit | user=jenkins1000 | ip=192.168.5.153 | op=SEND_HEARTBEAT {datanodeUUID=4afd2ab1-ec40-4403-b668-2a355860e883, command=[]} | ret=SUCCESS |  
2019-09-10 13:03:35,104 | INFO  | SCMAudit | user=jenkins1000 | ip=192.168.5.153 | op=SEND_HEARTBEAT {datanodeUUID=98692575-908f-4c6f-b3d7-fc3119b7636a, command=[]} | ret=SUCCESS |  
2019-09-10 13:03:35,313 | INFO  | SCMAudit | user=jenkins1000 | ip=192.168.5.153 | op=SEND_HEARTBEAT {datanodeUUID=b87234b6-97b4-403b-b761-d13c1d3498ce, command=[]} | ret=SUCCESS |  
2019-09-10 13:03:35,485 | INFO  | SCMAudit | user=jenkins1000 | ip=192.168.5.153 | op=SEND_HEARTBEAT {datanodeUUID=51f7194d-0b6e-44ce-bfd4-93c34be99c19, command=[]} | ret=SUCCESS |  
2019-09-10 13:03:35,601 | INFO  | SCMAudit | user=jenkins1000 | ip=192.168.5.153 | op=SEND_HEARTBEAT {datanodeUUID=5133bb85-d112-43d0-b51c-6140e4ebc540, command=[]} | ret=SUCCESS |  
2019-09-10 13:03:35,602 | INFO  | SCMAudit | user=jenkins1000 | ip=192.168.5.153 | op=SEND_HEARTBEAT {datanodeUUID=677e3d93-3467-4860-9bf6-0d2ba46507f3, command=[]} | ret=SUCCESS |  
2019-09-10 13:03:35,612 | INFO  | SCMAudit | user=jenkins1000 | ip=192.168.5.153 | op=SEND_HEARTBEAT {datanodeUUID=80892ce7-83f5-4ca2-be8c-d0fb582c0dda, command=[]} | ret=SUCCESS |  
2019-09-10 13:03:35,890 | INFO  | SCMAudit | user=jenkins1000 | ip=192.168.5.153 | op=SEND_HEARTBEAT {datanodeUUID=4afd2ab1-ec40-4403-b668-2a355860e883, command=[]} | ret=SUCCESS |  
2019-09-10 13:03:36,103 | INFO  | SCMAudit | user=jenkins1000 | ip=192.168.5.153 | op=SEND_HEARTBEAT {datanodeUUID=98692575-908f-4c6f-b3d7-fc3119b7636a, command=[]} | ret=SUCCESS |  
2019-09-10 13:03:36,313 | INFO  | SCMAudit | user=jenkins1000 | ip=192.168.5.153 | op=SEND_HEARTBEAT {datanodeUUID=b87234b6-97b4-403b-b761-d13c1d3498ce, command=[]} | ret=SUCCESS |  
2019-09-10 13:03:36,376 [grpc-default-executor-0] INFO  client.GrpcClientProtocolClient (GrpcClientProtocolClient.java:onNext(255)) - client-1AEBD7C46593->80892ce7-83f5-4ca2-be8c-d0fb582c0dda: receive RaftClientReply:client-1AEBD7C46593->80892ce7-83f5-4ca2-be8c-d0fb582c0dda@group-59B8B6051EC0, cid=45, FAILED org.apache.ratis.protocol.NotLeaderException: Server 80892ce7-83f5-4ca2-be8c-d0fb582c0dda is not the leader (677e3d93-3467-4860-9bf6-0d2ba46507f3:192.168.5.153:41781). Request must be sent to leader., logIndex=0, commits[80892ce7-83f5-4ca2-be8c-d0fb582c0dda:c8, 677e3d93-3467-4860-9bf6-0d2ba46507f3:c8, 5133bb85-d112-43d0-b51c-6140e4ebc540:c8]
2019-09-10 13:03:36,486 | INFO  | SCMAudit | user=jenkins1000 | ip=192.168.5.153 | op=SEND_HEARTBEAT {datanodeUUID=51f7194d-0b6e-44ce-bfd4-93c34be99c19, command=[]} | ret=SUCCESS |  
2019-09-10 13:03:36,601 | INFO  | SCMAudit | user=jenkins1000 | ip=192.168.5.153 | op=SEND_HEARTBEAT {datanodeUUID=5133bb85-d112-43d0-b51c-6140e4ebc540, command=[]} | ret=SUCCESS |  
2019-09-10 13:03:36,602 | INFO  | SCMAudit | user=jenkins1000 | ip=192.168.5.153 | op=SEND_HEARTBEAT {datanodeUUID=677e3d93-3467-4860-9bf6-0d2ba46507f3, command=[]} | ret=SUCCESS |  
2019-09-10 13:03:36,612 | INFO  | SCMAudit | user=jenkins1000 | ip=192.168.5.153 | op=SEND_HEARTBEAT {datanodeUUID=80892ce7-83f5-4ca2-be8c-d0fb582c0dda, command=[]} | ret=SUCCESS |  
2019-09-10 13:03:36,891 | INFO  | SCMAudit | user=jenkins1000 | ip=192.168.5.153 | op=SEND_HEARTBEAT {datanodeUUID=4afd2ab1-ec40-4403-b668-2a355860e883, command=[]} | ret=SUCCESS |  
2019-09-10 13:03:37,103 | INFO  | SCMAudit | user=jenkins1000 | ip=192.168.5.153 | op=SEND_HEARTBEAT {datanodeUUID=98692575-908f-4c6f-b3d7-fc3119b7636a, command=[]} | ret=SUCCESS |  
2019-09-10 13:03:37,313 | INFO  | SCMAudit | user=jenkins1000 | ip=192.168.5.153 | op=SEND_HEARTBEAT {datanodeUUID=b87234b6-97b4-403b-b761-d13c1d3498ce, command=[]} | ret=SUCCESS |  
2019-09-10 13:03:37,486 | INFO  | SCMAudit | user=jenkins1000 | ip=192.168.5.153 | op=SEND_HEARTBEAT {datanodeUUID=51f7194d-0b6e-44ce-bfd4-93c34be99c19, command=[]} | ret=SUCCESS |  
2019-09-10 13:03:37,602 | INFO  | SCMAudit | user=jenkins1000 | ip=192.168.5.153 | op=SEND_HEARTBEAT {datanodeUUID=5133bb85-d112-43d0-b51c-6140e4ebc540, command=[]} | ret=SUCCESS |  
2019-09-10 13:03:37,602 | INFO  | SCMAudit | user=jenkins1000 | ip=192.168.5.153 | op=SEND_HEARTBEAT {datanodeUUID=677e3d93-3467-4860-9bf6-0d2ba46507f3, command=[]} | ret=SUCCESS |  
2019-09-10 13:03:37,612 | INFO  | SCMAudit | user=jenkins1000 | ip=192.168.5.153 | op=SEND_HEARTBEAT {datanodeUUID=80892ce7-83f5-4ca2-be8c-d0fb582c0dda, command=[]} | ret=SUCCESS |  
2019-09-10 13:03:37,891 | INFO  | SCMAudit | user=jenkins1000 | ip=192.168.5.153 | op=SEND_HEARTBEAT {datanodeUUID=4afd2ab1-ec40-4403-b668-2a355860e883, command=[]} | ret=SUCCESS |  
2019-09-10 13:03:38,104 | INFO  | SCMAudit | user=jenkins1000 | ip=192.168.5.153 | op=SEND_HEARTBEAT {datanodeUUID=98692575-908f-4c6f-b3d7-fc3119b7636a, command=[]} | ret=SUCCESS |  
2019-09-10 13:03:38,313 | INFO  | SCMAudit | user=jenkins1000 | ip=192.168.5.153 | op=SEND_HEARTBEAT {datanodeUUID=b87234b6-97b4-403b-b761-d13c1d3498ce, command=[]} | ret=SUCCESS |  
2019-09-10 13:03:38,486 | INFO  | SCMAudit | user=jenkins1000 | ip=192.168.5.153 | op=SEND_HEARTBEAT {datanodeUUID=51f7194d-0b6e-44ce-bfd4-93c34be99c19, command=[]} | ret=SUCCESS |  
2019-09-10 13:03:38,602 | INFO  | SCMAudit | user=jenkins1000 | ip=192.168.5.153 | op=SEND_HEARTBEAT {datanodeUUID=677e3d93-3467-4860-9bf6-0d2ba46507f3, command=[]} | ret=SUCCESS |  
2019-09-10 13:03:38,602 | INFO  | SCMAudit | user=jenkins1000 | ip=192.168.5.153 | op=SEND_HEARTBEAT {datanodeUUID=5133bb85-d112-43d0-b51c-6140e4ebc540, command=[]} | ret=SUCCESS |  
2019-09-10 13:03:38,612 | INFO  | SCMAudit | user=jenkins1000 | ip=192.168.5.153 | op=SEND_HEARTBEAT {datanodeUUID=80892ce7-83f5-4ca2-be8c-d0fb582c0dda, command=[]} | ret=SUCCESS |  
2019-09-10 13:03:38,891 | INFO  | SCMAudit | user=jenkins1000 | ip=192.168.5.153 | op=SEND_HEARTBEAT {datanodeUUID=4afd2ab1-ec40-4403-b668-2a355860e883, command=[]} | ret=SUCCESS |  
2019-09-10 13:03:39,104 | INFO  | SCMAudit | user=jenkins1000 | ip=192.168.5.153 | op=SEND_HEARTBEAT {datanodeUUID=98692575-908f-4c6f-b3d7-fc3119b7636a, command=[]} | ret=SUCCESS |  
2019-09-10 13:03:39,314 | INFO  | SCMAudit | user=jenkins1000 | ip=192.168.5.153 | op=SEND_HEARTBEAT {datanodeUUID=b87234b6-97b4-403b-b761-d13c1d3498ce, command=[]} | ret=SUCCESS |  
2019-09-10 13:03:39,487 | INFO  | SCMAudit | user=jenkins1000 | ip=192.168.5.153 | op=SEND_HEARTBEAT {datanodeUUID=51f7194d-0b6e-44ce-bfd4-93c34be99c19, command=[]} | ret=SUCCESS |  
2019-09-10 13:03:39,602 | INFO  | SCMAudit | user=jenkins1000 | ip=192.168.5.153 | op=SEND_HEARTBEAT {datanodeUUID=677e3d93-3467-4860-9bf6-0d2ba46507f3, command=[]} | ret=SUCCESS |  
2019-09-10 13:03:39,602 | INFO  | SCMAudit | user=jenkins1000 | ip=192.168.5.153 | op=SEND_HEARTBEAT {datanodeUUID=5133bb85-d112-43d0-b51c-6140e4ebc540, command=[]} | ret=SUCCESS |  
2019-09-10 13:03:39,612 | INFO  | SCMAudit | user=jenkins1000 | ip=192.168.5.153 | op=SEND_HEARTBEAT {datanodeUUID=80892ce7-83f5-4ca2-be8c-d0fb582c0dda, command=[]} | ret=SUCCESS |  
2019-09-10 13:03:39,890 | INFO  | SCMAudit | user=jenkins1000 | ip=192.168.5.153 | op=SEND_HEARTBEAT {datanodeUUID=4afd2ab1-ec40-4403-b668-2a355860e883, command=[]} | ret=SUCCESS |  
2019-09-10 13:03:40,104 | INFO  | SCMAudit | user=jenkins1000 | ip=192.168.5.153 | op=SEND_HEARTBEAT {datanodeUUID=98692575-908f-4c6f-b3d7-fc3119b7636a, command=[]} | ret=SUCCESS |  
2019-09-10 13:03:40,314 | INFO  | SCMAudit | user=jenkins1000 | ip=192.168.5.153 | op=SEND_HEARTBEAT {datanodeUUID=b87234b6-97b4-403b-b761-d13c1d3498ce, command=[]} | ret=SUCCESS |  
2019-09-10 13:03:40,487 | INFO  | SCMAudit | user=jenkins1000 | ip=192.168.5.153 | op=SEND_HEARTBEAT {datanodeUUID=51f7194d-0b6e-44ce-bfd4-93c34be99c19, command=[]} | ret=SUCCESS |  
2019-09-10 13:03:40,602 | INFO  | SCMAudit | user=jenkins1000 | ip=192.168.5.153 | op=SEND_HEARTBEAT {datanodeUUID=677e3d93-3467-4860-9bf6-0d2ba46507f3, command=[]} | ret=SUCCESS |  
2019-09-10 13:03:40,602 | INFO  | SCMAudit | user=jenkins1000 | ip=192.168.5.153 | op=SEND_HEARTBEAT {datanodeUUID=5133bb85-d112-43d0-b51c-6140e4ebc540, command=[]} | ret=SUCCESS |  
2019-09-10 13:03:40,612 | INFO  | SCMAudit | user=jenkins1000 | ip=192.168.5.153 | op=SEND_HEARTBEAT {datanodeUUID=80892ce7-83f5-4ca2-be8c-d0fb582c0dda, command=[]} | ret=SUCCESS |  
2019-09-10 13:03:40,892 | INFO  | SCMAudit | user=jenkins1000 | ip=192.168.5.153 | op=SEND_HEARTBEAT {datanodeUUID=4afd2ab1-ec40-4403-b668-2a355860e883, command=[]} | ret=SUCCESS |  
2019-09-10 13:03:41,104 | INFO  | SCMAudit | user=jenkins1000 | ip=192.168.5.153 | op=SEND_HEARTBEAT {datanodeUUID=98692575-908f-4c6f-b3d7-fc3119b7636a, command=[]} | ret=SUCCESS |  
2019-09-10 13:03:41,314 | INFO  | SCMAudit | user=jenkins1000 | ip=192.168.5.153 | op=SEND_HEARTBEAT {datanodeUUID=b87234b6-97b4-403b-b761-d13c1d3498ce, command=[]} | ret=SUCCESS |  
2019-09-10 13:03:41,411 [grpc-default-executor-0] INFO  client.GrpcClientProtocolClient (GrpcClientProtocolClient.java:onNext(255)) - client-1AEBD7C46593->5133bb85-d112-43d0-b51c-6140e4ebc540: receive RaftClientReply:client-1AEBD7C46593->5133bb85-d112-43d0-b51c-6140e4ebc540@group-59B8B6051EC0, cid=45, FAILED org.apache.ratis.protocol.NotLeaderException: Server 5133bb85-d112-43d0-b51c-6140e4ebc540 is not the leader (677e3d93-3467-4860-9bf6-0d2ba46507f3:192.168.5.153:41781). Request must be sent to leader., logIndex=0, commits[5133bb85-d112-43d0-b51c-6140e4ebc540:c8, 80892ce7-83f5-4ca2-be8c-d0fb582c0dda:c8, 677e3d93-3467-4860-9bf6-0d2ba46507f3:c8]
2019-09-10 13:03:41,487 | INFO  | SCMAudit | user=jenkins1000 | ip=192.168.5.153 | op=SEND_HEARTBEAT {datanodeUUID=51f7194d-0b6e-44ce-bfd4-93c34be99c19, command=[]} | ret=SUCCESS |  
2019-09-10 13:03:41,602 | INFO  | SCMAudit | user=jenkins1000 | ip=192.168.5.153 | op=SEND_HEARTBEAT {datanodeUUID=677e3d93-3467-4860-9bf6-0d2ba46507f3, command=[]} | ret=SUCCESS |  
2019-09-10 13:03:41,602 | INFO  | SCMAudit | user=jenkins1000 | ip=192.168.5.153 | op=SEND_HEARTBEAT {datanodeUUID=5133bb85-d112-43d0-b51c-6140e4ebc540, command=[]} | ret=SUCCESS |  
2019-09-10 13:03:41,611 | INFO  | SCMAudit | user=jenkins1000 | ip=192.168.5.153 | op=SEND_HEARTBEAT {datanodeUUID=80892ce7-83f5-4ca2-be8c-d0fb582c0dda, command=[]} | ret=SUCCESS |  
2019-09-10 13:03:41,892 | INFO  | SCMAudit | user=jenkins1000 | ip=192.168.5.153 | op=SEND_HEARTBEAT {datanodeUUID=4afd2ab1-ec40-4403-b668-2a355860e883, command=[]} | ret=SUCCESS |  
2019-09-10 13:03:42,104 | INFO  | SCMAudit | user=jenkins1000 | ip=192.168.5.153 | op=SEND_HEARTBEAT {datanodeUUID=98692575-908f-4c6f-b3d7-fc3119b7636a, command=[]} | ret=SUCCESS |  
2019-09-10 13:03:42,314 | INFO  | SCMAudit | user=jenkins1000 | ip=192.168.5.153 | op=SEND_HEARTBEAT {datanodeUUID=b87234b6-97b4-403b-b761-d13c1d3498ce, command=[]} | ret=SUCCESS |  
2019-09-10 13:03:42,487 | INFO  | SCMAudit | user=jenkins1000 | ip=192.168.5.153 | op=SEND_HEARTBEAT {datanodeUUID=51f7194d-0b6e-44ce-bfd4-93c34be99c19, command=[]} | ret=SUCCESS |  
2019-09-10 13:03:42,602 | INFO  | SCMAudit | user=jenkins1000 | ip=192.168.5.153 | op=SEND_HEARTBEAT {datanodeUUID=5133bb85-d112-43d0-b51c-6140e4ebc540, command=[]} | ret=SUCCESS |  
2019-09-10 13:03:42,602 | INFO  | SCMAudit | user=jenkins1000 | ip=192.168.5.153 | op=SEND_HEARTBEAT {datanodeUUID=677e3d93-3467-4860-9bf6-0d2ba46507f3, command=[]} | ret=SUCCESS |  
2019-09-10 13:03:42,612 | INFO  | SCMAudit | user=jenkins1000 | ip=192.168.5.153 | op=SEND_HEARTBEAT {datanodeUUID=80892ce7-83f5-4ca2-be8c-d0fb582c0dda, command=[]} | ret=SUCCESS |  
2019-09-10 13:03:42,892 | INFO  | SCMAudit | user=jenkins1000 | ip=192.168.5.153 | op=SEND_HEARTBEAT {datanodeUUID=4afd2ab1-ec40-4403-b668-2a355860e883, command=[]} | ret=SUCCESS |  
2019-09-10 13:03:43,104 | INFO  | SCMAudit | user=jenkins1000 | ip=192.168.5.153 | op=SEND_HEARTBEAT {datanodeUUID=98692575-908f-4c6f-b3d7-fc3119b7636a, command=[]} | ret=SUCCESS |  
2019-09-10 13:03:43,314 | INFO  | SCMAudit | user=jenkins1000 | ip=192.168.5.153 | op=SEND_HEARTBEAT {datanodeUUID=b87234b6-97b4-403b-b761-d13c1d3498ce, command=[]} | ret=SUCCESS |  
2019-09-10 13:03:43,488 | INFO  | SCMAudit | user=jenkins1000 | ip=192.168.5.153 | op=SEND_HEARTBEAT {datanodeUUID=51f7194d-0b6e-44ce-bfd4-93c34be99c19, command=[]} | ret=SUCCESS |  
2019-09-10 13:03:43,602 | INFO  | SCMAudit | user=jenkins1000 | ip=192.168.5.153 | op=SEND_HEARTBEAT {datanodeUUID=677e3d93-3467-4860-9bf6-0d2ba46507f3, command=[]} | ret=SUCCESS |  
2019-09-10 13:03:43,603 | INFO  | SCMAudit | user=jenkins1000 | ip=192.168.5.153 | op=SEND_HEARTBEAT {datanodeUUID=5133bb85-d112-43d0-b51c-6140e4ebc540, command=[]} | ret=SUCCESS |  
2019-09-10 13:03:43,612 | INFO  | SCMAudit | user=jenkins1000 | ip=192.168.5.153 | op=SEND_HEARTBEAT {datanodeUUID=80892ce7-83f5-4ca2-be8c-d0fb582c0dda, command=[]} | ret=SUCCESS |  
2019-09-10 13:03:43,892 | INFO  | SCMAudit | user=jenkins1000 | ip=192.168.5.153 | op=SEND_HEARTBEAT {datanodeUUID=4afd2ab1-ec40-4403-b668-2a355860e883, command=[]} | ret=SUCCESS |  
2019-09-10 13:03:44,104 | INFO  | SCMAudit | user=jenkins1000 | ip=192.168.5.153 | op=SEND_HEARTBEAT {datanodeUUID=98692575-908f-4c6f-b3d7-fc3119b7636a, command=[]} | ret=SUCCESS |  
2019-09-10 13:03:44,314 | INFO  | SCMAudit | user=jenkins1000 | ip=192.168.5.153 | op=SEND_HEARTBEAT {datanodeUUID=b87234b6-97b4-403b-b761-d13c1d3498ce, command=[]} | ret=SUCCESS |  
2019-09-10 13:03:44,488 | INFO  | SCMAudit | user=jenkins1000 | ip=192.168.5.153 | op=SEND_HEARTBEAT {datanodeUUID=51f7194d-0b6e-44ce-bfd4-93c34be99c19, command=[]} | ret=SUCCESS |  
2019-09-10 13:03:44,602 | INFO  | SCMAudit | user=jenkins1000 | ip=192.168.5.153 | op=SEND_HEARTBEAT {datanodeUUID=677e3d93-3467-4860-9bf6-0d2ba46507f3, command=[]} | ret=SUCCESS |  
2019-09-10 13:03:44,603 | INFO  | SCMAudit | user=jenkins1000 | ip=192.168.5.153 | op=SEND_HEARTBEAT {datanodeUUID=5133bb85-d112-43d0-b51c-6140e4ebc540, command=[]} | ret=SUCCESS |  
2019-09-10 13:03:44,612 | INFO  | SCMAudit | user=jenkins1000 | ip=192.168.5.153 | op=SEND_HEARTBEAT {datanodeUUID=80892ce7-83f5-4ca2-be8c-d0fb582c0dda, command=[]} | ret=SUCCESS |  
2019-09-10 13:03:44,892 | INFO  | SCMAudit | user=jenkins1000 | ip=192.168.5.153 | op=SEND_HEARTBEAT {datanodeUUID=4afd2ab1-ec40-4403-b668-2a355860e883, command=[]} | ret=SUCCESS |  
2019-09-10 13:03:45,104 | INFO  | SCMAudit | user=jenkins1000 | ip=192.168.5.153 | op=SEND_HEARTBEAT {datanodeUUID=98692575-908f-4c6f-b3d7-fc3119b7636a, command=[]} | ret=SUCCESS |  
2019-09-10 13:03:45,314 | INFO  | SCMAudit | user=jenkins1000 | ip=192.168.5.153 | op=SEND_HEARTBEAT {datanodeUUID=b87234b6-97b4-403b-b761-d13c1d3498ce, command=[]} | ret=SUCCESS |  
2019-09-10 13:03:45,488 | INFO  | SCMAudit | user=jenkins1000 | ip=192.168.5.153 | op=SEND_HEARTBEAT {datanodeUUID=51f7194d-0b6e-44ce-bfd4-93c34be99c19, command=[]} | ret=SUCCESS |  
2019-09-10 13:03:45,603 | INFO  | SCMAudit | user=jenkins1000 | ip=192.168.5.153 | op=SEND_HEARTBEAT {datanodeUUID=5133bb85-d112-43d0-b51c-6140e4ebc540, command=[]} | ret=SUCCESS |  
2019-09-10 13:03:45,603 | INFO  | SCMAudit | user=jenkins1000 | ip=192.168.5.153 | op=SEND_HEARTBEAT {datanodeUUID=677e3d93-3467-4860-9bf6-0d2ba46507f3, command=[]} | ret=SUCCESS |  
2019-09-10 13:03:45,612 | INFO  | SCMAudit | user=jenkins1000 | ip=192.168.5.153 | op=SEND_HEARTBEAT {datanodeUUID=80892ce7-83f5-4ca2-be8c-d0fb582c0dda, command=[]} | ret=SUCCESS |  
2019-09-10 13:03:45,892 | INFO  | SCMAudit | user=jenkins1000 | ip=192.168.5.153 | op=SEND_HEARTBEAT {datanodeUUID=4afd2ab1-ec40-4403-b668-2a355860e883, command=[]} | ret=SUCCESS |  
2019-09-10 13:03:46,104 | INFO  | SCMAudit | user=jenkins1000 | ip=192.168.5.153 | op=SEND_HEARTBEAT {datanodeUUID=98692575-908f-4c6f-b3d7-fc3119b7636a, command=[]} | ret=SUCCESS |  
2019-09-10 13:03:46,315 | INFO  | SCMAudit | user=jenkins1000 | ip=192.168.5.153 | op=SEND_HEARTBEAT {datanodeUUID=b87234b6-97b4-403b-b761-d13c1d3498ce, command=[]} | ret=SUCCESS |  
2019-09-10 13:03:46,455 [grpc-default-executor-0] INFO  client.GrpcClientProtocolClient (GrpcClientProtocolClient.java:onNext(255)) - client-1AEBD7C46593->5133bb85-d112-43d0-b51c-6140e4ebc540: receive RaftClientReply:client-1AEBD7C46593->5133bb85-d112-43d0-b51c-6140e4ebc540@group-59B8B6051EC0, cid=45, FAILED org.apache.ratis.protocol.NotLeaderException: Server 5133bb85-d112-43d0-b51c-6140e4ebc540 is not the leader (677e3d93-3467-4860-9bf6-0d2ba46507f3:192.168.5.153:41781). Request must be sent to leader., logIndex=0, commits[5133bb85-d112-43d0-b51c-6140e4ebc540:c8, 80892ce7-83f5-4ca2-be8c-d0fb582c0dda:c8, 677e3d93-3467-4860-9bf6-0d2ba46507f3:c8]
2019-09-10 13:03:46,488 | INFO  | SCMAudit | user=jenkins1000 | ip=192.168.5.153 | op=SEND_HEARTBEAT {datanodeUUID=51f7194d-0b6e-44ce-bfd4-93c34be99c19, command=[]} | ret=SUCCESS |  
2019-09-10 13:03:46,603 | INFO  | SCMAudit | user=jenkins1000 | ip=192.168.5.153 | op=SEND_HEARTBEAT {datanodeUUID=677e3d93-3467-4860-9bf6-0d2ba46507f3, command=[]} | ret=SUCCESS |  
2019-09-10 13:03:46,603 | INFO  | SCMAudit | user=jenkins1000 | ip=192.168.5.153 | op=SEND_HEARTBEAT {datanodeUUID=5133bb85-d112-43d0-b51c-6140e4ebc540, command=[]} | ret=SUCCESS |  
2019-09-10 13:03:46,612 | INFO  | SCMAudit | user=jenkins1000 | ip=192.168.5.153 | op=SEND_HEARTBEAT {datanodeUUID=80892ce7-83f5-4ca2-be8c-d0fb582c0dda, command=[]} | ret=SUCCESS |  
2019-09-10 13:03:46,892 | INFO  | SCMAudit | user=jenkins1000 | ip=192.168.5.153 | op=SEND_HEARTBEAT {datanodeUUID=4afd2ab1-ec40-4403-b668-2a355860e883, command=[]} | ret=SUCCESS |  
2019-09-10 13:03:47,104 | INFO  | SCMAudit | user=jenkins1000 | ip=192.168.5.153 | op=SEND_HEARTBEAT {datanodeUUID=98692575-908f-4c6f-b3d7-fc3119b7636a, command=[]} | ret=SUCCESS |  
2019-09-10 13:03:47,315 | INFO  | SCMAudit | user=jenkins1000 | ip=192.168.5.153 | op=SEND_HEARTBEAT {datanodeUUID=b87234b6-97b4-403b-b761-d13c1d3498ce, command=[]} | ret=SUCCESS |  
2019-09-10 13:03:47,487 | INFO  | SCMAudit | user=jenkins1000 | ip=192.168.5.153 | op=SEND_HEARTBEAT {datanodeUUID=51f7194d-0b6e-44ce-bfd4-93c34be99c19, command=[]} | ret=SUCCESS |  
2019-09-10 13:03:47,603 | INFO  | SCMAudit | user=jenkins1000 | ip=192.168.5.153 | op=SEND_HEARTBEAT {datanodeUUID=677e3d93-3467-4860-9bf6-0d2ba46507f3, command=[]} | ret=SUCCESS |  
2019-09-10 13:03:47,603 | INFO  | SCMAudit | user=jenkins1000 | ip=192.168.5.153 | op=SEND_HEARTBEAT {datanodeUUID=5133bb85-d112-43d0-b51c-6140e4ebc540, command=[]} | ret=SUCCESS |  
2019-09-10 13:03:47,612 | INFO  | SCMAudit | user=jenkins1000 | ip=192.168.5.153 | op=SEND_HEARTBEAT {datanodeUUID=80892ce7-83f5-4ca2-be8c-d0fb582c0dda, command=[]} | ret=SUCCESS |  
2019-09-10 13:03:47,892 | INFO  | SCMAudit | user=jenkins1000 | ip=192.168.5.153 | op=SEND_HEARTBEAT {datanodeUUID=4afd2ab1-ec40-4403-b668-2a355860e883, command=[]} | ret=SUCCESS |  
2019-09-10 13:03:48,104 | INFO  | SCMAudit | user=jenkins1000 | ip=192.168.5.153 | op=SEND_HEARTBEAT {datanodeUUID=98692575-908f-4c6f-b3d7-fc3119b7636a, command=[]} | ret=SUCCESS |  
2019-09-10 13:03:48,316 | INFO  | SCMAudit | user=jenkins1000 | ip=192.168.5.153 | op=SEND_HEARTBEAT {datanodeUUID=b87234b6-97b4-403b-b761-d13c1d3498ce, command=[]} | ret=SUCCESS |  
2019-09-10 13:03:48,488 | INFO  | SCMAudit | user=jenkins1000 | ip=192.168.5.153 | op=SEND_HEARTBEAT {datanodeUUID=51f7194d-0b6e-44ce-bfd4-93c34be99c19, command=[]} | ret=SUCCESS |  
2019-09-10 13:03:48,603 | INFO  | SCMAudit | user=jenkins1000 | ip=192.168.5.153 | op=SEND_HEARTBEAT {datanodeUUID=5133bb85-d112-43d0-b51c-6140e4ebc540, command=[]} | ret=SUCCESS |  
2019-09-10 13:03:48,603 | INFO  | SCMAudit | user=jenkins1000 | ip=192.168.5.153 | op=SEND_HEARTBEAT {datanodeUUID=677e3d93-3467-4860-9bf6-0d2ba46507f3, command=[]} | ret=SUCCESS |  
2019-09-10 13:03:48,612 | INFO  | SCMAudit | user=jenkins1000 | ip=192.168.5.153 | op=SEND_HEARTBEAT {datanodeUUID=80892ce7-83f5-4ca2-be8c-d0fb582c0dda, command=[]} | ret=SUCCESS |  
2019-09-10 13:03:48,892 | INFO  | SCMAudit | user=jenkins1000 | ip=192.168.5.153 | op=SEND_HEARTBEAT {datanodeUUID=4afd2ab1-ec40-4403-b668-2a355860e883, command=[]} | ret=SUCCESS |  
2019-09-10 13:03:49,104 | INFO  | SCMAudit | user=jenkins1000 | ip=192.168.5.153 | op=SEND_HEARTBEAT {datanodeUUID=98692575-908f-4c6f-b3d7-fc3119b7636a, command=[]} | ret=SUCCESS |  
2019-09-10 13:03:49,315 | INFO  | SCMAudit | user=jenkins1000 | ip=192.168.5.153 | op=SEND_HEARTBEAT {datanodeUUID=b87234b6-97b4-403b-b761-d13c1d3498ce, command=[]} | ret=SUCCESS |  
2019-09-10 13:03:49,489 | INFO  | SCMAudit | user=jenkins1000 | ip=192.168.5.153 | op=SEND_HEARTBEAT {datanodeUUID=51f7194d-0b6e-44ce-bfd4-93c34be99c19, command=[]} | ret=SUCCESS |  
2019-09-10 13:03:49,603 | INFO  | SCMAudit | user=jenkins1000 | ip=192.168.5.153 | op=SEND_HEARTBEAT {datanodeUUID=677e3d93-3467-4860-9bf6-0d2ba46507f3, command=[]} | ret=SUCCESS |  
2019-09-10 13:03:49,603 | INFO  | SCMAudit | user=jenkins1000 | ip=192.168.5.153 | op=SEND_HEARTBEAT {datanodeUUID=5133bb85-d112-43d0-b51c-6140e4ebc540, command=[]} | ret=SUCCESS |  
2019-09-10 13:03:49,612 | INFO  | SCMAudit | user=jenkins1000 | ip=192.168.5.153 | op=SEND_HEARTBEAT {datanodeUUID=80892ce7-83f5-4ca2-be8c-d0fb582c0dda, command=[]} | ret=SUCCESS |  
2019-09-10 13:03:49,893 | INFO  | SCMAudit | user=jenkins1000 | ip=192.168.5.153 | op=SEND_HEARTBEAT {datanodeUUID=4afd2ab1-ec40-4403-b668-2a355860e883, command=[]} | ret=SUCCESS |  
2019-09-10 13:03:50,104 | INFO  | SCMAudit | user=jenkins1000 | ip=192.168.5.153 | op=SEND_HEARTBEAT {datanodeUUID=98692575-908f-4c6f-b3d7-fc3119b7636a, command=[]} | ret=SUCCESS |  
2019-09-10 13:03:50,315 | INFO  | SCMAudit | user=jenkins1000 | ip=192.168.5.153 | op=SEND_HEARTBEAT {datanodeUUID=b87234b6-97b4-403b-b761-d13c1d3498ce, command=[]} | ret=SUCCESS |  
2019-09-10 13:03:50,488 | INFO  | SCMAudit | user=jenkins1000 | ip=192.168.5.153 | op=SEND_HEARTBEAT {datanodeUUID=51f7194d-0b6e-44ce-bfd4-93c34be99c19, command=[]} | ret=SUCCESS |  
2019-09-10 13:03:50,603 | INFO  | SCMAudit | user=jenkins1000 | ip=192.168.5.153 | op=SEND_HEARTBEAT {datanodeUUID=5133bb85-d112-43d0-b51c-6140e4ebc540, command=[]} | ret=SUCCESS |  
2019-09-10 13:03:50,603 | INFO  | SCMAudit | user=jenkins1000 | ip=192.168.5.153 | op=SEND_HEARTBEAT {datanodeUUID=677e3d93-3467-4860-9bf6-0d2ba46507f3, command=[]} | ret=SUCCESS |  
2019-09-10 13:03:50,612 | INFO  | SCMAudit | user=jenkins1000 | ip=192.168.5.153 | op=SEND_HEARTBEAT {datanodeUUID=80892ce7-83f5-4ca2-be8c-d0fb582c0dda, command=[]} | ret=SUCCESS |  
2019-09-10 13:03:50,893 | INFO  | SCMAudit | user=jenkins1000 | ip=192.168.5.153 | op=SEND_HEARTBEAT {datanodeUUID=4afd2ab1-ec40-4403-b668-2a355860e883, command=[]} | ret=SUCCESS |  
2019-09-10 13:03:51,104 | INFO  | SCMAudit | user=jenkins1000 | ip=192.168.5.153 | op=SEND_HEARTBEAT {datanodeUUID=98692575-908f-4c6f-b3d7-fc3119b7636a, command=[]} | ret=SUCCESS |  
2019-09-10 13:03:51,315 | INFO  | SCMAudit | user=jenkins1000 | ip=192.168.5.153 | op=SEND_HEARTBEAT {datanodeUUID=b87234b6-97b4-403b-b761-d13c1d3498ce, command=[]} | ret=SUCCESS |  
2019-09-10 13:03:51,491 | INFO  | SCMAudit | user=jenkins1000 | ip=192.168.5.153 | op=SEND_HEARTBEAT {datanodeUUID=51f7194d-0b6e-44ce-bfd4-93c34be99c19, command=[]} | ret=SUCCESS |  
2019-09-10 13:03:51,491 [grpc-default-executor-0] INFO  client.GrpcClientProtocolClient (GrpcClientProtocolClient.java:onNext(255)) - client-1AEBD7C46593->80892ce7-83f5-4ca2-be8c-d0fb582c0dda: receive RaftClientReply:client-1AEBD7C46593->80892ce7-83f5-4ca2-be8c-d0fb582c0dda@group-59B8B6051EC0, cid=45, FAILED org.apache.ratis.protocol.NotLeaderException: Server 80892ce7-83f5-4ca2-be8c-d0fb582c0dda is not the leader (677e3d93-3467-4860-9bf6-0d2ba46507f3:192.168.5.153:41781). Request must be sent to leader., logIndex=0, commits[80892ce7-83f5-4ca2-be8c-d0fb582c0dda:c8, 677e3d93-3467-4860-9bf6-0d2ba46507f3:c8, 5133bb85-d112-43d0-b51c-6140e4ebc540:c8]
2019-09-10 13:03:51,603 | INFO  | SCMAudit | user=jenkins1000 | ip=192.168.5.153 | op=SEND_HEARTBEAT {datanodeUUID=677e3d93-3467-4860-9bf6-0d2ba46507f3, command=[]} | ret=SUCCESS |  
2019-09-10 13:03:51,604 | INFO  | SCMAudit | user=jenkins1000 | ip=192.168.5.153 | op=SEND_HEARTBEAT {datanodeUUID=5133bb85-d112-43d0-b51c-6140e4ebc540, command=[]} | ret=SUCCESS |  
2019-09-10 13:03:51,612 | INFO  | SCMAudit | user=jenkins1000 | ip=192.168.5.153 | op=SEND_HEARTBEAT {datanodeUUID=80892ce7-83f5-4ca2-be8c-d0fb582c0dda, command=[]} | ret=SUCCESS |  
2019-09-10 13:03:51,893 | INFO  | SCMAudit | user=jenkins1000 | ip=192.168.5.153 | op=SEND_HEARTBEAT {datanodeUUID=4afd2ab1-ec40-4403-b668-2a355860e883, command=[]} | ret=SUCCESS |  
2019-09-10 13:03:52,104 | INFO  | SCMAudit | user=jenkins1000 | ip=192.168.5.153 | op=SEND_HEARTBEAT {datanodeUUID=98692575-908f-4c6f-b3d7-fc3119b7636a, command=[]} | ret=SUCCESS |  
2019-09-10 13:03:52,315 | INFO  | SCMAudit | user=jenkins1000 | ip=192.168.5.153 | op=SEND_HEARTBEAT {datanodeUUID=b87234b6-97b4-403b-b761-d13c1d3498ce, command=[]} | ret=SUCCESS |  
2019-09-10 13:03:52,491 | INFO  | SCMAudit | user=jenkins1000 | ip=192.168.5.153 | op=SEND_HEARTBEAT {datanodeUUID=51f7194d-0b6e-44ce-bfd4-93c34be99c19, command=[]} | ret=SUCCESS |  
2019-09-10 13:03:52,603 | INFO  | SCMAudit | user=jenkins1000 | ip=192.168.5.153 | op=SEND_HEARTBEAT {datanodeUUID=5133bb85-d112-43d0-b51c-6140e4ebc540, command=[]} | ret=SUCCESS |  
2019-09-10 13:03:52,603 | INFO  | SCMAudit | user=jenkins1000 | ip=192.168.5.153 | op=SEND_HEARTBEAT {datanodeUUID=677e3d93-3467-4860-9bf6-0d2ba46507f3, command=[]} | ret=SUCCESS |  
2019-09-10 13:03:52,612 | INFO  | SCMAudit | user=jenkins1000 | ip=192.168.5.153 | op=SEND_HEARTBEAT {datanodeUUID=80892ce7-83f5-4ca2-be8c-d0fb582c0dda, command=[]} | ret=SUCCESS |  
2019-09-10 13:03:52,893 | INFO  | SCMAudit | user=jenkins1000 | ip=192.168.5.153 | op=SEND_HEARTBEAT {datanodeUUID=4afd2ab1-ec40-4403-b668-2a355860e883, command=[]} | ret=SUCCESS |  
2019-09-10 13:03:53,104 | INFO  | SCMAudit | user=jenkins1000 | ip=192.168.5.153 | op=SEND_HEARTBEAT {datanodeUUID=98692575-908f-4c6f-b3d7-fc3119b7636a, command=[]} | ret=SUCCESS |  
2019-09-10 13:03:53,316 | INFO  | SCMAudit | user=jenkins1000 | ip=192.168.5.153 | op=SEND_HEARTBEAT {datanodeUUID=b87234b6-97b4-403b-b761-d13c1d3498ce, command=[]} | ret=SUCCESS |  
2019-09-10 13:03:53,491 | INFO  | SCMAudit | user=jenkins1000 | ip=192.168.5.153 | op=SEND_HEARTBEAT {datanodeUUID=51f7194d-0b6e-44ce-bfd4-93c34be99c19, command=[]} | ret=SUCCESS |  
2019-09-10 13:03:53,603 | INFO  | SCMAudit | user=jenkins1000 | ip=192.168.5.153 | op=SEND_HEARTBEAT {datanodeUUID=5133bb85-d112-43d0-b51c-6140e4ebc540, command=[]} | ret=SUCCESS |  
2019-09-10 13:03:53,603 | INFO  | SCMAudit | user=jenkins1000 | ip=192.168.5.153 | op=SEND_HEARTBEAT {datanodeUUID=677e3d93-3467-4860-9bf6-0d2ba46507f3, command=[]} | ret=SUCCESS |  
2019-09-10 13:03:53,612 | INFO  | SCMAudit | user=jenkins1000 | ip=192.168.5.153 | op=SEND_HEARTBEAT {datanodeUUID=80892ce7-83f5-4ca2-be8c-d0fb582c0dda, command=[]} | ret=SUCCESS |  
2019-09-10 13:03:53,893 | INFO  | SCMAudit | user=jenkins1000 | ip=192.168.5.153 | op=SEND_HEARTBEAT {datanodeUUID=4afd2ab1-ec40-4403-b668-2a355860e883, command=[]} | ret=SUCCESS |  
2019-09-10 13:03:54,105 | INFO  | SCMAudit | user=jenkins1000 | ip=192.168.5.153 | op=SEND_HEARTBEAT {datanodeUUID=98692575-908f-4c6f-b3d7-fc3119b7636a, command=[]} | ret=SUCCESS |  
2019-09-10 13:03:54,316 | INFO  | SCMAudit | user=jenkins1000 | ip=192.168.5.153 | op=SEND_HEARTBEAT {datanodeUUID=b87234b6-97b4-403b-b761-d13c1d3498ce, command=[]} | ret=SUCCESS |  
2019-09-10 13:03:54,491 | INFO  | SCMAudit | user=jenkins1000 | ip=192.168.5.153 | op=SEND_HEARTBEAT {datanodeUUID=51f7194d-0b6e-44ce-bfd4-93c34be99c19, command=[]} | ret=SUCCESS |  
2019-09-10 13:03:54,603 | INFO  | SCMAudit | user=jenkins1000 | ip=192.168.5.153 | op=SEND_HEARTBEAT {datanodeUUID=677e3d93-3467-4860-9bf6-0d2ba46507f3, command=[]} | ret=SUCCESS |  
2019-09-10 13:03:54,603 | INFO  | SCMAudit | user=jenkins1000 | ip=192.168.5.153 | op=SEND_HEARTBEAT {datanodeUUID=5133bb85-d112-43d0-b51c-6140e4ebc540, command=[]} | ret=SUCCESS |  
2019-09-10 13:03:54,612 | INFO  | SCMAudit | user=jenkins1000 | ip=192.168.5.153 | op=SEND_HEARTBEAT {datanodeUUID=80892ce7-83f5-4ca2-be8c-d0fb582c0dda, command=[]} | ret=SUCCESS |  
2019-09-10 13:03:54,892 | INFO  | SCMAudit | user=jenkins1000 | ip=192.168.5.153 | op=SEND_HEARTBEAT {datanodeUUID=4afd2ab1-ec40-4403-b668-2a355860e883, command=[]} | ret=SUCCESS |  
2019-09-10 13:03:55,105 | INFO  | SCMAudit | user=jenkins1000 | ip=192.168.5.153 | op=SEND_HEARTBEAT {datanodeUUID=98692575-908f-4c6f-b3d7-fc3119b7636a, command=[]} | ret=SUCCESS |  
2019-09-10 13:03:55,316 | INFO  | SCMAudit | user=jenkins1000 | ip=192.168.5.153 | op=SEND_HEARTBEAT {datanodeUUID=b87234b6-97b4-403b-b761-d13c1d3498ce, command=[]} | ret=SUCCESS |  
2019-09-10 13:03:55,492 | INFO  | SCMAudit | user=jenkins1000 | ip=192.168.5.153 | op=SEND_HEARTBEAT {datanodeUUID=51f7194d-0b6e-44ce-bfd4-93c34be99c19, command=[]} | ret=SUCCESS |  
2019-09-10 13:03:55,603 | INFO  | SCMAudit | user=jenkins1000 | ip=192.168.5.153 | op=SEND_HEARTBEAT {datanodeUUID=677e3d93-3467-4860-9bf6-0d2ba46507f3, command=[]} | ret=SUCCESS |  
2019-09-10 13:03:55,603 | INFO  | SCMAudit | user=jenkins1000 | ip=192.168.5.153 | op=SEND_HEARTBEAT {datanodeUUID=5133bb85-d112-43d0-b51c-6140e4ebc540, command=[]} | ret=SUCCESS |  
2019-09-10 13:03:55,612 | INFO  | SCMAudit | user=jenkins1000 | ip=192.168.5.153 | op=SEND_HEARTBEAT {datanodeUUID=80892ce7-83f5-4ca2-be8c-d0fb582c0dda, command=[]} | ret=SUCCESS |  
2019-09-10 13:03:55,893 | INFO  | SCMAudit | user=jenkins1000 | ip=192.168.5.153 | op=SEND_HEARTBEAT {datanodeUUID=4afd2ab1-ec40-4403-b668-2a355860e883, command=[]} | ret=SUCCESS |  
2019-09-10 13:03:56,105 | INFO  | SCMAudit | user=jenkins1000 | ip=192.168.5.153 | op=SEND_HEARTBEAT {datanodeUUID=98692575-908f-4c6f-b3d7-fc3119b7636a, command=[]} | ret=SUCCESS |  
2019-09-10 13:03:56,316 | INFO  | SCMAudit | user=jenkins1000 | ip=192.168.5.153 | op=SEND_HEARTBEAT {datanodeUUID=b87234b6-97b4-403b-b761-d13c1d3498ce, command=[]} | ret=SUCCESS |  
2019-09-10 13:03:56,491 | INFO  | SCMAudit | user=jenkins1000 | ip=192.168.5.153 | op=SEND_HEARTBEAT {datanodeUUID=51f7194d-0b6e-44ce-bfd4-93c34be99c19, command=[]} | ret=SUCCESS |  
2019-09-10 13:03:56,528 [grpc-default-executor-0] INFO  client.GrpcClientProtocolClient (GrpcClientProtocolClient.java:onNext(255)) - client-1AEBD7C46593->80892ce7-83f5-4ca2-be8c-d0fb582c0dda: receive RaftClientReply:client-1AEBD7C46593->80892ce7-83f5-4ca2-be8c-d0fb582c0dda@group-59B8B6051EC0, cid=45, FAILED org.apache.ratis.protocol.NotLeaderException: Server 80892ce7-83f5-4ca2-be8c-d0fb582c0dda is not the leader (677e3d93-3467-4860-9bf6-0d2ba46507f3:192.168.5.153:41781). Request must be sent to leader., logIndex=0, commits[80892ce7-83f5-4ca2-be8c-d0fb582c0dda:c8, 677e3d93-3467-4860-9bf6-0d2ba46507f3:c8, 5133bb85-d112-43d0-b51c-6140e4ebc540:c8]
2019-09-10 13:03:56,603 | INFO  | SCMAudit | user=jenkins1000 | ip=192.168.5.153 | op=SEND_HEARTBEAT {datanodeUUID=5133bb85-d112-43d0-b51c-6140e4ebc540, command=[]} | ret=SUCCESS |  
2019-09-10 13:03:56,605 | INFO  | SCMAudit | user=jenkins1000 | ip=192.168.5.153 | op=SEND_HEARTBEAT {datanodeUUID=677e3d93-3467-4860-9bf6-0d2ba46507f3, command=[]} | ret=SUCCESS |  
2019-09-10 13:03:56,612 | INFO  | SCMAudit | user=jenkins1000 | ip=192.168.5.153 | op=SEND_HEARTBEAT {datanodeUUID=80892ce7-83f5-4ca2-be8c-d0fb582c0dda, command=[]} | ret=SUCCESS |  
2019-09-10 13:03:56,893 | INFO  | SCMAudit | user=jenkins1000 | ip=192.168.5.153 | op=SEND_HEARTBEAT {datanodeUUID=4afd2ab1-ec40-4403-b668-2a355860e883, command=[]} | ret=SUCCESS |  
2019-09-10 13:03:57,105 | INFO  | SCMAudit | user=jenkins1000 | ip=192.168.5.153 | op=SEND_HEARTBEAT {datanodeUUID=98692575-908f-4c6f-b3d7-fc3119b7636a, command=[]} | ret=SUCCESS |  
2019-09-10 13:03:57,316 | INFO  | SCMAudit | user=jenkins1000 | ip=192.168.5.153 | op=SEND_HEARTBEAT {datanodeUUID=b87234b6-97b4-403b-b761-d13c1d3498ce, command=[]} | ret=SUCCESS |  
2019-09-10 13:03:57,491 | INFO  | SCMAudit | user=jenkins1000 | ip=192.168.5.153 | op=SEND_HEARTBEAT {datanodeUUID=51f7194d-0b6e-44ce-bfd4-93c34be99c19, command=[]} | ret=SUCCESS |  
2019-09-10 13:03:57,603 | INFO  | SCMAudit | user=jenkins1000 | ip=192.168.5.153 | op=SEND_HEARTBEAT {datanodeUUID=5133bb85-d112-43d0-b51c-6140e4ebc540, command=[]} | ret=SUCCESS |  
2019-09-10 13:03:57,603 | INFO  | SCMAudit | user=jenkins1000 | ip=192.168.5.153 | op=SEND_HEARTBEAT {datanodeUUID=677e3d93-3467-4860-9bf6-0d2ba46507f3, command=[]} | ret=SUCCESS |  
2019-09-10 13:03:57,612 | INFO  | SCMAudit | user=jenkins1000 | ip=192.168.5.153 | op=SEND_HEARTBEAT {datanodeUUID=80892ce7-83f5-4ca2-be8c-d0fb582c0dda, command=[]} | ret=SUCCESS |  
2019-09-10 13:03:57,893 | INFO  | SCMAudit | user=jenkins1000 | ip=192.168.5.153 | op=SEND_HEARTBEAT {datanodeUUID=4afd2ab1-ec40-4403-b668-2a355860e883, command=[]} | ret=SUCCESS |  
2019-09-10 13:03:58,106 | INFO  | SCMAudit | user=jenkins1000 | ip=192.168.5.153 | op=SEND_HEARTBEAT {datanodeUUID=98692575-908f-4c6f-b3d7-fc3119b7636a, command=[]} | ret=SUCCESS |  
2019-09-10 13:03:58,317 | INFO  | SCMAudit | user=jenkins1000 | ip=192.168.5.153 | op=SEND_HEARTBEAT {datanodeUUID=b87234b6-97b4-403b-b761-d13c1d3498ce, command=[]} | ret=SUCCESS |  
2019-09-10 13:03:58,492 | INFO  | SCMAudit | user=jenkins1000 | ip=192.168.5.153 | op=SEND_HEARTBEAT {datanodeUUID=51f7194d-0b6e-44ce-bfd4-93c34be99c19, command=[]} | ret=SUCCESS |  
2019-09-10 13:03:58,603 | INFO  | SCMAudit | user=jenkins1000 | ip=192.168.5.153 | op=SEND_HEARTBEAT {datanodeUUID=677e3d93-3467-4860-9bf6-0d2ba46507f3, command=[]} | ret=SUCCESS |  
2019-09-10 13:03:58,603 | INFO  | SCMAudit | user=jenkins1000 | ip=192.168.5.153 | op=SEND_HEARTBEAT {datanodeUUID=5133bb85-d112-43d0-b51c-6140e4ebc540, command=[]} | ret=SUCCESS |  
2019-09-10 13:03:58,613 | INFO  | SCMAudit | user=jenkins1000 | ip=192.168.5.153 | op=SEND_HEARTBEAT {datanodeUUID=80892ce7-83f5-4ca2-be8c-d0fb582c0dda, command=[]} | ret=SUCCESS |  
2019-09-10 13:03:58,894 | INFO  | SCMAudit | user=jenkins1000 | ip=192.168.5.153 | op=SEND_HEARTBEAT {datanodeUUID=4afd2ab1-ec40-4403-b668-2a355860e883, command=[]} | ret=SUCCESS |  
2019-09-10 13:03:59,106 | INFO  | SCMAudit | user=jenkins1000 | ip=192.168.5.153 | op=SEND_HEARTBEAT {datanodeUUID=98692575-908f-4c6f-b3d7-fc3119b7636a, command=[]} | ret=SUCCESS |  
2019-09-10 13:03:59,316 | INFO  | SCMAudit | user=jenkins1000 | ip=192.168.5.153 | op=SEND_HEARTBEAT {datanodeUUID=b87234b6-97b4-403b-b761-d13c1d3498ce, command=[]} | ret=SUCCESS |  
2019-09-10 13:03:59,492 | INFO  | SCMAudit | user=jenkins1000 | ip=192.168.5.153 | op=SEND_HEARTBEAT {datanodeUUID=51f7194d-0b6e-44ce-bfd4-93c34be99c19, command=[]} | ret=SUCCESS |  
2019-09-10 13:03:59,603 | INFO  | SCMAudit | user=jenkins1000 | ip=192.168.5.153 | op=SEND_HEARTBEAT {datanodeUUID=5133bb85-d112-43d0-b51c-6140e4ebc540, command=[]} | ret=SUCCESS |  
2019-09-10 13:03:59,603 | INFO  | SCMAudit | user=jenkins1000 | ip=192.168.5.153 | op=SEND_HEARTBEAT {datanodeUUID=677e3d93-3467-4860-9bf6-0d2ba46507f3, command=[]} | ret=SUCCESS |  
2019-09-10 13:03:59,613 | INFO  | SCMAudit | user=jenkins1000 | ip=192.168.5.153 | op=SEND_HEARTBEAT {datanodeUUID=80892ce7-83f5-4ca2-be8c-d0fb582c0dda, command=[]} | ret=SUCCESS |  
2019-09-10 13:03:59,894 | INFO  | SCMAudit | user=jenkins1000 | ip=192.168.5.153 | op=SEND_HEARTBEAT {datanodeUUID=4afd2ab1-ec40-4403-b668-2a355860e883, command=[]} | ret=SUCCESS |  
2019-09-10 13:04:00,106 | INFO  | SCMAudit | user=jenkins1000 | ip=192.168.5.153 | op=SEND_HEARTBEAT {datanodeUUID=98692575-908f-4c6f-b3d7-fc3119b7636a, command=[]} | ret=SUCCESS |  
2019-09-10 13:04:00,317 | INFO  | SCMAudit | user=jenkins1000 | ip=192.168.5.153 | op=SEND_HEARTBEAT {datanodeUUID=b87234b6-97b4-403b-b761-d13c1d3498ce, command=[]} | ret=SUCCESS |  
2019-09-10 13:04:00,493 | INFO  | SCMAudit | user=jenkins1000 | ip=192.168.5.153 | op=SEND_HEARTBEAT {datanodeUUID=51f7194d-0b6e-44ce-bfd4-93c34be99c19, command=[]} | ret=SUCCESS |  
2019-09-10 13:04:00,603 | INFO  | SCMAudit | user=jenkins1000 | ip=192.168.5.153 | op=SEND_HEARTBEAT {datanodeUUID=677e3d93-3467-4860-9bf6-0d2ba46507f3, command=[]} | ret=SUCCESS |  
2019-09-10 13:04:00,603 | INFO  | SCMAudit | user=jenkins1000 | ip=192.168.5.153 | op=SEND_HEARTBEAT {datanodeUUID=5133bb85-d112-43d0-b51c-6140e4ebc540, command=[]} | ret=SUCCESS |  
2019-09-10 13:04:00,612 | INFO  | SCMAudit | user=jenkins1000 | ip=192.168.5.153 | op=SEND_HEARTBEAT {datanodeUUID=80892ce7-83f5-4ca2-be8c-d0fb582c0dda, command=[]} | ret=SUCCESS |  
2019-09-10 13:04:00,895 | INFO  | SCMAudit | user=jenkins1000 | ip=192.168.5.153 | op=SEND_HEARTBEAT {datanodeUUID=4afd2ab1-ec40-4403-b668-2a355860e883, command=[]} | ret=SUCCESS |  
2019-09-10 13:04:01,106 | INFO  | SCMAudit | user=jenkins1000 | ip=192.168.5.153 | op=SEND_HEARTBEAT {datanodeUUID=98692575-908f-4c6f-b3d7-fc3119b7636a, command=[]} | ret=SUCCESS |  
2019-09-10 13:04:01,316 | INFO  | SCMAudit | user=jenkins1000 | ip=192.168.5.153 | op=SEND_HEARTBEAT {datanodeUUID=b87234b6-97b4-403b-b761-d13c1d3498ce, command=[]} | ret=SUCCESS |  
2019-09-10 13:04:01,492 | INFO  | SCMAudit | user=jenkins1000 | ip=192.168.5.153 | op=SEND_HEARTBEAT {datanodeUUID=51f7194d-0b6e-44ce-bfd4-93c34be99c19, command=[]} | ret=SUCCESS |  
2019-09-10 13:04:01,562 [grpc-default-executor-6] INFO  client.GrpcClientProtocolClient (GrpcClientProtocolClient.java:onNext(255)) - client-1AEBD7C46593->5133bb85-d112-43d0-b51c-6140e4ebc540: receive RaftClientReply:client-1AEBD7C46593->5133bb85-d112-43d0-b51c-6140e4ebc540@group-59B8B6051EC0, cid=45, FAILED org.apache.ratis.protocol.NotLeaderException: Server 5133bb85-d112-43d0-b51c-6140e4ebc540 is not the leader (677e3d93-3467-4860-9bf6-0d2ba46507f3:192.168.5.153:41781). Request must be sent to leader., logIndex=0, commits[5133bb85-d112-43d0-b51c-6140e4ebc540:c8, 80892ce7-83f5-4ca2-be8c-d0fb582c0dda:c8, 677e3d93-3467-4860-9bf6-0d2ba46507f3:c8]
2019-09-10 13:04:01,602 | INFO  | SCMAudit | user=jenkins1000 | ip=192.168.5.153 | op=SEND_HEARTBEAT {datanodeUUID=5133bb85-d112-43d0-b51c-6140e4ebc540, command=[]} | ret=SUCCESS |  
2019-09-10 13:04:01,603 | INFO  | SCMAudit | user=jenkins1000 | ip=192.168.5.153 | op=SEND_HEARTBEAT {datanodeUUID=677e3d93-3467-4860-9bf6-0d2ba46507f3, command=[]} | ret=SUCCESS |  
2019-09-10 13:04:01,612 | INFO  | SCMAudit | user=jenkins1000 | ip=192.168.5.153 | op=SEND_HEARTBEAT {datanodeUUID=80892ce7-83f5-4ca2-be8c-d0fb582c0dda, command=[]} | ret=SUCCESS |  
2019-09-10 13:04:01,895 | INFO  | SCMAudit | user=jenkins1000 | ip=192.168.5.153 | op=SEND_HEARTBEAT {datanodeUUID=4afd2ab1-ec40-4403-b668-2a355860e883, command=[]} | ret=SUCCESS |  
2019-09-10 13:04:02,106 | INFO  | SCMAudit | user=jenkins1000 | ip=192.168.5.153 | op=SEND_HEARTBEAT {datanodeUUID=98692575-908f-4c6f-b3d7-fc3119b7636a, command=[]} | ret=SUCCESS |  
2019-09-10 13:04:02,316 | INFO  | SCMAudit | user=jenkins1000 | ip=192.168.5.153 | op=SEND_HEARTBEAT {datanodeUUID=b87234b6-97b4-403b-b761-d13c1d3498ce, command=[]} | ret=SUCCESS |  
2019-09-10 13:04:02,492 | INFO  | SCMAudit | user=jenkins1000 | ip=192.168.5.153 | op=SEND_HEARTBEAT {datanodeUUID=51f7194d-0b6e-44ce-bfd4-93c34be99c19, command=[]} | ret=SUCCESS |  
2019-09-10 13:04:02,603 | INFO  | SCMAudit | user=jenkins1000 | ip=192.168.5.153 | op=SEND_HEARTBEAT {datanodeUUID=5133bb85-d112-43d0-b51c-6140e4ebc540, command=[]} | ret=SUCCESS |  
2019-09-10 13:04:02,604 | INFO  | SCMAudit | user=jenkins1000 | ip=192.168.5.153 | op=SEND_HEARTBEAT {datanodeUUID=677e3d93-3467-4860-9bf6-0d2ba46507f3, command=[]} | ret=SUCCESS |  
2019-09-10 13:04:02,613 | INFO  | SCMAudit | user=jenkins1000 | ip=192.168.5.153 | op=SEND_HEARTBEAT {datanodeUUID=80892ce7-83f5-4ca2-be8c-d0fb582c0dda, command=[]} | ret=SUCCESS |  
2019-09-10 13:04:02,896 | INFO  | SCMAudit | user=jenkins1000 | ip=192.168.5.153 | op=SEND_HEARTBEAT {datanodeUUID=4afd2ab1-ec40-4403-b668-2a355860e883, command=[]} | ret=SUCCESS |  
2019-09-10 13:04:03,107 | INFO  | SCMAudit | user=jenkins1000 | ip=192.168.5.153 | op=SEND_HEARTBEAT {datanodeUUID=98692575-908f-4c6f-b3d7-fc3119b7636a, command=[]} | ret=SUCCESS |  
2019-09-10 13:04:03,316 | INFO  | SCMAudit | user=jenkins1000 | ip=192.168.5.153 | op=SEND_HEARTBEAT {datanodeUUID=b87234b6-97b4-403b-b761-d13c1d3498ce, command=[]} | ret=SUCCESS |  
2019-09-10 13:04:03,492 | INFO  | SCMAudit | user=jenkins1000 | ip=192.168.5.153 | op=SEND_HEARTBEAT {datanodeUUID=51f7194d-0b6e-44ce-bfd4-93c34be99c19, command=[]} | ret=SUCCESS |  
2019-09-10 13:04:03,603 | INFO  | SCMAudit | user=jenkins1000 | ip=192.168.5.153 | op=SEND_HEARTBEAT {datanodeUUID=5133bb85-d112-43d0-b51c-6140e4ebc540, command=[]} | ret=SUCCESS |  
2019-09-10 13:04:03,604 | INFO  | SCMAudit | user=jenkins1000 | ip=192.168.5.153 | op=SEND_HEARTBEAT {datanodeUUID=677e3d93-3467-4860-9bf6-0d2ba46507f3, command=[]} | ret=SUCCESS |  
2019-09-10 13:04:03,614 | INFO  | SCMAudit | user=jenkins1000 | ip=192.168.5.153 | op=SEND_HEARTBEAT {datanodeUUID=80892ce7-83f5-4ca2-be8c-d0fb582c0dda, command=[]} | ret=SUCCESS |  
2019-09-10 13:04:03,896 | INFO  | SCMAudit | user=jenkins1000 | ip=192.168.5.153 | op=SEND_HEARTBEAT {datanodeUUID=4afd2ab1-ec40-4403-b668-2a355860e883, command=[]} | ret=SUCCESS |  
2019-09-10 13:04:04,107 | INFO  | SCMAudit | user=jenkins1000 | ip=192.168.5.153 | op=SEND_HEARTBEAT {datanodeUUID=98692575-908f-4c6f-b3d7-fc3119b7636a, command=[]} | ret=SUCCESS |  
2019-09-10 13:04:04,318 | INFO  | SCMAudit | user=jenkins1000 | ip=192.168.5.153 | op=SEND_HEARTBEAT {datanodeUUID=b87234b6-97b4-403b-b761-d13c1d3498ce, command=[]} | ret=SUCCESS |  
2019-09-10 13:04:04,492 | INFO  | SCMAudit | user=jenkins1000 | ip=192.168.5.153 | op=SEND_HEARTBEAT {datanodeUUID=51f7194d-0b6e-44ce-bfd4-93c34be99c19, command=[]} | ret=SUCCESS |  
2019-09-10 13:04:04,603 | INFO  | SCMAudit | user=jenkins1000 | ip=192.168.5.153 | op=SEND_HEARTBEAT {datanodeUUID=5133bb85-d112-43d0-b51c-6140e4ebc540, command=[]} | ret=SUCCESS |  
2019-09-10 13:04:04,605 | INFO  | SCMAudit | user=jenkins1000 | ip=192.168.5.153 | op=SEND_HEARTBEAT {datanodeUUID=677e3d93-3467-4860-9bf6-0d2ba46507f3, command=[]} | ret=SUCCESS |  
2019-09-10 13:04:04,614 | INFO  | SCMAudit | user=jenkins1000 | ip=192.168.5.153 | op=SEND_HEARTBEAT {datanodeUUID=80892ce7-83f5-4ca2-be8c-d0fb582c0dda, command=[]} | ret=SUCCESS |  
2019-09-10 13:04:04,896 | INFO  | SCMAudit | user=jenkins1000 | ip=192.168.5.153 | op=SEND_HEARTBEAT {datanodeUUID=4afd2ab1-ec40-4403-b668-2a355860e883, command=[]} | ret=SUCCESS |  
2019-09-10 13:04:05,107 | INFO  | SCMAudit | user=jenkins1000 | ip=192.168.5.153 | op=SEND_HEARTBEAT {datanodeUUID=98692575-908f-4c6f-b3d7-fc3119b7636a, command=[]} | ret=SUCCESS |  
2019-09-10 13:04:05,318 | INFO  | SCMAudit | user=jenkins1000 | ip=192.168.5.153 | op=SEND_HEARTBEAT {datanodeUUID=b87234b6-97b4-403b-b761-d13c1d3498ce, command=[]} | ret=SUCCESS |  
2019-09-10 13:04:05,491 | INFO  | SCMAudit | user=jenkins1000 | ip=192.168.5.153 | op=SEND_HEARTBEAT {datanodeUUID=51f7194d-0b6e-44ce-bfd4-93c34be99c19, command=[]} | ret=SUCCESS |  
2019-09-10 13:04:05,603 | INFO  | SCMAudit | user=jenkins1000 | ip=192.168.5.153 | op=SEND_HEARTBEAT {datanodeUUID=5133bb85-d112-43d0-b51c-6140e4ebc540, command=[]} | ret=SUCCESS |  
2019-09-10 13:04:05,605 | INFO  | SCMAudit | user=jenkins1000 | ip=192.168.5.153 | op=SEND_HEARTBEAT {datanodeUUID=677e3d93-3467-4860-9bf6-0d2ba46507f3, command=[]} | ret=SUCCESS |  
2019-09-10 13:04:05,614 | INFO  | SCMAudit | user=jenkins1000 | ip=192.168.5.153 | op=SEND_HEARTBEAT {datanodeUUID=80892ce7-83f5-4ca2-be8c-d0fb582c0dda, command=[]} | ret=SUCCESS |  
2019-09-10 13:04:05,896 | INFO  | SCMAudit | user=jenkins1000 | ip=192.168.5.153 | op=SEND_HEARTBEAT {datanodeUUID=4afd2ab1-ec40-4403-b668-2a355860e883, command=[]} | ret=SUCCESS |  
2019-09-10 13:04:06,107 | INFO  | SCMAudit | user=jenkins1000 | ip=192.168.5.153 | op=SEND_HEARTBEAT {datanodeUUID=98692575-908f-4c6f-b3d7-fc3119b7636a, command=[]} | ret=SUCCESS |  
2019-09-10 13:04:06,318 | INFO  | SCMAudit | user=jenkins1000 | ip=192.168.5.153 | op=SEND_HEARTBEAT {datanodeUUID=b87234b6-97b4-403b-b761-d13c1d3498ce, command=[]} | ret=SUCCESS |  
2019-09-10 13:04:06,491 | INFO  | SCMAudit | user=jenkins1000 | ip=192.168.5.153 | op=SEND_HEARTBEAT {datanodeUUID=51f7194d-0b6e-44ce-bfd4-93c34be99c19, command=[]} | ret=SUCCESS |  
2019-09-10 13:04:06,593 [grpc-default-executor-6] INFO  client.GrpcClientProtocolClient (GrpcClientProtocolClient.java:onNext(255)) - client-1AEBD7C46593->80892ce7-83f5-4ca2-be8c-d0fb582c0dda: receive RaftClientReply:client-1AEBD7C46593->80892ce7-83f5-4ca2-be8c-d0fb582c0dda@group-59B8B6051EC0, cid=45, FAILED org.apache.ratis.protocol.NotLeaderException: Server 80892ce7-83f5-4ca2-be8c-d0fb582c0dda is not the leader (677e3d93-3467-4860-9bf6-0d2ba46507f3:192.168.5.153:41781). Request must be sent to leader., logIndex=0, commits[80892ce7-83f5-4ca2-be8c-d0fb582c0dda:c8, 677e3d93-3467-4860-9bf6-0d2ba46507f3:c8, 5133bb85-d112-43d0-b51c-6140e4ebc540:c8]
2019-09-10 13:04:06,628 | INFO  | SCMAudit | user=jenkins1000 | ip=192.168.5.153 | op=SEND_HEARTBEAT {datanodeUUID=80892ce7-83f5-4ca2-be8c-d0fb582c0dda, command=[]} | ret=SUCCESS |  
2019-09-10 13:04:06,628 | INFO  | SCMAudit | user=jenkins1000 | ip=192.168.5.153 | op=SEND_HEARTBEAT {datanodeUUID=677e3d93-3467-4860-9bf6-0d2ba46507f3, command=[]} | ret=SUCCESS |  
2019-09-10 13:04:06,628 | INFO  | SCMAudit | user=jenkins1000 | ip=192.168.5.153 | op=SEND_HEARTBEAT {datanodeUUID=5133bb85-d112-43d0-b51c-6140e4ebc540, command=[]} | ret=SUCCESS |  
2019-09-10 13:04:06,897 | INFO  | SCMAudit | user=jenkins1000 | ip=192.168.5.153 | op=SEND_HEARTBEAT {datanodeUUID=4afd2ab1-ec40-4403-b668-2a355860e883, command=[]} | ret=SUCCESS |  
2019-09-10 13:04:07,107 | INFO  | SCMAudit | user=jenkins1000 | ip=192.168.5.153 | op=SEND_HEARTBEAT {datanodeUUID=98692575-908f-4c6f-b3d7-fc3119b7636a, command=[]} | ret=SUCCESS |  
2019-09-10 13:04:07,318 | INFO  | SCMAudit | user=jenkins1000 | ip=192.168.5.153 | op=SEND_HEARTBEAT {datanodeUUID=b87234b6-97b4-403b-b761-d13c1d3498ce, command=[]} | ret=SUCCESS |  
2019-09-10 13:04:07,492 | INFO  | SCMAudit | user=jenkins1000 | ip=192.168.5.153 | op=SEND_HEARTBEAT {datanodeUUID=51f7194d-0b6e-44ce-bfd4-93c34be99c19, command=[]} | ret=SUCCESS |  
2019-09-10 13:04:07,607 | INFO  | SCMAudit | user=jenkins1000 | ip=192.168.5.153 | op=SEND_HEARTBEAT {datanodeUUID=677e3d93-3467-4860-9bf6-0d2ba46507f3, command=[]} | ret=SUCCESS |  
2019-09-10 13:04:07,607 | INFO  | SCMAudit | user=jenkins1000 | ip=192.168.5.153 | op=SEND_HEARTBEAT {datanodeUUID=5133bb85-d112-43d0-b51c-6140e4ebc540, command=[]} | ret=SUCCESS |  
2019-09-10 13:04:07,614 | INFO  | SCMAudit | user=jenkins1000 | ip=192.168.5.153 | op=SEND_HEARTBEAT {datanodeUUID=80892ce7-83f5-4ca2-be8c-d0fb582c0dda, command=[]} | ret=SUCCESS |  
2019-09-10 13:04:07,897 | INFO  | SCMAudit | user=jenkins1000 | ip=192.168.5.153 | op=SEND_HEARTBEAT {datanodeUUID=4afd2ab1-ec40-4403-b668-2a355860e883, command=[]} | ret=SUCCESS |  
2019-09-10 13:04:08,107 | INFO  | SCMAudit | user=jenkins1000 | ip=192.168.5.153 | op=SEND_HEARTBEAT {datanodeUUID=98692575-908f-4c6f-b3d7-fc3119b7636a, command=[]} | ret=SUCCESS |  
2019-09-10 13:04:08,318 | INFO  | SCMAudit | user=jenkins1000 | ip=192.168.5.153 | op=SEND_HEARTBEAT {datanodeUUID=b87234b6-97b4-403b-b761-d13c1d3498ce, command=[]} | ret=SUCCESS |  
2019-09-10 13:04:08,492 | INFO  | SCMAudit | user=jenkins1000 | ip=192.168.5.153 | op=SEND_HEARTBEAT {datanodeUUID=51f7194d-0b6e-44ce-bfd4-93c34be99c19, command=[]} | ret=SUCCESS |  
2019-09-10 13:04:08,607 | INFO  | SCMAudit | user=jenkins1000 | ip=192.168.5.153 | op=SEND_HEARTBEAT {datanodeUUID=5133bb85-d112-43d0-b51c-6140e4ebc540, command=[]} | ret=SUCCESS |  
2019-09-10 13:04:08,607 | INFO  | SCMAudit | user=jenkins1000 | ip=192.168.5.153 | op=SEND_HEARTBEAT {datanodeUUID=677e3d93-3467-4860-9bf6-0d2ba46507f3, command=[]} | ret=SUCCESS |  
2019-09-10 13:04:08,614 | INFO  | SCMAudit | user=jenkins1000 | ip=192.168.5.153 | op=SEND_HEARTBEAT {datanodeUUID=80892ce7-83f5-4ca2-be8c-d0fb582c0dda, command=[]} | ret=SUCCESS |  
2019-09-10 13:04:08,897 | INFO  | SCMAudit | user=jenkins1000 | ip=192.168.5.153 | op=SEND_HEARTBEAT {datanodeUUID=4afd2ab1-ec40-4403-b668-2a355860e883, command=[]} | ret=SUCCESS |  
2019-09-10 13:04:09,107 | INFO  | SCMAudit | user=jenkins1000 | ip=192.168.5.153 | op=SEND_HEARTBEAT {datanodeUUID=98692575-908f-4c6f-b3d7-fc3119b7636a, command=[]} | ret=SUCCESS |  
2019-09-10 13:04:09,318 | INFO  | SCMAudit | user=jenkins1000 | ip=192.168.5.153 | op=SEND_HEARTBEAT {datanodeUUID=b87234b6-97b4-403b-b761-d13c1d3498ce, command=[]} | ret=SUCCESS |  
2019-09-10 13:04:09,492 | INFO  | SCMAudit | user=jenkins1000 | ip=192.168.5.153 | op=SEND_HEARTBEAT {datanodeUUID=51f7194d-0b6e-44ce-bfd4-93c34be99c19, command=[]} | ret=SUCCESS |  
2019-09-10 13:04:09,607 | INFO  | SCMAudit | user=jenkins1000 | ip=192.168.5.153 | op=SEND_HEARTBEAT {datanodeUUID=677e3d93-3467-4860-9bf6-0d2ba46507f3, command=[]} | ret=SUCCESS |  
2019-09-10 13:04:09,607 | INFO  | SCMAudit | user=jenkins1000 | ip=192.168.5.153 | op=SEND_HEARTBEAT {datanodeUUID=5133bb85-d112-43d0-b51c-6140e4ebc540, command=[]} | ret=SUCCESS |  
2019-09-10 13:04:09,614 | INFO  | SCMAudit | user=jenkins1000 | ip=192.168.5.153 | op=SEND_HEARTBEAT {datanodeUUID=80892ce7-83f5-4ca2-be8c-d0fb582c0dda, command=[]} | ret=SUCCESS |  
2019-09-10 13:04:09,897 | INFO  | SCMAudit | user=jenkins1000 | ip=192.168.5.153 | op=SEND_HEARTBEAT {datanodeUUID=4afd2ab1-ec40-4403-b668-2a355860e883, command=[]} | ret=SUCCESS |  
2019-09-10 13:04:10,108 | INFO  | SCMAudit | user=jenkins1000 | ip=192.168.5.153 | op=SEND_HEARTBEAT {datanodeUUID=98692575-908f-4c6f-b3d7-fc3119b7636a, command=[]} | ret=SUCCESS |  
2019-09-10 13:04:10,318 | INFO  | SCMAudit | user=jenkins1000 | ip=192.168.5.153 | op=SEND_HEARTBEAT {datanodeUUID=b87234b6-97b4-403b-b761-d13c1d3498ce, command=[]} | ret=SUCCESS |  
2019-09-10 13:04:10,492 | INFO  | SCMAudit | user=jenkins1000 | ip=192.168.5.153 | op=SEND_HEARTBEAT {datanodeUUID=51f7194d-0b6e-44ce-bfd4-93c34be99c19, command=[]} | ret=SUCCESS |  
2019-09-10 13:04:10,608 | INFO  | SCMAudit | user=jenkins1000 | ip=192.168.5.153 | op=SEND_HEARTBEAT {datanodeUUID=677e3d93-3467-4860-9bf6-0d2ba46507f3, command=[]} | ret=SUCCESS |  
2019-09-10 13:04:10,608 | INFO  | SCMAudit | user=jenkins1000 | ip=192.168.5.153 | op=SEND_HEARTBEAT {datanodeUUID=5133bb85-d112-43d0-b51c-6140e4ebc540, command=[]} | ret=SUCCESS |  
2019-09-10 13:04:10,614 | INFO  | SCMAudit | user=jenkins1000 | ip=192.168.5.153 | op=SEND_HEARTBEAT {datanodeUUID=80892ce7-83f5-4ca2-be8c-d0fb582c0dda, command=[]} | ret=SUCCESS |  
2019-09-10 13:04:10,897 | INFO  | SCMAudit | user=jenkins1000 | ip=192.168.5.153 | op=SEND_HEARTBEAT {datanodeUUID=4afd2ab1-ec40-4403-b668-2a355860e883, command=[]} | ret=SUCCESS |  
2019-09-10 13:04:11,108 | INFO  | SCMAudit | user=jenkins1000 | ip=192.168.5.153 | op=SEND_HEARTBEAT {datanodeUUID=98692575-908f-4c6f-b3d7-fc3119b7636a, command=[]} | ret=SUCCESS |  
2019-09-10 13:04:11,318 | INFO  | SCMAudit | user=jenkins1000 | ip=192.168.5.153 | op=SEND_HEARTBEAT {datanodeUUID=b87234b6-97b4-403b-b761-d13c1d3498ce, command=[]} | ret=SUCCESS |  
2019-09-10 13:04:11,492 | INFO  | SCMAudit | user=jenkins1000 | ip=192.168.5.153 | op=SEND_HEARTBEAT {datanodeUUID=51f7194d-0b6e-44ce-bfd4-93c34be99c19, command=[]} | ret=SUCCESS |  
2019-09-10 13:04:11,607 | INFO  | SCMAudit | user=jenkins1000 | ip=192.168.5.153 | op=SEND_HEARTBEAT {datanodeUUID=677e3d93-3467-4860-9bf6-0d2ba46507f3, command=[]} | ret=SUCCESS |  
2019-09-10 13:04:11,607 | INFO  | SCMAudit | user=jenkins1000 | ip=192.168.5.153 | op=SEND_HEARTBEAT {datanodeUUID=5133bb85-d112-43d0-b51c-6140e4ebc540, command=[]} | ret=SUCCESS |  
2019-09-10 13:04:11,613 | INFO  | SCMAudit | user=jenkins1000 | ip=192.168.5.153 | op=SEND_HEARTBEAT {datanodeUUID=80892ce7-83f5-4ca2-be8c-d0fb582c0dda, command=[]} | ret=SUCCESS |  
2019-09-10 13:04:11,660 [grpc-default-executor-6] INFO  client.GrpcClientProtocolClient (GrpcClientProtocolClient.java:onNext(255)) - client-1AEBD7C46593->5133bb85-d112-43d0-b51c-6140e4ebc540: receive RaftClientReply:client-1AEBD7C46593->5133bb85-d112-43d0-b51c-6140e4ebc540@group-59B8B6051EC0, cid=45, FAILED org.apache.ratis.protocol.NotLeaderException: Server 5133bb85-d112-43d0-b51c-6140e4ebc540 is not the leader (677e3d93-3467-4860-9bf6-0d2ba46507f3:192.168.5.153:41781). Request must be sent to leader., logIndex=0, commits[5133bb85-d112-43d0-b51c-6140e4ebc540:c8, 80892ce7-83f5-4ca2-be8c-d0fb582c0dda:c8, 677e3d93-3467-4860-9bf6-0d2ba46507f3:c8]
2019-09-10 13:04:11,897 | INFO  | SCMAudit | user=jenkins1000 | ip=192.168.5.153 | op=SEND_HEARTBEAT {datanodeUUID=4afd2ab1-ec40-4403-b668-2a355860e883, command=[]} | ret=SUCCESS |  
2019-09-10 13:04:12,108 | INFO  | SCMAudit | user=jenkins1000 | ip=192.168.5.153 | op=SEND_HEARTBEAT {datanodeUUID=98692575-908f-4c6f-b3d7-fc3119b7636a, command=[]} | ret=SUCCESS |  
2019-09-10 13:04:12,318 | INFO  | SCMAudit | user=jenkins1000 | ip=192.168.5.153 | op=SEND_HEARTBEAT {datanodeUUID=b87234b6-97b4-403b-b761-d13c1d3498ce, command=[]} | ret=SUCCESS |  
2019-09-10 13:04:12,492 | INFO  | SCMAudit | user=jenkins1000 | ip=192.168.5.153 | op=SEND_HEARTBEAT {datanodeUUID=51f7194d-0b6e-44ce-bfd4-93c34be99c19, command=[]} | ret=SUCCESS |  
2019-09-10 13:04:12,607 | INFO  | SCMAudit | user=jenkins1000 | ip=192.168.5.153 | op=SEND_HEARTBEAT {datanodeUUID=677e3d93-3467-4860-9bf6-0d2ba46507f3, command=[]} | ret=SUCCESS |  
2019-09-10 13:04:12,607 | INFO  | SCMAudit | user=jenkins1000 | ip=192.168.5.153 | op=SEND_HEARTBEAT {datanodeUUID=5133bb85-d112-43d0-b51c-6140e4ebc540, command=[]} | ret=SUCCESS |  
2019-09-10 13:04:12,613 | INFO  | SCMAudit | user=jenkins1000 | ip=192.168.5.153 | op=SEND_HEARTBEAT {datanodeUUID=80892ce7-83f5-4ca2-be8c-d0fb582c0dda, command=[]} | ret=SUCCESS |  
2019-09-10 13:04:12,897 | INFO  | SCMAudit | user=jenkins1000 | ip=192.168.5.153 | op=SEND_HEARTBEAT {datanodeUUID=4afd2ab1-ec40-4403-b668-2a355860e883, command=[]} | ret=SUCCESS |  
2019-09-10 13:04:13,109 | INFO  | SCMAudit | user=jenkins1000 | ip=192.168.5.153 | op=SEND_HEARTBEAT {datanodeUUID=98692575-908f-4c6f-b3d7-fc3119b7636a, command=[]} | ret=SUCCESS |  
2019-09-10 13:04:13,318 | INFO  | SCMAudit | user=jenkins1000 | ip=192.168.5.153 | op=SEND_HEARTBEAT {datanodeUUID=b87234b6-97b4-403b-b761-d13c1d3498ce, command=[]} | ret=SUCCESS |  
2019-09-10 13:04:13,492 | INFO  | SCMAudit | user=jenkins1000 | ip=192.168.5.153 | op=SEND_HEARTBEAT {datanodeUUID=51f7194d-0b6e-44ce-bfd4-93c34be99c19, command=[]} | ret=SUCCESS |  
2019-09-10 13:04:13,607 | INFO  | SCMAudit | user=jenkins1000 | ip=192.168.5.153 | op=SEND_HEARTBEAT {datanodeUUID=5133bb85-d112-43d0-b51c-6140e4ebc540, command=[]} | ret=SUCCESS |  
2019-09-10 13:04:13,607 | INFO  | SCMAudit | user=jenkins1000 | ip=192.168.5.153 | op=SEND_HEARTBEAT {datanodeUUID=677e3d93-3467-4860-9bf6-0d2ba46507f3, command=[]} | ret=SUCCESS |  
2019-09-10 13:04:13,614 | INFO  | SCMAudit | user=jenkins1000 | ip=192.168.5.153 | op=SEND_HEARTBEAT {datanodeUUID=80892ce7-83f5-4ca2-be8c-d0fb582c0dda, command=[]} | ret=SUCCESS |  
2019-09-10 13:04:13,897 | INFO  | SCMAudit | user=jenkins1000 | ip=192.168.5.153 | op=SEND_HEARTBEAT {datanodeUUID=4afd2ab1-ec40-4403-b668-2a355860e883, command=[]} | ret=SUCCESS |  
2019-09-10 13:04:14,108 | INFO  | SCMAudit | user=jenkins1000 | ip=192.168.5.153 | op=SEND_HEARTBEAT {datanodeUUID=98692575-908f-4c6f-b3d7-fc3119b7636a, command=[]} | ret=SUCCESS |  
2019-09-10 13:04:14,318 | INFO  | SCMAudit | user=jenkins1000 | ip=192.168.5.153 | op=SEND_HEARTBEAT {datanodeUUID=b87234b6-97b4-403b-b761-d13c1d3498ce, command=[]} | ret=SUCCESS |  
2019-09-10 13:04:14,492 | INFO  | SCMAudit | user=jenkins1000 | ip=192.168.5.153 | op=SEND_HEARTBEAT {datanodeUUID=51f7194d-0b6e-44ce-bfd4-93c34be99c19, command=[]} | ret=SUCCESS |  
2019-09-10 13:04:14,607 | INFO  | SCMAudit | user=jenkins1000 | ip=192.168.5.153 | op=SEND_HEARTBEAT {datanodeUUID=5133bb85-d112-43d0-b51c-6140e4ebc540, command=[]} | ret=SUCCESS |  
2019-09-10 13:04:14,607 | INFO  | SCMAudit | user=jenkins1000 | ip=192.168.5.153 | op=SEND_HEARTBEAT {datanodeUUID=677e3d93-3467-4860-9bf6-0d2ba46507f3, command=[]} | ret=SUCCESS |  
2019-09-10 13:04:14,614 | INFO  | SCMAudit | user=jenkins1000 | ip=192.168.5.153 | op=SEND_HEARTBEAT {datanodeUUID=80892ce7-83f5-4ca2-be8c-d0fb582c0dda, command=[]} | ret=SUCCESS |  
2019-09-10 13:04:14,897 | INFO  | SCMAudit | user=jenkins1000 | ip=192.168.5.153 | op=SEND_HEARTBEAT {datanodeUUID=4afd2ab1-ec40-4403-b668-2a355860e883, command=[]} | ret=SUCCESS |  
2019-09-10 13:04:15,108 | INFO  | SCMAudit | user=jenkins1000 | ip=192.168.5.153 | op=SEND_HEARTBEAT {datanodeUUID=98692575-908f-4c6f-b3d7-fc3119b7636a, command=[]} | ret=SUCCESS |  
2019-09-10 13:04:15,318 | INFO  | SCMAudit | user=jenkins1000 | ip=192.168.5.153 | op=SEND_HEARTBEAT {datanodeUUID=b87234b6-97b4-403b-b761-d13c1d3498ce, command=[]} | ret=SUCCESS |  
2019-09-10 13:04:15,492 | INFO  | SCMAudit | user=jenkins1000 | ip=192.168.5.153 | op=SEND_HEARTBEAT {datanodeUUID=51f7194d-0b6e-44ce-bfd4-93c34be99c19, command=[]} | ret=SUCCESS |  
2019-09-10 13:04:15,607 | INFO  | SCMAudit | user=jenkins1000 | ip=192.168.5.153 | op=SEND_HEARTBEAT {datanodeUUID=5133bb85-d112-43d0-b51c-6140e4ebc540, command=[]} | ret=SUCCESS |  
2019-09-10 13:04:15,607 | INFO  | SCMAudit | user=jenkins1000 | ip=192.168.5.153 | op=SEND_HEARTBEAT {datanodeUUID=677e3d93-3467-4860-9bf6-0d2ba46507f3, command=[]} | ret=SUCCESS |  
2019-09-10 13:04:15,614 | INFO  | SCMAudit | user=jenkins1000 | ip=192.168.5.153 | op=SEND_HEARTBEAT {datanodeUUID=80892ce7-83f5-4ca2-be8c-d0fb582c0dda, command=[]} | ret=SUCCESS |  
2019-09-10 13:04:15,897 | INFO  | SCMAudit | user=jenkins1000 | ip=192.168.5.153 | op=SEND_HEARTBEAT {datanodeUUID=4afd2ab1-ec40-4403-b668-2a355860e883, command=[]} | ret=SUCCESS |  
2019-09-10 13:04:16,108 | INFO  | SCMAudit | user=jenkins1000 | ip=192.168.5.153 | op=SEND_HEARTBEAT {datanodeUUID=98692575-908f-4c6f-b3d7-fc3119b7636a, command=[]} | ret=SUCCESS |  
2019-09-10 13:04:16,318 | INFO  | SCMAudit | user=jenkins1000 | ip=192.168.5.153 | op=SEND_HEARTBEAT {datanodeUUID=b87234b6-97b4-403b-b761-d13c1d3498ce, command=[]} | ret=SUCCESS |  
2019-09-10 13:04:16,492 | INFO  | SCMAudit | user=jenkins1000 | ip=192.168.5.153 | op=SEND_HEARTBEAT {datanodeUUID=51f7194d-0b6e-44ce-bfd4-93c34be99c19, command=[]} | ret=SUCCESS |  
2019-09-10 13:04:16,607 | INFO  | SCMAudit | user=jenkins1000 | ip=192.168.5.153 | op=SEND_HEARTBEAT {datanodeUUID=5133bb85-d112-43d0-b51c-6140e4ebc540, command=[]} | ret=SUCCESS |  
2019-09-10 13:04:16,607 | INFO  | SCMAudit | user=jenkins1000 | ip=192.168.5.153 | op=SEND_HEARTBEAT {datanodeUUID=677e3d93-3467-4860-9bf6-0d2ba46507f3, command=[]} | ret=SUCCESS |  
2019-09-10 13:04:16,615 | INFO  | SCMAudit | user=jenkins1000 | ip=192.168.5.153 | op=SEND_HEARTBEAT {datanodeUUID=80892ce7-83f5-4ca2-be8c-d0fb582c0dda, command=[]} | ret=SUCCESS |  
2019-09-10 13:04:16,694 [grpc-default-executor-6] INFO  client.GrpcClientProtocolClient (GrpcClientProtocolClient.java:onNext(255)) - client-1AEBD7C46593->5133bb85-d112-43d0-b51c-6140e4ebc540: receive RaftClientReply:client-1AEBD7C46593->5133bb85-d112-43d0-b51c-6140e4ebc540@group-59B8B6051EC0, cid=45, FAILED org.apache.ratis.protocol.NotLeaderException: Server 5133bb85-d112-43d0-b51c-6140e4ebc540 is not the leader (677e3d93-3467-4860-9bf6-0d2ba46507f3:192.168.5.153:41781). Request must be sent to leader., logIndex=0, commits[5133bb85-d112-43d0-b51c-6140e4ebc540:c8, 80892ce7-83f5-4ca2-be8c-d0fb582c0dda:c8, 677e3d93-3467-4860-9bf6-0d2ba46507f3:c8]
2019-09-10 13:04:16,897 | INFO  | SCMAudit | user=jenkins1000 | ip=192.168.5.153 | op=SEND_HEARTBEAT {datanodeUUID=4afd2ab1-ec40-4403-b668-2a355860e883, command=[]} | ret=SUCCESS |  
2019-09-10 13:04:17,108 | INFO  | SCMAudit | user=jenkins1000 | ip=192.168.5.153 | op=SEND_HEARTBEAT {datanodeUUID=98692575-908f-4c6f-b3d7-fc3119b7636a, command=[]} | ret=SUCCESS |  
2019-09-10 13:04:17,318 | INFO  | SCMAudit | user=jenkins1000 | ip=192.168.5.153 | op=SEND_HEARTBEAT {datanodeUUID=b87234b6-97b4-403b-b761-d13c1d3498ce, command=[]} | ret=SUCCESS |  
2019-09-10 13:04:17,492 | INFO  | SCMAudit | user=jenkins1000 | ip=192.168.5.153 | op=SEND_HEARTBEAT {datanodeUUID=51f7194d-0b6e-44ce-bfd4-93c34be99c19, command=[]} | ret=SUCCESS |  
2019-09-10 13:04:17,607 | INFO  | SCMAudit | user=jenkins1000 | ip=192.168.5.153 | op=SEND_HEARTBEAT {datanodeUUID=5133bb85-d112-43d0-b51c-6140e4ebc540, command=[]} | ret=SUCCESS |  
2019-09-10 13:04:17,607 | INFO  | SCMAudit | user=jenkins1000 | ip=192.168.5.153 | op=SEND_HEARTBEAT {datanodeUUID=677e3d93-3467-4860-9bf6-0d2ba46507f3, command=[]} | ret=SUCCESS |  
2019-09-10 13:04:17,615 | INFO  | SCMAudit | user=jenkins1000 | ip=192.168.5.153 | op=SEND_HEARTBEAT {datanodeUUID=80892ce7-83f5-4ca2-be8c-d0fb582c0dda, command=[]} | ret=SUCCESS |  
2019-09-10 13:04:17,897 | INFO  | SCMAudit | user=jenkins1000 | ip=192.168.5.153 | op=SEND_HEARTBEAT {datanodeUUID=4afd2ab1-ec40-4403-b668-2a355860e883, command=[]} | ret=SUCCESS |  
2019-09-10 13:04:18,108 | INFO  | SCMAudit | user=jenkins1000 | ip=192.168.5.153 | op=SEND_HEARTBEAT {datanodeUUID=98692575-908f-4c6f-b3d7-fc3119b7636a, command=[]} | ret=SUCCESS |  
2019-09-10 13:04:18,319 | INFO  | SCMAudit | user=jenkins1000 | ip=192.168.5.153 | op=SEND_HEARTBEAT {datanodeUUID=b87234b6-97b4-403b-b761-d13c1d3498ce, command=[]} | ret=SUCCESS |  
2019-09-10 13:04:18,493 | INFO  | SCMAudit | user=jenkins1000 | ip=192.168.5.153 | op=SEND_HEARTBEAT {datanodeUUID=51f7194d-0b6e-44ce-bfd4-93c34be99c19, command=[]} | ret=SUCCESS |  
2019-09-10 13:04:18,607 | INFO  | SCMAudit | user=jenkins1000 | ip=192.168.5.153 | op=SEND_HEARTBEAT {datanodeUUID=677e3d93-3467-4860-9bf6-0d2ba46507f3, command=[]} | ret=SUCCESS |  
2019-09-10 13:04:18,607 | INFO  | SCMAudit | user=jenkins1000 | ip=192.168.5.153 | op=SEND_HEARTBEAT {datanodeUUID=5133bb85-d112-43d0-b51c-6140e4ebc540, command=[]} | ret=SUCCESS |  
2019-09-10 13:04:18,615 | INFO  | SCMAudit | user=jenkins1000 | ip=192.168.5.153 | op=SEND_HEARTBEAT {datanodeUUID=80892ce7-83f5-4ca2-be8c-d0fb582c0dda, command=[]} | ret=SUCCESS |  
2019-09-10 13:04:18,897 | INFO  | SCMAudit | user=jenkins1000 | ip=192.168.5.153 | op=SEND_HEARTBEAT {datanodeUUID=4afd2ab1-ec40-4403-b668-2a355860e883, command=[]} | ret=SUCCESS |  
2019-09-10 13:04:19,108 | INFO  | SCMAudit | user=jenkins1000 | ip=192.168.5.153 | op=SEND_HEARTBEAT {datanodeUUID=98692575-908f-4c6f-b3d7-fc3119b7636a, command=[]} | ret=SUCCESS |  
2019-09-10 13:04:19,319 | INFO  | SCMAudit | user=jenkins1000 | ip=192.168.5.153 | op=SEND_HEARTBEAT {datanodeUUID=b87234b6-97b4-403b-b761-d13c1d3498ce, command=[]} | ret=SUCCESS |  
2019-09-10 13:04:19,492 | INFO  | SCMAudit | user=jenkins1000 | ip=192.168.5.153 | op=SEND_HEARTBEAT {datanodeUUID=51f7194d-0b6e-44ce-bfd4-93c34be99c19, command=[]} | ret=SUCCESS |  
2019-09-10 13:04:19,607 | INFO  | SCMAudit | user=jenkins1000 | ip=192.168.5.153 | op=SEND_HEARTBEAT {datanodeUUID=5133bb85-d112-43d0-b51c-6140e4ebc540, command=[]} | ret=SUCCESS |  
2019-09-10 13:04:19,607 | INFO  | SCMAudit | user=jenkins1000 | ip=192.168.5.153 | op=SEND_HEARTBEAT {datanodeUUID=677e3d93-3467-4860-9bf6-0d2ba46507f3, command=[]} | ret=SUCCESS |  
2019-09-10 13:04:19,615 | INFO  | SCMAudit | user=jenkins1000 | ip=192.168.5.153 | op=SEND_HEARTBEAT {datanodeUUID=80892ce7-83f5-4ca2-be8c-d0fb582c0dda, command=[]} | ret=SUCCESS |  
2019-09-10 13:04:19,897 | INFO  | SCMAudit | user=jenkins1000 | ip=192.168.5.153 | op=SEND_HEARTBEAT {datanodeUUID=4afd2ab1-ec40-4403-b668-2a355860e883, command=[]} | ret=SUCCESS |  
2019-09-10 13:04:20,108 | INFO  | SCMAudit | user=jenkins1000 | ip=192.168.5.153 | op=SEND_HEARTBEAT {datanodeUUID=98692575-908f-4c6f-b3d7-fc3119b7636a, command=[]} | ret=SUCCESS |  
2019-09-10 13:04:20,319 | INFO  | SCMAudit | user=jenkins1000 | ip=192.168.5.153 | op=SEND_HEARTBEAT {datanodeUUID=b87234b6-97b4-403b-b761-d13c1d3498ce, command=[]} | ret=SUCCESS |  
2019-09-10 13:04:20,492 | INFO  | SCMAudit | user=jenkins1000 | ip=192.168.5.153 | op=SEND_HEARTBEAT {datanodeUUID=51f7194d-0b6e-44ce-bfd4-93c34be99c19, command=[]} | ret=SUCCESS |  
2019-09-10 13:04:20,607 | INFO  | SCMAudit | user=jenkins1000 | ip=192.168.5.153 | op=SEND_HEARTBEAT {datanodeUUID=5133bb85-d112-43d0-b51c-6140e4ebc540, command=[]} | ret=SUCCESS |  
2019-09-10 13:04:20,607 | INFO  | SCMAudit | user=jenkins1000 | ip=192.168.5.153 | op=SEND_HEARTBEAT {datanodeUUID=677e3d93-3467-4860-9bf6-0d2ba46507f3, command=[]} | ret=SUCCESS |  
2019-09-10 13:04:20,615 | INFO  | SCMAudit | user=jenkins1000 | ip=192.168.5.153 | op=SEND_HEARTBEAT {datanodeUUID=80892ce7-83f5-4ca2-be8c-d0fb582c0dda, command=[]} | ret=SUCCESS |  
2019-09-10 13:04:20,897 | INFO  | SCMAudit | user=jenkins1000 | ip=192.168.5.153 | op=SEND_HEARTBEAT {datanodeUUID=4afd2ab1-ec40-4403-b668-2a355860e883, command=[]} | ret=SUCCESS |  
2019-09-10 13:04:21,108 | INFO  | SCMAudit | user=jenkins1000 | ip=192.168.5.153 | op=SEND_HEARTBEAT {datanodeUUID=98692575-908f-4c6f-b3d7-fc3119b7636a, command=[]} | ret=SUCCESS |  
2019-09-10 13:04:21,319 | INFO  | SCMAudit | user=jenkins1000 | ip=192.168.5.153 | op=SEND_HEARTBEAT {datanodeUUID=b87234b6-97b4-403b-b761-d13c1d3498ce, command=[]} | ret=SUCCESS |  
2019-09-10 13:04:21,492 | INFO  | SCMAudit | user=jenkins1000 | ip=192.168.5.153 | op=SEND_HEARTBEAT {datanodeUUID=51f7194d-0b6e-44ce-bfd4-93c34be99c19, command=[]} | ret=SUCCESS |  
2019-09-10 13:04:21,607 | INFO  | SCMAudit | user=jenkins1000 | ip=192.168.5.153 | op=SEND_HEARTBEAT {datanodeUUID=5133bb85-d112-43d0-b51c-6140e4ebc540, command=[]} | ret=SUCCESS |  
2019-09-10 13:04:21,607 | INFO  | SCMAudit | user=jenkins1000 | ip=192.168.5.153 | op=SEND_HEARTBEAT {datanodeUUID=677e3d93-3467-4860-9bf6-0d2ba46507f3, command=[]} | ret=SUCCESS |  
2019-09-10 13:04:21,615 | INFO  | SCMAudit | user=jenkins1000 | ip=192.168.5.153 | op=SEND_HEARTBEAT {datanodeUUID=80892ce7-83f5-4ca2-be8c-d0fb582c0dda, command=[]} | ret=SUCCESS |  
2019-09-10 13:04:21,731 [grpc-default-executor-0] INFO  client.GrpcClientProtocolClient (GrpcClientProtocolClient.java:onNext(255)) - client-1AEBD7C46593->5133bb85-d112-43d0-b51c-6140e4ebc540: receive RaftClientReply:client-1AEBD7C46593->5133bb85-d112-43d0-b51c-6140e4ebc540@group-59B8B6051EC0, cid=45, FAILED org.apache.ratis.protocol.NotLeaderException: Server 5133bb85-d112-43d0-b51c-6140e4ebc540 is not the leader (677e3d93-3467-4860-9bf6-0d2ba46507f3:192.168.5.153:41781). Request must be sent to leader., logIndex=0, commits[5133bb85-d112-43d0-b51c-6140e4ebc540:c8, 80892ce7-83f5-4ca2-be8c-d0fb582c0dda:c8, 677e3d93-3467-4860-9bf6-0d2ba46507f3:c8]
2019-09-10 13:04:21,897 | INFO  | SCMAudit | user=jenkins1000 | ip=192.168.5.153 | op=SEND_HEARTBEAT {datanodeUUID=4afd2ab1-ec40-4403-b668-2a355860e883, command=[]} | ret=SUCCESS |  
2019-09-10 13:04:22,108 | INFO  | SCMAudit | user=jenkins1000 | ip=192.168.5.153 | op=SEND_HEARTBEAT {datanodeUUID=98692575-908f-4c6f-b3d7-fc3119b7636a, command=[]} | ret=SUCCESS |  
2019-09-10 13:04:22,319 | INFO  | SCMAudit | user=jenkins1000 | ip=192.168.5.153 | op=SEND_HEARTBEAT {datanodeUUID=b87234b6-97b4-403b-b761-d13c1d3498ce, command=[]} | ret=SUCCESS |  
2019-09-10 13:04:22,492 | INFO  | SCMAudit | user=jenkins1000 | ip=192.168.5.153 | op=SEND_HEARTBEAT {datanodeUUID=51f7194d-0b6e-44ce-bfd4-93c34be99c19, command=[]} | ret=SUCCESS |  
2019-09-10 13:04:22,607 | INFO  | SCMAudit | user=jenkins1000 | ip=192.168.5.153 | op=SEND_HEARTBEAT {datanodeUUID=677e3d93-3467-4860-9bf6-0d2ba46507f3, command=[]} | ret=SUCCESS |  
2019-09-10 13:04:22,607 | INFO  | SCMAudit | user=jenkins1000 | ip=192.168.5.153 | op=SEND_HEARTBEAT {datanodeUUID=5133bb85-d112-43d0-b51c-6140e4ebc540, command=[]} | ret=SUCCESS |  
2019-09-10 13:04:22,615 | INFO  | SCMAudit | user=jenkins1000 | ip=192.168.5.153 | op=SEND_HEARTBEAT {datanodeUUID=80892ce7-83f5-4ca2-be8c-d0fb582c0dda, command=[]} | ret=SUCCESS |  
2019-09-10 13:04:22,897 | INFO  | SCMAudit | user=jenkins1000 | ip=192.168.5.153 | op=SEND_HEARTBEAT {datanodeUUID=4afd2ab1-ec40-4403-b668-2a355860e883, command=[]} | ret=SUCCESS |  
2019-09-10 13:04:23,108 | INFO  | SCMAudit | user=jenkins1000 | ip=192.168.5.153 | op=SEND_HEARTBEAT {datanodeUUID=98692575-908f-4c6f-b3d7-fc3119b7636a, command=[]} | ret=SUCCESS |  
2019-09-10 13:04:23,320 | INFO  | SCMAudit | user=jenkins1000 | ip=192.168.5.153 | op=SEND_HEARTBEAT {datanodeUUID=b87234b6-97b4-403b-b761-d13c1d3498ce, command=[]} | ret=SUCCESS |  
2019-09-10 13:04:23,492 | INFO  | SCMAudit | user=jenkins1000 | ip=192.168.5.153 | op=SEND_HEARTBEAT {datanodeUUID=51f7194d-0b6e-44ce-bfd4-93c34be99c19, command=[]} | ret=SUCCESS |  
2019-09-10 13:04:23,608 | INFO  | SCMAudit | user=jenkins1000 | ip=192.168.5.153 | op=SEND_HEARTBEAT {datanodeUUID=677e3d93-3467-4860-9bf6-0d2ba46507f3, command=[]} | ret=SUCCESS |  
2019-09-10 13:04:23,608 | INFO  | SCMAudit | user=jenkins1000 | ip=192.168.5.153 | op=SEND_HEARTBEAT {datanodeUUID=5133bb85-d112-43d0-b51c-6140e4ebc540, command=[]} | ret=SUCCESS |  
2019-09-10 13:04:23,615 | INFO  | SCMAudit | user=jenkins1000 | ip=192.168.5.153 | op=SEND_HEARTBEAT {datanodeUUID=80892ce7-83f5-4ca2-be8c-d0fb582c0dda, command=[]} | ret=SUCCESS |  
2019-09-10 13:04:23,897 | INFO  | SCMAudit | user=jenkins1000 | ip=192.168.5.153 | op=SEND_HEARTBEAT {datanodeUUID=4afd2ab1-ec40-4403-b668-2a355860e883, command=[]} | ret=SUCCESS |  
2019-09-10 13:04:24,108 | INFO  | SCMAudit | user=jenkins1000 | ip=192.168.5.153 | op=SEND_HEARTBEAT {datanodeUUID=98692575-908f-4c6f-b3d7-fc3119b7636a, command=[]} | ret=SUCCESS |  
2019-09-10 13:04:24,320 | INFO  | SCMAudit | user=jenkins1000 | ip=192.168.5.153 | op=SEND_HEARTBEAT {datanodeUUID=b87234b6-97b4-403b-b761-d13c1d3498ce, command=[]} | ret=SUCCESS |  
2019-09-10 13:04:24,492 | INFO  | SCMAudit | user=jenkins1000 | ip=192.168.5.153 | op=SEND_HEARTBEAT {datanodeUUID=51f7194d-0b6e-44ce-bfd4-93c34be99c19, command=[]} | ret=SUCCESS |  
2019-09-10 13:04:24,608 | INFO  | SCMAudit | user=jenkins1000 | ip=192.168.5.153 | op=SEND_HEARTBEAT {datanodeUUID=5133bb85-d112-43d0-b51c-6140e4ebc540, command=[]} | ret=SUCCESS |  
2019-09-10 13:04:24,608 | INFO  | SCMAudit | user=jenkins1000 | ip=192.168.5.153 | op=SEND_HEARTBEAT {datanodeUUID=677e3d93-3467-4860-9bf6-0d2ba46507f3, command=[]} | ret=SUCCESS |  
2019-09-10 13:04:24,615 | INFO  | SCMAudit | user=jenkins1000 | ip=192.168.5.153 | op=SEND_HEARTBEAT {datanodeUUID=80892ce7-83f5-4ca2-be8c-d0fb582c0dda, command=[]} | ret=SUCCESS |  
2019-09-10 13:04:24,899 | INFO  | SCMAudit | user=jenkins1000 | ip=192.168.5.153 | op=SEND_HEARTBEAT {datanodeUUID=4afd2ab1-ec40-4403-b668-2a355860e883, command=[]} | ret=SUCCESS |  
2019-09-10 13:04:25,108 | INFO  | SCMAudit | user=jenkins1000 | ip=192.168.5.153 | op=SEND_HEARTBEAT {datanodeUUID=98692575-908f-4c6f-b3d7-fc3119b7636a, command=[]} | ret=SUCCESS |  
2019-09-10 13:04:25,320 | INFO  | SCMAudit | user=jenkins1000 | ip=192.168.5.153 | op=SEND_HEARTBEAT {datanodeUUID=b87234b6-97b4-403b-b761-d13c1d3498ce, command=[]} | ret=SUCCESS |  
2019-09-10 13:04:25,492 | INFO  | SCMAudit | user=jenkins1000 | ip=192.168.5.153 | op=SEND_HEARTBEAT {datanodeUUID=51f7194d-0b6e-44ce-bfd4-93c34be99c19, command=[]} | ret=SUCCESS |  
2019-09-10 13:04:25,608 | INFO  | SCMAudit | user=jenkins1000 | ip=192.168.5.153 | op=SEND_HEARTBEAT {datanodeUUID=5133bb85-d112-43d0-b51c-6140e4ebc540, command=[]} | ret=SUCCESS |  
2019-09-10 13:04:25,608 | INFO  | SCMAudit | user=jenkins1000 | ip=192.168.5.153 | op=SEND_HEARTBEAT {datanodeUUID=677e3d93-3467-4860-9bf6-0d2ba46507f3, command=[]} | ret=SUCCESS |  
2019-09-10 13:04:25,615 | INFO  | SCMAudit | user=jenkins1000 | ip=192.168.5.153 | op=SEND_HEARTBEAT {datanodeUUID=80892ce7-83f5-4ca2-be8c-d0fb582c0dda, command=[]} | ret=SUCCESS |  
2019-09-10 13:04:25,899 | INFO  | SCMAudit | user=jenkins1000 | ip=192.168.5.153 | op=SEND_HEARTBEAT {datanodeUUID=4afd2ab1-ec40-4403-b668-2a355860e883, command=[]} | ret=SUCCESS |  
2019-09-10 13:04:26,108 | INFO  | SCMAudit | user=jenkins1000 | ip=192.168.5.153 | op=SEND_HEARTBEAT {datanodeUUID=98692575-908f-4c6f-b3d7-fc3119b7636a, command=[]} | ret=SUCCESS |  
2019-09-10 13:04:26,320 | INFO  | SCMAudit | user=jenkins1000 | ip=192.168.5.153 | op=SEND_HEARTBEAT {datanodeUUID=b87234b6-97b4-403b-b761-d13c1d3498ce, command=[]} | ret=SUCCESS |  
2019-09-10 13:04:26,492 | INFO  | SCMAudit | user=jenkins1000 | ip=192.168.5.153 | op=SEND_HEARTBEAT {datanodeUUID=51f7194d-0b6e-44ce-bfd4-93c34be99c19, command=[]} | ret=SUCCESS |  
2019-09-10 13:04:26,608 | INFO  | SCMAudit | user=jenkins1000 | ip=192.168.5.153 | op=SEND_HEARTBEAT {datanodeUUID=677e3d93-3467-4860-9bf6-0d2ba46507f3, command=[]} | ret=SUCCESS |  
2019-09-10 13:04:26,608 | INFO  | SCMAudit | user=jenkins1000 | ip=192.168.5.153 | op=SEND_HEARTBEAT {datanodeUUID=5133bb85-d112-43d0-b51c-6140e4ebc540, command=[]} | ret=SUCCESS |  
2019-09-10 13:04:26,615 | INFO  | SCMAudit | user=jenkins1000 | ip=192.168.5.153 | op=SEND_HEARTBEAT {datanodeUUID=80892ce7-83f5-4ca2-be8c-d0fb582c0dda, command=[]} | ret=SUCCESS |  
2019-09-10 13:04:26,769 [grpc-default-executor-0] INFO  client.GrpcClientProtocolClient (GrpcClientProtocolClient.java:onNext(255)) - client-1AEBD7C46593->5133bb85-d112-43d0-b51c-6140e4ebc540: receive RaftClientReply:client-1AEBD7C46593->5133bb85-d112-43d0-b51c-6140e4ebc540@group-59B8B6051EC0, cid=45, FAILED org.apache.ratis.protocol.NotLeaderException: Server 5133bb85-d112-43d0-b51c-6140e4ebc540 is not the leader (677e3d93-3467-4860-9bf6-0d2ba46507f3:192.168.5.153:41781). Request must be sent to leader., logIndex=0, commits[5133bb85-d112-43d0-b51c-6140e4ebc540:c8, 80892ce7-83f5-4ca2-be8c-d0fb582c0dda:c8, 677e3d93-3467-4860-9bf6-0d2ba46507f3:c8]
2019-09-10 13:04:26,899 | INFO  | SCMAudit | user=jenkins1000 | ip=192.168.5.153 | op=SEND_HEARTBEAT {datanodeUUID=4afd2ab1-ec40-4403-b668-2a355860e883, command=[]} | ret=SUCCESS |  
2019-09-10 13:04:27,109 | INFO  | SCMAudit | user=jenkins1000 | ip=192.168.5.153 | op=SEND_HEARTBEAT {datanodeUUID=98692575-908f-4c6f-b3d7-fc3119b7636a, command=[]} | ret=SUCCESS |  
2019-09-10 13:04:27,320 | INFO  | SCMAudit | user=jenkins1000 | ip=192.168.5.153 | op=SEND_HEARTBEAT {datanodeUUID=b87234b6-97b4-403b-b761-d13c1d3498ce, command=[]} | ret=SUCCESS |  
2019-09-10 13:04:27,492 | INFO  | SCMAudit | user=jenkins1000 | ip=192.168.5.153 | op=SEND_HEARTBEAT {datanodeUUID=51f7194d-0b6e-44ce-bfd4-93c34be99c19, command=[]} | ret=SUCCESS |  
2019-09-10 13:04:27,608 | INFO  | SCMAudit | user=jenkins1000 | ip=192.168.5.153 | op=SEND_HEARTBEAT {datanodeUUID=677e3d93-3467-4860-9bf6-0d2ba46507f3, command=[]} | ret=SUCCESS |  
2019-09-10 13:04:27,608 | INFO  | SCMAudit | user=jenkins1000 | ip=192.168.5.153 | op=SEND_HEARTBEAT {datanodeUUID=5133bb85-d112-43d0-b51c-6140e4ebc540, command=[]} | ret=SUCCESS |  
2019-09-10 13:04:27,616 | INFO  | SCMAudit | user=jenkins1000 | ip=192.168.5.153 | op=SEND_HEARTBEAT {datanodeUUID=80892ce7-83f5-4ca2-be8c-d0fb582c0dda, command=[]} | ret=SUCCESS |  
2019-09-10 13:04:27,899 | INFO  | SCMAudit | user=jenkins1000 | ip=192.168.5.153 | op=SEND_HEARTBEAT {datanodeUUID=4afd2ab1-ec40-4403-b668-2a355860e883, command=[]} | ret=SUCCESS |  
2019-09-10 13:04:28,108 | INFO  | SCMAudit | user=jenkins1000 | ip=192.168.5.153 | op=SEND_HEARTBEAT {datanodeUUID=98692575-908f-4c6f-b3d7-fc3119b7636a, command=[]} | ret=SUCCESS |  
2019-09-10 13:04:28,320 | INFO  | SCMAudit | user=jenkins1000 | ip=192.168.5.153 | op=SEND_HEARTBEAT {datanodeUUID=b87234b6-97b4-403b-b761-d13c1d3498ce, command=[]} | ret=SUCCESS |  
2019-09-10 13:04:28,492 | INFO  | SCMAudit | user=jenkins1000 | ip=192.168.5.153 | op=SEND_HEARTBEAT {datanodeUUID=51f7194d-0b6e-44ce-bfd4-93c34be99c19, command=[]} | ret=SUCCESS |  
2019-09-10 13:04:28,608 | INFO  | SCMAudit | user=jenkins1000 | ip=192.168.5.153 | op=SEND_HEARTBEAT {datanodeUUID=5133bb85-d112-43d0-b51c-6140e4ebc540, command=[]} | ret=SUCCESS |  
2019-09-10 13:04:28,608 | INFO  | SCMAudit | user=jenkins1000 | ip=192.168.5.153 | op=SEND_HEARTBEAT {datanodeUUID=677e3d93-3467-4860-9bf6-0d2ba46507f3, command=[]} | ret=SUCCESS |  
2019-09-10 13:04:28,616 | INFO  | SCMAudit | user=jenkins1000 | ip=192.168.5.153 | op=SEND_HEARTBEAT {datanodeUUID=80892ce7-83f5-4ca2-be8c-d0fb582c0dda, command=[]} | ret=SUCCESS |  
2019-09-10 13:04:28,899 | INFO  | SCMAudit | user=jenkins1000 | ip=192.168.5.153 | op=SEND_HEARTBEAT {datanodeUUID=4afd2ab1-ec40-4403-b668-2a355860e883, command=[]} | ret=SUCCESS |  
2019-09-10 13:04:29,108 | INFO  | SCMAudit | user=jenkins1000 | ip=192.168.5.153 | op=SEND_HEARTBEAT {datanodeUUID=98692575-908f-4c6f-b3d7-fc3119b7636a, command=[]} | ret=SUCCESS |  
2019-09-10 13:04:29,320 | INFO  | SCMAudit | user=jenkins1000 | ip=192.168.5.153 | op=SEND_HEARTBEAT {datanodeUUID=b87234b6-97b4-403b-b761-d13c1d3498ce, command=[]} | ret=SUCCESS |  
2019-09-10 13:04:29,493 | INFO  | SCMAudit | user=jenkins1000 | ip=192.168.5.153 | op=SEND_HEARTBEAT {datanodeUUID=51f7194d-0b6e-44ce-bfd4-93c34be99c19, command=[]} | ret=SUCCESS |  
2019-09-10 13:04:29,609 | INFO  | SCMAudit | user=jenkins1000 | ip=192.168.5.153 | op=SEND_HEARTBEAT {datanodeUUID=677e3d93-3467-4860-9bf6-0d2ba46507f3, command=[]} | ret=SUCCESS |  
2019-09-10 13:04:29,609 | INFO  | SCMAudit | user=jenkins1000 | ip=192.168.5.153 | op=SEND_HEARTBEAT {datanodeUUID=5133bb85-d112-43d0-b51c-6140e4ebc540, command=[]} | ret=SUCCESS |  
2019-09-10 13:04:29,617 | INFO  | SCMAudit | user=jenkins1000 | ip=192.168.5.153 | op=SEND_HEARTBEAT {datanodeUUID=80892ce7-83f5-4ca2-be8c-d0fb582c0dda, command=[]} | ret=SUCCESS |  
2019-09-10 13:04:29,899 | INFO  | SCMAudit | user=jenkins1000 | ip=192.168.5.153 | op=SEND_HEARTBEAT {datanodeUUID=4afd2ab1-ec40-4403-b668-2a355860e883, command=[]} | ret=SUCCESS |  
2019-09-10 13:04:30,109 | INFO  | SCMAudit | user=jenkins1000 | ip=192.168.5.153 | op=SEND_HEARTBEAT {datanodeUUID=98692575-908f-4c6f-b3d7-fc3119b7636a, command=[]} | ret=SUCCESS |  
2019-09-10 13:04:30,320 | INFO  | SCMAudit | user=jenkins1000 | ip=192.168.5.153 | op=SEND_HEARTBEAT {datanodeUUID=b87234b6-97b4-403b-b761-d13c1d3498ce, command=[]} | ret=SUCCESS |  
2019-09-10 13:04:30,493 | INFO  | SCMAudit | user=jenkins1000 | ip=192.168.5.153 | op=SEND_HEARTBEAT {datanodeUUID=51f7194d-0b6e-44ce-bfd4-93c34be99c19, command=[]} | ret=SUCCESS |  
2019-09-10 13:04:30,609 | INFO  | SCMAudit | user=jenkins1000 | ip=192.168.5.153 | op=SEND_HEARTBEAT {datanodeUUID=5133bb85-d112-43d0-b51c-6140e4ebc540, command=[]} | ret=SUCCESS |  
2019-09-10 13:04:30,609 | INFO  | SCMAudit | user=jenkins1000 | ip=192.168.5.153 | op=SEND_HEARTBEAT {datanodeUUID=677e3d93-3467-4860-9bf6-0d2ba46507f3, command=[]} | ret=SUCCESS |  
2019-09-10 13:04:30,616 | INFO  | SCMAudit | user=jenkins1000 | ip=192.168.5.153 | op=SEND_HEARTBEAT {datanodeUUID=80892ce7-83f5-4ca2-be8c-d0fb582c0dda, command=[]} | ret=SUCCESS |  
2019-09-10 13:04:30,899 | INFO  | SCMAudit | user=jenkins1000 | ip=192.168.5.153 | op=SEND_HEARTBEAT {datanodeUUID=4afd2ab1-ec40-4403-b668-2a355860e883, command=[]} | ret=SUCCESS |  
2019-09-10 13:04:31,109 | INFO  | SCMAudit | user=jenkins1000 | ip=192.168.5.153 | op=SEND_HEARTBEAT {datanodeUUID=98692575-908f-4c6f-b3d7-fc3119b7636a, command=[]} | ret=SUCCESS |  
2019-09-10 13:04:31,320 | INFO  | SCMAudit | user=jenkins1000 | ip=192.168.5.153 | op=SEND_HEARTBEAT {datanodeUUID=b87234b6-97b4-403b-b761-d13c1d3498ce, command=[]} | ret=SUCCESS |  
2019-09-10 13:04:31,493 | INFO  | SCMAudit | user=jenkins1000 | ip=192.168.5.153 | op=SEND_HEARTBEAT {datanodeUUID=51f7194d-0b6e-44ce-bfd4-93c34be99c19, command=[]} | ret=SUCCESS |  
2019-09-10 13:04:31,609 | INFO  | SCMAudit | user=jenkins1000 | ip=192.168.5.153 | op=SEND_HEARTBEAT {datanodeUUID=5133bb85-d112-43d0-b51c-6140e4ebc540, command=[]} | ret=SUCCESS |  
2019-09-10 13:04:31,610 | INFO  | SCMAudit | user=jenkins1000 | ip=192.168.5.153 | op=SEND_HEARTBEAT {datanodeUUID=677e3d93-3467-4860-9bf6-0d2ba46507f3, command=[]} | ret=SUCCESS |  
2019-09-10 13:04:31,617 | INFO  | SCMAudit | user=jenkins1000 | ip=192.168.5.153 | op=SEND_HEARTBEAT {datanodeUUID=80892ce7-83f5-4ca2-be8c-d0fb582c0dda, command=[]} | ret=SUCCESS |  
2019-09-10 13:04:31,805 [grpc-default-executor-6] INFO  client.GrpcClientProtocolClient (GrpcClientProtocolClient.java:onNext(255)) - client-1AEBD7C46593->80892ce7-83f5-4ca2-be8c-d0fb582c0dda: receive RaftClientReply:client-1AEBD7C46593->80892ce7-83f5-4ca2-be8c-d0fb582c0dda@group-59B8B6051EC0, cid=45, FAILED org.apache.ratis.protocol.NotLeaderException: Server 80892ce7-83f5-4ca2-be8c-d0fb582c0dda is not the leader (677e3d93-3467-4860-9bf6-0d2ba46507f3:192.168.5.153:41781). Request must be sent to leader., logIndex=0, commits[80892ce7-83f5-4ca2-be8c-d0fb582c0dda:c8, 677e3d93-3467-4860-9bf6-0d2ba46507f3:c8, 5133bb85-d112-43d0-b51c-6140e4ebc540:c8]
2019-09-10 13:04:31,899 | INFO  | SCMAudit | user=jenkins1000 | ip=192.168.5.153 | op=SEND_HEARTBEAT {datanodeUUID=4afd2ab1-ec40-4403-b668-2a355860e883, command=[]} | ret=SUCCESS |  
2019-09-10 13:04:32,109 | INFO  | SCMAudit | user=jenkins1000 | ip=192.168.5.153 | op=SEND_HEARTBEAT {datanodeUUID=98692575-908f-4c6f-b3d7-fc3119b7636a, command=[]} | ret=SUCCESS |  
2019-09-10 13:04:32,321 | INFO  | SCMAudit | user=jenkins1000 | ip=192.168.5.153 | op=SEND_HEARTBEAT {datanodeUUID=b87234b6-97b4-403b-b761-d13c1d3498ce, command=[]} | ret=SUCCESS |  
2019-09-10 13:04:32,494 | INFO  | SCMAudit | user=jenkins1000 | ip=192.168.5.153 | op=SEND_HEARTBEAT {datanodeUUID=51f7194d-0b6e-44ce-bfd4-93c34be99c19, command=[]} | ret=SUCCESS |  
2019-09-10 13:04:32,609 | INFO  | SCMAudit | user=jenkins1000 | ip=192.168.5.153 | op=SEND_HEARTBEAT {datanodeUUID=5133bb85-d112-43d0-b51c-6140e4ebc540, command=[]} | ret=SUCCESS |  
2019-09-10 13:04:32,610 | INFO  | SCMAudit | user=jenkins1000 | ip=192.168.5.153 | op=SEND_HEARTBEAT {datanodeUUID=677e3d93-3467-4860-9bf6-0d2ba46507f3, command=[]} | ret=SUCCESS |  
2019-09-10 13:04:32,618 | INFO  | SCMAudit | user=jenkins1000 | ip=192.168.5.153 | op=SEND_HEARTBEAT {datanodeUUID=80892ce7-83f5-4ca2-be8c-d0fb582c0dda, command=[]} | ret=SUCCESS |  
2019-09-10 13:04:32,900 | INFO  | SCMAudit | user=jenkins1000 | ip=192.168.5.153 | op=SEND_HEARTBEAT {datanodeUUID=4afd2ab1-ec40-4403-b668-2a355860e883, command=[]} | ret=SUCCESS |  
2019-09-10 13:04:33,110 | INFO  | SCMAudit | user=jenkins1000 | ip=192.168.5.153 | op=SEND_HEARTBEAT {datanodeUUID=98692575-908f-4c6f-b3d7-fc3119b7636a, command=[]} | ret=SUCCESS |  
2019-09-10 13:04:33,321 | INFO  | SCMAudit | user=jenkins1000 | ip=192.168.5.153 | op=SEND_HEARTBEAT {datanodeUUID=b87234b6-97b4-403b-b761-d13c1d3498ce, command=[]} | ret=SUCCESS |  
2019-09-10 13:04:33,494 | INFO  | SCMAudit | user=jenkins1000 | ip=192.168.5.153 | op=SEND_HEARTBEAT {datanodeUUID=51f7194d-0b6e-44ce-bfd4-93c34be99c19, command=[]} | ret=SUCCESS |  
2019-09-10 13:04:33,609 | INFO  | SCMAudit | user=jenkins1000 | ip=192.168.5.153 | op=SEND_HEARTBEAT {datanodeUUID=5133bb85-d112-43d0-b51c-6140e4ebc540, command=[]} | ret=SUCCESS |  
2019-09-10 13:04:33,610 | INFO  | SCMAudit | user=jenkins1000 | ip=192.168.5.153 | op=SEND_HEARTBEAT {datanodeUUID=677e3d93-3467-4860-9bf6-0d2ba46507f3, command=[]} | ret=SUCCESS |  
2019-09-10 13:04:33,619 | INFO  | SCMAudit | user=jenkins1000 | ip=192.168.5.153 | op=SEND_HEARTBEAT {datanodeUUID=80892ce7-83f5-4ca2-be8c-d0fb582c0dda, command=[]} | ret=SUCCESS |  
2019-09-10 13:04:33,900 | INFO  | SCMAudit | user=jenkins1000 | ip=192.168.5.153 | op=SEND_HEARTBEAT {datanodeUUID=4afd2ab1-ec40-4403-b668-2a355860e883, command=[]} | ret=SUCCESS |  
2019-09-10 13:04:34,109 | INFO  | SCMAudit | user=jenkins1000 | ip=192.168.5.153 | op=SEND_HEARTBEAT {datanodeUUID=98692575-908f-4c6f-b3d7-fc3119b7636a, command=[]} | ret=SUCCESS |  
2019-09-10 13:04:34,322 | INFO  | SCMAudit | user=jenkins1000 | ip=192.168.5.153 | op=SEND_HEARTBEAT {datanodeUUID=b87234b6-97b4-403b-b761-d13c1d3498ce, command=[]} | ret=SUCCESS |  
2019-09-10 13:04:34,494 | INFO  | SCMAudit | user=jenkins1000 | ip=192.168.5.153 | op=SEND_HEARTBEAT {datanodeUUID=51f7194d-0b6e-44ce-bfd4-93c34be99c19, command=[]} | ret=SUCCESS |  
2019-09-10 13:04:34,609 | INFO  | SCMAudit | user=jenkins1000 | ip=192.168.5.153 | op=SEND_HEARTBEAT {datanodeUUID=5133bb85-d112-43d0-b51c-6140e4ebc540, command=[]} | ret=SUCCESS |  
2019-09-10 13:04:34,610 | INFO  | SCMAudit | user=jenkins1000 | ip=192.168.5.153 | op=SEND_HEARTBEAT {datanodeUUID=677e3d93-3467-4860-9bf6-0d2ba46507f3, command=[]} | ret=SUCCESS |  
2019-09-10 13:04:34,619 | INFO  | SCMAudit | user=jenkins1000 | ip=192.168.5.153 | op=SEND_HEARTBEAT {datanodeUUID=80892ce7-83f5-4ca2-be8c-d0fb582c0dda, command=[]} | ret=SUCCESS |  
2019-09-10 13:04:34,900 | INFO  | SCMAudit | user=jenkins1000 | ip=192.168.5.153 | op=SEND_HEARTBEAT {datanodeUUID=4afd2ab1-ec40-4403-b668-2a355860e883, command=[]} | ret=SUCCESS |  
2019-09-10 13:04:35,109 | INFO  | SCMAudit | user=jenkins1000 | ip=192.168.5.153 | op=SEND_HEARTBEAT {datanodeUUID=98692575-908f-4c6f-b3d7-fc3119b7636a, command=[]} | ret=SUCCESS |  
2019-09-10 13:04:35,321 | INFO  | SCMAudit | user=jenkins1000 | ip=192.168.5.153 | op=SEND_HEARTBEAT {datanodeUUID=b87234b6-97b4-403b-b761-d13c1d3498ce, command=[]} | ret=SUCCESS |  
2019-09-10 13:04:35,494 | INFO  | SCMAudit | user=jenkins1000 | ip=192.168.5.153 | op=SEND_HEARTBEAT {datanodeUUID=51f7194d-0b6e-44ce-bfd4-93c34be99c19, command=[]} | ret=SUCCESS |  
2019-09-10 13:04:35,609 | INFO  | SCMAudit | user=jenkins1000 | ip=192.168.5.153 | op=SEND_HEARTBEAT {datanodeUUID=5133bb85-d112-43d0-b51c-6140e4ebc540, command=[]} | ret=SUCCESS |  
2019-09-10 13:04:35,610 | INFO  | SCMAudit | user=jenkins1000 | ip=192.168.5.153 | op=SEND_HEARTBEAT {datanodeUUID=677e3d93-3467-4860-9bf6-0d2ba46507f3, command=[]} | ret=SUCCESS |  
2019-09-10 13:04:35,619 | INFO  | SCMAudit | user=jenkins1000 | ip=192.168.5.153 | op=SEND_HEARTBEAT {datanodeUUID=80892ce7-83f5-4ca2-be8c-d0fb582c0dda, command=[]} | ret=SUCCESS |  
2019-09-10 13:04:35,900 | INFO  | SCMAudit | user=jenkins1000 | ip=192.168.5.153 | op=SEND_HEARTBEAT {datanodeUUID=4afd2ab1-ec40-4403-b668-2a355860e883, command=[]} | ret=SUCCESS |  
2019-09-10 13:04:36,109 | INFO  | SCMAudit | user=jenkins1000 | ip=192.168.5.153 | op=SEND_HEARTBEAT {datanodeUUID=98692575-908f-4c6f-b3d7-fc3119b7636a, command=[]} | ret=SUCCESS |  
2019-09-10 13:04:36,321 | INFO  | SCMAudit | user=jenkins1000 | ip=192.168.5.153 | op=SEND_HEARTBEAT {datanodeUUID=b87234b6-97b4-403b-b761-d13c1d3498ce, command=[]} | ret=SUCCESS |  
2019-09-10 13:04:36,494 | INFO  | SCMAudit | user=jenkins1000 | ip=192.168.5.153 | op=SEND_HEARTBEAT {datanodeUUID=51f7194d-0b6e-44ce-bfd4-93c34be99c19, command=[]} | ret=SUCCESS |  
2019-09-10 13:04:36,610 | INFO  | SCMAudit | user=jenkins1000 | ip=192.168.5.153 | op=SEND_HEARTBEAT {datanodeUUID=5133bb85-d112-43d0-b51c-6140e4ebc540, command=[]} | ret=SUCCESS |  
2019-09-10 13:04:36,610 | INFO  | SCMAudit | user=jenkins1000 | ip=192.168.5.153 | op=SEND_HEARTBEAT {datanodeUUID=677e3d93-3467-4860-9bf6-0d2ba46507f3, command=[]} | ret=SUCCESS |  
2019-09-10 13:04:36,619 | INFO  | SCMAudit | user=jenkins1000 | ip=192.168.5.153 | op=SEND_HEARTBEAT {datanodeUUID=80892ce7-83f5-4ca2-be8c-d0fb582c0dda, command=[]} | ret=SUCCESS |  
2019-09-10 13:04:36,844 [grpc-default-executor-0] INFO  client.GrpcClientProtocolClient (GrpcClientProtocolClient.java:onNext(255)) - client-1AEBD7C46593->5133bb85-d112-43d0-b51c-6140e4ebc540: receive RaftClientReply:client-1AEBD7C46593->5133bb85-d112-43d0-b51c-6140e4ebc540@group-59B8B6051EC0, cid=45, FAILED org.apache.ratis.protocol.NotLeaderException: Server 5133bb85-d112-43d0-b51c-6140e4ebc540 is not the leader (677e3d93-3467-4860-9bf6-0d2ba46507f3:192.168.5.153:41781). Request must be sent to leader., logIndex=0, commits[5133bb85-d112-43d0-b51c-6140e4ebc540:c8, 80892ce7-83f5-4ca2-be8c-d0fb582c0dda:c8, 677e3d93-3467-4860-9bf6-0d2ba46507f3:c8]
2019-09-10 13:04:36,900 | INFO  | SCMAudit | user=jenkins1000 | ip=192.168.5.153 | op=SEND_HEARTBEAT {datanodeUUID=4afd2ab1-ec40-4403-b668-2a355860e883, command=[]} | ret=SUCCESS |  
2019-09-10 13:04:37,109 | INFO  | SCMAudit | user=jenkins1000 | ip=192.168.5.153 | op=SEND_HEARTBEAT {datanodeUUID=98692575-908f-4c6f-b3d7-fc3119b7636a, command=[]} | ret=SUCCESS |  
2019-09-10 13:04:37,321 | INFO  | SCMAudit | user=jenkins1000 | ip=192.168.5.153 | op=SEND_HEARTBEAT {datanodeUUID=b87234b6-97b4-403b-b761-d13c1d3498ce, command=[]} | ret=SUCCESS |  
2019-09-10 13:04:37,494 | INFO  | SCMAudit | user=jenkins1000 | ip=192.168.5.153 | op=SEND_HEARTBEAT {datanodeUUID=51f7194d-0b6e-44ce-bfd4-93c34be99c19, command=[]} | ret=SUCCESS |  
2019-09-10 13:04:37,610 | INFO  | SCMAudit | user=jenkins1000 | ip=192.168.5.153 | op=SEND_HEARTBEAT {datanodeUUID=5133bb85-d112-43d0-b51c-6140e4ebc540, command=[]} | ret=SUCCESS |  
2019-09-10 13:04:37,610 | INFO  | SCMAudit | user=jenkins1000 | ip=192.168.5.153 | op=SEND_HEARTBEAT {datanodeUUID=677e3d93-3467-4860-9bf6-0d2ba46507f3, command=[]} | ret=SUCCESS |  
2019-09-10 13:04:37,619 | INFO  | SCMAudit | user=jenkins1000 | ip=192.168.5.153 | op=SEND_HEARTBEAT {datanodeUUID=80892ce7-83f5-4ca2-be8c-d0fb582c0dda, command=[]} | ret=SUCCESS |  
2019-09-10 13:04:37,900 | INFO  | SCMAudit | user=jenkins1000 | ip=192.168.5.153 | op=SEND_HEARTBEAT {datanodeUUID=4afd2ab1-ec40-4403-b668-2a355860e883, command=[]} | ret=SUCCESS |  
2019-09-10 13:04:38,110 | INFO  | SCMAudit | user=jenkins1000 | ip=192.168.5.153 | op=SEND_HEARTBEAT {datanodeUUID=98692575-908f-4c6f-b3d7-fc3119b7636a, command=[]} | ret=SUCCESS |  
2019-09-10 13:04:38,321 | INFO  | SCMAudit | user=jenkins1000 | ip=192.168.5.153 | op=SEND_HEARTBEAT {datanodeUUID=b87234b6-97b4-403b-b761-d13c1d3498ce, command=[]} | ret=SUCCESS |  
2019-09-10 13:04:38,495 | INFO  | SCMAudit | user=jenkins1000 | ip=192.168.5.153 | op=SEND_HEARTBEAT {datanodeUUID=51f7194d-0b6e-44ce-bfd4-93c34be99c19, command=[]} | ret=SUCCESS |  
2019-09-10 13:04:38,610 | INFO  | SCMAudit | user=jenkins1000 | ip=192.168.5.153 | op=SEND_HEARTBEAT {datanodeUUID=5133bb85-d112-43d0-b51c-6140e4ebc540, command=[]} | ret=SUCCESS |  
2019-09-10 13:04:38,610 | INFO  | SCMAudit | user=jenkins1000 | ip=192.168.5.153 | op=SEND_HEARTBEAT {datanodeUUID=677e3d93-3467-4860-9bf6-0d2ba46507f3, command=[]} | ret=SUCCESS |  
2019-09-10 13:04:38,619 | INFO  | SCMAudit | user=jenkins1000 | ip=192.168.5.153 | op=SEND_HEARTBEAT {datanodeUUID=80892ce7-83f5-4ca2-be8c-d0fb582c0dda, command=[]} | ret=SUCCESS |  
2019-09-10 13:04:38,900 | INFO  | SCMAudit | user=jenkins1000 | ip=192.168.5.153 | op=SEND_HEARTBEAT {datanodeUUID=4afd2ab1-ec40-4403-b668-2a355860e883, command=[]} | ret=SUCCESS |  
2019-09-10 13:04:39,110 | INFO  | SCMAudit | user=jenkins1000 | ip=192.168.5.153 | op=SEND_HEARTBEAT {datanodeUUID=98692575-908f-4c6f-b3d7-fc3119b7636a, command=[]} | ret=SUCCESS |  
2019-09-10 13:04:39,322 | INFO  | SCMAudit | user=jenkins1000 | ip=192.168.5.153 | op=SEND_HEARTBEAT {datanodeUUID=b87234b6-97b4-403b-b761-d13c1d3498ce, command=[]} | ret=SUCCESS |  
2019-09-10 13:04:39,496 | INFO  | SCMAudit | user=jenkins1000 | ip=192.168.5.153 | op=SEND_HEARTBEAT {datanodeUUID=51f7194d-0b6e-44ce-bfd4-93c34be99c19, command=[]} | ret=SUCCESS |  
2019-09-10 13:04:39,610 | INFO  | SCMAudit | user=jenkins1000 | ip=192.168.5.153 | op=SEND_HEARTBEAT {datanodeUUID=5133bb85-d112-43d0-b51c-6140e4ebc540, command=[]} | ret=SUCCESS |  
2019-09-10 13:04:39,610 | INFO  | SCMAudit | user=jenkins1000 | ip=192.168.5.153 | op=SEND_HEARTBEAT {datanodeUUID=677e3d93-3467-4860-9bf6-0d2ba46507f3, command=[]} | ret=SUCCESS |  
2019-09-10 13:04:39,619 | INFO  | SCMAudit | user=jenkins1000 | ip=192.168.5.153 | op=SEND_HEARTBEAT {datanodeUUID=80892ce7-83f5-4ca2-be8c-d0fb582c0dda, command=[]} | ret=SUCCESS |  
2019-09-10 13:04:39,900 | INFO  | SCMAudit | user=jenkins1000 | ip=192.168.5.153 | op=SEND_HEARTBEAT {datanodeUUID=4afd2ab1-ec40-4403-b668-2a355860e883, command=[]} | ret=SUCCESS |  
2019-09-10 13:04:40,110 | INFO  | SCMAudit | user=jenkins1000 | ip=192.168.5.153 | op=SEND_HEARTBEAT {datanodeUUID=98692575-908f-4c6f-b3d7-fc3119b7636a, command=[]} | ret=SUCCESS |  
2019-09-10 13:04:40,322 | INFO  | SCMAudit | user=jenkins1000 | ip=192.168.5.153 | op=SEND_HEARTBEAT {datanodeUUID=b87234b6-97b4-403b-b761-d13c1d3498ce, command=[]} | ret=SUCCESS |  
2019-09-10 13:04:40,496 | INFO  | SCMAudit | user=jenkins1000 | ip=192.168.5.153 | op=SEND_HEARTBEAT {datanodeUUID=51f7194d-0b6e-44ce-bfd4-93c34be99c19, command=[]} | ret=SUCCESS |  
2019-09-10 13:04:40,610 | INFO  | SCMAudit | user=jenkins1000 | ip=192.168.5.153 | op=SEND_HEARTBEAT {datanodeUUID=5133bb85-d112-43d0-b51c-6140e4ebc540, command=[]} | ret=SUCCESS |  
2019-09-10 13:04:40,610 | INFO  | SCMAudit | user=jenkins1000 | ip=192.168.5.153 | op=SEND_HEARTBEAT {datanodeUUID=677e3d93-3467-4860-9bf6-0d2ba46507f3, command=[]} | ret=SUCCESS |  
2019-09-10 13:04:40,619 | INFO  | SCMAudit | user=jenkins1000 | ip=192.168.5.153 | op=SEND_HEARTBEAT {datanodeUUID=80892ce7-83f5-4ca2-be8c-d0fb582c0dda, command=[]} | ret=SUCCESS |  
2019-09-10 13:04:40,900 | INFO  | SCMAudit | user=jenkins1000 | ip=192.168.5.153 | op=SEND_HEARTBEAT {datanodeUUID=4afd2ab1-ec40-4403-b668-2a355860e883, command=[]} | ret=SUCCESS |  
2019-09-10 13:04:41,111 | INFO  | SCMAudit | user=jenkins1000 | ip=192.168.5.153 | op=SEND_HEARTBEAT {datanodeUUID=98692575-908f-4c6f-b3d7-fc3119b7636a, command=[]} | ret=SUCCESS |  
2019-09-10 13:04:41,322 | INFO  | SCMAudit | user=jenkins1000 | ip=192.168.5.153 | op=SEND_HEARTBEAT {datanodeUUID=b87234b6-97b4-403b-b761-d13c1d3498ce, command=[]} | ret=SUCCESS |  
2019-09-10 13:04:41,496 | INFO  | SCMAudit | user=jenkins1000 | ip=192.168.5.153 | op=SEND_HEARTBEAT {datanodeUUID=51f7194d-0b6e-44ce-bfd4-93c34be99c19, command=[]} | ret=SUCCESS |  
2019-09-10 13:04:41,610 | INFO  | SCMAudit | user=jenkins1000 | ip=192.168.5.153 | op=SEND_HEARTBEAT {datanodeUUID=5133bb85-d112-43d0-b51c-6140e4ebc540, command=[]} | ret=SUCCESS |  
2019-09-10 13:04:41,610 | INFO  | SCMAudit | user=jenkins1000 | ip=192.168.5.153 | op=SEND_HEARTBEAT {datanodeUUID=677e3d93-3467-4860-9bf6-0d2ba46507f3, command=[]} | ret=SUCCESS |  
2019-09-10 13:04:41,618 | INFO  | SCMAudit | user=jenkins1000 | ip=192.168.5.153 | op=SEND_HEARTBEAT {datanodeUUID=80892ce7-83f5-4ca2-be8c-d0fb582c0dda, command=[]} | ret=SUCCESS |  
2019-09-10 13:04:41,877 [grpc-default-executor-6] INFO  client.GrpcClientProtocolClient (GrpcClientProtocolClient.java:onNext(255)) - client-1AEBD7C46593->80892ce7-83f5-4ca2-be8c-d0fb582c0dda: receive RaftClientReply:client-1AEBD7C46593->80892ce7-83f5-4ca2-be8c-d0fb582c0dda@group-59B8B6051EC0, cid=45, FAILED org.apache.ratis.protocol.NotLeaderException: Server 80892ce7-83f5-4ca2-be8c-d0fb582c0dda is not the leader (677e3d93-3467-4860-9bf6-0d2ba46507f3:192.168.5.153:41781). Request must be sent to leader., logIndex=0, commits[80892ce7-83f5-4ca2-be8c-d0fb582c0dda:c8, 677e3d93-3467-4860-9bf6-0d2ba46507f3:c8, 5133bb85-d112-43d0-b51c-6140e4ebc540:c8]
2019-09-10 13:04:41,900 | INFO  | SCMAudit | user=jenkins1000 | ip=192.168.5.153 | op=SEND_HEARTBEAT {datanodeUUID=4afd2ab1-ec40-4403-b668-2a355860e883, command=[]} | ret=SUCCESS |  
2019-09-10 13:04:42,110 | INFO  | SCMAudit | user=jenkins1000 | ip=192.168.5.153 | op=SEND_HEARTBEAT {datanodeUUID=98692575-908f-4c6f-b3d7-fc3119b7636a, command=[]} | ret=SUCCESS |  
2019-09-10 13:04:42,322 | INFO  | SCMAudit | user=jenkins1000 | ip=192.168.5.153 | op=SEND_HEARTBEAT {datanodeUUID=b87234b6-97b4-403b-b761-d13c1d3498ce, command=[]} | ret=SUCCESS |  
2019-09-10 13:04:42,496 | INFO  | SCMAudit | user=jenkins1000 | ip=192.168.5.153 | op=SEND_HEARTBEAT {datanodeUUID=51f7194d-0b6e-44ce-bfd4-93c34be99c19, command=[]} | ret=SUCCESS |  
2019-09-10 13:04:42,610 | INFO  | SCMAudit | user=jenkins1000 | ip=192.168.5.153 | op=SEND_HEARTBEAT {datanodeUUID=5133bb85-d112-43d0-b51c-6140e4ebc540, command=[]} | ret=SUCCESS |  
2019-09-10 13:04:42,610 | INFO  | SCMAudit | user=jenkins1000 | ip=192.168.5.153 | op=SEND_HEARTBEAT {datanodeUUID=677e3d93-3467-4860-9bf6-0d2ba46507f3, command=[]} | ret=SUCCESS |  
2019-09-10 13:04:42,618 | INFO  | SCMAudit | user=jenkins1000 | ip=192.168.5.153 | op=SEND_HEARTBEAT {datanodeUUID=80892ce7-83f5-4ca2-be8c-d0fb582c0dda, command=[]} | ret=SUCCESS |  
2019-09-10 13:04:42,900 | INFO  | SCMAudit | user=jenkins1000 | ip=192.168.5.153 | op=SEND_HEARTBEAT {datanodeUUID=4afd2ab1-ec40-4403-b668-2a355860e883, command=[]} | ret=SUCCESS |  
2019-09-10 13:04:43,110 | INFO  | SCMAudit | user=jenkins1000 | ip=192.168.5.153 | op=SEND_HEARTBEAT {datanodeUUID=98692575-908f-4c6f-b3d7-fc3119b7636a, command=[]} | ret=SUCCESS |  
2019-09-10 13:04:43,322 | INFO  | SCMAudit | user=jenkins1000 | ip=192.168.5.153 | op=SEND_HEARTBEAT {datanodeUUID=b87234b6-97b4-403b-b761-d13c1d3498ce, command=[]} | ret=SUCCESS |  
2019-09-10 13:04:43,496 | INFO  | SCMAudit | user=jenkins1000 | ip=192.168.5.153 | op=SEND_HEARTBEAT {datanodeUUID=51f7194d-0b6e-44ce-bfd4-93c34be99c19, command=[]} | ret=SUCCESS |  
2019-09-10 13:04:43,610 | INFO  | SCMAudit | user=jenkins1000 | ip=192.168.5.153 | op=SEND_HEARTBEAT {datanodeUUID=5133bb85-d112-43d0-b51c-6140e4ebc540, command=[]} | ret=SUCCESS |  
2019-09-10 13:04:43,610 | INFO  | SCMAudit | user=jenkins1000 | ip=192.168.5.153 | op=SEND_HEARTBEAT {datanodeUUID=677e3d93-3467-4860-9bf6-0d2ba46507f3, command=[]} | ret=SUCCESS |  
2019-09-10 13:04:43,619 | INFO  | SCMAudit | user=jenkins1000 | ip=192.168.5.153 | op=SEND_HEARTBEAT {datanodeUUID=80892ce7-83f5-4ca2-be8c-d0fb582c0dda, command=[]} | ret=SUCCESS |  
2019-09-10 13:04:43,900 | INFO  | SCMAudit | user=jenkins1000 | ip=192.168.5.153 | op=SEND_HEARTBEAT {datanodeUUID=4afd2ab1-ec40-4403-b668-2a355860e883, command=[]} | ret=SUCCESS |  
2019-09-10 13:04:44,110 | INFO  | SCMAudit | user=jenkins1000 | ip=192.168.5.153 | op=SEND_HEARTBEAT {datanodeUUID=98692575-908f-4c6f-b3d7-fc3119b7636a, command=[]} | ret=SUCCESS |  
2019-09-10 13:04:44,322 | INFO  | SCMAudit | user=jenkins1000 | ip=192.168.5.153 | op=SEND_HEARTBEAT {datanodeUUID=b87234b6-97b4-403b-b761-d13c1d3498ce, command=[]} | ret=SUCCESS |  
2019-09-10 13:04:44,497 | INFO  | SCMAudit | user=jenkins1000 | ip=192.168.5.153 | op=SEND_HEARTBEAT {datanodeUUID=51f7194d-0b6e-44ce-bfd4-93c34be99c19, command=[]} | ret=SUCCESS |  
2019-09-10 13:04:44,610 | INFO  | SCMAudit | user=jenkins1000 | ip=192.168.5.153 | op=SEND_HEARTBEAT {datanodeUUID=5133bb85-d112-43d0-b51c-6140e4ebc540, command=[]} | ret=SUCCESS |  
2019-09-10 13:04:44,610 | INFO  | SCMAudit | user=jenkins1000 | ip=192.168.5.153 | op=SEND_HEARTBEAT {datanodeUUID=677e3d93-3467-4860-9bf6-0d2ba46507f3, command=[]} | ret=SUCCESS |  
2019-09-10 13:04:44,619 | INFO  | SCMAudit | user=jenkins1000 | ip=192.168.5.153 | op=SEND_HEARTBEAT {datanodeUUID=80892ce7-83f5-4ca2-be8c-d0fb582c0dda, command=[]} | ret=SUCCESS |  
2019-09-10 13:04:44,900 | INFO  | SCMAudit | user=jenkins1000 | ip=192.168.5.153 | op=SEND_HEARTBEAT {datanodeUUID=4afd2ab1-ec40-4403-b668-2a355860e883, command=[]} | ret=SUCCESS |  
2019-09-10 13:04:45,111 | INFO  | SCMAudit | user=jenkins1000 | ip=192.168.5.153 | op=SEND_HEARTBEAT {datanodeUUID=98692575-908f-4c6f-b3d7-fc3119b7636a, command=[]} | ret=SUCCESS |  
2019-09-10 13:04:45,322 | INFO  | SCMAudit | user=jenkins1000 | ip=192.168.5.153 | op=SEND_HEARTBEAT {datanodeUUID=b87234b6-97b4-403b-b761-d13c1d3498ce, command=[]} | ret=SUCCESS |  
2019-09-10 13:04:45,497 | INFO  | SCMAudit | user=jenkins1000 | ip=192.168.5.153 | op=SEND_HEARTBEAT {datanodeUUID=51f7194d-0b6e-44ce-bfd4-93c34be99c19, command=[]} | ret=SUCCESS |  
2019-09-10 13:04:45,610 | INFO  | SCMAudit | user=jenkins1000 | ip=192.168.5.153 | op=SEND_HEARTBEAT {datanodeUUID=5133bb85-d112-43d0-b51c-6140e4ebc540, command=[]} | ret=SUCCESS |  
2019-09-10 13:04:45,610 | INFO  | SCMAudit | user=jenkins1000 | ip=192.168.5.153 | op=SEND_HEARTBEAT {datanodeUUID=677e3d93-3467-4860-9bf6-0d2ba46507f3, command=[]} | ret=SUCCESS |  
2019-09-10 13:04:45,619 | INFO  | SCMAudit | user=jenkins1000 | ip=192.168.5.153 | op=SEND_HEARTBEAT {datanodeUUID=80892ce7-83f5-4ca2-be8c-d0fb582c0dda, command=[]} | ret=SUCCESS |  
2019-09-10 13:04:45,900 | INFO  | SCMAudit | user=jenkins1000 | ip=192.168.5.153 | op=SEND_HEARTBEAT {datanodeUUID=4afd2ab1-ec40-4403-b668-2a355860e883, command=[]} | ret=SUCCESS |  
2019-09-10 13:04:46,111 | INFO  | SCMAudit | user=jenkins1000 | ip=192.168.5.153 | op=SEND_HEARTBEAT {datanodeUUID=98692575-908f-4c6f-b3d7-fc3119b7636a, command=[]} | ret=SUCCESS |  
2019-09-10 13:04:46,322 | INFO  | SCMAudit | user=jenkins1000 | ip=192.168.5.153 | op=SEND_HEARTBEAT {datanodeUUID=b87234b6-97b4-403b-b761-d13c1d3498ce, command=[]} | ret=SUCCESS |  
2019-09-10 13:04:46,497 | INFO  | SCMAudit | user=jenkins1000 | ip=192.168.5.153 | op=SEND_HEARTBEAT {datanodeUUID=51f7194d-0b6e-44ce-bfd4-93c34be99c19, command=[]} | ret=SUCCESS |  
2019-09-10 13:04:46,611 | INFO  | SCMAudit | user=jenkins1000 | ip=192.168.5.153 | op=SEND_HEARTBEAT {datanodeUUID=5133bb85-d112-43d0-b51c-6140e4ebc540, command=[]} | ret=SUCCESS |  
2019-09-10 13:04:46,611 | INFO  | SCMAudit | user=jenkins1000 | ip=192.168.5.153 | op=SEND_HEARTBEAT {datanodeUUID=677e3d93-3467-4860-9bf6-0d2ba46507f3, command=[]} | ret=SUCCESS |  
2019-09-10 13:04:46,619 | INFO  | SCMAudit | user=jenkins1000 | ip=192.168.5.153 | op=SEND_HEARTBEAT {datanodeUUID=80892ce7-83f5-4ca2-be8c-d0fb582c0dda, command=[]} | ret=SUCCESS |  
2019-09-10 13:04:46,904 | INFO  | SCMAudit | user=jenkins1000 | ip=192.168.5.153 | op=SEND_HEARTBEAT {datanodeUUID=4afd2ab1-ec40-4403-b668-2a355860e883, command=[]} | ret=SUCCESS |  
2019-09-10 13:04:46,924 [grpc-default-executor-6] INFO  client.GrpcClientProtocolClient (GrpcClientProtocolClient.java:onNext(255)) - client-1AEBD7C46593->80892ce7-83f5-4ca2-be8c-d0fb582c0dda: receive RaftClientReply:client-1AEBD7C46593->80892ce7-83f5-4ca2-be8c-d0fb582c0dda@group-59B8B6051EC0, cid=45, FAILED org.apache.ratis.protocol.NotLeaderException: Server 80892ce7-83f5-4ca2-be8c-d0fb582c0dda is not the leader (677e3d93-3467-4860-9bf6-0d2ba46507f3:192.168.5.153:41781). Request must be sent to leader., logIndex=0, commits[80892ce7-83f5-4ca2-be8c-d0fb582c0dda:c8, 677e3d93-3467-4860-9bf6-0d2ba46507f3:c8, 5133bb85-d112-43d0-b51c-6140e4ebc540:c8]
2019-09-10 13:04:47,111 | INFO  | SCMAudit | user=jenkins1000 | ip=192.168.5.153 | op=SEND_HEARTBEAT {datanodeUUID=98692575-908f-4c6f-b3d7-fc3119b7636a, command=[]} | ret=SUCCESS |  
2019-09-10 13:04:47,322 | INFO  | SCMAudit | user=jenkins1000 | ip=192.168.5.153 | op=SEND_HEARTBEAT {datanodeUUID=b87234b6-97b4-403b-b761-d13c1d3498ce, command=[]} | ret=SUCCESS |  
2019-09-10 13:04:47,497 | INFO  | SCMAudit | user=jenkins1000 | ip=192.168.5.153 | op=SEND_HEARTBEAT {datanodeUUID=51f7194d-0b6e-44ce-bfd4-93c34be99c19, command=[]} | ret=SUCCESS |  
2019-09-10 13:04:47,611 | INFO  | SCMAudit | user=jenkins1000 | ip=192.168.5.153 | op=SEND_HEARTBEAT {datanodeUUID=677e3d93-3467-4860-9bf6-0d2ba46507f3, command=[]} | ret=SUCCESS |  
2019-09-10 13:04:47,611 | INFO  | SCMAudit | user=jenkins1000 | ip=192.168.5.153 | op=SEND_HEARTBEAT {datanodeUUID=5133bb85-d112-43d0-b51c-6140e4ebc540, command=[]} | ret=SUCCESS |  
2019-09-10 13:04:47,619 | INFO  | SCMAudit | user=jenkins1000 | ip=192.168.5.153 | op=SEND_HEARTBEAT {datanodeUUID=80892ce7-83f5-4ca2-be8c-d0fb582c0dda, command=[]} | ret=SUCCESS |  
2019-09-10 13:04:47,901 | INFO  | SCMAudit | user=jenkins1000 | ip=192.168.5.153 | op=SEND_HEARTBEAT {datanodeUUID=4afd2ab1-ec40-4403-b668-2a355860e883, command=[]} | ret=SUCCESS |  
2019-09-10 13:04:48,112 | INFO  | SCMAudit | user=jenkins1000 | ip=192.168.5.153 | op=SEND_HEARTBEAT {datanodeUUID=98692575-908f-4c6f-b3d7-fc3119b7636a, command=[]} | ret=SUCCESS |  
2019-09-10 13:04:48,322 | INFO  | SCMAudit | user=jenkins1000 | ip=192.168.5.153 | op=SEND_HEARTBEAT {datanodeUUID=b87234b6-97b4-403b-b761-d13c1d3498ce, command=[]} | ret=SUCCESS |  
2019-09-10 13:04:48,497 | INFO  | SCMAudit | user=jenkins1000 | ip=192.168.5.153 | op=SEND_HEARTBEAT {datanodeUUID=51f7194d-0b6e-44ce-bfd4-93c34be99c19, command=[]} | ret=SUCCESS |  
2019-09-10 13:04:48,611 | INFO  | SCMAudit | user=jenkins1000 | ip=192.168.5.153 | op=SEND_HEARTBEAT {datanodeUUID=5133bb85-d112-43d0-b51c-6140e4ebc540, command=[]} | ret=SUCCESS |  
2019-09-10 13:04:48,611 | INFO  | SCMAudit | user=jenkins1000 | ip=192.168.5.153 | op=SEND_HEARTBEAT {datanodeUUID=677e3d93-3467-4860-9bf6-0d2ba46507f3, command=[]} | ret=SUCCESS |  
2019-09-10 13:04:48,619 | INFO  | SCMAudit | user=jenkins1000 | ip=192.168.5.153 | op=SEND_HEARTBEAT {datanodeUUID=80892ce7-83f5-4ca2-be8c-d0fb582c0dda, command=[]} | ret=SUCCESS |  
2019-09-10 13:04:48,901 | INFO  | SCMAudit | user=jenkins1000 | ip=192.168.5.153 | op=SEND_HEARTBEAT {datanodeUUID=4afd2ab1-ec40-4403-b668-2a355860e883, command=[]} | ret=SUCCESS |  
2019-09-10 13:04:49,112 | INFO  | SCMAudit | user=jenkins1000 | ip=192.168.5.153 | op=SEND_HEARTBEAT {datanodeUUID=98692575-908f-4c6f-b3d7-fc3119b7636a, command=[]} | ret=SUCCESS |  
2019-09-10 13:04:49,322 | INFO  | SCMAudit | user=jenkins1000 | ip=192.168.5.153 | op=SEND_HEARTBEAT {datanodeUUID=b87234b6-97b4-403b-b761-d13c1d3498ce, command=[]} | ret=SUCCESS |  
2019-09-10 13:04:49,497 | INFO  | SCMAudit | user=jenkins1000 | ip=192.168.5.153 | op=SEND_HEARTBEAT {datanodeUUID=51f7194d-0b6e-44ce-bfd4-93c34be99c19, command=[]} | ret=SUCCESS |  
2019-09-10 13:04:49,611 | INFO  | SCMAudit | user=jenkins1000 | ip=192.168.5.153 | op=SEND_HEARTBEAT {datanodeUUID=677e3d93-3467-4860-9bf6-0d2ba46507f3, command=[]} | ret=SUCCESS |  
2019-09-10 13:04:49,611 | INFO  | SCMAudit | user=jenkins1000 | ip=192.168.5.153 | op=SEND_HEARTBEAT {datanodeUUID=5133bb85-d112-43d0-b51c-6140e4ebc540, command=[]} | ret=SUCCESS |  
2019-09-10 13:04:49,619 | INFO  | SCMAudit | user=jenkins1000 | ip=192.168.5.153 | op=SEND_HEARTBEAT {datanodeUUID=80892ce7-83f5-4ca2-be8c-d0fb582c0dda, command=[]} | ret=SUCCESS |  
2019-09-10 13:04:49,901 | INFO  | SCMAudit | user=jenkins1000 | ip=192.168.5.153 | op=SEND_HEARTBEAT {datanodeUUID=4afd2ab1-ec40-4403-b668-2a355860e883, command=[]} | ret=SUCCESS |  
2019-09-10 13:04:50,113 | INFO  | SCMAudit | user=jenkins1000 | ip=192.168.5.153 | op=SEND_HEARTBEAT {datanodeUUID=98692575-908f-4c6f-b3d7-fc3119b7636a, command=[]} | ret=SUCCESS |  
2019-09-10 13:04:50,322 | INFO  | SCMAudit | user=jenkins1000 | ip=192.168.5.153 | op=SEND_HEARTBEAT {datanodeUUID=b87234b6-97b4-403b-b761-d13c1d3498ce, command=[]} | ret=SUCCESS |  
2019-09-10 13:04:50,497 | INFO  | SCMAudit | user=jenkins1000 | ip=192.168.5.153 | op=SEND_HEARTBEAT {datanodeUUID=51f7194d-0b6e-44ce-bfd4-93c34be99c19, command=[]} | ret=SUCCESS |  
2019-09-10 13:04:50,611 | INFO  | SCMAudit | user=jenkins1000 | ip=192.168.5.153 | op=SEND_HEARTBEAT {datanodeUUID=5133bb85-d112-43d0-b51c-6140e4ebc540, command=[]} | ret=SUCCESS |  
2019-09-10 13:04:50,611 | INFO  | SCMAudit | user=jenkins1000 | ip=192.168.5.153 | op=SEND_HEARTBEAT {datanodeUUID=677e3d93-3467-4860-9bf6-0d2ba46507f3, command=[]} | ret=SUCCESS |  
2019-09-10 13:04:50,619 | INFO  | SCMAudit | user=jenkins1000 | ip=192.168.5.153 | op=SEND_HEARTBEAT {datanodeUUID=80892ce7-83f5-4ca2-be8c-d0fb582c0dda, command=[]} | ret=SUCCESS |  
2019-09-10 13:04:50,901 | INFO  | SCMAudit | user=jenkins1000 | ip=192.168.5.153 | op=SEND_HEARTBEAT {datanodeUUID=4afd2ab1-ec40-4403-b668-2a355860e883, command=[]} | ret=SUCCESS |  
2019-09-10 13:04:51,113 | INFO  | SCMAudit | user=jenkins1000 | ip=192.168.5.153 | op=SEND_HEARTBEAT {datanodeUUID=98692575-908f-4c6f-b3d7-fc3119b7636a, command=[]} | ret=SUCCESS |  
2019-09-10 13:04:51,322 | INFO  | SCMAudit | user=jenkins1000 | ip=192.168.5.153 | op=SEND_HEARTBEAT {datanodeUUID=b87234b6-97b4-403b-b761-d13c1d3498ce, command=[]} | ret=SUCCESS |  
2019-09-10 13:04:51,497 | INFO  | SCMAudit | user=jenkins1000 | ip=192.168.5.153 | op=SEND_HEARTBEAT {datanodeUUID=51f7194d-0b6e-44ce-bfd4-93c34be99c19, command=[]} | ret=SUCCESS |  
2019-09-10 13:04:51,611 | INFO  | SCMAudit | user=jenkins1000 | ip=192.168.5.153 | op=SEND_HEARTBEAT {datanodeUUID=677e3d93-3467-4860-9bf6-0d2ba46507f3, command=[]} | ret=SUCCESS |  
2019-09-10 13:04:51,611 | INFO  | SCMAudit | user=jenkins1000 | ip=192.168.5.153 | op=SEND_HEARTBEAT {datanodeUUID=5133bb85-d112-43d0-b51c-6140e4ebc540, command=[]} | ret=SUCCESS |  
2019-09-10 13:04:51,618 | INFO  | SCMAudit | user=jenkins1000 | ip=192.168.5.153 | op=SEND_HEARTBEAT {datanodeUUID=80892ce7-83f5-4ca2-be8c-d0fb582c0dda, command=[]} | ret=SUCCESS |  
2019-09-10 13:04:51,901 | INFO  | SCMAudit | user=jenkins1000 | ip=192.168.5.153 | op=SEND_HEARTBEAT {datanodeUUID=4afd2ab1-ec40-4403-b668-2a355860e883, command=[]} | ret=SUCCESS |  
2019-09-10 13:04:51,964 [grpc-default-executor-6] INFO  client.GrpcClientProtocolClient (GrpcClientProtocolClient.java:onNext(255)) - client-1AEBD7C46593->80892ce7-83f5-4ca2-be8c-d0fb582c0dda: receive RaftClientReply:client-1AEBD7C46593->80892ce7-83f5-4ca2-be8c-d0fb582c0dda@group-59B8B6051EC0, cid=45, FAILED org.apache.ratis.protocol.NotLeaderException: Server 80892ce7-83f5-4ca2-be8c-d0fb582c0dda is not the leader (677e3d93-3467-4860-9bf6-0d2ba46507f3:192.168.5.153:41781). Request must be sent to leader., logIndex=0, commits[80892ce7-83f5-4ca2-be8c-d0fb582c0dda:c8, 677e3d93-3467-4860-9bf6-0d2ba46507f3:c8, 5133bb85-d112-43d0-b51c-6140e4ebc540:c8]
2019-09-10 13:04:52,113 | INFO  | SCMAudit | user=jenkins1000 | ip=192.168.5.153 | op=SEND_HEARTBEAT {datanodeUUID=98692575-908f-4c6f-b3d7-fc3119b7636a, command=[]} | ret=SUCCESS |  
2019-09-10 13:04:52,322 | INFO  | SCMAudit | user=jenkins1000 | ip=192.168.5.153 | op=SEND_HEARTBEAT {datanodeUUID=b87234b6-97b4-403b-b761-d13c1d3498ce, command=[]} | ret=SUCCESS |  
2019-09-10 13:04:52,498 | INFO  | SCMAudit | user=jenkins1000 | ip=192.168.5.153 | op=SEND_HEARTBEAT {datanodeUUID=51f7194d-0b6e-44ce-bfd4-93c34be99c19, command=[]} | ret=SUCCESS |  
2019-09-10 13:04:52,611 | INFO  | SCMAudit | user=jenkins1000 | ip=192.168.5.153 | op=SEND_HEARTBEAT {datanodeUUID=5133bb85-d112-43d0-b51c-6140e4ebc540, command=[]} | ret=SUCCESS |  
2019-09-10 13:04:52,611 | INFO  | SCMAudit | user=jenkins1000 | ip=192.168.5.153 | op=SEND_HEARTBEAT {datanodeUUID=677e3d93-3467-4860-9bf6-0d2ba46507f3, command=[]} | ret=SUCCESS |  
2019-09-10 13:04:52,618 | INFO  | SCMAudit | user=jenkins1000 | ip=192.168.5.153 | op=SEND_HEARTBEAT {datanodeUUID=80892ce7-83f5-4ca2-be8c-d0fb582c0dda, command=[]} | ret=SUCCESS |  
2019-09-10 13:04:52,902 | INFO  | SCMAudit | user=jenkins1000 | ip=192.168.5.153 | op=SEND_HEARTBEAT {datanodeUUID=4afd2ab1-ec40-4403-b668-2a355860e883, command=[]} | ret=SUCCESS |  
2019-09-10 13:04:53,113 | INFO  | SCMAudit | user=jenkins1000 | ip=192.168.5.153 | op=SEND_HEARTBEAT {datanodeUUID=98692575-908f-4c6f-b3d7-fc3119b7636a, command=[]} | ret=SUCCESS |  
2019-09-10 13:04:53,322 | INFO  | SCMAudit | user=jenkins1000 | ip=192.168.5.153 | op=SEND_HEARTBEAT {datanodeUUID=b87234b6-97b4-403b-b761-d13c1d3498ce, command=[]} | ret=SUCCESS |  
2019-09-10 13:04:53,498 | INFO  | SCMAudit | user=jenkins1000 | ip=192.168.5.153 | op=SEND_HEARTBEAT {datanodeUUID=51f7194d-0b6e-44ce-bfd4-93c34be99c19, command=[]} | ret=SUCCESS |  
2019-09-10 13:04:53,611 | INFO  | SCMAudit | user=jenkins1000 | ip=192.168.5.153 | op=SEND_HEARTBEAT {datanodeUUID=5133bb85-d112-43d0-b51c-6140e4ebc540, command=[]} | ret=SUCCESS |  
2019-09-10 13:04:53,611 | INFO  | SCMAudit | user=jenkins1000 | ip=192.168.5.153 | op=SEND_HEARTBEAT {datanodeUUID=677e3d93-3467-4860-9bf6-0d2ba46507f3, command=[]} | ret=SUCCESS |  
2019-09-10 13:04:53,619 | INFO  | SCMAudit | user=jenkins1000 | ip=192.168.5.153 | op=SEND_HEARTBEAT {datanodeUUID=80892ce7-83f5-4ca2-be8c-d0fb582c0dda, command=[]} | ret=SUCCESS |  
2019-09-10 13:04:53,902 | INFO  | SCMAudit | user=jenkins1000 | ip=192.168.5.153 | op=SEND_HEARTBEAT {datanodeUUID=4afd2ab1-ec40-4403-b668-2a355860e883, command=[]} | ret=SUCCESS |  
2019-09-10 13:04:54,115 | INFO  | SCMAudit | user=jenkins1000 | ip=192.168.5.153 | op=SEND_HEARTBEAT {datanodeUUID=98692575-908f-4c6f-b3d7-fc3119b7636a, command=[]} | ret=SUCCESS |  
2019-09-10 13:04:54,323 | INFO  | SCMAudit | user=jenkins1000 | ip=192.168.5.153 | op=SEND_HEARTBEAT {datanodeUUID=b87234b6-97b4-403b-b761-d13c1d3498ce, command=[]} | ret=SUCCESS |  
2019-09-10 13:04:54,499 | INFO  | SCMAudit | user=jenkins1000 | ip=192.168.5.153 | op=SEND_HEARTBEAT {datanodeUUID=51f7194d-0b6e-44ce-bfd4-93c34be99c19, command=[]} | ret=SUCCESS |  
2019-09-10 13:04:54,611 | INFO  | SCMAudit | user=jenkins1000 | ip=192.168.5.153 | op=SEND_HEARTBEAT {datanodeUUID=5133bb85-d112-43d0-b51c-6140e4ebc540, command=[]} | ret=SUCCESS |  
2019-09-10 13:04:54,611 | INFO  | SCMAudit | user=jenkins1000 | ip=192.168.5.153 | op=SEND_HEARTBEAT {datanodeUUID=677e3d93-3467-4860-9bf6-0d2ba46507f3, command=[]} | ret=SUCCESS |  
2019-09-10 13:04:54,619 | INFO  | SCMAudit | user=jenkins1000 | ip=192.168.5.153 | op=SEND_HEARTBEAT {datanodeUUID=80892ce7-83f5-4ca2-be8c-d0fb582c0dda, command=[]} | ret=SUCCESS |  
2019-09-10 13:04:54,881 [ReplicationMonitor] INFO  container.ReplicationManager (ReplicationManager.java:run(214)) - Replication Monitor Thread took 0 milliseconds for processing 3 containers.
2019-09-10 13:04:54,902 | INFO  | SCMAudit | user=jenkins1000 | ip=192.168.5.153 | op=SEND_HEARTBEAT {datanodeUUID=4afd2ab1-ec40-4403-b668-2a355860e883, command=[]} | ret=SUCCESS |  
2019-09-10 13:04:55,115 | INFO  | SCMAudit | user=jenkins1000 | ip=192.168.5.153 | op=SEND_HEARTBEAT {datanodeUUID=98692575-908f-4c6f-b3d7-fc3119b7636a, command=[]} | ret=SUCCESS |  
2019-09-10 13:04:55,323 | INFO  | SCMAudit | user=jenkins1000 | ip=192.168.5.153 | op=SEND_HEARTBEAT {datanodeUUID=b87234b6-97b4-403b-b761-d13c1d3498ce, command=[]} | ret=SUCCESS |  
2019-09-10 13:04:55,499 | INFO  | SCMAudit | user=jenkins1000 | ip=192.168.5.153 | op=SEND_HEARTBEAT {datanodeUUID=51f7194d-0b6e-44ce-bfd4-93c34be99c19, command=[]} | ret=SUCCESS |  
2019-09-10 13:04:55,611 | INFO  | SCMAudit | user=jenkins1000 | ip=192.168.5.153 | op=SEND_HEARTBEAT {datanodeUUID=5133bb85-d112-43d0-b51c-6140e4ebc540, command=[]} | ret=SUCCESS |  
2019-09-10 13:04:55,611 | INFO  | SCMAudit | user=jenkins1000 | ip=192.168.5.153 | op=SEND_HEARTBEAT {datanodeUUID=677e3d93-3467-4860-9bf6-0d2ba46507f3, command=[]} | ret=SUCCESS |  
2019-09-10 13:04:55,620 | INFO  | SCMAudit | user=jenkins1000 | ip=192.168.5.153 | op=SEND_HEARTBEAT {datanodeUUID=80892ce7-83f5-4ca2-be8c-d0fb582c0dda, command=[]} | ret=SUCCESS |  
2019-09-10 13:04:55,903 | INFO  | SCMAudit | user=jenkins1000 | ip=192.168.5.153 | op=SEND_HEARTBEAT {datanodeUUID=4afd2ab1-ec40-4403-b668-2a355860e883, command=[]} | ret=SUCCESS |  
2019-09-10 13:04:56,115 | INFO  | SCMAudit | user=jenkins1000 | ip=192.168.5.153 | op=SEND_HEARTBEAT {datanodeUUID=98692575-908f-4c6f-b3d7-fc3119b7636a, command=[]} | ret=SUCCESS |  
2019-09-10 13:04:56,323 | INFO  | SCMAudit | user=jenkins1000 | ip=192.168.5.153 | op=SEND_HEARTBEAT {datanodeUUID=b87234b6-97b4-403b-b761-d13c1d3498ce, command=[]} | ret=SUCCESS |  
2019-09-10 13:04:56,499 | INFO  | SCMAudit | user=jenkins1000 | ip=192.168.5.153 | op=SEND_HEARTBEAT {datanodeUUID=51f7194d-0b6e-44ce-bfd4-93c34be99c19, command=[]} | ret=SUCCESS |  
2019-09-10 13:04:56,611 | INFO  | SCMAudit | user=jenkins1000 | ip=192.168.5.153 | op=SEND_HEARTBEAT {datanodeUUID=5133bb85-d112-43d0-b51c-6140e4ebc540, command=[]} | ret=SUCCESS |  
2019-09-10 13:04:56,611 | INFO  | SCMAudit | user=jenkins1000 | ip=192.168.5.153 | op=SEND_HEARTBEAT {datanodeUUID=677e3d93-3467-4860-9bf6-0d2ba46507f3, command=[]} | ret=SUCCESS |  
2019-09-10 13:04:56,621 | INFO  | SCMAudit | user=jenkins1000 | ip=192.168.5.153 | op=SEND_HEARTBEAT {datanodeUUID=80892ce7-83f5-4ca2-be8c-d0fb582c0dda, command=[]} | ret=SUCCESS |  
2019-09-10 13:04:56,902 | INFO  | SCMAudit | user=jenkins1000 | ip=192.168.5.153 | op=SEND_HEARTBEAT {datanodeUUID=4afd2ab1-ec40-4403-b668-2a355860e883, command=[]} | ret=SUCCESS |  
2019-09-10 13:04:57,010 [grpc-default-executor-0] INFO  client.GrpcClientProtocolClient (GrpcClientProtocolClient.java:onNext(255)) - client-1AEBD7C46593->5133bb85-d112-43d0-b51c-6140e4ebc540: receive RaftClientReply:client-1AEBD7C46593->5133bb85-d112-43d0-b51c-6140e4ebc540@group-59B8B6051EC0, cid=45, FAILED org.apache.ratis.protocol.NotLeaderException: Server 5133bb85-d112-43d0-b51c-6140e4ebc540 is not the leader (677e3d93-3467-4860-9bf6-0d2ba46507f3:192.168.5.153:41781). Request must be sent to leader., logIndex=0, commits[5133bb85-d112-43d0-b51c-6140e4ebc540:c8, 80892ce7-83f5-4ca2-be8c-d0fb582c0dda:c8, 677e3d93-3467-4860-9bf6-0d2ba46507f3:c8]
2019-09-10 13:04:57,116 | INFO  | SCMAudit | user=jenkins1000 | ip=192.168.5.153 | op=SEND_HEARTBEAT {datanodeUUID=98692575-908f-4c6f-b3d7-fc3119b7636a, command=[]} | ret=SUCCESS |  
2019-09-10 13:04:57,323 | INFO  | SCMAudit | user=jenkins1000 | ip=192.168.5.153 | op=SEND_HEARTBEAT {datanodeUUID=b87234b6-97b4-403b-b761-d13c1d3498ce, command=[]} | ret=SUCCESS |  
2019-09-10 13:04:57,499 | INFO  | SCMAudit | user=jenkins1000 | ip=192.168.5.153 | op=SEND_HEARTBEAT {datanodeUUID=51f7194d-0b6e-44ce-bfd4-93c34be99c19, command=[]} | ret=SUCCESS |  
2019-09-10 13:04:57,611 | INFO  | SCMAudit | user=jenkins1000 | ip=192.168.5.153 | op=SEND_HEARTBEAT {datanodeUUID=677e3d93-3467-4860-9bf6-0d2ba46507f3, command=[]} | ret=SUCCESS |  
2019-09-10 13:04:57,611 | INFO  | SCMAudit | user=jenkins1000 | ip=192.168.5.153 | op=SEND_HEARTBEAT {datanodeUUID=5133bb85-d112-43d0-b51c-6140e4ebc540, command=[]} | ret=SUCCESS |  
2019-09-10 13:04:57,621 | INFO  | SCMAudit | user=jenkins1000 | ip=192.168.5.153 | op=SEND_HEARTBEAT {datanodeUUID=80892ce7-83f5-4ca2-be8c-d0fb582c0dda, command=[]} | ret=SUCCESS |  
2019-09-10 13:04:57,902 | INFO  | SCMAudit | user=jenkins1000 | ip=192.168.5.153 | op=SEND_HEARTBEAT {datanodeUUID=4afd2ab1-ec40-4403-b668-2a355860e883, command=[]} | ret=SUCCESS |  
2019-09-10 13:04:58,116 | INFO  | SCMAudit | user=jenkins1000 | ip=192.168.5.153 | op=SEND_HEARTBEAT {datanodeUUID=98692575-908f-4c6f-b3d7-fc3119b7636a, command=[]} | ret=SUCCESS |  
2019-09-10 13:04:58,325 | INFO  | SCMAudit | user=jenkins1000 | ip=192.168.5.153 | op=SEND_HEARTBEAT {datanodeUUID=b87234b6-97b4-403b-b761-d13c1d3498ce, command=[]} | ret=SUCCESS |  
2019-09-10 13:04:58,500 | INFO  | SCMAudit | user=jenkins1000 | ip=192.168.5.153 | op=SEND_HEARTBEAT {datanodeUUID=51f7194d-0b6e-44ce-bfd4-93c34be99c19, command=[]} | ret=SUCCESS |  
2019-09-10 13:04:58,611 | INFO  | SCMAudit | user=jenkins1000 | ip=192.168.5.153 | op=SEND_HEARTBEAT {datanodeUUID=677e3d93-3467-4860-9bf6-0d2ba46507f3, command=[]} | ret=SUCCESS |  
2019-09-10 13:04:58,611 | INFO  | SCMAudit | user=jenkins1000 | ip=192.168.5.153 | op=SEND_HEARTBEAT {datanodeUUID=5133bb85-d112-43d0-b51c-6140e4ebc540, command=[]} | ret=SUCCESS |  
2019-09-10 13:04:58,621 | INFO  | SCMAudit | user=jenkins1000 | ip=192.168.5.153 | op=SEND_HEARTBEAT {datanodeUUID=80892ce7-83f5-4ca2-be8c-d0fb582c0dda, command=[]} | ret=SUCCESS |  
2019-09-10 13:04:58,902 | INFO  | SCMAudit | user=jenkins1000 | ip=192.168.5.153 | op=SEND_HEARTBEAT {datanodeUUID=4afd2ab1-ec40-4403-b668-2a355860e883, command=[]} | ret=SUCCESS |  
2019-09-10 13:04:59,116 | INFO  | SCMAudit | user=jenkins1000 | ip=192.168.5.153 | op=SEND_HEARTBEAT {datanodeUUID=98692575-908f-4c6f-b3d7-fc3119b7636a, command=[]} | ret=SUCCESS |  
2019-09-10 13:04:59,325 | INFO  | SCMAudit | user=jenkins1000 | ip=192.168.5.153 | op=SEND_HEARTBEAT {datanodeUUID=b87234b6-97b4-403b-b761-d13c1d3498ce, command=[]} | ret=SUCCESS |  
2019-09-10 13:04:59,500 | INFO  | SCMAudit | user=jenkins1000 | ip=192.168.5.153 | op=SEND_HEARTBEAT {datanodeUUID=51f7194d-0b6e-44ce-bfd4-93c34be99c19, command=[]} | ret=SUCCESS |  
2019-09-10 13:04:59,611 | INFO  | SCMAudit | user=jenkins1000 | ip=192.168.5.153 | op=SEND_HEARTBEAT {datanodeUUID=5133bb85-d112-43d0-b51c-6140e4ebc540, command=[]} | ret=SUCCESS |  
2019-09-10 13:04:59,611 | INFO  | SCMAudit | user=jenkins1000 | ip=192.168.5.153 | op=SEND_HEARTBEAT {datanodeUUID=677e3d93-3467-4860-9bf6-0d2ba46507f3, command=[]} | ret=SUCCESS |  
2019-09-10 13:04:59,621 | INFO  | SCMAudit | user=jenkins1000 | ip=192.168.5.153 | op=SEND_HEARTBEAT {datanodeUUID=80892ce7-83f5-4ca2-be8c-d0fb582c0dda, command=[]} | ret=SUCCESS |  
2019-09-10 13:04:59,902 | INFO  | SCMAudit | user=jenkins1000 | ip=192.168.5.153 | op=SEND_HEARTBEAT {datanodeUUID=4afd2ab1-ec40-4403-b668-2a355860e883, command=[]} | ret=SUCCESS |  
2019-09-10 13:05:00,116 | INFO  | SCMAudit | user=jenkins1000 | ip=192.168.5.153 | op=SEND_HEARTBEAT {datanodeUUID=98692575-908f-4c6f-b3d7-fc3119b7636a, command=[]} | ret=SUCCESS |  
2019-09-10 13:05:00,325 | INFO  | SCMAudit | user=jenkins1000 | ip=192.168.5.153 | op=SEND_HEARTBEAT {datanodeUUID=b87234b6-97b4-403b-b761-d13c1d3498ce, command=[]} | ret=SUCCESS |  
2019-09-10 13:05:00,500 | INFO  | SCMAudit | user=jenkins1000 | ip=192.168.5.153 | op=SEND_HEARTBEAT {datanodeUUID=51f7194d-0b6e-44ce-bfd4-93c34be99c19, command=[]} | ret=SUCCESS |  
2019-09-10 13:05:00,611 | INFO  | SCMAudit | user=jenkins1000 | ip=192.168.5.153 | op=SEND_HEARTBEAT {datanodeUUID=677e3d93-3467-4860-9bf6-0d2ba46507f3, command=[]} | ret=SUCCESS |  
2019-09-10 13:05:00,611 | INFO  | SCMAudit | user=jenkins1000 | ip=192.168.5.153 | op=SEND_HEARTBEAT {datanodeUUID=5133bb85-d112-43d0-b51c-6140e4ebc540, command=[]} | ret=SUCCESS |  
2019-09-10 13:05:00,621 | INFO  | SCMAudit | user=jenkins1000 | ip=192.168.5.153 | op=SEND_HEARTBEAT {datanodeUUID=80892ce7-83f5-4ca2-be8c-d0fb582c0dda, command=[]} | ret=SUCCESS |  
2019-09-10 13:05:00,902 | INFO  | SCMAudit | user=jenkins1000 | ip=192.168.5.153 | op=SEND_HEARTBEAT {datanodeUUID=4afd2ab1-ec40-4403-b668-2a355860e883, command=[]} | ret=SUCCESS |  
2019-09-10 13:05:01,117 | INFO  | SCMAudit | user=jenkins1000 | ip=192.168.5.153 | op=SEND_HEARTBEAT {datanodeUUID=98692575-908f-4c6f-b3d7-fc3119b7636a, command=[]} | ret=SUCCESS |  
2019-09-10 13:05:01,325 | INFO  | SCMAudit | user=jenkins1000 | ip=192.168.5.153 | op=SEND_HEARTBEAT {datanodeUUID=b87234b6-97b4-403b-b761-d13c1d3498ce, command=[]} | ret=SUCCESS |  
2019-09-10 13:05:01,500 | INFO  | SCMAudit | user=jenkins1000 | ip=192.168.5.153 | op=SEND_HEARTBEAT {datanodeUUID=51f7194d-0b6e-44ce-bfd4-93c34be99c19, command=[]} | ret=SUCCESS |  
2019-09-10 13:05:01,611 | INFO  | SCMAudit | user=jenkins1000 | ip=192.168.5.153 | op=SEND_HEARTBEAT {datanodeUUID=5133bb85-d112-43d0-b51c-6140e4ebc540, command=[]} | ret=SUCCESS |  
2019-09-10 13:05:01,611 | INFO  | SCMAudit | user=jenkins1000 | ip=192.168.5.153 | op=SEND_HEARTBEAT {datanodeUUID=677e3d93-3467-4860-9bf6-0d2ba46507f3, command=[]} | ret=SUCCESS |  
2019-09-10 13:05:01,621 | INFO  | SCMAudit | user=jenkins1000 | ip=192.168.5.153 | op=SEND_HEARTBEAT {datanodeUUID=80892ce7-83f5-4ca2-be8c-d0fb582c0dda, command=[]} | ret=SUCCESS |  
2019-09-10 13:05:01,902 | INFO  | SCMAudit | user=jenkins1000 | ip=192.168.5.153 | op=SEND_HEARTBEAT {datanodeUUID=4afd2ab1-ec40-4403-b668-2a355860e883, command=[]} | ret=SUCCESS |  
2019-09-10 13:05:02,047 [grpc-default-executor-6] INFO  client.GrpcClientProtocolClient (GrpcClientProtocolClient.java:onNext(255)) - client-1AEBD7C46593->5133bb85-d112-43d0-b51c-6140e4ebc540: receive RaftClientReply:client-1AEBD7C46593->5133bb85-d112-43d0-b51c-6140e4ebc540@group-59B8B6051EC0, cid=45, FAILED org.apache.ratis.protocol.NotLeaderException: Server 5133bb85-d112-43d0-b51c-6140e4ebc540 is not the leader (677e3d93-3467-4860-9bf6-0d2ba46507f3:192.168.5.153:41781). Request must be sent to leader., logIndex=0, commits[5133bb85-d112-43d0-b51c-6140e4ebc540:c8, 80892ce7-83f5-4ca2-be8c-d0fb582c0dda:c8, 677e3d93-3467-4860-9bf6-0d2ba46507f3:c8]
2019-09-10 13:05:02,117 | INFO  | SCMAudit | user=jenkins1000 | ip=192.168.5.153 | op=SEND_HEARTBEAT {datanodeUUID=98692575-908f-4c6f-b3d7-fc3119b7636a, command=[]} | ret=SUCCESS |  
2019-09-10 13:05:02,325 | INFO  | SCMAudit | user=jenkins1000 | ip=192.168.5.153 | op=SEND_HEARTBEAT {datanodeUUID=b87234b6-97b4-403b-b761-d13c1d3498ce, command=[]} | ret=SUCCESS |  
2019-09-10 13:05:02,500 | INFO  | SCMAudit | user=jenkins1000 | ip=192.168.5.153 | op=SEND_HEARTBEAT {datanodeUUID=51f7194d-0b6e-44ce-bfd4-93c34be99c19, command=[]} | ret=SUCCESS |  
2019-09-10 13:05:02,611 | INFO  | SCMAudit | user=jenkins1000 | ip=192.168.5.153 | op=SEND_HEARTBEAT {datanodeUUID=677e3d93-3467-4860-9bf6-0d2ba46507f3, command=[]} | ret=SUCCESS |  
2019-09-10 13:05:02,611 | INFO  | SCMAudit | user=jenkins1000 | ip=192.168.5.153 | op=SEND_HEARTBEAT {datanodeUUID=5133bb85-d112-43d0-b51c-6140e4ebc540, command=[]} | ret=SUCCESS |  
2019-09-10 13:05:02,620 | INFO  | SCMAudit | user=jenkins1000 | ip=192.168.5.153 | op=SEND_HEARTBEAT {datanodeUUID=80892ce7-83f5-4ca2-be8c-d0fb582c0dda, command=[]} | ret=SUCCESS |  
2019-09-10 13:05:02,902 | INFO  | SCMAudit | user=jenkins1000 | ip=192.168.5.153 | op=SEND_HEARTBEAT {datanodeUUID=4afd2ab1-ec40-4403-b668-2a355860e883, command=[]} | ret=SUCCESS |  
2019-09-10 13:05:03,117 | INFO  | SCMAudit | user=jenkins1000 | ip=192.168.5.153 | op=SEND_HEARTBEAT {datanodeUUID=98692575-908f-4c6f-b3d7-fc3119b7636a, command=[]} | ret=SUCCESS |  
2019-09-10 13:05:03,326 | INFO  | SCMAudit | user=jenkins1000 | ip=192.168.5.153 | op=SEND_HEARTBEAT {datanodeUUID=b87234b6-97b4-403b-b761-d13c1d3498ce, command=[]} | ret=SUCCESS |  
2019-09-10 13:05:03,500 | INFO  | SCMAudit | user=jenkins1000 | ip=192.168.5.153 | op=SEND_HEARTBEAT {datanodeUUID=51f7194d-0b6e-44ce-bfd4-93c34be99c19, command=[]} | ret=SUCCESS |  
2019-09-10 13:05:03,610 | INFO  | SCMAudit | user=jenkins1000 | ip=192.168.5.153 | op=SEND_HEARTBEAT {datanodeUUID=677e3d93-3467-4860-9bf6-0d2ba46507f3, command=[]} | ret=SUCCESS |  
2019-09-10 13:05:03,610 | INFO  | SCMAudit | user=jenkins1000 | ip=192.168.5.153 | op=SEND_HEARTBEAT {datanodeUUID=5133bb85-d112-43d0-b51c-6140e4ebc540, command=[]} | ret=SUCCESS |  
2019-09-10 13:05:03,621 | INFO  | SCMAudit | user=jenkins1000 | ip=192.168.5.153 | op=SEND_HEARTBEAT {datanodeUUID=80892ce7-83f5-4ca2-be8c-d0fb582c0dda, command=[]} | ret=SUCCESS |  
2019-09-10 13:05:03,902 | INFO  | SCMAudit | user=jenkins1000 | ip=192.168.5.153 | op=SEND_HEARTBEAT {datanodeUUID=4afd2ab1-ec40-4403-b668-2a355860e883, command=[]} | ret=SUCCESS |  
2019-09-10 13:05:04,117 | INFO  | SCMAudit | user=jenkins1000 | ip=192.168.5.153 | op=SEND_HEARTBEAT {datanodeUUID=98692575-908f-4c6f-b3d7-fc3119b7636a, command=[]} | ret=SUCCESS |  
2019-09-10 13:05:04,326 | INFO  | SCMAudit | user=jenkins1000 | ip=192.168.5.153 | op=SEND_HEARTBEAT {datanodeUUID=b87234b6-97b4-403b-b761-d13c1d3498ce, command=[]} | ret=SUCCESS |  
2019-09-10 13:05:04,501 | INFO  | SCMAudit | user=jenkins1000 | ip=192.168.5.153 | op=SEND_HEARTBEAT {datanodeUUID=51f7194d-0b6e-44ce-bfd4-93c34be99c19, command=[]} | ret=SUCCESS |  
2019-09-10 13:05:04,611 | INFO  | SCMAudit | user=jenkins1000 | ip=192.168.5.153 | op=SEND_HEARTBEAT {datanodeUUID=5133bb85-d112-43d0-b51c-6140e4ebc540, command=[]} | ret=SUCCESS |  
2019-09-10 13:05:04,611 | INFO  | SCMAudit | user=jenkins1000 | ip=192.168.5.153 | op=SEND_HEARTBEAT {datanodeUUID=677e3d93-3467-4860-9bf6-0d2ba46507f3, command=[]} | ret=SUCCESS |  
2019-09-10 13:05:04,622 | INFO  | SCMAudit | user=jenkins1000 | ip=192.168.5.153 | op=SEND_HEARTBEAT {datanodeUUID=80892ce7-83f5-4ca2-be8c-d0fb582c0dda, command=[]} | ret=SUCCESS |  
2019-09-10 13:05:04,902 | INFO  | SCMAudit | user=jenkins1000 | ip=192.168.5.153 | op=SEND_HEARTBEAT {datanodeUUID=4afd2ab1-ec40-4403-b668-2a355860e883, command=[]} | ret=SUCCESS |  
2019-09-10 13:05:05,117 | INFO  | SCMAudit | user=jenkins1000 | ip=192.168.5.153 | op=SEND_HEARTBEAT {datanodeUUID=98692575-908f-4c6f-b3d7-fc3119b7636a, command=[]} | ret=SUCCESS |  
2019-09-10 13:05:05,326 | INFO  | SCMAudit | user=jenkins1000 | ip=192.168.5.153 | op=SEND_HEARTBEAT {datanodeUUID=b87234b6-97b4-403b-b761-d13c1d3498ce, command=[]} | ret=SUCCESS |  
2019-09-10 13:05:05,501 | INFO  | SCMAudit | user=jenkins1000 | ip=192.168.5.153 | op=SEND_HEARTBEAT {datanodeUUID=51f7194d-0b6e-44ce-bfd4-93c34be99c19, command=[]} | ret=SUCCESS |  
2019-09-10 13:05:05,611 | INFO  | SCMAudit | user=jenkins1000 | ip=192.168.5.153 | op=SEND_HEARTBEAT {datanodeUUID=5133bb85-d112-43d0-b51c-6140e4ebc540, command=[]} | ret=SUCCESS |  
2019-09-10 13:05:05,612 | INFO  | SCMAudit | user=jenkins1000 | ip=192.168.5.153 | op=SEND_HEARTBEAT {datanodeUUID=677e3d93-3467-4860-9bf6-0d2ba46507f3, command=[]} | ret=SUCCESS |  
2019-09-10 13:05:05,623 | INFO  | SCMAudit | user=jenkins1000 | ip=192.168.5.153 | op=SEND_HEARTBEAT {datanodeUUID=80892ce7-83f5-4ca2-be8c-d0fb582c0dda, command=[]} | ret=SUCCESS |  
2019-09-10 13:05:05,902 | INFO  | SCMAudit | user=jenkins1000 | ip=192.168.5.153 | op=SEND_HEARTBEAT {datanodeUUID=4afd2ab1-ec40-4403-b668-2a355860e883, command=[]} | ret=SUCCESS |  
2019-09-10 13:05:06,117 | INFO  | SCMAudit | user=jenkins1000 | ip=192.168.5.153 | op=SEND_HEARTBEAT {datanodeUUID=98692575-908f-4c6f-b3d7-fc3119b7636a, command=[]} | ret=SUCCESS |  
2019-09-10 13:05:06,326 | INFO  | SCMAudit | user=jenkins1000 | ip=192.168.5.153 | op=SEND_HEARTBEAT {datanodeUUID=b87234b6-97b4-403b-b761-d13c1d3498ce, command=[]} | ret=SUCCESS |  
2019-09-10 13:05:06,501 | INFO  | SCMAudit | user=jenkins1000 | ip=192.168.5.153 | op=SEND_HEARTBEAT {datanodeUUID=51f7194d-0b6e-44ce-bfd4-93c34be99c19, command=[]} | ret=SUCCESS |  
2019-09-10 13:05:06,611 | INFO  | SCMAudit | user=jenkins1000 | ip=192.168.5.153 | op=SEND_HEARTBEAT {datanodeUUID=5133bb85-d112-43d0-b51c-6140e4ebc540, command=[]} | ret=SUCCESS |  
2019-09-10 13:05:06,613 | INFO  | SCMAudit | user=jenkins1000 | ip=192.168.5.153 | op=SEND_HEARTBEAT {datanodeUUID=677e3d93-3467-4860-9bf6-0d2ba46507f3, command=[]} | ret=SUCCESS |  
2019-09-10 13:05:06,624 | INFO  | SCMAudit | user=jenkins1000 | ip=192.168.5.153 | op=SEND_HEARTBEAT {datanodeUUID=80892ce7-83f5-4ca2-be8c-d0fb582c0dda, command=[]} | ret=SUCCESS |  
2019-09-10 13:05:06,902 | INFO  | SCMAudit | user=jenkins1000 | ip=192.168.5.153 | op=SEND_HEARTBEAT {datanodeUUID=4afd2ab1-ec40-4403-b668-2a355860e883, command=[]} | ret=SUCCESS |  
2019-09-10 13:05:07,085 [grpc-default-executor-6] INFO  client.GrpcClientProtocolClient (GrpcClientProtocolClient.java:onNext(255)) - client-1AEBD7C46593->5133bb85-d112-43d0-b51c-6140e4ebc540: receive RaftClientReply:client-1AEBD7C46593->5133bb85-d112-43d0-b51c-6140e4ebc540@group-59B8B6051EC0, cid=45, FAILED org.apache.ratis.protocol.NotLeaderException: Server 5133bb85-d112-43d0-b51c-6140e4ebc540 is not the leader (677e3d93-3467-4860-9bf6-0d2ba46507f3:192.168.5.153:41781). Request must be sent to leader., logIndex=0, commits[5133bb85-d112-43d0-b51c-6140e4ebc540:c8, 80892ce7-83f5-4ca2-be8c-d0fb582c0dda:c8, 677e3d93-3467-4860-9bf6-0d2ba46507f3:c8]
2019-09-10 13:05:07,095 [main] INFO  ozone.MiniOzoneClusterImpl (MiniOzoneClusterImpl.java:shutdown(321)) - Shutting down the Mini Ozone Cluster
2019-09-10 13:05:07,096 | INFO  | SCMAudit | user=null | ip=null | op=GET_SCM_INFO null | ret=SUCCESS |  
2019-09-10 13:05:07,096 [main] INFO  ozone.MiniOzoneClusterImpl (MiniOzoneClusterImpl.java:stop(336)) - Stopping the Mini Ozone Cluster
2019-09-10 13:05:07,096 [main] INFO  ozone.MiniOzoneClusterImpl (MiniOzoneClusterImpl.java:stop(338)) - Stopping the OzoneManager
2019-09-10 13:05:07,096 [main] INFO  ipc.Server (Server.java:stop(3082)) - Stopping server on 39882
2019-09-10 13:05:07,113 [IPC Server listener on 39882] INFO  ipc.Server (Server.java:run(1185)) - Stopping IPC Server listener on 39882
2019-09-10 13:05:07,118 [IPC Server Responder] INFO  ipc.Server (Server.java:run(1319)) - Stopping IPC Server Responder
2019-09-10 13:05:07,115 [main] INFO  ratis.OzoneManagerDoubleBuffer (OzoneManagerDoubleBuffer.java:stop(248)) - Stopping OMDoubleBuffer flush thread
2019-09-10 13:05:07,139 | INFO  | SCMAudit | user=jenkins1000 | ip=192.168.5.153 | op=SEND_HEARTBEAT {datanodeUUID=98692575-908f-4c6f-b3d7-fc3119b7636a, command=[]} | ret=SUCCESS |  
2019-09-10 13:05:07,139 [OMDoubleBufferFlushThread] INFO  ratis.OzoneManagerDoubleBuffer (OzoneManagerDoubleBuffer.java:flushTransactions(191)) - OMDoubleBuffer flush thread OMDoubleBufferFlushThread is interrupted and will exit. OMDoubleBufferFlushThread
2019-09-10 13:05:07,140 [main] INFO  utils.BackgroundService (BackgroundService.java:shutdown(148)) - Shutting down service KeyDeletingService
2019-09-10 13:05:07,142 [main] INFO  handler.ContextHandler (ContextHandler.java:doStop(910)) - Stopped o.e.j.w.WebAppContext@20fcea37{/,null,UNAVAILABLE}{/ozoneManager}
2019-09-10 13:05:07,142 [main] INFO  server.AbstractConnector (AbstractConnector.java:doStop(318)) - Stopped ServerConnector@399af6dc{HTTP/1.1,[http/1.1]}{0.0.0.0:0}
2019-09-10 13:05:07,143 [main] INFO  handler.ContextHandler (ContextHandler.java:doStop(910)) - Stopped o.e.j.s.ServletContextHandler@49986178{/static,file:///workdir/hadoop-ozone/integration-test/target/test-classes/webapps/static,UNAVAILABLE}
2019-09-10 13:05:07,143 [main] INFO  handler.ContextHandler (ContextHandler.java:doStop(910)) - Stopped o.e.j.s.ServletContextHandler@261275ae{/logs,file:///workdir/hadoop-ozone/integration-test/target/log,UNAVAILABLE}
2019-09-10 13:05:07,146 [main] INFO  ozone.MiniOzoneClusterImpl (MiniOzoneClusterImpl.java:stop(344)) - Shutting the HddsDatanodes
2019-09-10 13:05:07,147 [main] INFO  datanode.ObjectStoreHandler (ObjectStoreHandler.java:close(155)) - Closing ObjectStoreHandler.
2019-09-10 13:05:07,147 [ForkJoinPool.commonPool-worker-0] INFO  datanode.ObjectStoreHandler (ObjectStoreHandler.java:close(155)) - Closing ObjectStoreHandler.
2019-09-10 13:05:07,148 [main] INFO  ozone.HddsDatanodeService (HddsDatanodeService.java:stop(451)) - Stopped plug-in org.apache.hadoop.ozone.web.OzoneHddsDatanodeService@3ad2883a
2019-09-10 13:05:07,149 [ForkJoinPool.commonPool-worker-0] INFO  ozone.HddsDatanodeService (HddsDatanodeService.java:stop(451)) - Stopped plug-in org.apache.hadoop.ozone.web.OzoneHddsDatanodeService@403f7aa2
2019-09-10 13:05:07,326 | INFO  | SCMAudit | user=jenkins1000 | ip=192.168.5.153 | op=SEND_HEARTBEAT {datanodeUUID=b87234b6-97b4-403b-b761-d13c1d3498ce, command=[]} | ret=SUCCESS |  
2019-09-10 13:05:07,501 | INFO  | SCMAudit | user=jenkins1000 | ip=192.168.5.153 | op=SEND_HEARTBEAT {datanodeUUID=51f7194d-0b6e-44ce-bfd4-93c34be99c19, command=[]} | ret=SUCCESS |  
2019-09-10 13:05:07,610 [Datanode State Machine Thread - 0] INFO  statemachine.DatanodeStateMachine (DatanodeStateMachine.java:lambda$startDaemon$0(350)) - Ozone container server started.
2019-09-10 13:05:07,613 | INFO  | SCMAudit | user=jenkins1000 | ip=192.168.5.153 | op=SEND_HEARTBEAT {datanodeUUID=677e3d93-3467-4860-9bf6-0d2ba46507f3, command=[]} | ret=SUCCESS |  
2019-09-10 13:05:07,624 | INFO  | SCMAudit | user=jenkins1000 | ip=192.168.5.153 | op=SEND_HEARTBEAT {datanodeUUID=80892ce7-83f5-4ca2-be8c-d0fb582c0dda, command=[]} | ret=SUCCESS |  
2019-09-10 13:05:07,902 | INFO  | SCMAudit | user=jenkins1000 | ip=192.168.5.153 | op=SEND_HEARTBEAT {datanodeUUID=4afd2ab1-ec40-4403-b668-2a355860e883, command=[]} | ret=SUCCESS |  
2019-09-10 13:05:08,117 [Datanode State Machine Thread - 0] INFO  statemachine.DatanodeStateMachine (DatanodeStateMachine.java:lambda$startDaemon$0(350)) - Ozone container server started.
2019-09-10 13:05:08,326 | INFO  | SCMAudit | user=jenkins1000 | ip=192.168.5.153 | op=SEND_HEARTBEAT {datanodeUUID=b87234b6-97b4-403b-b761-d13c1d3498ce, command=[]} | ret=SUCCESS |  
2019-09-10 13:05:08,500 | INFO  | SCMAudit | user=jenkins1000 | ip=192.168.5.153 | op=SEND_HEARTBEAT {datanodeUUID=51f7194d-0b6e-44ce-bfd4-93c34be99c19, command=[]} | ret=SUCCESS |  
2019-09-10 13:05:08,613 | INFO  | SCMAudit | user=jenkins1000 | ip=192.168.5.153 | op=SEND_HEARTBEAT {datanodeUUID=677e3d93-3467-4860-9bf6-0d2ba46507f3, command=[]} | ret=SUCCESS |  
2019-09-10 13:05:08,624 | INFO  | SCMAudit | user=jenkins1000 | ip=192.168.5.153 | op=SEND_HEARTBEAT {datanodeUUID=80892ce7-83f5-4ca2-be8c-d0fb582c0dda, command=[]} | ret=SUCCESS |  
2019-09-10 13:05:08,902 | INFO  | SCMAudit | user=jenkins1000 | ip=192.168.5.153 | op=SEND_HEARTBEAT {datanodeUUID=4afd2ab1-ec40-4403-b668-2a355860e883, command=[]} | ret=SUCCESS |  
2019-09-10 13:05:09,326 | INFO  | SCMAudit | user=jenkins1000 | ip=192.168.5.153 | op=SEND_HEARTBEAT {datanodeUUID=b87234b6-97b4-403b-b761-d13c1d3498ce, command=[]} | ret=SUCCESS |  
2019-09-10 13:05:09,501 | INFO  | SCMAudit | user=jenkins1000 | ip=192.168.5.153 | op=SEND_HEARTBEAT {datanodeUUID=51f7194d-0b6e-44ce-bfd4-93c34be99c19, command=[]} | ret=SUCCESS |  
2019-09-10 13:05:09,613 | INFO  | SCMAudit | user=jenkins1000 | ip=192.168.5.153 | op=SEND_HEARTBEAT {datanodeUUID=677e3d93-3467-4860-9bf6-0d2ba46507f3, command=[]} | ret=SUCCESS |  
2019-09-10 13:05:09,624 | INFO  | SCMAudit | user=jenkins1000 | ip=192.168.5.153 | op=SEND_HEARTBEAT {datanodeUUID=80892ce7-83f5-4ca2-be8c-d0fb582c0dda, command=[]} | ret=SUCCESS |  
2019-09-10 13:05:09,902 | INFO  | SCMAudit | user=jenkins1000 | ip=192.168.5.153 | op=SEND_HEARTBEAT {datanodeUUID=4afd2ab1-ec40-4403-b668-2a355860e883, command=[]} | ret=SUCCESS |  
2019-09-10 13:05:10,326 | INFO  | SCMAudit | user=jenkins1000 | ip=192.168.5.153 | op=SEND_HEARTBEAT {datanodeUUID=b87234b6-97b4-403b-b761-d13c1d3498ce, command=[]} | ret=SUCCESS |  
2019-09-10 13:05:10,501 | INFO  | SCMAudit | user=jenkins1000 | ip=192.168.5.153 | op=SEND_HEARTBEAT {datanodeUUID=51f7194d-0b6e-44ce-bfd4-93c34be99c19, command=[]} | ret=SUCCESS |  
2019-09-10 13:05:10,613 | INFO  | SCMAudit | user=jenkins1000 | ip=192.168.5.153 | op=SEND_HEARTBEAT {datanodeUUID=677e3d93-3467-4860-9bf6-0d2ba46507f3, command=[]} | ret=SUCCESS |  
2019-09-10 13:05:10,624 | INFO  | SCMAudit | user=jenkins1000 | ip=192.168.5.153 | op=SEND_HEARTBEAT {datanodeUUID=80892ce7-83f5-4ca2-be8c-d0fb582c0dda, command=[]} | ret=SUCCESS |  
2019-09-10 13:05:10,903 | INFO  | SCMAudit | user=jenkins1000 | ip=192.168.5.153 | op=SEND_HEARTBEAT {datanodeUUID=4afd2ab1-ec40-4403-b668-2a355860e883, command=[]} | ret=SUCCESS |  
2019-09-10 13:05:11,327 | INFO  | SCMAudit | user=jenkins1000 | ip=192.168.5.153 | op=SEND_HEARTBEAT {datanodeUUID=b87234b6-97b4-403b-b761-d13c1d3498ce, command=[]} | ret=SUCCESS |  
2019-09-10 13:05:11,501 | INFO  | SCMAudit | user=jenkins1000 | ip=192.168.5.153 | op=SEND_HEARTBEAT {datanodeUUID=51f7194d-0b6e-44ce-bfd4-93c34be99c19, command=[]} | ret=SUCCESS |  
2019-09-10 13:05:11,613 | INFO  | SCMAudit | user=jenkins1000 | ip=192.168.5.153 | op=SEND_HEARTBEAT {datanodeUUID=677e3d93-3467-4860-9bf6-0d2ba46507f3, command=[]} | ret=SUCCESS |  
2019-09-10 13:05:11,624 | INFO  | SCMAudit | user=jenkins1000 | ip=192.168.5.153 | op=SEND_HEARTBEAT {datanodeUUID=80892ce7-83f5-4ca2-be8c-d0fb582c0dda, command=[]} | ret=SUCCESS |  
2019-09-10 13:05:11,903 | INFO  | SCMAudit | user=jenkins1000 | ip=192.168.5.153 | op=SEND_HEARTBEAT {datanodeUUID=4afd2ab1-ec40-4403-b668-2a355860e883, command=[]} | ret=SUCCESS |  
2019-09-10 13:05:12,149 [main] INFO  ozoneimpl.OzoneContainer (OzoneContainer.java:stop(199)) - Attempting to stop container services.
2019-09-10 13:05:12,150 [ForkJoinPool.commonPool-worker-0] INFO  ozoneimpl.OzoneContainer (OzoneContainer.java:stop(199)) - Attempting to stop container services.
2019-09-10 13:05:12,150 [main] INFO  impl.RaftServerProxy (RaftServerProxy.java:lambda$close$4(314)) - 5133bb85-d112-43d0-b51c-6140e4ebc540: close
2019-09-10 13:05:12,151 [ForkJoinPool.commonPool-worker-0] INFO  impl.RaftServerProxy (RaftServerProxy.java:lambda$close$4(314)) - 98692575-908f-4c6f-b3d7-fc3119b7636a: close
2019-09-10 13:05:12,151 [main] INFO  impl.RaftServerImpl (RaftServerImpl.java:lambda$shutdown$3(245)) - 5133bb85-d112-43d0-b51c-6140e4ebc540: shutdown group-59B8B6051EC0
2019-09-10 13:05:12,151 [ForkJoinPool.commonPool-worker-0] INFO  impl.RaftServerImpl (RaftServerImpl.java:lambda$shutdown$3(245)) - 98692575-908f-4c6f-b3d7-fc3119b7636a: shutdown group-32F6425A782A
2019-09-10 13:05:12,151 [main] INFO  util.JmxRegister (JmxRegister.java:unregister(73)) - Successfully un-registered JMX Bean with object name Ratis:service=RaftServer,group=group-59B8B6051EC0,id=5133bb85-d112-43d0-b51c-6140e4ebc540
2019-09-10 13:05:12,152 [ForkJoinPool.commonPool-worker-0] INFO  util.JmxRegister (JmxRegister.java:unregister(73)) - Successfully un-registered JMX Bean with object name Ratis:service=RaftServer,group=group-32F6425A782A,id=98692575-908f-4c6f-b3d7-fc3119b7636a
2019-09-10 13:05:12,152 [main] INFO  impl.RoleInfo (RoleInfo.java:shutdownFollowerState(121)) - 5133bb85-d112-43d0-b51c-6140e4ebc540: shutdown FollowerState
2019-09-10 13:05:12,152 [ForkJoinPool.commonPool-worker-0] INFO  impl.RoleInfo (RoleInfo.java:shutdownFollowerState(121)) - 98692575-908f-4c6f-b3d7-fc3119b7636a: shutdown FollowerState
2019-09-10 13:05:12,153 [Thread-891] INFO  impl.FollowerState (FollowerState.java:run(114)) - 5133bb85-d112-43d0-b51c-6140e4ebc540: FollowerState was interrupted: java.lang.InterruptedException: sleep interrupted
2019-09-10 13:05:12,153 [main] INFO  impl.StateMachineUpdater (StateMachineUpdater.java:stopAndJoin(115)) - StateMachineUpdater:5133bb85-d112-43d0-b51c-6140e4ebc540:group-59B8B6051EC0: set stopIndex = 8
2019-09-10 13:05:12,153 [Thread-835] INFO  impl.FollowerState (FollowerState.java:run(114)) - 98692575-908f-4c6f-b3d7-fc3119b7636a: FollowerState was interrupted: java.lang.InterruptedException: sleep interrupted
2019-09-10 13:05:12,153 [StateMachineUpdater:5133bb85-d112-43d0-b51c-6140e4ebc540:group-59B8B6051EC0] INFO  ratis.ContainerStateMachine (ContainerStateMachine.java:takeSnapshot(283)) - group-59B8B6051EC0: Taking a snapshot at:(t:2, i:5) file /workdir/hadoop-ozone/integration-test/target/test-dir/MiniOzoneClusterImpl-74450ed2-7f0c-43e6-83a9-4ec0eb8ed3d0/datanode-4/data/ratis/a6481122-4911-464c-a6bc-59b8b6051ec0/sm/snapshot.2_5
2019-09-10 13:05:12,153 [ForkJoinPool.commonPool-worker-0] INFO  impl.StateMachineUpdater (StateMachineUpdater.java:stopAndJoin(115)) - StateMachineUpdater:98692575-908f-4c6f-b3d7-fc3119b7636a:group-32F6425A782A: set stopIndex = 0
2019-09-10 13:05:12,161 [ForkJoinPool.commonPool-worker-0] INFO  impl.RaftServerImpl (ServerState.java:close(394)) - 98692575-908f-4c6f-b3d7-fc3119b7636a:group-32F6425A782A closes. The last applied log index is 0
2019-09-10 13:05:12,161 [98692575-908f-4c6f-b3d7-fc3119b7636a-SegmentedRaftLogWorker:Storage Directory /workdir/hadoop-ozone/integration-test/target/test-dir/MiniOzoneClusterImpl-74450ed2-7f0c-43e6-83a9-4ec0eb8ed3d0/datanode-1/data/ratis/d296be83-1642-46b5-8ec7-32f6425a782a] INFO  segmented.SegmentedRaftLogWorker (SegmentedRaftLogWorker.java:run(313)) - 98692575-908f-4c6f-b3d7-fc3119b7636a-SegmentedRaftLogWorker:Storage Directory /workdir/hadoop-ozone/integration-test/target/test-dir/MiniOzoneClusterImpl-74450ed2-7f0c-43e6-83a9-4ec0eb8ed3d0/datanode-1/data/ratis/d296be83-1642-46b5-8ec7-32f6425a782a was interrupted, exiting. There are 0 tasks remaining in the queue.
2019-09-10 13:05:12,172 [ForkJoinPool.commonPool-worker-0] INFO  segmented.SegmentedRaftLogWorker (SegmentedRaftLogWorker.java:close(228)) - 98692575-908f-4c6f-b3d7-fc3119b7636a-SegmentedRaftLogWorker:Storage Directory /workdir/hadoop-ozone/integration-test/target/test-dir/MiniOzoneClusterImpl-74450ed2-7f0c-43e6-83a9-4ec0eb8ed3d0/datanode-1/data/ratis/d296be83-1642-46b5-8ec7-32f6425a782a close()
2019-09-10 13:05:12,174 [StateMachineUpdater:5133bb85-d112-43d0-b51c-6140e4ebc540:group-59B8B6051EC0] INFO  ratis.ContainerStateMachine (ContainerStateMachine.java:takeSnapshot(294)) - group-59B8B6051EC0: Finished taking a snapshot at:(t:2, i:5) file:/workdir/hadoop-ozone/integration-test/target/test-dir/MiniOzoneClusterImpl-74450ed2-7f0c-43e6-83a9-4ec0eb8ed3d0/datanode-4/data/ratis/a6481122-4911-464c-a6bc-59b8b6051ec0/sm/snapshot.2_5 time:21
2019-09-10 13:05:12,176 [ForkJoinPool.commonPool-worker-0] INFO  impl.RaftServerImpl (RaftServerImpl.java:lambda$shutdown$3(245)) - 98692575-908f-4c6f-b3d7-fc3119b7636a: shutdown group-3EAE373D02E8
2019-09-10 13:05:12,176 [StateMachineUpdater:5133bb85-d112-43d0-b51c-6140e4ebc540:group-59B8B6051EC0] INFO  impl.StateMachineUpdater (StateMachineUpdater.java:takeSnapshot(242)) - StateMachineUpdater:5133bb85-d112-43d0-b51c-6140e4ebc540:group-59B8B6051EC0: Took a snapshot at index 5
2019-09-10 13:05:12,177 [ForkJoinPool.commonPool-worker-0] INFO  util.JmxRegister (JmxRegister.java:unregister(73)) - Successfully un-registered JMX Bean with object name Ratis:service=RaftServer,group=group-3EAE373D02E8,id=98692575-908f-4c6f-b3d7-fc3119b7636a
2019-09-10 13:05:12,177 [StateMachineUpdater:5133bb85-d112-43d0-b51c-6140e4ebc540:group-59B8B6051EC0] INFO  impl.StateMachineUpdater (StateMachineUpdater.java:lambda$new$0(80)) - StateMachineUpdater:5133bb85-d112-43d0-b51c-6140e4ebc540:group-59B8B6051EC0: snapshotIndex: updateIncreasingly -1 -> 5
2019-09-10 13:05:12,177 [ForkJoinPool.commonPool-worker-0] INFO  impl.RoleInfo (RoleInfo.java:shutdownLeaderState(104)) - 98692575-908f-4c6f-b3d7-fc3119b7636a: shutdown LeaderState
2019-09-10 13:05:12,178 [ForkJoinPool.commonPool-worker-0] INFO  impl.PendingRequests (PendingRequests.java:sendNotLeaderResponses(202)) - 98692575-908f-4c6f-b3d7-fc3119b7636a-PendingRequests: sendNotLeaderResponses
2019-09-10 13:05:12,178 [main] INFO  impl.RaftServerImpl (ServerState.java:close(394)) - 5133bb85-d112-43d0-b51c-6140e4ebc540:group-59B8B6051EC0 closes. The last applied log index is 8
2019-09-10 13:05:12,179 [ForkJoinPool.commonPool-worker-0] INFO  impl.StateMachineUpdater (StateMachineUpdater.java:stopAndJoin(115)) - StateMachineUpdater:98692575-908f-4c6f-b3d7-fc3119b7636a:group-3EAE373D02E8: set stopIndex = 0
2019-09-10 13:05:12,179 [ForkJoinPool.commonPool-worker-0] INFO  impl.RaftServerImpl (ServerState.java:close(394)) - 98692575-908f-4c6f-b3d7-fc3119b7636a:group-3EAE373D02E8 closes. The last applied log index is 0
2019-09-10 13:05:12,179 [5133bb85-d112-43d0-b51c-6140e4ebc540-SegmentedRaftLogWorker:Storage Directory /workdir/hadoop-ozone/integration-test/target/test-dir/MiniOzoneClusterImpl-74450ed2-7f0c-43e6-83a9-4ec0eb8ed3d0/datanode-4/data/ratis/a6481122-4911-464c-a6bc-59b8b6051ec0] INFO  segmented.SegmentedRaftLogWorker (SegmentedRaftLogWorker.java:run(313)) - 5133bb85-d112-43d0-b51c-6140e4ebc540-SegmentedRaftLogWorker:Storage Directory /workdir/hadoop-ozone/integration-test/target/test-dir/MiniOzoneClusterImpl-74450ed2-7f0c-43e6-83a9-4ec0eb8ed3d0/datanode-4/data/ratis/a6481122-4911-464c-a6bc-59b8b6051ec0 was interrupted, exiting. There are 0 tasks remaining in the queue.
2019-09-10 13:05:12,182 [98692575-908f-4c6f-b3d7-fc3119b7636a-SegmentedRaftLogWorker:Storage Directory /workdir/hadoop-ozone/integration-test/target/test-dir/MiniOzoneClusterImpl-74450ed2-7f0c-43e6-83a9-4ec0eb8ed3d0/datanode-1/data/ratis/c2b32aa1-e418-49cf-9e84-3eae373d02e8] INFO  segmented.SegmentedRaftLogWorker (SegmentedRaftLogWorker.java:run(313)) - 98692575-908f-4c6f-b3d7-fc3119b7636a-SegmentedRaftLogWorker:Storage Directory /workdir/hadoop-ozone/integration-test/target/test-dir/MiniOzoneClusterImpl-74450ed2-7f0c-43e6-83a9-4ec0eb8ed3d0/datanode-1/data/ratis/c2b32aa1-e418-49cf-9e84-3eae373d02e8 was interrupted, exiting. There are 0 tasks remaining in the queue.
2019-09-10 13:05:12,182 [main] INFO  segmented.SegmentedRaftLogWorker (SegmentedRaftLogWorker.java:close(228)) - 5133bb85-d112-43d0-b51c-6140e4ebc540-SegmentedRaftLogWorker:Storage Directory /workdir/hadoop-ozone/integration-test/target/test-dir/MiniOzoneClusterImpl-74450ed2-7f0c-43e6-83a9-4ec0eb8ed3d0/datanode-4/data/ratis/a6481122-4911-464c-a6bc-59b8b6051ec0 close()
2019-09-10 13:05:12,185 [ForkJoinPool.commonPool-worker-0] INFO  segmented.SegmentedRaftLogWorker (SegmentedRaftLogWorker.java:close(228)) - 98692575-908f-4c6f-b3d7-fc3119b7636a-SegmentedRaftLogWorker:Storage Directory /workdir/hadoop-ozone/integration-test/target/test-dir/MiniOzoneClusterImpl-74450ed2-7f0c-43e6-83a9-4ec0eb8ed3d0/datanode-1/data/ratis/c2b32aa1-e418-49cf-9e84-3eae373d02e8 close()
2019-09-10 13:05:12,190 [main] INFO  impl.RaftServerImpl (RaftServerImpl.java:lambda$shutdown$3(245)) - 5133bb85-d112-43d0-b51c-6140e4ebc540: shutdown group-49C775A5AA85
2019-09-10 13:05:12,195 [ForkJoinPool.commonPool-worker-0] INFO  server.GrpcService (GrpcService.java:closeImpl(155)) - 98692575-908f-4c6f-b3d7-fc3119b7636a: shutdown server with port 36918 now
2019-09-10 13:05:12,195 [main] INFO  util.JmxRegister (JmxRegister.java:unregister(73)) - Successfully un-registered JMX Bean with object name Ratis:service=RaftServer,group=group-49C775A5AA85,id=5133bb85-d112-43d0-b51c-6140e4ebc540
2019-09-10 13:05:12,196 [main] INFO  impl.RoleInfo (RoleInfo.java:shutdownLeaderState(104)) - 5133bb85-d112-43d0-b51c-6140e4ebc540: shutdown LeaderState
2019-09-10 13:05:12,196 [main] INFO  impl.PendingRequests (PendingRequests.java:sendNotLeaderResponses(202)) - 5133bb85-d112-43d0-b51c-6140e4ebc540-PendingRequests: sendNotLeaderResponses
2019-09-10 13:05:12,197 [main] INFO  impl.StateMachineUpdater (StateMachineUpdater.java:stopAndJoin(115)) - StateMachineUpdater:5133bb85-d112-43d0-b51c-6140e4ebc540:group-49C775A5AA85: set stopIndex = 0
2019-09-10 13:05:12,197 [main] INFO  impl.RaftServerImpl (ServerState.java:close(394)) - 5133bb85-d112-43d0-b51c-6140e4ebc540:group-49C775A5AA85 closes. The last applied log index is 0
2019-09-10 13:05:12,197 [ForkJoinPool.commonPool-worker-0] INFO  server.GrpcService (GrpcService.java:closeImpl(163)) - 98692575-908f-4c6f-b3d7-fc3119b7636a: shutdown server with port 36918 successfully
2019-09-10 13:05:12,198 [5133bb85-d112-43d0-b51c-6140e4ebc540-SegmentedRaftLogWorker:Storage Directory /workdir/hadoop-ozone/integration-test/target/test-dir/MiniOzoneClusterImpl-74450ed2-7f0c-43e6-83a9-4ec0eb8ed3d0/datanode-4/data/ratis/1518ffe0-7dbd-49ff-b1c4-49c775a5aa85] INFO  segmented.SegmentedRaftLogWorker (SegmentedRaftLogWorker.java:run(313)) - 5133bb85-d112-43d0-b51c-6140e4ebc540-SegmentedRaftLogWorker:Storage Directory /workdir/hadoop-ozone/integration-test/target/test-dir/MiniOzoneClusterImpl-74450ed2-7f0c-43e6-83a9-4ec0eb8ed3d0/datanode-4/data/ratis/1518ffe0-7dbd-49ff-b1c4-49c775a5aa85 was interrupted, exiting. There are 0 tasks remaining in the queue.
2019-09-10 13:05:12,201 [main] INFO  segmented.SegmentedRaftLogWorker (SegmentedRaftLogWorker.java:close(228)) - 5133bb85-d112-43d0-b51c-6140e4ebc540-SegmentedRaftLogWorker:Storage Directory /workdir/hadoop-ozone/integration-test/target/test-dir/MiniOzoneClusterImpl-74450ed2-7f0c-43e6-83a9-4ec0eb8ed3d0/datanode-4/data/ratis/1518ffe0-7dbd-49ff-b1c4-49c775a5aa85 close()
2019-09-10 13:05:12,202 [grpc-default-executor-0] WARN  server.GrpcServerProtocolService (LogUtils.java:warn(134)) - 98692575-908f-4c6f-b3d7-fc3119b7636a: appendEntries onError: org.apache.ratis.thirdparty.io.grpc.StatusRuntimeException: CANCELLED: cancelled before receiving half close
2019-09-10 13:05:12,217 [grpc-default-executor-6] WARN  server.GrpcLogAppender (LogUtils.java:warn(134)) - b87234b6-97b4-403b-b761-d13c1d3498ce->98692575-908f-4c6f-b3d7-fc3119b7636a: Failed appendEntries: org.apache.ratis.thirdparty.io.grpc.StatusRuntimeException: CANCELLED: HTTP/2 error code: CANCEL
Received Rst Stream
2019-09-10 13:05:12,217 [ForkJoinPool.commonPool-worker-0] INFO  utils.BackgroundService (BackgroundService.java:shutdown(148)) - Shutting down service BlockDeletingService
2019-09-10 13:05:12,217 [main] INFO  server.GrpcService (GrpcService.java:closeImpl(155)) - 5133bb85-d112-43d0-b51c-6140e4ebc540: shutdown server with port 45692 now
2019-09-10 13:05:12,221 [grpc-default-executor-6] INFO  impl.FollowerInfo (FollowerInfo.java:lambda$new$0(50)) - b87234b6-97b4-403b-b761-d13c1d3498ce->98692575-908f-4c6f-b3d7-fc3119b7636a: nextIndex: updateUnconditionally 1 -> 0
2019-09-10 13:05:12,227 [grpc-default-executor-0] WARN  server.GrpcServerProtocolService (LogUtils.java:warn(134)) - 5133bb85-d112-43d0-b51c-6140e4ebc540: appendEntries onError: org.apache.ratis.thirdparty.io.grpc.StatusRuntimeException: CANCELLED: cancelled before receiving half close
2019-09-10 13:05:12,228 [grpc-default-executor-6] WARN  server.GrpcLogAppender (LogUtils.java:warn(134)) - 677e3d93-3467-4860-9bf6-0d2ba46507f3->5133bb85-d112-43d0-b51c-6140e4ebc540: Failed appendEntries: org.apache.ratis.thirdparty.io.grpc.StatusRuntimeException: CANCELLED: HTTP/2 error code: CANCEL
Received Rst Stream
2019-09-10 13:05:12,231 [grpc-default-executor-6] INFO  impl.FollowerInfo (FollowerInfo.java:lambda$new$0(50)) - 677e3d93-3467-4860-9bf6-0d2ba46507f3->5133bb85-d112-43d0-b51c-6140e4ebc540: nextIndex: updateUnconditionally 9 -> 8
2019-09-10 13:05:12,231 [main] INFO  server.GrpcService (GrpcService.java:closeImpl(163)) - 5133bb85-d112-43d0-b51c-6140e4ebc540: shutdown server with port 45692 successfully
2019-09-10 13:05:12,232 [grpc-default-executor-8] WARN  client.GrpcClientProtocolService (LogUtils.java:warn(134)) - 32-OrderedRequestStreamObserver32: onError: org.apache.ratis.thirdparty.io.grpc.StatusRuntimeException: CANCELLED: cancelled before receiving half close
2019-09-10 13:05:12,232 [refreshUsed-/workdir/hadoop-ozone/integration-test/target/test-dir/MiniOzoneClusterImpl-74450ed2-7f0c-43e6-83a9-4ec0eb8ed3d0/datanode-1/data/containers] WARN  fs.CachingGetSpaceUsed (CachingGetSpaceUsed.java:run(183)) - Thread Interrupted waiting to refresh disk information: sleep interrupted
2019-09-10 13:05:12,238 [main] INFO  utils.BackgroundService (BackgroundService.java:shutdown(148)) - Shutting down service BlockDeletingService
2019-09-10 13:05:12,243 [refreshUsed-/workdir/hadoop-ozone/integration-test/target/test-dir/MiniOzoneClusterImpl-74450ed2-7f0c-43e6-83a9-4ec0eb8ed3d0/datanode-4/data/containers] WARN  fs.CachingGetSpaceUsed (CachingGetSpaceUsed.java:run(183)) - Thread Interrupted waiting to refresh disk information: sleep interrupted
2019-09-10 13:05:12,268 [ForkJoinPool.commonPool-worker-0] INFO  statemachine.DatanodeStateMachine (DatanodeStateMachine.java:stopDaemon(395)) - Ozone container server stopped.
2019-09-10 13:05:12,268 [main] INFO  statemachine.DatanodeStateMachine (DatanodeStateMachine.java:stopDaemon(395)) - Ozone container server stopped.
2019-09-10 13:05:12,275 [main] INFO  handler.ContextHandler (ContextHandler.java:doStop(910)) - Stopped o.e.j.w.WebAppContext@16949dfa{/,null,UNAVAILABLE}{/hddsDatanode}
2019-09-10 13:05:12,275 [ForkJoinPool.commonPool-worker-0] INFO  handler.ContextHandler (ContextHandler.java:doStop(910)) - Stopped o.e.j.w.WebAppContext@67b8d45{/,null,UNAVAILABLE}{/hddsDatanode}
2019-09-10 13:05:12,276 [main] INFO  server.AbstractConnector (AbstractConnector.java:doStop(318)) - Stopped ServerConnector@d6d683e{HTTP/1.1,[http/1.1]}{0.0.0.0:0}
2019-09-10 13:05:12,276 [ForkJoinPool.commonPool-worker-0] INFO  server.AbstractConnector (AbstractConnector.java:doStop(318)) - Stopped ServerConnector@365e65bb{HTTP/1.1,[http/1.1]}{0.0.0.0:0}
2019-09-10 13:05:12,276 [main] INFO  handler.ContextHandler (ContextHandler.java:doStop(910)) - Stopped o.e.j.s.ServletContextHandler@2c0fefac{/static,jar:file:/home/user/.m2/repository/org/apache/hadoop/hadoop-hdds-container-service/0.5.0-SNAPSHOT/hadoop-hdds-container-service-0.5.0-SNAPSHOT.jar!/webapps/static,UNAVAILABLE}
2019-09-10 13:05:12,278 [ForkJoinPool.commonPool-worker-0] INFO  handler.ContextHandler (ContextHandler.java:doStop(910)) - Stopped o.e.j.s.ServletContextHandler@277bc3a5{/static,jar:file:/home/user/.m2/repository/org/apache/hadoop/hadoop-hdds-container-service/0.5.0-SNAPSHOT/hadoop-hdds-container-service-0.5.0-SNAPSHOT.jar!/webapps/static,UNAVAILABLE}
2019-09-10 13:05:12,278 [main] INFO  handler.ContextHandler (ContextHandler.java:doStop(910)) - Stopped o.e.j.s.ServletContextHandler@2cc61b3b{/logs,file:///workdir/hadoop-ozone/integration-test/target/log,UNAVAILABLE}
2019-09-10 13:05:12,280 [ForkJoinPool.commonPool-worker-0] INFO  handler.ContextHandler (ContextHandler.java:doStop(910)) - Stopped o.e.j.s.ServletContextHandler@750e2d33{/logs,file:///workdir/hadoop-ozone/integration-test/target/log,UNAVAILABLE}
2019-09-10 13:05:12,281 [main] INFO  datanode.ObjectStoreHandler (ObjectStoreHandler.java:close(155)) - Closing ObjectStoreHandler.
2019-09-10 13:05:12,282 [ForkJoinPool.commonPool-worker-0] INFO  datanode.ObjectStoreHandler (ObjectStoreHandler.java:close(155)) - Closing ObjectStoreHandler.
2019-09-10 13:05:12,282 [main] INFO  ozone.HddsDatanodeService (HddsDatanodeService.java:stop(451)) - Stopped plug-in org.apache.hadoop.ozone.web.OzoneHddsDatanodeService@62794582
2019-09-10 13:05:12,282 [ForkJoinPool.commonPool-worker-0] INFO  ozone.HddsDatanodeService (HddsDatanodeService.java:stop(451)) - Stopped plug-in org.apache.hadoop.ozone.web.OzoneHddsDatanodeService@1b28cff
2019-09-10 13:05:12,326 [Datanode State Machine Thread - 0] INFO  statemachine.DatanodeStateMachine (DatanodeStateMachine.java:lambda$startDaemon$0(350)) - Ozone container server started.
2019-09-10 13:05:12,457 [grpc-default-executor-8] WARN  server.GrpcLogAppender (LogUtils.java:warn(134)) - 677e3d93-3467-4860-9bf6-0d2ba46507f3->5133bb85-d112-43d0-b51c-6140e4ebc540: Failed appendEntries: org.apache.ratis.thirdparty.io.grpc.StatusRuntimeException: UNAVAILABLE: io exception
2019-09-10 13:05:12,460 [grpc-default-executor-8] INFO  impl.FollowerInfo (FollowerInfo.java:lambda$new$0(50)) - 677e3d93-3467-4860-9bf6-0d2ba46507f3->5133bb85-d112-43d0-b51c-6140e4ebc540: nextIndex: updateUnconditionally 8 -> 7
2019-09-10 13:05:12,501 | INFO  | SCMAudit | user=jenkins1000 | ip=192.168.5.153 | op=SEND_HEARTBEAT {datanodeUUID=51f7194d-0b6e-44ce-bfd4-93c34be99c19, command=[]} | ret=SUCCESS |  
2019-09-10 13:05:12,613 [Datanode State Machine Thread - 0] INFO  statemachine.DatanodeStateMachine (DatanodeStateMachine.java:lambda$startDaemon$0(350)) - Ozone container server started.
2019-09-10 13:05:12,624 | INFO  | SCMAudit | user=jenkins1000 | ip=192.168.5.153 | op=SEND_HEARTBEAT {datanodeUUID=80892ce7-83f5-4ca2-be8c-d0fb582c0dda, command=[]} | ret=SUCCESS |  
2019-09-10 13:05:12,903 | INFO  | SCMAudit | user=jenkins1000 | ip=192.168.5.153 | op=SEND_HEARTBEAT {datanodeUUID=4afd2ab1-ec40-4403-b668-2a355860e883, command=[]} | ret=SUCCESS |  
2019-09-10 13:05:13,067 [grpc-default-executor-6] WARN  server.GrpcLogAppender (LogUtils.java:warn(134)) - b87234b6-97b4-403b-b761-d13c1d3498ce->98692575-908f-4c6f-b3d7-fc3119b7636a: Failed appendEntries: org.apache.ratis.thirdparty.io.grpc.StatusRuntimeException: UNAVAILABLE: io exception
2019-09-10 13:05:13,077 [grpc-default-executor-6] INFO  impl.FollowerInfo (FollowerInfo.java:lambda$new$0(50)) - b87234b6-97b4-403b-b761-d13c1d3498ce->98692575-908f-4c6f-b3d7-fc3119b7636a: nextIndex: updateUnconditionally 0 -> 0
2019-09-10 13:05:13,502 | INFO  | SCMAudit | user=jenkins1000 | ip=192.168.5.153 | op=SEND_HEARTBEAT {datanodeUUID=51f7194d-0b6e-44ce-bfd4-93c34be99c19, command=[]} | ret=SUCCESS |  
2019-09-10 13:05:13,624 | INFO  | SCMAudit | user=jenkins1000 | ip=192.168.5.153 | op=SEND_HEARTBEAT {datanodeUUID=80892ce7-83f5-4ca2-be8c-d0fb582c0dda, command=[]} | ret=SUCCESS |  
2019-09-10 13:05:13,903 | INFO  | SCMAudit | user=jenkins1000 | ip=192.168.5.153 | op=SEND_HEARTBEAT {datanodeUUID=4afd2ab1-ec40-4403-b668-2a355860e883, command=[]} | ret=SUCCESS |  
2019-09-10 13:05:14,501 | INFO  | SCMAudit | user=jenkins1000 | ip=192.168.5.153 | op=SEND_HEARTBEAT {datanodeUUID=51f7194d-0b6e-44ce-bfd4-93c34be99c19, command=[]} | ret=SUCCESS |  
2019-09-10 13:05:14,624 | INFO  | SCMAudit | user=jenkins1000 | ip=192.168.5.153 | op=SEND_HEARTBEAT {datanodeUUID=80892ce7-83f5-4ca2-be8c-d0fb582c0dda, command=[]} | ret=SUCCESS |  
2019-09-10 13:05:14,903 | INFO  | SCMAudit | user=jenkins1000 | ip=192.168.5.153 | op=SEND_HEARTBEAT {datanodeUUID=4afd2ab1-ec40-4403-b668-2a355860e883, command=[]} | ret=SUCCESS |  
2019-09-10 13:05:14,959 [grpc-default-executor-9] WARN  server.GrpcLogAppender (LogUtils.java:warn(134)) - 677e3d93-3467-4860-9bf6-0d2ba46507f3->5133bb85-d112-43d0-b51c-6140e4ebc540: Failed appendEntries: org.apache.ratis.thirdparty.io.grpc.StatusRuntimeException: UNAVAILABLE: io exception
2019-09-10 13:05:14,963 [grpc-default-executor-9] INFO  impl.FollowerInfo (FollowerInfo.java:lambda$new$0(50)) - 677e3d93-3467-4860-9bf6-0d2ba46507f3->5133bb85-d112-43d0-b51c-6140e4ebc540: nextIndex: updateUnconditionally 7 -> 6
2019-09-10 13:05:15,501 | INFO  | SCMAudit | user=jenkins1000 | ip=192.168.5.153 | op=SEND_HEARTBEAT {datanodeUUID=51f7194d-0b6e-44ce-bfd4-93c34be99c19, command=[]} | ret=SUCCESS |  
2019-09-10 13:05:15,568 [grpc-default-executor-8] WARN  server.GrpcLogAppender (LogUtils.java:warn(134)) - b87234b6-97b4-403b-b761-d13c1d3498ce->98692575-908f-4c6f-b3d7-fc3119b7636a: Failed appendEntries: org.apache.ratis.thirdparty.io.grpc.StatusRuntimeException: UNAVAILABLE: io exception
2019-09-10 13:05:15,571 [grpc-default-executor-8] INFO  impl.FollowerInfo (FollowerInfo.java:lambda$new$0(50)) - b87234b6-97b4-403b-b761-d13c1d3498ce->98692575-908f-4c6f-b3d7-fc3119b7636a: nextIndex: updateUnconditionally 0 -> 0
2019-09-10 13:05:15,624 | INFO  | SCMAudit | user=jenkins1000 | ip=192.168.5.153 | op=SEND_HEARTBEAT {datanodeUUID=80892ce7-83f5-4ca2-be8c-d0fb582c0dda, command=[]} | ret=SUCCESS |  
2019-09-10 13:05:15,903 | INFO  | SCMAudit | user=jenkins1000 | ip=192.168.5.153 | op=SEND_HEARTBEAT {datanodeUUID=4afd2ab1-ec40-4403-b668-2a355860e883, command=[]} | ret=SUCCESS |  
2019-09-10 13:05:16,501 | INFO  | SCMAudit | user=jenkins1000 | ip=192.168.5.153 | op=SEND_HEARTBEAT {datanodeUUID=51f7194d-0b6e-44ce-bfd4-93c34be99c19, command=[]} | ret=SUCCESS |  
2019-09-10 13:05:16,624 | INFO  | SCMAudit | user=jenkins1000 | ip=192.168.5.153 | op=SEND_HEARTBEAT {datanodeUUID=80892ce7-83f5-4ca2-be8c-d0fb582c0dda, command=[]} | ret=SUCCESS |  
2019-09-10 13:05:16,903 | INFO  | SCMAudit | user=jenkins1000 | ip=192.168.5.153 | op=SEND_HEARTBEAT {datanodeUUID=4afd2ab1-ec40-4403-b668-2a355860e883, command=[]} | ret=SUCCESS |  
2019-09-10 13:05:17,283 [main] INFO  ozoneimpl.OzoneContainer (OzoneContainer.java:stop(199)) - Attempting to stop container services.
2019-09-10 13:05:17,284 [ForkJoinPool.commonPool-worker-0] INFO  ozoneimpl.OzoneContainer (OzoneContainer.java:stop(199)) - Attempting to stop container services.
2019-09-10 13:05:17,284 [main] INFO  impl.RaftServerProxy (RaftServerProxy.java:lambda$close$4(314)) - 677e3d93-3467-4860-9bf6-0d2ba46507f3: close
2019-09-10 13:05:17,284 [ForkJoinPool.commonPool-worker-0] INFO  impl.RaftServerProxy (RaftServerProxy.java:lambda$close$4(314)) - b87234b6-97b4-403b-b761-d13c1d3498ce: close
2019-09-10 13:05:17,285 [main] INFO  impl.RaftServerImpl (RaftServerImpl.java:lambda$shutdown$3(245)) - 677e3d93-3467-4860-9bf6-0d2ba46507f3: shutdown group-59B8B6051EC0
2019-09-10 13:05:17,285 [ForkJoinPool.commonPool-worker-0] INFO  impl.RaftServerImpl (RaftServerImpl.java:lambda$shutdown$3(245)) - b87234b6-97b4-403b-b761-d13c1d3498ce: shutdown group-32F6425A782A
2019-09-10 13:05:17,285 [main] INFO  util.JmxRegister (JmxRegister.java:unregister(73)) - Successfully un-registered JMX Bean with object name Ratis:service=RaftServer,group=group-59B8B6051EC0,id=677e3d93-3467-4860-9bf6-0d2ba46507f3
2019-09-10 13:05:17,286 [ForkJoinPool.commonPool-worker-0] INFO  util.JmxRegister (JmxRegister.java:unregister(73)) - Successfully un-registered JMX Bean with object name Ratis:service=RaftServer,group=group-32F6425A782A,id=b87234b6-97b4-403b-b761-d13c1d3498ce
2019-09-10 13:05:17,286 [main] INFO  impl.RoleInfo (RoleInfo.java:shutdownLeaderState(104)) - 677e3d93-3467-4860-9bf6-0d2ba46507f3: shutdown LeaderState
2019-09-10 13:05:17,286 [ForkJoinPool.commonPool-worker-0] INFO  impl.RoleInfo (RoleInfo.java:shutdownLeaderState(104)) - b87234b6-97b4-403b-b761-d13c1d3498ce: shutdown LeaderState
2019-09-10 13:05:17,292 [org.apache.ratis.server.impl.LogAppender$AppenderDaemon$$Lambda$460/1954263690@55df4b4a] WARN  server.GrpcLogAppender (GrpcLogAppender.java:mayWait(143)) - GrpcLogAppender(677e3d93-3467-4860-9bf6-0d2ba46507f3->80892ce7-83f5-4ca2-be8c-d0fb582c0dda): Wait interrupted by java.lang.InterruptedException
2019-09-10 13:05:17,295 [ForkJoinPool.commonPool-worker-0] INFO  impl.PendingRequests (PendingRequests.java:sendNotLeaderResponses(202)) - b87234b6-97b4-403b-b761-d13c1d3498ce-PendingRequests: sendNotLeaderResponses
2019-09-10 13:05:17,292 [org.apache.ratis.server.impl.LogAppender$AppenderDaemon$$Lambda$460/1954263690@10dddf95] WARN  server.GrpcLogAppender (GrpcLogAppender.java:mayWait(143)) - GrpcLogAppender(677e3d93-3467-4860-9bf6-0d2ba46507f3->5133bb85-d112-43d0-b51c-6140e4ebc540): Wait interrupted by java.lang.InterruptedException
2019-09-10 13:05:17,296 [grpc-default-executor-8] INFO  server.GrpcServerProtocolService (GrpcServerProtocolService.java:onCompleted(104)) - 80892ce7-83f5-4ca2-be8c-d0fb582c0dda: appendEntries completed
2019-09-10 13:05:17,291 [main] INFO  impl.PendingRequests (PendingRequests.java:sendNotLeaderResponses(202)) - 677e3d93-3467-4860-9bf6-0d2ba46507f3-PendingRequests: sendNotLeaderResponses
2019-09-10 13:05:17,296 [ForkJoinPool.commonPool-worker-0] INFO  impl.StateMachineUpdater (StateMachineUpdater.java:stopAndJoin(115)) - StateMachineUpdater:b87234b6-97b4-403b-b761-d13c1d3498ce:group-32F6425A782A: set stopIndex = 0
2019-09-10 13:05:17,297 [ForkJoinPool.commonPool-worker-0] INFO  impl.RaftServerImpl (ServerState.java:close(394)) - b87234b6-97b4-403b-b761-d13c1d3498ce:group-32F6425A782A closes. The last applied log index is 0
2019-09-10 13:05:17,295 [org.apache.ratis.server.impl.LogAppender$AppenderDaemon$$Lambda$460/1954263690@7469065b] WARN  server.GrpcLogAppender (GrpcLogAppender.java:mayWait(143)) - GrpcLogAppender(b87234b6-97b4-403b-b761-d13c1d3498ce->4afd2ab1-ec40-4403-b668-2a355860e883): Wait interrupted by java.lang.InterruptedException
2019-09-10 13:05:17,295 [org.apache.ratis.server.impl.LogAppender$AppenderDaemon$$Lambda$460/1954263690@316b8e12] WARN  server.GrpcLogAppender (GrpcLogAppender.java:mayWait(143)) - GrpcLogAppender(b87234b6-97b4-403b-b761-d13c1d3498ce->98692575-908f-4c6f-b3d7-fc3119b7636a): Wait interrupted by java.lang.InterruptedException
2019-09-10 13:05:17,301 [b87234b6-97b4-403b-b761-d13c1d3498ce-SegmentedRaftLogWorker:Storage Directory /workdir/hadoop-ozone/integration-test/target/test-dir/MiniOzoneClusterImpl-74450ed2-7f0c-43e6-83a9-4ec0eb8ed3d0/datanode-2/data/ratis/d296be83-1642-46b5-8ec7-32f6425a782a] INFO  segmented.SegmentedRaftLogWorker (SegmentedRaftLogWorker.java:run(313)) - b87234b6-97b4-403b-b761-d13c1d3498ce-SegmentedRaftLogWorker:Storage Directory /workdir/hadoop-ozone/integration-test/target/test-dir/MiniOzoneClusterImpl-74450ed2-7f0c-43e6-83a9-4ec0eb8ed3d0/datanode-2/data/ratis/d296be83-1642-46b5-8ec7-32f6425a782a was interrupted, exiting. There are 0 tasks remaining in the queue.
2019-09-10 13:05:17,301 [StateMachineUpdater:677e3d93-3467-4860-9bf6-0d2ba46507f3:group-59B8B6051EC0] INFO  ratis.ContainerStateMachine (ContainerStateMachine.java:takeSnapshot(283)) - group-59B8B6051EC0: Taking a snapshot at:(t:2, i:6) file /workdir/hadoop-ozone/integration-test/target/test-dir/MiniOzoneClusterImpl-74450ed2-7f0c-43e6-83a9-4ec0eb8ed3d0/datanode-3/data/ratis/a6481122-4911-464c-a6bc-59b8b6051ec0/sm/snapshot.2_6
2019-09-10 13:05:17,300 [main] INFO  impl.StateMachineUpdater (StateMachineUpdater.java:stopAndJoin(115)) - StateMachineUpdater:677e3d93-3467-4860-9bf6-0d2ba46507f3:group-59B8B6051EC0: set stopIndex = 8
2019-09-10 13:05:17,297 [grpc-default-executor-8] INFO  server.GrpcLogAppender (GrpcLogAppender.java:onCompleted(292)) - 677e3d93-3467-4860-9bf6-0d2ba46507f3->80892ce7-83f5-4ca2-be8c-d0fb582c0dda: follower responses appendEntries COMPLETED
2019-09-10 13:05:17,303 [ForkJoinPool.commonPool-worker-0] INFO  segmented.SegmentedRaftLogWorker (SegmentedRaftLogWorker.java:close(228)) - b87234b6-97b4-403b-b761-d13c1d3498ce-SegmentedRaftLogWorker:Storage Directory /workdir/hadoop-ozone/integration-test/target/test-dir/MiniOzoneClusterImpl-74450ed2-7f0c-43e6-83a9-4ec0eb8ed3d0/datanode-2/data/ratis/d296be83-1642-46b5-8ec7-32f6425a782a close()
2019-09-10 13:05:17,301 [grpc-default-executor-6] INFO  server.GrpcServerProtocolService (GrpcServerProtocolService.java:onCompleted(104)) - 4afd2ab1-ec40-4403-b668-2a355860e883: appendEntries completed
2019-09-10 13:05:17,306 [ForkJoinPool.commonPool-worker-0] INFO  impl.RaftServerImpl (RaftServerImpl.java:lambda$shutdown$3(245)) - b87234b6-97b4-403b-b761-d13c1d3498ce: shutdown group-8592CDBF1AD3
2019-09-10 13:05:17,307 [grpc-default-executor-6] INFO  server.GrpcLogAppender (GrpcLogAppender.java:onCompleted(292)) - b87234b6-97b4-403b-b761-d13c1d3498ce->4afd2ab1-ec40-4403-b668-2a355860e883: follower responses appendEntries COMPLETED
2019-09-10 13:05:17,304 [grpc-default-executor-8] INFO  impl.FollowerInfo (FollowerInfo.java:lambda$new$0(50)) - 677e3d93-3467-4860-9bf6-0d2ba46507f3->80892ce7-83f5-4ca2-be8c-d0fb582c0dda: nextIndex: updateUnconditionally 9 -> 8
2019-09-10 13:05:17,307 [grpc-default-executor-6] INFO  impl.FollowerInfo (FollowerInfo.java:lambda$new$0(50)) - b87234b6-97b4-403b-b761-d13c1d3498ce->4afd2ab1-ec40-4403-b668-2a355860e883: nextIndex: updateUnconditionally 1 -> 0
2019-09-10 13:05:17,307 [ForkJoinPool.commonPool-worker-0] INFO  util.JmxRegister (JmxRegister.java:unregister(73)) - Successfully un-registered JMX Bean with object name Ratis:service=RaftServer,group=group-8592CDBF1AD3,id=b87234b6-97b4-403b-b761-d13c1d3498ce
2019-09-10 13:05:17,308 [ForkJoinPool.commonPool-worker-0] INFO  impl.RoleInfo (RoleInfo.java:shutdownLeaderState(104)) - b87234b6-97b4-403b-b761-d13c1d3498ce: shutdown LeaderState
2019-09-10 13:05:17,308 [ForkJoinPool.commonPool-worker-0] INFO  impl.PendingRequests (PendingRequests.java:sendNotLeaderResponses(202)) - b87234b6-97b4-403b-b761-d13c1d3498ce-PendingRequests: sendNotLeaderResponses
2019-09-10 13:05:17,308 [ForkJoinPool.commonPool-worker-0] INFO  impl.StateMachineUpdater (StateMachineUpdater.java:stopAndJoin(115)) - StateMachineUpdater:b87234b6-97b4-403b-b761-d13c1d3498ce:group-8592CDBF1AD3: set stopIndex = 0
2019-09-10 13:05:17,309 [ForkJoinPool.commonPool-worker-0] INFO  impl.RaftServerImpl (ServerState.java:close(394)) - b87234b6-97b4-403b-b761-d13c1d3498ce:group-8592CDBF1AD3 closes. The last applied log index is 0
2019-09-10 13:05:17,309 [b87234b6-97b4-403b-b761-d13c1d3498ce-SegmentedRaftLogWorker:Storage Directory /workdir/hadoop-ozone/integration-test/target/test-dir/MiniOzoneClusterImpl-74450ed2-7f0c-43e6-83a9-4ec0eb8ed3d0/datanode-2/data/ratis/1915e298-defb-453c-b438-8592cdbf1ad3] INFO  segmented.SegmentedRaftLogWorker (SegmentedRaftLogWorker.java:run(313)) - b87234b6-97b4-403b-b761-d13c1d3498ce-SegmentedRaftLogWorker:Storage Directory /workdir/hadoop-ozone/integration-test/target/test-dir/MiniOzoneClusterImpl-74450ed2-7f0c-43e6-83a9-4ec0eb8ed3d0/datanode-2/data/ratis/1915e298-defb-453c-b438-8592cdbf1ad3 was interrupted, exiting. There are 0 tasks remaining in the queue.
2019-09-10 13:05:17,315 [ForkJoinPool.commonPool-worker-0] INFO  segmented.SegmentedRaftLogWorker (SegmentedRaftLogWorker.java:close(228)) - b87234b6-97b4-403b-b761-d13c1d3498ce-SegmentedRaftLogWorker:Storage Directory /workdir/hadoop-ozone/integration-test/target/test-dir/MiniOzoneClusterImpl-74450ed2-7f0c-43e6-83a9-4ec0eb8ed3d0/datanode-2/data/ratis/1915e298-defb-453c-b438-8592cdbf1ad3 close()
2019-09-10 13:05:17,317 [ForkJoinPool.commonPool-worker-0] INFO  server.GrpcService (GrpcService.java:closeImpl(155)) - b87234b6-97b4-403b-b761-d13c1d3498ce: shutdown server with port 44678 now
2019-09-10 13:05:17,317 [ForkJoinPool.commonPool-worker-0] INFO  server.GrpcService (GrpcService.java:closeImpl(163)) - b87234b6-97b4-403b-b761-d13c1d3498ce: shutdown server with port 44678 successfully
2019-09-10 13:05:17,319 [ForkJoinPool.commonPool-worker-0] INFO  utils.BackgroundService (BackgroundService.java:shutdown(148)) - Shutting down service BlockDeletingService
2019-09-10 13:05:17,321 [refreshUsed-/workdir/hadoop-ozone/integration-test/target/test-dir/MiniOzoneClusterImpl-74450ed2-7f0c-43e6-83a9-4ec0eb8ed3d0/datanode-2/data/containers] WARN  fs.CachingGetSpaceUsed (CachingGetSpaceUsed.java:run(183)) - Thread Interrupted waiting to refresh disk information: sleep interrupted
2019-09-10 13:05:17,337 [StateMachineUpdater:677e3d93-3467-4860-9bf6-0d2ba46507f3:group-59B8B6051EC0] INFO  ratis.ContainerStateMachine (ContainerStateMachine.java:takeSnapshot(294)) - group-59B8B6051EC0: Finished taking a snapshot at:(t:2, i:6) file:/workdir/hadoop-ozone/integration-test/target/test-dir/MiniOzoneClusterImpl-74450ed2-7f0c-43e6-83a9-4ec0eb8ed3d0/datanode-3/data/ratis/a6481122-4911-464c-a6bc-59b8b6051ec0/sm/snapshot.2_6 time:37
2019-09-10 13:05:17,337 [StateMachineUpdater:677e3d93-3467-4860-9bf6-0d2ba46507f3:group-59B8B6051EC0] INFO  impl.StateMachineUpdater (StateMachineUpdater.java:takeSnapshot(242)) - StateMachineUpdater:677e3d93-3467-4860-9bf6-0d2ba46507f3:group-59B8B6051EC0: Took a snapshot at index 6
2019-09-10 13:05:17,337 [StateMachineUpdater:677e3d93-3467-4860-9bf6-0d2ba46507f3:group-59B8B6051EC0] INFO  impl.StateMachineUpdater (StateMachineUpdater.java:lambda$new$0(80)) - StateMachineUpdater:677e3d93-3467-4860-9bf6-0d2ba46507f3:group-59B8B6051EC0: snapshotIndex: updateIncreasingly -1 -> 6
2019-09-10 13:05:17,338 [main] INFO  impl.RaftServerImpl (ServerState.java:close(394)) - 677e3d93-3467-4860-9bf6-0d2ba46507f3:group-59B8B6051EC0 closes. The last applied log index is 8
2019-09-10 13:05:17,339 [677e3d93-3467-4860-9bf6-0d2ba46507f3-SegmentedRaftLogWorker:Storage Directory /workdir/hadoop-ozone/integration-test/target/test-dir/MiniOzoneClusterImpl-74450ed2-7f0c-43e6-83a9-4ec0eb8ed3d0/datanode-3/data/ratis/a6481122-4911-464c-a6bc-59b8b6051ec0] INFO  segmented.SegmentedRaftLogWorker (SegmentedRaftLogWorker.java:run(313)) - 677e3d93-3467-4860-9bf6-0d2ba46507f3-SegmentedRaftLogWorker:Storage Directory /workdir/hadoop-ozone/integration-test/target/test-dir/MiniOzoneClusterImpl-74450ed2-7f0c-43e6-83a9-4ec0eb8ed3d0/datanode-3/data/ratis/a6481122-4911-464c-a6bc-59b8b6051ec0 was interrupted, exiting. There are 0 tasks remaining in the queue.
2019-09-10 13:05:17,340 [main] INFO  segmented.SegmentedRaftLogWorker (SegmentedRaftLogWorker.java:close(228)) - 677e3d93-3467-4860-9bf6-0d2ba46507f3-SegmentedRaftLogWorker:Storage Directory /workdir/hadoop-ozone/integration-test/target/test-dir/MiniOzoneClusterImpl-74450ed2-7f0c-43e6-83a9-4ec0eb8ed3d0/datanode-3/data/ratis/a6481122-4911-464c-a6bc-59b8b6051ec0 close()
2019-09-10 13:05:17,342 [main] INFO  impl.RaftServerImpl (RaftServerImpl.java:lambda$shutdown$3(245)) - 677e3d93-3467-4860-9bf6-0d2ba46507f3: shutdown group-739B8B6D5F34
2019-09-10 13:05:17,343 [main] INFO  util.JmxRegister (JmxRegister.java:unregister(73)) - Successfully un-registered JMX Bean with object name Ratis:service=RaftServer,group=group-739B8B6D5F34,id=677e3d93-3467-4860-9bf6-0d2ba46507f3
2019-09-10 13:05:17,343 [main] INFO  impl.RoleInfo (RoleInfo.java:shutdownLeaderState(104)) - 677e3d93-3467-4860-9bf6-0d2ba46507f3: shutdown LeaderState
2019-09-10 13:05:17,345 [main] INFO  impl.PendingRequests (PendingRequests.java:sendNotLeaderResponses(202)) - 677e3d93-3467-4860-9bf6-0d2ba46507f3-PendingRequests: sendNotLeaderResponses
2019-09-10 13:05:17,347 [ForkJoinPool.commonPool-worker-0] INFO  statemachine.DatanodeStateMachine (DatanodeStateMachine.java:stopDaemon(395)) - Ozone container server stopped.
2019-09-10 13:05:17,348 [main] INFO  impl.StateMachineUpdater (StateMachineUpdater.java:stopAndJoin(115)) - StateMachineUpdater:677e3d93-3467-4860-9bf6-0d2ba46507f3:group-739B8B6D5F34: set stopIndex = 0
2019-09-10 13:05:17,351 [main] INFO  impl.RaftServerImpl (ServerState.java:close(394)) - 677e3d93-3467-4860-9bf6-0d2ba46507f3:group-739B8B6D5F34 closes. The last applied log index is 0
2019-09-10 13:05:17,353 [ForkJoinPool.commonPool-worker-0] INFO  handler.ContextHandler (ContextHandler.java:doStop(910)) - Stopped o.e.j.w.WebAppContext@72a34537{/,null,UNAVAILABLE}{/hddsDatanode}
2019-09-10 13:05:17,353 [677e3d93-3467-4860-9bf6-0d2ba46507f3-SegmentedRaftLogWorker:Storage Directory /workdir/hadoop-ozone/integration-test/target/test-dir/MiniOzoneClusterImpl-74450ed2-7f0c-43e6-83a9-4ec0eb8ed3d0/datanode-3/data/ratis/732d13ed-4827-4a0f-b085-739b8b6d5f34] INFO  segmented.SegmentedRaftLogWorker (SegmentedRaftLogWorker.java:run(313)) - 677e3d93-3467-4860-9bf6-0d2ba46507f3-SegmentedRaftLogWorker:Storage Directory /workdir/hadoop-ozone/integration-test/target/test-dir/MiniOzoneClusterImpl-74450ed2-7f0c-43e6-83a9-4ec0eb8ed3d0/datanode-3/data/ratis/732d13ed-4827-4a0f-b085-739b8b6d5f34 was interrupted, exiting. There are 0 tasks remaining in the queue.
2019-09-10 13:05:17,355 [main] INFO  segmented.SegmentedRaftLogWorker (SegmentedRaftLogWorker.java:close(228)) - 677e3d93-3467-4860-9bf6-0d2ba46507f3-SegmentedRaftLogWorker:Storage Directory /workdir/hadoop-ozone/integration-test/target/test-dir/MiniOzoneClusterImpl-74450ed2-7f0c-43e6-83a9-4ec0eb8ed3d0/datanode-3/data/ratis/732d13ed-4827-4a0f-b085-739b8b6d5f34 close()
2019-09-10 13:05:17,355 [ForkJoinPool.commonPool-worker-0] INFO  server.AbstractConnector (AbstractConnector.java:doStop(318)) - Stopped ServerConnector@24fef542{HTTP/1.1,[http/1.1]}{0.0.0.0:0}
2019-09-10 13:05:17,357 [main] INFO  server.GrpcService (GrpcService.java:closeImpl(155)) - 677e3d93-3467-4860-9bf6-0d2ba46507f3: shutdown server with port 41781 now
2019-09-10 13:05:17,359 [ForkJoinPool.commonPool-worker-0] INFO  handler.ContextHandler (ContextHandler.java:doStop(910)) - Stopped o.e.j.s.ServletContextHandler@459bf87c{/static,jar:file:/home/user/.m2/repository/org/apache/hadoop/hadoop-hdds-container-service/0.5.0-SNAPSHOT/hadoop-hdds-container-service-0.5.0-SNAPSHOT.jar!/webapps/static,UNAVAILABLE}
2019-09-10 13:05:17,361 [ForkJoinPool.commonPool-worker-0] INFO  handler.ContextHandler (ContextHandler.java:doStop(910)) - Stopped o.e.j.s.ServletContextHandler@f49e81a{/logs,file:///workdir/hadoop-ozone/integration-test/target/log,UNAVAILABLE}
2019-09-10 13:05:17,361 [main] INFO  server.GrpcService (GrpcService.java:closeImpl(163)) - 677e3d93-3467-4860-9bf6-0d2ba46507f3: shutdown server with port 41781 successfully
2019-09-10 13:05:17,363 [ForkJoinPool.commonPool-worker-0] INFO  datanode.ObjectStoreHandler (ObjectStoreHandler.java:close(155)) - Closing ObjectStoreHandler.
2019-09-10 13:05:17,363 [ForkJoinPool.commonPool-worker-0] INFO  ozone.HddsDatanodeService (HddsDatanodeService.java:stop(451)) - Stopped plug-in org.apache.hadoop.ozone.web.OzoneHddsDatanodeService@65d7eea4
2019-09-10 13:05:17,366 [main] INFO  utils.BackgroundService (BackgroundService.java:shutdown(148)) - Shutting down service BlockDeletingService
2019-09-10 13:05:17,370 [refreshUsed-/workdir/hadoop-ozone/integration-test/target/test-dir/MiniOzoneClusterImpl-74450ed2-7f0c-43e6-83a9-4ec0eb8ed3d0/datanode-3/data/containers] WARN  fs.CachingGetSpaceUsed (CachingGetSpaceUsed.java:run(183)) - Thread Interrupted waiting to refresh disk information: sleep interrupted
2019-09-10 13:05:17,390 [main] INFO  statemachine.DatanodeStateMachine (DatanodeStateMachine.java:stopDaemon(395)) - Ozone container server stopped.
2019-09-10 13:05:17,391 [main] INFO  handler.ContextHandler (ContextHandler.java:doStop(910)) - Stopped o.e.j.w.WebAppContext@7d1cdeb1{/,null,UNAVAILABLE}{/hddsDatanode}
2019-09-10 13:05:17,392 [main] INFO  server.AbstractConnector (AbstractConnector.java:doStop(318)) - Stopped ServerConnector@c4551c6{HTTP/1.1,[http/1.1]}{0.0.0.0:0}
2019-09-10 13:05:17,392 [main] INFO  handler.ContextHandler (ContextHandler.java:doStop(910)) - Stopped o.e.j.s.ServletContextHandler@7ee2423{/static,jar:file:/home/user/.m2/repository/org/apache/hadoop/hadoop-hdds-container-service/0.5.0-SNAPSHOT/hadoop-hdds-container-service-0.5.0-SNAPSHOT.jar!/webapps/static,UNAVAILABLE}
2019-09-10 13:05:17,393 [main] INFO  handler.ContextHandler (ContextHandler.java:doStop(910)) - Stopped o.e.j.s.ServletContextHandler@2cadcff6{/logs,file:///workdir/hadoop-ozone/integration-test/target/log,UNAVAILABLE}
2019-09-10 13:05:17,394 [main] INFO  datanode.ObjectStoreHandler (ObjectStoreHandler.java:close(155)) - Closing ObjectStoreHandler.
2019-09-10 13:05:17,394 [main] INFO  ozone.HddsDatanodeService (HddsDatanodeService.java:stop(451)) - Stopped plug-in org.apache.hadoop.ozone.web.OzoneHddsDatanodeService@5383bf08
2019-09-10 13:05:17,501 [Datanode State Machine Thread - 0] INFO  statemachine.DatanodeStateMachine (DatanodeStateMachine.java:lambda$startDaemon$0(350)) - Ozone container server started.
2019-09-10 13:05:17,624 | INFO  | SCMAudit | user=jenkins1000 | ip=192.168.5.153 | op=SEND_HEARTBEAT {datanodeUUID=80892ce7-83f5-4ca2-be8c-d0fb582c0dda, command=[]} | ret=SUCCESS |  
2019-09-10 13:05:17,903 [Datanode State Machine Thread - 0] INFO  statemachine.DatanodeStateMachine (DatanodeStateMachine.java:lambda$startDaemon$0(350)) - Ozone container server started.
2019-09-10 13:05:18,624 | INFO  | SCMAudit | user=jenkins1000 | ip=192.168.5.153 | op=SEND_HEARTBEAT {datanodeUUID=80892ce7-83f5-4ca2-be8c-d0fb582c0dda, command=[]} | ret=SUCCESS |  
2019-09-10 13:05:19,624 | INFO  | SCMAudit | user=jenkins1000 | ip=192.168.5.153 | op=SEND_HEARTBEAT {datanodeUUID=80892ce7-83f5-4ca2-be8c-d0fb582c0dda, command=[]} | ret=SUCCESS |  
2019-09-10 13:05:20,177 [Thread-900] INFO  impl.FollowerState (FollowerState.java:run(106)) - 80892ce7-83f5-4ca2-be8c-d0fb582c0dda:group-59B8B6051EC0 changes to CANDIDATE, lastRpcTime:5218, electionTimeout:5071ms
2019-09-10 13:05:20,177 [Thread-900] INFO  impl.RoleInfo (RoleInfo.java:shutdownFollowerState(121)) - 80892ce7-83f5-4ca2-be8c-d0fb582c0dda: shutdown FollowerState
2019-09-10 13:05:20,177 [Thread-900] INFO  impl.RaftServerImpl (RaftServerImpl.java:setRole(171)) - 80892ce7-83f5-4ca2-be8c-d0fb582c0dda:group-59B8B6051EC0 changes role from FOLLOWER to CANDIDATE at term 2 for changeToCandidate
2019-09-10 13:05:20,178 [Thread-900] INFO  impl.RoleInfo (RoleInfo.java:updateAndGet(143)) - 80892ce7-83f5-4ca2-be8c-d0fb582c0dda: start LeaderElection
2019-09-10 13:05:20,185 [80892ce7-83f5-4ca2-be8c-d0fb582c0dda:group-59B8B6051EC0:LeaderElection34] INFO  impl.RaftServerImpl (ServerState.java:setLeader(263)) - 80892ce7-83f5-4ca2-be8c-d0fb582c0dda:group-59B8B6051EC0 change Leader from 677e3d93-3467-4860-9bf6-0d2ba46507f3 to null at term 2 for initElection
2019-09-10 13:05:20,209 [80892ce7-83f5-4ca2-be8c-d0fb582c0dda:group-59B8B6051EC0:LeaderElection34] INFO  impl.LeaderElection (LeaderElection.java:askForVotes(181)) - 80892ce7-83f5-4ca2-be8c-d0fb582c0dda:group-59B8B6051EC0:LeaderElection34: begin an election at term 3 for 0: [80892ce7-83f5-4ca2-be8c-d0fb582c0dda:192.168.5.153:45229, 677e3d93-3467-4860-9bf6-0d2ba46507f3:192.168.5.153:41781, 5133bb85-d112-43d0-b51c-6140e4ebc540:192.168.5.153:45692], old=null
2019-09-10 13:05:20,216 [80892ce7-83f5-4ca2-be8c-d0fb582c0dda:group-59B8B6051EC0:LeaderElection34] INFO  impl.LeaderElection (LogUtils.java:infoOrTrace(149)) - 80892ce7-83f5-4ca2-be8c-d0fb582c0dda:group-59B8B6051EC0:LeaderElection34 got exception when requesting votes: {}
java.util.concurrent.ExecutionException: org.apache.ratis.thirdparty.io.grpc.StatusRuntimeException: UNAVAILABLE: io exception
	at java.util.concurrent.FutureTask.report(FutureTask.java:122)
	at java.util.concurrent.FutureTask.get(FutureTask.java:192)
	at org.apache.ratis.server.impl.LeaderElection.waitForResults(LeaderElection.java:262)
	at org.apache.ratis.server.impl.LeaderElection.askForVotes(LeaderElection.java:200)
	at org.apache.ratis.server.impl.LeaderElection.run(LeaderElection.java:130)
	at java.lang.Thread.run(Thread.java:748)
Caused by: org.apache.ratis.thirdparty.io.grpc.StatusRuntimeException: UNAVAILABLE: io exception
	at org.apache.ratis.thirdparty.io.grpc.stub.ClientCalls.toStatusRuntimeException(ClientCalls.java:233)
	at org.apache.ratis.thirdparty.io.grpc.stub.ClientCalls.getUnchecked(ClientCalls.java:214)
	at org.apache.ratis.thirdparty.io.grpc.stub.ClientCalls.blockingUnaryCall(ClientCalls.java:139)
	at org.apache.ratis.proto.grpc.RaftServerProtocolServiceGrpc$RaftServerProtocolServiceBlockingStub.requestVote(RaftServerProtocolServiceGrpc.java:265)
	at org.apache.ratis.grpc.server.GrpcServerProtocolClient.requestVote(GrpcServerProtocolClient.java:83)
	at org.apache.ratis.grpc.server.GrpcService.requestVote(GrpcService.java:195)
	at org.apache.ratis.server.impl.LeaderElection.lambda$submitRequests$1(LeaderElection.java:237)
	at java.util.concurrent.FutureTask.run(FutureTask.java:266)
	at java.util.concurrent.Executors$RunnableAdapter.call(Executors.java:511)
	at java.util.concurrent.FutureTask.run(FutureTask.java:266)
	at java.util.concurrent.ThreadPoolExecutor.runWorker(ThreadPoolExecutor.java:1149)
	at java.util.concurrent.ThreadPoolExecutor$Worker.run(ThreadPoolExecutor.java:624)
	... 1 more
Caused by: org.apache.ratis.thirdparty.io.netty.channel.AbstractChannel$AnnotatedConnectException: Connection refused: /192.168.5.153:45692
	at sun.nio.ch.SocketChannelImpl.checkConnect(Native Method)
	at sun.nio.ch.SocketChannelImpl.finishConnect(SocketChannelImpl.java:717)
	at org.apache.ratis.thirdparty.io.netty.channel.socket.nio.NioSocketChannel.doFinishConnect(NioSocketChannel.java:327)
	at org.apache.ratis.thirdparty.io.netty.channel.nio.AbstractNioChannel$AbstractNioUnsafe.finishConnect(AbstractNioChannel.java:340)
	at org.apache.ratis.thirdparty.io.netty.channel.nio.NioEventLoop.processSelectedKey(NioEventLoop.java:632)
	at org.apache.ratis.thirdparty.io.netty.channel.nio.NioEventLoop.processSelectedKeysOptimized(NioEventLoop.java:579)
	at org.apache.ratis.thirdparty.io.netty.channel.nio.NioEventLoop.processSelectedKeys(NioEventLoop.java:496)
	at org.apache.ratis.thirdparty.io.netty.channel.nio.NioEventLoop.run(NioEventLoop.java:458)
	at org.apache.ratis.thirdparty.io.netty.util.concurrent.SingleThreadEventExecutor$5.run(SingleThreadEventExecutor.java:897)
	at org.apache.ratis.thirdparty.io.netty.util.concurrent.FastThreadLocalRunnable.run(FastThreadLocalRunnable.java:30)
	... 1 more
Caused by: java.net.ConnectException: Connection refused
	... 11 more
2019-09-10 13:05:20,221 [80892ce7-83f5-4ca2-be8c-d0fb582c0dda:group-59B8B6051EC0:LeaderElection34] INFO  impl.LeaderElection (LogUtils.java:infoOrTrace(149)) - 80892ce7-83f5-4ca2-be8c-d0fb582c0dda:group-59B8B6051EC0:LeaderElection34 got exception when requesting votes: {}
java.util.concurrent.ExecutionException: org.apache.ratis.thirdparty.io.grpc.StatusRuntimeException: UNAVAILABLE: io exception
	at java.util.concurrent.FutureTask.report(FutureTask.java:122)
	at java.util.concurrent.FutureTask.get(FutureTask.java:192)
	at org.apache.ratis.server.impl.LeaderElection.waitForResults(LeaderElection.java:262)
	at org.apache.ratis.server.impl.LeaderElection.askForVotes(LeaderElection.java:200)
	at org.apache.ratis.server.impl.LeaderElection.run(LeaderElection.java:130)
	at java.lang.Thread.run(Thread.java:748)
Caused by: org.apache.ratis.thirdparty.io.grpc.StatusRuntimeException: UNAVAILABLE: io exception
	at org.apache.ratis.thirdparty.io.grpc.stub.ClientCalls.toStatusRuntimeException(ClientCalls.java:233)
	at org.apache.ratis.thirdparty.io.grpc.stub.ClientCalls.getUnchecked(ClientCalls.java:214)
	at org.apache.ratis.thirdparty.io.grpc.stub.ClientCalls.blockingUnaryCall(ClientCalls.java:139)
	at org.apache.ratis.proto.grpc.RaftServerProtocolServiceGrpc$RaftServerProtocolServiceBlockingStub.requestVote(RaftServerProtocolServiceGrpc.java:265)
	at org.apache.ratis.grpc.server.GrpcServerProtocolClient.requestVote(GrpcServerProtocolClient.java:83)
	at org.apache.ratis.grpc.server.GrpcService.requestVote(GrpcService.java:195)
	at org.apache.ratis.server.impl.LeaderElection.lambda$submitRequests$1(LeaderElection.java:237)
	at java.util.concurrent.FutureTask.run(FutureTask.java:266)
	at java.util.concurrent.Executors$RunnableAdapter.call(Executors.java:511)
	at java.util.concurrent.FutureTask.run(FutureTask.java:266)
	at java.util.concurrent.ThreadPoolExecutor.runWorker(ThreadPoolExecutor.java:1149)
	at java.util.concurrent.ThreadPoolExecutor$Worker.run(ThreadPoolExecutor.java:624)
	... 1 more
Caused by: org.apache.ratis.thirdparty.io.netty.channel.AbstractChannel$AnnotatedConnectException: Connection refused: /192.168.5.153:41781
	at sun.nio.ch.SocketChannelImpl.checkConnect(Native Method)
	at sun.nio.ch.SocketChannelImpl.finishConnect(SocketChannelImpl.java:717)
	at org.apache.ratis.thirdparty.io.netty.channel.socket.nio.NioSocketChannel.doFinishConnect(NioSocketChannel.java:327)
	at org.apache.ratis.thirdparty.io.netty.channel.nio.AbstractNioChannel$AbstractNioUnsafe.finishConnect(AbstractNioChannel.java:340)
	at org.apache.ratis.thirdparty.io.netty.channel.nio.NioEventLoop.processSelectedKey(NioEventLoop.java:632)
	at org.apache.ratis.thirdparty.io.netty.channel.nio.NioEventLoop.processSelectedKeysOptimized(NioEventLoop.java:579)
	at org.apache.ratis.thirdparty.io.netty.channel.nio.NioEventLoop.processSelectedKeys(NioEventLoop.java:496)
	at org.apache.ratis.thirdparty.io.netty.channel.nio.NioEventLoop.run(NioEventLoop.java:458)
	at org.apache.ratis.thirdparty.io.netty.util.concurrent.SingleThreadEventExecutor$5.run(SingleThreadEventExecutor.java:897)
	at org.apache.ratis.thirdparty.io.netty.util.concurrent.FastThreadLocalRunnable.run(FastThreadLocalRunnable.java:30)
	... 1 more
Caused by: java.net.ConnectException: Connection refused
	... 11 more
2019-09-10 13:05:20,223 [80892ce7-83f5-4ca2-be8c-d0fb582c0dda:group-59B8B6051EC0:LeaderElection34] INFO  impl.LeaderElection (LeaderElection.java:logAndReturn(56)) - 80892ce7-83f5-4ca2-be8c-d0fb582c0dda:group-59B8B6051EC0:LeaderElection34: Election REJECTED; received 0 response(s) [] and 2 exception(s); 80892ce7-83f5-4ca2-be8c-d0fb582c0dda:t3, leader=null, voted=80892ce7-83f5-4ca2-be8c-d0fb582c0dda, raftlog=80892ce7-83f5-4ca2-be8c-d0fb582c0dda-SegmentedRaftLog:OPENED:c8,f8,i8, conf=0: [80892ce7-83f5-4ca2-be8c-d0fb582c0dda:192.168.5.153:45229, 677e3d93-3467-4860-9bf6-0d2ba46507f3:192.168.5.153:41781, 5133bb85-d112-43d0-b51c-6140e4ebc540:192.168.5.153:45692], old=null
2019-09-10 13:05:20,224 [80892ce7-83f5-4ca2-be8c-d0fb582c0dda:group-59B8B6051EC0:LeaderElection34] INFO  impl.LeaderElection (LogUtils.java:infoOrTrace(149)) -   Exception 0: {}
java.util.concurrent.ExecutionException: org.apache.ratis.thirdparty.io.grpc.StatusRuntimeException: UNAVAILABLE: io exception
	at java.util.concurrent.FutureTask.report(FutureTask.java:122)
	at java.util.concurrent.FutureTask.get(FutureTask.java:192)
	at org.apache.ratis.server.impl.LeaderElection.waitForResults(LeaderElection.java:262)
	at org.apache.ratis.server.impl.LeaderElection.askForVotes(LeaderElection.java:200)
	at org.apache.ratis.server.impl.LeaderElection.run(LeaderElection.java:130)
	at java.lang.Thread.run(Thread.java:748)
Caused by: org.apache.ratis.thirdparty.io.grpc.StatusRuntimeException: UNAVAILABLE: io exception
	at org.apache.ratis.thirdparty.io.grpc.stub.ClientCalls.toStatusRuntimeException(ClientCalls.java:233)
	at org.apache.ratis.thirdparty.io.grpc.stub.ClientCalls.getUnchecked(ClientCalls.java:214)
	at org.apache.ratis.thirdparty.io.grpc.stub.ClientCalls.blockingUnaryCall(ClientCalls.java:139)
	at org.apache.ratis.proto.grpc.RaftServerProtocolServiceGrpc$RaftServerProtocolServiceBlockingStub.requestVote(RaftServerProtocolServiceGrpc.java:265)
	at org.apache.ratis.grpc.server.GrpcServerProtocolClient.requestVote(GrpcServerProtocolClient.java:83)
	at org.apache.ratis.grpc.server.GrpcService.requestVote(GrpcService.java:195)
	at org.apache.ratis.server.impl.LeaderElection.lambda$submitRequests$1(LeaderElection.java:237)
	at java.util.concurrent.FutureTask.run(FutureTask.java:266)
	at java.util.concurrent.Executors$RunnableAdapter.call(Executors.java:511)
	at java.util.concurrent.FutureTask.run(FutureTask.java:266)
	at java.util.concurrent.ThreadPoolExecutor.runWorker(ThreadPoolExecutor.java:1149)
	at java.util.concurrent.ThreadPoolExecutor$Worker.run(ThreadPoolExecutor.java:624)
	... 1 more
Caused by: org.apache.ratis.thirdparty.io.netty.channel.AbstractChannel$AnnotatedConnectException: Connection refused: /192.168.5.153:45692
	at sun.nio.ch.SocketChannelImpl.checkConnect(Native Method)
	at sun.nio.ch.SocketChannelImpl.finishConnect(SocketChannelImpl.java:717)
	at org.apache.ratis.thirdparty.io.netty.channel.socket.nio.NioSocketChannel.doFinishConnect(NioSocketChannel.java:327)
	at org.apache.ratis.thirdparty.io.netty.channel.nio.AbstractNioChannel$AbstractNioUnsafe.finishConnect(AbstractNioChannel.java:340)
	at org.apache.ratis.thirdparty.io.netty.channel.nio.NioEventLoop.processSelectedKey(NioEventLoop.java:632)
	at org.apache.ratis.thirdparty.io.netty.channel.nio.NioEventLoop.processSelectedKeysOptimized(NioEventLoop.java:579)
	at org.apache.ratis.thirdparty.io.netty.channel.nio.NioEventLoop.processSelectedKeys(NioEventLoop.java:496)
	at org.apache.ratis.thirdparty.io.netty.channel.nio.NioEventLoop.run(NioEventLoop.java:458)
	at org.apache.ratis.thirdparty.io.netty.util.concurrent.SingleThreadEventExecutor$5.run(SingleThreadEventExecutor.java:897)
	at org.apache.ratis.thirdparty.io.netty.util.concurrent.FastThreadLocalRunnable.run(FastThreadLocalRunnable.java:30)
	... 1 more
Caused by: java.net.ConnectException: Connection refused
	... 11 more
2019-09-10 13:05:20,224 [80892ce7-83f5-4ca2-be8c-d0fb582c0dda:group-59B8B6051EC0:LeaderElection34] INFO  impl.LeaderElection (LogUtils.java:infoOrTrace(149)) -   Exception 1: {}
java.util.concurrent.ExecutionException: org.apache.ratis.thirdparty.io.grpc.StatusRuntimeException: UNAVAILABLE: io exception
	at java.util.concurrent.FutureTask.report(FutureTask.java:122)
	at java.util.concurrent.FutureTask.get(FutureTask.java:192)
	at org.apache.ratis.server.impl.LeaderElection.waitForResults(LeaderElection.java:262)
	at org.apache.ratis.server.impl.LeaderElection.askForVotes(LeaderElection.java:200)
	at org.apache.ratis.server.impl.LeaderElection.run(LeaderElection.java:130)
	at java.lang.Thread.run(Thread.java:748)
Caused by: org.apache.ratis.thirdparty.io.grpc.StatusRuntimeException: UNAVAILABLE: io exception
	at org.apache.ratis.thirdparty.io.grpc.stub.ClientCalls.toStatusRuntimeException(ClientCalls.java:233)
	at org.apache.ratis.thirdparty.io.grpc.stub.ClientCalls.getUnchecked(ClientCalls.java:214)
	at org.apache.ratis.thirdparty.io.grpc.stub.ClientCalls.blockingUnaryCall(ClientCalls.java:139)
	at org.apache.ratis.proto.grpc.RaftServerProtocolServiceGrpc$RaftServerProtocolServiceBlockingStub.requestVote(RaftServerProtocolServiceGrpc.java:265)
	at org.apache.ratis.grpc.server.GrpcServerProtocolClient.requestVote(GrpcServerProtocolClient.java:83)
	at org.apache.ratis.grpc.server.GrpcService.requestVote(GrpcService.java:195)
	at org.apache.ratis.server.impl.LeaderElection.lambda$submitRequests$1(LeaderElection.java:237)
	at java.util.concurrent.FutureTask.run(FutureTask.java:266)
	at java.util.concurrent.Executors$RunnableAdapter.call(Executors.java:511)
	at java.util.concurrent.FutureTask.run(FutureTask.java:266)
	at java.util.concurrent.ThreadPoolExecutor.runWorker(ThreadPoolExecutor.java:1149)
	at java.util.concurrent.ThreadPoolExecutor$Worker.run(ThreadPoolExecutor.java:624)
	... 1 more
Caused by: org.apache.ratis.thirdparty.io.netty.channel.AbstractChannel$AnnotatedConnectException: Connection refused: /192.168.5.153:41781
	at sun.nio.ch.SocketChannelImpl.checkConnect(Native Method)
	at sun.nio.ch.SocketChannelImpl.finishConnect(SocketChannelImpl.java:717)
	at org.apache.ratis.thirdparty.io.netty.channel.socket.nio.NioSocketChannel.doFinishConnect(NioSocketChannel.java:327)
	at org.apache.ratis.thirdparty.io.netty.channel.nio.AbstractNioChannel$AbstractNioUnsafe.finishConnect(AbstractNioChannel.java:340)
	at org.apache.ratis.thirdparty.io.netty.channel.nio.NioEventLoop.processSelectedKey(NioEventLoop.java:632)
	at org.apache.ratis.thirdparty.io.netty.channel.nio.NioEventLoop.processSelectedKeysOptimized(NioEventLoop.java:579)
	at org.apache.ratis.thirdparty.io.netty.channel.nio.NioEventLoop.processSelectedKeys(NioEventLoop.java:496)
	at org.apache.ratis.thirdparty.io.netty.channel.nio.NioEventLoop.run(NioEventLoop.java:458)
	at org.apache.ratis.thirdparty.io.netty.util.concurrent.SingleThreadEventExecutor$5.run(SingleThreadEventExecutor.java:897)
	at org.apache.ratis.thirdparty.io.netty.util.concurrent.FastThreadLocalRunnable.run(FastThreadLocalRunnable.java:30)
	... 1 more
Caused by: java.net.ConnectException: Connection refused
	... 11 more
2019-09-10 13:05:20,225 [80892ce7-83f5-4ca2-be8c-d0fb582c0dda:group-59B8B6051EC0:LeaderElection34] INFO  impl.RaftServerImpl (RaftServerImpl.java:setRole(171)) - 80892ce7-83f5-4ca2-be8c-d0fb582c0dda:group-59B8B6051EC0 changes role from CANDIDATE to FOLLOWER at term 3 for DISCOVERED_A_NEW_TERM
2019-09-10 13:05:20,225 [80892ce7-83f5-4ca2-be8c-d0fb582c0dda:group-59B8B6051EC0:LeaderElection34] INFO  impl.RoleInfo (RoleInfo.java:shutdownLeaderElection(134)) - 80892ce7-83f5-4ca2-be8c-d0fb582c0dda: shutdown LeaderElection
2019-09-10 13:05:20,225 [80892ce7-83f5-4ca2-be8c-d0fb582c0dda:group-59B8B6051EC0:LeaderElection34] INFO  impl.RoleInfo (RoleInfo.java:updateAndGet(143)) - 80892ce7-83f5-4ca2-be8c-d0fb582c0dda: start FollowerState
2019-09-10 13:05:20,624 | INFO  | SCMAudit | user=jenkins1000 | ip=192.168.5.153 | op=SEND_HEARTBEAT {datanodeUUID=80892ce7-83f5-4ca2-be8c-d0fb582c0dda, command=[]} | ret=SUCCESS |  
2019-09-10 13:05:21,625 | INFO  | SCMAudit | user=jenkins1000 | ip=192.168.5.153 | op=SEND_HEARTBEAT {datanodeUUID=80892ce7-83f5-4ca2-be8c-d0fb582c0dda, command=[]} | ret=SUCCESS |  
2019-09-10 13:05:22,365 [ForkJoinPool.commonPool-worker-0] INFO  ozoneimpl.OzoneContainer (OzoneContainer.java:stop(199)) - Attempting to stop container services.
2019-09-10 13:05:22,366 [ForkJoinPool.commonPool-worker-0] INFO  impl.RaftServerProxy (RaftServerProxy.java:lambda$close$4(314)) - 4afd2ab1-ec40-4403-b668-2a355860e883: close
2019-09-10 13:05:22,366 [ForkJoinPool.commonPool-worker-0] INFO  impl.RaftServerImpl (RaftServerImpl.java:lambda$shutdown$3(245)) - 4afd2ab1-ec40-4403-b668-2a355860e883: shutdown group-32F6425A782A
2019-09-10 13:05:22,366 [ForkJoinPool.commonPool-worker-0] INFO  util.JmxRegister (JmxRegister.java:unregister(73)) - Successfully un-registered JMX Bean with object name Ratis:service=RaftServer,group=group-32F6425A782A,id=4afd2ab1-ec40-4403-b668-2a355860e883
2019-09-10 13:05:22,367 [ForkJoinPool.commonPool-worker-0] INFO  impl.RoleInfo (RoleInfo.java:shutdownFollowerState(121)) - 4afd2ab1-ec40-4403-b668-2a355860e883: shutdown FollowerState
2019-09-10 13:05:22,367 [ForkJoinPool.commonPool-worker-0] INFO  impl.StateMachineUpdater (StateMachineUpdater.java:stopAndJoin(115)) - StateMachineUpdater:4afd2ab1-ec40-4403-b668-2a355860e883:group-32F6425A782A: set stopIndex = 0
2019-09-10 13:05:22,367 [Thread-834] INFO  impl.FollowerState (FollowerState.java:run(114)) - 4afd2ab1-ec40-4403-b668-2a355860e883: FollowerState was interrupted: java.lang.InterruptedException: sleep interrupted
2019-09-10 13:05:22,368 [ForkJoinPool.commonPool-worker-0] INFO  impl.RaftServerImpl (ServerState.java:close(394)) - 4afd2ab1-ec40-4403-b668-2a355860e883:group-32F6425A782A closes. The last applied log index is 0
2019-09-10 13:05:22,368 [4afd2ab1-ec40-4403-b668-2a355860e883-SegmentedRaftLogWorker:Storage Directory /workdir/hadoop-ozone/integration-test/target/test-dir/MiniOzoneClusterImpl-74450ed2-7f0c-43e6-83a9-4ec0eb8ed3d0/datanode-0/data/ratis/d296be83-1642-46b5-8ec7-32f6425a782a] INFO  segmented.SegmentedRaftLogWorker (SegmentedRaftLogWorker.java:run(313)) - 4afd2ab1-ec40-4403-b668-2a355860e883-SegmentedRaftLogWorker:Storage Directory /workdir/hadoop-ozone/integration-test/target/test-dir/MiniOzoneClusterImpl-74450ed2-7f0c-43e6-83a9-4ec0eb8ed3d0/datanode-0/data/ratis/d296be83-1642-46b5-8ec7-32f6425a782a was interrupted, exiting. There are 0 tasks remaining in the queue.
2019-09-10 13:05:22,371 [ForkJoinPool.commonPool-worker-0] INFO  segmented.SegmentedRaftLogWorker (SegmentedRaftLogWorker.java:close(228)) - 4afd2ab1-ec40-4403-b668-2a355860e883-SegmentedRaftLogWorker:Storage Directory /workdir/hadoop-ozone/integration-test/target/test-dir/MiniOzoneClusterImpl-74450ed2-7f0c-43e6-83a9-4ec0eb8ed3d0/datanode-0/data/ratis/d296be83-1642-46b5-8ec7-32f6425a782a close()
2019-09-10 13:05:22,373 [ForkJoinPool.commonPool-worker-0] INFO  impl.RaftServerImpl (RaftServerImpl.java:lambda$shutdown$3(245)) - 4afd2ab1-ec40-4403-b668-2a355860e883: shutdown group-C303B373F8A0
2019-09-10 13:05:22,373 [ForkJoinPool.commonPool-worker-0] INFO  util.JmxRegister (JmxRegister.java:unregister(73)) - Successfully un-registered JMX Bean with object name Ratis:service=RaftServer,group=group-C303B373F8A0,id=4afd2ab1-ec40-4403-b668-2a355860e883
2019-09-10 13:05:22,374 [ForkJoinPool.commonPool-worker-0] INFO  impl.RoleInfo (RoleInfo.java:shutdownLeaderState(104)) - 4afd2ab1-ec40-4403-b668-2a355860e883: shutdown LeaderState
2019-09-10 13:05:22,374 [ForkJoinPool.commonPool-worker-0] INFO  impl.PendingRequests (PendingRequests.java:sendNotLeaderResponses(202)) - 4afd2ab1-ec40-4403-b668-2a355860e883-PendingRequests: sendNotLeaderResponses
2019-09-10 13:05:22,374 [ForkJoinPool.commonPool-worker-0] INFO  impl.StateMachineUpdater (StateMachineUpdater.java:stopAndJoin(115)) - StateMachineUpdater:4afd2ab1-ec40-4403-b668-2a355860e883:group-C303B373F8A0: set stopIndex = 0
2019-09-10 13:05:22,375 [ForkJoinPool.commonPool-worker-0] INFO  impl.RaftServerImpl (ServerState.java:close(394)) - 4afd2ab1-ec40-4403-b668-2a355860e883:group-C303B373F8A0 closes. The last applied log index is 0
2019-09-10 13:05:22,375 [4afd2ab1-ec40-4403-b668-2a355860e883-SegmentedRaftLogWorker:Storage Directory /workdir/hadoop-ozone/integration-test/target/test-dir/MiniOzoneClusterImpl-74450ed2-7f0c-43e6-83a9-4ec0eb8ed3d0/datanode-0/data/ratis/3cbc020c-1a14-4386-bc1a-c303b373f8a0] INFO  segmented.SegmentedRaftLogWorker (SegmentedRaftLogWorker.java:run(313)) - 4afd2ab1-ec40-4403-b668-2a355860e883-SegmentedRaftLogWorker:Storage Directory /workdir/hadoop-ozone/integration-test/target/test-dir/MiniOzoneClusterImpl-74450ed2-7f0c-43e6-83a9-4ec0eb8ed3d0/datanode-0/data/ratis/3cbc020c-1a14-4386-bc1a-c303b373f8a0 was interrupted, exiting. There are 0 tasks remaining in the queue.
2019-09-10 13:05:22,377 [ForkJoinPool.commonPool-worker-0] INFO  segmented.SegmentedRaftLogWorker (SegmentedRaftLogWorker.java:close(228)) - 4afd2ab1-ec40-4403-b668-2a355860e883-SegmentedRaftLogWorker:Storage Directory /workdir/hadoop-ozone/integration-test/target/test-dir/MiniOzoneClusterImpl-74450ed2-7f0c-43e6-83a9-4ec0eb8ed3d0/datanode-0/data/ratis/3cbc020c-1a14-4386-bc1a-c303b373f8a0 close()
2019-09-10 13:05:22,387 [ForkJoinPool.commonPool-worker-0] INFO  server.GrpcService (GrpcService.java:closeImpl(155)) - 4afd2ab1-ec40-4403-b668-2a355860e883: shutdown server with port 32970 now
2019-09-10 13:05:22,388 [ForkJoinPool.commonPool-worker-0] INFO  server.GrpcService (GrpcService.java:closeImpl(163)) - 4afd2ab1-ec40-4403-b668-2a355860e883: shutdown server with port 32970 successfully
2019-09-10 13:05:22,393 [ForkJoinPool.commonPool-worker-0] INFO  utils.BackgroundService (BackgroundService.java:shutdown(148)) - Shutting down service BlockDeletingService
2019-09-10 13:05:22,396 [main] INFO  ozoneimpl.OzoneContainer (OzoneContainer.java:stop(199)) - Attempting to stop container services.
2019-09-10 13:05:22,398 [refreshUsed-/workdir/hadoop-ozone/integration-test/target/test-dir/MiniOzoneClusterImpl-74450ed2-7f0c-43e6-83a9-4ec0eb8ed3d0/datanode-0/data/containers] WARN  fs.CachingGetSpaceUsed (CachingGetSpaceUsed.java:run(183)) - Thread Interrupted waiting to refresh disk information: sleep interrupted
2019-09-10 13:05:22,398 [main] INFO  impl.RaftServerProxy (RaftServerProxy.java:lambda$close$4(314)) - 51f7194d-0b6e-44ce-bfd4-93c34be99c19: close
2019-09-10 13:05:22,399 [main] INFO  impl.RaftServerImpl (RaftServerImpl.java:lambda$shutdown$3(245)) - 51f7194d-0b6e-44ce-bfd4-93c34be99c19: shutdown group-2943B4E0054E
2019-09-10 13:05:22,399 [main] INFO  util.JmxRegister (JmxRegister.java:unregister(73)) - Successfully un-registered JMX Bean with object name Ratis:service=RaftServer,group=group-2943B4E0054E,id=51f7194d-0b6e-44ce-bfd4-93c34be99c19
2019-09-10 13:05:22,400 [main] INFO  impl.RoleInfo (RoleInfo.java:shutdownLeaderState(104)) - 51f7194d-0b6e-44ce-bfd4-93c34be99c19: shutdown LeaderState
2019-09-10 13:05:22,400 [main] INFO  impl.PendingRequests (PendingRequests.java:sendNotLeaderResponses(202)) - 51f7194d-0b6e-44ce-bfd4-93c34be99c19-PendingRequests: sendNotLeaderResponses
2019-09-10 13:05:22,401 [main] INFO  impl.StateMachineUpdater (StateMachineUpdater.java:stopAndJoin(115)) - StateMachineUpdater:51f7194d-0b6e-44ce-bfd4-93c34be99c19:group-2943B4E0054E: set stopIndex = 0
2019-09-10 13:05:22,401 [main] INFO  impl.RaftServerImpl (ServerState.java:close(394)) - 51f7194d-0b6e-44ce-bfd4-93c34be99c19:group-2943B4E0054E closes. The last applied log index is 0
2019-09-10 13:05:22,402 [51f7194d-0b6e-44ce-bfd4-93c34be99c19-SegmentedRaftLogWorker:Storage Directory /workdir/hadoop-ozone/integration-test/target/test-dir/MiniOzoneClusterImpl-74450ed2-7f0c-43e6-83a9-4ec0eb8ed3d0/datanode-6/data/ratis/01cab14b-eed4-496b-a3f8-2943b4e0054e] INFO  segmented.SegmentedRaftLogWorker (SegmentedRaftLogWorker.java:run(313)) - 51f7194d-0b6e-44ce-bfd4-93c34be99c19-SegmentedRaftLogWorker:Storage Directory /workdir/hadoop-ozone/integration-test/target/test-dir/MiniOzoneClusterImpl-74450ed2-7f0c-43e6-83a9-4ec0eb8ed3d0/datanode-6/data/ratis/01cab14b-eed4-496b-a3f8-2943b4e0054e was interrupted, exiting. There are 0 tasks remaining in the queue.
2019-09-10 13:05:22,403 [main] INFO  segmented.SegmentedRaftLogWorker (SegmentedRaftLogWorker.java:close(228)) - 51f7194d-0b6e-44ce-bfd4-93c34be99c19-SegmentedRaftLogWorker:Storage Directory /workdir/hadoop-ozone/integration-test/target/test-dir/MiniOzoneClusterImpl-74450ed2-7f0c-43e6-83a9-4ec0eb8ed3d0/datanode-6/data/ratis/01cab14b-eed4-496b-a3f8-2943b4e0054e close()
2019-09-10 13:05:22,403 [main] INFO  server.GrpcService (GrpcService.java:closeImpl(155)) - 51f7194d-0b6e-44ce-bfd4-93c34be99c19: shutdown server with port 37073 now
2019-09-10 13:05:22,405 [main] INFO  server.GrpcService (GrpcService.java:closeImpl(163)) - 51f7194d-0b6e-44ce-bfd4-93c34be99c19: shutdown server with port 37073 successfully
2019-09-10 13:05:22,409 [main] INFO  utils.BackgroundService (BackgroundService.java:shutdown(148)) - Shutting down service BlockDeletingService
2019-09-10 13:05:22,413 [refreshUsed-/workdir/hadoop-ozone/integration-test/target/test-dir/MiniOzoneClusterImpl-74450ed2-7f0c-43e6-83a9-4ec0eb8ed3d0/datanode-6/data/containers] WARN  fs.CachingGetSpaceUsed (CachingGetSpaceUsed.java:run(183)) - Thread Interrupted waiting to refresh disk information: sleep interrupted
2019-09-10 13:05:22,424 [ForkJoinPool.commonPool-worker-0] INFO  statemachine.DatanodeStateMachine (DatanodeStateMachine.java:stopDaemon(395)) - Ozone container server stopped.
2019-09-10 13:05:22,428 [ForkJoinPool.commonPool-worker-0] INFO  handler.ContextHandler (ContextHandler.java:doStop(910)) - Stopped o.e.j.w.WebAppContext@30358dc7{/,null,UNAVAILABLE}{/hddsDatanode}
2019-09-10 13:05:22,429 [ForkJoinPool.commonPool-worker-0] INFO  server.AbstractConnector (AbstractConnector.java:doStop(318)) - Stopped ServerConnector@7fac18dc{HTTP/1.1,[http/1.1]}{0.0.0.0:0}
2019-09-10 13:05:22,433 [ForkJoinPool.commonPool-worker-0] INFO  handler.ContextHandler (ContextHandler.java:doStop(910)) - Stopped o.e.j.s.ServletContextHandler@50de907a{/static,jar:file:/home/user/.m2/repository/org/apache/hadoop/hadoop-hdds-container-service/0.5.0-SNAPSHOT/hadoop-hdds-container-service-0.5.0-SNAPSHOT.jar!/webapps/static,UNAVAILABLE}
2019-09-10 13:05:22,434 [ForkJoinPool.commonPool-worker-0] INFO  handler.ContextHandler (ContextHandler.java:doStop(910)) - Stopped o.e.j.s.ServletContextHandler@12214f2f{/logs,file:///workdir/hadoop-ozone/integration-test/target/log,UNAVAILABLE}
2019-09-10 13:05:22,436 [ForkJoinPool.commonPool-worker-0] INFO  datanode.ObjectStoreHandler (ObjectStoreHandler.java:close(155)) - Closing ObjectStoreHandler.
2019-09-10 13:05:22,436 [ForkJoinPool.commonPool-worker-0] INFO  ozone.HddsDatanodeService (HddsDatanodeService.java:stop(451)) - Stopped plug-in org.apache.hadoop.ozone.web.OzoneHddsDatanodeService@4feec184
2019-09-10 13:05:22,441 [main] INFO  statemachine.DatanodeStateMachine (DatanodeStateMachine.java:stopDaemon(395)) - Ozone container server stopped.
2019-09-10 13:05:22,442 [main] INFO  handler.ContextHandler (ContextHandler.java:doStop(910)) - Stopped o.e.j.w.WebAppContext@729d6ee2{/,null,UNAVAILABLE}{/hddsDatanode}
2019-09-10 13:05:22,443 [main] INFO  server.AbstractConnector (AbstractConnector.java:doStop(318)) - Stopped ServerConnector@4adcc981{HTTP/1.1,[http/1.1]}{0.0.0.0:0}
2019-09-10 13:05:22,444 [main] INFO  handler.ContextHandler (ContextHandler.java:doStop(910)) - Stopped o.e.j.s.ServletContextHandler@3063be68{/static,jar:file:/home/user/.m2/repository/org/apache/hadoop/hadoop-hdds-container-service/0.5.0-SNAPSHOT/hadoop-hdds-container-service-0.5.0-SNAPSHOT.jar!/webapps/static,UNAVAILABLE}
2019-09-10 13:05:22,444 [main] INFO  handler.ContextHandler (ContextHandler.java:doStop(910)) - Stopped o.e.j.s.ServletContextHandler@50e8ed74{/logs,file:///workdir/hadoop-ozone/integration-test/target/log,UNAVAILABLE}
2019-09-10 13:05:22,625 [Datanode State Machine Thread - 0] INFO  statemachine.DatanodeStateMachine (DatanodeStateMachine.java:lambda$startDaemon$0(350)) - Ozone container server started.
2019-09-10 13:05:25,386 [Thread-1835] INFO  impl.FollowerState (FollowerState.java:run(106)) - 80892ce7-83f5-4ca2-be8c-d0fb582c0dda:group-59B8B6051EC0 changes to CANDIDATE, lastRpcTime:5160, electionTimeout:5160ms
2019-09-10 13:05:25,386 [Thread-1835] INFO  impl.RoleInfo (RoleInfo.java:shutdownFollowerState(121)) - 80892ce7-83f5-4ca2-be8c-d0fb582c0dda: shutdown FollowerState
2019-09-10 13:05:25,387 [Thread-1835] INFO  impl.RaftServerImpl (RaftServerImpl.java:setRole(171)) - 80892ce7-83f5-4ca2-be8c-d0fb582c0dda:group-59B8B6051EC0 changes role from FOLLOWER to CANDIDATE at term 3 for changeToCandidate
2019-09-10 13:05:25,387 [Thread-1835] INFO  impl.RoleInfo (RoleInfo.java:updateAndGet(143)) - 80892ce7-83f5-4ca2-be8c-d0fb582c0dda: start LeaderElection
2019-09-10 13:05:25,405 [80892ce7-83f5-4ca2-be8c-d0fb582c0dda:group-59B8B6051EC0:LeaderElection35] INFO  impl.LeaderElection (LeaderElection.java:askForVotes(181)) - 80892ce7-83f5-4ca2-be8c-d0fb582c0dda:group-59B8B6051EC0:LeaderElection35: begin an election at term 4 for 0: [80892ce7-83f5-4ca2-be8c-d0fb582c0dda:192.168.5.153:45229, 677e3d93-3467-4860-9bf6-0d2ba46507f3:192.168.5.153:41781, 5133bb85-d112-43d0-b51c-6140e4ebc540:192.168.5.153:45692], old=null
2019-09-10 13:05:25,407 [80892ce7-83f5-4ca2-be8c-d0fb582c0dda:group-59B8B6051EC0:LeaderElection35] INFO  impl.LeaderElection (LogUtils.java:infoOrTrace(149)) - 80892ce7-83f5-4ca2-be8c-d0fb582c0dda:group-59B8B6051EC0:LeaderElection35 got exception when requesting votes: {}
java.util.concurrent.ExecutionException: org.apache.ratis.thirdparty.io.grpc.StatusRuntimeException: UNAVAILABLE: io exception
	at java.util.concurrent.FutureTask.report(FutureTask.java:122)
	at java.util.concurrent.FutureTask.get(FutureTask.java:192)
	at org.apache.ratis.server.impl.LeaderElection.waitForResults(LeaderElection.java:262)
	at org.apache.ratis.server.impl.LeaderElection.askForVotes(LeaderElection.java:200)
	at org.apache.ratis.server.impl.LeaderElection.run(LeaderElection.java:130)
	at java.lang.Thread.run(Thread.java:748)
Caused by: org.apache.ratis.thirdparty.io.grpc.StatusRuntimeException: UNAVAILABLE: io exception
	at org.apache.ratis.thirdparty.io.grpc.stub.ClientCalls.toStatusRuntimeException(ClientCalls.java:233)
	at org.apache.ratis.thirdparty.io.grpc.stub.ClientCalls.getUnchecked(ClientCalls.java:214)
	at org.apache.ratis.thirdparty.io.grpc.stub.ClientCalls.blockingUnaryCall(ClientCalls.java:139)
	at org.apache.ratis.proto.grpc.RaftServerProtocolServiceGrpc$RaftServerProtocolServiceBlockingStub.requestVote(RaftServerProtocolServiceGrpc.java:265)
	at org.apache.ratis.grpc.server.GrpcServerProtocolClient.requestVote(GrpcServerProtocolClient.java:83)
	at org.apache.ratis.grpc.server.GrpcService.requestVote(GrpcService.java:195)
	at org.apache.ratis.server.impl.LeaderElection.lambda$submitRequests$1(LeaderElection.java:237)
	at java.util.concurrent.FutureTask.run(FutureTask.java:266)
	at java.util.concurrent.Executors$RunnableAdapter.call(Executors.java:511)
	at java.util.concurrent.FutureTask.run(FutureTask.java:266)
	at java.util.concurrent.ThreadPoolExecutor.runWorker(ThreadPoolExecutor.java:1149)
	at java.util.concurrent.ThreadPoolExecutor$Worker.run(ThreadPoolExecutor.java:624)
	... 1 more
Caused by: org.apache.ratis.thirdparty.io.netty.channel.AbstractChannel$AnnotatedConnectException: Connection refused: /192.168.5.153:45692
	at sun.nio.ch.SocketChannelImpl.checkConnect(Native Method)
	at sun.nio.ch.SocketChannelImpl.finishConnect(SocketChannelImpl.java:717)
	at org.apache.ratis.thirdparty.io.netty.channel.socket.nio.NioSocketChannel.doFinishConnect(NioSocketChannel.java:327)
	at org.apache.ratis.thirdparty.io.netty.channel.nio.AbstractNioChannel$AbstractNioUnsafe.finishConnect(AbstractNioChannel.java:340)
	at org.apache.ratis.thirdparty.io.netty.channel.nio.NioEventLoop.processSelectedKey(NioEventLoop.java:632)
	at org.apache.ratis.thirdparty.io.netty.channel.nio.NioEventLoop.processSelectedKeysOptimized(NioEventLoop.java:579)
	at org.apache.ratis.thirdparty.io.netty.channel.nio.NioEventLoop.processSelectedKeys(NioEventLoop.java:496)
	at org.apache.ratis.thirdparty.io.netty.channel.nio.NioEventLoop.run(NioEventLoop.java:458)
	at org.apache.ratis.thirdparty.io.netty.util.concurrent.SingleThreadEventExecutor$5.run(SingleThreadEventExecutor.java:897)
	at org.apache.ratis.thirdparty.io.netty.util.concurrent.FastThreadLocalRunnable.run(FastThreadLocalRunnable.java:30)
	... 1 more
Caused by: java.net.ConnectException: Connection refused
	... 11 more
2019-09-10 13:05:25,408 [80892ce7-83f5-4ca2-be8c-d0fb582c0dda:group-59B8B6051EC0:LeaderElection35] INFO  impl.LeaderElection (LogUtils.java:infoOrTrace(149)) - 80892ce7-83f5-4ca2-be8c-d0fb582c0dda:group-59B8B6051EC0:LeaderElection35 got exception when requesting votes: {}
java.util.concurrent.ExecutionException: org.apache.ratis.thirdparty.io.grpc.StatusRuntimeException: UNAVAILABLE: io exception
	at java.util.concurrent.FutureTask.report(FutureTask.java:122)
	at java.util.concurrent.FutureTask.get(FutureTask.java:192)
	at org.apache.ratis.server.impl.LeaderElection.waitForResults(LeaderElection.java:262)
	at org.apache.ratis.server.impl.LeaderElection.askForVotes(LeaderElection.java:200)
	at org.apache.ratis.server.impl.LeaderElection.run(LeaderElection.java:130)
	at java.lang.Thread.run(Thread.java:748)
Caused by: org.apache.ratis.thirdparty.io.grpc.StatusRuntimeException: UNAVAILABLE: io exception
	at org.apache.ratis.thirdparty.io.grpc.stub.ClientCalls.toStatusRuntimeException(ClientCalls.java:233)
	at org.apache.ratis.thirdparty.io.grpc.stub.ClientCalls.getUnchecked(ClientCalls.java:214)
	at org.apache.ratis.thirdparty.io.grpc.stub.ClientCalls.blockingUnaryCall(ClientCalls.java:139)
	at org.apache.ratis.proto.grpc.RaftServerProtocolServiceGrpc$RaftServerProtocolServiceBlockingStub.requestVote(RaftServerProtocolServiceGrpc.java:265)
	at org.apache.ratis.grpc.server.GrpcServerProtocolClient.requestVote(GrpcServerProtocolClient.java:83)
	at org.apache.ratis.grpc.server.GrpcService.requestVote(GrpcService.java:195)
	at org.apache.ratis.server.impl.LeaderElection.lambda$submitRequests$1(LeaderElection.java:237)
	at java.util.concurrent.FutureTask.run(FutureTask.java:266)
	at java.util.concurrent.Executors$RunnableAdapter.call(Executors.java:511)
	at java.util.concurrent.FutureTask.run(FutureTask.java:266)
	at java.util.concurrent.ThreadPoolExecutor.runWorker(ThreadPoolExecutor.java:1149)
	at java.util.concurrent.ThreadPoolExecutor$Worker.run(ThreadPoolExecutor.java:624)
	... 1 more
Caused by: org.apache.ratis.thirdparty.io.netty.channel.AbstractChannel$AnnotatedConnectException: Connection refused: /192.168.5.153:41781
	at sun.nio.ch.SocketChannelImpl.checkConnect(Native Method)
	at sun.nio.ch.SocketChannelImpl.finishConnect(SocketChannelImpl.java:717)
	at org.apache.ratis.thirdparty.io.netty.channel.socket.nio.NioSocketChannel.doFinishConnect(NioSocketChannel.java:327)
	at org.apache.ratis.thirdparty.io.netty.channel.nio.AbstractNioChannel$AbstractNioUnsafe.finishConnect(AbstractNioChannel.java:340)
	at org.apache.ratis.thirdparty.io.netty.channel.nio.NioEventLoop.processSelectedKey(NioEventLoop.java:632)
	at org.apache.ratis.thirdparty.io.netty.channel.nio.NioEventLoop.processSelectedKeysOptimized(NioEventLoop.java:579)
	at org.apache.ratis.thirdparty.io.netty.channel.nio.NioEventLoop.processSelectedKeys(NioEventLoop.java:496)
	at org.apache.ratis.thirdparty.io.netty.channel.nio.NioEventLoop.run(NioEventLoop.java:458)
	at org.apache.ratis.thirdparty.io.netty.util.concurrent.SingleThreadEventExecutor$5.run(SingleThreadEventExecutor.java:897)
	at org.apache.ratis.thirdparty.io.netty.util.concurrent.FastThreadLocalRunnable.run(FastThreadLocalRunnable.java:30)
	... 1 more
Caused by: java.net.ConnectException: Connection refused
	... 11 more
2019-09-10 13:05:25,410 [80892ce7-83f5-4ca2-be8c-d0fb582c0dda:group-59B8B6051EC0:LeaderElection35] INFO  impl.LeaderElection (LeaderElection.java:logAndReturn(56)) - 80892ce7-83f5-4ca2-be8c-d0fb582c0dda:group-59B8B6051EC0:LeaderElection35: Election REJECTED; received 0 response(s) [] and 2 exception(s); 80892ce7-83f5-4ca2-be8c-d0fb582c0dda:t4, leader=null, voted=80892ce7-83f5-4ca2-be8c-d0fb582c0dda, raftlog=80892ce7-83f5-4ca2-be8c-d0fb582c0dda-SegmentedRaftLog:OPENED:c8,f8,i8, conf=0: [80892ce7-83f5-4ca2-be8c-d0fb582c0dda:192.168.5.153:45229, 677e3d93-3467-4860-9bf6-0d2ba46507f3:192.168.5.153:41781, 5133bb85-d112-43d0-b51c-6140e4ebc540:192.168.5.153:45692], old=null
2019-09-10 13:05:25,410 [80892ce7-83f5-4ca2-be8c-d0fb582c0dda:group-59B8B6051EC0:LeaderElection35] INFO  impl.LeaderElection (LogUtils.java:infoOrTrace(149)) -   Exception 0: {}
java.util.concurrent.ExecutionException: org.apache.ratis.thirdparty.io.grpc.StatusRuntimeException: UNAVAILABLE: io exception
	at java.util.concurrent.FutureTask.report(FutureTask.java:122)
	at java.util.concurrent.FutureTask.get(FutureTask.java:192)
	at org.apache.ratis.server.impl.LeaderElection.waitForResults(LeaderElection.java:262)
	at org.apache.ratis.server.impl.LeaderElection.askForVotes(LeaderElection.java:200)
	at org.apache.ratis.server.impl.LeaderElection.run(LeaderElection.java:130)
	at java.lang.Thread.run(Thread.java:748)
Caused by: org.apache.ratis.thirdparty.io.grpc.StatusRuntimeException: UNAVAILABLE: io exception
	at org.apache.ratis.thirdparty.io.grpc.stub.ClientCalls.toStatusRuntimeException(ClientCalls.java:233)
	at org.apache.ratis.thirdparty.io.grpc.stub.ClientCalls.getUnchecked(ClientCalls.java:214)
	at org.apache.ratis.thirdparty.io.grpc.stub.ClientCalls.blockingUnaryCall(ClientCalls.java:139)
	at org.apache.ratis.proto.grpc.RaftServerProtocolServiceGrpc$RaftServerProtocolServiceBlockingStub.requestVote(RaftServerProtocolServiceGrpc.java:265)
	at org.apache.ratis.grpc.server.GrpcServerProtocolClient.requestVote(GrpcServerProtocolClient.java:83)
	at org.apache.ratis.grpc.server.GrpcService.requestVote(GrpcService.java:195)
	at org.apache.ratis.server.impl.LeaderElection.lambda$submitRequests$1(LeaderElection.java:237)
	at java.util.concurrent.FutureTask.run(FutureTask.java:266)
	at java.util.concurrent.Executors$RunnableAdapter.call(Executors.java:511)
	at java.util.concurrent.FutureTask.run(FutureTask.java:266)
	at java.util.concurrent.ThreadPoolExecutor.runWorker(ThreadPoolExecutor.java:1149)
	at java.util.concurrent.ThreadPoolExecutor$Worker.run(ThreadPoolExecutor.java:624)
	... 1 more
Caused by: org.apache.ratis.thirdparty.io.netty.channel.AbstractChannel$AnnotatedConnectException: Connection refused: /192.168.5.153:45692
	at sun.nio.ch.SocketChannelImpl.checkConnect(Native Method)
	at sun.nio.ch.SocketChannelImpl.finishConnect(SocketChannelImpl.java:717)
	at org.apache.ratis.thirdparty.io.netty.channel.socket.nio.NioSocketChannel.doFinishConnect(NioSocketChannel.java:327)
	at org.apache.ratis.thirdparty.io.netty.channel.nio.AbstractNioChannel$AbstractNioUnsafe.finishConnect(AbstractNioChannel.java:340)
	at org.apache.ratis.thirdparty.io.netty.channel.nio.NioEventLoop.processSelectedKey(NioEventLoop.java:632)
	at org.apache.ratis.thirdparty.io.netty.channel.nio.NioEventLoop.processSelectedKeysOptimized(NioEventLoop.java:579)
	at org.apache.ratis.thirdparty.io.netty.channel.nio.NioEventLoop.processSelectedKeys(NioEventLoop.java:496)
	at org.apache.ratis.thirdparty.io.netty.channel.nio.NioEventLoop.run(NioEventLoop.java:458)
	at org.apache.ratis.thirdparty.io.netty.util.concurrent.SingleThreadEventExecutor$5.run(SingleThreadEventExecutor.java:897)
	at org.apache.ratis.thirdparty.io.netty.util.concurrent.FastThreadLocalRunnable.run(FastThreadLocalRunnable.java:30)
	... 1 more
Caused by: java.net.ConnectException: Connection refused
	... 11 more
2019-09-10 13:05:25,410 [80892ce7-83f5-4ca2-be8c-d0fb582c0dda:group-59B8B6051EC0:LeaderElection35] INFO  impl.LeaderElection (LogUtils.java:infoOrTrace(149)) -   Exception 1: {}
java.util.concurrent.ExecutionException: org.apache.ratis.thirdparty.io.grpc.StatusRuntimeException: UNAVAILABLE: io exception
	at java.util.concurrent.FutureTask.report(FutureTask.java:122)
	at java.util.concurrent.FutureTask.get(FutureTask.java:192)
	at org.apache.ratis.server.impl.LeaderElection.waitForResults(LeaderElection.java:262)
	at org.apache.ratis.server.impl.LeaderElection.askForVotes(LeaderElection.java:200)
	at org.apache.ratis.server.impl.LeaderElection.run(LeaderElection.java:130)
	at java.lang.Thread.run(Thread.java:748)
Caused by: org.apache.ratis.thirdparty.io.grpc.StatusRuntimeException: UNAVAILABLE: io exception
	at org.apache.ratis.thirdparty.io.grpc.stub.ClientCalls.toStatusRuntimeException(ClientCalls.java:233)
	at org.apache.ratis.thirdparty.io.grpc.stub.ClientCalls.getUnchecked(ClientCalls.java:214)
	at org.apache.ratis.thirdparty.io.grpc.stub.ClientCalls.blockingUnaryCall(ClientCalls.java:139)
	at org.apache.ratis.proto.grpc.RaftServerProtocolServiceGrpc$RaftServerProtocolServiceBlockingStub.requestVote(RaftServerProtocolServiceGrpc.java:265)
	at org.apache.ratis.grpc.server.GrpcServerProtocolClient.requestVote(GrpcServerProtocolClient.java:83)
	at org.apache.ratis.grpc.server.GrpcService.requestVote(GrpcService.java:195)
	at org.apache.ratis.server.impl.LeaderElection.lambda$submitRequests$1(LeaderElection.java:237)
	at java.util.concurrent.FutureTask.run(FutureTask.java:266)
	at java.util.concurrent.Executors$RunnableAdapter.call(Executors.java:511)
	at java.util.concurrent.FutureTask.run(FutureTask.java:266)
	at java.util.concurrent.ThreadPoolExecutor.runWorker(ThreadPoolExecutor.java:1149)
	at java.util.concurrent.ThreadPoolExecutor$Worker.run(ThreadPoolExecutor.java:624)
	... 1 more
Caused by: org.apache.ratis.thirdparty.io.netty.channel.AbstractChannel$AnnotatedConnectException: Connection refused: /192.168.5.153:41781
	at sun.nio.ch.SocketChannelImpl.checkConnect(Native Method)
	at sun.nio.ch.SocketChannelImpl.finishConnect(SocketChannelImpl.java:717)
	at org.apache.ratis.thirdparty.io.netty.channel.socket.nio.NioSocketChannel.doFinishConnect(NioSocketChannel.java:327)
	at org.apache.ratis.thirdparty.io.netty.channel.nio.AbstractNioChannel$AbstractNioUnsafe.finishConnect(AbstractNioChannel.java:340)
	at org.apache.ratis.thirdparty.io.netty.channel.nio.NioEventLoop.processSelectedKey(NioEventLoop.java:632)
	at org.apache.ratis.thirdparty.io.netty.channel.nio.NioEventLoop.processSelectedKeysOptimized(NioEventLoop.java:579)
	at org.apache.ratis.thirdparty.io.netty.channel.nio.NioEventLoop.processSelectedKeys(NioEventLoop.java:496)
	at org.apache.ratis.thirdparty.io.netty.channel.nio.NioEventLoop.run(NioEventLoop.java:458)
	at org.apache.ratis.thirdparty.io.netty.util.concurrent.SingleThreadEventExecutor$5.run(SingleThreadEventExecutor.java:897)
	at org.apache.ratis.thirdparty.io.netty.util.concurrent.FastThreadLocalRunnable.run(FastThreadLocalRunnable.java:30)
	... 1 more
Caused by: java.net.ConnectException: Connection refused
	... 11 more
2019-09-10 13:05:25,411 [80892ce7-83f5-4ca2-be8c-d0fb582c0dda:group-59B8B6051EC0:LeaderElection35] INFO  impl.RaftServerImpl (RaftServerImpl.java:setRole(171)) - 80892ce7-83f5-4ca2-be8c-d0fb582c0dda:group-59B8B6051EC0 changes role from CANDIDATE to FOLLOWER at term 4 for DISCOVERED_A_NEW_TERM
2019-09-10 13:05:25,411 [80892ce7-83f5-4ca2-be8c-d0fb582c0dda:group-59B8B6051EC0:LeaderElection35] INFO  impl.RoleInfo (RoleInfo.java:shutdownLeaderElection(134)) - 80892ce7-83f5-4ca2-be8c-d0fb582c0dda: shutdown LeaderElection
2019-09-10 13:05:25,411 [80892ce7-83f5-4ca2-be8c-d0fb582c0dda:group-59B8B6051EC0:LeaderElection35] INFO  impl.RoleInfo (RoleInfo.java:updateAndGet(143)) - 80892ce7-83f5-4ca2-be8c-d0fb582c0dda: start FollowerState
2019-09-10 13:05:27,437 [ForkJoinPool.commonPool-worker-0] INFO  ozoneimpl.OzoneContainer (OzoneContainer.java:stop(199)) - Attempting to stop container services.
2019-09-10 13:05:27,438 [ForkJoinPool.commonPool-worker-0] INFO  impl.RaftServerProxy (RaftServerProxy.java:lambda$close$4(314)) - 80892ce7-83f5-4ca2-be8c-d0fb582c0dda: close
2019-09-10 13:05:27,438 [ForkJoinPool.commonPool-worker-0] INFO  impl.RaftServerImpl (RaftServerImpl.java:lambda$shutdown$3(245)) - 80892ce7-83f5-4ca2-be8c-d0fb582c0dda: shutdown group-B3289DAA560A
2019-09-10 13:05:27,438 [ForkJoinPool.commonPool-worker-0] INFO  util.JmxRegister (JmxRegister.java:unregister(73)) - Successfully un-registered JMX Bean with object name Ratis:service=RaftServer,group=group-B3289DAA560A,id=80892ce7-83f5-4ca2-be8c-d0fb582c0dda
2019-09-10 13:05:27,439 [ForkJoinPool.commonPool-worker-0] INFO  impl.RoleInfo (RoleInfo.java:shutdownLeaderState(104)) - 80892ce7-83f5-4ca2-be8c-d0fb582c0dda: shutdown LeaderState
2019-09-10 13:05:27,439 [ForkJoinPool.commonPool-worker-0] INFO  impl.PendingRequests (PendingRequests.java:sendNotLeaderResponses(202)) - 80892ce7-83f5-4ca2-be8c-d0fb582c0dda-PendingRequests: sendNotLeaderResponses
2019-09-10 13:05:27,439 [ForkJoinPool.commonPool-worker-0] INFO  impl.StateMachineUpdater (StateMachineUpdater.java:stopAndJoin(115)) - StateMachineUpdater:80892ce7-83f5-4ca2-be8c-d0fb582c0dda:group-B3289DAA560A: set stopIndex = 0
2019-09-10 13:05:27,440 [ForkJoinPool.commonPool-worker-0] INFO  impl.RaftServerImpl (ServerState.java:close(394)) - 80892ce7-83f5-4ca2-be8c-d0fb582c0dda:group-B3289DAA560A closes. The last applied log index is 0
2019-09-10 13:05:27,440 [80892ce7-83f5-4ca2-be8c-d0fb582c0dda-SegmentedRaftLogWorker:Storage Directory /workdir/hadoop-ozone/integration-test/target/test-dir/MiniOzoneClusterImpl-74450ed2-7f0c-43e6-83a9-4ec0eb8ed3d0/datanode-5/data/ratis/a3047abd-9c99-4a5e-b586-b3289daa560a] INFO  segmented.SegmentedRaftLogWorker (SegmentedRaftLogWorker.java:run(313)) - 80892ce7-83f5-4ca2-be8c-d0fb582c0dda-SegmentedRaftLogWorker:Storage Directory /workdir/hadoop-ozone/integration-test/target/test-dir/MiniOzoneClusterImpl-74450ed2-7f0c-43e6-83a9-4ec0eb8ed3d0/datanode-5/data/ratis/a3047abd-9c99-4a5e-b586-b3289daa560a was interrupted, exiting. There are 0 tasks remaining in the queue.
2019-09-10 13:05:27,441 [ForkJoinPool.commonPool-worker-0] INFO  segmented.SegmentedRaftLogWorker (SegmentedRaftLogWorker.java:close(228)) - 80892ce7-83f5-4ca2-be8c-d0fb582c0dda-SegmentedRaftLogWorker:Storage Directory /workdir/hadoop-ozone/integration-test/target/test-dir/MiniOzoneClusterImpl-74450ed2-7f0c-43e6-83a9-4ec0eb8ed3d0/datanode-5/data/ratis/a3047abd-9c99-4a5e-b586-b3289daa560a close()
2019-09-10 13:05:27,441 [ForkJoinPool.commonPool-worker-0] INFO  impl.RaftServerImpl (RaftServerImpl.java:lambda$shutdown$3(245)) - 80892ce7-83f5-4ca2-be8c-d0fb582c0dda: shutdown group-59B8B6051EC0
2019-09-10 13:05:27,442 [ForkJoinPool.commonPool-worker-0] INFO  util.JmxRegister (JmxRegister.java:unregister(73)) - Successfully un-registered JMX Bean with object name Ratis:service=RaftServer,group=group-59B8B6051EC0,id=80892ce7-83f5-4ca2-be8c-d0fb582c0dda
2019-09-10 13:05:27,442 [ForkJoinPool.commonPool-worker-0] INFO  impl.RoleInfo (RoleInfo.java:shutdownFollowerState(121)) - 80892ce7-83f5-4ca2-be8c-d0fb582c0dda: shutdown FollowerState
2019-09-10 13:05:27,442 [ForkJoinPool.commonPool-worker-0] INFO  impl.StateMachineUpdater (StateMachineUpdater.java:stopAndJoin(115)) - StateMachineUpdater:80892ce7-83f5-4ca2-be8c-d0fb582c0dda:group-59B8B6051EC0: set stopIndex = 8
2019-09-10 13:05:27,442 [Thread-1839] INFO  impl.FollowerState (FollowerState.java:run(114)) - 80892ce7-83f5-4ca2-be8c-d0fb582c0dda: FollowerState was interrupted: java.lang.InterruptedException: sleep interrupted
2019-09-10 13:05:27,442 [StateMachineUpdater:80892ce7-83f5-4ca2-be8c-d0fb582c0dda:group-59B8B6051EC0] INFO  ratis.ContainerStateMachine (ContainerStateMachine.java:takeSnapshot(283)) - group-59B8B6051EC0: Taking a snapshot at:(t:2, i:5) file /workdir/hadoop-ozone/integration-test/target/test-dir/MiniOzoneClusterImpl-74450ed2-7f0c-43e6-83a9-4ec0eb8ed3d0/datanode-5/data/ratis/a6481122-4911-464c-a6bc-59b8b6051ec0/sm/snapshot.2_5
2019-09-10 13:05:27,456 [StateMachineUpdater:80892ce7-83f5-4ca2-be8c-d0fb582c0dda:group-59B8B6051EC0] INFO  ratis.ContainerStateMachine (ContainerStateMachine.java:takeSnapshot(294)) - group-59B8B6051EC0: Finished taking a snapshot at:(t:2, i:5) file:/workdir/hadoop-ozone/integration-test/target/test-dir/MiniOzoneClusterImpl-74450ed2-7f0c-43e6-83a9-4ec0eb8ed3d0/datanode-5/data/ratis/a6481122-4911-464c-a6bc-59b8b6051ec0/sm/snapshot.2_5 time:14
2019-09-10 13:05:27,457 [StateMachineUpdater:80892ce7-83f5-4ca2-be8c-d0fb582c0dda:group-59B8B6051EC0] INFO  impl.StateMachineUpdater (StateMachineUpdater.java:takeSnapshot(242)) - StateMachineUpdater:80892ce7-83f5-4ca2-be8c-d0fb582c0dda:group-59B8B6051EC0: Took a snapshot at index 5
2019-09-10 13:05:27,457 [StateMachineUpdater:80892ce7-83f5-4ca2-be8c-d0fb582c0dda:group-59B8B6051EC0] INFO  impl.StateMachineUpdater (StateMachineUpdater.java:lambda$new$0(80)) - StateMachineUpdater:80892ce7-83f5-4ca2-be8c-d0fb582c0dda:group-59B8B6051EC0: snapshotIndex: updateIncreasingly -1 -> 5
2019-09-10 13:05:27,457 [ForkJoinPool.commonPool-worker-0] INFO  impl.RaftServerImpl (ServerState.java:close(394)) - 80892ce7-83f5-4ca2-be8c-d0fb582c0dda:group-59B8B6051EC0 closes. The last applied log index is 8
2019-09-10 13:05:27,458 [80892ce7-83f5-4ca2-be8c-d0fb582c0dda-SegmentedRaftLogWorker:Storage Directory /workdir/hadoop-ozone/integration-test/target/test-dir/MiniOzoneClusterImpl-74450ed2-7f0c-43e6-83a9-4ec0eb8ed3d0/datanode-5/data/ratis/a6481122-4911-464c-a6bc-59b8b6051ec0] INFO  segmented.SegmentedRaftLogWorker (SegmentedRaftLogWorker.java:run(313)) - 80892ce7-83f5-4ca2-be8c-d0fb582c0dda-SegmentedRaftLogWorker:Storage Directory /workdir/hadoop-ozone/integration-test/target/test-dir/MiniOzoneClusterImpl-74450ed2-7f0c-43e6-83a9-4ec0eb8ed3d0/datanode-5/data/ratis/a6481122-4911-464c-a6bc-59b8b6051ec0 was interrupted, exiting. There are 0 tasks remaining in the queue.
2019-09-10 13:05:27,458 [ForkJoinPool.commonPool-worker-0] INFO  segmented.SegmentedRaftLogWorker (SegmentedRaftLogWorker.java:close(228)) - 80892ce7-83f5-4ca2-be8c-d0fb582c0dda-SegmentedRaftLogWorker:Storage Directory /workdir/hadoop-ozone/integration-test/target/test-dir/MiniOzoneClusterImpl-74450ed2-7f0c-43e6-83a9-4ec0eb8ed3d0/datanode-5/data/ratis/a6481122-4911-464c-a6bc-59b8b6051ec0 close()
2019-09-10 13:05:27,458 [ForkJoinPool.commonPool-worker-0] INFO  server.GrpcService (GrpcService.java:closeImpl(155)) - 80892ce7-83f5-4ca2-be8c-d0fb582c0dda: shutdown server with port 45229 now
2019-09-10 13:05:27,459 [ForkJoinPool.commonPool-worker-0] INFO  server.GrpcService (GrpcService.java:closeImpl(163)) - 80892ce7-83f5-4ca2-be8c-d0fb582c0dda: shutdown server with port 45229 successfully
2019-09-10 13:05:27,460 [ForkJoinPool.commonPool-worker-0] INFO  utils.BackgroundService (BackgroundService.java:shutdown(148)) - Shutting down service BlockDeletingService
2019-09-10 13:05:27,462 [refreshUsed-/workdir/hadoop-ozone/integration-test/target/test-dir/MiniOzoneClusterImpl-74450ed2-7f0c-43e6-83a9-4ec0eb8ed3d0/datanode-5/data/containers] WARN  fs.CachingGetSpaceUsed (CachingGetSpaceUsed.java:run(183)) - Thread Interrupted waiting to refresh disk information: sleep interrupted
2019-09-10 13:05:27,480 [ForkJoinPool.commonPool-worker-0] INFO  statemachine.DatanodeStateMachine (DatanodeStateMachine.java:stopDaemon(395)) - Ozone container server stopped.
2019-09-10 13:05:27,483 [ForkJoinPool.commonPool-worker-0] INFO  handler.ContextHandler (ContextHandler.java:doStop(910)) - Stopped o.e.j.w.WebAppContext@736788b{/,null,UNAVAILABLE}{/hddsDatanode}
2019-09-10 13:05:27,483 [ForkJoinPool.commonPool-worker-0] INFO  server.AbstractConnector (AbstractConnector.java:doStop(318)) - Stopped ServerConnector@38968752{HTTP/1.1,[http/1.1]}{0.0.0.0:0}
2019-09-10 13:05:27,484 [ForkJoinPool.commonPool-worker-0] INFO  handler.ContextHandler (ContextHandler.java:doStop(910)) - Stopped o.e.j.s.ServletContextHandler@4be460e5{/static,jar:file:/home/user/.m2/repository/org/apache/hadoop/hadoop-hdds-container-service/0.5.0-SNAPSHOT/hadoop-hdds-container-service-0.5.0-SNAPSHOT.jar!/webapps/static,UNAVAILABLE}
2019-09-10 13:05:27,484 [ForkJoinPool.commonPool-worker-0] INFO  handler.ContextHandler (ContextHandler.java:doStop(910)) - Stopped o.e.j.s.ServletContextHandler@35d114f4{/logs,file:///workdir/hadoop-ozone/integration-test/target/log,UNAVAILABLE}
2019-09-10 13:05:27,485 [main] INFO  ozone.MiniOzoneClusterImpl (MiniOzoneClusterImpl.java:stop(353)) - Stopping the StorageContainerManager
2019-09-10 13:05:27,486 [main] INFO  server.StorageContainerManager (StorageContainerManager.java:stop(797)) - Stopping Replication Manager Service.
2019-09-10 13:05:27,486 [main] INFO  container.ReplicationManager (ReplicationManager.java:stop(192)) - Stopping Replication Monitor Thread.
2019-09-10 13:05:27,486 [main] INFO  server.StorageContainerManager (StorageContainerManager.java:stop(804)) - Stopping Lease Manager of the command watchers
2019-09-10 13:05:27,486 [main] INFO  server.StorageContainerManager (StorageContainerManager.java:stop(811)) - Stopping datanode service RPC server
2019-09-10 13:05:27,487 [main] INFO  server.SCMDatanodeProtocolServer (SCMDatanodeProtocolServer.java:stop(367)) - Stopping the RPC server for DataNodes
2019-09-10 13:05:27,487 [main] INFO  ipc.Server (Server.java:stop(3082)) - Stopping server on 41951
2019-09-10 13:05:27,489 [IPC Server listener on 41951] INFO  ipc.Server (Server.java:run(1185)) - Stopping IPC Server listener on 41951
2019-09-10 13:05:27,490 [IPC Server Responder] INFO  ipc.Server (Server.java:run(1319)) - Stopping IPC Server Responder
2019-09-10 13:05:27,579 [SCM Heartbeat Processing Thread - 0] WARN  node.NodeStateManager (NodeStateManager.java:scheduleNextHealthCheck(655)) - Current Thread is interrupted, shutting down HB processing thread for Node Manager.
2019-09-10 13:05:27,580 [main] INFO  server.StorageContainerManager (StorageContainerManager.java:stop(819)) - Stopping block service RPC server
2019-09-10 13:05:27,580 [main] INFO  server.SCMBlockProtocolServer (SCMBlockProtocolServer.java:stop(148)) - Stopping the RPC server for Block Protocol
2019-09-10 13:05:27,580 [main] INFO  ipc.Server (Server.java:stop(3082)) - Stopping server on 39533
2019-09-10 13:05:27,583 [IPC Server listener on 39533] INFO  ipc.Server (Server.java:run(1185)) - Stopping IPC Server listener on 39533
2019-09-10 13:05:27,583 [main] INFO  server.StorageContainerManager (StorageContainerManager.java:stop(826)) - Stopping the StorageContainerLocationProtocol RPC server
2019-09-10 13:05:27,584 [IPC Server Responder] INFO  ipc.Server (Server.java:run(1319)) - Stopping IPC Server Responder
2019-09-10 13:05:27,584 [main] INFO  server.SCMClientProtocolServer (SCMClientProtocolServer.java:stop(159)) - Stopping the RPC server for Client Protocol
2019-09-10 13:05:27,584 [main] INFO  ipc.Server (Server.java:stop(3082)) - Stopping server on 37919
2019-09-10 13:05:27,586 [IPC Server listener on 37919] INFO  ipc.Server (Server.java:run(1185)) - Stopping IPC Server listener on 37919
2019-09-10 13:05:27,587 [main] INFO  server.StorageContainerManager (StorageContainerManager.java:stop(833)) - Stopping Storage Container Manager HTTP server.
2019-09-10 13:05:27,588 [IPC Server Responder] INFO  ipc.Server (Server.java:run(1319)) - Stopping IPC Server Responder
2019-09-10 13:05:27,589 [main] INFO  handler.ContextHandler (ContextHandler.java:doStop(910)) - Stopped o.e.j.w.WebAppContext@40bf0e15{/,null,UNAVAILABLE}{/scm}
2019-09-10 13:05:27,589 [main] INFO  server.AbstractConnector (AbstractConnector.java:doStop(318)) - Stopped ServerConnector@2c77344f{HTTP/1.1,[http/1.1]}{0.0.0.0:0}
2019-09-10 13:05:27,590 [main] INFO  handler.ContextHandler (ContextHandler.java:doStop(910)) - Stopped o.e.j.s.ServletContextHandler@2dd3d39d{/static,file:///workdir/hadoop-ozone/integration-test/target/test-classes/webapps/static,UNAVAILABLE}
2019-09-10 13:05:27,590 [main] INFO  handler.ContextHandler (ContextHandler.java:doStop(910)) - Stopped o.e.j.s.ServletContextHandler@a2df0d5{/logs,file:///workdir/hadoop-ozone/integration-test/target/log,UNAVAILABLE}
2019-09-10 13:05:27,591 [main] INFO  server.StorageContainerManager (StorageContainerManager.java:stop(844)) - Stopping Block Manager Service.
2019-09-10 13:05:27,591 [main] INFO  utils.BackgroundService (BackgroundService.java:shutdown(148)) - Shutting down service SCMBlockDeletingService
2019-09-10 13:05:27,592 [main] INFO  utils.BackgroundService (BackgroundService.java:shutdown(148)) - Shutting down service SCMBlockDeletingService
2019-09-10 13:05:27,592 [main] INFO  server.StorageContainerManager (StorageContainerManager.java:stop(866)) - Stopping SCM Event Queue.
2019-09-10 13:05:27,596 [main] INFO  impl.MetricsSystemImpl (MetricsSystemImpl.java:stop(210)) - Stopping HddsDatanode metrics system...
2019-09-10 13:05:27,600 [main] INFO  impl.MetricsSystemImpl (MetricsSystemImpl.java:stop(216)) - HddsDatanode metrics system stopped.
]]></system-out>
    <system-err><![CDATA[Sep 10, 2019 12:59:47 PM com.sun.jersey.server.impl.application.WebApplicationImpl _initiate
INFO: Initiating Jersey application, version 'Jersey: 1.19 02/11/2015 03:25 AM'
Sep 10, 2019 12:59:47 PM com.sun.jersey.server.impl.application.WebApplicationImpl _initiate
INFO: Initiating Jersey application, version 'Jersey: 1.19 02/11/2015 03:25 AM'
Sep 10, 2019 12:59:48 PM com.sun.jersey.server.impl.application.WebApplicationImpl _initiate
INFO: Initiating Jersey application, version 'Jersey: 1.19 02/11/2015 03:25 AM'
Sep 10, 2019 12:59:48 PM com.sun.jersey.server.impl.application.WebApplicationImpl _initiate
INFO: Initiating Jersey application, version 'Jersey: 1.19 02/11/2015 03:25 AM'
Sep 10, 2019 12:59:48 PM com.sun.jersey.server.impl.application.WebApplicationImpl _initiate
INFO: Initiating Jersey application, version 'Jersey: 1.19 02/11/2015 03:25 AM'
Sep 10, 2019 12:59:49 PM com.sun.jersey.server.impl.application.WebApplicationImpl _initiate
INFO: Initiating Jersey application, version 'Jersey: 1.19 02/11/2015 03:25 AM'
Sep 10, 2019 12:59:49 PM com.sun.jersey.server.impl.application.WebApplicationImpl _initiate
INFO: Initiating Jersey application, version 'Jersey: 1.19 02/11/2015 03:25 AM'
]]></system-err>
  </testcase>
</testsuite>