<?xml version="1.0" encoding="UTF-8"?>
<testsuite xmlns:xsi="http://www.w3.org/2001/XMLSchema-instance" xsi:noNamespaceSchemaLocation="https://maven.apache.org/surefire/maven-surefire-plugin/xsd/surefire-test-report.xsd" name="org.apache.hadoop.ozone.client.rpc.TestBlockOutputStreamWithFailures" time="747.04" tests="8" errors="0" skipped="0" failures="1">
  <properties>
    <property name="awt.toolkit" value="sun.awt.X11.XToolkit"/>
    <property name="file.encoding.pkg" value="sun.io"/>
    <property name="java.specification.version" value="1.8"/>
    <property name="sun.cpu.isalist" value=""/>
    <property name="sun.jnu.encoding" value="UTF-8"/>
    <property name="java.class.path" value="/workdir/hadoop-ozone/integration-test/target/test-classes:/workdir/hadoop-ozone/integration-test/target/classes:/home/user/.m2/repository/org/apache/hadoop/hadoop-ozone-common/0.5.0-SNAPSHOT/hadoop-ozone-common-0.5.0-SNAPSHOT.jar:/home/user/.m2/repository/org/apache/commons/commons-compress/1.4.1/commons-compress-1.4.1.jar:/home/user/.m2/repository/org/tukaani/xz/1.0/xz-1.0.jar:/home/user/.m2/repository/org/apache/hadoop/hadoop-common/3.2.0/hadoop-common-3.2.0.jar:/home/user/.m2/repository/org/apache/hadoop/hadoop-hdfs/3.2.0/hadoop-hdfs-3.2.0.jar:/home/user/.m2/repository/org/apache/hadoop/hadoop-hdfs-client/3.2.0/hadoop-hdfs-client-3.2.0.jar:/home/user/.m2/repository/com/fasterxml/jackson/core/jackson-annotations/2.9.5/jackson-annotations-2.9.5.jar:/home/user/.m2/repository/org/apache/hadoop/hadoop-hdds-common/0.5.0-SNAPSHOT/hadoop-hdds-common-0.5.0-SNAPSHOT.jar:/home/user/.m2/repository/javax/annotation/javax.annotation-api/1.2/javax.annotation-api-1.2.jar:/home/user/.m2/repository/org/apache/ratis/ratis-server/0.4.0-2337318-SNAPSHOT/ratis-server-0.4.0-2337318-SNAPSHOT.jar:/home/user/.m2/repository/org/apache/ratis/ratis-thirdparty-misc/0.2.0/ratis-thirdparty-misc-0.2.0.jar:/home/user/.m2/repository/org/apache/ratis/ratis-proto/0.4.0-2337318-SNAPSHOT/ratis-proto-0.4.0-2337318-SNAPSHOT.jar:/home/user/.m2/repository/org/apache/ratis/ratis-common/0.4.0-2337318-SNAPSHOT/ratis-common-0.4.0-2337318-SNAPSHOT.jar:/home/user/.m2/repository/org/apache/ratis/ratis-client/0.4.0-2337318-SNAPSHOT/ratis-client-0.4.0-2337318-SNAPSHOT.jar:/home/user/.m2/repository/org/apache/ratis/ratis-metrics/0.4.0-2337318-SNAPSHOT/ratis-metrics-0.4.0-2337318-SNAPSHOT.jar:/home/user/.m2/repository/org/apache/ratis/ratis-netty/0.4.0-2337318-SNAPSHOT/ratis-netty-0.4.0-2337318-SNAPSHOT.jar:/home/user/.m2/repository/org/apache/ratis/ratis-grpc/0.4.0-2337318-SNAPSHOT/ratis-grpc-0.4.0-2337318-SNAPSHOT.jar:/home/user/.m2/repository/org/rocksdb/rocksdbjni/6.0.1/rocksdbjni-6.0.1.jar:/home/user/.m2/repository/org/apache/logging/log4j/log4j-api/2.11.0/log4j-api-2.11.0.jar:/home/user/.m2/repository/org/apache/logging/log4j/log4j-core/2.11.0/log4j-core-2.11.0.jar:/home/user/.m2/repository/com/lmax/disruptor/3.4.2/disruptor-3.4.2.jar:/home/user/.m2/repository/org/apache/commons/commons-pool2/2.6.0/commons-pool2-2.6.0.jar:/home/user/.m2/repository/org/bouncycastle/bcpkix-jdk15on/1.60/bcpkix-jdk15on-1.60.jar:/home/user/.m2/repository/commons-validator/commons-validator/1.6/commons-validator-1.6.jar:/home/user/.m2/repository/commons-digester/commons-digester/1.8.1/commons-digester-1.8.1.jar:/home/user/.m2/repository/io/jaegertracing/jaeger-client/0.33.1/jaeger-client-0.33.1.jar:/home/user/.m2/repository/io/jaegertracing/jaeger-thrift/0.33.1/jaeger-thrift-0.33.1.jar:/home/user/.m2/repository/org/apache/thrift/libthrift/0.11.0/libthrift-0.11.0.jar:/home/user/.m2/repository/com/squareup/okhttp3/okhttp/3.9.0/okhttp-3.9.0.jar:/home/user/.m2/repository/com/squareup/okio/okio/1.13.0/okio-1.13.0.jar:/home/user/.m2/repository/io/jaegertracing/jaeger-core/0.33.1/jaeger-core-0.33.1.jar:/home/user/.m2/repository/io/jaegertracing/jaeger-tracerresolver/0.33.1/jaeger-tracerresolver-0.33.1.jar:/home/user/.m2/repository/io/opentracing/contrib/opentracing-tracerresolver/0.1.5/opentracing-tracerresolver-0.1.5.jar:/home/user/.m2/repository/io/opentracing/opentracing-util/0.31.0/opentracing-util-0.31.0.jar:/home/user/.m2/repository/io/opentracing/opentracing-api/0.31.0/opentracing-api-0.31.0.jar:/home/user/.m2/repository/io/opentracing/opentracing-noop/0.31.0/opentracing-noop-0.31.0.jar:/home/user/.m2/repository/org/apache/hadoop/hadoop-hdds-server-framework/0.5.0-SNAPSHOT/hadoop-hdds-server-framework-0.5.0-SNAPSHOT.jar:/home/user/.m2/repository/org/apache/hadoop/hadoop-hdds-container-service/0.5.0-SNAPSHOT/hadoop-hdds-container-service-0.5.0-SNAPSHOT.jar:/home/user/.m2/repository/org/apache/hadoop/hadoop-hdds-client/0.5.0-SNAPSHOT/hadoop-hdds-client-0.5.0-SNAPSHOT.jar:/home/user/.m2/repository/org/apache/hadoop/hadoop-hdds-tools/0.5.0-SNAPSHOT/hadoop-hdds-tools-0.5.0-SNAPSHOT.jar:/home/user/.m2/repository/org/apache/hadoop/hadoop-hdds-server-scm/0.5.0-SNAPSHOT/hadoop-hdds-server-scm-0.5.0-SNAPSHOT.jar:/home/user/.m2/repository/org/apache/hadoop/hadoop-hdds-docs/0.5.0-SNAPSHOT/hadoop-hdds-docs-0.5.0-SNAPSHOT.jar:/home/user/.m2/repository/io/dropwizard/metrics/metrics-core/3.2.4/metrics-core-3.2.4.jar:/home/user/.m2/repository/org/hamcrest/hamcrest-all/1.3/hamcrest-all-1.3.jar:/home/user/.m2/repository/org/bouncycastle/bcprov-jdk15on/1.60/bcprov-jdk15on-1.60.jar:/home/user/.m2/repository/info/picocli/picocli/3.9.6/picocli-3.9.6.jar:/home/user/.m2/repository/com/google/protobuf/protobuf-java/2.5.0/protobuf-java-2.5.0.jar:/home/user/.m2/repository/com/google/guava/guava/11.0.2/guava-11.0.2.jar:/home/user/.m2/repository/org/apache/hadoop/hadoop-ozone-ozone-manager/0.5.0-SNAPSHOT/hadoop-ozone-ozone-manager-0.5.0-SNAPSHOT.jar:/home/user/.m2/repository/org/apache/hadoop/hadoop-minikdc/3.2.0/hadoop-minikdc-3.2.0.jar:/home/user/.m2/repository/commons-io/commons-io/2.5/commons-io-2.5.jar:/home/user/.m2/repository/org/apache/kerby/kerb-simplekdc/1.0.1/kerb-simplekdc-1.0.1.jar:/home/user/.m2/repository/org/apache/kerby/kerb-client/1.0.1/kerb-client-1.0.1.jar:/home/user/.m2/repository/org/apache/kerby/kerby-config/1.0.1/kerby-config-1.0.1.jar:/home/user/.m2/repository/org/apache/kerby/kerb-core/1.0.1/kerb-core-1.0.1.jar:/home/user/.m2/repository/org/apache/kerby/kerby-pkix/1.0.1/kerby-pkix-1.0.1.jar:/home/user/.m2/repository/org/apache/kerby/kerby-asn1/1.0.1/kerby-asn1-1.0.1.jar:/home/user/.m2/repository/org/apache/kerby/kerby-util/1.0.1/kerby-util-1.0.1.jar:/home/user/.m2/repository/org/apache/kerby/kerb-common/1.0.1/kerb-common-1.0.1.jar:/home/user/.m2/repository/org/apache/kerby/kerb-crypto/1.0.1/kerb-crypto-1.0.1.jar:/home/user/.m2/repository/org/apache/kerby/kerb-util/1.0.1/kerb-util-1.0.1.jar:/home/user/.m2/repository/org/apache/kerby/token-provider/1.0.1/token-provider-1.0.1.jar:/home/user/.m2/repository/org/apache/kerby/kerb-admin/1.0.1/kerb-admin-1.0.1.jar:/home/user/.m2/repository/org/apache/kerby/kerb-server/1.0.1/kerb-server-1.0.1.jar:/home/user/.m2/repository/org/apache/kerby/kerb-identity/1.0.1/kerb-identity-1.0.1.jar:/home/user/.m2/repository/org/apache/kerby/kerby-xdr/1.0.1/kerby-xdr-1.0.1.jar:/home/user/.m2/repository/org/slf4j/slf4j-log4j12/1.7.25/slf4j-log4j12-1.7.25.jar:/home/user/.m2/repository/org/apache/hadoop/hadoop-ozone-objectstore-service/0.5.0-SNAPSHOT/hadoop-ozone-objectstore-service-0.5.0-SNAPSHOT.jar:/home/user/.m2/repository/org/apache/hadoop/hadoop-ozone-s3gateway/0.5.0-SNAPSHOT/hadoop-ozone-s3gateway-0.5.0-SNAPSHOT.jar:/home/user/.m2/repository/org/jboss/weld/servlet/weld-servlet/2.4.7.Final/weld-servlet-2.4.7.Final.jar:/home/user/.m2/repository/org/glassfish/jersey/containers/jersey-container-servlet-core/2.27/jersey-container-servlet-core-2.27.jar:/home/user/.m2/repository/org/glassfish/hk2/external/javax.inject/2.5.0-b42/javax.inject-2.5.0-b42.jar:/home/user/.m2/repository/org/glassfish/jersey/core/jersey-common/2.27/jersey-common-2.27.jar:/home/user/.m2/repository/org/glassfish/hk2/osgi-resource-locator/1.0.1/osgi-resource-locator-1.0.1.jar:/home/user/.m2/repository/javax/ws/rs/javax.ws.rs-api/2.1/javax.ws.rs-api-2.1.jar:/home/user/.m2/repository/org/glassfish/jersey/ext/cdi/jersey-cdi1x/2.27/jersey-cdi1x-2.27.jar:/home/user/.m2/repository/org/glassfish/jersey/inject/jersey-hk2/2.27/jersey-hk2-2.27.jar:/home/user/.m2/repository/org/glassfish/hk2/hk2-locator/2.5.0-b42/hk2-locator-2.5.0-b42.jar:/home/user/.m2/repository/org/javassist/javassist/3.22.0-CR2/javassist-3.22.0-CR2.jar:/home/user/.m2/repository/org/glassfish/hk2/hk2-api/2.5.0/hk2-api-2.5.0.jar:/home/user/.m2/repository/org/glassfish/hk2/external/jakarta.inject/2.5.0/jakarta.inject-2.5.0.jar:/home/user/.m2/repository/org/glassfish/hk2/hk2-utils/2.5.0/hk2-utils-2.5.0.jar:/home/user/.m2/repository/jakarta/annotation/jakarta.annotation-api/1.3.4/jakarta.annotation-api-1.3.4.jar:/home/user/.m2/repository/org/glassfish/hk2/external/aopalliance-repackaged/2.5.0/aopalliance-repackaged-2.5.0.jar:/home/user/.m2/repository/com/fasterxml/jackson/dataformat/jackson-dataformat-xml/2.9.0/jackson-dataformat-xml-2.9.0.jar:/home/user/.m2/repository/com/fasterxml/jackson/core/jackson-core/2.9.5/jackson-core-2.9.5.jar:/home/user/.m2/repository/com/fasterxml/jackson/module/jackson-module-jaxb-annotations/2.9.5/jackson-module-jaxb-annotations-2.9.5.jar:/home/user/.m2/repository/javax/enterprise/cdi-api/1.2/cdi-api-1.2.jar:/home/user/.m2/repository/javax/el/javax.el-api/3.0.0/javax.el-api-3.0.0.jar:/home/user/.m2/repository/javax/interceptor/javax.interceptor-api/1.2/javax.interceptor-api-1.2.jar:/home/user/.m2/repository/javax/inject/javax.inject/1/javax.inject-1.jar:/home/user/.m2/repository/com/sun/xml/bind/jaxb-impl/2.3.0.1/jaxb-impl-2.3.0.1.jar:/home/user/.m2/repository/com/sun/xml/bind/jaxb-core/2.3.0.1/jaxb-core-2.3.0.1.jar:/home/user/.m2/repository/javax/xml/bind/jaxb-api/2.3.0/jaxb-api-2.3.0.jar:/home/user/.m2/repository/javax/activation/activation/1.1.1/activation-1.1.1.jar:/home/user/.m2/repository/org/apache/hadoop/hadoop-ozone-csi/0.5.0-SNAPSHOT/hadoop-ozone-csi-0.5.0-SNAPSHOT.jar:/home/user/.m2/repository/com/google/protobuf/protobuf-java-util/3.5.1/protobuf-java-util-3.5.1.jar:/home/user/.m2/repository/org/apache/hadoop/hadoop-hdds-config/0.5.0-SNAPSHOT/hadoop-hdds-config-0.5.0-SNAPSHOT.jar:/home/user/.m2/repository/io/grpc/grpc-netty/1.17.1/grpc-netty-1.17.1.jar:/home/user/.m2/repository/io/grpc/grpc-core/1.17.1/grpc-core-1.17.1.jar:/home/user/.m2/repository/io/grpc/grpc-context/1.17.1/grpc-context-1.17.1.jar:/home/user/.m2/repository/com/google/errorprone/error_prone_annotations/2.2.0/error_prone_annotations-2.2.0.jar:/home/user/.m2/repository/org/codehaus/mojo/animal-sniffer-annotations/1.17/animal-sniffer-annotations-1.17.jar:/home/user/.m2/repository/io/opencensus/opencensus-api/0.17.0/opencensus-api-0.17.0.jar:/home/user/.m2/repository/io/opencensus/opencensus-contrib-grpc-metrics/0.17.0/opencensus-contrib-grpc-metrics-0.17.0.jar:/home/user/.m2/repository/io/netty/netty-codec-http2/4.1.30.Final/netty-codec-http2-4.1.30.Final.jar:/home/user/.m2/repository/io/netty/netty-codec-http/4.1.30.Final/netty-codec-http-4.1.30.Final.jar:/home/user/.m2/repository/io/netty/netty-codec/4.1.30.Final/netty-codec-4.1.30.Final.jar:/home/user/.m2/repository/io/netty/netty-handler/4.1.30.Final/netty-handler-4.1.30.Final.jar:/home/user/.m2/repository/io/netty/netty-handler-proxy/4.1.30.Final/netty-handler-proxy-4.1.30.Final.jar:/home/user/.m2/repository/io/netty/netty-codec-socks/4.1.30.Final/netty-codec-socks-4.1.30.Final.jar:/home/user/.m2/repository/io/netty/netty-transport-native-epoll/4.1.30.Final/netty-transport-native-epoll-4.1.30.Final.jar:/home/user/.m2/repository/io/netty/netty-common/4.1.30.Final/netty-common-4.1.30.Final.jar:/home/user/.m2/repository/io/netty/netty-buffer/4.1.30.Final/netty-buffer-4.1.30.Final.jar:/home/user/.m2/repository/io/netty/netty-transport/4.1.30.Final/netty-transport-4.1.30.Final.jar:/home/user/.m2/repository/io/netty/netty-resolver/4.1.30.Final/netty-resolver-4.1.30.Final.jar:/home/user/.m2/repository/io/netty/netty-transport-native-unix-common/4.1.30.Final/netty-transport-native-unix-common-4.1.30.Final.jar:/home/user/.m2/repository/io/grpc/grpc-protobuf/1.17.1/grpc-protobuf-1.17.1.jar:/home/user/.m2/repository/com/google/api/grpc/proto-google-common-protos/1.0.0/proto-google-common-protos-1.0.0.jar:/home/user/.m2/repository/io/grpc/grpc-protobuf-lite/1.17.1/grpc-protobuf-lite-1.17.1.jar:/home/user/.m2/repository/io/grpc/grpc-stub/1.17.1/grpc-stub-1.17.1.jar:/home/user/.m2/repository/org/apache/hadoop/hadoop-ozone-recon/0.5.0-SNAPSHOT/hadoop-ozone-recon-0.5.0-SNAPSHOT.jar:/home/user/.m2/repository/org/apache/hadoop/hadoop-ozone-reconcodegen/0.5.0-SNAPSHOT/hadoop-ozone-reconcodegen-0.5.0-SNAPSHOT.jar:/home/user/.m2/repository/com/google/inject/extensions/guice-multibindings/4.0/guice-multibindings-4.0.jar:/home/user/.m2/repository/com/google/inject/guice/4.0/guice-4.0.jar:/home/user/.m2/repository/aopalliance/aopalliance/1.0/aopalliance-1.0.jar:/home/user/.m2/repository/com/google/inject/extensions/guice-servlet/4.0/guice-servlet-4.0.jar:/home/user/.m2/repository/org/glassfish/jersey/containers/jersey-container-servlet/2.27/jersey-container-servlet-2.27.jar:/home/user/.m2/repository/org/glassfish/hk2/guice-bridge/2.5.0/guice-bridge-2.5.0.jar:/home/user/.m2/repository/org/glassfish/jersey/core/jersey-server/2.27/jersey-server-2.27.jar:/home/user/.m2/repository/org/glassfish/jersey/core/jersey-client/2.27/jersey-client-2.27.jar:/home/user/.m2/repository/org/glassfish/jersey/media/jersey-media-jaxb/2.27/jersey-media-jaxb-2.27.jar:/home/user/.m2/repository/javax/validation/validation-api/1.1.0.Final/validation-api-1.1.0.Final.jar:/home/user/.m2/repository/org/glassfish/jersey/media/jersey-media-json-jackson/2.27/jersey-media-json-jackson-2.27.jar:/home/user/.m2/repository/org/glassfish/jersey/ext/jersey-entity-filtering/2.27/jersey-entity-filtering-2.27.jar:/home/user/.m2/repository/com/google/inject/extensions/guice-assistedinject/4.0/guice-assistedinject-4.0.jar:/home/user/.m2/repository/org/jooq/jooq/3.11.10/jooq-3.11.10.jar:/home/user/.m2/repository/org/jooq/jooq-meta/3.11.10/jooq-meta-3.11.10.jar:/home/user/.m2/repository/org/jooq/jooq-codegen/3.11.10/jooq-codegen-3.11.10.jar:/home/user/.m2/repository/com/jolbox/bonecp/0.8.0.RELEASE/bonecp-0.8.0.RELEASE.jar:/home/user/.m2/repository/org/xerial/sqlite-jdbc/3.25.2/sqlite-jdbc-3.25.2.jar:/home/user/.m2/repository/org/springframework/spring-jdbc/5.1.3.RELEASE/spring-jdbc-5.1.3.RELEASE.jar:/home/user/.m2/repository/org/springframework/spring-beans/5.1.3.RELEASE/spring-beans-5.1.3.RELEASE.jar:/home/user/.m2/repository/org/springframework/spring-core/5.1.3.RELEASE/spring-core-5.1.3.RELEASE.jar:/home/user/.m2/repository/org/springframework/spring-jcl/5.1.3.RELEASE/spring-jcl-5.1.3.RELEASE.jar:/home/user/.m2/repository/org/springframework/spring-tx/5.1.3.RELEASE/spring-tx-5.1.3.RELEASE.jar:/home/user/.m2/repository/org/apache/hadoop/hadoop-ozone-client/0.5.0-SNAPSHOT/hadoop-ozone-client-0.5.0-SNAPSHOT.jar:/home/user/.m2/repository/commons-lang/commons-lang/2.6/commons-lang-2.6.jar:/home/user/.m2/repository/org/apache/hadoop/hadoop-ozone-ozone-manager/0.5.0-SNAPSHOT/hadoop-ozone-ozone-manager-0.5.0-SNAPSHOT-tests.jar:/home/user/.m2/repository/junit/junit/4.11/junit-4.11.jar:/home/user/.m2/repository/org/hamcrest/hamcrest-core/1.3/hamcrest-core-1.3.jar:/home/user/.m2/repository/org/openjdk/jmh/jmh-core/1.19/jmh-core-1.19.jar:/home/user/.m2/repository/net/sf/jopt-simple/jopt-simple/4.6/jopt-simple-4.6.jar:/home/user/.m2/repository/org/apache/commons/commons-math3/3.1.1/commons-math3-3.1.1.jar:/home/user/.m2/repository/org/openjdk/jmh/jmh-generator-annprocess/1.19/jmh-generator-annprocess-1.19.jar:/home/user/.m2/repository/org/mockito/mockito-all/1.8.5/mockito-all-1.8.5.jar:/home/user/.m2/repository/org/apache/hadoop/hadoop-kms/3.2.0/hadoop-kms-3.2.0.jar:/home/user/.m2/repository/org/apache/hadoop/hadoop-auth/3.2.0/hadoop-auth-3.2.0.jar:/home/user/.m2/repository/com/nimbusds/nimbus-jose-jwt/4.41.1/nimbus-jose-jwt-4.41.1.jar:/home/user/.m2/repository/com/github/stephenc/jcip/jcip-annotations/1.0-1/jcip-annotations-1.0-1.jar:/home/user/.m2/repository/net/minidev/json-smart/2.3/json-smart-2.3.jar:/home/user/.m2/repository/net/minidev/accessors-smart/1.2/accessors-smart-1.2.jar:/home/user/.m2/repository/org/ow2/asm/asm/5.0.4/asm-5.0.4.jar:/home/user/.m2/repository/org/apache/curator/curator-framework/2.12.0/curator-framework-2.12.0.jar:/home/user/.m2/repository/com/sun/jersey/jersey-core/1.19/jersey-core-1.19.jar:/home/user/.m2/repository/javax/ws/rs/jsr311-api/1.1.1/jsr311-api-1.1.1.jar:/home/user/.m2/repository/com/sun/jersey/jersey-server/1.19/jersey-server-1.19.jar:/home/user/.m2/repository/javax/servlet/javax.servlet-api/3.1.0/javax.servlet-api-3.1.0.jar:/home/user/.m2/repository/org/eclipse/jetty/jetty-server/9.3.24.v20180605/jetty-server-9.3.24.v20180605.jar:/home/user/.m2/repository/org/eclipse/jetty/jetty-http/9.3.24.v20180605/jetty-http-9.3.24.v20180605.jar:/home/user/.m2/repository/org/eclipse/jetty/jetty-io/9.3.24.v20180605/jetty-io-9.3.24.v20180605.jar:/home/user/.m2/repository/org/eclipse/jetty/jetty-webapp/9.3.24.v20180605/jetty-webapp-9.3.24.v20180605.jar:/home/user/.m2/repository/org/eclipse/jetty/jetty-xml/9.3.24.v20180605/jetty-xml-9.3.24.v20180605.jar:/home/user/.m2/repository/log4j/log4j/1.2.17/log4j-1.2.17.jar:/home/user/.m2/repository/org/slf4j/slf4j-api/1.7.25/slf4j-api-1.7.25.jar:/home/user/.m2/repository/org/slf4j/jul-to-slf4j/1.7.25/jul-to-slf4j-1.7.25.jar:/home/user/.m2/repository/org/eclipse/jetty/jetty-util/9.3.24.v20180605/jetty-util-9.3.24.v20180605.jar:/home/user/.m2/repository/com/fasterxml/jackson/core/jackson-databind/2.9.5/jackson-databind-2.9.5.jar:/home/user/.m2/repository/org/apache/hadoop/hadoop-kms/3.2.0/hadoop-kms-3.2.0-tests.jar:/home/user/.m2/repository/org/apache/hadoop/hadoop-hdds-server-scm/0.5.0-SNAPSHOT/hadoop-hdds-server-scm-0.5.0-SNAPSHOT-tests.jar:/home/user/.m2/repository/org/apache/hadoop/hadoop-hdds-container-service/0.5.0-SNAPSHOT/hadoop-hdds-container-service-0.5.0-SNAPSHOT-tests.jar:/home/user/.m2/repository/org/yaml/snakeyaml/1.16/snakeyaml-1.16.jar:/home/user/.m2/repository/org/apache/hadoop/hadoop-common/3.2.0/hadoop-common-3.2.0-tests.jar:/home/user/.m2/repository/org/apache/hadoop/hadoop-annotations/3.2.0/hadoop-annotations-3.2.0.jar:/usr/lib/jvm/java-1.8-openjdk/jre/../lib/tools.jar:/home/user/.m2/repository/commons-cli/commons-cli/1.2/commons-cli-1.2.jar:/home/user/.m2/repository/org/apache/httpcomponents/httpclient/4.5.2/httpclient-4.5.2.jar:/home/user/.m2/repository/org/apache/httpcomponents/httpcore/4.4.4/httpcore-4.4.4.jar:/home/user/.m2/repository/commons-codec/commons-codec/1.11/commons-codec-1.11.jar:/home/user/.m2/repository/commons-net/commons-net/3.6/commons-net-3.6.jar:/home/user/.m2/repository/commons-collections/commons-collections/3.2.2/commons-collections-3.2.2.jar:/home/user/.m2/repository/org/eclipse/jetty/jetty-servlet/9.3.24.v20180605/jetty-servlet-9.3.24.v20180605.jar:/home/user/.m2/repository/org/eclipse/jetty/jetty-security/9.3.24.v20180605/jetty-security-9.3.24.v20180605.jar:/home/user/.m2/repository/javax/servlet/jsp/jsp-api/2.1/jsp-api-2.1.jar:/home/user/.m2/repository/com/sun/jersey/jersey-servlet/1.19/jersey-servlet-1.19.jar:/home/user/.m2/repository/com/sun/jersey/jersey-json/1.19/jersey-json-1.19.jar:/home/user/.m2/repository/org/codehaus/jettison/jettison/1.1/jettison-1.1.jar:/home/user/.m2/repository/org/codehaus/jackson/jackson-core-asl/1.9.13/jackson-core-asl-1.9.13.jar:/home/user/.m2/repository/org/codehaus/jackson/jackson-mapper-asl/1.9.13/jackson-mapper-asl-1.9.13.jar:/home/user/.m2/repository/org/codehaus/jackson/jackson-jaxrs/1.9.13/jackson-jaxrs-1.9.13.jar:/home/user/.m2/repository/org/codehaus/jackson/jackson-xc/1.9.13/jackson-xc-1.9.13.jar:/home/user/.m2/repository/commons-logging/commons-logging/1.1.3/commons-logging-1.1.3.jar:/home/user/.m2/repository/commons-beanutils/commons-beanutils/1.9.3/commons-beanutils-1.9.3.jar:/home/user/.m2/repository/org/apache/commons/commons-configuration2/2.1.1/commons-configuration2-2.1.1.jar:/home/user/.m2/repository/org/apache/commons/commons-lang3/3.7/commons-lang3-3.7.jar:/home/user/.m2/repository/org/apache/commons/commons-text/1.4/commons-text-1.4.jar:/home/user/.m2/repository/org/apache/avro/avro/1.7.7/avro-1.7.7.jar:/home/user/.m2/repository/com/thoughtworks/paranamer/paranamer/2.3/paranamer-2.3.jar:/home/user/.m2/repository/org/xerial/snappy/snappy-java/1.0.5/snappy-java-1.0.5.jar:/home/user/.m2/repository/com/google/re2j/re2j/1.1/re2j-1.1.jar:/home/user/.m2/repository/com/google/code/gson/gson/2.2.4/gson-2.2.4.jar:/home/user/.m2/repository/com/jcraft/jsch/0.1.54/jsch-0.1.54.jar:/home/user/.m2/repository/org/apache/curator/curator-client/2.12.0/curator-client-2.12.0.jar:/home/user/.m2/repository/org/apache/curator/curator-recipes/2.12.0/curator-recipes-2.12.0.jar:/home/user/.m2/repository/com/google/code/findbugs/jsr305/3.0.0/jsr305-3.0.0.jar:/home/user/.m2/repository/org/apache/htrace/htrace-core4/4.1.0-incubating/htrace-core4-4.1.0-incubating.jar:/home/user/.m2/repository/org/apache/zookeeper/zookeeper/3.4.13/zookeeper-3.4.13.jar:/home/user/.m2/repository/org/apache/yetus/audience-annotations/0.5.0/audience-annotations-0.5.0.jar:/home/user/.m2/repository/org/codehaus/woodstox/stax2-api/3.1.4/stax2-api-3.1.4.jar:/home/user/.m2/repository/com/fasterxml/woodstox/woodstox-core/5.0.3/woodstox-core-5.0.3.jar:/home/user/.m2/repository/dnsjava/dnsjava/2.1.7/dnsjava-2.1.7.jar:/home/user/.m2/repository/org/apache/hadoop/hadoop-hdfs/3.2.0/hadoop-hdfs-3.2.0-tests.jar:/home/user/.m2/repository/org/eclipse/jetty/jetty-util-ajax/9.3.24.v20180605/jetty-util-ajax-9.3.24.v20180605.jar:/home/user/.m2/repository/commons-daemon/commons-daemon/1.0.13/commons-daemon-1.0.13.jar:/home/user/.m2/repository/io/netty/netty/3.10.5.Final/netty-3.10.5.Final.jar:/home/user/.m2/repository/io/netty/netty-all/4.0.52.Final/netty-all-4.0.52.Final.jar:/home/user/.m2/repository/org/fusesource/leveldbjni/leveldbjni-all/1.8/leveldbjni-all-1.8.jar:"/>
    <property name="java.vm.vendor" value="IcedTea"/>
    <property name="sun.arch.data.model" value="64"/>
    <property name="test.build.dir" value="/workdir/hadoop-ozone/integration-test/target/test-dir"/>
    <property name="test.cache.data" value=""/>
    <property name="java.vendor.url" value="https://icedtea.classpath.org"/>
    <property name="user.timezone" value=""/>
    <property name="java.vm.specification.version" value="1.8"/>
    <property name="os.name" value="Linux"/>
    <property name="test.build.data" value="/workdir/hadoop-ozone/integration-test/target/test-dir"/>
    <property name="user.country" value="US"/>
    <property name="sun.java.launcher" value="SUN_STANDARD"/>
    <property name="sun.boot.library.path" value="/usr/lib/jvm/java-1.8-openjdk/jre/lib/amd64"/>
    <property name="sun.java.command" value="/workdir/hadoop-ozone/integration-test/target/surefire/surefirebooter4960094176279637660.jar /workdir/hadoop-ozone/integration-test/target/surefire 2019-09-10T12-22-23_668-jvmRun1 surefire6930782502902736564tmp surefire_201953524174503592428tmp"/>
    <property name="test" value="!TestMiniChaosOzoneCluster"/>
    <property name="surefire.test.class.path" value="/workdir/hadoop-ozone/integration-test/target/test-classes:/workdir/hadoop-ozone/integration-test/target/classes:/home/user/.m2/repository/org/apache/hadoop/hadoop-ozone-common/0.5.0-SNAPSHOT/hadoop-ozone-common-0.5.0-SNAPSHOT.jar:/home/user/.m2/repository/org/apache/commons/commons-compress/1.4.1/commons-compress-1.4.1.jar:/home/user/.m2/repository/org/tukaani/xz/1.0/xz-1.0.jar:/home/user/.m2/repository/org/apache/hadoop/hadoop-common/3.2.0/hadoop-common-3.2.0.jar:/home/user/.m2/repository/org/apache/hadoop/hadoop-hdfs/3.2.0/hadoop-hdfs-3.2.0.jar:/home/user/.m2/repository/org/apache/hadoop/hadoop-hdfs-client/3.2.0/hadoop-hdfs-client-3.2.0.jar:/home/user/.m2/repository/com/fasterxml/jackson/core/jackson-annotations/2.9.5/jackson-annotations-2.9.5.jar:/home/user/.m2/repository/org/apache/hadoop/hadoop-hdds-common/0.5.0-SNAPSHOT/hadoop-hdds-common-0.5.0-SNAPSHOT.jar:/home/user/.m2/repository/javax/annotation/javax.annotation-api/1.2/javax.annotation-api-1.2.jar:/home/user/.m2/repository/org/apache/ratis/ratis-server/0.4.0-2337318-SNAPSHOT/ratis-server-0.4.0-2337318-SNAPSHOT.jar:/home/user/.m2/repository/org/apache/ratis/ratis-thirdparty-misc/0.2.0/ratis-thirdparty-misc-0.2.0.jar:/home/user/.m2/repository/org/apache/ratis/ratis-proto/0.4.0-2337318-SNAPSHOT/ratis-proto-0.4.0-2337318-SNAPSHOT.jar:/home/user/.m2/repository/org/apache/ratis/ratis-common/0.4.0-2337318-SNAPSHOT/ratis-common-0.4.0-2337318-SNAPSHOT.jar:/home/user/.m2/repository/org/apache/ratis/ratis-client/0.4.0-2337318-SNAPSHOT/ratis-client-0.4.0-2337318-SNAPSHOT.jar:/home/user/.m2/repository/org/apache/ratis/ratis-metrics/0.4.0-2337318-SNAPSHOT/ratis-metrics-0.4.0-2337318-SNAPSHOT.jar:/home/user/.m2/repository/org/apache/ratis/ratis-netty/0.4.0-2337318-SNAPSHOT/ratis-netty-0.4.0-2337318-SNAPSHOT.jar:/home/user/.m2/repository/org/apache/ratis/ratis-grpc/0.4.0-2337318-SNAPSHOT/ratis-grpc-0.4.0-2337318-SNAPSHOT.jar:/home/user/.m2/repository/org/rocksdb/rocksdbjni/6.0.1/rocksdbjni-6.0.1.jar:/home/user/.m2/repository/org/apache/logging/log4j/log4j-api/2.11.0/log4j-api-2.11.0.jar:/home/user/.m2/repository/org/apache/logging/log4j/log4j-core/2.11.0/log4j-core-2.11.0.jar:/home/user/.m2/repository/com/lmax/disruptor/3.4.2/disruptor-3.4.2.jar:/home/user/.m2/repository/org/apache/commons/commons-pool2/2.6.0/commons-pool2-2.6.0.jar:/home/user/.m2/repository/org/bouncycastle/bcpkix-jdk15on/1.60/bcpkix-jdk15on-1.60.jar:/home/user/.m2/repository/commons-validator/commons-validator/1.6/commons-validator-1.6.jar:/home/user/.m2/repository/commons-digester/commons-digester/1.8.1/commons-digester-1.8.1.jar:/home/user/.m2/repository/io/jaegertracing/jaeger-client/0.33.1/jaeger-client-0.33.1.jar:/home/user/.m2/repository/io/jaegertracing/jaeger-thrift/0.33.1/jaeger-thrift-0.33.1.jar:/home/user/.m2/repository/org/apache/thrift/libthrift/0.11.0/libthrift-0.11.0.jar:/home/user/.m2/repository/com/squareup/okhttp3/okhttp/3.9.0/okhttp-3.9.0.jar:/home/user/.m2/repository/com/squareup/okio/okio/1.13.0/okio-1.13.0.jar:/home/user/.m2/repository/io/jaegertracing/jaeger-core/0.33.1/jaeger-core-0.33.1.jar:/home/user/.m2/repository/io/jaegertracing/jaeger-tracerresolver/0.33.1/jaeger-tracerresolver-0.33.1.jar:/home/user/.m2/repository/io/opentracing/contrib/opentracing-tracerresolver/0.1.5/opentracing-tracerresolver-0.1.5.jar:/home/user/.m2/repository/io/opentracing/opentracing-util/0.31.0/opentracing-util-0.31.0.jar:/home/user/.m2/repository/io/opentracing/opentracing-api/0.31.0/opentracing-api-0.31.0.jar:/home/user/.m2/repository/io/opentracing/opentracing-noop/0.31.0/opentracing-noop-0.31.0.jar:/home/user/.m2/repository/org/apache/hadoop/hadoop-hdds-server-framework/0.5.0-SNAPSHOT/hadoop-hdds-server-framework-0.5.0-SNAPSHOT.jar:/home/user/.m2/repository/org/apache/hadoop/hadoop-hdds-container-service/0.5.0-SNAPSHOT/hadoop-hdds-container-service-0.5.0-SNAPSHOT.jar:/home/user/.m2/repository/org/apache/hadoop/hadoop-hdds-client/0.5.0-SNAPSHOT/hadoop-hdds-client-0.5.0-SNAPSHOT.jar:/home/user/.m2/repository/org/apache/hadoop/hadoop-hdds-tools/0.5.0-SNAPSHOT/hadoop-hdds-tools-0.5.0-SNAPSHOT.jar:/home/user/.m2/repository/org/apache/hadoop/hadoop-hdds-server-scm/0.5.0-SNAPSHOT/hadoop-hdds-server-scm-0.5.0-SNAPSHOT.jar:/home/user/.m2/repository/org/apache/hadoop/hadoop-hdds-docs/0.5.0-SNAPSHOT/hadoop-hdds-docs-0.5.0-SNAPSHOT.jar:/home/user/.m2/repository/io/dropwizard/metrics/metrics-core/3.2.4/metrics-core-3.2.4.jar:/home/user/.m2/repository/org/hamcrest/hamcrest-all/1.3/hamcrest-all-1.3.jar:/home/user/.m2/repository/org/bouncycastle/bcprov-jdk15on/1.60/bcprov-jdk15on-1.60.jar:/home/user/.m2/repository/info/picocli/picocli/3.9.6/picocli-3.9.6.jar:/home/user/.m2/repository/com/google/protobuf/protobuf-java/2.5.0/protobuf-java-2.5.0.jar:/home/user/.m2/repository/com/google/guava/guava/11.0.2/guava-11.0.2.jar:/home/user/.m2/repository/org/apache/hadoop/hadoop-ozone-ozone-manager/0.5.0-SNAPSHOT/hadoop-ozone-ozone-manager-0.5.0-SNAPSHOT.jar:/home/user/.m2/repository/org/apache/hadoop/hadoop-minikdc/3.2.0/hadoop-minikdc-3.2.0.jar:/home/user/.m2/repository/commons-io/commons-io/2.5/commons-io-2.5.jar:/home/user/.m2/repository/org/apache/kerby/kerb-simplekdc/1.0.1/kerb-simplekdc-1.0.1.jar:/home/user/.m2/repository/org/apache/kerby/kerb-client/1.0.1/kerb-client-1.0.1.jar:/home/user/.m2/repository/org/apache/kerby/kerby-config/1.0.1/kerby-config-1.0.1.jar:/home/user/.m2/repository/org/apache/kerby/kerb-core/1.0.1/kerb-core-1.0.1.jar:/home/user/.m2/repository/org/apache/kerby/kerby-pkix/1.0.1/kerby-pkix-1.0.1.jar:/home/user/.m2/repository/org/apache/kerby/kerby-asn1/1.0.1/kerby-asn1-1.0.1.jar:/home/user/.m2/repository/org/apache/kerby/kerby-util/1.0.1/kerby-util-1.0.1.jar:/home/user/.m2/repository/org/apache/kerby/kerb-common/1.0.1/kerb-common-1.0.1.jar:/home/user/.m2/repository/org/apache/kerby/kerb-crypto/1.0.1/kerb-crypto-1.0.1.jar:/home/user/.m2/repository/org/apache/kerby/kerb-util/1.0.1/kerb-util-1.0.1.jar:/home/user/.m2/repository/org/apache/kerby/token-provider/1.0.1/token-provider-1.0.1.jar:/home/user/.m2/repository/org/apache/kerby/kerb-admin/1.0.1/kerb-admin-1.0.1.jar:/home/user/.m2/repository/org/apache/kerby/kerb-server/1.0.1/kerb-server-1.0.1.jar:/home/user/.m2/repository/org/apache/kerby/kerb-identity/1.0.1/kerb-identity-1.0.1.jar:/home/user/.m2/repository/org/apache/kerby/kerby-xdr/1.0.1/kerby-xdr-1.0.1.jar:/home/user/.m2/repository/org/slf4j/slf4j-log4j12/1.7.25/slf4j-log4j12-1.7.25.jar:/home/user/.m2/repository/org/apache/hadoop/hadoop-ozone-objectstore-service/0.5.0-SNAPSHOT/hadoop-ozone-objectstore-service-0.5.0-SNAPSHOT.jar:/home/user/.m2/repository/org/apache/hadoop/hadoop-ozone-s3gateway/0.5.0-SNAPSHOT/hadoop-ozone-s3gateway-0.5.0-SNAPSHOT.jar:/home/user/.m2/repository/org/jboss/weld/servlet/weld-servlet/2.4.7.Final/weld-servlet-2.4.7.Final.jar:/home/user/.m2/repository/org/glassfish/jersey/containers/jersey-container-servlet-core/2.27/jersey-container-servlet-core-2.27.jar:/home/user/.m2/repository/org/glassfish/hk2/external/javax.inject/2.5.0-b42/javax.inject-2.5.0-b42.jar:/home/user/.m2/repository/org/glassfish/jersey/core/jersey-common/2.27/jersey-common-2.27.jar:/home/user/.m2/repository/org/glassfish/hk2/osgi-resource-locator/1.0.1/osgi-resource-locator-1.0.1.jar:/home/user/.m2/repository/javax/ws/rs/javax.ws.rs-api/2.1/javax.ws.rs-api-2.1.jar:/home/user/.m2/repository/org/glassfish/jersey/ext/cdi/jersey-cdi1x/2.27/jersey-cdi1x-2.27.jar:/home/user/.m2/repository/org/glassfish/jersey/inject/jersey-hk2/2.27/jersey-hk2-2.27.jar:/home/user/.m2/repository/org/glassfish/hk2/hk2-locator/2.5.0-b42/hk2-locator-2.5.0-b42.jar:/home/user/.m2/repository/org/javassist/javassist/3.22.0-CR2/javassist-3.22.0-CR2.jar:/home/user/.m2/repository/org/glassfish/hk2/hk2-api/2.5.0/hk2-api-2.5.0.jar:/home/user/.m2/repository/org/glassfish/hk2/external/jakarta.inject/2.5.0/jakarta.inject-2.5.0.jar:/home/user/.m2/repository/org/glassfish/hk2/hk2-utils/2.5.0/hk2-utils-2.5.0.jar:/home/user/.m2/repository/jakarta/annotation/jakarta.annotation-api/1.3.4/jakarta.annotation-api-1.3.4.jar:/home/user/.m2/repository/org/glassfish/hk2/external/aopalliance-repackaged/2.5.0/aopalliance-repackaged-2.5.0.jar:/home/user/.m2/repository/com/fasterxml/jackson/dataformat/jackson-dataformat-xml/2.9.0/jackson-dataformat-xml-2.9.0.jar:/home/user/.m2/repository/com/fasterxml/jackson/core/jackson-core/2.9.5/jackson-core-2.9.5.jar:/home/user/.m2/repository/com/fasterxml/jackson/module/jackson-module-jaxb-annotations/2.9.5/jackson-module-jaxb-annotations-2.9.5.jar:/home/user/.m2/repository/javax/enterprise/cdi-api/1.2/cdi-api-1.2.jar:/home/user/.m2/repository/javax/el/javax.el-api/3.0.0/javax.el-api-3.0.0.jar:/home/user/.m2/repository/javax/interceptor/javax.interceptor-api/1.2/javax.interceptor-api-1.2.jar:/home/user/.m2/repository/javax/inject/javax.inject/1/javax.inject-1.jar:/home/user/.m2/repository/com/sun/xml/bind/jaxb-impl/2.3.0.1/jaxb-impl-2.3.0.1.jar:/home/user/.m2/repository/com/sun/xml/bind/jaxb-core/2.3.0.1/jaxb-core-2.3.0.1.jar:/home/user/.m2/repository/javax/xml/bind/jaxb-api/2.3.0/jaxb-api-2.3.0.jar:/home/user/.m2/repository/javax/activation/activation/1.1.1/activation-1.1.1.jar:/home/user/.m2/repository/org/apache/hadoop/hadoop-ozone-csi/0.5.0-SNAPSHOT/hadoop-ozone-csi-0.5.0-SNAPSHOT.jar:/home/user/.m2/repository/com/google/protobuf/protobuf-java-util/3.5.1/protobuf-java-util-3.5.1.jar:/home/user/.m2/repository/org/apache/hadoop/hadoop-hdds-config/0.5.0-SNAPSHOT/hadoop-hdds-config-0.5.0-SNAPSHOT.jar:/home/user/.m2/repository/io/grpc/grpc-netty/1.17.1/grpc-netty-1.17.1.jar:/home/user/.m2/repository/io/grpc/grpc-core/1.17.1/grpc-core-1.17.1.jar:/home/user/.m2/repository/io/grpc/grpc-context/1.17.1/grpc-context-1.17.1.jar:/home/user/.m2/repository/com/google/errorprone/error_prone_annotations/2.2.0/error_prone_annotations-2.2.0.jar:/home/user/.m2/repository/org/codehaus/mojo/animal-sniffer-annotations/1.17/animal-sniffer-annotations-1.17.jar:/home/user/.m2/repository/io/opencensus/opencensus-api/0.17.0/opencensus-api-0.17.0.jar:/home/user/.m2/repository/io/opencensus/opencensus-contrib-grpc-metrics/0.17.0/opencensus-contrib-grpc-metrics-0.17.0.jar:/home/user/.m2/repository/io/netty/netty-codec-http2/4.1.30.Final/netty-codec-http2-4.1.30.Final.jar:/home/user/.m2/repository/io/netty/netty-codec-http/4.1.30.Final/netty-codec-http-4.1.30.Final.jar:/home/user/.m2/repository/io/netty/netty-codec/4.1.30.Final/netty-codec-4.1.30.Final.jar:/home/user/.m2/repository/io/netty/netty-handler/4.1.30.Final/netty-handler-4.1.30.Final.jar:/home/user/.m2/repository/io/netty/netty-handler-proxy/4.1.30.Final/netty-handler-proxy-4.1.30.Final.jar:/home/user/.m2/repository/io/netty/netty-codec-socks/4.1.30.Final/netty-codec-socks-4.1.30.Final.jar:/home/user/.m2/repository/io/netty/netty-transport-native-epoll/4.1.30.Final/netty-transport-native-epoll-4.1.30.Final.jar:/home/user/.m2/repository/io/netty/netty-common/4.1.30.Final/netty-common-4.1.30.Final.jar:/home/user/.m2/repository/io/netty/netty-buffer/4.1.30.Final/netty-buffer-4.1.30.Final.jar:/home/user/.m2/repository/io/netty/netty-transport/4.1.30.Final/netty-transport-4.1.30.Final.jar:/home/user/.m2/repository/io/netty/netty-resolver/4.1.30.Final/netty-resolver-4.1.30.Final.jar:/home/user/.m2/repository/io/netty/netty-transport-native-unix-common/4.1.30.Final/netty-transport-native-unix-common-4.1.30.Final.jar:/home/user/.m2/repository/io/grpc/grpc-protobuf/1.17.1/grpc-protobuf-1.17.1.jar:/home/user/.m2/repository/com/google/api/grpc/proto-google-common-protos/1.0.0/proto-google-common-protos-1.0.0.jar:/home/user/.m2/repository/io/grpc/grpc-protobuf-lite/1.17.1/grpc-protobuf-lite-1.17.1.jar:/home/user/.m2/repository/io/grpc/grpc-stub/1.17.1/grpc-stub-1.17.1.jar:/home/user/.m2/repository/org/apache/hadoop/hadoop-ozone-recon/0.5.0-SNAPSHOT/hadoop-ozone-recon-0.5.0-SNAPSHOT.jar:/home/user/.m2/repository/org/apache/hadoop/hadoop-ozone-reconcodegen/0.5.0-SNAPSHOT/hadoop-ozone-reconcodegen-0.5.0-SNAPSHOT.jar:/home/user/.m2/repository/com/google/inject/extensions/guice-multibindings/4.0/guice-multibindings-4.0.jar:/home/user/.m2/repository/com/google/inject/guice/4.0/guice-4.0.jar:/home/user/.m2/repository/aopalliance/aopalliance/1.0/aopalliance-1.0.jar:/home/user/.m2/repository/com/google/inject/extensions/guice-servlet/4.0/guice-servlet-4.0.jar:/home/user/.m2/repository/org/glassfish/jersey/containers/jersey-container-servlet/2.27/jersey-container-servlet-2.27.jar:/home/user/.m2/repository/org/glassfish/hk2/guice-bridge/2.5.0/guice-bridge-2.5.0.jar:/home/user/.m2/repository/org/glassfish/jersey/core/jersey-server/2.27/jersey-server-2.27.jar:/home/user/.m2/repository/org/glassfish/jersey/core/jersey-client/2.27/jersey-client-2.27.jar:/home/user/.m2/repository/org/glassfish/jersey/media/jersey-media-jaxb/2.27/jersey-media-jaxb-2.27.jar:/home/user/.m2/repository/javax/validation/validation-api/1.1.0.Final/validation-api-1.1.0.Final.jar:/home/user/.m2/repository/org/glassfish/jersey/media/jersey-media-json-jackson/2.27/jersey-media-json-jackson-2.27.jar:/home/user/.m2/repository/org/glassfish/jersey/ext/jersey-entity-filtering/2.27/jersey-entity-filtering-2.27.jar:/home/user/.m2/repository/com/google/inject/extensions/guice-assistedinject/4.0/guice-assistedinject-4.0.jar:/home/user/.m2/repository/org/jooq/jooq/3.11.10/jooq-3.11.10.jar:/home/user/.m2/repository/org/jooq/jooq-meta/3.11.10/jooq-meta-3.11.10.jar:/home/user/.m2/repository/org/jooq/jooq-codegen/3.11.10/jooq-codegen-3.11.10.jar:/home/user/.m2/repository/com/jolbox/bonecp/0.8.0.RELEASE/bonecp-0.8.0.RELEASE.jar:/home/user/.m2/repository/org/xerial/sqlite-jdbc/3.25.2/sqlite-jdbc-3.25.2.jar:/home/user/.m2/repository/org/springframework/spring-jdbc/5.1.3.RELEASE/spring-jdbc-5.1.3.RELEASE.jar:/home/user/.m2/repository/org/springframework/spring-beans/5.1.3.RELEASE/spring-beans-5.1.3.RELEASE.jar:/home/user/.m2/repository/org/springframework/spring-core/5.1.3.RELEASE/spring-core-5.1.3.RELEASE.jar:/home/user/.m2/repository/org/springframework/spring-jcl/5.1.3.RELEASE/spring-jcl-5.1.3.RELEASE.jar:/home/user/.m2/repository/org/springframework/spring-tx/5.1.3.RELEASE/spring-tx-5.1.3.RELEASE.jar:/home/user/.m2/repository/org/apache/hadoop/hadoop-ozone-client/0.5.0-SNAPSHOT/hadoop-ozone-client-0.5.0-SNAPSHOT.jar:/home/user/.m2/repository/commons-lang/commons-lang/2.6/commons-lang-2.6.jar:/home/user/.m2/repository/org/apache/hadoop/hadoop-ozone-ozone-manager/0.5.0-SNAPSHOT/hadoop-ozone-ozone-manager-0.5.0-SNAPSHOT-tests.jar:/home/user/.m2/repository/junit/junit/4.11/junit-4.11.jar:/home/user/.m2/repository/org/hamcrest/hamcrest-core/1.3/hamcrest-core-1.3.jar:/home/user/.m2/repository/org/openjdk/jmh/jmh-core/1.19/jmh-core-1.19.jar:/home/user/.m2/repository/net/sf/jopt-simple/jopt-simple/4.6/jopt-simple-4.6.jar:/home/user/.m2/repository/org/apache/commons/commons-math3/3.1.1/commons-math3-3.1.1.jar:/home/user/.m2/repository/org/openjdk/jmh/jmh-generator-annprocess/1.19/jmh-generator-annprocess-1.19.jar:/home/user/.m2/repository/org/mockito/mockito-all/1.8.5/mockito-all-1.8.5.jar:/home/user/.m2/repository/org/apache/hadoop/hadoop-kms/3.2.0/hadoop-kms-3.2.0.jar:/home/user/.m2/repository/org/apache/hadoop/hadoop-auth/3.2.0/hadoop-auth-3.2.0.jar:/home/user/.m2/repository/com/nimbusds/nimbus-jose-jwt/4.41.1/nimbus-jose-jwt-4.41.1.jar:/home/user/.m2/repository/com/github/stephenc/jcip/jcip-annotations/1.0-1/jcip-annotations-1.0-1.jar:/home/user/.m2/repository/net/minidev/json-smart/2.3/json-smart-2.3.jar:/home/user/.m2/repository/net/minidev/accessors-smart/1.2/accessors-smart-1.2.jar:/home/user/.m2/repository/org/ow2/asm/asm/5.0.4/asm-5.0.4.jar:/home/user/.m2/repository/org/apache/curator/curator-framework/2.12.0/curator-framework-2.12.0.jar:/home/user/.m2/repository/com/sun/jersey/jersey-core/1.19/jersey-core-1.19.jar:/home/user/.m2/repository/javax/ws/rs/jsr311-api/1.1.1/jsr311-api-1.1.1.jar:/home/user/.m2/repository/com/sun/jersey/jersey-server/1.19/jersey-server-1.19.jar:/home/user/.m2/repository/javax/servlet/javax.servlet-api/3.1.0/javax.servlet-api-3.1.0.jar:/home/user/.m2/repository/org/eclipse/jetty/jetty-server/9.3.24.v20180605/jetty-server-9.3.24.v20180605.jar:/home/user/.m2/repository/org/eclipse/jetty/jetty-http/9.3.24.v20180605/jetty-http-9.3.24.v20180605.jar:/home/user/.m2/repository/org/eclipse/jetty/jetty-io/9.3.24.v20180605/jetty-io-9.3.24.v20180605.jar:/home/user/.m2/repository/org/eclipse/jetty/jetty-webapp/9.3.24.v20180605/jetty-webapp-9.3.24.v20180605.jar:/home/user/.m2/repository/org/eclipse/jetty/jetty-xml/9.3.24.v20180605/jetty-xml-9.3.24.v20180605.jar:/home/user/.m2/repository/log4j/log4j/1.2.17/log4j-1.2.17.jar:/home/user/.m2/repository/org/slf4j/slf4j-api/1.7.25/slf4j-api-1.7.25.jar:/home/user/.m2/repository/org/slf4j/jul-to-slf4j/1.7.25/jul-to-slf4j-1.7.25.jar:/home/user/.m2/repository/org/eclipse/jetty/jetty-util/9.3.24.v20180605/jetty-util-9.3.24.v20180605.jar:/home/user/.m2/repository/com/fasterxml/jackson/core/jackson-databind/2.9.5/jackson-databind-2.9.5.jar:/home/user/.m2/repository/org/apache/hadoop/hadoop-kms/3.2.0/hadoop-kms-3.2.0-tests.jar:/home/user/.m2/repository/org/apache/hadoop/hadoop-hdds-server-scm/0.5.0-SNAPSHOT/hadoop-hdds-server-scm-0.5.0-SNAPSHOT-tests.jar:/home/user/.m2/repository/org/apache/hadoop/hadoop-hdds-container-service/0.5.0-SNAPSHOT/hadoop-hdds-container-service-0.5.0-SNAPSHOT-tests.jar:/home/user/.m2/repository/org/yaml/snakeyaml/1.16/snakeyaml-1.16.jar:/home/user/.m2/repository/org/apache/hadoop/hadoop-common/3.2.0/hadoop-common-3.2.0-tests.jar:/home/user/.m2/repository/org/apache/hadoop/hadoop-annotations/3.2.0/hadoop-annotations-3.2.0.jar:/usr/lib/jvm/java-1.8-openjdk/jre/../lib/tools.jar:/home/user/.m2/repository/commons-cli/commons-cli/1.2/commons-cli-1.2.jar:/home/user/.m2/repository/org/apache/httpcomponents/httpclient/4.5.2/httpclient-4.5.2.jar:/home/user/.m2/repository/org/apache/httpcomponents/httpcore/4.4.4/httpcore-4.4.4.jar:/home/user/.m2/repository/commons-codec/commons-codec/1.11/commons-codec-1.11.jar:/home/user/.m2/repository/commons-net/commons-net/3.6/commons-net-3.6.jar:/home/user/.m2/repository/commons-collections/commons-collections/3.2.2/commons-collections-3.2.2.jar:/home/user/.m2/repository/org/eclipse/jetty/jetty-servlet/9.3.24.v20180605/jetty-servlet-9.3.24.v20180605.jar:/home/user/.m2/repository/org/eclipse/jetty/jetty-security/9.3.24.v20180605/jetty-security-9.3.24.v20180605.jar:/home/user/.m2/repository/javax/servlet/jsp/jsp-api/2.1/jsp-api-2.1.jar:/home/user/.m2/repository/com/sun/jersey/jersey-servlet/1.19/jersey-servlet-1.19.jar:/home/user/.m2/repository/com/sun/jersey/jersey-json/1.19/jersey-json-1.19.jar:/home/user/.m2/repository/org/codehaus/jettison/jettison/1.1/jettison-1.1.jar:/home/user/.m2/repository/org/codehaus/jackson/jackson-core-asl/1.9.13/jackson-core-asl-1.9.13.jar:/home/user/.m2/repository/org/codehaus/jackson/jackson-mapper-asl/1.9.13/jackson-mapper-asl-1.9.13.jar:/home/user/.m2/repository/org/codehaus/jackson/jackson-jaxrs/1.9.13/jackson-jaxrs-1.9.13.jar:/home/user/.m2/repository/org/codehaus/jackson/jackson-xc/1.9.13/jackson-xc-1.9.13.jar:/home/user/.m2/repository/commons-logging/commons-logging/1.1.3/commons-logging-1.1.3.jar:/home/user/.m2/repository/commons-beanutils/commons-beanutils/1.9.3/commons-beanutils-1.9.3.jar:/home/user/.m2/repository/org/apache/commons/commons-configuration2/2.1.1/commons-configuration2-2.1.1.jar:/home/user/.m2/repository/org/apache/commons/commons-lang3/3.7/commons-lang3-3.7.jar:/home/user/.m2/repository/org/apache/commons/commons-text/1.4/commons-text-1.4.jar:/home/user/.m2/repository/org/apache/avro/avro/1.7.7/avro-1.7.7.jar:/home/user/.m2/repository/com/thoughtworks/paranamer/paranamer/2.3/paranamer-2.3.jar:/home/user/.m2/repository/org/xerial/snappy/snappy-java/1.0.5/snappy-java-1.0.5.jar:/home/user/.m2/repository/com/google/re2j/re2j/1.1/re2j-1.1.jar:/home/user/.m2/repository/com/google/code/gson/gson/2.2.4/gson-2.2.4.jar:/home/user/.m2/repository/com/jcraft/jsch/0.1.54/jsch-0.1.54.jar:/home/user/.m2/repository/org/apache/curator/curator-client/2.12.0/curator-client-2.12.0.jar:/home/user/.m2/repository/org/apache/curator/curator-recipes/2.12.0/curator-recipes-2.12.0.jar:/home/user/.m2/repository/com/google/code/findbugs/jsr305/3.0.0/jsr305-3.0.0.jar:/home/user/.m2/repository/org/apache/htrace/htrace-core4/4.1.0-incubating/htrace-core4-4.1.0-incubating.jar:/home/user/.m2/repository/org/apache/zookeeper/zookeeper/3.4.13/zookeeper-3.4.13.jar:/home/user/.m2/repository/org/apache/yetus/audience-annotations/0.5.0/audience-annotations-0.5.0.jar:/home/user/.m2/repository/org/codehaus/woodstox/stax2-api/3.1.4/stax2-api-3.1.4.jar:/home/user/.m2/repository/com/fasterxml/woodstox/woodstox-core/5.0.3/woodstox-core-5.0.3.jar:/home/user/.m2/repository/dnsjava/dnsjava/2.1.7/dnsjava-2.1.7.jar:/home/user/.m2/repository/org/apache/hadoop/hadoop-hdfs/3.2.0/hadoop-hdfs-3.2.0-tests.jar:/home/user/.m2/repository/org/eclipse/jetty/jetty-util-ajax/9.3.24.v20180605/jetty-util-ajax-9.3.24.v20180605.jar:/home/user/.m2/repository/commons-daemon/commons-daemon/1.0.13/commons-daemon-1.0.13.jar:/home/user/.m2/repository/io/netty/netty/3.10.5.Final/netty-3.10.5.Final.jar:/home/user/.m2/repository/io/netty/netty-all/4.0.52.Final/netty-all-4.0.52.Final.jar:/home/user/.m2/repository/org/fusesource/leveldbjni/leveldbjni-all/1.8/leveldbjni-all-1.8.jar:"/>
    <property name="sun.cpu.endian" value="little"/>
    <property name="user.home" value="/home/user"/>
    <property name="user.language" value="en"/>
    <property name="java.specification.vendor" value="Oracle Corporation"/>
    <property name="java.home" value="/usr/lib/jvm/java-1.8-openjdk/jre"/>
    <property name="java.security.krb5.conf" value="/workdir/hadoop-ozone/integration-test/target/test-classes/krb5.conf"/>
    <property name="basedir" value="/workdir/hadoop-ozone/integration-test"/>
    <property name="file.separator" value="/"/>
    <property name="line.separator" value="&#10;"/>
    <property name="java.vm.specification.vendor" value="Oracle Corporation"/>
    <property name="java.specification.name" value="Java Platform API Specification"/>
    <property name="java.awt.graphicsenv" value="sun.awt.X11GraphicsEnvironment"/>
    <property name="surefire.real.class.path" value="/workdir/hadoop-ozone/integration-test/target/surefire/surefirebooter4960094176279637660.jar"/>
    <property name="hadoop.log.dir" value="/workdir/hadoop-ozone/integration-test/target/log"/>
    <property name="sun.boot.class.path" value="/usr/lib/jvm/java-1.8-openjdk/jre/lib/resources.jar:/usr/lib/jvm/java-1.8-openjdk/jre/lib/rt.jar:/usr/lib/jvm/java-1.8-openjdk/jre/lib/sunrsasign.jar:/usr/lib/jvm/java-1.8-openjdk/jre/lib/jsse.jar:/usr/lib/jvm/java-1.8-openjdk/jre/lib/jce.jar:/usr/lib/jvm/java-1.8-openjdk/jre/lib/charsets.jar:/usr/lib/jvm/java-1.8-openjdk/jre/lib/jfr.jar:/usr/lib/jvm/java-1.8-openjdk/jre/classes"/>
    <property name="sun.management.compiler" value="HotSpot 64-Bit Tiered Compilers"/>
    <property name="java.runtime.version" value="1.8.0_212-b04"/>
    <property name="java.net.preferIPv4Stack" value="true"/>
    <property name="user.name" value="jenkins1000"/>
    <property name="path.separator" value=":"/>
    <property name="java.security.egd" value="file:///dev/urandom"/>
    <property name="os.version" value="3.10.0-957.12.2.el7.x86_64"/>
    <property name="java.endorsed.dirs" value="/usr/lib/jvm/java-1.8-openjdk/jre/lib/endorsed"/>
    <property name="java.runtime.name" value="OpenJDK Runtime Environment"/>
    <property name="file.encoding" value="UTF-8"/>
    <property name="java.vm.name" value="OpenJDK 64-Bit Server VM"/>
    <property name="test.build.webapps" value=""/>
    <property name="localRepository" value="/home/user/.m2/repository"/>
    <property name="java.vendor.url.bug" value="https://icedtea.classpath.org/bugzilla"/>
    <property name="java.io.tmpdir" value="/tmp"/>
    <property name="require.test.libhadoop" value=""/>
    <property name="java.version" value="1.8.0_212"/>
    <property name="user.dir" value="/workdir/hadoop-ozone/integration-test"/>
    <property name="os.arch" value="amd64"/>
    <property name="java.vm.specification.name" value="Java Virtual Machine Specification"/>
    <property name="test.build.classes" value="/workdir/hadoop-ozone/integration-test/target/test-classes"/>
    <property name="java.awt.printerjob" value="sun.print.PSPrinterJob"/>
    <property name="sun.os.patch.level" value="unknown"/>
    <property name="hadoop.tmp.dir" value="/workdir/hadoop-ozone/integration-test/target/tmp"/>
    <property name="java.library.path" value="/usr/lib/jvm/java-1.8-openjdk/jre/lib/amd64/server:/usr/lib/jvm/java-1.8-openjdk/jre/lib/amd64:/usr/lib/jvm/java-1.8-openjdk/jre/../lib/amd64:/workdir/hadoop-ozone/integration-test/target/native/target/usr/local/lib:/workdir/hadoop-ozone/integration-test/../../hadoop-common-project/hadoop-common/target/native/target/usr/local/lib:/usr/java/packages/lib/amd64:/usr/lib64:/lib64:/lib:/usr/lib"/>
    <property name="java.vm.info" value="mixed mode"/>
    <property name="java.vendor" value="IcedTea"/>
    <property name="java.vm.version" value="25.212-b04"/>
    <property name="java.ext.dirs" value="/usr/lib/jvm/java-1.8-openjdk/jre/lib/ext:/usr/java/packages/lib/ext"/>
    <property name="sun.io.unicode.encoding" value="UnicodeLittle"/>
    <property name="java.class.version" value="52.0"/>
  </properties>
  <testcase name="test2DatanodesFailure" classname="org.apache.hadoop.ozone.client.rpc.TestBlockOutputStreamWithFailures" time="107.743"/>
  <testcase name="testDatanodeFailureWithPreAllocation" classname="org.apache.hadoop.ozone.client.rpc.TestBlockOutputStreamWithFailures" time="225.581"/>
  <testcase name="testDatanodeFailureWithSingleNodeRatis" classname="org.apache.hadoop.ozone.client.rpc.TestBlockOutputStreamWithFailures" time="227.094"/>
  <testcase name="testWatchForCommitWithSingleNodeRatis" classname="org.apache.hadoop.ozone.client.rpc.TestBlockOutputStreamWithFailures" time="35.603"/>
  <testcase name="testWatchForCommitDatanodeFailure" classname="org.apache.hadoop.ozone.client.rpc.TestBlockOutputStreamWithFailures" time="40.633"/>
  <testcase name="testFailureWithPrimeSizedData" classname="org.apache.hadoop.ozone.client.rpc.TestBlockOutputStreamWithFailures" time="37.598">
    <failure message="expected:&lt;2&gt; but was:&lt;3&gt;" type="java.lang.AssertionError"><![CDATA[java.lang.AssertionError: expected:<2> but was:<3>
	at org.junit.Assert.fail(Assert.java:88)
	at org.junit.Assert.failNotEquals(Assert.java:743)
	at org.junit.Assert.assertEquals(Assert.java:118)
	at org.junit.Assert.assertEquals(Assert.java:555)
	at org.junit.Assert.assertEquals(Assert.java:542)
	at org.apache.hadoop.ozone.client.rpc.TestBlockOutputStreamWithFailures.testFailureWithPrimeSizedData(TestBlockOutputStreamWithFailures.java:635)
	at sun.reflect.NativeMethodAccessorImpl.invoke0(Native Method)
	at sun.reflect.NativeMethodAccessorImpl.invoke(NativeMethodAccessorImpl.java:62)
	at sun.reflect.DelegatingMethodAccessorImpl.invoke(DelegatingMethodAccessorImpl.java:43)
	at java.lang.reflect.Method.invoke(Method.java:498)
	at org.junit.runners.model.FrameworkMethod$1.runReflectiveCall(FrameworkMethod.java:47)
	at org.junit.internal.runners.model.ReflectiveCallable.run(ReflectiveCallable.java:12)
	at org.junit.runners.model.FrameworkMethod.invokeExplosively(FrameworkMethod.java:44)
	at org.junit.internal.runners.statements.InvokeMethod.evaluate(InvokeMethod.java:17)
	at org.junit.internal.runners.statements.RunBefores.evaluate(RunBefores.java:26)
	at org.junit.internal.runners.statements.RunAfters.evaluate(RunAfters.java:27)
	at org.junit.runners.ParentRunner.runLeaf(ParentRunner.java:271)
	at org.junit.runners.BlockJUnit4ClassRunner.runChild(BlockJUnit4ClassRunner.java:70)
	at org.junit.runners.BlockJUnit4ClassRunner.runChild(BlockJUnit4ClassRunner.java:50)
	at org.junit.runners.ParentRunner$3.run(ParentRunner.java:238)
	at org.junit.runners.ParentRunner$1.schedule(ParentRunner.java:63)
	at org.junit.runners.ParentRunner.runChildren(ParentRunner.java:236)
	at org.junit.runners.ParentRunner.access$000(ParentRunner.java:53)
	at org.junit.runners.ParentRunner$2.evaluate(ParentRunner.java:229)
	at org.junit.runners.ParentRunner.run(ParentRunner.java:309)
	at org.apache.maven.surefire.junit4.JUnit4Provider.execute(JUnit4Provider.java:365)
	at org.apache.maven.surefire.junit4.JUnit4Provider.executeWithRerun(JUnit4Provider.java:273)
	at org.apache.maven.surefire.junit4.JUnit4Provider.executeTestSet(JUnit4Provider.java:238)
	at org.apache.maven.surefire.junit4.JUnit4Provider.invoke(JUnit4Provider.java:159)
	at org.apache.maven.surefire.booter.ForkedBooter.invokeProviderInSameClassLoader(ForkedBooter.java:384)
	at org.apache.maven.surefire.booter.ForkedBooter.runSuitesInProcess(ForkedBooter.java:345)
	at org.apache.maven.surefire.booter.ForkedBooter.execute(ForkedBooter.java:126)
	at org.apache.maven.surefire.booter.ForkedBooter.main(ForkedBooter.java:418)
]]></failure>
    <system-out><![CDATA[2019-09-10 12:51:46,643 [main] WARN  server.ServerUtils (ServerUtils.java:getScmDbDir(145)) - ozone.scm.db.dirs is not configured. We recommend adding this setting. Falling back to ozone.metadata.dirs instead.
2019-09-10 12:51:46,668 [main] WARN  server.ServerUtils (ServerUtils.java:getScmDbDir(145)) - ozone.scm.db.dirs is not configured. We recommend adding this setting. Falling back to ozone.metadata.dirs instead.
2019-09-10 12:51:46,668 [main] WARN  server.ServerUtils (ServerUtils.java:getScmDbDir(145)) - ozone.scm.db.dirs is not configured. We recommend adding this setting. Falling back to ozone.metadata.dirs instead.
2019-09-10 12:51:46,669 [main] INFO  db.DBStoreBuilder (DBStoreBuilder.java:addTable(110)) - using custom profile for table: deletedBlocks
2019-09-10 12:51:46,669 [main] INFO  db.DBStoreBuilder (DBStoreBuilder.java:processTables(161)) - Using default column profile:DBProfile.DISK for Table:deletedBlocks
2019-09-10 12:51:46,670 [main] INFO  db.DBStoreBuilder (DBStoreBuilder.java:addTable(110)) - using custom profile for table: validCerts
2019-09-10 12:51:46,670 [main] INFO  db.DBStoreBuilder (DBStoreBuilder.java:processTables(161)) - Using default column profile:DBProfile.DISK for Table:validCerts
2019-09-10 12:51:46,670 [main] INFO  db.DBStoreBuilder (DBStoreBuilder.java:addTable(110)) - using custom profile for table: revokedCerts
2019-09-10 12:51:46,670 [main] INFO  db.DBStoreBuilder (DBStoreBuilder.java:processTables(161)) - Using default column profile:DBProfile.DISK for Table:revokedCerts
2019-09-10 12:51:46,671 [main] INFO  db.DBStoreBuilder (DBStoreBuilder.java:addTable(110)) - using custom profile for table: default
2019-09-10 12:51:46,671 [main] INFO  db.DBStoreBuilder (DBStoreBuilder.java:processTables(167)) - Using default column profile:DBProfile.DISK for Table:default
2019-09-10 12:51:46,671 [main] INFO  db.DBStoreBuilder (DBStoreBuilder.java:getDbProfile(198)) - Using default options. DBProfile.DISK
2019-09-10 12:51:46,884 [main] INFO  net.NodeSchemaLoader (NodeSchemaLoader.java:loadSchemaFromFile(125)) - Loading file from sun.misc.CompoundEnumeration@4873c645
2019-09-10 12:51:46,885 [main] INFO  net.NodeSchemaLoader (NodeSchemaLoader.java:loadSchema(171)) - Loading network topology layer schema file
2019-09-10 12:51:46,891 [main] INFO  node.SCMNodeManager (SCMNodeManager.java:<init>(121)) - Entering startup safe mode.
2019-09-10 12:51:46,892 [main] INFO  algorithms.ContainerPlacementPolicyFactory (ContainerPlacementPolicyFactory.java:getPolicy(56)) - Create container placement policy of type org.apache.hadoop.hdds.scm.container.placement.algorithms.SCMContainerPlacementRandom
2019-09-10 12:51:46,892 [main] WARN  server.ServerUtils (ServerUtils.java:getScmDbDir(145)) - ozone.scm.db.dirs is not configured. We recommend adding this setting. Falling back to ozone.metadata.dirs instead.
2019-09-10 12:51:46,921 [main] INFO  pipeline.SCMPipelineManager (SCMPipelineManager.java:initializePipelineState(126)) - No pipeline exists in current db
2019-09-10 12:51:46,922 [main] WARN  server.ServerUtils (ServerUtils.java:getScmDbDir(145)) - ozone.scm.db.dirs is not configured. We recommend adding this setting. Falling back to ozone.metadata.dirs instead.
2019-09-10 12:51:47,074 [main] WARN  events.EventQueue (EventQueue.java:fireEvent(175)) - No event handler registered for event TypedEvent{payloadType=SafeModeStatus, name='SafeModeStatus'}
2019-09-10 12:51:47,075 [main] INFO  ipc.CallQueueManager (CallQueueManager.java:<init>(84)) - Using callQueue: class java.util.concurrent.LinkedBlockingQueue, queueCapacity: 2000, scheduler: class org.apache.hadoop.ipc.DefaultRpcScheduler, ipcBackoff: false.
2019-09-10 12:51:47,076 [Socket Reader #1 for port 33913] INFO  ipc.Server (Server.java:run(1074)) - Starting Socket Reader #1 for port 33913
2019-09-10 12:51:47,079 [main] INFO  ipc.CallQueueManager (CallQueueManager.java:<init>(84)) - Using callQueue: class java.util.concurrent.LinkedBlockingQueue, queueCapacity: 2000, scheduler: class org.apache.hadoop.ipc.DefaultRpcScheduler, ipcBackoff: false.
2019-09-10 12:51:47,080 [Socket Reader #1 for port 33642] INFO  ipc.Server (Server.java:run(1074)) - Starting Socket Reader #1 for port 33642
2019-09-10 12:51:47,082 [main] INFO  ipc.CallQueueManager (CallQueueManager.java:<init>(84)) - Using callQueue: class java.util.concurrent.LinkedBlockingQueue, queueCapacity: 2000, scheduler: class org.apache.hadoop.ipc.DefaultRpcScheduler, ipcBackoff: false.
2019-09-10 12:51:47,083 [Socket Reader #1 for port 44472] INFO  ipc.Server (Server.java:run(1074)) - Starting Socket Reader #1 for port 44472
2019-09-10 12:51:47,088 [main] INFO  hdfs.DFSUtil (DFSUtil.java:httpServerTemplateForNNAndJN(1641)) - Starting Web-server for scm at: http://0.0.0.0:0
2019-09-10 12:51:47,092 [main] INFO  server.AuthenticationFilter (AuthenticationFilter.java:constructSecretProvider(240)) - Unable to initialize FileSignerSecretProvider, falling back to use random secrets.
2019-09-10 12:51:47,093 [main] WARN  http.HttpRequestLog (HttpRequestLog.java:getRequestLog(97)) - Jetty request log can only be enabled using Log4j
2019-09-10 12:51:47,095 [main] INFO  http.HttpServer2 (HttpServer2.java:addGlobalFilter(975)) - Added global filter 'safety' (class=org.apache.hadoop.http.HttpServer2$QuotingInputFilter)
2019-09-10 12:51:47,095 [main] INFO  http.HttpServer2 (HttpServer2.java:addFilter(948)) - Added filter static_user_filter (class=org.apache.hadoop.http.lib.StaticUserWebFilter$StaticUserFilter) to context scm
2019-09-10 12:51:47,096 [main] INFO  http.HttpServer2 (HttpServer2.java:addFilter(958)) - Added filter static_user_filter (class=org.apache.hadoop.http.lib.StaticUserWebFilter$StaticUserFilter) to context static
2019-09-10 12:51:47,096 [main] INFO  http.HttpServer2 (HttpServer2.java:addFilter(958)) - Added filter static_user_filter (class=org.apache.hadoop.http.lib.StaticUserWebFilter$StaticUserFilter) to context logs
2019-09-10 12:51:47,098 [main] INFO  server.StorageContainerManager (StorageContainerManager.java:start(759)) - StorageContainerLocationProtocol RPC server is listening at /0.0.0.0:44472
2019-09-10 12:51:47,100 [main] WARN  impl.MetricsConfig (MetricsConfig.java:loadFirst(134)) - Cannot locate configuration: tried hadoop-metrics2-storagecontainermanager.properties,hadoop-metrics2.properties
2019-09-10 12:51:47,102 [main] INFO  impl.MetricsSystemImpl (MetricsSystemImpl.java:startTimer(374)) - Scheduled Metric snapshot period at 10 second(s).
2019-09-10 12:51:47,102 [main] INFO  impl.MetricsSystemImpl (MetricsSystemImpl.java:start(191)) - StorageContainerManager metrics system started
2019-09-10 12:51:47,219 [main] INFO  server.SCMClientProtocolServer (SCMClientProtocolServer.java:start(151)) - RPC server for Client  is listening at /0.0.0.0:44472
2019-09-10 12:51:47,219 [IPC Server Responder] INFO  ipc.Server (Server.java:run(1314)) - IPC Server Responder: starting
2019-09-10 12:51:47,219 [IPC Server listener on 44472] INFO  ipc.Server (Server.java:run(1153)) - IPC Server listener on 44472: starting
2019-09-10 12:51:47,222 [main] INFO  server.StorageContainerManager (StorageContainerManager.java:start(769)) - ScmBlockLocationProtocol RPC server is listening at /0.0.0.0:33642
2019-09-10 12:51:47,222 [main] INFO  server.SCMBlockProtocolServer (SCMBlockProtocolServer.java:start(140)) - RPC server for Block Protocol is listening at /0.0.0.0:33642
2019-09-10 12:51:47,223 [IPC Server Responder] INFO  ipc.Server (Server.java:run(1314)) - IPC Server Responder: starting
2019-09-10 12:51:47,223 [IPC Server listener on 33642] INFO  ipc.Server (Server.java:run(1153)) - IPC Server listener on 33642: starting
2019-09-10 12:51:47,225 [main] INFO  server.StorageContainerManager (StorageContainerManager.java:start(773)) - ScmDatanodeProtocl RPC server is listening at /0.0.0.0:33913
2019-09-10 12:51:47,225 [main] INFO  server.SCMDatanodeProtocolServer (SCMDatanodeProtocolServer.java:start(191)) - RPC server for DataNodes is listening at /0.0.0.0:33913
2019-09-10 12:51:47,226 [IPC Server Responder] INFO  ipc.Server (Server.java:run(1314)) - IPC Server Responder: starting
2019-09-10 12:51:47,226 [IPC Server listener on 33913] INFO  ipc.Server (Server.java:run(1153)) - IPC Server listener on 33913: starting
2019-09-10 12:51:47,231 [main] INFO  http.HttpServer2 (HttpServer2.java:bindListener(1191)) - Jetty bound to port 35740
2019-09-10 12:51:47,231 [main] INFO  server.Server (Server.java:doStart(351)) - jetty-9.3.24.v20180605, build timestamp: 2018-06-05T17:11:56Z, git hash: 84205aa28f11a4f31f2a3b86d1bba2cc8ab69827
2019-09-10 12:51:47,232 [main] INFO  handler.ContextHandler (ContextHandler.java:doStart(781)) - Started o.e.j.s.ServletContextHandler@62036b05{/logs,file:///workdir/hadoop-ozone/integration-test/target/log,AVAILABLE}
2019-09-10 12:51:47,233 [main] INFO  handler.ContextHandler (ContextHandler.java:doStart(781)) - Started o.e.j.s.ServletContextHandler@720cbb7d{/static,file:///workdir/hadoop-ozone/integration-test/target/test-classes/webapps/static,AVAILABLE}
2019-09-10 12:51:47,236 [main] INFO  handler.ContextHandler (ContextHandler.java:doStart(781)) - Started o.e.j.w.WebAppContext@4b7ab262{/,file:///workdir/hadoop-ozone/integration-test/target/test-classes/webapps/scm/,AVAILABLE}{/scm}
2019-09-10 12:51:47,236 [main] INFO  server.AbstractConnector (AbstractConnector.java:doStart(278)) - Started ServerConnector@f7a19c4{HTTP/1.1,[http/1.1]}{0.0.0.0:35740}
2019-09-10 12:51:47,237 [main] INFO  server.Server (Server.java:doStart(419)) - Started @637886ms
2019-09-10 12:51:47,239 [main] INFO  server.BaseHttpServer (BaseHttpServer.java:updateConnectorAddress(213)) - HTTP server of SCM is listening at http://0.0.0.0:35740
2019-09-10 12:51:47,240 [main] WARN  server.ServerUtils (ServerUtils.java:getDBPath(222)) - ozone.om.db.dirs is not configured. We recommend adding this setting. Falling back to ozone.metadata.dirs instead.
2019-09-10 12:51:47,241 [org.apache.hadoop.util.JvmPauseMonitor$Monitor@2c48eb31] INFO  util.JvmPauseMonitor (JvmPauseMonitor.java:run(188)) - Starting JVM pause monitor
2019-09-10 12:51:47,303 [main] WARN  server.ServerUtils (ServerUtils.java:getDBPath(222)) - ozone.om.db.dirs is not configured. We recommend adding this setting. Falling back to ozone.metadata.dirs instead.
2019-09-10 12:51:47,303 [main] WARN  server.ServerUtils (ServerUtils.java:getDBPath(222)) - ozone.om.db.dirs is not configured. We recommend adding this setting. Falling back to ozone.metadata.dirs instead.
2019-09-10 12:51:47,304 [main] INFO  om.OzoneManager (OzoneManager.java:setOMNodeDetails(645)) - OM Service ID is not set. Setting it to the default ID: omServiceIdDefault
2019-09-10 12:51:47,304 [main] INFO  om.OzoneManager (OzoneManager.java:setOMNodeDetails(651)) - OM Node ID is not set. Setting it to the OmStorage's OmID: 2e43535b-3750-468c-a3a1-b23d830ba7b0
2019-09-10 12:51:47,304 [main] INFO  om.OzoneManager (OzoneManager.java:loadOMHAConfigs(602)) - Found matching OM address with OMServiceId: null, OMNodeId: null, RPC Address: localhost:0 and Ratis port: 9872
2019-09-10 12:51:47,309 | INFO  | SCMAudit | user=jenkins1000 | ip=192.168.5.153 | op=GET_SCM_INFO null | ret=SUCCESS |  
2019-09-10 12:51:47,312 [main] WARN  server.ServerUtils (ServerUtils.java:getDBPath(222)) - ozone.om.db.dirs is not configured. We recommend adding this setting. Falling back to ozone.metadata.dirs instead.
2019-09-10 12:51:47,312 [main] INFO  db.DBStoreBuilder (DBStoreBuilder.java:addTable(110)) - using custom profile for table: userTable
2019-09-10 12:51:47,312 [main] INFO  db.DBStoreBuilder (DBStoreBuilder.java:processTables(161)) - Using default column profile:DBProfile.DISK for Table:userTable
2019-09-10 12:51:47,313 [main] INFO  db.DBStoreBuilder (DBStoreBuilder.java:addTable(110)) - using custom profile for table: volumeTable
2019-09-10 12:51:47,313 [main] INFO  db.DBStoreBuilder (DBStoreBuilder.java:processTables(161)) - Using default column profile:DBProfile.DISK for Table:volumeTable
2019-09-10 12:51:47,313 [main] INFO  db.DBStoreBuilder (DBStoreBuilder.java:addTable(110)) - using custom profile for table: bucketTable
2019-09-10 12:51:47,314 [main] INFO  db.DBStoreBuilder (DBStoreBuilder.java:processTables(161)) - Using default column profile:DBProfile.DISK for Table:bucketTable
2019-09-10 12:51:47,314 [main] INFO  db.DBStoreBuilder (DBStoreBuilder.java:addTable(110)) - using custom profile for table: keyTable
2019-09-10 12:51:47,314 [main] INFO  db.DBStoreBuilder (DBStoreBuilder.java:processTables(161)) - Using default column profile:DBProfile.DISK for Table:keyTable
2019-09-10 12:51:47,314 [main] INFO  db.DBStoreBuilder (DBStoreBuilder.java:addTable(110)) - using custom profile for table: deletedTable
2019-09-10 12:51:47,315 [main] INFO  db.DBStoreBuilder (DBStoreBuilder.java:processTables(161)) - Using default column profile:DBProfile.DISK for Table:deletedTable
2019-09-10 12:51:47,315 [main] INFO  db.DBStoreBuilder (DBStoreBuilder.java:addTable(110)) - using custom profile for table: openKeyTable
2019-09-10 12:51:47,315 [main] INFO  db.DBStoreBuilder (DBStoreBuilder.java:processTables(161)) - Using default column profile:DBProfile.DISK for Table:openKeyTable
2019-09-10 12:51:47,315 [main] INFO  db.DBStoreBuilder (DBStoreBuilder.java:addTable(110)) - using custom profile for table: s3Table
2019-09-10 12:51:47,316 [main] INFO  db.DBStoreBuilder (DBStoreBuilder.java:processTables(161)) - Using default column profile:DBProfile.DISK for Table:s3Table
2019-09-10 12:51:47,316 [main] INFO  db.DBStoreBuilder (DBStoreBuilder.java:addTable(110)) - using custom profile for table: multipartInfoTable
2019-09-10 12:51:47,316 [main] INFO  db.DBStoreBuilder (DBStoreBuilder.java:processTables(161)) - Using default column profile:DBProfile.DISK for Table:multipartInfoTable
2019-09-10 12:51:47,317 [main] INFO  db.DBStoreBuilder (DBStoreBuilder.java:addTable(110)) - using custom profile for table: dTokenTable
2019-09-10 12:51:47,317 [main] INFO  db.DBStoreBuilder (DBStoreBuilder.java:processTables(161)) - Using default column profile:DBProfile.DISK for Table:dTokenTable
2019-09-10 12:51:47,317 [main] INFO  db.DBStoreBuilder (DBStoreBuilder.java:addTable(110)) - using custom profile for table: s3SecretTable
2019-09-10 12:51:47,317 [main] INFO  db.DBStoreBuilder (DBStoreBuilder.java:processTables(161)) - Using default column profile:DBProfile.DISK for Table:s3SecretTable
2019-09-10 12:51:47,318 [main] INFO  db.DBStoreBuilder (DBStoreBuilder.java:addTable(110)) - using custom profile for table: prefixTable
2019-09-10 12:51:47,318 [main] INFO  db.DBStoreBuilder (DBStoreBuilder.java:processTables(161)) - Using default column profile:DBProfile.DISK for Table:prefixTable
2019-09-10 12:51:47,318 [main] INFO  db.DBStoreBuilder (DBStoreBuilder.java:addTable(110)) - using custom profile for table: default
2019-09-10 12:51:47,318 [main] INFO  db.DBStoreBuilder (DBStoreBuilder.java:processTables(167)) - Using default column profile:DBProfile.DISK for Table:default
2019-09-10 12:51:47,319 [main] INFO  db.DBStoreBuilder (DBStoreBuilder.java:getDbProfile(198)) - Using default options. DBProfile.DISK
2019-09-10 12:51:48,043 [main] INFO  ipc.CallQueueManager (CallQueueManager.java:<init>(84)) - Using callQueue: class java.util.concurrent.LinkedBlockingQueue, queueCapacity: 2000, scheduler: class org.apache.hadoop.ipc.DefaultRpcScheduler, ipcBackoff: false.
2019-09-10 12:51:48,044 [Socket Reader #1 for port 37533] INFO  ipc.Server (Server.java:run(1074)) - Starting Socket Reader #1 for port 37533
2019-09-10 12:51:48,062 [main] INFO  om.OzoneManager (OzoneManager.java:start(1256)) - OzoneManager RPC server is listening at localhost/127.0.0.1:37533
2019-09-10 12:51:48,062 [main] INFO  impl.MetricsSystemImpl (MetricsSystemImpl.java:init(158)) - OzoneManager metrics system started (again)
2019-09-10 12:51:48,063 [IPC Server Responder] INFO  ipc.Server (Server.java:run(1314)) - IPC Server Responder: starting
2019-09-10 12:51:48,063 [IPC Server listener on 37533] INFO  ipc.Server (Server.java:run(1153)) - IPC Server listener on 37533: starting
2019-09-10 12:51:48,069 [main] INFO  hdfs.DFSUtil (DFSUtil.java:httpServerTemplateForNNAndJN(1641)) - Starting Web-server for ozoneManager at: http://0.0.0.0:0
2019-09-10 12:51:48,070 [main] INFO  server.AuthenticationFilter (AuthenticationFilter.java:constructSecretProvider(240)) - Unable to initialize FileSignerSecretProvider, falling back to use random secrets.
2019-09-10 12:51:48,071 [main] WARN  http.HttpRequestLog (HttpRequestLog.java:getRequestLog(97)) - Jetty request log can only be enabled using Log4j
2019-09-10 12:51:48,073 [main] INFO  http.HttpServer2 (HttpServer2.java:addGlobalFilter(975)) - Added global filter 'safety' (class=org.apache.hadoop.http.HttpServer2$QuotingInputFilter)
2019-09-10 12:51:48,073 [main] INFO  http.HttpServer2 (HttpServer2.java:addFilter(948)) - Added filter static_user_filter (class=org.apache.hadoop.http.lib.StaticUserWebFilter$StaticUserFilter) to context ozoneManager
2019-09-10 12:51:48,074 [main] INFO  http.HttpServer2 (HttpServer2.java:addFilter(958)) - Added filter static_user_filter (class=org.apache.hadoop.http.lib.StaticUserWebFilter$StaticUserFilter) to context logs
2019-09-10 12:51:48,074 [main] INFO  http.HttpServer2 (HttpServer2.java:addFilter(958)) - Added filter static_user_filter (class=org.apache.hadoop.http.lib.StaticUserWebFilter$StaticUserFilter) to context static
2019-09-10 12:51:48,075 [main] INFO  http.HttpServer2 (HttpServer2.java:bindListener(1191)) - Jetty bound to port 46629
2019-09-10 12:51:48,075 [main] INFO  server.Server (Server.java:doStart(351)) - jetty-9.3.24.v20180605, build timestamp: 2018-06-05T17:11:56Z, git hash: 84205aa28f11a4f31f2a3b86d1bba2cc8ab69827
2019-09-10 12:51:48,077 [main] INFO  handler.ContextHandler (ContextHandler.java:doStart(781)) - Started o.e.j.s.ServletContextHandler@17e96b3c{/logs,file:///workdir/hadoop-ozone/integration-test/target/log,AVAILABLE}
2019-09-10 12:51:48,077 [main] INFO  handler.ContextHandler (ContextHandler.java:doStart(781)) - Started o.e.j.s.ServletContextHandler@6316b9e3{/static,file:///workdir/hadoop-ozone/integration-test/target/test-classes/webapps/static,AVAILABLE}
2019-09-10 12:51:48,081 [main] INFO  handler.ContextHandler (ContextHandler.java:doStart(781)) - Started o.e.j.w.WebAppContext@6a4bd9e4{/,file:///workdir/hadoop-ozone/integration-test/target/test-classes/webapps/ozoneManager/,AVAILABLE}{/ozoneManager}
2019-09-10 12:51:48,082 [main] INFO  server.AbstractConnector (AbstractConnector.java:doStart(278)) - Started ServerConnector@8ea1521{HTTP/1.1,[http/1.1]}{0.0.0.0:46629}
2019-09-10 12:51:48,083 [main] INFO  server.Server (Server.java:doStart(419)) - Started @638732ms
2019-09-10 12:51:48,084 [main] INFO  server.BaseHttpServer (BaseHttpServer.java:updateConnectorAddress(213)) - HTTP server of OZONEMANAGER is listening at http://0.0.0.0:46629
2019-09-10 12:51:48,098 [main] INFO  impl.MetricsSystemImpl (MetricsSystemImpl.java:init(158)) - HddsDatanode metrics system started (again)
2019-09-10 12:51:48,101 [main] INFO  ozone.HddsDatanodeService (HddsDatanodeService.java:start(184)) - HddsDatanodeService host:pr-hdds-1571-5ln6c-1111760135 ip:192.168.5.153
2019-09-10 12:51:48,111 [main] INFO  volume.HddsVolume (HddsVolume.java:<init>(176)) - Creating Volume: /workdir/hadoop-ozone/integration-test/target/test-dir/MiniOzoneClusterImpl-621806fa-6f52-406a-98d3-49fc87e46c7c/datanode-0/data/containers/hdds of  storage type : DISK and capacity : 1482555576320
2019-09-10 12:51:48,111 [main] INFO  volume.VolumeSet (VolumeSet.java:initializeVolumeSet(170)) - Added Volume : /workdir/hadoop-ozone/integration-test/target/test-dir/MiniOzoneClusterImpl-621806fa-6f52-406a-98d3-49fc87e46c7c/datanode-0/data/containers/hdds to VolumeSet
2019-09-10 12:51:48,111 [main] INFO  volume.ThrottledAsyncChecker (ThrottledAsyncChecker.java:schedule(140)) - Scheduling a check for org.apache.hadoop.ozone.container.common.volume.HddsVolume@675c1335
2019-09-10 12:51:48,112 [main] INFO  volume.HddsVolumeChecker (HddsVolumeChecker.java:checkAllVolumes(203)) - Scheduled health check for volume org.apache.hadoop.ozone.container.common.volume.HddsVolume@675c1335
2019-09-10 12:51:48,128 [main] INFO  impl.RaftServerProxy (ConfUtils.java:logGet(43)) - raft.rpc.type = GRPC (default)
2019-09-10 12:51:48,128 [main] INFO  grpc.GrpcFactory (GrpcFactory.java:checkPooledByteBufAllocatorUseCacheForAllThreads(45)) - PERFORMANCE WARNING: useCacheForAllThreads is true that may cause Netty to create a lot garbage objects and, as a result, trigger GC.
	It is recommended to disable useCacheForAllThreads by setting -Dorg.apache.ratis.thirdparty.io.netty.allocator.useCacheForAllThreads=false in command line.
2019-09-10 12:51:48,128 [main] INFO  grpc.GrpcConfigKeys$Server (ConfUtils.java:logGet(43)) - raft.grpc.server.port = 0 (default)
2019-09-10 12:51:48,128 [main] INFO  server.GrpcService (ConfUtils.java:logGet(43)) - raft.grpc.message.size.max = 33570816 (custom)
2019-09-10 12:51:48,128 [main] INFO  server.RaftServerConfigKeys (ConfUtils.java:logGet(43)) - raft.server.log.appender.buffer.byte-limit = 33554432 (custom)
2019-09-10 12:51:48,129 [main] INFO  server.GrpcService (ConfUtils.java:logGet(43)) - raft.grpc.flow.control.window = 1MB (=1048576) (default)
2019-09-10 12:51:48,129 [main] INFO  server.RaftServerConfigKeys (ConfUtils.java:logGet(43)) - raft.server.rpc.request.timeout = 3000ms (default)
2019-09-10 12:51:48,129 [main] INFO  server.RaftServerConfigKeys (ConfUtils.java:logGet(43)) - raft.server.storage.dir = [/workdir/hadoop-ozone/integration-test/target/test-dir/MiniOzoneClusterImpl-621806fa-6f52-406a-98d3-49fc87e46c7c/datanode-0/data/ratis] (custom)
2019-09-10 12:51:48,130 [main] INFO  replication.SimpleContainerDownloader (SimpleContainerDownloader.java:<init>(72)) - Starting container downloader service to copy containers to replicate.
2019-09-10 12:51:48,131 [main] INFO  hdfs.DFSUtil (DFSUtil.java:httpServerTemplateForNNAndJN(1641)) - Starting Web-server for hddsDatanode at: http://0.0.0.0:0
2019-09-10 12:51:48,132 [main] INFO  server.AuthenticationFilter (AuthenticationFilter.java:constructSecretProvider(240)) - Unable to initialize FileSignerSecretProvider, falling back to use random secrets.
2019-09-10 12:51:48,132 [main] WARN  http.HttpRequestLog (HttpRequestLog.java:getRequestLog(97)) - Jetty request log can only be enabled using Log4j
2019-09-10 12:51:48,134 [main] INFO  http.HttpServer2 (HttpServer2.java:addGlobalFilter(975)) - Added global filter 'safety' (class=org.apache.hadoop.http.HttpServer2$QuotingInputFilter)
2019-09-10 12:51:48,135 [main] INFO  http.HttpServer2 (HttpServer2.java:addFilter(948)) - Added filter static_user_filter (class=org.apache.hadoop.http.lib.StaticUserWebFilter$StaticUserFilter) to context hddsDatanode
2019-09-10 12:51:48,135 [main] INFO  http.HttpServer2 (HttpServer2.java:addFilter(958)) - Added filter static_user_filter (class=org.apache.hadoop.http.lib.StaticUserWebFilter$StaticUserFilter) to context static
2019-09-10 12:51:48,135 [main] INFO  http.HttpServer2 (HttpServer2.java:addFilter(958)) - Added filter static_user_filter (class=org.apache.hadoop.http.lib.StaticUserWebFilter$StaticUserFilter) to context logs
2019-09-10 12:51:48,136 [main] INFO  http.HttpServer2 (HttpServer2.java:bindListener(1191)) - Jetty bound to port 35853
2019-09-10 12:51:48,136 [main] INFO  server.Server (Server.java:doStart(351)) - jetty-9.3.24.v20180605, build timestamp: 2018-06-05T17:11:56Z, git hash: 84205aa28f11a4f31f2a3b86d1bba2cc8ab69827
2019-09-10 12:51:48,137 [main] INFO  handler.ContextHandler (ContextHandler.java:doStart(781)) - Started o.e.j.s.ServletContextHandler@7d593bbc{/logs,file:///workdir/hadoop-ozone/integration-test/target/log,AVAILABLE}
2019-09-10 12:51:48,138 [main] INFO  handler.ContextHandler (ContextHandler.java:doStart(781)) - Started o.e.j.s.ServletContextHandler@65018381{/static,jar:file:/home/user/.m2/repository/org/apache/hadoop/hadoop-hdds-container-service/0.5.0-SNAPSHOT/hadoop-hdds-container-service-0.5.0-SNAPSHOT.jar!/webapps/static,AVAILABLE}
2019-09-10 12:51:48,166 [main] INFO  handler.ContextHandler (ContextHandler.java:doStart(781)) - Started o.e.j.w.WebAppContext@27d9a016{/,file:///tmp/jetty-0.0.0.0-35853-hddsDatanode-_-any-3614416114992573427.dir/webapp/,AVAILABLE}{/hddsDatanode}
2019-09-10 12:51:48,167 [main] INFO  server.AbstractConnector (AbstractConnector.java:doStart(278)) - Started ServerConnector@68c9cf93{HTTP/1.1,[http/1.1]}{0.0.0.0:35853}
2019-09-10 12:51:48,168 [main] INFO  server.Server (Server.java:doStart(419)) - Started @638817ms
2019-09-10 12:51:48,169 [main] INFO  server.BaseHttpServer (BaseHttpServer.java:updateConnectorAddress(213)) - HTTP server of HDDSDATANODE is listening at http://0.0.0.0:35853
2019-09-10 12:51:48,317 | INFO  | ObjectStoreRestHttpServer | Listening HDDS REST traffic on /0.0.0.0:44781 |  
2019-09-10 12:51:48,317 [main] INFO  ozone.HddsDatanodeService (HddsDatanodeService.java:startPlugins(395)) - Started plug-in org.apache.hadoop.ozone.web.OzoneHddsDatanodeService@2d1dbf4f
2019-09-10 12:51:48,318 [main] INFO  impl.MetricsSystemImpl (MetricsSystemImpl.java:init(158)) - HddsDatanode metrics system started (again)
2019-09-10 12:51:48,321 [org.apache.hadoop.util.JvmPauseMonitor$Monitor@55223ce5] INFO  util.JvmPauseMonitor (JvmPauseMonitor.java:run(188)) - Starting JVM pause monitor
2019-09-10 12:51:48,322 [main] INFO  ozone.HddsDatanodeService (HddsDatanodeService.java:start(184)) - HddsDatanodeService host:pr-hdds-1571-5ln6c-1111760135 ip:192.168.5.153
2019-09-10 12:51:48,323 [Datanode State Machine Thread - 0] INFO  datanode.InitDatanodeState (InitDatanodeState.java:persistContainerDatanodeDetails(140)) - DatanodeDetails is persisted to /workdir/hadoop-ozone/integration-test/target/test-dir/MiniOzoneClusterImpl-621806fa-6f52-406a-98d3-49fc87e46c7c/datanode-0/meta/datanode.id
2019-09-10 12:51:48,333 [main] INFO  volume.HddsVolume (HddsVolume.java:<init>(176)) - Creating Volume: /workdir/hadoop-ozone/integration-test/target/test-dir/MiniOzoneClusterImpl-621806fa-6f52-406a-98d3-49fc87e46c7c/datanode-1/data/containers/hdds of  storage type : DISK and capacity : 1482555576320
2019-09-10 12:51:48,333 [main] INFO  volume.VolumeSet (VolumeSet.java:initializeVolumeSet(170)) - Added Volume : /workdir/hadoop-ozone/integration-test/target/test-dir/MiniOzoneClusterImpl-621806fa-6f52-406a-98d3-49fc87e46c7c/datanode-1/data/containers/hdds to VolumeSet
2019-09-10 12:51:48,333 [main] INFO  volume.ThrottledAsyncChecker (ThrottledAsyncChecker.java:schedule(140)) - Scheduling a check for org.apache.hadoop.ozone.container.common.volume.HddsVolume@375dc95c
2019-09-10 12:51:48,334 [main] INFO  volume.HddsVolumeChecker (HddsVolumeChecker.java:checkAllVolumes(203)) - Scheduled health check for volume org.apache.hadoop.ozone.container.common.volume.HddsVolume@375dc95c
2019-09-10 12:51:48,353 [main] INFO  impl.RaftServerProxy (ConfUtils.java:logGet(43)) - raft.rpc.type = GRPC (default)
2019-09-10 12:51:48,354 [main] INFO  grpc.GrpcFactory (GrpcFactory.java:checkPooledByteBufAllocatorUseCacheForAllThreads(45)) - PERFORMANCE WARNING: useCacheForAllThreads is true that may cause Netty to create a lot garbage objects and, as a result, trigger GC.
	It is recommended to disable useCacheForAllThreads by setting -Dorg.apache.ratis.thirdparty.io.netty.allocator.useCacheForAllThreads=false in command line.
2019-09-10 12:51:48,354 [main] INFO  grpc.GrpcConfigKeys$Server (ConfUtils.java:logGet(43)) - raft.grpc.server.port = 0 (default)
2019-09-10 12:51:48,354 [main] INFO  server.GrpcService (ConfUtils.java:logGet(43)) - raft.grpc.message.size.max = 33570816 (custom)
2019-09-10 12:51:48,354 [main] INFO  server.RaftServerConfigKeys (ConfUtils.java:logGet(43)) - raft.server.log.appender.buffer.byte-limit = 33554432 (custom)
2019-09-10 12:51:48,354 [main] INFO  server.GrpcService (ConfUtils.java:logGet(43)) - raft.grpc.flow.control.window = 1MB (=1048576) (default)
2019-09-10 12:51:48,354 [main] INFO  server.RaftServerConfigKeys (ConfUtils.java:logGet(43)) - raft.server.rpc.request.timeout = 3000ms (default)
2019-09-10 12:51:48,355 [main] INFO  server.RaftServerConfigKeys (ConfUtils.java:logGet(43)) - raft.server.storage.dir = [/workdir/hadoop-ozone/integration-test/target/test-dir/MiniOzoneClusterImpl-621806fa-6f52-406a-98d3-49fc87e46c7c/datanode-1/data/ratis] (custom)
2019-09-10 12:51:48,355 [main] INFO  replication.SimpleContainerDownloader (SimpleContainerDownloader.java:<init>(72)) - Starting container downloader service to copy containers to replicate.
2019-09-10 12:51:48,356 [main] INFO  hdfs.DFSUtil (DFSUtil.java:httpServerTemplateForNNAndJN(1641)) - Starting Web-server for hddsDatanode at: http://0.0.0.0:0
2019-09-10 12:51:48,357 [main] INFO  server.AuthenticationFilter (AuthenticationFilter.java:constructSecretProvider(240)) - Unable to initialize FileSignerSecretProvider, falling back to use random secrets.
2019-09-10 12:51:48,358 [main] WARN  http.HttpRequestLog (HttpRequestLog.java:getRequestLog(97)) - Jetty request log can only be enabled using Log4j
2019-09-10 12:51:48,359 [main] INFO  http.HttpServer2 (HttpServer2.java:addGlobalFilter(975)) - Added global filter 'safety' (class=org.apache.hadoop.http.HttpServer2$QuotingInputFilter)
2019-09-10 12:51:48,359 [main] INFO  http.HttpServer2 (HttpServer2.java:addFilter(948)) - Added filter static_user_filter (class=org.apache.hadoop.http.lib.StaticUserWebFilter$StaticUserFilter) to context hddsDatanode
2019-09-10 12:51:48,360 [main] INFO  http.HttpServer2 (HttpServer2.java:addFilter(958)) - Added filter static_user_filter (class=org.apache.hadoop.http.lib.StaticUserWebFilter$StaticUserFilter) to context logs
2019-09-10 12:51:48,360 [main] INFO  http.HttpServer2 (HttpServer2.java:addFilter(958)) - Added filter static_user_filter (class=org.apache.hadoop.http.lib.StaticUserWebFilter$StaticUserFilter) to context static
2019-09-10 12:51:48,360 [main] INFO  http.HttpServer2 (HttpServer2.java:bindListener(1191)) - Jetty bound to port 37595
2019-09-10 12:51:48,360 [main] INFO  server.Server (Server.java:doStart(351)) - jetty-9.3.24.v20180605, build timestamp: 2018-06-05T17:11:56Z, git hash: 84205aa28f11a4f31f2a3b86d1bba2cc8ab69827
2019-09-10 12:51:48,362 [main] INFO  handler.ContextHandler (ContextHandler.java:doStart(781)) - Started o.e.j.s.ServletContextHandler@46244e65{/logs,file:///workdir/hadoop-ozone/integration-test/target/log,AVAILABLE}
2019-09-10 12:51:48,362 [main] INFO  handler.ContextHandler (ContextHandler.java:doStart(781)) - Started o.e.j.s.ServletContextHandler@76e56b17{/static,jar:file:/home/user/.m2/repository/org/apache/hadoop/hadoop-hdds-container-service/0.5.0-SNAPSHOT/hadoop-hdds-container-service-0.5.0-SNAPSHOT.jar!/webapps/static,AVAILABLE}
2019-09-10 12:51:48,391 [main] INFO  handler.ContextHandler (ContextHandler.java:doStart(781)) - Started o.e.j.w.WebAppContext@4c53ce60{/,file:///tmp/jetty-0.0.0.0-37595-hddsDatanode-_-any-7143771842273667389.dir/webapp/,AVAILABLE}{/hddsDatanode}
2019-09-10 12:51:48,392 [main] INFO  server.AbstractConnector (AbstractConnector.java:doStart(278)) - Started ServerConnector@3d1b6816{HTTP/1.1,[http/1.1]}{0.0.0.0:37595}
2019-09-10 12:51:48,393 [main] INFO  server.Server (Server.java:doStart(419)) - Started @639042ms
2019-09-10 12:51:48,394 [main] INFO  server.BaseHttpServer (BaseHttpServer.java:updateConnectorAddress(213)) - HTTP server of HDDSDATANODE is listening at http://0.0.0.0:37595
2019-09-10 12:51:48,536 | INFO  | ObjectStoreRestHttpServer | Listening HDDS REST traffic on /0.0.0.0:33804 |  
2019-09-10 12:51:48,536 [main] INFO  ozone.HddsDatanodeService (HddsDatanodeService.java:startPlugins(395)) - Started plug-in org.apache.hadoop.ozone.web.OzoneHddsDatanodeService@2b991034
2019-09-10 12:51:48,536 [main] INFO  impl.MetricsSystemImpl (MetricsSystemImpl.java:init(158)) - HddsDatanode metrics system started (again)
2019-09-10 12:51:48,539 [org.apache.hadoop.util.JvmPauseMonitor$Monitor@1d586f60] INFO  util.JvmPauseMonitor (JvmPauseMonitor.java:run(188)) - Starting JVM pause monitor
2019-09-10 12:51:48,540 [main] INFO  ozone.HddsDatanodeService (HddsDatanodeService.java:start(184)) - HddsDatanodeService host:pr-hdds-1571-5ln6c-1111760135 ip:192.168.5.153
2019-09-10 12:51:48,540 [Datanode State Machine Thread - 0] INFO  datanode.InitDatanodeState (InitDatanodeState.java:persistContainerDatanodeDetails(140)) - DatanodeDetails is persisted to /workdir/hadoop-ozone/integration-test/target/test-dir/MiniOzoneClusterImpl-621806fa-6f52-406a-98d3-49fc87e46c7c/datanode-1/meta/datanode.id
2019-09-10 12:51:48,551 [main] INFO  volume.HddsVolume (HddsVolume.java:<init>(176)) - Creating Volume: /workdir/hadoop-ozone/integration-test/target/test-dir/MiniOzoneClusterImpl-621806fa-6f52-406a-98d3-49fc87e46c7c/datanode-2/data/containers/hdds of  storage type : DISK and capacity : 1482555576320
2019-09-10 12:51:48,551 [main] INFO  volume.VolumeSet (VolumeSet.java:initializeVolumeSet(170)) - Added Volume : /workdir/hadoop-ozone/integration-test/target/test-dir/MiniOzoneClusterImpl-621806fa-6f52-406a-98d3-49fc87e46c7c/datanode-2/data/containers/hdds to VolumeSet
2019-09-10 12:51:48,551 [main] INFO  volume.ThrottledAsyncChecker (ThrottledAsyncChecker.java:schedule(140)) - Scheduling a check for org.apache.hadoop.ozone.container.common.volume.HddsVolume@63a6dffd
2019-09-10 12:51:48,552 [main] INFO  volume.HddsVolumeChecker (HddsVolumeChecker.java:checkAllVolumes(203)) - Scheduled health check for volume org.apache.hadoop.ozone.container.common.volume.HddsVolume@63a6dffd
2019-09-10 12:51:48,569 [main] INFO  impl.RaftServerProxy (ConfUtils.java:logGet(43)) - raft.rpc.type = GRPC (default)
2019-09-10 12:51:48,570 [main] INFO  grpc.GrpcFactory (GrpcFactory.java:checkPooledByteBufAllocatorUseCacheForAllThreads(45)) - PERFORMANCE WARNING: useCacheForAllThreads is true that may cause Netty to create a lot garbage objects and, as a result, trigger GC.
	It is recommended to disable useCacheForAllThreads by setting -Dorg.apache.ratis.thirdparty.io.netty.allocator.useCacheForAllThreads=false in command line.
2019-09-10 12:51:48,570 [main] INFO  grpc.GrpcConfigKeys$Server (ConfUtils.java:logGet(43)) - raft.grpc.server.port = 0 (default)
2019-09-10 12:51:48,570 [main] INFO  server.GrpcService (ConfUtils.java:logGet(43)) - raft.grpc.message.size.max = 33570816 (custom)
2019-09-10 12:51:48,570 [main] INFO  server.RaftServerConfigKeys (ConfUtils.java:logGet(43)) - raft.server.log.appender.buffer.byte-limit = 33554432 (custom)
2019-09-10 12:51:48,570 [main] INFO  server.GrpcService (ConfUtils.java:logGet(43)) - raft.grpc.flow.control.window = 1MB (=1048576) (default)
2019-09-10 12:51:48,570 [main] INFO  server.RaftServerConfigKeys (ConfUtils.java:logGet(43)) - raft.server.rpc.request.timeout = 3000ms (default)
2019-09-10 12:51:48,571 [main] INFO  server.RaftServerConfigKeys (ConfUtils.java:logGet(43)) - raft.server.storage.dir = [/workdir/hadoop-ozone/integration-test/target/test-dir/MiniOzoneClusterImpl-621806fa-6f52-406a-98d3-49fc87e46c7c/datanode-2/data/ratis] (custom)
2019-09-10 12:51:48,571 [main] INFO  replication.SimpleContainerDownloader (SimpleContainerDownloader.java:<init>(72)) - Starting container downloader service to copy containers to replicate.
2019-09-10 12:51:48,572 [main] INFO  hdfs.DFSUtil (DFSUtil.java:httpServerTemplateForNNAndJN(1641)) - Starting Web-server for hddsDatanode at: http://0.0.0.0:0
2019-09-10 12:51:48,573 [main] INFO  server.AuthenticationFilter (AuthenticationFilter.java:constructSecretProvider(240)) - Unable to initialize FileSignerSecretProvider, falling back to use random secrets.
2019-09-10 12:51:48,573 [main] WARN  http.HttpRequestLog (HttpRequestLog.java:getRequestLog(97)) - Jetty request log can only be enabled using Log4j
2019-09-10 12:51:48,575 [main] INFO  http.HttpServer2 (HttpServer2.java:addGlobalFilter(975)) - Added global filter 'safety' (class=org.apache.hadoop.http.HttpServer2$QuotingInputFilter)
2019-09-10 12:51:48,575 [main] INFO  http.HttpServer2 (HttpServer2.java:addFilter(948)) - Added filter static_user_filter (class=org.apache.hadoop.http.lib.StaticUserWebFilter$StaticUserFilter) to context hddsDatanode
2019-09-10 12:51:48,575 [main] INFO  http.HttpServer2 (HttpServer2.java:addFilter(958)) - Added filter static_user_filter (class=org.apache.hadoop.http.lib.StaticUserWebFilter$StaticUserFilter) to context logs
2019-09-10 12:51:48,575 [main] INFO  http.HttpServer2 (HttpServer2.java:addFilter(958)) - Added filter static_user_filter (class=org.apache.hadoop.http.lib.StaticUserWebFilter$StaticUserFilter) to context static
2019-09-10 12:51:48,576 [main] INFO  http.HttpServer2 (HttpServer2.java:bindListener(1191)) - Jetty bound to port 34548
2019-09-10 12:51:48,576 [main] INFO  server.Server (Server.java:doStart(351)) - jetty-9.3.24.v20180605, build timestamp: 2018-06-05T17:11:56Z, git hash: 84205aa28f11a4f31f2a3b86d1bba2cc8ab69827
2019-09-10 12:51:48,577 [main] INFO  handler.ContextHandler (ContextHandler.java:doStart(781)) - Started o.e.j.s.ServletContextHandler@6cad2d5f{/logs,file:///workdir/hadoop-ozone/integration-test/target/log,AVAILABLE}
2019-09-10 12:51:48,578 [main] INFO  handler.ContextHandler (ContextHandler.java:doStart(781)) - Started o.e.j.s.ServletContextHandler@3c41b4b{/static,jar:file:/home/user/.m2/repository/org/apache/hadoop/hadoop-hdds-container-service/0.5.0-SNAPSHOT/hadoop-hdds-container-service-0.5.0-SNAPSHOT.jar!/webapps/static,AVAILABLE}
2019-09-10 12:51:48,604 [main] INFO  handler.ContextHandler (ContextHandler.java:doStart(781)) - Started o.e.j.w.WebAppContext@2e50ca51{/,file:///tmp/jetty-0.0.0.0-34548-hddsDatanode-_-any-7128053065764121493.dir/webapp/,AVAILABLE}{/hddsDatanode}
2019-09-10 12:51:48,605 [main] INFO  server.AbstractConnector (AbstractConnector.java:doStart(278)) - Started ServerConnector@4c1dc246{HTTP/1.1,[http/1.1]}{0.0.0.0:34548}
2019-09-10 12:51:48,605 [main] INFO  server.Server (Server.java:doStart(419)) - Started @639254ms
2019-09-10 12:51:48,607 [main] INFO  server.BaseHttpServer (BaseHttpServer.java:updateConnectorAddress(213)) - HTTP server of HDDSDATANODE is listening at http://0.0.0.0:34548
2019-09-10 12:51:48,745 | INFO  | ObjectStoreRestHttpServer | Listening HDDS REST traffic on /0.0.0.0:44184 |  
2019-09-10 12:51:48,745 [main] INFO  ozone.HddsDatanodeService (HddsDatanodeService.java:startPlugins(395)) - Started plug-in org.apache.hadoop.ozone.web.OzoneHddsDatanodeService@30a0a440
2019-09-10 12:51:48,746 [main] INFO  impl.MetricsSystemImpl (MetricsSystemImpl.java:init(158)) - HddsDatanode metrics system started (again)
2019-09-10 12:51:48,750 [org.apache.hadoop.util.JvmPauseMonitor$Monitor@6a8ea76e] INFO  util.JvmPauseMonitor (JvmPauseMonitor.java:run(188)) - Starting JVM pause monitor
2019-09-10 12:51:48,750 [main] INFO  ozone.HddsDatanodeService (HddsDatanodeService.java:start(184)) - HddsDatanodeService host:pr-hdds-1571-5ln6c-1111760135 ip:192.168.5.153
2019-09-10 12:51:48,752 [Datanode State Machine Thread - 0] INFO  datanode.InitDatanodeState (InitDatanodeState.java:persistContainerDatanodeDetails(140)) - DatanodeDetails is persisted to /workdir/hadoop-ozone/integration-test/target/test-dir/MiniOzoneClusterImpl-621806fa-6f52-406a-98d3-49fc87e46c7c/datanode-2/meta/datanode.id
2019-09-10 12:51:48,763 [main] INFO  volume.HddsVolume (HddsVolume.java:<init>(176)) - Creating Volume: /workdir/hadoop-ozone/integration-test/target/test-dir/MiniOzoneClusterImpl-621806fa-6f52-406a-98d3-49fc87e46c7c/datanode-3/data/containers/hdds of  storage type : DISK and capacity : 1482555576320
2019-09-10 12:51:48,763 [main] INFO  volume.VolumeSet (VolumeSet.java:initializeVolumeSet(170)) - Added Volume : /workdir/hadoop-ozone/integration-test/target/test-dir/MiniOzoneClusterImpl-621806fa-6f52-406a-98d3-49fc87e46c7c/datanode-3/data/containers/hdds to VolumeSet
2019-09-10 12:51:48,764 [main] INFO  volume.ThrottledAsyncChecker (ThrottledAsyncChecker.java:schedule(140)) - Scheduling a check for org.apache.hadoop.ozone.container.common.volume.HddsVolume@271bbb75
2019-09-10 12:51:48,764 [main] INFO  volume.HddsVolumeChecker (HddsVolumeChecker.java:checkAllVolumes(203)) - Scheduled health check for volume org.apache.hadoop.ozone.container.common.volume.HddsVolume@271bbb75
2019-09-10 12:51:48,779 [main] INFO  impl.RaftServerProxy (ConfUtils.java:logGet(43)) - raft.rpc.type = GRPC (default)
2019-09-10 12:51:48,779 [main] INFO  grpc.GrpcFactory (GrpcFactory.java:checkPooledByteBufAllocatorUseCacheForAllThreads(45)) - PERFORMANCE WARNING: useCacheForAllThreads is true that may cause Netty to create a lot garbage objects and, as a result, trigger GC.
	It is recommended to disable useCacheForAllThreads by setting -Dorg.apache.ratis.thirdparty.io.netty.allocator.useCacheForAllThreads=false in command line.
2019-09-10 12:51:48,779 [main] INFO  grpc.GrpcConfigKeys$Server (ConfUtils.java:logGet(43)) - raft.grpc.server.port = 0 (default)
2019-09-10 12:51:48,779 [main] INFO  server.GrpcService (ConfUtils.java:logGet(43)) - raft.grpc.message.size.max = 33570816 (custom)
2019-09-10 12:51:48,779 [main] INFO  server.RaftServerConfigKeys (ConfUtils.java:logGet(43)) - raft.server.log.appender.buffer.byte-limit = 33554432 (custom)
2019-09-10 12:51:48,780 [main] INFO  server.GrpcService (ConfUtils.java:logGet(43)) - raft.grpc.flow.control.window = 1MB (=1048576) (default)
2019-09-10 12:51:48,780 [main] INFO  server.RaftServerConfigKeys (ConfUtils.java:logGet(43)) - raft.server.rpc.request.timeout = 3000ms (default)
2019-09-10 12:51:48,780 [main] INFO  server.RaftServerConfigKeys (ConfUtils.java:logGet(43)) - raft.server.storage.dir = [/workdir/hadoop-ozone/integration-test/target/test-dir/MiniOzoneClusterImpl-621806fa-6f52-406a-98d3-49fc87e46c7c/datanode-3/data/ratis] (custom)
2019-09-10 12:51:48,781 [main] INFO  replication.SimpleContainerDownloader (SimpleContainerDownloader.java:<init>(72)) - Starting container downloader service to copy containers to replicate.
2019-09-10 12:51:48,782 [main] INFO  hdfs.DFSUtil (DFSUtil.java:httpServerTemplateForNNAndJN(1641)) - Starting Web-server for hddsDatanode at: http://0.0.0.0:0
2019-09-10 12:51:48,784 [main] INFO  server.AuthenticationFilter (AuthenticationFilter.java:constructSecretProvider(240)) - Unable to initialize FileSignerSecretProvider, falling back to use random secrets.
2019-09-10 12:51:48,784 [main] WARN  http.HttpRequestLog (HttpRequestLog.java:getRequestLog(97)) - Jetty request log can only be enabled using Log4j
2019-09-10 12:51:48,785 [main] INFO  http.HttpServer2 (HttpServer2.java:addGlobalFilter(975)) - Added global filter 'safety' (class=org.apache.hadoop.http.HttpServer2$QuotingInputFilter)
2019-09-10 12:51:48,786 [main] INFO  http.HttpServer2 (HttpServer2.java:addFilter(948)) - Added filter static_user_filter (class=org.apache.hadoop.http.lib.StaticUserWebFilter$StaticUserFilter) to context hddsDatanode
2019-09-10 12:51:48,786 [main] INFO  http.HttpServer2 (HttpServer2.java:addFilter(958)) - Added filter static_user_filter (class=org.apache.hadoop.http.lib.StaticUserWebFilter$StaticUserFilter) to context logs
2019-09-10 12:51:48,786 [main] INFO  http.HttpServer2 (HttpServer2.java:addFilter(958)) - Added filter static_user_filter (class=org.apache.hadoop.http.lib.StaticUserWebFilter$StaticUserFilter) to context static
2019-09-10 12:51:48,787 [main] INFO  http.HttpServer2 (HttpServer2.java:bindListener(1191)) - Jetty bound to port 34355
2019-09-10 12:51:48,787 [main] INFO  server.Server (Server.java:doStart(351)) - jetty-9.3.24.v20180605, build timestamp: 2018-06-05T17:11:56Z, git hash: 84205aa28f11a4f31f2a3b86d1bba2cc8ab69827
2019-09-10 12:51:48,789 [main] INFO  handler.ContextHandler (ContextHandler.java:doStart(781)) - Started o.e.j.s.ServletContextHandler@2bf3ec4a{/logs,file:///workdir/hadoop-ozone/integration-test/target/log,AVAILABLE}
2019-09-10 12:51:48,789 [main] INFO  handler.ContextHandler (ContextHandler.java:doStart(781)) - Started o.e.j.s.ServletContextHandler@4191774f{/static,jar:file:/home/user/.m2/repository/org/apache/hadoop/hadoop-hdds-container-service/0.5.0-SNAPSHOT/hadoop-hdds-container-service-0.5.0-SNAPSHOT.jar!/webapps/static,AVAILABLE}
2019-09-10 12:51:48,818 [main] INFO  handler.ContextHandler (ContextHandler.java:doStart(781)) - Started o.e.j.w.WebAppContext@4a83740e{/,file:///tmp/jetty-0.0.0.0-34355-hddsDatanode-_-any-4625200993634147853.dir/webapp/,AVAILABLE}{/hddsDatanode}
2019-09-10 12:51:48,818 [main] INFO  server.AbstractConnector (AbstractConnector.java:doStart(278)) - Started ServerConnector@5d8319a7{HTTP/1.1,[http/1.1]}{0.0.0.0:34355}
2019-09-10 12:51:48,819 [main] INFO  server.Server (Server.java:doStart(419)) - Started @639468ms
2019-09-10 12:51:48,820 [main] INFO  server.BaseHttpServer (BaseHttpServer.java:updateConnectorAddress(213)) - HTTP server of HDDSDATANODE is listening at http://0.0.0.0:34355
2019-09-10 12:51:49,186 | INFO  | ObjectStoreRestHttpServer | Listening HDDS REST traffic on /0.0.0.0:41577 |  
2019-09-10 12:51:49,186 [main] INFO  ozone.HddsDatanodeService (HddsDatanodeService.java:startPlugins(395)) - Started plug-in org.apache.hadoop.ozone.web.OzoneHddsDatanodeService@746cb25d
2019-09-10 12:51:49,187 [main] INFO  impl.MetricsSystemImpl (MetricsSystemImpl.java:init(158)) - HddsDatanode metrics system started (again)
2019-09-10 12:51:49,190 [org.apache.hadoop.util.JvmPauseMonitor$Monitor@ef51c4d] INFO  util.JvmPauseMonitor (JvmPauseMonitor.java:run(188)) - Starting JVM pause monitor
2019-09-10 12:51:49,191 [main] INFO  ozone.HddsDatanodeService (HddsDatanodeService.java:start(184)) - HddsDatanodeService host:pr-hdds-1571-5ln6c-1111760135 ip:192.168.5.153
2019-09-10 12:51:49,191 [Datanode State Machine Thread - 0] INFO  datanode.InitDatanodeState (InitDatanodeState.java:persistContainerDatanodeDetails(140)) - DatanodeDetails is persisted to /workdir/hadoop-ozone/integration-test/target/test-dir/MiniOzoneClusterImpl-621806fa-6f52-406a-98d3-49fc87e46c7c/datanode-3/meta/datanode.id
2019-09-10 12:51:49,202 [main] INFO  volume.HddsVolume (HddsVolume.java:<init>(176)) - Creating Volume: /workdir/hadoop-ozone/integration-test/target/test-dir/MiniOzoneClusterImpl-621806fa-6f52-406a-98d3-49fc87e46c7c/datanode-4/data/containers/hdds of  storage type : DISK and capacity : 1482555576320
2019-09-10 12:51:49,203 [main] INFO  volume.VolumeSet (VolumeSet.java:initializeVolumeSet(170)) - Added Volume : /workdir/hadoop-ozone/integration-test/target/test-dir/MiniOzoneClusterImpl-621806fa-6f52-406a-98d3-49fc87e46c7c/datanode-4/data/containers/hdds to VolumeSet
2019-09-10 12:51:49,203 [main] INFO  volume.ThrottledAsyncChecker (ThrottledAsyncChecker.java:schedule(140)) - Scheduling a check for org.apache.hadoop.ozone.container.common.volume.HddsVolume@365ad794
2019-09-10 12:51:49,203 [main] INFO  volume.HddsVolumeChecker (HddsVolumeChecker.java:checkAllVolumes(203)) - Scheduled health check for volume org.apache.hadoop.ozone.container.common.volume.HddsVolume@365ad794
2019-09-10 12:51:49,217 [main] INFO  impl.RaftServerProxy (ConfUtils.java:logGet(43)) - raft.rpc.type = GRPC (default)
2019-09-10 12:51:49,217 [main] INFO  grpc.GrpcFactory (GrpcFactory.java:checkPooledByteBufAllocatorUseCacheForAllThreads(45)) - PERFORMANCE WARNING: useCacheForAllThreads is true that may cause Netty to create a lot garbage objects and, as a result, trigger GC.
	It is recommended to disable useCacheForAllThreads by setting -Dorg.apache.ratis.thirdparty.io.netty.allocator.useCacheForAllThreads=false in command line.
2019-09-10 12:51:49,218 [main] INFO  grpc.GrpcConfigKeys$Server (ConfUtils.java:logGet(43)) - raft.grpc.server.port = 0 (default)
2019-09-10 12:51:49,218 [main] INFO  server.GrpcService (ConfUtils.java:logGet(43)) - raft.grpc.message.size.max = 33570816 (custom)
2019-09-10 12:51:49,218 [main] INFO  server.RaftServerConfigKeys (ConfUtils.java:logGet(43)) - raft.server.log.appender.buffer.byte-limit = 33554432 (custom)
2019-09-10 12:51:49,218 [main] INFO  server.GrpcService (ConfUtils.java:logGet(43)) - raft.grpc.flow.control.window = 1MB (=1048576) (default)
2019-09-10 12:51:49,218 [main] INFO  server.RaftServerConfigKeys (ConfUtils.java:logGet(43)) - raft.server.rpc.request.timeout = 3000ms (default)
2019-09-10 12:51:49,219 [main] INFO  server.RaftServerConfigKeys (ConfUtils.java:logGet(43)) - raft.server.storage.dir = [/workdir/hadoop-ozone/integration-test/target/test-dir/MiniOzoneClusterImpl-621806fa-6f52-406a-98d3-49fc87e46c7c/datanode-4/data/ratis] (custom)
2019-09-10 12:51:49,219 [main] INFO  replication.SimpleContainerDownloader (SimpleContainerDownloader.java:<init>(72)) - Starting container downloader service to copy containers to replicate.
2019-09-10 12:51:49,220 [main] INFO  hdfs.DFSUtil (DFSUtil.java:httpServerTemplateForNNAndJN(1641)) - Starting Web-server for hddsDatanode at: http://0.0.0.0:0
2019-09-10 12:51:49,222 [main] INFO  server.AuthenticationFilter (AuthenticationFilter.java:constructSecretProvider(240)) - Unable to initialize FileSignerSecretProvider, falling back to use random secrets.
2019-09-10 12:51:49,222 [main] WARN  http.HttpRequestLog (HttpRequestLog.java:getRequestLog(97)) - Jetty request log can only be enabled using Log4j
2019-09-10 12:51:49,224 [main] INFO  http.HttpServer2 (HttpServer2.java:addGlobalFilter(975)) - Added global filter 'safety' (class=org.apache.hadoop.http.HttpServer2$QuotingInputFilter)
2019-09-10 12:51:49,225 [main] INFO  http.HttpServer2 (HttpServer2.java:addFilter(948)) - Added filter static_user_filter (class=org.apache.hadoop.http.lib.StaticUserWebFilter$StaticUserFilter) to context hddsDatanode
2019-09-10 12:51:49,225 [main] INFO  http.HttpServer2 (HttpServer2.java:addFilter(958)) - Added filter static_user_filter (class=org.apache.hadoop.http.lib.StaticUserWebFilter$StaticUserFilter) to context static
2019-09-10 12:51:49,225 [main] INFO  http.HttpServer2 (HttpServer2.java:addFilter(958)) - Added filter static_user_filter (class=org.apache.hadoop.http.lib.StaticUserWebFilter$StaticUserFilter) to context logs
2019-09-10 12:51:49,226 [main] INFO  http.HttpServer2 (HttpServer2.java:bindListener(1191)) - Jetty bound to port 40531
2019-09-10 12:51:49,226 [main] INFO  server.Server (Server.java:doStart(351)) - jetty-9.3.24.v20180605, build timestamp: 2018-06-05T17:11:56Z, git hash: 84205aa28f11a4f31f2a3b86d1bba2cc8ab69827
2019-09-10 12:51:49,228 [main] INFO  handler.ContextHandler (ContextHandler.java:doStart(781)) - Started o.e.j.s.ServletContextHandler@1107cbd8{/logs,file:///workdir/hadoop-ozone/integration-test/target/log,AVAILABLE}
2019-09-10 12:51:49,228 [main] INFO  handler.ContextHandler (ContextHandler.java:doStart(781)) - Started o.e.j.s.ServletContextHandler@95f61c2{/static,jar:file:/home/user/.m2/repository/org/apache/hadoop/hadoop-hdds-container-service/0.5.0-SNAPSHOT/hadoop-hdds-container-service-0.5.0-SNAPSHOT.jar!/webapps/static,AVAILABLE}
2019-09-10 12:51:49,261 [main] INFO  handler.ContextHandler (ContextHandler.java:doStart(781)) - Started o.e.j.w.WebAppContext@67afba96{/,file:///tmp/jetty-0.0.0.0-40531-hddsDatanode-_-any-7037645279771642646.dir/webapp/,AVAILABLE}{/hddsDatanode}
2019-09-10 12:51:49,261 [main] INFO  server.AbstractConnector (AbstractConnector.java:doStart(278)) - Started ServerConnector@7505ef47{HTTP/1.1,[http/1.1]}{0.0.0.0:40531}
2019-09-10 12:51:49,262 [main] INFO  server.Server (Server.java:doStart(419)) - Started @639911ms
2019-09-10 12:51:49,263 [main] INFO  server.BaseHttpServer (BaseHttpServer.java:updateConnectorAddress(213)) - HTTP server of HDDSDATANODE is listening at http://0.0.0.0:40531
2019-09-10 12:51:49,416 | INFO  | ObjectStoreRestHttpServer | Listening HDDS REST traffic on /0.0.0.0:41944 |  
2019-09-10 12:51:49,416 [main] INFO  ozone.HddsDatanodeService (HddsDatanodeService.java:startPlugins(395)) - Started plug-in org.apache.hadoop.ozone.web.OzoneHddsDatanodeService@36821a1b
2019-09-10 12:51:49,416 [main] INFO  impl.MetricsSystemImpl (MetricsSystemImpl.java:init(158)) - HddsDatanode metrics system started (again)
2019-09-10 12:51:49,420 [org.apache.hadoop.util.JvmPauseMonitor$Monitor@59950dc] INFO  util.JvmPauseMonitor (JvmPauseMonitor.java:run(188)) - Starting JVM pause monitor
2019-09-10 12:51:49,420 [main] INFO  ozone.HddsDatanodeService (HddsDatanodeService.java:start(184)) - HddsDatanodeService host:pr-hdds-1571-5ln6c-1111760135 ip:192.168.5.153
2019-09-10 12:51:49,422 [Datanode State Machine Thread - 0] INFO  datanode.InitDatanodeState (InitDatanodeState.java:persistContainerDatanodeDetails(140)) - DatanodeDetails is persisted to /workdir/hadoop-ozone/integration-test/target/test-dir/MiniOzoneClusterImpl-621806fa-6f52-406a-98d3-49fc87e46c7c/datanode-4/meta/datanode.id
2019-09-10 12:51:49,437 [main] INFO  volume.HddsVolume (HddsVolume.java:<init>(176)) - Creating Volume: /workdir/hadoop-ozone/integration-test/target/test-dir/MiniOzoneClusterImpl-621806fa-6f52-406a-98d3-49fc87e46c7c/datanode-5/data/containers/hdds of  storage type : DISK and capacity : 1482555576320
2019-09-10 12:51:49,437 [main] INFO  volume.VolumeSet (VolumeSet.java:initializeVolumeSet(170)) - Added Volume : /workdir/hadoop-ozone/integration-test/target/test-dir/MiniOzoneClusterImpl-621806fa-6f52-406a-98d3-49fc87e46c7c/datanode-5/data/containers/hdds to VolumeSet
2019-09-10 12:51:49,437 [main] INFO  volume.ThrottledAsyncChecker (ThrottledAsyncChecker.java:schedule(140)) - Scheduling a check for org.apache.hadoop.ozone.container.common.volume.HddsVolume@29e40db1
2019-09-10 12:51:49,438 [main] INFO  volume.HddsVolumeChecker (HddsVolumeChecker.java:checkAllVolumes(203)) - Scheduled health check for volume org.apache.hadoop.ozone.container.common.volume.HddsVolume@29e40db1
2019-09-10 12:51:49,454 [main] INFO  impl.RaftServerProxy (ConfUtils.java:logGet(43)) - raft.rpc.type = GRPC (default)
2019-09-10 12:51:49,455 [main] INFO  grpc.GrpcFactory (GrpcFactory.java:checkPooledByteBufAllocatorUseCacheForAllThreads(45)) - PERFORMANCE WARNING: useCacheForAllThreads is true that may cause Netty to create a lot garbage objects and, as a result, trigger GC.
	It is recommended to disable useCacheForAllThreads by setting -Dorg.apache.ratis.thirdparty.io.netty.allocator.useCacheForAllThreads=false in command line.
2019-09-10 12:51:49,455 [main] INFO  grpc.GrpcConfigKeys$Server (ConfUtils.java:logGet(43)) - raft.grpc.server.port = 0 (default)
2019-09-10 12:51:49,456 [main] INFO  server.GrpcService (ConfUtils.java:logGet(43)) - raft.grpc.message.size.max = 33570816 (custom)
2019-09-10 12:51:49,456 [main] INFO  server.RaftServerConfigKeys (ConfUtils.java:logGet(43)) - raft.server.log.appender.buffer.byte-limit = 33554432 (custom)
2019-09-10 12:51:49,456 [main] INFO  server.GrpcService (ConfUtils.java:logGet(43)) - raft.grpc.flow.control.window = 1MB (=1048576) (default)
2019-09-10 12:51:49,457 [main] INFO  server.RaftServerConfigKeys (ConfUtils.java:logGet(43)) - raft.server.rpc.request.timeout = 3000ms (default)
2019-09-10 12:51:49,458 [main] INFO  server.RaftServerConfigKeys (ConfUtils.java:logGet(43)) - raft.server.storage.dir = [/workdir/hadoop-ozone/integration-test/target/test-dir/MiniOzoneClusterImpl-621806fa-6f52-406a-98d3-49fc87e46c7c/datanode-5/data/ratis] (custom)
2019-09-10 12:51:49,461 [main] INFO  replication.SimpleContainerDownloader (SimpleContainerDownloader.java:<init>(72)) - Starting container downloader service to copy containers to replicate.
2019-09-10 12:51:49,462 [main] INFO  hdfs.DFSUtil (DFSUtil.java:httpServerTemplateForNNAndJN(1641)) - Starting Web-server for hddsDatanode at: http://0.0.0.0:0
2019-09-10 12:51:49,463 [main] INFO  server.AuthenticationFilter (AuthenticationFilter.java:constructSecretProvider(240)) - Unable to initialize FileSignerSecretProvider, falling back to use random secrets.
2019-09-10 12:51:49,464 [main] WARN  http.HttpRequestLog (HttpRequestLog.java:getRequestLog(97)) - Jetty request log can only be enabled using Log4j
2019-09-10 12:51:49,465 [main] INFO  http.HttpServer2 (HttpServer2.java:addGlobalFilter(975)) - Added global filter 'safety' (class=org.apache.hadoop.http.HttpServer2$QuotingInputFilter)
2019-09-10 12:51:49,465 [main] INFO  http.HttpServer2 (HttpServer2.java:addFilter(948)) - Added filter static_user_filter (class=org.apache.hadoop.http.lib.StaticUserWebFilter$StaticUserFilter) to context hddsDatanode
2019-09-10 12:51:49,465 [main] INFO  http.HttpServer2 (HttpServer2.java:addFilter(958)) - Added filter static_user_filter (class=org.apache.hadoop.http.lib.StaticUserWebFilter$StaticUserFilter) to context static
2019-09-10 12:51:49,465 [main] INFO  http.HttpServer2 (HttpServer2.java:addFilter(958)) - Added filter static_user_filter (class=org.apache.hadoop.http.lib.StaticUserWebFilter$StaticUserFilter) to context logs
2019-09-10 12:51:49,466 [main] INFO  http.HttpServer2 (HttpServer2.java:bindListener(1191)) - Jetty bound to port 43829
2019-09-10 12:51:49,466 [main] INFO  server.Server (Server.java:doStart(351)) - jetty-9.3.24.v20180605, build timestamp: 2018-06-05T17:11:56Z, git hash: 84205aa28f11a4f31f2a3b86d1bba2cc8ab69827
2019-09-10 12:51:49,468 [main] INFO  handler.ContextHandler (ContextHandler.java:doStart(781)) - Started o.e.j.s.ServletContextHandler@222557fc{/logs,file:///workdir/hadoop-ozone/integration-test/target/log,AVAILABLE}
2019-09-10 12:51:49,468 [main] INFO  handler.ContextHandler (ContextHandler.java:doStart(781)) - Started o.e.j.s.ServletContextHandler@c5dc3db{/static,jar:file:/home/user/.m2/repository/org/apache/hadoop/hadoop-hdds-container-service/0.5.0-SNAPSHOT/hadoop-hdds-container-service-0.5.0-SNAPSHOT.jar!/webapps/static,AVAILABLE}
2019-09-10 12:51:49,496 [main] INFO  handler.ContextHandler (ContextHandler.java:doStart(781)) - Started o.e.j.w.WebAppContext@1ab6a093{/,file:///tmp/jetty-0.0.0.0-43829-hddsDatanode-_-any-7709815015947478627.dir/webapp/,AVAILABLE}{/hddsDatanode}
2019-09-10 12:51:49,496 [main] INFO  server.AbstractConnector (AbstractConnector.java:doStart(278)) - Started ServerConnector@6d95b51d{HTTP/1.1,[http/1.1]}{0.0.0.0:43829}
2019-09-10 12:51:49,498 [main] INFO  server.Server (Server.java:doStart(419)) - Started @640147ms
2019-09-10 12:51:49,499 [main] INFO  server.BaseHttpServer (BaseHttpServer.java:updateConnectorAddress(213)) - HTTP server of HDDSDATANODE is listening at http://0.0.0.0:43829
2019-09-10 12:51:49,609 | INFO  | ObjectStoreRestHttpServer | Listening HDDS REST traffic on /0.0.0.0:46351 |  
2019-09-10 12:51:49,609 [main] INFO  ozone.HddsDatanodeService (HddsDatanodeService.java:startPlugins(395)) - Started plug-in org.apache.hadoop.ozone.web.OzoneHddsDatanodeService@713935c8
2019-09-10 12:51:49,609 [main] INFO  impl.MetricsSystemImpl (MetricsSystemImpl.java:init(158)) - HddsDatanode metrics system started (again)
2019-09-10 12:51:49,613 [org.apache.hadoop.util.JvmPauseMonitor$Monitor@29dfc17d] INFO  util.JvmPauseMonitor (JvmPauseMonitor.java:run(188)) - Starting JVM pause monitor
2019-09-10 12:51:49,614 [main] INFO  ozone.HddsDatanodeService (HddsDatanodeService.java:start(184)) - HddsDatanodeService host:pr-hdds-1571-5ln6c-1111760135 ip:192.168.5.153
2019-09-10 12:51:49,615 [Datanode State Machine Thread - 0] INFO  datanode.InitDatanodeState (InitDatanodeState.java:persistContainerDatanodeDetails(140)) - DatanodeDetails is persisted to /workdir/hadoop-ozone/integration-test/target/test-dir/MiniOzoneClusterImpl-621806fa-6f52-406a-98d3-49fc87e46c7c/datanode-5/meta/datanode.id
2019-09-10 12:51:49,626 [main] INFO  volume.HddsVolume (HddsVolume.java:<init>(176)) - Creating Volume: /workdir/hadoop-ozone/integration-test/target/test-dir/MiniOzoneClusterImpl-621806fa-6f52-406a-98d3-49fc87e46c7c/datanode-6/data/containers/hdds of  storage type : DISK and capacity : 1482555576320
2019-09-10 12:51:49,627 [main] INFO  volume.VolumeSet (VolumeSet.java:initializeVolumeSet(170)) - Added Volume : /workdir/hadoop-ozone/integration-test/target/test-dir/MiniOzoneClusterImpl-621806fa-6f52-406a-98d3-49fc87e46c7c/datanode-6/data/containers/hdds to VolumeSet
2019-09-10 12:51:49,627 [main] INFO  volume.ThrottledAsyncChecker (ThrottledAsyncChecker.java:schedule(140)) - Scheduling a check for org.apache.hadoop.ozone.container.common.volume.HddsVolume@4127dcdb
2019-09-10 12:51:49,627 [main] INFO  volume.HddsVolumeChecker (HddsVolumeChecker.java:checkAllVolumes(203)) - Scheduled health check for volume org.apache.hadoop.ozone.container.common.volume.HddsVolume@4127dcdb
2019-09-10 12:51:49,641 [main] INFO  impl.RaftServerProxy (ConfUtils.java:logGet(43)) - raft.rpc.type = GRPC (default)
2019-09-10 12:51:49,641 [main] INFO  grpc.GrpcFactory (GrpcFactory.java:checkPooledByteBufAllocatorUseCacheForAllThreads(45)) - PERFORMANCE WARNING: useCacheForAllThreads is true that may cause Netty to create a lot garbage objects and, as a result, trigger GC.
	It is recommended to disable useCacheForAllThreads by setting -Dorg.apache.ratis.thirdparty.io.netty.allocator.useCacheForAllThreads=false in command line.
2019-09-10 12:51:49,641 [main] INFO  grpc.GrpcConfigKeys$Server (ConfUtils.java:logGet(43)) - raft.grpc.server.port = 0 (default)
2019-09-10 12:51:49,642 [main] INFO  server.GrpcService (ConfUtils.java:logGet(43)) - raft.grpc.message.size.max = 33570816 (custom)
2019-09-10 12:51:49,642 [main] INFO  server.RaftServerConfigKeys (ConfUtils.java:logGet(43)) - raft.server.log.appender.buffer.byte-limit = 33554432 (custom)
2019-09-10 12:51:49,642 [main] INFO  server.GrpcService (ConfUtils.java:logGet(43)) - raft.grpc.flow.control.window = 1MB (=1048576) (default)
2019-09-10 12:51:49,642 [main] INFO  server.RaftServerConfigKeys (ConfUtils.java:logGet(43)) - raft.server.rpc.request.timeout = 3000ms (default)
2019-09-10 12:51:49,643 [main] INFO  server.RaftServerConfigKeys (ConfUtils.java:logGet(43)) - raft.server.storage.dir = [/workdir/hadoop-ozone/integration-test/target/test-dir/MiniOzoneClusterImpl-621806fa-6f52-406a-98d3-49fc87e46c7c/datanode-6/data/ratis] (custom)
2019-09-10 12:51:49,643 [main] INFO  replication.SimpleContainerDownloader (SimpleContainerDownloader.java:<init>(72)) - Starting container downloader service to copy containers to replicate.
2019-09-10 12:51:49,644 [main] INFO  hdfs.DFSUtil (DFSUtil.java:httpServerTemplateForNNAndJN(1641)) - Starting Web-server for hddsDatanode at: http://0.0.0.0:0
2019-09-10 12:51:49,645 [main] INFO  server.AuthenticationFilter (AuthenticationFilter.java:constructSecretProvider(240)) - Unable to initialize FileSignerSecretProvider, falling back to use random secrets.
2019-09-10 12:51:49,645 [main] WARN  http.HttpRequestLog (HttpRequestLog.java:getRequestLog(97)) - Jetty request log can only be enabled using Log4j
2019-09-10 12:51:49,646 [main] INFO  http.HttpServer2 (HttpServer2.java:addGlobalFilter(975)) - Added global filter 'safety' (class=org.apache.hadoop.http.HttpServer2$QuotingInputFilter)
2019-09-10 12:51:49,647 [main] INFO  http.HttpServer2 (HttpServer2.java:addFilter(948)) - Added filter static_user_filter (class=org.apache.hadoop.http.lib.StaticUserWebFilter$StaticUserFilter) to context hddsDatanode
2019-09-10 12:51:49,647 [main] INFO  http.HttpServer2 (HttpServer2.java:addFilter(958)) - Added filter static_user_filter (class=org.apache.hadoop.http.lib.StaticUserWebFilter$StaticUserFilter) to context logs
2019-09-10 12:51:49,647 [main] INFO  http.HttpServer2 (HttpServer2.java:addFilter(958)) - Added filter static_user_filter (class=org.apache.hadoop.http.lib.StaticUserWebFilter$StaticUserFilter) to context static
2019-09-10 12:51:49,648 [main] INFO  http.HttpServer2 (HttpServer2.java:bindListener(1191)) - Jetty bound to port 41157
2019-09-10 12:51:49,648 [main] INFO  server.Server (Server.java:doStart(351)) - jetty-9.3.24.v20180605, build timestamp: 2018-06-05T17:11:56Z, git hash: 84205aa28f11a4f31f2a3b86d1bba2cc8ab69827
2019-09-10 12:51:49,649 [main] INFO  handler.ContextHandler (ContextHandler.java:doStart(781)) - Started o.e.j.s.ServletContextHandler@2e9f8c8f{/logs,file:///workdir/hadoop-ozone/integration-test/target/log,AVAILABLE}
2019-09-10 12:51:49,650 [main] INFO  handler.ContextHandler (ContextHandler.java:doStart(781)) - Started o.e.j.s.ServletContextHandler@2d260f2a{/static,jar:file:/home/user/.m2/repository/org/apache/hadoop/hadoop-hdds-container-service/0.5.0-SNAPSHOT/hadoop-hdds-container-service-0.5.0-SNAPSHOT.jar!/webapps/static,AVAILABLE}
2019-09-10 12:51:49,676 [main] INFO  handler.ContextHandler (ContextHandler.java:doStart(781)) - Started o.e.j.w.WebAppContext@4e43a23a{/,file:///tmp/jetty-0.0.0.0-41157-hddsDatanode-_-any-7720832207676324558.dir/webapp/,AVAILABLE}{/hddsDatanode}
2019-09-10 12:51:49,677 [main] INFO  server.AbstractConnector (AbstractConnector.java:doStart(278)) - Started ServerConnector@291fbdc9{HTTP/1.1,[http/1.1]}{0.0.0.0:41157}
2019-09-10 12:51:49,679 [main] INFO  server.Server (Server.java:doStart(419)) - Started @640328ms
2019-09-10 12:51:49,680 [main] INFO  server.BaseHttpServer (BaseHttpServer.java:updateConnectorAddress(213)) - HTTP server of HDDSDATANODE is listening at http://0.0.0.0:41157
2019-09-10 12:51:49,792 | INFO  | ObjectStoreRestHttpServer | Listening HDDS REST traffic on /0.0.0.0:39833 |  
2019-09-10 12:51:49,792 [main] INFO  ozone.HddsDatanodeService (HddsDatanodeService.java:startPlugins(395)) - Started plug-in org.apache.hadoop.ozone.web.OzoneHddsDatanodeService@891f18f
2019-09-10 12:51:49,793 [main] INFO  ozone.MiniOzoneClusterImpl (MiniOzoneClusterImpl.java:lambda$waitForClusterToBeReady$0(142)) - Waiting for cluster to be ready. Got 0 of 7 DN Heartbeats.
2019-09-10 12:51:49,794 [org.apache.hadoop.util.JvmPauseMonitor$Monitor@774b2b07] INFO  util.JvmPauseMonitor (JvmPauseMonitor.java:run(188)) - Starting JVM pause monitor
2019-09-10 12:51:49,795 [Datanode State Machine Thread - 0] INFO  datanode.InitDatanodeState (InitDatanodeState.java:persistContainerDatanodeDetails(140)) - DatanodeDetails is persisted to /workdir/hadoop-ozone/integration-test/target/test-dir/MiniOzoneClusterImpl-621806fa-6f52-406a-98d3-49fc87e46c7c/datanode-6/meta/datanode.id
2019-09-10 12:51:50,326 | INFO  | SCMAudit | user=jenkins1000 | ip=192.168.5.153 | op=GET_VERSION null | ret=SUCCESS |  
2019-09-10 12:51:50,342 [Datanode State Machine Thread - 0] INFO  ozoneimpl.OzoneContainer (OzoneContainer.java:start(186)) - Attempting to start container services.
2019-09-10 12:51:50,342 [Datanode State Machine Thread - 0] INFO  ozoneimpl.OzoneContainer (OzoneContainer.java:startContainerScrub(160)) - Background container scrubber has been disabled by hdds.containerscrub.enabled
2019-09-10 12:51:50,342 [Datanode State Machine Thread - 0] INFO  ratis.XceiverServerRatis (XceiverServerRatis.java:start(404)) - Starting XceiverServerRatis 162c807d-d7c6-42a8-ad53-3a3326afae0a at port 0
2019-09-10 12:51:50,348 [Datanode State Machine Thread - 0] INFO  impl.RaftServerProxy (RaftServerProxy.java:lambda$start$3(299)) - 162c807d-d7c6-42a8-ad53-3a3326afae0a: start RPC server
2019-09-10 12:51:50,350 [Datanode State Machine Thread - 0] INFO  server.GrpcService (GrpcService.java:startImpl(149)) - 162c807d-d7c6-42a8-ad53-3a3326afae0a: GrpcService started, listening on 0.0.0.0/0.0.0.0:40128
2019-09-10 12:51:50,350 [Datanode State Machine Thread - 0] INFO  ratis.XceiverServerRatis (XceiverServerRatis.java:start(414)) - XceiverServerRatis 162c807d-d7c6-42a8-ad53-3a3326afae0a is started using port 40128
2019-09-10 12:51:50,356 [Datanode State Machine Thread - 0] INFO  server.XceiverServerGrpc (XceiverServerGrpc.java:start(163)) - XceiverServerGrpc 162c807d-d7c6-42a8-ad53-3a3326afae0a is started using port 45276
2019-09-10 12:51:50,540 | INFO  | SCMAudit | user=jenkins1000 | ip=192.168.5.153 | op=GET_VERSION null | ret=SUCCESS |  
2019-09-10 12:51:50,557 [Datanode State Machine Thread - 0] INFO  ozoneimpl.OzoneContainer (OzoneContainer.java:start(186)) - Attempting to start container services.
2019-09-10 12:51:50,557 [Datanode State Machine Thread - 0] INFO  ozoneimpl.OzoneContainer (OzoneContainer.java:startContainerScrub(160)) - Background container scrubber has been disabled by hdds.containerscrub.enabled
2019-09-10 12:51:50,557 [Datanode State Machine Thread - 0] INFO  ratis.XceiverServerRatis (XceiverServerRatis.java:start(404)) - Starting XceiverServerRatis 10cf323f-ae84-4971-a7e0-d66e9b6ea9ea at port 0
2019-09-10 12:51:50,563 [Datanode State Machine Thread - 0] INFO  impl.RaftServerProxy (RaftServerProxy.java:lambda$start$3(299)) - 10cf323f-ae84-4971-a7e0-d66e9b6ea9ea: start RPC server
2019-09-10 12:51:50,565 [Datanode State Machine Thread - 0] INFO  server.GrpcService (GrpcService.java:startImpl(149)) - 10cf323f-ae84-4971-a7e0-d66e9b6ea9ea: GrpcService started, listening on 0.0.0.0/0.0.0.0:36306
2019-09-10 12:51:50,566 [Datanode State Machine Thread - 0] INFO  ratis.XceiverServerRatis (XceiverServerRatis.java:start(414)) - XceiverServerRatis 10cf323f-ae84-4971-a7e0-d66e9b6ea9ea is started using port 36306
2019-09-10 12:51:50,566 [Datanode State Machine Thread - 0] INFO  server.XceiverServerGrpc (XceiverServerGrpc.java:start(163)) - XceiverServerGrpc 10cf323f-ae84-4971-a7e0-d66e9b6ea9ea is started using port 33922
2019-09-10 12:51:50,750 | INFO  | SCMAudit | user=jenkins1000 | ip=192.168.5.153 | op=GET_VERSION null | ret=SUCCESS |  
2019-09-10 12:51:50,768 [Datanode State Machine Thread - 0] INFO  ozoneimpl.OzoneContainer (OzoneContainer.java:start(186)) - Attempting to start container services.
2019-09-10 12:51:50,768 [Datanode State Machine Thread - 0] INFO  ozoneimpl.OzoneContainer (OzoneContainer.java:startContainerScrub(160)) - Background container scrubber has been disabled by hdds.containerscrub.enabled
2019-09-10 12:51:50,768 [Datanode State Machine Thread - 0] INFO  ratis.XceiverServerRatis (XceiverServerRatis.java:start(404)) - Starting XceiverServerRatis e116f4bc-cd87-4ac6-9da1-80e39cc5f9e9 at port 0
2019-09-10 12:51:50,774 [Datanode State Machine Thread - 0] INFO  impl.RaftServerProxy (RaftServerProxy.java:lambda$start$3(299)) - e116f4bc-cd87-4ac6-9da1-80e39cc5f9e9: start RPC server
2019-09-10 12:51:50,775 [Datanode State Machine Thread - 0] INFO  server.GrpcService (GrpcService.java:startImpl(149)) - e116f4bc-cd87-4ac6-9da1-80e39cc5f9e9: GrpcService started, listening on 0.0.0.0/0.0.0.0:44973
2019-09-10 12:51:50,775 [Datanode State Machine Thread - 0] INFO  ratis.XceiverServerRatis (XceiverServerRatis.java:start(414)) - XceiverServerRatis e116f4bc-cd87-4ac6-9da1-80e39cc5f9e9 is started using port 44973
2019-09-10 12:51:50,780 [Datanode State Machine Thread - 0] INFO  server.XceiverServerGrpc (XceiverServerGrpc.java:start(163)) - XceiverServerGrpc e116f4bc-cd87-4ac6-9da1-80e39cc5f9e9 is started using port 38575
2019-09-10 12:51:50,793 [main] INFO  ozone.MiniOzoneClusterImpl (MiniOzoneClusterImpl.java:lambda$waitForClusterToBeReady$0(142)) - Waiting for cluster to be ready. Got 0 of 7 DN Heartbeats.
2019-09-10 12:51:51,191 | INFO  | SCMAudit | user=jenkins1000 | ip=192.168.5.153 | op=GET_VERSION null | ret=SUCCESS |  
2019-09-10 12:51:51,220 [Datanode State Machine Thread - 0] INFO  ozoneimpl.OzoneContainer (OzoneContainer.java:start(186)) - Attempting to start container services.
2019-09-10 12:51:51,220 [Datanode State Machine Thread - 0] INFO  ozoneimpl.OzoneContainer (OzoneContainer.java:startContainerScrub(160)) - Background container scrubber has been disabled by hdds.containerscrub.enabled
2019-09-10 12:51:51,220 [Datanode State Machine Thread - 0] INFO  ratis.XceiverServerRatis (XceiverServerRatis.java:start(404)) - Starting XceiverServerRatis dca67000-a313-4773-81da-4c52f6fe39ce at port 0
2019-09-10 12:51:51,226 [Datanode State Machine Thread - 0] INFO  impl.RaftServerProxy (RaftServerProxy.java:lambda$start$3(299)) - dca67000-a313-4773-81da-4c52f6fe39ce: start RPC server
2019-09-10 12:51:51,227 [Datanode State Machine Thread - 0] INFO  server.GrpcService (GrpcService.java:startImpl(149)) - dca67000-a313-4773-81da-4c52f6fe39ce: GrpcService started, listening on 0.0.0.0/0.0.0.0:45430
2019-09-10 12:51:51,227 [Datanode State Machine Thread - 0] INFO  ratis.XceiverServerRatis (XceiverServerRatis.java:start(414)) - XceiverServerRatis dca67000-a313-4773-81da-4c52f6fe39ce is started using port 45430
2019-09-10 12:51:51,227 [Datanode State Machine Thread - 0] INFO  server.XceiverServerGrpc (XceiverServerGrpc.java:start(163)) - XceiverServerGrpc dca67000-a313-4773-81da-4c52f6fe39ce is started using port 38559
2019-09-10 12:51:51,421 | INFO  | SCMAudit | user=jenkins1000 | ip=192.168.5.153 | op=GET_VERSION null | ret=SUCCESS |  
2019-09-10 12:51:51,444 [Datanode State Machine Thread - 0] INFO  ozoneimpl.OzoneContainer (OzoneContainer.java:start(186)) - Attempting to start container services.
2019-09-10 12:51:51,445 [Datanode State Machine Thread - 0] INFO  ozoneimpl.OzoneContainer (OzoneContainer.java:startContainerScrub(160)) - Background container scrubber has been disabled by hdds.containerscrub.enabled
2019-09-10 12:51:51,445 [Datanode State Machine Thread - 0] INFO  ratis.XceiverServerRatis (XceiverServerRatis.java:start(404)) - Starting XceiverServerRatis 01a6b04f-ad3e-4331-b74c-d33e97f682d8 at port 0
2019-09-10 12:51:51,451 [Datanode State Machine Thread - 0] INFO  impl.RaftServerProxy (RaftServerProxy.java:lambda$start$3(299)) - 01a6b04f-ad3e-4331-b74c-d33e97f682d8: start RPC server
2019-09-10 12:51:51,454 [Datanode State Machine Thread - 0] INFO  server.GrpcService (GrpcService.java:startImpl(149)) - 01a6b04f-ad3e-4331-b74c-d33e97f682d8: GrpcService started, listening on 0.0.0.0/0.0.0.0:35087
2019-09-10 12:51:51,454 [Datanode State Machine Thread - 0] INFO  ratis.XceiverServerRatis (XceiverServerRatis.java:start(414)) - XceiverServerRatis 01a6b04f-ad3e-4331-b74c-d33e97f682d8 is started using port 35087
2019-09-10 12:51:51,455 [Datanode State Machine Thread - 0] INFO  server.XceiverServerGrpc (XceiverServerGrpc.java:start(163)) - XceiverServerGrpc 01a6b04f-ad3e-4331-b74c-d33e97f682d8 is started using port 38601
2019-09-10 12:51:51,614 | INFO  | SCMAudit | user=jenkins1000 | ip=192.168.5.153 | op=GET_VERSION null | ret=SUCCESS |  
2019-09-10 12:51:51,628 [Datanode State Machine Thread - 0] INFO  ozoneimpl.OzoneContainer (OzoneContainer.java:start(186)) - Attempting to start container services.
2019-09-10 12:51:51,628 [Datanode State Machine Thread - 0] INFO  ozoneimpl.OzoneContainer (OzoneContainer.java:startContainerScrub(160)) - Background container scrubber has been disabled by hdds.containerscrub.enabled
2019-09-10 12:51:51,628 [Datanode State Machine Thread - 0] INFO  ratis.XceiverServerRatis (XceiverServerRatis.java:start(404)) - Starting XceiverServerRatis 5da78483-2d4d-4152-a822-f0527bb3627d at port 0
2019-09-10 12:51:51,634 [Datanode State Machine Thread - 0] INFO  impl.RaftServerProxy (RaftServerProxy.java:lambda$start$3(299)) - 5da78483-2d4d-4152-a822-f0527bb3627d: start RPC server
2019-09-10 12:51:51,638 [Datanode State Machine Thread - 0] INFO  server.GrpcService (GrpcService.java:startImpl(149)) - 5da78483-2d4d-4152-a822-f0527bb3627d: GrpcService started, listening on 0.0.0.0/0.0.0.0:38703
2019-09-10 12:51:51,638 [Datanode State Machine Thread - 0] INFO  ratis.XceiverServerRatis (XceiverServerRatis.java:start(414)) - XceiverServerRatis 5da78483-2d4d-4152-a822-f0527bb3627d is started using port 38703
2019-09-10 12:51:51,639 [Datanode State Machine Thread - 0] INFO  server.XceiverServerGrpc (XceiverServerGrpc.java:start(163)) - XceiverServerGrpc 5da78483-2d4d-4152-a822-f0527bb3627d is started using port 38825
2019-09-10 12:51:51,793 [main] INFO  ozone.MiniOzoneClusterImpl (MiniOzoneClusterImpl.java:lambda$waitForClusterToBeReady$0(142)) - Waiting for cluster to be ready. Got 0 of 7 DN Heartbeats.
2019-09-10 12:51:51,794 | INFO  | SCMAudit | user=jenkins1000 | ip=192.168.5.153 | op=GET_VERSION null | ret=SUCCESS |  
2019-09-10 12:51:51,832 [Datanode State Machine Thread - 0] INFO  ozoneimpl.OzoneContainer (OzoneContainer.java:start(186)) - Attempting to start container services.
2019-09-10 12:51:51,832 [Datanode State Machine Thread - 0] INFO  ozoneimpl.OzoneContainer (OzoneContainer.java:startContainerScrub(160)) - Background container scrubber has been disabled by hdds.containerscrub.enabled
2019-09-10 12:51:51,833 [Datanode State Machine Thread - 0] INFO  ratis.XceiverServerRatis (XceiverServerRatis.java:start(404)) - Starting XceiverServerRatis 7c19fb12-96c9-4405-b962-861cc67d2712 at port 0
2019-09-10 12:51:51,839 [Datanode State Machine Thread - 0] INFO  impl.RaftServerProxy (RaftServerProxy.java:lambda$start$3(299)) - 7c19fb12-96c9-4405-b962-861cc67d2712: start RPC server
2019-09-10 12:51:51,840 [Datanode State Machine Thread - 0] INFO  server.GrpcService (GrpcService.java:startImpl(149)) - 7c19fb12-96c9-4405-b962-861cc67d2712: GrpcService started, listening on 0.0.0.0/0.0.0.0:41022
2019-09-10 12:51:51,840 [Datanode State Machine Thread - 0] INFO  ratis.XceiverServerRatis (XceiverServerRatis.java:start(414)) - XceiverServerRatis 7c19fb12-96c9-4405-b962-861cc67d2712 is started using port 41022
2019-09-10 12:51:51,840 [Datanode State Machine Thread - 0] INFO  server.XceiverServerGrpc (XceiverServerGrpc.java:start(163)) - XceiverServerGrpc 7c19fb12-96c9-4405-b962-861cc67d2712 is started using port 40759
2019-09-10 12:51:52,326 [IPC Server handler 0 on 33913] INFO  net.NetworkTopology (NetworkTopologyImpl.java:add(110)) - Added a new node: /default-rack/162c807d-d7c6-42a8-ad53-3a3326afae0a
2019-09-10 12:51:52,326 [IPC Server handler 0 on 33913] INFO  node.SCMNodeManager (SCMNodeManager.java:register(273)) - Registered Data node : 162c807d-d7c6-42a8-ad53-3a3326afae0a{ip: 192.168.5.153, host: pr-hdds-1571-5ln6c-1111760135, networkLocation: /default-rack, certSerialId: null}
2019-09-10 12:51:52,329 | INFO  | SCMAudit | user=jenkins1000 | ip=192.168.5.153 | op=REGISTER {datanodeDetails=162c807d-d7c6-42a8-ad53-3a3326afae0a{ip: 192.168.5.153, host: pr-hdds-1571-5ln6c-1111760135, networkLocation: /default-rack, certSerialId: null}} | ret=SUCCESS |  
2019-09-10 12:51:52,329 [EventQueue-NodeRegistrationContainerReportForDataNodeSafeModeRule] INFO  safemode.SCMSafeModeManager (DataNodeSafeModeRule.java:process(71)) - SCM in safe mode. 1 DataNodes registered, 1 required.
2019-09-10 12:51:52,331 [EventQueue-NodeRegistrationContainerReportForDataNodeSafeModeRule] INFO  safemode.SCMSafeModeManager (SCMSafeModeManager.java:validateSafeModeExitRules(177)) - ScmSafeModeManager, all rules are successfully validated
2019-09-10 12:51:52,331 [EventQueue-NodeRegistrationContainerReportForDataNodeSafeModeRule] INFO  safemode.SCMSafeModeManager (SCMSafeModeManager.java:exitSafeMode(193)) - SCM exiting safe mode.
2019-09-10 12:51:52,357 [grpc-default-executor-11] INFO  impl.RaftServerProxy (RaftServerProxy.java:addNew(89)) - 162c807d-d7c6-42a8-ad53-3a3326afae0a: addNew group-185BDD9B016B:[162c807d-d7c6-42a8-ad53-3a3326afae0a:192.168.5.153:40128] returns group-185BDD9B016B:java.util.concurrent.CompletableFuture@376a7061[Not completed]
2019-09-10 12:51:52,358 [pool-536-thread-1] INFO  impl.RaftServerImpl (RaftServerImpl.java:<init>(93)) - 162c807d-d7c6-42a8-ad53-3a3326afae0a: new RaftServerImpl for group-185BDD9B016B:[162c807d-d7c6-42a8-ad53-3a3326afae0a:192.168.5.153:40128] with ContainerStateMachine:uninitialized
2019-09-10 12:51:52,359 [pool-536-thread-1] INFO  server.RaftServerConfigKeys (ConfUtils.java:logGet(43)) - raft.server.rpc.timeout.min = 5s (custom)
2019-09-10 12:51:52,359 [pool-536-thread-1] INFO  server.RaftServerConfigKeys (ConfUtils.java:logGet(43)) - raft.server.rpc.timeout.max = 5200ms (custom)
2019-09-10 12:51:52,359 [pool-536-thread-1] INFO  server.RaftServerConfigKeys (ConfUtils.java:logGet(43)) - raft.server.rpcslowness.timeout = 120s (custom)
2019-09-10 12:51:52,359 [pool-536-thread-1] INFO  server.RaftServerConfigKeys (ConfUtils.java:logGet(43)) - raft.server.sleep.deviation.threshold = 300 (default)
2019-09-10 12:51:52,359 [pool-536-thread-1] INFO  server.RaftServerConfigKeys (ConfUtils.java:logGet(43)) - raft.server.log.appender.install.snapshot.enabled = false (custom)
2019-09-10 12:51:52,359 [pool-536-thread-1] INFO  impl.RaftServerImpl (ServerState.java:<init>(105)) - 162c807d-d7c6-42a8-ad53-3a3326afae0a:group-185BDD9B016B ConfigurationManager, init=-1: [162c807d-d7c6-42a8-ad53-3a3326afae0a:192.168.5.153:40128], old=null, confs=<EMPTY_MAP>
2019-09-10 12:51:52,360 [pool-536-thread-1] INFO  server.RaftServerConfigKeys (ConfUtils.java:logGet(43)) - raft.server.storage.dir = [/workdir/hadoop-ozone/integration-test/target/test-dir/MiniOzoneClusterImpl-621806fa-6f52-406a-98d3-49fc87e46c7c/datanode-0/data/ratis] (custom)
2019-09-10 12:51:52,360 [pool-536-thread-1] INFO  storage.RaftStorageDirectory (RaftStorageDirectory.java:analyzeStorage(246)) - The storage directory /workdir/hadoop-ozone/integration-test/target/test-dir/MiniOzoneClusterImpl-621806fa-6f52-406a-98d3-49fc87e46c7c/datanode-0/data/ratis/9fc5b1ee-cb6e-4584-bde9-185bdd9b016b does not exist. Creating ...
2019-09-10 12:51:52,399 [pool-536-thread-1] INFO  storage.RaftStorageDirectory (RaftStorageDirectory.java:tryLock(328)) - Lock on /workdir/hadoop-ozone/integration-test/target/test-dir/MiniOzoneClusterImpl-621806fa-6f52-406a-98d3-49fc87e46c7c/datanode-0/data/ratis/9fc5b1ee-cb6e-4584-bde9-185bdd9b016b/in_use.lock acquired by nodename 29167@pr-hdds-1571-5ln6c-1111760135
2019-09-10 12:51:52,424 [pool-536-thread-1] INFO  storage.RaftStorage (RaftStorage.java:format(72)) - Storage directory /workdir/hadoop-ozone/integration-test/target/test-dir/MiniOzoneClusterImpl-621806fa-6f52-406a-98d3-49fc87e46c7c/datanode-0/data/ratis/9fc5b1ee-cb6e-4584-bde9-185bdd9b016b has been successfully formatted.
2019-09-10 12:51:52,425 [pool-536-thread-1] INFO  ratis.ContainerStateMachine (ContainerStateMachine.java:loadSnapshot(226)) - group-185BDD9B016B: The snapshot info is null. Setting the last applied indexto:(t:0, i:~)
2019-09-10 12:51:52,425 [pool-536-thread-1] INFO  server.RaftServerConfigKeys (ConfUtils.java:logGet(43)) - raft.server.leader.election.timeout = 120s (custom)
2019-09-10 12:51:52,425 [pool-536-thread-1] INFO  server.RaftServerConfigKeys (ConfUtils.java:logGet(43)) - raft.server.log.use.memory = false (default)
2019-09-10 12:51:52,425 [pool-536-thread-1] INFO  server.RaftServerConfigKeys (ConfUtils.java:logGet(43)) - raft.server.log.purge.gap = 1000000 (custom)
2019-09-10 12:51:52,426 [pool-536-thread-1] INFO  server.RaftServerConfigKeys (ConfUtils.java:logGet(43)) - raft.server.log.appender.buffer.byte-limit = 33554432 (custom)
2019-09-10 12:51:52,426 [pool-536-thread-1] INFO  server.RaftServerConfigKeys (ConfUtils.java:logGet(43)) - raft.server.log.segment.size.max = 1048576 (custom)
2019-09-10 12:51:52,426 [pool-536-thread-1] INFO  server.RaftServerConfigKeys (ConfUtils.java:logGet(43)) - raft.server.log.segment.cache.num.max = 2 (custom)
2019-09-10 12:51:52,426 [pool-536-thread-1] INFO  segmented.SegmentedRaftLogWorker (SegmentedRaftLogWorker.java:<init>(172)) - new 162c807d-d7c6-42a8-ad53-3a3326afae0a-SegmentedRaftLogWorker:Storage Directory /workdir/hadoop-ozone/integration-test/target/test-dir/MiniOzoneClusterImpl-621806fa-6f52-406a-98d3-49fc87e46c7c/datanode-0/data/ratis/9fc5b1ee-cb6e-4584-bde9-185bdd9b016b for RaftStorage:Storage Directory /workdir/hadoop-ozone/integration-test/target/test-dir/MiniOzoneClusterImpl-621806fa-6f52-406a-98d3-49fc87e46c7c/datanode-0/data/ratis/9fc5b1ee-cb6e-4584-bde9-185bdd9b016b
2019-09-10 12:51:52,426 [pool-536-thread-1] INFO  server.RaftServerConfigKeys (ConfUtils.java:logGet(43)) - raft.server.log.queue.byte-limit = 2147483647 (custom)
2019-09-10 12:51:52,427 [pool-536-thread-1] INFO  server.RaftServerConfigKeys (ConfUtils.java:logGet(43)) - raft.server.log.queue.element-limit = 1024 (custom)
2019-09-10 12:51:52,427 [pool-536-thread-1] INFO  server.RaftServerConfigKeys (ConfUtils.java:logGet(43)) - raft.server.log.segment.size.max = 1048576 (custom)
2019-09-10 12:51:52,427 [pool-536-thread-1] INFO  server.RaftServerConfigKeys (ConfUtils.java:logGet(43)) - raft.server.log.preallocated.size = 16384 (custom)
2019-09-10 12:51:52,427 [pool-536-thread-1] INFO  server.RaftServerConfigKeys (ConfUtils.java:logGet(43)) - raft.server.log.write.buffer.size = 33554432 (custom)
2019-09-10 12:51:52,427 [pool-536-thread-1] INFO  server.RaftServerConfigKeys (ConfUtils.java:logGet(43)) - raft.server.log.force.sync.num = 128 (default)
2019-09-10 12:51:52,427 [pool-536-thread-1] INFO  server.RaftServerConfigKeys (ConfUtils.java:logGet(43)) - raft.server.log.statemachine.data.sync = true (default)
2019-09-10 12:51:52,428 [pool-536-thread-1] INFO  server.RaftServerConfigKeys (ConfUtils.java:logGet(43)) - raft.server.log.statemachine.data.sync.timeout = 10s (default)
2019-09-10 12:51:52,428 [pool-536-thread-1] INFO  server.RaftServerConfigKeys (ConfUtils.java:logGet(43)) - raft.server.log.statemachine.data.sync.timeout.retry = -1 (default)
2019-09-10 12:51:52,428 [pool-536-thread-1] INFO  server.RaftServerConfigKeys (ConfUtils.java:logGet(43)) - raft.server.log.statemachine.data.caching.enabled = true (custom)
2019-09-10 12:51:52,428 [pool-536-thread-1] INFO  segmented.SegmentedRaftLogWorker (SegmentedRaftLogWorker.java:lambda$new$0(132)) - 162c807d-d7c6-42a8-ad53-3a3326afae0a-SegmentedRaftLogWorker:Storage Directory /workdir/hadoop-ozone/integration-test/target/test-dir/MiniOzoneClusterImpl-621806fa-6f52-406a-98d3-49fc87e46c7c/datanode-0/data/ratis/9fc5b1ee-cb6e-4584-bde9-185bdd9b016b: flushIndex: setUnconditionally 0 -> -1
2019-09-10 12:51:52,429 [pool-536-thread-1] INFO  server.RaftServerConfigKeys (ConfUtils.java:logGet(43)) - raft.server.snapshot.auto.trigger.enabled = true (custom)
2019-09-10 12:51:52,429 [pool-536-thread-1] INFO  server.RaftServerConfigKeys (ConfUtils.java:logGet(43)) - raft.server.snapshot.auto.trigger.threshold = 10000 (custom)
2019-09-10 12:51:52,429 [pool-536-thread-1] INFO  server.RaftServerConfigKeys (ConfUtils.java:logGet(43)) - raft.server.retrycache.expirytime = 600000ms (custom)
2019-09-10 12:51:52,429 [pool-536-thread-1] INFO  impl.RaftServerImpl (RaftServerImpl.java:start(180)) - 162c807d-d7c6-42a8-ad53-3a3326afae0a: start group-185BDD9B016B
2019-09-10 12:51:52,430 [pool-536-thread-1] INFO  impl.RaftServerImpl (RaftServerImpl.java:setRole(171)) - 162c807d-d7c6-42a8-ad53-3a3326afae0a:group-185BDD9B016B changes role from null to FOLLOWER at term 0 for startAsFollower
2019-09-10 12:51:52,430 [pool-536-thread-1] INFO  impl.RoleInfo (RoleInfo.java:updateAndGet(143)) - 162c807d-d7c6-42a8-ad53-3a3326afae0a: start FollowerState
2019-09-10 12:51:52,431 [pool-536-thread-1] INFO  util.JmxRegister (JmxRegister.java:tryRegister(44)) - Successfully registered JMX Bean with object name Ratis:service=RaftServer,group=group-185BDD9B016B,id=162c807d-d7c6-42a8-ad53-3a3326afae0a
2019-09-10 12:51:52,446 [RatisPipelineUtilsThread] INFO  pipeline.PipelineStateManager (PipelineStateManager.java:addPipeline(56)) - Created pipeline Pipeline[ Id: 9fc5b1ee-cb6e-4584-bde9-185bdd9b016b, Nodes: 162c807d-d7c6-42a8-ad53-3a3326afae0a{ip: 192.168.5.153, host: pr-hdds-1571-5ln6c-1111760135, networkLocation: /default-rack, certSerialId: null}, Type:RATIS, Factor:ONE, State:OPEN]
2019-09-10 12:51:52,541 [IPC Server handler 3 on 33913] INFO  net.NetworkTopology (NetworkTopologyImpl.java:add(110)) - Added a new node: /default-rack/10cf323f-ae84-4971-a7e0-d66e9b6ea9ea
2019-09-10 12:51:52,541 [IPC Server handler 3 on 33913] INFO  node.SCMNodeManager (SCMNodeManager.java:register(273)) - Registered Data node : 10cf323f-ae84-4971-a7e0-d66e9b6ea9ea{ip: 192.168.5.153, host: pr-hdds-1571-5ln6c-1111760135, networkLocation: /default-rack, certSerialId: null}
2019-09-10 12:51:52,541 | INFO  | SCMAudit | user=jenkins1000 | ip=192.168.5.153 | op=REGISTER {datanodeDetails=10cf323f-ae84-4971-a7e0-d66e9b6ea9ea{ip: 192.168.5.153, host: pr-hdds-1571-5ln6c-1111760135, networkLocation: /default-rack, certSerialId: null}} | ret=SUCCESS |  
2019-09-10 12:51:52,549 [grpc-default-executor-11] INFO  impl.RaftServerProxy (RaftServerProxy.java:addNew(89)) - 10cf323f-ae84-4971-a7e0-d66e9b6ea9ea: addNew group-CC7B103A6CFF:[10cf323f-ae84-4971-a7e0-d66e9b6ea9ea:192.168.5.153:36306] returns group-CC7B103A6CFF:java.util.concurrent.CompletableFuture@1e1a96ba[Not completed]
2019-09-10 12:51:52,551 [pool-547-thread-1] INFO  impl.RaftServerImpl (RaftServerImpl.java:<init>(93)) - 10cf323f-ae84-4971-a7e0-d66e9b6ea9ea: new RaftServerImpl for group-CC7B103A6CFF:[10cf323f-ae84-4971-a7e0-d66e9b6ea9ea:192.168.5.153:36306] with ContainerStateMachine:uninitialized
2019-09-10 12:51:52,551 [pool-547-thread-1] INFO  server.RaftServerConfigKeys (ConfUtils.java:logGet(43)) - raft.server.rpc.timeout.min = 5s (custom)
2019-09-10 12:51:52,551 [pool-547-thread-1] INFO  server.RaftServerConfigKeys (ConfUtils.java:logGet(43)) - raft.server.rpc.timeout.max = 5200ms (custom)
2019-09-10 12:51:52,552 [pool-547-thread-1] INFO  server.RaftServerConfigKeys (ConfUtils.java:logGet(43)) - raft.server.rpcslowness.timeout = 120s (custom)
2019-09-10 12:51:52,552 [pool-547-thread-1] INFO  server.RaftServerConfigKeys (ConfUtils.java:logGet(43)) - raft.server.sleep.deviation.threshold = 300 (default)
2019-09-10 12:51:52,552 [pool-547-thread-1] INFO  server.RaftServerConfigKeys (ConfUtils.java:logGet(43)) - raft.server.log.appender.install.snapshot.enabled = false (custom)
2019-09-10 12:51:52,552 [pool-547-thread-1] INFO  impl.RaftServerImpl (ServerState.java:<init>(105)) - 10cf323f-ae84-4971-a7e0-d66e9b6ea9ea:group-CC7B103A6CFF ConfigurationManager, init=-1: [10cf323f-ae84-4971-a7e0-d66e9b6ea9ea:192.168.5.153:36306], old=null, confs=<EMPTY_MAP>
2019-09-10 12:51:52,552 [pool-547-thread-1] INFO  server.RaftServerConfigKeys (ConfUtils.java:logGet(43)) - raft.server.storage.dir = [/workdir/hadoop-ozone/integration-test/target/test-dir/MiniOzoneClusterImpl-621806fa-6f52-406a-98d3-49fc87e46c7c/datanode-1/data/ratis] (custom)
2019-09-10 12:51:52,553 [pool-547-thread-1] INFO  storage.RaftStorageDirectory (RaftStorageDirectory.java:analyzeStorage(246)) - The storage directory /workdir/hadoop-ozone/integration-test/target/test-dir/MiniOzoneClusterImpl-621806fa-6f52-406a-98d3-49fc87e46c7c/datanode-1/data/ratis/fadbac3e-5520-43b0-9916-cc7b103a6cff does not exist. Creating ...
2019-09-10 12:51:52,583 [pool-547-thread-1] INFO  storage.RaftStorageDirectory (RaftStorageDirectory.java:tryLock(328)) - Lock on /workdir/hadoop-ozone/integration-test/target/test-dir/MiniOzoneClusterImpl-621806fa-6f52-406a-98d3-49fc87e46c7c/datanode-1/data/ratis/fadbac3e-5520-43b0-9916-cc7b103a6cff/in_use.lock acquired by nodename 29167@pr-hdds-1571-5ln6c-1111760135
2019-09-10 12:51:52,601 [pool-547-thread-1] INFO  storage.RaftStorage (RaftStorage.java:format(72)) - Storage directory /workdir/hadoop-ozone/integration-test/target/test-dir/MiniOzoneClusterImpl-621806fa-6f52-406a-98d3-49fc87e46c7c/datanode-1/data/ratis/fadbac3e-5520-43b0-9916-cc7b103a6cff has been successfully formatted.
2019-09-10 12:51:52,602 [pool-547-thread-1] INFO  ratis.ContainerStateMachine (ContainerStateMachine.java:loadSnapshot(226)) - group-CC7B103A6CFF: The snapshot info is null. Setting the last applied indexto:(t:0, i:~)
2019-09-10 12:51:52,602 [pool-547-thread-1] INFO  server.RaftServerConfigKeys (ConfUtils.java:logGet(43)) - raft.server.leader.election.timeout = 120s (custom)
2019-09-10 12:51:52,602 [pool-547-thread-1] INFO  server.RaftServerConfigKeys (ConfUtils.java:logGet(43)) - raft.server.log.use.memory = false (default)
2019-09-10 12:51:52,602 [pool-547-thread-1] INFO  server.RaftServerConfigKeys (ConfUtils.java:logGet(43)) - raft.server.log.purge.gap = 1000000 (custom)
2019-09-10 12:51:52,602 [pool-547-thread-1] INFO  server.RaftServerConfigKeys (ConfUtils.java:logGet(43)) - raft.server.log.appender.buffer.byte-limit = 33554432 (custom)
2019-09-10 12:51:52,602 [pool-547-thread-1] INFO  server.RaftServerConfigKeys (ConfUtils.java:logGet(43)) - raft.server.log.segment.size.max = 1048576 (custom)
2019-09-10 12:51:52,603 [pool-547-thread-1] INFO  server.RaftServerConfigKeys (ConfUtils.java:logGet(43)) - raft.server.log.segment.cache.num.max = 2 (custom)
2019-09-10 12:51:52,603 [pool-547-thread-1] INFO  segmented.SegmentedRaftLogWorker (SegmentedRaftLogWorker.java:<init>(172)) - new 10cf323f-ae84-4971-a7e0-d66e9b6ea9ea-SegmentedRaftLogWorker:Storage Directory /workdir/hadoop-ozone/integration-test/target/test-dir/MiniOzoneClusterImpl-621806fa-6f52-406a-98d3-49fc87e46c7c/datanode-1/data/ratis/fadbac3e-5520-43b0-9916-cc7b103a6cff for RaftStorage:Storage Directory /workdir/hadoop-ozone/integration-test/target/test-dir/MiniOzoneClusterImpl-621806fa-6f52-406a-98d3-49fc87e46c7c/datanode-1/data/ratis/fadbac3e-5520-43b0-9916-cc7b103a6cff
2019-09-10 12:51:52,603 [pool-547-thread-1] INFO  server.RaftServerConfigKeys (ConfUtils.java:logGet(43)) - raft.server.log.queue.byte-limit = 2147483647 (custom)
2019-09-10 12:51:52,603 [pool-547-thread-1] INFO  server.RaftServerConfigKeys (ConfUtils.java:logGet(43)) - raft.server.log.queue.element-limit = 1024 (custom)
2019-09-10 12:51:52,603 [pool-547-thread-1] INFO  server.RaftServerConfigKeys (ConfUtils.java:logGet(43)) - raft.server.log.segment.size.max = 1048576 (custom)
2019-09-10 12:51:52,604 [pool-547-thread-1] INFO  server.RaftServerConfigKeys (ConfUtils.java:logGet(43)) - raft.server.log.preallocated.size = 16384 (custom)
2019-09-10 12:51:52,604 [pool-547-thread-1] INFO  server.RaftServerConfigKeys (ConfUtils.java:logGet(43)) - raft.server.log.write.buffer.size = 33554432 (custom)
2019-09-10 12:51:52,604 [pool-547-thread-1] INFO  server.RaftServerConfigKeys (ConfUtils.java:logGet(43)) - raft.server.log.force.sync.num = 128 (default)
2019-09-10 12:51:52,604 [pool-547-thread-1] INFO  server.RaftServerConfigKeys (ConfUtils.java:logGet(43)) - raft.server.log.statemachine.data.sync = true (default)
2019-09-10 12:51:52,604 [pool-547-thread-1] INFO  server.RaftServerConfigKeys (ConfUtils.java:logGet(43)) - raft.server.log.statemachine.data.sync.timeout = 10s (default)
2019-09-10 12:51:52,604 [pool-547-thread-1] INFO  server.RaftServerConfigKeys (ConfUtils.java:logGet(43)) - raft.server.log.statemachine.data.sync.timeout.retry = -1 (default)
2019-09-10 12:51:52,605 [pool-547-thread-1] INFO  server.RaftServerConfigKeys (ConfUtils.java:logGet(43)) - raft.server.log.statemachine.data.caching.enabled = true (custom)
2019-09-10 12:51:52,605 [pool-547-thread-1] INFO  segmented.SegmentedRaftLogWorker (SegmentedRaftLogWorker.java:lambda$new$0(132)) - 10cf323f-ae84-4971-a7e0-d66e9b6ea9ea-SegmentedRaftLogWorker:Storage Directory /workdir/hadoop-ozone/integration-test/target/test-dir/MiniOzoneClusterImpl-621806fa-6f52-406a-98d3-49fc87e46c7c/datanode-1/data/ratis/fadbac3e-5520-43b0-9916-cc7b103a6cff: flushIndex: setUnconditionally 0 -> -1
2019-09-10 12:51:52,605 [pool-547-thread-1] INFO  server.RaftServerConfigKeys (ConfUtils.java:logGet(43)) - raft.server.snapshot.auto.trigger.enabled = true (custom)
2019-09-10 12:51:52,605 [pool-547-thread-1] INFO  server.RaftServerConfigKeys (ConfUtils.java:logGet(43)) - raft.server.snapshot.auto.trigger.threshold = 10000 (custom)
2019-09-10 12:51:52,606 [pool-547-thread-1] INFO  server.RaftServerConfigKeys (ConfUtils.java:logGet(43)) - raft.server.retrycache.expirytime = 600000ms (custom)
2019-09-10 12:51:52,606 [pool-547-thread-1] INFO  impl.RaftServerImpl (RaftServerImpl.java:start(180)) - 10cf323f-ae84-4971-a7e0-d66e9b6ea9ea: start group-CC7B103A6CFF
2019-09-10 12:51:52,606 [pool-547-thread-1] INFO  impl.RaftServerImpl (RaftServerImpl.java:setRole(171)) - 10cf323f-ae84-4971-a7e0-d66e9b6ea9ea:group-CC7B103A6CFF changes role from null to FOLLOWER at term 0 for startAsFollower
2019-09-10 12:51:52,606 [pool-547-thread-1] INFO  impl.RoleInfo (RoleInfo.java:updateAndGet(143)) - 10cf323f-ae84-4971-a7e0-d66e9b6ea9ea: start FollowerState
2019-09-10 12:51:52,606 [pool-547-thread-1] INFO  util.JmxRegister (JmxRegister.java:tryRegister(44)) - Successfully registered JMX Bean with object name Ratis:service=RaftServer,group=group-CC7B103A6CFF,id=10cf323f-ae84-4971-a7e0-d66e9b6ea9ea
2019-09-10 12:51:52,609 [RatisPipelineUtilsThread] INFO  pipeline.PipelineStateManager (PipelineStateManager.java:addPipeline(56)) - Created pipeline Pipeline[ Id: fadbac3e-5520-43b0-9916-cc7b103a6cff, Nodes: 10cf323f-ae84-4971-a7e0-d66e9b6ea9ea{ip: 192.168.5.153, host: pr-hdds-1571-5ln6c-1111760135, networkLocation: /default-rack, certSerialId: null}, Type:RATIS, Factor:ONE, State:OPEN]
2019-09-10 12:51:52,751 [IPC Server handler 4 on 33913] INFO  net.NetworkTopology (NetworkTopologyImpl.java:add(110)) - Added a new node: /default-rack/e116f4bc-cd87-4ac6-9da1-80e39cc5f9e9
2019-09-10 12:51:52,751 [IPC Server handler 4 on 33913] INFO  node.SCMNodeManager (SCMNodeManager.java:register(273)) - Registered Data node : e116f4bc-cd87-4ac6-9da1-80e39cc5f9e9{ip: 192.168.5.153, host: pr-hdds-1571-5ln6c-1111760135, networkLocation: /default-rack, certSerialId: null}
2019-09-10 12:51:52,751 | INFO  | SCMAudit | user=jenkins1000 | ip=192.168.5.153 | op=REGISTER {datanodeDetails=e116f4bc-cd87-4ac6-9da1-80e39cc5f9e9{ip: 192.168.5.153, host: pr-hdds-1571-5ln6c-1111760135, networkLocation: /default-rack, certSerialId: null}} | ret=SUCCESS |  
2019-09-10 12:51:52,759 [grpc-default-executor-11] INFO  impl.RaftServerProxy (RaftServerProxy.java:addNew(89)) - e116f4bc-cd87-4ac6-9da1-80e39cc5f9e9: addNew group-3BC6EF3B54DE:[e116f4bc-cd87-4ac6-9da1-80e39cc5f9e9:192.168.5.153:44973] returns group-3BC6EF3B54DE:java.util.concurrent.CompletableFuture@753bd911[Not completed]
2019-09-10 12:51:52,761 [pool-558-thread-1] INFO  impl.RaftServerImpl (RaftServerImpl.java:<init>(93)) - e116f4bc-cd87-4ac6-9da1-80e39cc5f9e9: new RaftServerImpl for group-3BC6EF3B54DE:[e116f4bc-cd87-4ac6-9da1-80e39cc5f9e9:192.168.5.153:44973] with ContainerStateMachine:uninitialized
2019-09-10 12:51:52,761 [pool-558-thread-1] INFO  server.RaftServerConfigKeys (ConfUtils.java:logGet(43)) - raft.server.rpc.timeout.min = 5s (custom)
2019-09-10 12:51:52,761 [pool-558-thread-1] INFO  server.RaftServerConfigKeys (ConfUtils.java:logGet(43)) - raft.server.rpc.timeout.max = 5200ms (custom)
2019-09-10 12:51:52,761 [pool-558-thread-1] INFO  server.RaftServerConfigKeys (ConfUtils.java:logGet(43)) - raft.server.rpcslowness.timeout = 120s (custom)
2019-09-10 12:51:52,761 [pool-558-thread-1] INFO  server.RaftServerConfigKeys (ConfUtils.java:logGet(43)) - raft.server.sleep.deviation.threshold = 300 (default)
2019-09-10 12:51:52,762 [pool-558-thread-1] INFO  server.RaftServerConfigKeys (ConfUtils.java:logGet(43)) - raft.server.log.appender.install.snapshot.enabled = false (custom)
2019-09-10 12:51:52,762 [pool-558-thread-1] INFO  impl.RaftServerImpl (ServerState.java:<init>(105)) - e116f4bc-cd87-4ac6-9da1-80e39cc5f9e9:group-3BC6EF3B54DE ConfigurationManager, init=-1: [e116f4bc-cd87-4ac6-9da1-80e39cc5f9e9:192.168.5.153:44973], old=null, confs=<EMPTY_MAP>
2019-09-10 12:51:52,762 [pool-558-thread-1] INFO  server.RaftServerConfigKeys (ConfUtils.java:logGet(43)) - raft.server.storage.dir = [/workdir/hadoop-ozone/integration-test/target/test-dir/MiniOzoneClusterImpl-621806fa-6f52-406a-98d3-49fc87e46c7c/datanode-2/data/ratis] (custom)
2019-09-10 12:51:52,763 [pool-558-thread-1] INFO  storage.RaftStorageDirectory (RaftStorageDirectory.java:analyzeStorage(246)) - The storage directory /workdir/hadoop-ozone/integration-test/target/test-dir/MiniOzoneClusterImpl-621806fa-6f52-406a-98d3-49fc87e46c7c/datanode-2/data/ratis/253c158a-f2a1-4791-863a-3bc6ef3b54de does not exist. Creating ...
2019-09-10 12:51:52,793 [pool-558-thread-1] INFO  storage.RaftStorageDirectory (RaftStorageDirectory.java:tryLock(328)) - Lock on /workdir/hadoop-ozone/integration-test/target/test-dir/MiniOzoneClusterImpl-621806fa-6f52-406a-98d3-49fc87e46c7c/datanode-2/data/ratis/253c158a-f2a1-4791-863a-3bc6ef3b54de/in_use.lock acquired by nodename 29167@pr-hdds-1571-5ln6c-1111760135
2019-09-10 12:51:52,794 [main] INFO  ozone.MiniOzoneClusterImpl (MiniOzoneClusterImpl.java:lambda$waitForClusterToBeReady$0(142)) - Waiting for cluster to be ready. Got 3 of 7 DN Heartbeats.
2019-09-10 12:51:52,819 [pool-558-thread-1] INFO  storage.RaftStorage (RaftStorage.java:format(72)) - Storage directory /workdir/hadoop-ozone/integration-test/target/test-dir/MiniOzoneClusterImpl-621806fa-6f52-406a-98d3-49fc87e46c7c/datanode-2/data/ratis/253c158a-f2a1-4791-863a-3bc6ef3b54de has been successfully formatted.
2019-09-10 12:51:52,819 [pool-558-thread-1] INFO  ratis.ContainerStateMachine (ContainerStateMachine.java:loadSnapshot(226)) - group-3BC6EF3B54DE: The snapshot info is null. Setting the last applied indexto:(t:0, i:~)
2019-09-10 12:51:52,819 [pool-558-thread-1] INFO  server.RaftServerConfigKeys (ConfUtils.java:logGet(43)) - raft.server.leader.election.timeout = 120s (custom)
2019-09-10 12:51:52,820 [pool-558-thread-1] INFO  server.RaftServerConfigKeys (ConfUtils.java:logGet(43)) - raft.server.log.use.memory = false (default)
2019-09-10 12:51:52,820 [pool-558-thread-1] INFO  server.RaftServerConfigKeys (ConfUtils.java:logGet(43)) - raft.server.log.purge.gap = 1000000 (custom)
2019-09-10 12:51:52,820 [pool-558-thread-1] INFO  server.RaftServerConfigKeys (ConfUtils.java:logGet(43)) - raft.server.log.appender.buffer.byte-limit = 33554432 (custom)
2019-09-10 12:51:52,820 [pool-558-thread-1] INFO  server.RaftServerConfigKeys (ConfUtils.java:logGet(43)) - raft.server.log.segment.size.max = 1048576 (custom)
2019-09-10 12:51:52,820 [pool-558-thread-1] INFO  server.RaftServerConfigKeys (ConfUtils.java:logGet(43)) - raft.server.log.segment.cache.num.max = 2 (custom)
2019-09-10 12:51:52,820 [pool-558-thread-1] INFO  segmented.SegmentedRaftLogWorker (SegmentedRaftLogWorker.java:<init>(172)) - new e116f4bc-cd87-4ac6-9da1-80e39cc5f9e9-SegmentedRaftLogWorker:Storage Directory /workdir/hadoop-ozone/integration-test/target/test-dir/MiniOzoneClusterImpl-621806fa-6f52-406a-98d3-49fc87e46c7c/datanode-2/data/ratis/253c158a-f2a1-4791-863a-3bc6ef3b54de for RaftStorage:Storage Directory /workdir/hadoop-ozone/integration-test/target/test-dir/MiniOzoneClusterImpl-621806fa-6f52-406a-98d3-49fc87e46c7c/datanode-2/data/ratis/253c158a-f2a1-4791-863a-3bc6ef3b54de
2019-09-10 12:51:52,821 [pool-558-thread-1] INFO  server.RaftServerConfigKeys (ConfUtils.java:logGet(43)) - raft.server.log.queue.byte-limit = 2147483647 (custom)
2019-09-10 12:51:52,821 [pool-558-thread-1] INFO  server.RaftServerConfigKeys (ConfUtils.java:logGet(43)) - raft.server.log.queue.element-limit = 1024 (custom)
2019-09-10 12:51:52,821 [pool-558-thread-1] INFO  server.RaftServerConfigKeys (ConfUtils.java:logGet(43)) - raft.server.log.segment.size.max = 1048576 (custom)
2019-09-10 12:51:52,821 [pool-558-thread-1] INFO  server.RaftServerConfigKeys (ConfUtils.java:logGet(43)) - raft.server.log.preallocated.size = 16384 (custom)
2019-09-10 12:51:52,821 [pool-558-thread-1] INFO  server.RaftServerConfigKeys (ConfUtils.java:logGet(43)) - raft.server.log.write.buffer.size = 33554432 (custom)
2019-09-10 12:51:52,822 [pool-558-thread-1] INFO  server.RaftServerConfigKeys (ConfUtils.java:logGet(43)) - raft.server.log.force.sync.num = 128 (default)
2019-09-10 12:51:52,822 [pool-558-thread-1] INFO  server.RaftServerConfigKeys (ConfUtils.java:logGet(43)) - raft.server.log.statemachine.data.sync = true (default)
2019-09-10 12:51:52,822 [pool-558-thread-1] INFO  server.RaftServerConfigKeys (ConfUtils.java:logGet(43)) - raft.server.log.statemachine.data.sync.timeout = 10s (default)
2019-09-10 12:51:52,822 [pool-558-thread-1] INFO  server.RaftServerConfigKeys (ConfUtils.java:logGet(43)) - raft.server.log.statemachine.data.sync.timeout.retry = -1 (default)
2019-09-10 12:51:52,822 [pool-558-thread-1] INFO  server.RaftServerConfigKeys (ConfUtils.java:logGet(43)) - raft.server.log.statemachine.data.caching.enabled = true (custom)
2019-09-10 12:51:52,823 [pool-558-thread-1] INFO  segmented.SegmentedRaftLogWorker (SegmentedRaftLogWorker.java:lambda$new$0(132)) - e116f4bc-cd87-4ac6-9da1-80e39cc5f9e9-SegmentedRaftLogWorker:Storage Directory /workdir/hadoop-ozone/integration-test/target/test-dir/MiniOzoneClusterImpl-621806fa-6f52-406a-98d3-49fc87e46c7c/datanode-2/data/ratis/253c158a-f2a1-4791-863a-3bc6ef3b54de: flushIndex: setUnconditionally 0 -> -1
2019-09-10 12:51:52,823 [pool-558-thread-1] INFO  server.RaftServerConfigKeys (ConfUtils.java:logGet(43)) - raft.server.snapshot.auto.trigger.enabled = true (custom)
2019-09-10 12:51:52,823 [pool-558-thread-1] INFO  server.RaftServerConfigKeys (ConfUtils.java:logGet(43)) - raft.server.snapshot.auto.trigger.threshold = 10000 (custom)
2019-09-10 12:51:52,823 [pool-558-thread-1] INFO  server.RaftServerConfigKeys (ConfUtils.java:logGet(43)) - raft.server.retrycache.expirytime = 600000ms (custom)
2019-09-10 12:51:52,824 [pool-558-thread-1] INFO  impl.RaftServerImpl (RaftServerImpl.java:start(180)) - e116f4bc-cd87-4ac6-9da1-80e39cc5f9e9: start group-3BC6EF3B54DE
2019-09-10 12:51:52,824 [pool-558-thread-1] INFO  impl.RaftServerImpl (RaftServerImpl.java:setRole(171)) - e116f4bc-cd87-4ac6-9da1-80e39cc5f9e9:group-3BC6EF3B54DE changes role from null to FOLLOWER at term 0 for startAsFollower
2019-09-10 12:51:52,824 [pool-558-thread-1] INFO  impl.RoleInfo (RoleInfo.java:updateAndGet(143)) - e116f4bc-cd87-4ac6-9da1-80e39cc5f9e9: start FollowerState
2019-09-10 12:51:52,824 [pool-558-thread-1] INFO  util.JmxRegister (JmxRegister.java:tryRegister(44)) - Successfully registered JMX Bean with object name Ratis:service=RaftServer,group=group-3BC6EF3B54DE,id=e116f4bc-cd87-4ac6-9da1-80e39cc5f9e9
2019-09-10 12:51:52,827 [RatisPipelineUtilsThread] INFO  pipeline.PipelineStateManager (PipelineStateManager.java:addPipeline(56)) - Created pipeline Pipeline[ Id: 253c158a-f2a1-4791-863a-3bc6ef3b54de, Nodes: e116f4bc-cd87-4ac6-9da1-80e39cc5f9e9{ip: 192.168.5.153, host: pr-hdds-1571-5ln6c-1111760135, networkLocation: /default-rack, certSerialId: null}, Type:RATIS, Factor:ONE, State:OPEN]
2019-09-10 12:51:52,844 [grpc-default-executor-9] INFO  impl.RaftServerProxy (RaftServerProxy.java:addNew(89)) - e116f4bc-cd87-4ac6-9da1-80e39cc5f9e9: addNew group-DD9FE6C50665:[162c807d-d7c6-42a8-ad53-3a3326afae0a:192.168.5.153:40128, e116f4bc-cd87-4ac6-9da1-80e39cc5f9e9:192.168.5.153:44973, 10cf323f-ae84-4971-a7e0-d66e9b6ea9ea:192.168.5.153:36306] returns group-DD9FE6C50665:java.util.concurrent.CompletableFuture@1fed2dfc[Not completed]
2019-09-10 12:51:52,844 [grpc-default-executor-11] INFO  impl.RaftServerProxy (RaftServerProxy.java:addNew(89)) - 10cf323f-ae84-4971-a7e0-d66e9b6ea9ea: addNew group-DD9FE6C50665:[162c807d-d7c6-42a8-ad53-3a3326afae0a:192.168.5.153:40128, e116f4bc-cd87-4ac6-9da1-80e39cc5f9e9:192.168.5.153:44973, 10cf323f-ae84-4971-a7e0-d66e9b6ea9ea:192.168.5.153:36306] returns group-DD9FE6C50665:java.util.concurrent.CompletableFuture@7da819c5[Not completed]
2019-09-10 12:51:52,844 [grpc-default-executor-10] INFO  impl.RaftServerProxy (RaftServerProxy.java:addNew(89)) - 162c807d-d7c6-42a8-ad53-3a3326afae0a: addNew group-DD9FE6C50665:[162c807d-d7c6-42a8-ad53-3a3326afae0a:192.168.5.153:40128, e116f4bc-cd87-4ac6-9da1-80e39cc5f9e9:192.168.5.153:44973, 10cf323f-ae84-4971-a7e0-d66e9b6ea9ea:192.168.5.153:36306] returns group-DD9FE6C50665:java.util.concurrent.CompletableFuture@333af1e3[Not completed]
2019-09-10 12:51:52,845 [pool-536-thread-1] INFO  impl.RaftServerImpl (RaftServerImpl.java:<init>(93)) - 162c807d-d7c6-42a8-ad53-3a3326afae0a: new RaftServerImpl for group-DD9FE6C50665:[162c807d-d7c6-42a8-ad53-3a3326afae0a:192.168.5.153:40128, e116f4bc-cd87-4ac6-9da1-80e39cc5f9e9:192.168.5.153:44973, 10cf323f-ae84-4971-a7e0-d66e9b6ea9ea:192.168.5.153:36306] with ContainerStateMachine:uninitialized
2019-09-10 12:51:52,845 [pool-536-thread-1] INFO  server.RaftServerConfigKeys (ConfUtils.java:logGet(43)) - raft.server.rpc.timeout.min = 5s (custom)
2019-09-10 12:51:52,845 [pool-536-thread-1] INFO  server.RaftServerConfigKeys (ConfUtils.java:logGet(43)) - raft.server.rpc.timeout.max = 5200ms (custom)
2019-09-10 12:51:52,846 [pool-536-thread-1] INFO  server.RaftServerConfigKeys (ConfUtils.java:logGet(43)) - raft.server.rpcslowness.timeout = 120s (custom)
2019-09-10 12:51:52,846 [pool-536-thread-1] INFO  server.RaftServerConfigKeys (ConfUtils.java:logGet(43)) - raft.server.sleep.deviation.threshold = 300 (default)
2019-09-10 12:51:52,846 [pool-558-thread-1] INFO  impl.RaftServerImpl (RaftServerImpl.java:<init>(93)) - e116f4bc-cd87-4ac6-9da1-80e39cc5f9e9: new RaftServerImpl for group-DD9FE6C50665:[162c807d-d7c6-42a8-ad53-3a3326afae0a:192.168.5.153:40128, e116f4bc-cd87-4ac6-9da1-80e39cc5f9e9:192.168.5.153:44973, 10cf323f-ae84-4971-a7e0-d66e9b6ea9ea:192.168.5.153:36306] with ContainerStateMachine:uninitialized
2019-09-10 12:51:52,846 [pool-536-thread-1] INFO  server.RaftServerConfigKeys (ConfUtils.java:logGet(43)) - raft.server.log.appender.install.snapshot.enabled = false (custom)
2019-09-10 12:51:52,846 [pool-558-thread-1] INFO  server.RaftServerConfigKeys (ConfUtils.java:logGet(43)) - raft.server.rpc.timeout.min = 5s (custom)
2019-09-10 12:51:52,846 [pool-547-thread-1] INFO  impl.RaftServerImpl (RaftServerImpl.java:<init>(93)) - 10cf323f-ae84-4971-a7e0-d66e9b6ea9ea: new RaftServerImpl for group-DD9FE6C50665:[162c807d-d7c6-42a8-ad53-3a3326afae0a:192.168.5.153:40128, e116f4bc-cd87-4ac6-9da1-80e39cc5f9e9:192.168.5.153:44973, 10cf323f-ae84-4971-a7e0-d66e9b6ea9ea:192.168.5.153:36306] with ContainerStateMachine:uninitialized
2019-09-10 12:51:52,846 [pool-536-thread-1] INFO  impl.RaftServerImpl (ServerState.java:<init>(105)) - 162c807d-d7c6-42a8-ad53-3a3326afae0a:group-DD9FE6C50665 ConfigurationManager, init=-1: [162c807d-d7c6-42a8-ad53-3a3326afae0a:192.168.5.153:40128, e116f4bc-cd87-4ac6-9da1-80e39cc5f9e9:192.168.5.153:44973, 10cf323f-ae84-4971-a7e0-d66e9b6ea9ea:192.168.5.153:36306], old=null, confs=<EMPTY_MAP>
2019-09-10 12:51:52,846 [pool-547-thread-1] INFO  server.RaftServerConfigKeys (ConfUtils.java:logGet(43)) - raft.server.rpc.timeout.min = 5s (custom)
2019-09-10 12:51:52,846 [pool-558-thread-1] INFO  server.RaftServerConfigKeys (ConfUtils.java:logGet(43)) - raft.server.rpc.timeout.max = 5200ms (custom)
2019-09-10 12:51:52,846 [pool-547-thread-1] INFO  server.RaftServerConfigKeys (ConfUtils.java:logGet(43)) - raft.server.rpc.timeout.max = 5200ms (custom)
2019-09-10 12:51:52,846 [pool-536-thread-1] INFO  server.RaftServerConfigKeys (ConfUtils.java:logGet(43)) - raft.server.storage.dir = [/workdir/hadoop-ozone/integration-test/target/test-dir/MiniOzoneClusterImpl-621806fa-6f52-406a-98d3-49fc87e46c7c/datanode-0/data/ratis] (custom)
2019-09-10 12:51:52,847 [pool-547-thread-1] INFO  server.RaftServerConfigKeys (ConfUtils.java:logGet(43)) - raft.server.rpcslowness.timeout = 120s (custom)
2019-09-10 12:51:52,847 [pool-558-thread-1] INFO  server.RaftServerConfigKeys (ConfUtils.java:logGet(43)) - raft.server.rpcslowness.timeout = 120s (custom)
2019-09-10 12:51:52,847 [pool-547-thread-1] INFO  server.RaftServerConfigKeys (ConfUtils.java:logGet(43)) - raft.server.sleep.deviation.threshold = 300 (default)
2019-09-10 12:51:52,847 [pool-536-thread-1] INFO  storage.RaftStorageDirectory (RaftStorageDirectory.java:analyzeStorage(246)) - The storage directory /workdir/hadoop-ozone/integration-test/target/test-dir/MiniOzoneClusterImpl-621806fa-6f52-406a-98d3-49fc87e46c7c/datanode-0/data/ratis/18a93aa5-9211-4313-a260-dd9fe6c50665 does not exist. Creating ...
2019-09-10 12:51:52,847 [pool-558-thread-1] INFO  server.RaftServerConfigKeys (ConfUtils.java:logGet(43)) - raft.server.sleep.deviation.threshold = 300 (default)
2019-09-10 12:51:52,847 [pool-547-thread-1] INFO  server.RaftServerConfigKeys (ConfUtils.java:logGet(43)) - raft.server.log.appender.install.snapshot.enabled = false (custom)
2019-09-10 12:51:52,847 [pool-558-thread-1] INFO  server.RaftServerConfigKeys (ConfUtils.java:logGet(43)) - raft.server.log.appender.install.snapshot.enabled = false (custom)
2019-09-10 12:51:52,848 [pool-547-thread-1] INFO  impl.RaftServerImpl (ServerState.java:<init>(105)) - 10cf323f-ae84-4971-a7e0-d66e9b6ea9ea:group-DD9FE6C50665 ConfigurationManager, init=-1: [162c807d-d7c6-42a8-ad53-3a3326afae0a:192.168.5.153:40128, e116f4bc-cd87-4ac6-9da1-80e39cc5f9e9:192.168.5.153:44973, 10cf323f-ae84-4971-a7e0-d66e9b6ea9ea:192.168.5.153:36306], old=null, confs=<EMPTY_MAP>
2019-09-10 12:51:52,848 [pool-558-thread-1] INFO  impl.RaftServerImpl (ServerState.java:<init>(105)) - e116f4bc-cd87-4ac6-9da1-80e39cc5f9e9:group-DD9FE6C50665 ConfigurationManager, init=-1: [162c807d-d7c6-42a8-ad53-3a3326afae0a:192.168.5.153:40128, e116f4bc-cd87-4ac6-9da1-80e39cc5f9e9:192.168.5.153:44973, 10cf323f-ae84-4971-a7e0-d66e9b6ea9ea:192.168.5.153:36306], old=null, confs=<EMPTY_MAP>
2019-09-10 12:51:52,848 [pool-547-thread-1] INFO  server.RaftServerConfigKeys (ConfUtils.java:logGet(43)) - raft.server.storage.dir = [/workdir/hadoop-ozone/integration-test/target/test-dir/MiniOzoneClusterImpl-621806fa-6f52-406a-98d3-49fc87e46c7c/datanode-1/data/ratis] (custom)
2019-09-10 12:51:52,848 [pool-558-thread-1] INFO  server.RaftServerConfigKeys (ConfUtils.java:logGet(43)) - raft.server.storage.dir = [/workdir/hadoop-ozone/integration-test/target/test-dir/MiniOzoneClusterImpl-621806fa-6f52-406a-98d3-49fc87e46c7c/datanode-2/data/ratis] (custom)
2019-09-10 12:51:52,848 [pool-547-thread-1] INFO  storage.RaftStorageDirectory (RaftStorageDirectory.java:analyzeStorage(246)) - The storage directory /workdir/hadoop-ozone/integration-test/target/test-dir/MiniOzoneClusterImpl-621806fa-6f52-406a-98d3-49fc87e46c7c/datanode-1/data/ratis/18a93aa5-9211-4313-a260-dd9fe6c50665 does not exist. Creating ...
2019-09-10 12:51:52,848 [pool-558-thread-1] INFO  storage.RaftStorageDirectory (RaftStorageDirectory.java:analyzeStorage(246)) - The storage directory /workdir/hadoop-ozone/integration-test/target/test-dir/MiniOzoneClusterImpl-621806fa-6f52-406a-98d3-49fc87e46c7c/datanode-2/data/ratis/18a93aa5-9211-4313-a260-dd9fe6c50665 does not exist. Creating ...
2019-09-10 12:51:52,878 [pool-558-thread-1] INFO  storage.RaftStorageDirectory (RaftStorageDirectory.java:tryLock(328)) - Lock on /workdir/hadoop-ozone/integration-test/target/test-dir/MiniOzoneClusterImpl-621806fa-6f52-406a-98d3-49fc87e46c7c/datanode-2/data/ratis/18a93aa5-9211-4313-a260-dd9fe6c50665/in_use.lock acquired by nodename 29167@pr-hdds-1571-5ln6c-1111760135
2019-09-10 12:51:52,878 [pool-536-thread-1] INFO  storage.RaftStorageDirectory (RaftStorageDirectory.java:tryLock(328)) - Lock on /workdir/hadoop-ozone/integration-test/target/test-dir/MiniOzoneClusterImpl-621806fa-6f52-406a-98d3-49fc87e46c7c/datanode-0/data/ratis/18a93aa5-9211-4313-a260-dd9fe6c50665/in_use.lock acquired by nodename 29167@pr-hdds-1571-5ln6c-1111760135
2019-09-10 12:51:52,878 [pool-547-thread-1] INFO  storage.RaftStorageDirectory (RaftStorageDirectory.java:tryLock(328)) - Lock on /workdir/hadoop-ozone/integration-test/target/test-dir/MiniOzoneClusterImpl-621806fa-6f52-406a-98d3-49fc87e46c7c/datanode-1/data/ratis/18a93aa5-9211-4313-a260-dd9fe6c50665/in_use.lock acquired by nodename 29167@pr-hdds-1571-5ln6c-1111760135
2019-09-10 12:51:52,903 [pool-536-thread-1] INFO  storage.RaftStorage (RaftStorage.java:format(72)) - Storage directory /workdir/hadoop-ozone/integration-test/target/test-dir/MiniOzoneClusterImpl-621806fa-6f52-406a-98d3-49fc87e46c7c/datanode-0/data/ratis/18a93aa5-9211-4313-a260-dd9fe6c50665 has been successfully formatted.
2019-09-10 12:51:52,904 [pool-558-thread-1] INFO  storage.RaftStorage (RaftStorage.java:format(72)) - Storage directory /workdir/hadoop-ozone/integration-test/target/test-dir/MiniOzoneClusterImpl-621806fa-6f52-406a-98d3-49fc87e46c7c/datanode-2/data/ratis/18a93aa5-9211-4313-a260-dd9fe6c50665 has been successfully formatted.
2019-09-10 12:51:52,903 [pool-547-thread-1] INFO  storage.RaftStorage (RaftStorage.java:format(72)) - Storage directory /workdir/hadoop-ozone/integration-test/target/test-dir/MiniOzoneClusterImpl-621806fa-6f52-406a-98d3-49fc87e46c7c/datanode-1/data/ratis/18a93aa5-9211-4313-a260-dd9fe6c50665 has been successfully formatted.
2019-09-10 12:51:52,904 [pool-536-thread-1] INFO  ratis.ContainerStateMachine (ContainerStateMachine.java:loadSnapshot(226)) - group-DD9FE6C50665: The snapshot info is null. Setting the last applied indexto:(t:0, i:~)
2019-09-10 12:51:52,904 [pool-547-thread-1] INFO  ratis.ContainerStateMachine (ContainerStateMachine.java:loadSnapshot(226)) - group-DD9FE6C50665: The snapshot info is null. Setting the last applied indexto:(t:0, i:~)
2019-09-10 12:51:52,904 [pool-536-thread-1] INFO  server.RaftServerConfigKeys (ConfUtils.java:logGet(43)) - raft.server.leader.election.timeout = 120s (custom)
2019-09-10 12:51:52,905 [pool-547-thread-1] INFO  server.RaftServerConfigKeys (ConfUtils.java:logGet(43)) - raft.server.leader.election.timeout = 120s (custom)
2019-09-10 12:51:52,905 [pool-547-thread-1] INFO  server.RaftServerConfigKeys (ConfUtils.java:logGet(43)) - raft.server.log.use.memory = false (default)
2019-09-10 12:51:52,905 [pool-536-thread-1] INFO  server.RaftServerConfigKeys (ConfUtils.java:logGet(43)) - raft.server.log.use.memory = false (default)
2019-09-10 12:51:52,905 [pool-547-thread-1] INFO  server.RaftServerConfigKeys (ConfUtils.java:logGet(43)) - raft.server.log.purge.gap = 1000000 (custom)
2019-09-10 12:51:52,906 [pool-547-thread-1] INFO  server.RaftServerConfigKeys (ConfUtils.java:logGet(43)) - raft.server.log.appender.buffer.byte-limit = 33554432 (custom)
2019-09-10 12:51:52,905 [pool-536-thread-1] INFO  server.RaftServerConfigKeys (ConfUtils.java:logGet(43)) - raft.server.log.purge.gap = 1000000 (custom)
2019-09-10 12:51:52,906 [pool-536-thread-1] INFO  server.RaftServerConfigKeys (ConfUtils.java:logGet(43)) - raft.server.log.appender.buffer.byte-limit = 33554432 (custom)
2019-09-10 12:51:52,906 [pool-536-thread-1] INFO  server.RaftServerConfigKeys (ConfUtils.java:logGet(43)) - raft.server.log.segment.size.max = 1048576 (custom)
2019-09-10 12:51:52,906 [pool-536-thread-1] INFO  server.RaftServerConfigKeys (ConfUtils.java:logGet(43)) - raft.server.log.segment.cache.num.max = 2 (custom)
2019-09-10 12:51:52,906 [pool-558-thread-1] INFO  ratis.ContainerStateMachine (ContainerStateMachine.java:loadSnapshot(226)) - group-DD9FE6C50665: The snapshot info is null. Setting the last applied indexto:(t:0, i:~)
2019-09-10 12:51:52,906 [pool-547-thread-1] INFO  server.RaftServerConfigKeys (ConfUtils.java:logGet(43)) - raft.server.log.segment.size.max = 1048576 (custom)
2019-09-10 12:51:52,907 [pool-558-thread-1] INFO  server.RaftServerConfigKeys (ConfUtils.java:logGet(43)) - raft.server.leader.election.timeout = 120s (custom)
2019-09-10 12:51:52,907 [pool-536-thread-1] INFO  segmented.SegmentedRaftLogWorker (SegmentedRaftLogWorker.java:<init>(172)) - new 162c807d-d7c6-42a8-ad53-3a3326afae0a-SegmentedRaftLogWorker:Storage Directory /workdir/hadoop-ozone/integration-test/target/test-dir/MiniOzoneClusterImpl-621806fa-6f52-406a-98d3-49fc87e46c7c/datanode-0/data/ratis/18a93aa5-9211-4313-a260-dd9fe6c50665 for RaftStorage:Storage Directory /workdir/hadoop-ozone/integration-test/target/test-dir/MiniOzoneClusterImpl-621806fa-6f52-406a-98d3-49fc87e46c7c/datanode-0/data/ratis/18a93aa5-9211-4313-a260-dd9fe6c50665
2019-09-10 12:51:52,907 [pool-558-thread-1] INFO  server.RaftServerConfigKeys (ConfUtils.java:logGet(43)) - raft.server.log.use.memory = false (default)
2019-09-10 12:51:52,907 [pool-547-thread-1] INFO  server.RaftServerConfigKeys (ConfUtils.java:logGet(43)) - raft.server.log.segment.cache.num.max = 2 (custom)
2019-09-10 12:51:52,907 [pool-558-thread-1] INFO  server.RaftServerConfigKeys (ConfUtils.java:logGet(43)) - raft.server.log.purge.gap = 1000000 (custom)
2019-09-10 12:51:52,907 [pool-536-thread-1] INFO  server.RaftServerConfigKeys (ConfUtils.java:logGet(43)) - raft.server.log.queue.byte-limit = 2147483647 (custom)
2019-09-10 12:51:52,908 [pool-558-thread-1] INFO  server.RaftServerConfigKeys (ConfUtils.java:logGet(43)) - raft.server.log.appender.buffer.byte-limit = 33554432 (custom)
2019-09-10 12:51:52,907 [pool-547-thread-1] INFO  segmented.SegmentedRaftLogWorker (SegmentedRaftLogWorker.java:<init>(172)) - new 10cf323f-ae84-4971-a7e0-d66e9b6ea9ea-SegmentedRaftLogWorker:Storage Directory /workdir/hadoop-ozone/integration-test/target/test-dir/MiniOzoneClusterImpl-621806fa-6f52-406a-98d3-49fc87e46c7c/datanode-1/data/ratis/18a93aa5-9211-4313-a260-dd9fe6c50665 for RaftStorage:Storage Directory /workdir/hadoop-ozone/integration-test/target/test-dir/MiniOzoneClusterImpl-621806fa-6f52-406a-98d3-49fc87e46c7c/datanode-1/data/ratis/18a93aa5-9211-4313-a260-dd9fe6c50665
2019-09-10 12:51:52,908 [pool-558-thread-1] INFO  server.RaftServerConfigKeys (ConfUtils.java:logGet(43)) - raft.server.log.segment.size.max = 1048576 (custom)
2019-09-10 12:51:52,908 [pool-536-thread-1] INFO  server.RaftServerConfigKeys (ConfUtils.java:logGet(43)) - raft.server.log.queue.element-limit = 1024 (custom)
2019-09-10 12:51:52,908 [pool-558-thread-1] INFO  server.RaftServerConfigKeys (ConfUtils.java:logGet(43)) - raft.server.log.segment.cache.num.max = 2 (custom)
2019-09-10 12:51:52,908 [pool-547-thread-1] INFO  server.RaftServerConfigKeys (ConfUtils.java:logGet(43)) - raft.server.log.queue.byte-limit = 2147483647 (custom)
2019-09-10 12:51:52,908 [pool-558-thread-1] INFO  segmented.SegmentedRaftLogWorker (SegmentedRaftLogWorker.java:<init>(172)) - new e116f4bc-cd87-4ac6-9da1-80e39cc5f9e9-SegmentedRaftLogWorker:Storage Directory /workdir/hadoop-ozone/integration-test/target/test-dir/MiniOzoneClusterImpl-621806fa-6f52-406a-98d3-49fc87e46c7c/datanode-2/data/ratis/18a93aa5-9211-4313-a260-dd9fe6c50665 for RaftStorage:Storage Directory /workdir/hadoop-ozone/integration-test/target/test-dir/MiniOzoneClusterImpl-621806fa-6f52-406a-98d3-49fc87e46c7c/datanode-2/data/ratis/18a93aa5-9211-4313-a260-dd9fe6c50665
2019-09-10 12:51:52,908 [pool-536-thread-1] INFO  server.RaftServerConfigKeys (ConfUtils.java:logGet(43)) - raft.server.log.segment.size.max = 1048576 (custom)
2019-09-10 12:51:52,908 [pool-558-thread-1] INFO  server.RaftServerConfigKeys (ConfUtils.java:logGet(43)) - raft.server.log.queue.byte-limit = 2147483647 (custom)
2019-09-10 12:51:52,908 [pool-547-thread-1] INFO  server.RaftServerConfigKeys (ConfUtils.java:logGet(43)) - raft.server.log.queue.element-limit = 1024 (custom)
2019-09-10 12:51:52,909 [pool-558-thread-1] INFO  server.RaftServerConfigKeys (ConfUtils.java:logGet(43)) - raft.server.log.queue.element-limit = 1024 (custom)
2019-09-10 12:51:52,909 [pool-536-thread-1] INFO  server.RaftServerConfigKeys (ConfUtils.java:logGet(43)) - raft.server.log.preallocated.size = 16384 (custom)
2019-09-10 12:51:52,909 [pool-558-thread-1] INFO  server.RaftServerConfigKeys (ConfUtils.java:logGet(43)) - raft.server.log.segment.size.max = 1048576 (custom)
2019-09-10 12:51:52,909 [pool-547-thread-1] INFO  server.RaftServerConfigKeys (ConfUtils.java:logGet(43)) - raft.server.log.segment.size.max = 1048576 (custom)
2019-09-10 12:51:52,909 [pool-558-thread-1] INFO  server.RaftServerConfigKeys (ConfUtils.java:logGet(43)) - raft.server.log.preallocated.size = 16384 (custom)
2019-09-10 12:51:52,909 [pool-558-thread-1] INFO  server.RaftServerConfigKeys (ConfUtils.java:logGet(43)) - raft.server.log.write.buffer.size = 33554432 (custom)
2019-09-10 12:51:52,909 [pool-536-thread-1] INFO  server.RaftServerConfigKeys (ConfUtils.java:logGet(43)) - raft.server.log.write.buffer.size = 33554432 (custom)
2019-09-10 12:51:52,909 [pool-558-thread-1] INFO  server.RaftServerConfigKeys (ConfUtils.java:logGet(43)) - raft.server.log.force.sync.num = 128 (default)
2019-09-10 12:51:52,909 [pool-547-thread-1] INFO  server.RaftServerConfigKeys (ConfUtils.java:logGet(43)) - raft.server.log.preallocated.size = 16384 (custom)
2019-09-10 12:51:52,910 [pool-558-thread-1] INFO  server.RaftServerConfigKeys (ConfUtils.java:logGet(43)) - raft.server.log.statemachine.data.sync = true (default)
2019-09-10 12:51:52,910 [pool-536-thread-1] INFO  server.RaftServerConfigKeys (ConfUtils.java:logGet(43)) - raft.server.log.force.sync.num = 128 (default)
2019-09-10 12:51:52,910 [pool-558-thread-1] INFO  server.RaftServerConfigKeys (ConfUtils.java:logGet(43)) - raft.server.log.statemachine.data.sync.timeout = 10s (default)
2019-09-10 12:51:52,910 [pool-547-thread-1] INFO  server.RaftServerConfigKeys (ConfUtils.java:logGet(43)) - raft.server.log.write.buffer.size = 33554432 (custom)
2019-09-10 12:51:52,910 [pool-558-thread-1] INFO  server.RaftServerConfigKeys (ConfUtils.java:logGet(43)) - raft.server.log.statemachine.data.sync.timeout.retry = -1 (default)
2019-09-10 12:51:52,910 [pool-536-thread-1] INFO  server.RaftServerConfigKeys (ConfUtils.java:logGet(43)) - raft.server.log.statemachine.data.sync = true (default)
2019-09-10 12:51:52,910 [pool-558-thread-1] INFO  server.RaftServerConfigKeys (ConfUtils.java:logGet(43)) - raft.server.log.statemachine.data.caching.enabled = true (custom)
2019-09-10 12:51:52,910 [pool-547-thread-1] INFO  server.RaftServerConfigKeys (ConfUtils.java:logGet(43)) - raft.server.log.force.sync.num = 128 (default)
2019-09-10 12:51:52,910 [pool-536-thread-1] INFO  server.RaftServerConfigKeys (ConfUtils.java:logGet(43)) - raft.server.log.statemachine.data.sync.timeout = 10s (default)
2019-09-10 12:51:52,911 [pool-558-thread-1] INFO  segmented.SegmentedRaftLogWorker (SegmentedRaftLogWorker.java:lambda$new$0(132)) - e116f4bc-cd87-4ac6-9da1-80e39cc5f9e9-SegmentedRaftLogWorker:Storage Directory /workdir/hadoop-ozone/integration-test/target/test-dir/MiniOzoneClusterImpl-621806fa-6f52-406a-98d3-49fc87e46c7c/datanode-2/data/ratis/18a93aa5-9211-4313-a260-dd9fe6c50665: flushIndex: setUnconditionally 0 -> -1
2019-09-10 12:51:52,911 [pool-547-thread-1] INFO  server.RaftServerConfigKeys (ConfUtils.java:logGet(43)) - raft.server.log.statemachine.data.sync = true (default)
2019-09-10 12:51:52,911 [pool-536-thread-1] INFO  server.RaftServerConfigKeys (ConfUtils.java:logGet(43)) - raft.server.log.statemachine.data.sync.timeout.retry = -1 (default)
2019-09-10 12:51:52,911 [pool-558-thread-1] INFO  server.RaftServerConfigKeys (ConfUtils.java:logGet(43)) - raft.server.snapshot.auto.trigger.enabled = true (custom)
2019-09-10 12:51:52,911 [pool-547-thread-1] INFO  server.RaftServerConfigKeys (ConfUtils.java:logGet(43)) - raft.server.log.statemachine.data.sync.timeout = 10s (default)
2019-09-10 12:51:52,911 [pool-558-thread-1] INFO  server.RaftServerConfigKeys (ConfUtils.java:logGet(43)) - raft.server.snapshot.auto.trigger.threshold = 10000 (custom)
2019-09-10 12:51:52,911 [pool-536-thread-1] INFO  server.RaftServerConfigKeys (ConfUtils.java:logGet(43)) - raft.server.log.statemachine.data.caching.enabled = true (custom)
2019-09-10 12:51:52,911 [pool-558-thread-1] INFO  server.RaftServerConfigKeys (ConfUtils.java:logGet(43)) - raft.server.retrycache.expirytime = 600000ms (custom)
2019-09-10 12:51:52,911 [pool-547-thread-1] INFO  server.RaftServerConfigKeys (ConfUtils.java:logGet(43)) - raft.server.log.statemachine.data.sync.timeout.retry = -1 (default)
2019-09-10 12:51:52,912 [pool-536-thread-1] INFO  segmented.SegmentedRaftLogWorker (SegmentedRaftLogWorker.java:lambda$new$0(132)) - 162c807d-d7c6-42a8-ad53-3a3326afae0a-SegmentedRaftLogWorker:Storage Directory /workdir/hadoop-ozone/integration-test/target/test-dir/MiniOzoneClusterImpl-621806fa-6f52-406a-98d3-49fc87e46c7c/datanode-0/data/ratis/18a93aa5-9211-4313-a260-dd9fe6c50665: flushIndex: setUnconditionally 0 -> -1
2019-09-10 12:51:52,912 [pool-558-thread-1] INFO  impl.RaftServerImpl (RaftServerImpl.java:start(180)) - e116f4bc-cd87-4ac6-9da1-80e39cc5f9e9: start group-DD9FE6C50665
2019-09-10 12:51:52,912 [pool-547-thread-1] INFO  server.RaftServerConfigKeys (ConfUtils.java:logGet(43)) - raft.server.log.statemachine.data.caching.enabled = true (custom)
2019-09-10 12:51:52,912 [pool-536-thread-1] INFO  server.RaftServerConfigKeys (ConfUtils.java:logGet(43)) - raft.server.snapshot.auto.trigger.enabled = true (custom)
2019-09-10 12:51:52,912 [pool-558-thread-1] INFO  impl.RaftServerImpl (RaftServerImpl.java:setRole(171)) - e116f4bc-cd87-4ac6-9da1-80e39cc5f9e9:group-DD9FE6C50665 changes role from null to FOLLOWER at term 0 for startAsFollower
2019-09-10 12:51:52,912 [pool-547-thread-1] INFO  segmented.SegmentedRaftLogWorker (SegmentedRaftLogWorker.java:lambda$new$0(132)) - 10cf323f-ae84-4971-a7e0-d66e9b6ea9ea-SegmentedRaftLogWorker:Storage Directory /workdir/hadoop-ozone/integration-test/target/test-dir/MiniOzoneClusterImpl-621806fa-6f52-406a-98d3-49fc87e46c7c/datanode-1/data/ratis/18a93aa5-9211-4313-a260-dd9fe6c50665: flushIndex: setUnconditionally 0 -> -1
2019-09-10 12:51:52,912 [pool-536-thread-1] INFO  server.RaftServerConfigKeys (ConfUtils.java:logGet(43)) - raft.server.snapshot.auto.trigger.threshold = 10000 (custom)
2019-09-10 12:51:52,912 [pool-558-thread-1] INFO  impl.RoleInfo (RoleInfo.java:updateAndGet(143)) - e116f4bc-cd87-4ac6-9da1-80e39cc5f9e9: start FollowerState
2019-09-10 12:51:52,913 [pool-547-thread-1] INFO  server.RaftServerConfigKeys (ConfUtils.java:logGet(43)) - raft.server.snapshot.auto.trigger.enabled = true (custom)
2019-09-10 12:51:52,912 [pool-536-thread-1] INFO  server.RaftServerConfigKeys (ConfUtils.java:logGet(43)) - raft.server.retrycache.expirytime = 600000ms (custom)
2019-09-10 12:51:52,913 [pool-547-thread-1] INFO  server.RaftServerConfigKeys (ConfUtils.java:logGet(43)) - raft.server.snapshot.auto.trigger.threshold = 10000 (custom)
2019-09-10 12:51:52,913 [pool-536-thread-1] INFO  impl.RaftServerImpl (RaftServerImpl.java:start(180)) - 162c807d-d7c6-42a8-ad53-3a3326afae0a: start group-DD9FE6C50665
2019-09-10 12:51:52,913 [pool-558-thread-1] INFO  util.JmxRegister (JmxRegister.java:tryRegister(44)) - Successfully registered JMX Bean with object name Ratis:service=RaftServer,group=group-DD9FE6C50665,id=e116f4bc-cd87-4ac6-9da1-80e39cc5f9e9
2019-09-10 12:51:52,913 [pool-536-thread-1] INFO  impl.RaftServerImpl (RaftServerImpl.java:setRole(171)) - 162c807d-d7c6-42a8-ad53-3a3326afae0a:group-DD9FE6C50665 changes role from null to FOLLOWER at term 0 for startAsFollower
2019-09-10 12:51:52,913 [pool-547-thread-1] INFO  server.RaftServerConfigKeys (ConfUtils.java:logGet(43)) - raft.server.retrycache.expirytime = 600000ms (custom)
2019-09-10 12:51:52,913 [pool-536-thread-1] INFO  impl.RoleInfo (RoleInfo.java:updateAndGet(143)) - 162c807d-d7c6-42a8-ad53-3a3326afae0a: start FollowerState
2019-09-10 12:51:52,913 [pool-547-thread-1] INFO  impl.RaftServerImpl (RaftServerImpl.java:start(180)) - 10cf323f-ae84-4971-a7e0-d66e9b6ea9ea: start group-DD9FE6C50665
2019-09-10 12:51:52,914 [pool-547-thread-1] INFO  impl.RaftServerImpl (RaftServerImpl.java:setRole(171)) - 10cf323f-ae84-4971-a7e0-d66e9b6ea9ea:group-DD9FE6C50665 changes role from null to FOLLOWER at term 0 for startAsFollower
2019-09-10 12:51:52,914 [pool-547-thread-1] INFO  impl.RoleInfo (RoleInfo.java:updateAndGet(143)) - 10cf323f-ae84-4971-a7e0-d66e9b6ea9ea: start FollowerState
2019-09-10 12:51:52,914 [pool-536-thread-1] INFO  util.JmxRegister (JmxRegister.java:tryRegister(44)) - Successfully registered JMX Bean with object name Ratis:service=RaftServer,group=group-DD9FE6C50665,id=162c807d-d7c6-42a8-ad53-3a3326afae0a
2019-09-10 12:51:52,914 [pool-547-thread-1] INFO  util.JmxRegister (JmxRegister.java:tryRegister(44)) - Successfully registered JMX Bean with object name Ratis:service=RaftServer,group=group-DD9FE6C50665,id=10cf323f-ae84-4971-a7e0-d66e9b6ea9ea
2019-09-10 12:51:52,916 [RatisPipelineUtilsThread] INFO  pipeline.PipelineStateManager (PipelineStateManager.java:addPipeline(56)) - Created pipeline Pipeline[ Id: 18a93aa5-9211-4313-a260-dd9fe6c50665, Nodes: e116f4bc-cd87-4ac6-9da1-80e39cc5f9e9{ip: 192.168.5.153, host: pr-hdds-1571-5ln6c-1111760135, networkLocation: /default-rack, certSerialId: null}162c807d-d7c6-42a8-ad53-3a3326afae0a{ip: 192.168.5.153, host: pr-hdds-1571-5ln6c-1111760135, networkLocation: /default-rack, certSerialId: null}10cf323f-ae84-4971-a7e0-d66e9b6ea9ea{ip: 192.168.5.153, host: pr-hdds-1571-5ln6c-1111760135, networkLocation: /default-rack, certSerialId: null}, Type:RATIS, Factor:THREE, State:OPEN]
2019-09-10 12:51:53,193 [IPC Server handler 2 on 33913] INFO  net.NetworkTopology (NetworkTopologyImpl.java:add(110)) - Added a new node: /default-rack/dca67000-a313-4773-81da-4c52f6fe39ce
2019-09-10 12:51:53,193 [IPC Server handler 2 on 33913] INFO  node.SCMNodeManager (SCMNodeManager.java:register(273)) - Registered Data node : dca67000-a313-4773-81da-4c52f6fe39ce{ip: 192.168.5.153, host: pr-hdds-1571-5ln6c-1111760135, networkLocation: /default-rack, certSerialId: null}
2019-09-10 12:51:53,194 | INFO  | SCMAudit | user=jenkins1000 | ip=192.168.5.153 | op=REGISTER {datanodeDetails=dca67000-a313-4773-81da-4c52f6fe39ce{ip: 192.168.5.153, host: pr-hdds-1571-5ln6c-1111760135, networkLocation: /default-rack, certSerialId: null}} | ret=SUCCESS |  
2019-09-10 12:51:53,210 [grpc-default-executor-10] INFO  impl.RaftServerProxy (RaftServerProxy.java:addNew(89)) - dca67000-a313-4773-81da-4c52f6fe39ce: addNew group-478B69959359:[dca67000-a313-4773-81da-4c52f6fe39ce:192.168.5.153:45430] returns group-478B69959359:java.util.concurrent.CompletableFuture@60b69ebb[Not completed]
2019-09-10 12:51:53,211 [pool-569-thread-1] INFO  impl.RaftServerImpl (RaftServerImpl.java:<init>(93)) - dca67000-a313-4773-81da-4c52f6fe39ce: new RaftServerImpl for group-478B69959359:[dca67000-a313-4773-81da-4c52f6fe39ce:192.168.5.153:45430] with ContainerStateMachine:uninitialized
2019-09-10 12:51:53,211 [pool-569-thread-1] INFO  server.RaftServerConfigKeys (ConfUtils.java:logGet(43)) - raft.server.rpc.timeout.min = 5s (custom)
2019-09-10 12:51:53,211 [pool-569-thread-1] INFO  server.RaftServerConfigKeys (ConfUtils.java:logGet(43)) - raft.server.rpc.timeout.max = 5200ms (custom)
2019-09-10 12:51:53,212 [pool-569-thread-1] INFO  server.RaftServerConfigKeys (ConfUtils.java:logGet(43)) - raft.server.rpcslowness.timeout = 120s (custom)
2019-09-10 12:51:53,212 [pool-569-thread-1] INFO  server.RaftServerConfigKeys (ConfUtils.java:logGet(43)) - raft.server.sleep.deviation.threshold = 300 (default)
2019-09-10 12:51:53,212 [pool-569-thread-1] INFO  server.RaftServerConfigKeys (ConfUtils.java:logGet(43)) - raft.server.log.appender.install.snapshot.enabled = false (custom)
2019-09-10 12:51:53,212 [pool-569-thread-1] INFO  impl.RaftServerImpl (ServerState.java:<init>(105)) - dca67000-a313-4773-81da-4c52f6fe39ce:group-478B69959359 ConfigurationManager, init=-1: [dca67000-a313-4773-81da-4c52f6fe39ce:192.168.5.153:45430], old=null, confs=<EMPTY_MAP>
2019-09-10 12:51:53,212 [pool-569-thread-1] INFO  server.RaftServerConfigKeys (ConfUtils.java:logGet(43)) - raft.server.storage.dir = [/workdir/hadoop-ozone/integration-test/target/test-dir/MiniOzoneClusterImpl-621806fa-6f52-406a-98d3-49fc87e46c7c/datanode-3/data/ratis] (custom)
2019-09-10 12:51:53,212 [pool-569-thread-1] INFO  storage.RaftStorageDirectory (RaftStorageDirectory.java:analyzeStorage(246)) - The storage directory /workdir/hadoop-ozone/integration-test/target/test-dir/MiniOzoneClusterImpl-621806fa-6f52-406a-98d3-49fc87e46c7c/datanode-3/data/ratis/cd07d27f-35ee-438e-845f-478b69959359 does not exist. Creating ...
2019-09-10 12:51:53,237 [pool-569-thread-1] INFO  storage.RaftStorageDirectory (RaftStorageDirectory.java:tryLock(328)) - Lock on /workdir/hadoop-ozone/integration-test/target/test-dir/MiniOzoneClusterImpl-621806fa-6f52-406a-98d3-49fc87e46c7c/datanode-3/data/ratis/cd07d27f-35ee-438e-845f-478b69959359/in_use.lock acquired by nodename 29167@pr-hdds-1571-5ln6c-1111760135
2019-09-10 12:51:53,262 [pool-569-thread-1] INFO  storage.RaftStorage (RaftStorage.java:format(72)) - Storage directory /workdir/hadoop-ozone/integration-test/target/test-dir/MiniOzoneClusterImpl-621806fa-6f52-406a-98d3-49fc87e46c7c/datanode-3/data/ratis/cd07d27f-35ee-438e-845f-478b69959359 has been successfully formatted.
2019-09-10 12:51:53,263 [pool-569-thread-1] INFO  ratis.ContainerStateMachine (ContainerStateMachine.java:loadSnapshot(226)) - group-478B69959359: The snapshot info is null. Setting the last applied indexto:(t:0, i:~)
2019-09-10 12:51:53,263 [pool-569-thread-1] INFO  server.RaftServerConfigKeys (ConfUtils.java:logGet(43)) - raft.server.leader.election.timeout = 120s (custom)
2019-09-10 12:51:53,263 [pool-569-thread-1] INFO  server.RaftServerConfigKeys (ConfUtils.java:logGet(43)) - raft.server.log.use.memory = false (default)
2019-09-10 12:51:53,263 [pool-569-thread-1] INFO  server.RaftServerConfigKeys (ConfUtils.java:logGet(43)) - raft.server.log.purge.gap = 1000000 (custom)
2019-09-10 12:51:53,263 [pool-569-thread-1] INFO  server.RaftServerConfigKeys (ConfUtils.java:logGet(43)) - raft.server.log.appender.buffer.byte-limit = 33554432 (custom)
2019-09-10 12:51:53,263 [pool-569-thread-1] INFO  server.RaftServerConfigKeys (ConfUtils.java:logGet(43)) - raft.server.log.segment.size.max = 1048576 (custom)
2019-09-10 12:51:53,263 [pool-569-thread-1] INFO  server.RaftServerConfigKeys (ConfUtils.java:logGet(43)) - raft.server.log.segment.cache.num.max = 2 (custom)
2019-09-10 12:51:53,263 [pool-569-thread-1] INFO  segmented.SegmentedRaftLogWorker (SegmentedRaftLogWorker.java:<init>(172)) - new dca67000-a313-4773-81da-4c52f6fe39ce-SegmentedRaftLogWorker:Storage Directory /workdir/hadoop-ozone/integration-test/target/test-dir/MiniOzoneClusterImpl-621806fa-6f52-406a-98d3-49fc87e46c7c/datanode-3/data/ratis/cd07d27f-35ee-438e-845f-478b69959359 for RaftStorage:Storage Directory /workdir/hadoop-ozone/integration-test/target/test-dir/MiniOzoneClusterImpl-621806fa-6f52-406a-98d3-49fc87e46c7c/datanode-3/data/ratis/cd07d27f-35ee-438e-845f-478b69959359
2019-09-10 12:51:53,264 [pool-569-thread-1] INFO  server.RaftServerConfigKeys (ConfUtils.java:logGet(43)) - raft.server.log.queue.byte-limit = 2147483647 (custom)
2019-09-10 12:51:53,264 [pool-569-thread-1] INFO  server.RaftServerConfigKeys (ConfUtils.java:logGet(43)) - raft.server.log.queue.element-limit = 1024 (custom)
2019-09-10 12:51:53,264 [pool-569-thread-1] INFO  server.RaftServerConfigKeys (ConfUtils.java:logGet(43)) - raft.server.log.segment.size.max = 1048576 (custom)
2019-09-10 12:51:53,264 [pool-569-thread-1] INFO  server.RaftServerConfigKeys (ConfUtils.java:logGet(43)) - raft.server.log.preallocated.size = 16384 (custom)
2019-09-10 12:51:53,264 [pool-569-thread-1] INFO  server.RaftServerConfigKeys (ConfUtils.java:logGet(43)) - raft.server.log.write.buffer.size = 33554432 (custom)
2019-09-10 12:51:53,264 [pool-569-thread-1] INFO  server.RaftServerConfigKeys (ConfUtils.java:logGet(43)) - raft.server.log.force.sync.num = 128 (default)
2019-09-10 12:51:53,264 [pool-569-thread-1] INFO  server.RaftServerConfigKeys (ConfUtils.java:logGet(43)) - raft.server.log.statemachine.data.sync = true (default)
2019-09-10 12:51:53,264 [pool-569-thread-1] INFO  server.RaftServerConfigKeys (ConfUtils.java:logGet(43)) - raft.server.log.statemachine.data.sync.timeout = 10s (default)
2019-09-10 12:51:53,265 [pool-569-thread-1] INFO  server.RaftServerConfigKeys (ConfUtils.java:logGet(43)) - raft.server.log.statemachine.data.sync.timeout.retry = -1 (default)
2019-09-10 12:51:53,265 [pool-569-thread-1] INFO  server.RaftServerConfigKeys (ConfUtils.java:logGet(43)) - raft.server.log.statemachine.data.caching.enabled = true (custom)
2019-09-10 12:51:53,265 [pool-569-thread-1] INFO  segmented.SegmentedRaftLogWorker (SegmentedRaftLogWorker.java:lambda$new$0(132)) - dca67000-a313-4773-81da-4c52f6fe39ce-SegmentedRaftLogWorker:Storage Directory /workdir/hadoop-ozone/integration-test/target/test-dir/MiniOzoneClusterImpl-621806fa-6f52-406a-98d3-49fc87e46c7c/datanode-3/data/ratis/cd07d27f-35ee-438e-845f-478b69959359: flushIndex: setUnconditionally 0 -> -1
2019-09-10 12:51:53,265 [pool-569-thread-1] INFO  server.RaftServerConfigKeys (ConfUtils.java:logGet(43)) - raft.server.snapshot.auto.trigger.enabled = true (custom)
2019-09-10 12:51:53,265 [pool-569-thread-1] INFO  server.RaftServerConfigKeys (ConfUtils.java:logGet(43)) - raft.server.snapshot.auto.trigger.threshold = 10000 (custom)
2019-09-10 12:51:53,265 [pool-569-thread-1] INFO  server.RaftServerConfigKeys (ConfUtils.java:logGet(43)) - raft.server.retrycache.expirytime = 600000ms (custom)
2019-09-10 12:51:53,266 [pool-569-thread-1] INFO  impl.RaftServerImpl (RaftServerImpl.java:start(180)) - dca67000-a313-4773-81da-4c52f6fe39ce: start group-478B69959359
2019-09-10 12:51:53,266 [pool-569-thread-1] INFO  impl.RaftServerImpl (RaftServerImpl.java:setRole(171)) - dca67000-a313-4773-81da-4c52f6fe39ce:group-478B69959359 changes role from null to FOLLOWER at term 0 for startAsFollower
2019-09-10 12:51:53,266 [pool-569-thread-1] INFO  impl.RoleInfo (RoleInfo.java:updateAndGet(143)) - dca67000-a313-4773-81da-4c52f6fe39ce: start FollowerState
2019-09-10 12:51:53,266 [pool-569-thread-1] INFO  util.JmxRegister (JmxRegister.java:tryRegister(44)) - Successfully registered JMX Bean with object name Ratis:service=RaftServer,group=group-478B69959359,id=dca67000-a313-4773-81da-4c52f6fe39ce
2019-09-10 12:51:53,268 [RatisPipelineUtilsThread] INFO  pipeline.PipelineStateManager (PipelineStateManager.java:addPipeline(56)) - Created pipeline Pipeline[ Id: cd07d27f-35ee-438e-845f-478b69959359, Nodes: dca67000-a313-4773-81da-4c52f6fe39ce{ip: 192.168.5.153, host: pr-hdds-1571-5ln6c-1111760135, networkLocation: /default-rack, certSerialId: null}, Type:RATIS, Factor:ONE, State:OPEN]
2019-09-10 12:51:53,421 [IPC Server handler 1 on 33913] INFO  net.NetworkTopology (NetworkTopologyImpl.java:add(110)) - Added a new node: /default-rack/01a6b04f-ad3e-4331-b74c-d33e97f682d8
2019-09-10 12:51:53,422 [IPC Server handler 1 on 33913] INFO  node.SCMNodeManager (SCMNodeManager.java:register(273)) - Registered Data node : 01a6b04f-ad3e-4331-b74c-d33e97f682d8{ip: 192.168.5.153, host: pr-hdds-1571-5ln6c-1111760135, networkLocation: /default-rack, certSerialId: null}
2019-09-10 12:51:53,422 | INFO  | SCMAudit | user=jenkins1000 | ip=192.168.5.153 | op=REGISTER {datanodeDetails=01a6b04f-ad3e-4331-b74c-d33e97f682d8{ip: 192.168.5.153, host: pr-hdds-1571-5ln6c-1111760135, networkLocation: /default-rack, certSerialId: null}} | ret=SUCCESS |  
2019-09-10 12:51:53,428 [grpc-default-executor-10] INFO  impl.RaftServerProxy (RaftServerProxy.java:addNew(89)) - 01a6b04f-ad3e-4331-b74c-d33e97f682d8: addNew group-DE77A6E87EB2:[01a6b04f-ad3e-4331-b74c-d33e97f682d8:192.168.5.153:35087] returns group-DE77A6E87EB2:java.util.concurrent.CompletableFuture@2bb9f148[Not completed]
2019-09-10 12:51:53,429 [pool-580-thread-1] INFO  impl.RaftServerImpl (RaftServerImpl.java:<init>(93)) - 01a6b04f-ad3e-4331-b74c-d33e97f682d8: new RaftServerImpl for group-DE77A6E87EB2:[01a6b04f-ad3e-4331-b74c-d33e97f682d8:192.168.5.153:35087] with ContainerStateMachine:uninitialized
2019-09-10 12:51:53,430 [pool-580-thread-1] INFO  server.RaftServerConfigKeys (ConfUtils.java:logGet(43)) - raft.server.rpc.timeout.min = 5s (custom)
2019-09-10 12:51:53,430 [pool-580-thread-1] INFO  server.RaftServerConfigKeys (ConfUtils.java:logGet(43)) - raft.server.rpc.timeout.max = 5200ms (custom)
2019-09-10 12:51:53,430 [pool-580-thread-1] INFO  server.RaftServerConfigKeys (ConfUtils.java:logGet(43)) - raft.server.rpcslowness.timeout = 120s (custom)
2019-09-10 12:51:53,430 [pool-580-thread-1] INFO  server.RaftServerConfigKeys (ConfUtils.java:logGet(43)) - raft.server.sleep.deviation.threshold = 300 (default)
2019-09-10 12:51:53,430 [pool-580-thread-1] INFO  server.RaftServerConfigKeys (ConfUtils.java:logGet(43)) - raft.server.log.appender.install.snapshot.enabled = false (custom)
2019-09-10 12:51:53,430 [pool-580-thread-1] INFO  impl.RaftServerImpl (ServerState.java:<init>(105)) - 01a6b04f-ad3e-4331-b74c-d33e97f682d8:group-DE77A6E87EB2 ConfigurationManager, init=-1: [01a6b04f-ad3e-4331-b74c-d33e97f682d8:192.168.5.153:35087], old=null, confs=<EMPTY_MAP>
2019-09-10 12:51:53,430 [pool-580-thread-1] INFO  server.RaftServerConfigKeys (ConfUtils.java:logGet(43)) - raft.server.storage.dir = [/workdir/hadoop-ozone/integration-test/target/test-dir/MiniOzoneClusterImpl-621806fa-6f52-406a-98d3-49fc87e46c7c/datanode-4/data/ratis] (custom)
2019-09-10 12:51:53,431 [pool-580-thread-1] INFO  storage.RaftStorageDirectory (RaftStorageDirectory.java:analyzeStorage(246)) - The storage directory /workdir/hadoop-ozone/integration-test/target/test-dir/MiniOzoneClusterImpl-621806fa-6f52-406a-98d3-49fc87e46c7c/datanode-4/data/ratis/d599ffef-9c6f-4dee-96c8-de77a6e87eb2 does not exist. Creating ...
2019-09-10 12:51:53,446 [pool-580-thread-1] INFO  storage.RaftStorageDirectory (RaftStorageDirectory.java:tryLock(328)) - Lock on /workdir/hadoop-ozone/integration-test/target/test-dir/MiniOzoneClusterImpl-621806fa-6f52-406a-98d3-49fc87e46c7c/datanode-4/data/ratis/d599ffef-9c6f-4dee-96c8-de77a6e87eb2/in_use.lock acquired by nodename 29167@pr-hdds-1571-5ln6c-1111760135
2019-09-10 12:51:53,463 [pool-580-thread-1] INFO  storage.RaftStorage (RaftStorage.java:format(72)) - Storage directory /workdir/hadoop-ozone/integration-test/target/test-dir/MiniOzoneClusterImpl-621806fa-6f52-406a-98d3-49fc87e46c7c/datanode-4/data/ratis/d599ffef-9c6f-4dee-96c8-de77a6e87eb2 has been successfully formatted.
2019-09-10 12:51:53,463 [pool-580-thread-1] INFO  ratis.ContainerStateMachine (ContainerStateMachine.java:loadSnapshot(226)) - group-DE77A6E87EB2: The snapshot info is null. Setting the last applied indexto:(t:0, i:~)
2019-09-10 12:51:53,464 [pool-580-thread-1] INFO  server.RaftServerConfigKeys (ConfUtils.java:logGet(43)) - raft.server.leader.election.timeout = 120s (custom)
2019-09-10 12:51:53,464 [pool-580-thread-1] INFO  server.RaftServerConfigKeys (ConfUtils.java:logGet(43)) - raft.server.log.use.memory = false (default)
2019-09-10 12:51:53,464 [pool-580-thread-1] INFO  server.RaftServerConfigKeys (ConfUtils.java:logGet(43)) - raft.server.log.purge.gap = 1000000 (custom)
2019-09-10 12:51:53,464 [pool-580-thread-1] INFO  server.RaftServerConfigKeys (ConfUtils.java:logGet(43)) - raft.server.log.appender.buffer.byte-limit = 33554432 (custom)
2019-09-10 12:51:53,464 [pool-580-thread-1] INFO  server.RaftServerConfigKeys (ConfUtils.java:logGet(43)) - raft.server.log.segment.size.max = 1048576 (custom)
2019-09-10 12:51:53,464 [pool-580-thread-1] INFO  server.RaftServerConfigKeys (ConfUtils.java:logGet(43)) - raft.server.log.segment.cache.num.max = 2 (custom)
2019-09-10 12:51:53,464 [pool-580-thread-1] INFO  segmented.SegmentedRaftLogWorker (SegmentedRaftLogWorker.java:<init>(172)) - new 01a6b04f-ad3e-4331-b74c-d33e97f682d8-SegmentedRaftLogWorker:Storage Directory /workdir/hadoop-ozone/integration-test/target/test-dir/MiniOzoneClusterImpl-621806fa-6f52-406a-98d3-49fc87e46c7c/datanode-4/data/ratis/d599ffef-9c6f-4dee-96c8-de77a6e87eb2 for RaftStorage:Storage Directory /workdir/hadoop-ozone/integration-test/target/test-dir/MiniOzoneClusterImpl-621806fa-6f52-406a-98d3-49fc87e46c7c/datanode-4/data/ratis/d599ffef-9c6f-4dee-96c8-de77a6e87eb2
2019-09-10 12:51:53,464 [pool-580-thread-1] INFO  server.RaftServerConfigKeys (ConfUtils.java:logGet(43)) - raft.server.log.queue.byte-limit = 2147483647 (custom)
2019-09-10 12:51:53,465 [pool-580-thread-1] INFO  server.RaftServerConfigKeys (ConfUtils.java:logGet(43)) - raft.server.log.queue.element-limit = 1024 (custom)
2019-09-10 12:51:53,465 [pool-580-thread-1] INFO  server.RaftServerConfigKeys (ConfUtils.java:logGet(43)) - raft.server.log.segment.size.max = 1048576 (custom)
2019-09-10 12:51:53,465 [pool-580-thread-1] INFO  server.RaftServerConfigKeys (ConfUtils.java:logGet(43)) - raft.server.log.preallocated.size = 16384 (custom)
2019-09-10 12:51:53,465 [pool-580-thread-1] INFO  server.RaftServerConfigKeys (ConfUtils.java:logGet(43)) - raft.server.log.write.buffer.size = 33554432 (custom)
2019-09-10 12:51:53,465 [pool-580-thread-1] INFO  server.RaftServerConfigKeys (ConfUtils.java:logGet(43)) - raft.server.log.force.sync.num = 128 (default)
2019-09-10 12:51:53,465 [pool-580-thread-1] INFO  server.RaftServerConfigKeys (ConfUtils.java:logGet(43)) - raft.server.log.statemachine.data.sync = true (default)
2019-09-10 12:51:53,465 [pool-580-thread-1] INFO  server.RaftServerConfigKeys (ConfUtils.java:logGet(43)) - raft.server.log.statemachine.data.sync.timeout = 10s (default)
2019-09-10 12:51:53,465 [pool-580-thread-1] INFO  server.RaftServerConfigKeys (ConfUtils.java:logGet(43)) - raft.server.log.statemachine.data.sync.timeout.retry = -1 (default)
2019-09-10 12:51:53,466 [pool-580-thread-1] INFO  server.RaftServerConfigKeys (ConfUtils.java:logGet(43)) - raft.server.log.statemachine.data.caching.enabled = true (custom)
2019-09-10 12:51:53,466 [pool-580-thread-1] INFO  segmented.SegmentedRaftLogWorker (SegmentedRaftLogWorker.java:lambda$new$0(132)) - 01a6b04f-ad3e-4331-b74c-d33e97f682d8-SegmentedRaftLogWorker:Storage Directory /workdir/hadoop-ozone/integration-test/target/test-dir/MiniOzoneClusterImpl-621806fa-6f52-406a-98d3-49fc87e46c7c/datanode-4/data/ratis/d599ffef-9c6f-4dee-96c8-de77a6e87eb2: flushIndex: setUnconditionally 0 -> -1
2019-09-10 12:51:53,466 [pool-580-thread-1] INFO  server.RaftServerConfigKeys (ConfUtils.java:logGet(43)) - raft.server.snapshot.auto.trigger.enabled = true (custom)
2019-09-10 12:51:53,466 [pool-580-thread-1] INFO  server.RaftServerConfigKeys (ConfUtils.java:logGet(43)) - raft.server.snapshot.auto.trigger.threshold = 10000 (custom)
2019-09-10 12:51:53,466 [pool-580-thread-1] INFO  server.RaftServerConfigKeys (ConfUtils.java:logGet(43)) - raft.server.retrycache.expirytime = 600000ms (custom)
2019-09-10 12:51:53,467 [pool-580-thread-1] INFO  impl.RaftServerImpl (RaftServerImpl.java:start(180)) - 01a6b04f-ad3e-4331-b74c-d33e97f682d8: start group-DE77A6E87EB2
2019-09-10 12:51:53,467 [pool-580-thread-1] INFO  impl.RaftServerImpl (RaftServerImpl.java:setRole(171)) - 01a6b04f-ad3e-4331-b74c-d33e97f682d8:group-DE77A6E87EB2 changes role from null to FOLLOWER at term 0 for startAsFollower
2019-09-10 12:51:53,467 [pool-580-thread-1] INFO  impl.RoleInfo (RoleInfo.java:updateAndGet(143)) - 01a6b04f-ad3e-4331-b74c-d33e97f682d8: start FollowerState
2019-09-10 12:51:53,467 [pool-580-thread-1] INFO  util.JmxRegister (JmxRegister.java:tryRegister(44)) - Successfully registered JMX Bean with object name Ratis:service=RaftServer,group=group-DE77A6E87EB2,id=01a6b04f-ad3e-4331-b74c-d33e97f682d8
2019-09-10 12:51:53,469 [RatisPipelineUtilsThread] INFO  pipeline.PipelineStateManager (PipelineStateManager.java:addPipeline(56)) - Created pipeline Pipeline[ Id: d599ffef-9c6f-4dee-96c8-de77a6e87eb2, Nodes: 01a6b04f-ad3e-4331-b74c-d33e97f682d8{ip: 192.168.5.153, host: pr-hdds-1571-5ln6c-1111760135, networkLocation: /default-rack, certSerialId: null}, Type:RATIS, Factor:ONE, State:OPEN]
2019-09-10 12:51:53,614 [IPC Server handler 4 on 33913] INFO  net.NetworkTopology (NetworkTopologyImpl.java:add(110)) - Added a new node: /default-rack/5da78483-2d4d-4152-a822-f0527bb3627d
2019-09-10 12:51:53,615 [IPC Server handler 4 on 33913] INFO  node.SCMNodeManager (SCMNodeManager.java:register(273)) - Registered Data node : 5da78483-2d4d-4152-a822-f0527bb3627d{ip: 192.168.5.153, host: pr-hdds-1571-5ln6c-1111760135, networkLocation: /default-rack, certSerialId: null}
2019-09-10 12:51:53,618 | INFO  | SCMAudit | user=jenkins1000 | ip=192.168.5.153 | op=REGISTER {datanodeDetails=5da78483-2d4d-4152-a822-f0527bb3627d{ip: 192.168.5.153, host: pr-hdds-1571-5ln6c-1111760135, networkLocation: /default-rack, certSerialId: null}} | ret=SUCCESS |  
2019-09-10 12:51:53,623 [grpc-default-executor-10] INFO  impl.RaftServerProxy (RaftServerProxy.java:addNew(89)) - 5da78483-2d4d-4152-a822-f0527bb3627d: addNew group-DA3FD308DDCF:[5da78483-2d4d-4152-a822-f0527bb3627d:192.168.5.153:38703] returns group-DA3FD308DDCF:java.util.concurrent.CompletableFuture@7d10af4d[Not completed]
2019-09-10 12:51:53,625 [pool-591-thread-1] INFO  impl.RaftServerImpl (RaftServerImpl.java:<init>(93)) - 5da78483-2d4d-4152-a822-f0527bb3627d: new RaftServerImpl for group-DA3FD308DDCF:[5da78483-2d4d-4152-a822-f0527bb3627d:192.168.5.153:38703] with ContainerStateMachine:uninitialized
2019-09-10 12:51:53,625 [pool-591-thread-1] INFO  server.RaftServerConfigKeys (ConfUtils.java:logGet(43)) - raft.server.rpc.timeout.min = 5s (custom)
2019-09-10 12:51:53,625 [pool-591-thread-1] INFO  server.RaftServerConfigKeys (ConfUtils.java:logGet(43)) - raft.server.rpc.timeout.max = 5200ms (custom)
2019-09-10 12:51:53,625 [pool-591-thread-1] INFO  server.RaftServerConfigKeys (ConfUtils.java:logGet(43)) - raft.server.rpcslowness.timeout = 120s (custom)
2019-09-10 12:51:53,625 [pool-591-thread-1] INFO  server.RaftServerConfigKeys (ConfUtils.java:logGet(43)) - raft.server.sleep.deviation.threshold = 300 (default)
2019-09-10 12:51:53,625 [pool-591-thread-1] INFO  server.RaftServerConfigKeys (ConfUtils.java:logGet(43)) - raft.server.log.appender.install.snapshot.enabled = false (custom)
2019-09-10 12:51:53,626 [pool-591-thread-1] INFO  impl.RaftServerImpl (ServerState.java:<init>(105)) - 5da78483-2d4d-4152-a822-f0527bb3627d:group-DA3FD308DDCF ConfigurationManager, init=-1: [5da78483-2d4d-4152-a822-f0527bb3627d:192.168.5.153:38703], old=null, confs=<EMPTY_MAP>
2019-09-10 12:51:53,626 [pool-591-thread-1] INFO  server.RaftServerConfigKeys (ConfUtils.java:logGet(43)) - raft.server.storage.dir = [/workdir/hadoop-ozone/integration-test/target/test-dir/MiniOzoneClusterImpl-621806fa-6f52-406a-98d3-49fc87e46c7c/datanode-5/data/ratis] (custom)
2019-09-10 12:51:53,626 [pool-591-thread-1] INFO  storage.RaftStorageDirectory (RaftStorageDirectory.java:analyzeStorage(246)) - The storage directory /workdir/hadoop-ozone/integration-test/target/test-dir/MiniOzoneClusterImpl-621806fa-6f52-406a-98d3-49fc87e46c7c/datanode-5/data/ratis/129baccd-bd9c-4d60-a1fe-da3fd308ddcf does not exist. Creating ...
2019-09-10 12:51:53,655 [pool-591-thread-1] INFO  storage.RaftStorageDirectory (RaftStorageDirectory.java:tryLock(328)) - Lock on /workdir/hadoop-ozone/integration-test/target/test-dir/MiniOzoneClusterImpl-621806fa-6f52-406a-98d3-49fc87e46c7c/datanode-5/data/ratis/129baccd-bd9c-4d60-a1fe-da3fd308ddcf/in_use.lock acquired by nodename 29167@pr-hdds-1571-5ln6c-1111760135
2019-09-10 12:51:53,681 [pool-591-thread-1] INFO  storage.RaftStorage (RaftStorage.java:format(72)) - Storage directory /workdir/hadoop-ozone/integration-test/target/test-dir/MiniOzoneClusterImpl-621806fa-6f52-406a-98d3-49fc87e46c7c/datanode-5/data/ratis/129baccd-bd9c-4d60-a1fe-da3fd308ddcf has been successfully formatted.
2019-09-10 12:51:53,681 [pool-591-thread-1] INFO  ratis.ContainerStateMachine (ContainerStateMachine.java:loadSnapshot(226)) - group-DA3FD308DDCF: The snapshot info is null. Setting the last applied indexto:(t:0, i:~)
2019-09-10 12:51:53,681 [pool-591-thread-1] INFO  server.RaftServerConfigKeys (ConfUtils.java:logGet(43)) - raft.server.leader.election.timeout = 120s (custom)
2019-09-10 12:51:53,681 [pool-591-thread-1] INFO  server.RaftServerConfigKeys (ConfUtils.java:logGet(43)) - raft.server.log.use.memory = false (default)
2019-09-10 12:51:53,681 [pool-591-thread-1] INFO  server.RaftServerConfigKeys (ConfUtils.java:logGet(43)) - raft.server.log.purge.gap = 1000000 (custom)
2019-09-10 12:51:53,681 [pool-591-thread-1] INFO  server.RaftServerConfigKeys (ConfUtils.java:logGet(43)) - raft.server.log.appender.buffer.byte-limit = 33554432 (custom)
2019-09-10 12:51:53,681 [pool-591-thread-1] INFO  server.RaftServerConfigKeys (ConfUtils.java:logGet(43)) - raft.server.log.segment.size.max = 1048576 (custom)
2019-09-10 12:51:53,682 [pool-591-thread-1] INFO  server.RaftServerConfigKeys (ConfUtils.java:logGet(43)) - raft.server.log.segment.cache.num.max = 2 (custom)
2019-09-10 12:51:53,682 [pool-591-thread-1] INFO  segmented.SegmentedRaftLogWorker (SegmentedRaftLogWorker.java:<init>(172)) - new 5da78483-2d4d-4152-a822-f0527bb3627d-SegmentedRaftLogWorker:Storage Directory /workdir/hadoop-ozone/integration-test/target/test-dir/MiniOzoneClusterImpl-621806fa-6f52-406a-98d3-49fc87e46c7c/datanode-5/data/ratis/129baccd-bd9c-4d60-a1fe-da3fd308ddcf for RaftStorage:Storage Directory /workdir/hadoop-ozone/integration-test/target/test-dir/MiniOzoneClusterImpl-621806fa-6f52-406a-98d3-49fc87e46c7c/datanode-5/data/ratis/129baccd-bd9c-4d60-a1fe-da3fd308ddcf
2019-09-10 12:51:53,682 [pool-591-thread-1] INFO  server.RaftServerConfigKeys (ConfUtils.java:logGet(43)) - raft.server.log.queue.byte-limit = 2147483647 (custom)
2019-09-10 12:51:53,682 [pool-591-thread-1] INFO  server.RaftServerConfigKeys (ConfUtils.java:logGet(43)) - raft.server.log.queue.element-limit = 1024 (custom)
2019-09-10 12:51:53,682 [pool-591-thread-1] INFO  server.RaftServerConfigKeys (ConfUtils.java:logGet(43)) - raft.server.log.segment.size.max = 1048576 (custom)
2019-09-10 12:51:53,682 [pool-591-thread-1] INFO  server.RaftServerConfigKeys (ConfUtils.java:logGet(43)) - raft.server.log.preallocated.size = 16384 (custom)
2019-09-10 12:51:53,682 [pool-591-thread-1] INFO  server.RaftServerConfigKeys (ConfUtils.java:logGet(43)) - raft.server.log.write.buffer.size = 33554432 (custom)
2019-09-10 12:51:53,683 [pool-591-thread-1] INFO  server.RaftServerConfigKeys (ConfUtils.java:logGet(43)) - raft.server.log.force.sync.num = 128 (default)
2019-09-10 12:51:53,683 [pool-591-thread-1] INFO  server.RaftServerConfigKeys (ConfUtils.java:logGet(43)) - raft.server.log.statemachine.data.sync = true (default)
2019-09-10 12:51:53,683 [pool-591-thread-1] INFO  server.RaftServerConfigKeys (ConfUtils.java:logGet(43)) - raft.server.log.statemachine.data.sync.timeout = 10s (default)
2019-09-10 12:51:53,683 [pool-591-thread-1] INFO  server.RaftServerConfigKeys (ConfUtils.java:logGet(43)) - raft.server.log.statemachine.data.sync.timeout.retry = -1 (default)
2019-09-10 12:51:53,683 [pool-591-thread-1] INFO  server.RaftServerConfigKeys (ConfUtils.java:logGet(43)) - raft.server.log.statemachine.data.caching.enabled = true (custom)
2019-09-10 12:51:53,684 [pool-591-thread-1] INFO  segmented.SegmentedRaftLogWorker (SegmentedRaftLogWorker.java:lambda$new$0(132)) - 5da78483-2d4d-4152-a822-f0527bb3627d-SegmentedRaftLogWorker:Storage Directory /workdir/hadoop-ozone/integration-test/target/test-dir/MiniOzoneClusterImpl-621806fa-6f52-406a-98d3-49fc87e46c7c/datanode-5/data/ratis/129baccd-bd9c-4d60-a1fe-da3fd308ddcf: flushIndex: setUnconditionally 0 -> -1
2019-09-10 12:51:53,684 [pool-591-thread-1] INFO  server.RaftServerConfigKeys (ConfUtils.java:logGet(43)) - raft.server.snapshot.auto.trigger.enabled = true (custom)
2019-09-10 12:51:53,684 [pool-591-thread-1] INFO  server.RaftServerConfigKeys (ConfUtils.java:logGet(43)) - raft.server.snapshot.auto.trigger.threshold = 10000 (custom)
2019-09-10 12:51:53,684 [pool-591-thread-1] INFO  server.RaftServerConfigKeys (ConfUtils.java:logGet(43)) - raft.server.retrycache.expirytime = 600000ms (custom)
2019-09-10 12:51:53,684 [pool-591-thread-1] INFO  impl.RaftServerImpl (RaftServerImpl.java:start(180)) - 5da78483-2d4d-4152-a822-f0527bb3627d: start group-DA3FD308DDCF
2019-09-10 12:51:53,684 [pool-591-thread-1] INFO  impl.RaftServerImpl (RaftServerImpl.java:setRole(171)) - 5da78483-2d4d-4152-a822-f0527bb3627d:group-DA3FD308DDCF changes role from null to FOLLOWER at term 0 for startAsFollower
2019-09-10 12:51:53,685 [pool-591-thread-1] INFO  impl.RoleInfo (RoleInfo.java:updateAndGet(143)) - 5da78483-2d4d-4152-a822-f0527bb3627d: start FollowerState
2019-09-10 12:51:53,685 [pool-591-thread-1] INFO  util.JmxRegister (JmxRegister.java:tryRegister(44)) - Successfully registered JMX Bean with object name Ratis:service=RaftServer,group=group-DA3FD308DDCF,id=5da78483-2d4d-4152-a822-f0527bb3627d
2019-09-10 12:51:53,687 [RatisPipelineUtilsThread] INFO  pipeline.PipelineStateManager (PipelineStateManager.java:addPipeline(56)) - Created pipeline Pipeline[ Id: 129baccd-bd9c-4d60-a1fe-da3fd308ddcf, Nodes: 5da78483-2d4d-4152-a822-f0527bb3627d{ip: 192.168.5.153, host: pr-hdds-1571-5ln6c-1111760135, networkLocation: /default-rack, certSerialId: null}, Type:RATIS, Factor:ONE, State:OPEN]
2019-09-10 12:51:53,704 [grpc-default-executor-11] INFO  impl.RaftServerProxy (RaftServerProxy.java:addNew(89)) - 5da78483-2d4d-4152-a822-f0527bb3627d: addNew group-F7C6AE1A2D04:[01a6b04f-ad3e-4331-b74c-d33e97f682d8:192.168.5.153:35087, 5da78483-2d4d-4152-a822-f0527bb3627d:192.168.5.153:38703, dca67000-a313-4773-81da-4c52f6fe39ce:192.168.5.153:45430] returns group-F7C6AE1A2D04:java.util.concurrent.CompletableFuture@3f682fc[Not completed]
2019-09-10 12:51:53,704 [grpc-default-executor-9] INFO  impl.RaftServerProxy (RaftServerProxy.java:addNew(89)) - 01a6b04f-ad3e-4331-b74c-d33e97f682d8: addNew group-F7C6AE1A2D04:[01a6b04f-ad3e-4331-b74c-d33e97f682d8:192.168.5.153:35087, 5da78483-2d4d-4152-a822-f0527bb3627d:192.168.5.153:38703, dca67000-a313-4773-81da-4c52f6fe39ce:192.168.5.153:45430] returns group-F7C6AE1A2D04:java.util.concurrent.CompletableFuture@8711e49[Not completed]
2019-09-10 12:51:53,704 [grpc-default-executor-10] INFO  impl.RaftServerProxy (RaftServerProxy.java:addNew(89)) - dca67000-a313-4773-81da-4c52f6fe39ce: addNew group-F7C6AE1A2D04:[01a6b04f-ad3e-4331-b74c-d33e97f682d8:192.168.5.153:35087, 5da78483-2d4d-4152-a822-f0527bb3627d:192.168.5.153:38703, dca67000-a313-4773-81da-4c52f6fe39ce:192.168.5.153:45430] returns group-F7C6AE1A2D04:java.util.concurrent.CompletableFuture@11ef700d[Not completed]
2019-09-10 12:51:53,705 [pool-591-thread-1] INFO  impl.RaftServerImpl (RaftServerImpl.java:<init>(93)) - 5da78483-2d4d-4152-a822-f0527bb3627d: new RaftServerImpl for group-F7C6AE1A2D04:[01a6b04f-ad3e-4331-b74c-d33e97f682d8:192.168.5.153:35087, 5da78483-2d4d-4152-a822-f0527bb3627d:192.168.5.153:38703, dca67000-a313-4773-81da-4c52f6fe39ce:192.168.5.153:45430] with ContainerStateMachine:uninitialized
2019-09-10 12:51:53,705 [pool-591-thread-1] INFO  server.RaftServerConfigKeys (ConfUtils.java:logGet(43)) - raft.server.rpc.timeout.min = 5s (custom)
2019-09-10 12:51:53,705 [pool-591-thread-1] INFO  server.RaftServerConfigKeys (ConfUtils.java:logGet(43)) - raft.server.rpc.timeout.max = 5200ms (custom)
2019-09-10 12:51:53,705 [pool-591-thread-1] INFO  server.RaftServerConfigKeys (ConfUtils.java:logGet(43)) - raft.server.rpcslowness.timeout = 120s (custom)
2019-09-10 12:51:53,705 [pool-591-thread-1] INFO  server.RaftServerConfigKeys (ConfUtils.java:logGet(43)) - raft.server.sleep.deviation.threshold = 300 (default)
2019-09-10 12:51:53,706 [pool-591-thread-1] INFO  server.RaftServerConfigKeys (ConfUtils.java:logGet(43)) - raft.server.log.appender.install.snapshot.enabled = false (custom)
2019-09-10 12:51:53,706 [pool-591-thread-1] INFO  impl.RaftServerImpl (ServerState.java:<init>(105)) - 5da78483-2d4d-4152-a822-f0527bb3627d:group-F7C6AE1A2D04 ConfigurationManager, init=-1: [01a6b04f-ad3e-4331-b74c-d33e97f682d8:192.168.5.153:35087, 5da78483-2d4d-4152-a822-f0527bb3627d:192.168.5.153:38703, dca67000-a313-4773-81da-4c52f6fe39ce:192.168.5.153:45430], old=null, confs=<EMPTY_MAP>
2019-09-10 12:51:53,706 [pool-569-thread-1] INFO  impl.RaftServerImpl (RaftServerImpl.java:<init>(93)) - dca67000-a313-4773-81da-4c52f6fe39ce: new RaftServerImpl for group-F7C6AE1A2D04:[01a6b04f-ad3e-4331-b74c-d33e97f682d8:192.168.5.153:35087, 5da78483-2d4d-4152-a822-f0527bb3627d:192.168.5.153:38703, dca67000-a313-4773-81da-4c52f6fe39ce:192.168.5.153:45430] with ContainerStateMachine:uninitialized
2019-09-10 12:51:53,706 [pool-591-thread-1] INFO  server.RaftServerConfigKeys (ConfUtils.java:logGet(43)) - raft.server.storage.dir = [/workdir/hadoop-ozone/integration-test/target/test-dir/MiniOzoneClusterImpl-621806fa-6f52-406a-98d3-49fc87e46c7c/datanode-5/data/ratis] (custom)
2019-09-10 12:51:53,706 [pool-569-thread-1] INFO  server.RaftServerConfigKeys (ConfUtils.java:logGet(43)) - raft.server.rpc.timeout.min = 5s (custom)
2019-09-10 12:51:53,706 [pool-580-thread-1] INFO  impl.RaftServerImpl (RaftServerImpl.java:<init>(93)) - 01a6b04f-ad3e-4331-b74c-d33e97f682d8: new RaftServerImpl for group-F7C6AE1A2D04:[01a6b04f-ad3e-4331-b74c-d33e97f682d8:192.168.5.153:35087, 5da78483-2d4d-4152-a822-f0527bb3627d:192.168.5.153:38703, dca67000-a313-4773-81da-4c52f6fe39ce:192.168.5.153:45430] with ContainerStateMachine:uninitialized
2019-09-10 12:51:53,706 [pool-591-thread-1] INFO  storage.RaftStorageDirectory (RaftStorageDirectory.java:analyzeStorage(246)) - The storage directory /workdir/hadoop-ozone/integration-test/target/test-dir/MiniOzoneClusterImpl-621806fa-6f52-406a-98d3-49fc87e46c7c/datanode-5/data/ratis/ca8fc726-e68a-41f2-8c11-f7c6ae1a2d04 does not exist. Creating ...
2019-09-10 12:51:53,706 [pool-569-thread-1] INFO  server.RaftServerConfigKeys (ConfUtils.java:logGet(43)) - raft.server.rpc.timeout.max = 5200ms (custom)
2019-09-10 12:51:53,706 [pool-580-thread-1] INFO  server.RaftServerConfigKeys (ConfUtils.java:logGet(43)) - raft.server.rpc.timeout.min = 5s (custom)
2019-09-10 12:51:53,707 [pool-569-thread-1] INFO  server.RaftServerConfigKeys (ConfUtils.java:logGet(43)) - raft.server.rpcslowness.timeout = 120s (custom)
2019-09-10 12:51:53,707 [pool-580-thread-1] INFO  server.RaftServerConfigKeys (ConfUtils.java:logGet(43)) - raft.server.rpc.timeout.max = 5200ms (custom)
2019-09-10 12:51:53,707 [pool-569-thread-1] INFO  server.RaftServerConfigKeys (ConfUtils.java:logGet(43)) - raft.server.sleep.deviation.threshold = 300 (default)
2019-09-10 12:51:53,707 [pool-580-thread-1] INFO  server.RaftServerConfigKeys (ConfUtils.java:logGet(43)) - raft.server.rpcslowness.timeout = 120s (custom)
2019-09-10 12:51:53,707 [pool-569-thread-1] INFO  server.RaftServerConfigKeys (ConfUtils.java:logGet(43)) - raft.server.log.appender.install.snapshot.enabled = false (custom)
2019-09-10 12:51:53,707 [pool-580-thread-1] INFO  server.RaftServerConfigKeys (ConfUtils.java:logGet(43)) - raft.server.sleep.deviation.threshold = 300 (default)
2019-09-10 12:51:53,707 [pool-569-thread-1] INFO  impl.RaftServerImpl (ServerState.java:<init>(105)) - dca67000-a313-4773-81da-4c52f6fe39ce:group-F7C6AE1A2D04 ConfigurationManager, init=-1: [01a6b04f-ad3e-4331-b74c-d33e97f682d8:192.168.5.153:35087, 5da78483-2d4d-4152-a822-f0527bb3627d:192.168.5.153:38703, dca67000-a313-4773-81da-4c52f6fe39ce:192.168.5.153:45430], old=null, confs=<EMPTY_MAP>
2019-09-10 12:51:53,707 [pool-580-thread-1] INFO  server.RaftServerConfigKeys (ConfUtils.java:logGet(43)) - raft.server.log.appender.install.snapshot.enabled = false (custom)
2019-09-10 12:51:53,708 [pool-569-thread-1] INFO  server.RaftServerConfigKeys (ConfUtils.java:logGet(43)) - raft.server.storage.dir = [/workdir/hadoop-ozone/integration-test/target/test-dir/MiniOzoneClusterImpl-621806fa-6f52-406a-98d3-49fc87e46c7c/datanode-3/data/ratis] (custom)
2019-09-10 12:51:53,708 [pool-580-thread-1] INFO  impl.RaftServerImpl (ServerState.java:<init>(105)) - 01a6b04f-ad3e-4331-b74c-d33e97f682d8:group-F7C6AE1A2D04 ConfigurationManager, init=-1: [01a6b04f-ad3e-4331-b74c-d33e97f682d8:192.168.5.153:35087, 5da78483-2d4d-4152-a822-f0527bb3627d:192.168.5.153:38703, dca67000-a313-4773-81da-4c52f6fe39ce:192.168.5.153:45430], old=null, confs=<EMPTY_MAP>
2019-09-10 12:51:53,708 [pool-580-thread-1] INFO  server.RaftServerConfigKeys (ConfUtils.java:logGet(43)) - raft.server.storage.dir = [/workdir/hadoop-ozone/integration-test/target/test-dir/MiniOzoneClusterImpl-621806fa-6f52-406a-98d3-49fc87e46c7c/datanode-4/data/ratis] (custom)
2019-09-10 12:51:53,708 [pool-569-thread-1] INFO  storage.RaftStorageDirectory (RaftStorageDirectory.java:analyzeStorage(246)) - The storage directory /workdir/hadoop-ozone/integration-test/target/test-dir/MiniOzoneClusterImpl-621806fa-6f52-406a-98d3-49fc87e46c7c/datanode-3/data/ratis/ca8fc726-e68a-41f2-8c11-f7c6ae1a2d04 does not exist. Creating ...
2019-09-10 12:51:53,708 [pool-580-thread-1] INFO  storage.RaftStorageDirectory (RaftStorageDirectory.java:analyzeStorage(246)) - The storage directory /workdir/hadoop-ozone/integration-test/target/test-dir/MiniOzoneClusterImpl-621806fa-6f52-406a-98d3-49fc87e46c7c/datanode-4/data/ratis/ca8fc726-e68a-41f2-8c11-f7c6ae1a2d04 does not exist. Creating ...
2019-09-10 12:51:53,723 [pool-591-thread-1] INFO  storage.RaftStorageDirectory (RaftStorageDirectory.java:tryLock(328)) - Lock on /workdir/hadoop-ozone/integration-test/target/test-dir/MiniOzoneClusterImpl-621806fa-6f52-406a-98d3-49fc87e46c7c/datanode-5/data/ratis/ca8fc726-e68a-41f2-8c11-f7c6ae1a2d04/in_use.lock acquired by nodename 29167@pr-hdds-1571-5ln6c-1111760135
2019-09-10 12:51:53,740 [pool-580-thread-1] INFO  storage.RaftStorageDirectory (RaftStorageDirectory.java:tryLock(328)) - Lock on /workdir/hadoop-ozone/integration-test/target/test-dir/MiniOzoneClusterImpl-621806fa-6f52-406a-98d3-49fc87e46c7c/datanode-4/data/ratis/ca8fc726-e68a-41f2-8c11-f7c6ae1a2d04/in_use.lock acquired by nodename 29167@pr-hdds-1571-5ln6c-1111760135
2019-09-10 12:51:53,740 [pool-569-thread-1] INFO  storage.RaftStorageDirectory (RaftStorageDirectory.java:tryLock(328)) - Lock on /workdir/hadoop-ozone/integration-test/target/test-dir/MiniOzoneClusterImpl-621806fa-6f52-406a-98d3-49fc87e46c7c/datanode-3/data/ratis/ca8fc726-e68a-41f2-8c11-f7c6ae1a2d04/in_use.lock acquired by nodename 29167@pr-hdds-1571-5ln6c-1111760135
2019-09-10 12:51:53,766 [pool-591-thread-1] INFO  storage.RaftStorage (RaftStorage.java:format(72)) - Storage directory /workdir/hadoop-ozone/integration-test/target/test-dir/MiniOzoneClusterImpl-621806fa-6f52-406a-98d3-49fc87e46c7c/datanode-5/data/ratis/ca8fc726-e68a-41f2-8c11-f7c6ae1a2d04 has been successfully formatted.
2019-09-10 12:51:53,766 [pool-591-thread-1] INFO  ratis.ContainerStateMachine (ContainerStateMachine.java:loadSnapshot(226)) - group-F7C6AE1A2D04: The snapshot info is null. Setting the last applied indexto:(t:0, i:~)
2019-09-10 12:51:53,766 [pool-591-thread-1] INFO  server.RaftServerConfigKeys (ConfUtils.java:logGet(43)) - raft.server.leader.election.timeout = 120s (custom)
2019-09-10 12:51:53,766 [pool-591-thread-1] INFO  server.RaftServerConfigKeys (ConfUtils.java:logGet(43)) - raft.server.log.use.memory = false (default)
2019-09-10 12:51:53,766 [pool-591-thread-1] INFO  server.RaftServerConfigKeys (ConfUtils.java:logGet(43)) - raft.server.log.purge.gap = 1000000 (custom)
2019-09-10 12:51:53,766 [pool-591-thread-1] INFO  server.RaftServerConfigKeys (ConfUtils.java:logGet(43)) - raft.server.log.appender.buffer.byte-limit = 33554432 (custom)
2019-09-10 12:51:53,767 [pool-591-thread-1] INFO  server.RaftServerConfigKeys (ConfUtils.java:logGet(43)) - raft.server.log.segment.size.max = 1048576 (custom)
2019-09-10 12:51:53,767 [pool-591-thread-1] INFO  server.RaftServerConfigKeys (ConfUtils.java:logGet(43)) - raft.server.log.segment.cache.num.max = 2 (custom)
2019-09-10 12:51:53,767 [pool-591-thread-1] INFO  segmented.SegmentedRaftLogWorker (SegmentedRaftLogWorker.java:<init>(172)) - new 5da78483-2d4d-4152-a822-f0527bb3627d-SegmentedRaftLogWorker:Storage Directory /workdir/hadoop-ozone/integration-test/target/test-dir/MiniOzoneClusterImpl-621806fa-6f52-406a-98d3-49fc87e46c7c/datanode-5/data/ratis/ca8fc726-e68a-41f2-8c11-f7c6ae1a2d04 for RaftStorage:Storage Directory /workdir/hadoop-ozone/integration-test/target/test-dir/MiniOzoneClusterImpl-621806fa-6f52-406a-98d3-49fc87e46c7c/datanode-5/data/ratis/ca8fc726-e68a-41f2-8c11-f7c6ae1a2d04
2019-09-10 12:51:53,767 [pool-591-thread-1] INFO  server.RaftServerConfigKeys (ConfUtils.java:logGet(43)) - raft.server.log.queue.byte-limit = 2147483647 (custom)
2019-09-10 12:51:53,767 [pool-591-thread-1] INFO  server.RaftServerConfigKeys (ConfUtils.java:logGet(43)) - raft.server.log.queue.element-limit = 1024 (custom)
2019-09-10 12:51:53,767 [pool-591-thread-1] INFO  server.RaftServerConfigKeys (ConfUtils.java:logGet(43)) - raft.server.log.segment.size.max = 1048576 (custom)
2019-09-10 12:51:53,768 [pool-591-thread-1] INFO  server.RaftServerConfigKeys (ConfUtils.java:logGet(43)) - raft.server.log.preallocated.size = 16384 (custom)
2019-09-10 12:51:53,768 [pool-591-thread-1] INFO  server.RaftServerConfigKeys (ConfUtils.java:logGet(43)) - raft.server.log.write.buffer.size = 33554432 (custom)
2019-09-10 12:51:53,768 [pool-591-thread-1] INFO  server.RaftServerConfigKeys (ConfUtils.java:logGet(43)) - raft.server.log.force.sync.num = 128 (default)
2019-09-10 12:51:53,768 [pool-591-thread-1] INFO  server.RaftServerConfigKeys (ConfUtils.java:logGet(43)) - raft.server.log.statemachine.data.sync = true (default)
2019-09-10 12:51:53,768 [pool-591-thread-1] INFO  server.RaftServerConfigKeys (ConfUtils.java:logGet(43)) - raft.server.log.statemachine.data.sync.timeout = 10s (default)
2019-09-10 12:51:53,768 [pool-591-thread-1] INFO  server.RaftServerConfigKeys (ConfUtils.java:logGet(43)) - raft.server.log.statemachine.data.sync.timeout.retry = -1 (default)
2019-09-10 12:51:53,768 [pool-591-thread-1] INFO  server.RaftServerConfigKeys (ConfUtils.java:logGet(43)) - raft.server.log.statemachine.data.caching.enabled = true (custom)
2019-09-10 12:51:53,769 [pool-591-thread-1] INFO  segmented.SegmentedRaftLogWorker (SegmentedRaftLogWorker.java:lambda$new$0(132)) - 5da78483-2d4d-4152-a822-f0527bb3627d-SegmentedRaftLogWorker:Storage Directory /workdir/hadoop-ozone/integration-test/target/test-dir/MiniOzoneClusterImpl-621806fa-6f52-406a-98d3-49fc87e46c7c/datanode-5/data/ratis/ca8fc726-e68a-41f2-8c11-f7c6ae1a2d04: flushIndex: setUnconditionally 0 -> -1
2019-09-10 12:51:53,769 [pool-591-thread-1] INFO  server.RaftServerConfigKeys (ConfUtils.java:logGet(43)) - raft.server.snapshot.auto.trigger.enabled = true (custom)
2019-09-10 12:51:53,769 [pool-591-thread-1] INFO  server.RaftServerConfigKeys (ConfUtils.java:logGet(43)) - raft.server.snapshot.auto.trigger.threshold = 10000 (custom)
2019-09-10 12:51:53,769 [pool-591-thread-1] INFO  server.RaftServerConfigKeys (ConfUtils.java:logGet(43)) - raft.server.retrycache.expirytime = 600000ms (custom)
2019-09-10 12:51:53,770 [pool-591-thread-1] INFO  impl.RaftServerImpl (RaftServerImpl.java:start(180)) - 5da78483-2d4d-4152-a822-f0527bb3627d: start group-F7C6AE1A2D04
2019-09-10 12:51:53,770 [pool-591-thread-1] INFO  impl.RaftServerImpl (RaftServerImpl.java:setRole(171)) - 5da78483-2d4d-4152-a822-f0527bb3627d:group-F7C6AE1A2D04 changes role from null to FOLLOWER at term 0 for startAsFollower
2019-09-10 12:51:53,770 [pool-591-thread-1] INFO  impl.RoleInfo (RoleInfo.java:updateAndGet(143)) - 5da78483-2d4d-4152-a822-f0527bb3627d: start FollowerState
2019-09-10 12:51:53,770 [pool-591-thread-1] INFO  util.JmxRegister (JmxRegister.java:tryRegister(44)) - Successfully registered JMX Bean with object name Ratis:service=RaftServer,group=group-F7C6AE1A2D04,id=5da78483-2d4d-4152-a822-f0527bb3627d
2019-09-10 12:51:53,774 [pool-580-thread-1] INFO  storage.RaftStorage (RaftStorage.java:format(72)) - Storage directory /workdir/hadoop-ozone/integration-test/target/test-dir/MiniOzoneClusterImpl-621806fa-6f52-406a-98d3-49fc87e46c7c/datanode-4/data/ratis/ca8fc726-e68a-41f2-8c11-f7c6ae1a2d04 has been successfully formatted.
2019-09-10 12:51:53,774 [pool-569-thread-1] INFO  storage.RaftStorage (RaftStorage.java:format(72)) - Storage directory /workdir/hadoop-ozone/integration-test/target/test-dir/MiniOzoneClusterImpl-621806fa-6f52-406a-98d3-49fc87e46c7c/datanode-3/data/ratis/ca8fc726-e68a-41f2-8c11-f7c6ae1a2d04 has been successfully formatted.
2019-09-10 12:51:53,774 [pool-580-thread-1] INFO  ratis.ContainerStateMachine (ContainerStateMachine.java:loadSnapshot(226)) - group-F7C6AE1A2D04: The snapshot info is null. Setting the last applied indexto:(t:0, i:~)
2019-09-10 12:51:53,774 [pool-580-thread-1] INFO  server.RaftServerConfigKeys (ConfUtils.java:logGet(43)) - raft.server.leader.election.timeout = 120s (custom)
2019-09-10 12:51:53,774 [pool-569-thread-1] INFO  ratis.ContainerStateMachine (ContainerStateMachine.java:loadSnapshot(226)) - group-F7C6AE1A2D04: The snapshot info is null. Setting the last applied indexto:(t:0, i:~)
2019-09-10 12:51:53,774 [pool-580-thread-1] INFO  server.RaftServerConfigKeys (ConfUtils.java:logGet(43)) - raft.server.log.use.memory = false (default)
2019-09-10 12:51:53,774 [pool-569-thread-1] INFO  server.RaftServerConfigKeys (ConfUtils.java:logGet(43)) - raft.server.leader.election.timeout = 120s (custom)
2019-09-10 12:51:53,775 [pool-580-thread-1] INFO  server.RaftServerConfigKeys (ConfUtils.java:logGet(43)) - raft.server.log.purge.gap = 1000000 (custom)
2019-09-10 12:51:53,775 [pool-569-thread-1] INFO  server.RaftServerConfigKeys (ConfUtils.java:logGet(43)) - raft.server.log.use.memory = false (default)
2019-09-10 12:51:53,775 [pool-580-thread-1] INFO  server.RaftServerConfigKeys (ConfUtils.java:logGet(43)) - raft.server.log.appender.buffer.byte-limit = 33554432 (custom)
2019-09-10 12:51:53,775 [pool-569-thread-1] INFO  server.RaftServerConfigKeys (ConfUtils.java:logGet(43)) - raft.server.log.purge.gap = 1000000 (custom)
2019-09-10 12:51:53,775 [pool-580-thread-1] INFO  server.RaftServerConfigKeys (ConfUtils.java:logGet(43)) - raft.server.log.segment.size.max = 1048576 (custom)
2019-09-10 12:51:53,775 [pool-569-thread-1] INFO  server.RaftServerConfigKeys (ConfUtils.java:logGet(43)) - raft.server.log.appender.buffer.byte-limit = 33554432 (custom)
2019-09-10 12:51:53,775 [pool-580-thread-1] INFO  server.RaftServerConfigKeys (ConfUtils.java:logGet(43)) - raft.server.log.segment.cache.num.max = 2 (custom)
2019-09-10 12:51:53,775 [pool-569-thread-1] INFO  server.RaftServerConfigKeys (ConfUtils.java:logGet(43)) - raft.server.log.segment.size.max = 1048576 (custom)
2019-09-10 12:51:53,775 [pool-580-thread-1] INFO  segmented.SegmentedRaftLogWorker (SegmentedRaftLogWorker.java:<init>(172)) - new 01a6b04f-ad3e-4331-b74c-d33e97f682d8-SegmentedRaftLogWorker:Storage Directory /workdir/hadoop-ozone/integration-test/target/test-dir/MiniOzoneClusterImpl-621806fa-6f52-406a-98d3-49fc87e46c7c/datanode-4/data/ratis/ca8fc726-e68a-41f2-8c11-f7c6ae1a2d04 for RaftStorage:Storage Directory /workdir/hadoop-ozone/integration-test/target/test-dir/MiniOzoneClusterImpl-621806fa-6f52-406a-98d3-49fc87e46c7c/datanode-4/data/ratis/ca8fc726-e68a-41f2-8c11-f7c6ae1a2d04
2019-09-10 12:51:53,775 [pool-569-thread-1] INFO  server.RaftServerConfigKeys (ConfUtils.java:logGet(43)) - raft.server.log.segment.cache.num.max = 2 (custom)
2019-09-10 12:51:53,776 [pool-580-thread-1] INFO  server.RaftServerConfigKeys (ConfUtils.java:logGet(43)) - raft.server.log.queue.byte-limit = 2147483647 (custom)
2019-09-10 12:51:53,776 [pool-569-thread-1] INFO  segmented.SegmentedRaftLogWorker (SegmentedRaftLogWorker.java:<init>(172)) - new dca67000-a313-4773-81da-4c52f6fe39ce-SegmentedRaftLogWorker:Storage Directory /workdir/hadoop-ozone/integration-test/target/test-dir/MiniOzoneClusterImpl-621806fa-6f52-406a-98d3-49fc87e46c7c/datanode-3/data/ratis/ca8fc726-e68a-41f2-8c11-f7c6ae1a2d04 for RaftStorage:Storage Directory /workdir/hadoop-ozone/integration-test/target/test-dir/MiniOzoneClusterImpl-621806fa-6f52-406a-98d3-49fc87e46c7c/datanode-3/data/ratis/ca8fc726-e68a-41f2-8c11-f7c6ae1a2d04
2019-09-10 12:51:53,776 [pool-580-thread-1] INFO  server.RaftServerConfigKeys (ConfUtils.java:logGet(43)) - raft.server.log.queue.element-limit = 1024 (custom)
2019-09-10 12:51:53,776 [pool-569-thread-1] INFO  server.RaftServerConfigKeys (ConfUtils.java:logGet(43)) - raft.server.log.queue.byte-limit = 2147483647 (custom)
2019-09-10 12:51:53,776 [pool-580-thread-1] INFO  server.RaftServerConfigKeys (ConfUtils.java:logGet(43)) - raft.server.log.segment.size.max = 1048576 (custom)
2019-09-10 12:51:53,776 [pool-569-thread-1] INFO  server.RaftServerConfigKeys (ConfUtils.java:logGet(43)) - raft.server.log.queue.element-limit = 1024 (custom)
2019-09-10 12:51:53,776 [pool-580-thread-1] INFO  server.RaftServerConfigKeys (ConfUtils.java:logGet(43)) - raft.server.log.preallocated.size = 16384 (custom)
2019-09-10 12:51:53,776 [pool-569-thread-1] INFO  server.RaftServerConfigKeys (ConfUtils.java:logGet(43)) - raft.server.log.segment.size.max = 1048576 (custom)
2019-09-10 12:51:53,776 [pool-580-thread-1] INFO  server.RaftServerConfigKeys (ConfUtils.java:logGet(43)) - raft.server.log.write.buffer.size = 33554432 (custom)
2019-09-10 12:51:53,776 [pool-569-thread-1] INFO  server.RaftServerConfigKeys (ConfUtils.java:logGet(43)) - raft.server.log.preallocated.size = 16384 (custom)
2019-09-10 12:51:53,777 [pool-580-thread-1] INFO  server.RaftServerConfigKeys (ConfUtils.java:logGet(43)) - raft.server.log.force.sync.num = 128 (default)
2019-09-10 12:51:53,777 [pool-569-thread-1] INFO  server.RaftServerConfigKeys (ConfUtils.java:logGet(43)) - raft.server.log.write.buffer.size = 33554432 (custom)
2019-09-10 12:51:53,777 [pool-580-thread-1] INFO  server.RaftServerConfigKeys (ConfUtils.java:logGet(43)) - raft.server.log.statemachine.data.sync = true (default)
2019-09-10 12:51:53,777 [pool-569-thread-1] INFO  server.RaftServerConfigKeys (ConfUtils.java:logGet(43)) - raft.server.log.force.sync.num = 128 (default)
2019-09-10 12:51:53,777 [pool-580-thread-1] INFO  server.RaftServerConfigKeys (ConfUtils.java:logGet(43)) - raft.server.log.statemachine.data.sync.timeout = 10s (default)
2019-09-10 12:51:53,777 [pool-569-thread-1] INFO  server.RaftServerConfigKeys (ConfUtils.java:logGet(43)) - raft.server.log.statemachine.data.sync = true (default)
2019-09-10 12:51:53,777 [pool-580-thread-1] INFO  server.RaftServerConfigKeys (ConfUtils.java:logGet(43)) - raft.server.log.statemachine.data.sync.timeout.retry = -1 (default)
2019-09-10 12:51:53,777 [pool-569-thread-1] INFO  server.RaftServerConfigKeys (ConfUtils.java:logGet(43)) - raft.server.log.statemachine.data.sync.timeout = 10s (default)
2019-09-10 12:51:53,777 [pool-580-thread-1] INFO  server.RaftServerConfigKeys (ConfUtils.java:logGet(43)) - raft.server.log.statemachine.data.caching.enabled = true (custom)
2019-09-10 12:51:53,778 [pool-569-thread-1] INFO  server.RaftServerConfigKeys (ConfUtils.java:logGet(43)) - raft.server.log.statemachine.data.sync.timeout.retry = -1 (default)
2019-09-10 12:51:53,778 [pool-580-thread-1] INFO  segmented.SegmentedRaftLogWorker (SegmentedRaftLogWorker.java:lambda$new$0(132)) - 01a6b04f-ad3e-4331-b74c-d33e97f682d8-SegmentedRaftLogWorker:Storage Directory /workdir/hadoop-ozone/integration-test/target/test-dir/MiniOzoneClusterImpl-621806fa-6f52-406a-98d3-49fc87e46c7c/datanode-4/data/ratis/ca8fc726-e68a-41f2-8c11-f7c6ae1a2d04: flushIndex: setUnconditionally 0 -> -1
2019-09-10 12:51:53,778 [pool-569-thread-1] INFO  server.RaftServerConfigKeys (ConfUtils.java:logGet(43)) - raft.server.log.statemachine.data.caching.enabled = true (custom)
2019-09-10 12:51:53,778 [pool-580-thread-1] INFO  server.RaftServerConfigKeys (ConfUtils.java:logGet(43)) - raft.server.snapshot.auto.trigger.enabled = true (custom)
2019-09-10 12:51:53,778 [pool-569-thread-1] INFO  segmented.SegmentedRaftLogWorker (SegmentedRaftLogWorker.java:lambda$new$0(132)) - dca67000-a313-4773-81da-4c52f6fe39ce-SegmentedRaftLogWorker:Storage Directory /workdir/hadoop-ozone/integration-test/target/test-dir/MiniOzoneClusterImpl-621806fa-6f52-406a-98d3-49fc87e46c7c/datanode-3/data/ratis/ca8fc726-e68a-41f2-8c11-f7c6ae1a2d04: flushIndex: setUnconditionally 0 -> -1
2019-09-10 12:51:53,778 [pool-580-thread-1] INFO  server.RaftServerConfigKeys (ConfUtils.java:logGet(43)) - raft.server.snapshot.auto.trigger.threshold = 10000 (custom)
2019-09-10 12:51:53,779 [pool-580-thread-1] INFO  server.RaftServerConfigKeys (ConfUtils.java:logGet(43)) - raft.server.retrycache.expirytime = 600000ms (custom)
2019-09-10 12:51:53,779 [pool-569-thread-1] INFO  server.RaftServerConfigKeys (ConfUtils.java:logGet(43)) - raft.server.snapshot.auto.trigger.enabled = true (custom)
2019-09-10 12:51:53,779 [pool-580-thread-1] INFO  impl.RaftServerImpl (RaftServerImpl.java:start(180)) - 01a6b04f-ad3e-4331-b74c-d33e97f682d8: start group-F7C6AE1A2D04
2019-09-10 12:51:53,779 [pool-569-thread-1] INFO  server.RaftServerConfigKeys (ConfUtils.java:logGet(43)) - raft.server.snapshot.auto.trigger.threshold = 10000 (custom)
2019-09-10 12:51:53,779 [pool-580-thread-1] INFO  impl.RaftServerImpl (RaftServerImpl.java:setRole(171)) - 01a6b04f-ad3e-4331-b74c-d33e97f682d8:group-F7C6AE1A2D04 changes role from null to FOLLOWER at term 0 for startAsFollower
2019-09-10 12:51:53,779 [pool-569-thread-1] INFO  server.RaftServerConfigKeys (ConfUtils.java:logGet(43)) - raft.server.retrycache.expirytime = 600000ms (custom)
2019-09-10 12:51:53,779 [pool-580-thread-1] INFO  impl.RoleInfo (RoleInfo.java:updateAndGet(143)) - 01a6b04f-ad3e-4331-b74c-d33e97f682d8: start FollowerState
2019-09-10 12:51:53,779 [pool-569-thread-1] INFO  impl.RaftServerImpl (RaftServerImpl.java:start(180)) - dca67000-a313-4773-81da-4c52f6fe39ce: start group-F7C6AE1A2D04
2019-09-10 12:51:53,779 [pool-569-thread-1] INFO  impl.RaftServerImpl (RaftServerImpl.java:setRole(171)) - dca67000-a313-4773-81da-4c52f6fe39ce:group-F7C6AE1A2D04 changes role from null to FOLLOWER at term 0 for startAsFollower
2019-09-10 12:51:53,779 [pool-580-thread-1] INFO  util.JmxRegister (JmxRegister.java:tryRegister(44)) - Successfully registered JMX Bean with object name Ratis:service=RaftServer,group=group-F7C6AE1A2D04,id=01a6b04f-ad3e-4331-b74c-d33e97f682d8
2019-09-10 12:51:53,779 [pool-569-thread-1] INFO  impl.RoleInfo (RoleInfo.java:updateAndGet(143)) - dca67000-a313-4773-81da-4c52f6fe39ce: start FollowerState
2019-09-10 12:51:53,780 [pool-569-thread-1] INFO  util.JmxRegister (JmxRegister.java:tryRegister(44)) - Successfully registered JMX Bean with object name Ratis:service=RaftServer,group=group-F7C6AE1A2D04,id=dca67000-a313-4773-81da-4c52f6fe39ce
2019-09-10 12:51:53,782 [RatisPipelineUtilsThread] INFO  pipeline.PipelineStateManager (PipelineStateManager.java:addPipeline(56)) - Created pipeline Pipeline[ Id: ca8fc726-e68a-41f2-8c11-f7c6ae1a2d04, Nodes: 5da78483-2d4d-4152-a822-f0527bb3627d{ip: 192.168.5.153, host: pr-hdds-1571-5ln6c-1111760135, networkLocation: /default-rack, certSerialId: null}01a6b04f-ad3e-4331-b74c-d33e97f682d8{ip: 192.168.5.153, host: pr-hdds-1571-5ln6c-1111760135, networkLocation: /default-rack, certSerialId: null}dca67000-a313-4773-81da-4c52f6fe39ce{ip: 192.168.5.153, host: pr-hdds-1571-5ln6c-1111760135, networkLocation: /default-rack, certSerialId: null}, Type:RATIS, Factor:THREE, State:OPEN]
2019-09-10 12:51:53,794 [main] INFO  ozone.MiniOzoneClusterImpl (MiniOzoneClusterImpl.java:lambda$waitForClusterToBeReady$0(142)) - Waiting for cluster to be ready. Got 6 of 7 DN Heartbeats.
2019-09-10 12:51:53,795 [IPC Server handler 2 on 33913] INFO  net.NetworkTopology (NetworkTopologyImpl.java:add(110)) - Added a new node: /default-rack/7c19fb12-96c9-4405-b962-861cc67d2712
2019-09-10 12:51:53,795 [IPC Server handler 2 on 33913] INFO  node.SCMNodeManager (SCMNodeManager.java:register(273)) - Registered Data node : 7c19fb12-96c9-4405-b962-861cc67d2712{ip: 192.168.5.153, host: pr-hdds-1571-5ln6c-1111760135, networkLocation: /default-rack, certSerialId: null}
2019-09-10 12:51:53,797 | INFO  | SCMAudit | user=jenkins1000 | ip=192.168.5.153 | op=REGISTER {datanodeDetails=7c19fb12-96c9-4405-b962-861cc67d2712{ip: 192.168.5.153, host: pr-hdds-1571-5ln6c-1111760135, networkLocation: /default-rack, certSerialId: null}} | ret=SUCCESS |  
2019-09-10 12:51:53,802 [grpc-default-executor-10] INFO  impl.RaftServerProxy (RaftServerProxy.java:addNew(89)) - 7c19fb12-96c9-4405-b962-861cc67d2712: addNew group-E6BE898A1671:[7c19fb12-96c9-4405-b962-861cc67d2712:192.168.5.153:41022] returns group-E6BE898A1671:java.util.concurrent.CompletableFuture@38ae7a60[Not completed]
2019-09-10 12:51:53,803 [pool-602-thread-1] INFO  impl.RaftServerImpl (RaftServerImpl.java:<init>(93)) - 7c19fb12-96c9-4405-b962-861cc67d2712: new RaftServerImpl for group-E6BE898A1671:[7c19fb12-96c9-4405-b962-861cc67d2712:192.168.5.153:41022] with ContainerStateMachine:uninitialized
2019-09-10 12:51:53,803 [pool-602-thread-1] INFO  server.RaftServerConfigKeys (ConfUtils.java:logGet(43)) - raft.server.rpc.timeout.min = 5s (custom)
2019-09-10 12:51:53,803 [pool-602-thread-1] INFO  server.RaftServerConfigKeys (ConfUtils.java:logGet(43)) - raft.server.rpc.timeout.max = 5200ms (custom)
2019-09-10 12:51:53,803 [pool-602-thread-1] INFO  server.RaftServerConfigKeys (ConfUtils.java:logGet(43)) - raft.server.rpcslowness.timeout = 120s (custom)
2019-09-10 12:51:53,804 [pool-602-thread-1] INFO  server.RaftServerConfigKeys (ConfUtils.java:logGet(43)) - raft.server.sleep.deviation.threshold = 300 (default)
2019-09-10 12:51:53,804 [pool-602-thread-1] INFO  server.RaftServerConfigKeys (ConfUtils.java:logGet(43)) - raft.server.log.appender.install.snapshot.enabled = false (custom)
2019-09-10 12:51:53,804 [pool-602-thread-1] INFO  impl.RaftServerImpl (ServerState.java:<init>(105)) - 7c19fb12-96c9-4405-b962-861cc67d2712:group-E6BE898A1671 ConfigurationManager, init=-1: [7c19fb12-96c9-4405-b962-861cc67d2712:192.168.5.153:41022], old=null, confs=<EMPTY_MAP>
2019-09-10 12:51:53,804 [pool-602-thread-1] INFO  server.RaftServerConfigKeys (ConfUtils.java:logGet(43)) - raft.server.storage.dir = [/workdir/hadoop-ozone/integration-test/target/test-dir/MiniOzoneClusterImpl-621806fa-6f52-406a-98d3-49fc87e46c7c/datanode-6/data/ratis] (custom)
2019-09-10 12:51:53,804 [pool-602-thread-1] INFO  storage.RaftStorageDirectory (RaftStorageDirectory.java:analyzeStorage(246)) - The storage directory /workdir/hadoop-ozone/integration-test/target/test-dir/MiniOzoneClusterImpl-621806fa-6f52-406a-98d3-49fc87e46c7c/datanode-6/data/ratis/ea6d1b6d-8984-4f89-b77f-e6be898a1671 does not exist. Creating ...
2019-09-10 12:51:53,816 [pool-602-thread-1] INFO  storage.RaftStorageDirectory (RaftStorageDirectory.java:tryLock(328)) - Lock on /workdir/hadoop-ozone/integration-test/target/test-dir/MiniOzoneClusterImpl-621806fa-6f52-406a-98d3-49fc87e46c7c/datanode-6/data/ratis/ea6d1b6d-8984-4f89-b77f-e6be898a1671/in_use.lock acquired by nodename 29167@pr-hdds-1571-5ln6c-1111760135
2019-09-10 12:51:53,850 [pool-602-thread-1] INFO  storage.RaftStorage (RaftStorage.java:format(72)) - Storage directory /workdir/hadoop-ozone/integration-test/target/test-dir/MiniOzoneClusterImpl-621806fa-6f52-406a-98d3-49fc87e46c7c/datanode-6/data/ratis/ea6d1b6d-8984-4f89-b77f-e6be898a1671 has been successfully formatted.
2019-09-10 12:51:53,850 [pool-602-thread-1] INFO  ratis.ContainerStateMachine (ContainerStateMachine.java:loadSnapshot(226)) - group-E6BE898A1671: The snapshot info is null. Setting the last applied indexto:(t:0, i:~)
2019-09-10 12:51:53,850 [pool-602-thread-1] INFO  server.RaftServerConfigKeys (ConfUtils.java:logGet(43)) - raft.server.leader.election.timeout = 120s (custom)
2019-09-10 12:51:53,850 [pool-602-thread-1] INFO  server.RaftServerConfigKeys (ConfUtils.java:logGet(43)) - raft.server.log.use.memory = false (default)
2019-09-10 12:51:53,851 [pool-602-thread-1] INFO  server.RaftServerConfigKeys (ConfUtils.java:logGet(43)) - raft.server.log.purge.gap = 1000000 (custom)
2019-09-10 12:51:53,851 [pool-602-thread-1] INFO  server.RaftServerConfigKeys (ConfUtils.java:logGet(43)) - raft.server.log.appender.buffer.byte-limit = 33554432 (custom)
2019-09-10 12:51:53,851 [pool-602-thread-1] INFO  server.RaftServerConfigKeys (ConfUtils.java:logGet(43)) - raft.server.log.segment.size.max = 1048576 (custom)
2019-09-10 12:51:53,851 [pool-602-thread-1] INFO  server.RaftServerConfigKeys (ConfUtils.java:logGet(43)) - raft.server.log.segment.cache.num.max = 2 (custom)
2019-09-10 12:51:53,851 [pool-602-thread-1] INFO  segmented.SegmentedRaftLogWorker (SegmentedRaftLogWorker.java:<init>(172)) - new 7c19fb12-96c9-4405-b962-861cc67d2712-SegmentedRaftLogWorker:Storage Directory /workdir/hadoop-ozone/integration-test/target/test-dir/MiniOzoneClusterImpl-621806fa-6f52-406a-98d3-49fc87e46c7c/datanode-6/data/ratis/ea6d1b6d-8984-4f89-b77f-e6be898a1671 for RaftStorage:Storage Directory /workdir/hadoop-ozone/integration-test/target/test-dir/MiniOzoneClusterImpl-621806fa-6f52-406a-98d3-49fc87e46c7c/datanode-6/data/ratis/ea6d1b6d-8984-4f89-b77f-e6be898a1671
2019-09-10 12:51:53,851 [pool-602-thread-1] INFO  server.RaftServerConfigKeys (ConfUtils.java:logGet(43)) - raft.server.log.queue.byte-limit = 2147483647 (custom)
2019-09-10 12:51:53,851 [pool-602-thread-1] INFO  server.RaftServerConfigKeys (ConfUtils.java:logGet(43)) - raft.server.log.queue.element-limit = 1024 (custom)
2019-09-10 12:51:53,852 [pool-602-thread-1] INFO  server.RaftServerConfigKeys (ConfUtils.java:logGet(43)) - raft.server.log.segment.size.max = 1048576 (custom)
2019-09-10 12:51:53,852 [pool-602-thread-1] INFO  server.RaftServerConfigKeys (ConfUtils.java:logGet(43)) - raft.server.log.preallocated.size = 16384 (custom)
2019-09-10 12:51:53,852 [pool-602-thread-1] INFO  server.RaftServerConfigKeys (ConfUtils.java:logGet(43)) - raft.server.log.write.buffer.size = 33554432 (custom)
2019-09-10 12:51:53,852 [pool-602-thread-1] INFO  server.RaftServerConfigKeys (ConfUtils.java:logGet(43)) - raft.server.log.force.sync.num = 128 (default)
2019-09-10 12:51:53,852 [pool-602-thread-1] INFO  server.RaftServerConfigKeys (ConfUtils.java:logGet(43)) - raft.server.log.statemachine.data.sync = true (default)
2019-09-10 12:51:53,852 [pool-602-thread-1] INFO  server.RaftServerConfigKeys (ConfUtils.java:logGet(43)) - raft.server.log.statemachine.data.sync.timeout = 10s (default)
2019-09-10 12:51:53,852 [pool-602-thread-1] INFO  server.RaftServerConfigKeys (ConfUtils.java:logGet(43)) - raft.server.log.statemachine.data.sync.timeout.retry = -1 (default)
2019-09-10 12:51:53,853 [pool-602-thread-1] INFO  server.RaftServerConfigKeys (ConfUtils.java:logGet(43)) - raft.server.log.statemachine.data.caching.enabled = true (custom)
2019-09-10 12:51:53,853 [pool-602-thread-1] INFO  segmented.SegmentedRaftLogWorker (SegmentedRaftLogWorker.java:lambda$new$0(132)) - 7c19fb12-96c9-4405-b962-861cc67d2712-SegmentedRaftLogWorker:Storage Directory /workdir/hadoop-ozone/integration-test/target/test-dir/MiniOzoneClusterImpl-621806fa-6f52-406a-98d3-49fc87e46c7c/datanode-6/data/ratis/ea6d1b6d-8984-4f89-b77f-e6be898a1671: flushIndex: setUnconditionally 0 -> -1
2019-09-10 12:51:53,853 [pool-602-thread-1] INFO  server.RaftServerConfigKeys (ConfUtils.java:logGet(43)) - raft.server.snapshot.auto.trigger.enabled = true (custom)
2019-09-10 12:51:53,854 [pool-602-thread-1] INFO  server.RaftServerConfigKeys (ConfUtils.java:logGet(43)) - raft.server.snapshot.auto.trigger.threshold = 10000 (custom)
2019-09-10 12:51:53,854 [pool-602-thread-1] INFO  server.RaftServerConfigKeys (ConfUtils.java:logGet(43)) - raft.server.retrycache.expirytime = 600000ms (custom)
2019-09-10 12:51:53,854 [pool-602-thread-1] INFO  impl.RaftServerImpl (RaftServerImpl.java:start(180)) - 7c19fb12-96c9-4405-b962-861cc67d2712: start group-E6BE898A1671
2019-09-10 12:51:53,854 [pool-602-thread-1] INFO  impl.RaftServerImpl (RaftServerImpl.java:setRole(171)) - 7c19fb12-96c9-4405-b962-861cc67d2712:group-E6BE898A1671 changes role from null to FOLLOWER at term 0 for startAsFollower
2019-09-10 12:51:53,854 [pool-602-thread-1] INFO  impl.RoleInfo (RoleInfo.java:updateAndGet(143)) - 7c19fb12-96c9-4405-b962-861cc67d2712: start FollowerState
2019-09-10 12:51:53,855 [pool-602-thread-1] INFO  util.JmxRegister (JmxRegister.java:tryRegister(44)) - Successfully registered JMX Bean with object name Ratis:service=RaftServer,group=group-E6BE898A1671,id=7c19fb12-96c9-4405-b962-861cc67d2712
2019-09-10 12:51:53,856 [RatisPipelineUtilsThread] INFO  pipeline.PipelineStateManager (PipelineStateManager.java:addPipeline(56)) - Created pipeline Pipeline[ Id: ea6d1b6d-8984-4f89-b77f-e6be898a1671, Nodes: 7c19fb12-96c9-4405-b962-861cc67d2712{ip: 192.168.5.153, host: pr-hdds-1571-5ln6c-1111760135, networkLocation: /default-rack, certSerialId: null}, Type:RATIS, Factor:ONE, State:OPEN]
2019-09-10 12:51:54,322 | INFO  | SCMAudit | user=jenkins1000 | ip=192.168.5.153 | op=SEND_HEARTBEAT {datanodeUUID=162c807d-d7c6-42a8-ad53-3a3326afae0a, command=[]} | ret=SUCCESS |  
2019-09-10 12:51:54,540 | INFO  | SCMAudit | user=jenkins1000 | ip=192.168.5.153 | op=SEND_HEARTBEAT {datanodeUUID=10cf323f-ae84-4971-a7e0-d66e9b6ea9ea, command=[]} | ret=SUCCESS |  
2019-09-10 12:51:54,750 | INFO  | SCMAudit | user=jenkins1000 | ip=192.168.5.153 | op=SEND_HEARTBEAT {datanodeUUID=e116f4bc-cd87-4ac6-9da1-80e39cc5f9e9, command=[]} | ret=SUCCESS |  
2019-09-10 12:51:54,795 [main] INFO  ozone.MiniOzoneClusterImpl (MiniOzoneClusterImpl.java:lambda$waitForClusterToBeReady$0(142)) - Cluster is ready. Got 7 of 7 DN Heartbeats.
2019-09-10 12:51:54,837 [main] INFO  rpc.RpcClient (RpcClient.java:createVolume(293)) - Creating Volume: testblockoutputstream, with jenkins1000 as owner.
2019-09-10 12:51:54,839 | INFO  | OMAudit | user=jenkins1000 | ip=127.0.0.1 | op=CREATE_VOLUME {admin=jenkins1000, owner=jenkins1000, volume=testblockoutputstream, creationTime=1568119914839, quotaInBytes=1152921504606846976} | ret=SUCCESS |  
2019-09-10 12:51:54,850 | INFO  | OMAudit | user=jenkins1000 | ip=127.0.0.1 | op=READ_VOLUME {volume=testblockoutputstream} | ret=SUCCESS |  
2019-09-10 12:51:54,851 [main] INFO  rpc.RpcClient (RpcClient.java:createBucket(432)) - Creating Bucket: testblockoutputstream/testblockoutputstream, with Versioning false and Storage Type set to DISK and Encryption set to false 
2019-09-10 12:51:54,854 | INFO  | OMAudit | user=jenkins1000 | ip=127.0.0.1 | op=CREATE_BUCKET {volume=testblockoutputstream, bucket=testblockoutputstream, acls=[user:jenkins1000:a[ACCESS], group:default:a[ACCESS]], isVersionEnabled=false, storageType=DISK, creationTime=0} | ret=SUCCESS |  
2019-09-10 12:51:54,856 | INFO  | OMAudit | user=jenkins1000 | ip=127.0.0.1 | op=READ_VOLUME {volume=testblockoutputstream} | ret=SUCCESS |  
2019-09-10 12:51:54,857 | INFO  | OMAudit | user=jenkins1000 | ip=127.0.0.1 | op=READ_BUCKET {volume=testblockoutputstream, bucket=testblockoutputstream} | ret=SUCCESS |  
2019-09-10 12:51:54,860 | INFO  | SCMAudit | user=jenkins1000 | ip=192.168.5.153 | op=ALLOCATE_BLOCK {owner=2e43535b-3750-468c-a3a1-b23d830ba7b0, size=800, type=RATIS, factor=THREE} | ret=SUCCESS |  
2019-09-10 12:51:54,862 | INFO  | OMAudit | user=jenkins1000 | ip=127.0.0.1 | op=ALLOCATE_KEY {volume=testblockoutputstream, bucket=testblockoutputstream, key=887734cb-c47f-4755-9dec-91319fe87305, dataSize=0, replicationType=RATIS, replicationFactor=THREE, keyLocationInfo=null} | ret=SUCCESS |  
2019-09-10 12:51:54,872 [grpc-default-executor-10] INFO  client.GrpcClientProtocolClient (GrpcClientProtocolClient.java:onNext(255)) - client-9A6D123C8655->e116f4bc-cd87-4ac6-9da1-80e39cc5f9e9: receive RaftClientReply:client-9A6D123C8655->e116f4bc-cd87-4ac6-9da1-80e39cc5f9e9@group-DD9FE6C50665, cid=215, FAILED org.apache.ratis.protocol.NotLeaderException: Server e116f4bc-cd87-4ac6-9da1-80e39cc5f9e9 is not the leader (null). Request must be sent to leader., logIndex=0, commits[e116f4bc-cd87-4ac6-9da1-80e39cc5f9e9:c-1]
2019-09-10 12:51:55,193 | INFO  | SCMAudit | user=jenkins1000 | ip=192.168.5.153 | op=SEND_HEARTBEAT {datanodeUUID=dca67000-a313-4773-81da-4c52f6fe39ce, command=[]} | ret=SUCCESS |  
2019-09-10 12:51:55,322 | INFO  | SCMAudit | user=jenkins1000 | ip=192.168.5.153 | op=SEND_HEARTBEAT {datanodeUUID=162c807d-d7c6-42a8-ad53-3a3326afae0a, command=[]} | ret=SUCCESS |  
2019-09-10 12:51:55,332 [Thread-4005] INFO  container.ReplicationManager (ReplicationManager.java:start(151)) - Starting Replication Monitor Thread.
2019-09-10 12:51:55,337 [ReplicationMonitor] INFO  container.ReplicationManager (ReplicationManager.java:run(214)) - Replication Monitor Thread took 0 milliseconds for processing 1 containers.
2019-09-10 12:51:55,421 | INFO  | SCMAudit | user=jenkins1000 | ip=192.168.5.153 | op=SEND_HEARTBEAT {datanodeUUID=01a6b04f-ad3e-4331-b74c-d33e97f682d8, command=[]} | ret=SUCCESS |  
2019-09-10 12:51:55,540 | INFO  | SCMAudit | user=jenkins1000 | ip=192.168.5.153 | op=SEND_HEARTBEAT {datanodeUUID=10cf323f-ae84-4971-a7e0-d66e9b6ea9ea, command=[]} | ret=SUCCESS |  
2019-09-10 12:51:55,614 | INFO  | SCMAudit | user=jenkins1000 | ip=192.168.5.153 | op=SEND_HEARTBEAT {datanodeUUID=5da78483-2d4d-4152-a822-f0527bb3627d, command=[]} | ret=SUCCESS |  
2019-09-10 12:51:55,750 | INFO  | SCMAudit | user=jenkins1000 | ip=192.168.5.153 | op=SEND_HEARTBEAT {datanodeUUID=e116f4bc-cd87-4ac6-9da1-80e39cc5f9e9, command=[]} | ret=SUCCESS |  
2019-09-10 12:51:55,795 | INFO  | SCMAudit | user=jenkins1000 | ip=192.168.5.153 | op=SEND_HEARTBEAT {datanodeUUID=7c19fb12-96c9-4405-b962-861cc67d2712, command=[]} | ret=SUCCESS |  
2019-09-10 12:51:55,883 [grpc-default-executor-10] INFO  client.GrpcClientProtocolClient (GrpcClientProtocolClient.java:onNext(255)) - client-9A6D123C8655->162c807d-d7c6-42a8-ad53-3a3326afae0a: receive RaftClientReply:client-9A6D123C8655->162c807d-d7c6-42a8-ad53-3a3326afae0a@group-DD9FE6C50665, cid=215, FAILED org.apache.ratis.protocol.NotLeaderException: Server 162c807d-d7c6-42a8-ad53-3a3326afae0a is not the leader (null). Request must be sent to leader., logIndex=0, commits[162c807d-d7c6-42a8-ad53-3a3326afae0a:c-1]
2019-09-10 12:51:56,193 | INFO  | SCMAudit | user=jenkins1000 | ip=192.168.5.153 | op=SEND_HEARTBEAT {datanodeUUID=dca67000-a313-4773-81da-4c52f6fe39ce, command=[]} | ret=SUCCESS |  
2019-09-10 12:51:56,322 | INFO  | SCMAudit | user=jenkins1000 | ip=192.168.5.153 | op=SEND_HEARTBEAT {datanodeUUID=162c807d-d7c6-42a8-ad53-3a3326afae0a, command=[]} | ret=SUCCESS |  
2019-09-10 12:51:56,421 | INFO  | SCMAudit | user=jenkins1000 | ip=192.168.5.153 | op=SEND_HEARTBEAT {datanodeUUID=01a6b04f-ad3e-4331-b74c-d33e97f682d8, command=[]} | ret=SUCCESS |  
2019-09-10 12:51:56,540 | INFO  | SCMAudit | user=jenkins1000 | ip=192.168.5.153 | op=SEND_HEARTBEAT {datanodeUUID=10cf323f-ae84-4971-a7e0-d66e9b6ea9ea, command=[]} | ret=SUCCESS |  
2019-09-10 12:51:56,614 | INFO  | SCMAudit | user=jenkins1000 | ip=192.168.5.153 | op=SEND_HEARTBEAT {datanodeUUID=5da78483-2d4d-4152-a822-f0527bb3627d, command=[]} | ret=SUCCESS |  
2019-09-10 12:51:56,750 | INFO  | SCMAudit | user=jenkins1000 | ip=192.168.5.153 | op=SEND_HEARTBEAT {datanodeUUID=e116f4bc-cd87-4ac6-9da1-80e39cc5f9e9, command=[]} | ret=SUCCESS |  
2019-09-10 12:51:56,795 | INFO  | SCMAudit | user=jenkins1000 | ip=192.168.5.153 | op=SEND_HEARTBEAT {datanodeUUID=7c19fb12-96c9-4405-b962-861cc67d2712, command=[]} | ret=SUCCESS |  
2019-09-10 12:51:56,895 [grpc-default-executor-10] INFO  client.GrpcClientProtocolClient (GrpcClientProtocolClient.java:onNext(255)) - client-9A6D123C8655->10cf323f-ae84-4971-a7e0-d66e9b6ea9ea: receive RaftClientReply:client-9A6D123C8655->10cf323f-ae84-4971-a7e0-d66e9b6ea9ea@group-DD9FE6C50665, cid=215, FAILED org.apache.ratis.protocol.NotLeaderException: Server 10cf323f-ae84-4971-a7e0-d66e9b6ea9ea is not the leader (null). Request must be sent to leader., logIndex=0, commits[10cf323f-ae84-4971-a7e0-d66e9b6ea9ea:c-1]
2019-09-10 12:51:57,193 | INFO  | SCMAudit | user=jenkins1000 | ip=192.168.5.153 | op=SEND_HEARTBEAT {datanodeUUID=dca67000-a313-4773-81da-4c52f6fe39ce, command=[]} | ret=SUCCESS |  
2019-09-10 12:51:57,322 | INFO  | SCMAudit | user=jenkins1000 | ip=192.168.5.153 | op=SEND_HEARTBEAT {datanodeUUID=162c807d-d7c6-42a8-ad53-3a3326afae0a, command=[]} | ret=SUCCESS |  
2019-09-10 12:51:57,421 | INFO  | SCMAudit | user=jenkins1000 | ip=192.168.5.153 | op=SEND_HEARTBEAT {datanodeUUID=01a6b04f-ad3e-4331-b74c-d33e97f682d8, command=[]} | ret=SUCCESS |  
2019-09-10 12:51:57,459 [Thread-4007] INFO  impl.FollowerState (FollowerState.java:run(106)) - 162c807d-d7c6-42a8-ad53-3a3326afae0a:group-185BDD9B016B changes to CANDIDATE, lastRpcTime:5029, electionTimeout:5029ms
2019-09-10 12:51:57,459 [Thread-4007] INFO  impl.RoleInfo (RoleInfo.java:shutdownFollowerState(121)) - 162c807d-d7c6-42a8-ad53-3a3326afae0a: shutdown FollowerState
2019-09-10 12:51:57,460 [Thread-4007] INFO  impl.RaftServerImpl (RaftServerImpl.java:setRole(171)) - 162c807d-d7c6-42a8-ad53-3a3326afae0a:group-185BDD9B016B changes role from FOLLOWER to CANDIDATE at term 0 for changeToCandidate
2019-09-10 12:51:57,460 [Thread-4007] INFO  impl.RoleInfo (RoleInfo.java:updateAndGet(143)) - 162c807d-d7c6-42a8-ad53-3a3326afae0a: start LeaderElection
2019-09-10 12:51:57,492 [162c807d-d7c6-42a8-ad53-3a3326afae0a:group-185BDD9B016B:LeaderElection80] INFO  impl.LeaderElection (LeaderElection.java:askForVotes(181)) - 162c807d-d7c6-42a8-ad53-3a3326afae0a:group-185BDD9B016B:LeaderElection80: begin an election at term 1 for -1: [162c807d-d7c6-42a8-ad53-3a3326afae0a:192.168.5.153:40128], old=null
2019-09-10 12:51:57,492 [162c807d-d7c6-42a8-ad53-3a3326afae0a:group-185BDD9B016B:LeaderElection80] INFO  impl.RoleInfo (RoleInfo.java:shutdownLeaderElection(134)) - 162c807d-d7c6-42a8-ad53-3a3326afae0a: shutdown LeaderElection
2019-09-10 12:51:57,492 [162c807d-d7c6-42a8-ad53-3a3326afae0a:group-185BDD9B016B:LeaderElection80] INFO  impl.RaftServerImpl (RaftServerImpl.java:setRole(171)) - 162c807d-d7c6-42a8-ad53-3a3326afae0a:group-185BDD9B016B changes role from CANDIDATE to LEADER at term 1 for changeToLeader
2019-09-10 12:51:57,492 [162c807d-d7c6-42a8-ad53-3a3326afae0a:group-185BDD9B016B:LeaderElection80] INFO  impl.RaftServerImpl (ServerState.java:setLeader(263)) - 162c807d-d7c6-42a8-ad53-3a3326afae0a:group-185BDD9B016B change Leader from null to 162c807d-d7c6-42a8-ad53-3a3326afae0a at term 1 for becomeLeader, leader elected after 5067ms
2019-09-10 12:51:57,492 [162c807d-d7c6-42a8-ad53-3a3326afae0a:group-185BDD9B016B:LeaderElection80] INFO  server.RaftServerConfigKeys (ConfUtils.java:logGet(43)) - raft.server.staging.catchup.gap = 1000 (default)
2019-09-10 12:51:57,492 [162c807d-d7c6-42a8-ad53-3a3326afae0a:group-185BDD9B016B:LeaderElection80] INFO  server.RaftServerConfigKeys (ConfUtils.java:logGet(43)) - raft.server.rpc.sleep.time = 25ms (default)
2019-09-10 12:51:57,492 [162c807d-d7c6-42a8-ad53-3a3326afae0a:group-185BDD9B016B:LeaderElection80] INFO  server.RaftServerConfigKeys (ConfUtils.java:logGet(43)) - raft.server.write.element-limit = 4096 (default)
2019-09-10 12:51:57,492 [162c807d-d7c6-42a8-ad53-3a3326afae0a:group-185BDD9B016B:LeaderElection80] INFO  server.RaftServerConfigKeys (ConfUtils.java:logGet(43)) - raft.server.watch.timeout = 10s (default)
2019-09-10 12:51:57,493 [162c807d-d7c6-42a8-ad53-3a3326afae0a:group-185BDD9B016B:LeaderElection80] INFO  server.RaftServerConfigKeys (ConfUtils.java:logGet(43)) - raft.server.watch.timeout.denomination = 1s (default)
2019-09-10 12:51:57,493 [162c807d-d7c6-42a8-ad53-3a3326afae0a:group-185BDD9B016B:LeaderElection80] INFO  server.RaftServerConfigKeys (ConfUtils.java:logGet(43)) - raft.server.watch.element-limit = 65536 (default)
2019-09-10 12:51:57,493 [162c807d-d7c6-42a8-ad53-3a3326afae0a:group-185BDD9B016B:LeaderElection80] INFO  impl.RoleInfo (RoleInfo.java:updateAndGet(143)) - 162c807d-d7c6-42a8-ad53-3a3326afae0a: start LeaderState
2019-09-10 12:51:57,493 [162c807d-d7c6-42a8-ad53-3a3326afae0a:group-185BDD9B016B:LeaderElection80] INFO  segmented.SegmentedRaftLogWorker (SegmentedRaftLogWorker.java:startLogSegment(380)) - 162c807d-d7c6-42a8-ad53-3a3326afae0a-SegmentedRaftLogWorker:Storage Directory /workdir/hadoop-ozone/integration-test/target/test-dir/MiniOzoneClusterImpl-621806fa-6f52-406a-98d3-49fc87e46c7c/datanode-0/data/ratis/9fc5b1ee-cb6e-4584-bde9-185bdd9b016b: Starting segment from index:0
2019-09-10 12:51:57,493 [162c807d-d7c6-42a8-ad53-3a3326afae0a:group-185BDD9B016B:LeaderElection80] INFO  impl.RaftServerImpl (ServerState.java:setRaftConf(361)) - 162c807d-d7c6-42a8-ad53-3a3326afae0a:group-185BDD9B016B set configuration 0: [162c807d-d7c6-42a8-ad53-3a3326afae0a:192.168.5.153:40128], old=null at 0
2019-09-10 12:51:57,540 | INFO  | SCMAudit | user=jenkins1000 | ip=192.168.5.153 | op=SEND_HEARTBEAT {datanodeUUID=10cf323f-ae84-4971-a7e0-d66e9b6ea9ea, command=[]} | ret=SUCCESS |  
2019-09-10 12:51:57,555 [162c807d-d7c6-42a8-ad53-3a3326afae0a-SegmentedRaftLogWorker:Storage Directory /workdir/hadoop-ozone/integration-test/target/test-dir/MiniOzoneClusterImpl-621806fa-6f52-406a-98d3-49fc87e46c7c/datanode-0/data/ratis/9fc5b1ee-cb6e-4584-bde9-185bdd9b016b] INFO  segmented.SegmentedRaftLogWorker (SegmentedRaftLogWorker.java:execute(569)) - 162c807d-d7c6-42a8-ad53-3a3326afae0a-SegmentedRaftLogWorker:Storage Directory /workdir/hadoop-ozone/integration-test/target/test-dir/MiniOzoneClusterImpl-621806fa-6f52-406a-98d3-49fc87e46c7c/datanode-0/data/ratis/9fc5b1ee-cb6e-4584-bde9-185bdd9b016b: created new log segment /workdir/hadoop-ozone/integration-test/target/test-dir/MiniOzoneClusterImpl-621806fa-6f52-406a-98d3-49fc87e46c7c/datanode-0/data/ratis/9fc5b1ee-cb6e-4584-bde9-185bdd9b016b/current/log_inprogress_0
2019-09-10 12:51:57,615 | INFO  | SCMAudit | user=jenkins1000 | ip=192.168.5.153 | op=SEND_HEARTBEAT {datanodeUUID=5da78483-2d4d-4152-a822-f0527bb3627d, command=[]} | ret=SUCCESS |  
2019-09-10 12:51:57,750 | INFO  | SCMAudit | user=jenkins1000 | ip=192.168.5.153 | op=SEND_HEARTBEAT {datanodeUUID=e116f4bc-cd87-4ac6-9da1-80e39cc5f9e9, command=[]} | ret=SUCCESS |  
2019-09-10 12:51:57,788 [Thread-4010] INFO  impl.FollowerState (FollowerState.java:run(106)) - 10cf323f-ae84-4971-a7e0-d66e9b6ea9ea:group-CC7B103A6CFF changes to CANDIDATE, lastRpcTime:5181, electionTimeout:5181ms
2019-09-10 12:51:57,788 [Thread-4010] INFO  impl.RoleInfo (RoleInfo.java:shutdownFollowerState(121)) - 10cf323f-ae84-4971-a7e0-d66e9b6ea9ea: shutdown FollowerState
2019-09-10 12:51:57,788 [Thread-4010] INFO  impl.RaftServerImpl (RaftServerImpl.java:setRole(171)) - 10cf323f-ae84-4971-a7e0-d66e9b6ea9ea:group-CC7B103A6CFF changes role from FOLLOWER to CANDIDATE at term 0 for changeToCandidate
2019-09-10 12:51:57,788 [Thread-4010] INFO  impl.RoleInfo (RoleInfo.java:updateAndGet(143)) - 10cf323f-ae84-4971-a7e0-d66e9b6ea9ea: start LeaderElection
2019-09-10 12:51:57,797 | INFO  | SCMAudit | user=jenkins1000 | ip=192.168.5.153 | op=SEND_HEARTBEAT {datanodeUUID=7c19fb12-96c9-4405-b962-861cc67d2712, command=[]} | ret=SUCCESS |  
2019-09-10 12:51:57,814 [10cf323f-ae84-4971-a7e0-d66e9b6ea9ea:group-CC7B103A6CFF:LeaderElection81] INFO  impl.LeaderElection (LeaderElection.java:askForVotes(181)) - 10cf323f-ae84-4971-a7e0-d66e9b6ea9ea:group-CC7B103A6CFF:LeaderElection81: begin an election at term 1 for -1: [10cf323f-ae84-4971-a7e0-d66e9b6ea9ea:192.168.5.153:36306], old=null
2019-09-10 12:51:57,814 [10cf323f-ae84-4971-a7e0-d66e9b6ea9ea:group-CC7B103A6CFF:LeaderElection81] INFO  impl.RoleInfo (RoleInfo.java:shutdownLeaderElection(134)) - 10cf323f-ae84-4971-a7e0-d66e9b6ea9ea: shutdown LeaderElection
2019-09-10 12:51:57,814 [10cf323f-ae84-4971-a7e0-d66e9b6ea9ea:group-CC7B103A6CFF:LeaderElection81] INFO  impl.RaftServerImpl (RaftServerImpl.java:setRole(171)) - 10cf323f-ae84-4971-a7e0-d66e9b6ea9ea:group-CC7B103A6CFF changes role from CANDIDATE to LEADER at term 1 for changeToLeader
2019-09-10 12:51:57,814 [10cf323f-ae84-4971-a7e0-d66e9b6ea9ea:group-CC7B103A6CFF:LeaderElection81] INFO  impl.RaftServerImpl (ServerState.java:setLeader(263)) - 10cf323f-ae84-4971-a7e0-d66e9b6ea9ea:group-CC7B103A6CFF change Leader from null to 10cf323f-ae84-4971-a7e0-d66e9b6ea9ea at term 1 for becomeLeader, leader elected after 5212ms
2019-09-10 12:51:57,814 [10cf323f-ae84-4971-a7e0-d66e9b6ea9ea:group-CC7B103A6CFF:LeaderElection81] INFO  server.RaftServerConfigKeys (ConfUtils.java:logGet(43)) - raft.server.staging.catchup.gap = 1000 (default)
2019-09-10 12:51:57,815 [10cf323f-ae84-4971-a7e0-d66e9b6ea9ea:group-CC7B103A6CFF:LeaderElection81] INFO  server.RaftServerConfigKeys (ConfUtils.java:logGet(43)) - raft.server.rpc.sleep.time = 25ms (default)
2019-09-10 12:51:57,815 [10cf323f-ae84-4971-a7e0-d66e9b6ea9ea:group-CC7B103A6CFF:LeaderElection81] INFO  server.RaftServerConfigKeys (ConfUtils.java:logGet(43)) - raft.server.write.element-limit = 4096 (default)
2019-09-10 12:51:57,815 [10cf323f-ae84-4971-a7e0-d66e9b6ea9ea:group-CC7B103A6CFF:LeaderElection81] INFO  server.RaftServerConfigKeys (ConfUtils.java:logGet(43)) - raft.server.watch.timeout = 10s (default)
2019-09-10 12:51:57,815 [10cf323f-ae84-4971-a7e0-d66e9b6ea9ea:group-CC7B103A6CFF:LeaderElection81] INFO  server.RaftServerConfigKeys (ConfUtils.java:logGet(43)) - raft.server.watch.timeout.denomination = 1s (default)
2019-09-10 12:51:57,815 [10cf323f-ae84-4971-a7e0-d66e9b6ea9ea:group-CC7B103A6CFF:LeaderElection81] INFO  server.RaftServerConfigKeys (ConfUtils.java:logGet(43)) - raft.server.watch.element-limit = 65536 (default)
2019-09-10 12:51:57,815 [10cf323f-ae84-4971-a7e0-d66e9b6ea9ea:group-CC7B103A6CFF:LeaderElection81] INFO  impl.RoleInfo (RoleInfo.java:updateAndGet(143)) - 10cf323f-ae84-4971-a7e0-d66e9b6ea9ea: start LeaderState
2019-09-10 12:51:57,816 [10cf323f-ae84-4971-a7e0-d66e9b6ea9ea:group-CC7B103A6CFF:LeaderElection81] INFO  segmented.SegmentedRaftLogWorker (SegmentedRaftLogWorker.java:startLogSegment(380)) - 10cf323f-ae84-4971-a7e0-d66e9b6ea9ea-SegmentedRaftLogWorker:Storage Directory /workdir/hadoop-ozone/integration-test/target/test-dir/MiniOzoneClusterImpl-621806fa-6f52-406a-98d3-49fc87e46c7c/datanode-1/data/ratis/fadbac3e-5520-43b0-9916-cc7b103a6cff: Starting segment from index:0
2019-09-10 12:51:57,816 [10cf323f-ae84-4971-a7e0-d66e9b6ea9ea:group-CC7B103A6CFF:LeaderElection81] INFO  impl.RaftServerImpl (ServerState.java:setRaftConf(361)) - 10cf323f-ae84-4971-a7e0-d66e9b6ea9ea:group-CC7B103A6CFF set configuration 0: [10cf323f-ae84-4971-a7e0-d66e9b6ea9ea:192.168.5.153:36306], old=null at 0
2019-09-10 12:51:57,872 [10cf323f-ae84-4971-a7e0-d66e9b6ea9ea-SegmentedRaftLogWorker:Storage Directory /workdir/hadoop-ozone/integration-test/target/test-dir/MiniOzoneClusterImpl-621806fa-6f52-406a-98d3-49fc87e46c7c/datanode-1/data/ratis/fadbac3e-5520-43b0-9916-cc7b103a6cff] INFO  segmented.SegmentedRaftLogWorker (SegmentedRaftLogWorker.java:execute(569)) - 10cf323f-ae84-4971-a7e0-d66e9b6ea9ea-SegmentedRaftLogWorker:Storage Directory /workdir/hadoop-ozone/integration-test/target/test-dir/MiniOzoneClusterImpl-621806fa-6f52-406a-98d3-49fc87e46c7c/datanode-1/data/ratis/fadbac3e-5520-43b0-9916-cc7b103a6cff: created new log segment /workdir/hadoop-ozone/integration-test/target/test-dir/MiniOzoneClusterImpl-621806fa-6f52-406a-98d3-49fc87e46c7c/datanode-1/data/ratis/fadbac3e-5520-43b0-9916-cc7b103a6cff/current/log_inprogress_0
2019-09-10 12:51:57,904 [grpc-default-executor-9] INFO  client.GrpcClientProtocolClient (GrpcClientProtocolClient.java:onNext(255)) - client-9A6D123C8655->e116f4bc-cd87-4ac6-9da1-80e39cc5f9e9: receive RaftClientReply:client-9A6D123C8655->e116f4bc-cd87-4ac6-9da1-80e39cc5f9e9@group-DD9FE6C50665, cid=215, FAILED org.apache.ratis.protocol.NotLeaderException: Server e116f4bc-cd87-4ac6-9da1-80e39cc5f9e9 is not the leader (null). Request must be sent to leader., logIndex=0, commits[e116f4bc-cd87-4ac6-9da1-80e39cc5f9e9:c-1]
2019-09-10 12:51:57,919 [Thread-4013] INFO  impl.FollowerState (FollowerState.java:run(106)) - e116f4bc-cd87-4ac6-9da1-80e39cc5f9e9:group-3BC6EF3B54DE changes to CANDIDATE, lastRpcTime:5095, electionTimeout:5095ms
2019-09-10 12:51:57,920 [Thread-4013] INFO  impl.RoleInfo (RoleInfo.java:shutdownFollowerState(121)) - e116f4bc-cd87-4ac6-9da1-80e39cc5f9e9: shutdown FollowerState
2019-09-10 12:51:57,920 [Thread-4013] INFO  impl.RaftServerImpl (RaftServerImpl.java:setRole(171)) - e116f4bc-cd87-4ac6-9da1-80e39cc5f9e9:group-3BC6EF3B54DE changes role from FOLLOWER to CANDIDATE at term 0 for changeToCandidate
2019-09-10 12:51:57,920 [Thread-4013] INFO  impl.RoleInfo (RoleInfo.java:updateAndGet(143)) - e116f4bc-cd87-4ac6-9da1-80e39cc5f9e9: start LeaderElection
2019-09-10 12:51:57,927 [Thread-4019] INFO  impl.FollowerState (FollowerState.java:run(106)) - 162c807d-d7c6-42a8-ad53-3a3326afae0a:group-DD9FE6C50665 changes to CANDIDATE, lastRpcTime:5013, electionTimeout:5011ms
2019-09-10 12:51:57,927 [Thread-4019] INFO  impl.RoleInfo (RoleInfo.java:shutdownFollowerState(121)) - 162c807d-d7c6-42a8-ad53-3a3326afae0a: shutdown FollowerState
2019-09-10 12:51:57,927 [Thread-4019] INFO  impl.RaftServerImpl (RaftServerImpl.java:setRole(171)) - 162c807d-d7c6-42a8-ad53-3a3326afae0a:group-DD9FE6C50665 changes role from FOLLOWER to CANDIDATE at term 0 for changeToCandidate
2019-09-10 12:51:57,927 [Thread-4019] INFO  impl.RoleInfo (RoleInfo.java:updateAndGet(143)) - 162c807d-d7c6-42a8-ad53-3a3326afae0a: start LeaderElection
2019-09-10 12:51:57,931 [Thread-4021] INFO  impl.FollowerState (FollowerState.java:run(106)) - 10cf323f-ae84-4971-a7e0-d66e9b6ea9ea:group-DD9FE6C50665 changes to CANDIDATE, lastRpcTime:5017, electionTimeout:5017ms
2019-09-10 12:51:57,932 [Thread-4021] INFO  impl.RoleInfo (RoleInfo.java:shutdownFollowerState(121)) - 10cf323f-ae84-4971-a7e0-d66e9b6ea9ea: shutdown FollowerState
2019-09-10 12:51:57,932 [Thread-4021] INFO  impl.RaftServerImpl (RaftServerImpl.java:setRole(171)) - 10cf323f-ae84-4971-a7e0-d66e9b6ea9ea:group-DD9FE6C50665 changes role from FOLLOWER to CANDIDATE at term 0 for changeToCandidate
2019-09-10 12:51:57,932 [Thread-4021] INFO  impl.RoleInfo (RoleInfo.java:updateAndGet(143)) - 10cf323f-ae84-4971-a7e0-d66e9b6ea9ea: start LeaderElection
2019-09-10 12:51:57,953 [162c807d-d7c6-42a8-ad53-3a3326afae0a:group-DD9FE6C50665:LeaderElection83] INFO  impl.LeaderElection (LeaderElection.java:askForVotes(181)) - 162c807d-d7c6-42a8-ad53-3a3326afae0a:group-DD9FE6C50665:LeaderElection83: begin an election at term 1 for -1: [162c807d-d7c6-42a8-ad53-3a3326afae0a:192.168.5.153:40128, e116f4bc-cd87-4ac6-9da1-80e39cc5f9e9:192.168.5.153:44973, 10cf323f-ae84-4971-a7e0-d66e9b6ea9ea:192.168.5.153:36306], old=null
2019-09-10 12:51:57,953 [10cf323f-ae84-4971-a7e0-d66e9b6ea9ea:group-DD9FE6C50665:LeaderElection84] INFO  impl.LeaderElection (LeaderElection.java:askForVotes(181)) - 10cf323f-ae84-4971-a7e0-d66e9b6ea9ea:group-DD9FE6C50665:LeaderElection84: begin an election at term 1 for -1: [162c807d-d7c6-42a8-ad53-3a3326afae0a:192.168.5.153:40128, e116f4bc-cd87-4ac6-9da1-80e39cc5f9e9:192.168.5.153:44973, 10cf323f-ae84-4971-a7e0-d66e9b6ea9ea:192.168.5.153:36306], old=null
2019-09-10 12:51:57,953 [e116f4bc-cd87-4ac6-9da1-80e39cc5f9e9:group-3BC6EF3B54DE:LeaderElection82] INFO  impl.LeaderElection (LeaderElection.java:askForVotes(181)) - e116f4bc-cd87-4ac6-9da1-80e39cc5f9e9:group-3BC6EF3B54DE:LeaderElection82: begin an election at term 1 for -1: [e116f4bc-cd87-4ac6-9da1-80e39cc5f9e9:192.168.5.153:44973], old=null
2019-09-10 12:51:57,954 [e116f4bc-cd87-4ac6-9da1-80e39cc5f9e9:group-3BC6EF3B54DE:LeaderElection82] INFO  impl.RoleInfo (RoleInfo.java:shutdownLeaderElection(134)) - e116f4bc-cd87-4ac6-9da1-80e39cc5f9e9: shutdown LeaderElection
2019-09-10 12:51:57,954 [e116f4bc-cd87-4ac6-9da1-80e39cc5f9e9:group-3BC6EF3B54DE:LeaderElection82] INFO  impl.RaftServerImpl (RaftServerImpl.java:setRole(171)) - e116f4bc-cd87-4ac6-9da1-80e39cc5f9e9:group-3BC6EF3B54DE changes role from CANDIDATE to LEADER at term 1 for changeToLeader
2019-09-10 12:51:57,954 [e116f4bc-cd87-4ac6-9da1-80e39cc5f9e9:group-3BC6EF3B54DE:LeaderElection82] INFO  impl.RaftServerImpl (ServerState.java:setLeader(263)) - e116f4bc-cd87-4ac6-9da1-80e39cc5f9e9:group-3BC6EF3B54DE change Leader from null to e116f4bc-cd87-4ac6-9da1-80e39cc5f9e9 at term 1 for becomeLeader, leader elected after 5134ms
2019-09-10 12:51:57,954 [e116f4bc-cd87-4ac6-9da1-80e39cc5f9e9:group-3BC6EF3B54DE:LeaderElection82] INFO  server.RaftServerConfigKeys (ConfUtils.java:logGet(43)) - raft.server.staging.catchup.gap = 1000 (default)
2019-09-10 12:51:57,954 [e116f4bc-cd87-4ac6-9da1-80e39cc5f9e9:group-3BC6EF3B54DE:LeaderElection82] INFO  server.RaftServerConfigKeys (ConfUtils.java:logGet(43)) - raft.server.rpc.sleep.time = 25ms (default)
2019-09-10 12:51:57,955 [e116f4bc-cd87-4ac6-9da1-80e39cc5f9e9:group-3BC6EF3B54DE:LeaderElection82] INFO  server.RaftServerConfigKeys (ConfUtils.java:logGet(43)) - raft.server.write.element-limit = 4096 (default)
2019-09-10 12:51:57,955 [e116f4bc-cd87-4ac6-9da1-80e39cc5f9e9:group-3BC6EF3B54DE:LeaderElection82] INFO  server.RaftServerConfigKeys (ConfUtils.java:logGet(43)) - raft.server.watch.timeout = 10s (default)
2019-09-10 12:51:57,955 [e116f4bc-cd87-4ac6-9da1-80e39cc5f9e9:group-3BC6EF3B54DE:LeaderElection82] INFO  server.RaftServerConfigKeys (ConfUtils.java:logGet(43)) - raft.server.watch.timeout.denomination = 1s (default)
2019-09-10 12:51:57,955 [e116f4bc-cd87-4ac6-9da1-80e39cc5f9e9:group-3BC6EF3B54DE:LeaderElection82] INFO  server.RaftServerConfigKeys (ConfUtils.java:logGet(43)) - raft.server.watch.element-limit = 65536 (default)
2019-09-10 12:51:57,955 [e116f4bc-cd87-4ac6-9da1-80e39cc5f9e9:group-3BC6EF3B54DE:LeaderElection82] INFO  impl.RoleInfo (RoleInfo.java:updateAndGet(143)) - e116f4bc-cd87-4ac6-9da1-80e39cc5f9e9: start LeaderState
2019-09-10 12:51:57,955 [e116f4bc-cd87-4ac6-9da1-80e39cc5f9e9:group-3BC6EF3B54DE:LeaderElection82] INFO  segmented.SegmentedRaftLogWorker (SegmentedRaftLogWorker.java:startLogSegment(380)) - e116f4bc-cd87-4ac6-9da1-80e39cc5f9e9-SegmentedRaftLogWorker:Storage Directory /workdir/hadoop-ozone/integration-test/target/test-dir/MiniOzoneClusterImpl-621806fa-6f52-406a-98d3-49fc87e46c7c/datanode-2/data/ratis/253c158a-f2a1-4791-863a-3bc6ef3b54de: Starting segment from index:0
2019-09-10 12:51:57,956 [e116f4bc-cd87-4ac6-9da1-80e39cc5f9e9:group-3BC6EF3B54DE:LeaderElection82] INFO  impl.RaftServerImpl (ServerState.java:setRaftConf(361)) - e116f4bc-cd87-4ac6-9da1-80e39cc5f9e9:group-3BC6EF3B54DE set configuration 0: [e116f4bc-cd87-4ac6-9da1-80e39cc5f9e9:192.168.5.153:44973], old=null at 0
2019-09-10 12:51:57,958 [grpc-default-executor-9] INFO  impl.RaftServerImpl (RaftServerImpl.java:setRole(171)) - e116f4bc-cd87-4ac6-9da1-80e39cc5f9e9:group-DD9FE6C50665 changes role from FOLLOWER to FOLLOWER at term 1 for recognizeCandidate:10cf323f-ae84-4971-a7e0-d66e9b6ea9ea
2019-09-10 12:51:57,990 [grpc-default-executor-9] INFO  impl.RoleInfo (RoleInfo.java:shutdownFollowerState(121)) - e116f4bc-cd87-4ac6-9da1-80e39cc5f9e9: shutdown FollowerState
2019-09-10 12:51:57,990 [grpc-default-executor-9] INFO  impl.RoleInfo (RoleInfo.java:updateAndGet(143)) - e116f4bc-cd87-4ac6-9da1-80e39cc5f9e9: start FollowerState
2019-09-10 12:51:58,007 [e116f4bc-cd87-4ac6-9da1-80e39cc5f9e9-SegmentedRaftLogWorker:Storage Directory /workdir/hadoop-ozone/integration-test/target/test-dir/MiniOzoneClusterImpl-621806fa-6f52-406a-98d3-49fc87e46c7c/datanode-2/data/ratis/253c158a-f2a1-4791-863a-3bc6ef3b54de] INFO  segmented.SegmentedRaftLogWorker (SegmentedRaftLogWorker.java:execute(569)) - e116f4bc-cd87-4ac6-9da1-80e39cc5f9e9-SegmentedRaftLogWorker:Storage Directory /workdir/hadoop-ozone/integration-test/target/test-dir/MiniOzoneClusterImpl-621806fa-6f52-406a-98d3-49fc87e46c7c/datanode-2/data/ratis/253c158a-f2a1-4791-863a-3bc6ef3b54de: created new log segment /workdir/hadoop-ozone/integration-test/target/test-dir/MiniOzoneClusterImpl-621806fa-6f52-406a-98d3-49fc87e46c7c/datanode-2/data/ratis/253c158a-f2a1-4791-863a-3bc6ef3b54de/current/log_inprogress_0
2019-09-10 12:51:58,011 [10cf323f-ae84-4971-a7e0-d66e9b6ea9ea:group-DD9FE6C50665:LeaderElection84] INFO  impl.LeaderElection (LeaderElection.java:logAndReturn(56)) - 10cf323f-ae84-4971-a7e0-d66e9b6ea9ea:group-DD9FE6C50665:LeaderElection84: Election PASSED; received 2 response(s) [10cf323f-ae84-4971-a7e0-d66e9b6ea9ea<-162c807d-d7c6-42a8-ad53-3a3326afae0a#0:FAIL-t1, 10cf323f-ae84-4971-a7e0-d66e9b6ea9ea<-e116f4bc-cd87-4ac6-9da1-80e39cc5f9e9#0:OK-t1] and 0 exception(s); 10cf323f-ae84-4971-a7e0-d66e9b6ea9ea:t1, leader=null, voted=10cf323f-ae84-4971-a7e0-d66e9b6ea9ea, raftlog=10cf323f-ae84-4971-a7e0-d66e9b6ea9ea-SegmentedRaftLog:OPENED:c-1,f-1,i0, conf=-1: [162c807d-d7c6-42a8-ad53-3a3326afae0a:192.168.5.153:40128, e116f4bc-cd87-4ac6-9da1-80e39cc5f9e9:192.168.5.153:44973, 10cf323f-ae84-4971-a7e0-d66e9b6ea9ea:192.168.5.153:36306], old=null
2019-09-10 12:51:58,011 [162c807d-d7c6-42a8-ad53-3a3326afae0a:group-DD9FE6C50665:LeaderElection83] INFO  impl.LeaderElection (LeaderElection.java:logAndReturn(56)) - 162c807d-d7c6-42a8-ad53-3a3326afae0a:group-DD9FE6C50665:LeaderElection83: Election REJECTED; received 2 response(s) [162c807d-d7c6-42a8-ad53-3a3326afae0a<-e116f4bc-cd87-4ac6-9da1-80e39cc5f9e9#0:FAIL-t1, 162c807d-d7c6-42a8-ad53-3a3326afae0a<-10cf323f-ae84-4971-a7e0-d66e9b6ea9ea#0:FAIL-t1] and 0 exception(s); 162c807d-d7c6-42a8-ad53-3a3326afae0a:t1, leader=null, voted=162c807d-d7c6-42a8-ad53-3a3326afae0a, raftlog=162c807d-d7c6-42a8-ad53-3a3326afae0a-SegmentedRaftLog:OPENED:c-1,f-1,i0, conf=-1: [162c807d-d7c6-42a8-ad53-3a3326afae0a:192.168.5.153:40128, e116f4bc-cd87-4ac6-9da1-80e39cc5f9e9:192.168.5.153:44973, 10cf323f-ae84-4971-a7e0-d66e9b6ea9ea:192.168.5.153:36306], old=null
2019-09-10 12:51:58,011 [10cf323f-ae84-4971-a7e0-d66e9b6ea9ea:group-DD9FE6C50665:LeaderElection84] INFO  impl.RoleInfo (RoleInfo.java:shutdownLeaderElection(134)) - 10cf323f-ae84-4971-a7e0-d66e9b6ea9ea: shutdown LeaderElection
2019-09-10 12:51:58,011 [162c807d-d7c6-42a8-ad53-3a3326afae0a:group-DD9FE6C50665:LeaderElection83] INFO  impl.RaftServerImpl (RaftServerImpl.java:setRole(171)) - 162c807d-d7c6-42a8-ad53-3a3326afae0a:group-DD9FE6C50665 changes role from CANDIDATE to FOLLOWER at term 1 for DISCOVERED_A_NEW_TERM
2019-09-10 12:51:58,012 [10cf323f-ae84-4971-a7e0-d66e9b6ea9ea:group-DD9FE6C50665:LeaderElection84] INFO  impl.RaftServerImpl (RaftServerImpl.java:setRole(171)) - 10cf323f-ae84-4971-a7e0-d66e9b6ea9ea:group-DD9FE6C50665 changes role from CANDIDATE to LEADER at term 1 for changeToLeader
2019-09-10 12:51:58,012 [162c807d-d7c6-42a8-ad53-3a3326afae0a:group-DD9FE6C50665:LeaderElection83] INFO  impl.RoleInfo (RoleInfo.java:shutdownLeaderElection(134)) - 162c807d-d7c6-42a8-ad53-3a3326afae0a: shutdown LeaderElection
2019-09-10 12:51:58,012 [10cf323f-ae84-4971-a7e0-d66e9b6ea9ea:group-DD9FE6C50665:LeaderElection84] INFO  impl.RaftServerImpl (ServerState.java:setLeader(263)) - 10cf323f-ae84-4971-a7e0-d66e9b6ea9ea:group-DD9FE6C50665 change Leader from null to 10cf323f-ae84-4971-a7e0-d66e9b6ea9ea at term 1 for becomeLeader, leader elected after 5107ms
2019-09-10 12:51:58,012 [162c807d-d7c6-42a8-ad53-3a3326afae0a:group-DD9FE6C50665:LeaderElection83] INFO  impl.RoleInfo (RoleInfo.java:updateAndGet(143)) - 162c807d-d7c6-42a8-ad53-3a3326afae0a: start FollowerState
2019-09-10 12:51:58,012 [10cf323f-ae84-4971-a7e0-d66e9b6ea9ea:group-DD9FE6C50665:LeaderElection84] INFO  server.RaftServerConfigKeys (ConfUtils.java:logGet(43)) - raft.server.staging.catchup.gap = 1000 (default)
2019-09-10 12:51:58,012 [10cf323f-ae84-4971-a7e0-d66e9b6ea9ea:group-DD9FE6C50665:LeaderElection84] INFO  server.RaftServerConfigKeys (ConfUtils.java:logGet(43)) - raft.server.rpc.sleep.time = 25ms (default)
2019-09-10 12:51:58,013 [10cf323f-ae84-4971-a7e0-d66e9b6ea9ea:group-DD9FE6C50665:LeaderElection84] INFO  server.RaftServerConfigKeys (ConfUtils.java:logGet(43)) - raft.server.write.element-limit = 4096 (default)
2019-09-10 12:51:58,013 [10cf323f-ae84-4971-a7e0-d66e9b6ea9ea:group-DD9FE6C50665:LeaderElection84] INFO  server.RaftServerConfigKeys (ConfUtils.java:logGet(43)) - raft.server.watch.timeout = 10s (default)
2019-09-10 12:51:58,013 [10cf323f-ae84-4971-a7e0-d66e9b6ea9ea:group-DD9FE6C50665:LeaderElection84] INFO  server.RaftServerConfigKeys (ConfUtils.java:logGet(43)) - raft.server.watch.timeout.denomination = 1s (default)
2019-09-10 12:51:58,013 [10cf323f-ae84-4971-a7e0-d66e9b6ea9ea:group-DD9FE6C50665:LeaderElection84] INFO  server.RaftServerConfigKeys (ConfUtils.java:logGet(43)) - raft.server.watch.element-limit = 65536 (default)
2019-09-10 12:51:58,013 [10cf323f-ae84-4971-a7e0-d66e9b6ea9ea:group-DD9FE6C50665:LeaderElection84] INFO  server.RaftServerConfigKeys (ConfUtils.java:logGet(43)) - raft.server.log.appender.snapshot.chunk.size.max = 16MB (=16777216) (default)
2019-09-10 12:51:58,013 [10cf323f-ae84-4971-a7e0-d66e9b6ea9ea:group-DD9FE6C50665:LeaderElection84] INFO  server.RaftServerConfigKeys (ConfUtils.java:logGet(43)) - raft.server.log.appender.buffer.byte-limit = 33554432 (custom)
2019-09-10 12:51:58,014 [10cf323f-ae84-4971-a7e0-d66e9b6ea9ea:group-DD9FE6C50665:LeaderElection84] INFO  server.RaftServerConfigKeys (ConfUtils.java:logGet(43)) - raft.server.log.appender.buffer.element-limit = 1 (custom)
2019-09-10 12:51:58,014 [10cf323f-ae84-4971-a7e0-d66e9b6ea9ea:group-DD9FE6C50665:LeaderElection84] INFO  grpc.GrpcConfigKeys$Server (ConfUtils.java:logGet(43)) - raft.grpc.server.leader.outstanding.appends.max = 128 (default)
2019-09-10 12:51:58,014 [10cf323f-ae84-4971-a7e0-d66e9b6ea9ea:group-DD9FE6C50665:LeaderElection84] INFO  server.RaftServerConfigKeys (ConfUtils.java:logGet(43)) - raft.server.rpc.request.timeout = 3000ms (default)
2019-09-10 12:51:58,014 [10cf323f-ae84-4971-a7e0-d66e9b6ea9ea:group-DD9FE6C50665:LeaderElection84] INFO  server.RaftServerConfigKeys (ConfUtils.java:logGet(43)) - raft.server.log.appender.install.snapshot.enabled = false (custom)
2019-09-10 12:51:58,014 [10cf323f-ae84-4971-a7e0-d66e9b6ea9ea:group-DD9FE6C50665:LeaderElection84] INFO  server.RaftServerConfigKeys (ConfUtils.java:logGet(43)) - raft.server.log.appender.snapshot.chunk.size.max = 16MB (=16777216) (default)
2019-09-10 12:51:58,015 [10cf323f-ae84-4971-a7e0-d66e9b6ea9ea:group-DD9FE6C50665:LeaderElection84] INFO  server.RaftServerConfigKeys (ConfUtils.java:logGet(43)) - raft.server.log.appender.buffer.byte-limit = 33554432 (custom)
2019-09-10 12:51:58,015 [10cf323f-ae84-4971-a7e0-d66e9b6ea9ea:group-DD9FE6C50665:LeaderElection84] INFO  server.RaftServerConfigKeys (ConfUtils.java:logGet(43)) - raft.server.log.appender.buffer.element-limit = 1 (custom)
2019-09-10 12:51:58,015 [10cf323f-ae84-4971-a7e0-d66e9b6ea9ea:group-DD9FE6C50665:LeaderElection84] INFO  grpc.GrpcConfigKeys$Server (ConfUtils.java:logGet(43)) - raft.grpc.server.leader.outstanding.appends.max = 128 (default)
2019-09-10 12:51:58,015 [10cf323f-ae84-4971-a7e0-d66e9b6ea9ea:group-DD9FE6C50665:LeaderElection84] INFO  server.RaftServerConfigKeys (ConfUtils.java:logGet(43)) - raft.server.rpc.request.timeout = 3000ms (default)
2019-09-10 12:51:58,015 [10cf323f-ae84-4971-a7e0-d66e9b6ea9ea:group-DD9FE6C50665:LeaderElection84] INFO  server.RaftServerConfigKeys (ConfUtils.java:logGet(43)) - raft.server.log.appender.install.snapshot.enabled = false (custom)
2019-09-10 12:51:58,016 [10cf323f-ae84-4971-a7e0-d66e9b6ea9ea:group-DD9FE6C50665:LeaderElection84] INFO  impl.RoleInfo (RoleInfo.java:updateAndGet(143)) - 10cf323f-ae84-4971-a7e0-d66e9b6ea9ea: start LeaderState
2019-09-10 12:51:58,016 [10cf323f-ae84-4971-a7e0-d66e9b6ea9ea:group-DD9FE6C50665:LeaderElection84] INFO  segmented.SegmentedRaftLogWorker (SegmentedRaftLogWorker.java:startLogSegment(380)) - 10cf323f-ae84-4971-a7e0-d66e9b6ea9ea-SegmentedRaftLogWorker:Storage Directory /workdir/hadoop-ozone/integration-test/target/test-dir/MiniOzoneClusterImpl-621806fa-6f52-406a-98d3-49fc87e46c7c/datanode-1/data/ratis/18a93aa5-9211-4313-a260-dd9fe6c50665: Starting segment from index:0
2019-09-10 12:51:58,017 [10cf323f-ae84-4971-a7e0-d66e9b6ea9ea:group-DD9FE6C50665:LeaderElection84] INFO  impl.RaftServerImpl (ServerState.java:setRaftConf(361)) - 10cf323f-ae84-4971-a7e0-d66e9b6ea9ea:group-DD9FE6C50665 set configuration 0: [162c807d-d7c6-42a8-ad53-3a3326afae0a:192.168.5.153:40128, e116f4bc-cd87-4ac6-9da1-80e39cc5f9e9:192.168.5.153:44973, 10cf323f-ae84-4971-a7e0-d66e9b6ea9ea:192.168.5.153:36306], old=null at 0
2019-09-10 12:51:58,054 [grpc-default-executor-9] INFO  impl.RaftServerImpl (ServerState.java:setLeader(263)) - e116f4bc-cd87-4ac6-9da1-80e39cc5f9e9:group-DD9FE6C50665 change Leader from null to 10cf323f-ae84-4971-a7e0-d66e9b6ea9ea at term 1 for appendEntries, leader elected after 5147ms
2019-09-10 12:51:58,054 [grpc-default-executor-11] INFO  impl.RaftServerImpl (ServerState.java:setLeader(263)) - 162c807d-d7c6-42a8-ad53-3a3326afae0a:group-DD9FE6C50665 change Leader from null to 10cf323f-ae84-4971-a7e0-d66e9b6ea9ea at term 1 for appendEntries, leader elected after 5149ms
2019-09-10 12:51:58,056 [grpc-default-executor-11] INFO  impl.RaftServerImpl (ServerState.java:setRaftConf(361)) - e116f4bc-cd87-4ac6-9da1-80e39cc5f9e9:group-DD9FE6C50665 set configuration 0: [162c807d-d7c6-42a8-ad53-3a3326afae0a:192.168.5.153:40128, e116f4bc-cd87-4ac6-9da1-80e39cc5f9e9:192.168.5.153:44973, 10cf323f-ae84-4971-a7e0-d66e9b6ea9ea:192.168.5.153:36306], old=null at 0
2019-09-10 12:51:58,056 [grpc-default-executor-9] INFO  impl.RaftServerImpl (ServerState.java:setRaftConf(361)) - 162c807d-d7c6-42a8-ad53-3a3326afae0a:group-DD9FE6C50665 set configuration 0: [162c807d-d7c6-42a8-ad53-3a3326afae0a:192.168.5.153:40128, e116f4bc-cd87-4ac6-9da1-80e39cc5f9e9:192.168.5.153:44973, 10cf323f-ae84-4971-a7e0-d66e9b6ea9ea:192.168.5.153:36306], old=null at 0
2019-09-10 12:51:58,057 [grpc-default-executor-11] INFO  segmented.SegmentedRaftLogWorker (SegmentedRaftLogWorker.java:startLogSegment(380)) - e116f4bc-cd87-4ac6-9da1-80e39cc5f9e9-SegmentedRaftLogWorker:Storage Directory /workdir/hadoop-ozone/integration-test/target/test-dir/MiniOzoneClusterImpl-621806fa-6f52-406a-98d3-49fc87e46c7c/datanode-2/data/ratis/18a93aa5-9211-4313-a260-dd9fe6c50665: Starting segment from index:0
2019-09-10 12:51:58,057 [grpc-default-executor-9] INFO  segmented.SegmentedRaftLogWorker (SegmentedRaftLogWorker.java:startLogSegment(380)) - 162c807d-d7c6-42a8-ad53-3a3326afae0a-SegmentedRaftLogWorker:Storage Directory /workdir/hadoop-ozone/integration-test/target/test-dir/MiniOzoneClusterImpl-621806fa-6f52-406a-98d3-49fc87e46c7c/datanode-0/data/ratis/18a93aa5-9211-4313-a260-dd9fe6c50665: Starting segment from index:0
2019-09-10 12:51:58,069 [10cf323f-ae84-4971-a7e0-d66e9b6ea9ea-SegmentedRaftLogWorker:Storage Directory /workdir/hadoop-ozone/integration-test/target/test-dir/MiniOzoneClusterImpl-621806fa-6f52-406a-98d3-49fc87e46c7c/datanode-1/data/ratis/18a93aa5-9211-4313-a260-dd9fe6c50665] INFO  segmented.SegmentedRaftLogWorker (SegmentedRaftLogWorker.java:execute(569)) - 10cf323f-ae84-4971-a7e0-d66e9b6ea9ea-SegmentedRaftLogWorker:Storage Directory /workdir/hadoop-ozone/integration-test/target/test-dir/MiniOzoneClusterImpl-621806fa-6f52-406a-98d3-49fc87e46c7c/datanode-1/data/ratis/18a93aa5-9211-4313-a260-dd9fe6c50665: created new log segment /workdir/hadoop-ozone/integration-test/target/test-dir/MiniOzoneClusterImpl-621806fa-6f52-406a-98d3-49fc87e46c7c/datanode-1/data/ratis/18a93aa5-9211-4313-a260-dd9fe6c50665/current/log_inprogress_0
2019-09-10 12:51:58,113 [e116f4bc-cd87-4ac6-9da1-80e39cc5f9e9-SegmentedRaftLogWorker:Storage Directory /workdir/hadoop-ozone/integration-test/target/test-dir/MiniOzoneClusterImpl-621806fa-6f52-406a-98d3-49fc87e46c7c/datanode-2/data/ratis/18a93aa5-9211-4313-a260-dd9fe6c50665] INFO  segmented.SegmentedRaftLogWorker (SegmentedRaftLogWorker.java:execute(569)) - e116f4bc-cd87-4ac6-9da1-80e39cc5f9e9-SegmentedRaftLogWorker:Storage Directory /workdir/hadoop-ozone/integration-test/target/test-dir/MiniOzoneClusterImpl-621806fa-6f52-406a-98d3-49fc87e46c7c/datanode-2/data/ratis/18a93aa5-9211-4313-a260-dd9fe6c50665: created new log segment /workdir/hadoop-ozone/integration-test/target/test-dir/MiniOzoneClusterImpl-621806fa-6f52-406a-98d3-49fc87e46c7c/datanode-2/data/ratis/18a93aa5-9211-4313-a260-dd9fe6c50665/current/log_inprogress_0
2019-09-10 12:51:58,113 [162c807d-d7c6-42a8-ad53-3a3326afae0a-SegmentedRaftLogWorker:Storage Directory /workdir/hadoop-ozone/integration-test/target/test-dir/MiniOzoneClusterImpl-621806fa-6f52-406a-98d3-49fc87e46c7c/datanode-0/data/ratis/18a93aa5-9211-4313-a260-dd9fe6c50665] INFO  segmented.SegmentedRaftLogWorker (SegmentedRaftLogWorker.java:execute(569)) - 162c807d-d7c6-42a8-ad53-3a3326afae0a-SegmentedRaftLogWorker:Storage Directory /workdir/hadoop-ozone/integration-test/target/test-dir/MiniOzoneClusterImpl-621806fa-6f52-406a-98d3-49fc87e46c7c/datanode-0/data/ratis/18a93aa5-9211-4313-a260-dd9fe6c50665: created new log segment /workdir/hadoop-ozone/integration-test/target/test-dir/MiniOzoneClusterImpl-621806fa-6f52-406a-98d3-49fc87e46c7c/datanode-0/data/ratis/18a93aa5-9211-4313-a260-dd9fe6c50665/current/log_inprogress_0
2019-09-10 12:51:58,194 | INFO  | SCMAudit | user=jenkins1000 | ip=192.168.5.153 | op=SEND_HEARTBEAT {datanodeUUID=dca67000-a313-4773-81da-4c52f6fe39ce, command=[]} | ret=SUCCESS |  
2019-09-10 12:51:58,272 [Thread-4025] INFO  impl.FollowerState (FollowerState.java:run(106)) - dca67000-a313-4773-81da-4c52f6fe39ce:group-478B69959359 changes to CANDIDATE, lastRpcTime:5006, electionTimeout:5006ms
2019-09-10 12:51:58,272 [Thread-4025] INFO  impl.RoleInfo (RoleInfo.java:shutdownFollowerState(121)) - dca67000-a313-4773-81da-4c52f6fe39ce: shutdown FollowerState
2019-09-10 12:51:58,273 [Thread-4025] INFO  impl.RaftServerImpl (RaftServerImpl.java:setRole(171)) - dca67000-a313-4773-81da-4c52f6fe39ce:group-478B69959359 changes role from FOLLOWER to CANDIDATE at term 0 for changeToCandidate
2019-09-10 12:51:58,273 [Thread-4025] INFO  impl.RoleInfo (RoleInfo.java:updateAndGet(143)) - dca67000-a313-4773-81da-4c52f6fe39ce: start LeaderElection
2019-09-10 12:51:58,322 | INFO  | SCMAudit | user=jenkins1000 | ip=192.168.5.153 | op=SEND_HEARTBEAT {datanodeUUID=162c807d-d7c6-42a8-ad53-3a3326afae0a, command=[]} | ret=SUCCESS |  
2019-09-10 12:51:58,355 [dca67000-a313-4773-81da-4c52f6fe39ce:group-478B69959359:LeaderElection85] INFO  impl.LeaderElection (LeaderElection.java:askForVotes(181)) - dca67000-a313-4773-81da-4c52f6fe39ce:group-478B69959359:LeaderElection85: begin an election at term 1 for -1: [dca67000-a313-4773-81da-4c52f6fe39ce:192.168.5.153:45430], old=null
2019-09-10 12:51:58,355 [dca67000-a313-4773-81da-4c52f6fe39ce:group-478B69959359:LeaderElection85] INFO  impl.RoleInfo (RoleInfo.java:shutdownLeaderElection(134)) - dca67000-a313-4773-81da-4c52f6fe39ce: shutdown LeaderElection
2019-09-10 12:51:58,355 [dca67000-a313-4773-81da-4c52f6fe39ce:group-478B69959359:LeaderElection85] INFO  impl.RaftServerImpl (RaftServerImpl.java:setRole(171)) - dca67000-a313-4773-81da-4c52f6fe39ce:group-478B69959359 changes role from CANDIDATE to LEADER at term 1 for changeToLeader
2019-09-10 12:51:58,355 [dca67000-a313-4773-81da-4c52f6fe39ce:group-478B69959359:LeaderElection85] INFO  impl.RaftServerImpl (ServerState.java:setLeader(263)) - dca67000-a313-4773-81da-4c52f6fe39ce:group-478B69959359 change Leader from null to dca67000-a313-4773-81da-4c52f6fe39ce at term 1 for becomeLeader, leader elected after 5092ms
2019-09-10 12:51:58,355 [dca67000-a313-4773-81da-4c52f6fe39ce:group-478B69959359:LeaderElection85] INFO  server.RaftServerConfigKeys (ConfUtils.java:logGet(43)) - raft.server.staging.catchup.gap = 1000 (default)
2019-09-10 12:51:58,355 [dca67000-a313-4773-81da-4c52f6fe39ce:group-478B69959359:LeaderElection85] INFO  server.RaftServerConfigKeys (ConfUtils.java:logGet(43)) - raft.server.rpc.sleep.time = 25ms (default)
2019-09-10 12:51:58,356 [dca67000-a313-4773-81da-4c52f6fe39ce:group-478B69959359:LeaderElection85] INFO  server.RaftServerConfigKeys (ConfUtils.java:logGet(43)) - raft.server.write.element-limit = 4096 (default)
2019-09-10 12:51:58,356 [dca67000-a313-4773-81da-4c52f6fe39ce:group-478B69959359:LeaderElection85] INFO  server.RaftServerConfigKeys (ConfUtils.java:logGet(43)) - raft.server.watch.timeout = 10s (default)
2019-09-10 12:51:58,356 [dca67000-a313-4773-81da-4c52f6fe39ce:group-478B69959359:LeaderElection85] INFO  server.RaftServerConfigKeys (ConfUtils.java:logGet(43)) - raft.server.watch.timeout.denomination = 1s (default)
2019-09-10 12:51:58,356 [dca67000-a313-4773-81da-4c52f6fe39ce:group-478B69959359:LeaderElection85] INFO  server.RaftServerConfigKeys (ConfUtils.java:logGet(43)) - raft.server.watch.element-limit = 65536 (default)
2019-09-10 12:51:58,356 [dca67000-a313-4773-81da-4c52f6fe39ce:group-478B69959359:LeaderElection85] INFO  impl.RoleInfo (RoleInfo.java:updateAndGet(143)) - dca67000-a313-4773-81da-4c52f6fe39ce: start LeaderState
2019-09-10 12:51:58,356 [dca67000-a313-4773-81da-4c52f6fe39ce:group-478B69959359:LeaderElection85] INFO  segmented.SegmentedRaftLogWorker (SegmentedRaftLogWorker.java:startLogSegment(380)) - dca67000-a313-4773-81da-4c52f6fe39ce-SegmentedRaftLogWorker:Storage Directory /workdir/hadoop-ozone/integration-test/target/test-dir/MiniOzoneClusterImpl-621806fa-6f52-406a-98d3-49fc87e46c7c/datanode-3/data/ratis/cd07d27f-35ee-438e-845f-478b69959359: Starting segment from index:0
2019-09-10 12:51:58,357 [dca67000-a313-4773-81da-4c52f6fe39ce:group-478B69959359:LeaderElection85] INFO  impl.RaftServerImpl (ServerState.java:setRaftConf(361)) - dca67000-a313-4773-81da-4c52f6fe39ce:group-478B69959359 set configuration 0: [dca67000-a313-4773-81da-4c52f6fe39ce:192.168.5.153:45430], old=null at 0
2019-09-10 12:51:58,405 [dca67000-a313-4773-81da-4c52f6fe39ce-SegmentedRaftLogWorker:Storage Directory /workdir/hadoop-ozone/integration-test/target/test-dir/MiniOzoneClusterImpl-621806fa-6f52-406a-98d3-49fc87e46c7c/datanode-3/data/ratis/cd07d27f-35ee-438e-845f-478b69959359] INFO  segmented.SegmentedRaftLogWorker (SegmentedRaftLogWorker.java:execute(569)) - dca67000-a313-4773-81da-4c52f6fe39ce-SegmentedRaftLogWorker:Storage Directory /workdir/hadoop-ozone/integration-test/target/test-dir/MiniOzoneClusterImpl-621806fa-6f52-406a-98d3-49fc87e46c7c/datanode-3/data/ratis/cd07d27f-35ee-438e-845f-478b69959359: created new log segment /workdir/hadoop-ozone/integration-test/target/test-dir/MiniOzoneClusterImpl-621806fa-6f52-406a-98d3-49fc87e46c7c/datanode-3/data/ratis/cd07d27f-35ee-438e-845f-478b69959359/current/log_inprogress_0
2019-09-10 12:51:58,422 | INFO  | SCMAudit | user=jenkins1000 | ip=192.168.5.153 | op=SEND_HEARTBEAT {datanodeUUID=01a6b04f-ad3e-4331-b74c-d33e97f682d8, command=[]} | ret=SUCCESS |  
2019-09-10 12:51:58,540 | INFO  | SCMAudit | user=jenkins1000 | ip=192.168.5.153 | op=SEND_HEARTBEAT {datanodeUUID=10cf323f-ae84-4971-a7e0-d66e9b6ea9ea, command=[]} | ret=SUCCESS |  
2019-09-10 12:51:58,615 | INFO  | SCMAudit | user=jenkins1000 | ip=192.168.5.153 | op=SEND_HEARTBEAT {datanodeUUID=5da78483-2d4d-4152-a822-f0527bb3627d, command=[]} | ret=SUCCESS |  
2019-09-10 12:51:58,651 [Thread-4028] INFO  impl.FollowerState (FollowerState.java:run(106)) - 01a6b04f-ad3e-4331-b74c-d33e97f682d8:group-DE77A6E87EB2 changes to CANDIDATE, lastRpcTime:5184, electionTimeout:5184ms
2019-09-10 12:51:58,652 [Thread-4028] INFO  impl.RoleInfo (RoleInfo.java:shutdownFollowerState(121)) - 01a6b04f-ad3e-4331-b74c-d33e97f682d8: shutdown FollowerState
2019-09-10 12:51:58,652 [Thread-4028] INFO  impl.RaftServerImpl (RaftServerImpl.java:setRole(171)) - 01a6b04f-ad3e-4331-b74c-d33e97f682d8:group-DE77A6E87EB2 changes role from FOLLOWER to CANDIDATE at term 0 for changeToCandidate
2019-09-10 12:51:58,652 [Thread-4028] INFO  impl.RoleInfo (RoleInfo.java:updateAndGet(143)) - 01a6b04f-ad3e-4331-b74c-d33e97f682d8: start LeaderElection
2019-09-10 12:51:58,680 [01a6b04f-ad3e-4331-b74c-d33e97f682d8:group-DE77A6E87EB2:LeaderElection86] INFO  impl.LeaderElection (LeaderElection.java:askForVotes(181)) - 01a6b04f-ad3e-4331-b74c-d33e97f682d8:group-DE77A6E87EB2:LeaderElection86: begin an election at term 1 for -1: [01a6b04f-ad3e-4331-b74c-d33e97f682d8:192.168.5.153:35087], old=null
2019-09-10 12:51:58,680 [01a6b04f-ad3e-4331-b74c-d33e97f682d8:group-DE77A6E87EB2:LeaderElection86] INFO  impl.RoleInfo (RoleInfo.java:shutdownLeaderElection(134)) - 01a6b04f-ad3e-4331-b74c-d33e97f682d8: shutdown LeaderElection
2019-09-10 12:51:58,680 [01a6b04f-ad3e-4331-b74c-d33e97f682d8:group-DE77A6E87EB2:LeaderElection86] INFO  impl.RaftServerImpl (RaftServerImpl.java:setRole(171)) - 01a6b04f-ad3e-4331-b74c-d33e97f682d8:group-DE77A6E87EB2 changes role from CANDIDATE to LEADER at term 1 for changeToLeader
2019-09-10 12:51:58,681 [01a6b04f-ad3e-4331-b74c-d33e97f682d8:group-DE77A6E87EB2:LeaderElection86] INFO  impl.RaftServerImpl (ServerState.java:setLeader(263)) - 01a6b04f-ad3e-4331-b74c-d33e97f682d8:group-DE77A6E87EB2 change Leader from null to 01a6b04f-ad3e-4331-b74c-d33e97f682d8 at term 1 for becomeLeader, leader elected after 5217ms
2019-09-10 12:51:58,681 [01a6b04f-ad3e-4331-b74c-d33e97f682d8:group-DE77A6E87EB2:LeaderElection86] INFO  server.RaftServerConfigKeys (ConfUtils.java:logGet(43)) - raft.server.staging.catchup.gap = 1000 (default)
2019-09-10 12:51:58,681 [01a6b04f-ad3e-4331-b74c-d33e97f682d8:group-DE77A6E87EB2:LeaderElection86] INFO  server.RaftServerConfigKeys (ConfUtils.java:logGet(43)) - raft.server.rpc.sleep.time = 25ms (default)
2019-09-10 12:51:58,681 [01a6b04f-ad3e-4331-b74c-d33e97f682d8:group-DE77A6E87EB2:LeaderElection86] INFO  server.RaftServerConfigKeys (ConfUtils.java:logGet(43)) - raft.server.write.element-limit = 4096 (default)
2019-09-10 12:51:58,681 [01a6b04f-ad3e-4331-b74c-d33e97f682d8:group-DE77A6E87EB2:LeaderElection86] INFO  server.RaftServerConfigKeys (ConfUtils.java:logGet(43)) - raft.server.watch.timeout = 10s (default)
2019-09-10 12:51:58,681 [01a6b04f-ad3e-4331-b74c-d33e97f682d8:group-DE77A6E87EB2:LeaderElection86] INFO  server.RaftServerConfigKeys (ConfUtils.java:logGet(43)) - raft.server.watch.timeout.denomination = 1s (default)
2019-09-10 12:51:58,681 [01a6b04f-ad3e-4331-b74c-d33e97f682d8:group-DE77A6E87EB2:LeaderElection86] INFO  server.RaftServerConfigKeys (ConfUtils.java:logGet(43)) - raft.server.watch.element-limit = 65536 (default)
2019-09-10 12:51:58,681 [01a6b04f-ad3e-4331-b74c-d33e97f682d8:group-DE77A6E87EB2:LeaderElection86] INFO  impl.RoleInfo (RoleInfo.java:updateAndGet(143)) - 01a6b04f-ad3e-4331-b74c-d33e97f682d8: start LeaderState
2019-09-10 12:51:58,682 [01a6b04f-ad3e-4331-b74c-d33e97f682d8:group-DE77A6E87EB2:LeaderElection86] INFO  segmented.SegmentedRaftLogWorker (SegmentedRaftLogWorker.java:startLogSegment(380)) - 01a6b04f-ad3e-4331-b74c-d33e97f682d8-SegmentedRaftLogWorker:Storage Directory /workdir/hadoop-ozone/integration-test/target/test-dir/MiniOzoneClusterImpl-621806fa-6f52-406a-98d3-49fc87e46c7c/datanode-4/data/ratis/d599ffef-9c6f-4dee-96c8-de77a6e87eb2: Starting segment from index:0
2019-09-10 12:51:58,682 [01a6b04f-ad3e-4331-b74c-d33e97f682d8:group-DE77A6E87EB2:LeaderElection86] INFO  impl.RaftServerImpl (ServerState.java:setRaftConf(361)) - 01a6b04f-ad3e-4331-b74c-d33e97f682d8:group-DE77A6E87EB2 set configuration 0: [01a6b04f-ad3e-4331-b74c-d33e97f682d8:192.168.5.153:35087], old=null at 0
2019-09-10 12:51:58,730 [01a6b04f-ad3e-4331-b74c-d33e97f682d8-SegmentedRaftLogWorker:Storage Directory /workdir/hadoop-ozone/integration-test/target/test-dir/MiniOzoneClusterImpl-621806fa-6f52-406a-98d3-49fc87e46c7c/datanode-4/data/ratis/d599ffef-9c6f-4dee-96c8-de77a6e87eb2] INFO  segmented.SegmentedRaftLogWorker (SegmentedRaftLogWorker.java:execute(569)) - 01a6b04f-ad3e-4331-b74c-d33e97f682d8-SegmentedRaftLogWorker:Storage Directory /workdir/hadoop-ozone/integration-test/target/test-dir/MiniOzoneClusterImpl-621806fa-6f52-406a-98d3-49fc87e46c7c/datanode-4/data/ratis/d599ffef-9c6f-4dee-96c8-de77a6e87eb2: created new log segment /workdir/hadoop-ozone/integration-test/target/test-dir/MiniOzoneClusterImpl-621806fa-6f52-406a-98d3-49fc87e46c7c/datanode-4/data/ratis/d599ffef-9c6f-4dee-96c8-de77a6e87eb2/current/log_inprogress_0
2019-09-10 12:51:58,750 | INFO  | SCMAudit | user=jenkins1000 | ip=192.168.5.153 | op=SEND_HEARTBEAT {datanodeUUID=e116f4bc-cd87-4ac6-9da1-80e39cc5f9e9, command=[]} | ret=SUCCESS |  
2019-09-10 12:51:58,795 | INFO  | SCMAudit | user=jenkins1000 | ip=192.168.5.153 | op=SEND_HEARTBEAT {datanodeUUID=7c19fb12-96c9-4405-b962-861cc67d2712, command=[]} | ret=SUCCESS |  
2019-09-10 12:51:58,806 [Thread-4039] INFO  impl.FollowerState (FollowerState.java:run(106)) - dca67000-a313-4773-81da-4c52f6fe39ce:group-F7C6AE1A2D04 changes to CANDIDATE, lastRpcTime:5026, electionTimeout:5026ms
2019-09-10 12:51:58,806 [Thread-4039] INFO  impl.RoleInfo (RoleInfo.java:shutdownFollowerState(121)) - dca67000-a313-4773-81da-4c52f6fe39ce: shutdown FollowerState
2019-09-10 12:51:58,806 [Thread-4039] INFO  impl.RaftServerImpl (RaftServerImpl.java:setRole(171)) - dca67000-a313-4773-81da-4c52f6fe39ce:group-F7C6AE1A2D04 changes role from FOLLOWER to CANDIDATE at term 0 for changeToCandidate
2019-09-10 12:51:58,806 [Thread-4039] INFO  impl.RoleInfo (RoleInfo.java:updateAndGet(143)) - dca67000-a313-4773-81da-4c52f6fe39ce: start LeaderElection
2019-09-10 12:51:58,828 [dca67000-a313-4773-81da-4c52f6fe39ce:group-F7C6AE1A2D04:LeaderElection87] INFO  impl.LeaderElection (LeaderElection.java:askForVotes(181)) - dca67000-a313-4773-81da-4c52f6fe39ce:group-F7C6AE1A2D04:LeaderElection87: begin an election at term 1 for -1: [01a6b04f-ad3e-4331-b74c-d33e97f682d8:192.168.5.153:35087, 5da78483-2d4d-4152-a822-f0527bb3627d:192.168.5.153:38703, dca67000-a313-4773-81da-4c52f6fe39ce:192.168.5.153:45430], old=null
2019-09-10 12:51:58,837 [grpc-default-executor-11] INFO  impl.RaftServerImpl (RaftServerImpl.java:setRole(171)) - 01a6b04f-ad3e-4331-b74c-d33e97f682d8:group-F7C6AE1A2D04 changes role from FOLLOWER to FOLLOWER at term 1 for recognizeCandidate:dca67000-a313-4773-81da-4c52f6fe39ce
2019-09-10 12:51:58,839 [grpc-default-executor-9] INFO  impl.RaftServerImpl (RaftServerImpl.java:setRole(171)) - 5da78483-2d4d-4152-a822-f0527bb3627d:group-F7C6AE1A2D04 changes role from FOLLOWER to FOLLOWER at term 1 for recognizeCandidate:dca67000-a313-4773-81da-4c52f6fe39ce
2019-09-10 12:51:58,839 [grpc-default-executor-11] INFO  impl.RoleInfo (RoleInfo.java:shutdownFollowerState(121)) - 01a6b04f-ad3e-4331-b74c-d33e97f682d8: shutdown FollowerState
2019-09-10 12:51:58,839 [grpc-default-executor-9] INFO  impl.RoleInfo (RoleInfo.java:shutdownFollowerState(121)) - 5da78483-2d4d-4152-a822-f0527bb3627d: shutdown FollowerState
2019-09-10 12:51:58,840 [grpc-default-executor-11] INFO  impl.RoleInfo (RoleInfo.java:updateAndGet(143)) - 01a6b04f-ad3e-4331-b74c-d33e97f682d8: start FollowerState
2019-09-10 12:51:58,840 [Thread-4038] INFO  impl.FollowerState (FollowerState.java:run(114)) - 01a6b04f-ad3e-4331-b74c-d33e97f682d8: FollowerState was interrupted: java.lang.InterruptedException: sleep interrupted
2019-09-10 12:51:58,840 [Thread-4034] INFO  impl.FollowerState (FollowerState.java:run(114)) - 5da78483-2d4d-4152-a822-f0527bb3627d: FollowerState was interrupted: java.lang.InterruptedException: sleep interrupted
2019-09-10 12:51:58,840 [grpc-default-executor-9] INFO  impl.RoleInfo (RoleInfo.java:updateAndGet(143)) - 5da78483-2d4d-4152-a822-f0527bb3627d: start FollowerState
2019-09-10 12:51:58,855 [Thread-4031] INFO  impl.FollowerState (FollowerState.java:run(106)) - 5da78483-2d4d-4152-a822-f0527bb3627d:group-DA3FD308DDCF changes to CANDIDATE, lastRpcTime:5170, electionTimeout:5170ms
2019-09-10 12:51:58,855 [Thread-4031] INFO  impl.RoleInfo (RoleInfo.java:shutdownFollowerState(121)) - 5da78483-2d4d-4152-a822-f0527bb3627d: shutdown FollowerState
2019-09-10 12:51:58,855 [Thread-4031] INFO  impl.RaftServerImpl (RaftServerImpl.java:setRole(171)) - 5da78483-2d4d-4152-a822-f0527bb3627d:group-DA3FD308DDCF changes role from FOLLOWER to CANDIDATE at term 0 for changeToCandidate
2019-09-10 12:51:58,856 [Thread-4031] INFO  impl.RoleInfo (RoleInfo.java:updateAndGet(143)) - 5da78483-2d4d-4152-a822-f0527bb3627d: start LeaderElection
2019-09-10 12:51:58,868 [dca67000-a313-4773-81da-4c52f6fe39ce:group-F7C6AE1A2D04:LeaderElection87] INFO  impl.LeaderElection (LeaderElection.java:logAndReturn(56)) - dca67000-a313-4773-81da-4c52f6fe39ce:group-F7C6AE1A2D04:LeaderElection87: Election PASSED; received 1 response(s) [dca67000-a313-4773-81da-4c52f6fe39ce<-01a6b04f-ad3e-4331-b74c-d33e97f682d8#0:OK-t1] and 0 exception(s); dca67000-a313-4773-81da-4c52f6fe39ce:t1, leader=null, voted=dca67000-a313-4773-81da-4c52f6fe39ce, raftlog=dca67000-a313-4773-81da-4c52f6fe39ce-SegmentedRaftLog:OPENED:c-1,f-1,i0, conf=-1: [01a6b04f-ad3e-4331-b74c-d33e97f682d8:192.168.5.153:35087, 5da78483-2d4d-4152-a822-f0527bb3627d:192.168.5.153:38703, dca67000-a313-4773-81da-4c52f6fe39ce:192.168.5.153:45430], old=null
2019-09-10 12:51:58,868 [dca67000-a313-4773-81da-4c52f6fe39ce:group-F7C6AE1A2D04:LeaderElection87] INFO  impl.RoleInfo (RoleInfo.java:shutdownLeaderElection(134)) - dca67000-a313-4773-81da-4c52f6fe39ce: shutdown LeaderElection
2019-09-10 12:51:58,868 [dca67000-a313-4773-81da-4c52f6fe39ce:group-F7C6AE1A2D04:LeaderElection87] INFO  impl.RaftServerImpl (RaftServerImpl.java:setRole(171)) - dca67000-a313-4773-81da-4c52f6fe39ce:group-F7C6AE1A2D04 changes role from CANDIDATE to LEADER at term 1 for changeToLeader
2019-09-10 12:51:58,868 [dca67000-a313-4773-81da-4c52f6fe39ce:group-F7C6AE1A2D04:LeaderElection87] INFO  impl.RaftServerImpl (ServerState.java:setLeader(263)) - dca67000-a313-4773-81da-4c52f6fe39ce:group-F7C6AE1A2D04 change Leader from null to dca67000-a313-4773-81da-4c52f6fe39ce at term 1 for becomeLeader, leader elected after 5093ms
2019-09-10 12:51:58,868 [dca67000-a313-4773-81da-4c52f6fe39ce:group-F7C6AE1A2D04:LeaderElection87] INFO  server.RaftServerConfigKeys (ConfUtils.java:logGet(43)) - raft.server.staging.catchup.gap = 1000 (default)
2019-09-10 12:51:58,868 [dca67000-a313-4773-81da-4c52f6fe39ce:group-F7C6AE1A2D04:LeaderElection87] INFO  server.RaftServerConfigKeys (ConfUtils.java:logGet(43)) - raft.server.rpc.sleep.time = 25ms (default)
2019-09-10 12:51:58,869 [dca67000-a313-4773-81da-4c52f6fe39ce:group-F7C6AE1A2D04:LeaderElection87] INFO  server.RaftServerConfigKeys (ConfUtils.java:logGet(43)) - raft.server.write.element-limit = 4096 (default)
2019-09-10 12:51:58,869 [dca67000-a313-4773-81da-4c52f6fe39ce:group-F7C6AE1A2D04:LeaderElection87] INFO  server.RaftServerConfigKeys (ConfUtils.java:logGet(43)) - raft.server.watch.timeout = 10s (default)
2019-09-10 12:51:58,869 [dca67000-a313-4773-81da-4c52f6fe39ce:group-F7C6AE1A2D04:LeaderElection87] INFO  server.RaftServerConfigKeys (ConfUtils.java:logGet(43)) - raft.server.watch.timeout.denomination = 1s (default)
2019-09-10 12:51:58,869 [5da78483-2d4d-4152-a822-f0527bb3627d:group-DA3FD308DDCF:LeaderElection88] INFO  impl.LeaderElection (LeaderElection.java:askForVotes(181)) - 5da78483-2d4d-4152-a822-f0527bb3627d:group-DA3FD308DDCF:LeaderElection88: begin an election at term 1 for -1: [5da78483-2d4d-4152-a822-f0527bb3627d:192.168.5.153:38703], old=null
2019-09-10 12:51:58,869 [dca67000-a313-4773-81da-4c52f6fe39ce:group-F7C6AE1A2D04:LeaderElection87] INFO  server.RaftServerConfigKeys (ConfUtils.java:logGet(43)) - raft.server.watch.element-limit = 65536 (default)
2019-09-10 12:51:58,869 [5da78483-2d4d-4152-a822-f0527bb3627d:group-DA3FD308DDCF:LeaderElection88] INFO  impl.RoleInfo (RoleInfo.java:shutdownLeaderElection(134)) - 5da78483-2d4d-4152-a822-f0527bb3627d: shutdown LeaderElection
2019-09-10 12:51:58,869 [5da78483-2d4d-4152-a822-f0527bb3627d:group-DA3FD308DDCF:LeaderElection88] INFO  impl.RaftServerImpl (RaftServerImpl.java:setRole(171)) - 5da78483-2d4d-4152-a822-f0527bb3627d:group-DA3FD308DDCF changes role from CANDIDATE to LEADER at term 1 for changeToLeader
2019-09-10 12:51:58,869 [dca67000-a313-4773-81da-4c52f6fe39ce:group-F7C6AE1A2D04:LeaderElection87] INFO  server.RaftServerConfigKeys (ConfUtils.java:logGet(43)) - raft.server.log.appender.snapshot.chunk.size.max = 16MB (=16777216) (default)
2019-09-10 12:51:58,870 [5da78483-2d4d-4152-a822-f0527bb3627d:group-DA3FD308DDCF:LeaderElection88] INFO  impl.RaftServerImpl (ServerState.java:setLeader(263)) - 5da78483-2d4d-4152-a822-f0527bb3627d:group-DA3FD308DDCF change Leader from null to 5da78483-2d4d-4152-a822-f0527bb3627d at term 1 for becomeLeader, leader elected after 5188ms
2019-09-10 12:51:58,870 [dca67000-a313-4773-81da-4c52f6fe39ce:group-F7C6AE1A2D04:LeaderElection87] INFO  server.RaftServerConfigKeys (ConfUtils.java:logGet(43)) - raft.server.log.appender.buffer.byte-limit = 33554432 (custom)
2019-09-10 12:51:58,870 [5da78483-2d4d-4152-a822-f0527bb3627d:group-DA3FD308DDCF:LeaderElection88] INFO  server.RaftServerConfigKeys (ConfUtils.java:logGet(43)) - raft.server.staging.catchup.gap = 1000 (default)
2019-09-10 12:51:58,870 [dca67000-a313-4773-81da-4c52f6fe39ce:group-F7C6AE1A2D04:LeaderElection87] INFO  server.RaftServerConfigKeys (ConfUtils.java:logGet(43)) - raft.server.log.appender.buffer.element-limit = 1 (custom)
2019-09-10 12:51:58,870 [5da78483-2d4d-4152-a822-f0527bb3627d:group-DA3FD308DDCF:LeaderElection88] INFO  server.RaftServerConfigKeys (ConfUtils.java:logGet(43)) - raft.server.rpc.sleep.time = 25ms (default)
2019-09-10 12:51:58,870 [dca67000-a313-4773-81da-4c52f6fe39ce:group-F7C6AE1A2D04:LeaderElection87] INFO  grpc.GrpcConfigKeys$Server (ConfUtils.java:logGet(43)) - raft.grpc.server.leader.outstanding.appends.max = 128 (default)
2019-09-10 12:51:58,871 [5da78483-2d4d-4152-a822-f0527bb3627d:group-DA3FD308DDCF:LeaderElection88] INFO  server.RaftServerConfigKeys (ConfUtils.java:logGet(43)) - raft.server.write.element-limit = 4096 (default)
2019-09-10 12:51:58,871 [dca67000-a313-4773-81da-4c52f6fe39ce:group-F7C6AE1A2D04:LeaderElection87] INFO  server.RaftServerConfigKeys (ConfUtils.java:logGet(43)) - raft.server.rpc.request.timeout = 3000ms (default)
2019-09-10 12:51:58,871 [5da78483-2d4d-4152-a822-f0527bb3627d:group-DA3FD308DDCF:LeaderElection88] INFO  server.RaftServerConfigKeys (ConfUtils.java:logGet(43)) - raft.server.watch.timeout = 10s (default)
2019-09-10 12:51:58,871 [dca67000-a313-4773-81da-4c52f6fe39ce:group-F7C6AE1A2D04:LeaderElection87] INFO  server.RaftServerConfigKeys (ConfUtils.java:logGet(43)) - raft.server.log.appender.install.snapshot.enabled = false (custom)
2019-09-10 12:51:58,871 [5da78483-2d4d-4152-a822-f0527bb3627d:group-DA3FD308DDCF:LeaderElection88] INFO  server.RaftServerConfigKeys (ConfUtils.java:logGet(43)) - raft.server.watch.timeout.denomination = 1s (default)
2019-09-10 12:51:58,871 [dca67000-a313-4773-81da-4c52f6fe39ce:group-F7C6AE1A2D04:LeaderElection87] INFO  server.RaftServerConfigKeys (ConfUtils.java:logGet(43)) - raft.server.log.appender.snapshot.chunk.size.max = 16MB (=16777216) (default)
2019-09-10 12:51:58,871 [5da78483-2d4d-4152-a822-f0527bb3627d:group-DA3FD308DDCF:LeaderElection88] INFO  server.RaftServerConfigKeys (ConfUtils.java:logGet(43)) - raft.server.watch.element-limit = 65536 (default)
2019-09-10 12:51:58,871 [dca67000-a313-4773-81da-4c52f6fe39ce:group-F7C6AE1A2D04:LeaderElection87] INFO  server.RaftServerConfigKeys (ConfUtils.java:logGet(43)) - raft.server.log.appender.buffer.byte-limit = 33554432 (custom)
2019-09-10 12:51:58,872 [5da78483-2d4d-4152-a822-f0527bb3627d:group-DA3FD308DDCF:LeaderElection88] INFO  impl.RoleInfo (RoleInfo.java:updateAndGet(143)) - 5da78483-2d4d-4152-a822-f0527bb3627d: start LeaderState
2019-09-10 12:51:58,872 [dca67000-a313-4773-81da-4c52f6fe39ce:group-F7C6AE1A2D04:LeaderElection87] INFO  server.RaftServerConfigKeys (ConfUtils.java:logGet(43)) - raft.server.log.appender.buffer.element-limit = 1 (custom)
2019-09-10 12:51:58,872 [5da78483-2d4d-4152-a822-f0527bb3627d:group-DA3FD308DDCF:LeaderElection88] INFO  segmented.SegmentedRaftLogWorker (SegmentedRaftLogWorker.java:startLogSegment(380)) - 5da78483-2d4d-4152-a822-f0527bb3627d-SegmentedRaftLogWorker:Storage Directory /workdir/hadoop-ozone/integration-test/target/test-dir/MiniOzoneClusterImpl-621806fa-6f52-406a-98d3-49fc87e46c7c/datanode-5/data/ratis/129baccd-bd9c-4d60-a1fe-da3fd308ddcf: Starting segment from index:0
2019-09-10 12:51:58,872 [dca67000-a313-4773-81da-4c52f6fe39ce:group-F7C6AE1A2D04:LeaderElection87] INFO  grpc.GrpcConfigKeys$Server (ConfUtils.java:logGet(43)) - raft.grpc.server.leader.outstanding.appends.max = 128 (default)
2019-09-10 12:51:58,872 [dca67000-a313-4773-81da-4c52f6fe39ce:group-F7C6AE1A2D04:LeaderElection87] INFO  server.RaftServerConfigKeys (ConfUtils.java:logGet(43)) - raft.server.rpc.request.timeout = 3000ms (default)
2019-09-10 12:51:58,872 [5da78483-2d4d-4152-a822-f0527bb3627d:group-DA3FD308DDCF:LeaderElection88] INFO  impl.RaftServerImpl (ServerState.java:setRaftConf(361)) - 5da78483-2d4d-4152-a822-f0527bb3627d:group-DA3FD308DDCF set configuration 0: [5da78483-2d4d-4152-a822-f0527bb3627d:192.168.5.153:38703], old=null at 0
2019-09-10 12:51:58,872 [dca67000-a313-4773-81da-4c52f6fe39ce:group-F7C6AE1A2D04:LeaderElection87] INFO  server.RaftServerConfigKeys (ConfUtils.java:logGet(43)) - raft.server.log.appender.install.snapshot.enabled = false (custom)
2019-09-10 12:51:58,873 [dca67000-a313-4773-81da-4c52f6fe39ce:group-F7C6AE1A2D04:LeaderElection87] INFO  impl.RoleInfo (RoleInfo.java:updateAndGet(143)) - dca67000-a313-4773-81da-4c52f6fe39ce: start LeaderState
2019-09-10 12:51:58,873 [dca67000-a313-4773-81da-4c52f6fe39ce:group-F7C6AE1A2D04:LeaderElection87] INFO  segmented.SegmentedRaftLogWorker (SegmentedRaftLogWorker.java:startLogSegment(380)) - dca67000-a313-4773-81da-4c52f6fe39ce-SegmentedRaftLogWorker:Storage Directory /workdir/hadoop-ozone/integration-test/target/test-dir/MiniOzoneClusterImpl-621806fa-6f52-406a-98d3-49fc87e46c7c/datanode-3/data/ratis/ca8fc726-e68a-41f2-8c11-f7c6ae1a2d04: Starting segment from index:0
2019-09-10 12:51:58,874 [dca67000-a313-4773-81da-4c52f6fe39ce:group-F7C6AE1A2D04:LeaderElection87] INFO  impl.RaftServerImpl (ServerState.java:setRaftConf(361)) - dca67000-a313-4773-81da-4c52f6fe39ce:group-F7C6AE1A2D04 set configuration 0: [01a6b04f-ad3e-4331-b74c-d33e97f682d8:192.168.5.153:35087, 5da78483-2d4d-4152-a822-f0527bb3627d:192.168.5.153:38703, dca67000-a313-4773-81da-4c52f6fe39ce:192.168.5.153:45430], old=null at 0
2019-09-10 12:51:58,913 [grpc-default-executor-11] INFO  impl.RaftServerImpl (ServerState.java:setLeader(263)) - 5da78483-2d4d-4152-a822-f0527bb3627d:group-F7C6AE1A2D04 change Leader from null to dca67000-a313-4773-81da-4c52f6fe39ce at term 1 for appendEntries, leader elected after 5146ms
2019-09-10 12:51:58,913 [grpc-default-executor-9] INFO  impl.RaftServerImpl (ServerState.java:setLeader(263)) - 01a6b04f-ad3e-4331-b74c-d33e97f682d8:group-F7C6AE1A2D04 change Leader from null to dca67000-a313-4773-81da-4c52f6fe39ce at term 1 for appendEntries, leader elected after 5138ms
2019-09-10 12:51:58,915 [grpc-default-executor-9] INFO  impl.RaftServerImpl (ServerState.java:setRaftConf(361)) - 01a6b04f-ad3e-4331-b74c-d33e97f682d8:group-F7C6AE1A2D04 set configuration 0: [01a6b04f-ad3e-4331-b74c-d33e97f682d8:192.168.5.153:35087, 5da78483-2d4d-4152-a822-f0527bb3627d:192.168.5.153:38703, dca67000-a313-4773-81da-4c52f6fe39ce:192.168.5.153:45430], old=null at 0
2019-09-10 12:51:58,915 [grpc-default-executor-10] INFO  impl.RaftServerImpl (ServerState.java:setRaftConf(361)) - 5da78483-2d4d-4152-a822-f0527bb3627d:group-F7C6AE1A2D04 set configuration 0: [01a6b04f-ad3e-4331-b74c-d33e97f682d8:192.168.5.153:35087, 5da78483-2d4d-4152-a822-f0527bb3627d:192.168.5.153:38703, dca67000-a313-4773-81da-4c52f6fe39ce:192.168.5.153:45430], old=null at 0
2019-09-10 12:51:58,915 [grpc-default-executor-9] INFO  segmented.SegmentedRaftLogWorker (SegmentedRaftLogWorker.java:startLogSegment(380)) - 01a6b04f-ad3e-4331-b74c-d33e97f682d8-SegmentedRaftLogWorker:Storage Directory /workdir/hadoop-ozone/integration-test/target/test-dir/MiniOzoneClusterImpl-621806fa-6f52-406a-98d3-49fc87e46c7c/datanode-4/data/ratis/ca8fc726-e68a-41f2-8c11-f7c6ae1a2d04: Starting segment from index:0
2019-09-10 12:51:58,915 [grpc-default-executor-10] INFO  segmented.SegmentedRaftLogWorker (SegmentedRaftLogWorker.java:startLogSegment(380)) - 5da78483-2d4d-4152-a822-f0527bb3627d-SegmentedRaftLogWorker:Storage Directory /workdir/hadoop-ozone/integration-test/target/test-dir/MiniOzoneClusterImpl-621806fa-6f52-406a-98d3-49fc87e46c7c/datanode-5/data/ratis/ca8fc726-e68a-41f2-8c11-f7c6ae1a2d04: Starting segment from index:0
2019-09-10 12:51:58,926 [dca67000-a313-4773-81da-4c52f6fe39ce-SegmentedRaftLogWorker:Storage Directory /workdir/hadoop-ozone/integration-test/target/test-dir/MiniOzoneClusterImpl-621806fa-6f52-406a-98d3-49fc87e46c7c/datanode-3/data/ratis/ca8fc726-e68a-41f2-8c11-f7c6ae1a2d04] INFO  segmented.SegmentedRaftLogWorker (SegmentedRaftLogWorker.java:execute(569)) - dca67000-a313-4773-81da-4c52f6fe39ce-SegmentedRaftLogWorker:Storage Directory /workdir/hadoop-ozone/integration-test/target/test-dir/MiniOzoneClusterImpl-621806fa-6f52-406a-98d3-49fc87e46c7c/datanode-3/data/ratis/ca8fc726-e68a-41f2-8c11-f7c6ae1a2d04: created new log segment /workdir/hadoop-ozone/integration-test/target/test-dir/MiniOzoneClusterImpl-621806fa-6f52-406a-98d3-49fc87e46c7c/datanode-3/data/ratis/ca8fc726-e68a-41f2-8c11-f7c6ae1a2d04/current/log_inprogress_0
2019-09-10 12:51:58,926 [5da78483-2d4d-4152-a822-f0527bb3627d-SegmentedRaftLogWorker:Storage Directory /workdir/hadoop-ozone/integration-test/target/test-dir/MiniOzoneClusterImpl-621806fa-6f52-406a-98d3-49fc87e46c7c/datanode-5/data/ratis/129baccd-bd9c-4d60-a1fe-da3fd308ddcf] INFO  segmented.SegmentedRaftLogWorker (SegmentedRaftLogWorker.java:execute(569)) - 5da78483-2d4d-4152-a822-f0527bb3627d-SegmentedRaftLogWorker:Storage Directory /workdir/hadoop-ozone/integration-test/target/test-dir/MiniOzoneClusterImpl-621806fa-6f52-406a-98d3-49fc87e46c7c/datanode-5/data/ratis/129baccd-bd9c-4d60-a1fe-da3fd308ddcf: created new log segment /workdir/hadoop-ozone/integration-test/target/test-dir/MiniOzoneClusterImpl-621806fa-6f52-406a-98d3-49fc87e46c7c/datanode-5/data/ratis/129baccd-bd9c-4d60-a1fe-da3fd308ddcf/current/log_inprogress_0
2019-09-10 12:51:58,959 [01a6b04f-ad3e-4331-b74c-d33e97f682d8-SegmentedRaftLogWorker:Storage Directory /workdir/hadoop-ozone/integration-test/target/test-dir/MiniOzoneClusterImpl-621806fa-6f52-406a-98d3-49fc87e46c7c/datanode-4/data/ratis/ca8fc726-e68a-41f2-8c11-f7c6ae1a2d04] INFO  segmented.SegmentedRaftLogWorker (SegmentedRaftLogWorker.java:execute(569)) - 01a6b04f-ad3e-4331-b74c-d33e97f682d8-SegmentedRaftLogWorker:Storage Directory /workdir/hadoop-ozone/integration-test/target/test-dir/MiniOzoneClusterImpl-621806fa-6f52-406a-98d3-49fc87e46c7c/datanode-4/data/ratis/ca8fc726-e68a-41f2-8c11-f7c6ae1a2d04: created new log segment /workdir/hadoop-ozone/integration-test/target/test-dir/MiniOzoneClusterImpl-621806fa-6f52-406a-98d3-49fc87e46c7c/datanode-4/data/ratis/ca8fc726-e68a-41f2-8c11-f7c6ae1a2d04/current/log_inprogress_0
2019-09-10 12:51:58,960 [5da78483-2d4d-4152-a822-f0527bb3627d-SegmentedRaftLogWorker:Storage Directory /workdir/hadoop-ozone/integration-test/target/test-dir/MiniOzoneClusterImpl-621806fa-6f52-406a-98d3-49fc87e46c7c/datanode-5/data/ratis/ca8fc726-e68a-41f2-8c11-f7c6ae1a2d04] INFO  segmented.SegmentedRaftLogWorker (SegmentedRaftLogWorker.java:execute(569)) - 5da78483-2d4d-4152-a822-f0527bb3627d-SegmentedRaftLogWorker:Storage Directory /workdir/hadoop-ozone/integration-test/target/test-dir/MiniOzoneClusterImpl-621806fa-6f52-406a-98d3-49fc87e46c7c/datanode-5/data/ratis/ca8fc726-e68a-41f2-8c11-f7c6ae1a2d04: created new log segment /workdir/hadoop-ozone/integration-test/target/test-dir/MiniOzoneClusterImpl-621806fa-6f52-406a-98d3-49fc87e46c7c/datanode-5/data/ratis/ca8fc726-e68a-41f2-8c11-f7c6ae1a2d04/current/log_inprogress_0
2019-09-10 12:51:58,987 [Thread-4043] INFO  impl.FollowerState (FollowerState.java:run(106)) - 7c19fb12-96c9-4405-b962-861cc67d2712:group-E6BE898A1671 changes to CANDIDATE, lastRpcTime:5132, electionTimeout:5132ms
2019-09-10 12:51:58,987 [Thread-4043] INFO  impl.RoleInfo (RoleInfo.java:shutdownFollowerState(121)) - 7c19fb12-96c9-4405-b962-861cc67d2712: shutdown FollowerState
2019-09-10 12:51:58,987 [Thread-4043] INFO  impl.RaftServerImpl (RaftServerImpl.java:setRole(171)) - 7c19fb12-96c9-4405-b962-861cc67d2712:group-E6BE898A1671 changes role from FOLLOWER to CANDIDATE at term 0 for changeToCandidate
2019-09-10 12:51:58,987 [Thread-4043] INFO  impl.RoleInfo (RoleInfo.java:updateAndGet(143)) - 7c19fb12-96c9-4405-b962-861cc67d2712: start LeaderElection
2019-09-10 12:51:59,013 [7c19fb12-96c9-4405-b962-861cc67d2712:group-E6BE898A1671:LeaderElection89] INFO  impl.LeaderElection (LeaderElection.java:askForVotes(181)) - 7c19fb12-96c9-4405-b962-861cc67d2712:group-E6BE898A1671:LeaderElection89: begin an election at term 1 for -1: [7c19fb12-96c9-4405-b962-861cc67d2712:192.168.5.153:41022], old=null
2019-09-10 12:51:59,013 [7c19fb12-96c9-4405-b962-861cc67d2712:group-E6BE898A1671:LeaderElection89] INFO  impl.RoleInfo (RoleInfo.java:shutdownLeaderElection(134)) - 7c19fb12-96c9-4405-b962-861cc67d2712: shutdown LeaderElection
2019-09-10 12:51:59,013 [7c19fb12-96c9-4405-b962-861cc67d2712:group-E6BE898A1671:LeaderElection89] INFO  impl.RaftServerImpl (RaftServerImpl.java:setRole(171)) - 7c19fb12-96c9-4405-b962-861cc67d2712:group-E6BE898A1671 changes role from CANDIDATE to LEADER at term 1 for changeToLeader
2019-09-10 12:51:59,013 [7c19fb12-96c9-4405-b962-861cc67d2712:group-E6BE898A1671:LeaderElection89] INFO  impl.RaftServerImpl (ServerState.java:setLeader(263)) - 7c19fb12-96c9-4405-b962-861cc67d2712:group-E6BE898A1671 change Leader from null to 7c19fb12-96c9-4405-b962-861cc67d2712 at term 1 for becomeLeader, leader elected after 5162ms
2019-09-10 12:51:59,013 [7c19fb12-96c9-4405-b962-861cc67d2712:group-E6BE898A1671:LeaderElection89] INFO  server.RaftServerConfigKeys (ConfUtils.java:logGet(43)) - raft.server.staging.catchup.gap = 1000 (default)
2019-09-10 12:51:59,013 [7c19fb12-96c9-4405-b962-861cc67d2712:group-E6BE898A1671:LeaderElection89] INFO  server.RaftServerConfigKeys (ConfUtils.java:logGet(43)) - raft.server.rpc.sleep.time = 25ms (default)
2019-09-10 12:51:59,013 [7c19fb12-96c9-4405-b962-861cc67d2712:group-E6BE898A1671:LeaderElection89] INFO  server.RaftServerConfigKeys (ConfUtils.java:logGet(43)) - raft.server.write.element-limit = 4096 (default)
2019-09-10 12:51:59,013 [7c19fb12-96c9-4405-b962-861cc67d2712:group-E6BE898A1671:LeaderElection89] INFO  server.RaftServerConfigKeys (ConfUtils.java:logGet(43)) - raft.server.watch.timeout = 10s (default)
2019-09-10 12:51:59,014 [7c19fb12-96c9-4405-b962-861cc67d2712:group-E6BE898A1671:LeaderElection89] INFO  server.RaftServerConfigKeys (ConfUtils.java:logGet(43)) - raft.server.watch.timeout.denomination = 1s (default)
2019-09-10 12:51:59,014 [7c19fb12-96c9-4405-b962-861cc67d2712:group-E6BE898A1671:LeaderElection89] INFO  server.RaftServerConfigKeys (ConfUtils.java:logGet(43)) - raft.server.watch.element-limit = 65536 (default)
2019-09-10 12:51:59,014 [7c19fb12-96c9-4405-b962-861cc67d2712:group-E6BE898A1671:LeaderElection89] INFO  impl.RoleInfo (RoleInfo.java:updateAndGet(143)) - 7c19fb12-96c9-4405-b962-861cc67d2712: start LeaderState
2019-09-10 12:51:59,014 [7c19fb12-96c9-4405-b962-861cc67d2712:group-E6BE898A1671:LeaderElection89] INFO  segmented.SegmentedRaftLogWorker (SegmentedRaftLogWorker.java:startLogSegment(380)) - 7c19fb12-96c9-4405-b962-861cc67d2712-SegmentedRaftLogWorker:Storage Directory /workdir/hadoop-ozone/integration-test/target/test-dir/MiniOzoneClusterImpl-621806fa-6f52-406a-98d3-49fc87e46c7c/datanode-6/data/ratis/ea6d1b6d-8984-4f89-b77f-e6be898a1671: Starting segment from index:0
2019-09-10 12:51:59,014 [7c19fb12-96c9-4405-b962-861cc67d2712:group-E6BE898A1671:LeaderElection89] INFO  impl.RaftServerImpl (ServerState.java:setRaftConf(361)) - 7c19fb12-96c9-4405-b962-861cc67d2712:group-E6BE898A1671 set configuration 0: [7c19fb12-96c9-4405-b962-861cc67d2712:192.168.5.153:41022], old=null at 0
2019-09-10 12:51:59,054 [7c19fb12-96c9-4405-b962-861cc67d2712-SegmentedRaftLogWorker:Storage Directory /workdir/hadoop-ozone/integration-test/target/test-dir/MiniOzoneClusterImpl-621806fa-6f52-406a-98d3-49fc87e46c7c/datanode-6/data/ratis/ea6d1b6d-8984-4f89-b77f-e6be898a1671] INFO  segmented.SegmentedRaftLogWorker (SegmentedRaftLogWorker.java:execute(569)) - 7c19fb12-96c9-4405-b962-861cc67d2712-SegmentedRaftLogWorker:Storage Directory /workdir/hadoop-ozone/integration-test/target/test-dir/MiniOzoneClusterImpl-621806fa-6f52-406a-98d3-49fc87e46c7c/datanode-6/data/ratis/ea6d1b6d-8984-4f89-b77f-e6be898a1671: created new log segment /workdir/hadoop-ozone/integration-test/target/test-dir/MiniOzoneClusterImpl-621806fa-6f52-406a-98d3-49fc87e46c7c/datanode-6/data/ratis/ea6d1b6d-8984-4f89-b77f-e6be898a1671/current/log_inprogress_0
2019-09-10 12:51:59,057 | INFO  | DNAudit | user=null | ip=null | op=WRITE_CHUNK {blockData=conID: 1 locID: 102768306740264977 bcsId: 0} | ret=SUCCESS |  
2019-09-10 12:51:59,057 | INFO  | DNAudit | user=null | ip=null | op=WRITE_CHUNK {blockData=conID: 1 locID: 102768306740264977 bcsId: 0} | ret=SUCCESS |  
2019-09-10 12:51:59,057 | INFO  | DNAudit | user=null | ip=null | op=WRITE_CHUNK {blockData=conID: 1 locID: 102768306740264977 bcsId: 0} | ret=SUCCESS |  
2019-09-10 12:51:59,058 | INFO  | SCMAudit | user=jenkins1000 | ip=192.168.5.153 | op=SEND_HEARTBEAT {datanodeUUID=10cf323f-ae84-4971-a7e0-d66e9b6ea9ea, command=[]} | ret=SUCCESS |  
2019-09-10 12:51:59,058 | INFO  | SCMAudit | user=jenkins1000 | ip=192.168.5.153 | op=SEND_HEARTBEAT {datanodeUUID=162c807d-d7c6-42a8-ad53-3a3326afae0a, command=[]} | ret=SUCCESS |  
2019-09-10 12:51:59,058 | INFO  | SCMAudit | user=jenkins1000 | ip=192.168.5.153 | op=SEND_HEARTBEAT {datanodeUUID=e116f4bc-cd87-4ac6-9da1-80e39cc5f9e9, command=[]} | ret=SUCCESS |  
2019-09-10 12:51:59,063 | INFO  | DNAudit | user=null | ip=null | op=WRITE_CHUNK {blockData=conID: 1 locID: 102768306740264977 bcsId: 0} | ret=SUCCESS |  
2019-09-10 12:51:59,066 [grpc-default-executor-11] INFO  client.GrpcClientProtocolClient (GrpcClientProtocolClient.java:onNext(255)) - client-9A6D123C8655->10cf323f-ae84-4971-a7e0-d66e9b6ea9ea: receive RaftClientReply:client-9A6D123C8655->10cf323f-ae84-4971-a7e0-d66e9b6ea9ea@group-DD9FE6C50665, cid=215, SUCCESS, logIndex=1, commits[10cf323f-ae84-4971-a7e0-d66e9b6ea9ea:c1, 162c807d-d7c6-42a8-ad53-3a3326afae0a:c0, e116f4bc-cd87-4ac6-9da1-80e39cc5f9e9:c0]
2019-09-10 12:51:59,069 | INFO  | DNAudit | user=null | ip=null | op=WRITE_CHUNK {blockData=conID: 1 locID: 102768306740264977 bcsId: 0} | ret=SUCCESS |  
2019-09-10 12:51:59,070 | INFO  | DNAudit | user=null | ip=null | op=WRITE_CHUNK {blockData=conID: 1 locID: 102768306740264977 bcsId: 0} | ret=SUCCESS |  
2019-09-10 12:51:59,070 | INFO  | DNAudit | user=null | ip=null | op=WRITE_CHUNK {blockData=conID: 1 locID: 102768306740264977 bcsId: 0} | ret=SUCCESS |  
2019-09-10 12:51:59,074 | INFO  | DNAudit | user=null | ip=null | op=WRITE_CHUNK {blockData=conID: 1 locID: 102768306740264977 bcsId: 0} | ret=SUCCESS |  
2019-09-10 12:51:59,075 | INFO  | DNAudit | user=null | ip=null | op=WRITE_CHUNK {blockData=conID: 1 locID: 102768306740264977 bcsId: 0} | ret=SUCCESS |  
2019-09-10 12:51:59,076 | INFO  | DNAudit | user=null | ip=null | op=WRITE_CHUNK {blockData=conID: 1 locID: 102768306740264977 bcsId: 0} | ret=SUCCESS |  
2019-09-10 12:51:59,079 [grpc-default-executor-9] INFO  client.GrpcClientProtocolClient (GrpcClientProtocolClient.java:onNext(255)) - client-9A6D123C8655->10cf323f-ae84-4971-a7e0-d66e9b6ea9ea: receive RaftClientReply:client-9A6D123C8655->10cf323f-ae84-4971-a7e0-d66e9b6ea9ea@group-DD9FE6C50665, cid=216, SUCCESS, logIndex=3, commits[10cf323f-ae84-4971-a7e0-d66e9b6ea9ea:c4, 162c807d-d7c6-42a8-ad53-3a3326afae0a:c1, e116f4bc-cd87-4ac6-9da1-80e39cc5f9e9:c1]
2019-09-10 12:51:59,089 | INFO  | DNAudit | user=null | ip=null | op=WRITE_CHUNK {blockData=conID: 1 locID: 102768306740264977 bcsId: 0} | ret=SUCCESS |  
2019-09-10 12:51:59,089 | INFO  | DNAudit | user=null | ip=null | op=WRITE_CHUNK {blockData=conID: 1 locID: 102768306740264977 bcsId: 0} | ret=SUCCESS |  
2019-09-10 12:51:59,162 | INFO  | DNAudit | user=null | ip=null | op=PUT_BLOCK {blockData=[blockId=conID: 1 locID: 102768306740264977 bcsId: 0,size=167]} | ret=SUCCESS |  
2019-09-10 12:51:59,164 [grpc-default-executor-9] INFO  client.GrpcClientProtocolClient (GrpcClientProtocolClient.java:onNext(255)) - client-9A6D123C8655->10cf323f-ae84-4971-a7e0-d66e9b6ea9ea: receive RaftClientReply:client-9A6D123C8655->10cf323f-ae84-4971-a7e0-d66e9b6ea9ea@group-DD9FE6C50665, cid=217, SUCCESS, logIndex=4, commits[10cf323f-ae84-4971-a7e0-d66e9b6ea9ea:c6, 162c807d-d7c6-42a8-ad53-3a3326afae0a:c4, e116f4bc-cd87-4ac6-9da1-80e39cc5f9e9:c4]
2019-09-10 12:51:59,165 [EventQueue-CloseContainerForCloseContainerEventHandler] INFO  container.CloseContainerEventHandler (CloseContainerEventHandler.java:onMessage(61)) - Close container Event triggered for container : #1
2019-09-10 12:51:59,165 [EventQueue-CloseContainerForCloseContainerEventHandler] INFO  container.CloseContainerEventHandler (CloseContainerEventHandler.java:onMessage(61)) - Close container Event triggered for container : #1
2019-09-10 12:51:59,165 [EventQueue-CloseContainerForCloseContainerEventHandler] INFO  container.CloseContainerEventHandler (CloseContainerEventHandler.java:onMessage(61)) - Close container Event triggered for container : #1
2019-09-10 12:51:59,194 | INFO  | SCMAudit | user=jenkins1000 | ip=192.168.5.153 | op=SEND_HEARTBEAT {datanodeUUID=dca67000-a313-4773-81da-4c52f6fe39ce, command=[]} | ret=SUCCESS |  
2019-09-10 12:51:59,227 | INFO  | DNAudit | user=null | ip=null | op=PUT_BLOCK {blockData=[blockId=conID: 1 locID: 102768306740264977 bcsId: 0,size=167]} | ret=SUCCESS |  
2019-09-10 12:51:59,352 | INFO  | DNAudit | user=null | ip=null | op=PUT_BLOCK {blockData=[blockId=conID: 1 locID: 102768306740264977 bcsId: 0,size=167]} | ret=SUCCESS |  
2019-09-10 12:51:59,423 | INFO  | SCMAudit | user=jenkins1000 | ip=192.168.5.153 | op=SEND_HEARTBEAT {datanodeUUID=01a6b04f-ad3e-4331-b74c-d33e97f682d8, command=[]} | ret=SUCCESS |  
2019-09-10 12:51:59,616 | INFO  | SCMAudit | user=jenkins1000 | ip=192.168.5.153 | op=SEND_HEARTBEAT {datanodeUUID=5da78483-2d4d-4152-a822-f0527bb3627d, command=[]} | ret=SUCCESS |  
2019-09-10 12:51:59,795 | INFO  | SCMAudit | user=jenkins1000 | ip=192.168.5.153 | op=SEND_HEARTBEAT {datanodeUUID=7c19fb12-96c9-4405-b962-861cc67d2712, command=[]} | ret=SUCCESS |  
2019-09-10 12:52:00,058 | INFO  | SCMAudit | user=jenkins1000 | ip=192.168.5.153 | op=SEND_HEARTBEAT {datanodeUUID=10cf323f-ae84-4971-a7e0-d66e9b6ea9ea, command=[commandType: closeContainerCommand closeContainerCommandProto { containerID: 1 pipelineID { id: "18a93aa5-9211-4313-a260-dd9fe6c50665" } cmdId: 1 force: false } , commandType: closeContainerCommand closeContainerCommandProto { containerID: 1 pipelineID { id: "18a93aa5-9211-4313-a260-dd9fe6c50665" } cmdId: 1 force: false } , commandType: closeContainerCommand closeContainerCommandProto { containerID: 1 pipelineID { id: "18a93aa5-9211-4313-a260-dd9fe6c50665" } cmdId: 1 force: false } ]} | ret=SUCCESS |  
2019-09-10 12:52:00,063 | INFO  | SCMAudit | user=jenkins1000 | ip=192.168.5.153 | op=SEND_HEARTBEAT {datanodeUUID=162c807d-d7c6-42a8-ad53-3a3326afae0a, command=[commandType: closeContainerCommand closeContainerCommandProto { containerID: 1 pipelineID { id: "18a93aa5-9211-4313-a260-dd9fe6c50665" } cmdId: 1 force: false } , commandType: closeContainerCommand closeContainerCommandProto { containerID: 1 pipelineID { id: "18a93aa5-9211-4313-a260-dd9fe6c50665" } cmdId: 1 force: false } , commandType: closeContainerCommand closeContainerCommandProto { containerID: 1 pipelineID { id: "18a93aa5-9211-4313-a260-dd9fe6c50665" } cmdId: 1 force: false } ]} | ret=SUCCESS |  
2019-09-10 12:52:00,063 | INFO  | SCMAudit | user=jenkins1000 | ip=192.168.5.153 | op=SEND_HEARTBEAT {datanodeUUID=e116f4bc-cd87-4ac6-9da1-80e39cc5f9e9, command=[commandType: closeContainerCommand closeContainerCommandProto { containerID: 1 pipelineID { id: "18a93aa5-9211-4313-a260-dd9fe6c50665" } cmdId: 1 force: false } , commandType: closeContainerCommand closeContainerCommandProto { containerID: 1 pipelineID { id: "18a93aa5-9211-4313-a260-dd9fe6c50665" } cmdId: 1 force: false } , commandType: closeContainerCommand closeContainerCommandProto { containerID: 1 pipelineID { id: "18a93aa5-9211-4313-a260-dd9fe6c50665" } cmdId: 1 force: false } ]} | ret=SUCCESS |  
2019-09-10 12:52:00,194 | INFO  | SCMAudit | user=jenkins1000 | ip=192.168.5.153 | op=SEND_HEARTBEAT {datanodeUUID=dca67000-a313-4773-81da-4c52f6fe39ce, command=[]} | ret=SUCCESS |  
2019-09-10 12:52:00,423 | INFO  | SCMAudit | user=jenkins1000 | ip=192.168.5.153 | op=SEND_HEARTBEAT {datanodeUUID=01a6b04f-ad3e-4331-b74c-d33e97f682d8, command=[]} | ret=SUCCESS |  
2019-09-10 12:52:00,616 | INFO  | SCMAudit | user=jenkins1000 | ip=192.168.5.153 | op=SEND_HEARTBEAT {datanodeUUID=5da78483-2d4d-4152-a822-f0527bb3627d, command=[]} | ret=SUCCESS |  
2019-09-10 12:52:00,795 | INFO  | SCMAudit | user=jenkins1000 | ip=192.168.5.153 | op=SEND_HEARTBEAT {datanodeUUID=7c19fb12-96c9-4405-b962-861cc67d2712, command=[]} | ret=SUCCESS |  
2019-09-10 12:52:01,057 | INFO  | SCMAudit | user=jenkins1000 | ip=192.168.5.153 | op=SEND_HEARTBEAT {datanodeUUID=10cf323f-ae84-4971-a7e0-d66e9b6ea9ea, command=[]} | ret=SUCCESS |  
2019-09-10 12:52:01,057 | INFO  | SCMAudit | user=jenkins1000 | ip=192.168.5.153 | op=SEND_HEARTBEAT {datanodeUUID=162c807d-d7c6-42a8-ad53-3a3326afae0a, command=[]} | ret=SUCCESS |  
2019-09-10 12:52:01,058 | INFO  | SCMAudit | user=jenkins1000 | ip=192.168.5.153 | op=SEND_HEARTBEAT {datanodeUUID=e116f4bc-cd87-4ac6-9da1-80e39cc5f9e9, command=[]} | ret=SUCCESS |  
2019-09-10 12:52:01,072 | INFO  | SCMAudit | user=jenkins1000 | ip=192.168.5.153 | op=SEND_HEARTBEAT {datanodeUUID=10cf323f-ae84-4971-a7e0-d66e9b6ea9ea, command=[]} | ret=SUCCESS |  
2019-09-10 12:52:01,072 | INFO  | SCMAudit | user=jenkins1000 | ip=192.168.5.153 | op=SEND_HEARTBEAT {datanodeUUID=162c807d-d7c6-42a8-ad53-3a3326afae0a, command=[]} | ret=SUCCESS |  
2019-09-10 12:52:01,072 | INFO  | SCMAudit | user=jenkins1000 | ip=192.168.5.153 | op=SEND_HEARTBEAT {datanodeUUID=e116f4bc-cd87-4ac6-9da1-80e39cc5f9e9, command=[]} | ret=SUCCESS |  
2019-09-10 12:52:01,126 [RatisApplyTransactionExecutor 1] INFO  interfaces.Container (KeyValueContainer.java:flushAndSyncDB(382)) - Container 1 is synced with bcsId 4.
2019-09-10 12:52:01,126 [RatisApplyTransactionExecutor 1] INFO  interfaces.Container (KeyValueContainer.java:flushAndSyncDB(382)) - Container 1 is synced with bcsId 4.
2019-09-10 12:52:01,126 [RatisApplyTransactionExecutor 1] INFO  interfaces.Container (KeyValueContainer.java:flushAndSyncDB(382)) - Container 1 is synced with bcsId 4.
2019-09-10 12:52:01,126 [RatisApplyTransactionExecutor 1] INFO  interfaces.Container (KeyValueContainer.java:flushAndSyncDB(382)) - Container 1 is synced with bcsId 4.
2019-09-10 12:52:01,126 [RatisApplyTransactionExecutor 1] INFO  interfaces.Container (KeyValueContainer.java:flushAndSyncDB(382)) - Container 1 is synced with bcsId 4.
2019-09-10 12:52:01,126 [RatisApplyTransactionExecutor 1] INFO  interfaces.Container (KeyValueContainer.java:flushAndSyncDB(382)) - Container 1 is synced with bcsId 4.
2019-09-10 12:52:01,147 | INFO  | DNAudit | user=null | ip=null | op=CLOSE_CONTAINER {containerID=1} | ret=SUCCESS |  
2019-09-10 12:52:01,147 | INFO  | DNAudit | user=null | ip=null | op=CLOSE_CONTAINER {containerID=1} | ret=SUCCESS |  
2019-09-10 12:52:01,147 | INFO  | DNAudit | user=null | ip=null | op=CLOSE_CONTAINER {containerID=1} | ret=SUCCESS |  
2019-09-10 12:52:01,148 | INFO  | SCMAudit | user=jenkins1000 | ip=192.168.5.153 | op=SEND_HEARTBEAT {datanodeUUID=10cf323f-ae84-4971-a7e0-d66e9b6ea9ea, command=[]} | ret=SUCCESS |  
2019-09-10 12:52:01,148 | INFO  | SCMAudit | user=jenkins1000 | ip=192.168.5.153 | op=SEND_HEARTBEAT {datanodeUUID=e116f4bc-cd87-4ac6-9da1-80e39cc5f9e9, command=[]} | ret=SUCCESS |  
2019-09-10 12:52:01,148 | INFO  | SCMAudit | user=jenkins1000 | ip=192.168.5.153 | op=SEND_HEARTBEAT {datanodeUUID=162c807d-d7c6-42a8-ad53-3a3326afae0a, command=[]} | ret=SUCCESS |  
2019-09-10 12:52:01,148 [EventQueue-IncrementalContainerReportForIncrementalContainerReportHandler] INFO  container.IncrementalContainerReportHandler (AbstractContainerReportHandler.java:updateContainerState(176)) - Moving container #1 to CLOSED state, datanode 10cf323f-ae84-4971-a7e0-d66e9b6ea9ea{ip: 192.168.5.153, host: pr-hdds-1571-5ln6c-1111760135, networkLocation: /default-rack, certSerialId: null} reported CLOSED replica.
2019-09-10 12:52:01,169 | ERROR | DNAudit | user=null | ip=null | op=WRITE_CHUNK {blockData=conID: 1 locID: 102768306740264977 bcsId: 4} | ret=FAILURE | org.apache.hadoop.hdds.scm.container.common.helpers.ContainerNotOpenException: Container 1 in CLOSED state
	at org.apache.hadoop.ozone.container.common.impl.HddsDispatcher.validateContainerCommand(HddsDispatcher.java:408)
	at org.apache.hadoop.ozone.container.common.transport.server.ratis.ContainerStateMachine.startTransaction(ContainerStateMachine.java:309) 
2019-09-10 12:52:01,170 | ERROR | DNAudit | user=null | ip=null | op=WRITE_CHUNK {blockData=conID: 1 locID: 102768306740264977 bcsId: 4} | ret=FAILURE | org.apache.hadoop.hdds.scm.container.common.helpers.ContainerNotOpenException: Container 1 in CLOSED state
	at org.apache.hadoop.ozone.container.common.impl.HddsDispatcher.validateContainerCommand(HddsDispatcher.java:408)
	at org.apache.hadoop.ozone.container.common.transport.server.ratis.ContainerStateMachine.startTransaction(ContainerStateMachine.java:309) 
2019-09-10 12:52:01,177 | ERROR | DNAudit | user=null | ip=null | op=PUT_BLOCK {blockData=[blockId=conID: 1 locID: 102768306740264977 bcsId: 0,size=334]} | ret=FAILURE | org.apache.hadoop.hdds.scm.container.common.helpers.ContainerNotOpenException: Container 1 in CLOSED state
	at org.apache.hadoop.ozone.container.common.impl.HddsDispatcher.validateContainerCommand(HddsDispatcher.java:408)
	at org.apache.hadoop.ozone.container.common.transport.server.ratis.ContainerStateMachine.startTransaction(ContainerStateMachine.java:309) 
2019-09-10 12:52:01,178 [grpc-default-executor-9] INFO  client.GrpcClientProtocolClient (GrpcClientProtocolClient.java:onNext(255)) - client-9A6D123C8655->10cf323f-ae84-4971-a7e0-d66e9b6ea9ea: receive RaftClientReply:client-9A6D123C8655->10cf323f-ae84-4971-a7e0-d66e9b6ea9ea@group-DD9FE6C50665, cid=218, FAILED org.apache.ratis.protocol.StateMachineException: org.apache.hadoop.hdds.scm.container.common.helpers.ContainerNotOpenException from Server 10cf323f-ae84-4971-a7e0-d66e9b6ea9ea: Container 1 in CLOSED state, logIndex=0, commits[10cf323f-ae84-4971-a7e0-d66e9b6ea9ea:c8, 162c807d-d7c6-42a8-ad53-3a3326afae0a:c7, e116f4bc-cd87-4ac6-9da1-80e39cc5f9e9:c7]
2019-09-10 12:52:01,181 [grpc-default-executor-9] INFO  client.GrpcClientProtocolClient (GrpcClientProtocolClient.java:onNext(255)) - client-9A6D123C8655->10cf323f-ae84-4971-a7e0-d66e9b6ea9ea: receive RaftClientReply:client-9A6D123C8655->10cf323f-ae84-4971-a7e0-d66e9b6ea9ea@group-DD9FE6C50665, cid=219, FAILED org.apache.ratis.protocol.StateMachineException: org.apache.hadoop.hdds.scm.container.common.helpers.ContainerNotOpenException from Server 10cf323f-ae84-4971-a7e0-d66e9b6ea9ea: Container 1 in CLOSED state, logIndex=0, commits[10cf323f-ae84-4971-a7e0-d66e9b6ea9ea:c8, 162c807d-d7c6-42a8-ad53-3a3326afae0a:c7, e116f4bc-cd87-4ac6-9da1-80e39cc5f9e9:c7]
2019-09-10 12:52:01,183 [grpc-default-executor-9] INFO  client.GrpcClientProtocolClient (GrpcClientProtocolClient.java:onNext(255)) - client-9A6D123C8655->10cf323f-ae84-4971-a7e0-d66e9b6ea9ea: receive RaftClientReply:client-9A6D123C8655->10cf323f-ae84-4971-a7e0-d66e9b6ea9ea@group-DD9FE6C50665, cid=220, FAILED org.apache.ratis.protocol.StateMachineException: org.apache.hadoop.hdds.scm.container.common.helpers.ContainerNotOpenException from Server 10cf323f-ae84-4971-a7e0-d66e9b6ea9ea: Container 1 in CLOSED state, logIndex=0, commits[10cf323f-ae84-4971-a7e0-d66e9b6ea9ea:c8, 162c807d-d7c6-42a8-ad53-3a3326afae0a:c7, e116f4bc-cd87-4ac6-9da1-80e39cc5f9e9:c7]
2019-09-10 12:52:01,194 | INFO  | SCMAudit | user=jenkins1000 | ip=192.168.5.153 | op=SEND_HEARTBEAT {datanodeUUID=dca67000-a313-4773-81da-4c52f6fe39ce, command=[]} | ret=SUCCESS |  
2019-09-10 12:52:01,196 | INFO  | SCMAudit | user=jenkins1000 | ip=192.168.5.153 | op=ALLOCATE_BLOCK {owner=2e43535b-3750-468c-a3a1-b23d830ba7b0, size=800, type=RATIS, factor=THREE} | ret=SUCCESS |  
2019-09-10 12:52:01,197 | INFO  | OMAudit | user=jenkins1000 | ip=127.0.0.1 | op=ALLOCATE_BLOCK {volume=testblockoutputstream, bucket=testblockoutputstream, key=887734cb-c47f-4755-9dec-91319fe87305, dataSize=0, replicationType=null, replicationFactor=null, keyLocationInfo=null, clientID=102768306740199440} | ret=SUCCESS |  
2019-09-10 12:52:01,205 [grpc-default-executor-9] INFO  client.GrpcClientProtocolClient (GrpcClientProtocolClient.java:onNext(255)) - client-DB758DB0876B->5da78483-2d4d-4152-a822-f0527bb3627d: receive RaftClientReply:client-DB758DB0876B->5da78483-2d4d-4152-a822-f0527bb3627d@group-F7C6AE1A2D04, cid=221, FAILED org.apache.ratis.protocol.NotLeaderException: Server 5da78483-2d4d-4152-a822-f0527bb3627d is not the leader (dca67000-a313-4773-81da-4c52f6fe39ce:192.168.5.153:45430). Request must be sent to leader., logIndex=0, commits[5da78483-2d4d-4152-a822-f0527bb3627d:c-1, 01a6b04f-ad3e-4331-b74c-d33e97f682d8:c-1, dca67000-a313-4773-81da-4c52f6fe39ce:c-1]
2019-09-10 12:52:01,367 | INFO  | DNAudit | user=null | ip=null | op=WRITE_CHUNK {blockData=conID: 2 locID: 102768307155501074 bcsId: 0} | ret=SUCCESS |  
2019-09-10 12:52:01,368 | INFO  | SCMAudit | user=jenkins1000 | ip=192.168.5.153 | op=SEND_HEARTBEAT {datanodeUUID=01a6b04f-ad3e-4331-b74c-d33e97f682d8, command=[]} | ret=SUCCESS |  
2019-09-10 12:52:01,394 | INFO  | DNAudit | user=null | ip=null | op=WRITE_CHUNK {blockData=conID: 2 locID: 102768307155501074 bcsId: 0} | ret=SUCCESS |  
2019-09-10 12:52:01,394 | INFO  | DNAudit | user=null | ip=null | op=WRITE_CHUNK {blockData=conID: 2 locID: 102768307155501074 bcsId: 0} | ret=SUCCESS |  
2019-09-10 12:52:01,394 | INFO  | SCMAudit | user=jenkins1000 | ip=192.168.5.153 | op=SEND_HEARTBEAT {datanodeUUID=dca67000-a313-4773-81da-4c52f6fe39ce, command=[]} | ret=SUCCESS |  
2019-09-10 12:52:01,394 | INFO  | SCMAudit | user=jenkins1000 | ip=192.168.5.153 | op=SEND_HEARTBEAT {datanodeUUID=5da78483-2d4d-4152-a822-f0527bb3627d, command=[]} | ret=SUCCESS |  
2019-09-10 12:52:01,407 | INFO  | DNAudit | user=null | ip=null | op=WRITE_CHUNK {blockData=conID: 2 locID: 102768307155501074 bcsId: 0} | ret=SUCCESS |  
2019-09-10 12:52:01,411 [grpc-default-executor-9] INFO  client.GrpcClientProtocolClient (GrpcClientProtocolClient.java:onNext(255)) - client-DB758DB0876B->dca67000-a313-4773-81da-4c52f6fe39ce: receive RaftClientReply:client-DB758DB0876B->dca67000-a313-4773-81da-4c52f6fe39ce@group-F7C6AE1A2D04, cid=221, SUCCESS, logIndex=1, commits[dca67000-a313-4773-81da-4c52f6fe39ce:c1, 01a6b04f-ad3e-4331-b74c-d33e97f682d8:c0, 5da78483-2d4d-4152-a822-f0527bb3627d:c-1]
2019-09-10 12:52:01,411 | INFO  | DNAudit | user=null | ip=null | op=WRITE_CHUNK {blockData=conID: 2 locID: 102768307155501074 bcsId: 0} | ret=SUCCESS |  
2019-09-10 12:52:01,415 | INFO  | DNAudit | user=null | ip=null | op=WRITE_CHUNK {blockData=conID: 2 locID: 102768307155501074 bcsId: 0} | ret=SUCCESS |  
2019-09-10 12:52:01,416 | INFO  | DNAudit | user=null | ip=null | op=WRITE_CHUNK {blockData=conID: 2 locID: 102768307155501074 bcsId: 0} | ret=SUCCESS |  
2019-09-10 12:52:01,416 | INFO  | DNAudit | user=null | ip=null | op=WRITE_CHUNK {blockData=conID: 2 locID: 102768307155501074 bcsId: 0} | ret=SUCCESS |  
2019-09-10 12:52:01,422 | INFO  | DNAudit | user=null | ip=null | op=WRITE_CHUNK {blockData=conID: 2 locID: 102768307155501074 bcsId: 0} | ret=SUCCESS |  
2019-09-10 12:52:01,426 | INFO  | DNAudit | user=null | ip=null | op=WRITE_CHUNK {blockData=conID: 2 locID: 102768307155501074 bcsId: 0} | ret=SUCCESS |  
2019-09-10 12:52:01,429 [grpc-default-executor-9] INFO  client.GrpcClientProtocolClient (GrpcClientProtocolClient.java:onNext(255)) - client-DB758DB0876B->dca67000-a313-4773-81da-4c52f6fe39ce: receive RaftClientReply:client-DB758DB0876B->dca67000-a313-4773-81da-4c52f6fe39ce@group-F7C6AE1A2D04, cid=222, SUCCESS, logIndex=3, commits[dca67000-a313-4773-81da-4c52f6fe39ce:c3, 01a6b04f-ad3e-4331-b74c-d33e97f682d8:c2, 5da78483-2d4d-4152-a822-f0527bb3627d:c2]
2019-09-10 12:52:01,464 | INFO  | DNAudit | user=null | ip=null | op=WRITE_CHUNK {blockData=conID: 2 locID: 102768307155501074 bcsId: 0} | ret=SUCCESS |  
2019-09-10 12:52:01,464 | INFO  | DNAudit | user=null | ip=null | op=WRITE_CHUNK {blockData=conID: 2 locID: 102768307155501074 bcsId: 0} | ret=SUCCESS |  
2019-09-10 12:52:01,506 | INFO  | DNAudit | user=null | ip=null | op=PUT_BLOCK {blockData=[blockId=conID: 2 locID: 102768307155501074 bcsId: 0,size=167]} | ret=SUCCESS |  
2019-09-10 12:52:01,508 [grpc-default-executor-11] INFO  client.GrpcClientProtocolClient (GrpcClientProtocolClient.java:onNext(255)) - client-DB758DB0876B->dca67000-a313-4773-81da-4c52f6fe39ce: receive RaftClientReply:client-DB758DB0876B->dca67000-a313-4773-81da-4c52f6fe39ce@group-F7C6AE1A2D04, cid=223, SUCCESS, logIndex=4, commits[dca67000-a313-4773-81da-4c52f6fe39ce:c6, 01a6b04f-ad3e-4331-b74c-d33e97f682d8:c3, 5da78483-2d4d-4152-a822-f0527bb3627d:c3]
2019-09-10 12:52:01,795 | INFO  | SCMAudit | user=jenkins1000 | ip=192.168.5.153 | op=SEND_HEARTBEAT {datanodeUUID=7c19fb12-96c9-4405-b962-861cc67d2712, command=[]} | ret=SUCCESS |  
2019-09-10 12:52:02,148 | INFO  | SCMAudit | user=jenkins1000 | ip=192.168.5.153 | op=SEND_HEARTBEAT {datanodeUUID=e116f4bc-cd87-4ac6-9da1-80e39cc5f9e9, command=[]} | ret=SUCCESS |  
2019-09-10 12:52:02,148 | INFO  | SCMAudit | user=jenkins1000 | ip=192.168.5.153 | op=SEND_HEARTBEAT {datanodeUUID=10cf323f-ae84-4971-a7e0-d66e9b6ea9ea, command=[]} | ret=SUCCESS |  
2019-09-10 12:52:02,148 | INFO  | SCMAudit | user=jenkins1000 | ip=192.168.5.153 | op=SEND_HEARTBEAT {datanodeUUID=162c807d-d7c6-42a8-ad53-3a3326afae0a, command=[]} | ret=SUCCESS |  
2019-09-10 12:52:02,368 | INFO  | SCMAudit | user=jenkins1000 | ip=192.168.5.153 | op=SEND_HEARTBEAT {datanodeUUID=01a6b04f-ad3e-4331-b74c-d33e97f682d8, command=[]} | ret=SUCCESS |  
2019-09-10 12:52:02,394 | INFO  | SCMAudit | user=jenkins1000 | ip=192.168.5.153 | op=SEND_HEARTBEAT {datanodeUUID=5da78483-2d4d-4152-a822-f0527bb3627d, command=[]} | ret=SUCCESS |  
2019-09-10 12:52:02,394 | INFO  | SCMAudit | user=jenkins1000 | ip=192.168.5.153 | op=SEND_HEARTBEAT {datanodeUUID=dca67000-a313-4773-81da-4c52f6fe39ce, command=[]} | ret=SUCCESS |  
2019-09-10 12:52:02,509 [main] WARN  scm.XceiverClientRatis (XceiverClientRatis.java:watchForCommit(262)) - 3 way commit failed on pipeline Pipeline[ Id: ca8fc726-e68a-41f2-8c11-f7c6ae1a2d04, Nodes: 5da78483-2d4d-4152-a822-f0527bb3627d{ip: 192.168.5.153, host: pr-hdds-1571-5ln6c-1111760135, networkLocation: /default-rack, certSerialId: null}01a6b04f-ad3e-4331-b74c-d33e97f682d8{ip: 192.168.5.153, host: pr-hdds-1571-5ln6c-1111760135, networkLocation: /default-rack, certSerialId: null}dca67000-a313-4773-81da-4c52f6fe39ce{ip: 192.168.5.153, host: pr-hdds-1571-5ln6c-1111760135, networkLocation: /default-rack, certSerialId: null}, Type:RATIS, Factor:THREE, State:OPEN]
java.util.concurrent.TimeoutException
	at java.util.concurrent.CompletableFuture.timedGet(CompletableFuture.java:1771)
	at java.util.concurrent.CompletableFuture.get(CompletableFuture.java:1915)
	at org.apache.hadoop.hdds.scm.XceiverClientRatis.watchForCommit(XceiverClientRatis.java:259)
	at org.apache.hadoop.hdds.scm.storage.CommitWatcher.watchForCommit(CommitWatcher.java:194)
	at org.apache.hadoop.hdds.scm.storage.CommitWatcher.watchOnLastIndex(CommitWatcher.java:157)
	at org.apache.hadoop.hdds.scm.storage.BlockOutputStream.watchForCommit(BlockOutputStream.java:347)
	at org.apache.hadoop.hdds.scm.storage.BlockOutputStream.handleFlush(BlockOutputStream.java:479)
	at org.apache.hadoop.hdds.scm.storage.BlockOutputStream.flush(BlockOutputStream.java:428)
	at org.apache.hadoop.ozone.client.io.BlockOutputStreamEntry.flush(BlockOutputStreamEntry.java:136)
	at org.apache.hadoop.ozone.client.io.KeyOutputStream.handleFlushOrClose(KeyOutputStream.java:442)
	at org.apache.hadoop.ozone.client.io.KeyOutputStream.flush(KeyOutputStream.java:396)
	at org.apache.hadoop.ozone.client.io.OzoneOutputStream.flush(OzoneOutputStream.java:54)
	at org.apache.hadoop.ozone.client.rpc.TestBlockOutputStreamWithFailures.testFailureWithPrimeSizedData(TestBlockOutputStreamWithFailures.java:633)
	at sun.reflect.NativeMethodAccessorImpl.invoke0(Native Method)
	at sun.reflect.NativeMethodAccessorImpl.invoke(NativeMethodAccessorImpl.java:62)
	at sun.reflect.DelegatingMethodAccessorImpl.invoke(DelegatingMethodAccessorImpl.java:43)
	at java.lang.reflect.Method.invoke(Method.java:498)
	at org.junit.runners.model.FrameworkMethod$1.runReflectiveCall(FrameworkMethod.java:47)
	at org.junit.internal.runners.model.ReflectiveCallable.run(ReflectiveCallable.java:12)
	at org.junit.runners.model.FrameworkMethod.invokeExplosively(FrameworkMethod.java:44)
	at org.junit.internal.runners.statements.InvokeMethod.evaluate(InvokeMethod.java:17)
	at org.junit.internal.runners.statements.RunBefores.evaluate(RunBefores.java:26)
	at org.junit.internal.runners.statements.RunAfters.evaluate(RunAfters.java:27)
	at org.junit.runners.ParentRunner.runLeaf(ParentRunner.java:271)
	at org.junit.runners.BlockJUnit4ClassRunner.runChild(BlockJUnit4ClassRunner.java:70)
	at org.junit.runners.BlockJUnit4ClassRunner.runChild(BlockJUnit4ClassRunner.java:50)
	at org.junit.runners.ParentRunner$3.run(ParentRunner.java:238)
	at org.junit.runners.ParentRunner$1.schedule(ParentRunner.java:63)
	at org.junit.runners.ParentRunner.runChildren(ParentRunner.java:236)
	at org.junit.runners.ParentRunner.access$000(ParentRunner.java:53)
	at org.junit.runners.ParentRunner$2.evaluate(ParentRunner.java:229)
	at org.junit.runners.ParentRunner.run(ParentRunner.java:309)
	at org.apache.maven.surefire.junit4.JUnit4Provider.execute(JUnit4Provider.java:365)
	at org.apache.maven.surefire.junit4.JUnit4Provider.executeWithRerun(JUnit4Provider.java:273)
	at org.apache.maven.surefire.junit4.JUnit4Provider.executeTestSet(JUnit4Provider.java:238)
	at org.apache.maven.surefire.junit4.JUnit4Provider.invoke(JUnit4Provider.java:159)
	at org.apache.maven.surefire.booter.ForkedBooter.invokeProviderInSameClassLoader(ForkedBooter.java:384)
	at org.apache.maven.surefire.booter.ForkedBooter.runSuitesInProcess(ForkedBooter.java:345)
	at org.apache.maven.surefire.booter.ForkedBooter.execute(ForkedBooter.java:126)
	at org.apache.maven.surefire.booter.ForkedBooter.main(ForkedBooter.java:418)
2019-09-10 12:52:02,796 | INFO  | SCMAudit | user=jenkins1000 | ip=192.168.5.153 | op=SEND_HEARTBEAT {datanodeUUID=7c19fb12-96c9-4405-b962-861cc67d2712, command=[]} | ret=SUCCESS |  
2019-09-10 12:52:03,149 | INFO  | SCMAudit | user=jenkins1000 | ip=192.168.5.153 | op=SEND_HEARTBEAT {datanodeUUID=e116f4bc-cd87-4ac6-9da1-80e39cc5f9e9, command=[]} | ret=SUCCESS |  
2019-09-10 12:52:03,149 | INFO  | SCMAudit | user=jenkins1000 | ip=192.168.5.153 | op=SEND_HEARTBEAT {datanodeUUID=10cf323f-ae84-4971-a7e0-d66e9b6ea9ea, command=[]} | ret=SUCCESS |  
2019-09-10 12:52:03,149 | INFO  | SCMAudit | user=jenkins1000 | ip=192.168.5.153 | op=SEND_HEARTBEAT {datanodeUUID=162c807d-d7c6-42a8-ad53-3a3326afae0a, command=[]} | ret=SUCCESS |  
2019-09-10 12:52:03,368 | INFO  | SCMAudit | user=jenkins1000 | ip=192.168.5.153 | op=SEND_HEARTBEAT {datanodeUUID=01a6b04f-ad3e-4331-b74c-d33e97f682d8, command=[]} | ret=SUCCESS |  
2019-09-10 12:52:03,394 | INFO  | SCMAudit | user=jenkins1000 | ip=192.168.5.153 | op=SEND_HEARTBEAT {datanodeUUID=dca67000-a313-4773-81da-4c52f6fe39ce, command=[]} | ret=SUCCESS |  
2019-09-10 12:52:03,394 | INFO  | SCMAudit | user=jenkins1000 | ip=192.168.5.153 | op=SEND_HEARTBEAT {datanodeUUID=5da78483-2d4d-4152-a822-f0527bb3627d, command=[]} | ret=SUCCESS |  
2019-09-10 12:52:03,512 [main] WARN  storage.CommitWatcher (CommitWatcher.java:watchForCommit(203)) - watchForCommit failed for index 4
java.util.concurrent.TimeoutException
	at java.util.concurrent.CompletableFuture.timedGet(CompletableFuture.java:1771)
	at java.util.concurrent.CompletableFuture.get(CompletableFuture.java:1915)
	at org.apache.hadoop.hdds.scm.XceiverClientRatis.watchForCommit(XceiverClientRatis.java:268)
	at org.apache.hadoop.hdds.scm.storage.CommitWatcher.watchForCommit(CommitWatcher.java:194)
	at org.apache.hadoop.hdds.scm.storage.CommitWatcher.watchOnLastIndex(CommitWatcher.java:157)
	at org.apache.hadoop.hdds.scm.storage.BlockOutputStream.watchForCommit(BlockOutputStream.java:347)
	at org.apache.hadoop.hdds.scm.storage.BlockOutputStream.handleFlush(BlockOutputStream.java:479)
	at org.apache.hadoop.hdds.scm.storage.BlockOutputStream.flush(BlockOutputStream.java:428)
	at org.apache.hadoop.ozone.client.io.BlockOutputStreamEntry.flush(BlockOutputStreamEntry.java:136)
	at org.apache.hadoop.ozone.client.io.KeyOutputStream.handleFlushOrClose(KeyOutputStream.java:442)
	at org.apache.hadoop.ozone.client.io.KeyOutputStream.flush(KeyOutputStream.java:396)
	at org.apache.hadoop.ozone.client.io.OzoneOutputStream.flush(OzoneOutputStream.java:54)
	at org.apache.hadoop.ozone.client.rpc.TestBlockOutputStreamWithFailures.testFailureWithPrimeSizedData(TestBlockOutputStreamWithFailures.java:633)
	at sun.reflect.NativeMethodAccessorImpl.invoke0(Native Method)
	at sun.reflect.NativeMethodAccessorImpl.invoke(NativeMethodAccessorImpl.java:62)
	at sun.reflect.DelegatingMethodAccessorImpl.invoke(DelegatingMethodAccessorImpl.java:43)
	at java.lang.reflect.Method.invoke(Method.java:498)
	at org.junit.runners.model.FrameworkMethod$1.runReflectiveCall(FrameworkMethod.java:47)
	at org.junit.internal.runners.model.ReflectiveCallable.run(ReflectiveCallable.java:12)
	at org.junit.runners.model.FrameworkMethod.invokeExplosively(FrameworkMethod.java:44)
	at org.junit.internal.runners.statements.InvokeMethod.evaluate(InvokeMethod.java:17)
	at org.junit.internal.runners.statements.RunBefores.evaluate(RunBefores.java:26)
	at org.junit.internal.runners.statements.RunAfters.evaluate(RunAfters.java:27)
	at org.junit.runners.ParentRunner.runLeaf(ParentRunner.java:271)
	at org.junit.runners.BlockJUnit4ClassRunner.runChild(BlockJUnit4ClassRunner.java:70)
	at org.junit.runners.BlockJUnit4ClassRunner.runChild(BlockJUnit4ClassRunner.java:50)
	at org.junit.runners.ParentRunner$3.run(ParentRunner.java:238)
	at org.junit.runners.ParentRunner$1.schedule(ParentRunner.java:63)
	at org.junit.runners.ParentRunner.runChildren(ParentRunner.java:236)
	at org.junit.runners.ParentRunner.access$000(ParentRunner.java:53)
	at org.junit.runners.ParentRunner$2.evaluate(ParentRunner.java:229)
	at org.junit.runners.ParentRunner.run(ParentRunner.java:309)
	at org.apache.maven.surefire.junit4.JUnit4Provider.execute(JUnit4Provider.java:365)
	at org.apache.maven.surefire.junit4.JUnit4Provider.executeWithRerun(JUnit4Provider.java:273)
	at org.apache.maven.surefire.junit4.JUnit4Provider.executeTestSet(JUnit4Provider.java:238)
	at org.apache.maven.surefire.junit4.JUnit4Provider.invoke(JUnit4Provider.java:159)
	at org.apache.maven.surefire.booter.ForkedBooter.invokeProviderInSameClassLoader(ForkedBooter.java:384)
	at org.apache.maven.surefire.booter.ForkedBooter.runSuitesInProcess(ForkedBooter.java:345)
	at org.apache.maven.surefire.booter.ForkedBooter.execute(ForkedBooter.java:126)
	at org.apache.maven.surefire.booter.ForkedBooter.main(ForkedBooter.java:418)
2019-09-10 12:52:03,514 [main] WARN  io.KeyOutputStream (KeyOutputStream.java:handleException(276)) - Encountered exception java.io.IOException: Unexpected Storage Container Exception: java.io.IOException: Unexpected Storage Container Exception: java.util.concurrent.TimeoutException on the pipeline Pipeline[ Id: ca8fc726-e68a-41f2-8c11-f7c6ae1a2d04, Nodes: 5da78483-2d4d-4152-a822-f0527bb3627d{ip: 192.168.5.153, host: pr-hdds-1571-5ln6c-1111760135, networkLocation: /default-rack, certSerialId: null}01a6b04f-ad3e-4331-b74c-d33e97f682d8{ip: 192.168.5.153, host: pr-hdds-1571-5ln6c-1111760135, networkLocation: /default-rack, certSerialId: null}dca67000-a313-4773-81da-4c52f6fe39ce{ip: 192.168.5.153, host: pr-hdds-1571-5ln6c-1111760135, networkLocation: /default-rack, certSerialId: null}, Type:RATIS, Factor:THREE, State:OPEN]. The last committed block length is 0, uncommitted data length is 167 retry count 0
2019-09-10 12:52:03,518 | INFO  | SCMAudit | user=jenkins1000 | ip=192.168.5.153 | op=ALLOCATE_BLOCK {owner=2e43535b-3750-468c-a3a1-b23d830ba7b0, size=800, type=RATIS, factor=THREE} | ret=SUCCESS |  
2019-09-10 12:52:03,519 | INFO  | OMAudit | user=jenkins1000 | ip=127.0.0.1 | op=ALLOCATE_BLOCK {volume=testblockoutputstream, bucket=testblockoutputstream, key=887734cb-c47f-4755-9dec-91319fe87305, dataSize=0, replicationType=null, replicationFactor=null, keyLocationInfo=null, clientID=102768306740199440} | ret=SUCCESS |  
2019-09-10 12:52:03,655 | INFO  | DNAudit | user=null | ip=null | op=WRITE_CHUNK {blockData=conID: 3 locID: 102768307307675667 bcsId: 0} | ret=SUCCESS |  
2019-09-10 12:52:03,656 | INFO  | DNAudit | user=null | ip=null | op=WRITE_CHUNK {blockData=conID: 3 locID: 102768307307675667 bcsId: 0} | ret=SUCCESS |  
2019-09-10 12:52:03,656 | INFO  | SCMAudit | user=jenkins1000 | ip=192.168.5.153 | op=SEND_HEARTBEAT {datanodeUUID=10cf323f-ae84-4971-a7e0-d66e9b6ea9ea, command=[]} | ret=SUCCESS |  
2019-09-10 12:52:03,663 | INFO  | DNAudit | user=null | ip=null | op=WRITE_CHUNK {blockData=conID: 3 locID: 102768307307675667 bcsId: 0} | ret=SUCCESS |  
2019-09-10 12:52:03,663 | INFO  | DNAudit | user=null | ip=null | op=WRITE_CHUNK {blockData=conID: 3 locID: 102768307307675667 bcsId: 0} | ret=SUCCESS |  
2019-09-10 12:52:03,663 | INFO  | DNAudit | user=null | ip=null | op=WRITE_CHUNK {blockData=conID: 3 locID: 102768307307675667 bcsId: 0} | ret=SUCCESS |  
2019-09-10 12:52:03,663 | INFO  | DNAudit | user=null | ip=null | op=WRITE_CHUNK {blockData=conID: 3 locID: 102768307307675667 bcsId: 0} | ret=SUCCESS |  
2019-09-10 12:52:03,663 | INFO  | SCMAudit | user=jenkins1000 | ip=192.168.5.153 | op=SEND_HEARTBEAT {datanodeUUID=e116f4bc-cd87-4ac6-9da1-80e39cc5f9e9, command=[]} | ret=SUCCESS |  
2019-09-10 12:52:03,663 | INFO  | SCMAudit | user=jenkins1000 | ip=192.168.5.153 | op=SEND_HEARTBEAT {datanodeUUID=162c807d-d7c6-42a8-ad53-3a3326afae0a, command=[]} | ret=SUCCESS |  
2019-09-10 12:52:03,669 | INFO  | DNAudit | user=null | ip=null | op=WRITE_CHUNK {blockData=conID: 3 locID: 102768307307675667 bcsId: 0} | ret=SUCCESS |  
2019-09-10 12:52:03,672 | INFO  | DNAudit | user=null | ip=null | op=WRITE_CHUNK {blockData=conID: 3 locID: 102768307307675667 bcsId: 0} | ret=SUCCESS |  
2019-09-10 12:52:03,673 [grpc-default-executor-10] INFO  client.GrpcClientProtocolClient (GrpcClientProtocolClient.java:onNext(255)) - client-9A6D123C8655->10cf323f-ae84-4971-a7e0-d66e9b6ea9ea: receive RaftClientReply:client-9A6D123C8655->10cf323f-ae84-4971-a7e0-d66e9b6ea9ea@group-DD9FE6C50665, cid=226, SUCCESS, logIndex=9, commits[10cf323f-ae84-4971-a7e0-d66e9b6ea9ea:c11, 162c807d-d7c6-42a8-ad53-3a3326afae0a:c8, e116f4bc-cd87-4ac6-9da1-80e39cc5f9e9:c8]
2019-09-10 12:52:03,674 [grpc-default-executor-10] INFO  client.GrpcClientProtocolClient (GrpcClientProtocolClient.java:onNext(255)) - client-9A6D123C8655->10cf323f-ae84-4971-a7e0-d66e9b6ea9ea: receive RaftClientReply:client-9A6D123C8655->10cf323f-ae84-4971-a7e0-d66e9b6ea9ea@group-DD9FE6C50665, cid=227, SUCCESS, logIndex=10, commits[10cf323f-ae84-4971-a7e0-d66e9b6ea9ea:c11, 162c807d-d7c6-42a8-ad53-3a3326afae0a:c8, e116f4bc-cd87-4ac6-9da1-80e39cc5f9e9:c8]
2019-09-10 12:52:03,674 | INFO  | DNAudit | user=null | ip=null | op=WRITE_CHUNK {blockData=conID: 3 locID: 102768307307675667 bcsId: 0} | ret=SUCCESS |  
2019-09-10 12:52:03,675 | INFO  | DNAudit | user=null | ip=null | op=WRITE_CHUNK {blockData=conID: 3 locID: 102768307307675667 bcsId: 0} | ret=SUCCESS |  
2019-09-10 12:52:03,679 | INFO  | DNAudit | user=null | ip=null | op=WRITE_CHUNK {blockData=conID: 3 locID: 102768307307675667 bcsId: 0} | ret=SUCCESS |  
2019-09-10 12:52:03,679 | INFO  | DNAudit | user=null | ip=null | op=WRITE_CHUNK {blockData=conID: 3 locID: 102768307307675667 bcsId: 0} | ret=SUCCESS |  
2019-09-10 12:52:03,693 | INFO  | DNAudit | user=null | ip=null | op=PUT_BLOCK {blockData=[blockId=conID: 3 locID: 102768307307675667 bcsId: 0,size=167]} | ret=SUCCESS |  
2019-09-10 12:52:03,694 [grpc-default-executor-10] INFO  client.GrpcClientProtocolClient (GrpcClientProtocolClient.java:onNext(255)) - client-9A6D123C8655->10cf323f-ae84-4971-a7e0-d66e9b6ea9ea: receive RaftClientReply:client-9A6D123C8655->10cf323f-ae84-4971-a7e0-d66e9b6ea9ea@group-DD9FE6C50665, cid=228, SUCCESS, logIndex=11, commits[10cf323f-ae84-4971-a7e0-d66e9b6ea9ea:c13, 162c807d-d7c6-42a8-ad53-3a3326afae0a:c11, e116f4bc-cd87-4ac6-9da1-80e39cc5f9e9:c11]
2019-09-10 12:52:03,695 [main] INFO  ozone.MiniOzoneClusterImpl (MiniOzoneClusterImpl.java:shutdown(321)) - Shutting down the Mini Ozone Cluster
2019-09-10 12:52:03,696 | INFO  | SCMAudit | user=null | ip=null | op=GET_SCM_INFO null | ret=SUCCESS |  
2019-09-10 12:52:03,696 [main] INFO  ozone.MiniOzoneClusterImpl (MiniOzoneClusterImpl.java:stop(336)) - Stopping the Mini Ozone Cluster
2019-09-10 12:52:03,696 [main] INFO  ozone.MiniOzoneClusterImpl (MiniOzoneClusterImpl.java:stop(338)) - Stopping the OzoneManager
2019-09-10 12:52:03,696 [main] INFO  ipc.Server (Server.java:stop(3082)) - Stopping server on 37533
2019-09-10 12:52:03,709 [main] INFO  ratis.OzoneManagerDoubleBuffer (OzoneManagerDoubleBuffer.java:stop(248)) - Stopping OMDoubleBuffer flush thread
2019-09-10 12:52:03,713 [IPC Server listener on 37533] INFO  ipc.Server (Server.java:run(1185)) - Stopping IPC Server listener on 37533
2019-09-10 12:52:03,710 [IPC Server Responder] INFO  ipc.Server (Server.java:run(1319)) - Stopping IPC Server Responder
2019-09-10 12:52:03,719 [OMDoubleBufferFlushThread] INFO  ratis.OzoneManagerDoubleBuffer (OzoneManagerDoubleBuffer.java:flushTransactions(191)) - OMDoubleBuffer flush thread OMDoubleBufferFlushThread is interrupted and will exit. OMDoubleBufferFlushThread
2019-09-10 12:52:03,741 | INFO  | DNAudit | user=null | ip=null | op=PUT_BLOCK {blockData=[blockId=conID: 3 locID: 102768307307675667 bcsId: 0,size=167]} | ret=SUCCESS |  
2019-09-10 12:52:03,741 [main] INFO  utils.BackgroundService (BackgroundService.java:shutdown(148)) - Shutting down service KeyDeletingService
2019-09-10 12:52:03,743 [main] INFO  handler.ContextHandler (ContextHandler.java:doStop(910)) - Stopped o.e.j.w.WebAppContext@6a4bd9e4{/,null,UNAVAILABLE}{/ozoneManager}
2019-09-10 12:52:03,743 [main] INFO  server.AbstractConnector (AbstractConnector.java:doStop(318)) - Stopped ServerConnector@8ea1521{HTTP/1.1,[http/1.1]}{0.0.0.0:0}
2019-09-10 12:52:03,744 [main] INFO  handler.ContextHandler (ContextHandler.java:doStop(910)) - Stopped o.e.j.s.ServletContextHandler@6316b9e3{/static,file:///workdir/hadoop-ozone/integration-test/target/test-classes/webapps/static,UNAVAILABLE}
2019-09-10 12:52:03,744 [main] INFO  handler.ContextHandler (ContextHandler.java:doStop(910)) - Stopped o.e.j.s.ServletContextHandler@17e96b3c{/logs,file:///workdir/hadoop-ozone/integration-test/target/log,UNAVAILABLE}
2019-09-10 12:52:03,746 [main] INFO  ozone.MiniOzoneClusterImpl (MiniOzoneClusterImpl.java:stop(344)) - Shutting the HddsDatanodes
2019-09-10 12:52:03,746 [main] INFO  datanode.ObjectStoreHandler (ObjectStoreHandler.java:close(155)) - Closing ObjectStoreHandler.
2019-09-10 12:52:03,746 [ForkJoinPool.commonPool-worker-0] INFO  datanode.ObjectStoreHandler (ObjectStoreHandler.java:close(155)) - Closing ObjectStoreHandler.
2019-09-10 12:52:03,747 [main] INFO  ozone.HddsDatanodeService (HddsDatanodeService.java:stop(451)) - Stopped plug-in org.apache.hadoop.ozone.web.OzoneHddsDatanodeService@36821a1b
2019-09-10 12:52:03,747 [ForkJoinPool.commonPool-worker-0] INFO  ozone.HddsDatanodeService (HddsDatanodeService.java:stop(451)) - Stopped plug-in org.apache.hadoop.ozone.web.OzoneHddsDatanodeService@2b991034
2019-09-10 12:52:03,796 | INFO  | SCMAudit | user=jenkins1000 | ip=192.168.5.153 | op=SEND_HEARTBEAT {datanodeUUID=7c19fb12-96c9-4405-b962-861cc67d2712, command=[]} | ret=SUCCESS |  
2019-09-10 12:52:03,814 | INFO  | DNAudit | user=null | ip=null | op=PUT_BLOCK {blockData=[blockId=conID: 3 locID: 102768307307675667 bcsId: 0,size=167]} | ret=SUCCESS |  
2019-09-10 12:52:03,996 [grpc-default-executor-9] INFO  client.GrpcClientProtocolClient (GrpcClientProtocolClient.java:onNext(255)) - client-DB758DB0876B->dca67000-a313-4773-81da-4c52f6fe39ce: receive RaftClientReply:client-DB758DB0876B->dca67000-a313-4773-81da-4c52f6fe39ce@group-F7C6AE1A2D04, cid=225, SUCCESS, logIndex=0, commits[dca67000-a313-4773-81da-4c52f6fe39ce:c6, 01a6b04f-ad3e-4331-b74c-d33e97f682d8:c6, 5da78483-2d4d-4152-a822-f0527bb3627d:c3]
2019-09-10 12:52:03,997 [grpc-default-executor-9] INFO  client.GrpcClientProtocolClient (GrpcClientProtocolClient.java:onNext(255)) - client-DB758DB0876B->dca67000-a313-4773-81da-4c52f6fe39ce: receive RaftClientReply:client-DB758DB0876B->dca67000-a313-4773-81da-4c52f6fe39ce@group-F7C6AE1A2D04, cid=224, SUCCESS, logIndex=0, commits[dca67000-a313-4773-81da-4c52f6fe39ce:c6, 01a6b04f-ad3e-4331-b74c-d33e97f682d8:c6, 5da78483-2d4d-4152-a822-f0527bb3627d:c6]
2019-09-10 12:52:04,084 | INFO  | DNAudit | user=null | ip=null | op=PUT_BLOCK {blockData=[blockId=conID: 2 locID: 102768307155501074 bcsId: 0,size=167]} | ret=SUCCESS |  
2019-09-10 12:52:04,166 | INFO  | DNAudit | user=null | ip=null | op=PUT_BLOCK {blockData=[blockId=conID: 2 locID: 102768307155501074 bcsId: 0,size=167]} | ret=SUCCESS |  
2019-09-10 12:52:04,367 [Datanode State Machine Thread - 0] INFO  statemachine.DatanodeStateMachine (DatanodeStateMachine.java:lambda$startDaemon$0(350)) - Ozone container server started.
2019-09-10 12:52:04,394 | INFO  | SCMAudit | user=jenkins1000 | ip=192.168.5.153 | op=SEND_HEARTBEAT {datanodeUUID=5da78483-2d4d-4152-a822-f0527bb3627d, command=[]} | ret=SUCCESS |  
2019-09-10 12:52:04,394 | INFO  | SCMAudit | user=jenkins1000 | ip=192.168.5.153 | op=SEND_HEARTBEAT {datanodeUUID=dca67000-a313-4773-81da-4c52f6fe39ce, command=[]} | ret=SUCCESS |  
2019-09-10 12:52:04,655 [Datanode State Machine Thread - 0] INFO  statemachine.DatanodeStateMachine (DatanodeStateMachine.java:lambda$startDaemon$0(350)) - Ozone container server started.
2019-09-10 12:52:04,663 | INFO  | SCMAudit | user=jenkins1000 | ip=192.168.5.153 | op=SEND_HEARTBEAT {datanodeUUID=e116f4bc-cd87-4ac6-9da1-80e39cc5f9e9, command=[]} | ret=SUCCESS |  
2019-09-10 12:52:04,663 | INFO  | SCMAudit | user=jenkins1000 | ip=192.168.5.153 | op=SEND_HEARTBEAT {datanodeUUID=162c807d-d7c6-42a8-ad53-3a3326afae0a, command=[]} | ret=SUCCESS |  
2019-09-10 12:52:04,796 | INFO  | SCMAudit | user=jenkins1000 | ip=192.168.5.153 | op=SEND_HEARTBEAT {datanodeUUID=7c19fb12-96c9-4405-b962-861cc67d2712, command=[]} | ret=SUCCESS |  
2019-09-10 12:52:05,394 | INFO  | SCMAudit | user=jenkins1000 | ip=192.168.5.153 | op=SEND_HEARTBEAT {datanodeUUID=5da78483-2d4d-4152-a822-f0527bb3627d, command=[]} | ret=SUCCESS |  
2019-09-10 12:52:05,394 | INFO  | SCMAudit | user=jenkins1000 | ip=192.168.5.153 | op=SEND_HEARTBEAT {datanodeUUID=dca67000-a313-4773-81da-4c52f6fe39ce, command=[]} | ret=SUCCESS |  
2019-09-10 12:52:05,663 | INFO  | SCMAudit | user=jenkins1000 | ip=192.168.5.153 | op=SEND_HEARTBEAT {datanodeUUID=162c807d-d7c6-42a8-ad53-3a3326afae0a, command=[]} | ret=SUCCESS |  
2019-09-10 12:52:05,663 | INFO  | SCMAudit | user=jenkins1000 | ip=192.168.5.153 | op=SEND_HEARTBEAT {datanodeUUID=e116f4bc-cd87-4ac6-9da1-80e39cc5f9e9, command=[]} | ret=SUCCESS |  
2019-09-10 12:52:05,795 | INFO  | SCMAudit | user=jenkins1000 | ip=192.168.5.153 | op=SEND_HEARTBEAT {datanodeUUID=7c19fb12-96c9-4405-b962-861cc67d2712, command=[]} | ret=SUCCESS |  
2019-09-10 12:52:06,394 | INFO  | SCMAudit | user=jenkins1000 | ip=192.168.5.153 | op=SEND_HEARTBEAT {datanodeUUID=5da78483-2d4d-4152-a822-f0527bb3627d, command=[]} | ret=SUCCESS |  
2019-09-10 12:52:06,394 | INFO  | SCMAudit | user=jenkins1000 | ip=192.168.5.153 | op=SEND_HEARTBEAT {datanodeUUID=dca67000-a313-4773-81da-4c52f6fe39ce, command=[]} | ret=SUCCESS |  
2019-09-10 12:52:06,663 | INFO  | SCMAudit | user=jenkins1000 | ip=192.168.5.153 | op=SEND_HEARTBEAT {datanodeUUID=e116f4bc-cd87-4ac6-9da1-80e39cc5f9e9, command=[]} | ret=SUCCESS |  
2019-09-10 12:52:06,663 | INFO  | SCMAudit | user=jenkins1000 | ip=192.168.5.153 | op=SEND_HEARTBEAT {datanodeUUID=162c807d-d7c6-42a8-ad53-3a3326afae0a, command=[]} | ret=SUCCESS |  
2019-09-10 12:52:06,795 | INFO  | SCMAudit | user=jenkins1000 | ip=192.168.5.153 | op=SEND_HEARTBEAT {datanodeUUID=7c19fb12-96c9-4405-b962-861cc67d2712, command=[]} | ret=SUCCESS |  
2019-09-10 12:52:07,394 | INFO  | SCMAudit | user=jenkins1000 | ip=192.168.5.153 | op=SEND_HEARTBEAT {datanodeUUID=dca67000-a313-4773-81da-4c52f6fe39ce, command=[]} | ret=SUCCESS |  
2019-09-10 12:52:07,394 | INFO  | SCMAudit | user=jenkins1000 | ip=192.168.5.153 | op=SEND_HEARTBEAT {datanodeUUID=5da78483-2d4d-4152-a822-f0527bb3627d, command=[]} | ret=SUCCESS |  
2019-09-10 12:52:07,663 | INFO  | SCMAudit | user=jenkins1000 | ip=192.168.5.153 | op=SEND_HEARTBEAT {datanodeUUID=162c807d-d7c6-42a8-ad53-3a3326afae0a, command=[]} | ret=SUCCESS |  
2019-09-10 12:52:07,663 | INFO  | SCMAudit | user=jenkins1000 | ip=192.168.5.153 | op=SEND_HEARTBEAT {datanodeUUID=e116f4bc-cd87-4ac6-9da1-80e39cc5f9e9, command=[]} | ret=SUCCESS |  
2019-09-10 12:52:07,796 | INFO  | SCMAudit | user=jenkins1000 | ip=192.168.5.153 | op=SEND_HEARTBEAT {datanodeUUID=7c19fb12-96c9-4405-b962-861cc67d2712, command=[]} | ret=SUCCESS |  
2019-09-10 12:52:08,394 | INFO  | SCMAudit | user=jenkins1000 | ip=192.168.5.153 | op=SEND_HEARTBEAT {datanodeUUID=5da78483-2d4d-4152-a822-f0527bb3627d, command=[]} | ret=SUCCESS |  
2019-09-10 12:52:08,395 | INFO  | SCMAudit | user=jenkins1000 | ip=192.168.5.153 | op=SEND_HEARTBEAT {datanodeUUID=dca67000-a313-4773-81da-4c52f6fe39ce, command=[]} | ret=SUCCESS |  
2019-09-10 12:52:08,428 [EventQueue-StaleNodeForStaleNodeHandler] INFO  node.StaleNodeHandler (StaleNodeHandler.java:onMessage(58)) - Datanode 01a6b04f-ad3e-4331-b74c-d33e97f682d8{ip: 192.168.5.153, host: pr-hdds-1571-5ln6c-1111760135, networkLocation: /default-rack, certSerialId: null} moved to stale state. Finalizing its pipelines [PipelineID=d599ffef-9c6f-4dee-96c8-de77a6e87eb2, PipelineID=ca8fc726-e68a-41f2-8c11-f7c6ae1a2d04]
2019-09-10 12:52:08,429 [EventQueue-StaleNodeForStaleNodeHandler] INFO  pipeline.SCMPipelineManager (SCMPipelineManager.java:finalizeAndDestroyPipeline(309)) - destroying pipeline:Pipeline[ Id: d599ffef-9c6f-4dee-96c8-de77a6e87eb2, Nodes: 01a6b04f-ad3e-4331-b74c-d33e97f682d8{ip: 192.168.5.153, host: pr-hdds-1571-5ln6c-1111760135, networkLocation: /default-rack, certSerialId: null}, Type:RATIS, Factor:ONE, State:OPEN]
2019-09-10 12:52:08,429 [EventQueue-StaleNodeForStaleNodeHandler] INFO  pipeline.PipelineStateManager (PipelineStateManager.java:finalizePipeline(123)) - Pipeline Pipeline[ Id: d599ffef-9c6f-4dee-96c8-de77a6e87eb2, Nodes: 01a6b04f-ad3e-4331-b74c-d33e97f682d8{ip: 192.168.5.153, host: pr-hdds-1571-5ln6c-1111760135, networkLocation: /default-rack, certSerialId: null}, Type:RATIS, Factor:ONE, State:CLOSED] moved to CLOSED state
2019-09-10 12:52:08,429 [EventQueue-StaleNodeForStaleNodeHandler] INFO  pipeline.SCMPipelineManager (SCMPipelineManager.java:finalizeAndDestroyPipeline(309)) - destroying pipeline:Pipeline[ Id: ca8fc726-e68a-41f2-8c11-f7c6ae1a2d04, Nodes: 5da78483-2d4d-4152-a822-f0527bb3627d{ip: 192.168.5.153, host: pr-hdds-1571-5ln6c-1111760135, networkLocation: /default-rack, certSerialId: null}01a6b04f-ad3e-4331-b74c-d33e97f682d8{ip: 192.168.5.153, host: pr-hdds-1571-5ln6c-1111760135, networkLocation: /default-rack, certSerialId: null}dca67000-a313-4773-81da-4c52f6fe39ce{ip: 192.168.5.153, host: pr-hdds-1571-5ln6c-1111760135, networkLocation: /default-rack, certSerialId: null}, Type:RATIS, Factor:THREE, State:OPEN]
2019-09-10 12:52:08,429 [EventQueue-StaleNodeForStaleNodeHandler] INFO  pipeline.PipelineStateManager (PipelineStateManager.java:finalizePipeline(123)) - Pipeline Pipeline[ Id: ca8fc726-e68a-41f2-8c11-f7c6ae1a2d04, Nodes: 5da78483-2d4d-4152-a822-f0527bb3627d{ip: 192.168.5.153, host: pr-hdds-1571-5ln6c-1111760135, networkLocation: /default-rack, certSerialId: null}01a6b04f-ad3e-4331-b74c-d33e97f682d8{ip: 192.168.5.153, host: pr-hdds-1571-5ln6c-1111760135, networkLocation: /default-rack, certSerialId: null}dca67000-a313-4773-81da-4c52f6fe39ce{ip: 192.168.5.153, host: pr-hdds-1571-5ln6c-1111760135, networkLocation: /default-rack, certSerialId: null}, Type:RATIS, Factor:THREE, State:CLOSED] moved to CLOSED state
2019-09-10 12:52:08,430 [EventQueue-CloseContainerForCloseContainerEventHandler] INFO  container.CloseContainerEventHandler (CloseContainerEventHandler.java:onMessage(61)) - Close container Event triggered for container : #2
2019-09-10 12:52:08,663 | INFO  | SCMAudit | user=jenkins1000 | ip=192.168.5.153 | op=SEND_HEARTBEAT {datanodeUUID=162c807d-d7c6-42a8-ad53-3a3326afae0a, command=[]} | ret=SUCCESS |  
2019-09-10 12:52:08,663 | INFO  | SCMAudit | user=jenkins1000 | ip=192.168.5.153 | op=SEND_HEARTBEAT {datanodeUUID=e116f4bc-cd87-4ac6-9da1-80e39cc5f9e9, command=[]} | ret=SUCCESS |  
2019-09-10 12:52:08,729 [EventQueue-StaleNodeForStaleNodeHandler] INFO  node.StaleNodeHandler (StaleNodeHandler.java:onMessage(58)) - Datanode 10cf323f-ae84-4971-a7e0-d66e9b6ea9ea{ip: 192.168.5.153, host: pr-hdds-1571-5ln6c-1111760135, networkLocation: /default-rack, certSerialId: null} moved to stale state. Finalizing its pipelines [PipelineID=18a93aa5-9211-4313-a260-dd9fe6c50665, PipelineID=fadbac3e-5520-43b0-9916-cc7b103a6cff]
2019-09-10 12:52:08,729 [EventQueue-StaleNodeForStaleNodeHandler] INFO  pipeline.SCMPipelineManager (SCMPipelineManager.java:finalizeAndDestroyPipeline(309)) - destroying pipeline:Pipeline[ Id: 18a93aa5-9211-4313-a260-dd9fe6c50665, Nodes: e116f4bc-cd87-4ac6-9da1-80e39cc5f9e9{ip: 192.168.5.153, host: pr-hdds-1571-5ln6c-1111760135, networkLocation: /default-rack, certSerialId: null}162c807d-d7c6-42a8-ad53-3a3326afae0a{ip: 192.168.5.153, host: pr-hdds-1571-5ln6c-1111760135, networkLocation: /default-rack, certSerialId: null}10cf323f-ae84-4971-a7e0-d66e9b6ea9ea{ip: 192.168.5.153, host: pr-hdds-1571-5ln6c-1111760135, networkLocation: /default-rack, certSerialId: null}, Type:RATIS, Factor:THREE, State:OPEN]
2019-09-10 12:52:08,729 [EventQueue-StaleNodeForStaleNodeHandler] INFO  pipeline.PipelineStateManager (PipelineStateManager.java:finalizePipeline(123)) - Pipeline Pipeline[ Id: 18a93aa5-9211-4313-a260-dd9fe6c50665, Nodes: e116f4bc-cd87-4ac6-9da1-80e39cc5f9e9{ip: 192.168.5.153, host: pr-hdds-1571-5ln6c-1111760135, networkLocation: /default-rack, certSerialId: null}162c807d-d7c6-42a8-ad53-3a3326afae0a{ip: 192.168.5.153, host: pr-hdds-1571-5ln6c-1111760135, networkLocation: /default-rack, certSerialId: null}10cf323f-ae84-4971-a7e0-d66e9b6ea9ea{ip: 192.168.5.153, host: pr-hdds-1571-5ln6c-1111760135, networkLocation: /default-rack, certSerialId: null}, Type:RATIS, Factor:THREE, State:CLOSED] moved to CLOSED state
2019-09-10 12:52:08,730 [EventQueue-CloseContainerForCloseContainerEventHandler] INFO  container.CloseContainerEventHandler (CloseContainerEventHandler.java:onMessage(61)) - Close container Event triggered for container : #3
2019-09-10 12:52:08,730 [EventQueue-StaleNodeForStaleNodeHandler] INFO  pipeline.SCMPipelineManager (SCMPipelineManager.java:finalizeAndDestroyPipeline(309)) - destroying pipeline:Pipeline[ Id: fadbac3e-5520-43b0-9916-cc7b103a6cff, Nodes: 10cf323f-ae84-4971-a7e0-d66e9b6ea9ea{ip: 192.168.5.153, host: pr-hdds-1571-5ln6c-1111760135, networkLocation: /default-rack, certSerialId: null}, Type:RATIS, Factor:ONE, State:OPEN]
2019-09-10 12:52:08,730 [EventQueue-StaleNodeForStaleNodeHandler] INFO  pipeline.PipelineStateManager (PipelineStateManager.java:finalizePipeline(123)) - Pipeline Pipeline[ Id: fadbac3e-5520-43b0-9916-cc7b103a6cff, Nodes: 10cf323f-ae84-4971-a7e0-d66e9b6ea9ea{ip: 192.168.5.153, host: pr-hdds-1571-5ln6c-1111760135, networkLocation: /default-rack, certSerialId: null}, Type:RATIS, Factor:ONE, State:CLOSED] moved to CLOSED state
2019-09-10 12:52:08,748 [main] INFO  ozoneimpl.OzoneContainer (OzoneContainer.java:stop(199)) - Attempting to stop container services.
2019-09-10 12:52:08,748 [ForkJoinPool.commonPool-worker-0] INFO  ozoneimpl.OzoneContainer (OzoneContainer.java:stop(199)) - Attempting to stop container services.
2019-09-10 12:52:08,748 [main] INFO  impl.RaftServerProxy (RaftServerProxy.java:lambda$close$4(314)) - 01a6b04f-ad3e-4331-b74c-d33e97f682d8: close
2019-09-10 12:52:08,748 [ForkJoinPool.commonPool-worker-0] INFO  impl.RaftServerProxy (RaftServerProxy.java:lambda$close$4(314)) - 10cf323f-ae84-4971-a7e0-d66e9b6ea9ea: close
2019-09-10 12:52:08,749 [main] INFO  impl.RaftServerImpl (RaftServerImpl.java:lambda$shutdown$3(245)) - 01a6b04f-ad3e-4331-b74c-d33e97f682d8: shutdown group-DE77A6E87EB2
2019-09-10 12:52:08,749 [ForkJoinPool.commonPool-worker-0] INFO  impl.RaftServerImpl (RaftServerImpl.java:lambda$shutdown$3(245)) - 10cf323f-ae84-4971-a7e0-d66e9b6ea9ea: shutdown group-DD9FE6C50665
2019-09-10 12:52:08,749 [main] INFO  util.JmxRegister (JmxRegister.java:unregister(73)) - Successfully un-registered JMX Bean with object name Ratis:service=RaftServer,group=group-DE77A6E87EB2,id=01a6b04f-ad3e-4331-b74c-d33e97f682d8
2019-09-10 12:52:08,749 [ForkJoinPool.commonPool-worker-0] INFO  util.JmxRegister (JmxRegister.java:unregister(73)) - Successfully un-registered JMX Bean with object name Ratis:service=RaftServer,group=group-DD9FE6C50665,id=10cf323f-ae84-4971-a7e0-d66e9b6ea9ea
2019-09-10 12:52:08,750 [main] INFO  impl.RoleInfo (RoleInfo.java:shutdownLeaderState(104)) - 01a6b04f-ad3e-4331-b74c-d33e97f682d8: shutdown LeaderState
2019-09-10 12:52:08,750 [ForkJoinPool.commonPool-worker-0] INFO  impl.RoleInfo (RoleInfo.java:shutdownLeaderState(104)) - 10cf323f-ae84-4971-a7e0-d66e9b6ea9ea: shutdown LeaderState
2019-09-10 12:52:08,750 [main] INFO  impl.PendingRequests (PendingRequests.java:sendNotLeaderResponses(202)) - 01a6b04f-ad3e-4331-b74c-d33e97f682d8-PendingRequests: sendNotLeaderResponses
2019-09-10 12:52:08,756 [org.apache.ratis.server.impl.LogAppender$AppenderDaemon$$Lambda$488/265321348@55f658ef] WARN  server.GrpcLogAppender (GrpcLogAppender.java:mayWait(143)) - GrpcLogAppender(10cf323f-ae84-4971-a7e0-d66e9b6ea9ea->162c807d-d7c6-42a8-ad53-3a3326afae0a): Wait interrupted by java.lang.InterruptedException
2019-09-10 12:52:08,756 [org.apache.ratis.server.impl.LogAppender$AppenderDaemon$$Lambda$488/265321348@10f4dc35] WARN  server.GrpcLogAppender (GrpcLogAppender.java:mayWait(143)) - GrpcLogAppender(10cf323f-ae84-4971-a7e0-d66e9b6ea9ea->e116f4bc-cd87-4ac6-9da1-80e39cc5f9e9): Wait interrupted by java.lang.InterruptedException
2019-09-10 12:52:08,756 [ForkJoinPool.commonPool-worker-0] INFO  impl.PendingRequests (PendingRequests.java:sendNotLeaderResponses(202)) - 10cf323f-ae84-4971-a7e0-d66e9b6ea9ea-PendingRequests: sendNotLeaderResponses
2019-09-10 12:52:08,756 [main] INFO  impl.StateMachineUpdater (StateMachineUpdater.java:stopAndJoin(115)) - StateMachineUpdater:01a6b04f-ad3e-4331-b74c-d33e97f682d8:group-DE77A6E87EB2: set stopIndex = 0
2019-09-10 12:52:08,759 [StateMachineUpdater:10cf323f-ae84-4971-a7e0-d66e9b6ea9ea:group-DD9FE6C50665] INFO  ratis.ContainerStateMachine (ContainerStateMachine.java:takeSnapshot(283)) - group-DD9FE6C50665: Taking a snapshot at:(t:1, i:13) file /workdir/hadoop-ozone/integration-test/target/test-dir/MiniOzoneClusterImpl-621806fa-6f52-406a-98d3-49fc87e46c7c/datanode-1/data/ratis/18a93aa5-9211-4313-a260-dd9fe6c50665/sm/snapshot.1_13
2019-09-10 12:52:08,757 [grpc-default-executor-9] INFO  server.GrpcServerProtocolService (GrpcServerProtocolService.java:onCompleted(104)) - e116f4bc-cd87-4ac6-9da1-80e39cc5f9e9: appendEntries completed
2019-09-10 12:52:08,759 [ForkJoinPool.commonPool-worker-0] INFO  impl.StateMachineUpdater (StateMachineUpdater.java:stopAndJoin(115)) - StateMachineUpdater:10cf323f-ae84-4971-a7e0-d66e9b6ea9ea:group-DD9FE6C50665: set stopIndex = 13
2019-09-10 12:52:08,757 [grpc-default-executor-10] INFO  server.GrpcServerProtocolService (GrpcServerProtocolService.java:onCompleted(104)) - 162c807d-d7c6-42a8-ad53-3a3326afae0a: appendEntries completed
2019-09-10 12:52:08,760 [grpc-default-executor-9] INFO  server.GrpcLogAppender (GrpcLogAppender.java:onCompleted(292)) - 10cf323f-ae84-4971-a7e0-d66e9b6ea9ea->e116f4bc-cd87-4ac6-9da1-80e39cc5f9e9: follower responses appendEntries COMPLETED
2019-09-10 12:52:08,759 [main] INFO  impl.RaftServerImpl (ServerState.java:close(394)) - 01a6b04f-ad3e-4331-b74c-d33e97f682d8:group-DE77A6E87EB2 closes. The last applied log index is 0
2019-09-10 12:52:08,760 [grpc-default-executor-9] INFO  impl.FollowerInfo (FollowerInfo.java:lambda$new$0(50)) - 10cf323f-ae84-4971-a7e0-d66e9b6ea9ea->e116f4bc-cd87-4ac6-9da1-80e39cc5f9e9: nextIndex: updateUnconditionally 14 -> 13
2019-09-10 12:52:08,760 [grpc-default-executor-0] INFO  server.GrpcLogAppender (GrpcLogAppender.java:onCompleted(292)) - 10cf323f-ae84-4971-a7e0-d66e9b6ea9ea->162c807d-d7c6-42a8-ad53-3a3326afae0a: follower responses appendEntries COMPLETED
2019-09-10 12:52:08,761 [01a6b04f-ad3e-4331-b74c-d33e97f682d8-SegmentedRaftLogWorker:Storage Directory /workdir/hadoop-ozone/integration-test/target/test-dir/MiniOzoneClusterImpl-621806fa-6f52-406a-98d3-49fc87e46c7c/datanode-4/data/ratis/d599ffef-9c6f-4dee-96c8-de77a6e87eb2] INFO  segmented.SegmentedRaftLogWorker (SegmentedRaftLogWorker.java:run(313)) - 01a6b04f-ad3e-4331-b74c-d33e97f682d8-SegmentedRaftLogWorker:Storage Directory /workdir/hadoop-ozone/integration-test/target/test-dir/MiniOzoneClusterImpl-621806fa-6f52-406a-98d3-49fc87e46c7c/datanode-4/data/ratis/d599ffef-9c6f-4dee-96c8-de77a6e87eb2 was interrupted, exiting. There are 0 tasks remaining in the queue.
2019-09-10 12:52:08,761 [grpc-default-executor-0] INFO  impl.FollowerInfo (FollowerInfo.java:lambda$new$0(50)) - 10cf323f-ae84-4971-a7e0-d66e9b6ea9ea->162c807d-d7c6-42a8-ad53-3a3326afae0a: nextIndex: updateUnconditionally 14 -> 13
2019-09-10 12:52:08,764 [main] INFO  segmented.SegmentedRaftLogWorker (SegmentedRaftLogWorker.java:close(228)) - 01a6b04f-ad3e-4331-b74c-d33e97f682d8-SegmentedRaftLogWorker:Storage Directory /workdir/hadoop-ozone/integration-test/target/test-dir/MiniOzoneClusterImpl-621806fa-6f52-406a-98d3-49fc87e46c7c/datanode-4/data/ratis/d599ffef-9c6f-4dee-96c8-de77a6e87eb2 close()
2019-09-10 12:52:08,768 [main] INFO  impl.RaftServerImpl (RaftServerImpl.java:lambda$shutdown$3(245)) - 01a6b04f-ad3e-4331-b74c-d33e97f682d8: shutdown group-F7C6AE1A2D04
2019-09-10 12:52:08,768 [main] INFO  util.JmxRegister (JmxRegister.java:unregister(73)) - Successfully un-registered JMX Bean with object name Ratis:service=RaftServer,group=group-F7C6AE1A2D04,id=01a6b04f-ad3e-4331-b74c-d33e97f682d8
2019-09-10 12:52:08,769 [main] INFO  impl.RoleInfo (RoleInfo.java:shutdownFollowerState(121)) - 01a6b04f-ad3e-4331-b74c-d33e97f682d8: shutdown FollowerState
2019-09-10 12:52:08,769 [main] INFO  impl.StateMachineUpdater (StateMachineUpdater.java:stopAndJoin(115)) - StateMachineUpdater:01a6b04f-ad3e-4331-b74c-d33e97f682d8:group-F7C6AE1A2D04: set stopIndex = 6
2019-09-10 12:52:08,769 [Thread-4091] INFO  impl.FollowerState (FollowerState.java:run(114)) - 01a6b04f-ad3e-4331-b74c-d33e97f682d8: FollowerState was interrupted: java.lang.InterruptedException: sleep interrupted
2019-09-10 12:52:08,769 [StateMachineUpdater:01a6b04f-ad3e-4331-b74c-d33e97f682d8:group-F7C6AE1A2D04] INFO  ratis.ContainerStateMachine (ContainerStateMachine.java:takeSnapshot(283)) - group-F7C6AE1A2D04: Taking a snapshot at:(t:1, i:6) file /workdir/hadoop-ozone/integration-test/target/test-dir/MiniOzoneClusterImpl-621806fa-6f52-406a-98d3-49fc87e46c7c/datanode-4/data/ratis/ca8fc726-e68a-41f2-8c11-f7c6ae1a2d04/sm/snapshot.1_6
2019-09-10 12:52:08,782 [StateMachineUpdater:10cf323f-ae84-4971-a7e0-d66e9b6ea9ea:group-DD9FE6C50665] INFO  ratis.ContainerStateMachine (ContainerStateMachine.java:takeSnapshot(294)) - group-DD9FE6C50665: Finished taking a snapshot at:(t:1, i:13) file:/workdir/hadoop-ozone/integration-test/target/test-dir/MiniOzoneClusterImpl-621806fa-6f52-406a-98d3-49fc87e46c7c/datanode-1/data/ratis/18a93aa5-9211-4313-a260-dd9fe6c50665/sm/snapshot.1_13 time:23
2019-09-10 12:52:08,782 [StateMachineUpdater:10cf323f-ae84-4971-a7e0-d66e9b6ea9ea:group-DD9FE6C50665] INFO  impl.StateMachineUpdater (StateMachineUpdater.java:takeSnapshot(242)) - StateMachineUpdater:10cf323f-ae84-4971-a7e0-d66e9b6ea9ea:group-DD9FE6C50665: Took a snapshot at index 13
2019-09-10 12:52:08,783 [StateMachineUpdater:10cf323f-ae84-4971-a7e0-d66e9b6ea9ea:group-DD9FE6C50665] INFO  impl.StateMachineUpdater (StateMachineUpdater.java:lambda$new$0(80)) - StateMachineUpdater:10cf323f-ae84-4971-a7e0-d66e9b6ea9ea:group-DD9FE6C50665: snapshotIndex: updateIncreasingly -1 -> 13
2019-09-10 12:52:08,783 [ForkJoinPool.commonPool-worker-0] INFO  impl.RaftServerImpl (ServerState.java:close(394)) - 10cf323f-ae84-4971-a7e0-d66e9b6ea9ea:group-DD9FE6C50665 closes. The last applied log index is 13
2019-09-10 12:52:08,783 [10cf323f-ae84-4971-a7e0-d66e9b6ea9ea-SegmentedRaftLogWorker:Storage Directory /workdir/hadoop-ozone/integration-test/target/test-dir/MiniOzoneClusterImpl-621806fa-6f52-406a-98d3-49fc87e46c7c/datanode-1/data/ratis/18a93aa5-9211-4313-a260-dd9fe6c50665] INFO  segmented.SegmentedRaftLogWorker (SegmentedRaftLogWorker.java:run(313)) - 10cf323f-ae84-4971-a7e0-d66e9b6ea9ea-SegmentedRaftLogWorker:Storage Directory /workdir/hadoop-ozone/integration-test/target/test-dir/MiniOzoneClusterImpl-621806fa-6f52-406a-98d3-49fc87e46c7c/datanode-1/data/ratis/18a93aa5-9211-4313-a260-dd9fe6c50665 was interrupted, exiting. There are 0 tasks remaining in the queue.
2019-09-10 12:52:08,786 [ForkJoinPool.commonPool-worker-0] INFO  segmented.SegmentedRaftLogWorker (SegmentedRaftLogWorker.java:close(228)) - 10cf323f-ae84-4971-a7e0-d66e9b6ea9ea-SegmentedRaftLogWorker:Storage Directory /workdir/hadoop-ozone/integration-test/target/test-dir/MiniOzoneClusterImpl-621806fa-6f52-406a-98d3-49fc87e46c7c/datanode-1/data/ratis/18a93aa5-9211-4313-a260-dd9fe6c50665 close()
2019-09-10 12:52:08,791 [ForkJoinPool.commonPool-worker-0] INFO  impl.RaftServerImpl (RaftServerImpl.java:lambda$shutdown$3(245)) - 10cf323f-ae84-4971-a7e0-d66e9b6ea9ea: shutdown group-CC7B103A6CFF
2019-09-10 12:52:08,791 [ForkJoinPool.commonPool-worker-0] INFO  util.JmxRegister (JmxRegister.java:unregister(73)) - Successfully un-registered JMX Bean with object name Ratis:service=RaftServer,group=group-CC7B103A6CFF,id=10cf323f-ae84-4971-a7e0-d66e9b6ea9ea
2019-09-10 12:52:08,791 [ForkJoinPool.commonPool-worker-0] INFO  impl.RoleInfo (RoleInfo.java:shutdownLeaderState(104)) - 10cf323f-ae84-4971-a7e0-d66e9b6ea9ea: shutdown LeaderState
2019-09-10 12:52:08,792 [ForkJoinPool.commonPool-worker-0] INFO  impl.PendingRequests (PendingRequests.java:sendNotLeaderResponses(202)) - 10cf323f-ae84-4971-a7e0-d66e9b6ea9ea-PendingRequests: sendNotLeaderResponses
2019-09-10 12:52:08,792 [ForkJoinPool.commonPool-worker-0] INFO  impl.StateMachineUpdater (StateMachineUpdater.java:stopAndJoin(115)) - StateMachineUpdater:10cf323f-ae84-4971-a7e0-d66e9b6ea9ea:group-CC7B103A6CFF: set stopIndex = 0
2019-09-10 12:52:08,792 [ForkJoinPool.commonPool-worker-0] INFO  impl.RaftServerImpl (ServerState.java:close(394)) - 10cf323f-ae84-4971-a7e0-d66e9b6ea9ea:group-CC7B103A6CFF closes. The last applied log index is 0
2019-09-10 12:52:08,793 [10cf323f-ae84-4971-a7e0-d66e9b6ea9ea-SegmentedRaftLogWorker:Storage Directory /workdir/hadoop-ozone/integration-test/target/test-dir/MiniOzoneClusterImpl-621806fa-6f52-406a-98d3-49fc87e46c7c/datanode-1/data/ratis/fadbac3e-5520-43b0-9916-cc7b103a6cff] INFO  segmented.SegmentedRaftLogWorker (SegmentedRaftLogWorker.java:run(313)) - 10cf323f-ae84-4971-a7e0-d66e9b6ea9ea-SegmentedRaftLogWorker:Storage Directory /workdir/hadoop-ozone/integration-test/target/test-dir/MiniOzoneClusterImpl-621806fa-6f52-406a-98d3-49fc87e46c7c/datanode-1/data/ratis/fadbac3e-5520-43b0-9916-cc7b103a6cff was interrupted, exiting. There are 0 tasks remaining in the queue.
2019-09-10 12:52:08,796 | INFO  | SCMAudit | user=jenkins1000 | ip=192.168.5.153 | op=SEND_HEARTBEAT {datanodeUUID=7c19fb12-96c9-4405-b962-861cc67d2712, command=[]} | ret=SUCCESS |  
2019-09-10 12:52:08,804 [ForkJoinPool.commonPool-worker-0] INFO  segmented.SegmentedRaftLogWorker (SegmentedRaftLogWorker.java:close(228)) - 10cf323f-ae84-4971-a7e0-d66e9b6ea9ea-SegmentedRaftLogWorker:Storage Directory /workdir/hadoop-ozone/integration-test/target/test-dir/MiniOzoneClusterImpl-621806fa-6f52-406a-98d3-49fc87e46c7c/datanode-1/data/ratis/fadbac3e-5520-43b0-9916-cc7b103a6cff close()
2019-09-10 12:52:08,804 [StateMachineUpdater:01a6b04f-ad3e-4331-b74c-d33e97f682d8:group-F7C6AE1A2D04] INFO  ratis.ContainerStateMachine (ContainerStateMachine.java:takeSnapshot(294)) - group-F7C6AE1A2D04: Finished taking a snapshot at:(t:1, i:6) file:/workdir/hadoop-ozone/integration-test/target/test-dir/MiniOzoneClusterImpl-621806fa-6f52-406a-98d3-49fc87e46c7c/datanode-4/data/ratis/ca8fc726-e68a-41f2-8c11-f7c6ae1a2d04/sm/snapshot.1_6 time:35
2019-09-10 12:52:08,808 [ForkJoinPool.commonPool-worker-0] INFO  server.GrpcService (GrpcService.java:closeImpl(155)) - 10cf323f-ae84-4971-a7e0-d66e9b6ea9ea: shutdown server with port 36306 now
2019-09-10 12:52:08,808 [StateMachineUpdater:01a6b04f-ad3e-4331-b74c-d33e97f682d8:group-F7C6AE1A2D04] INFO  impl.StateMachineUpdater (StateMachineUpdater.java:takeSnapshot(242)) - StateMachineUpdater:01a6b04f-ad3e-4331-b74c-d33e97f682d8:group-F7C6AE1A2D04: Took a snapshot at index 6
2019-09-10 12:52:08,809 [StateMachineUpdater:01a6b04f-ad3e-4331-b74c-d33e97f682d8:group-F7C6AE1A2D04] INFO  impl.StateMachineUpdater (StateMachineUpdater.java:lambda$new$0(80)) - StateMachineUpdater:01a6b04f-ad3e-4331-b74c-d33e97f682d8:group-F7C6AE1A2D04: snapshotIndex: updateIncreasingly -1 -> 6
2019-09-10 12:52:08,809 [main] INFO  impl.RaftServerImpl (ServerState.java:close(394)) - 01a6b04f-ad3e-4331-b74c-d33e97f682d8:group-F7C6AE1A2D04 closes. The last applied log index is 6
2019-09-10 12:52:08,809 [ForkJoinPool.commonPool-worker-0] INFO  server.GrpcService (GrpcService.java:closeImpl(163)) - 10cf323f-ae84-4971-a7e0-d66e9b6ea9ea: shutdown server with port 36306 successfully
2019-09-10 12:52:08,810 [01a6b04f-ad3e-4331-b74c-d33e97f682d8-SegmentedRaftLogWorker:Storage Directory /workdir/hadoop-ozone/integration-test/target/test-dir/MiniOzoneClusterImpl-621806fa-6f52-406a-98d3-49fc87e46c7c/datanode-4/data/ratis/ca8fc726-e68a-41f2-8c11-f7c6ae1a2d04] INFO  segmented.SegmentedRaftLogWorker (SegmentedRaftLogWorker.java:run(313)) - 01a6b04f-ad3e-4331-b74c-d33e97f682d8-SegmentedRaftLogWorker:Storage Directory /workdir/hadoop-ozone/integration-test/target/test-dir/MiniOzoneClusterImpl-621806fa-6f52-406a-98d3-49fc87e46c7c/datanode-4/data/ratis/ca8fc726-e68a-41f2-8c11-f7c6ae1a2d04 was interrupted, exiting. There are 0 tasks remaining in the queue.
2019-09-10 12:52:08,812 [main] INFO  segmented.SegmentedRaftLogWorker (SegmentedRaftLogWorker.java:close(228)) - 01a6b04f-ad3e-4331-b74c-d33e97f682d8-SegmentedRaftLogWorker:Storage Directory /workdir/hadoop-ozone/integration-test/target/test-dir/MiniOzoneClusterImpl-621806fa-6f52-406a-98d3-49fc87e46c7c/datanode-4/data/ratis/ca8fc726-e68a-41f2-8c11-f7c6ae1a2d04 close()
2019-09-10 12:52:08,817 [main] INFO  server.GrpcService (GrpcService.java:closeImpl(155)) - 01a6b04f-ad3e-4331-b74c-d33e97f682d8: shutdown server with port 35087 now
2019-09-10 12:52:08,818 [ForkJoinPool.commonPool-worker-0] INFO  utils.BackgroundService (BackgroundService.java:shutdown(148)) - Shutting down service BlockDeletingService
2019-09-10 12:52:08,818 [grpc-default-executor-9] WARN  server.GrpcServerProtocolService (LogUtils.java:warn(134)) - 01a6b04f-ad3e-4331-b74c-d33e97f682d8: appendEntries onError: org.apache.ratis.thirdparty.io.grpc.StatusRuntimeException: CANCELLED: cancelled before receiving half close
2019-09-10 12:52:08,819 [main] INFO  server.GrpcService (GrpcService.java:closeImpl(163)) - 01a6b04f-ad3e-4331-b74c-d33e97f682d8: shutdown server with port 35087 successfully
2019-09-10 12:52:08,819 [grpc-default-executor-9] WARN  server.GrpcLogAppender (LogUtils.java:warn(134)) - dca67000-a313-4773-81da-4c52f6fe39ce->01a6b04f-ad3e-4331-b74c-d33e97f682d8: Failed appendEntries: org.apache.ratis.thirdparty.io.grpc.StatusRuntimeException: CANCELLED: HTTP/2 error code: CANCEL
Received Rst Stream
2019-09-10 12:52:08,820 [grpc-default-executor-9] INFO  impl.FollowerInfo (FollowerInfo.java:lambda$new$0(50)) - dca67000-a313-4773-81da-4c52f6fe39ce->01a6b04f-ad3e-4331-b74c-d33e97f682d8: nextIndex: updateUnconditionally 7 -> 6
2019-09-10 12:52:08,821 [refreshUsed-/workdir/hadoop-ozone/integration-test/target/test-dir/MiniOzoneClusterImpl-621806fa-6f52-406a-98d3-49fc87e46c7c/datanode-1/data/containers] WARN  fs.CachingGetSpaceUsed (CachingGetSpaceUsed.java:run(183)) - Thread Interrupted waiting to refresh disk information: sleep interrupted
2019-09-10 12:52:08,822 [main] INFO  utils.BackgroundService (BackgroundService.java:shutdown(148)) - Shutting down service BlockDeletingService
2019-09-10 12:52:08,829 [refreshUsed-/workdir/hadoop-ozone/integration-test/target/test-dir/MiniOzoneClusterImpl-621806fa-6f52-406a-98d3-49fc87e46c7c/datanode-4/data/containers] WARN  fs.CachingGetSpaceUsed (CachingGetSpaceUsed.java:run(183)) - Thread Interrupted waiting to refresh disk information: sleep interrupted
2019-09-10 12:52:08,853 [main] INFO  statemachine.DatanodeStateMachine (DatanodeStateMachine.java:stopDaemon(395)) - Ozone container server stopped.
2019-09-10 12:52:08,854 [main] INFO  handler.ContextHandler (ContextHandler.java:doStop(910)) - Stopped o.e.j.w.WebAppContext@67afba96{/,null,UNAVAILABLE}{/hddsDatanode}
2019-09-10 12:52:08,856 [main] INFO  server.AbstractConnector (AbstractConnector.java:doStop(318)) - Stopped ServerConnector@7505ef47{HTTP/1.1,[http/1.1]}{0.0.0.0:0}
2019-09-10 12:52:08,857 [ForkJoinPool.commonPool-worker-0] INFO  statemachine.DatanodeStateMachine (DatanodeStateMachine.java:stopDaemon(395)) - Ozone container server stopped.
2019-09-10 12:52:08,857 [main] INFO  handler.ContextHandler (ContextHandler.java:doStop(910)) - Stopped o.e.j.s.ServletContextHandler@95f61c2{/static,jar:file:/home/user/.m2/repository/org/apache/hadoop/hadoop-hdds-container-service/0.5.0-SNAPSHOT/hadoop-hdds-container-service-0.5.0-SNAPSHOT.jar!/webapps/static,UNAVAILABLE}
2019-09-10 12:52:08,860 [main] INFO  handler.ContextHandler (ContextHandler.java:doStop(910)) - Stopped o.e.j.s.ServletContextHandler@1107cbd8{/logs,file:///workdir/hadoop-ozone/integration-test/target/log,UNAVAILABLE}
2019-09-10 12:52:08,862 [ForkJoinPool.commonPool-worker-0] INFO  handler.ContextHandler (ContextHandler.java:doStop(910)) - Stopped o.e.j.w.WebAppContext@4c53ce60{/,null,UNAVAILABLE}{/hddsDatanode}
2019-09-10 12:52:08,862 [main] INFO  datanode.ObjectStoreHandler (ObjectStoreHandler.java:close(155)) - Closing ObjectStoreHandler.
2019-09-10 12:52:08,862 [main] INFO  ozone.HddsDatanodeService (HddsDatanodeService.java:stop(451)) - Stopped plug-in org.apache.hadoop.ozone.web.OzoneHddsDatanodeService@746cb25d
2019-09-10 12:52:08,862 [ForkJoinPool.commonPool-worker-0] INFO  server.AbstractConnector (AbstractConnector.java:doStop(318)) - Stopped ServerConnector@3d1b6816{HTTP/1.1,[http/1.1]}{0.0.0.0:0}
2019-09-10 12:52:08,864 [ForkJoinPool.commonPool-worker-0] INFO  handler.ContextHandler (ContextHandler.java:doStop(910)) - Stopped o.e.j.s.ServletContextHandler@76e56b17{/static,jar:file:/home/user/.m2/repository/org/apache/hadoop/hadoop-hdds-container-service/0.5.0-SNAPSHOT/hadoop-hdds-container-service-0.5.0-SNAPSHOT.jar!/webapps/static,UNAVAILABLE}
2019-09-10 12:52:08,865 [ForkJoinPool.commonPool-worker-0] INFO  handler.ContextHandler (ContextHandler.java:doStop(910)) - Stopped o.e.j.s.ServletContextHandler@46244e65{/logs,file:///workdir/hadoop-ozone/integration-test/target/log,UNAVAILABLE}
2019-09-10 12:52:08,866 [ForkJoinPool.commonPool-worker-0] INFO  datanode.ObjectStoreHandler (ObjectStoreHandler.java:close(155)) - Closing ObjectStoreHandler.
2019-09-10 12:52:08,866 [ForkJoinPool.commonPool-worker-0] INFO  ozone.HddsDatanodeService (HddsDatanodeService.java:stop(451)) - Stopped plug-in org.apache.hadoop.ozone.web.OzoneHddsDatanodeService@30a0a440
2019-09-10 12:52:08,993 [grpc-default-executor-9] WARN  server.GrpcLogAppender (LogUtils.java:warn(134)) - dca67000-a313-4773-81da-4c52f6fe39ce->01a6b04f-ad3e-4331-b74c-d33e97f682d8: Failed appendEntries: org.apache.ratis.thirdparty.io.grpc.StatusRuntimeException: UNAVAILABLE: io exception
2019-09-10 12:52:08,993 [grpc-default-executor-9] INFO  impl.FollowerInfo (FollowerInfo.java:lambda$new$0(50)) - dca67000-a313-4773-81da-4c52f6fe39ce->01a6b04f-ad3e-4331-b74c-d33e97f682d8: nextIndex: updateUnconditionally 6 -> 5
2019-09-10 12:52:09,394 [Datanode State Machine Thread - 0] INFO  statemachine.DatanodeStateMachine (DatanodeStateMachine.java:lambda$startDaemon$0(350)) - Ozone container server started.
2019-09-10 12:52:09,395 | INFO  | SCMAudit | user=jenkins1000 | ip=192.168.5.153 | op=SEND_HEARTBEAT {datanodeUUID=5da78483-2d4d-4152-a822-f0527bb3627d, command=[commandType: closeContainerCommand closeContainerCommandProto { containerID: 2 pipelineID { id: "ca8fc726-e68a-41f2-8c11-f7c6ae1a2d04" } cmdId: 2 force: false } ]} | ret=SUCCESS |  
2019-09-10 12:52:09,663 [Datanode State Machine Thread - 0] INFO  statemachine.DatanodeStateMachine (DatanodeStateMachine.java:lambda$startDaemon$0(350)) - Ozone container server started.
2019-09-10 12:52:09,664 | INFO  | SCMAudit | user=jenkins1000 | ip=192.168.5.153 | op=SEND_HEARTBEAT {datanodeUUID=162c807d-d7c6-42a8-ad53-3a3326afae0a, command=[commandType: closeContainerCommand closeContainerCommandProto { containerID: 3 pipelineID { id: "18a93aa5-9211-4313-a260-dd9fe6c50665" } cmdId: 3 force: false } ]} | ret=SUCCESS |  
2019-09-10 12:52:09,796 | INFO  | SCMAudit | user=jenkins1000 | ip=192.168.5.153 | op=SEND_HEARTBEAT {datanodeUUID=7c19fb12-96c9-4405-b962-861cc67d2712, command=[]} | ret=SUCCESS |  
2019-09-10 12:52:10,395 | INFO  | SCMAudit | user=jenkins1000 | ip=192.168.5.153 | op=SEND_HEARTBEAT {datanodeUUID=5da78483-2d4d-4152-a822-f0527bb3627d, command=[]} | ret=SUCCESS |  
2019-09-10 12:52:10,664 | INFO  | SCMAudit | user=jenkins1000 | ip=192.168.5.153 | op=SEND_HEARTBEAT {datanodeUUID=162c807d-d7c6-42a8-ad53-3a3326afae0a, command=[]} | ret=SUCCESS |  
2019-09-10 12:52:10,796 | INFO  | SCMAudit | user=jenkins1000 | ip=192.168.5.153 | op=SEND_HEARTBEAT {datanodeUUID=7c19fb12-96c9-4405-b962-861cc67d2712, command=[]} | ret=SUCCESS |  
2019-09-10 12:52:11,396 | INFO  | SCMAudit | user=jenkins1000 | ip=192.168.5.153 | op=SEND_HEARTBEAT {datanodeUUID=5da78483-2d4d-4152-a822-f0527bb3627d, command=[]} | ret=SUCCESS |  
2019-09-10 12:52:11,429 | INFO  | SCMAudit | user=jenkins1000 | ip=192.168.5.153 | op=SEND_HEARTBEAT {datanodeUUID=5da78483-2d4d-4152-a822-f0527bb3627d, command=[]} | ret=SUCCESS |  
2019-09-10 12:52:11,493 [grpc-default-executor-9] WARN  server.GrpcLogAppender (LogUtils.java:warn(134)) - dca67000-a313-4773-81da-4c52f6fe39ce->01a6b04f-ad3e-4331-b74c-d33e97f682d8: Failed appendEntries: org.apache.ratis.thirdparty.io.grpc.StatusRuntimeException: UNAVAILABLE: io exception
2019-09-10 12:52:11,493 [grpc-default-executor-9] INFO  impl.FollowerInfo (FollowerInfo.java:lambda$new$0(50)) - dca67000-a313-4773-81da-4c52f6fe39ce->01a6b04f-ad3e-4331-b74c-d33e97f682d8: nextIndex: updateUnconditionally 5 -> 4
2019-09-10 12:52:11,664 | INFO  | SCMAudit | user=jenkins1000 | ip=192.168.5.153 | op=SEND_HEARTBEAT {datanodeUUID=162c807d-d7c6-42a8-ad53-3a3326afae0a, command=[]} | ret=SUCCESS |  
2019-09-10 12:52:11,682 | INFO  | SCMAudit | user=jenkins1000 | ip=192.168.5.153 | op=SEND_HEARTBEAT {datanodeUUID=162c807d-d7c6-42a8-ad53-3a3326afae0a, command=[]} | ret=SUCCESS |  
2019-09-10 12:52:11,796 | INFO  | SCMAudit | user=jenkins1000 | ip=192.168.5.153 | op=SEND_HEARTBEAT {datanodeUUID=7c19fb12-96c9-4405-b962-861cc67d2712, command=[]} | ret=SUCCESS |  
2019-09-10 12:52:12,429 | INFO  | SCMAudit | user=jenkins1000 | ip=192.168.5.153 | op=SEND_HEARTBEAT {datanodeUUID=5da78483-2d4d-4152-a822-f0527bb3627d, command=[]} | ret=SUCCESS |  
2019-09-10 12:52:12,683 | INFO  | SCMAudit | user=jenkins1000 | ip=192.168.5.153 | op=SEND_HEARTBEAT {datanodeUUID=162c807d-d7c6-42a8-ad53-3a3326afae0a, command=[]} | ret=SUCCESS |  
2019-09-10 12:52:12,796 | INFO  | SCMAudit | user=jenkins1000 | ip=192.168.5.153 | op=SEND_HEARTBEAT {datanodeUUID=7c19fb12-96c9-4405-b962-861cc67d2712, command=[]} | ret=SUCCESS |  
2019-09-10 12:52:13,429 | INFO  | SCMAudit | user=jenkins1000 | ip=192.168.5.153 | op=SEND_HEARTBEAT {datanodeUUID=5da78483-2d4d-4152-a822-f0527bb3627d, command=[]} | ret=SUCCESS |  
2019-09-10 12:52:13,434 [EventQueue-StaleNodeForStaleNodeHandler] INFO  node.StaleNodeHandler (StaleNodeHandler.java:onMessage(58)) - Datanode dca67000-a313-4773-81da-4c52f6fe39ce{ip: 192.168.5.153, host: pr-hdds-1571-5ln6c-1111760135, networkLocation: /default-rack, certSerialId: null} moved to stale state. Finalizing its pipelines [PipelineID=cd07d27f-35ee-438e-845f-478b69959359, PipelineID=ca8fc726-e68a-41f2-8c11-f7c6ae1a2d04]
2019-09-10 12:52:13,435 [EventQueue-StaleNodeForStaleNodeHandler] INFO  pipeline.SCMPipelineManager (SCMPipelineManager.java:finalizeAndDestroyPipeline(309)) - destroying pipeline:Pipeline[ Id: cd07d27f-35ee-438e-845f-478b69959359, Nodes: dca67000-a313-4773-81da-4c52f6fe39ce{ip: 192.168.5.153, host: pr-hdds-1571-5ln6c-1111760135, networkLocation: /default-rack, certSerialId: null}, Type:RATIS, Factor:ONE, State:OPEN]
2019-09-10 12:52:13,435 [EventQueue-StaleNodeForStaleNodeHandler] INFO  pipeline.PipelineStateManager (PipelineStateManager.java:finalizePipeline(123)) - Pipeline Pipeline[ Id: cd07d27f-35ee-438e-845f-478b69959359, Nodes: dca67000-a313-4773-81da-4c52f6fe39ce{ip: 192.168.5.153, host: pr-hdds-1571-5ln6c-1111760135, networkLocation: /default-rack, certSerialId: null}, Type:RATIS, Factor:ONE, State:CLOSED] moved to CLOSED state
2019-09-10 12:52:13,435 [EventQueue-StaleNodeForStaleNodeHandler] INFO  pipeline.SCMPipelineManager (SCMPipelineManager.java:finalizeAndDestroyPipeline(309)) - destroying pipeline:Pipeline[ Id: ca8fc726-e68a-41f2-8c11-f7c6ae1a2d04, Nodes: 5da78483-2d4d-4152-a822-f0527bb3627d{ip: 192.168.5.153, host: pr-hdds-1571-5ln6c-1111760135, networkLocation: /default-rack, certSerialId: null}01a6b04f-ad3e-4331-b74c-d33e97f682d8{ip: 192.168.5.153, host: pr-hdds-1571-5ln6c-1111760135, networkLocation: /default-rack, certSerialId: null}dca67000-a313-4773-81da-4c52f6fe39ce{ip: 192.168.5.153, host: pr-hdds-1571-5ln6c-1111760135, networkLocation: /default-rack, certSerialId: null}, Type:RATIS, Factor:THREE, State:CLOSED]
2019-09-10 12:52:13,688 | INFO  | SCMAudit | user=jenkins1000 | ip=192.168.5.153 | op=SEND_HEARTBEAT {datanodeUUID=162c807d-d7c6-42a8-ad53-3a3326afae0a, command=[]} | ret=SUCCESS |  
2019-09-10 12:52:13,735 [EventQueue-StaleNodeForStaleNodeHandler] INFO  node.StaleNodeHandler (StaleNodeHandler.java:onMessage(58)) - Datanode e116f4bc-cd87-4ac6-9da1-80e39cc5f9e9{ip: 192.168.5.153, host: pr-hdds-1571-5ln6c-1111760135, networkLocation: /default-rack, certSerialId: null} moved to stale state. Finalizing its pipelines [PipelineID=18a93aa5-9211-4313-a260-dd9fe6c50665, PipelineID=253c158a-f2a1-4791-863a-3bc6ef3b54de]
2019-09-10 12:52:13,735 [EventQueue-StaleNodeForStaleNodeHandler] INFO  pipeline.SCMPipelineManager (SCMPipelineManager.java:finalizeAndDestroyPipeline(309)) - destroying pipeline:Pipeline[ Id: 18a93aa5-9211-4313-a260-dd9fe6c50665, Nodes: e116f4bc-cd87-4ac6-9da1-80e39cc5f9e9{ip: 192.168.5.153, host: pr-hdds-1571-5ln6c-1111760135, networkLocation: /default-rack, certSerialId: null}162c807d-d7c6-42a8-ad53-3a3326afae0a{ip: 192.168.5.153, host: pr-hdds-1571-5ln6c-1111760135, networkLocation: /default-rack, certSerialId: null}10cf323f-ae84-4971-a7e0-d66e9b6ea9ea{ip: 192.168.5.153, host: pr-hdds-1571-5ln6c-1111760135, networkLocation: /default-rack, certSerialId: null}, Type:RATIS, Factor:THREE, State:CLOSED]
2019-09-10 12:52:13,735 [EventQueue-StaleNodeForStaleNodeHandler] INFO  pipeline.SCMPipelineManager (SCMPipelineManager.java:finalizeAndDestroyPipeline(309)) - destroying pipeline:Pipeline[ Id: 253c158a-f2a1-4791-863a-3bc6ef3b54de, Nodes: e116f4bc-cd87-4ac6-9da1-80e39cc5f9e9{ip: 192.168.5.153, host: pr-hdds-1571-5ln6c-1111760135, networkLocation: /default-rack, certSerialId: null}, Type:RATIS, Factor:ONE, State:OPEN]
2019-09-10 12:52:13,736 [EventQueue-StaleNodeForStaleNodeHandler] INFO  pipeline.PipelineStateManager (PipelineStateManager.java:finalizePipeline(123)) - Pipeline Pipeline[ Id: 253c158a-f2a1-4791-863a-3bc6ef3b54de, Nodes: e116f4bc-cd87-4ac6-9da1-80e39cc5f9e9{ip: 192.168.5.153, host: pr-hdds-1571-5ln6c-1111760135, networkLocation: /default-rack, certSerialId: null}, Type:RATIS, Factor:ONE, State:CLOSED] moved to CLOSED state
2019-09-10 12:52:13,796 | INFO  | SCMAudit | user=jenkins1000 | ip=192.168.5.153 | op=SEND_HEARTBEAT {datanodeUUID=7c19fb12-96c9-4405-b962-861cc67d2712, command=[]} | ret=SUCCESS |  
2019-09-10 12:52:13,863 [main] INFO  ozoneimpl.OzoneContainer (OzoneContainer.java:stop(199)) - Attempting to stop container services.
2019-09-10 12:52:13,864 [main] INFO  impl.RaftServerProxy (RaftServerProxy.java:lambda$close$4(314)) - dca67000-a313-4773-81da-4c52f6fe39ce: close
2019-09-10 12:52:13,867 [main] INFO  impl.RaftServerImpl (RaftServerImpl.java:lambda$shutdown$3(245)) - dca67000-a313-4773-81da-4c52f6fe39ce: shutdown group-478B69959359
2019-09-10 12:52:13,867 [ForkJoinPool.commonPool-worker-0] INFO  ozoneimpl.OzoneContainer (OzoneContainer.java:stop(199)) - Attempting to stop container services.
2019-09-10 12:52:13,867 [main] INFO  util.JmxRegister (JmxRegister.java:unregister(73)) - Successfully un-registered JMX Bean with object name Ratis:service=RaftServer,group=group-478B69959359,id=dca67000-a313-4773-81da-4c52f6fe39ce
2019-09-10 12:52:13,867 [ForkJoinPool.commonPool-worker-0] INFO  impl.RaftServerProxy (RaftServerProxy.java:lambda$close$4(314)) - e116f4bc-cd87-4ac6-9da1-80e39cc5f9e9: close
2019-09-10 12:52:13,868 [main] INFO  impl.RoleInfo (RoleInfo.java:shutdownLeaderState(104)) - dca67000-a313-4773-81da-4c52f6fe39ce: shutdown LeaderState
2019-09-10 12:52:13,868 [ForkJoinPool.commonPool-worker-0] INFO  impl.RaftServerImpl (RaftServerImpl.java:lambda$shutdown$3(245)) - e116f4bc-cd87-4ac6-9da1-80e39cc5f9e9: shutdown group-DD9FE6C50665
2019-09-10 12:52:13,868 [main] INFO  impl.PendingRequests (PendingRequests.java:sendNotLeaderResponses(202)) - dca67000-a313-4773-81da-4c52f6fe39ce-PendingRequests: sendNotLeaderResponses
2019-09-10 12:52:13,868 [ForkJoinPool.commonPool-worker-0] INFO  util.JmxRegister (JmxRegister.java:unregister(73)) - Successfully un-registered JMX Bean with object name Ratis:service=RaftServer,group=group-DD9FE6C50665,id=e116f4bc-cd87-4ac6-9da1-80e39cc5f9e9
2019-09-10 12:52:13,869 [main] INFO  impl.StateMachineUpdater (StateMachineUpdater.java:stopAndJoin(115)) - StateMachineUpdater:dca67000-a313-4773-81da-4c52f6fe39ce:group-478B69959359: set stopIndex = 0
2019-09-10 12:52:13,869 [ForkJoinPool.commonPool-worker-0] INFO  impl.RoleInfo (RoleInfo.java:shutdownFollowerState(121)) - e116f4bc-cd87-4ac6-9da1-80e39cc5f9e9: shutdown FollowerState
2019-09-10 12:52:13,869 [main] INFO  impl.RaftServerImpl (ServerState.java:close(394)) - dca67000-a313-4773-81da-4c52f6fe39ce:group-478B69959359 closes. The last applied log index is 0
2019-09-10 12:52:13,870 [Thread-4073] INFO  impl.FollowerState (FollowerState.java:run(114)) - e116f4bc-cd87-4ac6-9da1-80e39cc5f9e9: FollowerState was interrupted: java.lang.InterruptedException: sleep interrupted
2019-09-10 12:52:13,869 [StateMachineUpdater:e116f4bc-cd87-4ac6-9da1-80e39cc5f9e9:group-DD9FE6C50665] INFO  ratis.ContainerStateMachine (ContainerStateMachine.java:takeSnapshot(283)) - group-DD9FE6C50665: Taking a snapshot at:(t:1, i:11) file /workdir/hadoop-ozone/integration-test/target/test-dir/MiniOzoneClusterImpl-621806fa-6f52-406a-98d3-49fc87e46c7c/datanode-2/data/ratis/18a93aa5-9211-4313-a260-dd9fe6c50665/sm/snapshot.1_11
2019-09-10 12:52:13,869 [ForkJoinPool.commonPool-worker-0] INFO  impl.StateMachineUpdater (StateMachineUpdater.java:stopAndJoin(115)) - StateMachineUpdater:e116f4bc-cd87-4ac6-9da1-80e39cc5f9e9:group-DD9FE6C50665: set stopIndex = 13
2019-09-10 12:52:13,870 [dca67000-a313-4773-81da-4c52f6fe39ce-SegmentedRaftLogWorker:Storage Directory /workdir/hadoop-ozone/integration-test/target/test-dir/MiniOzoneClusterImpl-621806fa-6f52-406a-98d3-49fc87e46c7c/datanode-3/data/ratis/cd07d27f-35ee-438e-845f-478b69959359] INFO  segmented.SegmentedRaftLogWorker (SegmentedRaftLogWorker.java:run(313)) - dca67000-a313-4773-81da-4c52f6fe39ce-SegmentedRaftLogWorker:Storage Directory /workdir/hadoop-ozone/integration-test/target/test-dir/MiniOzoneClusterImpl-621806fa-6f52-406a-98d3-49fc87e46c7c/datanode-3/data/ratis/cd07d27f-35ee-438e-845f-478b69959359 was interrupted, exiting. There are 0 tasks remaining in the queue.
2019-09-10 12:52:13,874 [main] INFO  segmented.SegmentedRaftLogWorker (SegmentedRaftLogWorker.java:close(228)) - dca67000-a313-4773-81da-4c52f6fe39ce-SegmentedRaftLogWorker:Storage Directory /workdir/hadoop-ozone/integration-test/target/test-dir/MiniOzoneClusterImpl-621806fa-6f52-406a-98d3-49fc87e46c7c/datanode-3/data/ratis/cd07d27f-35ee-438e-845f-478b69959359 close()
2019-09-10 12:52:13,877 [main] INFO  impl.RaftServerImpl (RaftServerImpl.java:lambda$shutdown$3(245)) - dca67000-a313-4773-81da-4c52f6fe39ce: shutdown group-F7C6AE1A2D04
2019-09-10 12:52:13,878 [main] INFO  util.JmxRegister (JmxRegister.java:unregister(73)) - Successfully un-registered JMX Bean with object name Ratis:service=RaftServer,group=group-F7C6AE1A2D04,id=dca67000-a313-4773-81da-4c52f6fe39ce
2019-09-10 12:52:13,878 [main] INFO  impl.RoleInfo (RoleInfo.java:shutdownLeaderState(104)) - dca67000-a313-4773-81da-4c52f6fe39ce: shutdown LeaderState
2019-09-10 12:52:13,882 [org.apache.ratis.server.impl.LogAppender$AppenderDaemon$$Lambda$488/265321348@59d4e026] WARN  server.GrpcLogAppender (GrpcLogAppender.java:mayWait(143)) - GrpcLogAppender(dca67000-a313-4773-81da-4c52f6fe39ce->01a6b04f-ad3e-4331-b74c-d33e97f682d8): Wait interrupted by java.lang.InterruptedException
2019-09-10 12:52:13,882 [main] INFO  impl.PendingRequests (PendingRequests.java:sendNotLeaderResponses(202)) - dca67000-a313-4773-81da-4c52f6fe39ce-PendingRequests: sendNotLeaderResponses
2019-09-10 12:52:13,882 [org.apache.ratis.server.impl.LogAppender$AppenderDaemon$$Lambda$488/265321348@1cd67578] WARN  server.GrpcLogAppender (GrpcLogAppender.java:mayWait(143)) - GrpcLogAppender(dca67000-a313-4773-81da-4c52f6fe39ce->5da78483-2d4d-4152-a822-f0527bb3627d): Wait interrupted by java.lang.InterruptedException
2019-09-10 12:52:13,885 [main] INFO  impl.StateMachineUpdater (StateMachineUpdater.java:stopAndJoin(115)) - StateMachineUpdater:dca67000-a313-4773-81da-4c52f6fe39ce:group-F7C6AE1A2D04: set stopIndex = 6
2019-09-10 12:52:13,886 [grpc-default-executor-9] INFO  server.GrpcServerProtocolService (GrpcServerProtocolService.java:onCompleted(104)) - 5da78483-2d4d-4152-a822-f0527bb3627d: appendEntries completed
2019-09-10 12:52:13,885 [StateMachineUpdater:dca67000-a313-4773-81da-4c52f6fe39ce:group-F7C6AE1A2D04] INFO  ratis.ContainerStateMachine (ContainerStateMachine.java:takeSnapshot(283)) - group-F7C6AE1A2D04: Taking a snapshot at:(t:1, i:6) file /workdir/hadoop-ozone/integration-test/target/test-dir/MiniOzoneClusterImpl-621806fa-6f52-406a-98d3-49fc87e46c7c/datanode-3/data/ratis/ca8fc726-e68a-41f2-8c11-f7c6ae1a2d04/sm/snapshot.1_6
2019-09-10 12:52:13,886 [grpc-default-executor-10] INFO  server.GrpcLogAppender (GrpcLogAppender.java:onCompleted(292)) - dca67000-a313-4773-81da-4c52f6fe39ce->5da78483-2d4d-4152-a822-f0527bb3627d: follower responses appendEntries COMPLETED
2019-09-10 12:52:13,887 [grpc-default-executor-10] INFO  impl.FollowerInfo (FollowerInfo.java:lambda$new$0(50)) - dca67000-a313-4773-81da-4c52f6fe39ce->5da78483-2d4d-4152-a822-f0527bb3627d: nextIndex: updateUnconditionally 7 -> 6
2019-09-10 12:52:13,897 [StateMachineUpdater:e116f4bc-cd87-4ac6-9da1-80e39cc5f9e9:group-DD9FE6C50665] INFO  ratis.ContainerStateMachine (ContainerStateMachine.java:takeSnapshot(294)) - group-DD9FE6C50665: Finished taking a snapshot at:(t:1, i:11) file:/workdir/hadoop-ozone/integration-test/target/test-dir/MiniOzoneClusterImpl-621806fa-6f52-406a-98d3-49fc87e46c7c/datanode-2/data/ratis/18a93aa5-9211-4313-a260-dd9fe6c50665/sm/snapshot.1_11 time:28
2019-09-10 12:52:13,897 [StateMachineUpdater:e116f4bc-cd87-4ac6-9da1-80e39cc5f9e9:group-DD9FE6C50665] INFO  impl.StateMachineUpdater (StateMachineUpdater.java:takeSnapshot(242)) - StateMachineUpdater:e116f4bc-cd87-4ac6-9da1-80e39cc5f9e9:group-DD9FE6C50665: Took a snapshot at index 11
2019-09-10 12:52:13,898 [StateMachineUpdater:e116f4bc-cd87-4ac6-9da1-80e39cc5f9e9:group-DD9FE6C50665] INFO  impl.StateMachineUpdater (StateMachineUpdater.java:lambda$new$0(80)) - StateMachineUpdater:e116f4bc-cd87-4ac6-9da1-80e39cc5f9e9:group-DD9FE6C50665: snapshotIndex: updateIncreasingly -1 -> 11
2019-09-10 12:52:13,898 [ForkJoinPool.commonPool-worker-0] INFO  impl.RaftServerImpl (ServerState.java:close(394)) - e116f4bc-cd87-4ac6-9da1-80e39cc5f9e9:group-DD9FE6C50665 closes. The last applied log index is 13
2019-09-10 12:52:13,898 [e116f4bc-cd87-4ac6-9da1-80e39cc5f9e9-SegmentedRaftLogWorker:Storage Directory /workdir/hadoop-ozone/integration-test/target/test-dir/MiniOzoneClusterImpl-621806fa-6f52-406a-98d3-49fc87e46c7c/datanode-2/data/ratis/18a93aa5-9211-4313-a260-dd9fe6c50665] INFO  segmented.SegmentedRaftLogWorker (SegmentedRaftLogWorker.java:run(313)) - e116f4bc-cd87-4ac6-9da1-80e39cc5f9e9-SegmentedRaftLogWorker:Storage Directory /workdir/hadoop-ozone/integration-test/target/test-dir/MiniOzoneClusterImpl-621806fa-6f52-406a-98d3-49fc87e46c7c/datanode-2/data/ratis/18a93aa5-9211-4313-a260-dd9fe6c50665 was interrupted, exiting. There are 0 tasks remaining in the queue.
2019-09-10 12:52:13,900 [ForkJoinPool.commonPool-worker-0] INFO  segmented.SegmentedRaftLogWorker (SegmentedRaftLogWorker.java:close(228)) - e116f4bc-cd87-4ac6-9da1-80e39cc5f9e9-SegmentedRaftLogWorker:Storage Directory /workdir/hadoop-ozone/integration-test/target/test-dir/MiniOzoneClusterImpl-621806fa-6f52-406a-98d3-49fc87e46c7c/datanode-2/data/ratis/18a93aa5-9211-4313-a260-dd9fe6c50665 close()
2019-09-10 12:52:13,903 [ForkJoinPool.commonPool-worker-0] INFO  impl.RaftServerImpl (RaftServerImpl.java:lambda$shutdown$3(245)) - e116f4bc-cd87-4ac6-9da1-80e39cc5f9e9: shutdown group-3BC6EF3B54DE
2019-09-10 12:52:13,904 [ForkJoinPool.commonPool-worker-0] INFO  util.JmxRegister (JmxRegister.java:unregister(73)) - Successfully un-registered JMX Bean with object name Ratis:service=RaftServer,group=group-3BC6EF3B54DE,id=e116f4bc-cd87-4ac6-9da1-80e39cc5f9e9
2019-09-10 12:52:13,904 [ForkJoinPool.commonPool-worker-0] INFO  impl.RoleInfo (RoleInfo.java:shutdownLeaderState(104)) - e116f4bc-cd87-4ac6-9da1-80e39cc5f9e9: shutdown LeaderState
2019-09-10 12:52:13,904 [ForkJoinPool.commonPool-worker-0] INFO  impl.PendingRequests (PendingRequests.java:sendNotLeaderResponses(202)) - e116f4bc-cd87-4ac6-9da1-80e39cc5f9e9-PendingRequests: sendNotLeaderResponses
2019-09-10 12:52:13,904 [ForkJoinPool.commonPool-worker-0] INFO  impl.StateMachineUpdater (StateMachineUpdater.java:stopAndJoin(115)) - StateMachineUpdater:e116f4bc-cd87-4ac6-9da1-80e39cc5f9e9:group-3BC6EF3B54DE: set stopIndex = 0
2019-09-10 12:52:13,904 [ForkJoinPool.commonPool-worker-0] INFO  impl.RaftServerImpl (ServerState.java:close(394)) - e116f4bc-cd87-4ac6-9da1-80e39cc5f9e9:group-3BC6EF3B54DE closes. The last applied log index is 0
2019-09-10 12:52:13,904 [StateMachineUpdater:dca67000-a313-4773-81da-4c52f6fe39ce:group-F7C6AE1A2D04] INFO  ratis.ContainerStateMachine (ContainerStateMachine.java:takeSnapshot(294)) - group-F7C6AE1A2D04: Finished taking a snapshot at:(t:1, i:6) file:/workdir/hadoop-ozone/integration-test/target/test-dir/MiniOzoneClusterImpl-621806fa-6f52-406a-98d3-49fc87e46c7c/datanode-3/data/ratis/ca8fc726-e68a-41f2-8c11-f7c6ae1a2d04/sm/snapshot.1_6 time:19
2019-09-10 12:52:13,905 [e116f4bc-cd87-4ac6-9da1-80e39cc5f9e9-SegmentedRaftLogWorker:Storage Directory /workdir/hadoop-ozone/integration-test/target/test-dir/MiniOzoneClusterImpl-621806fa-6f52-406a-98d3-49fc87e46c7c/datanode-2/data/ratis/253c158a-f2a1-4791-863a-3bc6ef3b54de] INFO  segmented.SegmentedRaftLogWorker (SegmentedRaftLogWorker.java:run(313)) - e116f4bc-cd87-4ac6-9da1-80e39cc5f9e9-SegmentedRaftLogWorker:Storage Directory /workdir/hadoop-ozone/integration-test/target/test-dir/MiniOzoneClusterImpl-621806fa-6f52-406a-98d3-49fc87e46c7c/datanode-2/data/ratis/253c158a-f2a1-4791-863a-3bc6ef3b54de was interrupted, exiting. There are 0 tasks remaining in the queue.
2019-09-10 12:52:13,905 [StateMachineUpdater:dca67000-a313-4773-81da-4c52f6fe39ce:group-F7C6AE1A2D04] INFO  impl.StateMachineUpdater (StateMachineUpdater.java:takeSnapshot(242)) - StateMachineUpdater:dca67000-a313-4773-81da-4c52f6fe39ce:group-F7C6AE1A2D04: Took a snapshot at index 6
2019-09-10 12:52:13,906 [ForkJoinPool.commonPool-worker-0] INFO  segmented.SegmentedRaftLogWorker (SegmentedRaftLogWorker.java:close(228)) - e116f4bc-cd87-4ac6-9da1-80e39cc5f9e9-SegmentedRaftLogWorker:Storage Directory /workdir/hadoop-ozone/integration-test/target/test-dir/MiniOzoneClusterImpl-621806fa-6f52-406a-98d3-49fc87e46c7c/datanode-2/data/ratis/253c158a-f2a1-4791-863a-3bc6ef3b54de close()
2019-09-10 12:52:13,906 [StateMachineUpdater:dca67000-a313-4773-81da-4c52f6fe39ce:group-F7C6AE1A2D04] INFO  impl.StateMachineUpdater (StateMachineUpdater.java:lambda$new$0(80)) - StateMachineUpdater:dca67000-a313-4773-81da-4c52f6fe39ce:group-F7C6AE1A2D04: snapshotIndex: updateIncreasingly -1 -> 6
2019-09-10 12:52:13,919 [ForkJoinPool.commonPool-worker-0] INFO  server.GrpcService (GrpcService.java:closeImpl(155)) - e116f4bc-cd87-4ac6-9da1-80e39cc5f9e9: shutdown server with port 44973 now
2019-09-10 12:52:13,919 [main] INFO  impl.RaftServerImpl (ServerState.java:close(394)) - dca67000-a313-4773-81da-4c52f6fe39ce:group-F7C6AE1A2D04 closes. The last applied log index is 6
2019-09-10 12:52:13,920 [dca67000-a313-4773-81da-4c52f6fe39ce-SegmentedRaftLogWorker:Storage Directory /workdir/hadoop-ozone/integration-test/target/test-dir/MiniOzoneClusterImpl-621806fa-6f52-406a-98d3-49fc87e46c7c/datanode-3/data/ratis/ca8fc726-e68a-41f2-8c11-f7c6ae1a2d04] INFO  segmented.SegmentedRaftLogWorker (SegmentedRaftLogWorker.java:run(313)) - dca67000-a313-4773-81da-4c52f6fe39ce-SegmentedRaftLogWorker:Storage Directory /workdir/hadoop-ozone/integration-test/target/test-dir/MiniOzoneClusterImpl-621806fa-6f52-406a-98d3-49fc87e46c7c/datanode-3/data/ratis/ca8fc726-e68a-41f2-8c11-f7c6ae1a2d04 was interrupted, exiting. There are 0 tasks remaining in the queue.
2019-09-10 12:52:13,920 [ForkJoinPool.commonPool-worker-0] INFO  server.GrpcService (GrpcService.java:closeImpl(163)) - e116f4bc-cd87-4ac6-9da1-80e39cc5f9e9: shutdown server with port 44973 successfully
2019-09-10 12:52:13,922 [main] INFO  segmented.SegmentedRaftLogWorker (SegmentedRaftLogWorker.java:close(228)) - dca67000-a313-4773-81da-4c52f6fe39ce-SegmentedRaftLogWorker:Storage Directory /workdir/hadoop-ozone/integration-test/target/test-dir/MiniOzoneClusterImpl-621806fa-6f52-406a-98d3-49fc87e46c7c/datanode-3/data/ratis/ca8fc726-e68a-41f2-8c11-f7c6ae1a2d04 close()
2019-09-10 12:52:13,923 [main] INFO  server.GrpcService (GrpcService.java:closeImpl(155)) - dca67000-a313-4773-81da-4c52f6fe39ce: shutdown server with port 45430 now
2019-09-10 12:52:13,924 [ForkJoinPool.commonPool-worker-0] INFO  utils.BackgroundService (BackgroundService.java:shutdown(148)) - Shutting down service BlockDeletingService
2019-09-10 12:52:13,924 [grpc-default-executor-9] WARN  client.GrpcClientProtocolService (LogUtils.java:warn(134)) - 1-UnorderedRequestStreamObserver1: onError: org.apache.ratis.thirdparty.io.grpc.StatusRuntimeException: CANCELLED: cancelled before receiving half close
2019-09-10 12:52:13,924 [main] INFO  server.GrpcService (GrpcService.java:closeImpl(163)) - dca67000-a313-4773-81da-4c52f6fe39ce: shutdown server with port 45430 successfully
2019-09-10 12:52:13,925 [refreshUsed-/workdir/hadoop-ozone/integration-test/target/test-dir/MiniOzoneClusterImpl-621806fa-6f52-406a-98d3-49fc87e46c7c/datanode-2/data/containers] WARN  fs.CachingGetSpaceUsed (CachingGetSpaceUsed.java:run(183)) - Thread Interrupted waiting to refresh disk information: sleep interrupted
2019-09-10 12:52:13,930 [main] INFO  utils.BackgroundService (BackgroundService.java:shutdown(148)) - Shutting down service BlockDeletingService
2019-09-10 12:52:13,931 [refreshUsed-/workdir/hadoop-ozone/integration-test/target/test-dir/MiniOzoneClusterImpl-621806fa-6f52-406a-98d3-49fc87e46c7c/datanode-3/data/containers] WARN  fs.CachingGetSpaceUsed (CachingGetSpaceUsed.java:run(183)) - Thread Interrupted waiting to refresh disk information: sleep interrupted
2019-09-10 12:52:13,940 [ForkJoinPool.commonPool-worker-0] INFO  statemachine.DatanodeStateMachine (DatanodeStateMachine.java:stopDaemon(395)) - Ozone container server stopped.
2019-09-10 12:52:13,944 [ForkJoinPool.commonPool-worker-0] INFO  handler.ContextHandler (ContextHandler.java:doStop(910)) - Stopped o.e.j.w.WebAppContext@2e50ca51{/,null,UNAVAILABLE}{/hddsDatanode}
2019-09-10 12:52:13,945 [ForkJoinPool.commonPool-worker-0] INFO  server.AbstractConnector (AbstractConnector.java:doStop(318)) - Stopped ServerConnector@4c1dc246{HTTP/1.1,[http/1.1]}{0.0.0.0:0}
2019-09-10 12:52:13,946 [ForkJoinPool.commonPool-worker-0] INFO  handler.ContextHandler (ContextHandler.java:doStop(910)) - Stopped o.e.j.s.ServletContextHandler@3c41b4b{/static,jar:file:/home/user/.m2/repository/org/apache/hadoop/hadoop-hdds-container-service/0.5.0-SNAPSHOT/hadoop-hdds-container-service-0.5.0-SNAPSHOT.jar!/webapps/static,UNAVAILABLE}
2019-09-10 12:52:13,947 [ForkJoinPool.commonPool-worker-0] INFO  handler.ContextHandler (ContextHandler.java:doStop(910)) - Stopped o.e.j.s.ServletContextHandler@6cad2d5f{/logs,file:///workdir/hadoop-ozone/integration-test/target/log,UNAVAILABLE}
2019-09-10 12:52:13,948 [ForkJoinPool.commonPool-worker-0] INFO  datanode.ObjectStoreHandler (ObjectStoreHandler.java:close(155)) - Closing ObjectStoreHandler.
2019-09-10 12:52:13,948 [ForkJoinPool.commonPool-worker-0] INFO  ozone.HddsDatanodeService (HddsDatanodeService.java:stop(451)) - Stopped plug-in org.apache.hadoop.ozone.web.OzoneHddsDatanodeService@2d1dbf4f
2019-09-10 12:52:13,959 [main] INFO  statemachine.DatanodeStateMachine (DatanodeStateMachine.java:stopDaemon(395)) - Ozone container server stopped.
2019-09-10 12:52:13,960 [main] INFO  handler.ContextHandler (ContextHandler.java:doStop(910)) - Stopped o.e.j.w.WebAppContext@4a83740e{/,null,UNAVAILABLE}{/hddsDatanode}
2019-09-10 12:52:13,961 [main] INFO  server.AbstractConnector (AbstractConnector.java:doStop(318)) - Stopped ServerConnector@5d8319a7{HTTP/1.1,[http/1.1]}{0.0.0.0:0}
2019-09-10 12:52:13,961 [main] INFO  handler.ContextHandler (ContextHandler.java:doStop(910)) - Stopped o.e.j.s.ServletContextHandler@4191774f{/static,jar:file:/home/user/.m2/repository/org/apache/hadoop/hadoop-hdds-container-service/0.5.0-SNAPSHOT/hadoop-hdds-container-service-0.5.0-SNAPSHOT.jar!/webapps/static,UNAVAILABLE}
2019-09-10 12:52:13,961 [main] INFO  handler.ContextHandler (ContextHandler.java:doStop(910)) - Stopped o.e.j.s.ServletContextHandler@2bf3ec4a{/logs,file:///workdir/hadoop-ozone/integration-test/target/log,UNAVAILABLE}
2019-09-10 12:52:13,962 [main] INFO  datanode.ObjectStoreHandler (ObjectStoreHandler.java:close(155)) - Closing ObjectStoreHandler.
2019-09-10 12:52:13,963 [main] INFO  ozone.HddsDatanodeService (HddsDatanodeService.java:stop(451)) - Stopped plug-in org.apache.hadoop.ozone.web.OzoneHddsDatanodeService@891f18f
2019-09-10 12:52:14,429 | INFO  | SCMAudit | user=jenkins1000 | ip=192.168.5.153 | op=SEND_HEARTBEAT {datanodeUUID=5da78483-2d4d-4152-a822-f0527bb3627d, command=[]} | ret=SUCCESS |  
2019-09-10 12:52:14,682 [Datanode State Machine Thread - 0] INFO  statemachine.DatanodeStateMachine (DatanodeStateMachine.java:lambda$startDaemon$0(350)) - Ozone container server started.
2019-09-10 12:52:14,796 [Datanode State Machine Thread - 0] INFO  statemachine.DatanodeStateMachine (DatanodeStateMachine.java:lambda$startDaemon$0(350)) - Ozone container server started.
2019-09-10 12:52:15,429 | INFO  | SCMAudit | user=jenkins1000 | ip=192.168.5.153 | op=SEND_HEARTBEAT {datanodeUUID=5da78483-2d4d-4152-a822-f0527bb3627d, command=[]} | ret=SUCCESS |  
2019-09-10 12:52:16,429 | INFO  | SCMAudit | user=jenkins1000 | ip=192.168.5.153 | op=SEND_HEARTBEAT {datanodeUUID=5da78483-2d4d-4152-a822-f0527bb3627d, command=[]} | ret=SUCCESS |  
2019-09-10 12:52:17,429 | INFO  | SCMAudit | user=jenkins1000 | ip=192.168.5.153 | op=SEND_HEARTBEAT {datanodeUUID=5da78483-2d4d-4152-a822-f0527bb3627d, command=[]} | ret=SUCCESS |  
2019-09-10 12:52:18,317 [Thread-4074] INFO  impl.FollowerState (FollowerState.java:run(106)) - 162c807d-d7c6-42a8-ad53-3a3326afae0a:group-DD9FE6C50665 changes to CANDIDATE, lastRpcTime:9633, electionTimeout:5143ms
2019-09-10 12:52:18,317 [Thread-4074] INFO  impl.RoleInfo (RoleInfo.java:shutdownFollowerState(121)) - 162c807d-d7c6-42a8-ad53-3a3326afae0a: shutdown FollowerState
2019-09-10 12:52:18,317 [Thread-4074] INFO  impl.RaftServerImpl (RaftServerImpl.java:setRole(171)) - 162c807d-d7c6-42a8-ad53-3a3326afae0a:group-DD9FE6C50665 changes role from FOLLOWER to CANDIDATE at term 1 for changeToCandidate
2019-09-10 12:52:18,318 [Thread-4074] INFO  impl.RoleInfo (RoleInfo.java:updateAndGet(143)) - 162c807d-d7c6-42a8-ad53-3a3326afae0a: start LeaderElection
2019-09-10 12:52:18,320 [162c807d-d7c6-42a8-ad53-3a3326afae0a:group-DD9FE6C50665:LeaderElection90] INFO  impl.RaftServerImpl (ServerState.java:setLeader(263)) - 162c807d-d7c6-42a8-ad53-3a3326afae0a:group-DD9FE6C50665 change Leader from 10cf323f-ae84-4971-a7e0-d66e9b6ea9ea to null at term 1 for initElection
2019-09-10 12:52:18,406 [162c807d-d7c6-42a8-ad53-3a3326afae0a:group-DD9FE6C50665:LeaderElection90] INFO  impl.LeaderElection (LeaderElection.java:askForVotes(181)) - 162c807d-d7c6-42a8-ad53-3a3326afae0a:group-DD9FE6C50665:LeaderElection90: begin an election at term 2 for 0: [162c807d-d7c6-42a8-ad53-3a3326afae0a:192.168.5.153:40128, e116f4bc-cd87-4ac6-9da1-80e39cc5f9e9:192.168.5.153:44973, 10cf323f-ae84-4971-a7e0-d66e9b6ea9ea:192.168.5.153:36306], old=null
2019-09-10 12:52:18,409 [162c807d-d7c6-42a8-ad53-3a3326afae0a:group-DD9FE6C50665:LeaderElection90] INFO  impl.LeaderElection (LogUtils.java:infoOrTrace(149)) - 162c807d-d7c6-42a8-ad53-3a3326afae0a:group-DD9FE6C50665:LeaderElection90 got exception when requesting votes: {}
java.util.concurrent.ExecutionException: org.apache.ratis.thirdparty.io.grpc.StatusRuntimeException: UNAVAILABLE: io exception
	at java.util.concurrent.FutureTask.report(FutureTask.java:122)
	at java.util.concurrent.FutureTask.get(FutureTask.java:192)
	at org.apache.ratis.server.impl.LeaderElection.waitForResults(LeaderElection.java:262)
	at org.apache.ratis.server.impl.LeaderElection.askForVotes(LeaderElection.java:200)
	at org.apache.ratis.server.impl.LeaderElection.run(LeaderElection.java:130)
	at java.lang.Thread.run(Thread.java:748)
Caused by: org.apache.ratis.thirdparty.io.grpc.StatusRuntimeException: UNAVAILABLE: io exception
	at org.apache.ratis.thirdparty.io.grpc.stub.ClientCalls.toStatusRuntimeException(ClientCalls.java:233)
	at org.apache.ratis.thirdparty.io.grpc.stub.ClientCalls.getUnchecked(ClientCalls.java:214)
	at org.apache.ratis.thirdparty.io.grpc.stub.ClientCalls.blockingUnaryCall(ClientCalls.java:139)
	at org.apache.ratis.proto.grpc.RaftServerProtocolServiceGrpc$RaftServerProtocolServiceBlockingStub.requestVote(RaftServerProtocolServiceGrpc.java:265)
	at org.apache.ratis.grpc.server.GrpcServerProtocolClient.requestVote(GrpcServerProtocolClient.java:83)
	at org.apache.ratis.grpc.server.GrpcService.requestVote(GrpcService.java:195)
	at org.apache.ratis.server.impl.LeaderElection.lambda$submitRequests$1(LeaderElection.java:237)
	at java.util.concurrent.FutureTask.run(FutureTask.java:266)
	at java.util.concurrent.Executors$RunnableAdapter.call(Executors.java:511)
	at java.util.concurrent.FutureTask.run(FutureTask.java:266)
	at java.util.concurrent.ThreadPoolExecutor.runWorker(ThreadPoolExecutor.java:1149)
	at java.util.concurrent.ThreadPoolExecutor$Worker.run(ThreadPoolExecutor.java:624)
	... 1 more
Caused by: org.apache.ratis.thirdparty.io.netty.channel.AbstractChannel$AnnotatedConnectException: Connection refused: /192.168.5.153:44973
	at sun.nio.ch.SocketChannelImpl.checkConnect(Native Method)
	at sun.nio.ch.SocketChannelImpl.finishConnect(SocketChannelImpl.java:717)
	at org.apache.ratis.thirdparty.io.netty.channel.socket.nio.NioSocketChannel.doFinishConnect(NioSocketChannel.java:327)
	at org.apache.ratis.thirdparty.io.netty.channel.nio.AbstractNioChannel$AbstractNioUnsafe.finishConnect(AbstractNioChannel.java:340)
	at org.apache.ratis.thirdparty.io.netty.channel.nio.NioEventLoop.processSelectedKey(NioEventLoop.java:632)
	at org.apache.ratis.thirdparty.io.netty.channel.nio.NioEventLoop.processSelectedKeysOptimized(NioEventLoop.java:579)
	at org.apache.ratis.thirdparty.io.netty.channel.nio.NioEventLoop.processSelectedKeys(NioEventLoop.java:496)
	at org.apache.ratis.thirdparty.io.netty.channel.nio.NioEventLoop.run(NioEventLoop.java:458)
	at org.apache.ratis.thirdparty.io.netty.util.concurrent.SingleThreadEventExecutor$5.run(SingleThreadEventExecutor.java:897)
	at org.apache.ratis.thirdparty.io.netty.util.concurrent.FastThreadLocalRunnable.run(FastThreadLocalRunnable.java:30)
	... 1 more
Caused by: java.net.ConnectException: Connection refused
	... 11 more
2019-09-10 12:52:18,411 [162c807d-d7c6-42a8-ad53-3a3326afae0a:group-DD9FE6C50665:LeaderElection90] INFO  impl.LeaderElection (LogUtils.java:infoOrTrace(149)) - 162c807d-d7c6-42a8-ad53-3a3326afae0a:group-DD9FE6C50665:LeaderElection90 got exception when requesting votes: {}
java.util.concurrent.ExecutionException: org.apache.ratis.thirdparty.io.grpc.StatusRuntimeException: UNAVAILABLE: io exception
	at java.util.concurrent.FutureTask.report(FutureTask.java:122)
	at java.util.concurrent.FutureTask.get(FutureTask.java:192)
	at org.apache.ratis.server.impl.LeaderElection.waitForResults(LeaderElection.java:262)
	at org.apache.ratis.server.impl.LeaderElection.askForVotes(LeaderElection.java:200)
	at org.apache.ratis.server.impl.LeaderElection.run(LeaderElection.java:130)
	at java.lang.Thread.run(Thread.java:748)
Caused by: org.apache.ratis.thirdparty.io.grpc.StatusRuntimeException: UNAVAILABLE: io exception
	at org.apache.ratis.thirdparty.io.grpc.stub.ClientCalls.toStatusRuntimeException(ClientCalls.java:233)
	at org.apache.ratis.thirdparty.io.grpc.stub.ClientCalls.getUnchecked(ClientCalls.java:214)
	at org.apache.ratis.thirdparty.io.grpc.stub.ClientCalls.blockingUnaryCall(ClientCalls.java:139)
	at org.apache.ratis.proto.grpc.RaftServerProtocolServiceGrpc$RaftServerProtocolServiceBlockingStub.requestVote(RaftServerProtocolServiceGrpc.java:265)
	at org.apache.ratis.grpc.server.GrpcServerProtocolClient.requestVote(GrpcServerProtocolClient.java:83)
	at org.apache.ratis.grpc.server.GrpcService.requestVote(GrpcService.java:195)
	at org.apache.ratis.server.impl.LeaderElection.lambda$submitRequests$1(LeaderElection.java:237)
	at java.util.concurrent.FutureTask.run(FutureTask.java:266)
	at java.util.concurrent.Executors$RunnableAdapter.call(Executors.java:511)
	at java.util.concurrent.FutureTask.run(FutureTask.java:266)
	at java.util.concurrent.ThreadPoolExecutor.runWorker(ThreadPoolExecutor.java:1149)
	at java.util.concurrent.ThreadPoolExecutor$Worker.run(ThreadPoolExecutor.java:624)
	... 1 more
Caused by: org.apache.ratis.thirdparty.io.netty.channel.AbstractChannel$AnnotatedConnectException: Connection refused: /192.168.5.153:36306
	at sun.nio.ch.SocketChannelImpl.checkConnect(Native Method)
	at sun.nio.ch.SocketChannelImpl.finishConnect(SocketChannelImpl.java:717)
	at org.apache.ratis.thirdparty.io.netty.channel.socket.nio.NioSocketChannel.doFinishConnect(NioSocketChannel.java:327)
	at org.apache.ratis.thirdparty.io.netty.channel.nio.AbstractNioChannel$AbstractNioUnsafe.finishConnect(AbstractNioChannel.java:340)
	at org.apache.ratis.thirdparty.io.netty.channel.nio.NioEventLoop.processSelectedKey(NioEventLoop.java:632)
	at org.apache.ratis.thirdparty.io.netty.channel.nio.NioEventLoop.processSelectedKeysOptimized(NioEventLoop.java:579)
	at org.apache.ratis.thirdparty.io.netty.channel.nio.NioEventLoop.processSelectedKeys(NioEventLoop.java:496)
	at org.apache.ratis.thirdparty.io.netty.channel.nio.NioEventLoop.run(NioEventLoop.java:458)
	at org.apache.ratis.thirdparty.io.netty.util.concurrent.SingleThreadEventExecutor$5.run(SingleThreadEventExecutor.java:897)
	at org.apache.ratis.thirdparty.io.netty.util.concurrent.FastThreadLocalRunnable.run(FastThreadLocalRunnable.java:30)
	... 1 more
Caused by: java.net.ConnectException: Connection refused
	... 11 more
2019-09-10 12:52:18,419 [162c807d-d7c6-42a8-ad53-3a3326afae0a:group-DD9FE6C50665:LeaderElection90] INFO  impl.LeaderElection (LeaderElection.java:logAndReturn(56)) - 162c807d-d7c6-42a8-ad53-3a3326afae0a:group-DD9FE6C50665:LeaderElection90: Election REJECTED; received 0 response(s) [] and 2 exception(s); 162c807d-d7c6-42a8-ad53-3a3326afae0a:t2, leader=null, voted=162c807d-d7c6-42a8-ad53-3a3326afae0a, raftlog=162c807d-d7c6-42a8-ad53-3a3326afae0a-SegmentedRaftLog:OPENED:c13,f13,i13, conf=0: [162c807d-d7c6-42a8-ad53-3a3326afae0a:192.168.5.153:40128, e116f4bc-cd87-4ac6-9da1-80e39cc5f9e9:192.168.5.153:44973, 10cf323f-ae84-4971-a7e0-d66e9b6ea9ea:192.168.5.153:36306], old=null
2019-09-10 12:52:18,419 [162c807d-d7c6-42a8-ad53-3a3326afae0a:group-DD9FE6C50665:LeaderElection90] INFO  impl.LeaderElection (LogUtils.java:infoOrTrace(149)) -   Exception 0: {}
java.util.concurrent.ExecutionException: org.apache.ratis.thirdparty.io.grpc.StatusRuntimeException: UNAVAILABLE: io exception
	at java.util.concurrent.FutureTask.report(FutureTask.java:122)
	at java.util.concurrent.FutureTask.get(FutureTask.java:192)
	at org.apache.ratis.server.impl.LeaderElection.waitForResults(LeaderElection.java:262)
	at org.apache.ratis.server.impl.LeaderElection.askForVotes(LeaderElection.java:200)
	at org.apache.ratis.server.impl.LeaderElection.run(LeaderElection.java:130)
	at java.lang.Thread.run(Thread.java:748)
Caused by: org.apache.ratis.thirdparty.io.grpc.StatusRuntimeException: UNAVAILABLE: io exception
	at org.apache.ratis.thirdparty.io.grpc.stub.ClientCalls.toStatusRuntimeException(ClientCalls.java:233)
	at org.apache.ratis.thirdparty.io.grpc.stub.ClientCalls.getUnchecked(ClientCalls.java:214)
	at org.apache.ratis.thirdparty.io.grpc.stub.ClientCalls.blockingUnaryCall(ClientCalls.java:139)
	at org.apache.ratis.proto.grpc.RaftServerProtocolServiceGrpc$RaftServerProtocolServiceBlockingStub.requestVote(RaftServerProtocolServiceGrpc.java:265)
	at org.apache.ratis.grpc.server.GrpcServerProtocolClient.requestVote(GrpcServerProtocolClient.java:83)
	at org.apache.ratis.grpc.server.GrpcService.requestVote(GrpcService.java:195)
	at org.apache.ratis.server.impl.LeaderElection.lambda$submitRequests$1(LeaderElection.java:237)
	at java.util.concurrent.FutureTask.run(FutureTask.java:266)
	at java.util.concurrent.Executors$RunnableAdapter.call(Executors.java:511)
	at java.util.concurrent.FutureTask.run(FutureTask.java:266)
	at java.util.concurrent.ThreadPoolExecutor.runWorker(ThreadPoolExecutor.java:1149)
	at java.util.concurrent.ThreadPoolExecutor$Worker.run(ThreadPoolExecutor.java:624)
	... 1 more
Caused by: org.apache.ratis.thirdparty.io.netty.channel.AbstractChannel$AnnotatedConnectException: Connection refused: /192.168.5.153:44973
	at sun.nio.ch.SocketChannelImpl.checkConnect(Native Method)
	at sun.nio.ch.SocketChannelImpl.finishConnect(SocketChannelImpl.java:717)
	at org.apache.ratis.thirdparty.io.netty.channel.socket.nio.NioSocketChannel.doFinishConnect(NioSocketChannel.java:327)
	at org.apache.ratis.thirdparty.io.netty.channel.nio.AbstractNioChannel$AbstractNioUnsafe.finishConnect(AbstractNioChannel.java:340)
	at org.apache.ratis.thirdparty.io.netty.channel.nio.NioEventLoop.processSelectedKey(NioEventLoop.java:632)
	at org.apache.ratis.thirdparty.io.netty.channel.nio.NioEventLoop.processSelectedKeysOptimized(NioEventLoop.java:579)
	at org.apache.ratis.thirdparty.io.netty.channel.nio.NioEventLoop.processSelectedKeys(NioEventLoop.java:496)
	at org.apache.ratis.thirdparty.io.netty.channel.nio.NioEventLoop.run(NioEventLoop.java:458)
	at org.apache.ratis.thirdparty.io.netty.util.concurrent.SingleThreadEventExecutor$5.run(SingleThreadEventExecutor.java:897)
	at org.apache.ratis.thirdparty.io.netty.util.concurrent.FastThreadLocalRunnable.run(FastThreadLocalRunnable.java:30)
	... 1 more
Caused by: java.net.ConnectException: Connection refused
	... 11 more
2019-09-10 12:52:18,419 [162c807d-d7c6-42a8-ad53-3a3326afae0a:group-DD9FE6C50665:LeaderElection90] INFO  impl.LeaderElection (LogUtils.java:infoOrTrace(149)) -   Exception 1: {}
java.util.concurrent.ExecutionException: org.apache.ratis.thirdparty.io.grpc.StatusRuntimeException: UNAVAILABLE: io exception
	at java.util.concurrent.FutureTask.report(FutureTask.java:122)
	at java.util.concurrent.FutureTask.get(FutureTask.java:192)
	at org.apache.ratis.server.impl.LeaderElection.waitForResults(LeaderElection.java:262)
	at org.apache.ratis.server.impl.LeaderElection.askForVotes(LeaderElection.java:200)
	at org.apache.ratis.server.impl.LeaderElection.run(LeaderElection.java:130)
	at java.lang.Thread.run(Thread.java:748)
Caused by: org.apache.ratis.thirdparty.io.grpc.StatusRuntimeException: UNAVAILABLE: io exception
	at org.apache.ratis.thirdparty.io.grpc.stub.ClientCalls.toStatusRuntimeException(ClientCalls.java:233)
	at org.apache.ratis.thirdparty.io.grpc.stub.ClientCalls.getUnchecked(ClientCalls.java:214)
	at org.apache.ratis.thirdparty.io.grpc.stub.ClientCalls.blockingUnaryCall(ClientCalls.java:139)
	at org.apache.ratis.proto.grpc.RaftServerProtocolServiceGrpc$RaftServerProtocolServiceBlockingStub.requestVote(RaftServerProtocolServiceGrpc.java:265)
	at org.apache.ratis.grpc.server.GrpcServerProtocolClient.requestVote(GrpcServerProtocolClient.java:83)
	at org.apache.ratis.grpc.server.GrpcService.requestVote(GrpcService.java:195)
	at org.apache.ratis.server.impl.LeaderElection.lambda$submitRequests$1(LeaderElection.java:237)
	at java.util.concurrent.FutureTask.run(FutureTask.java:266)
	at java.util.concurrent.Executors$RunnableAdapter.call(Executors.java:511)
	at java.util.concurrent.FutureTask.run(FutureTask.java:266)
	at java.util.concurrent.ThreadPoolExecutor.runWorker(ThreadPoolExecutor.java:1149)
	at java.util.concurrent.ThreadPoolExecutor$Worker.run(ThreadPoolExecutor.java:624)
	... 1 more
Caused by: org.apache.ratis.thirdparty.io.netty.channel.AbstractChannel$AnnotatedConnectException: Connection refused: /192.168.5.153:36306
	at sun.nio.ch.SocketChannelImpl.checkConnect(Native Method)
	at sun.nio.ch.SocketChannelImpl.finishConnect(SocketChannelImpl.java:717)
	at org.apache.ratis.thirdparty.io.netty.channel.socket.nio.NioSocketChannel.doFinishConnect(NioSocketChannel.java:327)
	at org.apache.ratis.thirdparty.io.netty.channel.nio.AbstractNioChannel$AbstractNioUnsafe.finishConnect(AbstractNioChannel.java:340)
	at org.apache.ratis.thirdparty.io.netty.channel.nio.NioEventLoop.processSelectedKey(NioEventLoop.java:632)
	at org.apache.ratis.thirdparty.io.netty.channel.nio.NioEventLoop.processSelectedKeysOptimized(NioEventLoop.java:579)
	at org.apache.ratis.thirdparty.io.netty.channel.nio.NioEventLoop.processSelectedKeys(NioEventLoop.java:496)
	at org.apache.ratis.thirdparty.io.netty.channel.nio.NioEventLoop.run(NioEventLoop.java:458)
	at org.apache.ratis.thirdparty.io.netty.util.concurrent.SingleThreadEventExecutor$5.run(SingleThreadEventExecutor.java:897)
	at org.apache.ratis.thirdparty.io.netty.util.concurrent.FastThreadLocalRunnable.run(FastThreadLocalRunnable.java:30)
	... 1 more
Caused by: java.net.ConnectException: Connection refused
	... 11 more
2019-09-10 12:52:18,420 [162c807d-d7c6-42a8-ad53-3a3326afae0a:group-DD9FE6C50665:LeaderElection90] INFO  impl.RaftServerImpl (RaftServerImpl.java:setRole(171)) - 162c807d-d7c6-42a8-ad53-3a3326afae0a:group-DD9FE6C50665 changes role from CANDIDATE to FOLLOWER at term 2 for DISCOVERED_A_NEW_TERM
2019-09-10 12:52:18,420 [162c807d-d7c6-42a8-ad53-3a3326afae0a:group-DD9FE6C50665:LeaderElection90] INFO  impl.RoleInfo (RoleInfo.java:shutdownLeaderElection(134)) - 162c807d-d7c6-42a8-ad53-3a3326afae0a: shutdown LeaderElection
2019-09-10 12:52:18,420 [162c807d-d7c6-42a8-ad53-3a3326afae0a:group-DD9FE6C50665:LeaderElection90] INFO  impl.RoleInfo (RoleInfo.java:updateAndGet(143)) - 162c807d-d7c6-42a8-ad53-3a3326afae0a: start FollowerState
2019-09-10 12:52:18,429 | INFO  | SCMAudit | user=jenkins1000 | ip=192.168.5.153 | op=SEND_HEARTBEAT {datanodeUUID=5da78483-2d4d-4152-a822-f0527bb3627d, command=[]} | ret=SUCCESS |  
2019-09-10 12:52:18,741 [EventQueue-StaleNodeForStaleNodeHandler] INFO  node.StaleNodeHandler (StaleNodeHandler.java:onMessage(58)) - Datanode 162c807d-d7c6-42a8-ad53-3a3326afae0a{ip: 192.168.5.153, host: pr-hdds-1571-5ln6c-1111760135, networkLocation: /default-rack, certSerialId: null} moved to stale state. Finalizing its pipelines [PipelineID=18a93aa5-9211-4313-a260-dd9fe6c50665, PipelineID=9fc5b1ee-cb6e-4584-bde9-185bdd9b016b]
2019-09-10 12:52:18,741 [EventQueue-StaleNodeForStaleNodeHandler] INFO  pipeline.SCMPipelineManager (SCMPipelineManager.java:finalizeAndDestroyPipeline(309)) - destroying pipeline:Pipeline[ Id: 18a93aa5-9211-4313-a260-dd9fe6c50665, Nodes: e116f4bc-cd87-4ac6-9da1-80e39cc5f9e9{ip: 192.168.5.153, host: pr-hdds-1571-5ln6c-1111760135, networkLocation: /default-rack, certSerialId: null}162c807d-d7c6-42a8-ad53-3a3326afae0a{ip: 192.168.5.153, host: pr-hdds-1571-5ln6c-1111760135, networkLocation: /default-rack, certSerialId: null}10cf323f-ae84-4971-a7e0-d66e9b6ea9ea{ip: 192.168.5.153, host: pr-hdds-1571-5ln6c-1111760135, networkLocation: /default-rack, certSerialId: null}, Type:RATIS, Factor:THREE, State:CLOSED]
2019-09-10 12:52:18,741 [EventQueue-StaleNodeForStaleNodeHandler] INFO  pipeline.SCMPipelineManager (SCMPipelineManager.java:finalizeAndDestroyPipeline(309)) - destroying pipeline:Pipeline[ Id: 9fc5b1ee-cb6e-4584-bde9-185bdd9b016b, Nodes: 162c807d-d7c6-42a8-ad53-3a3326afae0a{ip: 192.168.5.153, host: pr-hdds-1571-5ln6c-1111760135, networkLocation: /default-rack, certSerialId: null}, Type:RATIS, Factor:ONE, State:OPEN]
2019-09-10 12:52:18,742 [EventQueue-StaleNodeForStaleNodeHandler] INFO  pipeline.PipelineStateManager (PipelineStateManager.java:finalizePipeline(123)) - Pipeline Pipeline[ Id: 9fc5b1ee-cb6e-4584-bde9-185bdd9b016b, Nodes: 162c807d-d7c6-42a8-ad53-3a3326afae0a{ip: 192.168.5.153, host: pr-hdds-1571-5ln6c-1111760135, networkLocation: /default-rack, certSerialId: null}, Type:RATIS, Factor:ONE, State:CLOSED] moved to CLOSED state
2019-09-10 12:52:18,841 [EventQueue-StaleNodeForStaleNodeHandler] INFO  node.StaleNodeHandler (StaleNodeHandler.java:onMessage(58)) - Datanode 7c19fb12-96c9-4405-b962-861cc67d2712{ip: 192.168.5.153, host: pr-hdds-1571-5ln6c-1111760135, networkLocation: /default-rack, certSerialId: null} moved to stale state. Finalizing its pipelines [PipelineID=ea6d1b6d-8984-4f89-b77f-e6be898a1671]
2019-09-10 12:52:18,841 [EventQueue-StaleNodeForStaleNodeHandler] INFO  pipeline.SCMPipelineManager (SCMPipelineManager.java:finalizeAndDestroyPipeline(309)) - destroying pipeline:Pipeline[ Id: ea6d1b6d-8984-4f89-b77f-e6be898a1671, Nodes: 7c19fb12-96c9-4405-b962-861cc67d2712{ip: 192.168.5.153, host: pr-hdds-1571-5ln6c-1111760135, networkLocation: /default-rack, certSerialId: null}, Type:RATIS, Factor:ONE, State:OPEN]
2019-09-10 12:52:18,842 [EventQueue-StaleNodeForStaleNodeHandler] INFO  pipeline.PipelineStateManager (PipelineStateManager.java:finalizePipeline(123)) - Pipeline Pipeline[ Id: ea6d1b6d-8984-4f89-b77f-e6be898a1671, Nodes: 7c19fb12-96c9-4405-b962-861cc67d2712{ip: 192.168.5.153, host: pr-hdds-1571-5ln6c-1111760135, networkLocation: /default-rack, certSerialId: null}, Type:RATIS, Factor:ONE, State:CLOSED] moved to CLOSED state
2019-09-10 12:52:18,949 [ForkJoinPool.commonPool-worker-0] INFO  ozoneimpl.OzoneContainer (OzoneContainer.java:stop(199)) - Attempting to stop container services.
2019-09-10 12:52:18,950 [ForkJoinPool.commonPool-worker-0] INFO  impl.RaftServerProxy (RaftServerProxy.java:lambda$close$4(314)) - 162c807d-d7c6-42a8-ad53-3a3326afae0a: close
2019-09-10 12:52:18,950 [ForkJoinPool.commonPool-worker-0] INFO  impl.RaftServerImpl (RaftServerImpl.java:lambda$shutdown$3(245)) - 162c807d-d7c6-42a8-ad53-3a3326afae0a: shutdown group-DD9FE6C50665
2019-09-10 12:52:18,950 [ForkJoinPool.commonPool-worker-0] INFO  util.JmxRegister (JmxRegister.java:unregister(73)) - Successfully un-registered JMX Bean with object name Ratis:service=RaftServer,group=group-DD9FE6C50665,id=162c807d-d7c6-42a8-ad53-3a3326afae0a
2019-09-10 12:52:18,951 [ForkJoinPool.commonPool-worker-0] INFO  impl.RoleInfo (RoleInfo.java:shutdownFollowerState(121)) - 162c807d-d7c6-42a8-ad53-3a3326afae0a: shutdown FollowerState
2019-09-10 12:52:18,951 [ForkJoinPool.commonPool-worker-0] INFO  impl.StateMachineUpdater (StateMachineUpdater.java:stopAndJoin(115)) - StateMachineUpdater:162c807d-d7c6-42a8-ad53-3a3326afae0a:group-DD9FE6C50665: set stopIndex = 13
2019-09-10 12:52:18,951 [Thread-4202] INFO  impl.FollowerState (FollowerState.java:run(114)) - 162c807d-d7c6-42a8-ad53-3a3326afae0a: FollowerState was interrupted: java.lang.InterruptedException: sleep interrupted
2019-09-10 12:52:18,951 [StateMachineUpdater:162c807d-d7c6-42a8-ad53-3a3326afae0a:group-DD9FE6C50665] INFO  ratis.ContainerStateMachine (ContainerStateMachine.java:takeSnapshot(283)) - group-DD9FE6C50665: Taking a snapshot at:(t:1, i:11) file /workdir/hadoop-ozone/integration-test/target/test-dir/MiniOzoneClusterImpl-621806fa-6f52-406a-98d3-49fc87e46c7c/datanode-0/data/ratis/18a93aa5-9211-4313-a260-dd9fe6c50665/sm/snapshot.1_11
2019-09-10 12:52:18,963 [main] INFO  ozoneimpl.OzoneContainer (OzoneContainer.java:stop(199)) - Attempting to stop container services.
2019-09-10 12:52:18,964 [main] INFO  impl.RaftServerProxy (RaftServerProxy.java:lambda$close$4(314)) - 7c19fb12-96c9-4405-b962-861cc67d2712: close
2019-09-10 12:52:18,965 [main] INFO  impl.RaftServerImpl (RaftServerImpl.java:lambda$shutdown$3(245)) - 7c19fb12-96c9-4405-b962-861cc67d2712: shutdown group-E6BE898A1671
2019-09-10 12:52:18,965 [main] INFO  util.JmxRegister (JmxRegister.java:unregister(73)) - Successfully un-registered JMX Bean with object name Ratis:service=RaftServer,group=group-E6BE898A1671,id=7c19fb12-96c9-4405-b962-861cc67d2712
2019-09-10 12:52:18,965 [main] INFO  impl.RoleInfo (RoleInfo.java:shutdownLeaderState(104)) - 7c19fb12-96c9-4405-b962-861cc67d2712: shutdown LeaderState
2019-09-10 12:52:18,966 [main] INFO  impl.PendingRequests (PendingRequests.java:sendNotLeaderResponses(202)) - 7c19fb12-96c9-4405-b962-861cc67d2712-PendingRequests: sendNotLeaderResponses
2019-09-10 12:52:18,966 [main] INFO  impl.StateMachineUpdater (StateMachineUpdater.java:stopAndJoin(115)) - StateMachineUpdater:7c19fb12-96c9-4405-b962-861cc67d2712:group-E6BE898A1671: set stopIndex = 0
2019-09-10 12:52:18,967 [main] INFO  impl.RaftServerImpl (ServerState.java:close(394)) - 7c19fb12-96c9-4405-b962-861cc67d2712:group-E6BE898A1671 closes. The last applied log index is 0
2019-09-10 12:52:18,967 [7c19fb12-96c9-4405-b962-861cc67d2712-SegmentedRaftLogWorker:Storage Directory /workdir/hadoop-ozone/integration-test/target/test-dir/MiniOzoneClusterImpl-621806fa-6f52-406a-98d3-49fc87e46c7c/datanode-6/data/ratis/ea6d1b6d-8984-4f89-b77f-e6be898a1671] INFO  segmented.SegmentedRaftLogWorker (SegmentedRaftLogWorker.java:run(313)) - 7c19fb12-96c9-4405-b962-861cc67d2712-SegmentedRaftLogWorker:Storage Directory /workdir/hadoop-ozone/integration-test/target/test-dir/MiniOzoneClusterImpl-621806fa-6f52-406a-98d3-49fc87e46c7c/datanode-6/data/ratis/ea6d1b6d-8984-4f89-b77f-e6be898a1671 was interrupted, exiting. There are 0 tasks remaining in the queue.
2019-09-10 12:52:18,979 [main] INFO  segmented.SegmentedRaftLogWorker (SegmentedRaftLogWorker.java:close(228)) - 7c19fb12-96c9-4405-b962-861cc67d2712-SegmentedRaftLogWorker:Storage Directory /workdir/hadoop-ozone/integration-test/target/test-dir/MiniOzoneClusterImpl-621806fa-6f52-406a-98d3-49fc87e46c7c/datanode-6/data/ratis/ea6d1b6d-8984-4f89-b77f-e6be898a1671 close()
2019-09-10 12:52:18,979 [StateMachineUpdater:162c807d-d7c6-42a8-ad53-3a3326afae0a:group-DD9FE6C50665] INFO  ratis.ContainerStateMachine (ContainerStateMachine.java:takeSnapshot(294)) - group-DD9FE6C50665: Finished taking a snapshot at:(t:1, i:11) file:/workdir/hadoop-ozone/integration-test/target/test-dir/MiniOzoneClusterImpl-621806fa-6f52-406a-98d3-49fc87e46c7c/datanode-0/data/ratis/18a93aa5-9211-4313-a260-dd9fe6c50665/sm/snapshot.1_11 time:28
2019-09-10 12:52:18,981 [StateMachineUpdater:162c807d-d7c6-42a8-ad53-3a3326afae0a:group-DD9FE6C50665] INFO  impl.StateMachineUpdater (StateMachineUpdater.java:takeSnapshot(242)) - StateMachineUpdater:162c807d-d7c6-42a8-ad53-3a3326afae0a:group-DD9FE6C50665: Took a snapshot at index 11
2019-09-10 12:52:18,981 [main] INFO  server.GrpcService (GrpcService.java:closeImpl(155)) - 7c19fb12-96c9-4405-b962-861cc67d2712: shutdown server with port 41022 now
2019-09-10 12:52:18,981 [StateMachineUpdater:162c807d-d7c6-42a8-ad53-3a3326afae0a:group-DD9FE6C50665] INFO  impl.StateMachineUpdater (StateMachineUpdater.java:lambda$new$0(80)) - StateMachineUpdater:162c807d-d7c6-42a8-ad53-3a3326afae0a:group-DD9FE6C50665: snapshotIndex: updateIncreasingly -1 -> 11
2019-09-10 12:52:18,983 [main] INFO  server.GrpcService (GrpcService.java:closeImpl(163)) - 7c19fb12-96c9-4405-b962-861cc67d2712: shutdown server with port 41022 successfully
2019-09-10 12:52:18,984 [ForkJoinPool.commonPool-worker-0] INFO  impl.RaftServerImpl (ServerState.java:close(394)) - 162c807d-d7c6-42a8-ad53-3a3326afae0a:group-DD9FE6C50665 closes. The last applied log index is 13
2019-09-10 12:52:18,984 [162c807d-d7c6-42a8-ad53-3a3326afae0a-SegmentedRaftLogWorker:Storage Directory /workdir/hadoop-ozone/integration-test/target/test-dir/MiniOzoneClusterImpl-621806fa-6f52-406a-98d3-49fc87e46c7c/datanode-0/data/ratis/18a93aa5-9211-4313-a260-dd9fe6c50665] INFO  segmented.SegmentedRaftLogWorker (SegmentedRaftLogWorker.java:run(313)) - 162c807d-d7c6-42a8-ad53-3a3326afae0a-SegmentedRaftLogWorker:Storage Directory /workdir/hadoop-ozone/integration-test/target/test-dir/MiniOzoneClusterImpl-621806fa-6f52-406a-98d3-49fc87e46c7c/datanode-0/data/ratis/18a93aa5-9211-4313-a260-dd9fe6c50665 was interrupted, exiting. There are 0 tasks remaining in the queue.
2019-09-10 12:52:18,986 [main] INFO  utils.BackgroundService (BackgroundService.java:shutdown(148)) - Shutting down service BlockDeletingService
2019-09-10 12:52:18,986 [ForkJoinPool.commonPool-worker-0] INFO  segmented.SegmentedRaftLogWorker (SegmentedRaftLogWorker.java:close(228)) - 162c807d-d7c6-42a8-ad53-3a3326afae0a-SegmentedRaftLogWorker:Storage Directory /workdir/hadoop-ozone/integration-test/target/test-dir/MiniOzoneClusterImpl-621806fa-6f52-406a-98d3-49fc87e46c7c/datanode-0/data/ratis/18a93aa5-9211-4313-a260-dd9fe6c50665 close()
2019-09-10 12:52:18,989 [refreshUsed-/workdir/hadoop-ozone/integration-test/target/test-dir/MiniOzoneClusterImpl-621806fa-6f52-406a-98d3-49fc87e46c7c/datanode-6/data/containers] WARN  fs.CachingGetSpaceUsed (CachingGetSpaceUsed.java:run(183)) - Thread Interrupted waiting to refresh disk information: sleep interrupted
2019-09-10 12:52:18,989 [ForkJoinPool.commonPool-worker-0] INFO  impl.RaftServerImpl (RaftServerImpl.java:lambda$shutdown$3(245)) - 162c807d-d7c6-42a8-ad53-3a3326afae0a: shutdown group-185BDD9B016B
2019-09-10 12:52:18,989 [ForkJoinPool.commonPool-worker-0] INFO  util.JmxRegister (JmxRegister.java:unregister(73)) - Successfully un-registered JMX Bean with object name Ratis:service=RaftServer,group=group-185BDD9B016B,id=162c807d-d7c6-42a8-ad53-3a3326afae0a
2019-09-10 12:52:18,991 [ForkJoinPool.commonPool-worker-0] INFO  impl.RoleInfo (RoleInfo.java:shutdownLeaderState(104)) - 162c807d-d7c6-42a8-ad53-3a3326afae0a: shutdown LeaderState
2019-09-10 12:52:18,991 [ForkJoinPool.commonPool-worker-0] INFO  impl.PendingRequests (PendingRequests.java:sendNotLeaderResponses(202)) - 162c807d-d7c6-42a8-ad53-3a3326afae0a-PendingRequests: sendNotLeaderResponses
2019-09-10 12:52:18,991 [ForkJoinPool.commonPool-worker-0] INFO  impl.StateMachineUpdater (StateMachineUpdater.java:stopAndJoin(115)) - StateMachineUpdater:162c807d-d7c6-42a8-ad53-3a3326afae0a:group-185BDD9B016B: set stopIndex = 0
2019-09-10 12:52:18,992 [ForkJoinPool.commonPool-worker-0] INFO  impl.RaftServerImpl (ServerState.java:close(394)) - 162c807d-d7c6-42a8-ad53-3a3326afae0a:group-185BDD9B016B closes. The last applied log index is 0
2019-09-10 12:52:18,992 [162c807d-d7c6-42a8-ad53-3a3326afae0a-SegmentedRaftLogWorker:Storage Directory /workdir/hadoop-ozone/integration-test/target/test-dir/MiniOzoneClusterImpl-621806fa-6f52-406a-98d3-49fc87e46c7c/datanode-0/data/ratis/9fc5b1ee-cb6e-4584-bde9-185bdd9b016b] INFO  segmented.SegmentedRaftLogWorker (SegmentedRaftLogWorker.java:run(313)) - 162c807d-d7c6-42a8-ad53-3a3326afae0a-SegmentedRaftLogWorker:Storage Directory /workdir/hadoop-ozone/integration-test/target/test-dir/MiniOzoneClusterImpl-621806fa-6f52-406a-98d3-49fc87e46c7c/datanode-0/data/ratis/9fc5b1ee-cb6e-4584-bde9-185bdd9b016b was interrupted, exiting. There are 0 tasks remaining in the queue.
2019-09-10 12:52:18,993 [ForkJoinPool.commonPool-worker-0] INFO  segmented.SegmentedRaftLogWorker (SegmentedRaftLogWorker.java:close(228)) - 162c807d-d7c6-42a8-ad53-3a3326afae0a-SegmentedRaftLogWorker:Storage Directory /workdir/hadoop-ozone/integration-test/target/test-dir/MiniOzoneClusterImpl-621806fa-6f52-406a-98d3-49fc87e46c7c/datanode-0/data/ratis/9fc5b1ee-cb6e-4584-bde9-185bdd9b016b close()
2019-09-10 12:52:18,995 [ForkJoinPool.commonPool-worker-0] INFO  server.GrpcService (GrpcService.java:closeImpl(155)) - 162c807d-d7c6-42a8-ad53-3a3326afae0a: shutdown server with port 40128 now
2019-09-10 12:52:18,995 [ForkJoinPool.commonPool-worker-0] INFO  server.GrpcService (GrpcService.java:closeImpl(163)) - 162c807d-d7c6-42a8-ad53-3a3326afae0a: shutdown server with port 40128 successfully
2019-09-10 12:52:18,998 [ForkJoinPool.commonPool-worker-0] INFO  utils.BackgroundService (BackgroundService.java:shutdown(148)) - Shutting down service BlockDeletingService
2019-09-10 12:52:19,000 [refreshUsed-/workdir/hadoop-ozone/integration-test/target/test-dir/MiniOzoneClusterImpl-621806fa-6f52-406a-98d3-49fc87e46c7c/datanode-0/data/containers] WARN  fs.CachingGetSpaceUsed (CachingGetSpaceUsed.java:run(183)) - Thread Interrupted waiting to refresh disk information: sleep interrupted
2019-09-10 12:52:19,012 [main] INFO  statemachine.DatanodeStateMachine (DatanodeStateMachine.java:stopDaemon(395)) - Ozone container server stopped.
2019-09-10 12:52:19,013 [main] INFO  handler.ContextHandler (ContextHandler.java:doStop(910)) - Stopped o.e.j.w.WebAppContext@4e43a23a{/,null,UNAVAILABLE}{/hddsDatanode}
2019-09-10 12:52:19,014 [main] INFO  server.AbstractConnector (AbstractConnector.java:doStop(318)) - Stopped ServerConnector@291fbdc9{HTTP/1.1,[http/1.1]}{0.0.0.0:0}
2019-09-10 12:52:19,014 [main] INFO  handler.ContextHandler (ContextHandler.java:doStop(910)) - Stopped o.e.j.s.ServletContextHandler@2d260f2a{/static,jar:file:/home/user/.m2/repository/org/apache/hadoop/hadoop-hdds-container-service/0.5.0-SNAPSHOT/hadoop-hdds-container-service-0.5.0-SNAPSHOT.jar!/webapps/static,UNAVAILABLE}
2019-09-10 12:52:19,015 [main] INFO  handler.ContextHandler (ContextHandler.java:doStop(910)) - Stopped o.e.j.s.ServletContextHandler@2e9f8c8f{/logs,file:///workdir/hadoop-ozone/integration-test/target/log,UNAVAILABLE}
2019-09-10 12:52:19,015 [main] INFO  datanode.ObjectStoreHandler (ObjectStoreHandler.java:close(155)) - Closing ObjectStoreHandler.
2019-09-10 12:52:19,016 [main] INFO  ozone.HddsDatanodeService (HddsDatanodeService.java:stop(451)) - Stopped plug-in org.apache.hadoop.ozone.web.OzoneHddsDatanodeService@713935c8
2019-09-10 12:52:19,024 [ForkJoinPool.commonPool-worker-0] INFO  statemachine.DatanodeStateMachine (DatanodeStateMachine.java:stopDaemon(395)) - Ozone container server stopped.
2019-09-10 12:52:19,028 [ForkJoinPool.commonPool-worker-0] INFO  handler.ContextHandler (ContextHandler.java:doStop(910)) - Stopped o.e.j.w.WebAppContext@27d9a016{/,null,UNAVAILABLE}{/hddsDatanode}
2019-09-10 12:52:19,028 [ForkJoinPool.commonPool-worker-0] INFO  server.AbstractConnector (AbstractConnector.java:doStop(318)) - Stopped ServerConnector@68c9cf93{HTTP/1.1,[http/1.1]}{0.0.0.0:0}
2019-09-10 12:52:19,029 [ForkJoinPool.commonPool-worker-0] INFO  handler.ContextHandler (ContextHandler.java:doStop(910)) - Stopped o.e.j.s.ServletContextHandler@65018381{/static,jar:file:/home/user/.m2/repository/org/apache/hadoop/hadoop-hdds-container-service/0.5.0-SNAPSHOT/hadoop-hdds-container-service-0.5.0-SNAPSHOT.jar!/webapps/static,UNAVAILABLE}
2019-09-10 12:52:19,031 [ForkJoinPool.commonPool-worker-0] INFO  handler.ContextHandler (ContextHandler.java:doStop(910)) - Stopped o.e.j.s.ServletContextHandler@7d593bbc{/logs,file:///workdir/hadoop-ozone/integration-test/target/log,UNAVAILABLE}
2019-09-10 12:52:19,343 [Thread-4092] INFO  impl.FollowerState (FollowerState.java:run(106)) - 5da78483-2d4d-4152-a822-f0527bb3627d:group-F7C6AE1A2D04 changes to CANDIDATE, lastRpcTime:7849, electionTimeout:5181ms
2019-09-10 12:52:19,343 [Thread-4092] INFO  impl.RoleInfo (RoleInfo.java:shutdownFollowerState(121)) - 5da78483-2d4d-4152-a822-f0527bb3627d: shutdown FollowerState
2019-09-10 12:52:19,343 [Thread-4092] INFO  impl.RaftServerImpl (RaftServerImpl.java:setRole(171)) - 5da78483-2d4d-4152-a822-f0527bb3627d:group-F7C6AE1A2D04 changes role from FOLLOWER to CANDIDATE at term 1 for changeToCandidate
2019-09-10 12:52:19,344 [Thread-4092] INFO  impl.RoleInfo (RoleInfo.java:updateAndGet(143)) - 5da78483-2d4d-4152-a822-f0527bb3627d: start LeaderElection
2019-09-10 12:52:19,345 [5da78483-2d4d-4152-a822-f0527bb3627d:group-F7C6AE1A2D04:LeaderElection91] INFO  impl.RaftServerImpl (ServerState.java:setLeader(263)) - 5da78483-2d4d-4152-a822-f0527bb3627d:group-F7C6AE1A2D04 change Leader from dca67000-a313-4773-81da-4c52f6fe39ce to null at term 1 for initElection
2019-09-10 12:52:19,371 [5da78483-2d4d-4152-a822-f0527bb3627d:group-F7C6AE1A2D04:LeaderElection91] INFO  impl.LeaderElection (LeaderElection.java:askForVotes(181)) - 5da78483-2d4d-4152-a822-f0527bb3627d:group-F7C6AE1A2D04:LeaderElection91: begin an election at term 2 for 0: [01a6b04f-ad3e-4331-b74c-d33e97f682d8:192.168.5.153:35087, 5da78483-2d4d-4152-a822-f0527bb3627d:192.168.5.153:38703, dca67000-a313-4773-81da-4c52f6fe39ce:192.168.5.153:45430], old=null
2019-09-10 12:52:19,373 [5da78483-2d4d-4152-a822-f0527bb3627d:group-F7C6AE1A2D04:LeaderElection91] INFO  impl.LeaderElection (LogUtils.java:infoOrTrace(149)) - 5da78483-2d4d-4152-a822-f0527bb3627d:group-F7C6AE1A2D04:LeaderElection91 got exception when requesting votes: {}
java.util.concurrent.ExecutionException: org.apache.ratis.thirdparty.io.grpc.StatusRuntimeException: UNAVAILABLE: io exception
	at java.util.concurrent.FutureTask.report(FutureTask.java:122)
	at java.util.concurrent.FutureTask.get(FutureTask.java:192)
	at org.apache.ratis.server.impl.LeaderElection.waitForResults(LeaderElection.java:262)
	at org.apache.ratis.server.impl.LeaderElection.askForVotes(LeaderElection.java:200)
	at org.apache.ratis.server.impl.LeaderElection.run(LeaderElection.java:130)
	at java.lang.Thread.run(Thread.java:748)
Caused by: org.apache.ratis.thirdparty.io.grpc.StatusRuntimeException: UNAVAILABLE: io exception
	at org.apache.ratis.thirdparty.io.grpc.stub.ClientCalls.toStatusRuntimeException(ClientCalls.java:233)
	at org.apache.ratis.thirdparty.io.grpc.stub.ClientCalls.getUnchecked(ClientCalls.java:214)
	at org.apache.ratis.thirdparty.io.grpc.stub.ClientCalls.blockingUnaryCall(ClientCalls.java:139)
	at org.apache.ratis.proto.grpc.RaftServerProtocolServiceGrpc$RaftServerProtocolServiceBlockingStub.requestVote(RaftServerProtocolServiceGrpc.java:265)
	at org.apache.ratis.grpc.server.GrpcServerProtocolClient.requestVote(GrpcServerProtocolClient.java:83)
	at org.apache.ratis.grpc.server.GrpcService.requestVote(GrpcService.java:195)
	at org.apache.ratis.server.impl.LeaderElection.lambda$submitRequests$1(LeaderElection.java:237)
	at java.util.concurrent.FutureTask.run(FutureTask.java:266)
	at java.util.concurrent.Executors$RunnableAdapter.call(Executors.java:511)
	at java.util.concurrent.FutureTask.run(FutureTask.java:266)
	at java.util.concurrent.ThreadPoolExecutor.runWorker(ThreadPoolExecutor.java:1149)
	at java.util.concurrent.ThreadPoolExecutor$Worker.run(ThreadPoolExecutor.java:624)
	... 1 more
Caused by: org.apache.ratis.thirdparty.io.netty.channel.AbstractChannel$AnnotatedConnectException: Connection refused: /192.168.5.153:35087
	at sun.nio.ch.SocketChannelImpl.checkConnect(Native Method)
	at sun.nio.ch.SocketChannelImpl.finishConnect(SocketChannelImpl.java:717)
	at org.apache.ratis.thirdparty.io.netty.channel.socket.nio.NioSocketChannel.doFinishConnect(NioSocketChannel.java:327)
	at org.apache.ratis.thirdparty.io.netty.channel.nio.AbstractNioChannel$AbstractNioUnsafe.finishConnect(AbstractNioChannel.java:340)
	at org.apache.ratis.thirdparty.io.netty.channel.nio.NioEventLoop.processSelectedKey(NioEventLoop.java:632)
	at org.apache.ratis.thirdparty.io.netty.channel.nio.NioEventLoop.processSelectedKeysOptimized(NioEventLoop.java:579)
	at org.apache.ratis.thirdparty.io.netty.channel.nio.NioEventLoop.processSelectedKeys(NioEventLoop.java:496)
	at org.apache.ratis.thirdparty.io.netty.channel.nio.NioEventLoop.run(NioEventLoop.java:458)
	at org.apache.ratis.thirdparty.io.netty.util.concurrent.SingleThreadEventExecutor$5.run(SingleThreadEventExecutor.java:897)
	at org.apache.ratis.thirdparty.io.netty.util.concurrent.FastThreadLocalRunnable.run(FastThreadLocalRunnable.java:30)
	... 1 more
Caused by: java.net.ConnectException: Connection refused
	... 11 more
2019-09-10 12:52:19,379 [5da78483-2d4d-4152-a822-f0527bb3627d:group-F7C6AE1A2D04:LeaderElection91] INFO  impl.LeaderElection (LogUtils.java:infoOrTrace(149)) - 5da78483-2d4d-4152-a822-f0527bb3627d:group-F7C6AE1A2D04:LeaderElection91 got exception when requesting votes: {}
java.util.concurrent.ExecutionException: org.apache.ratis.thirdparty.io.grpc.StatusRuntimeException: UNAVAILABLE: io exception
	at java.util.concurrent.FutureTask.report(FutureTask.java:122)
	at java.util.concurrent.FutureTask.get(FutureTask.java:192)
	at org.apache.ratis.server.impl.LeaderElection.waitForResults(LeaderElection.java:262)
	at org.apache.ratis.server.impl.LeaderElection.askForVotes(LeaderElection.java:200)
	at org.apache.ratis.server.impl.LeaderElection.run(LeaderElection.java:130)
	at java.lang.Thread.run(Thread.java:748)
Caused by: org.apache.ratis.thirdparty.io.grpc.StatusRuntimeException: UNAVAILABLE: io exception
	at org.apache.ratis.thirdparty.io.grpc.stub.ClientCalls.toStatusRuntimeException(ClientCalls.java:233)
	at org.apache.ratis.thirdparty.io.grpc.stub.ClientCalls.getUnchecked(ClientCalls.java:214)
	at org.apache.ratis.thirdparty.io.grpc.stub.ClientCalls.blockingUnaryCall(ClientCalls.java:139)
	at org.apache.ratis.proto.grpc.RaftServerProtocolServiceGrpc$RaftServerProtocolServiceBlockingStub.requestVote(RaftServerProtocolServiceGrpc.java:265)
	at org.apache.ratis.grpc.server.GrpcServerProtocolClient.requestVote(GrpcServerProtocolClient.java:83)
	at org.apache.ratis.grpc.server.GrpcService.requestVote(GrpcService.java:195)
	at org.apache.ratis.server.impl.LeaderElection.lambda$submitRequests$1(LeaderElection.java:237)
	at java.util.concurrent.FutureTask.run(FutureTask.java:266)
	at java.util.concurrent.Executors$RunnableAdapter.call(Executors.java:511)
	at java.util.concurrent.FutureTask.run(FutureTask.java:266)
	at java.util.concurrent.ThreadPoolExecutor.runWorker(ThreadPoolExecutor.java:1149)
	at java.util.concurrent.ThreadPoolExecutor$Worker.run(ThreadPoolExecutor.java:624)
	... 1 more
Caused by: org.apache.ratis.thirdparty.io.netty.channel.AbstractChannel$AnnotatedConnectException: Connection refused: /192.168.5.153:45430
	at sun.nio.ch.SocketChannelImpl.checkConnect(Native Method)
	at sun.nio.ch.SocketChannelImpl.finishConnect(SocketChannelImpl.java:717)
	at org.apache.ratis.thirdparty.io.netty.channel.socket.nio.NioSocketChannel.doFinishConnect(NioSocketChannel.java:327)
	at org.apache.ratis.thirdparty.io.netty.channel.nio.AbstractNioChannel$AbstractNioUnsafe.finishConnect(AbstractNioChannel.java:340)
	at org.apache.ratis.thirdparty.io.netty.channel.nio.NioEventLoop.processSelectedKey(NioEventLoop.java:632)
	at org.apache.ratis.thirdparty.io.netty.channel.nio.NioEventLoop.processSelectedKeysOptimized(NioEventLoop.java:579)
	at org.apache.ratis.thirdparty.io.netty.channel.nio.NioEventLoop.processSelectedKeys(NioEventLoop.java:496)
	at org.apache.ratis.thirdparty.io.netty.channel.nio.NioEventLoop.run(NioEventLoop.java:458)
	at org.apache.ratis.thirdparty.io.netty.util.concurrent.SingleThreadEventExecutor$5.run(SingleThreadEventExecutor.java:897)
	at org.apache.ratis.thirdparty.io.netty.util.concurrent.FastThreadLocalRunnable.run(FastThreadLocalRunnable.java:30)
	... 1 more
Caused by: java.net.ConnectException: Connection refused
	... 11 more
2019-09-10 12:52:19,380 [5da78483-2d4d-4152-a822-f0527bb3627d:group-F7C6AE1A2D04:LeaderElection91] INFO  impl.LeaderElection (LeaderElection.java:logAndReturn(56)) - 5da78483-2d4d-4152-a822-f0527bb3627d:group-F7C6AE1A2D04:LeaderElection91: Election REJECTED; received 0 response(s) [] and 2 exception(s); 5da78483-2d4d-4152-a822-f0527bb3627d:t2, leader=null, voted=5da78483-2d4d-4152-a822-f0527bb3627d, raftlog=5da78483-2d4d-4152-a822-f0527bb3627d-SegmentedRaftLog:OPENED:c6,f6,i6, conf=0: [01a6b04f-ad3e-4331-b74c-d33e97f682d8:192.168.5.153:35087, 5da78483-2d4d-4152-a822-f0527bb3627d:192.168.5.153:38703, dca67000-a313-4773-81da-4c52f6fe39ce:192.168.5.153:45430], old=null
2019-09-10 12:52:19,380 [5da78483-2d4d-4152-a822-f0527bb3627d:group-F7C6AE1A2D04:LeaderElection91] INFO  impl.LeaderElection (LogUtils.java:infoOrTrace(149)) -   Exception 0: {}
java.util.concurrent.ExecutionException: org.apache.ratis.thirdparty.io.grpc.StatusRuntimeException: UNAVAILABLE: io exception
	at java.util.concurrent.FutureTask.report(FutureTask.java:122)
	at java.util.concurrent.FutureTask.get(FutureTask.java:192)
	at org.apache.ratis.server.impl.LeaderElection.waitForResults(LeaderElection.java:262)
	at org.apache.ratis.server.impl.LeaderElection.askForVotes(LeaderElection.java:200)
	at org.apache.ratis.server.impl.LeaderElection.run(LeaderElection.java:130)
	at java.lang.Thread.run(Thread.java:748)
Caused by: org.apache.ratis.thirdparty.io.grpc.StatusRuntimeException: UNAVAILABLE: io exception
	at org.apache.ratis.thirdparty.io.grpc.stub.ClientCalls.toStatusRuntimeException(ClientCalls.java:233)
	at org.apache.ratis.thirdparty.io.grpc.stub.ClientCalls.getUnchecked(ClientCalls.java:214)
	at org.apache.ratis.thirdparty.io.grpc.stub.ClientCalls.blockingUnaryCall(ClientCalls.java:139)
	at org.apache.ratis.proto.grpc.RaftServerProtocolServiceGrpc$RaftServerProtocolServiceBlockingStub.requestVote(RaftServerProtocolServiceGrpc.java:265)
	at org.apache.ratis.grpc.server.GrpcServerProtocolClient.requestVote(GrpcServerProtocolClient.java:83)
	at org.apache.ratis.grpc.server.GrpcService.requestVote(GrpcService.java:195)
	at org.apache.ratis.server.impl.LeaderElection.lambda$submitRequests$1(LeaderElection.java:237)
	at java.util.concurrent.FutureTask.run(FutureTask.java:266)
	at java.util.concurrent.Executors$RunnableAdapter.call(Executors.java:511)
	at java.util.concurrent.FutureTask.run(FutureTask.java:266)
	at java.util.concurrent.ThreadPoolExecutor.runWorker(ThreadPoolExecutor.java:1149)
	at java.util.concurrent.ThreadPoolExecutor$Worker.run(ThreadPoolExecutor.java:624)
	... 1 more
Caused by: org.apache.ratis.thirdparty.io.netty.channel.AbstractChannel$AnnotatedConnectException: Connection refused: /192.168.5.153:35087
	at sun.nio.ch.SocketChannelImpl.checkConnect(Native Method)
	at sun.nio.ch.SocketChannelImpl.finishConnect(SocketChannelImpl.java:717)
	at org.apache.ratis.thirdparty.io.netty.channel.socket.nio.NioSocketChannel.doFinishConnect(NioSocketChannel.java:327)
	at org.apache.ratis.thirdparty.io.netty.channel.nio.AbstractNioChannel$AbstractNioUnsafe.finishConnect(AbstractNioChannel.java:340)
	at org.apache.ratis.thirdparty.io.netty.channel.nio.NioEventLoop.processSelectedKey(NioEventLoop.java:632)
	at org.apache.ratis.thirdparty.io.netty.channel.nio.NioEventLoop.processSelectedKeysOptimized(NioEventLoop.java:579)
	at org.apache.ratis.thirdparty.io.netty.channel.nio.NioEventLoop.processSelectedKeys(NioEventLoop.java:496)
	at org.apache.ratis.thirdparty.io.netty.channel.nio.NioEventLoop.run(NioEventLoop.java:458)
	at org.apache.ratis.thirdparty.io.netty.util.concurrent.SingleThreadEventExecutor$5.run(SingleThreadEventExecutor.java:897)
	at org.apache.ratis.thirdparty.io.netty.util.concurrent.FastThreadLocalRunnable.run(FastThreadLocalRunnable.java:30)
	... 1 more
Caused by: java.net.ConnectException: Connection refused
	... 11 more
2019-09-10 12:52:19,380 [5da78483-2d4d-4152-a822-f0527bb3627d:group-F7C6AE1A2D04:LeaderElection91] INFO  impl.LeaderElection (LogUtils.java:infoOrTrace(149)) -   Exception 1: {}
java.util.concurrent.ExecutionException: org.apache.ratis.thirdparty.io.grpc.StatusRuntimeException: UNAVAILABLE: io exception
	at java.util.concurrent.FutureTask.report(FutureTask.java:122)
	at java.util.concurrent.FutureTask.get(FutureTask.java:192)
	at org.apache.ratis.server.impl.LeaderElection.waitForResults(LeaderElection.java:262)
	at org.apache.ratis.server.impl.LeaderElection.askForVotes(LeaderElection.java:200)
	at org.apache.ratis.server.impl.LeaderElection.run(LeaderElection.java:130)
	at java.lang.Thread.run(Thread.java:748)
Caused by: org.apache.ratis.thirdparty.io.grpc.StatusRuntimeException: UNAVAILABLE: io exception
	at org.apache.ratis.thirdparty.io.grpc.stub.ClientCalls.toStatusRuntimeException(ClientCalls.java:233)
	at org.apache.ratis.thirdparty.io.grpc.stub.ClientCalls.getUnchecked(ClientCalls.java:214)
	at org.apache.ratis.thirdparty.io.grpc.stub.ClientCalls.blockingUnaryCall(ClientCalls.java:139)
	at org.apache.ratis.proto.grpc.RaftServerProtocolServiceGrpc$RaftServerProtocolServiceBlockingStub.requestVote(RaftServerProtocolServiceGrpc.java:265)
	at org.apache.ratis.grpc.server.GrpcServerProtocolClient.requestVote(GrpcServerProtocolClient.java:83)
	at org.apache.ratis.grpc.server.GrpcService.requestVote(GrpcService.java:195)
	at org.apache.ratis.server.impl.LeaderElection.lambda$submitRequests$1(LeaderElection.java:237)
	at java.util.concurrent.FutureTask.run(FutureTask.java:266)
	at java.util.concurrent.Executors$RunnableAdapter.call(Executors.java:511)
	at java.util.concurrent.FutureTask.run(FutureTask.java:266)
	at java.util.concurrent.ThreadPoolExecutor.runWorker(ThreadPoolExecutor.java:1149)
	at java.util.concurrent.ThreadPoolExecutor$Worker.run(ThreadPoolExecutor.java:624)
	... 1 more
Caused by: org.apache.ratis.thirdparty.io.netty.channel.AbstractChannel$AnnotatedConnectException: Connection refused: /192.168.5.153:45430
	at sun.nio.ch.SocketChannelImpl.checkConnect(Native Method)
	at sun.nio.ch.SocketChannelImpl.finishConnect(SocketChannelImpl.java:717)
	at org.apache.ratis.thirdparty.io.netty.channel.socket.nio.NioSocketChannel.doFinishConnect(NioSocketChannel.java:327)
	at org.apache.ratis.thirdparty.io.netty.channel.nio.AbstractNioChannel$AbstractNioUnsafe.finishConnect(AbstractNioChannel.java:340)
	at org.apache.ratis.thirdparty.io.netty.channel.nio.NioEventLoop.processSelectedKey(NioEventLoop.java:632)
	at org.apache.ratis.thirdparty.io.netty.channel.nio.NioEventLoop.processSelectedKeysOptimized(NioEventLoop.java:579)
	at org.apache.ratis.thirdparty.io.netty.channel.nio.NioEventLoop.processSelectedKeys(NioEventLoop.java:496)
	at org.apache.ratis.thirdparty.io.netty.channel.nio.NioEventLoop.run(NioEventLoop.java:458)
	at org.apache.ratis.thirdparty.io.netty.util.concurrent.SingleThreadEventExecutor$5.run(SingleThreadEventExecutor.java:897)
	at org.apache.ratis.thirdparty.io.netty.util.concurrent.FastThreadLocalRunnable.run(FastThreadLocalRunnable.java:30)
	... 1 more
Caused by: java.net.ConnectException: Connection refused
	... 11 more
2019-09-10 12:52:19,381 [5da78483-2d4d-4152-a822-f0527bb3627d:group-F7C6AE1A2D04:LeaderElection91] INFO  impl.RaftServerImpl (RaftServerImpl.java:setRole(171)) - 5da78483-2d4d-4152-a822-f0527bb3627d:group-F7C6AE1A2D04 changes role from CANDIDATE to FOLLOWER at term 2 for DISCOVERED_A_NEW_TERM
2019-09-10 12:52:19,381 [5da78483-2d4d-4152-a822-f0527bb3627d:group-F7C6AE1A2D04:LeaderElection91] INFO  impl.RoleInfo (RoleInfo.java:shutdownLeaderElection(134)) - 5da78483-2d4d-4152-a822-f0527bb3627d: shutdown LeaderElection
2019-09-10 12:52:19,381 [5da78483-2d4d-4152-a822-f0527bb3627d:group-F7C6AE1A2D04:LeaderElection91] INFO  impl.RoleInfo (RoleInfo.java:updateAndGet(143)) - 5da78483-2d4d-4152-a822-f0527bb3627d: start FollowerState
2019-09-10 12:52:19,428 [Datanode State Machine Thread - 0] INFO  statemachine.DatanodeStateMachine (DatanodeStateMachine.java:lambda$startDaemon$0(350)) - Ozone container server started.
2019-09-10 12:52:23,447 [EventQueue-StaleNodeForStaleNodeHandler] INFO  node.StaleNodeHandler (StaleNodeHandler.java:onMessage(58)) - Datanode 5da78483-2d4d-4152-a822-f0527bb3627d{ip: 192.168.5.153, host: pr-hdds-1571-5ln6c-1111760135, networkLocation: /default-rack, certSerialId: null} moved to stale state. Finalizing its pipelines [PipelineID=ca8fc726-e68a-41f2-8c11-f7c6ae1a2d04, PipelineID=129baccd-bd9c-4d60-a1fe-da3fd308ddcf]
2019-09-10 12:52:23,447 [EventQueue-StaleNodeForStaleNodeHandler] INFO  pipeline.SCMPipelineManager (SCMPipelineManager.java:finalizeAndDestroyPipeline(309)) - destroying pipeline:Pipeline[ Id: ca8fc726-e68a-41f2-8c11-f7c6ae1a2d04, Nodes: 5da78483-2d4d-4152-a822-f0527bb3627d{ip: 192.168.5.153, host: pr-hdds-1571-5ln6c-1111760135, networkLocation: /default-rack, certSerialId: null}01a6b04f-ad3e-4331-b74c-d33e97f682d8{ip: 192.168.5.153, host: pr-hdds-1571-5ln6c-1111760135, networkLocation: /default-rack, certSerialId: null}dca67000-a313-4773-81da-4c52f6fe39ce{ip: 192.168.5.153, host: pr-hdds-1571-5ln6c-1111760135, networkLocation: /default-rack, certSerialId: null}, Type:RATIS, Factor:THREE, State:CLOSED]
2019-09-10 12:52:23,447 [EventQueue-StaleNodeForStaleNodeHandler] INFO  pipeline.SCMPipelineManager (SCMPipelineManager.java:finalizeAndDestroyPipeline(309)) - destroying pipeline:Pipeline[ Id: 129baccd-bd9c-4d60-a1fe-da3fd308ddcf, Nodes: 5da78483-2d4d-4152-a822-f0527bb3627d{ip: 192.168.5.153, host: pr-hdds-1571-5ln6c-1111760135, networkLocation: /default-rack, certSerialId: null}, Type:RATIS, Factor:ONE, State:OPEN]
2019-09-10 12:52:23,448 [EventQueue-StaleNodeForStaleNodeHandler] INFO  pipeline.PipelineStateManager (PipelineStateManager.java:finalizePipeline(123)) - Pipeline Pipeline[ Id: 129baccd-bd9c-4d60-a1fe-da3fd308ddcf, Nodes: 5da78483-2d4d-4152-a822-f0527bb3627d{ip: 192.168.5.153, host: pr-hdds-1571-5ln6c-1111760135, networkLocation: /default-rack, certSerialId: null}, Type:RATIS, Factor:ONE, State:CLOSED] moved to CLOSED state
2019-09-10 12:52:24,016 [main] INFO  ozoneimpl.OzoneContainer (OzoneContainer.java:stop(199)) - Attempting to stop container services.
2019-09-10 12:52:24,017 [main] INFO  impl.RaftServerProxy (RaftServerProxy.java:lambda$close$4(314)) - 5da78483-2d4d-4152-a822-f0527bb3627d: close
2019-09-10 12:52:24,018 [main] INFO  impl.RaftServerImpl (RaftServerImpl.java:lambda$shutdown$3(245)) - 5da78483-2d4d-4152-a822-f0527bb3627d: shutdown group-F7C6AE1A2D04
2019-09-10 12:52:24,018 [main] INFO  util.JmxRegister (JmxRegister.java:unregister(73)) - Successfully un-registered JMX Bean with object name Ratis:service=RaftServer,group=group-F7C6AE1A2D04,id=5da78483-2d4d-4152-a822-f0527bb3627d
2019-09-10 12:52:24,019 [main] INFO  impl.RoleInfo (RoleInfo.java:shutdownFollowerState(121)) - 5da78483-2d4d-4152-a822-f0527bb3627d: shutdown FollowerState
2019-09-10 12:52:24,019 [main] INFO  impl.StateMachineUpdater (StateMachineUpdater.java:stopAndJoin(115)) - StateMachineUpdater:5da78483-2d4d-4152-a822-f0527bb3627d:group-F7C6AE1A2D04: set stopIndex = 6
2019-09-10 12:52:24,019 [StateMachineUpdater:5da78483-2d4d-4152-a822-f0527bb3627d:group-F7C6AE1A2D04] INFO  ratis.ContainerStateMachine (ContainerStateMachine.java:takeSnapshot(283)) - group-F7C6AE1A2D04: Taking a snapshot at:(t:1, i:6) file /workdir/hadoop-ozone/integration-test/target/test-dir/MiniOzoneClusterImpl-621806fa-6f52-406a-98d3-49fc87e46c7c/datanode-5/data/ratis/ca8fc726-e68a-41f2-8c11-f7c6ae1a2d04/sm/snapshot.1_6
2019-09-10 12:52:24,019 [Thread-4206] INFO  impl.FollowerState (FollowerState.java:run(114)) - 5da78483-2d4d-4152-a822-f0527bb3627d: FollowerState was interrupted: java.lang.InterruptedException: sleep interrupted
2019-09-10 12:52:24,044 [StateMachineUpdater:5da78483-2d4d-4152-a822-f0527bb3627d:group-F7C6AE1A2D04] INFO  ratis.ContainerStateMachine (ContainerStateMachine.java:takeSnapshot(294)) - group-F7C6AE1A2D04: Finished taking a snapshot at:(t:1, i:6) file:/workdir/hadoop-ozone/integration-test/target/test-dir/MiniOzoneClusterImpl-621806fa-6f52-406a-98d3-49fc87e46c7c/datanode-5/data/ratis/ca8fc726-e68a-41f2-8c11-f7c6ae1a2d04/sm/snapshot.1_6 time:25
2019-09-10 12:52:24,044 [StateMachineUpdater:5da78483-2d4d-4152-a822-f0527bb3627d:group-F7C6AE1A2D04] INFO  impl.StateMachineUpdater (StateMachineUpdater.java:takeSnapshot(242)) - StateMachineUpdater:5da78483-2d4d-4152-a822-f0527bb3627d:group-F7C6AE1A2D04: Took a snapshot at index 6
2019-09-10 12:52:24,044 [StateMachineUpdater:5da78483-2d4d-4152-a822-f0527bb3627d:group-F7C6AE1A2D04] INFO  impl.StateMachineUpdater (StateMachineUpdater.java:lambda$new$0(80)) - StateMachineUpdater:5da78483-2d4d-4152-a822-f0527bb3627d:group-F7C6AE1A2D04: snapshotIndex: updateIncreasingly -1 -> 6
2019-09-10 12:52:24,044 [main] INFO  impl.RaftServerImpl (ServerState.java:close(394)) - 5da78483-2d4d-4152-a822-f0527bb3627d:group-F7C6AE1A2D04 closes. The last applied log index is 6
2019-09-10 12:52:24,045 [5da78483-2d4d-4152-a822-f0527bb3627d-SegmentedRaftLogWorker:Storage Directory /workdir/hadoop-ozone/integration-test/target/test-dir/MiniOzoneClusterImpl-621806fa-6f52-406a-98d3-49fc87e46c7c/datanode-5/data/ratis/ca8fc726-e68a-41f2-8c11-f7c6ae1a2d04] INFO  segmented.SegmentedRaftLogWorker (SegmentedRaftLogWorker.java:run(313)) - 5da78483-2d4d-4152-a822-f0527bb3627d-SegmentedRaftLogWorker:Storage Directory /workdir/hadoop-ozone/integration-test/target/test-dir/MiniOzoneClusterImpl-621806fa-6f52-406a-98d3-49fc87e46c7c/datanode-5/data/ratis/ca8fc726-e68a-41f2-8c11-f7c6ae1a2d04 was interrupted, exiting. There are 0 tasks remaining in the queue.
2019-09-10 12:52:24,047 [main] INFO  segmented.SegmentedRaftLogWorker (SegmentedRaftLogWorker.java:close(228)) - 5da78483-2d4d-4152-a822-f0527bb3627d-SegmentedRaftLogWorker:Storage Directory /workdir/hadoop-ozone/integration-test/target/test-dir/MiniOzoneClusterImpl-621806fa-6f52-406a-98d3-49fc87e46c7c/datanode-5/data/ratis/ca8fc726-e68a-41f2-8c11-f7c6ae1a2d04 close()
2019-09-10 12:52:24,048 [main] INFO  impl.RaftServerImpl (RaftServerImpl.java:lambda$shutdown$3(245)) - 5da78483-2d4d-4152-a822-f0527bb3627d: shutdown group-DA3FD308DDCF
2019-09-10 12:52:24,049 [main] INFO  util.JmxRegister (JmxRegister.java:unregister(73)) - Successfully un-registered JMX Bean with object name Ratis:service=RaftServer,group=group-DA3FD308DDCF,id=5da78483-2d4d-4152-a822-f0527bb3627d
2019-09-10 12:52:24,049 [main] INFO  impl.RoleInfo (RoleInfo.java:shutdownLeaderState(104)) - 5da78483-2d4d-4152-a822-f0527bb3627d: shutdown LeaderState
2019-09-10 12:52:24,049 [main] INFO  impl.PendingRequests (PendingRequests.java:sendNotLeaderResponses(202)) - 5da78483-2d4d-4152-a822-f0527bb3627d-PendingRequests: sendNotLeaderResponses
2019-09-10 12:52:24,050 [main] INFO  impl.StateMachineUpdater (StateMachineUpdater.java:stopAndJoin(115)) - StateMachineUpdater:5da78483-2d4d-4152-a822-f0527bb3627d:group-DA3FD308DDCF: set stopIndex = 0
2019-09-10 12:52:24,050 [main] INFO  impl.RaftServerImpl (ServerState.java:close(394)) - 5da78483-2d4d-4152-a822-f0527bb3627d:group-DA3FD308DDCF closes. The last applied log index is 0
2019-09-10 12:52:24,051 [5da78483-2d4d-4152-a822-f0527bb3627d-SegmentedRaftLogWorker:Storage Directory /workdir/hadoop-ozone/integration-test/target/test-dir/MiniOzoneClusterImpl-621806fa-6f52-406a-98d3-49fc87e46c7c/datanode-5/data/ratis/129baccd-bd9c-4d60-a1fe-da3fd308ddcf] INFO  segmented.SegmentedRaftLogWorker (SegmentedRaftLogWorker.java:run(313)) - 5da78483-2d4d-4152-a822-f0527bb3627d-SegmentedRaftLogWorker:Storage Directory /workdir/hadoop-ozone/integration-test/target/test-dir/MiniOzoneClusterImpl-621806fa-6f52-406a-98d3-49fc87e46c7c/datanode-5/data/ratis/129baccd-bd9c-4d60-a1fe-da3fd308ddcf was interrupted, exiting. There are 0 tasks remaining in the queue.
2019-09-10 12:52:24,052 [main] INFO  segmented.SegmentedRaftLogWorker (SegmentedRaftLogWorker.java:close(228)) - 5da78483-2d4d-4152-a822-f0527bb3627d-SegmentedRaftLogWorker:Storage Directory /workdir/hadoop-ozone/integration-test/target/test-dir/MiniOzoneClusterImpl-621806fa-6f52-406a-98d3-49fc87e46c7c/datanode-5/data/ratis/129baccd-bd9c-4d60-a1fe-da3fd308ddcf close()
2019-09-10 12:52:24,054 [main] INFO  server.GrpcService (GrpcService.java:closeImpl(155)) - 5da78483-2d4d-4152-a822-f0527bb3627d: shutdown server with port 38703 now
2019-09-10 12:52:24,054 [main] INFO  server.GrpcService (GrpcService.java:closeImpl(163)) - 5da78483-2d4d-4152-a822-f0527bb3627d: shutdown server with port 38703 successfully
2019-09-10 12:52:24,055 [main] INFO  utils.BackgroundService (BackgroundService.java:shutdown(148)) - Shutting down service BlockDeletingService
2019-09-10 12:52:24,058 [refreshUsed-/workdir/hadoop-ozone/integration-test/target/test-dir/MiniOzoneClusterImpl-621806fa-6f52-406a-98d3-49fc87e46c7c/datanode-5/data/containers] WARN  fs.CachingGetSpaceUsed (CachingGetSpaceUsed.java:run(183)) - Thread Interrupted waiting to refresh disk information: sleep interrupted
2019-09-10 12:52:24,074 [main] INFO  statemachine.DatanodeStateMachine (DatanodeStateMachine.java:stopDaemon(395)) - Ozone container server stopped.
2019-09-10 12:52:24,075 [main] INFO  handler.ContextHandler (ContextHandler.java:doStop(910)) - Stopped o.e.j.w.WebAppContext@1ab6a093{/,null,UNAVAILABLE}{/hddsDatanode}
2019-09-10 12:52:24,076 [main] INFO  server.AbstractConnector (AbstractConnector.java:doStop(318)) - Stopped ServerConnector@6d95b51d{HTTP/1.1,[http/1.1]}{0.0.0.0:0}
2019-09-10 12:52:24,076 [main] INFO  handler.ContextHandler (ContextHandler.java:doStop(910)) - Stopped o.e.j.s.ServletContextHandler@c5dc3db{/static,jar:file:/home/user/.m2/repository/org/apache/hadoop/hadoop-hdds-container-service/0.5.0-SNAPSHOT/hadoop-hdds-container-service-0.5.0-SNAPSHOT.jar!/webapps/static,UNAVAILABLE}
2019-09-10 12:52:24,077 [main] INFO  handler.ContextHandler (ContextHandler.java:doStop(910)) - Stopped o.e.j.s.ServletContextHandler@222557fc{/logs,file:///workdir/hadoop-ozone/integration-test/target/log,UNAVAILABLE}
2019-09-10 12:52:24,078 [main] INFO  ozone.MiniOzoneClusterImpl (MiniOzoneClusterImpl.java:stop(353)) - Stopping the StorageContainerManager
2019-09-10 12:52:24,078 [main] INFO  server.StorageContainerManager (StorageContainerManager.java:stop(797)) - Stopping Replication Manager Service.
2019-09-10 12:52:24,078 [main] INFO  container.ReplicationManager (ReplicationManager.java:stop(192)) - Stopping Replication Monitor Thread.
2019-09-10 12:52:24,078 [main] INFO  server.StorageContainerManager (StorageContainerManager.java:stop(804)) - Stopping Lease Manager of the command watchers
2019-09-10 12:52:24,079 [main] INFO  server.StorageContainerManager (StorageContainerManager.java:stop(811)) - Stopping datanode service RPC server
2019-09-10 12:52:24,079 [main] INFO  server.SCMDatanodeProtocolServer (SCMDatanodeProtocolServer.java:stop(367)) - Stopping the RPC server for DataNodes
2019-09-10 12:52:24,079 [main] INFO  ipc.Server (Server.java:stop(3082)) - Stopping server on 33913
2019-09-10 12:52:24,081 [IPC Server listener on 33913] INFO  ipc.Server (Server.java:run(1185)) - Stopping IPC Server listener on 33913
2019-09-10 12:52:24,083 [IPC Server Responder] INFO  ipc.Server (Server.java:run(1319)) - Stopping IPC Server Responder
2019-09-10 12:52:24,148 [SCM Heartbeat Processing Thread - 0] WARN  node.NodeStateManager (NodeStateManager.java:scheduleNextHealthCheck(655)) - Current Thread is interrupted, shutting down HB processing thread for Node Manager.
2019-09-10 12:52:24,149 [main] INFO  server.StorageContainerManager (StorageContainerManager.java:stop(819)) - Stopping block service RPC server
2019-09-10 12:52:24,149 [main] INFO  server.SCMBlockProtocolServer (SCMBlockProtocolServer.java:stop(148)) - Stopping the RPC server for Block Protocol
2019-09-10 12:52:24,149 [main] INFO  ipc.Server (Server.java:stop(3082)) - Stopping server on 33642
2019-09-10 12:52:24,150 [IPC Server listener on 33642] INFO  ipc.Server (Server.java:run(1185)) - Stopping IPC Server listener on 33642
2019-09-10 12:52:24,153 [IPC Server Responder] INFO  ipc.Server (Server.java:run(1319)) - Stopping IPC Server Responder
2019-09-10 12:52:24,153 [main] INFO  server.StorageContainerManager (StorageContainerManager.java:stop(826)) - Stopping the StorageContainerLocationProtocol RPC server
2019-09-10 12:52:24,155 [main] INFO  server.SCMClientProtocolServer (SCMClientProtocolServer.java:stop(159)) - Stopping the RPC server for Client Protocol
2019-09-10 12:52:24,155 [main] INFO  ipc.Server (Server.java:stop(3082)) - Stopping server on 44472
2019-09-10 12:52:24,157 [IPC Server listener on 44472] INFO  ipc.Server (Server.java:run(1185)) - Stopping IPC Server listener on 44472
2019-09-10 12:52:24,157 [main] INFO  server.StorageContainerManager (StorageContainerManager.java:stop(833)) - Stopping Storage Container Manager HTTP server.
2019-09-10 12:52:24,157 [IPC Server Responder] INFO  ipc.Server (Server.java:run(1319)) - Stopping IPC Server Responder
2019-09-10 12:52:24,159 [main] INFO  handler.ContextHandler (ContextHandler.java:doStop(910)) - Stopped o.e.j.w.WebAppContext@4b7ab262{/,null,UNAVAILABLE}{/scm}
2019-09-10 12:52:24,159 [main] INFO  server.AbstractConnector (AbstractConnector.java:doStop(318)) - Stopped ServerConnector@f7a19c4{HTTP/1.1,[http/1.1]}{0.0.0.0:0}
2019-09-10 12:52:24,159 [main] INFO  handler.ContextHandler (ContextHandler.java:doStop(910)) - Stopped o.e.j.s.ServletContextHandler@720cbb7d{/static,file:///workdir/hadoop-ozone/integration-test/target/test-classes/webapps/static,UNAVAILABLE}
2019-09-10 12:52:24,160 [main] INFO  handler.ContextHandler (ContextHandler.java:doStop(910)) - Stopped o.e.j.s.ServletContextHandler@62036b05{/logs,file:///workdir/hadoop-ozone/integration-test/target/log,UNAVAILABLE}
2019-09-10 12:52:24,165 [main] INFO  server.StorageContainerManager (StorageContainerManager.java:stop(844)) - Stopping Block Manager Service.
2019-09-10 12:52:24,165 [main] INFO  utils.BackgroundService (BackgroundService.java:shutdown(148)) - Shutting down service SCMBlockDeletingService
2019-09-10 12:52:24,165 [main] INFO  utils.BackgroundService (BackgroundService.java:shutdown(148)) - Shutting down service SCMBlockDeletingService
2019-09-10 12:52:24,166 [main] INFO  server.StorageContainerManager (StorageContainerManager.java:stop(866)) - Stopping SCM Event Queue.
2019-09-10 12:52:24,174 [main] INFO  impl.MetricsSystemImpl (MetricsSystemImpl.java:stop(210)) - Stopping HddsDatanode metrics system...
2019-09-10 12:52:24,184 [main] INFO  impl.MetricsSystemImpl (MetricsSystemImpl.java:stop(216)) - HddsDatanode metrics system stopped.
]]></system-out>
    <system-err><![CDATA[Sep 10, 2019 12:51:48 PM com.sun.jersey.server.impl.application.WebApplicationImpl _initiate
INFO: Initiating Jersey application, version 'Jersey: 1.19 02/11/2015 03:25 AM'
Sep 10, 2019 12:51:48 PM com.sun.jersey.server.impl.application.WebApplicationImpl _initiate
INFO: Initiating Jersey application, version 'Jersey: 1.19 02/11/2015 03:25 AM'
Sep 10, 2019 12:51:48 PM com.sun.jersey.server.impl.application.WebApplicationImpl _initiate
INFO: Initiating Jersey application, version 'Jersey: 1.19 02/11/2015 03:25 AM'
Sep 10, 2019 12:51:48 PM com.sun.jersey.server.impl.application.WebApplicationImpl _initiate
INFO: Initiating Jersey application, version 'Jersey: 1.19 02/11/2015 03:25 AM'
Sep 10, 2019 12:51:49 PM com.sun.jersey.server.impl.application.WebApplicationImpl _initiate
INFO: Initiating Jersey application, version 'Jersey: 1.19 02/11/2015 03:25 AM'
Sep 10, 2019 12:51:49 PM com.sun.jersey.server.impl.application.WebApplicationImpl _initiate
INFO: Initiating Jersey application, version 'Jersey: 1.19 02/11/2015 03:25 AM'
Sep 10, 2019 12:51:49 PM com.sun.jersey.server.impl.application.WebApplicationImpl _initiate
INFO: Initiating Jersey application, version 'Jersey: 1.19 02/11/2015 03:25 AM'
Sep 10, 2019 12:51:52 PM org.apache.ratis.thirdparty.io.grpc.internal.ManagedChannelOrphanWrapper$ManagedChannelReference cleanQueue
SEVERE: *~*~*~ Channel ManagedChannelImpl{logId=3210, target=192.168.5.153:45446} was not shutdown properly!!! ~*~*~*
    Make sure to call shutdown()/shutdownNow() and wait until awaitTermination() returns true.
java.lang.RuntimeException: ManagedChannel allocation site
	at org.apache.ratis.thirdparty.io.grpc.internal.ManagedChannelOrphanWrapper$ManagedChannelReference.<init>(ManagedChannelOrphanWrapper.java:103)
	at org.apache.ratis.thirdparty.io.grpc.internal.ManagedChannelOrphanWrapper.<init>(ManagedChannelOrphanWrapper.java:53)
	at org.apache.ratis.thirdparty.io.grpc.internal.ManagedChannelOrphanWrapper.<init>(ManagedChannelOrphanWrapper.java:44)
	at org.apache.ratis.thirdparty.io.grpc.internal.AbstractManagedChannelImplBuilder.build(AbstractManagedChannelImplBuilder.java:411)
	at org.apache.ratis.grpc.client.GrpcClientProtocolClient.<init>(GrpcClientProtocolClient.java:119)
	at org.apache.ratis.grpc.client.GrpcClientRpc.lambda$new$0(GrpcClientRpc.java:55)
	at org.apache.ratis.util.PeerProxyMap$PeerAndProxy.lambda$getProxy$0(PeerProxyMap.java:61)
	at org.apache.ratis.util.LifeCycle.startAndTransition(LifeCycle.java:202)
	at org.apache.ratis.util.PeerProxyMap$PeerAndProxy.getProxy(PeerProxyMap.java:60)
	at org.apache.ratis.util.PeerProxyMap.getProxy(PeerProxyMap.java:107)
	at org.apache.ratis.grpc.client.GrpcClientRpc.sendRequestAsync(GrpcClientRpc.java:66)
	at org.apache.ratis.client.impl.OrderedAsync.sendRequest(OrderedAsync.java:208)
	at org.apache.ratis.client.impl.OrderedAsync.sendRequestWithRetry(OrderedAsync.java:169)
	at org.apache.ratis.util.SlidingWindow$Client.sendOrDelayRequest(SlidingWindow.java:278)
	at org.apache.ratis.util.SlidingWindow$Client.retry(SlidingWindow.java:294)
	at org.apache.ratis.client.impl.OrderedAsync.lambda$scheduleWithTimeout$7(OrderedAsync.java:195)
	at org.apache.ratis.util.TimeoutScheduler.lambda$onTimeout$0(TimeoutScheduler.java:85)
	at org.apache.ratis.util.TimeoutScheduler.lambda$onTimeout$1(TimeoutScheduler.java:104)
	at org.apache.ratis.util.LogUtils.runAndLog(LogUtils.java:50)
	at org.apache.ratis.util.LogUtils$1.run(LogUtils.java:91)
	at java.util.concurrent.Executors$RunnableAdapter.call(Executors.java:511)
	at java.util.concurrent.FutureTask.run(FutureTask.java:266)
	at java.util.concurrent.ScheduledThreadPoolExecutor$ScheduledFutureTask.access$201(ScheduledThreadPoolExecutor.java:180)
	at java.util.concurrent.ScheduledThreadPoolExecutor$ScheduledFutureTask.run(ScheduledThreadPoolExecutor.java:293)
	at java.util.concurrent.ThreadPoolExecutor.runWorker(ThreadPoolExecutor.java:1149)
	at java.util.concurrent.ThreadPoolExecutor$Worker.run(ThreadPoolExecutor.java:624)
	at java.lang.Thread.run(Thread.java:748)

Sep 10, 2019 12:51:52 PM org.apache.ratis.thirdparty.io.grpc.internal.ManagedChannelOrphanWrapper$ManagedChannelReference cleanQueue
SEVERE: *~*~*~ Channel ManagedChannelImpl{logId=3215, target=192.168.5.153:45761} was not shutdown properly!!! ~*~*~*
    Make sure to call shutdown()/shutdownNow() and wait until awaitTermination() returns true.
java.lang.RuntimeException: ManagedChannel allocation site
	at org.apache.ratis.thirdparty.io.grpc.internal.ManagedChannelOrphanWrapper$ManagedChannelReference.<init>(ManagedChannelOrphanWrapper.java:103)
	at org.apache.ratis.thirdparty.io.grpc.internal.ManagedChannelOrphanWrapper.<init>(ManagedChannelOrphanWrapper.java:53)
	at org.apache.ratis.thirdparty.io.grpc.internal.ManagedChannelOrphanWrapper.<init>(ManagedChannelOrphanWrapper.java:44)
	at org.apache.ratis.thirdparty.io.grpc.internal.AbstractManagedChannelImplBuilder.build(AbstractManagedChannelImplBuilder.java:411)
	at org.apache.hadoop.hdds.scm.XceiverClientGrpc.connectToDatanode(XceiverClientGrpc.java:175)
	at org.apache.hadoop.hdds.scm.XceiverClientGrpc.reconnect(XceiverClientGrpc.java:423)
	at org.apache.hadoop.hdds.scm.XceiverClientGrpc.sendCommandAsync(XceiverClientGrpc.java:372)
	at org.apache.hadoop.hdds.scm.XceiverClientGrpc.sendCommandWithRetry(XceiverClientGrpc.java:285)
	at org.apache.hadoop.hdds.scm.XceiverClientGrpc.sendCommandWithTraceIDAndRetry(XceiverClientGrpc.java:251)
	at org.apache.hadoop.hdds.scm.XceiverClientGrpc.sendCommand(XceiverClientGrpc.java:234)
	at org.apache.hadoop.hdds.scm.storage.ContainerProtocolCalls.getBlock(ContainerProtocolCalls.java:118)
	at org.apache.hadoop.hdds.scm.storage.BlockInputStream.getChunkInfos(BlockInputStream.java:167)
	at org.apache.hadoop.hdds.scm.storage.BlockInputStream.initialize(BlockInputStream.java:118)
	at org.apache.hadoop.hdds.scm.storage.BlockInputStream.read(BlockInputStream.java:222)
	at org.apache.hadoop.ozone.client.io.KeyInputStream.read(KeyInputStream.java:171)
	at org.apache.hadoop.ozone.client.io.OzoneInputStream.read(OzoneInputStream.java:47)
	at java.io.InputStream.read(InputStream.java:101)
	at org.apache.hadoop.ozone.container.ContainerTestHelper.validateData(ContainerTestHelper.java:713)
	at org.apache.hadoop.ozone.client.rpc.TestBlockOutputStreamWithFailures.validateData(TestBlockOutputStreamWithFailures.java:1216)
	at org.apache.hadoop.ozone.client.rpc.TestBlockOutputStreamWithFailures.testWatchForCommitDatanodeFailure(TestBlockOutputStreamWithFailures.java:393)
	at sun.reflect.NativeMethodAccessorImpl.invoke0(Native Method)
	at sun.reflect.NativeMethodAccessorImpl.invoke(NativeMethodAccessorImpl.java:62)
	at sun.reflect.DelegatingMethodAccessorImpl.invoke(DelegatingMethodAccessorImpl.java:43)
	at java.lang.reflect.Method.invoke(Method.java:498)
	at org.junit.runners.model.FrameworkMethod$1.runReflectiveCall(FrameworkMethod.java:47)
	at org.junit.internal.runners.model.ReflectiveCallable.run(ReflectiveCallable.java:12)
	at org.junit.runners.model.FrameworkMethod.invokeExplosively(FrameworkMethod.java:44)
	at org.junit.internal.runners.statements.InvokeMethod.evaluate(InvokeMethod.java:17)
	at org.junit.internal.runners.statements.RunBefores.evaluate(RunBefores.java:26)
	at org.junit.internal.runners.statements.RunAfters.evaluate(RunAfters.java:27)
	at org.junit.runners.ParentRunner.runLeaf(ParentRunner.java:271)
	at org.junit.runners.BlockJUnit4ClassRunner.runChild(BlockJUnit4ClassRunner.java:70)
	at org.junit.runners.BlockJUnit4ClassRunner.runChild(BlockJUnit4ClassRunner.java:50)
	at org.junit.runners.ParentRunner$3.run(ParentRunner.java:238)
	at org.junit.runners.ParentRunner$1.schedule(ParentRunner.java:63)
	at org.junit.runners.ParentRunner.runChildren(ParentRunner.java:236)
	at org.junit.runners.ParentRunner.access$000(ParentRunner.java:53)
	at org.junit.runners.ParentRunner$2.evaluate(ParentRunner.java:229)
	at org.junit.runners.ParentRunner.run(ParentRunner.java:309)
	at org.apache.maven.surefire.junit4.JUnit4Provider.execute(JUnit4Provider.java:365)
	at org.apache.maven.surefire.junit4.JUnit4Provider.executeWithRerun(JUnit4Provider.java:273)
	at org.apache.maven.surefire.junit4.JUnit4Provider.executeTestSet(JUnit4Provider.java:238)
	at org.apache.maven.surefire.junit4.JUnit4Provider.invoke(JUnit4Provider.java:159)
	at org.apache.maven.surefire.booter.ForkedBooter.invokeProviderInSameClassLoader(ForkedBooter.java:384)
	at org.apache.maven.surefire.booter.ForkedBooter.runSuitesInProcess(ForkedBooter.java:345)
	at org.apache.maven.surefire.booter.ForkedBooter.execute(ForkedBooter.java:126)
	at org.apache.maven.surefire.booter.ForkedBooter.main(ForkedBooter.java:418)

Sep 10, 2019 12:51:52 PM org.apache.ratis.thirdparty.io.grpc.internal.ManagedChannelOrphanWrapper$ManagedChannelReference cleanQueue
SEVERE: *~*~*~ Channel ManagedChannelImpl{logId=3239, target=192.168.5.153:43356} was not shutdown properly!!! ~*~*~*
    Make sure to call shutdown()/shutdownNow() and wait until awaitTermination() returns true.
java.lang.RuntimeException: ManagedChannel allocation site
	at org.apache.ratis.thirdparty.io.grpc.internal.ManagedChannelOrphanWrapper$ManagedChannelReference.<init>(ManagedChannelOrphanWrapper.java:103)
	at org.apache.ratis.thirdparty.io.grpc.internal.ManagedChannelOrphanWrapper.<init>(ManagedChannelOrphanWrapper.java:53)
	at org.apache.ratis.thirdparty.io.grpc.internal.ManagedChannelOrphanWrapper.<init>(ManagedChannelOrphanWrapper.java:44)
	at org.apache.ratis.thirdparty.io.grpc.internal.AbstractManagedChannelImplBuilder.build(AbstractManagedChannelImplBuilder.java:411)
	at org.apache.ratis.grpc.client.GrpcClientProtocolClient.<init>(GrpcClientProtocolClient.java:119)
	at org.apache.ratis.grpc.client.GrpcClientRpc.lambda$new$0(GrpcClientRpc.java:55)
	at org.apache.ratis.util.PeerProxyMap$PeerAndProxy.lambda$getProxy$0(PeerProxyMap.java:61)
	at org.apache.ratis.util.LifeCycle.startAndTransition(LifeCycle.java:202)
	at org.apache.ratis.util.PeerProxyMap$PeerAndProxy.getProxy(PeerProxyMap.java:60)
	at org.apache.ratis.util.PeerProxyMap.getProxy(PeerProxyMap.java:107)
	at org.apache.ratis.grpc.client.GrpcClientRpc.sendRequestAsyncUnordered(GrpcClientRpc.java:78)
	at org.apache.ratis.client.impl.UnorderedAsync.sendRequestWithRetry(UnorderedAsync.java:75)
	at org.apache.ratis.client.impl.UnorderedAsync.lambda$null$2(UnorderedAsync.java:120)
	at org.apache.ratis.util.TimeoutScheduler.lambda$onTimeout$0(TimeoutScheduler.java:85)
	at org.apache.ratis.util.TimeoutScheduler.lambda$onTimeout$1(TimeoutScheduler.java:104)
	at org.apache.ratis.util.LogUtils.runAndLog(LogUtils.java:50)
	at org.apache.ratis.util.LogUtils$1.run(LogUtils.java:91)
	at java.util.concurrent.Executors$RunnableAdapter.call(Executors.java:511)
	at java.util.concurrent.FutureTask.run(FutureTask.java:266)
	at java.util.concurrent.ScheduledThreadPoolExecutor$ScheduledFutureTask.access$201(ScheduledThreadPoolExecutor.java:180)
	at java.util.concurrent.ScheduledThreadPoolExecutor$ScheduledFutureTask.run(ScheduledThreadPoolExecutor.java:293)
	at java.util.concurrent.ThreadPoolExecutor.runWorker(ThreadPoolExecutor.java:1149)
	at java.util.concurrent.ThreadPoolExecutor$Worker.run(ThreadPoolExecutor.java:624)
	at java.lang.Thread.run(Thread.java:748)

Sep 10, 2019 12:51:52 PM org.apache.ratis.thirdparty.io.grpc.internal.ManagedChannelOrphanWrapper$ManagedChannelReference cleanQueue
SEVERE: *~*~*~ Channel ManagedChannelImpl{logId=3234, target=192.168.5.153:44734} was not shutdown properly!!! ~*~*~*
    Make sure to call shutdown()/shutdownNow() and wait until awaitTermination() returns true.
java.lang.RuntimeException: ManagedChannel allocation site
	at org.apache.ratis.thirdparty.io.grpc.internal.ManagedChannelOrphanWrapper$ManagedChannelReference.<init>(ManagedChannelOrphanWrapper.java:103)
	at org.apache.ratis.thirdparty.io.grpc.internal.ManagedChannelOrphanWrapper.<init>(ManagedChannelOrphanWrapper.java:53)
	at org.apache.ratis.thirdparty.io.grpc.internal.ManagedChannelOrphanWrapper.<init>(ManagedChannelOrphanWrapper.java:44)
	at org.apache.ratis.thirdparty.io.grpc.internal.AbstractManagedChannelImplBuilder.build(AbstractManagedChannelImplBuilder.java:411)
	at org.apache.hadoop.hdds.scm.XceiverClientGrpc.connectToDatanode(XceiverClientGrpc.java:175)
	at org.apache.hadoop.hdds.scm.XceiverClientGrpc.reconnect(XceiverClientGrpc.java:423)
	at org.apache.hadoop.hdds.scm.XceiverClientGrpc.sendCommandAsync(XceiverClientGrpc.java:372)
	at org.apache.hadoop.hdds.scm.XceiverClientGrpc.sendCommandWithRetry(XceiverClientGrpc.java:285)
	at org.apache.hadoop.hdds.scm.XceiverClientGrpc.sendCommandWithTraceIDAndRetry(XceiverClientGrpc.java:251)
	at org.apache.hadoop.hdds.scm.XceiverClientGrpc.sendCommand(XceiverClientGrpc.java:234)
	at org.apache.hadoop.hdds.scm.storage.ContainerProtocolCalls.readChunk(ContainerProtocolCalls.java:245)
	at org.apache.hadoop.hdds.scm.storage.ChunkInputStream.readChunk(ChunkInputStream.java:335)
	at org.apache.hadoop.hdds.scm.storage.ChunkInputStream.readChunkFromContainer(ChunkInputStream.java:307)
	at org.apache.hadoop.hdds.scm.storage.ChunkInputStream.prepareRead(ChunkInputStream.java:259)
	at org.apache.hadoop.hdds.scm.storage.ChunkInputStream.read(ChunkInputStream.java:144)
	at org.apache.hadoop.hdds.scm.storage.BlockInputStream.read(BlockInputStream.java:239)
	at org.apache.hadoop.ozone.client.io.KeyInputStream.read(KeyInputStream.java:171)
	at org.apache.hadoop.ozone.client.io.OzoneInputStream.read(OzoneInputStream.java:47)
	at java.io.InputStream.read(InputStream.java:101)
	at org.apache.hadoop.ozone.container.ContainerTestHelper.validateData(ContainerTestHelper.java:713)
	at org.apache.hadoop.ozone.client.rpc.TestBlockOutputStreamWithFailures.validateData(TestBlockOutputStreamWithFailures.java:1216)
	at org.apache.hadoop.ozone.client.rpc.TestBlockOutputStreamWithFailures.testWatchForCommitDatanodeFailure(TestBlockOutputStreamWithFailures.java:393)
	at sun.reflect.NativeMethodAccessorImpl.invoke0(Native Method)
	at sun.reflect.NativeMethodAccessorImpl.invoke(NativeMethodAccessorImpl.java:62)
	at sun.reflect.DelegatingMethodAccessorImpl.invoke(DelegatingMethodAccessorImpl.java:43)
	at java.lang.reflect.Method.invoke(Method.java:498)
	at org.junit.runners.model.FrameworkMethod$1.runReflectiveCall(FrameworkMethod.java:47)
	at org.junit.internal.runners.model.ReflectiveCallable.run(ReflectiveCallable.java:12)
	at org.junit.runners.model.FrameworkMethod.invokeExplosively(FrameworkMethod.java:44)
	at org.junit.internal.runners.statements.InvokeMethod.evaluate(InvokeMethod.java:17)
	at org.junit.internal.runners.statements.RunBefores.evaluate(RunBefores.java:26)
	at org.junit.internal.runners.statements.RunAfters.evaluate(RunAfters.java:27)
	at org.junit.runners.ParentRunner.runLeaf(ParentRunner.java:271)
	at org.junit.runners.BlockJUnit4ClassRunner.runChild(BlockJUnit4ClassRunner.java:70)
	at org.junit.runners.BlockJUnit4ClassRunner.runChild(BlockJUnit4ClassRunner.java:50)
	at org.junit.runners.ParentRunner$3.run(ParentRunner.java:238)
	at org.junit.runners.ParentRunner$1.schedule(ParentRunner.java:63)
	at org.junit.runners.ParentRunner.runChildren(ParentRunner.java:236)
	at org.junit.runners.ParentRunner.access$000(ParentRunner.java:53)
	at org.junit.runners.ParentRunner$2.evaluate(ParentRunner.java:229)
	at org.junit.runners.ParentRunner.run(ParentRunner.java:309)
	at org.apache.maven.surefire.junit4.JUnit4Provider.execute(JUnit4Provider.java:365)
	at org.apache.maven.surefire.junit4.JUnit4Provider.executeWithRerun(JUnit4Provider.java:273)
	at org.apache.maven.surefire.junit4.JUnit4Provider.executeTestSet(JUnit4Provider.java:238)
	at org.apache.maven.surefire.junit4.JUnit4Provider.invoke(JUnit4Provider.java:159)
	at org.apache.maven.surefire.booter.ForkedBooter.invokeProviderInSameClassLoader(ForkedBooter.java:384)
	at org.apache.maven.surefire.booter.ForkedBooter.runSuitesInProcess(ForkedBooter.java:345)
	at org.apache.maven.surefire.booter.ForkedBooter.execute(ForkedBooter.java:126)
	at org.apache.maven.surefire.booter.ForkedBooter.main(ForkedBooter.java:418)

Sep 10, 2019 12:51:52 PM org.apache.ratis.thirdparty.io.grpc.internal.ManagedChannelOrphanWrapper$ManagedChannelReference cleanQueue
SEVERE: *~*~*~ Channel ManagedChannelImpl{logId=3224, target=192.168.5.153:41407} was not shutdown properly!!! ~*~*~*
    Make sure to call shutdown()/shutdownNow() and wait until awaitTermination() returns true.
java.lang.RuntimeException: ManagedChannel allocation site
	at org.apache.ratis.thirdparty.io.grpc.internal.ManagedChannelOrphanWrapper$ManagedChannelReference.<init>(ManagedChannelOrphanWrapper.java:103)
	at org.apache.ratis.thirdparty.io.grpc.internal.ManagedChannelOrphanWrapper.<init>(ManagedChannelOrphanWrapper.java:53)
	at org.apache.ratis.thirdparty.io.grpc.internal.ManagedChannelOrphanWrapper.<init>(ManagedChannelOrphanWrapper.java:44)
	at org.apache.ratis.thirdparty.io.grpc.internal.AbstractManagedChannelImplBuilder.build(AbstractManagedChannelImplBuilder.java:411)
	at org.apache.hadoop.hdds.scm.XceiverClientGrpc.connectToDatanode(XceiverClientGrpc.java:175)
	at org.apache.hadoop.hdds.scm.XceiverClientGrpc.reconnect(XceiverClientGrpc.java:423)
	at org.apache.hadoop.hdds.scm.XceiverClientGrpc.sendCommandAsync(XceiverClientGrpc.java:372)
	at org.apache.hadoop.hdds.scm.XceiverClientGrpc.sendCommandWithRetry(XceiverClientGrpc.java:285)
	at org.apache.hadoop.hdds.scm.XceiverClientGrpc.sendCommandWithTraceIDAndRetry(XceiverClientGrpc.java:251)
	at org.apache.hadoop.hdds.scm.XceiverClientGrpc.sendCommand(XceiverClientGrpc.java:234)
	at org.apache.hadoop.hdds.scm.storage.ContainerProtocolCalls.readChunk(ContainerProtocolCalls.java:245)
	at org.apache.hadoop.hdds.scm.storage.ChunkInputStream.readChunk(ChunkInputStream.java:335)
	at org.apache.hadoop.hdds.scm.storage.ChunkInputStream.readChunkFromContainer(ChunkInputStream.java:307)
	at org.apache.hadoop.hdds.scm.storage.ChunkInputStream.prepareRead(ChunkInputStream.java:259)
	at org.apache.hadoop.hdds.scm.storage.ChunkInputStream.read(ChunkInputStream.java:144)
	at org.apache.hadoop.hdds.scm.storage.BlockInputStream.read(BlockInputStream.java:239)
	at org.apache.hadoop.ozone.client.io.KeyInputStream.read(KeyInputStream.java:171)
	at org.apache.hadoop.ozone.client.io.OzoneInputStream.read(OzoneInputStream.java:47)
	at java.io.InputStream.read(InputStream.java:101)
	at org.apache.hadoop.ozone.container.ContainerTestHelper.validateData(ContainerTestHelper.java:713)
	at org.apache.hadoop.ozone.client.rpc.TestBlockOutputStreamWithFailures.validateData(TestBlockOutputStreamWithFailures.java:1216)
	at org.apache.hadoop.ozone.client.rpc.TestBlockOutputStreamWithFailures.testWatchForCommitDatanodeFailure(TestBlockOutputStreamWithFailures.java:393)
	at sun.reflect.NativeMethodAccessorImpl.invoke0(Native Method)
	at sun.reflect.NativeMethodAccessorImpl.invoke(NativeMethodAccessorImpl.java:62)
	at sun.reflect.DelegatingMethodAccessorImpl.invoke(DelegatingMethodAccessorImpl.java:43)
	at java.lang.reflect.Method.invoke(Method.java:498)
	at org.junit.runners.model.FrameworkMethod$1.runReflectiveCall(FrameworkMethod.java:47)
	at org.junit.internal.runners.model.ReflectiveCallable.run(ReflectiveCallable.java:12)
	at org.junit.runners.model.FrameworkMethod.invokeExplosively(FrameworkMethod.java:44)
	at org.junit.internal.runners.statements.InvokeMethod.evaluate(InvokeMethod.java:17)
	at org.junit.internal.runners.statements.RunBefores.evaluate(RunBefores.java:26)
	at org.junit.internal.runners.statements.RunAfters.evaluate(RunAfters.java:27)
	at org.junit.runners.ParentRunner.runLeaf(ParentRunner.java:271)
	at org.junit.runners.BlockJUnit4ClassRunner.runChild(BlockJUnit4ClassRunner.java:70)
	at org.junit.runners.BlockJUnit4ClassRunner.runChild(BlockJUnit4ClassRunner.java:50)
	at org.junit.runners.ParentRunner$3.run(ParentRunner.java:238)
	at org.junit.runners.ParentRunner$1.schedule(ParentRunner.java:63)
	at org.junit.runners.ParentRunner.runChildren(ParentRunner.java:236)
	at org.junit.runners.ParentRunner.access$000(ParentRunner.java:53)
	at org.junit.runners.ParentRunner$2.evaluate(ParentRunner.java:229)
	at org.junit.runners.ParentRunner.run(ParentRunner.java:309)
	at org.apache.maven.surefire.junit4.JUnit4Provider.execute(JUnit4Provider.java:365)
	at org.apache.maven.surefire.junit4.JUnit4Provider.executeWithRerun(JUnit4Provider.java:273)
	at org.apache.maven.surefire.junit4.JUnit4Provider.executeTestSet(JUnit4Provider.java:238)
	at org.apache.maven.surefire.junit4.JUnit4Provider.invoke(JUnit4Provider.java:159)
	at org.apache.maven.surefire.booter.ForkedBooter.invokeProviderInSameClassLoader(ForkedBooter.java:384)
	at org.apache.maven.surefire.booter.ForkedBooter.runSuitesInProcess(ForkedBooter.java:345)
	at org.apache.maven.surefire.booter.ForkedBooter.execute(ForkedBooter.java:126)
	at org.apache.maven.surefire.booter.ForkedBooter.main(ForkedBooter.java:418)

Sep 10, 2019 12:51:52 PM org.apache.ratis.thirdparty.io.grpc.internal.ManagedChannelOrphanWrapper$ManagedChannelReference cleanQueue
SEVERE: *~*~*~ Channel ManagedChannelImpl{logId=3219, target=192.168.5.153:37309} was not shutdown properly!!! ~*~*~*
    Make sure to call shutdown()/shutdownNow() and wait until awaitTermination() returns true.
java.lang.RuntimeException: ManagedChannel allocation site
	at org.apache.ratis.thirdparty.io.grpc.internal.ManagedChannelOrphanWrapper$ManagedChannelReference.<init>(ManagedChannelOrphanWrapper.java:103)
	at org.apache.ratis.thirdparty.io.grpc.internal.ManagedChannelOrphanWrapper.<init>(ManagedChannelOrphanWrapper.java:53)
	at org.apache.ratis.thirdparty.io.grpc.internal.ManagedChannelOrphanWrapper.<init>(ManagedChannelOrphanWrapper.java:44)
	at org.apache.ratis.thirdparty.io.grpc.internal.AbstractManagedChannelImplBuilder.build(AbstractManagedChannelImplBuilder.java:411)
	at org.apache.hadoop.hdds.scm.XceiverClientGrpc.connectToDatanode(XceiverClientGrpc.java:175)
	at org.apache.hadoop.hdds.scm.XceiverClientGrpc.reconnect(XceiverClientGrpc.java:423)
	at org.apache.hadoop.hdds.scm.XceiverClientGrpc.sendCommandAsync(XceiverClientGrpc.java:372)
	at org.apache.hadoop.hdds.scm.XceiverClientGrpc.sendCommandWithRetry(XceiverClientGrpc.java:285)
	at org.apache.hadoop.hdds.scm.XceiverClientGrpc.sendCommandWithTraceIDAndRetry(XceiverClientGrpc.java:251)
	at org.apache.hadoop.hdds.scm.XceiverClientGrpc.sendCommand(XceiverClientGrpc.java:234)
	at org.apache.hadoop.hdds.scm.storage.ContainerProtocolCalls.getBlock(ContainerProtocolCalls.java:118)
	at org.apache.hadoop.hdds.scm.storage.BlockInputStream.getChunkInfos(BlockInputStream.java:167)
	at org.apache.hadoop.hdds.scm.storage.BlockInputStream.initialize(BlockInputStream.java:118)
	at org.apache.hadoop.hdds.scm.storage.BlockInputStream.read(BlockInputStream.java:222)
	at org.apache.hadoop.ozone.client.io.KeyInputStream.read(KeyInputStream.java:171)
	at org.apache.hadoop.ozone.client.io.OzoneInputStream.read(OzoneInputStream.java:47)
	at java.io.InputStream.read(InputStream.java:101)
	at org.apache.hadoop.ozone.container.ContainerTestHelper.validateData(ContainerTestHelper.java:713)
	at org.apache.hadoop.ozone.client.rpc.TestBlockOutputStreamWithFailures.validateData(TestBlockOutputStreamWithFailures.java:1216)
	at org.apache.hadoop.ozone.client.rpc.TestBlockOutputStreamWithFailures.testWatchForCommitDatanodeFailure(TestBlockOutputStreamWithFailures.java:393)
	at sun.reflect.NativeMethodAccessorImpl.invoke0(Native Method)
	at sun.reflect.NativeMethodAccessorImpl.invoke(NativeMethodAccessorImpl.java:62)
	at sun.reflect.DelegatingMethodAccessorImpl.invoke(DelegatingMethodAccessorImpl.java:43)
	at java.lang.reflect.Method.invoke(Method.java:498)
	at org.junit.runners.model.FrameworkMethod$1.runReflectiveCall(FrameworkMethod.java:47)
	at org.junit.internal.runners.model.ReflectiveCallable.run(ReflectiveCallable.java:12)
	at org.junit.runners.model.FrameworkMethod.invokeExplosively(FrameworkMethod.java:44)
	at org.junit.internal.runners.statements.InvokeMethod.evaluate(InvokeMethod.java:17)
	at org.junit.internal.runners.statements.RunBefores.evaluate(RunBefores.java:26)
	at org.junit.internal.runners.statements.RunAfters.evaluate(RunAfters.java:27)
	at org.junit.runners.ParentRunner.runLeaf(ParentRunner.java:271)
	at org.junit.runners.BlockJUnit4ClassRunner.runChild(BlockJUnit4ClassRunner.java:70)
	at org.junit.runners.BlockJUnit4ClassRunner.runChild(BlockJUnit4ClassRunner.java:50)
	at org.junit.runners.ParentRunner$3.run(ParentRunner.java:238)
	at org.junit.runners.ParentRunner$1.schedule(ParentRunner.java:63)
	at org.junit.runners.ParentRunner.runChildren(ParentRunner.java:236)
	at org.junit.runners.ParentRunner.access$000(ParentRunner.java:53)
	at org.junit.runners.ParentRunner$2.evaluate(ParentRunner.java:229)
	at org.junit.runners.ParentRunner.run(ParentRunner.java:309)
	at org.apache.maven.surefire.junit4.JUnit4Provider.execute(JUnit4Provider.java:365)
	at org.apache.maven.surefire.junit4.JUnit4Provider.executeWithRerun(JUnit4Provider.java:273)
	at org.apache.maven.surefire.junit4.JUnit4Provider.executeTestSet(JUnit4Provider.java:238)
	at org.apache.maven.surefire.junit4.JUnit4Provider.invoke(JUnit4Provider.java:159)
	at org.apache.maven.surefire.booter.ForkedBooter.invokeProviderInSameClassLoader(ForkedBooter.java:384)
	at org.apache.maven.surefire.booter.ForkedBooter.runSuitesInProcess(ForkedBooter.java:345)
	at org.apache.maven.surefire.booter.ForkedBooter.execute(ForkedBooter.java:126)
	at org.apache.maven.surefire.booter.ForkedBooter.main(ForkedBooter.java:418)

Sep 10, 2019 12:51:52 PM org.apache.ratis.thirdparty.io.grpc.internal.ManagedChannelOrphanWrapper$ManagedChannelReference cleanQueue
SEVERE: *~*~*~ Channel ManagedChannelImpl{logId=3229, target=192.168.5.153:34707} was not shutdown properly!!! ~*~*~*
    Make sure to call shutdown()/shutdownNow() and wait until awaitTermination() returns true.
java.lang.RuntimeException: ManagedChannel allocation site
	at org.apache.ratis.thirdparty.io.grpc.internal.ManagedChannelOrphanWrapper$ManagedChannelReference.<init>(ManagedChannelOrphanWrapper.java:103)
	at org.apache.ratis.thirdparty.io.grpc.internal.ManagedChannelOrphanWrapper.<init>(ManagedChannelOrphanWrapper.java:53)
	at org.apache.ratis.thirdparty.io.grpc.internal.ManagedChannelOrphanWrapper.<init>(ManagedChannelOrphanWrapper.java:44)
	at org.apache.ratis.thirdparty.io.grpc.internal.AbstractManagedChannelImplBuilder.build(AbstractManagedChannelImplBuilder.java:411)
	at org.apache.hadoop.hdds.scm.XceiverClientGrpc.connectToDatanode(XceiverClientGrpc.java:175)
	at org.apache.hadoop.hdds.scm.XceiverClientGrpc.reconnect(XceiverClientGrpc.java:423)
	at org.apache.hadoop.hdds.scm.XceiverClientGrpc.sendCommandAsync(XceiverClientGrpc.java:372)
	at org.apache.hadoop.hdds.scm.XceiverClientGrpc.sendCommandWithRetry(XceiverClientGrpc.java:285)
	at org.apache.hadoop.hdds.scm.XceiverClientGrpc.sendCommandWithTraceIDAndRetry(XceiverClientGrpc.java:251)
	at org.apache.hadoop.hdds.scm.XceiverClientGrpc.sendCommand(XceiverClientGrpc.java:234)
	at org.apache.hadoop.hdds.scm.storage.ContainerProtocolCalls.getBlock(ContainerProtocolCalls.java:118)
	at org.apache.hadoop.hdds.scm.storage.BlockInputStream.getChunkInfos(BlockInputStream.java:167)
	at org.apache.hadoop.hdds.scm.storage.BlockInputStream.initialize(BlockInputStream.java:118)
	at org.apache.hadoop.hdds.scm.storage.BlockInputStream.read(BlockInputStream.java:222)
	at org.apache.hadoop.ozone.client.io.KeyInputStream.read(KeyInputStream.java:171)
	at org.apache.hadoop.ozone.client.io.OzoneInputStream.read(OzoneInputStream.java:47)
	at java.io.InputStream.read(InputStream.java:101)
	at org.apache.hadoop.ozone.container.ContainerTestHelper.validateData(ContainerTestHelper.java:713)
	at org.apache.hadoop.ozone.client.rpc.TestBlockOutputStreamWithFailures.validateData(TestBlockOutputStreamWithFailures.java:1216)
	at org.apache.hadoop.ozone.client.rpc.TestBlockOutputStreamWithFailures.testWatchForCommitDatanodeFailure(TestBlockOutputStreamWithFailures.java:393)
	at sun.reflect.NativeMethodAccessorImpl.invoke0(Native Method)
	at sun.reflect.NativeMethodAccessorImpl.invoke(NativeMethodAccessorImpl.java:62)
	at sun.reflect.DelegatingMethodAccessorImpl.invoke(DelegatingMethodAccessorImpl.java:43)
	at java.lang.reflect.Method.invoke(Method.java:498)
	at org.junit.runners.model.FrameworkMethod$1.runReflectiveCall(FrameworkMethod.java:47)
	at org.junit.internal.runners.model.ReflectiveCallable.run(ReflectiveCallable.java:12)
	at org.junit.runners.model.FrameworkMethod.invokeExplosively(FrameworkMethod.java:44)
	at org.junit.internal.runners.statements.InvokeMethod.evaluate(InvokeMethod.java:17)
	at org.junit.internal.runners.statements.RunBefores.evaluate(RunBefores.java:26)
	at org.junit.internal.runners.statements.RunAfters.evaluate(RunAfters.java:27)
	at org.junit.runners.ParentRunner.runLeaf(ParentRunner.java:271)
	at org.junit.runners.BlockJUnit4ClassRunner.runChild(BlockJUnit4ClassRunner.java:70)
	at org.junit.runners.BlockJUnit4ClassRunner.runChild(BlockJUnit4ClassRunner.java:50)
	at org.junit.runners.ParentRunner$3.run(ParentRunner.java:238)
	at org.junit.runners.ParentRunner$1.schedule(ParentRunner.java:63)
	at org.junit.runners.ParentRunner.runChildren(ParentRunner.java:236)
	at org.junit.runners.ParentRunner.access$000(ParentRunner.java:53)
	at org.junit.runners.ParentRunner$2.evaluate(ParentRunner.java:229)
	at org.junit.runners.ParentRunner.run(ParentRunner.java:309)
	at org.apache.maven.surefire.junit4.JUnit4Provider.execute(JUnit4Provider.java:365)
	at org.apache.maven.surefire.junit4.JUnit4Provider.executeWithRerun(JUnit4Provider.java:273)
	at org.apache.maven.surefire.junit4.JUnit4Provider.executeTestSet(JUnit4Provider.java:238)
	at org.apache.maven.surefire.junit4.JUnit4Provider.invoke(JUnit4Provider.java:159)
	at org.apache.maven.surefire.booter.ForkedBooter.invokeProviderInSameClassLoader(ForkedBooter.java:384)
	at org.apache.maven.surefire.booter.ForkedBooter.runSuitesInProcess(ForkedBooter.java:345)
	at org.apache.maven.surefire.booter.ForkedBooter.execute(ForkedBooter.java:126)
	at org.apache.maven.surefire.booter.ForkedBooter.main(ForkedBooter.java:418)

]]></system-err>
  </testcase>
  <testcase name="testWatchForCommitWithCloseContainerException" classname="org.apache.hadoop.ozone.client.rpc.TestBlockOutputStreamWithFailures" time="36.957"/>
  <testcase name="testExceptionDuringClose" classname="org.apache.hadoop.ozone.client.rpc.TestBlockOutputStreamWithFailures" time="35.591"/>
</testsuite>