<?xml version="1.0" encoding="UTF-8"?>
<testsuite xmlns:xsi="http://www.w3.org/2001/XMLSchema-instance" xsi:noNamespaceSchemaLocation="https://maven.apache.org/surefire/maven-surefire-plugin/xsd/surefire-test-report.xsd" name="org.apache.hadoop.ozone.client.rpc.TestMultiBlockWritesWithDnFailures" time="146.145" tests="2" errors="1" skipped="0" failures="0">
  <properties>
    <property name="awt.toolkit" value="sun.awt.X11.XToolkit"/>
    <property name="file.encoding.pkg" value="sun.io"/>
    <property name="java.specification.version" value="1.8"/>
    <property name="sun.cpu.isalist" value=""/>
    <property name="sun.jnu.encoding" value="UTF-8"/>
    <property name="java.class.path" value="/workdir/hadoop-ozone/integration-test/target/test-classes:/workdir/hadoop-ozone/integration-test/target/classes:/home/user/.m2/repository/org/apache/hadoop/hadoop-ozone-common/0.5.0-SNAPSHOT/hadoop-ozone-common-0.5.0-SNAPSHOT.jar:/home/user/.m2/repository/org/apache/commons/commons-compress/1.4.1/commons-compress-1.4.1.jar:/home/user/.m2/repository/org/tukaani/xz/1.0/xz-1.0.jar:/home/user/.m2/repository/org/apache/hadoop/hadoop-common/3.2.0/hadoop-common-3.2.0.jar:/home/user/.m2/repository/org/apache/hadoop/hadoop-hdfs/3.2.0/hadoop-hdfs-3.2.0.jar:/home/user/.m2/repository/org/apache/hadoop/hadoop-hdfs-client/3.2.0/hadoop-hdfs-client-3.2.0.jar:/home/user/.m2/repository/com/fasterxml/jackson/core/jackson-annotations/2.9.5/jackson-annotations-2.9.5.jar:/home/user/.m2/repository/org/apache/hadoop/hadoop-hdds-common/0.5.0-SNAPSHOT/hadoop-hdds-common-0.5.0-SNAPSHOT.jar:/home/user/.m2/repository/javax/annotation/javax.annotation-api/1.2/javax.annotation-api-1.2.jar:/home/user/.m2/repository/org/apache/ratis/ratis-server/0.4.0-78e95b9-SNAPSHOT/ratis-server-0.4.0-78e95b9-SNAPSHOT.jar:/home/user/.m2/repository/org/apache/ratis/ratis-thirdparty-misc/0.2.0/ratis-thirdparty-misc-0.2.0.jar:/home/user/.m2/repository/org/apache/ratis/ratis-proto/0.4.0-78e95b9-SNAPSHOT/ratis-proto-0.4.0-78e95b9-SNAPSHOT.jar:/home/user/.m2/repository/org/apache/ratis/ratis-common/0.4.0-78e95b9-SNAPSHOT/ratis-common-0.4.0-78e95b9-SNAPSHOT.jar:/home/user/.m2/repository/org/apache/ratis/ratis-client/0.4.0-78e95b9-SNAPSHOT/ratis-client-0.4.0-78e95b9-SNAPSHOT.jar:/home/user/.m2/repository/org/apache/ratis/ratis-metrics/0.4.0-78e95b9-SNAPSHOT/ratis-metrics-0.4.0-78e95b9-SNAPSHOT.jar:/home/user/.m2/repository/com/github/joshelser/dropwizard-metrics-hadoop-metrics2-reporter/0.1.2/dropwizard-metrics-hadoop-metrics2-reporter-0.1.2.jar:/home/user/.m2/repository/io/dropwizard/metrics/metrics-jvm/3.2.5/metrics-jvm-3.2.5.jar:/home/user/.m2/repository/io/dropwizard/metrics/metrics-ganglia/3.2.5/metrics-ganglia-3.2.5.jar:/home/user/.m2/repository/info/ganglia/gmetric4j/gmetric4j/1.0.7/gmetric4j-1.0.7.jar:/home/user/.m2/repository/org/apache/ratis/ratis-netty/0.4.0-78e95b9-SNAPSHOT/ratis-netty-0.4.0-78e95b9-SNAPSHOT.jar:/home/user/.m2/repository/org/apache/ratis/ratis-grpc/0.4.0-78e95b9-SNAPSHOT/ratis-grpc-0.4.0-78e95b9-SNAPSHOT.jar:/home/user/.m2/repository/org/rocksdb/rocksdbjni/6.0.1/rocksdbjni-6.0.1.jar:/home/user/.m2/repository/org/apache/logging/log4j/log4j-api/2.11.0/log4j-api-2.11.0.jar:/home/user/.m2/repository/org/apache/logging/log4j/log4j-core/2.11.0/log4j-core-2.11.0.jar:/home/user/.m2/repository/com/lmax/disruptor/3.4.2/disruptor-3.4.2.jar:/home/user/.m2/repository/org/apache/commons/commons-pool2/2.6.0/commons-pool2-2.6.0.jar:/home/user/.m2/repository/org/bouncycastle/bcpkix-jdk15on/1.60/bcpkix-jdk15on-1.60.jar:/home/user/.m2/repository/commons-validator/commons-validator/1.6/commons-validator-1.6.jar:/home/user/.m2/repository/commons-digester/commons-digester/1.8.1/commons-digester-1.8.1.jar:/home/user/.m2/repository/io/jaegertracing/jaeger-client/0.33.1/jaeger-client-0.33.1.jar:/home/user/.m2/repository/io/jaegertracing/jaeger-thrift/0.33.1/jaeger-thrift-0.33.1.jar:/home/user/.m2/repository/org/apache/thrift/libthrift/0.11.0/libthrift-0.11.0.jar:/home/user/.m2/repository/com/squareup/okhttp3/okhttp/3.9.0/okhttp-3.9.0.jar:/home/user/.m2/repository/com/squareup/okio/okio/1.13.0/okio-1.13.0.jar:/home/user/.m2/repository/io/jaegertracing/jaeger-core/0.33.1/jaeger-core-0.33.1.jar:/home/user/.m2/repository/io/jaegertracing/jaeger-tracerresolver/0.33.1/jaeger-tracerresolver-0.33.1.jar:/home/user/.m2/repository/io/opentracing/contrib/opentracing-tracerresolver/0.1.5/opentracing-tracerresolver-0.1.5.jar:/home/user/.m2/repository/io/opentracing/opentracing-util/0.31.0/opentracing-util-0.31.0.jar:/home/user/.m2/repository/io/opentracing/opentracing-api/0.31.0/opentracing-api-0.31.0.jar:/home/user/.m2/repository/io/opentracing/opentracing-noop/0.31.0/opentracing-noop-0.31.0.jar:/home/user/.m2/repository/org/apache/hadoop/hadoop-hdds-server-framework/0.5.0-SNAPSHOT/hadoop-hdds-server-framework-0.5.0-SNAPSHOT.jar:/home/user/.m2/repository/org/apache/hadoop/hadoop-hdds-container-service/0.5.0-SNAPSHOT/hadoop-hdds-container-service-0.5.0-SNAPSHOT.jar:/home/user/.m2/repository/org/apache/hadoop/hadoop-hdds-client/0.5.0-SNAPSHOT/hadoop-hdds-client-0.5.0-SNAPSHOT.jar:/home/user/.m2/repository/org/apache/hadoop/hadoop-hdds-tools/0.5.0-SNAPSHOT/hadoop-hdds-tools-0.5.0-SNAPSHOT.jar:/home/user/.m2/repository/org/apache/hadoop/hadoop-hdds-server-scm/0.5.0-SNAPSHOT/hadoop-hdds-server-scm-0.5.0-SNAPSHOT.jar:/home/user/.m2/repository/org/apache/hadoop/hadoop-hdds-docs/0.5.0-SNAPSHOT/hadoop-hdds-docs-0.5.0-SNAPSHOT.jar:/home/user/.m2/repository/io/dropwizard/metrics/metrics-core/3.2.4/metrics-core-3.2.4.jar:/home/user/.m2/repository/org/hamcrest/hamcrest-all/1.3/hamcrest-all-1.3.jar:/home/user/.m2/repository/org/bouncycastle/bcprov-jdk15on/1.60/bcprov-jdk15on-1.60.jar:/home/user/.m2/repository/info/picocli/picocli/3.9.6/picocli-3.9.6.jar:/home/user/.m2/repository/com/google/protobuf/protobuf-java/2.5.0/protobuf-java-2.5.0.jar:/home/user/.m2/repository/com/google/guava/guava/11.0.2/guava-11.0.2.jar:/home/user/.m2/repository/org/apache/hadoop/hadoop-ozone-ozone-manager/0.5.0-SNAPSHOT/hadoop-ozone-ozone-manager-0.5.0-SNAPSHOT.jar:/home/user/.m2/repository/org/apache/hadoop/hadoop-minikdc/3.2.0/hadoop-minikdc-3.2.0.jar:/home/user/.m2/repository/commons-io/commons-io/2.5/commons-io-2.5.jar:/home/user/.m2/repository/org/apache/kerby/kerb-simplekdc/1.0.1/kerb-simplekdc-1.0.1.jar:/home/user/.m2/repository/org/apache/kerby/kerb-client/1.0.1/kerb-client-1.0.1.jar:/home/user/.m2/repository/org/apache/kerby/kerby-config/1.0.1/kerby-config-1.0.1.jar:/home/user/.m2/repository/org/apache/kerby/kerb-core/1.0.1/kerb-core-1.0.1.jar:/home/user/.m2/repository/org/apache/kerby/kerby-pkix/1.0.1/kerby-pkix-1.0.1.jar:/home/user/.m2/repository/org/apache/kerby/kerby-asn1/1.0.1/kerby-asn1-1.0.1.jar:/home/user/.m2/repository/org/apache/kerby/kerby-util/1.0.1/kerby-util-1.0.1.jar:/home/user/.m2/repository/org/apache/kerby/kerb-common/1.0.1/kerb-common-1.0.1.jar:/home/user/.m2/repository/org/apache/kerby/kerb-crypto/1.0.1/kerb-crypto-1.0.1.jar:/home/user/.m2/repository/org/apache/kerby/kerb-util/1.0.1/kerb-util-1.0.1.jar:/home/user/.m2/repository/org/apache/kerby/token-provider/1.0.1/token-provider-1.0.1.jar:/home/user/.m2/repository/org/apache/kerby/kerb-admin/1.0.1/kerb-admin-1.0.1.jar:/home/user/.m2/repository/org/apache/kerby/kerb-server/1.0.1/kerb-server-1.0.1.jar:/home/user/.m2/repository/org/apache/kerby/kerb-identity/1.0.1/kerb-identity-1.0.1.jar:/home/user/.m2/repository/org/apache/kerby/kerby-xdr/1.0.1/kerby-xdr-1.0.1.jar:/home/user/.m2/repository/org/slf4j/slf4j-log4j12/1.7.25/slf4j-log4j12-1.7.25.jar:/home/user/.m2/repository/org/apache/hadoop/hadoop-ozone-s3gateway/0.5.0-SNAPSHOT/hadoop-ozone-s3gateway-0.5.0-SNAPSHOT.jar:/home/user/.m2/repository/org/jboss/weld/servlet/weld-servlet/2.4.7.Final/weld-servlet-2.4.7.Final.jar:/home/user/.m2/repository/org/glassfish/jersey/containers/jersey-container-servlet-core/2.27/jersey-container-servlet-core-2.27.jar:/home/user/.m2/repository/org/glassfish/hk2/external/javax.inject/2.5.0-b42/javax.inject-2.5.0-b42.jar:/home/user/.m2/repository/org/glassfish/jersey/core/jersey-common/2.27/jersey-common-2.27.jar:/home/user/.m2/repository/org/glassfish/hk2/osgi-resource-locator/1.0.1/osgi-resource-locator-1.0.1.jar:/home/user/.m2/repository/javax/ws/rs/javax.ws.rs-api/2.1/javax.ws.rs-api-2.1.jar:/home/user/.m2/repository/org/glassfish/jersey/ext/cdi/jersey-cdi1x/2.27/jersey-cdi1x-2.27.jar:/home/user/.m2/repository/org/glassfish/jersey/inject/jersey-hk2/2.27/jersey-hk2-2.27.jar:/home/user/.m2/repository/org/glassfish/hk2/hk2-locator/2.5.0-b42/hk2-locator-2.5.0-b42.jar:/home/user/.m2/repository/org/javassist/javassist/3.22.0-CR2/javassist-3.22.0-CR2.jar:/home/user/.m2/repository/org/glassfish/hk2/hk2-api/2.5.0/hk2-api-2.5.0.jar:/home/user/.m2/repository/org/glassfish/hk2/external/jakarta.inject/2.5.0/jakarta.inject-2.5.0.jar:/home/user/.m2/repository/org/glassfish/hk2/hk2-utils/2.5.0/hk2-utils-2.5.0.jar:/home/user/.m2/repository/jakarta/annotation/jakarta.annotation-api/1.3.4/jakarta.annotation-api-1.3.4.jar:/home/user/.m2/repository/org/glassfish/hk2/external/aopalliance-repackaged/2.5.0/aopalliance-repackaged-2.5.0.jar:/home/user/.m2/repository/com/fasterxml/jackson/dataformat/jackson-dataformat-xml/2.9.0/jackson-dataformat-xml-2.9.0.jar:/home/user/.m2/repository/com/fasterxml/jackson/core/jackson-core/2.9.5/jackson-core-2.9.5.jar:/home/user/.m2/repository/com/fasterxml/jackson/module/jackson-module-jaxb-annotations/2.9.5/jackson-module-jaxb-annotations-2.9.5.jar:/home/user/.m2/repository/javax/enterprise/cdi-api/1.2/cdi-api-1.2.jar:/home/user/.m2/repository/javax/el/javax.el-api/3.0.0/javax.el-api-3.0.0.jar:/home/user/.m2/repository/javax/interceptor/javax.interceptor-api/1.2/javax.interceptor-api-1.2.jar:/home/user/.m2/repository/javax/inject/javax.inject/1/javax.inject-1.jar:/home/user/.m2/repository/com/sun/xml/bind/jaxb-impl/2.3.0.1/jaxb-impl-2.3.0.1.jar:/home/user/.m2/repository/com/sun/xml/bind/jaxb-core/2.3.0.1/jaxb-core-2.3.0.1.jar:/home/user/.m2/repository/javax/xml/bind/jaxb-api/2.3.0/jaxb-api-2.3.0.jar:/home/user/.m2/repository/javax/activation/activation/1.1.1/activation-1.1.1.jar:/home/user/.m2/repository/org/apache/hadoop/hadoop-ozone-csi/0.5.0-SNAPSHOT/hadoop-ozone-csi-0.5.0-SNAPSHOT.jar:/home/user/.m2/repository/com/google/protobuf/protobuf-java-util/3.5.1/protobuf-java-util-3.5.1.jar:/home/user/.m2/repository/org/apache/hadoop/hadoop-hdds-config/0.5.0-SNAPSHOT/hadoop-hdds-config-0.5.0-SNAPSHOT.jar:/home/user/.m2/repository/io/grpc/grpc-netty/1.17.1/grpc-netty-1.17.1.jar:/home/user/.m2/repository/io/grpc/grpc-core/1.17.1/grpc-core-1.17.1.jar:/home/user/.m2/repository/io/grpc/grpc-context/1.17.1/grpc-context-1.17.1.jar:/home/user/.m2/repository/com/google/errorprone/error_prone_annotations/2.2.0/error_prone_annotations-2.2.0.jar:/home/user/.m2/repository/org/codehaus/mojo/animal-sniffer-annotations/1.17/animal-sniffer-annotations-1.17.jar:/home/user/.m2/repository/io/opencensus/opencensus-api/0.17.0/opencensus-api-0.17.0.jar:/home/user/.m2/repository/io/opencensus/opencensus-contrib-grpc-metrics/0.17.0/opencensus-contrib-grpc-metrics-0.17.0.jar:/home/user/.m2/repository/io/netty/netty-codec-http2/4.1.30.Final/netty-codec-http2-4.1.30.Final.jar:/home/user/.m2/repository/io/netty/netty-codec-http/4.1.30.Final/netty-codec-http-4.1.30.Final.jar:/home/user/.m2/repository/io/netty/netty-codec/4.1.30.Final/netty-codec-4.1.30.Final.jar:/home/user/.m2/repository/io/netty/netty-handler/4.1.30.Final/netty-handler-4.1.30.Final.jar:/home/user/.m2/repository/io/netty/netty-handler-proxy/4.1.30.Final/netty-handler-proxy-4.1.30.Final.jar:/home/user/.m2/repository/io/netty/netty-codec-socks/4.1.30.Final/netty-codec-socks-4.1.30.Final.jar:/home/user/.m2/repository/io/netty/netty-transport-native-epoll/4.1.30.Final/netty-transport-native-epoll-4.1.30.Final.jar:/home/user/.m2/repository/io/netty/netty-common/4.1.30.Final/netty-common-4.1.30.Final.jar:/home/user/.m2/repository/io/netty/netty-buffer/4.1.30.Final/netty-buffer-4.1.30.Final.jar:/home/user/.m2/repository/io/netty/netty-transport/4.1.30.Final/netty-transport-4.1.30.Final.jar:/home/user/.m2/repository/io/netty/netty-resolver/4.1.30.Final/netty-resolver-4.1.30.Final.jar:/home/user/.m2/repository/io/netty/netty-transport-native-unix-common/4.1.30.Final/netty-transport-native-unix-common-4.1.30.Final.jar:/home/user/.m2/repository/io/grpc/grpc-protobuf/1.17.1/grpc-protobuf-1.17.1.jar:/home/user/.m2/repository/com/google/api/grpc/proto-google-common-protos/1.0.0/proto-google-common-protos-1.0.0.jar:/home/user/.m2/repository/io/grpc/grpc-protobuf-lite/1.17.1/grpc-protobuf-lite-1.17.1.jar:/home/user/.m2/repository/io/grpc/grpc-stub/1.17.1/grpc-stub-1.17.1.jar:/home/user/.m2/repository/org/apache/hadoop/hadoop-ozone-recon/0.5.0-SNAPSHOT/hadoop-ozone-recon-0.5.0-SNAPSHOT.jar:/home/user/.m2/repository/org/apache/hadoop/hadoop-ozone-reconcodegen/0.5.0-SNAPSHOT/hadoop-ozone-reconcodegen-0.5.0-SNAPSHOT.jar:/home/user/.m2/repository/com/google/inject/extensions/guice-multibindings/4.0/guice-multibindings-4.0.jar:/home/user/.m2/repository/com/google/inject/guice/4.0/guice-4.0.jar:/home/user/.m2/repository/aopalliance/aopalliance/1.0/aopalliance-1.0.jar:/home/user/.m2/repository/com/google/inject/extensions/guice-servlet/4.0/guice-servlet-4.0.jar:/home/user/.m2/repository/org/glassfish/jersey/containers/jersey-container-servlet/2.27/jersey-container-servlet-2.27.jar:/home/user/.m2/repository/org/glassfish/hk2/guice-bridge/2.5.0/guice-bridge-2.5.0.jar:/home/user/.m2/repository/org/glassfish/jersey/core/jersey-server/2.27/jersey-server-2.27.jar:/home/user/.m2/repository/org/glassfish/jersey/core/jersey-client/2.27/jersey-client-2.27.jar:/home/user/.m2/repository/org/glassfish/jersey/media/jersey-media-jaxb/2.27/jersey-media-jaxb-2.27.jar:/home/user/.m2/repository/javax/validation/validation-api/1.1.0.Final/validation-api-1.1.0.Final.jar:/home/user/.m2/repository/org/glassfish/jersey/media/jersey-media-json-jackson/2.27/jersey-media-json-jackson-2.27.jar:/home/user/.m2/repository/org/glassfish/jersey/ext/jersey-entity-filtering/2.27/jersey-entity-filtering-2.27.jar:/home/user/.m2/repository/com/google/inject/extensions/guice-assistedinject/4.0/guice-assistedinject-4.0.jar:/home/user/.m2/repository/org/jooq/jooq/3.11.10/jooq-3.11.10.jar:/home/user/.m2/repository/org/jooq/jooq-meta/3.11.10/jooq-meta-3.11.10.jar:/home/user/.m2/repository/org/jooq/jooq-codegen/3.11.10/jooq-codegen-3.11.10.jar:/home/user/.m2/repository/com/jolbox/bonecp/0.8.0.RELEASE/bonecp-0.8.0.RELEASE.jar:/home/user/.m2/repository/org/xerial/sqlite-jdbc/3.25.2/sqlite-jdbc-3.25.2.jar:/home/user/.m2/repository/org/springframework/spring-jdbc/5.1.3.RELEASE/spring-jdbc-5.1.3.RELEASE.jar:/home/user/.m2/repository/org/springframework/spring-beans/5.1.3.RELEASE/spring-beans-5.1.3.RELEASE.jar:/home/user/.m2/repository/org/springframework/spring-core/5.1.3.RELEASE/spring-core-5.1.3.RELEASE.jar:/home/user/.m2/repository/org/springframework/spring-jcl/5.1.3.RELEASE/spring-jcl-5.1.3.RELEASE.jar:/home/user/.m2/repository/org/springframework/spring-tx/5.1.3.RELEASE/spring-tx-5.1.3.RELEASE.jar:/home/user/.m2/repository/org/apache/hadoop/hadoop-ozone-client/0.5.0-SNAPSHOT/hadoop-ozone-client-0.5.0-SNAPSHOT.jar:/home/user/.m2/repository/commons-lang/commons-lang/2.6/commons-lang-2.6.jar:/home/user/.m2/repository/org/apache/hadoop/hadoop-ozone-ozone-manager/0.5.0-SNAPSHOT/hadoop-ozone-ozone-manager-0.5.0-SNAPSHOT-tests.jar:/home/user/.m2/repository/junit/junit/4.11/junit-4.11.jar:/home/user/.m2/repository/org/hamcrest/hamcrest-core/1.3/hamcrest-core-1.3.jar:/home/user/.m2/repository/org/openjdk/jmh/jmh-core/1.19/jmh-core-1.19.jar:/home/user/.m2/repository/net/sf/jopt-simple/jopt-simple/4.6/jopt-simple-4.6.jar:/home/user/.m2/repository/org/apache/commons/commons-math3/3.1.1/commons-math3-3.1.1.jar:/home/user/.m2/repository/org/openjdk/jmh/jmh-generator-annprocess/1.19/jmh-generator-annprocess-1.19.jar:/home/user/.m2/repository/org/mockito/mockito-all/1.8.5/mockito-all-1.8.5.jar:/home/user/.m2/repository/org/apache/hadoop/hadoop-kms/3.2.0/hadoop-kms-3.2.0.jar:/home/user/.m2/repository/org/apache/hadoop/hadoop-auth/3.2.0/hadoop-auth-3.2.0.jar:/home/user/.m2/repository/com/nimbusds/nimbus-jose-jwt/4.41.1/nimbus-jose-jwt-4.41.1.jar:/home/user/.m2/repository/com/github/stephenc/jcip/jcip-annotations/1.0-1/jcip-annotations-1.0-1.jar:/home/user/.m2/repository/net/minidev/json-smart/2.3/json-smart-2.3.jar:/home/user/.m2/repository/net/minidev/accessors-smart/1.2/accessors-smart-1.2.jar:/home/user/.m2/repository/org/ow2/asm/asm/5.0.4/asm-5.0.4.jar:/home/user/.m2/repository/org/apache/curator/curator-framework/2.12.0/curator-framework-2.12.0.jar:/home/user/.m2/repository/com/sun/jersey/jersey-core/1.19/jersey-core-1.19.jar:/home/user/.m2/repository/javax/ws/rs/jsr311-api/1.1.1/jsr311-api-1.1.1.jar:/home/user/.m2/repository/com/sun/jersey/jersey-server/1.19/jersey-server-1.19.jar:/home/user/.m2/repository/javax/servlet/javax.servlet-api/3.1.0/javax.servlet-api-3.1.0.jar:/home/user/.m2/repository/org/eclipse/jetty/jetty-server/9.3.24.v20180605/jetty-server-9.3.24.v20180605.jar:/home/user/.m2/repository/org/eclipse/jetty/jetty-http/9.3.24.v20180605/jetty-http-9.3.24.v20180605.jar:/home/user/.m2/repository/org/eclipse/jetty/jetty-io/9.3.24.v20180605/jetty-io-9.3.24.v20180605.jar:/home/user/.m2/repository/org/eclipse/jetty/jetty-webapp/9.3.24.v20180605/jetty-webapp-9.3.24.v20180605.jar:/home/user/.m2/repository/org/eclipse/jetty/jetty-xml/9.3.24.v20180605/jetty-xml-9.3.24.v20180605.jar:/home/user/.m2/repository/log4j/log4j/1.2.17/log4j-1.2.17.jar:/home/user/.m2/repository/org/slf4j/slf4j-api/1.7.25/slf4j-api-1.7.25.jar:/home/user/.m2/repository/org/slf4j/jul-to-slf4j/1.7.25/jul-to-slf4j-1.7.25.jar:/home/user/.m2/repository/org/eclipse/jetty/jetty-util/9.3.24.v20180605/jetty-util-9.3.24.v20180605.jar:/home/user/.m2/repository/com/fasterxml/jackson/core/jackson-databind/2.9.5/jackson-databind-2.9.5.jar:/home/user/.m2/repository/org/apache/hadoop/hadoop-kms/3.2.0/hadoop-kms-3.2.0-tests.jar:/home/user/.m2/repository/org/apache/hadoop/hadoop-hdds-server-scm/0.5.0-SNAPSHOT/hadoop-hdds-server-scm-0.5.0-SNAPSHOT-tests.jar:/home/user/.m2/repository/org/apache/hadoop/hadoop-hdds-container-service/0.5.0-SNAPSHOT/hadoop-hdds-container-service-0.5.0-SNAPSHOT-tests.jar:/home/user/.m2/repository/org/yaml/snakeyaml/1.16/snakeyaml-1.16.jar:/home/user/.m2/repository/org/apache/hadoop/hadoop-common/3.2.0/hadoop-common-3.2.0-tests.jar:/home/user/.m2/repository/org/apache/hadoop/hadoop-annotations/3.2.0/hadoop-annotations-3.2.0.jar:/usr/lib/jvm/java-1.8-openjdk/jre/../lib/tools.jar:/home/user/.m2/repository/commons-cli/commons-cli/1.2/commons-cli-1.2.jar:/home/user/.m2/repository/org/apache/httpcomponents/httpclient/4.5.2/httpclient-4.5.2.jar:/home/user/.m2/repository/org/apache/httpcomponents/httpcore/4.4.4/httpcore-4.4.4.jar:/home/user/.m2/repository/commons-codec/commons-codec/1.11/commons-codec-1.11.jar:/home/user/.m2/repository/commons-net/commons-net/3.6/commons-net-3.6.jar:/home/user/.m2/repository/commons-collections/commons-collections/3.2.2/commons-collections-3.2.2.jar:/home/user/.m2/repository/org/eclipse/jetty/jetty-servlet/9.3.24.v20180605/jetty-servlet-9.3.24.v20180605.jar:/home/user/.m2/repository/org/eclipse/jetty/jetty-security/9.3.24.v20180605/jetty-security-9.3.24.v20180605.jar:/home/user/.m2/repository/javax/servlet/jsp/jsp-api/2.1/jsp-api-2.1.jar:/home/user/.m2/repository/com/sun/jersey/jersey-servlet/1.19/jersey-servlet-1.19.jar:/home/user/.m2/repository/com/sun/jersey/jersey-json/1.19/jersey-json-1.19.jar:/home/user/.m2/repository/org/codehaus/jettison/jettison/1.1/jettison-1.1.jar:/home/user/.m2/repository/org/codehaus/jackson/jackson-core-asl/1.9.13/jackson-core-asl-1.9.13.jar:/home/user/.m2/repository/org/codehaus/jackson/jackson-mapper-asl/1.9.13/jackson-mapper-asl-1.9.13.jar:/home/user/.m2/repository/org/codehaus/jackson/jackson-jaxrs/1.9.13/jackson-jaxrs-1.9.13.jar:/home/user/.m2/repository/org/codehaus/jackson/jackson-xc/1.9.13/jackson-xc-1.9.13.jar:/home/user/.m2/repository/commons-logging/commons-logging/1.1.3/commons-logging-1.1.3.jar:/home/user/.m2/repository/commons-beanutils/commons-beanutils/1.9.3/commons-beanutils-1.9.3.jar:/home/user/.m2/repository/org/apache/commons/commons-configuration2/2.1.1/commons-configuration2-2.1.1.jar:/home/user/.m2/repository/org/apache/commons/commons-lang3/3.7/commons-lang3-3.7.jar:/home/user/.m2/repository/org/apache/commons/commons-text/1.4/commons-text-1.4.jar:/home/user/.m2/repository/org/apache/avro/avro/1.7.7/avro-1.7.7.jar:/home/user/.m2/repository/com/thoughtworks/paranamer/paranamer/2.3/paranamer-2.3.jar:/home/user/.m2/repository/org/xerial/snappy/snappy-java/1.0.5/snappy-java-1.0.5.jar:/home/user/.m2/repository/com/google/re2j/re2j/1.1/re2j-1.1.jar:/home/user/.m2/repository/com/google/code/gson/gson/2.2.4/gson-2.2.4.jar:/home/user/.m2/repository/com/jcraft/jsch/0.1.54/jsch-0.1.54.jar:/home/user/.m2/repository/org/apache/curator/curator-client/2.12.0/curator-client-2.12.0.jar:/home/user/.m2/repository/org/apache/curator/curator-recipes/2.12.0/curator-recipes-2.12.0.jar:/home/user/.m2/repository/com/google/code/findbugs/jsr305/3.0.0/jsr305-3.0.0.jar:/home/user/.m2/repository/org/apache/htrace/htrace-core4/4.1.0-incubating/htrace-core4-4.1.0-incubating.jar:/home/user/.m2/repository/org/apache/zookeeper/zookeeper/3.4.13/zookeeper-3.4.13.jar:/home/user/.m2/repository/org/apache/yetus/audience-annotations/0.5.0/audience-annotations-0.5.0.jar:/home/user/.m2/repository/org/codehaus/woodstox/stax2-api/3.1.4/stax2-api-3.1.4.jar:/home/user/.m2/repository/com/fasterxml/woodstox/woodstox-core/5.0.3/woodstox-core-5.0.3.jar:/home/user/.m2/repository/dnsjava/dnsjava/2.1.7/dnsjava-2.1.7.jar:/home/user/.m2/repository/org/apache/hadoop/hadoop-hdfs/3.2.0/hadoop-hdfs-3.2.0-tests.jar:/home/user/.m2/repository/org/eclipse/jetty/jetty-util-ajax/9.3.24.v20180605/jetty-util-ajax-9.3.24.v20180605.jar:/home/user/.m2/repository/commons-daemon/commons-daemon/1.0.13/commons-daemon-1.0.13.jar:/home/user/.m2/repository/io/netty/netty/3.10.5.Final/netty-3.10.5.Final.jar:/home/user/.m2/repository/io/netty/netty-all/4.0.52.Final/netty-all-4.0.52.Final.jar:/home/user/.m2/repository/org/fusesource/leveldbjni/leveldbjni-all/1.8/leveldbjni-all-1.8.jar:"/>
    <property name="java.vm.vendor" value="IcedTea"/>
    <property name="sun.arch.data.model" value="64"/>
    <property name="test.build.dir" value="/workdir/hadoop-ozone/integration-test/target/test-dir"/>
    <property name="test.cache.data" value=""/>
    <property name="java.vendor.url" value="https://icedtea.classpath.org"/>
    <property name="user.timezone" value=""/>
    <property name="java.vm.specification.version" value="1.8"/>
    <property name="os.name" value="Linux"/>
    <property name="test.build.data" value="/workdir/hadoop-ozone/integration-test/target/test-dir"/>
    <property name="user.country" value="US"/>
    <property name="sun.java.launcher" value="SUN_STANDARD"/>
    <property name="sun.boot.library.path" value="/usr/lib/jvm/java-1.8-openjdk/jre/lib/amd64"/>
    <property name="sun.java.command" value="/workdir/hadoop-ozone/integration-test/target/surefire/surefirebooter7818373924759529169.jar /workdir/hadoop-ozone/integration-test/target/surefire 2019-09-16T15-39-33_530-jvmRun1 surefire779964795563875860tmp surefire_325133150277329740943tmp"/>
    <property name="test" value="!TestMiniChaosOzoneCluster"/>
    <property name="surefire.test.class.path" value="/workdir/hadoop-ozone/integration-test/target/test-classes:/workdir/hadoop-ozone/integration-test/target/classes:/home/user/.m2/repository/org/apache/hadoop/hadoop-ozone-common/0.5.0-SNAPSHOT/hadoop-ozone-common-0.5.0-SNAPSHOT.jar:/home/user/.m2/repository/org/apache/commons/commons-compress/1.4.1/commons-compress-1.4.1.jar:/home/user/.m2/repository/org/tukaani/xz/1.0/xz-1.0.jar:/home/user/.m2/repository/org/apache/hadoop/hadoop-common/3.2.0/hadoop-common-3.2.0.jar:/home/user/.m2/repository/org/apache/hadoop/hadoop-hdfs/3.2.0/hadoop-hdfs-3.2.0.jar:/home/user/.m2/repository/org/apache/hadoop/hadoop-hdfs-client/3.2.0/hadoop-hdfs-client-3.2.0.jar:/home/user/.m2/repository/com/fasterxml/jackson/core/jackson-annotations/2.9.5/jackson-annotations-2.9.5.jar:/home/user/.m2/repository/org/apache/hadoop/hadoop-hdds-common/0.5.0-SNAPSHOT/hadoop-hdds-common-0.5.0-SNAPSHOT.jar:/home/user/.m2/repository/javax/annotation/javax.annotation-api/1.2/javax.annotation-api-1.2.jar:/home/user/.m2/repository/org/apache/ratis/ratis-server/0.4.0-78e95b9-SNAPSHOT/ratis-server-0.4.0-78e95b9-SNAPSHOT.jar:/home/user/.m2/repository/org/apache/ratis/ratis-thirdparty-misc/0.2.0/ratis-thirdparty-misc-0.2.0.jar:/home/user/.m2/repository/org/apache/ratis/ratis-proto/0.4.0-78e95b9-SNAPSHOT/ratis-proto-0.4.0-78e95b9-SNAPSHOT.jar:/home/user/.m2/repository/org/apache/ratis/ratis-common/0.4.0-78e95b9-SNAPSHOT/ratis-common-0.4.0-78e95b9-SNAPSHOT.jar:/home/user/.m2/repository/org/apache/ratis/ratis-client/0.4.0-78e95b9-SNAPSHOT/ratis-client-0.4.0-78e95b9-SNAPSHOT.jar:/home/user/.m2/repository/org/apache/ratis/ratis-metrics/0.4.0-78e95b9-SNAPSHOT/ratis-metrics-0.4.0-78e95b9-SNAPSHOT.jar:/home/user/.m2/repository/com/github/joshelser/dropwizard-metrics-hadoop-metrics2-reporter/0.1.2/dropwizard-metrics-hadoop-metrics2-reporter-0.1.2.jar:/home/user/.m2/repository/io/dropwizard/metrics/metrics-jvm/3.2.5/metrics-jvm-3.2.5.jar:/home/user/.m2/repository/io/dropwizard/metrics/metrics-ganglia/3.2.5/metrics-ganglia-3.2.5.jar:/home/user/.m2/repository/info/ganglia/gmetric4j/gmetric4j/1.0.7/gmetric4j-1.0.7.jar:/home/user/.m2/repository/org/apache/ratis/ratis-netty/0.4.0-78e95b9-SNAPSHOT/ratis-netty-0.4.0-78e95b9-SNAPSHOT.jar:/home/user/.m2/repository/org/apache/ratis/ratis-grpc/0.4.0-78e95b9-SNAPSHOT/ratis-grpc-0.4.0-78e95b9-SNAPSHOT.jar:/home/user/.m2/repository/org/rocksdb/rocksdbjni/6.0.1/rocksdbjni-6.0.1.jar:/home/user/.m2/repository/org/apache/logging/log4j/log4j-api/2.11.0/log4j-api-2.11.0.jar:/home/user/.m2/repository/org/apache/logging/log4j/log4j-core/2.11.0/log4j-core-2.11.0.jar:/home/user/.m2/repository/com/lmax/disruptor/3.4.2/disruptor-3.4.2.jar:/home/user/.m2/repository/org/apache/commons/commons-pool2/2.6.0/commons-pool2-2.6.0.jar:/home/user/.m2/repository/org/bouncycastle/bcpkix-jdk15on/1.60/bcpkix-jdk15on-1.60.jar:/home/user/.m2/repository/commons-validator/commons-validator/1.6/commons-validator-1.6.jar:/home/user/.m2/repository/commons-digester/commons-digester/1.8.1/commons-digester-1.8.1.jar:/home/user/.m2/repository/io/jaegertracing/jaeger-client/0.33.1/jaeger-client-0.33.1.jar:/home/user/.m2/repository/io/jaegertracing/jaeger-thrift/0.33.1/jaeger-thrift-0.33.1.jar:/home/user/.m2/repository/org/apache/thrift/libthrift/0.11.0/libthrift-0.11.0.jar:/home/user/.m2/repository/com/squareup/okhttp3/okhttp/3.9.0/okhttp-3.9.0.jar:/home/user/.m2/repository/com/squareup/okio/okio/1.13.0/okio-1.13.0.jar:/home/user/.m2/repository/io/jaegertracing/jaeger-core/0.33.1/jaeger-core-0.33.1.jar:/home/user/.m2/repository/io/jaegertracing/jaeger-tracerresolver/0.33.1/jaeger-tracerresolver-0.33.1.jar:/home/user/.m2/repository/io/opentracing/contrib/opentracing-tracerresolver/0.1.5/opentracing-tracerresolver-0.1.5.jar:/home/user/.m2/repository/io/opentracing/opentracing-util/0.31.0/opentracing-util-0.31.0.jar:/home/user/.m2/repository/io/opentracing/opentracing-api/0.31.0/opentracing-api-0.31.0.jar:/home/user/.m2/repository/io/opentracing/opentracing-noop/0.31.0/opentracing-noop-0.31.0.jar:/home/user/.m2/repository/org/apache/hadoop/hadoop-hdds-server-framework/0.5.0-SNAPSHOT/hadoop-hdds-server-framework-0.5.0-SNAPSHOT.jar:/home/user/.m2/repository/org/apache/hadoop/hadoop-hdds-container-service/0.5.0-SNAPSHOT/hadoop-hdds-container-service-0.5.0-SNAPSHOT.jar:/home/user/.m2/repository/org/apache/hadoop/hadoop-hdds-client/0.5.0-SNAPSHOT/hadoop-hdds-client-0.5.0-SNAPSHOT.jar:/home/user/.m2/repository/org/apache/hadoop/hadoop-hdds-tools/0.5.0-SNAPSHOT/hadoop-hdds-tools-0.5.0-SNAPSHOT.jar:/home/user/.m2/repository/org/apache/hadoop/hadoop-hdds-server-scm/0.5.0-SNAPSHOT/hadoop-hdds-server-scm-0.5.0-SNAPSHOT.jar:/home/user/.m2/repository/org/apache/hadoop/hadoop-hdds-docs/0.5.0-SNAPSHOT/hadoop-hdds-docs-0.5.0-SNAPSHOT.jar:/home/user/.m2/repository/io/dropwizard/metrics/metrics-core/3.2.4/metrics-core-3.2.4.jar:/home/user/.m2/repository/org/hamcrest/hamcrest-all/1.3/hamcrest-all-1.3.jar:/home/user/.m2/repository/org/bouncycastle/bcprov-jdk15on/1.60/bcprov-jdk15on-1.60.jar:/home/user/.m2/repository/info/picocli/picocli/3.9.6/picocli-3.9.6.jar:/home/user/.m2/repository/com/google/protobuf/protobuf-java/2.5.0/protobuf-java-2.5.0.jar:/home/user/.m2/repository/com/google/guava/guava/11.0.2/guava-11.0.2.jar:/home/user/.m2/repository/org/apache/hadoop/hadoop-ozone-ozone-manager/0.5.0-SNAPSHOT/hadoop-ozone-ozone-manager-0.5.0-SNAPSHOT.jar:/home/user/.m2/repository/org/apache/hadoop/hadoop-minikdc/3.2.0/hadoop-minikdc-3.2.0.jar:/home/user/.m2/repository/commons-io/commons-io/2.5/commons-io-2.5.jar:/home/user/.m2/repository/org/apache/kerby/kerb-simplekdc/1.0.1/kerb-simplekdc-1.0.1.jar:/home/user/.m2/repository/org/apache/kerby/kerb-client/1.0.1/kerb-client-1.0.1.jar:/home/user/.m2/repository/org/apache/kerby/kerby-config/1.0.1/kerby-config-1.0.1.jar:/home/user/.m2/repository/org/apache/kerby/kerb-core/1.0.1/kerb-core-1.0.1.jar:/home/user/.m2/repository/org/apache/kerby/kerby-pkix/1.0.1/kerby-pkix-1.0.1.jar:/home/user/.m2/repository/org/apache/kerby/kerby-asn1/1.0.1/kerby-asn1-1.0.1.jar:/home/user/.m2/repository/org/apache/kerby/kerby-util/1.0.1/kerby-util-1.0.1.jar:/home/user/.m2/repository/org/apache/kerby/kerb-common/1.0.1/kerb-common-1.0.1.jar:/home/user/.m2/repository/org/apache/kerby/kerb-crypto/1.0.1/kerb-crypto-1.0.1.jar:/home/user/.m2/repository/org/apache/kerby/kerb-util/1.0.1/kerb-util-1.0.1.jar:/home/user/.m2/repository/org/apache/kerby/token-provider/1.0.1/token-provider-1.0.1.jar:/home/user/.m2/repository/org/apache/kerby/kerb-admin/1.0.1/kerb-admin-1.0.1.jar:/home/user/.m2/repository/org/apache/kerby/kerb-server/1.0.1/kerb-server-1.0.1.jar:/home/user/.m2/repository/org/apache/kerby/kerb-identity/1.0.1/kerb-identity-1.0.1.jar:/home/user/.m2/repository/org/apache/kerby/kerby-xdr/1.0.1/kerby-xdr-1.0.1.jar:/home/user/.m2/repository/org/slf4j/slf4j-log4j12/1.7.25/slf4j-log4j12-1.7.25.jar:/home/user/.m2/repository/org/apache/hadoop/hadoop-ozone-s3gateway/0.5.0-SNAPSHOT/hadoop-ozone-s3gateway-0.5.0-SNAPSHOT.jar:/home/user/.m2/repository/org/jboss/weld/servlet/weld-servlet/2.4.7.Final/weld-servlet-2.4.7.Final.jar:/home/user/.m2/repository/org/glassfish/jersey/containers/jersey-container-servlet-core/2.27/jersey-container-servlet-core-2.27.jar:/home/user/.m2/repository/org/glassfish/hk2/external/javax.inject/2.5.0-b42/javax.inject-2.5.0-b42.jar:/home/user/.m2/repository/org/glassfish/jersey/core/jersey-common/2.27/jersey-common-2.27.jar:/home/user/.m2/repository/org/glassfish/hk2/osgi-resource-locator/1.0.1/osgi-resource-locator-1.0.1.jar:/home/user/.m2/repository/javax/ws/rs/javax.ws.rs-api/2.1/javax.ws.rs-api-2.1.jar:/home/user/.m2/repository/org/glassfish/jersey/ext/cdi/jersey-cdi1x/2.27/jersey-cdi1x-2.27.jar:/home/user/.m2/repository/org/glassfish/jersey/inject/jersey-hk2/2.27/jersey-hk2-2.27.jar:/home/user/.m2/repository/org/glassfish/hk2/hk2-locator/2.5.0-b42/hk2-locator-2.5.0-b42.jar:/home/user/.m2/repository/org/javassist/javassist/3.22.0-CR2/javassist-3.22.0-CR2.jar:/home/user/.m2/repository/org/glassfish/hk2/hk2-api/2.5.0/hk2-api-2.5.0.jar:/home/user/.m2/repository/org/glassfish/hk2/external/jakarta.inject/2.5.0/jakarta.inject-2.5.0.jar:/home/user/.m2/repository/org/glassfish/hk2/hk2-utils/2.5.0/hk2-utils-2.5.0.jar:/home/user/.m2/repository/jakarta/annotation/jakarta.annotation-api/1.3.4/jakarta.annotation-api-1.3.4.jar:/home/user/.m2/repository/org/glassfish/hk2/external/aopalliance-repackaged/2.5.0/aopalliance-repackaged-2.5.0.jar:/home/user/.m2/repository/com/fasterxml/jackson/dataformat/jackson-dataformat-xml/2.9.0/jackson-dataformat-xml-2.9.0.jar:/home/user/.m2/repository/com/fasterxml/jackson/core/jackson-core/2.9.5/jackson-core-2.9.5.jar:/home/user/.m2/repository/com/fasterxml/jackson/module/jackson-module-jaxb-annotations/2.9.5/jackson-module-jaxb-annotations-2.9.5.jar:/home/user/.m2/repository/javax/enterprise/cdi-api/1.2/cdi-api-1.2.jar:/home/user/.m2/repository/javax/el/javax.el-api/3.0.0/javax.el-api-3.0.0.jar:/home/user/.m2/repository/javax/interceptor/javax.interceptor-api/1.2/javax.interceptor-api-1.2.jar:/home/user/.m2/repository/javax/inject/javax.inject/1/javax.inject-1.jar:/home/user/.m2/repository/com/sun/xml/bind/jaxb-impl/2.3.0.1/jaxb-impl-2.3.0.1.jar:/home/user/.m2/repository/com/sun/xml/bind/jaxb-core/2.3.0.1/jaxb-core-2.3.0.1.jar:/home/user/.m2/repository/javax/xml/bind/jaxb-api/2.3.0/jaxb-api-2.3.0.jar:/home/user/.m2/repository/javax/activation/activation/1.1.1/activation-1.1.1.jar:/home/user/.m2/repository/org/apache/hadoop/hadoop-ozone-csi/0.5.0-SNAPSHOT/hadoop-ozone-csi-0.5.0-SNAPSHOT.jar:/home/user/.m2/repository/com/google/protobuf/protobuf-java-util/3.5.1/protobuf-java-util-3.5.1.jar:/home/user/.m2/repository/org/apache/hadoop/hadoop-hdds-config/0.5.0-SNAPSHOT/hadoop-hdds-config-0.5.0-SNAPSHOT.jar:/home/user/.m2/repository/io/grpc/grpc-netty/1.17.1/grpc-netty-1.17.1.jar:/home/user/.m2/repository/io/grpc/grpc-core/1.17.1/grpc-core-1.17.1.jar:/home/user/.m2/repository/io/grpc/grpc-context/1.17.1/grpc-context-1.17.1.jar:/home/user/.m2/repository/com/google/errorprone/error_prone_annotations/2.2.0/error_prone_annotations-2.2.0.jar:/home/user/.m2/repository/org/codehaus/mojo/animal-sniffer-annotations/1.17/animal-sniffer-annotations-1.17.jar:/home/user/.m2/repository/io/opencensus/opencensus-api/0.17.0/opencensus-api-0.17.0.jar:/home/user/.m2/repository/io/opencensus/opencensus-contrib-grpc-metrics/0.17.0/opencensus-contrib-grpc-metrics-0.17.0.jar:/home/user/.m2/repository/io/netty/netty-codec-http2/4.1.30.Final/netty-codec-http2-4.1.30.Final.jar:/home/user/.m2/repository/io/netty/netty-codec-http/4.1.30.Final/netty-codec-http-4.1.30.Final.jar:/home/user/.m2/repository/io/netty/netty-codec/4.1.30.Final/netty-codec-4.1.30.Final.jar:/home/user/.m2/repository/io/netty/netty-handler/4.1.30.Final/netty-handler-4.1.30.Final.jar:/home/user/.m2/repository/io/netty/netty-handler-proxy/4.1.30.Final/netty-handler-proxy-4.1.30.Final.jar:/home/user/.m2/repository/io/netty/netty-codec-socks/4.1.30.Final/netty-codec-socks-4.1.30.Final.jar:/home/user/.m2/repository/io/netty/netty-transport-native-epoll/4.1.30.Final/netty-transport-native-epoll-4.1.30.Final.jar:/home/user/.m2/repository/io/netty/netty-common/4.1.30.Final/netty-common-4.1.30.Final.jar:/home/user/.m2/repository/io/netty/netty-buffer/4.1.30.Final/netty-buffer-4.1.30.Final.jar:/home/user/.m2/repository/io/netty/netty-transport/4.1.30.Final/netty-transport-4.1.30.Final.jar:/home/user/.m2/repository/io/netty/netty-resolver/4.1.30.Final/netty-resolver-4.1.30.Final.jar:/home/user/.m2/repository/io/netty/netty-transport-native-unix-common/4.1.30.Final/netty-transport-native-unix-common-4.1.30.Final.jar:/home/user/.m2/repository/io/grpc/grpc-protobuf/1.17.1/grpc-protobuf-1.17.1.jar:/home/user/.m2/repository/com/google/api/grpc/proto-google-common-protos/1.0.0/proto-google-common-protos-1.0.0.jar:/home/user/.m2/repository/io/grpc/grpc-protobuf-lite/1.17.1/grpc-protobuf-lite-1.17.1.jar:/home/user/.m2/repository/io/grpc/grpc-stub/1.17.1/grpc-stub-1.17.1.jar:/home/user/.m2/repository/org/apache/hadoop/hadoop-ozone-recon/0.5.0-SNAPSHOT/hadoop-ozone-recon-0.5.0-SNAPSHOT.jar:/home/user/.m2/repository/org/apache/hadoop/hadoop-ozone-reconcodegen/0.5.0-SNAPSHOT/hadoop-ozone-reconcodegen-0.5.0-SNAPSHOT.jar:/home/user/.m2/repository/com/google/inject/extensions/guice-multibindings/4.0/guice-multibindings-4.0.jar:/home/user/.m2/repository/com/google/inject/guice/4.0/guice-4.0.jar:/home/user/.m2/repository/aopalliance/aopalliance/1.0/aopalliance-1.0.jar:/home/user/.m2/repository/com/google/inject/extensions/guice-servlet/4.0/guice-servlet-4.0.jar:/home/user/.m2/repository/org/glassfish/jersey/containers/jersey-container-servlet/2.27/jersey-container-servlet-2.27.jar:/home/user/.m2/repository/org/glassfish/hk2/guice-bridge/2.5.0/guice-bridge-2.5.0.jar:/home/user/.m2/repository/org/glassfish/jersey/core/jersey-server/2.27/jersey-server-2.27.jar:/home/user/.m2/repository/org/glassfish/jersey/core/jersey-client/2.27/jersey-client-2.27.jar:/home/user/.m2/repository/org/glassfish/jersey/media/jersey-media-jaxb/2.27/jersey-media-jaxb-2.27.jar:/home/user/.m2/repository/javax/validation/validation-api/1.1.0.Final/validation-api-1.1.0.Final.jar:/home/user/.m2/repository/org/glassfish/jersey/media/jersey-media-json-jackson/2.27/jersey-media-json-jackson-2.27.jar:/home/user/.m2/repository/org/glassfish/jersey/ext/jersey-entity-filtering/2.27/jersey-entity-filtering-2.27.jar:/home/user/.m2/repository/com/google/inject/extensions/guice-assistedinject/4.0/guice-assistedinject-4.0.jar:/home/user/.m2/repository/org/jooq/jooq/3.11.10/jooq-3.11.10.jar:/home/user/.m2/repository/org/jooq/jooq-meta/3.11.10/jooq-meta-3.11.10.jar:/home/user/.m2/repository/org/jooq/jooq-codegen/3.11.10/jooq-codegen-3.11.10.jar:/home/user/.m2/repository/com/jolbox/bonecp/0.8.0.RELEASE/bonecp-0.8.0.RELEASE.jar:/home/user/.m2/repository/org/xerial/sqlite-jdbc/3.25.2/sqlite-jdbc-3.25.2.jar:/home/user/.m2/repository/org/springframework/spring-jdbc/5.1.3.RELEASE/spring-jdbc-5.1.3.RELEASE.jar:/home/user/.m2/repository/org/springframework/spring-beans/5.1.3.RELEASE/spring-beans-5.1.3.RELEASE.jar:/home/user/.m2/repository/org/springframework/spring-core/5.1.3.RELEASE/spring-core-5.1.3.RELEASE.jar:/home/user/.m2/repository/org/springframework/spring-jcl/5.1.3.RELEASE/spring-jcl-5.1.3.RELEASE.jar:/home/user/.m2/repository/org/springframework/spring-tx/5.1.3.RELEASE/spring-tx-5.1.3.RELEASE.jar:/home/user/.m2/repository/org/apache/hadoop/hadoop-ozone-client/0.5.0-SNAPSHOT/hadoop-ozone-client-0.5.0-SNAPSHOT.jar:/home/user/.m2/repository/commons-lang/commons-lang/2.6/commons-lang-2.6.jar:/home/user/.m2/repository/org/apache/hadoop/hadoop-ozone-ozone-manager/0.5.0-SNAPSHOT/hadoop-ozone-ozone-manager-0.5.0-SNAPSHOT-tests.jar:/home/user/.m2/repository/junit/junit/4.11/junit-4.11.jar:/home/user/.m2/repository/org/hamcrest/hamcrest-core/1.3/hamcrest-core-1.3.jar:/home/user/.m2/repository/org/openjdk/jmh/jmh-core/1.19/jmh-core-1.19.jar:/home/user/.m2/repository/net/sf/jopt-simple/jopt-simple/4.6/jopt-simple-4.6.jar:/home/user/.m2/repository/org/apache/commons/commons-math3/3.1.1/commons-math3-3.1.1.jar:/home/user/.m2/repository/org/openjdk/jmh/jmh-generator-annprocess/1.19/jmh-generator-annprocess-1.19.jar:/home/user/.m2/repository/org/mockito/mockito-all/1.8.5/mockito-all-1.8.5.jar:/home/user/.m2/repository/org/apache/hadoop/hadoop-kms/3.2.0/hadoop-kms-3.2.0.jar:/home/user/.m2/repository/org/apache/hadoop/hadoop-auth/3.2.0/hadoop-auth-3.2.0.jar:/home/user/.m2/repository/com/nimbusds/nimbus-jose-jwt/4.41.1/nimbus-jose-jwt-4.41.1.jar:/home/user/.m2/repository/com/github/stephenc/jcip/jcip-annotations/1.0-1/jcip-annotations-1.0-1.jar:/home/user/.m2/repository/net/minidev/json-smart/2.3/json-smart-2.3.jar:/home/user/.m2/repository/net/minidev/accessors-smart/1.2/accessors-smart-1.2.jar:/home/user/.m2/repository/org/ow2/asm/asm/5.0.4/asm-5.0.4.jar:/home/user/.m2/repository/org/apache/curator/curator-framework/2.12.0/curator-framework-2.12.0.jar:/home/user/.m2/repository/com/sun/jersey/jersey-core/1.19/jersey-core-1.19.jar:/home/user/.m2/repository/javax/ws/rs/jsr311-api/1.1.1/jsr311-api-1.1.1.jar:/home/user/.m2/repository/com/sun/jersey/jersey-server/1.19/jersey-server-1.19.jar:/home/user/.m2/repository/javax/servlet/javax.servlet-api/3.1.0/javax.servlet-api-3.1.0.jar:/home/user/.m2/repository/org/eclipse/jetty/jetty-server/9.3.24.v20180605/jetty-server-9.3.24.v20180605.jar:/home/user/.m2/repository/org/eclipse/jetty/jetty-http/9.3.24.v20180605/jetty-http-9.3.24.v20180605.jar:/home/user/.m2/repository/org/eclipse/jetty/jetty-io/9.3.24.v20180605/jetty-io-9.3.24.v20180605.jar:/home/user/.m2/repository/org/eclipse/jetty/jetty-webapp/9.3.24.v20180605/jetty-webapp-9.3.24.v20180605.jar:/home/user/.m2/repository/org/eclipse/jetty/jetty-xml/9.3.24.v20180605/jetty-xml-9.3.24.v20180605.jar:/home/user/.m2/repository/log4j/log4j/1.2.17/log4j-1.2.17.jar:/home/user/.m2/repository/org/slf4j/slf4j-api/1.7.25/slf4j-api-1.7.25.jar:/home/user/.m2/repository/org/slf4j/jul-to-slf4j/1.7.25/jul-to-slf4j-1.7.25.jar:/home/user/.m2/repository/org/eclipse/jetty/jetty-util/9.3.24.v20180605/jetty-util-9.3.24.v20180605.jar:/home/user/.m2/repository/com/fasterxml/jackson/core/jackson-databind/2.9.5/jackson-databind-2.9.5.jar:/home/user/.m2/repository/org/apache/hadoop/hadoop-kms/3.2.0/hadoop-kms-3.2.0-tests.jar:/home/user/.m2/repository/org/apache/hadoop/hadoop-hdds-server-scm/0.5.0-SNAPSHOT/hadoop-hdds-server-scm-0.5.0-SNAPSHOT-tests.jar:/home/user/.m2/repository/org/apache/hadoop/hadoop-hdds-container-service/0.5.0-SNAPSHOT/hadoop-hdds-container-service-0.5.0-SNAPSHOT-tests.jar:/home/user/.m2/repository/org/yaml/snakeyaml/1.16/snakeyaml-1.16.jar:/home/user/.m2/repository/org/apache/hadoop/hadoop-common/3.2.0/hadoop-common-3.2.0-tests.jar:/home/user/.m2/repository/org/apache/hadoop/hadoop-annotations/3.2.0/hadoop-annotations-3.2.0.jar:/usr/lib/jvm/java-1.8-openjdk/jre/../lib/tools.jar:/home/user/.m2/repository/commons-cli/commons-cli/1.2/commons-cli-1.2.jar:/home/user/.m2/repository/org/apache/httpcomponents/httpclient/4.5.2/httpclient-4.5.2.jar:/home/user/.m2/repository/org/apache/httpcomponents/httpcore/4.4.4/httpcore-4.4.4.jar:/home/user/.m2/repository/commons-codec/commons-codec/1.11/commons-codec-1.11.jar:/home/user/.m2/repository/commons-net/commons-net/3.6/commons-net-3.6.jar:/home/user/.m2/repository/commons-collections/commons-collections/3.2.2/commons-collections-3.2.2.jar:/home/user/.m2/repository/org/eclipse/jetty/jetty-servlet/9.3.24.v20180605/jetty-servlet-9.3.24.v20180605.jar:/home/user/.m2/repository/org/eclipse/jetty/jetty-security/9.3.24.v20180605/jetty-security-9.3.24.v20180605.jar:/home/user/.m2/repository/javax/servlet/jsp/jsp-api/2.1/jsp-api-2.1.jar:/home/user/.m2/repository/com/sun/jersey/jersey-servlet/1.19/jersey-servlet-1.19.jar:/home/user/.m2/repository/com/sun/jersey/jersey-json/1.19/jersey-json-1.19.jar:/home/user/.m2/repository/org/codehaus/jettison/jettison/1.1/jettison-1.1.jar:/home/user/.m2/repository/org/codehaus/jackson/jackson-core-asl/1.9.13/jackson-core-asl-1.9.13.jar:/home/user/.m2/repository/org/codehaus/jackson/jackson-mapper-asl/1.9.13/jackson-mapper-asl-1.9.13.jar:/home/user/.m2/repository/org/codehaus/jackson/jackson-jaxrs/1.9.13/jackson-jaxrs-1.9.13.jar:/home/user/.m2/repository/org/codehaus/jackson/jackson-xc/1.9.13/jackson-xc-1.9.13.jar:/home/user/.m2/repository/commons-logging/commons-logging/1.1.3/commons-logging-1.1.3.jar:/home/user/.m2/repository/commons-beanutils/commons-beanutils/1.9.3/commons-beanutils-1.9.3.jar:/home/user/.m2/repository/org/apache/commons/commons-configuration2/2.1.1/commons-configuration2-2.1.1.jar:/home/user/.m2/repository/org/apache/commons/commons-lang3/3.7/commons-lang3-3.7.jar:/home/user/.m2/repository/org/apache/commons/commons-text/1.4/commons-text-1.4.jar:/home/user/.m2/repository/org/apache/avro/avro/1.7.7/avro-1.7.7.jar:/home/user/.m2/repository/com/thoughtworks/paranamer/paranamer/2.3/paranamer-2.3.jar:/home/user/.m2/repository/org/xerial/snappy/snappy-java/1.0.5/snappy-java-1.0.5.jar:/home/user/.m2/repository/com/google/re2j/re2j/1.1/re2j-1.1.jar:/home/user/.m2/repository/com/google/code/gson/gson/2.2.4/gson-2.2.4.jar:/home/user/.m2/repository/com/jcraft/jsch/0.1.54/jsch-0.1.54.jar:/home/user/.m2/repository/org/apache/curator/curator-client/2.12.0/curator-client-2.12.0.jar:/home/user/.m2/repository/org/apache/curator/curator-recipes/2.12.0/curator-recipes-2.12.0.jar:/home/user/.m2/repository/com/google/code/findbugs/jsr305/3.0.0/jsr305-3.0.0.jar:/home/user/.m2/repository/org/apache/htrace/htrace-core4/4.1.0-incubating/htrace-core4-4.1.0-incubating.jar:/home/user/.m2/repository/org/apache/zookeeper/zookeeper/3.4.13/zookeeper-3.4.13.jar:/home/user/.m2/repository/org/apache/yetus/audience-annotations/0.5.0/audience-annotations-0.5.0.jar:/home/user/.m2/repository/org/codehaus/woodstox/stax2-api/3.1.4/stax2-api-3.1.4.jar:/home/user/.m2/repository/com/fasterxml/woodstox/woodstox-core/5.0.3/woodstox-core-5.0.3.jar:/home/user/.m2/repository/dnsjava/dnsjava/2.1.7/dnsjava-2.1.7.jar:/home/user/.m2/repository/org/apache/hadoop/hadoop-hdfs/3.2.0/hadoop-hdfs-3.2.0-tests.jar:/home/user/.m2/repository/org/eclipse/jetty/jetty-util-ajax/9.3.24.v20180605/jetty-util-ajax-9.3.24.v20180605.jar:/home/user/.m2/repository/commons-daemon/commons-daemon/1.0.13/commons-daemon-1.0.13.jar:/home/user/.m2/repository/io/netty/netty/3.10.5.Final/netty-3.10.5.Final.jar:/home/user/.m2/repository/io/netty/netty-all/4.0.52.Final/netty-all-4.0.52.Final.jar:/home/user/.m2/repository/org/fusesource/leveldbjni/leveldbjni-all/1.8/leveldbjni-all-1.8.jar:"/>
    <property name="sun.cpu.endian" value="little"/>
    <property name="user.home" value="/home/user"/>
    <property name="user.language" value="en"/>
    <property name="java.specification.vendor" value="Oracle Corporation"/>
    <property name="java.home" value="/usr/lib/jvm/java-1.8-openjdk/jre"/>
    <property name="java.security.krb5.conf" value="/workdir/hadoop-ozone/integration-test/target/test-classes/krb5.conf"/>
    <property name="basedir" value="/workdir/hadoop-ozone/integration-test"/>
    <property name="file.separator" value="/"/>
    <property name="line.separator" value="&#10;"/>
    <property name="java.vm.specification.vendor" value="Oracle Corporation"/>
    <property name="java.specification.name" value="Java Platform API Specification"/>
    <property name="java.awt.graphicsenv" value="sun.awt.X11GraphicsEnvironment"/>
    <property name="surefire.real.class.path" value="/workdir/hadoop-ozone/integration-test/target/surefire/surefirebooter7818373924759529169.jar"/>
    <property name="hadoop.log.dir" value="/workdir/hadoop-ozone/integration-test/target/log"/>
    <property name="sun.boot.class.path" value="/usr/lib/jvm/java-1.8-openjdk/jre/lib/resources.jar:/usr/lib/jvm/java-1.8-openjdk/jre/lib/rt.jar:/usr/lib/jvm/java-1.8-openjdk/jre/lib/sunrsasign.jar:/usr/lib/jvm/java-1.8-openjdk/jre/lib/jsse.jar:/usr/lib/jvm/java-1.8-openjdk/jre/lib/jce.jar:/usr/lib/jvm/java-1.8-openjdk/jre/lib/charsets.jar:/usr/lib/jvm/java-1.8-openjdk/jre/lib/jfr.jar:/usr/lib/jvm/java-1.8-openjdk/jre/classes"/>
    <property name="sun.management.compiler" value="HotSpot 64-Bit Tiered Compilers"/>
    <property name="java.runtime.version" value="1.8.0_212-b04"/>
    <property name="java.net.preferIPv4Stack" value="true"/>
    <property name="user.name" value="jenkins1000"/>
    <property name="path.separator" value=":"/>
    <property name="java.security.egd" value="file:///dev/urandom"/>
    <property name="os.version" value="3.10.0-957.12.2.el7.x86_64"/>
    <property name="java.endorsed.dirs" value="/usr/lib/jvm/java-1.8-openjdk/jre/lib/endorsed"/>
    <property name="java.runtime.name" value="OpenJDK Runtime Environment"/>
    <property name="file.encoding" value="UTF-8"/>
    <property name="java.vm.name" value="OpenJDK 64-Bit Server VM"/>
    <property name="test.build.webapps" value=""/>
    <property name="localRepository" value="/home/user/.m2/repository"/>
    <property name="java.vendor.url.bug" value="https://icedtea.classpath.org/bugzilla"/>
    <property name="java.io.tmpdir" value="/tmp"/>
    <property name="require.test.libhadoop" value=""/>
    <property name="java.version" value="1.8.0_212"/>
    <property name="user.dir" value="/workdir/hadoop-ozone/integration-test"/>
    <property name="os.arch" value="amd64"/>
    <property name="java.vm.specification.name" value="Java Virtual Machine Specification"/>
    <property name="test.build.classes" value="/workdir/hadoop-ozone/integration-test/target/test-classes"/>
    <property name="java.awt.printerjob" value="sun.print.PSPrinterJob"/>
    <property name="sun.os.patch.level" value="unknown"/>
    <property name="hadoop.tmp.dir" value="/workdir/hadoop-ozone/integration-test/target/tmp"/>
    <property name="java.library.path" value="/usr/lib/jvm/java-1.8-openjdk/jre/lib/amd64/server:/usr/lib/jvm/java-1.8-openjdk/jre/lib/amd64:/usr/lib/jvm/java-1.8-openjdk/jre/../lib/amd64:/workdir/hadoop-ozone/integration-test/target/native/target/usr/local/lib:/workdir/hadoop-ozone/integration-test/../../hadoop-common-project/hadoop-common/target/native/target/usr/local/lib:/usr/java/packages/lib/amd64:/usr/lib64:/lib64:/lib:/usr/lib"/>
    <property name="java.vm.info" value="mixed mode"/>
    <property name="java.vendor" value="IcedTea"/>
    <property name="java.vm.version" value="25.212-b04"/>
    <property name="java.ext.dirs" value="/usr/lib/jvm/java-1.8-openjdk/jre/lib/ext:/usr/java/packages/lib/ext"/>
    <property name="sun.io.unicode.encoding" value="UnicodeLittle"/>
    <property name="java.class.version" value="52.0"/>
  </properties>
  <testcase name="testMultiBlockWritesWithIntermittentDnFailures" classname="org.apache.hadoop.ozone.client.rpc.TestMultiBlockWritesWithDnFailures" time="103.39">
    <error message="Allocated 0 blocks. Requested 1 blocks" type="INTERNAL_ERROR org.apache.hadoop.ozone.om.exceptions.OMException">INTERNAL_ERROR org.apache.hadoop.ozone.om.exceptions.OMException: Allocated 0 blocks. Requested 1 blocks
	at org.apache.hadoop.ozone.om.protocolPB.OzoneManagerProtocolClientSideTranslatorPB.handleError(OzoneManagerProtocolClientSideTranslatorPB.java:726)
	at org.apache.hadoop.ozone.om.protocolPB.OzoneManagerProtocolClientSideTranslatorPB.allocateBlock(OzoneManagerProtocolClientSideTranslatorPB.java:758)
	at sun.reflect.NativeMethodAccessorImpl.invoke0(Native Method)
	at sun.reflect.NativeMethodAccessorImpl.invoke(NativeMethodAccessorImpl.java:62)
	at sun.reflect.DelegatingMethodAccessorImpl.invoke(DelegatingMethodAccessorImpl.java:43)
	at java.lang.reflect.Method.invoke(Method.java:498)
	at org.apache.hadoop.hdds.tracing.TraceAllMethod.invoke(TraceAllMethod.java:66)
	at com.sun.proxy.$Proxy36.allocateBlock(Unknown Source)
	at org.apache.hadoop.ozone.client.io.BlockOutputStreamEntryPool.allocateNewBlock(BlockOutputStreamEntryPool.java:248)
	at org.apache.hadoop.ozone.client.io.BlockOutputStreamEntryPool.allocateBlockIfNeeded(BlockOutputStreamEntryPool.java:296)
	at org.apache.hadoop.ozone.client.io.KeyOutputStream.handleWrite(KeyOutputStream.java:201)
	at org.apache.hadoop.ozone.client.io.KeyOutputStream.handleRetry(KeyOutputStream.java:376)
	at org.apache.hadoop.ozone.client.io.KeyOutputStream.handleException(KeyOutputStream.java:325)
	at org.apache.hadoop.ozone.client.io.KeyOutputStream.handleWrite(KeyOutputStream.java:231)
	at org.apache.hadoop.ozone.client.io.KeyOutputStream.write(KeyOutputStream.java:193)
	at org.apache.hadoop.ozone.client.io.OzoneOutputStream.write(OzoneOutputStream.java:49)
	at java.io.OutputStream.write(OutputStream.java:75)
	at org.apache.hadoop.ozone.client.rpc.TestMultiBlockWritesWithDnFailures.testMultiBlockWritesWithIntermittentDnFailures(TestMultiBlockWritesWithDnFailures.java:192)
	at sun.reflect.NativeMethodAccessorImpl.invoke0(Native Method)
	at sun.reflect.NativeMethodAccessorImpl.invoke(NativeMethodAccessorImpl.java:62)
	at sun.reflect.DelegatingMethodAccessorImpl.invoke(DelegatingMethodAccessorImpl.java:43)
	at java.lang.reflect.Method.invoke(Method.java:498)
	at org.junit.runners.model.FrameworkMethod$1.runReflectiveCall(FrameworkMethod.java:47)
	at org.junit.internal.runners.model.ReflectiveCallable.run(ReflectiveCallable.java:12)
	at org.junit.runners.model.FrameworkMethod.invokeExplosively(FrameworkMethod.java:44)
	at org.junit.internal.runners.statements.InvokeMethod.evaluate(InvokeMethod.java:17)
	at org.junit.internal.runners.statements.RunAfters.evaluate(RunAfters.java:27)
	at org.junit.runners.ParentRunner.runLeaf(ParentRunner.java:271)
	at org.junit.runners.BlockJUnit4ClassRunner.runChild(BlockJUnit4ClassRunner.java:70)
	at org.junit.runners.BlockJUnit4ClassRunner.runChild(BlockJUnit4ClassRunner.java:50)
	at org.junit.runners.ParentRunner$3.run(ParentRunner.java:238)
	at org.junit.runners.ParentRunner$1.schedule(ParentRunner.java:63)
	at org.junit.runners.ParentRunner.runChildren(ParentRunner.java:236)
	at org.junit.runners.ParentRunner.access$000(ParentRunner.java:53)
	at org.junit.runners.ParentRunner$2.evaluate(ParentRunner.java:229)
	at org.junit.runners.ParentRunner.run(ParentRunner.java:309)
	at org.apache.maven.surefire.junit4.JUnit4Provider.execute(JUnit4Provider.java:365)
	at org.apache.maven.surefire.junit4.JUnit4Provider.executeWithRerun(JUnit4Provider.java:273)
	at org.apache.maven.surefire.junit4.JUnit4Provider.executeTestSet(JUnit4Provider.java:238)
	at org.apache.maven.surefire.junit4.JUnit4Provider.invoke(JUnit4Provider.java:159)
	at org.apache.maven.surefire.booter.ForkedBooter.invokeProviderInSameClassLoader(ForkedBooter.java:384)
	at org.apache.maven.surefire.booter.ForkedBooter.runSuitesInProcess(ForkedBooter.java:345)
	at org.apache.maven.surefire.booter.ForkedBooter.execute(ForkedBooter.java:126)
	at org.apache.maven.surefire.booter.ForkedBooter.main(ForkedBooter.java:418)
</error>
    <system-out><![CDATA[2019-09-16 16:47:00,642 [main] WARN  server.ServerUtils (ServerUtils.java:getScmDbDir(145)) - ozone.scm.db.dirs is not configured. We recommend adding this setting. Falling back to ozone.metadata.dirs instead.
2019-09-16 16:47:00,839 [main] WARN  server.ServerUtils (ServerUtils.java:getScmDbDir(145)) - ozone.scm.db.dirs is not configured. We recommend adding this setting. Falling back to ozone.metadata.dirs instead.
2019-09-16 16:47:00,843 [main] WARN  server.ServerUtils (ServerUtils.java:getScmDbDir(145)) - ozone.scm.db.dirs is not configured. We recommend adding this setting. Falling back to ozone.metadata.dirs instead.
2019-09-16 16:47:00,864 [main] INFO  util.log (Log.java:initialized(192)) - Logging initialized @973ms
2019-09-16 16:47:00,969 [main] INFO  db.DBStoreBuilder (DBStoreBuilder.java:addTable(110)) - using custom profile for table: deletedBlocks
2019-09-16 16:47:00,970 [main] INFO  db.DBStoreBuilder (DBStoreBuilder.java:processTables(161)) - Using default column profile:DBProfile.DISK for Table:deletedBlocks
2019-09-16 16:47:00,970 [main] INFO  db.DBStoreBuilder (DBStoreBuilder.java:addTable(110)) - using custom profile for table: validCerts
2019-09-16 16:47:00,971 [main] INFO  db.DBStoreBuilder (DBStoreBuilder.java:processTables(161)) - Using default column profile:DBProfile.DISK for Table:validCerts
2019-09-16 16:47:00,971 [main] INFO  db.DBStoreBuilder (DBStoreBuilder.java:addTable(110)) - using custom profile for table: revokedCerts
2019-09-16 16:47:00,972 [main] INFO  db.DBStoreBuilder (DBStoreBuilder.java:processTables(161)) - Using default column profile:DBProfile.DISK for Table:revokedCerts
2019-09-16 16:47:00,985 [main] INFO  db.DBStoreBuilder (DBStoreBuilder.java:addTable(110)) - using custom profile for table: default
2019-09-16 16:47:00,985 [main] INFO  db.DBStoreBuilder (DBStoreBuilder.java:processTables(167)) - Using default column profile:DBProfile.DISK for Table:default
2019-09-16 16:47:00,987 [main] INFO  db.DBStoreBuilder (DBStoreBuilder.java:getDbProfile(198)) - Using default options. DBProfile.DISK
2019-09-16 16:47:01,600 [main] INFO  net.NodeSchemaLoader (NodeSchemaLoader.java:loadSchemaFromFile(125)) - Loading file from sun.misc.CompoundEnumeration@3270d194
2019-09-16 16:47:01,603 [main] INFO  net.NodeSchemaLoader (NodeSchemaLoader.java:loadSchema(171)) - Loading network topology layer schema file
2019-09-16 16:47:01,686 [main] INFO  node.SCMNodeManager (SCMNodeManager.java:<init>(114)) - Entering startup safe mode.
2019-09-16 16:47:01,784 [main] INFO  algorithms.ContainerPlacementPolicyFactory (ContainerPlacementPolicyFactory.java:getPolicy(57)) - Create container placement policy of type org.apache.hadoop.hdds.scm.container.placement.algorithms.SCMContainerPlacementRandom
2019-09-16 16:47:01,800 [main] WARN  server.ServerUtils (ServerUtils.java:getScmDbDir(145)) - ozone.scm.db.dirs is not configured. We recommend adding this setting. Falling back to ozone.metadata.dirs instead.
2019-09-16 16:47:01,928 [main] INFO  pipeline.SCMPipelineManager (SCMPipelineManager.java:initializePipelineState(128)) - No pipeline exists in current db
2019-09-16 16:47:01,932 [main] WARN  server.ServerUtils (ServerUtils.java:getScmDbDir(145)) - ozone.scm.db.dirs is not configured. We recommend adding this setting. Falling back to ozone.metadata.dirs instead.
2019-09-16 16:47:02,095 [main] WARN  events.EventQueue (EventQueue.java:fireEvent(183)) - No event handler registered for event TypedEvent{payloadType=SafeModeStatus, name='SafeModeStatus'}
2019-09-16 16:47:02,478 [main] INFO  ipc.CallQueueManager (CallQueueManager.java:<init>(84)) - Using callQueue: class java.util.concurrent.LinkedBlockingQueue, queueCapacity: 2000, scheduler: class org.apache.hadoop.ipc.DefaultRpcScheduler, ipcBackoff: false.
2019-09-16 16:47:02,508 [Socket Reader #1 for port 43634] INFO  ipc.Server (Server.java:run(1074)) - Starting Socket Reader #1 for port 43634
2019-09-16 16:47:02,673 [main] INFO  ipc.CallQueueManager (CallQueueManager.java:<init>(84)) - Using callQueue: class java.util.concurrent.LinkedBlockingQueue, queueCapacity: 2000, scheduler: class org.apache.hadoop.ipc.DefaultRpcScheduler, ipcBackoff: false.
2019-09-16 16:47:02,674 [Socket Reader #1 for port 41364] INFO  ipc.Server (Server.java:run(1074)) - Starting Socket Reader #1 for port 41364
2019-09-16 16:47:02,686 [main] INFO  ipc.CallQueueManager (CallQueueManager.java:<init>(84)) - Using callQueue: class java.util.concurrent.LinkedBlockingQueue, queueCapacity: 2000, scheduler: class org.apache.hadoop.ipc.DefaultRpcScheduler, ipcBackoff: false.
2019-09-16 16:47:02,686 [Socket Reader #1 for port 40931] INFO  ipc.Server (Server.java:run(1074)) - Starting Socket Reader #1 for port 40931
2019-09-16 16:47:02,713 [main] INFO  hdfs.DFSUtil (DFSUtil.java:httpServerTemplateForNNAndJN(1641)) - Starting Web-server for scm at: http://0.0.0.0:0
2019-09-16 16:47:02,852 [main] INFO  server.AuthenticationFilter (AuthenticationFilter.java:constructSecretProvider(240)) - Unable to initialize FileSignerSecretProvider, falling back to use random secrets.
2019-09-16 16:47:02,860 [main] WARN  http.HttpRequestLog (HttpRequestLog.java:getRequestLog(97)) - Jetty request log can only be enabled using Log4j
2019-09-16 16:47:02,869 [main] INFO  http.HttpServer2 (HttpServer2.java:addGlobalFilter(975)) - Added global filter 'safety' (class=org.apache.hadoop.http.HttpServer2$QuotingInputFilter)
2019-09-16 16:47:02,871 [main] INFO  http.HttpServer2 (HttpServer2.java:addFilter(948)) - Added filter static_user_filter (class=org.apache.hadoop.http.lib.StaticUserWebFilter$StaticUserFilter) to context scm
2019-09-16 16:47:02,872 [main] INFO  http.HttpServer2 (HttpServer2.java:addFilter(958)) - Added filter static_user_filter (class=org.apache.hadoop.http.lib.StaticUserWebFilter$StaticUserFilter) to context logs
2019-09-16 16:47:02,872 [main] INFO  http.HttpServer2 (HttpServer2.java:addFilter(958)) - Added filter static_user_filter (class=org.apache.hadoop.http.lib.StaticUserWebFilter$StaticUserFilter) to context static
2019-09-16 16:47:02,904 [main] INFO  server.StorageContainerManager (StorageContainerManager.java:start(763)) - StorageContainerLocationProtocol RPC server is listening at /0.0.0.0:40931
2019-09-16 16:47:02,967 [main] WARN  impl.MetricsConfig (MetricsConfig.java:loadFirst(134)) - Cannot locate configuration: tried hadoop-metrics2-storagecontainermanager.properties,hadoop-metrics2.properties
2019-09-16 16:47:02,979 [main] INFO  impl.MetricsSystemImpl (MetricsSystemImpl.java:startTimer(374)) - Scheduled Metric snapshot period at 10 second(s).
2019-09-16 16:47:02,979 [main] INFO  impl.MetricsSystemImpl (MetricsSystemImpl.java:start(191)) - StorageContainerManager metrics system started
2019-09-16 16:47:03,184 [main] INFO  server.SCMClientProtocolServer (SCMClientProtocolServer.java:start(151)) - RPC server for Client  is listening at /0.0.0.0:40931
2019-09-16 16:47:03,184 [IPC Server listener on 40931] INFO  ipc.Server (Server.java:run(1153)) - IPC Server listener on 40931: starting
2019-09-16 16:47:03,184 [IPC Server Responder] INFO  ipc.Server (Server.java:run(1314)) - IPC Server Responder: starting
2019-09-16 16:47:03,187 [main] INFO  server.StorageContainerManager (StorageContainerManager.java:start(773)) - ScmBlockLocationProtocol RPC server is listening at /0.0.0.0:41364
2019-09-16 16:47:03,188 [main] INFO  server.SCMBlockProtocolServer (SCMBlockProtocolServer.java:start(146)) - RPC server for Block Protocol is listening at /0.0.0.0:41364
2019-09-16 16:47:03,189 [IPC Server Responder] INFO  ipc.Server (Server.java:run(1314)) - IPC Server Responder: starting
2019-09-16 16:47:03,189 [IPC Server listener on 41364] INFO  ipc.Server (Server.java:run(1153)) - IPC Server listener on 41364: starting
2019-09-16 16:47:03,191 [main] INFO  server.StorageContainerManager (StorageContainerManager.java:start(777)) - ScmDatanodeProtocl RPC server is listening at /0.0.0.0:43634
2019-09-16 16:47:03,191 [main] INFO  server.SCMDatanodeProtocolServer (SCMDatanodeProtocolServer.java:start(191)) - RPC server for DataNodes is listening at /0.0.0.0:43634
2019-09-16 16:47:03,192 [IPC Server Responder] INFO  ipc.Server (Server.java:run(1314)) - IPC Server Responder: starting
2019-09-16 16:47:03,192 [IPC Server listener on 43634] INFO  ipc.Server (Server.java:run(1153)) - IPC Server listener on 43634: starting
2019-09-16 16:47:03,195 [main] INFO  http.HttpServer2 (HttpServer2.java:bindListener(1191)) - Jetty bound to port 35249
2019-09-16 16:47:03,197 [main] INFO  server.Server (Server.java:doStart(351)) - jetty-9.3.24.v20180605, build timestamp: 2018-06-05T17:11:56Z, git hash: 84205aa28f11a4f31f2a3b86d1bba2cc8ab69827
2019-09-16 16:47:03,229 [main] INFO  handler.ContextHandler (ContextHandler.java:doStart(781)) - Started o.e.j.s.ServletContextHandler@732f29af{/logs,file:///workdir/hadoop-ozone/integration-test/target/log,AVAILABLE}
2019-09-16 16:47:03,230 [main] INFO  handler.ContextHandler (ContextHandler.java:doStart(781)) - Started o.e.j.s.ServletContextHandler@6622fc65{/static,file:///workdir/hadoop-ozone/integration-test/target/test-classes/webapps/static,AVAILABLE}
2019-09-16 16:47:03,260 [main] INFO  handler.ContextHandler (ContextHandler.java:doStart(781)) - Started o.e.j.w.WebAppContext@7555b920{/,file:///workdir/hadoop-ozone/integration-test/target/test-classes/webapps/scm/,AVAILABLE}{/scm}
2019-09-16 16:47:03,266 [main] INFO  server.AbstractConnector (AbstractConnector.java:doStart(278)) - Started ServerConnector@6db66836{HTTP/1.1,[http/1.1]}{0.0.0.0:35249}
2019-09-16 16:47:03,266 [main] INFO  server.Server (Server.java:doStart(419)) - Started @3376ms
2019-09-16 16:47:03,268 [main] INFO  impl.MetricsSinkAdapter (MetricsSinkAdapter.java:start(204)) - Sink prometheus started
2019-09-16 16:47:03,269 [main] INFO  impl.MetricsSystemImpl (MetricsSystemImpl.java:registerSink(301)) - Registered sink prometheus
2019-09-16 16:47:03,270 [main] INFO  server.BaseHttpServer (BaseHttpServer.java:updateConnectorAddress(215)) - HTTP server of SCM is listening at http://0.0.0.0:35249
2019-09-16 16:47:03,275 [org.apache.hadoop.util.JvmPauseMonitor$Monitor@78461bc4] INFO  util.JvmPauseMonitor (JvmPauseMonitor.java:run(188)) - Starting JVM pause monitor
2019-09-16 16:47:03,277 [main] WARN  server.ServerUtils (ServerUtils.java:getDBPath(222)) - ozone.om.db.dirs is not configured. We recommend adding this setting. Falling back to ozone.metadata.dirs instead.
2019-09-16 16:47:03,377 [main] WARN  server.ServerUtils (ServerUtils.java:getDBPath(222)) - ozone.om.db.dirs is not configured. We recommend adding this setting. Falling back to ozone.metadata.dirs instead.
2019-09-16 16:47:03,378 [main] WARN  server.ServerUtils (ServerUtils.java:getDBPath(222)) - ozone.om.db.dirs is not configured. We recommend adding this setting. Falling back to ozone.metadata.dirs instead.
2019-09-16 16:47:03,379 [main] INFO  om.OzoneManager (OzoneManager.java:setOMNodeDetails(649)) - OM Service ID is not set. Setting it to the default ID: omServiceIdDefault
2019-09-16 16:47:03,379 [main] INFO  om.OzoneManager (OzoneManager.java:setOMNodeDetails(655)) - OM Node ID is not set. Setting it to the OmStorage's OmID: 51ac729f-dbc3-40bc-bc53-044e43b22ded
2019-09-16 16:47:03,380 [main] INFO  om.OzoneManager (OzoneManager.java:loadOMHAConfigs(606)) - Found matching OM address with OMServiceId: null, OMNodeId: null, RPC Address: localhost:0 and Ratis port: 9872
2019-09-16 16:47:04,056 [main] WARN  server.ServerUtils (ServerUtils.java:getDBPath(222)) - ozone.om.db.dirs is not configured. We recommend adding this setting. Falling back to ozone.metadata.dirs instead.
2019-09-16 16:47:04,062 [main] INFO  db.DBStoreBuilder (DBStoreBuilder.java:addTable(110)) - using custom profile for table: userTable
2019-09-16 16:47:04,062 [main] INFO  db.DBStoreBuilder (DBStoreBuilder.java:processTables(161)) - Using default column profile:DBProfile.DISK for Table:userTable
2019-09-16 16:47:04,063 [main] INFO  db.DBStoreBuilder (DBStoreBuilder.java:addTable(110)) - using custom profile for table: volumeTable
2019-09-16 16:47:04,063 [main] INFO  db.DBStoreBuilder (DBStoreBuilder.java:processTables(161)) - Using default column profile:DBProfile.DISK for Table:volumeTable
2019-09-16 16:47:04,063 [main] INFO  db.DBStoreBuilder (DBStoreBuilder.java:addTable(110)) - using custom profile for table: bucketTable
2019-09-16 16:47:04,063 [main] INFO  db.DBStoreBuilder (DBStoreBuilder.java:processTables(161)) - Using default column profile:DBProfile.DISK for Table:bucketTable
2019-09-16 16:47:04,064 [main] INFO  db.DBStoreBuilder (DBStoreBuilder.java:addTable(110)) - using custom profile for table: keyTable
2019-09-16 16:47:04,064 [main] INFO  db.DBStoreBuilder (DBStoreBuilder.java:processTables(161)) - Using default column profile:DBProfile.DISK for Table:keyTable
2019-09-16 16:47:04,064 [main] INFO  db.DBStoreBuilder (DBStoreBuilder.java:addTable(110)) - using custom profile for table: deletedTable
2019-09-16 16:47:04,064 [main] INFO  db.DBStoreBuilder (DBStoreBuilder.java:processTables(161)) - Using default column profile:DBProfile.DISK for Table:deletedTable
2019-09-16 16:47:04,065 [main] INFO  db.DBStoreBuilder (DBStoreBuilder.java:addTable(110)) - using custom profile for table: openKeyTable
2019-09-16 16:47:04,065 [main] INFO  db.DBStoreBuilder (DBStoreBuilder.java:processTables(161)) - Using default column profile:DBProfile.DISK for Table:openKeyTable
2019-09-16 16:47:04,065 [main] INFO  db.DBStoreBuilder (DBStoreBuilder.java:addTable(110)) - using custom profile for table: s3Table
2019-09-16 16:47:04,065 [main] INFO  db.DBStoreBuilder (DBStoreBuilder.java:processTables(161)) - Using default column profile:DBProfile.DISK for Table:s3Table
2019-09-16 16:47:04,065 [main] INFO  db.DBStoreBuilder (DBStoreBuilder.java:addTable(110)) - using custom profile for table: multipartInfoTable
2019-09-16 16:47:04,066 [main] INFO  db.DBStoreBuilder (DBStoreBuilder.java:processTables(161)) - Using default column profile:DBProfile.DISK for Table:multipartInfoTable
2019-09-16 16:47:04,066 [main] INFO  db.DBStoreBuilder (DBStoreBuilder.java:addTable(110)) - using custom profile for table: dTokenTable
2019-09-16 16:47:04,066 [main] INFO  db.DBStoreBuilder (DBStoreBuilder.java:processTables(161)) - Using default column profile:DBProfile.DISK for Table:dTokenTable
2019-09-16 16:47:04,066 [main] INFO  db.DBStoreBuilder (DBStoreBuilder.java:addTable(110)) - using custom profile for table: s3SecretTable
2019-09-16 16:47:04,067 [main] INFO  db.DBStoreBuilder (DBStoreBuilder.java:processTables(161)) - Using default column profile:DBProfile.DISK for Table:s3SecretTable
2019-09-16 16:47:04,067 [main] INFO  db.DBStoreBuilder (DBStoreBuilder.java:addTable(110)) - using custom profile for table: prefixTable
2019-09-16 16:47:04,067 [main] INFO  db.DBStoreBuilder (DBStoreBuilder.java:processTables(161)) - Using default column profile:DBProfile.DISK for Table:prefixTable
2019-09-16 16:47:04,067 [main] INFO  db.DBStoreBuilder (DBStoreBuilder.java:addTable(110)) - using custom profile for table: default
2019-09-16 16:47:04,067 [main] INFO  db.DBStoreBuilder (DBStoreBuilder.java:processTables(167)) - Using default column profile:DBProfile.DISK for Table:default
2019-09-16 16:47:04,068 [main] INFO  db.DBStoreBuilder (DBStoreBuilder.java:getDbProfile(198)) - Using default options. DBProfile.DISK
2019-09-16 16:47:04,774 [main] INFO  ipc.CallQueueManager (CallQueueManager.java:<init>(84)) - Using callQueue: class java.util.concurrent.LinkedBlockingQueue, queueCapacity: 2000, scheduler: class org.apache.hadoop.ipc.DefaultRpcScheduler, ipcBackoff: false.
2019-09-16 16:47:04,775 [Socket Reader #1 for port 43035] INFO  ipc.Server (Server.java:run(1074)) - Starting Socket Reader #1 for port 43035
2019-09-16 16:47:04,801 [main] INFO  om.OzoneManager (OzoneManager.java:start(1240)) - OzoneManager RPC server is listening at localhost/127.0.0.1:43035
2019-09-16 16:47:04,802 [main] INFO  impl.MetricsSystemImpl (MetricsSystemImpl.java:init(158)) - OzoneManager metrics system started (again)
2019-09-16 16:47:04,803 [IPC Server Responder] INFO  ipc.Server (Server.java:run(1314)) - IPC Server Responder: starting
2019-09-16 16:47:04,803 [IPC Server listener on 43035] INFO  ipc.Server (Server.java:run(1153)) - IPC Server listener on 43035: starting
2019-09-16 16:47:04,810 [main] INFO  hdfs.DFSUtil (DFSUtil.java:httpServerTemplateForNNAndJN(1641)) - Starting Web-server for ozoneManager at: http://0.0.0.0:0
2019-09-16 16:47:04,811 [main] INFO  server.AuthenticationFilter (AuthenticationFilter.java:constructSecretProvider(240)) - Unable to initialize FileSignerSecretProvider, falling back to use random secrets.
2019-09-16 16:47:04,812 [main] WARN  http.HttpRequestLog (HttpRequestLog.java:getRequestLog(97)) - Jetty request log can only be enabled using Log4j
2019-09-16 16:47:04,814 [main] INFO  http.HttpServer2 (HttpServer2.java:addGlobalFilter(975)) - Added global filter 'safety' (class=org.apache.hadoop.http.HttpServer2$QuotingInputFilter)
2019-09-16 16:47:04,815 [main] INFO  http.HttpServer2 (HttpServer2.java:addFilter(948)) - Added filter static_user_filter (class=org.apache.hadoop.http.lib.StaticUserWebFilter$StaticUserFilter) to context ozoneManager
2019-09-16 16:47:04,815 [main] INFO  http.HttpServer2 (HttpServer2.java:addFilter(958)) - Added filter static_user_filter (class=org.apache.hadoop.http.lib.StaticUserWebFilter$StaticUserFilter) to context logs
2019-09-16 16:47:04,816 [main] INFO  http.HttpServer2 (HttpServer2.java:addFilter(958)) - Added filter static_user_filter (class=org.apache.hadoop.http.lib.StaticUserWebFilter$StaticUserFilter) to context static
2019-09-16 16:47:04,818 [main] INFO  http.HttpServer2 (HttpServer2.java:bindListener(1191)) - Jetty bound to port 45868
2019-09-16 16:47:04,818 [main] INFO  server.Server (Server.java:doStart(351)) - jetty-9.3.24.v20180605, build timestamp: 2018-06-05T17:11:56Z, git hash: 84205aa28f11a4f31f2a3b86d1bba2cc8ab69827
2019-09-16 16:47:04,820 [main] INFO  handler.ContextHandler (ContextHandler.java:doStart(781)) - Started o.e.j.s.ServletContextHandler@25d3cfc8{/logs,file:///workdir/hadoop-ozone/integration-test/target/log,AVAILABLE}
2019-09-16 16:47:04,821 [main] INFO  handler.ContextHandler (ContextHandler.java:doStart(781)) - Started o.e.j.s.ServletContextHandler@2571066a{/static,file:///workdir/hadoop-ozone/integration-test/target/test-classes/webapps/static,AVAILABLE}
2019-09-16 16:47:04,825 [main] INFO  handler.ContextHandler (ContextHandler.java:doStart(781)) - Started o.e.j.w.WebAppContext@444548a0{/,file:///workdir/hadoop-ozone/integration-test/target/test-classes/webapps/ozoneManager/,AVAILABLE}{/ozoneManager}
2019-09-16 16:47:04,827 [main] INFO  server.AbstractConnector (AbstractConnector.java:doStart(278)) - Started ServerConnector@3766c667{HTTP/1.1,[http/1.1]}{0.0.0.0:45868}
2019-09-16 16:47:04,827 [main] INFO  server.Server (Server.java:doStart(419)) - Started @4937ms
2019-09-16 16:47:04,828 [main] WARN  impl.MetricsSystemImpl (MetricsSystemImpl.java:register(276)) - Sink prometheus already exists!
2019-09-16 16:47:04,829 [main] INFO  server.BaseHttpServer (BaseHttpServer.java:updateConnectorAddress(215)) - HTTP server of OZONEMANAGER is listening at http://0.0.0.0:45868
2019-09-16 16:47:05,131 [main] INFO  impl.MetricsSystemImpl (MetricsSystemImpl.java:init(158)) - HddsDatanode metrics system started (again)
2019-09-16 16:47:05,192 [main] INFO  ozone.HddsDatanodeService (HddsDatanodeService.java:start(184)) - HddsDatanodeService host:pr-hdds-2022-qxstf-1422721469 ip:192.168.5.184
2019-09-16 16:47:05,225 [main] INFO  volume.HddsVolume (HddsVolume.java:<init>(176)) - Creating Volume: /workdir/hadoop-ozone/integration-test/target/test-dir/MiniOzoneClusterImpl-2814d36b-6019-42fc-a66f-ece8bfc5d7d4/datanode-0/data/containers/hdds of  storage type : DISK and capacity : 1482555576320
2019-09-16 16:47:05,227 [main] INFO  volume.VolumeSet (VolumeSet.java:initializeVolumeSet(170)) - Added Volume : /workdir/hadoop-ozone/integration-test/target/test-dir/MiniOzoneClusterImpl-2814d36b-6019-42fc-a66f-ece8bfc5d7d4/datanode-0/data/containers/hdds to VolumeSet
2019-09-16 16:47:05,230 [main] INFO  volume.ThrottledAsyncChecker (ThrottledAsyncChecker.java:schedule(139)) - Scheduling a check for org.apache.hadoop.ozone.container.common.volume.HddsVolume@7e2f86e6
2019-09-16 16:47:05,248 [main] INFO  volume.HddsVolumeChecker (HddsVolumeChecker.java:checkAllVolumes(202)) - Scheduled health check for volume org.apache.hadoop.ozone.container.common.volume.HddsVolume@7e2f86e6
2019-09-16 16:47:05,375 [main] INFO  impl.RaftServerProxy (ConfUtils.java:logGet(43)) - raft.rpc.type = GRPC (default)
2019-09-16 16:47:05,448 [main] INFO  grpc.GrpcFactory (GrpcFactory.java:checkPooledByteBufAllocatorUseCacheForAllThreads(45)) - PERFORMANCE WARNING: useCacheForAllThreads is true that may cause Netty to create a lot garbage objects and, as a result, trigger GC.
	It is recommended to disable useCacheForAllThreads by setting -Dorg.apache.ratis.thirdparty.io.netty.allocator.useCacheForAllThreads=false in command line.
2019-09-16 16:47:05,453 [main] INFO  grpc.GrpcConfigKeys$Server (ConfUtils.java:logGet(43)) - raft.grpc.server.port = 0 (default)
2019-09-16 16:47:05,454 [main] INFO  server.GrpcService (ConfUtils.java:logGet(43)) - raft.grpc.message.size.max = 33570816 (custom)
2019-09-16 16:47:05,455 [main] INFO  server.RaftServerConfigKeys (ConfUtils.java:logGet(43)) - raft.server.log.appender.buffer.byte-limit = 33554432 (custom)
2019-09-16 16:47:05,456 [main] INFO  server.GrpcService (ConfUtils.java:logGet(43)) - raft.grpc.flow.control.window = 1MB (=1048576) (default)
2019-09-16 16:47:05,457 [main] INFO  server.RaftServerConfigKeys (ConfUtils.java:logGet(43)) - raft.server.rpc.request.timeout = 3000ms (default)
2019-09-16 16:47:05,614 [main] INFO  server.RaftServerConfigKeys (ConfUtils.java:logGet(43)) - raft.server.storage.dir = [/workdir/hadoop-ozone/integration-test/target/test-dir/MiniOzoneClusterImpl-2814d36b-6019-42fc-a66f-ece8bfc5d7d4/datanode-0/data/ratis] (custom)
2019-09-16 16:47:05,668 [main] INFO  hdfs.DFSUtil (DFSUtil.java:httpServerTemplateForNNAndJN(1641)) - Starting Web-server for hddsDatanode at: http://0.0.0.0:0
2019-09-16 16:47:05,671 [main] INFO  server.AuthenticationFilter (AuthenticationFilter.java:constructSecretProvider(240)) - Unable to initialize FileSignerSecretProvider, falling back to use random secrets.
2019-09-16 16:47:05,672 [main] WARN  http.HttpRequestLog (HttpRequestLog.java:getRequestLog(97)) - Jetty request log can only be enabled using Log4j
2019-09-16 16:47:05,675 [main] INFO  http.HttpServer2 (HttpServer2.java:addGlobalFilter(975)) - Added global filter 'safety' (class=org.apache.hadoop.http.HttpServer2$QuotingInputFilter)
2019-09-16 16:47:05,676 [main] INFO  http.HttpServer2 (HttpServer2.java:addFilter(948)) - Added filter static_user_filter (class=org.apache.hadoop.http.lib.StaticUserWebFilter$StaticUserFilter) to context hddsDatanode
2019-09-16 16:47:05,676 [main] INFO  http.HttpServer2 (HttpServer2.java:addFilter(958)) - Added filter static_user_filter (class=org.apache.hadoop.http.lib.StaticUserWebFilter$StaticUserFilter) to context logs
2019-09-16 16:47:05,677 [main] INFO  http.HttpServer2 (HttpServer2.java:addFilter(958)) - Added filter static_user_filter (class=org.apache.hadoop.http.lib.StaticUserWebFilter$StaticUserFilter) to context static
2019-09-16 16:47:05,679 [main] INFO  http.HttpServer2 (HttpServer2.java:bindListener(1191)) - Jetty bound to port 34800
2019-09-16 16:47:05,679 [main] INFO  server.Server (Server.java:doStart(351)) - jetty-9.3.24.v20180605, build timestamp: 2018-06-05T17:11:56Z, git hash: 84205aa28f11a4f31f2a3b86d1bba2cc8ab69827
2019-09-16 16:47:05,683 [main] INFO  handler.ContextHandler (ContextHandler.java:doStart(781)) - Started o.e.j.s.ServletContextHandler@5fa23c{/logs,file:///workdir/hadoop-ozone/integration-test/target/log,AVAILABLE}
2019-09-16 16:47:05,684 [main] INFO  handler.ContextHandler (ContextHandler.java:doStart(781)) - Started o.e.j.s.ServletContextHandler@433348bc{/static,jar:file:/home/user/.m2/repository/org/apache/hadoop/hadoop-hdds-container-service/0.5.0-SNAPSHOT/hadoop-hdds-container-service-0.5.0-SNAPSHOT.jar!/webapps/static,AVAILABLE}
2019-09-16 16:47:05,735 [main] INFO  handler.ContextHandler (ContextHandler.java:doStart(781)) - Started o.e.j.w.WebAppContext@3c5dbdf8{/,file:///tmp/jetty-0.0.0.0-34800-hddsDatanode-_-any-5370797924062314945.dir/webapp/,AVAILABLE}{/hddsDatanode}
2019-09-16 16:47:05,735 [main] INFO  server.AbstractConnector (AbstractConnector.java:doStart(278)) - Started ServerConnector@352c44a8{HTTP/1.1,[http/1.1]}{0.0.0.0:34800}
2019-09-16 16:47:05,737 [main] INFO  server.Server (Server.java:doStart(419)) - Started @5846ms
2019-09-16 16:47:05,738 [main] WARN  impl.MetricsSystemImpl (MetricsSystemImpl.java:register(276)) - Sink prometheus already exists!
2019-09-16 16:47:05,739 [main] INFO  server.BaseHttpServer (BaseHttpServer.java:updateConnectorAddress(215)) - HTTP server of HDDSDATANODE is listening at http://0.0.0.0:34800
2019-09-16 16:47:05,740 [main] INFO  impl.MetricsSystemImpl (MetricsSystemImpl.java:init(158)) - HddsDatanode metrics system started (again)
2019-09-16 16:47:05,744 [main] INFO  ozone.HddsDatanodeService (HddsDatanodeService.java:start(184)) - HddsDatanodeService host:pr-hdds-2022-qxstf-1422721469 ip:192.168.5.184
2019-09-16 16:47:05,747 [org.apache.hadoop.util.JvmPauseMonitor$Monitor@33fe9a47] INFO  util.JvmPauseMonitor (JvmPauseMonitor.java:run(188)) - Starting JVM pause monitor
2019-09-16 16:47:05,753 [main] INFO  volume.HddsVolume (HddsVolume.java:<init>(176)) - Creating Volume: /workdir/hadoop-ozone/integration-test/target/test-dir/MiniOzoneClusterImpl-2814d36b-6019-42fc-a66f-ece8bfc5d7d4/datanode-1/data/containers/hdds of  storage type : DISK and capacity : 1482555576320
2019-09-16 16:47:05,754 [main] INFO  volume.VolumeSet (VolumeSet.java:initializeVolumeSet(170)) - Added Volume : /workdir/hadoop-ozone/integration-test/target/test-dir/MiniOzoneClusterImpl-2814d36b-6019-42fc-a66f-ece8bfc5d7d4/datanode-1/data/containers/hdds to VolumeSet
2019-09-16 16:47:05,754 [main] INFO  volume.ThrottledAsyncChecker (ThrottledAsyncChecker.java:schedule(139)) - Scheduling a check for org.apache.hadoop.ozone.container.common.volume.HddsVolume@646c0a67
2019-09-16 16:47:05,755 [main] INFO  volume.HddsVolumeChecker (HddsVolumeChecker.java:checkAllVolumes(202)) - Scheduled health check for volume org.apache.hadoop.ozone.container.common.volume.HddsVolume@646c0a67
2019-09-16 16:47:05,772 [main] INFO  impl.RaftServerProxy (ConfUtils.java:logGet(43)) - raft.rpc.type = GRPC (default)
2019-09-16 16:47:05,772 [main] INFO  grpc.GrpcFactory (GrpcFactory.java:checkPooledByteBufAllocatorUseCacheForAllThreads(45)) - PERFORMANCE WARNING: useCacheForAllThreads is true that may cause Netty to create a lot garbage objects and, as a result, trigger GC.
	It is recommended to disable useCacheForAllThreads by setting -Dorg.apache.ratis.thirdparty.io.netty.allocator.useCacheForAllThreads=false in command line.
2019-09-16 16:47:05,772 [main] INFO  grpc.GrpcConfigKeys$Server (ConfUtils.java:logGet(43)) - raft.grpc.server.port = 0 (default)
2019-09-16 16:47:05,773 [main] INFO  server.GrpcService (ConfUtils.java:logGet(43)) - raft.grpc.message.size.max = 33570816 (custom)
2019-09-16 16:47:05,773 [main] INFO  server.RaftServerConfigKeys (ConfUtils.java:logGet(43)) - raft.server.log.appender.buffer.byte-limit = 33554432 (custom)
2019-09-16 16:47:05,773 [main] INFO  server.GrpcService (ConfUtils.java:logGet(43)) - raft.grpc.flow.control.window = 1MB (=1048576) (default)
2019-09-16 16:47:05,774 [main] INFO  server.RaftServerConfigKeys (ConfUtils.java:logGet(43)) - raft.server.rpc.request.timeout = 3000ms (default)
2019-09-16 16:47:05,774 [main] INFO  server.RaftServerConfigKeys (ConfUtils.java:logGet(43)) - raft.server.storage.dir = [/workdir/hadoop-ozone/integration-test/target/test-dir/MiniOzoneClusterImpl-2814d36b-6019-42fc-a66f-ece8bfc5d7d4/datanode-1/data/ratis] (custom)
2019-09-16 16:47:05,776 [main] INFO  hdfs.DFSUtil (DFSUtil.java:httpServerTemplateForNNAndJN(1641)) - Starting Web-server for hddsDatanode at: http://0.0.0.0:0
2019-09-16 16:47:05,778 [main] INFO  server.AuthenticationFilter (AuthenticationFilter.java:constructSecretProvider(240)) - Unable to initialize FileSignerSecretProvider, falling back to use random secrets.
2019-09-16 16:47:05,779 [main] WARN  http.HttpRequestLog (HttpRequestLog.java:getRequestLog(97)) - Jetty request log can only be enabled using Log4j
2019-09-16 16:47:05,781 [main] INFO  http.HttpServer2 (HttpServer2.java:addGlobalFilter(975)) - Added global filter 'safety' (class=org.apache.hadoop.http.HttpServer2$QuotingInputFilter)
2019-09-16 16:47:05,782 [main] INFO  http.HttpServer2 (HttpServer2.java:addFilter(948)) - Added filter static_user_filter (class=org.apache.hadoop.http.lib.StaticUserWebFilter$StaticUserFilter) to context hddsDatanode
2019-09-16 16:47:05,782 [main] INFO  http.HttpServer2 (HttpServer2.java:addFilter(958)) - Added filter static_user_filter (class=org.apache.hadoop.http.lib.StaticUserWebFilter$StaticUserFilter) to context static
2019-09-16 16:47:05,782 [main] INFO  http.HttpServer2 (HttpServer2.java:addFilter(958)) - Added filter static_user_filter (class=org.apache.hadoop.http.lib.StaticUserWebFilter$StaticUserFilter) to context logs
2019-09-16 16:47:05,783 [main] INFO  http.HttpServer2 (HttpServer2.java:bindListener(1191)) - Jetty bound to port 45937
2019-09-16 16:47:05,784 [main] INFO  server.Server (Server.java:doStart(351)) - jetty-9.3.24.v20180605, build timestamp: 2018-06-05T17:11:56Z, git hash: 84205aa28f11a4f31f2a3b86d1bba2cc8ab69827
2019-09-16 16:47:05,789 [main] INFO  handler.ContextHandler (ContextHandler.java:doStart(781)) - Started o.e.j.s.ServletContextHandler@1e7ab390{/logs,file:///workdir/hadoop-ozone/integration-test/target/log,AVAILABLE}
2019-09-16 16:47:05,790 [main] INFO  handler.ContextHandler (ContextHandler.java:doStart(781)) - Started o.e.j.s.ServletContextHandler@77774571{/static,jar:file:/home/user/.m2/repository/org/apache/hadoop/hadoop-hdds-container-service/0.5.0-SNAPSHOT/hadoop-hdds-container-service-0.5.0-SNAPSHOT.jar!/webapps/static,AVAILABLE}
2019-09-16 16:47:05,822 [main] INFO  handler.ContextHandler (ContextHandler.java:doStart(781)) - Started o.e.j.w.WebAppContext@a451491{/,file:///tmp/jetty-0.0.0.0-45937-hddsDatanode-_-any-2021666254219629238.dir/webapp/,AVAILABLE}{/hddsDatanode}
2019-09-16 16:47:05,823 [main] INFO  server.AbstractConnector (AbstractConnector.java:doStart(278)) - Started ServerConnector@1422ac7f{HTTP/1.1,[http/1.1]}{0.0.0.0:45937}
2019-09-16 16:47:05,824 [main] INFO  server.Server (Server.java:doStart(419)) - Started @5934ms
2019-09-16 16:47:05,825 [main] WARN  impl.MetricsSystemImpl (MetricsSystemImpl.java:register(276)) - Sink prometheus already exists!
2019-09-16 16:47:05,826 [main] INFO  server.BaseHttpServer (BaseHttpServer.java:updateConnectorAddress(215)) - HTTP server of HDDSDATANODE is listening at http://0.0.0.0:45937
2019-09-16 16:47:05,826 [main] INFO  impl.MetricsSystemImpl (MetricsSystemImpl.java:init(158)) - HddsDatanode metrics system started (again)
2019-09-16 16:47:05,829 [org.apache.hadoop.util.JvmPauseMonitor$Monitor@35f20f09] INFO  util.JvmPauseMonitor (JvmPauseMonitor.java:run(188)) - Starting JVM pause monitor
2019-09-16 16:47:05,829 [main] INFO  ozone.HddsDatanodeService (HddsDatanodeService.java:start(184)) - HddsDatanodeService host:pr-hdds-2022-qxstf-1422721469 ip:192.168.5.184
2019-09-16 16:47:05,837 [main] INFO  volume.HddsVolume (HddsVolume.java:<init>(176)) - Creating Volume: /workdir/hadoop-ozone/integration-test/target/test-dir/MiniOzoneClusterImpl-2814d36b-6019-42fc-a66f-ece8bfc5d7d4/datanode-2/data/containers/hdds of  storage type : DISK and capacity : 1482555576320
2019-09-16 16:47:05,838 [main] INFO  volume.VolumeSet (VolumeSet.java:initializeVolumeSet(170)) - Added Volume : /workdir/hadoop-ozone/integration-test/target/test-dir/MiniOzoneClusterImpl-2814d36b-6019-42fc-a66f-ece8bfc5d7d4/datanode-2/data/containers/hdds to VolumeSet
2019-09-16 16:47:05,838 [main] INFO  volume.ThrottledAsyncChecker (ThrottledAsyncChecker.java:schedule(139)) - Scheduling a check for org.apache.hadoop.ozone.container.common.volume.HddsVolume@6cff61fc
2019-09-16 16:47:05,838 [main] INFO  volume.HddsVolumeChecker (HddsVolumeChecker.java:checkAllVolumes(202)) - Scheduled health check for volume org.apache.hadoop.ozone.container.common.volume.HddsVolume@6cff61fc
2019-09-16 16:47:05,851 [main] INFO  impl.RaftServerProxy (ConfUtils.java:logGet(43)) - raft.rpc.type = GRPC (default)
2019-09-16 16:47:05,852 [main] INFO  grpc.GrpcFactory (GrpcFactory.java:checkPooledByteBufAllocatorUseCacheForAllThreads(45)) - PERFORMANCE WARNING: useCacheForAllThreads is true that may cause Netty to create a lot garbage objects and, as a result, trigger GC.
	It is recommended to disable useCacheForAllThreads by setting -Dorg.apache.ratis.thirdparty.io.netty.allocator.useCacheForAllThreads=false in command line.
2019-09-16 16:47:05,852 [main] INFO  grpc.GrpcConfigKeys$Server (ConfUtils.java:logGet(43)) - raft.grpc.server.port = 0 (default)
2019-09-16 16:47:05,852 [main] INFO  server.GrpcService (ConfUtils.java:logGet(43)) - raft.grpc.message.size.max = 33570816 (custom)
2019-09-16 16:47:05,852 [main] INFO  server.RaftServerConfigKeys (ConfUtils.java:logGet(43)) - raft.server.log.appender.buffer.byte-limit = 33554432 (custom)
2019-09-16 16:47:05,853 [main] INFO  server.GrpcService (ConfUtils.java:logGet(43)) - raft.grpc.flow.control.window = 1MB (=1048576) (default)
2019-09-16 16:47:05,853 [main] INFO  server.RaftServerConfigKeys (ConfUtils.java:logGet(43)) - raft.server.rpc.request.timeout = 3000ms (default)
2019-09-16 16:47:05,853 [main] INFO  server.RaftServerConfigKeys (ConfUtils.java:logGet(43)) - raft.server.storage.dir = [/workdir/hadoop-ozone/integration-test/target/test-dir/MiniOzoneClusterImpl-2814d36b-6019-42fc-a66f-ece8bfc5d7d4/datanode-2/data/ratis] (custom)
2019-09-16 16:47:05,855 [main] INFO  hdfs.DFSUtil (DFSUtil.java:httpServerTemplateForNNAndJN(1641)) - Starting Web-server for hddsDatanode at: http://0.0.0.0:0
2019-09-16 16:47:05,857 [main] INFO  server.AuthenticationFilter (AuthenticationFilter.java:constructSecretProvider(240)) - Unable to initialize FileSignerSecretProvider, falling back to use random secrets.
2019-09-16 16:47:05,857 [main] WARN  http.HttpRequestLog (HttpRequestLog.java:getRequestLog(97)) - Jetty request log can only be enabled using Log4j
2019-09-16 16:47:05,859 [main] INFO  http.HttpServer2 (HttpServer2.java:addGlobalFilter(975)) - Added global filter 'safety' (class=org.apache.hadoop.http.HttpServer2$QuotingInputFilter)
2019-09-16 16:47:05,860 [main] INFO  http.HttpServer2 (HttpServer2.java:addFilter(948)) - Added filter static_user_filter (class=org.apache.hadoop.http.lib.StaticUserWebFilter$StaticUserFilter) to context hddsDatanode
2019-09-16 16:47:05,860 [main] INFO  http.HttpServer2 (HttpServer2.java:addFilter(958)) - Added filter static_user_filter (class=org.apache.hadoop.http.lib.StaticUserWebFilter$StaticUserFilter) to context logs
2019-09-16 16:47:05,860 [main] INFO  http.HttpServer2 (HttpServer2.java:addFilter(958)) - Added filter static_user_filter (class=org.apache.hadoop.http.lib.StaticUserWebFilter$StaticUserFilter) to context static
2019-09-16 16:47:05,861 [main] INFO  http.HttpServer2 (HttpServer2.java:bindListener(1191)) - Jetty bound to port 45098
2019-09-16 16:47:05,861 [main] INFO  server.Server (Server.java:doStart(351)) - jetty-9.3.24.v20180605, build timestamp: 2018-06-05T17:11:56Z, git hash: 84205aa28f11a4f31f2a3b86d1bba2cc8ab69827
2019-09-16 16:47:05,863 [main] INFO  handler.ContextHandler (ContextHandler.java:doStart(781)) - Started o.e.j.s.ServletContextHandler@44536de4{/logs,file:///workdir/hadoop-ozone/integration-test/target/log,AVAILABLE}
2019-09-16 16:47:05,864 [main] INFO  handler.ContextHandler (ContextHandler.java:doStart(781)) - Started o.e.j.s.ServletContextHandler@4d95a72e{/static,jar:file:/home/user/.m2/repository/org/apache/hadoop/hadoop-hdds-container-service/0.5.0-SNAPSHOT/hadoop-hdds-container-service-0.5.0-SNAPSHOT.jar!/webapps/static,AVAILABLE}
2019-09-16 16:47:05,865 [Datanode State Machine Thread - 0] INFO  datanode.InitDatanodeState (InitDatanodeState.java:persistContainerDatanodeDetails(140)) - DatanodeDetails is persisted to /workdir/hadoop-ozone/integration-test/target/test-dir/MiniOzoneClusterImpl-2814d36b-6019-42fc-a66f-ece8bfc5d7d4/datanode-0/meta/datanode.id
2019-09-16 16:47:05,869 [Datanode State Machine Thread - 0] INFO  datanode.InitDatanodeState (InitDatanodeState.java:persistContainerDatanodeDetails(140)) - DatanodeDetails is persisted to /workdir/hadoop-ozone/integration-test/target/test-dir/MiniOzoneClusterImpl-2814d36b-6019-42fc-a66f-ece8bfc5d7d4/datanode-1/meta/datanode.id
2019-09-16 16:47:05,895 [main] INFO  handler.ContextHandler (ContextHandler.java:doStart(781)) - Started o.e.j.w.WebAppContext@fc807c1{/,file:///tmp/jetty-0.0.0.0-45098-hddsDatanode-_-any-8598507823718220141.dir/webapp/,AVAILABLE}{/hddsDatanode}
2019-09-16 16:47:05,896 [main] INFO  server.AbstractConnector (AbstractConnector.java:doStart(278)) - Started ServerConnector@296e281a{HTTP/1.1,[http/1.1]}{0.0.0.0:45098}
2019-09-16 16:47:05,898 [main] INFO  server.Server (Server.java:doStart(419)) - Started @6007ms
2019-09-16 16:47:05,898 [main] WARN  impl.MetricsSystemImpl (MetricsSystemImpl.java:register(276)) - Sink prometheus already exists!
2019-09-16 16:47:05,899 [main] INFO  server.BaseHttpServer (BaseHttpServer.java:updateConnectorAddress(215)) - HTTP server of HDDSDATANODE is listening at http://0.0.0.0:45098
2019-09-16 16:47:05,899 [main] INFO  impl.MetricsSystemImpl (MetricsSystemImpl.java:init(158)) - HddsDatanode metrics system started (again)
2019-09-16 16:47:05,902 [org.apache.hadoop.util.JvmPauseMonitor$Monitor@6dcbf4c8] INFO  util.JvmPauseMonitor (JvmPauseMonitor.java:run(188)) - Starting JVM pause monitor
2019-09-16 16:47:05,902 [main] INFO  ozone.HddsDatanodeService (HddsDatanodeService.java:start(184)) - HddsDatanodeService host:pr-hdds-2022-qxstf-1422721469 ip:192.168.5.184
2019-09-16 16:47:05,904 [Datanode State Machine Thread - 0] INFO  datanode.InitDatanodeState (InitDatanodeState.java:persistContainerDatanodeDetails(140)) - DatanodeDetails is persisted to /workdir/hadoop-ozone/integration-test/target/test-dir/MiniOzoneClusterImpl-2814d36b-6019-42fc-a66f-ece8bfc5d7d4/datanode-2/meta/datanode.id
2019-09-16 16:47:05,911 [main] INFO  volume.HddsVolume (HddsVolume.java:<init>(176)) - Creating Volume: /workdir/hadoop-ozone/integration-test/target/test-dir/MiniOzoneClusterImpl-2814d36b-6019-42fc-a66f-ece8bfc5d7d4/datanode-3/data/containers/hdds of  storage type : DISK and capacity : 1482555576320
2019-09-16 16:47:05,911 [main] INFO  volume.VolumeSet (VolumeSet.java:initializeVolumeSet(170)) - Added Volume : /workdir/hadoop-ozone/integration-test/target/test-dir/MiniOzoneClusterImpl-2814d36b-6019-42fc-a66f-ece8bfc5d7d4/datanode-3/data/containers/hdds to VolumeSet
2019-09-16 16:47:05,911 [main] INFO  volume.ThrottledAsyncChecker (ThrottledAsyncChecker.java:schedule(139)) - Scheduling a check for org.apache.hadoop.ozone.container.common.volume.HddsVolume@434514d8
2019-09-16 16:47:05,912 [main] INFO  volume.HddsVolumeChecker (HddsVolumeChecker.java:checkAllVolumes(202)) - Scheduled health check for volume org.apache.hadoop.ozone.container.common.volume.HddsVolume@434514d8
2019-09-16 16:47:05,925 [main] INFO  impl.RaftServerProxy (ConfUtils.java:logGet(43)) - raft.rpc.type = GRPC (default)
2019-09-16 16:47:05,925 [main] INFO  grpc.GrpcFactory (GrpcFactory.java:checkPooledByteBufAllocatorUseCacheForAllThreads(45)) - PERFORMANCE WARNING: useCacheForAllThreads is true that may cause Netty to create a lot garbage objects and, as a result, trigger GC.
	It is recommended to disable useCacheForAllThreads by setting -Dorg.apache.ratis.thirdparty.io.netty.allocator.useCacheForAllThreads=false in command line.
2019-09-16 16:47:05,925 [main] INFO  grpc.GrpcConfigKeys$Server (ConfUtils.java:logGet(43)) - raft.grpc.server.port = 0 (default)
2019-09-16 16:47:05,926 [main] INFO  server.GrpcService (ConfUtils.java:logGet(43)) - raft.grpc.message.size.max = 33570816 (custom)
2019-09-16 16:47:05,926 [main] INFO  server.RaftServerConfigKeys (ConfUtils.java:logGet(43)) - raft.server.log.appender.buffer.byte-limit = 33554432 (custom)
2019-09-16 16:47:05,926 [main] INFO  server.GrpcService (ConfUtils.java:logGet(43)) - raft.grpc.flow.control.window = 1MB (=1048576) (default)
2019-09-16 16:47:05,926 [main] INFO  server.RaftServerConfigKeys (ConfUtils.java:logGet(43)) - raft.server.rpc.request.timeout = 3000ms (default)
2019-09-16 16:47:05,927 [main] INFO  server.RaftServerConfigKeys (ConfUtils.java:logGet(43)) - raft.server.storage.dir = [/workdir/hadoop-ozone/integration-test/target/test-dir/MiniOzoneClusterImpl-2814d36b-6019-42fc-a66f-ece8bfc5d7d4/datanode-3/data/ratis] (custom)
2019-09-16 16:47:05,929 [main] INFO  hdfs.DFSUtil (DFSUtil.java:httpServerTemplateForNNAndJN(1641)) - Starting Web-server for hddsDatanode at: http://0.0.0.0:0
2019-09-16 16:47:05,930 [main] INFO  server.AuthenticationFilter (AuthenticationFilter.java:constructSecretProvider(240)) - Unable to initialize FileSignerSecretProvider, falling back to use random secrets.
2019-09-16 16:47:05,930 [main] WARN  http.HttpRequestLog (HttpRequestLog.java:getRequestLog(97)) - Jetty request log can only be enabled using Log4j
2019-09-16 16:47:05,932 [main] INFO  http.HttpServer2 (HttpServer2.java:addGlobalFilter(975)) - Added global filter 'safety' (class=org.apache.hadoop.http.HttpServer2$QuotingInputFilter)
2019-09-16 16:47:05,932 [main] INFO  http.HttpServer2 (HttpServer2.java:addFilter(948)) - Added filter static_user_filter (class=org.apache.hadoop.http.lib.StaticUserWebFilter$StaticUserFilter) to context hddsDatanode
2019-09-16 16:47:05,933 [main] INFO  http.HttpServer2 (HttpServer2.java:addFilter(958)) - Added filter static_user_filter (class=org.apache.hadoop.http.lib.StaticUserWebFilter$StaticUserFilter) to context logs
2019-09-16 16:47:05,933 [main] INFO  http.HttpServer2 (HttpServer2.java:addFilter(958)) - Added filter static_user_filter (class=org.apache.hadoop.http.lib.StaticUserWebFilter$StaticUserFilter) to context static
2019-09-16 16:47:05,934 [main] INFO  http.HttpServer2 (HttpServer2.java:bindListener(1191)) - Jetty bound to port 35742
2019-09-16 16:47:05,934 [main] INFO  server.Server (Server.java:doStart(351)) - jetty-9.3.24.v20180605, build timestamp: 2018-06-05T17:11:56Z, git hash: 84205aa28f11a4f31f2a3b86d1bba2cc8ab69827
2019-09-16 16:47:05,940 [main] INFO  handler.ContextHandler (ContextHandler.java:doStart(781)) - Started o.e.j.s.ServletContextHandler@27d33393{/logs,file:///workdir/hadoop-ozone/integration-test/target/log,AVAILABLE}
2019-09-16 16:47:05,940 [main] INFO  handler.ContextHandler (ContextHandler.java:doStart(781)) - Started o.e.j.s.ServletContextHandler@41eb94bc{/static,jar:file:/home/user/.m2/repository/org/apache/hadoop/hadoop-hdds-container-service/0.5.0-SNAPSHOT/hadoop-hdds-container-service-0.5.0-SNAPSHOT.jar!/webapps/static,AVAILABLE}
2019-09-16 16:47:05,969 [main] INFO  handler.ContextHandler (ContextHandler.java:doStart(781)) - Started o.e.j.w.WebAppContext@4052c8c2{/,file:///tmp/jetty-0.0.0.0-35742-hddsDatanode-_-any-2191818286138182319.dir/webapp/,AVAILABLE}{/hddsDatanode}
2019-09-16 16:47:05,969 [main] INFO  server.AbstractConnector (AbstractConnector.java:doStart(278)) - Started ServerConnector@181b8c4b{HTTP/1.1,[http/1.1]}{0.0.0.0:35742}
2019-09-16 16:47:05,970 [main] INFO  server.Server (Server.java:doStart(419)) - Started @6080ms
2019-09-16 16:47:05,971 [main] WARN  impl.MetricsSystemImpl (MetricsSystemImpl.java:register(276)) - Sink prometheus already exists!
2019-09-16 16:47:05,972 [main] INFO  server.BaseHttpServer (BaseHttpServer.java:updateConnectorAddress(215)) - HTTP server of HDDSDATANODE is listening at http://0.0.0.0:35742
2019-09-16 16:47:05,973 [main] INFO  impl.MetricsSystemImpl (MetricsSystemImpl.java:init(158)) - HddsDatanode metrics system started (again)
2019-09-16 16:47:05,976 [main] INFO  ozone.HddsDatanodeService (HddsDatanodeService.java:start(184)) - HddsDatanodeService host:pr-hdds-2022-qxstf-1422721469 ip:192.168.5.184
2019-09-16 16:47:05,976 [org.apache.hadoop.util.JvmPauseMonitor$Monitor@76ba11d7] INFO  util.JvmPauseMonitor (JvmPauseMonitor.java:run(188)) - Starting JVM pause monitor
2019-09-16 16:47:05,980 [Datanode State Machine Thread - 0] INFO  datanode.InitDatanodeState (InitDatanodeState.java:persistContainerDatanodeDetails(140)) - DatanodeDetails is persisted to /workdir/hadoop-ozone/integration-test/target/test-dir/MiniOzoneClusterImpl-2814d36b-6019-42fc-a66f-ece8bfc5d7d4/datanode-3/meta/datanode.id
2019-09-16 16:47:05,987 [main] INFO  volume.HddsVolume (HddsVolume.java:<init>(176)) - Creating Volume: /workdir/hadoop-ozone/integration-test/target/test-dir/MiniOzoneClusterImpl-2814d36b-6019-42fc-a66f-ece8bfc5d7d4/datanode-4/data/containers/hdds of  storage type : DISK and capacity : 1482555576320
2019-09-16 16:47:05,988 [main] INFO  volume.VolumeSet (VolumeSet.java:initializeVolumeSet(170)) - Added Volume : /workdir/hadoop-ozone/integration-test/target/test-dir/MiniOzoneClusterImpl-2814d36b-6019-42fc-a66f-ece8bfc5d7d4/datanode-4/data/containers/hdds to VolumeSet
2019-09-16 16:47:05,988 [main] INFO  volume.ThrottledAsyncChecker (ThrottledAsyncChecker.java:schedule(139)) - Scheduling a check for org.apache.hadoop.ozone.container.common.volume.HddsVolume@176996c3
2019-09-16 16:47:05,988 [main] INFO  volume.HddsVolumeChecker (HddsVolumeChecker.java:checkAllVolumes(202)) - Scheduled health check for volume org.apache.hadoop.ozone.container.common.volume.HddsVolume@176996c3
2019-09-16 16:47:06,003 [main] INFO  impl.RaftServerProxy (ConfUtils.java:logGet(43)) - raft.rpc.type = GRPC (default)
2019-09-16 16:47:06,003 [main] INFO  grpc.GrpcFactory (GrpcFactory.java:checkPooledByteBufAllocatorUseCacheForAllThreads(45)) - PERFORMANCE WARNING: useCacheForAllThreads is true that may cause Netty to create a lot garbage objects and, as a result, trigger GC.
	It is recommended to disable useCacheForAllThreads by setting -Dorg.apache.ratis.thirdparty.io.netty.allocator.useCacheForAllThreads=false in command line.
2019-09-16 16:47:06,003 [main] INFO  grpc.GrpcConfigKeys$Server (ConfUtils.java:logGet(43)) - raft.grpc.server.port = 0 (default)
2019-09-16 16:47:06,004 [main] INFO  server.GrpcService (ConfUtils.java:logGet(43)) - raft.grpc.message.size.max = 33570816 (custom)
2019-09-16 16:47:06,004 [main] INFO  server.RaftServerConfigKeys (ConfUtils.java:logGet(43)) - raft.server.log.appender.buffer.byte-limit = 33554432 (custom)
2019-09-16 16:47:06,004 [main] INFO  server.GrpcService (ConfUtils.java:logGet(43)) - raft.grpc.flow.control.window = 1MB (=1048576) (default)
2019-09-16 16:47:06,004 [main] INFO  server.RaftServerConfigKeys (ConfUtils.java:logGet(43)) - raft.server.rpc.request.timeout = 3000ms (default)
2019-09-16 16:47:06,005 [main] INFO  server.RaftServerConfigKeys (ConfUtils.java:logGet(43)) - raft.server.storage.dir = [/workdir/hadoop-ozone/integration-test/target/test-dir/MiniOzoneClusterImpl-2814d36b-6019-42fc-a66f-ece8bfc5d7d4/datanode-4/data/ratis] (custom)
2019-09-16 16:47:06,007 [main] INFO  hdfs.DFSUtil (DFSUtil.java:httpServerTemplateForNNAndJN(1641)) - Starting Web-server for hddsDatanode at: http://0.0.0.0:0
2019-09-16 16:47:06,008 [main] INFO  server.AuthenticationFilter (AuthenticationFilter.java:constructSecretProvider(240)) - Unable to initialize FileSignerSecretProvider, falling back to use random secrets.
2019-09-16 16:47:06,008 [main] WARN  http.HttpRequestLog (HttpRequestLog.java:getRequestLog(97)) - Jetty request log can only be enabled using Log4j
2019-09-16 16:47:06,010 [main] INFO  http.HttpServer2 (HttpServer2.java:addGlobalFilter(975)) - Added global filter 'safety' (class=org.apache.hadoop.http.HttpServer2$QuotingInputFilter)
2019-09-16 16:47:06,010 [main] INFO  http.HttpServer2 (HttpServer2.java:addFilter(948)) - Added filter static_user_filter (class=org.apache.hadoop.http.lib.StaticUserWebFilter$StaticUserFilter) to context hddsDatanode
2019-09-16 16:47:06,011 [main] INFO  http.HttpServer2 (HttpServer2.java:addFilter(958)) - Added filter static_user_filter (class=org.apache.hadoop.http.lib.StaticUserWebFilter$StaticUserFilter) to context logs
2019-09-16 16:47:06,011 [main] INFO  http.HttpServer2 (HttpServer2.java:addFilter(958)) - Added filter static_user_filter (class=org.apache.hadoop.http.lib.StaticUserWebFilter$StaticUserFilter) to context static
2019-09-16 16:47:06,012 [main] INFO  http.HttpServer2 (HttpServer2.java:bindListener(1191)) - Jetty bound to port 44257
2019-09-16 16:47:06,012 [main] INFO  server.Server (Server.java:doStart(351)) - jetty-9.3.24.v20180605, build timestamp: 2018-06-05T17:11:56Z, git hash: 84205aa28f11a4f31f2a3b86d1bba2cc8ab69827
2019-09-16 16:47:06,014 [main] INFO  handler.ContextHandler (ContextHandler.java:doStart(781)) - Started o.e.j.s.ServletContextHandler@561b7d53{/logs,file:///workdir/hadoop-ozone/integration-test/target/log,AVAILABLE}
2019-09-16 16:47:06,015 [main] INFO  handler.ContextHandler (ContextHandler.java:doStart(781)) - Started o.e.j.s.ServletContextHandler@1dc3502b{/static,jar:file:/home/user/.m2/repository/org/apache/hadoop/hadoop-hdds-container-service/0.5.0-SNAPSHOT/hadoop-hdds-container-service-0.5.0-SNAPSHOT.jar!/webapps/static,AVAILABLE}
2019-09-16 16:47:06,043 [main] INFO  handler.ContextHandler (ContextHandler.java:doStart(781)) - Started o.e.j.w.WebAppContext@1d9bd4da{/,file:///tmp/jetty-0.0.0.0-44257-hddsDatanode-_-any-8812858464806778472.dir/webapp/,AVAILABLE}{/hddsDatanode}
2019-09-16 16:47:06,045 [main] INFO  server.AbstractConnector (AbstractConnector.java:doStart(278)) - Started ServerConnector@4c58255{HTTP/1.1,[http/1.1]}{0.0.0.0:44257}
2019-09-16 16:47:06,045 [main] INFO  server.Server (Server.java:doStart(419)) - Started @6155ms
2019-09-16 16:47:06,045 [main] WARN  impl.MetricsSystemImpl (MetricsSystemImpl.java:register(276)) - Sink prometheus already exists!
2019-09-16 16:47:06,046 [main] INFO  server.BaseHttpServer (BaseHttpServer.java:updateConnectorAddress(215)) - HTTP server of HDDSDATANODE is listening at http://0.0.0.0:44257
2019-09-16 16:47:06,046 [main] INFO  impl.MetricsSystemImpl (MetricsSystemImpl.java:init(158)) - HddsDatanode metrics system started (again)
2019-09-16 16:47:06,050 [main] INFO  ozone.HddsDatanodeService (HddsDatanodeService.java:start(184)) - HddsDatanodeService host:pr-hdds-2022-qxstf-1422721469 ip:192.168.5.184
2019-09-16 16:47:06,050 [org.apache.hadoop.util.JvmPauseMonitor$Monitor@7e771f9] INFO  util.JvmPauseMonitor (JvmPauseMonitor.java:run(188)) - Starting JVM pause monitor
2019-09-16 16:47:06,054 [Datanode State Machine Thread - 0] INFO  datanode.InitDatanodeState (InitDatanodeState.java:persistContainerDatanodeDetails(140)) - DatanodeDetails is persisted to /workdir/hadoop-ozone/integration-test/target/test-dir/MiniOzoneClusterImpl-2814d36b-6019-42fc-a66f-ece8bfc5d7d4/datanode-4/meta/datanode.id
2019-09-16 16:47:06,059 [main] INFO  volume.HddsVolume (HddsVolume.java:<init>(176)) - Creating Volume: /workdir/hadoop-ozone/integration-test/target/test-dir/MiniOzoneClusterImpl-2814d36b-6019-42fc-a66f-ece8bfc5d7d4/datanode-5/data/containers/hdds of  storage type : DISK and capacity : 1482555576320
2019-09-16 16:47:06,060 [main] INFO  volume.VolumeSet (VolumeSet.java:initializeVolumeSet(170)) - Added Volume : /workdir/hadoop-ozone/integration-test/target/test-dir/MiniOzoneClusterImpl-2814d36b-6019-42fc-a66f-ece8bfc5d7d4/datanode-5/data/containers/hdds to VolumeSet
2019-09-16 16:47:06,060 [main] INFO  volume.ThrottledAsyncChecker (ThrottledAsyncChecker.java:schedule(139)) - Scheduling a check for org.apache.hadoop.ozone.container.common.volume.HddsVolume@423b2b62
2019-09-16 16:47:06,061 [main] INFO  volume.HddsVolumeChecker (HddsVolumeChecker.java:checkAllVolumes(202)) - Scheduled health check for volume org.apache.hadoop.ozone.container.common.volume.HddsVolume@423b2b62
2019-09-16 16:47:06,078 [main] INFO  impl.RaftServerProxy (ConfUtils.java:logGet(43)) - raft.rpc.type = GRPC (default)
2019-09-16 16:47:06,079 [main] INFO  grpc.GrpcFactory (GrpcFactory.java:checkPooledByteBufAllocatorUseCacheForAllThreads(45)) - PERFORMANCE WARNING: useCacheForAllThreads is true that may cause Netty to create a lot garbage objects and, as a result, trigger GC.
	It is recommended to disable useCacheForAllThreads by setting -Dorg.apache.ratis.thirdparty.io.netty.allocator.useCacheForAllThreads=false in command line.
2019-09-16 16:47:06,079 [main] INFO  grpc.GrpcConfigKeys$Server (ConfUtils.java:logGet(43)) - raft.grpc.server.port = 0 (default)
2019-09-16 16:47:06,079 [main] INFO  server.GrpcService (ConfUtils.java:logGet(43)) - raft.grpc.message.size.max = 33570816 (custom)
2019-09-16 16:47:06,079 [main] INFO  server.RaftServerConfigKeys (ConfUtils.java:logGet(43)) - raft.server.log.appender.buffer.byte-limit = 33554432 (custom)
2019-09-16 16:47:06,080 [main] INFO  server.GrpcService (ConfUtils.java:logGet(43)) - raft.grpc.flow.control.window = 1MB (=1048576) (default)
2019-09-16 16:47:06,080 [main] INFO  server.RaftServerConfigKeys (ConfUtils.java:logGet(43)) - raft.server.rpc.request.timeout = 3000ms (default)
2019-09-16 16:47:06,081 [main] INFO  server.RaftServerConfigKeys (ConfUtils.java:logGet(43)) - raft.server.storage.dir = [/workdir/hadoop-ozone/integration-test/target/test-dir/MiniOzoneClusterImpl-2814d36b-6019-42fc-a66f-ece8bfc5d7d4/datanode-5/data/ratis] (custom)
2019-09-16 16:47:06,082 [main] INFO  hdfs.DFSUtil (DFSUtil.java:httpServerTemplateForNNAndJN(1641)) - Starting Web-server for hddsDatanode at: http://0.0.0.0:0
2019-09-16 16:47:06,084 [main] INFO  server.AuthenticationFilter (AuthenticationFilter.java:constructSecretProvider(240)) - Unable to initialize FileSignerSecretProvider, falling back to use random secrets.
2019-09-16 16:47:06,084 [main] WARN  http.HttpRequestLog (HttpRequestLog.java:getRequestLog(97)) - Jetty request log can only be enabled using Log4j
2019-09-16 16:47:06,085 [main] INFO  http.HttpServer2 (HttpServer2.java:addGlobalFilter(975)) - Added global filter 'safety' (class=org.apache.hadoop.http.HttpServer2$QuotingInputFilter)
2019-09-16 16:47:06,086 [main] INFO  http.HttpServer2 (HttpServer2.java:addFilter(948)) - Added filter static_user_filter (class=org.apache.hadoop.http.lib.StaticUserWebFilter$StaticUserFilter) to context hddsDatanode
2019-09-16 16:47:06,086 [main] INFO  http.HttpServer2 (HttpServer2.java:addFilter(958)) - Added filter static_user_filter (class=org.apache.hadoop.http.lib.StaticUserWebFilter$StaticUserFilter) to context logs
2019-09-16 16:47:06,086 [main] INFO  http.HttpServer2 (HttpServer2.java:addFilter(958)) - Added filter static_user_filter (class=org.apache.hadoop.http.lib.StaticUserWebFilter$StaticUserFilter) to context static
2019-09-16 16:47:06,087 [main] INFO  http.HttpServer2 (HttpServer2.java:bindListener(1191)) - Jetty bound to port 40104
2019-09-16 16:47:06,087 [main] INFO  server.Server (Server.java:doStart(351)) - jetty-9.3.24.v20180605, build timestamp: 2018-06-05T17:11:56Z, git hash: 84205aa28f11a4f31f2a3b86d1bba2cc8ab69827
2019-09-16 16:47:06,089 [main] INFO  handler.ContextHandler (ContextHandler.java:doStart(781)) - Started o.e.j.s.ServletContextHandler@117d32e{/logs,file:///workdir/hadoop-ozone/integration-test/target/log,AVAILABLE}
2019-09-16 16:47:06,090 [main] INFO  handler.ContextHandler (ContextHandler.java:doStart(781)) - Started o.e.j.s.ServletContextHandler@2370ac7a{/static,jar:file:/home/user/.m2/repository/org/apache/hadoop/hadoop-hdds-container-service/0.5.0-SNAPSHOT/hadoop-hdds-container-service-0.5.0-SNAPSHOT.jar!/webapps/static,AVAILABLE}
2019-09-16 16:47:06,119 [main] INFO  handler.ContextHandler (ContextHandler.java:doStart(781)) - Started o.e.j.w.WebAppContext@1c26273d{/,file:///tmp/jetty-0.0.0.0-40104-hddsDatanode-_-any-8993054837569898990.dir/webapp/,AVAILABLE}{/hddsDatanode}
2019-09-16 16:47:06,120 [main] INFO  server.AbstractConnector (AbstractConnector.java:doStart(278)) - Started ServerConnector@3a37a501{HTTP/1.1,[http/1.1]}{0.0.0.0:40104}
2019-09-16 16:47:06,121 [main] INFO  server.Server (Server.java:doStart(419)) - Started @6230ms
2019-09-16 16:47:06,121 [main] WARN  impl.MetricsSystemImpl (MetricsSystemImpl.java:register(276)) - Sink prometheus already exists!
2019-09-16 16:47:06,122 [main] INFO  server.BaseHttpServer (BaseHttpServer.java:updateConnectorAddress(215)) - HTTP server of HDDSDATANODE is listening at http://0.0.0.0:40104
2019-09-16 16:47:06,122 [main] INFO  impl.MetricsSystemImpl (MetricsSystemImpl.java:init(158)) - HddsDatanode metrics system started (again)
2019-09-16 16:47:06,127 [org.apache.hadoop.util.JvmPauseMonitor$Monitor@4ac1b74d] INFO  util.JvmPauseMonitor (JvmPauseMonitor.java:run(188)) - Starting JVM pause monitor
2019-09-16 16:47:06,127 [main] INFO  ozone.HddsDatanodeService (HddsDatanodeService.java:start(184)) - HddsDatanodeService host:pr-hdds-2022-qxstf-1422721469 ip:192.168.5.184
2019-09-16 16:47:06,130 [Datanode State Machine Thread - 0] INFO  datanode.InitDatanodeState (InitDatanodeState.java:persistContainerDatanodeDetails(140)) - DatanodeDetails is persisted to /workdir/hadoop-ozone/integration-test/target/test-dir/MiniOzoneClusterImpl-2814d36b-6019-42fc-a66f-ece8bfc5d7d4/datanode-5/meta/datanode.id
2019-09-16 16:47:06,137 [main] INFO  volume.HddsVolume (HddsVolume.java:<init>(176)) - Creating Volume: /workdir/hadoop-ozone/integration-test/target/test-dir/MiniOzoneClusterImpl-2814d36b-6019-42fc-a66f-ece8bfc5d7d4/datanode-6/data/containers/hdds of  storage type : DISK and capacity : 1482555576320
2019-09-16 16:47:06,137 [main] INFO  volume.VolumeSet (VolumeSet.java:initializeVolumeSet(170)) - Added Volume : /workdir/hadoop-ozone/integration-test/target/test-dir/MiniOzoneClusterImpl-2814d36b-6019-42fc-a66f-ece8bfc5d7d4/datanode-6/data/containers/hdds to VolumeSet
2019-09-16 16:47:06,137 [main] INFO  volume.ThrottledAsyncChecker (ThrottledAsyncChecker.java:schedule(139)) - Scheduling a check for org.apache.hadoop.ozone.container.common.volume.HddsVolume@2bfb6b49
2019-09-16 16:47:06,138 [main] INFO  volume.HddsVolumeChecker (HddsVolumeChecker.java:checkAllVolumes(202)) - Scheduled health check for volume org.apache.hadoop.ozone.container.common.volume.HddsVolume@2bfb6b49
2019-09-16 16:47:06,152 [main] INFO  impl.RaftServerProxy (ConfUtils.java:logGet(43)) - raft.rpc.type = GRPC (default)
2019-09-16 16:47:06,152 [main] INFO  grpc.GrpcFactory (GrpcFactory.java:checkPooledByteBufAllocatorUseCacheForAllThreads(45)) - PERFORMANCE WARNING: useCacheForAllThreads is true that may cause Netty to create a lot garbage objects and, as a result, trigger GC.
	It is recommended to disable useCacheForAllThreads by setting -Dorg.apache.ratis.thirdparty.io.netty.allocator.useCacheForAllThreads=false in command line.
2019-09-16 16:47:06,153 [main] INFO  grpc.GrpcConfigKeys$Server (ConfUtils.java:logGet(43)) - raft.grpc.server.port = 0 (default)
2019-09-16 16:47:06,153 [main] INFO  server.GrpcService (ConfUtils.java:logGet(43)) - raft.grpc.message.size.max = 33570816 (custom)
2019-09-16 16:47:06,153 [main] INFO  server.RaftServerConfigKeys (ConfUtils.java:logGet(43)) - raft.server.log.appender.buffer.byte-limit = 33554432 (custom)
2019-09-16 16:47:06,153 [main] INFO  server.GrpcService (ConfUtils.java:logGet(43)) - raft.grpc.flow.control.window = 1MB (=1048576) (default)
2019-09-16 16:47:06,154 [main] INFO  server.RaftServerConfigKeys (ConfUtils.java:logGet(43)) - raft.server.rpc.request.timeout = 3000ms (default)
2019-09-16 16:47:06,154 [main] INFO  server.RaftServerConfigKeys (ConfUtils.java:logGet(43)) - raft.server.storage.dir = [/workdir/hadoop-ozone/integration-test/target/test-dir/MiniOzoneClusterImpl-2814d36b-6019-42fc-a66f-ece8bfc5d7d4/datanode-6/data/ratis] (custom)
2019-09-16 16:47:06,156 [main] INFO  hdfs.DFSUtil (DFSUtil.java:httpServerTemplateForNNAndJN(1641)) - Starting Web-server for hddsDatanode at: http://0.0.0.0:0
2019-09-16 16:47:06,157 [main] INFO  server.AuthenticationFilter (AuthenticationFilter.java:constructSecretProvider(240)) - Unable to initialize FileSignerSecretProvider, falling back to use random secrets.
2019-09-16 16:47:06,158 [main] WARN  http.HttpRequestLog (HttpRequestLog.java:getRequestLog(97)) - Jetty request log can only be enabled using Log4j
2019-09-16 16:47:06,159 [main] INFO  http.HttpServer2 (HttpServer2.java:addGlobalFilter(975)) - Added global filter 'safety' (class=org.apache.hadoop.http.HttpServer2$QuotingInputFilter)
2019-09-16 16:47:06,160 [main] INFO  http.HttpServer2 (HttpServer2.java:addFilter(948)) - Added filter static_user_filter (class=org.apache.hadoop.http.lib.StaticUserWebFilter$StaticUserFilter) to context hddsDatanode
2019-09-16 16:47:06,160 [main] INFO  http.HttpServer2 (HttpServer2.java:addFilter(958)) - Added filter static_user_filter (class=org.apache.hadoop.http.lib.StaticUserWebFilter$StaticUserFilter) to context static
2019-09-16 16:47:06,160 [main] INFO  http.HttpServer2 (HttpServer2.java:addFilter(958)) - Added filter static_user_filter (class=org.apache.hadoop.http.lib.StaticUserWebFilter$StaticUserFilter) to context logs
2019-09-16 16:47:06,161 [main] INFO  http.HttpServer2 (HttpServer2.java:bindListener(1191)) - Jetty bound to port 40833
2019-09-16 16:47:06,161 [main] INFO  server.Server (Server.java:doStart(351)) - jetty-9.3.24.v20180605, build timestamp: 2018-06-05T17:11:56Z, git hash: 84205aa28f11a4f31f2a3b86d1bba2cc8ab69827
2019-09-16 16:47:06,163 [main] INFO  handler.ContextHandler (ContextHandler.java:doStart(781)) - Started o.e.j.s.ServletContextHandler@7f5538a1{/logs,file:///workdir/hadoop-ozone/integration-test/target/log,AVAILABLE}
2019-09-16 16:47:06,164 [main] INFO  handler.ContextHandler (ContextHandler.java:doStart(781)) - Started o.e.j.s.ServletContextHandler@1f9f381d{/static,jar:file:/home/user/.m2/repository/org/apache/hadoop/hadoop-hdds-container-service/0.5.0-SNAPSHOT/hadoop-hdds-container-service-0.5.0-SNAPSHOT.jar!/webapps/static,AVAILABLE}
2019-09-16 16:47:06,194 [main] INFO  handler.ContextHandler (ContextHandler.java:doStart(781)) - Started o.e.j.w.WebAppContext@74e6094b{/,file:///tmp/jetty-0.0.0.0-40833-hddsDatanode-_-any-9153785324148653294.dir/webapp/,AVAILABLE}{/hddsDatanode}
2019-09-16 16:47:06,194 [main] INFO  server.AbstractConnector (AbstractConnector.java:doStart(278)) - Started ServerConnector@7a485a36{HTTP/1.1,[http/1.1]}{0.0.0.0:40833}
2019-09-16 16:47:06,196 [main] INFO  server.Server (Server.java:doStart(419)) - Started @6306ms
2019-09-16 16:47:06,196 [main] WARN  impl.MetricsSystemImpl (MetricsSystemImpl.java:register(276)) - Sink prometheus already exists!
2019-09-16 16:47:06,197 [main] INFO  server.BaseHttpServer (BaseHttpServer.java:updateConnectorAddress(215)) - HTTP server of HDDSDATANODE is listening at http://0.0.0.0:40833
2019-09-16 16:47:06,198 [main] INFO  impl.MetricsSystemImpl (MetricsSystemImpl.java:init(158)) - HddsDatanode metrics system started (again)
2019-09-16 16:47:06,203 [main] INFO  ozone.HddsDatanodeService (HddsDatanodeService.java:start(184)) - HddsDatanodeService host:pr-hdds-2022-qxstf-1422721469 ip:192.168.5.184
2019-09-16 16:47:06,204 [org.apache.hadoop.util.JvmPauseMonitor$Monitor@315565a1] INFO  util.JvmPauseMonitor (JvmPauseMonitor.java:run(188)) - Starting JVM pause monitor
2019-09-16 16:47:06,208 [Datanode State Machine Thread - 0] INFO  datanode.InitDatanodeState (InitDatanodeState.java:persistContainerDatanodeDetails(140)) - DatanodeDetails is persisted to /workdir/hadoop-ozone/integration-test/target/test-dir/MiniOzoneClusterImpl-2814d36b-6019-42fc-a66f-ece8bfc5d7d4/datanode-6/meta/datanode.id
2019-09-16 16:47:06,215 [main] INFO  volume.HddsVolume (HddsVolume.java:<init>(176)) - Creating Volume: /workdir/hadoop-ozone/integration-test/target/test-dir/MiniOzoneClusterImpl-2814d36b-6019-42fc-a66f-ece8bfc5d7d4/datanode-7/data/containers/hdds of  storage type : DISK and capacity : 1482555576320
2019-09-16 16:47:06,215 [main] INFO  volume.VolumeSet (VolumeSet.java:initializeVolumeSet(170)) - Added Volume : /workdir/hadoop-ozone/integration-test/target/test-dir/MiniOzoneClusterImpl-2814d36b-6019-42fc-a66f-ece8bfc5d7d4/datanode-7/data/containers/hdds to VolumeSet
2019-09-16 16:47:06,215 [main] INFO  volume.ThrottledAsyncChecker (ThrottledAsyncChecker.java:schedule(139)) - Scheduling a check for org.apache.hadoop.ozone.container.common.volume.HddsVolume@7544ac86
2019-09-16 16:47:06,216 [main] INFO  volume.HddsVolumeChecker (HddsVolumeChecker.java:checkAllVolumes(202)) - Scheduled health check for volume org.apache.hadoop.ozone.container.common.volume.HddsVolume@7544ac86
2019-09-16 16:47:06,236 [main] INFO  impl.RaftServerProxy (ConfUtils.java:logGet(43)) - raft.rpc.type = GRPC (default)
2019-09-16 16:47:06,236 [main] INFO  grpc.GrpcFactory (GrpcFactory.java:checkPooledByteBufAllocatorUseCacheForAllThreads(45)) - PERFORMANCE WARNING: useCacheForAllThreads is true that may cause Netty to create a lot garbage objects and, as a result, trigger GC.
	It is recommended to disable useCacheForAllThreads by setting -Dorg.apache.ratis.thirdparty.io.netty.allocator.useCacheForAllThreads=false in command line.
2019-09-16 16:47:06,236 [main] INFO  grpc.GrpcConfigKeys$Server (ConfUtils.java:logGet(43)) - raft.grpc.server.port = 0 (default)
2019-09-16 16:47:06,237 [main] INFO  server.GrpcService (ConfUtils.java:logGet(43)) - raft.grpc.message.size.max = 33570816 (custom)
2019-09-16 16:47:06,237 [main] INFO  server.RaftServerConfigKeys (ConfUtils.java:logGet(43)) - raft.server.log.appender.buffer.byte-limit = 33554432 (custom)
2019-09-16 16:47:06,237 [main] INFO  server.GrpcService (ConfUtils.java:logGet(43)) - raft.grpc.flow.control.window = 1MB (=1048576) (default)
2019-09-16 16:47:06,238 [main] INFO  server.RaftServerConfigKeys (ConfUtils.java:logGet(43)) - raft.server.rpc.request.timeout = 3000ms (default)
2019-09-16 16:47:06,239 [main] INFO  server.RaftServerConfigKeys (ConfUtils.java:logGet(43)) - raft.server.storage.dir = [/workdir/hadoop-ozone/integration-test/target/test-dir/MiniOzoneClusterImpl-2814d36b-6019-42fc-a66f-ece8bfc5d7d4/datanode-7/data/ratis] (custom)
2019-09-16 16:47:06,241 [main] INFO  hdfs.DFSUtil (DFSUtil.java:httpServerTemplateForNNAndJN(1641)) - Starting Web-server for hddsDatanode at: http://0.0.0.0:0
2019-09-16 16:47:06,243 [main] INFO  server.AuthenticationFilter (AuthenticationFilter.java:constructSecretProvider(240)) - Unable to initialize FileSignerSecretProvider, falling back to use random secrets.
2019-09-16 16:47:06,243 [main] WARN  http.HttpRequestLog (HttpRequestLog.java:getRequestLog(97)) - Jetty request log can only be enabled using Log4j
2019-09-16 16:47:06,246 [main] INFO  http.HttpServer2 (HttpServer2.java:addGlobalFilter(975)) - Added global filter 'safety' (class=org.apache.hadoop.http.HttpServer2$QuotingInputFilter)
2019-09-16 16:47:06,247 [main] INFO  http.HttpServer2 (HttpServer2.java:addFilter(948)) - Added filter static_user_filter (class=org.apache.hadoop.http.lib.StaticUserWebFilter$StaticUserFilter) to context hddsDatanode
2019-09-16 16:47:06,247 [main] INFO  http.HttpServer2 (HttpServer2.java:addFilter(958)) - Added filter static_user_filter (class=org.apache.hadoop.http.lib.StaticUserWebFilter$StaticUserFilter) to context logs
2019-09-16 16:47:06,247 [main] INFO  http.HttpServer2 (HttpServer2.java:addFilter(958)) - Added filter static_user_filter (class=org.apache.hadoop.http.lib.StaticUserWebFilter$StaticUserFilter) to context static
2019-09-16 16:47:06,249 [main] INFO  http.HttpServer2 (HttpServer2.java:bindListener(1191)) - Jetty bound to port 33070
2019-09-16 16:47:06,249 [main] INFO  server.Server (Server.java:doStart(351)) - jetty-9.3.24.v20180605, build timestamp: 2018-06-05T17:11:56Z, git hash: 84205aa28f11a4f31f2a3b86d1bba2cc8ab69827
2019-09-16 16:47:06,251 [main] INFO  handler.ContextHandler (ContextHandler.java:doStart(781)) - Started o.e.j.s.ServletContextHandler@75181b50{/logs,file:///workdir/hadoop-ozone/integration-test/target/log,AVAILABLE}
2019-09-16 16:47:06,252 [main] INFO  handler.ContextHandler (ContextHandler.java:doStart(781)) - Started o.e.j.s.ServletContextHandler@5f254608{/static,jar:file:/home/user/.m2/repository/org/apache/hadoop/hadoop-hdds-container-service/0.5.0-SNAPSHOT/hadoop-hdds-container-service-0.5.0-SNAPSHOT.jar!/webapps/static,AVAILABLE}
2019-09-16 16:47:06,288 [main] INFO  handler.ContextHandler (ContextHandler.java:doStart(781)) - Started o.e.j.w.WebAppContext@7e5843db{/,file:///tmp/jetty-0.0.0.0-33070-hddsDatanode-_-any-5736430953448284195.dir/webapp/,AVAILABLE}{/hddsDatanode}
2019-09-16 16:47:06,289 [main] INFO  server.AbstractConnector (AbstractConnector.java:doStart(278)) - Started ServerConnector@459f703f{HTTP/1.1,[http/1.1]}{0.0.0.0:33070}
2019-09-16 16:47:06,290 [main] INFO  server.Server (Server.java:doStart(419)) - Started @6400ms
2019-09-16 16:47:06,290 [main] WARN  impl.MetricsSystemImpl (MetricsSystemImpl.java:register(276)) - Sink prometheus already exists!
2019-09-16 16:47:06,291 [main] INFO  server.BaseHttpServer (BaseHttpServer.java:updateConnectorAddress(215)) - HTTP server of HDDSDATANODE is listening at http://0.0.0.0:33070
2019-09-16 16:47:06,291 [main] INFO  impl.MetricsSystemImpl (MetricsSystemImpl.java:init(158)) - HddsDatanode metrics system started (again)
2019-09-16 16:47:06,296 [org.apache.hadoop.util.JvmPauseMonitor$Monitor@548da8f3] INFO  util.JvmPauseMonitor (JvmPauseMonitor.java:run(188)) - Starting JVM pause monitor
2019-09-16 16:47:06,297 [main] INFO  ozone.HddsDatanodeService (HddsDatanodeService.java:start(184)) - HddsDatanodeService host:pr-hdds-2022-qxstf-1422721469 ip:192.168.5.184
2019-09-16 16:47:06,300 [Datanode State Machine Thread - 0] INFO  datanode.InitDatanodeState (InitDatanodeState.java:persistContainerDatanodeDetails(140)) - DatanodeDetails is persisted to /workdir/hadoop-ozone/integration-test/target/test-dir/MiniOzoneClusterImpl-2814d36b-6019-42fc-a66f-ece8bfc5d7d4/datanode-7/meta/datanode.id
2019-09-16 16:47:06,313 [main] INFO  volume.HddsVolume (HddsVolume.java:<init>(176)) - Creating Volume: /workdir/hadoop-ozone/integration-test/target/test-dir/MiniOzoneClusterImpl-2814d36b-6019-42fc-a66f-ece8bfc5d7d4/datanode-8/data/containers/hdds of  storage type : DISK and capacity : 1482555576320
2019-09-16 16:47:06,314 [main] INFO  volume.VolumeSet (VolumeSet.java:initializeVolumeSet(170)) - Added Volume : /workdir/hadoop-ozone/integration-test/target/test-dir/MiniOzoneClusterImpl-2814d36b-6019-42fc-a66f-ece8bfc5d7d4/datanode-8/data/containers/hdds to VolumeSet
2019-09-16 16:47:06,314 [main] INFO  volume.ThrottledAsyncChecker (ThrottledAsyncChecker.java:schedule(139)) - Scheduling a check for org.apache.hadoop.ozone.container.common.volume.HddsVolume@5f2bd6d9
2019-09-16 16:47:06,314 [main] INFO  volume.HddsVolumeChecker (HddsVolumeChecker.java:checkAllVolumes(202)) - Scheduled health check for volume org.apache.hadoop.ozone.container.common.volume.HddsVolume@5f2bd6d9
2019-09-16 16:47:06,332 [main] INFO  impl.RaftServerProxy (ConfUtils.java:logGet(43)) - raft.rpc.type = GRPC (default)
2019-09-16 16:47:06,332 [main] INFO  grpc.GrpcFactory (GrpcFactory.java:checkPooledByteBufAllocatorUseCacheForAllThreads(45)) - PERFORMANCE WARNING: useCacheForAllThreads is true that may cause Netty to create a lot garbage objects and, as a result, trigger GC.
	It is recommended to disable useCacheForAllThreads by setting -Dorg.apache.ratis.thirdparty.io.netty.allocator.useCacheForAllThreads=false in command line.
2019-09-16 16:47:06,332 [main] INFO  grpc.GrpcConfigKeys$Server (ConfUtils.java:logGet(43)) - raft.grpc.server.port = 0 (default)
2019-09-16 16:47:06,332 [main] INFO  server.GrpcService (ConfUtils.java:logGet(43)) - raft.grpc.message.size.max = 33570816 (custom)
2019-09-16 16:47:06,333 [main] INFO  server.RaftServerConfigKeys (ConfUtils.java:logGet(43)) - raft.server.log.appender.buffer.byte-limit = 33554432 (custom)
2019-09-16 16:47:06,333 [main] INFO  server.GrpcService (ConfUtils.java:logGet(43)) - raft.grpc.flow.control.window = 1MB (=1048576) (default)
2019-09-16 16:47:06,333 [main] INFO  server.RaftServerConfigKeys (ConfUtils.java:logGet(43)) - raft.server.rpc.request.timeout = 3000ms (default)
2019-09-16 16:47:06,334 [main] INFO  server.RaftServerConfigKeys (ConfUtils.java:logGet(43)) - raft.server.storage.dir = [/workdir/hadoop-ozone/integration-test/target/test-dir/MiniOzoneClusterImpl-2814d36b-6019-42fc-a66f-ece8bfc5d7d4/datanode-8/data/ratis] (custom)
2019-09-16 16:47:06,335 [main] INFO  hdfs.DFSUtil (DFSUtil.java:httpServerTemplateForNNAndJN(1641)) - Starting Web-server for hddsDatanode at: http://0.0.0.0:0
2019-09-16 16:47:06,336 [main] INFO  server.AuthenticationFilter (AuthenticationFilter.java:constructSecretProvider(240)) - Unable to initialize FileSignerSecretProvider, falling back to use random secrets.
2019-09-16 16:47:06,337 [main] WARN  http.HttpRequestLog (HttpRequestLog.java:getRequestLog(97)) - Jetty request log can only be enabled using Log4j
2019-09-16 16:47:06,338 [main] INFO  http.HttpServer2 (HttpServer2.java:addGlobalFilter(975)) - Added global filter 'safety' (class=org.apache.hadoop.http.HttpServer2$QuotingInputFilter)
2019-09-16 16:47:06,339 [main] INFO  http.HttpServer2 (HttpServer2.java:addFilter(948)) - Added filter static_user_filter (class=org.apache.hadoop.http.lib.StaticUserWebFilter$StaticUserFilter) to context hddsDatanode
2019-09-16 16:47:06,339 [main] INFO  http.HttpServer2 (HttpServer2.java:addFilter(958)) - Added filter static_user_filter (class=org.apache.hadoop.http.lib.StaticUserWebFilter$StaticUserFilter) to context static
2019-09-16 16:47:06,339 [main] INFO  http.HttpServer2 (HttpServer2.java:addFilter(958)) - Added filter static_user_filter (class=org.apache.hadoop.http.lib.StaticUserWebFilter$StaticUserFilter) to context logs
2019-09-16 16:47:06,340 [main] INFO  http.HttpServer2 (HttpServer2.java:bindListener(1191)) - Jetty bound to port 46027
2019-09-16 16:47:06,340 [main] INFO  server.Server (Server.java:doStart(351)) - jetty-9.3.24.v20180605, build timestamp: 2018-06-05T17:11:56Z, git hash: 84205aa28f11a4f31f2a3b86d1bba2cc8ab69827
2019-09-16 16:47:06,342 [main] INFO  handler.ContextHandler (ContextHandler.java:doStart(781)) - Started o.e.j.s.ServletContextHandler@2bc426f0{/logs,file:///workdir/hadoop-ozone/integration-test/target/log,AVAILABLE}
2019-09-16 16:47:06,342 [main] INFO  handler.ContextHandler (ContextHandler.java:doStart(781)) - Started o.e.j.s.ServletContextHandler@33425811{/static,jar:file:/home/user/.m2/repository/org/apache/hadoop/hadoop-hdds-container-service/0.5.0-SNAPSHOT/hadoop-hdds-container-service-0.5.0-SNAPSHOT.jar!/webapps/static,AVAILABLE}
2019-09-16 16:47:06,369 [main] INFO  handler.ContextHandler (ContextHandler.java:doStart(781)) - Started o.e.j.w.WebAppContext@70730db{/,file:///tmp/jetty-0.0.0.0-46027-hddsDatanode-_-any-7751237785427451054.dir/webapp/,AVAILABLE}{/hddsDatanode}
2019-09-16 16:47:06,369 [main] INFO  server.AbstractConnector (AbstractConnector.java:doStart(278)) - Started ServerConnector@5793b87{HTTP/1.1,[http/1.1]}{0.0.0.0:46027}
2019-09-16 16:47:06,370 [main] INFO  server.Server (Server.java:doStart(419)) - Started @6480ms
2019-09-16 16:47:06,370 [main] WARN  impl.MetricsSystemImpl (MetricsSystemImpl.java:register(276)) - Sink prometheus already exists!
2019-09-16 16:47:06,371 [main] INFO  server.BaseHttpServer (BaseHttpServer.java:updateConnectorAddress(215)) - HTTP server of HDDSDATANODE is listening at http://0.0.0.0:46027
2019-09-16 16:47:06,371 [main] INFO  impl.MetricsSystemImpl (MetricsSystemImpl.java:init(158)) - HddsDatanode metrics system started (again)
2019-09-16 16:47:06,376 [org.apache.hadoop.util.JvmPauseMonitor$Monitor@3db2dea4] INFO  util.JvmPauseMonitor (JvmPauseMonitor.java:run(188)) - Starting JVM pause monitor
2019-09-16 16:47:06,377 [main] INFO  ozone.HddsDatanodeService (HddsDatanodeService.java:start(184)) - HddsDatanodeService host:pr-hdds-2022-qxstf-1422721469 ip:192.168.5.184
2019-09-16 16:47:06,380 [Datanode State Machine Thread - 0] INFO  datanode.InitDatanodeState (InitDatanodeState.java:persistContainerDatanodeDetails(140)) - DatanodeDetails is persisted to /workdir/hadoop-ozone/integration-test/target/test-dir/MiniOzoneClusterImpl-2814d36b-6019-42fc-a66f-ece8bfc5d7d4/datanode-8/meta/datanode.id
2019-09-16 16:47:06,385 [main] INFO  volume.HddsVolume (HddsVolume.java:<init>(176)) - Creating Volume: /workdir/hadoop-ozone/integration-test/target/test-dir/MiniOzoneClusterImpl-2814d36b-6019-42fc-a66f-ece8bfc5d7d4/datanode-9/data/containers/hdds of  storage type : DISK and capacity : 1482555576320
2019-09-16 16:47:06,385 [main] INFO  volume.VolumeSet (VolumeSet.java:initializeVolumeSet(170)) - Added Volume : /workdir/hadoop-ozone/integration-test/target/test-dir/MiniOzoneClusterImpl-2814d36b-6019-42fc-a66f-ece8bfc5d7d4/datanode-9/data/containers/hdds to VolumeSet
2019-09-16 16:47:06,386 [main] INFO  volume.ThrottledAsyncChecker (ThrottledAsyncChecker.java:schedule(139)) - Scheduling a check for org.apache.hadoop.ozone.container.common.volume.HddsVolume@424de326
2019-09-16 16:47:06,386 [main] INFO  volume.HddsVolumeChecker (HddsVolumeChecker.java:checkAllVolumes(202)) - Scheduled health check for volume org.apache.hadoop.ozone.container.common.volume.HddsVolume@424de326
2019-09-16 16:47:06,400 [main] INFO  impl.RaftServerProxy (ConfUtils.java:logGet(43)) - raft.rpc.type = GRPC (default)
2019-09-16 16:47:06,400 [main] INFO  grpc.GrpcFactory (GrpcFactory.java:checkPooledByteBufAllocatorUseCacheForAllThreads(45)) - PERFORMANCE WARNING: useCacheForAllThreads is true that may cause Netty to create a lot garbage objects and, as a result, trigger GC.
	It is recommended to disable useCacheForAllThreads by setting -Dorg.apache.ratis.thirdparty.io.netty.allocator.useCacheForAllThreads=false in command line.
2019-09-16 16:47:06,400 [main] INFO  grpc.GrpcConfigKeys$Server (ConfUtils.java:logGet(43)) - raft.grpc.server.port = 0 (default)
2019-09-16 16:47:06,400 [main] INFO  server.GrpcService (ConfUtils.java:logGet(43)) - raft.grpc.message.size.max = 33570816 (custom)
2019-09-16 16:47:06,401 [main] INFO  server.RaftServerConfigKeys (ConfUtils.java:logGet(43)) - raft.server.log.appender.buffer.byte-limit = 33554432 (custom)
2019-09-16 16:47:06,401 [main] INFO  server.GrpcService (ConfUtils.java:logGet(43)) - raft.grpc.flow.control.window = 1MB (=1048576) (default)
2019-09-16 16:47:06,401 [main] INFO  server.RaftServerConfigKeys (ConfUtils.java:logGet(43)) - raft.server.rpc.request.timeout = 3000ms (default)
2019-09-16 16:47:06,401 [main] INFO  server.RaftServerConfigKeys (ConfUtils.java:logGet(43)) - raft.server.storage.dir = [/workdir/hadoop-ozone/integration-test/target/test-dir/MiniOzoneClusterImpl-2814d36b-6019-42fc-a66f-ece8bfc5d7d4/datanode-9/data/ratis] (custom)
2019-09-16 16:47:06,403 [main] INFO  hdfs.DFSUtil (DFSUtil.java:httpServerTemplateForNNAndJN(1641)) - Starting Web-server for hddsDatanode at: http://0.0.0.0:0
2019-09-16 16:47:06,404 [main] INFO  server.AuthenticationFilter (AuthenticationFilter.java:constructSecretProvider(240)) - Unable to initialize FileSignerSecretProvider, falling back to use random secrets.
2019-09-16 16:47:06,405 [main] WARN  http.HttpRequestLog (HttpRequestLog.java:getRequestLog(97)) - Jetty request log can only be enabled using Log4j
2019-09-16 16:47:06,406 [main] INFO  http.HttpServer2 (HttpServer2.java:addGlobalFilter(975)) - Added global filter 'safety' (class=org.apache.hadoop.http.HttpServer2$QuotingInputFilter)
2019-09-16 16:47:06,407 [main] INFO  http.HttpServer2 (HttpServer2.java:addFilter(948)) - Added filter static_user_filter (class=org.apache.hadoop.http.lib.StaticUserWebFilter$StaticUserFilter) to context hddsDatanode
2019-09-16 16:47:06,407 [main] INFO  http.HttpServer2 (HttpServer2.java:addFilter(958)) - Added filter static_user_filter (class=org.apache.hadoop.http.lib.StaticUserWebFilter$StaticUserFilter) to context logs
2019-09-16 16:47:06,407 [main] INFO  http.HttpServer2 (HttpServer2.java:addFilter(958)) - Added filter static_user_filter (class=org.apache.hadoop.http.lib.StaticUserWebFilter$StaticUserFilter) to context static
2019-09-16 16:47:06,408 [main] INFO  http.HttpServer2 (HttpServer2.java:bindListener(1191)) - Jetty bound to port 32949
2019-09-16 16:47:06,408 [main] INFO  server.Server (Server.java:doStart(351)) - jetty-9.3.24.v20180605, build timestamp: 2018-06-05T17:11:56Z, git hash: 84205aa28f11a4f31f2a3b86d1bba2cc8ab69827
2019-09-16 16:47:06,410 [main] INFO  handler.ContextHandler (ContextHandler.java:doStart(781)) - Started o.e.j.s.ServletContextHandler@53c6f96d{/logs,file:///workdir/hadoop-ozone/integration-test/target/log,AVAILABLE}
2019-09-16 16:47:06,411 [main] INFO  handler.ContextHandler (ContextHandler.java:doStart(781)) - Started o.e.j.s.ServletContextHandler@4364712f{/static,jar:file:/home/user/.m2/repository/org/apache/hadoop/hadoop-hdds-container-service/0.5.0-SNAPSHOT/hadoop-hdds-container-service-0.5.0-SNAPSHOT.jar!/webapps/static,AVAILABLE}
2019-09-16 16:47:06,437 [main] INFO  handler.ContextHandler (ContextHandler.java:doStart(781)) - Started o.e.j.w.WebAppContext@3f736a16{/,file:///tmp/jetty-0.0.0.0-32949-hddsDatanode-_-any-4701486108448005767.dir/webapp/,AVAILABLE}{/hddsDatanode}
2019-09-16 16:47:06,437 [main] INFO  server.AbstractConnector (AbstractConnector.java:doStart(278)) - Started ServerConnector@4601203a{HTTP/1.1,[http/1.1]}{0.0.0.0:32949}
2019-09-16 16:47:06,439 [main] INFO  server.Server (Server.java:doStart(419)) - Started @6548ms
2019-09-16 16:47:06,439 [main] WARN  impl.MetricsSystemImpl (MetricsSystemImpl.java:register(276)) - Sink prometheus already exists!
2019-09-16 16:47:06,440 [main] INFO  server.BaseHttpServer (BaseHttpServer.java:updateConnectorAddress(215)) - HTTP server of HDDSDATANODE is listening at http://0.0.0.0:32949
2019-09-16 16:47:06,444 [main] INFO  ozone.MiniOzoneClusterImpl (MiniOzoneClusterImpl.java:lambda$waitForClusterToBeReady$0(145)) - Waiting for cluster to be ready. Got 0 of 10 DN Heartbeats.
2019-09-16 16:47:06,445 [org.apache.hadoop.util.JvmPauseMonitor$Monitor@38e22b8b] INFO  util.JvmPauseMonitor (JvmPauseMonitor.java:run(188)) - Starting JVM pause monitor
2019-09-16 16:47:06,449 [Datanode State Machine Thread - 0] INFO  datanode.InitDatanodeState (InitDatanodeState.java:persistContainerDatanodeDetails(140)) - DatanodeDetails is persisted to /workdir/hadoop-ozone/integration-test/target/test-dir/MiniOzoneClusterImpl-2814d36b-6019-42fc-a66f-ece8bfc5d7d4/datanode-9/meta/datanode.id
2019-09-16 16:47:07,445 [main] INFO  ozone.MiniOzoneClusterImpl (MiniOzoneClusterImpl.java:lambda$waitForClusterToBeReady$0(145)) - Waiting for cluster to be ready. Got 0 of 10 DN Heartbeats.
2019-09-16 16:47:07,834 [Datanode State Machine Thread - 0] INFO  ozoneimpl.OzoneContainer (OzoneContainer.java:start(217)) - Attempting to start container services.
2019-09-16 16:47:07,836 [Datanode State Machine Thread - 0] INFO  ozoneimpl.OzoneContainer (OzoneContainer.java:startContainerScrub(179)) - Background container scanner has been disabled.
2019-09-16 16:47:07,836 [Datanode State Machine Thread - 0] INFO  ratis.XceiverServerRatis (XceiverServerRatis.java:start(411)) - Starting XceiverServerRatis d7db739d-8a5f-427c-bc0a-5603ac8ba161 at port 0
2019-09-16 16:47:07,852 [Datanode State Machine Thread - 0] INFO  ozoneimpl.OzoneContainer (OzoneContainer.java:start(217)) - Attempting to start container services.
2019-09-16 16:47:07,858 [Datanode State Machine Thread - 0] INFO  ozoneimpl.OzoneContainer (OzoneContainer.java:startContainerScrub(179)) - Background container scanner has been disabled.
2019-09-16 16:47:07,858 [Datanode State Machine Thread - 0] INFO  ratis.XceiverServerRatis (XceiverServerRatis.java:start(411)) - Starting XceiverServerRatis 44446946-e2df-49b4-a08f-7c38e08da8da at port 0
2019-09-16 16:47:07,868 [Datanode State Machine Thread - 0] INFO  impl.RaftServerProxy (RaftServerProxy.java:lambda$start$3(299)) - d7db739d-8a5f-427c-bc0a-5603ac8ba161: start RPC server
2019-09-16 16:47:07,869 [Datanode State Machine Thread - 0] INFO  impl.RaftServerProxy (RaftServerProxy.java:lambda$start$3(299)) - 44446946-e2df-49b4-a08f-7c38e08da8da: start RPC server
2019-09-16 16:47:07,931 [Datanode State Machine Thread - 0] INFO  ozoneimpl.OzoneContainer (OzoneContainer.java:start(217)) - Attempting to start container services.
2019-09-16 16:47:07,931 [Datanode State Machine Thread - 0] INFO  ozoneimpl.OzoneContainer (OzoneContainer.java:startContainerScrub(179)) - Background container scanner has been disabled.
2019-09-16 16:47:07,931 [Datanode State Machine Thread - 0] INFO  ratis.XceiverServerRatis (XceiverServerRatis.java:start(411)) - Starting XceiverServerRatis 37aba10a-6fc0-4836-82ce-0d66a20effe5 at port 0
2019-09-16 16:47:07,940 [Datanode State Machine Thread - 0] INFO  impl.RaftServerProxy (RaftServerProxy.java:lambda$start$3(299)) - 37aba10a-6fc0-4836-82ce-0d66a20effe5: start RPC server
2019-09-16 16:47:08,007 [Datanode State Machine Thread - 0] INFO  ozoneimpl.OzoneContainer (OzoneContainer.java:start(217)) - Attempting to start container services.
2019-09-16 16:47:08,007 [Datanode State Machine Thread - 0] INFO  ozoneimpl.OzoneContainer (OzoneContainer.java:startContainerScrub(179)) - Background container scanner has been disabled.
2019-09-16 16:47:08,008 [Datanode State Machine Thread - 0] INFO  ratis.XceiverServerRatis (XceiverServerRatis.java:start(411)) - Starting XceiverServerRatis f1ea936a-1aa4-4b4f-a193-5108e1c15289 at port 0
2019-09-16 16:47:08,023 [Datanode State Machine Thread - 0] INFO  impl.RaftServerProxy (RaftServerProxy.java:lambda$start$3(299)) - f1ea936a-1aa4-4b4f-a193-5108e1c15289: start RPC server
2019-09-16 16:47:08,033 [Datanode State Machine Thread - 0] INFO  server.GrpcService (GrpcService.java:startImpl(158)) - f1ea936a-1aa4-4b4f-a193-5108e1c15289: GrpcService started, listening on 0.0.0.0/0.0.0.0:33857
2019-09-16 16:47:08,033 [Datanode State Machine Thread - 0] INFO  server.GrpcService (GrpcService.java:startImpl(158)) - 37aba10a-6fc0-4836-82ce-0d66a20effe5: GrpcService started, listening on 0.0.0.0/0.0.0.0:35204
2019-09-16 16:47:08,033 [Datanode State Machine Thread - 0] INFO  server.GrpcService (GrpcService.java:startImpl(158)) - 44446946-e2df-49b4-a08f-7c38e08da8da: GrpcService started, listening on 0.0.0.0/0.0.0.0:45592
2019-09-16 16:47:08,033 [Datanode State Machine Thread - 0] INFO  server.GrpcService (GrpcService.java:startImpl(158)) - d7db739d-8a5f-427c-bc0a-5603ac8ba161: GrpcService started, listening on 0.0.0.0/0.0.0.0:39532
2019-09-16 16:47:08,035 [Datanode State Machine Thread - 0] INFO  ratis.XceiverServerRatis (XceiverServerRatis.java:start(421)) - XceiverServerRatis 44446946-e2df-49b4-a08f-7c38e08da8da is started using port 45592
2019-09-16 16:47:08,035 [Datanode State Machine Thread - 0] INFO  ratis.XceiverServerRatis (XceiverServerRatis.java:start(421)) - XceiverServerRatis 37aba10a-6fc0-4836-82ce-0d66a20effe5 is started using port 35204
2019-09-16 16:47:08,035 [Datanode State Machine Thread - 0] INFO  ratis.XceiverServerRatis (XceiverServerRatis.java:start(421)) - XceiverServerRatis f1ea936a-1aa4-4b4f-a193-5108e1c15289 is started using port 33857
2019-09-16 16:47:08,036 [Datanode State Machine Thread - 0] INFO  ratis.XceiverServerRatis (XceiverServerRatis.java:start(421)) - XceiverServerRatis d7db739d-8a5f-427c-bc0a-5603ac8ba161 is started using port 39532
2019-09-16 16:47:08,048 [Datanode State Machine Thread - 0] INFO  server.XceiverServerGrpc (XceiverServerGrpc.java:start(163)) - XceiverServerGrpc d7db739d-8a5f-427c-bc0a-5603ac8ba161 is started using port 44012
2019-09-16 16:47:08,049 [Datanode State Machine Thread - 0] INFO  server.XceiverServerGrpc (XceiverServerGrpc.java:start(163)) - XceiverServerGrpc 37aba10a-6fc0-4836-82ce-0d66a20effe5 is started using port 35758
2019-09-16 16:47:08,048 [Datanode State Machine Thread - 0] INFO  server.XceiverServerGrpc (XceiverServerGrpc.java:start(163)) - XceiverServerGrpc f1ea936a-1aa4-4b4f-a193-5108e1c15289 is started using port 45640
2019-09-16 16:47:08,049 [Datanode State Machine Thread - 0] INFO  server.XceiverServerGrpc (XceiverServerGrpc.java:start(163)) - XceiverServerGrpc 44446946-e2df-49b4-a08f-7c38e08da8da is started using port 44528
2019-09-16 16:47:08,071 [Datanode State Machine Thread - 0] INFO  ozoneimpl.OzoneContainer (OzoneContainer.java:start(217)) - Attempting to start container services.
2019-09-16 16:47:08,071 [Datanode State Machine Thread - 0] INFO  ozoneimpl.OzoneContainer (OzoneContainer.java:startContainerScrub(179)) - Background container scanner has been disabled.
2019-09-16 16:47:08,071 [Datanode State Machine Thread - 0] INFO  ratis.XceiverServerRatis (XceiverServerRatis.java:start(411)) - Starting XceiverServerRatis b1d373fd-82f2-45f9-929a-b8d8660dbeb2 at port 0
2019-09-16 16:47:08,079 [Datanode State Machine Thread - 0] INFO  impl.RaftServerProxy (RaftServerProxy.java:lambda$start$3(299)) - b1d373fd-82f2-45f9-929a-b8d8660dbeb2: start RPC server
2019-09-16 16:47:08,083 [Datanode State Machine Thread - 0] INFO  server.GrpcService (GrpcService.java:startImpl(158)) - b1d373fd-82f2-45f9-929a-b8d8660dbeb2: GrpcService started, listening on 0.0.0.0/0.0.0.0:42789
2019-09-16 16:47:08,083 [Datanode State Machine Thread - 0] INFO  ratis.XceiverServerRatis (XceiverServerRatis.java:start(421)) - XceiverServerRatis b1d373fd-82f2-45f9-929a-b8d8660dbeb2 is started using port 42789
2019-09-16 16:47:08,087 [Datanode State Machine Thread - 0] INFO  server.XceiverServerGrpc (XceiverServerGrpc.java:start(163)) - XceiverServerGrpc b1d373fd-82f2-45f9-929a-b8d8660dbeb2 is started using port 44692
2019-09-16 16:47:08,163 [Datanode State Machine Thread - 0] INFO  ozoneimpl.OzoneContainer (OzoneContainer.java:start(217)) - Attempting to start container services.
2019-09-16 16:47:08,163 [Datanode State Machine Thread - 0] INFO  ozoneimpl.OzoneContainer (OzoneContainer.java:startContainerScrub(179)) - Background container scanner has been disabled.
2019-09-16 16:47:08,163 [Datanode State Machine Thread - 0] INFO  ratis.XceiverServerRatis (XceiverServerRatis.java:start(411)) - Starting XceiverServerRatis 211683d0-e7e4-43b3-9a19-c932c2e3e607 at port 0
2019-09-16 16:47:08,170 [Datanode State Machine Thread - 0] INFO  impl.RaftServerProxy (RaftServerProxy.java:lambda$start$3(299)) - 211683d0-e7e4-43b3-9a19-c932c2e3e607: start RPC server
2019-09-16 16:47:08,175 [Datanode State Machine Thread - 0] INFO  server.GrpcService (GrpcService.java:startImpl(158)) - 211683d0-e7e4-43b3-9a19-c932c2e3e607: GrpcService started, listening on 0.0.0.0/0.0.0.0:38618
2019-09-16 16:47:08,175 [Datanode State Machine Thread - 0] INFO  ratis.XceiverServerRatis (XceiverServerRatis.java:start(421)) - XceiverServerRatis 211683d0-e7e4-43b3-9a19-c932c2e3e607 is started using port 38618
2019-09-16 16:47:08,179 [Datanode State Machine Thread - 0] INFO  server.XceiverServerGrpc (XceiverServerGrpc.java:start(163)) - XceiverServerGrpc 211683d0-e7e4-43b3-9a19-c932c2e3e607 is started using port 37668
2019-09-16 16:47:08,232 [Datanode State Machine Thread - 0] INFO  ozoneimpl.OzoneContainer (OzoneContainer.java:start(217)) - Attempting to start container services.
2019-09-16 16:47:08,232 [Datanode State Machine Thread - 0] INFO  ozoneimpl.OzoneContainer (OzoneContainer.java:startContainerScrub(179)) - Background container scanner has been disabled.
2019-09-16 16:47:08,233 [Datanode State Machine Thread - 0] INFO  ratis.XceiverServerRatis (XceiverServerRatis.java:start(411)) - Starting XceiverServerRatis 13e0063a-a130-4fd5-85d5-da091d0097cd at port 0
2019-09-16 16:47:08,239 [Datanode State Machine Thread - 0] INFO  impl.RaftServerProxy (RaftServerProxy.java:lambda$start$3(299)) - 13e0063a-a130-4fd5-85d5-da091d0097cd: start RPC server
2019-09-16 16:47:08,245 [Datanode State Machine Thread - 0] INFO  server.GrpcService (GrpcService.java:startImpl(158)) - 13e0063a-a130-4fd5-85d5-da091d0097cd: GrpcService started, listening on 0.0.0.0/0.0.0.0:45509
2019-09-16 16:47:08,245 [Datanode State Machine Thread - 0] INFO  ratis.XceiverServerRatis (XceiverServerRatis.java:start(421)) - XceiverServerRatis 13e0063a-a130-4fd5-85d5-da091d0097cd is started using port 45509
2019-09-16 16:47:08,250 [Datanode State Machine Thread - 0] INFO  server.XceiverServerGrpc (XceiverServerGrpc.java:start(163)) - XceiverServerGrpc 13e0063a-a130-4fd5-85d5-da091d0097cd is started using port 37780
2019-09-16 16:47:08,343 [Datanode State Machine Thread - 0] INFO  ozoneimpl.OzoneContainer (OzoneContainer.java:start(217)) - Attempting to start container services.
2019-09-16 16:47:08,343 [Datanode State Machine Thread - 0] INFO  ozoneimpl.OzoneContainer (OzoneContainer.java:startContainerScrub(179)) - Background container scanner has been disabled.
2019-09-16 16:47:08,343 [Datanode State Machine Thread - 0] INFO  ratis.XceiverServerRatis (XceiverServerRatis.java:start(411)) - Starting XceiverServerRatis 6044b653-4ba3-462e-b1d8-fff4097cca63 at port 0
2019-09-16 16:47:08,349 [Datanode State Machine Thread - 0] INFO  impl.RaftServerProxy (RaftServerProxy.java:lambda$start$3(299)) - 6044b653-4ba3-462e-b1d8-fff4097cca63: start RPC server
2019-09-16 16:47:08,354 [Datanode State Machine Thread - 0] INFO  server.GrpcService (GrpcService.java:startImpl(158)) - 6044b653-4ba3-462e-b1d8-fff4097cca63: GrpcService started, listening on 0.0.0.0/0.0.0.0:43507
2019-09-16 16:47:08,354 [Datanode State Machine Thread - 0] INFO  ratis.XceiverServerRatis (XceiverServerRatis.java:start(421)) - XceiverServerRatis 6044b653-4ba3-462e-b1d8-fff4097cca63 is started using port 43507
2019-09-16 16:47:08,358 [Datanode State Machine Thread - 0] INFO  server.XceiverServerGrpc (XceiverServerGrpc.java:start(163)) - XceiverServerGrpc 6044b653-4ba3-462e-b1d8-fff4097cca63 is started using port 44436
2019-09-16 16:47:08,407 [Datanode State Machine Thread - 0] INFO  ozoneimpl.OzoneContainer (OzoneContainer.java:start(217)) - Attempting to start container services.
2019-09-16 16:47:08,407 [Datanode State Machine Thread - 0] INFO  ozoneimpl.OzoneContainer (OzoneContainer.java:startContainerScrub(179)) - Background container scanner has been disabled.
2019-09-16 16:47:08,407 [Datanode State Machine Thread - 0] INFO  ratis.XceiverServerRatis (XceiverServerRatis.java:start(411)) - Starting XceiverServerRatis 31ff8a7c-4ef6-4603-8d7a-5c866c7f5672 at port 0
2019-09-16 16:47:08,416 [Datanode State Machine Thread - 0] INFO  impl.RaftServerProxy (RaftServerProxy.java:lambda$start$3(299)) - 31ff8a7c-4ef6-4603-8d7a-5c866c7f5672: start RPC server
2019-09-16 16:47:08,421 [Datanode State Machine Thread - 0] INFO  server.GrpcService (GrpcService.java:startImpl(158)) - 31ff8a7c-4ef6-4603-8d7a-5c866c7f5672: GrpcService started, listening on 0.0.0.0/0.0.0.0:39370
2019-09-16 16:47:08,422 [Datanode State Machine Thread - 0] INFO  ratis.XceiverServerRatis (XceiverServerRatis.java:start(421)) - XceiverServerRatis 31ff8a7c-4ef6-4603-8d7a-5c866c7f5672 is started using port 39370
2019-09-16 16:47:08,427 [Datanode State Machine Thread - 0] INFO  server.XceiverServerGrpc (XceiverServerGrpc.java:start(163)) - XceiverServerGrpc 31ff8a7c-4ef6-4603-8d7a-5c866c7f5672 is started using port 33176
2019-09-16 16:47:08,446 [main] INFO  ozone.MiniOzoneClusterImpl (MiniOzoneClusterImpl.java:lambda$waitForClusterToBeReady$0(145)) - Waiting for cluster to be ready. Got 0 of 10 DN Heartbeats.
2019-09-16 16:47:08,474 [Datanode State Machine Thread - 0] INFO  ozoneimpl.OzoneContainer (OzoneContainer.java:start(217)) - Attempting to start container services.
2019-09-16 16:47:08,474 [Datanode State Machine Thread - 0] INFO  ozoneimpl.OzoneContainer (OzoneContainer.java:startContainerScrub(179)) - Background container scanner has been disabled.
2019-09-16 16:47:08,474 [Datanode State Machine Thread - 0] INFO  ratis.XceiverServerRatis (XceiverServerRatis.java:start(411)) - Starting XceiverServerRatis 22812086-b692-43a0-8348-44721a5a82d7 at port 0
2019-09-16 16:47:08,483 [Datanode State Machine Thread - 0] INFO  impl.RaftServerProxy (RaftServerProxy.java:lambda$start$3(299)) - 22812086-b692-43a0-8348-44721a5a82d7: start RPC server
2019-09-16 16:47:08,499 [Datanode State Machine Thread - 0] INFO  server.GrpcService (GrpcService.java:startImpl(158)) - 22812086-b692-43a0-8348-44721a5a82d7: GrpcService started, listening on 0.0.0.0/0.0.0.0:33209
2019-09-16 16:47:08,499 [Datanode State Machine Thread - 0] INFO  ratis.XceiverServerRatis (XceiverServerRatis.java:start(421)) - XceiverServerRatis 22812086-b692-43a0-8348-44721a5a82d7 is started using port 33209
2019-09-16 16:47:08,527 [Datanode State Machine Thread - 0] INFO  server.XceiverServerGrpc (XceiverServerGrpc.java:start(163)) - XceiverServerGrpc 22812086-b692-43a0-8348-44721a5a82d7 is started using port 38478
2019-09-16 16:47:09,446 [main] INFO  ozone.MiniOzoneClusterImpl (MiniOzoneClusterImpl.java:lambda$waitForClusterToBeReady$0(145)) - Waiting for cluster to be ready. Got 0 of 10 DN Heartbeats.
2019-09-16 16:47:09,801 [IPC Server handler 4 on 43634] INFO  net.NetworkTopology (NetworkTopologyImpl.java:add(110)) - Added a new node: /default-rack/d7db739d-8a5f-427c-bc0a-5603ac8ba161
2019-09-16 16:47:09,802 [IPC Server handler 4 on 43634] INFO  node.SCMNodeManager (SCMNodeManager.java:register(266)) - Registered Data node : d7db739d-8a5f-427c-bc0a-5603ac8ba161{ip: 192.168.5.184, host: pr-hdds-2022-qxstf-1422721469, networkLocation: /default-rack, certSerialId: null}
2019-09-16 16:47:09,809 [EventQueue-NodeRegistrationContainerReportForDataNodeSafeModeRule] INFO  safemode.SCMSafeModeManager (DataNodeSafeModeRule.java:process(71)) - SCM in safe mode. 1 DataNodes registered, 1 required.
2019-09-16 16:47:09,809 [EventQueue-NodeRegistrationContainerReportForDataNodeSafeModeRule] INFO  safemode.SCMSafeModeManager (SCMSafeModeManager.java:validateSafeModeExitRules(177)) - ScmSafeModeManager, all rules are successfully validated
2019-09-16 16:47:09,809 [EventQueue-NodeRegistrationContainerReportForDataNodeSafeModeRule] INFO  safemode.SCMSafeModeManager (SCMSafeModeManager.java:exitSafeMode(193)) - SCM exiting safe mode.
2019-09-16 16:47:09,836 [IPC Server handler 0 on 43634] INFO  net.NetworkTopology (NetworkTopologyImpl.java:add(110)) - Added a new node: /default-rack/44446946-e2df-49b4-a08f-7c38e08da8da
2019-09-16 16:47:09,836 [IPC Server handler 0 on 43634] INFO  node.SCMNodeManager (SCMNodeManager.java:register(266)) - Registered Data node : 44446946-e2df-49b4-a08f-7c38e08da8da{ip: 192.168.5.184, host: pr-hdds-2022-qxstf-1422721469, networkLocation: /default-rack, certSerialId: null}
2019-09-16 16:47:09,906 [IPC Server handler 3 on 43634] INFO  net.NetworkTopology (NetworkTopologyImpl.java:add(110)) - Added a new node: /default-rack/37aba10a-6fc0-4836-82ce-0d66a20effe5
2019-09-16 16:47:09,906 [IPC Server handler 3 on 43634] INFO  node.SCMNodeManager (SCMNodeManager.java:register(266)) - Registered Data node : 37aba10a-6fc0-4836-82ce-0d66a20effe5{ip: 192.168.5.184, host: pr-hdds-2022-qxstf-1422721469, networkLocation: /default-rack, certSerialId: null}
2019-09-16 16:47:09,981 [IPC Server handler 8 on 43634] INFO  net.NetworkTopology (NetworkTopologyImpl.java:add(110)) - Added a new node: /default-rack/f1ea936a-1aa4-4b4f-a193-5108e1c15289
2019-09-16 16:47:09,981 [IPC Server handler 8 on 43634] INFO  node.SCMNodeManager (SCMNodeManager.java:register(266)) - Registered Data node : f1ea936a-1aa4-4b4f-a193-5108e1c15289{ip: 192.168.5.184, host: pr-hdds-2022-qxstf-1422721469, networkLocation: /default-rack, certSerialId: null}
2019-09-16 16:47:10,055 [IPC Server handler 11 on 43634] INFO  net.NetworkTopology (NetworkTopologyImpl.java:add(110)) - Added a new node: /default-rack/b1d373fd-82f2-45f9-929a-b8d8660dbeb2
2019-09-16 16:47:10,056 [IPC Server handler 11 on 43634] INFO  node.SCMNodeManager (SCMNodeManager.java:register(266)) - Registered Data node : b1d373fd-82f2-45f9-929a-b8d8660dbeb2{ip: 192.168.5.184, host: pr-hdds-2022-qxstf-1422721469, networkLocation: /default-rack, certSerialId: null}
2019-09-16 16:47:10,131 [IPC Server handler 9 on 43634] INFO  net.NetworkTopology (NetworkTopologyImpl.java:add(110)) - Added a new node: /default-rack/211683d0-e7e4-43b3-9a19-c932c2e3e607
2019-09-16 16:47:10,132 [IPC Server handler 9 on 43634] INFO  node.SCMNodeManager (SCMNodeManager.java:register(266)) - Registered Data node : 211683d0-e7e4-43b3-9a19-c932c2e3e607{ip: 192.168.5.184, host: pr-hdds-2022-qxstf-1422721469, networkLocation: /default-rack, certSerialId: null}
2019-09-16 16:47:10,211 [IPC Server handler 1 on 43634] INFO  net.NetworkTopology (NetworkTopologyImpl.java:add(110)) - Added a new node: /default-rack/13e0063a-a130-4fd5-85d5-da091d0097cd
2019-09-16 16:47:10,211 [IPC Server handler 1 on 43634] INFO  node.SCMNodeManager (SCMNodeManager.java:register(266)) - Registered Data node : 13e0063a-a130-4fd5-85d5-da091d0097cd{ip: 192.168.5.184, host: pr-hdds-2022-qxstf-1422721469, networkLocation: /default-rack, certSerialId: null}
2019-09-16 16:47:10,302 [IPC Server handler 5 on 43634] INFO  net.NetworkTopology (NetworkTopologyImpl.java:add(110)) - Added a new node: /default-rack/6044b653-4ba3-462e-b1d8-fff4097cca63
2019-09-16 16:47:10,302 [IPC Server handler 5 on 43634] INFO  node.SCMNodeManager (SCMNodeManager.java:register(266)) - Registered Data node : 6044b653-4ba3-462e-b1d8-fff4097cca63{ip: 192.168.5.184, host: pr-hdds-2022-qxstf-1422721469, networkLocation: /default-rack, certSerialId: null}
2019-09-16 16:47:10,380 [IPC Server handler 6 on 43634] INFO  net.NetworkTopology (NetworkTopologyImpl.java:add(110)) - Added a new node: /default-rack/31ff8a7c-4ef6-4603-8d7a-5c866c7f5672
2019-09-16 16:47:10,381 [IPC Server handler 6 on 43634] INFO  node.SCMNodeManager (SCMNodeManager.java:register(266)) - Registered Data node : 31ff8a7c-4ef6-4603-8d7a-5c866c7f5672{ip: 192.168.5.184, host: pr-hdds-2022-qxstf-1422721469, networkLocation: /default-rack, certSerialId: null}
2019-09-16 16:47:10,447 [main] INFO  ozone.MiniOzoneClusterImpl (MiniOzoneClusterImpl.java:lambda$waitForClusterToBeReady$0(145)) - Waiting for cluster to be ready. Got 9 of 10 DN Heartbeats.
2019-09-16 16:47:10,466 [IPC Server handler 4 on 43634] INFO  net.NetworkTopology (NetworkTopologyImpl.java:add(110)) - Added a new node: /default-rack/22812086-b692-43a0-8348-44721a5a82d7
2019-09-16 16:47:10,467 [IPC Server handler 4 on 43634] INFO  node.SCMNodeManager (SCMNodeManager.java:register(266)) - Registered Data node : 22812086-b692-43a0-8348-44721a5a82d7{ip: 192.168.5.184, host: pr-hdds-2022-qxstf-1422721469, networkLocation: /default-rack, certSerialId: null}
2019-09-16 16:47:10,493 [grpc-default-executor-0] INFO  impl.RaftServerProxy (RaftServerProxy.java:addNew(89)) - d7db739d-8a5f-427c-bc0a-5603ac8ba161: addNew group-05BB73A67ED0:[d7db739d-8a5f-427c-bc0a-5603ac8ba161:192.168.5.184:39532] returns group-05BB73A67ED0:java.util.concurrent.CompletableFuture@3981cf19[Not completed]
2019-09-16 16:47:10,520 [pool-27-thread-1] INFO  impl.RaftServerImpl (RaftServerImpl.java:<init>(95)) - d7db739d-8a5f-427c-bc0a-5603ac8ba161: new RaftServerImpl for group-05BB73A67ED0:[d7db739d-8a5f-427c-bc0a-5603ac8ba161:192.168.5.184:39532] with ContainerStateMachine:uninitialized
2019-09-16 16:47:10,522 [pool-27-thread-1] INFO  server.RaftServerConfigKeys (ConfUtils.java:logGet(43)) - raft.server.rpc.timeout.min = 1s (custom)
2019-09-16 16:47:10,524 [pool-27-thread-1] INFO  server.RaftServerConfigKeys (ConfUtils.java:logGet(43)) - raft.server.rpc.timeout.max = 1200ms (custom)
2019-09-16 16:47:10,524 [pool-27-thread-1] INFO  server.RaftServerConfigKeys (ConfUtils.java:logGet(43)) - raft.server.rpcslowness.timeout = 120s (custom)
2019-09-16 16:47:10,525 [pool-27-thread-1] INFO  server.RaftServerConfigKeys (ConfUtils.java:logGet(43)) - raft.server.sleep.deviation.threshold = 300 (default)
2019-09-16 16:47:10,526 [pool-27-thread-1] INFO  server.RaftServerConfigKeys (ConfUtils.java:logGet(43)) - raft.server.log.appender.install.snapshot.enabled = false (custom)
2019-09-16 16:47:10,535 [pool-27-thread-1] INFO  impl.RaftServerImpl (ServerState.java:<init>(103)) - d7db739d-8a5f-427c-bc0a-5603ac8ba161@group-05BB73A67ED0: ConfigurationManager, init=-1: [d7db739d-8a5f-427c-bc0a-5603ac8ba161:192.168.5.184:39532], old=null, confs=<EMPTY_MAP>
2019-09-16 16:47:10,535 [pool-27-thread-1] INFO  server.RaftServerConfigKeys (ConfUtils.java:logGet(43)) - raft.server.storage.dir = [/workdir/hadoop-ozone/integration-test/target/test-dir/MiniOzoneClusterImpl-2814d36b-6019-42fc-a66f-ece8bfc5d7d4/datanode-0/data/ratis] (custom)
2019-09-16 16:47:10,544 [pool-27-thread-1] INFO  storage.RaftStorageDirectory (RaftStorageDirectory.java:analyzeStorage(246)) - The storage directory /workdir/hadoop-ozone/integration-test/target/test-dir/MiniOzoneClusterImpl-2814d36b-6019-42fc-a66f-ece8bfc5d7d4/datanode-0/data/ratis/dff9008e-f79e-47a7-9608-05bb73a67ed0 does not exist. Creating ...
2019-09-16 16:47:10,591 [pool-27-thread-1] INFO  storage.RaftStorageDirectory (RaftStorageDirectory.java:tryLock(328)) - Lock on /workdir/hadoop-ozone/integration-test/target/test-dir/MiniOzoneClusterImpl-2814d36b-6019-42fc-a66f-ece8bfc5d7d4/datanode-0/data/ratis/dff9008e-f79e-47a7-9608-05bb73a67ed0/in_use.lock acquired by nodename 6929@pr-hdds-2022-qxstf-1422721469
2019-09-16 16:47:10,616 [pool-27-thread-1] INFO  storage.RaftStorage (RaftStorage.java:format(72)) - Storage directory /workdir/hadoop-ozone/integration-test/target/test-dir/MiniOzoneClusterImpl-2814d36b-6019-42fc-a66f-ece8bfc5d7d4/datanode-0/data/ratis/dff9008e-f79e-47a7-9608-05bb73a67ed0 has been successfully formatted.
2019-09-16 16:47:10,619 [pool-27-thread-1] INFO  ratis.ContainerStateMachine (ContainerStateMachine.java:loadSnapshot(230)) - group-05BB73A67ED0: The snapshot info is null. Setting the last applied indexto:(t:0, i:~)
2019-09-16 16:47:10,620 [pool-27-thread-1] INFO  server.RaftServerConfigKeys (ConfUtils.java:logGet(43)) - raft.server.notification.no-leader.timeout = 120s (custom)
2019-09-16 16:47:10,622 [pool-27-thread-1] INFO  server.RaftServerConfigKeys (ConfUtils.java:logGet(43)) - raft.server.log.use.memory = false (default)
2019-09-16 16:47:10,630 [pool-27-thread-1] INFO  server.RaftServerConfigKeys (ConfUtils.java:logGet(43)) - raft.server.log.purge.gap = 1000000 (custom)
2019-09-16 16:47:10,630 [pool-27-thread-1] INFO  server.RaftServerConfigKeys (ConfUtils.java:logGet(43)) - raft.server.log.appender.buffer.byte-limit = 33554432 (custom)
2019-09-16 16:47:10,633 [pool-27-thread-1] INFO  server.RaftServerConfigKeys (ConfUtils.java:logGet(43)) - raft.server.log.segment.size.max = 1048576 (custom)
2019-09-16 16:47:10,638 [pool-27-thread-1] INFO  server.RaftServerConfigKeys (ConfUtils.java:logGet(43)) - raft.server.log.segment.cache.num.max = 2 (custom)
2019-09-16 16:47:10,644 [pool-27-thread-1] INFO  segmented.SegmentedRaftLogWorker (SegmentedRaftLogWorker.java:<init>(172)) - new d7db739d-8a5f-427c-bc0a-5603ac8ba161@group-05BB73A67ED0-SegmentedRaftLogWorker for RaftStorage:Storage Directory /workdir/hadoop-ozone/integration-test/target/test-dir/MiniOzoneClusterImpl-2814d36b-6019-42fc-a66f-ece8bfc5d7d4/datanode-0/data/ratis/dff9008e-f79e-47a7-9608-05bb73a67ed0
2019-09-16 16:47:10,646 [pool-27-thread-1] INFO  impl.MetricsSystemImpl (MetricsSystemImpl.java:init(158)) - ratis metrics system started (again)
2019-09-16 16:47:10,684 [pool-27-thread-1] INFO  server.RaftServerConfigKeys (ConfUtils.java:logGet(43)) - raft.server.log.queue.byte-limit = 2147483647 (custom)
2019-09-16 16:47:10,685 [pool-27-thread-1] INFO  server.RaftServerConfigKeys (ConfUtils.java:logGet(43)) - raft.server.log.queue.element-limit = 1024 (custom)
2019-09-16 16:47:10,688 [pool-27-thread-1] INFO  server.RaftServerConfigKeys (ConfUtils.java:logGet(43)) - raft.server.log.segment.size.max = 1048576 (custom)
2019-09-16 16:47:10,689 [pool-27-thread-1] INFO  server.RaftServerConfigKeys (ConfUtils.java:logGet(43)) - raft.server.log.preallocated.size = 16384 (custom)
2019-09-16 16:47:10,689 [pool-27-thread-1] INFO  server.RaftServerConfigKeys (ConfUtils.java:logGet(43)) - raft.server.log.write.buffer.size = 33554432 (custom)
2019-09-16 16:47:10,690 [pool-27-thread-1] INFO  server.RaftServerConfigKeys (ConfUtils.java:logGet(43)) - raft.server.log.force.sync.num = 128 (default)
2019-09-16 16:47:10,691 [pool-27-thread-1] INFO  server.RaftServerConfigKeys (ConfUtils.java:logGet(43)) - raft.server.log.statemachine.data.sync = true (default)
2019-09-16 16:47:10,691 [pool-27-thread-1] INFO  server.RaftServerConfigKeys (ConfUtils.java:logGet(43)) - raft.server.log.statemachine.data.sync.timeout = 10s (default)
2019-09-16 16:47:10,691 [pool-27-thread-1] INFO  server.RaftServerConfigKeys (ConfUtils.java:logGet(43)) - raft.server.log.statemachine.data.sync.timeout.retry = -1 (default)
2019-09-16 16:47:10,700 [pool-27-thread-1] INFO  server.RaftServerConfigKeys (ConfUtils.java:logGet(43)) - raft.server.log.statemachine.data.caching.enabled = true (custom)
2019-09-16 16:47:10,704 [pool-27-thread-1] INFO  segmented.SegmentedRaftLogWorker (SegmentedRaftLogWorker.java:lambda$new$0(132)) - d7db739d-8a5f-427c-bc0a-5603ac8ba161@group-05BB73A67ED0-SegmentedRaftLogWorker: flushIndex: setUnconditionally 0 -> -1
2019-09-16 16:47:10,708 [pool-27-thread-1] INFO  server.RaftServerConfigKeys (ConfUtils.java:logGet(43)) - raft.server.snapshot.auto.trigger.enabled = true (custom)
2019-09-16 16:47:10,709 [pool-27-thread-1] INFO  server.RaftServerConfigKeys (ConfUtils.java:logGet(43)) - raft.server.snapshot.auto.trigger.threshold = 10000 (custom)
2019-09-16 16:47:10,709 [pool-27-thread-1] INFO  server.RaftServerConfigKeys (ConfUtils.java:logGet(43)) - raft.server.snapshot.retention.num.files = 5 (custom)
2019-09-16 16:47:10,710 [pool-27-thread-1] INFO  server.RaftServerConfigKeys (ConfUtils.java:logGet(43)) - raft.server.retrycache.expirytime = 600000ms (custom)
2019-09-16 16:47:10,736 [pool-27-thread-1] INFO  impl.RaftServerImpl (RaftServerImpl.java:start(185)) - d7db739d-8a5f-427c-bc0a-5603ac8ba161@group-05BB73A67ED0: start as a follower, conf=-1: [d7db739d-8a5f-427c-bc0a-5603ac8ba161:192.168.5.184:39532], old=null
2019-09-16 16:47:10,737 [pool-27-thread-1] INFO  impl.RaftServerImpl (RaftServerImpl.java:setRole(174)) - d7db739d-8a5f-427c-bc0a-5603ac8ba161@group-05BB73A67ED0: changes role from      null to FOLLOWER at term 0 for startAsFollower
2019-09-16 16:47:10,738 [pool-27-thread-1] INFO  impl.RoleInfo (RoleInfo.java:updateAndGet(143)) - d7db739d-8a5f-427c-bc0a-5603ac8ba161: start FollowerState
2019-09-16 16:47:10,739 [pool-27-thread-1] INFO  util.JmxRegister (JmxRegister.java:tryRegister(44)) - Successfully registered JMX Bean with object name Ratis:service=RaftServer,group=group-05BB73A67ED0,id=d7db739d-8a5f-427c-bc0a-5603ac8ba161
2019-09-16 16:47:10,804 [RatisPipelineUtilsThread] INFO  pipeline.PipelineStateManager (PipelineStateManager.java:addPipeline(56)) - Created pipeline Pipeline[ Id: dff9008e-f79e-47a7-9608-05bb73a67ed0, Nodes: d7db739d-8a5f-427c-bc0a-5603ac8ba161{ip: 192.168.5.184, host: pr-hdds-2022-qxstf-1422721469, networkLocation: /default-rack, certSerialId: null}, Type:RATIS, Factor:ONE, State:OPEN]
2019-09-16 16:47:10,841 [grpc-default-executor-0] INFO  impl.RaftServerProxy (RaftServerProxy.java:addNew(89)) - 22812086-b692-43a0-8348-44721a5a82d7: addNew group-6FDF505D6F2F:[22812086-b692-43a0-8348-44721a5a82d7:192.168.5.184:33209] returns group-6FDF505D6F2F:java.util.concurrent.CompletableFuture@59e6c727[Not completed]
2019-09-16 16:47:10,907 [pool-117-thread-1] INFO  impl.RaftServerImpl (RaftServerImpl.java:<init>(95)) - 22812086-b692-43a0-8348-44721a5a82d7: new RaftServerImpl for group-6FDF505D6F2F:[22812086-b692-43a0-8348-44721a5a82d7:192.168.5.184:33209] with ContainerStateMachine:uninitialized
2019-09-16 16:47:10,909 [pool-117-thread-1] INFO  server.RaftServerConfigKeys (ConfUtils.java:logGet(43)) - raft.server.rpc.timeout.min = 1s (custom)
2019-09-16 16:47:10,909 [pool-117-thread-1] INFO  server.RaftServerConfigKeys (ConfUtils.java:logGet(43)) - raft.server.rpc.timeout.max = 1200ms (custom)
2019-09-16 16:47:10,909 [pool-117-thread-1] INFO  server.RaftServerConfigKeys (ConfUtils.java:logGet(43)) - raft.server.rpcslowness.timeout = 120s (custom)
2019-09-16 16:47:10,909 [pool-117-thread-1] INFO  server.RaftServerConfigKeys (ConfUtils.java:logGet(43)) - raft.server.sleep.deviation.threshold = 300 (default)
2019-09-16 16:47:10,909 [pool-117-thread-1] INFO  server.RaftServerConfigKeys (ConfUtils.java:logGet(43)) - raft.server.log.appender.install.snapshot.enabled = false (custom)
2019-09-16 16:47:10,910 [pool-117-thread-1] INFO  impl.RaftServerImpl (ServerState.java:<init>(103)) - 22812086-b692-43a0-8348-44721a5a82d7@group-6FDF505D6F2F: ConfigurationManager, init=-1: [22812086-b692-43a0-8348-44721a5a82d7:192.168.5.184:33209], old=null, confs=<EMPTY_MAP>
2019-09-16 16:47:10,910 [pool-117-thread-1] INFO  server.RaftServerConfigKeys (ConfUtils.java:logGet(43)) - raft.server.storage.dir = [/workdir/hadoop-ozone/integration-test/target/test-dir/MiniOzoneClusterImpl-2814d36b-6019-42fc-a66f-ece8bfc5d7d4/datanode-9/data/ratis] (custom)
2019-09-16 16:47:10,910 [pool-117-thread-1] INFO  storage.RaftStorageDirectory (RaftStorageDirectory.java:analyzeStorage(246)) - The storage directory /workdir/hadoop-ozone/integration-test/target/test-dir/MiniOzoneClusterImpl-2814d36b-6019-42fc-a66f-ece8bfc5d7d4/datanode-9/data/ratis/92d0088e-e6e8-4525-89e9-6fdf505d6f2f does not exist. Creating ...
2019-09-16 16:47:10,929 [pool-117-thread-1] INFO  storage.RaftStorageDirectory (RaftStorageDirectory.java:tryLock(328)) - Lock on /workdir/hadoop-ozone/integration-test/target/test-dir/MiniOzoneClusterImpl-2814d36b-6019-42fc-a66f-ece8bfc5d7d4/datanode-9/data/ratis/92d0088e-e6e8-4525-89e9-6fdf505d6f2f/in_use.lock acquired by nodename 6929@pr-hdds-2022-qxstf-1422721469
2019-09-16 16:47:10,953 [pool-117-thread-1] INFO  storage.RaftStorage (RaftStorage.java:format(72)) - Storage directory /workdir/hadoop-ozone/integration-test/target/test-dir/MiniOzoneClusterImpl-2814d36b-6019-42fc-a66f-ece8bfc5d7d4/datanode-9/data/ratis/92d0088e-e6e8-4525-89e9-6fdf505d6f2f has been successfully formatted.
2019-09-16 16:47:10,957 [pool-117-thread-1] INFO  ratis.ContainerStateMachine (ContainerStateMachine.java:loadSnapshot(230)) - group-6FDF505D6F2F: The snapshot info is null. Setting the last applied indexto:(t:0, i:~)
2019-09-16 16:47:10,958 [pool-117-thread-1] INFO  server.RaftServerConfigKeys (ConfUtils.java:logGet(43)) - raft.server.notification.no-leader.timeout = 120s (custom)
2019-09-16 16:47:10,958 [pool-117-thread-1] INFO  server.RaftServerConfigKeys (ConfUtils.java:logGet(43)) - raft.server.log.use.memory = false (default)
2019-09-16 16:47:10,959 [pool-117-thread-1] INFO  server.RaftServerConfigKeys (ConfUtils.java:logGet(43)) - raft.server.log.purge.gap = 1000000 (custom)
2019-09-16 16:47:10,959 [pool-117-thread-1] INFO  server.RaftServerConfigKeys (ConfUtils.java:logGet(43)) - raft.server.log.appender.buffer.byte-limit = 33554432 (custom)
2019-09-16 16:47:10,959 [pool-117-thread-1] INFO  server.RaftServerConfigKeys (ConfUtils.java:logGet(43)) - raft.server.log.segment.size.max = 1048576 (custom)
2019-09-16 16:47:10,959 [pool-117-thread-1] INFO  server.RaftServerConfigKeys (ConfUtils.java:logGet(43)) - raft.server.log.segment.cache.num.max = 2 (custom)
2019-09-16 16:47:10,960 [pool-117-thread-1] INFO  segmented.SegmentedRaftLogWorker (SegmentedRaftLogWorker.java:<init>(172)) - new 22812086-b692-43a0-8348-44721a5a82d7@group-6FDF505D6F2F-SegmentedRaftLogWorker for RaftStorage:Storage Directory /workdir/hadoop-ozone/integration-test/target/test-dir/MiniOzoneClusterImpl-2814d36b-6019-42fc-a66f-ece8bfc5d7d4/datanode-9/data/ratis/92d0088e-e6e8-4525-89e9-6fdf505d6f2f
2019-09-16 16:47:10,969 [pool-117-thread-1] INFO  server.RaftServerConfigKeys (ConfUtils.java:logGet(43)) - raft.server.log.queue.byte-limit = 2147483647 (custom)
2019-09-16 16:47:10,969 [pool-117-thread-1] INFO  server.RaftServerConfigKeys (ConfUtils.java:logGet(43)) - raft.server.log.queue.element-limit = 1024 (custom)
2019-09-16 16:47:10,969 [pool-117-thread-1] INFO  server.RaftServerConfigKeys (ConfUtils.java:logGet(43)) - raft.server.log.segment.size.max = 1048576 (custom)
2019-09-16 16:47:10,970 [pool-117-thread-1] INFO  server.RaftServerConfigKeys (ConfUtils.java:logGet(43)) - raft.server.log.preallocated.size = 16384 (custom)
2019-09-16 16:47:10,970 [pool-117-thread-1] INFO  server.RaftServerConfigKeys (ConfUtils.java:logGet(43)) - raft.server.log.write.buffer.size = 33554432 (custom)
2019-09-16 16:47:10,970 [pool-117-thread-1] INFO  server.RaftServerConfigKeys (ConfUtils.java:logGet(43)) - raft.server.log.force.sync.num = 128 (default)
2019-09-16 16:47:10,970 [pool-117-thread-1] INFO  server.RaftServerConfigKeys (ConfUtils.java:logGet(43)) - raft.server.log.statemachine.data.sync = true (default)
2019-09-16 16:47:10,970 [pool-117-thread-1] INFO  server.RaftServerConfigKeys (ConfUtils.java:logGet(43)) - raft.server.log.statemachine.data.sync.timeout = 10s (default)
2019-09-16 16:47:10,970 [pool-117-thread-1] INFO  server.RaftServerConfigKeys (ConfUtils.java:logGet(43)) - raft.server.log.statemachine.data.sync.timeout.retry = -1 (default)
2019-09-16 16:47:10,971 [pool-117-thread-1] INFO  server.RaftServerConfigKeys (ConfUtils.java:logGet(43)) - raft.server.log.statemachine.data.caching.enabled = true (custom)
2019-09-16 16:47:10,971 [pool-117-thread-1] INFO  segmented.SegmentedRaftLogWorker (SegmentedRaftLogWorker.java:lambda$new$0(132)) - 22812086-b692-43a0-8348-44721a5a82d7@group-6FDF505D6F2F-SegmentedRaftLogWorker: flushIndex: setUnconditionally 0 -> -1
2019-09-16 16:47:10,971 [pool-117-thread-1] INFO  server.RaftServerConfigKeys (ConfUtils.java:logGet(43)) - raft.server.snapshot.auto.trigger.enabled = true (custom)
2019-09-16 16:47:10,972 [pool-117-thread-1] INFO  server.RaftServerConfigKeys (ConfUtils.java:logGet(43)) - raft.server.snapshot.auto.trigger.threshold = 10000 (custom)
2019-09-16 16:47:10,972 [pool-117-thread-1] INFO  server.RaftServerConfigKeys (ConfUtils.java:logGet(43)) - raft.server.snapshot.retention.num.files = 5 (custom)
2019-09-16 16:47:10,972 [pool-117-thread-1] INFO  server.RaftServerConfigKeys (ConfUtils.java:logGet(43)) - raft.server.retrycache.expirytime = 600000ms (custom)
2019-09-16 16:47:10,977 [pool-117-thread-1] INFO  impl.RaftServerImpl (RaftServerImpl.java:start(185)) - 22812086-b692-43a0-8348-44721a5a82d7@group-6FDF505D6F2F: start as a follower, conf=-1: [22812086-b692-43a0-8348-44721a5a82d7:192.168.5.184:33209], old=null
2019-09-16 16:47:10,977 [pool-117-thread-1] INFO  impl.RaftServerImpl (RaftServerImpl.java:setRole(174)) - 22812086-b692-43a0-8348-44721a5a82d7@group-6FDF505D6F2F: changes role from      null to FOLLOWER at term 0 for startAsFollower
2019-09-16 16:47:10,977 [pool-117-thread-1] INFO  impl.RoleInfo (RoleInfo.java:updateAndGet(143)) - 22812086-b692-43a0-8348-44721a5a82d7: start FollowerState
2019-09-16 16:47:10,979 [pool-117-thread-1] INFO  util.JmxRegister (JmxRegister.java:tryRegister(44)) - Successfully registered JMX Bean with object name Ratis:service=RaftServer,group=group-6FDF505D6F2F,id=22812086-b692-43a0-8348-44721a5a82d7
2019-09-16 16:47:10,996 [RatisPipelineUtilsThread] INFO  pipeline.PipelineStateManager (PipelineStateManager.java:addPipeline(56)) - Created pipeline Pipeline[ Id: 92d0088e-e6e8-4525-89e9-6fdf505d6f2f, Nodes: 22812086-b692-43a0-8348-44721a5a82d7{ip: 192.168.5.184, host: pr-hdds-2022-qxstf-1422721469, networkLocation: /default-rack, certSerialId: null}, Type:RATIS, Factor:ONE, State:OPEN]
2019-09-16 16:47:11,019 [grpc-default-executor-0] INFO  impl.RaftServerProxy (RaftServerProxy.java:addNew(89)) - 37aba10a-6fc0-4836-82ce-0d66a20effe5: addNew group-7CC4BAA27306:[37aba10a-6fc0-4836-82ce-0d66a20effe5:192.168.5.184:35204] returns group-7CC4BAA27306:java.util.concurrent.CompletableFuture@577fac6e[Not completed]
2019-09-16 16:47:11,050 [pool-47-thread-1] INFO  impl.RaftServerImpl (RaftServerImpl.java:<init>(95)) - 37aba10a-6fc0-4836-82ce-0d66a20effe5: new RaftServerImpl for group-7CC4BAA27306:[37aba10a-6fc0-4836-82ce-0d66a20effe5:192.168.5.184:35204] with ContainerStateMachine:uninitialized
2019-09-16 16:47:11,050 [pool-47-thread-1] INFO  server.RaftServerConfigKeys (ConfUtils.java:logGet(43)) - raft.server.rpc.timeout.min = 1s (custom)
2019-09-16 16:47:11,050 [pool-47-thread-1] INFO  server.RaftServerConfigKeys (ConfUtils.java:logGet(43)) - raft.server.rpc.timeout.max = 1200ms (custom)
2019-09-16 16:47:11,050 [pool-47-thread-1] INFO  server.RaftServerConfigKeys (ConfUtils.java:logGet(43)) - raft.server.rpcslowness.timeout = 120s (custom)
2019-09-16 16:47:11,050 [pool-47-thread-1] INFO  server.RaftServerConfigKeys (ConfUtils.java:logGet(43)) - raft.server.sleep.deviation.threshold = 300 (default)
2019-09-16 16:47:11,051 [pool-47-thread-1] INFO  server.RaftServerConfigKeys (ConfUtils.java:logGet(43)) - raft.server.log.appender.install.snapshot.enabled = false (custom)
2019-09-16 16:47:11,051 [pool-47-thread-1] INFO  impl.RaftServerImpl (ServerState.java:<init>(103)) - 37aba10a-6fc0-4836-82ce-0d66a20effe5@group-7CC4BAA27306: ConfigurationManager, init=-1: [37aba10a-6fc0-4836-82ce-0d66a20effe5:192.168.5.184:35204], old=null, confs=<EMPTY_MAP>
2019-09-16 16:47:11,051 [pool-47-thread-1] INFO  server.RaftServerConfigKeys (ConfUtils.java:logGet(43)) - raft.server.storage.dir = [/workdir/hadoop-ozone/integration-test/target/test-dir/MiniOzoneClusterImpl-2814d36b-6019-42fc-a66f-ece8bfc5d7d4/datanode-2/data/ratis] (custom)
2019-09-16 16:47:11,051 [pool-47-thread-1] INFO  storage.RaftStorageDirectory (RaftStorageDirectory.java:analyzeStorage(246)) - The storage directory /workdir/hadoop-ozone/integration-test/target/test-dir/MiniOzoneClusterImpl-2814d36b-6019-42fc-a66f-ece8bfc5d7d4/datanode-2/data/ratis/f00bca3e-0050-439f-a326-7cc4baa27306 does not exist. Creating ...
2019-09-16 16:47:11,066 [pool-47-thread-1] INFO  storage.RaftStorageDirectory (RaftStorageDirectory.java:tryLock(328)) - Lock on /workdir/hadoop-ozone/integration-test/target/test-dir/MiniOzoneClusterImpl-2814d36b-6019-42fc-a66f-ece8bfc5d7d4/datanode-2/data/ratis/f00bca3e-0050-439f-a326-7cc4baa27306/in_use.lock acquired by nodename 6929@pr-hdds-2022-qxstf-1422721469
2019-09-16 16:47:11,083 [pool-47-thread-1] INFO  storage.RaftStorage (RaftStorage.java:format(72)) - Storage directory /workdir/hadoop-ozone/integration-test/target/test-dir/MiniOzoneClusterImpl-2814d36b-6019-42fc-a66f-ece8bfc5d7d4/datanode-2/data/ratis/f00bca3e-0050-439f-a326-7cc4baa27306 has been successfully formatted.
2019-09-16 16:47:11,084 [pool-47-thread-1] INFO  ratis.ContainerStateMachine (ContainerStateMachine.java:loadSnapshot(230)) - group-7CC4BAA27306: The snapshot info is null. Setting the last applied indexto:(t:0, i:~)
2019-09-16 16:47:11,084 [pool-47-thread-1] INFO  server.RaftServerConfigKeys (ConfUtils.java:logGet(43)) - raft.server.notification.no-leader.timeout = 120s (custom)
2019-09-16 16:47:11,084 [pool-47-thread-1] INFO  server.RaftServerConfigKeys (ConfUtils.java:logGet(43)) - raft.server.log.use.memory = false (default)
2019-09-16 16:47:11,084 [pool-47-thread-1] INFO  server.RaftServerConfigKeys (ConfUtils.java:logGet(43)) - raft.server.log.purge.gap = 1000000 (custom)
2019-09-16 16:47:11,084 [pool-47-thread-1] INFO  server.RaftServerConfigKeys (ConfUtils.java:logGet(43)) - raft.server.log.appender.buffer.byte-limit = 33554432 (custom)
2019-09-16 16:47:11,085 [pool-47-thread-1] INFO  server.RaftServerConfigKeys (ConfUtils.java:logGet(43)) - raft.server.log.segment.size.max = 1048576 (custom)
2019-09-16 16:47:11,085 [pool-47-thread-1] INFO  server.RaftServerConfigKeys (ConfUtils.java:logGet(43)) - raft.server.log.segment.cache.num.max = 2 (custom)
2019-09-16 16:47:11,085 [pool-47-thread-1] INFO  segmented.SegmentedRaftLogWorker (SegmentedRaftLogWorker.java:<init>(172)) - new 37aba10a-6fc0-4836-82ce-0d66a20effe5@group-7CC4BAA27306-SegmentedRaftLogWorker for RaftStorage:Storage Directory /workdir/hadoop-ozone/integration-test/target/test-dir/MiniOzoneClusterImpl-2814d36b-6019-42fc-a66f-ece8bfc5d7d4/datanode-2/data/ratis/f00bca3e-0050-439f-a326-7cc4baa27306
2019-09-16 16:47:11,155 [pool-47-thread-1] INFO  server.RaftServerConfigKeys (ConfUtils.java:logGet(43)) - raft.server.log.queue.byte-limit = 2147483647 (custom)
2019-09-16 16:47:11,156 [pool-47-thread-1] INFO  server.RaftServerConfigKeys (ConfUtils.java:logGet(43)) - raft.server.log.queue.element-limit = 1024 (custom)
2019-09-16 16:47:11,156 [pool-47-thread-1] INFO  server.RaftServerConfigKeys (ConfUtils.java:logGet(43)) - raft.server.log.segment.size.max = 1048576 (custom)
2019-09-16 16:47:11,156 [pool-47-thread-1] INFO  server.RaftServerConfigKeys (ConfUtils.java:logGet(43)) - raft.server.log.preallocated.size = 16384 (custom)
2019-09-16 16:47:11,156 [pool-47-thread-1] INFO  server.RaftServerConfigKeys (ConfUtils.java:logGet(43)) - raft.server.log.write.buffer.size = 33554432 (custom)
2019-09-16 16:47:11,156 [pool-47-thread-1] INFO  server.RaftServerConfigKeys (ConfUtils.java:logGet(43)) - raft.server.log.force.sync.num = 128 (default)
2019-09-16 16:47:11,156 [pool-47-thread-1] INFO  server.RaftServerConfigKeys (ConfUtils.java:logGet(43)) - raft.server.log.statemachine.data.sync = true (default)
2019-09-16 16:47:11,157 [pool-47-thread-1] INFO  server.RaftServerConfigKeys (ConfUtils.java:logGet(43)) - raft.server.log.statemachine.data.sync.timeout = 10s (default)
2019-09-16 16:47:11,157 [pool-47-thread-1] INFO  server.RaftServerConfigKeys (ConfUtils.java:logGet(43)) - raft.server.log.statemachine.data.sync.timeout.retry = -1 (default)
2019-09-16 16:47:11,157 [pool-47-thread-1] INFO  server.RaftServerConfigKeys (ConfUtils.java:logGet(43)) - raft.server.log.statemachine.data.caching.enabled = true (custom)
2019-09-16 16:47:11,157 [pool-47-thread-1] INFO  segmented.SegmentedRaftLogWorker (SegmentedRaftLogWorker.java:lambda$new$0(132)) - 37aba10a-6fc0-4836-82ce-0d66a20effe5@group-7CC4BAA27306-SegmentedRaftLogWorker: flushIndex: setUnconditionally 0 -> -1
2019-09-16 16:47:11,158 [pool-47-thread-1] INFO  server.RaftServerConfigKeys (ConfUtils.java:logGet(43)) - raft.server.snapshot.auto.trigger.enabled = true (custom)
2019-09-16 16:47:11,158 [pool-47-thread-1] INFO  server.RaftServerConfigKeys (ConfUtils.java:logGet(43)) - raft.server.snapshot.auto.trigger.threshold = 10000 (custom)
2019-09-16 16:47:11,158 [pool-47-thread-1] INFO  server.RaftServerConfigKeys (ConfUtils.java:logGet(43)) - raft.server.snapshot.retention.num.files = 5 (custom)
2019-09-16 16:47:11,158 [pool-47-thread-1] INFO  server.RaftServerConfigKeys (ConfUtils.java:logGet(43)) - raft.server.retrycache.expirytime = 600000ms (custom)
2019-09-16 16:47:11,164 [pool-47-thread-1] INFO  impl.RaftServerImpl (RaftServerImpl.java:start(185)) - 37aba10a-6fc0-4836-82ce-0d66a20effe5@group-7CC4BAA27306: start as a follower, conf=-1: [37aba10a-6fc0-4836-82ce-0d66a20effe5:192.168.5.184:35204], old=null
2019-09-16 16:47:11,164 [pool-47-thread-1] INFO  impl.RaftServerImpl (RaftServerImpl.java:setRole(174)) - 37aba10a-6fc0-4836-82ce-0d66a20effe5@group-7CC4BAA27306: changes role from      null to FOLLOWER at term 0 for startAsFollower
2019-09-16 16:47:11,164 [pool-47-thread-1] INFO  impl.RoleInfo (RoleInfo.java:updateAndGet(143)) - 37aba10a-6fc0-4836-82ce-0d66a20effe5: start FollowerState
2019-09-16 16:47:11,165 [pool-47-thread-1] INFO  util.JmxRegister (JmxRegister.java:tryRegister(44)) - Successfully registered JMX Bean with object name Ratis:service=RaftServer,group=group-7CC4BAA27306,id=37aba10a-6fc0-4836-82ce-0d66a20effe5
2019-09-16 16:47:11,181 [RatisPipelineUtilsThread] INFO  pipeline.PipelineStateManager (PipelineStateManager.java:addPipeline(56)) - Created pipeline Pipeline[ Id: f00bca3e-0050-439f-a326-7cc4baa27306, Nodes: 37aba10a-6fc0-4836-82ce-0d66a20effe5{ip: 192.168.5.184, host: pr-hdds-2022-qxstf-1422721469, networkLocation: /default-rack, certSerialId: null}, Type:RATIS, Factor:ONE, State:OPEN]
2019-09-16 16:47:11,205 [grpc-default-executor-0] INFO  impl.RaftServerProxy (RaftServerProxy.java:addNew(89)) - 31ff8a7c-4ef6-4603-8d7a-5c866c7f5672: addNew group-4E245145A13C:[31ff8a7c-4ef6-4603-8d7a-5c866c7f5672:192.168.5.184:39370] returns group-4E245145A13C:java.util.concurrent.CompletableFuture@35a371b[Not completed]
2019-09-16 16:47:11,210 [pool-107-thread-1] INFO  impl.RaftServerImpl (RaftServerImpl.java:<init>(95)) - 31ff8a7c-4ef6-4603-8d7a-5c866c7f5672: new RaftServerImpl for group-4E245145A13C:[31ff8a7c-4ef6-4603-8d7a-5c866c7f5672:192.168.5.184:39370] with ContainerStateMachine:uninitialized
2019-09-16 16:47:11,211 [pool-107-thread-1] INFO  server.RaftServerConfigKeys (ConfUtils.java:logGet(43)) - raft.server.rpc.timeout.min = 1s (custom)
2019-09-16 16:47:11,211 [pool-107-thread-1] INFO  server.RaftServerConfigKeys (ConfUtils.java:logGet(43)) - raft.server.rpc.timeout.max = 1200ms (custom)
2019-09-16 16:47:11,211 [pool-107-thread-1] INFO  server.RaftServerConfigKeys (ConfUtils.java:logGet(43)) - raft.server.rpcslowness.timeout = 120s (custom)
2019-09-16 16:47:11,211 [pool-107-thread-1] INFO  server.RaftServerConfigKeys (ConfUtils.java:logGet(43)) - raft.server.sleep.deviation.threshold = 300 (default)
2019-09-16 16:47:11,212 [pool-107-thread-1] INFO  server.RaftServerConfigKeys (ConfUtils.java:logGet(43)) - raft.server.log.appender.install.snapshot.enabled = false (custom)
2019-09-16 16:47:11,212 [pool-107-thread-1] INFO  impl.RaftServerImpl (ServerState.java:<init>(103)) - 31ff8a7c-4ef6-4603-8d7a-5c866c7f5672@group-4E245145A13C: ConfigurationManager, init=-1: [31ff8a7c-4ef6-4603-8d7a-5c866c7f5672:192.168.5.184:39370], old=null, confs=<EMPTY_MAP>
2019-09-16 16:47:11,212 [pool-107-thread-1] INFO  server.RaftServerConfigKeys (ConfUtils.java:logGet(43)) - raft.server.storage.dir = [/workdir/hadoop-ozone/integration-test/target/test-dir/MiniOzoneClusterImpl-2814d36b-6019-42fc-a66f-ece8bfc5d7d4/datanode-8/data/ratis] (custom)
2019-09-16 16:47:11,213 [pool-107-thread-1] INFO  storage.RaftStorageDirectory (RaftStorageDirectory.java:analyzeStorage(246)) - The storage directory /workdir/hadoop-ozone/integration-test/target/test-dir/MiniOzoneClusterImpl-2814d36b-6019-42fc-a66f-ece8bfc5d7d4/datanode-8/data/ratis/3b93afd1-1232-44d7-9a6a-4e245145a13c does not exist. Creating ...
2019-09-16 16:47:11,345 [pool-107-thread-1] INFO  storage.RaftStorageDirectory (RaftStorageDirectory.java:tryLock(328)) - Lock on /workdir/hadoop-ozone/integration-test/target/test-dir/MiniOzoneClusterImpl-2814d36b-6019-42fc-a66f-ece8bfc5d7d4/datanode-8/data/ratis/3b93afd1-1232-44d7-9a6a-4e245145a13c/in_use.lock acquired by nodename 6929@pr-hdds-2022-qxstf-1422721469
2019-09-16 16:47:11,447 [main] INFO  ozone.MiniOzoneClusterImpl (MiniOzoneClusterImpl.java:lambda$waitForClusterToBeReady$0(145)) - Cluster is ready. Got 10 of 10 DN Heartbeats.
2019-09-16 16:47:11,631 [pool-107-thread-1] INFO  storage.RaftStorage (RaftStorage.java:format(72)) - Storage directory /workdir/hadoop-ozone/integration-test/target/test-dir/MiniOzoneClusterImpl-2814d36b-6019-42fc-a66f-ece8bfc5d7d4/datanode-8/data/ratis/3b93afd1-1232-44d7-9a6a-4e245145a13c has been successfully formatted.
2019-09-16 16:47:11,632 [pool-107-thread-1] INFO  ratis.ContainerStateMachine (ContainerStateMachine.java:loadSnapshot(230)) - group-4E245145A13C: The snapshot info is null. Setting the last applied indexto:(t:0, i:~)
2019-09-16 16:47:11,632 [pool-107-thread-1] INFO  server.RaftServerConfigKeys (ConfUtils.java:logGet(43)) - raft.server.notification.no-leader.timeout = 120s (custom)
2019-09-16 16:47:11,632 [pool-107-thread-1] INFO  server.RaftServerConfigKeys (ConfUtils.java:logGet(43)) - raft.server.log.use.memory = false (default)
2019-09-16 16:47:11,633 [pool-107-thread-1] INFO  server.RaftServerConfigKeys (ConfUtils.java:logGet(43)) - raft.server.log.purge.gap = 1000000 (custom)
2019-09-16 16:47:11,633 [pool-107-thread-1] INFO  server.RaftServerConfigKeys (ConfUtils.java:logGet(43)) - raft.server.log.appender.buffer.byte-limit = 33554432 (custom)
2019-09-16 16:47:11,633 [pool-107-thread-1] INFO  server.RaftServerConfigKeys (ConfUtils.java:logGet(43)) - raft.server.log.segment.size.max = 1048576 (custom)
2019-09-16 16:47:11,633 [pool-107-thread-1] INFO  server.RaftServerConfigKeys (ConfUtils.java:logGet(43)) - raft.server.log.segment.cache.num.max = 2 (custom)
2019-09-16 16:47:11,633 [pool-107-thread-1] INFO  segmented.SegmentedRaftLogWorker (SegmentedRaftLogWorker.java:<init>(172)) - new 31ff8a7c-4ef6-4603-8d7a-5c866c7f5672@group-4E245145A13C-SegmentedRaftLogWorker for RaftStorage:Storage Directory /workdir/hadoop-ozone/integration-test/target/test-dir/MiniOzoneClusterImpl-2814d36b-6019-42fc-a66f-ece8bfc5d7d4/datanode-8/data/ratis/3b93afd1-1232-44d7-9a6a-4e245145a13c
2019-09-16 16:47:11,640 [pool-107-thread-1] INFO  server.RaftServerConfigKeys (ConfUtils.java:logGet(43)) - raft.server.log.queue.byte-limit = 2147483647 (custom)
2019-09-16 16:47:11,640 [pool-107-thread-1] INFO  server.RaftServerConfigKeys (ConfUtils.java:logGet(43)) - raft.server.log.queue.element-limit = 1024 (custom)
2019-09-16 16:47:11,640 [pool-107-thread-1] INFO  server.RaftServerConfigKeys (ConfUtils.java:logGet(43)) - raft.server.log.segment.size.max = 1048576 (custom)
2019-09-16 16:47:11,640 [pool-107-thread-1] INFO  server.RaftServerConfigKeys (ConfUtils.java:logGet(43)) - raft.server.log.preallocated.size = 16384 (custom)
2019-09-16 16:47:11,641 [pool-107-thread-1] INFO  server.RaftServerConfigKeys (ConfUtils.java:logGet(43)) - raft.server.log.write.buffer.size = 33554432 (custom)
2019-09-16 16:47:11,641 [pool-107-thread-1] INFO  server.RaftServerConfigKeys (ConfUtils.java:logGet(43)) - raft.server.log.force.sync.num = 128 (default)
2019-09-16 16:47:11,641 [pool-107-thread-1] INFO  server.RaftServerConfigKeys (ConfUtils.java:logGet(43)) - raft.server.log.statemachine.data.sync = true (default)
2019-09-16 16:47:11,641 [pool-107-thread-1] INFO  server.RaftServerConfigKeys (ConfUtils.java:logGet(43)) - raft.server.log.statemachine.data.sync.timeout = 10s (default)
2019-09-16 16:47:11,641 [pool-107-thread-1] INFO  server.RaftServerConfigKeys (ConfUtils.java:logGet(43)) - raft.server.log.statemachine.data.sync.timeout.retry = -1 (default)
2019-09-16 16:47:11,642 [pool-107-thread-1] INFO  server.RaftServerConfigKeys (ConfUtils.java:logGet(43)) - raft.server.log.statemachine.data.caching.enabled = true (custom)
2019-09-16 16:47:11,642 [pool-107-thread-1] INFO  segmented.SegmentedRaftLogWorker (SegmentedRaftLogWorker.java:lambda$new$0(132)) - 31ff8a7c-4ef6-4603-8d7a-5c866c7f5672@group-4E245145A13C-SegmentedRaftLogWorker: flushIndex: setUnconditionally 0 -> -1
2019-09-16 16:47:11,642 [pool-107-thread-1] INFO  server.RaftServerConfigKeys (ConfUtils.java:logGet(43)) - raft.server.snapshot.auto.trigger.enabled = true (custom)
2019-09-16 16:47:11,643 [pool-107-thread-1] INFO  server.RaftServerConfigKeys (ConfUtils.java:logGet(43)) - raft.server.snapshot.auto.trigger.threshold = 10000 (custom)
2019-09-16 16:47:11,643 [pool-107-thread-1] INFO  server.RaftServerConfigKeys (ConfUtils.java:logGet(43)) - raft.server.snapshot.retention.num.files = 5 (custom)
2019-09-16 16:47:11,643 [pool-107-thread-1] INFO  server.RaftServerConfigKeys (ConfUtils.java:logGet(43)) - raft.server.retrycache.expirytime = 600000ms (custom)
2019-09-16 16:47:11,649 [pool-107-thread-1] INFO  impl.RaftServerImpl (RaftServerImpl.java:start(185)) - 31ff8a7c-4ef6-4603-8d7a-5c866c7f5672@group-4E245145A13C: start as a follower, conf=-1: [31ff8a7c-4ef6-4603-8d7a-5c866c7f5672:192.168.5.184:39370], old=null
2019-09-16 16:47:11,649 [pool-107-thread-1] INFO  impl.RaftServerImpl (RaftServerImpl.java:setRole(174)) - 31ff8a7c-4ef6-4603-8d7a-5c866c7f5672@group-4E245145A13C: changes role from      null to FOLLOWER at term 0 for startAsFollower
2019-09-16 16:47:11,649 [pool-107-thread-1] INFO  impl.RoleInfo (RoleInfo.java:updateAndGet(143)) - 31ff8a7c-4ef6-4603-8d7a-5c866c7f5672: start FollowerState
2019-09-16 16:47:11,650 [pool-107-thread-1] INFO  util.JmxRegister (JmxRegister.java:tryRegister(44)) - Successfully registered JMX Bean with object name Ratis:service=RaftServer,group=group-4E245145A13C,id=31ff8a7c-4ef6-4603-8d7a-5c866c7f5672
2019-09-16 16:47:11,681 [RatisPipelineUtilsThread] INFO  pipeline.PipelineStateManager (PipelineStateManager.java:addPipeline(56)) - Created pipeline Pipeline[ Id: 3b93afd1-1232-44d7-9a6a-4e245145a13c, Nodes: 31ff8a7c-4ef6-4603-8d7a-5c866c7f5672{ip: 192.168.5.184, host: pr-hdds-2022-qxstf-1422721469, networkLocation: /default-rack, certSerialId: null}, Type:RATIS, Factor:ONE, State:OPEN]
2019-09-16 16:47:11,711 [grpc-default-executor-0] INFO  impl.RaftServerProxy (RaftServerProxy.java:addNew(89)) - f1ea936a-1aa4-4b4f-a193-5108e1c15289: addNew group-5757E4626DA8:[f1ea936a-1aa4-4b4f-a193-5108e1c15289:192.168.5.184:33857] returns group-5757E4626DA8:java.util.concurrent.CompletableFuture@24531fe3[Not completed]
2019-09-16 16:47:11,720 [pool-57-thread-1] INFO  impl.RaftServerImpl (RaftServerImpl.java:<init>(95)) - f1ea936a-1aa4-4b4f-a193-5108e1c15289: new RaftServerImpl for group-5757E4626DA8:[f1ea936a-1aa4-4b4f-a193-5108e1c15289:192.168.5.184:33857] with ContainerStateMachine:uninitialized
2019-09-16 16:47:11,724 [pool-57-thread-1] INFO  server.RaftServerConfigKeys (ConfUtils.java:logGet(43)) - raft.server.rpc.timeout.min = 1s (custom)
2019-09-16 16:47:11,724 [pool-57-thread-1] INFO  server.RaftServerConfigKeys (ConfUtils.java:logGet(43)) - raft.server.rpc.timeout.max = 1200ms (custom)
2019-09-16 16:47:11,725 [pool-57-thread-1] INFO  server.RaftServerConfigKeys (ConfUtils.java:logGet(43)) - raft.server.rpcslowness.timeout = 120s (custom)
2019-09-16 16:47:11,725 [pool-57-thread-1] INFO  server.RaftServerConfigKeys (ConfUtils.java:logGet(43)) - raft.server.sleep.deviation.threshold = 300 (default)
2019-09-16 16:47:11,725 [pool-57-thread-1] INFO  server.RaftServerConfigKeys (ConfUtils.java:logGet(43)) - raft.server.log.appender.install.snapshot.enabled = false (custom)
2019-09-16 16:47:11,725 [pool-57-thread-1] INFO  impl.RaftServerImpl (ServerState.java:<init>(103)) - f1ea936a-1aa4-4b4f-a193-5108e1c15289@group-5757E4626DA8: ConfigurationManager, init=-1: [f1ea936a-1aa4-4b4f-a193-5108e1c15289:192.168.5.184:33857], old=null, confs=<EMPTY_MAP>
2019-09-16 16:47:11,725 [pool-57-thread-1] INFO  server.RaftServerConfigKeys (ConfUtils.java:logGet(43)) - raft.server.storage.dir = [/workdir/hadoop-ozone/integration-test/target/test-dir/MiniOzoneClusterImpl-2814d36b-6019-42fc-a66f-ece8bfc5d7d4/datanode-3/data/ratis] (custom)
2019-09-16 16:47:11,726 [pool-57-thread-1] INFO  storage.RaftStorageDirectory (RaftStorageDirectory.java:analyzeStorage(246)) - The storage directory /workdir/hadoop-ozone/integration-test/target/test-dir/MiniOzoneClusterImpl-2814d36b-6019-42fc-a66f-ece8bfc5d7d4/datanode-3/data/ratis/aa184f7f-64a8-4090-9083-5757e4626da8 does not exist. Creating ...
2019-09-16 16:47:11,762 [pool-57-thread-1] INFO  storage.RaftStorageDirectory (RaftStorageDirectory.java:tryLock(328)) - Lock on /workdir/hadoop-ozone/integration-test/target/test-dir/MiniOzoneClusterImpl-2814d36b-6019-42fc-a66f-ece8bfc5d7d4/datanode-3/data/ratis/aa184f7f-64a8-4090-9083-5757e4626da8/in_use.lock acquired by nodename 6929@pr-hdds-2022-qxstf-1422721469
2019-09-16 16:47:11,788 [pool-57-thread-1] INFO  storage.RaftStorage (RaftStorage.java:format(72)) - Storage directory /workdir/hadoop-ozone/integration-test/target/test-dir/MiniOzoneClusterImpl-2814d36b-6019-42fc-a66f-ece8bfc5d7d4/datanode-3/data/ratis/aa184f7f-64a8-4090-9083-5757e4626da8 has been successfully formatted.
2019-09-16 16:47:11,788 [pool-57-thread-1] INFO  ratis.ContainerStateMachine (ContainerStateMachine.java:loadSnapshot(230)) - group-5757E4626DA8: The snapshot info is null. Setting the last applied indexto:(t:0, i:~)
2019-09-16 16:47:11,788 [pool-57-thread-1] INFO  server.RaftServerConfigKeys (ConfUtils.java:logGet(43)) - raft.server.notification.no-leader.timeout = 120s (custom)
2019-09-16 16:47:11,789 [pool-57-thread-1] INFO  server.RaftServerConfigKeys (ConfUtils.java:logGet(43)) - raft.server.log.use.memory = false (default)
2019-09-16 16:47:11,789 [pool-57-thread-1] INFO  server.RaftServerConfigKeys (ConfUtils.java:logGet(43)) - raft.server.log.purge.gap = 1000000 (custom)
2019-09-16 16:47:11,789 [pool-57-thread-1] INFO  server.RaftServerConfigKeys (ConfUtils.java:logGet(43)) - raft.server.log.appender.buffer.byte-limit = 33554432 (custom)
2019-09-16 16:47:11,790 [pool-57-thread-1] INFO  server.RaftServerConfigKeys (ConfUtils.java:logGet(43)) - raft.server.log.segment.size.max = 1048576 (custom)
2019-09-16 16:47:11,790 [pool-57-thread-1] INFO  server.RaftServerConfigKeys (ConfUtils.java:logGet(43)) - raft.server.log.segment.cache.num.max = 2 (custom)
2019-09-16 16:47:11,790 [pool-57-thread-1] INFO  segmented.SegmentedRaftLogWorker (SegmentedRaftLogWorker.java:<init>(172)) - new f1ea936a-1aa4-4b4f-a193-5108e1c15289@group-5757E4626DA8-SegmentedRaftLogWorker for RaftStorage:Storage Directory /workdir/hadoop-ozone/integration-test/target/test-dir/MiniOzoneClusterImpl-2814d36b-6019-42fc-a66f-ece8bfc5d7d4/datanode-3/data/ratis/aa184f7f-64a8-4090-9083-5757e4626da8
2019-09-16 16:47:11,796 [pool-57-thread-1] INFO  server.RaftServerConfigKeys (ConfUtils.java:logGet(43)) - raft.server.log.queue.byte-limit = 2147483647 (custom)
2019-09-16 16:47:11,796 [pool-57-thread-1] INFO  server.RaftServerConfigKeys (ConfUtils.java:logGet(43)) - raft.server.log.queue.element-limit = 1024 (custom)
2019-09-16 16:47:11,797 [pool-57-thread-1] INFO  server.RaftServerConfigKeys (ConfUtils.java:logGet(43)) - raft.server.log.segment.size.max = 1048576 (custom)
2019-09-16 16:47:11,797 [pool-57-thread-1] INFO  server.RaftServerConfigKeys (ConfUtils.java:logGet(43)) - raft.server.log.preallocated.size = 16384 (custom)
2019-09-16 16:47:11,797 [pool-57-thread-1] INFO  server.RaftServerConfigKeys (ConfUtils.java:logGet(43)) - raft.server.log.write.buffer.size = 33554432 (custom)
2019-09-16 16:47:11,797 [pool-57-thread-1] INFO  server.RaftServerConfigKeys (ConfUtils.java:logGet(43)) - raft.server.log.force.sync.num = 128 (default)
2019-09-16 16:47:11,798 [pool-57-thread-1] INFO  server.RaftServerConfigKeys (ConfUtils.java:logGet(43)) - raft.server.log.statemachine.data.sync = true (default)
2019-09-16 16:47:11,798 [pool-57-thread-1] INFO  server.RaftServerConfigKeys (ConfUtils.java:logGet(43)) - raft.server.log.statemachine.data.sync.timeout = 10s (default)
2019-09-16 16:47:11,798 [pool-57-thread-1] INFO  server.RaftServerConfigKeys (ConfUtils.java:logGet(43)) - raft.server.log.statemachine.data.sync.timeout.retry = -1 (default)
2019-09-16 16:47:11,799 [pool-57-thread-1] INFO  server.RaftServerConfigKeys (ConfUtils.java:logGet(43)) - raft.server.log.statemachine.data.caching.enabled = true (custom)
2019-09-16 16:47:11,799 [pool-57-thread-1] INFO  segmented.SegmentedRaftLogWorker (SegmentedRaftLogWorker.java:lambda$new$0(132)) - f1ea936a-1aa4-4b4f-a193-5108e1c15289@group-5757E4626DA8-SegmentedRaftLogWorker: flushIndex: setUnconditionally 0 -> -1
2019-09-16 16:47:11,800 [pool-57-thread-1] INFO  server.RaftServerConfigKeys (ConfUtils.java:logGet(43)) - raft.server.snapshot.auto.trigger.enabled = true (custom)
2019-09-16 16:47:11,800 [pool-57-thread-1] INFO  server.RaftServerConfigKeys (ConfUtils.java:logGet(43)) - raft.server.snapshot.auto.trigger.threshold = 10000 (custom)
2019-09-16 16:47:11,800 [pool-57-thread-1] INFO  server.RaftServerConfigKeys (ConfUtils.java:logGet(43)) - raft.server.snapshot.retention.num.files = 5 (custom)
2019-09-16 16:47:11,800 [pool-57-thread-1] INFO  server.RaftServerConfigKeys (ConfUtils.java:logGet(43)) - raft.server.retrycache.expirytime = 600000ms (custom)
2019-09-16 16:47:11,805 [pool-57-thread-1] INFO  impl.RaftServerImpl (RaftServerImpl.java:start(185)) - f1ea936a-1aa4-4b4f-a193-5108e1c15289@group-5757E4626DA8: start as a follower, conf=-1: [f1ea936a-1aa4-4b4f-a193-5108e1c15289:192.168.5.184:33857], old=null
2019-09-16 16:47:11,805 [pool-57-thread-1] INFO  impl.RaftServerImpl (RaftServerImpl.java:setRole(174)) - f1ea936a-1aa4-4b4f-a193-5108e1c15289@group-5757E4626DA8: changes role from      null to FOLLOWER at term 0 for startAsFollower
2019-09-16 16:47:11,806 [pool-57-thread-1] INFO  impl.RoleInfo (RoleInfo.java:updateAndGet(143)) - f1ea936a-1aa4-4b4f-a193-5108e1c15289: start FollowerState
2019-09-16 16:47:11,806 [pool-57-thread-1] INFO  util.JmxRegister (JmxRegister.java:tryRegister(44)) - Successfully registered JMX Bean with object name Ratis:service=RaftServer,group=group-5757E4626DA8,id=f1ea936a-1aa4-4b4f-a193-5108e1c15289
2019-09-16 16:47:11,827 [RatisPipelineUtilsThread] INFO  pipeline.PipelineStateManager (PipelineStateManager.java:addPipeline(56)) - Created pipeline Pipeline[ Id: aa184f7f-64a8-4090-9083-5757e4626da8, Nodes: f1ea936a-1aa4-4b4f-a193-5108e1c15289{ip: 192.168.5.184, host: pr-hdds-2022-qxstf-1422721469, networkLocation: /default-rack, certSerialId: null}, Type:RATIS, Factor:ONE, State:OPEN]
2019-09-16 16:47:11,853 [grpc-default-executor-0] INFO  impl.RaftServerProxy (RaftServerProxy.java:addNew(89)) - b1d373fd-82f2-45f9-929a-b8d8660dbeb2: addNew group-E6369439FAD5:[b1d373fd-82f2-45f9-929a-b8d8660dbeb2:192.168.5.184:42789] returns group-E6369439FAD5:java.util.concurrent.CompletableFuture@7f62f182[Not completed]
2019-09-16 16:47:11,924 [Thread-285] INFO  impl.FollowerState (FollowerState.java:run(106)) - d7db739d-8a5f-427c-bc0a-5603ac8ba161:group-05BB73A67ED0 changes to CANDIDATE, lastRpcTime:1180, electionTimeout:1160ms
2019-09-16 16:47:11,933 [pool-67-thread-1] INFO  impl.RaftServerImpl (RaftServerImpl.java:<init>(95)) - b1d373fd-82f2-45f9-929a-b8d8660dbeb2: new RaftServerImpl for group-E6369439FAD5:[b1d373fd-82f2-45f9-929a-b8d8660dbeb2:192.168.5.184:42789] with ContainerStateMachine:uninitialized
2019-09-16 16:47:11,933 [Thread-285] INFO  impl.RoleInfo (RoleInfo.java:shutdownFollowerState(121)) - d7db739d-8a5f-427c-bc0a-5603ac8ba161: shutdown FollowerState
2019-09-16 16:47:11,933 [pool-67-thread-1] INFO  server.RaftServerConfigKeys (ConfUtils.java:logGet(43)) - raft.server.rpc.timeout.min = 1s (custom)
2019-09-16 16:47:11,933 [Thread-285] INFO  impl.RaftServerImpl (RaftServerImpl.java:setRole(174)) - d7db739d-8a5f-427c-bc0a-5603ac8ba161@group-05BB73A67ED0: changes role from  FOLLOWER to CANDIDATE at term 0 for changeToCandidate
2019-09-16 16:47:11,933 [pool-67-thread-1] INFO  server.RaftServerConfigKeys (ConfUtils.java:logGet(43)) - raft.server.rpc.timeout.max = 1200ms (custom)
2019-09-16 16:47:11,934 [pool-67-thread-1] INFO  server.RaftServerConfigKeys (ConfUtils.java:logGet(43)) - raft.server.rpcslowness.timeout = 120s (custom)
2019-09-16 16:47:11,934 [pool-67-thread-1] INFO  server.RaftServerConfigKeys (ConfUtils.java:logGet(43)) - raft.server.sleep.deviation.threshold = 300 (default)
2019-09-16 16:47:11,934 [pool-67-thread-1] INFO  server.RaftServerConfigKeys (ConfUtils.java:logGet(43)) - raft.server.log.appender.install.snapshot.enabled = false (custom)
2019-09-16 16:47:11,934 [pool-67-thread-1] INFO  impl.RaftServerImpl (ServerState.java:<init>(103)) - b1d373fd-82f2-45f9-929a-b8d8660dbeb2@group-E6369439FAD5: ConfigurationManager, init=-1: [b1d373fd-82f2-45f9-929a-b8d8660dbeb2:192.168.5.184:42789], old=null, confs=<EMPTY_MAP>
2019-09-16 16:47:11,934 [pool-67-thread-1] INFO  server.RaftServerConfigKeys (ConfUtils.java:logGet(43)) - raft.server.storage.dir = [/workdir/hadoop-ozone/integration-test/target/test-dir/MiniOzoneClusterImpl-2814d36b-6019-42fc-a66f-ece8bfc5d7d4/datanode-4/data/ratis] (custom)
2019-09-16 16:47:11,935 [pool-67-thread-1] INFO  storage.RaftStorageDirectory (RaftStorageDirectory.java:analyzeStorage(246)) - The storage directory /workdir/hadoop-ozone/integration-test/target/test-dir/MiniOzoneClusterImpl-2814d36b-6019-42fc-a66f-ece8bfc5d7d4/datanode-4/data/ratis/ba3ed4f3-a17d-444e-bcf8-e6369439fad5 does not exist. Creating ...
2019-09-16 16:47:11,940 [Thread-285] INFO  impl.RoleInfo (RoleInfo.java:updateAndGet(143)) - d7db739d-8a5f-427c-bc0a-5603ac8ba161: start LeaderElection
2019-09-16 16:47:11,968 [pool-67-thread-1] INFO  storage.RaftStorageDirectory (RaftStorageDirectory.java:tryLock(328)) - Lock on /workdir/hadoop-ozone/integration-test/target/test-dir/MiniOzoneClusterImpl-2814d36b-6019-42fc-a66f-ece8bfc5d7d4/datanode-4/data/ratis/ba3ed4f3-a17d-444e-bcf8-e6369439fad5/in_use.lock acquired by nodename 6929@pr-hdds-2022-qxstf-1422721469
2019-09-16 16:47:11,985 [d7db739d-8a5f-427c-bc0a-5603ac8ba161@group-05BB73A67ED0:LeaderElection1] INFO  impl.LeaderElection (LeaderElection.java:askForVotes(182)) - d7db739d-8a5f-427c-bc0a-5603ac8ba161@group-05BB73A67ED0:LeaderElection1: begin an election at term 1 for -1: [d7db739d-8a5f-427c-bc0a-5603ac8ba161:192.168.5.184:39532], old=null
2019-09-16 16:47:11,988 [d7db739d-8a5f-427c-bc0a-5603ac8ba161@group-05BB73A67ED0:LeaderElection1] INFO  impl.RoleInfo (RoleInfo.java:shutdownLeaderElection(134)) - d7db739d-8a5f-427c-bc0a-5603ac8ba161: shutdown LeaderElection
2019-09-16 16:47:11,989 [d7db739d-8a5f-427c-bc0a-5603ac8ba161@group-05BB73A67ED0:LeaderElection1] INFO  impl.RaftServerImpl (RaftServerImpl.java:setRole(174)) - d7db739d-8a5f-427c-bc0a-5603ac8ba161@group-05BB73A67ED0: changes role from CANDIDATE to LEADER at term 1 for changeToLeader
2019-09-16 16:47:11,990 [d7db739d-8a5f-427c-bc0a-5603ac8ba161@group-05BB73A67ED0:LeaderElection1] INFO  impl.RaftServerImpl (ServerState.java:setLeader(253)) - d7db739d-8a5f-427c-bc0a-5603ac8ba161@group-05BB73A67ED0: change Leader from null to d7db739d-8a5f-427c-bc0a-5603ac8ba161 at term 1 for becomeLeader, leader elected after 1369ms
2019-09-16 16:47:12,000 [d7db739d-8a5f-427c-bc0a-5603ac8ba161@group-05BB73A67ED0:LeaderElection1] INFO  server.RaftServerConfigKeys (ConfUtils.java:logGet(43)) - raft.server.staging.catchup.gap = 1000 (default)
2019-09-16 16:47:12,000 [d7db739d-8a5f-427c-bc0a-5603ac8ba161@group-05BB73A67ED0:LeaderElection1] INFO  server.RaftServerConfigKeys (ConfUtils.java:logGet(43)) - raft.server.rpc.sleep.time = 25ms (default)
2019-09-16 16:47:12,003 [d7db739d-8a5f-427c-bc0a-5603ac8ba161@group-05BB73A67ED0:LeaderElection1] INFO  server.RaftServerConfigKeys (ConfUtils.java:logGet(43)) - raft.server.write.element-limit = 4096 (default)
2019-09-16 16:47:12,007 [d7db739d-8a5f-427c-bc0a-5603ac8ba161@group-05BB73A67ED0:LeaderElection1] INFO  server.RaftServerConfigKeys (ConfUtils.java:logGet(43)) - raft.server.watch.timeout = 10s (default)
2019-09-16 16:47:12,007 [d7db739d-8a5f-427c-bc0a-5603ac8ba161@group-05BB73A67ED0:LeaderElection1] INFO  server.RaftServerConfigKeys (ConfUtils.java:logGet(43)) - raft.server.watch.timeout.denomination = 1s (default)
2019-09-16 16:47:12,007 [Thread-288] INFO  impl.FollowerState (FollowerState.java:run(106)) - 22812086-b692-43a0-8348-44721a5a82d7:group-6FDF505D6F2F changes to CANDIDATE, lastRpcTime:1030, electionTimeout:1028ms
2019-09-16 16:47:12,010 [Thread-288] INFO  impl.RoleInfo (RoleInfo.java:shutdownFollowerState(121)) - 22812086-b692-43a0-8348-44721a5a82d7: shutdown FollowerState
2019-09-16 16:47:12,010 [Thread-288] INFO  impl.RaftServerImpl (RaftServerImpl.java:setRole(174)) - 22812086-b692-43a0-8348-44721a5a82d7@group-6FDF505D6F2F: changes role from  FOLLOWER to CANDIDATE at term 0 for changeToCandidate
2019-09-16 16:47:12,011 [d7db739d-8a5f-427c-bc0a-5603ac8ba161@group-05BB73A67ED0:LeaderElection1] INFO  server.RaftServerConfigKeys (ConfUtils.java:logGet(43)) - raft.server.watch.element-limit = 65536 (default)
2019-09-16 16:47:12,011 [Thread-288] INFO  impl.RoleInfo (RoleInfo.java:updateAndGet(143)) - 22812086-b692-43a0-8348-44721a5a82d7: start LeaderElection
2019-09-16 16:47:12,016 [pool-67-thread-1] INFO  storage.RaftStorage (RaftStorage.java:format(72)) - Storage directory /workdir/hadoop-ozone/integration-test/target/test-dir/MiniOzoneClusterImpl-2814d36b-6019-42fc-a66f-ece8bfc5d7d4/datanode-4/data/ratis/ba3ed4f3-a17d-444e-bcf8-e6369439fad5 has been successfully formatted.
2019-09-16 16:47:12,016 [pool-67-thread-1] INFO  ratis.ContainerStateMachine (ContainerStateMachine.java:loadSnapshot(230)) - group-E6369439FAD5: The snapshot info is null. Setting the last applied indexto:(t:0, i:~)
2019-09-16 16:47:12,016 [pool-67-thread-1] INFO  server.RaftServerConfigKeys (ConfUtils.java:logGet(43)) - raft.server.notification.no-leader.timeout = 120s (custom)
2019-09-16 16:47:12,016 [pool-67-thread-1] INFO  server.RaftServerConfigKeys (ConfUtils.java:logGet(43)) - raft.server.log.use.memory = false (default)
2019-09-16 16:47:12,016 [pool-67-thread-1] INFO  server.RaftServerConfigKeys (ConfUtils.java:logGet(43)) - raft.server.log.purge.gap = 1000000 (custom)
2019-09-16 16:47:12,017 [pool-67-thread-1] INFO  server.RaftServerConfigKeys (ConfUtils.java:logGet(43)) - raft.server.log.appender.buffer.byte-limit = 33554432 (custom)
2019-09-16 16:47:12,017 [pool-67-thread-1] INFO  server.RaftServerConfigKeys (ConfUtils.java:logGet(43)) - raft.server.log.segment.size.max = 1048576 (custom)
2019-09-16 16:47:12,017 [pool-67-thread-1] INFO  server.RaftServerConfigKeys (ConfUtils.java:logGet(43)) - raft.server.log.segment.cache.num.max = 2 (custom)
2019-09-16 16:47:12,017 [pool-67-thread-1] INFO  segmented.SegmentedRaftLogWorker (SegmentedRaftLogWorker.java:<init>(172)) - new b1d373fd-82f2-45f9-929a-b8d8660dbeb2@group-E6369439FAD5-SegmentedRaftLogWorker for RaftStorage:Storage Directory /workdir/hadoop-ozone/integration-test/target/test-dir/MiniOzoneClusterImpl-2814d36b-6019-42fc-a66f-ece8bfc5d7d4/datanode-4/data/ratis/ba3ed4f3-a17d-444e-bcf8-e6369439fad5
2019-09-16 16:47:12,019 [pool-67-thread-1] INFO  server.RaftServerConfigKeys (ConfUtils.java:logGet(43)) - raft.server.log.queue.byte-limit = 2147483647 (custom)
2019-09-16 16:47:12,020 [pool-67-thread-1] INFO  server.RaftServerConfigKeys (ConfUtils.java:logGet(43)) - raft.server.log.queue.element-limit = 1024 (custom)
2019-09-16 16:47:12,020 [pool-67-thread-1] INFO  server.RaftServerConfigKeys (ConfUtils.java:logGet(43)) - raft.server.log.segment.size.max = 1048576 (custom)
2019-09-16 16:47:12,020 [pool-67-thread-1] INFO  server.RaftServerConfigKeys (ConfUtils.java:logGet(43)) - raft.server.log.preallocated.size = 16384 (custom)
2019-09-16 16:47:12,020 [pool-67-thread-1] INFO  server.RaftServerConfigKeys (ConfUtils.java:logGet(43)) - raft.server.log.write.buffer.size = 33554432 (custom)
2019-09-16 16:47:12,020 [pool-67-thread-1] INFO  server.RaftServerConfigKeys (ConfUtils.java:logGet(43)) - raft.server.log.force.sync.num = 128 (default)
2019-09-16 16:47:12,020 [pool-67-thread-1] INFO  server.RaftServerConfigKeys (ConfUtils.java:logGet(43)) - raft.server.log.statemachine.data.sync = true (default)
2019-09-16 16:47:12,020 [pool-67-thread-1] INFO  server.RaftServerConfigKeys (ConfUtils.java:logGet(43)) - raft.server.log.statemachine.data.sync.timeout = 10s (default)
2019-09-16 16:47:12,020 [pool-67-thread-1] INFO  server.RaftServerConfigKeys (ConfUtils.java:logGet(43)) - raft.server.log.statemachine.data.sync.timeout.retry = -1 (default)
2019-09-16 16:47:12,021 [pool-67-thread-1] INFO  server.RaftServerConfigKeys (ConfUtils.java:logGet(43)) - raft.server.log.statemachine.data.caching.enabled = true (custom)
2019-09-16 16:47:12,021 [pool-67-thread-1] INFO  segmented.SegmentedRaftLogWorker (SegmentedRaftLogWorker.java:lambda$new$0(132)) - b1d373fd-82f2-45f9-929a-b8d8660dbeb2@group-E6369439FAD5-SegmentedRaftLogWorker: flushIndex: setUnconditionally 0 -> -1
2019-09-16 16:47:12,021 [pool-67-thread-1] INFO  server.RaftServerConfigKeys (ConfUtils.java:logGet(43)) - raft.server.snapshot.auto.trigger.enabled = true (custom)
2019-09-16 16:47:12,021 [pool-67-thread-1] INFO  server.RaftServerConfigKeys (ConfUtils.java:logGet(43)) - raft.server.snapshot.auto.trigger.threshold = 10000 (custom)
2019-09-16 16:47:12,022 [pool-67-thread-1] INFO  server.RaftServerConfigKeys (ConfUtils.java:logGet(43)) - raft.server.snapshot.retention.num.files = 5 (custom)
2019-09-16 16:47:12,022 [pool-67-thread-1] INFO  server.RaftServerConfigKeys (ConfUtils.java:logGet(43)) - raft.server.retrycache.expirytime = 600000ms (custom)
2019-09-16 16:47:12,025 [pool-67-thread-1] INFO  impl.RaftServerImpl (RaftServerImpl.java:start(185)) - b1d373fd-82f2-45f9-929a-b8d8660dbeb2@group-E6369439FAD5: start as a follower, conf=-1: [b1d373fd-82f2-45f9-929a-b8d8660dbeb2:192.168.5.184:42789], old=null
2019-09-16 16:47:12,025 [pool-67-thread-1] INFO  impl.RaftServerImpl (RaftServerImpl.java:setRole(174)) - b1d373fd-82f2-45f9-929a-b8d8660dbeb2@group-E6369439FAD5: changes role from      null to FOLLOWER at term 0 for startAsFollower
2019-09-16 16:47:12,025 [pool-67-thread-1] INFO  impl.RoleInfo (RoleInfo.java:updateAndGet(143)) - b1d373fd-82f2-45f9-929a-b8d8660dbeb2: start FollowerState
2019-09-16 16:47:12,026 [pool-67-thread-1] INFO  util.JmxRegister (JmxRegister.java:tryRegister(44)) - Successfully registered JMX Bean with object name Ratis:service=RaftServer,group=group-E6369439FAD5,id=b1d373fd-82f2-45f9-929a-b8d8660dbeb2
2019-09-16 16:47:12,034 [d7db739d-8a5f-427c-bc0a-5603ac8ba161@group-05BB73A67ED0:LeaderElection1] INFO  impl.RoleInfo (RoleInfo.java:updateAndGet(143)) - d7db739d-8a5f-427c-bc0a-5603ac8ba161: start LeaderState
2019-09-16 16:47:12,038 [RatisPipelineUtilsThread] INFO  pipeline.PipelineStateManager (PipelineStateManager.java:addPipeline(56)) - Created pipeline Pipeline[ Id: ba3ed4f3-a17d-444e-bcf8-e6369439fad5, Nodes: b1d373fd-82f2-45f9-929a-b8d8660dbeb2{ip: 192.168.5.184, host: pr-hdds-2022-qxstf-1422721469, networkLocation: /default-rack, certSerialId: null}, Type:RATIS, Factor:ONE, State:OPEN]
2019-09-16 16:47:12,042 [22812086-b692-43a0-8348-44721a5a82d7@group-6FDF505D6F2F:LeaderElection2] INFO  impl.LeaderElection (LeaderElection.java:askForVotes(182)) - 22812086-b692-43a0-8348-44721a5a82d7@group-6FDF505D6F2F:LeaderElection2: begin an election at term 1 for -1: [22812086-b692-43a0-8348-44721a5a82d7:192.168.5.184:33209], old=null
2019-09-16 16:47:12,044 [22812086-b692-43a0-8348-44721a5a82d7@group-6FDF505D6F2F:LeaderElection2] INFO  impl.RoleInfo (RoleInfo.java:shutdownLeaderElection(134)) - 22812086-b692-43a0-8348-44721a5a82d7: shutdown LeaderElection
2019-09-16 16:47:12,044 [22812086-b692-43a0-8348-44721a5a82d7@group-6FDF505D6F2F:LeaderElection2] INFO  impl.RaftServerImpl (RaftServerImpl.java:setRole(174)) - 22812086-b692-43a0-8348-44721a5a82d7@group-6FDF505D6F2F: changes role from CANDIDATE to LEADER at term 1 for changeToLeader
2019-09-16 16:47:12,044 [22812086-b692-43a0-8348-44721a5a82d7@group-6FDF505D6F2F:LeaderElection2] INFO  impl.RaftServerImpl (ServerState.java:setLeader(253)) - 22812086-b692-43a0-8348-44721a5a82d7@group-6FDF505D6F2F: change Leader from null to 22812086-b692-43a0-8348-44721a5a82d7 at term 1 for becomeLeader, leader elected after 1086ms
2019-09-16 16:47:12,046 [22812086-b692-43a0-8348-44721a5a82d7@group-6FDF505D6F2F:LeaderElection2] INFO  server.RaftServerConfigKeys (ConfUtils.java:logGet(43)) - raft.server.staging.catchup.gap = 1000 (default)
2019-09-16 16:47:12,046 [22812086-b692-43a0-8348-44721a5a82d7@group-6FDF505D6F2F:LeaderElection2] INFO  server.RaftServerConfigKeys (ConfUtils.java:logGet(43)) - raft.server.rpc.sleep.time = 25ms (default)
2019-09-16 16:47:12,046 [22812086-b692-43a0-8348-44721a5a82d7@group-6FDF505D6F2F:LeaderElection2] INFO  server.RaftServerConfigKeys (ConfUtils.java:logGet(43)) - raft.server.write.element-limit = 4096 (default)
2019-09-16 16:47:12,049 [22812086-b692-43a0-8348-44721a5a82d7@group-6FDF505D6F2F:LeaderElection2] INFO  server.RaftServerConfigKeys (ConfUtils.java:logGet(43)) - raft.server.watch.timeout = 10s (default)
2019-09-16 16:47:12,049 [22812086-b692-43a0-8348-44721a5a82d7@group-6FDF505D6F2F:LeaderElection2] INFO  server.RaftServerConfigKeys (ConfUtils.java:logGet(43)) - raft.server.watch.timeout.denomination = 1s (default)
2019-09-16 16:47:12,049 [22812086-b692-43a0-8348-44721a5a82d7@group-6FDF505D6F2F:LeaderElection2] INFO  server.RaftServerConfigKeys (ConfUtils.java:logGet(43)) - raft.server.watch.element-limit = 65536 (default)
2019-09-16 16:47:12,065 [22812086-b692-43a0-8348-44721a5a82d7@group-6FDF505D6F2F:LeaderElection2] INFO  impl.RoleInfo (RoleInfo.java:updateAndGet(143)) - 22812086-b692-43a0-8348-44721a5a82d7: start LeaderState
2019-09-16 16:47:12,068 [grpc-default-executor-0] INFO  impl.RaftServerProxy (RaftServerProxy.java:addNew(89)) - 44446946-e2df-49b4-a08f-7c38e08da8da: addNew group-19EF95327815:[44446946-e2df-49b4-a08f-7c38e08da8da:192.168.5.184:45592] returns group-19EF95327815:java.util.concurrent.CompletableFuture@689af857[Not completed]
2019-09-16 16:47:12,074 [pool-37-thread-1] INFO  impl.RaftServerImpl (RaftServerImpl.java:<init>(95)) - 44446946-e2df-49b4-a08f-7c38e08da8da: new RaftServerImpl for group-19EF95327815:[44446946-e2df-49b4-a08f-7c38e08da8da:192.168.5.184:45592] with ContainerStateMachine:uninitialized
2019-09-16 16:47:12,075 [pool-37-thread-1] INFO  server.RaftServerConfigKeys (ConfUtils.java:logGet(43)) - raft.server.rpc.timeout.min = 1s (custom)
2019-09-16 16:47:12,075 [pool-37-thread-1] INFO  server.RaftServerConfigKeys (ConfUtils.java:logGet(43)) - raft.server.rpc.timeout.max = 1200ms (custom)
2019-09-16 16:47:12,075 [pool-37-thread-1] INFO  server.RaftServerConfigKeys (ConfUtils.java:logGet(43)) - raft.server.rpcslowness.timeout = 120s (custom)
2019-09-16 16:47:12,075 [pool-37-thread-1] INFO  server.RaftServerConfigKeys (ConfUtils.java:logGet(43)) - raft.server.sleep.deviation.threshold = 300 (default)
2019-09-16 16:47:12,075 [pool-37-thread-1] INFO  server.RaftServerConfigKeys (ConfUtils.java:logGet(43)) - raft.server.log.appender.install.snapshot.enabled = false (custom)
2019-09-16 16:47:12,075 [pool-37-thread-1] INFO  impl.RaftServerImpl (ServerState.java:<init>(103)) - 44446946-e2df-49b4-a08f-7c38e08da8da@group-19EF95327815: ConfigurationManager, init=-1: [44446946-e2df-49b4-a08f-7c38e08da8da:192.168.5.184:45592], old=null, confs=<EMPTY_MAP>
2019-09-16 16:47:12,076 [pool-37-thread-1] INFO  server.RaftServerConfigKeys (ConfUtils.java:logGet(43)) - raft.server.storage.dir = [/workdir/hadoop-ozone/integration-test/target/test-dir/MiniOzoneClusterImpl-2814d36b-6019-42fc-a66f-ece8bfc5d7d4/datanode-1/data/ratis] (custom)
2019-09-16 16:47:12,076 [pool-37-thread-1] INFO  storage.RaftStorageDirectory (RaftStorageDirectory.java:analyzeStorage(246)) - The storage directory /workdir/hadoop-ozone/integration-test/target/test-dir/MiniOzoneClusterImpl-2814d36b-6019-42fc-a66f-ece8bfc5d7d4/datanode-1/data/ratis/0178a81c-6579-41a9-b58a-19ef95327815 does not exist. Creating ...
2019-09-16 16:47:12,087 [22812086-b692-43a0-8348-44721a5a82d7@group-6FDF505D6F2F:LeaderElection2] INFO  segmented.SegmentedRaftLogWorker (SegmentedRaftLogWorker.java:startLogSegment(380)) - 22812086-b692-43a0-8348-44721a5a82d7@group-6FDF505D6F2F-SegmentedRaftLogWorker: Starting segment from index:0
2019-09-16 16:47:12,087 [d7db739d-8a5f-427c-bc0a-5603ac8ba161@group-05BB73A67ED0:LeaderElection1] INFO  segmented.SegmentedRaftLogWorker (SegmentedRaftLogWorker.java:startLogSegment(380)) - d7db739d-8a5f-427c-bc0a-5603ac8ba161@group-05BB73A67ED0-SegmentedRaftLogWorker: Starting segment from index:0
2019-09-16 16:47:12,095 [pool-37-thread-1] INFO  storage.RaftStorageDirectory (RaftStorageDirectory.java:tryLock(328)) - Lock on /workdir/hadoop-ozone/integration-test/target/test-dir/MiniOzoneClusterImpl-2814d36b-6019-42fc-a66f-ece8bfc5d7d4/datanode-1/data/ratis/0178a81c-6579-41a9-b58a-19ef95327815/in_use.lock acquired by nodename 6929@pr-hdds-2022-qxstf-1422721469
2019-09-16 16:47:12,097 [d7db739d-8a5f-427c-bc0a-5603ac8ba161@group-05BB73A67ED0:LeaderElection1] INFO  impl.RaftServerImpl (ServerState.java:setRaftConf(354)) - d7db739d-8a5f-427c-bc0a-5603ac8ba161@group-05BB73A67ED0: set configuration 0: [d7db739d-8a5f-427c-bc0a-5603ac8ba161:192.168.5.184:39532], old=null at 0
2019-09-16 16:47:12,097 [22812086-b692-43a0-8348-44721a5a82d7@group-6FDF505D6F2F:LeaderElection2] INFO  impl.RaftServerImpl (ServerState.java:setRaftConf(354)) - 22812086-b692-43a0-8348-44721a5a82d7@group-6FDF505D6F2F: set configuration 0: [22812086-b692-43a0-8348-44721a5a82d7:192.168.5.184:33209], old=null at 0
2019-09-16 16:47:12,113 [pool-37-thread-1] INFO  storage.RaftStorage (RaftStorage.java:format(72)) - Storage directory /workdir/hadoop-ozone/integration-test/target/test-dir/MiniOzoneClusterImpl-2814d36b-6019-42fc-a66f-ece8bfc5d7d4/datanode-1/data/ratis/0178a81c-6579-41a9-b58a-19ef95327815 has been successfully formatted.
2019-09-16 16:47:12,114 [pool-37-thread-1] INFO  ratis.ContainerStateMachine (ContainerStateMachine.java:loadSnapshot(230)) - group-19EF95327815: The snapshot info is null. Setting the last applied indexto:(t:0, i:~)
2019-09-16 16:47:12,114 [pool-37-thread-1] INFO  server.RaftServerConfigKeys (ConfUtils.java:logGet(43)) - raft.server.notification.no-leader.timeout = 120s (custom)
2019-09-16 16:47:12,114 [pool-37-thread-1] INFO  server.RaftServerConfigKeys (ConfUtils.java:logGet(43)) - raft.server.log.use.memory = false (default)
2019-09-16 16:47:12,114 [pool-37-thread-1] INFO  server.RaftServerConfigKeys (ConfUtils.java:logGet(43)) - raft.server.log.purge.gap = 1000000 (custom)
2019-09-16 16:47:12,114 [pool-37-thread-1] INFO  server.RaftServerConfigKeys (ConfUtils.java:logGet(43)) - raft.server.log.appender.buffer.byte-limit = 33554432 (custom)
2019-09-16 16:47:12,115 [pool-37-thread-1] INFO  server.RaftServerConfigKeys (ConfUtils.java:logGet(43)) - raft.server.log.segment.size.max = 1048576 (custom)
2019-09-16 16:47:12,115 [pool-37-thread-1] INFO  server.RaftServerConfigKeys (ConfUtils.java:logGet(43)) - raft.server.log.segment.cache.num.max = 2 (custom)
2019-09-16 16:47:12,115 [pool-37-thread-1] INFO  segmented.SegmentedRaftLogWorker (SegmentedRaftLogWorker.java:<init>(172)) - new 44446946-e2df-49b4-a08f-7c38e08da8da@group-19EF95327815-SegmentedRaftLogWorker for RaftStorage:Storage Directory /workdir/hadoop-ozone/integration-test/target/test-dir/MiniOzoneClusterImpl-2814d36b-6019-42fc-a66f-ece8bfc5d7d4/datanode-1/data/ratis/0178a81c-6579-41a9-b58a-19ef95327815
2019-09-16 16:47:12,119 [pool-37-thread-1] INFO  server.RaftServerConfigKeys (ConfUtils.java:logGet(43)) - raft.server.log.queue.byte-limit = 2147483647 (custom)
2019-09-16 16:47:12,119 [pool-37-thread-1] INFO  server.RaftServerConfigKeys (ConfUtils.java:logGet(43)) - raft.server.log.queue.element-limit = 1024 (custom)
2019-09-16 16:47:12,119 [pool-37-thread-1] INFO  server.RaftServerConfigKeys (ConfUtils.java:logGet(43)) - raft.server.log.segment.size.max = 1048576 (custom)
2019-09-16 16:47:12,119 [pool-37-thread-1] INFO  server.RaftServerConfigKeys (ConfUtils.java:logGet(43)) - raft.server.log.preallocated.size = 16384 (custom)
2019-09-16 16:47:12,120 [pool-37-thread-1] INFO  server.RaftServerConfigKeys (ConfUtils.java:logGet(43)) - raft.server.log.write.buffer.size = 33554432 (custom)
2019-09-16 16:47:12,120 [pool-37-thread-1] INFO  server.RaftServerConfigKeys (ConfUtils.java:logGet(43)) - raft.server.log.force.sync.num = 128 (default)
2019-09-16 16:47:12,120 [pool-37-thread-1] INFO  server.RaftServerConfigKeys (ConfUtils.java:logGet(43)) - raft.server.log.statemachine.data.sync = true (default)
2019-09-16 16:47:12,120 [pool-37-thread-1] INFO  server.RaftServerConfigKeys (ConfUtils.java:logGet(43)) - raft.server.log.statemachine.data.sync.timeout = 10s (default)
2019-09-16 16:47:12,121 [pool-37-thread-1] INFO  server.RaftServerConfigKeys (ConfUtils.java:logGet(43)) - raft.server.log.statemachine.data.sync.timeout.retry = -1 (default)
2019-09-16 16:47:12,121 [pool-37-thread-1] INFO  server.RaftServerConfigKeys (ConfUtils.java:logGet(43)) - raft.server.log.statemachine.data.caching.enabled = true (custom)
2019-09-16 16:47:12,122 [pool-37-thread-1] INFO  segmented.SegmentedRaftLogWorker (SegmentedRaftLogWorker.java:lambda$new$0(132)) - 44446946-e2df-49b4-a08f-7c38e08da8da@group-19EF95327815-SegmentedRaftLogWorker: flushIndex: setUnconditionally 0 -> -1
2019-09-16 16:47:12,122 [pool-37-thread-1] INFO  server.RaftServerConfigKeys (ConfUtils.java:logGet(43)) - raft.server.snapshot.auto.trigger.enabled = true (custom)
2019-09-16 16:47:12,122 [pool-37-thread-1] INFO  server.RaftServerConfigKeys (ConfUtils.java:logGet(43)) - raft.server.snapshot.auto.trigger.threshold = 10000 (custom)
2019-09-16 16:47:12,122 [pool-37-thread-1] INFO  server.RaftServerConfigKeys (ConfUtils.java:logGet(43)) - raft.server.snapshot.retention.num.files = 5 (custom)
2019-09-16 16:47:12,123 [pool-37-thread-1] INFO  server.RaftServerConfigKeys (ConfUtils.java:logGet(43)) - raft.server.retrycache.expirytime = 600000ms (custom)
2019-09-16 16:47:12,126 [pool-37-thread-1] INFO  impl.RaftServerImpl (RaftServerImpl.java:start(185)) - 44446946-e2df-49b4-a08f-7c38e08da8da@group-19EF95327815: start as a follower, conf=-1: [44446946-e2df-49b4-a08f-7c38e08da8da:192.168.5.184:45592], old=null
2019-09-16 16:47:12,126 [pool-37-thread-1] INFO  impl.RaftServerImpl (RaftServerImpl.java:setRole(174)) - 44446946-e2df-49b4-a08f-7c38e08da8da@group-19EF95327815: changes role from      null to FOLLOWER at term 0 for startAsFollower
2019-09-16 16:47:12,126 [pool-37-thread-1] INFO  impl.RoleInfo (RoleInfo.java:updateAndGet(143)) - 44446946-e2df-49b4-a08f-7c38e08da8da: start FollowerState
2019-09-16 16:47:12,128 [pool-37-thread-1] INFO  util.JmxRegister (JmxRegister.java:tryRegister(44)) - Successfully registered JMX Bean with object name Ratis:service=RaftServer,group=group-19EF95327815,id=44446946-e2df-49b4-a08f-7c38e08da8da
2019-09-16 16:47:12,149 [RatisPipelineUtilsThread] INFO  pipeline.PipelineStateManager (PipelineStateManager.java:addPipeline(56)) - Created pipeline Pipeline[ Id: 0178a81c-6579-41a9-b58a-19ef95327815, Nodes: 44446946-e2df-49b4-a08f-7c38e08da8da{ip: 192.168.5.184, host: pr-hdds-2022-qxstf-1422721469, networkLocation: /default-rack, certSerialId: null}, Type:RATIS, Factor:ONE, State:OPEN]
2019-09-16 16:47:12,167 [grpc-default-executor-0] INFO  impl.RaftServerProxy (RaftServerProxy.java:addNew(89)) - 6044b653-4ba3-462e-b1d8-fff4097cca63: addNew group-7B7027C86640:[6044b653-4ba3-462e-b1d8-fff4097cca63:192.168.5.184:43507] returns group-7B7027C86640:java.util.concurrent.CompletableFuture@278a0842[Not completed]
2019-09-16 16:47:12,173 [pool-97-thread-1] INFO  impl.RaftServerImpl (RaftServerImpl.java:<init>(95)) - 6044b653-4ba3-462e-b1d8-fff4097cca63: new RaftServerImpl for group-7B7027C86640:[6044b653-4ba3-462e-b1d8-fff4097cca63:192.168.5.184:43507] with ContainerStateMachine:uninitialized
2019-09-16 16:47:12,173 [pool-97-thread-1] INFO  server.RaftServerConfigKeys (ConfUtils.java:logGet(43)) - raft.server.rpc.timeout.min = 1s (custom)
2019-09-16 16:47:12,174 [pool-97-thread-1] INFO  server.RaftServerConfigKeys (ConfUtils.java:logGet(43)) - raft.server.rpc.timeout.max = 1200ms (custom)
2019-09-16 16:47:12,174 [pool-97-thread-1] INFO  server.RaftServerConfigKeys (ConfUtils.java:logGet(43)) - raft.server.rpcslowness.timeout = 120s (custom)
2019-09-16 16:47:12,174 [pool-97-thread-1] INFO  server.RaftServerConfigKeys (ConfUtils.java:logGet(43)) - raft.server.sleep.deviation.threshold = 300 (default)
2019-09-16 16:47:12,175 [pool-97-thread-1] INFO  server.RaftServerConfigKeys (ConfUtils.java:logGet(43)) - raft.server.log.appender.install.snapshot.enabled = false (custom)
2019-09-16 16:47:12,175 [pool-97-thread-1] INFO  impl.RaftServerImpl (ServerState.java:<init>(103)) - 6044b653-4ba3-462e-b1d8-fff4097cca63@group-7B7027C86640: ConfigurationManager, init=-1: [6044b653-4ba3-462e-b1d8-fff4097cca63:192.168.5.184:43507], old=null, confs=<EMPTY_MAP>
2019-09-16 16:47:12,175 [pool-97-thread-1] INFO  server.RaftServerConfigKeys (ConfUtils.java:logGet(43)) - raft.server.storage.dir = [/workdir/hadoop-ozone/integration-test/target/test-dir/MiniOzoneClusterImpl-2814d36b-6019-42fc-a66f-ece8bfc5d7d4/datanode-7/data/ratis] (custom)
2019-09-16 16:47:12,176 [pool-97-thread-1] INFO  storage.RaftStorageDirectory (RaftStorageDirectory.java:analyzeStorage(246)) - The storage directory /workdir/hadoop-ozone/integration-test/target/test-dir/MiniOzoneClusterImpl-2814d36b-6019-42fc-a66f-ece8bfc5d7d4/datanode-7/data/ratis/9081757b-2a27-4689-8541-7b7027c86640 does not exist. Creating ...
2019-09-16 16:47:12,210 [pool-97-thread-1] INFO  storage.RaftStorageDirectory (RaftStorageDirectory.java:tryLock(328)) - Lock on /workdir/hadoop-ozone/integration-test/target/test-dir/MiniOzoneClusterImpl-2814d36b-6019-42fc-a66f-ece8bfc5d7d4/datanode-7/data/ratis/9081757b-2a27-4689-8541-7b7027c86640/in_use.lock acquired by nodename 6929@pr-hdds-2022-qxstf-1422721469
2019-09-16 16:47:12,243 [pool-97-thread-1] INFO  storage.RaftStorage (RaftStorage.java:format(72)) - Storage directory /workdir/hadoop-ozone/integration-test/target/test-dir/MiniOzoneClusterImpl-2814d36b-6019-42fc-a66f-ece8bfc5d7d4/datanode-7/data/ratis/9081757b-2a27-4689-8541-7b7027c86640 has been successfully formatted.
2019-09-16 16:47:12,243 [pool-97-thread-1] INFO  ratis.ContainerStateMachine (ContainerStateMachine.java:loadSnapshot(230)) - group-7B7027C86640: The snapshot info is null. Setting the last applied indexto:(t:0, i:~)
2019-09-16 16:47:12,243 [pool-97-thread-1] INFO  server.RaftServerConfigKeys (ConfUtils.java:logGet(43)) - raft.server.notification.no-leader.timeout = 120s (custom)
2019-09-16 16:47:12,244 [pool-97-thread-1] INFO  server.RaftServerConfigKeys (ConfUtils.java:logGet(43)) - raft.server.log.use.memory = false (default)
2019-09-16 16:47:12,244 [pool-97-thread-1] INFO  server.RaftServerConfigKeys (ConfUtils.java:logGet(43)) - raft.server.log.purge.gap = 1000000 (custom)
2019-09-16 16:47:12,244 [pool-97-thread-1] INFO  server.RaftServerConfigKeys (ConfUtils.java:logGet(43)) - raft.server.log.appender.buffer.byte-limit = 33554432 (custom)
2019-09-16 16:47:12,244 [pool-97-thread-1] INFO  server.RaftServerConfigKeys (ConfUtils.java:logGet(43)) - raft.server.log.segment.size.max = 1048576 (custom)
2019-09-16 16:47:12,244 [pool-97-thread-1] INFO  server.RaftServerConfigKeys (ConfUtils.java:logGet(43)) - raft.server.log.segment.cache.num.max = 2 (custom)
2019-09-16 16:47:12,244 [pool-97-thread-1] INFO  segmented.SegmentedRaftLogWorker (SegmentedRaftLogWorker.java:<init>(172)) - new 6044b653-4ba3-462e-b1d8-fff4097cca63@group-7B7027C86640-SegmentedRaftLogWorker for RaftStorage:Storage Directory /workdir/hadoop-ozone/integration-test/target/test-dir/MiniOzoneClusterImpl-2814d36b-6019-42fc-a66f-ece8bfc5d7d4/datanode-7/data/ratis/9081757b-2a27-4689-8541-7b7027c86640
2019-09-16 16:47:12,247 [pool-97-thread-1] INFO  server.RaftServerConfigKeys (ConfUtils.java:logGet(43)) - raft.server.log.queue.byte-limit = 2147483647 (custom)
2019-09-16 16:47:12,247 [pool-97-thread-1] INFO  server.RaftServerConfigKeys (ConfUtils.java:logGet(43)) - raft.server.log.queue.element-limit = 1024 (custom)
2019-09-16 16:47:12,247 [pool-97-thread-1] INFO  server.RaftServerConfigKeys (ConfUtils.java:logGet(43)) - raft.server.log.segment.size.max = 1048576 (custom)
2019-09-16 16:47:12,248 [pool-97-thread-1] INFO  server.RaftServerConfigKeys (ConfUtils.java:logGet(43)) - raft.server.log.preallocated.size = 16384 (custom)
2019-09-16 16:47:12,248 [pool-97-thread-1] INFO  server.RaftServerConfigKeys (ConfUtils.java:logGet(43)) - raft.server.log.write.buffer.size = 33554432 (custom)
2019-09-16 16:47:12,248 [pool-97-thread-1] INFO  server.RaftServerConfigKeys (ConfUtils.java:logGet(43)) - raft.server.log.force.sync.num = 128 (default)
2019-09-16 16:47:12,248 [pool-97-thread-1] INFO  server.RaftServerConfigKeys (ConfUtils.java:logGet(43)) - raft.server.log.statemachine.data.sync = true (default)
2019-09-16 16:47:12,248 [pool-97-thread-1] INFO  server.RaftServerConfigKeys (ConfUtils.java:logGet(43)) - raft.server.log.statemachine.data.sync.timeout = 10s (default)
2019-09-16 16:47:12,248 [pool-97-thread-1] INFO  server.RaftServerConfigKeys (ConfUtils.java:logGet(43)) - raft.server.log.statemachine.data.sync.timeout.retry = -1 (default)
2019-09-16 16:47:12,249 [pool-97-thread-1] INFO  server.RaftServerConfigKeys (ConfUtils.java:logGet(43)) - raft.server.log.statemachine.data.caching.enabled = true (custom)
2019-09-16 16:47:12,249 [pool-97-thread-1] INFO  segmented.SegmentedRaftLogWorker (SegmentedRaftLogWorker.java:lambda$new$0(132)) - 6044b653-4ba3-462e-b1d8-fff4097cca63@group-7B7027C86640-SegmentedRaftLogWorker: flushIndex: setUnconditionally 0 -> -1
2019-09-16 16:47:12,249 [pool-97-thread-1] INFO  server.RaftServerConfigKeys (ConfUtils.java:logGet(43)) - raft.server.snapshot.auto.trigger.enabled = true (custom)
2019-09-16 16:47:12,249 [pool-97-thread-1] INFO  server.RaftServerConfigKeys (ConfUtils.java:logGet(43)) - raft.server.snapshot.auto.trigger.threshold = 10000 (custom)
2019-09-16 16:47:12,250 [pool-97-thread-1] INFO  server.RaftServerConfigKeys (ConfUtils.java:logGet(43)) - raft.server.snapshot.retention.num.files = 5 (custom)
2019-09-16 16:47:12,250 [pool-97-thread-1] INFO  server.RaftServerConfigKeys (ConfUtils.java:logGet(43)) - raft.server.retrycache.expirytime = 600000ms (custom)
2019-09-16 16:47:12,252 [pool-97-thread-1] INFO  impl.RaftServerImpl (RaftServerImpl.java:start(185)) - 6044b653-4ba3-462e-b1d8-fff4097cca63@group-7B7027C86640: start as a follower, conf=-1: [6044b653-4ba3-462e-b1d8-fff4097cca63:192.168.5.184:43507], old=null
2019-09-16 16:47:12,252 [pool-97-thread-1] INFO  impl.RaftServerImpl (RaftServerImpl.java:setRole(174)) - 6044b653-4ba3-462e-b1d8-fff4097cca63@group-7B7027C86640: changes role from      null to FOLLOWER at term 0 for startAsFollower
2019-09-16 16:47:12,252 [pool-97-thread-1] INFO  impl.RoleInfo (RoleInfo.java:updateAndGet(143)) - 6044b653-4ba3-462e-b1d8-fff4097cca63: start FollowerState
2019-09-16 16:47:12,253 [pool-97-thread-1] INFO  util.JmxRegister (JmxRegister.java:tryRegister(44)) - Successfully registered JMX Bean with object name Ratis:service=RaftServer,group=group-7B7027C86640,id=6044b653-4ba3-462e-b1d8-fff4097cca63
2019-09-16 16:47:12,261 [Thread-291] INFO  impl.FollowerState (FollowerState.java:run(106)) - 37aba10a-6fc0-4836-82ce-0d66a20effe5:group-7CC4BAA27306 changes to CANDIDATE, lastRpcTime:1096, electionTimeout:1095ms
2019-09-16 16:47:12,261 [Thread-291] INFO  impl.RoleInfo (RoleInfo.java:shutdownFollowerState(121)) - 37aba10a-6fc0-4836-82ce-0d66a20effe5: shutdown FollowerState
2019-09-16 16:47:12,262 [Thread-291] INFO  impl.RaftServerImpl (RaftServerImpl.java:setRole(174)) - 37aba10a-6fc0-4836-82ce-0d66a20effe5@group-7CC4BAA27306: changes role from  FOLLOWER to CANDIDATE at term 0 for changeToCandidate
2019-09-16 16:47:12,264 [Thread-291] INFO  impl.RoleInfo (RoleInfo.java:updateAndGet(143)) - 37aba10a-6fc0-4836-82ce-0d66a20effe5: start LeaderElection
2019-09-16 16:47:12,266 [RatisPipelineUtilsThread] INFO  pipeline.PipelineStateManager (PipelineStateManager.java:addPipeline(56)) - Created pipeline Pipeline[ Id: 9081757b-2a27-4689-8541-7b7027c86640, Nodes: 6044b653-4ba3-462e-b1d8-fff4097cca63{ip: 192.168.5.184, host: pr-hdds-2022-qxstf-1422721469, networkLocation: /default-rack, certSerialId: null}, Type:RATIS, Factor:ONE, State:OPEN]
2019-09-16 16:47:12,300 [grpc-default-executor-0] INFO  impl.RaftServerProxy (RaftServerProxy.java:addNew(89)) - 211683d0-e7e4-43b3-9a19-c932c2e3e607: addNew group-1E5A4C08F6F2:[211683d0-e7e4-43b3-9a19-c932c2e3e607:192.168.5.184:38618] returns group-1E5A4C08F6F2:java.util.concurrent.CompletableFuture@339560f6[Not completed]
2019-09-16 16:47:12,300 [main] INFO  rpc.RpcClient (RpcClient.java:createVolume(302)) - Creating Volume: datanodefailurehandlingtest, with jenkins1000 as owner.
2019-09-16 16:47:12,300 [37aba10a-6fc0-4836-82ce-0d66a20effe5@group-7CC4BAA27306:LeaderElection3] INFO  impl.LeaderElection (LeaderElection.java:askForVotes(182)) - 37aba10a-6fc0-4836-82ce-0d66a20effe5@group-7CC4BAA27306:LeaderElection3: begin an election at term 1 for -1: [37aba10a-6fc0-4836-82ce-0d66a20effe5:192.168.5.184:35204], old=null
2019-09-16 16:47:12,301 [37aba10a-6fc0-4836-82ce-0d66a20effe5@group-7CC4BAA27306:LeaderElection3] INFO  impl.RoleInfo (RoleInfo.java:shutdownLeaderElection(134)) - 37aba10a-6fc0-4836-82ce-0d66a20effe5: shutdown LeaderElection
2019-09-16 16:47:12,301 [37aba10a-6fc0-4836-82ce-0d66a20effe5@group-7CC4BAA27306:LeaderElection3] INFO  impl.RaftServerImpl (RaftServerImpl.java:setRole(174)) - 37aba10a-6fc0-4836-82ce-0d66a20effe5@group-7CC4BAA27306: changes role from CANDIDATE to LEADER at term 1 for changeToLeader
2019-09-16 16:47:12,301 [37aba10a-6fc0-4836-82ce-0d66a20effe5@group-7CC4BAA27306:LeaderElection3] INFO  impl.RaftServerImpl (ServerState.java:setLeader(253)) - 37aba10a-6fc0-4836-82ce-0d66a20effe5@group-7CC4BAA27306: change Leader from null to 37aba10a-6fc0-4836-82ce-0d66a20effe5 at term 1 for becomeLeader, leader elected after 1216ms
2019-09-16 16:47:12,311 [37aba10a-6fc0-4836-82ce-0d66a20effe5@group-7CC4BAA27306:LeaderElection3] INFO  server.RaftServerConfigKeys (ConfUtils.java:logGet(43)) - raft.server.staging.catchup.gap = 1000 (default)
2019-09-16 16:47:12,314 [37aba10a-6fc0-4836-82ce-0d66a20effe5@group-7CC4BAA27306:LeaderElection3] INFO  server.RaftServerConfigKeys (ConfUtils.java:logGet(43)) - raft.server.rpc.sleep.time = 25ms (default)
2019-09-16 16:47:12,314 [37aba10a-6fc0-4836-82ce-0d66a20effe5@group-7CC4BAA27306:LeaderElection3] INFO  server.RaftServerConfigKeys (ConfUtils.java:logGet(43)) - raft.server.write.element-limit = 4096 (default)
2019-09-16 16:47:12,314 [37aba10a-6fc0-4836-82ce-0d66a20effe5@group-7CC4BAA27306:LeaderElection3] INFO  server.RaftServerConfigKeys (ConfUtils.java:logGet(43)) - raft.server.watch.timeout = 10s (default)
2019-09-16 16:47:12,314 [37aba10a-6fc0-4836-82ce-0d66a20effe5@group-7CC4BAA27306:LeaderElection3] INFO  server.RaftServerConfigKeys (ConfUtils.java:logGet(43)) - raft.server.watch.timeout.denomination = 1s (default)
2019-09-16 16:47:12,314 [37aba10a-6fc0-4836-82ce-0d66a20effe5@group-7CC4BAA27306:LeaderElection3] INFO  server.RaftServerConfigKeys (ConfUtils.java:logGet(43)) - raft.server.watch.element-limit = 65536 (default)
2019-09-16 16:47:12,314 [pool-77-thread-1] INFO  impl.RaftServerImpl (RaftServerImpl.java:<init>(95)) - 211683d0-e7e4-43b3-9a19-c932c2e3e607: new RaftServerImpl for group-1E5A4C08F6F2:[211683d0-e7e4-43b3-9a19-c932c2e3e607:192.168.5.184:38618] with ContainerStateMachine:uninitialized
2019-09-16 16:47:12,315 [pool-77-thread-1] INFO  server.RaftServerConfigKeys (ConfUtils.java:logGet(43)) - raft.server.rpc.timeout.min = 1s (custom)
2019-09-16 16:47:12,315 [pool-77-thread-1] INFO  server.RaftServerConfigKeys (ConfUtils.java:logGet(43)) - raft.server.rpc.timeout.max = 1200ms (custom)
2019-09-16 16:47:12,315 [pool-77-thread-1] INFO  server.RaftServerConfigKeys (ConfUtils.java:logGet(43)) - raft.server.rpcslowness.timeout = 120s (custom)
2019-09-16 16:47:12,315 [pool-77-thread-1] INFO  server.RaftServerConfigKeys (ConfUtils.java:logGet(43)) - raft.server.sleep.deviation.threshold = 300 (default)
2019-09-16 16:47:12,315 [pool-77-thread-1] INFO  server.RaftServerConfigKeys (ConfUtils.java:logGet(43)) - raft.server.log.appender.install.snapshot.enabled = false (custom)
2019-09-16 16:47:12,315 [pool-77-thread-1] INFO  impl.RaftServerImpl (ServerState.java:<init>(103)) - 211683d0-e7e4-43b3-9a19-c932c2e3e607@group-1E5A4C08F6F2: ConfigurationManager, init=-1: [211683d0-e7e4-43b3-9a19-c932c2e3e607:192.168.5.184:38618], old=null, confs=<EMPTY_MAP>
2019-09-16 16:47:12,316 [pool-77-thread-1] INFO  server.RaftServerConfigKeys (ConfUtils.java:logGet(43)) - raft.server.storage.dir = [/workdir/hadoop-ozone/integration-test/target/test-dir/MiniOzoneClusterImpl-2814d36b-6019-42fc-a66f-ece8bfc5d7d4/datanode-5/data/ratis] (custom)
2019-09-16 16:47:12,316 [pool-77-thread-1] INFO  storage.RaftStorageDirectory (RaftStorageDirectory.java:analyzeStorage(246)) - The storage directory /workdir/hadoop-ozone/integration-test/target/test-dir/MiniOzoneClusterImpl-2814d36b-6019-42fc-a66f-ece8bfc5d7d4/datanode-5/data/ratis/71864a8e-a5b0-41bf-b48d-1e5a4c08f6f2 does not exist. Creating ...
2019-09-16 16:47:12,317 [37aba10a-6fc0-4836-82ce-0d66a20effe5@group-7CC4BAA27306:LeaderElection3] INFO  impl.RoleInfo (RoleInfo.java:updateAndGet(143)) - 37aba10a-6fc0-4836-82ce-0d66a20effe5: start LeaderState
2019-09-16 16:47:12,317 [37aba10a-6fc0-4836-82ce-0d66a20effe5@group-7CC4BAA27306:LeaderElection3] INFO  segmented.SegmentedRaftLogWorker (SegmentedRaftLogWorker.java:startLogSegment(380)) - 37aba10a-6fc0-4836-82ce-0d66a20effe5@group-7CC4BAA27306-SegmentedRaftLogWorker: Starting segment from index:0
2019-09-16 16:47:12,317 [37aba10a-6fc0-4836-82ce-0d66a20effe5@group-7CC4BAA27306:LeaderElection3] INFO  impl.RaftServerImpl (ServerState.java:setRaftConf(354)) - 37aba10a-6fc0-4836-82ce-0d66a20effe5@group-7CC4BAA27306: set configuration 0: [37aba10a-6fc0-4836-82ce-0d66a20effe5:192.168.5.184:35204], old=null at 0
2019-09-16 16:47:12,344 [pool-77-thread-1] INFO  storage.RaftStorageDirectory (RaftStorageDirectory.java:tryLock(328)) - Lock on /workdir/hadoop-ozone/integration-test/target/test-dir/MiniOzoneClusterImpl-2814d36b-6019-42fc-a66f-ece8bfc5d7d4/datanode-5/data/ratis/71864a8e-a5b0-41bf-b48d-1e5a4c08f6f2/in_use.lock acquired by nodename 6929@pr-hdds-2022-qxstf-1422721469
2019-09-16 16:47:12,387 [pool-77-thread-1] INFO  storage.RaftStorage (RaftStorage.java:format(72)) - Storage directory /workdir/hadoop-ozone/integration-test/target/test-dir/MiniOzoneClusterImpl-2814d36b-6019-42fc-a66f-ece8bfc5d7d4/datanode-5/data/ratis/71864a8e-a5b0-41bf-b48d-1e5a4c08f6f2 has been successfully formatted.
2019-09-16 16:47:12,387 [pool-77-thread-1] INFO  ratis.ContainerStateMachine (ContainerStateMachine.java:loadSnapshot(230)) - group-1E5A4C08F6F2: The snapshot info is null. Setting the last applied indexto:(t:0, i:~)
2019-09-16 16:47:12,387 [pool-77-thread-1] INFO  server.RaftServerConfigKeys (ConfUtils.java:logGet(43)) - raft.server.notification.no-leader.timeout = 120s (custom)
2019-09-16 16:47:12,387 [pool-77-thread-1] INFO  server.RaftServerConfigKeys (ConfUtils.java:logGet(43)) - raft.server.log.use.memory = false (default)
2019-09-16 16:47:12,387 [pool-77-thread-1] INFO  server.RaftServerConfigKeys (ConfUtils.java:logGet(43)) - raft.server.log.purge.gap = 1000000 (custom)
2019-09-16 16:47:12,388 [pool-77-thread-1] INFO  server.RaftServerConfigKeys (ConfUtils.java:logGet(43)) - raft.server.log.appender.buffer.byte-limit = 33554432 (custom)
2019-09-16 16:47:12,388 [pool-77-thread-1] INFO  server.RaftServerConfigKeys (ConfUtils.java:logGet(43)) - raft.server.log.segment.size.max = 1048576 (custom)
2019-09-16 16:47:12,388 [pool-77-thread-1] INFO  server.RaftServerConfigKeys (ConfUtils.java:logGet(43)) - raft.server.log.segment.cache.num.max = 2 (custom)
2019-09-16 16:47:12,388 [pool-77-thread-1] INFO  segmented.SegmentedRaftLogWorker (SegmentedRaftLogWorker.java:<init>(172)) - new 211683d0-e7e4-43b3-9a19-c932c2e3e607@group-1E5A4C08F6F2-SegmentedRaftLogWorker for RaftStorage:Storage Directory /workdir/hadoop-ozone/integration-test/target/test-dir/MiniOzoneClusterImpl-2814d36b-6019-42fc-a66f-ece8bfc5d7d4/datanode-5/data/ratis/71864a8e-a5b0-41bf-b48d-1e5a4c08f6f2
2019-09-16 16:47:12,391 [pool-77-thread-1] INFO  server.RaftServerConfigKeys (ConfUtils.java:logGet(43)) - raft.server.log.queue.byte-limit = 2147483647 (custom)
2019-09-16 16:47:12,391 [pool-77-thread-1] INFO  server.RaftServerConfigKeys (ConfUtils.java:logGet(43)) - raft.server.log.queue.element-limit = 1024 (custom)
2019-09-16 16:47:12,391 [pool-77-thread-1] INFO  server.RaftServerConfigKeys (ConfUtils.java:logGet(43)) - raft.server.log.segment.size.max = 1048576 (custom)
2019-09-16 16:47:12,391 [pool-77-thread-1] INFO  server.RaftServerConfigKeys (ConfUtils.java:logGet(43)) - raft.server.log.preallocated.size = 16384 (custom)
2019-09-16 16:47:12,391 [pool-77-thread-1] INFO  server.RaftServerConfigKeys (ConfUtils.java:logGet(43)) - raft.server.log.write.buffer.size = 33554432 (custom)
2019-09-16 16:47:12,391 [pool-77-thread-1] INFO  server.RaftServerConfigKeys (ConfUtils.java:logGet(43)) - raft.server.log.force.sync.num = 128 (default)
2019-09-16 16:47:12,391 [pool-77-thread-1] INFO  server.RaftServerConfigKeys (ConfUtils.java:logGet(43)) - raft.server.log.statemachine.data.sync = true (default)
2019-09-16 16:47:12,392 [pool-77-thread-1] INFO  server.RaftServerConfigKeys (ConfUtils.java:logGet(43)) - raft.server.log.statemachine.data.sync.timeout = 10s (default)
2019-09-16 16:47:12,392 [pool-77-thread-1] INFO  server.RaftServerConfigKeys (ConfUtils.java:logGet(43)) - raft.server.log.statemachine.data.sync.timeout.retry = -1 (default)
2019-09-16 16:47:12,392 [pool-77-thread-1] INFO  server.RaftServerConfigKeys (ConfUtils.java:logGet(43)) - raft.server.log.statemachine.data.caching.enabled = true (custom)
2019-09-16 16:47:12,464 [pool-77-thread-1] INFO  segmented.SegmentedRaftLogWorker (SegmentedRaftLogWorker.java:lambda$new$0(132)) - 211683d0-e7e4-43b3-9a19-c932c2e3e607@group-1E5A4C08F6F2-SegmentedRaftLogWorker: flushIndex: setUnconditionally 0 -> -1
2019-09-16 16:47:12,468 [pool-77-thread-1] INFO  server.RaftServerConfigKeys (ConfUtils.java:logGet(43)) - raft.server.snapshot.auto.trigger.enabled = true (custom)
2019-09-16 16:47:12,468 [pool-77-thread-1] INFO  server.RaftServerConfigKeys (ConfUtils.java:logGet(43)) - raft.server.snapshot.auto.trigger.threshold = 10000 (custom)
2019-09-16 16:47:12,468 [pool-77-thread-1] INFO  server.RaftServerConfigKeys (ConfUtils.java:logGet(43)) - raft.server.snapshot.retention.num.files = 5 (custom)
2019-09-16 16:47:12,468 [pool-77-thread-1] INFO  server.RaftServerConfigKeys (ConfUtils.java:logGet(43)) - raft.server.retrycache.expirytime = 600000ms (custom)
2019-09-16 16:47:12,472 [pool-77-thread-1] INFO  impl.RaftServerImpl (RaftServerImpl.java:start(185)) - 211683d0-e7e4-43b3-9a19-c932c2e3e607@group-1E5A4C08F6F2: start as a follower, conf=-1: [211683d0-e7e4-43b3-9a19-c932c2e3e607:192.168.5.184:38618], old=null
2019-09-16 16:47:12,472 [pool-77-thread-1] INFO  impl.RaftServerImpl (RaftServerImpl.java:setRole(174)) - 211683d0-e7e4-43b3-9a19-c932c2e3e607@group-1E5A4C08F6F2: changes role from      null to FOLLOWER at term 0 for startAsFollower
2019-09-16 16:47:12,472 [pool-77-thread-1] INFO  impl.RoleInfo (RoleInfo.java:updateAndGet(143)) - 211683d0-e7e4-43b3-9a19-c932c2e3e607: start FollowerState
2019-09-16 16:47:12,473 [pool-77-thread-1] INFO  util.JmxRegister (JmxRegister.java:tryRegister(44)) - Successfully registered JMX Bean with object name Ratis:service=RaftServer,group=group-1E5A4C08F6F2,id=211683d0-e7e4-43b3-9a19-c932c2e3e607
2019-09-16 16:47:12,779 [Thread-294] INFO  impl.FollowerState (FollowerState.java:run(106)) - 31ff8a7c-4ef6-4603-8d7a-5c866c7f5672:group-4E245145A13C changes to CANDIDATE, lastRpcTime:1129, electionTimeout:1092ms
2019-09-16 16:47:12,785 [22812086-b692-43a0-8348-44721a5a82d7@group-6FDF505D6F2F-SegmentedRaftLogWorker] INFO  segmented.SegmentedRaftLogWorker (SegmentedRaftLogWorker.java:execute(569)) - 22812086-b692-43a0-8348-44721a5a82d7@group-6FDF505D6F2F-SegmentedRaftLogWorker: created new log segment /workdir/hadoop-ozone/integration-test/target/test-dir/MiniOzoneClusterImpl-2814d36b-6019-42fc-a66f-ece8bfc5d7d4/datanode-9/data/ratis/92d0088e-e6e8-4525-89e9-6fdf505d6f2f/current/log_inprogress_0
2019-09-16 16:47:12,785 [d7db739d-8a5f-427c-bc0a-5603ac8ba161@group-05BB73A67ED0-SegmentedRaftLogWorker] INFO  segmented.SegmentedRaftLogWorker (SegmentedRaftLogWorker.java:execute(569)) - d7db739d-8a5f-427c-bc0a-5603ac8ba161@group-05BB73A67ED0-SegmentedRaftLogWorker: created new log segment /workdir/hadoop-ozone/integration-test/target/test-dir/MiniOzoneClusterImpl-2814d36b-6019-42fc-a66f-ece8bfc5d7d4/datanode-0/data/ratis/dff9008e-f79e-47a7-9608-05bb73a67ed0/current/log_inprogress_0
2019-09-16 16:47:12,785 [37aba10a-6fc0-4836-82ce-0d66a20effe5@group-7CC4BAA27306-SegmentedRaftLogWorker] INFO  segmented.SegmentedRaftLogWorker (SegmentedRaftLogWorker.java:execute(569)) - 37aba10a-6fc0-4836-82ce-0d66a20effe5@group-7CC4BAA27306-SegmentedRaftLogWorker: created new log segment /workdir/hadoop-ozone/integration-test/target/test-dir/MiniOzoneClusterImpl-2814d36b-6019-42fc-a66f-ece8bfc5d7d4/datanode-2/data/ratis/f00bca3e-0050-439f-a326-7cc4baa27306/current/log_inprogress_0
2019-09-16 16:47:12,791 [Thread-294] INFO  impl.RoleInfo (RoleInfo.java:shutdownFollowerState(121)) - 31ff8a7c-4ef6-4603-8d7a-5c866c7f5672: shutdown FollowerState
2019-09-16 16:47:12,791 [RatisPipelineUtilsThread] INFO  pipeline.PipelineStateManager (PipelineStateManager.java:addPipeline(56)) - Created pipeline Pipeline[ Id: 71864a8e-a5b0-41bf-b48d-1e5a4c08f6f2, Nodes: 211683d0-e7e4-43b3-9a19-c932c2e3e607{ip: 192.168.5.184, host: pr-hdds-2022-qxstf-1422721469, networkLocation: /default-rack, certSerialId: null}, Type:RATIS, Factor:ONE, State:OPEN]
2019-09-16 16:47:12,793 [Thread-294] INFO  impl.RaftServerImpl (RaftServerImpl.java:setRole(174)) - 31ff8a7c-4ef6-4603-8d7a-5c866c7f5672@group-4E245145A13C: changes role from  FOLLOWER to CANDIDATE at term 0 for changeToCandidate
2019-09-16 16:47:12,794 [Thread-294] INFO  impl.RoleInfo (RoleInfo.java:updateAndGet(143)) - 31ff8a7c-4ef6-4603-8d7a-5c866c7f5672: start LeaderElection
2019-09-16 16:47:12,818 [31ff8a7c-4ef6-4603-8d7a-5c866c7f5672@group-4E245145A13C:LeaderElection4] INFO  impl.LeaderElection (LeaderElection.java:askForVotes(182)) - 31ff8a7c-4ef6-4603-8d7a-5c866c7f5672@group-4E245145A13C:LeaderElection4: begin an election at term 1 for -1: [31ff8a7c-4ef6-4603-8d7a-5c866c7f5672:192.168.5.184:39370], old=null
2019-09-16 16:47:12,818 [31ff8a7c-4ef6-4603-8d7a-5c866c7f5672@group-4E245145A13C:LeaderElection4] INFO  impl.RoleInfo (RoleInfo.java:shutdownLeaderElection(134)) - 31ff8a7c-4ef6-4603-8d7a-5c866c7f5672: shutdown LeaderElection
2019-09-16 16:47:12,818 [31ff8a7c-4ef6-4603-8d7a-5c866c7f5672@group-4E245145A13C:LeaderElection4] INFO  impl.RaftServerImpl (RaftServerImpl.java:setRole(174)) - 31ff8a7c-4ef6-4603-8d7a-5c866c7f5672@group-4E245145A13C: changes role from CANDIDATE to LEADER at term 1 for changeToLeader
2019-09-16 16:47:12,819 [31ff8a7c-4ef6-4603-8d7a-5c866c7f5672@group-4E245145A13C:LeaderElection4] INFO  impl.RaftServerImpl (ServerState.java:setLeader(253)) - 31ff8a7c-4ef6-4603-8d7a-5c866c7f5672@group-4E245145A13C: change Leader from null to 31ff8a7c-4ef6-4603-8d7a-5c866c7f5672 at term 1 for becomeLeader, leader elected after 1186ms
2019-09-16 16:47:12,819 [31ff8a7c-4ef6-4603-8d7a-5c866c7f5672@group-4E245145A13C:LeaderElection4] INFO  server.RaftServerConfigKeys (ConfUtils.java:logGet(43)) - raft.server.staging.catchup.gap = 1000 (default)
2019-09-16 16:47:12,819 [31ff8a7c-4ef6-4603-8d7a-5c866c7f5672@group-4E245145A13C:LeaderElection4] INFO  server.RaftServerConfigKeys (ConfUtils.java:logGet(43)) - raft.server.rpc.sleep.time = 25ms (default)
2019-09-16 16:47:12,819 [31ff8a7c-4ef6-4603-8d7a-5c866c7f5672@group-4E245145A13C:LeaderElection4] INFO  server.RaftServerConfigKeys (ConfUtils.java:logGet(43)) - raft.server.write.element-limit = 4096 (default)
2019-09-16 16:47:12,819 [31ff8a7c-4ef6-4603-8d7a-5c866c7f5672@group-4E245145A13C:LeaderElection4] INFO  server.RaftServerConfigKeys (ConfUtils.java:logGet(43)) - raft.server.watch.timeout = 10s (default)
2019-09-16 16:47:12,819 [31ff8a7c-4ef6-4603-8d7a-5c866c7f5672@group-4E245145A13C:LeaderElection4] INFO  server.RaftServerConfigKeys (ConfUtils.java:logGet(43)) - raft.server.watch.timeout.denomination = 1s (default)
2019-09-16 16:47:12,819 [31ff8a7c-4ef6-4603-8d7a-5c866c7f5672@group-4E245145A13C:LeaderElection4] INFO  server.RaftServerConfigKeys (ConfUtils.java:logGet(43)) - raft.server.watch.element-limit = 65536 (default)
2019-09-16 16:47:12,820 [Thread-283] INFO  container.ReplicationManager (ReplicationManager.java:start(162)) - Starting Replication Monitor Thread.
2019-09-16 16:47:12,825 [grpc-default-executor-0] INFO  impl.RaftServerProxy (RaftServerProxy.java:addNew(89)) - 13e0063a-a130-4fd5-85d5-da091d0097cd: addNew group-5589D458CBDA:[13e0063a-a130-4fd5-85d5-da091d0097cd:192.168.5.184:45509] returns group-5589D458CBDA:java.util.concurrent.CompletableFuture@7350396d[Not completed]
2019-09-16 16:47:12,825 [ReplicationMonitor] INFO  container.ReplicationManager (ReplicationManager.java:run(225)) - Replication Monitor Thread took 3 milliseconds for processing 0 containers.
2019-09-16 16:47:12,826 [31ff8a7c-4ef6-4603-8d7a-5c866c7f5672@group-4E245145A13C:LeaderElection4] INFO  impl.RoleInfo (RoleInfo.java:updateAndGet(143)) - 31ff8a7c-4ef6-4603-8d7a-5c866c7f5672: start LeaderState
2019-09-16 16:47:12,826 [31ff8a7c-4ef6-4603-8d7a-5c866c7f5672@group-4E245145A13C:LeaderElection4] INFO  segmented.SegmentedRaftLogWorker (SegmentedRaftLogWorker.java:startLogSegment(380)) - 31ff8a7c-4ef6-4603-8d7a-5c866c7f5672@group-4E245145A13C-SegmentedRaftLogWorker: Starting segment from index:0
2019-09-16 16:47:12,826 [31ff8a7c-4ef6-4603-8d7a-5c866c7f5672@group-4E245145A13C:LeaderElection4] INFO  impl.RaftServerImpl (ServerState.java:setRaftConf(354)) - 31ff8a7c-4ef6-4603-8d7a-5c866c7f5672@group-4E245145A13C: set configuration 0: [31ff8a7c-4ef6-4603-8d7a-5c866c7f5672:192.168.5.184:39370], old=null at 0
2019-09-16 16:47:12,831 [pool-87-thread-1] INFO  impl.RaftServerImpl (RaftServerImpl.java:<init>(95)) - 13e0063a-a130-4fd5-85d5-da091d0097cd: new RaftServerImpl for group-5589D458CBDA:[13e0063a-a130-4fd5-85d5-da091d0097cd:192.168.5.184:45509] with ContainerStateMachine:uninitialized
2019-09-16 16:47:12,831 [pool-87-thread-1] INFO  server.RaftServerConfigKeys (ConfUtils.java:logGet(43)) - raft.server.rpc.timeout.min = 1s (custom)
2019-09-16 16:47:12,831 [pool-87-thread-1] INFO  server.RaftServerConfigKeys (ConfUtils.java:logGet(43)) - raft.server.rpc.timeout.max = 1200ms (custom)
2019-09-16 16:47:12,832 [pool-87-thread-1] INFO  server.RaftServerConfigKeys (ConfUtils.java:logGet(43)) - raft.server.rpcslowness.timeout = 120s (custom)
2019-09-16 16:47:12,832 [pool-87-thread-1] INFO  server.RaftServerConfigKeys (ConfUtils.java:logGet(43)) - raft.server.sleep.deviation.threshold = 300 (default)
2019-09-16 16:47:12,832 [pool-87-thread-1] INFO  server.RaftServerConfigKeys (ConfUtils.java:logGet(43)) - raft.server.log.appender.install.snapshot.enabled = false (custom)
2019-09-16 16:47:12,832 [pool-87-thread-1] INFO  impl.RaftServerImpl (ServerState.java:<init>(103)) - 13e0063a-a130-4fd5-85d5-da091d0097cd@group-5589D458CBDA: ConfigurationManager, init=-1: [13e0063a-a130-4fd5-85d5-da091d0097cd:192.168.5.184:45509], old=null, confs=<EMPTY_MAP>
2019-09-16 16:47:12,832 [pool-87-thread-1] INFO  server.RaftServerConfigKeys (ConfUtils.java:logGet(43)) - raft.server.storage.dir = [/workdir/hadoop-ozone/integration-test/target/test-dir/MiniOzoneClusterImpl-2814d36b-6019-42fc-a66f-ece8bfc5d7d4/datanode-6/data/ratis] (custom)
2019-09-16 16:47:12,833 [pool-87-thread-1] INFO  storage.RaftStorageDirectory (RaftStorageDirectory.java:analyzeStorage(246)) - The storage directory /workdir/hadoop-ozone/integration-test/target/test-dir/MiniOzoneClusterImpl-2814d36b-6019-42fc-a66f-ece8bfc5d7d4/datanode-6/data/ratis/2e6c2a6b-e591-40d3-a835-5589d458cbda does not exist. Creating ...
2019-09-16 16:47:12,851 [pool-87-thread-1] INFO  storage.RaftStorageDirectory (RaftStorageDirectory.java:tryLock(328)) - Lock on /workdir/hadoop-ozone/integration-test/target/test-dir/MiniOzoneClusterImpl-2814d36b-6019-42fc-a66f-ece8bfc5d7d4/datanode-6/data/ratis/2e6c2a6b-e591-40d3-a835-5589d458cbda/in_use.lock acquired by nodename 6929@pr-hdds-2022-qxstf-1422721469
2019-09-16 16:47:12,858 [IPC Server handler 1 on 43035] INFO  volume.OMVolumeCreateRequest (OMVolumeCreateRequest.java:validateAndUpdateCache(189)) - created volume:datanodefailurehandlingtest for user:jenkins1000
2019-09-16 16:47:12,873 [pool-87-thread-1] INFO  storage.RaftStorage (RaftStorage.java:format(72)) - Storage directory /workdir/hadoop-ozone/integration-test/target/test-dir/MiniOzoneClusterImpl-2814d36b-6019-42fc-a66f-ece8bfc5d7d4/datanode-6/data/ratis/2e6c2a6b-e591-40d3-a835-5589d458cbda has been successfully formatted.
2019-09-16 16:47:12,873 [pool-87-thread-1] INFO  ratis.ContainerStateMachine (ContainerStateMachine.java:loadSnapshot(230)) - group-5589D458CBDA: The snapshot info is null. Setting the last applied indexto:(t:0, i:~)
2019-09-16 16:47:12,874 [pool-87-thread-1] INFO  server.RaftServerConfigKeys (ConfUtils.java:logGet(43)) - raft.server.notification.no-leader.timeout = 120s (custom)
2019-09-16 16:47:12,874 [pool-87-thread-1] INFO  server.RaftServerConfigKeys (ConfUtils.java:logGet(43)) - raft.server.log.use.memory = false (default)
2019-09-16 16:47:12,882 [pool-87-thread-1] INFO  server.RaftServerConfigKeys (ConfUtils.java:logGet(43)) - raft.server.log.purge.gap = 1000000 (custom)
2019-09-16 16:47:12,882 [pool-87-thread-1] INFO  server.RaftServerConfigKeys (ConfUtils.java:logGet(43)) - raft.server.log.appender.buffer.byte-limit = 33554432 (custom)
2019-09-16 16:47:12,882 [pool-87-thread-1] INFO  server.RaftServerConfigKeys (ConfUtils.java:logGet(43)) - raft.server.log.segment.size.max = 1048576 (custom)
2019-09-16 16:47:12,882 [pool-87-thread-1] INFO  server.RaftServerConfigKeys (ConfUtils.java:logGet(43)) - raft.server.log.segment.cache.num.max = 2 (custom)
2019-09-16 16:47:12,883 [pool-87-thread-1] INFO  segmented.SegmentedRaftLogWorker (SegmentedRaftLogWorker.java:<init>(172)) - new 13e0063a-a130-4fd5-85d5-da091d0097cd@group-5589D458CBDA-SegmentedRaftLogWorker for RaftStorage:Storage Directory /workdir/hadoop-ozone/integration-test/target/test-dir/MiniOzoneClusterImpl-2814d36b-6019-42fc-a66f-ece8bfc5d7d4/datanode-6/data/ratis/2e6c2a6b-e591-40d3-a835-5589d458cbda
2019-09-16 16:47:12,889 [pool-87-thread-1] INFO  server.RaftServerConfigKeys (ConfUtils.java:logGet(43)) - raft.server.log.queue.byte-limit = 2147483647 (custom)
2019-09-16 16:47:12,889 [pool-87-thread-1] INFO  server.RaftServerConfigKeys (ConfUtils.java:logGet(43)) - raft.server.log.queue.element-limit = 1024 (custom)
2019-09-16 16:47:12,898 [31ff8a7c-4ef6-4603-8d7a-5c866c7f5672@group-4E245145A13C-SegmentedRaftLogWorker] INFO  segmented.SegmentedRaftLogWorker (SegmentedRaftLogWorker.java:execute(569)) - 31ff8a7c-4ef6-4603-8d7a-5c866c7f5672@group-4E245145A13C-SegmentedRaftLogWorker: created new log segment /workdir/hadoop-ozone/integration-test/target/test-dir/MiniOzoneClusterImpl-2814d36b-6019-42fc-a66f-ece8bfc5d7d4/datanode-8/data/ratis/3b93afd1-1232-44d7-9a6a-4e245145a13c/current/log_inprogress_0
2019-09-16 16:47:12,902 [pool-87-thread-1] INFO  server.RaftServerConfigKeys (ConfUtils.java:logGet(43)) - raft.server.log.segment.size.max = 1048576 (custom)
2019-09-16 16:47:12,903 [pool-87-thread-1] INFO  server.RaftServerConfigKeys (ConfUtils.java:logGet(43)) - raft.server.log.preallocated.size = 16384 (custom)
2019-09-16 16:47:12,903 [pool-87-thread-1] INFO  server.RaftServerConfigKeys (ConfUtils.java:logGet(43)) - raft.server.log.write.buffer.size = 33554432 (custom)
2019-09-16 16:47:12,904 [pool-87-thread-1] INFO  server.RaftServerConfigKeys (ConfUtils.java:logGet(43)) - raft.server.log.force.sync.num = 128 (default)
2019-09-16 16:47:12,904 [pool-87-thread-1] INFO  server.RaftServerConfigKeys (ConfUtils.java:logGet(43)) - raft.server.log.statemachine.data.sync = true (default)
2019-09-16 16:47:12,904 [pool-87-thread-1] INFO  server.RaftServerConfigKeys (ConfUtils.java:logGet(43)) - raft.server.log.statemachine.data.sync.timeout = 10s (default)
2019-09-16 16:47:12,904 [pool-87-thread-1] INFO  server.RaftServerConfigKeys (ConfUtils.java:logGet(43)) - raft.server.log.statemachine.data.sync.timeout.retry = -1 (default)
2019-09-16 16:47:12,904 [pool-87-thread-1] INFO  server.RaftServerConfigKeys (ConfUtils.java:logGet(43)) - raft.server.log.statemachine.data.caching.enabled = true (custom)
2019-09-16 16:47:12,904 [pool-87-thread-1] INFO  segmented.SegmentedRaftLogWorker (SegmentedRaftLogWorker.java:lambda$new$0(132)) - 13e0063a-a130-4fd5-85d5-da091d0097cd@group-5589D458CBDA-SegmentedRaftLogWorker: flushIndex: setUnconditionally 0 -> -1
2019-09-16 16:47:12,905 [pool-87-thread-1] INFO  server.RaftServerConfigKeys (ConfUtils.java:logGet(43)) - raft.server.snapshot.auto.trigger.enabled = true (custom)
2019-09-16 16:47:12,905 [pool-87-thread-1] INFO  server.RaftServerConfigKeys (ConfUtils.java:logGet(43)) - raft.server.snapshot.auto.trigger.threshold = 10000 (custom)
2019-09-16 16:47:12,905 [pool-87-thread-1] INFO  server.RaftServerConfigKeys (ConfUtils.java:logGet(43)) - raft.server.snapshot.retention.num.files = 5 (custom)
2019-09-16 16:47:12,905 [pool-87-thread-1] INFO  server.RaftServerConfigKeys (ConfUtils.java:logGet(43)) - raft.server.retrycache.expirytime = 600000ms (custom)
2019-09-16 16:47:12,907 [pool-87-thread-1] INFO  impl.RaftServerImpl (RaftServerImpl.java:start(185)) - 13e0063a-a130-4fd5-85d5-da091d0097cd@group-5589D458CBDA: start as a follower, conf=-1: [13e0063a-a130-4fd5-85d5-da091d0097cd:192.168.5.184:45509], old=null
2019-09-16 16:47:12,907 [pool-87-thread-1] INFO  impl.RaftServerImpl (RaftServerImpl.java:setRole(174)) - 13e0063a-a130-4fd5-85d5-da091d0097cd@group-5589D458CBDA: changes role from      null to FOLLOWER at term 0 for startAsFollower
2019-09-16 16:47:12,908 [pool-87-thread-1] INFO  impl.RoleInfo (RoleInfo.java:updateAndGet(143)) - 13e0063a-a130-4fd5-85d5-da091d0097cd: start FollowerState
2019-09-16 16:47:12,908 [pool-87-thread-1] INFO  util.JmxRegister (JmxRegister.java:tryRegister(44)) - Successfully registered JMX Bean with object name Ratis:service=RaftServer,group=group-5589D458CBDA,id=13e0063a-a130-4fd5-85d5-da091d0097cd
2019-09-16 16:47:12,909 [main] INFO  rpc.RpcClient (RpcClient.java:createBucket(441)) - Creating Bucket: datanodefailurehandlingtest/datanodefailurehandlingtest, with Versioning false and Storage Type set to DISK and Encryption set to false 
2019-09-16 16:47:12,922 [RatisPipelineUtilsThread] INFO  pipeline.PipelineStateManager (PipelineStateManager.java:addPipeline(56)) - Created pipeline Pipeline[ Id: 2e6c2a6b-e591-40d3-a835-5589d458cbda, Nodes: 13e0063a-a130-4fd5-85d5-da091d0097cd{ip: 192.168.5.184, host: pr-hdds-2022-qxstf-1422721469, networkLocation: /default-rack, certSerialId: null}, Type:RATIS, Factor:ONE, State:OPEN]
2019-09-16 16:47:12,970 [grpc-default-executor-2] INFO  impl.RaftServerProxy (RaftServerProxy.java:addNew(89)) - d7db739d-8a5f-427c-bc0a-5603ac8ba161: addNew group-9A9DF8BBBB07:[22812086-b692-43a0-8348-44721a5a82d7:192.168.5.184:33209, d7db739d-8a5f-427c-bc0a-5603ac8ba161:192.168.5.184:39532, 37aba10a-6fc0-4836-82ce-0d66a20effe5:192.168.5.184:35204] returns group-9A9DF8BBBB07:java.util.concurrent.CompletableFuture@64e7b1c6[Not completed]
2019-09-16 16:47:12,970 [grpc-default-executor-1] INFO  impl.RaftServerProxy (RaftServerProxy.java:addNew(89)) - 37aba10a-6fc0-4836-82ce-0d66a20effe5: addNew group-9A9DF8BBBB07:[22812086-b692-43a0-8348-44721a5a82d7:192.168.5.184:33209, d7db739d-8a5f-427c-bc0a-5603ac8ba161:192.168.5.184:39532, 37aba10a-6fc0-4836-82ce-0d66a20effe5:192.168.5.184:35204] returns group-9A9DF8BBBB07:java.util.concurrent.CompletableFuture@31a69ecb[Not completed]
2019-09-16 16:47:12,973 [pool-27-thread-1] INFO  impl.RaftServerImpl (RaftServerImpl.java:<init>(95)) - d7db739d-8a5f-427c-bc0a-5603ac8ba161: new RaftServerImpl for group-9A9DF8BBBB07:[22812086-b692-43a0-8348-44721a5a82d7:192.168.5.184:33209, d7db739d-8a5f-427c-bc0a-5603ac8ba161:192.168.5.184:39532, 37aba10a-6fc0-4836-82ce-0d66a20effe5:192.168.5.184:35204] with ContainerStateMachine:uninitialized
2019-09-16 16:47:12,973 [pool-27-thread-1] INFO  server.RaftServerConfigKeys (ConfUtils.java:logGet(43)) - raft.server.rpc.timeout.min = 1s (custom)
2019-09-16 16:47:12,973 [grpc-default-executor-1] INFO  impl.RaftServerProxy (RaftServerProxy.java:addNew(89)) - 22812086-b692-43a0-8348-44721a5a82d7: addNew group-9A9DF8BBBB07:[22812086-b692-43a0-8348-44721a5a82d7:192.168.5.184:33209, d7db739d-8a5f-427c-bc0a-5603ac8ba161:192.168.5.184:39532, 37aba10a-6fc0-4836-82ce-0d66a20effe5:192.168.5.184:35204] returns group-9A9DF8BBBB07:java.util.concurrent.CompletableFuture@74a4169b[Not completed]
2019-09-16 16:47:12,974 [pool-27-thread-1] INFO  server.RaftServerConfigKeys (ConfUtils.java:logGet(43)) - raft.server.rpc.timeout.max = 1200ms (custom)
2019-09-16 16:47:12,974 [pool-27-thread-1] INFO  server.RaftServerConfigKeys (ConfUtils.java:logGet(43)) - raft.server.rpcslowness.timeout = 120s (custom)
2019-09-16 16:47:12,974 [pool-27-thread-1] INFO  server.RaftServerConfigKeys (ConfUtils.java:logGet(43)) - raft.server.sleep.deviation.threshold = 300 (default)
2019-09-16 16:47:12,974 [pool-47-thread-1] INFO  impl.RaftServerImpl (RaftServerImpl.java:<init>(95)) - 37aba10a-6fc0-4836-82ce-0d66a20effe5: new RaftServerImpl for group-9A9DF8BBBB07:[22812086-b692-43a0-8348-44721a5a82d7:192.168.5.184:33209, d7db739d-8a5f-427c-bc0a-5603ac8ba161:192.168.5.184:39532, 37aba10a-6fc0-4836-82ce-0d66a20effe5:192.168.5.184:35204] with ContainerStateMachine:uninitialized
2019-09-16 16:47:12,974 [pool-27-thread-1] INFO  server.RaftServerConfigKeys (ConfUtils.java:logGet(43)) - raft.server.log.appender.install.snapshot.enabled = false (custom)
2019-09-16 16:47:12,974 [pool-47-thread-1] INFO  server.RaftServerConfigKeys (ConfUtils.java:logGet(43)) - raft.server.rpc.timeout.min = 1s (custom)
2019-09-16 16:47:12,974 [pool-27-thread-1] INFO  impl.RaftServerImpl (ServerState.java:<init>(103)) - d7db739d-8a5f-427c-bc0a-5603ac8ba161@group-9A9DF8BBBB07: ConfigurationManager, init=-1: [22812086-b692-43a0-8348-44721a5a82d7:192.168.5.184:33209, d7db739d-8a5f-427c-bc0a-5603ac8ba161:192.168.5.184:39532, 37aba10a-6fc0-4836-82ce-0d66a20effe5:192.168.5.184:35204], old=null, confs=<EMPTY_MAP>
2019-09-16 16:47:12,974 [pool-47-thread-1] INFO  server.RaftServerConfigKeys (ConfUtils.java:logGet(43)) - raft.server.rpc.timeout.max = 1200ms (custom)
2019-09-16 16:47:12,974 [pool-27-thread-1] INFO  server.RaftServerConfigKeys (ConfUtils.java:logGet(43)) - raft.server.storage.dir = [/workdir/hadoop-ozone/integration-test/target/test-dir/MiniOzoneClusterImpl-2814d36b-6019-42fc-a66f-ece8bfc5d7d4/datanode-0/data/ratis] (custom)
2019-09-16 16:47:12,975 [pool-47-thread-1] INFO  server.RaftServerConfigKeys (ConfUtils.java:logGet(43)) - raft.server.rpcslowness.timeout = 120s (custom)
2019-09-16 16:47:12,975 [pool-47-thread-1] INFO  server.RaftServerConfigKeys (ConfUtils.java:logGet(43)) - raft.server.sleep.deviation.threshold = 300 (default)
2019-09-16 16:47:12,975 [pool-47-thread-1] INFO  server.RaftServerConfigKeys (ConfUtils.java:logGet(43)) - raft.server.log.appender.install.snapshot.enabled = false (custom)
2019-09-16 16:47:12,975 [pool-27-thread-1] INFO  storage.RaftStorageDirectory (RaftStorageDirectory.java:analyzeStorage(246)) - The storage directory /workdir/hadoop-ozone/integration-test/target/test-dir/MiniOzoneClusterImpl-2814d36b-6019-42fc-a66f-ece8bfc5d7d4/datanode-0/data/ratis/f1cee7fd-bb01-41f6-aed7-9a9df8bbbb07 does not exist. Creating ...
2019-09-16 16:47:12,975 [pool-117-thread-1] INFO  impl.RaftServerImpl (RaftServerImpl.java:<init>(95)) - 22812086-b692-43a0-8348-44721a5a82d7: new RaftServerImpl for group-9A9DF8BBBB07:[22812086-b692-43a0-8348-44721a5a82d7:192.168.5.184:33209, d7db739d-8a5f-427c-bc0a-5603ac8ba161:192.168.5.184:39532, 37aba10a-6fc0-4836-82ce-0d66a20effe5:192.168.5.184:35204] with ContainerStateMachine:uninitialized
2019-09-16 16:47:12,975 [pool-47-thread-1] INFO  impl.RaftServerImpl (ServerState.java:<init>(103)) - 37aba10a-6fc0-4836-82ce-0d66a20effe5@group-9A9DF8BBBB07: ConfigurationManager, init=-1: [22812086-b692-43a0-8348-44721a5a82d7:192.168.5.184:33209, d7db739d-8a5f-427c-bc0a-5603ac8ba161:192.168.5.184:39532, 37aba10a-6fc0-4836-82ce-0d66a20effe5:192.168.5.184:35204], old=null, confs=<EMPTY_MAP>
2019-09-16 16:47:12,975 [pool-117-thread-1] INFO  server.RaftServerConfigKeys (ConfUtils.java:logGet(43)) - raft.server.rpc.timeout.min = 1s (custom)
2019-09-16 16:47:12,975 [pool-47-thread-1] INFO  server.RaftServerConfigKeys (ConfUtils.java:logGet(43)) - raft.server.storage.dir = [/workdir/hadoop-ozone/integration-test/target/test-dir/MiniOzoneClusterImpl-2814d36b-6019-42fc-a66f-ece8bfc5d7d4/datanode-2/data/ratis] (custom)
2019-09-16 16:47:12,976 [pool-117-thread-1] INFO  server.RaftServerConfigKeys (ConfUtils.java:logGet(43)) - raft.server.rpc.timeout.max = 1200ms (custom)
2019-09-16 16:47:12,976 [pool-117-thread-1] INFO  server.RaftServerConfigKeys (ConfUtils.java:logGet(43)) - raft.server.rpcslowness.timeout = 120s (custom)
2019-09-16 16:47:12,976 [pool-47-thread-1] INFO  storage.RaftStorageDirectory (RaftStorageDirectory.java:analyzeStorage(246)) - The storage directory /workdir/hadoop-ozone/integration-test/target/test-dir/MiniOzoneClusterImpl-2814d36b-6019-42fc-a66f-ece8bfc5d7d4/datanode-2/data/ratis/f1cee7fd-bb01-41f6-aed7-9a9df8bbbb07 does not exist. Creating ...
2019-09-16 16:47:12,976 [pool-117-thread-1] INFO  server.RaftServerConfigKeys (ConfUtils.java:logGet(43)) - raft.server.sleep.deviation.threshold = 300 (default)
2019-09-16 16:47:12,976 [pool-117-thread-1] INFO  server.RaftServerConfigKeys (ConfUtils.java:logGet(43)) - raft.server.log.appender.install.snapshot.enabled = false (custom)
2019-09-16 16:47:12,976 [pool-117-thread-1] INFO  impl.RaftServerImpl (ServerState.java:<init>(103)) - 22812086-b692-43a0-8348-44721a5a82d7@group-9A9DF8BBBB07: ConfigurationManager, init=-1: [22812086-b692-43a0-8348-44721a5a82d7:192.168.5.184:33209, d7db739d-8a5f-427c-bc0a-5603ac8ba161:192.168.5.184:39532, 37aba10a-6fc0-4836-82ce-0d66a20effe5:192.168.5.184:35204], old=null, confs=<EMPTY_MAP>
2019-09-16 16:47:12,977 [pool-117-thread-1] INFO  server.RaftServerConfigKeys (ConfUtils.java:logGet(43)) - raft.server.storage.dir = [/workdir/hadoop-ozone/integration-test/target/test-dir/MiniOzoneClusterImpl-2814d36b-6019-42fc-a66f-ece8bfc5d7d4/datanode-9/data/ratis] (custom)
2019-09-16 16:47:12,977 [pool-117-thread-1] INFO  storage.RaftStorageDirectory (RaftStorageDirectory.java:analyzeStorage(246)) - The storage directory /workdir/hadoop-ozone/integration-test/target/test-dir/MiniOzoneClusterImpl-2814d36b-6019-42fc-a66f-ece8bfc5d7d4/datanode-9/data/ratis/f1cee7fd-bb01-41f6-aed7-9a9df8bbbb07 does not exist. Creating ...
2019-09-16 16:47:12,988 [Thread-298] INFO  impl.FollowerState (FollowerState.java:run(106)) - f1ea936a-1aa4-4b4f-a193-5108e1c15289:group-5757E4626DA8 changes to CANDIDATE, lastRpcTime:1182, electionTimeout:1178ms
2019-09-16 16:47:12,994 [Thread-298] INFO  impl.RoleInfo (RoleInfo.java:shutdownFollowerState(121)) - f1ea936a-1aa4-4b4f-a193-5108e1c15289: shutdown FollowerState
2019-09-16 16:47:12,995 [Thread-298] INFO  impl.RaftServerImpl (RaftServerImpl.java:setRole(174)) - f1ea936a-1aa4-4b4f-a193-5108e1c15289@group-5757E4626DA8: changes role from  FOLLOWER to CANDIDATE at term 0 for changeToCandidate
2019-09-16 16:47:12,995 [Thread-298] INFO  impl.RoleInfo (RoleInfo.java:updateAndGet(143)) - f1ea936a-1aa4-4b4f-a193-5108e1c15289: start LeaderElection
2019-09-16 16:47:12,998 [pool-117-thread-1] INFO  storage.RaftStorageDirectory (RaftStorageDirectory.java:tryLock(328)) - Lock on /workdir/hadoop-ozone/integration-test/target/test-dir/MiniOzoneClusterImpl-2814d36b-6019-42fc-a66f-ece8bfc5d7d4/datanode-9/data/ratis/f1cee7fd-bb01-41f6-aed7-9a9df8bbbb07/in_use.lock acquired by nodename 6929@pr-hdds-2022-qxstf-1422721469
2019-09-16 16:47:12,998 [pool-47-thread-1] INFO  storage.RaftStorageDirectory (RaftStorageDirectory.java:tryLock(328)) - Lock on /workdir/hadoop-ozone/integration-test/target/test-dir/MiniOzoneClusterImpl-2814d36b-6019-42fc-a66f-ece8bfc5d7d4/datanode-2/data/ratis/f1cee7fd-bb01-41f6-aed7-9a9df8bbbb07/in_use.lock acquired by nodename 6929@pr-hdds-2022-qxstf-1422721469
2019-09-16 16:47:12,998 [pool-27-thread-1] INFO  storage.RaftStorageDirectory (RaftStorageDirectory.java:tryLock(328)) - Lock on /workdir/hadoop-ozone/integration-test/target/test-dir/MiniOzoneClusterImpl-2814d36b-6019-42fc-a66f-ece8bfc5d7d4/datanode-0/data/ratis/f1cee7fd-bb01-41f6-aed7-9a9df8bbbb07/in_use.lock acquired by nodename 6929@pr-hdds-2022-qxstf-1422721469
2019-09-16 16:47:13,056 [pool-27-thread-1] INFO  storage.RaftStorage (RaftStorage.java:format(72)) - Storage directory /workdir/hadoop-ozone/integration-test/target/test-dir/MiniOzoneClusterImpl-2814d36b-6019-42fc-a66f-ece8bfc5d7d4/datanode-0/data/ratis/f1cee7fd-bb01-41f6-aed7-9a9df8bbbb07 has been successfully formatted.
2019-09-16 16:47:13,056 [pool-117-thread-1] INFO  storage.RaftStorage (RaftStorage.java:format(72)) - Storage directory /workdir/hadoop-ozone/integration-test/target/test-dir/MiniOzoneClusterImpl-2814d36b-6019-42fc-a66f-ece8bfc5d7d4/datanode-9/data/ratis/f1cee7fd-bb01-41f6-aed7-9a9df8bbbb07 has been successfully formatted.
2019-09-16 16:47:13,057 [Thread-304] INFO  impl.FollowerState (FollowerState.java:run(106)) - b1d373fd-82f2-45f9-929a-b8d8660dbeb2:group-E6369439FAD5 changes to CANDIDATE, lastRpcTime:1031, electionTimeout:1013ms
2019-09-16 16:47:13,057 [f1ea936a-1aa4-4b4f-a193-5108e1c15289@group-5757E4626DA8:LeaderElection5] INFO  impl.LeaderElection (LeaderElection.java:askForVotes(182)) - f1ea936a-1aa4-4b4f-a193-5108e1c15289@group-5757E4626DA8:LeaderElection5: begin an election at term 1 for -1: [f1ea936a-1aa4-4b4f-a193-5108e1c15289:192.168.5.184:33857], old=null
2019-09-16 16:47:13,057 [Thread-304] INFO  impl.RoleInfo (RoleInfo.java:shutdownFollowerState(121)) - b1d373fd-82f2-45f9-929a-b8d8660dbeb2: shutdown FollowerState
2019-09-16 16:47:13,057 [pool-47-thread-1] INFO  storage.RaftStorage (RaftStorage.java:format(72)) - Storage directory /workdir/hadoop-ozone/integration-test/target/test-dir/MiniOzoneClusterImpl-2814d36b-6019-42fc-a66f-ece8bfc5d7d4/datanode-2/data/ratis/f1cee7fd-bb01-41f6-aed7-9a9df8bbbb07 has been successfully formatted.
2019-09-16 16:47:13,057 [Thread-304] INFO  impl.RaftServerImpl (RaftServerImpl.java:setRole(174)) - b1d373fd-82f2-45f9-929a-b8d8660dbeb2@group-E6369439FAD5: changes role from  FOLLOWER to CANDIDATE at term 0 for changeToCandidate
2019-09-16 16:47:13,057 [f1ea936a-1aa4-4b4f-a193-5108e1c15289@group-5757E4626DA8:LeaderElection5] INFO  impl.RoleInfo (RoleInfo.java:shutdownLeaderElection(134)) - f1ea936a-1aa4-4b4f-a193-5108e1c15289: shutdown LeaderElection
2019-09-16 16:47:13,057 [Thread-304] INFO  impl.RoleInfo (RoleInfo.java:updateAndGet(143)) - b1d373fd-82f2-45f9-929a-b8d8660dbeb2: start LeaderElection
2019-09-16 16:47:13,057 [pool-117-thread-1] INFO  ratis.ContainerStateMachine (ContainerStateMachine.java:loadSnapshot(230)) - group-9A9DF8BBBB07: The snapshot info is null. Setting the last applied indexto:(t:0, i:~)
2019-09-16 16:47:13,057 [pool-27-thread-1] INFO  ratis.ContainerStateMachine (ContainerStateMachine.java:loadSnapshot(230)) - group-9A9DF8BBBB07: The snapshot info is null. Setting the last applied indexto:(t:0, i:~)
2019-09-16 16:47:13,060 [pool-117-thread-1] INFO  server.RaftServerConfigKeys (ConfUtils.java:logGet(43)) - raft.server.notification.no-leader.timeout = 120s (custom)
2019-09-16 16:47:13,058 [f1ea936a-1aa4-4b4f-a193-5108e1c15289@group-5757E4626DA8:LeaderElection5] INFO  impl.RaftServerImpl (RaftServerImpl.java:setRole(174)) - f1ea936a-1aa4-4b4f-a193-5108e1c15289@group-5757E4626DA8: changes role from CANDIDATE to LEADER at term 1 for changeToLeader
2019-09-16 16:47:13,057 [pool-47-thread-1] INFO  ratis.ContainerStateMachine (ContainerStateMachine.java:loadSnapshot(230)) - group-9A9DF8BBBB07: The snapshot info is null. Setting the last applied indexto:(t:0, i:~)
2019-09-16 16:47:13,066 [f1ea936a-1aa4-4b4f-a193-5108e1c15289@group-5757E4626DA8:LeaderElection5] INFO  impl.RaftServerImpl (ServerState.java:setLeader(253)) - f1ea936a-1aa4-4b4f-a193-5108e1c15289@group-5757E4626DA8: change Leader from null to f1ea936a-1aa4-4b4f-a193-5108e1c15289 at term 1 for becomeLeader, leader elected after 1277ms
2019-09-16 16:47:13,066 [pool-117-thread-1] INFO  server.RaftServerConfigKeys (ConfUtils.java:logGet(43)) - raft.server.log.use.memory = false (default)
2019-09-16 16:47:13,066 [pool-27-thread-1] INFO  server.RaftServerConfigKeys (ConfUtils.java:logGet(43)) - raft.server.notification.no-leader.timeout = 120s (custom)
2019-09-16 16:47:13,067 [pool-117-thread-1] INFO  server.RaftServerConfigKeys (ConfUtils.java:logGet(43)) - raft.server.log.purge.gap = 1000000 (custom)
2019-09-16 16:47:13,067 [f1ea936a-1aa4-4b4f-a193-5108e1c15289@group-5757E4626DA8:LeaderElection5] INFO  server.RaftServerConfigKeys (ConfUtils.java:logGet(43)) - raft.server.staging.catchup.gap = 1000 (default)
2019-09-16 16:47:13,066 [pool-47-thread-1] INFO  server.RaftServerConfigKeys (ConfUtils.java:logGet(43)) - raft.server.notification.no-leader.timeout = 120s (custom)
2019-09-16 16:47:13,067 [f1ea936a-1aa4-4b4f-a193-5108e1c15289@group-5757E4626DA8:LeaderElection5] INFO  server.RaftServerConfigKeys (ConfUtils.java:logGet(43)) - raft.server.rpc.sleep.time = 25ms (default)
2019-09-16 16:47:13,067 [pool-117-thread-1] INFO  server.RaftServerConfigKeys (ConfUtils.java:logGet(43)) - raft.server.log.appender.buffer.byte-limit = 33554432 (custom)
2019-09-16 16:47:13,067 [pool-27-thread-1] INFO  server.RaftServerConfigKeys (ConfUtils.java:logGet(43)) - raft.server.log.use.memory = false (default)
2019-09-16 16:47:13,068 [pool-117-thread-1] INFO  server.RaftServerConfigKeys (ConfUtils.java:logGet(43)) - raft.server.log.segment.size.max = 1048576 (custom)
2019-09-16 16:47:13,068 [f1ea936a-1aa4-4b4f-a193-5108e1c15289@group-5757E4626DA8:LeaderElection5] INFO  server.RaftServerConfigKeys (ConfUtils.java:logGet(43)) - raft.server.write.element-limit = 4096 (default)
2019-09-16 16:47:13,067 [pool-47-thread-1] INFO  server.RaftServerConfigKeys (ConfUtils.java:logGet(43)) - raft.server.log.use.memory = false (default)
2019-09-16 16:47:13,068 [f1ea936a-1aa4-4b4f-a193-5108e1c15289@group-5757E4626DA8:LeaderElection5] INFO  server.RaftServerConfigKeys (ConfUtils.java:logGet(43)) - raft.server.watch.timeout = 10s (default)
2019-09-16 16:47:13,068 [pool-117-thread-1] INFO  server.RaftServerConfigKeys (ConfUtils.java:logGet(43)) - raft.server.log.segment.cache.num.max = 2 (custom)
2019-09-16 16:47:13,069 [pool-117-thread-1] INFO  segmented.SegmentedRaftLogWorker (SegmentedRaftLogWorker.java:<init>(172)) - new 22812086-b692-43a0-8348-44721a5a82d7@group-9A9DF8BBBB07-SegmentedRaftLogWorker for RaftStorage:Storage Directory /workdir/hadoop-ozone/integration-test/target/test-dir/MiniOzoneClusterImpl-2814d36b-6019-42fc-a66f-ece8bfc5d7d4/datanode-9/data/ratis/f1cee7fd-bb01-41f6-aed7-9a9df8bbbb07
2019-09-16 16:47:13,068 [pool-27-thread-1] INFO  server.RaftServerConfigKeys (ConfUtils.java:logGet(43)) - raft.server.log.purge.gap = 1000000 (custom)
2019-09-16 16:47:13,069 [pool-117-thread-1] INFO  server.RaftServerConfigKeys (ConfUtils.java:logGet(43)) - raft.server.log.queue.byte-limit = 2147483647 (custom)
2019-09-16 16:47:13,069 [f1ea936a-1aa4-4b4f-a193-5108e1c15289@group-5757E4626DA8:LeaderElection5] INFO  server.RaftServerConfigKeys (ConfUtils.java:logGet(43)) - raft.server.watch.timeout.denomination = 1s (default)
2019-09-16 16:47:13,069 [pool-47-thread-1] INFO  server.RaftServerConfigKeys (ConfUtils.java:logGet(43)) - raft.server.log.purge.gap = 1000000 (custom)
2019-09-16 16:47:13,069 [f1ea936a-1aa4-4b4f-a193-5108e1c15289@group-5757E4626DA8:LeaderElection5] INFO  server.RaftServerConfigKeys (ConfUtils.java:logGet(43)) - raft.server.watch.element-limit = 65536 (default)
2019-09-16 16:47:13,069 [pool-117-thread-1] INFO  server.RaftServerConfigKeys (ConfUtils.java:logGet(43)) - raft.server.log.queue.element-limit = 1024 (custom)
2019-09-16 16:47:13,069 [pool-27-thread-1] INFO  server.RaftServerConfigKeys (ConfUtils.java:logGet(43)) - raft.server.log.appender.buffer.byte-limit = 33554432 (custom)
2019-09-16 16:47:13,070 [pool-117-thread-1] INFO  server.RaftServerConfigKeys (ConfUtils.java:logGet(43)) - raft.server.log.segment.size.max = 1048576 (custom)
2019-09-16 16:47:13,070 [pool-47-thread-1] INFO  server.RaftServerConfigKeys (ConfUtils.java:logGet(43)) - raft.server.log.appender.buffer.byte-limit = 33554432 (custom)
2019-09-16 16:47:13,070 [pool-117-thread-1] INFO  server.RaftServerConfigKeys (ConfUtils.java:logGet(43)) - raft.server.log.preallocated.size = 16384 (custom)
2019-09-16 16:47:13,070 [pool-27-thread-1] INFO  server.RaftServerConfigKeys (ConfUtils.java:logGet(43)) - raft.server.log.segment.size.max = 1048576 (custom)
2019-09-16 16:47:13,071 [pool-117-thread-1] INFO  server.RaftServerConfigKeys (ConfUtils.java:logGet(43)) - raft.server.log.write.buffer.size = 33554432 (custom)
2019-09-16 16:47:13,071 [pool-47-thread-1] INFO  server.RaftServerConfigKeys (ConfUtils.java:logGet(43)) - raft.server.log.segment.size.max = 1048576 (custom)
2019-09-16 16:47:13,071 [pool-117-thread-1] INFO  server.RaftServerConfigKeys (ConfUtils.java:logGet(43)) - raft.server.log.force.sync.num = 128 (default)
2019-09-16 16:47:13,071 [pool-117-thread-1] INFO  server.RaftServerConfigKeys (ConfUtils.java:logGet(43)) - raft.server.log.statemachine.data.sync = true (default)
2019-09-16 16:47:13,071 [pool-27-thread-1] INFO  server.RaftServerConfigKeys (ConfUtils.java:logGet(43)) - raft.server.log.segment.cache.num.max = 2 (custom)
2019-09-16 16:47:13,072 [pool-117-thread-1] INFO  server.RaftServerConfigKeys (ConfUtils.java:logGet(43)) - raft.server.log.statemachine.data.sync.timeout = 10s (default)
2019-09-16 16:47:13,071 [pool-47-thread-1] INFO  server.RaftServerConfigKeys (ConfUtils.java:logGet(43)) - raft.server.log.segment.cache.num.max = 2 (custom)
2019-09-16 16:47:13,072 [pool-117-thread-1] INFO  server.RaftServerConfigKeys (ConfUtils.java:logGet(43)) - raft.server.log.statemachine.data.sync.timeout.retry = -1 (default)
2019-09-16 16:47:13,072 [pool-27-thread-1] INFO  segmented.SegmentedRaftLogWorker (SegmentedRaftLogWorker.java:<init>(172)) - new d7db739d-8a5f-427c-bc0a-5603ac8ba161@group-9A9DF8BBBB07-SegmentedRaftLogWorker for RaftStorage:Storage Directory /workdir/hadoop-ozone/integration-test/target/test-dir/MiniOzoneClusterImpl-2814d36b-6019-42fc-a66f-ece8bfc5d7d4/datanode-0/data/ratis/f1cee7fd-bb01-41f6-aed7-9a9df8bbbb07
2019-09-16 16:47:13,072 [pool-47-thread-1] INFO  segmented.SegmentedRaftLogWorker (SegmentedRaftLogWorker.java:<init>(172)) - new 37aba10a-6fc0-4836-82ce-0d66a20effe5@group-9A9DF8BBBB07-SegmentedRaftLogWorker for RaftStorage:Storage Directory /workdir/hadoop-ozone/integration-test/target/test-dir/MiniOzoneClusterImpl-2814d36b-6019-42fc-a66f-ece8bfc5d7d4/datanode-2/data/ratis/f1cee7fd-bb01-41f6-aed7-9a9df8bbbb07
2019-09-16 16:47:13,073 [pool-27-thread-1] INFO  server.RaftServerConfigKeys (ConfUtils.java:logGet(43)) - raft.server.log.queue.byte-limit = 2147483647 (custom)
2019-09-16 16:47:13,073 [pool-47-thread-1] INFO  server.RaftServerConfigKeys (ConfUtils.java:logGet(43)) - raft.server.log.queue.byte-limit = 2147483647 (custom)
2019-09-16 16:47:13,073 [pool-27-thread-1] INFO  server.RaftServerConfigKeys (ConfUtils.java:logGet(43)) - raft.server.log.queue.element-limit = 1024 (custom)
2019-09-16 16:47:13,073 [pool-47-thread-1] INFO  server.RaftServerConfigKeys (ConfUtils.java:logGet(43)) - raft.server.log.queue.element-limit = 1024 (custom)
2019-09-16 16:47:13,073 [pool-27-thread-1] INFO  server.RaftServerConfigKeys (ConfUtils.java:logGet(43)) - raft.server.log.segment.size.max = 1048576 (custom)
2019-09-16 16:47:13,073 [pool-47-thread-1] INFO  server.RaftServerConfigKeys (ConfUtils.java:logGet(43)) - raft.server.log.segment.size.max = 1048576 (custom)
2019-09-16 16:47:13,073 [pool-27-thread-1] INFO  server.RaftServerConfigKeys (ConfUtils.java:logGet(43)) - raft.server.log.preallocated.size = 16384 (custom)
2019-09-16 16:47:13,073 [pool-47-thread-1] INFO  server.RaftServerConfigKeys (ConfUtils.java:logGet(43)) - raft.server.log.preallocated.size = 16384 (custom)
2019-09-16 16:47:13,073 [pool-27-thread-1] INFO  server.RaftServerConfigKeys (ConfUtils.java:logGet(43)) - raft.server.log.write.buffer.size = 33554432 (custom)
2019-09-16 16:47:13,074 [pool-47-thread-1] INFO  server.RaftServerConfigKeys (ConfUtils.java:logGet(43)) - raft.server.log.write.buffer.size = 33554432 (custom)
2019-09-16 16:47:13,074 [pool-27-thread-1] INFO  server.RaftServerConfigKeys (ConfUtils.java:logGet(43)) - raft.server.log.force.sync.num = 128 (default)
2019-09-16 16:47:13,074 [pool-47-thread-1] INFO  server.RaftServerConfigKeys (ConfUtils.java:logGet(43)) - raft.server.log.force.sync.num = 128 (default)
2019-09-16 16:47:13,074 [pool-27-thread-1] INFO  server.RaftServerConfigKeys (ConfUtils.java:logGet(43)) - raft.server.log.statemachine.data.sync = true (default)
2019-09-16 16:47:13,074 [pool-47-thread-1] INFO  server.RaftServerConfigKeys (ConfUtils.java:logGet(43)) - raft.server.log.statemachine.data.sync = true (default)
2019-09-16 16:47:13,074 [pool-27-thread-1] INFO  server.RaftServerConfigKeys (ConfUtils.java:logGet(43)) - raft.server.log.statemachine.data.sync.timeout = 10s (default)
2019-09-16 16:47:13,074 [pool-47-thread-1] INFO  server.RaftServerConfigKeys (ConfUtils.java:logGet(43)) - raft.server.log.statemachine.data.sync.timeout = 10s (default)
2019-09-16 16:47:13,074 [pool-27-thread-1] INFO  server.RaftServerConfigKeys (ConfUtils.java:logGet(43)) - raft.server.log.statemachine.data.sync.timeout.retry = -1 (default)
2019-09-16 16:47:13,075 [pool-47-thread-1] INFO  server.RaftServerConfigKeys (ConfUtils.java:logGet(43)) - raft.server.log.statemachine.data.sync.timeout.retry = -1 (default)
2019-09-16 16:47:13,085 [b1d373fd-82f2-45f9-929a-b8d8660dbeb2@group-E6369439FAD5:LeaderElection6] INFO  impl.LeaderElection (LeaderElection.java:askForVotes(182)) - b1d373fd-82f2-45f9-929a-b8d8660dbeb2@group-E6369439FAD5:LeaderElection6: begin an election at term 1 for -1: [b1d373fd-82f2-45f9-929a-b8d8660dbeb2:192.168.5.184:42789], old=null
2019-09-16 16:47:13,085 [b1d373fd-82f2-45f9-929a-b8d8660dbeb2@group-E6369439FAD5:LeaderElection6] INFO  impl.RoleInfo (RoleInfo.java:shutdownLeaderElection(134)) - b1d373fd-82f2-45f9-929a-b8d8660dbeb2: shutdown LeaderElection
2019-09-16 16:47:13,085 [b1d373fd-82f2-45f9-929a-b8d8660dbeb2@group-E6369439FAD5:LeaderElection6] INFO  impl.RaftServerImpl (RaftServerImpl.java:setRole(174)) - b1d373fd-82f2-45f9-929a-b8d8660dbeb2@group-E6369439FAD5: changes role from CANDIDATE to LEADER at term 1 for changeToLeader
2019-09-16 16:47:13,085 [b1d373fd-82f2-45f9-929a-b8d8660dbeb2@group-E6369439FAD5:LeaderElection6] INFO  impl.RaftServerImpl (ServerState.java:setLeader(253)) - b1d373fd-82f2-45f9-929a-b8d8660dbeb2@group-E6369439FAD5: change Leader from null to b1d373fd-82f2-45f9-929a-b8d8660dbeb2 at term 1 for becomeLeader, leader elected after 1068ms
2019-09-16 16:47:13,085 [b1d373fd-82f2-45f9-929a-b8d8660dbeb2@group-E6369439FAD5:LeaderElection6] INFO  server.RaftServerConfigKeys (ConfUtils.java:logGet(43)) - raft.server.staging.catchup.gap = 1000 (default)
2019-09-16 16:47:13,085 [b1d373fd-82f2-45f9-929a-b8d8660dbeb2@group-E6369439FAD5:LeaderElection6] INFO  server.RaftServerConfigKeys (ConfUtils.java:logGet(43)) - raft.server.rpc.sleep.time = 25ms (default)
2019-09-16 16:47:13,087 [b1d373fd-82f2-45f9-929a-b8d8660dbeb2@group-E6369439FAD5:LeaderElection6] INFO  server.RaftServerConfigKeys (ConfUtils.java:logGet(43)) - raft.server.write.element-limit = 4096 (default)
2019-09-16 16:47:13,087 [pool-27-thread-1] INFO  server.RaftServerConfigKeys (ConfUtils.java:logGet(43)) - raft.server.log.statemachine.data.caching.enabled = true (custom)
2019-09-16 16:47:13,087 [pool-117-thread-1] INFO  server.RaftServerConfigKeys (ConfUtils.java:logGet(43)) - raft.server.log.statemachine.data.caching.enabled = true (custom)
2019-09-16 16:47:13,087 [pool-47-thread-1] INFO  server.RaftServerConfigKeys (ConfUtils.java:logGet(43)) - raft.server.log.statemachine.data.caching.enabled = true (custom)
2019-09-16 16:47:13,088 [pool-27-thread-1] INFO  segmented.SegmentedRaftLogWorker (SegmentedRaftLogWorker.java:lambda$new$0(132)) - d7db739d-8a5f-427c-bc0a-5603ac8ba161@group-9A9DF8BBBB07-SegmentedRaftLogWorker: flushIndex: setUnconditionally 0 -> -1
2019-09-16 16:47:13,087 [b1d373fd-82f2-45f9-929a-b8d8660dbeb2@group-E6369439FAD5:LeaderElection6] INFO  server.RaftServerConfigKeys (ConfUtils.java:logGet(43)) - raft.server.watch.timeout = 10s (default)
2019-09-16 16:47:13,088 [pool-47-thread-1] INFO  segmented.SegmentedRaftLogWorker (SegmentedRaftLogWorker.java:lambda$new$0(132)) - 37aba10a-6fc0-4836-82ce-0d66a20effe5@group-9A9DF8BBBB07-SegmentedRaftLogWorker: flushIndex: setUnconditionally 0 -> -1
2019-09-16 16:47:13,088 [pool-117-thread-1] INFO  segmented.SegmentedRaftLogWorker (SegmentedRaftLogWorker.java:lambda$new$0(132)) - 22812086-b692-43a0-8348-44721a5a82d7@group-9A9DF8BBBB07-SegmentedRaftLogWorker: flushIndex: setUnconditionally 0 -> -1
2019-09-16 16:47:13,088 [pool-27-thread-1] INFO  server.RaftServerConfigKeys (ConfUtils.java:logGet(43)) - raft.server.snapshot.auto.trigger.enabled = true (custom)
2019-09-16 16:47:13,088 [b1d373fd-82f2-45f9-929a-b8d8660dbeb2@group-E6369439FAD5:LeaderElection6] INFO  server.RaftServerConfigKeys (ConfUtils.java:logGet(43)) - raft.server.watch.timeout.denomination = 1s (default)
2019-09-16 16:47:13,088 [pool-27-thread-1] INFO  server.RaftServerConfigKeys (ConfUtils.java:logGet(43)) - raft.server.snapshot.auto.trigger.threshold = 10000 (custom)
2019-09-16 16:47:13,088 [pool-47-thread-1] INFO  server.RaftServerConfigKeys (ConfUtils.java:logGet(43)) - raft.server.snapshot.auto.trigger.enabled = true (custom)
2019-09-16 16:47:13,089 [pool-27-thread-1] INFO  server.RaftServerConfigKeys (ConfUtils.java:logGet(43)) - raft.server.snapshot.retention.num.files = 5 (custom)
2019-09-16 16:47:13,089 [b1d373fd-82f2-45f9-929a-b8d8660dbeb2@group-E6369439FAD5:LeaderElection6] INFO  server.RaftServerConfigKeys (ConfUtils.java:logGet(43)) - raft.server.watch.element-limit = 65536 (default)
2019-09-16 16:47:13,089 [pool-117-thread-1] INFO  server.RaftServerConfigKeys (ConfUtils.java:logGet(43)) - raft.server.snapshot.auto.trigger.enabled = true (custom)
2019-09-16 16:47:13,089 [pool-27-thread-1] INFO  server.RaftServerConfigKeys (ConfUtils.java:logGet(43)) - raft.server.retrycache.expirytime = 600000ms (custom)
2019-09-16 16:47:13,089 [pool-47-thread-1] INFO  server.RaftServerConfigKeys (ConfUtils.java:logGet(43)) - raft.server.snapshot.auto.trigger.threshold = 10000 (custom)
2019-09-16 16:47:13,089 [pool-117-thread-1] INFO  server.RaftServerConfigKeys (ConfUtils.java:logGet(43)) - raft.server.snapshot.auto.trigger.threshold = 10000 (custom)
2019-09-16 16:47:13,090 [pool-47-thread-1] INFO  server.RaftServerConfigKeys (ConfUtils.java:logGet(43)) - raft.server.snapshot.retention.num.files = 5 (custom)
2019-09-16 16:47:13,090 [pool-117-thread-1] INFO  server.RaftServerConfigKeys (ConfUtils.java:logGet(43)) - raft.server.snapshot.retention.num.files = 5 (custom)
2019-09-16 16:47:13,101 [pool-47-thread-1] INFO  server.RaftServerConfigKeys (ConfUtils.java:logGet(43)) - raft.server.retrycache.expirytime = 600000ms (custom)
2019-09-16 16:47:13,101 [pool-117-thread-1] INFO  server.RaftServerConfigKeys (ConfUtils.java:logGet(43)) - raft.server.retrycache.expirytime = 600000ms (custom)
2019-09-16 16:47:13,207 [Thread-308] INFO  impl.FollowerState (FollowerState.java:run(106)) - 44446946-e2df-49b4-a08f-7c38e08da8da:group-19EF95327815 changes to CANDIDATE, lastRpcTime:1080, electionTimeout:1078ms
2019-09-16 16:47:13,207 [Thread-308] INFO  impl.RoleInfo (RoleInfo.java:shutdownFollowerState(121)) - 44446946-e2df-49b4-a08f-7c38e08da8da: shutdown FollowerState
2019-09-16 16:47:13,213 [Thread-308] INFO  impl.RaftServerImpl (RaftServerImpl.java:setRole(174)) - 44446946-e2df-49b4-a08f-7c38e08da8da@group-19EF95327815: changes role from  FOLLOWER to CANDIDATE at term 0 for changeToCandidate
2019-09-16 16:47:13,214 [Thread-308] INFO  impl.RoleInfo (RoleInfo.java:updateAndGet(143)) - 44446946-e2df-49b4-a08f-7c38e08da8da: start LeaderElection
2019-09-16 16:47:13,239 [44446946-e2df-49b4-a08f-7c38e08da8da@group-19EF95327815:LeaderElection7] INFO  impl.LeaderElection (LeaderElection.java:askForVotes(182)) - 44446946-e2df-49b4-a08f-7c38e08da8da@group-19EF95327815:LeaderElection7: begin an election at term 1 for -1: [44446946-e2df-49b4-a08f-7c38e08da8da:192.168.5.184:45592], old=null
2019-09-16 16:47:13,239 [44446946-e2df-49b4-a08f-7c38e08da8da@group-19EF95327815:LeaderElection7] INFO  impl.RoleInfo (RoleInfo.java:shutdownLeaderElection(134)) - 44446946-e2df-49b4-a08f-7c38e08da8da: shutdown LeaderElection
2019-09-16 16:47:13,239 [44446946-e2df-49b4-a08f-7c38e08da8da@group-19EF95327815:LeaderElection7] INFO  impl.RaftServerImpl (RaftServerImpl.java:setRole(174)) - 44446946-e2df-49b4-a08f-7c38e08da8da@group-19EF95327815: changes role from CANDIDATE to LEADER at term 1 for changeToLeader
2019-09-16 16:47:13,240 [44446946-e2df-49b4-a08f-7c38e08da8da@group-19EF95327815:LeaderElection7] INFO  impl.RaftServerImpl (ServerState.java:setLeader(253)) - 44446946-e2df-49b4-a08f-7c38e08da8da@group-19EF95327815: change Leader from null to 44446946-e2df-49b4-a08f-7c38e08da8da at term 1 for becomeLeader, leader elected after 1125ms
2019-09-16 16:47:13,240 [44446946-e2df-49b4-a08f-7c38e08da8da@group-19EF95327815:LeaderElection7] INFO  server.RaftServerConfigKeys (ConfUtils.java:logGet(43)) - raft.server.staging.catchup.gap = 1000 (default)
2019-09-16 16:47:13,240 [44446946-e2df-49b4-a08f-7c38e08da8da@group-19EF95327815:LeaderElection7] INFO  server.RaftServerConfigKeys (ConfUtils.java:logGet(43)) - raft.server.rpc.sleep.time = 25ms (default)
2019-09-16 16:47:13,242 [44446946-e2df-49b4-a08f-7c38e08da8da@group-19EF95327815:LeaderElection7] INFO  server.RaftServerConfigKeys (ConfUtils.java:logGet(43)) - raft.server.write.element-limit = 4096 (default)
2019-09-16 16:47:13,242 [44446946-e2df-49b4-a08f-7c38e08da8da@group-19EF95327815:LeaderElection7] INFO  server.RaftServerConfigKeys (ConfUtils.java:logGet(43)) - raft.server.watch.timeout = 10s (default)
2019-09-16 16:47:13,242 [44446946-e2df-49b4-a08f-7c38e08da8da@group-19EF95327815:LeaderElection7] INFO  server.RaftServerConfigKeys (ConfUtils.java:logGet(43)) - raft.server.watch.timeout.denomination = 1s (default)
2019-09-16 16:47:13,242 [44446946-e2df-49b4-a08f-7c38e08da8da@group-19EF95327815:LeaderElection7] INFO  server.RaftServerConfigKeys (ConfUtils.java:logGet(43)) - raft.server.watch.element-limit = 65536 (default)
2019-09-16 16:47:13,395 [Thread-312] INFO  impl.FollowerState (FollowerState.java:run(106)) - 6044b653-4ba3-462e-b1d8-fff4097cca63:group-7B7027C86640 changes to CANDIDATE, lastRpcTime:1142, electionTimeout:1142ms
2019-09-16 16:47:13,395 [Thread-312] INFO  impl.RoleInfo (RoleInfo.java:shutdownFollowerState(121)) - 6044b653-4ba3-462e-b1d8-fff4097cca63: shutdown FollowerState
2019-09-16 16:47:13,395 [Thread-312] INFO  impl.RaftServerImpl (RaftServerImpl.java:setRole(174)) - 6044b653-4ba3-462e-b1d8-fff4097cca63@group-7B7027C86640: changes role from  FOLLOWER to CANDIDATE at term 0 for changeToCandidate
2019-09-16 16:47:13,408 [Thread-312] INFO  impl.RoleInfo (RoleInfo.java:updateAndGet(143)) - 6044b653-4ba3-462e-b1d8-fff4097cca63: start LeaderElection
2019-09-16 16:47:13,436 [6044b653-4ba3-462e-b1d8-fff4097cca63@group-7B7027C86640:LeaderElection8] INFO  impl.LeaderElection (LeaderElection.java:askForVotes(182)) - 6044b653-4ba3-462e-b1d8-fff4097cca63@group-7B7027C86640:LeaderElection8: begin an election at term 1 for -1: [6044b653-4ba3-462e-b1d8-fff4097cca63:192.168.5.184:43507], old=null
2019-09-16 16:47:13,439 [6044b653-4ba3-462e-b1d8-fff4097cca63@group-7B7027C86640:LeaderElection8] INFO  impl.RoleInfo (RoleInfo.java:shutdownLeaderElection(134)) - 6044b653-4ba3-462e-b1d8-fff4097cca63: shutdown LeaderElection
2019-09-16 16:47:13,439 [6044b653-4ba3-462e-b1d8-fff4097cca63@group-7B7027C86640:LeaderElection8] INFO  impl.RaftServerImpl (RaftServerImpl.java:setRole(174)) - 6044b653-4ba3-462e-b1d8-fff4097cca63@group-7B7027C86640: changes role from CANDIDATE to LEADER at term 1 for changeToLeader
2019-09-16 16:47:13,440 [6044b653-4ba3-462e-b1d8-fff4097cca63@group-7B7027C86640:LeaderElection8] INFO  impl.RaftServerImpl (ServerState.java:setLeader(253)) - 6044b653-4ba3-462e-b1d8-fff4097cca63@group-7B7027C86640: change Leader from null to 6044b653-4ba3-462e-b1d8-fff4097cca63 at term 1 for becomeLeader, leader elected after 1196ms
2019-09-16 16:47:13,440 [6044b653-4ba3-462e-b1d8-fff4097cca63@group-7B7027C86640:LeaderElection8] INFO  server.RaftServerConfigKeys (ConfUtils.java:logGet(43)) - raft.server.staging.catchup.gap = 1000 (default)
2019-09-16 16:47:13,440 [6044b653-4ba3-462e-b1d8-fff4097cca63@group-7B7027C86640:LeaderElection8] INFO  server.RaftServerConfigKeys (ConfUtils.java:logGet(43)) - raft.server.rpc.sleep.time = 25ms (default)
2019-09-16 16:47:13,440 [6044b653-4ba3-462e-b1d8-fff4097cca63@group-7B7027C86640:LeaderElection8] INFO  server.RaftServerConfigKeys (ConfUtils.java:logGet(43)) - raft.server.write.element-limit = 4096 (default)
2019-09-16 16:47:13,440 [6044b653-4ba3-462e-b1d8-fff4097cca63@group-7B7027C86640:LeaderElection8] INFO  server.RaftServerConfigKeys (ConfUtils.java:logGet(43)) - raft.server.watch.timeout = 10s (default)
2019-09-16 16:47:13,441 [6044b653-4ba3-462e-b1d8-fff4097cca63@group-7B7027C86640:LeaderElection8] INFO  server.RaftServerConfigKeys (ConfUtils.java:logGet(43)) - raft.server.watch.timeout.denomination = 1s (default)
2019-09-16 16:47:13,441 [6044b653-4ba3-462e-b1d8-fff4097cca63@group-7B7027C86640:LeaderElection8] INFO  server.RaftServerConfigKeys (ConfUtils.java:logGet(43)) - raft.server.watch.element-limit = 65536 (default)
2019-09-16 16:47:13,451 [44446946-e2df-49b4-a08f-7c38e08da8da@group-19EF95327815:LeaderElection7] INFO  impl.RoleInfo (RoleInfo.java:updateAndGet(143)) - 44446946-e2df-49b4-a08f-7c38e08da8da: start LeaderState
2019-09-16 16:47:13,451 [pool-117-thread-1] INFO  impl.RaftServerImpl (RaftServerImpl.java:start(185)) - 22812086-b692-43a0-8348-44721a5a82d7@group-9A9DF8BBBB07: start as a follower, conf=-1: [22812086-b692-43a0-8348-44721a5a82d7:192.168.5.184:33209, d7db739d-8a5f-427c-bc0a-5603ac8ba161:192.168.5.184:39532, 37aba10a-6fc0-4836-82ce-0d66a20effe5:192.168.5.184:35204], old=null
2019-09-16 16:47:13,451 [44446946-e2df-49b4-a08f-7c38e08da8da@group-19EF95327815:LeaderElection7] INFO  segmented.SegmentedRaftLogWorker (SegmentedRaftLogWorker.java:startLogSegment(380)) - 44446946-e2df-49b4-a08f-7c38e08da8da@group-19EF95327815-SegmentedRaftLogWorker: Starting segment from index:0
2019-09-16 16:47:13,451 [pool-117-thread-1] INFO  impl.RaftServerImpl (RaftServerImpl.java:setRole(174)) - 22812086-b692-43a0-8348-44721a5a82d7@group-9A9DF8BBBB07: changes role from      null to FOLLOWER at term 0 for startAsFollower
2019-09-16 16:47:13,452 [pool-117-thread-1] INFO  impl.RoleInfo (RoleInfo.java:updateAndGet(143)) - 22812086-b692-43a0-8348-44721a5a82d7: start FollowerState
2019-09-16 16:47:13,452 [pool-117-thread-1] INFO  util.JmxRegister (JmxRegister.java:tryRegister(44)) - Successfully registered JMX Bean with object name Ratis:service=RaftServer,group=group-9A9DF8BBBB07,id=22812086-b692-43a0-8348-44721a5a82d7
2019-09-16 16:47:13,452 [44446946-e2df-49b4-a08f-7c38e08da8da@group-19EF95327815:LeaderElection7] INFO  impl.RaftServerImpl (ServerState.java:setRaftConf(354)) - 44446946-e2df-49b4-a08f-7c38e08da8da@group-19EF95327815: set configuration 0: [44446946-e2df-49b4-a08f-7c38e08da8da:192.168.5.184:45592], old=null at 0
2019-09-16 16:47:13,497 [6044b653-4ba3-462e-b1d8-fff4097cca63@group-7B7027C86640:LeaderElection8] INFO  impl.RoleInfo (RoleInfo.java:updateAndGet(143)) - 6044b653-4ba3-462e-b1d8-fff4097cca63: start LeaderState
2019-09-16 16:47:13,498 [6044b653-4ba3-462e-b1d8-fff4097cca63@group-7B7027C86640:LeaderElection8] INFO  segmented.SegmentedRaftLogWorker (SegmentedRaftLogWorker.java:startLogSegment(380)) - 6044b653-4ba3-462e-b1d8-fff4097cca63@group-7B7027C86640-SegmentedRaftLogWorker: Starting segment from index:0
2019-09-16 16:47:13,509 [6044b653-4ba3-462e-b1d8-fff4097cca63@group-7B7027C86640:LeaderElection8] INFO  impl.RaftServerImpl (ServerState.java:setRaftConf(354)) - 6044b653-4ba3-462e-b1d8-fff4097cca63@group-7B7027C86640: set configuration 0: [6044b653-4ba3-462e-b1d8-fff4097cca63:192.168.5.184:43507], old=null at 0
2019-09-16 16:47:13,515 [pool-47-thread-1] INFO  impl.RaftServerImpl (RaftServerImpl.java:start(185)) - 37aba10a-6fc0-4836-82ce-0d66a20effe5@group-9A9DF8BBBB07: start as a follower, conf=-1: [22812086-b692-43a0-8348-44721a5a82d7:192.168.5.184:33209, d7db739d-8a5f-427c-bc0a-5603ac8ba161:192.168.5.184:39532, 37aba10a-6fc0-4836-82ce-0d66a20effe5:192.168.5.184:35204], old=null
2019-09-16 16:47:13,515 [pool-27-thread-1] INFO  impl.RaftServerImpl (RaftServerImpl.java:start(185)) - d7db739d-8a5f-427c-bc0a-5603ac8ba161@group-9A9DF8BBBB07: start as a follower, conf=-1: [22812086-b692-43a0-8348-44721a5a82d7:192.168.5.184:33209, d7db739d-8a5f-427c-bc0a-5603ac8ba161:192.168.5.184:39532, 37aba10a-6fc0-4836-82ce-0d66a20effe5:192.168.5.184:35204], old=null
2019-09-16 16:47:13,515 [pool-47-thread-1] INFO  impl.RaftServerImpl (RaftServerImpl.java:setRole(174)) - 37aba10a-6fc0-4836-82ce-0d66a20effe5@group-9A9DF8BBBB07: changes role from      null to FOLLOWER at term 0 for startAsFollower
2019-09-16 16:47:13,515 [b1d373fd-82f2-45f9-929a-b8d8660dbeb2@group-E6369439FAD5:LeaderElection6] INFO  impl.RoleInfo (RoleInfo.java:updateAndGet(143)) - b1d373fd-82f2-45f9-929a-b8d8660dbeb2: start LeaderState
2019-09-16 16:47:13,515 [pool-27-thread-1] INFO  impl.RaftServerImpl (RaftServerImpl.java:setRole(174)) - d7db739d-8a5f-427c-bc0a-5603ac8ba161@group-9A9DF8BBBB07: changes role from      null to FOLLOWER at term 0 for startAsFollower
2019-09-16 16:47:13,515 [pool-47-thread-1] INFO  impl.RoleInfo (RoleInfo.java:updateAndGet(143)) - 37aba10a-6fc0-4836-82ce-0d66a20effe5: start FollowerState
2019-09-16 16:47:13,515 [f1ea936a-1aa4-4b4f-a193-5108e1c15289@group-5757E4626DA8:LeaderElection5] INFO  impl.RoleInfo (RoleInfo.java:updateAndGet(143)) - f1ea936a-1aa4-4b4f-a193-5108e1c15289: start LeaderState
2019-09-16 16:47:13,515 [pool-27-thread-1] INFO  impl.RoleInfo (RoleInfo.java:updateAndGet(143)) - d7db739d-8a5f-427c-bc0a-5603ac8ba161: start FollowerState
2019-09-16 16:47:13,515 [b1d373fd-82f2-45f9-929a-b8d8660dbeb2@group-E6369439FAD5:LeaderElection6] INFO  segmented.SegmentedRaftLogWorker (SegmentedRaftLogWorker.java:startLogSegment(380)) - b1d373fd-82f2-45f9-929a-b8d8660dbeb2@group-E6369439FAD5-SegmentedRaftLogWorker: Starting segment from index:0
2019-09-16 16:47:13,516 [pool-47-thread-1] INFO  util.JmxRegister (JmxRegister.java:tryRegister(44)) - Successfully registered JMX Bean with object name Ratis:service=RaftServer,group=group-9A9DF8BBBB07,id=37aba10a-6fc0-4836-82ce-0d66a20effe5
2019-09-16 16:47:13,516 [f1ea936a-1aa4-4b4f-a193-5108e1c15289@group-5757E4626DA8:LeaderElection5] INFO  segmented.SegmentedRaftLogWorker (SegmentedRaftLogWorker.java:startLogSegment(380)) - f1ea936a-1aa4-4b4f-a193-5108e1c15289@group-5757E4626DA8-SegmentedRaftLogWorker: Starting segment from index:0
2019-09-16 16:47:13,516 [pool-27-thread-1] INFO  util.JmxRegister (JmxRegister.java:tryRegister(44)) - Successfully registered JMX Bean with object name Ratis:service=RaftServer,group=group-9A9DF8BBBB07,id=d7db739d-8a5f-427c-bc0a-5603ac8ba161
2019-09-16 16:47:13,516 [b1d373fd-82f2-45f9-929a-b8d8660dbeb2@group-E6369439FAD5:LeaderElection6] INFO  impl.RaftServerImpl (ServerState.java:setRaftConf(354)) - b1d373fd-82f2-45f9-929a-b8d8660dbeb2@group-E6369439FAD5: set configuration 0: [b1d373fd-82f2-45f9-929a-b8d8660dbeb2:192.168.5.184:42789], old=null at 0
2019-09-16 16:47:13,568 [44446946-e2df-49b4-a08f-7c38e08da8da@group-19EF95327815-SegmentedRaftLogWorker] INFO  segmented.SegmentedRaftLogWorker (SegmentedRaftLogWorker.java:execute(569)) - 44446946-e2df-49b4-a08f-7c38e08da8da@group-19EF95327815-SegmentedRaftLogWorker: created new log segment /workdir/hadoop-ozone/integration-test/target/test-dir/MiniOzoneClusterImpl-2814d36b-6019-42fc-a66f-ece8bfc5d7d4/datanode-1/data/ratis/0178a81c-6579-41a9-b58a-19ef95327815/current/log_inprogress_0
2019-09-16 16:47:13,568 [Thread-318] INFO  impl.FollowerState (FollowerState.java:run(106)) - 211683d0-e7e4-43b3-9a19-c932c2e3e607:group-1E5A4C08F6F2 changes to CANDIDATE, lastRpcTime:1095, electionTimeout:1045ms
2019-09-16 16:47:13,568 [f1ea936a-1aa4-4b4f-a193-5108e1c15289@group-5757E4626DA8:LeaderElection5] INFO  impl.RaftServerImpl (ServerState.java:setRaftConf(354)) - f1ea936a-1aa4-4b4f-a193-5108e1c15289@group-5757E4626DA8: set configuration 0: [f1ea936a-1aa4-4b4f-a193-5108e1c15289:192.168.5.184:33857], old=null at 0
2019-09-16 16:47:13,569 [Thread-318] INFO  impl.RoleInfo (RoleInfo.java:shutdownFollowerState(121)) - 211683d0-e7e4-43b3-9a19-c932c2e3e607: shutdown FollowerState
2019-09-16 16:47:13,575 [Thread-318] INFO  impl.RaftServerImpl (RaftServerImpl.java:setRole(174)) - 211683d0-e7e4-43b3-9a19-c932c2e3e607@group-1E5A4C08F6F2: changes role from  FOLLOWER to CANDIDATE at term 0 for changeToCandidate
2019-09-16 16:47:13,575 [Thread-318] INFO  impl.RoleInfo (RoleInfo.java:updateAndGet(143)) - 211683d0-e7e4-43b3-9a19-c932c2e3e607: start LeaderElection
2019-09-16 16:47:13,593 [f1ea936a-1aa4-4b4f-a193-5108e1c15289@group-5757E4626DA8-SegmentedRaftLogWorker] INFO  segmented.SegmentedRaftLogWorker (SegmentedRaftLogWorker.java:execute(569)) - f1ea936a-1aa4-4b4f-a193-5108e1c15289@group-5757E4626DA8-SegmentedRaftLogWorker: created new log segment /workdir/hadoop-ozone/integration-test/target/test-dir/MiniOzoneClusterImpl-2814d36b-6019-42fc-a66f-ece8bfc5d7d4/datanode-3/data/ratis/aa184f7f-64a8-4090-9083-5757e4626da8/current/log_inprogress_0
2019-09-16 16:47:13,593 [b1d373fd-82f2-45f9-929a-b8d8660dbeb2@group-E6369439FAD5-SegmentedRaftLogWorker] INFO  segmented.SegmentedRaftLogWorker (SegmentedRaftLogWorker.java:execute(569)) - b1d373fd-82f2-45f9-929a-b8d8660dbeb2@group-E6369439FAD5-SegmentedRaftLogWorker: created new log segment /workdir/hadoop-ozone/integration-test/target/test-dir/MiniOzoneClusterImpl-2814d36b-6019-42fc-a66f-ece8bfc5d7d4/datanode-4/data/ratis/ba3ed4f3-a17d-444e-bcf8-e6369439fad5/current/log_inprogress_0
2019-09-16 16:47:13,593 [6044b653-4ba3-462e-b1d8-fff4097cca63@group-7B7027C86640-SegmentedRaftLogWorker] INFO  segmented.SegmentedRaftLogWorker (SegmentedRaftLogWorker.java:execute(569)) - 6044b653-4ba3-462e-b1d8-fff4097cca63@group-7B7027C86640-SegmentedRaftLogWorker: created new log segment /workdir/hadoop-ozone/integration-test/target/test-dir/MiniOzoneClusterImpl-2814d36b-6019-42fc-a66f-ece8bfc5d7d4/datanode-7/data/ratis/9081757b-2a27-4689-8541-7b7027c86640/current/log_inprogress_0
2019-09-16 16:47:13,605 [RatisPipelineUtilsThread] INFO  pipeline.PipelineStateManager (PipelineStateManager.java:addPipeline(56)) - Created pipeline Pipeline[ Id: f1cee7fd-bb01-41f6-aed7-9a9df8bbbb07, Nodes: 22812086-b692-43a0-8348-44721a5a82d7{ip: 192.168.5.184, host: pr-hdds-2022-qxstf-1422721469, networkLocation: /default-rack, certSerialId: null}37aba10a-6fc0-4836-82ce-0d66a20effe5{ip: 192.168.5.184, host: pr-hdds-2022-qxstf-1422721469, networkLocation: /default-rack, certSerialId: null}d7db739d-8a5f-427c-bc0a-5603ac8ba161{ip: 192.168.5.184, host: pr-hdds-2022-qxstf-1422721469, networkLocation: /default-rack, certSerialId: null}, Type:RATIS, Factor:THREE, State:OPEN]
2019-09-16 16:47:13,618 [211683d0-e7e4-43b3-9a19-c932c2e3e607@group-1E5A4C08F6F2:LeaderElection9] INFO  impl.LeaderElection (LeaderElection.java:askForVotes(182)) - 211683d0-e7e4-43b3-9a19-c932c2e3e607@group-1E5A4C08F6F2:LeaderElection9: begin an election at term 1 for -1: [211683d0-e7e4-43b3-9a19-c932c2e3e607:192.168.5.184:38618], old=null
2019-09-16 16:47:13,621 [211683d0-e7e4-43b3-9a19-c932c2e3e607@group-1E5A4C08F6F2:LeaderElection9] INFO  impl.RoleInfo (RoleInfo.java:shutdownLeaderElection(134)) - 211683d0-e7e4-43b3-9a19-c932c2e3e607: shutdown LeaderElection
2019-09-16 16:47:13,621 [211683d0-e7e4-43b3-9a19-c932c2e3e607@group-1E5A4C08F6F2:LeaderElection9] INFO  impl.RaftServerImpl (RaftServerImpl.java:setRole(174)) - 211683d0-e7e4-43b3-9a19-c932c2e3e607@group-1E5A4C08F6F2: changes role from CANDIDATE to LEADER at term 1 for changeToLeader
2019-09-16 16:47:13,621 [211683d0-e7e4-43b3-9a19-c932c2e3e607@group-1E5A4C08F6F2:LeaderElection9] INFO  impl.RaftServerImpl (ServerState.java:setLeader(253)) - 211683d0-e7e4-43b3-9a19-c932c2e3e607@group-1E5A4C08F6F2: change Leader from null to 211683d0-e7e4-43b3-9a19-c932c2e3e607 at term 1 for becomeLeader, leader elected after 1233ms
2019-09-16 16:47:13,621 [211683d0-e7e4-43b3-9a19-c932c2e3e607@group-1E5A4C08F6F2:LeaderElection9] INFO  server.RaftServerConfigKeys (ConfUtils.java:logGet(43)) - raft.server.staging.catchup.gap = 1000 (default)
2019-09-16 16:47:13,621 [211683d0-e7e4-43b3-9a19-c932c2e3e607@group-1E5A4C08F6F2:LeaderElection9] INFO  server.RaftServerConfigKeys (ConfUtils.java:logGet(43)) - raft.server.rpc.sleep.time = 25ms (default)
2019-09-16 16:47:13,622 [211683d0-e7e4-43b3-9a19-c932c2e3e607@group-1E5A4C08F6F2:LeaderElection9] INFO  server.RaftServerConfigKeys (ConfUtils.java:logGet(43)) - raft.server.write.element-limit = 4096 (default)
2019-09-16 16:47:13,622 [211683d0-e7e4-43b3-9a19-c932c2e3e607@group-1E5A4C08F6F2:LeaderElection9] INFO  server.RaftServerConfigKeys (ConfUtils.java:logGet(43)) - raft.server.watch.timeout = 10s (default)
2019-09-16 16:47:13,622 [211683d0-e7e4-43b3-9a19-c932c2e3e607@group-1E5A4C08F6F2:LeaderElection9] INFO  server.RaftServerConfigKeys (ConfUtils.java:logGet(43)) - raft.server.watch.timeout.denomination = 1s (default)
2019-09-16 16:47:13,622 [211683d0-e7e4-43b3-9a19-c932c2e3e607@group-1E5A4C08F6F2:LeaderElection9] INFO  server.RaftServerConfigKeys (ConfUtils.java:logGet(43)) - raft.server.watch.element-limit = 65536 (default)
2019-09-16 16:47:13,629 [grpc-default-executor-2] INFO  impl.RaftServerProxy (RaftServerProxy.java:addNew(89)) - f1ea936a-1aa4-4b4f-a193-5108e1c15289: addNew group-651FE1B6B3BB:[31ff8a7c-4ef6-4603-8d7a-5c866c7f5672:192.168.5.184:39370, f1ea936a-1aa4-4b4f-a193-5108e1c15289:192.168.5.184:33857, b1d373fd-82f2-45f9-929a-b8d8660dbeb2:192.168.5.184:42789] returns group-651FE1B6B3BB:java.util.concurrent.CompletableFuture@313f97de[Not completed]
2019-09-16 16:47:13,631 [grpc-default-executor-0] INFO  impl.RaftServerProxy (RaftServerProxy.java:addNew(89)) - 31ff8a7c-4ef6-4603-8d7a-5c866c7f5672: addNew group-651FE1B6B3BB:[31ff8a7c-4ef6-4603-8d7a-5c866c7f5672:192.168.5.184:39370, f1ea936a-1aa4-4b4f-a193-5108e1c15289:192.168.5.184:33857, b1d373fd-82f2-45f9-929a-b8d8660dbeb2:192.168.5.184:42789] returns group-651FE1B6B3BB:java.util.concurrent.CompletableFuture@16d77974[Not completed]
2019-09-16 16:47:13,634 [grpc-default-executor-2] INFO  impl.RaftServerProxy (RaftServerProxy.java:addNew(89)) - b1d373fd-82f2-45f9-929a-b8d8660dbeb2: addNew group-651FE1B6B3BB:[31ff8a7c-4ef6-4603-8d7a-5c866c7f5672:192.168.5.184:39370, f1ea936a-1aa4-4b4f-a193-5108e1c15289:192.168.5.184:33857, b1d373fd-82f2-45f9-929a-b8d8660dbeb2:192.168.5.184:42789] returns group-651FE1B6B3BB:java.util.concurrent.CompletableFuture@108e90ed[Not completed]
2019-09-16 16:47:13,635 [pool-57-thread-1] INFO  impl.RaftServerImpl (RaftServerImpl.java:<init>(95)) - f1ea936a-1aa4-4b4f-a193-5108e1c15289: new RaftServerImpl for group-651FE1B6B3BB:[31ff8a7c-4ef6-4603-8d7a-5c866c7f5672:192.168.5.184:39370, f1ea936a-1aa4-4b4f-a193-5108e1c15289:192.168.5.184:33857, b1d373fd-82f2-45f9-929a-b8d8660dbeb2:192.168.5.184:42789] with ContainerStateMachine:uninitialized
2019-09-16 16:47:13,635 [211683d0-e7e4-43b3-9a19-c932c2e3e607@group-1E5A4C08F6F2:LeaderElection9] INFO  impl.RoleInfo (RoleInfo.java:updateAndGet(143)) - 211683d0-e7e4-43b3-9a19-c932c2e3e607: start LeaderState
2019-09-16 16:47:13,635 [pool-57-thread-1] INFO  server.RaftServerConfigKeys (ConfUtils.java:logGet(43)) - raft.server.rpc.timeout.min = 1s (custom)
2019-09-16 16:47:13,635 [pool-57-thread-1] INFO  server.RaftServerConfigKeys (ConfUtils.java:logGet(43)) - raft.server.rpc.timeout.max = 1200ms (custom)
2019-09-16 16:47:13,635 [pool-107-thread-1] INFO  impl.RaftServerImpl (RaftServerImpl.java:<init>(95)) - 31ff8a7c-4ef6-4603-8d7a-5c866c7f5672: new RaftServerImpl for group-651FE1B6B3BB:[31ff8a7c-4ef6-4603-8d7a-5c866c7f5672:192.168.5.184:39370, f1ea936a-1aa4-4b4f-a193-5108e1c15289:192.168.5.184:33857, b1d373fd-82f2-45f9-929a-b8d8660dbeb2:192.168.5.184:42789] with ContainerStateMachine:uninitialized
2019-09-16 16:47:13,635 [211683d0-e7e4-43b3-9a19-c932c2e3e607@group-1E5A4C08F6F2:LeaderElection9] INFO  segmented.SegmentedRaftLogWorker (SegmentedRaftLogWorker.java:startLogSegment(380)) - 211683d0-e7e4-43b3-9a19-c932c2e3e607@group-1E5A4C08F6F2-SegmentedRaftLogWorker: Starting segment from index:0
2019-09-16 16:47:13,636 [pool-107-thread-1] INFO  server.RaftServerConfigKeys (ConfUtils.java:logGet(43)) - raft.server.rpc.timeout.min = 1s (custom)
2019-09-16 16:47:13,635 [pool-57-thread-1] INFO  server.RaftServerConfigKeys (ConfUtils.java:logGet(43)) - raft.server.rpcslowness.timeout = 120s (custom)
2019-09-16 16:47:13,636 [pool-107-thread-1] INFO  server.RaftServerConfigKeys (ConfUtils.java:logGet(43)) - raft.server.rpc.timeout.max = 1200ms (custom)
2019-09-16 16:47:13,636 [pool-57-thread-1] INFO  server.RaftServerConfigKeys (ConfUtils.java:logGet(43)) - raft.server.sleep.deviation.threshold = 300 (default)
2019-09-16 16:47:13,636 [pool-67-thread-1] INFO  impl.RaftServerImpl (RaftServerImpl.java:<init>(95)) - b1d373fd-82f2-45f9-929a-b8d8660dbeb2: new RaftServerImpl for group-651FE1B6B3BB:[31ff8a7c-4ef6-4603-8d7a-5c866c7f5672:192.168.5.184:39370, f1ea936a-1aa4-4b4f-a193-5108e1c15289:192.168.5.184:33857, b1d373fd-82f2-45f9-929a-b8d8660dbeb2:192.168.5.184:42789] with ContainerStateMachine:uninitialized
2019-09-16 16:47:13,636 [211683d0-e7e4-43b3-9a19-c932c2e3e607@group-1E5A4C08F6F2:LeaderElection9] INFO  impl.RaftServerImpl (ServerState.java:setRaftConf(354)) - 211683d0-e7e4-43b3-9a19-c932c2e3e607@group-1E5A4C08F6F2: set configuration 0: [211683d0-e7e4-43b3-9a19-c932c2e3e607:192.168.5.184:38618], old=null at 0
2019-09-16 16:47:13,636 [pool-107-thread-1] INFO  server.RaftServerConfigKeys (ConfUtils.java:logGet(43)) - raft.server.rpcslowness.timeout = 120s (custom)
2019-09-16 16:47:13,636 [pool-67-thread-1] INFO  server.RaftServerConfigKeys (ConfUtils.java:logGet(43)) - raft.server.rpc.timeout.min = 1s (custom)
2019-09-16 16:47:13,636 [pool-57-thread-1] INFO  server.RaftServerConfigKeys (ConfUtils.java:logGet(43)) - raft.server.log.appender.install.snapshot.enabled = false (custom)
2019-09-16 16:47:13,670 [pool-67-thread-1] INFO  server.RaftServerConfigKeys (ConfUtils.java:logGet(43)) - raft.server.rpc.timeout.max = 1200ms (custom)
2019-09-16 16:47:13,637 [pool-107-thread-1] INFO  server.RaftServerConfigKeys (ConfUtils.java:logGet(43)) - raft.server.sleep.deviation.threshold = 300 (default)
2019-09-16 16:47:13,670 [pool-67-thread-1] INFO  server.RaftServerConfigKeys (ConfUtils.java:logGet(43)) - raft.server.rpcslowness.timeout = 120s (custom)
2019-09-16 16:47:13,670 [pool-57-thread-1] INFO  impl.RaftServerImpl (ServerState.java:<init>(103)) - f1ea936a-1aa4-4b4f-a193-5108e1c15289@group-651FE1B6B3BB: ConfigurationManager, init=-1: [31ff8a7c-4ef6-4603-8d7a-5c866c7f5672:192.168.5.184:39370, f1ea936a-1aa4-4b4f-a193-5108e1c15289:192.168.5.184:33857, b1d373fd-82f2-45f9-929a-b8d8660dbeb2:192.168.5.184:42789], old=null, confs=<EMPTY_MAP>
2019-09-16 16:47:13,671 [pool-67-thread-1] INFO  server.RaftServerConfigKeys (ConfUtils.java:logGet(43)) - raft.server.sleep.deviation.threshold = 300 (default)
2019-09-16 16:47:13,671 [pool-67-thread-1] INFO  server.RaftServerConfigKeys (ConfUtils.java:logGet(43)) - raft.server.log.appender.install.snapshot.enabled = false (custom)
2019-09-16 16:47:13,671 [pool-107-thread-1] INFO  server.RaftServerConfigKeys (ConfUtils.java:logGet(43)) - raft.server.log.appender.install.snapshot.enabled = false (custom)
2019-09-16 16:47:13,671 [pool-67-thread-1] INFO  impl.RaftServerImpl (ServerState.java:<init>(103)) - b1d373fd-82f2-45f9-929a-b8d8660dbeb2@group-651FE1B6B3BB: ConfigurationManager, init=-1: [31ff8a7c-4ef6-4603-8d7a-5c866c7f5672:192.168.5.184:39370, f1ea936a-1aa4-4b4f-a193-5108e1c15289:192.168.5.184:33857, b1d373fd-82f2-45f9-929a-b8d8660dbeb2:192.168.5.184:42789], old=null, confs=<EMPTY_MAP>
2019-09-16 16:47:13,671 [pool-57-thread-1] INFO  server.RaftServerConfigKeys (ConfUtils.java:logGet(43)) - raft.server.storage.dir = [/workdir/hadoop-ozone/integration-test/target/test-dir/MiniOzoneClusterImpl-2814d36b-6019-42fc-a66f-ece8bfc5d7d4/datanode-3/data/ratis] (custom)
2019-09-16 16:47:13,671 [pool-67-thread-1] INFO  server.RaftServerConfigKeys (ConfUtils.java:logGet(43)) - raft.server.storage.dir = [/workdir/hadoop-ozone/integration-test/target/test-dir/MiniOzoneClusterImpl-2814d36b-6019-42fc-a66f-ece8bfc5d7d4/datanode-4/data/ratis] (custom)
2019-09-16 16:47:13,671 [pool-107-thread-1] INFO  impl.RaftServerImpl (ServerState.java:<init>(103)) - 31ff8a7c-4ef6-4603-8d7a-5c866c7f5672@group-651FE1B6B3BB: ConfigurationManager, init=-1: [31ff8a7c-4ef6-4603-8d7a-5c866c7f5672:192.168.5.184:39370, f1ea936a-1aa4-4b4f-a193-5108e1c15289:192.168.5.184:33857, b1d373fd-82f2-45f9-929a-b8d8660dbeb2:192.168.5.184:42789], old=null, confs=<EMPTY_MAP>
2019-09-16 16:47:13,672 [pool-67-thread-1] INFO  storage.RaftStorageDirectory (RaftStorageDirectory.java:analyzeStorage(246)) - The storage directory /workdir/hadoop-ozone/integration-test/target/test-dir/MiniOzoneClusterImpl-2814d36b-6019-42fc-a66f-ece8bfc5d7d4/datanode-4/data/ratis/43d64965-e11f-473d-8ea4-651fe1b6b3bb does not exist. Creating ...
2019-09-16 16:47:13,672 [pool-107-thread-1] INFO  server.RaftServerConfigKeys (ConfUtils.java:logGet(43)) - raft.server.storage.dir = [/workdir/hadoop-ozone/integration-test/target/test-dir/MiniOzoneClusterImpl-2814d36b-6019-42fc-a66f-ece8bfc5d7d4/datanode-8/data/ratis] (custom)
2019-09-16 16:47:13,672 [pool-57-thread-1] INFO  storage.RaftStorageDirectory (RaftStorageDirectory.java:analyzeStorage(246)) - The storage directory /workdir/hadoop-ozone/integration-test/target/test-dir/MiniOzoneClusterImpl-2814d36b-6019-42fc-a66f-ece8bfc5d7d4/datanode-3/data/ratis/43d64965-e11f-473d-8ea4-651fe1b6b3bb does not exist. Creating ...
2019-09-16 16:47:13,673 [pool-107-thread-1] INFO  storage.RaftStorageDirectory (RaftStorageDirectory.java:analyzeStorage(246)) - The storage directory /workdir/hadoop-ozone/integration-test/target/test-dir/MiniOzoneClusterImpl-2814d36b-6019-42fc-a66f-ece8bfc5d7d4/datanode-8/data/ratis/43d64965-e11f-473d-8ea4-651fe1b6b3bb does not exist. Creating ...
2019-09-16 16:47:13,700 [pool-57-thread-1] INFO  storage.RaftStorageDirectory (RaftStorageDirectory.java:tryLock(328)) - Lock on /workdir/hadoop-ozone/integration-test/target/test-dir/MiniOzoneClusterImpl-2814d36b-6019-42fc-a66f-ece8bfc5d7d4/datanode-3/data/ratis/43d64965-e11f-473d-8ea4-651fe1b6b3bb/in_use.lock acquired by nodename 6929@pr-hdds-2022-qxstf-1422721469
2019-09-16 16:47:13,700 [211683d0-e7e4-43b3-9a19-c932c2e3e607@group-1E5A4C08F6F2-SegmentedRaftLogWorker] INFO  segmented.SegmentedRaftLogWorker (SegmentedRaftLogWorker.java:execute(569)) - 211683d0-e7e4-43b3-9a19-c932c2e3e607@group-1E5A4C08F6F2-SegmentedRaftLogWorker: created new log segment /workdir/hadoop-ozone/integration-test/target/test-dir/MiniOzoneClusterImpl-2814d36b-6019-42fc-a66f-ece8bfc5d7d4/datanode-5/data/ratis/71864a8e-a5b0-41bf-b48d-1e5a4c08f6f2/current/log_inprogress_0
2019-09-16 16:47:13,700 [pool-107-thread-1] INFO  storage.RaftStorageDirectory (RaftStorageDirectory.java:tryLock(328)) - Lock on /workdir/hadoop-ozone/integration-test/target/test-dir/MiniOzoneClusterImpl-2814d36b-6019-42fc-a66f-ece8bfc5d7d4/datanode-8/data/ratis/43d64965-e11f-473d-8ea4-651fe1b6b3bb/in_use.lock acquired by nodename 6929@pr-hdds-2022-qxstf-1422721469
2019-09-16 16:47:13,700 [pool-67-thread-1] INFO  storage.RaftStorageDirectory (RaftStorageDirectory.java:tryLock(328)) - Lock on /workdir/hadoop-ozone/integration-test/target/test-dir/MiniOzoneClusterImpl-2814d36b-6019-42fc-a66f-ece8bfc5d7d4/datanode-4/data/ratis/43d64965-e11f-473d-8ea4-651fe1b6b3bb/in_use.lock acquired by nodename 6929@pr-hdds-2022-qxstf-1422721469
2019-09-16 16:47:13,718 [pool-67-thread-1] INFO  storage.RaftStorage (RaftStorage.java:format(72)) - Storage directory /workdir/hadoop-ozone/integration-test/target/test-dir/MiniOzoneClusterImpl-2814d36b-6019-42fc-a66f-ece8bfc5d7d4/datanode-4/data/ratis/43d64965-e11f-473d-8ea4-651fe1b6b3bb has been successfully formatted.
2019-09-16 16:47:13,718 [pool-57-thread-1] INFO  storage.RaftStorage (RaftStorage.java:format(72)) - Storage directory /workdir/hadoop-ozone/integration-test/target/test-dir/MiniOzoneClusterImpl-2814d36b-6019-42fc-a66f-ece8bfc5d7d4/datanode-3/data/ratis/43d64965-e11f-473d-8ea4-651fe1b6b3bb has been successfully formatted.
2019-09-16 16:47:13,718 [pool-107-thread-1] INFO  storage.RaftStorage (RaftStorage.java:format(72)) - Storage directory /workdir/hadoop-ozone/integration-test/target/test-dir/MiniOzoneClusterImpl-2814d36b-6019-42fc-a66f-ece8bfc5d7d4/datanode-8/data/ratis/43d64965-e11f-473d-8ea4-651fe1b6b3bb has been successfully formatted.
2019-09-16 16:47:13,718 [pool-57-thread-1] INFO  ratis.ContainerStateMachine (ContainerStateMachine.java:loadSnapshot(230)) - group-651FE1B6B3BB: The snapshot info is null. Setting the last applied indexto:(t:0, i:~)
2019-09-16 16:47:13,718 [pool-67-thread-1] INFO  ratis.ContainerStateMachine (ContainerStateMachine.java:loadSnapshot(230)) - group-651FE1B6B3BB: The snapshot info is null. Setting the last applied indexto:(t:0, i:~)
2019-09-16 16:47:13,719 [pool-57-thread-1] INFO  server.RaftServerConfigKeys (ConfUtils.java:logGet(43)) - raft.server.notification.no-leader.timeout = 120s (custom)
2019-09-16 16:47:13,718 [pool-107-thread-1] INFO  ratis.ContainerStateMachine (ContainerStateMachine.java:loadSnapshot(230)) - group-651FE1B6B3BB: The snapshot info is null. Setting the last applied indexto:(t:0, i:~)
2019-09-16 16:47:13,719 [pool-57-thread-1] INFO  server.RaftServerConfigKeys (ConfUtils.java:logGet(43)) - raft.server.log.use.memory = false (default)
2019-09-16 16:47:13,719 [pool-67-thread-1] INFO  server.RaftServerConfigKeys (ConfUtils.java:logGet(43)) - raft.server.notification.no-leader.timeout = 120s (custom)
2019-09-16 16:47:13,719 [pool-57-thread-1] INFO  server.RaftServerConfigKeys (ConfUtils.java:logGet(43)) - raft.server.log.purge.gap = 1000000 (custom)
2019-09-16 16:47:13,719 [pool-107-thread-1] INFO  server.RaftServerConfigKeys (ConfUtils.java:logGet(43)) - raft.server.notification.no-leader.timeout = 120s (custom)
2019-09-16 16:47:13,719 [pool-57-thread-1] INFO  server.RaftServerConfigKeys (ConfUtils.java:logGet(43)) - raft.server.log.appender.buffer.byte-limit = 33554432 (custom)
2019-09-16 16:47:13,719 [pool-67-thread-1] INFO  server.RaftServerConfigKeys (ConfUtils.java:logGet(43)) - raft.server.log.use.memory = false (default)
2019-09-16 16:47:13,720 [pool-57-thread-1] INFO  server.RaftServerConfigKeys (ConfUtils.java:logGet(43)) - raft.server.log.segment.size.max = 1048576 (custom)
2019-09-16 16:47:13,720 [pool-107-thread-1] INFO  server.RaftServerConfigKeys (ConfUtils.java:logGet(43)) - raft.server.log.use.memory = false (default)
2019-09-16 16:47:13,720 [pool-57-thread-1] INFO  server.RaftServerConfigKeys (ConfUtils.java:logGet(43)) - raft.server.log.segment.cache.num.max = 2 (custom)
2019-09-16 16:47:13,720 [pool-67-thread-1] INFO  server.RaftServerConfigKeys (ConfUtils.java:logGet(43)) - raft.server.log.purge.gap = 1000000 (custom)
2019-09-16 16:47:13,720 [pool-57-thread-1] INFO  segmented.SegmentedRaftLogWorker (SegmentedRaftLogWorker.java:<init>(172)) - new f1ea936a-1aa4-4b4f-a193-5108e1c15289@group-651FE1B6B3BB-SegmentedRaftLogWorker for RaftStorage:Storage Directory /workdir/hadoop-ozone/integration-test/target/test-dir/MiniOzoneClusterImpl-2814d36b-6019-42fc-a66f-ece8bfc5d7d4/datanode-3/data/ratis/43d64965-e11f-473d-8ea4-651fe1b6b3bb
2019-09-16 16:47:13,720 [pool-107-thread-1] INFO  server.RaftServerConfigKeys (ConfUtils.java:logGet(43)) - raft.server.log.purge.gap = 1000000 (custom)
2019-09-16 16:47:13,721 [pool-57-thread-1] INFO  server.RaftServerConfigKeys (ConfUtils.java:logGet(43)) - raft.server.log.queue.byte-limit = 2147483647 (custom)
2019-09-16 16:47:13,721 [pool-67-thread-1] INFO  server.RaftServerConfigKeys (ConfUtils.java:logGet(43)) - raft.server.log.appender.buffer.byte-limit = 33554432 (custom)
2019-09-16 16:47:13,721 [pool-57-thread-1] INFO  server.RaftServerConfigKeys (ConfUtils.java:logGet(43)) - raft.server.log.queue.element-limit = 1024 (custom)
2019-09-16 16:47:13,721 [pool-107-thread-1] INFO  server.RaftServerConfigKeys (ConfUtils.java:logGet(43)) - raft.server.log.appender.buffer.byte-limit = 33554432 (custom)
2019-09-16 16:47:13,722 [pool-57-thread-1] INFO  server.RaftServerConfigKeys (ConfUtils.java:logGet(43)) - raft.server.log.segment.size.max = 1048576 (custom)
2019-09-16 16:47:13,721 [pool-67-thread-1] INFO  server.RaftServerConfigKeys (ConfUtils.java:logGet(43)) - raft.server.log.segment.size.max = 1048576 (custom)
2019-09-16 16:47:13,722 [pool-57-thread-1] INFO  server.RaftServerConfigKeys (ConfUtils.java:logGet(43)) - raft.server.log.preallocated.size = 16384 (custom)
2019-09-16 16:47:13,722 [pool-107-thread-1] INFO  server.RaftServerConfigKeys (ConfUtils.java:logGet(43)) - raft.server.log.segment.size.max = 1048576 (custom)
2019-09-16 16:47:13,722 [pool-57-thread-1] INFO  server.RaftServerConfigKeys (ConfUtils.java:logGet(43)) - raft.server.log.write.buffer.size = 33554432 (custom)
2019-09-16 16:47:13,722 [pool-67-thread-1] INFO  server.RaftServerConfigKeys (ConfUtils.java:logGet(43)) - raft.server.log.segment.cache.num.max = 2 (custom)
2019-09-16 16:47:13,723 [pool-57-thread-1] INFO  server.RaftServerConfigKeys (ConfUtils.java:logGet(43)) - raft.server.log.force.sync.num = 128 (default)
2019-09-16 16:47:13,722 [pool-107-thread-1] INFO  server.RaftServerConfigKeys (ConfUtils.java:logGet(43)) - raft.server.log.segment.cache.num.max = 2 (custom)
2019-09-16 16:47:13,723 [pool-57-thread-1] INFO  server.RaftServerConfigKeys (ConfUtils.java:logGet(43)) - raft.server.log.statemachine.data.sync = true (default)
2019-09-16 16:47:13,723 [pool-67-thread-1] INFO  segmented.SegmentedRaftLogWorker (SegmentedRaftLogWorker.java:<init>(172)) - new b1d373fd-82f2-45f9-929a-b8d8660dbeb2@group-651FE1B6B3BB-SegmentedRaftLogWorker for RaftStorage:Storage Directory /workdir/hadoop-ozone/integration-test/target/test-dir/MiniOzoneClusterImpl-2814d36b-6019-42fc-a66f-ece8bfc5d7d4/datanode-4/data/ratis/43d64965-e11f-473d-8ea4-651fe1b6b3bb
2019-09-16 16:47:13,723 [pool-57-thread-1] INFO  server.RaftServerConfigKeys (ConfUtils.java:logGet(43)) - raft.server.log.statemachine.data.sync.timeout = 10s (default)
2019-09-16 16:47:13,723 [pool-107-thread-1] INFO  segmented.SegmentedRaftLogWorker (SegmentedRaftLogWorker.java:<init>(172)) - new 31ff8a7c-4ef6-4603-8d7a-5c866c7f5672@group-651FE1B6B3BB-SegmentedRaftLogWorker for RaftStorage:Storage Directory /workdir/hadoop-ozone/integration-test/target/test-dir/MiniOzoneClusterImpl-2814d36b-6019-42fc-a66f-ece8bfc5d7d4/datanode-8/data/ratis/43d64965-e11f-473d-8ea4-651fe1b6b3bb
2019-09-16 16:47:13,724 [pool-57-thread-1] INFO  server.RaftServerConfigKeys (ConfUtils.java:logGet(43)) - raft.server.log.statemachine.data.sync.timeout.retry = -1 (default)
2019-09-16 16:47:13,723 [pool-67-thread-1] INFO  server.RaftServerConfigKeys (ConfUtils.java:logGet(43)) - raft.server.log.queue.byte-limit = 2147483647 (custom)
2019-09-16 16:47:13,724 [pool-57-thread-1] INFO  server.RaftServerConfigKeys (ConfUtils.java:logGet(43)) - raft.server.log.statemachine.data.caching.enabled = true (custom)
2019-09-16 16:47:13,724 [pool-107-thread-1] INFO  server.RaftServerConfigKeys (ConfUtils.java:logGet(43)) - raft.server.log.queue.byte-limit = 2147483647 (custom)
2019-09-16 16:47:13,724 [pool-67-thread-1] INFO  server.RaftServerConfigKeys (ConfUtils.java:logGet(43)) - raft.server.log.queue.element-limit = 1024 (custom)
2019-09-16 16:47:13,724 [pool-57-thread-1] INFO  segmented.SegmentedRaftLogWorker (SegmentedRaftLogWorker.java:lambda$new$0(132)) - f1ea936a-1aa4-4b4f-a193-5108e1c15289@group-651FE1B6B3BB-SegmentedRaftLogWorker: flushIndex: setUnconditionally 0 -> -1
2019-09-16 16:47:13,724 [pool-107-thread-1] INFO  server.RaftServerConfigKeys (ConfUtils.java:logGet(43)) - raft.server.log.queue.element-limit = 1024 (custom)
2019-09-16 16:47:13,725 [pool-67-thread-1] INFO  server.RaftServerConfigKeys (ConfUtils.java:logGet(43)) - raft.server.log.segment.size.max = 1048576 (custom)
2019-09-16 16:47:13,725 [pool-107-thread-1] INFO  server.RaftServerConfigKeys (ConfUtils.java:logGet(43)) - raft.server.log.segment.size.max = 1048576 (custom)
2019-09-16 16:47:13,725 [pool-57-thread-1] INFO  server.RaftServerConfigKeys (ConfUtils.java:logGet(43)) - raft.server.snapshot.auto.trigger.enabled = true (custom)
2019-09-16 16:47:13,725 [pool-107-thread-1] INFO  server.RaftServerConfigKeys (ConfUtils.java:logGet(43)) - raft.server.log.preallocated.size = 16384 (custom)
2019-09-16 16:47:13,725 [pool-67-thread-1] INFO  server.RaftServerConfigKeys (ConfUtils.java:logGet(43)) - raft.server.log.preallocated.size = 16384 (custom)
2019-09-16 16:47:13,726 [pool-107-thread-1] INFO  server.RaftServerConfigKeys (ConfUtils.java:logGet(43)) - raft.server.log.write.buffer.size = 33554432 (custom)
2019-09-16 16:47:13,725 [pool-57-thread-1] INFO  server.RaftServerConfigKeys (ConfUtils.java:logGet(43)) - raft.server.snapshot.auto.trigger.threshold = 10000 (custom)
2019-09-16 16:47:13,726 [pool-107-thread-1] INFO  server.RaftServerConfigKeys (ConfUtils.java:logGet(43)) - raft.server.log.force.sync.num = 128 (default)
2019-09-16 16:47:13,726 [pool-67-thread-1] INFO  server.RaftServerConfigKeys (ConfUtils.java:logGet(43)) - raft.server.log.write.buffer.size = 33554432 (custom)
2019-09-16 16:47:13,726 [pool-107-thread-1] INFO  server.RaftServerConfigKeys (ConfUtils.java:logGet(43)) - raft.server.log.statemachine.data.sync = true (default)
2019-09-16 16:47:13,726 [pool-57-thread-1] INFO  server.RaftServerConfigKeys (ConfUtils.java:logGet(43)) - raft.server.snapshot.retention.num.files = 5 (custom)
2019-09-16 16:47:13,726 [pool-107-thread-1] INFO  server.RaftServerConfigKeys (ConfUtils.java:logGet(43)) - raft.server.log.statemachine.data.sync.timeout = 10s (default)
2019-09-16 16:47:13,726 [pool-67-thread-1] INFO  server.RaftServerConfigKeys (ConfUtils.java:logGet(43)) - raft.server.log.force.sync.num = 128 (default)
2019-09-16 16:47:13,727 [pool-107-thread-1] INFO  server.RaftServerConfigKeys (ConfUtils.java:logGet(43)) - raft.server.log.statemachine.data.sync.timeout.retry = -1 (default)
2019-09-16 16:47:13,727 [pool-57-thread-1] INFO  server.RaftServerConfigKeys (ConfUtils.java:logGet(43)) - raft.server.retrycache.expirytime = 600000ms (custom)
2019-09-16 16:47:13,727 [pool-107-thread-1] INFO  server.RaftServerConfigKeys (ConfUtils.java:logGet(43)) - raft.server.log.statemachine.data.caching.enabled = true (custom)
2019-09-16 16:47:13,727 [pool-67-thread-1] INFO  server.RaftServerConfigKeys (ConfUtils.java:logGet(43)) - raft.server.log.statemachine.data.sync = true (default)
2019-09-16 16:47:13,728 [pool-107-thread-1] INFO  segmented.SegmentedRaftLogWorker (SegmentedRaftLogWorker.java:lambda$new$0(132)) - 31ff8a7c-4ef6-4603-8d7a-5c866c7f5672@group-651FE1B6B3BB-SegmentedRaftLogWorker: flushIndex: setUnconditionally 0 -> -1
2019-09-16 16:47:13,728 [pool-67-thread-1] INFO  server.RaftServerConfigKeys (ConfUtils.java:logGet(43)) - raft.server.log.statemachine.data.sync.timeout = 10s (default)
2019-09-16 16:47:13,728 [pool-107-thread-1] INFO  server.RaftServerConfigKeys (ConfUtils.java:logGet(43)) - raft.server.snapshot.auto.trigger.enabled = true (custom)
2019-09-16 16:47:13,728 [pool-67-thread-1] INFO  server.RaftServerConfigKeys (ConfUtils.java:logGet(43)) - raft.server.log.statemachine.data.sync.timeout.retry = -1 (default)
2019-09-16 16:47:13,728 [pool-107-thread-1] INFO  server.RaftServerConfigKeys (ConfUtils.java:logGet(43)) - raft.server.snapshot.auto.trigger.threshold = 10000 (custom)
2019-09-16 16:47:13,728 [pool-67-thread-1] INFO  server.RaftServerConfigKeys (ConfUtils.java:logGet(43)) - raft.server.log.statemachine.data.caching.enabled = true (custom)
2019-09-16 16:47:13,728 [pool-107-thread-1] INFO  server.RaftServerConfigKeys (ConfUtils.java:logGet(43)) - raft.server.snapshot.retention.num.files = 5 (custom)
2019-09-16 16:47:13,729 [pool-67-thread-1] INFO  segmented.SegmentedRaftLogWorker (SegmentedRaftLogWorker.java:lambda$new$0(132)) - b1d373fd-82f2-45f9-929a-b8d8660dbeb2@group-651FE1B6B3BB-SegmentedRaftLogWorker: flushIndex: setUnconditionally 0 -> -1
2019-09-16 16:47:13,729 [pool-107-thread-1] INFO  server.RaftServerConfigKeys (ConfUtils.java:logGet(43)) - raft.server.retrycache.expirytime = 600000ms (custom)
2019-09-16 16:47:13,729 [pool-67-thread-1] INFO  server.RaftServerConfigKeys (ConfUtils.java:logGet(43)) - raft.server.snapshot.auto.trigger.enabled = true (custom)
2019-09-16 16:47:13,729 [pool-67-thread-1] INFO  server.RaftServerConfigKeys (ConfUtils.java:logGet(43)) - raft.server.snapshot.auto.trigger.threshold = 10000 (custom)
2019-09-16 16:47:13,730 [pool-67-thread-1] INFO  server.RaftServerConfigKeys (ConfUtils.java:logGet(43)) - raft.server.snapshot.retention.num.files = 5 (custom)
2019-09-16 16:47:13,730 [pool-67-thread-1] INFO  server.RaftServerConfigKeys (ConfUtils.java:logGet(43)) - raft.server.retrycache.expirytime = 600000ms (custom)
2019-09-16 16:47:13,731 [pool-57-thread-1] INFO  impl.RaftServerImpl (RaftServerImpl.java:start(185)) - f1ea936a-1aa4-4b4f-a193-5108e1c15289@group-651FE1B6B3BB: start as a follower, conf=-1: [31ff8a7c-4ef6-4603-8d7a-5c866c7f5672:192.168.5.184:39370, f1ea936a-1aa4-4b4f-a193-5108e1c15289:192.168.5.184:33857, b1d373fd-82f2-45f9-929a-b8d8660dbeb2:192.168.5.184:42789], old=null
2019-09-16 16:47:13,731 [pool-57-thread-1] INFO  impl.RaftServerImpl (RaftServerImpl.java:setRole(174)) - f1ea936a-1aa4-4b4f-a193-5108e1c15289@group-651FE1B6B3BB: changes role from      null to FOLLOWER at term 0 for startAsFollower
2019-09-16 16:47:13,731 [pool-57-thread-1] INFO  impl.RoleInfo (RoleInfo.java:updateAndGet(143)) - f1ea936a-1aa4-4b4f-a193-5108e1c15289: start FollowerState
2019-09-16 16:47:13,732 [pool-57-thread-1] INFO  util.JmxRegister (JmxRegister.java:tryRegister(44)) - Successfully registered JMX Bean with object name Ratis:service=RaftServer,group=group-651FE1B6B3BB,id=f1ea936a-1aa4-4b4f-a193-5108e1c15289
2019-09-16 16:47:13,733 [pool-107-thread-1] INFO  impl.RaftServerImpl (RaftServerImpl.java:start(185)) - 31ff8a7c-4ef6-4603-8d7a-5c866c7f5672@group-651FE1B6B3BB: start as a follower, conf=-1: [31ff8a7c-4ef6-4603-8d7a-5c866c7f5672:192.168.5.184:39370, f1ea936a-1aa4-4b4f-a193-5108e1c15289:192.168.5.184:33857, b1d373fd-82f2-45f9-929a-b8d8660dbeb2:192.168.5.184:42789], old=null
2019-09-16 16:47:13,733 [pool-107-thread-1] INFO  impl.RaftServerImpl (RaftServerImpl.java:setRole(174)) - 31ff8a7c-4ef6-4603-8d7a-5c866c7f5672@group-651FE1B6B3BB: changes role from      null to FOLLOWER at term 0 for startAsFollower
2019-09-16 16:47:13,733 [pool-107-thread-1] INFO  impl.RoleInfo (RoleInfo.java:updateAndGet(143)) - 31ff8a7c-4ef6-4603-8d7a-5c866c7f5672: start FollowerState
2019-09-16 16:47:13,734 [pool-67-thread-1] INFO  impl.RaftServerImpl (RaftServerImpl.java:start(185)) - b1d373fd-82f2-45f9-929a-b8d8660dbeb2@group-651FE1B6B3BB: start as a follower, conf=-1: [31ff8a7c-4ef6-4603-8d7a-5c866c7f5672:192.168.5.184:39370, f1ea936a-1aa4-4b4f-a193-5108e1c15289:192.168.5.184:33857, b1d373fd-82f2-45f9-929a-b8d8660dbeb2:192.168.5.184:42789], old=null
2019-09-16 16:47:13,734 [pool-67-thread-1] INFO  impl.RaftServerImpl (RaftServerImpl.java:setRole(174)) - b1d373fd-82f2-45f9-929a-b8d8660dbeb2@group-651FE1B6B3BB: changes role from      null to FOLLOWER at term 0 for startAsFollower
2019-09-16 16:47:13,734 [pool-107-thread-1] INFO  util.JmxRegister (JmxRegister.java:tryRegister(44)) - Successfully registered JMX Bean with object name Ratis:service=RaftServer,group=group-651FE1B6B3BB,id=31ff8a7c-4ef6-4603-8d7a-5c866c7f5672
2019-09-16 16:47:13,734 [pool-67-thread-1] INFO  impl.RoleInfo (RoleInfo.java:updateAndGet(143)) - b1d373fd-82f2-45f9-929a-b8d8660dbeb2: start FollowerState
2019-09-16 16:47:13,739 [pool-67-thread-1] INFO  util.JmxRegister (JmxRegister.java:tryRegister(44)) - Successfully registered JMX Bean with object name Ratis:service=RaftServer,group=group-651FE1B6B3BB,id=b1d373fd-82f2-45f9-929a-b8d8660dbeb2
2019-09-16 16:47:13,759 [RatisPipelineUtilsThread] INFO  pipeline.PipelineStateManager (PipelineStateManager.java:addPipeline(56)) - Created pipeline Pipeline[ Id: 43d64965-e11f-473d-8ea4-651fe1b6b3bb, Nodes: 31ff8a7c-4ef6-4603-8d7a-5c866c7f5672{ip: 192.168.5.184, host: pr-hdds-2022-qxstf-1422721469, networkLocation: /default-rack, certSerialId: null}f1ea936a-1aa4-4b4f-a193-5108e1c15289{ip: 192.168.5.184, host: pr-hdds-2022-qxstf-1422721469, networkLocation: /default-rack, certSerialId: null}b1d373fd-82f2-45f9-929a-b8d8660dbeb2{ip: 192.168.5.184, host: pr-hdds-2022-qxstf-1422721469, networkLocation: /default-rack, certSerialId: null}, Type:RATIS, Factor:THREE, State:OPEN]
2019-09-16 16:47:13,783 [grpc-default-executor-2] INFO  impl.RaftServerProxy (RaftServerProxy.java:addNew(89)) - 44446946-e2df-49b4-a08f-7c38e08da8da: addNew group-276A6773F05B:[6044b653-4ba3-462e-b1d8-fff4097cca63:192.168.5.184:43507, 211683d0-e7e4-43b3-9a19-c932c2e3e607:192.168.5.184:38618, 44446946-e2df-49b4-a08f-7c38e08da8da:192.168.5.184:45592] returns group-276A6773F05B:java.util.concurrent.CompletableFuture@41cacc71[Not completed]
2019-09-16 16:47:13,785 [grpc-default-executor-1] INFO  impl.RaftServerProxy (RaftServerProxy.java:addNew(89)) - 6044b653-4ba3-462e-b1d8-fff4097cca63: addNew group-276A6773F05B:[6044b653-4ba3-462e-b1d8-fff4097cca63:192.168.5.184:43507, 211683d0-e7e4-43b3-9a19-c932c2e3e607:192.168.5.184:38618, 44446946-e2df-49b4-a08f-7c38e08da8da:192.168.5.184:45592] returns group-276A6773F05B:java.util.concurrent.CompletableFuture@40cf2f98[Not completed]
2019-09-16 16:47:13,787 [grpc-default-executor-0] INFO  impl.RaftServerProxy (RaftServerProxy.java:addNew(89)) - 211683d0-e7e4-43b3-9a19-c932c2e3e607: addNew group-276A6773F05B:[6044b653-4ba3-462e-b1d8-fff4097cca63:192.168.5.184:43507, 211683d0-e7e4-43b3-9a19-c932c2e3e607:192.168.5.184:38618, 44446946-e2df-49b4-a08f-7c38e08da8da:192.168.5.184:45592] returns group-276A6773F05B:java.util.concurrent.CompletableFuture@204f8646[Not completed]
2019-09-16 16:47:13,788 [pool-37-thread-1] INFO  impl.RaftServerImpl (RaftServerImpl.java:<init>(95)) - 44446946-e2df-49b4-a08f-7c38e08da8da: new RaftServerImpl for group-276A6773F05B:[6044b653-4ba3-462e-b1d8-fff4097cca63:192.168.5.184:43507, 211683d0-e7e4-43b3-9a19-c932c2e3e607:192.168.5.184:38618, 44446946-e2df-49b4-a08f-7c38e08da8da:192.168.5.184:45592] with ContainerStateMachine:uninitialized
2019-09-16 16:47:13,789 [pool-37-thread-1] INFO  server.RaftServerConfigKeys (ConfUtils.java:logGet(43)) - raft.server.rpc.timeout.min = 1s (custom)
2019-09-16 16:47:13,789 [pool-37-thread-1] INFO  server.RaftServerConfigKeys (ConfUtils.java:logGet(43)) - raft.server.rpc.timeout.max = 1200ms (custom)
2019-09-16 16:47:13,789 [pool-37-thread-1] INFO  server.RaftServerConfigKeys (ConfUtils.java:logGet(43)) - raft.server.rpcslowness.timeout = 120s (custom)
2019-09-16 16:47:13,789 [pool-37-thread-1] INFO  server.RaftServerConfigKeys (ConfUtils.java:logGet(43)) - raft.server.sleep.deviation.threshold = 300 (default)
2019-09-16 16:47:13,789 [pool-37-thread-1] INFO  server.RaftServerConfigKeys (ConfUtils.java:logGet(43)) - raft.server.log.appender.install.snapshot.enabled = false (custom)
2019-09-16 16:47:13,789 [pool-37-thread-1] INFO  impl.RaftServerImpl (ServerState.java:<init>(103)) - 44446946-e2df-49b4-a08f-7c38e08da8da@group-276A6773F05B: ConfigurationManager, init=-1: [6044b653-4ba3-462e-b1d8-fff4097cca63:192.168.5.184:43507, 211683d0-e7e4-43b3-9a19-c932c2e3e607:192.168.5.184:38618, 44446946-e2df-49b4-a08f-7c38e08da8da:192.168.5.184:45592], old=null, confs=<EMPTY_MAP>
2019-09-16 16:47:13,789 [pool-37-thread-1] INFO  server.RaftServerConfigKeys (ConfUtils.java:logGet(43)) - raft.server.storage.dir = [/workdir/hadoop-ozone/integration-test/target/test-dir/MiniOzoneClusterImpl-2814d36b-6019-42fc-a66f-ece8bfc5d7d4/datanode-1/data/ratis] (custom)
2019-09-16 16:47:13,790 [pool-77-thread-1] INFO  impl.RaftServerImpl (RaftServerImpl.java:<init>(95)) - 211683d0-e7e4-43b3-9a19-c932c2e3e607: new RaftServerImpl for group-276A6773F05B:[6044b653-4ba3-462e-b1d8-fff4097cca63:192.168.5.184:43507, 211683d0-e7e4-43b3-9a19-c932c2e3e607:192.168.5.184:38618, 44446946-e2df-49b4-a08f-7c38e08da8da:192.168.5.184:45592] with ContainerStateMachine:uninitialized
2019-09-16 16:47:13,790 [pool-77-thread-1] INFO  server.RaftServerConfigKeys (ConfUtils.java:logGet(43)) - raft.server.rpc.timeout.min = 1s (custom)
2019-09-16 16:47:13,790 [pool-37-thread-1] INFO  storage.RaftStorageDirectory (RaftStorageDirectory.java:analyzeStorage(246)) - The storage directory /workdir/hadoop-ozone/integration-test/target/test-dir/MiniOzoneClusterImpl-2814d36b-6019-42fc-a66f-ece8bfc5d7d4/datanode-1/data/ratis/875f3d80-77df-4568-bd78-276a6773f05b does not exist. Creating ...
2019-09-16 16:47:13,790 [pool-77-thread-1] INFO  server.RaftServerConfigKeys (ConfUtils.java:logGet(43)) - raft.server.rpc.timeout.max = 1200ms (custom)
2019-09-16 16:47:13,790 [pool-77-thread-1] INFO  server.RaftServerConfigKeys (ConfUtils.java:logGet(43)) - raft.server.rpcslowness.timeout = 120s (custom)
2019-09-16 16:47:13,790 [pool-77-thread-1] INFO  server.RaftServerConfigKeys (ConfUtils.java:logGet(43)) - raft.server.sleep.deviation.threshold = 300 (default)
2019-09-16 16:47:13,790 [pool-77-thread-1] INFO  server.RaftServerConfigKeys (ConfUtils.java:logGet(43)) - raft.server.log.appender.install.snapshot.enabled = false (custom)
2019-09-16 16:47:13,791 [pool-97-thread-1] INFO  impl.RaftServerImpl (RaftServerImpl.java:<init>(95)) - 6044b653-4ba3-462e-b1d8-fff4097cca63: new RaftServerImpl for group-276A6773F05B:[6044b653-4ba3-462e-b1d8-fff4097cca63:192.168.5.184:43507, 211683d0-e7e4-43b3-9a19-c932c2e3e607:192.168.5.184:38618, 44446946-e2df-49b4-a08f-7c38e08da8da:192.168.5.184:45592] with ContainerStateMachine:uninitialized
2019-09-16 16:47:13,791 [pool-77-thread-1] INFO  impl.RaftServerImpl (ServerState.java:<init>(103)) - 211683d0-e7e4-43b3-9a19-c932c2e3e607@group-276A6773F05B: ConfigurationManager, init=-1: [6044b653-4ba3-462e-b1d8-fff4097cca63:192.168.5.184:43507, 211683d0-e7e4-43b3-9a19-c932c2e3e607:192.168.5.184:38618, 44446946-e2df-49b4-a08f-7c38e08da8da:192.168.5.184:45592], old=null, confs=<EMPTY_MAP>
2019-09-16 16:47:13,791 [pool-97-thread-1] INFO  server.RaftServerConfigKeys (ConfUtils.java:logGet(43)) - raft.server.rpc.timeout.min = 1s (custom)
2019-09-16 16:47:13,791 [pool-77-thread-1] INFO  server.RaftServerConfigKeys (ConfUtils.java:logGet(43)) - raft.server.storage.dir = [/workdir/hadoop-ozone/integration-test/target/test-dir/MiniOzoneClusterImpl-2814d36b-6019-42fc-a66f-ece8bfc5d7d4/datanode-5/data/ratis] (custom)
2019-09-16 16:47:13,791 [pool-97-thread-1] INFO  server.RaftServerConfigKeys (ConfUtils.java:logGet(43)) - raft.server.rpc.timeout.max = 1200ms (custom)
2019-09-16 16:47:13,791 [pool-97-thread-1] INFO  server.RaftServerConfigKeys (ConfUtils.java:logGet(43)) - raft.server.rpcslowness.timeout = 120s (custom)
2019-09-16 16:47:13,791 [pool-97-thread-1] INFO  server.RaftServerConfigKeys (ConfUtils.java:logGet(43)) - raft.server.sleep.deviation.threshold = 300 (default)
2019-09-16 16:47:13,791 [pool-77-thread-1] INFO  storage.RaftStorageDirectory (RaftStorageDirectory.java:analyzeStorage(246)) - The storage directory /workdir/hadoop-ozone/integration-test/target/test-dir/MiniOzoneClusterImpl-2814d36b-6019-42fc-a66f-ece8bfc5d7d4/datanode-5/data/ratis/875f3d80-77df-4568-bd78-276a6773f05b does not exist. Creating ...
2019-09-16 16:47:13,791 [pool-97-thread-1] INFO  server.RaftServerConfigKeys (ConfUtils.java:logGet(43)) - raft.server.log.appender.install.snapshot.enabled = false (custom)
2019-09-16 16:47:13,792 [pool-97-thread-1] INFO  impl.RaftServerImpl (ServerState.java:<init>(103)) - 6044b653-4ba3-462e-b1d8-fff4097cca63@group-276A6773F05B: ConfigurationManager, init=-1: [6044b653-4ba3-462e-b1d8-fff4097cca63:192.168.5.184:43507, 211683d0-e7e4-43b3-9a19-c932c2e3e607:192.168.5.184:38618, 44446946-e2df-49b4-a08f-7c38e08da8da:192.168.5.184:45592], old=null, confs=<EMPTY_MAP>
2019-09-16 16:47:13,792 [pool-97-thread-1] INFO  server.RaftServerConfigKeys (ConfUtils.java:logGet(43)) - raft.server.storage.dir = [/workdir/hadoop-ozone/integration-test/target/test-dir/MiniOzoneClusterImpl-2814d36b-6019-42fc-a66f-ece8bfc5d7d4/datanode-7/data/ratis] (custom)
2019-09-16 16:47:13,792 [pool-97-thread-1] INFO  storage.RaftStorageDirectory (RaftStorageDirectory.java:analyzeStorage(246)) - The storage directory /workdir/hadoop-ozone/integration-test/target/test-dir/MiniOzoneClusterImpl-2814d36b-6019-42fc-a66f-ece8bfc5d7d4/datanode-7/data/ratis/875f3d80-77df-4568-bd78-276a6773f05b does not exist. Creating ...
2019-09-16 16:47:13,810 [pool-77-thread-1] INFO  storage.RaftStorageDirectory (RaftStorageDirectory.java:tryLock(328)) - Lock on /workdir/hadoop-ozone/integration-test/target/test-dir/MiniOzoneClusterImpl-2814d36b-6019-42fc-a66f-ece8bfc5d7d4/datanode-5/data/ratis/875f3d80-77df-4568-bd78-276a6773f05b/in_use.lock acquired by nodename 6929@pr-hdds-2022-qxstf-1422721469
2019-09-16 16:47:13,810 [pool-37-thread-1] INFO  storage.RaftStorageDirectory (RaftStorageDirectory.java:tryLock(328)) - Lock on /workdir/hadoop-ozone/integration-test/target/test-dir/MiniOzoneClusterImpl-2814d36b-6019-42fc-a66f-ece8bfc5d7d4/datanode-1/data/ratis/875f3d80-77df-4568-bd78-276a6773f05b/in_use.lock acquired by nodename 6929@pr-hdds-2022-qxstf-1422721469
2019-09-16 16:47:13,810 [pool-97-thread-1] INFO  storage.RaftStorageDirectory (RaftStorageDirectory.java:tryLock(328)) - Lock on /workdir/hadoop-ozone/integration-test/target/test-dir/MiniOzoneClusterImpl-2814d36b-6019-42fc-a66f-ece8bfc5d7d4/datanode-7/data/ratis/875f3d80-77df-4568-bd78-276a6773f05b/in_use.lock acquired by nodename 6929@pr-hdds-2022-qxstf-1422721469
2019-09-16 16:47:13,827 [pool-77-thread-1] INFO  storage.RaftStorage (RaftStorage.java:format(72)) - Storage directory /workdir/hadoop-ozone/integration-test/target/test-dir/MiniOzoneClusterImpl-2814d36b-6019-42fc-a66f-ece8bfc5d7d4/datanode-5/data/ratis/875f3d80-77df-4568-bd78-276a6773f05b has been successfully formatted.
2019-09-16 16:47:13,827 [pool-37-thread-1] INFO  storage.RaftStorage (RaftStorage.java:format(72)) - Storage directory /workdir/hadoop-ozone/integration-test/target/test-dir/MiniOzoneClusterImpl-2814d36b-6019-42fc-a66f-ece8bfc5d7d4/datanode-1/data/ratis/875f3d80-77df-4568-bd78-276a6773f05b has been successfully formatted.
2019-09-16 16:47:13,827 [pool-97-thread-1] INFO  storage.RaftStorage (RaftStorage.java:format(72)) - Storage directory /workdir/hadoop-ozone/integration-test/target/test-dir/MiniOzoneClusterImpl-2814d36b-6019-42fc-a66f-ece8bfc5d7d4/datanode-7/data/ratis/875f3d80-77df-4568-bd78-276a6773f05b has been successfully formatted.
2019-09-16 16:47:13,828 [pool-77-thread-1] INFO  ratis.ContainerStateMachine (ContainerStateMachine.java:loadSnapshot(230)) - group-276A6773F05B: The snapshot info is null. Setting the last applied indexto:(t:0, i:~)
2019-09-16 16:47:13,828 [pool-97-thread-1] INFO  ratis.ContainerStateMachine (ContainerStateMachine.java:loadSnapshot(230)) - group-276A6773F05B: The snapshot info is null. Setting the last applied indexto:(t:0, i:~)
2019-09-16 16:47:13,828 [pool-37-thread-1] INFO  ratis.ContainerStateMachine (ContainerStateMachine.java:loadSnapshot(230)) - group-276A6773F05B: The snapshot info is null. Setting the last applied indexto:(t:0, i:~)
2019-09-16 16:47:13,828 [pool-97-thread-1] INFO  server.RaftServerConfigKeys (ConfUtils.java:logGet(43)) - raft.server.notification.no-leader.timeout = 120s (custom)
2019-09-16 16:47:13,828 [pool-77-thread-1] INFO  server.RaftServerConfigKeys (ConfUtils.java:logGet(43)) - raft.server.notification.no-leader.timeout = 120s (custom)
2019-09-16 16:47:13,829 [pool-97-thread-1] INFO  server.RaftServerConfigKeys (ConfUtils.java:logGet(43)) - raft.server.log.use.memory = false (default)
2019-09-16 16:47:13,828 [pool-37-thread-1] INFO  server.RaftServerConfigKeys (ConfUtils.java:logGet(43)) - raft.server.notification.no-leader.timeout = 120s (custom)
2019-09-16 16:47:13,829 [pool-97-thread-1] INFO  server.RaftServerConfigKeys (ConfUtils.java:logGet(43)) - raft.server.log.purge.gap = 1000000 (custom)
2019-09-16 16:47:13,829 [pool-77-thread-1] INFO  server.RaftServerConfigKeys (ConfUtils.java:logGet(43)) - raft.server.log.use.memory = false (default)
2019-09-16 16:47:13,829 [pool-97-thread-1] INFO  server.RaftServerConfigKeys (ConfUtils.java:logGet(43)) - raft.server.log.appender.buffer.byte-limit = 33554432 (custom)
2019-09-16 16:47:13,829 [pool-37-thread-1] INFO  server.RaftServerConfigKeys (ConfUtils.java:logGet(43)) - raft.server.log.use.memory = false (default)
2019-09-16 16:47:13,829 [pool-97-thread-1] INFO  server.RaftServerConfigKeys (ConfUtils.java:logGet(43)) - raft.server.log.segment.size.max = 1048576 (custom)
2019-09-16 16:47:13,829 [pool-77-thread-1] INFO  server.RaftServerConfigKeys (ConfUtils.java:logGet(43)) - raft.server.log.purge.gap = 1000000 (custom)
2019-09-16 16:47:13,830 [pool-97-thread-1] INFO  server.RaftServerConfigKeys (ConfUtils.java:logGet(43)) - raft.server.log.segment.cache.num.max = 2 (custom)
2019-09-16 16:47:13,830 [pool-37-thread-1] INFO  server.RaftServerConfigKeys (ConfUtils.java:logGet(43)) - raft.server.log.purge.gap = 1000000 (custom)
2019-09-16 16:47:13,830 [pool-97-thread-1] INFO  segmented.SegmentedRaftLogWorker (SegmentedRaftLogWorker.java:<init>(172)) - new 6044b653-4ba3-462e-b1d8-fff4097cca63@group-276A6773F05B-SegmentedRaftLogWorker for RaftStorage:Storage Directory /workdir/hadoop-ozone/integration-test/target/test-dir/MiniOzoneClusterImpl-2814d36b-6019-42fc-a66f-ece8bfc5d7d4/datanode-7/data/ratis/875f3d80-77df-4568-bd78-276a6773f05b
2019-09-16 16:47:13,830 [pool-77-thread-1] INFO  server.RaftServerConfigKeys (ConfUtils.java:logGet(43)) - raft.server.log.appender.buffer.byte-limit = 33554432 (custom)
2019-09-16 16:47:13,830 [pool-97-thread-1] INFO  server.RaftServerConfigKeys (ConfUtils.java:logGet(43)) - raft.server.log.queue.byte-limit = 2147483647 (custom)
2019-09-16 16:47:13,830 [pool-37-thread-1] INFO  server.RaftServerConfigKeys (ConfUtils.java:logGet(43)) - raft.server.log.appender.buffer.byte-limit = 33554432 (custom)
2019-09-16 16:47:13,831 [pool-97-thread-1] INFO  server.RaftServerConfigKeys (ConfUtils.java:logGet(43)) - raft.server.log.queue.element-limit = 1024 (custom)
2019-09-16 16:47:13,831 [pool-77-thread-1] INFO  server.RaftServerConfigKeys (ConfUtils.java:logGet(43)) - raft.server.log.segment.size.max = 1048576 (custom)
2019-09-16 16:47:13,831 [pool-97-thread-1] INFO  server.RaftServerConfigKeys (ConfUtils.java:logGet(43)) - raft.server.log.segment.size.max = 1048576 (custom)
2019-09-16 16:47:13,831 [pool-37-thread-1] INFO  server.RaftServerConfigKeys (ConfUtils.java:logGet(43)) - raft.server.log.segment.size.max = 1048576 (custom)
2019-09-16 16:47:13,831 [pool-97-thread-1] INFO  server.RaftServerConfigKeys (ConfUtils.java:logGet(43)) - raft.server.log.preallocated.size = 16384 (custom)
2019-09-16 16:47:13,831 [pool-77-thread-1] INFO  server.RaftServerConfigKeys (ConfUtils.java:logGet(43)) - raft.server.log.segment.cache.num.max = 2 (custom)
2019-09-16 16:47:13,832 [pool-97-thread-1] INFO  server.RaftServerConfigKeys (ConfUtils.java:logGet(43)) - raft.server.log.write.buffer.size = 33554432 (custom)
2019-09-16 16:47:13,832 [pool-97-thread-1] INFO  server.RaftServerConfigKeys (ConfUtils.java:logGet(43)) - raft.server.log.force.sync.num = 128 (default)
2019-09-16 16:47:13,832 [pool-37-thread-1] INFO  server.RaftServerConfigKeys (ConfUtils.java:logGet(43)) - raft.server.log.segment.cache.num.max = 2 (custom)
2019-09-16 16:47:13,832 [pool-97-thread-1] INFO  server.RaftServerConfigKeys (ConfUtils.java:logGet(43)) - raft.server.log.statemachine.data.sync = true (default)
2019-09-16 16:47:13,832 [pool-77-thread-1] INFO  segmented.SegmentedRaftLogWorker (SegmentedRaftLogWorker.java:<init>(172)) - new 211683d0-e7e4-43b3-9a19-c932c2e3e607@group-276A6773F05B-SegmentedRaftLogWorker for RaftStorage:Storage Directory /workdir/hadoop-ozone/integration-test/target/test-dir/MiniOzoneClusterImpl-2814d36b-6019-42fc-a66f-ece8bfc5d7d4/datanode-5/data/ratis/875f3d80-77df-4568-bd78-276a6773f05b
2019-09-16 16:47:13,833 [pool-97-thread-1] INFO  server.RaftServerConfigKeys (ConfUtils.java:logGet(43)) - raft.server.log.statemachine.data.sync.timeout = 10s (default)
2019-09-16 16:47:13,832 [pool-37-thread-1] INFO  segmented.SegmentedRaftLogWorker (SegmentedRaftLogWorker.java:<init>(172)) - new 44446946-e2df-49b4-a08f-7c38e08da8da@group-276A6773F05B-SegmentedRaftLogWorker for RaftStorage:Storage Directory /workdir/hadoop-ozone/integration-test/target/test-dir/MiniOzoneClusterImpl-2814d36b-6019-42fc-a66f-ece8bfc5d7d4/datanode-1/data/ratis/875f3d80-77df-4568-bd78-276a6773f05b
2019-09-16 16:47:13,833 [pool-97-thread-1] INFO  server.RaftServerConfigKeys (ConfUtils.java:logGet(43)) - raft.server.log.statemachine.data.sync.timeout.retry = -1 (default)
2019-09-16 16:47:13,833 [pool-77-thread-1] INFO  server.RaftServerConfigKeys (ConfUtils.java:logGet(43)) - raft.server.log.queue.byte-limit = 2147483647 (custom)
2019-09-16 16:47:13,833 [pool-97-thread-1] INFO  server.RaftServerConfigKeys (ConfUtils.java:logGet(43)) - raft.server.log.statemachine.data.caching.enabled = true (custom)
2019-09-16 16:47:13,833 [pool-37-thread-1] INFO  server.RaftServerConfigKeys (ConfUtils.java:logGet(43)) - raft.server.log.queue.byte-limit = 2147483647 (custom)
2019-09-16 16:47:13,833 [pool-77-thread-1] INFO  server.RaftServerConfigKeys (ConfUtils.java:logGet(43)) - raft.server.log.queue.element-limit = 1024 (custom)
2019-09-16 16:47:13,834 [pool-97-thread-1] INFO  segmented.SegmentedRaftLogWorker (SegmentedRaftLogWorker.java:lambda$new$0(132)) - 6044b653-4ba3-462e-b1d8-fff4097cca63@group-276A6773F05B-SegmentedRaftLogWorker: flushIndex: setUnconditionally 0 -> -1
2019-09-16 16:47:13,834 [pool-37-thread-1] INFO  server.RaftServerConfigKeys (ConfUtils.java:logGet(43)) - raft.server.log.queue.element-limit = 1024 (custom)
2019-09-16 16:47:13,834 [pool-77-thread-1] INFO  server.RaftServerConfigKeys (ConfUtils.java:logGet(43)) - raft.server.log.segment.size.max = 1048576 (custom)
2019-09-16 16:47:13,834 [pool-37-thread-1] INFO  server.RaftServerConfigKeys (ConfUtils.java:logGet(43)) - raft.server.log.segment.size.max = 1048576 (custom)
2019-09-16 16:47:13,834 [pool-97-thread-1] INFO  server.RaftServerConfigKeys (ConfUtils.java:logGet(43)) - raft.server.snapshot.auto.trigger.enabled = true (custom)
2019-09-16 16:47:13,835 [pool-37-thread-1] INFO  server.RaftServerConfigKeys (ConfUtils.java:logGet(43)) - raft.server.log.preallocated.size = 16384 (custom)
2019-09-16 16:47:13,834 [pool-77-thread-1] INFO  server.RaftServerConfigKeys (ConfUtils.java:logGet(43)) - raft.server.log.preallocated.size = 16384 (custom)
2019-09-16 16:47:13,835 [pool-37-thread-1] INFO  server.RaftServerConfigKeys (ConfUtils.java:logGet(43)) - raft.server.log.write.buffer.size = 33554432 (custom)
2019-09-16 16:47:13,835 [pool-97-thread-1] INFO  server.RaftServerConfigKeys (ConfUtils.java:logGet(43)) - raft.server.snapshot.auto.trigger.threshold = 10000 (custom)
2019-09-16 16:47:13,835 [pool-37-thread-1] INFO  server.RaftServerConfigKeys (ConfUtils.java:logGet(43)) - raft.server.log.force.sync.num = 128 (default)
2019-09-16 16:47:13,835 [pool-77-thread-1] INFO  server.RaftServerConfigKeys (ConfUtils.java:logGet(43)) - raft.server.log.write.buffer.size = 33554432 (custom)
2019-09-16 16:47:13,836 [pool-37-thread-1] INFO  server.RaftServerConfigKeys (ConfUtils.java:logGet(43)) - raft.server.log.statemachine.data.sync = true (default)
2019-09-16 16:47:13,835 [pool-97-thread-1] INFO  server.RaftServerConfigKeys (ConfUtils.java:logGet(43)) - raft.server.snapshot.retention.num.files = 5 (custom)
2019-09-16 16:47:13,836 [pool-37-thread-1] INFO  server.RaftServerConfigKeys (ConfUtils.java:logGet(43)) - raft.server.log.statemachine.data.sync.timeout = 10s (default)
2019-09-16 16:47:13,836 [pool-97-thread-1] INFO  server.RaftServerConfigKeys (ConfUtils.java:logGet(43)) - raft.server.retrycache.expirytime = 600000ms (custom)
2019-09-16 16:47:13,836 [pool-77-thread-1] INFO  server.RaftServerConfigKeys (ConfUtils.java:logGet(43)) - raft.server.log.force.sync.num = 128 (default)
2019-09-16 16:47:13,836 [pool-37-thread-1] INFO  server.RaftServerConfigKeys (ConfUtils.java:logGet(43)) - raft.server.log.statemachine.data.sync.timeout.retry = -1 (default)
2019-09-16 16:47:13,836 [pool-77-thread-1] INFO  server.RaftServerConfigKeys (ConfUtils.java:logGet(43)) - raft.server.log.statemachine.data.sync = true (default)
2019-09-16 16:47:13,837 [pool-37-thread-1] INFO  server.RaftServerConfigKeys (ConfUtils.java:logGet(43)) - raft.server.log.statemachine.data.caching.enabled = true (custom)
2019-09-16 16:47:13,837 [pool-77-thread-1] INFO  server.RaftServerConfigKeys (ConfUtils.java:logGet(43)) - raft.server.log.statemachine.data.sync.timeout = 10s (default)
2019-09-16 16:47:13,837 [pool-77-thread-1] INFO  server.RaftServerConfigKeys (ConfUtils.java:logGet(43)) - raft.server.log.statemachine.data.sync.timeout.retry = -1 (default)
2019-09-16 16:47:13,837 [pool-37-thread-1] INFO  segmented.SegmentedRaftLogWorker (SegmentedRaftLogWorker.java:lambda$new$0(132)) - 44446946-e2df-49b4-a08f-7c38e08da8da@group-276A6773F05B-SegmentedRaftLogWorker: flushIndex: setUnconditionally 0 -> -1
2019-09-16 16:47:13,837 [pool-77-thread-1] INFO  server.RaftServerConfigKeys (ConfUtils.java:logGet(43)) - raft.server.log.statemachine.data.caching.enabled = true (custom)
2019-09-16 16:47:13,838 [pool-37-thread-1] INFO  server.RaftServerConfigKeys (ConfUtils.java:logGet(43)) - raft.server.snapshot.auto.trigger.enabled = true (custom)
2019-09-16 16:47:13,838 [pool-77-thread-1] INFO  segmented.SegmentedRaftLogWorker (SegmentedRaftLogWorker.java:lambda$new$0(132)) - 211683d0-e7e4-43b3-9a19-c932c2e3e607@group-276A6773F05B-SegmentedRaftLogWorker: flushIndex: setUnconditionally 0 -> -1
2019-09-16 16:47:13,838 [pool-37-thread-1] INFO  server.RaftServerConfigKeys (ConfUtils.java:logGet(43)) - raft.server.snapshot.auto.trigger.threshold = 10000 (custom)
2019-09-16 16:47:13,838 [pool-77-thread-1] INFO  server.RaftServerConfigKeys (ConfUtils.java:logGet(43)) - raft.server.snapshot.auto.trigger.enabled = true (custom)
2019-09-16 16:47:13,838 [pool-37-thread-1] INFO  server.RaftServerConfigKeys (ConfUtils.java:logGet(43)) - raft.server.snapshot.retention.num.files = 5 (custom)
2019-09-16 16:47:13,839 [pool-77-thread-1] INFO  server.RaftServerConfigKeys (ConfUtils.java:logGet(43)) - raft.server.snapshot.auto.trigger.threshold = 10000 (custom)
2019-09-16 16:47:13,839 [pool-37-thread-1] INFO  server.RaftServerConfigKeys (ConfUtils.java:logGet(43)) - raft.server.retrycache.expirytime = 600000ms (custom)
2019-09-16 16:47:13,839 [pool-77-thread-1] INFO  server.RaftServerConfigKeys (ConfUtils.java:logGet(43)) - raft.server.snapshot.retention.num.files = 5 (custom)
2019-09-16 16:47:13,839 [pool-77-thread-1] INFO  server.RaftServerConfigKeys (ConfUtils.java:logGet(43)) - raft.server.retrycache.expirytime = 600000ms (custom)
2019-09-16 16:47:13,840 [pool-97-thread-1] INFO  impl.RaftServerImpl (RaftServerImpl.java:start(185)) - 6044b653-4ba3-462e-b1d8-fff4097cca63@group-276A6773F05B: start as a follower, conf=-1: [6044b653-4ba3-462e-b1d8-fff4097cca63:192.168.5.184:43507, 211683d0-e7e4-43b3-9a19-c932c2e3e607:192.168.5.184:38618, 44446946-e2df-49b4-a08f-7c38e08da8da:192.168.5.184:45592], old=null
2019-09-16 16:47:13,840 [pool-97-thread-1] INFO  impl.RaftServerImpl (RaftServerImpl.java:setRole(174)) - 6044b653-4ba3-462e-b1d8-fff4097cca63@group-276A6773F05B: changes role from      null to FOLLOWER at term 0 for startAsFollower
2019-09-16 16:47:13,840 [pool-97-thread-1] INFO  impl.RoleInfo (RoleInfo.java:updateAndGet(143)) - 6044b653-4ba3-462e-b1d8-fff4097cca63: start FollowerState
2019-09-16 16:47:13,840 [pool-97-thread-1] INFO  util.JmxRegister (JmxRegister.java:tryRegister(44)) - Successfully registered JMX Bean with object name Ratis:service=RaftServer,group=group-276A6773F05B,id=6044b653-4ba3-462e-b1d8-fff4097cca63
2019-09-16 16:47:13,847 [pool-37-thread-1] INFO  impl.RaftServerImpl (RaftServerImpl.java:start(185)) - 44446946-e2df-49b4-a08f-7c38e08da8da@group-276A6773F05B: start as a follower, conf=-1: [6044b653-4ba3-462e-b1d8-fff4097cca63:192.168.5.184:43507, 211683d0-e7e4-43b3-9a19-c932c2e3e607:192.168.5.184:38618, 44446946-e2df-49b4-a08f-7c38e08da8da:192.168.5.184:45592], old=null
2019-09-16 16:47:13,850 [pool-37-thread-1] INFO  impl.RaftServerImpl (RaftServerImpl.java:setRole(174)) - 44446946-e2df-49b4-a08f-7c38e08da8da@group-276A6773F05B: changes role from      null to FOLLOWER at term 0 for startAsFollower
2019-09-16 16:47:13,851 [pool-37-thread-1] INFO  impl.RoleInfo (RoleInfo.java:updateAndGet(143)) - 44446946-e2df-49b4-a08f-7c38e08da8da: start FollowerState
2019-09-16 16:47:13,851 [pool-77-thread-1] INFO  impl.RaftServerImpl (RaftServerImpl.java:start(185)) - 211683d0-e7e4-43b3-9a19-c932c2e3e607@group-276A6773F05B: start as a follower, conf=-1: [6044b653-4ba3-462e-b1d8-fff4097cca63:192.168.5.184:43507, 211683d0-e7e4-43b3-9a19-c932c2e3e607:192.168.5.184:38618, 44446946-e2df-49b4-a08f-7c38e08da8da:192.168.5.184:45592], old=null
2019-09-16 16:47:13,851 [pool-77-thread-1] INFO  impl.RaftServerImpl (RaftServerImpl.java:setRole(174)) - 211683d0-e7e4-43b3-9a19-c932c2e3e607@group-276A6773F05B: changes role from      null to FOLLOWER at term 0 for startAsFollower
2019-09-16 16:47:13,851 [pool-37-thread-1] INFO  util.JmxRegister (JmxRegister.java:tryRegister(44)) - Successfully registered JMX Bean with object name Ratis:service=RaftServer,group=group-276A6773F05B,id=44446946-e2df-49b4-a08f-7c38e08da8da
2019-09-16 16:47:13,851 [pool-77-thread-1] INFO  impl.RoleInfo (RoleInfo.java:updateAndGet(143)) - 211683d0-e7e4-43b3-9a19-c932c2e3e607: start FollowerState
2019-09-16 16:47:13,852 [pool-77-thread-1] INFO  util.JmxRegister (JmxRegister.java:tryRegister(44)) - Successfully registered JMX Bean with object name Ratis:service=RaftServer,group=group-276A6773F05B,id=211683d0-e7e4-43b3-9a19-c932c2e3e607
2019-09-16 16:47:13,860 [RatisPipelineUtilsThread] INFO  pipeline.PipelineStateManager (PipelineStateManager.java:addPipeline(56)) - Created pipeline Pipeline[ Id: 875f3d80-77df-4568-bd78-276a6773f05b, Nodes: 44446946-e2df-49b4-a08f-7c38e08da8da{ip: 192.168.5.184, host: pr-hdds-2022-qxstf-1422721469, networkLocation: /default-rack, certSerialId: null}6044b653-4ba3-462e-b1d8-fff4097cca63{ip: 192.168.5.184, host: pr-hdds-2022-qxstf-1422721469, networkLocation: /default-rack, certSerialId: null}211683d0-e7e4-43b3-9a19-c932c2e3e607{ip: 192.168.5.184, host: pr-hdds-2022-qxstf-1422721469, networkLocation: /default-rack, certSerialId: null}, Type:RATIS, Factor:THREE, State:OPEN]
2019-09-16 16:47:14,013 [Thread-324] INFO  impl.FollowerState (FollowerState.java:run(106)) - 13e0063a-a130-4fd5-85d5-da091d0097cd:group-5589D458CBDA changes to CANDIDATE, lastRpcTime:1105, electionTimeout:1105ms
2019-09-16 16:47:14,013 [Thread-324] INFO  impl.RoleInfo (RoleInfo.java:shutdownFollowerState(121)) - 13e0063a-a130-4fd5-85d5-da091d0097cd: shutdown FollowerState
2019-09-16 16:47:14,014 [Thread-324] INFO  impl.RaftServerImpl (RaftServerImpl.java:setRole(174)) - 13e0063a-a130-4fd5-85d5-da091d0097cd@group-5589D458CBDA: changes role from  FOLLOWER to CANDIDATE at term 0 for changeToCandidate
2019-09-16 16:47:14,014 [Thread-324] INFO  impl.RoleInfo (RoleInfo.java:updateAndGet(143)) - 13e0063a-a130-4fd5-85d5-da091d0097cd: start LeaderElection
2019-09-16 16:47:14,048 [13e0063a-a130-4fd5-85d5-da091d0097cd@group-5589D458CBDA:LeaderElection10] INFO  impl.LeaderElection (LeaderElection.java:askForVotes(182)) - 13e0063a-a130-4fd5-85d5-da091d0097cd@group-5589D458CBDA:LeaderElection10: begin an election at term 1 for -1: [13e0063a-a130-4fd5-85d5-da091d0097cd:192.168.5.184:45509], old=null
2019-09-16 16:47:14,055 [13e0063a-a130-4fd5-85d5-da091d0097cd@group-5589D458CBDA:LeaderElection10] INFO  impl.RoleInfo (RoleInfo.java:shutdownLeaderElection(134)) - 13e0063a-a130-4fd5-85d5-da091d0097cd: shutdown LeaderElection
2019-09-16 16:47:14,055 [13e0063a-a130-4fd5-85d5-da091d0097cd@group-5589D458CBDA:LeaderElection10] INFO  impl.RaftServerImpl (RaftServerImpl.java:setRole(174)) - 13e0063a-a130-4fd5-85d5-da091d0097cd@group-5589D458CBDA: changes role from CANDIDATE to LEADER at term 1 for changeToLeader
2019-09-16 16:47:14,055 [13e0063a-a130-4fd5-85d5-da091d0097cd@group-5589D458CBDA:LeaderElection10] INFO  impl.RaftServerImpl (ServerState.java:setLeader(253)) - 13e0063a-a130-4fd5-85d5-da091d0097cd@group-5589D458CBDA: change Leader from null to 13e0063a-a130-4fd5-85d5-da091d0097cd at term 1 for becomeLeader, leader elected after 1181ms
2019-09-16 16:47:14,056 [13e0063a-a130-4fd5-85d5-da091d0097cd@group-5589D458CBDA:LeaderElection10] INFO  server.RaftServerConfigKeys (ConfUtils.java:logGet(43)) - raft.server.staging.catchup.gap = 1000 (default)
2019-09-16 16:47:14,056 [13e0063a-a130-4fd5-85d5-da091d0097cd@group-5589D458CBDA:LeaderElection10] INFO  server.RaftServerConfigKeys (ConfUtils.java:logGet(43)) - raft.server.rpc.sleep.time = 25ms (default)
2019-09-16 16:47:14,056 [13e0063a-a130-4fd5-85d5-da091d0097cd@group-5589D458CBDA:LeaderElection10] INFO  server.RaftServerConfigKeys (ConfUtils.java:logGet(43)) - raft.server.write.element-limit = 4096 (default)
2019-09-16 16:47:14,056 [13e0063a-a130-4fd5-85d5-da091d0097cd@group-5589D458CBDA:LeaderElection10] INFO  server.RaftServerConfigKeys (ConfUtils.java:logGet(43)) - raft.server.watch.timeout = 10s (default)
2019-09-16 16:47:14,056 [13e0063a-a130-4fd5-85d5-da091d0097cd@group-5589D458CBDA:LeaderElection10] INFO  server.RaftServerConfigKeys (ConfUtils.java:logGet(43)) - raft.server.watch.timeout.denomination = 1s (default)
2019-09-16 16:47:14,057 [13e0063a-a130-4fd5-85d5-da091d0097cd@group-5589D458CBDA:LeaderElection10] INFO  server.RaftServerConfigKeys (ConfUtils.java:logGet(43)) - raft.server.watch.element-limit = 65536 (default)
2019-09-16 16:47:14,061 [13e0063a-a130-4fd5-85d5-da091d0097cd@group-5589D458CBDA:LeaderElection10] INFO  impl.RoleInfo (RoleInfo.java:updateAndGet(143)) - 13e0063a-a130-4fd5-85d5-da091d0097cd: start LeaderState
2019-09-16 16:47:14,061 [13e0063a-a130-4fd5-85d5-da091d0097cd@group-5589D458CBDA:LeaderElection10] INFO  segmented.SegmentedRaftLogWorker (SegmentedRaftLogWorker.java:startLogSegment(380)) - 13e0063a-a130-4fd5-85d5-da091d0097cd@group-5589D458CBDA-SegmentedRaftLogWorker: Starting segment from index:0
2019-09-16 16:47:14,062 [13e0063a-a130-4fd5-85d5-da091d0097cd@group-5589D458CBDA:LeaderElection10] INFO  impl.RaftServerImpl (ServerState.java:setRaftConf(354)) - 13e0063a-a130-4fd5-85d5-da091d0097cd@group-5589D458CBDA: set configuration 0: [13e0063a-a130-4fd5-85d5-da091d0097cd:192.168.5.184:45509], old=null at 0
2019-09-16 16:47:14,129 [main] INFO  impl.MetricsSystemImpl (MetricsSystemImpl.java:init(158)) - XceiverClientMetrics metrics system started (again)
2019-09-16 16:47:14,130 [13e0063a-a130-4fd5-85d5-da091d0097cd@group-5589D458CBDA-SegmentedRaftLogWorker] INFO  segmented.SegmentedRaftLogWorker (SegmentedRaftLogWorker.java:execute(569)) - 13e0063a-a130-4fd5-85d5-da091d0097cd@group-5589D458CBDA-SegmentedRaftLogWorker: created new log segment /workdir/hadoop-ozone/integration-test/target/test-dir/MiniOzoneClusterImpl-2814d36b-6019-42fc-a66f-ece8bfc5d7d4/datanode-6/data/ratis/2e6c2a6b-e591-40d3-a835-5589d458cbda/current/log_inprogress_0
2019-09-16 16:47:14,263 [grpc-default-executor-0] INFO  client.GrpcClientProtocolClient (GrpcClientProtocolClient.java:onNext(264)) - client-AC4080E834B7->31ff8a7c-4ef6-4603-8d7a-5c866c7f5672: receive RaftClientReply:client-AC4080E834B7->31ff8a7c-4ef6-4603-8d7a-5c866c7f5672@group-651FE1B6B3BB, cid=19, FAILED org.apache.ratis.protocol.NotLeaderException: Server 31ff8a7c-4ef6-4603-8d7a-5c866c7f5672@group-651FE1B6B3BB is not the leader, logIndex=0, commits[31ff8a7c-4ef6-4603-8d7a-5c866c7f5672:c-1]
2019-09-16 16:47:14,537 [Thread-340] INFO  impl.FollowerState (FollowerState.java:run(106)) - d7db739d-8a5f-427c-bc0a-5603ac8ba161:group-9A9DF8BBBB07 changes to CANDIDATE, lastRpcTime:1021, electionTimeout:1021ms
2019-09-16 16:47:14,538 [Thread-340] INFO  impl.RoleInfo (RoleInfo.java:shutdownFollowerState(121)) - d7db739d-8a5f-427c-bc0a-5603ac8ba161: shutdown FollowerState
2019-09-16 16:47:14,538 [Thread-340] INFO  impl.RaftServerImpl (RaftServerImpl.java:setRole(174)) - d7db739d-8a5f-427c-bc0a-5603ac8ba161@group-9A9DF8BBBB07: changes role from  FOLLOWER to CANDIDATE at term 0 for changeToCandidate
2019-09-16 16:47:14,538 [Thread-340] INFO  impl.RoleInfo (RoleInfo.java:updateAndGet(143)) - d7db739d-8a5f-427c-bc0a-5603ac8ba161: start LeaderElection
2019-09-16 16:47:14,574 [Thread-337] INFO  impl.FollowerState (FollowerState.java:run(106)) - 22812086-b692-43a0-8348-44721a5a82d7:group-9A9DF8BBBB07 changes to CANDIDATE, lastRpcTime:1122, electionTimeout:1113ms
2019-09-16 16:47:14,575 [d7db739d-8a5f-427c-bc0a-5603ac8ba161@group-9A9DF8BBBB07:LeaderElection11] INFO  impl.LeaderElection (LeaderElection.java:askForVotes(182)) - d7db739d-8a5f-427c-bc0a-5603ac8ba161@group-9A9DF8BBBB07:LeaderElection11: begin an election at term 1 for -1: [22812086-b692-43a0-8348-44721a5a82d7:192.168.5.184:33209, d7db739d-8a5f-427c-bc0a-5603ac8ba161:192.168.5.184:39532, 37aba10a-6fc0-4836-82ce-0d66a20effe5:192.168.5.184:35204], old=null
2019-09-16 16:47:14,575 [Thread-337] INFO  impl.RoleInfo (RoleInfo.java:shutdownFollowerState(121)) - 22812086-b692-43a0-8348-44721a5a82d7: shutdown FollowerState
2019-09-16 16:47:14,575 [Thread-337] INFO  impl.RaftServerImpl (RaftServerImpl.java:setRole(174)) - 22812086-b692-43a0-8348-44721a5a82d7@group-9A9DF8BBBB07: changes role from  FOLLOWER to CANDIDATE at term 0 for changeToCandidate
2019-09-16 16:47:14,575 [Thread-337] INFO  impl.RoleInfo (RoleInfo.java:updateAndGet(143)) - 22812086-b692-43a0-8348-44721a5a82d7: start LeaderElection
2019-09-16 16:47:14,602 [Thread-339] INFO  impl.FollowerState (FollowerState.java:run(106)) - 37aba10a-6fc0-4836-82ce-0d66a20effe5:group-9A9DF8BBBB07 changes to CANDIDATE, lastRpcTime:1087, electionTimeout:1084ms
2019-09-16 16:47:14,603 [Thread-339] INFO  impl.RoleInfo (RoleInfo.java:shutdownFollowerState(121)) - 37aba10a-6fc0-4836-82ce-0d66a20effe5: shutdown FollowerState
2019-09-16 16:47:14,603 [Thread-339] INFO  impl.RaftServerImpl (RaftServerImpl.java:setRole(174)) - 37aba10a-6fc0-4836-82ce-0d66a20effe5@group-9A9DF8BBBB07: changes role from  FOLLOWER to CANDIDATE at term 0 for changeToCandidate
2019-09-16 16:47:14,603 [Thread-339] INFO  impl.RoleInfo (RoleInfo.java:updateAndGet(143)) - 37aba10a-6fc0-4836-82ce-0d66a20effe5: start LeaderElection
2019-09-16 16:47:14,610 [22812086-b692-43a0-8348-44721a5a82d7@group-9A9DF8BBBB07:LeaderElection12] INFO  impl.LeaderElection (LeaderElection.java:askForVotes(182)) - 22812086-b692-43a0-8348-44721a5a82d7@group-9A9DF8BBBB07:LeaderElection12: begin an election at term 1 for -1: [22812086-b692-43a0-8348-44721a5a82d7:192.168.5.184:33209, d7db739d-8a5f-427c-bc0a-5603ac8ba161:192.168.5.184:39532, 37aba10a-6fc0-4836-82ce-0d66a20effe5:192.168.5.184:35204], old=null
2019-09-16 16:47:14,630 [37aba10a-6fc0-4836-82ce-0d66a20effe5@group-9A9DF8BBBB07:LeaderElection13] INFO  impl.LeaderElection (LeaderElection.java:askForVotes(182)) - 37aba10a-6fc0-4836-82ce-0d66a20effe5@group-9A9DF8BBBB07:LeaderElection13: begin an election at term 1 for -1: [22812086-b692-43a0-8348-44721a5a82d7:192.168.5.184:33209, d7db739d-8a5f-427c-bc0a-5603ac8ba161:192.168.5.184:39532, 37aba10a-6fc0-4836-82ce-0d66a20effe5:192.168.5.184:35204], old=null
2019-09-16 16:47:14,651 [d7db739d-8a5f-427c-bc0a-5603ac8ba161@group-9A9DF8BBBB07:LeaderElection11] INFO  impl.LeaderElection (LeaderElection.java:logAndReturn(56)) - d7db739d-8a5f-427c-bc0a-5603ac8ba161@group-9A9DF8BBBB07:LeaderElection11: Election REJECTED; received 2 response(s) [d7db739d-8a5f-427c-bc0a-5603ac8ba161<-22812086-b692-43a0-8348-44721a5a82d7#0:FAIL-t1, d7db739d-8a5f-427c-bc0a-5603ac8ba161<-37aba10a-6fc0-4836-82ce-0d66a20effe5#0:FAIL-t1] and 0 exception(s); d7db739d-8a5f-427c-bc0a-5603ac8ba161@group-9A9DF8BBBB07:t1, leader=null, voted=d7db739d-8a5f-427c-bc0a-5603ac8ba161, raftlog=d7db739d-8a5f-427c-bc0a-5603ac8ba161@group-9A9DF8BBBB07-SegmentedRaftLog:OPENED:c-1,f-1,i0, conf=-1: [22812086-b692-43a0-8348-44721a5a82d7:192.168.5.184:33209, d7db739d-8a5f-427c-bc0a-5603ac8ba161:192.168.5.184:39532, 37aba10a-6fc0-4836-82ce-0d66a20effe5:192.168.5.184:35204], old=null
2019-09-16 16:47:14,651 [22812086-b692-43a0-8348-44721a5a82d7@group-9A9DF8BBBB07:LeaderElection12] INFO  impl.LeaderElection (LeaderElection.java:logAndReturn(56)) - 22812086-b692-43a0-8348-44721a5a82d7@group-9A9DF8BBBB07:LeaderElection12: Election REJECTED; received 2 response(s) [22812086-b692-43a0-8348-44721a5a82d7<-d7db739d-8a5f-427c-bc0a-5603ac8ba161#0:FAIL-t1, 22812086-b692-43a0-8348-44721a5a82d7<-37aba10a-6fc0-4836-82ce-0d66a20effe5#0:FAIL-t1] and 0 exception(s); 22812086-b692-43a0-8348-44721a5a82d7@group-9A9DF8BBBB07:t1, leader=null, voted=22812086-b692-43a0-8348-44721a5a82d7, raftlog=22812086-b692-43a0-8348-44721a5a82d7@group-9A9DF8BBBB07-SegmentedRaftLog:OPENED:c-1,f-1,i0, conf=-1: [22812086-b692-43a0-8348-44721a5a82d7:192.168.5.184:33209, d7db739d-8a5f-427c-bc0a-5603ac8ba161:192.168.5.184:39532, 37aba10a-6fc0-4836-82ce-0d66a20effe5:192.168.5.184:35204], old=null
2019-09-16 16:47:14,658 [d7db739d-8a5f-427c-bc0a-5603ac8ba161@group-9A9DF8BBBB07:LeaderElection11] INFO  impl.RaftServerImpl (RaftServerImpl.java:setRole(174)) - d7db739d-8a5f-427c-bc0a-5603ac8ba161@group-9A9DF8BBBB07: changes role from CANDIDATE to FOLLOWER at term 1 for DISCOVERED_A_NEW_TERM
2019-09-16 16:47:14,658 [22812086-b692-43a0-8348-44721a5a82d7@group-9A9DF8BBBB07:LeaderElection12] INFO  impl.RaftServerImpl (RaftServerImpl.java:setRole(174)) - 22812086-b692-43a0-8348-44721a5a82d7@group-9A9DF8BBBB07: changes role from CANDIDATE to FOLLOWER at term 1 for DISCOVERED_A_NEW_TERM
2019-09-16 16:47:14,663 [22812086-b692-43a0-8348-44721a5a82d7@group-9A9DF8BBBB07:LeaderElection12] INFO  impl.RoleInfo (RoleInfo.java:shutdownLeaderElection(134)) - 22812086-b692-43a0-8348-44721a5a82d7: shutdown LeaderElection
2019-09-16 16:47:14,661 [d7db739d-8a5f-427c-bc0a-5603ac8ba161@group-9A9DF8BBBB07:LeaderElection11] INFO  impl.RoleInfo (RoleInfo.java:shutdownLeaderElection(134)) - d7db739d-8a5f-427c-bc0a-5603ac8ba161: shutdown LeaderElection
2019-09-16 16:47:14,663 [22812086-b692-43a0-8348-44721a5a82d7@group-9A9DF8BBBB07:LeaderElection12] INFO  impl.RoleInfo (RoleInfo.java:updateAndGet(143)) - 22812086-b692-43a0-8348-44721a5a82d7: start FollowerState
2019-09-16 16:47:14,665 [d7db739d-8a5f-427c-bc0a-5603ac8ba161@group-9A9DF8BBBB07:LeaderElection11] INFO  impl.RoleInfo (RoleInfo.java:updateAndGet(143)) - d7db739d-8a5f-427c-bc0a-5603ac8ba161: start FollowerState
2019-09-16 16:47:14,675 [37aba10a-6fc0-4836-82ce-0d66a20effe5@group-9A9DF8BBBB07:LeaderElection13] INFO  impl.LeaderElection (LeaderElection.java:logAndReturn(56)) - 37aba10a-6fc0-4836-82ce-0d66a20effe5@group-9A9DF8BBBB07:LeaderElection13: Election REJECTED; received 2 response(s) [37aba10a-6fc0-4836-82ce-0d66a20effe5<-22812086-b692-43a0-8348-44721a5a82d7#0:FAIL-t1, 37aba10a-6fc0-4836-82ce-0d66a20effe5<-d7db739d-8a5f-427c-bc0a-5603ac8ba161#0:FAIL-t1] and 0 exception(s); 37aba10a-6fc0-4836-82ce-0d66a20effe5@group-9A9DF8BBBB07:t1, leader=null, voted=37aba10a-6fc0-4836-82ce-0d66a20effe5, raftlog=37aba10a-6fc0-4836-82ce-0d66a20effe5@group-9A9DF8BBBB07-SegmentedRaftLog:OPENED:c-1,f-1,i0, conf=-1: [22812086-b692-43a0-8348-44721a5a82d7:192.168.5.184:33209, d7db739d-8a5f-427c-bc0a-5603ac8ba161:192.168.5.184:39532, 37aba10a-6fc0-4836-82ce-0d66a20effe5:192.168.5.184:35204], old=null
2019-09-16 16:47:14,675 [37aba10a-6fc0-4836-82ce-0d66a20effe5@group-9A9DF8BBBB07:LeaderElection13] INFO  impl.RaftServerImpl (RaftServerImpl.java:setRole(174)) - 37aba10a-6fc0-4836-82ce-0d66a20effe5@group-9A9DF8BBBB07: changes role from CANDIDATE to FOLLOWER at term 1 for DISCOVERED_A_NEW_TERM
2019-09-16 16:47:14,677 [37aba10a-6fc0-4836-82ce-0d66a20effe5@group-9A9DF8BBBB07:LeaderElection13] INFO  impl.RoleInfo (RoleInfo.java:shutdownLeaderElection(134)) - 37aba10a-6fc0-4836-82ce-0d66a20effe5: shutdown LeaderElection
2019-09-16 16:47:14,677 [37aba10a-6fc0-4836-82ce-0d66a20effe5@group-9A9DF8BBBB07:LeaderElection13] INFO  impl.RoleInfo (RoleInfo.java:updateAndGet(143)) - 37aba10a-6fc0-4836-82ce-0d66a20effe5: start FollowerState
2019-09-16 16:47:14,749 [Thread-350] INFO  impl.FollowerState (FollowerState.java:run(106)) - 31ff8a7c-4ef6-4603-8d7a-5c866c7f5672:group-651FE1B6B3BB changes to CANDIDATE, lastRpcTime:1015, electionTimeout:1015ms
2019-09-16 16:47:14,752 [Thread-350] INFO  impl.RoleInfo (RoleInfo.java:shutdownFollowerState(121)) - 31ff8a7c-4ef6-4603-8d7a-5c866c7f5672: shutdown FollowerState
2019-09-16 16:47:14,753 [Thread-350] INFO  impl.RaftServerImpl (RaftServerImpl.java:setRole(174)) - 31ff8a7c-4ef6-4603-8d7a-5c866c7f5672@group-651FE1B6B3BB: changes role from  FOLLOWER to CANDIDATE at term 0 for changeToCandidate
2019-09-16 16:47:14,753 [Thread-350] INFO  impl.RoleInfo (RoleInfo.java:updateAndGet(143)) - 31ff8a7c-4ef6-4603-8d7a-5c866c7f5672: start LeaderElection
2019-09-16 16:47:14,777 [31ff8a7c-4ef6-4603-8d7a-5c866c7f5672@group-651FE1B6B3BB:LeaderElection14] INFO  impl.LeaderElection (LeaderElection.java:askForVotes(182)) - 31ff8a7c-4ef6-4603-8d7a-5c866c7f5672@group-651FE1B6B3BB:LeaderElection14: begin an election at term 1 for -1: [31ff8a7c-4ef6-4603-8d7a-5c866c7f5672:192.168.5.184:39370, f1ea936a-1aa4-4b4f-a193-5108e1c15289:192.168.5.184:33857, b1d373fd-82f2-45f9-929a-b8d8660dbeb2:192.168.5.184:42789], old=null
2019-09-16 16:47:14,800 [grpc-default-executor-3] INFO  impl.RaftServerImpl (RaftServerImpl.java:setRole(174)) - b1d373fd-82f2-45f9-929a-b8d8660dbeb2@group-651FE1B6B3BB: changes role from  FOLLOWER to FOLLOWER at term 1 for recognizeCandidate:31ff8a7c-4ef6-4603-8d7a-5c866c7f5672
2019-09-16 16:47:14,801 [grpc-default-executor-3] INFO  impl.RoleInfo (RoleInfo.java:shutdownFollowerState(121)) - b1d373fd-82f2-45f9-929a-b8d8660dbeb2: shutdown FollowerState
2019-09-16 16:47:14,803 [grpc-default-executor-0] INFO  impl.RaftServerImpl (RaftServerImpl.java:setRole(174)) - f1ea936a-1aa4-4b4f-a193-5108e1c15289@group-651FE1B6B3BB: changes role from  FOLLOWER to FOLLOWER at term 1 for recognizeCandidate:31ff8a7c-4ef6-4603-8d7a-5c866c7f5672
2019-09-16 16:47:14,804 [grpc-default-executor-3] INFO  impl.RoleInfo (RoleInfo.java:updateAndGet(143)) - b1d373fd-82f2-45f9-929a-b8d8660dbeb2: start FollowerState
2019-09-16 16:47:14,804 [Thread-351] INFO  impl.FollowerState (FollowerState.java:run(115)) - b1d373fd-82f2-45f9-929a-b8d8660dbeb2: FollowerState was interrupted: java.lang.InterruptedException: sleep interrupted
2019-09-16 16:47:14,804 [grpc-default-executor-0] INFO  impl.RoleInfo (RoleInfo.java:shutdownFollowerState(121)) - f1ea936a-1aa4-4b4f-a193-5108e1c15289: shutdown FollowerState
2019-09-16 16:47:14,807 [grpc-default-executor-0] INFO  impl.RoleInfo (RoleInfo.java:updateAndGet(143)) - f1ea936a-1aa4-4b4f-a193-5108e1c15289: start FollowerState
2019-09-16 16:47:14,807 [Thread-348] INFO  impl.FollowerState (FollowerState.java:run(115)) - f1ea936a-1aa4-4b4f-a193-5108e1c15289: FollowerState was interrupted: java.lang.InterruptedException: sleep interrupted
2019-09-16 16:47:14,852 [31ff8a7c-4ef6-4603-8d7a-5c866c7f5672@group-651FE1B6B3BB:LeaderElection14] INFO  impl.LeaderElection (LeaderElection.java:logAndReturn(56)) - 31ff8a7c-4ef6-4603-8d7a-5c866c7f5672@group-651FE1B6B3BB:LeaderElection14: Election PASSED; received 1 response(s) [31ff8a7c-4ef6-4603-8d7a-5c866c7f5672<-b1d373fd-82f2-45f9-929a-b8d8660dbeb2#0:OK-t1] and 0 exception(s); 31ff8a7c-4ef6-4603-8d7a-5c866c7f5672@group-651FE1B6B3BB:t1, leader=null, voted=31ff8a7c-4ef6-4603-8d7a-5c866c7f5672, raftlog=31ff8a7c-4ef6-4603-8d7a-5c866c7f5672@group-651FE1B6B3BB-SegmentedRaftLog:OPENED:c-1,f-1,i0, conf=-1: [31ff8a7c-4ef6-4603-8d7a-5c866c7f5672:192.168.5.184:39370, f1ea936a-1aa4-4b4f-a193-5108e1c15289:192.168.5.184:33857, b1d373fd-82f2-45f9-929a-b8d8660dbeb2:192.168.5.184:42789], old=null
2019-09-16 16:47:14,852 [31ff8a7c-4ef6-4603-8d7a-5c866c7f5672@group-651FE1B6B3BB:LeaderElection14] INFO  impl.RoleInfo (RoleInfo.java:shutdownLeaderElection(134)) - 31ff8a7c-4ef6-4603-8d7a-5c866c7f5672: shutdown LeaderElection
2019-09-16 16:47:14,857 [31ff8a7c-4ef6-4603-8d7a-5c866c7f5672@group-651FE1B6B3BB:LeaderElection14] INFO  impl.RaftServerImpl (RaftServerImpl.java:setRole(174)) - 31ff8a7c-4ef6-4603-8d7a-5c866c7f5672@group-651FE1B6B3BB: changes role from CANDIDATE to LEADER at term 1 for changeToLeader
2019-09-16 16:47:14,858 [31ff8a7c-4ef6-4603-8d7a-5c866c7f5672@group-651FE1B6B3BB:LeaderElection14] INFO  impl.RaftServerImpl (ServerState.java:setLeader(253)) - 31ff8a7c-4ef6-4603-8d7a-5c866c7f5672@group-651FE1B6B3BB: change Leader from null to 31ff8a7c-4ef6-4603-8d7a-5c866c7f5672 at term 1 for becomeLeader, leader elected after 1138ms
2019-09-16 16:47:14,858 [31ff8a7c-4ef6-4603-8d7a-5c866c7f5672@group-651FE1B6B3BB:LeaderElection14] INFO  server.RaftServerConfigKeys (ConfUtils.java:logGet(43)) - raft.server.staging.catchup.gap = 1000 (default)
2019-09-16 16:47:14,858 [31ff8a7c-4ef6-4603-8d7a-5c866c7f5672@group-651FE1B6B3BB:LeaderElection14] INFO  server.RaftServerConfigKeys (ConfUtils.java:logGet(43)) - raft.server.rpc.sleep.time = 25ms (default)
2019-09-16 16:47:14,858 [31ff8a7c-4ef6-4603-8d7a-5c866c7f5672@group-651FE1B6B3BB:LeaderElection14] INFO  server.RaftServerConfigKeys (ConfUtils.java:logGet(43)) - raft.server.write.element-limit = 4096 (default)
2019-09-16 16:47:14,859 [31ff8a7c-4ef6-4603-8d7a-5c866c7f5672@group-651FE1B6B3BB:LeaderElection14] INFO  server.RaftServerConfigKeys (ConfUtils.java:logGet(43)) - raft.server.watch.timeout = 10s (default)
2019-09-16 16:47:14,859 [31ff8a7c-4ef6-4603-8d7a-5c866c7f5672@group-651FE1B6B3BB:LeaderElection14] INFO  server.RaftServerConfigKeys (ConfUtils.java:logGet(43)) - raft.server.watch.timeout.denomination = 1s (default)
2019-09-16 16:47:14,859 [31ff8a7c-4ef6-4603-8d7a-5c866c7f5672@group-651FE1B6B3BB:LeaderElection14] INFO  server.RaftServerConfigKeys (ConfUtils.java:logGet(43)) - raft.server.watch.element-limit = 65536 (default)
2019-09-16 16:47:14,866 [31ff8a7c-4ef6-4603-8d7a-5c866c7f5672@group-651FE1B6B3BB:LeaderElection14] INFO  server.RaftServerConfigKeys (ConfUtils.java:logGet(43)) - raft.server.log.appender.snapshot.chunk.size.max = 16MB (=16777216) (default)
2019-09-16 16:47:14,866 [31ff8a7c-4ef6-4603-8d7a-5c866c7f5672@group-651FE1B6B3BB:LeaderElection14] INFO  server.RaftServerConfigKeys (ConfUtils.java:logGet(43)) - raft.server.log.appender.buffer.byte-limit = 33554432 (custom)
2019-09-16 16:47:14,867 [31ff8a7c-4ef6-4603-8d7a-5c866c7f5672@group-651FE1B6B3BB:LeaderElection14] INFO  server.RaftServerConfigKeys (ConfUtils.java:logGet(43)) - raft.server.log.appender.buffer.element-limit = 1 (custom)
2019-09-16 16:47:14,872 [31ff8a7c-4ef6-4603-8d7a-5c866c7f5672@group-651FE1B6B3BB:LeaderElection14] INFO  grpc.GrpcConfigKeys$Server (ConfUtils.java:logGet(43)) - raft.grpc.server.leader.outstanding.appends.max = 128 (default)
2019-09-16 16:47:14,883 [31ff8a7c-4ef6-4603-8d7a-5c866c7f5672@group-651FE1B6B3BB:LeaderElection14] INFO  server.RaftServerConfigKeys (ConfUtils.java:logGet(43)) - raft.server.rpc.request.timeout = 3000ms (default)
2019-09-16 16:47:14,883 [31ff8a7c-4ef6-4603-8d7a-5c866c7f5672@group-651FE1B6B3BB:LeaderElection14] INFO  server.RaftServerConfigKeys (ConfUtils.java:logGet(43)) - raft.server.log.appender.install.snapshot.enabled = false (custom)
2019-09-16 16:47:14,885 [31ff8a7c-4ef6-4603-8d7a-5c866c7f5672@group-651FE1B6B3BB:LeaderElection14] INFO  server.RaftServerConfigKeys (ConfUtils.java:logGet(43)) - raft.server.log.appender.snapshot.chunk.size.max = 16MB (=16777216) (default)
2019-09-16 16:47:14,885 [31ff8a7c-4ef6-4603-8d7a-5c866c7f5672@group-651FE1B6B3BB:LeaderElection14] INFO  server.RaftServerConfigKeys (ConfUtils.java:logGet(43)) - raft.server.log.appender.buffer.byte-limit = 33554432 (custom)
2019-09-16 16:47:14,885 [31ff8a7c-4ef6-4603-8d7a-5c866c7f5672@group-651FE1B6B3BB:LeaderElection14] INFO  server.RaftServerConfigKeys (ConfUtils.java:logGet(43)) - raft.server.log.appender.buffer.element-limit = 1 (custom)
2019-09-16 16:47:14,885 [31ff8a7c-4ef6-4603-8d7a-5c866c7f5672@group-651FE1B6B3BB:LeaderElection14] INFO  grpc.GrpcConfigKeys$Server (ConfUtils.java:logGet(43)) - raft.grpc.server.leader.outstanding.appends.max = 128 (default)
2019-09-16 16:47:14,886 [31ff8a7c-4ef6-4603-8d7a-5c866c7f5672@group-651FE1B6B3BB:LeaderElection14] INFO  server.RaftServerConfigKeys (ConfUtils.java:logGet(43)) - raft.server.rpc.request.timeout = 3000ms (default)
2019-09-16 16:47:14,886 [31ff8a7c-4ef6-4603-8d7a-5c866c7f5672@group-651FE1B6B3BB:LeaderElection14] INFO  server.RaftServerConfigKeys (ConfUtils.java:logGet(43)) - raft.server.log.appender.install.snapshot.enabled = false (custom)
2019-09-16 16:47:14,888 [31ff8a7c-4ef6-4603-8d7a-5c866c7f5672@group-651FE1B6B3BB:LeaderElection14] INFO  impl.RoleInfo (RoleInfo.java:updateAndGet(143)) - 31ff8a7c-4ef6-4603-8d7a-5c866c7f5672: start LeaderState
2019-09-16 16:47:14,888 [31ff8a7c-4ef6-4603-8d7a-5c866c7f5672@group-651FE1B6B3BB:LeaderElection14] INFO  segmented.SegmentedRaftLogWorker (SegmentedRaftLogWorker.java:startLogSegment(380)) - 31ff8a7c-4ef6-4603-8d7a-5c866c7f5672@group-651FE1B6B3BB-SegmentedRaftLogWorker: Starting segment from index:0
2019-09-16 16:47:14,890 [31ff8a7c-4ef6-4603-8d7a-5c866c7f5672@group-651FE1B6B3BB:LeaderElection14] INFO  impl.RaftServerImpl (ServerState.java:setRaftConf(354)) - 31ff8a7c-4ef6-4603-8d7a-5c866c7f5672@group-651FE1B6B3BB: set configuration 0: [31ff8a7c-4ef6-4603-8d7a-5c866c7f5672:192.168.5.184:39370, f1ea936a-1aa4-4b4f-a193-5108e1c15289:192.168.5.184:33857, b1d373fd-82f2-45f9-929a-b8d8660dbeb2:192.168.5.184:42789], old=null at 0
2019-09-16 16:47:14,930 [Thread-357] INFO  impl.FollowerState (FollowerState.java:run(106)) - 6044b653-4ba3-462e-b1d8-fff4097cca63:group-276A6773F05B changes to CANDIDATE, lastRpcTime:1090, electionTimeout:1055ms
2019-09-16 16:47:14,934 [Thread-357] INFO  impl.RoleInfo (RoleInfo.java:shutdownFollowerState(121)) - 6044b653-4ba3-462e-b1d8-fff4097cca63: shutdown FollowerState
2019-09-16 16:47:14,934 [Thread-357] INFO  impl.RaftServerImpl (RaftServerImpl.java:setRole(174)) - 6044b653-4ba3-462e-b1d8-fff4097cca63@group-276A6773F05B: changes role from  FOLLOWER to CANDIDATE at term 0 for changeToCandidate
2019-09-16 16:47:14,934 [Thread-357] INFO  impl.RoleInfo (RoleInfo.java:updateAndGet(143)) - 6044b653-4ba3-462e-b1d8-fff4097cca63: start LeaderElection
2019-09-16 16:47:14,958 [31ff8a7c-4ef6-4603-8d7a-5c866c7f5672@group-651FE1B6B3BB-SegmentedRaftLogWorker] INFO  segmented.SegmentedRaftLogWorker (SegmentedRaftLogWorker.java:execute(569)) - 31ff8a7c-4ef6-4603-8d7a-5c866c7f5672@group-651FE1B6B3BB-SegmentedRaftLogWorker: created new log segment /workdir/hadoop-ozone/integration-test/target/test-dir/MiniOzoneClusterImpl-2814d36b-6019-42fc-a66f-ece8bfc5d7d4/datanode-8/data/ratis/43d64965-e11f-473d-8ea4-651fe1b6b3bb/current/log_inprogress_0
2019-09-16 16:47:14,980 [grpc-default-executor-0] INFO  impl.RaftServerImpl (ServerState.java:setLeader(253)) - f1ea936a-1aa4-4b4f-a193-5108e1c15289@group-651FE1B6B3BB: change Leader from null to 31ff8a7c-4ef6-4603-8d7a-5c866c7f5672 at term 1 for appendEntries, leader elected after 1261ms
2019-09-16 16:47:14,980 [grpc-default-executor-3] INFO  impl.RaftServerImpl (ServerState.java:setLeader(253)) - b1d373fd-82f2-45f9-929a-b8d8660dbeb2@group-651FE1B6B3BB: change Leader from null to 31ff8a7c-4ef6-4603-8d7a-5c866c7f5672 at term 1 for appendEntries, leader elected after 1260ms
2019-09-16 16:47:14,984 [6044b653-4ba3-462e-b1d8-fff4097cca63@group-276A6773F05B:LeaderElection15] INFO  impl.LeaderElection (LeaderElection.java:askForVotes(182)) - 6044b653-4ba3-462e-b1d8-fff4097cca63@group-276A6773F05B:LeaderElection15: begin an election at term 1 for -1: [6044b653-4ba3-462e-b1d8-fff4097cca63:192.168.5.184:43507, 211683d0-e7e4-43b3-9a19-c932c2e3e607:192.168.5.184:38618, 44446946-e2df-49b4-a08f-7c38e08da8da:192.168.5.184:45592], old=null
2019-09-16 16:47:15,008 [Thread-360] INFO  impl.FollowerState (FollowerState.java:run(106)) - 211683d0-e7e4-43b3-9a19-c932c2e3e607:group-276A6773F05B changes to CANDIDATE, lastRpcTime:1156, electionTimeout:1154ms
2019-09-16 16:47:15,008 [Thread-360] INFO  impl.RoleInfo (RoleInfo.java:shutdownFollowerState(121)) - 211683d0-e7e4-43b3-9a19-c932c2e3e607: shutdown FollowerState
2019-09-16 16:47:15,009 [Thread-360] INFO  impl.RaftServerImpl (RaftServerImpl.java:setRole(174)) - 211683d0-e7e4-43b3-9a19-c932c2e3e607@group-276A6773F05B: changes role from  FOLLOWER to CANDIDATE at term 0 for changeToCandidate
2019-09-16 16:47:15,011 [Thread-359] INFO  impl.FollowerState (FollowerState.java:run(106)) - 44446946-e2df-49b4-a08f-7c38e08da8da:group-276A6773F05B changes to CANDIDATE, lastRpcTime:1159, electionTimeout:1158ms
2019-09-16 16:47:15,013 [Thread-359] INFO  impl.RoleInfo (RoleInfo.java:shutdownFollowerState(121)) - 44446946-e2df-49b4-a08f-7c38e08da8da: shutdown FollowerState
2019-09-16 16:47:15,013 [Thread-359] INFO  impl.RaftServerImpl (RaftServerImpl.java:setRole(174)) - 44446946-e2df-49b4-a08f-7c38e08da8da@group-276A6773F05B: changes role from  FOLLOWER to CANDIDATE at term 0 for changeToCandidate
2019-09-16 16:47:15,013 [Thread-360] INFO  impl.RoleInfo (RoleInfo.java:updateAndGet(143)) - 211683d0-e7e4-43b3-9a19-c932c2e3e607: start LeaderElection
2019-09-16 16:47:15,013 [Thread-359] INFO  impl.RoleInfo (RoleInfo.java:updateAndGet(143)) - 44446946-e2df-49b4-a08f-7c38e08da8da: start LeaderElection
2019-09-16 16:47:15,016 [grpc-default-executor-2] INFO  impl.RaftServerImpl (RaftServerImpl.java:setRole(174)) - 211683d0-e7e4-43b3-9a19-c932c2e3e607@group-276A6773F05B: changes role from CANDIDATE to FOLLOWER at term 1 for recognizeCandidate:6044b653-4ba3-462e-b1d8-fff4097cca63
2019-09-16 16:47:15,020 [grpc-default-executor-1] INFO  impl.RaftServerImpl (RaftServerImpl.java:setRole(174)) - 44446946-e2df-49b4-a08f-7c38e08da8da@group-276A6773F05B: changes role from CANDIDATE to FOLLOWER at term 1 for recognizeCandidate:6044b653-4ba3-462e-b1d8-fff4097cca63
2019-09-16 16:47:15,020 [grpc-default-executor-1] INFO  impl.RoleInfo (RoleInfo.java:shutdownLeaderElection(134)) - 44446946-e2df-49b4-a08f-7c38e08da8da: shutdown LeaderElection
2019-09-16 16:47:15,020 [grpc-default-executor-2] INFO  impl.RoleInfo (RoleInfo.java:shutdownLeaderElection(134)) - 211683d0-e7e4-43b3-9a19-c932c2e3e607: shutdown LeaderElection
2019-09-16 16:47:15,022 [grpc-default-executor-1] INFO  impl.RoleInfo (RoleInfo.java:updateAndGet(143)) - 44446946-e2df-49b4-a08f-7c38e08da8da: start FollowerState
2019-09-16 16:47:15,023 [grpc-default-executor-2] INFO  impl.RoleInfo (RoleInfo.java:updateAndGet(143)) - 211683d0-e7e4-43b3-9a19-c932c2e3e607: start FollowerState
2019-09-16 16:47:15,040 [grpc-default-executor-0] INFO  impl.RaftServerImpl (ServerState.java:setRaftConf(354)) - b1d373fd-82f2-45f9-929a-b8d8660dbeb2@group-651FE1B6B3BB: set configuration 0: [31ff8a7c-4ef6-4603-8d7a-5c866c7f5672:192.168.5.184:39370, f1ea936a-1aa4-4b4f-a193-5108e1c15289:192.168.5.184:33857, b1d373fd-82f2-45f9-929a-b8d8660dbeb2:192.168.5.184:42789], old=null at 0
2019-09-16 16:47:15,040 [grpc-default-executor-3] INFO  impl.RaftServerImpl (ServerState.java:setRaftConf(354)) - f1ea936a-1aa4-4b4f-a193-5108e1c15289@group-651FE1B6B3BB: set configuration 0: [31ff8a7c-4ef6-4603-8d7a-5c866c7f5672:192.168.5.184:39370, f1ea936a-1aa4-4b4f-a193-5108e1c15289:192.168.5.184:33857, b1d373fd-82f2-45f9-929a-b8d8660dbeb2:192.168.5.184:42789], old=null at 0
2019-09-16 16:47:15,040 [grpc-default-executor-0] INFO  segmented.SegmentedRaftLogWorker (SegmentedRaftLogWorker.java:startLogSegment(380)) - b1d373fd-82f2-45f9-929a-b8d8660dbeb2@group-651FE1B6B3BB-SegmentedRaftLogWorker: Starting segment from index:0
2019-09-16 16:47:15,040 [grpc-default-executor-3] INFO  segmented.SegmentedRaftLogWorker (SegmentedRaftLogWorker.java:startLogSegment(380)) - f1ea936a-1aa4-4b4f-a193-5108e1c15289@group-651FE1B6B3BB-SegmentedRaftLogWorker: Starting segment from index:0
2019-09-16 16:47:15,083 [44446946-e2df-49b4-a08f-7c38e08da8da@group-276A6773F05B:LeaderElection17] INFO  impl.LeaderElection (LeaderElection.java:askForVotes(182)) - 44446946-e2df-49b4-a08f-7c38e08da8da@group-276A6773F05B:LeaderElection17: begin an election at term 2 for -1: [6044b653-4ba3-462e-b1d8-fff4097cca63:192.168.5.184:43507, 211683d0-e7e4-43b3-9a19-c932c2e3e607:192.168.5.184:38618, 44446946-e2df-49b4-a08f-7c38e08da8da:192.168.5.184:45592], old=null
2019-09-16 16:47:15,083 [211683d0-e7e4-43b3-9a19-c932c2e3e607@group-276A6773F05B:LeaderElection16] INFO  impl.LeaderElection (LeaderElection.java:askForVotes(182)) - 211683d0-e7e4-43b3-9a19-c932c2e3e607@group-276A6773F05B:LeaderElection16: begin an election at term 2 for -1: [6044b653-4ba3-462e-b1d8-fff4097cca63:192.168.5.184:43507, 211683d0-e7e4-43b3-9a19-c932c2e3e607:192.168.5.184:38618, 44446946-e2df-49b4-a08f-7c38e08da8da:192.168.5.184:45592], old=null
2019-09-16 16:47:15,085 [6044b653-4ba3-462e-b1d8-fff4097cca63@group-276A6773F05B:LeaderElection15] INFO  impl.LeaderElection (LeaderElection.java:logAndReturn(56)) - 6044b653-4ba3-462e-b1d8-fff4097cca63@group-276A6773F05B:LeaderElection15: Election REJECTED; received 2 response(s) [6044b653-4ba3-462e-b1d8-fff4097cca63<-211683d0-e7e4-43b3-9a19-c932c2e3e607#0:FAIL-t1, 6044b653-4ba3-462e-b1d8-fff4097cca63<-44446946-e2df-49b4-a08f-7c38e08da8da#0:FAIL-t1] and 0 exception(s); 6044b653-4ba3-462e-b1d8-fff4097cca63@group-276A6773F05B:t1, leader=null, voted=6044b653-4ba3-462e-b1d8-fff4097cca63, raftlog=6044b653-4ba3-462e-b1d8-fff4097cca63@group-276A6773F05B-SegmentedRaftLog:OPENED:c-1,f-1,i0, conf=-1: [6044b653-4ba3-462e-b1d8-fff4097cca63:192.168.5.184:43507, 211683d0-e7e4-43b3-9a19-c932c2e3e607:192.168.5.184:38618, 44446946-e2df-49b4-a08f-7c38e08da8da:192.168.5.184:45592], old=null
2019-09-16 16:47:15,085 [211683d0-e7e4-43b3-9a19-c932c2e3e607@group-276A6773F05B:LeaderElection16] INFO  impl.LeaderElection (LeaderElection.java:logAndReturn(56)) - 211683d0-e7e4-43b3-9a19-c932c2e3e607@group-276A6773F05B:LeaderElection16: Election REJECTED; received 0 response(s) [] and 0 exception(s); 211683d0-e7e4-43b3-9a19-c932c2e3e607@group-276A6773F05B:t2, leader=null, voted=211683d0-e7e4-43b3-9a19-c932c2e3e607, raftlog=211683d0-e7e4-43b3-9a19-c932c2e3e607@group-276A6773F05B-SegmentedRaftLog:OPENED:c-1,f-1,i0, conf=-1: [6044b653-4ba3-462e-b1d8-fff4097cca63:192.168.5.184:43507, 211683d0-e7e4-43b3-9a19-c932c2e3e607:192.168.5.184:38618, 44446946-e2df-49b4-a08f-7c38e08da8da:192.168.5.184:45592], old=null
2019-09-16 16:47:15,085 [44446946-e2df-49b4-a08f-7c38e08da8da@group-276A6773F05B:LeaderElection17] INFO  impl.LeaderElection (LeaderElection.java:logAndReturn(56)) - 44446946-e2df-49b4-a08f-7c38e08da8da@group-276A6773F05B:LeaderElection17: Election REJECTED; received 0 response(s) [] and 0 exception(s); 44446946-e2df-49b4-a08f-7c38e08da8da@group-276A6773F05B:t2, leader=null, voted=44446946-e2df-49b4-a08f-7c38e08da8da, raftlog=44446946-e2df-49b4-a08f-7c38e08da8da@group-276A6773F05B-SegmentedRaftLog:OPENED:c-1,f-1,i0, conf=-1: [6044b653-4ba3-462e-b1d8-fff4097cca63:192.168.5.184:43507, 211683d0-e7e4-43b3-9a19-c932c2e3e607:192.168.5.184:38618, 44446946-e2df-49b4-a08f-7c38e08da8da:192.168.5.184:45592], old=null
2019-09-16 16:47:15,085 [6044b653-4ba3-462e-b1d8-fff4097cca63@group-276A6773F05B:LeaderElection15] INFO  impl.RaftServerImpl (RaftServerImpl.java:setRole(174)) - 6044b653-4ba3-462e-b1d8-fff4097cca63@group-276A6773F05B: changes role from CANDIDATE to FOLLOWER at term 1 for DISCOVERED_A_NEW_TERM
2019-09-16 16:47:15,093 [6044b653-4ba3-462e-b1d8-fff4097cca63@group-276A6773F05B:LeaderElection15] INFO  impl.RoleInfo (RoleInfo.java:shutdownLeaderElection(134)) - 6044b653-4ba3-462e-b1d8-fff4097cca63: shutdown LeaderElection
2019-09-16 16:47:15,095 [6044b653-4ba3-462e-b1d8-fff4097cca63@group-276A6773F05B:LeaderElection15] INFO  impl.RoleInfo (RoleInfo.java:updateAndGet(143)) - 6044b653-4ba3-462e-b1d8-fff4097cca63: start FollowerState
2019-09-16 16:47:15,102 [f1ea936a-1aa4-4b4f-a193-5108e1c15289@group-651FE1B6B3BB-SegmentedRaftLogWorker] INFO  segmented.SegmentedRaftLogWorker (SegmentedRaftLogWorker.java:execute(569)) - f1ea936a-1aa4-4b4f-a193-5108e1c15289@group-651FE1B6B3BB-SegmentedRaftLogWorker: created new log segment /workdir/hadoop-ozone/integration-test/target/test-dir/MiniOzoneClusterImpl-2814d36b-6019-42fc-a66f-ece8bfc5d7d4/datanode-3/data/ratis/43d64965-e11f-473d-8ea4-651fe1b6b3bb/current/log_inprogress_0
2019-09-16 16:47:15,102 [b1d373fd-82f2-45f9-929a-b8d8660dbeb2@group-651FE1B6B3BB-SegmentedRaftLogWorker] INFO  segmented.SegmentedRaftLogWorker (SegmentedRaftLogWorker.java:execute(569)) - b1d373fd-82f2-45f9-929a-b8d8660dbeb2@group-651FE1B6B3BB-SegmentedRaftLogWorker: created new log segment /workdir/hadoop-ozone/integration-test/target/test-dir/MiniOzoneClusterImpl-2814d36b-6019-42fc-a66f-ece8bfc5d7d4/datanode-4/data/ratis/43d64965-e11f-473d-8ea4-651fe1b6b3bb/current/log_inprogress_0
2019-09-16 16:47:15,111 [grpc-default-executor-3] INFO  impl.RaftServerImpl (RaftServerImpl.java:setRole(174)) - 6044b653-4ba3-462e-b1d8-fff4097cca63@group-276A6773F05B: changes role from  FOLLOWER to FOLLOWER at term 2 for recognizeCandidate:211683d0-e7e4-43b3-9a19-c932c2e3e607
2019-09-16 16:47:15,114 [grpc-default-executor-3] INFO  impl.RoleInfo (RoleInfo.java:shutdownFollowerState(121)) - 6044b653-4ba3-462e-b1d8-fff4097cca63: shutdown FollowerState
2019-09-16 16:47:15,114 [grpc-default-executor-3] INFO  impl.RoleInfo (RoleInfo.java:updateAndGet(143)) - 6044b653-4ba3-462e-b1d8-fff4097cca63: start FollowerState
2019-09-16 16:47:15,114 [Thread-403] INFO  impl.FollowerState (FollowerState.java:run(115)) - 6044b653-4ba3-462e-b1d8-fff4097cca63: FollowerState was interrupted: java.lang.InterruptedException: sleep interrupted
2019-09-16 16:47:15,312 [grpc-default-executor-3] INFO  client.GrpcClientProtocolClient (GrpcClientProtocolClient.java:onNext(264)) - client-AC4080E834B7->b1d373fd-82f2-45f9-929a-b8d8660dbeb2: receive RaftClientReply:client-AC4080E834B7->b1d373fd-82f2-45f9-929a-b8d8660dbeb2@group-651FE1B6B3BB, cid=19, FAILED org.apache.ratis.protocol.NotLeaderException: Server b1d373fd-82f2-45f9-929a-b8d8660dbeb2@group-651FE1B6B3BB is not the leader 31ff8a7c-4ef6-4603-8d7a-5c866c7f5672:192.168.5.184:39370, logIndex=0, commits[b1d373fd-82f2-45f9-929a-b8d8660dbeb2:c0, 31ff8a7c-4ef6-4603-8d7a-5c866c7f5672:c0, f1ea936a-1aa4-4b4f-a193-5108e1c15289:c-1]
2019-09-16 16:47:15,715 [Thread-378] INFO  impl.FollowerState (FollowerState.java:run(106)) - d7db739d-8a5f-427c-bc0a-5603ac8ba161:group-9A9DF8BBBB07 changes to CANDIDATE, lastRpcTime:1050, electionTimeout:1046ms
2019-09-16 16:47:15,715 [Thread-378] INFO  impl.RoleInfo (RoleInfo.java:shutdownFollowerState(121)) - d7db739d-8a5f-427c-bc0a-5603ac8ba161: shutdown FollowerState
2019-09-16 16:47:15,716 [Thread-378] INFO  impl.RaftServerImpl (RaftServerImpl.java:setRole(174)) - d7db739d-8a5f-427c-bc0a-5603ac8ba161@group-9A9DF8BBBB07: changes role from  FOLLOWER to CANDIDATE at term 1 for changeToCandidate
2019-09-16 16:47:15,716 [Thread-378] INFO  impl.RoleInfo (RoleInfo.java:updateAndGet(143)) - d7db739d-8a5f-427c-bc0a-5603ac8ba161: start LeaderElection
2019-09-16 16:47:15,739 [grpc-default-executor-0] INFO  client.GrpcClientProtocolClient (GrpcClientProtocolClient.java:onNext(264)) - client-AC4080E834B7->31ff8a7c-4ef6-4603-8d7a-5c866c7f5672: receive RaftClientReply:client-AC4080E834B7->31ff8a7c-4ef6-4603-8d7a-5c866c7f5672@group-651FE1B6B3BB, cid=19, SUCCESS, logIndex=1, commits[31ff8a7c-4ef6-4603-8d7a-5c866c7f5672:c1, f1ea936a-1aa4-4b4f-a193-5108e1c15289:c0, b1d373fd-82f2-45f9-929a-b8d8660dbeb2:c0]
2019-09-16 16:47:15,749 [d7db739d-8a5f-427c-bc0a-5603ac8ba161@group-9A9DF8BBBB07:LeaderElection18] INFO  impl.LeaderElection (LeaderElection.java:askForVotes(182)) - d7db739d-8a5f-427c-bc0a-5603ac8ba161@group-9A9DF8BBBB07:LeaderElection18: begin an election at term 2 for -1: [22812086-b692-43a0-8348-44721a5a82d7:192.168.5.184:33209, d7db739d-8a5f-427c-bc0a-5603ac8ba161:192.168.5.184:39532, 37aba10a-6fc0-4836-82ce-0d66a20effe5:192.168.5.184:35204], old=null
2019-09-16 16:47:15,761 [grpc-default-executor-3] INFO  impl.RaftServerImpl (RaftServerImpl.java:setRole(174)) - 37aba10a-6fc0-4836-82ce-0d66a20effe5@group-9A9DF8BBBB07: changes role from  FOLLOWER to FOLLOWER at term 2 for recognizeCandidate:d7db739d-8a5f-427c-bc0a-5603ac8ba161
2019-09-16 16:47:15,761 [grpc-default-executor-1] INFO  impl.RaftServerImpl (RaftServerImpl.java:setRole(174)) - 22812086-b692-43a0-8348-44721a5a82d7@group-9A9DF8BBBB07: changes role from  FOLLOWER to FOLLOWER at term 2 for recognizeCandidate:d7db739d-8a5f-427c-bc0a-5603ac8ba161
2019-09-16 16:47:15,761 [grpc-default-executor-3] INFO  impl.RoleInfo (RoleInfo.java:shutdownFollowerState(121)) - 37aba10a-6fc0-4836-82ce-0d66a20effe5: shutdown FollowerState
2019-09-16 16:47:15,761 [grpc-default-executor-1] INFO  impl.RoleInfo (RoleInfo.java:shutdownFollowerState(121)) - 22812086-b692-43a0-8348-44721a5a82d7: shutdown FollowerState
2019-09-16 16:47:15,762 [Thread-379] INFO  impl.FollowerState (FollowerState.java:run(115)) - 37aba10a-6fc0-4836-82ce-0d66a20effe5: FollowerState was interrupted: java.lang.InterruptedException: sleep interrupted
2019-09-16 16:47:15,762 [Thread-377] INFO  impl.FollowerState (FollowerState.java:run(115)) - 22812086-b692-43a0-8348-44721a5a82d7: FollowerState was interrupted: java.lang.InterruptedException: sleep interrupted
2019-09-16 16:47:15,762 [grpc-default-executor-3] INFO  impl.RoleInfo (RoleInfo.java:updateAndGet(143)) - 37aba10a-6fc0-4836-82ce-0d66a20effe5: start FollowerState
2019-09-16 16:47:15,762 [grpc-default-executor-1] INFO  impl.RoleInfo (RoleInfo.java:updateAndGet(143)) - 22812086-b692-43a0-8348-44721a5a82d7: start FollowerState
2019-09-16 16:47:15,802 [d7db739d-8a5f-427c-bc0a-5603ac8ba161@group-9A9DF8BBBB07:LeaderElection18] INFO  impl.LeaderElection (LeaderElection.java:logAndReturn(56)) - d7db739d-8a5f-427c-bc0a-5603ac8ba161@group-9A9DF8BBBB07:LeaderElection18: Election PASSED; received 1 response(s) [d7db739d-8a5f-427c-bc0a-5603ac8ba161<-22812086-b692-43a0-8348-44721a5a82d7#0:OK-t2] and 0 exception(s); d7db739d-8a5f-427c-bc0a-5603ac8ba161@group-9A9DF8BBBB07:t2, leader=null, voted=d7db739d-8a5f-427c-bc0a-5603ac8ba161, raftlog=d7db739d-8a5f-427c-bc0a-5603ac8ba161@group-9A9DF8BBBB07-SegmentedRaftLog:OPENED:c-1,f-1,i0, conf=-1: [22812086-b692-43a0-8348-44721a5a82d7:192.168.5.184:33209, d7db739d-8a5f-427c-bc0a-5603ac8ba161:192.168.5.184:39532, 37aba10a-6fc0-4836-82ce-0d66a20effe5:192.168.5.184:35204], old=null
2019-09-16 16:47:15,802 [d7db739d-8a5f-427c-bc0a-5603ac8ba161@group-9A9DF8BBBB07:LeaderElection18] INFO  impl.RoleInfo (RoleInfo.java:shutdownLeaderElection(134)) - d7db739d-8a5f-427c-bc0a-5603ac8ba161: shutdown LeaderElection
2019-09-16 16:47:15,809 [d7db739d-8a5f-427c-bc0a-5603ac8ba161@group-9A9DF8BBBB07:LeaderElection18] INFO  impl.RaftServerImpl (RaftServerImpl.java:setRole(174)) - d7db739d-8a5f-427c-bc0a-5603ac8ba161@group-9A9DF8BBBB07: changes role from CANDIDATE to LEADER at term 2 for changeToLeader
2019-09-16 16:47:15,809 [d7db739d-8a5f-427c-bc0a-5603ac8ba161@group-9A9DF8BBBB07:LeaderElection18] INFO  impl.RaftServerImpl (ServerState.java:setLeader(253)) - d7db739d-8a5f-427c-bc0a-5603ac8ba161@group-9A9DF8BBBB07: change Leader from null to d7db739d-8a5f-427c-bc0a-5603ac8ba161 at term 2 for becomeLeader, leader elected after 2749ms
2019-09-16 16:47:15,809 [d7db739d-8a5f-427c-bc0a-5603ac8ba161@group-9A9DF8BBBB07:LeaderElection18] INFO  server.RaftServerConfigKeys (ConfUtils.java:logGet(43)) - raft.server.staging.catchup.gap = 1000 (default)
2019-09-16 16:47:15,809 [d7db739d-8a5f-427c-bc0a-5603ac8ba161@group-9A9DF8BBBB07:LeaderElection18] INFO  server.RaftServerConfigKeys (ConfUtils.java:logGet(43)) - raft.server.rpc.sleep.time = 25ms (default)
2019-09-16 16:47:15,810 [d7db739d-8a5f-427c-bc0a-5603ac8ba161@group-9A9DF8BBBB07:LeaderElection18] INFO  server.RaftServerConfigKeys (ConfUtils.java:logGet(43)) - raft.server.write.element-limit = 4096 (default)
2019-09-16 16:47:15,810 [d7db739d-8a5f-427c-bc0a-5603ac8ba161@group-9A9DF8BBBB07:LeaderElection18] INFO  server.RaftServerConfigKeys (ConfUtils.java:logGet(43)) - raft.server.watch.timeout = 10s (default)
2019-09-16 16:47:15,810 [d7db739d-8a5f-427c-bc0a-5603ac8ba161@group-9A9DF8BBBB07:LeaderElection18] INFO  server.RaftServerConfigKeys (ConfUtils.java:logGet(43)) - raft.server.watch.timeout.denomination = 1s (default)
2019-09-16 16:47:15,810 [d7db739d-8a5f-427c-bc0a-5603ac8ba161@group-9A9DF8BBBB07:LeaderElection18] INFO  server.RaftServerConfigKeys (ConfUtils.java:logGet(43)) - raft.server.watch.element-limit = 65536 (default)
2019-09-16 16:47:15,814 [d7db739d-8a5f-427c-bc0a-5603ac8ba161@group-9A9DF8BBBB07:LeaderElection18] INFO  server.RaftServerConfigKeys (ConfUtils.java:logGet(43)) - raft.server.log.appender.snapshot.chunk.size.max = 16MB (=16777216) (default)
2019-09-16 16:47:15,814 [d7db739d-8a5f-427c-bc0a-5603ac8ba161@group-9A9DF8BBBB07:LeaderElection18] INFO  server.RaftServerConfigKeys (ConfUtils.java:logGet(43)) - raft.server.log.appender.buffer.byte-limit = 33554432 (custom)
2019-09-16 16:47:15,814 [d7db739d-8a5f-427c-bc0a-5603ac8ba161@group-9A9DF8BBBB07:LeaderElection18] INFO  server.RaftServerConfigKeys (ConfUtils.java:logGet(43)) - raft.server.log.appender.buffer.element-limit = 1 (custom)
2019-09-16 16:47:15,814 [d7db739d-8a5f-427c-bc0a-5603ac8ba161@group-9A9DF8BBBB07:LeaderElection18] INFO  grpc.GrpcConfigKeys$Server (ConfUtils.java:logGet(43)) - raft.grpc.server.leader.outstanding.appends.max = 128 (default)
2019-09-16 16:47:15,818 [d7db739d-8a5f-427c-bc0a-5603ac8ba161@group-9A9DF8BBBB07:LeaderElection18] INFO  server.RaftServerConfigKeys (ConfUtils.java:logGet(43)) - raft.server.rpc.request.timeout = 3000ms (default)
2019-09-16 16:47:15,818 [d7db739d-8a5f-427c-bc0a-5603ac8ba161@group-9A9DF8BBBB07:LeaderElection18] INFO  server.RaftServerConfigKeys (ConfUtils.java:logGet(43)) - raft.server.log.appender.install.snapshot.enabled = false (custom)
2019-09-16 16:47:15,818 [d7db739d-8a5f-427c-bc0a-5603ac8ba161@group-9A9DF8BBBB07:LeaderElection18] INFO  server.RaftServerConfigKeys (ConfUtils.java:logGet(43)) - raft.server.log.appender.snapshot.chunk.size.max = 16MB (=16777216) (default)
2019-09-16 16:47:15,819 [d7db739d-8a5f-427c-bc0a-5603ac8ba161@group-9A9DF8BBBB07:LeaderElection18] INFO  server.RaftServerConfigKeys (ConfUtils.java:logGet(43)) - raft.server.log.appender.buffer.byte-limit = 33554432 (custom)
2019-09-16 16:47:15,819 [d7db739d-8a5f-427c-bc0a-5603ac8ba161@group-9A9DF8BBBB07:LeaderElection18] INFO  server.RaftServerConfigKeys (ConfUtils.java:logGet(43)) - raft.server.log.appender.buffer.element-limit = 1 (custom)
2019-09-16 16:47:15,819 [d7db739d-8a5f-427c-bc0a-5603ac8ba161@group-9A9DF8BBBB07:LeaderElection18] INFO  grpc.GrpcConfigKeys$Server (ConfUtils.java:logGet(43)) - raft.grpc.server.leader.outstanding.appends.max = 128 (default)
2019-09-16 16:47:15,822 [d7db739d-8a5f-427c-bc0a-5603ac8ba161@group-9A9DF8BBBB07:LeaderElection18] INFO  server.RaftServerConfigKeys (ConfUtils.java:logGet(43)) - raft.server.rpc.request.timeout = 3000ms (default)
2019-09-16 16:47:15,822 [d7db739d-8a5f-427c-bc0a-5603ac8ba161@group-9A9DF8BBBB07:LeaderElection18] INFO  server.RaftServerConfigKeys (ConfUtils.java:logGet(43)) - raft.server.log.appender.install.snapshot.enabled = false (custom)
2019-09-16 16:47:15,824 [d7db739d-8a5f-427c-bc0a-5603ac8ba161@group-9A9DF8BBBB07:LeaderElection18] INFO  impl.RoleInfo (RoleInfo.java:updateAndGet(143)) - d7db739d-8a5f-427c-bc0a-5603ac8ba161: start LeaderState
2019-09-16 16:47:15,825 [d7db739d-8a5f-427c-bc0a-5603ac8ba161@group-9A9DF8BBBB07:LeaderElection18] INFO  segmented.SegmentedRaftLogWorker (SegmentedRaftLogWorker.java:startLogSegment(380)) - d7db739d-8a5f-427c-bc0a-5603ac8ba161@group-9A9DF8BBBB07-SegmentedRaftLogWorker: Starting segment from index:0
2019-09-16 16:47:15,825 [d7db739d-8a5f-427c-bc0a-5603ac8ba161@group-9A9DF8BBBB07:LeaderElection18] INFO  impl.RaftServerImpl (ServerState.java:setRaftConf(354)) - d7db739d-8a5f-427c-bc0a-5603ac8ba161@group-9A9DF8BBBB07: set configuration 0: [22812086-b692-43a0-8348-44721a5a82d7:192.168.5.184:33209, d7db739d-8a5f-427c-bc0a-5603ac8ba161:192.168.5.184:39532, 37aba10a-6fc0-4836-82ce-0d66a20effe5:192.168.5.184:35204], old=null at 0
2019-09-16 16:47:15,854 [grpc-default-executor-1] INFO  impl.RaftServerImpl (ServerState.java:setLeader(253)) - 22812086-b692-43a0-8348-44721a5a82d7@group-9A9DF8BBBB07: change Leader from null to d7db739d-8a5f-427c-bc0a-5603ac8ba161 at term 2 for appendEntries, leader elected after 2796ms
2019-09-16 16:47:15,857 [grpc-default-executor-4] INFO  impl.RaftServerImpl (ServerState.java:setLeader(253)) - 37aba10a-6fc0-4836-82ce-0d66a20effe5@group-9A9DF8BBBB07: change Leader from null to d7db739d-8a5f-427c-bc0a-5603ac8ba161 at term 2 for appendEntries, leader elected after 2790ms
2019-09-16 16:47:15,860 [grpc-default-executor-4] INFO  impl.RaftServerImpl (ServerState.java:setRaftConf(354)) - 22812086-b692-43a0-8348-44721a5a82d7@group-9A9DF8BBBB07: set configuration 0: [22812086-b692-43a0-8348-44721a5a82d7:192.168.5.184:33209, d7db739d-8a5f-427c-bc0a-5603ac8ba161:192.168.5.184:39532, 37aba10a-6fc0-4836-82ce-0d66a20effe5:192.168.5.184:35204], old=null at 0
2019-09-16 16:47:15,860 [grpc-default-executor-4] INFO  segmented.SegmentedRaftLogWorker (SegmentedRaftLogWorker.java:startLogSegment(380)) - 22812086-b692-43a0-8348-44721a5a82d7@group-9A9DF8BBBB07-SegmentedRaftLogWorker: Starting segment from index:0
2019-09-16 16:47:15,860 [grpc-default-executor-1] INFO  impl.RaftServerImpl (ServerState.java:setRaftConf(354)) - 37aba10a-6fc0-4836-82ce-0d66a20effe5@group-9A9DF8BBBB07: set configuration 0: [22812086-b692-43a0-8348-44721a5a82d7:192.168.5.184:33209, d7db739d-8a5f-427c-bc0a-5603ac8ba161:192.168.5.184:39532, 37aba10a-6fc0-4836-82ce-0d66a20effe5:192.168.5.184:35204], old=null at 0
2019-09-16 16:47:15,862 [grpc-default-executor-1] INFO  segmented.SegmentedRaftLogWorker (SegmentedRaftLogWorker.java:startLogSegment(380)) - 37aba10a-6fc0-4836-82ce-0d66a20effe5@group-9A9DF8BBBB07-SegmentedRaftLogWorker: Starting segment from index:0
2019-09-16 16:47:15,864 [d7db739d-8a5f-427c-bc0a-5603ac8ba161@group-9A9DF8BBBB07-SegmentedRaftLogWorker] INFO  segmented.SegmentedRaftLogWorker (SegmentedRaftLogWorker.java:execute(569)) - d7db739d-8a5f-427c-bc0a-5603ac8ba161@group-9A9DF8BBBB07-SegmentedRaftLogWorker: created new log segment /workdir/hadoop-ozone/integration-test/target/test-dir/MiniOzoneClusterImpl-2814d36b-6019-42fc-a66f-ece8bfc5d7d4/datanode-0/data/ratis/f1cee7fd-bb01-41f6-aed7-9a9df8bbbb07/current/log_inprogress_0
2019-09-16 16:47:15,918 [37aba10a-6fc0-4836-82ce-0d66a20effe5@group-9A9DF8BBBB07-SegmentedRaftLogWorker] INFO  segmented.SegmentedRaftLogWorker (SegmentedRaftLogWorker.java:execute(569)) - 37aba10a-6fc0-4836-82ce-0d66a20effe5@group-9A9DF8BBBB07-SegmentedRaftLogWorker: created new log segment /workdir/hadoop-ozone/integration-test/target/test-dir/MiniOzoneClusterImpl-2814d36b-6019-42fc-a66f-ece8bfc5d7d4/datanode-2/data/ratis/f1cee7fd-bb01-41f6-aed7-9a9df8bbbb07/current/log_inprogress_0
2019-09-16 16:47:15,918 [22812086-b692-43a0-8348-44721a5a82d7@group-9A9DF8BBBB07-SegmentedRaftLogWorker] INFO  segmented.SegmentedRaftLogWorker (SegmentedRaftLogWorker.java:execute(569)) - 22812086-b692-43a0-8348-44721a5a82d7@group-9A9DF8BBBB07-SegmentedRaftLogWorker: created new log segment /workdir/hadoop-ozone/integration-test/target/test-dir/MiniOzoneClusterImpl-2814d36b-6019-42fc-a66f-ece8bfc5d7d4/datanode-9/data/ratis/f1cee7fd-bb01-41f6-aed7-9a9df8bbbb07/current/log_inprogress_0
2019-09-16 16:47:15,936 [grpc-default-executor-1] INFO  client.GrpcClientProtocolClient (GrpcClientProtocolClient.java:onNext(264)) - client-AC4080E834B7->31ff8a7c-4ef6-4603-8d7a-5c866c7f5672: receive RaftClientReply:client-AC4080E834B7->31ff8a7c-4ef6-4603-8d7a-5c866c7f5672@group-651FE1B6B3BB, cid=20, SUCCESS, logIndex=3, commits[31ff8a7c-4ef6-4603-8d7a-5c866c7f5672:c8, f1ea936a-1aa4-4b4f-a193-5108e1c15289:c5, b1d373fd-82f2-45f9-929a-b8d8660dbeb2:c5]
2019-09-16 16:47:15,940 [grpc-default-executor-1] INFO  client.GrpcClientProtocolClient (GrpcClientProtocolClient.java:onNext(264)) - client-AC4080E834B7->31ff8a7c-4ef6-4603-8d7a-5c866c7f5672: receive RaftClientReply:client-AC4080E834B7->31ff8a7c-4ef6-4603-8d7a-5c866c7f5672@group-651FE1B6B3BB, cid=21, SUCCESS, logIndex=4, commits[31ff8a7c-4ef6-4603-8d7a-5c866c7f5672:c8, f1ea936a-1aa4-4b4f-a193-5108e1c15289:c5, b1d373fd-82f2-45f9-929a-b8d8660dbeb2:c5]
2019-09-16 16:47:16,046 [grpc-default-executor-1] INFO  client.GrpcClientProtocolClient (GrpcClientProtocolClient.java:onNext(264)) - client-AC4080E834B7->31ff8a7c-4ef6-4603-8d7a-5c866c7f5672: receive RaftClientReply:client-AC4080E834B7->31ff8a7c-4ef6-4603-8d7a-5c866c7f5672@group-651FE1B6B3BB, cid=22, SUCCESS, logIndex=5, commits[31ff8a7c-4ef6-4603-8d7a-5c866c7f5672:c8, f1ea936a-1aa4-4b4f-a193-5108e1c15289:c5, b1d373fd-82f2-45f9-929a-b8d8660dbeb2:c5]
2019-09-16 16:47:16,077 [Thread-398] INFO  impl.FollowerState (FollowerState.java:run(106)) - 211683d0-e7e4-43b3-9a19-c932c2e3e607:group-276A6773F05B changes to CANDIDATE, lastRpcTime:1054, electionTimeout:1054ms
2019-09-16 16:47:16,077 [Thread-398] INFO  impl.RoleInfo (RoleInfo.java:shutdownFollowerState(121)) - 211683d0-e7e4-43b3-9a19-c932c2e3e607: shutdown FollowerState
2019-09-16 16:47:16,078 [Thread-398] INFO  impl.RaftServerImpl (RaftServerImpl.java:setRole(174)) - 211683d0-e7e4-43b3-9a19-c932c2e3e607@group-276A6773F05B: changes role from  FOLLOWER to CANDIDATE at term 2 for changeToCandidate
2019-09-16 16:47:16,078 [Thread-398] INFO  impl.RoleInfo (RoleInfo.java:updateAndGet(143)) - 211683d0-e7e4-43b3-9a19-c932c2e3e607: start LeaderElection
2019-09-16 16:47:16,085 [Thread-397] INFO  impl.FollowerState (FollowerState.java:run(106)) - 44446946-e2df-49b4-a08f-7c38e08da8da:group-276A6773F05B changes to CANDIDATE, lastRpcTime:1062, electionTimeout:1062ms
2019-09-16 16:47:16,085 [Thread-397] INFO  impl.RoleInfo (RoleInfo.java:shutdownFollowerState(121)) - 44446946-e2df-49b4-a08f-7c38e08da8da: shutdown FollowerState
2019-09-16 16:47:16,085 [Thread-397] INFO  impl.RaftServerImpl (RaftServerImpl.java:setRole(174)) - 44446946-e2df-49b4-a08f-7c38e08da8da@group-276A6773F05B: changes role from  FOLLOWER to CANDIDATE at term 2 for changeToCandidate
2019-09-16 16:47:16,086 [Thread-397] INFO  impl.RoleInfo (RoleInfo.java:updateAndGet(143)) - 44446946-e2df-49b4-a08f-7c38e08da8da: start LeaderElection
2019-09-16 16:47:16,102 [44446946-e2df-49b4-a08f-7c38e08da8da@group-276A6773F05B:LeaderElection20] INFO  impl.LeaderElection (LeaderElection.java:askForVotes(182)) - 44446946-e2df-49b4-a08f-7c38e08da8da@group-276A6773F05B:LeaderElection20: begin an election at term 3 for -1: [6044b653-4ba3-462e-b1d8-fff4097cca63:192.168.5.184:43507, 211683d0-e7e4-43b3-9a19-c932c2e3e607:192.168.5.184:38618, 44446946-e2df-49b4-a08f-7c38e08da8da:192.168.5.184:45592], old=null
2019-09-16 16:47:16,102 [211683d0-e7e4-43b3-9a19-c932c2e3e607@group-276A6773F05B:LeaderElection19] INFO  impl.LeaderElection (LeaderElection.java:askForVotes(182)) - 211683d0-e7e4-43b3-9a19-c932c2e3e607@group-276A6773F05B:LeaderElection19: begin an election at term 3 for -1: [6044b653-4ba3-462e-b1d8-fff4097cca63:192.168.5.184:43507, 211683d0-e7e4-43b3-9a19-c932c2e3e607:192.168.5.184:38618, 44446946-e2df-49b4-a08f-7c38e08da8da:192.168.5.184:45592], old=null
2019-09-16 16:47:16,103 [grpc-default-executor-3] INFO  client.GrpcClientProtocolClient (GrpcClientProtocolClient.java:onNext(264)) - client-AC4080E834B7->31ff8a7c-4ef6-4603-8d7a-5c866c7f5672: receive RaftClientReply:client-AC4080E834B7->31ff8a7c-4ef6-4603-8d7a-5c866c7f5672@group-651FE1B6B3BB, cid=23, SUCCESS, logIndex=9, commits[31ff8a7c-4ef6-4603-8d7a-5c866c7f5672:c10, f1ea936a-1aa4-4b4f-a193-5108e1c15289:c8, b1d373fd-82f2-45f9-929a-b8d8660dbeb2:c8]
2019-09-16 16:47:16,104 [grpc-default-executor-3] INFO  client.GrpcClientProtocolClient (GrpcClientProtocolClient.java:onNext(264)) - client-AC4080E834B7->31ff8a7c-4ef6-4603-8d7a-5c866c7f5672: receive RaftClientReply:client-AC4080E834B7->31ff8a7c-4ef6-4603-8d7a-5c866c7f5672@group-651FE1B6B3BB, cid=24, SUCCESS, logIndex=10, commits[31ff8a7c-4ef6-4603-8d7a-5c866c7f5672:c10, f1ea936a-1aa4-4b4f-a193-5108e1c15289:c8, b1d373fd-82f2-45f9-929a-b8d8660dbeb2:c8]
2019-09-16 16:47:16,110 [grpc-default-executor-0] INFO  impl.RaftServerImpl (RaftServerImpl.java:setRole(174)) - 6044b653-4ba3-462e-b1d8-fff4097cca63@group-276A6773F05B: changes role from  FOLLOWER to FOLLOWER at term 3 for recognizeCandidate:211683d0-e7e4-43b3-9a19-c932c2e3e607
2019-09-16 16:47:16,119 [grpc-default-executor-0] INFO  impl.RoleInfo (RoleInfo.java:shutdownFollowerState(121)) - 6044b653-4ba3-462e-b1d8-fff4097cca63: shutdown FollowerState
2019-09-16 16:47:16,119 [Thread-404] INFO  impl.FollowerState (FollowerState.java:run(115)) - 6044b653-4ba3-462e-b1d8-fff4097cca63: FollowerState was interrupted: java.lang.InterruptedException: sleep interrupted
2019-09-16 16:47:16,119 [grpc-default-executor-0] INFO  impl.RoleInfo (RoleInfo.java:updateAndGet(143)) - 6044b653-4ba3-462e-b1d8-fff4097cca63: start FollowerState
2019-09-16 16:47:16,125 [grpc-default-executor-3] INFO  client.GrpcClientProtocolClient (GrpcClientProtocolClient.java:onNext(264)) - client-AC4080E834B7->31ff8a7c-4ef6-4603-8d7a-5c866c7f5672: receive RaftClientReply:client-AC4080E834B7->31ff8a7c-4ef6-4603-8d7a-5c866c7f5672@group-651FE1B6B3BB, cid=25, SUCCESS, logIndex=11, commits[31ff8a7c-4ef6-4603-8d7a-5c866c7f5672:c12, f1ea936a-1aa4-4b4f-a193-5108e1c15289:c8, b1d373fd-82f2-45f9-929a-b8d8660dbeb2:c8]
2019-09-16 16:47:16,126 [grpc-default-executor-3] INFO  client.GrpcClientProtocolClient (GrpcClientProtocolClient.java:onNext(264)) - client-AC4080E834B7->31ff8a7c-4ef6-4603-8d7a-5c866c7f5672: receive RaftClientReply:client-AC4080E834B7->31ff8a7c-4ef6-4603-8d7a-5c866c7f5672@group-651FE1B6B3BB, cid=26, SUCCESS, logIndex=12, commits[31ff8a7c-4ef6-4603-8d7a-5c866c7f5672:c12, f1ea936a-1aa4-4b4f-a193-5108e1c15289:c8, b1d373fd-82f2-45f9-929a-b8d8660dbeb2:c8]
2019-09-16 16:47:16,152 [211683d0-e7e4-43b3-9a19-c932c2e3e607@group-276A6773F05B:LeaderElection19] INFO  impl.LeaderElection (LeaderElection.java:logAndReturn(56)) - 211683d0-e7e4-43b3-9a19-c932c2e3e607@group-276A6773F05B:LeaderElection19: Election PASSED; received 2 response(s) [211683d0-e7e4-43b3-9a19-c932c2e3e607<-6044b653-4ba3-462e-b1d8-fff4097cca63#0:OK-t3, 211683d0-e7e4-43b3-9a19-c932c2e3e607<-44446946-e2df-49b4-a08f-7c38e08da8da#0:FAIL-t3] and 0 exception(s); 211683d0-e7e4-43b3-9a19-c932c2e3e607@group-276A6773F05B:t3, leader=null, voted=211683d0-e7e4-43b3-9a19-c932c2e3e607, raftlog=211683d0-e7e4-43b3-9a19-c932c2e3e607@group-276A6773F05B-SegmentedRaftLog:OPENED:c-1,f-1,i0, conf=-1: [6044b653-4ba3-462e-b1d8-fff4097cca63:192.168.5.184:43507, 211683d0-e7e4-43b3-9a19-c932c2e3e607:192.168.5.184:38618, 44446946-e2df-49b4-a08f-7c38e08da8da:192.168.5.184:45592], old=null
2019-09-16 16:47:16,152 [grpc-default-executor-1] INFO  client.GrpcClientProtocolClient (GrpcClientProtocolClient.java:onNext(264)) - client-AC4080E834B7->31ff8a7c-4ef6-4603-8d7a-5c866c7f5672: receive RaftClientReply:client-AC4080E834B7->31ff8a7c-4ef6-4603-8d7a-5c866c7f5672@group-651FE1B6B3BB, cid=27, SUCCESS, logIndex=0, commits[31ff8a7c-4ef6-4603-8d7a-5c866c7f5672:c14, f1ea936a-1aa4-4b4f-a193-5108e1c15289:c10, b1d373fd-82f2-45f9-929a-b8d8660dbeb2:c10]
2019-09-16 16:47:16,152 [211683d0-e7e4-43b3-9a19-c932c2e3e607@group-276A6773F05B:LeaderElection19] INFO  impl.RoleInfo (RoleInfo.java:shutdownLeaderElection(134)) - 211683d0-e7e4-43b3-9a19-c932c2e3e607: shutdown LeaderElection
2019-09-16 16:47:16,152 [44446946-e2df-49b4-a08f-7c38e08da8da@group-276A6773F05B:LeaderElection20] INFO  impl.LeaderElection (LeaderElection.java:logAndReturn(56)) - 44446946-e2df-49b4-a08f-7c38e08da8da@group-276A6773F05B:LeaderElection20: Election REJECTED; received 2 response(s) [44446946-e2df-49b4-a08f-7c38e08da8da<-6044b653-4ba3-462e-b1d8-fff4097cca63#0:FAIL-t3, 44446946-e2df-49b4-a08f-7c38e08da8da<-211683d0-e7e4-43b3-9a19-c932c2e3e607#0:FAIL-t3] and 0 exception(s); 44446946-e2df-49b4-a08f-7c38e08da8da@group-276A6773F05B:t3, leader=null, voted=44446946-e2df-49b4-a08f-7c38e08da8da, raftlog=44446946-e2df-49b4-a08f-7c38e08da8da@group-276A6773F05B-SegmentedRaftLog:OPENED:c-1,f-1,i0, conf=-1: [6044b653-4ba3-462e-b1d8-fff4097cca63:192.168.5.184:43507, 211683d0-e7e4-43b3-9a19-c932c2e3e607:192.168.5.184:38618, 44446946-e2df-49b4-a08f-7c38e08da8da:192.168.5.184:45592], old=null
2019-09-16 16:47:16,154 [211683d0-e7e4-43b3-9a19-c932c2e3e607@group-276A6773F05B:LeaderElection19] INFO  impl.RaftServerImpl (RaftServerImpl.java:setRole(174)) - 211683d0-e7e4-43b3-9a19-c932c2e3e607@group-276A6773F05B: changes role from CANDIDATE to LEADER at term 3 for changeToLeader
2019-09-16 16:47:16,155 [211683d0-e7e4-43b3-9a19-c932c2e3e607@group-276A6773F05B:LeaderElection19] INFO  impl.RaftServerImpl (ServerState.java:setLeader(253)) - 211683d0-e7e4-43b3-9a19-c932c2e3e607@group-276A6773F05B: change Leader from null to 211683d0-e7e4-43b3-9a19-c932c2e3e607 at term 3 for becomeLeader, leader elected after 2326ms
2019-09-16 16:47:16,155 [44446946-e2df-49b4-a08f-7c38e08da8da@group-276A6773F05B:LeaderElection20] INFO  impl.RaftServerImpl (RaftServerImpl.java:setRole(174)) - 44446946-e2df-49b4-a08f-7c38e08da8da@group-276A6773F05B: changes role from CANDIDATE to FOLLOWER at term 3 for DISCOVERED_A_NEW_TERM
2019-09-16 16:47:16,167 [44446946-e2df-49b4-a08f-7c38e08da8da@group-276A6773F05B:LeaderElection20] INFO  impl.RoleInfo (RoleInfo.java:shutdownLeaderElection(134)) - 44446946-e2df-49b4-a08f-7c38e08da8da: shutdown LeaderElection
2019-09-16 16:47:16,167 [211683d0-e7e4-43b3-9a19-c932c2e3e607@group-276A6773F05B:LeaderElection19] INFO  server.RaftServerConfigKeys (ConfUtils.java:logGet(43)) - raft.server.staging.catchup.gap = 1000 (default)
2019-09-16 16:47:16,167 [44446946-e2df-49b4-a08f-7c38e08da8da@group-276A6773F05B:LeaderElection20] INFO  impl.RoleInfo (RoleInfo.java:updateAndGet(143)) - 44446946-e2df-49b4-a08f-7c38e08da8da: start FollowerState
2019-09-16 16:47:16,167 [211683d0-e7e4-43b3-9a19-c932c2e3e607@group-276A6773F05B:LeaderElection19] INFO  server.RaftServerConfigKeys (ConfUtils.java:logGet(43)) - raft.server.rpc.sleep.time = 25ms (default)
2019-09-16 16:47:16,169 [211683d0-e7e4-43b3-9a19-c932c2e3e607@group-276A6773F05B:LeaderElection19] INFO  server.RaftServerConfigKeys (ConfUtils.java:logGet(43)) - raft.server.write.element-limit = 4096 (default)
2019-09-16 16:47:16,170 [211683d0-e7e4-43b3-9a19-c932c2e3e607@group-276A6773F05B:LeaderElection19] INFO  server.RaftServerConfigKeys (ConfUtils.java:logGet(43)) - raft.server.watch.timeout = 10s (default)
2019-09-16 16:47:16,170 [211683d0-e7e4-43b3-9a19-c932c2e3e607@group-276A6773F05B:LeaderElection19] INFO  server.RaftServerConfigKeys (ConfUtils.java:logGet(43)) - raft.server.watch.timeout.denomination = 1s (default)
2019-09-16 16:47:16,172 [211683d0-e7e4-43b3-9a19-c932c2e3e607@group-276A6773F05B:LeaderElection19] INFO  server.RaftServerConfigKeys (ConfUtils.java:logGet(43)) - raft.server.watch.element-limit = 65536 (default)
2019-09-16 16:47:16,174 [211683d0-e7e4-43b3-9a19-c932c2e3e607@group-276A6773F05B:LeaderElection19] INFO  server.RaftServerConfigKeys (ConfUtils.java:logGet(43)) - raft.server.log.appender.snapshot.chunk.size.max = 16MB (=16777216) (default)
2019-09-16 16:47:16,174 [211683d0-e7e4-43b3-9a19-c932c2e3e607@group-276A6773F05B:LeaderElection19] INFO  server.RaftServerConfigKeys (ConfUtils.java:logGet(43)) - raft.server.log.appender.buffer.byte-limit = 33554432 (custom)
2019-09-16 16:47:16,175 [211683d0-e7e4-43b3-9a19-c932c2e3e607@group-276A6773F05B:LeaderElection19] INFO  server.RaftServerConfigKeys (ConfUtils.java:logGet(43)) - raft.server.log.appender.buffer.element-limit = 1 (custom)
2019-09-16 16:47:16,175 [211683d0-e7e4-43b3-9a19-c932c2e3e607@group-276A6773F05B:LeaderElection19] INFO  grpc.GrpcConfigKeys$Server (ConfUtils.java:logGet(43)) - raft.grpc.server.leader.outstanding.appends.max = 128 (default)
2019-09-16 16:47:16,175 [211683d0-e7e4-43b3-9a19-c932c2e3e607@group-276A6773F05B:LeaderElection19] INFO  server.RaftServerConfigKeys (ConfUtils.java:logGet(43)) - raft.server.rpc.request.timeout = 3000ms (default)
2019-09-16 16:47:16,175 [211683d0-e7e4-43b3-9a19-c932c2e3e607@group-276A6773F05B:LeaderElection19] INFO  server.RaftServerConfigKeys (ConfUtils.java:logGet(43)) - raft.server.log.appender.install.snapshot.enabled = false (custom)
2019-09-16 16:47:16,175 [grpc-default-executor-0] INFO  client.GrpcClientProtocolClient (GrpcClientProtocolClient.java:onNext(264)) - client-AC4080E834B7->31ff8a7c-4ef6-4603-8d7a-5c866c7f5672: receive RaftClientReply:client-AC4080E834B7->31ff8a7c-4ef6-4603-8d7a-5c866c7f5672@group-651FE1B6B3BB, cid=28, SUCCESS, logIndex=0, commits[31ff8a7c-4ef6-4603-8d7a-5c866c7f5672:c16, f1ea936a-1aa4-4b4f-a193-5108e1c15289:c12, b1d373fd-82f2-45f9-929a-b8d8660dbeb2:c12]
2019-09-16 16:47:16,176 [211683d0-e7e4-43b3-9a19-c932c2e3e607@group-276A6773F05B:LeaderElection19] INFO  server.RaftServerConfigKeys (ConfUtils.java:logGet(43)) - raft.server.log.appender.snapshot.chunk.size.max = 16MB (=16777216) (default)
2019-09-16 16:47:16,176 [211683d0-e7e4-43b3-9a19-c932c2e3e607@group-276A6773F05B:LeaderElection19] INFO  server.RaftServerConfigKeys (ConfUtils.java:logGet(43)) - raft.server.log.appender.buffer.byte-limit = 33554432 (custom)
2019-09-16 16:47:16,176 [211683d0-e7e4-43b3-9a19-c932c2e3e607@group-276A6773F05B:LeaderElection19] INFO  server.RaftServerConfigKeys (ConfUtils.java:logGet(43)) - raft.server.log.appender.buffer.element-limit = 1 (custom)
2019-09-16 16:47:16,176 [211683d0-e7e4-43b3-9a19-c932c2e3e607@group-276A6773F05B:LeaderElection19] INFO  grpc.GrpcConfigKeys$Server (ConfUtils.java:logGet(43)) - raft.grpc.server.leader.outstanding.appends.max = 128 (default)
2019-09-16 16:47:16,177 [211683d0-e7e4-43b3-9a19-c932c2e3e607@group-276A6773F05B:LeaderElection19] INFO  server.RaftServerConfigKeys (ConfUtils.java:logGet(43)) - raft.server.rpc.request.timeout = 3000ms (default)
2019-09-16 16:47:16,177 [211683d0-e7e4-43b3-9a19-c932c2e3e607@group-276A6773F05B:LeaderElection19] INFO  server.RaftServerConfigKeys (ConfUtils.java:logGet(43)) - raft.server.log.appender.install.snapshot.enabled = false (custom)
2019-09-16 16:47:16,177 [211683d0-e7e4-43b3-9a19-c932c2e3e607@group-276A6773F05B:LeaderElection19] INFO  impl.RoleInfo (RoleInfo.java:updateAndGet(143)) - 211683d0-e7e4-43b3-9a19-c932c2e3e607: start LeaderState
2019-09-16 16:47:16,177 [211683d0-e7e4-43b3-9a19-c932c2e3e607@group-276A6773F05B:LeaderElection19] INFO  segmented.SegmentedRaftLogWorker (SegmentedRaftLogWorker.java:startLogSegment(380)) - 211683d0-e7e4-43b3-9a19-c932c2e3e607@group-276A6773F05B-SegmentedRaftLogWorker: Starting segment from index:0
2019-09-16 16:47:16,178 [211683d0-e7e4-43b3-9a19-c932c2e3e607@group-276A6773F05B:LeaderElection19] INFO  impl.RaftServerImpl (ServerState.java:setRaftConf(354)) - 211683d0-e7e4-43b3-9a19-c932c2e3e607@group-276A6773F05B: set configuration 0: [6044b653-4ba3-462e-b1d8-fff4097cca63:192.168.5.184:43507, 211683d0-e7e4-43b3-9a19-c932c2e3e607:192.168.5.184:38618, 44446946-e2df-49b4-a08f-7c38e08da8da:192.168.5.184:45592], old=null at 0
2019-09-16 16:47:16,221 [grpc-default-executor-1] INFO  impl.RaftServerImpl (ServerState.java:setLeader(253)) - 6044b653-4ba3-462e-b1d8-fff4097cca63@group-276A6773F05B: change Leader from null to 211683d0-e7e4-43b3-9a19-c932c2e3e607 at term 3 for appendEntries, leader elected after 2392ms
2019-09-16 16:47:16,222 [grpc-default-executor-0] INFO  impl.RaftServerImpl (ServerState.java:setLeader(253)) - 44446946-e2df-49b4-a08f-7c38e08da8da@group-276A6773F05B: change Leader from null to 211683d0-e7e4-43b3-9a19-c932c2e3e607 at term 3 for appendEntries, leader elected after 2393ms
2019-09-16 16:47:16,225 [grpc-default-executor-1] INFO  impl.RaftServerImpl (ServerState.java:setRaftConf(354)) - 6044b653-4ba3-462e-b1d8-fff4097cca63@group-276A6773F05B: set configuration 0: [6044b653-4ba3-462e-b1d8-fff4097cca63:192.168.5.184:43507, 211683d0-e7e4-43b3-9a19-c932c2e3e607:192.168.5.184:38618, 44446946-e2df-49b4-a08f-7c38e08da8da:192.168.5.184:45592], old=null at 0
2019-09-16 16:47:16,225 [grpc-default-executor-1] INFO  segmented.SegmentedRaftLogWorker (SegmentedRaftLogWorker.java:startLogSegment(380)) - 6044b653-4ba3-462e-b1d8-fff4097cca63@group-276A6773F05B-SegmentedRaftLogWorker: Starting segment from index:0
2019-09-16 16:47:16,229 [grpc-default-executor-0] INFO  impl.RaftServerImpl (ServerState.java:setRaftConf(354)) - 44446946-e2df-49b4-a08f-7c38e08da8da@group-276A6773F05B: set configuration 0: [6044b653-4ba3-462e-b1d8-fff4097cca63:192.168.5.184:43507, 211683d0-e7e4-43b3-9a19-c932c2e3e607:192.168.5.184:38618, 44446946-e2df-49b4-a08f-7c38e08da8da:192.168.5.184:45592], old=null at 0
2019-09-16 16:47:16,229 [grpc-default-executor-0] INFO  segmented.SegmentedRaftLogWorker (SegmentedRaftLogWorker.java:startLogSegment(380)) - 44446946-e2df-49b4-a08f-7c38e08da8da@group-276A6773F05B-SegmentedRaftLogWorker: Starting segment from index:0
2019-09-16 16:47:16,236 [211683d0-e7e4-43b3-9a19-c932c2e3e607@group-276A6773F05B-SegmentedRaftLogWorker] INFO  segmented.SegmentedRaftLogWorker (SegmentedRaftLogWorker.java:execute(569)) - 211683d0-e7e4-43b3-9a19-c932c2e3e607@group-276A6773F05B-SegmentedRaftLogWorker: created new log segment /workdir/hadoop-ozone/integration-test/target/test-dir/MiniOzoneClusterImpl-2814d36b-6019-42fc-a66f-ece8bfc5d7d4/datanode-5/data/ratis/875f3d80-77df-4568-bd78-276a6773f05b/current/log_inprogress_0
2019-09-16 16:47:16,294 [6044b653-4ba3-462e-b1d8-fff4097cca63@group-276A6773F05B-SegmentedRaftLogWorker] INFO  segmented.SegmentedRaftLogWorker (SegmentedRaftLogWorker.java:execute(569)) - 6044b653-4ba3-462e-b1d8-fff4097cca63@group-276A6773F05B-SegmentedRaftLogWorker: created new log segment /workdir/hadoop-ozone/integration-test/target/test-dir/MiniOzoneClusterImpl-2814d36b-6019-42fc-a66f-ece8bfc5d7d4/datanode-7/data/ratis/875f3d80-77df-4568-bd78-276a6773f05b/current/log_inprogress_0
2019-09-16 16:47:16,294 [44446946-e2df-49b4-a08f-7c38e08da8da@group-276A6773F05B-SegmentedRaftLogWorker] INFO  segmented.SegmentedRaftLogWorker (SegmentedRaftLogWorker.java:execute(569)) - 44446946-e2df-49b4-a08f-7c38e08da8da@group-276A6773F05B-SegmentedRaftLogWorker: created new log segment /workdir/hadoop-ozone/integration-test/target/test-dir/MiniOzoneClusterImpl-2814d36b-6019-42fc-a66f-ece8bfc5d7d4/datanode-1/data/ratis/875f3d80-77df-4568-bd78-276a6773f05b/current/log_inprogress_0
2019-09-16 16:47:19,232 [java.util.concurrent.ThreadPoolExecutor$Worker@76876f3d[State = -1, empty queue]] WARN  server.GrpcLogAppender (GrpcLogAppender.java:timeoutAppendRequest(200)) - 31ff8a7c-4ef6-4603-8d7a-5c866c7f5672@group-651FE1B6B3BB->f1ea936a-1aa4-4b4f-a193-5108e1c15289-GrpcLogAppender: appendEntries Timeout, request=31ff8a7c-4ef6-4603-8d7a-5c866c7f5672->f1ea936a-1aa4-4b4f-a193-5108e1c15289#18-t1, previous=(t:1, i:16), leaderCommit=16, initializing? false, entries: size=1, first=(t:1, i:17), STATEMACHINELOGENTRY, client-AC4080E834B7, cid=29
2019-09-16 16:47:19,232 [java.util.concurrent.ThreadPoolExecutor$Worker@5708b060[State = -1, empty queue]] WARN  server.GrpcLogAppender (GrpcLogAppender.java:timeoutAppendRequest(200)) - 31ff8a7c-4ef6-4603-8d7a-5c866c7f5672@group-651FE1B6B3BB->b1d373fd-82f2-45f9-929a-b8d8660dbeb2-GrpcLogAppender: appendEntries Timeout, request=31ff8a7c-4ef6-4603-8d7a-5c866c7f5672->b1d373fd-82f2-45f9-929a-b8d8660dbeb2#18-t1, previous=(t:1, i:16), leaderCommit=16, initializing? false, entries: size=1, first=(t:1, i:17), STATEMACHINELOGENTRY, client-AC4080E834B7, cid=29
2019-09-16 16:47:19,236 [java.util.concurrent.ThreadPoolExecutor$Worker@76876f3d[State = -1, empty queue]] WARN  server.GrpcLogAppender (GrpcLogAppender.java:timeoutAppendRequest(200)) - 31ff8a7c-4ef6-4603-8d7a-5c866c7f5672@group-651FE1B6B3BB->f1ea936a-1aa4-4b4f-a193-5108e1c15289-GrpcLogAppender: appendEntries Timeout, request=31ff8a7c-4ef6-4603-8d7a-5c866c7f5672->f1ea936a-1aa4-4b4f-a193-5108e1c15289#19-t1, previous=(t:1, i:17), leaderCommit=16, initializing? false, entries: size=1, first=(t:1, i:18), STATEMACHINELOGENTRY, client-AC4080E834B7, cid=30
2019-09-16 16:47:19,238 [java.util.concurrent.ThreadPoolExecutor$Worker@5708b060[State = -1, empty queue]] WARN  server.GrpcLogAppender (GrpcLogAppender.java:timeoutAppendRequest(200)) - 31ff8a7c-4ef6-4603-8d7a-5c866c7f5672@group-651FE1B6B3BB->b1d373fd-82f2-45f9-929a-b8d8660dbeb2-GrpcLogAppender: appendEntries Timeout, request=31ff8a7c-4ef6-4603-8d7a-5c866c7f5672->b1d373fd-82f2-45f9-929a-b8d8660dbeb2#19-t1, previous=(t:1, i:17), leaderCommit=16, initializing? false, entries: size=1, first=(t:1, i:18), STATEMACHINELOGENTRY, client-AC4080E834B7, cid=30
2019-09-16 16:47:19,254 [java.util.concurrent.ThreadPoolExecutor$Worker@5708b060[State = -1, empty queue]] WARN  server.GrpcLogAppender (GrpcLogAppender.java:timeoutAppendRequest(200)) - 31ff8a7c-4ef6-4603-8d7a-5c866c7f5672@group-651FE1B6B3BB->b1d373fd-82f2-45f9-929a-b8d8660dbeb2-GrpcLogAppender: appendEntries Timeout, request=31ff8a7c-4ef6-4603-8d7a-5c866c7f5672->b1d373fd-82f2-45f9-929a-b8d8660dbeb2#20-t1, previous=(t:1, i:18), leaderCommit=16, initializing? false, entries: size=1, first=(t:1, i:19), STATEMACHINELOGENTRY, client-AC4080E834B7, cid=31
2019-09-16 16:47:19,254 [java.util.concurrent.ThreadPoolExecutor$Worker@76876f3d[State = -1, empty queue]] WARN  server.GrpcLogAppender (GrpcLogAppender.java:timeoutAppendRequest(200)) - 31ff8a7c-4ef6-4603-8d7a-5c866c7f5672@group-651FE1B6B3BB->f1ea936a-1aa4-4b4f-a193-5108e1c15289-GrpcLogAppender: appendEntries Timeout, request=31ff8a7c-4ef6-4603-8d7a-5c866c7f5672->f1ea936a-1aa4-4b4f-a193-5108e1c15289#20-t1, previous=(t:1, i:18), leaderCommit=16, initializing? false, entries: size=1, first=(t:1, i:19), STATEMACHINELOGENTRY, client-AC4080E834B7, cid=31
2019-09-16 16:47:19,256 [java.util.concurrent.ThreadPoolExecutor$Worker@5708b060[State = -1, empty queue]] WARN  server.GrpcLogAppender (GrpcLogAppender.java:timeoutAppendRequest(200)) - 31ff8a7c-4ef6-4603-8d7a-5c866c7f5672@group-651FE1B6B3BB->b1d373fd-82f2-45f9-929a-b8d8660dbeb2-GrpcLogAppender: appendEntries Timeout, request=31ff8a7c-4ef6-4603-8d7a-5c866c7f5672->b1d373fd-82f2-45f9-929a-b8d8660dbeb2#21-t1, previous=(t:1, i:19), leaderCommit=16, initializing? false, entries: size=1, first=(t:1, i:20), STATEMACHINELOGENTRY, client-AC4080E834B7, cid=32
2019-09-16 16:47:19,258 [java.util.concurrent.ThreadPoolExecutor$Worker@76876f3d[State = -1, empty queue]] WARN  server.GrpcLogAppender (GrpcLogAppender.java:timeoutAppendRequest(200)) - 31ff8a7c-4ef6-4603-8d7a-5c866c7f5672@group-651FE1B6B3BB->f1ea936a-1aa4-4b4f-a193-5108e1c15289-GrpcLogAppender: appendEntries Timeout, request=31ff8a7c-4ef6-4603-8d7a-5c866c7f5672->f1ea936a-1aa4-4b4f-a193-5108e1c15289#21-t1, previous=(t:1, i:19), leaderCommit=16, initializing? false, entries: size=1, first=(t:1, i:20), STATEMACHINELOGENTRY, client-AC4080E834B7, cid=32
2019-09-16 16:47:19,755 [java.util.concurrent.ThreadPoolExecutor$Worker@76876f3d[State = -1, empty queue]] WARN  server.GrpcLogAppender (GrpcLogAppender.java:timeoutAppendRequest(200)) - 31ff8a7c-4ef6-4603-8d7a-5c866c7f5672@group-651FE1B6B3BB->f1ea936a-1aa4-4b4f-a193-5108e1c15289-GrpcLogAppender: appendEntries Timeout, request=31ff8a7c-4ef6-4603-8d7a-5c866c7f5672->f1ea936a-1aa4-4b4f-a193-5108e1c15289#22-t1, previous=(t:1, i:20), leaderCommit=16, initializing? false, entries: <empty>
2019-09-16 16:47:19,755 [java.util.concurrent.ThreadPoolExecutor$Worker@5708b060[State = -1, empty queue]] WARN  server.GrpcLogAppender (GrpcLogAppender.java:timeoutAppendRequest(200)) - 31ff8a7c-4ef6-4603-8d7a-5c866c7f5672@group-651FE1B6B3BB->b1d373fd-82f2-45f9-929a-b8d8660dbeb2-GrpcLogAppender: appendEntries Timeout, request=31ff8a7c-4ef6-4603-8d7a-5c866c7f5672->b1d373fd-82f2-45f9-929a-b8d8660dbeb2#22-t1, previous=(t:1, i:20), leaderCommit=16, initializing? false, entries: <empty>
2019-09-16 16:47:20,256 [java.util.concurrent.ThreadPoolExecutor$Worker@5708b060[State = -1, empty queue]] WARN  server.GrpcLogAppender (GrpcLogAppender.java:timeoutAppendRequest(200)) - 31ff8a7c-4ef6-4603-8d7a-5c866c7f5672@group-651FE1B6B3BB->b1d373fd-82f2-45f9-929a-b8d8660dbeb2-GrpcLogAppender: appendEntries Timeout, request=31ff8a7c-4ef6-4603-8d7a-5c866c7f5672->b1d373fd-82f2-45f9-929a-b8d8660dbeb2#23-t1, previous=(t:1, i:20), leaderCommit=16, initializing? false, entries: <empty>
2019-09-16 16:47:20,256 [java.util.concurrent.ThreadPoolExecutor$Worker@76876f3d[State = -1, empty queue]] WARN  server.GrpcLogAppender (GrpcLogAppender.java:timeoutAppendRequest(200)) - 31ff8a7c-4ef6-4603-8d7a-5c866c7f5672@group-651FE1B6B3BB->f1ea936a-1aa4-4b4f-a193-5108e1c15289-GrpcLogAppender: appendEntries Timeout, request=31ff8a7c-4ef6-4603-8d7a-5c866c7f5672->f1ea936a-1aa4-4b4f-a193-5108e1c15289#23-t1, previous=(t:1, i:20), leaderCommit=16, initializing? false, entries: <empty>
2019-09-16 16:47:20,757 [java.util.concurrent.ThreadPoolExecutor$Worker@76876f3d[State = -1, empty queue]] WARN  server.GrpcLogAppender (GrpcLogAppender.java:timeoutAppendRequest(200)) - 31ff8a7c-4ef6-4603-8d7a-5c866c7f5672@group-651FE1B6B3BB->f1ea936a-1aa4-4b4f-a193-5108e1c15289-GrpcLogAppender: appendEntries Timeout, request=31ff8a7c-4ef6-4603-8d7a-5c866c7f5672->f1ea936a-1aa4-4b4f-a193-5108e1c15289#24-t1, previous=(t:1, i:20), leaderCommit=16, initializing? false, entries: <empty>
2019-09-16 16:47:20,757 [java.util.concurrent.ThreadPoolExecutor$Worker@5708b060[State = -1, empty queue]] WARN  server.GrpcLogAppender (GrpcLogAppender.java:timeoutAppendRequest(200)) - 31ff8a7c-4ef6-4603-8d7a-5c866c7f5672@group-651FE1B6B3BB->b1d373fd-82f2-45f9-929a-b8d8660dbeb2-GrpcLogAppender: appendEntries Timeout, request=31ff8a7c-4ef6-4603-8d7a-5c866c7f5672->b1d373fd-82f2-45f9-929a-b8d8660dbeb2#24-t1, previous=(t:1, i:20), leaderCommit=16, initializing? false, entries: <empty>
2019-09-16 16:47:21,258 [java.util.concurrent.ThreadPoolExecutor$Worker@5708b060[State = -1, empty queue]] WARN  server.GrpcLogAppender (GrpcLogAppender.java:timeoutAppendRequest(200)) - 31ff8a7c-4ef6-4603-8d7a-5c866c7f5672@group-651FE1B6B3BB->b1d373fd-82f2-45f9-929a-b8d8660dbeb2-GrpcLogAppender: appendEntries Timeout, request=31ff8a7c-4ef6-4603-8d7a-5c866c7f5672->b1d373fd-82f2-45f9-929a-b8d8660dbeb2#25-t1, previous=(t:1, i:20), leaderCommit=16, initializing? false, entries: <empty>
2019-09-16 16:47:21,258 [java.util.concurrent.ThreadPoolExecutor$Worker@76876f3d[State = -1, empty queue]] WARN  server.GrpcLogAppender (GrpcLogAppender.java:timeoutAppendRequest(200)) - 31ff8a7c-4ef6-4603-8d7a-5c866c7f5672@group-651FE1B6B3BB->f1ea936a-1aa4-4b4f-a193-5108e1c15289-GrpcLogAppender: appendEntries Timeout, request=31ff8a7c-4ef6-4603-8d7a-5c866c7f5672->f1ea936a-1aa4-4b4f-a193-5108e1c15289#25-t1, previous=(t:1, i:20), leaderCommit=16, initializing? false, entries: <empty>
2019-09-16 16:47:21,320 [grpc-default-executor-0] INFO  client.GrpcClientProtocolClient (GrpcClientProtocolClient.java:onNext(264)) - client-AC4080E834B7->b1d373fd-82f2-45f9-929a-b8d8660dbeb2: receive RaftClientReply:client-AC4080E834B7->b1d373fd-82f2-45f9-929a-b8d8660dbeb2@group-651FE1B6B3BB, cid=29, FAILED org.apache.ratis.protocol.NotLeaderException: Server b1d373fd-82f2-45f9-929a-b8d8660dbeb2@group-651FE1B6B3BB is not the leader 31ff8a7c-4ef6-4603-8d7a-5c866c7f5672:192.168.5.184:39370, logIndex=0, commits[b1d373fd-82f2-45f9-929a-b8d8660dbeb2:c16, 31ff8a7c-4ef6-4603-8d7a-5c866c7f5672:c16, f1ea936a-1aa4-4b4f-a193-5108e1c15289:c12]
2019-09-16 16:47:21,758 [java.util.concurrent.ThreadPoolExecutor$Worker@5708b060[State = -1, empty queue]] WARN  server.GrpcLogAppender (GrpcLogAppender.java:timeoutAppendRequest(200)) - 31ff8a7c-4ef6-4603-8d7a-5c866c7f5672@group-651FE1B6B3BB->b1d373fd-82f2-45f9-929a-b8d8660dbeb2-GrpcLogAppender: appendEntries Timeout, request=31ff8a7c-4ef6-4603-8d7a-5c866c7f5672->b1d373fd-82f2-45f9-929a-b8d8660dbeb2#26-t1, previous=(t:1, i:20), leaderCommit=16, initializing? false, entries: <empty>
2019-09-16 16:47:21,758 [java.util.concurrent.ThreadPoolExecutor$Worker@76876f3d[State = -1, empty queue]] WARN  server.GrpcLogAppender (GrpcLogAppender.java:timeoutAppendRequest(200)) - 31ff8a7c-4ef6-4603-8d7a-5c866c7f5672@group-651FE1B6B3BB->f1ea936a-1aa4-4b4f-a193-5108e1c15289-GrpcLogAppender: appendEntries Timeout, request=31ff8a7c-4ef6-4603-8d7a-5c866c7f5672->f1ea936a-1aa4-4b4f-a193-5108e1c15289#26-t1, previous=(t:1, i:20), leaderCommit=16, initializing? false, entries: <empty>
2019-09-16 16:47:22,262 [java.util.concurrent.ThreadPoolExecutor$Worker@76876f3d[State = -1, empty queue]] WARN  server.GrpcLogAppender (GrpcLogAppender.java:timeoutAppendRequest(200)) - 31ff8a7c-4ef6-4603-8d7a-5c866c7f5672@group-651FE1B6B3BB->f1ea936a-1aa4-4b4f-a193-5108e1c15289-GrpcLogAppender: appendEntries Timeout, request=31ff8a7c-4ef6-4603-8d7a-5c866c7f5672->f1ea936a-1aa4-4b4f-a193-5108e1c15289#27-t1, previous=(t:1, i:20), leaderCommit=16, initializing? false, entries: <empty>
2019-09-16 16:47:22,262 [java.util.concurrent.ThreadPoolExecutor$Worker@5708b060[State = -1, empty queue]] WARN  server.GrpcLogAppender (GrpcLogAppender.java:timeoutAppendRequest(200)) - 31ff8a7c-4ef6-4603-8d7a-5c866c7f5672@group-651FE1B6B3BB->b1d373fd-82f2-45f9-929a-b8d8660dbeb2-GrpcLogAppender: appendEntries Timeout, request=31ff8a7c-4ef6-4603-8d7a-5c866c7f5672->b1d373fd-82f2-45f9-929a-b8d8660dbeb2#27-t1, previous=(t:1, i:20), leaderCommit=16, initializing? false, entries: <empty>
2019-09-16 16:47:22,766 [java.util.concurrent.ThreadPoolExecutor$Worker@5708b060[State = -1, empty queue]] WARN  server.GrpcLogAppender (GrpcLogAppender.java:timeoutAppendRequest(200)) - 31ff8a7c-4ef6-4603-8d7a-5c866c7f5672@group-651FE1B6B3BB->b1d373fd-82f2-45f9-929a-b8d8660dbeb2-GrpcLogAppender: appendEntries Timeout, request=31ff8a7c-4ef6-4603-8d7a-5c866c7f5672->b1d373fd-82f2-45f9-929a-b8d8660dbeb2#28-t1, previous=(t:1, i:20), leaderCommit=16, initializing? false, entries: <empty>
2019-09-16 16:47:22,766 [java.util.concurrent.ThreadPoolExecutor$Worker@76876f3d[State = -1, empty queue]] WARN  server.GrpcLogAppender (GrpcLogAppender.java:timeoutAppendRequest(200)) - 31ff8a7c-4ef6-4603-8d7a-5c866c7f5672@group-651FE1B6B3BB->f1ea936a-1aa4-4b4f-a193-5108e1c15289-GrpcLogAppender: appendEntries Timeout, request=31ff8a7c-4ef6-4603-8d7a-5c866c7f5672->f1ea936a-1aa4-4b4f-a193-5108e1c15289#28-t1, previous=(t:1, i:20), leaderCommit=16, initializing? false, entries: <empty>
2019-09-16 16:47:23,267 [java.util.concurrent.ThreadPoolExecutor$Worker@5708b060[State = -1, empty queue]] WARN  server.GrpcLogAppender (GrpcLogAppender.java:timeoutAppendRequest(200)) - 31ff8a7c-4ef6-4603-8d7a-5c866c7f5672@group-651FE1B6B3BB->b1d373fd-82f2-45f9-929a-b8d8660dbeb2-GrpcLogAppender: appendEntries Timeout, request=31ff8a7c-4ef6-4603-8d7a-5c866c7f5672->b1d373fd-82f2-45f9-929a-b8d8660dbeb2#29-t1, previous=(t:1, i:20), leaderCommit=16, initializing? false, entries: <empty>
2019-09-16 16:47:23,267 [java.util.concurrent.ThreadPoolExecutor$Worker@76876f3d[State = -1, empty queue]] WARN  server.GrpcLogAppender (GrpcLogAppender.java:timeoutAppendRequest(200)) - 31ff8a7c-4ef6-4603-8d7a-5c866c7f5672@group-651FE1B6B3BB->f1ea936a-1aa4-4b4f-a193-5108e1c15289-GrpcLogAppender: appendEntries Timeout, request=31ff8a7c-4ef6-4603-8d7a-5c866c7f5672->f1ea936a-1aa4-4b4f-a193-5108e1c15289#29-t1, previous=(t:1, i:20), leaderCommit=16, initializing? false, entries: <empty>
2019-09-16 16:47:23,767 [java.util.concurrent.ThreadPoolExecutor$Worker@5708b060[State = -1, empty queue]] WARN  server.GrpcLogAppender (GrpcLogAppender.java:timeoutAppendRequest(200)) - 31ff8a7c-4ef6-4603-8d7a-5c866c7f5672@group-651FE1B6B3BB->b1d373fd-82f2-45f9-929a-b8d8660dbeb2-GrpcLogAppender: appendEntries Timeout, request=31ff8a7c-4ef6-4603-8d7a-5c866c7f5672->b1d373fd-82f2-45f9-929a-b8d8660dbeb2#30-t1, previous=(t:1, i:20), leaderCommit=16, initializing? false, entries: <empty>
2019-09-16 16:47:23,767 [java.util.concurrent.ThreadPoolExecutor$Worker@76876f3d[State = -1, empty queue]] WARN  server.GrpcLogAppender (GrpcLogAppender.java:timeoutAppendRequest(200)) - 31ff8a7c-4ef6-4603-8d7a-5c866c7f5672@group-651FE1B6B3BB->f1ea936a-1aa4-4b4f-a193-5108e1c15289-GrpcLogAppender: appendEntries Timeout, request=31ff8a7c-4ef6-4603-8d7a-5c866c7f5672->f1ea936a-1aa4-4b4f-a193-5108e1c15289#30-t1, previous=(t:1, i:20), leaderCommit=16, initializing? false, entries: <empty>
2019-09-16 16:47:24,268 [java.util.concurrent.ThreadPoolExecutor$Worker@76876f3d[State = -1, empty queue]] WARN  server.GrpcLogAppender (GrpcLogAppender.java:timeoutAppendRequest(200)) - 31ff8a7c-4ef6-4603-8d7a-5c866c7f5672@group-651FE1B6B3BB->f1ea936a-1aa4-4b4f-a193-5108e1c15289-GrpcLogAppender: appendEntries Timeout, request=31ff8a7c-4ef6-4603-8d7a-5c866c7f5672->f1ea936a-1aa4-4b4f-a193-5108e1c15289#31-t1, previous=(t:1, i:20), leaderCommit=16, initializing? false, entries: <empty>
2019-09-16 16:47:24,268 [java.util.concurrent.ThreadPoolExecutor$Worker@5708b060[State = -1, empty queue]] WARN  server.GrpcLogAppender (GrpcLogAppender.java:timeoutAppendRequest(200)) - 31ff8a7c-4ef6-4603-8d7a-5c866c7f5672@group-651FE1B6B3BB->b1d373fd-82f2-45f9-929a-b8d8660dbeb2-GrpcLogAppender: appendEntries Timeout, request=31ff8a7c-4ef6-4603-8d7a-5c866c7f5672->b1d373fd-82f2-45f9-929a-b8d8660dbeb2#31-t1, previous=(t:1, i:20), leaderCommit=16, initializing? false, entries: <empty>
2019-09-16 16:47:24,768 [java.util.concurrent.ThreadPoolExecutor$Worker@76876f3d[State = -1, empty queue]] WARN  server.GrpcLogAppender (GrpcLogAppender.java:timeoutAppendRequest(200)) - 31ff8a7c-4ef6-4603-8d7a-5c866c7f5672@group-651FE1B6B3BB->f1ea936a-1aa4-4b4f-a193-5108e1c15289-GrpcLogAppender: appendEntries Timeout, request=31ff8a7c-4ef6-4603-8d7a-5c866c7f5672->f1ea936a-1aa4-4b4f-a193-5108e1c15289#32-t1, previous=(t:1, i:20), leaderCommit=16, initializing? false, entries: <empty>
2019-09-16 16:47:24,768 [java.util.concurrent.ThreadPoolExecutor$Worker@5708b060[State = -1, empty queue]] WARN  server.GrpcLogAppender (GrpcLogAppender.java:timeoutAppendRequest(200)) - 31ff8a7c-4ef6-4603-8d7a-5c866c7f5672@group-651FE1B6B3BB->b1d373fd-82f2-45f9-929a-b8d8660dbeb2-GrpcLogAppender: appendEntries Timeout, request=31ff8a7c-4ef6-4603-8d7a-5c866c7f5672->b1d373fd-82f2-45f9-929a-b8d8660dbeb2#32-t1, previous=(t:1, i:20), leaderCommit=16, initializing? false, entries: <empty>
2019-09-16 16:47:25,269 [java.util.concurrent.ThreadPoolExecutor$Worker@76876f3d[State = -1, empty queue]] WARN  server.GrpcLogAppender (GrpcLogAppender.java:timeoutAppendRequest(200)) - 31ff8a7c-4ef6-4603-8d7a-5c866c7f5672@group-651FE1B6B3BB->f1ea936a-1aa4-4b4f-a193-5108e1c15289-GrpcLogAppender: appendEntries Timeout, request=31ff8a7c-4ef6-4603-8d7a-5c866c7f5672->f1ea936a-1aa4-4b4f-a193-5108e1c15289#33-t1, previous=(t:1, i:20), leaderCommit=16, initializing? false, entries: <empty>
2019-09-16 16:47:25,269 [java.util.concurrent.ThreadPoolExecutor$Worker@5708b060[State = -1, empty queue]] WARN  server.GrpcLogAppender (GrpcLogAppender.java:timeoutAppendRequest(200)) - 31ff8a7c-4ef6-4603-8d7a-5c866c7f5672@group-651FE1B6B3BB->b1d373fd-82f2-45f9-929a-b8d8660dbeb2-GrpcLogAppender: appendEntries Timeout, request=31ff8a7c-4ef6-4603-8d7a-5c866c7f5672->b1d373fd-82f2-45f9-929a-b8d8660dbeb2#33-t1, previous=(t:1, i:20), leaderCommit=16, initializing? false, entries: <empty>
2019-09-16 16:47:25,769 [java.util.concurrent.ThreadPoolExecutor$Worker@76876f3d[State = -1, empty queue]] WARN  server.GrpcLogAppender (GrpcLogAppender.java:timeoutAppendRequest(200)) - 31ff8a7c-4ef6-4603-8d7a-5c866c7f5672@group-651FE1B6B3BB->f1ea936a-1aa4-4b4f-a193-5108e1c15289-GrpcLogAppender: appendEntries Timeout, request=31ff8a7c-4ef6-4603-8d7a-5c866c7f5672->f1ea936a-1aa4-4b4f-a193-5108e1c15289#34-t1, previous=(t:1, i:20), leaderCommit=16, initializing? false, entries: <empty>
2019-09-16 16:47:25,769 [java.util.concurrent.ThreadPoolExecutor$Worker@5708b060[State = -1, empty queue]] WARN  server.GrpcLogAppender (GrpcLogAppender.java:timeoutAppendRequest(200)) - 31ff8a7c-4ef6-4603-8d7a-5c866c7f5672@group-651FE1B6B3BB->b1d373fd-82f2-45f9-929a-b8d8660dbeb2-GrpcLogAppender: appendEntries Timeout, request=31ff8a7c-4ef6-4603-8d7a-5c866c7f5672->b1d373fd-82f2-45f9-929a-b8d8660dbeb2#34-t1, previous=(t:1, i:20), leaderCommit=16, initializing? false, entries: <empty>
2019-09-16 16:47:26,242 [b1d373fd-82f2-45f9-929a-b8d8660dbeb2@group-651FE1B6B3BB-SegmentedRaftLogWorker] WARN  segmented.SegmentedRaftLogWorker (SegmentedRaftLogWorker.java:getFromFuture(90)) - Timeout 0/~
org.apache.ratis.protocol.TimeoutIOException: Timeout 10s: WriteLog:17: (t:1, i:17), STATEMACHINELOGENTRY, client-AC4080E834B7, cid=29-writeStateMachineData
	at org.apache.ratis.util.IOUtils.getFromFuture(IOUtils.java:87)
	at org.apache.ratis.server.raftlog.segmented.SegmentedRaftLogWorker$StateMachineDataPolicy.getFromFuture(SegmentedRaftLogWorker.java:87)
	at org.apache.ratis.server.raftlog.segmented.SegmentedRaftLogWorker$WriteLog.execute(SegmentedRaftLogWorker.java:477)
	at org.apache.ratis.server.raftlog.segmented.SegmentedRaftLogWorker.run(SegmentedRaftLogWorker.java:289)
	at java.lang.Thread.run(Thread.java:748)
Caused by: java.util.concurrent.TimeoutException
	at java.util.concurrent.CompletableFuture.timedGet(CompletableFuture.java:1771)
	at java.util.concurrent.CompletableFuture.get(CompletableFuture.java:1915)
	at org.apache.ratis.util.IOUtils.getFromFuture(IOUtils.java:79)
	... 4 more
2019-09-16 16:47:26,270 [java.util.concurrent.ThreadPoolExecutor$Worker@76876f3d[State = -1, empty queue]] WARN  server.GrpcLogAppender (GrpcLogAppender.java:timeoutAppendRequest(200)) - 31ff8a7c-4ef6-4603-8d7a-5c866c7f5672@group-651FE1B6B3BB->f1ea936a-1aa4-4b4f-a193-5108e1c15289-GrpcLogAppender: appendEntries Timeout, request=31ff8a7c-4ef6-4603-8d7a-5c866c7f5672->f1ea936a-1aa4-4b4f-a193-5108e1c15289#35-t1, previous=(t:1, i:20), leaderCommit=16, initializing? false, entries: <empty>
2019-09-16 16:47:26,270 [java.util.concurrent.ThreadPoolExecutor$Worker@5708b060[State = -1, empty queue]] WARN  server.GrpcLogAppender (GrpcLogAppender.java:timeoutAppendRequest(200)) - 31ff8a7c-4ef6-4603-8d7a-5c866c7f5672@group-651FE1B6B3BB->b1d373fd-82f2-45f9-929a-b8d8660dbeb2-GrpcLogAppender: appendEntries Timeout, request=31ff8a7c-4ef6-4603-8d7a-5c866c7f5672->b1d373fd-82f2-45f9-929a-b8d8660dbeb2#35-t1, previous=(t:1, i:20), leaderCommit=16, initializing? false, entries: <empty>
2019-09-16 16:47:26,397 [grpc-default-executor-1] INFO  client.GrpcClientProtocolClient (GrpcClientProtocolClient.java:onNext(264)) - client-AC4080E834B7->f1ea936a-1aa4-4b4f-a193-5108e1c15289: receive RaftClientReply:client-AC4080E834B7->f1ea936a-1aa4-4b4f-a193-5108e1c15289@group-651FE1B6B3BB, cid=29, FAILED org.apache.ratis.protocol.NotLeaderException: Server f1ea936a-1aa4-4b4f-a193-5108e1c15289@group-651FE1B6B3BB is not the leader 31ff8a7c-4ef6-4603-8d7a-5c866c7f5672:192.168.5.184:39370, logIndex=0, commits[f1ea936a-1aa4-4b4f-a193-5108e1c15289:c16, 31ff8a7c-4ef6-4603-8d7a-5c866c7f5672:c16, b1d373fd-82f2-45f9-929a-b8d8660dbeb2:c12]
2019-09-16 16:47:26,433 [31ff8a7c-4ef6-4603-8d7a-5c866c7f5672@group-651FE1B6B3BB-SegmentedRaftLogWorker] WARN  segmented.SegmentedRaftLogWorker (SegmentedRaftLogWorker.java:getFromFuture(90)) - Timeout 0/~
org.apache.ratis.protocol.TimeoutIOException: Timeout 10s: WriteLog:19: (t:1, i:19), STATEMACHINELOGENTRY, client-AC4080E834B7, cid=31-writeStateMachineData
	at org.apache.ratis.util.IOUtils.getFromFuture(IOUtils.java:87)
	at org.apache.ratis.server.raftlog.segmented.SegmentedRaftLogWorker$StateMachineDataPolicy.getFromFuture(SegmentedRaftLogWorker.java:87)
	at org.apache.ratis.server.raftlog.segmented.SegmentedRaftLogWorker$WriteLog.execute(SegmentedRaftLogWorker.java:477)
	at org.apache.ratis.server.raftlog.segmented.SegmentedRaftLogWorker.run(SegmentedRaftLogWorker.java:289)
	at java.lang.Thread.run(Thread.java:748)
Caused by: java.util.concurrent.TimeoutException
	at java.util.concurrent.CompletableFuture.timedGet(CompletableFuture.java:1771)
	at java.util.concurrent.CompletableFuture.get(CompletableFuture.java:1915)
	at org.apache.ratis.util.IOUtils.getFromFuture(IOUtils.java:79)
	... 4 more
2019-09-16 16:47:26,433 [f1ea936a-1aa4-4b4f-a193-5108e1c15289@group-651FE1B6B3BB-SegmentedRaftLogWorker] WARN  segmented.SegmentedRaftLogWorker (SegmentedRaftLogWorker.java:getFromFuture(90)) - Timeout 0/~
org.apache.ratis.protocol.TimeoutIOException: Timeout 10s: WriteLog:19: (t:1, i:19), STATEMACHINELOGENTRY, client-AC4080E834B7, cid=31-writeStateMachineData
	at org.apache.ratis.util.IOUtils.getFromFuture(IOUtils.java:87)
	at org.apache.ratis.server.raftlog.segmented.SegmentedRaftLogWorker$StateMachineDataPolicy.getFromFuture(SegmentedRaftLogWorker.java:87)
	at org.apache.ratis.server.raftlog.segmented.SegmentedRaftLogWorker$WriteLog.execute(SegmentedRaftLogWorker.java:477)
	at org.apache.ratis.server.raftlog.segmented.SegmentedRaftLogWorker.run(SegmentedRaftLogWorker.java:289)
	at java.lang.Thread.run(Thread.java:748)
Caused by: java.util.concurrent.TimeoutException
	at java.util.concurrent.CompletableFuture.timedGet(CompletableFuture.java:1771)
	at java.util.concurrent.CompletableFuture.get(CompletableFuture.java:1915)
	at org.apache.ratis.util.IOUtils.getFromFuture(IOUtils.java:79)
	... 4 more
2019-09-16 16:47:26,771 [java.util.concurrent.ThreadPoolExecutor$Worker@5708b060[State = -1, empty queue]] WARN  server.GrpcLogAppender (GrpcLogAppender.java:timeoutAppendRequest(200)) - 31ff8a7c-4ef6-4603-8d7a-5c866c7f5672@group-651FE1B6B3BB->b1d373fd-82f2-45f9-929a-b8d8660dbeb2-GrpcLogAppender: appendEntries Timeout, request=31ff8a7c-4ef6-4603-8d7a-5c866c7f5672->b1d373fd-82f2-45f9-929a-b8d8660dbeb2#36-t1, previous=(t:1, i:20), leaderCommit=16, initializing? false, entries: <empty>
2019-09-16 16:47:26,771 [java.util.concurrent.ThreadPoolExecutor$Worker@76876f3d[State = -1, empty queue]] WARN  server.GrpcLogAppender (GrpcLogAppender.java:timeoutAppendRequest(200)) - 31ff8a7c-4ef6-4603-8d7a-5c866c7f5672@group-651FE1B6B3BB->f1ea936a-1aa4-4b4f-a193-5108e1c15289-GrpcLogAppender: appendEntries Timeout, request=31ff8a7c-4ef6-4603-8d7a-5c866c7f5672->f1ea936a-1aa4-4b4f-a193-5108e1c15289#36-t1, previous=(t:1, i:20), leaderCommit=16, initializing? false, entries: <empty>
2019-09-16 16:47:27,272 [java.util.concurrent.ThreadPoolExecutor$Worker@76876f3d[State = -1, empty queue]] WARN  server.GrpcLogAppender (GrpcLogAppender.java:timeoutAppendRequest(200)) - 31ff8a7c-4ef6-4603-8d7a-5c866c7f5672@group-651FE1B6B3BB->f1ea936a-1aa4-4b4f-a193-5108e1c15289-GrpcLogAppender: appendEntries Timeout, request=31ff8a7c-4ef6-4603-8d7a-5c866c7f5672->f1ea936a-1aa4-4b4f-a193-5108e1c15289#37-t1, previous=(t:1, i:20), leaderCommit=16, initializing? false, entries: <empty>
2019-09-16 16:47:27,272 [java.util.concurrent.ThreadPoolExecutor$Worker@5708b060[State = -1, empty queue]] WARN  server.GrpcLogAppender (GrpcLogAppender.java:timeoutAppendRequest(200)) - 31ff8a7c-4ef6-4603-8d7a-5c866c7f5672@group-651FE1B6B3BB->b1d373fd-82f2-45f9-929a-b8d8660dbeb2-GrpcLogAppender: appendEntries Timeout, request=31ff8a7c-4ef6-4603-8d7a-5c866c7f5672->b1d373fd-82f2-45f9-929a-b8d8660dbeb2#37-t1, previous=(t:1, i:20), leaderCommit=16, initializing? false, entries: <empty>
2019-09-16 16:47:27,773 [java.util.concurrent.ThreadPoolExecutor$Worker@5708b060[State = -1, empty queue]] WARN  server.GrpcLogAppender (GrpcLogAppender.java:timeoutAppendRequest(200)) - 31ff8a7c-4ef6-4603-8d7a-5c866c7f5672@group-651FE1B6B3BB->b1d373fd-82f2-45f9-929a-b8d8660dbeb2-GrpcLogAppender: appendEntries Timeout, request=31ff8a7c-4ef6-4603-8d7a-5c866c7f5672->b1d373fd-82f2-45f9-929a-b8d8660dbeb2#38-t1, previous=(t:1, i:20), leaderCommit=16, initializing? false, entries: <empty>
2019-09-16 16:47:27,773 [java.util.concurrent.ThreadPoolExecutor$Worker@76876f3d[State = -1, empty queue]] WARN  server.GrpcLogAppender (GrpcLogAppender.java:timeoutAppendRequest(200)) - 31ff8a7c-4ef6-4603-8d7a-5c866c7f5672@group-651FE1B6B3BB->f1ea936a-1aa4-4b4f-a193-5108e1c15289-GrpcLogAppender: appendEntries Timeout, request=31ff8a7c-4ef6-4603-8d7a-5c866c7f5672->f1ea936a-1aa4-4b4f-a193-5108e1c15289#38-t1, previous=(t:1, i:20), leaderCommit=16, initializing? false, entries: <empty>
2019-09-16 16:47:28,273 [java.util.concurrent.ThreadPoolExecutor$Worker@5708b060[State = -1, empty queue]] WARN  server.GrpcLogAppender (GrpcLogAppender.java:timeoutAppendRequest(200)) - 31ff8a7c-4ef6-4603-8d7a-5c866c7f5672@group-651FE1B6B3BB->b1d373fd-82f2-45f9-929a-b8d8660dbeb2-GrpcLogAppender: appendEntries Timeout, request=31ff8a7c-4ef6-4603-8d7a-5c866c7f5672->b1d373fd-82f2-45f9-929a-b8d8660dbeb2#39-t1, previous=(t:1, i:20), leaderCommit=16, initializing? false, entries: <empty>
2019-09-16 16:47:28,273 [java.util.concurrent.ThreadPoolExecutor$Worker@76876f3d[State = -1, empty queue]] WARN  server.GrpcLogAppender (GrpcLogAppender.java:timeoutAppendRequest(200)) - 31ff8a7c-4ef6-4603-8d7a-5c866c7f5672@group-651FE1B6B3BB->f1ea936a-1aa4-4b4f-a193-5108e1c15289-GrpcLogAppender: appendEntries Timeout, request=31ff8a7c-4ef6-4603-8d7a-5c866c7f5672->f1ea936a-1aa4-4b4f-a193-5108e1c15289#39-t1, previous=(t:1, i:20), leaderCommit=16, initializing? false, entries: <empty>
2019-09-16 16:47:28,774 [java.util.concurrent.ThreadPoolExecutor$Worker@76876f3d[State = -1, empty queue]] WARN  server.GrpcLogAppender (GrpcLogAppender.java:timeoutAppendRequest(200)) - 31ff8a7c-4ef6-4603-8d7a-5c866c7f5672@group-651FE1B6B3BB->f1ea936a-1aa4-4b4f-a193-5108e1c15289-GrpcLogAppender: appendEntries Timeout, request=31ff8a7c-4ef6-4603-8d7a-5c866c7f5672->f1ea936a-1aa4-4b4f-a193-5108e1c15289#40-t1, previous=(t:1, i:20), leaderCommit=16, initializing? false, entries: <empty>
2019-09-16 16:47:28,774 [java.util.concurrent.ThreadPoolExecutor$Worker@5708b060[State = -1, empty queue]] WARN  server.GrpcLogAppender (GrpcLogAppender.java:timeoutAppendRequest(200)) - 31ff8a7c-4ef6-4603-8d7a-5c866c7f5672@group-651FE1B6B3BB->b1d373fd-82f2-45f9-929a-b8d8660dbeb2-GrpcLogAppender: appendEntries Timeout, request=31ff8a7c-4ef6-4603-8d7a-5c866c7f5672->b1d373fd-82f2-45f9-929a-b8d8660dbeb2#40-t1, previous=(t:1, i:20), leaderCommit=16, initializing? false, entries: <empty>
2019-09-16 16:47:29,274 [java.util.concurrent.ThreadPoolExecutor$Worker@76876f3d[State = -1, empty queue]] WARN  server.GrpcLogAppender (GrpcLogAppender.java:timeoutAppendRequest(200)) - 31ff8a7c-4ef6-4603-8d7a-5c866c7f5672@group-651FE1B6B3BB->f1ea936a-1aa4-4b4f-a193-5108e1c15289-GrpcLogAppender: appendEntries Timeout, request=31ff8a7c-4ef6-4603-8d7a-5c866c7f5672->f1ea936a-1aa4-4b4f-a193-5108e1c15289#41-t1, previous=(t:1, i:20), leaderCommit=16, initializing? false, entries: <empty>
2019-09-16 16:47:29,274 [java.util.concurrent.ThreadPoolExecutor$Worker@5708b060[State = -1, empty queue]] WARN  server.GrpcLogAppender (GrpcLogAppender.java:timeoutAppendRequest(200)) - 31ff8a7c-4ef6-4603-8d7a-5c866c7f5672@group-651FE1B6B3BB->b1d373fd-82f2-45f9-929a-b8d8660dbeb2-GrpcLogAppender: appendEntries Timeout, request=31ff8a7c-4ef6-4603-8d7a-5c866c7f5672->b1d373fd-82f2-45f9-929a-b8d8660dbeb2#41-t1, previous=(t:1, i:20), leaderCommit=16, initializing? false, entries: <empty>
2019-09-16 16:47:29,775 [java.util.concurrent.ThreadPoolExecutor$Worker@5708b060[State = -1, empty queue]] WARN  server.GrpcLogAppender (GrpcLogAppender.java:timeoutAppendRequest(200)) - 31ff8a7c-4ef6-4603-8d7a-5c866c7f5672@group-651FE1B6B3BB->b1d373fd-82f2-45f9-929a-b8d8660dbeb2-GrpcLogAppender: appendEntries Timeout, request=31ff8a7c-4ef6-4603-8d7a-5c866c7f5672->b1d373fd-82f2-45f9-929a-b8d8660dbeb2#42-t1, previous=(t:1, i:20), leaderCommit=16, initializing? false, entries: <empty>
2019-09-16 16:47:29,775 [java.util.concurrent.ThreadPoolExecutor$Worker@76876f3d[State = -1, empty queue]] WARN  server.GrpcLogAppender (GrpcLogAppender.java:timeoutAppendRequest(200)) - 31ff8a7c-4ef6-4603-8d7a-5c866c7f5672@group-651FE1B6B3BB->f1ea936a-1aa4-4b4f-a193-5108e1c15289-GrpcLogAppender: appendEntries Timeout, request=31ff8a7c-4ef6-4603-8d7a-5c866c7f5672->f1ea936a-1aa4-4b4f-a193-5108e1c15289#42-t1, previous=(t:1, i:20), leaderCommit=16, initializing? false, entries: <empty>
2019-09-16 16:47:30,275 [java.util.concurrent.ThreadPoolExecutor$Worker@76876f3d[State = -1, empty queue]] WARN  server.GrpcLogAppender (GrpcLogAppender.java:timeoutAppendRequest(200)) - 31ff8a7c-4ef6-4603-8d7a-5c866c7f5672@group-651FE1B6B3BB->f1ea936a-1aa4-4b4f-a193-5108e1c15289-GrpcLogAppender: appendEntries Timeout, request=31ff8a7c-4ef6-4603-8d7a-5c866c7f5672->f1ea936a-1aa4-4b4f-a193-5108e1c15289#43-t1, previous=(t:1, i:20), leaderCommit=16, initializing? false, entries: <empty>
2019-09-16 16:47:30,275 [java.util.concurrent.ThreadPoolExecutor$Worker@5708b060[State = -1, empty queue]] WARN  server.GrpcLogAppender (GrpcLogAppender.java:timeoutAppendRequest(200)) - 31ff8a7c-4ef6-4603-8d7a-5c866c7f5672@group-651FE1B6B3BB->b1d373fd-82f2-45f9-929a-b8d8660dbeb2-GrpcLogAppender: appendEntries Timeout, request=31ff8a7c-4ef6-4603-8d7a-5c866c7f5672->b1d373fd-82f2-45f9-929a-b8d8660dbeb2#43-t1, previous=(t:1, i:20), leaderCommit=16, initializing? false, entries: <empty>
2019-09-16 16:47:30,776 [java.util.concurrent.ThreadPoolExecutor$Worker@5708b060[State = -1, empty queue]] WARN  server.GrpcLogAppender (GrpcLogAppender.java:timeoutAppendRequest(200)) - 31ff8a7c-4ef6-4603-8d7a-5c866c7f5672@group-651FE1B6B3BB->b1d373fd-82f2-45f9-929a-b8d8660dbeb2-GrpcLogAppender: appendEntries Timeout, request=31ff8a7c-4ef6-4603-8d7a-5c866c7f5672->b1d373fd-82f2-45f9-929a-b8d8660dbeb2#44-t1, previous=(t:1, i:20), leaderCommit=16, initializing? false, entries: <empty>
2019-09-16 16:47:30,776 [java.util.concurrent.ThreadPoolExecutor$Worker@76876f3d[State = -1, empty queue]] WARN  server.GrpcLogAppender (GrpcLogAppender.java:timeoutAppendRequest(200)) - 31ff8a7c-4ef6-4603-8d7a-5c866c7f5672@group-651FE1B6B3BB->f1ea936a-1aa4-4b4f-a193-5108e1c15289-GrpcLogAppender: appendEntries Timeout, request=31ff8a7c-4ef6-4603-8d7a-5c866c7f5672->f1ea936a-1aa4-4b4f-a193-5108e1c15289#44-t1, previous=(t:1, i:20), leaderCommit=16, initializing? false, entries: <empty>
2019-09-16 16:47:31,276 [java.util.concurrent.ThreadPoolExecutor$Worker@5708b060[State = -1, empty queue]] WARN  server.GrpcLogAppender (GrpcLogAppender.java:timeoutAppendRequest(200)) - 31ff8a7c-4ef6-4603-8d7a-5c866c7f5672@group-651FE1B6B3BB->b1d373fd-82f2-45f9-929a-b8d8660dbeb2-GrpcLogAppender: appendEntries Timeout, request=31ff8a7c-4ef6-4603-8d7a-5c866c7f5672->b1d373fd-82f2-45f9-929a-b8d8660dbeb2#45-t1, previous=(t:1, i:20), leaderCommit=16, initializing? false, entries: <empty>
2019-09-16 16:47:31,276 [java.util.concurrent.ThreadPoolExecutor$Worker@76876f3d[State = -1, empty queue]] WARN  server.GrpcLogAppender (GrpcLogAppender.java:timeoutAppendRequest(200)) - 31ff8a7c-4ef6-4603-8d7a-5c866c7f5672@group-651FE1B6B3BB->f1ea936a-1aa4-4b4f-a193-5108e1c15289-GrpcLogAppender: appendEntries Timeout, request=31ff8a7c-4ef6-4603-8d7a-5c866c7f5672->f1ea936a-1aa4-4b4f-a193-5108e1c15289#45-t1, previous=(t:1, i:20), leaderCommit=16, initializing? false, entries: <empty>
2019-09-16 16:47:31,475 [grpc-default-executor-0] INFO  client.GrpcClientProtocolClient (GrpcClientProtocolClient.java:onNext(264)) - client-AC4080E834B7->b1d373fd-82f2-45f9-929a-b8d8660dbeb2: receive RaftClientReply:client-AC4080E834B7->b1d373fd-82f2-45f9-929a-b8d8660dbeb2@group-651FE1B6B3BB, cid=29, FAILED org.apache.ratis.protocol.NotLeaderException: Server b1d373fd-82f2-45f9-929a-b8d8660dbeb2@group-651FE1B6B3BB is not the leader 31ff8a7c-4ef6-4603-8d7a-5c866c7f5672:192.168.5.184:39370, logIndex=0, commits[b1d373fd-82f2-45f9-929a-b8d8660dbeb2:c16, 31ff8a7c-4ef6-4603-8d7a-5c866c7f5672:c16, f1ea936a-1aa4-4b4f-a193-5108e1c15289:c12]
2019-09-16 16:47:31,788 [java.util.concurrent.ThreadPoolExecutor$Worker@5708b060[State = -1, empty queue]] WARN  server.GrpcLogAppender (GrpcLogAppender.java:timeoutAppendRequest(200)) - 31ff8a7c-4ef6-4603-8d7a-5c866c7f5672@group-651FE1B6B3BB->b1d373fd-82f2-45f9-929a-b8d8660dbeb2-GrpcLogAppender: appendEntries Timeout, request=31ff8a7c-4ef6-4603-8d7a-5c866c7f5672->b1d373fd-82f2-45f9-929a-b8d8660dbeb2#46-t1, previous=(t:1, i:20), leaderCommit=16, initializing? false, entries: <empty>
2019-09-16 16:47:31,788 [java.util.concurrent.ThreadPoolExecutor$Worker@76876f3d[State = -1, empty queue]] WARN  server.GrpcLogAppender (GrpcLogAppender.java:timeoutAppendRequest(200)) - 31ff8a7c-4ef6-4603-8d7a-5c866c7f5672@group-651FE1B6B3BB->f1ea936a-1aa4-4b4f-a193-5108e1c15289-GrpcLogAppender: appendEntries Timeout, request=31ff8a7c-4ef6-4603-8d7a-5c866c7f5672->f1ea936a-1aa4-4b4f-a193-5108e1c15289#46-t1, previous=(t:1, i:20), leaderCommit=16, initializing? false, entries: <empty>
2019-09-16 16:47:32,277 [java.util.concurrent.ThreadPoolExecutor$Worker@5708b060[State = -1, empty queue]] WARN  server.GrpcLogAppender (GrpcLogAppender.java:timeoutAppendRequest(200)) - 31ff8a7c-4ef6-4603-8d7a-5c866c7f5672@group-651FE1B6B3BB->b1d373fd-82f2-45f9-929a-b8d8660dbeb2-GrpcLogAppender: appendEntries Timeout, request=31ff8a7c-4ef6-4603-8d7a-5c866c7f5672->b1d373fd-82f2-45f9-929a-b8d8660dbeb2#47-t1, previous=(t:1, i:20), leaderCommit=16, initializing? false, entries: <empty>
2019-09-16 16:47:32,277 [java.util.concurrent.ThreadPoolExecutor$Worker@76876f3d[State = -1, empty queue]] WARN  server.GrpcLogAppender (GrpcLogAppender.java:timeoutAppendRequest(200)) - 31ff8a7c-4ef6-4603-8d7a-5c866c7f5672@group-651FE1B6B3BB->f1ea936a-1aa4-4b4f-a193-5108e1c15289-GrpcLogAppender: appendEntries Timeout, request=31ff8a7c-4ef6-4603-8d7a-5c866c7f5672->f1ea936a-1aa4-4b4f-a193-5108e1c15289#47-t1, previous=(t:1, i:20), leaderCommit=16, initializing? false, entries: <empty>
2019-09-16 16:47:32,779 [java.util.concurrent.ThreadPoolExecutor$Worker@76876f3d[State = -1, empty queue]] WARN  server.GrpcLogAppender (GrpcLogAppender.java:timeoutAppendRequest(200)) - 31ff8a7c-4ef6-4603-8d7a-5c866c7f5672@group-651FE1B6B3BB->f1ea936a-1aa4-4b4f-a193-5108e1c15289-GrpcLogAppender: appendEntries Timeout, request=31ff8a7c-4ef6-4603-8d7a-5c866c7f5672->f1ea936a-1aa4-4b4f-a193-5108e1c15289#48-t1, previous=(t:1, i:20), leaderCommit=16, initializing? false, entries: <empty>
2019-09-16 16:47:32,779 [java.util.concurrent.ThreadPoolExecutor$Worker@5708b060[State = -1, empty queue]] WARN  server.GrpcLogAppender (GrpcLogAppender.java:timeoutAppendRequest(200)) - 31ff8a7c-4ef6-4603-8d7a-5c866c7f5672@group-651FE1B6B3BB->b1d373fd-82f2-45f9-929a-b8d8660dbeb2-GrpcLogAppender: appendEntries Timeout, request=31ff8a7c-4ef6-4603-8d7a-5c866c7f5672->b1d373fd-82f2-45f9-929a-b8d8660dbeb2#48-t1, previous=(t:1, i:20), leaderCommit=16, initializing? false, entries: <empty>
2019-09-16 16:47:33,279 [java.util.concurrent.ThreadPoolExecutor$Worker@76876f3d[State = -1, empty queue]] WARN  server.GrpcLogAppender (GrpcLogAppender.java:timeoutAppendRequest(200)) - 31ff8a7c-4ef6-4603-8d7a-5c866c7f5672@group-651FE1B6B3BB->f1ea936a-1aa4-4b4f-a193-5108e1c15289-GrpcLogAppender: appendEntries Timeout, request=31ff8a7c-4ef6-4603-8d7a-5c866c7f5672->f1ea936a-1aa4-4b4f-a193-5108e1c15289#49-t1, previous=(t:1, i:20), leaderCommit=16, initializing? false, entries: <empty>
2019-09-16 16:47:33,279 [java.util.concurrent.ThreadPoolExecutor$Worker@5708b060[State = -1, empty queue]] WARN  server.GrpcLogAppender (GrpcLogAppender.java:timeoutAppendRequest(200)) - 31ff8a7c-4ef6-4603-8d7a-5c866c7f5672@group-651FE1B6B3BB->b1d373fd-82f2-45f9-929a-b8d8660dbeb2-GrpcLogAppender: appendEntries Timeout, request=31ff8a7c-4ef6-4603-8d7a-5c866c7f5672->b1d373fd-82f2-45f9-929a-b8d8660dbeb2#49-t1, previous=(t:1, i:20), leaderCommit=16, initializing? false, entries: <empty>
2019-09-16 16:47:33,779 [java.util.concurrent.ThreadPoolExecutor$Worker@76876f3d[State = -1, empty queue]] WARN  server.GrpcLogAppender (GrpcLogAppender.java:timeoutAppendRequest(200)) - 31ff8a7c-4ef6-4603-8d7a-5c866c7f5672@group-651FE1B6B3BB->f1ea936a-1aa4-4b4f-a193-5108e1c15289-GrpcLogAppender: appendEntries Timeout, request=31ff8a7c-4ef6-4603-8d7a-5c866c7f5672->f1ea936a-1aa4-4b4f-a193-5108e1c15289#50-t1, previous=(t:1, i:20), leaderCommit=16, initializing? false, entries: <empty>
2019-09-16 16:47:33,780 [java.util.concurrent.ThreadPoolExecutor$Worker@5708b060[State = -1, empty queue]] WARN  server.GrpcLogAppender (GrpcLogAppender.java:timeoutAppendRequest(200)) - 31ff8a7c-4ef6-4603-8d7a-5c866c7f5672@group-651FE1B6B3BB->b1d373fd-82f2-45f9-929a-b8d8660dbeb2-GrpcLogAppender: appendEntries Timeout, request=31ff8a7c-4ef6-4603-8d7a-5c866c7f5672->b1d373fd-82f2-45f9-929a-b8d8660dbeb2#50-t1, previous=(t:1, i:20), leaderCommit=16, initializing? false, entries: <empty>
2019-09-16 16:47:34,280 [java.util.concurrent.ThreadPoolExecutor$Worker@76876f3d[State = -1, empty queue]] WARN  server.GrpcLogAppender (GrpcLogAppender.java:timeoutAppendRequest(200)) - 31ff8a7c-4ef6-4603-8d7a-5c866c7f5672@group-651FE1B6B3BB->f1ea936a-1aa4-4b4f-a193-5108e1c15289-GrpcLogAppender: appendEntries Timeout, request=31ff8a7c-4ef6-4603-8d7a-5c866c7f5672->f1ea936a-1aa4-4b4f-a193-5108e1c15289#51-t1, previous=(t:1, i:20), leaderCommit=16, initializing? false, entries: <empty>
2019-09-16 16:47:34,280 [java.util.concurrent.ThreadPoolExecutor$Worker@5708b060[State = -1, empty queue]] WARN  server.GrpcLogAppender (GrpcLogAppender.java:timeoutAppendRequest(200)) - 31ff8a7c-4ef6-4603-8d7a-5c866c7f5672@group-651FE1B6B3BB->b1d373fd-82f2-45f9-929a-b8d8660dbeb2-GrpcLogAppender: appendEntries Timeout, request=31ff8a7c-4ef6-4603-8d7a-5c866c7f5672->b1d373fd-82f2-45f9-929a-b8d8660dbeb2#51-t1, previous=(t:1, i:20), leaderCommit=16, initializing? false, entries: <empty>
2019-09-16 16:47:34,505 [main] WARN  io.KeyOutputStream (KeyOutputStream.java:handleException(276)) - Encountered exception java.io.IOException: Unexpected Storage Container Exception: java.util.concurrent.CompletionException: java.util.concurrent.CompletionException: org.apache.ratis.protocol.RaftRetryFailureException: Failed RaftClientRequest:client-AC4080E834B7->31ff8a7c-4ef6-4603-8d7a-5c866c7f5672@group-651FE1B6B3BB, cid=29, seq=9*, RW, org.apache.hadoop.hdds.scm.XceiverClientRatis$$Lambda$467/1412392963@27d8b5d4 for 10 attempts with RetryLimited(maxAttempts=10, sleepTime=1000ms) on the pipeline Pipeline[ Id: 43d64965-e11f-473d-8ea4-651fe1b6b3bb, Nodes: 31ff8a7c-4ef6-4603-8d7a-5c866c7f5672{ip: 192.168.5.184, host: pr-hdds-2022-qxstf-1422721469, networkLocation: /default-rack, certSerialId: null}f1ea936a-1aa4-4b4f-a193-5108e1c15289{ip: 192.168.5.184, host: pr-hdds-2022-qxstf-1422721469, networkLocation: /default-rack, certSerialId: null}b1d373fd-82f2-45f9-929a-b8d8660dbeb2{ip: 192.168.5.184, host: pr-hdds-2022-qxstf-1422721469, networkLocation: /default-rack, certSerialId: null}, Type:RATIS, Factor:THREE, State:OPEN]. The last committed block length is 0, uncommitted data length is 2097152 retry count 0
2019-09-16 16:47:34,542 [grpc-default-executor-3] INFO  client.GrpcClientProtocolClient (GrpcClientProtocolClient.java:onNext(264)) - client-B863CA8D5873->22812086-b692-43a0-8348-44721a5a82d7: receive RaftClientReply:client-B863CA8D5873->22812086-b692-43a0-8348-44721a5a82d7@group-9A9DF8BBBB07, cid=33, FAILED org.apache.ratis.protocol.NotLeaderException: Server 22812086-b692-43a0-8348-44721a5a82d7@group-9A9DF8BBBB07 is not the leader d7db739d-8a5f-427c-bc0a-5603ac8ba161:192.168.5.184:39532, logIndex=0, commits[22812086-b692-43a0-8348-44721a5a82d7:c0, d7db739d-8a5f-427c-bc0a-5603ac8ba161:c0, 37aba10a-6fc0-4836-82ce-0d66a20effe5:c0]
2019-09-16 16:47:34,789 [java.util.concurrent.ThreadPoolExecutor$Worker@76876f3d[State = -1, empty queue]] WARN  server.GrpcLogAppender (GrpcLogAppender.java:timeoutAppendRequest(200)) - 31ff8a7c-4ef6-4603-8d7a-5c866c7f5672@group-651FE1B6B3BB->f1ea936a-1aa4-4b4f-a193-5108e1c15289-GrpcLogAppender: appendEntries Timeout, request=31ff8a7c-4ef6-4603-8d7a-5c866c7f5672->f1ea936a-1aa4-4b4f-a193-5108e1c15289#52-t1, previous=(t:1, i:20), leaderCommit=16, initializing? false, entries: <empty>
2019-09-16 16:47:34,792 [java.util.concurrent.ThreadPoolExecutor$Worker@5708b060[State = -1, empty queue]] WARN  server.GrpcLogAppender (GrpcLogAppender.java:timeoutAppendRequest(200)) - 31ff8a7c-4ef6-4603-8d7a-5c866c7f5672@group-651FE1B6B3BB->b1d373fd-82f2-45f9-929a-b8d8660dbeb2-GrpcLogAppender: appendEntries Timeout, request=31ff8a7c-4ef6-4603-8d7a-5c866c7f5672->b1d373fd-82f2-45f9-929a-b8d8660dbeb2#52-t1, previous=(t:1, i:20), leaderCommit=16, initializing? false, entries: <empty>
2019-09-16 16:47:34,810 [grpc-default-executor-3] INFO  client.GrpcClientProtocolClient (GrpcClientProtocolClient.java:onNext(264)) - client-B863CA8D5873->d7db739d-8a5f-427c-bc0a-5603ac8ba161: receive RaftClientReply:client-B863CA8D5873->d7db739d-8a5f-427c-bc0a-5603ac8ba161@group-9A9DF8BBBB07, cid=33, SUCCESS, logIndex=1, commits[d7db739d-8a5f-427c-bc0a-5603ac8ba161:c1, 22812086-b692-43a0-8348-44721a5a82d7:c0, 37aba10a-6fc0-4836-82ce-0d66a20effe5:c0]
2019-09-16 16:47:34,900 [grpc-default-executor-1] INFO  client.GrpcClientProtocolClient (GrpcClientProtocolClient.java:onNext(264)) - client-B863CA8D5873->d7db739d-8a5f-427c-bc0a-5603ac8ba161: receive RaftClientReply:client-B863CA8D5873->d7db739d-8a5f-427c-bc0a-5603ac8ba161@group-9A9DF8BBBB07, cid=34, SUCCESS, logIndex=3, commits[d7db739d-8a5f-427c-bc0a-5603ac8ba161:c8, 22812086-b692-43a0-8348-44721a5a82d7:c6, 37aba10a-6fc0-4836-82ce-0d66a20effe5:c6]
2019-09-16 16:47:34,901 [grpc-default-executor-1] INFO  client.GrpcClientProtocolClient (GrpcClientProtocolClient.java:onNext(264)) - client-B863CA8D5873->d7db739d-8a5f-427c-bc0a-5603ac8ba161: receive RaftClientReply:client-B863CA8D5873->d7db739d-8a5f-427c-bc0a-5603ac8ba161@group-9A9DF8BBBB07, cid=35, SUCCESS, logIndex=4, commits[d7db739d-8a5f-427c-bc0a-5603ac8ba161:c8, 22812086-b692-43a0-8348-44721a5a82d7:c6, 37aba10a-6fc0-4836-82ce-0d66a20effe5:c6]
2019-09-16 16:47:35,041 [grpc-default-executor-1] INFO  client.GrpcClientProtocolClient (GrpcClientProtocolClient.java:onNext(264)) - client-B863CA8D5873->d7db739d-8a5f-427c-bc0a-5603ac8ba161: receive RaftClientReply:client-B863CA8D5873->d7db739d-8a5f-427c-bc0a-5603ac8ba161@group-9A9DF8BBBB07, cid=36, SUCCESS, logIndex=6, commits[d7db739d-8a5f-427c-bc0a-5603ac8ba161:c8, 22812086-b692-43a0-8348-44721a5a82d7:c6, 37aba10a-6fc0-4836-82ce-0d66a20effe5:c6]
2019-09-16 16:47:35,081 [grpc-default-executor-0] INFO  client.GrpcClientProtocolClient (GrpcClientProtocolClient.java:onNext(264)) - client-B863CA8D5873->d7db739d-8a5f-427c-bc0a-5603ac8ba161: receive RaftClientReply:client-B863CA8D5873->d7db739d-8a5f-427c-bc0a-5603ac8ba161@group-9A9DF8BBBB07, cid=37, SUCCESS, logIndex=9, commits[d7db739d-8a5f-427c-bc0a-5603ac8ba161:c10, 22812086-b692-43a0-8348-44721a5a82d7:c8, 37aba10a-6fc0-4836-82ce-0d66a20effe5:c8]
2019-09-16 16:47:35,082 [grpc-default-executor-0] INFO  client.GrpcClientProtocolClient (GrpcClientProtocolClient.java:onNext(264)) - client-B863CA8D5873->d7db739d-8a5f-427c-bc0a-5603ac8ba161: receive RaftClientReply:client-B863CA8D5873->d7db739d-8a5f-427c-bc0a-5603ac8ba161@group-9A9DF8BBBB07, cid=38, SUCCESS, logIndex=10, commits[d7db739d-8a5f-427c-bc0a-5603ac8ba161:c10, 22812086-b692-43a0-8348-44721a5a82d7:c8, 37aba10a-6fc0-4836-82ce-0d66a20effe5:c8]
2019-09-16 16:47:35,104 [grpc-default-executor-2] INFO  client.GrpcClientProtocolClient (GrpcClientProtocolClient.java:onNext(264)) - client-B863CA8D5873->d7db739d-8a5f-427c-bc0a-5603ac8ba161: receive RaftClientReply:client-B863CA8D5873->d7db739d-8a5f-427c-bc0a-5603ac8ba161@group-9A9DF8BBBB07, cid=39, SUCCESS, logIndex=11, commits[d7db739d-8a5f-427c-bc0a-5603ac8ba161:c12, 22812086-b692-43a0-8348-44721a5a82d7:c8, 37aba10a-6fc0-4836-82ce-0d66a20effe5:c8]
2019-09-16 16:47:35,105 [grpc-default-executor-2] INFO  client.GrpcClientProtocolClient (GrpcClientProtocolClient.java:onNext(264)) - client-B863CA8D5873->d7db739d-8a5f-427c-bc0a-5603ac8ba161: receive RaftClientReply:client-B863CA8D5873->d7db739d-8a5f-427c-bc0a-5603ac8ba161@group-9A9DF8BBBB07, cid=40, SUCCESS, logIndex=12, commits[d7db739d-8a5f-427c-bc0a-5603ac8ba161:c12, 22812086-b692-43a0-8348-44721a5a82d7:c8, 37aba10a-6fc0-4836-82ce-0d66a20effe5:c8]
2019-09-16 16:47:35,123 [grpc-default-executor-2] INFO  client.GrpcClientProtocolClient (GrpcClientProtocolClient.java:onNext(264)) - client-B863CA8D5873->d7db739d-8a5f-427c-bc0a-5603ac8ba161: receive RaftClientReply:client-B863CA8D5873->d7db739d-8a5f-427c-bc0a-5603ac8ba161@group-9A9DF8BBBB07, cid=41, SUCCESS, logIndex=0, commits[d7db739d-8a5f-427c-bc0a-5603ac8ba161:c14, 22812086-b692-43a0-8348-44721a5a82d7:c10, 37aba10a-6fc0-4836-82ce-0d66a20effe5:c10]
2019-09-16 16:47:35,289 [java.util.concurrent.ThreadPoolExecutor$Worker@76876f3d[State = -1, empty queue]] WARN  server.GrpcLogAppender (GrpcLogAppender.java:timeoutAppendRequest(200)) - 31ff8a7c-4ef6-4603-8d7a-5c866c7f5672@group-651FE1B6B3BB->f1ea936a-1aa4-4b4f-a193-5108e1c15289-GrpcLogAppender: appendEntries Timeout, request=31ff8a7c-4ef6-4603-8d7a-5c866c7f5672->f1ea936a-1aa4-4b4f-a193-5108e1c15289#53-t1, previous=(t:1, i:20), leaderCommit=16, initializing? false, entries: <empty>
2019-09-16 16:47:35,289 [java.util.concurrent.ThreadPoolExecutor$Worker@5708b060[State = -1, empty queue]] WARN  server.GrpcLogAppender (GrpcLogAppender.java:timeoutAppendRequest(200)) - 31ff8a7c-4ef6-4603-8d7a-5c866c7f5672@group-651FE1B6B3BB->b1d373fd-82f2-45f9-929a-b8d8660dbeb2-GrpcLogAppender: appendEntries Timeout, request=31ff8a7c-4ef6-4603-8d7a-5c866c7f5672->b1d373fd-82f2-45f9-929a-b8d8660dbeb2#53-t1, previous=(t:1, i:20), leaderCommit=16, initializing? false, entries: <empty>
2019-09-16 16:47:35,297 [grpc-default-executor-1] INFO  client.GrpcClientProtocolClient (GrpcClientProtocolClient.java:onNext(264)) - client-B863CA8D5873->d7db739d-8a5f-427c-bc0a-5603ac8ba161: receive RaftClientReply:client-B863CA8D5873->d7db739d-8a5f-427c-bc0a-5603ac8ba161@group-9A9DF8BBBB07, cid=42, SUCCESS, logIndex=0, commits[d7db739d-8a5f-427c-bc0a-5603ac8ba161:c16, 22812086-b692-43a0-8348-44721a5a82d7:c12, 37aba10a-6fc0-4836-82ce-0d66a20effe5:c12]
2019-09-16 16:47:35,789 [java.util.concurrent.ThreadPoolExecutor$Worker@76876f3d[State = -1, empty queue]] WARN  server.GrpcLogAppender (GrpcLogAppender.java:timeoutAppendRequest(200)) - 31ff8a7c-4ef6-4603-8d7a-5c866c7f5672@group-651FE1B6B3BB->f1ea936a-1aa4-4b4f-a193-5108e1c15289-GrpcLogAppender: appendEntries Timeout, request=31ff8a7c-4ef6-4603-8d7a-5c866c7f5672->f1ea936a-1aa4-4b4f-a193-5108e1c15289#54-t1, previous=(t:1, i:20), leaderCommit=16, initializing? false, entries: <empty>
2019-09-16 16:47:35,789 [java.util.concurrent.ThreadPoolExecutor$Worker@5708b060[State = -1, empty queue]] WARN  server.GrpcLogAppender (GrpcLogAppender.java:timeoutAppendRequest(200)) - 31ff8a7c-4ef6-4603-8d7a-5c866c7f5672@group-651FE1B6B3BB->b1d373fd-82f2-45f9-929a-b8d8660dbeb2-GrpcLogAppender: appendEntries Timeout, request=31ff8a7c-4ef6-4603-8d7a-5c866c7f5672->b1d373fd-82f2-45f9-929a-b8d8660dbeb2#54-t1, previous=(t:1, i:20), leaderCommit=16, initializing? false, entries: <empty>
2019-09-16 16:47:36,244 [b1d373fd-82f2-45f9-929a-b8d8660dbeb2@group-651FE1B6B3BB-SegmentedRaftLogWorker] WARN  segmented.SegmentedRaftLogWorker (SegmentedRaftLogWorker.java:getFromFuture(90)) - Timeout 1/~
org.apache.ratis.protocol.TimeoutIOException: Timeout 10s: WriteLog:17: (t:1, i:17), STATEMACHINELOGENTRY, client-AC4080E834B7, cid=29-writeStateMachineData
	at org.apache.ratis.util.IOUtils.getFromFuture(IOUtils.java:87)
	at org.apache.ratis.server.raftlog.segmented.SegmentedRaftLogWorker$StateMachineDataPolicy.getFromFuture(SegmentedRaftLogWorker.java:87)
	at org.apache.ratis.server.raftlog.segmented.SegmentedRaftLogWorker$WriteLog.execute(SegmentedRaftLogWorker.java:477)
	at org.apache.ratis.server.raftlog.segmented.SegmentedRaftLogWorker.run(SegmentedRaftLogWorker.java:289)
	at java.lang.Thread.run(Thread.java:748)
Caused by: java.util.concurrent.TimeoutException
	at java.util.concurrent.CompletableFuture.timedGet(CompletableFuture.java:1771)
	at java.util.concurrent.CompletableFuture.get(CompletableFuture.java:1915)
	at org.apache.ratis.util.IOUtils.getFromFuture(IOUtils.java:79)
	... 4 more
2019-09-16 16:47:36,290 [java.util.concurrent.ThreadPoolExecutor$Worker@76876f3d[State = -1, empty queue]] WARN  server.GrpcLogAppender (GrpcLogAppender.java:timeoutAppendRequest(200)) - 31ff8a7c-4ef6-4603-8d7a-5c866c7f5672@group-651FE1B6B3BB->f1ea936a-1aa4-4b4f-a193-5108e1c15289-GrpcLogAppender: appendEntries Timeout, request=31ff8a7c-4ef6-4603-8d7a-5c866c7f5672->f1ea936a-1aa4-4b4f-a193-5108e1c15289#55-t1, previous=(t:1, i:20), leaderCommit=16, initializing? false, entries: <empty>
2019-09-16 16:47:36,290 [java.util.concurrent.ThreadPoolExecutor$Worker@5708b060[State = -1, empty queue]] WARN  server.GrpcLogAppender (GrpcLogAppender.java:timeoutAppendRequest(200)) - 31ff8a7c-4ef6-4603-8d7a-5c866c7f5672@group-651FE1B6B3BB->b1d373fd-82f2-45f9-929a-b8d8660dbeb2-GrpcLogAppender: appendEntries Timeout, request=31ff8a7c-4ef6-4603-8d7a-5c866c7f5672->b1d373fd-82f2-45f9-929a-b8d8660dbeb2#55-t1, previous=(t:1, i:20), leaderCommit=16, initializing? false, entries: <empty>
2019-09-16 16:47:36,434 [31ff8a7c-4ef6-4603-8d7a-5c866c7f5672@group-651FE1B6B3BB-SegmentedRaftLogWorker] WARN  segmented.SegmentedRaftLogWorker (SegmentedRaftLogWorker.java:getFromFuture(90)) - Timeout 1/~
org.apache.ratis.protocol.TimeoutIOException: Timeout 10s: WriteLog:19: (t:1, i:19), STATEMACHINELOGENTRY, client-AC4080E834B7, cid=31-writeStateMachineData
	at org.apache.ratis.util.IOUtils.getFromFuture(IOUtils.java:87)
	at org.apache.ratis.server.raftlog.segmented.SegmentedRaftLogWorker$StateMachineDataPolicy.getFromFuture(SegmentedRaftLogWorker.java:87)
	at org.apache.ratis.server.raftlog.segmented.SegmentedRaftLogWorker$WriteLog.execute(SegmentedRaftLogWorker.java:477)
	at org.apache.ratis.server.raftlog.segmented.SegmentedRaftLogWorker.run(SegmentedRaftLogWorker.java:289)
	at java.lang.Thread.run(Thread.java:748)
Caused by: java.util.concurrent.TimeoutException
	at java.util.concurrent.CompletableFuture.timedGet(CompletableFuture.java:1771)
	at java.util.concurrent.CompletableFuture.get(CompletableFuture.java:1915)
	at org.apache.ratis.util.IOUtils.getFromFuture(IOUtils.java:79)
	... 4 more
2019-09-16 16:47:36,438 [f1ea936a-1aa4-4b4f-a193-5108e1c15289@group-651FE1B6B3BB-SegmentedRaftLogWorker] WARN  segmented.SegmentedRaftLogWorker (SegmentedRaftLogWorker.java:getFromFuture(90)) - Timeout 1/~
org.apache.ratis.protocol.TimeoutIOException: Timeout 10s: WriteLog:19: (t:1, i:19), STATEMACHINELOGENTRY, client-AC4080E834B7, cid=31-writeStateMachineData
	at org.apache.ratis.util.IOUtils.getFromFuture(IOUtils.java:87)
	at org.apache.ratis.server.raftlog.segmented.SegmentedRaftLogWorker$StateMachineDataPolicy.getFromFuture(SegmentedRaftLogWorker.java:87)
	at org.apache.ratis.server.raftlog.segmented.SegmentedRaftLogWorker$WriteLog.execute(SegmentedRaftLogWorker.java:477)
	at org.apache.ratis.server.raftlog.segmented.SegmentedRaftLogWorker.run(SegmentedRaftLogWorker.java:289)
	at java.lang.Thread.run(Thread.java:748)
Caused by: java.util.concurrent.TimeoutException
	at java.util.concurrent.CompletableFuture.timedGet(CompletableFuture.java:1771)
	at java.util.concurrent.CompletableFuture.get(CompletableFuture.java:1915)
	at org.apache.ratis.util.IOUtils.getFromFuture(IOUtils.java:79)
	... 4 more
2019-09-16 16:47:36,790 [java.util.concurrent.ThreadPoolExecutor$Worker@76876f3d[State = -1, empty queue]] WARN  server.GrpcLogAppender (GrpcLogAppender.java:timeoutAppendRequest(200)) - 31ff8a7c-4ef6-4603-8d7a-5c866c7f5672@group-651FE1B6B3BB->f1ea936a-1aa4-4b4f-a193-5108e1c15289-GrpcLogAppender: appendEntries Timeout, request=31ff8a7c-4ef6-4603-8d7a-5c866c7f5672->f1ea936a-1aa4-4b4f-a193-5108e1c15289#56-t1, previous=(t:1, i:20), leaderCommit=16, initializing? false, entries: <empty>
2019-09-16 16:47:36,790 [java.util.concurrent.ThreadPoolExecutor$Worker@5708b060[State = -1, empty queue]] WARN  server.GrpcLogAppender (GrpcLogAppender.java:timeoutAppendRequest(200)) - 31ff8a7c-4ef6-4603-8d7a-5c866c7f5672@group-651FE1B6B3BB->b1d373fd-82f2-45f9-929a-b8d8660dbeb2-GrpcLogAppender: appendEntries Timeout, request=31ff8a7c-4ef6-4603-8d7a-5c866c7f5672->b1d373fd-82f2-45f9-929a-b8d8660dbeb2#56-t1, previous=(t:1, i:20), leaderCommit=16, initializing? false, entries: <empty>
2019-09-16 16:47:37,291 [java.util.concurrent.ThreadPoolExecutor$Worker@76876f3d[State = -1, empty queue]] WARN  server.GrpcLogAppender (GrpcLogAppender.java:timeoutAppendRequest(200)) - 31ff8a7c-4ef6-4603-8d7a-5c866c7f5672@group-651FE1B6B3BB->f1ea936a-1aa4-4b4f-a193-5108e1c15289-GrpcLogAppender: appendEntries Timeout, request=31ff8a7c-4ef6-4603-8d7a-5c866c7f5672->f1ea936a-1aa4-4b4f-a193-5108e1c15289#57-t1, previous=(t:1, i:20), leaderCommit=16, initializing? false, entries: <empty>
2019-09-16 16:47:37,291 [java.util.concurrent.ThreadPoolExecutor$Worker@5708b060[State = -1, empty queue]] WARN  server.GrpcLogAppender (GrpcLogAppender.java:timeoutAppendRequest(200)) - 31ff8a7c-4ef6-4603-8d7a-5c866c7f5672@group-651FE1B6B3BB->b1d373fd-82f2-45f9-929a-b8d8660dbeb2-GrpcLogAppender: appendEntries Timeout, request=31ff8a7c-4ef6-4603-8d7a-5c866c7f5672->b1d373fd-82f2-45f9-929a-b8d8660dbeb2#57-t1, previous=(t:1, i:20), leaderCommit=16, initializing? false, entries: <empty>
2019-09-16 16:47:37,792 [java.util.concurrent.ThreadPoolExecutor$Worker@5708b060[State = -1, empty queue]] WARN  server.GrpcLogAppender (GrpcLogAppender.java:timeoutAppendRequest(200)) - 31ff8a7c-4ef6-4603-8d7a-5c866c7f5672@group-651FE1B6B3BB->b1d373fd-82f2-45f9-929a-b8d8660dbeb2-GrpcLogAppender: appendEntries Timeout, request=31ff8a7c-4ef6-4603-8d7a-5c866c7f5672->b1d373fd-82f2-45f9-929a-b8d8660dbeb2#58-t1, previous=(t:1, i:20), leaderCommit=16, initializing? false, entries: <empty>
2019-09-16 16:47:37,792 [java.util.concurrent.ThreadPoolExecutor$Worker@76876f3d[State = -1, empty queue]] WARN  server.GrpcLogAppender (GrpcLogAppender.java:timeoutAppendRequest(200)) - 31ff8a7c-4ef6-4603-8d7a-5c866c7f5672@group-651FE1B6B3BB->f1ea936a-1aa4-4b4f-a193-5108e1c15289-GrpcLogAppender: appendEntries Timeout, request=31ff8a7c-4ef6-4603-8d7a-5c866c7f5672->f1ea936a-1aa4-4b4f-a193-5108e1c15289#58-t1, previous=(t:1, i:20), leaderCommit=16, initializing? false, entries: <empty>
2019-09-16 16:47:38,296 [java.util.concurrent.ThreadPoolExecutor$Worker@5708b060[State = -1, empty queue]] WARN  server.GrpcLogAppender (GrpcLogAppender.java:timeoutAppendRequest(200)) - 31ff8a7c-4ef6-4603-8d7a-5c866c7f5672@group-651FE1B6B3BB->b1d373fd-82f2-45f9-929a-b8d8660dbeb2-GrpcLogAppender: appendEntries Timeout, request=31ff8a7c-4ef6-4603-8d7a-5c866c7f5672->b1d373fd-82f2-45f9-929a-b8d8660dbeb2#59-t1, previous=(t:1, i:20), leaderCommit=16, initializing? false, entries: <empty>
2019-09-16 16:47:38,296 [java.util.concurrent.ThreadPoolExecutor$Worker@76876f3d[State = -1, empty queue]] WARN  server.GrpcLogAppender (GrpcLogAppender.java:timeoutAppendRequest(200)) - 31ff8a7c-4ef6-4603-8d7a-5c866c7f5672@group-651FE1B6B3BB->f1ea936a-1aa4-4b4f-a193-5108e1c15289-GrpcLogAppender: appendEntries Timeout, request=31ff8a7c-4ef6-4603-8d7a-5c866c7f5672->f1ea936a-1aa4-4b4f-a193-5108e1c15289#59-t1, previous=(t:1, i:20), leaderCommit=16, initializing? false, entries: <empty>
2019-09-16 16:47:38,310 [java.util.concurrent.ThreadPoolExecutor$Worker@67fb0c7c[State = -1, empty queue]] WARN  server.GrpcLogAppender (GrpcLogAppender.java:timeoutAppendRequest(200)) - d7db739d-8a5f-427c-bc0a-5603ac8ba161@group-9A9DF8BBBB07->22812086-b692-43a0-8348-44721a5a82d7-GrpcLogAppender: appendEntries Timeout, request=d7db739d-8a5f-427c-bc0a-5603ac8ba161->22812086-b692-43a0-8348-44721a5a82d7#54-t2, previous=(t:2, i:16), leaderCommit=16, initializing? false, entries: size=1, first=(t:2, i:17), STATEMACHINELOGENTRY, client-B863CA8D5873, cid=43
2019-09-16 16:47:38,310 [java.util.concurrent.ThreadPoolExecutor$Worker@314b69f[State = -1, empty queue]] WARN  server.GrpcLogAppender (GrpcLogAppender.java:timeoutAppendRequest(200)) - d7db739d-8a5f-427c-bc0a-5603ac8ba161@group-9A9DF8BBBB07->37aba10a-6fc0-4836-82ce-0d66a20effe5-GrpcLogAppender: appendEntries Timeout, request=d7db739d-8a5f-427c-bc0a-5603ac8ba161->37aba10a-6fc0-4836-82ce-0d66a20effe5#54-t2, previous=(t:2, i:16), leaderCommit=16, initializing? false, entries: size=1, first=(t:2, i:17), STATEMACHINELOGENTRY, client-B863CA8D5873, cid=43
2019-09-16 16:47:38,310 [java.util.concurrent.ThreadPoolExecutor$Worker@67fb0c7c[State = -1, empty queue]] WARN  server.GrpcLogAppender (GrpcLogAppender.java:timeoutAppendRequest(200)) - d7db739d-8a5f-427c-bc0a-5603ac8ba161@group-9A9DF8BBBB07->22812086-b692-43a0-8348-44721a5a82d7-GrpcLogAppender: appendEntries Timeout, request=d7db739d-8a5f-427c-bc0a-5603ac8ba161->22812086-b692-43a0-8348-44721a5a82d7#55-t2, previous=(t:2, i:17), leaderCommit=16, initializing? false, entries: size=1, first=(t:2, i:18), STATEMACHINELOGENTRY, client-B863CA8D5873, cid=44
2019-09-16 16:47:38,314 [java.util.concurrent.ThreadPoolExecutor$Worker@314b69f[State = -1, empty queue]] WARN  server.GrpcLogAppender (GrpcLogAppender.java:timeoutAppendRequest(200)) - d7db739d-8a5f-427c-bc0a-5603ac8ba161@group-9A9DF8BBBB07->37aba10a-6fc0-4836-82ce-0d66a20effe5-GrpcLogAppender: appendEntries Timeout, request=d7db739d-8a5f-427c-bc0a-5603ac8ba161->37aba10a-6fc0-4836-82ce-0d66a20effe5#55-t2, previous=(t:2, i:17), leaderCommit=16, initializing? false, entries: size=1, first=(t:2, i:18), STATEMACHINELOGENTRY, client-B863CA8D5873, cid=44
2019-09-16 16:47:38,317 [java.util.concurrent.ThreadPoolExecutor$Worker@67fb0c7c[State = -1, empty queue]] WARN  server.GrpcLogAppender (GrpcLogAppender.java:timeoutAppendRequest(200)) - d7db739d-8a5f-427c-bc0a-5603ac8ba161@group-9A9DF8BBBB07->22812086-b692-43a0-8348-44721a5a82d7-GrpcLogAppender: appendEntries Timeout, request=d7db739d-8a5f-427c-bc0a-5603ac8ba161->22812086-b692-43a0-8348-44721a5a82d7#56-t2, previous=(t:2, i:18), leaderCommit=16, initializing? false, entries: size=1, first=(t:2, i:19), STATEMACHINELOGENTRY, client-B863CA8D5873, cid=45
2019-09-16 16:47:38,320 [java.util.concurrent.ThreadPoolExecutor$Worker@314b69f[State = -1, empty queue]] WARN  server.GrpcLogAppender (GrpcLogAppender.java:timeoutAppendRequest(200)) - d7db739d-8a5f-427c-bc0a-5603ac8ba161@group-9A9DF8BBBB07->37aba10a-6fc0-4836-82ce-0d66a20effe5-GrpcLogAppender: appendEntries Timeout, request=d7db739d-8a5f-427c-bc0a-5603ac8ba161->37aba10a-6fc0-4836-82ce-0d66a20effe5#56-t2, previous=(t:2, i:18), leaderCommit=16, initializing? false, entries: size=1, first=(t:2, i:19), STATEMACHINELOGENTRY, client-B863CA8D5873, cid=45
2019-09-16 16:47:38,324 [java.util.concurrent.ThreadPoolExecutor$Worker@67fb0c7c[State = -1, empty queue]] WARN  server.GrpcLogAppender (GrpcLogAppender.java:timeoutAppendRequest(200)) - d7db739d-8a5f-427c-bc0a-5603ac8ba161@group-9A9DF8BBBB07->22812086-b692-43a0-8348-44721a5a82d7-GrpcLogAppender: appendEntries Timeout, request=d7db739d-8a5f-427c-bc0a-5603ac8ba161->22812086-b692-43a0-8348-44721a5a82d7#57-t2, previous=(t:2, i:19), leaderCommit=16, initializing? false, entries: size=1, first=(t:2, i:20), STATEMACHINELOGENTRY, client-B863CA8D5873, cid=46
2019-09-16 16:47:38,327 [java.util.concurrent.ThreadPoolExecutor$Worker@314b69f[State = -1, empty queue]] WARN  server.GrpcLogAppender (GrpcLogAppender.java:timeoutAppendRequest(200)) - d7db739d-8a5f-427c-bc0a-5603ac8ba161@group-9A9DF8BBBB07->37aba10a-6fc0-4836-82ce-0d66a20effe5-GrpcLogAppender: appendEntries Timeout, request=d7db739d-8a5f-427c-bc0a-5603ac8ba161->37aba10a-6fc0-4836-82ce-0d66a20effe5#57-t2, previous=(t:2, i:19), leaderCommit=16, initializing? false, entries: size=1, first=(t:2, i:20), STATEMACHINELOGENTRY, client-B863CA8D5873, cid=46
2019-09-16 16:47:38,797 [java.util.concurrent.ThreadPoolExecutor$Worker@5708b060[State = -1, empty queue]] WARN  server.GrpcLogAppender (GrpcLogAppender.java:timeoutAppendRequest(200)) - 31ff8a7c-4ef6-4603-8d7a-5c866c7f5672@group-651FE1B6B3BB->b1d373fd-82f2-45f9-929a-b8d8660dbeb2-GrpcLogAppender: appendEntries Timeout, request=31ff8a7c-4ef6-4603-8d7a-5c866c7f5672->b1d373fd-82f2-45f9-929a-b8d8660dbeb2#60-t1, previous=(t:1, i:20), leaderCommit=16, initializing? false, entries: <empty>
2019-09-16 16:47:38,797 [java.util.concurrent.ThreadPoolExecutor$Worker@76876f3d[State = -1, empty queue]] WARN  server.GrpcLogAppender (GrpcLogAppender.java:timeoutAppendRequest(200)) - 31ff8a7c-4ef6-4603-8d7a-5c866c7f5672@group-651FE1B6B3BB->f1ea936a-1aa4-4b4f-a193-5108e1c15289-GrpcLogAppender: appendEntries Timeout, request=31ff8a7c-4ef6-4603-8d7a-5c866c7f5672->f1ea936a-1aa4-4b4f-a193-5108e1c15289#60-t1, previous=(t:1, i:20), leaderCommit=16, initializing? false, entries: <empty>
2019-09-16 16:47:38,817 [java.util.concurrent.ThreadPoolExecutor$Worker@67fb0c7c[State = -1, empty queue]] WARN  server.GrpcLogAppender (GrpcLogAppender.java:timeoutAppendRequest(200)) - d7db739d-8a5f-427c-bc0a-5603ac8ba161@group-9A9DF8BBBB07->22812086-b692-43a0-8348-44721a5a82d7-GrpcLogAppender: appendEntries Timeout, request=d7db739d-8a5f-427c-bc0a-5603ac8ba161->22812086-b692-43a0-8348-44721a5a82d7#58-t2, previous=(t:2, i:20), leaderCommit=16, initializing? false, entries: <empty>
2019-09-16 16:47:38,817 [java.util.concurrent.ThreadPoolExecutor$Worker@314b69f[State = -1, empty queue]] WARN  server.GrpcLogAppender (GrpcLogAppender.java:timeoutAppendRequest(200)) - d7db739d-8a5f-427c-bc0a-5603ac8ba161@group-9A9DF8BBBB07->37aba10a-6fc0-4836-82ce-0d66a20effe5-GrpcLogAppender: appendEntries Timeout, request=d7db739d-8a5f-427c-bc0a-5603ac8ba161->37aba10a-6fc0-4836-82ce-0d66a20effe5#58-t2, previous=(t:2, i:20), leaderCommit=16, initializing? false, entries: <empty>
2019-09-16 16:47:39,297 [java.util.concurrent.ThreadPoolExecutor$Worker@76876f3d[State = -1, empty queue]] WARN  server.GrpcLogAppender (GrpcLogAppender.java:timeoutAppendRequest(200)) - 31ff8a7c-4ef6-4603-8d7a-5c866c7f5672@group-651FE1B6B3BB->f1ea936a-1aa4-4b4f-a193-5108e1c15289-GrpcLogAppender: appendEntries Timeout, request=31ff8a7c-4ef6-4603-8d7a-5c866c7f5672->f1ea936a-1aa4-4b4f-a193-5108e1c15289#61-t1, previous=(t:1, i:20), leaderCommit=16, initializing? false, entries: <empty>
2019-09-16 16:47:39,297 [java.util.concurrent.ThreadPoolExecutor$Worker@5708b060[State = -1, empty queue]] WARN  server.GrpcLogAppender (GrpcLogAppender.java:timeoutAppendRequest(200)) - 31ff8a7c-4ef6-4603-8d7a-5c866c7f5672@group-651FE1B6B3BB->b1d373fd-82f2-45f9-929a-b8d8660dbeb2-GrpcLogAppender: appendEntries Timeout, request=31ff8a7c-4ef6-4603-8d7a-5c866c7f5672->b1d373fd-82f2-45f9-929a-b8d8660dbeb2#61-t1, previous=(t:1, i:20), leaderCommit=16, initializing? false, entries: <empty>
2019-09-16 16:47:39,318 [java.util.concurrent.ThreadPoolExecutor$Worker@67fb0c7c[State = -1, empty queue]] WARN  server.GrpcLogAppender (GrpcLogAppender.java:timeoutAppendRequest(200)) - d7db739d-8a5f-427c-bc0a-5603ac8ba161@group-9A9DF8BBBB07->22812086-b692-43a0-8348-44721a5a82d7-GrpcLogAppender: appendEntries Timeout, request=d7db739d-8a5f-427c-bc0a-5603ac8ba161->22812086-b692-43a0-8348-44721a5a82d7#59-t2, previous=(t:2, i:20), leaderCommit=16, initializing? false, entries: <empty>
2019-09-16 16:47:39,327 [java.util.concurrent.ThreadPoolExecutor$Worker@314b69f[State = -1, empty queue]] WARN  server.GrpcLogAppender (GrpcLogAppender.java:timeoutAppendRequest(200)) - d7db739d-8a5f-427c-bc0a-5603ac8ba161@group-9A9DF8BBBB07->37aba10a-6fc0-4836-82ce-0d66a20effe5-GrpcLogAppender: appendEntries Timeout, request=d7db739d-8a5f-427c-bc0a-5603ac8ba161->37aba10a-6fc0-4836-82ce-0d66a20effe5#59-t2, previous=(t:2, i:20), leaderCommit=16, initializing? false, entries: <empty>
2019-09-16 16:47:39,797 [java.util.concurrent.ThreadPoolExecutor$Worker@5708b060[State = -1, empty queue]] WARN  server.GrpcLogAppender (GrpcLogAppender.java:timeoutAppendRequest(200)) - 31ff8a7c-4ef6-4603-8d7a-5c866c7f5672@group-651FE1B6B3BB->b1d373fd-82f2-45f9-929a-b8d8660dbeb2-GrpcLogAppender: appendEntries Timeout, request=31ff8a7c-4ef6-4603-8d7a-5c866c7f5672->b1d373fd-82f2-45f9-929a-b8d8660dbeb2#62-t1, previous=(t:1, i:20), leaderCommit=16, initializing? false, entries: <empty>
2019-09-16 16:47:39,797 [java.util.concurrent.ThreadPoolExecutor$Worker@76876f3d[State = -1, empty queue]] WARN  server.GrpcLogAppender (GrpcLogAppender.java:timeoutAppendRequest(200)) - 31ff8a7c-4ef6-4603-8d7a-5c866c7f5672@group-651FE1B6B3BB->f1ea936a-1aa4-4b4f-a193-5108e1c15289-GrpcLogAppender: appendEntries Timeout, request=31ff8a7c-4ef6-4603-8d7a-5c866c7f5672->f1ea936a-1aa4-4b4f-a193-5108e1c15289#62-t1, previous=(t:1, i:20), leaderCommit=16, initializing? false, entries: <empty>
2019-09-16 16:47:39,818 [java.util.concurrent.ThreadPoolExecutor$Worker@67fb0c7c[State = -1, empty queue]] WARN  server.GrpcLogAppender (GrpcLogAppender.java:timeoutAppendRequest(200)) - d7db739d-8a5f-427c-bc0a-5603ac8ba161@group-9A9DF8BBBB07->22812086-b692-43a0-8348-44721a5a82d7-GrpcLogAppender: appendEntries Timeout, request=d7db739d-8a5f-427c-bc0a-5603ac8ba161->22812086-b692-43a0-8348-44721a5a82d7#60-t2, previous=(t:2, i:20), leaderCommit=16, initializing? false, entries: <empty>
2019-09-16 16:47:39,818 [java.util.concurrent.ThreadPoolExecutor$Worker@314b69f[State = -1, empty queue]] WARN  server.GrpcLogAppender (GrpcLogAppender.java:timeoutAppendRequest(200)) - d7db739d-8a5f-427c-bc0a-5603ac8ba161@group-9A9DF8BBBB07->37aba10a-6fc0-4836-82ce-0d66a20effe5-GrpcLogAppender: appendEntries Timeout, request=d7db739d-8a5f-427c-bc0a-5603ac8ba161->37aba10a-6fc0-4836-82ce-0d66a20effe5#60-t2, previous=(t:2, i:20), leaderCommit=16, initializing? false, entries: <empty>
2019-09-16 16:47:40,300 [java.util.concurrent.ThreadPoolExecutor$Worker@5708b060[State = -1, empty queue]] WARN  server.GrpcLogAppender (GrpcLogAppender.java:timeoutAppendRequest(200)) - 31ff8a7c-4ef6-4603-8d7a-5c866c7f5672@group-651FE1B6B3BB->b1d373fd-82f2-45f9-929a-b8d8660dbeb2-GrpcLogAppender: appendEntries Timeout, request=31ff8a7c-4ef6-4603-8d7a-5c866c7f5672->b1d373fd-82f2-45f9-929a-b8d8660dbeb2#63-t1, previous=(t:1, i:20), leaderCommit=16, initializing? false, entries: <empty>
2019-09-16 16:47:40,300 [java.util.concurrent.ThreadPoolExecutor$Worker@76876f3d[State = -1, empty queue]] WARN  server.GrpcLogAppender (GrpcLogAppender.java:timeoutAppendRequest(200)) - 31ff8a7c-4ef6-4603-8d7a-5c866c7f5672@group-651FE1B6B3BB->f1ea936a-1aa4-4b4f-a193-5108e1c15289-GrpcLogAppender: appendEntries Timeout, request=31ff8a7c-4ef6-4603-8d7a-5c866c7f5672->f1ea936a-1aa4-4b4f-a193-5108e1c15289#63-t1, previous=(t:1, i:20), leaderCommit=16, initializing? false, entries: <empty>
2019-09-16 16:47:40,318 [java.util.concurrent.ThreadPoolExecutor$Worker@67fb0c7c[State = -1, empty queue]] WARN  server.GrpcLogAppender (GrpcLogAppender.java:timeoutAppendRequest(200)) - d7db739d-8a5f-427c-bc0a-5603ac8ba161@group-9A9DF8BBBB07->22812086-b692-43a0-8348-44721a5a82d7-GrpcLogAppender: appendEntries Timeout, request=d7db739d-8a5f-427c-bc0a-5603ac8ba161->22812086-b692-43a0-8348-44721a5a82d7#61-t2, previous=(t:2, i:20), leaderCommit=16, initializing? false, entries: <empty>
2019-09-16 16:47:40,318 [java.util.concurrent.ThreadPoolExecutor$Worker@314b69f[State = -1, empty queue]] WARN  server.GrpcLogAppender (GrpcLogAppender.java:timeoutAppendRequest(200)) - d7db739d-8a5f-427c-bc0a-5603ac8ba161@group-9A9DF8BBBB07->37aba10a-6fc0-4836-82ce-0d66a20effe5-GrpcLogAppender: appendEntries Timeout, request=d7db739d-8a5f-427c-bc0a-5603ac8ba161->37aba10a-6fc0-4836-82ce-0d66a20effe5#61-t2, previous=(t:2, i:20), leaderCommit=16, initializing? false, entries: <empty>
2019-09-16 16:47:40,363 [grpc-default-executor-0] INFO  client.GrpcClientProtocolClient (GrpcClientProtocolClient.java:onNext(264)) - client-B863CA8D5873->22812086-b692-43a0-8348-44721a5a82d7: receive RaftClientReply:client-B863CA8D5873->22812086-b692-43a0-8348-44721a5a82d7@group-9A9DF8BBBB07, cid=43, FAILED org.apache.ratis.protocol.NotLeaderException: Server 22812086-b692-43a0-8348-44721a5a82d7@group-9A9DF8BBBB07 is not the leader d7db739d-8a5f-427c-bc0a-5603ac8ba161:192.168.5.184:39532, logIndex=0, commits[22812086-b692-43a0-8348-44721a5a82d7:c16, d7db739d-8a5f-427c-bc0a-5603ac8ba161:c16, 37aba10a-6fc0-4836-82ce-0d66a20effe5:c12]
2019-09-16 16:47:40,801 [java.util.concurrent.ThreadPoolExecutor$Worker@5708b060[State = -1, empty queue]] WARN  server.GrpcLogAppender (GrpcLogAppender.java:timeoutAppendRequest(200)) - 31ff8a7c-4ef6-4603-8d7a-5c866c7f5672@group-651FE1B6B3BB->b1d373fd-82f2-45f9-929a-b8d8660dbeb2-GrpcLogAppender: appendEntries Timeout, request=31ff8a7c-4ef6-4603-8d7a-5c866c7f5672->b1d373fd-82f2-45f9-929a-b8d8660dbeb2#64-t1, previous=(t:1, i:20), leaderCommit=16, initializing? false, entries: <empty>
2019-09-16 16:47:40,801 [java.util.concurrent.ThreadPoolExecutor$Worker@76876f3d[State = -1, empty queue]] WARN  server.GrpcLogAppender (GrpcLogAppender.java:timeoutAppendRequest(200)) - 31ff8a7c-4ef6-4603-8d7a-5c866c7f5672@group-651FE1B6B3BB->f1ea936a-1aa4-4b4f-a193-5108e1c15289-GrpcLogAppender: appendEntries Timeout, request=31ff8a7c-4ef6-4603-8d7a-5c866c7f5672->f1ea936a-1aa4-4b4f-a193-5108e1c15289#64-t1, previous=(t:1, i:20), leaderCommit=16, initializing? false, entries: <empty>
2019-09-16 16:47:40,818 [java.util.concurrent.ThreadPoolExecutor$Worker@67fb0c7c[State = -1, empty queue]] WARN  server.GrpcLogAppender (GrpcLogAppender.java:timeoutAppendRequest(200)) - d7db739d-8a5f-427c-bc0a-5603ac8ba161@group-9A9DF8BBBB07->22812086-b692-43a0-8348-44721a5a82d7-GrpcLogAppender: appendEntries Timeout, request=d7db739d-8a5f-427c-bc0a-5603ac8ba161->22812086-b692-43a0-8348-44721a5a82d7#62-t2, previous=(t:2, i:20), leaderCommit=16, initializing? false, entries: <empty>
2019-09-16 16:47:40,819 [java.util.concurrent.ThreadPoolExecutor$Worker@314b69f[State = -1, empty queue]] WARN  server.GrpcLogAppender (GrpcLogAppender.java:timeoutAppendRequest(200)) - d7db739d-8a5f-427c-bc0a-5603ac8ba161@group-9A9DF8BBBB07->37aba10a-6fc0-4836-82ce-0d66a20effe5-GrpcLogAppender: appendEntries Timeout, request=d7db739d-8a5f-427c-bc0a-5603ac8ba161->37aba10a-6fc0-4836-82ce-0d66a20effe5#62-t2, previous=(t:2, i:20), leaderCommit=16, initializing? false, entries: <empty>
2019-09-16 16:47:41,304 [java.util.concurrent.ThreadPoolExecutor$Worker@5708b060[State = -1, empty queue]] WARN  server.GrpcLogAppender (GrpcLogAppender.java:timeoutAppendRequest(200)) - 31ff8a7c-4ef6-4603-8d7a-5c866c7f5672@group-651FE1B6B3BB->b1d373fd-82f2-45f9-929a-b8d8660dbeb2-GrpcLogAppender: appendEntries Timeout, request=31ff8a7c-4ef6-4603-8d7a-5c866c7f5672->b1d373fd-82f2-45f9-929a-b8d8660dbeb2#65-t1, previous=(t:1, i:20), leaderCommit=16, initializing? false, entries: <empty>
2019-09-16 16:47:41,304 [java.util.concurrent.ThreadPoolExecutor$Worker@76876f3d[State = -1, empty queue]] WARN  server.GrpcLogAppender (GrpcLogAppender.java:timeoutAppendRequest(200)) - 31ff8a7c-4ef6-4603-8d7a-5c866c7f5672@group-651FE1B6B3BB->f1ea936a-1aa4-4b4f-a193-5108e1c15289-GrpcLogAppender: appendEntries Timeout, request=31ff8a7c-4ef6-4603-8d7a-5c866c7f5672->f1ea936a-1aa4-4b4f-a193-5108e1c15289#65-t1, previous=(t:1, i:20), leaderCommit=16, initializing? false, entries: <empty>
2019-09-16 16:47:41,320 [java.util.concurrent.ThreadPoolExecutor$Worker@314b69f[State = -1, empty queue]] WARN  server.GrpcLogAppender (GrpcLogAppender.java:timeoutAppendRequest(200)) - d7db739d-8a5f-427c-bc0a-5603ac8ba161@group-9A9DF8BBBB07->37aba10a-6fc0-4836-82ce-0d66a20effe5-GrpcLogAppender: appendEntries Timeout, request=d7db739d-8a5f-427c-bc0a-5603ac8ba161->37aba10a-6fc0-4836-82ce-0d66a20effe5#63-t2, previous=(t:2, i:20), leaderCommit=16, initializing? false, entries: <empty>
2019-09-16 16:47:41,321 [java.util.concurrent.ThreadPoolExecutor$Worker@67fb0c7c[State = -1, empty queue]] WARN  server.GrpcLogAppender (GrpcLogAppender.java:timeoutAppendRequest(200)) - d7db739d-8a5f-427c-bc0a-5603ac8ba161@group-9A9DF8BBBB07->22812086-b692-43a0-8348-44721a5a82d7-GrpcLogAppender: appendEntries Timeout, request=d7db739d-8a5f-427c-bc0a-5603ac8ba161->22812086-b692-43a0-8348-44721a5a82d7#63-t2, previous=(t:2, i:20), leaderCommit=16, initializing? false, entries: <empty>
2019-09-16 16:47:41,805 [java.util.concurrent.ThreadPoolExecutor$Worker@76876f3d[State = -1, empty queue]] WARN  server.GrpcLogAppender (GrpcLogAppender.java:timeoutAppendRequest(200)) - 31ff8a7c-4ef6-4603-8d7a-5c866c7f5672@group-651FE1B6B3BB->f1ea936a-1aa4-4b4f-a193-5108e1c15289-GrpcLogAppender: appendEntries Timeout, request=31ff8a7c-4ef6-4603-8d7a-5c866c7f5672->f1ea936a-1aa4-4b4f-a193-5108e1c15289#66-t1, previous=(t:1, i:20), leaderCommit=16, initializing? false, entries: <empty>
2019-09-16 16:47:41,805 [java.util.concurrent.ThreadPoolExecutor$Worker@5708b060[State = -1, empty queue]] WARN  server.GrpcLogAppender (GrpcLogAppender.java:timeoutAppendRequest(200)) - 31ff8a7c-4ef6-4603-8d7a-5c866c7f5672@group-651FE1B6B3BB->b1d373fd-82f2-45f9-929a-b8d8660dbeb2-GrpcLogAppender: appendEntries Timeout, request=31ff8a7c-4ef6-4603-8d7a-5c866c7f5672->b1d373fd-82f2-45f9-929a-b8d8660dbeb2#66-t1, previous=(t:1, i:20), leaderCommit=16, initializing? false, entries: <empty>
2019-09-16 16:47:41,821 [java.util.concurrent.ThreadPoolExecutor$Worker@67fb0c7c[State = -1, empty queue]] WARN  server.GrpcLogAppender (GrpcLogAppender.java:timeoutAppendRequest(200)) - d7db739d-8a5f-427c-bc0a-5603ac8ba161@group-9A9DF8BBBB07->22812086-b692-43a0-8348-44721a5a82d7-GrpcLogAppender: appendEntries Timeout, request=d7db739d-8a5f-427c-bc0a-5603ac8ba161->22812086-b692-43a0-8348-44721a5a82d7#64-t2, previous=(t:2, i:20), leaderCommit=16, initializing? false, entries: <empty>
2019-09-16 16:47:41,821 [java.util.concurrent.ThreadPoolExecutor$Worker@314b69f[State = -1, empty queue]] WARN  server.GrpcLogAppender (GrpcLogAppender.java:timeoutAppendRequest(200)) - d7db739d-8a5f-427c-bc0a-5603ac8ba161@group-9A9DF8BBBB07->37aba10a-6fc0-4836-82ce-0d66a20effe5-GrpcLogAppender: appendEntries Timeout, request=d7db739d-8a5f-427c-bc0a-5603ac8ba161->37aba10a-6fc0-4836-82ce-0d66a20effe5#64-t2, previous=(t:2, i:20), leaderCommit=16, initializing? false, entries: <empty>
2019-09-16 16:47:42,305 [java.util.concurrent.ThreadPoolExecutor$Worker@76876f3d[State = -1, empty queue]] WARN  server.GrpcLogAppender (GrpcLogAppender.java:timeoutAppendRequest(200)) - 31ff8a7c-4ef6-4603-8d7a-5c866c7f5672@group-651FE1B6B3BB->f1ea936a-1aa4-4b4f-a193-5108e1c15289-GrpcLogAppender: appendEntries Timeout, request=31ff8a7c-4ef6-4603-8d7a-5c866c7f5672->f1ea936a-1aa4-4b4f-a193-5108e1c15289#67-t1, previous=(t:1, i:20), leaderCommit=16, initializing? false, entries: <empty>
2019-09-16 16:47:42,305 [java.util.concurrent.ThreadPoolExecutor$Worker@5708b060[State = -1, empty queue]] WARN  server.GrpcLogAppender (GrpcLogAppender.java:timeoutAppendRequest(200)) - 31ff8a7c-4ef6-4603-8d7a-5c866c7f5672@group-651FE1B6B3BB->b1d373fd-82f2-45f9-929a-b8d8660dbeb2-GrpcLogAppender: appendEntries Timeout, request=31ff8a7c-4ef6-4603-8d7a-5c866c7f5672->b1d373fd-82f2-45f9-929a-b8d8660dbeb2#67-t1, previous=(t:1, i:20), leaderCommit=16, initializing? false, entries: <empty>
2019-09-16 16:47:42,332 [java.util.concurrent.ThreadPoolExecutor$Worker@314b69f[State = -1, empty queue]] WARN  server.GrpcLogAppender (GrpcLogAppender.java:timeoutAppendRequest(200)) - d7db739d-8a5f-427c-bc0a-5603ac8ba161@group-9A9DF8BBBB07->37aba10a-6fc0-4836-82ce-0d66a20effe5-GrpcLogAppender: appendEntries Timeout, request=d7db739d-8a5f-427c-bc0a-5603ac8ba161->37aba10a-6fc0-4836-82ce-0d66a20effe5#65-t2, previous=(t:2, i:20), leaderCommit=16, initializing? false, entries: <empty>
2019-09-16 16:47:42,332 [java.util.concurrent.ThreadPoolExecutor$Worker@67fb0c7c[State = -1, empty queue]] WARN  server.GrpcLogAppender (GrpcLogAppender.java:timeoutAppendRequest(200)) - d7db739d-8a5f-427c-bc0a-5603ac8ba161@group-9A9DF8BBBB07->22812086-b692-43a0-8348-44721a5a82d7-GrpcLogAppender: appendEntries Timeout, request=d7db739d-8a5f-427c-bc0a-5603ac8ba161->22812086-b692-43a0-8348-44721a5a82d7#65-t2, previous=(t:2, i:20), leaderCommit=16, initializing? false, entries: <empty>
2019-09-16 16:47:42,806 [java.util.concurrent.ThreadPoolExecutor$Worker@5708b060[State = -1, empty queue]] WARN  server.GrpcLogAppender (GrpcLogAppender.java:timeoutAppendRequest(200)) - 31ff8a7c-4ef6-4603-8d7a-5c866c7f5672@group-651FE1B6B3BB->b1d373fd-82f2-45f9-929a-b8d8660dbeb2-GrpcLogAppender: appendEntries Timeout, request=31ff8a7c-4ef6-4603-8d7a-5c866c7f5672->b1d373fd-82f2-45f9-929a-b8d8660dbeb2#68-t1, previous=(t:1, i:20), leaderCommit=16, initializing? false, entries: <empty>
2019-09-16 16:47:42,806 [java.util.concurrent.ThreadPoolExecutor$Worker@76876f3d[State = -1, empty queue]] WARN  server.GrpcLogAppender (GrpcLogAppender.java:timeoutAppendRequest(200)) - 31ff8a7c-4ef6-4603-8d7a-5c866c7f5672@group-651FE1B6B3BB->f1ea936a-1aa4-4b4f-a193-5108e1c15289-GrpcLogAppender: appendEntries Timeout, request=31ff8a7c-4ef6-4603-8d7a-5c866c7f5672->f1ea936a-1aa4-4b4f-a193-5108e1c15289#68-t1, previous=(t:1, i:20), leaderCommit=16, initializing? false, entries: <empty>
2019-09-16 16:47:42,833 [java.util.concurrent.ThreadPoolExecutor$Worker@314b69f[State = -1, empty queue]] WARN  server.GrpcLogAppender (GrpcLogAppender.java:timeoutAppendRequest(200)) - d7db739d-8a5f-427c-bc0a-5603ac8ba161@group-9A9DF8BBBB07->37aba10a-6fc0-4836-82ce-0d66a20effe5-GrpcLogAppender: appendEntries Timeout, request=d7db739d-8a5f-427c-bc0a-5603ac8ba161->37aba10a-6fc0-4836-82ce-0d66a20effe5#66-t2, previous=(t:2, i:20), leaderCommit=16, initializing? false, entries: <empty>
2019-09-16 16:47:42,833 [java.util.concurrent.ThreadPoolExecutor$Worker@67fb0c7c[State = -1, empty queue]] WARN  server.GrpcLogAppender (GrpcLogAppender.java:timeoutAppendRequest(200)) - d7db739d-8a5f-427c-bc0a-5603ac8ba161@group-9A9DF8BBBB07->22812086-b692-43a0-8348-44721a5a82d7-GrpcLogAppender: appendEntries Timeout, request=d7db739d-8a5f-427c-bc0a-5603ac8ba161->22812086-b692-43a0-8348-44721a5a82d7#66-t2, previous=(t:2, i:20), leaderCommit=16, initializing? false, entries: <empty>
2019-09-16 16:47:43,307 [java.util.concurrent.ThreadPoolExecutor$Worker@5708b060[State = -1, empty queue]] WARN  server.GrpcLogAppender (GrpcLogAppender.java:timeoutAppendRequest(200)) - 31ff8a7c-4ef6-4603-8d7a-5c866c7f5672@group-651FE1B6B3BB->b1d373fd-82f2-45f9-929a-b8d8660dbeb2-GrpcLogAppender: appendEntries Timeout, request=31ff8a7c-4ef6-4603-8d7a-5c866c7f5672->b1d373fd-82f2-45f9-929a-b8d8660dbeb2#69-t1, previous=(t:1, i:20), leaderCommit=16, initializing? false, entries: <empty>
2019-09-16 16:47:43,307 [java.util.concurrent.ThreadPoolExecutor$Worker@76876f3d[State = -1, empty queue]] WARN  server.GrpcLogAppender (GrpcLogAppender.java:timeoutAppendRequest(200)) - 31ff8a7c-4ef6-4603-8d7a-5c866c7f5672@group-651FE1B6B3BB->f1ea936a-1aa4-4b4f-a193-5108e1c15289-GrpcLogAppender: appendEntries Timeout, request=31ff8a7c-4ef6-4603-8d7a-5c866c7f5672->f1ea936a-1aa4-4b4f-a193-5108e1c15289#69-t1, previous=(t:1, i:20), leaderCommit=16, initializing? false, entries: <empty>
2019-09-16 16:47:43,343 [java.util.concurrent.ThreadPoolExecutor$Worker@314b69f[State = -1, empty queue]] WARN  server.GrpcLogAppender (GrpcLogAppender.java:timeoutAppendRequest(200)) - d7db739d-8a5f-427c-bc0a-5603ac8ba161@group-9A9DF8BBBB07->37aba10a-6fc0-4836-82ce-0d66a20effe5-GrpcLogAppender: appendEntries Timeout, request=d7db739d-8a5f-427c-bc0a-5603ac8ba161->37aba10a-6fc0-4836-82ce-0d66a20effe5#67-t2, previous=(t:2, i:20), leaderCommit=16, initializing? false, entries: <empty>
2019-09-16 16:47:43,343 [java.util.concurrent.ThreadPoolExecutor$Worker@67fb0c7c[State = -1, empty queue]] WARN  server.GrpcLogAppender (GrpcLogAppender.java:timeoutAppendRequest(200)) - d7db739d-8a5f-427c-bc0a-5603ac8ba161@group-9A9DF8BBBB07->22812086-b692-43a0-8348-44721a5a82d7-GrpcLogAppender: appendEntries Timeout, request=d7db739d-8a5f-427c-bc0a-5603ac8ba161->22812086-b692-43a0-8348-44721a5a82d7#67-t2, previous=(t:2, i:20), leaderCommit=16, initializing? false, entries: <empty>
2019-09-16 16:47:43,807 [java.util.concurrent.ThreadPoolExecutor$Worker@76876f3d[State = -1, empty queue]] WARN  server.GrpcLogAppender (GrpcLogAppender.java:timeoutAppendRequest(200)) - 31ff8a7c-4ef6-4603-8d7a-5c866c7f5672@group-651FE1B6B3BB->f1ea936a-1aa4-4b4f-a193-5108e1c15289-GrpcLogAppender: appendEntries Timeout, request=31ff8a7c-4ef6-4603-8d7a-5c866c7f5672->f1ea936a-1aa4-4b4f-a193-5108e1c15289#70-t1, previous=(t:1, i:20), leaderCommit=16, initializing? false, entries: <empty>
2019-09-16 16:47:43,807 [java.util.concurrent.ThreadPoolExecutor$Worker@5708b060[State = -1, empty queue]] WARN  server.GrpcLogAppender (GrpcLogAppender.java:timeoutAppendRequest(200)) - 31ff8a7c-4ef6-4603-8d7a-5c866c7f5672@group-651FE1B6B3BB->b1d373fd-82f2-45f9-929a-b8d8660dbeb2-GrpcLogAppender: appendEntries Timeout, request=31ff8a7c-4ef6-4603-8d7a-5c866c7f5672->b1d373fd-82f2-45f9-929a-b8d8660dbeb2#70-t1, previous=(t:1, i:20), leaderCommit=16, initializing? false, entries: <empty>
2019-09-16 16:47:43,843 [java.util.concurrent.ThreadPoolExecutor$Worker@314b69f[State = -1, empty queue]] WARN  server.GrpcLogAppender (GrpcLogAppender.java:timeoutAppendRequest(200)) - d7db739d-8a5f-427c-bc0a-5603ac8ba161@group-9A9DF8BBBB07->37aba10a-6fc0-4836-82ce-0d66a20effe5-GrpcLogAppender: appendEntries Timeout, request=d7db739d-8a5f-427c-bc0a-5603ac8ba161->37aba10a-6fc0-4836-82ce-0d66a20effe5#68-t2, previous=(t:2, i:20), leaderCommit=16, initializing? false, entries: <empty>
2019-09-16 16:47:43,843 [java.util.concurrent.ThreadPoolExecutor$Worker@67fb0c7c[State = -1, empty queue]] WARN  server.GrpcLogAppender (GrpcLogAppender.java:timeoutAppendRequest(200)) - d7db739d-8a5f-427c-bc0a-5603ac8ba161@group-9A9DF8BBBB07->22812086-b692-43a0-8348-44721a5a82d7-GrpcLogAppender: appendEntries Timeout, request=d7db739d-8a5f-427c-bc0a-5603ac8ba161->22812086-b692-43a0-8348-44721a5a82d7#68-t2, previous=(t:2, i:20), leaderCommit=16, initializing? false, entries: <empty>
2019-09-16 16:47:44,307 [java.util.concurrent.ThreadPoolExecutor$Worker@5708b060[State = -1, empty queue]] WARN  server.GrpcLogAppender (GrpcLogAppender.java:timeoutAppendRequest(200)) - 31ff8a7c-4ef6-4603-8d7a-5c866c7f5672@group-651FE1B6B3BB->b1d373fd-82f2-45f9-929a-b8d8660dbeb2-GrpcLogAppender: appendEntries Timeout, request=31ff8a7c-4ef6-4603-8d7a-5c866c7f5672->b1d373fd-82f2-45f9-929a-b8d8660dbeb2#71-t1, previous=(t:1, i:20), leaderCommit=16, initializing? false, entries: <empty>
2019-09-16 16:47:44,307 [java.util.concurrent.ThreadPoolExecutor$Worker@76876f3d[State = -1, empty queue]] WARN  server.GrpcLogAppender (GrpcLogAppender.java:timeoutAppendRequest(200)) - 31ff8a7c-4ef6-4603-8d7a-5c866c7f5672@group-651FE1B6B3BB->f1ea936a-1aa4-4b4f-a193-5108e1c15289-GrpcLogAppender: appendEntries Timeout, request=31ff8a7c-4ef6-4603-8d7a-5c866c7f5672->f1ea936a-1aa4-4b4f-a193-5108e1c15289#71-t1, previous=(t:1, i:20), leaderCommit=16, initializing? false, entries: <empty>
2019-09-16 16:47:44,343 [java.util.concurrent.ThreadPoolExecutor$Worker@314b69f[State = -1, empty queue]] WARN  server.GrpcLogAppender (GrpcLogAppender.java:timeoutAppendRequest(200)) - d7db739d-8a5f-427c-bc0a-5603ac8ba161@group-9A9DF8BBBB07->37aba10a-6fc0-4836-82ce-0d66a20effe5-GrpcLogAppender: appendEntries Timeout, request=d7db739d-8a5f-427c-bc0a-5603ac8ba161->37aba10a-6fc0-4836-82ce-0d66a20effe5#69-t2, previous=(t:2, i:20), leaderCommit=16, initializing? false, entries: <empty>
2019-09-16 16:47:44,343 [java.util.concurrent.ThreadPoolExecutor$Worker@67fb0c7c[State = -1, empty queue]] WARN  server.GrpcLogAppender (GrpcLogAppender.java:timeoutAppendRequest(200)) - d7db739d-8a5f-427c-bc0a-5603ac8ba161@group-9A9DF8BBBB07->22812086-b692-43a0-8348-44721a5a82d7-GrpcLogAppender: appendEntries Timeout, request=d7db739d-8a5f-427c-bc0a-5603ac8ba161->22812086-b692-43a0-8348-44721a5a82d7#69-t2, previous=(t:2, i:20), leaderCommit=16, initializing? false, entries: <empty>
2019-09-16 16:47:44,818 [java.util.concurrent.ThreadPoolExecutor$Worker@5708b060[State = -1, empty queue]] WARN  server.GrpcLogAppender (GrpcLogAppender.java:timeoutAppendRequest(200)) - 31ff8a7c-4ef6-4603-8d7a-5c866c7f5672@group-651FE1B6B3BB->b1d373fd-82f2-45f9-929a-b8d8660dbeb2-GrpcLogAppender: appendEntries Timeout, request=31ff8a7c-4ef6-4603-8d7a-5c866c7f5672->b1d373fd-82f2-45f9-929a-b8d8660dbeb2#72-t1, previous=(t:1, i:20), leaderCommit=16, initializing? false, entries: <empty>
2019-09-16 16:47:44,818 [java.util.concurrent.ThreadPoolExecutor$Worker@76876f3d[State = -1, empty queue]] WARN  server.GrpcLogAppender (GrpcLogAppender.java:timeoutAppendRequest(200)) - 31ff8a7c-4ef6-4603-8d7a-5c866c7f5672@group-651FE1B6B3BB->f1ea936a-1aa4-4b4f-a193-5108e1c15289-GrpcLogAppender: appendEntries Timeout, request=31ff8a7c-4ef6-4603-8d7a-5c866c7f5672->f1ea936a-1aa4-4b4f-a193-5108e1c15289#72-t1, previous=(t:1, i:20), leaderCommit=16, initializing? false, entries: <empty>
2019-09-16 16:47:44,843 [java.util.concurrent.ThreadPoolExecutor$Worker@314b69f[State = -1, empty queue]] WARN  server.GrpcLogAppender (GrpcLogAppender.java:timeoutAppendRequest(200)) - d7db739d-8a5f-427c-bc0a-5603ac8ba161@group-9A9DF8BBBB07->37aba10a-6fc0-4836-82ce-0d66a20effe5-GrpcLogAppender: appendEntries Timeout, request=d7db739d-8a5f-427c-bc0a-5603ac8ba161->37aba10a-6fc0-4836-82ce-0d66a20effe5#70-t2, previous=(t:2, i:20), leaderCommit=16, initializing? false, entries: <empty>
2019-09-16 16:47:44,843 [java.util.concurrent.ThreadPoolExecutor$Worker@67fb0c7c[State = -1, empty queue]] WARN  server.GrpcLogAppender (GrpcLogAppender.java:timeoutAppendRequest(200)) - d7db739d-8a5f-427c-bc0a-5603ac8ba161@group-9A9DF8BBBB07->22812086-b692-43a0-8348-44721a5a82d7-GrpcLogAppender: appendEntries Timeout, request=d7db739d-8a5f-427c-bc0a-5603ac8ba161->22812086-b692-43a0-8348-44721a5a82d7#70-t2, previous=(t:2, i:20), leaderCommit=16, initializing? false, entries: <empty>
2019-09-16 16:47:45,309 [d7db739d-8a5f-427c-bc0a-5603ac8ba161@group-9A9DF8BBBB07-SegmentedRaftLogWorker] WARN  segmented.SegmentedRaftLogWorker (SegmentedRaftLogWorker.java:getFromFuture(90)) - Timeout 0/~
org.apache.ratis.protocol.TimeoutIOException: Timeout 10s: WriteLog:17: (t:2, i:17), STATEMACHINELOGENTRY, client-B863CA8D5873, cid=43-writeStateMachineData
	at org.apache.ratis.util.IOUtils.getFromFuture(IOUtils.java:87)
	at org.apache.ratis.server.raftlog.segmented.SegmentedRaftLogWorker$StateMachineDataPolicy.getFromFuture(SegmentedRaftLogWorker.java:87)
	at org.apache.ratis.server.raftlog.segmented.SegmentedRaftLogWorker$WriteLog.execute(SegmentedRaftLogWorker.java:477)
	at org.apache.ratis.server.raftlog.segmented.SegmentedRaftLogWorker.run(SegmentedRaftLogWorker.java:289)
	at java.lang.Thread.run(Thread.java:748)
Caused by: java.util.concurrent.TimeoutException
	at java.util.concurrent.CompletableFuture.timedGet(CompletableFuture.java:1771)
	at java.util.concurrent.CompletableFuture.get(CompletableFuture.java:1915)
	at org.apache.ratis.util.IOUtils.getFromFuture(IOUtils.java:79)
	... 4 more
2019-09-16 16:47:45,315 [22812086-b692-43a0-8348-44721a5a82d7@group-9A9DF8BBBB07-SegmentedRaftLogWorker] WARN  segmented.SegmentedRaftLogWorker (SegmentedRaftLogWorker.java:getFromFuture(90)) - Timeout 0/~
org.apache.ratis.protocol.TimeoutIOException: Timeout 10s: WriteLog:17: (t:2, i:17), STATEMACHINELOGENTRY, client-B863CA8D5873, cid=43-writeStateMachineData
	at org.apache.ratis.util.IOUtils.getFromFuture(IOUtils.java:87)
	at org.apache.ratis.server.raftlog.segmented.SegmentedRaftLogWorker$StateMachineDataPolicy.getFromFuture(SegmentedRaftLogWorker.java:87)
	at org.apache.ratis.server.raftlog.segmented.SegmentedRaftLogWorker$WriteLog.execute(SegmentedRaftLogWorker.java:477)
	at org.apache.ratis.server.raftlog.segmented.SegmentedRaftLogWorker.run(SegmentedRaftLogWorker.java:289)
	at java.lang.Thread.run(Thread.java:748)
Caused by: java.util.concurrent.TimeoutException
	at java.util.concurrent.CompletableFuture.timedGet(CompletableFuture.java:1771)
	at java.util.concurrent.CompletableFuture.get(CompletableFuture.java:1915)
	at org.apache.ratis.util.IOUtils.getFromFuture(IOUtils.java:79)
	... 4 more
2019-09-16 16:47:45,319 [java.util.concurrent.ThreadPoolExecutor$Worker@76876f3d[State = -1, empty queue]] WARN  server.GrpcLogAppender (GrpcLogAppender.java:timeoutAppendRequest(200)) - 31ff8a7c-4ef6-4603-8d7a-5c866c7f5672@group-651FE1B6B3BB->f1ea936a-1aa4-4b4f-a193-5108e1c15289-GrpcLogAppender: appendEntries Timeout, request=31ff8a7c-4ef6-4603-8d7a-5c866c7f5672->f1ea936a-1aa4-4b4f-a193-5108e1c15289#73-t1, previous=(t:1, i:20), leaderCommit=16, initializing? false, entries: <empty>
2019-09-16 16:47:45,319 [java.util.concurrent.ThreadPoolExecutor$Worker@5708b060[State = -1, empty queue]] WARN  server.GrpcLogAppender (GrpcLogAppender.java:timeoutAppendRequest(200)) - 31ff8a7c-4ef6-4603-8d7a-5c866c7f5672@group-651FE1B6B3BB->b1d373fd-82f2-45f9-929a-b8d8660dbeb2-GrpcLogAppender: appendEntries Timeout, request=31ff8a7c-4ef6-4603-8d7a-5c866c7f5672->b1d373fd-82f2-45f9-929a-b8d8660dbeb2#73-t1, previous=(t:1, i:20), leaderCommit=16, initializing? false, entries: <empty>
2019-09-16 16:47:45,344 [java.util.concurrent.ThreadPoolExecutor$Worker@314b69f[State = -1, empty queue]] WARN  server.GrpcLogAppender (GrpcLogAppender.java:timeoutAppendRequest(200)) - d7db739d-8a5f-427c-bc0a-5603ac8ba161@group-9A9DF8BBBB07->37aba10a-6fc0-4836-82ce-0d66a20effe5-GrpcLogAppender: appendEntries Timeout, request=d7db739d-8a5f-427c-bc0a-5603ac8ba161->37aba10a-6fc0-4836-82ce-0d66a20effe5#71-t2, previous=(t:2, i:20), leaderCommit=16, initializing? false, entries: <empty>
2019-09-16 16:47:45,344 [java.util.concurrent.ThreadPoolExecutor$Worker@67fb0c7c[State = -1, empty queue]] WARN  server.GrpcLogAppender (GrpcLogAppender.java:timeoutAppendRequest(200)) - d7db739d-8a5f-427c-bc0a-5603ac8ba161@group-9A9DF8BBBB07->22812086-b692-43a0-8348-44721a5a82d7-GrpcLogAppender: appendEntries Timeout, request=d7db739d-8a5f-427c-bc0a-5603ac8ba161->22812086-b692-43a0-8348-44721a5a82d7#71-t2, previous=(t:2, i:20), leaderCommit=16, initializing? false, entries: <empty>
2019-09-16 16:47:45,445 [grpc-default-executor-1] INFO  client.GrpcClientProtocolClient (GrpcClientProtocolClient.java:onNext(264)) - client-B863CA8D5873->37aba10a-6fc0-4836-82ce-0d66a20effe5: receive RaftClientReply:client-B863CA8D5873->37aba10a-6fc0-4836-82ce-0d66a20effe5@group-9A9DF8BBBB07, cid=43, FAILED org.apache.ratis.protocol.NotLeaderException: Server 37aba10a-6fc0-4836-82ce-0d66a20effe5@group-9A9DF8BBBB07 is not the leader d7db739d-8a5f-427c-bc0a-5603ac8ba161:192.168.5.184:39532, logIndex=0, commits[37aba10a-6fc0-4836-82ce-0d66a20effe5:c16, 22812086-b692-43a0-8348-44721a5a82d7:c12, d7db739d-8a5f-427c-bc0a-5603ac8ba161:c16]
2019-09-16 16:47:45,619 [37aba10a-6fc0-4836-82ce-0d66a20effe5@group-9A9DF8BBBB07-SegmentedRaftLogWorker] WARN  segmented.SegmentedRaftLogWorker (SegmentedRaftLogWorker.java:getFromFuture(90)) - Timeout 0/~
org.apache.ratis.protocol.TimeoutIOException: Timeout 10s: WriteLog:19: (t:2, i:19), STATEMACHINELOGENTRY, client-B863CA8D5873, cid=45-writeStateMachineData
	at org.apache.ratis.util.IOUtils.getFromFuture(IOUtils.java:87)
	at org.apache.ratis.server.raftlog.segmented.SegmentedRaftLogWorker$StateMachineDataPolicy.getFromFuture(SegmentedRaftLogWorker.java:87)
	at org.apache.ratis.server.raftlog.segmented.SegmentedRaftLogWorker$WriteLog.execute(SegmentedRaftLogWorker.java:477)
	at org.apache.ratis.server.raftlog.segmented.SegmentedRaftLogWorker.run(SegmentedRaftLogWorker.java:289)
	at java.lang.Thread.run(Thread.java:748)
Caused by: java.util.concurrent.TimeoutException
	at java.util.concurrent.CompletableFuture.timedGet(CompletableFuture.java:1771)
	at java.util.concurrent.CompletableFuture.get(CompletableFuture.java:1915)
	at org.apache.ratis.util.IOUtils.getFromFuture(IOUtils.java:79)
	... 4 more
2019-09-16 16:47:45,829 [java.util.concurrent.ThreadPoolExecutor$Worker@5708b060[State = -1, empty queue]] WARN  server.GrpcLogAppender (GrpcLogAppender.java:timeoutAppendRequest(200)) - 31ff8a7c-4ef6-4603-8d7a-5c866c7f5672@group-651FE1B6B3BB->b1d373fd-82f2-45f9-929a-b8d8660dbeb2-GrpcLogAppender: appendEntries Timeout, request=31ff8a7c-4ef6-4603-8d7a-5c866c7f5672->b1d373fd-82f2-45f9-929a-b8d8660dbeb2#74-t1, previous=(t:1, i:20), leaderCommit=16, initializing? false, entries: <empty>
2019-09-16 16:47:45,829 [java.util.concurrent.ThreadPoolExecutor$Worker@76876f3d[State = -1, empty queue]] WARN  server.GrpcLogAppender (GrpcLogAppender.java:timeoutAppendRequest(200)) - 31ff8a7c-4ef6-4603-8d7a-5c866c7f5672@group-651FE1B6B3BB->f1ea936a-1aa4-4b4f-a193-5108e1c15289-GrpcLogAppender: appendEntries Timeout, request=31ff8a7c-4ef6-4603-8d7a-5c866c7f5672->f1ea936a-1aa4-4b4f-a193-5108e1c15289#74-t1, previous=(t:1, i:20), leaderCommit=16, initializing? false, entries: <empty>
2019-09-16 16:47:45,844 [java.util.concurrent.ThreadPoolExecutor$Worker@314b69f[State = -1, empty queue]] WARN  server.GrpcLogAppender (GrpcLogAppender.java:timeoutAppendRequest(200)) - d7db739d-8a5f-427c-bc0a-5603ac8ba161@group-9A9DF8BBBB07->37aba10a-6fc0-4836-82ce-0d66a20effe5-GrpcLogAppender: appendEntries Timeout, request=d7db739d-8a5f-427c-bc0a-5603ac8ba161->37aba10a-6fc0-4836-82ce-0d66a20effe5#72-t2, previous=(t:2, i:20), leaderCommit=16, initializing? false, entries: <empty>
2019-09-16 16:47:45,844 [java.util.concurrent.ThreadPoolExecutor$Worker@67fb0c7c[State = -1, empty queue]] WARN  server.GrpcLogAppender (GrpcLogAppender.java:timeoutAppendRequest(200)) - d7db739d-8a5f-427c-bc0a-5603ac8ba161@group-9A9DF8BBBB07->22812086-b692-43a0-8348-44721a5a82d7-GrpcLogAppender: appendEntries Timeout, request=d7db739d-8a5f-427c-bc0a-5603ac8ba161->22812086-b692-43a0-8348-44721a5a82d7#72-t2, previous=(t:2, i:20), leaderCommit=16, initializing? false, entries: <empty>
2019-09-16 16:47:46,245 [b1d373fd-82f2-45f9-929a-b8d8660dbeb2@group-651FE1B6B3BB-SegmentedRaftLogWorker] WARN  segmented.SegmentedRaftLogWorker (SegmentedRaftLogWorker.java:getFromFuture(90)) - Timeout 2/~
org.apache.ratis.protocol.TimeoutIOException: Timeout 10s: WriteLog:17: (t:1, i:17), STATEMACHINELOGENTRY, client-AC4080E834B7, cid=29-writeStateMachineData
	at org.apache.ratis.util.IOUtils.getFromFuture(IOUtils.java:87)
	at org.apache.ratis.server.raftlog.segmented.SegmentedRaftLogWorker$StateMachineDataPolicy.getFromFuture(SegmentedRaftLogWorker.java:87)
	at org.apache.ratis.server.raftlog.segmented.SegmentedRaftLogWorker$WriteLog.execute(SegmentedRaftLogWorker.java:477)
	at org.apache.ratis.server.raftlog.segmented.SegmentedRaftLogWorker.run(SegmentedRaftLogWorker.java:289)
	at java.lang.Thread.run(Thread.java:748)
Caused by: java.util.concurrent.TimeoutException
	at java.util.concurrent.CompletableFuture.timedGet(CompletableFuture.java:1771)
	at java.util.concurrent.CompletableFuture.get(CompletableFuture.java:1915)
	at org.apache.ratis.util.IOUtils.getFromFuture(IOUtils.java:79)
	... 4 more
2019-09-16 16:47:46,330 [java.util.concurrent.ThreadPoolExecutor$Worker@5708b060[State = -1, empty queue]] WARN  server.GrpcLogAppender (GrpcLogAppender.java:timeoutAppendRequest(200)) - 31ff8a7c-4ef6-4603-8d7a-5c866c7f5672@group-651FE1B6B3BB->b1d373fd-82f2-45f9-929a-b8d8660dbeb2-GrpcLogAppender: appendEntries Timeout, request=31ff8a7c-4ef6-4603-8d7a-5c866c7f5672->b1d373fd-82f2-45f9-929a-b8d8660dbeb2#75-t1, previous=(t:1, i:20), leaderCommit=16, initializing? false, entries: <empty>
2019-09-16 16:47:46,330 [java.util.concurrent.ThreadPoolExecutor$Worker@76876f3d[State = -1, empty queue]] WARN  server.GrpcLogAppender (GrpcLogAppender.java:timeoutAppendRequest(200)) - 31ff8a7c-4ef6-4603-8d7a-5c866c7f5672@group-651FE1B6B3BB->f1ea936a-1aa4-4b4f-a193-5108e1c15289-GrpcLogAppender: appendEntries Timeout, request=31ff8a7c-4ef6-4603-8d7a-5c866c7f5672->f1ea936a-1aa4-4b4f-a193-5108e1c15289#75-t1, previous=(t:1, i:20), leaderCommit=16, initializing? false, entries: <empty>
2019-09-16 16:47:46,344 [java.util.concurrent.ThreadPoolExecutor$Worker@314b69f[State = -1, empty queue]] WARN  server.GrpcLogAppender (GrpcLogAppender.java:timeoutAppendRequest(200)) - d7db739d-8a5f-427c-bc0a-5603ac8ba161@group-9A9DF8BBBB07->37aba10a-6fc0-4836-82ce-0d66a20effe5-GrpcLogAppender: appendEntries Timeout, request=d7db739d-8a5f-427c-bc0a-5603ac8ba161->37aba10a-6fc0-4836-82ce-0d66a20effe5#73-t2, previous=(t:2, i:20), leaderCommit=16, initializing? false, entries: <empty>
2019-09-16 16:47:46,344 [java.util.concurrent.ThreadPoolExecutor$Worker@67fb0c7c[State = -1, empty queue]] WARN  server.GrpcLogAppender (GrpcLogAppender.java:timeoutAppendRequest(200)) - d7db739d-8a5f-427c-bc0a-5603ac8ba161@group-9A9DF8BBBB07->22812086-b692-43a0-8348-44721a5a82d7-GrpcLogAppender: appendEntries Timeout, request=d7db739d-8a5f-427c-bc0a-5603ac8ba161->22812086-b692-43a0-8348-44721a5a82d7#73-t2, previous=(t:2, i:20), leaderCommit=16, initializing? false, entries: <empty>
2019-09-16 16:47:46,435 [31ff8a7c-4ef6-4603-8d7a-5c866c7f5672@group-651FE1B6B3BB-SegmentedRaftLogWorker] WARN  segmented.SegmentedRaftLogWorker (SegmentedRaftLogWorker.java:getFromFuture(90)) - Timeout 2/~
org.apache.ratis.protocol.TimeoutIOException: Timeout 10s: WriteLog:19: (t:1, i:19), STATEMACHINELOGENTRY, client-AC4080E834B7, cid=31-writeStateMachineData
	at org.apache.ratis.util.IOUtils.getFromFuture(IOUtils.java:87)
	at org.apache.ratis.server.raftlog.segmented.SegmentedRaftLogWorker$StateMachineDataPolicy.getFromFuture(SegmentedRaftLogWorker.java:87)
	at org.apache.ratis.server.raftlog.segmented.SegmentedRaftLogWorker$WriteLog.execute(SegmentedRaftLogWorker.java:477)
	at org.apache.ratis.server.raftlog.segmented.SegmentedRaftLogWorker.run(SegmentedRaftLogWorker.java:289)
	at java.lang.Thread.run(Thread.java:748)
Caused by: java.util.concurrent.TimeoutException
	at java.util.concurrent.CompletableFuture.timedGet(CompletableFuture.java:1771)
	at java.util.concurrent.CompletableFuture.get(CompletableFuture.java:1915)
	at org.apache.ratis.util.IOUtils.getFromFuture(IOUtils.java:79)
	... 4 more
2019-09-16 16:47:46,439 [f1ea936a-1aa4-4b4f-a193-5108e1c15289@group-651FE1B6B3BB-SegmentedRaftLogWorker] WARN  segmented.SegmentedRaftLogWorker (SegmentedRaftLogWorker.java:getFromFuture(90)) - Timeout 2/~
org.apache.ratis.protocol.TimeoutIOException: Timeout 10s: WriteLog:19: (t:1, i:19), STATEMACHINELOGENTRY, client-AC4080E834B7, cid=31-writeStateMachineData
	at org.apache.ratis.util.IOUtils.getFromFuture(IOUtils.java:87)
	at org.apache.ratis.server.raftlog.segmented.SegmentedRaftLogWorker$StateMachineDataPolicy.getFromFuture(SegmentedRaftLogWorker.java:87)
	at org.apache.ratis.server.raftlog.segmented.SegmentedRaftLogWorker$WriteLog.execute(SegmentedRaftLogWorker.java:477)
	at org.apache.ratis.server.raftlog.segmented.SegmentedRaftLogWorker.run(SegmentedRaftLogWorker.java:289)
	at java.lang.Thread.run(Thread.java:748)
Caused by: java.util.concurrent.TimeoutException
	at java.util.concurrent.CompletableFuture.timedGet(CompletableFuture.java:1771)
	at java.util.concurrent.CompletableFuture.get(CompletableFuture.java:1915)
	at org.apache.ratis.util.IOUtils.getFromFuture(IOUtils.java:79)
	... 4 more
2019-09-16 16:47:46,831 [java.util.concurrent.ThreadPoolExecutor$Worker@5708b060[State = -1, empty queue]] WARN  server.GrpcLogAppender (GrpcLogAppender.java:timeoutAppendRequest(200)) - 31ff8a7c-4ef6-4603-8d7a-5c866c7f5672@group-651FE1B6B3BB->b1d373fd-82f2-45f9-929a-b8d8660dbeb2-GrpcLogAppender: appendEntries Timeout, request=31ff8a7c-4ef6-4603-8d7a-5c866c7f5672->b1d373fd-82f2-45f9-929a-b8d8660dbeb2#76-t1, previous=(t:1, i:20), leaderCommit=16, initializing? false, entries: <empty>
2019-09-16 16:47:46,831 [java.util.concurrent.ThreadPoolExecutor$Worker@76876f3d[State = -1, empty queue]] WARN  server.GrpcLogAppender (GrpcLogAppender.java:timeoutAppendRequest(200)) - 31ff8a7c-4ef6-4603-8d7a-5c866c7f5672@group-651FE1B6B3BB->f1ea936a-1aa4-4b4f-a193-5108e1c15289-GrpcLogAppender: appendEntries Timeout, request=31ff8a7c-4ef6-4603-8d7a-5c866c7f5672->f1ea936a-1aa4-4b4f-a193-5108e1c15289#76-t1, previous=(t:1, i:20), leaderCommit=16, initializing? false, entries: <empty>
2019-09-16 16:47:46,844 [java.util.concurrent.ThreadPoolExecutor$Worker@314b69f[State = -1, empty queue]] WARN  server.GrpcLogAppender (GrpcLogAppender.java:timeoutAppendRequest(200)) - d7db739d-8a5f-427c-bc0a-5603ac8ba161@group-9A9DF8BBBB07->37aba10a-6fc0-4836-82ce-0d66a20effe5-GrpcLogAppender: appendEntries Timeout, request=d7db739d-8a5f-427c-bc0a-5603ac8ba161->37aba10a-6fc0-4836-82ce-0d66a20effe5#74-t2, previous=(t:2, i:20), leaderCommit=16, initializing? false, entries: <empty>
2019-09-16 16:47:46,844 [java.util.concurrent.ThreadPoolExecutor$Worker@67fb0c7c[State = -1, empty queue]] WARN  server.GrpcLogAppender (GrpcLogAppender.java:timeoutAppendRequest(200)) - d7db739d-8a5f-427c-bc0a-5603ac8ba161@group-9A9DF8BBBB07->22812086-b692-43a0-8348-44721a5a82d7-GrpcLogAppender: appendEntries Timeout, request=d7db739d-8a5f-427c-bc0a-5603ac8ba161->22812086-b692-43a0-8348-44721a5a82d7#74-t2, previous=(t:2, i:20), leaderCommit=16, initializing? false, entries: <empty>
2019-09-16 16:47:47,331 [java.util.concurrent.ThreadPoolExecutor$Worker@76876f3d[State = -1, empty queue]] WARN  server.GrpcLogAppender (GrpcLogAppender.java:timeoutAppendRequest(200)) - 31ff8a7c-4ef6-4603-8d7a-5c866c7f5672@group-651FE1B6B3BB->f1ea936a-1aa4-4b4f-a193-5108e1c15289-GrpcLogAppender: appendEntries Timeout, request=31ff8a7c-4ef6-4603-8d7a-5c866c7f5672->f1ea936a-1aa4-4b4f-a193-5108e1c15289#77-t1, previous=(t:1, i:20), leaderCommit=16, initializing? false, entries: <empty>
2019-09-16 16:47:47,331 [java.util.concurrent.ThreadPoolExecutor$Worker@5708b060[State = -1, empty queue]] WARN  server.GrpcLogAppender (GrpcLogAppender.java:timeoutAppendRequest(200)) - 31ff8a7c-4ef6-4603-8d7a-5c866c7f5672@group-651FE1B6B3BB->b1d373fd-82f2-45f9-929a-b8d8660dbeb2-GrpcLogAppender: appendEntries Timeout, request=31ff8a7c-4ef6-4603-8d7a-5c866c7f5672->b1d373fd-82f2-45f9-929a-b8d8660dbeb2#77-t1, previous=(t:1, i:20), leaderCommit=16, initializing? false, entries: <empty>
2019-09-16 16:47:47,345 [java.util.concurrent.ThreadPoolExecutor$Worker@314b69f[State = -1, empty queue]] WARN  server.GrpcLogAppender (GrpcLogAppender.java:timeoutAppendRequest(200)) - d7db739d-8a5f-427c-bc0a-5603ac8ba161@group-9A9DF8BBBB07->37aba10a-6fc0-4836-82ce-0d66a20effe5-GrpcLogAppender: appendEntries Timeout, request=d7db739d-8a5f-427c-bc0a-5603ac8ba161->37aba10a-6fc0-4836-82ce-0d66a20effe5#75-t2, previous=(t:2, i:20), leaderCommit=16, initializing? false, entries: <empty>
2019-09-16 16:47:47,345 [java.util.concurrent.ThreadPoolExecutor$Worker@67fb0c7c[State = -1, empty queue]] WARN  server.GrpcLogAppender (GrpcLogAppender.java:timeoutAppendRequest(200)) - d7db739d-8a5f-427c-bc0a-5603ac8ba161@group-9A9DF8BBBB07->22812086-b692-43a0-8348-44721a5a82d7-GrpcLogAppender: appendEntries Timeout, request=d7db739d-8a5f-427c-bc0a-5603ac8ba161->22812086-b692-43a0-8348-44721a5a82d7#75-t2, previous=(t:2, i:20), leaderCommit=16, initializing? false, entries: <empty>
2019-09-16 16:47:47,832 [java.util.concurrent.ThreadPoolExecutor$Worker@76876f3d[State = -1, empty queue]] WARN  server.GrpcLogAppender (GrpcLogAppender.java:timeoutAppendRequest(200)) - 31ff8a7c-4ef6-4603-8d7a-5c866c7f5672@group-651FE1B6B3BB->f1ea936a-1aa4-4b4f-a193-5108e1c15289-GrpcLogAppender: appendEntries Timeout, request=31ff8a7c-4ef6-4603-8d7a-5c866c7f5672->f1ea936a-1aa4-4b4f-a193-5108e1c15289#78-t1, previous=(t:1, i:20), leaderCommit=16, initializing? false, entries: <empty>
2019-09-16 16:47:47,832 [java.util.concurrent.ThreadPoolExecutor$Worker@5708b060[State = -1, empty queue]] WARN  server.GrpcLogAppender (GrpcLogAppender.java:timeoutAppendRequest(200)) - 31ff8a7c-4ef6-4603-8d7a-5c866c7f5672@group-651FE1B6B3BB->b1d373fd-82f2-45f9-929a-b8d8660dbeb2-GrpcLogAppender: appendEntries Timeout, request=31ff8a7c-4ef6-4603-8d7a-5c866c7f5672->b1d373fd-82f2-45f9-929a-b8d8660dbeb2#78-t1, previous=(t:1, i:20), leaderCommit=16, initializing? false, entries: <empty>
2019-09-16 16:47:47,845 [java.util.concurrent.ThreadPoolExecutor$Worker@314b69f[State = -1, empty queue]] WARN  server.GrpcLogAppender (GrpcLogAppender.java:timeoutAppendRequest(200)) - d7db739d-8a5f-427c-bc0a-5603ac8ba161@group-9A9DF8BBBB07->37aba10a-6fc0-4836-82ce-0d66a20effe5-GrpcLogAppender: appendEntries Timeout, request=d7db739d-8a5f-427c-bc0a-5603ac8ba161->37aba10a-6fc0-4836-82ce-0d66a20effe5#76-t2, previous=(t:2, i:20), leaderCommit=16, initializing? false, entries: <empty>
2019-09-16 16:47:47,845 [java.util.concurrent.ThreadPoolExecutor$Worker@67fb0c7c[State = -1, empty queue]] WARN  server.GrpcLogAppender (GrpcLogAppender.java:timeoutAppendRequest(200)) - d7db739d-8a5f-427c-bc0a-5603ac8ba161@group-9A9DF8BBBB07->22812086-b692-43a0-8348-44721a5a82d7-GrpcLogAppender: appendEntries Timeout, request=d7db739d-8a5f-427c-bc0a-5603ac8ba161->22812086-b692-43a0-8348-44721a5a82d7#76-t2, previous=(t:2, i:20), leaderCommit=16, initializing? false, entries: <empty>
2019-09-16 16:47:48,332 [java.util.concurrent.ThreadPoolExecutor$Worker@5708b060[State = -1, empty queue]] WARN  server.GrpcLogAppender (GrpcLogAppender.java:timeoutAppendRequest(200)) - 31ff8a7c-4ef6-4603-8d7a-5c866c7f5672@group-651FE1B6B3BB->b1d373fd-82f2-45f9-929a-b8d8660dbeb2-GrpcLogAppender: appendEntries Timeout, request=31ff8a7c-4ef6-4603-8d7a-5c866c7f5672->b1d373fd-82f2-45f9-929a-b8d8660dbeb2#79-t1, previous=(t:1, i:20), leaderCommit=16, initializing? false, entries: <empty>
2019-09-16 16:47:48,332 [java.util.concurrent.ThreadPoolExecutor$Worker@76876f3d[State = -1, empty queue]] WARN  server.GrpcLogAppender (GrpcLogAppender.java:timeoutAppendRequest(200)) - 31ff8a7c-4ef6-4603-8d7a-5c866c7f5672@group-651FE1B6B3BB->f1ea936a-1aa4-4b4f-a193-5108e1c15289-GrpcLogAppender: appendEntries Timeout, request=31ff8a7c-4ef6-4603-8d7a-5c866c7f5672->f1ea936a-1aa4-4b4f-a193-5108e1c15289#79-t1, previous=(t:1, i:20), leaderCommit=16, initializing? false, entries: <empty>
2019-09-16 16:47:48,345 [java.util.concurrent.ThreadPoolExecutor$Worker@314b69f[State = -1, empty queue]] WARN  server.GrpcLogAppender (GrpcLogAppender.java:timeoutAppendRequest(200)) - d7db739d-8a5f-427c-bc0a-5603ac8ba161@group-9A9DF8BBBB07->37aba10a-6fc0-4836-82ce-0d66a20effe5-GrpcLogAppender: appendEntries Timeout, request=d7db739d-8a5f-427c-bc0a-5603ac8ba161->37aba10a-6fc0-4836-82ce-0d66a20effe5#77-t2, previous=(t:2, i:20), leaderCommit=16, initializing? false, entries: <empty>
2019-09-16 16:47:48,345 [java.util.concurrent.ThreadPoolExecutor$Worker@67fb0c7c[State = -1, empty queue]] WARN  server.GrpcLogAppender (GrpcLogAppender.java:timeoutAppendRequest(200)) - d7db739d-8a5f-427c-bc0a-5603ac8ba161@group-9A9DF8BBBB07->22812086-b692-43a0-8348-44721a5a82d7-GrpcLogAppender: appendEntries Timeout, request=d7db739d-8a5f-427c-bc0a-5603ac8ba161->22812086-b692-43a0-8348-44721a5a82d7#77-t2, previous=(t:2, i:20), leaderCommit=16, initializing? false, entries: <empty>
2019-09-16 16:47:48,835 [java.util.concurrent.ThreadPoolExecutor$Worker@5708b060[State = -1, empty queue]] WARN  server.GrpcLogAppender (GrpcLogAppender.java:timeoutAppendRequest(200)) - 31ff8a7c-4ef6-4603-8d7a-5c866c7f5672@group-651FE1B6B3BB->b1d373fd-82f2-45f9-929a-b8d8660dbeb2-GrpcLogAppender: appendEntries Timeout, request=31ff8a7c-4ef6-4603-8d7a-5c866c7f5672->b1d373fd-82f2-45f9-929a-b8d8660dbeb2#80-t1, previous=(t:1, i:20), leaderCommit=16, initializing? false, entries: <empty>
2019-09-16 16:47:48,835 [java.util.concurrent.ThreadPoolExecutor$Worker@76876f3d[State = -1, empty queue]] WARN  server.GrpcLogAppender (GrpcLogAppender.java:timeoutAppendRequest(200)) - 31ff8a7c-4ef6-4603-8d7a-5c866c7f5672@group-651FE1B6B3BB->f1ea936a-1aa4-4b4f-a193-5108e1c15289-GrpcLogAppender: appendEntries Timeout, request=31ff8a7c-4ef6-4603-8d7a-5c866c7f5672->f1ea936a-1aa4-4b4f-a193-5108e1c15289#80-t1, previous=(t:1, i:20), leaderCommit=16, initializing? false, entries: <empty>
2019-09-16 16:47:48,845 [java.util.concurrent.ThreadPoolExecutor$Worker@314b69f[State = -1, empty queue]] WARN  server.GrpcLogAppender (GrpcLogAppender.java:timeoutAppendRequest(200)) - d7db739d-8a5f-427c-bc0a-5603ac8ba161@group-9A9DF8BBBB07->37aba10a-6fc0-4836-82ce-0d66a20effe5-GrpcLogAppender: appendEntries Timeout, request=d7db739d-8a5f-427c-bc0a-5603ac8ba161->37aba10a-6fc0-4836-82ce-0d66a20effe5#78-t2, previous=(t:2, i:20), leaderCommit=16, initializing? false, entries: <empty>
2019-09-16 16:47:48,845 [java.util.concurrent.ThreadPoolExecutor$Worker@67fb0c7c[State = -1, empty queue]] WARN  server.GrpcLogAppender (GrpcLogAppender.java:timeoutAppendRequest(200)) - d7db739d-8a5f-427c-bc0a-5603ac8ba161@group-9A9DF8BBBB07->22812086-b692-43a0-8348-44721a5a82d7-GrpcLogAppender: appendEntries Timeout, request=d7db739d-8a5f-427c-bc0a-5603ac8ba161->22812086-b692-43a0-8348-44721a5a82d7#78-t2, previous=(t:2, i:20), leaderCommit=16, initializing? false, entries: <empty>
2019-09-16 16:47:49,335 [java.util.concurrent.ThreadPoolExecutor$Worker@76876f3d[State = -1, empty queue]] WARN  server.GrpcLogAppender (GrpcLogAppender.java:timeoutAppendRequest(200)) - 31ff8a7c-4ef6-4603-8d7a-5c866c7f5672@group-651FE1B6B3BB->f1ea936a-1aa4-4b4f-a193-5108e1c15289-GrpcLogAppender: appendEntries Timeout, request=31ff8a7c-4ef6-4603-8d7a-5c866c7f5672->f1ea936a-1aa4-4b4f-a193-5108e1c15289#81-t1, previous=(t:1, i:20), leaderCommit=16, initializing? false, entries: <empty>
2019-09-16 16:47:49,335 [java.util.concurrent.ThreadPoolExecutor$Worker@5708b060[State = -1, empty queue]] WARN  server.GrpcLogAppender (GrpcLogAppender.java:timeoutAppendRequest(200)) - 31ff8a7c-4ef6-4603-8d7a-5c866c7f5672@group-651FE1B6B3BB->b1d373fd-82f2-45f9-929a-b8d8660dbeb2-GrpcLogAppender: appendEntries Timeout, request=31ff8a7c-4ef6-4603-8d7a-5c866c7f5672->b1d373fd-82f2-45f9-929a-b8d8660dbeb2#81-t1, previous=(t:1, i:20), leaderCommit=16, initializing? false, entries: <empty>
2019-09-16 16:47:49,346 [java.util.concurrent.ThreadPoolExecutor$Worker@314b69f[State = -1, empty queue]] WARN  server.GrpcLogAppender (GrpcLogAppender.java:timeoutAppendRequest(200)) - d7db739d-8a5f-427c-bc0a-5603ac8ba161@group-9A9DF8BBBB07->37aba10a-6fc0-4836-82ce-0d66a20effe5-GrpcLogAppender: appendEntries Timeout, request=d7db739d-8a5f-427c-bc0a-5603ac8ba161->37aba10a-6fc0-4836-82ce-0d66a20effe5#79-t2, previous=(t:2, i:20), leaderCommit=16, initializing? false, entries: <empty>
2019-09-16 16:47:49,346 [java.util.concurrent.ThreadPoolExecutor$Worker@67fb0c7c[State = -1, empty queue]] WARN  server.GrpcLogAppender (GrpcLogAppender.java:timeoutAppendRequest(200)) - d7db739d-8a5f-427c-bc0a-5603ac8ba161@group-9A9DF8BBBB07->22812086-b692-43a0-8348-44721a5a82d7-GrpcLogAppender: appendEntries Timeout, request=d7db739d-8a5f-427c-bc0a-5603ac8ba161->22812086-b692-43a0-8348-44721a5a82d7#79-t2, previous=(t:2, i:20), leaderCommit=16, initializing? false, entries: <empty>
2019-09-16 16:47:49,835 [java.util.concurrent.ThreadPoolExecutor$Worker@76876f3d[State = -1, empty queue]] WARN  server.GrpcLogAppender (GrpcLogAppender.java:timeoutAppendRequest(200)) - 31ff8a7c-4ef6-4603-8d7a-5c866c7f5672@group-651FE1B6B3BB->f1ea936a-1aa4-4b4f-a193-5108e1c15289-GrpcLogAppender: appendEntries Timeout, request=31ff8a7c-4ef6-4603-8d7a-5c866c7f5672->f1ea936a-1aa4-4b4f-a193-5108e1c15289#82-t1, previous=(t:1, i:20), leaderCommit=16, initializing? false, entries: <empty>
2019-09-16 16:47:49,835 [java.util.concurrent.ThreadPoolExecutor$Worker@5708b060[State = -1, empty queue]] WARN  server.GrpcLogAppender (GrpcLogAppender.java:timeoutAppendRequest(200)) - 31ff8a7c-4ef6-4603-8d7a-5c866c7f5672@group-651FE1B6B3BB->b1d373fd-82f2-45f9-929a-b8d8660dbeb2-GrpcLogAppender: appendEntries Timeout, request=31ff8a7c-4ef6-4603-8d7a-5c866c7f5672->b1d373fd-82f2-45f9-929a-b8d8660dbeb2#82-t1, previous=(t:1, i:20), leaderCommit=16, initializing? false, entries: <empty>
2019-09-16 16:47:49,846 [java.util.concurrent.ThreadPoolExecutor$Worker@314b69f[State = -1, empty queue]] WARN  server.GrpcLogAppender (GrpcLogAppender.java:timeoutAppendRequest(200)) - d7db739d-8a5f-427c-bc0a-5603ac8ba161@group-9A9DF8BBBB07->37aba10a-6fc0-4836-82ce-0d66a20effe5-GrpcLogAppender: appendEntries Timeout, request=d7db739d-8a5f-427c-bc0a-5603ac8ba161->37aba10a-6fc0-4836-82ce-0d66a20effe5#80-t2, previous=(t:2, i:20), leaderCommit=16, initializing? false, entries: <empty>
2019-09-16 16:47:49,846 [java.util.concurrent.ThreadPoolExecutor$Worker@67fb0c7c[State = -1, empty queue]] WARN  server.GrpcLogAppender (GrpcLogAppender.java:timeoutAppendRequest(200)) - d7db739d-8a5f-427c-bc0a-5603ac8ba161@group-9A9DF8BBBB07->22812086-b692-43a0-8348-44721a5a82d7-GrpcLogAppender: appendEntries Timeout, request=d7db739d-8a5f-427c-bc0a-5603ac8ba161->22812086-b692-43a0-8348-44721a5a82d7#80-t2, previous=(t:2, i:20), leaderCommit=16, initializing? false, entries: <empty>
2019-09-16 16:47:50,336 [java.util.concurrent.ThreadPoolExecutor$Worker@5708b060[State = -1, empty queue]] WARN  server.GrpcLogAppender (GrpcLogAppender.java:timeoutAppendRequest(200)) - 31ff8a7c-4ef6-4603-8d7a-5c866c7f5672@group-651FE1B6B3BB->b1d373fd-82f2-45f9-929a-b8d8660dbeb2-GrpcLogAppender: appendEntries Timeout, request=31ff8a7c-4ef6-4603-8d7a-5c866c7f5672->b1d373fd-82f2-45f9-929a-b8d8660dbeb2#83-t1, previous=(t:1, i:20), leaderCommit=16, initializing? false, entries: <empty>
2019-09-16 16:47:50,336 [java.util.concurrent.ThreadPoolExecutor$Worker@76876f3d[State = -1, empty queue]] WARN  server.GrpcLogAppender (GrpcLogAppender.java:timeoutAppendRequest(200)) - 31ff8a7c-4ef6-4603-8d7a-5c866c7f5672@group-651FE1B6B3BB->f1ea936a-1aa4-4b4f-a193-5108e1c15289-GrpcLogAppender: appendEntries Timeout, request=31ff8a7c-4ef6-4603-8d7a-5c866c7f5672->f1ea936a-1aa4-4b4f-a193-5108e1c15289#83-t1, previous=(t:1, i:20), leaderCommit=16, initializing? false, entries: <empty>
2019-09-16 16:47:50,346 [java.util.concurrent.ThreadPoolExecutor$Worker@314b69f[State = -1, empty queue]] WARN  server.GrpcLogAppender (GrpcLogAppender.java:timeoutAppendRequest(200)) - d7db739d-8a5f-427c-bc0a-5603ac8ba161@group-9A9DF8BBBB07->37aba10a-6fc0-4836-82ce-0d66a20effe5-GrpcLogAppender: appendEntries Timeout, request=d7db739d-8a5f-427c-bc0a-5603ac8ba161->37aba10a-6fc0-4836-82ce-0d66a20effe5#81-t2, previous=(t:2, i:20), leaderCommit=16, initializing? false, entries: <empty>
2019-09-16 16:47:50,346 [java.util.concurrent.ThreadPoolExecutor$Worker@67fb0c7c[State = -1, empty queue]] WARN  server.GrpcLogAppender (GrpcLogAppender.java:timeoutAppendRequest(200)) - d7db739d-8a5f-427c-bc0a-5603ac8ba161@group-9A9DF8BBBB07->22812086-b692-43a0-8348-44721a5a82d7-GrpcLogAppender: appendEntries Timeout, request=d7db739d-8a5f-427c-bc0a-5603ac8ba161->22812086-b692-43a0-8348-44721a5a82d7#81-t2, previous=(t:2, i:20), leaderCommit=16, initializing? false, entries: <empty>
2019-09-16 16:47:50,518 [grpc-default-executor-1] INFO  client.GrpcClientProtocolClient (GrpcClientProtocolClient.java:onNext(264)) - client-B863CA8D5873->22812086-b692-43a0-8348-44721a5a82d7: receive RaftClientReply:client-B863CA8D5873->22812086-b692-43a0-8348-44721a5a82d7@group-9A9DF8BBBB07, cid=43, FAILED org.apache.ratis.protocol.NotLeaderException: Server 22812086-b692-43a0-8348-44721a5a82d7@group-9A9DF8BBBB07 is not the leader d7db739d-8a5f-427c-bc0a-5603ac8ba161:192.168.5.184:39532, logIndex=0, commits[22812086-b692-43a0-8348-44721a5a82d7:c16, d7db739d-8a5f-427c-bc0a-5603ac8ba161:c16, 37aba10a-6fc0-4836-82ce-0d66a20effe5:c12]
2019-09-16 16:47:50,842 [java.util.concurrent.ThreadPoolExecutor$Worker@76876f3d[State = -1, empty queue]] WARN  server.GrpcLogAppender (GrpcLogAppender.java:timeoutAppendRequest(200)) - 31ff8a7c-4ef6-4603-8d7a-5c866c7f5672@group-651FE1B6B3BB->f1ea936a-1aa4-4b4f-a193-5108e1c15289-GrpcLogAppender: appendEntries Timeout, request=31ff8a7c-4ef6-4603-8d7a-5c866c7f5672->f1ea936a-1aa4-4b4f-a193-5108e1c15289#84-t1, previous=(t:1, i:20), leaderCommit=16, initializing? false, entries: <empty>
2019-09-16 16:47:50,842 [java.util.concurrent.ThreadPoolExecutor$Worker@5708b060[State = -1, empty queue]] WARN  server.GrpcLogAppender (GrpcLogAppender.java:timeoutAppendRequest(200)) - 31ff8a7c-4ef6-4603-8d7a-5c866c7f5672@group-651FE1B6B3BB->b1d373fd-82f2-45f9-929a-b8d8660dbeb2-GrpcLogAppender: appendEntries Timeout, request=31ff8a7c-4ef6-4603-8d7a-5c866c7f5672->b1d373fd-82f2-45f9-929a-b8d8660dbeb2#84-t1, previous=(t:1, i:20), leaderCommit=16, initializing? false, entries: <empty>
2019-09-16 16:47:50,849 [java.util.concurrent.ThreadPoolExecutor$Worker@67fb0c7c[State = -1, empty queue]] WARN  server.GrpcLogAppender (GrpcLogAppender.java:timeoutAppendRequest(200)) - d7db739d-8a5f-427c-bc0a-5603ac8ba161@group-9A9DF8BBBB07->22812086-b692-43a0-8348-44721a5a82d7-GrpcLogAppender: appendEntries Timeout, request=d7db739d-8a5f-427c-bc0a-5603ac8ba161->22812086-b692-43a0-8348-44721a5a82d7#82-t2, previous=(t:2, i:20), leaderCommit=16, initializing? false, entries: <empty>
2019-09-16 16:47:50,849 [java.util.concurrent.ThreadPoolExecutor$Worker@314b69f[State = -1, empty queue]] WARN  server.GrpcLogAppender (GrpcLogAppender.java:timeoutAppendRequest(200)) - d7db739d-8a5f-427c-bc0a-5603ac8ba161@group-9A9DF8BBBB07->37aba10a-6fc0-4836-82ce-0d66a20effe5-GrpcLogAppender: appendEntries Timeout, request=d7db739d-8a5f-427c-bc0a-5603ac8ba161->37aba10a-6fc0-4836-82ce-0d66a20effe5#82-t2, previous=(t:2, i:20), leaderCommit=16, initializing? false, entries: <empty>
2019-09-16 16:47:51,342 [java.util.concurrent.ThreadPoolExecutor$Worker@76876f3d[State = -1, empty queue]] WARN  server.GrpcLogAppender (GrpcLogAppender.java:timeoutAppendRequest(200)) - 31ff8a7c-4ef6-4603-8d7a-5c866c7f5672@group-651FE1B6B3BB->f1ea936a-1aa4-4b4f-a193-5108e1c15289-GrpcLogAppender: appendEntries Timeout, request=31ff8a7c-4ef6-4603-8d7a-5c866c7f5672->f1ea936a-1aa4-4b4f-a193-5108e1c15289#85-t1, previous=(t:1, i:20), leaderCommit=16, initializing? false, entries: <empty>
2019-09-16 16:47:51,342 [java.util.concurrent.ThreadPoolExecutor$Worker@5708b060[State = -1, empty queue]] WARN  server.GrpcLogAppender (GrpcLogAppender.java:timeoutAppendRequest(200)) - 31ff8a7c-4ef6-4603-8d7a-5c866c7f5672@group-651FE1B6B3BB->b1d373fd-82f2-45f9-929a-b8d8660dbeb2-GrpcLogAppender: appendEntries Timeout, request=31ff8a7c-4ef6-4603-8d7a-5c866c7f5672->b1d373fd-82f2-45f9-929a-b8d8660dbeb2#85-t1, previous=(t:1, i:20), leaderCommit=16, initializing? false, entries: <empty>
2019-09-16 16:47:51,346 [java.util.concurrent.ThreadPoolExecutor$Worker@314b69f[State = -1, empty queue]] WARN  server.GrpcLogAppender (GrpcLogAppender.java:timeoutAppendRequest(200)) - d7db739d-8a5f-427c-bc0a-5603ac8ba161@group-9A9DF8BBBB07->37aba10a-6fc0-4836-82ce-0d66a20effe5-GrpcLogAppender: appendEntries Timeout, request=d7db739d-8a5f-427c-bc0a-5603ac8ba161->37aba10a-6fc0-4836-82ce-0d66a20effe5#83-t2, previous=(t:2, i:20), leaderCommit=16, initializing? false, entries: <empty>
2019-09-16 16:47:51,347 [java.util.concurrent.ThreadPoolExecutor$Worker@67fb0c7c[State = -1, empty queue]] WARN  server.GrpcLogAppender (GrpcLogAppender.java:timeoutAppendRequest(200)) - d7db739d-8a5f-427c-bc0a-5603ac8ba161@group-9A9DF8BBBB07->22812086-b692-43a0-8348-44721a5a82d7-GrpcLogAppender: appendEntries Timeout, request=d7db739d-8a5f-427c-bc0a-5603ac8ba161->22812086-b692-43a0-8348-44721a5a82d7#83-t2, previous=(t:2, i:20), leaderCommit=16, initializing? false, entries: <empty>
2019-09-16 16:47:51,842 [java.util.concurrent.ThreadPoolExecutor$Worker@5708b060[State = -1, empty queue]] WARN  server.GrpcLogAppender (GrpcLogAppender.java:timeoutAppendRequest(200)) - 31ff8a7c-4ef6-4603-8d7a-5c866c7f5672@group-651FE1B6B3BB->b1d373fd-82f2-45f9-929a-b8d8660dbeb2-GrpcLogAppender: appendEntries Timeout, request=31ff8a7c-4ef6-4603-8d7a-5c866c7f5672->b1d373fd-82f2-45f9-929a-b8d8660dbeb2#86-t1, previous=(t:1, i:20), leaderCommit=16, initializing? false, entries: <empty>
2019-09-16 16:47:51,842 [java.util.concurrent.ThreadPoolExecutor$Worker@76876f3d[State = -1, empty queue]] WARN  server.GrpcLogAppender (GrpcLogAppender.java:timeoutAppendRequest(200)) - 31ff8a7c-4ef6-4603-8d7a-5c866c7f5672@group-651FE1B6B3BB->f1ea936a-1aa4-4b4f-a193-5108e1c15289-GrpcLogAppender: appendEntries Timeout, request=31ff8a7c-4ef6-4603-8d7a-5c866c7f5672->f1ea936a-1aa4-4b4f-a193-5108e1c15289#86-t1, previous=(t:1, i:20), leaderCommit=16, initializing? false, entries: <empty>
2019-09-16 16:47:51,847 [java.util.concurrent.ThreadPoolExecutor$Worker@314b69f[State = -1, empty queue]] WARN  server.GrpcLogAppender (GrpcLogAppender.java:timeoutAppendRequest(200)) - d7db739d-8a5f-427c-bc0a-5603ac8ba161@group-9A9DF8BBBB07->37aba10a-6fc0-4836-82ce-0d66a20effe5-GrpcLogAppender: appendEntries Timeout, request=d7db739d-8a5f-427c-bc0a-5603ac8ba161->37aba10a-6fc0-4836-82ce-0d66a20effe5#84-t2, previous=(t:2, i:20), leaderCommit=16, initializing? false, entries: <empty>
2019-09-16 16:47:51,847 [java.util.concurrent.ThreadPoolExecutor$Worker@67fb0c7c[State = -1, empty queue]] WARN  server.GrpcLogAppender (GrpcLogAppender.java:timeoutAppendRequest(200)) - d7db739d-8a5f-427c-bc0a-5603ac8ba161@group-9A9DF8BBBB07->22812086-b692-43a0-8348-44721a5a82d7-GrpcLogAppender: appendEntries Timeout, request=d7db739d-8a5f-427c-bc0a-5603ac8ba161->22812086-b692-43a0-8348-44721a5a82d7#84-t2, previous=(t:2, i:20), leaderCommit=16, initializing? false, entries: <empty>
2019-09-16 16:47:52,343 [java.util.concurrent.ThreadPoolExecutor$Worker@76876f3d[State = -1, empty queue]] WARN  server.GrpcLogAppender (GrpcLogAppender.java:timeoutAppendRequest(200)) - 31ff8a7c-4ef6-4603-8d7a-5c866c7f5672@group-651FE1B6B3BB->f1ea936a-1aa4-4b4f-a193-5108e1c15289-GrpcLogAppender: appendEntries Timeout, request=31ff8a7c-4ef6-4603-8d7a-5c866c7f5672->f1ea936a-1aa4-4b4f-a193-5108e1c15289#87-t1, previous=(t:1, i:20), leaderCommit=16, initializing? false, entries: <empty>
2019-09-16 16:47:52,343 [java.util.concurrent.ThreadPoolExecutor$Worker@5708b060[State = -1, empty queue]] WARN  server.GrpcLogAppender (GrpcLogAppender.java:timeoutAppendRequest(200)) - 31ff8a7c-4ef6-4603-8d7a-5c866c7f5672@group-651FE1B6B3BB->b1d373fd-82f2-45f9-929a-b8d8660dbeb2-GrpcLogAppender: appendEntries Timeout, request=31ff8a7c-4ef6-4603-8d7a-5c866c7f5672->b1d373fd-82f2-45f9-929a-b8d8660dbeb2#87-t1, previous=(t:1, i:20), leaderCommit=16, initializing? false, entries: <empty>
2019-09-16 16:47:52,347 [java.util.concurrent.ThreadPoolExecutor$Worker@314b69f[State = -1, empty queue]] WARN  server.GrpcLogAppender (GrpcLogAppender.java:timeoutAppendRequest(200)) - d7db739d-8a5f-427c-bc0a-5603ac8ba161@group-9A9DF8BBBB07->37aba10a-6fc0-4836-82ce-0d66a20effe5-GrpcLogAppender: appendEntries Timeout, request=d7db739d-8a5f-427c-bc0a-5603ac8ba161->37aba10a-6fc0-4836-82ce-0d66a20effe5#85-t2, previous=(t:2, i:20), leaderCommit=16, initializing? false, entries: <empty>
2019-09-16 16:47:52,347 [java.util.concurrent.ThreadPoolExecutor$Worker@67fb0c7c[State = -1, empty queue]] WARN  server.GrpcLogAppender (GrpcLogAppender.java:timeoutAppendRequest(200)) - d7db739d-8a5f-427c-bc0a-5603ac8ba161@group-9A9DF8BBBB07->22812086-b692-43a0-8348-44721a5a82d7-GrpcLogAppender: appendEntries Timeout, request=d7db739d-8a5f-427c-bc0a-5603ac8ba161->22812086-b692-43a0-8348-44721a5a82d7#85-t2, previous=(t:2, i:20), leaderCommit=16, initializing? false, entries: <empty>
2019-09-16 16:47:52,844 [java.util.concurrent.ThreadPoolExecutor$Worker@76876f3d[State = -1, empty queue]] WARN  server.GrpcLogAppender (GrpcLogAppender.java:timeoutAppendRequest(200)) - 31ff8a7c-4ef6-4603-8d7a-5c866c7f5672@group-651FE1B6B3BB->f1ea936a-1aa4-4b4f-a193-5108e1c15289-GrpcLogAppender: appendEntries Timeout, request=31ff8a7c-4ef6-4603-8d7a-5c866c7f5672->f1ea936a-1aa4-4b4f-a193-5108e1c15289#88-t1, previous=(t:1, i:20), leaderCommit=16, initializing? false, entries: <empty>
2019-09-16 16:47:52,844 [java.util.concurrent.ThreadPoolExecutor$Worker@5708b060[State = -1, empty queue]] WARN  server.GrpcLogAppender (GrpcLogAppender.java:timeoutAppendRequest(200)) - 31ff8a7c-4ef6-4603-8d7a-5c866c7f5672@group-651FE1B6B3BB->b1d373fd-82f2-45f9-929a-b8d8660dbeb2-GrpcLogAppender: appendEntries Timeout, request=31ff8a7c-4ef6-4603-8d7a-5c866c7f5672->b1d373fd-82f2-45f9-929a-b8d8660dbeb2#88-t1, previous=(t:1, i:20), leaderCommit=16, initializing? false, entries: <empty>
2019-09-16 16:47:52,847 [java.util.concurrent.ThreadPoolExecutor$Worker@314b69f[State = -1, empty queue]] WARN  server.GrpcLogAppender (GrpcLogAppender.java:timeoutAppendRequest(200)) - d7db739d-8a5f-427c-bc0a-5603ac8ba161@group-9A9DF8BBBB07->37aba10a-6fc0-4836-82ce-0d66a20effe5-GrpcLogAppender: appendEntries Timeout, request=d7db739d-8a5f-427c-bc0a-5603ac8ba161->37aba10a-6fc0-4836-82ce-0d66a20effe5#86-t2, previous=(t:2, i:20), leaderCommit=16, initializing? false, entries: <empty>
2019-09-16 16:47:52,848 [java.util.concurrent.ThreadPoolExecutor$Worker@67fb0c7c[State = -1, empty queue]] WARN  server.GrpcLogAppender (GrpcLogAppender.java:timeoutAppendRequest(200)) - d7db739d-8a5f-427c-bc0a-5603ac8ba161@group-9A9DF8BBBB07->22812086-b692-43a0-8348-44721a5a82d7-GrpcLogAppender: appendEntries Timeout, request=d7db739d-8a5f-427c-bc0a-5603ac8ba161->22812086-b692-43a0-8348-44721a5a82d7#86-t2, previous=(t:2, i:20), leaderCommit=16, initializing? false, entries: <empty>
2019-09-16 16:47:53,344 [java.util.concurrent.ThreadPoolExecutor$Worker@76876f3d[State = -1, empty queue]] WARN  server.GrpcLogAppender (GrpcLogAppender.java:timeoutAppendRequest(200)) - 31ff8a7c-4ef6-4603-8d7a-5c866c7f5672@group-651FE1B6B3BB->f1ea936a-1aa4-4b4f-a193-5108e1c15289-GrpcLogAppender: appendEntries Timeout, request=31ff8a7c-4ef6-4603-8d7a-5c866c7f5672->f1ea936a-1aa4-4b4f-a193-5108e1c15289#89-t1, previous=(t:1, i:20), leaderCommit=16, initializing? false, entries: <empty>
2019-09-16 16:47:53,344 [java.util.concurrent.ThreadPoolExecutor$Worker@5708b060[State = -1, empty queue]] WARN  server.GrpcLogAppender (GrpcLogAppender.java:timeoutAppendRequest(200)) - 31ff8a7c-4ef6-4603-8d7a-5c866c7f5672@group-651FE1B6B3BB->b1d373fd-82f2-45f9-929a-b8d8660dbeb2-GrpcLogAppender: appendEntries Timeout, request=31ff8a7c-4ef6-4603-8d7a-5c866c7f5672->b1d373fd-82f2-45f9-929a-b8d8660dbeb2#89-t1, previous=(t:1, i:20), leaderCommit=16, initializing? false, entries: <empty>
2019-09-16 16:47:53,347 [java.util.concurrent.ThreadPoolExecutor$Worker@314b69f[State = -1, empty queue]] WARN  server.GrpcLogAppender (GrpcLogAppender.java:timeoutAppendRequest(200)) - d7db739d-8a5f-427c-bc0a-5603ac8ba161@group-9A9DF8BBBB07->37aba10a-6fc0-4836-82ce-0d66a20effe5-GrpcLogAppender: appendEntries Timeout, request=d7db739d-8a5f-427c-bc0a-5603ac8ba161->37aba10a-6fc0-4836-82ce-0d66a20effe5#87-t2, previous=(t:2, i:20), leaderCommit=16, initializing? false, entries: <empty>
2019-09-16 16:47:53,348 [java.util.concurrent.ThreadPoolExecutor$Worker@67fb0c7c[State = -1, empty queue]] WARN  server.GrpcLogAppender (GrpcLogAppender.java:timeoutAppendRequest(200)) - d7db739d-8a5f-427c-bc0a-5603ac8ba161@group-9A9DF8BBBB07->22812086-b692-43a0-8348-44721a5a82d7-GrpcLogAppender: appendEntries Timeout, request=d7db739d-8a5f-427c-bc0a-5603ac8ba161->22812086-b692-43a0-8348-44721a5a82d7#87-t2, previous=(t:2, i:20), leaderCommit=16, initializing? false, entries: <empty>
2019-09-16 16:47:53,546 [main] WARN  io.KeyOutputStream (KeyOutputStream.java:handleException(276)) - Encountered exception java.io.IOException: Unexpected Storage Container Exception: java.util.concurrent.CompletionException: java.util.concurrent.CompletionException: org.apache.ratis.protocol.RaftRetryFailureException: Failed RaftClientRequest:client-B863CA8D5873->d7db739d-8a5f-427c-bc0a-5603ac8ba161@group-9A9DF8BBBB07, cid=43, seq=9*, RW, org.apache.hadoop.hdds.scm.XceiverClientRatis$$Lambda$467/1412392963@727fc8cf for 10 attempts with RetryLimited(maxAttempts=10, sleepTime=1000ms) on the pipeline Pipeline[ Id: f1cee7fd-bb01-41f6-aed7-9a9df8bbbb07, Nodes: 22812086-b692-43a0-8348-44721a5a82d7{ip: 192.168.5.184, host: pr-hdds-2022-qxstf-1422721469, networkLocation: /default-rack, certSerialId: null}37aba10a-6fc0-4836-82ce-0d66a20effe5{ip: 192.168.5.184, host: pr-hdds-2022-qxstf-1422721469, networkLocation: /default-rack, certSerialId: null}d7db739d-8a5f-427c-bc0a-5603ac8ba161{ip: 192.168.5.184, host: pr-hdds-2022-qxstf-1422721469, networkLocation: /default-rack, certSerialId: null}, Type:RATIS, Factor:THREE, State:OPEN]. The last committed block length is 0, uncommitted data length is 2097152 retry count 0
2019-09-16 16:47:53,625 [grpc-default-executor-2] INFO  client.GrpcClientProtocolClient (GrpcClientProtocolClient.java:onNext(264)) - client-411C9E0252DD->44446946-e2df-49b4-a08f-7c38e08da8da: receive RaftClientReply:client-411C9E0252DD->44446946-e2df-49b4-a08f-7c38e08da8da@group-276A6773F05B, cid=47, FAILED org.apache.ratis.protocol.NotLeaderException: Server 44446946-e2df-49b4-a08f-7c38e08da8da@group-276A6773F05B is not the leader 211683d0-e7e4-43b3-9a19-c932c2e3e607:192.168.5.184:38618, logIndex=0, commits[44446946-e2df-49b4-a08f-7c38e08da8da:c0, 6044b653-4ba3-462e-b1d8-fff4097cca63:c0, 211683d0-e7e4-43b3-9a19-c932c2e3e607:c0]
2019-09-16 16:47:53,828 [grpc-default-executor-0] INFO  client.GrpcClientProtocolClient (GrpcClientProtocolClient.java:onNext(264)) - client-411C9E0252DD->211683d0-e7e4-43b3-9a19-c932c2e3e607: receive RaftClientReply:client-411C9E0252DD->211683d0-e7e4-43b3-9a19-c932c2e3e607@group-276A6773F05B, cid=47, SUCCESS, logIndex=1, commits[211683d0-e7e4-43b3-9a19-c932c2e3e607:c1, 6044b653-4ba3-462e-b1d8-fff4097cca63:c0, 44446946-e2df-49b4-a08f-7c38e08da8da:c0]
2019-09-16 16:47:53,849 [java.util.concurrent.ThreadPoolExecutor$Worker@76876f3d[State = -1, empty queue]] WARN  server.GrpcLogAppender (GrpcLogAppender.java:timeoutAppendRequest(200)) - 31ff8a7c-4ef6-4603-8d7a-5c866c7f5672@group-651FE1B6B3BB->f1ea936a-1aa4-4b4f-a193-5108e1c15289-GrpcLogAppender: appendEntries Timeout, request=31ff8a7c-4ef6-4603-8d7a-5c866c7f5672->f1ea936a-1aa4-4b4f-a193-5108e1c15289#90-t1, previous=(t:1, i:20), leaderCommit=16, initializing? false, entries: <empty>
2019-09-16 16:47:53,849 [java.util.concurrent.ThreadPoolExecutor$Worker@67fb0c7c[State = -1, empty queue]] WARN  server.GrpcLogAppender (GrpcLogAppender.java:timeoutAppendRequest(200)) - d7db739d-8a5f-427c-bc0a-5603ac8ba161@group-9A9DF8BBBB07->22812086-b692-43a0-8348-44721a5a82d7-GrpcLogAppender: appendEntries Timeout, request=d7db739d-8a5f-427c-bc0a-5603ac8ba161->22812086-b692-43a0-8348-44721a5a82d7#88-t2, previous=(t:2, i:20), leaderCommit=16, initializing? false, entries: <empty>
2019-09-16 16:47:53,849 [java.util.concurrent.ThreadPoolExecutor$Worker@314b69f[State = -1, empty queue]] WARN  server.GrpcLogAppender (GrpcLogAppender.java:timeoutAppendRequest(200)) - d7db739d-8a5f-427c-bc0a-5603ac8ba161@group-9A9DF8BBBB07->37aba10a-6fc0-4836-82ce-0d66a20effe5-GrpcLogAppender: appendEntries Timeout, request=d7db739d-8a5f-427c-bc0a-5603ac8ba161->37aba10a-6fc0-4836-82ce-0d66a20effe5#88-t2, previous=(t:2, i:20), leaderCommit=16, initializing? false, entries: <empty>
2019-09-16 16:47:53,849 [java.util.concurrent.ThreadPoolExecutor$Worker@5708b060[State = -1, empty queue]] WARN  server.GrpcLogAppender (GrpcLogAppender.java:timeoutAppendRequest(200)) - 31ff8a7c-4ef6-4603-8d7a-5c866c7f5672@group-651FE1B6B3BB->b1d373fd-82f2-45f9-929a-b8d8660dbeb2-GrpcLogAppender: appendEntries Timeout, request=31ff8a7c-4ef6-4603-8d7a-5c866c7f5672->b1d373fd-82f2-45f9-929a-b8d8660dbeb2#90-t1, previous=(t:1, i:20), leaderCommit=16, initializing? false, entries: <empty>
2019-09-16 16:47:53,933 [grpc-default-executor-1] INFO  client.GrpcClientProtocolClient (GrpcClientProtocolClient.java:onNext(264)) - client-411C9E0252DD->211683d0-e7e4-43b3-9a19-c932c2e3e607: receive RaftClientReply:client-411C9E0252DD->211683d0-e7e4-43b3-9a19-c932c2e3e607@group-276A6773F05B, cid=48, SUCCESS, logIndex=3, commits[211683d0-e7e4-43b3-9a19-c932c2e3e607:c8, 6044b653-4ba3-462e-b1d8-fff4097cca63:c5, 44446946-e2df-49b4-a08f-7c38e08da8da:c5]
2019-09-16 16:47:53,934 [grpc-default-executor-1] INFO  client.GrpcClientProtocolClient (GrpcClientProtocolClient.java:onNext(264)) - client-411C9E0252DD->211683d0-e7e4-43b3-9a19-c932c2e3e607: receive RaftClientReply:client-411C9E0252DD->211683d0-e7e4-43b3-9a19-c932c2e3e607@group-276A6773F05B, cid=49, SUCCESS, logIndex=4, commits[211683d0-e7e4-43b3-9a19-c932c2e3e607:c8, 6044b653-4ba3-462e-b1d8-fff4097cca63:c5, 44446946-e2df-49b4-a08f-7c38e08da8da:c5]
2019-09-16 16:47:54,090 [grpc-default-executor-1] INFO  client.GrpcClientProtocolClient (GrpcClientProtocolClient.java:onNext(264)) - client-411C9E0252DD->211683d0-e7e4-43b3-9a19-c932c2e3e607: receive RaftClientReply:client-411C9E0252DD->211683d0-e7e4-43b3-9a19-c932c2e3e607@group-276A6773F05B, cid=50, SUCCESS, logIndex=5, commits[211683d0-e7e4-43b3-9a19-c932c2e3e607:c8, 6044b653-4ba3-462e-b1d8-fff4097cca63:c5, 44446946-e2df-49b4-a08f-7c38e08da8da:c5]
2019-09-16 16:47:54,350 [java.util.concurrent.ThreadPoolExecutor$Worker@5708b060[State = -1, empty queue]] WARN  server.GrpcLogAppender (GrpcLogAppender.java:timeoutAppendRequest(200)) - 31ff8a7c-4ef6-4603-8d7a-5c866c7f5672@group-651FE1B6B3BB->b1d373fd-82f2-45f9-929a-b8d8660dbeb2-GrpcLogAppender: appendEntries Timeout, request=31ff8a7c-4ef6-4603-8d7a-5c866c7f5672->b1d373fd-82f2-45f9-929a-b8d8660dbeb2#91-t1, previous=(t:1, i:20), leaderCommit=16, initializing? false, entries: <empty>
2019-09-16 16:47:54,350 [java.util.concurrent.ThreadPoolExecutor$Worker@76876f3d[State = -1, empty queue]] WARN  server.GrpcLogAppender (GrpcLogAppender.java:timeoutAppendRequest(200)) - 31ff8a7c-4ef6-4603-8d7a-5c866c7f5672@group-651FE1B6B3BB->f1ea936a-1aa4-4b4f-a193-5108e1c15289-GrpcLogAppender: appendEntries Timeout, request=31ff8a7c-4ef6-4603-8d7a-5c866c7f5672->f1ea936a-1aa4-4b4f-a193-5108e1c15289#91-t1, previous=(t:1, i:20), leaderCommit=16, initializing? false, entries: <empty>
2019-09-16 16:47:54,350 [java.util.concurrent.ThreadPoolExecutor$Worker@67fb0c7c[State = -1, empty queue]] WARN  server.GrpcLogAppender (GrpcLogAppender.java:timeoutAppendRequest(200)) - d7db739d-8a5f-427c-bc0a-5603ac8ba161@group-9A9DF8BBBB07->22812086-b692-43a0-8348-44721a5a82d7-GrpcLogAppender: appendEntries Timeout, request=d7db739d-8a5f-427c-bc0a-5603ac8ba161->22812086-b692-43a0-8348-44721a5a82d7#89-t2, previous=(t:2, i:20), leaderCommit=16, initializing? false, entries: <empty>
2019-09-16 16:47:54,350 [java.util.concurrent.ThreadPoolExecutor$Worker@314b69f[State = -1, empty queue]] WARN  server.GrpcLogAppender (GrpcLogAppender.java:timeoutAppendRequest(200)) - d7db739d-8a5f-427c-bc0a-5603ac8ba161@group-9A9DF8BBBB07->37aba10a-6fc0-4836-82ce-0d66a20effe5-GrpcLogAppender: appendEntries Timeout, request=d7db739d-8a5f-427c-bc0a-5603ac8ba161->37aba10a-6fc0-4836-82ce-0d66a20effe5#89-t2, previous=(t:2, i:20), leaderCommit=16, initializing? false, entries: <empty>
2019-09-16 16:47:54,435 [Datanode State Machine Thread - 0] INFO  statemachine.DatanodeStateMachine (DatanodeStateMachine.java:lambda$startDaemon$0(350)) - Ozone container server started.
2019-09-16 16:47:54,853 [java.util.concurrent.ThreadPoolExecutor$Worker@5708b060[State = -1, empty queue]] WARN  server.GrpcLogAppender (GrpcLogAppender.java:timeoutAppendRequest(200)) - 31ff8a7c-4ef6-4603-8d7a-5c866c7f5672@group-651FE1B6B3BB->b1d373fd-82f2-45f9-929a-b8d8660dbeb2-GrpcLogAppender: appendEntries Timeout, request=31ff8a7c-4ef6-4603-8d7a-5c866c7f5672->b1d373fd-82f2-45f9-929a-b8d8660dbeb2#92-t1, previous=(t:1, i:20), leaderCommit=16, initializing? false, entries: <empty>
2019-09-16 16:47:54,853 [java.util.concurrent.ThreadPoolExecutor$Worker@67fb0c7c[State = -1, empty queue]] WARN  server.GrpcLogAppender (GrpcLogAppender.java:timeoutAppendRequest(200)) - d7db739d-8a5f-427c-bc0a-5603ac8ba161@group-9A9DF8BBBB07->22812086-b692-43a0-8348-44721a5a82d7-GrpcLogAppender: appendEntries Timeout, request=d7db739d-8a5f-427c-bc0a-5603ac8ba161->22812086-b692-43a0-8348-44721a5a82d7#90-t2, previous=(t:2, i:20), leaderCommit=16, initializing? false, entries: <empty>
2019-09-16 16:47:54,853 [java.util.concurrent.ThreadPoolExecutor$Worker@76876f3d[State = -1, empty queue]] WARN  server.GrpcLogAppender (GrpcLogAppender.java:timeoutAppendRequest(200)) - 31ff8a7c-4ef6-4603-8d7a-5c866c7f5672@group-651FE1B6B3BB->f1ea936a-1aa4-4b4f-a193-5108e1c15289-GrpcLogAppender: appendEntries Timeout, request=31ff8a7c-4ef6-4603-8d7a-5c866c7f5672->f1ea936a-1aa4-4b4f-a193-5108e1c15289#92-t1, previous=(t:1, i:20), leaderCommit=16, initializing? false, entries: <empty>
2019-09-16 16:47:54,853 [java.util.concurrent.ThreadPoolExecutor$Worker@314b69f[State = -1, empty queue]] WARN  server.GrpcLogAppender (GrpcLogAppender.java:timeoutAppendRequest(200)) - d7db739d-8a5f-427c-bc0a-5603ac8ba161@group-9A9DF8BBBB07->37aba10a-6fc0-4836-82ce-0d66a20effe5-GrpcLogAppender: appendEntries Timeout, request=d7db739d-8a5f-427c-bc0a-5603ac8ba161->37aba10a-6fc0-4836-82ce-0d66a20effe5#90-t2, previous=(t:2, i:20), leaderCommit=16, initializing? false, entries: <empty>
2019-09-16 16:47:55,311 [d7db739d-8a5f-427c-bc0a-5603ac8ba161@group-9A9DF8BBBB07-SegmentedRaftLogWorker] WARN  segmented.SegmentedRaftLogWorker (SegmentedRaftLogWorker.java:getFromFuture(90)) - Timeout 1/~
org.apache.ratis.protocol.TimeoutIOException: Timeout 10s: WriteLog:17: (t:2, i:17), STATEMACHINELOGENTRY, client-B863CA8D5873, cid=43-writeStateMachineData
	at org.apache.ratis.util.IOUtils.getFromFuture(IOUtils.java:87)
	at org.apache.ratis.server.raftlog.segmented.SegmentedRaftLogWorker$StateMachineDataPolicy.getFromFuture(SegmentedRaftLogWorker.java:87)
	at org.apache.ratis.server.raftlog.segmented.SegmentedRaftLogWorker$WriteLog.execute(SegmentedRaftLogWorker.java:477)
	at org.apache.ratis.server.raftlog.segmented.SegmentedRaftLogWorker.run(SegmentedRaftLogWorker.java:289)
	at java.lang.Thread.run(Thread.java:748)
Caused by: java.util.concurrent.TimeoutException
	at java.util.concurrent.CompletableFuture.timedGet(CompletableFuture.java:1771)
	at java.util.concurrent.CompletableFuture.get(CompletableFuture.java:1915)
	at org.apache.ratis.util.IOUtils.getFromFuture(IOUtils.java:79)
	... 4 more
2019-09-16 16:47:55,315 [22812086-b692-43a0-8348-44721a5a82d7@group-9A9DF8BBBB07-SegmentedRaftLogWorker] WARN  segmented.SegmentedRaftLogWorker (SegmentedRaftLogWorker.java:getFromFuture(90)) - Timeout 1/~
org.apache.ratis.protocol.TimeoutIOException: Timeout 10s: WriteLog:17: (t:2, i:17), STATEMACHINELOGENTRY, client-B863CA8D5873, cid=43-writeStateMachineData
	at org.apache.ratis.util.IOUtils.getFromFuture(IOUtils.java:87)
	at org.apache.ratis.server.raftlog.segmented.SegmentedRaftLogWorker$StateMachineDataPolicy.getFromFuture(SegmentedRaftLogWorker.java:87)
	at org.apache.ratis.server.raftlog.segmented.SegmentedRaftLogWorker$WriteLog.execute(SegmentedRaftLogWorker.java:477)
	at org.apache.ratis.server.raftlog.segmented.SegmentedRaftLogWorker.run(SegmentedRaftLogWorker.java:289)
	at java.lang.Thread.run(Thread.java:748)
Caused by: java.util.concurrent.TimeoutException
	at java.util.concurrent.CompletableFuture.timedGet(CompletableFuture.java:1771)
	at java.util.concurrent.CompletableFuture.get(CompletableFuture.java:1915)
	at org.apache.ratis.util.IOUtils.getFromFuture(IOUtils.java:79)
	... 4 more
2019-09-16 16:47:55,354 [java.util.concurrent.ThreadPoolExecutor$Worker@67fb0c7c[State = -1, empty queue]] WARN  server.GrpcLogAppender (GrpcLogAppender.java:timeoutAppendRequest(200)) - d7db739d-8a5f-427c-bc0a-5603ac8ba161@group-9A9DF8BBBB07->22812086-b692-43a0-8348-44721a5a82d7-GrpcLogAppender: appendEntries Timeout, request=d7db739d-8a5f-427c-bc0a-5603ac8ba161->22812086-b692-43a0-8348-44721a5a82d7#91-t2, previous=(t:2, i:20), leaderCommit=16, initializing? false, entries: <empty>
2019-09-16 16:47:55,354 [java.util.concurrent.ThreadPoolExecutor$Worker@76876f3d[State = -1, empty queue]] WARN  server.GrpcLogAppender (GrpcLogAppender.java:timeoutAppendRequest(200)) - 31ff8a7c-4ef6-4603-8d7a-5c866c7f5672@group-651FE1B6B3BB->f1ea936a-1aa4-4b4f-a193-5108e1c15289-GrpcLogAppender: appendEntries Timeout, request=31ff8a7c-4ef6-4603-8d7a-5c866c7f5672->f1ea936a-1aa4-4b4f-a193-5108e1c15289#93-t1, previous=(t:1, i:20), leaderCommit=16, initializing? false, entries: <empty>
2019-09-16 16:47:55,354 [java.util.concurrent.ThreadPoolExecutor$Worker@314b69f[State = -1, empty queue]] WARN  server.GrpcLogAppender (GrpcLogAppender.java:timeoutAppendRequest(200)) - d7db739d-8a5f-427c-bc0a-5603ac8ba161@group-9A9DF8BBBB07->37aba10a-6fc0-4836-82ce-0d66a20effe5-GrpcLogAppender: appendEntries Timeout, request=d7db739d-8a5f-427c-bc0a-5603ac8ba161->37aba10a-6fc0-4836-82ce-0d66a20effe5#91-t2, previous=(t:2, i:20), leaderCommit=16, initializing? false, entries: <empty>
2019-09-16 16:47:55,354 [java.util.concurrent.ThreadPoolExecutor$Worker@5708b060[State = -1, empty queue]] WARN  server.GrpcLogAppender (GrpcLogAppender.java:timeoutAppendRequest(200)) - 31ff8a7c-4ef6-4603-8d7a-5c866c7f5672@group-651FE1B6B3BB->b1d373fd-82f2-45f9-929a-b8d8660dbeb2-GrpcLogAppender: appendEntries Timeout, request=31ff8a7c-4ef6-4603-8d7a-5c866c7f5672->b1d373fd-82f2-45f9-929a-b8d8660dbeb2#93-t1, previous=(t:1, i:20), leaderCommit=16, initializing? false, entries: <empty>
2019-09-16 16:47:55,620 [37aba10a-6fc0-4836-82ce-0d66a20effe5@group-9A9DF8BBBB07-SegmentedRaftLogWorker] WARN  segmented.SegmentedRaftLogWorker (SegmentedRaftLogWorker.java:getFromFuture(90)) - Timeout 1/~
org.apache.ratis.protocol.TimeoutIOException: Timeout 10s: WriteLog:19: (t:2, i:19), STATEMACHINELOGENTRY, client-B863CA8D5873, cid=45-writeStateMachineData
	at org.apache.ratis.util.IOUtils.getFromFuture(IOUtils.java:87)
	at org.apache.ratis.server.raftlog.segmented.SegmentedRaftLogWorker$StateMachineDataPolicy.getFromFuture(SegmentedRaftLogWorker.java:87)
	at org.apache.ratis.server.raftlog.segmented.SegmentedRaftLogWorker$WriteLog.execute(SegmentedRaftLogWorker.java:477)
	at org.apache.ratis.server.raftlog.segmented.SegmentedRaftLogWorker.run(SegmentedRaftLogWorker.java:289)
	at java.lang.Thread.run(Thread.java:748)
Caused by: java.util.concurrent.TimeoutException
	at java.util.concurrent.CompletableFuture.timedGet(CompletableFuture.java:1771)
	at java.util.concurrent.CompletableFuture.get(CompletableFuture.java:1915)
	at org.apache.ratis.util.IOUtils.getFromFuture(IOUtils.java:79)
	... 4 more
2019-09-16 16:47:55,862 [java.util.concurrent.ThreadPoolExecutor$Worker@5708b060[State = -1, empty queue]] WARN  server.GrpcLogAppender (GrpcLogAppender.java:timeoutAppendRequest(200)) - 31ff8a7c-4ef6-4603-8d7a-5c866c7f5672@group-651FE1B6B3BB->b1d373fd-82f2-45f9-929a-b8d8660dbeb2-GrpcLogAppender: appendEntries Timeout, request=31ff8a7c-4ef6-4603-8d7a-5c866c7f5672->b1d373fd-82f2-45f9-929a-b8d8660dbeb2#94-t1, previous=(t:1, i:20), leaderCommit=16, initializing? false, entries: <empty>
2019-09-16 16:47:55,862 [java.util.concurrent.ThreadPoolExecutor$Worker@76876f3d[State = -1, empty queue]] WARN  server.GrpcLogAppender (GrpcLogAppender.java:timeoutAppendRequest(200)) - 31ff8a7c-4ef6-4603-8d7a-5c866c7f5672@group-651FE1B6B3BB->f1ea936a-1aa4-4b4f-a193-5108e1c15289-GrpcLogAppender: appendEntries Timeout, request=31ff8a7c-4ef6-4603-8d7a-5c866c7f5672->f1ea936a-1aa4-4b4f-a193-5108e1c15289#94-t1, previous=(t:1, i:20), leaderCommit=16, initializing? false, entries: <empty>
2019-09-16 16:47:55,862 [java.util.concurrent.ThreadPoolExecutor$Worker@67fb0c7c[State = -1, empty queue]] WARN  server.GrpcLogAppender (GrpcLogAppender.java:timeoutAppendRequest(200)) - d7db739d-8a5f-427c-bc0a-5603ac8ba161@group-9A9DF8BBBB07->22812086-b692-43a0-8348-44721a5a82d7-GrpcLogAppender: appendEntries Timeout, request=d7db739d-8a5f-427c-bc0a-5603ac8ba161->22812086-b692-43a0-8348-44721a5a82d7#92-t2, previous=(t:2, i:20), leaderCommit=16, initializing? false, entries: <empty>
2019-09-16 16:47:55,862 [java.util.concurrent.ThreadPoolExecutor$Worker@314b69f[State = -1, empty queue]] WARN  server.GrpcLogAppender (GrpcLogAppender.java:timeoutAppendRequest(200)) - d7db739d-8a5f-427c-bc0a-5603ac8ba161@group-9A9DF8BBBB07->37aba10a-6fc0-4836-82ce-0d66a20effe5-GrpcLogAppender: appendEntries Timeout, request=d7db739d-8a5f-427c-bc0a-5603ac8ba161->37aba10a-6fc0-4836-82ce-0d66a20effe5#92-t2, previous=(t:2, i:20), leaderCommit=16, initializing? false, entries: <empty>
2019-09-16 16:47:56,245 [b1d373fd-82f2-45f9-929a-b8d8660dbeb2@group-651FE1B6B3BB-SegmentedRaftLogWorker] WARN  segmented.SegmentedRaftLogWorker (SegmentedRaftLogWorker.java:getFromFuture(90)) - Timeout 3/~
org.apache.ratis.protocol.TimeoutIOException: Timeout 10s: WriteLog:17: (t:1, i:17), STATEMACHINELOGENTRY, client-AC4080E834B7, cid=29-writeStateMachineData
	at org.apache.ratis.util.IOUtils.getFromFuture(IOUtils.java:87)
	at org.apache.ratis.server.raftlog.segmented.SegmentedRaftLogWorker$StateMachineDataPolicy.getFromFuture(SegmentedRaftLogWorker.java:87)
	at org.apache.ratis.server.raftlog.segmented.SegmentedRaftLogWorker$WriteLog.execute(SegmentedRaftLogWorker.java:477)
	at org.apache.ratis.server.raftlog.segmented.SegmentedRaftLogWorker.run(SegmentedRaftLogWorker.java:289)
	at java.lang.Thread.run(Thread.java:748)
Caused by: java.util.concurrent.TimeoutException
	at java.util.concurrent.CompletableFuture.timedGet(CompletableFuture.java:1771)
	at java.util.concurrent.CompletableFuture.get(CompletableFuture.java:1915)
	at org.apache.ratis.util.IOUtils.getFromFuture(IOUtils.java:79)
	... 4 more
2019-09-16 16:47:56,362 [java.util.concurrent.ThreadPoolExecutor$Worker@314b69f[State = -1, empty queue]] WARN  server.GrpcLogAppender (GrpcLogAppender.java:timeoutAppendRequest(200)) - d7db739d-8a5f-427c-bc0a-5603ac8ba161@group-9A9DF8BBBB07->37aba10a-6fc0-4836-82ce-0d66a20effe5-GrpcLogAppender: appendEntries Timeout, request=d7db739d-8a5f-427c-bc0a-5603ac8ba161->37aba10a-6fc0-4836-82ce-0d66a20effe5#93-t2, previous=(t:2, i:20), leaderCommit=16, initializing? false, entries: <empty>
2019-09-16 16:47:56,362 [java.util.concurrent.ThreadPoolExecutor$Worker@67fb0c7c[State = -1, empty queue]] WARN  server.GrpcLogAppender (GrpcLogAppender.java:timeoutAppendRequest(200)) - d7db739d-8a5f-427c-bc0a-5603ac8ba161@group-9A9DF8BBBB07->22812086-b692-43a0-8348-44721a5a82d7-GrpcLogAppender: appendEntries Timeout, request=d7db739d-8a5f-427c-bc0a-5603ac8ba161->22812086-b692-43a0-8348-44721a5a82d7#93-t2, previous=(t:2, i:20), leaderCommit=16, initializing? false, entries: <empty>
2019-09-16 16:47:56,362 [java.util.concurrent.ThreadPoolExecutor$Worker@5708b060[State = -1, empty queue]] WARN  server.GrpcLogAppender (GrpcLogAppender.java:timeoutAppendRequest(200)) - 31ff8a7c-4ef6-4603-8d7a-5c866c7f5672@group-651FE1B6B3BB->b1d373fd-82f2-45f9-929a-b8d8660dbeb2-GrpcLogAppender: appendEntries Timeout, request=31ff8a7c-4ef6-4603-8d7a-5c866c7f5672->b1d373fd-82f2-45f9-929a-b8d8660dbeb2#95-t1, previous=(t:1, i:20), leaderCommit=16, initializing? false, entries: <empty>
2019-09-16 16:47:56,362 [java.util.concurrent.ThreadPoolExecutor$Worker@76876f3d[State = -1, empty queue]] WARN  server.GrpcLogAppender (GrpcLogAppender.java:timeoutAppendRequest(200)) - 31ff8a7c-4ef6-4603-8d7a-5c866c7f5672@group-651FE1B6B3BB->f1ea936a-1aa4-4b4f-a193-5108e1c15289-GrpcLogAppender: appendEntries Timeout, request=31ff8a7c-4ef6-4603-8d7a-5c866c7f5672->f1ea936a-1aa4-4b4f-a193-5108e1c15289#95-t1, previous=(t:1, i:20), leaderCommit=16, initializing? false, entries: <empty>
2019-09-16 16:47:56,435 [31ff8a7c-4ef6-4603-8d7a-5c866c7f5672@group-651FE1B6B3BB-SegmentedRaftLogWorker] WARN  segmented.SegmentedRaftLogWorker (SegmentedRaftLogWorker.java:getFromFuture(90)) - Timeout 3/~
org.apache.ratis.protocol.TimeoutIOException: Timeout 10s: WriteLog:19: (t:1, i:19), STATEMACHINELOGENTRY, client-AC4080E834B7, cid=31-writeStateMachineData
	at org.apache.ratis.util.IOUtils.getFromFuture(IOUtils.java:87)
	at org.apache.ratis.server.raftlog.segmented.SegmentedRaftLogWorker$StateMachineDataPolicy.getFromFuture(SegmentedRaftLogWorker.java:87)
	at org.apache.ratis.server.raftlog.segmented.SegmentedRaftLogWorker$WriteLog.execute(SegmentedRaftLogWorker.java:477)
	at org.apache.ratis.server.raftlog.segmented.SegmentedRaftLogWorker.run(SegmentedRaftLogWorker.java:289)
	at java.lang.Thread.run(Thread.java:748)
Caused by: java.util.concurrent.TimeoutException
	at java.util.concurrent.CompletableFuture.timedGet(CompletableFuture.java:1771)
	at java.util.concurrent.CompletableFuture.get(CompletableFuture.java:1915)
	at org.apache.ratis.util.IOUtils.getFromFuture(IOUtils.java:79)
	... 4 more
2019-09-16 16:47:56,439 [f1ea936a-1aa4-4b4f-a193-5108e1c15289@group-651FE1B6B3BB-SegmentedRaftLogWorker] WARN  segmented.SegmentedRaftLogWorker (SegmentedRaftLogWorker.java:getFromFuture(90)) - Timeout 3/~
org.apache.ratis.protocol.TimeoutIOException: Timeout 10s: WriteLog:19: (t:1, i:19), STATEMACHINELOGENTRY, client-AC4080E834B7, cid=31-writeStateMachineData
	at org.apache.ratis.util.IOUtils.getFromFuture(IOUtils.java:87)
	at org.apache.ratis.server.raftlog.segmented.SegmentedRaftLogWorker$StateMachineDataPolicy.getFromFuture(SegmentedRaftLogWorker.java:87)
	at org.apache.ratis.server.raftlog.segmented.SegmentedRaftLogWorker$WriteLog.execute(SegmentedRaftLogWorker.java:477)
	at org.apache.ratis.server.raftlog.segmented.SegmentedRaftLogWorker.run(SegmentedRaftLogWorker.java:289)
	at java.lang.Thread.run(Thread.java:748)
Caused by: java.util.concurrent.TimeoutException
	at java.util.concurrent.CompletableFuture.timedGet(CompletableFuture.java:1771)
	at java.util.concurrent.CompletableFuture.get(CompletableFuture.java:1915)
	at org.apache.ratis.util.IOUtils.getFromFuture(IOUtils.java:79)
	... 4 more
2019-09-16 16:47:56,863 [java.util.concurrent.ThreadPoolExecutor$Worker@76876f3d[State = -1, empty queue]] WARN  server.GrpcLogAppender (GrpcLogAppender.java:timeoutAppendRequest(200)) - 31ff8a7c-4ef6-4603-8d7a-5c866c7f5672@group-651FE1B6B3BB->f1ea936a-1aa4-4b4f-a193-5108e1c15289-GrpcLogAppender: appendEntries Timeout, request=31ff8a7c-4ef6-4603-8d7a-5c866c7f5672->f1ea936a-1aa4-4b4f-a193-5108e1c15289#96-t1, previous=(t:1, i:20), leaderCommit=16, initializing? false, entries: <empty>
2019-09-16 16:47:56,863 [java.util.concurrent.ThreadPoolExecutor$Worker@314b69f[State = -1, empty queue]] WARN  server.GrpcLogAppender (GrpcLogAppender.java:timeoutAppendRequest(200)) - d7db739d-8a5f-427c-bc0a-5603ac8ba161@group-9A9DF8BBBB07->37aba10a-6fc0-4836-82ce-0d66a20effe5-GrpcLogAppender: appendEntries Timeout, request=d7db739d-8a5f-427c-bc0a-5603ac8ba161->37aba10a-6fc0-4836-82ce-0d66a20effe5#94-t2, previous=(t:2, i:20), leaderCommit=16, initializing? false, entries: <empty>
2019-09-16 16:47:56,863 [java.util.concurrent.ThreadPoolExecutor$Worker@5708b060[State = -1, empty queue]] WARN  server.GrpcLogAppender (GrpcLogAppender.java:timeoutAppendRequest(200)) - 31ff8a7c-4ef6-4603-8d7a-5c866c7f5672@group-651FE1B6B3BB->b1d373fd-82f2-45f9-929a-b8d8660dbeb2-GrpcLogAppender: appendEntries Timeout, request=31ff8a7c-4ef6-4603-8d7a-5c866c7f5672->b1d373fd-82f2-45f9-929a-b8d8660dbeb2#96-t1, previous=(t:1, i:20), leaderCommit=16, initializing? false, entries: <empty>
2019-09-16 16:47:56,863 [java.util.concurrent.ThreadPoolExecutor$Worker@67fb0c7c[State = -1, empty queue]] WARN  server.GrpcLogAppender (GrpcLogAppender.java:timeoutAppendRequest(200)) - d7db739d-8a5f-427c-bc0a-5603ac8ba161@group-9A9DF8BBBB07->22812086-b692-43a0-8348-44721a5a82d7-GrpcLogAppender: appendEntries Timeout, request=d7db739d-8a5f-427c-bc0a-5603ac8ba161->22812086-b692-43a0-8348-44721a5a82d7#94-t2, previous=(t:2, i:20), leaderCommit=16, initializing? false, entries: <empty>
2019-09-16 16:47:57,363 [java.util.concurrent.ThreadPoolExecutor$Worker@314b69f[State = -1, empty queue]] WARN  server.GrpcLogAppender (GrpcLogAppender.java:timeoutAppendRequest(200)) - d7db739d-8a5f-427c-bc0a-5603ac8ba161@group-9A9DF8BBBB07->37aba10a-6fc0-4836-82ce-0d66a20effe5-GrpcLogAppender: appendEntries Timeout, request=d7db739d-8a5f-427c-bc0a-5603ac8ba161->37aba10a-6fc0-4836-82ce-0d66a20effe5#95-t2, previous=(t:2, i:20), leaderCommit=16, initializing? false, entries: <empty>
2019-09-16 16:47:57,363 [java.util.concurrent.ThreadPoolExecutor$Worker@76876f3d[State = -1, empty queue]] WARN  server.GrpcLogAppender (GrpcLogAppender.java:timeoutAppendRequest(200)) - 31ff8a7c-4ef6-4603-8d7a-5c866c7f5672@group-651FE1B6B3BB->f1ea936a-1aa4-4b4f-a193-5108e1c15289-GrpcLogAppender: appendEntries Timeout, request=31ff8a7c-4ef6-4603-8d7a-5c866c7f5672->f1ea936a-1aa4-4b4f-a193-5108e1c15289#97-t1, previous=(t:1, i:20), leaderCommit=16, initializing? false, entries: <empty>
2019-09-16 16:47:57,363 [java.util.concurrent.ThreadPoolExecutor$Worker@67fb0c7c[State = -1, empty queue]] WARN  server.GrpcLogAppender (GrpcLogAppender.java:timeoutAppendRequest(200)) - d7db739d-8a5f-427c-bc0a-5603ac8ba161@group-9A9DF8BBBB07->22812086-b692-43a0-8348-44721a5a82d7-GrpcLogAppender: appendEntries Timeout, request=d7db739d-8a5f-427c-bc0a-5603ac8ba161->22812086-b692-43a0-8348-44721a5a82d7#95-t2, previous=(t:2, i:20), leaderCommit=16, initializing? false, entries: <empty>
2019-09-16 16:47:57,363 [java.util.concurrent.ThreadPoolExecutor$Worker@5708b060[State = -1, empty queue]] WARN  server.GrpcLogAppender (GrpcLogAppender.java:timeoutAppendRequest(200)) - 31ff8a7c-4ef6-4603-8d7a-5c866c7f5672@group-651FE1B6B3BB->b1d373fd-82f2-45f9-929a-b8d8660dbeb2-GrpcLogAppender: appendEntries Timeout, request=31ff8a7c-4ef6-4603-8d7a-5c866c7f5672->b1d373fd-82f2-45f9-929a-b8d8660dbeb2#97-t1, previous=(t:1, i:20), leaderCommit=16, initializing? false, entries: <empty>
2019-09-16 16:47:57,863 [java.util.concurrent.ThreadPoolExecutor$Worker@76876f3d[State = -1, empty queue]] WARN  server.GrpcLogAppender (GrpcLogAppender.java:timeoutAppendRequest(200)) - 31ff8a7c-4ef6-4603-8d7a-5c866c7f5672@group-651FE1B6B3BB->f1ea936a-1aa4-4b4f-a193-5108e1c15289-GrpcLogAppender: appendEntries Timeout, request=31ff8a7c-4ef6-4603-8d7a-5c866c7f5672->f1ea936a-1aa4-4b4f-a193-5108e1c15289#98-t1, previous=(t:1, i:20), leaderCommit=16, initializing? false, entries: <empty>
2019-09-16 16:47:57,863 [java.util.concurrent.ThreadPoolExecutor$Worker@67fb0c7c[State = -1, empty queue]] WARN  server.GrpcLogAppender (GrpcLogAppender.java:timeoutAppendRequest(200)) - d7db739d-8a5f-427c-bc0a-5603ac8ba161@group-9A9DF8BBBB07->22812086-b692-43a0-8348-44721a5a82d7-GrpcLogAppender: appendEntries Timeout, request=d7db739d-8a5f-427c-bc0a-5603ac8ba161->22812086-b692-43a0-8348-44721a5a82d7#96-t2, previous=(t:2, i:20), leaderCommit=16, initializing? false, entries: <empty>
2019-09-16 16:47:57,863 [java.util.concurrent.ThreadPoolExecutor$Worker@314b69f[State = -1, empty queue]] WARN  server.GrpcLogAppender (GrpcLogAppender.java:timeoutAppendRequest(200)) - d7db739d-8a5f-427c-bc0a-5603ac8ba161@group-9A9DF8BBBB07->37aba10a-6fc0-4836-82ce-0d66a20effe5-GrpcLogAppender: appendEntries Timeout, request=d7db739d-8a5f-427c-bc0a-5603ac8ba161->37aba10a-6fc0-4836-82ce-0d66a20effe5#96-t2, previous=(t:2, i:20), leaderCommit=16, initializing? false, entries: <empty>
2019-09-16 16:47:57,863 [java.util.concurrent.ThreadPoolExecutor$Worker@5708b060[State = -1, empty queue]] WARN  server.GrpcLogAppender (GrpcLogAppender.java:timeoutAppendRequest(200)) - 31ff8a7c-4ef6-4603-8d7a-5c866c7f5672@group-651FE1B6B3BB->b1d373fd-82f2-45f9-929a-b8d8660dbeb2-GrpcLogAppender: appendEntries Timeout, request=31ff8a7c-4ef6-4603-8d7a-5c866c7f5672->b1d373fd-82f2-45f9-929a-b8d8660dbeb2#98-t1, previous=(t:1, i:20), leaderCommit=16, initializing? false, entries: <empty>
2019-09-16 16:47:58,364 [java.util.concurrent.ThreadPoolExecutor$Worker@5708b060[State = -1, empty queue]] WARN  server.GrpcLogAppender (GrpcLogAppender.java:timeoutAppendRequest(200)) - 31ff8a7c-4ef6-4603-8d7a-5c866c7f5672@group-651FE1B6B3BB->b1d373fd-82f2-45f9-929a-b8d8660dbeb2-GrpcLogAppender: appendEntries Timeout, request=31ff8a7c-4ef6-4603-8d7a-5c866c7f5672->b1d373fd-82f2-45f9-929a-b8d8660dbeb2#99-t1, previous=(t:1, i:20), leaderCommit=16, initializing? false, entries: <empty>
2019-09-16 16:47:58,364 [java.util.concurrent.ThreadPoolExecutor$Worker@76876f3d[State = -1, empty queue]] WARN  server.GrpcLogAppender (GrpcLogAppender.java:timeoutAppendRequest(200)) - 31ff8a7c-4ef6-4603-8d7a-5c866c7f5672@group-651FE1B6B3BB->f1ea936a-1aa4-4b4f-a193-5108e1c15289-GrpcLogAppender: appendEntries Timeout, request=31ff8a7c-4ef6-4603-8d7a-5c866c7f5672->f1ea936a-1aa4-4b4f-a193-5108e1c15289#99-t1, previous=(t:1, i:20), leaderCommit=16, initializing? false, entries: <empty>
2019-09-16 16:47:58,364 [java.util.concurrent.ThreadPoolExecutor$Worker@314b69f[State = -1, empty queue]] WARN  server.GrpcLogAppender (GrpcLogAppender.java:timeoutAppendRequest(200)) - d7db739d-8a5f-427c-bc0a-5603ac8ba161@group-9A9DF8BBBB07->37aba10a-6fc0-4836-82ce-0d66a20effe5-GrpcLogAppender: appendEntries Timeout, request=d7db739d-8a5f-427c-bc0a-5603ac8ba161->37aba10a-6fc0-4836-82ce-0d66a20effe5#97-t2, previous=(t:2, i:20), leaderCommit=16, initializing? false, entries: <empty>
2019-09-16 16:47:58,364 [java.util.concurrent.ThreadPoolExecutor$Worker@67fb0c7c[State = -1, empty queue]] WARN  server.GrpcLogAppender (GrpcLogAppender.java:timeoutAppendRequest(200)) - d7db739d-8a5f-427c-bc0a-5603ac8ba161@group-9A9DF8BBBB07->22812086-b692-43a0-8348-44721a5a82d7-GrpcLogAppender: appendEntries Timeout, request=d7db739d-8a5f-427c-bc0a-5603ac8ba161->22812086-b692-43a0-8348-44721a5a82d7#97-t2, previous=(t:2, i:20), leaderCommit=16, initializing? false, entries: <empty>
2019-09-16 16:47:58,864 [java.util.concurrent.ThreadPoolExecutor$Worker@76876f3d[State = -1, empty queue]] WARN  server.GrpcLogAppender (GrpcLogAppender.java:timeoutAppendRequest(200)) - 31ff8a7c-4ef6-4603-8d7a-5c866c7f5672@group-651FE1B6B3BB->f1ea936a-1aa4-4b4f-a193-5108e1c15289-GrpcLogAppender: appendEntries Timeout, request=31ff8a7c-4ef6-4603-8d7a-5c866c7f5672->f1ea936a-1aa4-4b4f-a193-5108e1c15289#100-t1, previous=(t:1, i:20), leaderCommit=16, initializing? false, entries: <empty>
2019-09-16 16:47:58,864 [java.util.concurrent.ThreadPoolExecutor$Worker@5708b060[State = -1, empty queue]] WARN  server.GrpcLogAppender (GrpcLogAppender.java:timeoutAppendRequest(200)) - 31ff8a7c-4ef6-4603-8d7a-5c866c7f5672@group-651FE1B6B3BB->b1d373fd-82f2-45f9-929a-b8d8660dbeb2-GrpcLogAppender: appendEntries Timeout, request=31ff8a7c-4ef6-4603-8d7a-5c866c7f5672->b1d373fd-82f2-45f9-929a-b8d8660dbeb2#100-t1, previous=(t:1, i:20), leaderCommit=16, initializing? false, entries: <empty>
2019-09-16 16:47:58,864 [java.util.concurrent.ThreadPoolExecutor$Worker@67fb0c7c[State = -1, empty queue]] WARN  server.GrpcLogAppender (GrpcLogAppender.java:timeoutAppendRequest(200)) - d7db739d-8a5f-427c-bc0a-5603ac8ba161@group-9A9DF8BBBB07->22812086-b692-43a0-8348-44721a5a82d7-GrpcLogAppender: appendEntries Timeout, request=d7db739d-8a5f-427c-bc0a-5603ac8ba161->22812086-b692-43a0-8348-44721a5a82d7#98-t2, previous=(t:2, i:20), leaderCommit=16, initializing? false, entries: <empty>
2019-09-16 16:47:58,864 [java.util.concurrent.ThreadPoolExecutor$Worker@314b69f[State = -1, empty queue]] WARN  server.GrpcLogAppender (GrpcLogAppender.java:timeoutAppendRequest(200)) - d7db739d-8a5f-427c-bc0a-5603ac8ba161@group-9A9DF8BBBB07->37aba10a-6fc0-4836-82ce-0d66a20effe5-GrpcLogAppender: appendEntries Timeout, request=d7db739d-8a5f-427c-bc0a-5603ac8ba161->37aba10a-6fc0-4836-82ce-0d66a20effe5#98-t2, previous=(t:2, i:20), leaderCommit=16, initializing? false, entries: <empty>
2019-09-16 16:47:59,095 [main] INFO  ozoneimpl.OzoneContainer (OzoneContainer.java:stop(231)) - Attempting to stop container services.
2019-09-16 16:47:59,097 [main] INFO  impl.RaftServerProxy (RaftServerProxy.java:lambda$close$4(314)) - 31ff8a7c-4ef6-4603-8d7a-5c866c7f5672: close
2019-09-16 16:47:59,099 [main] INFO  impl.RaftServerImpl (RaftServerImpl.java:lambda$shutdown$3(251)) - 31ff8a7c-4ef6-4603-8d7a-5c866c7f5672@group-4E245145A13C: shutdown
2019-09-16 16:47:59,099 [main] INFO  util.JmxRegister (JmxRegister.java:unregister(73)) - Successfully un-registered JMX Bean with object name Ratis:service=RaftServer,group=group-4E245145A13C,id=31ff8a7c-4ef6-4603-8d7a-5c866c7f5672
2019-09-16 16:47:59,099 [main] INFO  impl.RoleInfo (RoleInfo.java:shutdownLeaderState(104)) - 31ff8a7c-4ef6-4603-8d7a-5c866c7f5672: shutdown LeaderState
2019-09-16 16:47:59,100 [main] INFO  impl.PendingRequests (PendingRequests.java:sendNotLeaderResponses(202)) - 31ff8a7c-4ef6-4603-8d7a-5c866c7f5672-PendingRequests: sendNotLeaderResponses
2019-09-16 16:47:59,103 [main] INFO  impl.StateMachineUpdater (StateMachineUpdater.java:stopAndJoin(125)) - 31ff8a7c-4ef6-4603-8d7a-5c866c7f5672@group-4E245145A13C-StateMachineUpdater: set stopIndex = 0
2019-09-16 16:47:59,104 [main] INFO  impl.RaftServerImpl (ServerState.java:close(385)) - 31ff8a7c-4ef6-4603-8d7a-5c866c7f5672@group-4E245145A13C: closes. applyIndex: 0
2019-09-16 16:47:59,108 [31ff8a7c-4ef6-4603-8d7a-5c866c7f5672@group-4E245145A13C-SegmentedRaftLogWorker] INFO  segmented.SegmentedRaftLogWorker (SegmentedRaftLogWorker.java:run(313)) - 31ff8a7c-4ef6-4603-8d7a-5c866c7f5672@group-4E245145A13C-SegmentedRaftLogWorker was interrupted, exiting. There are 0 tasks remaining in the queue.
2019-09-16 16:47:59,114 [main] INFO  segmented.SegmentedRaftLogWorker (SegmentedRaftLogWorker.java:close(228)) - 31ff8a7c-4ef6-4603-8d7a-5c866c7f5672@group-4E245145A13C-SegmentedRaftLogWorker close()
2019-09-16 16:47:59,122 [main] INFO  impl.RaftServerImpl (RaftServerImpl.java:lambda$shutdown$3(251)) - 31ff8a7c-4ef6-4603-8d7a-5c866c7f5672@group-651FE1B6B3BB: shutdown
2019-09-16 16:47:59,123 [main] INFO  util.JmxRegister (JmxRegister.java:unregister(73)) - Successfully un-registered JMX Bean with object name Ratis:service=RaftServer,group=group-651FE1B6B3BB,id=31ff8a7c-4ef6-4603-8d7a-5c866c7f5672
2019-09-16 16:47:59,123 [main] INFO  impl.RoleInfo (RoleInfo.java:shutdownLeaderState(104)) - 31ff8a7c-4ef6-4603-8d7a-5c866c7f5672: shutdown LeaderState
2019-09-16 16:47:59,129 [main] INFO  impl.PendingRequests (PendingRequests.java:sendNotLeaderResponses(202)) - 31ff8a7c-4ef6-4603-8d7a-5c866c7f5672-PendingRequests: sendNotLeaderResponses
2019-09-16 16:47:59,129 [org.apache.ratis.server.impl.LogAppender$AppenderDaemon$$Lambda$548/1372820718@36299fee] WARN  server.GrpcLogAppender (GrpcLogAppender.java:mayWait(143)) - 31ff8a7c-4ef6-4603-8d7a-5c866c7f5672@group-651FE1B6B3BB->b1d373fd-82f2-45f9-929a-b8d8660dbeb2-GrpcLogAppender: Wait interrupted by java.lang.InterruptedException
2019-09-16 16:47:59,129 [org.apache.ratis.server.impl.LogAppender$AppenderDaemon$$Lambda$548/1372820718@3be357c7] WARN  server.GrpcLogAppender (GrpcLogAppender.java:mayWait(143)) - 31ff8a7c-4ef6-4603-8d7a-5c866c7f5672@group-651FE1B6B3BB->f1ea936a-1aa4-4b4f-a193-5108e1c15289-GrpcLogAppender: Wait interrupted by java.lang.InterruptedException
2019-09-16 16:47:59,137 [main] INFO  impl.StateMachineUpdater (StateMachineUpdater.java:stopAndJoin(125)) - 31ff8a7c-4ef6-4603-8d7a-5c866c7f5672@group-651FE1B6B3BB-StateMachineUpdater: set stopIndex = 16
2019-09-16 16:47:59,137 [31ff8a7c-4ef6-4603-8d7a-5c866c7f5672@group-651FE1B6B3BB-StateMachineUpdater] INFO  ratis.ContainerStateMachine (ContainerStateMachine.java:takeSnapshot(289)) - group-651FE1B6B3BB: Taking a snapshot at:(t:1, i:12) file /workdir/hadoop-ozone/integration-test/target/test-dir/MiniOzoneClusterImpl-2814d36b-6019-42fc-a66f-ece8bfc5d7d4/datanode-8/data/ratis/43d64965-e11f-473d-8ea4-651fe1b6b3bb/sm/snapshot.1_12
2019-09-16 16:47:59,137 [grpc-default-executor-1] INFO  server.GrpcServerProtocolService (GrpcServerProtocolService.java:onCompleted(113)) - f1ea936a-1aa4-4b4f-a193-5108e1c15289: Completed APPEND_ENTRIES, lastRequest: 31ff8a7c-4ef6-4603-8d7a-5c866c7f5672->f1ea936a-1aa4-4b4f-a193-5108e1c15289#106-t1, previous=(t:1, i:20), leaderCommit=16, initializing? false, entries: <empty>
2019-09-16 16:47:59,137 [grpc-default-executor-0] INFO  server.GrpcServerProtocolService (GrpcServerProtocolService.java:onCompleted(113)) - b1d373fd-82f2-45f9-929a-b8d8660dbeb2: Completed APPEND_ENTRIES, lastRequest: 31ff8a7c-4ef6-4603-8d7a-5c866c7f5672->b1d373fd-82f2-45f9-929a-b8d8660dbeb2#106-t1, previous=(t:1, i:20), leaderCommit=16, initializing? false, entries: <empty>
2019-09-16 16:47:59,141 [grpc-default-executor-0] INFO  server.GrpcLogAppender (GrpcLogAppender.java:onCompleted(293)) - 31ff8a7c-4ef6-4603-8d7a-5c866c7f5672@group-651FE1B6B3BB->b1d373fd-82f2-45f9-929a-b8d8660dbeb2-AppendLogResponseHandler: follower responses appendEntries COMPLETED
2019-09-16 16:47:59,141 [grpc-default-executor-1] INFO  server.GrpcLogAppender (GrpcLogAppender.java:onCompleted(293)) - 31ff8a7c-4ef6-4603-8d7a-5c866c7f5672@group-651FE1B6B3BB->f1ea936a-1aa4-4b4f-a193-5108e1c15289-AppendLogResponseHandler: follower responses appendEntries COMPLETED
2019-09-16 16:47:59,163 [grpc-default-executor-1] INFO  impl.FollowerInfo (FollowerInfo.java:lambda$new$0(51)) - 31ff8a7c-4ef6-4603-8d7a-5c866c7f5672@group-651FE1B6B3BB->f1ea936a-1aa4-4b4f-a193-5108e1c15289: nextIndex: updateUnconditionally 21 -> 17
2019-09-16 16:47:59,163 [grpc-default-executor-0] INFO  impl.FollowerInfo (FollowerInfo.java:lambda$new$0(51)) - 31ff8a7c-4ef6-4603-8d7a-5c866c7f5672@group-651FE1B6B3BB->b1d373fd-82f2-45f9-929a-b8d8660dbeb2: nextIndex: updateUnconditionally 21 -> 17
2019-09-16 16:47:59,209 [31ff8a7c-4ef6-4603-8d7a-5c866c7f5672@group-651FE1B6B3BB-StateMachineUpdater] INFO  ratis.ContainerStateMachine (ContainerStateMachine.java:takeSnapshot(300)) - group-651FE1B6B3BB: Finished taking a snapshot at:(t:1, i:12) file:/workdir/hadoop-ozone/integration-test/target/test-dir/MiniOzoneClusterImpl-2814d36b-6019-42fc-a66f-ece8bfc5d7d4/datanode-8/data/ratis/43d64965-e11f-473d-8ea4-651fe1b6b3bb/sm/snapshot.1_12 time:71
2019-09-16 16:47:59,216 [31ff8a7c-4ef6-4603-8d7a-5c866c7f5672@group-651FE1B6B3BB-StateMachineUpdater] INFO  impl.StateMachineUpdater (StateMachineUpdater.java:takeSnapshot(258)) - 31ff8a7c-4ef6-4603-8d7a-5c866c7f5672@group-651FE1B6B3BB-StateMachineUpdater: Took a snapshot at index 12
2019-09-16 16:47:59,218 [31ff8a7c-4ef6-4603-8d7a-5c866c7f5672@group-651FE1B6B3BB-StateMachineUpdater] INFO  impl.StateMachineUpdater (StateMachineUpdater.java:lambda$new$0(83)) - 31ff8a7c-4ef6-4603-8d7a-5c866c7f5672@group-651FE1B6B3BB-StateMachineUpdater: snapshotIndex: updateIncreasingly -1 -> 12
2019-09-16 16:47:59,225 [31ff8a7c-4ef6-4603-8d7a-5c866c7f5672@group-651FE1B6B3BB-StateMachineUpdater] INFO  ratis.ContainerStateMachine (ContainerStateMachine.java:takeSnapshot(289)) - group-651FE1B6B3BB: Taking a snapshot at:(t:1, i:12) file /workdir/hadoop-ozone/integration-test/target/test-dir/MiniOzoneClusterImpl-2814d36b-6019-42fc-a66f-ece8bfc5d7d4/datanode-8/data/ratis/43d64965-e11f-473d-8ea4-651fe1b6b3bb/sm/snapshot.1_12
2019-09-16 16:47:59,244 [31ff8a7c-4ef6-4603-8d7a-5c866c7f5672@group-651FE1B6B3BB-StateMachineUpdater] INFO  ratis.ContainerStateMachine (ContainerStateMachine.java:takeSnapshot(300)) - group-651FE1B6B3BB: Finished taking a snapshot at:(t:1, i:12) file:/workdir/hadoop-ozone/integration-test/target/test-dir/MiniOzoneClusterImpl-2814d36b-6019-42fc-a66f-ece8bfc5d7d4/datanode-8/data/ratis/43d64965-e11f-473d-8ea4-651fe1b6b3bb/sm/snapshot.1_12 time:19
2019-09-16 16:47:59,244 [31ff8a7c-4ef6-4603-8d7a-5c866c7f5672@group-651FE1B6B3BB-StateMachineUpdater] INFO  impl.StateMachineUpdater (StateMachineUpdater.java:takeSnapshot(258)) - 31ff8a7c-4ef6-4603-8d7a-5c866c7f5672@group-651FE1B6B3BB-StateMachineUpdater: Took a snapshot at index 12
2019-09-16 16:47:59,244 [31ff8a7c-4ef6-4603-8d7a-5c866c7f5672@group-651FE1B6B3BB-StateMachineUpdater] INFO  impl.StateMachineUpdater (StateMachineUpdater.java:lambda$new$0(83)) - 31ff8a7c-4ef6-4603-8d7a-5c866c7f5672@group-651FE1B6B3BB-StateMachineUpdater: snapshotIndex: updateIncreasingly 12 -> 12
2019-09-16 16:47:59,245 [main] INFO  impl.RaftServerImpl (ServerState.java:close(385)) - 31ff8a7c-4ef6-4603-8d7a-5c866c7f5672@group-651FE1B6B3BB: closes. applyIndex: 16
2019-09-16 16:47:59,259 [31ff8a7c-4ef6-4603-8d7a-5c866c7f5672@group-651FE1B6B3BB-SegmentedRaftLogWorker] ERROR ratis.XceiverServerRatis (XceiverServerRatis.java:triggerPipelineClose(575)) - pipeline Action CLOSE  on pipeline PipelineID=43d64965-e11f-473d-8ea4-651fe1b6b3bb.Reason : WriteLog:19: (t:1, i:19), STATEMACHINELOGENTRY, client-AC4080E834B7, cid=31-writeStateMachineData interrupted.
2019-09-16 16:47:59,264 [main] INFO  segmented.SegmentedRaftLogWorker (SegmentedRaftLogWorker.java:close(228)) - 31ff8a7c-4ef6-4603-8d7a-5c866c7f5672@group-651FE1B6B3BB-SegmentedRaftLogWorker close()
2019-09-16 16:47:59,269 [main] INFO  server.GrpcService (GrpcService.java:closeImpl(164)) - 31ff8a7c-4ef6-4603-8d7a-5c866c7f5672: shutdown server with port 39370 now
2019-09-16 16:47:59,271 [main] INFO  server.GrpcService (GrpcService.java:closeImpl(172)) - 31ff8a7c-4ef6-4603-8d7a-5c866c7f5672: shutdown server with port 39370 successfully
2019-09-16 16:47:59,275 [refreshUsed-/workdir/hadoop-ozone/integration-test/target/test-dir/MiniOzoneClusterImpl-2814d36b-6019-42fc-a66f-ece8bfc5d7d4/datanode-8/data/containers] WARN  fs.CachingGetSpaceUsed (CachingGetSpaceUsed.java:run(183)) - Thread Interrupted waiting to refresh disk information: sleep interrupted
2019-09-16 16:47:59,294 [main] INFO  utils.BackgroundService (BackgroundService.java:shutdown(148)) - Shutting down service BlockDeletingService
2019-09-16 16:47:59,301 [main] INFO  statemachine.DatanodeStateMachine (DatanodeStateMachine.java:stopDaemon(395)) - Ozone container server stopped.
2019-09-16 16:47:59,307 [main] INFO  handler.ContextHandler (ContextHandler.java:doStop(910)) - Stopped o.e.j.w.WebAppContext@70730db{/,null,UNAVAILABLE}{/hddsDatanode}
2019-09-16 16:47:59,313 [main] INFO  server.AbstractConnector (AbstractConnector.java:doStop(318)) - Stopped ServerConnector@5793b87{HTTP/1.1,[http/1.1]}{0.0.0.0:0}
2019-09-16 16:47:59,314 [main] INFO  handler.ContextHandler (ContextHandler.java:doStop(910)) - Stopped o.e.j.s.ServletContextHandler@33425811{/static,jar:file:/home/user/.m2/repository/org/apache/hadoop/hadoop-hdds-container-service/0.5.0-SNAPSHOT/hadoop-hdds-container-service-0.5.0-SNAPSHOT.jar!/webapps/static,UNAVAILABLE}
2019-09-16 16:47:59,314 [main] INFO  handler.ContextHandler (ContextHandler.java:doStop(910)) - Stopped o.e.j.s.ServletContextHandler@2bc426f0{/logs,file:///workdir/hadoop-ozone/integration-test/target/log,UNAVAILABLE}
2019-09-16 16:47:59,364 [java.util.concurrent.ThreadPoolExecutor$Worker@67fb0c7c[State = -1, empty queue]] WARN  server.GrpcLogAppender (GrpcLogAppender.java:timeoutAppendRequest(200)) - d7db739d-8a5f-427c-bc0a-5603ac8ba161@group-9A9DF8BBBB07->22812086-b692-43a0-8348-44721a5a82d7-GrpcLogAppender: appendEntries Timeout, request=d7db739d-8a5f-427c-bc0a-5603ac8ba161->22812086-b692-43a0-8348-44721a5a82d7#99-t2, previous=(t:2, i:20), leaderCommit=16, initializing? false, entries: <empty>
2019-09-16 16:47:59,364 [java.util.concurrent.ThreadPoolExecutor$Worker@314b69f[State = -1, empty queue]] WARN  server.GrpcLogAppender (GrpcLogAppender.java:timeoutAppendRequest(200)) - d7db739d-8a5f-427c-bc0a-5603ac8ba161@group-9A9DF8BBBB07->37aba10a-6fc0-4836-82ce-0d66a20effe5-GrpcLogAppender: appendEntries Timeout, request=d7db739d-8a5f-427c-bc0a-5603ac8ba161->37aba10a-6fc0-4836-82ce-0d66a20effe5#99-t2, previous=(t:2, i:20), leaderCommit=16, initializing? false, entries: <empty>
2019-09-16 16:47:59,372 [grpc-default-executor-0] INFO  client.GrpcClientProtocolClient (GrpcClientProtocolClient.java:onNext(264)) - client-411C9E0252DD->211683d0-e7e4-43b3-9a19-c932c2e3e607: receive RaftClientReply:client-411C9E0252DD->211683d0-e7e4-43b3-9a19-c932c2e3e607@group-276A6773F05B, cid=51, SUCCESS, logIndex=9, commits[211683d0-e7e4-43b3-9a19-c932c2e3e607:c10, 6044b653-4ba3-462e-b1d8-fff4097cca63:c8, 44446946-e2df-49b4-a08f-7c38e08da8da:c8]
2019-09-16 16:47:59,374 [grpc-default-executor-0] INFO  client.GrpcClientProtocolClient (GrpcClientProtocolClient.java:onNext(264)) - client-411C9E0252DD->211683d0-e7e4-43b3-9a19-c932c2e3e607: receive RaftClientReply:client-411C9E0252DD->211683d0-e7e4-43b3-9a19-c932c2e3e607@group-276A6773F05B, cid=52, SUCCESS, logIndex=10, commits[211683d0-e7e4-43b3-9a19-c932c2e3e607:c10, 6044b653-4ba3-462e-b1d8-fff4097cca63:c8, 44446946-e2df-49b4-a08f-7c38e08da8da:c8]
2019-09-16 16:47:59,387 [grpc-default-executor-0] INFO  client.GrpcClientProtocolClient (GrpcClientProtocolClient.java:onNext(264)) - client-411C9E0252DD->211683d0-e7e4-43b3-9a19-c932c2e3e607: receive RaftClientReply:client-411C9E0252DD->211683d0-e7e4-43b3-9a19-c932c2e3e607@group-276A6773F05B, cid=53, SUCCESS, logIndex=11, commits[211683d0-e7e4-43b3-9a19-c932c2e3e607:c12, 6044b653-4ba3-462e-b1d8-fff4097cca63:c8, 44446946-e2df-49b4-a08f-7c38e08da8da:c8]
2019-09-16 16:47:59,391 [grpc-default-executor-0] INFO  client.GrpcClientProtocolClient (GrpcClientProtocolClient.java:onNext(264)) - client-411C9E0252DD->211683d0-e7e4-43b3-9a19-c932c2e3e607: receive RaftClientReply:client-411C9E0252DD->211683d0-e7e4-43b3-9a19-c932c2e3e607@group-276A6773F05B, cid=54, SUCCESS, logIndex=12, commits[211683d0-e7e4-43b3-9a19-c932c2e3e607:c13, 6044b653-4ba3-462e-b1d8-fff4097cca63:c10, 44446946-e2df-49b4-a08f-7c38e08da8da:c8]
2019-09-16 16:47:59,400 [grpc-default-executor-0] INFO  client.GrpcClientProtocolClient (GrpcClientProtocolClient.java:onNext(264)) - client-411C9E0252DD->211683d0-e7e4-43b3-9a19-c932c2e3e607: receive RaftClientReply:client-411C9E0252DD->211683d0-e7e4-43b3-9a19-c932c2e3e607@group-276A6773F05B, cid=55, SUCCESS, logIndex=0, commits[211683d0-e7e4-43b3-9a19-c932c2e3e607:c14, 6044b653-4ba3-462e-b1d8-fff4097cca63:c12, 44446946-e2df-49b4-a08f-7c38e08da8da:c10]
2019-09-16 16:47:59,402 [grpc-default-executor-0] INFO  client.GrpcClientProtocolClient (GrpcClientProtocolClient.java:onNext(264)) - client-411C9E0252DD->211683d0-e7e4-43b3-9a19-c932c2e3e607: receive RaftClientReply:client-411C9E0252DD->211683d0-e7e4-43b3-9a19-c932c2e3e607@group-276A6773F05B, cid=56, SUCCESS, logIndex=0, commits[211683d0-e7e4-43b3-9a19-c932c2e3e607:c16, 6044b653-4ba3-462e-b1d8-fff4097cca63:c12, 44446946-e2df-49b4-a08f-7c38e08da8da:c12]
2019-09-16 16:47:59,864 [java.util.concurrent.ThreadPoolExecutor$Worker@67fb0c7c[State = -1, empty queue]] WARN  server.GrpcLogAppender (GrpcLogAppender.java:timeoutAppendRequest(200)) - d7db739d-8a5f-427c-bc0a-5603ac8ba161@group-9A9DF8BBBB07->22812086-b692-43a0-8348-44721a5a82d7-GrpcLogAppender: appendEntries Timeout, request=d7db739d-8a5f-427c-bc0a-5603ac8ba161->22812086-b692-43a0-8348-44721a5a82d7#100-t2, previous=(t:2, i:20), leaderCommit=16, initializing? false, entries: <empty>
2019-09-16 16:47:59,864 [java.util.concurrent.ThreadPoolExecutor$Worker@314b69f[State = -1, empty queue]] WARN  server.GrpcLogAppender (GrpcLogAppender.java:timeoutAppendRequest(200)) - d7db739d-8a5f-427c-bc0a-5603ac8ba161@group-9A9DF8BBBB07->37aba10a-6fc0-4836-82ce-0d66a20effe5-GrpcLogAppender: appendEntries Timeout, request=d7db739d-8a5f-427c-bc0a-5603ac8ba161->37aba10a-6fc0-4836-82ce-0d66a20effe5#100-t2, previous=(t:2, i:20), leaderCommit=16, initializing? false, entries: <empty>
2019-09-16 16:48:00,365 [java.util.concurrent.ThreadPoolExecutor$Worker@314b69f[State = -1, empty queue]] WARN  server.GrpcLogAppender (GrpcLogAppender.java:timeoutAppendRequest(200)) - d7db739d-8a5f-427c-bc0a-5603ac8ba161@group-9A9DF8BBBB07->37aba10a-6fc0-4836-82ce-0d66a20effe5-GrpcLogAppender: appendEntries Timeout, request=d7db739d-8a5f-427c-bc0a-5603ac8ba161->37aba10a-6fc0-4836-82ce-0d66a20effe5#101-t2, previous=(t:2, i:20), leaderCommit=16, initializing? false, entries: <empty>
2019-09-16 16:48:00,365 [java.util.concurrent.ThreadPoolExecutor$Worker@67fb0c7c[State = -1, empty queue]] WARN  server.GrpcLogAppender (GrpcLogAppender.java:timeoutAppendRequest(200)) - d7db739d-8a5f-427c-bc0a-5603ac8ba161@group-9A9DF8BBBB07->22812086-b692-43a0-8348-44721a5a82d7-GrpcLogAppender: appendEntries Timeout, request=d7db739d-8a5f-427c-bc0a-5603ac8ba161->22812086-b692-43a0-8348-44721a5a82d7#101-t2, previous=(t:2, i:20), leaderCommit=16, initializing? false, entries: <empty>
2019-09-16 16:48:00,866 [java.util.concurrent.ThreadPoolExecutor$Worker@314b69f[State = -1, empty queue]] WARN  server.GrpcLogAppender (GrpcLogAppender.java:timeoutAppendRequest(200)) - d7db739d-8a5f-427c-bc0a-5603ac8ba161@group-9A9DF8BBBB07->37aba10a-6fc0-4836-82ce-0d66a20effe5-GrpcLogAppender: appendEntries Timeout, request=d7db739d-8a5f-427c-bc0a-5603ac8ba161->37aba10a-6fc0-4836-82ce-0d66a20effe5#102-t2, previous=(t:2, i:20), leaderCommit=16, initializing? false, entries: <empty>
2019-09-16 16:48:00,866 [java.util.concurrent.ThreadPoolExecutor$Worker@67fb0c7c[State = -1, empty queue]] WARN  server.GrpcLogAppender (GrpcLogAppender.java:timeoutAppendRequest(200)) - d7db739d-8a5f-427c-bc0a-5603ac8ba161@group-9A9DF8BBBB07->22812086-b692-43a0-8348-44721a5a82d7-GrpcLogAppender: appendEntries Timeout, request=d7db739d-8a5f-427c-bc0a-5603ac8ba161->22812086-b692-43a0-8348-44721a5a82d7#102-t2, previous=(t:2, i:20), leaderCommit=16, initializing? false, entries: <empty>
2019-09-16 16:48:01,366 [java.util.concurrent.ThreadPoolExecutor$Worker@314b69f[State = -1, empty queue]] WARN  server.GrpcLogAppender (GrpcLogAppender.java:timeoutAppendRequest(200)) - d7db739d-8a5f-427c-bc0a-5603ac8ba161@group-9A9DF8BBBB07->37aba10a-6fc0-4836-82ce-0d66a20effe5-GrpcLogAppender: appendEntries Timeout, request=d7db739d-8a5f-427c-bc0a-5603ac8ba161->37aba10a-6fc0-4836-82ce-0d66a20effe5#103-t2, previous=(t:2, i:20), leaderCommit=16, initializing? false, entries: <empty>
2019-09-16 16:48:01,366 [java.util.concurrent.ThreadPoolExecutor$Worker@67fb0c7c[State = -1, empty queue]] WARN  server.GrpcLogAppender (GrpcLogAppender.java:timeoutAppendRequest(200)) - d7db739d-8a5f-427c-bc0a-5603ac8ba161@group-9A9DF8BBBB07->22812086-b692-43a0-8348-44721a5a82d7-GrpcLogAppender: appendEntries Timeout, request=d7db739d-8a5f-427c-bc0a-5603ac8ba161->22812086-b692-43a0-8348-44721a5a82d7#103-t2, previous=(t:2, i:20), leaderCommit=16, initializing? false, entries: <empty>
2019-09-16 16:48:01,867 [java.util.concurrent.ThreadPoolExecutor$Worker@314b69f[State = -1, empty queue]] WARN  server.GrpcLogAppender (GrpcLogAppender.java:timeoutAppendRequest(200)) - d7db739d-8a5f-427c-bc0a-5603ac8ba161@group-9A9DF8BBBB07->37aba10a-6fc0-4836-82ce-0d66a20effe5-GrpcLogAppender: appendEntries Timeout, request=d7db739d-8a5f-427c-bc0a-5603ac8ba161->37aba10a-6fc0-4836-82ce-0d66a20effe5#104-t2, previous=(t:2, i:20), leaderCommit=16, initializing? false, entries: <empty>
2019-09-16 16:48:01,867 [java.util.concurrent.ThreadPoolExecutor$Worker@67fb0c7c[State = -1, empty queue]] WARN  server.GrpcLogAppender (GrpcLogAppender.java:timeoutAppendRequest(200)) - d7db739d-8a5f-427c-bc0a-5603ac8ba161@group-9A9DF8BBBB07->22812086-b692-43a0-8348-44721a5a82d7-GrpcLogAppender: appendEntries Timeout, request=d7db739d-8a5f-427c-bc0a-5603ac8ba161->22812086-b692-43a0-8348-44721a5a82d7#104-t2, previous=(t:2, i:20), leaderCommit=16, initializing? false, entries: <empty>
2019-09-16 16:48:02,367 [java.util.concurrent.ThreadPoolExecutor$Worker@314b69f[State = -1, empty queue]] WARN  server.GrpcLogAppender (GrpcLogAppender.java:timeoutAppendRequest(200)) - d7db739d-8a5f-427c-bc0a-5603ac8ba161@group-9A9DF8BBBB07->37aba10a-6fc0-4836-82ce-0d66a20effe5-GrpcLogAppender: appendEntries Timeout, request=d7db739d-8a5f-427c-bc0a-5603ac8ba161->37aba10a-6fc0-4836-82ce-0d66a20effe5#105-t2, previous=(t:2, i:20), leaderCommit=16, initializing? false, entries: <empty>
2019-09-16 16:48:02,367 [java.util.concurrent.ThreadPoolExecutor$Worker@67fb0c7c[State = -1, empty queue]] WARN  server.GrpcLogAppender (GrpcLogAppender.java:timeoutAppendRequest(200)) - d7db739d-8a5f-427c-bc0a-5603ac8ba161@group-9A9DF8BBBB07->22812086-b692-43a0-8348-44721a5a82d7-GrpcLogAppender: appendEntries Timeout, request=d7db739d-8a5f-427c-bc0a-5603ac8ba161->22812086-b692-43a0-8348-44721a5a82d7#105-t2, previous=(t:2, i:20), leaderCommit=16, initializing? false, entries: <empty>
2019-09-16 16:48:02,424 [java.util.concurrent.ThreadPoolExecutor$Worker@6d91f422[State = -1, empty queue]] WARN  server.GrpcLogAppender (GrpcLogAppender.java:timeoutAppendRequest(200)) - 211683d0-e7e4-43b3-9a19-c932c2e3e607@group-276A6773F05B->44446946-e2df-49b4-a08f-7c38e08da8da-GrpcLogAppender: appendEntries Timeout, request=211683d0-e7e4-43b3-9a19-c932c2e3e607->44446946-e2df-49b4-a08f-7c38e08da8da#102-t3, previous=(t:3, i:16), leaderCommit=16, initializing? false, entries: size=1, first=(t:3, i:17), STATEMACHINELOGENTRY, client-411C9E0252DD, cid=57
2019-09-16 16:48:02,424 [java.util.concurrent.ThreadPoolExecutor$Worker@5ac63d4e[State = -1, empty queue]] WARN  server.GrpcLogAppender (GrpcLogAppender.java:timeoutAppendRequest(200)) - 211683d0-e7e4-43b3-9a19-c932c2e3e607@group-276A6773F05B->6044b653-4ba3-462e-b1d8-fff4097cca63-GrpcLogAppender: appendEntries Timeout, request=211683d0-e7e4-43b3-9a19-c932c2e3e607->6044b653-4ba3-462e-b1d8-fff4097cca63#102-t3, previous=(t:3, i:16), leaderCommit=16, initializing? false, entries: size=1, first=(t:3, i:17), STATEMACHINELOGENTRY, client-411C9E0252DD, cid=57
2019-09-16 16:48:02,424 [java.util.concurrent.ThreadPoolExecutor$Worker@6d91f422[State = -1, empty queue]] WARN  server.GrpcLogAppender (GrpcLogAppender.java:timeoutAppendRequest(200)) - 211683d0-e7e4-43b3-9a19-c932c2e3e607@group-276A6773F05B->44446946-e2df-49b4-a08f-7c38e08da8da-GrpcLogAppender: appendEntries Timeout, request=211683d0-e7e4-43b3-9a19-c932c2e3e607->44446946-e2df-49b4-a08f-7c38e08da8da#103-t3, previous=(t:3, i:17), leaderCommit=16, initializing? false, entries: size=1, first=(t:3, i:18), STATEMACHINELOGENTRY, client-411C9E0252DD, cid=58
2019-09-16 16:48:02,426 [java.util.concurrent.ThreadPoolExecutor$Worker@5ac63d4e[State = -1, empty queue]] WARN  server.GrpcLogAppender (GrpcLogAppender.java:timeoutAppendRequest(200)) - 211683d0-e7e4-43b3-9a19-c932c2e3e607@group-276A6773F05B->6044b653-4ba3-462e-b1d8-fff4097cca63-GrpcLogAppender: appendEntries Timeout, request=211683d0-e7e4-43b3-9a19-c932c2e3e607->6044b653-4ba3-462e-b1d8-fff4097cca63#103-t3, previous=(t:3, i:17), leaderCommit=16, initializing? false, entries: size=1, first=(t:3, i:18), STATEMACHINELOGENTRY, client-411C9E0252DD, cid=58
2019-09-16 16:48:02,428 [java.util.concurrent.ThreadPoolExecutor$Worker@6d91f422[State = -1, empty queue]] WARN  server.GrpcLogAppender (GrpcLogAppender.java:timeoutAppendRequest(200)) - 211683d0-e7e4-43b3-9a19-c932c2e3e607@group-276A6773F05B->44446946-e2df-49b4-a08f-7c38e08da8da-GrpcLogAppender: appendEntries Timeout, request=211683d0-e7e4-43b3-9a19-c932c2e3e607->44446946-e2df-49b4-a08f-7c38e08da8da#104-t3, previous=(t:3, i:18), leaderCommit=16, initializing? false, entries: size=1, first=(t:3, i:19), STATEMACHINELOGENTRY, client-411C9E0252DD, cid=59
2019-09-16 16:48:02,430 [java.util.concurrent.ThreadPoolExecutor$Worker@5ac63d4e[State = -1, empty queue]] WARN  server.GrpcLogAppender (GrpcLogAppender.java:timeoutAppendRequest(200)) - 211683d0-e7e4-43b3-9a19-c932c2e3e607@group-276A6773F05B->6044b653-4ba3-462e-b1d8-fff4097cca63-GrpcLogAppender: appendEntries Timeout, request=211683d0-e7e4-43b3-9a19-c932c2e3e607->6044b653-4ba3-462e-b1d8-fff4097cca63#104-t3, previous=(t:3, i:18), leaderCommit=16, initializing? false, entries: size=1, first=(t:3, i:19), STATEMACHINELOGENTRY, client-411C9E0252DD, cid=59
2019-09-16 16:48:02,432 [java.util.concurrent.ThreadPoolExecutor$Worker@6d91f422[State = -1, empty queue]] WARN  server.GrpcLogAppender (GrpcLogAppender.java:timeoutAppendRequest(200)) - 211683d0-e7e4-43b3-9a19-c932c2e3e607@group-276A6773F05B->44446946-e2df-49b4-a08f-7c38e08da8da-GrpcLogAppender: appendEntries Timeout, request=211683d0-e7e4-43b3-9a19-c932c2e3e607->44446946-e2df-49b4-a08f-7c38e08da8da#105-t3, previous=(t:3, i:19), leaderCommit=16, initializing? false, entries: size=1, first=(t:3, i:20), STATEMACHINELOGENTRY, client-411C9E0252DD, cid=60
2019-09-16 16:48:02,434 [java.util.concurrent.ThreadPoolExecutor$Worker@5ac63d4e[State = -1, empty queue]] WARN  server.GrpcLogAppender (GrpcLogAppender.java:timeoutAppendRequest(200)) - 211683d0-e7e4-43b3-9a19-c932c2e3e607@group-276A6773F05B->6044b653-4ba3-462e-b1d8-fff4097cca63-GrpcLogAppender: appendEntries Timeout, request=211683d0-e7e4-43b3-9a19-c932c2e3e607->6044b653-4ba3-462e-b1d8-fff4097cca63#105-t3, previous=(t:3, i:19), leaderCommit=16, initializing? false, entries: size=1, first=(t:3, i:20), STATEMACHINELOGENTRY, client-411C9E0252DD, cid=60
2019-09-16 16:48:02,867 [java.util.concurrent.ThreadPoolExecutor$Worker@67fb0c7c[State = -1, empty queue]] WARN  server.GrpcLogAppender (GrpcLogAppender.java:timeoutAppendRequest(200)) - d7db739d-8a5f-427c-bc0a-5603ac8ba161@group-9A9DF8BBBB07->22812086-b692-43a0-8348-44721a5a82d7-GrpcLogAppender: appendEntries Timeout, request=d7db739d-8a5f-427c-bc0a-5603ac8ba161->22812086-b692-43a0-8348-44721a5a82d7#106-t2, previous=(t:2, i:20), leaderCommit=16, initializing? false, entries: <empty>
2019-09-16 16:48:02,867 [java.util.concurrent.ThreadPoolExecutor$Worker@314b69f[State = -1, empty queue]] WARN  server.GrpcLogAppender (GrpcLogAppender.java:timeoutAppendRequest(200)) - d7db739d-8a5f-427c-bc0a-5603ac8ba161@group-9A9DF8BBBB07->37aba10a-6fc0-4836-82ce-0d66a20effe5-GrpcLogAppender: appendEntries Timeout, request=d7db739d-8a5f-427c-bc0a-5603ac8ba161->37aba10a-6fc0-4836-82ce-0d66a20effe5#106-t2, previous=(t:2, i:20), leaderCommit=16, initializing? false, entries: <empty>
2019-09-16 16:48:02,929 [java.util.concurrent.ThreadPoolExecutor$Worker@6d91f422[State = -1, empty queue]] WARN  server.GrpcLogAppender (GrpcLogAppender.java:timeoutAppendRequest(200)) - 211683d0-e7e4-43b3-9a19-c932c2e3e607@group-276A6773F05B->44446946-e2df-49b4-a08f-7c38e08da8da-GrpcLogAppender: appendEntries Timeout, request=211683d0-e7e4-43b3-9a19-c932c2e3e607->44446946-e2df-49b4-a08f-7c38e08da8da#106-t3, previous=(t:3, i:20), leaderCommit=16, initializing? false, entries: <empty>
2019-09-16 16:48:02,929 [java.util.concurrent.ThreadPoolExecutor$Worker@5ac63d4e[State = -1, empty queue]] WARN  server.GrpcLogAppender (GrpcLogAppender.java:timeoutAppendRequest(200)) - 211683d0-e7e4-43b3-9a19-c932c2e3e607@group-276A6773F05B->6044b653-4ba3-462e-b1d8-fff4097cca63-GrpcLogAppender: appendEntries Timeout, request=211683d0-e7e4-43b3-9a19-c932c2e3e607->6044b653-4ba3-462e-b1d8-fff4097cca63#106-t3, previous=(t:3, i:20), leaderCommit=16, initializing? false, entries: <empty>
2019-09-16 16:48:03,367 [java.util.concurrent.ThreadPoolExecutor$Worker@67fb0c7c[State = -1, empty queue]] WARN  server.GrpcLogAppender (GrpcLogAppender.java:timeoutAppendRequest(200)) - d7db739d-8a5f-427c-bc0a-5603ac8ba161@group-9A9DF8BBBB07->22812086-b692-43a0-8348-44721a5a82d7-GrpcLogAppender: appendEntries Timeout, request=d7db739d-8a5f-427c-bc0a-5603ac8ba161->22812086-b692-43a0-8348-44721a5a82d7#107-t2, previous=(t:2, i:20), leaderCommit=16, initializing? false, entries: <empty>
2019-09-16 16:48:03,367 [java.util.concurrent.ThreadPoolExecutor$Worker@314b69f[State = -1, empty queue]] WARN  server.GrpcLogAppender (GrpcLogAppender.java:timeoutAppendRequest(200)) - d7db739d-8a5f-427c-bc0a-5603ac8ba161@group-9A9DF8BBBB07->37aba10a-6fc0-4836-82ce-0d66a20effe5-GrpcLogAppender: appendEntries Timeout, request=d7db739d-8a5f-427c-bc0a-5603ac8ba161->37aba10a-6fc0-4836-82ce-0d66a20effe5#107-t2, previous=(t:2, i:20), leaderCommit=16, initializing? false, entries: <empty>
2019-09-16 16:48:03,429 [java.util.concurrent.ThreadPoolExecutor$Worker@6d91f422[State = -1, empty queue]] WARN  server.GrpcLogAppender (GrpcLogAppender.java:timeoutAppendRequest(200)) - 211683d0-e7e4-43b3-9a19-c932c2e3e607@group-276A6773F05B->44446946-e2df-49b4-a08f-7c38e08da8da-GrpcLogAppender: appendEntries Timeout, request=211683d0-e7e4-43b3-9a19-c932c2e3e607->44446946-e2df-49b4-a08f-7c38e08da8da#107-t3, previous=(t:3, i:20), leaderCommit=16, initializing? false, entries: <empty>
2019-09-16 16:48:03,429 [java.util.concurrent.ThreadPoolExecutor$Worker@5ac63d4e[State = -1, empty queue]] WARN  server.GrpcLogAppender (GrpcLogAppender.java:timeoutAppendRequest(200)) - 211683d0-e7e4-43b3-9a19-c932c2e3e607@group-276A6773F05B->6044b653-4ba3-462e-b1d8-fff4097cca63-GrpcLogAppender: appendEntries Timeout, request=211683d0-e7e4-43b3-9a19-c932c2e3e607->6044b653-4ba3-462e-b1d8-fff4097cca63#107-t3, previous=(t:3, i:20), leaderCommit=16, initializing? false, entries: <empty>
2019-09-16 16:48:03,868 [java.util.concurrent.ThreadPoolExecutor$Worker@67fb0c7c[State = -1, empty queue]] WARN  server.GrpcLogAppender (GrpcLogAppender.java:timeoutAppendRequest(200)) - d7db739d-8a5f-427c-bc0a-5603ac8ba161@group-9A9DF8BBBB07->22812086-b692-43a0-8348-44721a5a82d7-GrpcLogAppender: appendEntries Timeout, request=d7db739d-8a5f-427c-bc0a-5603ac8ba161->22812086-b692-43a0-8348-44721a5a82d7#108-t2, previous=(t:2, i:20), leaderCommit=16, initializing? false, entries: <empty>
2019-09-16 16:48:03,868 [java.util.concurrent.ThreadPoolExecutor$Worker@314b69f[State = -1, empty queue]] WARN  server.GrpcLogAppender (GrpcLogAppender.java:timeoutAppendRequest(200)) - d7db739d-8a5f-427c-bc0a-5603ac8ba161@group-9A9DF8BBBB07->37aba10a-6fc0-4836-82ce-0d66a20effe5-GrpcLogAppender: appendEntries Timeout, request=d7db739d-8a5f-427c-bc0a-5603ac8ba161->37aba10a-6fc0-4836-82ce-0d66a20effe5#108-t2, previous=(t:2, i:20), leaderCommit=16, initializing? false, entries: <empty>
2019-09-16 16:48:03,929 [java.util.concurrent.ThreadPoolExecutor$Worker@6d91f422[State = -1, empty queue]] WARN  server.GrpcLogAppender (GrpcLogAppender.java:timeoutAppendRequest(200)) - 211683d0-e7e4-43b3-9a19-c932c2e3e607@group-276A6773F05B->44446946-e2df-49b4-a08f-7c38e08da8da-GrpcLogAppender: appendEntries Timeout, request=211683d0-e7e4-43b3-9a19-c932c2e3e607->44446946-e2df-49b4-a08f-7c38e08da8da#108-t3, previous=(t:3, i:20), leaderCommit=16, initializing? false, entries: <empty>
2019-09-16 16:48:03,929 [java.util.concurrent.ThreadPoolExecutor$Worker@5ac63d4e[State = -1, empty queue]] WARN  server.GrpcLogAppender (GrpcLogAppender.java:timeoutAppendRequest(200)) - 211683d0-e7e4-43b3-9a19-c932c2e3e607@group-276A6773F05B->6044b653-4ba3-462e-b1d8-fff4097cca63-GrpcLogAppender: appendEntries Timeout, request=211683d0-e7e4-43b3-9a19-c932c2e3e607->6044b653-4ba3-462e-b1d8-fff4097cca63#108-t3, previous=(t:3, i:20), leaderCommit=16, initializing? false, entries: <empty>
2019-09-16 16:48:04,368 [java.util.concurrent.ThreadPoolExecutor$Worker@314b69f[State = -1, empty queue]] WARN  server.GrpcLogAppender (GrpcLogAppender.java:timeoutAppendRequest(200)) - d7db739d-8a5f-427c-bc0a-5603ac8ba161@group-9A9DF8BBBB07->37aba10a-6fc0-4836-82ce-0d66a20effe5-GrpcLogAppender: appendEntries Timeout, request=d7db739d-8a5f-427c-bc0a-5603ac8ba161->37aba10a-6fc0-4836-82ce-0d66a20effe5#109-t2, previous=(t:2, i:20), leaderCommit=16, initializing? false, entries: <empty>
2019-09-16 16:48:04,368 [java.util.concurrent.ThreadPoolExecutor$Worker@67fb0c7c[State = -1, empty queue]] WARN  server.GrpcLogAppender (GrpcLogAppender.java:timeoutAppendRequest(200)) - d7db739d-8a5f-427c-bc0a-5603ac8ba161@group-9A9DF8BBBB07->22812086-b692-43a0-8348-44721a5a82d7-GrpcLogAppender: appendEntries Timeout, request=d7db739d-8a5f-427c-bc0a-5603ac8ba161->22812086-b692-43a0-8348-44721a5a82d7#109-t2, previous=(t:2, i:20), leaderCommit=16, initializing? false, entries: <empty>
2019-09-16 16:48:04,429 [java.util.concurrent.ThreadPoolExecutor$Worker@6d91f422[State = -1, empty queue]] WARN  server.GrpcLogAppender (GrpcLogAppender.java:timeoutAppendRequest(200)) - 211683d0-e7e4-43b3-9a19-c932c2e3e607@group-276A6773F05B->44446946-e2df-49b4-a08f-7c38e08da8da-GrpcLogAppender: appendEntries Timeout, request=211683d0-e7e4-43b3-9a19-c932c2e3e607->44446946-e2df-49b4-a08f-7c38e08da8da#109-t3, previous=(t:3, i:20), leaderCommit=16, initializing? false, entries: <empty>
2019-09-16 16:48:04,429 [java.util.concurrent.ThreadPoolExecutor$Worker@5ac63d4e[State = -1, empty queue]] WARN  server.GrpcLogAppender (GrpcLogAppender.java:timeoutAppendRequest(200)) - 211683d0-e7e4-43b3-9a19-c932c2e3e607@group-276A6773F05B->6044b653-4ba3-462e-b1d8-fff4097cca63-GrpcLogAppender: appendEntries Timeout, request=211683d0-e7e4-43b3-9a19-c932c2e3e607->6044b653-4ba3-462e-b1d8-fff4097cca63#109-t3, previous=(t:3, i:20), leaderCommit=16, initializing? false, entries: <empty>
2019-09-16 16:48:04,455 [grpc-default-executor-1] INFO  client.GrpcClientProtocolClient (GrpcClientProtocolClient.java:onNext(264)) - client-411C9E0252DD->6044b653-4ba3-462e-b1d8-fff4097cca63: receive RaftClientReply:client-411C9E0252DD->6044b653-4ba3-462e-b1d8-fff4097cca63@group-276A6773F05B, cid=57, FAILED org.apache.ratis.protocol.NotLeaderException: Server 6044b653-4ba3-462e-b1d8-fff4097cca63@group-276A6773F05B is not the leader 211683d0-e7e4-43b3-9a19-c932c2e3e607:192.168.5.184:38618, logIndex=0, commits[6044b653-4ba3-462e-b1d8-fff4097cca63:c16, 211683d0-e7e4-43b3-9a19-c932c2e3e607:c16, 44446946-e2df-49b4-a08f-7c38e08da8da:c12]
2019-09-16 16:48:04,869 [java.util.concurrent.ThreadPoolExecutor$Worker@67fb0c7c[State = -1, empty queue]] WARN  server.GrpcLogAppender (GrpcLogAppender.java:timeoutAppendRequest(200)) - d7db739d-8a5f-427c-bc0a-5603ac8ba161@group-9A9DF8BBBB07->22812086-b692-43a0-8348-44721a5a82d7-GrpcLogAppender: appendEntries Timeout, request=d7db739d-8a5f-427c-bc0a-5603ac8ba161->22812086-b692-43a0-8348-44721a5a82d7#110-t2, previous=(t:2, i:20), leaderCommit=16, initializing? false, entries: <empty>
2019-09-16 16:48:04,869 [java.util.concurrent.ThreadPoolExecutor$Worker@314b69f[State = -1, empty queue]] WARN  server.GrpcLogAppender (GrpcLogAppender.java:timeoutAppendRequest(200)) - d7db739d-8a5f-427c-bc0a-5603ac8ba161@group-9A9DF8BBBB07->37aba10a-6fc0-4836-82ce-0d66a20effe5-GrpcLogAppender: appendEntries Timeout, request=d7db739d-8a5f-427c-bc0a-5603ac8ba161->37aba10a-6fc0-4836-82ce-0d66a20effe5#110-t2, previous=(t:2, i:20), leaderCommit=16, initializing? false, entries: <empty>
2019-09-16 16:48:04,930 [java.util.concurrent.ThreadPoolExecutor$Worker@6d91f422[State = -1, empty queue]] WARN  server.GrpcLogAppender (GrpcLogAppender.java:timeoutAppendRequest(200)) - 211683d0-e7e4-43b3-9a19-c932c2e3e607@group-276A6773F05B->44446946-e2df-49b4-a08f-7c38e08da8da-GrpcLogAppender: appendEntries Timeout, request=211683d0-e7e4-43b3-9a19-c932c2e3e607->44446946-e2df-49b4-a08f-7c38e08da8da#110-t3, previous=(t:3, i:20), leaderCommit=16, initializing? false, entries: <empty>
2019-09-16 16:48:04,930 [java.util.concurrent.ThreadPoolExecutor$Worker@5ac63d4e[State = -1, empty queue]] WARN  server.GrpcLogAppender (GrpcLogAppender.java:timeoutAppendRequest(200)) - 211683d0-e7e4-43b3-9a19-c932c2e3e607@group-276A6773F05B->6044b653-4ba3-462e-b1d8-fff4097cca63-GrpcLogAppender: appendEntries Timeout, request=211683d0-e7e4-43b3-9a19-c932c2e3e607->6044b653-4ba3-462e-b1d8-fff4097cca63#110-t3, previous=(t:3, i:20), leaderCommit=16, initializing? false, entries: <empty>
2019-09-16 16:48:05,312 [d7db739d-8a5f-427c-bc0a-5603ac8ba161@group-9A9DF8BBBB07-SegmentedRaftLogWorker] WARN  segmented.SegmentedRaftLogWorker (SegmentedRaftLogWorker.java:getFromFuture(90)) - Timeout 2/~
org.apache.ratis.protocol.TimeoutIOException: Timeout 10s: WriteLog:17: (t:2, i:17), STATEMACHINELOGENTRY, client-B863CA8D5873, cid=43-writeStateMachineData
	at org.apache.ratis.util.IOUtils.getFromFuture(IOUtils.java:87)
	at org.apache.ratis.server.raftlog.segmented.SegmentedRaftLogWorker$StateMachineDataPolicy.getFromFuture(SegmentedRaftLogWorker.java:87)
	at org.apache.ratis.server.raftlog.segmented.SegmentedRaftLogWorker$WriteLog.execute(SegmentedRaftLogWorker.java:477)
	at org.apache.ratis.server.raftlog.segmented.SegmentedRaftLogWorker.run(SegmentedRaftLogWorker.java:289)
	at java.lang.Thread.run(Thread.java:748)
Caused by: java.util.concurrent.TimeoutException
	at java.util.concurrent.CompletableFuture.timedGet(CompletableFuture.java:1771)
	at java.util.concurrent.CompletableFuture.get(CompletableFuture.java:1915)
	at org.apache.ratis.util.IOUtils.getFromFuture(IOUtils.java:79)
	... 4 more
2019-09-16 16:48:05,316 [22812086-b692-43a0-8348-44721a5a82d7@group-9A9DF8BBBB07-SegmentedRaftLogWorker] WARN  segmented.SegmentedRaftLogWorker (SegmentedRaftLogWorker.java:getFromFuture(90)) - Timeout 2/~
org.apache.ratis.protocol.TimeoutIOException: Timeout 10s: WriteLog:17: (t:2, i:17), STATEMACHINELOGENTRY, client-B863CA8D5873, cid=43-writeStateMachineData
	at org.apache.ratis.util.IOUtils.getFromFuture(IOUtils.java:87)
	at org.apache.ratis.server.raftlog.segmented.SegmentedRaftLogWorker$StateMachineDataPolicy.getFromFuture(SegmentedRaftLogWorker.java:87)
	at org.apache.ratis.server.raftlog.segmented.SegmentedRaftLogWorker$WriteLog.execute(SegmentedRaftLogWorker.java:477)
	at org.apache.ratis.server.raftlog.segmented.SegmentedRaftLogWorker.run(SegmentedRaftLogWorker.java:289)
	at java.lang.Thread.run(Thread.java:748)
Caused by: java.util.concurrent.TimeoutException
	at java.util.concurrent.CompletableFuture.timedGet(CompletableFuture.java:1771)
	at java.util.concurrent.CompletableFuture.get(CompletableFuture.java:1915)
	at org.apache.ratis.util.IOUtils.getFromFuture(IOUtils.java:79)
	... 4 more
2019-09-16 16:48:05,370 [java.util.concurrent.ThreadPoolExecutor$Worker@314b69f[State = -1, empty queue]] WARN  server.GrpcLogAppender (GrpcLogAppender.java:timeoutAppendRequest(200)) - d7db739d-8a5f-427c-bc0a-5603ac8ba161@group-9A9DF8BBBB07->37aba10a-6fc0-4836-82ce-0d66a20effe5-GrpcLogAppender: appendEntries Timeout, request=d7db739d-8a5f-427c-bc0a-5603ac8ba161->37aba10a-6fc0-4836-82ce-0d66a20effe5#111-t2, previous=(t:2, i:20), leaderCommit=16, initializing? false, entries: <empty>
2019-09-16 16:48:05,370 [java.util.concurrent.ThreadPoolExecutor$Worker@67fb0c7c[State = -1, empty queue]] WARN  server.GrpcLogAppender (GrpcLogAppender.java:timeoutAppendRequest(200)) - d7db739d-8a5f-427c-bc0a-5603ac8ba161@group-9A9DF8BBBB07->22812086-b692-43a0-8348-44721a5a82d7-GrpcLogAppender: appendEntries Timeout, request=d7db739d-8a5f-427c-bc0a-5603ac8ba161->22812086-b692-43a0-8348-44721a5a82d7#111-t2, previous=(t:2, i:20), leaderCommit=16, initializing? false, entries: <empty>
2019-09-16 16:48:05,430 [java.util.concurrent.ThreadPoolExecutor$Worker@6d91f422[State = -1, empty queue]] WARN  server.GrpcLogAppender (GrpcLogAppender.java:timeoutAppendRequest(200)) - 211683d0-e7e4-43b3-9a19-c932c2e3e607@group-276A6773F05B->44446946-e2df-49b4-a08f-7c38e08da8da-GrpcLogAppender: appendEntries Timeout, request=211683d0-e7e4-43b3-9a19-c932c2e3e607->44446946-e2df-49b4-a08f-7c38e08da8da#111-t3, previous=(t:3, i:20), leaderCommit=16, initializing? false, entries: <empty>
2019-09-16 16:48:05,430 [java.util.concurrent.ThreadPoolExecutor$Worker@5ac63d4e[State = -1, empty queue]] WARN  server.GrpcLogAppender (GrpcLogAppender.java:timeoutAppendRequest(200)) - 211683d0-e7e4-43b3-9a19-c932c2e3e607@group-276A6773F05B->6044b653-4ba3-462e-b1d8-fff4097cca63-GrpcLogAppender: appendEntries Timeout, request=211683d0-e7e4-43b3-9a19-c932c2e3e607->6044b653-4ba3-462e-b1d8-fff4097cca63#111-t3, previous=(t:3, i:20), leaderCommit=16, initializing? false, entries: <empty>
2019-09-16 16:48:05,621 [37aba10a-6fc0-4836-82ce-0d66a20effe5@group-9A9DF8BBBB07-SegmentedRaftLogWorker] WARN  segmented.SegmentedRaftLogWorker (SegmentedRaftLogWorker.java:getFromFuture(90)) - Timeout 2/~
org.apache.ratis.protocol.TimeoutIOException: Timeout 10s: WriteLog:19: (t:2, i:19), STATEMACHINELOGENTRY, client-B863CA8D5873, cid=45-writeStateMachineData
	at org.apache.ratis.util.IOUtils.getFromFuture(IOUtils.java:87)
	at org.apache.ratis.server.raftlog.segmented.SegmentedRaftLogWorker$StateMachineDataPolicy.getFromFuture(SegmentedRaftLogWorker.java:87)
	at org.apache.ratis.server.raftlog.segmented.SegmentedRaftLogWorker$WriteLog.execute(SegmentedRaftLogWorker.java:477)
	at org.apache.ratis.server.raftlog.segmented.SegmentedRaftLogWorker.run(SegmentedRaftLogWorker.java:289)
	at java.lang.Thread.run(Thread.java:748)
Caused by: java.util.concurrent.TimeoutException
	at java.util.concurrent.CompletableFuture.timedGet(CompletableFuture.java:1771)
	at java.util.concurrent.CompletableFuture.get(CompletableFuture.java:1915)
	at org.apache.ratis.util.IOUtils.getFromFuture(IOUtils.java:79)
	... 4 more
2019-09-16 16:48:05,875 [java.util.concurrent.ThreadPoolExecutor$Worker@314b69f[State = -1, empty queue]] WARN  server.GrpcLogAppender (GrpcLogAppender.java:timeoutAppendRequest(200)) - d7db739d-8a5f-427c-bc0a-5603ac8ba161@group-9A9DF8BBBB07->37aba10a-6fc0-4836-82ce-0d66a20effe5-GrpcLogAppender: appendEntries Timeout, request=d7db739d-8a5f-427c-bc0a-5603ac8ba161->37aba10a-6fc0-4836-82ce-0d66a20effe5#112-t2, previous=(t:2, i:20), leaderCommit=16, initializing? false, entries: <empty>
2019-09-16 16:48:05,875 [java.util.concurrent.ThreadPoolExecutor$Worker@67fb0c7c[State = -1, empty queue]] WARN  server.GrpcLogAppender (GrpcLogAppender.java:timeoutAppendRequest(200)) - d7db739d-8a5f-427c-bc0a-5603ac8ba161@group-9A9DF8BBBB07->22812086-b692-43a0-8348-44721a5a82d7-GrpcLogAppender: appendEntries Timeout, request=d7db739d-8a5f-427c-bc0a-5603ac8ba161->22812086-b692-43a0-8348-44721a5a82d7#112-t2, previous=(t:2, i:20), leaderCommit=16, initializing? false, entries: <empty>
2019-09-16 16:48:05,930 [java.util.concurrent.ThreadPoolExecutor$Worker@6d91f422[State = -1, empty queue]] WARN  server.GrpcLogAppender (GrpcLogAppender.java:timeoutAppendRequest(200)) - 211683d0-e7e4-43b3-9a19-c932c2e3e607@group-276A6773F05B->44446946-e2df-49b4-a08f-7c38e08da8da-GrpcLogAppender: appendEntries Timeout, request=211683d0-e7e4-43b3-9a19-c932c2e3e607->44446946-e2df-49b4-a08f-7c38e08da8da#112-t3, previous=(t:3, i:20), leaderCommit=16, initializing? false, entries: <empty>
2019-09-16 16:48:05,932 [java.util.concurrent.ThreadPoolExecutor$Worker@5ac63d4e[State = -1, empty queue]] WARN  server.GrpcLogAppender (GrpcLogAppender.java:timeoutAppendRequest(200)) - 211683d0-e7e4-43b3-9a19-c932c2e3e607@group-276A6773F05B->6044b653-4ba3-462e-b1d8-fff4097cca63-GrpcLogAppender: appendEntries Timeout, request=211683d0-e7e4-43b3-9a19-c932c2e3e607->6044b653-4ba3-462e-b1d8-fff4097cca63#112-t3, previous=(t:3, i:20), leaderCommit=16, initializing? false, entries: <empty>
2019-09-16 16:48:06,246 [b1d373fd-82f2-45f9-929a-b8d8660dbeb2@group-651FE1B6B3BB-SegmentedRaftLogWorker] WARN  segmented.SegmentedRaftLogWorker (SegmentedRaftLogWorker.java:getFromFuture(90)) - Timeout 4/~
org.apache.ratis.protocol.TimeoutIOException: Timeout 10s: WriteLog:17: (t:1, i:17), STATEMACHINELOGENTRY, client-AC4080E834B7, cid=29-writeStateMachineData
	at org.apache.ratis.util.IOUtils.getFromFuture(IOUtils.java:87)
	at org.apache.ratis.server.raftlog.segmented.SegmentedRaftLogWorker$StateMachineDataPolicy.getFromFuture(SegmentedRaftLogWorker.java:87)
	at org.apache.ratis.server.raftlog.segmented.SegmentedRaftLogWorker$WriteLog.execute(SegmentedRaftLogWorker.java:477)
	at org.apache.ratis.server.raftlog.segmented.SegmentedRaftLogWorker.run(SegmentedRaftLogWorker.java:289)
	at java.lang.Thread.run(Thread.java:748)
Caused by: java.util.concurrent.TimeoutException
	at java.util.concurrent.CompletableFuture.timedGet(CompletableFuture.java:1771)
	at java.util.concurrent.CompletableFuture.get(CompletableFuture.java:1915)
	at org.apache.ratis.util.IOUtils.getFromFuture(IOUtils.java:79)
	... 4 more
2019-09-16 16:48:06,376 [java.util.concurrent.ThreadPoolExecutor$Worker@314b69f[State = -1, empty queue]] WARN  server.GrpcLogAppender (GrpcLogAppender.java:timeoutAppendRequest(200)) - d7db739d-8a5f-427c-bc0a-5603ac8ba161@group-9A9DF8BBBB07->37aba10a-6fc0-4836-82ce-0d66a20effe5-GrpcLogAppender: appendEntries Timeout, request=d7db739d-8a5f-427c-bc0a-5603ac8ba161->37aba10a-6fc0-4836-82ce-0d66a20effe5#113-t2, previous=(t:2, i:20), leaderCommit=16, initializing? false, entries: <empty>
2019-09-16 16:48:06,376 [java.util.concurrent.ThreadPoolExecutor$Worker@67fb0c7c[State = -1, empty queue]] WARN  server.GrpcLogAppender (GrpcLogAppender.java:timeoutAppendRequest(200)) - d7db739d-8a5f-427c-bc0a-5603ac8ba161@group-9A9DF8BBBB07->22812086-b692-43a0-8348-44721a5a82d7-GrpcLogAppender: appendEntries Timeout, request=d7db739d-8a5f-427c-bc0a-5603ac8ba161->22812086-b692-43a0-8348-44721a5a82d7#113-t2, previous=(t:2, i:20), leaderCommit=16, initializing? false, entries: <empty>
2019-09-16 16:48:06,433 [java.util.concurrent.ThreadPoolExecutor$Worker@5ac63d4e[State = -1, empty queue]] WARN  server.GrpcLogAppender (GrpcLogAppender.java:timeoutAppendRequest(200)) - 211683d0-e7e4-43b3-9a19-c932c2e3e607@group-276A6773F05B->6044b653-4ba3-462e-b1d8-fff4097cca63-GrpcLogAppender: appendEntries Timeout, request=211683d0-e7e4-43b3-9a19-c932c2e3e607->6044b653-4ba3-462e-b1d8-fff4097cca63#113-t3, previous=(t:3, i:20), leaderCommit=16, initializing? false, entries: <empty>
2019-09-16 16:48:06,433 [java.util.concurrent.ThreadPoolExecutor$Worker@6d91f422[State = -1, empty queue]] WARN  server.GrpcLogAppender (GrpcLogAppender.java:timeoutAppendRequest(200)) - 211683d0-e7e4-43b3-9a19-c932c2e3e607@group-276A6773F05B->44446946-e2df-49b4-a08f-7c38e08da8da-GrpcLogAppender: appendEntries Timeout, request=211683d0-e7e4-43b3-9a19-c932c2e3e607->44446946-e2df-49b4-a08f-7c38e08da8da#113-t3, previous=(t:3, i:20), leaderCommit=16, initializing? false, entries: <empty>
2019-09-16 16:48:06,440 [f1ea936a-1aa4-4b4f-a193-5108e1c15289@group-651FE1B6B3BB-SegmentedRaftLogWorker] WARN  segmented.SegmentedRaftLogWorker (SegmentedRaftLogWorker.java:getFromFuture(90)) - Timeout 4/~
org.apache.ratis.protocol.TimeoutIOException: Timeout 10s: WriteLog:19: (t:1, i:19), STATEMACHINELOGENTRY, client-AC4080E834B7, cid=31-writeStateMachineData
	at org.apache.ratis.util.IOUtils.getFromFuture(IOUtils.java:87)
	at org.apache.ratis.server.raftlog.segmented.SegmentedRaftLogWorker$StateMachineDataPolicy.getFromFuture(SegmentedRaftLogWorker.java:87)
	at org.apache.ratis.server.raftlog.segmented.SegmentedRaftLogWorker$WriteLog.execute(SegmentedRaftLogWorker.java:477)
	at org.apache.ratis.server.raftlog.segmented.SegmentedRaftLogWorker.run(SegmentedRaftLogWorker.java:289)
	at java.lang.Thread.run(Thread.java:748)
Caused by: java.util.concurrent.TimeoutException
	at java.util.concurrent.CompletableFuture.timedGet(CompletableFuture.java:1771)
	at java.util.concurrent.CompletableFuture.get(CompletableFuture.java:1915)
	at org.apache.ratis.util.IOUtils.getFromFuture(IOUtils.java:79)
	... 4 more
2019-09-16 16:48:06,876 [java.util.concurrent.ThreadPoolExecutor$Worker@314b69f[State = -1, empty queue]] WARN  server.GrpcLogAppender (GrpcLogAppender.java:timeoutAppendRequest(200)) - d7db739d-8a5f-427c-bc0a-5603ac8ba161@group-9A9DF8BBBB07->37aba10a-6fc0-4836-82ce-0d66a20effe5-GrpcLogAppender: appendEntries Timeout, request=d7db739d-8a5f-427c-bc0a-5603ac8ba161->37aba10a-6fc0-4836-82ce-0d66a20effe5#114-t2, previous=(t:2, i:20), leaderCommit=16, initializing? false, entries: <empty>
2019-09-16 16:48:06,876 [java.util.concurrent.ThreadPoolExecutor$Worker@67fb0c7c[State = -1, empty queue]] WARN  server.GrpcLogAppender (GrpcLogAppender.java:timeoutAppendRequest(200)) - d7db739d-8a5f-427c-bc0a-5603ac8ba161@group-9A9DF8BBBB07->22812086-b692-43a0-8348-44721a5a82d7-GrpcLogAppender: appendEntries Timeout, request=d7db739d-8a5f-427c-bc0a-5603ac8ba161->22812086-b692-43a0-8348-44721a5a82d7#114-t2, previous=(t:2, i:20), leaderCommit=16, initializing? false, entries: <empty>
2019-09-16 16:48:06,933 [java.util.concurrent.ThreadPoolExecutor$Worker@5ac63d4e[State = -1, empty queue]] WARN  server.GrpcLogAppender (GrpcLogAppender.java:timeoutAppendRequest(200)) - 211683d0-e7e4-43b3-9a19-c932c2e3e607@group-276A6773F05B->6044b653-4ba3-462e-b1d8-fff4097cca63-GrpcLogAppender: appendEntries Timeout, request=211683d0-e7e4-43b3-9a19-c932c2e3e607->6044b653-4ba3-462e-b1d8-fff4097cca63#114-t3, previous=(t:3, i:20), leaderCommit=16, initializing? false, entries: <empty>
2019-09-16 16:48:06,933 [java.util.concurrent.ThreadPoolExecutor$Worker@6d91f422[State = -1, empty queue]] WARN  server.GrpcLogAppender (GrpcLogAppender.java:timeoutAppendRequest(200)) - 211683d0-e7e4-43b3-9a19-c932c2e3e607@group-276A6773F05B->44446946-e2df-49b4-a08f-7c38e08da8da-GrpcLogAppender: appendEntries Timeout, request=211683d0-e7e4-43b3-9a19-c932c2e3e607->44446946-e2df-49b4-a08f-7c38e08da8da#114-t3, previous=(t:3, i:20), leaderCommit=16, initializing? false, entries: <empty>
2019-09-16 16:48:07,376 [java.util.concurrent.ThreadPoolExecutor$Worker@314b69f[State = -1, empty queue]] WARN  server.GrpcLogAppender (GrpcLogAppender.java:timeoutAppendRequest(200)) - d7db739d-8a5f-427c-bc0a-5603ac8ba161@group-9A9DF8BBBB07->37aba10a-6fc0-4836-82ce-0d66a20effe5-GrpcLogAppender: appendEntries Timeout, request=d7db739d-8a5f-427c-bc0a-5603ac8ba161->37aba10a-6fc0-4836-82ce-0d66a20effe5#115-t2, previous=(t:2, i:20), leaderCommit=16, initializing? false, entries: <empty>
2019-09-16 16:48:07,376 [java.util.concurrent.ThreadPoolExecutor$Worker@67fb0c7c[State = -1, empty queue]] WARN  server.GrpcLogAppender (GrpcLogAppender.java:timeoutAppendRequest(200)) - d7db739d-8a5f-427c-bc0a-5603ac8ba161@group-9A9DF8BBBB07->22812086-b692-43a0-8348-44721a5a82d7-GrpcLogAppender: appendEntries Timeout, request=d7db739d-8a5f-427c-bc0a-5603ac8ba161->22812086-b692-43a0-8348-44721a5a82d7#115-t2, previous=(t:2, i:20), leaderCommit=16, initializing? false, entries: <empty>
2019-09-16 16:48:07,434 [java.util.concurrent.ThreadPoolExecutor$Worker@5ac63d4e[State = -1, empty queue]] WARN  server.GrpcLogAppender (GrpcLogAppender.java:timeoutAppendRequest(200)) - 211683d0-e7e4-43b3-9a19-c932c2e3e607@group-276A6773F05B->6044b653-4ba3-462e-b1d8-fff4097cca63-GrpcLogAppender: appendEntries Timeout, request=211683d0-e7e4-43b3-9a19-c932c2e3e607->6044b653-4ba3-462e-b1d8-fff4097cca63#115-t3, previous=(t:3, i:20), leaderCommit=16, initializing? false, entries: <empty>
2019-09-16 16:48:07,434 [java.util.concurrent.ThreadPoolExecutor$Worker@6d91f422[State = -1, empty queue]] WARN  server.GrpcLogAppender (GrpcLogAppender.java:timeoutAppendRequest(200)) - 211683d0-e7e4-43b3-9a19-c932c2e3e607@group-276A6773F05B->44446946-e2df-49b4-a08f-7c38e08da8da-GrpcLogAppender: appendEntries Timeout, request=211683d0-e7e4-43b3-9a19-c932c2e3e607->44446946-e2df-49b4-a08f-7c38e08da8da#115-t3, previous=(t:3, i:20), leaderCommit=16, initializing? false, entries: <empty>
2019-09-16 16:48:07,876 [java.util.concurrent.ThreadPoolExecutor$Worker@67fb0c7c[State = -1, empty queue]] WARN  server.GrpcLogAppender (GrpcLogAppender.java:timeoutAppendRequest(200)) - d7db739d-8a5f-427c-bc0a-5603ac8ba161@group-9A9DF8BBBB07->22812086-b692-43a0-8348-44721a5a82d7-GrpcLogAppender: appendEntries Timeout, request=d7db739d-8a5f-427c-bc0a-5603ac8ba161->22812086-b692-43a0-8348-44721a5a82d7#116-t2, previous=(t:2, i:20), leaderCommit=16, initializing? false, entries: <empty>
2019-09-16 16:48:07,876 [java.util.concurrent.ThreadPoolExecutor$Worker@314b69f[State = -1, empty queue]] WARN  server.GrpcLogAppender (GrpcLogAppender.java:timeoutAppendRequest(200)) - d7db739d-8a5f-427c-bc0a-5603ac8ba161@group-9A9DF8BBBB07->37aba10a-6fc0-4836-82ce-0d66a20effe5-GrpcLogAppender: appendEntries Timeout, request=d7db739d-8a5f-427c-bc0a-5603ac8ba161->37aba10a-6fc0-4836-82ce-0d66a20effe5#116-t2, previous=(t:2, i:20), leaderCommit=16, initializing? false, entries: <empty>
2019-09-16 16:48:07,934 [java.util.concurrent.ThreadPoolExecutor$Worker@6d91f422[State = -1, empty queue]] WARN  server.GrpcLogAppender (GrpcLogAppender.java:timeoutAppendRequest(200)) - 211683d0-e7e4-43b3-9a19-c932c2e3e607@group-276A6773F05B->44446946-e2df-49b4-a08f-7c38e08da8da-GrpcLogAppender: appendEntries Timeout, request=211683d0-e7e4-43b3-9a19-c932c2e3e607->44446946-e2df-49b4-a08f-7c38e08da8da#116-t3, previous=(t:3, i:20), leaderCommit=16, initializing? false, entries: <empty>
2019-09-16 16:48:07,934 [java.util.concurrent.ThreadPoolExecutor$Worker@5ac63d4e[State = -1, empty queue]] WARN  server.GrpcLogAppender (GrpcLogAppender.java:timeoutAppendRequest(200)) - 211683d0-e7e4-43b3-9a19-c932c2e3e607@group-276A6773F05B->6044b653-4ba3-462e-b1d8-fff4097cca63-GrpcLogAppender: appendEntries Timeout, request=211683d0-e7e4-43b3-9a19-c932c2e3e607->6044b653-4ba3-462e-b1d8-fff4097cca63#116-t3, previous=(t:3, i:20), leaderCommit=16, initializing? false, entries: <empty>
2019-09-16 16:48:08,377 [java.util.concurrent.ThreadPoolExecutor$Worker@314b69f[State = -1, empty queue]] WARN  server.GrpcLogAppender (GrpcLogAppender.java:timeoutAppendRequest(200)) - d7db739d-8a5f-427c-bc0a-5603ac8ba161@group-9A9DF8BBBB07->37aba10a-6fc0-4836-82ce-0d66a20effe5-GrpcLogAppender: appendEntries Timeout, request=d7db739d-8a5f-427c-bc0a-5603ac8ba161->37aba10a-6fc0-4836-82ce-0d66a20effe5#117-t2, previous=(t:2, i:20), leaderCommit=16, initializing? false, entries: <empty>
2019-09-16 16:48:08,377 [java.util.concurrent.ThreadPoolExecutor$Worker@67fb0c7c[State = -1, empty queue]] WARN  server.GrpcLogAppender (GrpcLogAppender.java:timeoutAppendRequest(200)) - d7db739d-8a5f-427c-bc0a-5603ac8ba161@group-9A9DF8BBBB07->22812086-b692-43a0-8348-44721a5a82d7-GrpcLogAppender: appendEntries Timeout, request=d7db739d-8a5f-427c-bc0a-5603ac8ba161->22812086-b692-43a0-8348-44721a5a82d7#117-t2, previous=(t:2, i:20), leaderCommit=16, initializing? false, entries: <empty>
2019-09-16 16:48:08,434 [java.util.concurrent.ThreadPoolExecutor$Worker@5ac63d4e[State = -1, empty queue]] WARN  server.GrpcLogAppender (GrpcLogAppender.java:timeoutAppendRequest(200)) - 211683d0-e7e4-43b3-9a19-c932c2e3e607@group-276A6773F05B->6044b653-4ba3-462e-b1d8-fff4097cca63-GrpcLogAppender: appendEntries Timeout, request=211683d0-e7e4-43b3-9a19-c932c2e3e607->6044b653-4ba3-462e-b1d8-fff4097cca63#117-t3, previous=(t:3, i:20), leaderCommit=16, initializing? false, entries: <empty>
2019-09-16 16:48:08,434 [java.util.concurrent.ThreadPoolExecutor$Worker@6d91f422[State = -1, empty queue]] WARN  server.GrpcLogAppender (GrpcLogAppender.java:timeoutAppendRequest(200)) - 211683d0-e7e4-43b3-9a19-c932c2e3e607@group-276A6773F05B->44446946-e2df-49b4-a08f-7c38e08da8da-GrpcLogAppender: appendEntries Timeout, request=211683d0-e7e4-43b3-9a19-c932c2e3e607->44446946-e2df-49b4-a08f-7c38e08da8da#117-t3, previous=(t:3, i:20), leaderCommit=16, initializing? false, entries: <empty>
2019-09-16 16:48:08,877 [java.util.concurrent.ThreadPoolExecutor$Worker@67fb0c7c[State = -1, empty queue]] WARN  server.GrpcLogAppender (GrpcLogAppender.java:timeoutAppendRequest(200)) - d7db739d-8a5f-427c-bc0a-5603ac8ba161@group-9A9DF8BBBB07->22812086-b692-43a0-8348-44721a5a82d7-GrpcLogAppender: appendEntries Timeout, request=d7db739d-8a5f-427c-bc0a-5603ac8ba161->22812086-b692-43a0-8348-44721a5a82d7#118-t2, previous=(t:2, i:20), leaderCommit=16, initializing? false, entries: <empty>
2019-09-16 16:48:08,877 [java.util.concurrent.ThreadPoolExecutor$Worker@314b69f[State = -1, empty queue]] WARN  server.GrpcLogAppender (GrpcLogAppender.java:timeoutAppendRequest(200)) - d7db739d-8a5f-427c-bc0a-5603ac8ba161@group-9A9DF8BBBB07->37aba10a-6fc0-4836-82ce-0d66a20effe5-GrpcLogAppender: appendEntries Timeout, request=d7db739d-8a5f-427c-bc0a-5603ac8ba161->37aba10a-6fc0-4836-82ce-0d66a20effe5#118-t2, previous=(t:2, i:20), leaderCommit=16, initializing? false, entries: <empty>
2019-09-16 16:48:08,934 [java.util.concurrent.ThreadPoolExecutor$Worker@5ac63d4e[State = -1, empty queue]] WARN  server.GrpcLogAppender (GrpcLogAppender.java:timeoutAppendRequest(200)) - 211683d0-e7e4-43b3-9a19-c932c2e3e607@group-276A6773F05B->6044b653-4ba3-462e-b1d8-fff4097cca63-GrpcLogAppender: appendEntries Timeout, request=211683d0-e7e4-43b3-9a19-c932c2e3e607->6044b653-4ba3-462e-b1d8-fff4097cca63#118-t3, previous=(t:3, i:20), leaderCommit=16, initializing? false, entries: <empty>
2019-09-16 16:48:08,934 [java.util.concurrent.ThreadPoolExecutor$Worker@6d91f422[State = -1, empty queue]] WARN  server.GrpcLogAppender (GrpcLogAppender.java:timeoutAppendRequest(200)) - 211683d0-e7e4-43b3-9a19-c932c2e3e607@group-276A6773F05B->44446946-e2df-49b4-a08f-7c38e08da8da-GrpcLogAppender: appendEntries Timeout, request=211683d0-e7e4-43b3-9a19-c932c2e3e607->44446946-e2df-49b4-a08f-7c38e08da8da#118-t3, previous=(t:3, i:20), leaderCommit=16, initializing? false, entries: <empty>
2019-09-16 16:48:09,377 [java.util.concurrent.ThreadPoolExecutor$Worker@67fb0c7c[State = -1, empty queue]] WARN  server.GrpcLogAppender (GrpcLogAppender.java:timeoutAppendRequest(200)) - d7db739d-8a5f-427c-bc0a-5603ac8ba161@group-9A9DF8BBBB07->22812086-b692-43a0-8348-44721a5a82d7-GrpcLogAppender: appendEntries Timeout, request=d7db739d-8a5f-427c-bc0a-5603ac8ba161->22812086-b692-43a0-8348-44721a5a82d7#119-t2, previous=(t:2, i:20), leaderCommit=16, initializing? false, entries: <empty>
2019-09-16 16:48:09,377 [java.util.concurrent.ThreadPoolExecutor$Worker@314b69f[State = -1, empty queue]] WARN  server.GrpcLogAppender (GrpcLogAppender.java:timeoutAppendRequest(200)) - d7db739d-8a5f-427c-bc0a-5603ac8ba161@group-9A9DF8BBBB07->37aba10a-6fc0-4836-82ce-0d66a20effe5-GrpcLogAppender: appendEntries Timeout, request=d7db739d-8a5f-427c-bc0a-5603ac8ba161->37aba10a-6fc0-4836-82ce-0d66a20effe5#119-t2, previous=(t:2, i:20), leaderCommit=16, initializing? false, entries: <empty>
2019-09-16 16:48:09,423 [211683d0-e7e4-43b3-9a19-c932c2e3e607@group-276A6773F05B-SegmentedRaftLogWorker] WARN  segmented.SegmentedRaftLogWorker (SegmentedRaftLogWorker.java:getFromFuture(90)) - Timeout 0/~
org.apache.ratis.protocol.TimeoutIOException: Timeout 10s: WriteLog:17: (t:3, i:17), STATEMACHINELOGENTRY, client-411C9E0252DD, cid=57-writeStateMachineData
	at org.apache.ratis.util.IOUtils.getFromFuture(IOUtils.java:87)
	at org.apache.ratis.server.raftlog.segmented.SegmentedRaftLogWorker$StateMachineDataPolicy.getFromFuture(SegmentedRaftLogWorker.java:87)
	at org.apache.ratis.server.raftlog.segmented.SegmentedRaftLogWorker$WriteLog.execute(SegmentedRaftLogWorker.java:477)
	at org.apache.ratis.server.raftlog.segmented.SegmentedRaftLogWorker.run(SegmentedRaftLogWorker.java:289)
	at java.lang.Thread.run(Thread.java:748)
Caused by: java.util.concurrent.TimeoutException
	at java.util.concurrent.CompletableFuture.timedGet(CompletableFuture.java:1771)
	at java.util.concurrent.CompletableFuture.get(CompletableFuture.java:1915)
	at org.apache.ratis.util.IOUtils.getFromFuture(IOUtils.java:79)
	... 4 more
2019-09-16 16:48:09,428 [44446946-e2df-49b4-a08f-7c38e08da8da@group-276A6773F05B-SegmentedRaftLogWorker] WARN  segmented.SegmentedRaftLogWorker (SegmentedRaftLogWorker.java:getFromFuture(90)) - Timeout 0/~
org.apache.ratis.protocol.TimeoutIOException: Timeout 10s: WriteLog:17: (t:3, i:17), STATEMACHINELOGENTRY, client-411C9E0252DD, cid=57-writeStateMachineData
	at org.apache.ratis.util.IOUtils.getFromFuture(IOUtils.java:87)
	at org.apache.ratis.server.raftlog.segmented.SegmentedRaftLogWorker$StateMachineDataPolicy.getFromFuture(SegmentedRaftLogWorker.java:87)
	at org.apache.ratis.server.raftlog.segmented.SegmentedRaftLogWorker$WriteLog.execute(SegmentedRaftLogWorker.java:477)
	at org.apache.ratis.server.raftlog.segmented.SegmentedRaftLogWorker.run(SegmentedRaftLogWorker.java:289)
	at java.lang.Thread.run(Thread.java:748)
Caused by: java.util.concurrent.TimeoutException
	at java.util.concurrent.CompletableFuture.timedGet(CompletableFuture.java:1771)
	at java.util.concurrent.CompletableFuture.get(CompletableFuture.java:1915)
	at org.apache.ratis.util.IOUtils.getFromFuture(IOUtils.java:79)
	... 4 more
2019-09-16 16:48:09,428 [6044b653-4ba3-462e-b1d8-fff4097cca63@group-276A6773F05B-SegmentedRaftLogWorker] WARN  segmented.SegmentedRaftLogWorker (SegmentedRaftLogWorker.java:getFromFuture(90)) - Timeout 0/~
org.apache.ratis.protocol.TimeoutIOException: Timeout 10s: WriteLog:17: (t:3, i:17), STATEMACHINELOGENTRY, client-411C9E0252DD, cid=57-writeStateMachineData
	at org.apache.ratis.util.IOUtils.getFromFuture(IOUtils.java:87)
	at org.apache.ratis.server.raftlog.segmented.SegmentedRaftLogWorker$StateMachineDataPolicy.getFromFuture(SegmentedRaftLogWorker.java:87)
	at org.apache.ratis.server.raftlog.segmented.SegmentedRaftLogWorker$WriteLog.execute(SegmentedRaftLogWorker.java:477)
	at org.apache.ratis.server.raftlog.segmented.SegmentedRaftLogWorker.run(SegmentedRaftLogWorker.java:289)
	at java.lang.Thread.run(Thread.java:748)
Caused by: java.util.concurrent.TimeoutException
	at java.util.concurrent.CompletableFuture.timedGet(CompletableFuture.java:1771)
	at java.util.concurrent.CompletableFuture.get(CompletableFuture.java:1915)
	at org.apache.ratis.util.IOUtils.getFromFuture(IOUtils.java:79)
	... 4 more
2019-09-16 16:48:09,434 [java.util.concurrent.ThreadPoolExecutor$Worker@6d91f422[State = -1, empty queue]] WARN  server.GrpcLogAppender (GrpcLogAppender.java:timeoutAppendRequest(200)) - 211683d0-e7e4-43b3-9a19-c932c2e3e607@group-276A6773F05B->44446946-e2df-49b4-a08f-7c38e08da8da-GrpcLogAppender: appendEntries Timeout, request=211683d0-e7e4-43b3-9a19-c932c2e3e607->44446946-e2df-49b4-a08f-7c38e08da8da#119-t3, previous=(t:3, i:20), leaderCommit=16, initializing? false, entries: <empty>
2019-09-16 16:48:09,435 [java.util.concurrent.ThreadPoolExecutor$Worker@5ac63d4e[State = -1, empty queue]] WARN  server.GrpcLogAppender (GrpcLogAppender.java:timeoutAppendRequest(200)) - 211683d0-e7e4-43b3-9a19-c932c2e3e607@group-276A6773F05B->6044b653-4ba3-462e-b1d8-fff4097cca63-GrpcLogAppender: appendEntries Timeout, request=211683d0-e7e4-43b3-9a19-c932c2e3e607->6044b653-4ba3-462e-b1d8-fff4097cca63#119-t3, previous=(t:3, i:20), leaderCommit=16, initializing? false, entries: <empty>
2019-09-16 16:48:09,498 [grpc-default-executor-1] INFO  client.GrpcClientProtocolClient (GrpcClientProtocolClient.java:onNext(264)) - client-411C9E0252DD->6044b653-4ba3-462e-b1d8-fff4097cca63: receive RaftClientReply:client-411C9E0252DD->6044b653-4ba3-462e-b1d8-fff4097cca63@group-276A6773F05B, cid=57, FAILED org.apache.ratis.protocol.NotLeaderException: Server 6044b653-4ba3-462e-b1d8-fff4097cca63@group-276A6773F05B is not the leader 211683d0-e7e4-43b3-9a19-c932c2e3e607:192.168.5.184:38618, logIndex=0, commits[6044b653-4ba3-462e-b1d8-fff4097cca63:c16, 211683d0-e7e4-43b3-9a19-c932c2e3e607:c16, 44446946-e2df-49b4-a08f-7c38e08da8da:c12]
2019-09-16 16:48:09,878 [java.util.concurrent.ThreadPoolExecutor$Worker@67fb0c7c[State = -1, empty queue]] WARN  server.GrpcLogAppender (GrpcLogAppender.java:timeoutAppendRequest(200)) - d7db739d-8a5f-427c-bc0a-5603ac8ba161@group-9A9DF8BBBB07->22812086-b692-43a0-8348-44721a5a82d7-GrpcLogAppender: appendEntries Timeout, request=d7db739d-8a5f-427c-bc0a-5603ac8ba161->22812086-b692-43a0-8348-44721a5a82d7#120-t2, previous=(t:2, i:20), leaderCommit=16, initializing? false, entries: <empty>
2019-09-16 16:48:09,878 [java.util.concurrent.ThreadPoolExecutor$Worker@314b69f[State = -1, empty queue]] WARN  server.GrpcLogAppender (GrpcLogAppender.java:timeoutAppendRequest(200)) - d7db739d-8a5f-427c-bc0a-5603ac8ba161@group-9A9DF8BBBB07->37aba10a-6fc0-4836-82ce-0d66a20effe5-GrpcLogAppender: appendEntries Timeout, request=d7db739d-8a5f-427c-bc0a-5603ac8ba161->37aba10a-6fc0-4836-82ce-0d66a20effe5#120-t2, previous=(t:2, i:20), leaderCommit=16, initializing? false, entries: <empty>
2019-09-16 16:48:09,935 [java.util.concurrent.ThreadPoolExecutor$Worker@5ac63d4e[State = -1, empty queue]] WARN  server.GrpcLogAppender (GrpcLogAppender.java:timeoutAppendRequest(200)) - 211683d0-e7e4-43b3-9a19-c932c2e3e607@group-276A6773F05B->6044b653-4ba3-462e-b1d8-fff4097cca63-GrpcLogAppender: appendEntries Timeout, request=211683d0-e7e4-43b3-9a19-c932c2e3e607->6044b653-4ba3-462e-b1d8-fff4097cca63#120-t3, previous=(t:3, i:20), leaderCommit=16, initializing? false, entries: <empty>
2019-09-16 16:48:09,935 [java.util.concurrent.ThreadPoolExecutor$Worker@6d91f422[State = -1, empty queue]] WARN  server.GrpcLogAppender (GrpcLogAppender.java:timeoutAppendRequest(200)) - 211683d0-e7e4-43b3-9a19-c932c2e3e607@group-276A6773F05B->44446946-e2df-49b4-a08f-7c38e08da8da-GrpcLogAppender: appendEntries Timeout, request=211683d0-e7e4-43b3-9a19-c932c2e3e607->44446946-e2df-49b4-a08f-7c38e08da8da#120-t3, previous=(t:3, i:20), leaderCommit=16, initializing? false, entries: <empty>
2019-09-16 16:48:10,378 [java.util.concurrent.ThreadPoolExecutor$Worker@314b69f[State = -1, empty queue]] WARN  server.GrpcLogAppender (GrpcLogAppender.java:timeoutAppendRequest(200)) - d7db739d-8a5f-427c-bc0a-5603ac8ba161@group-9A9DF8BBBB07->37aba10a-6fc0-4836-82ce-0d66a20effe5-GrpcLogAppender: appendEntries Timeout, request=d7db739d-8a5f-427c-bc0a-5603ac8ba161->37aba10a-6fc0-4836-82ce-0d66a20effe5#121-t2, previous=(t:2, i:20), leaderCommit=16, initializing? false, entries: <empty>
2019-09-16 16:48:10,378 [java.util.concurrent.ThreadPoolExecutor$Worker@67fb0c7c[State = -1, empty queue]] WARN  server.GrpcLogAppender (GrpcLogAppender.java:timeoutAppendRequest(200)) - d7db739d-8a5f-427c-bc0a-5603ac8ba161@group-9A9DF8BBBB07->22812086-b692-43a0-8348-44721a5a82d7-GrpcLogAppender: appendEntries Timeout, request=d7db739d-8a5f-427c-bc0a-5603ac8ba161->22812086-b692-43a0-8348-44721a5a82d7#121-t2, previous=(t:2, i:20), leaderCommit=16, initializing? false, entries: <empty>
2019-09-16 16:48:10,435 [java.util.concurrent.ThreadPoolExecutor$Worker@6d91f422[State = -1, empty queue]] WARN  server.GrpcLogAppender (GrpcLogAppender.java:timeoutAppendRequest(200)) - 211683d0-e7e4-43b3-9a19-c932c2e3e607@group-276A6773F05B->44446946-e2df-49b4-a08f-7c38e08da8da-GrpcLogAppender: appendEntries Timeout, request=211683d0-e7e4-43b3-9a19-c932c2e3e607->44446946-e2df-49b4-a08f-7c38e08da8da#121-t3, previous=(t:3, i:20), leaderCommit=16, initializing? false, entries: <empty>
2019-09-16 16:48:10,435 [java.util.concurrent.ThreadPoolExecutor$Worker@5ac63d4e[State = -1, empty queue]] WARN  server.GrpcLogAppender (GrpcLogAppender.java:timeoutAppendRequest(200)) - 211683d0-e7e4-43b3-9a19-c932c2e3e607@group-276A6773F05B->6044b653-4ba3-462e-b1d8-fff4097cca63-GrpcLogAppender: appendEntries Timeout, request=211683d0-e7e4-43b3-9a19-c932c2e3e607->6044b653-4ba3-462e-b1d8-fff4097cca63#121-t3, previous=(t:3, i:20), leaderCommit=16, initializing? false, entries: <empty>
2019-09-16 16:48:10,878 [java.util.concurrent.ThreadPoolExecutor$Worker@67fb0c7c[State = -1, empty queue]] WARN  server.GrpcLogAppender (GrpcLogAppender.java:timeoutAppendRequest(200)) - d7db739d-8a5f-427c-bc0a-5603ac8ba161@group-9A9DF8BBBB07->22812086-b692-43a0-8348-44721a5a82d7-GrpcLogAppender: appendEntries Timeout, request=d7db739d-8a5f-427c-bc0a-5603ac8ba161->22812086-b692-43a0-8348-44721a5a82d7#122-t2, previous=(t:2, i:20), leaderCommit=16, initializing? false, entries: <empty>
2019-09-16 16:48:10,878 [java.util.concurrent.ThreadPoolExecutor$Worker@314b69f[State = -1, empty queue]] WARN  server.GrpcLogAppender (GrpcLogAppender.java:timeoutAppendRequest(200)) - d7db739d-8a5f-427c-bc0a-5603ac8ba161@group-9A9DF8BBBB07->37aba10a-6fc0-4836-82ce-0d66a20effe5-GrpcLogAppender: appendEntries Timeout, request=d7db739d-8a5f-427c-bc0a-5603ac8ba161->37aba10a-6fc0-4836-82ce-0d66a20effe5#122-t2, previous=(t:2, i:20), leaderCommit=16, initializing? false, entries: <empty>
2019-09-16 16:48:10,935 [java.util.concurrent.ThreadPoolExecutor$Worker@5ac63d4e[State = -1, empty queue]] WARN  server.GrpcLogAppender (GrpcLogAppender.java:timeoutAppendRequest(200)) - 211683d0-e7e4-43b3-9a19-c932c2e3e607@group-276A6773F05B->6044b653-4ba3-462e-b1d8-fff4097cca63-GrpcLogAppender: appendEntries Timeout, request=211683d0-e7e4-43b3-9a19-c932c2e3e607->6044b653-4ba3-462e-b1d8-fff4097cca63#122-t3, previous=(t:3, i:20), leaderCommit=16, initializing? false, entries: <empty>
2019-09-16 16:48:10,935 [java.util.concurrent.ThreadPoolExecutor$Worker@6d91f422[State = -1, empty queue]] WARN  server.GrpcLogAppender (GrpcLogAppender.java:timeoutAppendRequest(200)) - 211683d0-e7e4-43b3-9a19-c932c2e3e607@group-276A6773F05B->44446946-e2df-49b4-a08f-7c38e08da8da-GrpcLogAppender: appendEntries Timeout, request=211683d0-e7e4-43b3-9a19-c932c2e3e607->44446946-e2df-49b4-a08f-7c38e08da8da#122-t3, previous=(t:3, i:20), leaderCommit=16, initializing? false, entries: <empty>
2019-09-16 16:48:11,378 [java.util.concurrent.ThreadPoolExecutor$Worker@314b69f[State = -1, empty queue]] WARN  server.GrpcLogAppender (GrpcLogAppender.java:timeoutAppendRequest(200)) - d7db739d-8a5f-427c-bc0a-5603ac8ba161@group-9A9DF8BBBB07->37aba10a-6fc0-4836-82ce-0d66a20effe5-GrpcLogAppender: appendEntries Timeout, request=d7db739d-8a5f-427c-bc0a-5603ac8ba161->37aba10a-6fc0-4836-82ce-0d66a20effe5#123-t2, previous=(t:2, i:20), leaderCommit=16, initializing? false, entries: <empty>
2019-09-16 16:48:11,378 [java.util.concurrent.ThreadPoolExecutor$Worker@67fb0c7c[State = -1, empty queue]] WARN  server.GrpcLogAppender (GrpcLogAppender.java:timeoutAppendRequest(200)) - d7db739d-8a5f-427c-bc0a-5603ac8ba161@group-9A9DF8BBBB07->22812086-b692-43a0-8348-44721a5a82d7-GrpcLogAppender: appendEntries Timeout, request=d7db739d-8a5f-427c-bc0a-5603ac8ba161->22812086-b692-43a0-8348-44721a5a82d7#123-t2, previous=(t:2, i:20), leaderCommit=16, initializing? false, entries: <empty>
2019-09-16 16:48:11,435 [java.util.concurrent.ThreadPoolExecutor$Worker@6d91f422[State = -1, empty queue]] WARN  server.GrpcLogAppender (GrpcLogAppender.java:timeoutAppendRequest(200)) - 211683d0-e7e4-43b3-9a19-c932c2e3e607@group-276A6773F05B->44446946-e2df-49b4-a08f-7c38e08da8da-GrpcLogAppender: appendEntries Timeout, request=211683d0-e7e4-43b3-9a19-c932c2e3e607->44446946-e2df-49b4-a08f-7c38e08da8da#123-t3, previous=(t:3, i:20), leaderCommit=16, initializing? false, entries: <empty>
2019-09-16 16:48:11,435 [java.util.concurrent.ThreadPoolExecutor$Worker@5ac63d4e[State = -1, empty queue]] WARN  server.GrpcLogAppender (GrpcLogAppender.java:timeoutAppendRequest(200)) - 211683d0-e7e4-43b3-9a19-c932c2e3e607@group-276A6773F05B->6044b653-4ba3-462e-b1d8-fff4097cca63-GrpcLogAppender: appendEntries Timeout, request=211683d0-e7e4-43b3-9a19-c932c2e3e607->6044b653-4ba3-462e-b1d8-fff4097cca63#123-t3, previous=(t:3, i:20), leaderCommit=16, initializing? false, entries: <empty>
2019-09-16 16:48:11,879 [java.util.concurrent.ThreadPoolExecutor$Worker@67fb0c7c[State = -1, empty queue]] WARN  server.GrpcLogAppender (GrpcLogAppender.java:timeoutAppendRequest(200)) - d7db739d-8a5f-427c-bc0a-5603ac8ba161@group-9A9DF8BBBB07->22812086-b692-43a0-8348-44721a5a82d7-GrpcLogAppender: appendEntries Timeout, request=d7db739d-8a5f-427c-bc0a-5603ac8ba161->22812086-b692-43a0-8348-44721a5a82d7#124-t2, previous=(t:2, i:20), leaderCommit=16, initializing? false, entries: <empty>
2019-09-16 16:48:11,879 [java.util.concurrent.ThreadPoolExecutor$Worker@314b69f[State = -1, empty queue]] WARN  server.GrpcLogAppender (GrpcLogAppender.java:timeoutAppendRequest(200)) - d7db739d-8a5f-427c-bc0a-5603ac8ba161@group-9A9DF8BBBB07->37aba10a-6fc0-4836-82ce-0d66a20effe5-GrpcLogAppender: appendEntries Timeout, request=d7db739d-8a5f-427c-bc0a-5603ac8ba161->37aba10a-6fc0-4836-82ce-0d66a20effe5#124-t2, previous=(t:2, i:20), leaderCommit=16, initializing? false, entries: <empty>
2019-09-16 16:48:11,936 [java.util.concurrent.ThreadPoolExecutor$Worker@6d91f422[State = -1, empty queue]] WARN  server.GrpcLogAppender (GrpcLogAppender.java:timeoutAppendRequest(200)) - 211683d0-e7e4-43b3-9a19-c932c2e3e607@group-276A6773F05B->44446946-e2df-49b4-a08f-7c38e08da8da-GrpcLogAppender: appendEntries Timeout, request=211683d0-e7e4-43b3-9a19-c932c2e3e607->44446946-e2df-49b4-a08f-7c38e08da8da#124-t3, previous=(t:3, i:20), leaderCommit=16, initializing? false, entries: <empty>
2019-09-16 16:48:11,936 [java.util.concurrent.ThreadPoolExecutor$Worker@5ac63d4e[State = -1, empty queue]] WARN  server.GrpcLogAppender (GrpcLogAppender.java:timeoutAppendRequest(200)) - 211683d0-e7e4-43b3-9a19-c932c2e3e607@group-276A6773F05B->6044b653-4ba3-462e-b1d8-fff4097cca63-GrpcLogAppender: appendEntries Timeout, request=211683d0-e7e4-43b3-9a19-c932c2e3e607->6044b653-4ba3-462e-b1d8-fff4097cca63#124-t3, previous=(t:3, i:20), leaderCommit=16, initializing? false, entries: <empty>
2019-09-16 16:48:12,379 [java.util.concurrent.ThreadPoolExecutor$Worker@314b69f[State = -1, empty queue]] WARN  server.GrpcLogAppender (GrpcLogAppender.java:timeoutAppendRequest(200)) - d7db739d-8a5f-427c-bc0a-5603ac8ba161@group-9A9DF8BBBB07->37aba10a-6fc0-4836-82ce-0d66a20effe5-GrpcLogAppender: appendEntries Timeout, request=d7db739d-8a5f-427c-bc0a-5603ac8ba161->37aba10a-6fc0-4836-82ce-0d66a20effe5#125-t2, previous=(t:2, i:20), leaderCommit=16, initializing? false, entries: <empty>
2019-09-16 16:48:12,379 [java.util.concurrent.ThreadPoolExecutor$Worker@67fb0c7c[State = -1, empty queue]] WARN  server.GrpcLogAppender (GrpcLogAppender.java:timeoutAppendRequest(200)) - d7db739d-8a5f-427c-bc0a-5603ac8ba161@group-9A9DF8BBBB07->22812086-b692-43a0-8348-44721a5a82d7-GrpcLogAppender: appendEntries Timeout, request=d7db739d-8a5f-427c-bc0a-5603ac8ba161->22812086-b692-43a0-8348-44721a5a82d7#125-t2, previous=(t:2, i:20), leaderCommit=16, initializing? false, entries: <empty>
2019-09-16 16:48:12,436 [java.util.concurrent.ThreadPoolExecutor$Worker@5ac63d4e[State = -1, empty queue]] WARN  server.GrpcLogAppender (GrpcLogAppender.java:timeoutAppendRequest(200)) - 211683d0-e7e4-43b3-9a19-c932c2e3e607@group-276A6773F05B->6044b653-4ba3-462e-b1d8-fff4097cca63-GrpcLogAppender: appendEntries Timeout, request=211683d0-e7e4-43b3-9a19-c932c2e3e607->6044b653-4ba3-462e-b1d8-fff4097cca63#125-t3, previous=(t:3, i:20), leaderCommit=16, initializing? false, entries: <empty>
2019-09-16 16:48:12,436 [java.util.concurrent.ThreadPoolExecutor$Worker@6d91f422[State = -1, empty queue]] WARN  server.GrpcLogAppender (GrpcLogAppender.java:timeoutAppendRequest(200)) - 211683d0-e7e4-43b3-9a19-c932c2e3e607@group-276A6773F05B->44446946-e2df-49b4-a08f-7c38e08da8da-GrpcLogAppender: appendEntries Timeout, request=211683d0-e7e4-43b3-9a19-c932c2e3e607->44446946-e2df-49b4-a08f-7c38e08da8da#125-t3, previous=(t:3, i:20), leaderCommit=16, initializing? false, entries: <empty>
2019-09-16 16:48:12,882 [java.util.concurrent.ThreadPoolExecutor$Worker@67fb0c7c[State = -1, empty queue]] WARN  server.GrpcLogAppender (GrpcLogAppender.java:timeoutAppendRequest(200)) - d7db739d-8a5f-427c-bc0a-5603ac8ba161@group-9A9DF8BBBB07->22812086-b692-43a0-8348-44721a5a82d7-GrpcLogAppender: appendEntries Timeout, request=d7db739d-8a5f-427c-bc0a-5603ac8ba161->22812086-b692-43a0-8348-44721a5a82d7#126-t2, previous=(t:2, i:20), leaderCommit=16, initializing? false, entries: <empty>
2019-09-16 16:48:12,882 [java.util.concurrent.ThreadPoolExecutor$Worker@314b69f[State = -1, empty queue]] WARN  server.GrpcLogAppender (GrpcLogAppender.java:timeoutAppendRequest(200)) - d7db739d-8a5f-427c-bc0a-5603ac8ba161@group-9A9DF8BBBB07->37aba10a-6fc0-4836-82ce-0d66a20effe5-GrpcLogAppender: appendEntries Timeout, request=d7db739d-8a5f-427c-bc0a-5603ac8ba161->37aba10a-6fc0-4836-82ce-0d66a20effe5#126-t2, previous=(t:2, i:20), leaderCommit=16, initializing? false, entries: <empty>
2019-09-16 16:48:12,936 [java.util.concurrent.ThreadPoolExecutor$Worker@5ac63d4e[State = -1, empty queue]] WARN  server.GrpcLogAppender (GrpcLogAppender.java:timeoutAppendRequest(200)) - 211683d0-e7e4-43b3-9a19-c932c2e3e607@group-276A6773F05B->6044b653-4ba3-462e-b1d8-fff4097cca63-GrpcLogAppender: appendEntries Timeout, request=211683d0-e7e4-43b3-9a19-c932c2e3e607->6044b653-4ba3-462e-b1d8-fff4097cca63#126-t3, previous=(t:3, i:20), leaderCommit=16, initializing? false, entries: <empty>
2019-09-16 16:48:12,936 [java.util.concurrent.ThreadPoolExecutor$Worker@6d91f422[State = -1, empty queue]] WARN  server.GrpcLogAppender (GrpcLogAppender.java:timeoutAppendRequest(200)) - 211683d0-e7e4-43b3-9a19-c932c2e3e607@group-276A6773F05B->44446946-e2df-49b4-a08f-7c38e08da8da-GrpcLogAppender: appendEntries Timeout, request=211683d0-e7e4-43b3-9a19-c932c2e3e607->44446946-e2df-49b4-a08f-7c38e08da8da#126-t3, previous=(t:3, i:20), leaderCommit=16, initializing? false, entries: <empty>
2019-09-16 16:48:13,382 [java.util.concurrent.ThreadPoolExecutor$Worker@314b69f[State = -1, empty queue]] WARN  server.GrpcLogAppender (GrpcLogAppender.java:timeoutAppendRequest(200)) - d7db739d-8a5f-427c-bc0a-5603ac8ba161@group-9A9DF8BBBB07->37aba10a-6fc0-4836-82ce-0d66a20effe5-GrpcLogAppender: appendEntries Timeout, request=d7db739d-8a5f-427c-bc0a-5603ac8ba161->37aba10a-6fc0-4836-82ce-0d66a20effe5#127-t2, previous=(t:2, i:20), leaderCommit=16, initializing? false, entries: <empty>
2019-09-16 16:48:13,382 [java.util.concurrent.ThreadPoolExecutor$Worker@67fb0c7c[State = -1, empty queue]] WARN  server.GrpcLogAppender (GrpcLogAppender.java:timeoutAppendRequest(200)) - d7db739d-8a5f-427c-bc0a-5603ac8ba161@group-9A9DF8BBBB07->22812086-b692-43a0-8348-44721a5a82d7-GrpcLogAppender: appendEntries Timeout, request=d7db739d-8a5f-427c-bc0a-5603ac8ba161->22812086-b692-43a0-8348-44721a5a82d7#127-t2, previous=(t:2, i:20), leaderCommit=16, initializing? false, entries: <empty>
2019-09-16 16:48:13,437 [java.util.concurrent.ThreadPoolExecutor$Worker@6d91f422[State = -1, empty queue]] WARN  server.GrpcLogAppender (GrpcLogAppender.java:timeoutAppendRequest(200)) - 211683d0-e7e4-43b3-9a19-c932c2e3e607@group-276A6773F05B->44446946-e2df-49b4-a08f-7c38e08da8da-GrpcLogAppender: appendEntries Timeout, request=211683d0-e7e4-43b3-9a19-c932c2e3e607->44446946-e2df-49b4-a08f-7c38e08da8da#127-t3, previous=(t:3, i:20), leaderCommit=16, initializing? false, entries: <empty>
2019-09-16 16:48:13,437 [java.util.concurrent.ThreadPoolExecutor$Worker@5ac63d4e[State = -1, empty queue]] WARN  server.GrpcLogAppender (GrpcLogAppender.java:timeoutAppendRequest(200)) - 211683d0-e7e4-43b3-9a19-c932c2e3e607@group-276A6773F05B->6044b653-4ba3-462e-b1d8-fff4097cca63-GrpcLogAppender: appendEntries Timeout, request=211683d0-e7e4-43b3-9a19-c932c2e3e607->6044b653-4ba3-462e-b1d8-fff4097cca63#127-t3, previous=(t:3, i:20), leaderCommit=16, initializing? false, entries: <empty>
2019-09-16 16:48:13,882 [java.util.concurrent.ThreadPoolExecutor$Worker@314b69f[State = -1, empty queue]] WARN  server.GrpcLogAppender (GrpcLogAppender.java:timeoutAppendRequest(200)) - d7db739d-8a5f-427c-bc0a-5603ac8ba161@group-9A9DF8BBBB07->37aba10a-6fc0-4836-82ce-0d66a20effe5-GrpcLogAppender: appendEntries Timeout, request=d7db739d-8a5f-427c-bc0a-5603ac8ba161->37aba10a-6fc0-4836-82ce-0d66a20effe5#128-t2, previous=(t:2, i:20), leaderCommit=16, initializing? false, entries: <empty>
2019-09-16 16:48:13,882 [java.util.concurrent.ThreadPoolExecutor$Worker@67fb0c7c[State = -1, empty queue]] WARN  server.GrpcLogAppender (GrpcLogAppender.java:timeoutAppendRequest(200)) - d7db739d-8a5f-427c-bc0a-5603ac8ba161@group-9A9DF8BBBB07->22812086-b692-43a0-8348-44721a5a82d7-GrpcLogAppender: appendEntries Timeout, request=d7db739d-8a5f-427c-bc0a-5603ac8ba161->22812086-b692-43a0-8348-44721a5a82d7#128-t2, previous=(t:2, i:20), leaderCommit=16, initializing? false, entries: <empty>
2019-09-16 16:48:13,937 [java.util.concurrent.ThreadPoolExecutor$Worker@5ac63d4e[State = -1, empty queue]] WARN  server.GrpcLogAppender (GrpcLogAppender.java:timeoutAppendRequest(200)) - 211683d0-e7e4-43b3-9a19-c932c2e3e607@group-276A6773F05B->6044b653-4ba3-462e-b1d8-fff4097cca63-GrpcLogAppender: appendEntries Timeout, request=211683d0-e7e4-43b3-9a19-c932c2e3e607->6044b653-4ba3-462e-b1d8-fff4097cca63#128-t3, previous=(t:3, i:20), leaderCommit=16, initializing? false, entries: <empty>
2019-09-16 16:48:13,937 [java.util.concurrent.ThreadPoolExecutor$Worker@6d91f422[State = -1, empty queue]] WARN  server.GrpcLogAppender (GrpcLogAppender.java:timeoutAppendRequest(200)) - 211683d0-e7e4-43b3-9a19-c932c2e3e607@group-276A6773F05B->44446946-e2df-49b4-a08f-7c38e08da8da-GrpcLogAppender: appendEntries Timeout, request=211683d0-e7e4-43b3-9a19-c932c2e3e607->44446946-e2df-49b4-a08f-7c38e08da8da#128-t3, previous=(t:3, i:20), leaderCommit=16, initializing? false, entries: <empty>
2019-09-16 16:48:14,383 [java.util.concurrent.ThreadPoolExecutor$Worker@314b69f[State = -1, empty queue]] WARN  server.GrpcLogAppender (GrpcLogAppender.java:timeoutAppendRequest(200)) - d7db739d-8a5f-427c-bc0a-5603ac8ba161@group-9A9DF8BBBB07->37aba10a-6fc0-4836-82ce-0d66a20effe5-GrpcLogAppender: appendEntries Timeout, request=d7db739d-8a5f-427c-bc0a-5603ac8ba161->37aba10a-6fc0-4836-82ce-0d66a20effe5#129-t2, previous=(t:2, i:20), leaderCommit=16, initializing? false, entries: <empty>
2019-09-16 16:48:14,383 [java.util.concurrent.ThreadPoolExecutor$Worker@67fb0c7c[State = -1, empty queue]] WARN  server.GrpcLogAppender (GrpcLogAppender.java:timeoutAppendRequest(200)) - d7db739d-8a5f-427c-bc0a-5603ac8ba161@group-9A9DF8BBBB07->22812086-b692-43a0-8348-44721a5a82d7-GrpcLogAppender: appendEntries Timeout, request=d7db739d-8a5f-427c-bc0a-5603ac8ba161->22812086-b692-43a0-8348-44721a5a82d7#129-t2, previous=(t:2, i:20), leaderCommit=16, initializing? false, entries: <empty>
2019-09-16 16:48:14,437 [java.util.concurrent.ThreadPoolExecutor$Worker@6d91f422[State = -1, empty queue]] WARN  server.GrpcLogAppender (GrpcLogAppender.java:timeoutAppendRequest(200)) - 211683d0-e7e4-43b3-9a19-c932c2e3e607@group-276A6773F05B->44446946-e2df-49b4-a08f-7c38e08da8da-GrpcLogAppender: appendEntries Timeout, request=211683d0-e7e4-43b3-9a19-c932c2e3e607->44446946-e2df-49b4-a08f-7c38e08da8da#129-t3, previous=(t:3, i:20), leaderCommit=16, initializing? false, entries: <empty>
2019-09-16 16:48:14,437 [java.util.concurrent.ThreadPoolExecutor$Worker@5ac63d4e[State = -1, empty queue]] WARN  server.GrpcLogAppender (GrpcLogAppender.java:timeoutAppendRequest(200)) - 211683d0-e7e4-43b3-9a19-c932c2e3e607@group-276A6773F05B->6044b653-4ba3-462e-b1d8-fff4097cca63-GrpcLogAppender: appendEntries Timeout, request=211683d0-e7e4-43b3-9a19-c932c2e3e607->6044b653-4ba3-462e-b1d8-fff4097cca63#129-t3, previous=(t:3, i:20), leaderCommit=16, initializing? false, entries: <empty>
2019-09-16 16:48:14,564 [grpc-default-executor-2] INFO  client.GrpcClientProtocolClient (GrpcClientProtocolClient.java:onNext(264)) - client-411C9E0252DD->6044b653-4ba3-462e-b1d8-fff4097cca63: receive RaftClientReply:client-411C9E0252DD->6044b653-4ba3-462e-b1d8-fff4097cca63@group-276A6773F05B, cid=57, FAILED org.apache.ratis.protocol.NotLeaderException: Server 6044b653-4ba3-462e-b1d8-fff4097cca63@group-276A6773F05B is not the leader 211683d0-e7e4-43b3-9a19-c932c2e3e607:192.168.5.184:38618, logIndex=0, commits[6044b653-4ba3-462e-b1d8-fff4097cca63:c16, 211683d0-e7e4-43b3-9a19-c932c2e3e607:c16, 44446946-e2df-49b4-a08f-7c38e08da8da:c12]
2019-09-16 16:48:14,884 [java.util.concurrent.ThreadPoolExecutor$Worker@67fb0c7c[State = -1, empty queue]] WARN  server.GrpcLogAppender (GrpcLogAppender.java:timeoutAppendRequest(200)) - d7db739d-8a5f-427c-bc0a-5603ac8ba161@group-9A9DF8BBBB07->22812086-b692-43a0-8348-44721a5a82d7-GrpcLogAppender: appendEntries Timeout, request=d7db739d-8a5f-427c-bc0a-5603ac8ba161->22812086-b692-43a0-8348-44721a5a82d7#130-t2, previous=(t:2, i:20), leaderCommit=16, initializing? false, entries: <empty>
2019-09-16 16:48:14,884 [java.util.concurrent.ThreadPoolExecutor$Worker@314b69f[State = -1, empty queue]] WARN  server.GrpcLogAppender (GrpcLogAppender.java:timeoutAppendRequest(200)) - d7db739d-8a5f-427c-bc0a-5603ac8ba161@group-9A9DF8BBBB07->37aba10a-6fc0-4836-82ce-0d66a20effe5-GrpcLogAppender: appendEntries Timeout, request=d7db739d-8a5f-427c-bc0a-5603ac8ba161->37aba10a-6fc0-4836-82ce-0d66a20effe5#130-t2, previous=(t:2, i:20), leaderCommit=16, initializing? false, entries: <empty>
2019-09-16 16:48:14,937 [java.util.concurrent.ThreadPoolExecutor$Worker@6d91f422[State = -1, empty queue]] WARN  server.GrpcLogAppender (GrpcLogAppender.java:timeoutAppendRequest(200)) - 211683d0-e7e4-43b3-9a19-c932c2e3e607@group-276A6773F05B->44446946-e2df-49b4-a08f-7c38e08da8da-GrpcLogAppender: appendEntries Timeout, request=211683d0-e7e4-43b3-9a19-c932c2e3e607->44446946-e2df-49b4-a08f-7c38e08da8da#130-t3, previous=(t:3, i:20), leaderCommit=16, initializing? false, entries: <empty>
2019-09-16 16:48:14,937 [java.util.concurrent.ThreadPoolExecutor$Worker@5ac63d4e[State = -1, empty queue]] WARN  server.GrpcLogAppender (GrpcLogAppender.java:timeoutAppendRequest(200)) - 211683d0-e7e4-43b3-9a19-c932c2e3e607@group-276A6773F05B->6044b653-4ba3-462e-b1d8-fff4097cca63-GrpcLogAppender: appendEntries Timeout, request=211683d0-e7e4-43b3-9a19-c932c2e3e607->6044b653-4ba3-462e-b1d8-fff4097cca63#130-t3, previous=(t:3, i:20), leaderCommit=16, initializing? false, entries: <empty>
2019-09-16 16:48:15,313 [d7db739d-8a5f-427c-bc0a-5603ac8ba161@group-9A9DF8BBBB07-SegmentedRaftLogWorker] WARN  segmented.SegmentedRaftLogWorker (SegmentedRaftLogWorker.java:getFromFuture(90)) - Timeout 3/~
org.apache.ratis.protocol.TimeoutIOException: Timeout 10s: WriteLog:17: (t:2, i:17), STATEMACHINELOGENTRY, client-B863CA8D5873, cid=43-writeStateMachineData
	at org.apache.ratis.util.IOUtils.getFromFuture(IOUtils.java:87)
	at org.apache.ratis.server.raftlog.segmented.SegmentedRaftLogWorker$StateMachineDataPolicy.getFromFuture(SegmentedRaftLogWorker.java:87)
	at org.apache.ratis.server.raftlog.segmented.SegmentedRaftLogWorker$WriteLog.execute(SegmentedRaftLogWorker.java:477)
	at org.apache.ratis.server.raftlog.segmented.SegmentedRaftLogWorker.run(SegmentedRaftLogWorker.java:289)
	at java.lang.Thread.run(Thread.java:748)
Caused by: java.util.concurrent.TimeoutException
	at java.util.concurrent.CompletableFuture.timedGet(CompletableFuture.java:1771)
	at java.util.concurrent.CompletableFuture.get(CompletableFuture.java:1915)
	at org.apache.ratis.util.IOUtils.getFromFuture(IOUtils.java:79)
	... 4 more
2019-09-16 16:48:15,341 [22812086-b692-43a0-8348-44721a5a82d7@group-9A9DF8BBBB07-SegmentedRaftLogWorker] WARN  segmented.SegmentedRaftLogWorker (SegmentedRaftLogWorker.java:getFromFuture(90)) - Timeout 3/~
org.apache.ratis.protocol.TimeoutIOException: Timeout 10s: WriteLog:17: (t:2, i:17), STATEMACHINELOGENTRY, client-B863CA8D5873, cid=43-writeStateMachineData
	at org.apache.ratis.util.IOUtils.getFromFuture(IOUtils.java:87)
	at org.apache.ratis.server.raftlog.segmented.SegmentedRaftLogWorker$StateMachineDataPolicy.getFromFuture(SegmentedRaftLogWorker.java:87)
	at org.apache.ratis.server.raftlog.segmented.SegmentedRaftLogWorker$WriteLog.execute(SegmentedRaftLogWorker.java:477)
	at org.apache.ratis.server.raftlog.segmented.SegmentedRaftLogWorker.run(SegmentedRaftLogWorker.java:289)
	at java.lang.Thread.run(Thread.java:748)
Caused by: java.util.concurrent.TimeoutException
	at java.util.concurrent.CompletableFuture.timedGet(CompletableFuture.java:1771)
	at java.util.concurrent.CompletableFuture.get(CompletableFuture.java:1915)
	at org.apache.ratis.util.IOUtils.getFromFuture(IOUtils.java:79)
	... 4 more
2019-09-16 16:48:15,385 [java.util.concurrent.ThreadPoolExecutor$Worker@314b69f[State = -1, empty queue]] WARN  server.GrpcLogAppender (GrpcLogAppender.java:timeoutAppendRequest(200)) - d7db739d-8a5f-427c-bc0a-5603ac8ba161@group-9A9DF8BBBB07->37aba10a-6fc0-4836-82ce-0d66a20effe5-GrpcLogAppender: appendEntries Timeout, request=d7db739d-8a5f-427c-bc0a-5603ac8ba161->37aba10a-6fc0-4836-82ce-0d66a20effe5#131-t2, previous=(t:2, i:20), leaderCommit=16, initializing? false, entries: <empty>
2019-09-16 16:48:15,385 [java.util.concurrent.ThreadPoolExecutor$Worker@67fb0c7c[State = -1, empty queue]] WARN  server.GrpcLogAppender (GrpcLogAppender.java:timeoutAppendRequest(200)) - d7db739d-8a5f-427c-bc0a-5603ac8ba161@group-9A9DF8BBBB07->22812086-b692-43a0-8348-44721a5a82d7-GrpcLogAppender: appendEntries Timeout, request=d7db739d-8a5f-427c-bc0a-5603ac8ba161->22812086-b692-43a0-8348-44721a5a82d7#131-t2, previous=(t:2, i:20), leaderCommit=16, initializing? false, entries: <empty>
2019-09-16 16:48:15,438 [java.util.concurrent.ThreadPoolExecutor$Worker@5ac63d4e[State = -1, empty queue]] WARN  server.GrpcLogAppender (GrpcLogAppender.java:timeoutAppendRequest(200)) - 211683d0-e7e4-43b3-9a19-c932c2e3e607@group-276A6773F05B->6044b653-4ba3-462e-b1d8-fff4097cca63-GrpcLogAppender: appendEntries Timeout, request=211683d0-e7e4-43b3-9a19-c932c2e3e607->6044b653-4ba3-462e-b1d8-fff4097cca63#131-t3, previous=(t:3, i:20), leaderCommit=16, initializing? false, entries: <empty>
2019-09-16 16:48:15,438 [java.util.concurrent.ThreadPoolExecutor$Worker@6d91f422[State = -1, empty queue]] WARN  server.GrpcLogAppender (GrpcLogAppender.java:timeoutAppendRequest(200)) - 211683d0-e7e4-43b3-9a19-c932c2e3e607@group-276A6773F05B->44446946-e2df-49b4-a08f-7c38e08da8da-GrpcLogAppender: appendEntries Timeout, request=211683d0-e7e4-43b3-9a19-c932c2e3e607->44446946-e2df-49b4-a08f-7c38e08da8da#131-t3, previous=(t:3, i:20), leaderCommit=16, initializing? false, entries: <empty>
2019-09-16 16:48:15,622 [37aba10a-6fc0-4836-82ce-0d66a20effe5@group-9A9DF8BBBB07-SegmentedRaftLogWorker] WARN  segmented.SegmentedRaftLogWorker (SegmentedRaftLogWorker.java:getFromFuture(90)) - Timeout 3/~
org.apache.ratis.protocol.TimeoutIOException: Timeout 10s: WriteLog:19: (t:2, i:19), STATEMACHINELOGENTRY, client-B863CA8D5873, cid=45-writeStateMachineData
	at org.apache.ratis.util.IOUtils.getFromFuture(IOUtils.java:87)
	at org.apache.ratis.server.raftlog.segmented.SegmentedRaftLogWorker$StateMachineDataPolicy.getFromFuture(SegmentedRaftLogWorker.java:87)
	at org.apache.ratis.server.raftlog.segmented.SegmentedRaftLogWorker$WriteLog.execute(SegmentedRaftLogWorker.java:477)
	at org.apache.ratis.server.raftlog.segmented.SegmentedRaftLogWorker.run(SegmentedRaftLogWorker.java:289)
	at java.lang.Thread.run(Thread.java:748)
Caused by: java.util.concurrent.TimeoutException
	at java.util.concurrent.CompletableFuture.timedGet(CompletableFuture.java:1771)
	at java.util.concurrent.CompletableFuture.get(CompletableFuture.java:1915)
	at org.apache.ratis.util.IOUtils.getFromFuture(IOUtils.java:79)
	... 4 more
2019-09-16 16:48:15,885 [java.util.concurrent.ThreadPoolExecutor$Worker@67fb0c7c[State = -1, empty queue]] WARN  server.GrpcLogAppender (GrpcLogAppender.java:timeoutAppendRequest(200)) - d7db739d-8a5f-427c-bc0a-5603ac8ba161@group-9A9DF8BBBB07->22812086-b692-43a0-8348-44721a5a82d7-GrpcLogAppender: appendEntries Timeout, request=d7db739d-8a5f-427c-bc0a-5603ac8ba161->22812086-b692-43a0-8348-44721a5a82d7#132-t2, previous=(t:2, i:20), leaderCommit=16, initializing? false, entries: <empty>
2019-09-16 16:48:15,885 [java.util.concurrent.ThreadPoolExecutor$Worker@314b69f[State = -1, empty queue]] WARN  server.GrpcLogAppender (GrpcLogAppender.java:timeoutAppendRequest(200)) - d7db739d-8a5f-427c-bc0a-5603ac8ba161@group-9A9DF8BBBB07->37aba10a-6fc0-4836-82ce-0d66a20effe5-GrpcLogAppender: appendEntries Timeout, request=d7db739d-8a5f-427c-bc0a-5603ac8ba161->37aba10a-6fc0-4836-82ce-0d66a20effe5#132-t2, previous=(t:2, i:20), leaderCommit=16, initializing? false, entries: <empty>
2019-09-16 16:48:15,938 [java.util.concurrent.ThreadPoolExecutor$Worker@5ac63d4e[State = -1, empty queue]] WARN  server.GrpcLogAppender (GrpcLogAppender.java:timeoutAppendRequest(200)) - 211683d0-e7e4-43b3-9a19-c932c2e3e607@group-276A6773F05B->6044b653-4ba3-462e-b1d8-fff4097cca63-GrpcLogAppender: appendEntries Timeout, request=211683d0-e7e4-43b3-9a19-c932c2e3e607->6044b653-4ba3-462e-b1d8-fff4097cca63#132-t3, previous=(t:3, i:20), leaderCommit=16, initializing? false, entries: <empty>
2019-09-16 16:48:15,938 [java.util.concurrent.ThreadPoolExecutor$Worker@6d91f422[State = -1, empty queue]] WARN  server.GrpcLogAppender (GrpcLogAppender.java:timeoutAppendRequest(200)) - 211683d0-e7e4-43b3-9a19-c932c2e3e607@group-276A6773F05B->44446946-e2df-49b4-a08f-7c38e08da8da-GrpcLogAppender: appendEntries Timeout, request=211683d0-e7e4-43b3-9a19-c932c2e3e607->44446946-e2df-49b4-a08f-7c38e08da8da#132-t3, previous=(t:3, i:20), leaderCommit=16, initializing? false, entries: <empty>
2019-09-16 16:48:16,247 [b1d373fd-82f2-45f9-929a-b8d8660dbeb2@group-651FE1B6B3BB-SegmentedRaftLogWorker] WARN  segmented.SegmentedRaftLogWorker (SegmentedRaftLogWorker.java:getFromFuture(90)) - Timeout 5/~
org.apache.ratis.protocol.TimeoutIOException: Timeout 10s: WriteLog:17: (t:1, i:17), STATEMACHINELOGENTRY, client-AC4080E834B7, cid=29-writeStateMachineData
	at org.apache.ratis.util.IOUtils.getFromFuture(IOUtils.java:87)
	at org.apache.ratis.server.raftlog.segmented.SegmentedRaftLogWorker$StateMachineDataPolicy.getFromFuture(SegmentedRaftLogWorker.java:87)
	at org.apache.ratis.server.raftlog.segmented.SegmentedRaftLogWorker$WriteLog.execute(SegmentedRaftLogWorker.java:477)
	at org.apache.ratis.server.raftlog.segmented.SegmentedRaftLogWorker.run(SegmentedRaftLogWorker.java:289)
	at java.lang.Thread.run(Thread.java:748)
Caused by: java.util.concurrent.TimeoutException
	at java.util.concurrent.CompletableFuture.timedGet(CompletableFuture.java:1771)
	at java.util.concurrent.CompletableFuture.get(CompletableFuture.java:1915)
	at org.apache.ratis.util.IOUtils.getFromFuture(IOUtils.java:79)
	... 4 more
2019-09-16 16:48:16,386 [java.util.concurrent.ThreadPoolExecutor$Worker@314b69f[State = -1, empty queue]] WARN  server.GrpcLogAppender (GrpcLogAppender.java:timeoutAppendRequest(200)) - d7db739d-8a5f-427c-bc0a-5603ac8ba161@group-9A9DF8BBBB07->37aba10a-6fc0-4836-82ce-0d66a20effe5-GrpcLogAppender: appendEntries Timeout, request=d7db739d-8a5f-427c-bc0a-5603ac8ba161->37aba10a-6fc0-4836-82ce-0d66a20effe5#133-t2, previous=(t:2, i:20), leaderCommit=16, initializing? false, entries: <empty>
2019-09-16 16:48:16,388 [java.util.concurrent.ThreadPoolExecutor$Worker@67fb0c7c[State = -1, empty queue]] WARN  server.GrpcLogAppender (GrpcLogAppender.java:timeoutAppendRequest(200)) - d7db739d-8a5f-427c-bc0a-5603ac8ba161@group-9A9DF8BBBB07->22812086-b692-43a0-8348-44721a5a82d7-GrpcLogAppender: appendEntries Timeout, request=d7db739d-8a5f-427c-bc0a-5603ac8ba161->22812086-b692-43a0-8348-44721a5a82d7#133-t2, previous=(t:2, i:20), leaderCommit=16, initializing? false, entries: <empty>
2019-09-16 16:48:16,438 [java.util.concurrent.ThreadPoolExecutor$Worker@6d91f422[State = -1, empty queue]] WARN  server.GrpcLogAppender (GrpcLogAppender.java:timeoutAppendRequest(200)) - 211683d0-e7e4-43b3-9a19-c932c2e3e607@group-276A6773F05B->44446946-e2df-49b4-a08f-7c38e08da8da-GrpcLogAppender: appendEntries Timeout, request=211683d0-e7e4-43b3-9a19-c932c2e3e607->44446946-e2df-49b4-a08f-7c38e08da8da#133-t3, previous=(t:3, i:20), leaderCommit=16, initializing? false, entries: <empty>
2019-09-16 16:48:16,438 [java.util.concurrent.ThreadPoolExecutor$Worker@5ac63d4e[State = -1, empty queue]] WARN  server.GrpcLogAppender (GrpcLogAppender.java:timeoutAppendRequest(200)) - 211683d0-e7e4-43b3-9a19-c932c2e3e607@group-276A6773F05B->6044b653-4ba3-462e-b1d8-fff4097cca63-GrpcLogAppender: appendEntries Timeout, request=211683d0-e7e4-43b3-9a19-c932c2e3e607->6044b653-4ba3-462e-b1d8-fff4097cca63#133-t3, previous=(t:3, i:20), leaderCommit=16, initializing? false, entries: <empty>
2019-09-16 16:48:16,441 [f1ea936a-1aa4-4b4f-a193-5108e1c15289@group-651FE1B6B3BB-SegmentedRaftLogWorker] WARN  segmented.SegmentedRaftLogWorker (SegmentedRaftLogWorker.java:getFromFuture(90)) - Timeout 5/~
org.apache.ratis.protocol.TimeoutIOException: Timeout 10s: WriteLog:19: (t:1, i:19), STATEMACHINELOGENTRY, client-AC4080E834B7, cid=31-writeStateMachineData
	at org.apache.ratis.util.IOUtils.getFromFuture(IOUtils.java:87)
	at org.apache.ratis.server.raftlog.segmented.SegmentedRaftLogWorker$StateMachineDataPolicy.getFromFuture(SegmentedRaftLogWorker.java:87)
	at org.apache.ratis.server.raftlog.segmented.SegmentedRaftLogWorker$WriteLog.execute(SegmentedRaftLogWorker.java:477)
	at org.apache.ratis.server.raftlog.segmented.SegmentedRaftLogWorker.run(SegmentedRaftLogWorker.java:289)
	at java.lang.Thread.run(Thread.java:748)
Caused by: java.util.concurrent.TimeoutException
	at java.util.concurrent.CompletableFuture.timedGet(CompletableFuture.java:1771)
	at java.util.concurrent.CompletableFuture.get(CompletableFuture.java:1915)
	at org.apache.ratis.util.IOUtils.getFromFuture(IOUtils.java:79)
	... 4 more
2019-09-16 16:48:16,886 [java.util.concurrent.ThreadPoolExecutor$Worker@314b69f[State = -1, empty queue]] WARN  server.GrpcLogAppender (GrpcLogAppender.java:timeoutAppendRequest(200)) - d7db739d-8a5f-427c-bc0a-5603ac8ba161@group-9A9DF8BBBB07->37aba10a-6fc0-4836-82ce-0d66a20effe5-GrpcLogAppender: appendEntries Timeout, request=d7db739d-8a5f-427c-bc0a-5603ac8ba161->37aba10a-6fc0-4836-82ce-0d66a20effe5#134-t2, previous=(t:2, i:20), leaderCommit=16, initializing? false, entries: <empty>
2019-09-16 16:48:16,886 [java.util.concurrent.ThreadPoolExecutor$Worker@67fb0c7c[State = -1, empty queue]] WARN  server.GrpcLogAppender (GrpcLogAppender.java:timeoutAppendRequest(200)) - d7db739d-8a5f-427c-bc0a-5603ac8ba161@group-9A9DF8BBBB07->22812086-b692-43a0-8348-44721a5a82d7-GrpcLogAppender: appendEntries Timeout, request=d7db739d-8a5f-427c-bc0a-5603ac8ba161->22812086-b692-43a0-8348-44721a5a82d7#134-t2, previous=(t:2, i:20), leaderCommit=16, initializing? false, entries: <empty>
2019-09-16 16:48:16,938 [java.util.concurrent.ThreadPoolExecutor$Worker@6d91f422[State = -1, empty queue]] WARN  server.GrpcLogAppender (GrpcLogAppender.java:timeoutAppendRequest(200)) - 211683d0-e7e4-43b3-9a19-c932c2e3e607@group-276A6773F05B->44446946-e2df-49b4-a08f-7c38e08da8da-GrpcLogAppender: appendEntries Timeout, request=211683d0-e7e4-43b3-9a19-c932c2e3e607->44446946-e2df-49b4-a08f-7c38e08da8da#134-t3, previous=(t:3, i:20), leaderCommit=16, initializing? false, entries: <empty>
2019-09-16 16:48:16,939 [java.util.concurrent.ThreadPoolExecutor$Worker@5ac63d4e[State = -1, empty queue]] WARN  server.GrpcLogAppender (GrpcLogAppender.java:timeoutAppendRequest(200)) - 211683d0-e7e4-43b3-9a19-c932c2e3e607@group-276A6773F05B->6044b653-4ba3-462e-b1d8-fff4097cca63-GrpcLogAppender: appendEntries Timeout, request=211683d0-e7e4-43b3-9a19-c932c2e3e607->6044b653-4ba3-462e-b1d8-fff4097cca63#134-t3, previous=(t:3, i:20), leaderCommit=16, initializing? false, entries: <empty>
2019-09-16 16:48:17,387 [java.util.concurrent.ThreadPoolExecutor$Worker@314b69f[State = -1, empty queue]] WARN  server.GrpcLogAppender (GrpcLogAppender.java:timeoutAppendRequest(200)) - d7db739d-8a5f-427c-bc0a-5603ac8ba161@group-9A9DF8BBBB07->37aba10a-6fc0-4836-82ce-0d66a20effe5-GrpcLogAppender: appendEntries Timeout, request=d7db739d-8a5f-427c-bc0a-5603ac8ba161->37aba10a-6fc0-4836-82ce-0d66a20effe5#135-t2, previous=(t:2, i:20), leaderCommit=16, initializing? false, entries: <empty>
2019-09-16 16:48:17,387 [java.util.concurrent.ThreadPoolExecutor$Worker@67fb0c7c[State = -1, empty queue]] WARN  server.GrpcLogAppender (GrpcLogAppender.java:timeoutAppendRequest(200)) - d7db739d-8a5f-427c-bc0a-5603ac8ba161@group-9A9DF8BBBB07->22812086-b692-43a0-8348-44721a5a82d7-GrpcLogAppender: appendEntries Timeout, request=d7db739d-8a5f-427c-bc0a-5603ac8ba161->22812086-b692-43a0-8348-44721a5a82d7#135-t2, previous=(t:2, i:20), leaderCommit=16, initializing? false, entries: <empty>
2019-09-16 16:48:17,439 [java.util.concurrent.ThreadPoolExecutor$Worker@5ac63d4e[State = -1, empty queue]] WARN  server.GrpcLogAppender (GrpcLogAppender.java:timeoutAppendRequest(200)) - 211683d0-e7e4-43b3-9a19-c932c2e3e607@group-276A6773F05B->6044b653-4ba3-462e-b1d8-fff4097cca63-GrpcLogAppender: appendEntries Timeout, request=211683d0-e7e4-43b3-9a19-c932c2e3e607->6044b653-4ba3-462e-b1d8-fff4097cca63#135-t3, previous=(t:3, i:20), leaderCommit=16, initializing? false, entries: <empty>
2019-09-16 16:48:17,439 [java.util.concurrent.ThreadPoolExecutor$Worker@6d91f422[State = -1, empty queue]] WARN  server.GrpcLogAppender (GrpcLogAppender.java:timeoutAppendRequest(200)) - 211683d0-e7e4-43b3-9a19-c932c2e3e607@group-276A6773F05B->44446946-e2df-49b4-a08f-7c38e08da8da-GrpcLogAppender: appendEntries Timeout, request=211683d0-e7e4-43b3-9a19-c932c2e3e607->44446946-e2df-49b4-a08f-7c38e08da8da#135-t3, previous=(t:3, i:20), leaderCommit=16, initializing? false, entries: <empty>
2019-09-16 16:48:17,587 [main] WARN  io.KeyOutputStream (KeyOutputStream.java:handleException(276)) - Encountered exception java.io.IOException: Unexpected Storage Container Exception: java.util.concurrent.CompletionException: java.util.concurrent.CompletionException: org.apache.ratis.protocol.RaftRetryFailureException: Failed RaftClientRequest:client-411C9E0252DD->211683d0-e7e4-43b3-9a19-c932c2e3e607@group-276A6773F05B, cid=57, seq=9*, RW, org.apache.hadoop.hdds.scm.XceiverClientRatis$$Lambda$467/1412392963@41a219de for 10 attempts with RetryLimited(maxAttempts=10, sleepTime=1000ms) on the pipeline Pipeline[ Id: 875f3d80-77df-4568-bd78-276a6773f05b, Nodes: 44446946-e2df-49b4-a08f-7c38e08da8da{ip: 192.168.5.184, host: pr-hdds-2022-qxstf-1422721469, networkLocation: /default-rack, certSerialId: null}6044b653-4ba3-462e-b1d8-fff4097cca63{ip: 192.168.5.184, host: pr-hdds-2022-qxstf-1422721469, networkLocation: /default-rack, certSerialId: null}211683d0-e7e4-43b3-9a19-c932c2e3e607{ip: 192.168.5.184, host: pr-hdds-2022-qxstf-1422721469, networkLocation: /default-rack, certSerialId: null}, Type:RATIS, Factor:THREE, State:OPEN]. The last committed block length is 0, uncommitted data length is 2097152 retry count 0
2019-09-16 16:48:17,616 [IPC Server handler 13 on 41364] WARN  block.BlockManagerImpl (BlockManagerImpl.java:allocateBlock(192)) - Pipeline creation failed for type:RATIS factor:THREE. Retrying get pipelines call once.
org.apache.hadoop.hdds.scm.pipeline.InsufficientDatanodesException: Cannot create pipeline of factor 3 using 1 nodes.
	at org.apache.hadoop.hdds.scm.pipeline.RatisPipelineProvider.create(RatisPipelineProvider.java:152)
	at org.apache.hadoop.hdds.scm.pipeline.PipelineFactory.create(PipelineFactory.java:57)
	at org.apache.hadoop.hdds.scm.pipeline.SCMPipelineManager.createPipeline(SCMPipelineManager.java:151)
	at org.apache.hadoop.hdds.scm.block.BlockManagerImpl.allocateBlock(BlockManagerImpl.java:190)
	at org.apache.hadoop.hdds.scm.server.SCMBlockProtocolServer.allocateBlock(SCMBlockProtocolServer.java:182)
	at org.apache.hadoop.ozone.protocolPB.ScmBlockLocationProtocolServerSideTranslatorPB.allocateScmBlock(ScmBlockLocationProtocolServerSideTranslatorPB.java:183)
	at org.apache.hadoop.ozone.protocolPB.ScmBlockLocationProtocolServerSideTranslatorPB.processMessage(ScmBlockLocationProtocolServerSideTranslatorPB.java:141)
	at org.apache.hadoop.ozone.protocolPB.ScmBlockLocationProtocolServerSideTranslatorPB.send(ScmBlockLocationProtocolServerSideTranslatorPB.java:116)
	at org.apache.hadoop.hdds.protocol.proto.ScmBlockLocationProtocolProtos$ScmBlockLocationProtocolService$2.callBlockingMethod(ScmBlockLocationProtocolProtos.java:13157)
	at org.apache.hadoop.ipc.ProtobufRpcEngine$Server$ProtoBufRpcInvoker.call(ProtobufRpcEngine.java:524)
	at org.apache.hadoop.ipc.RPC$Server.call(RPC.java:1025)
	at org.apache.hadoop.ipc.Server$RpcCall.run(Server.java:876)
	at org.apache.hadoop.ipc.Server$RpcCall.run(Server.java:822)
	at java.security.AccessController.doPrivileged(Native Method)
	at javax.security.auth.Subject.doAs(Subject.java:422)
	at org.apache.hadoop.security.UserGroupInformation.doAs(UserGroupInformation.java:1730)
	at org.apache.hadoop.ipc.Server$Handler.run(Server.java:2682)
2019-09-16 16:48:17,621 [IPC Server handler 13 on 41364] INFO  block.BlockManagerImpl (BlockManagerImpl.java:allocateBlock(198)) - Could not find available pipeline of type:RATIS and factor:THREE even after retrying
2019-09-16 16:48:17,621 [IPC Server handler 13 on 41364] ERROR block.BlockManagerImpl (BlockManagerImpl.java:allocateBlock(222)) - Unable to allocate a block for the size: 4194304, type: RATIS, factor: THREE
2019-09-16 16:48:17,625 [main] ERROR io.BlockOutputStreamEntryPool (BlockOutputStreamEntryPool.java:allocateBlockIfNeeded(299)) - Try to allocate more blocks for write failed, already allocated 0 blocks for this write.
INTERNAL_ERROR org.apache.hadoop.ozone.om.exceptions.OMException: Allocated 0 blocks. Requested 1 blocks
	at org.apache.hadoop.ozone.om.protocolPB.OzoneManagerProtocolClientSideTranslatorPB.handleError(OzoneManagerProtocolClientSideTranslatorPB.java:726)
	at org.apache.hadoop.ozone.om.protocolPB.OzoneManagerProtocolClientSideTranslatorPB.allocateBlock(OzoneManagerProtocolClientSideTranslatorPB.java:758)
	at sun.reflect.NativeMethodAccessorImpl.invoke0(Native Method)
	at sun.reflect.NativeMethodAccessorImpl.invoke(NativeMethodAccessorImpl.java:62)
	at sun.reflect.DelegatingMethodAccessorImpl.invoke(DelegatingMethodAccessorImpl.java:43)
	at java.lang.reflect.Method.invoke(Method.java:498)
	at org.apache.hadoop.hdds.tracing.TraceAllMethod.invoke(TraceAllMethod.java:66)
	at com.sun.proxy.$Proxy36.allocateBlock(Unknown Source)
	at org.apache.hadoop.ozone.client.io.BlockOutputStreamEntryPool.allocateNewBlock(BlockOutputStreamEntryPool.java:248)
	at org.apache.hadoop.ozone.client.io.BlockOutputStreamEntryPool.allocateBlockIfNeeded(BlockOutputStreamEntryPool.java:296)
	at org.apache.hadoop.ozone.client.io.KeyOutputStream.handleWrite(KeyOutputStream.java:201)
	at org.apache.hadoop.ozone.client.io.KeyOutputStream.handleRetry(KeyOutputStream.java:376)
	at org.apache.hadoop.ozone.client.io.KeyOutputStream.handleException(KeyOutputStream.java:325)
	at org.apache.hadoop.ozone.client.io.KeyOutputStream.handleWrite(KeyOutputStream.java:231)
	at org.apache.hadoop.ozone.client.io.KeyOutputStream.write(KeyOutputStream.java:193)
	at org.apache.hadoop.ozone.client.io.OzoneOutputStream.write(OzoneOutputStream.java:49)
	at java.io.OutputStream.write(OutputStream.java:75)
	at org.apache.hadoop.ozone.client.rpc.TestMultiBlockWritesWithDnFailures.testMultiBlockWritesWithIntermittentDnFailures(TestMultiBlockWritesWithDnFailures.java:192)
	at sun.reflect.NativeMethodAccessorImpl.invoke0(Native Method)
	at sun.reflect.NativeMethodAccessorImpl.invoke(NativeMethodAccessorImpl.java:62)
	at sun.reflect.DelegatingMethodAccessorImpl.invoke(DelegatingMethodAccessorImpl.java:43)
	at java.lang.reflect.Method.invoke(Method.java:498)
	at org.junit.runners.model.FrameworkMethod$1.runReflectiveCall(FrameworkMethod.java:47)
	at org.junit.internal.runners.model.ReflectiveCallable.run(ReflectiveCallable.java:12)
	at org.junit.runners.model.FrameworkMethod.invokeExplosively(FrameworkMethod.java:44)
	at org.junit.internal.runners.statements.InvokeMethod.evaluate(InvokeMethod.java:17)
	at org.junit.internal.runners.statements.RunAfters.evaluate(RunAfters.java:27)
	at org.junit.runners.ParentRunner.runLeaf(ParentRunner.java:271)
	at org.junit.runners.BlockJUnit4ClassRunner.runChild(BlockJUnit4ClassRunner.java:70)
	at org.junit.runners.BlockJUnit4ClassRunner.runChild(BlockJUnit4ClassRunner.java:50)
	at org.junit.runners.ParentRunner$3.run(ParentRunner.java:238)
	at org.junit.runners.ParentRunner$1.schedule(ParentRunner.java:63)
	at org.junit.runners.ParentRunner.runChildren(ParentRunner.java:236)
	at org.junit.runners.ParentRunner.access$000(ParentRunner.java:53)
	at org.junit.runners.ParentRunner$2.evaluate(ParentRunner.java:229)
	at org.junit.runners.ParentRunner.run(ParentRunner.java:309)
	at org.apache.maven.surefire.junit4.JUnit4Provider.execute(JUnit4Provider.java:365)
	at org.apache.maven.surefire.junit4.JUnit4Provider.executeWithRerun(JUnit4Provider.java:273)
	at org.apache.maven.surefire.junit4.JUnit4Provider.executeTestSet(JUnit4Provider.java:238)
	at org.apache.maven.surefire.junit4.JUnit4Provider.invoke(JUnit4Provider.java:159)
	at org.apache.maven.surefire.booter.ForkedBooter.invokeProviderInSameClassLoader(ForkedBooter.java:384)
	at org.apache.maven.surefire.booter.ForkedBooter.runSuitesInProcess(ForkedBooter.java:345)
	at org.apache.maven.surefire.booter.ForkedBooter.execute(ForkedBooter.java:126)
	at org.apache.maven.surefire.booter.ForkedBooter.main(ForkedBooter.java:418)
2019-09-16 16:48:17,630 [main] INFO  ozone.MiniOzoneClusterImpl (MiniOzoneClusterImpl.java:shutdown(312)) - Shutting down the Mini Ozone Cluster
2019-09-16 16:48:17,631 [main] INFO  ozone.MiniOzoneClusterImpl (MiniOzoneClusterImpl.java:stop(327)) - Stopping the Mini Ozone Cluster
2019-09-16 16:48:17,631 [main] INFO  ozone.MiniOzoneClusterImpl (MiniOzoneClusterImpl.java:stop(329)) - Stopping the OzoneManager
2019-09-16 16:48:17,631 [main] INFO  ipc.Server (Server.java:stop(3082)) - Stopping server on 43035
2019-09-16 16:48:17,651 [IPC Server listener on 43035] INFO  ipc.Server (Server.java:run(1185)) - Stopping IPC Server listener on 43035
2019-09-16 16:48:17,655 [main] INFO  ratis.OzoneManagerDoubleBuffer (OzoneManagerDoubleBuffer.java:stop(248)) - Stopping OMDoubleBuffer flush thread
2019-09-16 16:48:17,662 [IPC Server Responder] INFO  ipc.Server (Server.java:run(1319)) - Stopping IPC Server Responder
2019-09-16 16:48:17,662 [OMDoubleBufferFlushThread] INFO  ratis.OzoneManagerDoubleBuffer (OzoneManagerDoubleBuffer.java:flushTransactions(191)) - OMDoubleBuffer flush thread OMDoubleBufferFlushThread is interrupted and will exit. OMDoubleBufferFlushThread
2019-09-16 16:48:17,676 [main] INFO  utils.BackgroundService (BackgroundService.java:shutdown(148)) - Shutting down service KeyDeletingService
2019-09-16 16:48:17,678 [main] INFO  handler.ContextHandler (ContextHandler.java:doStop(910)) - Stopped o.e.j.w.WebAppContext@444548a0{/,null,UNAVAILABLE}{/ozoneManager}
2019-09-16 16:48:17,679 [main] INFO  server.AbstractConnector (AbstractConnector.java:doStop(318)) - Stopped ServerConnector@3766c667{HTTP/1.1,[http/1.1]}{0.0.0.0:0}
2019-09-16 16:48:17,679 [main] INFO  handler.ContextHandler (ContextHandler.java:doStop(910)) - Stopped o.e.j.s.ServletContextHandler@2571066a{/static,file:///workdir/hadoop-ozone/integration-test/target/test-classes/webapps/static,UNAVAILABLE}
2019-09-16 16:48:17,680 [main] INFO  handler.ContextHandler (ContextHandler.java:doStop(910)) - Stopped o.e.j.s.ServletContextHandler@25d3cfc8{/logs,file:///workdir/hadoop-ozone/integration-test/target/log,UNAVAILABLE}
2019-09-16 16:48:17,683 [main] INFO  ozone.MiniOzoneClusterImpl (MiniOzoneClusterImpl.java:stop(335)) - Shutting the HddsDatanodes
2019-09-16 16:48:17,888 [java.util.concurrent.ThreadPoolExecutor$Worker@314b69f[State = -1, empty queue]] WARN  server.GrpcLogAppender (GrpcLogAppender.java:timeoutAppendRequest(200)) - d7db739d-8a5f-427c-bc0a-5603ac8ba161@group-9A9DF8BBBB07->37aba10a-6fc0-4836-82ce-0d66a20effe5-GrpcLogAppender: appendEntries Timeout, request=d7db739d-8a5f-427c-bc0a-5603ac8ba161->37aba10a-6fc0-4836-82ce-0d66a20effe5#136-t2, previous=(t:2, i:20), leaderCommit=16, initializing? false, entries: <empty>
2019-09-16 16:48:17,888 [java.util.concurrent.ThreadPoolExecutor$Worker@67fb0c7c[State = -1, empty queue]] WARN  server.GrpcLogAppender (GrpcLogAppender.java:timeoutAppendRequest(200)) - d7db739d-8a5f-427c-bc0a-5603ac8ba161@group-9A9DF8BBBB07->22812086-b692-43a0-8348-44721a5a82d7-GrpcLogAppender: appendEntries Timeout, request=d7db739d-8a5f-427c-bc0a-5603ac8ba161->22812086-b692-43a0-8348-44721a5a82d7#136-t2, previous=(t:2, i:20), leaderCommit=16, initializing? false, entries: <empty>
2019-09-16 16:48:17,939 [java.util.concurrent.ThreadPoolExecutor$Worker@5ac63d4e[State = -1, empty queue]] WARN  server.GrpcLogAppender (GrpcLogAppender.java:timeoutAppendRequest(200)) - 211683d0-e7e4-43b3-9a19-c932c2e3e607@group-276A6773F05B->6044b653-4ba3-462e-b1d8-fff4097cca63-GrpcLogAppender: appendEntries Timeout, request=211683d0-e7e4-43b3-9a19-c932c2e3e607->6044b653-4ba3-462e-b1d8-fff4097cca63#136-t3, previous=(t:3, i:20), leaderCommit=16, initializing? false, entries: <empty>
2019-09-16 16:48:17,939 [java.util.concurrent.ThreadPoolExecutor$Worker@6d91f422[State = -1, empty queue]] WARN  server.GrpcLogAppender (GrpcLogAppender.java:timeoutAppendRequest(200)) - 211683d0-e7e4-43b3-9a19-c932c2e3e607@group-276A6773F05B->44446946-e2df-49b4-a08f-7c38e08da8da-GrpcLogAppender: appendEntries Timeout, request=211683d0-e7e4-43b3-9a19-c932c2e3e607->44446946-e2df-49b4-a08f-7c38e08da8da#136-t3, previous=(t:3, i:20), leaderCommit=16, initializing? false, entries: <empty>
2019-09-16 16:48:18,389 [java.util.concurrent.ThreadPoolExecutor$Worker@67fb0c7c[State = -1, empty queue]] WARN  server.GrpcLogAppender (GrpcLogAppender.java:timeoutAppendRequest(200)) - d7db739d-8a5f-427c-bc0a-5603ac8ba161@group-9A9DF8BBBB07->22812086-b692-43a0-8348-44721a5a82d7-GrpcLogAppender: appendEntries Timeout, request=d7db739d-8a5f-427c-bc0a-5603ac8ba161->22812086-b692-43a0-8348-44721a5a82d7#137-t2, previous=(t:2, i:20), leaderCommit=16, initializing? false, entries: <empty>
2019-09-16 16:48:18,389 [java.util.concurrent.ThreadPoolExecutor$Worker@314b69f[State = -1, empty queue]] WARN  server.GrpcLogAppender (GrpcLogAppender.java:timeoutAppendRequest(200)) - d7db739d-8a5f-427c-bc0a-5603ac8ba161@group-9A9DF8BBBB07->37aba10a-6fc0-4836-82ce-0d66a20effe5-GrpcLogAppender: appendEntries Timeout, request=d7db739d-8a5f-427c-bc0a-5603ac8ba161->37aba10a-6fc0-4836-82ce-0d66a20effe5#137-t2, previous=(t:2, i:20), leaderCommit=16, initializing? false, entries: <empty>
2019-09-16 16:48:18,439 [java.util.concurrent.ThreadPoolExecutor$Worker@6d91f422[State = -1, empty queue]] WARN  server.GrpcLogAppender (GrpcLogAppender.java:timeoutAppendRequest(200)) - 211683d0-e7e4-43b3-9a19-c932c2e3e607@group-276A6773F05B->44446946-e2df-49b4-a08f-7c38e08da8da-GrpcLogAppender: appendEntries Timeout, request=211683d0-e7e4-43b3-9a19-c932c2e3e607->44446946-e2df-49b4-a08f-7c38e08da8da#137-t3, previous=(t:3, i:20), leaderCommit=16, initializing? false, entries: <empty>
2019-09-16 16:48:18,439 [java.util.concurrent.ThreadPoolExecutor$Worker@5ac63d4e[State = -1, empty queue]] WARN  server.GrpcLogAppender (GrpcLogAppender.java:timeoutAppendRequest(200)) - 211683d0-e7e4-43b3-9a19-c932c2e3e607@group-276A6773F05B->6044b653-4ba3-462e-b1d8-fff4097cca63-GrpcLogAppender: appendEntries Timeout, request=211683d0-e7e4-43b3-9a19-c932c2e3e607->6044b653-4ba3-462e-b1d8-fff4097cca63#137-t3, previous=(t:3, i:20), leaderCommit=16, initializing? false, entries: <empty>
2019-09-16 16:48:18,534 [Datanode State Machine Thread - 0] INFO  statemachine.DatanodeStateMachine (DatanodeStateMachine.java:lambda$startDaemon$0(350)) - Ozone container server started.
2019-09-16 16:48:18,621 [Datanode State Machine Thread - 0] INFO  statemachine.DatanodeStateMachine (DatanodeStateMachine.java:lambda$startDaemon$0(350)) - Ozone container server started.
2019-09-16 16:48:18,893 [java.util.concurrent.ThreadPoolExecutor$Worker@67fb0c7c[State = -1, empty queue]] WARN  server.GrpcLogAppender (GrpcLogAppender.java:timeoutAppendRequest(200)) - d7db739d-8a5f-427c-bc0a-5603ac8ba161@group-9A9DF8BBBB07->22812086-b692-43a0-8348-44721a5a82d7-GrpcLogAppender: appendEntries Timeout, request=d7db739d-8a5f-427c-bc0a-5603ac8ba161->22812086-b692-43a0-8348-44721a5a82d7#138-t2, previous=(t:2, i:20), leaderCommit=16, initializing? false, entries: <empty>
2019-09-16 16:48:18,893 [java.util.concurrent.ThreadPoolExecutor$Worker@314b69f[State = -1, empty queue]] WARN  server.GrpcLogAppender (GrpcLogAppender.java:timeoutAppendRequest(200)) - d7db739d-8a5f-427c-bc0a-5603ac8ba161@group-9A9DF8BBBB07->37aba10a-6fc0-4836-82ce-0d66a20effe5-GrpcLogAppender: appendEntries Timeout, request=d7db739d-8a5f-427c-bc0a-5603ac8ba161->37aba10a-6fc0-4836-82ce-0d66a20effe5#138-t2, previous=(t:2, i:20), leaderCommit=16, initializing? false, entries: <empty>
2019-09-16 16:48:18,940 [java.util.concurrent.ThreadPoolExecutor$Worker@5ac63d4e[State = -1, empty queue]] WARN  server.GrpcLogAppender (GrpcLogAppender.java:timeoutAppendRequest(200)) - 211683d0-e7e4-43b3-9a19-c932c2e3e607@group-276A6773F05B->6044b653-4ba3-462e-b1d8-fff4097cca63-GrpcLogAppender: appendEntries Timeout, request=211683d0-e7e4-43b3-9a19-c932c2e3e607->6044b653-4ba3-462e-b1d8-fff4097cca63#138-t3, previous=(t:3, i:20), leaderCommit=16, initializing? false, entries: <empty>
2019-09-16 16:48:18,940 [java.util.concurrent.ThreadPoolExecutor$Worker@6d91f422[State = -1, empty queue]] WARN  server.GrpcLogAppender (GrpcLogAppender.java:timeoutAppendRequest(200)) - 211683d0-e7e4-43b3-9a19-c932c2e3e607@group-276A6773F05B->44446946-e2df-49b4-a08f-7c38e08da8da-GrpcLogAppender: appendEntries Timeout, request=211683d0-e7e4-43b3-9a19-c932c2e3e607->44446946-e2df-49b4-a08f-7c38e08da8da#138-t3, previous=(t:3, i:20), leaderCommit=16, initializing? false, entries: <empty>
2019-09-16 16:48:19,394 [java.util.concurrent.ThreadPoolExecutor$Worker@314b69f[State = -1, empty queue]] WARN  server.GrpcLogAppender (GrpcLogAppender.java:timeoutAppendRequest(200)) - d7db739d-8a5f-427c-bc0a-5603ac8ba161@group-9A9DF8BBBB07->37aba10a-6fc0-4836-82ce-0d66a20effe5-GrpcLogAppender: appendEntries Timeout, request=d7db739d-8a5f-427c-bc0a-5603ac8ba161->37aba10a-6fc0-4836-82ce-0d66a20effe5#139-t2, previous=(t:2, i:20), leaderCommit=16, initializing? false, entries: <empty>
2019-09-16 16:48:19,394 [java.util.concurrent.ThreadPoolExecutor$Worker@67fb0c7c[State = -1, empty queue]] WARN  server.GrpcLogAppender (GrpcLogAppender.java:timeoutAppendRequest(200)) - d7db739d-8a5f-427c-bc0a-5603ac8ba161@group-9A9DF8BBBB07->22812086-b692-43a0-8348-44721a5a82d7-GrpcLogAppender: appendEntries Timeout, request=d7db739d-8a5f-427c-bc0a-5603ac8ba161->22812086-b692-43a0-8348-44721a5a82d7#139-t2, previous=(t:2, i:20), leaderCommit=16, initializing? false, entries: <empty>
2019-09-16 16:48:19,424 [211683d0-e7e4-43b3-9a19-c932c2e3e607@group-276A6773F05B-SegmentedRaftLogWorker] WARN  segmented.SegmentedRaftLogWorker (SegmentedRaftLogWorker.java:getFromFuture(90)) - Timeout 1/~
org.apache.ratis.protocol.TimeoutIOException: Timeout 10s: WriteLog:17: (t:3, i:17), STATEMACHINELOGENTRY, client-411C9E0252DD, cid=57-writeStateMachineData
	at org.apache.ratis.util.IOUtils.getFromFuture(IOUtils.java:87)
	at org.apache.ratis.server.raftlog.segmented.SegmentedRaftLogWorker$StateMachineDataPolicy.getFromFuture(SegmentedRaftLogWorker.java:87)
	at org.apache.ratis.server.raftlog.segmented.SegmentedRaftLogWorker$WriteLog.execute(SegmentedRaftLogWorker.java:477)
	at org.apache.ratis.server.raftlog.segmented.SegmentedRaftLogWorker.run(SegmentedRaftLogWorker.java:289)
	at java.lang.Thread.run(Thread.java:748)
Caused by: java.util.concurrent.TimeoutException
	at java.util.concurrent.CompletableFuture.timedGet(CompletableFuture.java:1771)
	at java.util.concurrent.CompletableFuture.get(CompletableFuture.java:1915)
	at org.apache.ratis.util.IOUtils.getFromFuture(IOUtils.java:79)
	... 4 more
2019-09-16 16:48:19,428 [44446946-e2df-49b4-a08f-7c38e08da8da@group-276A6773F05B-SegmentedRaftLogWorker] WARN  segmented.SegmentedRaftLogWorker (SegmentedRaftLogWorker.java:getFromFuture(90)) - Timeout 1/~
org.apache.ratis.protocol.TimeoutIOException: Timeout 10s: WriteLog:17: (t:3, i:17), STATEMACHINELOGENTRY, client-411C9E0252DD, cid=57-writeStateMachineData
	at org.apache.ratis.util.IOUtils.getFromFuture(IOUtils.java:87)
	at org.apache.ratis.server.raftlog.segmented.SegmentedRaftLogWorker$StateMachineDataPolicy.getFromFuture(SegmentedRaftLogWorker.java:87)
	at org.apache.ratis.server.raftlog.segmented.SegmentedRaftLogWorker$WriteLog.execute(SegmentedRaftLogWorker.java:477)
	at org.apache.ratis.server.raftlog.segmented.SegmentedRaftLogWorker.run(SegmentedRaftLogWorker.java:289)
	at java.lang.Thread.run(Thread.java:748)
Caused by: java.util.concurrent.TimeoutException
	at java.util.concurrent.CompletableFuture.timedGet(CompletableFuture.java:1771)
	at java.util.concurrent.CompletableFuture.get(CompletableFuture.java:1915)
	at org.apache.ratis.util.IOUtils.getFromFuture(IOUtils.java:79)
	... 4 more
2019-09-16 16:48:19,429 [6044b653-4ba3-462e-b1d8-fff4097cca63@group-276A6773F05B-SegmentedRaftLogWorker] WARN  segmented.SegmentedRaftLogWorker (SegmentedRaftLogWorker.java:getFromFuture(90)) - Timeout 1/~
org.apache.ratis.protocol.TimeoutIOException: Timeout 10s: WriteLog:17: (t:3, i:17), STATEMACHINELOGENTRY, client-411C9E0252DD, cid=57-writeStateMachineData
	at org.apache.ratis.util.IOUtils.getFromFuture(IOUtils.java:87)
	at org.apache.ratis.server.raftlog.segmented.SegmentedRaftLogWorker$StateMachineDataPolicy.getFromFuture(SegmentedRaftLogWorker.java:87)
	at org.apache.ratis.server.raftlog.segmented.SegmentedRaftLogWorker$WriteLog.execute(SegmentedRaftLogWorker.java:477)
	at org.apache.ratis.server.raftlog.segmented.SegmentedRaftLogWorker.run(SegmentedRaftLogWorker.java:289)
	at java.lang.Thread.run(Thread.java:748)
Caused by: java.util.concurrent.TimeoutException
	at java.util.concurrent.CompletableFuture.timedGet(CompletableFuture.java:1771)
	at java.util.concurrent.CompletableFuture.get(CompletableFuture.java:1915)
	at org.apache.ratis.util.IOUtils.getFromFuture(IOUtils.java:79)
	... 4 more
2019-09-16 16:48:19,440 [java.util.concurrent.ThreadPoolExecutor$Worker@5ac63d4e[State = -1, empty queue]] WARN  server.GrpcLogAppender (GrpcLogAppender.java:timeoutAppendRequest(200)) - 211683d0-e7e4-43b3-9a19-c932c2e3e607@group-276A6773F05B->6044b653-4ba3-462e-b1d8-fff4097cca63-GrpcLogAppender: appendEntries Timeout, request=211683d0-e7e4-43b3-9a19-c932c2e3e607->6044b653-4ba3-462e-b1d8-fff4097cca63#139-t3, previous=(t:3, i:20), leaderCommit=16, initializing? false, entries: <empty>
2019-09-16 16:48:19,440 [java.util.concurrent.ThreadPoolExecutor$Worker@6d91f422[State = -1, empty queue]] WARN  server.GrpcLogAppender (GrpcLogAppender.java:timeoutAppendRequest(200)) - 211683d0-e7e4-43b3-9a19-c932c2e3e607@group-276A6773F05B->44446946-e2df-49b4-a08f-7c38e08da8da-GrpcLogAppender: appendEntries Timeout, request=211683d0-e7e4-43b3-9a19-c932c2e3e607->44446946-e2df-49b4-a08f-7c38e08da8da#139-t3, previous=(t:3, i:20), leaderCommit=16, initializing? false, entries: <empty>
2019-09-16 16:48:19,904 [java.util.concurrent.ThreadPoolExecutor$Worker@314b69f[State = -1, empty queue]] WARN  server.GrpcLogAppender (GrpcLogAppender.java:timeoutAppendRequest(200)) - d7db739d-8a5f-427c-bc0a-5603ac8ba161@group-9A9DF8BBBB07->37aba10a-6fc0-4836-82ce-0d66a20effe5-GrpcLogAppender: appendEntries Timeout, request=d7db739d-8a5f-427c-bc0a-5603ac8ba161->37aba10a-6fc0-4836-82ce-0d66a20effe5#140-t2, previous=(t:2, i:20), leaderCommit=16, initializing? false, entries: <empty>
2019-09-16 16:48:19,904 [java.util.concurrent.ThreadPoolExecutor$Worker@67fb0c7c[State = -1, empty queue]] WARN  server.GrpcLogAppender (GrpcLogAppender.java:timeoutAppendRequest(200)) - d7db739d-8a5f-427c-bc0a-5603ac8ba161@group-9A9DF8BBBB07->22812086-b692-43a0-8348-44721a5a82d7-GrpcLogAppender: appendEntries Timeout, request=d7db739d-8a5f-427c-bc0a-5603ac8ba161->22812086-b692-43a0-8348-44721a5a82d7#140-t2, previous=(t:2, i:20), leaderCommit=16, initializing? false, entries: <empty>
2019-09-16 16:48:19,940 [java.util.concurrent.ThreadPoolExecutor$Worker@5ac63d4e[State = -1, empty queue]] WARN  server.GrpcLogAppender (GrpcLogAppender.java:timeoutAppendRequest(200)) - 211683d0-e7e4-43b3-9a19-c932c2e3e607@group-276A6773F05B->6044b653-4ba3-462e-b1d8-fff4097cca63-GrpcLogAppender: appendEntries Timeout, request=211683d0-e7e4-43b3-9a19-c932c2e3e607->6044b653-4ba3-462e-b1d8-fff4097cca63#140-t3, previous=(t:3, i:20), leaderCommit=16, initializing? false, entries: <empty>
2019-09-16 16:48:19,940 [java.util.concurrent.ThreadPoolExecutor$Worker@6d91f422[State = -1, empty queue]] WARN  server.GrpcLogAppender (GrpcLogAppender.java:timeoutAppendRequest(200)) - 211683d0-e7e4-43b3-9a19-c932c2e3e607@group-276A6773F05B->44446946-e2df-49b4-a08f-7c38e08da8da-GrpcLogAppender: appendEntries Timeout, request=211683d0-e7e4-43b3-9a19-c932c2e3e607->44446946-e2df-49b4-a08f-7c38e08da8da#140-t3, previous=(t:3, i:20), leaderCommit=16, initializing? false, entries: <empty>
2019-09-16 16:48:20,405 [java.util.concurrent.ThreadPoolExecutor$Worker@314b69f[State = -1, empty queue]] WARN  server.GrpcLogAppender (GrpcLogAppender.java:timeoutAppendRequest(200)) - d7db739d-8a5f-427c-bc0a-5603ac8ba161@group-9A9DF8BBBB07->37aba10a-6fc0-4836-82ce-0d66a20effe5-GrpcLogAppender: appendEntries Timeout, request=d7db739d-8a5f-427c-bc0a-5603ac8ba161->37aba10a-6fc0-4836-82ce-0d66a20effe5#141-t2, previous=(t:2, i:20), leaderCommit=16, initializing? false, entries: <empty>
2019-09-16 16:48:20,405 [java.util.concurrent.ThreadPoolExecutor$Worker@67fb0c7c[State = -1, empty queue]] WARN  server.GrpcLogAppender (GrpcLogAppender.java:timeoutAppendRequest(200)) - d7db739d-8a5f-427c-bc0a-5603ac8ba161@group-9A9DF8BBBB07->22812086-b692-43a0-8348-44721a5a82d7-GrpcLogAppender: appendEntries Timeout, request=d7db739d-8a5f-427c-bc0a-5603ac8ba161->22812086-b692-43a0-8348-44721a5a82d7#141-t2, previous=(t:2, i:20), leaderCommit=16, initializing? false, entries: <empty>
2019-09-16 16:48:20,441 [java.util.concurrent.ThreadPoolExecutor$Worker@5ac63d4e[State = -1, empty queue]] WARN  server.GrpcLogAppender (GrpcLogAppender.java:timeoutAppendRequest(200)) - 211683d0-e7e4-43b3-9a19-c932c2e3e607@group-276A6773F05B->6044b653-4ba3-462e-b1d8-fff4097cca63-GrpcLogAppender: appendEntries Timeout, request=211683d0-e7e4-43b3-9a19-c932c2e3e607->6044b653-4ba3-462e-b1d8-fff4097cca63#141-t3, previous=(t:3, i:20), leaderCommit=16, initializing? false, entries: <empty>
2019-09-16 16:48:20,441 [java.util.concurrent.ThreadPoolExecutor$Worker@6d91f422[State = -1, empty queue]] WARN  server.GrpcLogAppender (GrpcLogAppender.java:timeoutAppendRequest(200)) - 211683d0-e7e4-43b3-9a19-c932c2e3e607@group-276A6773F05B->44446946-e2df-49b4-a08f-7c38e08da8da-GrpcLogAppender: appendEntries Timeout, request=211683d0-e7e4-43b3-9a19-c932c2e3e607->44446946-e2df-49b4-a08f-7c38e08da8da#141-t3, previous=(t:3, i:20), leaderCommit=16, initializing? false, entries: <empty>
2019-09-16 16:48:20,905 [java.util.concurrent.ThreadPoolExecutor$Worker@67fb0c7c[State = -1, empty queue]] WARN  server.GrpcLogAppender (GrpcLogAppender.java:timeoutAppendRequest(200)) - d7db739d-8a5f-427c-bc0a-5603ac8ba161@group-9A9DF8BBBB07->22812086-b692-43a0-8348-44721a5a82d7-GrpcLogAppender: appendEntries Timeout, request=d7db739d-8a5f-427c-bc0a-5603ac8ba161->22812086-b692-43a0-8348-44721a5a82d7#142-t2, previous=(t:2, i:20), leaderCommit=16, initializing? false, entries: <empty>
2019-09-16 16:48:20,905 [java.util.concurrent.ThreadPoolExecutor$Worker@314b69f[State = -1, empty queue]] WARN  server.GrpcLogAppender (GrpcLogAppender.java:timeoutAppendRequest(200)) - d7db739d-8a5f-427c-bc0a-5603ac8ba161@group-9A9DF8BBBB07->37aba10a-6fc0-4836-82ce-0d66a20effe5-GrpcLogAppender: appendEntries Timeout, request=d7db739d-8a5f-427c-bc0a-5603ac8ba161->37aba10a-6fc0-4836-82ce-0d66a20effe5#142-t2, previous=(t:2, i:20), leaderCommit=16, initializing? false, entries: <empty>
2019-09-16 16:48:20,941 [java.util.concurrent.ThreadPoolExecutor$Worker@6d91f422[State = -1, empty queue]] WARN  server.GrpcLogAppender (GrpcLogAppender.java:timeoutAppendRequest(200)) - 211683d0-e7e4-43b3-9a19-c932c2e3e607@group-276A6773F05B->44446946-e2df-49b4-a08f-7c38e08da8da-GrpcLogAppender: appendEntries Timeout, request=211683d0-e7e4-43b3-9a19-c932c2e3e607->44446946-e2df-49b4-a08f-7c38e08da8da#142-t3, previous=(t:3, i:20), leaderCommit=16, initializing? false, entries: <empty>
2019-09-16 16:48:20,941 [java.util.concurrent.ThreadPoolExecutor$Worker@5ac63d4e[State = -1, empty queue]] WARN  server.GrpcLogAppender (GrpcLogAppender.java:timeoutAppendRequest(200)) - 211683d0-e7e4-43b3-9a19-c932c2e3e607@group-276A6773F05B->6044b653-4ba3-462e-b1d8-fff4097cca63-GrpcLogAppender: appendEntries Timeout, request=211683d0-e7e4-43b3-9a19-c932c2e3e607->6044b653-4ba3-462e-b1d8-fff4097cca63#142-t3, previous=(t:3, i:20), leaderCommit=16, initializing? false, entries: <empty>
2019-09-16 16:48:21,405 [java.util.concurrent.ThreadPoolExecutor$Worker@67fb0c7c[State = -1, empty queue]] WARN  server.GrpcLogAppender (GrpcLogAppender.java:timeoutAppendRequest(200)) - d7db739d-8a5f-427c-bc0a-5603ac8ba161@group-9A9DF8BBBB07->22812086-b692-43a0-8348-44721a5a82d7-GrpcLogAppender: appendEntries Timeout, request=d7db739d-8a5f-427c-bc0a-5603ac8ba161->22812086-b692-43a0-8348-44721a5a82d7#143-t2, previous=(t:2, i:20), leaderCommit=16, initializing? false, entries: <empty>
2019-09-16 16:48:21,405 [java.util.concurrent.ThreadPoolExecutor$Worker@314b69f[State = -1, empty queue]] WARN  server.GrpcLogAppender (GrpcLogAppender.java:timeoutAppendRequest(200)) - d7db739d-8a5f-427c-bc0a-5603ac8ba161@group-9A9DF8BBBB07->37aba10a-6fc0-4836-82ce-0d66a20effe5-GrpcLogAppender: appendEntries Timeout, request=d7db739d-8a5f-427c-bc0a-5603ac8ba161->37aba10a-6fc0-4836-82ce-0d66a20effe5#143-t2, previous=(t:2, i:20), leaderCommit=16, initializing? false, entries: <empty>
2019-09-16 16:48:21,441 [java.util.concurrent.ThreadPoolExecutor$Worker@6d91f422[State = -1, empty queue]] WARN  server.GrpcLogAppender (GrpcLogAppender.java:timeoutAppendRequest(200)) - 211683d0-e7e4-43b3-9a19-c932c2e3e607@group-276A6773F05B->44446946-e2df-49b4-a08f-7c38e08da8da-GrpcLogAppender: appendEntries Timeout, request=211683d0-e7e4-43b3-9a19-c932c2e3e607->44446946-e2df-49b4-a08f-7c38e08da8da#143-t3, previous=(t:3, i:20), leaderCommit=16, initializing? false, entries: <empty>
2019-09-16 16:48:21,441 [java.util.concurrent.ThreadPoolExecutor$Worker@5ac63d4e[State = -1, empty queue]] WARN  server.GrpcLogAppender (GrpcLogAppender.java:timeoutAppendRequest(200)) - 211683d0-e7e4-43b3-9a19-c932c2e3e607@group-276A6773F05B->6044b653-4ba3-462e-b1d8-fff4097cca63-GrpcLogAppender: appendEntries Timeout, request=211683d0-e7e4-43b3-9a19-c932c2e3e607->6044b653-4ba3-462e-b1d8-fff4097cca63#143-t3, previous=(t:3, i:20), leaderCommit=16, initializing? false, entries: <empty>
2019-09-16 16:48:21,906 [java.util.concurrent.ThreadPoolExecutor$Worker@314b69f[State = -1, empty queue]] WARN  server.GrpcLogAppender (GrpcLogAppender.java:timeoutAppendRequest(200)) - d7db739d-8a5f-427c-bc0a-5603ac8ba161@group-9A9DF8BBBB07->37aba10a-6fc0-4836-82ce-0d66a20effe5-GrpcLogAppender: appendEntries Timeout, request=d7db739d-8a5f-427c-bc0a-5603ac8ba161->37aba10a-6fc0-4836-82ce-0d66a20effe5#144-t2, previous=(t:2, i:20), leaderCommit=16, initializing? false, entries: <empty>
2019-09-16 16:48:21,906 [java.util.concurrent.ThreadPoolExecutor$Worker@67fb0c7c[State = -1, empty queue]] WARN  server.GrpcLogAppender (GrpcLogAppender.java:timeoutAppendRequest(200)) - d7db739d-8a5f-427c-bc0a-5603ac8ba161@group-9A9DF8BBBB07->22812086-b692-43a0-8348-44721a5a82d7-GrpcLogAppender: appendEntries Timeout, request=d7db739d-8a5f-427c-bc0a-5603ac8ba161->22812086-b692-43a0-8348-44721a5a82d7#144-t2, previous=(t:2, i:20), leaderCommit=16, initializing? false, entries: <empty>
2019-09-16 16:48:21,941 [java.util.concurrent.ThreadPoolExecutor$Worker@6d91f422[State = -1, empty queue]] WARN  server.GrpcLogAppender (GrpcLogAppender.java:timeoutAppendRequest(200)) - 211683d0-e7e4-43b3-9a19-c932c2e3e607@group-276A6773F05B->44446946-e2df-49b4-a08f-7c38e08da8da-GrpcLogAppender: appendEntries Timeout, request=211683d0-e7e4-43b3-9a19-c932c2e3e607->44446946-e2df-49b4-a08f-7c38e08da8da#144-t3, previous=(t:3, i:20), leaderCommit=16, initializing? false, entries: <empty>
2019-09-16 16:48:21,941 [java.util.concurrent.ThreadPoolExecutor$Worker@5ac63d4e[State = -1, empty queue]] WARN  server.GrpcLogAppender (GrpcLogAppender.java:timeoutAppendRequest(200)) - 211683d0-e7e4-43b3-9a19-c932c2e3e607@group-276A6773F05B->6044b653-4ba3-462e-b1d8-fff4097cca63-GrpcLogAppender: appendEntries Timeout, request=211683d0-e7e4-43b3-9a19-c932c2e3e607->6044b653-4ba3-462e-b1d8-fff4097cca63#144-t3, previous=(t:3, i:20), leaderCommit=16, initializing? false, entries: <empty>
2019-09-16 16:48:22,406 [java.util.concurrent.ThreadPoolExecutor$Worker@314b69f[State = -1, empty queue]] WARN  server.GrpcLogAppender (GrpcLogAppender.java:timeoutAppendRequest(200)) - d7db739d-8a5f-427c-bc0a-5603ac8ba161@group-9A9DF8BBBB07->37aba10a-6fc0-4836-82ce-0d66a20effe5-GrpcLogAppender: appendEntries Timeout, request=d7db739d-8a5f-427c-bc0a-5603ac8ba161->37aba10a-6fc0-4836-82ce-0d66a20effe5#145-t2, previous=(t:2, i:20), leaderCommit=16, initializing? false, entries: <empty>
2019-09-16 16:48:22,406 [java.util.concurrent.ThreadPoolExecutor$Worker@67fb0c7c[State = -1, empty queue]] WARN  server.GrpcLogAppender (GrpcLogAppender.java:timeoutAppendRequest(200)) - d7db739d-8a5f-427c-bc0a-5603ac8ba161@group-9A9DF8BBBB07->22812086-b692-43a0-8348-44721a5a82d7-GrpcLogAppender: appendEntries Timeout, request=d7db739d-8a5f-427c-bc0a-5603ac8ba161->22812086-b692-43a0-8348-44721a5a82d7#145-t2, previous=(t:2, i:20), leaderCommit=16, initializing? false, entries: <empty>
2019-09-16 16:48:22,442 [java.util.concurrent.ThreadPoolExecutor$Worker@5ac63d4e[State = -1, empty queue]] WARN  server.GrpcLogAppender (GrpcLogAppender.java:timeoutAppendRequest(200)) - 211683d0-e7e4-43b3-9a19-c932c2e3e607@group-276A6773F05B->6044b653-4ba3-462e-b1d8-fff4097cca63-GrpcLogAppender: appendEntries Timeout, request=211683d0-e7e4-43b3-9a19-c932c2e3e607->6044b653-4ba3-462e-b1d8-fff4097cca63#145-t3, previous=(t:3, i:20), leaderCommit=16, initializing? false, entries: <empty>
2019-09-16 16:48:22,442 [java.util.concurrent.ThreadPoolExecutor$Worker@6d91f422[State = -1, empty queue]] WARN  server.GrpcLogAppender (GrpcLogAppender.java:timeoutAppendRequest(200)) - 211683d0-e7e4-43b3-9a19-c932c2e3e607@group-276A6773F05B->44446946-e2df-49b4-a08f-7c38e08da8da-GrpcLogAppender: appendEntries Timeout, request=211683d0-e7e4-43b3-9a19-c932c2e3e607->44446946-e2df-49b4-a08f-7c38e08da8da#145-t3, previous=(t:3, i:20), leaderCommit=16, initializing? false, entries: <empty>
2019-09-16 16:48:22,686 [ForkJoinPool.commonPool-worker-0] INFO  ozoneimpl.OzoneContainer (OzoneContainer.java:stop(231)) - Attempting to stop container services.
2019-09-16 16:48:22,686 [main] INFO  ozoneimpl.OzoneContainer (OzoneContainer.java:stop(231)) - Attempting to stop container services.
2019-09-16 16:48:22,687 [ForkJoinPool.commonPool-worker-0] INFO  impl.RaftServerProxy (RaftServerProxy.java:lambda$close$4(314)) - 37aba10a-6fc0-4836-82ce-0d66a20effe5: close
2019-09-16 16:48:22,687 [main] INFO  impl.RaftServerProxy (RaftServerProxy.java:lambda$close$4(314)) - 211683d0-e7e4-43b3-9a19-c932c2e3e607: close
2019-09-16 16:48:22,687 [ForkJoinPool.commonPool-worker-0] INFO  impl.RaftServerImpl (RaftServerImpl.java:lambda$shutdown$3(251)) - 37aba10a-6fc0-4836-82ce-0d66a20effe5@group-9A9DF8BBBB07: shutdown
2019-09-16 16:48:22,688 [main] INFO  impl.RaftServerImpl (RaftServerImpl.java:lambda$shutdown$3(251)) - 211683d0-e7e4-43b3-9a19-c932c2e3e607@group-276A6773F05B: shutdown
2019-09-16 16:48:22,688 [ForkJoinPool.commonPool-worker-0] INFO  util.JmxRegister (JmxRegister.java:unregister(73)) - Successfully un-registered JMX Bean with object name Ratis:service=RaftServer,group=group-9A9DF8BBBB07,id=37aba10a-6fc0-4836-82ce-0d66a20effe5
2019-09-16 16:48:22,688 [main] INFO  util.JmxRegister (JmxRegister.java:unregister(73)) - Successfully un-registered JMX Bean with object name Ratis:service=RaftServer,group=group-276A6773F05B,id=211683d0-e7e4-43b3-9a19-c932c2e3e607
2019-09-16 16:48:22,688 [ForkJoinPool.commonPool-worker-0] INFO  impl.RoleInfo (RoleInfo.java:shutdownFollowerState(121)) - 37aba10a-6fc0-4836-82ce-0d66a20effe5: shutdown FollowerState
2019-09-16 16:48:22,689 [main] INFO  impl.RoleInfo (RoleInfo.java:shutdownLeaderState(104)) - 211683d0-e7e4-43b3-9a19-c932c2e3e607: shutdown LeaderState
2019-09-16 16:48:22,689 [37aba10a-6fc0-4836-82ce-0d66a20effe5@group-9A9DF8BBBB07-StateMachineUpdater] INFO  ratis.ContainerStateMachine (ContainerStateMachine.java:takeSnapshot(289)) - group-9A9DF8BBBB07: Taking a snapshot at:(t:2, i:12) file /workdir/hadoop-ozone/integration-test/target/test-dir/MiniOzoneClusterImpl-2814d36b-6019-42fc-a66f-ece8bfc5d7d4/datanode-2/data/ratis/f1cee7fd-bb01-41f6-aed7-9a9df8bbbb07/sm/snapshot.2_12
2019-09-16 16:48:22,689 [Thread-422] INFO  impl.FollowerState (FollowerState.java:run(115)) - 37aba10a-6fc0-4836-82ce-0d66a20effe5: FollowerState was interrupted: java.lang.InterruptedException: sleep interrupted
2019-09-16 16:48:22,689 [ForkJoinPool.commonPool-worker-0] INFO  impl.StateMachineUpdater (StateMachineUpdater.java:stopAndJoin(125)) - 37aba10a-6fc0-4836-82ce-0d66a20effe5@group-9A9DF8BBBB07-StateMachineUpdater: set stopIndex = 16
2019-09-16 16:48:22,696 [org.apache.ratis.server.impl.LogAppender$AppenderDaemon$$Lambda$548/1372820718@6420d2bb] WARN  server.GrpcLogAppender (GrpcLogAppender.java:mayWait(143)) - 211683d0-e7e4-43b3-9a19-c932c2e3e607@group-276A6773F05B->44446946-e2df-49b4-a08f-7c38e08da8da-GrpcLogAppender: Wait interrupted by java.lang.InterruptedException
2019-09-16 16:48:22,694 [main] INFO  impl.PendingRequests (PendingRequests.java:sendNotLeaderResponses(202)) - 211683d0-e7e4-43b3-9a19-c932c2e3e607-PendingRequests: sendNotLeaderResponses
2019-09-16 16:48:22,694 [org.apache.ratis.server.impl.LogAppender$AppenderDaemon$$Lambda$548/1372820718@44df8a63] WARN  server.GrpcLogAppender (GrpcLogAppender.java:mayWait(143)) - 211683d0-e7e4-43b3-9a19-c932c2e3e607@group-276A6773F05B->6044b653-4ba3-462e-b1d8-fff4097cca63-GrpcLogAppender: Wait interrupted by java.lang.InterruptedException
2019-09-16 16:48:22,697 [grpc-default-executor-3] INFO  server.GrpcServerProtocolService (GrpcServerProtocolService.java:onCompleted(113)) - 44446946-e2df-49b4-a08f-7c38e08da8da: Completed APPEND_ENTRIES, lastRequest: 211683d0-e7e4-43b3-9a19-c932c2e3e607->44446946-e2df-49b4-a08f-7c38e08da8da#151-t3, previous=(t:3, i:20), leaderCommit=16, initializing? false, entries: <empty>
2019-09-16 16:48:22,697 [grpc-default-executor-2] INFO  server.GrpcServerProtocolService (GrpcServerProtocolService.java:onCompleted(113)) - 6044b653-4ba3-462e-b1d8-fff4097cca63: Completed APPEND_ENTRIES, lastRequest: 211683d0-e7e4-43b3-9a19-c932c2e3e607->6044b653-4ba3-462e-b1d8-fff4097cca63#151-t3, previous=(t:3, i:20), leaderCommit=16, initializing? false, entries: <empty>
2019-09-16 16:48:22,700 [grpc-default-executor-3] INFO  server.GrpcLogAppender (GrpcLogAppender.java:onCompleted(293)) - 211683d0-e7e4-43b3-9a19-c932c2e3e607@group-276A6773F05B->44446946-e2df-49b4-a08f-7c38e08da8da-AppendLogResponseHandler: follower responses appendEntries COMPLETED
2019-09-16 16:48:22,700 [main] INFO  impl.StateMachineUpdater (StateMachineUpdater.java:stopAndJoin(125)) - 211683d0-e7e4-43b3-9a19-c932c2e3e607@group-276A6773F05B-StateMachineUpdater: set stopIndex = 16
2019-09-16 16:48:22,700 [211683d0-e7e4-43b3-9a19-c932c2e3e607@group-276A6773F05B-StateMachineUpdater] INFO  ratis.ContainerStateMachine (ContainerStateMachine.java:takeSnapshot(289)) - group-276A6773F05B: Taking a snapshot at:(t:3, i:14) file /workdir/hadoop-ozone/integration-test/target/test-dir/MiniOzoneClusterImpl-2814d36b-6019-42fc-a66f-ece8bfc5d7d4/datanode-5/data/ratis/875f3d80-77df-4568-bd78-276a6773f05b/sm/snapshot.3_14
2019-09-16 16:48:22,700 [grpc-default-executor-2] INFO  server.GrpcLogAppender (GrpcLogAppender.java:onCompleted(293)) - 211683d0-e7e4-43b3-9a19-c932c2e3e607@group-276A6773F05B->6044b653-4ba3-462e-b1d8-fff4097cca63-AppendLogResponseHandler: follower responses appendEntries COMPLETED
2019-09-16 16:48:22,702 [grpc-default-executor-3] INFO  impl.FollowerInfo (FollowerInfo.java:lambda$new$0(51)) - 211683d0-e7e4-43b3-9a19-c932c2e3e607@group-276A6773F05B->44446946-e2df-49b4-a08f-7c38e08da8da: nextIndex: updateUnconditionally 21 -> 17
2019-09-16 16:48:22,703 [grpc-default-executor-2] INFO  impl.FollowerInfo (FollowerInfo.java:lambda$new$0(51)) - 211683d0-e7e4-43b3-9a19-c932c2e3e607@group-276A6773F05B->6044b653-4ba3-462e-b1d8-fff4097cca63: nextIndex: updateUnconditionally 21 -> 17
2019-09-16 16:48:22,719 [211683d0-e7e4-43b3-9a19-c932c2e3e607@group-276A6773F05B-StateMachineUpdater] INFO  ratis.ContainerStateMachine (ContainerStateMachine.java:takeSnapshot(300)) - group-276A6773F05B: Finished taking a snapshot at:(t:3, i:14) file:/workdir/hadoop-ozone/integration-test/target/test-dir/MiniOzoneClusterImpl-2814d36b-6019-42fc-a66f-ece8bfc5d7d4/datanode-5/data/ratis/875f3d80-77df-4568-bd78-276a6773f05b/sm/snapshot.3_14 time:19
2019-09-16 16:48:22,719 [37aba10a-6fc0-4836-82ce-0d66a20effe5@group-9A9DF8BBBB07-StateMachineUpdater] INFO  ratis.ContainerStateMachine (ContainerStateMachine.java:takeSnapshot(300)) - group-9A9DF8BBBB07: Finished taking a snapshot at:(t:2, i:12) file:/workdir/hadoop-ozone/integration-test/target/test-dir/MiniOzoneClusterImpl-2814d36b-6019-42fc-a66f-ece8bfc5d7d4/datanode-2/data/ratis/f1cee7fd-bb01-41f6-aed7-9a9df8bbbb07/sm/snapshot.2_12 time:30
2019-09-16 16:48:22,720 [37aba10a-6fc0-4836-82ce-0d66a20effe5@group-9A9DF8BBBB07-StateMachineUpdater] INFO  impl.StateMachineUpdater (StateMachineUpdater.java:takeSnapshot(258)) - 37aba10a-6fc0-4836-82ce-0d66a20effe5@group-9A9DF8BBBB07-StateMachineUpdater: Took a snapshot at index 12
2019-09-16 16:48:22,720 [211683d0-e7e4-43b3-9a19-c932c2e3e607@group-276A6773F05B-StateMachineUpdater] INFO  impl.StateMachineUpdater (StateMachineUpdater.java:takeSnapshot(258)) - 211683d0-e7e4-43b3-9a19-c932c2e3e607@group-276A6773F05B-StateMachineUpdater: Took a snapshot at index 14
2019-09-16 16:48:22,720 [37aba10a-6fc0-4836-82ce-0d66a20effe5@group-9A9DF8BBBB07-StateMachineUpdater] INFO  impl.StateMachineUpdater (StateMachineUpdater.java:lambda$new$0(83)) - 37aba10a-6fc0-4836-82ce-0d66a20effe5@group-9A9DF8BBBB07-StateMachineUpdater: snapshotIndex: updateIncreasingly -1 -> 12
2019-09-16 16:48:22,720 [211683d0-e7e4-43b3-9a19-c932c2e3e607@group-276A6773F05B-StateMachineUpdater] INFO  impl.StateMachineUpdater (StateMachineUpdater.java:lambda$new$0(83)) - 211683d0-e7e4-43b3-9a19-c932c2e3e607@group-276A6773F05B-StateMachineUpdater: snapshotIndex: updateIncreasingly -1 -> 14
2019-09-16 16:48:22,720 [37aba10a-6fc0-4836-82ce-0d66a20effe5@group-9A9DF8BBBB07-StateMachineUpdater] INFO  ratis.ContainerStateMachine (ContainerStateMachine.java:takeSnapshot(289)) - group-9A9DF8BBBB07: Taking a snapshot at:(t:2, i:12) file /workdir/hadoop-ozone/integration-test/target/test-dir/MiniOzoneClusterImpl-2814d36b-6019-42fc-a66f-ece8bfc5d7d4/datanode-2/data/ratis/f1cee7fd-bb01-41f6-aed7-9a9df8bbbb07/sm/snapshot.2_12
2019-09-16 16:48:22,720 [211683d0-e7e4-43b3-9a19-c932c2e3e607@group-276A6773F05B-StateMachineUpdater] INFO  ratis.ContainerStateMachine (ContainerStateMachine.java:takeSnapshot(289)) - group-276A6773F05B: Taking a snapshot at:(t:3, i:14) file /workdir/hadoop-ozone/integration-test/target/test-dir/MiniOzoneClusterImpl-2814d36b-6019-42fc-a66f-ece8bfc5d7d4/datanode-5/data/ratis/875f3d80-77df-4568-bd78-276a6773f05b/sm/snapshot.3_14
2019-09-16 16:48:22,754 [211683d0-e7e4-43b3-9a19-c932c2e3e607@group-276A6773F05B-StateMachineUpdater] INFO  ratis.ContainerStateMachine (ContainerStateMachine.java:takeSnapshot(300)) - group-276A6773F05B: Finished taking a snapshot at:(t:3, i:14) file:/workdir/hadoop-ozone/integration-test/target/test-dir/MiniOzoneClusterImpl-2814d36b-6019-42fc-a66f-ece8bfc5d7d4/datanode-5/data/ratis/875f3d80-77df-4568-bd78-276a6773f05b/sm/snapshot.3_14 time:34
2019-09-16 16:48:22,754 [37aba10a-6fc0-4836-82ce-0d66a20effe5@group-9A9DF8BBBB07-StateMachineUpdater] INFO  ratis.ContainerStateMachine (ContainerStateMachine.java:takeSnapshot(300)) - group-9A9DF8BBBB07: Finished taking a snapshot at:(t:2, i:12) file:/workdir/hadoop-ozone/integration-test/target/test-dir/MiniOzoneClusterImpl-2814d36b-6019-42fc-a66f-ece8bfc5d7d4/datanode-2/data/ratis/f1cee7fd-bb01-41f6-aed7-9a9df8bbbb07/sm/snapshot.2_12 time:34
2019-09-16 16:48:22,754 [211683d0-e7e4-43b3-9a19-c932c2e3e607@group-276A6773F05B-StateMachineUpdater] INFO  impl.StateMachineUpdater (StateMachineUpdater.java:takeSnapshot(258)) - 211683d0-e7e4-43b3-9a19-c932c2e3e607@group-276A6773F05B-StateMachineUpdater: Took a snapshot at index 14
2019-09-16 16:48:22,754 [211683d0-e7e4-43b3-9a19-c932c2e3e607@group-276A6773F05B-StateMachineUpdater] INFO  impl.StateMachineUpdater (StateMachineUpdater.java:lambda$new$0(83)) - 211683d0-e7e4-43b3-9a19-c932c2e3e607@group-276A6773F05B-StateMachineUpdater: snapshotIndex: updateIncreasingly 14 -> 14
2019-09-16 16:48:22,754 [37aba10a-6fc0-4836-82ce-0d66a20effe5@group-9A9DF8BBBB07-StateMachineUpdater] INFO  impl.StateMachineUpdater (StateMachineUpdater.java:takeSnapshot(258)) - 37aba10a-6fc0-4836-82ce-0d66a20effe5@group-9A9DF8BBBB07-StateMachineUpdater: Took a snapshot at index 12
2019-09-16 16:48:22,755 [37aba10a-6fc0-4836-82ce-0d66a20effe5@group-9A9DF8BBBB07-StateMachineUpdater] INFO  impl.StateMachineUpdater (StateMachineUpdater.java:lambda$new$0(83)) - 37aba10a-6fc0-4836-82ce-0d66a20effe5@group-9A9DF8BBBB07-StateMachineUpdater: snapshotIndex: updateIncreasingly 12 -> 12
2019-09-16 16:48:22,755 [main] INFO  impl.RaftServerImpl (ServerState.java:close(385)) - 211683d0-e7e4-43b3-9a19-c932c2e3e607@group-276A6773F05B: closes. applyIndex: 16
2019-09-16 16:48:22,755 [ForkJoinPool.commonPool-worker-0] INFO  impl.RaftServerImpl (ServerState.java:close(385)) - 37aba10a-6fc0-4836-82ce-0d66a20effe5@group-9A9DF8BBBB07: closes. applyIndex: 16
2019-09-16 16:48:22,759 [211683d0-e7e4-43b3-9a19-c932c2e3e607@group-276A6773F05B-SegmentedRaftLogWorker] ERROR ratis.XceiverServerRatis (XceiverServerRatis.java:triggerPipelineClose(575)) - pipeline Action CLOSE  on pipeline PipelineID=875f3d80-77df-4568-bd78-276a6773f05b.Reason : WriteLog:17: (t:3, i:17), STATEMACHINELOGENTRY, client-411C9E0252DD, cid=57-writeStateMachineData interrupted.
2019-09-16 16:48:22,759 [37aba10a-6fc0-4836-82ce-0d66a20effe5@group-9A9DF8BBBB07-SegmentedRaftLogWorker] ERROR ratis.XceiverServerRatis (XceiverServerRatis.java:triggerPipelineClose(575)) - pipeline Action CLOSE  on pipeline PipelineID=f1cee7fd-bb01-41f6-aed7-9a9df8bbbb07.Reason : WriteLog:19: (t:2, i:19), STATEMACHINELOGENTRY, client-B863CA8D5873, cid=45-writeStateMachineData interrupted.
2019-09-16 16:48:22,762 [main] INFO  segmented.SegmentedRaftLogWorker (SegmentedRaftLogWorker.java:close(228)) - 211683d0-e7e4-43b3-9a19-c932c2e3e607@group-276A6773F05B-SegmentedRaftLogWorker close()
2019-09-16 16:48:22,768 [main] INFO  impl.RaftServerImpl (RaftServerImpl.java:lambda$shutdown$3(251)) - 211683d0-e7e4-43b3-9a19-c932c2e3e607@group-1E5A4C08F6F2: shutdown
2019-09-16 16:48:22,769 [main] INFO  util.JmxRegister (JmxRegister.java:unregister(73)) - Successfully un-registered JMX Bean with object name Ratis:service=RaftServer,group=group-1E5A4C08F6F2,id=211683d0-e7e4-43b3-9a19-c932c2e3e607
2019-09-16 16:48:22,769 [main] INFO  impl.RoleInfo (RoleInfo.java:shutdownLeaderState(104)) - 211683d0-e7e4-43b3-9a19-c932c2e3e607: shutdown LeaderState
2019-09-16 16:48:22,769 [main] INFO  impl.PendingRequests (PendingRequests.java:sendNotLeaderResponses(202)) - 211683d0-e7e4-43b3-9a19-c932c2e3e607-PendingRequests: sendNotLeaderResponses
2019-09-16 16:48:22,770 [main] INFO  impl.StateMachineUpdater (StateMachineUpdater.java:stopAndJoin(125)) - 211683d0-e7e4-43b3-9a19-c932c2e3e607@group-1E5A4C08F6F2-StateMachineUpdater: set stopIndex = 0
2019-09-16 16:48:22,771 [main] INFO  impl.RaftServerImpl (ServerState.java:close(385)) - 211683d0-e7e4-43b3-9a19-c932c2e3e607@group-1E5A4C08F6F2: closes. applyIndex: 0
2019-09-16 16:48:22,771 [211683d0-e7e4-43b3-9a19-c932c2e3e607@group-1E5A4C08F6F2-SegmentedRaftLogWorker] INFO  segmented.SegmentedRaftLogWorker (SegmentedRaftLogWorker.java:run(313)) - 211683d0-e7e4-43b3-9a19-c932c2e3e607@group-1E5A4C08F6F2-SegmentedRaftLogWorker was interrupted, exiting. There are 0 tasks remaining in the queue.
2019-09-16 16:48:22,773 [main] INFO  segmented.SegmentedRaftLogWorker (SegmentedRaftLogWorker.java:close(228)) - 211683d0-e7e4-43b3-9a19-c932c2e3e607@group-1E5A4C08F6F2-SegmentedRaftLogWorker close()
2019-09-16 16:48:22,776 [main] INFO  server.GrpcService (GrpcService.java:closeImpl(164)) - 211683d0-e7e4-43b3-9a19-c932c2e3e607: shutdown server with port 38618 now
2019-09-16 16:48:22,778 [ForkJoinPool.commonPool-worker-0] INFO  segmented.SegmentedRaftLogWorker (SegmentedRaftLogWorker.java:close(228)) - 37aba10a-6fc0-4836-82ce-0d66a20effe5@group-9A9DF8BBBB07-SegmentedRaftLogWorker close()
2019-09-16 16:48:22,781 [ForkJoinPool.commonPool-worker-0] INFO  impl.RaftServerImpl (RaftServerImpl.java:lambda$shutdown$3(251)) - 37aba10a-6fc0-4836-82ce-0d66a20effe5@group-7CC4BAA27306: shutdown
2019-09-16 16:48:22,782 [ForkJoinPool.commonPool-worker-0] INFO  util.JmxRegister (JmxRegister.java:unregister(73)) - Successfully un-registered JMX Bean with object name Ratis:service=RaftServer,group=group-7CC4BAA27306,id=37aba10a-6fc0-4836-82ce-0d66a20effe5
2019-09-16 16:48:22,782 [ForkJoinPool.commonPool-worker-0] INFO  impl.RoleInfo (RoleInfo.java:shutdownLeaderState(104)) - 37aba10a-6fc0-4836-82ce-0d66a20effe5: shutdown LeaderState
2019-09-16 16:48:22,782 [main] INFO  server.GrpcService (GrpcService.java:closeImpl(172)) - 211683d0-e7e4-43b3-9a19-c932c2e3e607: shutdown server with port 38618 successfully
2019-09-16 16:48:22,782 [ForkJoinPool.commonPool-worker-0] INFO  impl.PendingRequests (PendingRequests.java:sendNotLeaderResponses(202)) - 37aba10a-6fc0-4836-82ce-0d66a20effe5-PendingRequests: sendNotLeaderResponses
2019-09-16 16:48:22,784 [ForkJoinPool.commonPool-worker-0] INFO  impl.StateMachineUpdater (StateMachineUpdater.java:stopAndJoin(125)) - 37aba10a-6fc0-4836-82ce-0d66a20effe5@group-7CC4BAA27306-StateMachineUpdater: set stopIndex = 0
2019-09-16 16:48:22,784 [ForkJoinPool.commonPool-worker-0] INFO  impl.RaftServerImpl (ServerState.java:close(385)) - 37aba10a-6fc0-4836-82ce-0d66a20effe5@group-7CC4BAA27306: closes. applyIndex: 0
2019-09-16 16:48:22,785 [37aba10a-6fc0-4836-82ce-0d66a20effe5@group-7CC4BAA27306-SegmentedRaftLogWorker] INFO  segmented.SegmentedRaftLogWorker (SegmentedRaftLogWorker.java:run(313)) - 37aba10a-6fc0-4836-82ce-0d66a20effe5@group-7CC4BAA27306-SegmentedRaftLogWorker was interrupted, exiting. There are 0 tasks remaining in the queue.
2019-09-16 16:48:22,787 [ForkJoinPool.commonPool-worker-0] INFO  segmented.SegmentedRaftLogWorker (SegmentedRaftLogWorker.java:close(228)) - 37aba10a-6fc0-4836-82ce-0d66a20effe5@group-7CC4BAA27306-SegmentedRaftLogWorker close()
2019-09-16 16:48:22,791 [ForkJoinPool.commonPool-worker-0] INFO  server.GrpcService (GrpcService.java:closeImpl(164)) - 37aba10a-6fc0-4836-82ce-0d66a20effe5: shutdown server with port 35204 now
2019-09-16 16:48:22,793 [ForkJoinPool.commonPool-worker-0] INFO  server.GrpcService (GrpcService.java:closeImpl(172)) - 37aba10a-6fc0-4836-82ce-0d66a20effe5: shutdown server with port 35204 successfully
2019-09-16 16:48:22,793 [grpc-default-executor-2] WARN  server.GrpcLogAppender (LogUtils.java:warn(134)) - d7db739d-8a5f-427c-bc0a-5603ac8ba161@group-9A9DF8BBBB07->37aba10a-6fc0-4836-82ce-0d66a20effe5-AppendLogResponseHandler: Failed appendEntries: org.apache.ratis.thirdparty.io.grpc.StatusRuntimeException: CANCELLED: HTTP/2 error code: CANCEL
Received Rst Stream
2019-09-16 16:48:22,793 [grpc-default-executor-3] WARN  server.GrpcServerProtocolService (LogUtils.java:warn(134)) - 37aba10a-6fc0-4836-82ce-0d66a20effe5: installSnapshot onError, lastRequest: d7db739d-8a5f-427c-bc0a-5603ac8ba161->37aba10a-6fc0-4836-82ce-0d66a20effe5#151-t2, previous=(t:2, i:20), leaderCommit=16, initializing? false, entries: <empty>: org.apache.ratis.thirdparty.io.grpc.StatusRuntimeException: CANCELLED: cancelled before receiving half close
2019-09-16 16:48:22,794 [grpc-default-executor-2] INFO  impl.FollowerInfo (FollowerInfo.java:lambda$new$0(51)) - d7db739d-8a5f-427c-bc0a-5603ac8ba161@group-9A9DF8BBBB07->37aba10a-6fc0-4836-82ce-0d66a20effe5: nextIndex: updateUnconditionally 21 -> 17
2019-09-16 16:48:22,794 [refreshUsed-/workdir/hadoop-ozone/integration-test/target/test-dir/MiniOzoneClusterImpl-2814d36b-6019-42fc-a66f-ece8bfc5d7d4/datanode-2/data/containers] WARN  fs.CachingGetSpaceUsed (CachingGetSpaceUsed.java:run(183)) - Thread Interrupted waiting to refresh disk information: sleep interrupted
2019-09-16 16:48:22,806 [refreshUsed-/workdir/hadoop-ozone/integration-test/target/test-dir/MiniOzoneClusterImpl-2814d36b-6019-42fc-a66f-ece8bfc5d7d4/datanode-5/data/containers] WARN  fs.CachingGetSpaceUsed (CachingGetSpaceUsed.java:run(183)) - Thread Interrupted waiting to refresh disk information: sleep interrupted
2019-09-16 16:48:22,824 [ForkJoinPool.commonPool-worker-0] INFO  utils.BackgroundService (BackgroundService.java:shutdown(148)) - Shutting down service BlockDeletingService
2019-09-16 16:48:22,824 [main] INFO  utils.BackgroundService (BackgroundService.java:shutdown(148)) - Shutting down service BlockDeletingService
2019-09-16 16:48:22,832 [ForkJoinPool.commonPool-worker-0] INFO  statemachine.DatanodeStateMachine (DatanodeStateMachine.java:stopDaemon(395)) - Ozone container server stopped.
2019-09-16 16:48:22,833 [main] INFO  statemachine.DatanodeStateMachine (DatanodeStateMachine.java:stopDaemon(395)) - Ozone container server stopped.
2019-09-16 16:48:22,839 [main] INFO  handler.ContextHandler (ContextHandler.java:doStop(910)) - Stopped o.e.j.w.WebAppContext@1c26273d{/,null,UNAVAILABLE}{/hddsDatanode}
2019-09-16 16:48:22,839 [ForkJoinPool.commonPool-worker-0] INFO  handler.ContextHandler (ContextHandler.java:doStop(910)) - Stopped o.e.j.w.WebAppContext@fc807c1{/,null,UNAVAILABLE}{/hddsDatanode}
2019-09-16 16:48:22,840 [main] INFO  server.AbstractConnector (AbstractConnector.java:doStop(318)) - Stopped ServerConnector@3a37a501{HTTP/1.1,[http/1.1]}{0.0.0.0:0}
2019-09-16 16:48:22,840 [ForkJoinPool.commonPool-worker-0] INFO  server.AbstractConnector (AbstractConnector.java:doStop(318)) - Stopped ServerConnector@296e281a{HTTP/1.1,[http/1.1]}{0.0.0.0:0}
2019-09-16 16:48:22,840 [main] INFO  handler.ContextHandler (ContextHandler.java:doStop(910)) - Stopped o.e.j.s.ServletContextHandler@2370ac7a{/static,jar:file:/home/user/.m2/repository/org/apache/hadoop/hadoop-hdds-container-service/0.5.0-SNAPSHOT/hadoop-hdds-container-service-0.5.0-SNAPSHOT.jar!/webapps/static,UNAVAILABLE}
2019-09-16 16:48:22,842 [ForkJoinPool.commonPool-worker-0] INFO  handler.ContextHandler (ContextHandler.java:doStop(910)) - Stopped o.e.j.s.ServletContextHandler@4d95a72e{/static,jar:file:/home/user/.m2/repository/org/apache/hadoop/hadoop-hdds-container-service/0.5.0-SNAPSHOT/hadoop-hdds-container-service-0.5.0-SNAPSHOT.jar!/webapps/static,UNAVAILABLE}
2019-09-16 16:48:22,842 [main] INFO  handler.ContextHandler (ContextHandler.java:doStop(910)) - Stopped o.e.j.s.ServletContextHandler@117d32e{/logs,file:///workdir/hadoop-ozone/integration-test/target/log,UNAVAILABLE}
2019-09-16 16:48:22,844 [ForkJoinPool.commonPool-worker-0] INFO  handler.ContextHandler (ContextHandler.java:doStop(910)) - Stopped o.e.j.s.ServletContextHandler@44536de4{/logs,file:///workdir/hadoop-ozone/integration-test/target/log,UNAVAILABLE}
2019-09-16 16:48:22,906 [java.util.concurrent.ThreadPoolExecutor$Worker@67fb0c7c[State = -1, empty queue]] WARN  server.GrpcLogAppender (GrpcLogAppender.java:timeoutAppendRequest(200)) - d7db739d-8a5f-427c-bc0a-5603ac8ba161@group-9A9DF8BBBB07->22812086-b692-43a0-8348-44721a5a82d7-GrpcLogAppender: appendEntries Timeout, request=d7db739d-8a5f-427c-bc0a-5603ac8ba161->22812086-b692-43a0-8348-44721a5a82d7#146-t2, previous=(t:2, i:20), leaderCommit=16, initializing? false, entries: <empty>
2019-09-16 16:48:22,920 [grpc-default-executor-3] WARN  server.GrpcLogAppender (LogUtils.java:warn(134)) - d7db739d-8a5f-427c-bc0a-5603ac8ba161@group-9A9DF8BBBB07->37aba10a-6fc0-4836-82ce-0d66a20effe5-AppendLogResponseHandler: Failed appendEntries: org.apache.ratis.thirdparty.io.grpc.StatusRuntimeException: UNAVAILABLE: io exception
2019-09-16 16:48:22,922 [grpc-default-executor-3] INFO  impl.FollowerInfo (FollowerInfo.java:lambda$new$0(51)) - d7db739d-8a5f-427c-bc0a-5603ac8ba161@group-9A9DF8BBBB07->37aba10a-6fc0-4836-82ce-0d66a20effe5: nextIndex: updateUnconditionally 17 -> 16
2019-09-16 16:48:23,225 [Datanode State Machine Thread - 0] INFO  statemachine.DatanodeStateMachine (DatanodeStateMachine.java:lambda$startDaemon$0(350)) - Ozone container server started.
2019-09-16 16:48:23,407 [java.util.concurrent.ThreadPoolExecutor$Worker@67fb0c7c[State = -1, empty queue]] WARN  server.GrpcLogAppender (GrpcLogAppender.java:timeoutAppendRequest(200)) - d7db739d-8a5f-427c-bc0a-5603ac8ba161@group-9A9DF8BBBB07->22812086-b692-43a0-8348-44721a5a82d7-GrpcLogAppender: appendEntries Timeout, request=d7db739d-8a5f-427c-bc0a-5603ac8ba161->22812086-b692-43a0-8348-44721a5a82d7#147-t2, previous=(t:2, i:20), leaderCommit=16, initializing? false, entries: <empty>
2019-09-16 16:48:23,413 [grpc-default-executor-1] WARN  server.GrpcLogAppender (LogUtils.java:warn(134)) - d7db739d-8a5f-427c-bc0a-5603ac8ba161@group-9A9DF8BBBB07->37aba10a-6fc0-4836-82ce-0d66a20effe5-AppendLogResponseHandler: Failed appendEntries: org.apache.ratis.thirdparty.io.grpc.StatusRuntimeException: UNAVAILABLE: io exception
2019-09-16 16:48:23,415 [grpc-default-executor-1] INFO  impl.FollowerInfo (FollowerInfo.java:lambda$new$0(51)) - d7db739d-8a5f-427c-bc0a-5603ac8ba161@group-9A9DF8BBBB07->37aba10a-6fc0-4836-82ce-0d66a20effe5: nextIndex: updateUnconditionally 16 -> 15
2019-09-16 16:48:23,447 [Datanode State Machine Thread - 0] INFO  statemachine.DatanodeStateMachine (DatanodeStateMachine.java:lambda$startDaemon$0(350)) - Ozone container server started.
2019-09-16 16:48:23,907 [java.util.concurrent.ThreadPoolExecutor$Worker@67fb0c7c[State = -1, empty queue]] WARN  server.GrpcLogAppender (GrpcLogAppender.java:timeoutAppendRequest(200)) - d7db739d-8a5f-427c-bc0a-5603ac8ba161@group-9A9DF8BBBB07->22812086-b692-43a0-8348-44721a5a82d7-GrpcLogAppender: appendEntries Timeout, request=d7db739d-8a5f-427c-bc0a-5603ac8ba161->22812086-b692-43a0-8348-44721a5a82d7#148-t2, previous=(t:2, i:20), leaderCommit=16, initializing? false, entries: <empty>
2019-09-16 16:48:23,913 [grpc-default-executor-1] WARN  server.GrpcLogAppender (LogUtils.java:warn(134)) - d7db739d-8a5f-427c-bc0a-5603ac8ba161@group-9A9DF8BBBB07->37aba10a-6fc0-4836-82ce-0d66a20effe5-AppendLogResponseHandler: Failed appendEntries: org.apache.ratis.thirdparty.io.grpc.StatusRuntimeException: UNAVAILABLE: io exception
2019-09-16 16:48:23,916 [grpc-default-executor-1] INFO  impl.FollowerInfo (FollowerInfo.java:lambda$new$0(51)) - d7db739d-8a5f-427c-bc0a-5603ac8ba161@group-9A9DF8BBBB07->37aba10a-6fc0-4836-82ce-0d66a20effe5: nextIndex: updateUnconditionally 15 -> 14
2019-09-16 16:48:24,408 [java.util.concurrent.ThreadPoolExecutor$Worker@67fb0c7c[State = -1, empty queue]] WARN  server.GrpcLogAppender (GrpcLogAppender.java:timeoutAppendRequest(200)) - d7db739d-8a5f-427c-bc0a-5603ac8ba161@group-9A9DF8BBBB07->22812086-b692-43a0-8348-44721a5a82d7-GrpcLogAppender: appendEntries Timeout, request=d7db739d-8a5f-427c-bc0a-5603ac8ba161->22812086-b692-43a0-8348-44721a5a82d7#149-t2, previous=(t:2, i:20), leaderCommit=16, initializing? false, entries: <empty>
2019-09-16 16:48:24,414 [grpc-default-executor-1] WARN  server.GrpcLogAppender (LogUtils.java:warn(134)) - d7db739d-8a5f-427c-bc0a-5603ac8ba161@group-9A9DF8BBBB07->37aba10a-6fc0-4836-82ce-0d66a20effe5-AppendLogResponseHandler: Failed appendEntries: org.apache.ratis.thirdparty.io.grpc.StatusRuntimeException: UNAVAILABLE: io exception
2019-09-16 16:48:24,417 [grpc-default-executor-1] INFO  impl.FollowerInfo (FollowerInfo.java:lambda$new$0(51)) - d7db739d-8a5f-427c-bc0a-5603ac8ba161@group-9A9DF8BBBB07->37aba10a-6fc0-4836-82ce-0d66a20effe5: nextIndex: updateUnconditionally 14 -> 13
2019-09-16 16:48:24,908 [java.util.concurrent.ThreadPoolExecutor$Worker@67fb0c7c[State = -1, empty queue]] WARN  server.GrpcLogAppender (GrpcLogAppender.java:timeoutAppendRequest(200)) - d7db739d-8a5f-427c-bc0a-5603ac8ba161@group-9A9DF8BBBB07->22812086-b692-43a0-8348-44721a5a82d7-GrpcLogAppender: appendEntries Timeout, request=d7db739d-8a5f-427c-bc0a-5603ac8ba161->22812086-b692-43a0-8348-44721a5a82d7#150-t2, previous=(t:2, i:20), leaderCommit=16, initializing? false, entries: <empty>
2019-09-16 16:48:24,915 [grpc-default-executor-2] WARN  server.GrpcLogAppender (LogUtils.java:warn(134)) - d7db739d-8a5f-427c-bc0a-5603ac8ba161@group-9A9DF8BBBB07->37aba10a-6fc0-4836-82ce-0d66a20effe5-AppendLogResponseHandler: Failed appendEntries: org.apache.ratis.thirdparty.io.grpc.StatusRuntimeException: UNAVAILABLE: io exception
2019-09-16 16:48:24,920 [grpc-default-executor-2] INFO  impl.FollowerInfo (FollowerInfo.java:lambda$new$0(51)) - d7db739d-8a5f-427c-bc0a-5603ac8ba161@group-9A9DF8BBBB07->37aba10a-6fc0-4836-82ce-0d66a20effe5: nextIndex: updateUnconditionally 13 -> 12
2019-09-16 16:48:25,315 [d7db739d-8a5f-427c-bc0a-5603ac8ba161@group-9A9DF8BBBB07-SegmentedRaftLogWorker] WARN  segmented.SegmentedRaftLogWorker (SegmentedRaftLogWorker.java:getFromFuture(90)) - Timeout 4/~
org.apache.ratis.protocol.TimeoutIOException: Timeout 10s: WriteLog:17: (t:2, i:17), STATEMACHINELOGENTRY, client-B863CA8D5873, cid=43-writeStateMachineData
	at org.apache.ratis.util.IOUtils.getFromFuture(IOUtils.java:87)
	at org.apache.ratis.server.raftlog.segmented.SegmentedRaftLogWorker$StateMachineDataPolicy.getFromFuture(SegmentedRaftLogWorker.java:87)
	at org.apache.ratis.server.raftlog.segmented.SegmentedRaftLogWorker$WriteLog.execute(SegmentedRaftLogWorker.java:477)
	at org.apache.ratis.server.raftlog.segmented.SegmentedRaftLogWorker.run(SegmentedRaftLogWorker.java:289)
	at java.lang.Thread.run(Thread.java:748)
Caused by: java.util.concurrent.TimeoutException
	at java.util.concurrent.CompletableFuture.timedGet(CompletableFuture.java:1771)
	at java.util.concurrent.CompletableFuture.get(CompletableFuture.java:1915)
	at org.apache.ratis.util.IOUtils.getFromFuture(IOUtils.java:79)
	... 4 more
2019-09-16 16:48:25,342 [22812086-b692-43a0-8348-44721a5a82d7@group-9A9DF8BBBB07-SegmentedRaftLogWorker] WARN  segmented.SegmentedRaftLogWorker (SegmentedRaftLogWorker.java:getFromFuture(90)) - Timeout 4/~
org.apache.ratis.protocol.TimeoutIOException: Timeout 10s: WriteLog:17: (t:2, i:17), STATEMACHINELOGENTRY, client-B863CA8D5873, cid=43-writeStateMachineData
	at org.apache.ratis.util.IOUtils.getFromFuture(IOUtils.java:87)
	at org.apache.ratis.server.raftlog.segmented.SegmentedRaftLogWorker$StateMachineDataPolicy.getFromFuture(SegmentedRaftLogWorker.java:87)
	at org.apache.ratis.server.raftlog.segmented.SegmentedRaftLogWorker$WriteLog.execute(SegmentedRaftLogWorker.java:477)
	at org.apache.ratis.server.raftlog.segmented.SegmentedRaftLogWorker.run(SegmentedRaftLogWorker.java:289)
	at java.lang.Thread.run(Thread.java:748)
Caused by: java.util.concurrent.TimeoutException
	at java.util.concurrent.CompletableFuture.timedGet(CompletableFuture.java:1771)
	at java.util.concurrent.CompletableFuture.get(CompletableFuture.java:1915)
	at org.apache.ratis.util.IOUtils.getFromFuture(IOUtils.java:79)
	... 4 more
2019-09-16 16:48:25,409 [java.util.concurrent.ThreadPoolExecutor$Worker@67fb0c7c[State = -1, empty queue]] WARN  server.GrpcLogAppender (GrpcLogAppender.java:timeoutAppendRequest(200)) - d7db739d-8a5f-427c-bc0a-5603ac8ba161@group-9A9DF8BBBB07->22812086-b692-43a0-8348-44721a5a82d7-GrpcLogAppender: appendEntries Timeout, request=d7db739d-8a5f-427c-bc0a-5603ac8ba161->22812086-b692-43a0-8348-44721a5a82d7#151-t2, previous=(t:2, i:20), leaderCommit=16, initializing? false, entries: <empty>
2019-09-16 16:48:25,416 [grpc-default-executor-3] WARN  server.GrpcLogAppender (LogUtils.java:warn(134)) - d7db739d-8a5f-427c-bc0a-5603ac8ba161@group-9A9DF8BBBB07->37aba10a-6fc0-4836-82ce-0d66a20effe5-AppendLogResponseHandler: Failed appendEntries: org.apache.ratis.thirdparty.io.grpc.StatusRuntimeException: UNAVAILABLE: io exception
2019-09-16 16:48:25,421 [grpc-default-executor-3] INFO  impl.FollowerInfo (FollowerInfo.java:lambda$new$0(51)) - d7db739d-8a5f-427c-bc0a-5603ac8ba161@group-9A9DF8BBBB07->37aba10a-6fc0-4836-82ce-0d66a20effe5: nextIndex: updateUnconditionally 12 -> 11
2019-09-16 16:48:25,909 [java.util.concurrent.ThreadPoolExecutor$Worker@67fb0c7c[State = -1, empty queue]] WARN  server.GrpcLogAppender (GrpcLogAppender.java:timeoutAppendRequest(200)) - d7db739d-8a5f-427c-bc0a-5603ac8ba161@group-9A9DF8BBBB07->22812086-b692-43a0-8348-44721a5a82d7-GrpcLogAppender: appendEntries Timeout, request=d7db739d-8a5f-427c-bc0a-5603ac8ba161->22812086-b692-43a0-8348-44721a5a82d7#152-t2, previous=(t:2, i:20), leaderCommit=16, initializing? false, entries: <empty>
2019-09-16 16:48:25,918 [grpc-default-executor-3] WARN  server.GrpcLogAppender (LogUtils.java:warn(134)) - d7db739d-8a5f-427c-bc0a-5603ac8ba161@group-9A9DF8BBBB07->37aba10a-6fc0-4836-82ce-0d66a20effe5-AppendLogResponseHandler: Failed appendEntries: org.apache.ratis.thirdparty.io.grpc.StatusRuntimeException: UNAVAILABLE: io exception
2019-09-16 16:48:25,921 [grpc-default-executor-3] INFO  impl.FollowerInfo (FollowerInfo.java:lambda$new$0(51)) - d7db739d-8a5f-427c-bc0a-5603ac8ba161@group-9A9DF8BBBB07->37aba10a-6fc0-4836-82ce-0d66a20effe5: nextIndex: updateUnconditionally 11 -> 10
2019-09-16 16:48:26,248 [b1d373fd-82f2-45f9-929a-b8d8660dbeb2@group-651FE1B6B3BB-SegmentedRaftLogWorker] WARN  segmented.SegmentedRaftLogWorker (SegmentedRaftLogWorker.java:getFromFuture(90)) - Timeout 6/~
org.apache.ratis.protocol.TimeoutIOException: Timeout 10s: WriteLog:17: (t:1, i:17), STATEMACHINELOGENTRY, client-AC4080E834B7, cid=29-writeStateMachineData
	at org.apache.ratis.util.IOUtils.getFromFuture(IOUtils.java:87)
	at org.apache.ratis.server.raftlog.segmented.SegmentedRaftLogWorker$StateMachineDataPolicy.getFromFuture(SegmentedRaftLogWorker.java:87)
	at org.apache.ratis.server.raftlog.segmented.SegmentedRaftLogWorker$WriteLog.execute(SegmentedRaftLogWorker.java:477)
	at org.apache.ratis.server.raftlog.segmented.SegmentedRaftLogWorker.run(SegmentedRaftLogWorker.java:289)
	at java.lang.Thread.run(Thread.java:748)
Caused by: java.util.concurrent.TimeoutException
	at java.util.concurrent.CompletableFuture.timedGet(CompletableFuture.java:1771)
	at java.util.concurrent.CompletableFuture.get(CompletableFuture.java:1915)
	at org.apache.ratis.util.IOUtils.getFromFuture(IOUtils.java:79)
	... 4 more
2019-09-16 16:48:26,409 [java.util.concurrent.ThreadPoolExecutor$Worker@67fb0c7c[State = -1, empty queue]] WARN  server.GrpcLogAppender (GrpcLogAppender.java:timeoutAppendRequest(200)) - d7db739d-8a5f-427c-bc0a-5603ac8ba161@group-9A9DF8BBBB07->22812086-b692-43a0-8348-44721a5a82d7-GrpcLogAppender: appendEntries Timeout, request=d7db739d-8a5f-427c-bc0a-5603ac8ba161->22812086-b692-43a0-8348-44721a5a82d7#153-t2, previous=(t:2, i:20), leaderCommit=16, initializing? false, entries: <empty>
2019-09-16 16:48:26,419 [grpc-default-executor-1] WARN  server.GrpcLogAppender (LogUtils.java:warn(134)) - d7db739d-8a5f-427c-bc0a-5603ac8ba161@group-9A9DF8BBBB07->37aba10a-6fc0-4836-82ce-0d66a20effe5-AppendLogResponseHandler: Failed appendEntries: org.apache.ratis.thirdparty.io.grpc.StatusRuntimeException: UNAVAILABLE: io exception
2019-09-16 16:48:26,426 [grpc-default-executor-1] INFO  impl.FollowerInfo (FollowerInfo.java:lambda$new$0(51)) - d7db739d-8a5f-427c-bc0a-5603ac8ba161@group-9A9DF8BBBB07->37aba10a-6fc0-4836-82ce-0d66a20effe5: nextIndex: updateUnconditionally 10 -> 9
2019-09-16 16:48:26,441 [f1ea936a-1aa4-4b4f-a193-5108e1c15289@group-651FE1B6B3BB-SegmentedRaftLogWorker] WARN  segmented.SegmentedRaftLogWorker (SegmentedRaftLogWorker.java:getFromFuture(90)) - Timeout 6/~
org.apache.ratis.protocol.TimeoutIOException: Timeout 10s: WriteLog:19: (t:1, i:19), STATEMACHINELOGENTRY, client-AC4080E834B7, cid=31-writeStateMachineData
	at org.apache.ratis.util.IOUtils.getFromFuture(IOUtils.java:87)
	at org.apache.ratis.server.raftlog.segmented.SegmentedRaftLogWorker$StateMachineDataPolicy.getFromFuture(SegmentedRaftLogWorker.java:87)
	at org.apache.ratis.server.raftlog.segmented.SegmentedRaftLogWorker$WriteLog.execute(SegmentedRaftLogWorker.java:477)
	at org.apache.ratis.server.raftlog.segmented.SegmentedRaftLogWorker.run(SegmentedRaftLogWorker.java:289)
	at java.lang.Thread.run(Thread.java:748)
Caused by: java.util.concurrent.TimeoutException
	at java.util.concurrent.CompletableFuture.timedGet(CompletableFuture.java:1771)
	at java.util.concurrent.CompletableFuture.get(CompletableFuture.java:1915)
	at org.apache.ratis.util.IOUtils.getFromFuture(IOUtils.java:79)
	... 4 more
2019-09-16 16:48:26,910 [java.util.concurrent.ThreadPoolExecutor$Worker@67fb0c7c[State = -1, empty queue]] WARN  server.GrpcLogAppender (GrpcLogAppender.java:timeoutAppendRequest(200)) - d7db739d-8a5f-427c-bc0a-5603ac8ba161@group-9A9DF8BBBB07->22812086-b692-43a0-8348-44721a5a82d7-GrpcLogAppender: appendEntries Timeout, request=d7db739d-8a5f-427c-bc0a-5603ac8ba161->22812086-b692-43a0-8348-44721a5a82d7#154-t2, previous=(t:2, i:20), leaderCommit=16, initializing? false, entries: <empty>
2019-09-16 16:48:26,921 [grpc-default-executor-2] WARN  server.GrpcLogAppender (LogUtils.java:warn(134)) - d7db739d-8a5f-427c-bc0a-5603ac8ba161@group-9A9DF8BBBB07->37aba10a-6fc0-4836-82ce-0d66a20effe5-AppendLogResponseHandler: Failed appendEntries: org.apache.ratis.thirdparty.io.grpc.StatusRuntimeException: UNAVAILABLE: io exception
2019-09-16 16:48:26,924 [grpc-default-executor-2] INFO  impl.FollowerInfo (FollowerInfo.java:lambda$new$0(51)) - d7db739d-8a5f-427c-bc0a-5603ac8ba161@group-9A9DF8BBBB07->37aba10a-6fc0-4836-82ce-0d66a20effe5: nextIndex: updateUnconditionally 9 -> 8
2019-09-16 16:48:27,410 [java.util.concurrent.ThreadPoolExecutor$Worker@67fb0c7c[State = -1, empty queue]] WARN  server.GrpcLogAppender (GrpcLogAppender.java:timeoutAppendRequest(200)) - d7db739d-8a5f-427c-bc0a-5603ac8ba161@group-9A9DF8BBBB07->22812086-b692-43a0-8348-44721a5a82d7-GrpcLogAppender: appendEntries Timeout, request=d7db739d-8a5f-427c-bc0a-5603ac8ba161->22812086-b692-43a0-8348-44721a5a82d7#155-t2, previous=(t:2, i:20), leaderCommit=16, initializing? false, entries: <empty>
2019-09-16 16:48:27,421 [grpc-default-executor-3] WARN  server.GrpcLogAppender (LogUtils.java:warn(134)) - d7db739d-8a5f-427c-bc0a-5603ac8ba161@group-9A9DF8BBBB07->37aba10a-6fc0-4836-82ce-0d66a20effe5-AppendLogResponseHandler: Failed appendEntries: org.apache.ratis.thirdparty.io.grpc.StatusRuntimeException: UNAVAILABLE: io exception
2019-09-16 16:48:27,425 [grpc-default-executor-3] INFO  impl.FollowerInfo (FollowerInfo.java:lambda$new$0(51)) - d7db739d-8a5f-427c-bc0a-5603ac8ba161@group-9A9DF8BBBB07->37aba10a-6fc0-4836-82ce-0d66a20effe5: nextIndex: updateUnconditionally 8 -> 7
2019-09-16 16:48:27,846 [main] INFO  ozoneimpl.OzoneContainer (OzoneContainer.java:stop(231)) - Attempting to stop container services.
2019-09-16 16:48:27,846 [ForkJoinPool.commonPool-worker-0] INFO  ozoneimpl.OzoneContainer (OzoneContainer.java:stop(231)) - Attempting to stop container services.
2019-09-16 16:48:27,847 [main] INFO  impl.RaftServerProxy (RaftServerProxy.java:lambda$close$4(314)) - 13e0063a-a130-4fd5-85d5-da091d0097cd: close
2019-09-16 16:48:27,848 [main] INFO  impl.RaftServerImpl (RaftServerImpl.java:lambda$shutdown$3(251)) - 13e0063a-a130-4fd5-85d5-da091d0097cd@group-5589D458CBDA: shutdown
2019-09-16 16:48:27,848 [ForkJoinPool.commonPool-worker-0] INFO  impl.RaftServerProxy (RaftServerProxy.java:lambda$close$4(314)) - f1ea936a-1aa4-4b4f-a193-5108e1c15289: close
2019-09-16 16:48:27,848 [main] INFO  util.JmxRegister (JmxRegister.java:unregister(73)) - Successfully un-registered JMX Bean with object name Ratis:service=RaftServer,group=group-5589D458CBDA,id=13e0063a-a130-4fd5-85d5-da091d0097cd
2019-09-16 16:48:27,849 [ForkJoinPool.commonPool-worker-0] INFO  impl.RaftServerImpl (RaftServerImpl.java:lambda$shutdown$3(251)) - f1ea936a-1aa4-4b4f-a193-5108e1c15289@group-5757E4626DA8: shutdown
2019-09-16 16:48:27,849 [main] INFO  impl.RoleInfo (RoleInfo.java:shutdownLeaderState(104)) - 13e0063a-a130-4fd5-85d5-da091d0097cd: shutdown LeaderState
2019-09-16 16:48:27,849 [ForkJoinPool.commonPool-worker-0] INFO  util.JmxRegister (JmxRegister.java:unregister(73)) - Successfully un-registered JMX Bean with object name Ratis:service=RaftServer,group=group-5757E4626DA8,id=f1ea936a-1aa4-4b4f-a193-5108e1c15289
2019-09-16 16:48:27,849 [main] INFO  impl.PendingRequests (PendingRequests.java:sendNotLeaderResponses(202)) - 13e0063a-a130-4fd5-85d5-da091d0097cd-PendingRequests: sendNotLeaderResponses
2019-09-16 16:48:27,850 [ForkJoinPool.commonPool-worker-0] INFO  impl.RoleInfo (RoleInfo.java:shutdownLeaderState(104)) - f1ea936a-1aa4-4b4f-a193-5108e1c15289: shutdown LeaderState
2019-09-16 16:48:27,850 [main] INFO  impl.StateMachineUpdater (StateMachineUpdater.java:stopAndJoin(125)) - 13e0063a-a130-4fd5-85d5-da091d0097cd@group-5589D458CBDA-StateMachineUpdater: set stopIndex = 0
2019-09-16 16:48:27,850 [ForkJoinPool.commonPool-worker-0] INFO  impl.PendingRequests (PendingRequests.java:sendNotLeaderResponses(202)) - f1ea936a-1aa4-4b4f-a193-5108e1c15289-PendingRequests: sendNotLeaderResponses
2019-09-16 16:48:27,851 [main] INFO  impl.RaftServerImpl (ServerState.java:close(385)) - 13e0063a-a130-4fd5-85d5-da091d0097cd@group-5589D458CBDA: closes. applyIndex: 0
2019-09-16 16:48:27,851 [ForkJoinPool.commonPool-worker-0] INFO  impl.StateMachineUpdater (StateMachineUpdater.java:stopAndJoin(125)) - f1ea936a-1aa4-4b4f-a193-5108e1c15289@group-5757E4626DA8-StateMachineUpdater: set stopIndex = 0
2019-09-16 16:48:27,852 [13e0063a-a130-4fd5-85d5-da091d0097cd@group-5589D458CBDA-SegmentedRaftLogWorker] INFO  segmented.SegmentedRaftLogWorker (SegmentedRaftLogWorker.java:run(313)) - 13e0063a-a130-4fd5-85d5-da091d0097cd@group-5589D458CBDA-SegmentedRaftLogWorker was interrupted, exiting. There are 0 tasks remaining in the queue.
2019-09-16 16:48:27,852 [ForkJoinPool.commonPool-worker-0] INFO  impl.RaftServerImpl (ServerState.java:close(385)) - f1ea936a-1aa4-4b4f-a193-5108e1c15289@group-5757E4626DA8: closes. applyIndex: 0
2019-09-16 16:48:27,855 [main] INFO  segmented.SegmentedRaftLogWorker (SegmentedRaftLogWorker.java:close(228)) - 13e0063a-a130-4fd5-85d5-da091d0097cd@group-5589D458CBDA-SegmentedRaftLogWorker close()
2019-09-16 16:48:27,856 [f1ea936a-1aa4-4b4f-a193-5108e1c15289@group-5757E4626DA8-SegmentedRaftLogWorker] INFO  segmented.SegmentedRaftLogWorker (SegmentedRaftLogWorker.java:run(313)) - f1ea936a-1aa4-4b4f-a193-5108e1c15289@group-5757E4626DA8-SegmentedRaftLogWorker was interrupted, exiting. There are 0 tasks remaining in the queue.
2019-09-16 16:48:27,860 [main] INFO  server.GrpcService (GrpcService.java:closeImpl(164)) - 13e0063a-a130-4fd5-85d5-da091d0097cd: shutdown server with port 45509 now
2019-09-16 16:48:27,863 [ForkJoinPool.commonPool-worker-0] INFO  segmented.SegmentedRaftLogWorker (SegmentedRaftLogWorker.java:close(228)) - f1ea936a-1aa4-4b4f-a193-5108e1c15289@group-5757E4626DA8-SegmentedRaftLogWorker close()
2019-09-16 16:48:27,865 [main] INFO  server.GrpcService (GrpcService.java:closeImpl(172)) - 13e0063a-a130-4fd5-85d5-da091d0097cd: shutdown server with port 45509 successfully
2019-09-16 16:48:27,868 [ForkJoinPool.commonPool-worker-0] INFO  impl.RaftServerImpl (RaftServerImpl.java:lambda$shutdown$3(251)) - f1ea936a-1aa4-4b4f-a193-5108e1c15289@group-651FE1B6B3BB: shutdown
2019-09-16 16:48:27,869 [ForkJoinPool.commonPool-worker-0] INFO  util.JmxRegister (JmxRegister.java:unregister(73)) - Successfully un-registered JMX Bean with object name Ratis:service=RaftServer,group=group-651FE1B6B3BB,id=f1ea936a-1aa4-4b4f-a193-5108e1c15289
2019-09-16 16:48:27,869 [ForkJoinPool.commonPool-worker-0] INFO  impl.RoleInfo (RoleInfo.java:shutdownFollowerState(121)) - f1ea936a-1aa4-4b4f-a193-5108e1c15289: shutdown FollowerState
2019-09-16 16:48:27,870 [ForkJoinPool.commonPool-worker-0] INFO  impl.StateMachineUpdater (StateMachineUpdater.java:stopAndJoin(125)) - f1ea936a-1aa4-4b4f-a193-5108e1c15289@group-651FE1B6B3BB-StateMachineUpdater: set stopIndex = 16
2019-09-16 16:48:27,870 [f1ea936a-1aa4-4b4f-a193-5108e1c15289@group-651FE1B6B3BB-StateMachineUpdater] INFO  ratis.ContainerStateMachine (ContainerStateMachine.java:takeSnapshot(289)) - group-651FE1B6B3BB: Taking a snapshot at:(t:1, i:12) file /workdir/hadoop-ozone/integration-test/target/test-dir/MiniOzoneClusterImpl-2814d36b-6019-42fc-a66f-ece8bfc5d7d4/datanode-3/data/ratis/43d64965-e11f-473d-8ea4-651fe1b6b3bb/sm/snapshot.1_12
2019-09-16 16:48:27,870 [Thread-384] INFO  impl.FollowerState (FollowerState.java:run(115)) - f1ea936a-1aa4-4b4f-a193-5108e1c15289: FollowerState was interrupted: java.lang.InterruptedException: sleep interrupted
2019-09-16 16:48:27,870 [refreshUsed-/workdir/hadoop-ozone/integration-test/target/test-dir/MiniOzoneClusterImpl-2814d36b-6019-42fc-a66f-ece8bfc5d7d4/datanode-6/data/containers] WARN  fs.CachingGetSpaceUsed (CachingGetSpaceUsed.java:run(183)) - Thread Interrupted waiting to refresh disk information: sleep interrupted
2019-09-16 16:48:27,887 [main] INFO  utils.BackgroundService (BackgroundService.java:shutdown(148)) - Shutting down service BlockDeletingService
2019-09-16 16:48:27,892 [f1ea936a-1aa4-4b4f-a193-5108e1c15289@group-651FE1B6B3BB-StateMachineUpdater] INFO  ratis.ContainerStateMachine (ContainerStateMachine.java:takeSnapshot(300)) - group-651FE1B6B3BB: Finished taking a snapshot at:(t:1, i:12) file:/workdir/hadoop-ozone/integration-test/target/test-dir/MiniOzoneClusterImpl-2814d36b-6019-42fc-a66f-ece8bfc5d7d4/datanode-3/data/ratis/43d64965-e11f-473d-8ea4-651fe1b6b3bb/sm/snapshot.1_12 time:20
2019-09-16 16:48:27,893 [main] INFO  statemachine.DatanodeStateMachine (DatanodeStateMachine.java:stopDaemon(395)) - Ozone container server stopped.
2019-09-16 16:48:27,894 [f1ea936a-1aa4-4b4f-a193-5108e1c15289@group-651FE1B6B3BB-StateMachineUpdater] INFO  impl.StateMachineUpdater (StateMachineUpdater.java:takeSnapshot(258)) - f1ea936a-1aa4-4b4f-a193-5108e1c15289@group-651FE1B6B3BB-StateMachineUpdater: Took a snapshot at index 12
2019-09-16 16:48:27,894 [f1ea936a-1aa4-4b4f-a193-5108e1c15289@group-651FE1B6B3BB-StateMachineUpdater] INFO  impl.StateMachineUpdater (StateMachineUpdater.java:lambda$new$0(83)) - f1ea936a-1aa4-4b4f-a193-5108e1c15289@group-651FE1B6B3BB-StateMachineUpdater: snapshotIndex: updateIncreasingly -1 -> 12
2019-09-16 16:48:27,895 [f1ea936a-1aa4-4b4f-a193-5108e1c15289@group-651FE1B6B3BB-StateMachineUpdater] INFO  ratis.ContainerStateMachine (ContainerStateMachine.java:takeSnapshot(289)) - group-651FE1B6B3BB: Taking a snapshot at:(t:1, i:12) file /workdir/hadoop-ozone/integration-test/target/test-dir/MiniOzoneClusterImpl-2814d36b-6019-42fc-a66f-ece8bfc5d7d4/datanode-3/data/ratis/43d64965-e11f-473d-8ea4-651fe1b6b3bb/sm/snapshot.1_12
2019-09-16 16:48:27,895 [main] INFO  handler.ContextHandler (ContextHandler.java:doStop(910)) - Stopped o.e.j.w.WebAppContext@74e6094b{/,null,UNAVAILABLE}{/hddsDatanode}
2019-09-16 16:48:27,896 [main] INFO  server.AbstractConnector (AbstractConnector.java:doStop(318)) - Stopped ServerConnector@7a485a36{HTTP/1.1,[http/1.1]}{0.0.0.0:0}
2019-09-16 16:48:27,896 [main] INFO  handler.ContextHandler (ContextHandler.java:doStop(910)) - Stopped o.e.j.s.ServletContextHandler@1f9f381d{/static,jar:file:/home/user/.m2/repository/org/apache/hadoop/hadoop-hdds-container-service/0.5.0-SNAPSHOT/hadoop-hdds-container-service-0.5.0-SNAPSHOT.jar!/webapps/static,UNAVAILABLE}
2019-09-16 16:48:27,897 [main] INFO  handler.ContextHandler (ContextHandler.java:doStop(910)) - Stopped o.e.j.s.ServletContextHandler@7f5538a1{/logs,file:///workdir/hadoop-ozone/integration-test/target/log,UNAVAILABLE}
2019-09-16 16:48:27,909 [f1ea936a-1aa4-4b4f-a193-5108e1c15289@group-651FE1B6B3BB-StateMachineUpdater] INFO  ratis.ContainerStateMachine (ContainerStateMachine.java:takeSnapshot(300)) - group-651FE1B6B3BB: Finished taking a snapshot at:(t:1, i:12) file:/workdir/hadoop-ozone/integration-test/target/test-dir/MiniOzoneClusterImpl-2814d36b-6019-42fc-a66f-ece8bfc5d7d4/datanode-3/data/ratis/43d64965-e11f-473d-8ea4-651fe1b6b3bb/sm/snapshot.1_12 time:15
2019-09-16 16:48:27,910 [f1ea936a-1aa4-4b4f-a193-5108e1c15289@group-651FE1B6B3BB-StateMachineUpdater] INFO  impl.StateMachineUpdater (StateMachineUpdater.java:takeSnapshot(258)) - f1ea936a-1aa4-4b4f-a193-5108e1c15289@group-651FE1B6B3BB-StateMachineUpdater: Took a snapshot at index 12
2019-09-16 16:48:27,910 [f1ea936a-1aa4-4b4f-a193-5108e1c15289@group-651FE1B6B3BB-StateMachineUpdater] INFO  impl.StateMachineUpdater (StateMachineUpdater.java:lambda$new$0(83)) - f1ea936a-1aa4-4b4f-a193-5108e1c15289@group-651FE1B6B3BB-StateMachineUpdater: snapshotIndex: updateIncreasingly 12 -> 12
2019-09-16 16:48:27,910 [java.util.concurrent.ThreadPoolExecutor$Worker@67fb0c7c[State = -1, empty queue]] WARN  server.GrpcLogAppender (GrpcLogAppender.java:timeoutAppendRequest(200)) - d7db739d-8a5f-427c-bc0a-5603ac8ba161@group-9A9DF8BBBB07->22812086-b692-43a0-8348-44721a5a82d7-GrpcLogAppender: appendEntries Timeout, request=d7db739d-8a5f-427c-bc0a-5603ac8ba161->22812086-b692-43a0-8348-44721a5a82d7#156-t2, previous=(t:2, i:20), leaderCommit=16, initializing? false, entries: <empty>
2019-09-16 16:48:27,910 [ForkJoinPool.commonPool-worker-0] INFO  impl.RaftServerImpl (ServerState.java:close(385)) - f1ea936a-1aa4-4b4f-a193-5108e1c15289@group-651FE1B6B3BB: closes. applyIndex: 16
2019-09-16 16:48:27,913 [f1ea936a-1aa4-4b4f-a193-5108e1c15289@group-651FE1B6B3BB-SegmentedRaftLogWorker] ERROR ratis.XceiverServerRatis (XceiverServerRatis.java:triggerPipelineClose(575)) - pipeline Action CLOSE  on pipeline PipelineID=43d64965-e11f-473d-8ea4-651fe1b6b3bb.Reason : WriteLog:19: (t:1, i:19), STATEMACHINELOGENTRY, client-AC4080E834B7, cid=31-writeStateMachineData interrupted.
2019-09-16 16:48:27,921 [grpc-default-executor-3] WARN  server.GrpcLogAppender (LogUtils.java:warn(134)) - d7db739d-8a5f-427c-bc0a-5603ac8ba161@group-9A9DF8BBBB07->37aba10a-6fc0-4836-82ce-0d66a20effe5-AppendLogResponseHandler: Failed appendEntries: org.apache.ratis.thirdparty.io.grpc.StatusRuntimeException: UNAVAILABLE: io exception
2019-09-16 16:48:27,923 [grpc-default-executor-3] INFO  impl.FollowerInfo (FollowerInfo.java:lambda$new$0(51)) - d7db739d-8a5f-427c-bc0a-5603ac8ba161@group-9A9DF8BBBB07->37aba10a-6fc0-4836-82ce-0d66a20effe5: nextIndex: updateUnconditionally 7 -> 6
2019-09-16 16:48:27,934 [ForkJoinPool.commonPool-worker-0] INFO  segmented.SegmentedRaftLogWorker (SegmentedRaftLogWorker.java:close(228)) - f1ea936a-1aa4-4b4f-a193-5108e1c15289@group-651FE1B6B3BB-SegmentedRaftLogWorker close()
2019-09-16 16:48:27,938 [ForkJoinPool.commonPool-worker-0] INFO  server.GrpcService (GrpcService.java:closeImpl(164)) - f1ea936a-1aa4-4b4f-a193-5108e1c15289: shutdown server with port 33857 now
2019-09-16 16:48:27,939 [ForkJoinPool.commonPool-worker-0] INFO  server.GrpcService (GrpcService.java:closeImpl(172)) - f1ea936a-1aa4-4b4f-a193-5108e1c15289: shutdown server with port 33857 successfully
2019-09-16 16:48:27,946 [refreshUsed-/workdir/hadoop-ozone/integration-test/target/test-dir/MiniOzoneClusterImpl-2814d36b-6019-42fc-a66f-ece8bfc5d7d4/datanode-3/data/containers] WARN  fs.CachingGetSpaceUsed (CachingGetSpaceUsed.java:run(183)) - Thread Interrupted waiting to refresh disk information: sleep interrupted
2019-09-16 16:48:27,958 [ForkJoinPool.commonPool-worker-0] INFO  utils.BackgroundService (BackgroundService.java:shutdown(148)) - Shutting down service BlockDeletingService
2019-09-16 16:48:27,964 [ForkJoinPool.commonPool-worker-0] INFO  statemachine.DatanodeStateMachine (DatanodeStateMachine.java:stopDaemon(395)) - Ozone container server stopped.
2019-09-16 16:48:27,970 [ForkJoinPool.commonPool-worker-0] INFO  handler.ContextHandler (ContextHandler.java:doStop(910)) - Stopped o.e.j.w.WebAppContext@4052c8c2{/,null,UNAVAILABLE}{/hddsDatanode}
2019-09-16 16:48:27,970 [ForkJoinPool.commonPool-worker-0] INFO  server.AbstractConnector (AbstractConnector.java:doStop(318)) - Stopped ServerConnector@181b8c4b{HTTP/1.1,[http/1.1]}{0.0.0.0:0}
2019-09-16 16:48:27,972 [ForkJoinPool.commonPool-worker-0] INFO  handler.ContextHandler (ContextHandler.java:doStop(910)) - Stopped o.e.j.s.ServletContextHandler@41eb94bc{/static,jar:file:/home/user/.m2/repository/org/apache/hadoop/hadoop-hdds-container-service/0.5.0-SNAPSHOT/hadoop-hdds-container-service-0.5.0-SNAPSHOT.jar!/webapps/static,UNAVAILABLE}
2019-09-16 16:48:27,974 [ForkJoinPool.commonPool-worker-0] INFO  handler.ContextHandler (ContextHandler.java:doStop(910)) - Stopped o.e.j.s.ServletContextHandler@27d33393{/logs,file:///workdir/hadoop-ozone/integration-test/target/log,UNAVAILABLE}
2019-09-16 16:48:28,411 [java.util.concurrent.ThreadPoolExecutor$Worker@67fb0c7c[State = -1, empty queue]] WARN  server.GrpcLogAppender (GrpcLogAppender.java:timeoutAppendRequest(200)) - d7db739d-8a5f-427c-bc0a-5603ac8ba161@group-9A9DF8BBBB07->22812086-b692-43a0-8348-44721a5a82d7-GrpcLogAppender: appendEntries Timeout, request=d7db739d-8a5f-427c-bc0a-5603ac8ba161->22812086-b692-43a0-8348-44721a5a82d7#157-t2, previous=(t:2, i:20), leaderCommit=16, initializing? false, entries: <empty>
2019-09-16 16:48:28,423 [grpc-default-executor-1] WARN  server.GrpcLogAppender (LogUtils.java:warn(134)) - d7db739d-8a5f-427c-bc0a-5603ac8ba161@group-9A9DF8BBBB07->37aba10a-6fc0-4836-82ce-0d66a20effe5-AppendLogResponseHandler: Failed appendEntries: org.apache.ratis.thirdparty.io.grpc.StatusRuntimeException: UNAVAILABLE: io exception
2019-09-16 16:48:28,426 [grpc-default-executor-1] INFO  impl.FollowerInfo (FollowerInfo.java:lambda$new$0(51)) - d7db739d-8a5f-427c-bc0a-5603ac8ba161@group-9A9DF8BBBB07->37aba10a-6fc0-4836-82ce-0d66a20effe5: nextIndex: updateUnconditionally 6 -> 5
2019-09-16 16:48:28,481 [Datanode State Machine Thread - 0] INFO  statemachine.DatanodeStateMachine (DatanodeStateMachine.java:lambda$startDaemon$0(350)) - Ozone container server started.
2019-09-16 16:48:28,603 [Datanode State Machine Thread - 0] INFO  statemachine.DatanodeStateMachine (DatanodeStateMachine.java:lambda$startDaemon$0(350)) - Ozone container server started.
2019-09-16 16:48:28,912 [java.util.concurrent.ThreadPoolExecutor$Worker@67fb0c7c[State = -1, empty queue]] WARN  server.GrpcLogAppender (GrpcLogAppender.java:timeoutAppendRequest(200)) - d7db739d-8a5f-427c-bc0a-5603ac8ba161@group-9A9DF8BBBB07->22812086-b692-43a0-8348-44721a5a82d7-GrpcLogAppender: appendEntries Timeout, request=d7db739d-8a5f-427c-bc0a-5603ac8ba161->22812086-b692-43a0-8348-44721a5a82d7#158-t2, previous=(t:2, i:20), leaderCommit=16, initializing? false, entries: <empty>
2019-09-16 16:48:28,924 [grpc-default-executor-2] WARN  server.GrpcLogAppender (LogUtils.java:warn(134)) - d7db739d-8a5f-427c-bc0a-5603ac8ba161@group-9A9DF8BBBB07->37aba10a-6fc0-4836-82ce-0d66a20effe5-AppendLogResponseHandler: Failed appendEntries: org.apache.ratis.thirdparty.io.grpc.StatusRuntimeException: UNAVAILABLE: io exception
2019-09-16 16:48:28,926 [grpc-default-executor-2] INFO  impl.FollowerInfo (FollowerInfo.java:lambda$new$0(51)) - d7db739d-8a5f-427c-bc0a-5603ac8ba161@group-9A9DF8BBBB07->37aba10a-6fc0-4836-82ce-0d66a20effe5: nextIndex: updateUnconditionally 5 -> 4
2019-09-16 16:48:29,412 [java.util.concurrent.ThreadPoolExecutor$Worker@67fb0c7c[State = -1, empty queue]] WARN  server.GrpcLogAppender (GrpcLogAppender.java:timeoutAppendRequest(200)) - d7db739d-8a5f-427c-bc0a-5603ac8ba161@group-9A9DF8BBBB07->22812086-b692-43a0-8348-44721a5a82d7-GrpcLogAppender: appendEntries Timeout, request=d7db739d-8a5f-427c-bc0a-5603ac8ba161->22812086-b692-43a0-8348-44721a5a82d7#159-t2, previous=(t:2, i:20), leaderCommit=16, initializing? false, entries: <empty>
2019-09-16 16:48:29,424 [grpc-default-executor-3] WARN  server.GrpcLogAppender (LogUtils.java:warn(134)) - d7db739d-8a5f-427c-bc0a-5603ac8ba161@group-9A9DF8BBBB07->37aba10a-6fc0-4836-82ce-0d66a20effe5-AppendLogResponseHandler: Failed appendEntries: org.apache.ratis.thirdparty.io.grpc.StatusRuntimeException: UNAVAILABLE: io exception
2019-09-16 16:48:29,427 [grpc-default-executor-3] INFO  impl.FollowerInfo (FollowerInfo.java:lambda$new$0(51)) - d7db739d-8a5f-427c-bc0a-5603ac8ba161@group-9A9DF8BBBB07->37aba10a-6fc0-4836-82ce-0d66a20effe5: nextIndex: updateUnconditionally 4 -> 3
2019-09-16 16:48:29,429 [44446946-e2df-49b4-a08f-7c38e08da8da@group-276A6773F05B-SegmentedRaftLogWorker] WARN  segmented.SegmentedRaftLogWorker (SegmentedRaftLogWorker.java:getFromFuture(90)) - Timeout 2/~
org.apache.ratis.protocol.TimeoutIOException: Timeout 10s: WriteLog:17: (t:3, i:17), STATEMACHINELOGENTRY, client-411C9E0252DD, cid=57-writeStateMachineData
	at org.apache.ratis.util.IOUtils.getFromFuture(IOUtils.java:87)
	at org.apache.ratis.server.raftlog.segmented.SegmentedRaftLogWorker$StateMachineDataPolicy.getFromFuture(SegmentedRaftLogWorker.java:87)
	at org.apache.ratis.server.raftlog.segmented.SegmentedRaftLogWorker$WriteLog.execute(SegmentedRaftLogWorker.java:477)
	at org.apache.ratis.server.raftlog.segmented.SegmentedRaftLogWorker.run(SegmentedRaftLogWorker.java:289)
	at java.lang.Thread.run(Thread.java:748)
Caused by: java.util.concurrent.TimeoutException
	at java.util.concurrent.CompletableFuture.timedGet(CompletableFuture.java:1771)
	at java.util.concurrent.CompletableFuture.get(CompletableFuture.java:1915)
	at org.apache.ratis.util.IOUtils.getFromFuture(IOUtils.java:79)
	... 4 more
2019-09-16 16:48:29,430 [6044b653-4ba3-462e-b1d8-fff4097cca63@group-276A6773F05B-SegmentedRaftLogWorker] WARN  segmented.SegmentedRaftLogWorker (SegmentedRaftLogWorker.java:getFromFuture(90)) - Timeout 2/~
org.apache.ratis.protocol.TimeoutIOException: Timeout 10s: WriteLog:17: (t:3, i:17), STATEMACHINELOGENTRY, client-411C9E0252DD, cid=57-writeStateMachineData
	at org.apache.ratis.util.IOUtils.getFromFuture(IOUtils.java:87)
	at org.apache.ratis.server.raftlog.segmented.SegmentedRaftLogWorker$StateMachineDataPolicy.getFromFuture(SegmentedRaftLogWorker.java:87)
	at org.apache.ratis.server.raftlog.segmented.SegmentedRaftLogWorker$WriteLog.execute(SegmentedRaftLogWorker.java:477)
	at org.apache.ratis.server.raftlog.segmented.SegmentedRaftLogWorker.run(SegmentedRaftLogWorker.java:289)
	at java.lang.Thread.run(Thread.java:748)
Caused by: java.util.concurrent.TimeoutException
	at java.util.concurrent.CompletableFuture.timedGet(CompletableFuture.java:1771)
	at java.util.concurrent.CompletableFuture.get(CompletableFuture.java:1915)
	at org.apache.ratis.util.IOUtils.getFromFuture(IOUtils.java:79)
	... 4 more
2019-09-16 16:48:29,913 [java.util.concurrent.ThreadPoolExecutor$Worker@67fb0c7c[State = -1, empty queue]] WARN  server.GrpcLogAppender (GrpcLogAppender.java:timeoutAppendRequest(200)) - d7db739d-8a5f-427c-bc0a-5603ac8ba161@group-9A9DF8BBBB07->22812086-b692-43a0-8348-44721a5a82d7-GrpcLogAppender: appendEntries Timeout, request=d7db739d-8a5f-427c-bc0a-5603ac8ba161->22812086-b692-43a0-8348-44721a5a82d7#160-t2, previous=(t:2, i:20), leaderCommit=16, initializing? false, entries: <empty>
2019-09-16 16:48:29,926 [grpc-default-executor-1] WARN  server.GrpcLogAppender (LogUtils.java:warn(134)) - d7db739d-8a5f-427c-bc0a-5603ac8ba161@group-9A9DF8BBBB07->37aba10a-6fc0-4836-82ce-0d66a20effe5-AppendLogResponseHandler: Failed appendEntries: org.apache.ratis.thirdparty.io.grpc.StatusRuntimeException: UNAVAILABLE: io exception
2019-09-16 16:48:29,928 [grpc-default-executor-1] INFO  impl.FollowerInfo (FollowerInfo.java:lambda$new$0(51)) - d7db739d-8a5f-427c-bc0a-5603ac8ba161@group-9A9DF8BBBB07->37aba10a-6fc0-4836-82ce-0d66a20effe5: nextIndex: updateUnconditionally 3 -> 2
2019-09-16 16:48:30,413 [java.util.concurrent.ThreadPoolExecutor$Worker@67fb0c7c[State = -1, empty queue]] WARN  server.GrpcLogAppender (GrpcLogAppender.java:timeoutAppendRequest(200)) - d7db739d-8a5f-427c-bc0a-5603ac8ba161@group-9A9DF8BBBB07->22812086-b692-43a0-8348-44721a5a82d7-GrpcLogAppender: appendEntries Timeout, request=d7db739d-8a5f-427c-bc0a-5603ac8ba161->22812086-b692-43a0-8348-44721a5a82d7#161-t2, previous=(t:2, i:20), leaderCommit=16, initializing? false, entries: <empty>
2019-09-16 16:48:30,427 [grpc-default-executor-3] WARN  server.GrpcLogAppender (LogUtils.java:warn(134)) - d7db739d-8a5f-427c-bc0a-5603ac8ba161@group-9A9DF8BBBB07->37aba10a-6fc0-4836-82ce-0d66a20effe5-AppendLogResponseHandler: Failed appendEntries: org.apache.ratis.thirdparty.io.grpc.StatusRuntimeException: UNAVAILABLE: io exception
2019-09-16 16:48:30,432 [grpc-default-executor-3] INFO  impl.FollowerInfo (FollowerInfo.java:lambda$new$0(51)) - d7db739d-8a5f-427c-bc0a-5603ac8ba161@group-9A9DF8BBBB07->37aba10a-6fc0-4836-82ce-0d66a20effe5: nextIndex: updateUnconditionally 2 -> 1
2019-09-16 16:48:30,915 [java.util.concurrent.ThreadPoolExecutor$Worker@67fb0c7c[State = -1, empty queue]] WARN  server.GrpcLogAppender (GrpcLogAppender.java:timeoutAppendRequest(200)) - d7db739d-8a5f-427c-bc0a-5603ac8ba161@group-9A9DF8BBBB07->22812086-b692-43a0-8348-44721a5a82d7-GrpcLogAppender: appendEntries Timeout, request=d7db739d-8a5f-427c-bc0a-5603ac8ba161->22812086-b692-43a0-8348-44721a5a82d7#162-t2, previous=(t:2, i:20), leaderCommit=16, initializing? false, entries: <empty>
2019-09-16 16:48:30,928 [grpc-default-executor-3] WARN  server.GrpcLogAppender (LogUtils.java:warn(134)) - d7db739d-8a5f-427c-bc0a-5603ac8ba161@group-9A9DF8BBBB07->37aba10a-6fc0-4836-82ce-0d66a20effe5-AppendLogResponseHandler: Failed appendEntries: org.apache.ratis.thirdparty.io.grpc.StatusRuntimeException: UNAVAILABLE: io exception
2019-09-16 16:48:30,932 [grpc-default-executor-3] INFO  impl.FollowerInfo (FollowerInfo.java:lambda$new$0(51)) - d7db739d-8a5f-427c-bc0a-5603ac8ba161@group-9A9DF8BBBB07->37aba10a-6fc0-4836-82ce-0d66a20effe5: nextIndex: updateUnconditionally 1 -> 0
2019-09-16 16:48:31,415 [java.util.concurrent.ThreadPoolExecutor$Worker@67fb0c7c[State = -1, empty queue]] WARN  server.GrpcLogAppender (GrpcLogAppender.java:timeoutAppendRequest(200)) - d7db739d-8a5f-427c-bc0a-5603ac8ba161@group-9A9DF8BBBB07->22812086-b692-43a0-8348-44721a5a82d7-GrpcLogAppender: appendEntries Timeout, request=d7db739d-8a5f-427c-bc0a-5603ac8ba161->22812086-b692-43a0-8348-44721a5a82d7#163-t2, previous=(t:2, i:20), leaderCommit=16, initializing? false, entries: <empty>
2019-09-16 16:48:31,429 [grpc-default-executor-2] WARN  server.GrpcLogAppender (LogUtils.java:warn(134)) - d7db739d-8a5f-427c-bc0a-5603ac8ba161@group-9A9DF8BBBB07->37aba10a-6fc0-4836-82ce-0d66a20effe5-AppendLogResponseHandler: Failed appendEntries: org.apache.ratis.thirdparty.io.grpc.StatusRuntimeException: UNAVAILABLE: io exception
2019-09-16 16:48:31,435 [grpc-default-executor-2] INFO  impl.FollowerInfo (FollowerInfo.java:lambda$new$0(51)) - d7db739d-8a5f-427c-bc0a-5603ac8ba161@group-9A9DF8BBBB07->37aba10a-6fc0-4836-82ce-0d66a20effe5: nextIndex: updateUnconditionally 0 -> 0
2019-09-16 16:48:31,916 [java.util.concurrent.ThreadPoolExecutor$Worker@67fb0c7c[State = -1, empty queue]] WARN  server.GrpcLogAppender (GrpcLogAppender.java:timeoutAppendRequest(200)) - d7db739d-8a5f-427c-bc0a-5603ac8ba161@group-9A9DF8BBBB07->22812086-b692-43a0-8348-44721a5a82d7-GrpcLogAppender: appendEntries Timeout, request=d7db739d-8a5f-427c-bc0a-5603ac8ba161->22812086-b692-43a0-8348-44721a5a82d7#164-t2, previous=(t:2, i:20), leaderCommit=16, initializing? false, entries: <empty>
2019-09-16 16:48:31,930 [grpc-default-executor-1] WARN  server.GrpcLogAppender (LogUtils.java:warn(134)) - d7db739d-8a5f-427c-bc0a-5603ac8ba161@group-9A9DF8BBBB07->37aba10a-6fc0-4836-82ce-0d66a20effe5-AppendLogResponseHandler: Failed appendEntries: org.apache.ratis.thirdparty.io.grpc.StatusRuntimeException: UNAVAILABLE: io exception
2019-09-16 16:48:31,935 [grpc-default-executor-1] INFO  impl.FollowerInfo (FollowerInfo.java:lambda$new$0(51)) - d7db739d-8a5f-427c-bc0a-5603ac8ba161@group-9A9DF8BBBB07->37aba10a-6fc0-4836-82ce-0d66a20effe5: nextIndex: updateUnconditionally 0 -> 0
2019-09-16 16:48:32,416 [java.util.concurrent.ThreadPoolExecutor$Worker@67fb0c7c[State = -1, empty queue]] WARN  server.GrpcLogAppender (GrpcLogAppender.java:timeoutAppendRequest(200)) - d7db739d-8a5f-427c-bc0a-5603ac8ba161@group-9A9DF8BBBB07->22812086-b692-43a0-8348-44721a5a82d7-GrpcLogAppender: appendEntries Timeout, request=d7db739d-8a5f-427c-bc0a-5603ac8ba161->22812086-b692-43a0-8348-44721a5a82d7#165-t2, previous=(t:2, i:20), leaderCommit=16, initializing? false, entries: <empty>
2019-09-16 16:48:32,443 [grpc-default-executor-3] WARN  server.GrpcLogAppender (LogUtils.java:warn(134)) - d7db739d-8a5f-427c-bc0a-5603ac8ba161@group-9A9DF8BBBB07->37aba10a-6fc0-4836-82ce-0d66a20effe5-AppendLogResponseHandler: Failed appendEntries: org.apache.ratis.thirdparty.io.grpc.StatusRuntimeException: UNAVAILABLE: io exception
2019-09-16 16:48:32,444 [grpc-default-executor-3] INFO  impl.FollowerInfo (FollowerInfo.java:lambda$new$0(51)) - d7db739d-8a5f-427c-bc0a-5603ac8ba161@group-9A9DF8BBBB07->37aba10a-6fc0-4836-82ce-0d66a20effe5: nextIndex: updateUnconditionally 0 -> 0
2019-09-16 16:48:32,899 [main] INFO  ozoneimpl.OzoneContainer (OzoneContainer.java:stop(231)) - Attempting to stop container services.
2019-09-16 16:48:32,900 [main] INFO  impl.RaftServerProxy (RaftServerProxy.java:lambda$close$4(314)) - 22812086-b692-43a0-8348-44721a5a82d7: close
2019-09-16 16:48:32,901 [main] INFO  impl.RaftServerImpl (RaftServerImpl.java:lambda$shutdown$3(251)) - 22812086-b692-43a0-8348-44721a5a82d7@group-9A9DF8BBBB07: shutdown
2019-09-16 16:48:32,901 [main] INFO  util.JmxRegister (JmxRegister.java:unregister(73)) - Successfully un-registered JMX Bean with object name Ratis:service=RaftServer,group=group-9A9DF8BBBB07,id=22812086-b692-43a0-8348-44721a5a82d7
2019-09-16 16:48:32,902 [main] INFO  impl.RoleInfo (RoleInfo.java:shutdownFollowerState(121)) - 22812086-b692-43a0-8348-44721a5a82d7: shutdown FollowerState
2019-09-16 16:48:32,902 [main] INFO  impl.StateMachineUpdater (StateMachineUpdater.java:stopAndJoin(125)) - 22812086-b692-43a0-8348-44721a5a82d7@group-9A9DF8BBBB07-StateMachineUpdater: set stopIndex = 16
2019-09-16 16:48:32,902 [22812086-b692-43a0-8348-44721a5a82d7@group-9A9DF8BBBB07-StateMachineUpdater] INFO  ratis.ContainerStateMachine (ContainerStateMachine.java:takeSnapshot(289)) - group-9A9DF8BBBB07: Taking a snapshot at:(t:2, i:12) file /workdir/hadoop-ozone/integration-test/target/test-dir/MiniOzoneClusterImpl-2814d36b-6019-42fc-a66f-ece8bfc5d7d4/datanode-9/data/ratis/f1cee7fd-bb01-41f6-aed7-9a9df8bbbb07/sm/snapshot.2_12
2019-09-16 16:48:32,902 [Thread-423] INFO  impl.FollowerState (FollowerState.java:run(115)) - 22812086-b692-43a0-8348-44721a5a82d7: FollowerState was interrupted: java.lang.InterruptedException: sleep interrupted
2019-09-16 16:48:32,916 [java.util.concurrent.ThreadPoolExecutor$Worker@67fb0c7c[State = -1, empty queue]] WARN  server.GrpcLogAppender (GrpcLogAppender.java:timeoutAppendRequest(200)) - d7db739d-8a5f-427c-bc0a-5603ac8ba161@group-9A9DF8BBBB07->22812086-b692-43a0-8348-44721a5a82d7-GrpcLogAppender: appendEntries Timeout, request=d7db739d-8a5f-427c-bc0a-5603ac8ba161->22812086-b692-43a0-8348-44721a5a82d7#166-t2, previous=(t:2, i:20), leaderCommit=16, initializing? false, entries: <empty>
2019-09-16 16:48:32,920 [22812086-b692-43a0-8348-44721a5a82d7@group-9A9DF8BBBB07-StateMachineUpdater] INFO  ratis.ContainerStateMachine (ContainerStateMachine.java:takeSnapshot(300)) - group-9A9DF8BBBB07: Finished taking a snapshot at:(t:2, i:12) file:/workdir/hadoop-ozone/integration-test/target/test-dir/MiniOzoneClusterImpl-2814d36b-6019-42fc-a66f-ece8bfc5d7d4/datanode-9/data/ratis/f1cee7fd-bb01-41f6-aed7-9a9df8bbbb07/sm/snapshot.2_12 time:18
2019-09-16 16:48:32,920 [22812086-b692-43a0-8348-44721a5a82d7@group-9A9DF8BBBB07-StateMachineUpdater] INFO  impl.StateMachineUpdater (StateMachineUpdater.java:takeSnapshot(258)) - 22812086-b692-43a0-8348-44721a5a82d7@group-9A9DF8BBBB07-StateMachineUpdater: Took a snapshot at index 12
2019-09-16 16:48:32,921 [22812086-b692-43a0-8348-44721a5a82d7@group-9A9DF8BBBB07-StateMachineUpdater] INFO  impl.StateMachineUpdater (StateMachineUpdater.java:lambda$new$0(83)) - 22812086-b692-43a0-8348-44721a5a82d7@group-9A9DF8BBBB07-StateMachineUpdater: snapshotIndex: updateIncreasingly -1 -> 12
2019-09-16 16:48:32,921 [22812086-b692-43a0-8348-44721a5a82d7@group-9A9DF8BBBB07-StateMachineUpdater] INFO  ratis.ContainerStateMachine (ContainerStateMachine.java:takeSnapshot(289)) - group-9A9DF8BBBB07: Taking a snapshot at:(t:2, i:12) file /workdir/hadoop-ozone/integration-test/target/test-dir/MiniOzoneClusterImpl-2814d36b-6019-42fc-a66f-ece8bfc5d7d4/datanode-9/data/ratis/f1cee7fd-bb01-41f6-aed7-9a9df8bbbb07/sm/snapshot.2_12
2019-09-16 16:48:32,931 [grpc-default-executor-2] WARN  server.GrpcLogAppender (LogUtils.java:warn(134)) - d7db739d-8a5f-427c-bc0a-5603ac8ba161@group-9A9DF8BBBB07->37aba10a-6fc0-4836-82ce-0d66a20effe5-AppendLogResponseHandler: Failed appendEntries: org.apache.ratis.thirdparty.io.grpc.StatusRuntimeException: UNAVAILABLE: io exception
2019-09-16 16:48:32,933 [grpc-default-executor-2] INFO  impl.FollowerInfo (FollowerInfo.java:lambda$new$0(51)) - d7db739d-8a5f-427c-bc0a-5603ac8ba161@group-9A9DF8BBBB07->37aba10a-6fc0-4836-82ce-0d66a20effe5: nextIndex: updateUnconditionally 0 -> 0
2019-09-16 16:48:32,952 [22812086-b692-43a0-8348-44721a5a82d7@group-9A9DF8BBBB07-StateMachineUpdater] INFO  ratis.ContainerStateMachine (ContainerStateMachine.java:takeSnapshot(300)) - group-9A9DF8BBBB07: Finished taking a snapshot at:(t:2, i:12) file:/workdir/hadoop-ozone/integration-test/target/test-dir/MiniOzoneClusterImpl-2814d36b-6019-42fc-a66f-ece8bfc5d7d4/datanode-9/data/ratis/f1cee7fd-bb01-41f6-aed7-9a9df8bbbb07/sm/snapshot.2_12 time:31
2019-09-16 16:48:32,952 [22812086-b692-43a0-8348-44721a5a82d7@group-9A9DF8BBBB07-StateMachineUpdater] INFO  impl.StateMachineUpdater (StateMachineUpdater.java:takeSnapshot(258)) - 22812086-b692-43a0-8348-44721a5a82d7@group-9A9DF8BBBB07-StateMachineUpdater: Took a snapshot at index 12
2019-09-16 16:48:32,952 [22812086-b692-43a0-8348-44721a5a82d7@group-9A9DF8BBBB07-StateMachineUpdater] INFO  impl.StateMachineUpdater (StateMachineUpdater.java:lambda$new$0(83)) - 22812086-b692-43a0-8348-44721a5a82d7@group-9A9DF8BBBB07-StateMachineUpdater: snapshotIndex: updateIncreasingly 12 -> 12
2019-09-16 16:48:32,953 [main] INFO  impl.RaftServerImpl (ServerState.java:close(385)) - 22812086-b692-43a0-8348-44721a5a82d7@group-9A9DF8BBBB07: closes. applyIndex: 16
2019-09-16 16:48:32,956 [22812086-b692-43a0-8348-44721a5a82d7@group-9A9DF8BBBB07-SegmentedRaftLogWorker] ERROR ratis.XceiverServerRatis (XceiverServerRatis.java:triggerPipelineClose(575)) - pipeline Action CLOSE  on pipeline PipelineID=f1cee7fd-bb01-41f6-aed7-9a9df8bbbb07.Reason : WriteLog:17: (t:2, i:17), STATEMACHINELOGENTRY, client-B863CA8D5873, cid=43-writeStateMachineData interrupted.
2019-09-16 16:48:32,957 [main] INFO  segmented.SegmentedRaftLogWorker (SegmentedRaftLogWorker.java:close(228)) - 22812086-b692-43a0-8348-44721a5a82d7@group-9A9DF8BBBB07-SegmentedRaftLogWorker close()
2019-09-16 16:48:32,963 [main] INFO  impl.RaftServerImpl (RaftServerImpl.java:lambda$shutdown$3(251)) - 22812086-b692-43a0-8348-44721a5a82d7@group-6FDF505D6F2F: shutdown
2019-09-16 16:48:32,963 [main] INFO  util.JmxRegister (JmxRegister.java:unregister(73)) - Successfully un-registered JMX Bean with object name Ratis:service=RaftServer,group=group-6FDF505D6F2F,id=22812086-b692-43a0-8348-44721a5a82d7
2019-09-16 16:48:32,964 [main] INFO  impl.RoleInfo (RoleInfo.java:shutdownLeaderState(104)) - 22812086-b692-43a0-8348-44721a5a82d7: shutdown LeaderState
2019-09-16 16:48:32,964 [main] INFO  impl.PendingRequests (PendingRequests.java:sendNotLeaderResponses(202)) - 22812086-b692-43a0-8348-44721a5a82d7-PendingRequests: sendNotLeaderResponses
2019-09-16 16:48:32,965 [main] INFO  impl.StateMachineUpdater (StateMachineUpdater.java:stopAndJoin(125)) - 22812086-b692-43a0-8348-44721a5a82d7@group-6FDF505D6F2F-StateMachineUpdater: set stopIndex = 0
2019-09-16 16:48:32,965 [main] INFO  impl.RaftServerImpl (ServerState.java:close(385)) - 22812086-b692-43a0-8348-44721a5a82d7@group-6FDF505D6F2F: closes. applyIndex: 0
2019-09-16 16:48:32,966 [22812086-b692-43a0-8348-44721a5a82d7@group-6FDF505D6F2F-SegmentedRaftLogWorker] INFO  segmented.SegmentedRaftLogWorker (SegmentedRaftLogWorker.java:run(313)) - 22812086-b692-43a0-8348-44721a5a82d7@group-6FDF505D6F2F-SegmentedRaftLogWorker was interrupted, exiting. There are 0 tasks remaining in the queue.
2019-09-16 16:48:32,966 [main] INFO  segmented.SegmentedRaftLogWorker (SegmentedRaftLogWorker.java:close(228)) - 22812086-b692-43a0-8348-44721a5a82d7@group-6FDF505D6F2F-SegmentedRaftLogWorker close()
2019-09-16 16:48:32,968 [main] INFO  server.GrpcService (GrpcService.java:closeImpl(164)) - 22812086-b692-43a0-8348-44721a5a82d7: shutdown server with port 33209 now
2019-09-16 16:48:32,970 [grpc-default-executor-3] WARN  server.GrpcServerProtocolService (LogUtils.java:warn(134)) - 22812086-b692-43a0-8348-44721a5a82d7: installSnapshot onError, lastRequest: d7db739d-8a5f-427c-bc0a-5603ac8ba161->22812086-b692-43a0-8348-44721a5a82d7#172-t2, previous=(t:2, i:20), leaderCommit=16, initializing? false, entries: <empty>: org.apache.ratis.thirdparty.io.grpc.StatusRuntimeException: CANCELLED: cancelled before receiving half close
2019-09-16 16:48:32,970 [main] INFO  server.GrpcService (GrpcService.java:closeImpl(172)) - 22812086-b692-43a0-8348-44721a5a82d7: shutdown server with port 33209 successfully
2019-09-16 16:48:32,971 [grpc-default-executor-0] WARN  server.GrpcLogAppender (LogUtils.java:warn(134)) - d7db739d-8a5f-427c-bc0a-5603ac8ba161@group-9A9DF8BBBB07->22812086-b692-43a0-8348-44721a5a82d7-AppendLogResponseHandler: Failed appendEntries: org.apache.ratis.thirdparty.io.grpc.StatusRuntimeException: CANCELLED: HTTP/2 error code: CANCEL
Received Rst Stream
2019-09-16 16:48:32,971 [grpc-default-executor-0] INFO  impl.FollowerInfo (FollowerInfo.java:lambda$new$0(51)) - d7db739d-8a5f-427c-bc0a-5603ac8ba161@group-9A9DF8BBBB07->22812086-b692-43a0-8348-44721a5a82d7: nextIndex: updateUnconditionally 21 -> 17
2019-09-16 16:48:32,973 [refreshUsed-/workdir/hadoop-ozone/integration-test/target/test-dir/MiniOzoneClusterImpl-2814d36b-6019-42fc-a66f-ece8bfc5d7d4/datanode-9/data/containers] WARN  fs.CachingGetSpaceUsed (CachingGetSpaceUsed.java:run(183)) - Thread Interrupted waiting to refresh disk information: sleep interrupted
2019-09-16 16:48:32,976 [ForkJoinPool.commonPool-worker-0] INFO  ozoneimpl.OzoneContainer (OzoneContainer.java:stop(231)) - Attempting to stop container services.
2019-09-16 16:48:32,977 [ForkJoinPool.commonPool-worker-0] INFO  impl.RaftServerProxy (RaftServerProxy.java:lambda$close$4(314)) - b1d373fd-82f2-45f9-929a-b8d8660dbeb2: close
2019-09-16 16:48:32,978 [ForkJoinPool.commonPool-worker-0] INFO  impl.RaftServerImpl (RaftServerImpl.java:lambda$shutdown$3(251)) - b1d373fd-82f2-45f9-929a-b8d8660dbeb2@group-651FE1B6B3BB: shutdown
2019-09-16 16:48:32,978 [ForkJoinPool.commonPool-worker-0] INFO  util.JmxRegister (JmxRegister.java:unregister(73)) - Successfully un-registered JMX Bean with object name Ratis:service=RaftServer,group=group-651FE1B6B3BB,id=b1d373fd-82f2-45f9-929a-b8d8660dbeb2
2019-09-16 16:48:32,979 [ForkJoinPool.commonPool-worker-0] INFO  impl.RoleInfo (RoleInfo.java:shutdownFollowerState(121)) - b1d373fd-82f2-45f9-929a-b8d8660dbeb2: shutdown FollowerState
2019-09-16 16:48:32,980 [ForkJoinPool.commonPool-worker-0] INFO  impl.StateMachineUpdater (StateMachineUpdater.java:stopAndJoin(125)) - b1d373fd-82f2-45f9-929a-b8d8660dbeb2@group-651FE1B6B3BB-StateMachineUpdater: set stopIndex = 16
2019-09-16 16:48:32,980 [b1d373fd-82f2-45f9-929a-b8d8660dbeb2@group-651FE1B6B3BB-StateMachineUpdater] INFO  ratis.ContainerStateMachine (ContainerStateMachine.java:takeSnapshot(289)) - group-651FE1B6B3BB: Taking a snapshot at:(t:1, i:12) file /workdir/hadoop-ozone/integration-test/target/test-dir/MiniOzoneClusterImpl-2814d36b-6019-42fc-a66f-ece8bfc5d7d4/datanode-4/data/ratis/43d64965-e11f-473d-8ea4-651fe1b6b3bb/sm/snapshot.1_12
2019-09-16 16:48:32,980 [Thread-383] INFO  impl.FollowerState (FollowerState.java:run(115)) - b1d373fd-82f2-45f9-929a-b8d8660dbeb2: FollowerState was interrupted: java.lang.InterruptedException: sleep interrupted
2019-09-16 16:48:32,999 [main] INFO  utils.BackgroundService (BackgroundService.java:shutdown(148)) - Shutting down service BlockDeletingService
2019-09-16 16:48:33,005 [main] INFO  statemachine.DatanodeStateMachine (DatanodeStateMachine.java:stopDaemon(395)) - Ozone container server stopped.
2019-09-16 16:48:33,011 [main] INFO  handler.ContextHandler (ContextHandler.java:doStop(910)) - Stopped o.e.j.w.WebAppContext@3f736a16{/,null,UNAVAILABLE}{/hddsDatanode}
2019-09-16 16:48:33,011 [main] INFO  server.AbstractConnector (AbstractConnector.java:doStop(318)) - Stopped ServerConnector@4601203a{HTTP/1.1,[http/1.1]}{0.0.0.0:0}
2019-09-16 16:48:33,015 [main] INFO  handler.ContextHandler (ContextHandler.java:doStop(910)) - Stopped o.e.j.s.ServletContextHandler@4364712f{/static,jar:file:/home/user/.m2/repository/org/apache/hadoop/hadoop-hdds-container-service/0.5.0-SNAPSHOT/hadoop-hdds-container-service-0.5.0-SNAPSHOT.jar!/webapps/static,UNAVAILABLE}
2019-09-16 16:48:33,015 [main] INFO  handler.ContextHandler (ContextHandler.java:doStop(910)) - Stopped o.e.j.s.ServletContextHandler@53c6f96d{/logs,file:///workdir/hadoop-ozone/integration-test/target/log,UNAVAILABLE}
2019-09-16 16:48:33,016 [b1d373fd-82f2-45f9-929a-b8d8660dbeb2@group-651FE1B6B3BB-StateMachineUpdater] INFO  ratis.ContainerStateMachine (ContainerStateMachine.java:takeSnapshot(300)) - group-651FE1B6B3BB: Finished taking a snapshot at:(t:1, i:12) file:/workdir/hadoop-ozone/integration-test/target/test-dir/MiniOzoneClusterImpl-2814d36b-6019-42fc-a66f-ece8bfc5d7d4/datanode-4/data/ratis/43d64965-e11f-473d-8ea4-651fe1b6b3bb/sm/snapshot.1_12 time:36
2019-09-16 16:48:33,017 [b1d373fd-82f2-45f9-929a-b8d8660dbeb2@group-651FE1B6B3BB-StateMachineUpdater] INFO  impl.StateMachineUpdater (StateMachineUpdater.java:takeSnapshot(258)) - b1d373fd-82f2-45f9-929a-b8d8660dbeb2@group-651FE1B6B3BB-StateMachineUpdater: Took a snapshot at index 12
2019-09-16 16:48:33,017 [b1d373fd-82f2-45f9-929a-b8d8660dbeb2@group-651FE1B6B3BB-StateMachineUpdater] INFO  impl.StateMachineUpdater (StateMachineUpdater.java:lambda$new$0(83)) - b1d373fd-82f2-45f9-929a-b8d8660dbeb2@group-651FE1B6B3BB-StateMachineUpdater: snapshotIndex: updateIncreasingly -1 -> 12
2019-09-16 16:48:33,017 [b1d373fd-82f2-45f9-929a-b8d8660dbeb2@group-651FE1B6B3BB-StateMachineUpdater] INFO  ratis.ContainerStateMachine (ContainerStateMachine.java:takeSnapshot(289)) - group-651FE1B6B3BB: Taking a snapshot at:(t:1, i:12) file /workdir/hadoop-ozone/integration-test/target/test-dir/MiniOzoneClusterImpl-2814d36b-6019-42fc-a66f-ece8bfc5d7d4/datanode-4/data/ratis/43d64965-e11f-473d-8ea4-651fe1b6b3bb/sm/snapshot.1_12
2019-09-16 16:48:33,042 [b1d373fd-82f2-45f9-929a-b8d8660dbeb2@group-651FE1B6B3BB-StateMachineUpdater] INFO  ratis.ContainerStateMachine (ContainerStateMachine.java:takeSnapshot(300)) - group-651FE1B6B3BB: Finished taking a snapshot at:(t:1, i:12) file:/workdir/hadoop-ozone/integration-test/target/test-dir/MiniOzoneClusterImpl-2814d36b-6019-42fc-a66f-ece8bfc5d7d4/datanode-4/data/ratis/43d64965-e11f-473d-8ea4-651fe1b6b3bb/sm/snapshot.1_12 time:24
2019-09-16 16:48:33,042 [b1d373fd-82f2-45f9-929a-b8d8660dbeb2@group-651FE1B6B3BB-StateMachineUpdater] INFO  impl.StateMachineUpdater (StateMachineUpdater.java:takeSnapshot(258)) - b1d373fd-82f2-45f9-929a-b8d8660dbeb2@group-651FE1B6B3BB-StateMachineUpdater: Took a snapshot at index 12
2019-09-16 16:48:33,042 [b1d373fd-82f2-45f9-929a-b8d8660dbeb2@group-651FE1B6B3BB-StateMachineUpdater] INFO  impl.StateMachineUpdater (StateMachineUpdater.java:lambda$new$0(83)) - b1d373fd-82f2-45f9-929a-b8d8660dbeb2@group-651FE1B6B3BB-StateMachineUpdater: snapshotIndex: updateIncreasingly 12 -> 12
2019-09-16 16:48:33,046 [ForkJoinPool.commonPool-worker-0] INFO  impl.RaftServerImpl (ServerState.java:close(385)) - b1d373fd-82f2-45f9-929a-b8d8660dbeb2@group-651FE1B6B3BB: closes. applyIndex: 16
2019-09-16 16:48:33,048 [b1d373fd-82f2-45f9-929a-b8d8660dbeb2@group-651FE1B6B3BB-SegmentedRaftLogWorker] ERROR ratis.XceiverServerRatis (XceiverServerRatis.java:triggerPipelineClose(575)) - pipeline Action CLOSE  on pipeline PipelineID=43d64965-e11f-473d-8ea4-651fe1b6b3bb.Reason : WriteLog:17: (t:1, i:17), STATEMACHINELOGENTRY, client-AC4080E834B7, cid=29-writeStateMachineData interrupted.
2019-09-16 16:48:33,048 [ForkJoinPool.commonPool-worker-0] INFO  segmented.SegmentedRaftLogWorker (SegmentedRaftLogWorker.java:close(228)) - b1d373fd-82f2-45f9-929a-b8d8660dbeb2@group-651FE1B6B3BB-SegmentedRaftLogWorker close()
2019-09-16 16:48:33,050 [ForkJoinPool.commonPool-worker-0] INFO  impl.RaftServerImpl (RaftServerImpl.java:lambda$shutdown$3(251)) - b1d373fd-82f2-45f9-929a-b8d8660dbeb2@group-E6369439FAD5: shutdown
2019-09-16 16:48:33,050 [ForkJoinPool.commonPool-worker-0] INFO  util.JmxRegister (JmxRegister.java:unregister(73)) - Successfully un-registered JMX Bean with object name Ratis:service=RaftServer,group=group-E6369439FAD5,id=b1d373fd-82f2-45f9-929a-b8d8660dbeb2
2019-09-16 16:48:33,051 [ForkJoinPool.commonPool-worker-0] INFO  impl.RoleInfo (RoleInfo.java:shutdownLeaderState(104)) - b1d373fd-82f2-45f9-929a-b8d8660dbeb2: shutdown LeaderState
2019-09-16 16:48:33,051 [ForkJoinPool.commonPool-worker-0] INFO  impl.PendingRequests (PendingRequests.java:sendNotLeaderResponses(202)) - b1d373fd-82f2-45f9-929a-b8d8660dbeb2-PendingRequests: sendNotLeaderResponses
2019-09-16 16:48:33,051 [ForkJoinPool.commonPool-worker-0] INFO  impl.StateMachineUpdater (StateMachineUpdater.java:stopAndJoin(125)) - b1d373fd-82f2-45f9-929a-b8d8660dbeb2@group-E6369439FAD5-StateMachineUpdater: set stopIndex = 0
2019-09-16 16:48:33,052 [ForkJoinPool.commonPool-worker-0] INFO  impl.RaftServerImpl (ServerState.java:close(385)) - b1d373fd-82f2-45f9-929a-b8d8660dbeb2@group-E6369439FAD5: closes. applyIndex: 0
2019-09-16 16:48:33,052 [b1d373fd-82f2-45f9-929a-b8d8660dbeb2@group-E6369439FAD5-SegmentedRaftLogWorker] INFO  segmented.SegmentedRaftLogWorker (SegmentedRaftLogWorker.java:run(313)) - b1d373fd-82f2-45f9-929a-b8d8660dbeb2@group-E6369439FAD5-SegmentedRaftLogWorker was interrupted, exiting. There are 0 tasks remaining in the queue.
2019-09-16 16:48:33,053 [ForkJoinPool.commonPool-worker-0] INFO  segmented.SegmentedRaftLogWorker (SegmentedRaftLogWorker.java:close(228)) - b1d373fd-82f2-45f9-929a-b8d8660dbeb2@group-E6369439FAD5-SegmentedRaftLogWorker close()
2019-09-16 16:48:33,054 [ForkJoinPool.commonPool-worker-0] INFO  server.GrpcService (GrpcService.java:closeImpl(164)) - b1d373fd-82f2-45f9-929a-b8d8660dbeb2: shutdown server with port 42789 now
2019-09-16 16:48:33,054 [ForkJoinPool.commonPool-worker-0] INFO  server.GrpcService (GrpcService.java:closeImpl(172)) - b1d373fd-82f2-45f9-929a-b8d8660dbeb2: shutdown server with port 42789 successfully
2019-09-16 16:48:33,056 [refreshUsed-/workdir/hadoop-ozone/integration-test/target/test-dir/MiniOzoneClusterImpl-2814d36b-6019-42fc-a66f-ece8bfc5d7d4/datanode-4/data/containers] WARN  fs.CachingGetSpaceUsed (CachingGetSpaceUsed.java:run(183)) - Thread Interrupted waiting to refresh disk information: sleep interrupted
2019-09-16 16:48:33,076 [ForkJoinPool.commonPool-worker-0] INFO  utils.BackgroundService (BackgroundService.java:shutdown(148)) - Shutting down service BlockDeletingService
2019-09-16 16:48:33,079 [ForkJoinPool.commonPool-worker-0] INFO  statemachine.DatanodeStateMachine (DatanodeStateMachine.java:stopDaemon(395)) - Ozone container server stopped.
2019-09-16 16:48:33,082 [ForkJoinPool.commonPool-worker-0] INFO  handler.ContextHandler (ContextHandler.java:doStop(910)) - Stopped o.e.j.w.WebAppContext@1d9bd4da{/,null,UNAVAILABLE}{/hddsDatanode}
2019-09-16 16:48:33,083 [ForkJoinPool.commonPool-worker-0] INFO  server.AbstractConnector (AbstractConnector.java:doStop(318)) - Stopped ServerConnector@4c58255{HTTP/1.1,[http/1.1]}{0.0.0.0:0}
2019-09-16 16:48:33,084 [ForkJoinPool.commonPool-worker-0] INFO  handler.ContextHandler (ContextHandler.java:doStop(910)) - Stopped o.e.j.s.ServletContextHandler@1dc3502b{/static,jar:file:/home/user/.m2/repository/org/apache/hadoop/hadoop-hdds-container-service/0.5.0-SNAPSHOT/hadoop-hdds-container-service-0.5.0-SNAPSHOT.jar!/webapps/static,UNAVAILABLE}
2019-09-16 16:48:33,085 [ForkJoinPool.commonPool-worker-0] INFO  handler.ContextHandler (ContextHandler.java:doStop(910)) - Stopped o.e.j.s.ServletContextHandler@561b7d53{/logs,file:///workdir/hadoop-ozone/integration-test/target/log,UNAVAILABLE}
2019-09-16 16:48:33,422 [grpc-default-executor-0] WARN  server.GrpcLogAppender (LogUtils.java:warn(134)) - d7db739d-8a5f-427c-bc0a-5603ac8ba161@group-9A9DF8BBBB07->22812086-b692-43a0-8348-44721a5a82d7-AppendLogResponseHandler: Failed appendEntries: org.apache.ratis.thirdparty.io.grpc.StatusRuntimeException: UNAVAILABLE: io exception
2019-09-16 16:48:33,424 [grpc-default-executor-0] INFO  impl.FollowerInfo (FollowerInfo.java:lambda$new$0(51)) - d7db739d-8a5f-427c-bc0a-5603ac8ba161@group-9A9DF8BBBB07->22812086-b692-43a0-8348-44721a5a82d7: nextIndex: updateUnconditionally 17 -> 16
2019-09-16 16:48:33,432 [grpc-default-executor-2] WARN  server.GrpcLogAppender (LogUtils.java:warn(134)) - d7db739d-8a5f-427c-bc0a-5603ac8ba161@group-9A9DF8BBBB07->37aba10a-6fc0-4836-82ce-0d66a20effe5-AppendLogResponseHandler: Failed appendEntries: org.apache.ratis.thirdparty.io.grpc.StatusRuntimeException: UNAVAILABLE: io exception
2019-09-16 16:48:33,435 [grpc-default-executor-2] INFO  impl.FollowerInfo (FollowerInfo.java:lambda$new$0(51)) - d7db739d-8a5f-427c-bc0a-5603ac8ba161@group-9A9DF8BBBB07->37aba10a-6fc0-4836-82ce-0d66a20effe5: nextIndex: updateUnconditionally 0 -> 0
2019-09-16 16:48:33,537 [Datanode State Machine Thread - 0] INFO  statemachine.DatanodeStateMachine (DatanodeStateMachine.java:lambda$startDaemon$0(350)) - Ozone container server started.
2019-09-16 16:48:33,623 [Datanode State Machine Thread - 0] INFO  statemachine.DatanodeStateMachine (DatanodeStateMachine.java:lambda$startDaemon$0(350)) - Ozone container server started.
2019-09-16 16:48:33,923 [grpc-default-executor-3] WARN  server.GrpcLogAppender (LogUtils.java:warn(134)) - d7db739d-8a5f-427c-bc0a-5603ac8ba161@group-9A9DF8BBBB07->22812086-b692-43a0-8348-44721a5a82d7-AppendLogResponseHandler: Failed appendEntries: org.apache.ratis.thirdparty.io.grpc.StatusRuntimeException: UNAVAILABLE: io exception
2019-09-16 16:48:33,925 [grpc-default-executor-3] INFO  impl.FollowerInfo (FollowerInfo.java:lambda$new$0(51)) - d7db739d-8a5f-427c-bc0a-5603ac8ba161@group-9A9DF8BBBB07->22812086-b692-43a0-8348-44721a5a82d7: nextIndex: updateUnconditionally 16 -> 15
2019-09-16 16:48:33,932 [grpc-default-executor-2] WARN  server.GrpcLogAppender (LogUtils.java:warn(134)) - d7db739d-8a5f-427c-bc0a-5603ac8ba161@group-9A9DF8BBBB07->37aba10a-6fc0-4836-82ce-0d66a20effe5-AppendLogResponseHandler: Failed appendEntries: org.apache.ratis.thirdparty.io.grpc.StatusRuntimeException: UNAVAILABLE: io exception
2019-09-16 16:48:33,933 [grpc-default-executor-2] INFO  impl.FollowerInfo (FollowerInfo.java:lambda$new$0(51)) - d7db739d-8a5f-427c-bc0a-5603ac8ba161@group-9A9DF8BBBB07->37aba10a-6fc0-4836-82ce-0d66a20effe5: nextIndex: updateUnconditionally 0 -> 0
2019-09-16 16:48:34,424 [grpc-default-executor-2] WARN  server.GrpcLogAppender (LogUtils.java:warn(134)) - d7db739d-8a5f-427c-bc0a-5603ac8ba161@group-9A9DF8BBBB07->22812086-b692-43a0-8348-44721a5a82d7-AppendLogResponseHandler: Failed appendEntries: org.apache.ratis.thirdparty.io.grpc.StatusRuntimeException: UNAVAILABLE: io exception
2019-09-16 16:48:34,427 [grpc-default-executor-2] INFO  impl.FollowerInfo (FollowerInfo.java:lambda$new$0(51)) - d7db739d-8a5f-427c-bc0a-5603ac8ba161@group-9A9DF8BBBB07->22812086-b692-43a0-8348-44721a5a82d7: nextIndex: updateUnconditionally 15 -> 14
2019-09-16 16:48:34,432 [grpc-default-executor-0] WARN  server.GrpcLogAppender (LogUtils.java:warn(134)) - d7db739d-8a5f-427c-bc0a-5603ac8ba161@group-9A9DF8BBBB07->37aba10a-6fc0-4836-82ce-0d66a20effe5-AppendLogResponseHandler: Failed appendEntries: org.apache.ratis.thirdparty.io.grpc.StatusRuntimeException: UNAVAILABLE: io exception
2019-09-16 16:48:34,434 [grpc-default-executor-0] INFO  impl.FollowerInfo (FollowerInfo.java:lambda$new$0(51)) - d7db739d-8a5f-427c-bc0a-5603ac8ba161@group-9A9DF8BBBB07->37aba10a-6fc0-4836-82ce-0d66a20effe5: nextIndex: updateUnconditionally 0 -> 0
2019-09-16 16:48:34,928 [grpc-default-executor-2] WARN  server.GrpcLogAppender (LogUtils.java:warn(134)) - d7db739d-8a5f-427c-bc0a-5603ac8ba161@group-9A9DF8BBBB07->22812086-b692-43a0-8348-44721a5a82d7-AppendLogResponseHandler: Failed appendEntries: org.apache.ratis.thirdparty.io.grpc.StatusRuntimeException: UNAVAILABLE: io exception
2019-09-16 16:48:34,931 [grpc-default-executor-2] INFO  impl.FollowerInfo (FollowerInfo.java:lambda$new$0(51)) - d7db739d-8a5f-427c-bc0a-5603ac8ba161@group-9A9DF8BBBB07->22812086-b692-43a0-8348-44721a5a82d7: nextIndex: updateUnconditionally 14 -> 13
2019-09-16 16:48:34,934 [grpc-default-executor-3] WARN  server.GrpcLogAppender (LogUtils.java:warn(134)) - d7db739d-8a5f-427c-bc0a-5603ac8ba161@group-9A9DF8BBBB07->37aba10a-6fc0-4836-82ce-0d66a20effe5-AppendLogResponseHandler: Failed appendEntries: org.apache.ratis.thirdparty.io.grpc.StatusRuntimeException: UNAVAILABLE: io exception
2019-09-16 16:48:34,938 [grpc-default-executor-3] INFO  impl.FollowerInfo (FollowerInfo.java:lambda$new$0(51)) - d7db739d-8a5f-427c-bc0a-5603ac8ba161@group-9A9DF8BBBB07->37aba10a-6fc0-4836-82ce-0d66a20effe5: nextIndex: updateUnconditionally 0 -> 0
2019-09-16 16:48:35,316 [d7db739d-8a5f-427c-bc0a-5603ac8ba161@group-9A9DF8BBBB07-SegmentedRaftLogWorker] WARN  segmented.SegmentedRaftLogWorker (SegmentedRaftLogWorker.java:getFromFuture(90)) - Timeout 5/~
org.apache.ratis.protocol.TimeoutIOException: Timeout 10s: WriteLog:17: (t:2, i:17), STATEMACHINELOGENTRY, client-B863CA8D5873, cid=43-writeStateMachineData
	at org.apache.ratis.util.IOUtils.getFromFuture(IOUtils.java:87)
	at org.apache.ratis.server.raftlog.segmented.SegmentedRaftLogWorker$StateMachineDataPolicy.getFromFuture(SegmentedRaftLogWorker.java:87)
	at org.apache.ratis.server.raftlog.segmented.SegmentedRaftLogWorker$WriteLog.execute(SegmentedRaftLogWorker.java:477)
	at org.apache.ratis.server.raftlog.segmented.SegmentedRaftLogWorker.run(SegmentedRaftLogWorker.java:289)
	at java.lang.Thread.run(Thread.java:748)
Caused by: java.util.concurrent.TimeoutException
	at java.util.concurrent.CompletableFuture.timedGet(CompletableFuture.java:1771)
	at java.util.concurrent.CompletableFuture.get(CompletableFuture.java:1915)
	at org.apache.ratis.util.IOUtils.getFromFuture(IOUtils.java:79)
	... 4 more
2019-09-16 16:48:35,431 [grpc-default-executor-3] WARN  server.GrpcLogAppender (LogUtils.java:warn(134)) - d7db739d-8a5f-427c-bc0a-5603ac8ba161@group-9A9DF8BBBB07->22812086-b692-43a0-8348-44721a5a82d7-AppendLogResponseHandler: Failed appendEntries: org.apache.ratis.thirdparty.io.grpc.StatusRuntimeException: UNAVAILABLE: io exception
2019-09-16 16:48:35,437 [grpc-default-executor-3] INFO  impl.FollowerInfo (FollowerInfo.java:lambda$new$0(51)) - d7db739d-8a5f-427c-bc0a-5603ac8ba161@group-9A9DF8BBBB07->22812086-b692-43a0-8348-44721a5a82d7: nextIndex: updateUnconditionally 13 -> 12
2019-09-16 16:48:35,440 [grpc-default-executor-2] WARN  server.GrpcLogAppender (LogUtils.java:warn(134)) - d7db739d-8a5f-427c-bc0a-5603ac8ba161@group-9A9DF8BBBB07->37aba10a-6fc0-4836-82ce-0d66a20effe5-AppendLogResponseHandler: Failed appendEntries: org.apache.ratis.thirdparty.io.grpc.StatusRuntimeException: UNAVAILABLE: io exception
2019-09-16 16:48:35,442 [grpc-default-executor-2] INFO  impl.FollowerInfo (FollowerInfo.java:lambda$new$0(51)) - d7db739d-8a5f-427c-bc0a-5603ac8ba161@group-9A9DF8BBBB07->37aba10a-6fc0-4836-82ce-0d66a20effe5: nextIndex: updateUnconditionally 0 -> 0
2019-09-16 16:48:35,933 [grpc-default-executor-0] WARN  server.GrpcLogAppender (LogUtils.java:warn(134)) - d7db739d-8a5f-427c-bc0a-5603ac8ba161@group-9A9DF8BBBB07->22812086-b692-43a0-8348-44721a5a82d7-AppendLogResponseHandler: Failed appendEntries: org.apache.ratis.thirdparty.io.grpc.StatusRuntimeException: UNAVAILABLE: io exception
2019-09-16 16:48:35,935 [grpc-default-executor-0] INFO  impl.FollowerInfo (FollowerInfo.java:lambda$new$0(51)) - d7db739d-8a5f-427c-bc0a-5603ac8ba161@group-9A9DF8BBBB07->22812086-b692-43a0-8348-44721a5a82d7: nextIndex: updateUnconditionally 12 -> 11
2019-09-16 16:48:35,940 [grpc-default-executor-0] WARN  server.GrpcLogAppender (LogUtils.java:warn(134)) - d7db739d-8a5f-427c-bc0a-5603ac8ba161@group-9A9DF8BBBB07->37aba10a-6fc0-4836-82ce-0d66a20effe5-AppendLogResponseHandler: Failed appendEntries: org.apache.ratis.thirdparty.io.grpc.StatusRuntimeException: UNAVAILABLE: io exception
2019-09-16 16:48:35,941 [grpc-default-executor-0] INFO  impl.FollowerInfo (FollowerInfo.java:lambda$new$0(51)) - d7db739d-8a5f-427c-bc0a-5603ac8ba161@group-9A9DF8BBBB07->37aba10a-6fc0-4836-82ce-0d66a20effe5: nextIndex: updateUnconditionally 0 -> 0
2019-09-16 16:48:36,434 [grpc-default-executor-0] WARN  server.GrpcLogAppender (LogUtils.java:warn(134)) - d7db739d-8a5f-427c-bc0a-5603ac8ba161@group-9A9DF8BBBB07->22812086-b692-43a0-8348-44721a5a82d7-AppendLogResponseHandler: Failed appendEntries: org.apache.ratis.thirdparty.io.grpc.StatusRuntimeException: UNAVAILABLE: io exception
2019-09-16 16:48:36,436 [grpc-default-executor-0] INFO  impl.FollowerInfo (FollowerInfo.java:lambda$new$0(51)) - d7db739d-8a5f-427c-bc0a-5603ac8ba161@group-9A9DF8BBBB07->22812086-b692-43a0-8348-44721a5a82d7: nextIndex: updateUnconditionally 11 -> 10
2019-09-16 16:48:36,440 [grpc-default-executor-3] WARN  server.GrpcLogAppender (LogUtils.java:warn(134)) - d7db739d-8a5f-427c-bc0a-5603ac8ba161@group-9A9DF8BBBB07->37aba10a-6fc0-4836-82ce-0d66a20effe5-AppendLogResponseHandler: Failed appendEntries: org.apache.ratis.thirdparty.io.grpc.StatusRuntimeException: UNAVAILABLE: io exception
2019-09-16 16:48:36,442 [grpc-default-executor-3] INFO  impl.FollowerInfo (FollowerInfo.java:lambda$new$0(51)) - d7db739d-8a5f-427c-bc0a-5603ac8ba161@group-9A9DF8BBBB07->37aba10a-6fc0-4836-82ce-0d66a20effe5: nextIndex: updateUnconditionally 0 -> 0
2019-09-16 16:48:36,938 [grpc-default-executor-2] WARN  server.GrpcLogAppender (LogUtils.java:warn(134)) - d7db739d-8a5f-427c-bc0a-5603ac8ba161@group-9A9DF8BBBB07->22812086-b692-43a0-8348-44721a5a82d7-AppendLogResponseHandler: Failed appendEntries: org.apache.ratis.thirdparty.io.grpc.StatusRuntimeException: UNAVAILABLE: io exception
2019-09-16 16:48:36,942 [grpc-default-executor-2] INFO  impl.FollowerInfo (FollowerInfo.java:lambda$new$0(51)) - d7db739d-8a5f-427c-bc0a-5603ac8ba161@group-9A9DF8BBBB07->22812086-b692-43a0-8348-44721a5a82d7: nextIndex: updateUnconditionally 10 -> 9
2019-09-16 16:48:36,944 [grpc-default-executor-3] WARN  server.GrpcLogAppender (LogUtils.java:warn(134)) - d7db739d-8a5f-427c-bc0a-5603ac8ba161@group-9A9DF8BBBB07->37aba10a-6fc0-4836-82ce-0d66a20effe5-AppendLogResponseHandler: Failed appendEntries: org.apache.ratis.thirdparty.io.grpc.StatusRuntimeException: UNAVAILABLE: io exception
2019-09-16 16:48:36,945 [grpc-default-executor-3] INFO  impl.FollowerInfo (FollowerInfo.java:lambda$new$0(51)) - d7db739d-8a5f-427c-bc0a-5603ac8ba161@group-9A9DF8BBBB07->37aba10a-6fc0-4836-82ce-0d66a20effe5: nextIndex: updateUnconditionally 0 -> 0
2019-09-16 16:48:37,439 [grpc-default-executor-2] WARN  server.GrpcLogAppender (LogUtils.java:warn(134)) - d7db739d-8a5f-427c-bc0a-5603ac8ba161@group-9A9DF8BBBB07->22812086-b692-43a0-8348-44721a5a82d7-AppendLogResponseHandler: Failed appendEntries: org.apache.ratis.thirdparty.io.grpc.StatusRuntimeException: UNAVAILABLE: io exception
2019-09-16 16:48:37,442 [grpc-default-executor-2] INFO  impl.FollowerInfo (FollowerInfo.java:lambda$new$0(51)) - d7db739d-8a5f-427c-bc0a-5603ac8ba161@group-9A9DF8BBBB07->22812086-b692-43a0-8348-44721a5a82d7: nextIndex: updateUnconditionally 9 -> 8
2019-09-16 16:48:37,444 [grpc-default-executor-0] WARN  server.GrpcLogAppender (LogUtils.java:warn(134)) - d7db739d-8a5f-427c-bc0a-5603ac8ba161@group-9A9DF8BBBB07->37aba10a-6fc0-4836-82ce-0d66a20effe5-AppendLogResponseHandler: Failed appendEntries: org.apache.ratis.thirdparty.io.grpc.StatusRuntimeException: UNAVAILABLE: io exception
2019-09-16 16:48:37,446 [grpc-default-executor-0] INFO  impl.FollowerInfo (FollowerInfo.java:lambda$new$0(51)) - d7db739d-8a5f-427c-bc0a-5603ac8ba161@group-9A9DF8BBBB07->37aba10a-6fc0-4836-82ce-0d66a20effe5: nextIndex: updateUnconditionally 0 -> 0
2019-09-16 16:48:37,953 [grpc-default-executor-3] WARN  server.GrpcLogAppender (LogUtils.java:warn(134)) - d7db739d-8a5f-427c-bc0a-5603ac8ba161@group-9A9DF8BBBB07->22812086-b692-43a0-8348-44721a5a82d7-AppendLogResponseHandler: Failed appendEntries: org.apache.ratis.thirdparty.io.grpc.StatusRuntimeException: UNAVAILABLE: io exception
2019-09-16 16:48:37,955 [grpc-default-executor-3] INFO  impl.FollowerInfo (FollowerInfo.java:lambda$new$0(51)) - d7db739d-8a5f-427c-bc0a-5603ac8ba161@group-9A9DF8BBBB07->22812086-b692-43a0-8348-44721a5a82d7: nextIndex: updateUnconditionally 8 -> 7
2019-09-16 16:48:37,957 [grpc-default-executor-2] WARN  server.GrpcLogAppender (LogUtils.java:warn(134)) - d7db739d-8a5f-427c-bc0a-5603ac8ba161@group-9A9DF8BBBB07->37aba10a-6fc0-4836-82ce-0d66a20effe5-AppendLogResponseHandler: Failed appendEntries: org.apache.ratis.thirdparty.io.grpc.StatusRuntimeException: UNAVAILABLE: io exception
2019-09-16 16:48:37,958 [grpc-default-executor-2] INFO  impl.FollowerInfo (FollowerInfo.java:lambda$new$0(51)) - d7db739d-8a5f-427c-bc0a-5603ac8ba161@group-9A9DF8BBBB07->37aba10a-6fc0-4836-82ce-0d66a20effe5: nextIndex: updateUnconditionally 0 -> 0
2019-09-16 16:48:38,018 [main] INFO  ozoneimpl.OzoneContainer (OzoneContainer.java:stop(231)) - Attempting to stop container services.
2019-09-16 16:48:38,019 [main] INFO  impl.RaftServerProxy (RaftServerProxy.java:lambda$close$4(314)) - 6044b653-4ba3-462e-b1d8-fff4097cca63: close
2019-09-16 16:48:38,019 [main] INFO  impl.RaftServerImpl (RaftServerImpl.java:lambda$shutdown$3(251)) - 6044b653-4ba3-462e-b1d8-fff4097cca63@group-276A6773F05B: shutdown
2019-09-16 16:48:38,020 [main] INFO  util.JmxRegister (JmxRegister.java:unregister(73)) - Successfully un-registered JMX Bean with object name Ratis:service=RaftServer,group=group-276A6773F05B,id=6044b653-4ba3-462e-b1d8-fff4097cca63
2019-09-16 16:48:38,020 [main] INFO  impl.RoleInfo (RoleInfo.java:shutdownFollowerState(121)) - 6044b653-4ba3-462e-b1d8-fff4097cca63: shutdown FollowerState
2019-09-16 16:48:38,021 [main] INFO  impl.StateMachineUpdater (StateMachineUpdater.java:stopAndJoin(125)) - 6044b653-4ba3-462e-b1d8-fff4097cca63@group-276A6773F05B-StateMachineUpdater: set stopIndex = 16
2019-09-16 16:48:38,021 [6044b653-4ba3-462e-b1d8-fff4097cca63@group-276A6773F05B-StateMachineUpdater] INFO  ratis.ContainerStateMachine (ContainerStateMachine.java:takeSnapshot(289)) - group-276A6773F05B: Taking a snapshot at:(t:3, i:12) file /workdir/hadoop-ozone/integration-test/target/test-dir/MiniOzoneClusterImpl-2814d36b-6019-42fc-a66f-ece8bfc5d7d4/datanode-7/data/ratis/875f3d80-77df-4568-bd78-276a6773f05b/sm/snapshot.3_12
2019-09-16 16:48:38,021 [Thread-463] INFO  impl.FollowerState (FollowerState.java:run(115)) - 6044b653-4ba3-462e-b1d8-fff4097cca63: FollowerState was interrupted: java.lang.InterruptedException: sleep interrupted
2019-09-16 16:48:38,050 [6044b653-4ba3-462e-b1d8-fff4097cca63@group-276A6773F05B-StateMachineUpdater] INFO  ratis.ContainerStateMachine (ContainerStateMachine.java:takeSnapshot(300)) - group-276A6773F05B: Finished taking a snapshot at:(t:3, i:12) file:/workdir/hadoop-ozone/integration-test/target/test-dir/MiniOzoneClusterImpl-2814d36b-6019-42fc-a66f-ece8bfc5d7d4/datanode-7/data/ratis/875f3d80-77df-4568-bd78-276a6773f05b/sm/snapshot.3_12 time:29
2019-09-16 16:48:38,051 [6044b653-4ba3-462e-b1d8-fff4097cca63@group-276A6773F05B-StateMachineUpdater] INFO  impl.StateMachineUpdater (StateMachineUpdater.java:takeSnapshot(258)) - 6044b653-4ba3-462e-b1d8-fff4097cca63@group-276A6773F05B-StateMachineUpdater: Took a snapshot at index 12
2019-09-16 16:48:38,051 [6044b653-4ba3-462e-b1d8-fff4097cca63@group-276A6773F05B-StateMachineUpdater] INFO  impl.StateMachineUpdater (StateMachineUpdater.java:lambda$new$0(83)) - 6044b653-4ba3-462e-b1d8-fff4097cca63@group-276A6773F05B-StateMachineUpdater: snapshotIndex: updateIncreasingly -1 -> 12
2019-09-16 16:48:38,052 [6044b653-4ba3-462e-b1d8-fff4097cca63@group-276A6773F05B-StateMachineUpdater] INFO  ratis.ContainerStateMachine (ContainerStateMachine.java:takeSnapshot(289)) - group-276A6773F05B: Taking a snapshot at:(t:3, i:12) file /workdir/hadoop-ozone/integration-test/target/test-dir/MiniOzoneClusterImpl-2814d36b-6019-42fc-a66f-ece8bfc5d7d4/datanode-7/data/ratis/875f3d80-77df-4568-bd78-276a6773f05b/sm/snapshot.3_12
2019-09-16 16:48:38,076 [6044b653-4ba3-462e-b1d8-fff4097cca63@group-276A6773F05B-StateMachineUpdater] INFO  ratis.ContainerStateMachine (ContainerStateMachine.java:takeSnapshot(300)) - group-276A6773F05B: Finished taking a snapshot at:(t:3, i:12) file:/workdir/hadoop-ozone/integration-test/target/test-dir/MiniOzoneClusterImpl-2814d36b-6019-42fc-a66f-ece8bfc5d7d4/datanode-7/data/ratis/875f3d80-77df-4568-bd78-276a6773f05b/sm/snapshot.3_12 time:24
2019-09-16 16:48:38,076 [6044b653-4ba3-462e-b1d8-fff4097cca63@group-276A6773F05B-StateMachineUpdater] INFO  impl.StateMachineUpdater (StateMachineUpdater.java:takeSnapshot(258)) - 6044b653-4ba3-462e-b1d8-fff4097cca63@group-276A6773F05B-StateMachineUpdater: Took a snapshot at index 12
2019-09-16 16:48:38,076 [6044b653-4ba3-462e-b1d8-fff4097cca63@group-276A6773F05B-StateMachineUpdater] INFO  impl.StateMachineUpdater (StateMachineUpdater.java:lambda$new$0(83)) - 6044b653-4ba3-462e-b1d8-fff4097cca63@group-276A6773F05B-StateMachineUpdater: snapshotIndex: updateIncreasingly 12 -> 12
2019-09-16 16:48:38,076 [main] INFO  impl.RaftServerImpl (ServerState.java:close(385)) - 6044b653-4ba3-462e-b1d8-fff4097cca63@group-276A6773F05B: closes. applyIndex: 16
2019-09-16 16:48:38,079 [6044b653-4ba3-462e-b1d8-fff4097cca63@group-276A6773F05B-SegmentedRaftLogWorker] ERROR ratis.XceiverServerRatis (XceiverServerRatis.java:triggerPipelineClose(575)) - pipeline Action CLOSE  on pipeline PipelineID=875f3d80-77df-4568-bd78-276a6773f05b.Reason : WriteLog:17: (t:3, i:17), STATEMACHINELOGENTRY, client-411C9E0252DD, cid=57-writeStateMachineData interrupted.
2019-09-16 16:48:38,080 [main] INFO  segmented.SegmentedRaftLogWorker (SegmentedRaftLogWorker.java:close(228)) - 6044b653-4ba3-462e-b1d8-fff4097cca63@group-276A6773F05B-SegmentedRaftLogWorker close()
2019-09-16 16:48:38,082 [main] INFO  impl.RaftServerImpl (RaftServerImpl.java:lambda$shutdown$3(251)) - 6044b653-4ba3-462e-b1d8-fff4097cca63@group-7B7027C86640: shutdown
2019-09-16 16:48:38,082 [main] INFO  util.JmxRegister (JmxRegister.java:unregister(73)) - Successfully un-registered JMX Bean with object name Ratis:service=RaftServer,group=group-7B7027C86640,id=6044b653-4ba3-462e-b1d8-fff4097cca63
2019-09-16 16:48:38,083 [main] INFO  impl.RoleInfo (RoleInfo.java:shutdownLeaderState(104)) - 6044b653-4ba3-462e-b1d8-fff4097cca63: shutdown LeaderState
2019-09-16 16:48:38,083 [main] INFO  impl.PendingRequests (PendingRequests.java:sendNotLeaderResponses(202)) - 6044b653-4ba3-462e-b1d8-fff4097cca63-PendingRequests: sendNotLeaderResponses
2019-09-16 16:48:38,084 [main] INFO  impl.StateMachineUpdater (StateMachineUpdater.java:stopAndJoin(125)) - 6044b653-4ba3-462e-b1d8-fff4097cca63@group-7B7027C86640-StateMachineUpdater: set stopIndex = 0
2019-09-16 16:48:38,084 [main] INFO  impl.RaftServerImpl (ServerState.java:close(385)) - 6044b653-4ba3-462e-b1d8-fff4097cca63@group-7B7027C86640: closes. applyIndex: 0
2019-09-16 16:48:38,085 [6044b653-4ba3-462e-b1d8-fff4097cca63@group-7B7027C86640-SegmentedRaftLogWorker] INFO  segmented.SegmentedRaftLogWorker (SegmentedRaftLogWorker.java:run(313)) - 6044b653-4ba3-462e-b1d8-fff4097cca63@group-7B7027C86640-SegmentedRaftLogWorker was interrupted, exiting. There are 0 tasks remaining in the queue.
2019-09-16 16:48:38,085 [main] INFO  segmented.SegmentedRaftLogWorker (SegmentedRaftLogWorker.java:close(228)) - 6044b653-4ba3-462e-b1d8-fff4097cca63@group-7B7027C86640-SegmentedRaftLogWorker close()
2019-09-16 16:48:38,086 [main] INFO  server.GrpcService (GrpcService.java:closeImpl(164)) - 6044b653-4ba3-462e-b1d8-fff4097cca63: shutdown server with port 43507 now
2019-09-16 16:48:38,087 [ForkJoinPool.commonPool-worker-0] INFO  ozoneimpl.OzoneContainer (OzoneContainer.java:stop(231)) - Attempting to stop container services.
2019-09-16 16:48:38,088 [main] INFO  server.GrpcService (GrpcService.java:closeImpl(172)) - 6044b653-4ba3-462e-b1d8-fff4097cca63: shutdown server with port 43507 successfully
2019-09-16 16:48:38,088 [ForkJoinPool.commonPool-worker-0] INFO  impl.RaftServerProxy (RaftServerProxy.java:lambda$close$4(314)) - d7db739d-8a5f-427c-bc0a-5603ac8ba161: close
2019-09-16 16:48:38,089 [ForkJoinPool.commonPool-worker-0] INFO  impl.RaftServerImpl (RaftServerImpl.java:lambda$shutdown$3(251)) - d7db739d-8a5f-427c-bc0a-5603ac8ba161@group-9A9DF8BBBB07: shutdown
2019-09-16 16:48:38,089 [ForkJoinPool.commonPool-worker-0] INFO  util.JmxRegister (JmxRegister.java:unregister(73)) - Successfully un-registered JMX Bean with object name Ratis:service=RaftServer,group=group-9A9DF8BBBB07,id=d7db739d-8a5f-427c-bc0a-5603ac8ba161
2019-09-16 16:48:38,089 [ForkJoinPool.commonPool-worker-0] INFO  impl.RoleInfo (RoleInfo.java:shutdownLeaderState(104)) - d7db739d-8a5f-427c-bc0a-5603ac8ba161: shutdown LeaderState
2019-09-16 16:48:38,093 [ForkJoinPool.commonPool-worker-0] INFO  impl.PendingRequests (PendingRequests.java:sendNotLeaderResponses(202)) - d7db739d-8a5f-427c-bc0a-5603ac8ba161-PendingRequests: sendNotLeaderResponses
2019-09-16 16:48:38,093 [org.apache.ratis.server.impl.LogAppender$AppenderDaemon$$Lambda$548/1372820718@46ca0ed0] WARN  server.GrpcLogAppender (GrpcLogAppender.java:mayWait(143)) - d7db739d-8a5f-427c-bc0a-5603ac8ba161@group-9A9DF8BBBB07->22812086-b692-43a0-8348-44721a5a82d7-GrpcLogAppender: Wait interrupted by java.lang.InterruptedException
2019-09-16 16:48:38,093 [org.apache.ratis.server.impl.LogAppender$AppenderDaemon$$Lambda$548/1372820718@48a968b7] WARN  server.GrpcLogAppender (GrpcLogAppender.java:mayWait(143)) - d7db739d-8a5f-427c-bc0a-5603ac8ba161@group-9A9DF8BBBB07->37aba10a-6fc0-4836-82ce-0d66a20effe5-GrpcLogAppender: Wait interrupted by java.lang.InterruptedException
2019-09-16 16:48:38,097 [ForkJoinPool.commonPool-worker-0] INFO  impl.StateMachineUpdater (StateMachineUpdater.java:stopAndJoin(125)) - d7db739d-8a5f-427c-bc0a-5603ac8ba161@group-9A9DF8BBBB07-StateMachineUpdater: set stopIndex = 16
2019-09-16 16:48:38,097 [d7db739d-8a5f-427c-bc0a-5603ac8ba161@group-9A9DF8BBBB07-StateMachineUpdater] INFO  ratis.ContainerStateMachine (ContainerStateMachine.java:takeSnapshot(289)) - group-9A9DF8BBBB07: Taking a snapshot at:(t:2, i:12) file /workdir/hadoop-ozone/integration-test/target/test-dir/MiniOzoneClusterImpl-2814d36b-6019-42fc-a66f-ece8bfc5d7d4/datanode-0/data/ratis/f1cee7fd-bb01-41f6-aed7-9a9df8bbbb07/sm/snapshot.2_12
2019-09-16 16:48:38,102 [refreshUsed-/workdir/hadoop-ozone/integration-test/target/test-dir/MiniOzoneClusterImpl-2814d36b-6019-42fc-a66f-ece8bfc5d7d4/datanode-7/data/containers] WARN  fs.CachingGetSpaceUsed (CachingGetSpaceUsed.java:run(183)) - Thread Interrupted waiting to refresh disk information: sleep interrupted
2019-09-16 16:48:38,118 [d7db739d-8a5f-427c-bc0a-5603ac8ba161@group-9A9DF8BBBB07-StateMachineUpdater] INFO  ratis.ContainerStateMachine (ContainerStateMachine.java:takeSnapshot(300)) - group-9A9DF8BBBB07: Finished taking a snapshot at:(t:2, i:12) file:/workdir/hadoop-ozone/integration-test/target/test-dir/MiniOzoneClusterImpl-2814d36b-6019-42fc-a66f-ece8bfc5d7d4/datanode-0/data/ratis/f1cee7fd-bb01-41f6-aed7-9a9df8bbbb07/sm/snapshot.2_12 time:21
2019-09-16 16:48:38,119 [d7db739d-8a5f-427c-bc0a-5603ac8ba161@group-9A9DF8BBBB07-StateMachineUpdater] INFO  impl.StateMachineUpdater (StateMachineUpdater.java:takeSnapshot(258)) - d7db739d-8a5f-427c-bc0a-5603ac8ba161@group-9A9DF8BBBB07-StateMachineUpdater: Took a snapshot at index 12
2019-09-16 16:48:38,119 [d7db739d-8a5f-427c-bc0a-5603ac8ba161@group-9A9DF8BBBB07-StateMachineUpdater] INFO  impl.StateMachineUpdater (StateMachineUpdater.java:lambda$new$0(83)) - d7db739d-8a5f-427c-bc0a-5603ac8ba161@group-9A9DF8BBBB07-StateMachineUpdater: snapshotIndex: updateIncreasingly -1 -> 12
2019-09-16 16:48:38,119 [d7db739d-8a5f-427c-bc0a-5603ac8ba161@group-9A9DF8BBBB07-StateMachineUpdater] INFO  ratis.ContainerStateMachine (ContainerStateMachine.java:takeSnapshot(289)) - group-9A9DF8BBBB07: Taking a snapshot at:(t:2, i:12) file /workdir/hadoop-ozone/integration-test/target/test-dir/MiniOzoneClusterImpl-2814d36b-6019-42fc-a66f-ece8bfc5d7d4/datanode-0/data/ratis/f1cee7fd-bb01-41f6-aed7-9a9df8bbbb07/sm/snapshot.2_12
2019-09-16 16:48:38,120 [main] INFO  utils.BackgroundService (BackgroundService.java:shutdown(148)) - Shutting down service BlockDeletingService
2019-09-16 16:48:38,128 [main] INFO  statemachine.DatanodeStateMachine (DatanodeStateMachine.java:stopDaemon(395)) - Ozone container server stopped.
2019-09-16 16:48:38,130 [main] INFO  handler.ContextHandler (ContextHandler.java:doStop(910)) - Stopped o.e.j.w.WebAppContext@7e5843db{/,null,UNAVAILABLE}{/hddsDatanode}
2019-09-16 16:48:38,131 [main] INFO  server.AbstractConnector (AbstractConnector.java:doStop(318)) - Stopped ServerConnector@459f703f{HTTP/1.1,[http/1.1]}{0.0.0.0:0}
2019-09-16 16:48:38,131 [main] INFO  handler.ContextHandler (ContextHandler.java:doStop(910)) - Stopped o.e.j.s.ServletContextHandler@5f254608{/static,jar:file:/home/user/.m2/repository/org/apache/hadoop/hadoop-hdds-container-service/0.5.0-SNAPSHOT/hadoop-hdds-container-service-0.5.0-SNAPSHOT.jar!/webapps/static,UNAVAILABLE}
2019-09-16 16:48:38,132 [main] INFO  handler.ContextHandler (ContextHandler.java:doStop(910)) - Stopped o.e.j.s.ServletContextHandler@75181b50{/logs,file:///workdir/hadoop-ozone/integration-test/target/log,UNAVAILABLE}
2019-09-16 16:48:38,152 [d7db739d-8a5f-427c-bc0a-5603ac8ba161@group-9A9DF8BBBB07-StateMachineUpdater] INFO  ratis.ContainerStateMachine (ContainerStateMachine.java:takeSnapshot(300)) - group-9A9DF8BBBB07: Finished taking a snapshot at:(t:2, i:12) file:/workdir/hadoop-ozone/integration-test/target/test-dir/MiniOzoneClusterImpl-2814d36b-6019-42fc-a66f-ece8bfc5d7d4/datanode-0/data/ratis/f1cee7fd-bb01-41f6-aed7-9a9df8bbbb07/sm/snapshot.2_12 time:32
2019-09-16 16:48:38,152 [d7db739d-8a5f-427c-bc0a-5603ac8ba161@group-9A9DF8BBBB07-StateMachineUpdater] INFO  impl.StateMachineUpdater (StateMachineUpdater.java:takeSnapshot(258)) - d7db739d-8a5f-427c-bc0a-5603ac8ba161@group-9A9DF8BBBB07-StateMachineUpdater: Took a snapshot at index 12
2019-09-16 16:48:38,152 [d7db739d-8a5f-427c-bc0a-5603ac8ba161@group-9A9DF8BBBB07-StateMachineUpdater] INFO  impl.StateMachineUpdater (StateMachineUpdater.java:lambda$new$0(83)) - d7db739d-8a5f-427c-bc0a-5603ac8ba161@group-9A9DF8BBBB07-StateMachineUpdater: snapshotIndex: updateIncreasingly 12 -> 12
2019-09-16 16:48:38,153 [ForkJoinPool.commonPool-worker-0] INFO  impl.RaftServerImpl (ServerState.java:close(385)) - d7db739d-8a5f-427c-bc0a-5603ac8ba161@group-9A9DF8BBBB07: closes. applyIndex: 16
2019-09-16 16:48:38,155 [d7db739d-8a5f-427c-bc0a-5603ac8ba161@group-9A9DF8BBBB07-SegmentedRaftLogWorker] ERROR ratis.XceiverServerRatis (XceiverServerRatis.java:triggerPipelineClose(575)) - pipeline Action CLOSE  on pipeline PipelineID=f1cee7fd-bb01-41f6-aed7-9a9df8bbbb07.Reason : WriteLog:17: (t:2, i:17), STATEMACHINELOGENTRY, client-B863CA8D5873, cid=43-writeStateMachineData interrupted.
2019-09-16 16:48:38,155 [ForkJoinPool.commonPool-worker-0] INFO  segmented.SegmentedRaftLogWorker (SegmentedRaftLogWorker.java:close(228)) - d7db739d-8a5f-427c-bc0a-5603ac8ba161@group-9A9DF8BBBB07-SegmentedRaftLogWorker close()
2019-09-16 16:48:38,156 [ForkJoinPool.commonPool-worker-0] INFO  impl.RaftServerImpl (RaftServerImpl.java:lambda$shutdown$3(251)) - d7db739d-8a5f-427c-bc0a-5603ac8ba161@group-05BB73A67ED0: shutdown
2019-09-16 16:48:38,157 [ForkJoinPool.commonPool-worker-0] INFO  util.JmxRegister (JmxRegister.java:unregister(73)) - Successfully un-registered JMX Bean with object name Ratis:service=RaftServer,group=group-05BB73A67ED0,id=d7db739d-8a5f-427c-bc0a-5603ac8ba161
2019-09-16 16:48:38,157 [ForkJoinPool.commonPool-worker-0] INFO  impl.RoleInfo (RoleInfo.java:shutdownLeaderState(104)) - d7db739d-8a5f-427c-bc0a-5603ac8ba161: shutdown LeaderState
2019-09-16 16:48:38,157 [ForkJoinPool.commonPool-worker-0] INFO  impl.PendingRequests (PendingRequests.java:sendNotLeaderResponses(202)) - d7db739d-8a5f-427c-bc0a-5603ac8ba161-PendingRequests: sendNotLeaderResponses
2019-09-16 16:48:38,158 [ForkJoinPool.commonPool-worker-0] INFO  impl.StateMachineUpdater (StateMachineUpdater.java:stopAndJoin(125)) - d7db739d-8a5f-427c-bc0a-5603ac8ba161@group-05BB73A67ED0-StateMachineUpdater: set stopIndex = 0
2019-09-16 16:48:38,158 [ForkJoinPool.commonPool-worker-0] INFO  impl.RaftServerImpl (ServerState.java:close(385)) - d7db739d-8a5f-427c-bc0a-5603ac8ba161@group-05BB73A67ED0: closes. applyIndex: 0
2019-09-16 16:48:38,158 [d7db739d-8a5f-427c-bc0a-5603ac8ba161@group-05BB73A67ED0-SegmentedRaftLogWorker] INFO  segmented.SegmentedRaftLogWorker (SegmentedRaftLogWorker.java:run(313)) - d7db739d-8a5f-427c-bc0a-5603ac8ba161@group-05BB73A67ED0-SegmentedRaftLogWorker was interrupted, exiting. There are 0 tasks remaining in the queue.
2019-09-16 16:48:38,158 [ForkJoinPool.commonPool-worker-0] INFO  segmented.SegmentedRaftLogWorker (SegmentedRaftLogWorker.java:close(228)) - d7db739d-8a5f-427c-bc0a-5603ac8ba161@group-05BB73A67ED0-SegmentedRaftLogWorker close()
2019-09-16 16:48:38,160 [ForkJoinPool.commonPool-worker-0] INFO  server.GrpcService (GrpcService.java:closeImpl(164)) - d7db739d-8a5f-427c-bc0a-5603ac8ba161: shutdown server with port 39532 now
2019-09-16 16:48:38,160 [ForkJoinPool.commonPool-worker-0] INFO  server.GrpcService (GrpcService.java:closeImpl(172)) - d7db739d-8a5f-427c-bc0a-5603ac8ba161: shutdown server with port 39532 successfully
2019-09-16 16:48:38,162 [refreshUsed-/workdir/hadoop-ozone/integration-test/target/test-dir/MiniOzoneClusterImpl-2814d36b-6019-42fc-a66f-ece8bfc5d7d4/datanode-0/data/containers] WARN  fs.CachingGetSpaceUsed (CachingGetSpaceUsed.java:run(183)) - Thread Interrupted waiting to refresh disk information: sleep interrupted
2019-09-16 16:48:38,316 [ForkJoinPool.commonPool-worker-0] INFO  utils.BackgroundService (BackgroundService.java:shutdown(148)) - Shutting down service BlockDeletingService
2019-09-16 16:48:38,357 [ForkJoinPool.commonPool-worker-0] INFO  statemachine.DatanodeStateMachine (DatanodeStateMachine.java:stopDaemon(395)) - Ozone container server stopped.
2019-09-16 16:48:38,377 [ForkJoinPool.commonPool-worker-0] INFO  handler.ContextHandler (ContextHandler.java:doStop(910)) - Stopped o.e.j.w.WebAppContext@3c5dbdf8{/,null,UNAVAILABLE}{/hddsDatanode}
2019-09-16 16:48:38,379 [ForkJoinPool.commonPool-worker-0] INFO  server.AbstractConnector (AbstractConnector.java:doStop(318)) - Stopped ServerConnector@352c44a8{HTTP/1.1,[http/1.1]}{0.0.0.0:0}
2019-09-16 16:48:38,383 [ForkJoinPool.commonPool-worker-0] INFO  handler.ContextHandler (ContextHandler.java:doStop(910)) - Stopped o.e.j.s.ServletContextHandler@433348bc{/static,jar:file:/home/user/.m2/repository/org/apache/hadoop/hadoop-hdds-container-service/0.5.0-SNAPSHOT/hadoop-hdds-container-service-0.5.0-SNAPSHOT.jar!/webapps/static,UNAVAILABLE}
2019-09-16 16:48:38,384 [ForkJoinPool.commonPool-worker-0] INFO  handler.ContextHandler (ContextHandler.java:doStop(910)) - Stopped o.e.j.s.ServletContextHandler@5fa23c{/logs,file:///workdir/hadoop-ozone/integration-test/target/log,UNAVAILABLE}
2019-09-16 16:48:38,538 [Datanode State Machine Thread - 0] INFO  statemachine.DatanodeStateMachine (DatanodeStateMachine.java:lambda$startDaemon$0(350)) - Ozone container server started.
2019-09-16 16:48:39,429 [44446946-e2df-49b4-a08f-7c38e08da8da@group-276A6773F05B-SegmentedRaftLogWorker] WARN  segmented.SegmentedRaftLogWorker (SegmentedRaftLogWorker.java:getFromFuture(90)) - Timeout 3/~
org.apache.ratis.protocol.TimeoutIOException: Timeout 10s: WriteLog:17: (t:3, i:17), STATEMACHINELOGENTRY, client-411C9E0252DD, cid=57-writeStateMachineData
	at org.apache.ratis.util.IOUtils.getFromFuture(IOUtils.java:87)
	at org.apache.ratis.server.raftlog.segmented.SegmentedRaftLogWorker$StateMachineDataPolicy.getFromFuture(SegmentedRaftLogWorker.java:87)
	at org.apache.ratis.server.raftlog.segmented.SegmentedRaftLogWorker$WriteLog.execute(SegmentedRaftLogWorker.java:477)
	at org.apache.ratis.server.raftlog.segmented.SegmentedRaftLogWorker.run(SegmentedRaftLogWorker.java:289)
	at java.lang.Thread.run(Thread.java:748)
Caused by: java.util.concurrent.TimeoutException
	at java.util.concurrent.CompletableFuture.timedGet(CompletableFuture.java:1771)
	at java.util.concurrent.CompletableFuture.get(CompletableFuture.java:1915)
	at org.apache.ratis.util.IOUtils.getFromFuture(IOUtils.java:79)
	... 4 more
2019-09-16 16:48:43,414 [ForkJoinPool.commonPool-worker-0] INFO  ozoneimpl.OzoneContainer (OzoneContainer.java:stop(231)) - Attempting to stop container services.
2019-09-16 16:48:43,415 [ForkJoinPool.commonPool-worker-0] INFO  impl.RaftServerProxy (RaftServerProxy.java:lambda$close$4(314)) - 44446946-e2df-49b4-a08f-7c38e08da8da: close
2019-09-16 16:48:43,415 [ForkJoinPool.commonPool-worker-0] INFO  impl.RaftServerImpl (RaftServerImpl.java:lambda$shutdown$3(251)) - 44446946-e2df-49b4-a08f-7c38e08da8da@group-276A6773F05B: shutdown
2019-09-16 16:48:43,416 [ForkJoinPool.commonPool-worker-0] INFO  util.JmxRegister (JmxRegister.java:unregister(73)) - Successfully un-registered JMX Bean with object name Ratis:service=RaftServer,group=group-276A6773F05B,id=44446946-e2df-49b4-a08f-7c38e08da8da
2019-09-16 16:48:43,416 [ForkJoinPool.commonPool-worker-0] INFO  impl.RoleInfo (RoleInfo.java:shutdownFollowerState(121)) - 44446946-e2df-49b4-a08f-7c38e08da8da: shutdown FollowerState
2019-09-16 16:48:43,416 [ForkJoinPool.commonPool-worker-0] INFO  impl.StateMachineUpdater (StateMachineUpdater.java:stopAndJoin(125)) - 44446946-e2df-49b4-a08f-7c38e08da8da@group-276A6773F05B-StateMachineUpdater: set stopIndex = 16
2019-09-16 16:48:43,416 [Thread-477] INFO  impl.FollowerState (FollowerState.java:run(115)) - 44446946-e2df-49b4-a08f-7c38e08da8da: FollowerState was interrupted: java.lang.InterruptedException: sleep interrupted
2019-09-16 16:48:43,417 [44446946-e2df-49b4-a08f-7c38e08da8da@group-276A6773F05B-StateMachineUpdater] INFO  ratis.ContainerStateMachine (ContainerStateMachine.java:takeSnapshot(289)) - group-276A6773F05B: Taking a snapshot at:(t:3, i:12) file /workdir/hadoop-ozone/integration-test/target/test-dir/MiniOzoneClusterImpl-2814d36b-6019-42fc-a66f-ece8bfc5d7d4/datanode-1/data/ratis/875f3d80-77df-4568-bd78-276a6773f05b/sm/snapshot.3_12
2019-09-16 16:48:43,449 [44446946-e2df-49b4-a08f-7c38e08da8da@group-276A6773F05B-StateMachineUpdater] INFO  ratis.ContainerStateMachine (ContainerStateMachine.java:takeSnapshot(300)) - group-276A6773F05B: Finished taking a snapshot at:(t:3, i:12) file:/workdir/hadoop-ozone/integration-test/target/test-dir/MiniOzoneClusterImpl-2814d36b-6019-42fc-a66f-ece8bfc5d7d4/datanode-1/data/ratis/875f3d80-77df-4568-bd78-276a6773f05b/sm/snapshot.3_12 time:33
2019-09-16 16:48:43,450 [44446946-e2df-49b4-a08f-7c38e08da8da@group-276A6773F05B-StateMachineUpdater] INFO  impl.StateMachineUpdater (StateMachineUpdater.java:takeSnapshot(258)) - 44446946-e2df-49b4-a08f-7c38e08da8da@group-276A6773F05B-StateMachineUpdater: Took a snapshot at index 12
2019-09-16 16:48:43,450 [44446946-e2df-49b4-a08f-7c38e08da8da@group-276A6773F05B-StateMachineUpdater] INFO  impl.StateMachineUpdater (StateMachineUpdater.java:lambda$new$0(83)) - 44446946-e2df-49b4-a08f-7c38e08da8da@group-276A6773F05B-StateMachineUpdater: snapshotIndex: updateIncreasingly -1 -> 12
2019-09-16 16:48:43,451 [44446946-e2df-49b4-a08f-7c38e08da8da@group-276A6773F05B-StateMachineUpdater] INFO  ratis.ContainerStateMachine (ContainerStateMachine.java:takeSnapshot(289)) - group-276A6773F05B: Taking a snapshot at:(t:3, i:12) file /workdir/hadoop-ozone/integration-test/target/test-dir/MiniOzoneClusterImpl-2814d36b-6019-42fc-a66f-ece8bfc5d7d4/datanode-1/data/ratis/875f3d80-77df-4568-bd78-276a6773f05b/sm/snapshot.3_12
2019-09-16 16:48:43,479 [44446946-e2df-49b4-a08f-7c38e08da8da@group-276A6773F05B-StateMachineUpdater] INFO  ratis.ContainerStateMachine (ContainerStateMachine.java:takeSnapshot(300)) - group-276A6773F05B: Finished taking a snapshot at:(t:3, i:12) file:/workdir/hadoop-ozone/integration-test/target/test-dir/MiniOzoneClusterImpl-2814d36b-6019-42fc-a66f-ece8bfc5d7d4/datanode-1/data/ratis/875f3d80-77df-4568-bd78-276a6773f05b/sm/snapshot.3_12 time:28
2019-09-16 16:48:43,479 [44446946-e2df-49b4-a08f-7c38e08da8da@group-276A6773F05B-StateMachineUpdater] INFO  impl.StateMachineUpdater (StateMachineUpdater.java:takeSnapshot(258)) - 44446946-e2df-49b4-a08f-7c38e08da8da@group-276A6773F05B-StateMachineUpdater: Took a snapshot at index 12
2019-09-16 16:48:43,479 [44446946-e2df-49b4-a08f-7c38e08da8da@group-276A6773F05B-StateMachineUpdater] INFO  impl.StateMachineUpdater (StateMachineUpdater.java:lambda$new$0(83)) - 44446946-e2df-49b4-a08f-7c38e08da8da@group-276A6773F05B-StateMachineUpdater: snapshotIndex: updateIncreasingly 12 -> 12
2019-09-16 16:48:43,480 [ForkJoinPool.commonPool-worker-0] INFO  impl.RaftServerImpl (ServerState.java:close(385)) - 44446946-e2df-49b4-a08f-7c38e08da8da@group-276A6773F05B: closes. applyIndex: 16
2019-09-16 16:48:43,482 [44446946-e2df-49b4-a08f-7c38e08da8da@group-276A6773F05B-SegmentedRaftLogWorker] ERROR ratis.XceiverServerRatis (XceiverServerRatis.java:triggerPipelineClose(575)) - pipeline Action CLOSE  on pipeline PipelineID=875f3d80-77df-4568-bd78-276a6773f05b.Reason : WriteLog:17: (t:3, i:17), STATEMACHINELOGENTRY, client-411C9E0252DD, cid=57-writeStateMachineData interrupted.
2019-09-16 16:48:43,483 [ForkJoinPool.commonPool-worker-0] INFO  segmented.SegmentedRaftLogWorker (SegmentedRaftLogWorker.java:close(228)) - 44446946-e2df-49b4-a08f-7c38e08da8da@group-276A6773F05B-SegmentedRaftLogWorker close()
2019-09-16 16:48:43,484 [ForkJoinPool.commonPool-worker-0] INFO  impl.RaftServerImpl (RaftServerImpl.java:lambda$shutdown$3(251)) - 44446946-e2df-49b4-a08f-7c38e08da8da@group-19EF95327815: shutdown
2019-09-16 16:48:43,484 [ForkJoinPool.commonPool-worker-0] INFO  util.JmxRegister (JmxRegister.java:unregister(73)) - Successfully un-registered JMX Bean with object name Ratis:service=RaftServer,group=group-19EF95327815,id=44446946-e2df-49b4-a08f-7c38e08da8da
2019-09-16 16:48:43,484 [ForkJoinPool.commonPool-worker-0] INFO  impl.RoleInfo (RoleInfo.java:shutdownLeaderState(104)) - 44446946-e2df-49b4-a08f-7c38e08da8da: shutdown LeaderState
2019-09-16 16:48:43,484 [ForkJoinPool.commonPool-worker-0] INFO  impl.PendingRequests (PendingRequests.java:sendNotLeaderResponses(202)) - 44446946-e2df-49b4-a08f-7c38e08da8da-PendingRequests: sendNotLeaderResponses
2019-09-16 16:48:43,485 [ForkJoinPool.commonPool-worker-0] INFO  impl.StateMachineUpdater (StateMachineUpdater.java:stopAndJoin(125)) - 44446946-e2df-49b4-a08f-7c38e08da8da@group-19EF95327815-StateMachineUpdater: set stopIndex = 0
2019-09-16 16:48:43,485 [ForkJoinPool.commonPool-worker-0] INFO  impl.RaftServerImpl (ServerState.java:close(385)) - 44446946-e2df-49b4-a08f-7c38e08da8da@group-19EF95327815: closes. applyIndex: 0
2019-09-16 16:48:43,485 [44446946-e2df-49b4-a08f-7c38e08da8da@group-19EF95327815-SegmentedRaftLogWorker] INFO  segmented.SegmentedRaftLogWorker (SegmentedRaftLogWorker.java:run(313)) - 44446946-e2df-49b4-a08f-7c38e08da8da@group-19EF95327815-SegmentedRaftLogWorker was interrupted, exiting. There are 0 tasks remaining in the queue.
2019-09-16 16:48:43,486 [ForkJoinPool.commonPool-worker-0] INFO  segmented.SegmentedRaftLogWorker (SegmentedRaftLogWorker.java:close(228)) - 44446946-e2df-49b4-a08f-7c38e08da8da@group-19EF95327815-SegmentedRaftLogWorker close()
2019-09-16 16:48:43,487 [ForkJoinPool.commonPool-worker-0] INFO  server.GrpcService (GrpcService.java:closeImpl(164)) - 44446946-e2df-49b4-a08f-7c38e08da8da: shutdown server with port 45592 now
2019-09-16 16:48:43,487 [ForkJoinPool.commonPool-worker-0] INFO  server.GrpcService (GrpcService.java:closeImpl(172)) - 44446946-e2df-49b4-a08f-7c38e08da8da: shutdown server with port 45592 successfully
2019-09-16 16:48:43,489 [refreshUsed-/workdir/hadoop-ozone/integration-test/target/test-dir/MiniOzoneClusterImpl-2814d36b-6019-42fc-a66f-ece8bfc5d7d4/datanode-1/data/containers] WARN  fs.CachingGetSpaceUsed (CachingGetSpaceUsed.java:run(183)) - Thread Interrupted waiting to refresh disk information: sleep interrupted
2019-09-16 16:48:43,501 [ForkJoinPool.commonPool-worker-0] INFO  utils.BackgroundService (BackgroundService.java:shutdown(148)) - Shutting down service BlockDeletingService
2019-09-16 16:48:43,504 [ForkJoinPool.commonPool-worker-0] INFO  statemachine.DatanodeStateMachine (DatanodeStateMachine.java:stopDaemon(395)) - Ozone container server stopped.
2019-09-16 16:48:43,507 [ForkJoinPool.commonPool-worker-0] INFO  handler.ContextHandler (ContextHandler.java:doStop(910)) - Stopped o.e.j.w.WebAppContext@a451491{/,null,UNAVAILABLE}{/hddsDatanode}
2019-09-16 16:48:43,507 [ForkJoinPool.commonPool-worker-0] INFO  server.AbstractConnector (AbstractConnector.java:doStop(318)) - Stopped ServerConnector@1422ac7f{HTTP/1.1,[http/1.1]}{0.0.0.0:0}
2019-09-16 16:48:43,508 [ForkJoinPool.commonPool-worker-0] INFO  handler.ContextHandler (ContextHandler.java:doStop(910)) - Stopped o.e.j.s.ServletContextHandler@77774571{/static,jar:file:/home/user/.m2/repository/org/apache/hadoop/hadoop-hdds-container-service/0.5.0-SNAPSHOT/hadoop-hdds-container-service-0.5.0-SNAPSHOT.jar!/webapps/static,UNAVAILABLE}
2019-09-16 16:48:43,509 [ForkJoinPool.commonPool-worker-0] INFO  handler.ContextHandler (ContextHandler.java:doStop(910)) - Stopped o.e.j.s.ServletContextHandler@1e7ab390{/logs,file:///workdir/hadoop-ozone/integration-test/target/log,UNAVAILABLE}
2019-09-16 16:48:43,510 [main] INFO  ozone.MiniOzoneClusterImpl (MiniOzoneClusterImpl.java:stop(344)) - Stopping the StorageContainerManager
2019-09-16 16:48:43,510 [main] INFO  server.StorageContainerManager (StorageContainerManager.java:stop(801)) - Stopping Replication Manager Service.
2019-09-16 16:48:43,511 [main] INFO  container.ReplicationManager (ReplicationManager.java:stop(203)) - Stopping Replication Monitor Thread.
2019-09-16 16:48:43,511 [main] INFO  server.StorageContainerManager (StorageContainerManager.java:stop(808)) - Stopping Lease Manager of the command watchers
2019-09-16 16:48:43,511 [main] INFO  server.StorageContainerManager (StorageContainerManager.java:stop(815)) - Stopping datanode service RPC server
2019-09-16 16:48:43,512 [main] INFO  server.SCMDatanodeProtocolServer (SCMDatanodeProtocolServer.java:stop(367)) - Stopping the RPC server for DataNodes
2019-09-16 16:48:43,512 [main] INFO  ipc.Server (Server.java:stop(3082)) - Stopping server on 43634
2019-09-16 16:48:43,514 [IPC Server listener on 43634] INFO  ipc.Server (Server.java:run(1185)) - Stopping IPC Server listener on 43634
2019-09-16 16:48:43,514 [IPC Server Responder] INFO  ipc.Server (Server.java:run(1319)) - Stopping IPC Server Responder
2019-09-16 16:48:43,591 [SCM Heartbeat Processing Thread - 0] WARN  node.NodeStateManager (NodeStateManager.java:scheduleNextHealthCheck(646)) - Current Thread is interrupted, shutting down HB processing thread for Node Manager.
2019-09-16 16:48:43,591 [main] INFO  server.StorageContainerManager (StorageContainerManager.java:stop(823)) - Stopping block service RPC server
2019-09-16 16:48:43,592 [main] INFO  server.SCMBlockProtocolServer (SCMBlockProtocolServer.java:stop(155)) - Stopping the RPC server for Block Protocol
2019-09-16 16:48:43,592 [main] INFO  ipc.Server (Server.java:stop(3082)) - Stopping server on 41364
2019-09-16 16:48:43,595 [IPC Server listener on 41364] INFO  ipc.Server (Server.java:run(1185)) - Stopping IPC Server listener on 41364
2019-09-16 16:48:43,595 [main] INFO  server.StorageContainerManager (StorageContainerManager.java:stop(830)) - Stopping the StorageContainerLocationProtocol RPC server
2019-09-16 16:48:43,595 [main] INFO  server.SCMClientProtocolServer (SCMClientProtocolServer.java:stop(159)) - Stopping the RPC server for Client Protocol
2019-09-16 16:48:43,595 [IPC Server Responder] INFO  ipc.Server (Server.java:run(1319)) - Stopping IPC Server Responder
2019-09-16 16:48:43,595 [main] INFO  ipc.Server (Server.java:stop(3082)) - Stopping server on 40931
2019-09-16 16:48:43,597 [IPC Server listener on 40931] INFO  ipc.Server (Server.java:run(1185)) - Stopping IPC Server listener on 40931
2019-09-16 16:48:43,597 [main] INFO  server.StorageContainerManager (StorageContainerManager.java:stop(837)) - Stopping Storage Container Manager HTTP server.
2019-09-16 16:48:43,597 [IPC Server Responder] INFO  ipc.Server (Server.java:run(1319)) - Stopping IPC Server Responder
2019-09-16 16:48:43,599 [main] INFO  handler.ContextHandler (ContextHandler.java:doStop(910)) - Stopped o.e.j.w.WebAppContext@7555b920{/,null,UNAVAILABLE}{/scm}
2019-09-16 16:48:43,600 [main] INFO  server.AbstractConnector (AbstractConnector.java:doStop(318)) - Stopped ServerConnector@6db66836{HTTP/1.1,[http/1.1]}{0.0.0.0:0}
2019-09-16 16:48:43,600 [main] INFO  handler.ContextHandler (ContextHandler.java:doStop(910)) - Stopped o.e.j.s.ServletContextHandler@6622fc65{/static,file:///workdir/hadoop-ozone/integration-test/target/test-classes/webapps/static,UNAVAILABLE}
2019-09-16 16:48:43,601 [main] INFO  handler.ContextHandler (ContextHandler.java:doStop(910)) - Stopped o.e.j.s.ServletContextHandler@732f29af{/logs,file:///workdir/hadoop-ozone/integration-test/target/log,UNAVAILABLE}
2019-09-16 16:48:43,602 [main] INFO  server.StorageContainerManager (StorageContainerManager.java:stop(848)) - Stopping Block Manager Service.
2019-09-16 16:48:43,602 [main] INFO  utils.BackgroundService (BackgroundService.java:shutdown(148)) - Shutting down service SCMBlockDeletingService
2019-09-16 16:48:43,603 [main] INFO  utils.BackgroundService (BackgroundService.java:shutdown(148)) - Shutting down service SCMBlockDeletingService
2019-09-16 16:48:43,603 [main] INFO  server.StorageContainerManager (StorageContainerManager.java:stop(870)) - Stopping SCM Event Queue.
2019-09-16 16:48:43,612 [main] INFO  impl.MetricsSystemImpl (MetricsSystemImpl.java:stop(210)) - Stopping XceiverClientMetrics metrics system...
2019-09-16 16:48:43,625 [prometheus] INFO  impl.MetricsSinkAdapter (MetricsSinkAdapter.java:publishMetricsFromQueue(141)) - prometheus thread interrupted.
2019-09-16 16:48:43,625 [main] INFO  impl.MetricsSystemImpl (MetricsSystemImpl.java:stop(216)) - XceiverClientMetrics metrics system stopped.
]]></system-out>
    <system-err><![CDATA[ERROR StatusLogger No Log4j 2 configuration file found. Using default configuration (logging only errors to the console), or user programmatically provided configurations. Set system property 'log4j2.debug' to show Log4j 2 internal initialization logging. See https://logging.apache.org/log4j/2.x/manual/configuration.html for instructions on how to configure Log4j 2
Sep 16, 2019 4:48:22 PM org.apache.ratis.thirdparty.io.grpc.internal.SerializingExecutor run
SEVERE: Exception while executing runnable org.apache.ratis.thirdparty.io.grpc.internal.ServerImpl$JumpToApplicationThreadServerStreamListener$1Closed@d79833a
org.apache.ratis.thirdparty.io.grpc.StatusRuntimeException: CANCELLED: call already cancelled
	at org.apache.ratis.thirdparty.io.grpc.Status.asRuntimeException(Status.java:517)
	at org.apache.ratis.thirdparty.io.grpc.stub.ServerCalls$ServerCallStreamObserverImpl.onCompleted(ServerCalls.java:356)
	at org.apache.ratis.grpc.server.GrpcServerProtocolService$ServerRequestStreamObserver.onError(GrpcServerProtocolService.java:121)
	at org.apache.ratis.thirdparty.io.grpc.stub.ServerCalls$StreamingServerCallHandler$StreamingServerCallListener.onCancel(ServerCalls.java:269)
	at org.apache.ratis.thirdparty.io.grpc.internal.ServerCallImpl$ServerStreamListenerImpl.closed(ServerCallImpl.java:293)
	at org.apache.ratis.thirdparty.io.grpc.internal.ServerImpl$JumpToApplicationThreadServerStreamListener$1Closed.runInContext(ServerImpl.java:741)
	at org.apache.ratis.thirdparty.io.grpc.internal.ContextRunnable.run(ContextRunnable.java:37)
	at org.apache.ratis.thirdparty.io.grpc.internal.SerializingExecutor.run(SerializingExecutor.java:123)
	at java.util.concurrent.ThreadPoolExecutor.runWorker(ThreadPoolExecutor.java:1149)
	at java.util.concurrent.ThreadPoolExecutor$Worker.run(ThreadPoolExecutor.java:624)
	at java.lang.Thread.run(Thread.java:748)

Sep 16, 2019 4:48:32 PM org.apache.ratis.thirdparty.io.grpc.internal.SerializingExecutor run
SEVERE: Exception while executing runnable org.apache.ratis.thirdparty.io.grpc.internal.ServerImpl$JumpToApplicationThreadServerStreamListener$1Closed@443ab0c3
org.apache.ratis.thirdparty.io.grpc.StatusRuntimeException: CANCELLED: call already cancelled
	at org.apache.ratis.thirdparty.io.grpc.Status.asRuntimeException(Status.java:517)
	at org.apache.ratis.thirdparty.io.grpc.stub.ServerCalls$ServerCallStreamObserverImpl.onCompleted(ServerCalls.java:356)
	at org.apache.ratis.grpc.server.GrpcServerProtocolService$ServerRequestStreamObserver.onError(GrpcServerProtocolService.java:121)
	at org.apache.ratis.thirdparty.io.grpc.stub.ServerCalls$StreamingServerCallHandler$StreamingServerCallListener.onCancel(ServerCalls.java:269)
	at org.apache.ratis.thirdparty.io.grpc.internal.ServerCallImpl$ServerStreamListenerImpl.closed(ServerCallImpl.java:293)
	at org.apache.ratis.thirdparty.io.grpc.internal.ServerImpl$JumpToApplicationThreadServerStreamListener$1Closed.runInContext(ServerImpl.java:741)
	at org.apache.ratis.thirdparty.io.grpc.internal.ContextRunnable.run(ContextRunnable.java:37)
	at org.apache.ratis.thirdparty.io.grpc.internal.SerializingExecutor.run(SerializingExecutor.java:123)
	at java.util.concurrent.ThreadPoolExecutor.runWorker(ThreadPoolExecutor.java:1149)
	at java.util.concurrent.ThreadPoolExecutor$Worker.run(ThreadPoolExecutor.java:624)
	at java.lang.Thread.run(Thread.java:748)

]]></system-err>
  </testcase>
  <testcase name="testMultiBlockWritesWithDnFailures" classname="org.apache.hadoop.ozone.client.rpc.TestMultiBlockWritesWithDnFailures" time="42.666"/>
</testsuite>