<?xml version="1.0" encoding="UTF-8"?>
<testsuite xmlns:xsi="http://www.w3.org/2001/XMLSchema-instance" xsi:noNamespaceSchemaLocation="https://maven.apache.org/surefire/maven-surefire-plugin/xsd/surefire-test-report.xsd" name="org.apache.hadoop.ozone.client.rpc.TestBlockOutputStream" time="609.66" tests="6" errors="0" skipped="0" failures="3">
  <properties>
    <property name="awt.toolkit" value="sun.awt.X11.XToolkit"/>
    <property name="file.encoding.pkg" value="sun.io"/>
    <property name="java.specification.version" value="1.8"/>
    <property name="sun.cpu.isalist" value=""/>
    <property name="sun.jnu.encoding" value="UTF-8"/>
    <property name="java.class.path" value="/workdir/hadoop-ozone/integration-test/target/test-classes:/workdir/hadoop-ozone/integration-test/target/classes:/home/user/.m2/repository/org/apache/hadoop/hadoop-ozone-common/0.5.0-SNAPSHOT/hadoop-ozone-common-0.5.0-SNAPSHOT.jar:/home/user/.m2/repository/org/apache/commons/commons-compress/1.4.1/commons-compress-1.4.1.jar:/home/user/.m2/repository/org/tukaani/xz/1.0/xz-1.0.jar:/home/user/.m2/repository/org/apache/hadoop/hadoop-common/3.2.0/hadoop-common-3.2.0.jar:/home/user/.m2/repository/org/apache/hadoop/hadoop-hdfs/3.2.0/hadoop-hdfs-3.2.0.jar:/home/user/.m2/repository/org/apache/hadoop/hadoop-hdfs-client/3.2.0/hadoop-hdfs-client-3.2.0.jar:/home/user/.m2/repository/com/fasterxml/jackson/core/jackson-annotations/2.9.5/jackson-annotations-2.9.5.jar:/home/user/.m2/repository/org/apache/hadoop/hadoop-hdds-common/0.5.0-SNAPSHOT/hadoop-hdds-common-0.5.0-SNAPSHOT.jar:/home/user/.m2/repository/javax/annotation/javax.annotation-api/1.2/javax.annotation-api-1.2.jar:/home/user/.m2/repository/org/apache/ratis/ratis-server/0.4.0-78e95b9-SNAPSHOT/ratis-server-0.4.0-78e95b9-SNAPSHOT.jar:/home/user/.m2/repository/org/apache/ratis/ratis-thirdparty-misc/0.2.0/ratis-thirdparty-misc-0.2.0.jar:/home/user/.m2/repository/org/apache/ratis/ratis-proto/0.4.0-78e95b9-SNAPSHOT/ratis-proto-0.4.0-78e95b9-SNAPSHOT.jar:/home/user/.m2/repository/org/apache/ratis/ratis-common/0.4.0-78e95b9-SNAPSHOT/ratis-common-0.4.0-78e95b9-SNAPSHOT.jar:/home/user/.m2/repository/org/apache/ratis/ratis-client/0.4.0-78e95b9-SNAPSHOT/ratis-client-0.4.0-78e95b9-SNAPSHOT.jar:/home/user/.m2/repository/org/apache/ratis/ratis-metrics/0.4.0-78e95b9-SNAPSHOT/ratis-metrics-0.4.0-78e95b9-SNAPSHOT.jar:/home/user/.m2/repository/com/github/joshelser/dropwizard-metrics-hadoop-metrics2-reporter/0.1.2/dropwizard-metrics-hadoop-metrics2-reporter-0.1.2.jar:/home/user/.m2/repository/io/dropwizard/metrics/metrics-jvm/3.2.5/metrics-jvm-3.2.5.jar:/home/user/.m2/repository/io/dropwizard/metrics/metrics-ganglia/3.2.5/metrics-ganglia-3.2.5.jar:/home/user/.m2/repository/info/ganglia/gmetric4j/gmetric4j/1.0.7/gmetric4j-1.0.7.jar:/home/user/.m2/repository/org/apache/ratis/ratis-netty/0.4.0-78e95b9-SNAPSHOT/ratis-netty-0.4.0-78e95b9-SNAPSHOT.jar:/home/user/.m2/repository/org/apache/ratis/ratis-grpc/0.4.0-78e95b9-SNAPSHOT/ratis-grpc-0.4.0-78e95b9-SNAPSHOT.jar:/home/user/.m2/repository/org/rocksdb/rocksdbjni/6.0.1/rocksdbjni-6.0.1.jar:/home/user/.m2/repository/org/apache/logging/log4j/log4j-api/2.11.0/log4j-api-2.11.0.jar:/home/user/.m2/repository/org/apache/logging/log4j/log4j-core/2.11.0/log4j-core-2.11.0.jar:/home/user/.m2/repository/com/lmax/disruptor/3.4.2/disruptor-3.4.2.jar:/home/user/.m2/repository/org/apache/commons/commons-pool2/2.6.0/commons-pool2-2.6.0.jar:/home/user/.m2/repository/org/bouncycastle/bcpkix-jdk15on/1.60/bcpkix-jdk15on-1.60.jar:/home/user/.m2/repository/commons-validator/commons-validator/1.6/commons-validator-1.6.jar:/home/user/.m2/repository/commons-digester/commons-digester/1.8.1/commons-digester-1.8.1.jar:/home/user/.m2/repository/io/jaegertracing/jaeger-client/0.33.1/jaeger-client-0.33.1.jar:/home/user/.m2/repository/io/jaegertracing/jaeger-thrift/0.33.1/jaeger-thrift-0.33.1.jar:/home/user/.m2/repository/org/apache/thrift/libthrift/0.11.0/libthrift-0.11.0.jar:/home/user/.m2/repository/com/squareup/okhttp3/okhttp/3.9.0/okhttp-3.9.0.jar:/home/user/.m2/repository/com/squareup/okio/okio/1.13.0/okio-1.13.0.jar:/home/user/.m2/repository/io/jaegertracing/jaeger-core/0.33.1/jaeger-core-0.33.1.jar:/home/user/.m2/repository/io/jaegertracing/jaeger-tracerresolver/0.33.1/jaeger-tracerresolver-0.33.1.jar:/home/user/.m2/repository/io/opentracing/contrib/opentracing-tracerresolver/0.1.5/opentracing-tracerresolver-0.1.5.jar:/home/user/.m2/repository/io/opentracing/opentracing-util/0.31.0/opentracing-util-0.31.0.jar:/home/user/.m2/repository/io/opentracing/opentracing-api/0.31.0/opentracing-api-0.31.0.jar:/home/user/.m2/repository/io/opentracing/opentracing-noop/0.31.0/opentracing-noop-0.31.0.jar:/home/user/.m2/repository/org/apache/hadoop/hadoop-hdds-server-framework/0.5.0-SNAPSHOT/hadoop-hdds-server-framework-0.5.0-SNAPSHOT.jar:/home/user/.m2/repository/org/apache/hadoop/hadoop-hdds-container-service/0.5.0-SNAPSHOT/hadoop-hdds-container-service-0.5.0-SNAPSHOT.jar:/home/user/.m2/repository/org/apache/hadoop/hadoop-hdds-client/0.5.0-SNAPSHOT/hadoop-hdds-client-0.5.0-SNAPSHOT.jar:/home/user/.m2/repository/org/apache/hadoop/hadoop-hdds-tools/0.5.0-SNAPSHOT/hadoop-hdds-tools-0.5.0-SNAPSHOT.jar:/home/user/.m2/repository/org/apache/hadoop/hadoop-hdds-server-scm/0.5.0-SNAPSHOT/hadoop-hdds-server-scm-0.5.0-SNAPSHOT.jar:/home/user/.m2/repository/org/apache/hadoop/hadoop-hdds-docs/0.5.0-SNAPSHOT/hadoop-hdds-docs-0.5.0-SNAPSHOT.jar:/home/user/.m2/repository/io/dropwizard/metrics/metrics-core/3.2.4/metrics-core-3.2.4.jar:/home/user/.m2/repository/org/hamcrest/hamcrest-all/1.3/hamcrest-all-1.3.jar:/home/user/.m2/repository/org/bouncycastle/bcprov-jdk15on/1.60/bcprov-jdk15on-1.60.jar:/home/user/.m2/repository/info/picocli/picocli/3.9.6/picocli-3.9.6.jar:/home/user/.m2/repository/com/google/protobuf/protobuf-java/2.5.0/protobuf-java-2.5.0.jar:/home/user/.m2/repository/com/google/guava/guava/11.0.2/guava-11.0.2.jar:/home/user/.m2/repository/org/apache/hadoop/hadoop-ozone-ozone-manager/0.5.0-SNAPSHOT/hadoop-ozone-ozone-manager-0.5.0-SNAPSHOT.jar:/home/user/.m2/repository/org/apache/hadoop/hadoop-minikdc/3.2.0/hadoop-minikdc-3.2.0.jar:/home/user/.m2/repository/commons-io/commons-io/2.5/commons-io-2.5.jar:/home/user/.m2/repository/org/apache/kerby/kerb-simplekdc/1.0.1/kerb-simplekdc-1.0.1.jar:/home/user/.m2/repository/org/apache/kerby/kerb-client/1.0.1/kerb-client-1.0.1.jar:/home/user/.m2/repository/org/apache/kerby/kerby-config/1.0.1/kerby-config-1.0.1.jar:/home/user/.m2/repository/org/apache/kerby/kerb-core/1.0.1/kerb-core-1.0.1.jar:/home/user/.m2/repository/org/apache/kerby/kerby-pkix/1.0.1/kerby-pkix-1.0.1.jar:/home/user/.m2/repository/org/apache/kerby/kerby-asn1/1.0.1/kerby-asn1-1.0.1.jar:/home/user/.m2/repository/org/apache/kerby/kerby-util/1.0.1/kerby-util-1.0.1.jar:/home/user/.m2/repository/org/apache/kerby/kerb-common/1.0.1/kerb-common-1.0.1.jar:/home/user/.m2/repository/org/apache/kerby/kerb-crypto/1.0.1/kerb-crypto-1.0.1.jar:/home/user/.m2/repository/org/apache/kerby/kerb-util/1.0.1/kerb-util-1.0.1.jar:/home/user/.m2/repository/org/apache/kerby/token-provider/1.0.1/token-provider-1.0.1.jar:/home/user/.m2/repository/org/apache/kerby/kerb-admin/1.0.1/kerb-admin-1.0.1.jar:/home/user/.m2/repository/org/apache/kerby/kerb-server/1.0.1/kerb-server-1.0.1.jar:/home/user/.m2/repository/org/apache/kerby/kerb-identity/1.0.1/kerb-identity-1.0.1.jar:/home/user/.m2/repository/org/apache/kerby/kerby-xdr/1.0.1/kerby-xdr-1.0.1.jar:/home/user/.m2/repository/org/slf4j/slf4j-log4j12/1.7.25/slf4j-log4j12-1.7.25.jar:/home/user/.m2/repository/org/apache/hadoop/hadoop-ozone-s3gateway/0.5.0-SNAPSHOT/hadoop-ozone-s3gateway-0.5.0-SNAPSHOT.jar:/home/user/.m2/repository/org/jboss/weld/servlet/weld-servlet/2.4.7.Final/weld-servlet-2.4.7.Final.jar:/home/user/.m2/repository/org/glassfish/jersey/containers/jersey-container-servlet-core/2.27/jersey-container-servlet-core-2.27.jar:/home/user/.m2/repository/org/glassfish/hk2/external/javax.inject/2.5.0-b42/javax.inject-2.5.0-b42.jar:/home/user/.m2/repository/org/glassfish/jersey/core/jersey-common/2.27/jersey-common-2.27.jar:/home/user/.m2/repository/org/glassfish/hk2/osgi-resource-locator/1.0.1/osgi-resource-locator-1.0.1.jar:/home/user/.m2/repository/javax/ws/rs/javax.ws.rs-api/2.1/javax.ws.rs-api-2.1.jar:/home/user/.m2/repository/org/glassfish/jersey/ext/cdi/jersey-cdi1x/2.27/jersey-cdi1x-2.27.jar:/home/user/.m2/repository/org/glassfish/jersey/inject/jersey-hk2/2.27/jersey-hk2-2.27.jar:/home/user/.m2/repository/org/glassfish/hk2/hk2-locator/2.5.0-b42/hk2-locator-2.5.0-b42.jar:/home/user/.m2/repository/org/javassist/javassist/3.22.0-CR2/javassist-3.22.0-CR2.jar:/home/user/.m2/repository/org/glassfish/hk2/hk2-api/2.5.0/hk2-api-2.5.0.jar:/home/user/.m2/repository/org/glassfish/hk2/external/jakarta.inject/2.5.0/jakarta.inject-2.5.0.jar:/home/user/.m2/repository/org/glassfish/hk2/hk2-utils/2.5.0/hk2-utils-2.5.0.jar:/home/user/.m2/repository/jakarta/annotation/jakarta.annotation-api/1.3.4/jakarta.annotation-api-1.3.4.jar:/home/user/.m2/repository/org/glassfish/hk2/external/aopalliance-repackaged/2.5.0/aopalliance-repackaged-2.5.0.jar:/home/user/.m2/repository/com/fasterxml/jackson/dataformat/jackson-dataformat-xml/2.9.0/jackson-dataformat-xml-2.9.0.jar:/home/user/.m2/repository/com/fasterxml/jackson/core/jackson-core/2.9.5/jackson-core-2.9.5.jar:/home/user/.m2/repository/com/fasterxml/jackson/module/jackson-module-jaxb-annotations/2.9.5/jackson-module-jaxb-annotations-2.9.5.jar:/home/user/.m2/repository/javax/enterprise/cdi-api/1.2/cdi-api-1.2.jar:/home/user/.m2/repository/javax/el/javax.el-api/3.0.0/javax.el-api-3.0.0.jar:/home/user/.m2/repository/javax/interceptor/javax.interceptor-api/1.2/javax.interceptor-api-1.2.jar:/home/user/.m2/repository/javax/inject/javax.inject/1/javax.inject-1.jar:/home/user/.m2/repository/com/sun/xml/bind/jaxb-impl/2.3.0.1/jaxb-impl-2.3.0.1.jar:/home/user/.m2/repository/com/sun/xml/bind/jaxb-core/2.3.0.1/jaxb-core-2.3.0.1.jar:/home/user/.m2/repository/javax/xml/bind/jaxb-api/2.3.0/jaxb-api-2.3.0.jar:/home/user/.m2/repository/javax/activation/activation/1.1.1/activation-1.1.1.jar:/home/user/.m2/repository/org/apache/hadoop/hadoop-ozone-csi/0.5.0-SNAPSHOT/hadoop-ozone-csi-0.5.0-SNAPSHOT.jar:/home/user/.m2/repository/com/google/protobuf/protobuf-java-util/3.5.1/protobuf-java-util-3.5.1.jar:/home/user/.m2/repository/org/apache/hadoop/hadoop-hdds-config/0.5.0-SNAPSHOT/hadoop-hdds-config-0.5.0-SNAPSHOT.jar:/home/user/.m2/repository/io/grpc/grpc-netty/1.17.1/grpc-netty-1.17.1.jar:/home/user/.m2/repository/io/grpc/grpc-core/1.17.1/grpc-core-1.17.1.jar:/home/user/.m2/repository/io/grpc/grpc-context/1.17.1/grpc-context-1.17.1.jar:/home/user/.m2/repository/com/google/errorprone/error_prone_annotations/2.2.0/error_prone_annotations-2.2.0.jar:/home/user/.m2/repository/org/codehaus/mojo/animal-sniffer-annotations/1.17/animal-sniffer-annotations-1.17.jar:/home/user/.m2/repository/io/opencensus/opencensus-api/0.17.0/opencensus-api-0.17.0.jar:/home/user/.m2/repository/io/opencensus/opencensus-contrib-grpc-metrics/0.17.0/opencensus-contrib-grpc-metrics-0.17.0.jar:/home/user/.m2/repository/io/netty/netty-codec-http2/4.1.30.Final/netty-codec-http2-4.1.30.Final.jar:/home/user/.m2/repository/io/netty/netty-codec-http/4.1.30.Final/netty-codec-http-4.1.30.Final.jar:/home/user/.m2/repository/io/netty/netty-codec/4.1.30.Final/netty-codec-4.1.30.Final.jar:/home/user/.m2/repository/io/netty/netty-handler/4.1.30.Final/netty-handler-4.1.30.Final.jar:/home/user/.m2/repository/io/netty/netty-handler-proxy/4.1.30.Final/netty-handler-proxy-4.1.30.Final.jar:/home/user/.m2/repository/io/netty/netty-codec-socks/4.1.30.Final/netty-codec-socks-4.1.30.Final.jar:/home/user/.m2/repository/io/netty/netty-transport-native-epoll/4.1.30.Final/netty-transport-native-epoll-4.1.30.Final.jar:/home/user/.m2/repository/io/netty/netty-common/4.1.30.Final/netty-common-4.1.30.Final.jar:/home/user/.m2/repository/io/netty/netty-buffer/4.1.30.Final/netty-buffer-4.1.30.Final.jar:/home/user/.m2/repository/io/netty/netty-transport/4.1.30.Final/netty-transport-4.1.30.Final.jar:/home/user/.m2/repository/io/netty/netty-resolver/4.1.30.Final/netty-resolver-4.1.30.Final.jar:/home/user/.m2/repository/io/netty/netty-transport-native-unix-common/4.1.30.Final/netty-transport-native-unix-common-4.1.30.Final.jar:/home/user/.m2/repository/io/grpc/grpc-protobuf/1.17.1/grpc-protobuf-1.17.1.jar:/home/user/.m2/repository/com/google/api/grpc/proto-google-common-protos/1.0.0/proto-google-common-protos-1.0.0.jar:/home/user/.m2/repository/io/grpc/grpc-protobuf-lite/1.17.1/grpc-protobuf-lite-1.17.1.jar:/home/user/.m2/repository/io/grpc/grpc-stub/1.17.1/grpc-stub-1.17.1.jar:/home/user/.m2/repository/org/apache/hadoop/hadoop-ozone-recon/0.5.0-SNAPSHOT/hadoop-ozone-recon-0.5.0-SNAPSHOT.jar:/home/user/.m2/repository/org/apache/hadoop/hadoop-ozone-reconcodegen/0.5.0-SNAPSHOT/hadoop-ozone-reconcodegen-0.5.0-SNAPSHOT.jar:/home/user/.m2/repository/com/google/inject/extensions/guice-multibindings/4.0/guice-multibindings-4.0.jar:/home/user/.m2/repository/com/google/inject/guice/4.0/guice-4.0.jar:/home/user/.m2/repository/aopalliance/aopalliance/1.0/aopalliance-1.0.jar:/home/user/.m2/repository/com/google/inject/extensions/guice-servlet/4.0/guice-servlet-4.0.jar:/home/user/.m2/repository/org/glassfish/jersey/containers/jersey-container-servlet/2.27/jersey-container-servlet-2.27.jar:/home/user/.m2/repository/org/glassfish/hk2/guice-bridge/2.5.0/guice-bridge-2.5.0.jar:/home/user/.m2/repository/org/glassfish/jersey/core/jersey-server/2.27/jersey-server-2.27.jar:/home/user/.m2/repository/org/glassfish/jersey/core/jersey-client/2.27/jersey-client-2.27.jar:/home/user/.m2/repository/org/glassfish/jersey/media/jersey-media-jaxb/2.27/jersey-media-jaxb-2.27.jar:/home/user/.m2/repository/javax/validation/validation-api/1.1.0.Final/validation-api-1.1.0.Final.jar:/home/user/.m2/repository/org/glassfish/jersey/media/jersey-media-json-jackson/2.27/jersey-media-json-jackson-2.27.jar:/home/user/.m2/repository/org/glassfish/jersey/ext/jersey-entity-filtering/2.27/jersey-entity-filtering-2.27.jar:/home/user/.m2/repository/com/google/inject/extensions/guice-assistedinject/4.0/guice-assistedinject-4.0.jar:/home/user/.m2/repository/org/jooq/jooq/3.11.10/jooq-3.11.10.jar:/home/user/.m2/repository/org/jooq/jooq-meta/3.11.10/jooq-meta-3.11.10.jar:/home/user/.m2/repository/org/jooq/jooq-codegen/3.11.10/jooq-codegen-3.11.10.jar:/home/user/.m2/repository/com/jolbox/bonecp/0.8.0.RELEASE/bonecp-0.8.0.RELEASE.jar:/home/user/.m2/repository/org/xerial/sqlite-jdbc/3.25.2/sqlite-jdbc-3.25.2.jar:/home/user/.m2/repository/org/springframework/spring-jdbc/5.1.3.RELEASE/spring-jdbc-5.1.3.RELEASE.jar:/home/user/.m2/repository/org/springframework/spring-beans/5.1.3.RELEASE/spring-beans-5.1.3.RELEASE.jar:/home/user/.m2/repository/org/springframework/spring-core/5.1.3.RELEASE/spring-core-5.1.3.RELEASE.jar:/home/user/.m2/repository/org/springframework/spring-jcl/5.1.3.RELEASE/spring-jcl-5.1.3.RELEASE.jar:/home/user/.m2/repository/org/springframework/spring-tx/5.1.3.RELEASE/spring-tx-5.1.3.RELEASE.jar:/home/user/.m2/repository/org/apache/hadoop/hadoop-ozone-client/0.5.0-SNAPSHOT/hadoop-ozone-client-0.5.0-SNAPSHOT.jar:/home/user/.m2/repository/commons-lang/commons-lang/2.6/commons-lang-2.6.jar:/home/user/.m2/repository/org/apache/hadoop/hadoop-ozone-ozone-manager/0.5.0-SNAPSHOT/hadoop-ozone-ozone-manager-0.5.0-SNAPSHOT-tests.jar:/home/user/.m2/repository/junit/junit/4.11/junit-4.11.jar:/home/user/.m2/repository/org/hamcrest/hamcrest-core/1.3/hamcrest-core-1.3.jar:/home/user/.m2/repository/org/openjdk/jmh/jmh-core/1.19/jmh-core-1.19.jar:/home/user/.m2/repository/net/sf/jopt-simple/jopt-simple/4.6/jopt-simple-4.6.jar:/home/user/.m2/repository/org/apache/commons/commons-math3/3.1.1/commons-math3-3.1.1.jar:/home/user/.m2/repository/org/openjdk/jmh/jmh-generator-annprocess/1.19/jmh-generator-annprocess-1.19.jar:/home/user/.m2/repository/org/mockito/mockito-all/1.8.5/mockito-all-1.8.5.jar:/home/user/.m2/repository/org/apache/hadoop/hadoop-kms/3.2.0/hadoop-kms-3.2.0.jar:/home/user/.m2/repository/org/apache/hadoop/hadoop-auth/3.2.0/hadoop-auth-3.2.0.jar:/home/user/.m2/repository/com/nimbusds/nimbus-jose-jwt/4.41.1/nimbus-jose-jwt-4.41.1.jar:/home/user/.m2/repository/com/github/stephenc/jcip/jcip-annotations/1.0-1/jcip-annotations-1.0-1.jar:/home/user/.m2/repository/net/minidev/json-smart/2.3/json-smart-2.3.jar:/home/user/.m2/repository/net/minidev/accessors-smart/1.2/accessors-smart-1.2.jar:/home/user/.m2/repository/org/ow2/asm/asm/5.0.4/asm-5.0.4.jar:/home/user/.m2/repository/org/apache/curator/curator-framework/2.12.0/curator-framework-2.12.0.jar:/home/user/.m2/repository/com/sun/jersey/jersey-core/1.19/jersey-core-1.19.jar:/home/user/.m2/repository/javax/ws/rs/jsr311-api/1.1.1/jsr311-api-1.1.1.jar:/home/user/.m2/repository/com/sun/jersey/jersey-server/1.19/jersey-server-1.19.jar:/home/user/.m2/repository/javax/servlet/javax.servlet-api/3.1.0/javax.servlet-api-3.1.0.jar:/home/user/.m2/repository/org/eclipse/jetty/jetty-server/9.3.24.v20180605/jetty-server-9.3.24.v20180605.jar:/home/user/.m2/repository/org/eclipse/jetty/jetty-http/9.3.24.v20180605/jetty-http-9.3.24.v20180605.jar:/home/user/.m2/repository/org/eclipse/jetty/jetty-io/9.3.24.v20180605/jetty-io-9.3.24.v20180605.jar:/home/user/.m2/repository/org/eclipse/jetty/jetty-webapp/9.3.24.v20180605/jetty-webapp-9.3.24.v20180605.jar:/home/user/.m2/repository/org/eclipse/jetty/jetty-xml/9.3.24.v20180605/jetty-xml-9.3.24.v20180605.jar:/home/user/.m2/repository/log4j/log4j/1.2.17/log4j-1.2.17.jar:/home/user/.m2/repository/org/slf4j/slf4j-api/1.7.25/slf4j-api-1.7.25.jar:/home/user/.m2/repository/org/slf4j/jul-to-slf4j/1.7.25/jul-to-slf4j-1.7.25.jar:/home/user/.m2/repository/org/eclipse/jetty/jetty-util/9.3.24.v20180605/jetty-util-9.3.24.v20180605.jar:/home/user/.m2/repository/com/fasterxml/jackson/core/jackson-databind/2.9.5/jackson-databind-2.9.5.jar:/home/user/.m2/repository/org/apache/hadoop/hadoop-kms/3.2.0/hadoop-kms-3.2.0-tests.jar:/home/user/.m2/repository/org/apache/hadoop/hadoop-hdds-server-scm/0.5.0-SNAPSHOT/hadoop-hdds-server-scm-0.5.0-SNAPSHOT-tests.jar:/home/user/.m2/repository/org/apache/hadoop/hadoop-hdds-container-service/0.5.0-SNAPSHOT/hadoop-hdds-container-service-0.5.0-SNAPSHOT-tests.jar:/home/user/.m2/repository/org/yaml/snakeyaml/1.16/snakeyaml-1.16.jar:/home/user/.m2/repository/org/apache/hadoop/hadoop-common/3.2.0/hadoop-common-3.2.0-tests.jar:/home/user/.m2/repository/org/apache/hadoop/hadoop-annotations/3.2.0/hadoop-annotations-3.2.0.jar:/usr/lib/jvm/java-1.8-openjdk/jre/../lib/tools.jar:/home/user/.m2/repository/commons-cli/commons-cli/1.2/commons-cli-1.2.jar:/home/user/.m2/repository/org/apache/httpcomponents/httpclient/4.5.2/httpclient-4.5.2.jar:/home/user/.m2/repository/org/apache/httpcomponents/httpcore/4.4.4/httpcore-4.4.4.jar:/home/user/.m2/repository/commons-codec/commons-codec/1.11/commons-codec-1.11.jar:/home/user/.m2/repository/commons-net/commons-net/3.6/commons-net-3.6.jar:/home/user/.m2/repository/commons-collections/commons-collections/3.2.2/commons-collections-3.2.2.jar:/home/user/.m2/repository/org/eclipse/jetty/jetty-servlet/9.3.24.v20180605/jetty-servlet-9.3.24.v20180605.jar:/home/user/.m2/repository/org/eclipse/jetty/jetty-security/9.3.24.v20180605/jetty-security-9.3.24.v20180605.jar:/home/user/.m2/repository/javax/servlet/jsp/jsp-api/2.1/jsp-api-2.1.jar:/home/user/.m2/repository/com/sun/jersey/jersey-servlet/1.19/jersey-servlet-1.19.jar:/home/user/.m2/repository/com/sun/jersey/jersey-json/1.19/jersey-json-1.19.jar:/home/user/.m2/repository/org/codehaus/jettison/jettison/1.1/jettison-1.1.jar:/home/user/.m2/repository/org/codehaus/jackson/jackson-core-asl/1.9.13/jackson-core-asl-1.9.13.jar:/home/user/.m2/repository/org/codehaus/jackson/jackson-mapper-asl/1.9.13/jackson-mapper-asl-1.9.13.jar:/home/user/.m2/repository/org/codehaus/jackson/jackson-jaxrs/1.9.13/jackson-jaxrs-1.9.13.jar:/home/user/.m2/repository/org/codehaus/jackson/jackson-xc/1.9.13/jackson-xc-1.9.13.jar:/home/user/.m2/repository/commons-logging/commons-logging/1.1.3/commons-logging-1.1.3.jar:/home/user/.m2/repository/commons-beanutils/commons-beanutils/1.9.3/commons-beanutils-1.9.3.jar:/home/user/.m2/repository/org/apache/commons/commons-configuration2/2.1.1/commons-configuration2-2.1.1.jar:/home/user/.m2/repository/org/apache/commons/commons-lang3/3.7/commons-lang3-3.7.jar:/home/user/.m2/repository/org/apache/commons/commons-text/1.4/commons-text-1.4.jar:/home/user/.m2/repository/org/apache/avro/avro/1.7.7/avro-1.7.7.jar:/home/user/.m2/repository/com/thoughtworks/paranamer/paranamer/2.3/paranamer-2.3.jar:/home/user/.m2/repository/org/xerial/snappy/snappy-java/1.0.5/snappy-java-1.0.5.jar:/home/user/.m2/repository/com/google/re2j/re2j/1.1/re2j-1.1.jar:/home/user/.m2/repository/com/google/code/gson/gson/2.2.4/gson-2.2.4.jar:/home/user/.m2/repository/com/jcraft/jsch/0.1.54/jsch-0.1.54.jar:/home/user/.m2/repository/org/apache/curator/curator-client/2.12.0/curator-client-2.12.0.jar:/home/user/.m2/repository/org/apache/curator/curator-recipes/2.12.0/curator-recipes-2.12.0.jar:/home/user/.m2/repository/com/google/code/findbugs/jsr305/3.0.0/jsr305-3.0.0.jar:/home/user/.m2/repository/org/apache/htrace/htrace-core4/4.1.0-incubating/htrace-core4-4.1.0-incubating.jar:/home/user/.m2/repository/org/apache/zookeeper/zookeeper/3.4.13/zookeeper-3.4.13.jar:/home/user/.m2/repository/org/apache/yetus/audience-annotations/0.5.0/audience-annotations-0.5.0.jar:/home/user/.m2/repository/org/codehaus/woodstox/stax2-api/3.1.4/stax2-api-3.1.4.jar:/home/user/.m2/repository/com/fasterxml/woodstox/woodstox-core/5.0.3/woodstox-core-5.0.3.jar:/home/user/.m2/repository/dnsjava/dnsjava/2.1.7/dnsjava-2.1.7.jar:/home/user/.m2/repository/org/apache/hadoop/hadoop-hdfs/3.2.0/hadoop-hdfs-3.2.0-tests.jar:/home/user/.m2/repository/org/eclipse/jetty/jetty-util-ajax/9.3.24.v20180605/jetty-util-ajax-9.3.24.v20180605.jar:/home/user/.m2/repository/commons-daemon/commons-daemon/1.0.13/commons-daemon-1.0.13.jar:/home/user/.m2/repository/io/netty/netty/3.10.5.Final/netty-3.10.5.Final.jar:/home/user/.m2/repository/io/netty/netty-all/4.0.52.Final/netty-all-4.0.52.Final.jar:/home/user/.m2/repository/org/fusesource/leveldbjni/leveldbjni-all/1.8/leveldbjni-all-1.8.jar:"/>
    <property name="java.vm.vendor" value="IcedTea"/>
    <property name="sun.arch.data.model" value="64"/>
    <property name="test.build.dir" value="/workdir/hadoop-ozone/integration-test/target/test-dir"/>
    <property name="test.cache.data" value=""/>
    <property name="java.vendor.url" value="https://icedtea.classpath.org"/>
    <property name="user.timezone" value=""/>
    <property name="java.vm.specification.version" value="1.8"/>
    <property name="os.name" value="Linux"/>
    <property name="test.build.data" value="/workdir/hadoop-ozone/integration-test/target/test-dir"/>
    <property name="user.country" value="US"/>
    <property name="sun.java.launcher" value="SUN_STANDARD"/>
    <property name="sun.boot.library.path" value="/usr/lib/jvm/java-1.8-openjdk/jre/lib/amd64"/>
    <property name="sun.java.command" value="/workdir/hadoop-ozone/integration-test/target/surefire/surefirebooter4624821222168302551.jar /workdir/hadoop-ozone/integration-test/target/surefire 2019-09-16T15-39-33_530-jvmRun1 surefire579844076999167616tmp surefire_344564384353112707485tmp"/>
    <property name="test" value="!TestMiniChaosOzoneCluster"/>
    <property name="surefire.test.class.path" value="/workdir/hadoop-ozone/integration-test/target/test-classes:/workdir/hadoop-ozone/integration-test/target/classes:/home/user/.m2/repository/org/apache/hadoop/hadoop-ozone-common/0.5.0-SNAPSHOT/hadoop-ozone-common-0.5.0-SNAPSHOT.jar:/home/user/.m2/repository/org/apache/commons/commons-compress/1.4.1/commons-compress-1.4.1.jar:/home/user/.m2/repository/org/tukaani/xz/1.0/xz-1.0.jar:/home/user/.m2/repository/org/apache/hadoop/hadoop-common/3.2.0/hadoop-common-3.2.0.jar:/home/user/.m2/repository/org/apache/hadoop/hadoop-hdfs/3.2.0/hadoop-hdfs-3.2.0.jar:/home/user/.m2/repository/org/apache/hadoop/hadoop-hdfs-client/3.2.0/hadoop-hdfs-client-3.2.0.jar:/home/user/.m2/repository/com/fasterxml/jackson/core/jackson-annotations/2.9.5/jackson-annotations-2.9.5.jar:/home/user/.m2/repository/org/apache/hadoop/hadoop-hdds-common/0.5.0-SNAPSHOT/hadoop-hdds-common-0.5.0-SNAPSHOT.jar:/home/user/.m2/repository/javax/annotation/javax.annotation-api/1.2/javax.annotation-api-1.2.jar:/home/user/.m2/repository/org/apache/ratis/ratis-server/0.4.0-78e95b9-SNAPSHOT/ratis-server-0.4.0-78e95b9-SNAPSHOT.jar:/home/user/.m2/repository/org/apache/ratis/ratis-thirdparty-misc/0.2.0/ratis-thirdparty-misc-0.2.0.jar:/home/user/.m2/repository/org/apache/ratis/ratis-proto/0.4.0-78e95b9-SNAPSHOT/ratis-proto-0.4.0-78e95b9-SNAPSHOT.jar:/home/user/.m2/repository/org/apache/ratis/ratis-common/0.4.0-78e95b9-SNAPSHOT/ratis-common-0.4.0-78e95b9-SNAPSHOT.jar:/home/user/.m2/repository/org/apache/ratis/ratis-client/0.4.0-78e95b9-SNAPSHOT/ratis-client-0.4.0-78e95b9-SNAPSHOT.jar:/home/user/.m2/repository/org/apache/ratis/ratis-metrics/0.4.0-78e95b9-SNAPSHOT/ratis-metrics-0.4.0-78e95b9-SNAPSHOT.jar:/home/user/.m2/repository/com/github/joshelser/dropwizard-metrics-hadoop-metrics2-reporter/0.1.2/dropwizard-metrics-hadoop-metrics2-reporter-0.1.2.jar:/home/user/.m2/repository/io/dropwizard/metrics/metrics-jvm/3.2.5/metrics-jvm-3.2.5.jar:/home/user/.m2/repository/io/dropwizard/metrics/metrics-ganglia/3.2.5/metrics-ganglia-3.2.5.jar:/home/user/.m2/repository/info/ganglia/gmetric4j/gmetric4j/1.0.7/gmetric4j-1.0.7.jar:/home/user/.m2/repository/org/apache/ratis/ratis-netty/0.4.0-78e95b9-SNAPSHOT/ratis-netty-0.4.0-78e95b9-SNAPSHOT.jar:/home/user/.m2/repository/org/apache/ratis/ratis-grpc/0.4.0-78e95b9-SNAPSHOT/ratis-grpc-0.4.0-78e95b9-SNAPSHOT.jar:/home/user/.m2/repository/org/rocksdb/rocksdbjni/6.0.1/rocksdbjni-6.0.1.jar:/home/user/.m2/repository/org/apache/logging/log4j/log4j-api/2.11.0/log4j-api-2.11.0.jar:/home/user/.m2/repository/org/apache/logging/log4j/log4j-core/2.11.0/log4j-core-2.11.0.jar:/home/user/.m2/repository/com/lmax/disruptor/3.4.2/disruptor-3.4.2.jar:/home/user/.m2/repository/org/apache/commons/commons-pool2/2.6.0/commons-pool2-2.6.0.jar:/home/user/.m2/repository/org/bouncycastle/bcpkix-jdk15on/1.60/bcpkix-jdk15on-1.60.jar:/home/user/.m2/repository/commons-validator/commons-validator/1.6/commons-validator-1.6.jar:/home/user/.m2/repository/commons-digester/commons-digester/1.8.1/commons-digester-1.8.1.jar:/home/user/.m2/repository/io/jaegertracing/jaeger-client/0.33.1/jaeger-client-0.33.1.jar:/home/user/.m2/repository/io/jaegertracing/jaeger-thrift/0.33.1/jaeger-thrift-0.33.1.jar:/home/user/.m2/repository/org/apache/thrift/libthrift/0.11.0/libthrift-0.11.0.jar:/home/user/.m2/repository/com/squareup/okhttp3/okhttp/3.9.0/okhttp-3.9.0.jar:/home/user/.m2/repository/com/squareup/okio/okio/1.13.0/okio-1.13.0.jar:/home/user/.m2/repository/io/jaegertracing/jaeger-core/0.33.1/jaeger-core-0.33.1.jar:/home/user/.m2/repository/io/jaegertracing/jaeger-tracerresolver/0.33.1/jaeger-tracerresolver-0.33.1.jar:/home/user/.m2/repository/io/opentracing/contrib/opentracing-tracerresolver/0.1.5/opentracing-tracerresolver-0.1.5.jar:/home/user/.m2/repository/io/opentracing/opentracing-util/0.31.0/opentracing-util-0.31.0.jar:/home/user/.m2/repository/io/opentracing/opentracing-api/0.31.0/opentracing-api-0.31.0.jar:/home/user/.m2/repository/io/opentracing/opentracing-noop/0.31.0/opentracing-noop-0.31.0.jar:/home/user/.m2/repository/org/apache/hadoop/hadoop-hdds-server-framework/0.5.0-SNAPSHOT/hadoop-hdds-server-framework-0.5.0-SNAPSHOT.jar:/home/user/.m2/repository/org/apache/hadoop/hadoop-hdds-container-service/0.5.0-SNAPSHOT/hadoop-hdds-container-service-0.5.0-SNAPSHOT.jar:/home/user/.m2/repository/org/apache/hadoop/hadoop-hdds-client/0.5.0-SNAPSHOT/hadoop-hdds-client-0.5.0-SNAPSHOT.jar:/home/user/.m2/repository/org/apache/hadoop/hadoop-hdds-tools/0.5.0-SNAPSHOT/hadoop-hdds-tools-0.5.0-SNAPSHOT.jar:/home/user/.m2/repository/org/apache/hadoop/hadoop-hdds-server-scm/0.5.0-SNAPSHOT/hadoop-hdds-server-scm-0.5.0-SNAPSHOT.jar:/home/user/.m2/repository/org/apache/hadoop/hadoop-hdds-docs/0.5.0-SNAPSHOT/hadoop-hdds-docs-0.5.0-SNAPSHOT.jar:/home/user/.m2/repository/io/dropwizard/metrics/metrics-core/3.2.4/metrics-core-3.2.4.jar:/home/user/.m2/repository/org/hamcrest/hamcrest-all/1.3/hamcrest-all-1.3.jar:/home/user/.m2/repository/org/bouncycastle/bcprov-jdk15on/1.60/bcprov-jdk15on-1.60.jar:/home/user/.m2/repository/info/picocli/picocli/3.9.6/picocli-3.9.6.jar:/home/user/.m2/repository/com/google/protobuf/protobuf-java/2.5.0/protobuf-java-2.5.0.jar:/home/user/.m2/repository/com/google/guava/guava/11.0.2/guava-11.0.2.jar:/home/user/.m2/repository/org/apache/hadoop/hadoop-ozone-ozone-manager/0.5.0-SNAPSHOT/hadoop-ozone-ozone-manager-0.5.0-SNAPSHOT.jar:/home/user/.m2/repository/org/apache/hadoop/hadoop-minikdc/3.2.0/hadoop-minikdc-3.2.0.jar:/home/user/.m2/repository/commons-io/commons-io/2.5/commons-io-2.5.jar:/home/user/.m2/repository/org/apache/kerby/kerb-simplekdc/1.0.1/kerb-simplekdc-1.0.1.jar:/home/user/.m2/repository/org/apache/kerby/kerb-client/1.0.1/kerb-client-1.0.1.jar:/home/user/.m2/repository/org/apache/kerby/kerby-config/1.0.1/kerby-config-1.0.1.jar:/home/user/.m2/repository/org/apache/kerby/kerb-core/1.0.1/kerb-core-1.0.1.jar:/home/user/.m2/repository/org/apache/kerby/kerby-pkix/1.0.1/kerby-pkix-1.0.1.jar:/home/user/.m2/repository/org/apache/kerby/kerby-asn1/1.0.1/kerby-asn1-1.0.1.jar:/home/user/.m2/repository/org/apache/kerby/kerby-util/1.0.1/kerby-util-1.0.1.jar:/home/user/.m2/repository/org/apache/kerby/kerb-common/1.0.1/kerb-common-1.0.1.jar:/home/user/.m2/repository/org/apache/kerby/kerb-crypto/1.0.1/kerb-crypto-1.0.1.jar:/home/user/.m2/repository/org/apache/kerby/kerb-util/1.0.1/kerb-util-1.0.1.jar:/home/user/.m2/repository/org/apache/kerby/token-provider/1.0.1/token-provider-1.0.1.jar:/home/user/.m2/repository/org/apache/kerby/kerb-admin/1.0.1/kerb-admin-1.0.1.jar:/home/user/.m2/repository/org/apache/kerby/kerb-server/1.0.1/kerb-server-1.0.1.jar:/home/user/.m2/repository/org/apache/kerby/kerb-identity/1.0.1/kerb-identity-1.0.1.jar:/home/user/.m2/repository/org/apache/kerby/kerby-xdr/1.0.1/kerby-xdr-1.0.1.jar:/home/user/.m2/repository/org/slf4j/slf4j-log4j12/1.7.25/slf4j-log4j12-1.7.25.jar:/home/user/.m2/repository/org/apache/hadoop/hadoop-ozone-s3gateway/0.5.0-SNAPSHOT/hadoop-ozone-s3gateway-0.5.0-SNAPSHOT.jar:/home/user/.m2/repository/org/jboss/weld/servlet/weld-servlet/2.4.7.Final/weld-servlet-2.4.7.Final.jar:/home/user/.m2/repository/org/glassfish/jersey/containers/jersey-container-servlet-core/2.27/jersey-container-servlet-core-2.27.jar:/home/user/.m2/repository/org/glassfish/hk2/external/javax.inject/2.5.0-b42/javax.inject-2.5.0-b42.jar:/home/user/.m2/repository/org/glassfish/jersey/core/jersey-common/2.27/jersey-common-2.27.jar:/home/user/.m2/repository/org/glassfish/hk2/osgi-resource-locator/1.0.1/osgi-resource-locator-1.0.1.jar:/home/user/.m2/repository/javax/ws/rs/javax.ws.rs-api/2.1/javax.ws.rs-api-2.1.jar:/home/user/.m2/repository/org/glassfish/jersey/ext/cdi/jersey-cdi1x/2.27/jersey-cdi1x-2.27.jar:/home/user/.m2/repository/org/glassfish/jersey/inject/jersey-hk2/2.27/jersey-hk2-2.27.jar:/home/user/.m2/repository/org/glassfish/hk2/hk2-locator/2.5.0-b42/hk2-locator-2.5.0-b42.jar:/home/user/.m2/repository/org/javassist/javassist/3.22.0-CR2/javassist-3.22.0-CR2.jar:/home/user/.m2/repository/org/glassfish/hk2/hk2-api/2.5.0/hk2-api-2.5.0.jar:/home/user/.m2/repository/org/glassfish/hk2/external/jakarta.inject/2.5.0/jakarta.inject-2.5.0.jar:/home/user/.m2/repository/org/glassfish/hk2/hk2-utils/2.5.0/hk2-utils-2.5.0.jar:/home/user/.m2/repository/jakarta/annotation/jakarta.annotation-api/1.3.4/jakarta.annotation-api-1.3.4.jar:/home/user/.m2/repository/org/glassfish/hk2/external/aopalliance-repackaged/2.5.0/aopalliance-repackaged-2.5.0.jar:/home/user/.m2/repository/com/fasterxml/jackson/dataformat/jackson-dataformat-xml/2.9.0/jackson-dataformat-xml-2.9.0.jar:/home/user/.m2/repository/com/fasterxml/jackson/core/jackson-core/2.9.5/jackson-core-2.9.5.jar:/home/user/.m2/repository/com/fasterxml/jackson/module/jackson-module-jaxb-annotations/2.9.5/jackson-module-jaxb-annotations-2.9.5.jar:/home/user/.m2/repository/javax/enterprise/cdi-api/1.2/cdi-api-1.2.jar:/home/user/.m2/repository/javax/el/javax.el-api/3.0.0/javax.el-api-3.0.0.jar:/home/user/.m2/repository/javax/interceptor/javax.interceptor-api/1.2/javax.interceptor-api-1.2.jar:/home/user/.m2/repository/javax/inject/javax.inject/1/javax.inject-1.jar:/home/user/.m2/repository/com/sun/xml/bind/jaxb-impl/2.3.0.1/jaxb-impl-2.3.0.1.jar:/home/user/.m2/repository/com/sun/xml/bind/jaxb-core/2.3.0.1/jaxb-core-2.3.0.1.jar:/home/user/.m2/repository/javax/xml/bind/jaxb-api/2.3.0/jaxb-api-2.3.0.jar:/home/user/.m2/repository/javax/activation/activation/1.1.1/activation-1.1.1.jar:/home/user/.m2/repository/org/apache/hadoop/hadoop-ozone-csi/0.5.0-SNAPSHOT/hadoop-ozone-csi-0.5.0-SNAPSHOT.jar:/home/user/.m2/repository/com/google/protobuf/protobuf-java-util/3.5.1/protobuf-java-util-3.5.1.jar:/home/user/.m2/repository/org/apache/hadoop/hadoop-hdds-config/0.5.0-SNAPSHOT/hadoop-hdds-config-0.5.0-SNAPSHOT.jar:/home/user/.m2/repository/io/grpc/grpc-netty/1.17.1/grpc-netty-1.17.1.jar:/home/user/.m2/repository/io/grpc/grpc-core/1.17.1/grpc-core-1.17.1.jar:/home/user/.m2/repository/io/grpc/grpc-context/1.17.1/grpc-context-1.17.1.jar:/home/user/.m2/repository/com/google/errorprone/error_prone_annotations/2.2.0/error_prone_annotations-2.2.0.jar:/home/user/.m2/repository/org/codehaus/mojo/animal-sniffer-annotations/1.17/animal-sniffer-annotations-1.17.jar:/home/user/.m2/repository/io/opencensus/opencensus-api/0.17.0/opencensus-api-0.17.0.jar:/home/user/.m2/repository/io/opencensus/opencensus-contrib-grpc-metrics/0.17.0/opencensus-contrib-grpc-metrics-0.17.0.jar:/home/user/.m2/repository/io/netty/netty-codec-http2/4.1.30.Final/netty-codec-http2-4.1.30.Final.jar:/home/user/.m2/repository/io/netty/netty-codec-http/4.1.30.Final/netty-codec-http-4.1.30.Final.jar:/home/user/.m2/repository/io/netty/netty-codec/4.1.30.Final/netty-codec-4.1.30.Final.jar:/home/user/.m2/repository/io/netty/netty-handler/4.1.30.Final/netty-handler-4.1.30.Final.jar:/home/user/.m2/repository/io/netty/netty-handler-proxy/4.1.30.Final/netty-handler-proxy-4.1.30.Final.jar:/home/user/.m2/repository/io/netty/netty-codec-socks/4.1.30.Final/netty-codec-socks-4.1.30.Final.jar:/home/user/.m2/repository/io/netty/netty-transport-native-epoll/4.1.30.Final/netty-transport-native-epoll-4.1.30.Final.jar:/home/user/.m2/repository/io/netty/netty-common/4.1.30.Final/netty-common-4.1.30.Final.jar:/home/user/.m2/repository/io/netty/netty-buffer/4.1.30.Final/netty-buffer-4.1.30.Final.jar:/home/user/.m2/repository/io/netty/netty-transport/4.1.30.Final/netty-transport-4.1.30.Final.jar:/home/user/.m2/repository/io/netty/netty-resolver/4.1.30.Final/netty-resolver-4.1.30.Final.jar:/home/user/.m2/repository/io/netty/netty-transport-native-unix-common/4.1.30.Final/netty-transport-native-unix-common-4.1.30.Final.jar:/home/user/.m2/repository/io/grpc/grpc-protobuf/1.17.1/grpc-protobuf-1.17.1.jar:/home/user/.m2/repository/com/google/api/grpc/proto-google-common-protos/1.0.0/proto-google-common-protos-1.0.0.jar:/home/user/.m2/repository/io/grpc/grpc-protobuf-lite/1.17.1/grpc-protobuf-lite-1.17.1.jar:/home/user/.m2/repository/io/grpc/grpc-stub/1.17.1/grpc-stub-1.17.1.jar:/home/user/.m2/repository/org/apache/hadoop/hadoop-ozone-recon/0.5.0-SNAPSHOT/hadoop-ozone-recon-0.5.0-SNAPSHOT.jar:/home/user/.m2/repository/org/apache/hadoop/hadoop-ozone-reconcodegen/0.5.0-SNAPSHOT/hadoop-ozone-reconcodegen-0.5.0-SNAPSHOT.jar:/home/user/.m2/repository/com/google/inject/extensions/guice-multibindings/4.0/guice-multibindings-4.0.jar:/home/user/.m2/repository/com/google/inject/guice/4.0/guice-4.0.jar:/home/user/.m2/repository/aopalliance/aopalliance/1.0/aopalliance-1.0.jar:/home/user/.m2/repository/com/google/inject/extensions/guice-servlet/4.0/guice-servlet-4.0.jar:/home/user/.m2/repository/org/glassfish/jersey/containers/jersey-container-servlet/2.27/jersey-container-servlet-2.27.jar:/home/user/.m2/repository/org/glassfish/hk2/guice-bridge/2.5.0/guice-bridge-2.5.0.jar:/home/user/.m2/repository/org/glassfish/jersey/core/jersey-server/2.27/jersey-server-2.27.jar:/home/user/.m2/repository/org/glassfish/jersey/core/jersey-client/2.27/jersey-client-2.27.jar:/home/user/.m2/repository/org/glassfish/jersey/media/jersey-media-jaxb/2.27/jersey-media-jaxb-2.27.jar:/home/user/.m2/repository/javax/validation/validation-api/1.1.0.Final/validation-api-1.1.0.Final.jar:/home/user/.m2/repository/org/glassfish/jersey/media/jersey-media-json-jackson/2.27/jersey-media-json-jackson-2.27.jar:/home/user/.m2/repository/org/glassfish/jersey/ext/jersey-entity-filtering/2.27/jersey-entity-filtering-2.27.jar:/home/user/.m2/repository/com/google/inject/extensions/guice-assistedinject/4.0/guice-assistedinject-4.0.jar:/home/user/.m2/repository/org/jooq/jooq/3.11.10/jooq-3.11.10.jar:/home/user/.m2/repository/org/jooq/jooq-meta/3.11.10/jooq-meta-3.11.10.jar:/home/user/.m2/repository/org/jooq/jooq-codegen/3.11.10/jooq-codegen-3.11.10.jar:/home/user/.m2/repository/com/jolbox/bonecp/0.8.0.RELEASE/bonecp-0.8.0.RELEASE.jar:/home/user/.m2/repository/org/xerial/sqlite-jdbc/3.25.2/sqlite-jdbc-3.25.2.jar:/home/user/.m2/repository/org/springframework/spring-jdbc/5.1.3.RELEASE/spring-jdbc-5.1.3.RELEASE.jar:/home/user/.m2/repository/org/springframework/spring-beans/5.1.3.RELEASE/spring-beans-5.1.3.RELEASE.jar:/home/user/.m2/repository/org/springframework/spring-core/5.1.3.RELEASE/spring-core-5.1.3.RELEASE.jar:/home/user/.m2/repository/org/springframework/spring-jcl/5.1.3.RELEASE/spring-jcl-5.1.3.RELEASE.jar:/home/user/.m2/repository/org/springframework/spring-tx/5.1.3.RELEASE/spring-tx-5.1.3.RELEASE.jar:/home/user/.m2/repository/org/apache/hadoop/hadoop-ozone-client/0.5.0-SNAPSHOT/hadoop-ozone-client-0.5.0-SNAPSHOT.jar:/home/user/.m2/repository/commons-lang/commons-lang/2.6/commons-lang-2.6.jar:/home/user/.m2/repository/org/apache/hadoop/hadoop-ozone-ozone-manager/0.5.0-SNAPSHOT/hadoop-ozone-ozone-manager-0.5.0-SNAPSHOT-tests.jar:/home/user/.m2/repository/junit/junit/4.11/junit-4.11.jar:/home/user/.m2/repository/org/hamcrest/hamcrest-core/1.3/hamcrest-core-1.3.jar:/home/user/.m2/repository/org/openjdk/jmh/jmh-core/1.19/jmh-core-1.19.jar:/home/user/.m2/repository/net/sf/jopt-simple/jopt-simple/4.6/jopt-simple-4.6.jar:/home/user/.m2/repository/org/apache/commons/commons-math3/3.1.1/commons-math3-3.1.1.jar:/home/user/.m2/repository/org/openjdk/jmh/jmh-generator-annprocess/1.19/jmh-generator-annprocess-1.19.jar:/home/user/.m2/repository/org/mockito/mockito-all/1.8.5/mockito-all-1.8.5.jar:/home/user/.m2/repository/org/apache/hadoop/hadoop-kms/3.2.0/hadoop-kms-3.2.0.jar:/home/user/.m2/repository/org/apache/hadoop/hadoop-auth/3.2.0/hadoop-auth-3.2.0.jar:/home/user/.m2/repository/com/nimbusds/nimbus-jose-jwt/4.41.1/nimbus-jose-jwt-4.41.1.jar:/home/user/.m2/repository/com/github/stephenc/jcip/jcip-annotations/1.0-1/jcip-annotations-1.0-1.jar:/home/user/.m2/repository/net/minidev/json-smart/2.3/json-smart-2.3.jar:/home/user/.m2/repository/net/minidev/accessors-smart/1.2/accessors-smart-1.2.jar:/home/user/.m2/repository/org/ow2/asm/asm/5.0.4/asm-5.0.4.jar:/home/user/.m2/repository/org/apache/curator/curator-framework/2.12.0/curator-framework-2.12.0.jar:/home/user/.m2/repository/com/sun/jersey/jersey-core/1.19/jersey-core-1.19.jar:/home/user/.m2/repository/javax/ws/rs/jsr311-api/1.1.1/jsr311-api-1.1.1.jar:/home/user/.m2/repository/com/sun/jersey/jersey-server/1.19/jersey-server-1.19.jar:/home/user/.m2/repository/javax/servlet/javax.servlet-api/3.1.0/javax.servlet-api-3.1.0.jar:/home/user/.m2/repository/org/eclipse/jetty/jetty-server/9.3.24.v20180605/jetty-server-9.3.24.v20180605.jar:/home/user/.m2/repository/org/eclipse/jetty/jetty-http/9.3.24.v20180605/jetty-http-9.3.24.v20180605.jar:/home/user/.m2/repository/org/eclipse/jetty/jetty-io/9.3.24.v20180605/jetty-io-9.3.24.v20180605.jar:/home/user/.m2/repository/org/eclipse/jetty/jetty-webapp/9.3.24.v20180605/jetty-webapp-9.3.24.v20180605.jar:/home/user/.m2/repository/org/eclipse/jetty/jetty-xml/9.3.24.v20180605/jetty-xml-9.3.24.v20180605.jar:/home/user/.m2/repository/log4j/log4j/1.2.17/log4j-1.2.17.jar:/home/user/.m2/repository/org/slf4j/slf4j-api/1.7.25/slf4j-api-1.7.25.jar:/home/user/.m2/repository/org/slf4j/jul-to-slf4j/1.7.25/jul-to-slf4j-1.7.25.jar:/home/user/.m2/repository/org/eclipse/jetty/jetty-util/9.3.24.v20180605/jetty-util-9.3.24.v20180605.jar:/home/user/.m2/repository/com/fasterxml/jackson/core/jackson-databind/2.9.5/jackson-databind-2.9.5.jar:/home/user/.m2/repository/org/apache/hadoop/hadoop-kms/3.2.0/hadoop-kms-3.2.0-tests.jar:/home/user/.m2/repository/org/apache/hadoop/hadoop-hdds-server-scm/0.5.0-SNAPSHOT/hadoop-hdds-server-scm-0.5.0-SNAPSHOT-tests.jar:/home/user/.m2/repository/org/apache/hadoop/hadoop-hdds-container-service/0.5.0-SNAPSHOT/hadoop-hdds-container-service-0.5.0-SNAPSHOT-tests.jar:/home/user/.m2/repository/org/yaml/snakeyaml/1.16/snakeyaml-1.16.jar:/home/user/.m2/repository/org/apache/hadoop/hadoop-common/3.2.0/hadoop-common-3.2.0-tests.jar:/home/user/.m2/repository/org/apache/hadoop/hadoop-annotations/3.2.0/hadoop-annotations-3.2.0.jar:/usr/lib/jvm/java-1.8-openjdk/jre/../lib/tools.jar:/home/user/.m2/repository/commons-cli/commons-cli/1.2/commons-cli-1.2.jar:/home/user/.m2/repository/org/apache/httpcomponents/httpclient/4.5.2/httpclient-4.5.2.jar:/home/user/.m2/repository/org/apache/httpcomponents/httpcore/4.4.4/httpcore-4.4.4.jar:/home/user/.m2/repository/commons-codec/commons-codec/1.11/commons-codec-1.11.jar:/home/user/.m2/repository/commons-net/commons-net/3.6/commons-net-3.6.jar:/home/user/.m2/repository/commons-collections/commons-collections/3.2.2/commons-collections-3.2.2.jar:/home/user/.m2/repository/org/eclipse/jetty/jetty-servlet/9.3.24.v20180605/jetty-servlet-9.3.24.v20180605.jar:/home/user/.m2/repository/org/eclipse/jetty/jetty-security/9.3.24.v20180605/jetty-security-9.3.24.v20180605.jar:/home/user/.m2/repository/javax/servlet/jsp/jsp-api/2.1/jsp-api-2.1.jar:/home/user/.m2/repository/com/sun/jersey/jersey-servlet/1.19/jersey-servlet-1.19.jar:/home/user/.m2/repository/com/sun/jersey/jersey-json/1.19/jersey-json-1.19.jar:/home/user/.m2/repository/org/codehaus/jettison/jettison/1.1/jettison-1.1.jar:/home/user/.m2/repository/org/codehaus/jackson/jackson-core-asl/1.9.13/jackson-core-asl-1.9.13.jar:/home/user/.m2/repository/org/codehaus/jackson/jackson-mapper-asl/1.9.13/jackson-mapper-asl-1.9.13.jar:/home/user/.m2/repository/org/codehaus/jackson/jackson-jaxrs/1.9.13/jackson-jaxrs-1.9.13.jar:/home/user/.m2/repository/org/codehaus/jackson/jackson-xc/1.9.13/jackson-xc-1.9.13.jar:/home/user/.m2/repository/commons-logging/commons-logging/1.1.3/commons-logging-1.1.3.jar:/home/user/.m2/repository/commons-beanutils/commons-beanutils/1.9.3/commons-beanutils-1.9.3.jar:/home/user/.m2/repository/org/apache/commons/commons-configuration2/2.1.1/commons-configuration2-2.1.1.jar:/home/user/.m2/repository/org/apache/commons/commons-lang3/3.7/commons-lang3-3.7.jar:/home/user/.m2/repository/org/apache/commons/commons-text/1.4/commons-text-1.4.jar:/home/user/.m2/repository/org/apache/avro/avro/1.7.7/avro-1.7.7.jar:/home/user/.m2/repository/com/thoughtworks/paranamer/paranamer/2.3/paranamer-2.3.jar:/home/user/.m2/repository/org/xerial/snappy/snappy-java/1.0.5/snappy-java-1.0.5.jar:/home/user/.m2/repository/com/google/re2j/re2j/1.1/re2j-1.1.jar:/home/user/.m2/repository/com/google/code/gson/gson/2.2.4/gson-2.2.4.jar:/home/user/.m2/repository/com/jcraft/jsch/0.1.54/jsch-0.1.54.jar:/home/user/.m2/repository/org/apache/curator/curator-client/2.12.0/curator-client-2.12.0.jar:/home/user/.m2/repository/org/apache/curator/curator-recipes/2.12.0/curator-recipes-2.12.0.jar:/home/user/.m2/repository/com/google/code/findbugs/jsr305/3.0.0/jsr305-3.0.0.jar:/home/user/.m2/repository/org/apache/htrace/htrace-core4/4.1.0-incubating/htrace-core4-4.1.0-incubating.jar:/home/user/.m2/repository/org/apache/zookeeper/zookeeper/3.4.13/zookeeper-3.4.13.jar:/home/user/.m2/repository/org/apache/yetus/audience-annotations/0.5.0/audience-annotations-0.5.0.jar:/home/user/.m2/repository/org/codehaus/woodstox/stax2-api/3.1.4/stax2-api-3.1.4.jar:/home/user/.m2/repository/com/fasterxml/woodstox/woodstox-core/5.0.3/woodstox-core-5.0.3.jar:/home/user/.m2/repository/dnsjava/dnsjava/2.1.7/dnsjava-2.1.7.jar:/home/user/.m2/repository/org/apache/hadoop/hadoop-hdfs/3.2.0/hadoop-hdfs-3.2.0-tests.jar:/home/user/.m2/repository/org/eclipse/jetty/jetty-util-ajax/9.3.24.v20180605/jetty-util-ajax-9.3.24.v20180605.jar:/home/user/.m2/repository/commons-daemon/commons-daemon/1.0.13/commons-daemon-1.0.13.jar:/home/user/.m2/repository/io/netty/netty/3.10.5.Final/netty-3.10.5.Final.jar:/home/user/.m2/repository/io/netty/netty-all/4.0.52.Final/netty-all-4.0.52.Final.jar:/home/user/.m2/repository/org/fusesource/leveldbjni/leveldbjni-all/1.8/leveldbjni-all-1.8.jar:"/>
    <property name="sun.cpu.endian" value="little"/>
    <property name="user.home" value="/home/user"/>
    <property name="user.language" value="en"/>
    <property name="java.specification.vendor" value="Oracle Corporation"/>
    <property name="java.home" value="/usr/lib/jvm/java-1.8-openjdk/jre"/>
    <property name="java.security.krb5.conf" value="/workdir/hadoop-ozone/integration-test/target/test-classes/krb5.conf"/>
    <property name="basedir" value="/workdir/hadoop-ozone/integration-test"/>
    <property name="file.separator" value="/"/>
    <property name="line.separator" value="&#10;"/>
    <property name="java.vm.specification.vendor" value="Oracle Corporation"/>
    <property name="java.specification.name" value="Java Platform API Specification"/>
    <property name="java.awt.graphicsenv" value="sun.awt.X11GraphicsEnvironment"/>
    <property name="surefire.real.class.path" value="/workdir/hadoop-ozone/integration-test/target/surefire/surefirebooter4624821222168302551.jar"/>
    <property name="hadoop.log.dir" value="/workdir/hadoop-ozone/integration-test/target/log"/>
    <property name="sun.boot.class.path" value="/usr/lib/jvm/java-1.8-openjdk/jre/lib/resources.jar:/usr/lib/jvm/java-1.8-openjdk/jre/lib/rt.jar:/usr/lib/jvm/java-1.8-openjdk/jre/lib/sunrsasign.jar:/usr/lib/jvm/java-1.8-openjdk/jre/lib/jsse.jar:/usr/lib/jvm/java-1.8-openjdk/jre/lib/jce.jar:/usr/lib/jvm/java-1.8-openjdk/jre/lib/charsets.jar:/usr/lib/jvm/java-1.8-openjdk/jre/lib/jfr.jar:/usr/lib/jvm/java-1.8-openjdk/jre/classes"/>
    <property name="sun.management.compiler" value="HotSpot 64-Bit Tiered Compilers"/>
    <property name="java.runtime.version" value="1.8.0_212-b04"/>
    <property name="java.net.preferIPv4Stack" value="true"/>
    <property name="user.name" value="jenkins1000"/>
    <property name="path.separator" value=":"/>
    <property name="java.security.egd" value="file:///dev/urandom"/>
    <property name="os.version" value="3.10.0-957.12.2.el7.x86_64"/>
    <property name="java.endorsed.dirs" value="/usr/lib/jvm/java-1.8-openjdk/jre/lib/endorsed"/>
    <property name="java.runtime.name" value="OpenJDK Runtime Environment"/>
    <property name="file.encoding" value="UTF-8"/>
    <property name="java.vm.name" value="OpenJDK 64-Bit Server VM"/>
    <property name="test.build.webapps" value=""/>
    <property name="localRepository" value="/home/user/.m2/repository"/>
    <property name="java.vendor.url.bug" value="https://icedtea.classpath.org/bugzilla"/>
    <property name="java.io.tmpdir" value="/tmp"/>
    <property name="require.test.libhadoop" value=""/>
    <property name="java.version" value="1.8.0_212"/>
    <property name="user.dir" value="/workdir/hadoop-ozone/integration-test"/>
    <property name="os.arch" value="amd64"/>
    <property name="java.vm.specification.name" value="Java Virtual Machine Specification"/>
    <property name="test.build.classes" value="/workdir/hadoop-ozone/integration-test/target/test-classes"/>
    <property name="java.awt.printerjob" value="sun.print.PSPrinterJob"/>
    <property name="sun.os.patch.level" value="unknown"/>
    <property name="hadoop.tmp.dir" value="/workdir/hadoop-ozone/integration-test/target/tmp"/>
    <property name="java.library.path" value="/usr/lib/jvm/java-1.8-openjdk/jre/lib/amd64/server:/usr/lib/jvm/java-1.8-openjdk/jre/lib/amd64:/usr/lib/jvm/java-1.8-openjdk/jre/../lib/amd64:/workdir/hadoop-ozone/integration-test/target/native/target/usr/local/lib:/workdir/hadoop-ozone/integration-test/../../hadoop-common-project/hadoop-common/target/native/target/usr/local/lib:/usr/java/packages/lib/amd64:/usr/lib64:/lib64:/lib:/usr/lib"/>
    <property name="java.vm.info" value="mixed mode"/>
    <property name="java.vendor" value="IcedTea"/>
    <property name="java.vm.version" value="25.212-b04"/>
    <property name="java.ext.dirs" value="/usr/lib/jvm/java-1.8-openjdk/jre/lib/ext:/usr/java/packages/lib/ext"/>
    <property name="sun.io.unicode.encoding" value="UnicodeLittle"/>
    <property name="java.class.version" value="52.0"/>
  </properties>
  <testcase name="testFlushChunk" classname="org.apache.hadoop.ozone.client.rpc.TestBlockOutputStream" time="12.281"/>
  <testcase name="testMultiChunkWrite2" classname="org.apache.hadoop.ozone.client.rpc.TestBlockOutputStream" time="1.4"/>
  <testcase name="testMultiChunkWrite" classname="org.apache.hadoop.ozone.client.rpc.TestBlockOutputStream" time="187.685">
    <failure message="expected:&lt;7&gt; but was:&lt;9&gt;" type="java.lang.AssertionError"><![CDATA[java.lang.AssertionError: expected:<7> but was:<9>
	at org.junit.Assert.fail(Assert.java:88)
	at org.junit.Assert.failNotEquals(Assert.java:743)
	at org.junit.Assert.assertEquals(Assert.java:118)
	at org.junit.Assert.assertEquals(Assert.java:555)
	at org.junit.Assert.assertEquals(Assert.java:542)
	at org.apache.hadoop.ozone.client.rpc.TestBlockOutputStream.testMultiChunkWrite(TestBlockOutputStream.java:364)
	at sun.reflect.NativeMethodAccessorImpl.invoke0(Native Method)
	at sun.reflect.NativeMethodAccessorImpl.invoke(NativeMethodAccessorImpl.java:62)
	at sun.reflect.DelegatingMethodAccessorImpl.invoke(DelegatingMethodAccessorImpl.java:43)
	at java.lang.reflect.Method.invoke(Method.java:498)
	at org.junit.runners.model.FrameworkMethod$1.runReflectiveCall(FrameworkMethod.java:47)
	at org.junit.internal.runners.model.ReflectiveCallable.run(ReflectiveCallable.java:12)
	at org.junit.runners.model.FrameworkMethod.invokeExplosively(FrameworkMethod.java:44)
	at org.junit.internal.runners.statements.InvokeMethod.evaluate(InvokeMethod.java:17)
	at org.junit.runners.ParentRunner.runLeaf(ParentRunner.java:271)
	at org.junit.runners.BlockJUnit4ClassRunner.runChild(BlockJUnit4ClassRunner.java:70)
	at org.junit.runners.BlockJUnit4ClassRunner.runChild(BlockJUnit4ClassRunner.java:50)
	at org.junit.runners.ParentRunner$3.run(ParentRunner.java:238)
	at org.junit.runners.ParentRunner$1.schedule(ParentRunner.java:63)
	at org.junit.runners.ParentRunner.runChildren(ParentRunner.java:236)
	at org.junit.runners.ParentRunner.access$000(ParentRunner.java:53)
	at org.junit.runners.ParentRunner$2.evaluate(ParentRunner.java:229)
	at org.junit.internal.runners.statements.RunBefores.evaluate(RunBefores.java:26)
	at org.junit.internal.runners.statements.RunAfters.evaluate(RunAfters.java:27)
	at org.junit.runners.ParentRunner.run(ParentRunner.java:309)
	at org.apache.maven.surefire.junit4.JUnit4Provider.execute(JUnit4Provider.java:365)
	at org.apache.maven.surefire.junit4.JUnit4Provider.executeWithRerun(JUnit4Provider.java:273)
	at org.apache.maven.surefire.junit4.JUnit4Provider.executeTestSet(JUnit4Provider.java:238)
	at org.apache.maven.surefire.junit4.JUnit4Provider.invoke(JUnit4Provider.java:159)
	at org.apache.maven.surefire.booter.ForkedBooter.invokeProviderInSameClassLoader(ForkedBooter.java:384)
	at org.apache.maven.surefire.booter.ForkedBooter.runSuitesInProcess(ForkedBooter.java:345)
	at org.apache.maven.surefire.booter.ForkedBooter.execute(ForkedBooter.java:126)
	at org.apache.maven.surefire.booter.ForkedBooter.main(ForkedBooter.java:418)
]]></failure>
    <system-out><![CDATA[2019-09-16 16:52:26,751 [java.util.concurrent.ThreadPoolExecutor$Worker@2c29679b[State = -1, empty queue]] WARN  server.GrpcLogAppender (GrpcLogAppender.java:timeoutAppendRequest(200)) - b176f217-5116-4f29-ae6c-8c5fe7374010@group-1347CC5D7860->55776132-47ae-4aef-91b7-92633cf48f43-GrpcLogAppender: appendEntries Timeout, request=b176f217-5116-4f29-ae6c-8c5fe7374010->55776132-47ae-4aef-91b7-92633cf48f43#14-t1, previous=(t:1, i:10), leaderCommit=10, initializing? false, entries: size=1, first=(t:1, i:11), STATEMACHINELOGENTRY, client-0133849F436F, cid=21
2019-09-16 16:52:26,751 [java.util.concurrent.ThreadPoolExecutor$Worker@21b2b3ee[State = -1, empty queue]] WARN  server.GrpcLogAppender (GrpcLogAppender.java:timeoutAppendRequest(200)) - b176f217-5116-4f29-ae6c-8c5fe7374010@group-1347CC5D7860->c5a5e6b7-bb1e-4cfc-8262-1ca252faf540-GrpcLogAppender: appendEntries Timeout, request=b176f217-5116-4f29-ae6c-8c5fe7374010->c5a5e6b7-bb1e-4cfc-8262-1ca252faf540#14-t1, previous=(t:1, i:10), leaderCommit=10, initializing? false, entries: size=1, first=(t:1, i:11), STATEMACHINELOGENTRY, client-0133849F436F, cid=21
2019-09-16 16:52:26,757 [java.util.concurrent.ThreadPoolExecutor$Worker@2c29679b[State = -1, empty queue]] WARN  server.GrpcLogAppender (GrpcLogAppender.java:timeoutAppendRequest(200)) - b176f217-5116-4f29-ae6c-8c5fe7374010@group-1347CC5D7860->55776132-47ae-4aef-91b7-92633cf48f43-GrpcLogAppender: appendEntries Timeout, request=b176f217-5116-4f29-ae6c-8c5fe7374010->55776132-47ae-4aef-91b7-92633cf48f43#15-t1, previous=(t:1, i:11), leaderCommit=10, initializing? false, entries: size=1, first=(t:1, i:12), STATEMACHINELOGENTRY, client-0133849F436F, cid=22
2019-09-16 16:52:26,758 [java.util.concurrent.ThreadPoolExecutor$Worker@21b2b3ee[State = -1, empty queue]] WARN  server.GrpcLogAppender (GrpcLogAppender.java:timeoutAppendRequest(200)) - b176f217-5116-4f29-ae6c-8c5fe7374010@group-1347CC5D7860->c5a5e6b7-bb1e-4cfc-8262-1ca252faf540-GrpcLogAppender: appendEntries Timeout, request=b176f217-5116-4f29-ae6c-8c5fe7374010->c5a5e6b7-bb1e-4cfc-8262-1ca252faf540#15-t1, previous=(t:1, i:11), leaderCommit=10, initializing? false, entries: size=1, first=(t:1, i:12), STATEMACHINELOGENTRY, client-0133849F436F, cid=22
2019-09-16 16:52:26,759 [java.util.concurrent.ThreadPoolExecutor$Worker@2c29679b[State = -1, empty queue]] WARN  server.GrpcLogAppender (GrpcLogAppender.java:timeoutAppendRequest(200)) - b176f217-5116-4f29-ae6c-8c5fe7374010@group-1347CC5D7860->55776132-47ae-4aef-91b7-92633cf48f43-GrpcLogAppender: appendEntries Timeout, request=b176f217-5116-4f29-ae6c-8c5fe7374010->55776132-47ae-4aef-91b7-92633cf48f43#16-t1, previous=(t:1, i:12), leaderCommit=10, initializing? false, entries: size=1, first=(t:1, i:13), STATEMACHINELOGENTRY, client-0133849F436F, cid=23
2019-09-16 16:52:26,760 [java.util.concurrent.ThreadPoolExecutor$Worker@21b2b3ee[State = -1, empty queue]] WARN  server.GrpcLogAppender (GrpcLogAppender.java:timeoutAppendRequest(200)) - b176f217-5116-4f29-ae6c-8c5fe7374010@group-1347CC5D7860->c5a5e6b7-bb1e-4cfc-8262-1ca252faf540-GrpcLogAppender: appendEntries Timeout, request=b176f217-5116-4f29-ae6c-8c5fe7374010->c5a5e6b7-bb1e-4cfc-8262-1ca252faf540#16-t1, previous=(t:1, i:12), leaderCommit=10, initializing? false, entries: size=1, first=(t:1, i:13), STATEMACHINELOGENTRY, client-0133849F436F, cid=23
2019-09-16 16:52:28,832 [grpc-default-executor-3] INFO  client.GrpcClientProtocolClient (GrpcClientProtocolClient.java:onNext(264)) - client-0133849F436F->c5a5e6b7-bb1e-4cfc-8262-1ca252faf540: receive RaftClientReply:client-0133849F436F->c5a5e6b7-bb1e-4cfc-8262-1ca252faf540@group-1347CC5D7860, cid=21, FAILED org.apache.ratis.protocol.NotLeaderException: Server c5a5e6b7-bb1e-4cfc-8262-1ca252faf540@group-1347CC5D7860 is not the leader b176f217-5116-4f29-ae6c-8c5fe7374010:192.168.5.184:36714, logIndex=0, commits[c5a5e6b7-bb1e-4cfc-8262-1ca252faf540:c10, 55776132-47ae-4aef-91b7-92633cf48f43:c6, b176f217-5116-4f29-ae6c-8c5fe7374010:c10]
2019-09-16 16:52:29,252 [java.util.concurrent.ThreadPoolExecutor$Worker@21b2b3ee[State = -1, empty queue]] WARN  server.GrpcLogAppender (GrpcLogAppender.java:timeoutAppendRequest(200)) - b176f217-5116-4f29-ae6c-8c5fe7374010@group-1347CC5D7860->c5a5e6b7-bb1e-4cfc-8262-1ca252faf540-GrpcLogAppender: appendEntries Timeout, request=b176f217-5116-4f29-ae6c-8c5fe7374010->c5a5e6b7-bb1e-4cfc-8262-1ca252faf540#17-t1, previous=(t:1, i:13), leaderCommit=10, initializing? false, entries: <empty>
2019-09-16 16:52:29,252 [java.util.concurrent.ThreadPoolExecutor$Worker@2c29679b[State = -1, empty queue]] WARN  server.GrpcLogAppender (GrpcLogAppender.java:timeoutAppendRequest(200)) - b176f217-5116-4f29-ae6c-8c5fe7374010@group-1347CC5D7860->55776132-47ae-4aef-91b7-92633cf48f43-GrpcLogAppender: appendEntries Timeout, request=b176f217-5116-4f29-ae6c-8c5fe7374010->55776132-47ae-4aef-91b7-92633cf48f43#17-t1, previous=(t:1, i:13), leaderCommit=10, initializing? false, entries: <empty>
2019-09-16 16:52:31,753 [java.util.concurrent.ThreadPoolExecutor$Worker@2c29679b[State = -1, empty queue]] WARN  server.GrpcLogAppender (GrpcLogAppender.java:timeoutAppendRequest(200)) - b176f217-5116-4f29-ae6c-8c5fe7374010@group-1347CC5D7860->55776132-47ae-4aef-91b7-92633cf48f43-GrpcLogAppender: appendEntries Timeout, request=b176f217-5116-4f29-ae6c-8c5fe7374010->55776132-47ae-4aef-91b7-92633cf48f43#18-t1, previous=(t:1, i:13), leaderCommit=10, initializing? false, entries: <empty>
2019-09-16 16:52:31,753 [java.util.concurrent.ThreadPoolExecutor$Worker@21b2b3ee[State = -1, empty queue]] WARN  server.GrpcLogAppender (GrpcLogAppender.java:timeoutAppendRequest(200)) - b176f217-5116-4f29-ae6c-8c5fe7374010@group-1347CC5D7860->c5a5e6b7-bb1e-4cfc-8262-1ca252faf540-GrpcLogAppender: appendEntries Timeout, request=b176f217-5116-4f29-ae6c-8c5fe7374010->c5a5e6b7-bb1e-4cfc-8262-1ca252faf540#18-t1, previous=(t:1, i:13), leaderCommit=10, initializing? false, entries: <empty>
2019-09-16 16:52:33,893 [grpc-default-executor-3] INFO  client.GrpcClientProtocolClient (GrpcClientProtocolClient.java:onNext(264)) - client-0133849F436F->55776132-47ae-4aef-91b7-92633cf48f43: receive RaftClientReply:client-0133849F436F->55776132-47ae-4aef-91b7-92633cf48f43@group-1347CC5D7860, cid=21, FAILED org.apache.ratis.protocol.NotLeaderException: Server 55776132-47ae-4aef-91b7-92633cf48f43@group-1347CC5D7860 is not the leader b176f217-5116-4f29-ae6c-8c5fe7374010:192.168.5.184:36714, logIndex=0, commits[55776132-47ae-4aef-91b7-92633cf48f43:c10, c5a5e6b7-bb1e-4cfc-8262-1ca252faf540:c6, b176f217-5116-4f29-ae6c-8c5fe7374010:c10]
2019-09-16 16:52:33,999 [b176f217-5116-4f29-ae6c-8c5fe7374010@group-1347CC5D7860-SegmentedRaftLogWorker] WARN  segmented.SegmentedRaftLogWorker (SegmentedRaftLogWorker.java:getFromFuture(90)) - Timeout 0/~
org.apache.ratis.protocol.TimeoutIOException: Timeout 10s: WriteLog:12: (t:1, i:12), STATEMACHINELOGENTRY, client-0133849F436F, cid=22-writeStateMachineData
	at org.apache.ratis.util.IOUtils.getFromFuture(IOUtils.java:87)
	at org.apache.ratis.server.raftlog.segmented.SegmentedRaftLogWorker$StateMachineDataPolicy.getFromFuture(SegmentedRaftLogWorker.java:87)
	at org.apache.ratis.server.raftlog.segmented.SegmentedRaftLogWorker$WriteLog.execute(SegmentedRaftLogWorker.java:477)
	at org.apache.ratis.server.raftlog.segmented.SegmentedRaftLogWorker.run(SegmentedRaftLogWorker.java:289)
	at java.lang.Thread.run(Thread.java:748)
Caused by: java.util.concurrent.TimeoutException
	at java.util.concurrent.CompletableFuture.timedGet(CompletableFuture.java:1771)
	at java.util.concurrent.CompletableFuture.get(CompletableFuture.java:1915)
	at org.apache.ratis.util.IOUtils.getFromFuture(IOUtils.java:79)
	... 4 more
2019-09-16 16:52:33,999 [c5a5e6b7-bb1e-4cfc-8262-1ca252faf540@group-1347CC5D7860-SegmentedRaftLogWorker] WARN  segmented.SegmentedRaftLogWorker (SegmentedRaftLogWorker.java:getFromFuture(90)) - Timeout 0/~
org.apache.ratis.protocol.TimeoutIOException: Timeout 10s: WriteLog:12: (t:1, i:12), STATEMACHINELOGENTRY, client-0133849F436F, cid=22-writeStateMachineData
	at org.apache.ratis.util.IOUtils.getFromFuture(IOUtils.java:87)
	at org.apache.ratis.server.raftlog.segmented.SegmentedRaftLogWorker$StateMachineDataPolicy.getFromFuture(SegmentedRaftLogWorker.java:87)
	at org.apache.ratis.server.raftlog.segmented.SegmentedRaftLogWorker$WriteLog.execute(SegmentedRaftLogWorker.java:477)
	at org.apache.ratis.server.raftlog.segmented.SegmentedRaftLogWorker.run(SegmentedRaftLogWorker.java:289)
	at java.lang.Thread.run(Thread.java:748)
Caused by: java.util.concurrent.TimeoutException
	at java.util.concurrent.CompletableFuture.timedGet(CompletableFuture.java:1771)
	at java.util.concurrent.CompletableFuture.get(CompletableFuture.java:1915)
	at org.apache.ratis.util.IOUtils.getFromFuture(IOUtils.java:79)
	... 4 more
2019-09-16 16:52:33,999 [55776132-47ae-4aef-91b7-92633cf48f43@group-1347CC5D7860-SegmentedRaftLogWorker] WARN  segmented.SegmentedRaftLogWorker (SegmentedRaftLogWorker.java:getFromFuture(90)) - Timeout 0/~
org.apache.ratis.protocol.TimeoutIOException: Timeout 10s: WriteLog:12: (t:1, i:12), STATEMACHINELOGENTRY, client-0133849F436F, cid=22-writeStateMachineData
	at org.apache.ratis.util.IOUtils.getFromFuture(IOUtils.java:87)
	at org.apache.ratis.server.raftlog.segmented.SegmentedRaftLogWorker$StateMachineDataPolicy.getFromFuture(SegmentedRaftLogWorker.java:87)
	at org.apache.ratis.server.raftlog.segmented.SegmentedRaftLogWorker$WriteLog.execute(SegmentedRaftLogWorker.java:477)
	at org.apache.ratis.server.raftlog.segmented.SegmentedRaftLogWorker.run(SegmentedRaftLogWorker.java:289)
	at java.lang.Thread.run(Thread.java:748)
Caused by: java.util.concurrent.TimeoutException
	at java.util.concurrent.CompletableFuture.timedGet(CompletableFuture.java:1771)
	at java.util.concurrent.CompletableFuture.get(CompletableFuture.java:1915)
	at org.apache.ratis.util.IOUtils.getFromFuture(IOUtils.java:79)
	... 4 more
2019-09-16 16:52:34,254 [java.util.concurrent.ThreadPoolExecutor$Worker@2c29679b[State = -1, empty queue]] WARN  server.GrpcLogAppender (GrpcLogAppender.java:timeoutAppendRequest(200)) - b176f217-5116-4f29-ae6c-8c5fe7374010@group-1347CC5D7860->55776132-47ae-4aef-91b7-92633cf48f43-GrpcLogAppender: appendEntries Timeout, request=b176f217-5116-4f29-ae6c-8c5fe7374010->55776132-47ae-4aef-91b7-92633cf48f43#19-t1, previous=(t:1, i:13), leaderCommit=10, initializing? false, entries: <empty>
2019-09-16 16:52:34,254 [java.util.concurrent.ThreadPoolExecutor$Worker@21b2b3ee[State = -1, empty queue]] WARN  server.GrpcLogAppender (GrpcLogAppender.java:timeoutAppendRequest(200)) - b176f217-5116-4f29-ae6c-8c5fe7374010@group-1347CC5D7860->c5a5e6b7-bb1e-4cfc-8262-1ca252faf540-GrpcLogAppender: appendEntries Timeout, request=b176f217-5116-4f29-ae6c-8c5fe7374010->c5a5e6b7-bb1e-4cfc-8262-1ca252faf540#19-t1, previous=(t:1, i:13), leaderCommit=10, initializing? false, entries: <empty>
2019-09-16 16:52:36,755 [java.util.concurrent.ThreadPoolExecutor$Worker@2c29679b[State = -1, empty queue]] WARN  server.GrpcLogAppender (GrpcLogAppender.java:timeoutAppendRequest(200)) - b176f217-5116-4f29-ae6c-8c5fe7374010@group-1347CC5D7860->55776132-47ae-4aef-91b7-92633cf48f43-GrpcLogAppender: appendEntries Timeout, request=b176f217-5116-4f29-ae6c-8c5fe7374010->55776132-47ae-4aef-91b7-92633cf48f43#20-t1, previous=(t:1, i:13), leaderCommit=10, initializing? false, entries: <empty>
2019-09-16 16:52:36,755 [java.util.concurrent.ThreadPoolExecutor$Worker@21b2b3ee[State = -1, empty queue]] WARN  server.GrpcLogAppender (GrpcLogAppender.java:timeoutAppendRequest(200)) - b176f217-5116-4f29-ae6c-8c5fe7374010@group-1347CC5D7860->c5a5e6b7-bb1e-4cfc-8262-1ca252faf540-GrpcLogAppender: appendEntries Timeout, request=b176f217-5116-4f29-ae6c-8c5fe7374010->c5a5e6b7-bb1e-4cfc-8262-1ca252faf540#20-t1, previous=(t:1, i:13), leaderCommit=10, initializing? false, entries: <empty>
2019-09-16 16:52:38,945 [grpc-default-executor-3] INFO  client.GrpcClientProtocolClient (GrpcClientProtocolClient.java:onNext(264)) - client-0133849F436F->55776132-47ae-4aef-91b7-92633cf48f43: receive RaftClientReply:client-0133849F436F->55776132-47ae-4aef-91b7-92633cf48f43@group-1347CC5D7860, cid=21, FAILED org.apache.ratis.protocol.NotLeaderException: Server 55776132-47ae-4aef-91b7-92633cf48f43@group-1347CC5D7860 is not the leader b176f217-5116-4f29-ae6c-8c5fe7374010:192.168.5.184:36714, logIndex=0, commits[55776132-47ae-4aef-91b7-92633cf48f43:c10, c5a5e6b7-bb1e-4cfc-8262-1ca252faf540:c6, b176f217-5116-4f29-ae6c-8c5fe7374010:c10]
2019-09-16 16:52:39,257 [java.util.concurrent.ThreadPoolExecutor$Worker@2c29679b[State = -1, empty queue]] WARN  server.GrpcLogAppender (GrpcLogAppender.java:timeoutAppendRequest(200)) - b176f217-5116-4f29-ae6c-8c5fe7374010@group-1347CC5D7860->55776132-47ae-4aef-91b7-92633cf48f43-GrpcLogAppender: appendEntries Timeout, request=b176f217-5116-4f29-ae6c-8c5fe7374010->55776132-47ae-4aef-91b7-92633cf48f43#21-t1, previous=(t:1, i:13), leaderCommit=10, initializing? false, entries: <empty>
2019-09-16 16:52:39,257 [java.util.concurrent.ThreadPoolExecutor$Worker@21b2b3ee[State = -1, empty queue]] WARN  server.GrpcLogAppender (GrpcLogAppender.java:timeoutAppendRequest(200)) - b176f217-5116-4f29-ae6c-8c5fe7374010@group-1347CC5D7860->c5a5e6b7-bb1e-4cfc-8262-1ca252faf540-GrpcLogAppender: appendEntries Timeout, request=b176f217-5116-4f29-ae6c-8c5fe7374010->c5a5e6b7-bb1e-4cfc-8262-1ca252faf540#21-t1, previous=(t:1, i:13), leaderCommit=10, initializing? false, entries: <empty>
2019-09-16 16:52:41,757 [java.util.concurrent.ThreadPoolExecutor$Worker@2c29679b[State = -1, empty queue]] WARN  server.GrpcLogAppender (GrpcLogAppender.java:timeoutAppendRequest(200)) - b176f217-5116-4f29-ae6c-8c5fe7374010@group-1347CC5D7860->55776132-47ae-4aef-91b7-92633cf48f43-GrpcLogAppender: appendEntries Timeout, request=b176f217-5116-4f29-ae6c-8c5fe7374010->55776132-47ae-4aef-91b7-92633cf48f43#22-t1, previous=(t:1, i:13), leaderCommit=10, initializing? false, entries: <empty>
2019-09-16 16:52:41,757 [java.util.concurrent.ThreadPoolExecutor$Worker@21b2b3ee[State = -1, empty queue]] WARN  server.GrpcLogAppender (GrpcLogAppender.java:timeoutAppendRequest(200)) - b176f217-5116-4f29-ae6c-8c5fe7374010@group-1347CC5D7860->c5a5e6b7-bb1e-4cfc-8262-1ca252faf540-GrpcLogAppender: appendEntries Timeout, request=b176f217-5116-4f29-ae6c-8c5fe7374010->c5a5e6b7-bb1e-4cfc-8262-1ca252faf540#22-t1, previous=(t:1, i:13), leaderCommit=10, initializing? false, entries: <empty>
2019-09-16 16:52:44,002 [b176f217-5116-4f29-ae6c-8c5fe7374010@group-1347CC5D7860-SegmentedRaftLogWorker] WARN  segmented.SegmentedRaftLogWorker (SegmentedRaftLogWorker.java:getFromFuture(90)) - Timeout 1/~
org.apache.ratis.protocol.TimeoutIOException: Timeout 10s: WriteLog:12: (t:1, i:12), STATEMACHINELOGENTRY, client-0133849F436F, cid=22-writeStateMachineData
	at org.apache.ratis.util.IOUtils.getFromFuture(IOUtils.java:87)
	at org.apache.ratis.server.raftlog.segmented.SegmentedRaftLogWorker$StateMachineDataPolicy.getFromFuture(SegmentedRaftLogWorker.java:87)
	at org.apache.ratis.server.raftlog.segmented.SegmentedRaftLogWorker$WriteLog.execute(SegmentedRaftLogWorker.java:477)
	at org.apache.ratis.server.raftlog.segmented.SegmentedRaftLogWorker.run(SegmentedRaftLogWorker.java:289)
	at java.lang.Thread.run(Thread.java:748)
Caused by: java.util.concurrent.TimeoutException
	at java.util.concurrent.CompletableFuture.timedGet(CompletableFuture.java:1771)
	at java.util.concurrent.CompletableFuture.get(CompletableFuture.java:1915)
	at org.apache.ratis.util.IOUtils.getFromFuture(IOUtils.java:79)
	... 4 more
2019-09-16 16:52:44,004 [c5a5e6b7-bb1e-4cfc-8262-1ca252faf540@group-1347CC5D7860-SegmentedRaftLogWorker] WARN  segmented.SegmentedRaftLogWorker (SegmentedRaftLogWorker.java:getFromFuture(90)) - Timeout 1/~
org.apache.ratis.protocol.TimeoutIOException: Timeout 10s: WriteLog:12: (t:1, i:12), STATEMACHINELOGENTRY, client-0133849F436F, cid=22-writeStateMachineData
	at org.apache.ratis.util.IOUtils.getFromFuture(IOUtils.java:87)
	at org.apache.ratis.server.raftlog.segmented.SegmentedRaftLogWorker$StateMachineDataPolicy.getFromFuture(SegmentedRaftLogWorker.java:87)
	at org.apache.ratis.server.raftlog.segmented.SegmentedRaftLogWorker$WriteLog.execute(SegmentedRaftLogWorker.java:477)
	at org.apache.ratis.server.raftlog.segmented.SegmentedRaftLogWorker.run(SegmentedRaftLogWorker.java:289)
	at java.lang.Thread.run(Thread.java:748)
Caused by: java.util.concurrent.TimeoutException
	at java.util.concurrent.CompletableFuture.timedGet(CompletableFuture.java:1771)
	at java.util.concurrent.CompletableFuture.get(CompletableFuture.java:1915)
	at org.apache.ratis.util.IOUtils.getFromFuture(IOUtils.java:79)
	... 4 more
2019-09-16 16:52:44,004 [55776132-47ae-4aef-91b7-92633cf48f43@group-1347CC5D7860-SegmentedRaftLogWorker] WARN  segmented.SegmentedRaftLogWorker (SegmentedRaftLogWorker.java:getFromFuture(90)) - Timeout 1/~
org.apache.ratis.protocol.TimeoutIOException: Timeout 10s: WriteLog:12: (t:1, i:12), STATEMACHINELOGENTRY, client-0133849F436F, cid=22-writeStateMachineData
	at org.apache.ratis.util.IOUtils.getFromFuture(IOUtils.java:87)
	at org.apache.ratis.server.raftlog.segmented.SegmentedRaftLogWorker$StateMachineDataPolicy.getFromFuture(SegmentedRaftLogWorker.java:87)
	at org.apache.ratis.server.raftlog.segmented.SegmentedRaftLogWorker$WriteLog.execute(SegmentedRaftLogWorker.java:477)
	at org.apache.ratis.server.raftlog.segmented.SegmentedRaftLogWorker.run(SegmentedRaftLogWorker.java:289)
	at java.lang.Thread.run(Thread.java:748)
Caused by: java.util.concurrent.TimeoutException
	at java.util.concurrent.CompletableFuture.timedGet(CompletableFuture.java:1771)
	at java.util.concurrent.CompletableFuture.get(CompletableFuture.java:1915)
	at org.apache.ratis.util.IOUtils.getFromFuture(IOUtils.java:79)
	... 4 more
2019-09-16 16:52:44,014 [grpc-default-executor-3] INFO  client.GrpcClientProtocolClient (GrpcClientProtocolClient.java:onNext(264)) - client-0133849F436F->55776132-47ae-4aef-91b7-92633cf48f43: receive RaftClientReply:client-0133849F436F->55776132-47ae-4aef-91b7-92633cf48f43@group-1347CC5D7860, cid=21, FAILED org.apache.ratis.protocol.NotLeaderException: Server 55776132-47ae-4aef-91b7-92633cf48f43@group-1347CC5D7860 is not the leader b176f217-5116-4f29-ae6c-8c5fe7374010:192.168.5.184:36714, logIndex=0, commits[55776132-47ae-4aef-91b7-92633cf48f43:c10, c5a5e6b7-bb1e-4cfc-8262-1ca252faf540:c6, b176f217-5116-4f29-ae6c-8c5fe7374010:c10]
2019-09-16 16:52:44,260 [java.util.concurrent.ThreadPoolExecutor$Worker@2c29679b[State = -1, empty queue]] WARN  server.GrpcLogAppender (GrpcLogAppender.java:timeoutAppendRequest(200)) - b176f217-5116-4f29-ae6c-8c5fe7374010@group-1347CC5D7860->55776132-47ae-4aef-91b7-92633cf48f43-GrpcLogAppender: appendEntries Timeout, request=b176f217-5116-4f29-ae6c-8c5fe7374010->55776132-47ae-4aef-91b7-92633cf48f43#23-t1, previous=(t:1, i:13), leaderCommit=10, initializing? false, entries: <empty>
2019-09-16 16:52:44,263 [java.util.concurrent.ThreadPoolExecutor$Worker@21b2b3ee[State = -1, empty queue]] WARN  server.GrpcLogAppender (GrpcLogAppender.java:timeoutAppendRequest(200)) - b176f217-5116-4f29-ae6c-8c5fe7374010@group-1347CC5D7860->c5a5e6b7-bb1e-4cfc-8262-1ca252faf540-GrpcLogAppender: appendEntries Timeout, request=b176f217-5116-4f29-ae6c-8c5fe7374010->c5a5e6b7-bb1e-4cfc-8262-1ca252faf540#23-t1, previous=(t:1, i:13), leaderCommit=10, initializing? false, entries: <empty>
2019-09-16 16:52:46,764 [java.util.concurrent.ThreadPoolExecutor$Worker@2c29679b[State = -1, empty queue]] WARN  server.GrpcLogAppender (GrpcLogAppender.java:timeoutAppendRequest(200)) - b176f217-5116-4f29-ae6c-8c5fe7374010@group-1347CC5D7860->55776132-47ae-4aef-91b7-92633cf48f43-GrpcLogAppender: appendEntries Timeout, request=b176f217-5116-4f29-ae6c-8c5fe7374010->55776132-47ae-4aef-91b7-92633cf48f43#24-t1, previous=(t:1, i:13), leaderCommit=10, initializing? false, entries: <empty>
2019-09-16 16:52:46,764 [java.util.concurrent.ThreadPoolExecutor$Worker@21b2b3ee[State = -1, empty queue]] WARN  server.GrpcLogAppender (GrpcLogAppender.java:timeoutAppendRequest(200)) - b176f217-5116-4f29-ae6c-8c5fe7374010@group-1347CC5D7860->c5a5e6b7-bb1e-4cfc-8262-1ca252faf540-GrpcLogAppender: appendEntries Timeout, request=b176f217-5116-4f29-ae6c-8c5fe7374010->c5a5e6b7-bb1e-4cfc-8262-1ca252faf540#24-t1, previous=(t:1, i:13), leaderCommit=10, initializing? false, entries: <empty>
2019-09-16 16:52:49,072 [grpc-default-executor-0] INFO  client.GrpcClientProtocolClient (GrpcClientProtocolClient.java:onNext(264)) - client-0133849F436F->c5a5e6b7-bb1e-4cfc-8262-1ca252faf540: receive RaftClientReply:client-0133849F436F->c5a5e6b7-bb1e-4cfc-8262-1ca252faf540@group-1347CC5D7860, cid=21, FAILED org.apache.ratis.protocol.NotLeaderException: Server c5a5e6b7-bb1e-4cfc-8262-1ca252faf540@group-1347CC5D7860 is not the leader b176f217-5116-4f29-ae6c-8c5fe7374010:192.168.5.184:36714, logIndex=0, commits[c5a5e6b7-bb1e-4cfc-8262-1ca252faf540:c10, 55776132-47ae-4aef-91b7-92633cf48f43:c6, b176f217-5116-4f29-ae6c-8c5fe7374010:c10]
2019-09-16 16:52:49,266 [java.util.concurrent.ThreadPoolExecutor$Worker@21b2b3ee[State = -1, empty queue]] WARN  server.GrpcLogAppender (GrpcLogAppender.java:timeoutAppendRequest(200)) - b176f217-5116-4f29-ae6c-8c5fe7374010@group-1347CC5D7860->c5a5e6b7-bb1e-4cfc-8262-1ca252faf540-GrpcLogAppender: appendEntries Timeout, request=b176f217-5116-4f29-ae6c-8c5fe7374010->c5a5e6b7-bb1e-4cfc-8262-1ca252faf540#25-t1, previous=(t:1, i:13), leaderCommit=10, initializing? false, entries: <empty>
2019-09-16 16:52:49,266 [java.util.concurrent.ThreadPoolExecutor$Worker@2c29679b[State = -1, empty queue]] WARN  server.GrpcLogAppender (GrpcLogAppender.java:timeoutAppendRequest(200)) - b176f217-5116-4f29-ae6c-8c5fe7374010@group-1347CC5D7860->55776132-47ae-4aef-91b7-92633cf48f43-GrpcLogAppender: appendEntries Timeout, request=b176f217-5116-4f29-ae6c-8c5fe7374010->55776132-47ae-4aef-91b7-92633cf48f43#25-t1, previous=(t:1, i:13), leaderCommit=10, initializing? false, entries: <empty>
2019-09-16 16:52:51,768 [java.util.concurrent.ThreadPoolExecutor$Worker@21b2b3ee[State = -1, empty queue]] WARN  server.GrpcLogAppender (GrpcLogAppender.java:timeoutAppendRequest(200)) - b176f217-5116-4f29-ae6c-8c5fe7374010@group-1347CC5D7860->c5a5e6b7-bb1e-4cfc-8262-1ca252faf540-GrpcLogAppender: appendEntries Timeout, request=b176f217-5116-4f29-ae6c-8c5fe7374010->c5a5e6b7-bb1e-4cfc-8262-1ca252faf540#26-t1, previous=(t:1, i:13), leaderCommit=10, initializing? false, entries: <empty>
2019-09-16 16:52:51,771 [java.util.concurrent.ThreadPoolExecutor$Worker@2c29679b[State = -1, empty queue]] WARN  server.GrpcLogAppender (GrpcLogAppender.java:timeoutAppendRequest(200)) - b176f217-5116-4f29-ae6c-8c5fe7374010@group-1347CC5D7860->55776132-47ae-4aef-91b7-92633cf48f43-GrpcLogAppender: appendEntries Timeout, request=b176f217-5116-4f29-ae6c-8c5fe7374010->55776132-47ae-4aef-91b7-92633cf48f43#26-t1, previous=(t:1, i:13), leaderCommit=10, initializing? false, entries: <empty>
2019-09-16 16:52:54,004 [b176f217-5116-4f29-ae6c-8c5fe7374010@group-1347CC5D7860-SegmentedRaftLogWorker] WARN  segmented.SegmentedRaftLogWorker (SegmentedRaftLogWorker.java:getFromFuture(90)) - Timeout 2/~
org.apache.ratis.protocol.TimeoutIOException: Timeout 10s: WriteLog:12: (t:1, i:12), STATEMACHINELOGENTRY, client-0133849F436F, cid=22-writeStateMachineData
	at org.apache.ratis.util.IOUtils.getFromFuture(IOUtils.java:87)
	at org.apache.ratis.server.raftlog.segmented.SegmentedRaftLogWorker$StateMachineDataPolicy.getFromFuture(SegmentedRaftLogWorker.java:87)
	at org.apache.ratis.server.raftlog.segmented.SegmentedRaftLogWorker$WriteLog.execute(SegmentedRaftLogWorker.java:477)
	at org.apache.ratis.server.raftlog.segmented.SegmentedRaftLogWorker.run(SegmentedRaftLogWorker.java:289)
	at java.lang.Thread.run(Thread.java:748)
Caused by: java.util.concurrent.TimeoutException
	at java.util.concurrent.CompletableFuture.timedGet(CompletableFuture.java:1771)
	at java.util.concurrent.CompletableFuture.get(CompletableFuture.java:1915)
	at org.apache.ratis.util.IOUtils.getFromFuture(IOUtils.java:79)
	... 4 more
2019-09-16 16:52:54,005 [55776132-47ae-4aef-91b7-92633cf48f43@group-1347CC5D7860-SegmentedRaftLogWorker] WARN  segmented.SegmentedRaftLogWorker (SegmentedRaftLogWorker.java:getFromFuture(90)) - Timeout 2/~
org.apache.ratis.protocol.TimeoutIOException: Timeout 10s: WriteLog:12: (t:1, i:12), STATEMACHINELOGENTRY, client-0133849F436F, cid=22-writeStateMachineData
	at org.apache.ratis.util.IOUtils.getFromFuture(IOUtils.java:87)
	at org.apache.ratis.server.raftlog.segmented.SegmentedRaftLogWorker$StateMachineDataPolicy.getFromFuture(SegmentedRaftLogWorker.java:87)
	at org.apache.ratis.server.raftlog.segmented.SegmentedRaftLogWorker$WriteLog.execute(SegmentedRaftLogWorker.java:477)
	at org.apache.ratis.server.raftlog.segmented.SegmentedRaftLogWorker.run(SegmentedRaftLogWorker.java:289)
	at java.lang.Thread.run(Thread.java:748)
Caused by: java.util.concurrent.TimeoutException
	at java.util.concurrent.CompletableFuture.timedGet(CompletableFuture.java:1771)
	at java.util.concurrent.CompletableFuture.get(CompletableFuture.java:1915)
	at org.apache.ratis.util.IOUtils.getFromFuture(IOUtils.java:79)
	... 4 more
2019-09-16 16:52:54,005 [c5a5e6b7-bb1e-4cfc-8262-1ca252faf540@group-1347CC5D7860-SegmentedRaftLogWorker] WARN  segmented.SegmentedRaftLogWorker (SegmentedRaftLogWorker.java:getFromFuture(90)) - Timeout 2/~
org.apache.ratis.protocol.TimeoutIOException: Timeout 10s: WriteLog:12: (t:1, i:12), STATEMACHINELOGENTRY, client-0133849F436F, cid=22-writeStateMachineData
	at org.apache.ratis.util.IOUtils.getFromFuture(IOUtils.java:87)
	at org.apache.ratis.server.raftlog.segmented.SegmentedRaftLogWorker$StateMachineDataPolicy.getFromFuture(SegmentedRaftLogWorker.java:87)
	at org.apache.ratis.server.raftlog.segmented.SegmentedRaftLogWorker$WriteLog.execute(SegmentedRaftLogWorker.java:477)
	at org.apache.ratis.server.raftlog.segmented.SegmentedRaftLogWorker.run(SegmentedRaftLogWorker.java:289)
	at java.lang.Thread.run(Thread.java:748)
Caused by: java.util.concurrent.TimeoutException
	at java.util.concurrent.CompletableFuture.timedGet(CompletableFuture.java:1771)
	at java.util.concurrent.CompletableFuture.get(CompletableFuture.java:1915)
	at org.apache.ratis.util.IOUtils.getFromFuture(IOUtils.java:79)
	... 4 more
2019-09-16 16:52:54,118 [grpc-default-executor-3] INFO  client.GrpcClientProtocolClient (GrpcClientProtocolClient.java:onNext(264)) - client-0133849F436F->55776132-47ae-4aef-91b7-92633cf48f43: receive RaftClientReply:client-0133849F436F->55776132-47ae-4aef-91b7-92633cf48f43@group-1347CC5D7860, cid=21, FAILED org.apache.ratis.protocol.NotLeaderException: Server 55776132-47ae-4aef-91b7-92633cf48f43@group-1347CC5D7860 is not the leader b176f217-5116-4f29-ae6c-8c5fe7374010:192.168.5.184:36714, logIndex=0, commits[55776132-47ae-4aef-91b7-92633cf48f43:c10, c5a5e6b7-bb1e-4cfc-8262-1ca252faf540:c6, b176f217-5116-4f29-ae6c-8c5fe7374010:c10]
2019-09-16 16:52:54,271 [java.util.concurrent.ThreadPoolExecutor$Worker@21b2b3ee[State = -1, empty queue]] WARN  server.GrpcLogAppender (GrpcLogAppender.java:timeoutAppendRequest(200)) - b176f217-5116-4f29-ae6c-8c5fe7374010@group-1347CC5D7860->c5a5e6b7-bb1e-4cfc-8262-1ca252faf540-GrpcLogAppender: appendEntries Timeout, request=b176f217-5116-4f29-ae6c-8c5fe7374010->c5a5e6b7-bb1e-4cfc-8262-1ca252faf540#27-t1, previous=(t:1, i:13), leaderCommit=10, initializing? false, entries: <empty>
2019-09-16 16:52:54,271 [java.util.concurrent.ThreadPoolExecutor$Worker@2c29679b[State = -1, empty queue]] WARN  server.GrpcLogAppender (GrpcLogAppender.java:timeoutAppendRequest(200)) - b176f217-5116-4f29-ae6c-8c5fe7374010@group-1347CC5D7860->55776132-47ae-4aef-91b7-92633cf48f43-GrpcLogAppender: appendEntries Timeout, request=b176f217-5116-4f29-ae6c-8c5fe7374010->55776132-47ae-4aef-91b7-92633cf48f43#27-t1, previous=(t:1, i:13), leaderCommit=10, initializing? false, entries: <empty>
2019-09-16 16:52:56,772 [java.util.concurrent.ThreadPoolExecutor$Worker@2c29679b[State = -1, empty queue]] WARN  server.GrpcLogAppender (GrpcLogAppender.java:timeoutAppendRequest(200)) - b176f217-5116-4f29-ae6c-8c5fe7374010@group-1347CC5D7860->55776132-47ae-4aef-91b7-92633cf48f43-GrpcLogAppender: appendEntries Timeout, request=b176f217-5116-4f29-ae6c-8c5fe7374010->55776132-47ae-4aef-91b7-92633cf48f43#28-t1, previous=(t:1, i:13), leaderCommit=10, initializing? false, entries: <empty>
2019-09-16 16:52:56,772 [java.util.concurrent.ThreadPoolExecutor$Worker@21b2b3ee[State = -1, empty queue]] WARN  server.GrpcLogAppender (GrpcLogAppender.java:timeoutAppendRequest(200)) - b176f217-5116-4f29-ae6c-8c5fe7374010@group-1347CC5D7860->c5a5e6b7-bb1e-4cfc-8262-1ca252faf540-GrpcLogAppender: appendEntries Timeout, request=b176f217-5116-4f29-ae6c-8c5fe7374010->c5a5e6b7-bb1e-4cfc-8262-1ca252faf540#28-t1, previous=(t:1, i:13), leaderCommit=10, initializing? false, entries: <empty>
2019-09-16 16:52:59,184 [grpc-default-executor-3] INFO  client.GrpcClientProtocolClient (GrpcClientProtocolClient.java:onNext(264)) - client-0133849F436F->c5a5e6b7-bb1e-4cfc-8262-1ca252faf540: receive RaftClientReply:client-0133849F436F->c5a5e6b7-bb1e-4cfc-8262-1ca252faf540@group-1347CC5D7860, cid=21, FAILED org.apache.ratis.protocol.NotLeaderException: Server c5a5e6b7-bb1e-4cfc-8262-1ca252faf540@group-1347CC5D7860 is not the leader b176f217-5116-4f29-ae6c-8c5fe7374010:192.168.5.184:36714, logIndex=0, commits[c5a5e6b7-bb1e-4cfc-8262-1ca252faf540:c10, 55776132-47ae-4aef-91b7-92633cf48f43:c6, b176f217-5116-4f29-ae6c-8c5fe7374010:c10]
2019-09-16 16:52:59,275 [java.util.concurrent.ThreadPoolExecutor$Worker@21b2b3ee[State = -1, empty queue]] WARN  server.GrpcLogAppender (GrpcLogAppender.java:timeoutAppendRequest(200)) - b176f217-5116-4f29-ae6c-8c5fe7374010@group-1347CC5D7860->c5a5e6b7-bb1e-4cfc-8262-1ca252faf540-GrpcLogAppender: appendEntries Timeout, request=b176f217-5116-4f29-ae6c-8c5fe7374010->c5a5e6b7-bb1e-4cfc-8262-1ca252faf540#29-t1, previous=(t:1, i:13), leaderCommit=10, initializing? false, entries: <empty>
2019-09-16 16:52:59,275 [java.util.concurrent.ThreadPoolExecutor$Worker@2c29679b[State = -1, empty queue]] WARN  server.GrpcLogAppender (GrpcLogAppender.java:timeoutAppendRequest(200)) - b176f217-5116-4f29-ae6c-8c5fe7374010@group-1347CC5D7860->55776132-47ae-4aef-91b7-92633cf48f43-GrpcLogAppender: appendEntries Timeout, request=b176f217-5116-4f29-ae6c-8c5fe7374010->55776132-47ae-4aef-91b7-92633cf48f43#29-t1, previous=(t:1, i:13), leaderCommit=10, initializing? false, entries: <empty>
2019-09-16 16:53:01,776 [java.util.concurrent.ThreadPoolExecutor$Worker@21b2b3ee[State = -1, empty queue]] WARN  server.GrpcLogAppender (GrpcLogAppender.java:timeoutAppendRequest(200)) - b176f217-5116-4f29-ae6c-8c5fe7374010@group-1347CC5D7860->c5a5e6b7-bb1e-4cfc-8262-1ca252faf540-GrpcLogAppender: appendEntries Timeout, request=b176f217-5116-4f29-ae6c-8c5fe7374010->c5a5e6b7-bb1e-4cfc-8262-1ca252faf540#30-t1, previous=(t:1, i:13), leaderCommit=10, initializing? false, entries: <empty>
2019-09-16 16:53:01,776 [java.util.concurrent.ThreadPoolExecutor$Worker@2c29679b[State = -1, empty queue]] WARN  server.GrpcLogAppender (GrpcLogAppender.java:timeoutAppendRequest(200)) - b176f217-5116-4f29-ae6c-8c5fe7374010@group-1347CC5D7860->55776132-47ae-4aef-91b7-92633cf48f43-GrpcLogAppender: appendEntries Timeout, request=b176f217-5116-4f29-ae6c-8c5fe7374010->55776132-47ae-4aef-91b7-92633cf48f43#30-t1, previous=(t:1, i:13), leaderCommit=10, initializing? false, entries: <empty>
2019-09-16 16:53:04,006 [b176f217-5116-4f29-ae6c-8c5fe7374010@group-1347CC5D7860-SegmentedRaftLogWorker] WARN  segmented.SegmentedRaftLogWorker (SegmentedRaftLogWorker.java:getFromFuture(90)) - Timeout 3/~
org.apache.ratis.protocol.TimeoutIOException: Timeout 10s: WriteLog:12: (t:1, i:12), STATEMACHINELOGENTRY, client-0133849F436F, cid=22-writeStateMachineData
	at org.apache.ratis.util.IOUtils.getFromFuture(IOUtils.java:87)
	at org.apache.ratis.server.raftlog.segmented.SegmentedRaftLogWorker$StateMachineDataPolicy.getFromFuture(SegmentedRaftLogWorker.java:87)
	at org.apache.ratis.server.raftlog.segmented.SegmentedRaftLogWorker$WriteLog.execute(SegmentedRaftLogWorker.java:477)
	at org.apache.ratis.server.raftlog.segmented.SegmentedRaftLogWorker.run(SegmentedRaftLogWorker.java:289)
	at java.lang.Thread.run(Thread.java:748)
Caused by: java.util.concurrent.TimeoutException
	at java.util.concurrent.CompletableFuture.timedGet(CompletableFuture.java:1771)
	at java.util.concurrent.CompletableFuture.get(CompletableFuture.java:1915)
	at org.apache.ratis.util.IOUtils.getFromFuture(IOUtils.java:79)
	... 4 more
2019-09-16 16:53:04,007 [c5a5e6b7-bb1e-4cfc-8262-1ca252faf540@group-1347CC5D7860-SegmentedRaftLogWorker] WARN  segmented.SegmentedRaftLogWorker (SegmentedRaftLogWorker.java:getFromFuture(90)) - Timeout 3/~
org.apache.ratis.protocol.TimeoutIOException: Timeout 10s: WriteLog:12: (t:1, i:12), STATEMACHINELOGENTRY, client-0133849F436F, cid=22-writeStateMachineData
	at org.apache.ratis.util.IOUtils.getFromFuture(IOUtils.java:87)
	at org.apache.ratis.server.raftlog.segmented.SegmentedRaftLogWorker$StateMachineDataPolicy.getFromFuture(SegmentedRaftLogWorker.java:87)
	at org.apache.ratis.server.raftlog.segmented.SegmentedRaftLogWorker$WriteLog.execute(SegmentedRaftLogWorker.java:477)
	at org.apache.ratis.server.raftlog.segmented.SegmentedRaftLogWorker.run(SegmentedRaftLogWorker.java:289)
	at java.lang.Thread.run(Thread.java:748)
Caused by: java.util.concurrent.TimeoutException
	at java.util.concurrent.CompletableFuture.timedGet(CompletableFuture.java:1771)
	at java.util.concurrent.CompletableFuture.get(CompletableFuture.java:1915)
	at org.apache.ratis.util.IOUtils.getFromFuture(IOUtils.java:79)
	... 4 more
2019-09-16 16:53:04,006 [55776132-47ae-4aef-91b7-92633cf48f43@group-1347CC5D7860-SegmentedRaftLogWorker] WARN  segmented.SegmentedRaftLogWorker (SegmentedRaftLogWorker.java:getFromFuture(90)) - Timeout 3/~
org.apache.ratis.protocol.TimeoutIOException: Timeout 10s: WriteLog:12: (t:1, i:12), STATEMACHINELOGENTRY, client-0133849F436F, cid=22-writeStateMachineData
	at org.apache.ratis.util.IOUtils.getFromFuture(IOUtils.java:87)
	at org.apache.ratis.server.raftlog.segmented.SegmentedRaftLogWorker$StateMachineDataPolicy.getFromFuture(SegmentedRaftLogWorker.java:87)
	at org.apache.ratis.server.raftlog.segmented.SegmentedRaftLogWorker$WriteLog.execute(SegmentedRaftLogWorker.java:477)
	at org.apache.ratis.server.raftlog.segmented.SegmentedRaftLogWorker.run(SegmentedRaftLogWorker.java:289)
	at java.lang.Thread.run(Thread.java:748)
Caused by: java.util.concurrent.TimeoutException
	at java.util.concurrent.CompletableFuture.timedGet(CompletableFuture.java:1771)
	at java.util.concurrent.CompletableFuture.get(CompletableFuture.java:1915)
	at org.apache.ratis.util.IOUtils.getFromFuture(IOUtils.java:79)
	... 4 more
2019-09-16 16:53:04,241 [grpc-default-executor-0] INFO  client.GrpcClientProtocolClient (GrpcClientProtocolClient.java:onNext(264)) - client-0133849F436F->c5a5e6b7-bb1e-4cfc-8262-1ca252faf540: receive RaftClientReply:client-0133849F436F->c5a5e6b7-bb1e-4cfc-8262-1ca252faf540@group-1347CC5D7860, cid=21, FAILED org.apache.ratis.protocol.NotLeaderException: Server c5a5e6b7-bb1e-4cfc-8262-1ca252faf540@group-1347CC5D7860 is not the leader b176f217-5116-4f29-ae6c-8c5fe7374010:192.168.5.184:36714, logIndex=0, commits[c5a5e6b7-bb1e-4cfc-8262-1ca252faf540:c10, 55776132-47ae-4aef-91b7-92633cf48f43:c6, b176f217-5116-4f29-ae6c-8c5fe7374010:c10]
2019-09-16 16:53:04,277 [java.util.concurrent.ThreadPoolExecutor$Worker@2c29679b[State = -1, empty queue]] WARN  server.GrpcLogAppender (GrpcLogAppender.java:timeoutAppendRequest(200)) - b176f217-5116-4f29-ae6c-8c5fe7374010@group-1347CC5D7860->55776132-47ae-4aef-91b7-92633cf48f43-GrpcLogAppender: appendEntries Timeout, request=b176f217-5116-4f29-ae6c-8c5fe7374010->55776132-47ae-4aef-91b7-92633cf48f43#31-t1, previous=(t:1, i:13), leaderCommit=10, initializing? false, entries: <empty>
2019-09-16 16:53:04,277 [java.util.concurrent.ThreadPoolExecutor$Worker@21b2b3ee[State = -1, empty queue]] WARN  server.GrpcLogAppender (GrpcLogAppender.java:timeoutAppendRequest(200)) - b176f217-5116-4f29-ae6c-8c5fe7374010@group-1347CC5D7860->c5a5e6b7-bb1e-4cfc-8262-1ca252faf540-GrpcLogAppender: appendEntries Timeout, request=b176f217-5116-4f29-ae6c-8c5fe7374010->c5a5e6b7-bb1e-4cfc-8262-1ca252faf540#31-t1, previous=(t:1, i:13), leaderCommit=10, initializing? false, entries: <empty>
2019-09-16 16:53:06,778 [java.util.concurrent.ThreadPoolExecutor$Worker@21b2b3ee[State = -1, empty queue]] WARN  server.GrpcLogAppender (GrpcLogAppender.java:timeoutAppendRequest(200)) - b176f217-5116-4f29-ae6c-8c5fe7374010@group-1347CC5D7860->c5a5e6b7-bb1e-4cfc-8262-1ca252faf540-GrpcLogAppender: appendEntries Timeout, request=b176f217-5116-4f29-ae6c-8c5fe7374010->c5a5e6b7-bb1e-4cfc-8262-1ca252faf540#32-t1, previous=(t:1, i:13), leaderCommit=10, initializing? false, entries: <empty>
2019-09-16 16:53:06,778 [java.util.concurrent.ThreadPoolExecutor$Worker@2c29679b[State = -1, empty queue]] WARN  server.GrpcLogAppender (GrpcLogAppender.java:timeoutAppendRequest(200)) - b176f217-5116-4f29-ae6c-8c5fe7374010@group-1347CC5D7860->55776132-47ae-4aef-91b7-92633cf48f43-GrpcLogAppender: appendEntries Timeout, request=b176f217-5116-4f29-ae6c-8c5fe7374010->55776132-47ae-4aef-91b7-92633cf48f43#32-t1, previous=(t:1, i:13), leaderCommit=10, initializing? false, entries: <empty>
2019-09-16 16:53:09,278 [java.util.concurrent.ThreadPoolExecutor$Worker@2c29679b[State = -1, empty queue]] WARN  server.GrpcLogAppender (GrpcLogAppender.java:timeoutAppendRequest(200)) - b176f217-5116-4f29-ae6c-8c5fe7374010@group-1347CC5D7860->55776132-47ae-4aef-91b7-92633cf48f43-GrpcLogAppender: appendEntries Timeout, request=b176f217-5116-4f29-ae6c-8c5fe7374010->55776132-47ae-4aef-91b7-92633cf48f43#33-t1, previous=(t:1, i:13), leaderCommit=10, initializing? false, entries: <empty>
2019-09-16 16:53:09,278 [java.util.concurrent.ThreadPoolExecutor$Worker@21b2b3ee[State = -1, empty queue]] WARN  server.GrpcLogAppender (GrpcLogAppender.java:timeoutAppendRequest(200)) - b176f217-5116-4f29-ae6c-8c5fe7374010@group-1347CC5D7860->c5a5e6b7-bb1e-4cfc-8262-1ca252faf540-GrpcLogAppender: appendEntries Timeout, request=b176f217-5116-4f29-ae6c-8c5fe7374010->c5a5e6b7-bb1e-4cfc-8262-1ca252faf540#33-t1, previous=(t:1, i:13), leaderCommit=10, initializing? false, entries: <empty>
2019-09-16 16:53:09,286 [grpc-default-executor-3] INFO  client.GrpcClientProtocolClient (GrpcClientProtocolClient.java:onNext(264)) - client-0133849F436F->55776132-47ae-4aef-91b7-92633cf48f43: receive RaftClientReply:client-0133849F436F->55776132-47ae-4aef-91b7-92633cf48f43@group-1347CC5D7860, cid=21, FAILED org.apache.ratis.protocol.NotLeaderException: Server 55776132-47ae-4aef-91b7-92633cf48f43@group-1347CC5D7860 is not the leader b176f217-5116-4f29-ae6c-8c5fe7374010:192.168.5.184:36714, logIndex=0, commits[55776132-47ae-4aef-91b7-92633cf48f43:c10, c5a5e6b7-bb1e-4cfc-8262-1ca252faf540:c6, b176f217-5116-4f29-ae6c-8c5fe7374010:c10]
2019-09-16 16:53:11,779 [java.util.concurrent.ThreadPoolExecutor$Worker@21b2b3ee[State = -1, empty queue]] WARN  server.GrpcLogAppender (GrpcLogAppender.java:timeoutAppendRequest(200)) - b176f217-5116-4f29-ae6c-8c5fe7374010@group-1347CC5D7860->c5a5e6b7-bb1e-4cfc-8262-1ca252faf540-GrpcLogAppender: appendEntries Timeout, request=b176f217-5116-4f29-ae6c-8c5fe7374010->c5a5e6b7-bb1e-4cfc-8262-1ca252faf540#34-t1, previous=(t:1, i:13), leaderCommit=10, initializing? false, entries: <empty>
2019-09-16 16:53:11,779 [java.util.concurrent.ThreadPoolExecutor$Worker@2c29679b[State = -1, empty queue]] WARN  server.GrpcLogAppender (GrpcLogAppender.java:timeoutAppendRequest(200)) - b176f217-5116-4f29-ae6c-8c5fe7374010@group-1347CC5D7860->55776132-47ae-4aef-91b7-92633cf48f43-GrpcLogAppender: appendEntries Timeout, request=b176f217-5116-4f29-ae6c-8c5fe7374010->55776132-47ae-4aef-91b7-92633cf48f43#34-t1, previous=(t:1, i:13), leaderCommit=10, initializing? false, entries: <empty>
2019-09-16 16:53:14,007 [b176f217-5116-4f29-ae6c-8c5fe7374010@group-1347CC5D7860-SegmentedRaftLogWorker] WARN  segmented.SegmentedRaftLogWorker (SegmentedRaftLogWorker.java:getFromFuture(90)) - Timeout 4/~
org.apache.ratis.protocol.TimeoutIOException: Timeout 10s: WriteLog:12: (t:1, i:12), STATEMACHINELOGENTRY, client-0133849F436F, cid=22-writeStateMachineData
	at org.apache.ratis.util.IOUtils.getFromFuture(IOUtils.java:87)
	at org.apache.ratis.server.raftlog.segmented.SegmentedRaftLogWorker$StateMachineDataPolicy.getFromFuture(SegmentedRaftLogWorker.java:87)
	at org.apache.ratis.server.raftlog.segmented.SegmentedRaftLogWorker$WriteLog.execute(SegmentedRaftLogWorker.java:477)
	at org.apache.ratis.server.raftlog.segmented.SegmentedRaftLogWorker.run(SegmentedRaftLogWorker.java:289)
	at java.lang.Thread.run(Thread.java:748)
Caused by: java.util.concurrent.TimeoutException
	at java.util.concurrent.CompletableFuture.timedGet(CompletableFuture.java:1771)
	at java.util.concurrent.CompletableFuture.get(CompletableFuture.java:1915)
	at org.apache.ratis.util.IOUtils.getFromFuture(IOUtils.java:79)
	... 4 more
2019-09-16 16:53:14,008 [c5a5e6b7-bb1e-4cfc-8262-1ca252faf540@group-1347CC5D7860-SegmentedRaftLogWorker] WARN  segmented.SegmentedRaftLogWorker (SegmentedRaftLogWorker.java:getFromFuture(90)) - Timeout 4/~
org.apache.ratis.protocol.TimeoutIOException: Timeout 10s: WriteLog:12: (t:1, i:12), STATEMACHINELOGENTRY, client-0133849F436F, cid=22-writeStateMachineData
	at org.apache.ratis.util.IOUtils.getFromFuture(IOUtils.java:87)
	at org.apache.ratis.server.raftlog.segmented.SegmentedRaftLogWorker$StateMachineDataPolicy.getFromFuture(SegmentedRaftLogWorker.java:87)
	at org.apache.ratis.server.raftlog.segmented.SegmentedRaftLogWorker$WriteLog.execute(SegmentedRaftLogWorker.java:477)
	at org.apache.ratis.server.raftlog.segmented.SegmentedRaftLogWorker.run(SegmentedRaftLogWorker.java:289)
	at java.lang.Thread.run(Thread.java:748)
Caused by: java.util.concurrent.TimeoutException
	at java.util.concurrent.CompletableFuture.timedGet(CompletableFuture.java:1771)
	at java.util.concurrent.CompletableFuture.get(CompletableFuture.java:1915)
	at org.apache.ratis.util.IOUtils.getFromFuture(IOUtils.java:79)
	... 4 more
2019-09-16 16:53:14,008 [55776132-47ae-4aef-91b7-92633cf48f43@group-1347CC5D7860-SegmentedRaftLogWorker] WARN  segmented.SegmentedRaftLogWorker (SegmentedRaftLogWorker.java:getFromFuture(90)) - Timeout 4/~
org.apache.ratis.protocol.TimeoutIOException: Timeout 10s: WriteLog:12: (t:1, i:12), STATEMACHINELOGENTRY, client-0133849F436F, cid=22-writeStateMachineData
	at org.apache.ratis.util.IOUtils.getFromFuture(IOUtils.java:87)
	at org.apache.ratis.server.raftlog.segmented.SegmentedRaftLogWorker$StateMachineDataPolicy.getFromFuture(SegmentedRaftLogWorker.java:87)
	at org.apache.ratis.server.raftlog.segmented.SegmentedRaftLogWorker$WriteLog.execute(SegmentedRaftLogWorker.java:477)
	at org.apache.ratis.server.raftlog.segmented.SegmentedRaftLogWorker.run(SegmentedRaftLogWorker.java:289)
	at java.lang.Thread.run(Thread.java:748)
Caused by: java.util.concurrent.TimeoutException
	at java.util.concurrent.CompletableFuture.timedGet(CompletableFuture.java:1771)
	at java.util.concurrent.CompletableFuture.get(CompletableFuture.java:1915)
	at org.apache.ratis.util.IOUtils.getFromFuture(IOUtils.java:79)
	... 4 more
2019-09-16 16:53:14,280 [java.util.concurrent.ThreadPoolExecutor$Worker@21b2b3ee[State = -1, empty queue]] WARN  server.GrpcLogAppender (GrpcLogAppender.java:timeoutAppendRequest(200)) - b176f217-5116-4f29-ae6c-8c5fe7374010@group-1347CC5D7860->c5a5e6b7-bb1e-4cfc-8262-1ca252faf540-GrpcLogAppender: appendEntries Timeout, request=b176f217-5116-4f29-ae6c-8c5fe7374010->c5a5e6b7-bb1e-4cfc-8262-1ca252faf540#35-t1, previous=(t:1, i:13), leaderCommit=10, initializing? false, entries: <empty>
2019-09-16 16:53:14,280 [java.util.concurrent.ThreadPoolExecutor$Worker@2c29679b[State = -1, empty queue]] WARN  server.GrpcLogAppender (GrpcLogAppender.java:timeoutAppendRequest(200)) - b176f217-5116-4f29-ae6c-8c5fe7374010@group-1347CC5D7860->55776132-47ae-4aef-91b7-92633cf48f43-GrpcLogAppender: appendEntries Timeout, request=b176f217-5116-4f29-ae6c-8c5fe7374010->55776132-47ae-4aef-91b7-92633cf48f43#35-t1, previous=(t:1, i:13), leaderCommit=10, initializing? false, entries: <empty>
2019-09-16 16:53:14,345 [grpc-default-executor-3] INFO  client.GrpcClientProtocolClient (GrpcClientProtocolClient.java:onNext(264)) - client-0133849F436F->c5a5e6b7-bb1e-4cfc-8262-1ca252faf540: receive RaftClientReply:client-0133849F436F->c5a5e6b7-bb1e-4cfc-8262-1ca252faf540@group-1347CC5D7860, cid=21, FAILED org.apache.ratis.protocol.NotLeaderException: Server c5a5e6b7-bb1e-4cfc-8262-1ca252faf540@group-1347CC5D7860 is not the leader b176f217-5116-4f29-ae6c-8c5fe7374010:192.168.5.184:36714, logIndex=0, commits[c5a5e6b7-bb1e-4cfc-8262-1ca252faf540:c10, 55776132-47ae-4aef-91b7-92633cf48f43:c6, b176f217-5116-4f29-ae6c-8c5fe7374010:c10]
2019-09-16 16:53:16,781 [java.util.concurrent.ThreadPoolExecutor$Worker@2c29679b[State = -1, empty queue]] WARN  server.GrpcLogAppender (GrpcLogAppender.java:timeoutAppendRequest(200)) - b176f217-5116-4f29-ae6c-8c5fe7374010@group-1347CC5D7860->55776132-47ae-4aef-91b7-92633cf48f43-GrpcLogAppender: appendEntries Timeout, request=b176f217-5116-4f29-ae6c-8c5fe7374010->55776132-47ae-4aef-91b7-92633cf48f43#36-t1, previous=(t:1, i:13), leaderCommit=10, initializing? false, entries: <empty>
2019-09-16 16:53:16,781 [java.util.concurrent.ThreadPoolExecutor$Worker@21b2b3ee[State = -1, empty queue]] WARN  server.GrpcLogAppender (GrpcLogAppender.java:timeoutAppendRequest(200)) - b176f217-5116-4f29-ae6c-8c5fe7374010@group-1347CC5D7860->c5a5e6b7-bb1e-4cfc-8262-1ca252faf540-GrpcLogAppender: appendEntries Timeout, request=b176f217-5116-4f29-ae6c-8c5fe7374010->c5a5e6b7-bb1e-4cfc-8262-1ca252faf540#36-t1, previous=(t:1, i:13), leaderCommit=10, initializing? false, entries: <empty>
2019-09-16 16:53:19,282 [java.util.concurrent.ThreadPoolExecutor$Worker@2c29679b[State = -1, empty queue]] WARN  server.GrpcLogAppender (GrpcLogAppender.java:timeoutAppendRequest(200)) - b176f217-5116-4f29-ae6c-8c5fe7374010@group-1347CC5D7860->55776132-47ae-4aef-91b7-92633cf48f43-GrpcLogAppender: appendEntries Timeout, request=b176f217-5116-4f29-ae6c-8c5fe7374010->55776132-47ae-4aef-91b7-92633cf48f43#37-t1, previous=(t:1, i:13), leaderCommit=10, initializing? false, entries: <empty>
2019-09-16 16:53:19,282 [java.util.concurrent.ThreadPoolExecutor$Worker@21b2b3ee[State = -1, empty queue]] WARN  server.GrpcLogAppender (GrpcLogAppender.java:timeoutAppendRequest(200)) - b176f217-5116-4f29-ae6c-8c5fe7374010@group-1347CC5D7860->c5a5e6b7-bb1e-4cfc-8262-1ca252faf540-GrpcLogAppender: appendEntries Timeout, request=b176f217-5116-4f29-ae6c-8c5fe7374010->c5a5e6b7-bb1e-4cfc-8262-1ca252faf540#37-t1, previous=(t:1, i:13), leaderCommit=10, initializing? false, entries: <empty>
2019-09-16 16:53:19,389 [grpc-default-executor-0] INFO  client.GrpcClientProtocolClient (GrpcClientProtocolClient.java:onNext(264)) - client-0133849F436F->c5a5e6b7-bb1e-4cfc-8262-1ca252faf540: receive RaftClientReply:client-0133849F436F->c5a5e6b7-bb1e-4cfc-8262-1ca252faf540@group-1347CC5D7860, cid=21, FAILED org.apache.ratis.protocol.NotLeaderException: Server c5a5e6b7-bb1e-4cfc-8262-1ca252faf540@group-1347CC5D7860 is not the leader b176f217-5116-4f29-ae6c-8c5fe7374010:192.168.5.184:36714, logIndex=0, commits[c5a5e6b7-bb1e-4cfc-8262-1ca252faf540:c10, 55776132-47ae-4aef-91b7-92633cf48f43:c6, b176f217-5116-4f29-ae6c-8c5fe7374010:c10]
2019-09-16 16:53:21,782 [java.util.concurrent.ThreadPoolExecutor$Worker@2c29679b[State = -1, empty queue]] WARN  server.GrpcLogAppender (GrpcLogAppender.java:timeoutAppendRequest(200)) - b176f217-5116-4f29-ae6c-8c5fe7374010@group-1347CC5D7860->55776132-47ae-4aef-91b7-92633cf48f43-GrpcLogAppender: appendEntries Timeout, request=b176f217-5116-4f29-ae6c-8c5fe7374010->55776132-47ae-4aef-91b7-92633cf48f43#38-t1, previous=(t:1, i:13), leaderCommit=10, initializing? false, entries: <empty>
2019-09-16 16:53:21,782 [java.util.concurrent.ThreadPoolExecutor$Worker@21b2b3ee[State = -1, empty queue]] WARN  server.GrpcLogAppender (GrpcLogAppender.java:timeoutAppendRequest(200)) - b176f217-5116-4f29-ae6c-8c5fe7374010@group-1347CC5D7860->c5a5e6b7-bb1e-4cfc-8262-1ca252faf540-GrpcLogAppender: appendEntries Timeout, request=b176f217-5116-4f29-ae6c-8c5fe7374010->c5a5e6b7-bb1e-4cfc-8262-1ca252faf540#38-t1, previous=(t:1, i:13), leaderCommit=10, initializing? false, entries: <empty>
2019-09-16 16:53:24,008 [b176f217-5116-4f29-ae6c-8c5fe7374010@group-1347CC5D7860-SegmentedRaftLogWorker] WARN  segmented.SegmentedRaftLogWorker (SegmentedRaftLogWorker.java:getFromFuture(90)) - Timeout 5/~
org.apache.ratis.protocol.TimeoutIOException: Timeout 10s: WriteLog:12: (t:1, i:12), STATEMACHINELOGENTRY, client-0133849F436F, cid=22-writeStateMachineData
	at org.apache.ratis.util.IOUtils.getFromFuture(IOUtils.java:87)
	at org.apache.ratis.server.raftlog.segmented.SegmentedRaftLogWorker$StateMachineDataPolicy.getFromFuture(SegmentedRaftLogWorker.java:87)
	at org.apache.ratis.server.raftlog.segmented.SegmentedRaftLogWorker$WriteLog.execute(SegmentedRaftLogWorker.java:477)
	at org.apache.ratis.server.raftlog.segmented.SegmentedRaftLogWorker.run(SegmentedRaftLogWorker.java:289)
	at java.lang.Thread.run(Thread.java:748)
Caused by: java.util.concurrent.TimeoutException
	at java.util.concurrent.CompletableFuture.timedGet(CompletableFuture.java:1771)
	at java.util.concurrent.CompletableFuture.get(CompletableFuture.java:1915)
	at org.apache.ratis.util.IOUtils.getFromFuture(IOUtils.java:79)
	... 4 more
2019-09-16 16:53:24,009 [55776132-47ae-4aef-91b7-92633cf48f43@group-1347CC5D7860-SegmentedRaftLogWorker] WARN  segmented.SegmentedRaftLogWorker (SegmentedRaftLogWorker.java:getFromFuture(90)) - Timeout 5/~
org.apache.ratis.protocol.TimeoutIOException: Timeout 10s: WriteLog:12: (t:1, i:12), STATEMACHINELOGENTRY, client-0133849F436F, cid=22-writeStateMachineData
	at org.apache.ratis.util.IOUtils.getFromFuture(IOUtils.java:87)
	at org.apache.ratis.server.raftlog.segmented.SegmentedRaftLogWorker$StateMachineDataPolicy.getFromFuture(SegmentedRaftLogWorker.java:87)
	at org.apache.ratis.server.raftlog.segmented.SegmentedRaftLogWorker$WriteLog.execute(SegmentedRaftLogWorker.java:477)
	at org.apache.ratis.server.raftlog.segmented.SegmentedRaftLogWorker.run(SegmentedRaftLogWorker.java:289)
	at java.lang.Thread.run(Thread.java:748)
Caused by: java.util.concurrent.TimeoutException
	at java.util.concurrent.CompletableFuture.timedGet(CompletableFuture.java:1771)
	at java.util.concurrent.CompletableFuture.get(CompletableFuture.java:1915)
	at org.apache.ratis.util.IOUtils.getFromFuture(IOUtils.java:79)
	... 4 more
2019-09-16 16:53:24,009 [c5a5e6b7-bb1e-4cfc-8262-1ca252faf540@group-1347CC5D7860-SegmentedRaftLogWorker] WARN  segmented.SegmentedRaftLogWorker (SegmentedRaftLogWorker.java:getFromFuture(90)) - Timeout 5/~
org.apache.ratis.protocol.TimeoutIOException: Timeout 10s: WriteLog:12: (t:1, i:12), STATEMACHINELOGENTRY, client-0133849F436F, cid=22-writeStateMachineData
	at org.apache.ratis.util.IOUtils.getFromFuture(IOUtils.java:87)
	at org.apache.ratis.server.raftlog.segmented.SegmentedRaftLogWorker$StateMachineDataPolicy.getFromFuture(SegmentedRaftLogWorker.java:87)
	at org.apache.ratis.server.raftlog.segmented.SegmentedRaftLogWorker$WriteLog.execute(SegmentedRaftLogWorker.java:477)
	at org.apache.ratis.server.raftlog.segmented.SegmentedRaftLogWorker.run(SegmentedRaftLogWorker.java:289)
	at java.lang.Thread.run(Thread.java:748)
Caused by: java.util.concurrent.TimeoutException
	at java.util.concurrent.CompletableFuture.timedGet(CompletableFuture.java:1771)
	at java.util.concurrent.CompletableFuture.get(CompletableFuture.java:1915)
	at org.apache.ratis.util.IOUtils.getFromFuture(IOUtils.java:79)
	... 4 more
2019-09-16 16:53:24,285 [java.util.concurrent.ThreadPoolExecutor$Worker@2c29679b[State = -1, empty queue]] WARN  server.GrpcLogAppender (GrpcLogAppender.java:timeoutAppendRequest(200)) - b176f217-5116-4f29-ae6c-8c5fe7374010@group-1347CC5D7860->55776132-47ae-4aef-91b7-92633cf48f43-GrpcLogAppender: appendEntries Timeout, request=b176f217-5116-4f29-ae6c-8c5fe7374010->55776132-47ae-4aef-91b7-92633cf48f43#39-t1, previous=(t:1, i:13), leaderCommit=10, initializing? false, entries: <empty>
2019-09-16 16:53:24,285 [java.util.concurrent.ThreadPoolExecutor$Worker@21b2b3ee[State = -1, empty queue]] WARN  server.GrpcLogAppender (GrpcLogAppender.java:timeoutAppendRequest(200)) - b176f217-5116-4f29-ae6c-8c5fe7374010@group-1347CC5D7860->c5a5e6b7-bb1e-4cfc-8262-1ca252faf540-GrpcLogAppender: appendEntries Timeout, request=b176f217-5116-4f29-ae6c-8c5fe7374010->c5a5e6b7-bb1e-4cfc-8262-1ca252faf540#39-t1, previous=(t:1, i:13), leaderCommit=10, initializing? false, entries: <empty>
2019-09-16 16:53:24,445 [grpc-default-executor-3] INFO  client.GrpcClientProtocolClient (GrpcClientProtocolClient.java:onNext(264)) - client-0133849F436F->55776132-47ae-4aef-91b7-92633cf48f43: receive RaftClientReply:client-0133849F436F->55776132-47ae-4aef-91b7-92633cf48f43@group-1347CC5D7860, cid=21, FAILED org.apache.ratis.protocol.NotLeaderException: Server 55776132-47ae-4aef-91b7-92633cf48f43@group-1347CC5D7860 is not the leader b176f217-5116-4f29-ae6c-8c5fe7374010:192.168.5.184:36714, logIndex=0, commits[55776132-47ae-4aef-91b7-92633cf48f43:c10, c5a5e6b7-bb1e-4cfc-8262-1ca252faf540:c6, b176f217-5116-4f29-ae6c-8c5fe7374010:c10]
2019-09-16 16:53:26,786 [java.util.concurrent.ThreadPoolExecutor$Worker@2c29679b[State = -1, empty queue]] WARN  server.GrpcLogAppender (GrpcLogAppender.java:timeoutAppendRequest(200)) - b176f217-5116-4f29-ae6c-8c5fe7374010@group-1347CC5D7860->55776132-47ae-4aef-91b7-92633cf48f43-GrpcLogAppender: appendEntries Timeout, request=b176f217-5116-4f29-ae6c-8c5fe7374010->55776132-47ae-4aef-91b7-92633cf48f43#40-t1, previous=(t:1, i:13), leaderCommit=10, initializing? false, entries: <empty>
2019-09-16 16:53:26,786 [java.util.concurrent.ThreadPoolExecutor$Worker@21b2b3ee[State = -1, empty queue]] WARN  server.GrpcLogAppender (GrpcLogAppender.java:timeoutAppendRequest(200)) - b176f217-5116-4f29-ae6c-8c5fe7374010@group-1347CC5D7860->c5a5e6b7-bb1e-4cfc-8262-1ca252faf540-GrpcLogAppender: appendEntries Timeout, request=b176f217-5116-4f29-ae6c-8c5fe7374010->c5a5e6b7-bb1e-4cfc-8262-1ca252faf540#40-t1, previous=(t:1, i:13), leaderCommit=10, initializing? false, entries: <empty>
2019-09-16 16:53:29,287 [java.util.concurrent.ThreadPoolExecutor$Worker@2c29679b[State = -1, empty queue]] WARN  server.GrpcLogAppender (GrpcLogAppender.java:timeoutAppendRequest(200)) - b176f217-5116-4f29-ae6c-8c5fe7374010@group-1347CC5D7860->55776132-47ae-4aef-91b7-92633cf48f43-GrpcLogAppender: appendEntries Timeout, request=b176f217-5116-4f29-ae6c-8c5fe7374010->55776132-47ae-4aef-91b7-92633cf48f43#41-t1, previous=(t:1, i:13), leaderCommit=10, initializing? false, entries: <empty>
2019-09-16 16:53:29,287 [java.util.concurrent.ThreadPoolExecutor$Worker@21b2b3ee[State = -1, empty queue]] WARN  server.GrpcLogAppender (GrpcLogAppender.java:timeoutAppendRequest(200)) - b176f217-5116-4f29-ae6c-8c5fe7374010@group-1347CC5D7860->c5a5e6b7-bb1e-4cfc-8262-1ca252faf540-GrpcLogAppender: appendEntries Timeout, request=b176f217-5116-4f29-ae6c-8c5fe7374010->c5a5e6b7-bb1e-4cfc-8262-1ca252faf540#41-t1, previous=(t:1, i:13), leaderCommit=10, initializing? false, entries: <empty>
2019-09-16 16:53:29,502 [grpc-default-executor-3] INFO  client.GrpcClientProtocolClient (GrpcClientProtocolClient.java:onNext(264)) - client-0133849F436F->c5a5e6b7-bb1e-4cfc-8262-1ca252faf540: receive RaftClientReply:client-0133849F436F->c5a5e6b7-bb1e-4cfc-8262-1ca252faf540@group-1347CC5D7860, cid=21, FAILED org.apache.ratis.protocol.NotLeaderException: Server c5a5e6b7-bb1e-4cfc-8262-1ca252faf540@group-1347CC5D7860 is not the leader b176f217-5116-4f29-ae6c-8c5fe7374010:192.168.5.184:36714, logIndex=0, commits[c5a5e6b7-bb1e-4cfc-8262-1ca252faf540:c10, 55776132-47ae-4aef-91b7-92633cf48f43:c6, b176f217-5116-4f29-ae6c-8c5fe7374010:c10]
2019-09-16 16:53:31,788 [java.util.concurrent.ThreadPoolExecutor$Worker@2c29679b[State = -1, empty queue]] WARN  server.GrpcLogAppender (GrpcLogAppender.java:timeoutAppendRequest(200)) - b176f217-5116-4f29-ae6c-8c5fe7374010@group-1347CC5D7860->55776132-47ae-4aef-91b7-92633cf48f43-GrpcLogAppender: appendEntries Timeout, request=b176f217-5116-4f29-ae6c-8c5fe7374010->55776132-47ae-4aef-91b7-92633cf48f43#42-t1, previous=(t:1, i:13), leaderCommit=10, initializing? false, entries: <empty>
2019-09-16 16:53:31,788 [java.util.concurrent.ThreadPoolExecutor$Worker@21b2b3ee[State = -1, empty queue]] WARN  server.GrpcLogAppender (GrpcLogAppender.java:timeoutAppendRequest(200)) - b176f217-5116-4f29-ae6c-8c5fe7374010@group-1347CC5D7860->c5a5e6b7-bb1e-4cfc-8262-1ca252faf540-GrpcLogAppender: appendEntries Timeout, request=b176f217-5116-4f29-ae6c-8c5fe7374010->c5a5e6b7-bb1e-4cfc-8262-1ca252faf540#42-t1, previous=(t:1, i:13), leaderCommit=10, initializing? false, entries: <empty>
2019-09-16 16:53:34,009 [b176f217-5116-4f29-ae6c-8c5fe7374010@group-1347CC5D7860-SegmentedRaftLogWorker] WARN  segmented.SegmentedRaftLogWorker (SegmentedRaftLogWorker.java:getFromFuture(90)) - Timeout 6/~
org.apache.ratis.protocol.TimeoutIOException: Timeout 10s: WriteLog:12: (t:1, i:12), STATEMACHINELOGENTRY, client-0133849F436F, cid=22-writeStateMachineData
	at org.apache.ratis.util.IOUtils.getFromFuture(IOUtils.java:87)
	at org.apache.ratis.server.raftlog.segmented.SegmentedRaftLogWorker$StateMachineDataPolicy.getFromFuture(SegmentedRaftLogWorker.java:87)
	at org.apache.ratis.server.raftlog.segmented.SegmentedRaftLogWorker$WriteLog.execute(SegmentedRaftLogWorker.java:477)
	at org.apache.ratis.server.raftlog.segmented.SegmentedRaftLogWorker.run(SegmentedRaftLogWorker.java:289)
	at java.lang.Thread.run(Thread.java:748)
Caused by: java.util.concurrent.TimeoutException
	at java.util.concurrent.CompletableFuture.timedGet(CompletableFuture.java:1771)
	at java.util.concurrent.CompletableFuture.get(CompletableFuture.java:1915)
	at org.apache.ratis.util.IOUtils.getFromFuture(IOUtils.java:79)
	... 4 more
2019-09-16 16:53:34,010 [c5a5e6b7-bb1e-4cfc-8262-1ca252faf540@group-1347CC5D7860-SegmentedRaftLogWorker] WARN  segmented.SegmentedRaftLogWorker (SegmentedRaftLogWorker.java:getFromFuture(90)) - Timeout 6/~
org.apache.ratis.protocol.TimeoutIOException: Timeout 10s: WriteLog:12: (t:1, i:12), STATEMACHINELOGENTRY, client-0133849F436F, cid=22-writeStateMachineData
	at org.apache.ratis.util.IOUtils.getFromFuture(IOUtils.java:87)
	at org.apache.ratis.server.raftlog.segmented.SegmentedRaftLogWorker$StateMachineDataPolicy.getFromFuture(SegmentedRaftLogWorker.java:87)
	at org.apache.ratis.server.raftlog.segmented.SegmentedRaftLogWorker$WriteLog.execute(SegmentedRaftLogWorker.java:477)
	at org.apache.ratis.server.raftlog.segmented.SegmentedRaftLogWorker.run(SegmentedRaftLogWorker.java:289)
	at java.lang.Thread.run(Thread.java:748)
Caused by: java.util.concurrent.TimeoutException
	at java.util.concurrent.CompletableFuture.timedGet(CompletableFuture.java:1771)
	at java.util.concurrent.CompletableFuture.get(CompletableFuture.java:1915)
	at org.apache.ratis.util.IOUtils.getFromFuture(IOUtils.java:79)
	... 4 more
2019-09-16 16:53:34,010 [55776132-47ae-4aef-91b7-92633cf48f43@group-1347CC5D7860-SegmentedRaftLogWorker] WARN  segmented.SegmentedRaftLogWorker (SegmentedRaftLogWorker.java:getFromFuture(90)) - Timeout 6/~
org.apache.ratis.protocol.TimeoutIOException: Timeout 10s: WriteLog:12: (t:1, i:12), STATEMACHINELOGENTRY, client-0133849F436F, cid=22-writeStateMachineData
	at org.apache.ratis.util.IOUtils.getFromFuture(IOUtils.java:87)
	at org.apache.ratis.server.raftlog.segmented.SegmentedRaftLogWorker$StateMachineDataPolicy.getFromFuture(SegmentedRaftLogWorker.java:87)
	at org.apache.ratis.server.raftlog.segmented.SegmentedRaftLogWorker$WriteLog.execute(SegmentedRaftLogWorker.java:477)
	at org.apache.ratis.server.raftlog.segmented.SegmentedRaftLogWorker.run(SegmentedRaftLogWorker.java:289)
	at java.lang.Thread.run(Thread.java:748)
Caused by: java.util.concurrent.TimeoutException
	at java.util.concurrent.CompletableFuture.timedGet(CompletableFuture.java:1771)
	at java.util.concurrent.CompletableFuture.get(CompletableFuture.java:1915)
	at org.apache.ratis.util.IOUtils.getFromFuture(IOUtils.java:79)
	... 4 more
2019-09-16 16:53:34,288 [java.util.concurrent.ThreadPoolExecutor$Worker@2c29679b[State = -1, empty queue]] WARN  server.GrpcLogAppender (GrpcLogAppender.java:timeoutAppendRequest(200)) - b176f217-5116-4f29-ae6c-8c5fe7374010@group-1347CC5D7860->55776132-47ae-4aef-91b7-92633cf48f43-GrpcLogAppender: appendEntries Timeout, request=b176f217-5116-4f29-ae6c-8c5fe7374010->55776132-47ae-4aef-91b7-92633cf48f43#43-t1, previous=(t:1, i:13), leaderCommit=10, initializing? false, entries: <empty>
2019-09-16 16:53:34,288 [java.util.concurrent.ThreadPoolExecutor$Worker@21b2b3ee[State = -1, empty queue]] WARN  server.GrpcLogAppender (GrpcLogAppender.java:timeoutAppendRequest(200)) - b176f217-5116-4f29-ae6c-8c5fe7374010@group-1347CC5D7860->c5a5e6b7-bb1e-4cfc-8262-1ca252faf540-GrpcLogAppender: appendEntries Timeout, request=b176f217-5116-4f29-ae6c-8c5fe7374010->c5a5e6b7-bb1e-4cfc-8262-1ca252faf540#43-t1, previous=(t:1, i:13), leaderCommit=10, initializing? false, entries: <empty>
2019-09-16 16:53:34,546 [grpc-default-executor-3] INFO  client.GrpcClientProtocolClient (GrpcClientProtocolClient.java:onNext(264)) - client-0133849F436F->c5a5e6b7-bb1e-4cfc-8262-1ca252faf540: receive RaftClientReply:client-0133849F436F->c5a5e6b7-bb1e-4cfc-8262-1ca252faf540@group-1347CC5D7860, cid=21, FAILED org.apache.ratis.protocol.NotLeaderException: Server c5a5e6b7-bb1e-4cfc-8262-1ca252faf540@group-1347CC5D7860 is not the leader b176f217-5116-4f29-ae6c-8c5fe7374010:192.168.5.184:36714, logIndex=0, commits[c5a5e6b7-bb1e-4cfc-8262-1ca252faf540:c10, 55776132-47ae-4aef-91b7-92633cf48f43:c6, b176f217-5116-4f29-ae6c-8c5fe7374010:c10]
2019-09-16 16:53:36,789 [java.util.concurrent.ThreadPoolExecutor$Worker@2c29679b[State = -1, empty queue]] WARN  server.GrpcLogAppender (GrpcLogAppender.java:timeoutAppendRequest(200)) - b176f217-5116-4f29-ae6c-8c5fe7374010@group-1347CC5D7860->55776132-47ae-4aef-91b7-92633cf48f43-GrpcLogAppender: appendEntries Timeout, request=b176f217-5116-4f29-ae6c-8c5fe7374010->55776132-47ae-4aef-91b7-92633cf48f43#44-t1, previous=(t:1, i:13), leaderCommit=10, initializing? false, entries: <empty>
2019-09-16 16:53:36,789 [java.util.concurrent.ThreadPoolExecutor$Worker@21b2b3ee[State = -1, empty queue]] WARN  server.GrpcLogAppender (GrpcLogAppender.java:timeoutAppendRequest(200)) - b176f217-5116-4f29-ae6c-8c5fe7374010@group-1347CC5D7860->c5a5e6b7-bb1e-4cfc-8262-1ca252faf540-GrpcLogAppender: appendEntries Timeout, request=b176f217-5116-4f29-ae6c-8c5fe7374010->c5a5e6b7-bb1e-4cfc-8262-1ca252faf540#44-t1, previous=(t:1, i:13), leaderCommit=10, initializing? false, entries: <empty>
2019-09-16 16:53:39,290 [java.util.concurrent.ThreadPoolExecutor$Worker@2c29679b[State = -1, empty queue]] WARN  server.GrpcLogAppender (GrpcLogAppender.java:timeoutAppendRequest(200)) - b176f217-5116-4f29-ae6c-8c5fe7374010@group-1347CC5D7860->55776132-47ae-4aef-91b7-92633cf48f43-GrpcLogAppender: appendEntries Timeout, request=b176f217-5116-4f29-ae6c-8c5fe7374010->55776132-47ae-4aef-91b7-92633cf48f43#45-t1, previous=(t:1, i:13), leaderCommit=10, initializing? false, entries: <empty>
2019-09-16 16:53:39,290 [java.util.concurrent.ThreadPoolExecutor$Worker@21b2b3ee[State = -1, empty queue]] WARN  server.GrpcLogAppender (GrpcLogAppender.java:timeoutAppendRequest(200)) - b176f217-5116-4f29-ae6c-8c5fe7374010@group-1347CC5D7860->c5a5e6b7-bb1e-4cfc-8262-1ca252faf540-GrpcLogAppender: appendEntries Timeout, request=b176f217-5116-4f29-ae6c-8c5fe7374010->c5a5e6b7-bb1e-4cfc-8262-1ca252faf540#45-t1, previous=(t:1, i:13), leaderCommit=10, initializing? false, entries: <empty>
2019-09-16 16:53:39,597 [grpc-default-executor-3] INFO  client.GrpcClientProtocolClient (GrpcClientProtocolClient.java:onNext(264)) - client-0133849F436F->c5a5e6b7-bb1e-4cfc-8262-1ca252faf540: receive RaftClientReply:client-0133849F436F->c5a5e6b7-bb1e-4cfc-8262-1ca252faf540@group-1347CC5D7860, cid=21, FAILED org.apache.ratis.protocol.NotLeaderException: Server c5a5e6b7-bb1e-4cfc-8262-1ca252faf540@group-1347CC5D7860 is not the leader b176f217-5116-4f29-ae6c-8c5fe7374010:192.168.5.184:36714, logIndex=0, commits[c5a5e6b7-bb1e-4cfc-8262-1ca252faf540:c10, 55776132-47ae-4aef-91b7-92633cf48f43:c6, b176f217-5116-4f29-ae6c-8c5fe7374010:c10]
2019-09-16 16:53:41,790 [java.util.concurrent.ThreadPoolExecutor$Worker@2c29679b[State = -1, empty queue]] WARN  server.GrpcLogAppender (GrpcLogAppender.java:timeoutAppendRequest(200)) - b176f217-5116-4f29-ae6c-8c5fe7374010@group-1347CC5D7860->55776132-47ae-4aef-91b7-92633cf48f43-GrpcLogAppender: appendEntries Timeout, request=b176f217-5116-4f29-ae6c-8c5fe7374010->55776132-47ae-4aef-91b7-92633cf48f43#46-t1, previous=(t:1, i:13), leaderCommit=10, initializing? false, entries: <empty>
2019-09-16 16:53:41,790 [java.util.concurrent.ThreadPoolExecutor$Worker@21b2b3ee[State = -1, empty queue]] WARN  server.GrpcLogAppender (GrpcLogAppender.java:timeoutAppendRequest(200)) - b176f217-5116-4f29-ae6c-8c5fe7374010@group-1347CC5D7860->c5a5e6b7-bb1e-4cfc-8262-1ca252faf540-GrpcLogAppender: appendEntries Timeout, request=b176f217-5116-4f29-ae6c-8c5fe7374010->c5a5e6b7-bb1e-4cfc-8262-1ca252faf540#46-t1, previous=(t:1, i:13), leaderCommit=10, initializing? false, entries: <empty>
2019-09-16 16:53:44,011 [b176f217-5116-4f29-ae6c-8c5fe7374010@group-1347CC5D7860-SegmentedRaftLogWorker] WARN  segmented.SegmentedRaftLogWorker (SegmentedRaftLogWorker.java:getFromFuture(90)) - Timeout 7/~
org.apache.ratis.protocol.TimeoutIOException: Timeout 10s: WriteLog:12: (t:1, i:12), STATEMACHINELOGENTRY, client-0133849F436F, cid=22-writeStateMachineData
	at org.apache.ratis.util.IOUtils.getFromFuture(IOUtils.java:87)
	at org.apache.ratis.server.raftlog.segmented.SegmentedRaftLogWorker$StateMachineDataPolicy.getFromFuture(SegmentedRaftLogWorker.java:87)
	at org.apache.ratis.server.raftlog.segmented.SegmentedRaftLogWorker$WriteLog.execute(SegmentedRaftLogWorker.java:477)
	at org.apache.ratis.server.raftlog.segmented.SegmentedRaftLogWorker.run(SegmentedRaftLogWorker.java:289)
	at java.lang.Thread.run(Thread.java:748)
Caused by: java.util.concurrent.TimeoutException
	at java.util.concurrent.CompletableFuture.timedGet(CompletableFuture.java:1771)
	at java.util.concurrent.CompletableFuture.get(CompletableFuture.java:1915)
	at org.apache.ratis.util.IOUtils.getFromFuture(IOUtils.java:79)
	... 4 more
2019-09-16 16:53:44,030 [c5a5e6b7-bb1e-4cfc-8262-1ca252faf540@group-1347CC5D7860-SegmentedRaftLogWorker] WARN  segmented.SegmentedRaftLogWorker (SegmentedRaftLogWorker.java:getFromFuture(90)) - Timeout 7/~
org.apache.ratis.protocol.TimeoutIOException: Timeout 10s: WriteLog:12: (t:1, i:12), STATEMACHINELOGENTRY, client-0133849F436F, cid=22-writeStateMachineData
	at org.apache.ratis.util.IOUtils.getFromFuture(IOUtils.java:87)
	at org.apache.ratis.server.raftlog.segmented.SegmentedRaftLogWorker$StateMachineDataPolicy.getFromFuture(SegmentedRaftLogWorker.java:87)
	at org.apache.ratis.server.raftlog.segmented.SegmentedRaftLogWorker$WriteLog.execute(SegmentedRaftLogWorker.java:477)
	at org.apache.ratis.server.raftlog.segmented.SegmentedRaftLogWorker.run(SegmentedRaftLogWorker.java:289)
	at java.lang.Thread.run(Thread.java:748)
Caused by: java.util.concurrent.TimeoutException
	at java.util.concurrent.CompletableFuture.timedGet(CompletableFuture.java:1771)
	at java.util.concurrent.CompletableFuture.get(CompletableFuture.java:1915)
	at org.apache.ratis.util.IOUtils.getFromFuture(IOUtils.java:79)
	... 4 more
2019-09-16 16:53:44,031 [55776132-47ae-4aef-91b7-92633cf48f43@group-1347CC5D7860-SegmentedRaftLogWorker] WARN  segmented.SegmentedRaftLogWorker (SegmentedRaftLogWorker.java:getFromFuture(90)) - Timeout 7/~
org.apache.ratis.protocol.TimeoutIOException: Timeout 10s: WriteLog:12: (t:1, i:12), STATEMACHINELOGENTRY, client-0133849F436F, cid=22-writeStateMachineData
	at org.apache.ratis.util.IOUtils.getFromFuture(IOUtils.java:87)
	at org.apache.ratis.server.raftlog.segmented.SegmentedRaftLogWorker$StateMachineDataPolicy.getFromFuture(SegmentedRaftLogWorker.java:87)
	at org.apache.ratis.server.raftlog.segmented.SegmentedRaftLogWorker$WriteLog.execute(SegmentedRaftLogWorker.java:477)
	at org.apache.ratis.server.raftlog.segmented.SegmentedRaftLogWorker.run(SegmentedRaftLogWorker.java:289)
	at java.lang.Thread.run(Thread.java:748)
Caused by: java.util.concurrent.TimeoutException
	at java.util.concurrent.CompletableFuture.timedGet(CompletableFuture.java:1771)
	at java.util.concurrent.CompletableFuture.get(CompletableFuture.java:1915)
	at org.apache.ratis.util.IOUtils.getFromFuture(IOUtils.java:79)
	... 4 more
2019-09-16 16:53:44,291 [java.util.concurrent.ThreadPoolExecutor$Worker@21b2b3ee[State = -1, empty queue]] WARN  server.GrpcLogAppender (GrpcLogAppender.java:timeoutAppendRequest(200)) - b176f217-5116-4f29-ae6c-8c5fe7374010@group-1347CC5D7860->c5a5e6b7-bb1e-4cfc-8262-1ca252faf540-GrpcLogAppender: appendEntries Timeout, request=b176f217-5116-4f29-ae6c-8c5fe7374010->c5a5e6b7-bb1e-4cfc-8262-1ca252faf540#47-t1, previous=(t:1, i:13), leaderCommit=10, initializing? false, entries: <empty>
2019-09-16 16:53:44,291 [java.util.concurrent.ThreadPoolExecutor$Worker@2c29679b[State = -1, empty queue]] WARN  server.GrpcLogAppender (GrpcLogAppender.java:timeoutAppendRequest(200)) - b176f217-5116-4f29-ae6c-8c5fe7374010@group-1347CC5D7860->55776132-47ae-4aef-91b7-92633cf48f43-GrpcLogAppender: appendEntries Timeout, request=b176f217-5116-4f29-ae6c-8c5fe7374010->55776132-47ae-4aef-91b7-92633cf48f43#47-t1, previous=(t:1, i:13), leaderCommit=10, initializing? false, entries: <empty>
2019-09-16 16:53:44,645 [grpc-default-executor-4] INFO  client.GrpcClientProtocolClient (GrpcClientProtocolClient.java:onNext(264)) - client-0133849F436F->c5a5e6b7-bb1e-4cfc-8262-1ca252faf540: receive RaftClientReply:client-0133849F436F->c5a5e6b7-bb1e-4cfc-8262-1ca252faf540@group-1347CC5D7860, cid=21, FAILED org.apache.ratis.protocol.NotLeaderException: Server c5a5e6b7-bb1e-4cfc-8262-1ca252faf540@group-1347CC5D7860 is not the leader b176f217-5116-4f29-ae6c-8c5fe7374010:192.168.5.184:36714, logIndex=0, commits[c5a5e6b7-bb1e-4cfc-8262-1ca252faf540:c10, 55776132-47ae-4aef-91b7-92633cf48f43:c6, b176f217-5116-4f29-ae6c-8c5fe7374010:c10]
2019-09-16 16:53:46,793 [java.util.concurrent.ThreadPoolExecutor$Worker@21b2b3ee[State = -1, empty queue]] WARN  server.GrpcLogAppender (GrpcLogAppender.java:timeoutAppendRequest(200)) - b176f217-5116-4f29-ae6c-8c5fe7374010@group-1347CC5D7860->c5a5e6b7-bb1e-4cfc-8262-1ca252faf540-GrpcLogAppender: appendEntries Timeout, request=b176f217-5116-4f29-ae6c-8c5fe7374010->c5a5e6b7-bb1e-4cfc-8262-1ca252faf540#48-t1, previous=(t:1, i:13), leaderCommit=10, initializing? false, entries: <empty>
2019-09-16 16:53:46,793 [java.util.concurrent.ThreadPoolExecutor$Worker@2c29679b[State = -1, empty queue]] WARN  server.GrpcLogAppender (GrpcLogAppender.java:timeoutAppendRequest(200)) - b176f217-5116-4f29-ae6c-8c5fe7374010@group-1347CC5D7860->55776132-47ae-4aef-91b7-92633cf48f43-GrpcLogAppender: appendEntries Timeout, request=b176f217-5116-4f29-ae6c-8c5fe7374010->55776132-47ae-4aef-91b7-92633cf48f43#48-t1, previous=(t:1, i:13), leaderCommit=10, initializing? false, entries: <empty>
2019-09-16 16:53:49,294 [java.util.concurrent.ThreadPoolExecutor$Worker@2c29679b[State = -1, empty queue]] WARN  server.GrpcLogAppender (GrpcLogAppender.java:timeoutAppendRequest(200)) - b176f217-5116-4f29-ae6c-8c5fe7374010@group-1347CC5D7860->55776132-47ae-4aef-91b7-92633cf48f43-GrpcLogAppender: appendEntries Timeout, request=b176f217-5116-4f29-ae6c-8c5fe7374010->55776132-47ae-4aef-91b7-92633cf48f43#49-t1, previous=(t:1, i:13), leaderCommit=10, initializing? false, entries: <empty>
2019-09-16 16:53:49,294 [java.util.concurrent.ThreadPoolExecutor$Worker@21b2b3ee[State = -1, empty queue]] WARN  server.GrpcLogAppender (GrpcLogAppender.java:timeoutAppendRequest(200)) - b176f217-5116-4f29-ae6c-8c5fe7374010@group-1347CC5D7860->c5a5e6b7-bb1e-4cfc-8262-1ca252faf540-GrpcLogAppender: appendEntries Timeout, request=b176f217-5116-4f29-ae6c-8c5fe7374010->c5a5e6b7-bb1e-4cfc-8262-1ca252faf540#49-t1, previous=(t:1, i:13), leaderCommit=10, initializing? false, entries: <empty>
2019-09-16 16:53:49,690 [grpc-default-executor-0] INFO  client.GrpcClientProtocolClient (GrpcClientProtocolClient.java:onNext(264)) - client-0133849F436F->55776132-47ae-4aef-91b7-92633cf48f43: receive RaftClientReply:client-0133849F436F->55776132-47ae-4aef-91b7-92633cf48f43@group-1347CC5D7860, cid=21, FAILED org.apache.ratis.protocol.NotLeaderException: Server 55776132-47ae-4aef-91b7-92633cf48f43@group-1347CC5D7860 is not the leader b176f217-5116-4f29-ae6c-8c5fe7374010:192.168.5.184:36714, logIndex=0, commits[55776132-47ae-4aef-91b7-92633cf48f43:c10, c5a5e6b7-bb1e-4cfc-8262-1ca252faf540:c6, b176f217-5116-4f29-ae6c-8c5fe7374010:c10]
2019-09-16 16:53:51,794 [java.util.concurrent.ThreadPoolExecutor$Worker@2c29679b[State = -1, empty queue]] WARN  server.GrpcLogAppender (GrpcLogAppender.java:timeoutAppendRequest(200)) - b176f217-5116-4f29-ae6c-8c5fe7374010@group-1347CC5D7860->55776132-47ae-4aef-91b7-92633cf48f43-GrpcLogAppender: appendEntries Timeout, request=b176f217-5116-4f29-ae6c-8c5fe7374010->55776132-47ae-4aef-91b7-92633cf48f43#50-t1, previous=(t:1, i:13), leaderCommit=10, initializing? false, entries: <empty>
2019-09-16 16:53:51,794 [java.util.concurrent.ThreadPoolExecutor$Worker@21b2b3ee[State = -1, empty queue]] WARN  server.GrpcLogAppender (GrpcLogAppender.java:timeoutAppendRequest(200)) - b176f217-5116-4f29-ae6c-8c5fe7374010@group-1347CC5D7860->c5a5e6b7-bb1e-4cfc-8262-1ca252faf540-GrpcLogAppender: appendEntries Timeout, request=b176f217-5116-4f29-ae6c-8c5fe7374010->c5a5e6b7-bb1e-4cfc-8262-1ca252faf540#50-t1, previous=(t:1, i:13), leaderCommit=10, initializing? false, entries: <empty>
2019-09-16 16:53:54,012 [b176f217-5116-4f29-ae6c-8c5fe7374010@group-1347CC5D7860-SegmentedRaftLogWorker] WARN  segmented.SegmentedRaftLogWorker (SegmentedRaftLogWorker.java:getFromFuture(90)) - Timeout 8/~
org.apache.ratis.protocol.TimeoutIOException: Timeout 10s: WriteLog:12: (t:1, i:12), STATEMACHINELOGENTRY, client-0133849F436F, cid=22-writeStateMachineData
	at org.apache.ratis.util.IOUtils.getFromFuture(IOUtils.java:87)
	at org.apache.ratis.server.raftlog.segmented.SegmentedRaftLogWorker$StateMachineDataPolicy.getFromFuture(SegmentedRaftLogWorker.java:87)
	at org.apache.ratis.server.raftlog.segmented.SegmentedRaftLogWorker$WriteLog.execute(SegmentedRaftLogWorker.java:477)
	at org.apache.ratis.server.raftlog.segmented.SegmentedRaftLogWorker.run(SegmentedRaftLogWorker.java:289)
	at java.lang.Thread.run(Thread.java:748)
Caused by: java.util.concurrent.TimeoutException
	at java.util.concurrent.CompletableFuture.timedGet(CompletableFuture.java:1771)
	at java.util.concurrent.CompletableFuture.get(CompletableFuture.java:1915)
	at org.apache.ratis.util.IOUtils.getFromFuture(IOUtils.java:79)
	... 4 more
2019-09-16 16:53:54,031 [c5a5e6b7-bb1e-4cfc-8262-1ca252faf540@group-1347CC5D7860-SegmentedRaftLogWorker] WARN  segmented.SegmentedRaftLogWorker (SegmentedRaftLogWorker.java:getFromFuture(90)) - Timeout 8/~
org.apache.ratis.protocol.TimeoutIOException: Timeout 10s: WriteLog:12: (t:1, i:12), STATEMACHINELOGENTRY, client-0133849F436F, cid=22-writeStateMachineData
	at org.apache.ratis.util.IOUtils.getFromFuture(IOUtils.java:87)
	at org.apache.ratis.server.raftlog.segmented.SegmentedRaftLogWorker$StateMachineDataPolicy.getFromFuture(SegmentedRaftLogWorker.java:87)
	at org.apache.ratis.server.raftlog.segmented.SegmentedRaftLogWorker$WriteLog.execute(SegmentedRaftLogWorker.java:477)
	at org.apache.ratis.server.raftlog.segmented.SegmentedRaftLogWorker.run(SegmentedRaftLogWorker.java:289)
	at java.lang.Thread.run(Thread.java:748)
Caused by: java.util.concurrent.TimeoutException
	at java.util.concurrent.CompletableFuture.timedGet(CompletableFuture.java:1771)
	at java.util.concurrent.CompletableFuture.get(CompletableFuture.java:1915)
	at org.apache.ratis.util.IOUtils.getFromFuture(IOUtils.java:79)
	... 4 more
2019-09-16 16:53:54,032 [55776132-47ae-4aef-91b7-92633cf48f43@group-1347CC5D7860-SegmentedRaftLogWorker] WARN  segmented.SegmentedRaftLogWorker (SegmentedRaftLogWorker.java:getFromFuture(90)) - Timeout 8/~
org.apache.ratis.protocol.TimeoutIOException: Timeout 10s: WriteLog:12: (t:1, i:12), STATEMACHINELOGENTRY, client-0133849F436F, cid=22-writeStateMachineData
	at org.apache.ratis.util.IOUtils.getFromFuture(IOUtils.java:87)
	at org.apache.ratis.server.raftlog.segmented.SegmentedRaftLogWorker$StateMachineDataPolicy.getFromFuture(SegmentedRaftLogWorker.java:87)
	at org.apache.ratis.server.raftlog.segmented.SegmentedRaftLogWorker$WriteLog.execute(SegmentedRaftLogWorker.java:477)
	at org.apache.ratis.server.raftlog.segmented.SegmentedRaftLogWorker.run(SegmentedRaftLogWorker.java:289)
	at java.lang.Thread.run(Thread.java:748)
Caused by: java.util.concurrent.TimeoutException
	at java.util.concurrent.CompletableFuture.timedGet(CompletableFuture.java:1771)
	at java.util.concurrent.CompletableFuture.get(CompletableFuture.java:1915)
	at org.apache.ratis.util.IOUtils.getFromFuture(IOUtils.java:79)
	... 4 more
2019-09-16 16:53:54,295 [java.util.concurrent.ThreadPoolExecutor$Worker@2c29679b[State = -1, empty queue]] WARN  server.GrpcLogAppender (GrpcLogAppender.java:timeoutAppendRequest(200)) - b176f217-5116-4f29-ae6c-8c5fe7374010@group-1347CC5D7860->55776132-47ae-4aef-91b7-92633cf48f43-GrpcLogAppender: appendEntries Timeout, request=b176f217-5116-4f29-ae6c-8c5fe7374010->55776132-47ae-4aef-91b7-92633cf48f43#51-t1, previous=(t:1, i:13), leaderCommit=10, initializing? false, entries: <empty>
2019-09-16 16:53:54,295 [java.util.concurrent.ThreadPoolExecutor$Worker@21b2b3ee[State = -1, empty queue]] WARN  server.GrpcLogAppender (GrpcLogAppender.java:timeoutAppendRequest(200)) - b176f217-5116-4f29-ae6c-8c5fe7374010@group-1347CC5D7860->c5a5e6b7-bb1e-4cfc-8262-1ca252faf540-GrpcLogAppender: appendEntries Timeout, request=b176f217-5116-4f29-ae6c-8c5fe7374010->c5a5e6b7-bb1e-4cfc-8262-1ca252faf540#51-t1, previous=(t:1, i:13), leaderCommit=10, initializing? false, entries: <empty>
2019-09-16 16:53:54,730 [grpc-default-executor-0] INFO  client.GrpcClientProtocolClient (GrpcClientProtocolClient.java:onNext(264)) - client-0133849F436F->c5a5e6b7-bb1e-4cfc-8262-1ca252faf540: receive RaftClientReply:client-0133849F436F->c5a5e6b7-bb1e-4cfc-8262-1ca252faf540@group-1347CC5D7860, cid=21, FAILED org.apache.ratis.protocol.NotLeaderException: Server c5a5e6b7-bb1e-4cfc-8262-1ca252faf540@group-1347CC5D7860 is not the leader b176f217-5116-4f29-ae6c-8c5fe7374010:192.168.5.184:36714, logIndex=0, commits[c5a5e6b7-bb1e-4cfc-8262-1ca252faf540:c10, 55776132-47ae-4aef-91b7-92633cf48f43:c6, b176f217-5116-4f29-ae6c-8c5fe7374010:c10]
2019-09-16 16:53:56,795 [java.util.concurrent.ThreadPoolExecutor$Worker@21b2b3ee[State = -1, empty queue]] WARN  server.GrpcLogAppender (GrpcLogAppender.java:timeoutAppendRequest(200)) - b176f217-5116-4f29-ae6c-8c5fe7374010@group-1347CC5D7860->c5a5e6b7-bb1e-4cfc-8262-1ca252faf540-GrpcLogAppender: appendEntries Timeout, request=b176f217-5116-4f29-ae6c-8c5fe7374010->c5a5e6b7-bb1e-4cfc-8262-1ca252faf540#52-t1, previous=(t:1, i:13), leaderCommit=10, initializing? false, entries: <empty>
2019-09-16 16:53:56,795 [java.util.concurrent.ThreadPoolExecutor$Worker@2c29679b[State = -1, empty queue]] WARN  server.GrpcLogAppender (GrpcLogAppender.java:timeoutAppendRequest(200)) - b176f217-5116-4f29-ae6c-8c5fe7374010@group-1347CC5D7860->55776132-47ae-4aef-91b7-92633cf48f43-GrpcLogAppender: appendEntries Timeout, request=b176f217-5116-4f29-ae6c-8c5fe7374010->55776132-47ae-4aef-91b7-92633cf48f43#52-t1, previous=(t:1, i:13), leaderCommit=10, initializing? false, entries: <empty>
2019-09-16 16:53:59,296 [java.util.concurrent.ThreadPoolExecutor$Worker@2c29679b[State = -1, empty queue]] WARN  server.GrpcLogAppender (GrpcLogAppender.java:timeoutAppendRequest(200)) - b176f217-5116-4f29-ae6c-8c5fe7374010@group-1347CC5D7860->55776132-47ae-4aef-91b7-92633cf48f43-GrpcLogAppender: appendEntries Timeout, request=b176f217-5116-4f29-ae6c-8c5fe7374010->55776132-47ae-4aef-91b7-92633cf48f43#53-t1, previous=(t:1, i:13), leaderCommit=10, initializing? false, entries: <empty>
2019-09-16 16:53:59,296 [java.util.concurrent.ThreadPoolExecutor$Worker@21b2b3ee[State = -1, empty queue]] WARN  server.GrpcLogAppender (GrpcLogAppender.java:timeoutAppendRequest(200)) - b176f217-5116-4f29-ae6c-8c5fe7374010@group-1347CC5D7860->c5a5e6b7-bb1e-4cfc-8262-1ca252faf540-GrpcLogAppender: appendEntries Timeout, request=b176f217-5116-4f29-ae6c-8c5fe7374010->c5a5e6b7-bb1e-4cfc-8262-1ca252faf540#53-t1, previous=(t:1, i:13), leaderCommit=10, initializing? false, entries: <empty>
2019-09-16 16:53:59,810 [grpc-default-executor-0] INFO  client.GrpcClientProtocolClient (GrpcClientProtocolClient.java:onNext(264)) - client-0133849F436F->c5a5e6b7-bb1e-4cfc-8262-1ca252faf540: receive RaftClientReply:client-0133849F436F->c5a5e6b7-bb1e-4cfc-8262-1ca252faf540@group-1347CC5D7860, cid=21, FAILED org.apache.ratis.protocol.NotLeaderException: Server c5a5e6b7-bb1e-4cfc-8262-1ca252faf540@group-1347CC5D7860 is not the leader b176f217-5116-4f29-ae6c-8c5fe7374010:192.168.5.184:36714, logIndex=0, commits[c5a5e6b7-bb1e-4cfc-8262-1ca252faf540:c10, 55776132-47ae-4aef-91b7-92633cf48f43:c6, b176f217-5116-4f29-ae6c-8c5fe7374010:c10]
2019-09-16 16:54:01,797 [java.util.concurrent.ThreadPoolExecutor$Worker@2c29679b[State = -1, empty queue]] WARN  server.GrpcLogAppender (GrpcLogAppender.java:timeoutAppendRequest(200)) - b176f217-5116-4f29-ae6c-8c5fe7374010@group-1347CC5D7860->55776132-47ae-4aef-91b7-92633cf48f43-GrpcLogAppender: appendEntries Timeout, request=b176f217-5116-4f29-ae6c-8c5fe7374010->55776132-47ae-4aef-91b7-92633cf48f43#54-t1, previous=(t:1, i:13), leaderCommit=10, initializing? false, entries: <empty>
2019-09-16 16:54:01,797 [java.util.concurrent.ThreadPoolExecutor$Worker@21b2b3ee[State = -1, empty queue]] WARN  server.GrpcLogAppender (GrpcLogAppender.java:timeoutAppendRequest(200)) - b176f217-5116-4f29-ae6c-8c5fe7374010@group-1347CC5D7860->c5a5e6b7-bb1e-4cfc-8262-1ca252faf540-GrpcLogAppender: appendEntries Timeout, request=b176f217-5116-4f29-ae6c-8c5fe7374010->c5a5e6b7-bb1e-4cfc-8262-1ca252faf540#54-t1, previous=(t:1, i:13), leaderCommit=10, initializing? false, entries: <empty>
2019-09-16 16:54:04,013 [b176f217-5116-4f29-ae6c-8c5fe7374010@group-1347CC5D7860-SegmentedRaftLogWorker] WARN  segmented.SegmentedRaftLogWorker (SegmentedRaftLogWorker.java:getFromFuture(90)) - Timeout 9/~
org.apache.ratis.protocol.TimeoutIOException: Timeout 10s: WriteLog:12: (t:1, i:12), STATEMACHINELOGENTRY, client-0133849F436F, cid=22-writeStateMachineData
	at org.apache.ratis.util.IOUtils.getFromFuture(IOUtils.java:87)
	at org.apache.ratis.server.raftlog.segmented.SegmentedRaftLogWorker$StateMachineDataPolicy.getFromFuture(SegmentedRaftLogWorker.java:87)
	at org.apache.ratis.server.raftlog.segmented.SegmentedRaftLogWorker$WriteLog.execute(SegmentedRaftLogWorker.java:477)
	at org.apache.ratis.server.raftlog.segmented.SegmentedRaftLogWorker.run(SegmentedRaftLogWorker.java:289)
	at java.lang.Thread.run(Thread.java:748)
Caused by: java.util.concurrent.TimeoutException
	at java.util.concurrent.CompletableFuture.timedGet(CompletableFuture.java:1771)
	at java.util.concurrent.CompletableFuture.get(CompletableFuture.java:1915)
	at org.apache.ratis.util.IOUtils.getFromFuture(IOUtils.java:79)
	... 4 more
2019-09-16 16:54:04,032 [c5a5e6b7-bb1e-4cfc-8262-1ca252faf540@group-1347CC5D7860-SegmentedRaftLogWorker] WARN  segmented.SegmentedRaftLogWorker (SegmentedRaftLogWorker.java:getFromFuture(90)) - Timeout 9/~
org.apache.ratis.protocol.TimeoutIOException: Timeout 10s: WriteLog:12: (t:1, i:12), STATEMACHINELOGENTRY, client-0133849F436F, cid=22-writeStateMachineData
	at org.apache.ratis.util.IOUtils.getFromFuture(IOUtils.java:87)
	at org.apache.ratis.server.raftlog.segmented.SegmentedRaftLogWorker$StateMachineDataPolicy.getFromFuture(SegmentedRaftLogWorker.java:87)
	at org.apache.ratis.server.raftlog.segmented.SegmentedRaftLogWorker$WriteLog.execute(SegmentedRaftLogWorker.java:477)
	at org.apache.ratis.server.raftlog.segmented.SegmentedRaftLogWorker.run(SegmentedRaftLogWorker.java:289)
	at java.lang.Thread.run(Thread.java:748)
Caused by: java.util.concurrent.TimeoutException
	at java.util.concurrent.CompletableFuture.timedGet(CompletableFuture.java:1771)
	at java.util.concurrent.CompletableFuture.get(CompletableFuture.java:1915)
	at org.apache.ratis.util.IOUtils.getFromFuture(IOUtils.java:79)
	... 4 more
2019-09-16 16:54:04,033 [55776132-47ae-4aef-91b7-92633cf48f43@group-1347CC5D7860-SegmentedRaftLogWorker] WARN  segmented.SegmentedRaftLogWorker (SegmentedRaftLogWorker.java:getFromFuture(90)) - Timeout 9/~
org.apache.ratis.protocol.TimeoutIOException: Timeout 10s: WriteLog:12: (t:1, i:12), STATEMACHINELOGENTRY, client-0133849F436F, cid=22-writeStateMachineData
	at org.apache.ratis.util.IOUtils.getFromFuture(IOUtils.java:87)
	at org.apache.ratis.server.raftlog.segmented.SegmentedRaftLogWorker$StateMachineDataPolicy.getFromFuture(SegmentedRaftLogWorker.java:87)
	at org.apache.ratis.server.raftlog.segmented.SegmentedRaftLogWorker$WriteLog.execute(SegmentedRaftLogWorker.java:477)
	at org.apache.ratis.server.raftlog.segmented.SegmentedRaftLogWorker.run(SegmentedRaftLogWorker.java:289)
	at java.lang.Thread.run(Thread.java:748)
Caused by: java.util.concurrent.TimeoutException
	at java.util.concurrent.CompletableFuture.timedGet(CompletableFuture.java:1771)
	at java.util.concurrent.CompletableFuture.get(CompletableFuture.java:1915)
	at org.apache.ratis.util.IOUtils.getFromFuture(IOUtils.java:79)
	... 4 more
2019-09-16 16:54:04,297 [java.util.concurrent.ThreadPoolExecutor$Worker@21b2b3ee[State = -1, empty queue]] WARN  server.GrpcLogAppender (GrpcLogAppender.java:timeoutAppendRequest(200)) - b176f217-5116-4f29-ae6c-8c5fe7374010@group-1347CC5D7860->c5a5e6b7-bb1e-4cfc-8262-1ca252faf540-GrpcLogAppender: appendEntries Timeout, request=b176f217-5116-4f29-ae6c-8c5fe7374010->c5a5e6b7-bb1e-4cfc-8262-1ca252faf540#55-t1, previous=(t:1, i:13), leaderCommit=10, initializing? false, entries: <empty>
2019-09-16 16:54:04,297 [java.util.concurrent.ThreadPoolExecutor$Worker@2c29679b[State = -1, empty queue]] WARN  server.GrpcLogAppender (GrpcLogAppender.java:timeoutAppendRequest(200)) - b176f217-5116-4f29-ae6c-8c5fe7374010@group-1347CC5D7860->55776132-47ae-4aef-91b7-92633cf48f43-GrpcLogAppender: appendEntries Timeout, request=b176f217-5116-4f29-ae6c-8c5fe7374010->55776132-47ae-4aef-91b7-92633cf48f43#55-t1, previous=(t:1, i:13), leaderCommit=10, initializing? false, entries: <empty>
2019-09-16 16:54:04,867 [grpc-default-executor-3] INFO  client.GrpcClientProtocolClient (GrpcClientProtocolClient.java:onNext(264)) - client-0133849F436F->55776132-47ae-4aef-91b7-92633cf48f43: receive RaftClientReply:client-0133849F436F->55776132-47ae-4aef-91b7-92633cf48f43@group-1347CC5D7860, cid=21, FAILED org.apache.ratis.protocol.NotLeaderException: Server 55776132-47ae-4aef-91b7-92633cf48f43@group-1347CC5D7860 is not the leader b176f217-5116-4f29-ae6c-8c5fe7374010:192.168.5.184:36714, logIndex=0, commits[55776132-47ae-4aef-91b7-92633cf48f43:c10, c5a5e6b7-bb1e-4cfc-8262-1ca252faf540:c6, b176f217-5116-4f29-ae6c-8c5fe7374010:c10]
2019-09-16 16:54:06,799 [java.util.concurrent.ThreadPoolExecutor$Worker@2c29679b[State = -1, empty queue]] WARN  server.GrpcLogAppender (GrpcLogAppender.java:timeoutAppendRequest(200)) - b176f217-5116-4f29-ae6c-8c5fe7374010@group-1347CC5D7860->55776132-47ae-4aef-91b7-92633cf48f43-GrpcLogAppender: appendEntries Timeout, request=b176f217-5116-4f29-ae6c-8c5fe7374010->55776132-47ae-4aef-91b7-92633cf48f43#56-t1, previous=(t:1, i:13), leaderCommit=10, initializing? false, entries: <empty>
2019-09-16 16:54:06,799 [java.util.concurrent.ThreadPoolExecutor$Worker@21b2b3ee[State = -1, empty queue]] WARN  server.GrpcLogAppender (GrpcLogAppender.java:timeoutAppendRequest(200)) - b176f217-5116-4f29-ae6c-8c5fe7374010@group-1347CC5D7860->c5a5e6b7-bb1e-4cfc-8262-1ca252faf540-GrpcLogAppender: appendEntries Timeout, request=b176f217-5116-4f29-ae6c-8c5fe7374010->c5a5e6b7-bb1e-4cfc-8262-1ca252faf540#56-t1, previous=(t:1, i:13), leaderCommit=10, initializing? false, entries: <empty>
2019-09-16 16:54:09,300 [java.util.concurrent.ThreadPoolExecutor$Worker@2c29679b[State = -1, empty queue]] WARN  server.GrpcLogAppender (GrpcLogAppender.java:timeoutAppendRequest(200)) - b176f217-5116-4f29-ae6c-8c5fe7374010@group-1347CC5D7860->55776132-47ae-4aef-91b7-92633cf48f43-GrpcLogAppender: appendEntries Timeout, request=b176f217-5116-4f29-ae6c-8c5fe7374010->55776132-47ae-4aef-91b7-92633cf48f43#57-t1, previous=(t:1, i:13), leaderCommit=10, initializing? false, entries: <empty>
2019-09-16 16:54:09,300 [java.util.concurrent.ThreadPoolExecutor$Worker@21b2b3ee[State = -1, empty queue]] WARN  server.GrpcLogAppender (GrpcLogAppender.java:timeoutAppendRequest(200)) - b176f217-5116-4f29-ae6c-8c5fe7374010@group-1347CC5D7860->c5a5e6b7-bb1e-4cfc-8262-1ca252faf540-GrpcLogAppender: appendEntries Timeout, request=b176f217-5116-4f29-ae6c-8c5fe7374010->c5a5e6b7-bb1e-4cfc-8262-1ca252faf540#57-t1, previous=(t:1, i:13), leaderCommit=10, initializing? false, entries: <empty>
2019-09-16 16:54:09,907 [grpc-default-executor-0] INFO  client.GrpcClientProtocolClient (GrpcClientProtocolClient.java:onNext(264)) - client-0133849F436F->c5a5e6b7-bb1e-4cfc-8262-1ca252faf540: receive RaftClientReply:client-0133849F436F->c5a5e6b7-bb1e-4cfc-8262-1ca252faf540@group-1347CC5D7860, cid=21, FAILED org.apache.ratis.protocol.NotLeaderException: Server c5a5e6b7-bb1e-4cfc-8262-1ca252faf540@group-1347CC5D7860 is not the leader b176f217-5116-4f29-ae6c-8c5fe7374010:192.168.5.184:36714, logIndex=0, commits[c5a5e6b7-bb1e-4cfc-8262-1ca252faf540:c10, 55776132-47ae-4aef-91b7-92633cf48f43:c6, b176f217-5116-4f29-ae6c-8c5fe7374010:c10]
2019-09-16 16:54:11,801 [java.util.concurrent.ThreadPoolExecutor$Worker@2c29679b[State = -1, empty queue]] WARN  server.GrpcLogAppender (GrpcLogAppender.java:timeoutAppendRequest(200)) - b176f217-5116-4f29-ae6c-8c5fe7374010@group-1347CC5D7860->55776132-47ae-4aef-91b7-92633cf48f43-GrpcLogAppender: appendEntries Timeout, request=b176f217-5116-4f29-ae6c-8c5fe7374010->55776132-47ae-4aef-91b7-92633cf48f43#58-t1, previous=(t:1, i:13), leaderCommit=10, initializing? false, entries: <empty>
2019-09-16 16:54:11,801 [java.util.concurrent.ThreadPoolExecutor$Worker@21b2b3ee[State = -1, empty queue]] WARN  server.GrpcLogAppender (GrpcLogAppender.java:timeoutAppendRequest(200)) - b176f217-5116-4f29-ae6c-8c5fe7374010@group-1347CC5D7860->c5a5e6b7-bb1e-4cfc-8262-1ca252faf540-GrpcLogAppender: appendEntries Timeout, request=b176f217-5116-4f29-ae6c-8c5fe7374010->c5a5e6b7-bb1e-4cfc-8262-1ca252faf540#58-t1, previous=(t:1, i:13), leaderCommit=10, initializing? false, entries: <empty>
2019-09-16 16:54:14,015 [b176f217-5116-4f29-ae6c-8c5fe7374010@group-1347CC5D7860-SegmentedRaftLogWorker] WARN  segmented.SegmentedRaftLogWorker (SegmentedRaftLogWorker.java:getFromFuture(90)) - Timeout 10/~
org.apache.ratis.protocol.TimeoutIOException: Timeout 10s: WriteLog:12: (t:1, i:12), STATEMACHINELOGENTRY, client-0133849F436F, cid=22-writeStateMachineData
	at org.apache.ratis.util.IOUtils.getFromFuture(IOUtils.java:87)
	at org.apache.ratis.server.raftlog.segmented.SegmentedRaftLogWorker$StateMachineDataPolicy.getFromFuture(SegmentedRaftLogWorker.java:87)
	at org.apache.ratis.server.raftlog.segmented.SegmentedRaftLogWorker$WriteLog.execute(SegmentedRaftLogWorker.java:477)
	at org.apache.ratis.server.raftlog.segmented.SegmentedRaftLogWorker.run(SegmentedRaftLogWorker.java:289)
	at java.lang.Thread.run(Thread.java:748)
Caused by: java.util.concurrent.TimeoutException
	at java.util.concurrent.CompletableFuture.timedGet(CompletableFuture.java:1771)
	at java.util.concurrent.CompletableFuture.get(CompletableFuture.java:1915)
	at org.apache.ratis.util.IOUtils.getFromFuture(IOUtils.java:79)
	... 4 more
2019-09-16 16:54:14,033 [c5a5e6b7-bb1e-4cfc-8262-1ca252faf540@group-1347CC5D7860-SegmentedRaftLogWorker] WARN  segmented.SegmentedRaftLogWorker (SegmentedRaftLogWorker.java:getFromFuture(90)) - Timeout 10/~
org.apache.ratis.protocol.TimeoutIOException: Timeout 10s: WriteLog:12: (t:1, i:12), STATEMACHINELOGENTRY, client-0133849F436F, cid=22-writeStateMachineData
	at org.apache.ratis.util.IOUtils.getFromFuture(IOUtils.java:87)
	at org.apache.ratis.server.raftlog.segmented.SegmentedRaftLogWorker$StateMachineDataPolicy.getFromFuture(SegmentedRaftLogWorker.java:87)
	at org.apache.ratis.server.raftlog.segmented.SegmentedRaftLogWorker$WriteLog.execute(SegmentedRaftLogWorker.java:477)
	at org.apache.ratis.server.raftlog.segmented.SegmentedRaftLogWorker.run(SegmentedRaftLogWorker.java:289)
	at java.lang.Thread.run(Thread.java:748)
Caused by: java.util.concurrent.TimeoutException
	at java.util.concurrent.CompletableFuture.timedGet(CompletableFuture.java:1771)
	at java.util.concurrent.CompletableFuture.get(CompletableFuture.java:1915)
	at org.apache.ratis.util.IOUtils.getFromFuture(IOUtils.java:79)
	... 4 more
2019-09-16 16:54:14,033 [55776132-47ae-4aef-91b7-92633cf48f43@group-1347CC5D7860-SegmentedRaftLogWorker] WARN  segmented.SegmentedRaftLogWorker (SegmentedRaftLogWorker.java:getFromFuture(90)) - Timeout 10/~
org.apache.ratis.protocol.TimeoutIOException: Timeout 10s: WriteLog:12: (t:1, i:12), STATEMACHINELOGENTRY, client-0133849F436F, cid=22-writeStateMachineData
	at org.apache.ratis.util.IOUtils.getFromFuture(IOUtils.java:87)
	at org.apache.ratis.server.raftlog.segmented.SegmentedRaftLogWorker$StateMachineDataPolicy.getFromFuture(SegmentedRaftLogWorker.java:87)
	at org.apache.ratis.server.raftlog.segmented.SegmentedRaftLogWorker$WriteLog.execute(SegmentedRaftLogWorker.java:477)
	at org.apache.ratis.server.raftlog.segmented.SegmentedRaftLogWorker.run(SegmentedRaftLogWorker.java:289)
	at java.lang.Thread.run(Thread.java:748)
Caused by: java.util.concurrent.TimeoutException
	at java.util.concurrent.CompletableFuture.timedGet(CompletableFuture.java:1771)
	at java.util.concurrent.CompletableFuture.get(CompletableFuture.java:1915)
	at org.apache.ratis.util.IOUtils.getFromFuture(IOUtils.java:79)
	... 4 more
2019-09-16 16:54:14,302 [java.util.concurrent.ThreadPoolExecutor$Worker@21b2b3ee[State = -1, empty queue]] WARN  server.GrpcLogAppender (GrpcLogAppender.java:timeoutAppendRequest(200)) - b176f217-5116-4f29-ae6c-8c5fe7374010@group-1347CC5D7860->c5a5e6b7-bb1e-4cfc-8262-1ca252faf540-GrpcLogAppender: appendEntries Timeout, request=b176f217-5116-4f29-ae6c-8c5fe7374010->c5a5e6b7-bb1e-4cfc-8262-1ca252faf540#59-t1, previous=(t:1, i:13), leaderCommit=10, initializing? false, entries: <empty>
2019-09-16 16:54:14,302 [java.util.concurrent.ThreadPoolExecutor$Worker@2c29679b[State = -1, empty queue]] WARN  server.GrpcLogAppender (GrpcLogAppender.java:timeoutAppendRequest(200)) - b176f217-5116-4f29-ae6c-8c5fe7374010@group-1347CC5D7860->55776132-47ae-4aef-91b7-92633cf48f43-GrpcLogAppender: appendEntries Timeout, request=b176f217-5116-4f29-ae6c-8c5fe7374010->55776132-47ae-4aef-91b7-92633cf48f43#59-t1, previous=(t:1, i:13), leaderCommit=10, initializing? false, entries: <empty>
2019-09-16 16:54:14,948 [grpc-default-executor-4] INFO  client.GrpcClientProtocolClient (GrpcClientProtocolClient.java:onNext(264)) - client-0133849F436F->c5a5e6b7-bb1e-4cfc-8262-1ca252faf540: receive RaftClientReply:client-0133849F436F->c5a5e6b7-bb1e-4cfc-8262-1ca252faf540@group-1347CC5D7860, cid=21, FAILED org.apache.ratis.protocol.NotLeaderException: Server c5a5e6b7-bb1e-4cfc-8262-1ca252faf540@group-1347CC5D7860 is not the leader b176f217-5116-4f29-ae6c-8c5fe7374010:192.168.5.184:36714, logIndex=0, commits[c5a5e6b7-bb1e-4cfc-8262-1ca252faf540:c10, 55776132-47ae-4aef-91b7-92633cf48f43:c6, b176f217-5116-4f29-ae6c-8c5fe7374010:c10]
2019-09-16 16:54:16,803 [java.util.concurrent.ThreadPoolExecutor$Worker@21b2b3ee[State = -1, empty queue]] WARN  server.GrpcLogAppender (GrpcLogAppender.java:timeoutAppendRequest(200)) - b176f217-5116-4f29-ae6c-8c5fe7374010@group-1347CC5D7860->c5a5e6b7-bb1e-4cfc-8262-1ca252faf540-GrpcLogAppender: appendEntries Timeout, request=b176f217-5116-4f29-ae6c-8c5fe7374010->c5a5e6b7-bb1e-4cfc-8262-1ca252faf540#60-t1, previous=(t:1, i:13), leaderCommit=10, initializing? false, entries: <empty>
2019-09-16 16:54:16,803 [java.util.concurrent.ThreadPoolExecutor$Worker@2c29679b[State = -1, empty queue]] WARN  server.GrpcLogAppender (GrpcLogAppender.java:timeoutAppendRequest(200)) - b176f217-5116-4f29-ae6c-8c5fe7374010@group-1347CC5D7860->55776132-47ae-4aef-91b7-92633cf48f43-GrpcLogAppender: appendEntries Timeout, request=b176f217-5116-4f29-ae6c-8c5fe7374010->55776132-47ae-4aef-91b7-92633cf48f43#60-t1, previous=(t:1, i:13), leaderCommit=10, initializing? false, entries: <empty>
2019-09-16 16:54:19,303 [java.util.concurrent.ThreadPoolExecutor$Worker@21b2b3ee[State = -1, empty queue]] WARN  server.GrpcLogAppender (GrpcLogAppender.java:timeoutAppendRequest(200)) - b176f217-5116-4f29-ae6c-8c5fe7374010@group-1347CC5D7860->c5a5e6b7-bb1e-4cfc-8262-1ca252faf540-GrpcLogAppender: appendEntries Timeout, request=b176f217-5116-4f29-ae6c-8c5fe7374010->c5a5e6b7-bb1e-4cfc-8262-1ca252faf540#61-t1, previous=(t:1, i:13), leaderCommit=10, initializing? false, entries: <empty>
2019-09-16 16:54:19,303 [java.util.concurrent.ThreadPoolExecutor$Worker@2c29679b[State = -1, empty queue]] WARN  server.GrpcLogAppender (GrpcLogAppender.java:timeoutAppendRequest(200)) - b176f217-5116-4f29-ae6c-8c5fe7374010@group-1347CC5D7860->55776132-47ae-4aef-91b7-92633cf48f43-GrpcLogAppender: appendEntries Timeout, request=b176f217-5116-4f29-ae6c-8c5fe7374010->55776132-47ae-4aef-91b7-92633cf48f43#61-t1, previous=(t:1, i:13), leaderCommit=10, initializing? false, entries: <empty>
2019-09-16 16:54:20,001 [grpc-default-executor-0] INFO  client.GrpcClientProtocolClient (GrpcClientProtocolClient.java:onNext(264)) - client-0133849F436F->c5a5e6b7-bb1e-4cfc-8262-1ca252faf540: receive RaftClientReply:client-0133849F436F->c5a5e6b7-bb1e-4cfc-8262-1ca252faf540@group-1347CC5D7860, cid=21, FAILED org.apache.ratis.protocol.NotLeaderException: Server c5a5e6b7-bb1e-4cfc-8262-1ca252faf540@group-1347CC5D7860 is not the leader b176f217-5116-4f29-ae6c-8c5fe7374010:192.168.5.184:36714, logIndex=0, commits[c5a5e6b7-bb1e-4cfc-8262-1ca252faf540:c10, 55776132-47ae-4aef-91b7-92633cf48f43:c6, b176f217-5116-4f29-ae6c-8c5fe7374010:c10]
2019-09-16 16:54:21,804 [java.util.concurrent.ThreadPoolExecutor$Worker@21b2b3ee[State = -1, empty queue]] WARN  server.GrpcLogAppender (GrpcLogAppender.java:timeoutAppendRequest(200)) - b176f217-5116-4f29-ae6c-8c5fe7374010@group-1347CC5D7860->c5a5e6b7-bb1e-4cfc-8262-1ca252faf540-GrpcLogAppender: appendEntries Timeout, request=b176f217-5116-4f29-ae6c-8c5fe7374010->c5a5e6b7-bb1e-4cfc-8262-1ca252faf540#62-t1, previous=(t:1, i:13), leaderCommit=10, initializing? false, entries: <empty>
2019-09-16 16:54:21,804 [java.util.concurrent.ThreadPoolExecutor$Worker@2c29679b[State = -1, empty queue]] WARN  server.GrpcLogAppender (GrpcLogAppender.java:timeoutAppendRequest(200)) - b176f217-5116-4f29-ae6c-8c5fe7374010@group-1347CC5D7860->55776132-47ae-4aef-91b7-92633cf48f43-GrpcLogAppender: appendEntries Timeout, request=b176f217-5116-4f29-ae6c-8c5fe7374010->55776132-47ae-4aef-91b7-92633cf48f43#62-t1, previous=(t:1, i:13), leaderCommit=10, initializing? false, entries: <empty>
2019-09-16 16:54:23,847 [org.apache.ratis.server.impl.LogAppender$AppenderDaemon$$Lambda$508/1360433104@3006e326] ERROR ratis.XceiverServerRatis (XceiverServerRatis.java:triggerPipelineClose(575)) - pipeline Action CLOSE  on pipeline PipelineID=00ea61f9-8c6e-42a1-b808-1347cc5d7860.Reason : b176f217-5116-4f29-ae6c-8c5fe7374010 has not seen follower/s 55776132-47ae-4aef-91b7-92633cf48f43 for 120834ms c5a5e6b7-bb1e-4cfc-8262-1ca252faf540 for 120847ms
2019-09-16 16:54:23,847 [org.apache.ratis.server.impl.LogAppender$AppenderDaemon$$Lambda$508/1360433104@52b3dd57] ERROR ratis.XceiverServerRatis (XceiverServerRatis.java:triggerPipelineClose(575)) - pipeline Action CLOSE  on pipeline PipelineID=00ea61f9-8c6e-42a1-b808-1347cc5d7860.Reason : b176f217-5116-4f29-ae6c-8c5fe7374010 has not seen follower/s 55776132-47ae-4aef-91b7-92633cf48f43 for 120834ms c5a5e6b7-bb1e-4cfc-8262-1ca252faf540 for 120847ms
2019-09-16 16:54:24,015 [b176f217-5116-4f29-ae6c-8c5fe7374010@group-1347CC5D7860-SegmentedRaftLogWorker] WARN  segmented.SegmentedRaftLogWorker (SegmentedRaftLogWorker.java:getFromFuture(90)) - Timeout 11/~
org.apache.ratis.protocol.TimeoutIOException: Timeout 10s: WriteLog:12: (t:1, i:12), STATEMACHINELOGENTRY, client-0133849F436F, cid=22-writeStateMachineData
	at org.apache.ratis.util.IOUtils.getFromFuture(IOUtils.java:87)
	at org.apache.ratis.server.raftlog.segmented.SegmentedRaftLogWorker$StateMachineDataPolicy.getFromFuture(SegmentedRaftLogWorker.java:87)
	at org.apache.ratis.server.raftlog.segmented.SegmentedRaftLogWorker$WriteLog.execute(SegmentedRaftLogWorker.java:477)
	at org.apache.ratis.server.raftlog.segmented.SegmentedRaftLogWorker.run(SegmentedRaftLogWorker.java:289)
	at java.lang.Thread.run(Thread.java:748)
Caused by: java.util.concurrent.TimeoutException
	at java.util.concurrent.CompletableFuture.timedGet(CompletableFuture.java:1771)
	at java.util.concurrent.CompletableFuture.get(CompletableFuture.java:1915)
	at org.apache.ratis.util.IOUtils.getFromFuture(IOUtils.java:79)
	... 4 more
2019-09-16 16:54:24,023 [EventQueue-PipelineActionsForPipelineActionHandler] ERROR pipeline.PipelineActionHandler (PipelineActionHandler.java:onMessage(60)) - Received pipeline action CLOSE for Pipeline[ Id: 00ea61f9-8c6e-42a1-b808-1347cc5d7860, Nodes: 55776132-47ae-4aef-91b7-92633cf48f43{ip: 192.168.5.184, host: pr-hdds-2022-qxstf-1422721469, networkLocation: /default-rack, certSerialId: null}b176f217-5116-4f29-ae6c-8c5fe7374010{ip: 192.168.5.184, host: pr-hdds-2022-qxstf-1422721469, networkLocation: /default-rack, certSerialId: null}c5a5e6b7-bb1e-4cfc-8262-1ca252faf540{ip: 192.168.5.184, host: pr-hdds-2022-qxstf-1422721469, networkLocation: /default-rack, certSerialId: null}, Type:RATIS, Factor:THREE, State:OPEN] from datanode b176f217-5116-4f29-ae6c-8c5fe7374010{ip: 192.168.5.184, host: pr-hdds-2022-qxstf-1422721469, networkLocation: /default-rack, certSerialId: null}. Reason : b176f217-5116-4f29-ae6c-8c5fe7374010 has not seen follower/s 55776132-47ae-4aef-91b7-92633cf48f43 for 120834ms c5a5e6b7-bb1e-4cfc-8262-1ca252faf540 for 120847ms
2019-09-16 16:54:24,023 [EventQueue-PipelineActionsForPipelineActionHandler] INFO  pipeline.SCMPipelineManager (SCMPipelineManager.java:finalizeAndDestroyPipeline(311)) - destroying pipeline:Pipeline[ Id: 00ea61f9-8c6e-42a1-b808-1347cc5d7860, Nodes: 55776132-47ae-4aef-91b7-92633cf48f43{ip: 192.168.5.184, host: pr-hdds-2022-qxstf-1422721469, networkLocation: /default-rack, certSerialId: null}b176f217-5116-4f29-ae6c-8c5fe7374010{ip: 192.168.5.184, host: pr-hdds-2022-qxstf-1422721469, networkLocation: /default-rack, certSerialId: null}c5a5e6b7-bb1e-4cfc-8262-1ca252faf540{ip: 192.168.5.184, host: pr-hdds-2022-qxstf-1422721469, networkLocation: /default-rack, certSerialId: null}, Type:RATIS, Factor:THREE, State:OPEN]
2019-09-16 16:54:24,024 [EventQueue-PipelineActionsForPipelineActionHandler] INFO  pipeline.PipelineStateManager (PipelineStateManager.java:finalizePipeline(123)) - Pipeline Pipeline[ Id: 00ea61f9-8c6e-42a1-b808-1347cc5d7860, Nodes: 55776132-47ae-4aef-91b7-92633cf48f43{ip: 192.168.5.184, host: pr-hdds-2022-qxstf-1422721469, networkLocation: /default-rack, certSerialId: null}b176f217-5116-4f29-ae6c-8c5fe7374010{ip: 192.168.5.184, host: pr-hdds-2022-qxstf-1422721469, networkLocation: /default-rack, certSerialId: null}c5a5e6b7-bb1e-4cfc-8262-1ca252faf540{ip: 192.168.5.184, host: pr-hdds-2022-qxstf-1422721469, networkLocation: /default-rack, certSerialId: null}, Type:RATIS, Factor:THREE, State:CLOSED] moved to CLOSED state
2019-09-16 16:54:24,026 [EventQueue-CloseContainerForCloseContainerEventHandler] INFO  container.CloseContainerEventHandler (CloseContainerEventHandler.java:onMessage(61)) - Close container Event triggered for container : #2
2019-09-16 16:54:24,033 [c5a5e6b7-bb1e-4cfc-8262-1ca252faf540@group-1347CC5D7860-SegmentedRaftLogWorker] WARN  segmented.SegmentedRaftLogWorker (SegmentedRaftLogWorker.java:getFromFuture(90)) - Timeout 11/~
org.apache.ratis.protocol.TimeoutIOException: Timeout 10s: WriteLog:12: (t:1, i:12), STATEMACHINELOGENTRY, client-0133849F436F, cid=22-writeStateMachineData
	at org.apache.ratis.util.IOUtils.getFromFuture(IOUtils.java:87)
	at org.apache.ratis.server.raftlog.segmented.SegmentedRaftLogWorker$StateMachineDataPolicy.getFromFuture(SegmentedRaftLogWorker.java:87)
	at org.apache.ratis.server.raftlog.segmented.SegmentedRaftLogWorker$WriteLog.execute(SegmentedRaftLogWorker.java:477)
	at org.apache.ratis.server.raftlog.segmented.SegmentedRaftLogWorker.run(SegmentedRaftLogWorker.java:289)
	at java.lang.Thread.run(Thread.java:748)
Caused by: java.util.concurrent.TimeoutException
	at java.util.concurrent.CompletableFuture.timedGet(CompletableFuture.java:1771)
	at java.util.concurrent.CompletableFuture.get(CompletableFuture.java:1915)
	at org.apache.ratis.util.IOUtils.getFromFuture(IOUtils.java:79)
	... 4 more
2019-09-16 16:54:24,035 [55776132-47ae-4aef-91b7-92633cf48f43@group-1347CC5D7860-SegmentedRaftLogWorker] WARN  segmented.SegmentedRaftLogWorker (SegmentedRaftLogWorker.java:getFromFuture(90)) - Timeout 11/~
org.apache.ratis.protocol.TimeoutIOException: Timeout 10s: WriteLog:12: (t:1, i:12), STATEMACHINELOGENTRY, client-0133849F436F, cid=22-writeStateMachineData
	at org.apache.ratis.util.IOUtils.getFromFuture(IOUtils.java:87)
	at org.apache.ratis.server.raftlog.segmented.SegmentedRaftLogWorker$StateMachineDataPolicy.getFromFuture(SegmentedRaftLogWorker.java:87)
	at org.apache.ratis.server.raftlog.segmented.SegmentedRaftLogWorker$WriteLog.execute(SegmentedRaftLogWorker.java:477)
	at org.apache.ratis.server.raftlog.segmented.SegmentedRaftLogWorker.run(SegmentedRaftLogWorker.java:289)
	at java.lang.Thread.run(Thread.java:748)
Caused by: java.util.concurrent.TimeoutException
	at java.util.concurrent.CompletableFuture.timedGet(CompletableFuture.java:1771)
	at java.util.concurrent.CompletableFuture.get(CompletableFuture.java:1915)
	at org.apache.ratis.util.IOUtils.getFromFuture(IOUtils.java:79)
	... 4 more
2019-09-16 16:54:24,045 [EventQueue-CloseContainerForCloseContainerEventHandler] INFO  container.CloseContainerEventHandler (CloseContainerEventHandler.java:onMessage(61)) - Close container Event triggered for container : #3
2019-09-16 16:54:24,305 [java.util.concurrent.ThreadPoolExecutor$Worker@2c29679b[State = -1, empty queue]] WARN  server.GrpcLogAppender (GrpcLogAppender.java:timeoutAppendRequest(200)) - b176f217-5116-4f29-ae6c-8c5fe7374010@group-1347CC5D7860->55776132-47ae-4aef-91b7-92633cf48f43-GrpcLogAppender: appendEntries Timeout, request=b176f217-5116-4f29-ae6c-8c5fe7374010->55776132-47ae-4aef-91b7-92633cf48f43#63-t1, previous=(t:1, i:13), leaderCommit=10, initializing? false, entries: <empty>
2019-09-16 16:54:24,305 [java.util.concurrent.ThreadPoolExecutor$Worker@21b2b3ee[State = -1, empty queue]] WARN  server.GrpcLogAppender (GrpcLogAppender.java:timeoutAppendRequest(200)) - b176f217-5116-4f29-ae6c-8c5fe7374010@group-1347CC5D7860->c5a5e6b7-bb1e-4cfc-8262-1ca252faf540-GrpcLogAppender: appendEntries Timeout, request=b176f217-5116-4f29-ae6c-8c5fe7374010->c5a5e6b7-bb1e-4cfc-8262-1ca252faf540#63-t1, previous=(t:1, i:13), leaderCommit=10, initializing? false, entries: <empty>
2019-09-16 16:54:25,053 [grpc-default-executor-4] INFO  client.GrpcClientProtocolClient (GrpcClientProtocolClient.java:onNext(264)) - client-0133849F436F->c5a5e6b7-bb1e-4cfc-8262-1ca252faf540: receive RaftClientReply:client-0133849F436F->c5a5e6b7-bb1e-4cfc-8262-1ca252faf540@group-1347CC5D7860, cid=21, FAILED org.apache.ratis.protocol.NotLeaderException: Server c5a5e6b7-bb1e-4cfc-8262-1ca252faf540@group-1347CC5D7860 is not the leader b176f217-5116-4f29-ae6c-8c5fe7374010:192.168.5.184:36714, logIndex=0, commits[c5a5e6b7-bb1e-4cfc-8262-1ca252faf540:c10, 55776132-47ae-4aef-91b7-92633cf48f43:c6, b176f217-5116-4f29-ae6c-8c5fe7374010:c10]
2019-09-16 16:54:26,306 [org.apache.ratis.server.impl.LogAppender$AppenderDaemon$$Lambda$508/1360433104@52b3dd57] ERROR ratis.XceiverServerRatis (XceiverServerRatis.java:triggerPipelineClose(575)) - pipeline Action CLOSE  on pipeline PipelineID=00ea61f9-8c6e-42a1-b808-1347cc5d7860.Reason : b176f217-5116-4f29-ae6c-8c5fe7374010 has not seen follower/s 55776132-47ae-4aef-91b7-92633cf48f43 for 123320ms c5a5e6b7-bb1e-4cfc-8262-1ca252faf540 for 123331ms
2019-09-16 16:54:26,306 [org.apache.ratis.server.impl.LogAppender$AppenderDaemon$$Lambda$508/1360433104@3006e326] ERROR ratis.XceiverServerRatis (XceiverServerRatis.java:triggerPipelineClose(575)) - pipeline Action CLOSE  on pipeline PipelineID=00ea61f9-8c6e-42a1-b808-1347cc5d7860.Reason : b176f217-5116-4f29-ae6c-8c5fe7374010 has not seen follower/s 55776132-47ae-4aef-91b7-92633cf48f43 for 123321ms c5a5e6b7-bb1e-4cfc-8262-1ca252faf540 for 123332ms
2019-09-16 16:54:26,805 [java.util.concurrent.ThreadPoolExecutor$Worker@21b2b3ee[State = -1, empty queue]] WARN  server.GrpcLogAppender (GrpcLogAppender.java:timeoutAppendRequest(200)) - b176f217-5116-4f29-ae6c-8c5fe7374010@group-1347CC5D7860->c5a5e6b7-bb1e-4cfc-8262-1ca252faf540-GrpcLogAppender: appendEntries Timeout, request=b176f217-5116-4f29-ae6c-8c5fe7374010->c5a5e6b7-bb1e-4cfc-8262-1ca252faf540#64-t1, previous=(t:1, i:13), leaderCommit=10, initializing? false, entries: <empty>
2019-09-16 16:54:26,805 [java.util.concurrent.ThreadPoolExecutor$Worker@2c29679b[State = -1, empty queue]] WARN  server.GrpcLogAppender (GrpcLogAppender.java:timeoutAppendRequest(200)) - b176f217-5116-4f29-ae6c-8c5fe7374010@group-1347CC5D7860->55776132-47ae-4aef-91b7-92633cf48f43-GrpcLogAppender: appendEntries Timeout, request=b176f217-5116-4f29-ae6c-8c5fe7374010->55776132-47ae-4aef-91b7-92633cf48f43#64-t1, previous=(t:1, i:13), leaderCommit=10, initializing? false, entries: <empty>
2019-09-16 16:54:27,017 [EventQueue-PipelineActionsForPipelineActionHandler] ERROR pipeline.PipelineActionHandler (PipelineActionHandler.java:onMessage(60)) - Received pipeline action CLOSE for Pipeline[ Id: 00ea61f9-8c6e-42a1-b808-1347cc5d7860, Nodes: 55776132-47ae-4aef-91b7-92633cf48f43{ip: 192.168.5.184, host: pr-hdds-2022-qxstf-1422721469, networkLocation: /default-rack, certSerialId: null}b176f217-5116-4f29-ae6c-8c5fe7374010{ip: 192.168.5.184, host: pr-hdds-2022-qxstf-1422721469, networkLocation: /default-rack, certSerialId: null}c5a5e6b7-bb1e-4cfc-8262-1ca252faf540{ip: 192.168.5.184, host: pr-hdds-2022-qxstf-1422721469, networkLocation: /default-rack, certSerialId: null}, Type:RATIS, Factor:THREE, State:CLOSED] from datanode b176f217-5116-4f29-ae6c-8c5fe7374010{ip: 192.168.5.184, host: pr-hdds-2022-qxstf-1422721469, networkLocation: /default-rack, certSerialId: null}. Reason : b176f217-5116-4f29-ae6c-8c5fe7374010 has not seen follower/s 55776132-47ae-4aef-91b7-92633cf48f43 for 123320ms c5a5e6b7-bb1e-4cfc-8262-1ca252faf540 for 123331ms
2019-09-16 16:54:27,017 [EventQueue-PipelineActionsForPipelineActionHandler] INFO  pipeline.SCMPipelineManager (SCMPipelineManager.java:finalizeAndDestroyPipeline(311)) - destroying pipeline:Pipeline[ Id: 00ea61f9-8c6e-42a1-b808-1347cc5d7860, Nodes: 55776132-47ae-4aef-91b7-92633cf48f43{ip: 192.168.5.184, host: pr-hdds-2022-qxstf-1422721469, networkLocation: /default-rack, certSerialId: null}b176f217-5116-4f29-ae6c-8c5fe7374010{ip: 192.168.5.184, host: pr-hdds-2022-qxstf-1422721469, networkLocation: /default-rack, certSerialId: null}c5a5e6b7-bb1e-4cfc-8262-1ca252faf540{ip: 192.168.5.184, host: pr-hdds-2022-qxstf-1422721469, networkLocation: /default-rack, certSerialId: null}, Type:RATIS, Factor:THREE, State:CLOSED]
2019-09-16 16:54:27,053 [org.apache.ratis.server.impl.LogAppender$AppenderDaemon$$Lambda$508/1360433104@3006e326] ERROR ratis.XceiverServerRatis (XceiverServerRatis.java:triggerPipelineClose(575)) - pipeline Action CLOSE  on pipeline PipelineID=00ea61f9-8c6e-42a1-b808-1347cc5d7860.Reason : b176f217-5116-4f29-ae6c-8c5fe7374010 has not seen follower/s 55776132-47ae-4aef-91b7-92633cf48f43 for 124068ms c5a5e6b7-bb1e-4cfc-8262-1ca252faf540 for 124079ms
2019-09-16 16:54:27,053 [org.apache.ratis.server.impl.LogAppender$AppenderDaemon$$Lambda$508/1360433104@52b3dd57] ERROR ratis.XceiverServerRatis (XceiverServerRatis.java:triggerPipelineClose(575)) - pipeline Action CLOSE  on pipeline PipelineID=00ea61f9-8c6e-42a1-b808-1347cc5d7860.Reason : b176f217-5116-4f29-ae6c-8c5fe7374010 has not seen follower/s 55776132-47ae-4aef-91b7-92633cf48f43 for 124068ms c5a5e6b7-bb1e-4cfc-8262-1ca252faf540 for 124079ms
2019-09-16 16:54:28,052 [EventQueue-PipelineActionsForPipelineActionHandler] ERROR pipeline.PipelineActionHandler (PipelineActionHandler.java:onMessage(60)) - Received pipeline action CLOSE for Pipeline[ Id: 00ea61f9-8c6e-42a1-b808-1347cc5d7860, Nodes: 55776132-47ae-4aef-91b7-92633cf48f43{ip: 192.168.5.184, host: pr-hdds-2022-qxstf-1422721469, networkLocation: /default-rack, certSerialId: null}b176f217-5116-4f29-ae6c-8c5fe7374010{ip: 192.168.5.184, host: pr-hdds-2022-qxstf-1422721469, networkLocation: /default-rack, certSerialId: null}c5a5e6b7-bb1e-4cfc-8262-1ca252faf540{ip: 192.168.5.184, host: pr-hdds-2022-qxstf-1422721469, networkLocation: /default-rack, certSerialId: null}, Type:RATIS, Factor:THREE, State:CLOSED] from datanode b176f217-5116-4f29-ae6c-8c5fe7374010{ip: 192.168.5.184, host: pr-hdds-2022-qxstf-1422721469, networkLocation: /default-rack, certSerialId: null}. Reason : b176f217-5116-4f29-ae6c-8c5fe7374010 has not seen follower/s 55776132-47ae-4aef-91b7-92633cf48f43 for 124068ms c5a5e6b7-bb1e-4cfc-8262-1ca252faf540 for 124079ms
2019-09-16 16:54:28,053 [EventQueue-PipelineActionsForPipelineActionHandler] INFO  pipeline.SCMPipelineManager (SCMPipelineManager.java:finalizeAndDestroyPipeline(311)) - destroying pipeline:Pipeline[ Id: 00ea61f9-8c6e-42a1-b808-1347cc5d7860, Nodes: 55776132-47ae-4aef-91b7-92633cf48f43{ip: 192.168.5.184, host: pr-hdds-2022-qxstf-1422721469, networkLocation: /default-rack, certSerialId: null}b176f217-5116-4f29-ae6c-8c5fe7374010{ip: 192.168.5.184, host: pr-hdds-2022-qxstf-1422721469, networkLocation: /default-rack, certSerialId: null}c5a5e6b7-bb1e-4cfc-8262-1ca252faf540{ip: 192.168.5.184, host: pr-hdds-2022-qxstf-1422721469, networkLocation: /default-rack, certSerialId: null}, Type:RATIS, Factor:THREE, State:CLOSED]
2019-09-16 16:54:29,306 [java.util.concurrent.ThreadPoolExecutor$Worker@21b2b3ee[State = -1, empty queue]] WARN  server.GrpcLogAppender (GrpcLogAppender.java:timeoutAppendRequest(200)) - b176f217-5116-4f29-ae6c-8c5fe7374010@group-1347CC5D7860->c5a5e6b7-bb1e-4cfc-8262-1ca252faf540-GrpcLogAppender: appendEntries Timeout, request=b176f217-5116-4f29-ae6c-8c5fe7374010->c5a5e6b7-bb1e-4cfc-8262-1ca252faf540#65-t1, previous=(t:1, i:13), leaderCommit=10, initializing? false, entries: <empty>
2019-09-16 16:54:29,316 [java.util.concurrent.ThreadPoolExecutor$Worker@2c29679b[State = -1, empty queue]] WARN  server.GrpcLogAppender (GrpcLogAppender.java:timeoutAppendRequest(200)) - b176f217-5116-4f29-ae6c-8c5fe7374010@group-1347CC5D7860->55776132-47ae-4aef-91b7-92633cf48f43-GrpcLogAppender: appendEntries Timeout, request=b176f217-5116-4f29-ae6c-8c5fe7374010->55776132-47ae-4aef-91b7-92633cf48f43#65-t1, previous=(t:1, i:13), leaderCommit=10, initializing? false, entries: <empty>
2019-09-16 16:54:29,554 [org.apache.ratis.server.impl.LogAppender$AppenderDaemon$$Lambda$508/1360433104@52b3dd57] ERROR ratis.XceiverServerRatis (XceiverServerRatis.java:triggerPipelineClose(575)) - pipeline Action CLOSE  on pipeline PipelineID=00ea61f9-8c6e-42a1-b808-1347cc5d7860.Reason : b176f217-5116-4f29-ae6c-8c5fe7374010 has not seen follower/s 55776132-47ae-4aef-91b7-92633cf48f43 for 126568ms c5a5e6b7-bb1e-4cfc-8262-1ca252faf540 for 126579ms
2019-09-16 16:54:29,554 [org.apache.ratis.server.impl.LogAppender$AppenderDaemon$$Lambda$508/1360433104@3006e326] ERROR ratis.XceiverServerRatis (XceiverServerRatis.java:triggerPipelineClose(575)) - pipeline Action CLOSE  on pipeline PipelineID=00ea61f9-8c6e-42a1-b808-1347cc5d7860.Reason : b176f217-5116-4f29-ae6c-8c5fe7374010 has not seen follower/s 55776132-47ae-4aef-91b7-92633cf48f43 for 126568ms c5a5e6b7-bb1e-4cfc-8262-1ca252faf540 for 126579ms
2019-09-16 16:54:30,052 [EventQueue-PipelineActionsForPipelineActionHandler] ERROR pipeline.PipelineActionHandler (PipelineActionHandler.java:onMessage(60)) - Received pipeline action CLOSE for Pipeline[ Id: 00ea61f9-8c6e-42a1-b808-1347cc5d7860, Nodes: 55776132-47ae-4aef-91b7-92633cf48f43{ip: 192.168.5.184, host: pr-hdds-2022-qxstf-1422721469, networkLocation: /default-rack, certSerialId: null}b176f217-5116-4f29-ae6c-8c5fe7374010{ip: 192.168.5.184, host: pr-hdds-2022-qxstf-1422721469, networkLocation: /default-rack, certSerialId: null}c5a5e6b7-bb1e-4cfc-8262-1ca252faf540{ip: 192.168.5.184, host: pr-hdds-2022-qxstf-1422721469, networkLocation: /default-rack, certSerialId: null}, Type:RATIS, Factor:THREE, State:CLOSED] from datanode b176f217-5116-4f29-ae6c-8c5fe7374010{ip: 192.168.5.184, host: pr-hdds-2022-qxstf-1422721469, networkLocation: /default-rack, certSerialId: null}. Reason : b176f217-5116-4f29-ae6c-8c5fe7374010 has not seen follower/s 55776132-47ae-4aef-91b7-92633cf48f43 for 126568ms c5a5e6b7-bb1e-4cfc-8262-1ca252faf540 for 126579ms
2019-09-16 16:54:30,052 [EventQueue-PipelineActionsForPipelineActionHandler] INFO  pipeline.SCMPipelineManager (SCMPipelineManager.java:finalizeAndDestroyPipeline(311)) - destroying pipeline:Pipeline[ Id: 00ea61f9-8c6e-42a1-b808-1347cc5d7860, Nodes: 55776132-47ae-4aef-91b7-92633cf48f43{ip: 192.168.5.184, host: pr-hdds-2022-qxstf-1422721469, networkLocation: /default-rack, certSerialId: null}b176f217-5116-4f29-ae6c-8c5fe7374010{ip: 192.168.5.184, host: pr-hdds-2022-qxstf-1422721469, networkLocation: /default-rack, certSerialId: null}c5a5e6b7-bb1e-4cfc-8262-1ca252faf540{ip: 192.168.5.184, host: pr-hdds-2022-qxstf-1422721469, networkLocation: /default-rack, certSerialId: null}, Type:RATIS, Factor:THREE, State:CLOSED]
2019-09-16 16:54:30,053 [java.util.concurrent.ThreadPoolExecutor$Worker@21b2b3ee[State = -1, empty queue]] WARN  server.GrpcLogAppender (GrpcLogAppender.java:timeoutAppendRequest(200)) - b176f217-5116-4f29-ae6c-8c5fe7374010@group-1347CC5D7860->c5a5e6b7-bb1e-4cfc-8262-1ca252faf540-GrpcLogAppender: appendEntries Timeout, request=b176f217-5116-4f29-ae6c-8c5fe7374010->c5a5e6b7-bb1e-4cfc-8262-1ca252faf540#66-t1, previous=(t:1, i:13), leaderCommit=10, initializing? false, entries: size=1, first=(t:1, i:14), STATEMACHINELOGENTRY, client-391478254385, cid=2
2019-09-16 16:54:30,053 [java.util.concurrent.ThreadPoolExecutor$Worker@2c29679b[State = -1, empty queue]] WARN  server.GrpcLogAppender (GrpcLogAppender.java:timeoutAppendRequest(200)) - b176f217-5116-4f29-ae6c-8c5fe7374010@group-1347CC5D7860->55776132-47ae-4aef-91b7-92633cf48f43-GrpcLogAppender: appendEntries Timeout, request=b176f217-5116-4f29-ae6c-8c5fe7374010->55776132-47ae-4aef-91b7-92633cf48f43#66-t1, previous=(t:1, i:13), leaderCommit=10, initializing? false, entries: size=1, first=(t:1, i:14), STATEMACHINELOGENTRY, client-391478254385, cid=2
2019-09-16 16:54:30,088 [grpc-default-executor-4] INFO  client.GrpcClientProtocolClient (GrpcClientProtocolClient.java:onNext(264)) - client-0133849F436F->c5a5e6b7-bb1e-4cfc-8262-1ca252faf540: receive RaftClientReply:client-0133849F436F->c5a5e6b7-bb1e-4cfc-8262-1ca252faf540@group-1347CC5D7860, cid=21, FAILED org.apache.ratis.protocol.NotLeaderException: Server c5a5e6b7-bb1e-4cfc-8262-1ca252faf540@group-1347CC5D7860 is not the leader b176f217-5116-4f29-ae6c-8c5fe7374010:192.168.5.184:36714, logIndex=0, commits[c5a5e6b7-bb1e-4cfc-8262-1ca252faf540:c10, 55776132-47ae-4aef-91b7-92633cf48f43:c6, b176f217-5116-4f29-ae6c-8c5fe7374010:c10]
2019-09-16 16:54:32,055 [org.apache.ratis.server.impl.LogAppender$AppenderDaemon$$Lambda$508/1360433104@52b3dd57] ERROR ratis.XceiverServerRatis (XceiverServerRatis.java:triggerPipelineClose(575)) - pipeline Action CLOSE  on pipeline PipelineID=00ea61f9-8c6e-42a1-b808-1347cc5d7860.Reason : b176f217-5116-4f29-ae6c-8c5fe7374010 has not seen follower/s 55776132-47ae-4aef-91b7-92633cf48f43 for 129069ms c5a5e6b7-bb1e-4cfc-8262-1ca252faf540 for 129080ms
2019-09-16 16:54:32,055 [org.apache.ratis.server.impl.LogAppender$AppenderDaemon$$Lambda$508/1360433104@3006e326] ERROR ratis.XceiverServerRatis (XceiverServerRatis.java:triggerPipelineClose(575)) - pipeline Action CLOSE  on pipeline PipelineID=00ea61f9-8c6e-42a1-b808-1347cc5d7860.Reason : b176f217-5116-4f29-ae6c-8c5fe7374010 has not seen follower/s 55776132-47ae-4aef-91b7-92633cf48f43 for 129069ms c5a5e6b7-bb1e-4cfc-8262-1ca252faf540 for 129080ms
2019-09-16 16:54:32,554 [java.util.concurrent.ThreadPoolExecutor$Worker@21b2b3ee[State = -1, empty queue]] WARN  server.GrpcLogAppender (GrpcLogAppender.java:timeoutAppendRequest(200)) - b176f217-5116-4f29-ae6c-8c5fe7374010@group-1347CC5D7860->c5a5e6b7-bb1e-4cfc-8262-1ca252faf540-GrpcLogAppender: appendEntries Timeout, request=b176f217-5116-4f29-ae6c-8c5fe7374010->c5a5e6b7-bb1e-4cfc-8262-1ca252faf540#67-t1, previous=(t:1, i:14), leaderCommit=10, initializing? false, entries: <empty>
2019-09-16 16:54:32,554 [java.util.concurrent.ThreadPoolExecutor$Worker@2c29679b[State = -1, empty queue]] WARN  server.GrpcLogAppender (GrpcLogAppender.java:timeoutAppendRequest(200)) - b176f217-5116-4f29-ae6c-8c5fe7374010@group-1347CC5D7860->55776132-47ae-4aef-91b7-92633cf48f43-GrpcLogAppender: appendEntries Timeout, request=b176f217-5116-4f29-ae6c-8c5fe7374010->55776132-47ae-4aef-91b7-92633cf48f43#67-t1, previous=(t:1, i:14), leaderCommit=10, initializing? false, entries: <empty>
2019-09-16 16:54:33,052 [EventQueue-PipelineActionsForPipelineActionHandler] ERROR pipeline.PipelineActionHandler (PipelineActionHandler.java:onMessage(60)) - Received pipeline action CLOSE for Pipeline[ Id: 00ea61f9-8c6e-42a1-b808-1347cc5d7860, Nodes: 55776132-47ae-4aef-91b7-92633cf48f43{ip: 192.168.5.184, host: pr-hdds-2022-qxstf-1422721469, networkLocation: /default-rack, certSerialId: null}b176f217-5116-4f29-ae6c-8c5fe7374010{ip: 192.168.5.184, host: pr-hdds-2022-qxstf-1422721469, networkLocation: /default-rack, certSerialId: null}c5a5e6b7-bb1e-4cfc-8262-1ca252faf540{ip: 192.168.5.184, host: pr-hdds-2022-qxstf-1422721469, networkLocation: /default-rack, certSerialId: null}, Type:RATIS, Factor:THREE, State:CLOSED] from datanode b176f217-5116-4f29-ae6c-8c5fe7374010{ip: 192.168.5.184, host: pr-hdds-2022-qxstf-1422721469, networkLocation: /default-rack, certSerialId: null}. Reason : b176f217-5116-4f29-ae6c-8c5fe7374010 has not seen follower/s 55776132-47ae-4aef-91b7-92633cf48f43 for 129069ms c5a5e6b7-bb1e-4cfc-8262-1ca252faf540 for 129080ms
2019-09-16 16:54:33,052 [EventQueue-PipelineActionsForPipelineActionHandler] INFO  pipeline.SCMPipelineManager (SCMPipelineManager.java:finalizeAndDestroyPipeline(311)) - destroying pipeline:Pipeline[ Id: 00ea61f9-8c6e-42a1-b808-1347cc5d7860, Nodes: 55776132-47ae-4aef-91b7-92633cf48f43{ip: 192.168.5.184, host: pr-hdds-2022-qxstf-1422721469, networkLocation: /default-rack, certSerialId: null}b176f217-5116-4f29-ae6c-8c5fe7374010{ip: 192.168.5.184, host: pr-hdds-2022-qxstf-1422721469, networkLocation: /default-rack, certSerialId: null}c5a5e6b7-bb1e-4cfc-8262-1ca252faf540{ip: 192.168.5.184, host: pr-hdds-2022-qxstf-1422721469, networkLocation: /default-rack, certSerialId: null}, Type:RATIS, Factor:THREE, State:CLOSED]
2019-09-16 16:54:34,020 [b176f217-5116-4f29-ae6c-8c5fe7374010@group-1347CC5D7860-SegmentedRaftLogWorker] WARN  segmented.SegmentedRaftLogWorker (SegmentedRaftLogWorker.java:getFromFuture(90)) - Timeout 12/~
org.apache.ratis.protocol.TimeoutIOException: Timeout 10s: WriteLog:12: (t:1, i:12), STATEMACHINELOGENTRY, client-0133849F436F, cid=22-writeStateMachineData
	at org.apache.ratis.util.IOUtils.getFromFuture(IOUtils.java:87)
	at org.apache.ratis.server.raftlog.segmented.SegmentedRaftLogWorker$StateMachineDataPolicy.getFromFuture(SegmentedRaftLogWorker.java:87)
	at org.apache.ratis.server.raftlog.segmented.SegmentedRaftLogWorker$WriteLog.execute(SegmentedRaftLogWorker.java:477)
	at org.apache.ratis.server.raftlog.segmented.SegmentedRaftLogWorker.run(SegmentedRaftLogWorker.java:289)
	at java.lang.Thread.run(Thread.java:748)
Caused by: java.util.concurrent.TimeoutException
	at java.util.concurrent.CompletableFuture.timedGet(CompletableFuture.java:1771)
	at java.util.concurrent.CompletableFuture.get(CompletableFuture.java:1915)
	at org.apache.ratis.util.IOUtils.getFromFuture(IOUtils.java:79)
	... 4 more
2019-09-16 16:54:34,035 [c5a5e6b7-bb1e-4cfc-8262-1ca252faf540@group-1347CC5D7860-SegmentedRaftLogWorker] WARN  segmented.SegmentedRaftLogWorker (SegmentedRaftLogWorker.java:getFromFuture(90)) - Timeout 12/~
org.apache.ratis.protocol.TimeoutIOException: Timeout 10s: WriteLog:12: (t:1, i:12), STATEMACHINELOGENTRY, client-0133849F436F, cid=22-writeStateMachineData
	at org.apache.ratis.util.IOUtils.getFromFuture(IOUtils.java:87)
	at org.apache.ratis.server.raftlog.segmented.SegmentedRaftLogWorker$StateMachineDataPolicy.getFromFuture(SegmentedRaftLogWorker.java:87)
	at org.apache.ratis.server.raftlog.segmented.SegmentedRaftLogWorker$WriteLog.execute(SegmentedRaftLogWorker.java:477)
	at org.apache.ratis.server.raftlog.segmented.SegmentedRaftLogWorker.run(SegmentedRaftLogWorker.java:289)
	at java.lang.Thread.run(Thread.java:748)
Caused by: java.util.concurrent.TimeoutException
	at java.util.concurrent.CompletableFuture.timedGet(CompletableFuture.java:1771)
	at java.util.concurrent.CompletableFuture.get(CompletableFuture.java:1915)
	at org.apache.ratis.util.IOUtils.getFromFuture(IOUtils.java:79)
	... 4 more
2019-09-16 16:54:34,037 [55776132-47ae-4aef-91b7-92633cf48f43@group-1347CC5D7860-SegmentedRaftLogWorker] WARN  segmented.SegmentedRaftLogWorker (SegmentedRaftLogWorker.java:getFromFuture(90)) - Timeout 12/~
org.apache.ratis.protocol.TimeoutIOException: Timeout 10s: WriteLog:12: (t:1, i:12), STATEMACHINELOGENTRY, client-0133849F436F, cid=22-writeStateMachineData
	at org.apache.ratis.util.IOUtils.getFromFuture(IOUtils.java:87)
	at org.apache.ratis.server.raftlog.segmented.SegmentedRaftLogWorker$StateMachineDataPolicy.getFromFuture(SegmentedRaftLogWorker.java:87)
	at org.apache.ratis.server.raftlog.segmented.SegmentedRaftLogWorker$WriteLog.execute(SegmentedRaftLogWorker.java:477)
	at org.apache.ratis.server.raftlog.segmented.SegmentedRaftLogWorker.run(SegmentedRaftLogWorker.java:289)
	at java.lang.Thread.run(Thread.java:748)
Caused by: java.util.concurrent.TimeoutException
	at java.util.concurrent.CompletableFuture.timedGet(CompletableFuture.java:1771)
	at java.util.concurrent.CompletableFuture.get(CompletableFuture.java:1915)
	at org.apache.ratis.util.IOUtils.getFromFuture(IOUtils.java:79)
	... 4 more
2019-09-16 16:54:34,556 [org.apache.ratis.server.impl.LogAppender$AppenderDaemon$$Lambda$508/1360433104@3006e326] ERROR ratis.XceiverServerRatis (XceiverServerRatis.java:triggerPipelineClose(575)) - pipeline Action CLOSE  on pipeline PipelineID=00ea61f9-8c6e-42a1-b808-1347cc5d7860.Reason : b176f217-5116-4f29-ae6c-8c5fe7374010 has not seen follower/s 55776132-47ae-4aef-91b7-92633cf48f43 for 131570ms c5a5e6b7-bb1e-4cfc-8262-1ca252faf540 for 131581ms
2019-09-16 16:54:34,556 [org.apache.ratis.server.impl.LogAppender$AppenderDaemon$$Lambda$508/1360433104@52b3dd57] ERROR ratis.XceiverServerRatis (XceiverServerRatis.java:triggerPipelineClose(575)) - pipeline Action CLOSE  on pipeline PipelineID=00ea61f9-8c6e-42a1-b808-1347cc5d7860.Reason : b176f217-5116-4f29-ae6c-8c5fe7374010 has not seen follower/s 55776132-47ae-4aef-91b7-92633cf48f43 for 131571ms c5a5e6b7-bb1e-4cfc-8262-1ca252faf540 for 131581ms
2019-09-16 16:54:35,052 [EventQueue-PipelineActionsForPipelineActionHandler] ERROR pipeline.PipelineActionHandler (PipelineActionHandler.java:onMessage(60)) - Received pipeline action CLOSE for Pipeline[ Id: 00ea61f9-8c6e-42a1-b808-1347cc5d7860, Nodes: 55776132-47ae-4aef-91b7-92633cf48f43{ip: 192.168.5.184, host: pr-hdds-2022-qxstf-1422721469, networkLocation: /default-rack, certSerialId: null}b176f217-5116-4f29-ae6c-8c5fe7374010{ip: 192.168.5.184, host: pr-hdds-2022-qxstf-1422721469, networkLocation: /default-rack, certSerialId: null}c5a5e6b7-bb1e-4cfc-8262-1ca252faf540{ip: 192.168.5.184, host: pr-hdds-2022-qxstf-1422721469, networkLocation: /default-rack, certSerialId: null}, Type:RATIS, Factor:THREE, State:CLOSED] from datanode b176f217-5116-4f29-ae6c-8c5fe7374010{ip: 192.168.5.184, host: pr-hdds-2022-qxstf-1422721469, networkLocation: /default-rack, certSerialId: null}. Reason : b176f217-5116-4f29-ae6c-8c5fe7374010 has not seen follower/s 55776132-47ae-4aef-91b7-92633cf48f43 for 131570ms c5a5e6b7-bb1e-4cfc-8262-1ca252faf540 for 131581ms
2019-09-16 16:54:35,052 [EventQueue-PipelineActionsForPipelineActionHandler] INFO  pipeline.SCMPipelineManager (SCMPipelineManager.java:finalizeAndDestroyPipeline(311)) - destroying pipeline:Pipeline[ Id: 00ea61f9-8c6e-42a1-b808-1347cc5d7860, Nodes: 55776132-47ae-4aef-91b7-92633cf48f43{ip: 192.168.5.184, host: pr-hdds-2022-qxstf-1422721469, networkLocation: /default-rack, certSerialId: null}b176f217-5116-4f29-ae6c-8c5fe7374010{ip: 192.168.5.184, host: pr-hdds-2022-qxstf-1422721469, networkLocation: /default-rack, certSerialId: null}c5a5e6b7-bb1e-4cfc-8262-1ca252faf540{ip: 192.168.5.184, host: pr-hdds-2022-qxstf-1422721469, networkLocation: /default-rack, certSerialId: null}, Type:RATIS, Factor:THREE, State:CLOSED]
2019-09-16 16:54:35,055 [java.util.concurrent.ThreadPoolExecutor$Worker@21b2b3ee[State = -1, empty queue]] WARN  server.GrpcLogAppender (GrpcLogAppender.java:timeoutAppendRequest(200)) - b176f217-5116-4f29-ae6c-8c5fe7374010@group-1347CC5D7860->c5a5e6b7-bb1e-4cfc-8262-1ca252faf540-GrpcLogAppender: appendEntries Timeout, request=b176f217-5116-4f29-ae6c-8c5fe7374010->c5a5e6b7-bb1e-4cfc-8262-1ca252faf540#68-t1, previous=(t:1, i:14), leaderCommit=10, initializing? false, entries: <empty>
2019-09-16 16:54:35,058 [java.util.concurrent.ThreadPoolExecutor$Worker@2c29679b[State = -1, empty queue]] WARN  server.GrpcLogAppender (GrpcLogAppender.java:timeoutAppendRequest(200)) - b176f217-5116-4f29-ae6c-8c5fe7374010@group-1347CC5D7860->55776132-47ae-4aef-91b7-92633cf48f43-GrpcLogAppender: appendEntries Timeout, request=b176f217-5116-4f29-ae6c-8c5fe7374010->55776132-47ae-4aef-91b7-92633cf48f43#68-t1, previous=(t:1, i:14), leaderCommit=10, initializing? false, entries: <empty>
2019-09-16 16:54:35,124 [grpc-default-executor-0] INFO  client.GrpcClientProtocolClient (GrpcClientProtocolClient.java:onNext(264)) - client-0133849F436F->55776132-47ae-4aef-91b7-92633cf48f43: receive RaftClientReply:client-0133849F436F->55776132-47ae-4aef-91b7-92633cf48f43@group-1347CC5D7860, cid=21, FAILED org.apache.ratis.protocol.NotLeaderException: Server 55776132-47ae-4aef-91b7-92633cf48f43@group-1347CC5D7860 is not the leader b176f217-5116-4f29-ae6c-8c5fe7374010:192.168.5.184:36714, logIndex=0, commits[55776132-47ae-4aef-91b7-92633cf48f43:c10, c5a5e6b7-bb1e-4cfc-8262-1ca252faf540:c6, b176f217-5116-4f29-ae6c-8c5fe7374010:c10]
2019-09-16 16:54:37,057 [org.apache.ratis.server.impl.LogAppender$AppenderDaemon$$Lambda$508/1360433104@3006e326] ERROR ratis.XceiverServerRatis (XceiverServerRatis.java:triggerPipelineClose(575)) - pipeline Action CLOSE  on pipeline PipelineID=00ea61f9-8c6e-42a1-b808-1347cc5d7860.Reason : b176f217-5116-4f29-ae6c-8c5fe7374010 has not seen follower/s 55776132-47ae-4aef-91b7-92633cf48f43 for 134071ms c5a5e6b7-bb1e-4cfc-8262-1ca252faf540 for 134082ms
2019-09-16 16:54:37,057 [org.apache.ratis.server.impl.LogAppender$AppenderDaemon$$Lambda$508/1360433104@52b3dd57] ERROR ratis.XceiverServerRatis (XceiverServerRatis.java:triggerPipelineClose(575)) - pipeline Action CLOSE  on pipeline PipelineID=00ea61f9-8c6e-42a1-b808-1347cc5d7860.Reason : b176f217-5116-4f29-ae6c-8c5fe7374010 has not seen follower/s 55776132-47ae-4aef-91b7-92633cf48f43 for 134071ms c5a5e6b7-bb1e-4cfc-8262-1ca252faf540 for 134082ms
2019-09-16 16:54:37,556 [java.util.concurrent.ThreadPoolExecutor$Worker@21b2b3ee[State = -1, empty queue]] WARN  server.GrpcLogAppender (GrpcLogAppender.java:timeoutAppendRequest(200)) - b176f217-5116-4f29-ae6c-8c5fe7374010@group-1347CC5D7860->c5a5e6b7-bb1e-4cfc-8262-1ca252faf540-GrpcLogAppender: appendEntries Timeout, request=b176f217-5116-4f29-ae6c-8c5fe7374010->c5a5e6b7-bb1e-4cfc-8262-1ca252faf540#69-t1, previous=(t:1, i:14), leaderCommit=10, initializing? false, entries: <empty>
2019-09-16 16:54:37,556 [java.util.concurrent.ThreadPoolExecutor$Worker@2c29679b[State = -1, empty queue]] WARN  server.GrpcLogAppender (GrpcLogAppender.java:timeoutAppendRequest(200)) - b176f217-5116-4f29-ae6c-8c5fe7374010@group-1347CC5D7860->55776132-47ae-4aef-91b7-92633cf48f43-GrpcLogAppender: appendEntries Timeout, request=b176f217-5116-4f29-ae6c-8c5fe7374010->55776132-47ae-4aef-91b7-92633cf48f43#69-t1, previous=(t:1, i:14), leaderCommit=10, initializing? false, entries: <empty>
2019-09-16 16:54:38,052 [EventQueue-PipelineActionsForPipelineActionHandler] ERROR pipeline.PipelineActionHandler (PipelineActionHandler.java:onMessage(60)) - Received pipeline action CLOSE for Pipeline[ Id: 00ea61f9-8c6e-42a1-b808-1347cc5d7860, Nodes: 55776132-47ae-4aef-91b7-92633cf48f43{ip: 192.168.5.184, host: pr-hdds-2022-qxstf-1422721469, networkLocation: /default-rack, certSerialId: null}b176f217-5116-4f29-ae6c-8c5fe7374010{ip: 192.168.5.184, host: pr-hdds-2022-qxstf-1422721469, networkLocation: /default-rack, certSerialId: null}c5a5e6b7-bb1e-4cfc-8262-1ca252faf540{ip: 192.168.5.184, host: pr-hdds-2022-qxstf-1422721469, networkLocation: /default-rack, certSerialId: null}, Type:RATIS, Factor:THREE, State:CLOSED] from datanode b176f217-5116-4f29-ae6c-8c5fe7374010{ip: 192.168.5.184, host: pr-hdds-2022-qxstf-1422721469, networkLocation: /default-rack, certSerialId: null}. Reason : b176f217-5116-4f29-ae6c-8c5fe7374010 has not seen follower/s 55776132-47ae-4aef-91b7-92633cf48f43 for 134071ms c5a5e6b7-bb1e-4cfc-8262-1ca252faf540 for 134082ms
2019-09-16 16:54:38,053 [EventQueue-PipelineActionsForPipelineActionHandler] INFO  pipeline.SCMPipelineManager (SCMPipelineManager.java:finalizeAndDestroyPipeline(311)) - destroying pipeline:Pipeline[ Id: 00ea61f9-8c6e-42a1-b808-1347cc5d7860, Nodes: 55776132-47ae-4aef-91b7-92633cf48f43{ip: 192.168.5.184, host: pr-hdds-2022-qxstf-1422721469, networkLocation: /default-rack, certSerialId: null}b176f217-5116-4f29-ae6c-8c5fe7374010{ip: 192.168.5.184, host: pr-hdds-2022-qxstf-1422721469, networkLocation: /default-rack, certSerialId: null}c5a5e6b7-bb1e-4cfc-8262-1ca252faf540{ip: 192.168.5.184, host: pr-hdds-2022-qxstf-1422721469, networkLocation: /default-rack, certSerialId: null}, Type:RATIS, Factor:THREE, State:CLOSED]
2019-09-16 16:54:39,558 [org.apache.ratis.server.impl.LogAppender$AppenderDaemon$$Lambda$508/1360433104@3006e326] ERROR ratis.XceiverServerRatis (XceiverServerRatis.java:triggerPipelineClose(575)) - pipeline Action CLOSE  on pipeline PipelineID=00ea61f9-8c6e-42a1-b808-1347cc5d7860.Reason : b176f217-5116-4f29-ae6c-8c5fe7374010 has not seen follower/s 55776132-47ae-4aef-91b7-92633cf48f43 for 136572ms c5a5e6b7-bb1e-4cfc-8262-1ca252faf540 for 136583ms
2019-09-16 16:54:39,561 [org.apache.ratis.server.impl.LogAppender$AppenderDaemon$$Lambda$508/1360433104@52b3dd57] ERROR ratis.XceiverServerRatis (XceiverServerRatis.java:triggerPipelineClose(575)) - pipeline Action CLOSE  on pipeline PipelineID=00ea61f9-8c6e-42a1-b808-1347cc5d7860.Reason : b176f217-5116-4f29-ae6c-8c5fe7374010 has not seen follower/s 55776132-47ae-4aef-91b7-92633cf48f43 for 136575ms c5a5e6b7-bb1e-4cfc-8262-1ca252faf540 for 136586ms
2019-09-16 16:54:40,056 [EventQueue-PipelineActionsForPipelineActionHandler] ERROR pipeline.PipelineActionHandler (PipelineActionHandler.java:onMessage(60)) - Received pipeline action CLOSE for Pipeline[ Id: 00ea61f9-8c6e-42a1-b808-1347cc5d7860, Nodes: 55776132-47ae-4aef-91b7-92633cf48f43{ip: 192.168.5.184, host: pr-hdds-2022-qxstf-1422721469, networkLocation: /default-rack, certSerialId: null}b176f217-5116-4f29-ae6c-8c5fe7374010{ip: 192.168.5.184, host: pr-hdds-2022-qxstf-1422721469, networkLocation: /default-rack, certSerialId: null}c5a5e6b7-bb1e-4cfc-8262-1ca252faf540{ip: 192.168.5.184, host: pr-hdds-2022-qxstf-1422721469, networkLocation: /default-rack, certSerialId: null}, Type:RATIS, Factor:THREE, State:CLOSED] from datanode b176f217-5116-4f29-ae6c-8c5fe7374010{ip: 192.168.5.184, host: pr-hdds-2022-qxstf-1422721469, networkLocation: /default-rack, certSerialId: null}. Reason : b176f217-5116-4f29-ae6c-8c5fe7374010 has not seen follower/s 55776132-47ae-4aef-91b7-92633cf48f43 for 136572ms c5a5e6b7-bb1e-4cfc-8262-1ca252faf540 for 136583ms
2019-09-16 16:54:40,057 [java.util.concurrent.ThreadPoolExecutor$Worker@21b2b3ee[State = -1, empty queue]] WARN  server.GrpcLogAppender (GrpcLogAppender.java:timeoutAppendRequest(200)) - b176f217-5116-4f29-ae6c-8c5fe7374010@group-1347CC5D7860->c5a5e6b7-bb1e-4cfc-8262-1ca252faf540-GrpcLogAppender: appendEntries Timeout, request=b176f217-5116-4f29-ae6c-8c5fe7374010->c5a5e6b7-bb1e-4cfc-8262-1ca252faf540#70-t1, previous=(t:1, i:14), leaderCommit=10, initializing? false, entries: <empty>
2019-09-16 16:54:40,057 [java.util.concurrent.ThreadPoolExecutor$Worker@2c29679b[State = -1, empty queue]] WARN  server.GrpcLogAppender (GrpcLogAppender.java:timeoutAppendRequest(200)) - b176f217-5116-4f29-ae6c-8c5fe7374010@group-1347CC5D7860->55776132-47ae-4aef-91b7-92633cf48f43-GrpcLogAppender: appendEntries Timeout, request=b176f217-5116-4f29-ae6c-8c5fe7374010->55776132-47ae-4aef-91b7-92633cf48f43#70-t1, previous=(t:1, i:14), leaderCommit=10, initializing? false, entries: <empty>
2019-09-16 16:54:40,057 [EventQueue-PipelineActionsForPipelineActionHandler] INFO  pipeline.SCMPipelineManager (SCMPipelineManager.java:finalizeAndDestroyPipeline(311)) - destroying pipeline:Pipeline[ Id: 00ea61f9-8c6e-42a1-b808-1347cc5d7860, Nodes: 55776132-47ae-4aef-91b7-92633cf48f43{ip: 192.168.5.184, host: pr-hdds-2022-qxstf-1422721469, networkLocation: /default-rack, certSerialId: null}b176f217-5116-4f29-ae6c-8c5fe7374010{ip: 192.168.5.184, host: pr-hdds-2022-qxstf-1422721469, networkLocation: /default-rack, certSerialId: null}c5a5e6b7-bb1e-4cfc-8262-1ca252faf540{ip: 192.168.5.184, host: pr-hdds-2022-qxstf-1422721469, networkLocation: /default-rack, certSerialId: null}, Type:RATIS, Factor:THREE, State:CLOSED]
2019-09-16 16:54:40,162 [grpc-default-executor-0] INFO  client.GrpcClientProtocolClient (GrpcClientProtocolClient.java:onNext(264)) - client-0133849F436F->c5a5e6b7-bb1e-4cfc-8262-1ca252faf540: receive RaftClientReply:client-0133849F436F->c5a5e6b7-bb1e-4cfc-8262-1ca252faf540@group-1347CC5D7860, cid=21, FAILED org.apache.ratis.protocol.NotLeaderException: Server c5a5e6b7-bb1e-4cfc-8262-1ca252faf540@group-1347CC5D7860 is not the leader b176f217-5116-4f29-ae6c-8c5fe7374010:192.168.5.184:36714, logIndex=0, commits[c5a5e6b7-bb1e-4cfc-8262-1ca252faf540:c10, 55776132-47ae-4aef-91b7-92633cf48f43:c6, b176f217-5116-4f29-ae6c-8c5fe7374010:c10]
2019-09-16 16:54:42,059 [org.apache.ratis.server.impl.LogAppender$AppenderDaemon$$Lambda$508/1360433104@3006e326] ERROR ratis.XceiverServerRatis (XceiverServerRatis.java:triggerPipelineClose(575)) - pipeline Action CLOSE  on pipeline PipelineID=00ea61f9-8c6e-42a1-b808-1347cc5d7860.Reason : b176f217-5116-4f29-ae6c-8c5fe7374010 has not seen follower/s 55776132-47ae-4aef-91b7-92633cf48f43 for 139073ms c5a5e6b7-bb1e-4cfc-8262-1ca252faf540 for 139084ms
2019-09-16 16:54:42,061 [org.apache.ratis.server.impl.LogAppender$AppenderDaemon$$Lambda$508/1360433104@52b3dd57] ERROR ratis.XceiverServerRatis (XceiverServerRatis.java:triggerPipelineClose(575)) - pipeline Action CLOSE  on pipeline PipelineID=00ea61f9-8c6e-42a1-b808-1347cc5d7860.Reason : b176f217-5116-4f29-ae6c-8c5fe7374010 has not seen follower/s 55776132-47ae-4aef-91b7-92633cf48f43 for 139074ms c5a5e6b7-bb1e-4cfc-8262-1ca252faf540 for 139084ms
2019-09-16 16:54:42,558 [java.util.concurrent.ThreadPoolExecutor$Worker@2c29679b[State = -1, empty queue]] WARN  server.GrpcLogAppender (GrpcLogAppender.java:timeoutAppendRequest(200)) - b176f217-5116-4f29-ae6c-8c5fe7374010@group-1347CC5D7860->55776132-47ae-4aef-91b7-92633cf48f43-GrpcLogAppender: appendEntries Timeout, request=b176f217-5116-4f29-ae6c-8c5fe7374010->55776132-47ae-4aef-91b7-92633cf48f43#71-t1, previous=(t:1, i:14), leaderCommit=10, initializing? false, entries: <empty>
2019-09-16 16:54:42,558 [java.util.concurrent.ThreadPoolExecutor$Worker@21b2b3ee[State = -1, empty queue]] WARN  server.GrpcLogAppender (GrpcLogAppender.java:timeoutAppendRequest(200)) - b176f217-5116-4f29-ae6c-8c5fe7374010@group-1347CC5D7860->c5a5e6b7-bb1e-4cfc-8262-1ca252faf540-GrpcLogAppender: appendEntries Timeout, request=b176f217-5116-4f29-ae6c-8c5fe7374010->c5a5e6b7-bb1e-4cfc-8262-1ca252faf540#71-t1, previous=(t:1, i:14), leaderCommit=10, initializing? false, entries: <empty>
2019-09-16 16:54:43,057 [EventQueue-PipelineActionsForPipelineActionHandler] ERROR pipeline.PipelineActionHandler (PipelineActionHandler.java:onMessage(60)) - Received pipeline action CLOSE for Pipeline[ Id: 00ea61f9-8c6e-42a1-b808-1347cc5d7860, Nodes: 55776132-47ae-4aef-91b7-92633cf48f43{ip: 192.168.5.184, host: pr-hdds-2022-qxstf-1422721469, networkLocation: /default-rack, certSerialId: null}b176f217-5116-4f29-ae6c-8c5fe7374010{ip: 192.168.5.184, host: pr-hdds-2022-qxstf-1422721469, networkLocation: /default-rack, certSerialId: null}c5a5e6b7-bb1e-4cfc-8262-1ca252faf540{ip: 192.168.5.184, host: pr-hdds-2022-qxstf-1422721469, networkLocation: /default-rack, certSerialId: null}, Type:RATIS, Factor:THREE, State:CLOSED] from datanode b176f217-5116-4f29-ae6c-8c5fe7374010{ip: 192.168.5.184, host: pr-hdds-2022-qxstf-1422721469, networkLocation: /default-rack, certSerialId: null}. Reason : b176f217-5116-4f29-ae6c-8c5fe7374010 has not seen follower/s 55776132-47ae-4aef-91b7-92633cf48f43 for 139073ms c5a5e6b7-bb1e-4cfc-8262-1ca252faf540 for 139084ms
2019-09-16 16:54:43,058 [EventQueue-PipelineActionsForPipelineActionHandler] INFO  pipeline.SCMPipelineManager (SCMPipelineManager.java:finalizeAndDestroyPipeline(311)) - destroying pipeline:Pipeline[ Id: 00ea61f9-8c6e-42a1-b808-1347cc5d7860, Nodes: 55776132-47ae-4aef-91b7-92633cf48f43{ip: 192.168.5.184, host: pr-hdds-2022-qxstf-1422721469, networkLocation: /default-rack, certSerialId: null}b176f217-5116-4f29-ae6c-8c5fe7374010{ip: 192.168.5.184, host: pr-hdds-2022-qxstf-1422721469, networkLocation: /default-rack, certSerialId: null}c5a5e6b7-bb1e-4cfc-8262-1ca252faf540{ip: 192.168.5.184, host: pr-hdds-2022-qxstf-1422721469, networkLocation: /default-rack, certSerialId: null}, Type:RATIS, Factor:THREE, State:CLOSED]
2019-09-16 16:54:44,024 [b176f217-5116-4f29-ae6c-8c5fe7374010@group-1347CC5D7860-SegmentedRaftLogWorker] WARN  segmented.SegmentedRaftLogWorker (SegmentedRaftLogWorker.java:getFromFuture(90)) - Timeout 13/~
org.apache.ratis.protocol.TimeoutIOException: Timeout 10s: WriteLog:12: (t:1, i:12), STATEMACHINELOGENTRY, client-0133849F436F, cid=22-writeStateMachineData
	at org.apache.ratis.util.IOUtils.getFromFuture(IOUtils.java:87)
	at org.apache.ratis.server.raftlog.segmented.SegmentedRaftLogWorker$StateMachineDataPolicy.getFromFuture(SegmentedRaftLogWorker.java:87)
	at org.apache.ratis.server.raftlog.segmented.SegmentedRaftLogWorker$WriteLog.execute(SegmentedRaftLogWorker.java:477)
	at org.apache.ratis.server.raftlog.segmented.SegmentedRaftLogWorker.run(SegmentedRaftLogWorker.java:289)
	at java.lang.Thread.run(Thread.java:748)
Caused by: java.util.concurrent.TimeoutException
	at java.util.concurrent.CompletableFuture.timedGet(CompletableFuture.java:1771)
	at java.util.concurrent.CompletableFuture.get(CompletableFuture.java:1915)
	at org.apache.ratis.util.IOUtils.getFromFuture(IOUtils.java:79)
	... 4 more
2019-09-16 16:54:44,038 [c5a5e6b7-bb1e-4cfc-8262-1ca252faf540@group-1347CC5D7860-SegmentedRaftLogWorker] WARN  segmented.SegmentedRaftLogWorker (SegmentedRaftLogWorker.java:getFromFuture(90)) - Timeout 13/~
org.apache.ratis.protocol.TimeoutIOException: Timeout 10s: WriteLog:12: (t:1, i:12), STATEMACHINELOGENTRY, client-0133849F436F, cid=22-writeStateMachineData
	at org.apache.ratis.util.IOUtils.getFromFuture(IOUtils.java:87)
	at org.apache.ratis.server.raftlog.segmented.SegmentedRaftLogWorker$StateMachineDataPolicy.getFromFuture(SegmentedRaftLogWorker.java:87)
	at org.apache.ratis.server.raftlog.segmented.SegmentedRaftLogWorker$WriteLog.execute(SegmentedRaftLogWorker.java:477)
	at org.apache.ratis.server.raftlog.segmented.SegmentedRaftLogWorker.run(SegmentedRaftLogWorker.java:289)
	at java.lang.Thread.run(Thread.java:748)
Caused by: java.util.concurrent.TimeoutException
	at java.util.concurrent.CompletableFuture.timedGet(CompletableFuture.java:1771)
	at java.util.concurrent.CompletableFuture.get(CompletableFuture.java:1915)
	at org.apache.ratis.util.IOUtils.getFromFuture(IOUtils.java:79)
	... 4 more
2019-09-16 16:54:44,040 [55776132-47ae-4aef-91b7-92633cf48f43@group-1347CC5D7860-SegmentedRaftLogWorker] WARN  segmented.SegmentedRaftLogWorker (SegmentedRaftLogWorker.java:getFromFuture(90)) - Timeout 13/~
org.apache.ratis.protocol.TimeoutIOException: Timeout 10s: WriteLog:12: (t:1, i:12), STATEMACHINELOGENTRY, client-0133849F436F, cid=22-writeStateMachineData
	at org.apache.ratis.util.IOUtils.getFromFuture(IOUtils.java:87)
	at org.apache.ratis.server.raftlog.segmented.SegmentedRaftLogWorker$StateMachineDataPolicy.getFromFuture(SegmentedRaftLogWorker.java:87)
	at org.apache.ratis.server.raftlog.segmented.SegmentedRaftLogWorker$WriteLog.execute(SegmentedRaftLogWorker.java:477)
	at org.apache.ratis.server.raftlog.segmented.SegmentedRaftLogWorker.run(SegmentedRaftLogWorker.java:289)
	at java.lang.Thread.run(Thread.java:748)
Caused by: java.util.concurrent.TimeoutException
	at java.util.concurrent.CompletableFuture.timedGet(CompletableFuture.java:1771)
	at java.util.concurrent.CompletableFuture.get(CompletableFuture.java:1915)
	at org.apache.ratis.util.IOUtils.getFromFuture(IOUtils.java:79)
	... 4 more
2019-09-16 16:54:44,560 [org.apache.ratis.server.impl.LogAppender$AppenderDaemon$$Lambda$508/1360433104@3006e326] ERROR ratis.XceiverServerRatis (XceiverServerRatis.java:triggerPipelineClose(575)) - pipeline Action CLOSE  on pipeline PipelineID=00ea61f9-8c6e-42a1-b808-1347cc5d7860.Reason : b176f217-5116-4f29-ae6c-8c5fe7374010 has not seen follower/s 55776132-47ae-4aef-91b7-92633cf48f43 for 141574ms c5a5e6b7-bb1e-4cfc-8262-1ca252faf540 for 141585ms
2019-09-16 16:54:44,560 [org.apache.ratis.server.impl.LogAppender$AppenderDaemon$$Lambda$508/1360433104@52b3dd57] ERROR ratis.XceiverServerRatis (XceiverServerRatis.java:triggerPipelineClose(575)) - pipeline Action CLOSE  on pipeline PipelineID=00ea61f9-8c6e-42a1-b808-1347cc5d7860.Reason : b176f217-5116-4f29-ae6c-8c5fe7374010 has not seen follower/s 55776132-47ae-4aef-91b7-92633cf48f43 for 141574ms c5a5e6b7-bb1e-4cfc-8262-1ca252faf540 for 141585ms
2019-09-16 16:54:45,058 [EventQueue-PipelineActionsForPipelineActionHandler] ERROR pipeline.PipelineActionHandler (PipelineActionHandler.java:onMessage(60)) - Received pipeline action CLOSE for Pipeline[ Id: 00ea61f9-8c6e-42a1-b808-1347cc5d7860, Nodes: 55776132-47ae-4aef-91b7-92633cf48f43{ip: 192.168.5.184, host: pr-hdds-2022-qxstf-1422721469, networkLocation: /default-rack, certSerialId: null}b176f217-5116-4f29-ae6c-8c5fe7374010{ip: 192.168.5.184, host: pr-hdds-2022-qxstf-1422721469, networkLocation: /default-rack, certSerialId: null}c5a5e6b7-bb1e-4cfc-8262-1ca252faf540{ip: 192.168.5.184, host: pr-hdds-2022-qxstf-1422721469, networkLocation: /default-rack, certSerialId: null}, Type:RATIS, Factor:THREE, State:CLOSED] from datanode b176f217-5116-4f29-ae6c-8c5fe7374010{ip: 192.168.5.184, host: pr-hdds-2022-qxstf-1422721469, networkLocation: /default-rack, certSerialId: null}. Reason : b176f217-5116-4f29-ae6c-8c5fe7374010 has not seen follower/s 55776132-47ae-4aef-91b7-92633cf48f43 for 141574ms c5a5e6b7-bb1e-4cfc-8262-1ca252faf540 for 141585ms
2019-09-16 16:54:45,059 [java.util.concurrent.ThreadPoolExecutor$Worker@2c29679b[State = -1, empty queue]] WARN  server.GrpcLogAppender (GrpcLogAppender.java:timeoutAppendRequest(200)) - b176f217-5116-4f29-ae6c-8c5fe7374010@group-1347CC5D7860->55776132-47ae-4aef-91b7-92633cf48f43-GrpcLogAppender: appendEntries Timeout, request=b176f217-5116-4f29-ae6c-8c5fe7374010->55776132-47ae-4aef-91b7-92633cf48f43#72-t1, previous=(t:1, i:14), leaderCommit=10, initializing? false, entries: <empty>
2019-09-16 16:54:45,059 [java.util.concurrent.ThreadPoolExecutor$Worker@21b2b3ee[State = -1, empty queue]] WARN  server.GrpcLogAppender (GrpcLogAppender.java:timeoutAppendRequest(200)) - b176f217-5116-4f29-ae6c-8c5fe7374010@group-1347CC5D7860->c5a5e6b7-bb1e-4cfc-8262-1ca252faf540-GrpcLogAppender: appendEntries Timeout, request=b176f217-5116-4f29-ae6c-8c5fe7374010->c5a5e6b7-bb1e-4cfc-8262-1ca252faf540#72-t1, previous=(t:1, i:14), leaderCommit=10, initializing? false, entries: <empty>
2019-09-16 16:54:45,059 [EventQueue-PipelineActionsForPipelineActionHandler] INFO  pipeline.SCMPipelineManager (SCMPipelineManager.java:finalizeAndDestroyPipeline(311)) - destroying pipeline:Pipeline[ Id: 00ea61f9-8c6e-42a1-b808-1347cc5d7860, Nodes: 55776132-47ae-4aef-91b7-92633cf48f43{ip: 192.168.5.184, host: pr-hdds-2022-qxstf-1422721469, networkLocation: /default-rack, certSerialId: null}b176f217-5116-4f29-ae6c-8c5fe7374010{ip: 192.168.5.184, host: pr-hdds-2022-qxstf-1422721469, networkLocation: /default-rack, certSerialId: null}c5a5e6b7-bb1e-4cfc-8262-1ca252faf540{ip: 192.168.5.184, host: pr-hdds-2022-qxstf-1422721469, networkLocation: /default-rack, certSerialId: null}, Type:RATIS, Factor:THREE, State:CLOSED]
2019-09-16 16:54:45,217 [grpc-default-executor-0] INFO  client.GrpcClientProtocolClient (GrpcClientProtocolClient.java:onNext(264)) - client-0133849F436F->c5a5e6b7-bb1e-4cfc-8262-1ca252faf540: receive RaftClientReply:client-0133849F436F->c5a5e6b7-bb1e-4cfc-8262-1ca252faf540@group-1347CC5D7860, cid=21, FAILED org.apache.ratis.protocol.NotLeaderException: Server c5a5e6b7-bb1e-4cfc-8262-1ca252faf540@group-1347CC5D7860 is not the leader b176f217-5116-4f29-ae6c-8c5fe7374010:192.168.5.184:36714, logIndex=0, commits[c5a5e6b7-bb1e-4cfc-8262-1ca252faf540:c10, 55776132-47ae-4aef-91b7-92633cf48f43:c6, b176f217-5116-4f29-ae6c-8c5fe7374010:c10]
2019-09-16 16:54:47,061 [org.apache.ratis.server.impl.LogAppender$AppenderDaemon$$Lambda$508/1360433104@52b3dd57] ERROR ratis.XceiverServerRatis (XceiverServerRatis.java:triggerPipelineClose(575)) - pipeline Action CLOSE  on pipeline PipelineID=00ea61f9-8c6e-42a1-b808-1347cc5d7860.Reason : b176f217-5116-4f29-ae6c-8c5fe7374010 has not seen follower/s 55776132-47ae-4aef-91b7-92633cf48f43 for 144076ms c5a5e6b7-bb1e-4cfc-8262-1ca252faf540 for 144087ms
2019-09-16 16:54:47,061 [org.apache.ratis.server.impl.LogAppender$AppenderDaemon$$Lambda$508/1360433104@3006e326] ERROR ratis.XceiverServerRatis (XceiverServerRatis.java:triggerPipelineClose(575)) - pipeline Action CLOSE  on pipeline PipelineID=00ea61f9-8c6e-42a1-b808-1347cc5d7860.Reason : b176f217-5116-4f29-ae6c-8c5fe7374010 has not seen follower/s 55776132-47ae-4aef-91b7-92633cf48f43 for 144076ms c5a5e6b7-bb1e-4cfc-8262-1ca252faf540 for 144087ms
2019-09-16 16:54:47,560 [java.util.concurrent.ThreadPoolExecutor$Worker@2c29679b[State = -1, empty queue]] WARN  server.GrpcLogAppender (GrpcLogAppender.java:timeoutAppendRequest(200)) - b176f217-5116-4f29-ae6c-8c5fe7374010@group-1347CC5D7860->55776132-47ae-4aef-91b7-92633cf48f43-GrpcLogAppender: appendEntries Timeout, request=b176f217-5116-4f29-ae6c-8c5fe7374010->55776132-47ae-4aef-91b7-92633cf48f43#73-t1, previous=(t:1, i:14), leaderCommit=10, initializing? false, entries: <empty>
2019-09-16 16:54:47,560 [java.util.concurrent.ThreadPoolExecutor$Worker@21b2b3ee[State = -1, empty queue]] WARN  server.GrpcLogAppender (GrpcLogAppender.java:timeoutAppendRequest(200)) - b176f217-5116-4f29-ae6c-8c5fe7374010@group-1347CC5D7860->c5a5e6b7-bb1e-4cfc-8262-1ca252faf540-GrpcLogAppender: appendEntries Timeout, request=b176f217-5116-4f29-ae6c-8c5fe7374010->c5a5e6b7-bb1e-4cfc-8262-1ca252faf540#73-t1, previous=(t:1, i:14), leaderCommit=10, initializing? false, entries: <empty>
2019-09-16 16:54:48,059 [EventQueue-PipelineActionsForPipelineActionHandler] ERROR pipeline.PipelineActionHandler (PipelineActionHandler.java:onMessage(60)) - Received pipeline action CLOSE for Pipeline[ Id: 00ea61f9-8c6e-42a1-b808-1347cc5d7860, Nodes: 55776132-47ae-4aef-91b7-92633cf48f43{ip: 192.168.5.184, host: pr-hdds-2022-qxstf-1422721469, networkLocation: /default-rack, certSerialId: null}b176f217-5116-4f29-ae6c-8c5fe7374010{ip: 192.168.5.184, host: pr-hdds-2022-qxstf-1422721469, networkLocation: /default-rack, certSerialId: null}c5a5e6b7-bb1e-4cfc-8262-1ca252faf540{ip: 192.168.5.184, host: pr-hdds-2022-qxstf-1422721469, networkLocation: /default-rack, certSerialId: null}, Type:RATIS, Factor:THREE, State:CLOSED] from datanode b176f217-5116-4f29-ae6c-8c5fe7374010{ip: 192.168.5.184, host: pr-hdds-2022-qxstf-1422721469, networkLocation: /default-rack, certSerialId: null}. Reason : b176f217-5116-4f29-ae6c-8c5fe7374010 has not seen follower/s 55776132-47ae-4aef-91b7-92633cf48f43 for 144076ms c5a5e6b7-bb1e-4cfc-8262-1ca252faf540 for 144087ms
2019-09-16 16:54:48,059 [EventQueue-PipelineActionsForPipelineActionHandler] INFO  pipeline.SCMPipelineManager (SCMPipelineManager.java:finalizeAndDestroyPipeline(311)) - destroying pipeline:Pipeline[ Id: 00ea61f9-8c6e-42a1-b808-1347cc5d7860, Nodes: 55776132-47ae-4aef-91b7-92633cf48f43{ip: 192.168.5.184, host: pr-hdds-2022-qxstf-1422721469, networkLocation: /default-rack, certSerialId: null}b176f217-5116-4f29-ae6c-8c5fe7374010{ip: 192.168.5.184, host: pr-hdds-2022-qxstf-1422721469, networkLocation: /default-rack, certSerialId: null}c5a5e6b7-bb1e-4cfc-8262-1ca252faf540{ip: 192.168.5.184, host: pr-hdds-2022-qxstf-1422721469, networkLocation: /default-rack, certSerialId: null}, Type:RATIS, Factor:THREE, State:CLOSED]
2019-09-16 16:54:49,563 [org.apache.ratis.server.impl.LogAppender$AppenderDaemon$$Lambda$508/1360433104@52b3dd57] ERROR ratis.XceiverServerRatis (XceiverServerRatis.java:triggerPipelineClose(575)) - pipeline Action CLOSE  on pipeline PipelineID=00ea61f9-8c6e-42a1-b808-1347cc5d7860.Reason : b176f217-5116-4f29-ae6c-8c5fe7374010 has not seen follower/s 55776132-47ae-4aef-91b7-92633cf48f43 for 146577ms c5a5e6b7-bb1e-4cfc-8262-1ca252faf540 for 146588ms
2019-09-16 16:54:49,563 [org.apache.ratis.server.impl.LogAppender$AppenderDaemon$$Lambda$508/1360433104@3006e326] ERROR ratis.XceiverServerRatis (XceiverServerRatis.java:triggerPipelineClose(575)) - pipeline Action CLOSE  on pipeline PipelineID=00ea61f9-8c6e-42a1-b808-1347cc5d7860.Reason : b176f217-5116-4f29-ae6c-8c5fe7374010 has not seen follower/s 55776132-47ae-4aef-91b7-92633cf48f43 for 146577ms c5a5e6b7-bb1e-4cfc-8262-1ca252faf540 for 146588ms
2019-09-16 16:54:50,058 [EventQueue-PipelineActionsForPipelineActionHandler] ERROR pipeline.PipelineActionHandler (PipelineActionHandler.java:onMessage(60)) - Received pipeline action CLOSE for Pipeline[ Id: 00ea61f9-8c6e-42a1-b808-1347cc5d7860, Nodes: 55776132-47ae-4aef-91b7-92633cf48f43{ip: 192.168.5.184, host: pr-hdds-2022-qxstf-1422721469, networkLocation: /default-rack, certSerialId: null}b176f217-5116-4f29-ae6c-8c5fe7374010{ip: 192.168.5.184, host: pr-hdds-2022-qxstf-1422721469, networkLocation: /default-rack, certSerialId: null}c5a5e6b7-bb1e-4cfc-8262-1ca252faf540{ip: 192.168.5.184, host: pr-hdds-2022-qxstf-1422721469, networkLocation: /default-rack, certSerialId: null}, Type:RATIS, Factor:THREE, State:CLOSED] from datanode b176f217-5116-4f29-ae6c-8c5fe7374010{ip: 192.168.5.184, host: pr-hdds-2022-qxstf-1422721469, networkLocation: /default-rack, certSerialId: null}. Reason : b176f217-5116-4f29-ae6c-8c5fe7374010 has not seen follower/s 55776132-47ae-4aef-91b7-92633cf48f43 for 146577ms c5a5e6b7-bb1e-4cfc-8262-1ca252faf540 for 146588ms
2019-09-16 16:54:50,059 [EventQueue-PipelineActionsForPipelineActionHandler] INFO  pipeline.SCMPipelineManager (SCMPipelineManager.java:finalizeAndDestroyPipeline(311)) - destroying pipeline:Pipeline[ Id: 00ea61f9-8c6e-42a1-b808-1347cc5d7860, Nodes: 55776132-47ae-4aef-91b7-92633cf48f43{ip: 192.168.5.184, host: pr-hdds-2022-qxstf-1422721469, networkLocation: /default-rack, certSerialId: null}b176f217-5116-4f29-ae6c-8c5fe7374010{ip: 192.168.5.184, host: pr-hdds-2022-qxstf-1422721469, networkLocation: /default-rack, certSerialId: null}c5a5e6b7-bb1e-4cfc-8262-1ca252faf540{ip: 192.168.5.184, host: pr-hdds-2022-qxstf-1422721469, networkLocation: /default-rack, certSerialId: null}, Type:RATIS, Factor:THREE, State:CLOSED]
2019-09-16 16:54:50,061 [java.util.concurrent.ThreadPoolExecutor$Worker@2c29679b[State = -1, empty queue]] WARN  server.GrpcLogAppender (GrpcLogAppender.java:timeoutAppendRequest(200)) - b176f217-5116-4f29-ae6c-8c5fe7374010@group-1347CC5D7860->55776132-47ae-4aef-91b7-92633cf48f43-GrpcLogAppender: appendEntries Timeout, request=b176f217-5116-4f29-ae6c-8c5fe7374010->55776132-47ae-4aef-91b7-92633cf48f43#74-t1, previous=(t:1, i:14), leaderCommit=10, initializing? false, entries: <empty>
2019-09-16 16:54:50,061 [java.util.concurrent.ThreadPoolExecutor$Worker@21b2b3ee[State = -1, empty queue]] WARN  server.GrpcLogAppender (GrpcLogAppender.java:timeoutAppendRequest(200)) - b176f217-5116-4f29-ae6c-8c5fe7374010@group-1347CC5D7860->c5a5e6b7-bb1e-4cfc-8262-1ca252faf540-GrpcLogAppender: appendEntries Timeout, request=b176f217-5116-4f29-ae6c-8c5fe7374010->c5a5e6b7-bb1e-4cfc-8262-1ca252faf540#74-t1, previous=(t:1, i:14), leaderCommit=10, initializing? false, entries: <empty>
2019-09-16 16:54:50,262 [grpc-default-executor-4] INFO  client.GrpcClientProtocolClient (GrpcClientProtocolClient.java:onNext(264)) - client-0133849F436F->c5a5e6b7-bb1e-4cfc-8262-1ca252faf540: receive RaftClientReply:client-0133849F436F->c5a5e6b7-bb1e-4cfc-8262-1ca252faf540@group-1347CC5D7860, cid=21, FAILED org.apache.ratis.protocol.NotLeaderException: Server c5a5e6b7-bb1e-4cfc-8262-1ca252faf540@group-1347CC5D7860 is not the leader b176f217-5116-4f29-ae6c-8c5fe7374010:192.168.5.184:36714, logIndex=0, commits[c5a5e6b7-bb1e-4cfc-8262-1ca252faf540:c10, 55776132-47ae-4aef-91b7-92633cf48f43:c6, b176f217-5116-4f29-ae6c-8c5fe7374010:c10]
2019-09-16 16:54:52,064 [org.apache.ratis.server.impl.LogAppender$AppenderDaemon$$Lambda$508/1360433104@52b3dd57] ERROR ratis.XceiverServerRatis (XceiverServerRatis.java:triggerPipelineClose(575)) - pipeline Action CLOSE  on pipeline PipelineID=00ea61f9-8c6e-42a1-b808-1347cc5d7860.Reason : b176f217-5116-4f29-ae6c-8c5fe7374010 has not seen follower/s 55776132-47ae-4aef-91b7-92633cf48f43 for 149079ms c5a5e6b7-bb1e-4cfc-8262-1ca252faf540 for 149090ms
2019-09-16 16:54:52,064 [org.apache.ratis.server.impl.LogAppender$AppenderDaemon$$Lambda$508/1360433104@3006e326] ERROR ratis.XceiverServerRatis (XceiverServerRatis.java:triggerPipelineClose(575)) - pipeline Action CLOSE  on pipeline PipelineID=00ea61f9-8c6e-42a1-b808-1347cc5d7860.Reason : b176f217-5116-4f29-ae6c-8c5fe7374010 has not seen follower/s 55776132-47ae-4aef-91b7-92633cf48f43 for 149079ms c5a5e6b7-bb1e-4cfc-8262-1ca252faf540 for 149090ms
2019-09-16 16:54:52,563 [java.util.concurrent.ThreadPoolExecutor$Worker@2c29679b[State = -1, empty queue]] WARN  server.GrpcLogAppender (GrpcLogAppender.java:timeoutAppendRequest(200)) - b176f217-5116-4f29-ae6c-8c5fe7374010@group-1347CC5D7860->55776132-47ae-4aef-91b7-92633cf48f43-GrpcLogAppender: appendEntries Timeout, request=b176f217-5116-4f29-ae6c-8c5fe7374010->55776132-47ae-4aef-91b7-92633cf48f43#75-t1, previous=(t:1, i:14), leaderCommit=10, initializing? false, entries: <empty>
2019-09-16 16:54:52,563 [java.util.concurrent.ThreadPoolExecutor$Worker@21b2b3ee[State = -1, empty queue]] WARN  server.GrpcLogAppender (GrpcLogAppender.java:timeoutAppendRequest(200)) - b176f217-5116-4f29-ae6c-8c5fe7374010@group-1347CC5D7860->c5a5e6b7-bb1e-4cfc-8262-1ca252faf540-GrpcLogAppender: appendEntries Timeout, request=b176f217-5116-4f29-ae6c-8c5fe7374010->c5a5e6b7-bb1e-4cfc-8262-1ca252faf540#75-t1, previous=(t:1, i:14), leaderCommit=10, initializing? false, entries: <empty>
2019-09-16 16:54:53,059 [EventQueue-PipelineActionsForPipelineActionHandler] ERROR pipeline.PipelineActionHandler (PipelineActionHandler.java:onMessage(60)) - Received pipeline action CLOSE for Pipeline[ Id: 00ea61f9-8c6e-42a1-b808-1347cc5d7860, Nodes: 55776132-47ae-4aef-91b7-92633cf48f43{ip: 192.168.5.184, host: pr-hdds-2022-qxstf-1422721469, networkLocation: /default-rack, certSerialId: null}b176f217-5116-4f29-ae6c-8c5fe7374010{ip: 192.168.5.184, host: pr-hdds-2022-qxstf-1422721469, networkLocation: /default-rack, certSerialId: null}c5a5e6b7-bb1e-4cfc-8262-1ca252faf540{ip: 192.168.5.184, host: pr-hdds-2022-qxstf-1422721469, networkLocation: /default-rack, certSerialId: null}, Type:RATIS, Factor:THREE, State:CLOSED] from datanode b176f217-5116-4f29-ae6c-8c5fe7374010{ip: 192.168.5.184, host: pr-hdds-2022-qxstf-1422721469, networkLocation: /default-rack, certSerialId: null}. Reason : b176f217-5116-4f29-ae6c-8c5fe7374010 has not seen follower/s 55776132-47ae-4aef-91b7-92633cf48f43 for 149079ms c5a5e6b7-bb1e-4cfc-8262-1ca252faf540 for 149090ms
2019-09-16 16:54:53,059 [EventQueue-PipelineActionsForPipelineActionHandler] INFO  pipeline.SCMPipelineManager (SCMPipelineManager.java:finalizeAndDestroyPipeline(311)) - destroying pipeline:Pipeline[ Id: 00ea61f9-8c6e-42a1-b808-1347cc5d7860, Nodes: 55776132-47ae-4aef-91b7-92633cf48f43{ip: 192.168.5.184, host: pr-hdds-2022-qxstf-1422721469, networkLocation: /default-rack, certSerialId: null}b176f217-5116-4f29-ae6c-8c5fe7374010{ip: 192.168.5.184, host: pr-hdds-2022-qxstf-1422721469, networkLocation: /default-rack, certSerialId: null}c5a5e6b7-bb1e-4cfc-8262-1ca252faf540{ip: 192.168.5.184, host: pr-hdds-2022-qxstf-1422721469, networkLocation: /default-rack, certSerialId: null}, Type:RATIS, Factor:THREE, State:CLOSED]
2019-09-16 16:54:54,031 [b176f217-5116-4f29-ae6c-8c5fe7374010@group-1347CC5D7860-SegmentedRaftLogWorker] WARN  segmented.SegmentedRaftLogWorker (SegmentedRaftLogWorker.java:getFromFuture(90)) - Timeout 14/~
org.apache.ratis.protocol.TimeoutIOException: Timeout 10s: WriteLog:12: (t:1, i:12), STATEMACHINELOGENTRY, client-0133849F436F, cid=22-writeStateMachineData
	at org.apache.ratis.util.IOUtils.getFromFuture(IOUtils.java:87)
	at org.apache.ratis.server.raftlog.segmented.SegmentedRaftLogWorker$StateMachineDataPolicy.getFromFuture(SegmentedRaftLogWorker.java:87)
	at org.apache.ratis.server.raftlog.segmented.SegmentedRaftLogWorker$WriteLog.execute(SegmentedRaftLogWorker.java:477)
	at org.apache.ratis.server.raftlog.segmented.SegmentedRaftLogWorker.run(SegmentedRaftLogWorker.java:289)
	at java.lang.Thread.run(Thread.java:748)
Caused by: java.util.concurrent.TimeoutException
	at java.util.concurrent.CompletableFuture.timedGet(CompletableFuture.java:1771)
	at java.util.concurrent.CompletableFuture.get(CompletableFuture.java:1915)
	at org.apache.ratis.util.IOUtils.getFromFuture(IOUtils.java:79)
	... 4 more
2019-09-16 16:54:54,040 [c5a5e6b7-bb1e-4cfc-8262-1ca252faf540@group-1347CC5D7860-SegmentedRaftLogWorker] WARN  segmented.SegmentedRaftLogWorker (SegmentedRaftLogWorker.java:getFromFuture(90)) - Timeout 14/~
org.apache.ratis.protocol.TimeoutIOException: Timeout 10s: WriteLog:12: (t:1, i:12), STATEMACHINELOGENTRY, client-0133849F436F, cid=22-writeStateMachineData
	at org.apache.ratis.util.IOUtils.getFromFuture(IOUtils.java:87)
	at org.apache.ratis.server.raftlog.segmented.SegmentedRaftLogWorker$StateMachineDataPolicy.getFromFuture(SegmentedRaftLogWorker.java:87)
	at org.apache.ratis.server.raftlog.segmented.SegmentedRaftLogWorker$WriteLog.execute(SegmentedRaftLogWorker.java:477)
	at org.apache.ratis.server.raftlog.segmented.SegmentedRaftLogWorker.run(SegmentedRaftLogWorker.java:289)
	at java.lang.Thread.run(Thread.java:748)
Caused by: java.util.concurrent.TimeoutException
	at java.util.concurrent.CompletableFuture.timedGet(CompletableFuture.java:1771)
	at java.util.concurrent.CompletableFuture.get(CompletableFuture.java:1915)
	at org.apache.ratis.util.IOUtils.getFromFuture(IOUtils.java:79)
	... 4 more
2019-09-16 16:54:54,041 [55776132-47ae-4aef-91b7-92633cf48f43@group-1347CC5D7860-SegmentedRaftLogWorker] WARN  segmented.SegmentedRaftLogWorker (SegmentedRaftLogWorker.java:getFromFuture(90)) - Timeout 14/~
org.apache.ratis.protocol.TimeoutIOException: Timeout 10s: WriteLog:12: (t:1, i:12), STATEMACHINELOGENTRY, client-0133849F436F, cid=22-writeStateMachineData
	at org.apache.ratis.util.IOUtils.getFromFuture(IOUtils.java:87)
	at org.apache.ratis.server.raftlog.segmented.SegmentedRaftLogWorker$StateMachineDataPolicy.getFromFuture(SegmentedRaftLogWorker.java:87)
	at org.apache.ratis.server.raftlog.segmented.SegmentedRaftLogWorker$WriteLog.execute(SegmentedRaftLogWorker.java:477)
	at org.apache.ratis.server.raftlog.segmented.SegmentedRaftLogWorker.run(SegmentedRaftLogWorker.java:289)
	at java.lang.Thread.run(Thread.java:748)
Caused by: java.util.concurrent.TimeoutException
	at java.util.concurrent.CompletableFuture.timedGet(CompletableFuture.java:1771)
	at java.util.concurrent.CompletableFuture.get(CompletableFuture.java:1915)
	at org.apache.ratis.util.IOUtils.getFromFuture(IOUtils.java:79)
	... 4 more
2019-09-16 16:54:54,566 [org.apache.ratis.server.impl.LogAppender$AppenderDaemon$$Lambda$508/1360433104@3006e326] ERROR ratis.XceiverServerRatis (XceiverServerRatis.java:triggerPipelineClose(575)) - pipeline Action CLOSE  on pipeline PipelineID=00ea61f9-8c6e-42a1-b808-1347cc5d7860.Reason : b176f217-5116-4f29-ae6c-8c5fe7374010 has not seen follower/s 55776132-47ae-4aef-91b7-92633cf48f43 for 151580ms c5a5e6b7-bb1e-4cfc-8262-1ca252faf540 for 151591ms
2019-09-16 16:54:54,566 [org.apache.ratis.server.impl.LogAppender$AppenderDaemon$$Lambda$508/1360433104@52b3dd57] ERROR ratis.XceiverServerRatis (XceiverServerRatis.java:triggerPipelineClose(575)) - pipeline Action CLOSE  on pipeline PipelineID=00ea61f9-8c6e-42a1-b808-1347cc5d7860.Reason : b176f217-5116-4f29-ae6c-8c5fe7374010 has not seen follower/s 55776132-47ae-4aef-91b7-92633cf48f43 for 151580ms c5a5e6b7-bb1e-4cfc-8262-1ca252faf540 for 151591ms
2019-09-16 16:54:55,059 [EventQueue-PipelineActionsForPipelineActionHandler] ERROR pipeline.PipelineActionHandler (PipelineActionHandler.java:onMessage(60)) - Received pipeline action CLOSE for Pipeline[ Id: 00ea61f9-8c6e-42a1-b808-1347cc5d7860, Nodes: 55776132-47ae-4aef-91b7-92633cf48f43{ip: 192.168.5.184, host: pr-hdds-2022-qxstf-1422721469, networkLocation: /default-rack, certSerialId: null}b176f217-5116-4f29-ae6c-8c5fe7374010{ip: 192.168.5.184, host: pr-hdds-2022-qxstf-1422721469, networkLocation: /default-rack, certSerialId: null}c5a5e6b7-bb1e-4cfc-8262-1ca252faf540{ip: 192.168.5.184, host: pr-hdds-2022-qxstf-1422721469, networkLocation: /default-rack, certSerialId: null}, Type:RATIS, Factor:THREE, State:CLOSED] from datanode b176f217-5116-4f29-ae6c-8c5fe7374010{ip: 192.168.5.184, host: pr-hdds-2022-qxstf-1422721469, networkLocation: /default-rack, certSerialId: null}. Reason : b176f217-5116-4f29-ae6c-8c5fe7374010 has not seen follower/s 55776132-47ae-4aef-91b7-92633cf48f43 for 151580ms c5a5e6b7-bb1e-4cfc-8262-1ca252faf540 for 151591ms
2019-09-16 16:54:55,059 [EventQueue-PipelineActionsForPipelineActionHandler] INFO  pipeline.SCMPipelineManager (SCMPipelineManager.java:finalizeAndDestroyPipeline(311)) - destroying pipeline:Pipeline[ Id: 00ea61f9-8c6e-42a1-b808-1347cc5d7860, Nodes: 55776132-47ae-4aef-91b7-92633cf48f43{ip: 192.168.5.184, host: pr-hdds-2022-qxstf-1422721469, networkLocation: /default-rack, certSerialId: null}b176f217-5116-4f29-ae6c-8c5fe7374010{ip: 192.168.5.184, host: pr-hdds-2022-qxstf-1422721469, networkLocation: /default-rack, certSerialId: null}c5a5e6b7-bb1e-4cfc-8262-1ca252faf540{ip: 192.168.5.184, host: pr-hdds-2022-qxstf-1422721469, networkLocation: /default-rack, certSerialId: null}, Type:RATIS, Factor:THREE, State:CLOSED]
2019-09-16 16:54:55,064 [java.util.concurrent.ThreadPoolExecutor$Worker@21b2b3ee[State = -1, empty queue]] WARN  server.GrpcLogAppender (GrpcLogAppender.java:timeoutAppendRequest(200)) - b176f217-5116-4f29-ae6c-8c5fe7374010@group-1347CC5D7860->c5a5e6b7-bb1e-4cfc-8262-1ca252faf540-GrpcLogAppender: appendEntries Timeout, request=b176f217-5116-4f29-ae6c-8c5fe7374010->c5a5e6b7-bb1e-4cfc-8262-1ca252faf540#76-t1, previous=(t:1, i:14), leaderCommit=10, initializing? false, entries: <empty>
2019-09-16 16:54:55,064 [java.util.concurrent.ThreadPoolExecutor$Worker@2c29679b[State = -1, empty queue]] WARN  server.GrpcLogAppender (GrpcLogAppender.java:timeoutAppendRequest(200)) - b176f217-5116-4f29-ae6c-8c5fe7374010@group-1347CC5D7860->55776132-47ae-4aef-91b7-92633cf48f43-GrpcLogAppender: appendEntries Timeout, request=b176f217-5116-4f29-ae6c-8c5fe7374010->55776132-47ae-4aef-91b7-92633cf48f43#76-t1, previous=(t:1, i:14), leaderCommit=10, initializing? false, entries: <empty>
2019-09-16 16:54:55,337 [grpc-default-executor-0] INFO  client.GrpcClientProtocolClient (GrpcClientProtocolClient.java:onNext(264)) - client-0133849F436F->55776132-47ae-4aef-91b7-92633cf48f43: receive RaftClientReply:client-0133849F436F->55776132-47ae-4aef-91b7-92633cf48f43@group-1347CC5D7860, cid=21, FAILED org.apache.ratis.protocol.NotLeaderException: Server 55776132-47ae-4aef-91b7-92633cf48f43@group-1347CC5D7860 is not the leader b176f217-5116-4f29-ae6c-8c5fe7374010:192.168.5.184:36714, logIndex=0, commits[55776132-47ae-4aef-91b7-92633cf48f43:c10, c5a5e6b7-bb1e-4cfc-8262-1ca252faf540:c6, b176f217-5116-4f29-ae6c-8c5fe7374010:c10]
2019-09-16 16:54:57,067 [org.apache.ratis.server.impl.LogAppender$AppenderDaemon$$Lambda$508/1360433104@3006e326] ERROR ratis.XceiverServerRatis (XceiverServerRatis.java:triggerPipelineClose(575)) - pipeline Action CLOSE  on pipeline PipelineID=00ea61f9-8c6e-42a1-b808-1347cc5d7860.Reason : b176f217-5116-4f29-ae6c-8c5fe7374010 has not seen follower/s 55776132-47ae-4aef-91b7-92633cf48f43 for 154081ms c5a5e6b7-bb1e-4cfc-8262-1ca252faf540 for 154092ms
2019-09-16 16:54:57,067 [org.apache.ratis.server.impl.LogAppender$AppenderDaemon$$Lambda$508/1360433104@52b3dd57] ERROR ratis.XceiverServerRatis (XceiverServerRatis.java:triggerPipelineClose(575)) - pipeline Action CLOSE  on pipeline PipelineID=00ea61f9-8c6e-42a1-b808-1347cc5d7860.Reason : b176f217-5116-4f29-ae6c-8c5fe7374010 has not seen follower/s 55776132-47ae-4aef-91b7-92633cf48f43 for 154082ms c5a5e6b7-bb1e-4cfc-8262-1ca252faf540 for 154092ms
2019-09-16 16:54:57,566 [java.util.concurrent.ThreadPoolExecutor$Worker@2c29679b[State = -1, empty queue]] WARN  server.GrpcLogAppender (GrpcLogAppender.java:timeoutAppendRequest(200)) - b176f217-5116-4f29-ae6c-8c5fe7374010@group-1347CC5D7860->55776132-47ae-4aef-91b7-92633cf48f43-GrpcLogAppender: appendEntries Timeout, request=b176f217-5116-4f29-ae6c-8c5fe7374010->55776132-47ae-4aef-91b7-92633cf48f43#77-t1, previous=(t:1, i:14), leaderCommit=10, initializing? false, entries: <empty>
2019-09-16 16:54:57,566 [java.util.concurrent.ThreadPoolExecutor$Worker@21b2b3ee[State = -1, empty queue]] WARN  server.GrpcLogAppender (GrpcLogAppender.java:timeoutAppendRequest(200)) - b176f217-5116-4f29-ae6c-8c5fe7374010@group-1347CC5D7860->c5a5e6b7-bb1e-4cfc-8262-1ca252faf540-GrpcLogAppender: appendEntries Timeout, request=b176f217-5116-4f29-ae6c-8c5fe7374010->c5a5e6b7-bb1e-4cfc-8262-1ca252faf540#77-t1, previous=(t:1, i:14), leaderCommit=10, initializing? false, entries: <empty>
2019-09-16 16:54:58,060 [EventQueue-PipelineActionsForPipelineActionHandler] ERROR pipeline.PipelineActionHandler (PipelineActionHandler.java:onMessage(60)) - Received pipeline action CLOSE for Pipeline[ Id: 00ea61f9-8c6e-42a1-b808-1347cc5d7860, Nodes: 55776132-47ae-4aef-91b7-92633cf48f43{ip: 192.168.5.184, host: pr-hdds-2022-qxstf-1422721469, networkLocation: /default-rack, certSerialId: null}b176f217-5116-4f29-ae6c-8c5fe7374010{ip: 192.168.5.184, host: pr-hdds-2022-qxstf-1422721469, networkLocation: /default-rack, certSerialId: null}c5a5e6b7-bb1e-4cfc-8262-1ca252faf540{ip: 192.168.5.184, host: pr-hdds-2022-qxstf-1422721469, networkLocation: /default-rack, certSerialId: null}, Type:RATIS, Factor:THREE, State:CLOSED] from datanode b176f217-5116-4f29-ae6c-8c5fe7374010{ip: 192.168.5.184, host: pr-hdds-2022-qxstf-1422721469, networkLocation: /default-rack, certSerialId: null}. Reason : b176f217-5116-4f29-ae6c-8c5fe7374010 has not seen follower/s 55776132-47ae-4aef-91b7-92633cf48f43 for 154081ms c5a5e6b7-bb1e-4cfc-8262-1ca252faf540 for 154092ms
2019-09-16 16:54:58,060 [EventQueue-PipelineActionsForPipelineActionHandler] INFO  pipeline.SCMPipelineManager (SCMPipelineManager.java:finalizeAndDestroyPipeline(311)) - destroying pipeline:Pipeline[ Id: 00ea61f9-8c6e-42a1-b808-1347cc5d7860, Nodes: 55776132-47ae-4aef-91b7-92633cf48f43{ip: 192.168.5.184, host: pr-hdds-2022-qxstf-1422721469, networkLocation: /default-rack, certSerialId: null}b176f217-5116-4f29-ae6c-8c5fe7374010{ip: 192.168.5.184, host: pr-hdds-2022-qxstf-1422721469, networkLocation: /default-rack, certSerialId: null}c5a5e6b7-bb1e-4cfc-8262-1ca252faf540{ip: 192.168.5.184, host: pr-hdds-2022-qxstf-1422721469, networkLocation: /default-rack, certSerialId: null}, Type:RATIS, Factor:THREE, State:CLOSED]
2019-09-16 16:54:59,568 [org.apache.ratis.server.impl.LogAppender$AppenderDaemon$$Lambda$508/1360433104@3006e326] ERROR ratis.XceiverServerRatis (XceiverServerRatis.java:triggerPipelineClose(575)) - pipeline Action CLOSE  on pipeline PipelineID=00ea61f9-8c6e-42a1-b808-1347cc5d7860.Reason : b176f217-5116-4f29-ae6c-8c5fe7374010 has not seen follower/s 55776132-47ae-4aef-91b7-92633cf48f43 for 156583ms c5a5e6b7-bb1e-4cfc-8262-1ca252faf540 for 156594ms
2019-09-16 16:54:59,568 [org.apache.ratis.server.impl.LogAppender$AppenderDaemon$$Lambda$508/1360433104@52b3dd57] ERROR ratis.XceiverServerRatis (XceiverServerRatis.java:triggerPipelineClose(575)) - pipeline Action CLOSE  on pipeline PipelineID=00ea61f9-8c6e-42a1-b808-1347cc5d7860.Reason : b176f217-5116-4f29-ae6c-8c5fe7374010 has not seen follower/s 55776132-47ae-4aef-91b7-92633cf48f43 for 156583ms c5a5e6b7-bb1e-4cfc-8262-1ca252faf540 for 156594ms
2019-09-16 16:55:00,060 [EventQueue-PipelineActionsForPipelineActionHandler] ERROR pipeline.PipelineActionHandler (PipelineActionHandler.java:onMessage(60)) - Received pipeline action CLOSE for Pipeline[ Id: 00ea61f9-8c6e-42a1-b808-1347cc5d7860, Nodes: 55776132-47ae-4aef-91b7-92633cf48f43{ip: 192.168.5.184, host: pr-hdds-2022-qxstf-1422721469, networkLocation: /default-rack, certSerialId: null}b176f217-5116-4f29-ae6c-8c5fe7374010{ip: 192.168.5.184, host: pr-hdds-2022-qxstf-1422721469, networkLocation: /default-rack, certSerialId: null}c5a5e6b7-bb1e-4cfc-8262-1ca252faf540{ip: 192.168.5.184, host: pr-hdds-2022-qxstf-1422721469, networkLocation: /default-rack, certSerialId: null}, Type:RATIS, Factor:THREE, State:CLOSED] from datanode b176f217-5116-4f29-ae6c-8c5fe7374010{ip: 192.168.5.184, host: pr-hdds-2022-qxstf-1422721469, networkLocation: /default-rack, certSerialId: null}. Reason : b176f217-5116-4f29-ae6c-8c5fe7374010 has not seen follower/s 55776132-47ae-4aef-91b7-92633cf48f43 for 156583ms c5a5e6b7-bb1e-4cfc-8262-1ca252faf540 for 156594ms
2019-09-16 16:55:00,060 [EventQueue-PipelineActionsForPipelineActionHandler] INFO  pipeline.SCMPipelineManager (SCMPipelineManager.java:finalizeAndDestroyPipeline(311)) - destroying pipeline:Pipeline[ Id: 00ea61f9-8c6e-42a1-b808-1347cc5d7860, Nodes: 55776132-47ae-4aef-91b7-92633cf48f43{ip: 192.168.5.184, host: pr-hdds-2022-qxstf-1422721469, networkLocation: /default-rack, certSerialId: null}b176f217-5116-4f29-ae6c-8c5fe7374010{ip: 192.168.5.184, host: pr-hdds-2022-qxstf-1422721469, networkLocation: /default-rack, certSerialId: null}c5a5e6b7-bb1e-4cfc-8262-1ca252faf540{ip: 192.168.5.184, host: pr-hdds-2022-qxstf-1422721469, networkLocation: /default-rack, certSerialId: null}, Type:RATIS, Factor:THREE, State:CLOSED]
2019-09-16 16:55:00,067 [java.util.concurrent.ThreadPoolExecutor$Worker@2c29679b[State = -1, empty queue]] WARN  server.GrpcLogAppender (GrpcLogAppender.java:timeoutAppendRequest(200)) - b176f217-5116-4f29-ae6c-8c5fe7374010@group-1347CC5D7860->55776132-47ae-4aef-91b7-92633cf48f43-GrpcLogAppender: appendEntries Timeout, request=b176f217-5116-4f29-ae6c-8c5fe7374010->55776132-47ae-4aef-91b7-92633cf48f43#78-t1, previous=(t:1, i:14), leaderCommit=10, initializing? false, entries: <empty>
2019-09-16 16:55:00,067 [java.util.concurrent.ThreadPoolExecutor$Worker@21b2b3ee[State = -1, empty queue]] WARN  server.GrpcLogAppender (GrpcLogAppender.java:timeoutAppendRequest(200)) - b176f217-5116-4f29-ae6c-8c5fe7374010@group-1347CC5D7860->c5a5e6b7-bb1e-4cfc-8262-1ca252faf540-GrpcLogAppender: appendEntries Timeout, request=b176f217-5116-4f29-ae6c-8c5fe7374010->c5a5e6b7-bb1e-4cfc-8262-1ca252faf540#78-t1, previous=(t:1, i:14), leaderCommit=10, initializing? false, entries: <empty>
2019-09-16 16:55:00,410 [grpc-default-executor-0] INFO  client.GrpcClientProtocolClient (GrpcClientProtocolClient.java:onNext(264)) - client-0133849F436F->c5a5e6b7-bb1e-4cfc-8262-1ca252faf540: receive RaftClientReply:client-0133849F436F->c5a5e6b7-bb1e-4cfc-8262-1ca252faf540@group-1347CC5D7860, cid=21, FAILED org.apache.ratis.protocol.NotLeaderException: Server c5a5e6b7-bb1e-4cfc-8262-1ca252faf540@group-1347CC5D7860 is not the leader b176f217-5116-4f29-ae6c-8c5fe7374010:192.168.5.184:36714, logIndex=0, commits[c5a5e6b7-bb1e-4cfc-8262-1ca252faf540:c10, 55776132-47ae-4aef-91b7-92633cf48f43:c6, b176f217-5116-4f29-ae6c-8c5fe7374010:c10]
2019-09-16 16:55:02,069 [org.apache.ratis.server.impl.LogAppender$AppenderDaemon$$Lambda$508/1360433104@52b3dd57] ERROR ratis.XceiverServerRatis (XceiverServerRatis.java:triggerPipelineClose(575)) - pipeline Action CLOSE  on pipeline PipelineID=00ea61f9-8c6e-42a1-b808-1347cc5d7860.Reason : b176f217-5116-4f29-ae6c-8c5fe7374010 has not seen follower/s 55776132-47ae-4aef-91b7-92633cf48f43 for 159084ms c5a5e6b7-bb1e-4cfc-8262-1ca252faf540 for 159095ms
2019-09-16 16:55:02,069 [org.apache.ratis.server.impl.LogAppender$AppenderDaemon$$Lambda$508/1360433104@3006e326] ERROR ratis.XceiverServerRatis (XceiverServerRatis.java:triggerPipelineClose(575)) - pipeline Action CLOSE  on pipeline PipelineID=00ea61f9-8c6e-42a1-b808-1347cc5d7860.Reason : b176f217-5116-4f29-ae6c-8c5fe7374010 has not seen follower/s 55776132-47ae-4aef-91b7-92633cf48f43 for 159084ms c5a5e6b7-bb1e-4cfc-8262-1ca252faf540 for 159095ms
2019-09-16 16:55:02,568 [java.util.concurrent.ThreadPoolExecutor$Worker@2c29679b[State = -1, empty queue]] WARN  server.GrpcLogAppender (GrpcLogAppender.java:timeoutAppendRequest(200)) - b176f217-5116-4f29-ae6c-8c5fe7374010@group-1347CC5D7860->55776132-47ae-4aef-91b7-92633cf48f43-GrpcLogAppender: appendEntries Timeout, request=b176f217-5116-4f29-ae6c-8c5fe7374010->55776132-47ae-4aef-91b7-92633cf48f43#79-t1, previous=(t:1, i:14), leaderCommit=10, initializing? false, entries: <empty>
2019-09-16 16:55:02,568 [java.util.concurrent.ThreadPoolExecutor$Worker@21b2b3ee[State = -1, empty queue]] WARN  server.GrpcLogAppender (GrpcLogAppender.java:timeoutAppendRequest(200)) - b176f217-5116-4f29-ae6c-8c5fe7374010@group-1347CC5D7860->c5a5e6b7-bb1e-4cfc-8262-1ca252faf540-GrpcLogAppender: appendEntries Timeout, request=b176f217-5116-4f29-ae6c-8c5fe7374010->c5a5e6b7-bb1e-4cfc-8262-1ca252faf540#79-t1, previous=(t:1, i:14), leaderCommit=10, initializing? false, entries: <empty>
2019-09-16 16:55:03,061 [EventQueue-PipelineActionsForPipelineActionHandler] ERROR pipeline.PipelineActionHandler (PipelineActionHandler.java:onMessage(60)) - Received pipeline action CLOSE for Pipeline[ Id: 00ea61f9-8c6e-42a1-b808-1347cc5d7860, Nodes: 55776132-47ae-4aef-91b7-92633cf48f43{ip: 192.168.5.184, host: pr-hdds-2022-qxstf-1422721469, networkLocation: /default-rack, certSerialId: null}b176f217-5116-4f29-ae6c-8c5fe7374010{ip: 192.168.5.184, host: pr-hdds-2022-qxstf-1422721469, networkLocation: /default-rack, certSerialId: null}c5a5e6b7-bb1e-4cfc-8262-1ca252faf540{ip: 192.168.5.184, host: pr-hdds-2022-qxstf-1422721469, networkLocation: /default-rack, certSerialId: null}, Type:RATIS, Factor:THREE, State:CLOSED] from datanode b176f217-5116-4f29-ae6c-8c5fe7374010{ip: 192.168.5.184, host: pr-hdds-2022-qxstf-1422721469, networkLocation: /default-rack, certSerialId: null}. Reason : b176f217-5116-4f29-ae6c-8c5fe7374010 has not seen follower/s 55776132-47ae-4aef-91b7-92633cf48f43 for 159084ms c5a5e6b7-bb1e-4cfc-8262-1ca252faf540 for 159095ms
2019-09-16 16:55:03,061 [EventQueue-PipelineActionsForPipelineActionHandler] INFO  pipeline.SCMPipelineManager (SCMPipelineManager.java:finalizeAndDestroyPipeline(311)) - destroying pipeline:Pipeline[ Id: 00ea61f9-8c6e-42a1-b808-1347cc5d7860, Nodes: 55776132-47ae-4aef-91b7-92633cf48f43{ip: 192.168.5.184, host: pr-hdds-2022-qxstf-1422721469, networkLocation: /default-rack, certSerialId: null}b176f217-5116-4f29-ae6c-8c5fe7374010{ip: 192.168.5.184, host: pr-hdds-2022-qxstf-1422721469, networkLocation: /default-rack, certSerialId: null}c5a5e6b7-bb1e-4cfc-8262-1ca252faf540{ip: 192.168.5.184, host: pr-hdds-2022-qxstf-1422721469, networkLocation: /default-rack, certSerialId: null}, Type:RATIS, Factor:THREE, State:CLOSED]
2019-09-16 16:55:04,032 [b176f217-5116-4f29-ae6c-8c5fe7374010@group-1347CC5D7860-SegmentedRaftLogWorker] WARN  segmented.SegmentedRaftLogWorker (SegmentedRaftLogWorker.java:getFromFuture(90)) - Timeout 15/~
org.apache.ratis.protocol.TimeoutIOException: Timeout 10s: WriteLog:12: (t:1, i:12), STATEMACHINELOGENTRY, client-0133849F436F, cid=22-writeStateMachineData
	at org.apache.ratis.util.IOUtils.getFromFuture(IOUtils.java:87)
	at org.apache.ratis.server.raftlog.segmented.SegmentedRaftLogWorker$StateMachineDataPolicy.getFromFuture(SegmentedRaftLogWorker.java:87)
	at org.apache.ratis.server.raftlog.segmented.SegmentedRaftLogWorker$WriteLog.execute(SegmentedRaftLogWorker.java:477)
	at org.apache.ratis.server.raftlog.segmented.SegmentedRaftLogWorker.run(SegmentedRaftLogWorker.java:289)
	at java.lang.Thread.run(Thread.java:748)
Caused by: java.util.concurrent.TimeoutException
	at java.util.concurrent.CompletableFuture.timedGet(CompletableFuture.java:1771)
	at java.util.concurrent.CompletableFuture.get(CompletableFuture.java:1915)
	at org.apache.ratis.util.IOUtils.getFromFuture(IOUtils.java:79)
	... 4 more
2019-09-16 16:55:04,041 [c5a5e6b7-bb1e-4cfc-8262-1ca252faf540@group-1347CC5D7860-SegmentedRaftLogWorker] WARN  segmented.SegmentedRaftLogWorker (SegmentedRaftLogWorker.java:getFromFuture(90)) - Timeout 15/~
org.apache.ratis.protocol.TimeoutIOException: Timeout 10s: WriteLog:12: (t:1, i:12), STATEMACHINELOGENTRY, client-0133849F436F, cid=22-writeStateMachineData
	at org.apache.ratis.util.IOUtils.getFromFuture(IOUtils.java:87)
	at org.apache.ratis.server.raftlog.segmented.SegmentedRaftLogWorker$StateMachineDataPolicy.getFromFuture(SegmentedRaftLogWorker.java:87)
	at org.apache.ratis.server.raftlog.segmented.SegmentedRaftLogWorker$WriteLog.execute(SegmentedRaftLogWorker.java:477)
	at org.apache.ratis.server.raftlog.segmented.SegmentedRaftLogWorker.run(SegmentedRaftLogWorker.java:289)
	at java.lang.Thread.run(Thread.java:748)
Caused by: java.util.concurrent.TimeoutException
	at java.util.concurrent.CompletableFuture.timedGet(CompletableFuture.java:1771)
	at java.util.concurrent.CompletableFuture.get(CompletableFuture.java:1915)
	at org.apache.ratis.util.IOUtils.getFromFuture(IOUtils.java:79)
	... 4 more
2019-09-16 16:55:04,063 [55776132-47ae-4aef-91b7-92633cf48f43@group-1347CC5D7860-SegmentedRaftLogWorker] WARN  segmented.SegmentedRaftLogWorker (SegmentedRaftLogWorker.java:getFromFuture(90)) - Timeout 15/~
org.apache.ratis.protocol.TimeoutIOException: Timeout 10s: WriteLog:12: (t:1, i:12), STATEMACHINELOGENTRY, client-0133849F436F, cid=22-writeStateMachineData
	at org.apache.ratis.util.IOUtils.getFromFuture(IOUtils.java:87)
	at org.apache.ratis.server.raftlog.segmented.SegmentedRaftLogWorker$StateMachineDataPolicy.getFromFuture(SegmentedRaftLogWorker.java:87)
	at org.apache.ratis.server.raftlog.segmented.SegmentedRaftLogWorker$WriteLog.execute(SegmentedRaftLogWorker.java:477)
	at org.apache.ratis.server.raftlog.segmented.SegmentedRaftLogWorker.run(SegmentedRaftLogWorker.java:289)
	at java.lang.Thread.run(Thread.java:748)
Caused by: java.util.concurrent.TimeoutException
	at java.util.concurrent.CompletableFuture.timedGet(CompletableFuture.java:1771)
	at java.util.concurrent.CompletableFuture.get(CompletableFuture.java:1915)
	at org.apache.ratis.util.IOUtils.getFromFuture(IOUtils.java:79)
	... 4 more
2019-09-16 16:55:04,570 [org.apache.ratis.server.impl.LogAppender$AppenderDaemon$$Lambda$508/1360433104@3006e326] ERROR ratis.XceiverServerRatis (XceiverServerRatis.java:triggerPipelineClose(575)) - pipeline Action CLOSE  on pipeline PipelineID=00ea61f9-8c6e-42a1-b808-1347cc5d7860.Reason : b176f217-5116-4f29-ae6c-8c5fe7374010 has not seen follower/s 55776132-47ae-4aef-91b7-92633cf48f43 for 161585ms c5a5e6b7-bb1e-4cfc-8262-1ca252faf540 for 161596ms
2019-09-16 16:55:04,571 [org.apache.ratis.server.impl.LogAppender$AppenderDaemon$$Lambda$508/1360433104@52b3dd57] ERROR ratis.XceiverServerRatis (XceiverServerRatis.java:triggerPipelineClose(575)) - pipeline Action CLOSE  on pipeline PipelineID=00ea61f9-8c6e-42a1-b808-1347cc5d7860.Reason : b176f217-5116-4f29-ae6c-8c5fe7374010 has not seen follower/s 55776132-47ae-4aef-91b7-92633cf48f43 for 161585ms c5a5e6b7-bb1e-4cfc-8262-1ca252faf540 for 161596ms
2019-09-16 16:55:05,064 [EventQueue-PipelineActionsForPipelineActionHandler] ERROR pipeline.PipelineActionHandler (PipelineActionHandler.java:onMessage(60)) - Received pipeline action CLOSE for Pipeline[ Id: 00ea61f9-8c6e-42a1-b808-1347cc5d7860, Nodes: 55776132-47ae-4aef-91b7-92633cf48f43{ip: 192.168.5.184, host: pr-hdds-2022-qxstf-1422721469, networkLocation: /default-rack, certSerialId: null}b176f217-5116-4f29-ae6c-8c5fe7374010{ip: 192.168.5.184, host: pr-hdds-2022-qxstf-1422721469, networkLocation: /default-rack, certSerialId: null}c5a5e6b7-bb1e-4cfc-8262-1ca252faf540{ip: 192.168.5.184, host: pr-hdds-2022-qxstf-1422721469, networkLocation: /default-rack, certSerialId: null}, Type:RATIS, Factor:THREE, State:CLOSED] from datanode b176f217-5116-4f29-ae6c-8c5fe7374010{ip: 192.168.5.184, host: pr-hdds-2022-qxstf-1422721469, networkLocation: /default-rack, certSerialId: null}. Reason : b176f217-5116-4f29-ae6c-8c5fe7374010 has not seen follower/s 55776132-47ae-4aef-91b7-92633cf48f43 for 161585ms c5a5e6b7-bb1e-4cfc-8262-1ca252faf540 for 161596ms
2019-09-16 16:55:05,065 [EventQueue-PipelineActionsForPipelineActionHandler] INFO  pipeline.SCMPipelineManager (SCMPipelineManager.java:finalizeAndDestroyPipeline(311)) - destroying pipeline:Pipeline[ Id: 00ea61f9-8c6e-42a1-b808-1347cc5d7860, Nodes: 55776132-47ae-4aef-91b7-92633cf48f43{ip: 192.168.5.184, host: pr-hdds-2022-qxstf-1422721469, networkLocation: /default-rack, certSerialId: null}b176f217-5116-4f29-ae6c-8c5fe7374010{ip: 192.168.5.184, host: pr-hdds-2022-qxstf-1422721469, networkLocation: /default-rack, certSerialId: null}c5a5e6b7-bb1e-4cfc-8262-1ca252faf540{ip: 192.168.5.184, host: pr-hdds-2022-qxstf-1422721469, networkLocation: /default-rack, certSerialId: null}, Type:RATIS, Factor:THREE, State:CLOSED]
2019-09-16 16:55:05,069 [java.util.concurrent.ThreadPoolExecutor$Worker@21b2b3ee[State = -1, empty queue]] WARN  server.GrpcLogAppender (GrpcLogAppender.java:timeoutAppendRequest(200)) - b176f217-5116-4f29-ae6c-8c5fe7374010@group-1347CC5D7860->c5a5e6b7-bb1e-4cfc-8262-1ca252faf540-GrpcLogAppender: appendEntries Timeout, request=b176f217-5116-4f29-ae6c-8c5fe7374010->c5a5e6b7-bb1e-4cfc-8262-1ca252faf540#80-t1, previous=(t:1, i:14), leaderCommit=10, initializing? false, entries: <empty>
2019-09-16 16:55:05,069 [java.util.concurrent.ThreadPoolExecutor$Worker@2c29679b[State = -1, empty queue]] WARN  server.GrpcLogAppender (GrpcLogAppender.java:timeoutAppendRequest(200)) - b176f217-5116-4f29-ae6c-8c5fe7374010@group-1347CC5D7860->55776132-47ae-4aef-91b7-92633cf48f43-GrpcLogAppender: appendEntries Timeout, request=b176f217-5116-4f29-ae6c-8c5fe7374010->55776132-47ae-4aef-91b7-92633cf48f43#80-t1, previous=(t:1, i:14), leaderCommit=10, initializing? false, entries: <empty>
2019-09-16 16:55:05,462 [grpc-default-executor-0] INFO  client.GrpcClientProtocolClient (GrpcClientProtocolClient.java:onNext(264)) - client-0133849F436F->c5a5e6b7-bb1e-4cfc-8262-1ca252faf540: receive RaftClientReply:client-0133849F436F->c5a5e6b7-bb1e-4cfc-8262-1ca252faf540@group-1347CC5D7860, cid=21, FAILED org.apache.ratis.protocol.NotLeaderException: Server c5a5e6b7-bb1e-4cfc-8262-1ca252faf540@group-1347CC5D7860 is not the leader b176f217-5116-4f29-ae6c-8c5fe7374010:192.168.5.184:36714, logIndex=0, commits[c5a5e6b7-bb1e-4cfc-8262-1ca252faf540:c10, 55776132-47ae-4aef-91b7-92633cf48f43:c6, b176f217-5116-4f29-ae6c-8c5fe7374010:c10]
2019-09-16 16:55:07,072 [org.apache.ratis.server.impl.LogAppender$AppenderDaemon$$Lambda$508/1360433104@52b3dd57] ERROR ratis.XceiverServerRatis (XceiverServerRatis.java:triggerPipelineClose(575)) - pipeline Action CLOSE  on pipeline PipelineID=00ea61f9-8c6e-42a1-b808-1347cc5d7860.Reason : b176f217-5116-4f29-ae6c-8c5fe7374010 has not seen follower/s 55776132-47ae-4aef-91b7-92633cf48f43 for 164086ms c5a5e6b7-bb1e-4cfc-8262-1ca252faf540 for 164097ms
2019-09-16 16:55:07,072 [org.apache.ratis.server.impl.LogAppender$AppenderDaemon$$Lambda$508/1360433104@3006e326] ERROR ratis.XceiverServerRatis (XceiverServerRatis.java:triggerPipelineClose(575)) - pipeline Action CLOSE  on pipeline PipelineID=00ea61f9-8c6e-42a1-b808-1347cc5d7860.Reason : b176f217-5116-4f29-ae6c-8c5fe7374010 has not seen follower/s 55776132-47ae-4aef-91b7-92633cf48f43 for 164086ms c5a5e6b7-bb1e-4cfc-8262-1ca252faf540 for 164097ms
2019-09-16 16:55:07,570 [java.util.concurrent.ThreadPoolExecutor$Worker@2c29679b[State = -1, empty queue]] WARN  server.GrpcLogAppender (GrpcLogAppender.java:timeoutAppendRequest(200)) - b176f217-5116-4f29-ae6c-8c5fe7374010@group-1347CC5D7860->55776132-47ae-4aef-91b7-92633cf48f43-GrpcLogAppender: appendEntries Timeout, request=b176f217-5116-4f29-ae6c-8c5fe7374010->55776132-47ae-4aef-91b7-92633cf48f43#81-t1, previous=(t:1, i:14), leaderCommit=10, initializing? false, entries: <empty>
2019-09-16 16:55:07,571 [java.util.concurrent.ThreadPoolExecutor$Worker@21b2b3ee[State = -1, empty queue]] WARN  server.GrpcLogAppender (GrpcLogAppender.java:timeoutAppendRequest(200)) - b176f217-5116-4f29-ae6c-8c5fe7374010@group-1347CC5D7860->c5a5e6b7-bb1e-4cfc-8262-1ca252faf540-GrpcLogAppender: appendEntries Timeout, request=b176f217-5116-4f29-ae6c-8c5fe7374010->c5a5e6b7-bb1e-4cfc-8262-1ca252faf540#81-t1, previous=(t:1, i:14), leaderCommit=10, initializing? false, entries: <empty>
2019-09-16 16:55:08,064 [EventQueue-PipelineActionsForPipelineActionHandler] ERROR pipeline.PipelineActionHandler (PipelineActionHandler.java:onMessage(60)) - Received pipeline action CLOSE for Pipeline[ Id: 00ea61f9-8c6e-42a1-b808-1347cc5d7860, Nodes: 55776132-47ae-4aef-91b7-92633cf48f43{ip: 192.168.5.184, host: pr-hdds-2022-qxstf-1422721469, networkLocation: /default-rack, certSerialId: null}b176f217-5116-4f29-ae6c-8c5fe7374010{ip: 192.168.5.184, host: pr-hdds-2022-qxstf-1422721469, networkLocation: /default-rack, certSerialId: null}c5a5e6b7-bb1e-4cfc-8262-1ca252faf540{ip: 192.168.5.184, host: pr-hdds-2022-qxstf-1422721469, networkLocation: /default-rack, certSerialId: null}, Type:RATIS, Factor:THREE, State:CLOSED] from datanode b176f217-5116-4f29-ae6c-8c5fe7374010{ip: 192.168.5.184, host: pr-hdds-2022-qxstf-1422721469, networkLocation: /default-rack, certSerialId: null}. Reason : b176f217-5116-4f29-ae6c-8c5fe7374010 has not seen follower/s 55776132-47ae-4aef-91b7-92633cf48f43 for 164086ms c5a5e6b7-bb1e-4cfc-8262-1ca252faf540 for 164097ms
2019-09-16 16:55:08,065 [EventQueue-PipelineActionsForPipelineActionHandler] INFO  pipeline.SCMPipelineManager (SCMPipelineManager.java:finalizeAndDestroyPipeline(311)) - destroying pipeline:Pipeline[ Id: 00ea61f9-8c6e-42a1-b808-1347cc5d7860, Nodes: 55776132-47ae-4aef-91b7-92633cf48f43{ip: 192.168.5.184, host: pr-hdds-2022-qxstf-1422721469, networkLocation: /default-rack, certSerialId: null}b176f217-5116-4f29-ae6c-8c5fe7374010{ip: 192.168.5.184, host: pr-hdds-2022-qxstf-1422721469, networkLocation: /default-rack, certSerialId: null}c5a5e6b7-bb1e-4cfc-8262-1ca252faf540{ip: 192.168.5.184, host: pr-hdds-2022-qxstf-1422721469, networkLocation: /default-rack, certSerialId: null}, Type:RATIS, Factor:THREE, State:CLOSED]
2019-09-16 16:55:09,572 [org.apache.ratis.server.impl.LogAppender$AppenderDaemon$$Lambda$508/1360433104@52b3dd57] ERROR ratis.XceiverServerRatis (XceiverServerRatis.java:triggerPipelineClose(575)) - pipeline Action CLOSE  on pipeline PipelineID=00ea61f9-8c6e-42a1-b808-1347cc5d7860.Reason : b176f217-5116-4f29-ae6c-8c5fe7374010 has not seen follower/s 55776132-47ae-4aef-91b7-92633cf48f43 for 166587ms c5a5e6b7-bb1e-4cfc-8262-1ca252faf540 for 166598ms
2019-09-16 16:55:09,572 [org.apache.ratis.server.impl.LogAppender$AppenderDaemon$$Lambda$508/1360433104@3006e326] ERROR ratis.XceiverServerRatis (XceiverServerRatis.java:triggerPipelineClose(575)) - pipeline Action CLOSE  on pipeline PipelineID=00ea61f9-8c6e-42a1-b808-1347cc5d7860.Reason : b176f217-5116-4f29-ae6c-8c5fe7374010 has not seen follower/s 55776132-47ae-4aef-91b7-92633cf48f43 for 166587ms c5a5e6b7-bb1e-4cfc-8262-1ca252faf540 for 166598ms
2019-09-16 16:55:10,064 [EventQueue-PipelineActionsForPipelineActionHandler] ERROR pipeline.PipelineActionHandler (PipelineActionHandler.java:onMessage(60)) - Received pipeline action CLOSE for Pipeline[ Id: 00ea61f9-8c6e-42a1-b808-1347cc5d7860, Nodes: 55776132-47ae-4aef-91b7-92633cf48f43{ip: 192.168.5.184, host: pr-hdds-2022-qxstf-1422721469, networkLocation: /default-rack, certSerialId: null}b176f217-5116-4f29-ae6c-8c5fe7374010{ip: 192.168.5.184, host: pr-hdds-2022-qxstf-1422721469, networkLocation: /default-rack, certSerialId: null}c5a5e6b7-bb1e-4cfc-8262-1ca252faf540{ip: 192.168.5.184, host: pr-hdds-2022-qxstf-1422721469, networkLocation: /default-rack, certSerialId: null}, Type:RATIS, Factor:THREE, State:CLOSED] from datanode b176f217-5116-4f29-ae6c-8c5fe7374010{ip: 192.168.5.184, host: pr-hdds-2022-qxstf-1422721469, networkLocation: /default-rack, certSerialId: null}. Reason : b176f217-5116-4f29-ae6c-8c5fe7374010 has not seen follower/s 55776132-47ae-4aef-91b7-92633cf48f43 for 166587ms c5a5e6b7-bb1e-4cfc-8262-1ca252faf540 for 166598ms
2019-09-16 16:55:10,065 [EventQueue-PipelineActionsForPipelineActionHandler] INFO  pipeline.SCMPipelineManager (SCMPipelineManager.java:finalizeAndDestroyPipeline(311)) - destroying pipeline:Pipeline[ Id: 00ea61f9-8c6e-42a1-b808-1347cc5d7860, Nodes: 55776132-47ae-4aef-91b7-92633cf48f43{ip: 192.168.5.184, host: pr-hdds-2022-qxstf-1422721469, networkLocation: /default-rack, certSerialId: null}b176f217-5116-4f29-ae6c-8c5fe7374010{ip: 192.168.5.184, host: pr-hdds-2022-qxstf-1422721469, networkLocation: /default-rack, certSerialId: null}c5a5e6b7-bb1e-4cfc-8262-1ca252faf540{ip: 192.168.5.184, host: pr-hdds-2022-qxstf-1422721469, networkLocation: /default-rack, certSerialId: null}, Type:RATIS, Factor:THREE, State:CLOSED]
2019-09-16 16:55:10,071 [java.util.concurrent.ThreadPoolExecutor$Worker@21b2b3ee[State = -1, empty queue]] WARN  server.GrpcLogAppender (GrpcLogAppender.java:timeoutAppendRequest(200)) - b176f217-5116-4f29-ae6c-8c5fe7374010@group-1347CC5D7860->c5a5e6b7-bb1e-4cfc-8262-1ca252faf540-GrpcLogAppender: appendEntries Timeout, request=b176f217-5116-4f29-ae6c-8c5fe7374010->c5a5e6b7-bb1e-4cfc-8262-1ca252faf540#82-t1, previous=(t:1, i:14), leaderCommit=10, initializing? false, entries: <empty>
2019-09-16 16:55:10,071 [java.util.concurrent.ThreadPoolExecutor$Worker@2c29679b[State = -1, empty queue]] WARN  server.GrpcLogAppender (GrpcLogAppender.java:timeoutAppendRequest(200)) - b176f217-5116-4f29-ae6c-8c5fe7374010@group-1347CC5D7860->55776132-47ae-4aef-91b7-92633cf48f43-GrpcLogAppender: appendEntries Timeout, request=b176f217-5116-4f29-ae6c-8c5fe7374010->55776132-47ae-4aef-91b7-92633cf48f43#82-t1, previous=(t:1, i:14), leaderCommit=10, initializing? false, entries: <empty>
2019-09-16 16:55:10,510 [grpc-default-executor-0] INFO  client.GrpcClientProtocolClient (GrpcClientProtocolClient.java:onNext(264)) - client-0133849F436F->55776132-47ae-4aef-91b7-92633cf48f43: receive RaftClientReply:client-0133849F436F->55776132-47ae-4aef-91b7-92633cf48f43@group-1347CC5D7860, cid=21, FAILED org.apache.ratis.protocol.NotLeaderException: Server 55776132-47ae-4aef-91b7-92633cf48f43@group-1347CC5D7860 is not the leader b176f217-5116-4f29-ae6c-8c5fe7374010:192.168.5.184:36714, logIndex=0, commits[55776132-47ae-4aef-91b7-92633cf48f43:c10, c5a5e6b7-bb1e-4cfc-8262-1ca252faf540:c6, b176f217-5116-4f29-ae6c-8c5fe7374010:c10]
2019-09-16 16:55:12,073 [org.apache.ratis.server.impl.LogAppender$AppenderDaemon$$Lambda$508/1360433104@52b3dd57] ERROR ratis.XceiverServerRatis (XceiverServerRatis.java:triggerPipelineClose(575)) - pipeline Action CLOSE  on pipeline PipelineID=00ea61f9-8c6e-42a1-b808-1347cc5d7860.Reason : b176f217-5116-4f29-ae6c-8c5fe7374010 has not seen follower/s 55776132-47ae-4aef-91b7-92633cf48f43 for 169088ms c5a5e6b7-bb1e-4cfc-8262-1ca252faf540 for 169098ms
2019-09-16 16:55:12,073 [org.apache.ratis.server.impl.LogAppender$AppenderDaemon$$Lambda$508/1360433104@3006e326] ERROR ratis.XceiverServerRatis (XceiverServerRatis.java:triggerPipelineClose(575)) - pipeline Action CLOSE  on pipeline PipelineID=00ea61f9-8c6e-42a1-b808-1347cc5d7860.Reason : b176f217-5116-4f29-ae6c-8c5fe7374010 has not seen follower/s 55776132-47ae-4aef-91b7-92633cf48f43 for 169088ms c5a5e6b7-bb1e-4cfc-8262-1ca252faf540 for 169098ms
2019-09-16 16:55:12,572 [java.util.concurrent.ThreadPoolExecutor$Worker@21b2b3ee[State = -1, empty queue]] WARN  server.GrpcLogAppender (GrpcLogAppender.java:timeoutAppendRequest(200)) - b176f217-5116-4f29-ae6c-8c5fe7374010@group-1347CC5D7860->c5a5e6b7-bb1e-4cfc-8262-1ca252faf540-GrpcLogAppender: appendEntries Timeout, request=b176f217-5116-4f29-ae6c-8c5fe7374010->c5a5e6b7-bb1e-4cfc-8262-1ca252faf540#83-t1, previous=(t:1, i:14), leaderCommit=10, initializing? false, entries: <empty>
2019-09-16 16:55:12,572 [java.util.concurrent.ThreadPoolExecutor$Worker@2c29679b[State = -1, empty queue]] WARN  server.GrpcLogAppender (GrpcLogAppender.java:timeoutAppendRequest(200)) - b176f217-5116-4f29-ae6c-8c5fe7374010@group-1347CC5D7860->55776132-47ae-4aef-91b7-92633cf48f43-GrpcLogAppender: appendEntries Timeout, request=b176f217-5116-4f29-ae6c-8c5fe7374010->55776132-47ae-4aef-91b7-92633cf48f43#83-t1, previous=(t:1, i:14), leaderCommit=10, initializing? false, entries: <empty>
2019-09-16 16:55:13,066 [EventQueue-PipelineActionsForPipelineActionHandler] ERROR pipeline.PipelineActionHandler (PipelineActionHandler.java:onMessage(60)) - Received pipeline action CLOSE for Pipeline[ Id: 00ea61f9-8c6e-42a1-b808-1347cc5d7860, Nodes: 55776132-47ae-4aef-91b7-92633cf48f43{ip: 192.168.5.184, host: pr-hdds-2022-qxstf-1422721469, networkLocation: /default-rack, certSerialId: null}b176f217-5116-4f29-ae6c-8c5fe7374010{ip: 192.168.5.184, host: pr-hdds-2022-qxstf-1422721469, networkLocation: /default-rack, certSerialId: null}c5a5e6b7-bb1e-4cfc-8262-1ca252faf540{ip: 192.168.5.184, host: pr-hdds-2022-qxstf-1422721469, networkLocation: /default-rack, certSerialId: null}, Type:RATIS, Factor:THREE, State:CLOSED] from datanode b176f217-5116-4f29-ae6c-8c5fe7374010{ip: 192.168.5.184, host: pr-hdds-2022-qxstf-1422721469, networkLocation: /default-rack, certSerialId: null}. Reason : b176f217-5116-4f29-ae6c-8c5fe7374010 has not seen follower/s 55776132-47ae-4aef-91b7-92633cf48f43 for 169088ms c5a5e6b7-bb1e-4cfc-8262-1ca252faf540 for 169098ms
2019-09-16 16:55:13,067 [EventQueue-PipelineActionsForPipelineActionHandler] INFO  pipeline.SCMPipelineManager (SCMPipelineManager.java:finalizeAndDestroyPipeline(311)) - destroying pipeline:Pipeline[ Id: 00ea61f9-8c6e-42a1-b808-1347cc5d7860, Nodes: 55776132-47ae-4aef-91b7-92633cf48f43{ip: 192.168.5.184, host: pr-hdds-2022-qxstf-1422721469, networkLocation: /default-rack, certSerialId: null}b176f217-5116-4f29-ae6c-8c5fe7374010{ip: 192.168.5.184, host: pr-hdds-2022-qxstf-1422721469, networkLocation: /default-rack, certSerialId: null}c5a5e6b7-bb1e-4cfc-8262-1ca252faf540{ip: 192.168.5.184, host: pr-hdds-2022-qxstf-1422721469, networkLocation: /default-rack, certSerialId: null}, Type:RATIS, Factor:THREE, State:CLOSED]
2019-09-16 16:55:14,034 [b176f217-5116-4f29-ae6c-8c5fe7374010@group-1347CC5D7860-SegmentedRaftLogWorker] WARN  segmented.SegmentedRaftLogWorker (SegmentedRaftLogWorker.java:getFromFuture(90)) - Timeout 16/~
org.apache.ratis.protocol.TimeoutIOException: Timeout 10s: WriteLog:12: (t:1, i:12), STATEMACHINELOGENTRY, client-0133849F436F, cid=22-writeStateMachineData
	at org.apache.ratis.util.IOUtils.getFromFuture(IOUtils.java:87)
	at org.apache.ratis.server.raftlog.segmented.SegmentedRaftLogWorker$StateMachineDataPolicy.getFromFuture(SegmentedRaftLogWorker.java:87)
	at org.apache.ratis.server.raftlog.segmented.SegmentedRaftLogWorker$WriteLog.execute(SegmentedRaftLogWorker.java:477)
	at org.apache.ratis.server.raftlog.segmented.SegmentedRaftLogWorker.run(SegmentedRaftLogWorker.java:289)
	at java.lang.Thread.run(Thread.java:748)
Caused by: java.util.concurrent.TimeoutException
	at java.util.concurrent.CompletableFuture.timedGet(CompletableFuture.java:1771)
	at java.util.concurrent.CompletableFuture.get(CompletableFuture.java:1915)
	at org.apache.ratis.util.IOUtils.getFromFuture(IOUtils.java:79)
	... 4 more
2019-09-16 16:55:14,064 [c5a5e6b7-bb1e-4cfc-8262-1ca252faf540@group-1347CC5D7860-SegmentedRaftLogWorker] WARN  segmented.SegmentedRaftLogWorker (SegmentedRaftLogWorker.java:getFromFuture(90)) - Timeout 16/~
org.apache.ratis.protocol.TimeoutIOException: Timeout 10s: WriteLog:12: (t:1, i:12), STATEMACHINELOGENTRY, client-0133849F436F, cid=22-writeStateMachineData
	at org.apache.ratis.util.IOUtils.getFromFuture(IOUtils.java:87)
	at org.apache.ratis.server.raftlog.segmented.SegmentedRaftLogWorker$StateMachineDataPolicy.getFromFuture(SegmentedRaftLogWorker.java:87)
	at org.apache.ratis.server.raftlog.segmented.SegmentedRaftLogWorker$WriteLog.execute(SegmentedRaftLogWorker.java:477)
	at org.apache.ratis.server.raftlog.segmented.SegmentedRaftLogWorker.run(SegmentedRaftLogWorker.java:289)
	at java.lang.Thread.run(Thread.java:748)
Caused by: java.util.concurrent.TimeoutException
	at java.util.concurrent.CompletableFuture.timedGet(CompletableFuture.java:1771)
	at java.util.concurrent.CompletableFuture.get(CompletableFuture.java:1915)
	at org.apache.ratis.util.IOUtils.getFromFuture(IOUtils.java:79)
	... 4 more
2019-09-16 16:55:14,064 [55776132-47ae-4aef-91b7-92633cf48f43@group-1347CC5D7860-SegmentedRaftLogWorker] WARN  segmented.SegmentedRaftLogWorker (SegmentedRaftLogWorker.java:getFromFuture(90)) - Timeout 16/~
org.apache.ratis.protocol.TimeoutIOException: Timeout 10s: WriteLog:12: (t:1, i:12), STATEMACHINELOGENTRY, client-0133849F436F, cid=22-writeStateMachineData
	at org.apache.ratis.util.IOUtils.getFromFuture(IOUtils.java:87)
	at org.apache.ratis.server.raftlog.segmented.SegmentedRaftLogWorker$StateMachineDataPolicy.getFromFuture(SegmentedRaftLogWorker.java:87)
	at org.apache.ratis.server.raftlog.segmented.SegmentedRaftLogWorker$WriteLog.execute(SegmentedRaftLogWorker.java:477)
	at org.apache.ratis.server.raftlog.segmented.SegmentedRaftLogWorker.run(SegmentedRaftLogWorker.java:289)
	at java.lang.Thread.run(Thread.java:748)
Caused by: java.util.concurrent.TimeoutException
	at java.util.concurrent.CompletableFuture.timedGet(CompletableFuture.java:1771)
	at java.util.concurrent.CompletableFuture.get(CompletableFuture.java:1915)
	at org.apache.ratis.util.IOUtils.getFromFuture(IOUtils.java:79)
	... 4 more
2019-09-16 16:55:14,574 [org.apache.ratis.server.impl.LogAppender$AppenderDaemon$$Lambda$508/1360433104@52b3dd57] ERROR ratis.XceiverServerRatis (XceiverServerRatis.java:triggerPipelineClose(575)) - pipeline Action CLOSE  on pipeline PipelineID=00ea61f9-8c6e-42a1-b808-1347cc5d7860.Reason : b176f217-5116-4f29-ae6c-8c5fe7374010 has not seen follower/s 55776132-47ae-4aef-91b7-92633cf48f43 for 171589ms c5a5e6b7-bb1e-4cfc-8262-1ca252faf540 for 171599ms
2019-09-16 16:55:14,574 [org.apache.ratis.server.impl.LogAppender$AppenderDaemon$$Lambda$508/1360433104@3006e326] ERROR ratis.XceiverServerRatis (XceiverServerRatis.java:triggerPipelineClose(575)) - pipeline Action CLOSE  on pipeline PipelineID=00ea61f9-8c6e-42a1-b808-1347cc5d7860.Reason : b176f217-5116-4f29-ae6c-8c5fe7374010 has not seen follower/s 55776132-47ae-4aef-91b7-92633cf48f43 for 171589ms c5a5e6b7-bb1e-4cfc-8262-1ca252faf540 for 171599ms
2019-09-16 16:55:15,066 [EventQueue-PipelineActionsForPipelineActionHandler] ERROR pipeline.PipelineActionHandler (PipelineActionHandler.java:onMessage(60)) - Received pipeline action CLOSE for Pipeline[ Id: 00ea61f9-8c6e-42a1-b808-1347cc5d7860, Nodes: 55776132-47ae-4aef-91b7-92633cf48f43{ip: 192.168.5.184, host: pr-hdds-2022-qxstf-1422721469, networkLocation: /default-rack, certSerialId: null}b176f217-5116-4f29-ae6c-8c5fe7374010{ip: 192.168.5.184, host: pr-hdds-2022-qxstf-1422721469, networkLocation: /default-rack, certSerialId: null}c5a5e6b7-bb1e-4cfc-8262-1ca252faf540{ip: 192.168.5.184, host: pr-hdds-2022-qxstf-1422721469, networkLocation: /default-rack, certSerialId: null}, Type:RATIS, Factor:THREE, State:CLOSED] from datanode b176f217-5116-4f29-ae6c-8c5fe7374010{ip: 192.168.5.184, host: pr-hdds-2022-qxstf-1422721469, networkLocation: /default-rack, certSerialId: null}. Reason : b176f217-5116-4f29-ae6c-8c5fe7374010 has not seen follower/s 55776132-47ae-4aef-91b7-92633cf48f43 for 171589ms c5a5e6b7-bb1e-4cfc-8262-1ca252faf540 for 171599ms
2019-09-16 16:55:15,066 [EventQueue-PipelineActionsForPipelineActionHandler] INFO  pipeline.SCMPipelineManager (SCMPipelineManager.java:finalizeAndDestroyPipeline(311)) - destroying pipeline:Pipeline[ Id: 00ea61f9-8c6e-42a1-b808-1347cc5d7860, Nodes: 55776132-47ae-4aef-91b7-92633cf48f43{ip: 192.168.5.184, host: pr-hdds-2022-qxstf-1422721469, networkLocation: /default-rack, certSerialId: null}b176f217-5116-4f29-ae6c-8c5fe7374010{ip: 192.168.5.184, host: pr-hdds-2022-qxstf-1422721469, networkLocation: /default-rack, certSerialId: null}c5a5e6b7-bb1e-4cfc-8262-1ca252faf540{ip: 192.168.5.184, host: pr-hdds-2022-qxstf-1422721469, networkLocation: /default-rack, certSerialId: null}, Type:RATIS, Factor:THREE, State:CLOSED]
2019-09-16 16:55:15,073 [java.util.concurrent.ThreadPoolExecutor$Worker@21b2b3ee[State = -1, empty queue]] WARN  server.GrpcLogAppender (GrpcLogAppender.java:timeoutAppendRequest(200)) - b176f217-5116-4f29-ae6c-8c5fe7374010@group-1347CC5D7860->c5a5e6b7-bb1e-4cfc-8262-1ca252faf540-GrpcLogAppender: appendEntries Timeout, request=b176f217-5116-4f29-ae6c-8c5fe7374010->c5a5e6b7-bb1e-4cfc-8262-1ca252faf540#84-t1, previous=(t:1, i:14), leaderCommit=10, initializing? false, entries: <empty>
2019-09-16 16:55:15,073 [java.util.concurrent.ThreadPoolExecutor$Worker@2c29679b[State = -1, empty queue]] WARN  server.GrpcLogAppender (GrpcLogAppender.java:timeoutAppendRequest(200)) - b176f217-5116-4f29-ae6c-8c5fe7374010@group-1347CC5D7860->55776132-47ae-4aef-91b7-92633cf48f43-GrpcLogAppender: appendEntries Timeout, request=b176f217-5116-4f29-ae6c-8c5fe7374010->55776132-47ae-4aef-91b7-92633cf48f43#84-t1, previous=(t:1, i:14), leaderCommit=10, initializing? false, entries: <empty>
2019-09-16 16:55:15,554 [grpc-default-executor-0] INFO  client.GrpcClientProtocolClient (GrpcClientProtocolClient.java:onNext(264)) - client-0133849F436F->55776132-47ae-4aef-91b7-92633cf48f43: receive RaftClientReply:client-0133849F436F->55776132-47ae-4aef-91b7-92633cf48f43@group-1347CC5D7860, cid=21, FAILED org.apache.ratis.protocol.NotLeaderException: Server 55776132-47ae-4aef-91b7-92633cf48f43@group-1347CC5D7860 is not the leader b176f217-5116-4f29-ae6c-8c5fe7374010:192.168.5.184:36714, logIndex=0, commits[55776132-47ae-4aef-91b7-92633cf48f43:c10, c5a5e6b7-bb1e-4cfc-8262-1ca252faf540:c6, b176f217-5116-4f29-ae6c-8c5fe7374010:c10]
2019-09-16 16:55:17,076 [org.apache.ratis.server.impl.LogAppender$AppenderDaemon$$Lambda$508/1360433104@52b3dd57] ERROR ratis.XceiverServerRatis (XceiverServerRatis.java:triggerPipelineClose(575)) - pipeline Action CLOSE  on pipeline PipelineID=00ea61f9-8c6e-42a1-b808-1347cc5d7860.Reason : b176f217-5116-4f29-ae6c-8c5fe7374010 has not seen follower/s 55776132-47ae-4aef-91b7-92633cf48f43 for 174090ms c5a5e6b7-bb1e-4cfc-8262-1ca252faf540 for 174101ms
2019-09-16 16:55:17,076 [org.apache.ratis.server.impl.LogAppender$AppenderDaemon$$Lambda$508/1360433104@3006e326] ERROR ratis.XceiverServerRatis (XceiverServerRatis.java:triggerPipelineClose(575)) - pipeline Action CLOSE  on pipeline PipelineID=00ea61f9-8c6e-42a1-b808-1347cc5d7860.Reason : b176f217-5116-4f29-ae6c-8c5fe7374010 has not seen follower/s 55776132-47ae-4aef-91b7-92633cf48f43 for 174090ms c5a5e6b7-bb1e-4cfc-8262-1ca252faf540 for 174101ms
2019-09-16 16:55:17,574 [java.util.concurrent.ThreadPoolExecutor$Worker@21b2b3ee[State = -1, empty queue]] WARN  server.GrpcLogAppender (GrpcLogAppender.java:timeoutAppendRequest(200)) - b176f217-5116-4f29-ae6c-8c5fe7374010@group-1347CC5D7860->c5a5e6b7-bb1e-4cfc-8262-1ca252faf540-GrpcLogAppender: appendEntries Timeout, request=b176f217-5116-4f29-ae6c-8c5fe7374010->c5a5e6b7-bb1e-4cfc-8262-1ca252faf540#85-t1, previous=(t:1, i:14), leaderCommit=10, initializing? false, entries: <empty>
2019-09-16 16:55:17,574 [java.util.concurrent.ThreadPoolExecutor$Worker@2c29679b[State = -1, empty queue]] WARN  server.GrpcLogAppender (GrpcLogAppender.java:timeoutAppendRequest(200)) - b176f217-5116-4f29-ae6c-8c5fe7374010@group-1347CC5D7860->55776132-47ae-4aef-91b7-92633cf48f43-GrpcLogAppender: appendEntries Timeout, request=b176f217-5116-4f29-ae6c-8c5fe7374010->55776132-47ae-4aef-91b7-92633cf48f43#85-t1, previous=(t:1, i:14), leaderCommit=10, initializing? false, entries: <empty>
2019-09-16 16:55:18,066 [EventQueue-PipelineActionsForPipelineActionHandler] ERROR pipeline.PipelineActionHandler (PipelineActionHandler.java:onMessage(60)) - Received pipeline action CLOSE for Pipeline[ Id: 00ea61f9-8c6e-42a1-b808-1347cc5d7860, Nodes: 55776132-47ae-4aef-91b7-92633cf48f43{ip: 192.168.5.184, host: pr-hdds-2022-qxstf-1422721469, networkLocation: /default-rack, certSerialId: null}b176f217-5116-4f29-ae6c-8c5fe7374010{ip: 192.168.5.184, host: pr-hdds-2022-qxstf-1422721469, networkLocation: /default-rack, certSerialId: null}c5a5e6b7-bb1e-4cfc-8262-1ca252faf540{ip: 192.168.5.184, host: pr-hdds-2022-qxstf-1422721469, networkLocation: /default-rack, certSerialId: null}, Type:RATIS, Factor:THREE, State:CLOSED] from datanode b176f217-5116-4f29-ae6c-8c5fe7374010{ip: 192.168.5.184, host: pr-hdds-2022-qxstf-1422721469, networkLocation: /default-rack, certSerialId: null}. Reason : b176f217-5116-4f29-ae6c-8c5fe7374010 has not seen follower/s 55776132-47ae-4aef-91b7-92633cf48f43 for 174090ms c5a5e6b7-bb1e-4cfc-8262-1ca252faf540 for 174101ms
2019-09-16 16:55:18,066 [EventQueue-PipelineActionsForPipelineActionHandler] INFO  pipeline.SCMPipelineManager (SCMPipelineManager.java:finalizeAndDestroyPipeline(311)) - destroying pipeline:Pipeline[ Id: 00ea61f9-8c6e-42a1-b808-1347cc5d7860, Nodes: 55776132-47ae-4aef-91b7-92633cf48f43{ip: 192.168.5.184, host: pr-hdds-2022-qxstf-1422721469, networkLocation: /default-rack, certSerialId: null}b176f217-5116-4f29-ae6c-8c5fe7374010{ip: 192.168.5.184, host: pr-hdds-2022-qxstf-1422721469, networkLocation: /default-rack, certSerialId: null}c5a5e6b7-bb1e-4cfc-8262-1ca252faf540{ip: 192.168.5.184, host: pr-hdds-2022-qxstf-1422721469, networkLocation: /default-rack, certSerialId: null}, Type:RATIS, Factor:THREE, State:CLOSED]
2019-09-16 16:55:19,578 [org.apache.ratis.server.impl.LogAppender$AppenderDaemon$$Lambda$508/1360433104@52b3dd57] ERROR ratis.XceiverServerRatis (XceiverServerRatis.java:triggerPipelineClose(575)) - pipeline Action CLOSE  on pipeline PipelineID=00ea61f9-8c6e-42a1-b808-1347cc5d7860.Reason : b176f217-5116-4f29-ae6c-8c5fe7374010 has not seen follower/s 55776132-47ae-4aef-91b7-92633cf48f43 for 176592ms c5a5e6b7-bb1e-4cfc-8262-1ca252faf540 for 176603ms
2019-09-16 16:55:19,578 [org.apache.ratis.server.impl.LogAppender$AppenderDaemon$$Lambda$508/1360433104@3006e326] ERROR ratis.XceiverServerRatis (XceiverServerRatis.java:triggerPipelineClose(575)) - pipeline Action CLOSE  on pipeline PipelineID=00ea61f9-8c6e-42a1-b808-1347cc5d7860.Reason : b176f217-5116-4f29-ae6c-8c5fe7374010 has not seen follower/s 55776132-47ae-4aef-91b7-92633cf48f43 for 176592ms c5a5e6b7-bb1e-4cfc-8262-1ca252faf540 for 176603ms
2019-09-16 16:55:20,066 [EventQueue-PipelineActionsForPipelineActionHandler] ERROR pipeline.PipelineActionHandler (PipelineActionHandler.java:onMessage(60)) - Received pipeline action CLOSE for Pipeline[ Id: 00ea61f9-8c6e-42a1-b808-1347cc5d7860, Nodes: 55776132-47ae-4aef-91b7-92633cf48f43{ip: 192.168.5.184, host: pr-hdds-2022-qxstf-1422721469, networkLocation: /default-rack, certSerialId: null}b176f217-5116-4f29-ae6c-8c5fe7374010{ip: 192.168.5.184, host: pr-hdds-2022-qxstf-1422721469, networkLocation: /default-rack, certSerialId: null}c5a5e6b7-bb1e-4cfc-8262-1ca252faf540{ip: 192.168.5.184, host: pr-hdds-2022-qxstf-1422721469, networkLocation: /default-rack, certSerialId: null}, Type:RATIS, Factor:THREE, State:CLOSED] from datanode b176f217-5116-4f29-ae6c-8c5fe7374010{ip: 192.168.5.184, host: pr-hdds-2022-qxstf-1422721469, networkLocation: /default-rack, certSerialId: null}. Reason : b176f217-5116-4f29-ae6c-8c5fe7374010 has not seen follower/s 55776132-47ae-4aef-91b7-92633cf48f43 for 176592ms c5a5e6b7-bb1e-4cfc-8262-1ca252faf540 for 176603ms
2019-09-16 16:55:20,066 [EventQueue-PipelineActionsForPipelineActionHandler] INFO  pipeline.SCMPipelineManager (SCMPipelineManager.java:finalizeAndDestroyPipeline(311)) - destroying pipeline:Pipeline[ Id: 00ea61f9-8c6e-42a1-b808-1347cc5d7860, Nodes: 55776132-47ae-4aef-91b7-92633cf48f43{ip: 192.168.5.184, host: pr-hdds-2022-qxstf-1422721469, networkLocation: /default-rack, certSerialId: null}b176f217-5116-4f29-ae6c-8c5fe7374010{ip: 192.168.5.184, host: pr-hdds-2022-qxstf-1422721469, networkLocation: /default-rack, certSerialId: null}c5a5e6b7-bb1e-4cfc-8262-1ca252faf540{ip: 192.168.5.184, host: pr-hdds-2022-qxstf-1422721469, networkLocation: /default-rack, certSerialId: null}, Type:RATIS, Factor:THREE, State:CLOSED]
2019-09-16 16:55:20,075 [java.util.concurrent.ThreadPoolExecutor$Worker@2c29679b[State = -1, empty queue]] WARN  server.GrpcLogAppender (GrpcLogAppender.java:timeoutAppendRequest(200)) - b176f217-5116-4f29-ae6c-8c5fe7374010@group-1347CC5D7860->55776132-47ae-4aef-91b7-92633cf48f43-GrpcLogAppender: appendEntries Timeout, request=b176f217-5116-4f29-ae6c-8c5fe7374010->55776132-47ae-4aef-91b7-92633cf48f43#86-t1, previous=(t:1, i:14), leaderCommit=10, initializing? false, entries: <empty>
2019-09-16 16:55:20,075 [java.util.concurrent.ThreadPoolExecutor$Worker@21b2b3ee[State = -1, empty queue]] WARN  server.GrpcLogAppender (GrpcLogAppender.java:timeoutAppendRequest(200)) - b176f217-5116-4f29-ae6c-8c5fe7374010@group-1347CC5D7860->c5a5e6b7-bb1e-4cfc-8262-1ca252faf540-GrpcLogAppender: appendEntries Timeout, request=b176f217-5116-4f29-ae6c-8c5fe7374010->c5a5e6b7-bb1e-4cfc-8262-1ca252faf540#86-t1, previous=(t:1, i:14), leaderCommit=10, initializing? false, entries: <empty>
2019-09-16 16:55:20,601 [grpc-default-executor-4] INFO  client.GrpcClientProtocolClient (GrpcClientProtocolClient.java:onNext(264)) - client-0133849F436F->55776132-47ae-4aef-91b7-92633cf48f43: receive RaftClientReply:client-0133849F436F->55776132-47ae-4aef-91b7-92633cf48f43@group-1347CC5D7860, cid=21, FAILED org.apache.ratis.protocol.NotLeaderException: Server 55776132-47ae-4aef-91b7-92633cf48f43@group-1347CC5D7860 is not the leader b176f217-5116-4f29-ae6c-8c5fe7374010:192.168.5.184:36714, logIndex=0, commits[55776132-47ae-4aef-91b7-92633cf48f43:c10, c5a5e6b7-bb1e-4cfc-8262-1ca252faf540:c6, b176f217-5116-4f29-ae6c-8c5fe7374010:c10]
2019-09-16 16:55:22,079 [org.apache.ratis.server.impl.LogAppender$AppenderDaemon$$Lambda$508/1360433104@52b3dd57] ERROR ratis.XceiverServerRatis (XceiverServerRatis.java:triggerPipelineClose(575)) - pipeline Action CLOSE  on pipeline PipelineID=00ea61f9-8c6e-42a1-b808-1347cc5d7860.Reason : b176f217-5116-4f29-ae6c-8c5fe7374010 has not seen follower/s 55776132-47ae-4aef-91b7-92633cf48f43 for 179093ms c5a5e6b7-bb1e-4cfc-8262-1ca252faf540 for 179104ms
2019-09-16 16:55:22,079 [org.apache.ratis.server.impl.LogAppender$AppenderDaemon$$Lambda$508/1360433104@3006e326] ERROR ratis.XceiverServerRatis (XceiverServerRatis.java:triggerPipelineClose(575)) - pipeline Action CLOSE  on pipeline PipelineID=00ea61f9-8c6e-42a1-b808-1347cc5d7860.Reason : b176f217-5116-4f29-ae6c-8c5fe7374010 has not seen follower/s 55776132-47ae-4aef-91b7-92633cf48f43 for 179093ms c5a5e6b7-bb1e-4cfc-8262-1ca252faf540 for 179104ms
2019-09-16 16:55:22,578 [java.util.concurrent.ThreadPoolExecutor$Worker@21b2b3ee[State = -1, empty queue]] WARN  server.GrpcLogAppender (GrpcLogAppender.java:timeoutAppendRequest(200)) - b176f217-5116-4f29-ae6c-8c5fe7374010@group-1347CC5D7860->c5a5e6b7-bb1e-4cfc-8262-1ca252faf540-GrpcLogAppender: appendEntries Timeout, request=b176f217-5116-4f29-ae6c-8c5fe7374010->c5a5e6b7-bb1e-4cfc-8262-1ca252faf540#87-t1, previous=(t:1, i:14), leaderCommit=10, initializing? false, entries: <empty>
2019-09-16 16:55:22,578 [java.util.concurrent.ThreadPoolExecutor$Worker@2c29679b[State = -1, empty queue]] WARN  server.GrpcLogAppender (GrpcLogAppender.java:timeoutAppendRequest(200)) - b176f217-5116-4f29-ae6c-8c5fe7374010@group-1347CC5D7860->55776132-47ae-4aef-91b7-92633cf48f43-GrpcLogAppender: appendEntries Timeout, request=b176f217-5116-4f29-ae6c-8c5fe7374010->55776132-47ae-4aef-91b7-92633cf48f43#87-t1, previous=(t:1, i:14), leaderCommit=10, initializing? false, entries: <empty>
2019-09-16 16:55:23,065 [EventQueue-PipelineActionsForPipelineActionHandler] ERROR pipeline.PipelineActionHandler (PipelineActionHandler.java:onMessage(60)) - Received pipeline action CLOSE for Pipeline[ Id: 00ea61f9-8c6e-42a1-b808-1347cc5d7860, Nodes: 55776132-47ae-4aef-91b7-92633cf48f43{ip: 192.168.5.184, host: pr-hdds-2022-qxstf-1422721469, networkLocation: /default-rack, certSerialId: null}b176f217-5116-4f29-ae6c-8c5fe7374010{ip: 192.168.5.184, host: pr-hdds-2022-qxstf-1422721469, networkLocation: /default-rack, certSerialId: null}c5a5e6b7-bb1e-4cfc-8262-1ca252faf540{ip: 192.168.5.184, host: pr-hdds-2022-qxstf-1422721469, networkLocation: /default-rack, certSerialId: null}, Type:RATIS, Factor:THREE, State:CLOSED] from datanode b176f217-5116-4f29-ae6c-8c5fe7374010{ip: 192.168.5.184, host: pr-hdds-2022-qxstf-1422721469, networkLocation: /default-rack, certSerialId: null}. Reason : b176f217-5116-4f29-ae6c-8c5fe7374010 has not seen follower/s 55776132-47ae-4aef-91b7-92633cf48f43 for 179093ms c5a5e6b7-bb1e-4cfc-8262-1ca252faf540 for 179104ms
2019-09-16 16:55:23,066 [EventQueue-PipelineActionsForPipelineActionHandler] INFO  pipeline.SCMPipelineManager (SCMPipelineManager.java:finalizeAndDestroyPipeline(311)) - destroying pipeline:Pipeline[ Id: 00ea61f9-8c6e-42a1-b808-1347cc5d7860, Nodes: 55776132-47ae-4aef-91b7-92633cf48f43{ip: 192.168.5.184, host: pr-hdds-2022-qxstf-1422721469, networkLocation: /default-rack, certSerialId: null}b176f217-5116-4f29-ae6c-8c5fe7374010{ip: 192.168.5.184, host: pr-hdds-2022-qxstf-1422721469, networkLocation: /default-rack, certSerialId: null}c5a5e6b7-bb1e-4cfc-8262-1ca252faf540{ip: 192.168.5.184, host: pr-hdds-2022-qxstf-1422721469, networkLocation: /default-rack, certSerialId: null}, Type:RATIS, Factor:THREE, State:CLOSED]
2019-09-16 16:55:24,036 [b176f217-5116-4f29-ae6c-8c5fe7374010@group-1347CC5D7860-SegmentedRaftLogWorker] WARN  segmented.SegmentedRaftLogWorker (SegmentedRaftLogWorker.java:getFromFuture(90)) - Timeout 17/~
org.apache.ratis.protocol.TimeoutIOException: Timeout 10s: WriteLog:12: (t:1, i:12), STATEMACHINELOGENTRY, client-0133849F436F, cid=22-writeStateMachineData
	at org.apache.ratis.util.IOUtils.getFromFuture(IOUtils.java:87)
	at org.apache.ratis.server.raftlog.segmented.SegmentedRaftLogWorker$StateMachineDataPolicy.getFromFuture(SegmentedRaftLogWorker.java:87)
	at org.apache.ratis.server.raftlog.segmented.SegmentedRaftLogWorker$WriteLog.execute(SegmentedRaftLogWorker.java:477)
	at org.apache.ratis.server.raftlog.segmented.SegmentedRaftLogWorker.run(SegmentedRaftLogWorker.java:289)
	at java.lang.Thread.run(Thread.java:748)
Caused by: java.util.concurrent.TimeoutException
	at java.util.concurrent.CompletableFuture.timedGet(CompletableFuture.java:1771)
	at java.util.concurrent.CompletableFuture.get(CompletableFuture.java:1915)
	at org.apache.ratis.util.IOUtils.getFromFuture(IOUtils.java:79)
	... 4 more
2019-09-16 16:55:24,064 [c5a5e6b7-bb1e-4cfc-8262-1ca252faf540@group-1347CC5D7860-SegmentedRaftLogWorker] WARN  segmented.SegmentedRaftLogWorker (SegmentedRaftLogWorker.java:getFromFuture(90)) - Timeout 17/~
org.apache.ratis.protocol.TimeoutIOException: Timeout 10s: WriteLog:12: (t:1, i:12), STATEMACHINELOGENTRY, client-0133849F436F, cid=22-writeStateMachineData
	at org.apache.ratis.util.IOUtils.getFromFuture(IOUtils.java:87)
	at org.apache.ratis.server.raftlog.segmented.SegmentedRaftLogWorker$StateMachineDataPolicy.getFromFuture(SegmentedRaftLogWorker.java:87)
	at org.apache.ratis.server.raftlog.segmented.SegmentedRaftLogWorker$WriteLog.execute(SegmentedRaftLogWorker.java:477)
	at org.apache.ratis.server.raftlog.segmented.SegmentedRaftLogWorker.run(SegmentedRaftLogWorker.java:289)
	at java.lang.Thread.run(Thread.java:748)
Caused by: java.util.concurrent.TimeoutException
	at java.util.concurrent.CompletableFuture.timedGet(CompletableFuture.java:1771)
	at java.util.concurrent.CompletableFuture.get(CompletableFuture.java:1915)
	at org.apache.ratis.util.IOUtils.getFromFuture(IOUtils.java:79)
	... 4 more
2019-09-16 16:55:24,065 [55776132-47ae-4aef-91b7-92633cf48f43@group-1347CC5D7860-SegmentedRaftLogWorker] WARN  segmented.SegmentedRaftLogWorker (SegmentedRaftLogWorker.java:getFromFuture(90)) - Timeout 17/~
org.apache.ratis.protocol.TimeoutIOException: Timeout 10s: WriteLog:12: (t:1, i:12), STATEMACHINELOGENTRY, client-0133849F436F, cid=22-writeStateMachineData
	at org.apache.ratis.util.IOUtils.getFromFuture(IOUtils.java:87)
	at org.apache.ratis.server.raftlog.segmented.SegmentedRaftLogWorker$StateMachineDataPolicy.getFromFuture(SegmentedRaftLogWorker.java:87)
	at org.apache.ratis.server.raftlog.segmented.SegmentedRaftLogWorker$WriteLog.execute(SegmentedRaftLogWorker.java:477)
	at org.apache.ratis.server.raftlog.segmented.SegmentedRaftLogWorker.run(SegmentedRaftLogWorker.java:289)
	at java.lang.Thread.run(Thread.java:748)
Caused by: java.util.concurrent.TimeoutException
	at java.util.concurrent.CompletableFuture.timedGet(CompletableFuture.java:1771)
	at java.util.concurrent.CompletableFuture.get(CompletableFuture.java:1915)
	at org.apache.ratis.util.IOUtils.getFromFuture(IOUtils.java:79)
	... 4 more
2019-09-16 16:55:24,580 [org.apache.ratis.server.impl.LogAppender$AppenderDaemon$$Lambda$508/1360433104@3006e326] ERROR ratis.XceiverServerRatis (XceiverServerRatis.java:triggerPipelineClose(575)) - pipeline Action CLOSE  on pipeline PipelineID=00ea61f9-8c6e-42a1-b808-1347cc5d7860.Reason : b176f217-5116-4f29-ae6c-8c5fe7374010 has not seen follower/s 55776132-47ae-4aef-91b7-92633cf48f43 for 181595ms c5a5e6b7-bb1e-4cfc-8262-1ca252faf540 for 181606ms
2019-09-16 16:55:24,580 [org.apache.ratis.server.impl.LogAppender$AppenderDaemon$$Lambda$508/1360433104@52b3dd57] ERROR ratis.XceiverServerRatis (XceiverServerRatis.java:triggerPipelineClose(575)) - pipeline Action CLOSE  on pipeline PipelineID=00ea61f9-8c6e-42a1-b808-1347cc5d7860.Reason : b176f217-5116-4f29-ae6c-8c5fe7374010 has not seen follower/s 55776132-47ae-4aef-91b7-92633cf48f43 for 181595ms c5a5e6b7-bb1e-4cfc-8262-1ca252faf540 for 181606ms
2019-09-16 16:55:25,065 [EventQueue-PipelineActionsForPipelineActionHandler] ERROR pipeline.PipelineActionHandler (PipelineActionHandler.java:onMessage(60)) - Received pipeline action CLOSE for Pipeline[ Id: 00ea61f9-8c6e-42a1-b808-1347cc5d7860, Nodes: 55776132-47ae-4aef-91b7-92633cf48f43{ip: 192.168.5.184, host: pr-hdds-2022-qxstf-1422721469, networkLocation: /default-rack, certSerialId: null}b176f217-5116-4f29-ae6c-8c5fe7374010{ip: 192.168.5.184, host: pr-hdds-2022-qxstf-1422721469, networkLocation: /default-rack, certSerialId: null}c5a5e6b7-bb1e-4cfc-8262-1ca252faf540{ip: 192.168.5.184, host: pr-hdds-2022-qxstf-1422721469, networkLocation: /default-rack, certSerialId: null}, Type:RATIS, Factor:THREE, State:CLOSED] from datanode b176f217-5116-4f29-ae6c-8c5fe7374010{ip: 192.168.5.184, host: pr-hdds-2022-qxstf-1422721469, networkLocation: /default-rack, certSerialId: null}. Reason : b176f217-5116-4f29-ae6c-8c5fe7374010 has not seen follower/s 55776132-47ae-4aef-91b7-92633cf48f43 for 181595ms c5a5e6b7-bb1e-4cfc-8262-1ca252faf540 for 181606ms
2019-09-16 16:55:25,066 [EventQueue-PipelineActionsForPipelineActionHandler] INFO  pipeline.SCMPipelineManager (SCMPipelineManager.java:finalizeAndDestroyPipeline(311)) - destroying pipeline:Pipeline[ Id: 00ea61f9-8c6e-42a1-b808-1347cc5d7860, Nodes: 55776132-47ae-4aef-91b7-92633cf48f43{ip: 192.168.5.184, host: pr-hdds-2022-qxstf-1422721469, networkLocation: /default-rack, certSerialId: null}b176f217-5116-4f29-ae6c-8c5fe7374010{ip: 192.168.5.184, host: pr-hdds-2022-qxstf-1422721469, networkLocation: /default-rack, certSerialId: null}c5a5e6b7-bb1e-4cfc-8262-1ca252faf540{ip: 192.168.5.184, host: pr-hdds-2022-qxstf-1422721469, networkLocation: /default-rack, certSerialId: null}, Type:RATIS, Factor:THREE, State:CLOSED]
2019-09-16 16:55:25,079 [java.util.concurrent.ThreadPoolExecutor$Worker@21b2b3ee[State = -1, empty queue]] WARN  server.GrpcLogAppender (GrpcLogAppender.java:timeoutAppendRequest(200)) - b176f217-5116-4f29-ae6c-8c5fe7374010@group-1347CC5D7860->c5a5e6b7-bb1e-4cfc-8262-1ca252faf540-GrpcLogAppender: appendEntries Timeout, request=b176f217-5116-4f29-ae6c-8c5fe7374010->c5a5e6b7-bb1e-4cfc-8262-1ca252faf540#88-t1, previous=(t:1, i:14), leaderCommit=10, initializing? false, entries: <empty>
2019-09-16 16:55:25,079 [java.util.concurrent.ThreadPoolExecutor$Worker@2c29679b[State = -1, empty queue]] WARN  server.GrpcLogAppender (GrpcLogAppender.java:timeoutAppendRequest(200)) - b176f217-5116-4f29-ae6c-8c5fe7374010@group-1347CC5D7860->55776132-47ae-4aef-91b7-92633cf48f43-GrpcLogAppender: appendEntries Timeout, request=b176f217-5116-4f29-ae6c-8c5fe7374010->55776132-47ae-4aef-91b7-92633cf48f43#88-t1, previous=(t:1, i:14), leaderCommit=10, initializing? false, entries: <empty>
2019-09-16 16:55:25,644 [grpc-default-executor-4] INFO  client.GrpcClientProtocolClient (GrpcClientProtocolClient.java:onNext(264)) - client-0133849F436F->c5a5e6b7-bb1e-4cfc-8262-1ca252faf540: receive RaftClientReply:client-0133849F436F->c5a5e6b7-bb1e-4cfc-8262-1ca252faf540@group-1347CC5D7860, cid=21, FAILED org.apache.ratis.protocol.NotLeaderException: Server c5a5e6b7-bb1e-4cfc-8262-1ca252faf540@group-1347CC5D7860 is not the leader b176f217-5116-4f29-ae6c-8c5fe7374010:192.168.5.184:36714, logIndex=0, commits[c5a5e6b7-bb1e-4cfc-8262-1ca252faf540:c10, 55776132-47ae-4aef-91b7-92633cf48f43:c6, b176f217-5116-4f29-ae6c-8c5fe7374010:c10]
2019-09-16 16:55:27,081 [org.apache.ratis.server.impl.LogAppender$AppenderDaemon$$Lambda$508/1360433104@3006e326] ERROR ratis.XceiverServerRatis (XceiverServerRatis.java:triggerPipelineClose(575)) - pipeline Action CLOSE  on pipeline PipelineID=00ea61f9-8c6e-42a1-b808-1347cc5d7860.Reason : b176f217-5116-4f29-ae6c-8c5fe7374010 has not seen follower/s 55776132-47ae-4aef-91b7-92633cf48f43 for 184096ms c5a5e6b7-bb1e-4cfc-8262-1ca252faf540 for 184107ms
2019-09-16 16:55:27,081 [org.apache.ratis.server.impl.LogAppender$AppenderDaemon$$Lambda$508/1360433104@52b3dd57] ERROR ratis.XceiverServerRatis (XceiverServerRatis.java:triggerPipelineClose(575)) - pipeline Action CLOSE  on pipeline PipelineID=00ea61f9-8c6e-42a1-b808-1347cc5d7860.Reason : b176f217-5116-4f29-ae6c-8c5fe7374010 has not seen follower/s 55776132-47ae-4aef-91b7-92633cf48f43 for 184096ms c5a5e6b7-bb1e-4cfc-8262-1ca252faf540 for 184107ms
2019-09-16 16:55:27,580 [java.util.concurrent.ThreadPoolExecutor$Worker@2c29679b[State = -1, empty queue]] WARN  server.GrpcLogAppender (GrpcLogAppender.java:timeoutAppendRequest(200)) - b176f217-5116-4f29-ae6c-8c5fe7374010@group-1347CC5D7860->55776132-47ae-4aef-91b7-92633cf48f43-GrpcLogAppender: appendEntries Timeout, request=b176f217-5116-4f29-ae6c-8c5fe7374010->55776132-47ae-4aef-91b7-92633cf48f43#89-t1, previous=(t:1, i:14), leaderCommit=10, initializing? false, entries: <empty>
2019-09-16 16:55:27,580 [java.util.concurrent.ThreadPoolExecutor$Worker@21b2b3ee[State = -1, empty queue]] WARN  server.GrpcLogAppender (GrpcLogAppender.java:timeoutAppendRequest(200)) - b176f217-5116-4f29-ae6c-8c5fe7374010@group-1347CC5D7860->c5a5e6b7-bb1e-4cfc-8262-1ca252faf540-GrpcLogAppender: appendEntries Timeout, request=b176f217-5116-4f29-ae6c-8c5fe7374010->c5a5e6b7-bb1e-4cfc-8262-1ca252faf540#89-t1, previous=(t:1, i:14), leaderCommit=10, initializing? false, entries: <empty>
2019-09-16 16:55:28,066 [EventQueue-PipelineActionsForPipelineActionHandler] ERROR pipeline.PipelineActionHandler (PipelineActionHandler.java:onMessage(60)) - Received pipeline action CLOSE for Pipeline[ Id: 00ea61f9-8c6e-42a1-b808-1347cc5d7860, Nodes: 55776132-47ae-4aef-91b7-92633cf48f43{ip: 192.168.5.184, host: pr-hdds-2022-qxstf-1422721469, networkLocation: /default-rack, certSerialId: null}b176f217-5116-4f29-ae6c-8c5fe7374010{ip: 192.168.5.184, host: pr-hdds-2022-qxstf-1422721469, networkLocation: /default-rack, certSerialId: null}c5a5e6b7-bb1e-4cfc-8262-1ca252faf540{ip: 192.168.5.184, host: pr-hdds-2022-qxstf-1422721469, networkLocation: /default-rack, certSerialId: null}, Type:RATIS, Factor:THREE, State:CLOSED] from datanode b176f217-5116-4f29-ae6c-8c5fe7374010{ip: 192.168.5.184, host: pr-hdds-2022-qxstf-1422721469, networkLocation: /default-rack, certSerialId: null}. Reason : b176f217-5116-4f29-ae6c-8c5fe7374010 has not seen follower/s 55776132-47ae-4aef-91b7-92633cf48f43 for 184096ms c5a5e6b7-bb1e-4cfc-8262-1ca252faf540 for 184107ms
2019-09-16 16:55:28,066 [EventQueue-PipelineActionsForPipelineActionHandler] INFO  pipeline.SCMPipelineManager (SCMPipelineManager.java:finalizeAndDestroyPipeline(311)) - destroying pipeline:Pipeline[ Id: 00ea61f9-8c6e-42a1-b808-1347cc5d7860, Nodes: 55776132-47ae-4aef-91b7-92633cf48f43{ip: 192.168.5.184, host: pr-hdds-2022-qxstf-1422721469, networkLocation: /default-rack, certSerialId: null}b176f217-5116-4f29-ae6c-8c5fe7374010{ip: 192.168.5.184, host: pr-hdds-2022-qxstf-1422721469, networkLocation: /default-rack, certSerialId: null}c5a5e6b7-bb1e-4cfc-8262-1ca252faf540{ip: 192.168.5.184, host: pr-hdds-2022-qxstf-1422721469, networkLocation: /default-rack, certSerialId: null}, Type:RATIS, Factor:THREE, State:CLOSED]
2019-09-16 16:55:29,582 [org.apache.ratis.server.impl.LogAppender$AppenderDaemon$$Lambda$508/1360433104@3006e326] ERROR ratis.XceiverServerRatis (XceiverServerRatis.java:triggerPipelineClose(575)) - pipeline Action CLOSE  on pipeline PipelineID=00ea61f9-8c6e-42a1-b808-1347cc5d7860.Reason : b176f217-5116-4f29-ae6c-8c5fe7374010 has not seen follower/s 55776132-47ae-4aef-91b7-92633cf48f43 for 186597ms c5a5e6b7-bb1e-4cfc-8262-1ca252faf540 for 186607ms
2019-09-16 16:55:29,582 [org.apache.ratis.server.impl.LogAppender$AppenderDaemon$$Lambda$508/1360433104@52b3dd57] ERROR ratis.XceiverServerRatis (XceiverServerRatis.java:triggerPipelineClose(575)) - pipeline Action CLOSE  on pipeline PipelineID=00ea61f9-8c6e-42a1-b808-1347cc5d7860.Reason : b176f217-5116-4f29-ae6c-8c5fe7374010 has not seen follower/s 55776132-47ae-4aef-91b7-92633cf48f43 for 186597ms c5a5e6b7-bb1e-4cfc-8262-1ca252faf540 for 186608ms
2019-09-16 16:55:30,053 [grpc-default-executor-0] INFO  impl.RaftServerProxy (RaftServerProxy.java:remove(95)) - 55776132-47ae-4aef-91b7-92633cf48f43: remove  FOLLOWER 55776132-47ae-4aef-91b7-92633cf48f43@group-1347CC5D7860:t1, leader=b176f217-5116-4f29-ae6c-8c5fe7374010, voted=b176f217-5116-4f29-ae6c-8c5fe7374010, raftlog=55776132-47ae-4aef-91b7-92633cf48f43@group-1347CC5D7860-SegmentedRaftLog:OPENED:c10,f10,i14, conf=0: [55776132-47ae-4aef-91b7-92633cf48f43:192.168.5.184:33378, c5a5e6b7-bb1e-4cfc-8262-1ca252faf540:192.168.5.184:34221, b176f217-5116-4f29-ae6c-8c5fe7374010:192.168.5.184:36714], old=null RUNNING
2019-09-16 16:55:30,060 [grpc-default-executor-0] INFO  impl.RaftServerImpl (RaftServerImpl.java:lambda$shutdown$3(251)) - 55776132-47ae-4aef-91b7-92633cf48f43@group-1347CC5D7860: shutdown
2019-09-16 16:55:30,060 [grpc-default-executor-0] INFO  util.JmxRegister (JmxRegister.java:unregister(73)) - Successfully un-registered JMX Bean with object name Ratis:service=RaftServer,group=group-1347CC5D7860,id=55776132-47ae-4aef-91b7-92633cf48f43
2019-09-16 16:55:30,061 [grpc-default-executor-0] INFO  impl.RoleInfo (RoleInfo.java:shutdownFollowerState(121)) - 55776132-47ae-4aef-91b7-92633cf48f43: shutdown FollowerState
2019-09-16 16:55:30,061 [grpc-default-executor-0] INFO  impl.StateMachineUpdater (StateMachineUpdater.java:stopAndJoin(125)) - 55776132-47ae-4aef-91b7-92633cf48f43@group-1347CC5D7860-StateMachineUpdater: set stopIndex = 10
2019-09-16 16:55:30,061 [Thread-322] INFO  impl.FollowerState (FollowerState.java:run(115)) - 55776132-47ae-4aef-91b7-92633cf48f43: FollowerState was interrupted: java.lang.InterruptedException: sleep interrupted
2019-09-16 16:55:30,061 [55776132-47ae-4aef-91b7-92633cf48f43@group-1347CC5D7860-StateMachineUpdater] INFO  ratis.ContainerStateMachine (ContainerStateMachine.java:takeSnapshot(289)) - group-1347CC5D7860: Taking a snapshot at:(t:1, i:6) file /workdir/hadoop-ozone/integration-test/target/test-dir/MiniOzoneClusterImpl-b381268c-58bb-44dd-9423-5f17a34efe38/datanode-4/data/ratis/00ea61f9-8c6e-42a1-b808-1347cc5d7860/sm/snapshot.1_6
2019-09-16 16:55:30,065 [EventQueue-PipelineActionsForPipelineActionHandler] ERROR pipeline.PipelineActionHandler (PipelineActionHandler.java:onMessage(60)) - Received pipeline action CLOSE for Pipeline[ Id: 00ea61f9-8c6e-42a1-b808-1347cc5d7860, Nodes: 55776132-47ae-4aef-91b7-92633cf48f43{ip: 192.168.5.184, host: pr-hdds-2022-qxstf-1422721469, networkLocation: /default-rack, certSerialId: null}b176f217-5116-4f29-ae6c-8c5fe7374010{ip: 192.168.5.184, host: pr-hdds-2022-qxstf-1422721469, networkLocation: /default-rack, certSerialId: null}c5a5e6b7-bb1e-4cfc-8262-1ca252faf540{ip: 192.168.5.184, host: pr-hdds-2022-qxstf-1422721469, networkLocation: /default-rack, certSerialId: null}, Type:RATIS, Factor:THREE, State:CLOSED] from datanode b176f217-5116-4f29-ae6c-8c5fe7374010{ip: 192.168.5.184, host: pr-hdds-2022-qxstf-1422721469, networkLocation: /default-rack, certSerialId: null}. Reason : b176f217-5116-4f29-ae6c-8c5fe7374010 has not seen follower/s 55776132-47ae-4aef-91b7-92633cf48f43 for 186597ms c5a5e6b7-bb1e-4cfc-8262-1ca252faf540 for 186607ms
2019-09-16 16:55:30,065 [EventQueue-PipelineActionsForPipelineActionHandler] INFO  pipeline.SCMPipelineManager (SCMPipelineManager.java:finalizeAndDestroyPipeline(311)) - destroying pipeline:Pipeline[ Id: 00ea61f9-8c6e-42a1-b808-1347cc5d7860, Nodes: 55776132-47ae-4aef-91b7-92633cf48f43{ip: 192.168.5.184, host: pr-hdds-2022-qxstf-1422721469, networkLocation: /default-rack, certSerialId: null}b176f217-5116-4f29-ae6c-8c5fe7374010{ip: 192.168.5.184, host: pr-hdds-2022-qxstf-1422721469, networkLocation: /default-rack, certSerialId: null}c5a5e6b7-bb1e-4cfc-8262-1ca252faf540{ip: 192.168.5.184, host: pr-hdds-2022-qxstf-1422721469, networkLocation: /default-rack, certSerialId: null}, Type:RATIS, Factor:THREE, State:CLOSED]
2019-09-16 16:55:30,081 [java.util.concurrent.ThreadPoolExecutor$Worker@2c29679b[State = -1, empty queue]] WARN  server.GrpcLogAppender (GrpcLogAppender.java:timeoutAppendRequest(200)) - b176f217-5116-4f29-ae6c-8c5fe7374010@group-1347CC5D7860->55776132-47ae-4aef-91b7-92633cf48f43-GrpcLogAppender: appendEntries Timeout, request=b176f217-5116-4f29-ae6c-8c5fe7374010->55776132-47ae-4aef-91b7-92633cf48f43#90-t1, previous=(t:1, i:14), leaderCommit=10, initializing? false, entries: <empty>
2019-09-16 16:55:30,081 [java.util.concurrent.ThreadPoolExecutor$Worker@21b2b3ee[State = -1, empty queue]] WARN  server.GrpcLogAppender (GrpcLogAppender.java:timeoutAppendRequest(200)) - b176f217-5116-4f29-ae6c-8c5fe7374010@group-1347CC5D7860->c5a5e6b7-bb1e-4cfc-8262-1ca252faf540-GrpcLogAppender: appendEntries Timeout, request=b176f217-5116-4f29-ae6c-8c5fe7374010->c5a5e6b7-bb1e-4cfc-8262-1ca252faf540#90-t1, previous=(t:1, i:14), leaderCommit=10, initializing? false, entries: <empty>
2019-09-16 16:55:30,423 [55776132-47ae-4aef-91b7-92633cf48f43@group-1347CC5D7860-StateMachineUpdater] INFO  ratis.ContainerStateMachine (ContainerStateMachine.java:takeSnapshot(300)) - group-1347CC5D7860: Finished taking a snapshot at:(t:1, i:6) file:/workdir/hadoop-ozone/integration-test/target/test-dir/MiniOzoneClusterImpl-b381268c-58bb-44dd-9423-5f17a34efe38/datanode-4/data/ratis/00ea61f9-8c6e-42a1-b808-1347cc5d7860/sm/snapshot.1_6 time:361
2019-09-16 16:55:30,435 [55776132-47ae-4aef-91b7-92633cf48f43@group-1347CC5D7860-StateMachineUpdater] INFO  impl.StateMachineUpdater (StateMachineUpdater.java:takeSnapshot(258)) - 55776132-47ae-4aef-91b7-92633cf48f43@group-1347CC5D7860-StateMachineUpdater: Took a snapshot at index 6
2019-09-16 16:55:30,438 [55776132-47ae-4aef-91b7-92633cf48f43@group-1347CC5D7860-StateMachineUpdater] INFO  impl.StateMachineUpdater (StateMachineUpdater.java:lambda$new$0(83)) - 55776132-47ae-4aef-91b7-92633cf48f43@group-1347CC5D7860-StateMachineUpdater: snapshotIndex: updateIncreasingly -1 -> 6
2019-09-16 16:55:30,448 [55776132-47ae-4aef-91b7-92633cf48f43@group-1347CC5D7860-StateMachineUpdater] INFO  ratis.ContainerStateMachine (ContainerStateMachine.java:takeSnapshot(289)) - group-1347CC5D7860: Taking a snapshot at:(t:1, i:6) file /workdir/hadoop-ozone/integration-test/target/test-dir/MiniOzoneClusterImpl-b381268c-58bb-44dd-9423-5f17a34efe38/datanode-4/data/ratis/00ea61f9-8c6e-42a1-b808-1347cc5d7860/sm/snapshot.1_6
2019-09-16 16:55:30,559 [55776132-47ae-4aef-91b7-92633cf48f43@group-1347CC5D7860-StateMachineUpdater] INFO  ratis.ContainerStateMachine (ContainerStateMachine.java:takeSnapshot(300)) - group-1347CC5D7860: Finished taking a snapshot at:(t:1, i:6) file:/workdir/hadoop-ozone/integration-test/target/test-dir/MiniOzoneClusterImpl-b381268c-58bb-44dd-9423-5f17a34efe38/datanode-4/data/ratis/00ea61f9-8c6e-42a1-b808-1347cc5d7860/sm/snapshot.1_6 time:111
2019-09-16 16:55:30,559 [55776132-47ae-4aef-91b7-92633cf48f43@group-1347CC5D7860-StateMachineUpdater] INFO  impl.StateMachineUpdater (StateMachineUpdater.java:takeSnapshot(258)) - 55776132-47ae-4aef-91b7-92633cf48f43@group-1347CC5D7860-StateMachineUpdater: Took a snapshot at index 6
2019-09-16 16:55:30,559 [55776132-47ae-4aef-91b7-92633cf48f43@group-1347CC5D7860-StateMachineUpdater] INFO  impl.StateMachineUpdater (StateMachineUpdater.java:lambda$new$0(83)) - 55776132-47ae-4aef-91b7-92633cf48f43@group-1347CC5D7860-StateMachineUpdater: snapshotIndex: updateIncreasingly 6 -> 6
2019-09-16 16:55:30,560 [grpc-default-executor-0] INFO  impl.RaftServerImpl (ServerState.java:close(385)) - 55776132-47ae-4aef-91b7-92633cf48f43@group-1347CC5D7860: closes. applyIndex: 10
2019-09-16 16:55:30,565 [55776132-47ae-4aef-91b7-92633cf48f43@group-1347CC5D7860-SegmentedRaftLogWorker] ERROR ratis.XceiverServerRatis (XceiverServerRatis.java:triggerPipelineClose(575)) - pipeline Action CLOSE  on pipeline PipelineID=00ea61f9-8c6e-42a1-b808-1347cc5d7860.Reason : WriteLog:12: (t:1, i:12), STATEMACHINELOGENTRY, client-0133849F436F, cid=22-writeStateMachineData interrupted.
2019-09-16 16:55:30,568 [EventQueue-PipelineActionsForPipelineActionHandler] ERROR pipeline.PipelineActionHandler (PipelineActionHandler.java:onMessage(60)) - Received pipeline action CLOSE for Pipeline[ Id: 00ea61f9-8c6e-42a1-b808-1347cc5d7860, Nodes: 55776132-47ae-4aef-91b7-92633cf48f43{ip: 192.168.5.184, host: pr-hdds-2022-qxstf-1422721469, networkLocation: /default-rack, certSerialId: null}b176f217-5116-4f29-ae6c-8c5fe7374010{ip: 192.168.5.184, host: pr-hdds-2022-qxstf-1422721469, networkLocation: /default-rack, certSerialId: null}c5a5e6b7-bb1e-4cfc-8262-1ca252faf540{ip: 192.168.5.184, host: pr-hdds-2022-qxstf-1422721469, networkLocation: /default-rack, certSerialId: null}, Type:RATIS, Factor:THREE, State:CLOSED] from datanode 55776132-47ae-4aef-91b7-92633cf48f43{ip: 192.168.5.184, host: pr-hdds-2022-qxstf-1422721469, networkLocation: /default-rack, certSerialId: null}. Reason : WriteLog:12: (t:1, i:12), STATEMACHINELOGENTRY, client-0133849F436F, cid=22-writeStateMachineData interrupted.
2019-09-16 16:55:30,569 [EventQueue-PipelineActionsForPipelineActionHandler] INFO  pipeline.SCMPipelineManager (SCMPipelineManager.java:finalizeAndDestroyPipeline(311)) - destroying pipeline:Pipeline[ Id: 00ea61f9-8c6e-42a1-b808-1347cc5d7860, Nodes: 55776132-47ae-4aef-91b7-92633cf48f43{ip: 192.168.5.184, host: pr-hdds-2022-qxstf-1422721469, networkLocation: /default-rack, certSerialId: null}b176f217-5116-4f29-ae6c-8c5fe7374010{ip: 192.168.5.184, host: pr-hdds-2022-qxstf-1422721469, networkLocation: /default-rack, certSerialId: null}c5a5e6b7-bb1e-4cfc-8262-1ca252faf540{ip: 192.168.5.184, host: pr-hdds-2022-qxstf-1422721469, networkLocation: /default-rack, certSerialId: null}, Type:RATIS, Factor:THREE, State:CLOSED]
2019-09-16 16:55:30,589 [grpc-default-executor-0] INFO  segmented.SegmentedRaftLogWorker (SegmentedRaftLogWorker.java:close(228)) - 55776132-47ae-4aef-91b7-92633cf48f43@group-1347CC5D7860-SegmentedRaftLogWorker close()
2019-09-16 16:55:30,699 [grpc-default-executor-0] INFO  interfaces.Container (KeyValueContainer.java:flushAndSyncDB(386)) - Container 2 is synced with bcsId 6.
2019-09-16 16:55:30,699 [grpc-default-executor-0] INFO  interfaces.Container (KeyValueContainer.java:flushAndSyncDB(386)) - Container 2 is synced with bcsId 6.
2019-09-16 16:55:30,715 [main] WARN  io.KeyOutputStream (KeyOutputStream.java:handleException(276)) - Encountered exception java.io.IOException: Unexpected Storage Container Exception: java.util.concurrent.CompletionException: java.util.concurrent.CompletionException: org.apache.ratis.protocol.GroupMismatchException: 55776132-47ae-4aef-91b7-92633cf48f43: group-1347CC5D7860 not found. on the pipeline Pipeline[ Id: 00ea61f9-8c6e-42a1-b808-1347cc5d7860, Nodes: 55776132-47ae-4aef-91b7-92633cf48f43{ip: 192.168.5.184, host: pr-hdds-2022-qxstf-1422721469, networkLocation: /default-rack, certSerialId: null}b176f217-5116-4f29-ae6c-8c5fe7374010{ip: 192.168.5.184, host: pr-hdds-2022-qxstf-1422721469, networkLocation: /default-rack, certSerialId: null}c5a5e6b7-bb1e-4cfc-8262-1ca252faf540{ip: 192.168.5.184, host: pr-hdds-2022-qxstf-1422721469, networkLocation: /default-rack, certSerialId: null}, Type:RATIS, Factor:THREE, State:OPEN]. The last committed block length is 0, uncommitted data length is 150 retry count 0
2019-09-16 16:55:30,775 [grpc-default-executor-4] INFO  client.GrpcClientProtocolClient (GrpcClientProtocolClient.java:onNext(264)) - client-E281DC600642->445370a6-3850-4457-9c2c-f37f35928d12: receive RaftClientReply:client-E281DC600642->445370a6-3850-4457-9c2c-f37f35928d12@group-8BC1D30073B0, cid=25, FAILED org.apache.ratis.protocol.NotLeaderException: Server 445370a6-3850-4457-9c2c-f37f35928d12@group-8BC1D30073B0 is not the leader b38fff04-681d-43a3-90d0-26fe2e9a9866:192.168.5.184:37740, logIndex=0, commits[445370a6-3850-4457-9c2c-f37f35928d12:c6, b38fff04-681d-43a3-90d0-26fe2e9a9866:c6, e9d750f6-56b2-4d42-a810-39328f6044b5:c6]
2019-09-16 16:55:30,790 [grpc-default-executor-5] WARN  client.GrpcClientProtocolService (LogUtils.java:warn(134)) - 5-OrderedRequestStreamObserver5: onError: org.apache.ratis.thirdparty.io.grpc.StatusRuntimeException: CANCELLED: cancelled before receiving half close
2019-09-16 16:55:30,793 [EventQueue-IncrementalContainerReportForIncrementalContainerReportHandler] INFO  container.IncrementalContainerReportHandler (AbstractContainerReportHandler.java:updateContainerState(169)) - Moving container #2 to QUASI_CLOSED state, datanode 55776132-47ae-4aef-91b7-92633cf48f43{ip: 192.168.5.184, host: pr-hdds-2022-qxstf-1422721469, networkLocation: /default-rack, certSerialId: null} reported QUASI_CLOSED replica.
2019-09-16 16:55:31,030 [grpc-default-executor-0] INFO  interfaces.Container (KeyValueContainer.java:flushAndSyncDB(386)) - Container 3 is synced with bcsId 0.
2019-09-16 16:55:31,031 [grpc-default-executor-0] INFO  interfaces.Container (KeyValueContainer.java:flushAndSyncDB(386)) - Container 3 is synced with bcsId 0.
2019-09-16 16:55:31,134 [EventQueue-IncrementalContainerReportForIncrementalContainerReportHandler] INFO  container.IncrementalContainerReportHandler (AbstractContainerReportHandler.java:updateContainerState(169)) - Moving container #3 to QUASI_CLOSED state, datanode 55776132-47ae-4aef-91b7-92633cf48f43{ip: 192.168.5.184, host: pr-hdds-2022-qxstf-1422721469, networkLocation: /default-rack, certSerialId: null} reported QUASI_CLOSED replica.
2019-09-16 16:55:31,146 [grpc-default-executor-0] INFO  impl.RaftServerProxy (RaftServerProxy.java:remove(95)) - b176f217-5116-4f29-ae6c-8c5fe7374010: remove    LEADER b176f217-5116-4f29-ae6c-8c5fe7374010@group-1347CC5D7860:t1, leader=b176f217-5116-4f29-ae6c-8c5fe7374010, voted=b176f217-5116-4f29-ae6c-8c5fe7374010, raftlog=b176f217-5116-4f29-ae6c-8c5fe7374010@group-1347CC5D7860-SegmentedRaftLog:OPENED:c10,f10,i14, conf=0: [55776132-47ae-4aef-91b7-92633cf48f43:192.168.5.184:33378, c5a5e6b7-bb1e-4cfc-8262-1ca252faf540:192.168.5.184:34221, b176f217-5116-4f29-ae6c-8c5fe7374010:192.168.5.184:36714], old=null RUNNING
2019-09-16 16:55:31,147 [grpc-default-executor-0] INFO  impl.RaftServerImpl (RaftServerImpl.java:lambda$shutdown$3(251)) - b176f217-5116-4f29-ae6c-8c5fe7374010@group-1347CC5D7860: shutdown
2019-09-16 16:55:31,147 [grpc-default-executor-0] INFO  util.JmxRegister (JmxRegister.java:unregister(73)) - Successfully un-registered JMX Bean with object name Ratis:service=RaftServer,group=group-1347CC5D7860,id=b176f217-5116-4f29-ae6c-8c5fe7374010
2019-09-16 16:55:31,148 [grpc-default-executor-0] INFO  impl.RoleInfo (RoleInfo.java:shutdownLeaderState(104)) - b176f217-5116-4f29-ae6c-8c5fe7374010: shutdown LeaderState
2019-09-16 16:55:31,151 [grpc-default-executor-0] INFO  impl.PendingRequests (PendingRequests.java:sendNotLeaderResponses(202)) - b176f217-5116-4f29-ae6c-8c5fe7374010-PendingRequests: sendNotLeaderResponses
2019-09-16 16:55:31,152 [org.apache.ratis.server.impl.LogAppender$AppenderDaemon$$Lambda$508/1360433104@3006e326] WARN  server.GrpcLogAppender (GrpcLogAppender.java:mayWait(143)) - b176f217-5116-4f29-ae6c-8c5fe7374010@group-1347CC5D7860->55776132-47ae-4aef-91b7-92633cf48f43-GrpcLogAppender: Wait interrupted by java.lang.InterruptedException
2019-09-16 16:55:31,151 [org.apache.ratis.server.impl.LogAppender$AppenderDaemon$$Lambda$508/1360433104@52b3dd57] WARN  server.GrpcLogAppender (GrpcLogAppender.java:mayWait(143)) - b176f217-5116-4f29-ae6c-8c5fe7374010@group-1347CC5D7860->c5a5e6b7-bb1e-4cfc-8262-1ca252faf540-GrpcLogAppender: Wait interrupted by java.lang.InterruptedException
2019-09-16 16:55:31,154 [grpc-default-executor-5] INFO  server.GrpcServerProtocolService (GrpcServerProtocolService.java:onCompleted(113)) - 55776132-47ae-4aef-91b7-92633cf48f43: Completed APPEND_ENTRIES, lastRequest: b176f217-5116-4f29-ae6c-8c5fe7374010->55776132-47ae-4aef-91b7-92633cf48f43#91-t1, previous=(t:1, i:14), leaderCommit=10, initializing? false, entries: <empty>
2019-09-16 16:55:31,154 [grpc-default-executor-4] INFO  server.GrpcServerProtocolService (GrpcServerProtocolService.java:onCompleted(113)) - c5a5e6b7-bb1e-4cfc-8262-1ca252faf540: Completed APPEND_ENTRIES, lastRequest: b176f217-5116-4f29-ae6c-8c5fe7374010->c5a5e6b7-bb1e-4cfc-8262-1ca252faf540#91-t1, previous=(t:1, i:14), leaderCommit=10, initializing? false, entries: <empty>
2019-09-16 16:55:31,158 [grpc-default-executor-0] INFO  impl.StateMachineUpdater (StateMachineUpdater.java:stopAndJoin(125)) - b176f217-5116-4f29-ae6c-8c5fe7374010@group-1347CC5D7860-StateMachineUpdater: set stopIndex = 10
2019-09-16 16:55:31,159 [grpc-default-executor-4] INFO  server.GrpcLogAppender (GrpcLogAppender.java:onCompleted(293)) - b176f217-5116-4f29-ae6c-8c5fe7374010@group-1347CC5D7860->c5a5e6b7-bb1e-4cfc-8262-1ca252faf540-AppendLogResponseHandler: follower responses appendEntries COMPLETED
2019-09-16 16:55:31,159 [b176f217-5116-4f29-ae6c-8c5fe7374010@group-1347CC5D7860-StateMachineUpdater] INFO  ratis.ContainerStateMachine (ContainerStateMachine.java:takeSnapshot(289)) - group-1347CC5D7860: Taking a snapshot at:(t:1, i:10) file /workdir/hadoop-ozone/integration-test/target/test-dir/MiniOzoneClusterImpl-b381268c-58bb-44dd-9423-5f17a34efe38/datanode-3/data/ratis/00ea61f9-8c6e-42a1-b808-1347cc5d7860/sm/snapshot.1_10
2019-09-16 16:55:31,159 [grpc-default-executor-5] INFO  server.GrpcLogAppender (GrpcLogAppender.java:onCompleted(293)) - b176f217-5116-4f29-ae6c-8c5fe7374010@group-1347CC5D7860->55776132-47ae-4aef-91b7-92633cf48f43-AppendLogResponseHandler: follower responses appendEntries COMPLETED
2019-09-16 16:55:31,160 [grpc-default-executor-5] INFO  impl.FollowerInfo (FollowerInfo.java:lambda$new$0(51)) - b176f217-5116-4f29-ae6c-8c5fe7374010@group-1347CC5D7860->55776132-47ae-4aef-91b7-92633cf48f43: nextIndex: updateUnconditionally 15 -> 11
2019-09-16 16:55:31,160 [grpc-default-executor-4] INFO  impl.FollowerInfo (FollowerInfo.java:lambda$new$0(51)) - b176f217-5116-4f29-ae6c-8c5fe7374010@group-1347CC5D7860->c5a5e6b7-bb1e-4cfc-8262-1ca252faf540: nextIndex: updateUnconditionally 15 -> 11
2019-09-16 16:55:31,218 [b176f217-5116-4f29-ae6c-8c5fe7374010@group-1347CC5D7860-StateMachineUpdater] INFO  ratis.ContainerStateMachine (ContainerStateMachine.java:takeSnapshot(300)) - group-1347CC5D7860: Finished taking a snapshot at:(t:1, i:10) file:/workdir/hadoop-ozone/integration-test/target/test-dir/MiniOzoneClusterImpl-b381268c-58bb-44dd-9423-5f17a34efe38/datanode-3/data/ratis/00ea61f9-8c6e-42a1-b808-1347cc5d7860/sm/snapshot.1_10 time:58
2019-09-16 16:55:31,218 [Command processor thread] ERROR commandhandler.CloseContainerCommandHandler (CloseContainerCommandHandler.java:handle(125)) - Can't close container #3
java.io.IOException: org.apache.ratis.protocol.GroupMismatchException: b176f217-5116-4f29-ae6c-8c5fe7374010: group-1347CC5D7860 not found.
	at org.apache.hadoop.ozone.container.common.transport.server.ratis.XceiverServerRatis.submitRequest(XceiverServerRatis.java:502)
	at org.apache.hadoop.ozone.container.common.statemachine.commandhandler.CloseContainerCommandHandler.handle(CloseContainerCommandHandler.java:102)
	at org.apache.hadoop.ozone.container.common.statemachine.commandhandler.CommandDispatcher.handle(CommandDispatcher.java:99)
	at org.apache.hadoop.ozone.container.common.statemachine.DatanodeStateMachine.lambda$initCommandHandlerThread$1(DatanodeStateMachine.java:432)
	at java.lang.Thread.run(Thread.java:748)
Caused by: java.util.concurrent.ExecutionException: org.apache.ratis.protocol.GroupMismatchException: b176f217-5116-4f29-ae6c-8c5fe7374010: group-1347CC5D7860 not found.
	at java.util.concurrent.CompletableFuture.reportGet(CompletableFuture.java:357)
	at java.util.concurrent.CompletableFuture.get(CompletableFuture.java:1895)
	at org.apache.hadoop.ozone.container.common.transport.server.ratis.XceiverServerRatis.submitRequest(XceiverServerRatis.java:500)
	... 4 more
Caused by: org.apache.ratis.protocol.GroupMismatchException: b176f217-5116-4f29-ae6c-8c5fe7374010: group-1347CC5D7860 not found.
	at org.apache.ratis.server.impl.RaftServerProxy$ImplMap.get(RaftServerProxy.java:122)
	at org.apache.ratis.server.impl.RaftServerProxy.getImplFuture(RaftServerProxy.java:269)
	at org.apache.ratis.server.impl.RaftServerProxy.submitRequest(RaftServerProxy.java:327)
	at org.apache.ratis.server.impl.RaftServerProxy.submitClientRequestAsync(RaftServerProxy.java:333)
	... 5 more
2019-09-16 16:55:31,218 [b176f217-5116-4f29-ae6c-8c5fe7374010@group-1347CC5D7860-StateMachineUpdater] INFO  impl.StateMachineUpdater (StateMachineUpdater.java:takeSnapshot(258)) - b176f217-5116-4f29-ae6c-8c5fe7374010@group-1347CC5D7860-StateMachineUpdater: Took a snapshot at index 10
2019-09-16 16:55:31,219 [b176f217-5116-4f29-ae6c-8c5fe7374010@group-1347CC5D7860-StateMachineUpdater] INFO  impl.StateMachineUpdater (StateMachineUpdater.java:lambda$new$0(83)) - b176f217-5116-4f29-ae6c-8c5fe7374010@group-1347CC5D7860-StateMachineUpdater: snapshotIndex: updateIncreasingly -1 -> 10
2019-09-16 16:55:31,219 [grpc-default-executor-0] INFO  impl.RaftServerImpl (ServerState.java:close(385)) - b176f217-5116-4f29-ae6c-8c5fe7374010@group-1347CC5D7860: closes. applyIndex: 10
2019-09-16 16:55:31,219 [b176f217-5116-4f29-ae6c-8c5fe7374010@group-1347CC5D7860-SegmentedRaftLogWorker] ERROR ratis.XceiverServerRatis (XceiverServerRatis.java:triggerPipelineClose(575)) - pipeline Action CLOSE  on pipeline PipelineID=00ea61f9-8c6e-42a1-b808-1347cc5d7860.Reason : WriteLog:12: (t:1, i:12), STATEMACHINELOGENTRY, client-0133849F436F, cid=22-writeStateMachineData interrupted.
2019-09-16 16:55:31,222 [EventQueue-PipelineActionsForPipelineActionHandler] ERROR pipeline.PipelineActionHandler (PipelineActionHandler.java:onMessage(60)) - Received pipeline action CLOSE for Pipeline[ Id: 00ea61f9-8c6e-42a1-b808-1347cc5d7860, Nodes: 55776132-47ae-4aef-91b7-92633cf48f43{ip: 192.168.5.184, host: pr-hdds-2022-qxstf-1422721469, networkLocation: /default-rack, certSerialId: null}b176f217-5116-4f29-ae6c-8c5fe7374010{ip: 192.168.5.184, host: pr-hdds-2022-qxstf-1422721469, networkLocation: /default-rack, certSerialId: null}c5a5e6b7-bb1e-4cfc-8262-1ca252faf540{ip: 192.168.5.184, host: pr-hdds-2022-qxstf-1422721469, networkLocation: /default-rack, certSerialId: null}, Type:RATIS, Factor:THREE, State:CLOSED] from datanode b176f217-5116-4f29-ae6c-8c5fe7374010{ip: 192.168.5.184, host: pr-hdds-2022-qxstf-1422721469, networkLocation: /default-rack, certSerialId: null}. Reason : WriteLog:12: (t:1, i:12), STATEMACHINELOGENTRY, client-0133849F436F, cid=22-writeStateMachineData interrupted.
2019-09-16 16:55:31,222 [EventQueue-PipelineActionsForPipelineActionHandler] INFO  pipeline.SCMPipelineManager (SCMPipelineManager.java:finalizeAndDestroyPipeline(311)) - destroying pipeline:Pipeline[ Id: 00ea61f9-8c6e-42a1-b808-1347cc5d7860, Nodes: 55776132-47ae-4aef-91b7-92633cf48f43{ip: 192.168.5.184, host: pr-hdds-2022-qxstf-1422721469, networkLocation: /default-rack, certSerialId: null}b176f217-5116-4f29-ae6c-8c5fe7374010{ip: 192.168.5.184, host: pr-hdds-2022-qxstf-1422721469, networkLocation: /default-rack, certSerialId: null}c5a5e6b7-bb1e-4cfc-8262-1ca252faf540{ip: 192.168.5.184, host: pr-hdds-2022-qxstf-1422721469, networkLocation: /default-rack, certSerialId: null}, Type:RATIS, Factor:THREE, State:CLOSED]
2019-09-16 16:55:31,241 [grpc-default-executor-0] INFO  segmented.SegmentedRaftLogWorker (SegmentedRaftLogWorker.java:close(228)) - b176f217-5116-4f29-ae6c-8c5fe7374010@group-1347CC5D7860-SegmentedRaftLogWorker close()
2019-09-16 16:55:31,250 [grpc-default-executor-5] INFO  client.GrpcClientProtocolClient (GrpcClientProtocolClient.java:onNext(264)) - client-E281DC600642->b38fff04-681d-43a3-90d0-26fe2e9a9866: receive RaftClientReply:client-E281DC600642->b38fff04-681d-43a3-90d0-26fe2e9a9866@group-8BC1D30073B0, cid=25, SUCCESS, logIndex=7, commits[b38fff04-681d-43a3-90d0-26fe2e9a9866:c7, 445370a6-3850-4457-9c2c-f37f35928d12:c6, e9d750f6-56b2-4d42-a810-39328f6044b5:c6]
2019-09-16 16:55:31,270 [grpc-default-executor-0] INFO  interfaces.Container (KeyValueContainer.java:flushAndSyncDB(386)) - Container 2 is synced with bcsId 6.
2019-09-16 16:55:31,270 [grpc-default-executor-0] INFO  interfaces.Container (KeyValueContainer.java:flushAndSyncDB(386)) - Container 2 is synced with bcsId 6.
2019-09-16 16:55:31,292 [grpc-default-executor-6] INFO  client.GrpcClientProtocolClient (GrpcClientProtocolClient.java:onNext(264)) - client-E281DC600642->b38fff04-681d-43a3-90d0-26fe2e9a9866: receive RaftClientReply:client-E281DC600642->b38fff04-681d-43a3-90d0-26fe2e9a9866@group-8BC1D30073B0, cid=26, SUCCESS, logIndex=9, commits[b38fff04-681d-43a3-90d0-26fe2e9a9866:c10, 445370a6-3850-4457-9c2c-f37f35928d12:c7, e9d750f6-56b2-4d42-a810-39328f6044b5:c7]
2019-09-16 16:55:31,406 [grpc-default-executor-6] INFO  client.GrpcClientProtocolClient (GrpcClientProtocolClient.java:onNext(264)) - client-E281DC600642->b38fff04-681d-43a3-90d0-26fe2e9a9866: receive RaftClientReply:client-E281DC600642->b38fff04-681d-43a3-90d0-26fe2e9a9866@group-8BC1D30073B0, cid=27, SUCCESS, logIndex=10, commits[b38fff04-681d-43a3-90d0-26fe2e9a9866:c12, 445370a6-3850-4457-9c2c-f37f35928d12:c10, e9d750f6-56b2-4d42-a810-39328f6044b5:c10]
]]></system-out>
  </testcase>
  <testcase name="testFullBufferCondition" classname="org.apache.hadoop.ozone.client.rpc.TestBlockOutputStream" time="187.335">
    <failure type="java.lang.AssertionError">java.lang.AssertionError
	at org.junit.Assert.fail(Assert.java:86)
	at org.junit.Assert.assertTrue(Assert.java:41)
	at org.junit.Assert.assertTrue(Assert.java:52)
	at org.apache.hadoop.ozone.client.rpc.TestBlockOutputStream.testFullBufferCondition(TestBlockOutputStream.java:515)
	at sun.reflect.NativeMethodAccessorImpl.invoke0(Native Method)
	at sun.reflect.NativeMethodAccessorImpl.invoke(NativeMethodAccessorImpl.java:62)
	at sun.reflect.DelegatingMethodAccessorImpl.invoke(DelegatingMethodAccessorImpl.java:43)
	at java.lang.reflect.Method.invoke(Method.java:498)
	at org.junit.runners.model.FrameworkMethod$1.runReflectiveCall(FrameworkMethod.java:47)
	at org.junit.internal.runners.model.ReflectiveCallable.run(ReflectiveCallable.java:12)
	at org.junit.runners.model.FrameworkMethod.invokeExplosively(FrameworkMethod.java:44)
	at org.junit.internal.runners.statements.InvokeMethod.evaluate(InvokeMethod.java:17)
	at org.junit.runners.ParentRunner.runLeaf(ParentRunner.java:271)
	at org.junit.runners.BlockJUnit4ClassRunner.runChild(BlockJUnit4ClassRunner.java:70)
	at org.junit.runners.BlockJUnit4ClassRunner.runChild(BlockJUnit4ClassRunner.java:50)
	at org.junit.runners.ParentRunner$3.run(ParentRunner.java:238)
	at org.junit.runners.ParentRunner$1.schedule(ParentRunner.java:63)
	at org.junit.runners.ParentRunner.runChildren(ParentRunner.java:236)
	at org.junit.runners.ParentRunner.access$000(ParentRunner.java:53)
	at org.junit.runners.ParentRunner$2.evaluate(ParentRunner.java:229)
	at org.junit.internal.runners.statements.RunBefores.evaluate(RunBefores.java:26)
	at org.junit.internal.runners.statements.RunAfters.evaluate(RunAfters.java:27)
	at org.junit.runners.ParentRunner.run(ParentRunner.java:309)
	at org.apache.maven.surefire.junit4.JUnit4Provider.execute(JUnit4Provider.java:365)
	at org.apache.maven.surefire.junit4.JUnit4Provider.executeWithRerun(JUnit4Provider.java:273)
	at org.apache.maven.surefire.junit4.JUnit4Provider.executeTestSet(JUnit4Provider.java:238)
	at org.apache.maven.surefire.junit4.JUnit4Provider.invoke(JUnit4Provider.java:159)
	at org.apache.maven.surefire.booter.ForkedBooter.invokeProviderInSameClassLoader(ForkedBooter.java:384)
	at org.apache.maven.surefire.booter.ForkedBooter.runSuitesInProcess(ForkedBooter.java:345)
	at org.apache.maven.surefire.booter.ForkedBooter.execute(ForkedBooter.java:126)
	at org.apache.maven.surefire.booter.ForkedBooter.main(ForkedBooter.java:418)
</failure>
    <system-out><![CDATA[2019-09-16 16:55:31,554 [grpc-default-executor-0] INFO  interfaces.Container (KeyValueContainer.java:flushAndSyncDB(386)) - Container 3 is synced with bcsId 0.
2019-09-16 16:55:31,757 [grpc-default-executor-0] INFO  interfaces.Container (KeyValueContainer.java:flushAndSyncDB(386)) - Container 3 is synced with bcsId 0.
2019-09-16 16:55:31,800 [grpc-default-executor-0] INFO  impl.RaftServerProxy (RaftServerProxy.java:remove(95)) - c5a5e6b7-bb1e-4cfc-8262-1ca252faf540: remove  FOLLOWER c5a5e6b7-bb1e-4cfc-8262-1ca252faf540@group-1347CC5D7860:t1, leader=b176f217-5116-4f29-ae6c-8c5fe7374010, voted=b176f217-5116-4f29-ae6c-8c5fe7374010, raftlog=c5a5e6b7-bb1e-4cfc-8262-1ca252faf540@group-1347CC5D7860-SegmentedRaftLog:OPENED:c10,f10,i14, conf=0: [55776132-47ae-4aef-91b7-92633cf48f43:192.168.5.184:33378, c5a5e6b7-bb1e-4cfc-8262-1ca252faf540:192.168.5.184:34221, b176f217-5116-4f29-ae6c-8c5fe7374010:192.168.5.184:36714], old=null RUNNING
2019-09-16 16:55:31,801 [grpc-default-executor-0] INFO  impl.RaftServerImpl (RaftServerImpl.java:lambda$shutdown$3(251)) - c5a5e6b7-bb1e-4cfc-8262-1ca252faf540@group-1347CC5D7860: shutdown
2019-09-16 16:55:31,801 [grpc-default-executor-0] INFO  util.JmxRegister (JmxRegister.java:unregister(73)) - Successfully un-registered JMX Bean with object name Ratis:service=RaftServer,group=group-1347CC5D7860,id=c5a5e6b7-bb1e-4cfc-8262-1ca252faf540
2019-09-16 16:55:31,801 [grpc-default-executor-0] INFO  impl.RoleInfo (RoleInfo.java:shutdownFollowerState(121)) - c5a5e6b7-bb1e-4cfc-8262-1ca252faf540: shutdown FollowerState
2019-09-16 16:55:31,802 [grpc-default-executor-0] INFO  impl.StateMachineUpdater (StateMachineUpdater.java:stopAndJoin(125)) - c5a5e6b7-bb1e-4cfc-8262-1ca252faf540@group-1347CC5D7860-StateMachineUpdater: set stopIndex = 10
2019-09-16 16:55:31,802 [c5a5e6b7-bb1e-4cfc-8262-1ca252faf540@group-1347CC5D7860-StateMachineUpdater] INFO  ratis.ContainerStateMachine (ContainerStateMachine.java:takeSnapshot(289)) - group-1347CC5D7860: Taking a snapshot at:(t:1, i:6) file /workdir/hadoop-ozone/integration-test/target/test-dir/MiniOzoneClusterImpl-b381268c-58bb-44dd-9423-5f17a34efe38/datanode-5/data/ratis/00ea61f9-8c6e-42a1-b808-1347cc5d7860/sm/snapshot.1_6
2019-09-16 16:55:31,803 [Thread-321] INFO  impl.FollowerState (FollowerState.java:run(115)) - c5a5e6b7-bb1e-4cfc-8262-1ca252faf540: FollowerState was interrupted: java.lang.InterruptedException: sleep interrupted
2019-09-16 16:55:31,849 [c5a5e6b7-bb1e-4cfc-8262-1ca252faf540@group-1347CC5D7860-StateMachineUpdater] INFO  ratis.ContainerStateMachine (ContainerStateMachine.java:takeSnapshot(300)) - group-1347CC5D7860: Finished taking a snapshot at:(t:1, i:6) file:/workdir/hadoop-ozone/integration-test/target/test-dir/MiniOzoneClusterImpl-b381268c-58bb-44dd-9423-5f17a34efe38/datanode-5/data/ratis/00ea61f9-8c6e-42a1-b808-1347cc5d7860/sm/snapshot.1_6 time:47
2019-09-16 16:55:31,849 [c5a5e6b7-bb1e-4cfc-8262-1ca252faf540@group-1347CC5D7860-StateMachineUpdater] INFO  impl.StateMachineUpdater (StateMachineUpdater.java:takeSnapshot(258)) - c5a5e6b7-bb1e-4cfc-8262-1ca252faf540@group-1347CC5D7860-StateMachineUpdater: Took a snapshot at index 6
2019-09-16 16:55:31,850 [c5a5e6b7-bb1e-4cfc-8262-1ca252faf540@group-1347CC5D7860-StateMachineUpdater] INFO  impl.StateMachineUpdater (StateMachineUpdater.java:lambda$new$0(83)) - c5a5e6b7-bb1e-4cfc-8262-1ca252faf540@group-1347CC5D7860-StateMachineUpdater: snapshotIndex: updateIncreasingly -1 -> 6
2019-09-16 16:55:31,850 [c5a5e6b7-bb1e-4cfc-8262-1ca252faf540@group-1347CC5D7860-StateMachineUpdater] INFO  ratis.ContainerStateMachine (ContainerStateMachine.java:takeSnapshot(289)) - group-1347CC5D7860: Taking a snapshot at:(t:1, i:6) file /workdir/hadoop-ozone/integration-test/target/test-dir/MiniOzoneClusterImpl-b381268c-58bb-44dd-9423-5f17a34efe38/datanode-5/data/ratis/00ea61f9-8c6e-42a1-b808-1347cc5d7860/sm/snapshot.1_6
2019-09-16 16:55:31,871 [c5a5e6b7-bb1e-4cfc-8262-1ca252faf540@group-1347CC5D7860-StateMachineUpdater] INFO  ratis.ContainerStateMachine (ContainerStateMachine.java:takeSnapshot(300)) - group-1347CC5D7860: Finished taking a snapshot at:(t:1, i:6) file:/workdir/hadoop-ozone/integration-test/target/test-dir/MiniOzoneClusterImpl-b381268c-58bb-44dd-9423-5f17a34efe38/datanode-5/data/ratis/00ea61f9-8c6e-42a1-b808-1347cc5d7860/sm/snapshot.1_6 time:21
2019-09-16 16:55:31,871 [c5a5e6b7-bb1e-4cfc-8262-1ca252faf540@group-1347CC5D7860-StateMachineUpdater] INFO  impl.StateMachineUpdater (StateMachineUpdater.java:takeSnapshot(258)) - c5a5e6b7-bb1e-4cfc-8262-1ca252faf540@group-1347CC5D7860-StateMachineUpdater: Took a snapshot at index 6
2019-09-16 16:55:31,872 [c5a5e6b7-bb1e-4cfc-8262-1ca252faf540@group-1347CC5D7860-StateMachineUpdater] INFO  impl.StateMachineUpdater (StateMachineUpdater.java:lambda$new$0(83)) - c5a5e6b7-bb1e-4cfc-8262-1ca252faf540@group-1347CC5D7860-StateMachineUpdater: snapshotIndex: updateIncreasingly 6 -> 6
2019-09-16 16:55:31,872 [grpc-default-executor-0] INFO  impl.RaftServerImpl (ServerState.java:close(385)) - c5a5e6b7-bb1e-4cfc-8262-1ca252faf540@group-1347CC5D7860: closes. applyIndex: 10
2019-09-16 16:55:31,875 [c5a5e6b7-bb1e-4cfc-8262-1ca252faf540@group-1347CC5D7860-SegmentedRaftLogWorker] ERROR ratis.XceiverServerRatis (XceiverServerRatis.java:triggerPipelineClose(575)) - pipeline Action CLOSE  on pipeline PipelineID=00ea61f9-8c6e-42a1-b808-1347cc5d7860.Reason : WriteLog:12: (t:1, i:12), STATEMACHINELOGENTRY, client-0133849F436F, cid=22-writeStateMachineData interrupted.
2019-09-16 16:55:31,878 [EventQueue-PipelineActionsForPipelineActionHandler] ERROR pipeline.PipelineActionHandler (PipelineActionHandler.java:onMessage(60)) - Received pipeline action CLOSE for Pipeline[ Id: 00ea61f9-8c6e-42a1-b808-1347cc5d7860, Nodes: 55776132-47ae-4aef-91b7-92633cf48f43{ip: 192.168.5.184, host: pr-hdds-2022-qxstf-1422721469, networkLocation: /default-rack, certSerialId: null}b176f217-5116-4f29-ae6c-8c5fe7374010{ip: 192.168.5.184, host: pr-hdds-2022-qxstf-1422721469, networkLocation: /default-rack, certSerialId: null}c5a5e6b7-bb1e-4cfc-8262-1ca252faf540{ip: 192.168.5.184, host: pr-hdds-2022-qxstf-1422721469, networkLocation: /default-rack, certSerialId: null}, Type:RATIS, Factor:THREE, State:CLOSED] from datanode c5a5e6b7-bb1e-4cfc-8262-1ca252faf540{ip: 192.168.5.184, host: pr-hdds-2022-qxstf-1422721469, networkLocation: /default-rack, certSerialId: null}. Reason : WriteLog:12: (t:1, i:12), STATEMACHINELOGENTRY, client-0133849F436F, cid=22-writeStateMachineData interrupted.
2019-09-16 16:55:31,878 [EventQueue-PipelineActionsForPipelineActionHandler] INFO  pipeline.SCMPipelineManager (SCMPipelineManager.java:finalizeAndDestroyPipeline(311)) - destroying pipeline:Pipeline[ Id: 00ea61f9-8c6e-42a1-b808-1347cc5d7860, Nodes: 55776132-47ae-4aef-91b7-92633cf48f43{ip: 192.168.5.184, host: pr-hdds-2022-qxstf-1422721469, networkLocation: /default-rack, certSerialId: null}b176f217-5116-4f29-ae6c-8c5fe7374010{ip: 192.168.5.184, host: pr-hdds-2022-qxstf-1422721469, networkLocation: /default-rack, certSerialId: null}c5a5e6b7-bb1e-4cfc-8262-1ca252faf540{ip: 192.168.5.184, host: pr-hdds-2022-qxstf-1422721469, networkLocation: /default-rack, certSerialId: null}, Type:RATIS, Factor:THREE, State:CLOSED]
2019-09-16 16:55:31,909 [grpc-default-executor-0] INFO  segmented.SegmentedRaftLogWorker (SegmentedRaftLogWorker.java:close(228)) - c5a5e6b7-bb1e-4cfc-8262-1ca252faf540@group-1347CC5D7860-SegmentedRaftLogWorker close()
2019-09-16 16:55:31,926 [grpc-default-executor-0] INFO  interfaces.Container (KeyValueContainer.java:flushAndSyncDB(386)) - Container 2 is synced with bcsId 6.
2019-09-16 16:55:31,926 [grpc-default-executor-0] INFO  interfaces.Container (KeyValueContainer.java:flushAndSyncDB(386)) - Container 2 is synced with bcsId 6.
2019-09-16 16:55:32,062 [grpc-default-executor-0] INFO  interfaces.Container (KeyValueContainer.java:flushAndSyncDB(386)) - Container 3 is synced with bcsId 0.
2019-09-16 16:55:32,063 [grpc-default-executor-0] INFO  interfaces.Container (KeyValueContainer.java:flushAndSyncDB(386)) - Container 3 is synced with bcsId 0.
2019-09-16 16:55:32,091 [RatisPipelineUtilsThread] INFO  pipeline.PipelineStateManager (PipelineStateManager.java:removePipeline(108)) - Pipeline Pipeline[ Id: 00ea61f9-8c6e-42a1-b808-1347cc5d7860, Nodes: 55776132-47ae-4aef-91b7-92633cf48f43{ip: 192.168.5.184, host: pr-hdds-2022-qxstf-1422721469, networkLocation: /default-rack, certSerialId: null}b176f217-5116-4f29-ae6c-8c5fe7374010{ip: 192.168.5.184, host: pr-hdds-2022-qxstf-1422721469, networkLocation: /default-rack, certSerialId: null}c5a5e6b7-bb1e-4cfc-8262-1ca252faf540{ip: 192.168.5.184, host: pr-hdds-2022-qxstf-1422721469, networkLocation: /default-rack, certSerialId: null}, Type:RATIS, Factor:THREE, State:CLOSED] removed from db
2019-09-16 16:55:32,105 [grpc-default-executor-6] INFO  impl.RaftServerProxy (RaftServerProxy.java:addNew(89)) - c5a5e6b7-bb1e-4cfc-8262-1ca252faf540: addNew group-CB890FE5B329:[55776132-47ae-4aef-91b7-92633cf48f43:192.168.5.184:33378, c5a5e6b7-bb1e-4cfc-8262-1ca252faf540:192.168.5.184:34221, b176f217-5116-4f29-ae6c-8c5fe7374010:192.168.5.184:36714] returns group-CB890FE5B329:java.util.concurrent.CompletableFuture@482d9452[Not completed]
2019-09-16 16:55:32,107 [grpc-default-executor-4] INFO  impl.RaftServerProxy (RaftServerProxy.java:addNew(89)) - b176f217-5116-4f29-ae6c-8c5fe7374010: addNew group-CB890FE5B329:[55776132-47ae-4aef-91b7-92633cf48f43:192.168.5.184:33378, c5a5e6b7-bb1e-4cfc-8262-1ca252faf540:192.168.5.184:34221, b176f217-5116-4f29-ae6c-8c5fe7374010:192.168.5.184:36714] returns group-CB890FE5B329:java.util.concurrent.CompletableFuture@1f0eb4c1[Not completed]
2019-09-16 16:55:32,107 [grpc-default-executor-0] INFO  impl.RaftServerProxy (RaftServerProxy.java:addNew(89)) - 55776132-47ae-4aef-91b7-92633cf48f43: addNew group-CB890FE5B329:[55776132-47ae-4aef-91b7-92633cf48f43:192.168.5.184:33378, c5a5e6b7-bb1e-4cfc-8262-1ca252faf540:192.168.5.184:34221, b176f217-5116-4f29-ae6c-8c5fe7374010:192.168.5.184:36714] returns group-CB890FE5B329:java.util.concurrent.CompletableFuture@ad259ea[Not completed]
2019-09-16 16:55:32,110 [pool-77-thread-1] INFO  impl.RaftServerImpl (RaftServerImpl.java:<init>(95)) - c5a5e6b7-bb1e-4cfc-8262-1ca252faf540: new RaftServerImpl for group-CB890FE5B329:[55776132-47ae-4aef-91b7-92633cf48f43:192.168.5.184:33378, c5a5e6b7-bb1e-4cfc-8262-1ca252faf540:192.168.5.184:34221, b176f217-5116-4f29-ae6c-8c5fe7374010:192.168.5.184:36714] with ContainerStateMachine:uninitialized
2019-09-16 16:55:32,111 [pool-77-thread-1] INFO  server.RaftServerConfigKeys (ConfUtils.java:logGet(43)) - raft.server.rpc.timeout.min = 5s (custom)
2019-09-16 16:55:32,111 [pool-77-thread-1] INFO  server.RaftServerConfigKeys (ConfUtils.java:logGet(43)) - raft.server.rpc.timeout.max = 5200ms (custom)
2019-09-16 16:55:32,111 [pool-77-thread-1] INFO  server.RaftServerConfigKeys (ConfUtils.java:logGet(43)) - raft.server.rpcslowness.timeout = 120s (custom)
2019-09-16 16:55:32,111 [pool-77-thread-1] INFO  server.RaftServerConfigKeys (ConfUtils.java:logGet(43)) - raft.server.sleep.deviation.threshold = 300 (default)
2019-09-16 16:55:32,111 [pool-77-thread-1] INFO  server.RaftServerConfigKeys (ConfUtils.java:logGet(43)) - raft.server.log.appender.install.snapshot.enabled = false (custom)
2019-09-16 16:55:32,111 [pool-77-thread-1] INFO  impl.RaftServerImpl (ServerState.java:<init>(103)) - c5a5e6b7-bb1e-4cfc-8262-1ca252faf540@group-CB890FE5B329: ConfigurationManager, init=-1: [55776132-47ae-4aef-91b7-92633cf48f43:192.168.5.184:33378, c5a5e6b7-bb1e-4cfc-8262-1ca252faf540:192.168.5.184:34221, b176f217-5116-4f29-ae6c-8c5fe7374010:192.168.5.184:36714], old=null, confs=<EMPTY_MAP>
2019-09-16 16:55:32,112 [pool-57-thread-1] INFO  impl.RaftServerImpl (RaftServerImpl.java:<init>(95)) - b176f217-5116-4f29-ae6c-8c5fe7374010: new RaftServerImpl for group-CB890FE5B329:[55776132-47ae-4aef-91b7-92633cf48f43:192.168.5.184:33378, c5a5e6b7-bb1e-4cfc-8262-1ca252faf540:192.168.5.184:34221, b176f217-5116-4f29-ae6c-8c5fe7374010:192.168.5.184:36714] with ContainerStateMachine:uninitialized
2019-09-16 16:55:32,112 [pool-57-thread-1] INFO  server.RaftServerConfigKeys (ConfUtils.java:logGet(43)) - raft.server.rpc.timeout.min = 5s (custom)
2019-09-16 16:55:32,112 [pool-77-thread-1] INFO  server.RaftServerConfigKeys (ConfUtils.java:logGet(43)) - raft.server.storage.dir = [/workdir/hadoop-ozone/integration-test/target/test-dir/MiniOzoneClusterImpl-b381268c-58bb-44dd-9423-5f17a34efe38/datanode-5/data/ratis] (custom)
2019-09-16 16:55:32,112 [pool-57-thread-1] INFO  server.RaftServerConfigKeys (ConfUtils.java:logGet(43)) - raft.server.rpc.timeout.max = 5200ms (custom)
2019-09-16 16:55:32,112 [pool-67-thread-1] INFO  impl.RaftServerImpl (RaftServerImpl.java:<init>(95)) - 55776132-47ae-4aef-91b7-92633cf48f43: new RaftServerImpl for group-CB890FE5B329:[55776132-47ae-4aef-91b7-92633cf48f43:192.168.5.184:33378, c5a5e6b7-bb1e-4cfc-8262-1ca252faf540:192.168.5.184:34221, b176f217-5116-4f29-ae6c-8c5fe7374010:192.168.5.184:36714] with ContainerStateMachine:uninitialized
2019-09-16 16:55:32,112 [pool-57-thread-1] INFO  server.RaftServerConfigKeys (ConfUtils.java:logGet(43)) - raft.server.rpcslowness.timeout = 120s (custom)
2019-09-16 16:55:32,113 [pool-77-thread-1] INFO  storage.RaftStorageDirectory (RaftStorageDirectory.java:analyzeStorage(246)) - The storage directory /workdir/hadoop-ozone/integration-test/target/test-dir/MiniOzoneClusterImpl-b381268c-58bb-44dd-9423-5f17a34efe38/datanode-5/data/ratis/543dff7a-402f-4975-a44c-cb890fe5b329 does not exist. Creating ...
2019-09-16 16:55:32,113 [pool-67-thread-1] INFO  server.RaftServerConfigKeys (ConfUtils.java:logGet(43)) - raft.server.rpc.timeout.min = 5s (custom)
2019-09-16 16:55:32,113 [pool-57-thread-1] INFO  server.RaftServerConfigKeys (ConfUtils.java:logGet(43)) - raft.server.sleep.deviation.threshold = 300 (default)
2019-09-16 16:55:32,113 [pool-67-thread-1] INFO  server.RaftServerConfigKeys (ConfUtils.java:logGet(43)) - raft.server.rpc.timeout.max = 5200ms (custom)
2019-09-16 16:55:32,113 [pool-57-thread-1] INFO  server.RaftServerConfigKeys (ConfUtils.java:logGet(43)) - raft.server.log.appender.install.snapshot.enabled = false (custom)
2019-09-16 16:55:32,113 [pool-67-thread-1] INFO  server.RaftServerConfigKeys (ConfUtils.java:logGet(43)) - raft.server.rpcslowness.timeout = 120s (custom)
2019-09-16 16:55:32,114 [pool-57-thread-1] INFO  impl.RaftServerImpl (ServerState.java:<init>(103)) - b176f217-5116-4f29-ae6c-8c5fe7374010@group-CB890FE5B329: ConfigurationManager, init=-1: [55776132-47ae-4aef-91b7-92633cf48f43:192.168.5.184:33378, c5a5e6b7-bb1e-4cfc-8262-1ca252faf540:192.168.5.184:34221, b176f217-5116-4f29-ae6c-8c5fe7374010:192.168.5.184:36714], old=null, confs=<EMPTY_MAP>
2019-09-16 16:55:32,114 [pool-67-thread-1] INFO  server.RaftServerConfigKeys (ConfUtils.java:logGet(43)) - raft.server.sleep.deviation.threshold = 300 (default)
2019-09-16 16:55:32,114 [pool-57-thread-1] INFO  server.RaftServerConfigKeys (ConfUtils.java:logGet(43)) - raft.server.storage.dir = [/workdir/hadoop-ozone/integration-test/target/test-dir/MiniOzoneClusterImpl-b381268c-58bb-44dd-9423-5f17a34efe38/datanode-3/data/ratis] (custom)
2019-09-16 16:55:32,114 [pool-67-thread-1] INFO  server.RaftServerConfigKeys (ConfUtils.java:logGet(43)) - raft.server.log.appender.install.snapshot.enabled = false (custom)
2019-09-16 16:55:32,114 [pool-67-thread-1] INFO  impl.RaftServerImpl (ServerState.java:<init>(103)) - 55776132-47ae-4aef-91b7-92633cf48f43@group-CB890FE5B329: ConfigurationManager, init=-1: [55776132-47ae-4aef-91b7-92633cf48f43:192.168.5.184:33378, c5a5e6b7-bb1e-4cfc-8262-1ca252faf540:192.168.5.184:34221, b176f217-5116-4f29-ae6c-8c5fe7374010:192.168.5.184:36714], old=null, confs=<EMPTY_MAP>
2019-09-16 16:55:32,115 [pool-67-thread-1] INFO  server.RaftServerConfigKeys (ConfUtils.java:logGet(43)) - raft.server.storage.dir = [/workdir/hadoop-ozone/integration-test/target/test-dir/MiniOzoneClusterImpl-b381268c-58bb-44dd-9423-5f17a34efe38/datanode-4/data/ratis] (custom)
2019-09-16 16:55:32,115 [pool-57-thread-1] INFO  storage.RaftStorageDirectory (RaftStorageDirectory.java:analyzeStorage(246)) - The storage directory /workdir/hadoop-ozone/integration-test/target/test-dir/MiniOzoneClusterImpl-b381268c-58bb-44dd-9423-5f17a34efe38/datanode-3/data/ratis/543dff7a-402f-4975-a44c-cb890fe5b329 does not exist. Creating ...
2019-09-16 16:55:32,115 [pool-67-thread-1] INFO  storage.RaftStorageDirectory (RaftStorageDirectory.java:analyzeStorage(246)) - The storage directory /workdir/hadoop-ozone/integration-test/target/test-dir/MiniOzoneClusterImpl-b381268c-58bb-44dd-9423-5f17a34efe38/datanode-4/data/ratis/543dff7a-402f-4975-a44c-cb890fe5b329 does not exist. Creating ...
2019-09-16 16:55:32,151 [pool-57-thread-1] INFO  storage.RaftStorageDirectory (RaftStorageDirectory.java:tryLock(328)) - Lock on /workdir/hadoop-ozone/integration-test/target/test-dir/MiniOzoneClusterImpl-b381268c-58bb-44dd-9423-5f17a34efe38/datanode-3/data/ratis/543dff7a-402f-4975-a44c-cb890fe5b329/in_use.lock acquired by nodename 13072@pr-hdds-2022-qxstf-1422721469
2019-09-16 16:55:32,151 [pool-67-thread-1] INFO  storage.RaftStorageDirectory (RaftStorageDirectory.java:tryLock(328)) - Lock on /workdir/hadoop-ozone/integration-test/target/test-dir/MiniOzoneClusterImpl-b381268c-58bb-44dd-9423-5f17a34efe38/datanode-4/data/ratis/543dff7a-402f-4975-a44c-cb890fe5b329/in_use.lock acquired by nodename 13072@pr-hdds-2022-qxstf-1422721469
2019-09-16 16:55:32,151 [pool-77-thread-1] INFO  storage.RaftStorageDirectory (RaftStorageDirectory.java:tryLock(328)) - Lock on /workdir/hadoop-ozone/integration-test/target/test-dir/MiniOzoneClusterImpl-b381268c-58bb-44dd-9423-5f17a34efe38/datanode-5/data/ratis/543dff7a-402f-4975-a44c-cb890fe5b329/in_use.lock acquired by nodename 13072@pr-hdds-2022-qxstf-1422721469
2019-09-16 16:55:32,182 [pool-67-thread-1] INFO  storage.RaftStorage (RaftStorage.java:format(72)) - Storage directory /workdir/hadoop-ozone/integration-test/target/test-dir/MiniOzoneClusterImpl-b381268c-58bb-44dd-9423-5f17a34efe38/datanode-4/data/ratis/543dff7a-402f-4975-a44c-cb890fe5b329 has been successfully formatted.
2019-09-16 16:55:32,182 [pool-57-thread-1] INFO  storage.RaftStorage (RaftStorage.java:format(72)) - Storage directory /workdir/hadoop-ozone/integration-test/target/test-dir/MiniOzoneClusterImpl-b381268c-58bb-44dd-9423-5f17a34efe38/datanode-3/data/ratis/543dff7a-402f-4975-a44c-cb890fe5b329 has been successfully formatted.
2019-09-16 16:55:32,182 [pool-77-thread-1] INFO  storage.RaftStorage (RaftStorage.java:format(72)) - Storage directory /workdir/hadoop-ozone/integration-test/target/test-dir/MiniOzoneClusterImpl-b381268c-58bb-44dd-9423-5f17a34efe38/datanode-5/data/ratis/543dff7a-402f-4975-a44c-cb890fe5b329 has been successfully formatted.
2019-09-16 16:55:32,182 [pool-67-thread-1] INFO  ratis.ContainerStateMachine (ContainerStateMachine.java:loadSnapshot(230)) - group-CB890FE5B329: The snapshot info is null. Setting the last applied indexto:(t:0, i:~)
2019-09-16 16:55:32,183 [pool-57-thread-1] INFO  ratis.ContainerStateMachine (ContainerStateMachine.java:loadSnapshot(230)) - group-CB890FE5B329: The snapshot info is null. Setting the last applied indexto:(t:0, i:~)
2019-09-16 16:55:32,183 [pool-67-thread-1] INFO  server.RaftServerConfigKeys (ConfUtils.java:logGet(43)) - raft.server.notification.no-leader.timeout = 120s (custom)
2019-09-16 16:55:32,183 [pool-77-thread-1] INFO  ratis.ContainerStateMachine (ContainerStateMachine.java:loadSnapshot(230)) - group-CB890FE5B329: The snapshot info is null. Setting the last applied indexto:(t:0, i:~)
2019-09-16 16:55:32,183 [pool-67-thread-1] INFO  server.RaftServerConfigKeys (ConfUtils.java:logGet(43)) - raft.server.log.use.memory = false (default)
2019-09-16 16:55:32,183 [pool-57-thread-1] INFO  server.RaftServerConfigKeys (ConfUtils.java:logGet(43)) - raft.server.notification.no-leader.timeout = 120s (custom)
2019-09-16 16:55:32,183 [pool-67-thread-1] INFO  server.RaftServerConfigKeys (ConfUtils.java:logGet(43)) - raft.server.log.purge.gap = 1000000 (custom)
2019-09-16 16:55:32,183 [pool-77-thread-1] INFO  server.RaftServerConfigKeys (ConfUtils.java:logGet(43)) - raft.server.notification.no-leader.timeout = 120s (custom)
2019-09-16 16:55:32,184 [pool-67-thread-1] INFO  server.RaftServerConfigKeys (ConfUtils.java:logGet(43)) - raft.server.log.appender.buffer.byte-limit = 33554432 (custom)
2019-09-16 16:55:32,183 [pool-57-thread-1] INFO  server.RaftServerConfigKeys (ConfUtils.java:logGet(43)) - raft.server.log.use.memory = false (default)
2019-09-16 16:55:32,184 [pool-67-thread-1] INFO  server.RaftServerConfigKeys (ConfUtils.java:logGet(43)) - raft.server.log.segment.size.max = 1048576 (custom)
2019-09-16 16:55:32,184 [pool-77-thread-1] INFO  server.RaftServerConfigKeys (ConfUtils.java:logGet(43)) - raft.server.log.use.memory = false (default)
2019-09-16 16:55:32,184 [pool-67-thread-1] INFO  server.RaftServerConfigKeys (ConfUtils.java:logGet(43)) - raft.server.log.segment.cache.num.max = 2 (custom)
2019-09-16 16:55:32,184 [pool-57-thread-1] INFO  server.RaftServerConfigKeys (ConfUtils.java:logGet(43)) - raft.server.log.purge.gap = 1000000 (custom)
2019-09-16 16:55:32,184 [pool-67-thread-1] INFO  segmented.SegmentedRaftLogWorker (SegmentedRaftLogWorker.java:<init>(172)) - new 55776132-47ae-4aef-91b7-92633cf48f43@group-CB890FE5B329-SegmentedRaftLogWorker for RaftStorage:Storage Directory /workdir/hadoop-ozone/integration-test/target/test-dir/MiniOzoneClusterImpl-b381268c-58bb-44dd-9423-5f17a34efe38/datanode-4/data/ratis/543dff7a-402f-4975-a44c-cb890fe5b329
2019-09-16 16:55:32,184 [pool-77-thread-1] INFO  server.RaftServerConfigKeys (ConfUtils.java:logGet(43)) - raft.server.log.purge.gap = 1000000 (custom)
2019-09-16 16:55:32,185 [pool-67-thread-1] INFO  server.RaftServerConfigKeys (ConfUtils.java:logGet(43)) - raft.server.log.queue.byte-limit = 2147483647 (custom)
2019-09-16 16:55:32,185 [pool-57-thread-1] INFO  server.RaftServerConfigKeys (ConfUtils.java:logGet(43)) - raft.server.log.appender.buffer.byte-limit = 33554432 (custom)
2019-09-16 16:55:32,185 [pool-67-thread-1] INFO  server.RaftServerConfigKeys (ConfUtils.java:logGet(43)) - raft.server.log.queue.element-limit = 1024 (custom)
2019-09-16 16:55:32,185 [pool-77-thread-1] INFO  server.RaftServerConfigKeys (ConfUtils.java:logGet(43)) - raft.server.log.appender.buffer.byte-limit = 33554432 (custom)
2019-09-16 16:55:32,185 [pool-67-thread-1] INFO  server.RaftServerConfigKeys (ConfUtils.java:logGet(43)) - raft.server.log.segment.size.max = 1048576 (custom)
2019-09-16 16:55:32,185 [pool-57-thread-1] INFO  server.RaftServerConfigKeys (ConfUtils.java:logGet(43)) - raft.server.log.segment.size.max = 1048576 (custom)
2019-09-16 16:55:32,186 [pool-67-thread-1] INFO  server.RaftServerConfigKeys (ConfUtils.java:logGet(43)) - raft.server.log.preallocated.size = 16384 (custom)
2019-09-16 16:55:32,186 [pool-77-thread-1] INFO  server.RaftServerConfigKeys (ConfUtils.java:logGet(43)) - raft.server.log.segment.size.max = 1048576 (custom)
2019-09-16 16:55:32,186 [pool-67-thread-1] INFO  server.RaftServerConfigKeys (ConfUtils.java:logGet(43)) - raft.server.log.write.buffer.size = 33554432 (custom)
2019-09-16 16:55:32,186 [pool-57-thread-1] INFO  server.RaftServerConfigKeys (ConfUtils.java:logGet(43)) - raft.server.log.segment.cache.num.max = 2 (custom)
2019-09-16 16:55:32,186 [pool-67-thread-1] INFO  server.RaftServerConfigKeys (ConfUtils.java:logGet(43)) - raft.server.log.force.sync.num = 128 (default)
2019-09-16 16:55:32,186 [pool-77-thread-1] INFO  server.RaftServerConfigKeys (ConfUtils.java:logGet(43)) - raft.server.log.segment.cache.num.max = 2 (custom)
2019-09-16 16:55:32,187 [pool-67-thread-1] INFO  server.RaftServerConfigKeys (ConfUtils.java:logGet(43)) - raft.server.log.statemachine.data.sync = true (default)
2019-09-16 16:55:32,186 [pool-57-thread-1] INFO  segmented.SegmentedRaftLogWorker (SegmentedRaftLogWorker.java:<init>(172)) - new b176f217-5116-4f29-ae6c-8c5fe7374010@group-CB890FE5B329-SegmentedRaftLogWorker for RaftStorage:Storage Directory /workdir/hadoop-ozone/integration-test/target/test-dir/MiniOzoneClusterImpl-b381268c-58bb-44dd-9423-5f17a34efe38/datanode-3/data/ratis/543dff7a-402f-4975-a44c-cb890fe5b329
2019-09-16 16:55:32,187 [pool-67-thread-1] INFO  server.RaftServerConfigKeys (ConfUtils.java:logGet(43)) - raft.server.log.statemachine.data.sync.timeout = 10s (default)
2019-09-16 16:55:32,187 [pool-77-thread-1] INFO  segmented.SegmentedRaftLogWorker (SegmentedRaftLogWorker.java:<init>(172)) - new c5a5e6b7-bb1e-4cfc-8262-1ca252faf540@group-CB890FE5B329-SegmentedRaftLogWorker for RaftStorage:Storage Directory /workdir/hadoop-ozone/integration-test/target/test-dir/MiniOzoneClusterImpl-b381268c-58bb-44dd-9423-5f17a34efe38/datanode-5/data/ratis/543dff7a-402f-4975-a44c-cb890fe5b329
2019-09-16 16:55:32,187 [pool-67-thread-1] INFO  server.RaftServerConfigKeys (ConfUtils.java:logGet(43)) - raft.server.log.statemachine.data.sync.timeout.retry = -1 (default)
2019-09-16 16:55:32,187 [pool-57-thread-1] INFO  server.RaftServerConfigKeys (ConfUtils.java:logGet(43)) - raft.server.log.queue.byte-limit = 2147483647 (custom)
2019-09-16 16:55:32,187 [pool-67-thread-1] INFO  server.RaftServerConfigKeys (ConfUtils.java:logGet(43)) - raft.server.log.statemachine.data.caching.enabled = true (custom)
2019-09-16 16:55:32,187 [pool-77-thread-1] INFO  server.RaftServerConfigKeys (ConfUtils.java:logGet(43)) - raft.server.log.queue.byte-limit = 2147483647 (custom)
2019-09-16 16:55:32,188 [pool-57-thread-1] INFO  server.RaftServerConfigKeys (ConfUtils.java:logGet(43)) - raft.server.log.queue.element-limit = 1024 (custom)
2019-09-16 16:55:32,188 [pool-67-thread-1] INFO  segmented.SegmentedRaftLogWorker (SegmentedRaftLogWorker.java:lambda$new$0(132)) - 55776132-47ae-4aef-91b7-92633cf48f43@group-CB890FE5B329-SegmentedRaftLogWorker: flushIndex: setUnconditionally 0 -> -1
2019-09-16 16:55:32,188 [pool-77-thread-1] INFO  server.RaftServerConfigKeys (ConfUtils.java:logGet(43)) - raft.server.log.queue.element-limit = 1024 (custom)
2019-09-16 16:55:32,188 [pool-57-thread-1] INFO  server.RaftServerConfigKeys (ConfUtils.java:logGet(43)) - raft.server.log.segment.size.max = 1048576 (custom)
2019-09-16 16:55:32,188 [pool-67-thread-1] INFO  server.RaftServerConfigKeys (ConfUtils.java:logGet(43)) - raft.server.snapshot.auto.trigger.enabled = true (custom)
2019-09-16 16:55:32,188 [pool-77-thread-1] INFO  server.RaftServerConfigKeys (ConfUtils.java:logGet(43)) - raft.server.log.segment.size.max = 1048576 (custom)
2019-09-16 16:55:32,189 [pool-67-thread-1] INFO  server.RaftServerConfigKeys (ConfUtils.java:logGet(43)) - raft.server.snapshot.auto.trigger.threshold = 10000 (custom)
2019-09-16 16:55:32,189 [pool-57-thread-1] INFO  server.RaftServerConfigKeys (ConfUtils.java:logGet(43)) - raft.server.log.preallocated.size = 16384 (custom)
2019-09-16 16:55:32,189 [pool-67-thread-1] INFO  server.RaftServerConfigKeys (ConfUtils.java:logGet(43)) - raft.server.snapshot.retention.num.files = 5 (custom)
2019-09-16 16:55:32,189 [pool-77-thread-1] INFO  server.RaftServerConfigKeys (ConfUtils.java:logGet(43)) - raft.server.log.preallocated.size = 16384 (custom)
2019-09-16 16:55:32,189 [pool-67-thread-1] INFO  server.RaftServerConfigKeys (ConfUtils.java:logGet(43)) - raft.server.retrycache.expirytime = 600000ms (custom)
2019-09-16 16:55:32,189 [pool-57-thread-1] INFO  server.RaftServerConfigKeys (ConfUtils.java:logGet(43)) - raft.server.log.write.buffer.size = 33554432 (custom)
2019-09-16 16:55:32,189 [pool-77-thread-1] INFO  server.RaftServerConfigKeys (ConfUtils.java:logGet(43)) - raft.server.log.write.buffer.size = 33554432 (custom)
2019-09-16 16:55:32,190 [pool-57-thread-1] INFO  server.RaftServerConfigKeys (ConfUtils.java:logGet(43)) - raft.server.log.force.sync.num = 128 (default)
2019-09-16 16:55:32,190 [pool-77-thread-1] INFO  server.RaftServerConfigKeys (ConfUtils.java:logGet(43)) - raft.server.log.force.sync.num = 128 (default)
2019-09-16 16:55:32,190 [pool-57-thread-1] INFO  server.RaftServerConfigKeys (ConfUtils.java:logGet(43)) - raft.server.log.statemachine.data.sync = true (default)
2019-09-16 16:55:32,190 [pool-77-thread-1] INFO  server.RaftServerConfigKeys (ConfUtils.java:logGet(43)) - raft.server.log.statemachine.data.sync = true (default)
2019-09-16 16:55:32,190 [pool-57-thread-1] INFO  server.RaftServerConfigKeys (ConfUtils.java:logGet(43)) - raft.server.log.statemachine.data.sync.timeout = 10s (default)
2019-09-16 16:55:32,190 [pool-77-thread-1] INFO  server.RaftServerConfigKeys (ConfUtils.java:logGet(43)) - raft.server.log.statemachine.data.sync.timeout = 10s (default)
2019-09-16 16:55:32,191 [pool-57-thread-1] INFO  server.RaftServerConfigKeys (ConfUtils.java:logGet(43)) - raft.server.log.statemachine.data.sync.timeout.retry = -1 (default)
2019-09-16 16:55:32,191 [pool-77-thread-1] INFO  server.RaftServerConfigKeys (ConfUtils.java:logGet(43)) - raft.server.log.statemachine.data.sync.timeout.retry = -1 (default)
2019-09-16 16:55:32,191 [pool-57-thread-1] INFO  server.RaftServerConfigKeys (ConfUtils.java:logGet(43)) - raft.server.log.statemachine.data.caching.enabled = true (custom)
2019-09-16 16:55:32,191 [pool-77-thread-1] INFO  server.RaftServerConfigKeys (ConfUtils.java:logGet(43)) - raft.server.log.statemachine.data.caching.enabled = true (custom)
2019-09-16 16:55:32,191 [pool-77-thread-1] INFO  segmented.SegmentedRaftLogWorker (SegmentedRaftLogWorker.java:lambda$new$0(132)) - c5a5e6b7-bb1e-4cfc-8262-1ca252faf540@group-CB890FE5B329-SegmentedRaftLogWorker: flushIndex: setUnconditionally 0 -> -1
2019-09-16 16:55:32,192 [pool-57-thread-1] INFO  segmented.SegmentedRaftLogWorker (SegmentedRaftLogWorker.java:lambda$new$0(132)) - b176f217-5116-4f29-ae6c-8c5fe7374010@group-CB890FE5B329-SegmentedRaftLogWorker: flushIndex: setUnconditionally 0 -> -1
2019-09-16 16:55:32,192 [pool-77-thread-1] INFO  server.RaftServerConfigKeys (ConfUtils.java:logGet(43)) - raft.server.snapshot.auto.trigger.enabled = true (custom)
2019-09-16 16:55:32,192 [pool-77-thread-1] INFO  server.RaftServerConfigKeys (ConfUtils.java:logGet(43)) - raft.server.snapshot.auto.trigger.threshold = 10000 (custom)
2019-09-16 16:55:32,192 [pool-57-thread-1] INFO  server.RaftServerConfigKeys (ConfUtils.java:logGet(43)) - raft.server.snapshot.auto.trigger.enabled = true (custom)
2019-09-16 16:55:32,192 [pool-77-thread-1] INFO  server.RaftServerConfigKeys (ConfUtils.java:logGet(43)) - raft.server.snapshot.retention.num.files = 5 (custom)
2019-09-16 16:55:32,192 [pool-57-thread-1] INFO  server.RaftServerConfigKeys (ConfUtils.java:logGet(43)) - raft.server.snapshot.auto.trigger.threshold = 10000 (custom)
2019-09-16 16:55:32,192 [pool-77-thread-1] INFO  server.RaftServerConfigKeys (ConfUtils.java:logGet(43)) - raft.server.retrycache.expirytime = 600000ms (custom)
2019-09-16 16:55:32,193 [pool-57-thread-1] INFO  server.RaftServerConfigKeys (ConfUtils.java:logGet(43)) - raft.server.snapshot.retention.num.files = 5 (custom)
2019-09-16 16:55:32,193 [pool-57-thread-1] INFO  server.RaftServerConfigKeys (ConfUtils.java:logGet(43)) - raft.server.retrycache.expirytime = 600000ms (custom)
2019-09-16 16:55:32,194 [pool-67-thread-1] INFO  impl.RaftServerImpl (RaftServerImpl.java:start(185)) - 55776132-47ae-4aef-91b7-92633cf48f43@group-CB890FE5B329: start as a follower, conf=-1: [55776132-47ae-4aef-91b7-92633cf48f43:192.168.5.184:33378, c5a5e6b7-bb1e-4cfc-8262-1ca252faf540:192.168.5.184:34221, b176f217-5116-4f29-ae6c-8c5fe7374010:192.168.5.184:36714], old=null
2019-09-16 16:55:32,194 [pool-67-thread-1] INFO  impl.RaftServerImpl (RaftServerImpl.java:setRole(174)) - 55776132-47ae-4aef-91b7-92633cf48f43@group-CB890FE5B329: changes role from      null to FOLLOWER at term 0 for startAsFollower
2019-09-16 16:55:32,195 [pool-67-thread-1] INFO  impl.RoleInfo (RoleInfo.java:updateAndGet(143)) - 55776132-47ae-4aef-91b7-92633cf48f43: start FollowerState
2019-09-16 16:55:32,195 [pool-67-thread-1] INFO  util.JmxRegister (JmxRegister.java:tryRegister(44)) - Successfully registered JMX Bean with object name Ratis:service=RaftServer,group=group-CB890FE5B329,id=55776132-47ae-4aef-91b7-92633cf48f43
2019-09-16 16:55:32,196 [pool-77-thread-1] INFO  impl.RaftServerImpl (RaftServerImpl.java:start(185)) - c5a5e6b7-bb1e-4cfc-8262-1ca252faf540@group-CB890FE5B329: start as a follower, conf=-1: [55776132-47ae-4aef-91b7-92633cf48f43:192.168.5.184:33378, c5a5e6b7-bb1e-4cfc-8262-1ca252faf540:192.168.5.184:34221, b176f217-5116-4f29-ae6c-8c5fe7374010:192.168.5.184:36714], old=null
2019-09-16 16:55:32,196 [pool-77-thread-1] INFO  impl.RaftServerImpl (RaftServerImpl.java:setRole(174)) - c5a5e6b7-bb1e-4cfc-8262-1ca252faf540@group-CB890FE5B329: changes role from      null to FOLLOWER at term 0 for startAsFollower
2019-09-16 16:55:32,196 [pool-77-thread-1] INFO  impl.RoleInfo (RoleInfo.java:updateAndGet(143)) - c5a5e6b7-bb1e-4cfc-8262-1ca252faf540: start FollowerState
2019-09-16 16:55:32,196 [pool-77-thread-1] INFO  util.JmxRegister (JmxRegister.java:tryRegister(44)) - Successfully registered JMX Bean with object name Ratis:service=RaftServer,group=group-CB890FE5B329,id=c5a5e6b7-bb1e-4cfc-8262-1ca252faf540
2019-09-16 16:55:32,197 [pool-57-thread-1] INFO  impl.RaftServerImpl (RaftServerImpl.java:start(185)) - b176f217-5116-4f29-ae6c-8c5fe7374010@group-CB890FE5B329: start as a follower, conf=-1: [55776132-47ae-4aef-91b7-92633cf48f43:192.168.5.184:33378, c5a5e6b7-bb1e-4cfc-8262-1ca252faf540:192.168.5.184:34221, b176f217-5116-4f29-ae6c-8c5fe7374010:192.168.5.184:36714], old=null
2019-09-16 16:55:32,197 [pool-57-thread-1] INFO  impl.RaftServerImpl (RaftServerImpl.java:setRole(174)) - b176f217-5116-4f29-ae6c-8c5fe7374010@group-CB890FE5B329: changes role from      null to FOLLOWER at term 0 for startAsFollower
2019-09-16 16:55:32,197 [pool-57-thread-1] INFO  impl.RoleInfo (RoleInfo.java:updateAndGet(143)) - b176f217-5116-4f29-ae6c-8c5fe7374010: start FollowerState
2019-09-16 16:55:32,198 [pool-57-thread-1] INFO  util.JmxRegister (JmxRegister.java:tryRegister(44)) - Successfully registered JMX Bean with object name Ratis:service=RaftServer,group=group-CB890FE5B329,id=b176f217-5116-4f29-ae6c-8c5fe7374010
2019-09-16 16:55:32,200 [RatisPipelineUtilsThread] INFO  pipeline.PipelineStateManager (PipelineStateManager.java:addPipeline(56)) - Created pipeline Pipeline[ Id: 543dff7a-402f-4975-a44c-cb890fe5b329, Nodes: 55776132-47ae-4aef-91b7-92633cf48f43{ip: 192.168.5.184, host: pr-hdds-2022-qxstf-1422721469, networkLocation: /default-rack, certSerialId: null}b176f217-5116-4f29-ae6c-8c5fe7374010{ip: 192.168.5.184, host: pr-hdds-2022-qxstf-1422721469, networkLocation: /default-rack, certSerialId: null}c5a5e6b7-bb1e-4cfc-8262-1ca252faf540{ip: 192.168.5.184, host: pr-hdds-2022-qxstf-1422721469, networkLocation: /default-rack, certSerialId: null}, Type:RATIS, Factor:THREE, State:OPEN]
2019-09-16 16:55:33,026 [grpc-default-executor-0] INFO  impl.RaftServerProxy (RaftServerProxy.java:remove(95)) - 55776132-47ae-4aef-91b7-92633cf48f43: remove group-1347CC5D7860:null
2019-09-16 16:55:33,034 [RatisPipelineUtilsThread] WARN  pipeline.RatisPipelineUtils (RatisPipelineUtils.java:destroyPipeline(66)) - Pipeline destroy failed for pipeline=PipelineID=00ea61f9-8c6e-42a1-b808-1347cc5d7860 dn=55776132-47ae-4aef-91b7-92633cf48f43{ip: 192.168.5.184, host: pr-hdds-2022-qxstf-1422721469, networkLocation: /default-rack, certSerialId: null}
2019-09-16 16:55:33,039 [grpc-default-executor-0] INFO  impl.RaftServerProxy (RaftServerProxy.java:remove(95)) - b176f217-5116-4f29-ae6c-8c5fe7374010: remove group-1347CC5D7860:null
2019-09-16 16:55:33,044 [RatisPipelineUtilsThread] WARN  pipeline.RatisPipelineUtils (RatisPipelineUtils.java:destroyPipeline(66)) - Pipeline destroy failed for pipeline=PipelineID=00ea61f9-8c6e-42a1-b808-1347cc5d7860 dn=b176f217-5116-4f29-ae6c-8c5fe7374010{ip: 192.168.5.184, host: pr-hdds-2022-qxstf-1422721469, networkLocation: /default-rack, certSerialId: null}
2019-09-16 16:55:33,049 [grpc-default-executor-0] INFO  impl.RaftServerProxy (RaftServerProxy.java:remove(95)) - c5a5e6b7-bb1e-4cfc-8262-1ca252faf540: remove group-1347CC5D7860:null
2019-09-16 16:55:33,054 [RatisPipelineUtilsThread] WARN  pipeline.RatisPipelineUtils (RatisPipelineUtils.java:destroyPipeline(66)) - Pipeline destroy failed for pipeline=PipelineID=00ea61f9-8c6e-42a1-b808-1347cc5d7860 dn=c5a5e6b7-bb1e-4cfc-8262-1ca252faf540{ip: 192.168.5.184, host: pr-hdds-2022-qxstf-1422721469, networkLocation: /default-rack, certSerialId: null}
2019-09-16 16:55:33,054 [RatisPipelineUtilsThread] ERROR pipeline.SCMPipelineManager (Scheduler.java:lambda$schedule$1(70)) - Destroy pipeline failed for pipeline:Pipeline[ Id: 00ea61f9-8c6e-42a1-b808-1347cc5d7860, Nodes: 55776132-47ae-4aef-91b7-92633cf48f43{ip: 192.168.5.184, host: pr-hdds-2022-qxstf-1422721469, networkLocation: /default-rack, certSerialId: null}b176f217-5116-4f29-ae6c-8c5fe7374010{ip: 192.168.5.184, host: pr-hdds-2022-qxstf-1422721469, networkLocation: /default-rack, certSerialId: null}c5a5e6b7-bb1e-4cfc-8262-1ca252faf540{ip: 192.168.5.184, host: pr-hdds-2022-qxstf-1422721469, networkLocation: /default-rack, certSerialId: null}, Type:RATIS, Factor:THREE, State:CLOSED]
org.apache.hadoop.hdds.scm.pipeline.PipelineNotFoundException: PipelineID=00ea61f9-8c6e-42a1-b808-1347cc5d7860 not found
	at org.apache.hadoop.hdds.scm.pipeline.PipelineStateMap.getPipeline(PipelineStateMap.java:132)
	at org.apache.hadoop.hdds.scm.pipeline.PipelineStateMap.removePipeline(PipelineStateMap.java:322)
	at org.apache.hadoop.hdds.scm.pipeline.PipelineStateManager.removePipeline(PipelineStateManager.java:107)
	at org.apache.hadoop.hdds.scm.pipeline.SCMPipelineManager.removePipeline(SCMPipelineManager.java:423)
	at org.apache.hadoop.hdds.scm.pipeline.SCMPipelineManager.destroyPipeline(SCMPipelineManager.java:409)
	at org.apache.hadoop.hdds.scm.pipeline.SCMPipelineManager.lambda$finalizeAndDestroyPipeline$0(SCMPipelineManager.java:318)
	at org.apache.hadoop.utils.Scheduler.lambda$schedule$1(Scheduler.java:68)
	at java.util.concurrent.Executors$RunnableAdapter.call(Executors.java:511)
	at java.util.concurrent.FutureTask.run(FutureTask.java:266)
	at java.util.concurrent.ScheduledThreadPoolExecutor$ScheduledFutureTask.access$201(ScheduledThreadPoolExecutor.java:180)
	at java.util.concurrent.ScheduledThreadPoolExecutor$ScheduledFutureTask.run(ScheduledThreadPoolExecutor.java:293)
	at java.util.concurrent.ThreadPoolExecutor.runWorker(ThreadPoolExecutor.java:1149)
	at java.util.concurrent.ThreadPoolExecutor$Worker.run(ThreadPoolExecutor.java:624)
	at java.lang.Thread.run(Thread.java:748)
2019-09-16 16:55:34,063 [grpc-default-executor-0] INFO  impl.RaftServerProxy (RaftServerProxy.java:remove(95)) - 55776132-47ae-4aef-91b7-92633cf48f43: remove group-1347CC5D7860:null
2019-09-16 16:55:34,069 [RatisPipelineUtilsThread] WARN  pipeline.RatisPipelineUtils (RatisPipelineUtils.java:destroyPipeline(66)) - Pipeline destroy failed for pipeline=PipelineID=00ea61f9-8c6e-42a1-b808-1347cc5d7860 dn=55776132-47ae-4aef-91b7-92633cf48f43{ip: 192.168.5.184, host: pr-hdds-2022-qxstf-1422721469, networkLocation: /default-rack, certSerialId: null}
2019-09-16 16:55:34,084 [grpc-default-executor-0] INFO  impl.RaftServerProxy (RaftServerProxy.java:remove(95)) - b176f217-5116-4f29-ae6c-8c5fe7374010: remove group-1347CC5D7860:null
2019-09-16 16:55:34,093 [RatisPipelineUtilsThread] WARN  pipeline.RatisPipelineUtils (RatisPipelineUtils.java:destroyPipeline(66)) - Pipeline destroy failed for pipeline=PipelineID=00ea61f9-8c6e-42a1-b808-1347cc5d7860 dn=b176f217-5116-4f29-ae6c-8c5fe7374010{ip: 192.168.5.184, host: pr-hdds-2022-qxstf-1422721469, networkLocation: /default-rack, certSerialId: null}
2019-09-16 16:55:34,100 [grpc-default-executor-0] INFO  impl.RaftServerProxy (RaftServerProxy.java:remove(95)) - c5a5e6b7-bb1e-4cfc-8262-1ca252faf540: remove group-1347CC5D7860:null
2019-09-16 16:55:34,105 [RatisPipelineUtilsThread] WARN  pipeline.RatisPipelineUtils (RatisPipelineUtils.java:destroyPipeline(66)) - Pipeline destroy failed for pipeline=PipelineID=00ea61f9-8c6e-42a1-b808-1347cc5d7860 dn=c5a5e6b7-bb1e-4cfc-8262-1ca252faf540{ip: 192.168.5.184, host: pr-hdds-2022-qxstf-1422721469, networkLocation: /default-rack, certSerialId: null}
2019-09-16 16:55:34,105 [RatisPipelineUtilsThread] ERROR pipeline.SCMPipelineManager (Scheduler.java:lambda$schedule$1(70)) - Destroy pipeline failed for pipeline:Pipeline[ Id: 00ea61f9-8c6e-42a1-b808-1347cc5d7860, Nodes: 55776132-47ae-4aef-91b7-92633cf48f43{ip: 192.168.5.184, host: pr-hdds-2022-qxstf-1422721469, networkLocation: /default-rack, certSerialId: null}b176f217-5116-4f29-ae6c-8c5fe7374010{ip: 192.168.5.184, host: pr-hdds-2022-qxstf-1422721469, networkLocation: /default-rack, certSerialId: null}c5a5e6b7-bb1e-4cfc-8262-1ca252faf540{ip: 192.168.5.184, host: pr-hdds-2022-qxstf-1422721469, networkLocation: /default-rack, certSerialId: null}, Type:RATIS, Factor:THREE, State:CLOSED]
org.apache.hadoop.hdds.scm.pipeline.PipelineNotFoundException: PipelineID=00ea61f9-8c6e-42a1-b808-1347cc5d7860 not found
	at org.apache.hadoop.hdds.scm.pipeline.PipelineStateMap.getPipeline(PipelineStateMap.java:132)
	at org.apache.hadoop.hdds.scm.pipeline.PipelineStateMap.removePipeline(PipelineStateMap.java:322)
	at org.apache.hadoop.hdds.scm.pipeline.PipelineStateManager.removePipeline(PipelineStateManager.java:107)
	at org.apache.hadoop.hdds.scm.pipeline.SCMPipelineManager.removePipeline(SCMPipelineManager.java:423)
	at org.apache.hadoop.hdds.scm.pipeline.SCMPipelineManager.destroyPipeline(SCMPipelineManager.java:409)
	at org.apache.hadoop.hdds.scm.pipeline.SCMPipelineManager.lambda$finalizeAndDestroyPipeline$0(SCMPipelineManager.java:318)
	at org.apache.hadoop.utils.Scheduler.lambda$schedule$1(Scheduler.java:68)
	at java.util.concurrent.Executors$RunnableAdapter.call(Executors.java:511)
	at java.util.concurrent.FutureTask.run(FutureTask.java:266)
	at java.util.concurrent.ScheduledThreadPoolExecutor$ScheduledFutureTask.access$201(ScheduledThreadPoolExecutor.java:180)
	at java.util.concurrent.ScheduledThreadPoolExecutor$ScheduledFutureTask.run(ScheduledThreadPoolExecutor.java:293)
	at java.util.concurrent.ThreadPoolExecutor.runWorker(ThreadPoolExecutor.java:1149)
	at java.util.concurrent.ThreadPoolExecutor$Worker.run(ThreadPoolExecutor.java:624)
	at java.lang.Thread.run(Thread.java:748)
2019-09-16 16:55:34,439 [java.util.concurrent.ThreadPoolExecutor$Worker@58806139[State = -1, empty queue]] WARN  server.GrpcLogAppender (GrpcLogAppender.java:timeoutAppendRequest(200)) - b38fff04-681d-43a3-90d0-26fe2e9a9866@group-8BC1D30073B0->e9d750f6-56b2-4d42-a810-39328f6044b5-GrpcLogAppender: appendEntries Timeout, request=b38fff04-681d-43a3-90d0-26fe2e9a9866->e9d750f6-56b2-4d42-a810-39328f6044b5#89-t2, previous=(t:2, i:12), leaderCommit=12, initializing? false, entries: size=1, first=(t:2, i:13), STATEMACHINELOGENTRY, client-E281DC600642, cid=29
2019-09-16 16:55:34,439 [java.util.concurrent.ThreadPoolExecutor$Worker@57a96755[State = -1, empty queue]] WARN  server.GrpcLogAppender (GrpcLogAppender.java:timeoutAppendRequest(200)) - b38fff04-681d-43a3-90d0-26fe2e9a9866@group-8BC1D30073B0->445370a6-3850-4457-9c2c-f37f35928d12-GrpcLogAppender: appendEntries Timeout, request=b38fff04-681d-43a3-90d0-26fe2e9a9866->445370a6-3850-4457-9c2c-f37f35928d12#89-t2, previous=(t:2, i:12), leaderCommit=12, initializing? false, entries: size=1, first=(t:2, i:13), STATEMACHINELOGENTRY, client-E281DC600642, cid=29
2019-09-16 16:55:34,441 [java.util.concurrent.ThreadPoolExecutor$Worker@58806139[State = -1, empty queue]] WARN  server.GrpcLogAppender (GrpcLogAppender.java:timeoutAppendRequest(200)) - b38fff04-681d-43a3-90d0-26fe2e9a9866@group-8BC1D30073B0->e9d750f6-56b2-4d42-a810-39328f6044b5-GrpcLogAppender: appendEntries Timeout, request=b38fff04-681d-43a3-90d0-26fe2e9a9866->e9d750f6-56b2-4d42-a810-39328f6044b5#90-t2, previous=(t:2, i:13), leaderCommit=12, initializing? false, entries: size=1, first=(t:2, i:14), STATEMACHINELOGENTRY, client-E281DC600642, cid=30
2019-09-16 16:55:34,441 [java.util.concurrent.ThreadPoolExecutor$Worker@57a96755[State = -1, empty queue]] WARN  server.GrpcLogAppender (GrpcLogAppender.java:timeoutAppendRequest(200)) - b38fff04-681d-43a3-90d0-26fe2e9a9866@group-8BC1D30073B0->445370a6-3850-4457-9c2c-f37f35928d12-GrpcLogAppender: appendEntries Timeout, request=b38fff04-681d-43a3-90d0-26fe2e9a9866->445370a6-3850-4457-9c2c-f37f35928d12#90-t2, previous=(t:2, i:13), leaderCommit=12, initializing? false, entries: size=1, first=(t:2, i:14), STATEMACHINELOGENTRY, client-E281DC600642, cid=30
2019-09-16 16:55:34,441 [java.util.concurrent.ThreadPoolExecutor$Worker@58806139[State = -1, empty queue]] WARN  server.GrpcLogAppender (GrpcLogAppender.java:timeoutAppendRequest(200)) - b38fff04-681d-43a3-90d0-26fe2e9a9866@group-8BC1D30073B0->e9d750f6-56b2-4d42-a810-39328f6044b5-GrpcLogAppender: appendEntries Timeout, request=b38fff04-681d-43a3-90d0-26fe2e9a9866->e9d750f6-56b2-4d42-a810-39328f6044b5#91-t2, previous=(t:2, i:14), leaderCommit=12, initializing? false, entries: size=1, first=(t:2, i:15), STATEMACHINELOGENTRY, client-E281DC600642, cid=31
2019-09-16 16:55:34,441 [java.util.concurrent.ThreadPoolExecutor$Worker@57a96755[State = -1, empty queue]] WARN  server.GrpcLogAppender (GrpcLogAppender.java:timeoutAppendRequest(200)) - b38fff04-681d-43a3-90d0-26fe2e9a9866@group-8BC1D30073B0->445370a6-3850-4457-9c2c-f37f35928d12-GrpcLogAppender: appendEntries Timeout, request=b38fff04-681d-43a3-90d0-26fe2e9a9866->445370a6-3850-4457-9c2c-f37f35928d12#91-t2, previous=(t:2, i:14), leaderCommit=12, initializing? false, entries: size=1, first=(t:2, i:15), STATEMACHINELOGENTRY, client-E281DC600642, cid=31
2019-09-16 16:55:34,443 [java.util.concurrent.ThreadPoolExecutor$Worker@58806139[State = -1, empty queue]] WARN  server.GrpcLogAppender (GrpcLogAppender.java:timeoutAppendRequest(200)) - b38fff04-681d-43a3-90d0-26fe2e9a9866@group-8BC1D30073B0->e9d750f6-56b2-4d42-a810-39328f6044b5-GrpcLogAppender: appendEntries Timeout, request=b38fff04-681d-43a3-90d0-26fe2e9a9866->e9d750f6-56b2-4d42-a810-39328f6044b5#92-t2, previous=(t:2, i:15), leaderCommit=12, initializing? false, entries: size=1, first=(t:2, i:16), STATEMACHINELOGENTRY, client-E281DC600642, cid=32
2019-09-16 16:55:34,443 [java.util.concurrent.ThreadPoolExecutor$Worker@57a96755[State = -1, empty queue]] WARN  server.GrpcLogAppender (GrpcLogAppender.java:timeoutAppendRequest(200)) - b38fff04-681d-43a3-90d0-26fe2e9a9866@group-8BC1D30073B0->445370a6-3850-4457-9c2c-f37f35928d12-GrpcLogAppender: appendEntries Timeout, request=b38fff04-681d-43a3-90d0-26fe2e9a9866->445370a6-3850-4457-9c2c-f37f35928d12#92-t2, previous=(t:2, i:15), leaderCommit=12, initializing? false, entries: size=1, first=(t:2, i:16), STATEMACHINELOGENTRY, client-E281DC600642, cid=32
2019-09-16 16:55:34,444 [java.util.concurrent.ThreadPoolExecutor$Worker@58806139[State = -1, empty queue]] WARN  server.GrpcLogAppender (GrpcLogAppender.java:timeoutAppendRequest(200)) - b38fff04-681d-43a3-90d0-26fe2e9a9866@group-8BC1D30073B0->e9d750f6-56b2-4d42-a810-39328f6044b5-GrpcLogAppender: appendEntries Timeout, request=b38fff04-681d-43a3-90d0-26fe2e9a9866->e9d750f6-56b2-4d42-a810-39328f6044b5#93-t2, previous=(t:2, i:16), leaderCommit=12, initializing? false, entries: size=1, first=(t:2, i:17), STATEMACHINELOGENTRY, client-E281DC600642, cid=33
2019-09-16 16:55:34,445 [java.util.concurrent.ThreadPoolExecutor$Worker@57a96755[State = -1, empty queue]] WARN  server.GrpcLogAppender (GrpcLogAppender.java:timeoutAppendRequest(200)) - b38fff04-681d-43a3-90d0-26fe2e9a9866@group-8BC1D30073B0->445370a6-3850-4457-9c2c-f37f35928d12-GrpcLogAppender: appendEntries Timeout, request=b38fff04-681d-43a3-90d0-26fe2e9a9866->445370a6-3850-4457-9c2c-f37f35928d12#93-t2, previous=(t:2, i:16), leaderCommit=12, initializing? false, entries: size=1, first=(t:2, i:17), STATEMACHINELOGENTRY, client-E281DC600642, cid=33
2019-09-16 16:55:34,445 [java.util.concurrent.ThreadPoolExecutor$Worker@58806139[State = -1, empty queue]] WARN  server.GrpcLogAppender (GrpcLogAppender.java:timeoutAppendRequest(200)) - b38fff04-681d-43a3-90d0-26fe2e9a9866@group-8BC1D30073B0->e9d750f6-56b2-4d42-a810-39328f6044b5-GrpcLogAppender: appendEntries Timeout, request=b38fff04-681d-43a3-90d0-26fe2e9a9866->e9d750f6-56b2-4d42-a810-39328f6044b5#94-t2, previous=(t:2, i:17), leaderCommit=12, initializing? false, entries: size=1, first=(t:2, i:18), STATEMACHINELOGENTRY, client-E281DC600642, cid=34
2019-09-16 16:55:34,445 [java.util.concurrent.ThreadPoolExecutor$Worker@57a96755[State = -1, empty queue]] WARN  server.GrpcLogAppender (GrpcLogAppender.java:timeoutAppendRequest(200)) - b38fff04-681d-43a3-90d0-26fe2e9a9866@group-8BC1D30073B0->445370a6-3850-4457-9c2c-f37f35928d12-GrpcLogAppender: appendEntries Timeout, request=b38fff04-681d-43a3-90d0-26fe2e9a9866->445370a6-3850-4457-9c2c-f37f35928d12#94-t2, previous=(t:2, i:17), leaderCommit=12, initializing? false, entries: size=1, first=(t:2, i:18), STATEMACHINELOGENTRY, client-E281DC600642, cid=34
2019-09-16 16:55:36,069 [grpc-default-executor-0] INFO  impl.RaftServerProxy (RaftServerProxy.java:remove(95)) - 55776132-47ae-4aef-91b7-92633cf48f43: remove group-1347CC5D7860:null
2019-09-16 16:55:36,077 [RatisPipelineUtilsThread] WARN  pipeline.RatisPipelineUtils (RatisPipelineUtils.java:destroyPipeline(66)) - Pipeline destroy failed for pipeline=PipelineID=00ea61f9-8c6e-42a1-b808-1347cc5d7860 dn=55776132-47ae-4aef-91b7-92633cf48f43{ip: 192.168.5.184, host: pr-hdds-2022-qxstf-1422721469, networkLocation: /default-rack, certSerialId: null}
2019-09-16 16:55:36,084 [grpc-default-executor-0] INFO  impl.RaftServerProxy (RaftServerProxy.java:remove(95)) - b176f217-5116-4f29-ae6c-8c5fe7374010: remove group-1347CC5D7860:null
2019-09-16 16:55:36,090 [RatisPipelineUtilsThread] WARN  pipeline.RatisPipelineUtils (RatisPipelineUtils.java:destroyPipeline(66)) - Pipeline destroy failed for pipeline=PipelineID=00ea61f9-8c6e-42a1-b808-1347cc5d7860 dn=b176f217-5116-4f29-ae6c-8c5fe7374010{ip: 192.168.5.184, host: pr-hdds-2022-qxstf-1422721469, networkLocation: /default-rack, certSerialId: null}
2019-09-16 16:55:36,095 [grpc-default-executor-0] INFO  impl.RaftServerProxy (RaftServerProxy.java:remove(95)) - c5a5e6b7-bb1e-4cfc-8262-1ca252faf540: remove group-1347CC5D7860:null
2019-09-16 16:55:36,101 [RatisPipelineUtilsThread] WARN  pipeline.RatisPipelineUtils (RatisPipelineUtils.java:destroyPipeline(66)) - Pipeline destroy failed for pipeline=PipelineID=00ea61f9-8c6e-42a1-b808-1347cc5d7860 dn=c5a5e6b7-bb1e-4cfc-8262-1ca252faf540{ip: 192.168.5.184, host: pr-hdds-2022-qxstf-1422721469, networkLocation: /default-rack, certSerialId: null}
2019-09-16 16:55:36,101 [RatisPipelineUtilsThread] ERROR pipeline.SCMPipelineManager (Scheduler.java:lambda$schedule$1(70)) - Destroy pipeline failed for pipeline:Pipeline[ Id: 00ea61f9-8c6e-42a1-b808-1347cc5d7860, Nodes: 55776132-47ae-4aef-91b7-92633cf48f43{ip: 192.168.5.184, host: pr-hdds-2022-qxstf-1422721469, networkLocation: /default-rack, certSerialId: null}b176f217-5116-4f29-ae6c-8c5fe7374010{ip: 192.168.5.184, host: pr-hdds-2022-qxstf-1422721469, networkLocation: /default-rack, certSerialId: null}c5a5e6b7-bb1e-4cfc-8262-1ca252faf540{ip: 192.168.5.184, host: pr-hdds-2022-qxstf-1422721469, networkLocation: /default-rack, certSerialId: null}, Type:RATIS, Factor:THREE, State:CLOSED]
org.apache.hadoop.hdds.scm.pipeline.PipelineNotFoundException: PipelineID=00ea61f9-8c6e-42a1-b808-1347cc5d7860 not found
	at org.apache.hadoop.hdds.scm.pipeline.PipelineStateMap.getPipeline(PipelineStateMap.java:132)
	at org.apache.hadoop.hdds.scm.pipeline.PipelineStateMap.removePipeline(PipelineStateMap.java:322)
	at org.apache.hadoop.hdds.scm.pipeline.PipelineStateManager.removePipeline(PipelineStateManager.java:107)
	at org.apache.hadoop.hdds.scm.pipeline.SCMPipelineManager.removePipeline(SCMPipelineManager.java:423)
	at org.apache.hadoop.hdds.scm.pipeline.SCMPipelineManager.destroyPipeline(SCMPipelineManager.java:409)
	at org.apache.hadoop.hdds.scm.pipeline.SCMPipelineManager.lambda$finalizeAndDestroyPipeline$0(SCMPipelineManager.java:318)
	at org.apache.hadoop.utils.Scheduler.lambda$schedule$1(Scheduler.java:68)
	at java.util.concurrent.Executors$RunnableAdapter.call(Executors.java:511)
	at java.util.concurrent.FutureTask.run(FutureTask.java:266)
	at java.util.concurrent.ScheduledThreadPoolExecutor$ScheduledFutureTask.access$201(ScheduledThreadPoolExecutor.java:180)
	at java.util.concurrent.ScheduledThreadPoolExecutor$ScheduledFutureTask.run(ScheduledThreadPoolExecutor.java:293)
	at java.util.concurrent.ThreadPoolExecutor.runWorker(ThreadPoolExecutor.java:1149)
	at java.util.concurrent.ThreadPoolExecutor$Worker.run(ThreadPoolExecutor.java:624)
	at java.lang.Thread.run(Thread.java:748)
2019-09-16 16:55:36,461 [grpc-default-executor-0] INFO  client.GrpcClientProtocolClient (GrpcClientProtocolClient.java:onNext(264)) - client-E281DC600642->445370a6-3850-4457-9c2c-f37f35928d12: receive RaftClientReply:client-E281DC600642->445370a6-3850-4457-9c2c-f37f35928d12@group-8BC1D30073B0, cid=29, FAILED org.apache.ratis.protocol.NotLeaderException: Server 445370a6-3850-4457-9c2c-f37f35928d12@group-8BC1D30073B0 is not the leader b38fff04-681d-43a3-90d0-26fe2e9a9866:192.168.5.184:37740, logIndex=0, commits[445370a6-3850-4457-9c2c-f37f35928d12:c12, b38fff04-681d-43a3-90d0-26fe2e9a9866:c12, e9d750f6-56b2-4d42-a810-39328f6044b5:c10]
2019-09-16 16:55:36,945 [java.util.concurrent.ThreadPoolExecutor$Worker@58806139[State = -1, empty queue]] WARN  server.GrpcLogAppender (GrpcLogAppender.java:timeoutAppendRequest(200)) - b38fff04-681d-43a3-90d0-26fe2e9a9866@group-8BC1D30073B0->e9d750f6-56b2-4d42-a810-39328f6044b5-GrpcLogAppender: appendEntries Timeout, request=b38fff04-681d-43a3-90d0-26fe2e9a9866->e9d750f6-56b2-4d42-a810-39328f6044b5#95-t2, previous=(t:2, i:18), leaderCommit=12, initializing? false, entries: <empty>
2019-09-16 16:55:36,946 [java.util.concurrent.ThreadPoolExecutor$Worker@57a96755[State = -1, empty queue]] WARN  server.GrpcLogAppender (GrpcLogAppender.java:timeoutAppendRequest(200)) - b38fff04-681d-43a3-90d0-26fe2e9a9866@group-8BC1D30073B0->445370a6-3850-4457-9c2c-f37f35928d12-GrpcLogAppender: appendEntries Timeout, request=b38fff04-681d-43a3-90d0-26fe2e9a9866->445370a6-3850-4457-9c2c-f37f35928d12#95-t2, previous=(t:2, i:18), leaderCommit=12, initializing? false, entries: <empty>
2019-09-16 16:55:37,219 [Thread-889] INFO  impl.FollowerState (FollowerState.java:run(106)) - b176f217-5116-4f29-ae6c-8c5fe7374010:group-CB890FE5B329 changes to CANDIDATE, lastRpcTime:5021, electionTimeout:5021ms
2019-09-16 16:55:37,220 [Thread-889] INFO  impl.RoleInfo (RoleInfo.java:shutdownFollowerState(121)) - b176f217-5116-4f29-ae6c-8c5fe7374010: shutdown FollowerState
2019-09-16 16:55:37,220 [Thread-889] INFO  impl.RaftServerImpl (RaftServerImpl.java:setRole(174)) - b176f217-5116-4f29-ae6c-8c5fe7374010@group-CB890FE5B329: changes role from  FOLLOWER to CANDIDATE at term 0 for changeToCandidate
2019-09-16 16:55:37,220 [Thread-889] INFO  impl.RoleInfo (RoleInfo.java:updateAndGet(143)) - b176f217-5116-4f29-ae6c-8c5fe7374010: start LeaderElection
2019-09-16 16:55:37,241 [Thread-885] INFO  impl.FollowerState (FollowerState.java:run(106)) - 55776132-47ae-4aef-91b7-92633cf48f43:group-CB890FE5B329 changes to CANDIDATE, lastRpcTime:5046, electionTimeout:5046ms
2019-09-16 16:55:37,242 [Thread-885] INFO  impl.RoleInfo (RoleInfo.java:shutdownFollowerState(121)) - 55776132-47ae-4aef-91b7-92633cf48f43: shutdown FollowerState
2019-09-16 16:55:37,242 [Thread-885] INFO  impl.RaftServerImpl (RaftServerImpl.java:setRole(174)) - 55776132-47ae-4aef-91b7-92633cf48f43@group-CB890FE5B329: changes role from  FOLLOWER to CANDIDATE at term 0 for changeToCandidate
2019-09-16 16:55:37,242 [Thread-885] INFO  impl.RoleInfo (RoleInfo.java:updateAndGet(143)) - 55776132-47ae-4aef-91b7-92633cf48f43: start LeaderElection
2019-09-16 16:55:37,261 [b176f217-5116-4f29-ae6c-8c5fe7374010@group-CB890FE5B329:LeaderElection13] INFO  impl.LeaderElection (LeaderElection.java:askForVotes(182)) - b176f217-5116-4f29-ae6c-8c5fe7374010@group-CB890FE5B329:LeaderElection13: begin an election at term 1 for -1: [55776132-47ae-4aef-91b7-92633cf48f43:192.168.5.184:33378, c5a5e6b7-bb1e-4cfc-8262-1ca252faf540:192.168.5.184:34221, b176f217-5116-4f29-ae6c-8c5fe7374010:192.168.5.184:36714], old=null
2019-09-16 16:55:37,271 [grpc-default-executor-4] INFO  impl.RaftServerImpl (RaftServerImpl.java:setRole(174)) - c5a5e6b7-bb1e-4cfc-8262-1ca252faf540@group-CB890FE5B329: changes role from  FOLLOWER to FOLLOWER at term 1 for recognizeCandidate:b176f217-5116-4f29-ae6c-8c5fe7374010
2019-09-16 16:55:37,272 [grpc-default-executor-4] INFO  impl.RoleInfo (RoleInfo.java:shutdownFollowerState(121)) - c5a5e6b7-bb1e-4cfc-8262-1ca252faf540: shutdown FollowerState
2019-09-16 16:55:37,272 [grpc-default-executor-4] INFO  impl.RoleInfo (RoleInfo.java:updateAndGet(143)) - c5a5e6b7-bb1e-4cfc-8262-1ca252faf540: start FollowerState
2019-09-16 16:55:37,272 [Thread-886] INFO  impl.FollowerState (FollowerState.java:run(115)) - c5a5e6b7-bb1e-4cfc-8262-1ca252faf540: FollowerState was interrupted: java.lang.InterruptedException: sleep interrupted
2019-09-16 16:55:37,318 [55776132-47ae-4aef-91b7-92633cf48f43@group-CB890FE5B329:LeaderElection14] INFO  impl.LeaderElection (LeaderElection.java:askForVotes(182)) - 55776132-47ae-4aef-91b7-92633cf48f43@group-CB890FE5B329:LeaderElection14: begin an election at term 1 for -1: [55776132-47ae-4aef-91b7-92633cf48f43:192.168.5.184:33378, c5a5e6b7-bb1e-4cfc-8262-1ca252faf540:192.168.5.184:34221, b176f217-5116-4f29-ae6c-8c5fe7374010:192.168.5.184:36714], old=null
2019-09-16 16:55:37,323 [b176f217-5116-4f29-ae6c-8c5fe7374010@group-CB890FE5B329:LeaderElection13] INFO  impl.LeaderElection (LeaderElection.java:logAndReturn(56)) - b176f217-5116-4f29-ae6c-8c5fe7374010@group-CB890FE5B329:LeaderElection13: Election PASSED; received 1 response(s) [b176f217-5116-4f29-ae6c-8c5fe7374010<-c5a5e6b7-bb1e-4cfc-8262-1ca252faf540#0:OK-t1] and 0 exception(s); b176f217-5116-4f29-ae6c-8c5fe7374010@group-CB890FE5B329:t1, leader=null, voted=b176f217-5116-4f29-ae6c-8c5fe7374010, raftlog=b176f217-5116-4f29-ae6c-8c5fe7374010@group-CB890FE5B329-SegmentedRaftLog:OPENED:c-1,f-1,i0, conf=-1: [55776132-47ae-4aef-91b7-92633cf48f43:192.168.5.184:33378, c5a5e6b7-bb1e-4cfc-8262-1ca252faf540:192.168.5.184:34221, b176f217-5116-4f29-ae6c-8c5fe7374010:192.168.5.184:36714], old=null
2019-09-16 16:55:37,323 [b176f217-5116-4f29-ae6c-8c5fe7374010@group-CB890FE5B329:LeaderElection13] INFO  impl.RoleInfo (RoleInfo.java:shutdownLeaderElection(134)) - b176f217-5116-4f29-ae6c-8c5fe7374010: shutdown LeaderElection
2019-09-16 16:55:37,323 [b176f217-5116-4f29-ae6c-8c5fe7374010@group-CB890FE5B329:LeaderElection13] INFO  impl.RaftServerImpl (RaftServerImpl.java:setRole(174)) - b176f217-5116-4f29-ae6c-8c5fe7374010@group-CB890FE5B329: changes role from CANDIDATE to LEADER at term 1 for changeToLeader
2019-09-16 16:55:37,328 [b176f217-5116-4f29-ae6c-8c5fe7374010@group-CB890FE5B329:LeaderElection13] INFO  impl.RaftServerImpl (ServerState.java:setLeader(253)) - b176f217-5116-4f29-ae6c-8c5fe7374010@group-CB890FE5B329: change Leader from null to b176f217-5116-4f29-ae6c-8c5fe7374010 at term 1 for becomeLeader, leader elected after 5145ms
2019-09-16 16:55:37,328 [b176f217-5116-4f29-ae6c-8c5fe7374010@group-CB890FE5B329:LeaderElection13] INFO  server.RaftServerConfigKeys (ConfUtils.java:logGet(43)) - raft.server.staging.catchup.gap = 1000 (default)
2019-09-16 16:55:37,329 [b176f217-5116-4f29-ae6c-8c5fe7374010@group-CB890FE5B329:LeaderElection13] INFO  server.RaftServerConfigKeys (ConfUtils.java:logGet(43)) - raft.server.rpc.sleep.time = 25ms (default)
2019-09-16 16:55:37,329 [b176f217-5116-4f29-ae6c-8c5fe7374010@group-CB890FE5B329:LeaderElection13] INFO  server.RaftServerConfigKeys (ConfUtils.java:logGet(43)) - raft.server.write.element-limit = 4096 (default)
2019-09-16 16:55:37,329 [b176f217-5116-4f29-ae6c-8c5fe7374010@group-CB890FE5B329:LeaderElection13] INFO  server.RaftServerConfigKeys (ConfUtils.java:logGet(43)) - raft.server.watch.timeout = 10s (default)
2019-09-16 16:55:37,329 [b176f217-5116-4f29-ae6c-8c5fe7374010@group-CB890FE5B329:LeaderElection13] INFO  server.RaftServerConfigKeys (ConfUtils.java:logGet(43)) - raft.server.watch.timeout.denomination = 1s (default)
2019-09-16 16:55:37,330 [b176f217-5116-4f29-ae6c-8c5fe7374010@group-CB890FE5B329:LeaderElection13] INFO  server.RaftServerConfigKeys (ConfUtils.java:logGet(43)) - raft.server.watch.element-limit = 65536 (default)
2019-09-16 16:55:37,341 [b176f217-5116-4f29-ae6c-8c5fe7374010@group-CB890FE5B329:LeaderElection13] INFO  server.RaftServerConfigKeys (ConfUtils.java:logGet(43)) - raft.server.log.appender.snapshot.chunk.size.max = 16MB (=16777216) (default)
2019-09-16 16:55:37,342 [b176f217-5116-4f29-ae6c-8c5fe7374010@group-CB890FE5B329:LeaderElection13] INFO  server.RaftServerConfigKeys (ConfUtils.java:logGet(43)) - raft.server.log.appender.buffer.byte-limit = 33554432 (custom)
2019-09-16 16:55:37,342 [b176f217-5116-4f29-ae6c-8c5fe7374010@group-CB890FE5B329:LeaderElection13] INFO  server.RaftServerConfigKeys (ConfUtils.java:logGet(43)) - raft.server.log.appender.buffer.element-limit = 1 (custom)
2019-09-16 16:55:37,342 [b176f217-5116-4f29-ae6c-8c5fe7374010@group-CB890FE5B329:LeaderElection13] INFO  grpc.GrpcConfigKeys$Server (ConfUtils.java:logGet(43)) - raft.grpc.server.leader.outstanding.appends.max = 128 (default)
2019-09-16 16:55:37,342 [b176f217-5116-4f29-ae6c-8c5fe7374010@group-CB890FE5B329:LeaderElection13] INFO  server.RaftServerConfigKeys (ConfUtils.java:logGet(43)) - raft.server.rpc.request.timeout = 3000ms (default)
2019-09-16 16:55:37,342 [b176f217-5116-4f29-ae6c-8c5fe7374010@group-CB890FE5B329:LeaderElection13] INFO  server.RaftServerConfigKeys (ConfUtils.java:logGet(43)) - raft.server.log.appender.install.snapshot.enabled = false (custom)
2019-09-16 16:55:37,343 [b176f217-5116-4f29-ae6c-8c5fe7374010@group-CB890FE5B329:LeaderElection13] INFO  server.RaftServerConfigKeys (ConfUtils.java:logGet(43)) - raft.server.log.appender.snapshot.chunk.size.max = 16MB (=16777216) (default)
2019-09-16 16:55:37,343 [b176f217-5116-4f29-ae6c-8c5fe7374010@group-CB890FE5B329:LeaderElection13] INFO  server.RaftServerConfigKeys (ConfUtils.java:logGet(43)) - raft.server.log.appender.buffer.byte-limit = 33554432 (custom)
2019-09-16 16:55:37,343 [b176f217-5116-4f29-ae6c-8c5fe7374010@group-CB890FE5B329:LeaderElection13] INFO  server.RaftServerConfigKeys (ConfUtils.java:logGet(43)) - raft.server.log.appender.buffer.element-limit = 1 (custom)
2019-09-16 16:55:37,343 [b176f217-5116-4f29-ae6c-8c5fe7374010@group-CB890FE5B329:LeaderElection13] INFO  grpc.GrpcConfigKeys$Server (ConfUtils.java:logGet(43)) - raft.grpc.server.leader.outstanding.appends.max = 128 (default)
2019-09-16 16:55:37,343 [b176f217-5116-4f29-ae6c-8c5fe7374010@group-CB890FE5B329:LeaderElection13] INFO  server.RaftServerConfigKeys (ConfUtils.java:logGet(43)) - raft.server.rpc.request.timeout = 3000ms (default)
2019-09-16 16:55:37,344 [b176f217-5116-4f29-ae6c-8c5fe7374010@group-CB890FE5B329:LeaderElection13] INFO  server.RaftServerConfigKeys (ConfUtils.java:logGet(43)) - raft.server.log.appender.install.snapshot.enabled = false (custom)
2019-09-16 16:55:37,344 [b176f217-5116-4f29-ae6c-8c5fe7374010@group-CB890FE5B329:LeaderElection13] INFO  impl.RoleInfo (RoleInfo.java:updateAndGet(143)) - b176f217-5116-4f29-ae6c-8c5fe7374010: start LeaderState
2019-09-16 16:55:37,344 [b176f217-5116-4f29-ae6c-8c5fe7374010@group-CB890FE5B329:LeaderElection13] INFO  segmented.SegmentedRaftLogWorker (SegmentedRaftLogWorker.java:startLogSegment(380)) - b176f217-5116-4f29-ae6c-8c5fe7374010@group-CB890FE5B329-SegmentedRaftLogWorker: Starting segment from index:0
2019-09-16 16:55:37,346 [b176f217-5116-4f29-ae6c-8c5fe7374010@group-CB890FE5B329:LeaderElection13] INFO  impl.RaftServerImpl (ServerState.java:setRaftConf(354)) - b176f217-5116-4f29-ae6c-8c5fe7374010@group-CB890FE5B329: set configuration 0: [55776132-47ae-4aef-91b7-92633cf48f43:192.168.5.184:33378, c5a5e6b7-bb1e-4cfc-8262-1ca252faf540:192.168.5.184:34221, b176f217-5116-4f29-ae6c-8c5fe7374010:192.168.5.184:36714], old=null at 0
2019-09-16 16:55:37,376 [grpc-default-executor-0] INFO  impl.RaftServerImpl (RaftServerImpl.java:requestVote(758)) - b176f217-5116-4f29-ae6c-8c5fe7374010@group-CB890FE5B329-   LEADER: Withhold vote from candidate 55776132-47ae-4aef-91b7-92633cf48f43 with term 1. State: leader=b176f217-5116-4f29-ae6c-8c5fe7374010, term=1, lastRpcElapsed=null
2019-09-16 16:55:37,379 [grpc-default-executor-0] INFO  impl.RaftServerImpl (ServerState.java:setLeader(253)) - c5a5e6b7-bb1e-4cfc-8262-1ca252faf540@group-CB890FE5B329: change Leader from null to b176f217-5116-4f29-ae6c-8c5fe7374010 at term 1 for appendEntries, leader elected after 5196ms
2019-09-16 16:55:37,380 [55776132-47ae-4aef-91b7-92633cf48f43@group-CB890FE5B329:LeaderElection14] INFO  impl.LeaderElection (LeaderElection.java:logAndReturn(56)) - 55776132-47ae-4aef-91b7-92633cf48f43@group-CB890FE5B329:LeaderElection14: Election REJECTED; received 2 response(s) [55776132-47ae-4aef-91b7-92633cf48f43<-c5a5e6b7-bb1e-4cfc-8262-1ca252faf540#0:FAIL-t1, 55776132-47ae-4aef-91b7-92633cf48f43<-b176f217-5116-4f29-ae6c-8c5fe7374010#0:FAIL-t1] and 0 exception(s); 55776132-47ae-4aef-91b7-92633cf48f43@group-CB890FE5B329:t1, leader=null, voted=55776132-47ae-4aef-91b7-92633cf48f43, raftlog=55776132-47ae-4aef-91b7-92633cf48f43@group-CB890FE5B329-SegmentedRaftLog:OPENED:c-1,f-1,i0, conf=-1: [55776132-47ae-4aef-91b7-92633cf48f43:192.168.5.184:33378, c5a5e6b7-bb1e-4cfc-8262-1ca252faf540:192.168.5.184:34221, b176f217-5116-4f29-ae6c-8c5fe7374010:192.168.5.184:36714], old=null
2019-09-16 16:55:37,379 [grpc-default-executor-4] INFO  impl.RaftServerImpl (RaftServerImpl.java:setRole(174)) - 55776132-47ae-4aef-91b7-92633cf48f43@group-CB890FE5B329: changes role from CANDIDATE to FOLLOWER at term 1 for appendEntries
2019-09-16 16:55:37,386 [grpc-default-executor-4] INFO  impl.RoleInfo (RoleInfo.java:shutdownLeaderElection(134)) - 55776132-47ae-4aef-91b7-92633cf48f43: shutdown LeaderElection
2019-09-16 16:55:37,386 [grpc-default-executor-4] INFO  impl.RoleInfo (RoleInfo.java:updateAndGet(143)) - 55776132-47ae-4aef-91b7-92633cf48f43: start FollowerState
2019-09-16 16:55:37,387 [grpc-default-executor-4] INFO  impl.RaftServerImpl (ServerState.java:setLeader(253)) - 55776132-47ae-4aef-91b7-92633cf48f43@group-CB890FE5B329: change Leader from null to b176f217-5116-4f29-ae6c-8c5fe7374010 at term 1 for appendEntries, leader elected after 5204ms
2019-09-16 16:55:37,389 [grpc-default-executor-4] INFO  impl.RaftServerImpl (ServerState.java:setRaftConf(354)) - c5a5e6b7-bb1e-4cfc-8262-1ca252faf540@group-CB890FE5B329: set configuration 0: [55776132-47ae-4aef-91b7-92633cf48f43:192.168.5.184:33378, c5a5e6b7-bb1e-4cfc-8262-1ca252faf540:192.168.5.184:34221, b176f217-5116-4f29-ae6c-8c5fe7374010:192.168.5.184:36714], old=null at 0
2019-09-16 16:55:37,389 [grpc-default-executor-4] INFO  segmented.SegmentedRaftLogWorker (SegmentedRaftLogWorker.java:startLogSegment(380)) - c5a5e6b7-bb1e-4cfc-8262-1ca252faf540@group-CB890FE5B329-SegmentedRaftLogWorker: Starting segment from index:0
2019-09-16 16:55:37,389 [grpc-default-executor-0] INFO  impl.RaftServerImpl (ServerState.java:setRaftConf(354)) - 55776132-47ae-4aef-91b7-92633cf48f43@group-CB890FE5B329: set configuration 0: [55776132-47ae-4aef-91b7-92633cf48f43:192.168.5.184:33378, c5a5e6b7-bb1e-4cfc-8262-1ca252faf540:192.168.5.184:34221, b176f217-5116-4f29-ae6c-8c5fe7374010:192.168.5.184:36714], old=null at 0
2019-09-16 16:55:37,389 [grpc-default-executor-0] INFO  segmented.SegmentedRaftLogWorker (SegmentedRaftLogWorker.java:startLogSegment(380)) - 55776132-47ae-4aef-91b7-92633cf48f43@group-CB890FE5B329-SegmentedRaftLogWorker: Starting segment from index:0
2019-09-16 16:55:37,410 [b176f217-5116-4f29-ae6c-8c5fe7374010@group-CB890FE5B329-SegmentedRaftLogWorker] INFO  segmented.SegmentedRaftLogWorker (SegmentedRaftLogWorker.java:execute(569)) - b176f217-5116-4f29-ae6c-8c5fe7374010@group-CB890FE5B329-SegmentedRaftLogWorker: created new log segment /workdir/hadoop-ozone/integration-test/target/test-dir/MiniOzoneClusterImpl-b381268c-58bb-44dd-9423-5f17a34efe38/datanode-3/data/ratis/543dff7a-402f-4975-a44c-cb890fe5b329/current/log_inprogress_0
2019-09-16 16:55:37,435 [c5a5e6b7-bb1e-4cfc-8262-1ca252faf540@group-CB890FE5B329-SegmentedRaftLogWorker] INFO  segmented.SegmentedRaftLogWorker (SegmentedRaftLogWorker.java:execute(569)) - c5a5e6b7-bb1e-4cfc-8262-1ca252faf540@group-CB890FE5B329-SegmentedRaftLogWorker: created new log segment /workdir/hadoop-ozone/integration-test/target/test-dir/MiniOzoneClusterImpl-b381268c-58bb-44dd-9423-5f17a34efe38/datanode-5/data/ratis/543dff7a-402f-4975-a44c-cb890fe5b329/current/log_inprogress_0
2019-09-16 16:55:37,435 [55776132-47ae-4aef-91b7-92633cf48f43@group-CB890FE5B329-SegmentedRaftLogWorker] INFO  segmented.SegmentedRaftLogWorker (SegmentedRaftLogWorker.java:execute(569)) - 55776132-47ae-4aef-91b7-92633cf48f43@group-CB890FE5B329-SegmentedRaftLogWorker: created new log segment /workdir/hadoop-ozone/integration-test/target/test-dir/MiniOzoneClusterImpl-b381268c-58bb-44dd-9423-5f17a34efe38/datanode-4/data/ratis/543dff7a-402f-4975-a44c-cb890fe5b329/current/log_inprogress_0
2019-09-16 16:55:39,061 [grpc-default-executor-0] INFO  impl.RaftServerProxy (RaftServerProxy.java:remove(95)) - 55776132-47ae-4aef-91b7-92633cf48f43: remove group-1347CC5D7860:null
2019-09-16 16:55:39,066 [RatisPipelineUtilsThread] WARN  pipeline.RatisPipelineUtils (RatisPipelineUtils.java:destroyPipeline(66)) - Pipeline destroy failed for pipeline=PipelineID=00ea61f9-8c6e-42a1-b808-1347cc5d7860 dn=55776132-47ae-4aef-91b7-92633cf48f43{ip: 192.168.5.184, host: pr-hdds-2022-qxstf-1422721469, networkLocation: /default-rack, certSerialId: null}
2019-09-16 16:55:39,070 [grpc-default-executor-0] INFO  impl.RaftServerProxy (RaftServerProxy.java:remove(95)) - b176f217-5116-4f29-ae6c-8c5fe7374010: remove group-1347CC5D7860:null
2019-09-16 16:55:39,073 [RatisPipelineUtilsThread] WARN  pipeline.RatisPipelineUtils (RatisPipelineUtils.java:destroyPipeline(66)) - Pipeline destroy failed for pipeline=PipelineID=00ea61f9-8c6e-42a1-b808-1347cc5d7860 dn=b176f217-5116-4f29-ae6c-8c5fe7374010{ip: 192.168.5.184, host: pr-hdds-2022-qxstf-1422721469, networkLocation: /default-rack, certSerialId: null}
2019-09-16 16:55:39,077 [grpc-default-executor-0] INFO  impl.RaftServerProxy (RaftServerProxy.java:remove(95)) - c5a5e6b7-bb1e-4cfc-8262-1ca252faf540: remove group-1347CC5D7860:null
2019-09-16 16:55:39,081 [RatisPipelineUtilsThread] WARN  pipeline.RatisPipelineUtils (RatisPipelineUtils.java:destroyPipeline(66)) - Pipeline destroy failed for pipeline=PipelineID=00ea61f9-8c6e-42a1-b808-1347cc5d7860 dn=c5a5e6b7-bb1e-4cfc-8262-1ca252faf540{ip: 192.168.5.184, host: pr-hdds-2022-qxstf-1422721469, networkLocation: /default-rack, certSerialId: null}
2019-09-16 16:55:39,081 [RatisPipelineUtilsThread] ERROR pipeline.SCMPipelineManager (Scheduler.java:lambda$schedule$1(70)) - Destroy pipeline failed for pipeline:Pipeline[ Id: 00ea61f9-8c6e-42a1-b808-1347cc5d7860, Nodes: 55776132-47ae-4aef-91b7-92633cf48f43{ip: 192.168.5.184, host: pr-hdds-2022-qxstf-1422721469, networkLocation: /default-rack, certSerialId: null}b176f217-5116-4f29-ae6c-8c5fe7374010{ip: 192.168.5.184, host: pr-hdds-2022-qxstf-1422721469, networkLocation: /default-rack, certSerialId: null}c5a5e6b7-bb1e-4cfc-8262-1ca252faf540{ip: 192.168.5.184, host: pr-hdds-2022-qxstf-1422721469, networkLocation: /default-rack, certSerialId: null}, Type:RATIS, Factor:THREE, State:CLOSED]
org.apache.hadoop.hdds.scm.pipeline.PipelineNotFoundException: PipelineID=00ea61f9-8c6e-42a1-b808-1347cc5d7860 not found
	at org.apache.hadoop.hdds.scm.pipeline.PipelineStateMap.getPipeline(PipelineStateMap.java:132)
	at org.apache.hadoop.hdds.scm.pipeline.PipelineStateMap.removePipeline(PipelineStateMap.java:322)
	at org.apache.hadoop.hdds.scm.pipeline.PipelineStateManager.removePipeline(PipelineStateManager.java:107)
	at org.apache.hadoop.hdds.scm.pipeline.SCMPipelineManager.removePipeline(SCMPipelineManager.java:423)
	at org.apache.hadoop.hdds.scm.pipeline.SCMPipelineManager.destroyPipeline(SCMPipelineManager.java:409)
	at org.apache.hadoop.hdds.scm.pipeline.SCMPipelineManager.lambda$finalizeAndDestroyPipeline$0(SCMPipelineManager.java:318)
	at org.apache.hadoop.utils.Scheduler.lambda$schedule$1(Scheduler.java:68)
	at java.util.concurrent.Executors$RunnableAdapter.call(Executors.java:511)
	at java.util.concurrent.FutureTask.run(FutureTask.java:266)
	at java.util.concurrent.ScheduledThreadPoolExecutor$ScheduledFutureTask.access$201(ScheduledThreadPoolExecutor.java:180)
	at java.util.concurrent.ScheduledThreadPoolExecutor$ScheduledFutureTask.run(ScheduledThreadPoolExecutor.java:293)
	at java.util.concurrent.ThreadPoolExecutor.runWorker(ThreadPoolExecutor.java:1149)
	at java.util.concurrent.ThreadPoolExecutor$Worker.run(ThreadPoolExecutor.java:624)
	at java.lang.Thread.run(Thread.java:748)
2019-09-16 16:55:39,446 [java.util.concurrent.ThreadPoolExecutor$Worker@58806139[State = -1, empty queue]] WARN  server.GrpcLogAppender (GrpcLogAppender.java:timeoutAppendRequest(200)) - b38fff04-681d-43a3-90d0-26fe2e9a9866@group-8BC1D30073B0->e9d750f6-56b2-4d42-a810-39328f6044b5-GrpcLogAppender: appendEntries Timeout, request=b38fff04-681d-43a3-90d0-26fe2e9a9866->e9d750f6-56b2-4d42-a810-39328f6044b5#96-t2, previous=(t:2, i:18), leaderCommit=12, initializing? false, entries: <empty>
2019-09-16 16:55:39,446 [java.util.concurrent.ThreadPoolExecutor$Worker@57a96755[State = -1, empty queue]] WARN  server.GrpcLogAppender (GrpcLogAppender.java:timeoutAppendRequest(200)) - b38fff04-681d-43a3-90d0-26fe2e9a9866@group-8BC1D30073B0->445370a6-3850-4457-9c2c-f37f35928d12-GrpcLogAppender: appendEntries Timeout, request=b38fff04-681d-43a3-90d0-26fe2e9a9866->445370a6-3850-4457-9c2c-f37f35928d12#96-t2, previous=(t:2, i:18), leaderCommit=12, initializing? false, entries: <empty>
2019-09-16 16:55:41,059 [grpc-default-executor-4] INFO  impl.RaftServerProxy (RaftServerProxy.java:remove(95)) - 55776132-47ae-4aef-91b7-92633cf48f43: remove group-1347CC5D7860:null
2019-09-16 16:55:41,068 [RatisPipelineUtilsThread] WARN  pipeline.RatisPipelineUtils (RatisPipelineUtils.java:destroyPipeline(66)) - Pipeline destroy failed for pipeline=PipelineID=00ea61f9-8c6e-42a1-b808-1347cc5d7860 dn=55776132-47ae-4aef-91b7-92633cf48f43{ip: 192.168.5.184, host: pr-hdds-2022-qxstf-1422721469, networkLocation: /default-rack, certSerialId: null}
2019-09-16 16:55:41,074 [grpc-default-executor-4] INFO  impl.RaftServerProxy (RaftServerProxy.java:remove(95)) - b176f217-5116-4f29-ae6c-8c5fe7374010: remove group-1347CC5D7860:null
2019-09-16 16:55:41,085 [RatisPipelineUtilsThread] WARN  pipeline.RatisPipelineUtils (RatisPipelineUtils.java:destroyPipeline(66)) - Pipeline destroy failed for pipeline=PipelineID=00ea61f9-8c6e-42a1-b808-1347cc5d7860 dn=b176f217-5116-4f29-ae6c-8c5fe7374010{ip: 192.168.5.184, host: pr-hdds-2022-qxstf-1422721469, networkLocation: /default-rack, certSerialId: null}
2019-09-16 16:55:41,090 [grpc-default-executor-4] INFO  impl.RaftServerProxy (RaftServerProxy.java:remove(95)) - c5a5e6b7-bb1e-4cfc-8262-1ca252faf540: remove group-1347CC5D7860:null
2019-09-16 16:55:41,094 [RatisPipelineUtilsThread] WARN  pipeline.RatisPipelineUtils (RatisPipelineUtils.java:destroyPipeline(66)) - Pipeline destroy failed for pipeline=PipelineID=00ea61f9-8c6e-42a1-b808-1347cc5d7860 dn=c5a5e6b7-bb1e-4cfc-8262-1ca252faf540{ip: 192.168.5.184, host: pr-hdds-2022-qxstf-1422721469, networkLocation: /default-rack, certSerialId: null}
2019-09-16 16:55:41,094 [RatisPipelineUtilsThread] ERROR pipeline.SCMPipelineManager (Scheduler.java:lambda$schedule$1(70)) - Destroy pipeline failed for pipeline:Pipeline[ Id: 00ea61f9-8c6e-42a1-b808-1347cc5d7860, Nodes: 55776132-47ae-4aef-91b7-92633cf48f43{ip: 192.168.5.184, host: pr-hdds-2022-qxstf-1422721469, networkLocation: /default-rack, certSerialId: null}b176f217-5116-4f29-ae6c-8c5fe7374010{ip: 192.168.5.184, host: pr-hdds-2022-qxstf-1422721469, networkLocation: /default-rack, certSerialId: null}c5a5e6b7-bb1e-4cfc-8262-1ca252faf540{ip: 192.168.5.184, host: pr-hdds-2022-qxstf-1422721469, networkLocation: /default-rack, certSerialId: null}, Type:RATIS, Factor:THREE, State:CLOSED]
org.apache.hadoop.hdds.scm.pipeline.PipelineNotFoundException: PipelineID=00ea61f9-8c6e-42a1-b808-1347cc5d7860 not found
	at org.apache.hadoop.hdds.scm.pipeline.PipelineStateMap.getPipeline(PipelineStateMap.java:132)
	at org.apache.hadoop.hdds.scm.pipeline.PipelineStateMap.removePipeline(PipelineStateMap.java:322)
	at org.apache.hadoop.hdds.scm.pipeline.PipelineStateManager.removePipeline(PipelineStateManager.java:107)
	at org.apache.hadoop.hdds.scm.pipeline.SCMPipelineManager.removePipeline(SCMPipelineManager.java:423)
	at org.apache.hadoop.hdds.scm.pipeline.SCMPipelineManager.destroyPipeline(SCMPipelineManager.java:409)
	at org.apache.hadoop.hdds.scm.pipeline.SCMPipelineManager.lambda$finalizeAndDestroyPipeline$0(SCMPipelineManager.java:318)
	at org.apache.hadoop.utils.Scheduler.lambda$schedule$1(Scheduler.java:68)
	at java.util.concurrent.Executors$RunnableAdapter.call(Executors.java:511)
	at java.util.concurrent.FutureTask.run(FutureTask.java:266)
	at java.util.concurrent.ScheduledThreadPoolExecutor$ScheduledFutureTask.access$201(ScheduledThreadPoolExecutor.java:180)
	at java.util.concurrent.ScheduledThreadPoolExecutor$ScheduledFutureTask.run(ScheduledThreadPoolExecutor.java:293)
	at java.util.concurrent.ThreadPoolExecutor.runWorker(ThreadPoolExecutor.java:1149)
	at java.util.concurrent.ThreadPoolExecutor$Worker.run(ThreadPoolExecutor.java:624)
	at java.lang.Thread.run(Thread.java:748)
2019-09-16 16:55:41,438 [b38fff04-681d-43a3-90d0-26fe2e9a9866@group-8BC1D30073B0-SegmentedRaftLogWorker] WARN  segmented.SegmentedRaftLogWorker (SegmentedRaftLogWorker.java:getFromFuture(90)) - Timeout 0/~
org.apache.ratis.protocol.TimeoutIOException: Timeout 10s: WriteLog:13: (t:2, i:13), STATEMACHINELOGENTRY, client-E281DC600642, cid=29-writeStateMachineData
	at org.apache.ratis.util.IOUtils.getFromFuture(IOUtils.java:87)
	at org.apache.ratis.server.raftlog.segmented.SegmentedRaftLogWorker$StateMachineDataPolicy.getFromFuture(SegmentedRaftLogWorker.java:87)
	at org.apache.ratis.server.raftlog.segmented.SegmentedRaftLogWorker$WriteLog.execute(SegmentedRaftLogWorker.java:477)
	at org.apache.ratis.server.raftlog.segmented.SegmentedRaftLogWorker.run(SegmentedRaftLogWorker.java:289)
	at java.lang.Thread.run(Thread.java:748)
Caused by: java.util.concurrent.TimeoutException
	at java.util.concurrent.CompletableFuture.timedGet(CompletableFuture.java:1771)
	at java.util.concurrent.CompletableFuture.get(CompletableFuture.java:1915)
	at org.apache.ratis.util.IOUtils.getFromFuture(IOUtils.java:79)
	... 4 more
2019-09-16 16:55:41,440 [e9d750f6-56b2-4d42-a810-39328f6044b5@group-8BC1D30073B0-SegmentedRaftLogWorker] WARN  segmented.SegmentedRaftLogWorker (SegmentedRaftLogWorker.java:getFromFuture(90)) - Timeout 0/~
org.apache.ratis.protocol.TimeoutIOException: Timeout 10s: WriteLog:13: (t:2, i:13), STATEMACHINELOGENTRY, client-E281DC600642, cid=29-writeStateMachineData
	at org.apache.ratis.util.IOUtils.getFromFuture(IOUtils.java:87)
	at org.apache.ratis.server.raftlog.segmented.SegmentedRaftLogWorker$StateMachineDataPolicy.getFromFuture(SegmentedRaftLogWorker.java:87)
	at org.apache.ratis.server.raftlog.segmented.SegmentedRaftLogWorker$WriteLog.execute(SegmentedRaftLogWorker.java:477)
	at org.apache.ratis.server.raftlog.segmented.SegmentedRaftLogWorker.run(SegmentedRaftLogWorker.java:289)
	at java.lang.Thread.run(Thread.java:748)
Caused by: java.util.concurrent.TimeoutException
	at java.util.concurrent.CompletableFuture.timedGet(CompletableFuture.java:1771)
	at java.util.concurrent.CompletableFuture.get(CompletableFuture.java:1915)
	at org.apache.ratis.util.IOUtils.getFromFuture(IOUtils.java:79)
	... 4 more
2019-09-16 16:55:41,496 [grpc-default-executor-0] INFO  client.GrpcClientProtocolClient (GrpcClientProtocolClient.java:onNext(264)) - client-E281DC600642->e9d750f6-56b2-4d42-a810-39328f6044b5: receive RaftClientReply:client-E281DC600642->e9d750f6-56b2-4d42-a810-39328f6044b5@group-8BC1D30073B0, cid=29, FAILED org.apache.ratis.protocol.NotLeaderException: Server e9d750f6-56b2-4d42-a810-39328f6044b5@group-8BC1D30073B0 is not the leader b38fff04-681d-43a3-90d0-26fe2e9a9866:192.168.5.184:37740, logIndex=0, commits[e9d750f6-56b2-4d42-a810-39328f6044b5:c12, 445370a6-3850-4457-9c2c-f37f35928d12:c10, b38fff04-681d-43a3-90d0-26fe2e9a9866:c12]
2019-09-16 16:55:41,649 [445370a6-3850-4457-9c2c-f37f35928d12@group-8BC1D30073B0-SegmentedRaftLogWorker] WARN  segmented.SegmentedRaftLogWorker (SegmentedRaftLogWorker.java:getFromFuture(90)) - Timeout 0/~
org.apache.ratis.protocol.TimeoutIOException: Timeout 10s: WriteLog:14: (t:2, i:14), STATEMACHINELOGENTRY, client-E281DC600642, cid=30-writeStateMachineData
	at org.apache.ratis.util.IOUtils.getFromFuture(IOUtils.java:87)
	at org.apache.ratis.server.raftlog.segmented.SegmentedRaftLogWorker$StateMachineDataPolicy.getFromFuture(SegmentedRaftLogWorker.java:87)
	at org.apache.ratis.server.raftlog.segmented.SegmentedRaftLogWorker$WriteLog.execute(SegmentedRaftLogWorker.java:477)
	at org.apache.ratis.server.raftlog.segmented.SegmentedRaftLogWorker.run(SegmentedRaftLogWorker.java:289)
	at java.lang.Thread.run(Thread.java:748)
Caused by: java.util.concurrent.TimeoutException
	at java.util.concurrent.CompletableFuture.timedGet(CompletableFuture.java:1771)
	at java.util.concurrent.CompletableFuture.get(CompletableFuture.java:1915)
	at org.apache.ratis.util.IOUtils.getFromFuture(IOUtils.java:79)
	... 4 more
2019-09-16 16:55:41,947 [java.util.concurrent.ThreadPoolExecutor$Worker@58806139[State = -1, empty queue]] WARN  server.GrpcLogAppender (GrpcLogAppender.java:timeoutAppendRequest(200)) - b38fff04-681d-43a3-90d0-26fe2e9a9866@group-8BC1D30073B0->e9d750f6-56b2-4d42-a810-39328f6044b5-GrpcLogAppender: appendEntries Timeout, request=b38fff04-681d-43a3-90d0-26fe2e9a9866->e9d750f6-56b2-4d42-a810-39328f6044b5#97-t2, previous=(t:2, i:18), leaderCommit=12, initializing? false, entries: <empty>
2019-09-16 16:55:41,947 [java.util.concurrent.ThreadPoolExecutor$Worker@57a96755[State = -1, empty queue]] WARN  server.GrpcLogAppender (GrpcLogAppender.java:timeoutAppendRequest(200)) - b38fff04-681d-43a3-90d0-26fe2e9a9866@group-8BC1D30073B0->445370a6-3850-4457-9c2c-f37f35928d12-GrpcLogAppender: appendEntries Timeout, request=b38fff04-681d-43a3-90d0-26fe2e9a9866->445370a6-3850-4457-9c2c-f37f35928d12#97-t2, previous=(t:2, i:18), leaderCommit=12, initializing? false, entries: <empty>
2019-09-16 16:55:44,060 [grpc-default-executor-0] INFO  impl.RaftServerProxy (RaftServerProxy.java:remove(95)) - 55776132-47ae-4aef-91b7-92633cf48f43: remove group-1347CC5D7860:null
2019-09-16 16:55:44,066 [RatisPipelineUtilsThread] WARN  pipeline.RatisPipelineUtils (RatisPipelineUtils.java:destroyPipeline(66)) - Pipeline destroy failed for pipeline=PipelineID=00ea61f9-8c6e-42a1-b808-1347cc5d7860 dn=55776132-47ae-4aef-91b7-92633cf48f43{ip: 192.168.5.184, host: pr-hdds-2022-qxstf-1422721469, networkLocation: /default-rack, certSerialId: null}
2019-09-16 16:55:44,070 [grpc-default-executor-0] INFO  impl.RaftServerProxy (RaftServerProxy.java:remove(95)) - b176f217-5116-4f29-ae6c-8c5fe7374010: remove group-1347CC5D7860:null
2019-09-16 16:55:44,075 [RatisPipelineUtilsThread] WARN  pipeline.RatisPipelineUtils (RatisPipelineUtils.java:destroyPipeline(66)) - Pipeline destroy failed for pipeline=PipelineID=00ea61f9-8c6e-42a1-b808-1347cc5d7860 dn=b176f217-5116-4f29-ae6c-8c5fe7374010{ip: 192.168.5.184, host: pr-hdds-2022-qxstf-1422721469, networkLocation: /default-rack, certSerialId: null}
2019-09-16 16:55:44,079 [grpc-default-executor-0] INFO  impl.RaftServerProxy (RaftServerProxy.java:remove(95)) - c5a5e6b7-bb1e-4cfc-8262-1ca252faf540: remove group-1347CC5D7860:null
2019-09-16 16:55:44,093 [RatisPipelineUtilsThread] WARN  pipeline.RatisPipelineUtils (RatisPipelineUtils.java:destroyPipeline(66)) - Pipeline destroy failed for pipeline=PipelineID=00ea61f9-8c6e-42a1-b808-1347cc5d7860 dn=c5a5e6b7-bb1e-4cfc-8262-1ca252faf540{ip: 192.168.5.184, host: pr-hdds-2022-qxstf-1422721469, networkLocation: /default-rack, certSerialId: null}
2019-09-16 16:55:44,093 [RatisPipelineUtilsThread] ERROR pipeline.SCMPipelineManager (Scheduler.java:lambda$schedule$1(70)) - Destroy pipeline failed for pipeline:Pipeline[ Id: 00ea61f9-8c6e-42a1-b808-1347cc5d7860, Nodes: 55776132-47ae-4aef-91b7-92633cf48f43{ip: 192.168.5.184, host: pr-hdds-2022-qxstf-1422721469, networkLocation: /default-rack, certSerialId: null}b176f217-5116-4f29-ae6c-8c5fe7374010{ip: 192.168.5.184, host: pr-hdds-2022-qxstf-1422721469, networkLocation: /default-rack, certSerialId: null}c5a5e6b7-bb1e-4cfc-8262-1ca252faf540{ip: 192.168.5.184, host: pr-hdds-2022-qxstf-1422721469, networkLocation: /default-rack, certSerialId: null}, Type:RATIS, Factor:THREE, State:CLOSED]
org.apache.hadoop.hdds.scm.pipeline.PipelineNotFoundException: PipelineID=00ea61f9-8c6e-42a1-b808-1347cc5d7860 not found
	at org.apache.hadoop.hdds.scm.pipeline.PipelineStateMap.getPipeline(PipelineStateMap.java:132)
	at org.apache.hadoop.hdds.scm.pipeline.PipelineStateMap.removePipeline(PipelineStateMap.java:322)
	at org.apache.hadoop.hdds.scm.pipeline.PipelineStateManager.removePipeline(PipelineStateManager.java:107)
	at org.apache.hadoop.hdds.scm.pipeline.SCMPipelineManager.removePipeline(SCMPipelineManager.java:423)
	at org.apache.hadoop.hdds.scm.pipeline.SCMPipelineManager.destroyPipeline(SCMPipelineManager.java:409)
	at org.apache.hadoop.hdds.scm.pipeline.SCMPipelineManager.lambda$finalizeAndDestroyPipeline$0(SCMPipelineManager.java:318)
	at org.apache.hadoop.utils.Scheduler.lambda$schedule$1(Scheduler.java:68)
	at java.util.concurrent.Executors$RunnableAdapter.call(Executors.java:511)
	at java.util.concurrent.FutureTask.run(FutureTask.java:266)
	at java.util.concurrent.ScheduledThreadPoolExecutor$ScheduledFutureTask.access$201(ScheduledThreadPoolExecutor.java:180)
	at java.util.concurrent.ScheduledThreadPoolExecutor$ScheduledFutureTask.run(ScheduledThreadPoolExecutor.java:293)
	at java.util.concurrent.ThreadPoolExecutor.runWorker(ThreadPoolExecutor.java:1149)
	at java.util.concurrent.ThreadPoolExecutor$Worker.run(ThreadPoolExecutor.java:624)
	at java.lang.Thread.run(Thread.java:748)
2019-09-16 16:55:44,447 [java.util.concurrent.ThreadPoolExecutor$Worker@58806139[State = -1, empty queue]] WARN  server.GrpcLogAppender (GrpcLogAppender.java:timeoutAppendRequest(200)) - b38fff04-681d-43a3-90d0-26fe2e9a9866@group-8BC1D30073B0->e9d750f6-56b2-4d42-a810-39328f6044b5-GrpcLogAppender: appendEntries Timeout, request=b38fff04-681d-43a3-90d0-26fe2e9a9866->e9d750f6-56b2-4d42-a810-39328f6044b5#98-t2, previous=(t:2, i:18), leaderCommit=12, initializing? false, entries: <empty>
2019-09-16 16:55:44,448 [java.util.concurrent.ThreadPoolExecutor$Worker@57a96755[State = -1, empty queue]] WARN  server.GrpcLogAppender (GrpcLogAppender.java:timeoutAppendRequest(200)) - b38fff04-681d-43a3-90d0-26fe2e9a9866@group-8BC1D30073B0->445370a6-3850-4457-9c2c-f37f35928d12-GrpcLogAppender: appendEntries Timeout, request=b38fff04-681d-43a3-90d0-26fe2e9a9866->445370a6-3850-4457-9c2c-f37f35928d12#98-t2, previous=(t:2, i:18), leaderCommit=12, initializing? false, entries: <empty>
2019-09-16 16:55:46,090 [grpc-default-executor-0] INFO  impl.RaftServerProxy (RaftServerProxy.java:remove(95)) - 55776132-47ae-4aef-91b7-92633cf48f43: remove group-1347CC5D7860:null
2019-09-16 16:55:46,099 [RatisPipelineUtilsThread] WARN  pipeline.RatisPipelineUtils (RatisPipelineUtils.java:destroyPipeline(66)) - Pipeline destroy failed for pipeline=PipelineID=00ea61f9-8c6e-42a1-b808-1347cc5d7860 dn=55776132-47ae-4aef-91b7-92633cf48f43{ip: 192.168.5.184, host: pr-hdds-2022-qxstf-1422721469, networkLocation: /default-rack, certSerialId: null}
2019-09-16 16:55:46,103 [grpc-default-executor-0] INFO  impl.RaftServerProxy (RaftServerProxy.java:remove(95)) - b176f217-5116-4f29-ae6c-8c5fe7374010: remove group-1347CC5D7860:null
2019-09-16 16:55:46,108 [RatisPipelineUtilsThread] WARN  pipeline.RatisPipelineUtils (RatisPipelineUtils.java:destroyPipeline(66)) - Pipeline destroy failed for pipeline=PipelineID=00ea61f9-8c6e-42a1-b808-1347cc5d7860 dn=b176f217-5116-4f29-ae6c-8c5fe7374010{ip: 192.168.5.184, host: pr-hdds-2022-qxstf-1422721469, networkLocation: /default-rack, certSerialId: null}
2019-09-16 16:55:46,111 [grpc-default-executor-0] INFO  impl.RaftServerProxy (RaftServerProxy.java:remove(95)) - c5a5e6b7-bb1e-4cfc-8262-1ca252faf540: remove group-1347CC5D7860:null
2019-09-16 16:55:46,116 [RatisPipelineUtilsThread] WARN  pipeline.RatisPipelineUtils (RatisPipelineUtils.java:destroyPipeline(66)) - Pipeline destroy failed for pipeline=PipelineID=00ea61f9-8c6e-42a1-b808-1347cc5d7860 dn=c5a5e6b7-bb1e-4cfc-8262-1ca252faf540{ip: 192.168.5.184, host: pr-hdds-2022-qxstf-1422721469, networkLocation: /default-rack, certSerialId: null}
2019-09-16 16:55:46,117 [RatisPipelineUtilsThread] ERROR pipeline.SCMPipelineManager (Scheduler.java:lambda$schedule$1(70)) - Destroy pipeline failed for pipeline:Pipeline[ Id: 00ea61f9-8c6e-42a1-b808-1347cc5d7860, Nodes: 55776132-47ae-4aef-91b7-92633cf48f43{ip: 192.168.5.184, host: pr-hdds-2022-qxstf-1422721469, networkLocation: /default-rack, certSerialId: null}b176f217-5116-4f29-ae6c-8c5fe7374010{ip: 192.168.5.184, host: pr-hdds-2022-qxstf-1422721469, networkLocation: /default-rack, certSerialId: null}c5a5e6b7-bb1e-4cfc-8262-1ca252faf540{ip: 192.168.5.184, host: pr-hdds-2022-qxstf-1422721469, networkLocation: /default-rack, certSerialId: null}, Type:RATIS, Factor:THREE, State:CLOSED]
org.apache.hadoop.hdds.scm.pipeline.PipelineNotFoundException: PipelineID=00ea61f9-8c6e-42a1-b808-1347cc5d7860 not found
	at org.apache.hadoop.hdds.scm.pipeline.PipelineStateMap.getPipeline(PipelineStateMap.java:132)
	at org.apache.hadoop.hdds.scm.pipeline.PipelineStateMap.removePipeline(PipelineStateMap.java:322)
	at org.apache.hadoop.hdds.scm.pipeline.PipelineStateManager.removePipeline(PipelineStateManager.java:107)
	at org.apache.hadoop.hdds.scm.pipeline.SCMPipelineManager.removePipeline(SCMPipelineManager.java:423)
	at org.apache.hadoop.hdds.scm.pipeline.SCMPipelineManager.destroyPipeline(SCMPipelineManager.java:409)
	at org.apache.hadoop.hdds.scm.pipeline.SCMPipelineManager.lambda$finalizeAndDestroyPipeline$0(SCMPipelineManager.java:318)
	at org.apache.hadoop.utils.Scheduler.lambda$schedule$1(Scheduler.java:68)
	at java.util.concurrent.Executors$RunnableAdapter.call(Executors.java:511)
	at java.util.concurrent.FutureTask.run(FutureTask.java:266)
	at java.util.concurrent.ScheduledThreadPoolExecutor$ScheduledFutureTask.access$201(ScheduledThreadPoolExecutor.java:180)
	at java.util.concurrent.ScheduledThreadPoolExecutor$ScheduledFutureTask.run(ScheduledThreadPoolExecutor.java:293)
	at java.util.concurrent.ThreadPoolExecutor.runWorker(ThreadPoolExecutor.java:1149)
	at java.util.concurrent.ThreadPoolExecutor$Worker.run(ThreadPoolExecutor.java:624)
	at java.lang.Thread.run(Thread.java:748)
2019-09-16 16:55:46,543 [grpc-default-executor-0] INFO  client.GrpcClientProtocolClient (GrpcClientProtocolClient.java:onNext(264)) - client-E281DC600642->e9d750f6-56b2-4d42-a810-39328f6044b5: receive RaftClientReply:client-E281DC600642->e9d750f6-56b2-4d42-a810-39328f6044b5@group-8BC1D30073B0, cid=29, FAILED org.apache.ratis.protocol.NotLeaderException: Server e9d750f6-56b2-4d42-a810-39328f6044b5@group-8BC1D30073B0 is not the leader b38fff04-681d-43a3-90d0-26fe2e9a9866:192.168.5.184:37740, logIndex=0, commits[e9d750f6-56b2-4d42-a810-39328f6044b5:c12, 445370a6-3850-4457-9c2c-f37f35928d12:c10, b38fff04-681d-43a3-90d0-26fe2e9a9866:c12]
2019-09-16 16:55:46,948 [java.util.concurrent.ThreadPoolExecutor$Worker@57a96755[State = -1, empty queue]] WARN  server.GrpcLogAppender (GrpcLogAppender.java:timeoutAppendRequest(200)) - b38fff04-681d-43a3-90d0-26fe2e9a9866@group-8BC1D30073B0->445370a6-3850-4457-9c2c-f37f35928d12-GrpcLogAppender: appendEntries Timeout, request=b38fff04-681d-43a3-90d0-26fe2e9a9866->445370a6-3850-4457-9c2c-f37f35928d12#99-t2, previous=(t:2, i:18), leaderCommit=12, initializing? false, entries: <empty>
2019-09-16 16:55:46,948 [java.util.concurrent.ThreadPoolExecutor$Worker@58806139[State = -1, empty queue]] WARN  server.GrpcLogAppender (GrpcLogAppender.java:timeoutAppendRequest(200)) - b38fff04-681d-43a3-90d0-26fe2e9a9866@group-8BC1D30073B0->e9d750f6-56b2-4d42-a810-39328f6044b5-GrpcLogAppender: appendEntries Timeout, request=b38fff04-681d-43a3-90d0-26fe2e9a9866->e9d750f6-56b2-4d42-a810-39328f6044b5#99-t2, previous=(t:2, i:18), leaderCommit=12, initializing? false, entries: <empty>
2019-09-16 16:55:49,067 [grpc-default-executor-0] INFO  impl.RaftServerProxy (RaftServerProxy.java:remove(95)) - 55776132-47ae-4aef-91b7-92633cf48f43: remove group-1347CC5D7860:null
2019-09-16 16:55:49,080 [RatisPipelineUtilsThread] WARN  pipeline.RatisPipelineUtils (RatisPipelineUtils.java:destroyPipeline(66)) - Pipeline destroy failed for pipeline=PipelineID=00ea61f9-8c6e-42a1-b808-1347cc5d7860 dn=55776132-47ae-4aef-91b7-92633cf48f43{ip: 192.168.5.184, host: pr-hdds-2022-qxstf-1422721469, networkLocation: /default-rack, certSerialId: null}
2019-09-16 16:55:49,083 [grpc-default-executor-0] INFO  impl.RaftServerProxy (RaftServerProxy.java:remove(95)) - b176f217-5116-4f29-ae6c-8c5fe7374010: remove group-1347CC5D7860:null
2019-09-16 16:55:49,088 [RatisPipelineUtilsThread] WARN  pipeline.RatisPipelineUtils (RatisPipelineUtils.java:destroyPipeline(66)) - Pipeline destroy failed for pipeline=PipelineID=00ea61f9-8c6e-42a1-b808-1347cc5d7860 dn=b176f217-5116-4f29-ae6c-8c5fe7374010{ip: 192.168.5.184, host: pr-hdds-2022-qxstf-1422721469, networkLocation: /default-rack, certSerialId: null}
2019-09-16 16:55:49,091 [grpc-default-executor-0] INFO  impl.RaftServerProxy (RaftServerProxy.java:remove(95)) - c5a5e6b7-bb1e-4cfc-8262-1ca252faf540: remove group-1347CC5D7860:null
2019-09-16 16:55:49,096 [RatisPipelineUtilsThread] WARN  pipeline.RatisPipelineUtils (RatisPipelineUtils.java:destroyPipeline(66)) - Pipeline destroy failed for pipeline=PipelineID=00ea61f9-8c6e-42a1-b808-1347cc5d7860 dn=c5a5e6b7-bb1e-4cfc-8262-1ca252faf540{ip: 192.168.5.184, host: pr-hdds-2022-qxstf-1422721469, networkLocation: /default-rack, certSerialId: null}
2019-09-16 16:55:49,097 [RatisPipelineUtilsThread] ERROR pipeline.SCMPipelineManager (Scheduler.java:lambda$schedule$1(70)) - Destroy pipeline failed for pipeline:Pipeline[ Id: 00ea61f9-8c6e-42a1-b808-1347cc5d7860, Nodes: 55776132-47ae-4aef-91b7-92633cf48f43{ip: 192.168.5.184, host: pr-hdds-2022-qxstf-1422721469, networkLocation: /default-rack, certSerialId: null}b176f217-5116-4f29-ae6c-8c5fe7374010{ip: 192.168.5.184, host: pr-hdds-2022-qxstf-1422721469, networkLocation: /default-rack, certSerialId: null}c5a5e6b7-bb1e-4cfc-8262-1ca252faf540{ip: 192.168.5.184, host: pr-hdds-2022-qxstf-1422721469, networkLocation: /default-rack, certSerialId: null}, Type:RATIS, Factor:THREE, State:CLOSED]
org.apache.hadoop.hdds.scm.pipeline.PipelineNotFoundException: PipelineID=00ea61f9-8c6e-42a1-b808-1347cc5d7860 not found
	at org.apache.hadoop.hdds.scm.pipeline.PipelineStateMap.getPipeline(PipelineStateMap.java:132)
	at org.apache.hadoop.hdds.scm.pipeline.PipelineStateMap.removePipeline(PipelineStateMap.java:322)
	at org.apache.hadoop.hdds.scm.pipeline.PipelineStateManager.removePipeline(PipelineStateManager.java:107)
	at org.apache.hadoop.hdds.scm.pipeline.SCMPipelineManager.removePipeline(SCMPipelineManager.java:423)
	at org.apache.hadoop.hdds.scm.pipeline.SCMPipelineManager.destroyPipeline(SCMPipelineManager.java:409)
	at org.apache.hadoop.hdds.scm.pipeline.SCMPipelineManager.lambda$finalizeAndDestroyPipeline$0(SCMPipelineManager.java:318)
	at org.apache.hadoop.utils.Scheduler.lambda$schedule$1(Scheduler.java:68)
	at java.util.concurrent.Executors$RunnableAdapter.call(Executors.java:511)
	at java.util.concurrent.FutureTask.run(FutureTask.java:266)
	at java.util.concurrent.ScheduledThreadPoolExecutor$ScheduledFutureTask.access$201(ScheduledThreadPoolExecutor.java:180)
	at java.util.concurrent.ScheduledThreadPoolExecutor$ScheduledFutureTask.run(ScheduledThreadPoolExecutor.java:293)
	at java.util.concurrent.ThreadPoolExecutor.runWorker(ThreadPoolExecutor.java:1149)
	at java.util.concurrent.ThreadPoolExecutor$Worker.run(ThreadPoolExecutor.java:624)
	at java.lang.Thread.run(Thread.java:748)
2019-09-16 16:55:49,448 [java.util.concurrent.ThreadPoolExecutor$Worker@58806139[State = -1, empty queue]] WARN  server.GrpcLogAppender (GrpcLogAppender.java:timeoutAppendRequest(200)) - b38fff04-681d-43a3-90d0-26fe2e9a9866@group-8BC1D30073B0->e9d750f6-56b2-4d42-a810-39328f6044b5-GrpcLogAppender: appendEntries Timeout, request=b38fff04-681d-43a3-90d0-26fe2e9a9866->e9d750f6-56b2-4d42-a810-39328f6044b5#100-t2, previous=(t:2, i:18), leaderCommit=12, initializing? false, entries: <empty>
2019-09-16 16:55:49,448 [java.util.concurrent.ThreadPoolExecutor$Worker@57a96755[State = -1, empty queue]] WARN  server.GrpcLogAppender (GrpcLogAppender.java:timeoutAppendRequest(200)) - b38fff04-681d-43a3-90d0-26fe2e9a9866@group-8BC1D30073B0->445370a6-3850-4457-9c2c-f37f35928d12-GrpcLogAppender: appendEntries Timeout, request=b38fff04-681d-43a3-90d0-26fe2e9a9866->445370a6-3850-4457-9c2c-f37f35928d12#100-t2, previous=(t:2, i:18), leaderCommit=12, initializing? false, entries: <empty>
2019-09-16 16:55:51,071 [grpc-default-executor-0] INFO  impl.RaftServerProxy (RaftServerProxy.java:remove(95)) - 55776132-47ae-4aef-91b7-92633cf48f43: remove group-1347CC5D7860:null
2019-09-16 16:55:51,081 [RatisPipelineUtilsThread] WARN  pipeline.RatisPipelineUtils (RatisPipelineUtils.java:destroyPipeline(66)) - Pipeline destroy failed for pipeline=PipelineID=00ea61f9-8c6e-42a1-b808-1347cc5d7860 dn=55776132-47ae-4aef-91b7-92633cf48f43{ip: 192.168.5.184, host: pr-hdds-2022-qxstf-1422721469, networkLocation: /default-rack, certSerialId: null}
2019-09-16 16:55:51,085 [grpc-default-executor-0] INFO  impl.RaftServerProxy (RaftServerProxy.java:remove(95)) - b176f217-5116-4f29-ae6c-8c5fe7374010: remove group-1347CC5D7860:null
2019-09-16 16:55:51,091 [RatisPipelineUtilsThread] WARN  pipeline.RatisPipelineUtils (RatisPipelineUtils.java:destroyPipeline(66)) - Pipeline destroy failed for pipeline=PipelineID=00ea61f9-8c6e-42a1-b808-1347cc5d7860 dn=b176f217-5116-4f29-ae6c-8c5fe7374010{ip: 192.168.5.184, host: pr-hdds-2022-qxstf-1422721469, networkLocation: /default-rack, certSerialId: null}
2019-09-16 16:55:51,094 [grpc-default-executor-0] INFO  impl.RaftServerProxy (RaftServerProxy.java:remove(95)) - c5a5e6b7-bb1e-4cfc-8262-1ca252faf540: remove group-1347CC5D7860:null
2019-09-16 16:55:51,101 [RatisPipelineUtilsThread] WARN  pipeline.RatisPipelineUtils (RatisPipelineUtils.java:destroyPipeline(66)) - Pipeline destroy failed for pipeline=PipelineID=00ea61f9-8c6e-42a1-b808-1347cc5d7860 dn=c5a5e6b7-bb1e-4cfc-8262-1ca252faf540{ip: 192.168.5.184, host: pr-hdds-2022-qxstf-1422721469, networkLocation: /default-rack, certSerialId: null}
2019-09-16 16:55:51,101 [RatisPipelineUtilsThread] ERROR pipeline.SCMPipelineManager (Scheduler.java:lambda$schedule$1(70)) - Destroy pipeline failed for pipeline:Pipeline[ Id: 00ea61f9-8c6e-42a1-b808-1347cc5d7860, Nodes: 55776132-47ae-4aef-91b7-92633cf48f43{ip: 192.168.5.184, host: pr-hdds-2022-qxstf-1422721469, networkLocation: /default-rack, certSerialId: null}b176f217-5116-4f29-ae6c-8c5fe7374010{ip: 192.168.5.184, host: pr-hdds-2022-qxstf-1422721469, networkLocation: /default-rack, certSerialId: null}c5a5e6b7-bb1e-4cfc-8262-1ca252faf540{ip: 192.168.5.184, host: pr-hdds-2022-qxstf-1422721469, networkLocation: /default-rack, certSerialId: null}, Type:RATIS, Factor:THREE, State:CLOSED]
org.apache.hadoop.hdds.scm.pipeline.PipelineNotFoundException: PipelineID=00ea61f9-8c6e-42a1-b808-1347cc5d7860 not found
	at org.apache.hadoop.hdds.scm.pipeline.PipelineStateMap.getPipeline(PipelineStateMap.java:132)
	at org.apache.hadoop.hdds.scm.pipeline.PipelineStateMap.removePipeline(PipelineStateMap.java:322)
	at org.apache.hadoop.hdds.scm.pipeline.PipelineStateManager.removePipeline(PipelineStateManager.java:107)
	at org.apache.hadoop.hdds.scm.pipeline.SCMPipelineManager.removePipeline(SCMPipelineManager.java:423)
	at org.apache.hadoop.hdds.scm.pipeline.SCMPipelineManager.destroyPipeline(SCMPipelineManager.java:409)
	at org.apache.hadoop.hdds.scm.pipeline.SCMPipelineManager.lambda$finalizeAndDestroyPipeline$0(SCMPipelineManager.java:318)
	at org.apache.hadoop.utils.Scheduler.lambda$schedule$1(Scheduler.java:68)
	at java.util.concurrent.Executors$RunnableAdapter.call(Executors.java:511)
	at java.util.concurrent.FutureTask.run(FutureTask.java:266)
	at java.util.concurrent.ScheduledThreadPoolExecutor$ScheduledFutureTask.access$201(ScheduledThreadPoolExecutor.java:180)
	at java.util.concurrent.ScheduledThreadPoolExecutor$ScheduledFutureTask.run(ScheduledThreadPoolExecutor.java:293)
	at java.util.concurrent.ThreadPoolExecutor.runWorker(ThreadPoolExecutor.java:1149)
	at java.util.concurrent.ThreadPoolExecutor$Worker.run(ThreadPoolExecutor.java:624)
	at java.lang.Thread.run(Thread.java:748)
2019-09-16 16:55:51,439 [b38fff04-681d-43a3-90d0-26fe2e9a9866@group-8BC1D30073B0-SegmentedRaftLogWorker] WARN  segmented.SegmentedRaftLogWorker (SegmentedRaftLogWorker.java:getFromFuture(90)) - Timeout 1/~
org.apache.ratis.protocol.TimeoutIOException: Timeout 10s: WriteLog:13: (t:2, i:13), STATEMACHINELOGENTRY, client-E281DC600642, cid=29-writeStateMachineData
	at org.apache.ratis.util.IOUtils.getFromFuture(IOUtils.java:87)
	at org.apache.ratis.server.raftlog.segmented.SegmentedRaftLogWorker$StateMachineDataPolicy.getFromFuture(SegmentedRaftLogWorker.java:87)
	at org.apache.ratis.server.raftlog.segmented.SegmentedRaftLogWorker$WriteLog.execute(SegmentedRaftLogWorker.java:477)
	at org.apache.ratis.server.raftlog.segmented.SegmentedRaftLogWorker.run(SegmentedRaftLogWorker.java:289)
	at java.lang.Thread.run(Thread.java:748)
Caused by: java.util.concurrent.TimeoutException
	at java.util.concurrent.CompletableFuture.timedGet(CompletableFuture.java:1771)
	at java.util.concurrent.CompletableFuture.get(CompletableFuture.java:1915)
	at org.apache.ratis.util.IOUtils.getFromFuture(IOUtils.java:79)
	... 4 more
2019-09-16 16:55:51,441 [e9d750f6-56b2-4d42-a810-39328f6044b5@group-8BC1D30073B0-SegmentedRaftLogWorker] WARN  segmented.SegmentedRaftLogWorker (SegmentedRaftLogWorker.java:getFromFuture(90)) - Timeout 1/~
org.apache.ratis.protocol.TimeoutIOException: Timeout 10s: WriteLog:13: (t:2, i:13), STATEMACHINELOGENTRY, client-E281DC600642, cid=29-writeStateMachineData
	at org.apache.ratis.util.IOUtils.getFromFuture(IOUtils.java:87)
	at org.apache.ratis.server.raftlog.segmented.SegmentedRaftLogWorker$StateMachineDataPolicy.getFromFuture(SegmentedRaftLogWorker.java:87)
	at org.apache.ratis.server.raftlog.segmented.SegmentedRaftLogWorker$WriteLog.execute(SegmentedRaftLogWorker.java:477)
	at org.apache.ratis.server.raftlog.segmented.SegmentedRaftLogWorker.run(SegmentedRaftLogWorker.java:289)
	at java.lang.Thread.run(Thread.java:748)
Caused by: java.util.concurrent.TimeoutException
	at java.util.concurrent.CompletableFuture.timedGet(CompletableFuture.java:1771)
	at java.util.concurrent.CompletableFuture.get(CompletableFuture.java:1915)
	at org.apache.ratis.util.IOUtils.getFromFuture(IOUtils.java:79)
	... 4 more
2019-09-16 16:55:51,602 [grpc-default-executor-4] INFO  client.GrpcClientProtocolClient (GrpcClientProtocolClient.java:onNext(264)) - client-E281DC600642->e9d750f6-56b2-4d42-a810-39328f6044b5: receive RaftClientReply:client-E281DC600642->e9d750f6-56b2-4d42-a810-39328f6044b5@group-8BC1D30073B0, cid=29, FAILED org.apache.ratis.protocol.NotLeaderException: Server e9d750f6-56b2-4d42-a810-39328f6044b5@group-8BC1D30073B0 is not the leader b38fff04-681d-43a3-90d0-26fe2e9a9866:192.168.5.184:37740, logIndex=0, commits[e9d750f6-56b2-4d42-a810-39328f6044b5:c12, 445370a6-3850-4457-9c2c-f37f35928d12:c10, b38fff04-681d-43a3-90d0-26fe2e9a9866:c12]
2019-09-16 16:55:51,649 [445370a6-3850-4457-9c2c-f37f35928d12@group-8BC1D30073B0-SegmentedRaftLogWorker] WARN  segmented.SegmentedRaftLogWorker (SegmentedRaftLogWorker.java:getFromFuture(90)) - Timeout 1/~
org.apache.ratis.protocol.TimeoutIOException: Timeout 10s: WriteLog:14: (t:2, i:14), STATEMACHINELOGENTRY, client-E281DC600642, cid=30-writeStateMachineData
	at org.apache.ratis.util.IOUtils.getFromFuture(IOUtils.java:87)
	at org.apache.ratis.server.raftlog.segmented.SegmentedRaftLogWorker$StateMachineDataPolicy.getFromFuture(SegmentedRaftLogWorker.java:87)
	at org.apache.ratis.server.raftlog.segmented.SegmentedRaftLogWorker$WriteLog.execute(SegmentedRaftLogWorker.java:477)
	at org.apache.ratis.server.raftlog.segmented.SegmentedRaftLogWorker.run(SegmentedRaftLogWorker.java:289)
	at java.lang.Thread.run(Thread.java:748)
Caused by: java.util.concurrent.TimeoutException
	at java.util.concurrent.CompletableFuture.timedGet(CompletableFuture.java:1771)
	at java.util.concurrent.CompletableFuture.get(CompletableFuture.java:1915)
	at org.apache.ratis.util.IOUtils.getFromFuture(IOUtils.java:79)
	... 4 more
2019-09-16 16:55:51,950 [java.util.concurrent.ThreadPoolExecutor$Worker@57a96755[State = -1, empty queue]] WARN  server.GrpcLogAppender (GrpcLogAppender.java:timeoutAppendRequest(200)) - b38fff04-681d-43a3-90d0-26fe2e9a9866@group-8BC1D30073B0->445370a6-3850-4457-9c2c-f37f35928d12-GrpcLogAppender: appendEntries Timeout, request=b38fff04-681d-43a3-90d0-26fe2e9a9866->445370a6-3850-4457-9c2c-f37f35928d12#101-t2, previous=(t:2, i:18), leaderCommit=12, initializing? false, entries: <empty>
2019-09-16 16:55:51,950 [java.util.concurrent.ThreadPoolExecutor$Worker@58806139[State = -1, empty queue]] WARN  server.GrpcLogAppender (GrpcLogAppender.java:timeoutAppendRequest(200)) - b38fff04-681d-43a3-90d0-26fe2e9a9866@group-8BC1D30073B0->e9d750f6-56b2-4d42-a810-39328f6044b5-GrpcLogAppender: appendEntries Timeout, request=b38fff04-681d-43a3-90d0-26fe2e9a9866->e9d750f6-56b2-4d42-a810-39328f6044b5#101-t2, previous=(t:2, i:18), leaderCommit=12, initializing? false, entries: <empty>
2019-09-16 16:55:54,069 [grpc-default-executor-0] INFO  impl.RaftServerProxy (RaftServerProxy.java:remove(95)) - 55776132-47ae-4aef-91b7-92633cf48f43: remove group-1347CC5D7860:null
2019-09-16 16:55:54,077 [RatisPipelineUtilsThread] WARN  pipeline.RatisPipelineUtils (RatisPipelineUtils.java:destroyPipeline(66)) - Pipeline destroy failed for pipeline=PipelineID=00ea61f9-8c6e-42a1-b808-1347cc5d7860 dn=55776132-47ae-4aef-91b7-92633cf48f43{ip: 192.168.5.184, host: pr-hdds-2022-qxstf-1422721469, networkLocation: /default-rack, certSerialId: null}
2019-09-16 16:55:54,081 [grpc-default-executor-0] INFO  impl.RaftServerProxy (RaftServerProxy.java:remove(95)) - b176f217-5116-4f29-ae6c-8c5fe7374010: remove group-1347CC5D7860:null
2019-09-16 16:55:54,086 [RatisPipelineUtilsThread] WARN  pipeline.RatisPipelineUtils (RatisPipelineUtils.java:destroyPipeline(66)) - Pipeline destroy failed for pipeline=PipelineID=00ea61f9-8c6e-42a1-b808-1347cc5d7860 dn=b176f217-5116-4f29-ae6c-8c5fe7374010{ip: 192.168.5.184, host: pr-hdds-2022-qxstf-1422721469, networkLocation: /default-rack, certSerialId: null}
2019-09-16 16:55:54,089 [grpc-default-executor-0] INFO  impl.RaftServerProxy (RaftServerProxy.java:remove(95)) - c5a5e6b7-bb1e-4cfc-8262-1ca252faf540: remove group-1347CC5D7860:null
2019-09-16 16:55:54,094 [RatisPipelineUtilsThread] WARN  pipeline.RatisPipelineUtils (RatisPipelineUtils.java:destroyPipeline(66)) - Pipeline destroy failed for pipeline=PipelineID=00ea61f9-8c6e-42a1-b808-1347cc5d7860 dn=c5a5e6b7-bb1e-4cfc-8262-1ca252faf540{ip: 192.168.5.184, host: pr-hdds-2022-qxstf-1422721469, networkLocation: /default-rack, certSerialId: null}
2019-09-16 16:55:54,095 [RatisPipelineUtilsThread] ERROR pipeline.SCMPipelineManager (Scheduler.java:lambda$schedule$1(70)) - Destroy pipeline failed for pipeline:Pipeline[ Id: 00ea61f9-8c6e-42a1-b808-1347cc5d7860, Nodes: 55776132-47ae-4aef-91b7-92633cf48f43{ip: 192.168.5.184, host: pr-hdds-2022-qxstf-1422721469, networkLocation: /default-rack, certSerialId: null}b176f217-5116-4f29-ae6c-8c5fe7374010{ip: 192.168.5.184, host: pr-hdds-2022-qxstf-1422721469, networkLocation: /default-rack, certSerialId: null}c5a5e6b7-bb1e-4cfc-8262-1ca252faf540{ip: 192.168.5.184, host: pr-hdds-2022-qxstf-1422721469, networkLocation: /default-rack, certSerialId: null}, Type:RATIS, Factor:THREE, State:CLOSED]
org.apache.hadoop.hdds.scm.pipeline.PipelineNotFoundException: PipelineID=00ea61f9-8c6e-42a1-b808-1347cc5d7860 not found
	at org.apache.hadoop.hdds.scm.pipeline.PipelineStateMap.getPipeline(PipelineStateMap.java:132)
	at org.apache.hadoop.hdds.scm.pipeline.PipelineStateMap.removePipeline(PipelineStateMap.java:322)
	at org.apache.hadoop.hdds.scm.pipeline.PipelineStateManager.removePipeline(PipelineStateManager.java:107)
	at org.apache.hadoop.hdds.scm.pipeline.SCMPipelineManager.removePipeline(SCMPipelineManager.java:423)
	at org.apache.hadoop.hdds.scm.pipeline.SCMPipelineManager.destroyPipeline(SCMPipelineManager.java:409)
	at org.apache.hadoop.hdds.scm.pipeline.SCMPipelineManager.lambda$finalizeAndDestroyPipeline$0(SCMPipelineManager.java:318)
	at org.apache.hadoop.utils.Scheduler.lambda$schedule$1(Scheduler.java:68)
	at java.util.concurrent.Executors$RunnableAdapter.call(Executors.java:511)
	at java.util.concurrent.FutureTask.run(FutureTask.java:266)
	at java.util.concurrent.ScheduledThreadPoolExecutor$ScheduledFutureTask.access$201(ScheduledThreadPoolExecutor.java:180)
	at java.util.concurrent.ScheduledThreadPoolExecutor$ScheduledFutureTask.run(ScheduledThreadPoolExecutor.java:293)
	at java.util.concurrent.ThreadPoolExecutor.runWorker(ThreadPoolExecutor.java:1149)
	at java.util.concurrent.ThreadPoolExecutor$Worker.run(ThreadPoolExecutor.java:624)
	at java.lang.Thread.run(Thread.java:748)
2019-09-16 16:55:54,450 [java.util.concurrent.ThreadPoolExecutor$Worker@58806139[State = -1, empty queue]] WARN  server.GrpcLogAppender (GrpcLogAppender.java:timeoutAppendRequest(200)) - b38fff04-681d-43a3-90d0-26fe2e9a9866@group-8BC1D30073B0->e9d750f6-56b2-4d42-a810-39328f6044b5-GrpcLogAppender: appendEntries Timeout, request=b38fff04-681d-43a3-90d0-26fe2e9a9866->e9d750f6-56b2-4d42-a810-39328f6044b5#102-t2, previous=(t:2, i:18), leaderCommit=12, initializing? false, entries: <empty>
2019-09-16 16:55:54,450 [java.util.concurrent.ThreadPoolExecutor$Worker@57a96755[State = -1, empty queue]] WARN  server.GrpcLogAppender (GrpcLogAppender.java:timeoutAppendRequest(200)) - b38fff04-681d-43a3-90d0-26fe2e9a9866@group-8BC1D30073B0->445370a6-3850-4457-9c2c-f37f35928d12-GrpcLogAppender: appendEntries Timeout, request=b38fff04-681d-43a3-90d0-26fe2e9a9866->445370a6-3850-4457-9c2c-f37f35928d12#102-t2, previous=(t:2, i:18), leaderCommit=12, initializing? false, entries: <empty>
2019-09-16 16:55:56,066 [grpc-default-executor-4] INFO  impl.RaftServerProxy (RaftServerProxy.java:remove(95)) - 55776132-47ae-4aef-91b7-92633cf48f43: remove group-1347CC5D7860:null
2019-09-16 16:55:56,074 [RatisPipelineUtilsThread] WARN  pipeline.RatisPipelineUtils (RatisPipelineUtils.java:destroyPipeline(66)) - Pipeline destroy failed for pipeline=PipelineID=00ea61f9-8c6e-42a1-b808-1347cc5d7860 dn=55776132-47ae-4aef-91b7-92633cf48f43{ip: 192.168.5.184, host: pr-hdds-2022-qxstf-1422721469, networkLocation: /default-rack, certSerialId: null}
2019-09-16 16:55:56,077 [grpc-default-executor-4] INFO  impl.RaftServerProxy (RaftServerProxy.java:remove(95)) - b176f217-5116-4f29-ae6c-8c5fe7374010: remove group-1347CC5D7860:null
2019-09-16 16:55:56,082 [RatisPipelineUtilsThread] WARN  pipeline.RatisPipelineUtils (RatisPipelineUtils.java:destroyPipeline(66)) - Pipeline destroy failed for pipeline=PipelineID=00ea61f9-8c6e-42a1-b808-1347cc5d7860 dn=b176f217-5116-4f29-ae6c-8c5fe7374010{ip: 192.168.5.184, host: pr-hdds-2022-qxstf-1422721469, networkLocation: /default-rack, certSerialId: null}
2019-09-16 16:55:56,085 [grpc-default-executor-4] INFO  impl.RaftServerProxy (RaftServerProxy.java:remove(95)) - c5a5e6b7-bb1e-4cfc-8262-1ca252faf540: remove group-1347CC5D7860:null
2019-09-16 16:55:56,089 [RatisPipelineUtilsThread] WARN  pipeline.RatisPipelineUtils (RatisPipelineUtils.java:destroyPipeline(66)) - Pipeline destroy failed for pipeline=PipelineID=00ea61f9-8c6e-42a1-b808-1347cc5d7860 dn=c5a5e6b7-bb1e-4cfc-8262-1ca252faf540{ip: 192.168.5.184, host: pr-hdds-2022-qxstf-1422721469, networkLocation: /default-rack, certSerialId: null}
2019-09-16 16:55:56,090 [RatisPipelineUtilsThread] ERROR pipeline.SCMPipelineManager (Scheduler.java:lambda$schedule$1(70)) - Destroy pipeline failed for pipeline:Pipeline[ Id: 00ea61f9-8c6e-42a1-b808-1347cc5d7860, Nodes: 55776132-47ae-4aef-91b7-92633cf48f43{ip: 192.168.5.184, host: pr-hdds-2022-qxstf-1422721469, networkLocation: /default-rack, certSerialId: null}b176f217-5116-4f29-ae6c-8c5fe7374010{ip: 192.168.5.184, host: pr-hdds-2022-qxstf-1422721469, networkLocation: /default-rack, certSerialId: null}c5a5e6b7-bb1e-4cfc-8262-1ca252faf540{ip: 192.168.5.184, host: pr-hdds-2022-qxstf-1422721469, networkLocation: /default-rack, certSerialId: null}, Type:RATIS, Factor:THREE, State:CLOSED]
org.apache.hadoop.hdds.scm.pipeline.PipelineNotFoundException: PipelineID=00ea61f9-8c6e-42a1-b808-1347cc5d7860 not found
	at org.apache.hadoop.hdds.scm.pipeline.PipelineStateMap.getPipeline(PipelineStateMap.java:132)
	at org.apache.hadoop.hdds.scm.pipeline.PipelineStateMap.removePipeline(PipelineStateMap.java:322)
	at org.apache.hadoop.hdds.scm.pipeline.PipelineStateManager.removePipeline(PipelineStateManager.java:107)
	at org.apache.hadoop.hdds.scm.pipeline.SCMPipelineManager.removePipeline(SCMPipelineManager.java:423)
	at org.apache.hadoop.hdds.scm.pipeline.SCMPipelineManager.destroyPipeline(SCMPipelineManager.java:409)
	at org.apache.hadoop.hdds.scm.pipeline.SCMPipelineManager.lambda$finalizeAndDestroyPipeline$0(SCMPipelineManager.java:318)
	at org.apache.hadoop.utils.Scheduler.lambda$schedule$1(Scheduler.java:68)
	at java.util.concurrent.Executors$RunnableAdapter.call(Executors.java:511)
	at java.util.concurrent.FutureTask.run(FutureTask.java:266)
	at java.util.concurrent.ScheduledThreadPoolExecutor$ScheduledFutureTask.access$201(ScheduledThreadPoolExecutor.java:180)
	at java.util.concurrent.ScheduledThreadPoolExecutor$ScheduledFutureTask.run(ScheduledThreadPoolExecutor.java:293)
	at java.util.concurrent.ThreadPoolExecutor.runWorker(ThreadPoolExecutor.java:1149)
	at java.util.concurrent.ThreadPoolExecutor$Worker.run(ThreadPoolExecutor.java:624)
	at java.lang.Thread.run(Thread.java:748)
2019-09-16 16:55:56,655 [grpc-default-executor-0] INFO  client.GrpcClientProtocolClient (GrpcClientProtocolClient.java:onNext(264)) - client-E281DC600642->445370a6-3850-4457-9c2c-f37f35928d12: receive RaftClientReply:client-E281DC600642->445370a6-3850-4457-9c2c-f37f35928d12@group-8BC1D30073B0, cid=29, FAILED org.apache.ratis.protocol.NotLeaderException: Server 445370a6-3850-4457-9c2c-f37f35928d12@group-8BC1D30073B0 is not the leader b38fff04-681d-43a3-90d0-26fe2e9a9866:192.168.5.184:37740, logIndex=0, commits[445370a6-3850-4457-9c2c-f37f35928d12:c12, b38fff04-681d-43a3-90d0-26fe2e9a9866:c12, e9d750f6-56b2-4d42-a810-39328f6044b5:c10]
2019-09-16 16:55:56,951 [java.util.concurrent.ThreadPoolExecutor$Worker@57a96755[State = -1, empty queue]] WARN  server.GrpcLogAppender (GrpcLogAppender.java:timeoutAppendRequest(200)) - b38fff04-681d-43a3-90d0-26fe2e9a9866@group-8BC1D30073B0->445370a6-3850-4457-9c2c-f37f35928d12-GrpcLogAppender: appendEntries Timeout, request=b38fff04-681d-43a3-90d0-26fe2e9a9866->445370a6-3850-4457-9c2c-f37f35928d12#103-t2, previous=(t:2, i:18), leaderCommit=12, initializing? false, entries: <empty>
2019-09-16 16:55:56,951 [java.util.concurrent.ThreadPoolExecutor$Worker@58806139[State = -1, empty queue]] WARN  server.GrpcLogAppender (GrpcLogAppender.java:timeoutAppendRequest(200)) - b38fff04-681d-43a3-90d0-26fe2e9a9866@group-8BC1D30073B0->e9d750f6-56b2-4d42-a810-39328f6044b5-GrpcLogAppender: appendEntries Timeout, request=b38fff04-681d-43a3-90d0-26fe2e9a9866->e9d750f6-56b2-4d42-a810-39328f6044b5#103-t2, previous=(t:2, i:18), leaderCommit=12, initializing? false, entries: <empty>
2019-09-16 16:55:59,071 [grpc-default-executor-0] INFO  impl.RaftServerProxy (RaftServerProxy.java:remove(95)) - 55776132-47ae-4aef-91b7-92633cf48f43: remove group-1347CC5D7860:null
2019-09-16 16:55:59,088 [RatisPipelineUtilsThread] WARN  pipeline.RatisPipelineUtils (RatisPipelineUtils.java:destroyPipeline(66)) - Pipeline destroy failed for pipeline=PipelineID=00ea61f9-8c6e-42a1-b808-1347cc5d7860 dn=55776132-47ae-4aef-91b7-92633cf48f43{ip: 192.168.5.184, host: pr-hdds-2022-qxstf-1422721469, networkLocation: /default-rack, certSerialId: null}
2019-09-16 16:55:59,092 [grpc-default-executor-0] INFO  impl.RaftServerProxy (RaftServerProxy.java:remove(95)) - b176f217-5116-4f29-ae6c-8c5fe7374010: remove group-1347CC5D7860:null
2019-09-16 16:55:59,098 [RatisPipelineUtilsThread] WARN  pipeline.RatisPipelineUtils (RatisPipelineUtils.java:destroyPipeline(66)) - Pipeline destroy failed for pipeline=PipelineID=00ea61f9-8c6e-42a1-b808-1347cc5d7860 dn=b176f217-5116-4f29-ae6c-8c5fe7374010{ip: 192.168.5.184, host: pr-hdds-2022-qxstf-1422721469, networkLocation: /default-rack, certSerialId: null}
2019-09-16 16:55:59,101 [grpc-default-executor-0] INFO  impl.RaftServerProxy (RaftServerProxy.java:remove(95)) - c5a5e6b7-bb1e-4cfc-8262-1ca252faf540: remove group-1347CC5D7860:null
2019-09-16 16:55:59,106 [RatisPipelineUtilsThread] WARN  pipeline.RatisPipelineUtils (RatisPipelineUtils.java:destroyPipeline(66)) - Pipeline destroy failed for pipeline=PipelineID=00ea61f9-8c6e-42a1-b808-1347cc5d7860 dn=c5a5e6b7-bb1e-4cfc-8262-1ca252faf540{ip: 192.168.5.184, host: pr-hdds-2022-qxstf-1422721469, networkLocation: /default-rack, certSerialId: null}
2019-09-16 16:55:59,107 [RatisPipelineUtilsThread] ERROR pipeline.SCMPipelineManager (Scheduler.java:lambda$schedule$1(70)) - Destroy pipeline failed for pipeline:Pipeline[ Id: 00ea61f9-8c6e-42a1-b808-1347cc5d7860, Nodes: 55776132-47ae-4aef-91b7-92633cf48f43{ip: 192.168.5.184, host: pr-hdds-2022-qxstf-1422721469, networkLocation: /default-rack, certSerialId: null}b176f217-5116-4f29-ae6c-8c5fe7374010{ip: 192.168.5.184, host: pr-hdds-2022-qxstf-1422721469, networkLocation: /default-rack, certSerialId: null}c5a5e6b7-bb1e-4cfc-8262-1ca252faf540{ip: 192.168.5.184, host: pr-hdds-2022-qxstf-1422721469, networkLocation: /default-rack, certSerialId: null}, Type:RATIS, Factor:THREE, State:CLOSED]
org.apache.hadoop.hdds.scm.pipeline.PipelineNotFoundException: PipelineID=00ea61f9-8c6e-42a1-b808-1347cc5d7860 not found
	at org.apache.hadoop.hdds.scm.pipeline.PipelineStateMap.getPipeline(PipelineStateMap.java:132)
	at org.apache.hadoop.hdds.scm.pipeline.PipelineStateMap.removePipeline(PipelineStateMap.java:322)
	at org.apache.hadoop.hdds.scm.pipeline.PipelineStateManager.removePipeline(PipelineStateManager.java:107)
	at org.apache.hadoop.hdds.scm.pipeline.SCMPipelineManager.removePipeline(SCMPipelineManager.java:423)
	at org.apache.hadoop.hdds.scm.pipeline.SCMPipelineManager.destroyPipeline(SCMPipelineManager.java:409)
	at org.apache.hadoop.hdds.scm.pipeline.SCMPipelineManager.lambda$finalizeAndDestroyPipeline$0(SCMPipelineManager.java:318)
	at org.apache.hadoop.utils.Scheduler.lambda$schedule$1(Scheduler.java:68)
	at java.util.concurrent.Executors$RunnableAdapter.call(Executors.java:511)
	at java.util.concurrent.FutureTask.run(FutureTask.java:266)
	at java.util.concurrent.ScheduledThreadPoolExecutor$ScheduledFutureTask.access$201(ScheduledThreadPoolExecutor.java:180)
	at java.util.concurrent.ScheduledThreadPoolExecutor$ScheduledFutureTask.run(ScheduledThreadPoolExecutor.java:293)
	at java.util.concurrent.ThreadPoolExecutor.runWorker(ThreadPoolExecutor.java:1149)
	at java.util.concurrent.ThreadPoolExecutor$Worker.run(ThreadPoolExecutor.java:624)
	at java.lang.Thread.run(Thread.java:748)
2019-09-16 16:55:59,451 [java.util.concurrent.ThreadPoolExecutor$Worker@57a96755[State = -1, empty queue]] WARN  server.GrpcLogAppender (GrpcLogAppender.java:timeoutAppendRequest(200)) - b38fff04-681d-43a3-90d0-26fe2e9a9866@group-8BC1D30073B0->445370a6-3850-4457-9c2c-f37f35928d12-GrpcLogAppender: appendEntries Timeout, request=b38fff04-681d-43a3-90d0-26fe2e9a9866->445370a6-3850-4457-9c2c-f37f35928d12#104-t2, previous=(t:2, i:18), leaderCommit=12, initializing? false, entries: <empty>
2019-09-16 16:55:59,451 [java.util.concurrent.ThreadPoolExecutor$Worker@58806139[State = -1, empty queue]] WARN  server.GrpcLogAppender (GrpcLogAppender.java:timeoutAppendRequest(200)) - b38fff04-681d-43a3-90d0-26fe2e9a9866@group-8BC1D30073B0->e9d750f6-56b2-4d42-a810-39328f6044b5-GrpcLogAppender: appendEntries Timeout, request=b38fff04-681d-43a3-90d0-26fe2e9a9866->e9d750f6-56b2-4d42-a810-39328f6044b5#104-t2, previous=(t:2, i:18), leaderCommit=12, initializing? false, entries: <empty>
2019-09-16 16:56:01,065 [grpc-default-executor-0] INFO  impl.RaftServerProxy (RaftServerProxy.java:remove(95)) - 55776132-47ae-4aef-91b7-92633cf48f43: remove group-1347CC5D7860:null
2019-09-16 16:56:01,074 [RatisPipelineUtilsThread] WARN  pipeline.RatisPipelineUtils (RatisPipelineUtils.java:destroyPipeline(66)) - Pipeline destroy failed for pipeline=PipelineID=00ea61f9-8c6e-42a1-b808-1347cc5d7860 dn=55776132-47ae-4aef-91b7-92633cf48f43{ip: 192.168.5.184, host: pr-hdds-2022-qxstf-1422721469, networkLocation: /default-rack, certSerialId: null}
2019-09-16 16:56:01,078 [grpc-default-executor-0] INFO  impl.RaftServerProxy (RaftServerProxy.java:remove(95)) - b176f217-5116-4f29-ae6c-8c5fe7374010: remove group-1347CC5D7860:null
2019-09-16 16:56:01,097 [RatisPipelineUtilsThread] WARN  pipeline.RatisPipelineUtils (RatisPipelineUtils.java:destroyPipeline(66)) - Pipeline destroy failed for pipeline=PipelineID=00ea61f9-8c6e-42a1-b808-1347cc5d7860 dn=b176f217-5116-4f29-ae6c-8c5fe7374010{ip: 192.168.5.184, host: pr-hdds-2022-qxstf-1422721469, networkLocation: /default-rack, certSerialId: null}
2019-09-16 16:56:01,100 [grpc-default-executor-0] INFO  impl.RaftServerProxy (RaftServerProxy.java:remove(95)) - c5a5e6b7-bb1e-4cfc-8262-1ca252faf540: remove group-1347CC5D7860:null
2019-09-16 16:56:01,104 [RatisPipelineUtilsThread] WARN  pipeline.RatisPipelineUtils (RatisPipelineUtils.java:destroyPipeline(66)) - Pipeline destroy failed for pipeline=PipelineID=00ea61f9-8c6e-42a1-b808-1347cc5d7860 dn=c5a5e6b7-bb1e-4cfc-8262-1ca252faf540{ip: 192.168.5.184, host: pr-hdds-2022-qxstf-1422721469, networkLocation: /default-rack, certSerialId: null}
2019-09-16 16:56:01,104 [RatisPipelineUtilsThread] ERROR pipeline.SCMPipelineManager (Scheduler.java:lambda$schedule$1(70)) - Destroy pipeline failed for pipeline:Pipeline[ Id: 00ea61f9-8c6e-42a1-b808-1347cc5d7860, Nodes: 55776132-47ae-4aef-91b7-92633cf48f43{ip: 192.168.5.184, host: pr-hdds-2022-qxstf-1422721469, networkLocation: /default-rack, certSerialId: null}b176f217-5116-4f29-ae6c-8c5fe7374010{ip: 192.168.5.184, host: pr-hdds-2022-qxstf-1422721469, networkLocation: /default-rack, certSerialId: null}c5a5e6b7-bb1e-4cfc-8262-1ca252faf540{ip: 192.168.5.184, host: pr-hdds-2022-qxstf-1422721469, networkLocation: /default-rack, certSerialId: null}, Type:RATIS, Factor:THREE, State:CLOSED]
org.apache.hadoop.hdds.scm.pipeline.PipelineNotFoundException: PipelineID=00ea61f9-8c6e-42a1-b808-1347cc5d7860 not found
	at org.apache.hadoop.hdds.scm.pipeline.PipelineStateMap.getPipeline(PipelineStateMap.java:132)
	at org.apache.hadoop.hdds.scm.pipeline.PipelineStateMap.removePipeline(PipelineStateMap.java:322)
	at org.apache.hadoop.hdds.scm.pipeline.PipelineStateManager.removePipeline(PipelineStateManager.java:107)
	at org.apache.hadoop.hdds.scm.pipeline.SCMPipelineManager.removePipeline(SCMPipelineManager.java:423)
	at org.apache.hadoop.hdds.scm.pipeline.SCMPipelineManager.destroyPipeline(SCMPipelineManager.java:409)
	at org.apache.hadoop.hdds.scm.pipeline.SCMPipelineManager.lambda$finalizeAndDestroyPipeline$0(SCMPipelineManager.java:318)
	at org.apache.hadoop.utils.Scheduler.lambda$schedule$1(Scheduler.java:68)
	at java.util.concurrent.Executors$RunnableAdapter.call(Executors.java:511)
	at java.util.concurrent.FutureTask.run(FutureTask.java:266)
	at java.util.concurrent.ScheduledThreadPoolExecutor$ScheduledFutureTask.access$201(ScheduledThreadPoolExecutor.java:180)
	at java.util.concurrent.ScheduledThreadPoolExecutor$ScheduledFutureTask.run(ScheduledThreadPoolExecutor.java:293)
	at java.util.concurrent.ThreadPoolExecutor.runWorker(ThreadPoolExecutor.java:1149)
	at java.util.concurrent.ThreadPoolExecutor$Worker.run(ThreadPoolExecutor.java:624)
	at java.lang.Thread.run(Thread.java:748)
2019-09-16 16:56:01,440 [b38fff04-681d-43a3-90d0-26fe2e9a9866@group-8BC1D30073B0-SegmentedRaftLogWorker] WARN  segmented.SegmentedRaftLogWorker (SegmentedRaftLogWorker.java:getFromFuture(90)) - Timeout 2/~
org.apache.ratis.protocol.TimeoutIOException: Timeout 10s: WriteLog:13: (t:2, i:13), STATEMACHINELOGENTRY, client-E281DC600642, cid=29-writeStateMachineData
	at org.apache.ratis.util.IOUtils.getFromFuture(IOUtils.java:87)
	at org.apache.ratis.server.raftlog.segmented.SegmentedRaftLogWorker$StateMachineDataPolicy.getFromFuture(SegmentedRaftLogWorker.java:87)
	at org.apache.ratis.server.raftlog.segmented.SegmentedRaftLogWorker$WriteLog.execute(SegmentedRaftLogWorker.java:477)
	at org.apache.ratis.server.raftlog.segmented.SegmentedRaftLogWorker.run(SegmentedRaftLogWorker.java:289)
	at java.lang.Thread.run(Thread.java:748)
Caused by: java.util.concurrent.TimeoutException
	at java.util.concurrent.CompletableFuture.timedGet(CompletableFuture.java:1771)
	at java.util.concurrent.CompletableFuture.get(CompletableFuture.java:1915)
	at org.apache.ratis.util.IOUtils.getFromFuture(IOUtils.java:79)
	... 4 more
2019-09-16 16:56:01,441 [e9d750f6-56b2-4d42-a810-39328f6044b5@group-8BC1D30073B0-SegmentedRaftLogWorker] WARN  segmented.SegmentedRaftLogWorker (SegmentedRaftLogWorker.java:getFromFuture(90)) - Timeout 2/~
org.apache.ratis.protocol.TimeoutIOException: Timeout 10s: WriteLog:13: (t:2, i:13), STATEMACHINELOGENTRY, client-E281DC600642, cid=29-writeStateMachineData
	at org.apache.ratis.util.IOUtils.getFromFuture(IOUtils.java:87)
	at org.apache.ratis.server.raftlog.segmented.SegmentedRaftLogWorker$StateMachineDataPolicy.getFromFuture(SegmentedRaftLogWorker.java:87)
	at org.apache.ratis.server.raftlog.segmented.SegmentedRaftLogWorker$WriteLog.execute(SegmentedRaftLogWorker.java:477)
	at org.apache.ratis.server.raftlog.segmented.SegmentedRaftLogWorker.run(SegmentedRaftLogWorker.java:289)
	at java.lang.Thread.run(Thread.java:748)
Caused by: java.util.concurrent.TimeoutException
	at java.util.concurrent.CompletableFuture.timedGet(CompletableFuture.java:1771)
	at java.util.concurrent.CompletableFuture.get(CompletableFuture.java:1915)
	at org.apache.ratis.util.IOUtils.getFromFuture(IOUtils.java:79)
	... 4 more
2019-09-16 16:56:01,650 [445370a6-3850-4457-9c2c-f37f35928d12@group-8BC1D30073B0-SegmentedRaftLogWorker] WARN  segmented.SegmentedRaftLogWorker (SegmentedRaftLogWorker.java:getFromFuture(90)) - Timeout 2/~
org.apache.ratis.protocol.TimeoutIOException: Timeout 10s: WriteLog:14: (t:2, i:14), STATEMACHINELOGENTRY, client-E281DC600642, cid=30-writeStateMachineData
	at org.apache.ratis.util.IOUtils.getFromFuture(IOUtils.java:87)
	at org.apache.ratis.server.raftlog.segmented.SegmentedRaftLogWorker$StateMachineDataPolicy.getFromFuture(SegmentedRaftLogWorker.java:87)
	at org.apache.ratis.server.raftlog.segmented.SegmentedRaftLogWorker$WriteLog.execute(SegmentedRaftLogWorker.java:477)
	at org.apache.ratis.server.raftlog.segmented.SegmentedRaftLogWorker.run(SegmentedRaftLogWorker.java:289)
	at java.lang.Thread.run(Thread.java:748)
Caused by: java.util.concurrent.TimeoutException
	at java.util.concurrent.CompletableFuture.timedGet(CompletableFuture.java:1771)
	at java.util.concurrent.CompletableFuture.get(CompletableFuture.java:1915)
	at org.apache.ratis.util.IOUtils.getFromFuture(IOUtils.java:79)
	... 4 more
2019-09-16 16:56:01,698 [grpc-default-executor-0] INFO  client.GrpcClientProtocolClient (GrpcClientProtocolClient.java:onNext(264)) - client-E281DC600642->445370a6-3850-4457-9c2c-f37f35928d12: receive RaftClientReply:client-E281DC600642->445370a6-3850-4457-9c2c-f37f35928d12@group-8BC1D30073B0, cid=29, FAILED org.apache.ratis.protocol.NotLeaderException: Server 445370a6-3850-4457-9c2c-f37f35928d12@group-8BC1D30073B0 is not the leader b38fff04-681d-43a3-90d0-26fe2e9a9866:192.168.5.184:37740, logIndex=0, commits[445370a6-3850-4457-9c2c-f37f35928d12:c12, b38fff04-681d-43a3-90d0-26fe2e9a9866:c12, e9d750f6-56b2-4d42-a810-39328f6044b5:c10]
2019-09-16 16:56:01,953 [java.util.concurrent.ThreadPoolExecutor$Worker@58806139[State = -1, empty queue]] WARN  server.GrpcLogAppender (GrpcLogAppender.java:timeoutAppendRequest(200)) - b38fff04-681d-43a3-90d0-26fe2e9a9866@group-8BC1D30073B0->e9d750f6-56b2-4d42-a810-39328f6044b5-GrpcLogAppender: appendEntries Timeout, request=b38fff04-681d-43a3-90d0-26fe2e9a9866->e9d750f6-56b2-4d42-a810-39328f6044b5#105-t2, previous=(t:2, i:18), leaderCommit=12, initializing? false, entries: <empty>
2019-09-16 16:56:01,953 [java.util.concurrent.ThreadPoolExecutor$Worker@57a96755[State = -1, empty queue]] WARN  server.GrpcLogAppender (GrpcLogAppender.java:timeoutAppendRequest(200)) - b38fff04-681d-43a3-90d0-26fe2e9a9866@group-8BC1D30073B0->445370a6-3850-4457-9c2c-f37f35928d12-GrpcLogAppender: appendEntries Timeout, request=b38fff04-681d-43a3-90d0-26fe2e9a9866->445370a6-3850-4457-9c2c-f37f35928d12#105-t2, previous=(t:2, i:18), leaderCommit=12, initializing? false, entries: <empty>
2019-09-16 16:56:04,068 [grpc-default-executor-0] INFO  impl.RaftServerProxy (RaftServerProxy.java:remove(95)) - 55776132-47ae-4aef-91b7-92633cf48f43: remove group-1347CC5D7860:null
2019-09-16 16:56:04,072 [RatisPipelineUtilsThread] WARN  pipeline.RatisPipelineUtils (RatisPipelineUtils.java:destroyPipeline(66)) - Pipeline destroy failed for pipeline=PipelineID=00ea61f9-8c6e-42a1-b808-1347cc5d7860 dn=55776132-47ae-4aef-91b7-92633cf48f43{ip: 192.168.5.184, host: pr-hdds-2022-qxstf-1422721469, networkLocation: /default-rack, certSerialId: null}
2019-09-16 16:56:04,075 [grpc-default-executor-0] INFO  impl.RaftServerProxy (RaftServerProxy.java:remove(95)) - b176f217-5116-4f29-ae6c-8c5fe7374010: remove group-1347CC5D7860:null
2019-09-16 16:56:04,077 [RatisPipelineUtilsThread] WARN  pipeline.RatisPipelineUtils (RatisPipelineUtils.java:destroyPipeline(66)) - Pipeline destroy failed for pipeline=PipelineID=00ea61f9-8c6e-42a1-b808-1347cc5d7860 dn=b176f217-5116-4f29-ae6c-8c5fe7374010{ip: 192.168.5.184, host: pr-hdds-2022-qxstf-1422721469, networkLocation: /default-rack, certSerialId: null}
2019-09-16 16:56:04,080 [grpc-default-executor-0] INFO  impl.RaftServerProxy (RaftServerProxy.java:remove(95)) - c5a5e6b7-bb1e-4cfc-8262-1ca252faf540: remove group-1347CC5D7860:null
2019-09-16 16:56:04,082 [RatisPipelineUtilsThread] WARN  pipeline.RatisPipelineUtils (RatisPipelineUtils.java:destroyPipeline(66)) - Pipeline destroy failed for pipeline=PipelineID=00ea61f9-8c6e-42a1-b808-1347cc5d7860 dn=c5a5e6b7-bb1e-4cfc-8262-1ca252faf540{ip: 192.168.5.184, host: pr-hdds-2022-qxstf-1422721469, networkLocation: /default-rack, certSerialId: null}
2019-09-16 16:56:04,082 [RatisPipelineUtilsThread] ERROR pipeline.SCMPipelineManager (Scheduler.java:lambda$schedule$1(70)) - Destroy pipeline failed for pipeline:Pipeline[ Id: 00ea61f9-8c6e-42a1-b808-1347cc5d7860, Nodes: 55776132-47ae-4aef-91b7-92633cf48f43{ip: 192.168.5.184, host: pr-hdds-2022-qxstf-1422721469, networkLocation: /default-rack, certSerialId: null}b176f217-5116-4f29-ae6c-8c5fe7374010{ip: 192.168.5.184, host: pr-hdds-2022-qxstf-1422721469, networkLocation: /default-rack, certSerialId: null}c5a5e6b7-bb1e-4cfc-8262-1ca252faf540{ip: 192.168.5.184, host: pr-hdds-2022-qxstf-1422721469, networkLocation: /default-rack, certSerialId: null}, Type:RATIS, Factor:THREE, State:CLOSED]
org.apache.hadoop.hdds.scm.pipeline.PipelineNotFoundException: PipelineID=00ea61f9-8c6e-42a1-b808-1347cc5d7860 not found
	at org.apache.hadoop.hdds.scm.pipeline.PipelineStateMap.getPipeline(PipelineStateMap.java:132)
	at org.apache.hadoop.hdds.scm.pipeline.PipelineStateMap.removePipeline(PipelineStateMap.java:322)
	at org.apache.hadoop.hdds.scm.pipeline.PipelineStateManager.removePipeline(PipelineStateManager.java:107)
	at org.apache.hadoop.hdds.scm.pipeline.SCMPipelineManager.removePipeline(SCMPipelineManager.java:423)
	at org.apache.hadoop.hdds.scm.pipeline.SCMPipelineManager.destroyPipeline(SCMPipelineManager.java:409)
	at org.apache.hadoop.hdds.scm.pipeline.SCMPipelineManager.lambda$finalizeAndDestroyPipeline$0(SCMPipelineManager.java:318)
	at org.apache.hadoop.utils.Scheduler.lambda$schedule$1(Scheduler.java:68)
	at java.util.concurrent.Executors$RunnableAdapter.call(Executors.java:511)
	at java.util.concurrent.FutureTask.run(FutureTask.java:266)
	at java.util.concurrent.ScheduledThreadPoolExecutor$ScheduledFutureTask.access$201(ScheduledThreadPoolExecutor.java:180)
	at java.util.concurrent.ScheduledThreadPoolExecutor$ScheduledFutureTask.run(ScheduledThreadPoolExecutor.java:293)
	at java.util.concurrent.ThreadPoolExecutor.runWorker(ThreadPoolExecutor.java:1149)
	at java.util.concurrent.ThreadPoolExecutor$Worker.run(ThreadPoolExecutor.java:624)
	at java.lang.Thread.run(Thread.java:748)
2019-09-16 16:56:04,453 [java.util.concurrent.ThreadPoolExecutor$Worker@57a96755[State = -1, empty queue]] WARN  server.GrpcLogAppender (GrpcLogAppender.java:timeoutAppendRequest(200)) - b38fff04-681d-43a3-90d0-26fe2e9a9866@group-8BC1D30073B0->445370a6-3850-4457-9c2c-f37f35928d12-GrpcLogAppender: appendEntries Timeout, request=b38fff04-681d-43a3-90d0-26fe2e9a9866->445370a6-3850-4457-9c2c-f37f35928d12#106-t2, previous=(t:2, i:18), leaderCommit=12, initializing? false, entries: <empty>
2019-09-16 16:56:04,453 [java.util.concurrent.ThreadPoolExecutor$Worker@58806139[State = -1, empty queue]] WARN  server.GrpcLogAppender (GrpcLogAppender.java:timeoutAppendRequest(200)) - b38fff04-681d-43a3-90d0-26fe2e9a9866@group-8BC1D30073B0->e9d750f6-56b2-4d42-a810-39328f6044b5-GrpcLogAppender: appendEntries Timeout, request=b38fff04-681d-43a3-90d0-26fe2e9a9866->e9d750f6-56b2-4d42-a810-39328f6044b5#106-t2, previous=(t:2, i:18), leaderCommit=12, initializing? false, entries: <empty>
2019-09-16 16:56:06,066 [grpc-default-executor-0] INFO  impl.RaftServerProxy (RaftServerProxy.java:remove(95)) - 55776132-47ae-4aef-91b7-92633cf48f43: remove group-1347CC5D7860:null
2019-09-16 16:56:06,069 [RatisPipelineUtilsThread] WARN  pipeline.RatisPipelineUtils (RatisPipelineUtils.java:destroyPipeline(66)) - Pipeline destroy failed for pipeline=PipelineID=00ea61f9-8c6e-42a1-b808-1347cc5d7860 dn=55776132-47ae-4aef-91b7-92633cf48f43{ip: 192.168.5.184, host: pr-hdds-2022-qxstf-1422721469, networkLocation: /default-rack, certSerialId: null}
2019-09-16 16:56:06,072 [grpc-default-executor-0] INFO  impl.RaftServerProxy (RaftServerProxy.java:remove(95)) - b176f217-5116-4f29-ae6c-8c5fe7374010: remove group-1347CC5D7860:null
2019-09-16 16:56:06,074 [RatisPipelineUtilsThread] WARN  pipeline.RatisPipelineUtils (RatisPipelineUtils.java:destroyPipeline(66)) - Pipeline destroy failed for pipeline=PipelineID=00ea61f9-8c6e-42a1-b808-1347cc5d7860 dn=b176f217-5116-4f29-ae6c-8c5fe7374010{ip: 192.168.5.184, host: pr-hdds-2022-qxstf-1422721469, networkLocation: /default-rack, certSerialId: null}
2019-09-16 16:56:06,077 [grpc-default-executor-0] INFO  impl.RaftServerProxy (RaftServerProxy.java:remove(95)) - c5a5e6b7-bb1e-4cfc-8262-1ca252faf540: remove group-1347CC5D7860:null
2019-09-16 16:56:06,079 [RatisPipelineUtilsThread] WARN  pipeline.RatisPipelineUtils (RatisPipelineUtils.java:destroyPipeline(66)) - Pipeline destroy failed for pipeline=PipelineID=00ea61f9-8c6e-42a1-b808-1347cc5d7860 dn=c5a5e6b7-bb1e-4cfc-8262-1ca252faf540{ip: 192.168.5.184, host: pr-hdds-2022-qxstf-1422721469, networkLocation: /default-rack, certSerialId: null}
2019-09-16 16:56:06,079 [RatisPipelineUtilsThread] ERROR pipeline.SCMPipelineManager (Scheduler.java:lambda$schedule$1(70)) - Destroy pipeline failed for pipeline:Pipeline[ Id: 00ea61f9-8c6e-42a1-b808-1347cc5d7860, Nodes: 55776132-47ae-4aef-91b7-92633cf48f43{ip: 192.168.5.184, host: pr-hdds-2022-qxstf-1422721469, networkLocation: /default-rack, certSerialId: null}b176f217-5116-4f29-ae6c-8c5fe7374010{ip: 192.168.5.184, host: pr-hdds-2022-qxstf-1422721469, networkLocation: /default-rack, certSerialId: null}c5a5e6b7-bb1e-4cfc-8262-1ca252faf540{ip: 192.168.5.184, host: pr-hdds-2022-qxstf-1422721469, networkLocation: /default-rack, certSerialId: null}, Type:RATIS, Factor:THREE, State:CLOSED]
org.apache.hadoop.hdds.scm.pipeline.PipelineNotFoundException: PipelineID=00ea61f9-8c6e-42a1-b808-1347cc5d7860 not found
	at org.apache.hadoop.hdds.scm.pipeline.PipelineStateMap.getPipeline(PipelineStateMap.java:132)
	at org.apache.hadoop.hdds.scm.pipeline.PipelineStateMap.removePipeline(PipelineStateMap.java:322)
	at org.apache.hadoop.hdds.scm.pipeline.PipelineStateManager.removePipeline(PipelineStateManager.java:107)
	at org.apache.hadoop.hdds.scm.pipeline.SCMPipelineManager.removePipeline(SCMPipelineManager.java:423)
	at org.apache.hadoop.hdds.scm.pipeline.SCMPipelineManager.destroyPipeline(SCMPipelineManager.java:409)
	at org.apache.hadoop.hdds.scm.pipeline.SCMPipelineManager.lambda$finalizeAndDestroyPipeline$0(SCMPipelineManager.java:318)
	at org.apache.hadoop.utils.Scheduler.lambda$schedule$1(Scheduler.java:68)
	at java.util.concurrent.Executors$RunnableAdapter.call(Executors.java:511)
	at java.util.concurrent.FutureTask.run(FutureTask.java:266)
	at java.util.concurrent.ScheduledThreadPoolExecutor$ScheduledFutureTask.access$201(ScheduledThreadPoolExecutor.java:180)
	at java.util.concurrent.ScheduledThreadPoolExecutor$ScheduledFutureTask.run(ScheduledThreadPoolExecutor.java:293)
	at java.util.concurrent.ThreadPoolExecutor.runWorker(ThreadPoolExecutor.java:1149)
	at java.util.concurrent.ThreadPoolExecutor$Worker.run(ThreadPoolExecutor.java:624)
	at java.lang.Thread.run(Thread.java:748)
2019-09-16 16:56:06,754 [grpc-default-executor-0] INFO  client.GrpcClientProtocolClient (GrpcClientProtocolClient.java:onNext(264)) - client-E281DC600642->e9d750f6-56b2-4d42-a810-39328f6044b5: receive RaftClientReply:client-E281DC600642->e9d750f6-56b2-4d42-a810-39328f6044b5@group-8BC1D30073B0, cid=29, FAILED org.apache.ratis.protocol.NotLeaderException: Server e9d750f6-56b2-4d42-a810-39328f6044b5@group-8BC1D30073B0 is not the leader b38fff04-681d-43a3-90d0-26fe2e9a9866:192.168.5.184:37740, logIndex=0, commits[e9d750f6-56b2-4d42-a810-39328f6044b5:c12, 445370a6-3850-4457-9c2c-f37f35928d12:c10, b38fff04-681d-43a3-90d0-26fe2e9a9866:c12]
2019-09-16 16:56:06,954 [java.util.concurrent.ThreadPoolExecutor$Worker@57a96755[State = -1, empty queue]] WARN  server.GrpcLogAppender (GrpcLogAppender.java:timeoutAppendRequest(200)) - b38fff04-681d-43a3-90d0-26fe2e9a9866@group-8BC1D30073B0->445370a6-3850-4457-9c2c-f37f35928d12-GrpcLogAppender: appendEntries Timeout, request=b38fff04-681d-43a3-90d0-26fe2e9a9866->445370a6-3850-4457-9c2c-f37f35928d12#107-t2, previous=(t:2, i:18), leaderCommit=12, initializing? false, entries: <empty>
2019-09-16 16:56:06,954 [java.util.concurrent.ThreadPoolExecutor$Worker@58806139[State = -1, empty queue]] WARN  server.GrpcLogAppender (GrpcLogAppender.java:timeoutAppendRequest(200)) - b38fff04-681d-43a3-90d0-26fe2e9a9866@group-8BC1D30073B0->e9d750f6-56b2-4d42-a810-39328f6044b5-GrpcLogAppender: appendEntries Timeout, request=b38fff04-681d-43a3-90d0-26fe2e9a9866->e9d750f6-56b2-4d42-a810-39328f6044b5#107-t2, previous=(t:2, i:18), leaderCommit=12, initializing? false, entries: <empty>
2019-09-16 16:56:09,068 [grpc-default-executor-4] INFO  impl.RaftServerProxy (RaftServerProxy.java:remove(95)) - 55776132-47ae-4aef-91b7-92633cf48f43: remove group-1347CC5D7860:null
2019-09-16 16:56:09,072 [RatisPipelineUtilsThread] WARN  pipeline.RatisPipelineUtils (RatisPipelineUtils.java:destroyPipeline(66)) - Pipeline destroy failed for pipeline=PipelineID=00ea61f9-8c6e-42a1-b808-1347cc5d7860 dn=55776132-47ae-4aef-91b7-92633cf48f43{ip: 192.168.5.184, host: pr-hdds-2022-qxstf-1422721469, networkLocation: /default-rack, certSerialId: null}
2019-09-16 16:56:09,075 [grpc-default-executor-4] INFO  impl.RaftServerProxy (RaftServerProxy.java:remove(95)) - b176f217-5116-4f29-ae6c-8c5fe7374010: remove group-1347CC5D7860:null
2019-09-16 16:56:09,077 [RatisPipelineUtilsThread] WARN  pipeline.RatisPipelineUtils (RatisPipelineUtils.java:destroyPipeline(66)) - Pipeline destroy failed for pipeline=PipelineID=00ea61f9-8c6e-42a1-b808-1347cc5d7860 dn=b176f217-5116-4f29-ae6c-8c5fe7374010{ip: 192.168.5.184, host: pr-hdds-2022-qxstf-1422721469, networkLocation: /default-rack, certSerialId: null}
2019-09-16 16:56:09,080 [grpc-default-executor-4] INFO  impl.RaftServerProxy (RaftServerProxy.java:remove(95)) - c5a5e6b7-bb1e-4cfc-8262-1ca252faf540: remove group-1347CC5D7860:null
2019-09-16 16:56:09,083 [RatisPipelineUtilsThread] WARN  pipeline.RatisPipelineUtils (RatisPipelineUtils.java:destroyPipeline(66)) - Pipeline destroy failed for pipeline=PipelineID=00ea61f9-8c6e-42a1-b808-1347cc5d7860 dn=c5a5e6b7-bb1e-4cfc-8262-1ca252faf540{ip: 192.168.5.184, host: pr-hdds-2022-qxstf-1422721469, networkLocation: /default-rack, certSerialId: null}
2019-09-16 16:56:09,083 [RatisPipelineUtilsThread] ERROR pipeline.SCMPipelineManager (Scheduler.java:lambda$schedule$1(70)) - Destroy pipeline failed for pipeline:Pipeline[ Id: 00ea61f9-8c6e-42a1-b808-1347cc5d7860, Nodes: 55776132-47ae-4aef-91b7-92633cf48f43{ip: 192.168.5.184, host: pr-hdds-2022-qxstf-1422721469, networkLocation: /default-rack, certSerialId: null}b176f217-5116-4f29-ae6c-8c5fe7374010{ip: 192.168.5.184, host: pr-hdds-2022-qxstf-1422721469, networkLocation: /default-rack, certSerialId: null}c5a5e6b7-bb1e-4cfc-8262-1ca252faf540{ip: 192.168.5.184, host: pr-hdds-2022-qxstf-1422721469, networkLocation: /default-rack, certSerialId: null}, Type:RATIS, Factor:THREE, State:CLOSED]
org.apache.hadoop.hdds.scm.pipeline.PipelineNotFoundException: PipelineID=00ea61f9-8c6e-42a1-b808-1347cc5d7860 not found
	at org.apache.hadoop.hdds.scm.pipeline.PipelineStateMap.getPipeline(PipelineStateMap.java:132)
	at org.apache.hadoop.hdds.scm.pipeline.PipelineStateMap.removePipeline(PipelineStateMap.java:322)
	at org.apache.hadoop.hdds.scm.pipeline.PipelineStateManager.removePipeline(PipelineStateManager.java:107)
	at org.apache.hadoop.hdds.scm.pipeline.SCMPipelineManager.removePipeline(SCMPipelineManager.java:423)
	at org.apache.hadoop.hdds.scm.pipeline.SCMPipelineManager.destroyPipeline(SCMPipelineManager.java:409)
	at org.apache.hadoop.hdds.scm.pipeline.SCMPipelineManager.lambda$finalizeAndDestroyPipeline$0(SCMPipelineManager.java:318)
	at org.apache.hadoop.utils.Scheduler.lambda$schedule$1(Scheduler.java:68)
	at java.util.concurrent.Executors$RunnableAdapter.call(Executors.java:511)
	at java.util.concurrent.FutureTask.run(FutureTask.java:266)
	at java.util.concurrent.ScheduledThreadPoolExecutor$ScheduledFutureTask.access$201(ScheduledThreadPoolExecutor.java:180)
	at java.util.concurrent.ScheduledThreadPoolExecutor$ScheduledFutureTask.run(ScheduledThreadPoolExecutor.java:293)
	at java.util.concurrent.ThreadPoolExecutor.runWorker(ThreadPoolExecutor.java:1149)
	at java.util.concurrent.ThreadPoolExecutor$Worker.run(ThreadPoolExecutor.java:624)
	at java.lang.Thread.run(Thread.java:748)
2019-09-16 16:56:09,454 [java.util.concurrent.ThreadPoolExecutor$Worker@58806139[State = -1, empty queue]] WARN  server.GrpcLogAppender (GrpcLogAppender.java:timeoutAppendRequest(200)) - b38fff04-681d-43a3-90d0-26fe2e9a9866@group-8BC1D30073B0->e9d750f6-56b2-4d42-a810-39328f6044b5-GrpcLogAppender: appendEntries Timeout, request=b38fff04-681d-43a3-90d0-26fe2e9a9866->e9d750f6-56b2-4d42-a810-39328f6044b5#108-t2, previous=(t:2, i:18), leaderCommit=12, initializing? false, entries: <empty>
2019-09-16 16:56:09,454 [java.util.concurrent.ThreadPoolExecutor$Worker@57a96755[State = -1, empty queue]] WARN  server.GrpcLogAppender (GrpcLogAppender.java:timeoutAppendRequest(200)) - b38fff04-681d-43a3-90d0-26fe2e9a9866@group-8BC1D30073B0->445370a6-3850-4457-9c2c-f37f35928d12-GrpcLogAppender: appendEntries Timeout, request=b38fff04-681d-43a3-90d0-26fe2e9a9866->445370a6-3850-4457-9c2c-f37f35928d12#108-t2, previous=(t:2, i:18), leaderCommit=12, initializing? false, entries: <empty>
2019-09-16 16:56:11,071 [grpc-default-executor-0] INFO  impl.RaftServerProxy (RaftServerProxy.java:remove(95)) - 55776132-47ae-4aef-91b7-92633cf48f43: remove group-1347CC5D7860:null
2019-09-16 16:56:11,074 [RatisPipelineUtilsThread] WARN  pipeline.RatisPipelineUtils (RatisPipelineUtils.java:destroyPipeline(66)) - Pipeline destroy failed for pipeline=PipelineID=00ea61f9-8c6e-42a1-b808-1347cc5d7860 dn=55776132-47ae-4aef-91b7-92633cf48f43{ip: 192.168.5.184, host: pr-hdds-2022-qxstf-1422721469, networkLocation: /default-rack, certSerialId: null}
2019-09-16 16:56:11,078 [grpc-default-executor-0] INFO  impl.RaftServerProxy (RaftServerProxy.java:remove(95)) - b176f217-5116-4f29-ae6c-8c5fe7374010: remove group-1347CC5D7860:null
2019-09-16 16:56:11,080 [RatisPipelineUtilsThread] WARN  pipeline.RatisPipelineUtils (RatisPipelineUtils.java:destroyPipeline(66)) - Pipeline destroy failed for pipeline=PipelineID=00ea61f9-8c6e-42a1-b808-1347cc5d7860 dn=b176f217-5116-4f29-ae6c-8c5fe7374010{ip: 192.168.5.184, host: pr-hdds-2022-qxstf-1422721469, networkLocation: /default-rack, certSerialId: null}
2019-09-16 16:56:11,084 [grpc-default-executor-0] INFO  impl.RaftServerProxy (RaftServerProxy.java:remove(95)) - c5a5e6b7-bb1e-4cfc-8262-1ca252faf540: remove group-1347CC5D7860:null
2019-09-16 16:56:11,086 [RatisPipelineUtilsThread] WARN  pipeline.RatisPipelineUtils (RatisPipelineUtils.java:destroyPipeline(66)) - Pipeline destroy failed for pipeline=PipelineID=00ea61f9-8c6e-42a1-b808-1347cc5d7860 dn=c5a5e6b7-bb1e-4cfc-8262-1ca252faf540{ip: 192.168.5.184, host: pr-hdds-2022-qxstf-1422721469, networkLocation: /default-rack, certSerialId: null}
2019-09-16 16:56:11,086 [RatisPipelineUtilsThread] ERROR pipeline.SCMPipelineManager (Scheduler.java:lambda$schedule$1(70)) - Destroy pipeline failed for pipeline:Pipeline[ Id: 00ea61f9-8c6e-42a1-b808-1347cc5d7860, Nodes: 55776132-47ae-4aef-91b7-92633cf48f43{ip: 192.168.5.184, host: pr-hdds-2022-qxstf-1422721469, networkLocation: /default-rack, certSerialId: null}b176f217-5116-4f29-ae6c-8c5fe7374010{ip: 192.168.5.184, host: pr-hdds-2022-qxstf-1422721469, networkLocation: /default-rack, certSerialId: null}c5a5e6b7-bb1e-4cfc-8262-1ca252faf540{ip: 192.168.5.184, host: pr-hdds-2022-qxstf-1422721469, networkLocation: /default-rack, certSerialId: null}, Type:RATIS, Factor:THREE, State:CLOSED]
org.apache.hadoop.hdds.scm.pipeline.PipelineNotFoundException: PipelineID=00ea61f9-8c6e-42a1-b808-1347cc5d7860 not found
	at org.apache.hadoop.hdds.scm.pipeline.PipelineStateMap.getPipeline(PipelineStateMap.java:132)
	at org.apache.hadoop.hdds.scm.pipeline.PipelineStateMap.removePipeline(PipelineStateMap.java:322)
	at org.apache.hadoop.hdds.scm.pipeline.PipelineStateManager.removePipeline(PipelineStateManager.java:107)
	at org.apache.hadoop.hdds.scm.pipeline.SCMPipelineManager.removePipeline(SCMPipelineManager.java:423)
	at org.apache.hadoop.hdds.scm.pipeline.SCMPipelineManager.destroyPipeline(SCMPipelineManager.java:409)
	at org.apache.hadoop.hdds.scm.pipeline.SCMPipelineManager.lambda$finalizeAndDestroyPipeline$0(SCMPipelineManager.java:318)
	at org.apache.hadoop.utils.Scheduler.lambda$schedule$1(Scheduler.java:68)
	at java.util.concurrent.Executors$RunnableAdapter.call(Executors.java:511)
	at java.util.concurrent.FutureTask.run(FutureTask.java:266)
	at java.util.concurrent.ScheduledThreadPoolExecutor$ScheduledFutureTask.access$201(ScheduledThreadPoolExecutor.java:180)
	at java.util.concurrent.ScheduledThreadPoolExecutor$ScheduledFutureTask.run(ScheduledThreadPoolExecutor.java:293)
	at java.util.concurrent.ThreadPoolExecutor.runWorker(ThreadPoolExecutor.java:1149)
	at java.util.concurrent.ThreadPoolExecutor$Worker.run(ThreadPoolExecutor.java:624)
	at java.lang.Thread.run(Thread.java:748)
2019-09-16 16:56:11,441 [b38fff04-681d-43a3-90d0-26fe2e9a9866@group-8BC1D30073B0-SegmentedRaftLogWorker] WARN  segmented.SegmentedRaftLogWorker (SegmentedRaftLogWorker.java:getFromFuture(90)) - Timeout 3/~
org.apache.ratis.protocol.TimeoutIOException: Timeout 10s: WriteLog:13: (t:2, i:13), STATEMACHINELOGENTRY, client-E281DC600642, cid=29-writeStateMachineData
	at org.apache.ratis.util.IOUtils.getFromFuture(IOUtils.java:87)
	at org.apache.ratis.server.raftlog.segmented.SegmentedRaftLogWorker$StateMachineDataPolicy.getFromFuture(SegmentedRaftLogWorker.java:87)
	at org.apache.ratis.server.raftlog.segmented.SegmentedRaftLogWorker$WriteLog.execute(SegmentedRaftLogWorker.java:477)
	at org.apache.ratis.server.raftlog.segmented.SegmentedRaftLogWorker.run(SegmentedRaftLogWorker.java:289)
	at java.lang.Thread.run(Thread.java:748)
Caused by: java.util.concurrent.TimeoutException
	at java.util.concurrent.CompletableFuture.timedGet(CompletableFuture.java:1771)
	at java.util.concurrent.CompletableFuture.get(CompletableFuture.java:1915)
	at org.apache.ratis.util.IOUtils.getFromFuture(IOUtils.java:79)
	... 4 more
2019-09-16 16:56:11,442 [e9d750f6-56b2-4d42-a810-39328f6044b5@group-8BC1D30073B0-SegmentedRaftLogWorker] WARN  segmented.SegmentedRaftLogWorker (SegmentedRaftLogWorker.java:getFromFuture(90)) - Timeout 3/~
org.apache.ratis.protocol.TimeoutIOException: Timeout 10s: WriteLog:13: (t:2, i:13), STATEMACHINELOGENTRY, client-E281DC600642, cid=29-writeStateMachineData
	at org.apache.ratis.util.IOUtils.getFromFuture(IOUtils.java:87)
	at org.apache.ratis.server.raftlog.segmented.SegmentedRaftLogWorker$StateMachineDataPolicy.getFromFuture(SegmentedRaftLogWorker.java:87)
	at org.apache.ratis.server.raftlog.segmented.SegmentedRaftLogWorker$WriteLog.execute(SegmentedRaftLogWorker.java:477)
	at org.apache.ratis.server.raftlog.segmented.SegmentedRaftLogWorker.run(SegmentedRaftLogWorker.java:289)
	at java.lang.Thread.run(Thread.java:748)
Caused by: java.util.concurrent.TimeoutException
	at java.util.concurrent.CompletableFuture.timedGet(CompletableFuture.java:1771)
	at java.util.concurrent.CompletableFuture.get(CompletableFuture.java:1915)
	at org.apache.ratis.util.IOUtils.getFromFuture(IOUtils.java:79)
	... 4 more
2019-09-16 16:56:11,651 [445370a6-3850-4457-9c2c-f37f35928d12@group-8BC1D30073B0-SegmentedRaftLogWorker] WARN  segmented.SegmentedRaftLogWorker (SegmentedRaftLogWorker.java:getFromFuture(90)) - Timeout 3/~
org.apache.ratis.protocol.TimeoutIOException: Timeout 10s: WriteLog:14: (t:2, i:14), STATEMACHINELOGENTRY, client-E281DC600642, cid=30-writeStateMachineData
	at org.apache.ratis.util.IOUtils.getFromFuture(IOUtils.java:87)
	at org.apache.ratis.server.raftlog.segmented.SegmentedRaftLogWorker$StateMachineDataPolicy.getFromFuture(SegmentedRaftLogWorker.java:87)
	at org.apache.ratis.server.raftlog.segmented.SegmentedRaftLogWorker$WriteLog.execute(SegmentedRaftLogWorker.java:477)
	at org.apache.ratis.server.raftlog.segmented.SegmentedRaftLogWorker.run(SegmentedRaftLogWorker.java:289)
	at java.lang.Thread.run(Thread.java:748)
Caused by: java.util.concurrent.TimeoutException
	at java.util.concurrent.CompletableFuture.timedGet(CompletableFuture.java:1771)
	at java.util.concurrent.CompletableFuture.get(CompletableFuture.java:1915)
	at org.apache.ratis.util.IOUtils.getFromFuture(IOUtils.java:79)
	... 4 more
2019-09-16 16:56:11,795 [grpc-default-executor-0] INFO  client.GrpcClientProtocolClient (GrpcClientProtocolClient.java:onNext(264)) - client-E281DC600642->e9d750f6-56b2-4d42-a810-39328f6044b5: receive RaftClientReply:client-E281DC600642->e9d750f6-56b2-4d42-a810-39328f6044b5@group-8BC1D30073B0, cid=29, FAILED org.apache.ratis.protocol.NotLeaderException: Server e9d750f6-56b2-4d42-a810-39328f6044b5@group-8BC1D30073B0 is not the leader b38fff04-681d-43a3-90d0-26fe2e9a9866:192.168.5.184:37740, logIndex=0, commits[e9d750f6-56b2-4d42-a810-39328f6044b5:c12, 445370a6-3850-4457-9c2c-f37f35928d12:c10, b38fff04-681d-43a3-90d0-26fe2e9a9866:c12]
2019-09-16 16:56:11,955 [java.util.concurrent.ThreadPoolExecutor$Worker@57a96755[State = -1, empty queue]] WARN  server.GrpcLogAppender (GrpcLogAppender.java:timeoutAppendRequest(200)) - b38fff04-681d-43a3-90d0-26fe2e9a9866@group-8BC1D30073B0->445370a6-3850-4457-9c2c-f37f35928d12-GrpcLogAppender: appendEntries Timeout, request=b38fff04-681d-43a3-90d0-26fe2e9a9866->445370a6-3850-4457-9c2c-f37f35928d12#109-t2, previous=(t:2, i:18), leaderCommit=12, initializing? false, entries: <empty>
2019-09-16 16:56:11,955 [java.util.concurrent.ThreadPoolExecutor$Worker@58806139[State = -1, empty queue]] WARN  server.GrpcLogAppender (GrpcLogAppender.java:timeoutAppendRequest(200)) - b38fff04-681d-43a3-90d0-26fe2e9a9866@group-8BC1D30073B0->e9d750f6-56b2-4d42-a810-39328f6044b5-GrpcLogAppender: appendEntries Timeout, request=b38fff04-681d-43a3-90d0-26fe2e9a9866->e9d750f6-56b2-4d42-a810-39328f6044b5#109-t2, previous=(t:2, i:18), leaderCommit=12, initializing? false, entries: <empty>
2019-09-16 16:56:14,069 [grpc-default-executor-0] INFO  impl.RaftServerProxy (RaftServerProxy.java:remove(95)) - 55776132-47ae-4aef-91b7-92633cf48f43: remove group-1347CC5D7860:null
2019-09-16 16:56:14,072 [RatisPipelineUtilsThread] WARN  pipeline.RatisPipelineUtils (RatisPipelineUtils.java:destroyPipeline(66)) - Pipeline destroy failed for pipeline=PipelineID=00ea61f9-8c6e-42a1-b808-1347cc5d7860 dn=55776132-47ae-4aef-91b7-92633cf48f43{ip: 192.168.5.184, host: pr-hdds-2022-qxstf-1422721469, networkLocation: /default-rack, certSerialId: null}
2019-09-16 16:56:14,075 [grpc-default-executor-0] INFO  impl.RaftServerProxy (RaftServerProxy.java:remove(95)) - b176f217-5116-4f29-ae6c-8c5fe7374010: remove group-1347CC5D7860:null
2019-09-16 16:56:14,077 [RatisPipelineUtilsThread] WARN  pipeline.RatisPipelineUtils (RatisPipelineUtils.java:destroyPipeline(66)) - Pipeline destroy failed for pipeline=PipelineID=00ea61f9-8c6e-42a1-b808-1347cc5d7860 dn=b176f217-5116-4f29-ae6c-8c5fe7374010{ip: 192.168.5.184, host: pr-hdds-2022-qxstf-1422721469, networkLocation: /default-rack, certSerialId: null}
2019-09-16 16:56:14,080 [grpc-default-executor-0] INFO  impl.RaftServerProxy (RaftServerProxy.java:remove(95)) - c5a5e6b7-bb1e-4cfc-8262-1ca252faf540: remove group-1347CC5D7860:null
2019-09-16 16:56:14,082 [RatisPipelineUtilsThread] WARN  pipeline.RatisPipelineUtils (RatisPipelineUtils.java:destroyPipeline(66)) - Pipeline destroy failed for pipeline=PipelineID=00ea61f9-8c6e-42a1-b808-1347cc5d7860 dn=c5a5e6b7-bb1e-4cfc-8262-1ca252faf540{ip: 192.168.5.184, host: pr-hdds-2022-qxstf-1422721469, networkLocation: /default-rack, certSerialId: null}
2019-09-16 16:56:14,083 [RatisPipelineUtilsThread] ERROR pipeline.SCMPipelineManager (Scheduler.java:lambda$schedule$1(70)) - Destroy pipeline failed for pipeline:Pipeline[ Id: 00ea61f9-8c6e-42a1-b808-1347cc5d7860, Nodes: 55776132-47ae-4aef-91b7-92633cf48f43{ip: 192.168.5.184, host: pr-hdds-2022-qxstf-1422721469, networkLocation: /default-rack, certSerialId: null}b176f217-5116-4f29-ae6c-8c5fe7374010{ip: 192.168.5.184, host: pr-hdds-2022-qxstf-1422721469, networkLocation: /default-rack, certSerialId: null}c5a5e6b7-bb1e-4cfc-8262-1ca252faf540{ip: 192.168.5.184, host: pr-hdds-2022-qxstf-1422721469, networkLocation: /default-rack, certSerialId: null}, Type:RATIS, Factor:THREE, State:CLOSED]
org.apache.hadoop.hdds.scm.pipeline.PipelineNotFoundException: PipelineID=00ea61f9-8c6e-42a1-b808-1347cc5d7860 not found
	at org.apache.hadoop.hdds.scm.pipeline.PipelineStateMap.getPipeline(PipelineStateMap.java:132)
	at org.apache.hadoop.hdds.scm.pipeline.PipelineStateMap.removePipeline(PipelineStateMap.java:322)
	at org.apache.hadoop.hdds.scm.pipeline.PipelineStateManager.removePipeline(PipelineStateManager.java:107)
	at org.apache.hadoop.hdds.scm.pipeline.SCMPipelineManager.removePipeline(SCMPipelineManager.java:423)
	at org.apache.hadoop.hdds.scm.pipeline.SCMPipelineManager.destroyPipeline(SCMPipelineManager.java:409)
	at org.apache.hadoop.hdds.scm.pipeline.SCMPipelineManager.lambda$finalizeAndDestroyPipeline$0(SCMPipelineManager.java:318)
	at org.apache.hadoop.utils.Scheduler.lambda$schedule$1(Scheduler.java:68)
	at java.util.concurrent.Executors$RunnableAdapter.call(Executors.java:511)
	at java.util.concurrent.FutureTask.run(FutureTask.java:266)
	at java.util.concurrent.ScheduledThreadPoolExecutor$ScheduledFutureTask.access$201(ScheduledThreadPoolExecutor.java:180)
	at java.util.concurrent.ScheduledThreadPoolExecutor$ScheduledFutureTask.run(ScheduledThreadPoolExecutor.java:293)
	at java.util.concurrent.ThreadPoolExecutor.runWorker(ThreadPoolExecutor.java:1149)
	at java.util.concurrent.ThreadPoolExecutor$Worker.run(ThreadPoolExecutor.java:624)
	at java.lang.Thread.run(Thread.java:748)
2019-09-16 16:56:14,455 [java.util.concurrent.ThreadPoolExecutor$Worker@58806139[State = -1, empty queue]] WARN  server.GrpcLogAppender (GrpcLogAppender.java:timeoutAppendRequest(200)) - b38fff04-681d-43a3-90d0-26fe2e9a9866@group-8BC1D30073B0->e9d750f6-56b2-4d42-a810-39328f6044b5-GrpcLogAppender: appendEntries Timeout, request=b38fff04-681d-43a3-90d0-26fe2e9a9866->e9d750f6-56b2-4d42-a810-39328f6044b5#110-t2, previous=(t:2, i:18), leaderCommit=12, initializing? false, entries: <empty>
2019-09-16 16:56:14,455 [java.util.concurrent.ThreadPoolExecutor$Worker@57a96755[State = -1, empty queue]] WARN  server.GrpcLogAppender (GrpcLogAppender.java:timeoutAppendRequest(200)) - b38fff04-681d-43a3-90d0-26fe2e9a9866@group-8BC1D30073B0->445370a6-3850-4457-9c2c-f37f35928d12-GrpcLogAppender: appendEntries Timeout, request=b38fff04-681d-43a3-90d0-26fe2e9a9866->445370a6-3850-4457-9c2c-f37f35928d12#110-t2, previous=(t:2, i:18), leaderCommit=12, initializing? false, entries: <empty>
2019-09-16 16:56:16,069 [grpc-default-executor-0] INFO  impl.RaftServerProxy (RaftServerProxy.java:remove(95)) - 55776132-47ae-4aef-91b7-92633cf48f43: remove group-1347CC5D7860:null
2019-09-16 16:56:16,072 [RatisPipelineUtilsThread] WARN  pipeline.RatisPipelineUtils (RatisPipelineUtils.java:destroyPipeline(66)) - Pipeline destroy failed for pipeline=PipelineID=00ea61f9-8c6e-42a1-b808-1347cc5d7860 dn=55776132-47ae-4aef-91b7-92633cf48f43{ip: 192.168.5.184, host: pr-hdds-2022-qxstf-1422721469, networkLocation: /default-rack, certSerialId: null}
2019-09-16 16:56:16,076 [grpc-default-executor-0] INFO  impl.RaftServerProxy (RaftServerProxy.java:remove(95)) - b176f217-5116-4f29-ae6c-8c5fe7374010: remove group-1347CC5D7860:null
2019-09-16 16:56:16,078 [RatisPipelineUtilsThread] WARN  pipeline.RatisPipelineUtils (RatisPipelineUtils.java:destroyPipeline(66)) - Pipeline destroy failed for pipeline=PipelineID=00ea61f9-8c6e-42a1-b808-1347cc5d7860 dn=b176f217-5116-4f29-ae6c-8c5fe7374010{ip: 192.168.5.184, host: pr-hdds-2022-qxstf-1422721469, networkLocation: /default-rack, certSerialId: null}
2019-09-16 16:56:16,081 [grpc-default-executor-0] INFO  impl.RaftServerProxy (RaftServerProxy.java:remove(95)) - c5a5e6b7-bb1e-4cfc-8262-1ca252faf540: remove group-1347CC5D7860:null
2019-09-16 16:56:16,083 [RatisPipelineUtilsThread] WARN  pipeline.RatisPipelineUtils (RatisPipelineUtils.java:destroyPipeline(66)) - Pipeline destroy failed for pipeline=PipelineID=00ea61f9-8c6e-42a1-b808-1347cc5d7860 dn=c5a5e6b7-bb1e-4cfc-8262-1ca252faf540{ip: 192.168.5.184, host: pr-hdds-2022-qxstf-1422721469, networkLocation: /default-rack, certSerialId: null}
2019-09-16 16:56:16,084 [RatisPipelineUtilsThread] ERROR pipeline.SCMPipelineManager (Scheduler.java:lambda$schedule$1(70)) - Destroy pipeline failed for pipeline:Pipeline[ Id: 00ea61f9-8c6e-42a1-b808-1347cc5d7860, Nodes: 55776132-47ae-4aef-91b7-92633cf48f43{ip: 192.168.5.184, host: pr-hdds-2022-qxstf-1422721469, networkLocation: /default-rack, certSerialId: null}b176f217-5116-4f29-ae6c-8c5fe7374010{ip: 192.168.5.184, host: pr-hdds-2022-qxstf-1422721469, networkLocation: /default-rack, certSerialId: null}c5a5e6b7-bb1e-4cfc-8262-1ca252faf540{ip: 192.168.5.184, host: pr-hdds-2022-qxstf-1422721469, networkLocation: /default-rack, certSerialId: null}, Type:RATIS, Factor:THREE, State:CLOSED]
org.apache.hadoop.hdds.scm.pipeline.PipelineNotFoundException: PipelineID=00ea61f9-8c6e-42a1-b808-1347cc5d7860 not found
	at org.apache.hadoop.hdds.scm.pipeline.PipelineStateMap.getPipeline(PipelineStateMap.java:132)
	at org.apache.hadoop.hdds.scm.pipeline.PipelineStateMap.removePipeline(PipelineStateMap.java:322)
	at org.apache.hadoop.hdds.scm.pipeline.PipelineStateManager.removePipeline(PipelineStateManager.java:107)
	at org.apache.hadoop.hdds.scm.pipeline.SCMPipelineManager.removePipeline(SCMPipelineManager.java:423)
	at org.apache.hadoop.hdds.scm.pipeline.SCMPipelineManager.destroyPipeline(SCMPipelineManager.java:409)
	at org.apache.hadoop.hdds.scm.pipeline.SCMPipelineManager.lambda$finalizeAndDestroyPipeline$0(SCMPipelineManager.java:318)
	at org.apache.hadoop.utils.Scheduler.lambda$schedule$1(Scheduler.java:68)
	at java.util.concurrent.Executors$RunnableAdapter.call(Executors.java:511)
	at java.util.concurrent.FutureTask.run(FutureTask.java:266)
	at java.util.concurrent.ScheduledThreadPoolExecutor$ScheduledFutureTask.access$201(ScheduledThreadPoolExecutor.java:180)
	at java.util.concurrent.ScheduledThreadPoolExecutor$ScheduledFutureTask.run(ScheduledThreadPoolExecutor.java:293)
	at java.util.concurrent.ThreadPoolExecutor.runWorker(ThreadPoolExecutor.java:1149)
	at java.util.concurrent.ThreadPoolExecutor$Worker.run(ThreadPoolExecutor.java:624)
	at java.lang.Thread.run(Thread.java:748)
2019-09-16 16:56:16,832 [grpc-default-executor-0] INFO  client.GrpcClientProtocolClient (GrpcClientProtocolClient.java:onNext(264)) - client-E281DC600642->445370a6-3850-4457-9c2c-f37f35928d12: receive RaftClientReply:client-E281DC600642->445370a6-3850-4457-9c2c-f37f35928d12@group-8BC1D30073B0, cid=29, FAILED org.apache.ratis.protocol.NotLeaderException: Server 445370a6-3850-4457-9c2c-f37f35928d12@group-8BC1D30073B0 is not the leader b38fff04-681d-43a3-90d0-26fe2e9a9866:192.168.5.184:37740, logIndex=0, commits[445370a6-3850-4457-9c2c-f37f35928d12:c12, b38fff04-681d-43a3-90d0-26fe2e9a9866:c12, e9d750f6-56b2-4d42-a810-39328f6044b5:c10]
2019-09-16 16:56:16,956 [java.util.concurrent.ThreadPoolExecutor$Worker@57a96755[State = -1, empty queue]] WARN  server.GrpcLogAppender (GrpcLogAppender.java:timeoutAppendRequest(200)) - b38fff04-681d-43a3-90d0-26fe2e9a9866@group-8BC1D30073B0->445370a6-3850-4457-9c2c-f37f35928d12-GrpcLogAppender: appendEntries Timeout, request=b38fff04-681d-43a3-90d0-26fe2e9a9866->445370a6-3850-4457-9c2c-f37f35928d12#111-t2, previous=(t:2, i:18), leaderCommit=12, initializing? false, entries: <empty>
2019-09-16 16:56:16,956 [java.util.concurrent.ThreadPoolExecutor$Worker@58806139[State = -1, empty queue]] WARN  server.GrpcLogAppender (GrpcLogAppender.java:timeoutAppendRequest(200)) - b38fff04-681d-43a3-90d0-26fe2e9a9866@group-8BC1D30073B0->e9d750f6-56b2-4d42-a810-39328f6044b5-GrpcLogAppender: appendEntries Timeout, request=b38fff04-681d-43a3-90d0-26fe2e9a9866->e9d750f6-56b2-4d42-a810-39328f6044b5#111-t2, previous=(t:2, i:18), leaderCommit=12, initializing? false, entries: <empty>
2019-09-16 16:56:19,072 [grpc-default-executor-4] INFO  impl.RaftServerProxy (RaftServerProxy.java:remove(95)) - 55776132-47ae-4aef-91b7-92633cf48f43: remove group-1347CC5D7860:null
2019-09-16 16:56:19,074 [RatisPipelineUtilsThread] WARN  pipeline.RatisPipelineUtils (RatisPipelineUtils.java:destroyPipeline(66)) - Pipeline destroy failed for pipeline=PipelineID=00ea61f9-8c6e-42a1-b808-1347cc5d7860 dn=55776132-47ae-4aef-91b7-92633cf48f43{ip: 192.168.5.184, host: pr-hdds-2022-qxstf-1422721469, networkLocation: /default-rack, certSerialId: null}
2019-09-16 16:56:19,076 [grpc-default-executor-4] INFO  impl.RaftServerProxy (RaftServerProxy.java:remove(95)) - b176f217-5116-4f29-ae6c-8c5fe7374010: remove group-1347CC5D7860:null
2019-09-16 16:56:19,092 [RatisPipelineUtilsThread] WARN  pipeline.RatisPipelineUtils (RatisPipelineUtils.java:destroyPipeline(66)) - Pipeline destroy failed for pipeline=PipelineID=00ea61f9-8c6e-42a1-b808-1347cc5d7860 dn=b176f217-5116-4f29-ae6c-8c5fe7374010{ip: 192.168.5.184, host: pr-hdds-2022-qxstf-1422721469, networkLocation: /default-rack, certSerialId: null}
2019-09-16 16:56:19,095 [grpc-default-executor-4] INFO  impl.RaftServerProxy (RaftServerProxy.java:remove(95)) - c5a5e6b7-bb1e-4cfc-8262-1ca252faf540: remove group-1347CC5D7860:null
2019-09-16 16:56:19,097 [RatisPipelineUtilsThread] WARN  pipeline.RatisPipelineUtils (RatisPipelineUtils.java:destroyPipeline(66)) - Pipeline destroy failed for pipeline=PipelineID=00ea61f9-8c6e-42a1-b808-1347cc5d7860 dn=c5a5e6b7-bb1e-4cfc-8262-1ca252faf540{ip: 192.168.5.184, host: pr-hdds-2022-qxstf-1422721469, networkLocation: /default-rack, certSerialId: null}
2019-09-16 16:56:19,097 [RatisPipelineUtilsThread] ERROR pipeline.SCMPipelineManager (Scheduler.java:lambda$schedule$1(70)) - Destroy pipeline failed for pipeline:Pipeline[ Id: 00ea61f9-8c6e-42a1-b808-1347cc5d7860, Nodes: 55776132-47ae-4aef-91b7-92633cf48f43{ip: 192.168.5.184, host: pr-hdds-2022-qxstf-1422721469, networkLocation: /default-rack, certSerialId: null}b176f217-5116-4f29-ae6c-8c5fe7374010{ip: 192.168.5.184, host: pr-hdds-2022-qxstf-1422721469, networkLocation: /default-rack, certSerialId: null}c5a5e6b7-bb1e-4cfc-8262-1ca252faf540{ip: 192.168.5.184, host: pr-hdds-2022-qxstf-1422721469, networkLocation: /default-rack, certSerialId: null}, Type:RATIS, Factor:THREE, State:CLOSED]
org.apache.hadoop.hdds.scm.pipeline.PipelineNotFoundException: PipelineID=00ea61f9-8c6e-42a1-b808-1347cc5d7860 not found
	at org.apache.hadoop.hdds.scm.pipeline.PipelineStateMap.getPipeline(PipelineStateMap.java:132)
	at org.apache.hadoop.hdds.scm.pipeline.PipelineStateMap.removePipeline(PipelineStateMap.java:322)
	at org.apache.hadoop.hdds.scm.pipeline.PipelineStateManager.removePipeline(PipelineStateManager.java:107)
	at org.apache.hadoop.hdds.scm.pipeline.SCMPipelineManager.removePipeline(SCMPipelineManager.java:423)
	at org.apache.hadoop.hdds.scm.pipeline.SCMPipelineManager.destroyPipeline(SCMPipelineManager.java:409)
	at org.apache.hadoop.hdds.scm.pipeline.SCMPipelineManager.lambda$finalizeAndDestroyPipeline$0(SCMPipelineManager.java:318)
	at org.apache.hadoop.utils.Scheduler.lambda$schedule$1(Scheduler.java:68)
	at java.util.concurrent.Executors$RunnableAdapter.call(Executors.java:511)
	at java.util.concurrent.FutureTask.run(FutureTask.java:266)
	at java.util.concurrent.ScheduledThreadPoolExecutor$ScheduledFutureTask.access$201(ScheduledThreadPoolExecutor.java:180)
	at java.util.concurrent.ScheduledThreadPoolExecutor$ScheduledFutureTask.run(ScheduledThreadPoolExecutor.java:293)
	at java.util.concurrent.ThreadPoolExecutor.runWorker(ThreadPoolExecutor.java:1149)
	at java.util.concurrent.ThreadPoolExecutor$Worker.run(ThreadPoolExecutor.java:624)
	at java.lang.Thread.run(Thread.java:748)
2019-09-16 16:56:19,456 [java.util.concurrent.ThreadPoolExecutor$Worker@57a96755[State = -1, empty queue]] WARN  server.GrpcLogAppender (GrpcLogAppender.java:timeoutAppendRequest(200)) - b38fff04-681d-43a3-90d0-26fe2e9a9866@group-8BC1D30073B0->445370a6-3850-4457-9c2c-f37f35928d12-GrpcLogAppender: appendEntries Timeout, request=b38fff04-681d-43a3-90d0-26fe2e9a9866->445370a6-3850-4457-9c2c-f37f35928d12#112-t2, previous=(t:2, i:18), leaderCommit=12, initializing? false, entries: <empty>
2019-09-16 16:56:19,456 [java.util.concurrent.ThreadPoolExecutor$Worker@58806139[State = -1, empty queue]] WARN  server.GrpcLogAppender (GrpcLogAppender.java:timeoutAppendRequest(200)) - b38fff04-681d-43a3-90d0-26fe2e9a9866@group-8BC1D30073B0->e9d750f6-56b2-4d42-a810-39328f6044b5-GrpcLogAppender: appendEntries Timeout, request=b38fff04-681d-43a3-90d0-26fe2e9a9866->e9d750f6-56b2-4d42-a810-39328f6044b5#112-t2, previous=(t:2, i:18), leaderCommit=12, initializing? false, entries: <empty>
2019-09-16 16:56:21,071 [grpc-default-executor-0] INFO  impl.RaftServerProxy (RaftServerProxy.java:remove(95)) - 55776132-47ae-4aef-91b7-92633cf48f43: remove group-1347CC5D7860:null
2019-09-16 16:56:21,074 [RatisPipelineUtilsThread] WARN  pipeline.RatisPipelineUtils (RatisPipelineUtils.java:destroyPipeline(66)) - Pipeline destroy failed for pipeline=PipelineID=00ea61f9-8c6e-42a1-b808-1347cc5d7860 dn=55776132-47ae-4aef-91b7-92633cf48f43{ip: 192.168.5.184, host: pr-hdds-2022-qxstf-1422721469, networkLocation: /default-rack, certSerialId: null}
2019-09-16 16:56:21,077 [grpc-default-executor-0] INFO  impl.RaftServerProxy (RaftServerProxy.java:remove(95)) - b176f217-5116-4f29-ae6c-8c5fe7374010: remove group-1347CC5D7860:null
2019-09-16 16:56:21,079 [RatisPipelineUtilsThread] WARN  pipeline.RatisPipelineUtils (RatisPipelineUtils.java:destroyPipeline(66)) - Pipeline destroy failed for pipeline=PipelineID=00ea61f9-8c6e-42a1-b808-1347cc5d7860 dn=b176f217-5116-4f29-ae6c-8c5fe7374010{ip: 192.168.5.184, host: pr-hdds-2022-qxstf-1422721469, networkLocation: /default-rack, certSerialId: null}
2019-09-16 16:56:21,081 [grpc-default-executor-0] INFO  impl.RaftServerProxy (RaftServerProxy.java:remove(95)) - c5a5e6b7-bb1e-4cfc-8262-1ca252faf540: remove group-1347CC5D7860:null
2019-09-16 16:56:21,083 [RatisPipelineUtilsThread] WARN  pipeline.RatisPipelineUtils (RatisPipelineUtils.java:destroyPipeline(66)) - Pipeline destroy failed for pipeline=PipelineID=00ea61f9-8c6e-42a1-b808-1347cc5d7860 dn=c5a5e6b7-bb1e-4cfc-8262-1ca252faf540{ip: 192.168.5.184, host: pr-hdds-2022-qxstf-1422721469, networkLocation: /default-rack, certSerialId: null}
2019-09-16 16:56:21,084 [RatisPipelineUtilsThread] ERROR pipeline.SCMPipelineManager (Scheduler.java:lambda$schedule$1(70)) - Destroy pipeline failed for pipeline:Pipeline[ Id: 00ea61f9-8c6e-42a1-b808-1347cc5d7860, Nodes: 55776132-47ae-4aef-91b7-92633cf48f43{ip: 192.168.5.184, host: pr-hdds-2022-qxstf-1422721469, networkLocation: /default-rack, certSerialId: null}b176f217-5116-4f29-ae6c-8c5fe7374010{ip: 192.168.5.184, host: pr-hdds-2022-qxstf-1422721469, networkLocation: /default-rack, certSerialId: null}c5a5e6b7-bb1e-4cfc-8262-1ca252faf540{ip: 192.168.5.184, host: pr-hdds-2022-qxstf-1422721469, networkLocation: /default-rack, certSerialId: null}, Type:RATIS, Factor:THREE, State:CLOSED]
org.apache.hadoop.hdds.scm.pipeline.PipelineNotFoundException: PipelineID=00ea61f9-8c6e-42a1-b808-1347cc5d7860 not found
	at org.apache.hadoop.hdds.scm.pipeline.PipelineStateMap.getPipeline(PipelineStateMap.java:132)
	at org.apache.hadoop.hdds.scm.pipeline.PipelineStateMap.removePipeline(PipelineStateMap.java:322)
	at org.apache.hadoop.hdds.scm.pipeline.PipelineStateManager.removePipeline(PipelineStateManager.java:107)
	at org.apache.hadoop.hdds.scm.pipeline.SCMPipelineManager.removePipeline(SCMPipelineManager.java:423)
	at org.apache.hadoop.hdds.scm.pipeline.SCMPipelineManager.destroyPipeline(SCMPipelineManager.java:409)
	at org.apache.hadoop.hdds.scm.pipeline.SCMPipelineManager.lambda$finalizeAndDestroyPipeline$0(SCMPipelineManager.java:318)
	at org.apache.hadoop.utils.Scheduler.lambda$schedule$1(Scheduler.java:68)
	at java.util.concurrent.Executors$RunnableAdapter.call(Executors.java:511)
	at java.util.concurrent.FutureTask.run(FutureTask.java:266)
	at java.util.concurrent.ScheduledThreadPoolExecutor$ScheduledFutureTask.access$201(ScheduledThreadPoolExecutor.java:180)
	at java.util.concurrent.ScheduledThreadPoolExecutor$ScheduledFutureTask.run(ScheduledThreadPoolExecutor.java:293)
	at java.util.concurrent.ThreadPoolExecutor.runWorker(ThreadPoolExecutor.java:1149)
	at java.util.concurrent.ThreadPoolExecutor$Worker.run(ThreadPoolExecutor.java:624)
	at java.lang.Thread.run(Thread.java:748)
2019-09-16 16:56:21,442 [b38fff04-681d-43a3-90d0-26fe2e9a9866@group-8BC1D30073B0-SegmentedRaftLogWorker] WARN  segmented.SegmentedRaftLogWorker (SegmentedRaftLogWorker.java:getFromFuture(90)) - Timeout 4/~
org.apache.ratis.protocol.TimeoutIOException: Timeout 10s: WriteLog:13: (t:2, i:13), STATEMACHINELOGENTRY, client-E281DC600642, cid=29-writeStateMachineData
	at org.apache.ratis.util.IOUtils.getFromFuture(IOUtils.java:87)
	at org.apache.ratis.server.raftlog.segmented.SegmentedRaftLogWorker$StateMachineDataPolicy.getFromFuture(SegmentedRaftLogWorker.java:87)
	at org.apache.ratis.server.raftlog.segmented.SegmentedRaftLogWorker$WriteLog.execute(SegmentedRaftLogWorker.java:477)
	at org.apache.ratis.server.raftlog.segmented.SegmentedRaftLogWorker.run(SegmentedRaftLogWorker.java:289)
	at java.lang.Thread.run(Thread.java:748)
Caused by: java.util.concurrent.TimeoutException
	at java.util.concurrent.CompletableFuture.timedGet(CompletableFuture.java:1771)
	at java.util.concurrent.CompletableFuture.get(CompletableFuture.java:1915)
	at org.apache.ratis.util.IOUtils.getFromFuture(IOUtils.java:79)
	... 4 more
2019-09-16 16:56:21,443 [e9d750f6-56b2-4d42-a810-39328f6044b5@group-8BC1D30073B0-SegmentedRaftLogWorker] WARN  segmented.SegmentedRaftLogWorker (SegmentedRaftLogWorker.java:getFromFuture(90)) - Timeout 4/~
org.apache.ratis.protocol.TimeoutIOException: Timeout 10s: WriteLog:13: (t:2, i:13), STATEMACHINELOGENTRY, client-E281DC600642, cid=29-writeStateMachineData
	at org.apache.ratis.util.IOUtils.getFromFuture(IOUtils.java:87)
	at org.apache.ratis.server.raftlog.segmented.SegmentedRaftLogWorker$StateMachineDataPolicy.getFromFuture(SegmentedRaftLogWorker.java:87)
	at org.apache.ratis.server.raftlog.segmented.SegmentedRaftLogWorker$WriteLog.execute(SegmentedRaftLogWorker.java:477)
	at org.apache.ratis.server.raftlog.segmented.SegmentedRaftLogWorker.run(SegmentedRaftLogWorker.java:289)
	at java.lang.Thread.run(Thread.java:748)
Caused by: java.util.concurrent.TimeoutException
	at java.util.concurrent.CompletableFuture.timedGet(CompletableFuture.java:1771)
	at java.util.concurrent.CompletableFuture.get(CompletableFuture.java:1915)
	at org.apache.ratis.util.IOUtils.getFromFuture(IOUtils.java:79)
	... 4 more
2019-09-16 16:56:21,652 [445370a6-3850-4457-9c2c-f37f35928d12@group-8BC1D30073B0-SegmentedRaftLogWorker] WARN  segmented.SegmentedRaftLogWorker (SegmentedRaftLogWorker.java:getFromFuture(90)) - Timeout 4/~
org.apache.ratis.protocol.TimeoutIOException: Timeout 10s: WriteLog:14: (t:2, i:14), STATEMACHINELOGENTRY, client-E281DC600642, cid=30-writeStateMachineData
	at org.apache.ratis.util.IOUtils.getFromFuture(IOUtils.java:87)
	at org.apache.ratis.server.raftlog.segmented.SegmentedRaftLogWorker$StateMachineDataPolicy.getFromFuture(SegmentedRaftLogWorker.java:87)
	at org.apache.ratis.server.raftlog.segmented.SegmentedRaftLogWorker$WriteLog.execute(SegmentedRaftLogWorker.java:477)
	at org.apache.ratis.server.raftlog.segmented.SegmentedRaftLogWorker.run(SegmentedRaftLogWorker.java:289)
	at java.lang.Thread.run(Thread.java:748)
Caused by: java.util.concurrent.TimeoutException
	at java.util.concurrent.CompletableFuture.timedGet(CompletableFuture.java:1771)
	at java.util.concurrent.CompletableFuture.get(CompletableFuture.java:1915)
	at org.apache.ratis.util.IOUtils.getFromFuture(IOUtils.java:79)
	... 4 more
2019-09-16 16:56:21,867 [grpc-default-executor-0] INFO  client.GrpcClientProtocolClient (GrpcClientProtocolClient.java:onNext(264)) - client-E281DC600642->445370a6-3850-4457-9c2c-f37f35928d12: receive RaftClientReply:client-E281DC600642->445370a6-3850-4457-9c2c-f37f35928d12@group-8BC1D30073B0, cid=29, FAILED org.apache.ratis.protocol.NotLeaderException: Server 445370a6-3850-4457-9c2c-f37f35928d12@group-8BC1D30073B0 is not the leader b38fff04-681d-43a3-90d0-26fe2e9a9866:192.168.5.184:37740, logIndex=0, commits[445370a6-3850-4457-9c2c-f37f35928d12:c12, b38fff04-681d-43a3-90d0-26fe2e9a9866:c12, e9d750f6-56b2-4d42-a810-39328f6044b5:c10]
2019-09-16 16:56:21,956 [java.util.concurrent.ThreadPoolExecutor$Worker@58806139[State = -1, empty queue]] WARN  server.GrpcLogAppender (GrpcLogAppender.java:timeoutAppendRequest(200)) - b38fff04-681d-43a3-90d0-26fe2e9a9866@group-8BC1D30073B0->e9d750f6-56b2-4d42-a810-39328f6044b5-GrpcLogAppender: appendEntries Timeout, request=b38fff04-681d-43a3-90d0-26fe2e9a9866->e9d750f6-56b2-4d42-a810-39328f6044b5#113-t2, previous=(t:2, i:18), leaderCommit=12, initializing? false, entries: <empty>
2019-09-16 16:56:21,956 [java.util.concurrent.ThreadPoolExecutor$Worker@57a96755[State = -1, empty queue]] WARN  server.GrpcLogAppender (GrpcLogAppender.java:timeoutAppendRequest(200)) - b38fff04-681d-43a3-90d0-26fe2e9a9866@group-8BC1D30073B0->445370a6-3850-4457-9c2c-f37f35928d12-GrpcLogAppender: appendEntries Timeout, request=b38fff04-681d-43a3-90d0-26fe2e9a9866->445370a6-3850-4457-9c2c-f37f35928d12#113-t2, previous=(t:2, i:18), leaderCommit=12, initializing? false, entries: <empty>
2019-09-16 16:56:24,073 [grpc-default-executor-6] INFO  impl.RaftServerProxy (RaftServerProxy.java:remove(95)) - 55776132-47ae-4aef-91b7-92633cf48f43: remove group-1347CC5D7860:null
2019-09-16 16:56:24,076 [RatisPipelineUtilsThread] WARN  pipeline.RatisPipelineUtils (RatisPipelineUtils.java:destroyPipeline(66)) - Pipeline destroy failed for pipeline=PipelineID=00ea61f9-8c6e-42a1-b808-1347cc5d7860 dn=55776132-47ae-4aef-91b7-92633cf48f43{ip: 192.168.5.184, host: pr-hdds-2022-qxstf-1422721469, networkLocation: /default-rack, certSerialId: null}
2019-09-16 16:56:24,079 [grpc-default-executor-6] INFO  impl.RaftServerProxy (RaftServerProxy.java:remove(95)) - b176f217-5116-4f29-ae6c-8c5fe7374010: remove group-1347CC5D7860:null
2019-09-16 16:56:24,081 [RatisPipelineUtilsThread] WARN  pipeline.RatisPipelineUtils (RatisPipelineUtils.java:destroyPipeline(66)) - Pipeline destroy failed for pipeline=PipelineID=00ea61f9-8c6e-42a1-b808-1347cc5d7860 dn=b176f217-5116-4f29-ae6c-8c5fe7374010{ip: 192.168.5.184, host: pr-hdds-2022-qxstf-1422721469, networkLocation: /default-rack, certSerialId: null}
2019-09-16 16:56:24,084 [grpc-default-executor-6] INFO  impl.RaftServerProxy (RaftServerProxy.java:remove(95)) - c5a5e6b7-bb1e-4cfc-8262-1ca252faf540: remove group-1347CC5D7860:null
2019-09-16 16:56:24,085 [RatisPipelineUtilsThread] WARN  pipeline.RatisPipelineUtils (RatisPipelineUtils.java:destroyPipeline(66)) - Pipeline destroy failed for pipeline=PipelineID=00ea61f9-8c6e-42a1-b808-1347cc5d7860 dn=c5a5e6b7-bb1e-4cfc-8262-1ca252faf540{ip: 192.168.5.184, host: pr-hdds-2022-qxstf-1422721469, networkLocation: /default-rack, certSerialId: null}
2019-09-16 16:56:24,086 [RatisPipelineUtilsThread] ERROR pipeline.SCMPipelineManager (Scheduler.java:lambda$schedule$1(70)) - Destroy pipeline failed for pipeline:Pipeline[ Id: 00ea61f9-8c6e-42a1-b808-1347cc5d7860, Nodes: 55776132-47ae-4aef-91b7-92633cf48f43{ip: 192.168.5.184, host: pr-hdds-2022-qxstf-1422721469, networkLocation: /default-rack, certSerialId: null}b176f217-5116-4f29-ae6c-8c5fe7374010{ip: 192.168.5.184, host: pr-hdds-2022-qxstf-1422721469, networkLocation: /default-rack, certSerialId: null}c5a5e6b7-bb1e-4cfc-8262-1ca252faf540{ip: 192.168.5.184, host: pr-hdds-2022-qxstf-1422721469, networkLocation: /default-rack, certSerialId: null}, Type:RATIS, Factor:THREE, State:CLOSED]
org.apache.hadoop.hdds.scm.pipeline.PipelineNotFoundException: PipelineID=00ea61f9-8c6e-42a1-b808-1347cc5d7860 not found
	at org.apache.hadoop.hdds.scm.pipeline.PipelineStateMap.getPipeline(PipelineStateMap.java:132)
	at org.apache.hadoop.hdds.scm.pipeline.PipelineStateMap.removePipeline(PipelineStateMap.java:322)
	at org.apache.hadoop.hdds.scm.pipeline.PipelineStateManager.removePipeline(PipelineStateManager.java:107)
	at org.apache.hadoop.hdds.scm.pipeline.SCMPipelineManager.removePipeline(SCMPipelineManager.java:423)
	at org.apache.hadoop.hdds.scm.pipeline.SCMPipelineManager.destroyPipeline(SCMPipelineManager.java:409)
	at org.apache.hadoop.hdds.scm.pipeline.SCMPipelineManager.lambda$finalizeAndDestroyPipeline$0(SCMPipelineManager.java:318)
	at org.apache.hadoop.utils.Scheduler.lambda$schedule$1(Scheduler.java:68)
	at java.util.concurrent.Executors$RunnableAdapter.call(Executors.java:511)
	at java.util.concurrent.FutureTask.run(FutureTask.java:266)
	at java.util.concurrent.ScheduledThreadPoolExecutor$ScheduledFutureTask.access$201(ScheduledThreadPoolExecutor.java:180)
	at java.util.concurrent.ScheduledThreadPoolExecutor$ScheduledFutureTask.run(ScheduledThreadPoolExecutor.java:293)
	at java.util.concurrent.ThreadPoolExecutor.runWorker(ThreadPoolExecutor.java:1149)
	at java.util.concurrent.ThreadPoolExecutor$Worker.run(ThreadPoolExecutor.java:624)
	at java.lang.Thread.run(Thread.java:748)
2019-09-16 16:56:24,457 [java.util.concurrent.ThreadPoolExecutor$Worker@58806139[State = -1, empty queue]] WARN  server.GrpcLogAppender (GrpcLogAppender.java:timeoutAppendRequest(200)) - b38fff04-681d-43a3-90d0-26fe2e9a9866@group-8BC1D30073B0->e9d750f6-56b2-4d42-a810-39328f6044b5-GrpcLogAppender: appendEntries Timeout, request=b38fff04-681d-43a3-90d0-26fe2e9a9866->e9d750f6-56b2-4d42-a810-39328f6044b5#114-t2, previous=(t:2, i:18), leaderCommit=12, initializing? false, entries: <empty>
2019-09-16 16:56:24,457 [java.util.concurrent.ThreadPoolExecutor$Worker@57a96755[State = -1, empty queue]] WARN  server.GrpcLogAppender (GrpcLogAppender.java:timeoutAppendRequest(200)) - b38fff04-681d-43a3-90d0-26fe2e9a9866@group-8BC1D30073B0->445370a6-3850-4457-9c2c-f37f35928d12-GrpcLogAppender: appendEntries Timeout, request=b38fff04-681d-43a3-90d0-26fe2e9a9866->445370a6-3850-4457-9c2c-f37f35928d12#114-t2, previous=(t:2, i:18), leaderCommit=12, initializing? false, entries: <empty>
2019-09-16 16:56:26,070 [grpc-default-executor-0] INFO  impl.RaftServerProxy (RaftServerProxy.java:remove(95)) - 55776132-47ae-4aef-91b7-92633cf48f43: remove group-1347CC5D7860:null
2019-09-16 16:56:26,073 [RatisPipelineUtilsThread] WARN  pipeline.RatisPipelineUtils (RatisPipelineUtils.java:destroyPipeline(66)) - Pipeline destroy failed for pipeline=PipelineID=00ea61f9-8c6e-42a1-b808-1347cc5d7860 dn=55776132-47ae-4aef-91b7-92633cf48f43{ip: 192.168.5.184, host: pr-hdds-2022-qxstf-1422721469, networkLocation: /default-rack, certSerialId: null}
2019-09-16 16:56:26,076 [grpc-default-executor-0] INFO  impl.RaftServerProxy (RaftServerProxy.java:remove(95)) - b176f217-5116-4f29-ae6c-8c5fe7374010: remove group-1347CC5D7860:null
2019-09-16 16:56:26,078 [RatisPipelineUtilsThread] WARN  pipeline.RatisPipelineUtils (RatisPipelineUtils.java:destroyPipeline(66)) - Pipeline destroy failed for pipeline=PipelineID=00ea61f9-8c6e-42a1-b808-1347cc5d7860 dn=b176f217-5116-4f29-ae6c-8c5fe7374010{ip: 192.168.5.184, host: pr-hdds-2022-qxstf-1422721469, networkLocation: /default-rack, certSerialId: null}
2019-09-16 16:56:26,081 [grpc-default-executor-0] INFO  impl.RaftServerProxy (RaftServerProxy.java:remove(95)) - c5a5e6b7-bb1e-4cfc-8262-1ca252faf540: remove group-1347CC5D7860:null
2019-09-16 16:56:26,083 [RatisPipelineUtilsThread] WARN  pipeline.RatisPipelineUtils (RatisPipelineUtils.java:destroyPipeline(66)) - Pipeline destroy failed for pipeline=PipelineID=00ea61f9-8c6e-42a1-b808-1347cc5d7860 dn=c5a5e6b7-bb1e-4cfc-8262-1ca252faf540{ip: 192.168.5.184, host: pr-hdds-2022-qxstf-1422721469, networkLocation: /default-rack, certSerialId: null}
2019-09-16 16:56:26,084 [RatisPipelineUtilsThread] ERROR pipeline.SCMPipelineManager (Scheduler.java:lambda$schedule$1(70)) - Destroy pipeline failed for pipeline:Pipeline[ Id: 00ea61f9-8c6e-42a1-b808-1347cc5d7860, Nodes: 55776132-47ae-4aef-91b7-92633cf48f43{ip: 192.168.5.184, host: pr-hdds-2022-qxstf-1422721469, networkLocation: /default-rack, certSerialId: null}b176f217-5116-4f29-ae6c-8c5fe7374010{ip: 192.168.5.184, host: pr-hdds-2022-qxstf-1422721469, networkLocation: /default-rack, certSerialId: null}c5a5e6b7-bb1e-4cfc-8262-1ca252faf540{ip: 192.168.5.184, host: pr-hdds-2022-qxstf-1422721469, networkLocation: /default-rack, certSerialId: null}, Type:RATIS, Factor:THREE, State:CLOSED]
org.apache.hadoop.hdds.scm.pipeline.PipelineNotFoundException: PipelineID=00ea61f9-8c6e-42a1-b808-1347cc5d7860 not found
	at org.apache.hadoop.hdds.scm.pipeline.PipelineStateMap.getPipeline(PipelineStateMap.java:132)
	at org.apache.hadoop.hdds.scm.pipeline.PipelineStateMap.removePipeline(PipelineStateMap.java:322)
	at org.apache.hadoop.hdds.scm.pipeline.PipelineStateManager.removePipeline(PipelineStateManager.java:107)
	at org.apache.hadoop.hdds.scm.pipeline.SCMPipelineManager.removePipeline(SCMPipelineManager.java:423)
	at org.apache.hadoop.hdds.scm.pipeline.SCMPipelineManager.destroyPipeline(SCMPipelineManager.java:409)
	at org.apache.hadoop.hdds.scm.pipeline.SCMPipelineManager.lambda$finalizeAndDestroyPipeline$0(SCMPipelineManager.java:318)
	at org.apache.hadoop.utils.Scheduler.lambda$schedule$1(Scheduler.java:68)
	at java.util.concurrent.Executors$RunnableAdapter.call(Executors.java:511)
	at java.util.concurrent.FutureTask.run(FutureTask.java:266)
	at java.util.concurrent.ScheduledThreadPoolExecutor$ScheduledFutureTask.access$201(ScheduledThreadPoolExecutor.java:180)
	at java.util.concurrent.ScheduledThreadPoolExecutor$ScheduledFutureTask.run(ScheduledThreadPoolExecutor.java:293)
	at java.util.concurrent.ThreadPoolExecutor.runWorker(ThreadPoolExecutor.java:1149)
	at java.util.concurrent.ThreadPoolExecutor$Worker.run(ThreadPoolExecutor.java:624)
	at java.lang.Thread.run(Thread.java:748)
2019-09-16 16:56:26,921 [grpc-default-executor-0] INFO  client.GrpcClientProtocolClient (GrpcClientProtocolClient.java:onNext(264)) - client-E281DC600642->e9d750f6-56b2-4d42-a810-39328f6044b5: receive RaftClientReply:client-E281DC600642->e9d750f6-56b2-4d42-a810-39328f6044b5@group-8BC1D30073B0, cid=29, FAILED org.apache.ratis.protocol.NotLeaderException: Server e9d750f6-56b2-4d42-a810-39328f6044b5@group-8BC1D30073B0 is not the leader b38fff04-681d-43a3-90d0-26fe2e9a9866:192.168.5.184:37740, logIndex=0, commits[e9d750f6-56b2-4d42-a810-39328f6044b5:c12, 445370a6-3850-4457-9c2c-f37f35928d12:c10, b38fff04-681d-43a3-90d0-26fe2e9a9866:c12]
2019-09-16 16:56:26,957 [java.util.concurrent.ThreadPoolExecutor$Worker@57a96755[State = -1, empty queue]] WARN  server.GrpcLogAppender (GrpcLogAppender.java:timeoutAppendRequest(200)) - b38fff04-681d-43a3-90d0-26fe2e9a9866@group-8BC1D30073B0->445370a6-3850-4457-9c2c-f37f35928d12-GrpcLogAppender: appendEntries Timeout, request=b38fff04-681d-43a3-90d0-26fe2e9a9866->445370a6-3850-4457-9c2c-f37f35928d12#115-t2, previous=(t:2, i:18), leaderCommit=12, initializing? false, entries: <empty>
2019-09-16 16:56:26,957 [java.util.concurrent.ThreadPoolExecutor$Worker@58806139[State = -1, empty queue]] WARN  server.GrpcLogAppender (GrpcLogAppender.java:timeoutAppendRequest(200)) - b38fff04-681d-43a3-90d0-26fe2e9a9866@group-8BC1D30073B0->e9d750f6-56b2-4d42-a810-39328f6044b5-GrpcLogAppender: appendEntries Timeout, request=b38fff04-681d-43a3-90d0-26fe2e9a9866->e9d750f6-56b2-4d42-a810-39328f6044b5#115-t2, previous=(t:2, i:18), leaderCommit=12, initializing? false, entries: <empty>
2019-09-16 16:56:29,072 [grpc-default-executor-6] INFO  impl.RaftServerProxy (RaftServerProxy.java:remove(95)) - 55776132-47ae-4aef-91b7-92633cf48f43: remove group-1347CC5D7860:null
2019-09-16 16:56:29,075 [RatisPipelineUtilsThread] WARN  pipeline.RatisPipelineUtils (RatisPipelineUtils.java:destroyPipeline(66)) - Pipeline destroy failed for pipeline=PipelineID=00ea61f9-8c6e-42a1-b808-1347cc5d7860 dn=55776132-47ae-4aef-91b7-92633cf48f43{ip: 192.168.5.184, host: pr-hdds-2022-qxstf-1422721469, networkLocation: /default-rack, certSerialId: null}
2019-09-16 16:56:29,078 [grpc-default-executor-6] INFO  impl.RaftServerProxy (RaftServerProxy.java:remove(95)) - b176f217-5116-4f29-ae6c-8c5fe7374010: remove group-1347CC5D7860:null
2019-09-16 16:56:29,080 [RatisPipelineUtilsThread] WARN  pipeline.RatisPipelineUtils (RatisPipelineUtils.java:destroyPipeline(66)) - Pipeline destroy failed for pipeline=PipelineID=00ea61f9-8c6e-42a1-b808-1347cc5d7860 dn=b176f217-5116-4f29-ae6c-8c5fe7374010{ip: 192.168.5.184, host: pr-hdds-2022-qxstf-1422721469, networkLocation: /default-rack, certSerialId: null}
2019-09-16 16:56:29,083 [grpc-default-executor-6] INFO  impl.RaftServerProxy (RaftServerProxy.java:remove(95)) - c5a5e6b7-bb1e-4cfc-8262-1ca252faf540: remove group-1347CC5D7860:null
2019-09-16 16:56:29,085 [RatisPipelineUtilsThread] WARN  pipeline.RatisPipelineUtils (RatisPipelineUtils.java:destroyPipeline(66)) - Pipeline destroy failed for pipeline=PipelineID=00ea61f9-8c6e-42a1-b808-1347cc5d7860 dn=c5a5e6b7-bb1e-4cfc-8262-1ca252faf540{ip: 192.168.5.184, host: pr-hdds-2022-qxstf-1422721469, networkLocation: /default-rack, certSerialId: null}
2019-09-16 16:56:29,086 [RatisPipelineUtilsThread] ERROR pipeline.SCMPipelineManager (Scheduler.java:lambda$schedule$1(70)) - Destroy pipeline failed for pipeline:Pipeline[ Id: 00ea61f9-8c6e-42a1-b808-1347cc5d7860, Nodes: 55776132-47ae-4aef-91b7-92633cf48f43{ip: 192.168.5.184, host: pr-hdds-2022-qxstf-1422721469, networkLocation: /default-rack, certSerialId: null}b176f217-5116-4f29-ae6c-8c5fe7374010{ip: 192.168.5.184, host: pr-hdds-2022-qxstf-1422721469, networkLocation: /default-rack, certSerialId: null}c5a5e6b7-bb1e-4cfc-8262-1ca252faf540{ip: 192.168.5.184, host: pr-hdds-2022-qxstf-1422721469, networkLocation: /default-rack, certSerialId: null}, Type:RATIS, Factor:THREE, State:CLOSED]
org.apache.hadoop.hdds.scm.pipeline.PipelineNotFoundException: PipelineID=00ea61f9-8c6e-42a1-b808-1347cc5d7860 not found
	at org.apache.hadoop.hdds.scm.pipeline.PipelineStateMap.getPipeline(PipelineStateMap.java:132)
	at org.apache.hadoop.hdds.scm.pipeline.PipelineStateMap.removePipeline(PipelineStateMap.java:322)
	at org.apache.hadoop.hdds.scm.pipeline.PipelineStateManager.removePipeline(PipelineStateManager.java:107)
	at org.apache.hadoop.hdds.scm.pipeline.SCMPipelineManager.removePipeline(SCMPipelineManager.java:423)
	at org.apache.hadoop.hdds.scm.pipeline.SCMPipelineManager.destroyPipeline(SCMPipelineManager.java:409)
	at org.apache.hadoop.hdds.scm.pipeline.SCMPipelineManager.lambda$finalizeAndDestroyPipeline$0(SCMPipelineManager.java:318)
	at org.apache.hadoop.utils.Scheduler.lambda$schedule$1(Scheduler.java:68)
	at java.util.concurrent.Executors$RunnableAdapter.call(Executors.java:511)
	at java.util.concurrent.FutureTask.run(FutureTask.java:266)
	at java.util.concurrent.ScheduledThreadPoolExecutor$ScheduledFutureTask.access$201(ScheduledThreadPoolExecutor.java:180)
	at java.util.concurrent.ScheduledThreadPoolExecutor$ScheduledFutureTask.run(ScheduledThreadPoolExecutor.java:293)
	at java.util.concurrent.ThreadPoolExecutor.runWorker(ThreadPoolExecutor.java:1149)
	at java.util.concurrent.ThreadPoolExecutor$Worker.run(ThreadPoolExecutor.java:624)
	at java.lang.Thread.run(Thread.java:748)
2019-09-16 16:56:29,458 [java.util.concurrent.ThreadPoolExecutor$Worker@57a96755[State = -1, empty queue]] WARN  server.GrpcLogAppender (GrpcLogAppender.java:timeoutAppendRequest(200)) - b38fff04-681d-43a3-90d0-26fe2e9a9866@group-8BC1D30073B0->445370a6-3850-4457-9c2c-f37f35928d12-GrpcLogAppender: appendEntries Timeout, request=b38fff04-681d-43a3-90d0-26fe2e9a9866->445370a6-3850-4457-9c2c-f37f35928d12#116-t2, previous=(t:2, i:18), leaderCommit=12, initializing? false, entries: <empty>
2019-09-16 16:56:29,458 [java.util.concurrent.ThreadPoolExecutor$Worker@58806139[State = -1, empty queue]] WARN  server.GrpcLogAppender (GrpcLogAppender.java:timeoutAppendRequest(200)) - b38fff04-681d-43a3-90d0-26fe2e9a9866@group-8BC1D30073B0->e9d750f6-56b2-4d42-a810-39328f6044b5-GrpcLogAppender: appendEntries Timeout, request=b38fff04-681d-43a3-90d0-26fe2e9a9866->e9d750f6-56b2-4d42-a810-39328f6044b5#116-t2, previous=(t:2, i:18), leaderCommit=12, initializing? false, entries: <empty>
2019-09-16 16:56:31,070 [grpc-default-executor-6] INFO  impl.RaftServerProxy (RaftServerProxy.java:remove(95)) - 55776132-47ae-4aef-91b7-92633cf48f43: remove group-1347CC5D7860:null
2019-09-16 16:56:31,073 [RatisPipelineUtilsThread] WARN  pipeline.RatisPipelineUtils (RatisPipelineUtils.java:destroyPipeline(66)) - Pipeline destroy failed for pipeline=PipelineID=00ea61f9-8c6e-42a1-b808-1347cc5d7860 dn=55776132-47ae-4aef-91b7-92633cf48f43{ip: 192.168.5.184, host: pr-hdds-2022-qxstf-1422721469, networkLocation: /default-rack, certSerialId: null}
2019-09-16 16:56:31,076 [grpc-default-executor-6] INFO  impl.RaftServerProxy (RaftServerProxy.java:remove(95)) - b176f217-5116-4f29-ae6c-8c5fe7374010: remove group-1347CC5D7860:null
2019-09-16 16:56:31,078 [RatisPipelineUtilsThread] WARN  pipeline.RatisPipelineUtils (RatisPipelineUtils.java:destroyPipeline(66)) - Pipeline destroy failed for pipeline=PipelineID=00ea61f9-8c6e-42a1-b808-1347cc5d7860 dn=b176f217-5116-4f29-ae6c-8c5fe7374010{ip: 192.168.5.184, host: pr-hdds-2022-qxstf-1422721469, networkLocation: /default-rack, certSerialId: null}
2019-09-16 16:56:31,080 [grpc-default-executor-6] INFO  impl.RaftServerProxy (RaftServerProxy.java:remove(95)) - c5a5e6b7-bb1e-4cfc-8262-1ca252faf540: remove group-1347CC5D7860:null
2019-09-16 16:56:31,082 [RatisPipelineUtilsThread] WARN  pipeline.RatisPipelineUtils (RatisPipelineUtils.java:destroyPipeline(66)) - Pipeline destroy failed for pipeline=PipelineID=00ea61f9-8c6e-42a1-b808-1347cc5d7860 dn=c5a5e6b7-bb1e-4cfc-8262-1ca252faf540{ip: 192.168.5.184, host: pr-hdds-2022-qxstf-1422721469, networkLocation: /default-rack, certSerialId: null}
2019-09-16 16:56:31,083 [RatisPipelineUtilsThread] ERROR pipeline.SCMPipelineManager (Scheduler.java:lambda$schedule$1(70)) - Destroy pipeline failed for pipeline:Pipeline[ Id: 00ea61f9-8c6e-42a1-b808-1347cc5d7860, Nodes: 55776132-47ae-4aef-91b7-92633cf48f43{ip: 192.168.5.184, host: pr-hdds-2022-qxstf-1422721469, networkLocation: /default-rack, certSerialId: null}b176f217-5116-4f29-ae6c-8c5fe7374010{ip: 192.168.5.184, host: pr-hdds-2022-qxstf-1422721469, networkLocation: /default-rack, certSerialId: null}c5a5e6b7-bb1e-4cfc-8262-1ca252faf540{ip: 192.168.5.184, host: pr-hdds-2022-qxstf-1422721469, networkLocation: /default-rack, certSerialId: null}, Type:RATIS, Factor:THREE, State:CLOSED]
org.apache.hadoop.hdds.scm.pipeline.PipelineNotFoundException: PipelineID=00ea61f9-8c6e-42a1-b808-1347cc5d7860 not found
	at org.apache.hadoop.hdds.scm.pipeline.PipelineStateMap.getPipeline(PipelineStateMap.java:132)
	at org.apache.hadoop.hdds.scm.pipeline.PipelineStateMap.removePipeline(PipelineStateMap.java:322)
	at org.apache.hadoop.hdds.scm.pipeline.PipelineStateManager.removePipeline(PipelineStateManager.java:107)
	at org.apache.hadoop.hdds.scm.pipeline.SCMPipelineManager.removePipeline(SCMPipelineManager.java:423)
	at org.apache.hadoop.hdds.scm.pipeline.SCMPipelineManager.destroyPipeline(SCMPipelineManager.java:409)
	at org.apache.hadoop.hdds.scm.pipeline.SCMPipelineManager.lambda$finalizeAndDestroyPipeline$0(SCMPipelineManager.java:318)
	at org.apache.hadoop.utils.Scheduler.lambda$schedule$1(Scheduler.java:68)
	at java.util.concurrent.Executors$RunnableAdapter.call(Executors.java:511)
	at java.util.concurrent.FutureTask.run(FutureTask.java:266)
	at java.util.concurrent.ScheduledThreadPoolExecutor$ScheduledFutureTask.access$201(ScheduledThreadPoolExecutor.java:180)
	at java.util.concurrent.ScheduledThreadPoolExecutor$ScheduledFutureTask.run(ScheduledThreadPoolExecutor.java:293)
	at java.util.concurrent.ThreadPoolExecutor.runWorker(ThreadPoolExecutor.java:1149)
	at java.util.concurrent.ThreadPoolExecutor$Worker.run(ThreadPoolExecutor.java:624)
	at java.lang.Thread.run(Thread.java:748)
2019-09-16 16:56:31,443 [b38fff04-681d-43a3-90d0-26fe2e9a9866@group-8BC1D30073B0-SegmentedRaftLogWorker] WARN  segmented.SegmentedRaftLogWorker (SegmentedRaftLogWorker.java:getFromFuture(90)) - Timeout 5/~
org.apache.ratis.protocol.TimeoutIOException: Timeout 10s: WriteLog:13: (t:2, i:13), STATEMACHINELOGENTRY, client-E281DC600642, cid=29-writeStateMachineData
	at org.apache.ratis.util.IOUtils.getFromFuture(IOUtils.java:87)
	at org.apache.ratis.server.raftlog.segmented.SegmentedRaftLogWorker$StateMachineDataPolicy.getFromFuture(SegmentedRaftLogWorker.java:87)
	at org.apache.ratis.server.raftlog.segmented.SegmentedRaftLogWorker$WriteLog.execute(SegmentedRaftLogWorker.java:477)
	at org.apache.ratis.server.raftlog.segmented.SegmentedRaftLogWorker.run(SegmentedRaftLogWorker.java:289)
	at java.lang.Thread.run(Thread.java:748)
Caused by: java.util.concurrent.TimeoutException
	at java.util.concurrent.CompletableFuture.timedGet(CompletableFuture.java:1771)
	at java.util.concurrent.CompletableFuture.get(CompletableFuture.java:1915)
	at org.apache.ratis.util.IOUtils.getFromFuture(IOUtils.java:79)
	... 4 more
2019-09-16 16:56:31,443 [e9d750f6-56b2-4d42-a810-39328f6044b5@group-8BC1D30073B0-SegmentedRaftLogWorker] WARN  segmented.SegmentedRaftLogWorker (SegmentedRaftLogWorker.java:getFromFuture(90)) - Timeout 5/~
org.apache.ratis.protocol.TimeoutIOException: Timeout 10s: WriteLog:13: (t:2, i:13), STATEMACHINELOGENTRY, client-E281DC600642, cid=29-writeStateMachineData
	at org.apache.ratis.util.IOUtils.getFromFuture(IOUtils.java:87)
	at org.apache.ratis.server.raftlog.segmented.SegmentedRaftLogWorker$StateMachineDataPolicy.getFromFuture(SegmentedRaftLogWorker.java:87)
	at org.apache.ratis.server.raftlog.segmented.SegmentedRaftLogWorker$WriteLog.execute(SegmentedRaftLogWorker.java:477)
	at org.apache.ratis.server.raftlog.segmented.SegmentedRaftLogWorker.run(SegmentedRaftLogWorker.java:289)
	at java.lang.Thread.run(Thread.java:748)
Caused by: java.util.concurrent.TimeoutException
	at java.util.concurrent.CompletableFuture.timedGet(CompletableFuture.java:1771)
	at java.util.concurrent.CompletableFuture.get(CompletableFuture.java:1915)
	at org.apache.ratis.util.IOUtils.getFromFuture(IOUtils.java:79)
	... 4 more
2019-09-16 16:56:31,653 [445370a6-3850-4457-9c2c-f37f35928d12@group-8BC1D30073B0-SegmentedRaftLogWorker] WARN  segmented.SegmentedRaftLogWorker (SegmentedRaftLogWorker.java:getFromFuture(90)) - Timeout 5/~
org.apache.ratis.protocol.TimeoutIOException: Timeout 10s: WriteLog:14: (t:2, i:14), STATEMACHINELOGENTRY, client-E281DC600642, cid=30-writeStateMachineData
	at org.apache.ratis.util.IOUtils.getFromFuture(IOUtils.java:87)
	at org.apache.ratis.server.raftlog.segmented.SegmentedRaftLogWorker$StateMachineDataPolicy.getFromFuture(SegmentedRaftLogWorker.java:87)
	at org.apache.ratis.server.raftlog.segmented.SegmentedRaftLogWorker$WriteLog.execute(SegmentedRaftLogWorker.java:477)
	at org.apache.ratis.server.raftlog.segmented.SegmentedRaftLogWorker.run(SegmentedRaftLogWorker.java:289)
	at java.lang.Thread.run(Thread.java:748)
Caused by: java.util.concurrent.TimeoutException
	at java.util.concurrent.CompletableFuture.timedGet(CompletableFuture.java:1771)
	at java.util.concurrent.CompletableFuture.get(CompletableFuture.java:1915)
	at org.apache.ratis.util.IOUtils.getFromFuture(IOUtils.java:79)
	... 4 more
2019-09-16 16:56:31,957 [grpc-default-executor-6] INFO  client.GrpcClientProtocolClient (GrpcClientProtocolClient.java:onNext(264)) - client-E281DC600642->e9d750f6-56b2-4d42-a810-39328f6044b5: receive RaftClientReply:client-E281DC600642->e9d750f6-56b2-4d42-a810-39328f6044b5@group-8BC1D30073B0, cid=29, FAILED org.apache.ratis.protocol.NotLeaderException: Server e9d750f6-56b2-4d42-a810-39328f6044b5@group-8BC1D30073B0 is not the leader b38fff04-681d-43a3-90d0-26fe2e9a9866:192.168.5.184:37740, logIndex=0, commits[e9d750f6-56b2-4d42-a810-39328f6044b5:c12, 445370a6-3850-4457-9c2c-f37f35928d12:c10, b38fff04-681d-43a3-90d0-26fe2e9a9866:c12]
2019-09-16 16:56:31,959 [java.util.concurrent.ThreadPoolExecutor$Worker@58806139[State = -1, empty queue]] WARN  server.GrpcLogAppender (GrpcLogAppender.java:timeoutAppendRequest(200)) - b38fff04-681d-43a3-90d0-26fe2e9a9866@group-8BC1D30073B0->e9d750f6-56b2-4d42-a810-39328f6044b5-GrpcLogAppender: appendEntries Timeout, request=b38fff04-681d-43a3-90d0-26fe2e9a9866->e9d750f6-56b2-4d42-a810-39328f6044b5#117-t2, previous=(t:2, i:18), leaderCommit=12, initializing? false, entries: <empty>
2019-09-16 16:56:31,959 [java.util.concurrent.ThreadPoolExecutor$Worker@57a96755[State = -1, empty queue]] WARN  server.GrpcLogAppender (GrpcLogAppender.java:timeoutAppendRequest(200)) - b38fff04-681d-43a3-90d0-26fe2e9a9866@group-8BC1D30073B0->445370a6-3850-4457-9c2c-f37f35928d12-GrpcLogAppender: appendEntries Timeout, request=b38fff04-681d-43a3-90d0-26fe2e9a9866->445370a6-3850-4457-9c2c-f37f35928d12#117-t2, previous=(t:2, i:18), leaderCommit=12, initializing? false, entries: <empty>
2019-09-16 16:56:34,071 [grpc-default-executor-6] INFO  impl.RaftServerProxy (RaftServerProxy.java:remove(95)) - 55776132-47ae-4aef-91b7-92633cf48f43: remove group-1347CC5D7860:null
2019-09-16 16:56:34,074 [RatisPipelineUtilsThread] WARN  pipeline.RatisPipelineUtils (RatisPipelineUtils.java:destroyPipeline(66)) - Pipeline destroy failed for pipeline=PipelineID=00ea61f9-8c6e-42a1-b808-1347cc5d7860 dn=55776132-47ae-4aef-91b7-92633cf48f43{ip: 192.168.5.184, host: pr-hdds-2022-qxstf-1422721469, networkLocation: /default-rack, certSerialId: null}
2019-09-16 16:56:34,077 [grpc-default-executor-6] INFO  impl.RaftServerProxy (RaftServerProxy.java:remove(95)) - b176f217-5116-4f29-ae6c-8c5fe7374010: remove group-1347CC5D7860:null
2019-09-16 16:56:34,079 [RatisPipelineUtilsThread] WARN  pipeline.RatisPipelineUtils (RatisPipelineUtils.java:destroyPipeline(66)) - Pipeline destroy failed for pipeline=PipelineID=00ea61f9-8c6e-42a1-b808-1347cc5d7860 dn=b176f217-5116-4f29-ae6c-8c5fe7374010{ip: 192.168.5.184, host: pr-hdds-2022-qxstf-1422721469, networkLocation: /default-rack, certSerialId: null}
2019-09-16 16:56:34,081 [grpc-default-executor-6] INFO  impl.RaftServerProxy (RaftServerProxy.java:remove(95)) - c5a5e6b7-bb1e-4cfc-8262-1ca252faf540: remove group-1347CC5D7860:null
2019-09-16 16:56:34,083 [RatisPipelineUtilsThread] WARN  pipeline.RatisPipelineUtils (RatisPipelineUtils.java:destroyPipeline(66)) - Pipeline destroy failed for pipeline=PipelineID=00ea61f9-8c6e-42a1-b808-1347cc5d7860 dn=c5a5e6b7-bb1e-4cfc-8262-1ca252faf540{ip: 192.168.5.184, host: pr-hdds-2022-qxstf-1422721469, networkLocation: /default-rack, certSerialId: null}
2019-09-16 16:56:34,084 [RatisPipelineUtilsThread] ERROR pipeline.SCMPipelineManager (Scheduler.java:lambda$schedule$1(70)) - Destroy pipeline failed for pipeline:Pipeline[ Id: 00ea61f9-8c6e-42a1-b808-1347cc5d7860, Nodes: 55776132-47ae-4aef-91b7-92633cf48f43{ip: 192.168.5.184, host: pr-hdds-2022-qxstf-1422721469, networkLocation: /default-rack, certSerialId: null}b176f217-5116-4f29-ae6c-8c5fe7374010{ip: 192.168.5.184, host: pr-hdds-2022-qxstf-1422721469, networkLocation: /default-rack, certSerialId: null}c5a5e6b7-bb1e-4cfc-8262-1ca252faf540{ip: 192.168.5.184, host: pr-hdds-2022-qxstf-1422721469, networkLocation: /default-rack, certSerialId: null}, Type:RATIS, Factor:THREE, State:CLOSED]
org.apache.hadoop.hdds.scm.pipeline.PipelineNotFoundException: PipelineID=00ea61f9-8c6e-42a1-b808-1347cc5d7860 not found
	at org.apache.hadoop.hdds.scm.pipeline.PipelineStateMap.getPipeline(PipelineStateMap.java:132)
	at org.apache.hadoop.hdds.scm.pipeline.PipelineStateMap.removePipeline(PipelineStateMap.java:322)
	at org.apache.hadoop.hdds.scm.pipeline.PipelineStateManager.removePipeline(PipelineStateManager.java:107)
	at org.apache.hadoop.hdds.scm.pipeline.SCMPipelineManager.removePipeline(SCMPipelineManager.java:423)
	at org.apache.hadoop.hdds.scm.pipeline.SCMPipelineManager.destroyPipeline(SCMPipelineManager.java:409)
	at org.apache.hadoop.hdds.scm.pipeline.SCMPipelineManager.lambda$finalizeAndDestroyPipeline$0(SCMPipelineManager.java:318)
	at org.apache.hadoop.utils.Scheduler.lambda$schedule$1(Scheduler.java:68)
	at java.util.concurrent.Executors$RunnableAdapter.call(Executors.java:511)
	at java.util.concurrent.FutureTask.run(FutureTask.java:266)
	at java.util.concurrent.ScheduledThreadPoolExecutor$ScheduledFutureTask.access$201(ScheduledThreadPoolExecutor.java:180)
	at java.util.concurrent.ScheduledThreadPoolExecutor$ScheduledFutureTask.run(ScheduledThreadPoolExecutor.java:293)
	at java.util.concurrent.ThreadPoolExecutor.runWorker(ThreadPoolExecutor.java:1149)
	at java.util.concurrent.ThreadPoolExecutor$Worker.run(ThreadPoolExecutor.java:624)
	at java.lang.Thread.run(Thread.java:748)
2019-09-16 16:56:34,458 [java.util.concurrent.ThreadPoolExecutor$Worker@57a96755[State = -1, empty queue]] WARN  server.GrpcLogAppender (GrpcLogAppender.java:timeoutAppendRequest(200)) - b38fff04-681d-43a3-90d0-26fe2e9a9866@group-8BC1D30073B0->445370a6-3850-4457-9c2c-f37f35928d12-GrpcLogAppender: appendEntries Timeout, request=b38fff04-681d-43a3-90d0-26fe2e9a9866->445370a6-3850-4457-9c2c-f37f35928d12#118-t2, previous=(t:2, i:18), leaderCommit=12, initializing? false, entries: <empty>
2019-09-16 16:56:34,458 [java.util.concurrent.ThreadPoolExecutor$Worker@58806139[State = -1, empty queue]] WARN  server.GrpcLogAppender (GrpcLogAppender.java:timeoutAppendRequest(200)) - b38fff04-681d-43a3-90d0-26fe2e9a9866@group-8BC1D30073B0->e9d750f6-56b2-4d42-a810-39328f6044b5-GrpcLogAppender: appendEntries Timeout, request=b38fff04-681d-43a3-90d0-26fe2e9a9866->e9d750f6-56b2-4d42-a810-39328f6044b5#118-t2, previous=(t:2, i:18), leaderCommit=12, initializing? false, entries: <empty>
2019-09-16 16:56:36,070 [grpc-default-executor-6] INFO  impl.RaftServerProxy (RaftServerProxy.java:remove(95)) - 55776132-47ae-4aef-91b7-92633cf48f43: remove group-1347CC5D7860:null
2019-09-16 16:56:36,073 [RatisPipelineUtilsThread] WARN  pipeline.RatisPipelineUtils (RatisPipelineUtils.java:destroyPipeline(66)) - Pipeline destroy failed for pipeline=PipelineID=00ea61f9-8c6e-42a1-b808-1347cc5d7860 dn=55776132-47ae-4aef-91b7-92633cf48f43{ip: 192.168.5.184, host: pr-hdds-2022-qxstf-1422721469, networkLocation: /default-rack, certSerialId: null}
2019-09-16 16:56:36,076 [grpc-default-executor-6] INFO  impl.RaftServerProxy (RaftServerProxy.java:remove(95)) - b176f217-5116-4f29-ae6c-8c5fe7374010: remove group-1347CC5D7860:null
2019-09-16 16:56:36,078 [RatisPipelineUtilsThread] WARN  pipeline.RatisPipelineUtils (RatisPipelineUtils.java:destroyPipeline(66)) - Pipeline destroy failed for pipeline=PipelineID=00ea61f9-8c6e-42a1-b808-1347cc5d7860 dn=b176f217-5116-4f29-ae6c-8c5fe7374010{ip: 192.168.5.184, host: pr-hdds-2022-qxstf-1422721469, networkLocation: /default-rack, certSerialId: null}
2019-09-16 16:56:36,080 [grpc-default-executor-6] INFO  impl.RaftServerProxy (RaftServerProxy.java:remove(95)) - c5a5e6b7-bb1e-4cfc-8262-1ca252faf540: remove group-1347CC5D7860:null
2019-09-16 16:56:36,082 [RatisPipelineUtilsThread] WARN  pipeline.RatisPipelineUtils (RatisPipelineUtils.java:destroyPipeline(66)) - Pipeline destroy failed for pipeline=PipelineID=00ea61f9-8c6e-42a1-b808-1347cc5d7860 dn=c5a5e6b7-bb1e-4cfc-8262-1ca252faf540{ip: 192.168.5.184, host: pr-hdds-2022-qxstf-1422721469, networkLocation: /default-rack, certSerialId: null}
2019-09-16 16:56:36,082 [RatisPipelineUtilsThread] ERROR pipeline.SCMPipelineManager (Scheduler.java:lambda$schedule$1(70)) - Destroy pipeline failed for pipeline:Pipeline[ Id: 00ea61f9-8c6e-42a1-b808-1347cc5d7860, Nodes: 55776132-47ae-4aef-91b7-92633cf48f43{ip: 192.168.5.184, host: pr-hdds-2022-qxstf-1422721469, networkLocation: /default-rack, certSerialId: null}b176f217-5116-4f29-ae6c-8c5fe7374010{ip: 192.168.5.184, host: pr-hdds-2022-qxstf-1422721469, networkLocation: /default-rack, certSerialId: null}c5a5e6b7-bb1e-4cfc-8262-1ca252faf540{ip: 192.168.5.184, host: pr-hdds-2022-qxstf-1422721469, networkLocation: /default-rack, certSerialId: null}, Type:RATIS, Factor:THREE, State:CLOSED]
org.apache.hadoop.hdds.scm.pipeline.PipelineNotFoundException: PipelineID=00ea61f9-8c6e-42a1-b808-1347cc5d7860 not found
	at org.apache.hadoop.hdds.scm.pipeline.PipelineStateMap.getPipeline(PipelineStateMap.java:132)
	at org.apache.hadoop.hdds.scm.pipeline.PipelineStateMap.removePipeline(PipelineStateMap.java:322)
	at org.apache.hadoop.hdds.scm.pipeline.PipelineStateManager.removePipeline(PipelineStateManager.java:107)
	at org.apache.hadoop.hdds.scm.pipeline.SCMPipelineManager.removePipeline(SCMPipelineManager.java:423)
	at org.apache.hadoop.hdds.scm.pipeline.SCMPipelineManager.destroyPipeline(SCMPipelineManager.java:409)
	at org.apache.hadoop.hdds.scm.pipeline.SCMPipelineManager.lambda$finalizeAndDestroyPipeline$0(SCMPipelineManager.java:318)
	at org.apache.hadoop.utils.Scheduler.lambda$schedule$1(Scheduler.java:68)
	at java.util.concurrent.Executors$RunnableAdapter.call(Executors.java:511)
	at java.util.concurrent.FutureTask.run(FutureTask.java:266)
	at java.util.concurrent.ScheduledThreadPoolExecutor$ScheduledFutureTask.access$201(ScheduledThreadPoolExecutor.java:180)
	at java.util.concurrent.ScheduledThreadPoolExecutor$ScheduledFutureTask.run(ScheduledThreadPoolExecutor.java:293)
	at java.util.concurrent.ThreadPoolExecutor.runWorker(ThreadPoolExecutor.java:1149)
	at java.util.concurrent.ThreadPoolExecutor$Worker.run(ThreadPoolExecutor.java:624)
	at java.lang.Thread.run(Thread.java:748)
2019-09-16 16:56:36,573 [grpc-default-executor-6] INFO  impl.RaftServerProxy (RaftServerProxy.java:remove(95)) - 55776132-47ae-4aef-91b7-92633cf48f43: remove group-1347CC5D7860:null
2019-09-16 16:56:36,576 [RatisPipelineUtilsThread] WARN  pipeline.RatisPipelineUtils (RatisPipelineUtils.java:destroyPipeline(66)) - Pipeline destroy failed for pipeline=PipelineID=00ea61f9-8c6e-42a1-b808-1347cc5d7860 dn=55776132-47ae-4aef-91b7-92633cf48f43{ip: 192.168.5.184, host: pr-hdds-2022-qxstf-1422721469, networkLocation: /default-rack, certSerialId: null}
2019-09-16 16:56:36,579 [grpc-default-executor-6] INFO  impl.RaftServerProxy (RaftServerProxy.java:remove(95)) - b176f217-5116-4f29-ae6c-8c5fe7374010: remove group-1347CC5D7860:null
2019-09-16 16:56:36,581 [RatisPipelineUtilsThread] WARN  pipeline.RatisPipelineUtils (RatisPipelineUtils.java:destroyPipeline(66)) - Pipeline destroy failed for pipeline=PipelineID=00ea61f9-8c6e-42a1-b808-1347cc5d7860 dn=b176f217-5116-4f29-ae6c-8c5fe7374010{ip: 192.168.5.184, host: pr-hdds-2022-qxstf-1422721469, networkLocation: /default-rack, certSerialId: null}
2019-09-16 16:56:36,584 [grpc-default-executor-6] INFO  impl.RaftServerProxy (RaftServerProxy.java:remove(95)) - c5a5e6b7-bb1e-4cfc-8262-1ca252faf540: remove group-1347CC5D7860:null
2019-09-16 16:56:36,586 [RatisPipelineUtilsThread] WARN  pipeline.RatisPipelineUtils (RatisPipelineUtils.java:destroyPipeline(66)) - Pipeline destroy failed for pipeline=PipelineID=00ea61f9-8c6e-42a1-b808-1347cc5d7860 dn=c5a5e6b7-bb1e-4cfc-8262-1ca252faf540{ip: 192.168.5.184, host: pr-hdds-2022-qxstf-1422721469, networkLocation: /default-rack, certSerialId: null}
2019-09-16 16:56:36,586 [RatisPipelineUtilsThread] ERROR pipeline.SCMPipelineManager (Scheduler.java:lambda$schedule$1(70)) - Destroy pipeline failed for pipeline:Pipeline[ Id: 00ea61f9-8c6e-42a1-b808-1347cc5d7860, Nodes: 55776132-47ae-4aef-91b7-92633cf48f43{ip: 192.168.5.184, host: pr-hdds-2022-qxstf-1422721469, networkLocation: /default-rack, certSerialId: null}b176f217-5116-4f29-ae6c-8c5fe7374010{ip: 192.168.5.184, host: pr-hdds-2022-qxstf-1422721469, networkLocation: /default-rack, certSerialId: null}c5a5e6b7-bb1e-4cfc-8262-1ca252faf540{ip: 192.168.5.184, host: pr-hdds-2022-qxstf-1422721469, networkLocation: /default-rack, certSerialId: null}, Type:RATIS, Factor:THREE, State:CLOSED]
org.apache.hadoop.hdds.scm.pipeline.PipelineNotFoundException: PipelineID=00ea61f9-8c6e-42a1-b808-1347cc5d7860 not found
	at org.apache.hadoop.hdds.scm.pipeline.PipelineStateMap.getPipeline(PipelineStateMap.java:132)
	at org.apache.hadoop.hdds.scm.pipeline.PipelineStateMap.removePipeline(PipelineStateMap.java:322)
	at org.apache.hadoop.hdds.scm.pipeline.PipelineStateManager.removePipeline(PipelineStateManager.java:107)
	at org.apache.hadoop.hdds.scm.pipeline.SCMPipelineManager.removePipeline(SCMPipelineManager.java:423)
	at org.apache.hadoop.hdds.scm.pipeline.SCMPipelineManager.destroyPipeline(SCMPipelineManager.java:409)
	at org.apache.hadoop.hdds.scm.pipeline.SCMPipelineManager.lambda$finalizeAndDestroyPipeline$0(SCMPipelineManager.java:318)
	at org.apache.hadoop.utils.Scheduler.lambda$schedule$1(Scheduler.java:68)
	at java.util.concurrent.Executors$RunnableAdapter.call(Executors.java:511)
	at java.util.concurrent.FutureTask.run(FutureTask.java:266)
	at java.util.concurrent.ScheduledThreadPoolExecutor$ScheduledFutureTask.access$201(ScheduledThreadPoolExecutor.java:180)
	at java.util.concurrent.ScheduledThreadPoolExecutor$ScheduledFutureTask.run(ScheduledThreadPoolExecutor.java:293)
	at java.util.concurrent.ThreadPoolExecutor.runWorker(ThreadPoolExecutor.java:1149)
	at java.util.concurrent.ThreadPoolExecutor$Worker.run(ThreadPoolExecutor.java:624)
	at java.lang.Thread.run(Thread.java:748)
2019-09-16 16:56:36,959 [java.util.concurrent.ThreadPoolExecutor$Worker@58806139[State = -1, empty queue]] WARN  server.GrpcLogAppender (GrpcLogAppender.java:timeoutAppendRequest(200)) - b38fff04-681d-43a3-90d0-26fe2e9a9866@group-8BC1D30073B0->e9d750f6-56b2-4d42-a810-39328f6044b5-GrpcLogAppender: appendEntries Timeout, request=b38fff04-681d-43a3-90d0-26fe2e9a9866->e9d750f6-56b2-4d42-a810-39328f6044b5#119-t2, previous=(t:2, i:18), leaderCommit=12, initializing? false, entries: <empty>
2019-09-16 16:56:36,959 [java.util.concurrent.ThreadPoolExecutor$Worker@57a96755[State = -1, empty queue]] WARN  server.GrpcLogAppender (GrpcLogAppender.java:timeoutAppendRequest(200)) - b38fff04-681d-43a3-90d0-26fe2e9a9866@group-8BC1D30073B0->445370a6-3850-4457-9c2c-f37f35928d12-GrpcLogAppender: appendEntries Timeout, request=b38fff04-681d-43a3-90d0-26fe2e9a9866->445370a6-3850-4457-9c2c-f37f35928d12#119-t2, previous=(t:2, i:18), leaderCommit=12, initializing? false, entries: <empty>
2019-09-16 16:56:36,993 [grpc-default-executor-6] INFO  client.GrpcClientProtocolClient (GrpcClientProtocolClient.java:onNext(264)) - client-E281DC600642->445370a6-3850-4457-9c2c-f37f35928d12: receive RaftClientReply:client-E281DC600642->445370a6-3850-4457-9c2c-f37f35928d12@group-8BC1D30073B0, cid=29, FAILED org.apache.ratis.protocol.NotLeaderException: Server 445370a6-3850-4457-9c2c-f37f35928d12@group-8BC1D30073B0 is not the leader b38fff04-681d-43a3-90d0-26fe2e9a9866:192.168.5.184:37740, logIndex=0, commits[445370a6-3850-4457-9c2c-f37f35928d12:c12, b38fff04-681d-43a3-90d0-26fe2e9a9866:c12, e9d750f6-56b2-4d42-a810-39328f6044b5:c10]
2019-09-16 16:56:37,226 [grpc-default-executor-0] INFO  impl.RaftServerProxy (RaftServerProxy.java:remove(95)) - 55776132-47ae-4aef-91b7-92633cf48f43: remove group-1347CC5D7860:null
2019-09-16 16:56:37,229 [RatisPipelineUtilsThread] WARN  pipeline.RatisPipelineUtils (RatisPipelineUtils.java:destroyPipeline(66)) - Pipeline destroy failed for pipeline=PipelineID=00ea61f9-8c6e-42a1-b808-1347cc5d7860 dn=55776132-47ae-4aef-91b7-92633cf48f43{ip: 192.168.5.184, host: pr-hdds-2022-qxstf-1422721469, networkLocation: /default-rack, certSerialId: null}
2019-09-16 16:56:37,232 [grpc-default-executor-0] INFO  impl.RaftServerProxy (RaftServerProxy.java:remove(95)) - b176f217-5116-4f29-ae6c-8c5fe7374010: remove group-1347CC5D7860:null
2019-09-16 16:56:37,234 [RatisPipelineUtilsThread] WARN  pipeline.RatisPipelineUtils (RatisPipelineUtils.java:destroyPipeline(66)) - Pipeline destroy failed for pipeline=PipelineID=00ea61f9-8c6e-42a1-b808-1347cc5d7860 dn=b176f217-5116-4f29-ae6c-8c5fe7374010{ip: 192.168.5.184, host: pr-hdds-2022-qxstf-1422721469, networkLocation: /default-rack, certSerialId: null}
2019-09-16 16:56:37,237 [grpc-default-executor-0] INFO  impl.RaftServerProxy (RaftServerProxy.java:remove(95)) - c5a5e6b7-bb1e-4cfc-8262-1ca252faf540: remove group-1347CC5D7860:null
2019-09-16 16:56:37,238 [RatisPipelineUtilsThread] WARN  pipeline.RatisPipelineUtils (RatisPipelineUtils.java:destroyPipeline(66)) - Pipeline destroy failed for pipeline=PipelineID=00ea61f9-8c6e-42a1-b808-1347cc5d7860 dn=c5a5e6b7-bb1e-4cfc-8262-1ca252faf540{ip: 192.168.5.184, host: pr-hdds-2022-qxstf-1422721469, networkLocation: /default-rack, certSerialId: null}
2019-09-16 16:56:37,239 [RatisPipelineUtilsThread] ERROR pipeline.SCMPipelineManager (Scheduler.java:lambda$schedule$1(70)) - Destroy pipeline failed for pipeline:Pipeline[ Id: 00ea61f9-8c6e-42a1-b808-1347cc5d7860, Nodes: 55776132-47ae-4aef-91b7-92633cf48f43{ip: 192.168.5.184, host: pr-hdds-2022-qxstf-1422721469, networkLocation: /default-rack, certSerialId: null}b176f217-5116-4f29-ae6c-8c5fe7374010{ip: 192.168.5.184, host: pr-hdds-2022-qxstf-1422721469, networkLocation: /default-rack, certSerialId: null}c5a5e6b7-bb1e-4cfc-8262-1ca252faf540{ip: 192.168.5.184, host: pr-hdds-2022-qxstf-1422721469, networkLocation: /default-rack, certSerialId: null}, Type:RATIS, Factor:THREE, State:CLOSED]
org.apache.hadoop.hdds.scm.pipeline.PipelineNotFoundException: PipelineID=00ea61f9-8c6e-42a1-b808-1347cc5d7860 not found
	at org.apache.hadoop.hdds.scm.pipeline.PipelineStateMap.getPipeline(PipelineStateMap.java:132)
	at org.apache.hadoop.hdds.scm.pipeline.PipelineStateMap.removePipeline(PipelineStateMap.java:322)
	at org.apache.hadoop.hdds.scm.pipeline.PipelineStateManager.removePipeline(PipelineStateManager.java:107)
	at org.apache.hadoop.hdds.scm.pipeline.SCMPipelineManager.removePipeline(SCMPipelineManager.java:423)
	at org.apache.hadoop.hdds.scm.pipeline.SCMPipelineManager.destroyPipeline(SCMPipelineManager.java:409)
	at org.apache.hadoop.hdds.scm.pipeline.SCMPipelineManager.lambda$finalizeAndDestroyPipeline$0(SCMPipelineManager.java:318)
	at org.apache.hadoop.utils.Scheduler.lambda$schedule$1(Scheduler.java:68)
	at java.util.concurrent.Executors$RunnableAdapter.call(Executors.java:511)
	at java.util.concurrent.FutureTask.run(FutureTask.java:266)
	at java.util.concurrent.ScheduledThreadPoolExecutor$ScheduledFutureTask.access$201(ScheduledThreadPoolExecutor.java:180)
	at java.util.concurrent.ScheduledThreadPoolExecutor$ScheduledFutureTask.run(ScheduledThreadPoolExecutor.java:293)
	at java.util.concurrent.ThreadPoolExecutor.runWorker(ThreadPoolExecutor.java:1149)
	at java.util.concurrent.ThreadPoolExecutor$Worker.run(ThreadPoolExecutor.java:624)
	at java.lang.Thread.run(Thread.java:748)
2019-09-16 16:56:37,882 [grpc-default-executor-0] INFO  impl.RaftServerProxy (RaftServerProxy.java:remove(95)) - 55776132-47ae-4aef-91b7-92633cf48f43: remove group-1347CC5D7860:null
2019-09-16 16:56:37,884 [RatisPipelineUtilsThread] WARN  pipeline.RatisPipelineUtils (RatisPipelineUtils.java:destroyPipeline(66)) - Pipeline destroy failed for pipeline=PipelineID=00ea61f9-8c6e-42a1-b808-1347cc5d7860 dn=55776132-47ae-4aef-91b7-92633cf48f43{ip: 192.168.5.184, host: pr-hdds-2022-qxstf-1422721469, networkLocation: /default-rack, certSerialId: null}
2019-09-16 16:56:37,886 [grpc-default-executor-0] INFO  impl.RaftServerProxy (RaftServerProxy.java:remove(95)) - b176f217-5116-4f29-ae6c-8c5fe7374010: remove group-1347CC5D7860:null
2019-09-16 16:56:37,889 [RatisPipelineUtilsThread] WARN  pipeline.RatisPipelineUtils (RatisPipelineUtils.java:destroyPipeline(66)) - Pipeline destroy failed for pipeline=PipelineID=00ea61f9-8c6e-42a1-b808-1347cc5d7860 dn=b176f217-5116-4f29-ae6c-8c5fe7374010{ip: 192.168.5.184, host: pr-hdds-2022-qxstf-1422721469, networkLocation: /default-rack, certSerialId: null}
2019-09-16 16:56:37,891 [grpc-default-executor-0] INFO  impl.RaftServerProxy (RaftServerProxy.java:remove(95)) - c5a5e6b7-bb1e-4cfc-8262-1ca252faf540: remove group-1347CC5D7860:null
2019-09-16 16:56:37,893 [RatisPipelineUtilsThread] WARN  pipeline.RatisPipelineUtils (RatisPipelineUtils.java:destroyPipeline(66)) - Pipeline destroy failed for pipeline=PipelineID=00ea61f9-8c6e-42a1-b808-1347cc5d7860 dn=c5a5e6b7-bb1e-4cfc-8262-1ca252faf540{ip: 192.168.5.184, host: pr-hdds-2022-qxstf-1422721469, networkLocation: /default-rack, certSerialId: null}
2019-09-16 16:56:37,893 [RatisPipelineUtilsThread] ERROR pipeline.SCMPipelineManager (Scheduler.java:lambda$schedule$1(70)) - Destroy pipeline failed for pipeline:Pipeline[ Id: 00ea61f9-8c6e-42a1-b808-1347cc5d7860, Nodes: 55776132-47ae-4aef-91b7-92633cf48f43{ip: 192.168.5.184, host: pr-hdds-2022-qxstf-1422721469, networkLocation: /default-rack, certSerialId: null}b176f217-5116-4f29-ae6c-8c5fe7374010{ip: 192.168.5.184, host: pr-hdds-2022-qxstf-1422721469, networkLocation: /default-rack, certSerialId: null}c5a5e6b7-bb1e-4cfc-8262-1ca252faf540{ip: 192.168.5.184, host: pr-hdds-2022-qxstf-1422721469, networkLocation: /default-rack, certSerialId: null}, Type:RATIS, Factor:THREE, State:CLOSED]
org.apache.hadoop.hdds.scm.pipeline.PipelineNotFoundException: PipelineID=00ea61f9-8c6e-42a1-b808-1347cc5d7860 not found
	at org.apache.hadoop.hdds.scm.pipeline.PipelineStateMap.getPipeline(PipelineStateMap.java:132)
	at org.apache.hadoop.hdds.scm.pipeline.PipelineStateMap.removePipeline(PipelineStateMap.java:322)
	at org.apache.hadoop.hdds.scm.pipeline.PipelineStateManager.removePipeline(PipelineStateManager.java:107)
	at org.apache.hadoop.hdds.scm.pipeline.SCMPipelineManager.removePipeline(SCMPipelineManager.java:423)
	at org.apache.hadoop.hdds.scm.pipeline.SCMPipelineManager.destroyPipeline(SCMPipelineManager.java:409)
	at org.apache.hadoop.hdds.scm.pipeline.SCMPipelineManager.lambda$finalizeAndDestroyPipeline$0(SCMPipelineManager.java:318)
	at org.apache.hadoop.utils.Scheduler.lambda$schedule$1(Scheduler.java:68)
	at java.util.concurrent.Executors$RunnableAdapter.call(Executors.java:511)
	at java.util.concurrent.FutureTask.run(FutureTask.java:266)
	at java.util.concurrent.ScheduledThreadPoolExecutor$ScheduledFutureTask.access$201(ScheduledThreadPoolExecutor.java:180)
	at java.util.concurrent.ScheduledThreadPoolExecutor$ScheduledFutureTask.run(ScheduledThreadPoolExecutor.java:293)
	at java.util.concurrent.ThreadPoolExecutor.runWorker(ThreadPoolExecutor.java:1149)
	at java.util.concurrent.ThreadPoolExecutor$Worker.run(ThreadPoolExecutor.java:624)
	at java.lang.Thread.run(Thread.java:748)
2019-09-16 16:56:39,459 [java.util.concurrent.ThreadPoolExecutor$Worker@57a96755[State = -1, empty queue]] WARN  server.GrpcLogAppender (GrpcLogAppender.java:timeoutAppendRequest(200)) - b38fff04-681d-43a3-90d0-26fe2e9a9866@group-8BC1D30073B0->445370a6-3850-4457-9c2c-f37f35928d12-GrpcLogAppender: appendEntries Timeout, request=b38fff04-681d-43a3-90d0-26fe2e9a9866->445370a6-3850-4457-9c2c-f37f35928d12#120-t2, previous=(t:2, i:18), leaderCommit=12, initializing? false, entries: <empty>
2019-09-16 16:56:39,459 [java.util.concurrent.ThreadPoolExecutor$Worker@58806139[State = -1, empty queue]] WARN  server.GrpcLogAppender (GrpcLogAppender.java:timeoutAppendRequest(200)) - b38fff04-681d-43a3-90d0-26fe2e9a9866@group-8BC1D30073B0->e9d750f6-56b2-4d42-a810-39328f6044b5-GrpcLogAppender: appendEntries Timeout, request=b38fff04-681d-43a3-90d0-26fe2e9a9866->e9d750f6-56b2-4d42-a810-39328f6044b5#120-t2, previous=(t:2, i:18), leaderCommit=12, initializing? false, entries: <empty>
2019-09-16 16:56:41,445 [b38fff04-681d-43a3-90d0-26fe2e9a9866@group-8BC1D30073B0-SegmentedRaftLogWorker] WARN  segmented.SegmentedRaftLogWorker (SegmentedRaftLogWorker.java:getFromFuture(90)) - Timeout 6/~
org.apache.ratis.protocol.TimeoutIOException: Timeout 10s: WriteLog:13: (t:2, i:13), STATEMACHINELOGENTRY, client-E281DC600642, cid=29-writeStateMachineData
	at org.apache.ratis.util.IOUtils.getFromFuture(IOUtils.java:87)
	at org.apache.ratis.server.raftlog.segmented.SegmentedRaftLogWorker$StateMachineDataPolicy.getFromFuture(SegmentedRaftLogWorker.java:87)
	at org.apache.ratis.server.raftlog.segmented.SegmentedRaftLogWorker$WriteLog.execute(SegmentedRaftLogWorker.java:477)
	at org.apache.ratis.server.raftlog.segmented.SegmentedRaftLogWorker.run(SegmentedRaftLogWorker.java:289)
	at java.lang.Thread.run(Thread.java:748)
Caused by: java.util.concurrent.TimeoutException
	at java.util.concurrent.CompletableFuture.timedGet(CompletableFuture.java:1771)
	at java.util.concurrent.CompletableFuture.get(CompletableFuture.java:1915)
	at org.apache.ratis.util.IOUtils.getFromFuture(IOUtils.java:79)
	... 4 more
2019-09-16 16:56:41,445 [e9d750f6-56b2-4d42-a810-39328f6044b5@group-8BC1D30073B0-SegmentedRaftLogWorker] WARN  segmented.SegmentedRaftLogWorker (SegmentedRaftLogWorker.java:getFromFuture(90)) - Timeout 6/~
org.apache.ratis.protocol.TimeoutIOException: Timeout 10s: WriteLog:13: (t:2, i:13), STATEMACHINELOGENTRY, client-E281DC600642, cid=29-writeStateMachineData
	at org.apache.ratis.util.IOUtils.getFromFuture(IOUtils.java:87)
	at org.apache.ratis.server.raftlog.segmented.SegmentedRaftLogWorker$StateMachineDataPolicy.getFromFuture(SegmentedRaftLogWorker.java:87)
	at org.apache.ratis.server.raftlog.segmented.SegmentedRaftLogWorker$WriteLog.execute(SegmentedRaftLogWorker.java:477)
	at org.apache.ratis.server.raftlog.segmented.SegmentedRaftLogWorker.run(SegmentedRaftLogWorker.java:289)
	at java.lang.Thread.run(Thread.java:748)
Caused by: java.util.concurrent.TimeoutException
	at java.util.concurrent.CompletableFuture.timedGet(CompletableFuture.java:1771)
	at java.util.concurrent.CompletableFuture.get(CompletableFuture.java:1915)
	at org.apache.ratis.util.IOUtils.getFromFuture(IOUtils.java:79)
	... 4 more
2019-09-16 16:56:41,653 [445370a6-3850-4457-9c2c-f37f35928d12@group-8BC1D30073B0-SegmentedRaftLogWorker] WARN  segmented.SegmentedRaftLogWorker (SegmentedRaftLogWorker.java:getFromFuture(90)) - Timeout 6/~
org.apache.ratis.protocol.TimeoutIOException: Timeout 10s: WriteLog:14: (t:2, i:14), STATEMACHINELOGENTRY, client-E281DC600642, cid=30-writeStateMachineData
	at org.apache.ratis.util.IOUtils.getFromFuture(IOUtils.java:87)
	at org.apache.ratis.server.raftlog.segmented.SegmentedRaftLogWorker$StateMachineDataPolicy.getFromFuture(SegmentedRaftLogWorker.java:87)
	at org.apache.ratis.server.raftlog.segmented.SegmentedRaftLogWorker$WriteLog.execute(SegmentedRaftLogWorker.java:477)
	at org.apache.ratis.server.raftlog.segmented.SegmentedRaftLogWorker.run(SegmentedRaftLogWorker.java:289)
	at java.lang.Thread.run(Thread.java:748)
Caused by: java.util.concurrent.TimeoutException
	at java.util.concurrent.CompletableFuture.timedGet(CompletableFuture.java:1771)
	at java.util.concurrent.CompletableFuture.get(CompletableFuture.java:1915)
	at org.apache.ratis.util.IOUtils.getFromFuture(IOUtils.java:79)
	... 4 more
2019-09-16 16:56:41,960 [java.util.concurrent.ThreadPoolExecutor$Worker@57a96755[State = -1, empty queue]] WARN  server.GrpcLogAppender (GrpcLogAppender.java:timeoutAppendRequest(200)) - b38fff04-681d-43a3-90d0-26fe2e9a9866@group-8BC1D30073B0->445370a6-3850-4457-9c2c-f37f35928d12-GrpcLogAppender: appendEntries Timeout, request=b38fff04-681d-43a3-90d0-26fe2e9a9866->445370a6-3850-4457-9c2c-f37f35928d12#121-t2, previous=(t:2, i:18), leaderCommit=12, initializing? false, entries: <empty>
2019-09-16 16:56:41,960 [java.util.concurrent.ThreadPoolExecutor$Worker@58806139[State = -1, empty queue]] WARN  server.GrpcLogAppender (GrpcLogAppender.java:timeoutAppendRequest(200)) - b38fff04-681d-43a3-90d0-26fe2e9a9866@group-8BC1D30073B0->e9d750f6-56b2-4d42-a810-39328f6044b5-GrpcLogAppender: appendEntries Timeout, request=b38fff04-681d-43a3-90d0-26fe2e9a9866->e9d750f6-56b2-4d42-a810-39328f6044b5#121-t2, previous=(t:2, i:18), leaderCommit=12, initializing? false, entries: <empty>
2019-09-16 16:56:42,032 [grpc-default-executor-0] INFO  client.GrpcClientProtocolClient (GrpcClientProtocolClient.java:onNext(264)) - client-E281DC600642->e9d750f6-56b2-4d42-a810-39328f6044b5: receive RaftClientReply:client-E281DC600642->e9d750f6-56b2-4d42-a810-39328f6044b5@group-8BC1D30073B0, cid=29, FAILED org.apache.ratis.protocol.NotLeaderException: Server e9d750f6-56b2-4d42-a810-39328f6044b5@group-8BC1D30073B0 is not the leader b38fff04-681d-43a3-90d0-26fe2e9a9866:192.168.5.184:37740, logIndex=0, commits[e9d750f6-56b2-4d42-a810-39328f6044b5:c12, 445370a6-3850-4457-9c2c-f37f35928d12:c10, b38fff04-681d-43a3-90d0-26fe2e9a9866:c12]
2019-09-16 16:56:44,470 [java.util.concurrent.ThreadPoolExecutor$Worker@57a96755[State = -1, empty queue]] WARN  server.GrpcLogAppender (GrpcLogAppender.java:timeoutAppendRequest(200)) - b38fff04-681d-43a3-90d0-26fe2e9a9866@group-8BC1D30073B0->445370a6-3850-4457-9c2c-f37f35928d12-GrpcLogAppender: appendEntries Timeout, request=b38fff04-681d-43a3-90d0-26fe2e9a9866->445370a6-3850-4457-9c2c-f37f35928d12#122-t2, previous=(t:2, i:18), leaderCommit=12, initializing? false, entries: <empty>
2019-09-16 16:56:44,470 [java.util.concurrent.ThreadPoolExecutor$Worker@58806139[State = -1, empty queue]] WARN  server.GrpcLogAppender (GrpcLogAppender.java:timeoutAppendRequest(200)) - b38fff04-681d-43a3-90d0-26fe2e9a9866@group-8BC1D30073B0->e9d750f6-56b2-4d42-a810-39328f6044b5-GrpcLogAppender: appendEntries Timeout, request=b38fff04-681d-43a3-90d0-26fe2e9a9866->e9d750f6-56b2-4d42-a810-39328f6044b5#122-t2, previous=(t:2, i:18), leaderCommit=12, initializing? false, entries: <empty>
2019-09-16 16:56:46,972 [java.util.concurrent.ThreadPoolExecutor$Worker@58806139[State = -1, empty queue]] WARN  server.GrpcLogAppender (GrpcLogAppender.java:timeoutAppendRequest(200)) - b38fff04-681d-43a3-90d0-26fe2e9a9866@group-8BC1D30073B0->e9d750f6-56b2-4d42-a810-39328f6044b5-GrpcLogAppender: appendEntries Timeout, request=b38fff04-681d-43a3-90d0-26fe2e9a9866->e9d750f6-56b2-4d42-a810-39328f6044b5#123-t2, previous=(t:2, i:18), leaderCommit=12, initializing? false, entries: <empty>
2019-09-16 16:56:46,972 [java.util.concurrent.ThreadPoolExecutor$Worker@57a96755[State = -1, empty queue]] WARN  server.GrpcLogAppender (GrpcLogAppender.java:timeoutAppendRequest(200)) - b38fff04-681d-43a3-90d0-26fe2e9a9866@group-8BC1D30073B0->445370a6-3850-4457-9c2c-f37f35928d12-GrpcLogAppender: appendEntries Timeout, request=b38fff04-681d-43a3-90d0-26fe2e9a9866->445370a6-3850-4457-9c2c-f37f35928d12#123-t2, previous=(t:2, i:18), leaderCommit=12, initializing? false, entries: <empty>
2019-09-16 16:56:47,082 [grpc-default-executor-6] INFO  client.GrpcClientProtocolClient (GrpcClientProtocolClient.java:onNext(264)) - client-E281DC600642->e9d750f6-56b2-4d42-a810-39328f6044b5: receive RaftClientReply:client-E281DC600642->e9d750f6-56b2-4d42-a810-39328f6044b5@group-8BC1D30073B0, cid=29, FAILED org.apache.ratis.protocol.NotLeaderException: Server e9d750f6-56b2-4d42-a810-39328f6044b5@group-8BC1D30073B0 is not the leader b38fff04-681d-43a3-90d0-26fe2e9a9866:192.168.5.184:37740, logIndex=0, commits[e9d750f6-56b2-4d42-a810-39328f6044b5:c12, 445370a6-3850-4457-9c2c-f37f35928d12:c10, b38fff04-681d-43a3-90d0-26fe2e9a9866:c12]
2019-09-16 16:56:49,473 [java.util.concurrent.ThreadPoolExecutor$Worker@57a96755[State = -1, empty queue]] WARN  server.GrpcLogAppender (GrpcLogAppender.java:timeoutAppendRequest(200)) - b38fff04-681d-43a3-90d0-26fe2e9a9866@group-8BC1D30073B0->445370a6-3850-4457-9c2c-f37f35928d12-GrpcLogAppender: appendEntries Timeout, request=b38fff04-681d-43a3-90d0-26fe2e9a9866->445370a6-3850-4457-9c2c-f37f35928d12#124-t2, previous=(t:2, i:18), leaderCommit=12, initializing? false, entries: <empty>
2019-09-16 16:56:49,473 [java.util.concurrent.ThreadPoolExecutor$Worker@58806139[State = -1, empty queue]] WARN  server.GrpcLogAppender (GrpcLogAppender.java:timeoutAppendRequest(200)) - b38fff04-681d-43a3-90d0-26fe2e9a9866@group-8BC1D30073B0->e9d750f6-56b2-4d42-a810-39328f6044b5-GrpcLogAppender: appendEntries Timeout, request=b38fff04-681d-43a3-90d0-26fe2e9a9866->e9d750f6-56b2-4d42-a810-39328f6044b5#124-t2, previous=(t:2, i:18), leaderCommit=12, initializing? false, entries: <empty>
2019-09-16 16:56:51,447 [b38fff04-681d-43a3-90d0-26fe2e9a9866@group-8BC1D30073B0-SegmentedRaftLogWorker] WARN  segmented.SegmentedRaftLogWorker (SegmentedRaftLogWorker.java:getFromFuture(90)) - Timeout 7/~
org.apache.ratis.protocol.TimeoutIOException: Timeout 10s: WriteLog:13: (t:2, i:13), STATEMACHINELOGENTRY, client-E281DC600642, cid=29-writeStateMachineData
	at org.apache.ratis.util.IOUtils.getFromFuture(IOUtils.java:87)
	at org.apache.ratis.server.raftlog.segmented.SegmentedRaftLogWorker$StateMachineDataPolicy.getFromFuture(SegmentedRaftLogWorker.java:87)
	at org.apache.ratis.server.raftlog.segmented.SegmentedRaftLogWorker$WriteLog.execute(SegmentedRaftLogWorker.java:477)
	at org.apache.ratis.server.raftlog.segmented.SegmentedRaftLogWorker.run(SegmentedRaftLogWorker.java:289)
	at java.lang.Thread.run(Thread.java:748)
Caused by: java.util.concurrent.TimeoutException
	at java.util.concurrent.CompletableFuture.timedGet(CompletableFuture.java:1771)
	at java.util.concurrent.CompletableFuture.get(CompletableFuture.java:1915)
	at org.apache.ratis.util.IOUtils.getFromFuture(IOUtils.java:79)
	... 4 more
2019-09-16 16:56:51,468 [e9d750f6-56b2-4d42-a810-39328f6044b5@group-8BC1D30073B0-SegmentedRaftLogWorker] WARN  segmented.SegmentedRaftLogWorker (SegmentedRaftLogWorker.java:getFromFuture(90)) - Timeout 7/~
org.apache.ratis.protocol.TimeoutIOException: Timeout 10s: WriteLog:13: (t:2, i:13), STATEMACHINELOGENTRY, client-E281DC600642, cid=29-writeStateMachineData
	at org.apache.ratis.util.IOUtils.getFromFuture(IOUtils.java:87)
	at org.apache.ratis.server.raftlog.segmented.SegmentedRaftLogWorker$StateMachineDataPolicy.getFromFuture(SegmentedRaftLogWorker.java:87)
	at org.apache.ratis.server.raftlog.segmented.SegmentedRaftLogWorker$WriteLog.execute(SegmentedRaftLogWorker.java:477)
	at org.apache.ratis.server.raftlog.segmented.SegmentedRaftLogWorker.run(SegmentedRaftLogWorker.java:289)
	at java.lang.Thread.run(Thread.java:748)
Caused by: java.util.concurrent.TimeoutException
	at java.util.concurrent.CompletableFuture.timedGet(CompletableFuture.java:1771)
	at java.util.concurrent.CompletableFuture.get(CompletableFuture.java:1915)
	at org.apache.ratis.util.IOUtils.getFromFuture(IOUtils.java:79)
	... 4 more
2019-09-16 16:56:51,654 [445370a6-3850-4457-9c2c-f37f35928d12@group-8BC1D30073B0-SegmentedRaftLogWorker] WARN  segmented.SegmentedRaftLogWorker (SegmentedRaftLogWorker.java:getFromFuture(90)) - Timeout 7/~
org.apache.ratis.protocol.TimeoutIOException: Timeout 10s: WriteLog:14: (t:2, i:14), STATEMACHINELOGENTRY, client-E281DC600642, cid=30-writeStateMachineData
	at org.apache.ratis.util.IOUtils.getFromFuture(IOUtils.java:87)
	at org.apache.ratis.server.raftlog.segmented.SegmentedRaftLogWorker$StateMachineDataPolicy.getFromFuture(SegmentedRaftLogWorker.java:87)
	at org.apache.ratis.server.raftlog.segmented.SegmentedRaftLogWorker$WriteLog.execute(SegmentedRaftLogWorker.java:477)
	at org.apache.ratis.server.raftlog.segmented.SegmentedRaftLogWorker.run(SegmentedRaftLogWorker.java:289)
	at java.lang.Thread.run(Thread.java:748)
Caused by: java.util.concurrent.TimeoutException
	at java.util.concurrent.CompletableFuture.timedGet(CompletableFuture.java:1771)
	at java.util.concurrent.CompletableFuture.get(CompletableFuture.java:1915)
	at org.apache.ratis.util.IOUtils.getFromFuture(IOUtils.java:79)
	... 4 more
2019-09-16 16:56:51,974 [java.util.concurrent.ThreadPoolExecutor$Worker@58806139[State = -1, empty queue]] WARN  server.GrpcLogAppender (GrpcLogAppender.java:timeoutAppendRequest(200)) - b38fff04-681d-43a3-90d0-26fe2e9a9866@group-8BC1D30073B0->e9d750f6-56b2-4d42-a810-39328f6044b5-GrpcLogAppender: appendEntries Timeout, request=b38fff04-681d-43a3-90d0-26fe2e9a9866->e9d750f6-56b2-4d42-a810-39328f6044b5#125-t2, previous=(t:2, i:18), leaderCommit=12, initializing? false, entries: <empty>
2019-09-16 16:56:51,974 [java.util.concurrent.ThreadPoolExecutor$Worker@57a96755[State = -1, empty queue]] WARN  server.GrpcLogAppender (GrpcLogAppender.java:timeoutAppendRequest(200)) - b38fff04-681d-43a3-90d0-26fe2e9a9866@group-8BC1D30073B0->445370a6-3850-4457-9c2c-f37f35928d12-GrpcLogAppender: appendEntries Timeout, request=b38fff04-681d-43a3-90d0-26fe2e9a9866->445370a6-3850-4457-9c2c-f37f35928d12#125-t2, previous=(t:2, i:18), leaderCommit=12, initializing? false, entries: <empty>
2019-09-16 16:56:52,130 [grpc-default-executor-4] INFO  client.GrpcClientProtocolClient (GrpcClientProtocolClient.java:onNext(264)) - client-E281DC600642->445370a6-3850-4457-9c2c-f37f35928d12: receive RaftClientReply:client-E281DC600642->445370a6-3850-4457-9c2c-f37f35928d12@group-8BC1D30073B0, cid=29, FAILED org.apache.ratis.protocol.NotLeaderException: Server 445370a6-3850-4457-9c2c-f37f35928d12@group-8BC1D30073B0 is not the leader b38fff04-681d-43a3-90d0-26fe2e9a9866:192.168.5.184:37740, logIndex=0, commits[445370a6-3850-4457-9c2c-f37f35928d12:c12, b38fff04-681d-43a3-90d0-26fe2e9a9866:c12, e9d750f6-56b2-4d42-a810-39328f6044b5:c10]
2019-09-16 16:56:54,475 [java.util.concurrent.ThreadPoolExecutor$Worker@58806139[State = -1, empty queue]] WARN  server.GrpcLogAppender (GrpcLogAppender.java:timeoutAppendRequest(200)) - b38fff04-681d-43a3-90d0-26fe2e9a9866@group-8BC1D30073B0->e9d750f6-56b2-4d42-a810-39328f6044b5-GrpcLogAppender: appendEntries Timeout, request=b38fff04-681d-43a3-90d0-26fe2e9a9866->e9d750f6-56b2-4d42-a810-39328f6044b5#126-t2, previous=(t:2, i:18), leaderCommit=12, initializing? false, entries: <empty>
2019-09-16 16:56:54,475 [java.util.concurrent.ThreadPoolExecutor$Worker@57a96755[State = -1, empty queue]] WARN  server.GrpcLogAppender (GrpcLogAppender.java:timeoutAppendRequest(200)) - b38fff04-681d-43a3-90d0-26fe2e9a9866@group-8BC1D30073B0->445370a6-3850-4457-9c2c-f37f35928d12-GrpcLogAppender: appendEntries Timeout, request=b38fff04-681d-43a3-90d0-26fe2e9a9866->445370a6-3850-4457-9c2c-f37f35928d12#126-t2, previous=(t:2, i:18), leaderCommit=12, initializing? false, entries: <empty>
2019-09-16 16:56:56,975 [java.util.concurrent.ThreadPoolExecutor$Worker@58806139[State = -1, empty queue]] WARN  server.GrpcLogAppender (GrpcLogAppender.java:timeoutAppendRequest(200)) - b38fff04-681d-43a3-90d0-26fe2e9a9866@group-8BC1D30073B0->e9d750f6-56b2-4d42-a810-39328f6044b5-GrpcLogAppender: appendEntries Timeout, request=b38fff04-681d-43a3-90d0-26fe2e9a9866->e9d750f6-56b2-4d42-a810-39328f6044b5#127-t2, previous=(t:2, i:18), leaderCommit=12, initializing? false, entries: <empty>
2019-09-16 16:56:56,975 [java.util.concurrent.ThreadPoolExecutor$Worker@57a96755[State = -1, empty queue]] WARN  server.GrpcLogAppender (GrpcLogAppender.java:timeoutAppendRequest(200)) - b38fff04-681d-43a3-90d0-26fe2e9a9866@group-8BC1D30073B0->445370a6-3850-4457-9c2c-f37f35928d12-GrpcLogAppender: appendEntries Timeout, request=b38fff04-681d-43a3-90d0-26fe2e9a9866->445370a6-3850-4457-9c2c-f37f35928d12#127-t2, previous=(t:2, i:18), leaderCommit=12, initializing? false, entries: <empty>
2019-09-16 16:56:57,187 [grpc-default-executor-0] INFO  client.GrpcClientProtocolClient (GrpcClientProtocolClient.java:onNext(264)) - client-E281DC600642->e9d750f6-56b2-4d42-a810-39328f6044b5: receive RaftClientReply:client-E281DC600642->e9d750f6-56b2-4d42-a810-39328f6044b5@group-8BC1D30073B0, cid=29, FAILED org.apache.ratis.protocol.NotLeaderException: Server e9d750f6-56b2-4d42-a810-39328f6044b5@group-8BC1D30073B0 is not the leader b38fff04-681d-43a3-90d0-26fe2e9a9866:192.168.5.184:37740, logIndex=0, commits[e9d750f6-56b2-4d42-a810-39328f6044b5:c12, 445370a6-3850-4457-9c2c-f37f35928d12:c10, b38fff04-681d-43a3-90d0-26fe2e9a9866:c12]
2019-09-16 16:56:59,476 [java.util.concurrent.ThreadPoolExecutor$Worker@57a96755[State = -1, empty queue]] WARN  server.GrpcLogAppender (GrpcLogAppender.java:timeoutAppendRequest(200)) - b38fff04-681d-43a3-90d0-26fe2e9a9866@group-8BC1D30073B0->445370a6-3850-4457-9c2c-f37f35928d12-GrpcLogAppender: appendEntries Timeout, request=b38fff04-681d-43a3-90d0-26fe2e9a9866->445370a6-3850-4457-9c2c-f37f35928d12#128-t2, previous=(t:2, i:18), leaderCommit=12, initializing? false, entries: <empty>
2019-09-16 16:56:59,476 [java.util.concurrent.ThreadPoolExecutor$Worker@58806139[State = -1, empty queue]] WARN  server.GrpcLogAppender (GrpcLogAppender.java:timeoutAppendRequest(200)) - b38fff04-681d-43a3-90d0-26fe2e9a9866@group-8BC1D30073B0->e9d750f6-56b2-4d42-a810-39328f6044b5-GrpcLogAppender: appendEntries Timeout, request=b38fff04-681d-43a3-90d0-26fe2e9a9866->e9d750f6-56b2-4d42-a810-39328f6044b5#128-t2, previous=(t:2, i:18), leaderCommit=12, initializing? false, entries: <empty>
2019-09-16 16:57:01,448 [b38fff04-681d-43a3-90d0-26fe2e9a9866@group-8BC1D30073B0-SegmentedRaftLogWorker] WARN  segmented.SegmentedRaftLogWorker (SegmentedRaftLogWorker.java:getFromFuture(90)) - Timeout 8/~
org.apache.ratis.protocol.TimeoutIOException: Timeout 10s: WriteLog:13: (t:2, i:13), STATEMACHINELOGENTRY, client-E281DC600642, cid=29-writeStateMachineData
	at org.apache.ratis.util.IOUtils.getFromFuture(IOUtils.java:87)
	at org.apache.ratis.server.raftlog.segmented.SegmentedRaftLogWorker$StateMachineDataPolicy.getFromFuture(SegmentedRaftLogWorker.java:87)
	at org.apache.ratis.server.raftlog.segmented.SegmentedRaftLogWorker$WriteLog.execute(SegmentedRaftLogWorker.java:477)
	at org.apache.ratis.server.raftlog.segmented.SegmentedRaftLogWorker.run(SegmentedRaftLogWorker.java:289)
	at java.lang.Thread.run(Thread.java:748)
Caused by: java.util.concurrent.TimeoutException
	at java.util.concurrent.CompletableFuture.timedGet(CompletableFuture.java:1771)
	at java.util.concurrent.CompletableFuture.get(CompletableFuture.java:1915)
	at org.apache.ratis.util.IOUtils.getFromFuture(IOUtils.java:79)
	... 4 more
2019-09-16 16:57:01,469 [e9d750f6-56b2-4d42-a810-39328f6044b5@group-8BC1D30073B0-SegmentedRaftLogWorker] WARN  segmented.SegmentedRaftLogWorker (SegmentedRaftLogWorker.java:getFromFuture(90)) - Timeout 8/~
org.apache.ratis.protocol.TimeoutIOException: Timeout 10s: WriteLog:13: (t:2, i:13), STATEMACHINELOGENTRY, client-E281DC600642, cid=29-writeStateMachineData
	at org.apache.ratis.util.IOUtils.getFromFuture(IOUtils.java:87)
	at org.apache.ratis.server.raftlog.segmented.SegmentedRaftLogWorker$StateMachineDataPolicy.getFromFuture(SegmentedRaftLogWorker.java:87)
	at org.apache.ratis.server.raftlog.segmented.SegmentedRaftLogWorker$WriteLog.execute(SegmentedRaftLogWorker.java:477)
	at org.apache.ratis.server.raftlog.segmented.SegmentedRaftLogWorker.run(SegmentedRaftLogWorker.java:289)
	at java.lang.Thread.run(Thread.java:748)
Caused by: java.util.concurrent.TimeoutException
	at java.util.concurrent.CompletableFuture.timedGet(CompletableFuture.java:1771)
	at java.util.concurrent.CompletableFuture.get(CompletableFuture.java:1915)
	at org.apache.ratis.util.IOUtils.getFromFuture(IOUtils.java:79)
	... 4 more
2019-09-16 16:57:01,655 [445370a6-3850-4457-9c2c-f37f35928d12@group-8BC1D30073B0-SegmentedRaftLogWorker] WARN  segmented.SegmentedRaftLogWorker (SegmentedRaftLogWorker.java:getFromFuture(90)) - Timeout 8/~
org.apache.ratis.protocol.TimeoutIOException: Timeout 10s: WriteLog:14: (t:2, i:14), STATEMACHINELOGENTRY, client-E281DC600642, cid=30-writeStateMachineData
	at org.apache.ratis.util.IOUtils.getFromFuture(IOUtils.java:87)
	at org.apache.ratis.server.raftlog.segmented.SegmentedRaftLogWorker$StateMachineDataPolicy.getFromFuture(SegmentedRaftLogWorker.java:87)
	at org.apache.ratis.server.raftlog.segmented.SegmentedRaftLogWorker$WriteLog.execute(SegmentedRaftLogWorker.java:477)
	at org.apache.ratis.server.raftlog.segmented.SegmentedRaftLogWorker.run(SegmentedRaftLogWorker.java:289)
	at java.lang.Thread.run(Thread.java:748)
Caused by: java.util.concurrent.TimeoutException
	at java.util.concurrent.CompletableFuture.timedGet(CompletableFuture.java:1771)
	at java.util.concurrent.CompletableFuture.get(CompletableFuture.java:1915)
	at org.apache.ratis.util.IOUtils.getFromFuture(IOUtils.java:79)
	... 4 more
2019-09-16 16:57:01,977 [java.util.concurrent.ThreadPoolExecutor$Worker@58806139[State = -1, empty queue]] WARN  server.GrpcLogAppender (GrpcLogAppender.java:timeoutAppendRequest(200)) - b38fff04-681d-43a3-90d0-26fe2e9a9866@group-8BC1D30073B0->e9d750f6-56b2-4d42-a810-39328f6044b5-GrpcLogAppender: appendEntries Timeout, request=b38fff04-681d-43a3-90d0-26fe2e9a9866->e9d750f6-56b2-4d42-a810-39328f6044b5#129-t2, previous=(t:2, i:18), leaderCommit=12, initializing? false, entries: <empty>
2019-09-16 16:57:01,977 [java.util.concurrent.ThreadPoolExecutor$Worker@57a96755[State = -1, empty queue]] WARN  server.GrpcLogAppender (GrpcLogAppender.java:timeoutAppendRequest(200)) - b38fff04-681d-43a3-90d0-26fe2e9a9866@group-8BC1D30073B0->445370a6-3850-4457-9c2c-f37f35928d12-GrpcLogAppender: appendEntries Timeout, request=b38fff04-681d-43a3-90d0-26fe2e9a9866->445370a6-3850-4457-9c2c-f37f35928d12#129-t2, previous=(t:2, i:18), leaderCommit=12, initializing? false, entries: <empty>
2019-09-16 16:57:02,246 [grpc-default-executor-0] INFO  client.GrpcClientProtocolClient (GrpcClientProtocolClient.java:onNext(264)) - client-E281DC600642->445370a6-3850-4457-9c2c-f37f35928d12: receive RaftClientReply:client-E281DC600642->445370a6-3850-4457-9c2c-f37f35928d12@group-8BC1D30073B0, cid=29, FAILED org.apache.ratis.protocol.NotLeaderException: Server 445370a6-3850-4457-9c2c-f37f35928d12@group-8BC1D30073B0 is not the leader b38fff04-681d-43a3-90d0-26fe2e9a9866:192.168.5.184:37740, logIndex=0, commits[445370a6-3850-4457-9c2c-f37f35928d12:c12, b38fff04-681d-43a3-90d0-26fe2e9a9866:c12, e9d750f6-56b2-4d42-a810-39328f6044b5:c10]
2019-09-16 16:57:04,478 [java.util.concurrent.ThreadPoolExecutor$Worker@57a96755[State = -1, empty queue]] WARN  server.GrpcLogAppender (GrpcLogAppender.java:timeoutAppendRequest(200)) - b38fff04-681d-43a3-90d0-26fe2e9a9866@group-8BC1D30073B0->445370a6-3850-4457-9c2c-f37f35928d12-GrpcLogAppender: appendEntries Timeout, request=b38fff04-681d-43a3-90d0-26fe2e9a9866->445370a6-3850-4457-9c2c-f37f35928d12#130-t2, previous=(t:2, i:18), leaderCommit=12, initializing? false, entries: <empty>
2019-09-16 16:57:04,478 [java.util.concurrent.ThreadPoolExecutor$Worker@58806139[State = -1, empty queue]] WARN  server.GrpcLogAppender (GrpcLogAppender.java:timeoutAppendRequest(200)) - b38fff04-681d-43a3-90d0-26fe2e9a9866@group-8BC1D30073B0->e9d750f6-56b2-4d42-a810-39328f6044b5-GrpcLogAppender: appendEntries Timeout, request=b38fff04-681d-43a3-90d0-26fe2e9a9866->e9d750f6-56b2-4d42-a810-39328f6044b5#130-t2, previous=(t:2, i:18), leaderCommit=12, initializing? false, entries: <empty>
2019-09-16 16:57:06,978 [java.util.concurrent.ThreadPoolExecutor$Worker@58806139[State = -1, empty queue]] WARN  server.GrpcLogAppender (GrpcLogAppender.java:timeoutAppendRequest(200)) - b38fff04-681d-43a3-90d0-26fe2e9a9866@group-8BC1D30073B0->e9d750f6-56b2-4d42-a810-39328f6044b5-GrpcLogAppender: appendEntries Timeout, request=b38fff04-681d-43a3-90d0-26fe2e9a9866->e9d750f6-56b2-4d42-a810-39328f6044b5#131-t2, previous=(t:2, i:18), leaderCommit=12, initializing? false, entries: <empty>
2019-09-16 16:57:06,978 [java.util.concurrent.ThreadPoolExecutor$Worker@57a96755[State = -1, empty queue]] WARN  server.GrpcLogAppender (GrpcLogAppender.java:timeoutAppendRequest(200)) - b38fff04-681d-43a3-90d0-26fe2e9a9866@group-8BC1D30073B0->445370a6-3850-4457-9c2c-f37f35928d12-GrpcLogAppender: appendEntries Timeout, request=b38fff04-681d-43a3-90d0-26fe2e9a9866->445370a6-3850-4457-9c2c-f37f35928d12#131-t2, previous=(t:2, i:18), leaderCommit=12, initializing? false, entries: <empty>
2019-09-16 16:57:07,283 [grpc-default-executor-0] INFO  client.GrpcClientProtocolClient (GrpcClientProtocolClient.java:onNext(264)) - client-E281DC600642->e9d750f6-56b2-4d42-a810-39328f6044b5: receive RaftClientReply:client-E281DC600642->e9d750f6-56b2-4d42-a810-39328f6044b5@group-8BC1D30073B0, cid=29, FAILED org.apache.ratis.protocol.NotLeaderException: Server e9d750f6-56b2-4d42-a810-39328f6044b5@group-8BC1D30073B0 is not the leader b38fff04-681d-43a3-90d0-26fe2e9a9866:192.168.5.184:37740, logIndex=0, commits[e9d750f6-56b2-4d42-a810-39328f6044b5:c12, 445370a6-3850-4457-9c2c-f37f35928d12:c10, b38fff04-681d-43a3-90d0-26fe2e9a9866:c12]
2019-09-16 16:57:09,478 [java.util.concurrent.ThreadPoolExecutor$Worker@57a96755[State = -1, empty queue]] WARN  server.GrpcLogAppender (GrpcLogAppender.java:timeoutAppendRequest(200)) - b38fff04-681d-43a3-90d0-26fe2e9a9866@group-8BC1D30073B0->445370a6-3850-4457-9c2c-f37f35928d12-GrpcLogAppender: appendEntries Timeout, request=b38fff04-681d-43a3-90d0-26fe2e9a9866->445370a6-3850-4457-9c2c-f37f35928d12#132-t2, previous=(t:2, i:18), leaderCommit=12, initializing? false, entries: <empty>
2019-09-16 16:57:09,478 [java.util.concurrent.ThreadPoolExecutor$Worker@58806139[State = -1, empty queue]] WARN  server.GrpcLogAppender (GrpcLogAppender.java:timeoutAppendRequest(200)) - b38fff04-681d-43a3-90d0-26fe2e9a9866@group-8BC1D30073B0->e9d750f6-56b2-4d42-a810-39328f6044b5-GrpcLogAppender: appendEntries Timeout, request=b38fff04-681d-43a3-90d0-26fe2e9a9866->e9d750f6-56b2-4d42-a810-39328f6044b5#132-t2, previous=(t:2, i:18), leaderCommit=12, initializing? false, entries: <empty>
2019-09-16 16:57:10,751 [ReplicationMonitor] INFO  container.ReplicationManager (ReplicationManager.java:forceCloseContainer(464)) - Force closing container #2 with BCSID 6, which is in QUASI_CLOSED state.
2019-09-16 16:57:10,753 [ReplicationMonitor] INFO  container.ReplicationManager (ReplicationManager.java:sendCloseCommand(659)) - Sending close container command for container #2 to datanode 55776132-47ae-4aef-91b7-92633cf48f43{ip: 192.168.5.184, host: pr-hdds-2022-qxstf-1422721469, networkLocation: /default-rack, certSerialId: null}.
2019-09-16 16:57:10,753 [ReplicationMonitor] INFO  container.ReplicationManager (ReplicationManager.java:sendCloseCommand(659)) - Sending close container command for container #2 to datanode b176f217-5116-4f29-ae6c-8c5fe7374010{ip: 192.168.5.184, host: pr-hdds-2022-qxstf-1422721469, networkLocation: /default-rack, certSerialId: null}.
2019-09-16 16:57:10,753 [ReplicationMonitor] INFO  container.ReplicationManager (ReplicationManager.java:sendCloseCommand(659)) - Sending close container command for container #2 to datanode c5a5e6b7-bb1e-4cfc-8262-1ca252faf540{ip: 192.168.5.184, host: pr-hdds-2022-qxstf-1422721469, networkLocation: /default-rack, certSerialId: null}.
2019-09-16 16:57:10,753 [ReplicationMonitor] INFO  container.ReplicationManager (ReplicationManager.java:forceCloseContainer(464)) - Force closing container #3 with BCSID 0, which is in QUASI_CLOSED state.
2019-09-16 16:57:10,753 [ReplicationMonitor] INFO  container.ReplicationManager (ReplicationManager.java:sendCloseCommand(659)) - Sending close container command for container #3 to datanode b176f217-5116-4f29-ae6c-8c5fe7374010{ip: 192.168.5.184, host: pr-hdds-2022-qxstf-1422721469, networkLocation: /default-rack, certSerialId: null}.
2019-09-16 16:57:10,754 [ReplicationMonitor] INFO  container.ReplicationManager (ReplicationManager.java:sendCloseCommand(659)) - Sending close container command for container #3 to datanode c5a5e6b7-bb1e-4cfc-8262-1ca252faf540{ip: 192.168.5.184, host: pr-hdds-2022-qxstf-1422721469, networkLocation: /default-rack, certSerialId: null}.
2019-09-16 16:57:10,754 [ReplicationMonitor] INFO  container.ReplicationManager (ReplicationManager.java:sendCloseCommand(659)) - Sending close container command for container #3 to datanode 55776132-47ae-4aef-91b7-92633cf48f43{ip: 192.168.5.184, host: pr-hdds-2022-qxstf-1422721469, networkLocation: /default-rack, certSerialId: null}.
2019-09-16 16:57:10,754 [ReplicationMonitor] INFO  container.ReplicationManager (ReplicationManager.java:run(225)) - Replication Monitor Thread took 10 milliseconds for processing 5 containers.
2019-09-16 16:57:11,451 [b38fff04-681d-43a3-90d0-26fe2e9a9866@group-8BC1D30073B0-SegmentedRaftLogWorker] WARN  segmented.SegmentedRaftLogWorker (SegmentedRaftLogWorker.java:getFromFuture(90)) - Timeout 9/~
org.apache.ratis.protocol.TimeoutIOException: Timeout 10s: WriteLog:13: (t:2, i:13), STATEMACHINELOGENTRY, client-E281DC600642, cid=29-writeStateMachineData
	at org.apache.ratis.util.IOUtils.getFromFuture(IOUtils.java:87)
	at org.apache.ratis.server.raftlog.segmented.SegmentedRaftLogWorker$StateMachineDataPolicy.getFromFuture(SegmentedRaftLogWorker.java:87)
	at org.apache.ratis.server.raftlog.segmented.SegmentedRaftLogWorker$WriteLog.execute(SegmentedRaftLogWorker.java:477)
	at org.apache.ratis.server.raftlog.segmented.SegmentedRaftLogWorker.run(SegmentedRaftLogWorker.java:289)
	at java.lang.Thread.run(Thread.java:748)
Caused by: java.util.concurrent.TimeoutException
	at java.util.concurrent.CompletableFuture.timedGet(CompletableFuture.java:1771)
	at java.util.concurrent.CompletableFuture.get(CompletableFuture.java:1915)
	at org.apache.ratis.util.IOUtils.getFromFuture(IOUtils.java:79)
	... 4 more
2019-09-16 16:57:11,470 [e9d750f6-56b2-4d42-a810-39328f6044b5@group-8BC1D30073B0-SegmentedRaftLogWorker] WARN  segmented.SegmentedRaftLogWorker (SegmentedRaftLogWorker.java:getFromFuture(90)) - Timeout 9/~
org.apache.ratis.protocol.TimeoutIOException: Timeout 10s: WriteLog:13: (t:2, i:13), STATEMACHINELOGENTRY, client-E281DC600642, cid=29-writeStateMachineData
	at org.apache.ratis.util.IOUtils.getFromFuture(IOUtils.java:87)
	at org.apache.ratis.server.raftlog.segmented.SegmentedRaftLogWorker$StateMachineDataPolicy.getFromFuture(SegmentedRaftLogWorker.java:87)
	at org.apache.ratis.server.raftlog.segmented.SegmentedRaftLogWorker$WriteLog.execute(SegmentedRaftLogWorker.java:477)
	at org.apache.ratis.server.raftlog.segmented.SegmentedRaftLogWorker.run(SegmentedRaftLogWorker.java:289)
	at java.lang.Thread.run(Thread.java:748)
Caused by: java.util.concurrent.TimeoutException
	at java.util.concurrent.CompletableFuture.timedGet(CompletableFuture.java:1771)
	at java.util.concurrent.CompletableFuture.get(CompletableFuture.java:1915)
	at org.apache.ratis.util.IOUtils.getFromFuture(IOUtils.java:79)
	... 4 more
2019-09-16 16:57:11,656 [445370a6-3850-4457-9c2c-f37f35928d12@group-8BC1D30073B0-SegmentedRaftLogWorker] WARN  segmented.SegmentedRaftLogWorker (SegmentedRaftLogWorker.java:getFromFuture(90)) - Timeout 9/~
org.apache.ratis.protocol.TimeoutIOException: Timeout 10s: WriteLog:14: (t:2, i:14), STATEMACHINELOGENTRY, client-E281DC600642, cid=30-writeStateMachineData
	at org.apache.ratis.util.IOUtils.getFromFuture(IOUtils.java:87)
	at org.apache.ratis.server.raftlog.segmented.SegmentedRaftLogWorker$StateMachineDataPolicy.getFromFuture(SegmentedRaftLogWorker.java:87)
	at org.apache.ratis.server.raftlog.segmented.SegmentedRaftLogWorker$WriteLog.execute(SegmentedRaftLogWorker.java:477)
	at org.apache.ratis.server.raftlog.segmented.SegmentedRaftLogWorker.run(SegmentedRaftLogWorker.java:289)
	at java.lang.Thread.run(Thread.java:748)
Caused by: java.util.concurrent.TimeoutException
	at java.util.concurrent.CompletableFuture.timedGet(CompletableFuture.java:1771)
	at java.util.concurrent.CompletableFuture.get(CompletableFuture.java:1915)
	at org.apache.ratis.util.IOUtils.getFromFuture(IOUtils.java:79)
	... 4 more
2019-09-16 16:57:11,802 [Command processor thread] INFO  interfaces.Container (KeyValueContainer.java:flushAndSyncDB(386)) - Container 2 is synced with bcsId 6.
2019-09-16 16:57:11,807 [Command processor thread] INFO  interfaces.Container (KeyValueContainer.java:flushAndSyncDB(386)) - Container 2 is synced with bcsId 6.
2019-09-16 16:57:11,824 [Command processor thread] INFO  interfaces.Container (KeyValueContainer.java:close(335)) - Container 2 is closed with bcsId 6.
2019-09-16 16:57:11,825 [Command processor thread] INFO  interfaces.Container (KeyValueContainer.java:flushAndSyncDB(386)) - Container 3 is synced with bcsId 0.
2019-09-16 16:57:11,825 [Command processor thread] INFO  interfaces.Container (KeyValueContainer.java:flushAndSyncDB(386)) - Container 3 is synced with bcsId 0.
2019-09-16 16:57:11,826 [EventQueue-IncrementalContainerReportForIncrementalContainerReportHandler] INFO  container.IncrementalContainerReportHandler (AbstractContainerReportHandler.java:updateContainerState(202)) - Moving container #2 to CLOSED state, datanode b176f217-5116-4f29-ae6c-8c5fe7374010{ip: 192.168.5.184, host: pr-hdds-2022-qxstf-1422721469, networkLocation: /default-rack, certSerialId: null} reported CLOSED replica.
2019-09-16 16:57:11,871 [Command processor thread] INFO  interfaces.Container (KeyValueContainer.java:close(335)) - Container 3 is closed with bcsId 0.
2019-09-16 16:57:11,871 [EventQueue-IncrementalContainerReportForIncrementalContainerReportHandler] INFO  container.IncrementalContainerReportHandler (AbstractContainerReportHandler.java:updateContainerState(202)) - Moving container #3 to CLOSED state, datanode b176f217-5116-4f29-ae6c-8c5fe7374010{ip: 192.168.5.184, host: pr-hdds-2022-qxstf-1422721469, networkLocation: /default-rack, certSerialId: null} reported CLOSED replica.
2019-09-16 16:57:11,979 [java.util.concurrent.ThreadPoolExecutor$Worker@58806139[State = -1, empty queue]] WARN  server.GrpcLogAppender (GrpcLogAppender.java:timeoutAppendRequest(200)) - b38fff04-681d-43a3-90d0-26fe2e9a9866@group-8BC1D30073B0->e9d750f6-56b2-4d42-a810-39328f6044b5-GrpcLogAppender: appendEntries Timeout, request=b38fff04-681d-43a3-90d0-26fe2e9a9866->e9d750f6-56b2-4d42-a810-39328f6044b5#133-t2, previous=(t:2, i:18), leaderCommit=12, initializing? false, entries: <empty>
2019-09-16 16:57:11,979 [java.util.concurrent.ThreadPoolExecutor$Worker@57a96755[State = -1, empty queue]] WARN  server.GrpcLogAppender (GrpcLogAppender.java:timeoutAppendRequest(200)) - b38fff04-681d-43a3-90d0-26fe2e9a9866@group-8BC1D30073B0->445370a6-3850-4457-9c2c-f37f35928d12-GrpcLogAppender: appendEntries Timeout, request=b38fff04-681d-43a3-90d0-26fe2e9a9866->445370a6-3850-4457-9c2c-f37f35928d12#133-t2, previous=(t:2, i:18), leaderCommit=12, initializing? false, entries: <empty>
2019-09-16 16:57:12,471 [grpc-default-executor-0] INFO  client.GrpcClientProtocolClient (GrpcClientProtocolClient.java:onNext(264)) - client-E281DC600642->e9d750f6-56b2-4d42-a810-39328f6044b5: receive RaftClientReply:client-E281DC600642->e9d750f6-56b2-4d42-a810-39328f6044b5@group-8BC1D30073B0, cid=29, FAILED org.apache.ratis.protocol.NotLeaderException: Server e9d750f6-56b2-4d42-a810-39328f6044b5@group-8BC1D30073B0 is not the leader b38fff04-681d-43a3-90d0-26fe2e9a9866:192.168.5.184:37740, logIndex=0, commits[e9d750f6-56b2-4d42-a810-39328f6044b5:c12, 445370a6-3850-4457-9c2c-f37f35928d12:c10, b38fff04-681d-43a3-90d0-26fe2e9a9866:c12]
2019-09-16 16:57:13,119 [Command processor thread] INFO  interfaces.Container (KeyValueContainer.java:flushAndSyncDB(386)) - Container 2 is synced with bcsId 6.
2019-09-16 16:57:13,120 [Command processor thread] INFO  interfaces.Container (KeyValueContainer.java:flushAndSyncDB(386)) - Container 2 is synced with bcsId 6.
2019-09-16 16:57:13,149 [Command processor thread] INFO  interfaces.Container (KeyValueContainer.java:flushAndSyncDB(386)) - Container 2 is synced with bcsId 6.
2019-09-16 16:57:13,149 [Command processor thread] INFO  interfaces.Container (KeyValueContainer.java:flushAndSyncDB(386)) - Container 2 is synced with bcsId 6.
2019-09-16 16:57:13,258 [Command processor thread] INFO  interfaces.Container (KeyValueContainer.java:close(335)) - Container 2 is closed with bcsId 6.
2019-09-16 16:57:13,258 [Command processor thread] INFO  interfaces.Container (KeyValueContainer.java:close(335)) - Container 2 is closed with bcsId 6.
2019-09-16 16:57:13,258 [Command processor thread] INFO  interfaces.Container (KeyValueContainer.java:flushAndSyncDB(386)) - Container 3 is synced with bcsId 0.
2019-09-16 16:57:13,258 [Command processor thread] INFO  interfaces.Container (KeyValueContainer.java:flushAndSyncDB(386)) - Container 3 is synced with bcsId 0.
2019-09-16 16:57:13,258 [Command processor thread] INFO  interfaces.Container (KeyValueContainer.java:flushAndSyncDB(386)) - Container 3 is synced with bcsId 0.
2019-09-16 16:57:13,259 [Command processor thread] INFO  interfaces.Container (KeyValueContainer.java:flushAndSyncDB(386)) - Container 3 is synced with bcsId 0.
2019-09-16 16:57:13,298 [Command processor thread] INFO  interfaces.Container (KeyValueContainer.java:close(335)) - Container 3 is closed with bcsId 0.
2019-09-16 16:57:13,298 [Command processor thread] INFO  interfaces.Container (KeyValueContainer.java:close(335)) - Container 3 is closed with bcsId 0.
2019-09-16 16:57:14,479 [java.util.concurrent.ThreadPoolExecutor$Worker@57a96755[State = -1, empty queue]] WARN  server.GrpcLogAppender (GrpcLogAppender.java:timeoutAppendRequest(200)) - b38fff04-681d-43a3-90d0-26fe2e9a9866@group-8BC1D30073B0->445370a6-3850-4457-9c2c-f37f35928d12-GrpcLogAppender: appendEntries Timeout, request=b38fff04-681d-43a3-90d0-26fe2e9a9866->445370a6-3850-4457-9c2c-f37f35928d12#134-t2, previous=(t:2, i:18), leaderCommit=12, initializing? false, entries: <empty>
2019-09-16 16:57:14,479 [java.util.concurrent.ThreadPoolExecutor$Worker@58806139[State = -1, empty queue]] WARN  server.GrpcLogAppender (GrpcLogAppender.java:timeoutAppendRequest(200)) - b38fff04-681d-43a3-90d0-26fe2e9a9866@group-8BC1D30073B0->e9d750f6-56b2-4d42-a810-39328f6044b5-GrpcLogAppender: appendEntries Timeout, request=b38fff04-681d-43a3-90d0-26fe2e9a9866->e9d750f6-56b2-4d42-a810-39328f6044b5#134-t2, previous=(t:2, i:18), leaderCommit=12, initializing? false, entries: <empty>
2019-09-16 16:57:16,981 [java.util.concurrent.ThreadPoolExecutor$Worker@57a96755[State = -1, empty queue]] WARN  server.GrpcLogAppender (GrpcLogAppender.java:timeoutAppendRequest(200)) - b38fff04-681d-43a3-90d0-26fe2e9a9866@group-8BC1D30073B0->445370a6-3850-4457-9c2c-f37f35928d12-GrpcLogAppender: appendEntries Timeout, request=b38fff04-681d-43a3-90d0-26fe2e9a9866->445370a6-3850-4457-9c2c-f37f35928d12#135-t2, previous=(t:2, i:18), leaderCommit=12, initializing? false, entries: <empty>
2019-09-16 16:57:16,981 [java.util.concurrent.ThreadPoolExecutor$Worker@58806139[State = -1, empty queue]] WARN  server.GrpcLogAppender (GrpcLogAppender.java:timeoutAppendRequest(200)) - b38fff04-681d-43a3-90d0-26fe2e9a9866@group-8BC1D30073B0->e9d750f6-56b2-4d42-a810-39328f6044b5-GrpcLogAppender: appendEntries Timeout, request=b38fff04-681d-43a3-90d0-26fe2e9a9866->e9d750f6-56b2-4d42-a810-39328f6044b5#135-t2, previous=(t:2, i:18), leaderCommit=12, initializing? false, entries: <empty>
2019-09-16 16:57:17,519 [grpc-default-executor-0] INFO  client.GrpcClientProtocolClient (GrpcClientProtocolClient.java:onNext(264)) - client-E281DC600642->445370a6-3850-4457-9c2c-f37f35928d12: receive RaftClientReply:client-E281DC600642->445370a6-3850-4457-9c2c-f37f35928d12@group-8BC1D30073B0, cid=29, FAILED org.apache.ratis.protocol.NotLeaderException: Server 445370a6-3850-4457-9c2c-f37f35928d12@group-8BC1D30073B0 is not the leader b38fff04-681d-43a3-90d0-26fe2e9a9866:192.168.5.184:37740, logIndex=0, commits[445370a6-3850-4457-9c2c-f37f35928d12:c12, b38fff04-681d-43a3-90d0-26fe2e9a9866:c12, e9d750f6-56b2-4d42-a810-39328f6044b5:c10]
2019-09-16 16:57:19,482 [java.util.concurrent.ThreadPoolExecutor$Worker@58806139[State = -1, empty queue]] WARN  server.GrpcLogAppender (GrpcLogAppender.java:timeoutAppendRequest(200)) - b38fff04-681d-43a3-90d0-26fe2e9a9866@group-8BC1D30073B0->e9d750f6-56b2-4d42-a810-39328f6044b5-GrpcLogAppender: appendEntries Timeout, request=b38fff04-681d-43a3-90d0-26fe2e9a9866->e9d750f6-56b2-4d42-a810-39328f6044b5#136-t2, previous=(t:2, i:18), leaderCommit=12, initializing? false, entries: <empty>
2019-09-16 16:57:19,482 [java.util.concurrent.ThreadPoolExecutor$Worker@57a96755[State = -1, empty queue]] WARN  server.GrpcLogAppender (GrpcLogAppender.java:timeoutAppendRequest(200)) - b38fff04-681d-43a3-90d0-26fe2e9a9866@group-8BC1D30073B0->445370a6-3850-4457-9c2c-f37f35928d12-GrpcLogAppender: appendEntries Timeout, request=b38fff04-681d-43a3-90d0-26fe2e9a9866->445370a6-3850-4457-9c2c-f37f35928d12#136-t2, previous=(t:2, i:18), leaderCommit=12, initializing? false, entries: <empty>
2019-09-16 16:57:21,459 [b38fff04-681d-43a3-90d0-26fe2e9a9866@group-8BC1D30073B0-SegmentedRaftLogWorker] WARN  segmented.SegmentedRaftLogWorker (SegmentedRaftLogWorker.java:getFromFuture(90)) - Timeout 10/~
org.apache.ratis.protocol.TimeoutIOException: Timeout 10s: WriteLog:13: (t:2, i:13), STATEMACHINELOGENTRY, client-E281DC600642, cid=29-writeStateMachineData
	at org.apache.ratis.util.IOUtils.getFromFuture(IOUtils.java:87)
	at org.apache.ratis.server.raftlog.segmented.SegmentedRaftLogWorker$StateMachineDataPolicy.getFromFuture(SegmentedRaftLogWorker.java:87)
	at org.apache.ratis.server.raftlog.segmented.SegmentedRaftLogWorker$WriteLog.execute(SegmentedRaftLogWorker.java:477)
	at org.apache.ratis.server.raftlog.segmented.SegmentedRaftLogWorker.run(SegmentedRaftLogWorker.java:289)
	at java.lang.Thread.run(Thread.java:748)
Caused by: java.util.concurrent.TimeoutException
	at java.util.concurrent.CompletableFuture.timedGet(CompletableFuture.java:1771)
	at java.util.concurrent.CompletableFuture.get(CompletableFuture.java:1915)
	at org.apache.ratis.util.IOUtils.getFromFuture(IOUtils.java:79)
	... 4 more
2019-09-16 16:57:21,471 [e9d750f6-56b2-4d42-a810-39328f6044b5@group-8BC1D30073B0-SegmentedRaftLogWorker] WARN  segmented.SegmentedRaftLogWorker (SegmentedRaftLogWorker.java:getFromFuture(90)) - Timeout 10/~
org.apache.ratis.protocol.TimeoutIOException: Timeout 10s: WriteLog:13: (t:2, i:13), STATEMACHINELOGENTRY, client-E281DC600642, cid=29-writeStateMachineData
	at org.apache.ratis.util.IOUtils.getFromFuture(IOUtils.java:87)
	at org.apache.ratis.server.raftlog.segmented.SegmentedRaftLogWorker$StateMachineDataPolicy.getFromFuture(SegmentedRaftLogWorker.java:87)
	at org.apache.ratis.server.raftlog.segmented.SegmentedRaftLogWorker$WriteLog.execute(SegmentedRaftLogWorker.java:477)
	at org.apache.ratis.server.raftlog.segmented.SegmentedRaftLogWorker.run(SegmentedRaftLogWorker.java:289)
	at java.lang.Thread.run(Thread.java:748)
Caused by: java.util.concurrent.TimeoutException
	at java.util.concurrent.CompletableFuture.timedGet(CompletableFuture.java:1771)
	at java.util.concurrent.CompletableFuture.get(CompletableFuture.java:1915)
	at org.apache.ratis.util.IOUtils.getFromFuture(IOUtils.java:79)
	... 4 more
2019-09-16 16:57:21,656 [445370a6-3850-4457-9c2c-f37f35928d12@group-8BC1D30073B0-SegmentedRaftLogWorker] WARN  segmented.SegmentedRaftLogWorker (SegmentedRaftLogWorker.java:getFromFuture(90)) - Timeout 10/~
org.apache.ratis.protocol.TimeoutIOException: Timeout 10s: WriteLog:14: (t:2, i:14), STATEMACHINELOGENTRY, client-E281DC600642, cid=30-writeStateMachineData
	at org.apache.ratis.util.IOUtils.getFromFuture(IOUtils.java:87)
	at org.apache.ratis.server.raftlog.segmented.SegmentedRaftLogWorker$StateMachineDataPolicy.getFromFuture(SegmentedRaftLogWorker.java:87)
	at org.apache.ratis.server.raftlog.segmented.SegmentedRaftLogWorker$WriteLog.execute(SegmentedRaftLogWorker.java:477)
	at org.apache.ratis.server.raftlog.segmented.SegmentedRaftLogWorker.run(SegmentedRaftLogWorker.java:289)
	at java.lang.Thread.run(Thread.java:748)
Caused by: java.util.concurrent.TimeoutException
	at java.util.concurrent.CompletableFuture.timedGet(CompletableFuture.java:1771)
	at java.util.concurrent.CompletableFuture.get(CompletableFuture.java:1915)
	at org.apache.ratis.util.IOUtils.getFromFuture(IOUtils.java:79)
	... 4 more
2019-09-16 16:57:21,983 [java.util.concurrent.ThreadPoolExecutor$Worker@57a96755[State = -1, empty queue]] WARN  server.GrpcLogAppender (GrpcLogAppender.java:timeoutAppendRequest(200)) - b38fff04-681d-43a3-90d0-26fe2e9a9866@group-8BC1D30073B0->445370a6-3850-4457-9c2c-f37f35928d12-GrpcLogAppender: appendEntries Timeout, request=b38fff04-681d-43a3-90d0-26fe2e9a9866->445370a6-3850-4457-9c2c-f37f35928d12#137-t2, previous=(t:2, i:18), leaderCommit=12, initializing? false, entries: <empty>
2019-09-16 16:57:21,983 [java.util.concurrent.ThreadPoolExecutor$Worker@58806139[State = -1, empty queue]] WARN  server.GrpcLogAppender (GrpcLogAppender.java:timeoutAppendRequest(200)) - b38fff04-681d-43a3-90d0-26fe2e9a9866@group-8BC1D30073B0->e9d750f6-56b2-4d42-a810-39328f6044b5-GrpcLogAppender: appendEntries Timeout, request=b38fff04-681d-43a3-90d0-26fe2e9a9866->e9d750f6-56b2-4d42-a810-39328f6044b5#137-t2, previous=(t:2, i:18), leaderCommit=12, initializing? false, entries: <empty>
2019-09-16 16:57:22,581 [grpc-default-executor-0] INFO  client.GrpcClientProtocolClient (GrpcClientProtocolClient.java:onNext(264)) - client-E281DC600642->e9d750f6-56b2-4d42-a810-39328f6044b5: receive RaftClientReply:client-E281DC600642->e9d750f6-56b2-4d42-a810-39328f6044b5@group-8BC1D30073B0, cid=29, FAILED org.apache.ratis.protocol.NotLeaderException: Server e9d750f6-56b2-4d42-a810-39328f6044b5@group-8BC1D30073B0 is not the leader b38fff04-681d-43a3-90d0-26fe2e9a9866:192.168.5.184:37740, logIndex=0, commits[e9d750f6-56b2-4d42-a810-39328f6044b5:c12, 445370a6-3850-4457-9c2c-f37f35928d12:c10, b38fff04-681d-43a3-90d0-26fe2e9a9866:c12]
2019-09-16 16:57:24,484 [java.util.concurrent.ThreadPoolExecutor$Worker@58806139[State = -1, empty queue]] WARN  server.GrpcLogAppender (GrpcLogAppender.java:timeoutAppendRequest(200)) - b38fff04-681d-43a3-90d0-26fe2e9a9866@group-8BC1D30073B0->e9d750f6-56b2-4d42-a810-39328f6044b5-GrpcLogAppender: appendEntries Timeout, request=b38fff04-681d-43a3-90d0-26fe2e9a9866->e9d750f6-56b2-4d42-a810-39328f6044b5#138-t2, previous=(t:2, i:18), leaderCommit=12, initializing? false, entries: <empty>
2019-09-16 16:57:24,484 [java.util.concurrent.ThreadPoolExecutor$Worker@57a96755[State = -1, empty queue]] WARN  server.GrpcLogAppender (GrpcLogAppender.java:timeoutAppendRequest(200)) - b38fff04-681d-43a3-90d0-26fe2e9a9866@group-8BC1D30073B0->445370a6-3850-4457-9c2c-f37f35928d12-GrpcLogAppender: appendEntries Timeout, request=b38fff04-681d-43a3-90d0-26fe2e9a9866->445370a6-3850-4457-9c2c-f37f35928d12#138-t2, previous=(t:2, i:18), leaderCommit=12, initializing? false, entries: <empty>
2019-09-16 16:57:26,985 [java.util.concurrent.ThreadPoolExecutor$Worker@57a96755[State = -1, empty queue]] WARN  server.GrpcLogAppender (GrpcLogAppender.java:timeoutAppendRequest(200)) - b38fff04-681d-43a3-90d0-26fe2e9a9866@group-8BC1D30073B0->445370a6-3850-4457-9c2c-f37f35928d12-GrpcLogAppender: appendEntries Timeout, request=b38fff04-681d-43a3-90d0-26fe2e9a9866->445370a6-3850-4457-9c2c-f37f35928d12#139-t2, previous=(t:2, i:18), leaderCommit=12, initializing? false, entries: <empty>
2019-09-16 16:57:26,985 [java.util.concurrent.ThreadPoolExecutor$Worker@58806139[State = -1, empty queue]] WARN  server.GrpcLogAppender (GrpcLogAppender.java:timeoutAppendRequest(200)) - b38fff04-681d-43a3-90d0-26fe2e9a9866@group-8BC1D30073B0->e9d750f6-56b2-4d42-a810-39328f6044b5-GrpcLogAppender: appendEntries Timeout, request=b38fff04-681d-43a3-90d0-26fe2e9a9866->e9d750f6-56b2-4d42-a810-39328f6044b5#139-t2, previous=(t:2, i:18), leaderCommit=12, initializing? false, entries: <empty>
2019-09-16 16:57:27,628 [grpc-default-executor-0] INFO  client.GrpcClientProtocolClient (GrpcClientProtocolClient.java:onNext(264)) - client-E281DC600642->e9d750f6-56b2-4d42-a810-39328f6044b5: receive RaftClientReply:client-E281DC600642->e9d750f6-56b2-4d42-a810-39328f6044b5@group-8BC1D30073B0, cid=29, FAILED org.apache.ratis.protocol.NotLeaderException: Server e9d750f6-56b2-4d42-a810-39328f6044b5@group-8BC1D30073B0 is not the leader b38fff04-681d-43a3-90d0-26fe2e9a9866:192.168.5.184:37740, logIndex=0, commits[e9d750f6-56b2-4d42-a810-39328f6044b5:c12, 445370a6-3850-4457-9c2c-f37f35928d12:c10, b38fff04-681d-43a3-90d0-26fe2e9a9866:c12]
2019-09-16 16:57:29,485 [java.util.concurrent.ThreadPoolExecutor$Worker@58806139[State = -1, empty queue]] WARN  server.GrpcLogAppender (GrpcLogAppender.java:timeoutAppendRequest(200)) - b38fff04-681d-43a3-90d0-26fe2e9a9866@group-8BC1D30073B0->e9d750f6-56b2-4d42-a810-39328f6044b5-GrpcLogAppender: appendEntries Timeout, request=b38fff04-681d-43a3-90d0-26fe2e9a9866->e9d750f6-56b2-4d42-a810-39328f6044b5#140-t2, previous=(t:2, i:18), leaderCommit=12, initializing? false, entries: <empty>
2019-09-16 16:57:29,485 [java.util.concurrent.ThreadPoolExecutor$Worker@57a96755[State = -1, empty queue]] WARN  server.GrpcLogAppender (GrpcLogAppender.java:timeoutAppendRequest(200)) - b38fff04-681d-43a3-90d0-26fe2e9a9866@group-8BC1D30073B0->445370a6-3850-4457-9c2c-f37f35928d12-GrpcLogAppender: appendEntries Timeout, request=b38fff04-681d-43a3-90d0-26fe2e9a9866->445370a6-3850-4457-9c2c-f37f35928d12#140-t2, previous=(t:2, i:18), leaderCommit=12, initializing? false, entries: <empty>
2019-09-16 16:57:31,460 [b38fff04-681d-43a3-90d0-26fe2e9a9866@group-8BC1D30073B0-SegmentedRaftLogWorker] WARN  segmented.SegmentedRaftLogWorker (SegmentedRaftLogWorker.java:getFromFuture(90)) - Timeout 11/~
org.apache.ratis.protocol.TimeoutIOException: Timeout 10s: WriteLog:13: (t:2, i:13), STATEMACHINELOGENTRY, client-E281DC600642, cid=29-writeStateMachineData
	at org.apache.ratis.util.IOUtils.getFromFuture(IOUtils.java:87)
	at org.apache.ratis.server.raftlog.segmented.SegmentedRaftLogWorker$StateMachineDataPolicy.getFromFuture(SegmentedRaftLogWorker.java:87)
	at org.apache.ratis.server.raftlog.segmented.SegmentedRaftLogWorker$WriteLog.execute(SegmentedRaftLogWorker.java:477)
	at org.apache.ratis.server.raftlog.segmented.SegmentedRaftLogWorker.run(SegmentedRaftLogWorker.java:289)
	at java.lang.Thread.run(Thread.java:748)
Caused by: java.util.concurrent.TimeoutException
	at java.util.concurrent.CompletableFuture.timedGet(CompletableFuture.java:1771)
	at java.util.concurrent.CompletableFuture.get(CompletableFuture.java:1915)
	at org.apache.ratis.util.IOUtils.getFromFuture(IOUtils.java:79)
	... 4 more
2019-09-16 16:57:31,471 [e9d750f6-56b2-4d42-a810-39328f6044b5@group-8BC1D30073B0-SegmentedRaftLogWorker] WARN  segmented.SegmentedRaftLogWorker (SegmentedRaftLogWorker.java:getFromFuture(90)) - Timeout 11/~
org.apache.ratis.protocol.TimeoutIOException: Timeout 10s: WriteLog:13: (t:2, i:13), STATEMACHINELOGENTRY, client-E281DC600642, cid=29-writeStateMachineData
	at org.apache.ratis.util.IOUtils.getFromFuture(IOUtils.java:87)
	at org.apache.ratis.server.raftlog.segmented.SegmentedRaftLogWorker$StateMachineDataPolicy.getFromFuture(SegmentedRaftLogWorker.java:87)
	at org.apache.ratis.server.raftlog.segmented.SegmentedRaftLogWorker$WriteLog.execute(SegmentedRaftLogWorker.java:477)
	at org.apache.ratis.server.raftlog.segmented.SegmentedRaftLogWorker.run(SegmentedRaftLogWorker.java:289)
	at java.lang.Thread.run(Thread.java:748)
Caused by: java.util.concurrent.TimeoutException
	at java.util.concurrent.CompletableFuture.timedGet(CompletableFuture.java:1771)
	at java.util.concurrent.CompletableFuture.get(CompletableFuture.java:1915)
	at org.apache.ratis.util.IOUtils.getFromFuture(IOUtils.java:79)
	... 4 more
2019-09-16 16:57:31,500 [org.apache.ratis.server.impl.LogAppender$AppenderDaemon$$Lambda$508/1360433104@2cff0823] ERROR ratis.XceiverServerRatis (XceiverServerRatis.java:triggerPipelineClose(575)) - pipeline Action CLOSE  on pipeline PipelineID=c355fa8d-9ddd-4ba5-bf86-8bc1d30073b0.Reason : b38fff04-681d-43a3-90d0-26fe2e9a9866 has not seen follower/s 445370a6-3850-4457-9c2c-f37f35928d12 for 120170ms e9d750f6-56b2-4d42-a810-39328f6044b5 for 120170ms
2019-09-16 16:57:31,500 [org.apache.ratis.server.impl.LogAppender$AppenderDaemon$$Lambda$508/1360433104@60362804] ERROR ratis.XceiverServerRatis (XceiverServerRatis.java:triggerPipelineClose(575)) - pipeline Action CLOSE  on pipeline PipelineID=c355fa8d-9ddd-4ba5-bf86-8bc1d30073b0.Reason : b38fff04-681d-43a3-90d0-26fe2e9a9866 has not seen follower/s 445370a6-3850-4457-9c2c-f37f35928d12 for 120170ms e9d750f6-56b2-4d42-a810-39328f6044b5 for 120170ms
2019-09-16 16:57:31,611 [EventQueue-PipelineActionsForPipelineActionHandler] ERROR pipeline.PipelineActionHandler (PipelineActionHandler.java:onMessage(60)) - Received pipeline action CLOSE for Pipeline[ Id: c355fa8d-9ddd-4ba5-bf86-8bc1d30073b0, Nodes: 445370a6-3850-4457-9c2c-f37f35928d12{ip: 192.168.5.184, host: pr-hdds-2022-qxstf-1422721469, networkLocation: /default-rack, certSerialId: null}e9d750f6-56b2-4d42-a810-39328f6044b5{ip: 192.168.5.184, host: pr-hdds-2022-qxstf-1422721469, networkLocation: /default-rack, certSerialId: null}b38fff04-681d-43a3-90d0-26fe2e9a9866{ip: 192.168.5.184, host: pr-hdds-2022-qxstf-1422721469, networkLocation: /default-rack, certSerialId: null}, Type:RATIS, Factor:THREE, State:OPEN] from datanode b38fff04-681d-43a3-90d0-26fe2e9a9866{ip: 192.168.5.184, host: pr-hdds-2022-qxstf-1422721469, networkLocation: /default-rack, certSerialId: null}. Reason : b38fff04-681d-43a3-90d0-26fe2e9a9866 has not seen follower/s 445370a6-3850-4457-9c2c-f37f35928d12 for 120170ms e9d750f6-56b2-4d42-a810-39328f6044b5 for 120170ms
2019-09-16 16:57:31,611 [EventQueue-PipelineActionsForPipelineActionHandler] INFO  pipeline.SCMPipelineManager (SCMPipelineManager.java:finalizeAndDestroyPipeline(311)) - destroying pipeline:Pipeline[ Id: c355fa8d-9ddd-4ba5-bf86-8bc1d30073b0, Nodes: 445370a6-3850-4457-9c2c-f37f35928d12{ip: 192.168.5.184, host: pr-hdds-2022-qxstf-1422721469, networkLocation: /default-rack, certSerialId: null}e9d750f6-56b2-4d42-a810-39328f6044b5{ip: 192.168.5.184, host: pr-hdds-2022-qxstf-1422721469, networkLocation: /default-rack, certSerialId: null}b38fff04-681d-43a3-90d0-26fe2e9a9866{ip: 192.168.5.184, host: pr-hdds-2022-qxstf-1422721469, networkLocation: /default-rack, certSerialId: null}, Type:RATIS, Factor:THREE, State:OPEN]
2019-09-16 16:57:31,612 [EventQueue-PipelineActionsForPipelineActionHandler] INFO  pipeline.PipelineStateManager (PipelineStateManager.java:finalizePipeline(123)) - Pipeline Pipeline[ Id: c355fa8d-9ddd-4ba5-bf86-8bc1d30073b0, Nodes: 445370a6-3850-4457-9c2c-f37f35928d12{ip: 192.168.5.184, host: pr-hdds-2022-qxstf-1422721469, networkLocation: /default-rack, certSerialId: null}e9d750f6-56b2-4d42-a810-39328f6044b5{ip: 192.168.5.184, host: pr-hdds-2022-qxstf-1422721469, networkLocation: /default-rack, certSerialId: null}b38fff04-681d-43a3-90d0-26fe2e9a9866{ip: 192.168.5.184, host: pr-hdds-2022-qxstf-1422721469, networkLocation: /default-rack, certSerialId: null}, Type:RATIS, Factor:THREE, State:CLOSED] moved to CLOSED state
2019-09-16 16:57:31,612 [EventQueue-CloseContainerForCloseContainerEventHandler] INFO  container.CloseContainerEventHandler (CloseContainerEventHandler.java:onMessage(61)) - Close container Event triggered for container : #1
2019-09-16 16:57:31,613 [EventQueue-CloseContainerForCloseContainerEventHandler] INFO  container.CloseContainerEventHandler (CloseContainerEventHandler.java:onMessage(61)) - Close container Event triggered for container : #4
2019-09-16 16:57:31,613 [EventQueue-CloseContainerForCloseContainerEventHandler] INFO  container.CloseContainerEventHandler (CloseContainerEventHandler.java:onMessage(61)) - Close container Event triggered for container : #5
2019-09-16 16:57:31,657 [445370a6-3850-4457-9c2c-f37f35928d12@group-8BC1D30073B0-SegmentedRaftLogWorker] WARN  segmented.SegmentedRaftLogWorker (SegmentedRaftLogWorker.java:getFromFuture(90)) - Timeout 11/~
org.apache.ratis.protocol.TimeoutIOException: Timeout 10s: WriteLog:14: (t:2, i:14), STATEMACHINELOGENTRY, client-E281DC600642, cid=30-writeStateMachineData
	at org.apache.ratis.util.IOUtils.getFromFuture(IOUtils.java:87)
	at org.apache.ratis.server.raftlog.segmented.SegmentedRaftLogWorker$StateMachineDataPolicy.getFromFuture(SegmentedRaftLogWorker.java:87)
	at org.apache.ratis.server.raftlog.segmented.SegmentedRaftLogWorker$WriteLog.execute(SegmentedRaftLogWorker.java:477)
	at org.apache.ratis.server.raftlog.segmented.SegmentedRaftLogWorker.run(SegmentedRaftLogWorker.java:289)
	at java.lang.Thread.run(Thread.java:748)
Caused by: java.util.concurrent.TimeoutException
	at java.util.concurrent.CompletableFuture.timedGet(CompletableFuture.java:1771)
	at java.util.concurrent.CompletableFuture.get(CompletableFuture.java:1915)
	at org.apache.ratis.util.IOUtils.getFromFuture(IOUtils.java:79)
	... 4 more
2019-09-16 16:57:31,986 [java.util.concurrent.ThreadPoolExecutor$Worker@58806139[State = -1, empty queue]] WARN  server.GrpcLogAppender (GrpcLogAppender.java:timeoutAppendRequest(200)) - b38fff04-681d-43a3-90d0-26fe2e9a9866@group-8BC1D30073B0->e9d750f6-56b2-4d42-a810-39328f6044b5-GrpcLogAppender: appendEntries Timeout, request=b38fff04-681d-43a3-90d0-26fe2e9a9866->e9d750f6-56b2-4d42-a810-39328f6044b5#141-t2, previous=(t:2, i:18), leaderCommit=12, initializing? false, entries: <empty>
2019-09-16 16:57:31,986 [java.util.concurrent.ThreadPoolExecutor$Worker@57a96755[State = -1, empty queue]] WARN  server.GrpcLogAppender (GrpcLogAppender.java:timeoutAppendRequest(200)) - b38fff04-681d-43a3-90d0-26fe2e9a9866@group-8BC1D30073B0->445370a6-3850-4457-9c2c-f37f35928d12-GrpcLogAppender: appendEntries Timeout, request=b38fff04-681d-43a3-90d0-26fe2e9a9866->445370a6-3850-4457-9c2c-f37f35928d12#141-t2, previous=(t:2, i:18), leaderCommit=12, initializing? false, entries: <empty>
2019-09-16 16:57:32,665 [grpc-default-executor-0] INFO  client.GrpcClientProtocolClient (GrpcClientProtocolClient.java:onNext(264)) - client-E281DC600642->445370a6-3850-4457-9c2c-f37f35928d12: receive RaftClientReply:client-E281DC600642->445370a6-3850-4457-9c2c-f37f35928d12@group-8BC1D30073B0, cid=29, FAILED org.apache.ratis.protocol.NotLeaderException: Server 445370a6-3850-4457-9c2c-f37f35928d12@group-8BC1D30073B0 is not the leader b38fff04-681d-43a3-90d0-26fe2e9a9866:192.168.5.184:37740, logIndex=0, commits[445370a6-3850-4457-9c2c-f37f35928d12:c12, b38fff04-681d-43a3-90d0-26fe2e9a9866:c12, e9d750f6-56b2-4d42-a810-39328f6044b5:c10]
2019-09-16 16:57:33,878 [org.apache.ratis.server.impl.LogAppender$AppenderDaemon$$Lambda$508/1360433104@2cff0823] ERROR ratis.XceiverServerRatis (XceiverServerRatis.java:triggerPipelineClose(575)) - pipeline Action CLOSE  on pipeline PipelineID=c355fa8d-9ddd-4ba5-bf86-8bc1d30073b0.Reason : b38fff04-681d-43a3-90d0-26fe2e9a9866 has not seen follower/s 445370a6-3850-4457-9c2c-f37f35928d12 for 122561ms e9d750f6-56b2-4d42-a810-39328f6044b5 for 122561ms
2019-09-16 16:57:33,878 [org.apache.ratis.server.impl.LogAppender$AppenderDaemon$$Lambda$508/1360433104@60362804] ERROR ratis.XceiverServerRatis (XceiverServerRatis.java:triggerPipelineClose(575)) - pipeline Action CLOSE  on pipeline PipelineID=c355fa8d-9ddd-4ba5-bf86-8bc1d30073b0.Reason : b38fff04-681d-43a3-90d0-26fe2e9a9866 has not seen follower/s 445370a6-3850-4457-9c2c-f37f35928d12 for 122561ms e9d750f6-56b2-4d42-a810-39328f6044b5 for 122561ms
2019-09-16 16:57:34,487 [java.util.concurrent.ThreadPoolExecutor$Worker@57a96755[State = -1, empty queue]] WARN  server.GrpcLogAppender (GrpcLogAppender.java:timeoutAppendRequest(200)) - b38fff04-681d-43a3-90d0-26fe2e9a9866@group-8BC1D30073B0->445370a6-3850-4457-9c2c-f37f35928d12-GrpcLogAppender: appendEntries Timeout, request=b38fff04-681d-43a3-90d0-26fe2e9a9866->445370a6-3850-4457-9c2c-f37f35928d12#142-t2, previous=(t:2, i:18), leaderCommit=12, initializing? false, entries: <empty>
2019-09-16 16:57:34,487 [java.util.concurrent.ThreadPoolExecutor$Worker@58806139[State = -1, empty queue]] WARN  server.GrpcLogAppender (GrpcLogAppender.java:timeoutAppendRequest(200)) - b38fff04-681d-43a3-90d0-26fe2e9a9866@group-8BC1D30073B0->e9d750f6-56b2-4d42-a810-39328f6044b5-GrpcLogAppender: appendEntries Timeout, request=b38fff04-681d-43a3-90d0-26fe2e9a9866->e9d750f6-56b2-4d42-a810-39328f6044b5#142-t2, previous=(t:2, i:18), leaderCommit=12, initializing? false, entries: <empty>
2019-09-16 16:57:34,876 [EventQueue-PipelineActionsForPipelineActionHandler] ERROR pipeline.PipelineActionHandler (PipelineActionHandler.java:onMessage(60)) - Received pipeline action CLOSE for Pipeline[ Id: c355fa8d-9ddd-4ba5-bf86-8bc1d30073b0, Nodes: 445370a6-3850-4457-9c2c-f37f35928d12{ip: 192.168.5.184, host: pr-hdds-2022-qxstf-1422721469, networkLocation: /default-rack, certSerialId: null}e9d750f6-56b2-4d42-a810-39328f6044b5{ip: 192.168.5.184, host: pr-hdds-2022-qxstf-1422721469, networkLocation: /default-rack, certSerialId: null}b38fff04-681d-43a3-90d0-26fe2e9a9866{ip: 192.168.5.184, host: pr-hdds-2022-qxstf-1422721469, networkLocation: /default-rack, certSerialId: null}, Type:RATIS, Factor:THREE, State:CLOSED] from datanode b38fff04-681d-43a3-90d0-26fe2e9a9866{ip: 192.168.5.184, host: pr-hdds-2022-qxstf-1422721469, networkLocation: /default-rack, certSerialId: null}. Reason : b38fff04-681d-43a3-90d0-26fe2e9a9866 has not seen follower/s 445370a6-3850-4457-9c2c-f37f35928d12 for 122561ms e9d750f6-56b2-4d42-a810-39328f6044b5 for 122561ms
2019-09-16 16:57:34,877 [EventQueue-PipelineActionsForPipelineActionHandler] INFO  pipeline.SCMPipelineManager (SCMPipelineManager.java:finalizeAndDestroyPipeline(311)) - destroying pipeline:Pipeline[ Id: c355fa8d-9ddd-4ba5-bf86-8bc1d30073b0, Nodes: 445370a6-3850-4457-9c2c-f37f35928d12{ip: 192.168.5.184, host: pr-hdds-2022-qxstf-1422721469, networkLocation: /default-rack, certSerialId: null}e9d750f6-56b2-4d42-a810-39328f6044b5{ip: 192.168.5.184, host: pr-hdds-2022-qxstf-1422721469, networkLocation: /default-rack, certSerialId: null}b38fff04-681d-43a3-90d0-26fe2e9a9866{ip: 192.168.5.184, host: pr-hdds-2022-qxstf-1422721469, networkLocation: /default-rack, certSerialId: null}, Type:RATIS, Factor:THREE, State:CLOSED]
2019-09-16 16:57:36,381 [org.apache.ratis.server.impl.LogAppender$AppenderDaemon$$Lambda$508/1360433104@60362804] ERROR ratis.XceiverServerRatis (XceiverServerRatis.java:triggerPipelineClose(575)) - pipeline Action CLOSE  on pipeline PipelineID=c355fa8d-9ddd-4ba5-bf86-8bc1d30073b0.Reason : b38fff04-681d-43a3-90d0-26fe2e9a9866 has not seen follower/s 445370a6-3850-4457-9c2c-f37f35928d12 for 125063ms e9d750f6-56b2-4d42-a810-39328f6044b5 for 125064ms
2019-09-16 16:57:36,381 [org.apache.ratis.server.impl.LogAppender$AppenderDaemon$$Lambda$508/1360433104@2cff0823] ERROR ratis.XceiverServerRatis (XceiverServerRatis.java:triggerPipelineClose(575)) - pipeline Action CLOSE  on pipeline PipelineID=c355fa8d-9ddd-4ba5-bf86-8bc1d30073b0.Reason : b38fff04-681d-43a3-90d0-26fe2e9a9866 has not seen follower/s 445370a6-3850-4457-9c2c-f37f35928d12 for 125063ms e9d750f6-56b2-4d42-a810-39328f6044b5 for 125064ms
2019-09-16 16:57:36,875 [EventQueue-PipelineActionsForPipelineActionHandler] ERROR pipeline.PipelineActionHandler (PipelineActionHandler.java:onMessage(60)) - Received pipeline action CLOSE for Pipeline[ Id: c355fa8d-9ddd-4ba5-bf86-8bc1d30073b0, Nodes: 445370a6-3850-4457-9c2c-f37f35928d12{ip: 192.168.5.184, host: pr-hdds-2022-qxstf-1422721469, networkLocation: /default-rack, certSerialId: null}e9d750f6-56b2-4d42-a810-39328f6044b5{ip: 192.168.5.184, host: pr-hdds-2022-qxstf-1422721469, networkLocation: /default-rack, certSerialId: null}b38fff04-681d-43a3-90d0-26fe2e9a9866{ip: 192.168.5.184, host: pr-hdds-2022-qxstf-1422721469, networkLocation: /default-rack, certSerialId: null}, Type:RATIS, Factor:THREE, State:CLOSED] from datanode b38fff04-681d-43a3-90d0-26fe2e9a9866{ip: 192.168.5.184, host: pr-hdds-2022-qxstf-1422721469, networkLocation: /default-rack, certSerialId: null}. Reason : b38fff04-681d-43a3-90d0-26fe2e9a9866 has not seen follower/s 445370a6-3850-4457-9c2c-f37f35928d12 for 125063ms e9d750f6-56b2-4d42-a810-39328f6044b5 for 125064ms
2019-09-16 16:57:36,876 [EventQueue-PipelineActionsForPipelineActionHandler] INFO  pipeline.SCMPipelineManager (SCMPipelineManager.java:finalizeAndDestroyPipeline(311)) - destroying pipeline:Pipeline[ Id: c355fa8d-9ddd-4ba5-bf86-8bc1d30073b0, Nodes: 445370a6-3850-4457-9c2c-f37f35928d12{ip: 192.168.5.184, host: pr-hdds-2022-qxstf-1422721469, networkLocation: /default-rack, certSerialId: null}e9d750f6-56b2-4d42-a810-39328f6044b5{ip: 192.168.5.184, host: pr-hdds-2022-qxstf-1422721469, networkLocation: /default-rack, certSerialId: null}b38fff04-681d-43a3-90d0-26fe2e9a9866{ip: 192.168.5.184, host: pr-hdds-2022-qxstf-1422721469, networkLocation: /default-rack, certSerialId: null}, Type:RATIS, Factor:THREE, State:CLOSED]
2019-09-16 16:57:36,878 [java.util.concurrent.ThreadPoolExecutor$Worker@58806139[State = -1, empty queue]] WARN  server.GrpcLogAppender (GrpcLogAppender.java:timeoutAppendRequest(200)) - b38fff04-681d-43a3-90d0-26fe2e9a9866@group-8BC1D30073B0->e9d750f6-56b2-4d42-a810-39328f6044b5-GrpcLogAppender: appendEntries Timeout, request=b38fff04-681d-43a3-90d0-26fe2e9a9866->e9d750f6-56b2-4d42-a810-39328f6044b5#143-t2, previous=(t:2, i:18), leaderCommit=12, initializing? false, entries: size=1, first=(t:2, i:19), STATEMACHINELOGENTRY, client-99BFA569E5C3, cid=8
2019-09-16 16:57:36,878 [java.util.concurrent.ThreadPoolExecutor$Worker@57a96755[State = -1, empty queue]] WARN  server.GrpcLogAppender (GrpcLogAppender.java:timeoutAppendRequest(200)) - b38fff04-681d-43a3-90d0-26fe2e9a9866@group-8BC1D30073B0->445370a6-3850-4457-9c2c-f37f35928d12-GrpcLogAppender: appendEntries Timeout, request=b38fff04-681d-43a3-90d0-26fe2e9a9866->445370a6-3850-4457-9c2c-f37f35928d12#143-t2, previous=(t:2, i:18), leaderCommit=12, initializing? false, entries: size=1, first=(t:2, i:19), STATEMACHINELOGENTRY, client-99BFA569E5C3, cid=8
2019-09-16 16:57:37,703 [grpc-default-executor-4] INFO  client.GrpcClientProtocolClient (GrpcClientProtocolClient.java:onNext(264)) - client-E281DC600642->e9d750f6-56b2-4d42-a810-39328f6044b5: receive RaftClientReply:client-E281DC600642->e9d750f6-56b2-4d42-a810-39328f6044b5@group-8BC1D30073B0, cid=29, FAILED org.apache.ratis.protocol.NotLeaderException: Server e9d750f6-56b2-4d42-a810-39328f6044b5@group-8BC1D30073B0 is not the leader b38fff04-681d-43a3-90d0-26fe2e9a9866:192.168.5.184:37740, logIndex=0, commits[e9d750f6-56b2-4d42-a810-39328f6044b5:c12, 445370a6-3850-4457-9c2c-f37f35928d12:c10, b38fff04-681d-43a3-90d0-26fe2e9a9866:c12]
2019-09-16 16:57:38,881 [org.apache.ratis.server.impl.LogAppender$AppenderDaemon$$Lambda$508/1360433104@2cff0823] ERROR ratis.XceiverServerRatis (XceiverServerRatis.java:triggerPipelineClose(575)) - pipeline Action CLOSE  on pipeline PipelineID=c355fa8d-9ddd-4ba5-bf86-8bc1d30073b0.Reason : b38fff04-681d-43a3-90d0-26fe2e9a9866 has not seen follower/s 445370a6-3850-4457-9c2c-f37f35928d12 for 127564ms e9d750f6-56b2-4d42-a810-39328f6044b5 for 127564ms
2019-09-16 16:57:38,881 [org.apache.ratis.server.impl.LogAppender$AppenderDaemon$$Lambda$508/1360433104@60362804] ERROR ratis.XceiverServerRatis (XceiverServerRatis.java:triggerPipelineClose(575)) - pipeline Action CLOSE  on pipeline PipelineID=c355fa8d-9ddd-4ba5-bf86-8bc1d30073b0.Reason : b38fff04-681d-43a3-90d0-26fe2e9a9866 has not seen follower/s 445370a6-3850-4457-9c2c-f37f35928d12 for 127564ms e9d750f6-56b2-4d42-a810-39328f6044b5 for 127565ms
2019-09-16 16:57:39,380 [java.util.concurrent.ThreadPoolExecutor$Worker@58806139[State = -1, empty queue]] WARN  server.GrpcLogAppender (GrpcLogAppender.java:timeoutAppendRequest(200)) - b38fff04-681d-43a3-90d0-26fe2e9a9866@group-8BC1D30073B0->e9d750f6-56b2-4d42-a810-39328f6044b5-GrpcLogAppender: appendEntries Timeout, request=b38fff04-681d-43a3-90d0-26fe2e9a9866->e9d750f6-56b2-4d42-a810-39328f6044b5#144-t2, previous=(t:2, i:19), leaderCommit=12, initializing? false, entries: <empty>
2019-09-16 16:57:39,380 [java.util.concurrent.ThreadPoolExecutor$Worker@57a96755[State = -1, empty queue]] WARN  server.GrpcLogAppender (GrpcLogAppender.java:timeoutAppendRequest(200)) - b38fff04-681d-43a3-90d0-26fe2e9a9866@group-8BC1D30073B0->445370a6-3850-4457-9c2c-f37f35928d12-GrpcLogAppender: appendEntries Timeout, request=b38fff04-681d-43a3-90d0-26fe2e9a9866->445370a6-3850-4457-9c2c-f37f35928d12#144-t2, previous=(t:2, i:19), leaderCommit=12, initializing? false, entries: <empty>
2019-09-16 16:57:39,875 [EventQueue-PipelineActionsForPipelineActionHandler] ERROR pipeline.PipelineActionHandler (PipelineActionHandler.java:onMessage(60)) - Received pipeline action CLOSE for Pipeline[ Id: c355fa8d-9ddd-4ba5-bf86-8bc1d30073b0, Nodes: 445370a6-3850-4457-9c2c-f37f35928d12{ip: 192.168.5.184, host: pr-hdds-2022-qxstf-1422721469, networkLocation: /default-rack, certSerialId: null}e9d750f6-56b2-4d42-a810-39328f6044b5{ip: 192.168.5.184, host: pr-hdds-2022-qxstf-1422721469, networkLocation: /default-rack, certSerialId: null}b38fff04-681d-43a3-90d0-26fe2e9a9866{ip: 192.168.5.184, host: pr-hdds-2022-qxstf-1422721469, networkLocation: /default-rack, certSerialId: null}, Type:RATIS, Factor:THREE, State:CLOSED] from datanode b38fff04-681d-43a3-90d0-26fe2e9a9866{ip: 192.168.5.184, host: pr-hdds-2022-qxstf-1422721469, networkLocation: /default-rack, certSerialId: null}. Reason : b38fff04-681d-43a3-90d0-26fe2e9a9866 has not seen follower/s 445370a6-3850-4457-9c2c-f37f35928d12 for 127564ms e9d750f6-56b2-4d42-a810-39328f6044b5 for 127564ms
2019-09-16 16:57:39,875 [EventQueue-PipelineActionsForPipelineActionHandler] INFO  pipeline.SCMPipelineManager (SCMPipelineManager.java:finalizeAndDestroyPipeline(311)) - destroying pipeline:Pipeline[ Id: c355fa8d-9ddd-4ba5-bf86-8bc1d30073b0, Nodes: 445370a6-3850-4457-9c2c-f37f35928d12{ip: 192.168.5.184, host: pr-hdds-2022-qxstf-1422721469, networkLocation: /default-rack, certSerialId: null}e9d750f6-56b2-4d42-a810-39328f6044b5{ip: 192.168.5.184, host: pr-hdds-2022-qxstf-1422721469, networkLocation: /default-rack, certSerialId: null}b38fff04-681d-43a3-90d0-26fe2e9a9866{ip: 192.168.5.184, host: pr-hdds-2022-qxstf-1422721469, networkLocation: /default-rack, certSerialId: null}, Type:RATIS, Factor:THREE, State:CLOSED]
2019-09-16 16:57:41,382 [org.apache.ratis.server.impl.LogAppender$AppenderDaemon$$Lambda$508/1360433104@2cff0823] ERROR ratis.XceiverServerRatis (XceiverServerRatis.java:triggerPipelineClose(575)) - pipeline Action CLOSE  on pipeline PipelineID=c355fa8d-9ddd-4ba5-bf86-8bc1d30073b0.Reason : b38fff04-681d-43a3-90d0-26fe2e9a9866 has not seen follower/s 445370a6-3850-4457-9c2c-f37f35928d12 for 130065ms e9d750f6-56b2-4d42-a810-39328f6044b5 for 130065ms
2019-09-16 16:57:41,382 [org.apache.ratis.server.impl.LogAppender$AppenderDaemon$$Lambda$508/1360433104@60362804] ERROR ratis.XceiverServerRatis (XceiverServerRatis.java:triggerPipelineClose(575)) - pipeline Action CLOSE  on pipeline PipelineID=c355fa8d-9ddd-4ba5-bf86-8bc1d30073b0.Reason : b38fff04-681d-43a3-90d0-26fe2e9a9866 has not seen follower/s 445370a6-3850-4457-9c2c-f37f35928d12 for 130065ms e9d750f6-56b2-4d42-a810-39328f6044b5 for 130065ms
2019-09-16 16:57:41,462 [b38fff04-681d-43a3-90d0-26fe2e9a9866@group-8BC1D30073B0-SegmentedRaftLogWorker] WARN  segmented.SegmentedRaftLogWorker (SegmentedRaftLogWorker.java:getFromFuture(90)) - Timeout 12/~
org.apache.ratis.protocol.TimeoutIOException: Timeout 10s: WriteLog:13: (t:2, i:13), STATEMACHINELOGENTRY, client-E281DC600642, cid=29-writeStateMachineData
	at org.apache.ratis.util.IOUtils.getFromFuture(IOUtils.java:87)
	at org.apache.ratis.server.raftlog.segmented.SegmentedRaftLogWorker$StateMachineDataPolicy.getFromFuture(SegmentedRaftLogWorker.java:87)
	at org.apache.ratis.server.raftlog.segmented.SegmentedRaftLogWorker$WriteLog.execute(SegmentedRaftLogWorker.java:477)
	at org.apache.ratis.server.raftlog.segmented.SegmentedRaftLogWorker.run(SegmentedRaftLogWorker.java:289)
	at java.lang.Thread.run(Thread.java:748)
Caused by: java.util.concurrent.TimeoutException
	at java.util.concurrent.CompletableFuture.timedGet(CompletableFuture.java:1771)
	at java.util.concurrent.CompletableFuture.get(CompletableFuture.java:1915)
	at org.apache.ratis.util.IOUtils.getFromFuture(IOUtils.java:79)
	... 4 more
2019-09-16 16:57:41,472 [e9d750f6-56b2-4d42-a810-39328f6044b5@group-8BC1D30073B0-SegmentedRaftLogWorker] WARN  segmented.SegmentedRaftLogWorker (SegmentedRaftLogWorker.java:getFromFuture(90)) - Timeout 12/~
org.apache.ratis.protocol.TimeoutIOException: Timeout 10s: WriteLog:13: (t:2, i:13), STATEMACHINELOGENTRY, client-E281DC600642, cid=29-writeStateMachineData
	at org.apache.ratis.util.IOUtils.getFromFuture(IOUtils.java:87)
	at org.apache.ratis.server.raftlog.segmented.SegmentedRaftLogWorker$StateMachineDataPolicy.getFromFuture(SegmentedRaftLogWorker.java:87)
	at org.apache.ratis.server.raftlog.segmented.SegmentedRaftLogWorker$WriteLog.execute(SegmentedRaftLogWorker.java:477)
	at org.apache.ratis.server.raftlog.segmented.SegmentedRaftLogWorker.run(SegmentedRaftLogWorker.java:289)
	at java.lang.Thread.run(Thread.java:748)
Caused by: java.util.concurrent.TimeoutException
	at java.util.concurrent.CompletableFuture.timedGet(CompletableFuture.java:1771)
	at java.util.concurrent.CompletableFuture.get(CompletableFuture.java:1915)
	at org.apache.ratis.util.IOUtils.getFromFuture(IOUtils.java:79)
	... 4 more
2019-09-16 16:57:41,658 [445370a6-3850-4457-9c2c-f37f35928d12@group-8BC1D30073B0-SegmentedRaftLogWorker] WARN  segmented.SegmentedRaftLogWorker (SegmentedRaftLogWorker.java:getFromFuture(90)) - Timeout 12/~
org.apache.ratis.protocol.TimeoutIOException: Timeout 10s: WriteLog:14: (t:2, i:14), STATEMACHINELOGENTRY, client-E281DC600642, cid=30-writeStateMachineData
	at org.apache.ratis.util.IOUtils.getFromFuture(IOUtils.java:87)
	at org.apache.ratis.server.raftlog.segmented.SegmentedRaftLogWorker$StateMachineDataPolicy.getFromFuture(SegmentedRaftLogWorker.java:87)
	at org.apache.ratis.server.raftlog.segmented.SegmentedRaftLogWorker$WriteLog.execute(SegmentedRaftLogWorker.java:477)
	at org.apache.ratis.server.raftlog.segmented.SegmentedRaftLogWorker.run(SegmentedRaftLogWorker.java:289)
	at java.lang.Thread.run(Thread.java:748)
Caused by: java.util.concurrent.TimeoutException
	at java.util.concurrent.CompletableFuture.timedGet(CompletableFuture.java:1771)
	at java.util.concurrent.CompletableFuture.get(CompletableFuture.java:1915)
	at org.apache.ratis.util.IOUtils.getFromFuture(IOUtils.java:79)
	... 4 more
2019-09-16 16:57:41,876 [EventQueue-PipelineActionsForPipelineActionHandler] ERROR pipeline.PipelineActionHandler (PipelineActionHandler.java:onMessage(60)) - Received pipeline action CLOSE for Pipeline[ Id: c355fa8d-9ddd-4ba5-bf86-8bc1d30073b0, Nodes: 445370a6-3850-4457-9c2c-f37f35928d12{ip: 192.168.5.184, host: pr-hdds-2022-qxstf-1422721469, networkLocation: /default-rack, certSerialId: null}e9d750f6-56b2-4d42-a810-39328f6044b5{ip: 192.168.5.184, host: pr-hdds-2022-qxstf-1422721469, networkLocation: /default-rack, certSerialId: null}b38fff04-681d-43a3-90d0-26fe2e9a9866{ip: 192.168.5.184, host: pr-hdds-2022-qxstf-1422721469, networkLocation: /default-rack, certSerialId: null}, Type:RATIS, Factor:THREE, State:CLOSED] from datanode b38fff04-681d-43a3-90d0-26fe2e9a9866{ip: 192.168.5.184, host: pr-hdds-2022-qxstf-1422721469, networkLocation: /default-rack, certSerialId: null}. Reason : b38fff04-681d-43a3-90d0-26fe2e9a9866 has not seen follower/s 445370a6-3850-4457-9c2c-f37f35928d12 for 130065ms e9d750f6-56b2-4d42-a810-39328f6044b5 for 130065ms
2019-09-16 16:57:41,876 [EventQueue-PipelineActionsForPipelineActionHandler] INFO  pipeline.SCMPipelineManager (SCMPipelineManager.java:finalizeAndDestroyPipeline(311)) - destroying pipeline:Pipeline[ Id: c355fa8d-9ddd-4ba5-bf86-8bc1d30073b0, Nodes: 445370a6-3850-4457-9c2c-f37f35928d12{ip: 192.168.5.184, host: pr-hdds-2022-qxstf-1422721469, networkLocation: /default-rack, certSerialId: null}e9d750f6-56b2-4d42-a810-39328f6044b5{ip: 192.168.5.184, host: pr-hdds-2022-qxstf-1422721469, networkLocation: /default-rack, certSerialId: null}b38fff04-681d-43a3-90d0-26fe2e9a9866{ip: 192.168.5.184, host: pr-hdds-2022-qxstf-1422721469, networkLocation: /default-rack, certSerialId: null}, Type:RATIS, Factor:THREE, State:CLOSED]
2019-09-16 16:57:41,880 [java.util.concurrent.ThreadPoolExecutor$Worker@57a96755[State = -1, empty queue]] WARN  server.GrpcLogAppender (GrpcLogAppender.java:timeoutAppendRequest(200)) - b38fff04-681d-43a3-90d0-26fe2e9a9866@group-8BC1D30073B0->445370a6-3850-4457-9c2c-f37f35928d12-GrpcLogAppender: appendEntries Timeout, request=b38fff04-681d-43a3-90d0-26fe2e9a9866->445370a6-3850-4457-9c2c-f37f35928d12#145-t2, previous=(t:2, i:19), leaderCommit=12, initializing? false, entries: <empty>
2019-09-16 16:57:41,881 [java.util.concurrent.ThreadPoolExecutor$Worker@58806139[State = -1, empty queue]] WARN  server.GrpcLogAppender (GrpcLogAppender.java:timeoutAppendRequest(200)) - b38fff04-681d-43a3-90d0-26fe2e9a9866@group-8BC1D30073B0->e9d750f6-56b2-4d42-a810-39328f6044b5-GrpcLogAppender: appendEntries Timeout, request=b38fff04-681d-43a3-90d0-26fe2e9a9866->e9d750f6-56b2-4d42-a810-39328f6044b5#145-t2, previous=(t:2, i:19), leaderCommit=12, initializing? false, entries: <empty>
2019-09-16 16:57:42,751 [grpc-default-executor-4] INFO  client.GrpcClientProtocolClient (GrpcClientProtocolClient.java:onNext(264)) - client-E281DC600642->445370a6-3850-4457-9c2c-f37f35928d12: receive RaftClientReply:client-E281DC600642->445370a6-3850-4457-9c2c-f37f35928d12@group-8BC1D30073B0, cid=29, FAILED org.apache.ratis.protocol.NotLeaderException: Server 445370a6-3850-4457-9c2c-f37f35928d12@group-8BC1D30073B0 is not the leader b38fff04-681d-43a3-90d0-26fe2e9a9866:192.168.5.184:37740, logIndex=0, commits[445370a6-3850-4457-9c2c-f37f35928d12:c12, b38fff04-681d-43a3-90d0-26fe2e9a9866:c12, e9d750f6-56b2-4d42-a810-39328f6044b5:c10]
2019-09-16 16:57:43,883 [org.apache.ratis.server.impl.LogAppender$AppenderDaemon$$Lambda$508/1360433104@2cff0823] ERROR ratis.XceiverServerRatis (XceiverServerRatis.java:triggerPipelineClose(575)) - pipeline Action CLOSE  on pipeline PipelineID=c355fa8d-9ddd-4ba5-bf86-8bc1d30073b0.Reason : b38fff04-681d-43a3-90d0-26fe2e9a9866 has not seen follower/s 445370a6-3850-4457-9c2c-f37f35928d12 for 132566ms e9d750f6-56b2-4d42-a810-39328f6044b5 for 132566ms
2019-09-16 16:57:43,883 [org.apache.ratis.server.impl.LogAppender$AppenderDaemon$$Lambda$508/1360433104@60362804] ERROR ratis.XceiverServerRatis (XceiverServerRatis.java:triggerPipelineClose(575)) - pipeline Action CLOSE  on pipeline PipelineID=c355fa8d-9ddd-4ba5-bf86-8bc1d30073b0.Reason : b38fff04-681d-43a3-90d0-26fe2e9a9866 has not seen follower/s 445370a6-3850-4457-9c2c-f37f35928d12 for 132566ms e9d750f6-56b2-4d42-a810-39328f6044b5 for 132566ms
2019-09-16 16:57:44,382 [java.util.concurrent.ThreadPoolExecutor$Worker@57a96755[State = -1, empty queue]] WARN  server.GrpcLogAppender (GrpcLogAppender.java:timeoutAppendRequest(200)) - b38fff04-681d-43a3-90d0-26fe2e9a9866@group-8BC1D30073B0->445370a6-3850-4457-9c2c-f37f35928d12-GrpcLogAppender: appendEntries Timeout, request=b38fff04-681d-43a3-90d0-26fe2e9a9866->445370a6-3850-4457-9c2c-f37f35928d12#146-t2, previous=(t:2, i:19), leaderCommit=12, initializing? false, entries: <empty>
2019-09-16 16:57:44,382 [java.util.concurrent.ThreadPoolExecutor$Worker@58806139[State = -1, empty queue]] WARN  server.GrpcLogAppender (GrpcLogAppender.java:timeoutAppendRequest(200)) - b38fff04-681d-43a3-90d0-26fe2e9a9866@group-8BC1D30073B0->e9d750f6-56b2-4d42-a810-39328f6044b5-GrpcLogAppender: appendEntries Timeout, request=b38fff04-681d-43a3-90d0-26fe2e9a9866->e9d750f6-56b2-4d42-a810-39328f6044b5#146-t2, previous=(t:2, i:19), leaderCommit=12, initializing? false, entries: <empty>
2019-09-16 16:57:44,876 [EventQueue-PipelineActionsForPipelineActionHandler] ERROR pipeline.PipelineActionHandler (PipelineActionHandler.java:onMessage(60)) - Received pipeline action CLOSE for Pipeline[ Id: c355fa8d-9ddd-4ba5-bf86-8bc1d30073b0, Nodes: 445370a6-3850-4457-9c2c-f37f35928d12{ip: 192.168.5.184, host: pr-hdds-2022-qxstf-1422721469, networkLocation: /default-rack, certSerialId: null}e9d750f6-56b2-4d42-a810-39328f6044b5{ip: 192.168.5.184, host: pr-hdds-2022-qxstf-1422721469, networkLocation: /default-rack, certSerialId: null}b38fff04-681d-43a3-90d0-26fe2e9a9866{ip: 192.168.5.184, host: pr-hdds-2022-qxstf-1422721469, networkLocation: /default-rack, certSerialId: null}, Type:RATIS, Factor:THREE, State:CLOSED] from datanode b38fff04-681d-43a3-90d0-26fe2e9a9866{ip: 192.168.5.184, host: pr-hdds-2022-qxstf-1422721469, networkLocation: /default-rack, certSerialId: null}. Reason : b38fff04-681d-43a3-90d0-26fe2e9a9866 has not seen follower/s 445370a6-3850-4457-9c2c-f37f35928d12 for 132566ms e9d750f6-56b2-4d42-a810-39328f6044b5 for 132566ms
2019-09-16 16:57:44,876 [EventQueue-PipelineActionsForPipelineActionHandler] INFO  pipeline.SCMPipelineManager (SCMPipelineManager.java:finalizeAndDestroyPipeline(311)) - destroying pipeline:Pipeline[ Id: c355fa8d-9ddd-4ba5-bf86-8bc1d30073b0, Nodes: 445370a6-3850-4457-9c2c-f37f35928d12{ip: 192.168.5.184, host: pr-hdds-2022-qxstf-1422721469, networkLocation: /default-rack, certSerialId: null}e9d750f6-56b2-4d42-a810-39328f6044b5{ip: 192.168.5.184, host: pr-hdds-2022-qxstf-1422721469, networkLocation: /default-rack, certSerialId: null}b38fff04-681d-43a3-90d0-26fe2e9a9866{ip: 192.168.5.184, host: pr-hdds-2022-qxstf-1422721469, networkLocation: /default-rack, certSerialId: null}, Type:RATIS, Factor:THREE, State:CLOSED]
2019-09-16 16:57:46,384 [org.apache.ratis.server.impl.LogAppender$AppenderDaemon$$Lambda$508/1360433104@2cff0823] ERROR ratis.XceiverServerRatis (XceiverServerRatis.java:triggerPipelineClose(575)) - pipeline Action CLOSE  on pipeline PipelineID=c355fa8d-9ddd-4ba5-bf86-8bc1d30073b0.Reason : b38fff04-681d-43a3-90d0-26fe2e9a9866 has not seen follower/s 445370a6-3850-4457-9c2c-f37f35928d12 for 135067ms e9d750f6-56b2-4d42-a810-39328f6044b5 for 135067ms
2019-09-16 16:57:46,384 [org.apache.ratis.server.impl.LogAppender$AppenderDaemon$$Lambda$508/1360433104@60362804] ERROR ratis.XceiverServerRatis (XceiverServerRatis.java:triggerPipelineClose(575)) - pipeline Action CLOSE  on pipeline PipelineID=c355fa8d-9ddd-4ba5-bf86-8bc1d30073b0.Reason : b38fff04-681d-43a3-90d0-26fe2e9a9866 has not seen follower/s 445370a6-3850-4457-9c2c-f37f35928d12 for 135067ms e9d750f6-56b2-4d42-a810-39328f6044b5 for 135067ms
2019-09-16 16:57:46,877 [EventQueue-PipelineActionsForPipelineActionHandler] ERROR pipeline.PipelineActionHandler (PipelineActionHandler.java:onMessage(60)) - Received pipeline action CLOSE for Pipeline[ Id: c355fa8d-9ddd-4ba5-bf86-8bc1d30073b0, Nodes: 445370a6-3850-4457-9c2c-f37f35928d12{ip: 192.168.5.184, host: pr-hdds-2022-qxstf-1422721469, networkLocation: /default-rack, certSerialId: null}e9d750f6-56b2-4d42-a810-39328f6044b5{ip: 192.168.5.184, host: pr-hdds-2022-qxstf-1422721469, networkLocation: /default-rack, certSerialId: null}b38fff04-681d-43a3-90d0-26fe2e9a9866{ip: 192.168.5.184, host: pr-hdds-2022-qxstf-1422721469, networkLocation: /default-rack, certSerialId: null}, Type:RATIS, Factor:THREE, State:CLOSED] from datanode b38fff04-681d-43a3-90d0-26fe2e9a9866{ip: 192.168.5.184, host: pr-hdds-2022-qxstf-1422721469, networkLocation: /default-rack, certSerialId: null}. Reason : b38fff04-681d-43a3-90d0-26fe2e9a9866 has not seen follower/s 445370a6-3850-4457-9c2c-f37f35928d12 for 135067ms e9d750f6-56b2-4d42-a810-39328f6044b5 for 135067ms
2019-09-16 16:57:46,877 [EventQueue-PipelineActionsForPipelineActionHandler] INFO  pipeline.SCMPipelineManager (SCMPipelineManager.java:finalizeAndDestroyPipeline(311)) - destroying pipeline:Pipeline[ Id: c355fa8d-9ddd-4ba5-bf86-8bc1d30073b0, Nodes: 445370a6-3850-4457-9c2c-f37f35928d12{ip: 192.168.5.184, host: pr-hdds-2022-qxstf-1422721469, networkLocation: /default-rack, certSerialId: null}e9d750f6-56b2-4d42-a810-39328f6044b5{ip: 192.168.5.184, host: pr-hdds-2022-qxstf-1422721469, networkLocation: /default-rack, certSerialId: null}b38fff04-681d-43a3-90d0-26fe2e9a9866{ip: 192.168.5.184, host: pr-hdds-2022-qxstf-1422721469, networkLocation: /default-rack, certSerialId: null}, Type:RATIS, Factor:THREE, State:CLOSED]
2019-09-16 16:57:46,883 [java.util.concurrent.ThreadPoolExecutor$Worker@57a96755[State = -1, empty queue]] WARN  server.GrpcLogAppender (GrpcLogAppender.java:timeoutAppendRequest(200)) - b38fff04-681d-43a3-90d0-26fe2e9a9866@group-8BC1D30073B0->445370a6-3850-4457-9c2c-f37f35928d12-GrpcLogAppender: appendEntries Timeout, request=b38fff04-681d-43a3-90d0-26fe2e9a9866->445370a6-3850-4457-9c2c-f37f35928d12#147-t2, previous=(t:2, i:19), leaderCommit=12, initializing? false, entries: <empty>
2019-09-16 16:57:46,883 [java.util.concurrent.ThreadPoolExecutor$Worker@58806139[State = -1, empty queue]] WARN  server.GrpcLogAppender (GrpcLogAppender.java:timeoutAppendRequest(200)) - b38fff04-681d-43a3-90d0-26fe2e9a9866@group-8BC1D30073B0->e9d750f6-56b2-4d42-a810-39328f6044b5-GrpcLogAppender: appendEntries Timeout, request=b38fff04-681d-43a3-90d0-26fe2e9a9866->e9d750f6-56b2-4d42-a810-39328f6044b5#147-t2, previous=(t:2, i:19), leaderCommit=12, initializing? false, entries: <empty>
2019-09-16 16:57:47,788 [grpc-default-executor-0] INFO  client.GrpcClientProtocolClient (GrpcClientProtocolClient.java:onNext(264)) - client-E281DC600642->e9d750f6-56b2-4d42-a810-39328f6044b5: receive RaftClientReply:client-E281DC600642->e9d750f6-56b2-4d42-a810-39328f6044b5@group-8BC1D30073B0, cid=29, FAILED org.apache.ratis.protocol.NotLeaderException: Server e9d750f6-56b2-4d42-a810-39328f6044b5@group-8BC1D30073B0 is not the leader b38fff04-681d-43a3-90d0-26fe2e9a9866:192.168.5.184:37740, logIndex=0, commits[e9d750f6-56b2-4d42-a810-39328f6044b5:c12, 445370a6-3850-4457-9c2c-f37f35928d12:c10, b38fff04-681d-43a3-90d0-26fe2e9a9866:c12]
2019-09-16 16:57:48,885 [org.apache.ratis.server.impl.LogAppender$AppenderDaemon$$Lambda$508/1360433104@2cff0823] ERROR ratis.XceiverServerRatis (XceiverServerRatis.java:triggerPipelineClose(575)) - pipeline Action CLOSE  on pipeline PipelineID=c355fa8d-9ddd-4ba5-bf86-8bc1d30073b0.Reason : b38fff04-681d-43a3-90d0-26fe2e9a9866 has not seen follower/s 445370a6-3850-4457-9c2c-f37f35928d12 for 137568ms e9d750f6-56b2-4d42-a810-39328f6044b5 for 137568ms
2019-09-16 16:57:48,885 [org.apache.ratis.server.impl.LogAppender$AppenderDaemon$$Lambda$508/1360433104@60362804] ERROR ratis.XceiverServerRatis (XceiverServerRatis.java:triggerPipelineClose(575)) - pipeline Action CLOSE  on pipeline PipelineID=c355fa8d-9ddd-4ba5-bf86-8bc1d30073b0.Reason : b38fff04-681d-43a3-90d0-26fe2e9a9866 has not seen follower/s 445370a6-3850-4457-9c2c-f37f35928d12 for 137568ms e9d750f6-56b2-4d42-a810-39328f6044b5 for 137568ms
2019-09-16 16:57:49,384 [java.util.concurrent.ThreadPoolExecutor$Worker@57a96755[State = -1, empty queue]] WARN  server.GrpcLogAppender (GrpcLogAppender.java:timeoutAppendRequest(200)) - b38fff04-681d-43a3-90d0-26fe2e9a9866@group-8BC1D30073B0->445370a6-3850-4457-9c2c-f37f35928d12-GrpcLogAppender: appendEntries Timeout, request=b38fff04-681d-43a3-90d0-26fe2e9a9866->445370a6-3850-4457-9c2c-f37f35928d12#148-t2, previous=(t:2, i:19), leaderCommit=12, initializing? false, entries: <empty>
2019-09-16 16:57:49,384 [java.util.concurrent.ThreadPoolExecutor$Worker@58806139[State = -1, empty queue]] WARN  server.GrpcLogAppender (GrpcLogAppender.java:timeoutAppendRequest(200)) - b38fff04-681d-43a3-90d0-26fe2e9a9866@group-8BC1D30073B0->e9d750f6-56b2-4d42-a810-39328f6044b5-GrpcLogAppender: appendEntries Timeout, request=b38fff04-681d-43a3-90d0-26fe2e9a9866->e9d750f6-56b2-4d42-a810-39328f6044b5#148-t2, previous=(t:2, i:19), leaderCommit=12, initializing? false, entries: <empty>
2019-09-16 16:57:49,877 [EventQueue-PipelineActionsForPipelineActionHandler] ERROR pipeline.PipelineActionHandler (PipelineActionHandler.java:onMessage(60)) - Received pipeline action CLOSE for Pipeline[ Id: c355fa8d-9ddd-4ba5-bf86-8bc1d30073b0, Nodes: 445370a6-3850-4457-9c2c-f37f35928d12{ip: 192.168.5.184, host: pr-hdds-2022-qxstf-1422721469, networkLocation: /default-rack, certSerialId: null}e9d750f6-56b2-4d42-a810-39328f6044b5{ip: 192.168.5.184, host: pr-hdds-2022-qxstf-1422721469, networkLocation: /default-rack, certSerialId: null}b38fff04-681d-43a3-90d0-26fe2e9a9866{ip: 192.168.5.184, host: pr-hdds-2022-qxstf-1422721469, networkLocation: /default-rack, certSerialId: null}, Type:RATIS, Factor:THREE, State:CLOSED] from datanode b38fff04-681d-43a3-90d0-26fe2e9a9866{ip: 192.168.5.184, host: pr-hdds-2022-qxstf-1422721469, networkLocation: /default-rack, certSerialId: null}. Reason : b38fff04-681d-43a3-90d0-26fe2e9a9866 has not seen follower/s 445370a6-3850-4457-9c2c-f37f35928d12 for 137568ms e9d750f6-56b2-4d42-a810-39328f6044b5 for 137568ms
2019-09-16 16:57:49,877 [EventQueue-PipelineActionsForPipelineActionHandler] INFO  pipeline.SCMPipelineManager (SCMPipelineManager.java:finalizeAndDestroyPipeline(311)) - destroying pipeline:Pipeline[ Id: c355fa8d-9ddd-4ba5-bf86-8bc1d30073b0, Nodes: 445370a6-3850-4457-9c2c-f37f35928d12{ip: 192.168.5.184, host: pr-hdds-2022-qxstf-1422721469, networkLocation: /default-rack, certSerialId: null}e9d750f6-56b2-4d42-a810-39328f6044b5{ip: 192.168.5.184, host: pr-hdds-2022-qxstf-1422721469, networkLocation: /default-rack, certSerialId: null}b38fff04-681d-43a3-90d0-26fe2e9a9866{ip: 192.168.5.184, host: pr-hdds-2022-qxstf-1422721469, networkLocation: /default-rack, certSerialId: null}, Type:RATIS, Factor:THREE, State:CLOSED]
2019-09-16 16:57:51,388 [org.apache.ratis.server.impl.LogAppender$AppenderDaemon$$Lambda$508/1360433104@60362804] ERROR ratis.XceiverServerRatis (XceiverServerRatis.java:triggerPipelineClose(575)) - pipeline Action CLOSE  on pipeline PipelineID=c355fa8d-9ddd-4ba5-bf86-8bc1d30073b0.Reason : b38fff04-681d-43a3-90d0-26fe2e9a9866 has not seen follower/s 445370a6-3850-4457-9c2c-f37f35928d12 for 140070ms e9d750f6-56b2-4d42-a810-39328f6044b5 for 140071ms
2019-09-16 16:57:51,388 [org.apache.ratis.server.impl.LogAppender$AppenderDaemon$$Lambda$508/1360433104@2cff0823] ERROR ratis.XceiverServerRatis (XceiverServerRatis.java:triggerPipelineClose(575)) - pipeline Action CLOSE  on pipeline PipelineID=c355fa8d-9ddd-4ba5-bf86-8bc1d30073b0.Reason : b38fff04-681d-43a3-90d0-26fe2e9a9866 has not seen follower/s 445370a6-3850-4457-9c2c-f37f35928d12 for 140070ms e9d750f6-56b2-4d42-a810-39328f6044b5 for 140071ms
2019-09-16 16:57:51,463 [b38fff04-681d-43a3-90d0-26fe2e9a9866@group-8BC1D30073B0-SegmentedRaftLogWorker] WARN  segmented.SegmentedRaftLogWorker (SegmentedRaftLogWorker.java:getFromFuture(90)) - Timeout 13/~
org.apache.ratis.protocol.TimeoutIOException: Timeout 10s: WriteLog:13: (t:2, i:13), STATEMACHINELOGENTRY, client-E281DC600642, cid=29-writeStateMachineData
	at org.apache.ratis.util.IOUtils.getFromFuture(IOUtils.java:87)
	at org.apache.ratis.server.raftlog.segmented.SegmentedRaftLogWorker$StateMachineDataPolicy.getFromFuture(SegmentedRaftLogWorker.java:87)
	at org.apache.ratis.server.raftlog.segmented.SegmentedRaftLogWorker$WriteLog.execute(SegmentedRaftLogWorker.java:477)
	at org.apache.ratis.server.raftlog.segmented.SegmentedRaftLogWorker.run(SegmentedRaftLogWorker.java:289)
	at java.lang.Thread.run(Thread.java:748)
Caused by: java.util.concurrent.TimeoutException
	at java.util.concurrent.CompletableFuture.timedGet(CompletableFuture.java:1771)
	at java.util.concurrent.CompletableFuture.get(CompletableFuture.java:1915)
	at org.apache.ratis.util.IOUtils.getFromFuture(IOUtils.java:79)
	... 4 more
2019-09-16 16:57:51,472 [e9d750f6-56b2-4d42-a810-39328f6044b5@group-8BC1D30073B0-SegmentedRaftLogWorker] WARN  segmented.SegmentedRaftLogWorker (SegmentedRaftLogWorker.java:getFromFuture(90)) - Timeout 13/~
org.apache.ratis.protocol.TimeoutIOException: Timeout 10s: WriteLog:13: (t:2, i:13), STATEMACHINELOGENTRY, client-E281DC600642, cid=29-writeStateMachineData
	at org.apache.ratis.util.IOUtils.getFromFuture(IOUtils.java:87)
	at org.apache.ratis.server.raftlog.segmented.SegmentedRaftLogWorker$StateMachineDataPolicy.getFromFuture(SegmentedRaftLogWorker.java:87)
	at org.apache.ratis.server.raftlog.segmented.SegmentedRaftLogWorker$WriteLog.execute(SegmentedRaftLogWorker.java:477)
	at org.apache.ratis.server.raftlog.segmented.SegmentedRaftLogWorker.run(SegmentedRaftLogWorker.java:289)
	at java.lang.Thread.run(Thread.java:748)
Caused by: java.util.concurrent.TimeoutException
	at java.util.concurrent.CompletableFuture.timedGet(CompletableFuture.java:1771)
	at java.util.concurrent.CompletableFuture.get(CompletableFuture.java:1915)
	at org.apache.ratis.util.IOUtils.getFromFuture(IOUtils.java:79)
	... 4 more
2019-09-16 16:57:51,659 [445370a6-3850-4457-9c2c-f37f35928d12@group-8BC1D30073B0-SegmentedRaftLogWorker] WARN  segmented.SegmentedRaftLogWorker (SegmentedRaftLogWorker.java:getFromFuture(90)) - Timeout 13/~
org.apache.ratis.protocol.TimeoutIOException: Timeout 10s: WriteLog:14: (t:2, i:14), STATEMACHINELOGENTRY, client-E281DC600642, cid=30-writeStateMachineData
	at org.apache.ratis.util.IOUtils.getFromFuture(IOUtils.java:87)
	at org.apache.ratis.server.raftlog.segmented.SegmentedRaftLogWorker$StateMachineDataPolicy.getFromFuture(SegmentedRaftLogWorker.java:87)
	at org.apache.ratis.server.raftlog.segmented.SegmentedRaftLogWorker$WriteLog.execute(SegmentedRaftLogWorker.java:477)
	at org.apache.ratis.server.raftlog.segmented.SegmentedRaftLogWorker.run(SegmentedRaftLogWorker.java:289)
	at java.lang.Thread.run(Thread.java:748)
Caused by: java.util.concurrent.TimeoutException
	at java.util.concurrent.CompletableFuture.timedGet(CompletableFuture.java:1771)
	at java.util.concurrent.CompletableFuture.get(CompletableFuture.java:1915)
	at org.apache.ratis.util.IOUtils.getFromFuture(IOUtils.java:79)
	... 4 more
2019-09-16 16:57:51,876 [EventQueue-PipelineActionsForPipelineActionHandler] ERROR pipeline.PipelineActionHandler (PipelineActionHandler.java:onMessage(60)) - Received pipeline action CLOSE for Pipeline[ Id: c355fa8d-9ddd-4ba5-bf86-8bc1d30073b0, Nodes: 445370a6-3850-4457-9c2c-f37f35928d12{ip: 192.168.5.184, host: pr-hdds-2022-qxstf-1422721469, networkLocation: /default-rack, certSerialId: null}e9d750f6-56b2-4d42-a810-39328f6044b5{ip: 192.168.5.184, host: pr-hdds-2022-qxstf-1422721469, networkLocation: /default-rack, certSerialId: null}b38fff04-681d-43a3-90d0-26fe2e9a9866{ip: 192.168.5.184, host: pr-hdds-2022-qxstf-1422721469, networkLocation: /default-rack, certSerialId: null}, Type:RATIS, Factor:THREE, State:CLOSED] from datanode b38fff04-681d-43a3-90d0-26fe2e9a9866{ip: 192.168.5.184, host: pr-hdds-2022-qxstf-1422721469, networkLocation: /default-rack, certSerialId: null}. Reason : b38fff04-681d-43a3-90d0-26fe2e9a9866 has not seen follower/s 445370a6-3850-4457-9c2c-f37f35928d12 for 140070ms e9d750f6-56b2-4d42-a810-39328f6044b5 for 140071ms
2019-09-16 16:57:51,876 [EventQueue-PipelineActionsForPipelineActionHandler] INFO  pipeline.SCMPipelineManager (SCMPipelineManager.java:finalizeAndDestroyPipeline(311)) - destroying pipeline:Pipeline[ Id: c355fa8d-9ddd-4ba5-bf86-8bc1d30073b0, Nodes: 445370a6-3850-4457-9c2c-f37f35928d12{ip: 192.168.5.184, host: pr-hdds-2022-qxstf-1422721469, networkLocation: /default-rack, certSerialId: null}e9d750f6-56b2-4d42-a810-39328f6044b5{ip: 192.168.5.184, host: pr-hdds-2022-qxstf-1422721469, networkLocation: /default-rack, certSerialId: null}b38fff04-681d-43a3-90d0-26fe2e9a9866{ip: 192.168.5.184, host: pr-hdds-2022-qxstf-1422721469, networkLocation: /default-rack, certSerialId: null}, Type:RATIS, Factor:THREE, State:CLOSED]
2019-09-16 16:57:51,885 [java.util.concurrent.ThreadPoolExecutor$Worker@57a96755[State = -1, empty queue]] WARN  server.GrpcLogAppender (GrpcLogAppender.java:timeoutAppendRequest(200)) - b38fff04-681d-43a3-90d0-26fe2e9a9866@group-8BC1D30073B0->445370a6-3850-4457-9c2c-f37f35928d12-GrpcLogAppender: appendEntries Timeout, request=b38fff04-681d-43a3-90d0-26fe2e9a9866->445370a6-3850-4457-9c2c-f37f35928d12#149-t2, previous=(t:2, i:19), leaderCommit=12, initializing? false, entries: <empty>
2019-09-16 16:57:51,885 [java.util.concurrent.ThreadPoolExecutor$Worker@58806139[State = -1, empty queue]] WARN  server.GrpcLogAppender (GrpcLogAppender.java:timeoutAppendRequest(200)) - b38fff04-681d-43a3-90d0-26fe2e9a9866@group-8BC1D30073B0->e9d750f6-56b2-4d42-a810-39328f6044b5-GrpcLogAppender: appendEntries Timeout, request=b38fff04-681d-43a3-90d0-26fe2e9a9866->e9d750f6-56b2-4d42-a810-39328f6044b5#149-t2, previous=(t:2, i:19), leaderCommit=12, initializing? false, entries: <empty>
2019-09-16 16:57:52,830 [grpc-default-executor-0] INFO  client.GrpcClientProtocolClient (GrpcClientProtocolClient.java:onNext(264)) - client-E281DC600642->e9d750f6-56b2-4d42-a810-39328f6044b5: receive RaftClientReply:client-E281DC600642->e9d750f6-56b2-4d42-a810-39328f6044b5@group-8BC1D30073B0, cid=29, FAILED org.apache.ratis.protocol.NotLeaderException: Server e9d750f6-56b2-4d42-a810-39328f6044b5@group-8BC1D30073B0 is not the leader b38fff04-681d-43a3-90d0-26fe2e9a9866:192.168.5.184:37740, logIndex=0, commits[e9d750f6-56b2-4d42-a810-39328f6044b5:c12, 445370a6-3850-4457-9c2c-f37f35928d12:c10, b38fff04-681d-43a3-90d0-26fe2e9a9866:c12]
2019-09-16 16:57:53,888 [org.apache.ratis.server.impl.LogAppender$AppenderDaemon$$Lambda$508/1360433104@60362804] ERROR ratis.XceiverServerRatis (XceiverServerRatis.java:triggerPipelineClose(575)) - pipeline Action CLOSE  on pipeline PipelineID=c355fa8d-9ddd-4ba5-bf86-8bc1d30073b0.Reason : b38fff04-681d-43a3-90d0-26fe2e9a9866 has not seen follower/s 445370a6-3850-4457-9c2c-f37f35928d12 for 142571ms e9d750f6-56b2-4d42-a810-39328f6044b5 for 142571ms
2019-09-16 16:57:53,888 [org.apache.ratis.server.impl.LogAppender$AppenderDaemon$$Lambda$508/1360433104@2cff0823] ERROR ratis.XceiverServerRatis (XceiverServerRatis.java:triggerPipelineClose(575)) - pipeline Action CLOSE  on pipeline PipelineID=c355fa8d-9ddd-4ba5-bf86-8bc1d30073b0.Reason : b38fff04-681d-43a3-90d0-26fe2e9a9866 has not seen follower/s 445370a6-3850-4457-9c2c-f37f35928d12 for 142571ms e9d750f6-56b2-4d42-a810-39328f6044b5 for 142571ms
2019-09-16 16:57:54,387 [java.util.concurrent.ThreadPoolExecutor$Worker@57a96755[State = -1, empty queue]] WARN  server.GrpcLogAppender (GrpcLogAppender.java:timeoutAppendRequest(200)) - b38fff04-681d-43a3-90d0-26fe2e9a9866@group-8BC1D30073B0->445370a6-3850-4457-9c2c-f37f35928d12-GrpcLogAppender: appendEntries Timeout, request=b38fff04-681d-43a3-90d0-26fe2e9a9866->445370a6-3850-4457-9c2c-f37f35928d12#150-t2, previous=(t:2, i:19), leaderCommit=12, initializing? false, entries: <empty>
2019-09-16 16:57:54,387 [java.util.concurrent.ThreadPoolExecutor$Worker@58806139[State = -1, empty queue]] WARN  server.GrpcLogAppender (GrpcLogAppender.java:timeoutAppendRequest(200)) - b38fff04-681d-43a3-90d0-26fe2e9a9866@group-8BC1D30073B0->e9d750f6-56b2-4d42-a810-39328f6044b5-GrpcLogAppender: appendEntries Timeout, request=b38fff04-681d-43a3-90d0-26fe2e9a9866->e9d750f6-56b2-4d42-a810-39328f6044b5#150-t2, previous=(t:2, i:19), leaderCommit=12, initializing? false, entries: <empty>
2019-09-16 16:57:54,876 [EventQueue-PipelineActionsForPipelineActionHandler] ERROR pipeline.PipelineActionHandler (PipelineActionHandler.java:onMessage(60)) - Received pipeline action CLOSE for Pipeline[ Id: c355fa8d-9ddd-4ba5-bf86-8bc1d30073b0, Nodes: 445370a6-3850-4457-9c2c-f37f35928d12{ip: 192.168.5.184, host: pr-hdds-2022-qxstf-1422721469, networkLocation: /default-rack, certSerialId: null}e9d750f6-56b2-4d42-a810-39328f6044b5{ip: 192.168.5.184, host: pr-hdds-2022-qxstf-1422721469, networkLocation: /default-rack, certSerialId: null}b38fff04-681d-43a3-90d0-26fe2e9a9866{ip: 192.168.5.184, host: pr-hdds-2022-qxstf-1422721469, networkLocation: /default-rack, certSerialId: null}, Type:RATIS, Factor:THREE, State:CLOSED] from datanode b38fff04-681d-43a3-90d0-26fe2e9a9866{ip: 192.168.5.184, host: pr-hdds-2022-qxstf-1422721469, networkLocation: /default-rack, certSerialId: null}. Reason : b38fff04-681d-43a3-90d0-26fe2e9a9866 has not seen follower/s 445370a6-3850-4457-9c2c-f37f35928d12 for 142571ms e9d750f6-56b2-4d42-a810-39328f6044b5 for 142571ms
2019-09-16 16:57:54,876 [EventQueue-PipelineActionsForPipelineActionHandler] INFO  pipeline.SCMPipelineManager (SCMPipelineManager.java:finalizeAndDestroyPipeline(311)) - destroying pipeline:Pipeline[ Id: c355fa8d-9ddd-4ba5-bf86-8bc1d30073b0, Nodes: 445370a6-3850-4457-9c2c-f37f35928d12{ip: 192.168.5.184, host: pr-hdds-2022-qxstf-1422721469, networkLocation: /default-rack, certSerialId: null}e9d750f6-56b2-4d42-a810-39328f6044b5{ip: 192.168.5.184, host: pr-hdds-2022-qxstf-1422721469, networkLocation: /default-rack, certSerialId: null}b38fff04-681d-43a3-90d0-26fe2e9a9866{ip: 192.168.5.184, host: pr-hdds-2022-qxstf-1422721469, networkLocation: /default-rack, certSerialId: null}, Type:RATIS, Factor:THREE, State:CLOSED]
2019-09-16 16:57:56,388 [org.apache.ratis.server.impl.LogAppender$AppenderDaemon$$Lambda$508/1360433104@60362804] ERROR ratis.XceiverServerRatis (XceiverServerRatis.java:triggerPipelineClose(575)) - pipeline Action CLOSE  on pipeline PipelineID=c355fa8d-9ddd-4ba5-bf86-8bc1d30073b0.Reason : b38fff04-681d-43a3-90d0-26fe2e9a9866 has not seen follower/s 445370a6-3850-4457-9c2c-f37f35928d12 for 145071ms e9d750f6-56b2-4d42-a810-39328f6044b5 for 145072ms
2019-09-16 16:57:56,388 [org.apache.ratis.server.impl.LogAppender$AppenderDaemon$$Lambda$508/1360433104@2cff0823] ERROR ratis.XceiverServerRatis (XceiverServerRatis.java:triggerPipelineClose(575)) - pipeline Action CLOSE  on pipeline PipelineID=c355fa8d-9ddd-4ba5-bf86-8bc1d30073b0.Reason : b38fff04-681d-43a3-90d0-26fe2e9a9866 has not seen follower/s 445370a6-3850-4457-9c2c-f37f35928d12 for 145072ms e9d750f6-56b2-4d42-a810-39328f6044b5 for 145072ms
2019-09-16 16:57:56,876 [EventQueue-PipelineActionsForPipelineActionHandler] ERROR pipeline.PipelineActionHandler (PipelineActionHandler.java:onMessage(60)) - Received pipeline action CLOSE for Pipeline[ Id: c355fa8d-9ddd-4ba5-bf86-8bc1d30073b0, Nodes: 445370a6-3850-4457-9c2c-f37f35928d12{ip: 192.168.5.184, host: pr-hdds-2022-qxstf-1422721469, networkLocation: /default-rack, certSerialId: null}e9d750f6-56b2-4d42-a810-39328f6044b5{ip: 192.168.5.184, host: pr-hdds-2022-qxstf-1422721469, networkLocation: /default-rack, certSerialId: null}b38fff04-681d-43a3-90d0-26fe2e9a9866{ip: 192.168.5.184, host: pr-hdds-2022-qxstf-1422721469, networkLocation: /default-rack, certSerialId: null}, Type:RATIS, Factor:THREE, State:CLOSED] from datanode b38fff04-681d-43a3-90d0-26fe2e9a9866{ip: 192.168.5.184, host: pr-hdds-2022-qxstf-1422721469, networkLocation: /default-rack, certSerialId: null}. Reason : b38fff04-681d-43a3-90d0-26fe2e9a9866 has not seen follower/s 445370a6-3850-4457-9c2c-f37f35928d12 for 145071ms e9d750f6-56b2-4d42-a810-39328f6044b5 for 145072ms
2019-09-16 16:57:56,877 [EventQueue-PipelineActionsForPipelineActionHandler] INFO  pipeline.SCMPipelineManager (SCMPipelineManager.java:finalizeAndDestroyPipeline(311)) - destroying pipeline:Pipeline[ Id: c355fa8d-9ddd-4ba5-bf86-8bc1d30073b0, Nodes: 445370a6-3850-4457-9c2c-f37f35928d12{ip: 192.168.5.184, host: pr-hdds-2022-qxstf-1422721469, networkLocation: /default-rack, certSerialId: null}e9d750f6-56b2-4d42-a810-39328f6044b5{ip: 192.168.5.184, host: pr-hdds-2022-qxstf-1422721469, networkLocation: /default-rack, certSerialId: null}b38fff04-681d-43a3-90d0-26fe2e9a9866{ip: 192.168.5.184, host: pr-hdds-2022-qxstf-1422721469, networkLocation: /default-rack, certSerialId: null}, Type:RATIS, Factor:THREE, State:CLOSED]
2019-09-16 16:57:56,887 [java.util.concurrent.ThreadPoolExecutor$Worker@58806139[State = -1, empty queue]] WARN  server.GrpcLogAppender (GrpcLogAppender.java:timeoutAppendRequest(200)) - b38fff04-681d-43a3-90d0-26fe2e9a9866@group-8BC1D30073B0->e9d750f6-56b2-4d42-a810-39328f6044b5-GrpcLogAppender: appendEntries Timeout, request=b38fff04-681d-43a3-90d0-26fe2e9a9866->e9d750f6-56b2-4d42-a810-39328f6044b5#151-t2, previous=(t:2, i:19), leaderCommit=12, initializing? false, entries: <empty>
2019-09-16 16:57:56,888 [java.util.concurrent.ThreadPoolExecutor$Worker@57a96755[State = -1, empty queue]] WARN  server.GrpcLogAppender (GrpcLogAppender.java:timeoutAppendRequest(200)) - b38fff04-681d-43a3-90d0-26fe2e9a9866@group-8BC1D30073B0->445370a6-3850-4457-9c2c-f37f35928d12-GrpcLogAppender: appendEntries Timeout, request=b38fff04-681d-43a3-90d0-26fe2e9a9866->445370a6-3850-4457-9c2c-f37f35928d12#151-t2, previous=(t:2, i:19), leaderCommit=12, initializing? false, entries: <empty>
2019-09-16 16:57:57,866 [grpc-default-executor-4] INFO  client.GrpcClientProtocolClient (GrpcClientProtocolClient.java:onNext(264)) - client-E281DC600642->445370a6-3850-4457-9c2c-f37f35928d12: receive RaftClientReply:client-E281DC600642->445370a6-3850-4457-9c2c-f37f35928d12@group-8BC1D30073B0, cid=29, FAILED org.apache.ratis.protocol.NotLeaderException: Server 445370a6-3850-4457-9c2c-f37f35928d12@group-8BC1D30073B0 is not the leader b38fff04-681d-43a3-90d0-26fe2e9a9866:192.168.5.184:37740, logIndex=0, commits[445370a6-3850-4457-9c2c-f37f35928d12:c12, b38fff04-681d-43a3-90d0-26fe2e9a9866:c12, e9d750f6-56b2-4d42-a810-39328f6044b5:c10]
2019-09-16 16:57:58,889 [org.apache.ratis.server.impl.LogAppender$AppenderDaemon$$Lambda$508/1360433104@60362804] ERROR ratis.XceiverServerRatis (XceiverServerRatis.java:triggerPipelineClose(575)) - pipeline Action CLOSE  on pipeline PipelineID=c355fa8d-9ddd-4ba5-bf86-8bc1d30073b0.Reason : b38fff04-681d-43a3-90d0-26fe2e9a9866 has not seen follower/s 445370a6-3850-4457-9c2c-f37f35928d12 for 147572ms e9d750f6-56b2-4d42-a810-39328f6044b5 for 147573ms
2019-09-16 16:57:58,889 [org.apache.ratis.server.impl.LogAppender$AppenderDaemon$$Lambda$508/1360433104@2cff0823] ERROR ratis.XceiverServerRatis (XceiverServerRatis.java:triggerPipelineClose(575)) - pipeline Action CLOSE  on pipeline PipelineID=c355fa8d-9ddd-4ba5-bf86-8bc1d30073b0.Reason : b38fff04-681d-43a3-90d0-26fe2e9a9866 has not seen follower/s 445370a6-3850-4457-9c2c-f37f35928d12 for 147572ms e9d750f6-56b2-4d42-a810-39328f6044b5 for 147573ms
2019-09-16 16:57:59,388 [java.util.concurrent.ThreadPoolExecutor$Worker@58806139[State = -1, empty queue]] WARN  server.GrpcLogAppender (GrpcLogAppender.java:timeoutAppendRequest(200)) - b38fff04-681d-43a3-90d0-26fe2e9a9866@group-8BC1D30073B0->e9d750f6-56b2-4d42-a810-39328f6044b5-GrpcLogAppender: appendEntries Timeout, request=b38fff04-681d-43a3-90d0-26fe2e9a9866->e9d750f6-56b2-4d42-a810-39328f6044b5#152-t2, previous=(t:2, i:19), leaderCommit=12, initializing? false, entries: <empty>
2019-09-16 16:57:59,388 [java.util.concurrent.ThreadPoolExecutor$Worker@57a96755[State = -1, empty queue]] WARN  server.GrpcLogAppender (GrpcLogAppender.java:timeoutAppendRequest(200)) - b38fff04-681d-43a3-90d0-26fe2e9a9866@group-8BC1D30073B0->445370a6-3850-4457-9c2c-f37f35928d12-GrpcLogAppender: appendEntries Timeout, request=b38fff04-681d-43a3-90d0-26fe2e9a9866->445370a6-3850-4457-9c2c-f37f35928d12#152-t2, previous=(t:2, i:19), leaderCommit=12, initializing? false, entries: <empty>
2019-09-16 16:57:59,877 [EventQueue-PipelineActionsForPipelineActionHandler] ERROR pipeline.PipelineActionHandler (PipelineActionHandler.java:onMessage(60)) - Received pipeline action CLOSE for Pipeline[ Id: c355fa8d-9ddd-4ba5-bf86-8bc1d30073b0, Nodes: 445370a6-3850-4457-9c2c-f37f35928d12{ip: 192.168.5.184, host: pr-hdds-2022-qxstf-1422721469, networkLocation: /default-rack, certSerialId: null}e9d750f6-56b2-4d42-a810-39328f6044b5{ip: 192.168.5.184, host: pr-hdds-2022-qxstf-1422721469, networkLocation: /default-rack, certSerialId: null}b38fff04-681d-43a3-90d0-26fe2e9a9866{ip: 192.168.5.184, host: pr-hdds-2022-qxstf-1422721469, networkLocation: /default-rack, certSerialId: null}, Type:RATIS, Factor:THREE, State:CLOSED] from datanode b38fff04-681d-43a3-90d0-26fe2e9a9866{ip: 192.168.5.184, host: pr-hdds-2022-qxstf-1422721469, networkLocation: /default-rack, certSerialId: null}. Reason : b38fff04-681d-43a3-90d0-26fe2e9a9866 has not seen follower/s 445370a6-3850-4457-9c2c-f37f35928d12 for 147572ms e9d750f6-56b2-4d42-a810-39328f6044b5 for 147573ms
2019-09-16 16:57:59,877 [EventQueue-PipelineActionsForPipelineActionHandler] INFO  pipeline.SCMPipelineManager (SCMPipelineManager.java:finalizeAndDestroyPipeline(311)) - destroying pipeline:Pipeline[ Id: c355fa8d-9ddd-4ba5-bf86-8bc1d30073b0, Nodes: 445370a6-3850-4457-9c2c-f37f35928d12{ip: 192.168.5.184, host: pr-hdds-2022-qxstf-1422721469, networkLocation: /default-rack, certSerialId: null}e9d750f6-56b2-4d42-a810-39328f6044b5{ip: 192.168.5.184, host: pr-hdds-2022-qxstf-1422721469, networkLocation: /default-rack, certSerialId: null}b38fff04-681d-43a3-90d0-26fe2e9a9866{ip: 192.168.5.184, host: pr-hdds-2022-qxstf-1422721469, networkLocation: /default-rack, certSerialId: null}, Type:RATIS, Factor:THREE, State:CLOSED]
2019-09-16 16:58:01,390 [org.apache.ratis.server.impl.LogAppender$AppenderDaemon$$Lambda$508/1360433104@60362804] ERROR ratis.XceiverServerRatis (XceiverServerRatis.java:triggerPipelineClose(575)) - pipeline Action CLOSE  on pipeline PipelineID=c355fa8d-9ddd-4ba5-bf86-8bc1d30073b0.Reason : b38fff04-681d-43a3-90d0-26fe2e9a9866 has not seen follower/s 445370a6-3850-4457-9c2c-f37f35928d12 for 150073ms e9d750f6-56b2-4d42-a810-39328f6044b5 for 150074ms
2019-09-16 16:58:01,390 [org.apache.ratis.server.impl.LogAppender$AppenderDaemon$$Lambda$508/1360433104@2cff0823] ERROR ratis.XceiverServerRatis (XceiverServerRatis.java:triggerPipelineClose(575)) - pipeline Action CLOSE  on pipeline PipelineID=c355fa8d-9ddd-4ba5-bf86-8bc1d30073b0.Reason : b38fff04-681d-43a3-90d0-26fe2e9a9866 has not seen follower/s 445370a6-3850-4457-9c2c-f37f35928d12 for 150073ms e9d750f6-56b2-4d42-a810-39328f6044b5 for 150074ms
2019-09-16 16:58:01,464 [b38fff04-681d-43a3-90d0-26fe2e9a9866@group-8BC1D30073B0-SegmentedRaftLogWorker] WARN  segmented.SegmentedRaftLogWorker (SegmentedRaftLogWorker.java:getFromFuture(90)) - Timeout 14/~
org.apache.ratis.protocol.TimeoutIOException: Timeout 10s: WriteLog:13: (t:2, i:13), STATEMACHINELOGENTRY, client-E281DC600642, cid=29-writeStateMachineData
	at org.apache.ratis.util.IOUtils.getFromFuture(IOUtils.java:87)
	at org.apache.ratis.server.raftlog.segmented.SegmentedRaftLogWorker$StateMachineDataPolicy.getFromFuture(SegmentedRaftLogWorker.java:87)
	at org.apache.ratis.server.raftlog.segmented.SegmentedRaftLogWorker$WriteLog.execute(SegmentedRaftLogWorker.java:477)
	at org.apache.ratis.server.raftlog.segmented.SegmentedRaftLogWorker.run(SegmentedRaftLogWorker.java:289)
	at java.lang.Thread.run(Thread.java:748)
Caused by: java.util.concurrent.TimeoutException
	at java.util.concurrent.CompletableFuture.timedGet(CompletableFuture.java:1771)
	at java.util.concurrent.CompletableFuture.get(CompletableFuture.java:1915)
	at org.apache.ratis.util.IOUtils.getFromFuture(IOUtils.java:79)
	... 4 more
2019-09-16 16:58:01,473 [e9d750f6-56b2-4d42-a810-39328f6044b5@group-8BC1D30073B0-SegmentedRaftLogWorker] WARN  segmented.SegmentedRaftLogWorker (SegmentedRaftLogWorker.java:getFromFuture(90)) - Timeout 14/~
org.apache.ratis.protocol.TimeoutIOException: Timeout 10s: WriteLog:13: (t:2, i:13), STATEMACHINELOGENTRY, client-E281DC600642, cid=29-writeStateMachineData
	at org.apache.ratis.util.IOUtils.getFromFuture(IOUtils.java:87)
	at org.apache.ratis.server.raftlog.segmented.SegmentedRaftLogWorker$StateMachineDataPolicy.getFromFuture(SegmentedRaftLogWorker.java:87)
	at org.apache.ratis.server.raftlog.segmented.SegmentedRaftLogWorker$WriteLog.execute(SegmentedRaftLogWorker.java:477)
	at org.apache.ratis.server.raftlog.segmented.SegmentedRaftLogWorker.run(SegmentedRaftLogWorker.java:289)
	at java.lang.Thread.run(Thread.java:748)
Caused by: java.util.concurrent.TimeoutException
	at java.util.concurrent.CompletableFuture.timedGet(CompletableFuture.java:1771)
	at java.util.concurrent.CompletableFuture.get(CompletableFuture.java:1915)
	at org.apache.ratis.util.IOUtils.getFromFuture(IOUtils.java:79)
	... 4 more
2019-09-16 16:58:01,659 [445370a6-3850-4457-9c2c-f37f35928d12@group-8BC1D30073B0-SegmentedRaftLogWorker] WARN  segmented.SegmentedRaftLogWorker (SegmentedRaftLogWorker.java:getFromFuture(90)) - Timeout 14/~
org.apache.ratis.protocol.TimeoutIOException: Timeout 10s: WriteLog:14: (t:2, i:14), STATEMACHINELOGENTRY, client-E281DC600642, cid=30-writeStateMachineData
	at org.apache.ratis.util.IOUtils.getFromFuture(IOUtils.java:87)
	at org.apache.ratis.server.raftlog.segmented.SegmentedRaftLogWorker$StateMachineDataPolicy.getFromFuture(SegmentedRaftLogWorker.java:87)
	at org.apache.ratis.server.raftlog.segmented.SegmentedRaftLogWorker$WriteLog.execute(SegmentedRaftLogWorker.java:477)
	at org.apache.ratis.server.raftlog.segmented.SegmentedRaftLogWorker.run(SegmentedRaftLogWorker.java:289)
	at java.lang.Thread.run(Thread.java:748)
Caused by: java.util.concurrent.TimeoutException
	at java.util.concurrent.CompletableFuture.timedGet(CompletableFuture.java:1771)
	at java.util.concurrent.CompletableFuture.get(CompletableFuture.java:1915)
	at org.apache.ratis.util.IOUtils.getFromFuture(IOUtils.java:79)
	... 4 more
2019-09-16 16:58:01,877 [EventQueue-PipelineActionsForPipelineActionHandler] ERROR pipeline.PipelineActionHandler (PipelineActionHandler.java:onMessage(60)) - Received pipeline action CLOSE for Pipeline[ Id: c355fa8d-9ddd-4ba5-bf86-8bc1d30073b0, Nodes: 445370a6-3850-4457-9c2c-f37f35928d12{ip: 192.168.5.184, host: pr-hdds-2022-qxstf-1422721469, networkLocation: /default-rack, certSerialId: null}e9d750f6-56b2-4d42-a810-39328f6044b5{ip: 192.168.5.184, host: pr-hdds-2022-qxstf-1422721469, networkLocation: /default-rack, certSerialId: null}b38fff04-681d-43a3-90d0-26fe2e9a9866{ip: 192.168.5.184, host: pr-hdds-2022-qxstf-1422721469, networkLocation: /default-rack, certSerialId: null}, Type:RATIS, Factor:THREE, State:CLOSED] from datanode b38fff04-681d-43a3-90d0-26fe2e9a9866{ip: 192.168.5.184, host: pr-hdds-2022-qxstf-1422721469, networkLocation: /default-rack, certSerialId: null}. Reason : b38fff04-681d-43a3-90d0-26fe2e9a9866 has not seen follower/s 445370a6-3850-4457-9c2c-f37f35928d12 for 150073ms e9d750f6-56b2-4d42-a810-39328f6044b5 for 150074ms
2019-09-16 16:58:01,877 [EventQueue-PipelineActionsForPipelineActionHandler] INFO  pipeline.SCMPipelineManager (SCMPipelineManager.java:finalizeAndDestroyPipeline(311)) - destroying pipeline:Pipeline[ Id: c355fa8d-9ddd-4ba5-bf86-8bc1d30073b0, Nodes: 445370a6-3850-4457-9c2c-f37f35928d12{ip: 192.168.5.184, host: pr-hdds-2022-qxstf-1422721469, networkLocation: /default-rack, certSerialId: null}e9d750f6-56b2-4d42-a810-39328f6044b5{ip: 192.168.5.184, host: pr-hdds-2022-qxstf-1422721469, networkLocation: /default-rack, certSerialId: null}b38fff04-681d-43a3-90d0-26fe2e9a9866{ip: 192.168.5.184, host: pr-hdds-2022-qxstf-1422721469, networkLocation: /default-rack, certSerialId: null}, Type:RATIS, Factor:THREE, State:CLOSED]
2019-09-16 16:58:01,891 [java.util.concurrent.ThreadPoolExecutor$Worker@57a96755[State = -1, empty queue]] WARN  server.GrpcLogAppender (GrpcLogAppender.java:timeoutAppendRequest(200)) - b38fff04-681d-43a3-90d0-26fe2e9a9866@group-8BC1D30073B0->445370a6-3850-4457-9c2c-f37f35928d12-GrpcLogAppender: appendEntries Timeout, request=b38fff04-681d-43a3-90d0-26fe2e9a9866->445370a6-3850-4457-9c2c-f37f35928d12#153-t2, previous=(t:2, i:19), leaderCommit=12, initializing? false, entries: <empty>
2019-09-16 16:58:01,891 [java.util.concurrent.ThreadPoolExecutor$Worker@58806139[State = -1, empty queue]] WARN  server.GrpcLogAppender (GrpcLogAppender.java:timeoutAppendRequest(200)) - b38fff04-681d-43a3-90d0-26fe2e9a9866@group-8BC1D30073B0->e9d750f6-56b2-4d42-a810-39328f6044b5-GrpcLogAppender: appendEntries Timeout, request=b38fff04-681d-43a3-90d0-26fe2e9a9866->e9d750f6-56b2-4d42-a810-39328f6044b5#153-t2, previous=(t:2, i:19), leaderCommit=12, initializing? false, entries: <empty>
2019-09-16 16:58:02,900 [grpc-default-executor-4] INFO  client.GrpcClientProtocolClient (GrpcClientProtocolClient.java:onNext(264)) - client-E281DC600642->e9d750f6-56b2-4d42-a810-39328f6044b5: receive RaftClientReply:client-E281DC600642->e9d750f6-56b2-4d42-a810-39328f6044b5@group-8BC1D30073B0, cid=29, FAILED org.apache.ratis.protocol.NotLeaderException: Server e9d750f6-56b2-4d42-a810-39328f6044b5@group-8BC1D30073B0 is not the leader b38fff04-681d-43a3-90d0-26fe2e9a9866:192.168.5.184:37740, logIndex=0, commits[e9d750f6-56b2-4d42-a810-39328f6044b5:c12, 445370a6-3850-4457-9c2c-f37f35928d12:c10, b38fff04-681d-43a3-90d0-26fe2e9a9866:c12]
2019-09-16 16:58:03,891 [org.apache.ratis.server.impl.LogAppender$AppenderDaemon$$Lambda$508/1360433104@2cff0823] ERROR ratis.XceiverServerRatis (XceiverServerRatis.java:triggerPipelineClose(575)) - pipeline Action CLOSE  on pipeline PipelineID=c355fa8d-9ddd-4ba5-bf86-8bc1d30073b0.Reason : b38fff04-681d-43a3-90d0-26fe2e9a9866 has not seen follower/s 445370a6-3850-4457-9c2c-f37f35928d12 for 152574ms e9d750f6-56b2-4d42-a810-39328f6044b5 for 152575ms
2019-09-16 16:58:03,891 [org.apache.ratis.server.impl.LogAppender$AppenderDaemon$$Lambda$508/1360433104@60362804] ERROR ratis.XceiverServerRatis (XceiverServerRatis.java:triggerPipelineClose(575)) - pipeline Action CLOSE  on pipeline PipelineID=c355fa8d-9ddd-4ba5-bf86-8bc1d30073b0.Reason : b38fff04-681d-43a3-90d0-26fe2e9a9866 has not seen follower/s 445370a6-3850-4457-9c2c-f37f35928d12 for 152574ms e9d750f6-56b2-4d42-a810-39328f6044b5 for 152575ms
2019-09-16 16:58:04,390 [java.util.concurrent.ThreadPoolExecutor$Worker@58806139[State = -1, empty queue]] WARN  server.GrpcLogAppender (GrpcLogAppender.java:timeoutAppendRequest(200)) - b38fff04-681d-43a3-90d0-26fe2e9a9866@group-8BC1D30073B0->e9d750f6-56b2-4d42-a810-39328f6044b5-GrpcLogAppender: appendEntries Timeout, request=b38fff04-681d-43a3-90d0-26fe2e9a9866->e9d750f6-56b2-4d42-a810-39328f6044b5#154-t2, previous=(t:2, i:19), leaderCommit=12, initializing? false, entries: <empty>
2019-09-16 16:58:04,390 [java.util.concurrent.ThreadPoolExecutor$Worker@57a96755[State = -1, empty queue]] WARN  server.GrpcLogAppender (GrpcLogAppender.java:timeoutAppendRequest(200)) - b38fff04-681d-43a3-90d0-26fe2e9a9866@group-8BC1D30073B0->445370a6-3850-4457-9c2c-f37f35928d12-GrpcLogAppender: appendEntries Timeout, request=b38fff04-681d-43a3-90d0-26fe2e9a9866->445370a6-3850-4457-9c2c-f37f35928d12#154-t2, previous=(t:2, i:19), leaderCommit=12, initializing? false, entries: <empty>
2019-09-16 16:58:04,877 [EventQueue-PipelineActionsForPipelineActionHandler] ERROR pipeline.PipelineActionHandler (PipelineActionHandler.java:onMessage(60)) - Received pipeline action CLOSE for Pipeline[ Id: c355fa8d-9ddd-4ba5-bf86-8bc1d30073b0, Nodes: 445370a6-3850-4457-9c2c-f37f35928d12{ip: 192.168.5.184, host: pr-hdds-2022-qxstf-1422721469, networkLocation: /default-rack, certSerialId: null}e9d750f6-56b2-4d42-a810-39328f6044b5{ip: 192.168.5.184, host: pr-hdds-2022-qxstf-1422721469, networkLocation: /default-rack, certSerialId: null}b38fff04-681d-43a3-90d0-26fe2e9a9866{ip: 192.168.5.184, host: pr-hdds-2022-qxstf-1422721469, networkLocation: /default-rack, certSerialId: null}, Type:RATIS, Factor:THREE, State:CLOSED] from datanode b38fff04-681d-43a3-90d0-26fe2e9a9866{ip: 192.168.5.184, host: pr-hdds-2022-qxstf-1422721469, networkLocation: /default-rack, certSerialId: null}. Reason : b38fff04-681d-43a3-90d0-26fe2e9a9866 has not seen follower/s 445370a6-3850-4457-9c2c-f37f35928d12 for 152574ms e9d750f6-56b2-4d42-a810-39328f6044b5 for 152575ms
2019-09-16 16:58:04,877 [EventQueue-PipelineActionsForPipelineActionHandler] INFO  pipeline.SCMPipelineManager (SCMPipelineManager.java:finalizeAndDestroyPipeline(311)) - destroying pipeline:Pipeline[ Id: c355fa8d-9ddd-4ba5-bf86-8bc1d30073b0, Nodes: 445370a6-3850-4457-9c2c-f37f35928d12{ip: 192.168.5.184, host: pr-hdds-2022-qxstf-1422721469, networkLocation: /default-rack, certSerialId: null}e9d750f6-56b2-4d42-a810-39328f6044b5{ip: 192.168.5.184, host: pr-hdds-2022-qxstf-1422721469, networkLocation: /default-rack, certSerialId: null}b38fff04-681d-43a3-90d0-26fe2e9a9866{ip: 192.168.5.184, host: pr-hdds-2022-qxstf-1422721469, networkLocation: /default-rack, certSerialId: null}, Type:RATIS, Factor:THREE, State:CLOSED]
2019-09-16 16:58:06,393 [org.apache.ratis.server.impl.LogAppender$AppenderDaemon$$Lambda$508/1360433104@60362804] ERROR ratis.XceiverServerRatis (XceiverServerRatis.java:triggerPipelineClose(575)) - pipeline Action CLOSE  on pipeline PipelineID=c355fa8d-9ddd-4ba5-bf86-8bc1d30073b0.Reason : b38fff04-681d-43a3-90d0-26fe2e9a9866 has not seen follower/s 445370a6-3850-4457-9c2c-f37f35928d12 for 155076ms e9d750f6-56b2-4d42-a810-39328f6044b5 for 155076ms
2019-09-16 16:58:06,393 [org.apache.ratis.server.impl.LogAppender$AppenderDaemon$$Lambda$508/1360433104@2cff0823] ERROR ratis.XceiverServerRatis (XceiverServerRatis.java:triggerPipelineClose(575)) - pipeline Action CLOSE  on pipeline PipelineID=c355fa8d-9ddd-4ba5-bf86-8bc1d30073b0.Reason : b38fff04-681d-43a3-90d0-26fe2e9a9866 has not seen follower/s 445370a6-3850-4457-9c2c-f37f35928d12 for 155076ms e9d750f6-56b2-4d42-a810-39328f6044b5 for 155076ms
2019-09-16 16:58:06,877 [EventQueue-PipelineActionsForPipelineActionHandler] ERROR pipeline.PipelineActionHandler (PipelineActionHandler.java:onMessage(60)) - Received pipeline action CLOSE for Pipeline[ Id: c355fa8d-9ddd-4ba5-bf86-8bc1d30073b0, Nodes: 445370a6-3850-4457-9c2c-f37f35928d12{ip: 192.168.5.184, host: pr-hdds-2022-qxstf-1422721469, networkLocation: /default-rack, certSerialId: null}e9d750f6-56b2-4d42-a810-39328f6044b5{ip: 192.168.5.184, host: pr-hdds-2022-qxstf-1422721469, networkLocation: /default-rack, certSerialId: null}b38fff04-681d-43a3-90d0-26fe2e9a9866{ip: 192.168.5.184, host: pr-hdds-2022-qxstf-1422721469, networkLocation: /default-rack, certSerialId: null}, Type:RATIS, Factor:THREE, State:CLOSED] from datanode b38fff04-681d-43a3-90d0-26fe2e9a9866{ip: 192.168.5.184, host: pr-hdds-2022-qxstf-1422721469, networkLocation: /default-rack, certSerialId: null}. Reason : b38fff04-681d-43a3-90d0-26fe2e9a9866 has not seen follower/s 445370a6-3850-4457-9c2c-f37f35928d12 for 155076ms e9d750f6-56b2-4d42-a810-39328f6044b5 for 155076ms
2019-09-16 16:58:06,878 [EventQueue-PipelineActionsForPipelineActionHandler] INFO  pipeline.SCMPipelineManager (SCMPipelineManager.java:finalizeAndDestroyPipeline(311)) - destroying pipeline:Pipeline[ Id: c355fa8d-9ddd-4ba5-bf86-8bc1d30073b0, Nodes: 445370a6-3850-4457-9c2c-f37f35928d12{ip: 192.168.5.184, host: pr-hdds-2022-qxstf-1422721469, networkLocation: /default-rack, certSerialId: null}e9d750f6-56b2-4d42-a810-39328f6044b5{ip: 192.168.5.184, host: pr-hdds-2022-qxstf-1422721469, networkLocation: /default-rack, certSerialId: null}b38fff04-681d-43a3-90d0-26fe2e9a9866{ip: 192.168.5.184, host: pr-hdds-2022-qxstf-1422721469, networkLocation: /default-rack, certSerialId: null}, Type:RATIS, Factor:THREE, State:CLOSED]
2019-09-16 16:58:06,891 [java.util.concurrent.ThreadPoolExecutor$Worker@58806139[State = -1, empty queue]] WARN  server.GrpcLogAppender (GrpcLogAppender.java:timeoutAppendRequest(200)) - b38fff04-681d-43a3-90d0-26fe2e9a9866@group-8BC1D30073B0->e9d750f6-56b2-4d42-a810-39328f6044b5-GrpcLogAppender: appendEntries Timeout, request=b38fff04-681d-43a3-90d0-26fe2e9a9866->e9d750f6-56b2-4d42-a810-39328f6044b5#155-t2, previous=(t:2, i:19), leaderCommit=12, initializing? false, entries: <empty>
2019-09-16 16:58:06,891 [java.util.concurrent.ThreadPoolExecutor$Worker@57a96755[State = -1, empty queue]] WARN  server.GrpcLogAppender (GrpcLogAppender.java:timeoutAppendRequest(200)) - b38fff04-681d-43a3-90d0-26fe2e9a9866@group-8BC1D30073B0->445370a6-3850-4457-9c2c-f37f35928d12-GrpcLogAppender: appendEntries Timeout, request=b38fff04-681d-43a3-90d0-26fe2e9a9866->445370a6-3850-4457-9c2c-f37f35928d12#155-t2, previous=(t:2, i:19), leaderCommit=12, initializing? false, entries: <empty>
2019-09-16 16:58:07,962 [grpc-default-executor-0] INFO  client.GrpcClientProtocolClient (GrpcClientProtocolClient.java:onNext(264)) - client-E281DC600642->445370a6-3850-4457-9c2c-f37f35928d12: receive RaftClientReply:client-E281DC600642->445370a6-3850-4457-9c2c-f37f35928d12@group-8BC1D30073B0, cid=29, FAILED org.apache.ratis.protocol.NotLeaderException: Server 445370a6-3850-4457-9c2c-f37f35928d12@group-8BC1D30073B0 is not the leader b38fff04-681d-43a3-90d0-26fe2e9a9866:192.168.5.184:37740, logIndex=0, commits[445370a6-3850-4457-9c2c-f37f35928d12:c12, b38fff04-681d-43a3-90d0-26fe2e9a9866:c12, e9d750f6-56b2-4d42-a810-39328f6044b5:c10]
2019-09-16 16:58:08,893 [org.apache.ratis.server.impl.LogAppender$AppenderDaemon$$Lambda$508/1360433104@2cff0823] ERROR ratis.XceiverServerRatis (XceiverServerRatis.java:triggerPipelineClose(575)) - pipeline Action CLOSE  on pipeline PipelineID=c355fa8d-9ddd-4ba5-bf86-8bc1d30073b0.Reason : b38fff04-681d-43a3-90d0-26fe2e9a9866 has not seen follower/s 445370a6-3850-4457-9c2c-f37f35928d12 for 157576ms e9d750f6-56b2-4d42-a810-39328f6044b5 for 157576ms
2019-09-16 16:58:08,893 [org.apache.ratis.server.impl.LogAppender$AppenderDaemon$$Lambda$508/1360433104@60362804] ERROR ratis.XceiverServerRatis (XceiverServerRatis.java:triggerPipelineClose(575)) - pipeline Action CLOSE  on pipeline PipelineID=c355fa8d-9ddd-4ba5-bf86-8bc1d30073b0.Reason : b38fff04-681d-43a3-90d0-26fe2e9a9866 has not seen follower/s 445370a6-3850-4457-9c2c-f37f35928d12 for 157576ms e9d750f6-56b2-4d42-a810-39328f6044b5 for 157576ms
2019-09-16 16:58:09,392 [java.util.concurrent.ThreadPoolExecutor$Worker@57a96755[State = -1, empty queue]] WARN  server.GrpcLogAppender (GrpcLogAppender.java:timeoutAppendRequest(200)) - b38fff04-681d-43a3-90d0-26fe2e9a9866@group-8BC1D30073B0->445370a6-3850-4457-9c2c-f37f35928d12-GrpcLogAppender: appendEntries Timeout, request=b38fff04-681d-43a3-90d0-26fe2e9a9866->445370a6-3850-4457-9c2c-f37f35928d12#156-t2, previous=(t:2, i:19), leaderCommit=12, initializing? false, entries: <empty>
2019-09-16 16:58:09,392 [java.util.concurrent.ThreadPoolExecutor$Worker@58806139[State = -1, empty queue]] WARN  server.GrpcLogAppender (GrpcLogAppender.java:timeoutAppendRequest(200)) - b38fff04-681d-43a3-90d0-26fe2e9a9866@group-8BC1D30073B0->e9d750f6-56b2-4d42-a810-39328f6044b5-GrpcLogAppender: appendEntries Timeout, request=b38fff04-681d-43a3-90d0-26fe2e9a9866->e9d750f6-56b2-4d42-a810-39328f6044b5#156-t2, previous=(t:2, i:19), leaderCommit=12, initializing? false, entries: <empty>
2019-09-16 16:58:09,905 [grpc-default-executor-7] INFO  impl.RaftServerProxy (RaftServerProxy.java:addNew(89)) - e9d750f6-56b2-4d42-a810-39328f6044b5: addNew group-26FADD92D351:[445370a6-3850-4457-9c2c-f37f35928d12:192.168.5.184:40437, b38fff04-681d-43a3-90d0-26fe2e9a9866:192.168.5.184:37740, e9d750f6-56b2-4d42-a810-39328f6044b5:192.168.5.184:42227] returns group-26FADD92D351:java.util.concurrent.CompletableFuture@51151538[Not completed]
2019-09-16 16:58:09,905 [grpc-default-executor-4] INFO  impl.RaftServerProxy (RaftServerProxy.java:addNew(89)) - 445370a6-3850-4457-9c2c-f37f35928d12: addNew group-26FADD92D351:[445370a6-3850-4457-9c2c-f37f35928d12:192.168.5.184:40437, b38fff04-681d-43a3-90d0-26fe2e9a9866:192.168.5.184:37740, e9d750f6-56b2-4d42-a810-39328f6044b5:192.168.5.184:42227] returns group-26FADD92D351:java.util.concurrent.CompletableFuture@7c04096c[Not completed]
2019-09-16 16:58:09,905 [grpc-default-executor-0] INFO  impl.RaftServerProxy (RaftServerProxy.java:addNew(89)) - b38fff04-681d-43a3-90d0-26fe2e9a9866: addNew group-26FADD92D351:[445370a6-3850-4457-9c2c-f37f35928d12:192.168.5.184:40437, b38fff04-681d-43a3-90d0-26fe2e9a9866:192.168.5.184:37740, e9d750f6-56b2-4d42-a810-39328f6044b5:192.168.5.184:42227] returns group-26FADD92D351:java.util.concurrent.CompletableFuture@7ee6f93c[Not completed]
2019-09-16 16:58:09,907 [pool-87-thread-1] INFO  impl.RaftServerImpl (RaftServerImpl.java:<init>(95)) - 445370a6-3850-4457-9c2c-f37f35928d12: new RaftServerImpl for group-26FADD92D351:[445370a6-3850-4457-9c2c-f37f35928d12:192.168.5.184:40437, b38fff04-681d-43a3-90d0-26fe2e9a9866:192.168.5.184:37740, e9d750f6-56b2-4d42-a810-39328f6044b5:192.168.5.184:42227] with ContainerStateMachine:uninitialized
2019-09-16 16:58:09,907 [pool-87-thread-1] INFO  server.RaftServerConfigKeys (ConfUtils.java:logGet(43)) - raft.server.rpc.timeout.min = 5s (custom)
2019-09-16 16:58:09,908 [pool-87-thread-1] INFO  server.RaftServerConfigKeys (ConfUtils.java:logGet(43)) - raft.server.rpc.timeout.max = 5200ms (custom)
2019-09-16 16:58:09,908 [pool-87-thread-1] INFO  server.RaftServerConfigKeys (ConfUtils.java:logGet(43)) - raft.server.rpcslowness.timeout = 120s (custom)
2019-09-16 16:58:09,908 [pool-87-thread-1] INFO  server.RaftServerConfigKeys (ConfUtils.java:logGet(43)) - raft.server.sleep.deviation.threshold = 300 (default)
2019-09-16 16:58:09,908 [pool-87-thread-1] INFO  server.RaftServerConfigKeys (ConfUtils.java:logGet(43)) - raft.server.log.appender.install.snapshot.enabled = false (custom)
2019-09-16 16:58:09,908 [pool-87-thread-1] INFO  impl.RaftServerImpl (ServerState.java:<init>(103)) - 445370a6-3850-4457-9c2c-f37f35928d12@group-26FADD92D351: ConfigurationManager, init=-1: [445370a6-3850-4457-9c2c-f37f35928d12:192.168.5.184:40437, b38fff04-681d-43a3-90d0-26fe2e9a9866:192.168.5.184:37740, e9d750f6-56b2-4d42-a810-39328f6044b5:192.168.5.184:42227], old=null, confs=<EMPTY_MAP>
2019-09-16 16:58:09,908 [pool-87-thread-1] INFO  server.RaftServerConfigKeys (ConfUtils.java:logGet(43)) - raft.server.storage.dir = [/workdir/hadoop-ozone/integration-test/target/test-dir/MiniOzoneClusterImpl-b381268c-58bb-44dd-9423-5f17a34efe38/datanode-6/data/ratis] (custom)
2019-09-16 16:58:09,908 [pool-27-thread-1] INFO  impl.RaftServerImpl (RaftServerImpl.java:<init>(95)) - b38fff04-681d-43a3-90d0-26fe2e9a9866: new RaftServerImpl for group-26FADD92D351:[445370a6-3850-4457-9c2c-f37f35928d12:192.168.5.184:40437, b38fff04-681d-43a3-90d0-26fe2e9a9866:192.168.5.184:37740, e9d750f6-56b2-4d42-a810-39328f6044b5:192.168.5.184:42227] with ContainerStateMachine:uninitialized
2019-09-16 16:58:09,908 [pool-27-thread-1] INFO  server.RaftServerConfigKeys (ConfUtils.java:logGet(43)) - raft.server.rpc.timeout.min = 5s (custom)
2019-09-16 16:58:09,909 [pool-87-thread-1] INFO  storage.RaftStorageDirectory (RaftStorageDirectory.java:analyzeStorage(246)) - The storage directory /workdir/hadoop-ozone/integration-test/target/test-dir/MiniOzoneClusterImpl-b381268c-58bb-44dd-9423-5f17a34efe38/datanode-6/data/ratis/9aa3fcfe-8c6c-4f63-b01d-26fadd92d351 does not exist. Creating ...
2019-09-16 16:58:09,909 [pool-27-thread-1] INFO  server.RaftServerConfigKeys (ConfUtils.java:logGet(43)) - raft.server.rpc.timeout.max = 5200ms (custom)
2019-09-16 16:58:09,909 [pool-27-thread-1] INFO  server.RaftServerConfigKeys (ConfUtils.java:logGet(43)) - raft.server.rpcslowness.timeout = 120s (custom)
2019-09-16 16:58:09,909 [pool-27-thread-1] INFO  server.RaftServerConfigKeys (ConfUtils.java:logGet(43)) - raft.server.sleep.deviation.threshold = 300 (default)
2019-09-16 16:58:09,909 [pool-27-thread-1] INFO  server.RaftServerConfigKeys (ConfUtils.java:logGet(43)) - raft.server.log.appender.install.snapshot.enabled = false (custom)
2019-09-16 16:58:09,909 [pool-37-thread-1] INFO  impl.RaftServerImpl (RaftServerImpl.java:<init>(95)) - e9d750f6-56b2-4d42-a810-39328f6044b5: new RaftServerImpl for group-26FADD92D351:[445370a6-3850-4457-9c2c-f37f35928d12:192.168.5.184:40437, b38fff04-681d-43a3-90d0-26fe2e9a9866:192.168.5.184:37740, e9d750f6-56b2-4d42-a810-39328f6044b5:192.168.5.184:42227] with ContainerStateMachine:uninitialized
2019-09-16 16:58:09,909 [pool-27-thread-1] INFO  impl.RaftServerImpl (ServerState.java:<init>(103)) - b38fff04-681d-43a3-90d0-26fe2e9a9866@group-26FADD92D351: ConfigurationManager, init=-1: [445370a6-3850-4457-9c2c-f37f35928d12:192.168.5.184:40437, b38fff04-681d-43a3-90d0-26fe2e9a9866:192.168.5.184:37740, e9d750f6-56b2-4d42-a810-39328f6044b5:192.168.5.184:42227], old=null, confs=<EMPTY_MAP>
2019-09-16 16:58:09,909 [pool-37-thread-1] INFO  server.RaftServerConfigKeys (ConfUtils.java:logGet(43)) - raft.server.rpc.timeout.min = 5s (custom)
2019-09-16 16:58:09,910 [pool-27-thread-1] INFO  server.RaftServerConfigKeys (ConfUtils.java:logGet(43)) - raft.server.storage.dir = [/workdir/hadoop-ozone/integration-test/target/test-dir/MiniOzoneClusterImpl-b381268c-58bb-44dd-9423-5f17a34efe38/datanode-0/data/ratis] (custom)
2019-09-16 16:58:09,910 [pool-37-thread-1] INFO  server.RaftServerConfigKeys (ConfUtils.java:logGet(43)) - raft.server.rpc.timeout.max = 5200ms (custom)
2019-09-16 16:58:09,910 [pool-37-thread-1] INFO  server.RaftServerConfigKeys (ConfUtils.java:logGet(43)) - raft.server.rpcslowness.timeout = 120s (custom)
2019-09-16 16:58:09,910 [pool-37-thread-1] INFO  server.RaftServerConfigKeys (ConfUtils.java:logGet(43)) - raft.server.sleep.deviation.threshold = 300 (default)
2019-09-16 16:58:09,910 [pool-27-thread-1] INFO  storage.RaftStorageDirectory (RaftStorageDirectory.java:analyzeStorage(246)) - The storage directory /workdir/hadoop-ozone/integration-test/target/test-dir/MiniOzoneClusterImpl-b381268c-58bb-44dd-9423-5f17a34efe38/datanode-0/data/ratis/9aa3fcfe-8c6c-4f63-b01d-26fadd92d351 does not exist. Creating ...
2019-09-16 16:58:09,910 [pool-37-thread-1] INFO  server.RaftServerConfigKeys (ConfUtils.java:logGet(43)) - raft.server.log.appender.install.snapshot.enabled = false (custom)
2019-09-16 16:58:09,910 [pool-37-thread-1] INFO  impl.RaftServerImpl (ServerState.java:<init>(103)) - e9d750f6-56b2-4d42-a810-39328f6044b5@group-26FADD92D351: ConfigurationManager, init=-1: [445370a6-3850-4457-9c2c-f37f35928d12:192.168.5.184:40437, b38fff04-681d-43a3-90d0-26fe2e9a9866:192.168.5.184:37740, e9d750f6-56b2-4d42-a810-39328f6044b5:192.168.5.184:42227], old=null, confs=<EMPTY_MAP>
2019-09-16 16:58:09,911 [pool-37-thread-1] INFO  server.RaftServerConfigKeys (ConfUtils.java:logGet(43)) - raft.server.storage.dir = [/workdir/hadoop-ozone/integration-test/target/test-dir/MiniOzoneClusterImpl-b381268c-58bb-44dd-9423-5f17a34efe38/datanode-1/data/ratis] (custom)
2019-09-16 16:58:09,911 [pool-37-thread-1] INFO  storage.RaftStorageDirectory (RaftStorageDirectory.java:analyzeStorage(246)) - The storage directory /workdir/hadoop-ozone/integration-test/target/test-dir/MiniOzoneClusterImpl-b381268c-58bb-44dd-9423-5f17a34efe38/datanode-1/data/ratis/9aa3fcfe-8c6c-4f63-b01d-26fadd92d351 does not exist. Creating ...
2019-09-16 16:58:10,066 [pool-37-thread-1] INFO  storage.RaftStorageDirectory (RaftStorageDirectory.java:tryLock(328)) - Lock on /workdir/hadoop-ozone/integration-test/target/test-dir/MiniOzoneClusterImpl-b381268c-58bb-44dd-9423-5f17a34efe38/datanode-1/data/ratis/9aa3fcfe-8c6c-4f63-b01d-26fadd92d351/in_use.lock acquired by nodename 13072@pr-hdds-2022-qxstf-1422721469
2019-09-16 16:58:10,066 [pool-87-thread-1] INFO  storage.RaftStorageDirectory (RaftStorageDirectory.java:tryLock(328)) - Lock on /workdir/hadoop-ozone/integration-test/target/test-dir/MiniOzoneClusterImpl-b381268c-58bb-44dd-9423-5f17a34efe38/datanode-6/data/ratis/9aa3fcfe-8c6c-4f63-b01d-26fadd92d351/in_use.lock acquired by nodename 13072@pr-hdds-2022-qxstf-1422721469
2019-09-16 16:58:10,066 [pool-27-thread-1] INFO  storage.RaftStorageDirectory (RaftStorageDirectory.java:tryLock(328)) - Lock on /workdir/hadoop-ozone/integration-test/target/test-dir/MiniOzoneClusterImpl-b381268c-58bb-44dd-9423-5f17a34efe38/datanode-0/data/ratis/9aa3fcfe-8c6c-4f63-b01d-26fadd92d351/in_use.lock acquired by nodename 13072@pr-hdds-2022-qxstf-1422721469
2019-09-16 16:58:10,096 [pool-87-thread-1] INFO  storage.RaftStorage (RaftStorage.java:format(72)) - Storage directory /workdir/hadoop-ozone/integration-test/target/test-dir/MiniOzoneClusterImpl-b381268c-58bb-44dd-9423-5f17a34efe38/datanode-6/data/ratis/9aa3fcfe-8c6c-4f63-b01d-26fadd92d351 has been successfully formatted.
2019-09-16 16:58:10,097 [pool-37-thread-1] INFO  storage.RaftStorage (RaftStorage.java:format(72)) - Storage directory /workdir/hadoop-ozone/integration-test/target/test-dir/MiniOzoneClusterImpl-b381268c-58bb-44dd-9423-5f17a34efe38/datanode-1/data/ratis/9aa3fcfe-8c6c-4f63-b01d-26fadd92d351 has been successfully formatted.
2019-09-16 16:58:10,097 [pool-27-thread-1] INFO  storage.RaftStorage (RaftStorage.java:format(72)) - Storage directory /workdir/hadoop-ozone/integration-test/target/test-dir/MiniOzoneClusterImpl-b381268c-58bb-44dd-9423-5f17a34efe38/datanode-0/data/ratis/9aa3fcfe-8c6c-4f63-b01d-26fadd92d351 has been successfully formatted.
2019-09-16 16:58:10,097 [pool-37-thread-1] INFO  ratis.ContainerStateMachine (ContainerStateMachine.java:loadSnapshot(230)) - group-26FADD92D351: The snapshot info is null. Setting the last applied indexto:(t:0, i:~)
2019-09-16 16:58:10,097 [pool-87-thread-1] INFO  ratis.ContainerStateMachine (ContainerStateMachine.java:loadSnapshot(230)) - group-26FADD92D351: The snapshot info is null. Setting the last applied indexto:(t:0, i:~)
2019-09-16 16:58:10,097 [pool-37-thread-1] INFO  server.RaftServerConfigKeys (ConfUtils.java:logGet(43)) - raft.server.notification.no-leader.timeout = 120s (custom)
2019-09-16 16:58:10,097 [pool-27-thread-1] INFO  ratis.ContainerStateMachine (ContainerStateMachine.java:loadSnapshot(230)) - group-26FADD92D351: The snapshot info is null. Setting the last applied indexto:(t:0, i:~)
2019-09-16 16:58:10,098 [pool-37-thread-1] INFO  server.RaftServerConfigKeys (ConfUtils.java:logGet(43)) - raft.server.log.use.memory = false (default)
2019-09-16 16:58:10,097 [pool-87-thread-1] INFO  server.RaftServerConfigKeys (ConfUtils.java:logGet(43)) - raft.server.notification.no-leader.timeout = 120s (custom)
2019-09-16 16:58:10,098 [pool-37-thread-1] INFO  server.RaftServerConfigKeys (ConfUtils.java:logGet(43)) - raft.server.log.purge.gap = 1000000 (custom)
2019-09-16 16:58:10,098 [pool-27-thread-1] INFO  server.RaftServerConfigKeys (ConfUtils.java:logGet(43)) - raft.server.notification.no-leader.timeout = 120s (custom)
2019-09-16 16:58:10,098 [pool-37-thread-1] INFO  server.RaftServerConfigKeys (ConfUtils.java:logGet(43)) - raft.server.log.appender.buffer.byte-limit = 33554432 (custom)
2019-09-16 16:58:10,098 [pool-87-thread-1] INFO  server.RaftServerConfigKeys (ConfUtils.java:logGet(43)) - raft.server.log.use.memory = false (default)
2019-09-16 16:58:10,098 [pool-37-thread-1] INFO  server.RaftServerConfigKeys (ConfUtils.java:logGet(43)) - raft.server.log.segment.size.max = 1048576 (custom)
2019-09-16 16:58:10,098 [pool-27-thread-1] INFO  server.RaftServerConfigKeys (ConfUtils.java:logGet(43)) - raft.server.log.use.memory = false (default)
2019-09-16 16:58:10,099 [pool-37-thread-1] INFO  server.RaftServerConfigKeys (ConfUtils.java:logGet(43)) - raft.server.log.segment.cache.num.max = 2 (custom)
2019-09-16 16:58:10,099 [pool-87-thread-1] INFO  server.RaftServerConfigKeys (ConfUtils.java:logGet(43)) - raft.server.log.purge.gap = 1000000 (custom)
2019-09-16 16:58:10,099 [pool-37-thread-1] INFO  segmented.SegmentedRaftLogWorker (SegmentedRaftLogWorker.java:<init>(172)) - new e9d750f6-56b2-4d42-a810-39328f6044b5@group-26FADD92D351-SegmentedRaftLogWorker for RaftStorage:Storage Directory /workdir/hadoop-ozone/integration-test/target/test-dir/MiniOzoneClusterImpl-b381268c-58bb-44dd-9423-5f17a34efe38/datanode-1/data/ratis/9aa3fcfe-8c6c-4f63-b01d-26fadd92d351
2019-09-16 16:58:10,099 [pool-27-thread-1] INFO  server.RaftServerConfigKeys (ConfUtils.java:logGet(43)) - raft.server.log.purge.gap = 1000000 (custom)
2019-09-16 16:58:10,099 [pool-37-thread-1] INFO  server.RaftServerConfigKeys (ConfUtils.java:logGet(43)) - raft.server.log.queue.byte-limit = 2147483647 (custom)
2019-09-16 16:58:10,099 [pool-87-thread-1] INFO  server.RaftServerConfigKeys (ConfUtils.java:logGet(43)) - raft.server.log.appender.buffer.byte-limit = 33554432 (custom)
2019-09-16 16:58:10,100 [pool-37-thread-1] INFO  server.RaftServerConfigKeys (ConfUtils.java:logGet(43)) - raft.server.log.queue.element-limit = 1024 (custom)
2019-09-16 16:58:10,100 [pool-27-thread-1] INFO  server.RaftServerConfigKeys (ConfUtils.java:logGet(43)) - raft.server.log.appender.buffer.byte-limit = 33554432 (custom)
2019-09-16 16:58:10,100 [pool-37-thread-1] INFO  server.RaftServerConfigKeys (ConfUtils.java:logGet(43)) - raft.server.log.segment.size.max = 1048576 (custom)
2019-09-16 16:58:10,100 [pool-87-thread-1] INFO  server.RaftServerConfigKeys (ConfUtils.java:logGet(43)) - raft.server.log.segment.size.max = 1048576 (custom)
2019-09-16 16:58:10,101 [pool-37-thread-1] INFO  server.RaftServerConfigKeys (ConfUtils.java:logGet(43)) - raft.server.log.preallocated.size = 16384 (custom)
2019-09-16 16:58:10,100 [pool-27-thread-1] INFO  server.RaftServerConfigKeys (ConfUtils.java:logGet(43)) - raft.server.log.segment.size.max = 1048576 (custom)
2019-09-16 16:58:10,101 [pool-37-thread-1] INFO  server.RaftServerConfigKeys (ConfUtils.java:logGet(43)) - raft.server.log.write.buffer.size = 33554432 (custom)
2019-09-16 16:58:10,101 [pool-87-thread-1] INFO  server.RaftServerConfigKeys (ConfUtils.java:logGet(43)) - raft.server.log.segment.cache.num.max = 2 (custom)
2019-09-16 16:58:10,101 [pool-37-thread-1] INFO  server.RaftServerConfigKeys (ConfUtils.java:logGet(43)) - raft.server.log.force.sync.num = 128 (default)
2019-09-16 16:58:10,101 [pool-27-thread-1] INFO  server.RaftServerConfigKeys (ConfUtils.java:logGet(43)) - raft.server.log.segment.cache.num.max = 2 (custom)
2019-09-16 16:58:10,102 [pool-37-thread-1] INFO  server.RaftServerConfigKeys (ConfUtils.java:logGet(43)) - raft.server.log.statemachine.data.sync = true (default)
2019-09-16 16:58:10,101 [pool-87-thread-1] INFO  segmented.SegmentedRaftLogWorker (SegmentedRaftLogWorker.java:<init>(172)) - new 445370a6-3850-4457-9c2c-f37f35928d12@group-26FADD92D351-SegmentedRaftLogWorker for RaftStorage:Storage Directory /workdir/hadoop-ozone/integration-test/target/test-dir/MiniOzoneClusterImpl-b381268c-58bb-44dd-9423-5f17a34efe38/datanode-6/data/ratis/9aa3fcfe-8c6c-4f63-b01d-26fadd92d351
2019-09-16 16:58:10,102 [pool-37-thread-1] INFO  server.RaftServerConfigKeys (ConfUtils.java:logGet(43)) - raft.server.log.statemachine.data.sync.timeout = 10s (default)
2019-09-16 16:58:10,102 [pool-27-thread-1] INFO  segmented.SegmentedRaftLogWorker (SegmentedRaftLogWorker.java:<init>(172)) - new b38fff04-681d-43a3-90d0-26fe2e9a9866@group-26FADD92D351-SegmentedRaftLogWorker for RaftStorage:Storage Directory /workdir/hadoop-ozone/integration-test/target/test-dir/MiniOzoneClusterImpl-b381268c-58bb-44dd-9423-5f17a34efe38/datanode-0/data/ratis/9aa3fcfe-8c6c-4f63-b01d-26fadd92d351
2019-09-16 16:58:10,102 [pool-37-thread-1] INFO  server.RaftServerConfigKeys (ConfUtils.java:logGet(43)) - raft.server.log.statemachine.data.sync.timeout.retry = -1 (default)
2019-09-16 16:58:10,102 [pool-87-thread-1] INFO  server.RaftServerConfigKeys (ConfUtils.java:logGet(43)) - raft.server.log.queue.byte-limit = 2147483647 (custom)
2019-09-16 16:58:10,103 [pool-37-thread-1] INFO  server.RaftServerConfigKeys (ConfUtils.java:logGet(43)) - raft.server.log.statemachine.data.caching.enabled = true (custom)
2019-09-16 16:58:10,102 [pool-27-thread-1] INFO  server.RaftServerConfigKeys (ConfUtils.java:logGet(43)) - raft.server.log.queue.byte-limit = 2147483647 (custom)
2019-09-16 16:58:10,103 [pool-87-thread-1] INFO  server.RaftServerConfigKeys (ConfUtils.java:logGet(43)) - raft.server.log.queue.element-limit = 1024 (custom)
2019-09-16 16:58:10,103 [pool-37-thread-1] INFO  segmented.SegmentedRaftLogWorker (SegmentedRaftLogWorker.java:lambda$new$0(132)) - e9d750f6-56b2-4d42-a810-39328f6044b5@group-26FADD92D351-SegmentedRaftLogWorker: flushIndex: setUnconditionally 0 -> -1
2019-09-16 16:58:10,103 [pool-27-thread-1] INFO  server.RaftServerConfigKeys (ConfUtils.java:logGet(43)) - raft.server.log.queue.element-limit = 1024 (custom)
2019-09-16 16:58:10,103 [pool-87-thread-1] INFO  server.RaftServerConfigKeys (ConfUtils.java:logGet(43)) - raft.server.log.segment.size.max = 1048576 (custom)
2019-09-16 16:58:10,104 [pool-37-thread-1] INFO  server.RaftServerConfigKeys (ConfUtils.java:logGet(43)) - raft.server.snapshot.auto.trigger.enabled = true (custom)
2019-09-16 16:58:10,104 [pool-27-thread-1] INFO  server.RaftServerConfigKeys (ConfUtils.java:logGet(43)) - raft.server.log.segment.size.max = 1048576 (custom)
2019-09-16 16:58:10,104 [pool-37-thread-1] INFO  server.RaftServerConfigKeys (ConfUtils.java:logGet(43)) - raft.server.snapshot.auto.trigger.threshold = 10000 (custom)
2019-09-16 16:58:10,104 [pool-87-thread-1] INFO  server.RaftServerConfigKeys (ConfUtils.java:logGet(43)) - raft.server.log.preallocated.size = 16384 (custom)
2019-09-16 16:58:10,104 [pool-37-thread-1] INFO  server.RaftServerConfigKeys (ConfUtils.java:logGet(43)) - raft.server.snapshot.retention.num.files = 5 (custom)
2019-09-16 16:58:10,104 [pool-27-thread-1] INFO  server.RaftServerConfigKeys (ConfUtils.java:logGet(43)) - raft.server.log.preallocated.size = 16384 (custom)
2019-09-16 16:58:10,105 [pool-37-thread-1] INFO  server.RaftServerConfigKeys (ConfUtils.java:logGet(43)) - raft.server.retrycache.expirytime = 600000ms (custom)
2019-09-16 16:58:10,105 [pool-87-thread-1] INFO  server.RaftServerConfigKeys (ConfUtils.java:logGet(43)) - raft.server.log.write.buffer.size = 33554432 (custom)
2019-09-16 16:58:10,105 [pool-27-thread-1] INFO  server.RaftServerConfigKeys (ConfUtils.java:logGet(43)) - raft.server.log.write.buffer.size = 33554432 (custom)
2019-09-16 16:58:10,105 [pool-87-thread-1] INFO  server.RaftServerConfigKeys (ConfUtils.java:logGet(43)) - raft.server.log.force.sync.num = 128 (default)
2019-09-16 16:58:10,106 [pool-27-thread-1] INFO  server.RaftServerConfigKeys (ConfUtils.java:logGet(43)) - raft.server.log.force.sync.num = 128 (default)
2019-09-16 16:58:10,106 [pool-27-thread-1] INFO  server.RaftServerConfigKeys (ConfUtils.java:logGet(43)) - raft.server.log.statemachine.data.sync = true (default)
2019-09-16 16:58:10,106 [pool-87-thread-1] INFO  server.RaftServerConfigKeys (ConfUtils.java:logGet(43)) - raft.server.log.statemachine.data.sync = true (default)
2019-09-16 16:58:10,106 [pool-27-thread-1] INFO  server.RaftServerConfigKeys (ConfUtils.java:logGet(43)) - raft.server.log.statemachine.data.sync.timeout = 10s (default)
2019-09-16 16:58:10,106 [pool-87-thread-1] INFO  server.RaftServerConfigKeys (ConfUtils.java:logGet(43)) - raft.server.log.statemachine.data.sync.timeout = 10s (default)
2019-09-16 16:58:10,107 [pool-27-thread-1] INFO  server.RaftServerConfigKeys (ConfUtils.java:logGet(43)) - raft.server.log.statemachine.data.sync.timeout.retry = -1 (default)
2019-09-16 16:58:10,107 [pool-87-thread-1] INFO  server.RaftServerConfigKeys (ConfUtils.java:logGet(43)) - raft.server.log.statemachine.data.sync.timeout.retry = -1 (default)
2019-09-16 16:58:10,107 [pool-27-thread-1] INFO  server.RaftServerConfigKeys (ConfUtils.java:logGet(43)) - raft.server.log.statemachine.data.caching.enabled = true (custom)
2019-09-16 16:58:10,107 [pool-87-thread-1] INFO  server.RaftServerConfigKeys (ConfUtils.java:logGet(43)) - raft.server.log.statemachine.data.caching.enabled = true (custom)
2019-09-16 16:58:10,108 [pool-27-thread-1] INFO  segmented.SegmentedRaftLogWorker (SegmentedRaftLogWorker.java:lambda$new$0(132)) - b38fff04-681d-43a3-90d0-26fe2e9a9866@group-26FADD92D351-SegmentedRaftLogWorker: flushIndex: setUnconditionally 0 -> -1
2019-09-16 16:58:10,108 [pool-87-thread-1] INFO  segmented.SegmentedRaftLogWorker (SegmentedRaftLogWorker.java:lambda$new$0(132)) - 445370a6-3850-4457-9c2c-f37f35928d12@group-26FADD92D351-SegmentedRaftLogWorker: flushIndex: setUnconditionally 0 -> -1
2019-09-16 16:58:10,108 [pool-27-thread-1] INFO  server.RaftServerConfigKeys (ConfUtils.java:logGet(43)) - raft.server.snapshot.auto.trigger.enabled = true (custom)
2019-09-16 16:58:10,108 [pool-27-thread-1] INFO  server.RaftServerConfigKeys (ConfUtils.java:logGet(43)) - raft.server.snapshot.auto.trigger.threshold = 10000 (custom)
2019-09-16 16:58:10,108 [pool-87-thread-1] INFO  server.RaftServerConfigKeys (ConfUtils.java:logGet(43)) - raft.server.snapshot.auto.trigger.enabled = true (custom)
2019-09-16 16:58:10,108 [pool-27-thread-1] INFO  server.RaftServerConfigKeys (ConfUtils.java:logGet(43)) - raft.server.snapshot.retention.num.files = 5 (custom)
2019-09-16 16:58:10,109 [pool-87-thread-1] INFO  server.RaftServerConfigKeys (ConfUtils.java:logGet(43)) - raft.server.snapshot.auto.trigger.threshold = 10000 (custom)
2019-09-16 16:58:10,109 [pool-27-thread-1] INFO  server.RaftServerConfigKeys (ConfUtils.java:logGet(43)) - raft.server.retrycache.expirytime = 600000ms (custom)
2019-09-16 16:58:10,109 [pool-87-thread-1] INFO  server.RaftServerConfigKeys (ConfUtils.java:logGet(43)) - raft.server.snapshot.retention.num.files = 5 (custom)
2019-09-16 16:58:10,109 [pool-37-thread-1] INFO  impl.RaftServerImpl (RaftServerImpl.java:start(185)) - e9d750f6-56b2-4d42-a810-39328f6044b5@group-26FADD92D351: start as a follower, conf=-1: [445370a6-3850-4457-9c2c-f37f35928d12:192.168.5.184:40437, b38fff04-681d-43a3-90d0-26fe2e9a9866:192.168.5.184:37740, e9d750f6-56b2-4d42-a810-39328f6044b5:192.168.5.184:42227], old=null
2019-09-16 16:58:10,109 [pool-87-thread-1] INFO  server.RaftServerConfigKeys (ConfUtils.java:logGet(43)) - raft.server.retrycache.expirytime = 600000ms (custom)
2019-09-16 16:58:10,109 [pool-37-thread-1] INFO  impl.RaftServerImpl (RaftServerImpl.java:setRole(174)) - e9d750f6-56b2-4d42-a810-39328f6044b5@group-26FADD92D351: changes role from      null to FOLLOWER at term 0 for startAsFollower
2019-09-16 16:58:10,110 [pool-37-thread-1] INFO  impl.RoleInfo (RoleInfo.java:updateAndGet(143)) - e9d750f6-56b2-4d42-a810-39328f6044b5: start FollowerState
2019-09-16 16:58:10,110 [pool-37-thread-1] INFO  util.JmxRegister (JmxRegister.java:tryRegister(44)) - Successfully registered JMX Bean with object name Ratis:service=RaftServer,group=group-26FADD92D351,id=e9d750f6-56b2-4d42-a810-39328f6044b5
2019-09-16 16:58:10,112 [pool-27-thread-1] INFO  impl.RaftServerImpl (RaftServerImpl.java:start(185)) - b38fff04-681d-43a3-90d0-26fe2e9a9866@group-26FADD92D351: start as a follower, conf=-1: [445370a6-3850-4457-9c2c-f37f35928d12:192.168.5.184:40437, b38fff04-681d-43a3-90d0-26fe2e9a9866:192.168.5.184:37740, e9d750f6-56b2-4d42-a810-39328f6044b5:192.168.5.184:42227], old=null
2019-09-16 16:58:10,112 [pool-87-thread-1] INFO  impl.RaftServerImpl (RaftServerImpl.java:start(185)) - 445370a6-3850-4457-9c2c-f37f35928d12@group-26FADD92D351: start as a follower, conf=-1: [445370a6-3850-4457-9c2c-f37f35928d12:192.168.5.184:40437, b38fff04-681d-43a3-90d0-26fe2e9a9866:192.168.5.184:37740, e9d750f6-56b2-4d42-a810-39328f6044b5:192.168.5.184:42227], old=null
2019-09-16 16:58:10,113 [pool-27-thread-1] INFO  impl.RaftServerImpl (RaftServerImpl.java:setRole(174)) - b38fff04-681d-43a3-90d0-26fe2e9a9866@group-26FADD92D351: changes role from      null to FOLLOWER at term 0 for startAsFollower
2019-09-16 16:58:10,113 [pool-87-thread-1] INFO  impl.RaftServerImpl (RaftServerImpl.java:setRole(174)) - 445370a6-3850-4457-9c2c-f37f35928d12@group-26FADD92D351: changes role from      null to FOLLOWER at term 0 for startAsFollower
2019-09-16 16:58:10,113 [pool-27-thread-1] INFO  impl.RoleInfo (RoleInfo.java:updateAndGet(143)) - b38fff04-681d-43a3-90d0-26fe2e9a9866: start FollowerState
2019-09-16 16:58:10,113 [pool-87-thread-1] INFO  impl.RoleInfo (RoleInfo.java:updateAndGet(143)) - 445370a6-3850-4457-9c2c-f37f35928d12: start FollowerState
2019-09-16 16:58:10,113 [pool-27-thread-1] INFO  util.JmxRegister (JmxRegister.java:tryRegister(44)) - Successfully registered JMX Bean with object name Ratis:service=RaftServer,group=group-26FADD92D351,id=b38fff04-681d-43a3-90d0-26fe2e9a9866
2019-09-16 16:58:10,113 [pool-87-thread-1] INFO  util.JmxRegister (JmxRegister.java:tryRegister(44)) - Successfully registered JMX Bean with object name Ratis:service=RaftServer,group=group-26FADD92D351,id=445370a6-3850-4457-9c2c-f37f35928d12
2019-09-16 16:58:10,116 [RatisPipelineUtilsThread] INFO  pipeline.PipelineStateManager (PipelineStateManager.java:addPipeline(56)) - Created pipeline Pipeline[ Id: 9aa3fcfe-8c6c-4f63-b01d-26fadd92d351, Nodes: 445370a6-3850-4457-9c2c-f37f35928d12{ip: 192.168.5.184, host: pr-hdds-2022-qxstf-1422721469, networkLocation: /default-rack, certSerialId: null}e9d750f6-56b2-4d42-a810-39328f6044b5{ip: 192.168.5.184, host: pr-hdds-2022-qxstf-1422721469, networkLocation: /default-rack, certSerialId: null}b38fff04-681d-43a3-90d0-26fe2e9a9866{ip: 192.168.5.184, host: pr-hdds-2022-qxstf-1422721469, networkLocation: /default-rack, certSerialId: null}, Type:RATIS, Factor:THREE, State:OPEN]
2019-09-16 16:58:10,117 [EventQueue-PipelineActionsForPipelineActionHandler] ERROR pipeline.PipelineActionHandler (PipelineActionHandler.java:onMessage(60)) - Received pipeline action CLOSE for Pipeline[ Id: c355fa8d-9ddd-4ba5-bf86-8bc1d30073b0, Nodes: 445370a6-3850-4457-9c2c-f37f35928d12{ip: 192.168.5.184, host: pr-hdds-2022-qxstf-1422721469, networkLocation: /default-rack, certSerialId: null}e9d750f6-56b2-4d42-a810-39328f6044b5{ip: 192.168.5.184, host: pr-hdds-2022-qxstf-1422721469, networkLocation: /default-rack, certSerialId: null}b38fff04-681d-43a3-90d0-26fe2e9a9866{ip: 192.168.5.184, host: pr-hdds-2022-qxstf-1422721469, networkLocation: /default-rack, certSerialId: null}, Type:RATIS, Factor:THREE, State:CLOSED] from datanode b38fff04-681d-43a3-90d0-26fe2e9a9866{ip: 192.168.5.184, host: pr-hdds-2022-qxstf-1422721469, networkLocation: /default-rack, certSerialId: null}. Reason : b38fff04-681d-43a3-90d0-26fe2e9a9866 has not seen follower/s 445370a6-3850-4457-9c2c-f37f35928d12 for 157576ms e9d750f6-56b2-4d42-a810-39328f6044b5 for 157576ms
2019-09-16 16:58:10,117 [EventQueue-PipelineActionsForPipelineActionHandler] INFO  pipeline.SCMPipelineManager (SCMPipelineManager.java:finalizeAndDestroyPipeline(311)) - destroying pipeline:Pipeline[ Id: c355fa8d-9ddd-4ba5-bf86-8bc1d30073b0, Nodes: 445370a6-3850-4457-9c2c-f37f35928d12{ip: 192.168.5.184, host: pr-hdds-2022-qxstf-1422721469, networkLocation: /default-rack, certSerialId: null}e9d750f6-56b2-4d42-a810-39328f6044b5{ip: 192.168.5.184, host: pr-hdds-2022-qxstf-1422721469, networkLocation: /default-rack, certSerialId: null}b38fff04-681d-43a3-90d0-26fe2e9a9866{ip: 192.168.5.184, host: pr-hdds-2022-qxstf-1422721469, networkLocation: /default-rack, certSerialId: null}, Type:RATIS, Factor:THREE, State:CLOSED]
2019-09-16 16:58:11,395 [org.apache.ratis.server.impl.LogAppender$AppenderDaemon$$Lambda$508/1360433104@60362804] ERROR ratis.XceiverServerRatis (XceiverServerRatis.java:triggerPipelineClose(575)) - pipeline Action CLOSE  on pipeline PipelineID=c355fa8d-9ddd-4ba5-bf86-8bc1d30073b0.Reason : b38fff04-681d-43a3-90d0-26fe2e9a9866 has not seen follower/s 445370a6-3850-4457-9c2c-f37f35928d12 for 160077ms e9d750f6-56b2-4d42-a810-39328f6044b5 for 160078ms
2019-09-16 16:58:11,395 [org.apache.ratis.server.impl.LogAppender$AppenderDaemon$$Lambda$508/1360433104@2cff0823] ERROR ratis.XceiverServerRatis (XceiverServerRatis.java:triggerPipelineClose(575)) - pipeline Action CLOSE  on pipeline PipelineID=c355fa8d-9ddd-4ba5-bf86-8bc1d30073b0.Reason : b38fff04-681d-43a3-90d0-26fe2e9a9866 has not seen follower/s 445370a6-3850-4457-9c2c-f37f35928d12 for 160077ms e9d750f6-56b2-4d42-a810-39328f6044b5 for 160078ms
2019-09-16 16:58:11,465 [b38fff04-681d-43a3-90d0-26fe2e9a9866@group-8BC1D30073B0-SegmentedRaftLogWorker] WARN  segmented.SegmentedRaftLogWorker (SegmentedRaftLogWorker.java:getFromFuture(90)) - Timeout 15/~
org.apache.ratis.protocol.TimeoutIOException: Timeout 10s: WriteLog:13: (t:2, i:13), STATEMACHINELOGENTRY, client-E281DC600642, cid=29-writeStateMachineData
	at org.apache.ratis.util.IOUtils.getFromFuture(IOUtils.java:87)
	at org.apache.ratis.server.raftlog.segmented.SegmentedRaftLogWorker$StateMachineDataPolicy.getFromFuture(SegmentedRaftLogWorker.java:87)
	at org.apache.ratis.server.raftlog.segmented.SegmentedRaftLogWorker$WriteLog.execute(SegmentedRaftLogWorker.java:477)
	at org.apache.ratis.server.raftlog.segmented.SegmentedRaftLogWorker.run(SegmentedRaftLogWorker.java:289)
	at java.lang.Thread.run(Thread.java:748)
Caused by: java.util.concurrent.TimeoutException
	at java.util.concurrent.CompletableFuture.timedGet(CompletableFuture.java:1771)
	at java.util.concurrent.CompletableFuture.get(CompletableFuture.java:1915)
	at org.apache.ratis.util.IOUtils.getFromFuture(IOUtils.java:79)
	... 4 more
2019-09-16 16:58:11,474 [e9d750f6-56b2-4d42-a810-39328f6044b5@group-8BC1D30073B0-SegmentedRaftLogWorker] WARN  segmented.SegmentedRaftLogWorker (SegmentedRaftLogWorker.java:getFromFuture(90)) - Timeout 15/~
org.apache.ratis.protocol.TimeoutIOException: Timeout 10s: WriteLog:13: (t:2, i:13), STATEMACHINELOGENTRY, client-E281DC600642, cid=29-writeStateMachineData
	at org.apache.ratis.util.IOUtils.getFromFuture(IOUtils.java:87)
	at org.apache.ratis.server.raftlog.segmented.SegmentedRaftLogWorker$StateMachineDataPolicy.getFromFuture(SegmentedRaftLogWorker.java:87)
	at org.apache.ratis.server.raftlog.segmented.SegmentedRaftLogWorker$WriteLog.execute(SegmentedRaftLogWorker.java:477)
	at org.apache.ratis.server.raftlog.segmented.SegmentedRaftLogWorker.run(SegmentedRaftLogWorker.java:289)
	at java.lang.Thread.run(Thread.java:748)
Caused by: java.util.concurrent.TimeoutException
	at java.util.concurrent.CompletableFuture.timedGet(CompletableFuture.java:1771)
	at java.util.concurrent.CompletableFuture.get(CompletableFuture.java:1915)
	at org.apache.ratis.util.IOUtils.getFromFuture(IOUtils.java:79)
	... 4 more
2019-09-16 16:58:11,660 [445370a6-3850-4457-9c2c-f37f35928d12@group-8BC1D30073B0-SegmentedRaftLogWorker] WARN  segmented.SegmentedRaftLogWorker (SegmentedRaftLogWorker.java:getFromFuture(90)) - Timeout 15/~
org.apache.ratis.protocol.TimeoutIOException: Timeout 10s: WriteLog:14: (t:2, i:14), STATEMACHINELOGENTRY, client-E281DC600642, cid=30-writeStateMachineData
	at org.apache.ratis.util.IOUtils.getFromFuture(IOUtils.java:87)
	at org.apache.ratis.server.raftlog.segmented.SegmentedRaftLogWorker$StateMachineDataPolicy.getFromFuture(SegmentedRaftLogWorker.java:87)
	at org.apache.ratis.server.raftlog.segmented.SegmentedRaftLogWorker$WriteLog.execute(SegmentedRaftLogWorker.java:477)
	at org.apache.ratis.server.raftlog.segmented.SegmentedRaftLogWorker.run(SegmentedRaftLogWorker.java:289)
	at java.lang.Thread.run(Thread.java:748)
Caused by: java.util.concurrent.TimeoutException
	at java.util.concurrent.CompletableFuture.timedGet(CompletableFuture.java:1771)
	at java.util.concurrent.CompletableFuture.get(CompletableFuture.java:1915)
	at org.apache.ratis.util.IOUtils.getFromFuture(IOUtils.java:79)
	... 4 more
2019-09-16 16:58:11,883 [EventQueue-PipelineActionsForPipelineActionHandler] ERROR pipeline.PipelineActionHandler (PipelineActionHandler.java:onMessage(60)) - Received pipeline action CLOSE for Pipeline[ Id: c355fa8d-9ddd-4ba5-bf86-8bc1d30073b0, Nodes: 445370a6-3850-4457-9c2c-f37f35928d12{ip: 192.168.5.184, host: pr-hdds-2022-qxstf-1422721469, networkLocation: /default-rack, certSerialId: null}e9d750f6-56b2-4d42-a810-39328f6044b5{ip: 192.168.5.184, host: pr-hdds-2022-qxstf-1422721469, networkLocation: /default-rack, certSerialId: null}b38fff04-681d-43a3-90d0-26fe2e9a9866{ip: 192.168.5.184, host: pr-hdds-2022-qxstf-1422721469, networkLocation: /default-rack, certSerialId: null}, Type:RATIS, Factor:THREE, State:CLOSED] from datanode b38fff04-681d-43a3-90d0-26fe2e9a9866{ip: 192.168.5.184, host: pr-hdds-2022-qxstf-1422721469, networkLocation: /default-rack, certSerialId: null}. Reason : b38fff04-681d-43a3-90d0-26fe2e9a9866 has not seen follower/s 445370a6-3850-4457-9c2c-f37f35928d12 for 160077ms e9d750f6-56b2-4d42-a810-39328f6044b5 for 160078ms
2019-09-16 16:58:11,884 [EventQueue-PipelineActionsForPipelineActionHandler] INFO  pipeline.SCMPipelineManager (SCMPipelineManager.java:finalizeAndDestroyPipeline(311)) - destroying pipeline:Pipeline[ Id: c355fa8d-9ddd-4ba5-bf86-8bc1d30073b0, Nodes: 445370a6-3850-4457-9c2c-f37f35928d12{ip: 192.168.5.184, host: pr-hdds-2022-qxstf-1422721469, networkLocation: /default-rack, certSerialId: null}e9d750f6-56b2-4d42-a810-39328f6044b5{ip: 192.168.5.184, host: pr-hdds-2022-qxstf-1422721469, networkLocation: /default-rack, certSerialId: null}b38fff04-681d-43a3-90d0-26fe2e9a9866{ip: 192.168.5.184, host: pr-hdds-2022-qxstf-1422721469, networkLocation: /default-rack, certSerialId: null}, Type:RATIS, Factor:THREE, State:CLOSED]
2019-09-16 16:58:11,893 [java.util.concurrent.ThreadPoolExecutor$Worker@58806139[State = -1, empty queue]] WARN  server.GrpcLogAppender (GrpcLogAppender.java:timeoutAppendRequest(200)) - b38fff04-681d-43a3-90d0-26fe2e9a9866@group-8BC1D30073B0->e9d750f6-56b2-4d42-a810-39328f6044b5-GrpcLogAppender: appendEntries Timeout, request=b38fff04-681d-43a3-90d0-26fe2e9a9866->e9d750f6-56b2-4d42-a810-39328f6044b5#157-t2, previous=(t:2, i:19), leaderCommit=12, initializing? false, entries: <empty>
2019-09-16 16:58:11,893 [java.util.concurrent.ThreadPoolExecutor$Worker@57a96755[State = -1, empty queue]] WARN  server.GrpcLogAppender (GrpcLogAppender.java:timeoutAppendRequest(200)) - b38fff04-681d-43a3-90d0-26fe2e9a9866@group-8BC1D30073B0->445370a6-3850-4457-9c2c-f37f35928d12-GrpcLogAppender: appendEntries Timeout, request=b38fff04-681d-43a3-90d0-26fe2e9a9866->445370a6-3850-4457-9c2c-f37f35928d12#157-t2, previous=(t:2, i:19), leaderCommit=12, initializing? false, entries: <empty>
2019-09-16 16:58:13,013 [grpc-default-executor-0] INFO  client.GrpcClientProtocolClient (GrpcClientProtocolClient.java:onNext(264)) - client-E281DC600642->445370a6-3850-4457-9c2c-f37f35928d12: receive RaftClientReply:client-E281DC600642->445370a6-3850-4457-9c2c-f37f35928d12@group-8BC1D30073B0, cid=29, FAILED org.apache.ratis.protocol.NotLeaderException: Server 445370a6-3850-4457-9c2c-f37f35928d12@group-8BC1D30073B0 is not the leader b38fff04-681d-43a3-90d0-26fe2e9a9866:192.168.5.184:37740, logIndex=0, commits[445370a6-3850-4457-9c2c-f37f35928d12:c12, b38fff04-681d-43a3-90d0-26fe2e9a9866:c12, e9d750f6-56b2-4d42-a810-39328f6044b5:c10]
2019-09-16 16:58:13,895 [org.apache.ratis.server.impl.LogAppender$AppenderDaemon$$Lambda$508/1360433104@2cff0823] ERROR ratis.XceiverServerRatis (XceiverServerRatis.java:triggerPipelineClose(575)) - pipeline Action CLOSE  on pipeline PipelineID=c355fa8d-9ddd-4ba5-bf86-8bc1d30073b0.Reason : b38fff04-681d-43a3-90d0-26fe2e9a9866 has not seen follower/s 445370a6-3850-4457-9c2c-f37f35928d12 for 162578ms e9d750f6-56b2-4d42-a810-39328f6044b5 for 162578ms
2019-09-16 16:58:13,895 [org.apache.ratis.server.impl.LogAppender$AppenderDaemon$$Lambda$508/1360433104@60362804] ERROR ratis.XceiverServerRatis (XceiverServerRatis.java:triggerPipelineClose(575)) - pipeline Action CLOSE  on pipeline PipelineID=c355fa8d-9ddd-4ba5-bf86-8bc1d30073b0.Reason : b38fff04-681d-43a3-90d0-26fe2e9a9866 has not seen follower/s 445370a6-3850-4457-9c2c-f37f35928d12 for 162578ms e9d750f6-56b2-4d42-a810-39328f6044b5 for 162578ms
2019-09-16 16:58:14,394 [java.util.concurrent.ThreadPoolExecutor$Worker@57a96755[State = -1, empty queue]] WARN  server.GrpcLogAppender (GrpcLogAppender.java:timeoutAppendRequest(200)) - b38fff04-681d-43a3-90d0-26fe2e9a9866@group-8BC1D30073B0->445370a6-3850-4457-9c2c-f37f35928d12-GrpcLogAppender: appendEntries Timeout, request=b38fff04-681d-43a3-90d0-26fe2e9a9866->445370a6-3850-4457-9c2c-f37f35928d12#158-t2, previous=(t:2, i:19), leaderCommit=12, initializing? false, entries: <empty>
2019-09-16 16:58:14,394 [java.util.concurrent.ThreadPoolExecutor$Worker@58806139[State = -1, empty queue]] WARN  server.GrpcLogAppender (GrpcLogAppender.java:timeoutAppendRequest(200)) - b38fff04-681d-43a3-90d0-26fe2e9a9866@group-8BC1D30073B0->e9d750f6-56b2-4d42-a810-39328f6044b5-GrpcLogAppender: appendEntries Timeout, request=b38fff04-681d-43a3-90d0-26fe2e9a9866->e9d750f6-56b2-4d42-a810-39328f6044b5#158-t2, previous=(t:2, i:19), leaderCommit=12, initializing? false, entries: <empty>
2019-09-16 16:58:14,884 [EventQueue-PipelineActionsForPipelineActionHandler] ERROR pipeline.PipelineActionHandler (PipelineActionHandler.java:onMessage(60)) - Received pipeline action CLOSE for Pipeline[ Id: c355fa8d-9ddd-4ba5-bf86-8bc1d30073b0, Nodes: 445370a6-3850-4457-9c2c-f37f35928d12{ip: 192.168.5.184, host: pr-hdds-2022-qxstf-1422721469, networkLocation: /default-rack, certSerialId: null}e9d750f6-56b2-4d42-a810-39328f6044b5{ip: 192.168.5.184, host: pr-hdds-2022-qxstf-1422721469, networkLocation: /default-rack, certSerialId: null}b38fff04-681d-43a3-90d0-26fe2e9a9866{ip: 192.168.5.184, host: pr-hdds-2022-qxstf-1422721469, networkLocation: /default-rack, certSerialId: null}, Type:RATIS, Factor:THREE, State:CLOSED] from datanode b38fff04-681d-43a3-90d0-26fe2e9a9866{ip: 192.168.5.184, host: pr-hdds-2022-qxstf-1422721469, networkLocation: /default-rack, certSerialId: null}. Reason : b38fff04-681d-43a3-90d0-26fe2e9a9866 has not seen follower/s 445370a6-3850-4457-9c2c-f37f35928d12 for 162578ms e9d750f6-56b2-4d42-a810-39328f6044b5 for 162578ms
2019-09-16 16:58:14,884 [EventQueue-PipelineActionsForPipelineActionHandler] INFO  pipeline.SCMPipelineManager (SCMPipelineManager.java:finalizeAndDestroyPipeline(311)) - destroying pipeline:Pipeline[ Id: c355fa8d-9ddd-4ba5-bf86-8bc1d30073b0, Nodes: 445370a6-3850-4457-9c2c-f37f35928d12{ip: 192.168.5.184, host: pr-hdds-2022-qxstf-1422721469, networkLocation: /default-rack, certSerialId: null}e9d750f6-56b2-4d42-a810-39328f6044b5{ip: 192.168.5.184, host: pr-hdds-2022-qxstf-1422721469, networkLocation: /default-rack, certSerialId: null}b38fff04-681d-43a3-90d0-26fe2e9a9866{ip: 192.168.5.184, host: pr-hdds-2022-qxstf-1422721469, networkLocation: /default-rack, certSerialId: null}, Type:RATIS, Factor:THREE, State:CLOSED]
2019-09-16 16:58:15,127 [Thread-1362] INFO  impl.FollowerState (FollowerState.java:run(106)) - 445370a6-3850-4457-9c2c-f37f35928d12:group-26FADD92D351 changes to CANDIDATE, lastRpcTime:5013, electionTimeout:5013ms
2019-09-16 16:58:15,127 [Thread-1362] INFO  impl.RoleInfo (RoleInfo.java:shutdownFollowerState(121)) - 445370a6-3850-4457-9c2c-f37f35928d12: shutdown FollowerState
2019-09-16 16:58:15,128 [Thread-1362] INFO  impl.RaftServerImpl (RaftServerImpl.java:setRole(174)) - 445370a6-3850-4457-9c2c-f37f35928d12@group-26FADD92D351: changes role from  FOLLOWER to CANDIDATE at term 0 for changeToCandidate
2019-09-16 16:58:15,128 [Thread-1362] INFO  impl.RoleInfo (RoleInfo.java:updateAndGet(143)) - 445370a6-3850-4457-9c2c-f37f35928d12: start LeaderElection
2019-09-16 16:58:15,141 [Thread-1359] INFO  impl.FollowerState (FollowerState.java:run(106)) - e9d750f6-56b2-4d42-a810-39328f6044b5:group-26FADD92D351 changes to CANDIDATE, lastRpcTime:5031, electionTimeout:5031ms
2019-09-16 16:58:15,142 [Thread-1359] INFO  impl.RoleInfo (RoleInfo.java:shutdownFollowerState(121)) - e9d750f6-56b2-4d42-a810-39328f6044b5: shutdown FollowerState
2019-09-16 16:58:15,142 [Thread-1359] INFO  impl.RaftServerImpl (RaftServerImpl.java:setRole(174)) - e9d750f6-56b2-4d42-a810-39328f6044b5@group-26FADD92D351: changes role from  FOLLOWER to CANDIDATE at term 0 for changeToCandidate
2019-09-16 16:58:15,142 [Thread-1359] INFO  impl.RoleInfo (RoleInfo.java:updateAndGet(143)) - e9d750f6-56b2-4d42-a810-39328f6044b5: start LeaderElection
2019-09-16 16:58:15,217 [Thread-1361] INFO  impl.FollowerState (FollowerState.java:run(106)) - b38fff04-681d-43a3-90d0-26fe2e9a9866:group-26FADD92D351 changes to CANDIDATE, lastRpcTime:5103, electionTimeout:5103ms
2019-09-16 16:58:15,217 [Thread-1361] INFO  impl.RoleInfo (RoleInfo.java:shutdownFollowerState(121)) - b38fff04-681d-43a3-90d0-26fe2e9a9866: shutdown FollowerState
2019-09-16 16:58:15,217 [Thread-1361] INFO  impl.RaftServerImpl (RaftServerImpl.java:setRole(174)) - b38fff04-681d-43a3-90d0-26fe2e9a9866@group-26FADD92D351: changes role from  FOLLOWER to CANDIDATE at term 0 for changeToCandidate
2019-09-16 16:58:15,218 [Thread-1361] INFO  impl.RoleInfo (RoleInfo.java:updateAndGet(143)) - b38fff04-681d-43a3-90d0-26fe2e9a9866: start LeaderElection
2019-09-16 16:58:15,341 [445370a6-3850-4457-9c2c-f37f35928d12@group-26FADD92D351:LeaderElection15] INFO  impl.LeaderElection (LeaderElection.java:askForVotes(182)) - 445370a6-3850-4457-9c2c-f37f35928d12@group-26FADD92D351:LeaderElection15: begin an election at term 1 for -1: [445370a6-3850-4457-9c2c-f37f35928d12:192.168.5.184:40437, b38fff04-681d-43a3-90d0-26fe2e9a9866:192.168.5.184:37740, e9d750f6-56b2-4d42-a810-39328f6044b5:192.168.5.184:42227], old=null
2019-09-16 16:58:15,341 [b38fff04-681d-43a3-90d0-26fe2e9a9866@group-26FADD92D351:LeaderElection17] INFO  impl.LeaderElection (LeaderElection.java:askForVotes(182)) - b38fff04-681d-43a3-90d0-26fe2e9a9866@group-26FADD92D351:LeaderElection17: begin an election at term 1 for -1: [445370a6-3850-4457-9c2c-f37f35928d12:192.168.5.184:40437, b38fff04-681d-43a3-90d0-26fe2e9a9866:192.168.5.184:37740, e9d750f6-56b2-4d42-a810-39328f6044b5:192.168.5.184:42227], old=null
2019-09-16 16:58:15,341 [e9d750f6-56b2-4d42-a810-39328f6044b5@group-26FADD92D351:LeaderElection16] INFO  impl.LeaderElection (LeaderElection.java:askForVotes(182)) - e9d750f6-56b2-4d42-a810-39328f6044b5@group-26FADD92D351:LeaderElection16: begin an election at term 1 for -1: [445370a6-3850-4457-9c2c-f37f35928d12:192.168.5.184:40437, b38fff04-681d-43a3-90d0-26fe2e9a9866:192.168.5.184:37740, e9d750f6-56b2-4d42-a810-39328f6044b5:192.168.5.184:42227], old=null
2019-09-16 16:58:15,349 [445370a6-3850-4457-9c2c-f37f35928d12@group-26FADD92D351:LeaderElection15] INFO  impl.LeaderElection (LeaderElection.java:logAndReturn(56)) - 445370a6-3850-4457-9c2c-f37f35928d12@group-26FADD92D351:LeaderElection15: Election REJECTED; received 2 response(s) [445370a6-3850-4457-9c2c-f37f35928d12<-b38fff04-681d-43a3-90d0-26fe2e9a9866#0:FAIL-t1, 445370a6-3850-4457-9c2c-f37f35928d12<-e9d750f6-56b2-4d42-a810-39328f6044b5#0:FAIL-t1] and 0 exception(s); 445370a6-3850-4457-9c2c-f37f35928d12@group-26FADD92D351:t1, leader=null, voted=445370a6-3850-4457-9c2c-f37f35928d12, raftlog=445370a6-3850-4457-9c2c-f37f35928d12@group-26FADD92D351-SegmentedRaftLog:OPENED:c-1,f-1,i0, conf=-1: [445370a6-3850-4457-9c2c-f37f35928d12:192.168.5.184:40437, b38fff04-681d-43a3-90d0-26fe2e9a9866:192.168.5.184:37740, e9d750f6-56b2-4d42-a810-39328f6044b5:192.168.5.184:42227], old=null
2019-09-16 16:58:15,349 [e9d750f6-56b2-4d42-a810-39328f6044b5@group-26FADD92D351:LeaderElection16] INFO  impl.LeaderElection (LeaderElection.java:logAndReturn(56)) - e9d750f6-56b2-4d42-a810-39328f6044b5@group-26FADD92D351:LeaderElection16: Election REJECTED; received 2 response(s) [e9d750f6-56b2-4d42-a810-39328f6044b5<-445370a6-3850-4457-9c2c-f37f35928d12#0:FAIL-t1, e9d750f6-56b2-4d42-a810-39328f6044b5<-b38fff04-681d-43a3-90d0-26fe2e9a9866#0:FAIL-t1] and 0 exception(s); e9d750f6-56b2-4d42-a810-39328f6044b5@group-26FADD92D351:t1, leader=null, voted=e9d750f6-56b2-4d42-a810-39328f6044b5, raftlog=e9d750f6-56b2-4d42-a810-39328f6044b5@group-26FADD92D351-SegmentedRaftLog:OPENED:c-1,f-1,i0, conf=-1: [445370a6-3850-4457-9c2c-f37f35928d12:192.168.5.184:40437, b38fff04-681d-43a3-90d0-26fe2e9a9866:192.168.5.184:37740, e9d750f6-56b2-4d42-a810-39328f6044b5:192.168.5.184:42227], old=null
2019-09-16 16:58:15,349 [b38fff04-681d-43a3-90d0-26fe2e9a9866@group-26FADD92D351:LeaderElection17] INFO  impl.LeaderElection (LeaderElection.java:logAndReturn(56)) - b38fff04-681d-43a3-90d0-26fe2e9a9866@group-26FADD92D351:LeaderElection17: Election REJECTED; received 2 response(s) [b38fff04-681d-43a3-90d0-26fe2e9a9866<-445370a6-3850-4457-9c2c-f37f35928d12#0:FAIL-t1, b38fff04-681d-43a3-90d0-26fe2e9a9866<-e9d750f6-56b2-4d42-a810-39328f6044b5#0:FAIL-t1] and 0 exception(s); b38fff04-681d-43a3-90d0-26fe2e9a9866@group-26FADD92D351:t1, leader=null, voted=b38fff04-681d-43a3-90d0-26fe2e9a9866, raftlog=b38fff04-681d-43a3-90d0-26fe2e9a9866@group-26FADD92D351-SegmentedRaftLog:OPENED:c-1,f-1,i0, conf=-1: [445370a6-3850-4457-9c2c-f37f35928d12:192.168.5.184:40437, b38fff04-681d-43a3-90d0-26fe2e9a9866:192.168.5.184:37740, e9d750f6-56b2-4d42-a810-39328f6044b5:192.168.5.184:42227], old=null
2019-09-16 16:58:15,352 [e9d750f6-56b2-4d42-a810-39328f6044b5@group-26FADD92D351:LeaderElection16] INFO  impl.RaftServerImpl (RaftServerImpl.java:setRole(174)) - e9d750f6-56b2-4d42-a810-39328f6044b5@group-26FADD92D351: changes role from CANDIDATE to FOLLOWER at term 1 for DISCOVERED_A_NEW_TERM
2019-09-16 16:58:15,349 [445370a6-3850-4457-9c2c-f37f35928d12@group-26FADD92D351:LeaderElection15] INFO  impl.RaftServerImpl (RaftServerImpl.java:setRole(174)) - 445370a6-3850-4457-9c2c-f37f35928d12@group-26FADD92D351: changes role from CANDIDATE to FOLLOWER at term 1 for DISCOVERED_A_NEW_TERM
2019-09-16 16:58:15,358 [e9d750f6-56b2-4d42-a810-39328f6044b5@group-26FADD92D351:LeaderElection16] INFO  impl.RoleInfo (RoleInfo.java:shutdownLeaderElection(134)) - e9d750f6-56b2-4d42-a810-39328f6044b5: shutdown LeaderElection
2019-09-16 16:58:15,356 [b38fff04-681d-43a3-90d0-26fe2e9a9866@group-26FADD92D351:LeaderElection17] INFO  impl.RaftServerImpl (RaftServerImpl.java:setRole(174)) - b38fff04-681d-43a3-90d0-26fe2e9a9866@group-26FADD92D351: changes role from CANDIDATE to FOLLOWER at term 1 for DISCOVERED_A_NEW_TERM
2019-09-16 16:58:15,358 [e9d750f6-56b2-4d42-a810-39328f6044b5@group-26FADD92D351:LeaderElection16] INFO  impl.RoleInfo (RoleInfo.java:updateAndGet(143)) - e9d750f6-56b2-4d42-a810-39328f6044b5: start FollowerState
2019-09-16 16:58:15,358 [445370a6-3850-4457-9c2c-f37f35928d12@group-26FADD92D351:LeaderElection15] INFO  impl.RoleInfo (RoleInfo.java:shutdownLeaderElection(134)) - 445370a6-3850-4457-9c2c-f37f35928d12: shutdown LeaderElection
2019-09-16 16:58:15,358 [b38fff04-681d-43a3-90d0-26fe2e9a9866@group-26FADD92D351:LeaderElection17] INFO  impl.RoleInfo (RoleInfo.java:shutdownLeaderElection(134)) - b38fff04-681d-43a3-90d0-26fe2e9a9866: shutdown LeaderElection
2019-09-16 16:58:15,360 [445370a6-3850-4457-9c2c-f37f35928d12@group-26FADD92D351:LeaderElection15] INFO  impl.RoleInfo (RoleInfo.java:updateAndGet(143)) - 445370a6-3850-4457-9c2c-f37f35928d12: start FollowerState
2019-09-16 16:58:15,360 [b38fff04-681d-43a3-90d0-26fe2e9a9866@group-26FADD92D351:LeaderElection17] INFO  impl.RoleInfo (RoleInfo.java:updateAndGet(143)) - b38fff04-681d-43a3-90d0-26fe2e9a9866: start FollowerState
2019-09-16 16:58:16,397 [org.apache.ratis.server.impl.LogAppender$AppenderDaemon$$Lambda$508/1360433104@2cff0823] ERROR ratis.XceiverServerRatis (XceiverServerRatis.java:triggerPipelineClose(575)) - pipeline Action CLOSE  on pipeline PipelineID=c355fa8d-9ddd-4ba5-bf86-8bc1d30073b0.Reason : b38fff04-681d-43a3-90d0-26fe2e9a9866 has not seen follower/s 445370a6-3850-4457-9c2c-f37f35928d12 for 165079ms e9d750f6-56b2-4d42-a810-39328f6044b5 for 165080ms
2019-09-16 16:58:16,397 [org.apache.ratis.server.impl.LogAppender$AppenderDaemon$$Lambda$508/1360433104@60362804] ERROR ratis.XceiverServerRatis (XceiverServerRatis.java:triggerPipelineClose(575)) - pipeline Action CLOSE  on pipeline PipelineID=c355fa8d-9ddd-4ba5-bf86-8bc1d30073b0.Reason : b38fff04-681d-43a3-90d0-26fe2e9a9866 has not seen follower/s 445370a6-3850-4457-9c2c-f37f35928d12 for 165079ms e9d750f6-56b2-4d42-a810-39328f6044b5 for 165080ms
2019-09-16 16:58:16,883 [EventQueue-PipelineActionsForPipelineActionHandler] ERROR pipeline.PipelineActionHandler (PipelineActionHandler.java:onMessage(60)) - Received pipeline action CLOSE for Pipeline[ Id: c355fa8d-9ddd-4ba5-bf86-8bc1d30073b0, Nodes: 445370a6-3850-4457-9c2c-f37f35928d12{ip: 192.168.5.184, host: pr-hdds-2022-qxstf-1422721469, networkLocation: /default-rack, certSerialId: null}e9d750f6-56b2-4d42-a810-39328f6044b5{ip: 192.168.5.184, host: pr-hdds-2022-qxstf-1422721469, networkLocation: /default-rack, certSerialId: null}b38fff04-681d-43a3-90d0-26fe2e9a9866{ip: 192.168.5.184, host: pr-hdds-2022-qxstf-1422721469, networkLocation: /default-rack, certSerialId: null}, Type:RATIS, Factor:THREE, State:CLOSED] from datanode b38fff04-681d-43a3-90d0-26fe2e9a9866{ip: 192.168.5.184, host: pr-hdds-2022-qxstf-1422721469, networkLocation: /default-rack, certSerialId: null}. Reason : b38fff04-681d-43a3-90d0-26fe2e9a9866 has not seen follower/s 445370a6-3850-4457-9c2c-f37f35928d12 for 165079ms e9d750f6-56b2-4d42-a810-39328f6044b5 for 165080ms
2019-09-16 16:58:16,884 [EventQueue-PipelineActionsForPipelineActionHandler] INFO  pipeline.SCMPipelineManager (SCMPipelineManager.java:finalizeAndDestroyPipeline(311)) - destroying pipeline:Pipeline[ Id: c355fa8d-9ddd-4ba5-bf86-8bc1d30073b0, Nodes: 445370a6-3850-4457-9c2c-f37f35928d12{ip: 192.168.5.184, host: pr-hdds-2022-qxstf-1422721469, networkLocation: /default-rack, certSerialId: null}e9d750f6-56b2-4d42-a810-39328f6044b5{ip: 192.168.5.184, host: pr-hdds-2022-qxstf-1422721469, networkLocation: /default-rack, certSerialId: null}b38fff04-681d-43a3-90d0-26fe2e9a9866{ip: 192.168.5.184, host: pr-hdds-2022-qxstf-1422721469, networkLocation: /default-rack, certSerialId: null}, Type:RATIS, Factor:THREE, State:CLOSED]
2019-09-16 16:58:16,895 [java.util.concurrent.ThreadPoolExecutor$Worker@57a96755[State = -1, empty queue]] WARN  server.GrpcLogAppender (GrpcLogAppender.java:timeoutAppendRequest(200)) - b38fff04-681d-43a3-90d0-26fe2e9a9866@group-8BC1D30073B0->445370a6-3850-4457-9c2c-f37f35928d12-GrpcLogAppender: appendEntries Timeout, request=b38fff04-681d-43a3-90d0-26fe2e9a9866->445370a6-3850-4457-9c2c-f37f35928d12#159-t2, previous=(t:2, i:19), leaderCommit=12, initializing? false, entries: <empty>
2019-09-16 16:58:16,895 [java.util.concurrent.ThreadPoolExecutor$Worker@58806139[State = -1, empty queue]] WARN  server.GrpcLogAppender (GrpcLogAppender.java:timeoutAppendRequest(200)) - b38fff04-681d-43a3-90d0-26fe2e9a9866@group-8BC1D30073B0->e9d750f6-56b2-4d42-a810-39328f6044b5-GrpcLogAppender: appendEntries Timeout, request=b38fff04-681d-43a3-90d0-26fe2e9a9866->e9d750f6-56b2-4d42-a810-39328f6044b5#159-t2, previous=(t:2, i:19), leaderCommit=12, initializing? false, entries: <empty>
2019-09-16 16:58:18,061 [grpc-default-executor-7] INFO  client.GrpcClientProtocolClient (GrpcClientProtocolClient.java:onNext(264)) - client-E281DC600642->445370a6-3850-4457-9c2c-f37f35928d12: receive RaftClientReply:client-E281DC600642->445370a6-3850-4457-9c2c-f37f35928d12@group-8BC1D30073B0, cid=29, FAILED org.apache.ratis.protocol.NotLeaderException: Server 445370a6-3850-4457-9c2c-f37f35928d12@group-8BC1D30073B0 is not the leader b38fff04-681d-43a3-90d0-26fe2e9a9866:192.168.5.184:37740, logIndex=0, commits[445370a6-3850-4457-9c2c-f37f35928d12:c12, b38fff04-681d-43a3-90d0-26fe2e9a9866:c12, e9d750f6-56b2-4d42-a810-39328f6044b5:c10]
2019-09-16 16:58:18,897 [org.apache.ratis.server.impl.LogAppender$AppenderDaemon$$Lambda$508/1360433104@2cff0823] ERROR ratis.XceiverServerRatis (XceiverServerRatis.java:triggerPipelineClose(575)) - pipeline Action CLOSE  on pipeline PipelineID=c355fa8d-9ddd-4ba5-bf86-8bc1d30073b0.Reason : b38fff04-681d-43a3-90d0-26fe2e9a9866 has not seen follower/s 445370a6-3850-4457-9c2c-f37f35928d12 for 167580ms e9d750f6-56b2-4d42-a810-39328f6044b5 for 167580ms
2019-09-16 16:58:18,897 [org.apache.ratis.server.impl.LogAppender$AppenderDaemon$$Lambda$508/1360433104@60362804] ERROR ratis.XceiverServerRatis (XceiverServerRatis.java:triggerPipelineClose(575)) - pipeline Action CLOSE  on pipeline PipelineID=c355fa8d-9ddd-4ba5-bf86-8bc1d30073b0.Reason : b38fff04-681d-43a3-90d0-26fe2e9a9866 has not seen follower/s 445370a6-3850-4457-9c2c-f37f35928d12 for 167580ms e9d750f6-56b2-4d42-a810-39328f6044b5 for 167580ms
2019-09-16 16:58:19,396 [java.util.concurrent.ThreadPoolExecutor$Worker@57a96755[State = -1, empty queue]] WARN  server.GrpcLogAppender (GrpcLogAppender.java:timeoutAppendRequest(200)) - b38fff04-681d-43a3-90d0-26fe2e9a9866@group-8BC1D30073B0->445370a6-3850-4457-9c2c-f37f35928d12-GrpcLogAppender: appendEntries Timeout, request=b38fff04-681d-43a3-90d0-26fe2e9a9866->445370a6-3850-4457-9c2c-f37f35928d12#160-t2, previous=(t:2, i:19), leaderCommit=12, initializing? false, entries: <empty>
2019-09-16 16:58:19,396 [java.util.concurrent.ThreadPoolExecutor$Worker@58806139[State = -1, empty queue]] WARN  server.GrpcLogAppender (GrpcLogAppender.java:timeoutAppendRequest(200)) - b38fff04-681d-43a3-90d0-26fe2e9a9866@group-8BC1D30073B0->e9d750f6-56b2-4d42-a810-39328f6044b5-GrpcLogAppender: appendEntries Timeout, request=b38fff04-681d-43a3-90d0-26fe2e9a9866->e9d750f6-56b2-4d42-a810-39328f6044b5#160-t2, previous=(t:2, i:19), leaderCommit=12, initializing? false, entries: <empty>
2019-09-16 16:58:19,883 [EventQueue-PipelineActionsForPipelineActionHandler] ERROR pipeline.PipelineActionHandler (PipelineActionHandler.java:onMessage(60)) - Received pipeline action CLOSE for Pipeline[ Id: c355fa8d-9ddd-4ba5-bf86-8bc1d30073b0, Nodes: 445370a6-3850-4457-9c2c-f37f35928d12{ip: 192.168.5.184, host: pr-hdds-2022-qxstf-1422721469, networkLocation: /default-rack, certSerialId: null}e9d750f6-56b2-4d42-a810-39328f6044b5{ip: 192.168.5.184, host: pr-hdds-2022-qxstf-1422721469, networkLocation: /default-rack, certSerialId: null}b38fff04-681d-43a3-90d0-26fe2e9a9866{ip: 192.168.5.184, host: pr-hdds-2022-qxstf-1422721469, networkLocation: /default-rack, certSerialId: null}, Type:RATIS, Factor:THREE, State:CLOSED] from datanode b38fff04-681d-43a3-90d0-26fe2e9a9866{ip: 192.168.5.184, host: pr-hdds-2022-qxstf-1422721469, networkLocation: /default-rack, certSerialId: null}. Reason : b38fff04-681d-43a3-90d0-26fe2e9a9866 has not seen follower/s 445370a6-3850-4457-9c2c-f37f35928d12 for 167580ms e9d750f6-56b2-4d42-a810-39328f6044b5 for 167580ms
2019-09-16 16:58:19,883 [EventQueue-PipelineActionsForPipelineActionHandler] INFO  pipeline.SCMPipelineManager (SCMPipelineManager.java:finalizeAndDestroyPipeline(311)) - destroying pipeline:Pipeline[ Id: c355fa8d-9ddd-4ba5-bf86-8bc1d30073b0, Nodes: 445370a6-3850-4457-9c2c-f37f35928d12{ip: 192.168.5.184, host: pr-hdds-2022-qxstf-1422721469, networkLocation: /default-rack, certSerialId: null}e9d750f6-56b2-4d42-a810-39328f6044b5{ip: 192.168.5.184, host: pr-hdds-2022-qxstf-1422721469, networkLocation: /default-rack, certSerialId: null}b38fff04-681d-43a3-90d0-26fe2e9a9866{ip: 192.168.5.184, host: pr-hdds-2022-qxstf-1422721469, networkLocation: /default-rack, certSerialId: null}, Type:RATIS, Factor:THREE, State:CLOSED]
2019-09-16 16:58:20,410 [Thread-1388] INFO  impl.FollowerState (FollowerState.java:run(106)) - 445370a6-3850-4457-9c2c-f37f35928d12:group-26FADD92D351 changes to CANDIDATE, lastRpcTime:5049, electionTimeout:5049ms
2019-09-16 16:58:20,410 [Thread-1388] INFO  impl.RoleInfo (RoleInfo.java:shutdownFollowerState(121)) - 445370a6-3850-4457-9c2c-f37f35928d12: shutdown FollowerState
2019-09-16 16:58:20,410 [Thread-1388] INFO  impl.RaftServerImpl (RaftServerImpl.java:setRole(174)) - 445370a6-3850-4457-9c2c-f37f35928d12@group-26FADD92D351: changes role from  FOLLOWER to CANDIDATE at term 1 for changeToCandidate
2019-09-16 16:58:20,410 [Thread-1388] INFO  impl.RoleInfo (RoleInfo.java:updateAndGet(143)) - 445370a6-3850-4457-9c2c-f37f35928d12: start LeaderElection
2019-09-16 16:58:20,433 [445370a6-3850-4457-9c2c-f37f35928d12@group-26FADD92D351:LeaderElection18] INFO  impl.LeaderElection (LeaderElection.java:askForVotes(182)) - 445370a6-3850-4457-9c2c-f37f35928d12@group-26FADD92D351:LeaderElection18: begin an election at term 2 for -1: [445370a6-3850-4457-9c2c-f37f35928d12:192.168.5.184:40437, b38fff04-681d-43a3-90d0-26fe2e9a9866:192.168.5.184:37740, e9d750f6-56b2-4d42-a810-39328f6044b5:192.168.5.184:42227], old=null
2019-09-16 16:58:20,436 [grpc-default-executor-8] INFO  impl.RaftServerImpl (RaftServerImpl.java:setRole(174)) - b38fff04-681d-43a3-90d0-26fe2e9a9866@group-26FADD92D351: changes role from  FOLLOWER to FOLLOWER at term 2 for recognizeCandidate:445370a6-3850-4457-9c2c-f37f35928d12
2019-09-16 16:58:20,436 [grpc-default-executor-8] INFO  impl.RoleInfo (RoleInfo.java:shutdownFollowerState(121)) - b38fff04-681d-43a3-90d0-26fe2e9a9866: shutdown FollowerState
2019-09-16 16:58:20,436 [grpc-default-executor-4] INFO  impl.RaftServerImpl (RaftServerImpl.java:setRole(174)) - e9d750f6-56b2-4d42-a810-39328f6044b5@group-26FADD92D351: changes role from  FOLLOWER to FOLLOWER at term 2 for recognizeCandidate:445370a6-3850-4457-9c2c-f37f35928d12
2019-09-16 16:58:20,436 [grpc-default-executor-8] INFO  impl.RoleInfo (RoleInfo.java:updateAndGet(143)) - b38fff04-681d-43a3-90d0-26fe2e9a9866: start FollowerState
2019-09-16 16:58:20,436 [grpc-default-executor-4] INFO  impl.RoleInfo (RoleInfo.java:shutdownFollowerState(121)) - e9d750f6-56b2-4d42-a810-39328f6044b5: shutdown FollowerState
2019-09-16 16:58:20,436 [Thread-1389] INFO  impl.FollowerState (FollowerState.java:run(115)) - b38fff04-681d-43a3-90d0-26fe2e9a9866: FollowerState was interrupted: java.lang.InterruptedException: sleep interrupted
2019-09-16 16:58:20,437 [Thread-1387] INFO  impl.FollowerState (FollowerState.java:run(115)) - e9d750f6-56b2-4d42-a810-39328f6044b5: FollowerState was interrupted: java.lang.InterruptedException: sleep interrupted
2019-09-16 16:58:20,437 [grpc-default-executor-4] INFO  impl.RoleInfo (RoleInfo.java:updateAndGet(143)) - e9d750f6-56b2-4d42-a810-39328f6044b5: start FollowerState
2019-09-16 16:58:20,469 [445370a6-3850-4457-9c2c-f37f35928d12@group-26FADD92D351:LeaderElection18] INFO  impl.LeaderElection (LeaderElection.java:logAndReturn(56)) - 445370a6-3850-4457-9c2c-f37f35928d12@group-26FADD92D351:LeaderElection18: Election PASSED; received 1 response(s) [445370a6-3850-4457-9c2c-f37f35928d12<-e9d750f6-56b2-4d42-a810-39328f6044b5#0:OK-t2] and 0 exception(s); 445370a6-3850-4457-9c2c-f37f35928d12@group-26FADD92D351:t2, leader=null, voted=445370a6-3850-4457-9c2c-f37f35928d12, raftlog=445370a6-3850-4457-9c2c-f37f35928d12@group-26FADD92D351-SegmentedRaftLog:OPENED:c-1,f-1,i0, conf=-1: [445370a6-3850-4457-9c2c-f37f35928d12:192.168.5.184:40437, b38fff04-681d-43a3-90d0-26fe2e9a9866:192.168.5.184:37740, e9d750f6-56b2-4d42-a810-39328f6044b5:192.168.5.184:42227], old=null
2019-09-16 16:58:20,469 [445370a6-3850-4457-9c2c-f37f35928d12@group-26FADD92D351:LeaderElection18] INFO  impl.RoleInfo (RoleInfo.java:shutdownLeaderElection(134)) - 445370a6-3850-4457-9c2c-f37f35928d12: shutdown LeaderElection
2019-09-16 16:58:20,472 [445370a6-3850-4457-9c2c-f37f35928d12@group-26FADD92D351:LeaderElection18] INFO  impl.RaftServerImpl (RaftServerImpl.java:setRole(174)) - 445370a6-3850-4457-9c2c-f37f35928d12@group-26FADD92D351: changes role from CANDIDATE to LEADER at term 2 for changeToLeader
2019-09-16 16:58:20,475 [445370a6-3850-4457-9c2c-f37f35928d12@group-26FADD92D351:LeaderElection18] INFO  impl.RaftServerImpl (ServerState.java:setLeader(253)) - 445370a6-3850-4457-9c2c-f37f35928d12@group-26FADD92D351: change Leader from null to 445370a6-3850-4457-9c2c-f37f35928d12 at term 2 for becomeLeader, leader elected after 10377ms
2019-09-16 16:58:20,475 [445370a6-3850-4457-9c2c-f37f35928d12@group-26FADD92D351:LeaderElection18] INFO  server.RaftServerConfigKeys (ConfUtils.java:logGet(43)) - raft.server.staging.catchup.gap = 1000 (default)
2019-09-16 16:58:20,475 [445370a6-3850-4457-9c2c-f37f35928d12@group-26FADD92D351:LeaderElection18] INFO  server.RaftServerConfigKeys (ConfUtils.java:logGet(43)) - raft.server.rpc.sleep.time = 25ms (default)
2019-09-16 16:58:20,475 [445370a6-3850-4457-9c2c-f37f35928d12@group-26FADD92D351:LeaderElection18] INFO  server.RaftServerConfigKeys (ConfUtils.java:logGet(43)) - raft.server.write.element-limit = 4096 (default)
2019-09-16 16:58:20,475 [445370a6-3850-4457-9c2c-f37f35928d12@group-26FADD92D351:LeaderElection18] INFO  server.RaftServerConfigKeys (ConfUtils.java:logGet(43)) - raft.server.watch.timeout = 10s (default)
2019-09-16 16:58:20,476 [445370a6-3850-4457-9c2c-f37f35928d12@group-26FADD92D351:LeaderElection18] INFO  server.RaftServerConfigKeys (ConfUtils.java:logGet(43)) - raft.server.watch.timeout.denomination = 1s (default)
2019-09-16 16:58:20,476 [445370a6-3850-4457-9c2c-f37f35928d12@group-26FADD92D351:LeaderElection18] INFO  server.RaftServerConfigKeys (ConfUtils.java:logGet(43)) - raft.server.watch.element-limit = 65536 (default)
2019-09-16 16:58:20,480 [445370a6-3850-4457-9c2c-f37f35928d12@group-26FADD92D351:LeaderElection18] INFO  server.RaftServerConfigKeys (ConfUtils.java:logGet(43)) - raft.server.log.appender.snapshot.chunk.size.max = 16MB (=16777216) (default)
2019-09-16 16:58:20,480 [445370a6-3850-4457-9c2c-f37f35928d12@group-26FADD92D351:LeaderElection18] INFO  server.RaftServerConfigKeys (ConfUtils.java:logGet(43)) - raft.server.log.appender.buffer.byte-limit = 33554432 (custom)
2019-09-16 16:58:20,480 [445370a6-3850-4457-9c2c-f37f35928d12@group-26FADD92D351:LeaderElection18] INFO  server.RaftServerConfigKeys (ConfUtils.java:logGet(43)) - raft.server.log.appender.buffer.element-limit = 1 (custom)
2019-09-16 16:58:20,480 [445370a6-3850-4457-9c2c-f37f35928d12@group-26FADD92D351:LeaderElection18] INFO  grpc.GrpcConfigKeys$Server (ConfUtils.java:logGet(43)) - raft.grpc.server.leader.outstanding.appends.max = 128 (default)
2019-09-16 16:58:20,481 [445370a6-3850-4457-9c2c-f37f35928d12@group-26FADD92D351:LeaderElection18] INFO  server.RaftServerConfigKeys (ConfUtils.java:logGet(43)) - raft.server.rpc.request.timeout = 3000ms (default)
2019-09-16 16:58:20,481 [445370a6-3850-4457-9c2c-f37f35928d12@group-26FADD92D351:LeaderElection18] INFO  server.RaftServerConfigKeys (ConfUtils.java:logGet(43)) - raft.server.log.appender.install.snapshot.enabled = false (custom)
2019-09-16 16:58:20,481 [445370a6-3850-4457-9c2c-f37f35928d12@group-26FADD92D351:LeaderElection18] INFO  server.RaftServerConfigKeys (ConfUtils.java:logGet(43)) - raft.server.log.appender.snapshot.chunk.size.max = 16MB (=16777216) (default)
2019-09-16 16:58:20,481 [445370a6-3850-4457-9c2c-f37f35928d12@group-26FADD92D351:LeaderElection18] INFO  server.RaftServerConfigKeys (ConfUtils.java:logGet(43)) - raft.server.log.appender.buffer.byte-limit = 33554432 (custom)
2019-09-16 16:58:20,481 [445370a6-3850-4457-9c2c-f37f35928d12@group-26FADD92D351:LeaderElection18] INFO  server.RaftServerConfigKeys (ConfUtils.java:logGet(43)) - raft.server.log.appender.buffer.element-limit = 1 (custom)
2019-09-16 16:58:20,481 [445370a6-3850-4457-9c2c-f37f35928d12@group-26FADD92D351:LeaderElection18] INFO  grpc.GrpcConfigKeys$Server (ConfUtils.java:logGet(43)) - raft.grpc.server.leader.outstanding.appends.max = 128 (default)
2019-09-16 16:58:20,482 [445370a6-3850-4457-9c2c-f37f35928d12@group-26FADD92D351:LeaderElection18] INFO  server.RaftServerConfigKeys (ConfUtils.java:logGet(43)) - raft.server.rpc.request.timeout = 3000ms (default)
2019-09-16 16:58:20,482 [445370a6-3850-4457-9c2c-f37f35928d12@group-26FADD92D351:LeaderElection18] INFO  server.RaftServerConfigKeys (ConfUtils.java:logGet(43)) - raft.server.log.appender.install.snapshot.enabled = false (custom)
2019-09-16 16:58:20,482 [445370a6-3850-4457-9c2c-f37f35928d12@group-26FADD92D351:LeaderElection18] INFO  impl.RoleInfo (RoleInfo.java:updateAndGet(143)) - 445370a6-3850-4457-9c2c-f37f35928d12: start LeaderState
2019-09-16 16:58:20,482 [445370a6-3850-4457-9c2c-f37f35928d12@group-26FADD92D351:LeaderElection18] INFO  segmented.SegmentedRaftLogWorker (SegmentedRaftLogWorker.java:startLogSegment(380)) - 445370a6-3850-4457-9c2c-f37f35928d12@group-26FADD92D351-SegmentedRaftLogWorker: Starting segment from index:0
2019-09-16 16:58:20,483 [445370a6-3850-4457-9c2c-f37f35928d12@group-26FADD92D351:LeaderElection18] INFO  impl.RaftServerImpl (ServerState.java:setRaftConf(354)) - 445370a6-3850-4457-9c2c-f37f35928d12@group-26FADD92D351: set configuration 0: [445370a6-3850-4457-9c2c-f37f35928d12:192.168.5.184:40437, b38fff04-681d-43a3-90d0-26fe2e9a9866:192.168.5.184:37740, e9d750f6-56b2-4d42-a810-39328f6044b5:192.168.5.184:42227], old=null at 0
2019-09-16 16:58:20,522 [grpc-default-executor-8] INFO  impl.RaftServerImpl (ServerState.java:setLeader(253)) - e9d750f6-56b2-4d42-a810-39328f6044b5@group-26FADD92D351: change Leader from null to 445370a6-3850-4457-9c2c-f37f35928d12 at term 2 for appendEntries, leader elected after 10424ms
2019-09-16 16:58:20,522 [grpc-default-executor-4] INFO  impl.RaftServerImpl (ServerState.java:setLeader(253)) - b38fff04-681d-43a3-90d0-26fe2e9a9866@group-26FADD92D351: change Leader from null to 445370a6-3850-4457-9c2c-f37f35928d12 at term 2 for appendEntries, leader elected after 10424ms
2019-09-16 16:58:20,524 [grpc-default-executor-8] INFO  impl.RaftServerImpl (ServerState.java:setRaftConf(354)) - e9d750f6-56b2-4d42-a810-39328f6044b5@group-26FADD92D351: set configuration 0: [445370a6-3850-4457-9c2c-f37f35928d12:192.168.5.184:40437, b38fff04-681d-43a3-90d0-26fe2e9a9866:192.168.5.184:37740, e9d750f6-56b2-4d42-a810-39328f6044b5:192.168.5.184:42227], old=null at 0
2019-09-16 16:58:20,524 [grpc-default-executor-4] INFO  impl.RaftServerImpl (ServerState.java:setRaftConf(354)) - b38fff04-681d-43a3-90d0-26fe2e9a9866@group-26FADD92D351: set configuration 0: [445370a6-3850-4457-9c2c-f37f35928d12:192.168.5.184:40437, b38fff04-681d-43a3-90d0-26fe2e9a9866:192.168.5.184:37740, e9d750f6-56b2-4d42-a810-39328f6044b5:192.168.5.184:42227], old=null at 0
2019-09-16 16:58:20,524 [grpc-default-executor-8] INFO  segmented.SegmentedRaftLogWorker (SegmentedRaftLogWorker.java:startLogSegment(380)) - e9d750f6-56b2-4d42-a810-39328f6044b5@group-26FADD92D351-SegmentedRaftLogWorker: Starting segment from index:0
2019-09-16 16:58:20,525 [grpc-default-executor-4] INFO  segmented.SegmentedRaftLogWorker (SegmentedRaftLogWorker.java:startLogSegment(380)) - b38fff04-681d-43a3-90d0-26fe2e9a9866@group-26FADD92D351-SegmentedRaftLogWorker: Starting segment from index:0
2019-09-16 16:58:20,537 [445370a6-3850-4457-9c2c-f37f35928d12@group-26FADD92D351-SegmentedRaftLogWorker] INFO  segmented.SegmentedRaftLogWorker (SegmentedRaftLogWorker.java:execute(569)) - 445370a6-3850-4457-9c2c-f37f35928d12@group-26FADD92D351-SegmentedRaftLogWorker: created new log segment /workdir/hadoop-ozone/integration-test/target/test-dir/MiniOzoneClusterImpl-b381268c-58bb-44dd-9423-5f17a34efe38/datanode-6/data/ratis/9aa3fcfe-8c6c-4f63-b01d-26fadd92d351/current/log_inprogress_0
2019-09-16 16:58:20,576 [b38fff04-681d-43a3-90d0-26fe2e9a9866@group-26FADD92D351-SegmentedRaftLogWorker] INFO  segmented.SegmentedRaftLogWorker (SegmentedRaftLogWorker.java:execute(569)) - b38fff04-681d-43a3-90d0-26fe2e9a9866@group-26FADD92D351-SegmentedRaftLogWorker: created new log segment /workdir/hadoop-ozone/integration-test/target/test-dir/MiniOzoneClusterImpl-b381268c-58bb-44dd-9423-5f17a34efe38/datanode-0/data/ratis/9aa3fcfe-8c6c-4f63-b01d-26fadd92d351/current/log_inprogress_0
2019-09-16 16:58:20,576 [e9d750f6-56b2-4d42-a810-39328f6044b5@group-26FADD92D351-SegmentedRaftLogWorker] INFO  segmented.SegmentedRaftLogWorker (SegmentedRaftLogWorker.java:execute(569)) - e9d750f6-56b2-4d42-a810-39328f6044b5@group-26FADD92D351-SegmentedRaftLogWorker: created new log segment /workdir/hadoop-ozone/integration-test/target/test-dir/MiniOzoneClusterImpl-b381268c-58bb-44dd-9423-5f17a34efe38/datanode-1/data/ratis/9aa3fcfe-8c6c-4f63-b01d-26fadd92d351/current/log_inprogress_0
2019-09-16 16:58:21,397 [org.apache.ratis.server.impl.LogAppender$AppenderDaemon$$Lambda$508/1360433104@60362804] ERROR ratis.XceiverServerRatis (XceiverServerRatis.java:triggerPipelineClose(575)) - pipeline Action CLOSE  on pipeline PipelineID=c355fa8d-9ddd-4ba5-bf86-8bc1d30073b0.Reason : b38fff04-681d-43a3-90d0-26fe2e9a9866 has not seen follower/s 445370a6-3850-4457-9c2c-f37f35928d12 for 170080ms e9d750f6-56b2-4d42-a810-39328f6044b5 for 170081ms
2019-09-16 16:58:21,397 [org.apache.ratis.server.impl.LogAppender$AppenderDaemon$$Lambda$508/1360433104@2cff0823] ERROR ratis.XceiverServerRatis (XceiverServerRatis.java:triggerPipelineClose(575)) - pipeline Action CLOSE  on pipeline PipelineID=c355fa8d-9ddd-4ba5-bf86-8bc1d30073b0.Reason : b38fff04-681d-43a3-90d0-26fe2e9a9866 has not seen follower/s 445370a6-3850-4457-9c2c-f37f35928d12 for 170080ms e9d750f6-56b2-4d42-a810-39328f6044b5 for 170081ms
2019-09-16 16:58:21,466 [b38fff04-681d-43a3-90d0-26fe2e9a9866@group-8BC1D30073B0-SegmentedRaftLogWorker] WARN  segmented.SegmentedRaftLogWorker (SegmentedRaftLogWorker.java:getFromFuture(90)) - Timeout 16/~
org.apache.ratis.protocol.TimeoutIOException: Timeout 10s: WriteLog:13: (t:2, i:13), STATEMACHINELOGENTRY, client-E281DC600642, cid=29-writeStateMachineData
	at org.apache.ratis.util.IOUtils.getFromFuture(IOUtils.java:87)
	at org.apache.ratis.server.raftlog.segmented.SegmentedRaftLogWorker$StateMachineDataPolicy.getFromFuture(SegmentedRaftLogWorker.java:87)
	at org.apache.ratis.server.raftlog.segmented.SegmentedRaftLogWorker$WriteLog.execute(SegmentedRaftLogWorker.java:477)
	at org.apache.ratis.server.raftlog.segmented.SegmentedRaftLogWorker.run(SegmentedRaftLogWorker.java:289)
	at java.lang.Thread.run(Thread.java:748)
Caused by: java.util.concurrent.TimeoutException
	at java.util.concurrent.CompletableFuture.timedGet(CompletableFuture.java:1771)
	at java.util.concurrent.CompletableFuture.get(CompletableFuture.java:1915)
	at org.apache.ratis.util.IOUtils.getFromFuture(IOUtils.java:79)
	... 4 more
2019-09-16 16:58:21,493 [e9d750f6-56b2-4d42-a810-39328f6044b5@group-8BC1D30073B0-SegmentedRaftLogWorker] WARN  segmented.SegmentedRaftLogWorker (SegmentedRaftLogWorker.java:getFromFuture(90)) - Timeout 16/~
org.apache.ratis.protocol.TimeoutIOException: Timeout 10s: WriteLog:13: (t:2, i:13), STATEMACHINELOGENTRY, client-E281DC600642, cid=29-writeStateMachineData
	at org.apache.ratis.util.IOUtils.getFromFuture(IOUtils.java:87)
	at org.apache.ratis.server.raftlog.segmented.SegmentedRaftLogWorker$StateMachineDataPolicy.getFromFuture(SegmentedRaftLogWorker.java:87)
	at org.apache.ratis.server.raftlog.segmented.SegmentedRaftLogWorker$WriteLog.execute(SegmentedRaftLogWorker.java:477)
	at org.apache.ratis.server.raftlog.segmented.SegmentedRaftLogWorker.run(SegmentedRaftLogWorker.java:289)
	at java.lang.Thread.run(Thread.java:748)
Caused by: java.util.concurrent.TimeoutException
	at java.util.concurrent.CompletableFuture.timedGet(CompletableFuture.java:1771)
	at java.util.concurrent.CompletableFuture.get(CompletableFuture.java:1915)
	at org.apache.ratis.util.IOUtils.getFromFuture(IOUtils.java:79)
	... 4 more
2019-09-16 16:58:21,661 [445370a6-3850-4457-9c2c-f37f35928d12@group-8BC1D30073B0-SegmentedRaftLogWorker] WARN  segmented.SegmentedRaftLogWorker (SegmentedRaftLogWorker.java:getFromFuture(90)) - Timeout 16/~
org.apache.ratis.protocol.TimeoutIOException: Timeout 10s: WriteLog:14: (t:2, i:14), STATEMACHINELOGENTRY, client-E281DC600642, cid=30-writeStateMachineData
	at org.apache.ratis.util.IOUtils.getFromFuture(IOUtils.java:87)
	at org.apache.ratis.server.raftlog.segmented.SegmentedRaftLogWorker$StateMachineDataPolicy.getFromFuture(SegmentedRaftLogWorker.java:87)
	at org.apache.ratis.server.raftlog.segmented.SegmentedRaftLogWorker$WriteLog.execute(SegmentedRaftLogWorker.java:477)
	at org.apache.ratis.server.raftlog.segmented.SegmentedRaftLogWorker.run(SegmentedRaftLogWorker.java:289)
	at java.lang.Thread.run(Thread.java:748)
Caused by: java.util.concurrent.TimeoutException
	at java.util.concurrent.CompletableFuture.timedGet(CompletableFuture.java:1771)
	at java.util.concurrent.CompletableFuture.get(CompletableFuture.java:1915)
	at org.apache.ratis.util.IOUtils.getFromFuture(IOUtils.java:79)
	... 4 more
2019-09-16 16:58:21,883 [EventQueue-PipelineActionsForPipelineActionHandler] ERROR pipeline.PipelineActionHandler (PipelineActionHandler.java:onMessage(60)) - Received pipeline action CLOSE for Pipeline[ Id: c355fa8d-9ddd-4ba5-bf86-8bc1d30073b0, Nodes: 445370a6-3850-4457-9c2c-f37f35928d12{ip: 192.168.5.184, host: pr-hdds-2022-qxstf-1422721469, networkLocation: /default-rack, certSerialId: null}e9d750f6-56b2-4d42-a810-39328f6044b5{ip: 192.168.5.184, host: pr-hdds-2022-qxstf-1422721469, networkLocation: /default-rack, certSerialId: null}b38fff04-681d-43a3-90d0-26fe2e9a9866{ip: 192.168.5.184, host: pr-hdds-2022-qxstf-1422721469, networkLocation: /default-rack, certSerialId: null}, Type:RATIS, Factor:THREE, State:CLOSED] from datanode b38fff04-681d-43a3-90d0-26fe2e9a9866{ip: 192.168.5.184, host: pr-hdds-2022-qxstf-1422721469, networkLocation: /default-rack, certSerialId: null}. Reason : b38fff04-681d-43a3-90d0-26fe2e9a9866 has not seen follower/s 445370a6-3850-4457-9c2c-f37f35928d12 for 170080ms e9d750f6-56b2-4d42-a810-39328f6044b5 for 170081ms
2019-09-16 16:58:21,883 [EventQueue-PipelineActionsForPipelineActionHandler] INFO  pipeline.SCMPipelineManager (SCMPipelineManager.java:finalizeAndDestroyPipeline(311)) - destroying pipeline:Pipeline[ Id: c355fa8d-9ddd-4ba5-bf86-8bc1d30073b0, Nodes: 445370a6-3850-4457-9c2c-f37f35928d12{ip: 192.168.5.184, host: pr-hdds-2022-qxstf-1422721469, networkLocation: /default-rack, certSerialId: null}e9d750f6-56b2-4d42-a810-39328f6044b5{ip: 192.168.5.184, host: pr-hdds-2022-qxstf-1422721469, networkLocation: /default-rack, certSerialId: null}b38fff04-681d-43a3-90d0-26fe2e9a9866{ip: 192.168.5.184, host: pr-hdds-2022-qxstf-1422721469, networkLocation: /default-rack, certSerialId: null}, Type:RATIS, Factor:THREE, State:CLOSED]
2019-09-16 16:58:21,897 [java.util.concurrent.ThreadPoolExecutor$Worker@57a96755[State = -1, empty queue]] WARN  server.GrpcLogAppender (GrpcLogAppender.java:timeoutAppendRequest(200)) - b38fff04-681d-43a3-90d0-26fe2e9a9866@group-8BC1D30073B0->445370a6-3850-4457-9c2c-f37f35928d12-GrpcLogAppender: appendEntries Timeout, request=b38fff04-681d-43a3-90d0-26fe2e9a9866->445370a6-3850-4457-9c2c-f37f35928d12#161-t2, previous=(t:2, i:19), leaderCommit=12, initializing? false, entries: <empty>
2019-09-16 16:58:21,897 [java.util.concurrent.ThreadPoolExecutor$Worker@58806139[State = -1, empty queue]] WARN  server.GrpcLogAppender (GrpcLogAppender.java:timeoutAppendRequest(200)) - b38fff04-681d-43a3-90d0-26fe2e9a9866@group-8BC1D30073B0->e9d750f6-56b2-4d42-a810-39328f6044b5-GrpcLogAppender: appendEntries Timeout, request=b38fff04-681d-43a3-90d0-26fe2e9a9866->e9d750f6-56b2-4d42-a810-39328f6044b5#161-t2, previous=(t:2, i:19), leaderCommit=12, initializing? false, entries: <empty>
2019-09-16 16:58:23,097 [grpc-default-executor-4] INFO  client.GrpcClientProtocolClient (GrpcClientProtocolClient.java:onNext(264)) - client-E281DC600642->445370a6-3850-4457-9c2c-f37f35928d12: receive RaftClientReply:client-E281DC600642->445370a6-3850-4457-9c2c-f37f35928d12@group-8BC1D30073B0, cid=29, FAILED org.apache.ratis.protocol.NotLeaderException: Server 445370a6-3850-4457-9c2c-f37f35928d12@group-8BC1D30073B0 is not the leader b38fff04-681d-43a3-90d0-26fe2e9a9866:192.168.5.184:37740, logIndex=0, commits[445370a6-3850-4457-9c2c-f37f35928d12:c12, b38fff04-681d-43a3-90d0-26fe2e9a9866:c12, e9d750f6-56b2-4d42-a810-39328f6044b5:c10]
2019-09-16 16:58:23,898 [org.apache.ratis.server.impl.LogAppender$AppenderDaemon$$Lambda$508/1360433104@60362804] ERROR ratis.XceiverServerRatis (XceiverServerRatis.java:triggerPipelineClose(575)) - pipeline Action CLOSE  on pipeline PipelineID=c355fa8d-9ddd-4ba5-bf86-8bc1d30073b0.Reason : b38fff04-681d-43a3-90d0-26fe2e9a9866 has not seen follower/s 445370a6-3850-4457-9c2c-f37f35928d12 for 172581ms e9d750f6-56b2-4d42-a810-39328f6044b5 for 172582ms
2019-09-16 16:58:23,898 [org.apache.ratis.server.impl.LogAppender$AppenderDaemon$$Lambda$508/1360433104@2cff0823] ERROR ratis.XceiverServerRatis (XceiverServerRatis.java:triggerPipelineClose(575)) - pipeline Action CLOSE  on pipeline PipelineID=c355fa8d-9ddd-4ba5-bf86-8bc1d30073b0.Reason : b38fff04-681d-43a3-90d0-26fe2e9a9866 has not seen follower/s 445370a6-3850-4457-9c2c-f37f35928d12 for 172581ms e9d750f6-56b2-4d42-a810-39328f6044b5 for 172582ms
2019-09-16 16:58:24,397 [java.util.concurrent.ThreadPoolExecutor$Worker@58806139[State = -1, empty queue]] WARN  server.GrpcLogAppender (GrpcLogAppender.java:timeoutAppendRequest(200)) - b38fff04-681d-43a3-90d0-26fe2e9a9866@group-8BC1D30073B0->e9d750f6-56b2-4d42-a810-39328f6044b5-GrpcLogAppender: appendEntries Timeout, request=b38fff04-681d-43a3-90d0-26fe2e9a9866->e9d750f6-56b2-4d42-a810-39328f6044b5#162-t2, previous=(t:2, i:19), leaderCommit=12, initializing? false, entries: <empty>
2019-09-16 16:58:24,397 [java.util.concurrent.ThreadPoolExecutor$Worker@57a96755[State = -1, empty queue]] WARN  server.GrpcLogAppender (GrpcLogAppender.java:timeoutAppendRequest(200)) - b38fff04-681d-43a3-90d0-26fe2e9a9866@group-8BC1D30073B0->445370a6-3850-4457-9c2c-f37f35928d12-GrpcLogAppender: appendEntries Timeout, request=b38fff04-681d-43a3-90d0-26fe2e9a9866->445370a6-3850-4457-9c2c-f37f35928d12#162-t2, previous=(t:2, i:19), leaderCommit=12, initializing? false, entries: <empty>
2019-09-16 16:58:24,884 [EventQueue-PipelineActionsForPipelineActionHandler] ERROR pipeline.PipelineActionHandler (PipelineActionHandler.java:onMessage(60)) - Received pipeline action CLOSE for Pipeline[ Id: c355fa8d-9ddd-4ba5-bf86-8bc1d30073b0, Nodes: 445370a6-3850-4457-9c2c-f37f35928d12{ip: 192.168.5.184, host: pr-hdds-2022-qxstf-1422721469, networkLocation: /default-rack, certSerialId: null}e9d750f6-56b2-4d42-a810-39328f6044b5{ip: 192.168.5.184, host: pr-hdds-2022-qxstf-1422721469, networkLocation: /default-rack, certSerialId: null}b38fff04-681d-43a3-90d0-26fe2e9a9866{ip: 192.168.5.184, host: pr-hdds-2022-qxstf-1422721469, networkLocation: /default-rack, certSerialId: null}, Type:RATIS, Factor:THREE, State:CLOSED] from datanode b38fff04-681d-43a3-90d0-26fe2e9a9866{ip: 192.168.5.184, host: pr-hdds-2022-qxstf-1422721469, networkLocation: /default-rack, certSerialId: null}. Reason : b38fff04-681d-43a3-90d0-26fe2e9a9866 has not seen follower/s 445370a6-3850-4457-9c2c-f37f35928d12 for 172581ms e9d750f6-56b2-4d42-a810-39328f6044b5 for 172582ms
2019-09-16 16:58:24,884 [EventQueue-PipelineActionsForPipelineActionHandler] INFO  pipeline.SCMPipelineManager (SCMPipelineManager.java:finalizeAndDestroyPipeline(311)) - destroying pipeline:Pipeline[ Id: c355fa8d-9ddd-4ba5-bf86-8bc1d30073b0, Nodes: 445370a6-3850-4457-9c2c-f37f35928d12{ip: 192.168.5.184, host: pr-hdds-2022-qxstf-1422721469, networkLocation: /default-rack, certSerialId: null}e9d750f6-56b2-4d42-a810-39328f6044b5{ip: 192.168.5.184, host: pr-hdds-2022-qxstf-1422721469, networkLocation: /default-rack, certSerialId: null}b38fff04-681d-43a3-90d0-26fe2e9a9866{ip: 192.168.5.184, host: pr-hdds-2022-qxstf-1422721469, networkLocation: /default-rack, certSerialId: null}, Type:RATIS, Factor:THREE, State:CLOSED]
2019-09-16 16:58:26,399 [org.apache.ratis.server.impl.LogAppender$AppenderDaemon$$Lambda$508/1360433104@60362804] ERROR ratis.XceiverServerRatis (XceiverServerRatis.java:triggerPipelineClose(575)) - pipeline Action CLOSE  on pipeline PipelineID=c355fa8d-9ddd-4ba5-bf86-8bc1d30073b0.Reason : b38fff04-681d-43a3-90d0-26fe2e9a9866 has not seen follower/s 445370a6-3850-4457-9c2c-f37f35928d12 for 175082ms e9d750f6-56b2-4d42-a810-39328f6044b5 for 175083ms
2019-09-16 16:58:26,399 [org.apache.ratis.server.impl.LogAppender$AppenderDaemon$$Lambda$508/1360433104@2cff0823] ERROR ratis.XceiverServerRatis (XceiverServerRatis.java:triggerPipelineClose(575)) - pipeline Action CLOSE  on pipeline PipelineID=c355fa8d-9ddd-4ba5-bf86-8bc1d30073b0.Reason : b38fff04-681d-43a3-90d0-26fe2e9a9866 has not seen follower/s 445370a6-3850-4457-9c2c-f37f35928d12 for 175082ms e9d750f6-56b2-4d42-a810-39328f6044b5 for 175083ms
2019-09-16 16:58:26,885 [EventQueue-PipelineActionsForPipelineActionHandler] ERROR pipeline.PipelineActionHandler (PipelineActionHandler.java:onMessage(60)) - Received pipeline action CLOSE for Pipeline[ Id: c355fa8d-9ddd-4ba5-bf86-8bc1d30073b0, Nodes: 445370a6-3850-4457-9c2c-f37f35928d12{ip: 192.168.5.184, host: pr-hdds-2022-qxstf-1422721469, networkLocation: /default-rack, certSerialId: null}e9d750f6-56b2-4d42-a810-39328f6044b5{ip: 192.168.5.184, host: pr-hdds-2022-qxstf-1422721469, networkLocation: /default-rack, certSerialId: null}b38fff04-681d-43a3-90d0-26fe2e9a9866{ip: 192.168.5.184, host: pr-hdds-2022-qxstf-1422721469, networkLocation: /default-rack, certSerialId: null}, Type:RATIS, Factor:THREE, State:CLOSED] from datanode b38fff04-681d-43a3-90d0-26fe2e9a9866{ip: 192.168.5.184, host: pr-hdds-2022-qxstf-1422721469, networkLocation: /default-rack, certSerialId: null}. Reason : b38fff04-681d-43a3-90d0-26fe2e9a9866 has not seen follower/s 445370a6-3850-4457-9c2c-f37f35928d12 for 175082ms e9d750f6-56b2-4d42-a810-39328f6044b5 for 175083ms
2019-09-16 16:58:26,885 [EventQueue-PipelineActionsForPipelineActionHandler] INFO  pipeline.SCMPipelineManager (SCMPipelineManager.java:finalizeAndDestroyPipeline(311)) - destroying pipeline:Pipeline[ Id: c355fa8d-9ddd-4ba5-bf86-8bc1d30073b0, Nodes: 445370a6-3850-4457-9c2c-f37f35928d12{ip: 192.168.5.184, host: pr-hdds-2022-qxstf-1422721469, networkLocation: /default-rack, certSerialId: null}e9d750f6-56b2-4d42-a810-39328f6044b5{ip: 192.168.5.184, host: pr-hdds-2022-qxstf-1422721469, networkLocation: /default-rack, certSerialId: null}b38fff04-681d-43a3-90d0-26fe2e9a9866{ip: 192.168.5.184, host: pr-hdds-2022-qxstf-1422721469, networkLocation: /default-rack, certSerialId: null}, Type:RATIS, Factor:THREE, State:CLOSED]
2019-09-16 16:58:26,898 [java.util.concurrent.ThreadPoolExecutor$Worker@58806139[State = -1, empty queue]] WARN  server.GrpcLogAppender (GrpcLogAppender.java:timeoutAppendRequest(200)) - b38fff04-681d-43a3-90d0-26fe2e9a9866@group-8BC1D30073B0->e9d750f6-56b2-4d42-a810-39328f6044b5-GrpcLogAppender: appendEntries Timeout, request=b38fff04-681d-43a3-90d0-26fe2e9a9866->e9d750f6-56b2-4d42-a810-39328f6044b5#163-t2, previous=(t:2, i:19), leaderCommit=12, initializing? false, entries: <empty>
2019-09-16 16:58:26,898 [java.util.concurrent.ThreadPoolExecutor$Worker@57a96755[State = -1, empty queue]] WARN  server.GrpcLogAppender (GrpcLogAppender.java:timeoutAppendRequest(200)) - b38fff04-681d-43a3-90d0-26fe2e9a9866@group-8BC1D30073B0->445370a6-3850-4457-9c2c-f37f35928d12-GrpcLogAppender: appendEntries Timeout, request=b38fff04-681d-43a3-90d0-26fe2e9a9866->445370a6-3850-4457-9c2c-f37f35928d12#163-t2, previous=(t:2, i:19), leaderCommit=12, initializing? false, entries: <empty>
2019-09-16 16:58:28,149 [grpc-default-executor-8] INFO  client.GrpcClientProtocolClient (GrpcClientProtocolClient.java:onNext(264)) - client-E281DC600642->e9d750f6-56b2-4d42-a810-39328f6044b5: receive RaftClientReply:client-E281DC600642->e9d750f6-56b2-4d42-a810-39328f6044b5@group-8BC1D30073B0, cid=29, FAILED org.apache.ratis.protocol.NotLeaderException: Server e9d750f6-56b2-4d42-a810-39328f6044b5@group-8BC1D30073B0 is not the leader b38fff04-681d-43a3-90d0-26fe2e9a9866:192.168.5.184:37740, logIndex=0, commits[e9d750f6-56b2-4d42-a810-39328f6044b5:c12, 445370a6-3850-4457-9c2c-f37f35928d12:c10, b38fff04-681d-43a3-90d0-26fe2e9a9866:c12]
2019-09-16 16:58:28,900 [org.apache.ratis.server.impl.LogAppender$AppenderDaemon$$Lambda$508/1360433104@2cff0823] ERROR ratis.XceiverServerRatis (XceiverServerRatis.java:triggerPipelineClose(575)) - pipeline Action CLOSE  on pipeline PipelineID=c355fa8d-9ddd-4ba5-bf86-8bc1d30073b0.Reason : b38fff04-681d-43a3-90d0-26fe2e9a9866 has not seen follower/s 445370a6-3850-4457-9c2c-f37f35928d12 for 177583ms e9d750f6-56b2-4d42-a810-39328f6044b5 for 177583ms
2019-09-16 16:58:28,900 [org.apache.ratis.server.impl.LogAppender$AppenderDaemon$$Lambda$508/1360433104@60362804] ERROR ratis.XceiverServerRatis (XceiverServerRatis.java:triggerPipelineClose(575)) - pipeline Action CLOSE  on pipeline PipelineID=c355fa8d-9ddd-4ba5-bf86-8bc1d30073b0.Reason : b38fff04-681d-43a3-90d0-26fe2e9a9866 has not seen follower/s 445370a6-3850-4457-9c2c-f37f35928d12 for 177583ms e9d750f6-56b2-4d42-a810-39328f6044b5 for 177584ms
2019-09-16 16:58:29,399 [java.util.concurrent.ThreadPoolExecutor$Worker@57a96755[State = -1, empty queue]] WARN  server.GrpcLogAppender (GrpcLogAppender.java:timeoutAppendRequest(200)) - b38fff04-681d-43a3-90d0-26fe2e9a9866@group-8BC1D30073B0->445370a6-3850-4457-9c2c-f37f35928d12-GrpcLogAppender: appendEntries Timeout, request=b38fff04-681d-43a3-90d0-26fe2e9a9866->445370a6-3850-4457-9c2c-f37f35928d12#164-t2, previous=(t:2, i:19), leaderCommit=12, initializing? false, entries: <empty>
2019-09-16 16:58:29,399 [java.util.concurrent.ThreadPoolExecutor$Worker@58806139[State = -1, empty queue]] WARN  server.GrpcLogAppender (GrpcLogAppender.java:timeoutAppendRequest(200)) - b38fff04-681d-43a3-90d0-26fe2e9a9866@group-8BC1D30073B0->e9d750f6-56b2-4d42-a810-39328f6044b5-GrpcLogAppender: appendEntries Timeout, request=b38fff04-681d-43a3-90d0-26fe2e9a9866->e9d750f6-56b2-4d42-a810-39328f6044b5#164-t2, previous=(t:2, i:19), leaderCommit=12, initializing? false, entries: <empty>
2019-09-16 16:58:29,886 [EventQueue-PipelineActionsForPipelineActionHandler] ERROR pipeline.PipelineActionHandler (PipelineActionHandler.java:onMessage(60)) - Received pipeline action CLOSE for Pipeline[ Id: c355fa8d-9ddd-4ba5-bf86-8bc1d30073b0, Nodes: 445370a6-3850-4457-9c2c-f37f35928d12{ip: 192.168.5.184, host: pr-hdds-2022-qxstf-1422721469, networkLocation: /default-rack, certSerialId: null}e9d750f6-56b2-4d42-a810-39328f6044b5{ip: 192.168.5.184, host: pr-hdds-2022-qxstf-1422721469, networkLocation: /default-rack, certSerialId: null}b38fff04-681d-43a3-90d0-26fe2e9a9866{ip: 192.168.5.184, host: pr-hdds-2022-qxstf-1422721469, networkLocation: /default-rack, certSerialId: null}, Type:RATIS, Factor:THREE, State:CLOSED] from datanode b38fff04-681d-43a3-90d0-26fe2e9a9866{ip: 192.168.5.184, host: pr-hdds-2022-qxstf-1422721469, networkLocation: /default-rack, certSerialId: null}. Reason : b38fff04-681d-43a3-90d0-26fe2e9a9866 has not seen follower/s 445370a6-3850-4457-9c2c-f37f35928d12 for 177583ms e9d750f6-56b2-4d42-a810-39328f6044b5 for 177583ms
2019-09-16 16:58:29,886 [EventQueue-PipelineActionsForPipelineActionHandler] INFO  pipeline.SCMPipelineManager (SCMPipelineManager.java:finalizeAndDestroyPipeline(311)) - destroying pipeline:Pipeline[ Id: c355fa8d-9ddd-4ba5-bf86-8bc1d30073b0, Nodes: 445370a6-3850-4457-9c2c-f37f35928d12{ip: 192.168.5.184, host: pr-hdds-2022-qxstf-1422721469, networkLocation: /default-rack, certSerialId: null}e9d750f6-56b2-4d42-a810-39328f6044b5{ip: 192.168.5.184, host: pr-hdds-2022-qxstf-1422721469, networkLocation: /default-rack, certSerialId: null}b38fff04-681d-43a3-90d0-26fe2e9a9866{ip: 192.168.5.184, host: pr-hdds-2022-qxstf-1422721469, networkLocation: /default-rack, certSerialId: null}, Type:RATIS, Factor:THREE, State:CLOSED]
2019-09-16 16:58:31,401 [org.apache.ratis.server.impl.LogAppender$AppenderDaemon$$Lambda$508/1360433104@60362804] ERROR ratis.XceiverServerRatis (XceiverServerRatis.java:triggerPipelineClose(575)) - pipeline Action CLOSE  on pipeline PipelineID=c355fa8d-9ddd-4ba5-bf86-8bc1d30073b0.Reason : b38fff04-681d-43a3-90d0-26fe2e9a9866 has not seen follower/s 445370a6-3850-4457-9c2c-f37f35928d12 for 180084ms e9d750f6-56b2-4d42-a810-39328f6044b5 for 180084ms
2019-09-16 16:58:31,401 [org.apache.ratis.server.impl.LogAppender$AppenderDaemon$$Lambda$508/1360433104@2cff0823] ERROR ratis.XceiverServerRatis (XceiverServerRatis.java:triggerPipelineClose(575)) - pipeline Action CLOSE  on pipeline PipelineID=c355fa8d-9ddd-4ba5-bf86-8bc1d30073b0.Reason : b38fff04-681d-43a3-90d0-26fe2e9a9866 has not seen follower/s 445370a6-3850-4457-9c2c-f37f35928d12 for 180084ms e9d750f6-56b2-4d42-a810-39328f6044b5 for 180084ms
2019-09-16 16:58:31,467 [b38fff04-681d-43a3-90d0-26fe2e9a9866@group-8BC1D30073B0-SegmentedRaftLogWorker] WARN  segmented.SegmentedRaftLogWorker (SegmentedRaftLogWorker.java:getFromFuture(90)) - Timeout 17/~
org.apache.ratis.protocol.TimeoutIOException: Timeout 10s: WriteLog:13: (t:2, i:13), STATEMACHINELOGENTRY, client-E281DC600642, cid=29-writeStateMachineData
	at org.apache.ratis.util.IOUtils.getFromFuture(IOUtils.java:87)
	at org.apache.ratis.server.raftlog.segmented.SegmentedRaftLogWorker$StateMachineDataPolicy.getFromFuture(SegmentedRaftLogWorker.java:87)
	at org.apache.ratis.server.raftlog.segmented.SegmentedRaftLogWorker$WriteLog.execute(SegmentedRaftLogWorker.java:477)
	at org.apache.ratis.server.raftlog.segmented.SegmentedRaftLogWorker.run(SegmentedRaftLogWorker.java:289)
	at java.lang.Thread.run(Thread.java:748)
Caused by: java.util.concurrent.TimeoutException
	at java.util.concurrent.CompletableFuture.timedGet(CompletableFuture.java:1771)
	at java.util.concurrent.CompletableFuture.get(CompletableFuture.java:1915)
	at org.apache.ratis.util.IOUtils.getFromFuture(IOUtils.java:79)
	... 4 more
2019-09-16 16:58:31,493 [e9d750f6-56b2-4d42-a810-39328f6044b5@group-8BC1D30073B0-SegmentedRaftLogWorker] WARN  segmented.SegmentedRaftLogWorker (SegmentedRaftLogWorker.java:getFromFuture(90)) - Timeout 17/~
org.apache.ratis.protocol.TimeoutIOException: Timeout 10s: WriteLog:13: (t:2, i:13), STATEMACHINELOGENTRY, client-E281DC600642, cid=29-writeStateMachineData
	at org.apache.ratis.util.IOUtils.getFromFuture(IOUtils.java:87)
	at org.apache.ratis.server.raftlog.segmented.SegmentedRaftLogWorker$StateMachineDataPolicy.getFromFuture(SegmentedRaftLogWorker.java:87)
	at org.apache.ratis.server.raftlog.segmented.SegmentedRaftLogWorker$WriteLog.execute(SegmentedRaftLogWorker.java:477)
	at org.apache.ratis.server.raftlog.segmented.SegmentedRaftLogWorker.run(SegmentedRaftLogWorker.java:289)
	at java.lang.Thread.run(Thread.java:748)
Caused by: java.util.concurrent.TimeoutException
	at java.util.concurrent.CompletableFuture.timedGet(CompletableFuture.java:1771)
	at java.util.concurrent.CompletableFuture.get(CompletableFuture.java:1915)
	at org.apache.ratis.util.IOUtils.getFromFuture(IOUtils.java:79)
	... 4 more
2019-09-16 16:58:31,662 [445370a6-3850-4457-9c2c-f37f35928d12@group-8BC1D30073B0-SegmentedRaftLogWorker] WARN  segmented.SegmentedRaftLogWorker (SegmentedRaftLogWorker.java:getFromFuture(90)) - Timeout 17/~
org.apache.ratis.protocol.TimeoutIOException: Timeout 10s: WriteLog:14: (t:2, i:14), STATEMACHINELOGENTRY, client-E281DC600642, cid=30-writeStateMachineData
	at org.apache.ratis.util.IOUtils.getFromFuture(IOUtils.java:87)
	at org.apache.ratis.server.raftlog.segmented.SegmentedRaftLogWorker$StateMachineDataPolicy.getFromFuture(SegmentedRaftLogWorker.java:87)
	at org.apache.ratis.server.raftlog.segmented.SegmentedRaftLogWorker$WriteLog.execute(SegmentedRaftLogWorker.java:477)
	at org.apache.ratis.server.raftlog.segmented.SegmentedRaftLogWorker.run(SegmentedRaftLogWorker.java:289)
	at java.lang.Thread.run(Thread.java:748)
Caused by: java.util.concurrent.TimeoutException
	at java.util.concurrent.CompletableFuture.timedGet(CompletableFuture.java:1771)
	at java.util.concurrent.CompletableFuture.get(CompletableFuture.java:1915)
	at org.apache.ratis.util.IOUtils.getFromFuture(IOUtils.java:79)
	... 4 more
2019-09-16 16:58:31,885 [EventQueue-PipelineActionsForPipelineActionHandler] ERROR pipeline.PipelineActionHandler (PipelineActionHandler.java:onMessage(60)) - Received pipeline action CLOSE for Pipeline[ Id: c355fa8d-9ddd-4ba5-bf86-8bc1d30073b0, Nodes: 445370a6-3850-4457-9c2c-f37f35928d12{ip: 192.168.5.184, host: pr-hdds-2022-qxstf-1422721469, networkLocation: /default-rack, certSerialId: null}e9d750f6-56b2-4d42-a810-39328f6044b5{ip: 192.168.5.184, host: pr-hdds-2022-qxstf-1422721469, networkLocation: /default-rack, certSerialId: null}b38fff04-681d-43a3-90d0-26fe2e9a9866{ip: 192.168.5.184, host: pr-hdds-2022-qxstf-1422721469, networkLocation: /default-rack, certSerialId: null}, Type:RATIS, Factor:THREE, State:CLOSED] from datanode b38fff04-681d-43a3-90d0-26fe2e9a9866{ip: 192.168.5.184, host: pr-hdds-2022-qxstf-1422721469, networkLocation: /default-rack, certSerialId: null}. Reason : b38fff04-681d-43a3-90d0-26fe2e9a9866 has not seen follower/s 445370a6-3850-4457-9c2c-f37f35928d12 for 180084ms e9d750f6-56b2-4d42-a810-39328f6044b5 for 180084ms
2019-09-16 16:58:31,885 [EventQueue-PipelineActionsForPipelineActionHandler] INFO  pipeline.SCMPipelineManager (SCMPipelineManager.java:finalizeAndDestroyPipeline(311)) - destroying pipeline:Pipeline[ Id: c355fa8d-9ddd-4ba5-bf86-8bc1d30073b0, Nodes: 445370a6-3850-4457-9c2c-f37f35928d12{ip: 192.168.5.184, host: pr-hdds-2022-qxstf-1422721469, networkLocation: /default-rack, certSerialId: null}e9d750f6-56b2-4d42-a810-39328f6044b5{ip: 192.168.5.184, host: pr-hdds-2022-qxstf-1422721469, networkLocation: /default-rack, certSerialId: null}b38fff04-681d-43a3-90d0-26fe2e9a9866{ip: 192.168.5.184, host: pr-hdds-2022-qxstf-1422721469, networkLocation: /default-rack, certSerialId: null}, Type:RATIS, Factor:THREE, State:CLOSED]
2019-09-16 16:58:31,900 [java.util.concurrent.ThreadPoolExecutor$Worker@57a96755[State = -1, empty queue]] WARN  server.GrpcLogAppender (GrpcLogAppender.java:timeoutAppendRequest(200)) - b38fff04-681d-43a3-90d0-26fe2e9a9866@group-8BC1D30073B0->445370a6-3850-4457-9c2c-f37f35928d12-GrpcLogAppender: appendEntries Timeout, request=b38fff04-681d-43a3-90d0-26fe2e9a9866->445370a6-3850-4457-9c2c-f37f35928d12#165-t2, previous=(t:2, i:19), leaderCommit=12, initializing? false, entries: <empty>
2019-09-16 16:58:31,900 [java.util.concurrent.ThreadPoolExecutor$Worker@58806139[State = -1, empty queue]] WARN  server.GrpcLogAppender (GrpcLogAppender.java:timeoutAppendRequest(200)) - b38fff04-681d-43a3-90d0-26fe2e9a9866@group-8BC1D30073B0->e9d750f6-56b2-4d42-a810-39328f6044b5-GrpcLogAppender: appendEntries Timeout, request=b38fff04-681d-43a3-90d0-26fe2e9a9866->e9d750f6-56b2-4d42-a810-39328f6044b5#165-t2, previous=(t:2, i:19), leaderCommit=12, initializing? false, entries: <empty>
2019-09-16 16:58:33,186 [grpc-default-executor-8] INFO  client.GrpcClientProtocolClient (GrpcClientProtocolClient.java:onNext(264)) - client-E281DC600642->445370a6-3850-4457-9c2c-f37f35928d12: receive RaftClientReply:client-E281DC600642->445370a6-3850-4457-9c2c-f37f35928d12@group-8BC1D30073B0, cid=29, FAILED org.apache.ratis.protocol.NotLeaderException: Server 445370a6-3850-4457-9c2c-f37f35928d12@group-8BC1D30073B0 is not the leader b38fff04-681d-43a3-90d0-26fe2e9a9866:192.168.5.184:37740, logIndex=0, commits[445370a6-3850-4457-9c2c-f37f35928d12:c12, b38fff04-681d-43a3-90d0-26fe2e9a9866:c12, e9d750f6-56b2-4d42-a810-39328f6044b5:c10]
2019-09-16 16:58:33,901 [org.apache.ratis.server.impl.LogAppender$AppenderDaemon$$Lambda$508/1360433104@60362804] ERROR ratis.XceiverServerRatis (XceiverServerRatis.java:triggerPipelineClose(575)) - pipeline Action CLOSE  on pipeline PipelineID=c355fa8d-9ddd-4ba5-bf86-8bc1d30073b0.Reason : b38fff04-681d-43a3-90d0-26fe2e9a9866 has not seen follower/s 445370a6-3850-4457-9c2c-f37f35928d12 for 182584ms e9d750f6-56b2-4d42-a810-39328f6044b5 for 182585ms
2019-09-16 16:58:33,901 [org.apache.ratis.server.impl.LogAppender$AppenderDaemon$$Lambda$508/1360433104@2cff0823] ERROR ratis.XceiverServerRatis (XceiverServerRatis.java:triggerPipelineClose(575)) - pipeline Action CLOSE  on pipeline PipelineID=c355fa8d-9ddd-4ba5-bf86-8bc1d30073b0.Reason : b38fff04-681d-43a3-90d0-26fe2e9a9866 has not seen follower/s 445370a6-3850-4457-9c2c-f37f35928d12 for 182585ms e9d750f6-56b2-4d42-a810-39328f6044b5 for 182585ms
2019-09-16 16:58:34,400 [java.util.concurrent.ThreadPoolExecutor$Worker@57a96755[State = -1, empty queue]] WARN  server.GrpcLogAppender (GrpcLogAppender.java:timeoutAppendRequest(200)) - b38fff04-681d-43a3-90d0-26fe2e9a9866@group-8BC1D30073B0->445370a6-3850-4457-9c2c-f37f35928d12-GrpcLogAppender: appendEntries Timeout, request=b38fff04-681d-43a3-90d0-26fe2e9a9866->445370a6-3850-4457-9c2c-f37f35928d12#166-t2, previous=(t:2, i:19), leaderCommit=12, initializing? false, entries: <empty>
2019-09-16 16:58:34,401 [java.util.concurrent.ThreadPoolExecutor$Worker@58806139[State = -1, empty queue]] WARN  server.GrpcLogAppender (GrpcLogAppender.java:timeoutAppendRequest(200)) - b38fff04-681d-43a3-90d0-26fe2e9a9866@group-8BC1D30073B0->e9d750f6-56b2-4d42-a810-39328f6044b5-GrpcLogAppender: appendEntries Timeout, request=b38fff04-681d-43a3-90d0-26fe2e9a9866->e9d750f6-56b2-4d42-a810-39328f6044b5#166-t2, previous=(t:2, i:19), leaderCommit=12, initializing? false, entries: <empty>
2019-09-16 16:58:34,885 [EventQueue-PipelineActionsForPipelineActionHandler] ERROR pipeline.PipelineActionHandler (PipelineActionHandler.java:onMessage(60)) - Received pipeline action CLOSE for Pipeline[ Id: c355fa8d-9ddd-4ba5-bf86-8bc1d30073b0, Nodes: 445370a6-3850-4457-9c2c-f37f35928d12{ip: 192.168.5.184, host: pr-hdds-2022-qxstf-1422721469, networkLocation: /default-rack, certSerialId: null}e9d750f6-56b2-4d42-a810-39328f6044b5{ip: 192.168.5.184, host: pr-hdds-2022-qxstf-1422721469, networkLocation: /default-rack, certSerialId: null}b38fff04-681d-43a3-90d0-26fe2e9a9866{ip: 192.168.5.184, host: pr-hdds-2022-qxstf-1422721469, networkLocation: /default-rack, certSerialId: null}, Type:RATIS, Factor:THREE, State:CLOSED] from datanode b38fff04-681d-43a3-90d0-26fe2e9a9866{ip: 192.168.5.184, host: pr-hdds-2022-qxstf-1422721469, networkLocation: /default-rack, certSerialId: null}. Reason : b38fff04-681d-43a3-90d0-26fe2e9a9866 has not seen follower/s 445370a6-3850-4457-9c2c-f37f35928d12 for 182584ms e9d750f6-56b2-4d42-a810-39328f6044b5 for 182585ms
2019-09-16 16:58:34,886 [EventQueue-PipelineActionsForPipelineActionHandler] INFO  pipeline.SCMPipelineManager (SCMPipelineManager.java:finalizeAndDestroyPipeline(311)) - destroying pipeline:Pipeline[ Id: c355fa8d-9ddd-4ba5-bf86-8bc1d30073b0, Nodes: 445370a6-3850-4457-9c2c-f37f35928d12{ip: 192.168.5.184, host: pr-hdds-2022-qxstf-1422721469, networkLocation: /default-rack, certSerialId: null}e9d750f6-56b2-4d42-a810-39328f6044b5{ip: 192.168.5.184, host: pr-hdds-2022-qxstf-1422721469, networkLocation: /default-rack, certSerialId: null}b38fff04-681d-43a3-90d0-26fe2e9a9866{ip: 192.168.5.184, host: pr-hdds-2022-qxstf-1422721469, networkLocation: /default-rack, certSerialId: null}, Type:RATIS, Factor:THREE, State:CLOSED]
2019-09-16 16:58:36,403 [org.apache.ratis.server.impl.LogAppender$AppenderDaemon$$Lambda$508/1360433104@2cff0823] ERROR ratis.XceiverServerRatis (XceiverServerRatis.java:triggerPipelineClose(575)) - pipeline Action CLOSE  on pipeline PipelineID=c355fa8d-9ddd-4ba5-bf86-8bc1d30073b0.Reason : b38fff04-681d-43a3-90d0-26fe2e9a9866 has not seen follower/s 445370a6-3850-4457-9c2c-f37f35928d12 for 185086ms e9d750f6-56b2-4d42-a810-39328f6044b5 for 185087ms
2019-09-16 16:58:36,403 [org.apache.ratis.server.impl.LogAppender$AppenderDaemon$$Lambda$508/1360433104@60362804] ERROR ratis.XceiverServerRatis (XceiverServerRatis.java:triggerPipelineClose(575)) - pipeline Action CLOSE  on pipeline PipelineID=c355fa8d-9ddd-4ba5-bf86-8bc1d30073b0.Reason : b38fff04-681d-43a3-90d0-26fe2e9a9866 has not seen follower/s 445370a6-3850-4457-9c2c-f37f35928d12 for 185086ms e9d750f6-56b2-4d42-a810-39328f6044b5 for 185087ms
2019-09-16 16:58:36,886 [EventQueue-PipelineActionsForPipelineActionHandler] ERROR pipeline.PipelineActionHandler (PipelineActionHandler.java:onMessage(60)) - Received pipeline action CLOSE for Pipeline[ Id: c355fa8d-9ddd-4ba5-bf86-8bc1d30073b0, Nodes: 445370a6-3850-4457-9c2c-f37f35928d12{ip: 192.168.5.184, host: pr-hdds-2022-qxstf-1422721469, networkLocation: /default-rack, certSerialId: null}e9d750f6-56b2-4d42-a810-39328f6044b5{ip: 192.168.5.184, host: pr-hdds-2022-qxstf-1422721469, networkLocation: /default-rack, certSerialId: null}b38fff04-681d-43a3-90d0-26fe2e9a9866{ip: 192.168.5.184, host: pr-hdds-2022-qxstf-1422721469, networkLocation: /default-rack, certSerialId: null}, Type:RATIS, Factor:THREE, State:CLOSED] from datanode b38fff04-681d-43a3-90d0-26fe2e9a9866{ip: 192.168.5.184, host: pr-hdds-2022-qxstf-1422721469, networkLocation: /default-rack, certSerialId: null}. Reason : b38fff04-681d-43a3-90d0-26fe2e9a9866 has not seen follower/s 445370a6-3850-4457-9c2c-f37f35928d12 for 185086ms e9d750f6-56b2-4d42-a810-39328f6044b5 for 185087ms
2019-09-16 16:58:36,886 [EventQueue-PipelineActionsForPipelineActionHandler] INFO  pipeline.SCMPipelineManager (SCMPipelineManager.java:finalizeAndDestroyPipeline(311)) - destroying pipeline:Pipeline[ Id: c355fa8d-9ddd-4ba5-bf86-8bc1d30073b0, Nodes: 445370a6-3850-4457-9c2c-f37f35928d12{ip: 192.168.5.184, host: pr-hdds-2022-qxstf-1422721469, networkLocation: /default-rack, certSerialId: null}e9d750f6-56b2-4d42-a810-39328f6044b5{ip: 192.168.5.184, host: pr-hdds-2022-qxstf-1422721469, networkLocation: /default-rack, certSerialId: null}b38fff04-681d-43a3-90d0-26fe2e9a9866{ip: 192.168.5.184, host: pr-hdds-2022-qxstf-1422721469, networkLocation: /default-rack, certSerialId: null}, Type:RATIS, Factor:THREE, State:CLOSED]
2019-09-16 16:58:36,901 [java.util.concurrent.ThreadPoolExecutor$Worker@58806139[State = -1, empty queue]] WARN  server.GrpcLogAppender (GrpcLogAppender.java:timeoutAppendRequest(200)) - b38fff04-681d-43a3-90d0-26fe2e9a9866@group-8BC1D30073B0->e9d750f6-56b2-4d42-a810-39328f6044b5-GrpcLogAppender: appendEntries Timeout, request=b38fff04-681d-43a3-90d0-26fe2e9a9866->e9d750f6-56b2-4d42-a810-39328f6044b5#167-t2, previous=(t:2, i:19), leaderCommit=12, initializing? false, entries: <empty>
2019-09-16 16:58:36,901 [java.util.concurrent.ThreadPoolExecutor$Worker@57a96755[State = -1, empty queue]] WARN  server.GrpcLogAppender (GrpcLogAppender.java:timeoutAppendRequest(200)) - b38fff04-681d-43a3-90d0-26fe2e9a9866@group-8BC1D30073B0->445370a6-3850-4457-9c2c-f37f35928d12-GrpcLogAppender: appendEntries Timeout, request=b38fff04-681d-43a3-90d0-26fe2e9a9866->445370a6-3850-4457-9c2c-f37f35928d12#167-t2, previous=(t:2, i:19), leaderCommit=12, initializing? false, entries: <empty>
2019-09-16 16:58:37,621 [grpc-default-executor-8] INFO  impl.RaftServerProxy (RaftServerProxy.java:remove(95)) - 445370a6-3850-4457-9c2c-f37f35928d12: remove  FOLLOWER 445370a6-3850-4457-9c2c-f37f35928d12@group-8BC1D30073B0:t2, leader=b38fff04-681d-43a3-90d0-26fe2e9a9866, voted=b38fff04-681d-43a3-90d0-26fe2e9a9866, raftlog=445370a6-3850-4457-9c2c-f37f35928d12@group-8BC1D30073B0-SegmentedRaftLog:OPENED:c12,f12,i19, conf=0: [445370a6-3850-4457-9c2c-f37f35928d12:192.168.5.184:40437, b38fff04-681d-43a3-90d0-26fe2e9a9866:192.168.5.184:37740, e9d750f6-56b2-4d42-a810-39328f6044b5:192.168.5.184:42227], old=null RUNNING
2019-09-16 16:58:37,622 [grpc-default-executor-8] INFO  impl.RaftServerImpl (RaftServerImpl.java:lambda$shutdown$3(251)) - 445370a6-3850-4457-9c2c-f37f35928d12@group-8BC1D30073B0: shutdown
2019-09-16 16:58:37,623 [grpc-default-executor-8] INFO  util.JmxRegister (JmxRegister.java:unregister(73)) - Successfully un-registered JMX Bean with object name Ratis:service=RaftServer,group=group-8BC1D30073B0,id=445370a6-3850-4457-9c2c-f37f35928d12
2019-09-16 16:58:37,623 [grpc-default-executor-8] INFO  impl.RoleInfo (RoleInfo.java:shutdownFollowerState(121)) - 445370a6-3850-4457-9c2c-f37f35928d12: shutdown FollowerState
2019-09-16 16:58:37,623 [grpc-default-executor-8] INFO  impl.StateMachineUpdater (StateMachineUpdater.java:stopAndJoin(125)) - 445370a6-3850-4457-9c2c-f37f35928d12@group-8BC1D30073B0-StateMachineUpdater: set stopIndex = 12
2019-09-16 16:58:37,623 [Thread-347] INFO  impl.FollowerState (FollowerState.java:run(115)) - 445370a6-3850-4457-9c2c-f37f35928d12: FollowerState was interrupted: java.lang.InterruptedException: sleep interrupted
2019-09-16 16:58:37,623 [445370a6-3850-4457-9c2c-f37f35928d12@group-8BC1D30073B0-StateMachineUpdater] INFO  ratis.ContainerStateMachine (ContainerStateMachine.java:takeSnapshot(289)) - group-8BC1D30073B0: Taking a snapshot at:(t:2, i:10) file /workdir/hadoop-ozone/integration-test/target/test-dir/MiniOzoneClusterImpl-b381268c-58bb-44dd-9423-5f17a34efe38/datanode-6/data/ratis/c355fa8d-9ddd-4ba5-bf86-8bc1d30073b0/sm/snapshot.2_10
2019-09-16 16:58:37,666 [445370a6-3850-4457-9c2c-f37f35928d12@group-8BC1D30073B0-StateMachineUpdater] INFO  ratis.ContainerStateMachine (ContainerStateMachine.java:takeSnapshot(300)) - group-8BC1D30073B0: Finished taking a snapshot at:(t:2, i:10) file:/workdir/hadoop-ozone/integration-test/target/test-dir/MiniOzoneClusterImpl-b381268c-58bb-44dd-9423-5f17a34efe38/datanode-6/data/ratis/c355fa8d-9ddd-4ba5-bf86-8bc1d30073b0/sm/snapshot.2_10 time:43
2019-09-16 16:58:37,667 [445370a6-3850-4457-9c2c-f37f35928d12@group-8BC1D30073B0-StateMachineUpdater] INFO  impl.StateMachineUpdater (StateMachineUpdater.java:takeSnapshot(258)) - 445370a6-3850-4457-9c2c-f37f35928d12@group-8BC1D30073B0-StateMachineUpdater: Took a snapshot at index 10
2019-09-16 16:58:37,667 [445370a6-3850-4457-9c2c-f37f35928d12@group-8BC1D30073B0-StateMachineUpdater] INFO  impl.StateMachineUpdater (StateMachineUpdater.java:lambda$new$0(83)) - 445370a6-3850-4457-9c2c-f37f35928d12@group-8BC1D30073B0-StateMachineUpdater: snapshotIndex: updateIncreasingly -1 -> 10
2019-09-16 16:58:37,667 [445370a6-3850-4457-9c2c-f37f35928d12@group-8BC1D30073B0-StateMachineUpdater] INFO  ratis.ContainerStateMachine (ContainerStateMachine.java:takeSnapshot(289)) - group-8BC1D30073B0: Taking a snapshot at:(t:2, i:10) file /workdir/hadoop-ozone/integration-test/target/test-dir/MiniOzoneClusterImpl-b381268c-58bb-44dd-9423-5f17a34efe38/datanode-6/data/ratis/c355fa8d-9ddd-4ba5-bf86-8bc1d30073b0/sm/snapshot.2_10
2019-09-16 16:58:37,683 [445370a6-3850-4457-9c2c-f37f35928d12@group-8BC1D30073B0-StateMachineUpdater] INFO  ratis.ContainerStateMachine (ContainerStateMachine.java:takeSnapshot(300)) - group-8BC1D30073B0: Finished taking a snapshot at:(t:2, i:10) file:/workdir/hadoop-ozone/integration-test/target/test-dir/MiniOzoneClusterImpl-b381268c-58bb-44dd-9423-5f17a34efe38/datanode-6/data/ratis/c355fa8d-9ddd-4ba5-bf86-8bc1d30073b0/sm/snapshot.2_10 time:15
2019-09-16 16:58:37,683 [445370a6-3850-4457-9c2c-f37f35928d12@group-8BC1D30073B0-StateMachineUpdater] INFO  impl.StateMachineUpdater (StateMachineUpdater.java:takeSnapshot(258)) - 445370a6-3850-4457-9c2c-f37f35928d12@group-8BC1D30073B0-StateMachineUpdater: Took a snapshot at index 10
2019-09-16 16:58:37,683 [445370a6-3850-4457-9c2c-f37f35928d12@group-8BC1D30073B0-StateMachineUpdater] INFO  impl.StateMachineUpdater (StateMachineUpdater.java:lambda$new$0(83)) - 445370a6-3850-4457-9c2c-f37f35928d12@group-8BC1D30073B0-StateMachineUpdater: snapshotIndex: updateIncreasingly 10 -> 10
2019-09-16 16:58:37,684 [grpc-default-executor-8] INFO  impl.RaftServerImpl (ServerState.java:close(385)) - 445370a6-3850-4457-9c2c-f37f35928d12@group-8BC1D30073B0: closes. applyIndex: 12
2019-09-16 16:58:37,692 [445370a6-3850-4457-9c2c-f37f35928d12@group-8BC1D30073B0-SegmentedRaftLogWorker] ERROR ratis.XceiverServerRatis (XceiverServerRatis.java:triggerPipelineClose(575)) - pipeline Action CLOSE  on pipeline PipelineID=c355fa8d-9ddd-4ba5-bf86-8bc1d30073b0.Reason : WriteLog:14: (t:2, i:14), STATEMACHINELOGENTRY, client-E281DC600642, cid=30-writeStateMachineData interrupted.
2019-09-16 16:58:37,696 [EventQueue-PipelineActionsForPipelineActionHandler] ERROR pipeline.PipelineActionHandler (PipelineActionHandler.java:onMessage(60)) - Received pipeline action CLOSE for Pipeline[ Id: c355fa8d-9ddd-4ba5-bf86-8bc1d30073b0, Nodes: 445370a6-3850-4457-9c2c-f37f35928d12{ip: 192.168.5.184, host: pr-hdds-2022-qxstf-1422721469, networkLocation: /default-rack, certSerialId: null}e9d750f6-56b2-4d42-a810-39328f6044b5{ip: 192.168.5.184, host: pr-hdds-2022-qxstf-1422721469, networkLocation: /default-rack, certSerialId: null}b38fff04-681d-43a3-90d0-26fe2e9a9866{ip: 192.168.5.184, host: pr-hdds-2022-qxstf-1422721469, networkLocation: /default-rack, certSerialId: null}, Type:RATIS, Factor:THREE, State:CLOSED] from datanode 445370a6-3850-4457-9c2c-f37f35928d12{ip: 192.168.5.184, host: pr-hdds-2022-qxstf-1422721469, networkLocation: /default-rack, certSerialId: null}. Reason : WriteLog:14: (t:2, i:14), STATEMACHINELOGENTRY, client-E281DC600642, cid=30-writeStateMachineData interrupted.
2019-09-16 16:58:37,696 [EventQueue-PipelineActionsForPipelineActionHandler] INFO  pipeline.SCMPipelineManager (SCMPipelineManager.java:finalizeAndDestroyPipeline(311)) - destroying pipeline:Pipeline[ Id: c355fa8d-9ddd-4ba5-bf86-8bc1d30073b0, Nodes: 445370a6-3850-4457-9c2c-f37f35928d12{ip: 192.168.5.184, host: pr-hdds-2022-qxstf-1422721469, networkLocation: /default-rack, certSerialId: null}e9d750f6-56b2-4d42-a810-39328f6044b5{ip: 192.168.5.184, host: pr-hdds-2022-qxstf-1422721469, networkLocation: /default-rack, certSerialId: null}b38fff04-681d-43a3-90d0-26fe2e9a9866{ip: 192.168.5.184, host: pr-hdds-2022-qxstf-1422721469, networkLocation: /default-rack, certSerialId: null}, Type:RATIS, Factor:THREE, State:CLOSED]
2019-09-16 16:58:37,712 [grpc-default-executor-8] INFO  segmented.SegmentedRaftLogWorker (SegmentedRaftLogWorker.java:close(228)) - 445370a6-3850-4457-9c2c-f37f35928d12@group-8BC1D30073B0-SegmentedRaftLogWorker close()
2019-09-16 16:58:37,733 [grpc-default-executor-8] INFO  interfaces.Container (KeyValueContainer.java:flushAndSyncDB(386)) - Container 1 is synced with bcsId 4.
2019-09-16 16:58:37,734 [grpc-default-executor-8] INFO  interfaces.Container (KeyValueContainer.java:flushAndSyncDB(386)) - Container 1 is synced with bcsId 4.
2019-09-16 16:58:37,752 [EventQueue-IncrementalContainerReportForIncrementalContainerReportHandler] INFO  container.IncrementalContainerReportHandler (AbstractContainerReportHandler.java:updateContainerState(169)) - Moving container #1 to QUASI_CLOSED state, datanode 445370a6-3850-4457-9c2c-f37f35928d12{ip: 192.168.5.184, host: pr-hdds-2022-qxstf-1422721469, networkLocation: /default-rack, certSerialId: null} reported QUASI_CLOSED replica.
2019-09-16 16:58:37,767 [grpc-default-executor-8] INFO  interfaces.Container (KeyValueContainer.java:flushAndSyncDB(386)) - Container 4 is synced with bcsId 10.
2019-09-16 16:58:37,767 [grpc-default-executor-8] INFO  interfaces.Container (KeyValueContainer.java:flushAndSyncDB(386)) - Container 4 is synced with bcsId 10.
2019-09-16 16:58:37,794 [EventQueue-IncrementalContainerReportForIncrementalContainerReportHandler] INFO  container.IncrementalContainerReportHandler (AbstractContainerReportHandler.java:updateContainerState(169)) - Moving container #4 to QUASI_CLOSED state, datanode 445370a6-3850-4457-9c2c-f37f35928d12{ip: 192.168.5.184, host: pr-hdds-2022-qxstf-1422721469, networkLocation: /default-rack, certSerialId: null} reported QUASI_CLOSED replica.
2019-09-16 16:58:37,889 [grpc-default-executor-8] INFO  interfaces.Container (KeyValueContainer.java:flushAndSyncDB(386)) - Container 5 is synced with bcsId 0.
2019-09-16 16:58:37,890 [grpc-default-executor-8] INFO  interfaces.Container (KeyValueContainer.java:flushAndSyncDB(386)) - Container 5 is synced with bcsId 0.
2019-09-16 16:58:37,908 [EventQueue-IncrementalContainerReportForIncrementalContainerReportHandler] INFO  container.IncrementalContainerReportHandler (AbstractContainerReportHandler.java:updateContainerState(169)) - Moving container #5 to QUASI_CLOSED state, datanode 445370a6-3850-4457-9c2c-f37f35928d12{ip: 192.168.5.184, host: pr-hdds-2022-qxstf-1422721469, networkLocation: /default-rack, certSerialId: null} reported QUASI_CLOSED replica.
2019-09-16 16:58:37,912 [grpc-default-executor-8] INFO  impl.RaftServerProxy (RaftServerProxy.java:remove(95)) - e9d750f6-56b2-4d42-a810-39328f6044b5: remove  FOLLOWER e9d750f6-56b2-4d42-a810-39328f6044b5@group-8BC1D30073B0:t2, leader=b38fff04-681d-43a3-90d0-26fe2e9a9866, voted=b38fff04-681d-43a3-90d0-26fe2e9a9866, raftlog=e9d750f6-56b2-4d42-a810-39328f6044b5@group-8BC1D30073B0-SegmentedRaftLog:OPENED:c12,f12,i19, conf=0: [445370a6-3850-4457-9c2c-f37f35928d12:192.168.5.184:40437, b38fff04-681d-43a3-90d0-26fe2e9a9866:192.168.5.184:37740, e9d750f6-56b2-4d42-a810-39328f6044b5:192.168.5.184:42227], old=null RUNNING
2019-09-16 16:58:37,912 [grpc-default-executor-8] INFO  impl.RaftServerImpl (RaftServerImpl.java:lambda$shutdown$3(251)) - e9d750f6-56b2-4d42-a810-39328f6044b5@group-8BC1D30073B0: shutdown
2019-09-16 16:58:37,913 [grpc-default-executor-8] INFO  util.JmxRegister (JmxRegister.java:unregister(73)) - Successfully un-registered JMX Bean with object name Ratis:service=RaftServer,group=group-8BC1D30073B0,id=e9d750f6-56b2-4d42-a810-39328f6044b5
2019-09-16 16:58:37,913 [grpc-default-executor-8] INFO  impl.RoleInfo (RoleInfo.java:shutdownFollowerState(121)) - e9d750f6-56b2-4d42-a810-39328f6044b5: shutdown FollowerState
2019-09-16 16:58:37,913 [grpc-default-executor-8] INFO  impl.StateMachineUpdater (StateMachineUpdater.java:stopAndJoin(125)) - e9d750f6-56b2-4d42-a810-39328f6044b5@group-8BC1D30073B0-StateMachineUpdater: set stopIndex = 12
2019-09-16 16:58:37,913 [e9d750f6-56b2-4d42-a810-39328f6044b5@group-8BC1D30073B0-StateMachineUpdater] INFO  ratis.ContainerStateMachine (ContainerStateMachine.java:takeSnapshot(289)) - group-8BC1D30073B0: Taking a snapshot at:(t:2, i:10) file /workdir/hadoop-ozone/integration-test/target/test-dir/MiniOzoneClusterImpl-b381268c-58bb-44dd-9423-5f17a34efe38/datanode-1/data/ratis/c355fa8d-9ddd-4ba5-bf86-8bc1d30073b0/sm/snapshot.2_10
2019-09-16 16:58:37,913 [Thread-346] INFO  impl.FollowerState (FollowerState.java:run(115)) - e9d750f6-56b2-4d42-a810-39328f6044b5: FollowerState was interrupted: java.lang.InterruptedException: sleep interrupted
2019-09-16 16:58:37,930 [e9d750f6-56b2-4d42-a810-39328f6044b5@group-8BC1D30073B0-StateMachineUpdater] INFO  ratis.ContainerStateMachine (ContainerStateMachine.java:takeSnapshot(300)) - group-8BC1D30073B0: Finished taking a snapshot at:(t:2, i:10) file:/workdir/hadoop-ozone/integration-test/target/test-dir/MiniOzoneClusterImpl-b381268c-58bb-44dd-9423-5f17a34efe38/datanode-1/data/ratis/c355fa8d-9ddd-4ba5-bf86-8bc1d30073b0/sm/snapshot.2_10 time:17
2019-09-16 16:58:37,930 [e9d750f6-56b2-4d42-a810-39328f6044b5@group-8BC1D30073B0-StateMachineUpdater] INFO  impl.StateMachineUpdater (StateMachineUpdater.java:takeSnapshot(258)) - e9d750f6-56b2-4d42-a810-39328f6044b5@group-8BC1D30073B0-StateMachineUpdater: Took a snapshot at index 10
2019-09-16 16:58:37,930 [e9d750f6-56b2-4d42-a810-39328f6044b5@group-8BC1D30073B0-StateMachineUpdater] INFO  impl.StateMachineUpdater (StateMachineUpdater.java:lambda$new$0(83)) - e9d750f6-56b2-4d42-a810-39328f6044b5@group-8BC1D30073B0-StateMachineUpdater: snapshotIndex: updateIncreasingly -1 -> 10
2019-09-16 16:58:37,931 [e9d750f6-56b2-4d42-a810-39328f6044b5@group-8BC1D30073B0-StateMachineUpdater] INFO  ratis.ContainerStateMachine (ContainerStateMachine.java:takeSnapshot(289)) - group-8BC1D30073B0: Taking a snapshot at:(t:2, i:10) file /workdir/hadoop-ozone/integration-test/target/test-dir/MiniOzoneClusterImpl-b381268c-58bb-44dd-9423-5f17a34efe38/datanode-1/data/ratis/c355fa8d-9ddd-4ba5-bf86-8bc1d30073b0/sm/snapshot.2_10
2019-09-16 16:58:37,963 [e9d750f6-56b2-4d42-a810-39328f6044b5@group-8BC1D30073B0-StateMachineUpdater] INFO  ratis.ContainerStateMachine (ContainerStateMachine.java:takeSnapshot(300)) - group-8BC1D30073B0: Finished taking a snapshot at:(t:2, i:10) file:/workdir/hadoop-ozone/integration-test/target/test-dir/MiniOzoneClusterImpl-b381268c-58bb-44dd-9423-5f17a34efe38/datanode-1/data/ratis/c355fa8d-9ddd-4ba5-bf86-8bc1d30073b0/sm/snapshot.2_10 time:33
2019-09-16 16:58:37,963 [e9d750f6-56b2-4d42-a810-39328f6044b5@group-8BC1D30073B0-StateMachineUpdater] INFO  impl.StateMachineUpdater (StateMachineUpdater.java:takeSnapshot(258)) - e9d750f6-56b2-4d42-a810-39328f6044b5@group-8BC1D30073B0-StateMachineUpdater: Took a snapshot at index 10
2019-09-16 16:58:37,963 [e9d750f6-56b2-4d42-a810-39328f6044b5@group-8BC1D30073B0-StateMachineUpdater] INFO  impl.StateMachineUpdater (StateMachineUpdater.java:lambda$new$0(83)) - e9d750f6-56b2-4d42-a810-39328f6044b5@group-8BC1D30073B0-StateMachineUpdater: snapshotIndex: updateIncreasingly 10 -> 10
2019-09-16 16:58:37,963 [grpc-default-executor-8] INFO  impl.RaftServerImpl (ServerState.java:close(385)) - e9d750f6-56b2-4d42-a810-39328f6044b5@group-8BC1D30073B0: closes. applyIndex: 12
2019-09-16 16:58:37,966 [e9d750f6-56b2-4d42-a810-39328f6044b5@group-8BC1D30073B0-SegmentedRaftLogWorker] ERROR ratis.XceiverServerRatis (XceiverServerRatis.java:triggerPipelineClose(575)) - pipeline Action CLOSE  on pipeline PipelineID=c355fa8d-9ddd-4ba5-bf86-8bc1d30073b0.Reason : WriteLog:13: (t:2, i:13), STATEMACHINELOGENTRY, client-E281DC600642, cid=29-writeStateMachineData interrupted.
2019-09-16 16:58:37,969 [grpc-default-executor-8] INFO  segmented.SegmentedRaftLogWorker (SegmentedRaftLogWorker.java:close(228)) - e9d750f6-56b2-4d42-a810-39328f6044b5@group-8BC1D30073B0-SegmentedRaftLogWorker close()
2019-09-16 16:58:37,971 [EventQueue-PipelineActionsForPipelineActionHandler] ERROR pipeline.PipelineActionHandler (PipelineActionHandler.java:onMessage(60)) - Received pipeline action CLOSE for Pipeline[ Id: c355fa8d-9ddd-4ba5-bf86-8bc1d30073b0, Nodes: 445370a6-3850-4457-9c2c-f37f35928d12{ip: 192.168.5.184, host: pr-hdds-2022-qxstf-1422721469, networkLocation: /default-rack, certSerialId: null}e9d750f6-56b2-4d42-a810-39328f6044b5{ip: 192.168.5.184, host: pr-hdds-2022-qxstf-1422721469, networkLocation: /default-rack, certSerialId: null}b38fff04-681d-43a3-90d0-26fe2e9a9866{ip: 192.168.5.184, host: pr-hdds-2022-qxstf-1422721469, networkLocation: /default-rack, certSerialId: null}, Type:RATIS, Factor:THREE, State:CLOSED] from datanode e9d750f6-56b2-4d42-a810-39328f6044b5{ip: 192.168.5.184, host: pr-hdds-2022-qxstf-1422721469, networkLocation: /default-rack, certSerialId: null}. Reason : WriteLog:13: (t:2, i:13), STATEMACHINELOGENTRY, client-E281DC600642, cid=29-writeStateMachineData interrupted.
2019-09-16 16:58:37,972 [EventQueue-PipelineActionsForPipelineActionHandler] INFO  pipeline.SCMPipelineManager (SCMPipelineManager.java:finalizeAndDestroyPipeline(311)) - destroying pipeline:Pipeline[ Id: c355fa8d-9ddd-4ba5-bf86-8bc1d30073b0, Nodes: 445370a6-3850-4457-9c2c-f37f35928d12{ip: 192.168.5.184, host: pr-hdds-2022-qxstf-1422721469, networkLocation: /default-rack, certSerialId: null}e9d750f6-56b2-4d42-a810-39328f6044b5{ip: 192.168.5.184, host: pr-hdds-2022-qxstf-1422721469, networkLocation: /default-rack, certSerialId: null}b38fff04-681d-43a3-90d0-26fe2e9a9866{ip: 192.168.5.184, host: pr-hdds-2022-qxstf-1422721469, networkLocation: /default-rack, certSerialId: null}, Type:RATIS, Factor:THREE, State:CLOSED]
2019-09-16 16:58:37,988 [grpc-default-executor-8] INFO  interfaces.Container (KeyValueContainer.java:flushAndSyncDB(386)) - Container 1 is synced with bcsId 4.
2019-09-16 16:58:37,988 [grpc-default-executor-8] INFO  interfaces.Container (KeyValueContainer.java:flushAndSyncDB(386)) - Container 1 is synced with bcsId 4.
2019-09-16 16:58:38,031 [grpc-default-executor-8] INFO  interfaces.Container (KeyValueContainer.java:flushAndSyncDB(386)) - Container 4 is synced with bcsId 10.
2019-09-16 16:58:38,031 [grpc-default-executor-8] INFO  interfaces.Container (KeyValueContainer.java:flushAndSyncDB(386)) - Container 4 is synced with bcsId 10.
2019-09-16 16:58:38,121 [grpc-default-executor-8] INFO  interfaces.Container (KeyValueContainer.java:flushAndSyncDB(386)) - Container 5 is synced with bcsId 0.
2019-09-16 16:58:38,121 [grpc-default-executor-8] INFO  interfaces.Container (KeyValueContainer.java:flushAndSyncDB(386)) - Container 5 is synced with bcsId 0.
2019-09-16 16:58:38,142 [grpc-default-executor-8] INFO  impl.RaftServerProxy (RaftServerProxy.java:remove(95)) - b38fff04-681d-43a3-90d0-26fe2e9a9866: remove    LEADER b38fff04-681d-43a3-90d0-26fe2e9a9866@group-8BC1D30073B0:t2, leader=b38fff04-681d-43a3-90d0-26fe2e9a9866, voted=b38fff04-681d-43a3-90d0-26fe2e9a9866, raftlog=b38fff04-681d-43a3-90d0-26fe2e9a9866@group-8BC1D30073B0-SegmentedRaftLog:OPENED:c12,f12,i19, conf=0: [445370a6-3850-4457-9c2c-f37f35928d12:192.168.5.184:40437, b38fff04-681d-43a3-90d0-26fe2e9a9866:192.168.5.184:37740, e9d750f6-56b2-4d42-a810-39328f6044b5:192.168.5.184:42227], old=null RUNNING
2019-09-16 16:58:38,143 [grpc-default-executor-8] INFO  impl.RaftServerImpl (RaftServerImpl.java:lambda$shutdown$3(251)) - b38fff04-681d-43a3-90d0-26fe2e9a9866@group-8BC1D30073B0: shutdown
2019-09-16 16:58:38,143 [grpc-default-executor-8] INFO  util.JmxRegister (JmxRegister.java:unregister(73)) - Successfully un-registered JMX Bean with object name Ratis:service=RaftServer,group=group-8BC1D30073B0,id=b38fff04-681d-43a3-90d0-26fe2e9a9866
2019-09-16 16:58:38,143 [grpc-default-executor-8] INFO  impl.RoleInfo (RoleInfo.java:shutdownLeaderState(104)) - b38fff04-681d-43a3-90d0-26fe2e9a9866: shutdown LeaderState
2019-09-16 16:58:38,148 [org.apache.ratis.server.impl.LogAppender$AppenderDaemon$$Lambda$508/1360433104@2cff0823] WARN  server.GrpcLogAppender (GrpcLogAppender.java:mayWait(143)) - b38fff04-681d-43a3-90d0-26fe2e9a9866@group-8BC1D30073B0->445370a6-3850-4457-9c2c-f37f35928d12-GrpcLogAppender: Wait interrupted by java.lang.InterruptedException
2019-09-16 16:58:38,149 [org.apache.ratis.server.impl.LogAppender$AppenderDaemon$$Lambda$508/1360433104@60362804] WARN  server.GrpcLogAppender (GrpcLogAppender.java:mayWait(143)) - b38fff04-681d-43a3-90d0-26fe2e9a9866@group-8BC1D30073B0->e9d750f6-56b2-4d42-a810-39328f6044b5-GrpcLogAppender: Wait interrupted by java.lang.InterruptedException
2019-09-16 16:58:38,148 [grpc-default-executor-8] INFO  impl.PendingRequests (PendingRequests.java:sendNotLeaderResponses(202)) - b38fff04-681d-43a3-90d0-26fe2e9a9866-PendingRequests: sendNotLeaderResponses
2019-09-16 16:58:38,150 [grpc-default-executor-4] INFO  server.GrpcServerProtocolService (GrpcServerProtocolService.java:onCompleted(113)) - 445370a6-3850-4457-9c2c-f37f35928d12: Completed APPEND_ENTRIES, lastRequest: b38fff04-681d-43a3-90d0-26fe2e9a9866->445370a6-3850-4457-9c2c-f37f35928d12#168-t2, previous=(t:2, i:19), leaderCommit=12, initializing? false, entries: <empty>
2019-09-16 16:58:38,150 [grpc-default-executor-7] INFO  server.GrpcServerProtocolService (GrpcServerProtocolService.java:onCompleted(113)) - e9d750f6-56b2-4d42-a810-39328f6044b5: Completed APPEND_ENTRIES, lastRequest: b38fff04-681d-43a3-90d0-26fe2e9a9866->e9d750f6-56b2-4d42-a810-39328f6044b5#168-t2, previous=(t:2, i:19), leaderCommit=12, initializing? false, entries: <empty>
2019-09-16 16:58:38,151 [grpc-default-executor-4] INFO  server.GrpcLogAppender (GrpcLogAppender.java:onCompleted(293)) - b38fff04-681d-43a3-90d0-26fe2e9a9866@group-8BC1D30073B0->445370a6-3850-4457-9c2c-f37f35928d12-AppendLogResponseHandler: follower responses appendEntries COMPLETED
2019-09-16 16:58:38,151 [grpc-default-executor-7] INFO  server.GrpcLogAppender (GrpcLogAppender.java:onCompleted(293)) - b38fff04-681d-43a3-90d0-26fe2e9a9866@group-8BC1D30073B0->e9d750f6-56b2-4d42-a810-39328f6044b5-AppendLogResponseHandler: follower responses appendEntries COMPLETED
2019-09-16 16:58:38,151 [grpc-default-executor-4] INFO  impl.FollowerInfo (FollowerInfo.java:lambda$new$0(51)) - b38fff04-681d-43a3-90d0-26fe2e9a9866@group-8BC1D30073B0->445370a6-3850-4457-9c2c-f37f35928d12: nextIndex: updateUnconditionally 20 -> 13
2019-09-16 16:58:38,151 [grpc-default-executor-7] INFO  impl.FollowerInfo (FollowerInfo.java:lambda$new$0(51)) - b38fff04-681d-43a3-90d0-26fe2e9a9866@group-8BC1D30073B0->e9d750f6-56b2-4d42-a810-39328f6044b5: nextIndex: updateUnconditionally 20 -> 13
2019-09-16 16:58:38,153 [grpc-default-worker-ELG-3-3] WARN  nio.NioEventLoop (NioEventLoop.java:select(786)) - Selector.select() returned prematurely {} times in a row; rebuilding Selector {}.
2019-09-16 16:58:38,158 [grpc-default-executor-8] INFO  impl.StateMachineUpdater (StateMachineUpdater.java:stopAndJoin(125)) - b38fff04-681d-43a3-90d0-26fe2e9a9866@group-8BC1D30073B0-StateMachineUpdater: set stopIndex = 12
2019-09-16 16:58:38,153 [grpc-default-worker-ELG-3-4] WARN  nio.NioEventLoop (NioEventLoop.java:select(786)) - Selector.select() returned prematurely {} times in a row; rebuilding Selector {}.
2019-09-16 16:58:38,158 [b38fff04-681d-43a3-90d0-26fe2e9a9866@group-8BC1D30073B0-StateMachineUpdater] INFO  ratis.ContainerStateMachine (ContainerStateMachine.java:takeSnapshot(289)) - group-8BC1D30073B0: Taking a snapshot at:(t:2, i:12) file /workdir/hadoop-ozone/integration-test/target/test-dir/MiniOzoneClusterImpl-b381268c-58bb-44dd-9423-5f17a34efe38/datanode-0/data/ratis/c355fa8d-9ddd-4ba5-bf86-8bc1d30073b0/sm/snapshot.2_12
2019-09-16 16:58:38,158 [grpc-default-worker-ELG-3-3] INFO  nio.NioEventLoop (NioEventLoop.java:rebuildSelector0(396)) - Migrated 7 channel(s) to the new Selector.
2019-09-16 16:58:38,158 [grpc-default-worker-ELG-3-4] INFO  nio.NioEventLoop (NioEventLoop.java:rebuildSelector0(396)) - Migrated 11 channel(s) to the new Selector.
2019-09-16 16:58:38,180 [b38fff04-681d-43a3-90d0-26fe2e9a9866@group-8BC1D30073B0-StateMachineUpdater] INFO  ratis.ContainerStateMachine (ContainerStateMachine.java:takeSnapshot(300)) - group-8BC1D30073B0: Finished taking a snapshot at:(t:2, i:12) file:/workdir/hadoop-ozone/integration-test/target/test-dir/MiniOzoneClusterImpl-b381268c-58bb-44dd-9423-5f17a34efe38/datanode-0/data/ratis/c355fa8d-9ddd-4ba5-bf86-8bc1d30073b0/sm/snapshot.2_12 time:22
2019-09-16 16:58:38,180 [b38fff04-681d-43a3-90d0-26fe2e9a9866@group-8BC1D30073B0-StateMachineUpdater] INFO  impl.StateMachineUpdater (StateMachineUpdater.java:takeSnapshot(258)) - b38fff04-681d-43a3-90d0-26fe2e9a9866@group-8BC1D30073B0-StateMachineUpdater: Took a snapshot at index 12
2019-09-16 16:58:38,180 [b38fff04-681d-43a3-90d0-26fe2e9a9866@group-8BC1D30073B0-StateMachineUpdater] INFO  impl.StateMachineUpdater (StateMachineUpdater.java:lambda$new$0(83)) - b38fff04-681d-43a3-90d0-26fe2e9a9866@group-8BC1D30073B0-StateMachineUpdater: snapshotIndex: updateIncreasingly -1 -> 12
2019-09-16 16:58:38,180 [Command processor thread] ERROR commandhandler.CloseContainerCommandHandler (CloseContainerCommandHandler.java:handle(125)) - Can't close container #4
java.io.IOException: org.apache.ratis.protocol.GroupMismatchException: b38fff04-681d-43a3-90d0-26fe2e9a9866: group-8BC1D30073B0 not found.
	at org.apache.hadoop.ozone.container.common.transport.server.ratis.XceiverServerRatis.submitRequest(XceiverServerRatis.java:502)
	at org.apache.hadoop.ozone.container.common.statemachine.commandhandler.CloseContainerCommandHandler.handle(CloseContainerCommandHandler.java:102)
	at org.apache.hadoop.ozone.container.common.statemachine.commandhandler.CommandDispatcher.handle(CommandDispatcher.java:99)
	at org.apache.hadoop.ozone.container.common.statemachine.DatanodeStateMachine.lambda$initCommandHandlerThread$1(DatanodeStateMachine.java:432)
	at java.lang.Thread.run(Thread.java:748)
Caused by: java.util.concurrent.ExecutionException: org.apache.ratis.protocol.GroupMismatchException: b38fff04-681d-43a3-90d0-26fe2e9a9866: group-8BC1D30073B0 not found.
	at java.util.concurrent.CompletableFuture.reportGet(CompletableFuture.java:357)
	at java.util.concurrent.CompletableFuture.get(CompletableFuture.java:1895)
	at org.apache.hadoop.ozone.container.common.transport.server.ratis.XceiverServerRatis.submitRequest(XceiverServerRatis.java:500)
	... 4 more
Caused by: org.apache.ratis.protocol.GroupMismatchException: b38fff04-681d-43a3-90d0-26fe2e9a9866: group-8BC1D30073B0 not found.
	at org.apache.ratis.server.impl.RaftServerProxy$ImplMap.get(RaftServerProxy.java:122)
	at org.apache.ratis.server.impl.RaftServerProxy.getImplFuture(RaftServerProxy.java:269)
	at org.apache.ratis.server.impl.RaftServerProxy.submitRequest(RaftServerProxy.java:327)
	at org.apache.ratis.server.impl.RaftServerProxy.submitClientRequestAsync(RaftServerProxy.java:333)
	... 5 more
2019-09-16 16:58:38,183 [grpc-default-executor-8] INFO  impl.RaftServerImpl (ServerState.java:close(385)) - b38fff04-681d-43a3-90d0-26fe2e9a9866@group-8BC1D30073B0: closes. applyIndex: 12
2019-09-16 16:58:38,185 [b38fff04-681d-43a3-90d0-26fe2e9a9866@group-8BC1D30073B0-SegmentedRaftLogWorker] ERROR ratis.XceiverServerRatis (XceiverServerRatis.java:triggerPipelineClose(575)) - pipeline Action CLOSE  on pipeline PipelineID=c355fa8d-9ddd-4ba5-bf86-8bc1d30073b0.Reason : WriteLog:13: (t:2, i:13), STATEMACHINELOGENTRY, client-E281DC600642, cid=29-writeStateMachineData interrupted.
2019-09-16 16:58:38,187 [grpc-default-executor-8] INFO  segmented.SegmentedRaftLogWorker (SegmentedRaftLogWorker.java:close(228)) - b38fff04-681d-43a3-90d0-26fe2e9a9866@group-8BC1D30073B0-SegmentedRaftLogWorker close()
2019-09-16 16:58:38,190 [EventQueue-PipelineActionsForPipelineActionHandler] ERROR pipeline.PipelineActionHandler (PipelineActionHandler.java:onMessage(60)) - Received pipeline action CLOSE for Pipeline[ Id: c355fa8d-9ddd-4ba5-bf86-8bc1d30073b0, Nodes: 445370a6-3850-4457-9c2c-f37f35928d12{ip: 192.168.5.184, host: pr-hdds-2022-qxstf-1422721469, networkLocation: /default-rack, certSerialId: null}e9d750f6-56b2-4d42-a810-39328f6044b5{ip: 192.168.5.184, host: pr-hdds-2022-qxstf-1422721469, networkLocation: /default-rack, certSerialId: null}b38fff04-681d-43a3-90d0-26fe2e9a9866{ip: 192.168.5.184, host: pr-hdds-2022-qxstf-1422721469, networkLocation: /default-rack, certSerialId: null}, Type:RATIS, Factor:THREE, State:CLOSED] from datanode b38fff04-681d-43a3-90d0-26fe2e9a9866{ip: 192.168.5.184, host: pr-hdds-2022-qxstf-1422721469, networkLocation: /default-rack, certSerialId: null}. Reason : WriteLog:13: (t:2, i:13), STATEMACHINELOGENTRY, client-E281DC600642, cid=29-writeStateMachineData interrupted.
2019-09-16 16:58:38,190 [EventQueue-PipelineActionsForPipelineActionHandler] INFO  pipeline.SCMPipelineManager (SCMPipelineManager.java:finalizeAndDestroyPipeline(311)) - destroying pipeline:Pipeline[ Id: c355fa8d-9ddd-4ba5-bf86-8bc1d30073b0, Nodes: 445370a6-3850-4457-9c2c-f37f35928d12{ip: 192.168.5.184, host: pr-hdds-2022-qxstf-1422721469, networkLocation: /default-rack, certSerialId: null}e9d750f6-56b2-4d42-a810-39328f6044b5{ip: 192.168.5.184, host: pr-hdds-2022-qxstf-1422721469, networkLocation: /default-rack, certSerialId: null}b38fff04-681d-43a3-90d0-26fe2e9a9866{ip: 192.168.5.184, host: pr-hdds-2022-qxstf-1422721469, networkLocation: /default-rack, certSerialId: null}, Type:RATIS, Factor:THREE, State:CLOSED]
2019-09-16 16:58:38,217 [grpc-default-executor-8] INFO  interfaces.Container (KeyValueContainer.java:flushAndSyncDB(386)) - Container 1 is synced with bcsId 4.
2019-09-16 16:58:38,218 [grpc-default-executor-8] INFO  interfaces.Container (KeyValueContainer.java:flushAndSyncDB(386)) - Container 1 is synced with bcsId 4.
2019-09-16 16:58:38,229 [main] WARN  io.KeyOutputStream (KeyOutputStream.java:handleException(276)) - Encountered exception java.io.IOException: Unexpected Storage Container Exception: java.util.concurrent.CompletionException: java.util.concurrent.CompletionException: org.apache.ratis.protocol.GroupMismatchException: 445370a6-3850-4457-9c2c-f37f35928d12: group-8BC1D30073B0 not found. on the pipeline Pipeline[ Id: c355fa8d-9ddd-4ba5-bf86-8bc1d30073b0, Nodes: 445370a6-3850-4457-9c2c-f37f35928d12{ip: 192.168.5.184, host: pr-hdds-2022-qxstf-1422721469, networkLocation: /default-rack, certSerialId: null}e9d750f6-56b2-4d42-a810-39328f6044b5{ip: 192.168.5.184, host: pr-hdds-2022-qxstf-1422721469, networkLocation: /default-rack, certSerialId: null}b38fff04-681d-43a3-90d0-26fe2e9a9866{ip: 192.168.5.184, host: pr-hdds-2022-qxstf-1422721469, networkLocation: /default-rack, certSerialId: null}, Type:RATIS, Factor:THREE, State:OPEN]. The last committed block length is 0, uncommitted data length is 400 retry count 0
2019-09-16 16:58:38,268 [grpc-default-executor-8] INFO  interfaces.Container (KeyValueContainer.java:flushAndSyncDB(386)) - Container 4 is synced with bcsId 10.
2019-09-16 16:58:38,269 [grpc-default-executor-8] INFO  interfaces.Container (KeyValueContainer.java:flushAndSyncDB(386)) - Container 4 is synced with bcsId 10.
2019-09-16 16:58:38,303 [RatisPipelineUtilsThread] INFO  pipeline.PipelineStateManager (PipelineStateManager.java:removePipeline(108)) - Pipeline Pipeline[ Id: c355fa8d-9ddd-4ba5-bf86-8bc1d30073b0, Nodes: 445370a6-3850-4457-9c2c-f37f35928d12{ip: 192.168.5.184, host: pr-hdds-2022-qxstf-1422721469, networkLocation: /default-rack, certSerialId: null}e9d750f6-56b2-4d42-a810-39328f6044b5{ip: 192.168.5.184, host: pr-hdds-2022-qxstf-1422721469, networkLocation: /default-rack, certSerialId: null}b38fff04-681d-43a3-90d0-26fe2e9a9866{ip: 192.168.5.184, host: pr-hdds-2022-qxstf-1422721469, networkLocation: /default-rack, certSerialId: null}, Type:RATIS, Factor:THREE, State:CLOSED] removed from db
2019-09-16 16:58:38,484 [grpc-default-executor-8] INFO  client.GrpcClientProtocolClient (GrpcClientProtocolClient.java:onNext(264)) - client-5984294EFF53->445370a6-3850-4457-9c2c-f37f35928d12: receive RaftClientReply:client-5984294EFF53->445370a6-3850-4457-9c2c-f37f35928d12@group-26FADD92D351, cid=135, SUCCESS, logIndex=1, commits[445370a6-3850-4457-9c2c-f37f35928d12:c1, b38fff04-681d-43a3-90d0-26fe2e9a9866:c0, e9d750f6-56b2-4d42-a810-39328f6044b5:c0]
2019-09-16 16:58:38,514 [grpc-default-executor-7] INFO  client.GrpcClientProtocolClient (GrpcClientProtocolClient.java:onNext(264)) - client-5984294EFF53->445370a6-3850-4457-9c2c-f37f35928d12: receive RaftClientReply:client-5984294EFF53->445370a6-3850-4457-9c2c-f37f35928d12@group-26FADD92D351, cid=136, SUCCESS, logIndex=3, commits[445370a6-3850-4457-9c2c-f37f35928d12:c4, b38fff04-681d-43a3-90d0-26fe2e9a9866:c2, e9d750f6-56b2-4d42-a810-39328f6044b5:c2]
2019-09-16 16:58:38,594 [grpc-default-executor-8] INFO  client.GrpcClientProtocolClient (GrpcClientProtocolClient.java:onNext(264)) - client-5984294EFF53->445370a6-3850-4457-9c2c-f37f35928d12: receive RaftClientReply:client-5984294EFF53->445370a6-3850-4457-9c2c-f37f35928d12@group-26FADD92D351, cid=137, SUCCESS, logIndex=4, commits[445370a6-3850-4457-9c2c-f37f35928d12:c12, b38fff04-681d-43a3-90d0-26fe2e9a9866:c7, e9d750f6-56b2-4d42-a810-39328f6044b5:c7]
2019-09-16 16:58:38,595 [grpc-default-executor-8] INFO  client.GrpcClientProtocolClient (GrpcClientProtocolClient.java:onNext(264)) - client-5984294EFF53->445370a6-3850-4457-9c2c-f37f35928d12: receive RaftClientReply:client-5984294EFF53->445370a6-3850-4457-9c2c-f37f35928d12@group-26FADD92D351, cid=138, SUCCESS, logIndex=5, commits[445370a6-3850-4457-9c2c-f37f35928d12:c12, b38fff04-681d-43a3-90d0-26fe2e9a9866:c7, e9d750f6-56b2-4d42-a810-39328f6044b5:c7]
2019-09-16 16:58:38,595 [grpc-default-executor-8] INFO  client.GrpcClientProtocolClient (GrpcClientProtocolClient.java:onNext(264)) - client-5984294EFF53->445370a6-3850-4457-9c2c-f37f35928d12: receive RaftClientReply:client-5984294EFF53->445370a6-3850-4457-9c2c-f37f35928d12@group-26FADD92D351, cid=139, SUCCESS, logIndex=6, commits[445370a6-3850-4457-9c2c-f37f35928d12:c12, b38fff04-681d-43a3-90d0-26fe2e9a9866:c7, e9d750f6-56b2-4d42-a810-39328f6044b5:c7]
2019-09-16 16:58:38,753 [grpc-default-executor-8] INFO  client.GrpcClientProtocolClient (GrpcClientProtocolClient.java:onNext(264)) - client-5984294EFF53->445370a6-3850-4457-9c2c-f37f35928d12: receive RaftClientReply:client-5984294EFF53->445370a6-3850-4457-9c2c-f37f35928d12@group-26FADD92D351, cid=140, SUCCESS, logIndex=7, commits[445370a6-3850-4457-9c2c-f37f35928d12:c12, b38fff04-681d-43a3-90d0-26fe2e9a9866:c7, e9d750f6-56b2-4d42-a810-39328f6044b5:c7]
]]></system-out>
  </testcase>
  <testcase name="testBufferCaching" classname="org.apache.hadoop.ozone.client.rpc.TestBlockOutputStream" time="0.496"/>
  <testcase name="testWriteWithExceedingMaxBufferLimit" classname="org.apache.hadoop.ozone.client.rpc.TestBlockOutputStream" time="187.306">
    <failure message="expected:&lt;22&gt; but was:&lt;26&gt;" type="java.lang.AssertionError"><![CDATA[java.lang.AssertionError: expected:<22> but was:<26>
	at org.junit.Assert.fail(Assert.java:88)
	at org.junit.Assert.failNotEquals(Assert.java:743)
	at org.junit.Assert.assertEquals(Assert.java:118)
	at org.junit.Assert.assertEquals(Assert.java:555)
	at org.junit.Assert.assertEquals(Assert.java:542)
	at org.apache.hadoop.ozone.client.rpc.TestBlockOutputStream.testWriteWithExceedingMaxBufferLimit(TestBlockOutputStream.java:614)
	at sun.reflect.NativeMethodAccessorImpl.invoke0(Native Method)
	at sun.reflect.NativeMethodAccessorImpl.invoke(NativeMethodAccessorImpl.java:62)
	at sun.reflect.DelegatingMethodAccessorImpl.invoke(DelegatingMethodAccessorImpl.java:43)
	at java.lang.reflect.Method.invoke(Method.java:498)
	at org.junit.runners.model.FrameworkMethod$1.runReflectiveCall(FrameworkMethod.java:47)
	at org.junit.internal.runners.model.ReflectiveCallable.run(ReflectiveCallable.java:12)
	at org.junit.runners.model.FrameworkMethod.invokeExplosively(FrameworkMethod.java:44)
	at org.junit.internal.runners.statements.InvokeMethod.evaluate(InvokeMethod.java:17)
	at org.junit.runners.ParentRunner.runLeaf(ParentRunner.java:271)
	at org.junit.runners.BlockJUnit4ClassRunner.runChild(BlockJUnit4ClassRunner.java:70)
	at org.junit.runners.BlockJUnit4ClassRunner.runChild(BlockJUnit4ClassRunner.java:50)
	at org.junit.runners.ParentRunner$3.run(ParentRunner.java:238)
	at org.junit.runners.ParentRunner$1.schedule(ParentRunner.java:63)
	at org.junit.runners.ParentRunner.runChildren(ParentRunner.java:236)
	at org.junit.runners.ParentRunner.access$000(ParentRunner.java:53)
	at org.junit.runners.ParentRunner$2.evaluate(ParentRunner.java:229)
	at org.junit.internal.runners.statements.RunBefores.evaluate(RunBefores.java:26)
	at org.junit.internal.runners.statements.RunAfters.evaluate(RunAfters.java:27)
	at org.junit.runners.ParentRunner.run(ParentRunner.java:309)
	at org.apache.maven.surefire.junit4.JUnit4Provider.execute(JUnit4Provider.java:365)
	at org.apache.maven.surefire.junit4.JUnit4Provider.executeWithRerun(JUnit4Provider.java:273)
	at org.apache.maven.surefire.junit4.JUnit4Provider.executeTestSet(JUnit4Provider.java:238)
	at org.apache.maven.surefire.junit4.JUnit4Provider.invoke(JUnit4Provider.java:159)
	at org.apache.maven.surefire.booter.ForkedBooter.invokeProviderInSameClassLoader(ForkedBooter.java:384)
	at org.apache.maven.surefire.booter.ForkedBooter.runSuitesInProcess(ForkedBooter.java:345)
	at org.apache.maven.surefire.booter.ForkedBooter.execute(ForkedBooter.java:126)
	at org.apache.maven.surefire.booter.ForkedBooter.main(ForkedBooter.java:418)
]]></failure>
    <system-out><![CDATA[2019-09-16 16:58:40,880 [grpc-default-executor-4] INFO  impl.RaftServerProxy (RaftServerProxy.java:remove(95)) - 445370a6-3850-4457-9c2c-f37f35928d12: remove group-8BC1D30073B0:null
2019-09-16 16:58:40,883 [RatisPipelineUtilsThread] WARN  pipeline.RatisPipelineUtils (RatisPipelineUtils.java:destroyPipeline(66)) - Pipeline destroy failed for pipeline=PipelineID=c355fa8d-9ddd-4ba5-bf86-8bc1d30073b0 dn=445370a6-3850-4457-9c2c-f37f35928d12{ip: 192.168.5.184, host: pr-hdds-2022-qxstf-1422721469, networkLocation: /default-rack, certSerialId: null}
2019-09-16 16:58:40,886 [grpc-default-executor-4] INFO  impl.RaftServerProxy (RaftServerProxy.java:remove(95)) - e9d750f6-56b2-4d42-a810-39328f6044b5: remove group-8BC1D30073B0:null
2019-09-16 16:58:40,888 [RatisPipelineUtilsThread] WARN  pipeline.RatisPipelineUtils (RatisPipelineUtils.java:destroyPipeline(66)) - Pipeline destroy failed for pipeline=PipelineID=c355fa8d-9ddd-4ba5-bf86-8bc1d30073b0 dn=e9d750f6-56b2-4d42-a810-39328f6044b5{ip: 192.168.5.184, host: pr-hdds-2022-qxstf-1422721469, networkLocation: /default-rack, certSerialId: null}
2019-09-16 16:58:40,891 [grpc-default-executor-4] INFO  impl.RaftServerProxy (RaftServerProxy.java:remove(95)) - b38fff04-681d-43a3-90d0-26fe2e9a9866: remove group-8BC1D30073B0:null
2019-09-16 16:58:40,893 [RatisPipelineUtilsThread] WARN  pipeline.RatisPipelineUtils (RatisPipelineUtils.java:destroyPipeline(66)) - Pipeline destroy failed for pipeline=PipelineID=c355fa8d-9ddd-4ba5-bf86-8bc1d30073b0 dn=b38fff04-681d-43a3-90d0-26fe2e9a9866{ip: 192.168.5.184, host: pr-hdds-2022-qxstf-1422721469, networkLocation: /default-rack, certSerialId: null}
2019-09-16 16:58:40,894 [RatisPipelineUtilsThread] ERROR pipeline.SCMPipelineManager (Scheduler.java:lambda$schedule$1(70)) - Destroy pipeline failed for pipeline:Pipeline[ Id: c355fa8d-9ddd-4ba5-bf86-8bc1d30073b0, Nodes: 445370a6-3850-4457-9c2c-f37f35928d12{ip: 192.168.5.184, host: pr-hdds-2022-qxstf-1422721469, networkLocation: /default-rack, certSerialId: null}e9d750f6-56b2-4d42-a810-39328f6044b5{ip: 192.168.5.184, host: pr-hdds-2022-qxstf-1422721469, networkLocation: /default-rack, certSerialId: null}b38fff04-681d-43a3-90d0-26fe2e9a9866{ip: 192.168.5.184, host: pr-hdds-2022-qxstf-1422721469, networkLocation: /default-rack, certSerialId: null}, Type:RATIS, Factor:THREE, State:CLOSED]
org.apache.hadoop.hdds.scm.pipeline.PipelineNotFoundException: PipelineID=c355fa8d-9ddd-4ba5-bf86-8bc1d30073b0 not found
	at org.apache.hadoop.hdds.scm.pipeline.PipelineStateMap.getPipeline(PipelineStateMap.java:132)
	at org.apache.hadoop.hdds.scm.pipeline.PipelineStateMap.removePipeline(PipelineStateMap.java:322)
	at org.apache.hadoop.hdds.scm.pipeline.PipelineStateManager.removePipeline(PipelineStateManager.java:107)
	at org.apache.hadoop.hdds.scm.pipeline.SCMPipelineManager.removePipeline(SCMPipelineManager.java:423)
	at org.apache.hadoop.hdds.scm.pipeline.SCMPipelineManager.destroyPipeline(SCMPipelineManager.java:409)
	at org.apache.hadoop.hdds.scm.pipeline.SCMPipelineManager.lambda$finalizeAndDestroyPipeline$0(SCMPipelineManager.java:318)
	at org.apache.hadoop.utils.Scheduler.lambda$schedule$1(Scheduler.java:68)
	at java.util.concurrent.Executors$RunnableAdapter.call(Executors.java:511)
	at java.util.concurrent.FutureTask.run(FutureTask.java:266)
	at java.util.concurrent.ScheduledThreadPoolExecutor$ScheduledFutureTask.access$201(ScheduledThreadPoolExecutor.java:180)
	at java.util.concurrent.ScheduledThreadPoolExecutor$ScheduledFutureTask.run(ScheduledThreadPoolExecutor.java:293)
	at java.util.concurrent.ThreadPoolExecutor.runWorker(ThreadPoolExecutor.java:1149)
	at java.util.concurrent.ThreadPoolExecutor$Worker.run(ThreadPoolExecutor.java:624)
	at java.lang.Thread.run(Thread.java:748)
2019-09-16 16:58:42,268 [java.util.concurrent.ThreadPoolExecutor$Worker@3bba45ce[State = -1, empty queue]] WARN  server.GrpcLogAppender (GrpcLogAppender.java:timeoutAppendRequest(200)) - b176f217-5116-4f29-ae6c-8c5fe7374010@group-CB890FE5B329->c5a5e6b7-bb1e-4cfc-8262-1ca252faf540-GrpcLogAppender: appendEntries Timeout, request=b176f217-5116-4f29-ae6c-8c5fe7374010->c5a5e6b7-bb1e-4cfc-8262-1ca252faf540#78-t1, previous=(t:1, i:4), leaderCommit=4, initializing? false, entries: size=1, first=(t:1, i:5), STATEMACHINELOGENTRY, client-D82C98E0250F, cid=143
2019-09-16 16:58:42,268 [java.util.concurrent.ThreadPoolExecutor$Worker@45f38be8[State = -1, empty queue]] WARN  server.GrpcLogAppender (GrpcLogAppender.java:timeoutAppendRequest(200)) - b176f217-5116-4f29-ae6c-8c5fe7374010@group-CB890FE5B329->55776132-47ae-4aef-91b7-92633cf48f43-GrpcLogAppender: appendEntries Timeout, request=b176f217-5116-4f29-ae6c-8c5fe7374010->55776132-47ae-4aef-91b7-92633cf48f43#78-t1, previous=(t:1, i:4), leaderCommit=4, initializing? false, entries: size=1, first=(t:1, i:5), STATEMACHINELOGENTRY, client-D82C98E0250F, cid=143
2019-09-16 16:58:42,269 [java.util.concurrent.ThreadPoolExecutor$Worker@3bba45ce[State = -1, empty queue]] WARN  server.GrpcLogAppender (GrpcLogAppender.java:timeoutAppendRequest(200)) - b176f217-5116-4f29-ae6c-8c5fe7374010@group-CB890FE5B329->c5a5e6b7-bb1e-4cfc-8262-1ca252faf540-GrpcLogAppender: appendEntries Timeout, request=b176f217-5116-4f29-ae6c-8c5fe7374010->c5a5e6b7-bb1e-4cfc-8262-1ca252faf540#79-t1, previous=(t:1, i:5), leaderCommit=4, initializing? false, entries: size=1, first=(t:1, i:6), STATEMACHINELOGENTRY, client-D82C98E0250F, cid=144
2019-09-16 16:58:42,269 [java.util.concurrent.ThreadPoolExecutor$Worker@45f38be8[State = -1, empty queue]] WARN  server.GrpcLogAppender (GrpcLogAppender.java:timeoutAppendRequest(200)) - b176f217-5116-4f29-ae6c-8c5fe7374010@group-CB890FE5B329->55776132-47ae-4aef-91b7-92633cf48f43-GrpcLogAppender: appendEntries Timeout, request=b176f217-5116-4f29-ae6c-8c5fe7374010->55776132-47ae-4aef-91b7-92633cf48f43#79-t1, previous=(t:1, i:5), leaderCommit=4, initializing? false, entries: size=1, first=(t:1, i:6), STATEMACHINELOGENTRY, client-D82C98E0250F, cid=144
2019-09-16 16:58:42,269 [java.util.concurrent.ThreadPoolExecutor$Worker@3bba45ce[State = -1, empty queue]] WARN  server.GrpcLogAppender (GrpcLogAppender.java:timeoutAppendRequest(200)) - b176f217-5116-4f29-ae6c-8c5fe7374010@group-CB890FE5B329->c5a5e6b7-bb1e-4cfc-8262-1ca252faf540-GrpcLogAppender: appendEntries Timeout, request=b176f217-5116-4f29-ae6c-8c5fe7374010->c5a5e6b7-bb1e-4cfc-8262-1ca252faf540#80-t1, previous=(t:1, i:6), leaderCommit=4, initializing? false, entries: size=1, first=(t:1, i:7), STATEMACHINELOGENTRY, client-D82C98E0250F, cid=145
2019-09-16 16:58:42,270 [java.util.concurrent.ThreadPoolExecutor$Worker@45f38be8[State = -1, empty queue]] WARN  server.GrpcLogAppender (GrpcLogAppender.java:timeoutAppendRequest(200)) - b176f217-5116-4f29-ae6c-8c5fe7374010@group-CB890FE5B329->55776132-47ae-4aef-91b7-92633cf48f43-GrpcLogAppender: appendEntries Timeout, request=b176f217-5116-4f29-ae6c-8c5fe7374010->55776132-47ae-4aef-91b7-92633cf48f43#80-t1, previous=(t:1, i:6), leaderCommit=4, initializing? false, entries: size=1, first=(t:1, i:7), STATEMACHINELOGENTRY, client-D82C98E0250F, cid=145
2019-09-16 16:58:42,270 [java.util.concurrent.ThreadPoolExecutor$Worker@3bba45ce[State = -1, empty queue]] WARN  server.GrpcLogAppender (GrpcLogAppender.java:timeoutAppendRequest(200)) - b176f217-5116-4f29-ae6c-8c5fe7374010@group-CB890FE5B329->c5a5e6b7-bb1e-4cfc-8262-1ca252faf540-GrpcLogAppender: appendEntries Timeout, request=b176f217-5116-4f29-ae6c-8c5fe7374010->c5a5e6b7-bb1e-4cfc-8262-1ca252faf540#81-t1, previous=(t:1, i:7), leaderCommit=4, initializing? false, entries: size=1, first=(t:1, i:8), STATEMACHINELOGENTRY, client-D82C98E0250F, cid=146
2019-09-16 16:58:42,270 [java.util.concurrent.ThreadPoolExecutor$Worker@45f38be8[State = -1, empty queue]] WARN  server.GrpcLogAppender (GrpcLogAppender.java:timeoutAppendRequest(200)) - b176f217-5116-4f29-ae6c-8c5fe7374010@group-CB890FE5B329->55776132-47ae-4aef-91b7-92633cf48f43-GrpcLogAppender: appendEntries Timeout, request=b176f217-5116-4f29-ae6c-8c5fe7374010->55776132-47ae-4aef-91b7-92633cf48f43#81-t1, previous=(t:1, i:7), leaderCommit=4, initializing? false, entries: size=1, first=(t:1, i:8), STATEMACHINELOGENTRY, client-D82C98E0250F, cid=146
2019-09-16 16:58:42,270 [java.util.concurrent.ThreadPoolExecutor$Worker@45f38be8[State = -1, empty queue]] WARN  server.GrpcLogAppender (GrpcLogAppender.java:timeoutAppendRequest(200)) - b176f217-5116-4f29-ae6c-8c5fe7374010@group-CB890FE5B329->55776132-47ae-4aef-91b7-92633cf48f43-GrpcLogAppender: appendEntries Timeout, request=b176f217-5116-4f29-ae6c-8c5fe7374010->55776132-47ae-4aef-91b7-92633cf48f43#82-t1, previous=(t:1, i:8), leaderCommit=4, initializing? false, entries: size=1, first=(t:1, i:9), STATEMACHINELOGENTRY, client-D82C98E0250F, cid=147
2019-09-16 16:58:42,270 [java.util.concurrent.ThreadPoolExecutor$Worker@3bba45ce[State = -1, empty queue]] WARN  server.GrpcLogAppender (GrpcLogAppender.java:timeoutAppendRequest(200)) - b176f217-5116-4f29-ae6c-8c5fe7374010@group-CB890FE5B329->c5a5e6b7-bb1e-4cfc-8262-1ca252faf540-GrpcLogAppender: appendEntries Timeout, request=b176f217-5116-4f29-ae6c-8c5fe7374010->c5a5e6b7-bb1e-4cfc-8262-1ca252faf540#82-t1, previous=(t:1, i:8), leaderCommit=4, initializing? false, entries: size=1, first=(t:1, i:9), STATEMACHINELOGENTRY, client-D82C98E0250F, cid=147
2019-09-16 16:58:42,271 [java.util.concurrent.ThreadPoolExecutor$Worker@45f38be8[State = -1, empty queue]] WARN  server.GrpcLogAppender (GrpcLogAppender.java:timeoutAppendRequest(200)) - b176f217-5116-4f29-ae6c-8c5fe7374010@group-CB890FE5B329->55776132-47ae-4aef-91b7-92633cf48f43-GrpcLogAppender: appendEntries Timeout, request=b176f217-5116-4f29-ae6c-8c5fe7374010->55776132-47ae-4aef-91b7-92633cf48f43#83-t1, previous=(t:1, i:9), leaderCommit=4, initializing? false, entries: size=1, first=(t:1, i:10), STATEMACHINELOGENTRY, client-D82C98E0250F, cid=148
2019-09-16 16:58:42,271 [java.util.concurrent.ThreadPoolExecutor$Worker@3bba45ce[State = -1, empty queue]] WARN  server.GrpcLogAppender (GrpcLogAppender.java:timeoutAppendRequest(200)) - b176f217-5116-4f29-ae6c-8c5fe7374010@group-CB890FE5B329->c5a5e6b7-bb1e-4cfc-8262-1ca252faf540-GrpcLogAppender: appendEntries Timeout, request=b176f217-5116-4f29-ae6c-8c5fe7374010->c5a5e6b7-bb1e-4cfc-8262-1ca252faf540#83-t1, previous=(t:1, i:9), leaderCommit=4, initializing? false, entries: size=1, first=(t:1, i:10), STATEMACHINELOGENTRY, client-D82C98E0250F, cid=148
2019-09-16 16:58:42,886 [grpc-default-executor-7] INFO  impl.RaftServerProxy (RaftServerProxy.java:remove(95)) - 445370a6-3850-4457-9c2c-f37f35928d12: remove group-8BC1D30073B0:null
2019-09-16 16:58:42,890 [RatisPipelineUtilsThread] WARN  pipeline.RatisPipelineUtils (RatisPipelineUtils.java:destroyPipeline(66)) - Pipeline destroy failed for pipeline=PipelineID=c355fa8d-9ddd-4ba5-bf86-8bc1d30073b0 dn=445370a6-3850-4457-9c2c-f37f35928d12{ip: 192.168.5.184, host: pr-hdds-2022-qxstf-1422721469, networkLocation: /default-rack, certSerialId: null}
2019-09-16 16:58:42,893 [grpc-default-executor-7] INFO  impl.RaftServerProxy (RaftServerProxy.java:remove(95)) - e9d750f6-56b2-4d42-a810-39328f6044b5: remove group-8BC1D30073B0:null
2019-09-16 16:58:42,895 [RatisPipelineUtilsThread] WARN  pipeline.RatisPipelineUtils (RatisPipelineUtils.java:destroyPipeline(66)) - Pipeline destroy failed for pipeline=PipelineID=c355fa8d-9ddd-4ba5-bf86-8bc1d30073b0 dn=e9d750f6-56b2-4d42-a810-39328f6044b5{ip: 192.168.5.184, host: pr-hdds-2022-qxstf-1422721469, networkLocation: /default-rack, certSerialId: null}
2019-09-16 16:58:42,899 [grpc-default-executor-7] INFO  impl.RaftServerProxy (RaftServerProxy.java:remove(95)) - b38fff04-681d-43a3-90d0-26fe2e9a9866: remove group-8BC1D30073B0:null
2019-09-16 16:58:42,901 [RatisPipelineUtilsThread] WARN  pipeline.RatisPipelineUtils (RatisPipelineUtils.java:destroyPipeline(66)) - Pipeline destroy failed for pipeline=PipelineID=c355fa8d-9ddd-4ba5-bf86-8bc1d30073b0 dn=b38fff04-681d-43a3-90d0-26fe2e9a9866{ip: 192.168.5.184, host: pr-hdds-2022-qxstf-1422721469, networkLocation: /default-rack, certSerialId: null}
2019-09-16 16:58:42,902 [RatisPipelineUtilsThread] ERROR pipeline.SCMPipelineManager (Scheduler.java:lambda$schedule$1(70)) - Destroy pipeline failed for pipeline:Pipeline[ Id: c355fa8d-9ddd-4ba5-bf86-8bc1d30073b0, Nodes: 445370a6-3850-4457-9c2c-f37f35928d12{ip: 192.168.5.184, host: pr-hdds-2022-qxstf-1422721469, networkLocation: /default-rack, certSerialId: null}e9d750f6-56b2-4d42-a810-39328f6044b5{ip: 192.168.5.184, host: pr-hdds-2022-qxstf-1422721469, networkLocation: /default-rack, certSerialId: null}b38fff04-681d-43a3-90d0-26fe2e9a9866{ip: 192.168.5.184, host: pr-hdds-2022-qxstf-1422721469, networkLocation: /default-rack, certSerialId: null}, Type:RATIS, Factor:THREE, State:CLOSED]
org.apache.hadoop.hdds.scm.pipeline.PipelineNotFoundException: PipelineID=c355fa8d-9ddd-4ba5-bf86-8bc1d30073b0 not found
	at org.apache.hadoop.hdds.scm.pipeline.PipelineStateMap.getPipeline(PipelineStateMap.java:132)
	at org.apache.hadoop.hdds.scm.pipeline.PipelineStateMap.removePipeline(PipelineStateMap.java:322)
	at org.apache.hadoop.hdds.scm.pipeline.PipelineStateManager.removePipeline(PipelineStateManager.java:107)
	at org.apache.hadoop.hdds.scm.pipeline.SCMPipelineManager.removePipeline(SCMPipelineManager.java:423)
	at org.apache.hadoop.hdds.scm.pipeline.SCMPipelineManager.destroyPipeline(SCMPipelineManager.java:409)
	at org.apache.hadoop.hdds.scm.pipeline.SCMPipelineManager.lambda$finalizeAndDestroyPipeline$0(SCMPipelineManager.java:318)
	at org.apache.hadoop.utils.Scheduler.lambda$schedule$1(Scheduler.java:68)
	at java.util.concurrent.Executors$RunnableAdapter.call(Executors.java:511)
	at java.util.concurrent.FutureTask.run(FutureTask.java:266)
	at java.util.concurrent.ScheduledThreadPoolExecutor$ScheduledFutureTask.access$201(ScheduledThreadPoolExecutor.java:180)
	at java.util.concurrent.ScheduledThreadPoolExecutor$ScheduledFutureTask.run(ScheduledThreadPoolExecutor.java:293)
	at java.util.concurrent.ThreadPoolExecutor.runWorker(ThreadPoolExecutor.java:1149)
	at java.util.concurrent.ThreadPoolExecutor$Worker.run(ThreadPoolExecutor.java:624)
	at java.lang.Thread.run(Thread.java:748)
2019-09-16 16:58:44,289 [grpc-default-executor-7] INFO  client.GrpcClientProtocolClient (GrpcClientProtocolClient.java:onNext(264)) - client-D82C98E0250F->c5a5e6b7-bb1e-4cfc-8262-1ca252faf540: receive RaftClientReply:client-D82C98E0250F->c5a5e6b7-bb1e-4cfc-8262-1ca252faf540@group-CB890FE5B329, cid=143, FAILED org.apache.ratis.protocol.NotLeaderException: Server c5a5e6b7-bb1e-4cfc-8262-1ca252faf540@group-CB890FE5B329 is not the leader b176f217-5116-4f29-ae6c-8c5fe7374010:192.168.5.184:36714, logIndex=0, commits[c5a5e6b7-bb1e-4cfc-8262-1ca252faf540:c4, 55776132-47ae-4aef-91b7-92633cf48f43:c3, b176f217-5116-4f29-ae6c-8c5fe7374010:c4]
2019-09-16 16:58:44,771 [java.util.concurrent.ThreadPoolExecutor$Worker@45f38be8[State = -1, empty queue]] WARN  server.GrpcLogAppender (GrpcLogAppender.java:timeoutAppendRequest(200)) - b176f217-5116-4f29-ae6c-8c5fe7374010@group-CB890FE5B329->55776132-47ae-4aef-91b7-92633cf48f43-GrpcLogAppender: appendEntries Timeout, request=b176f217-5116-4f29-ae6c-8c5fe7374010->55776132-47ae-4aef-91b7-92633cf48f43#84-t1, previous=(t:1, i:10), leaderCommit=4, initializing? false, entries: <empty>
2019-09-16 16:58:44,771 [java.util.concurrent.ThreadPoolExecutor$Worker@3bba45ce[State = -1, empty queue]] WARN  server.GrpcLogAppender (GrpcLogAppender.java:timeoutAppendRequest(200)) - b176f217-5116-4f29-ae6c-8c5fe7374010@group-CB890FE5B329->c5a5e6b7-bb1e-4cfc-8262-1ca252faf540-GrpcLogAppender: appendEntries Timeout, request=b176f217-5116-4f29-ae6c-8c5fe7374010->c5a5e6b7-bb1e-4cfc-8262-1ca252faf540#84-t1, previous=(t:1, i:10), leaderCommit=4, initializing? false, entries: <empty>
2019-09-16 16:58:45,879 [grpc-default-executor-7] INFO  impl.RaftServerProxy (RaftServerProxy.java:remove(95)) - 445370a6-3850-4457-9c2c-f37f35928d12: remove group-8BC1D30073B0:null
2019-09-16 16:58:45,881 [RatisPipelineUtilsThread] WARN  pipeline.RatisPipelineUtils (RatisPipelineUtils.java:destroyPipeline(66)) - Pipeline destroy failed for pipeline=PipelineID=c355fa8d-9ddd-4ba5-bf86-8bc1d30073b0 dn=445370a6-3850-4457-9c2c-f37f35928d12{ip: 192.168.5.184, host: pr-hdds-2022-qxstf-1422721469, networkLocation: /default-rack, certSerialId: null}
2019-09-16 16:58:45,884 [grpc-default-executor-7] INFO  impl.RaftServerProxy (RaftServerProxy.java:remove(95)) - e9d750f6-56b2-4d42-a810-39328f6044b5: remove group-8BC1D30073B0:null
2019-09-16 16:58:45,886 [RatisPipelineUtilsThread] WARN  pipeline.RatisPipelineUtils (RatisPipelineUtils.java:destroyPipeline(66)) - Pipeline destroy failed for pipeline=PipelineID=c355fa8d-9ddd-4ba5-bf86-8bc1d30073b0 dn=e9d750f6-56b2-4d42-a810-39328f6044b5{ip: 192.168.5.184, host: pr-hdds-2022-qxstf-1422721469, networkLocation: /default-rack, certSerialId: null}
2019-09-16 16:58:45,889 [grpc-default-executor-7] INFO  impl.RaftServerProxy (RaftServerProxy.java:remove(95)) - b38fff04-681d-43a3-90d0-26fe2e9a9866: remove group-8BC1D30073B0:null
2019-09-16 16:58:45,891 [RatisPipelineUtilsThread] WARN  pipeline.RatisPipelineUtils (RatisPipelineUtils.java:destroyPipeline(66)) - Pipeline destroy failed for pipeline=PipelineID=c355fa8d-9ddd-4ba5-bf86-8bc1d30073b0 dn=b38fff04-681d-43a3-90d0-26fe2e9a9866{ip: 192.168.5.184, host: pr-hdds-2022-qxstf-1422721469, networkLocation: /default-rack, certSerialId: null}
2019-09-16 16:58:45,891 [RatisPipelineUtilsThread] ERROR pipeline.SCMPipelineManager (Scheduler.java:lambda$schedule$1(70)) - Destroy pipeline failed for pipeline:Pipeline[ Id: c355fa8d-9ddd-4ba5-bf86-8bc1d30073b0, Nodes: 445370a6-3850-4457-9c2c-f37f35928d12{ip: 192.168.5.184, host: pr-hdds-2022-qxstf-1422721469, networkLocation: /default-rack, certSerialId: null}e9d750f6-56b2-4d42-a810-39328f6044b5{ip: 192.168.5.184, host: pr-hdds-2022-qxstf-1422721469, networkLocation: /default-rack, certSerialId: null}b38fff04-681d-43a3-90d0-26fe2e9a9866{ip: 192.168.5.184, host: pr-hdds-2022-qxstf-1422721469, networkLocation: /default-rack, certSerialId: null}, Type:RATIS, Factor:THREE, State:CLOSED]
org.apache.hadoop.hdds.scm.pipeline.PipelineNotFoundException: PipelineID=c355fa8d-9ddd-4ba5-bf86-8bc1d30073b0 not found
	at org.apache.hadoop.hdds.scm.pipeline.PipelineStateMap.getPipeline(PipelineStateMap.java:132)
	at org.apache.hadoop.hdds.scm.pipeline.PipelineStateMap.removePipeline(PipelineStateMap.java:322)
	at org.apache.hadoop.hdds.scm.pipeline.PipelineStateManager.removePipeline(PipelineStateManager.java:107)
	at org.apache.hadoop.hdds.scm.pipeline.SCMPipelineManager.removePipeline(SCMPipelineManager.java:423)
	at org.apache.hadoop.hdds.scm.pipeline.SCMPipelineManager.destroyPipeline(SCMPipelineManager.java:409)
	at org.apache.hadoop.hdds.scm.pipeline.SCMPipelineManager.lambda$finalizeAndDestroyPipeline$0(SCMPipelineManager.java:318)
	at org.apache.hadoop.utils.Scheduler.lambda$schedule$1(Scheduler.java:68)
	at java.util.concurrent.Executors$RunnableAdapter.call(Executors.java:511)
	at java.util.concurrent.FutureTask.run(FutureTask.java:266)
	at java.util.concurrent.ScheduledThreadPoolExecutor$ScheduledFutureTask.access$201(ScheduledThreadPoolExecutor.java:180)
	at java.util.concurrent.ScheduledThreadPoolExecutor$ScheduledFutureTask.run(ScheduledThreadPoolExecutor.java:293)
	at java.util.concurrent.ThreadPoolExecutor.runWorker(ThreadPoolExecutor.java:1149)
	at java.util.concurrent.ThreadPoolExecutor$Worker.run(ThreadPoolExecutor.java:624)
	at java.lang.Thread.run(Thread.java:748)
2019-09-16 16:58:47,271 [java.util.concurrent.ThreadPoolExecutor$Worker@3bba45ce[State = -1, empty queue]] WARN  server.GrpcLogAppender (GrpcLogAppender.java:timeoutAppendRequest(200)) - b176f217-5116-4f29-ae6c-8c5fe7374010@group-CB890FE5B329->c5a5e6b7-bb1e-4cfc-8262-1ca252faf540-GrpcLogAppender: appendEntries Timeout, request=b176f217-5116-4f29-ae6c-8c5fe7374010->c5a5e6b7-bb1e-4cfc-8262-1ca252faf540#85-t1, previous=(t:1, i:10), leaderCommit=4, initializing? false, entries: <empty>
2019-09-16 16:58:47,271 [java.util.concurrent.ThreadPoolExecutor$Worker@45f38be8[State = -1, empty queue]] WARN  server.GrpcLogAppender (GrpcLogAppender.java:timeoutAppendRequest(200)) - b176f217-5116-4f29-ae6c-8c5fe7374010@group-CB890FE5B329->55776132-47ae-4aef-91b7-92633cf48f43-GrpcLogAppender: appendEntries Timeout, request=b176f217-5116-4f29-ae6c-8c5fe7374010->55776132-47ae-4aef-91b7-92633cf48f43#85-t1, previous=(t:1, i:10), leaderCommit=4, initializing? false, entries: <empty>
2019-09-16 16:58:47,880 [grpc-default-executor-4] INFO  impl.RaftServerProxy (RaftServerProxy.java:remove(95)) - 445370a6-3850-4457-9c2c-f37f35928d12: remove group-8BC1D30073B0:null
2019-09-16 16:58:47,882 [RatisPipelineUtilsThread] WARN  pipeline.RatisPipelineUtils (RatisPipelineUtils.java:destroyPipeline(66)) - Pipeline destroy failed for pipeline=PipelineID=c355fa8d-9ddd-4ba5-bf86-8bc1d30073b0 dn=445370a6-3850-4457-9c2c-f37f35928d12{ip: 192.168.5.184, host: pr-hdds-2022-qxstf-1422721469, networkLocation: /default-rack, certSerialId: null}
2019-09-16 16:58:47,884 [grpc-default-executor-7] INFO  impl.RaftServerProxy (RaftServerProxy.java:remove(95)) - e9d750f6-56b2-4d42-a810-39328f6044b5: remove group-8BC1D30073B0:null
2019-09-16 16:58:47,886 [RatisPipelineUtilsThread] WARN  pipeline.RatisPipelineUtils (RatisPipelineUtils.java:destroyPipeline(66)) - Pipeline destroy failed for pipeline=PipelineID=c355fa8d-9ddd-4ba5-bf86-8bc1d30073b0 dn=e9d750f6-56b2-4d42-a810-39328f6044b5{ip: 192.168.5.184, host: pr-hdds-2022-qxstf-1422721469, networkLocation: /default-rack, certSerialId: null}
2019-09-16 16:58:47,888 [grpc-default-executor-7] INFO  impl.RaftServerProxy (RaftServerProxy.java:remove(95)) - b38fff04-681d-43a3-90d0-26fe2e9a9866: remove group-8BC1D30073B0:null
2019-09-16 16:58:47,890 [RatisPipelineUtilsThread] WARN  pipeline.RatisPipelineUtils (RatisPipelineUtils.java:destroyPipeline(66)) - Pipeline destroy failed for pipeline=PipelineID=c355fa8d-9ddd-4ba5-bf86-8bc1d30073b0 dn=b38fff04-681d-43a3-90d0-26fe2e9a9866{ip: 192.168.5.184, host: pr-hdds-2022-qxstf-1422721469, networkLocation: /default-rack, certSerialId: null}
2019-09-16 16:58:47,890 [RatisPipelineUtilsThread] ERROR pipeline.SCMPipelineManager (Scheduler.java:lambda$schedule$1(70)) - Destroy pipeline failed for pipeline:Pipeline[ Id: c355fa8d-9ddd-4ba5-bf86-8bc1d30073b0, Nodes: 445370a6-3850-4457-9c2c-f37f35928d12{ip: 192.168.5.184, host: pr-hdds-2022-qxstf-1422721469, networkLocation: /default-rack, certSerialId: null}e9d750f6-56b2-4d42-a810-39328f6044b5{ip: 192.168.5.184, host: pr-hdds-2022-qxstf-1422721469, networkLocation: /default-rack, certSerialId: null}b38fff04-681d-43a3-90d0-26fe2e9a9866{ip: 192.168.5.184, host: pr-hdds-2022-qxstf-1422721469, networkLocation: /default-rack, certSerialId: null}, Type:RATIS, Factor:THREE, State:CLOSED]
org.apache.hadoop.hdds.scm.pipeline.PipelineNotFoundException: PipelineID=c355fa8d-9ddd-4ba5-bf86-8bc1d30073b0 not found
	at org.apache.hadoop.hdds.scm.pipeline.PipelineStateMap.getPipeline(PipelineStateMap.java:132)
	at org.apache.hadoop.hdds.scm.pipeline.PipelineStateMap.removePipeline(PipelineStateMap.java:322)
	at org.apache.hadoop.hdds.scm.pipeline.PipelineStateManager.removePipeline(PipelineStateManager.java:107)
	at org.apache.hadoop.hdds.scm.pipeline.SCMPipelineManager.removePipeline(SCMPipelineManager.java:423)
	at org.apache.hadoop.hdds.scm.pipeline.SCMPipelineManager.destroyPipeline(SCMPipelineManager.java:409)
	at org.apache.hadoop.hdds.scm.pipeline.SCMPipelineManager.lambda$finalizeAndDestroyPipeline$0(SCMPipelineManager.java:318)
	at org.apache.hadoop.utils.Scheduler.lambda$schedule$1(Scheduler.java:68)
	at java.util.concurrent.Executors$RunnableAdapter.call(Executors.java:511)
	at java.util.concurrent.FutureTask.run(FutureTask.java:266)
	at java.util.concurrent.ScheduledThreadPoolExecutor$ScheduledFutureTask.access$201(ScheduledThreadPoolExecutor.java:180)
	at java.util.concurrent.ScheduledThreadPoolExecutor$ScheduledFutureTask.run(ScheduledThreadPoolExecutor.java:293)
	at java.util.concurrent.ThreadPoolExecutor.runWorker(ThreadPoolExecutor.java:1149)
	at java.util.concurrent.ThreadPoolExecutor$Worker.run(ThreadPoolExecutor.java:624)
	at java.lang.Thread.run(Thread.java:748)
2019-09-16 16:58:49,268 [b176f217-5116-4f29-ae6c-8c5fe7374010@group-CB890FE5B329-SegmentedRaftLogWorker] WARN  segmented.SegmentedRaftLogWorker (SegmentedRaftLogWorker.java:getFromFuture(90)) - Timeout 0/~
org.apache.ratis.protocol.TimeoutIOException: Timeout 10s: WriteLog:5: (t:1, i:5), STATEMACHINELOGENTRY, client-D82C98E0250F, cid=143-writeStateMachineData
	at org.apache.ratis.util.IOUtils.getFromFuture(IOUtils.java:87)
	at org.apache.ratis.server.raftlog.segmented.SegmentedRaftLogWorker$StateMachineDataPolicy.getFromFuture(SegmentedRaftLogWorker.java:87)
	at org.apache.ratis.server.raftlog.segmented.SegmentedRaftLogWorker$WriteLog.execute(SegmentedRaftLogWorker.java:477)
	at org.apache.ratis.server.raftlog.segmented.SegmentedRaftLogWorker.run(SegmentedRaftLogWorker.java:289)
	at java.lang.Thread.run(Thread.java:748)
Caused by: java.util.concurrent.TimeoutException
	at java.util.concurrent.CompletableFuture.timedGet(CompletableFuture.java:1771)
	at java.util.concurrent.CompletableFuture.get(CompletableFuture.java:1915)
	at org.apache.ratis.util.IOUtils.getFromFuture(IOUtils.java:79)
	... 4 more
2019-09-16 16:58:49,344 [grpc-default-executor-7] INFO  client.GrpcClientProtocolClient (GrpcClientProtocolClient.java:onNext(264)) - client-D82C98E0250F->c5a5e6b7-bb1e-4cfc-8262-1ca252faf540: receive RaftClientReply:client-D82C98E0250F->c5a5e6b7-bb1e-4cfc-8262-1ca252faf540@group-CB890FE5B329, cid=143, FAILED org.apache.ratis.protocol.NotLeaderException: Server c5a5e6b7-bb1e-4cfc-8262-1ca252faf540@group-CB890FE5B329 is not the leader b176f217-5116-4f29-ae6c-8c5fe7374010:192.168.5.184:36714, logIndex=0, commits[c5a5e6b7-bb1e-4cfc-8262-1ca252faf540:c4, 55776132-47ae-4aef-91b7-92633cf48f43:c3, b176f217-5116-4f29-ae6c-8c5fe7374010:c4]
2019-09-16 16:58:49,600 [55776132-47ae-4aef-91b7-92633cf48f43@group-CB890FE5B329-SegmentedRaftLogWorker] WARN  segmented.SegmentedRaftLogWorker (SegmentedRaftLogWorker.java:getFromFuture(90)) - Timeout 0/~
org.apache.ratis.protocol.TimeoutIOException: Timeout 10s: WriteLog:6: (t:1, i:6), STATEMACHINELOGENTRY, client-D82C98E0250F, cid=144-writeStateMachineData
	at org.apache.ratis.util.IOUtils.getFromFuture(IOUtils.java:87)
	at org.apache.ratis.server.raftlog.segmented.SegmentedRaftLogWorker$StateMachineDataPolicy.getFromFuture(SegmentedRaftLogWorker.java:87)
	at org.apache.ratis.server.raftlog.segmented.SegmentedRaftLogWorker$WriteLog.execute(SegmentedRaftLogWorker.java:477)
	at org.apache.ratis.server.raftlog.segmented.SegmentedRaftLogWorker.run(SegmentedRaftLogWorker.java:289)
	at java.lang.Thread.run(Thread.java:748)
Caused by: java.util.concurrent.TimeoutException
	at java.util.concurrent.CompletableFuture.timedGet(CompletableFuture.java:1771)
	at java.util.concurrent.CompletableFuture.get(CompletableFuture.java:1915)
	at org.apache.ratis.util.IOUtils.getFromFuture(IOUtils.java:79)
	... 4 more
2019-09-16 16:58:49,600 [c5a5e6b7-bb1e-4cfc-8262-1ca252faf540@group-CB890FE5B329-SegmentedRaftLogWorker] WARN  segmented.SegmentedRaftLogWorker (SegmentedRaftLogWorker.java:getFromFuture(90)) - Timeout 0/~
org.apache.ratis.protocol.TimeoutIOException: Timeout 10s: WriteLog:8: (t:1, i:8), STATEMACHINELOGENTRY, client-D82C98E0250F, cid=146-writeStateMachineData
	at org.apache.ratis.util.IOUtils.getFromFuture(IOUtils.java:87)
	at org.apache.ratis.server.raftlog.segmented.SegmentedRaftLogWorker$StateMachineDataPolicy.getFromFuture(SegmentedRaftLogWorker.java:87)
	at org.apache.ratis.server.raftlog.segmented.SegmentedRaftLogWorker$WriteLog.execute(SegmentedRaftLogWorker.java:477)
	at org.apache.ratis.server.raftlog.segmented.SegmentedRaftLogWorker.run(SegmentedRaftLogWorker.java:289)
	at java.lang.Thread.run(Thread.java:748)
Caused by: java.util.concurrent.TimeoutException
	at java.util.concurrent.CompletableFuture.timedGet(CompletableFuture.java:1771)
	at java.util.concurrent.CompletableFuture.get(CompletableFuture.java:1915)
	at org.apache.ratis.util.IOUtils.getFromFuture(IOUtils.java:79)
	... 4 more
2019-09-16 16:58:49,771 [java.util.concurrent.ThreadPoolExecutor$Worker@45f38be8[State = -1, empty queue]] WARN  server.GrpcLogAppender (GrpcLogAppender.java:timeoutAppendRequest(200)) - b176f217-5116-4f29-ae6c-8c5fe7374010@group-CB890FE5B329->55776132-47ae-4aef-91b7-92633cf48f43-GrpcLogAppender: appendEntries Timeout, request=b176f217-5116-4f29-ae6c-8c5fe7374010->55776132-47ae-4aef-91b7-92633cf48f43#86-t1, previous=(t:1, i:10), leaderCommit=4, initializing? false, entries: <empty>
2019-09-16 16:58:49,772 [java.util.concurrent.ThreadPoolExecutor$Worker@3bba45ce[State = -1, empty queue]] WARN  server.GrpcLogAppender (GrpcLogAppender.java:timeoutAppendRequest(200)) - b176f217-5116-4f29-ae6c-8c5fe7374010@group-CB890FE5B329->c5a5e6b7-bb1e-4cfc-8262-1ca252faf540-GrpcLogAppender: appendEntries Timeout, request=b176f217-5116-4f29-ae6c-8c5fe7374010->c5a5e6b7-bb1e-4cfc-8262-1ca252faf540#86-t1, previous=(t:1, i:10), leaderCommit=4, initializing? false, entries: <empty>
2019-09-16 16:58:50,880 [grpc-default-executor-7] INFO  impl.RaftServerProxy (RaftServerProxy.java:remove(95)) - 445370a6-3850-4457-9c2c-f37f35928d12: remove group-8BC1D30073B0:null
2019-09-16 16:58:50,882 [RatisPipelineUtilsThread] WARN  pipeline.RatisPipelineUtils (RatisPipelineUtils.java:destroyPipeline(66)) - Pipeline destroy failed for pipeline=PipelineID=c355fa8d-9ddd-4ba5-bf86-8bc1d30073b0 dn=445370a6-3850-4457-9c2c-f37f35928d12{ip: 192.168.5.184, host: pr-hdds-2022-qxstf-1422721469, networkLocation: /default-rack, certSerialId: null}
2019-09-16 16:58:50,884 [grpc-default-executor-7] INFO  impl.RaftServerProxy (RaftServerProxy.java:remove(95)) - e9d750f6-56b2-4d42-a810-39328f6044b5: remove group-8BC1D30073B0:null
2019-09-16 16:58:50,886 [RatisPipelineUtilsThread] WARN  pipeline.RatisPipelineUtils (RatisPipelineUtils.java:destroyPipeline(66)) - Pipeline destroy failed for pipeline=PipelineID=c355fa8d-9ddd-4ba5-bf86-8bc1d30073b0 dn=e9d750f6-56b2-4d42-a810-39328f6044b5{ip: 192.168.5.184, host: pr-hdds-2022-qxstf-1422721469, networkLocation: /default-rack, certSerialId: null}
2019-09-16 16:58:50,888 [grpc-default-executor-7] INFO  impl.RaftServerProxy (RaftServerProxy.java:remove(95)) - b38fff04-681d-43a3-90d0-26fe2e9a9866: remove group-8BC1D30073B0:null
2019-09-16 16:58:50,890 [RatisPipelineUtilsThread] WARN  pipeline.RatisPipelineUtils (RatisPipelineUtils.java:destroyPipeline(66)) - Pipeline destroy failed for pipeline=PipelineID=c355fa8d-9ddd-4ba5-bf86-8bc1d30073b0 dn=b38fff04-681d-43a3-90d0-26fe2e9a9866{ip: 192.168.5.184, host: pr-hdds-2022-qxstf-1422721469, networkLocation: /default-rack, certSerialId: null}
2019-09-16 16:58:50,890 [RatisPipelineUtilsThread] ERROR pipeline.SCMPipelineManager (Scheduler.java:lambda$schedule$1(70)) - Destroy pipeline failed for pipeline:Pipeline[ Id: c355fa8d-9ddd-4ba5-bf86-8bc1d30073b0, Nodes: 445370a6-3850-4457-9c2c-f37f35928d12{ip: 192.168.5.184, host: pr-hdds-2022-qxstf-1422721469, networkLocation: /default-rack, certSerialId: null}e9d750f6-56b2-4d42-a810-39328f6044b5{ip: 192.168.5.184, host: pr-hdds-2022-qxstf-1422721469, networkLocation: /default-rack, certSerialId: null}b38fff04-681d-43a3-90d0-26fe2e9a9866{ip: 192.168.5.184, host: pr-hdds-2022-qxstf-1422721469, networkLocation: /default-rack, certSerialId: null}, Type:RATIS, Factor:THREE, State:CLOSED]
org.apache.hadoop.hdds.scm.pipeline.PipelineNotFoundException: PipelineID=c355fa8d-9ddd-4ba5-bf86-8bc1d30073b0 not found
	at org.apache.hadoop.hdds.scm.pipeline.PipelineStateMap.getPipeline(PipelineStateMap.java:132)
	at org.apache.hadoop.hdds.scm.pipeline.PipelineStateMap.removePipeline(PipelineStateMap.java:322)
	at org.apache.hadoop.hdds.scm.pipeline.PipelineStateManager.removePipeline(PipelineStateManager.java:107)
	at org.apache.hadoop.hdds.scm.pipeline.SCMPipelineManager.removePipeline(SCMPipelineManager.java:423)
	at org.apache.hadoop.hdds.scm.pipeline.SCMPipelineManager.destroyPipeline(SCMPipelineManager.java:409)
	at org.apache.hadoop.hdds.scm.pipeline.SCMPipelineManager.lambda$finalizeAndDestroyPipeline$0(SCMPipelineManager.java:318)
	at org.apache.hadoop.utils.Scheduler.lambda$schedule$1(Scheduler.java:68)
	at java.util.concurrent.Executors$RunnableAdapter.call(Executors.java:511)
	at java.util.concurrent.FutureTask.run(FutureTask.java:266)
	at java.util.concurrent.ScheduledThreadPoolExecutor$ScheduledFutureTask.access$201(ScheduledThreadPoolExecutor.java:180)
	at java.util.concurrent.ScheduledThreadPoolExecutor$ScheduledFutureTask.run(ScheduledThreadPoolExecutor.java:293)
	at java.util.concurrent.ThreadPoolExecutor.runWorker(ThreadPoolExecutor.java:1149)
	at java.util.concurrent.ThreadPoolExecutor$Worker.run(ThreadPoolExecutor.java:624)
	at java.lang.Thread.run(Thread.java:748)
2019-09-16 16:58:52,272 [java.util.concurrent.ThreadPoolExecutor$Worker@45f38be8[State = -1, empty queue]] WARN  server.GrpcLogAppender (GrpcLogAppender.java:timeoutAppendRequest(200)) - b176f217-5116-4f29-ae6c-8c5fe7374010@group-CB890FE5B329->55776132-47ae-4aef-91b7-92633cf48f43-GrpcLogAppender: appendEntries Timeout, request=b176f217-5116-4f29-ae6c-8c5fe7374010->55776132-47ae-4aef-91b7-92633cf48f43#87-t1, previous=(t:1, i:10), leaderCommit=4, initializing? false, entries: <empty>
2019-09-16 16:58:52,272 [java.util.concurrent.ThreadPoolExecutor$Worker@3bba45ce[State = -1, empty queue]] WARN  server.GrpcLogAppender (GrpcLogAppender.java:timeoutAppendRequest(200)) - b176f217-5116-4f29-ae6c-8c5fe7374010@group-CB890FE5B329->c5a5e6b7-bb1e-4cfc-8262-1ca252faf540-GrpcLogAppender: appendEntries Timeout, request=b176f217-5116-4f29-ae6c-8c5fe7374010->c5a5e6b7-bb1e-4cfc-8262-1ca252faf540#87-t1, previous=(t:1, i:10), leaderCommit=4, initializing? false, entries: <empty>
2019-09-16 16:58:52,881 [grpc-default-executor-7] INFO  impl.RaftServerProxy (RaftServerProxy.java:remove(95)) - 445370a6-3850-4457-9c2c-f37f35928d12: remove group-8BC1D30073B0:null
2019-09-16 16:58:52,884 [RatisPipelineUtilsThread] WARN  pipeline.RatisPipelineUtils (RatisPipelineUtils.java:destroyPipeline(66)) - Pipeline destroy failed for pipeline=PipelineID=c355fa8d-9ddd-4ba5-bf86-8bc1d30073b0 dn=445370a6-3850-4457-9c2c-f37f35928d12{ip: 192.168.5.184, host: pr-hdds-2022-qxstf-1422721469, networkLocation: /default-rack, certSerialId: null}
2019-09-16 16:58:52,887 [grpc-default-executor-7] INFO  impl.RaftServerProxy (RaftServerProxy.java:remove(95)) - e9d750f6-56b2-4d42-a810-39328f6044b5: remove group-8BC1D30073B0:null
2019-09-16 16:58:52,890 [RatisPipelineUtilsThread] WARN  pipeline.RatisPipelineUtils (RatisPipelineUtils.java:destroyPipeline(66)) - Pipeline destroy failed for pipeline=PipelineID=c355fa8d-9ddd-4ba5-bf86-8bc1d30073b0 dn=e9d750f6-56b2-4d42-a810-39328f6044b5{ip: 192.168.5.184, host: pr-hdds-2022-qxstf-1422721469, networkLocation: /default-rack, certSerialId: null}
2019-09-16 16:58:52,893 [grpc-default-executor-7] INFO  impl.RaftServerProxy (RaftServerProxy.java:remove(95)) - b38fff04-681d-43a3-90d0-26fe2e9a9866: remove group-8BC1D30073B0:null
2019-09-16 16:58:52,895 [RatisPipelineUtilsThread] WARN  pipeline.RatisPipelineUtils (RatisPipelineUtils.java:destroyPipeline(66)) - Pipeline destroy failed for pipeline=PipelineID=c355fa8d-9ddd-4ba5-bf86-8bc1d30073b0 dn=b38fff04-681d-43a3-90d0-26fe2e9a9866{ip: 192.168.5.184, host: pr-hdds-2022-qxstf-1422721469, networkLocation: /default-rack, certSerialId: null}
2019-09-16 16:58:52,896 [RatisPipelineUtilsThread] ERROR pipeline.SCMPipelineManager (Scheduler.java:lambda$schedule$1(70)) - Destroy pipeline failed for pipeline:Pipeline[ Id: c355fa8d-9ddd-4ba5-bf86-8bc1d30073b0, Nodes: 445370a6-3850-4457-9c2c-f37f35928d12{ip: 192.168.5.184, host: pr-hdds-2022-qxstf-1422721469, networkLocation: /default-rack, certSerialId: null}e9d750f6-56b2-4d42-a810-39328f6044b5{ip: 192.168.5.184, host: pr-hdds-2022-qxstf-1422721469, networkLocation: /default-rack, certSerialId: null}b38fff04-681d-43a3-90d0-26fe2e9a9866{ip: 192.168.5.184, host: pr-hdds-2022-qxstf-1422721469, networkLocation: /default-rack, certSerialId: null}, Type:RATIS, Factor:THREE, State:CLOSED]
org.apache.hadoop.hdds.scm.pipeline.PipelineNotFoundException: PipelineID=c355fa8d-9ddd-4ba5-bf86-8bc1d30073b0 not found
	at org.apache.hadoop.hdds.scm.pipeline.PipelineStateMap.getPipeline(PipelineStateMap.java:132)
	at org.apache.hadoop.hdds.scm.pipeline.PipelineStateMap.removePipeline(PipelineStateMap.java:322)
	at org.apache.hadoop.hdds.scm.pipeline.PipelineStateManager.removePipeline(PipelineStateManager.java:107)
	at org.apache.hadoop.hdds.scm.pipeline.SCMPipelineManager.removePipeline(SCMPipelineManager.java:423)
	at org.apache.hadoop.hdds.scm.pipeline.SCMPipelineManager.destroyPipeline(SCMPipelineManager.java:409)
	at org.apache.hadoop.hdds.scm.pipeline.SCMPipelineManager.lambda$finalizeAndDestroyPipeline$0(SCMPipelineManager.java:318)
	at org.apache.hadoop.utils.Scheduler.lambda$schedule$1(Scheduler.java:68)
	at java.util.concurrent.Executors$RunnableAdapter.call(Executors.java:511)
	at java.util.concurrent.FutureTask.run(FutureTask.java:266)
	at java.util.concurrent.ScheduledThreadPoolExecutor$ScheduledFutureTask.access$201(ScheduledThreadPoolExecutor.java:180)
	at java.util.concurrent.ScheduledThreadPoolExecutor$ScheduledFutureTask.run(ScheduledThreadPoolExecutor.java:293)
	at java.util.concurrent.ThreadPoolExecutor.runWorker(ThreadPoolExecutor.java:1149)
	at java.util.concurrent.ThreadPoolExecutor$Worker.run(ThreadPoolExecutor.java:624)
	at java.lang.Thread.run(Thread.java:748)
2019-09-16 16:58:54,415 [grpc-default-executor-7] INFO  client.GrpcClientProtocolClient (GrpcClientProtocolClient.java:onNext(264)) - client-D82C98E0250F->c5a5e6b7-bb1e-4cfc-8262-1ca252faf540: receive RaftClientReply:client-D82C98E0250F->c5a5e6b7-bb1e-4cfc-8262-1ca252faf540@group-CB890FE5B329, cid=143, FAILED org.apache.ratis.protocol.NotLeaderException: Server c5a5e6b7-bb1e-4cfc-8262-1ca252faf540@group-CB890FE5B329 is not the leader b176f217-5116-4f29-ae6c-8c5fe7374010:192.168.5.184:36714, logIndex=0, commits[c5a5e6b7-bb1e-4cfc-8262-1ca252faf540:c4, 55776132-47ae-4aef-91b7-92633cf48f43:c3, b176f217-5116-4f29-ae6c-8c5fe7374010:c4]
2019-09-16 16:58:54,772 [java.util.concurrent.ThreadPoolExecutor$Worker@3bba45ce[State = -1, empty queue]] WARN  server.GrpcLogAppender (GrpcLogAppender.java:timeoutAppendRequest(200)) - b176f217-5116-4f29-ae6c-8c5fe7374010@group-CB890FE5B329->c5a5e6b7-bb1e-4cfc-8262-1ca252faf540-GrpcLogAppender: appendEntries Timeout, request=b176f217-5116-4f29-ae6c-8c5fe7374010->c5a5e6b7-bb1e-4cfc-8262-1ca252faf540#88-t1, previous=(t:1, i:10), leaderCommit=4, initializing? false, entries: <empty>
2019-09-16 16:58:54,772 [java.util.concurrent.ThreadPoolExecutor$Worker@45f38be8[State = -1, empty queue]] WARN  server.GrpcLogAppender (GrpcLogAppender.java:timeoutAppendRequest(200)) - b176f217-5116-4f29-ae6c-8c5fe7374010@group-CB890FE5B329->55776132-47ae-4aef-91b7-92633cf48f43-GrpcLogAppender: appendEntries Timeout, request=b176f217-5116-4f29-ae6c-8c5fe7374010->55776132-47ae-4aef-91b7-92633cf48f43#88-t1, previous=(t:1, i:10), leaderCommit=4, initializing? false, entries: <empty>
2019-09-16 16:58:55,887 [grpc-default-executor-7] INFO  impl.RaftServerProxy (RaftServerProxy.java:remove(95)) - 445370a6-3850-4457-9c2c-f37f35928d12: remove group-8BC1D30073B0:null
2019-09-16 16:58:55,892 [RatisPipelineUtilsThread] WARN  pipeline.RatisPipelineUtils (RatisPipelineUtils.java:destroyPipeline(66)) - Pipeline destroy failed for pipeline=PipelineID=c355fa8d-9ddd-4ba5-bf86-8bc1d30073b0 dn=445370a6-3850-4457-9c2c-f37f35928d12{ip: 192.168.5.184, host: pr-hdds-2022-qxstf-1422721469, networkLocation: /default-rack, certSerialId: null}
2019-09-16 16:58:55,895 [grpc-default-executor-7] INFO  impl.RaftServerProxy (RaftServerProxy.java:remove(95)) - e9d750f6-56b2-4d42-a810-39328f6044b5: remove group-8BC1D30073B0:null
2019-09-16 16:58:55,898 [RatisPipelineUtilsThread] WARN  pipeline.RatisPipelineUtils (RatisPipelineUtils.java:destroyPipeline(66)) - Pipeline destroy failed for pipeline=PipelineID=c355fa8d-9ddd-4ba5-bf86-8bc1d30073b0 dn=e9d750f6-56b2-4d42-a810-39328f6044b5{ip: 192.168.5.184, host: pr-hdds-2022-qxstf-1422721469, networkLocation: /default-rack, certSerialId: null}
2019-09-16 16:58:55,900 [grpc-default-executor-7] INFO  impl.RaftServerProxy (RaftServerProxy.java:remove(95)) - b38fff04-681d-43a3-90d0-26fe2e9a9866: remove group-8BC1D30073B0:null
2019-09-16 16:58:55,902 [RatisPipelineUtilsThread] WARN  pipeline.RatisPipelineUtils (RatisPipelineUtils.java:destroyPipeline(66)) - Pipeline destroy failed for pipeline=PipelineID=c355fa8d-9ddd-4ba5-bf86-8bc1d30073b0 dn=b38fff04-681d-43a3-90d0-26fe2e9a9866{ip: 192.168.5.184, host: pr-hdds-2022-qxstf-1422721469, networkLocation: /default-rack, certSerialId: null}
2019-09-16 16:58:55,902 [RatisPipelineUtilsThread] ERROR pipeline.SCMPipelineManager (Scheduler.java:lambda$schedule$1(70)) - Destroy pipeline failed for pipeline:Pipeline[ Id: c355fa8d-9ddd-4ba5-bf86-8bc1d30073b0, Nodes: 445370a6-3850-4457-9c2c-f37f35928d12{ip: 192.168.5.184, host: pr-hdds-2022-qxstf-1422721469, networkLocation: /default-rack, certSerialId: null}e9d750f6-56b2-4d42-a810-39328f6044b5{ip: 192.168.5.184, host: pr-hdds-2022-qxstf-1422721469, networkLocation: /default-rack, certSerialId: null}b38fff04-681d-43a3-90d0-26fe2e9a9866{ip: 192.168.5.184, host: pr-hdds-2022-qxstf-1422721469, networkLocation: /default-rack, certSerialId: null}, Type:RATIS, Factor:THREE, State:CLOSED]
org.apache.hadoop.hdds.scm.pipeline.PipelineNotFoundException: PipelineID=c355fa8d-9ddd-4ba5-bf86-8bc1d30073b0 not found
	at org.apache.hadoop.hdds.scm.pipeline.PipelineStateMap.getPipeline(PipelineStateMap.java:132)
	at org.apache.hadoop.hdds.scm.pipeline.PipelineStateMap.removePipeline(PipelineStateMap.java:322)
	at org.apache.hadoop.hdds.scm.pipeline.PipelineStateManager.removePipeline(PipelineStateManager.java:107)
	at org.apache.hadoop.hdds.scm.pipeline.SCMPipelineManager.removePipeline(SCMPipelineManager.java:423)
	at org.apache.hadoop.hdds.scm.pipeline.SCMPipelineManager.destroyPipeline(SCMPipelineManager.java:409)
	at org.apache.hadoop.hdds.scm.pipeline.SCMPipelineManager.lambda$finalizeAndDestroyPipeline$0(SCMPipelineManager.java:318)
	at org.apache.hadoop.utils.Scheduler.lambda$schedule$1(Scheduler.java:68)
	at java.util.concurrent.Executors$RunnableAdapter.call(Executors.java:511)
	at java.util.concurrent.FutureTask.run(FutureTask.java:266)
	at java.util.concurrent.ScheduledThreadPoolExecutor$ScheduledFutureTask.access$201(ScheduledThreadPoolExecutor.java:180)
	at java.util.concurrent.ScheduledThreadPoolExecutor$ScheduledFutureTask.run(ScheduledThreadPoolExecutor.java:293)
	at java.util.concurrent.ThreadPoolExecutor.runWorker(ThreadPoolExecutor.java:1149)
	at java.util.concurrent.ThreadPoolExecutor$Worker.run(ThreadPoolExecutor.java:624)
	at java.lang.Thread.run(Thread.java:748)
2019-09-16 16:58:57,273 [java.util.concurrent.ThreadPoolExecutor$Worker@45f38be8[State = -1, empty queue]] WARN  server.GrpcLogAppender (GrpcLogAppender.java:timeoutAppendRequest(200)) - b176f217-5116-4f29-ae6c-8c5fe7374010@group-CB890FE5B329->55776132-47ae-4aef-91b7-92633cf48f43-GrpcLogAppender: appendEntries Timeout, request=b176f217-5116-4f29-ae6c-8c5fe7374010->55776132-47ae-4aef-91b7-92633cf48f43#89-t1, previous=(t:1, i:10), leaderCommit=4, initializing? false, entries: <empty>
2019-09-16 16:58:57,273 [java.util.concurrent.ThreadPoolExecutor$Worker@3bba45ce[State = -1, empty queue]] WARN  server.GrpcLogAppender (GrpcLogAppender.java:timeoutAppendRequest(200)) - b176f217-5116-4f29-ae6c-8c5fe7374010@group-CB890FE5B329->c5a5e6b7-bb1e-4cfc-8262-1ca252faf540-GrpcLogAppender: appendEntries Timeout, request=b176f217-5116-4f29-ae6c-8c5fe7374010->c5a5e6b7-bb1e-4cfc-8262-1ca252faf540#89-t1, previous=(t:1, i:10), leaderCommit=4, initializing? false, entries: <empty>
2019-09-16 16:58:57,884 [grpc-default-executor-7] INFO  impl.RaftServerProxy (RaftServerProxy.java:remove(95)) - 445370a6-3850-4457-9c2c-f37f35928d12: remove group-8BC1D30073B0:null
2019-09-16 16:58:57,887 [RatisPipelineUtilsThread] WARN  pipeline.RatisPipelineUtils (RatisPipelineUtils.java:destroyPipeline(66)) - Pipeline destroy failed for pipeline=PipelineID=c355fa8d-9ddd-4ba5-bf86-8bc1d30073b0 dn=445370a6-3850-4457-9c2c-f37f35928d12{ip: 192.168.5.184, host: pr-hdds-2022-qxstf-1422721469, networkLocation: /default-rack, certSerialId: null}
2019-09-16 16:58:57,889 [grpc-default-executor-7] INFO  impl.RaftServerProxy (RaftServerProxy.java:remove(95)) - e9d750f6-56b2-4d42-a810-39328f6044b5: remove group-8BC1D30073B0:null
2019-09-16 16:58:57,891 [RatisPipelineUtilsThread] WARN  pipeline.RatisPipelineUtils (RatisPipelineUtils.java:destroyPipeline(66)) - Pipeline destroy failed for pipeline=PipelineID=c355fa8d-9ddd-4ba5-bf86-8bc1d30073b0 dn=e9d750f6-56b2-4d42-a810-39328f6044b5{ip: 192.168.5.184, host: pr-hdds-2022-qxstf-1422721469, networkLocation: /default-rack, certSerialId: null}
2019-09-16 16:58:57,893 [grpc-default-executor-7] INFO  impl.RaftServerProxy (RaftServerProxy.java:remove(95)) - b38fff04-681d-43a3-90d0-26fe2e9a9866: remove group-8BC1D30073B0:null
2019-09-16 16:58:57,895 [RatisPipelineUtilsThread] WARN  pipeline.RatisPipelineUtils (RatisPipelineUtils.java:destroyPipeline(66)) - Pipeline destroy failed for pipeline=PipelineID=c355fa8d-9ddd-4ba5-bf86-8bc1d30073b0 dn=b38fff04-681d-43a3-90d0-26fe2e9a9866{ip: 192.168.5.184, host: pr-hdds-2022-qxstf-1422721469, networkLocation: /default-rack, certSerialId: null}
2019-09-16 16:58:57,895 [RatisPipelineUtilsThread] ERROR pipeline.SCMPipelineManager (Scheduler.java:lambda$schedule$1(70)) - Destroy pipeline failed for pipeline:Pipeline[ Id: c355fa8d-9ddd-4ba5-bf86-8bc1d30073b0, Nodes: 445370a6-3850-4457-9c2c-f37f35928d12{ip: 192.168.5.184, host: pr-hdds-2022-qxstf-1422721469, networkLocation: /default-rack, certSerialId: null}e9d750f6-56b2-4d42-a810-39328f6044b5{ip: 192.168.5.184, host: pr-hdds-2022-qxstf-1422721469, networkLocation: /default-rack, certSerialId: null}b38fff04-681d-43a3-90d0-26fe2e9a9866{ip: 192.168.5.184, host: pr-hdds-2022-qxstf-1422721469, networkLocation: /default-rack, certSerialId: null}, Type:RATIS, Factor:THREE, State:CLOSED]
org.apache.hadoop.hdds.scm.pipeline.PipelineNotFoundException: PipelineID=c355fa8d-9ddd-4ba5-bf86-8bc1d30073b0 not found
	at org.apache.hadoop.hdds.scm.pipeline.PipelineStateMap.getPipeline(PipelineStateMap.java:132)
	at org.apache.hadoop.hdds.scm.pipeline.PipelineStateMap.removePipeline(PipelineStateMap.java:322)
	at org.apache.hadoop.hdds.scm.pipeline.PipelineStateManager.removePipeline(PipelineStateManager.java:107)
	at org.apache.hadoop.hdds.scm.pipeline.SCMPipelineManager.removePipeline(SCMPipelineManager.java:423)
	at org.apache.hadoop.hdds.scm.pipeline.SCMPipelineManager.destroyPipeline(SCMPipelineManager.java:409)
	at org.apache.hadoop.hdds.scm.pipeline.SCMPipelineManager.lambda$finalizeAndDestroyPipeline$0(SCMPipelineManager.java:318)
	at org.apache.hadoop.utils.Scheduler.lambda$schedule$1(Scheduler.java:68)
	at java.util.concurrent.Executors$RunnableAdapter.call(Executors.java:511)
	at java.util.concurrent.FutureTask.run(FutureTask.java:266)
	at java.util.concurrent.ScheduledThreadPoolExecutor$ScheduledFutureTask.access$201(ScheduledThreadPoolExecutor.java:180)
	at java.util.concurrent.ScheduledThreadPoolExecutor$ScheduledFutureTask.run(ScheduledThreadPoolExecutor.java:293)
	at java.util.concurrent.ThreadPoolExecutor.runWorker(ThreadPoolExecutor.java:1149)
	at java.util.concurrent.ThreadPoolExecutor$Worker.run(ThreadPoolExecutor.java:624)
	at java.lang.Thread.run(Thread.java:748)
2019-09-16 16:58:59,268 [b176f217-5116-4f29-ae6c-8c5fe7374010@group-CB890FE5B329-SegmentedRaftLogWorker] WARN  segmented.SegmentedRaftLogWorker (SegmentedRaftLogWorker.java:getFromFuture(90)) - Timeout 1/~
org.apache.ratis.protocol.TimeoutIOException: Timeout 10s: WriteLog:5: (t:1, i:5), STATEMACHINELOGENTRY, client-D82C98E0250F, cid=143-writeStateMachineData
	at org.apache.ratis.util.IOUtils.getFromFuture(IOUtils.java:87)
	at org.apache.ratis.server.raftlog.segmented.SegmentedRaftLogWorker$StateMachineDataPolicy.getFromFuture(SegmentedRaftLogWorker.java:87)
	at org.apache.ratis.server.raftlog.segmented.SegmentedRaftLogWorker$WriteLog.execute(SegmentedRaftLogWorker.java:477)
	at org.apache.ratis.server.raftlog.segmented.SegmentedRaftLogWorker.run(SegmentedRaftLogWorker.java:289)
	at java.lang.Thread.run(Thread.java:748)
Caused by: java.util.concurrent.TimeoutException
	at java.util.concurrent.CompletableFuture.timedGet(CompletableFuture.java:1771)
	at java.util.concurrent.CompletableFuture.get(CompletableFuture.java:1915)
	at org.apache.ratis.util.IOUtils.getFromFuture(IOUtils.java:79)
	... 4 more
2019-09-16 16:58:59,449 [grpc-default-executor-7] INFO  client.GrpcClientProtocolClient (GrpcClientProtocolClient.java:onNext(264)) - client-D82C98E0250F->55776132-47ae-4aef-91b7-92633cf48f43: receive RaftClientReply:client-D82C98E0250F->55776132-47ae-4aef-91b7-92633cf48f43@group-CB890FE5B329, cid=143, FAILED org.apache.ratis.protocol.NotLeaderException: Server 55776132-47ae-4aef-91b7-92633cf48f43@group-CB890FE5B329 is not the leader b176f217-5116-4f29-ae6c-8c5fe7374010:192.168.5.184:36714, logIndex=0, commits[55776132-47ae-4aef-91b7-92633cf48f43:c4, c5a5e6b7-bb1e-4cfc-8262-1ca252faf540:c3, b176f217-5116-4f29-ae6c-8c5fe7374010:c4]
2019-09-16 16:58:59,600 [55776132-47ae-4aef-91b7-92633cf48f43@group-CB890FE5B329-SegmentedRaftLogWorker] WARN  segmented.SegmentedRaftLogWorker (SegmentedRaftLogWorker.java:getFromFuture(90)) - Timeout 1/~
org.apache.ratis.protocol.TimeoutIOException: Timeout 10s: WriteLog:6: (t:1, i:6), STATEMACHINELOGENTRY, client-D82C98E0250F, cid=144-writeStateMachineData
	at org.apache.ratis.util.IOUtils.getFromFuture(IOUtils.java:87)
	at org.apache.ratis.server.raftlog.segmented.SegmentedRaftLogWorker$StateMachineDataPolicy.getFromFuture(SegmentedRaftLogWorker.java:87)
	at org.apache.ratis.server.raftlog.segmented.SegmentedRaftLogWorker$WriteLog.execute(SegmentedRaftLogWorker.java:477)
	at org.apache.ratis.server.raftlog.segmented.SegmentedRaftLogWorker.run(SegmentedRaftLogWorker.java:289)
	at java.lang.Thread.run(Thread.java:748)
Caused by: java.util.concurrent.TimeoutException
	at java.util.concurrent.CompletableFuture.timedGet(CompletableFuture.java:1771)
	at java.util.concurrent.CompletableFuture.get(CompletableFuture.java:1915)
	at org.apache.ratis.util.IOUtils.getFromFuture(IOUtils.java:79)
	... 4 more
2019-09-16 16:58:59,601 [c5a5e6b7-bb1e-4cfc-8262-1ca252faf540@group-CB890FE5B329-SegmentedRaftLogWorker] WARN  segmented.SegmentedRaftLogWorker (SegmentedRaftLogWorker.java:getFromFuture(90)) - Timeout 1/~
org.apache.ratis.protocol.TimeoutIOException: Timeout 10s: WriteLog:8: (t:1, i:8), STATEMACHINELOGENTRY, client-D82C98E0250F, cid=146-writeStateMachineData
	at org.apache.ratis.util.IOUtils.getFromFuture(IOUtils.java:87)
	at org.apache.ratis.server.raftlog.segmented.SegmentedRaftLogWorker$StateMachineDataPolicy.getFromFuture(SegmentedRaftLogWorker.java:87)
	at org.apache.ratis.server.raftlog.segmented.SegmentedRaftLogWorker$WriteLog.execute(SegmentedRaftLogWorker.java:477)
	at org.apache.ratis.server.raftlog.segmented.SegmentedRaftLogWorker.run(SegmentedRaftLogWorker.java:289)
	at java.lang.Thread.run(Thread.java:748)
Caused by: java.util.concurrent.TimeoutException
	at java.util.concurrent.CompletableFuture.timedGet(CompletableFuture.java:1771)
	at java.util.concurrent.CompletableFuture.get(CompletableFuture.java:1915)
	at org.apache.ratis.util.IOUtils.getFromFuture(IOUtils.java:79)
	... 4 more
2019-09-16 16:58:59,773 [java.util.concurrent.ThreadPoolExecutor$Worker@3bba45ce[State = -1, empty queue]] WARN  server.GrpcLogAppender (GrpcLogAppender.java:timeoutAppendRequest(200)) - b176f217-5116-4f29-ae6c-8c5fe7374010@group-CB890FE5B329->c5a5e6b7-bb1e-4cfc-8262-1ca252faf540-GrpcLogAppender: appendEntries Timeout, request=b176f217-5116-4f29-ae6c-8c5fe7374010->c5a5e6b7-bb1e-4cfc-8262-1ca252faf540#90-t1, previous=(t:1, i:10), leaderCommit=4, initializing? false, entries: <empty>
2019-09-16 16:58:59,773 [java.util.concurrent.ThreadPoolExecutor$Worker@45f38be8[State = -1, empty queue]] WARN  server.GrpcLogAppender (GrpcLogAppender.java:timeoutAppendRequest(200)) - b176f217-5116-4f29-ae6c-8c5fe7374010@group-CB890FE5B329->55776132-47ae-4aef-91b7-92633cf48f43-GrpcLogAppender: appendEntries Timeout, request=b176f217-5116-4f29-ae6c-8c5fe7374010->55776132-47ae-4aef-91b7-92633cf48f43#90-t1, previous=(t:1, i:10), leaderCommit=4, initializing? false, entries: <empty>
2019-09-16 16:59:00,885 [grpc-default-executor-7] INFO  impl.RaftServerProxy (RaftServerProxy.java:remove(95)) - 445370a6-3850-4457-9c2c-f37f35928d12: remove group-8BC1D30073B0:null
2019-09-16 16:59:00,889 [RatisPipelineUtilsThread] WARN  pipeline.RatisPipelineUtils (RatisPipelineUtils.java:destroyPipeline(66)) - Pipeline destroy failed for pipeline=PipelineID=c355fa8d-9ddd-4ba5-bf86-8bc1d30073b0 dn=445370a6-3850-4457-9c2c-f37f35928d12{ip: 192.168.5.184, host: pr-hdds-2022-qxstf-1422721469, networkLocation: /default-rack, certSerialId: null}
2019-09-16 16:59:00,893 [grpc-default-executor-7] INFO  impl.RaftServerProxy (RaftServerProxy.java:remove(95)) - e9d750f6-56b2-4d42-a810-39328f6044b5: remove group-8BC1D30073B0:null
2019-09-16 16:59:00,895 [RatisPipelineUtilsThread] WARN  pipeline.RatisPipelineUtils (RatisPipelineUtils.java:destroyPipeline(66)) - Pipeline destroy failed for pipeline=PipelineID=c355fa8d-9ddd-4ba5-bf86-8bc1d30073b0 dn=e9d750f6-56b2-4d42-a810-39328f6044b5{ip: 192.168.5.184, host: pr-hdds-2022-qxstf-1422721469, networkLocation: /default-rack, certSerialId: null}
2019-09-16 16:59:00,897 [grpc-default-executor-7] INFO  impl.RaftServerProxy (RaftServerProxy.java:remove(95)) - b38fff04-681d-43a3-90d0-26fe2e9a9866: remove group-8BC1D30073B0:null
2019-09-16 16:59:00,900 [RatisPipelineUtilsThread] WARN  pipeline.RatisPipelineUtils (RatisPipelineUtils.java:destroyPipeline(66)) - Pipeline destroy failed for pipeline=PipelineID=c355fa8d-9ddd-4ba5-bf86-8bc1d30073b0 dn=b38fff04-681d-43a3-90d0-26fe2e9a9866{ip: 192.168.5.184, host: pr-hdds-2022-qxstf-1422721469, networkLocation: /default-rack, certSerialId: null}
2019-09-16 16:59:00,901 [RatisPipelineUtilsThread] ERROR pipeline.SCMPipelineManager (Scheduler.java:lambda$schedule$1(70)) - Destroy pipeline failed for pipeline:Pipeline[ Id: c355fa8d-9ddd-4ba5-bf86-8bc1d30073b0, Nodes: 445370a6-3850-4457-9c2c-f37f35928d12{ip: 192.168.5.184, host: pr-hdds-2022-qxstf-1422721469, networkLocation: /default-rack, certSerialId: null}e9d750f6-56b2-4d42-a810-39328f6044b5{ip: 192.168.5.184, host: pr-hdds-2022-qxstf-1422721469, networkLocation: /default-rack, certSerialId: null}b38fff04-681d-43a3-90d0-26fe2e9a9866{ip: 192.168.5.184, host: pr-hdds-2022-qxstf-1422721469, networkLocation: /default-rack, certSerialId: null}, Type:RATIS, Factor:THREE, State:CLOSED]
org.apache.hadoop.hdds.scm.pipeline.PipelineNotFoundException: PipelineID=c355fa8d-9ddd-4ba5-bf86-8bc1d30073b0 not found
	at org.apache.hadoop.hdds.scm.pipeline.PipelineStateMap.getPipeline(PipelineStateMap.java:132)
	at org.apache.hadoop.hdds.scm.pipeline.PipelineStateMap.removePipeline(PipelineStateMap.java:322)
	at org.apache.hadoop.hdds.scm.pipeline.PipelineStateManager.removePipeline(PipelineStateManager.java:107)
	at org.apache.hadoop.hdds.scm.pipeline.SCMPipelineManager.removePipeline(SCMPipelineManager.java:423)
	at org.apache.hadoop.hdds.scm.pipeline.SCMPipelineManager.destroyPipeline(SCMPipelineManager.java:409)
	at org.apache.hadoop.hdds.scm.pipeline.SCMPipelineManager.lambda$finalizeAndDestroyPipeline$0(SCMPipelineManager.java:318)
	at org.apache.hadoop.utils.Scheduler.lambda$schedule$1(Scheduler.java:68)
	at java.util.concurrent.Executors$RunnableAdapter.call(Executors.java:511)
	at java.util.concurrent.FutureTask.run(FutureTask.java:266)
	at java.util.concurrent.ScheduledThreadPoolExecutor$ScheduledFutureTask.access$201(ScheduledThreadPoolExecutor.java:180)
	at java.util.concurrent.ScheduledThreadPoolExecutor$ScheduledFutureTask.run(ScheduledThreadPoolExecutor.java:293)
	at java.util.concurrent.ThreadPoolExecutor.runWorker(ThreadPoolExecutor.java:1149)
	at java.util.concurrent.ThreadPoolExecutor$Worker.run(ThreadPoolExecutor.java:624)
	at java.lang.Thread.run(Thread.java:748)
2019-09-16 16:59:02,274 [java.util.concurrent.ThreadPoolExecutor$Worker@3bba45ce[State = -1, empty queue]] WARN  server.GrpcLogAppender (GrpcLogAppender.java:timeoutAppendRequest(200)) - b176f217-5116-4f29-ae6c-8c5fe7374010@group-CB890FE5B329->c5a5e6b7-bb1e-4cfc-8262-1ca252faf540-GrpcLogAppender: appendEntries Timeout, request=b176f217-5116-4f29-ae6c-8c5fe7374010->c5a5e6b7-bb1e-4cfc-8262-1ca252faf540#91-t1, previous=(t:1, i:10), leaderCommit=4, initializing? false, entries: <empty>
2019-09-16 16:59:02,274 [java.util.concurrent.ThreadPoolExecutor$Worker@45f38be8[State = -1, empty queue]] WARN  server.GrpcLogAppender (GrpcLogAppender.java:timeoutAppendRequest(200)) - b176f217-5116-4f29-ae6c-8c5fe7374010@group-CB890FE5B329->55776132-47ae-4aef-91b7-92633cf48f43-GrpcLogAppender: appendEntries Timeout, request=b176f217-5116-4f29-ae6c-8c5fe7374010->55776132-47ae-4aef-91b7-92633cf48f43#91-t1, previous=(t:1, i:10), leaderCommit=4, initializing? false, entries: <empty>
2019-09-16 16:59:02,881 [grpc-default-executor-8] INFO  impl.RaftServerProxy (RaftServerProxy.java:remove(95)) - 445370a6-3850-4457-9c2c-f37f35928d12: remove group-8BC1D30073B0:null
2019-09-16 16:59:02,885 [RatisPipelineUtilsThread] WARN  pipeline.RatisPipelineUtils (RatisPipelineUtils.java:destroyPipeline(66)) - Pipeline destroy failed for pipeline=PipelineID=c355fa8d-9ddd-4ba5-bf86-8bc1d30073b0 dn=445370a6-3850-4457-9c2c-f37f35928d12{ip: 192.168.5.184, host: pr-hdds-2022-qxstf-1422721469, networkLocation: /default-rack, certSerialId: null}
2019-09-16 16:59:02,887 [grpc-default-executor-8] INFO  impl.RaftServerProxy (RaftServerProxy.java:remove(95)) - e9d750f6-56b2-4d42-a810-39328f6044b5: remove group-8BC1D30073B0:null
2019-09-16 16:59:02,889 [RatisPipelineUtilsThread] WARN  pipeline.RatisPipelineUtils (RatisPipelineUtils.java:destroyPipeline(66)) - Pipeline destroy failed for pipeline=PipelineID=c355fa8d-9ddd-4ba5-bf86-8bc1d30073b0 dn=e9d750f6-56b2-4d42-a810-39328f6044b5{ip: 192.168.5.184, host: pr-hdds-2022-qxstf-1422721469, networkLocation: /default-rack, certSerialId: null}
2019-09-16 16:59:02,891 [grpc-default-executor-8] INFO  impl.RaftServerProxy (RaftServerProxy.java:remove(95)) - b38fff04-681d-43a3-90d0-26fe2e9a9866: remove group-8BC1D30073B0:null
2019-09-16 16:59:02,893 [RatisPipelineUtilsThread] WARN  pipeline.RatisPipelineUtils (RatisPipelineUtils.java:destroyPipeline(66)) - Pipeline destroy failed for pipeline=PipelineID=c355fa8d-9ddd-4ba5-bf86-8bc1d30073b0 dn=b38fff04-681d-43a3-90d0-26fe2e9a9866{ip: 192.168.5.184, host: pr-hdds-2022-qxstf-1422721469, networkLocation: /default-rack, certSerialId: null}
2019-09-16 16:59:02,894 [RatisPipelineUtilsThread] ERROR pipeline.SCMPipelineManager (Scheduler.java:lambda$schedule$1(70)) - Destroy pipeline failed for pipeline:Pipeline[ Id: c355fa8d-9ddd-4ba5-bf86-8bc1d30073b0, Nodes: 445370a6-3850-4457-9c2c-f37f35928d12{ip: 192.168.5.184, host: pr-hdds-2022-qxstf-1422721469, networkLocation: /default-rack, certSerialId: null}e9d750f6-56b2-4d42-a810-39328f6044b5{ip: 192.168.5.184, host: pr-hdds-2022-qxstf-1422721469, networkLocation: /default-rack, certSerialId: null}b38fff04-681d-43a3-90d0-26fe2e9a9866{ip: 192.168.5.184, host: pr-hdds-2022-qxstf-1422721469, networkLocation: /default-rack, certSerialId: null}, Type:RATIS, Factor:THREE, State:CLOSED]
org.apache.hadoop.hdds.scm.pipeline.PipelineNotFoundException: PipelineID=c355fa8d-9ddd-4ba5-bf86-8bc1d30073b0 not found
	at org.apache.hadoop.hdds.scm.pipeline.PipelineStateMap.getPipeline(PipelineStateMap.java:132)
	at org.apache.hadoop.hdds.scm.pipeline.PipelineStateMap.removePipeline(PipelineStateMap.java:322)
	at org.apache.hadoop.hdds.scm.pipeline.PipelineStateManager.removePipeline(PipelineStateManager.java:107)
	at org.apache.hadoop.hdds.scm.pipeline.SCMPipelineManager.removePipeline(SCMPipelineManager.java:423)
	at org.apache.hadoop.hdds.scm.pipeline.SCMPipelineManager.destroyPipeline(SCMPipelineManager.java:409)
	at org.apache.hadoop.hdds.scm.pipeline.SCMPipelineManager.lambda$finalizeAndDestroyPipeline$0(SCMPipelineManager.java:318)
	at org.apache.hadoop.utils.Scheduler.lambda$schedule$1(Scheduler.java:68)
	at java.util.concurrent.Executors$RunnableAdapter.call(Executors.java:511)
	at java.util.concurrent.FutureTask.run(FutureTask.java:266)
	at java.util.concurrent.ScheduledThreadPoolExecutor$ScheduledFutureTask.access$201(ScheduledThreadPoolExecutor.java:180)
	at java.util.concurrent.ScheduledThreadPoolExecutor$ScheduledFutureTask.run(ScheduledThreadPoolExecutor.java:293)
	at java.util.concurrent.ThreadPoolExecutor.runWorker(ThreadPoolExecutor.java:1149)
	at java.util.concurrent.ThreadPoolExecutor$Worker.run(ThreadPoolExecutor.java:624)
	at java.lang.Thread.run(Thread.java:748)
2019-09-16 16:59:04,485 [grpc-default-executor-7] INFO  client.GrpcClientProtocolClient (GrpcClientProtocolClient.java:onNext(264)) - client-D82C98E0250F->c5a5e6b7-bb1e-4cfc-8262-1ca252faf540: receive RaftClientReply:client-D82C98E0250F->c5a5e6b7-bb1e-4cfc-8262-1ca252faf540@group-CB890FE5B329, cid=143, FAILED org.apache.ratis.protocol.NotLeaderException: Server c5a5e6b7-bb1e-4cfc-8262-1ca252faf540@group-CB890FE5B329 is not the leader b176f217-5116-4f29-ae6c-8c5fe7374010:192.168.5.184:36714, logIndex=0, commits[c5a5e6b7-bb1e-4cfc-8262-1ca252faf540:c4, 55776132-47ae-4aef-91b7-92633cf48f43:c3, b176f217-5116-4f29-ae6c-8c5fe7374010:c4]
2019-09-16 16:59:04,774 [java.util.concurrent.ThreadPoolExecutor$Worker@45f38be8[State = -1, empty queue]] WARN  server.GrpcLogAppender (GrpcLogAppender.java:timeoutAppendRequest(200)) - b176f217-5116-4f29-ae6c-8c5fe7374010@group-CB890FE5B329->55776132-47ae-4aef-91b7-92633cf48f43-GrpcLogAppender: appendEntries Timeout, request=b176f217-5116-4f29-ae6c-8c5fe7374010->55776132-47ae-4aef-91b7-92633cf48f43#92-t1, previous=(t:1, i:10), leaderCommit=4, initializing? false, entries: <empty>
2019-09-16 16:59:04,774 [java.util.concurrent.ThreadPoolExecutor$Worker@3bba45ce[State = -1, empty queue]] WARN  server.GrpcLogAppender (GrpcLogAppender.java:timeoutAppendRequest(200)) - b176f217-5116-4f29-ae6c-8c5fe7374010@group-CB890FE5B329->c5a5e6b7-bb1e-4cfc-8262-1ca252faf540-GrpcLogAppender: appendEntries Timeout, request=b176f217-5116-4f29-ae6c-8c5fe7374010->c5a5e6b7-bb1e-4cfc-8262-1ca252faf540#92-t1, previous=(t:1, i:10), leaderCommit=4, initializing? false, entries: <empty>
2019-09-16 16:59:05,887 [grpc-default-executor-8] INFO  impl.RaftServerProxy (RaftServerProxy.java:remove(95)) - 445370a6-3850-4457-9c2c-f37f35928d12: remove group-8BC1D30073B0:null
2019-09-16 16:59:05,891 [RatisPipelineUtilsThread] WARN  pipeline.RatisPipelineUtils (RatisPipelineUtils.java:destroyPipeline(66)) - Pipeline destroy failed for pipeline=PipelineID=c355fa8d-9ddd-4ba5-bf86-8bc1d30073b0 dn=445370a6-3850-4457-9c2c-f37f35928d12{ip: 192.168.5.184, host: pr-hdds-2022-qxstf-1422721469, networkLocation: /default-rack, certSerialId: null}
2019-09-16 16:59:05,895 [grpc-default-executor-8] INFO  impl.RaftServerProxy (RaftServerProxy.java:remove(95)) - e9d750f6-56b2-4d42-a810-39328f6044b5: remove group-8BC1D30073B0:null
2019-09-16 16:59:05,897 [RatisPipelineUtilsThread] WARN  pipeline.RatisPipelineUtils (RatisPipelineUtils.java:destroyPipeline(66)) - Pipeline destroy failed for pipeline=PipelineID=c355fa8d-9ddd-4ba5-bf86-8bc1d30073b0 dn=e9d750f6-56b2-4d42-a810-39328f6044b5{ip: 192.168.5.184, host: pr-hdds-2022-qxstf-1422721469, networkLocation: /default-rack, certSerialId: null}
2019-09-16 16:59:05,900 [grpc-default-executor-8] INFO  impl.RaftServerProxy (RaftServerProxy.java:remove(95)) - b38fff04-681d-43a3-90d0-26fe2e9a9866: remove group-8BC1D30073B0:null
2019-09-16 16:59:05,902 [RatisPipelineUtilsThread] WARN  pipeline.RatisPipelineUtils (RatisPipelineUtils.java:destroyPipeline(66)) - Pipeline destroy failed for pipeline=PipelineID=c355fa8d-9ddd-4ba5-bf86-8bc1d30073b0 dn=b38fff04-681d-43a3-90d0-26fe2e9a9866{ip: 192.168.5.184, host: pr-hdds-2022-qxstf-1422721469, networkLocation: /default-rack, certSerialId: null}
2019-09-16 16:59:05,902 [RatisPipelineUtilsThread] ERROR pipeline.SCMPipelineManager (Scheduler.java:lambda$schedule$1(70)) - Destroy pipeline failed for pipeline:Pipeline[ Id: c355fa8d-9ddd-4ba5-bf86-8bc1d30073b0, Nodes: 445370a6-3850-4457-9c2c-f37f35928d12{ip: 192.168.5.184, host: pr-hdds-2022-qxstf-1422721469, networkLocation: /default-rack, certSerialId: null}e9d750f6-56b2-4d42-a810-39328f6044b5{ip: 192.168.5.184, host: pr-hdds-2022-qxstf-1422721469, networkLocation: /default-rack, certSerialId: null}b38fff04-681d-43a3-90d0-26fe2e9a9866{ip: 192.168.5.184, host: pr-hdds-2022-qxstf-1422721469, networkLocation: /default-rack, certSerialId: null}, Type:RATIS, Factor:THREE, State:CLOSED]
org.apache.hadoop.hdds.scm.pipeline.PipelineNotFoundException: PipelineID=c355fa8d-9ddd-4ba5-bf86-8bc1d30073b0 not found
	at org.apache.hadoop.hdds.scm.pipeline.PipelineStateMap.getPipeline(PipelineStateMap.java:132)
	at org.apache.hadoop.hdds.scm.pipeline.PipelineStateMap.removePipeline(PipelineStateMap.java:322)
	at org.apache.hadoop.hdds.scm.pipeline.PipelineStateManager.removePipeline(PipelineStateManager.java:107)
	at org.apache.hadoop.hdds.scm.pipeline.SCMPipelineManager.removePipeline(SCMPipelineManager.java:423)
	at org.apache.hadoop.hdds.scm.pipeline.SCMPipelineManager.destroyPipeline(SCMPipelineManager.java:409)
	at org.apache.hadoop.hdds.scm.pipeline.SCMPipelineManager.lambda$finalizeAndDestroyPipeline$0(SCMPipelineManager.java:318)
	at org.apache.hadoop.utils.Scheduler.lambda$schedule$1(Scheduler.java:68)
	at java.util.concurrent.Executors$RunnableAdapter.call(Executors.java:511)
	at java.util.concurrent.FutureTask.run(FutureTask.java:266)
	at java.util.concurrent.ScheduledThreadPoolExecutor$ScheduledFutureTask.access$201(ScheduledThreadPoolExecutor.java:180)
	at java.util.concurrent.ScheduledThreadPoolExecutor$ScheduledFutureTask.run(ScheduledThreadPoolExecutor.java:293)
	at java.util.concurrent.ThreadPoolExecutor.runWorker(ThreadPoolExecutor.java:1149)
	at java.util.concurrent.ThreadPoolExecutor$Worker.run(ThreadPoolExecutor.java:624)
	at java.lang.Thread.run(Thread.java:748)
2019-09-16 16:59:07,274 [java.util.concurrent.ThreadPoolExecutor$Worker@3bba45ce[State = -1, empty queue]] WARN  server.GrpcLogAppender (GrpcLogAppender.java:timeoutAppendRequest(200)) - b176f217-5116-4f29-ae6c-8c5fe7374010@group-CB890FE5B329->c5a5e6b7-bb1e-4cfc-8262-1ca252faf540-GrpcLogAppender: appendEntries Timeout, request=b176f217-5116-4f29-ae6c-8c5fe7374010->c5a5e6b7-bb1e-4cfc-8262-1ca252faf540#93-t1, previous=(t:1, i:10), leaderCommit=4, initializing? false, entries: <empty>
2019-09-16 16:59:07,274 [java.util.concurrent.ThreadPoolExecutor$Worker@45f38be8[State = -1, empty queue]] WARN  server.GrpcLogAppender (GrpcLogAppender.java:timeoutAppendRequest(200)) - b176f217-5116-4f29-ae6c-8c5fe7374010@group-CB890FE5B329->55776132-47ae-4aef-91b7-92633cf48f43-GrpcLogAppender: appendEntries Timeout, request=b176f217-5116-4f29-ae6c-8c5fe7374010->55776132-47ae-4aef-91b7-92633cf48f43#93-t1, previous=(t:1, i:10), leaderCommit=4, initializing? false, entries: <empty>
2019-09-16 16:59:07,890 [grpc-default-executor-4] INFO  impl.RaftServerProxy (RaftServerProxy.java:remove(95)) - 445370a6-3850-4457-9c2c-f37f35928d12: remove group-8BC1D30073B0:null
2019-09-16 16:59:07,896 [RatisPipelineUtilsThread] WARN  pipeline.RatisPipelineUtils (RatisPipelineUtils.java:destroyPipeline(66)) - Pipeline destroy failed for pipeline=PipelineID=c355fa8d-9ddd-4ba5-bf86-8bc1d30073b0 dn=445370a6-3850-4457-9c2c-f37f35928d12{ip: 192.168.5.184, host: pr-hdds-2022-qxstf-1422721469, networkLocation: /default-rack, certSerialId: null}
2019-09-16 16:59:07,898 [grpc-default-executor-4] INFO  impl.RaftServerProxy (RaftServerProxy.java:remove(95)) - e9d750f6-56b2-4d42-a810-39328f6044b5: remove group-8BC1D30073B0:null
2019-09-16 16:59:07,900 [RatisPipelineUtilsThread] WARN  pipeline.RatisPipelineUtils (RatisPipelineUtils.java:destroyPipeline(66)) - Pipeline destroy failed for pipeline=PipelineID=c355fa8d-9ddd-4ba5-bf86-8bc1d30073b0 dn=e9d750f6-56b2-4d42-a810-39328f6044b5{ip: 192.168.5.184, host: pr-hdds-2022-qxstf-1422721469, networkLocation: /default-rack, certSerialId: null}
2019-09-16 16:59:07,902 [grpc-default-executor-4] INFO  impl.RaftServerProxy (RaftServerProxy.java:remove(95)) - b38fff04-681d-43a3-90d0-26fe2e9a9866: remove group-8BC1D30073B0:null
2019-09-16 16:59:07,904 [RatisPipelineUtilsThread] WARN  pipeline.RatisPipelineUtils (RatisPipelineUtils.java:destroyPipeline(66)) - Pipeline destroy failed for pipeline=PipelineID=c355fa8d-9ddd-4ba5-bf86-8bc1d30073b0 dn=b38fff04-681d-43a3-90d0-26fe2e9a9866{ip: 192.168.5.184, host: pr-hdds-2022-qxstf-1422721469, networkLocation: /default-rack, certSerialId: null}
2019-09-16 16:59:07,905 [RatisPipelineUtilsThread] ERROR pipeline.SCMPipelineManager (Scheduler.java:lambda$schedule$1(70)) - Destroy pipeline failed for pipeline:Pipeline[ Id: c355fa8d-9ddd-4ba5-bf86-8bc1d30073b0, Nodes: 445370a6-3850-4457-9c2c-f37f35928d12{ip: 192.168.5.184, host: pr-hdds-2022-qxstf-1422721469, networkLocation: /default-rack, certSerialId: null}e9d750f6-56b2-4d42-a810-39328f6044b5{ip: 192.168.5.184, host: pr-hdds-2022-qxstf-1422721469, networkLocation: /default-rack, certSerialId: null}b38fff04-681d-43a3-90d0-26fe2e9a9866{ip: 192.168.5.184, host: pr-hdds-2022-qxstf-1422721469, networkLocation: /default-rack, certSerialId: null}, Type:RATIS, Factor:THREE, State:CLOSED]
org.apache.hadoop.hdds.scm.pipeline.PipelineNotFoundException: PipelineID=c355fa8d-9ddd-4ba5-bf86-8bc1d30073b0 not found
	at org.apache.hadoop.hdds.scm.pipeline.PipelineStateMap.getPipeline(PipelineStateMap.java:132)
	at org.apache.hadoop.hdds.scm.pipeline.PipelineStateMap.removePipeline(PipelineStateMap.java:322)
	at org.apache.hadoop.hdds.scm.pipeline.PipelineStateManager.removePipeline(PipelineStateManager.java:107)
	at org.apache.hadoop.hdds.scm.pipeline.SCMPipelineManager.removePipeline(SCMPipelineManager.java:423)
	at org.apache.hadoop.hdds.scm.pipeline.SCMPipelineManager.destroyPipeline(SCMPipelineManager.java:409)
	at org.apache.hadoop.hdds.scm.pipeline.SCMPipelineManager.lambda$finalizeAndDestroyPipeline$0(SCMPipelineManager.java:318)
	at org.apache.hadoop.utils.Scheduler.lambda$schedule$1(Scheduler.java:68)
	at java.util.concurrent.Executors$RunnableAdapter.call(Executors.java:511)
	at java.util.concurrent.FutureTask.run(FutureTask.java:266)
	at java.util.concurrent.ScheduledThreadPoolExecutor$ScheduledFutureTask.access$201(ScheduledThreadPoolExecutor.java:180)
	at java.util.concurrent.ScheduledThreadPoolExecutor$ScheduledFutureTask.run(ScheduledThreadPoolExecutor.java:293)
	at java.util.concurrent.ThreadPoolExecutor.runWorker(ThreadPoolExecutor.java:1149)
	at java.util.concurrent.ThreadPoolExecutor$Worker.run(ThreadPoolExecutor.java:624)
	at java.lang.Thread.run(Thread.java:748)
2019-09-16 16:59:09,269 [b176f217-5116-4f29-ae6c-8c5fe7374010@group-CB890FE5B329-SegmentedRaftLogWorker] WARN  segmented.SegmentedRaftLogWorker (SegmentedRaftLogWorker.java:getFromFuture(90)) - Timeout 2/~
org.apache.ratis.protocol.TimeoutIOException: Timeout 10s: WriteLog:5: (t:1, i:5), STATEMACHINELOGENTRY, client-D82C98E0250F, cid=143-writeStateMachineData
	at org.apache.ratis.util.IOUtils.getFromFuture(IOUtils.java:87)
	at org.apache.ratis.server.raftlog.segmented.SegmentedRaftLogWorker$StateMachineDataPolicy.getFromFuture(SegmentedRaftLogWorker.java:87)
	at org.apache.ratis.server.raftlog.segmented.SegmentedRaftLogWorker$WriteLog.execute(SegmentedRaftLogWorker.java:477)
	at org.apache.ratis.server.raftlog.segmented.SegmentedRaftLogWorker.run(SegmentedRaftLogWorker.java:289)
	at java.lang.Thread.run(Thread.java:748)
Caused by: java.util.concurrent.TimeoutException
	at java.util.concurrent.CompletableFuture.timedGet(CompletableFuture.java:1771)
	at java.util.concurrent.CompletableFuture.get(CompletableFuture.java:1915)
	at org.apache.ratis.util.IOUtils.getFromFuture(IOUtils.java:79)
	... 4 more
2019-09-16 16:59:09,527 [grpc-default-executor-8] INFO  client.GrpcClientProtocolClient (GrpcClientProtocolClient.java:onNext(264)) - client-D82C98E0250F->c5a5e6b7-bb1e-4cfc-8262-1ca252faf540: receive RaftClientReply:client-D82C98E0250F->c5a5e6b7-bb1e-4cfc-8262-1ca252faf540@group-CB890FE5B329, cid=143, FAILED org.apache.ratis.protocol.NotLeaderException: Server c5a5e6b7-bb1e-4cfc-8262-1ca252faf540@group-CB890FE5B329 is not the leader b176f217-5116-4f29-ae6c-8c5fe7374010:192.168.5.184:36714, logIndex=0, commits[c5a5e6b7-bb1e-4cfc-8262-1ca252faf540:c4, 55776132-47ae-4aef-91b7-92633cf48f43:c3, b176f217-5116-4f29-ae6c-8c5fe7374010:c4]
2019-09-16 16:59:09,601 [55776132-47ae-4aef-91b7-92633cf48f43@group-CB890FE5B329-SegmentedRaftLogWorker] WARN  segmented.SegmentedRaftLogWorker (SegmentedRaftLogWorker.java:getFromFuture(90)) - Timeout 2/~
org.apache.ratis.protocol.TimeoutIOException: Timeout 10s: WriteLog:6: (t:1, i:6), STATEMACHINELOGENTRY, client-D82C98E0250F, cid=144-writeStateMachineData
	at org.apache.ratis.util.IOUtils.getFromFuture(IOUtils.java:87)
	at org.apache.ratis.server.raftlog.segmented.SegmentedRaftLogWorker$StateMachineDataPolicy.getFromFuture(SegmentedRaftLogWorker.java:87)
	at org.apache.ratis.server.raftlog.segmented.SegmentedRaftLogWorker$WriteLog.execute(SegmentedRaftLogWorker.java:477)
	at org.apache.ratis.server.raftlog.segmented.SegmentedRaftLogWorker.run(SegmentedRaftLogWorker.java:289)
	at java.lang.Thread.run(Thread.java:748)
Caused by: java.util.concurrent.TimeoutException
	at java.util.concurrent.CompletableFuture.timedGet(CompletableFuture.java:1771)
	at java.util.concurrent.CompletableFuture.get(CompletableFuture.java:1915)
	at org.apache.ratis.util.IOUtils.getFromFuture(IOUtils.java:79)
	... 4 more
2019-09-16 16:59:09,601 [c5a5e6b7-bb1e-4cfc-8262-1ca252faf540@group-CB890FE5B329-SegmentedRaftLogWorker] WARN  segmented.SegmentedRaftLogWorker (SegmentedRaftLogWorker.java:getFromFuture(90)) - Timeout 2/~
org.apache.ratis.protocol.TimeoutIOException: Timeout 10s: WriteLog:8: (t:1, i:8), STATEMACHINELOGENTRY, client-D82C98E0250F, cid=146-writeStateMachineData
	at org.apache.ratis.util.IOUtils.getFromFuture(IOUtils.java:87)
	at org.apache.ratis.server.raftlog.segmented.SegmentedRaftLogWorker$StateMachineDataPolicy.getFromFuture(SegmentedRaftLogWorker.java:87)
	at org.apache.ratis.server.raftlog.segmented.SegmentedRaftLogWorker$WriteLog.execute(SegmentedRaftLogWorker.java:477)
	at org.apache.ratis.server.raftlog.segmented.SegmentedRaftLogWorker.run(SegmentedRaftLogWorker.java:289)
	at java.lang.Thread.run(Thread.java:748)
Caused by: java.util.concurrent.TimeoutException
	at java.util.concurrent.CompletableFuture.timedGet(CompletableFuture.java:1771)
	at java.util.concurrent.CompletableFuture.get(CompletableFuture.java:1915)
	at org.apache.ratis.util.IOUtils.getFromFuture(IOUtils.java:79)
	... 4 more
2019-09-16 16:59:09,776 [java.util.concurrent.ThreadPoolExecutor$Worker@3bba45ce[State = -1, empty queue]] WARN  server.GrpcLogAppender (GrpcLogAppender.java:timeoutAppendRequest(200)) - b176f217-5116-4f29-ae6c-8c5fe7374010@group-CB890FE5B329->c5a5e6b7-bb1e-4cfc-8262-1ca252faf540-GrpcLogAppender: appendEntries Timeout, request=b176f217-5116-4f29-ae6c-8c5fe7374010->c5a5e6b7-bb1e-4cfc-8262-1ca252faf540#94-t1, previous=(t:1, i:10), leaderCommit=4, initializing? false, entries: <empty>
2019-09-16 16:59:09,776 [java.util.concurrent.ThreadPoolExecutor$Worker@45f38be8[State = -1, empty queue]] WARN  server.GrpcLogAppender (GrpcLogAppender.java:timeoutAppendRequest(200)) - b176f217-5116-4f29-ae6c-8c5fe7374010@group-CB890FE5B329->55776132-47ae-4aef-91b7-92633cf48f43-GrpcLogAppender: appendEntries Timeout, request=b176f217-5116-4f29-ae6c-8c5fe7374010->55776132-47ae-4aef-91b7-92633cf48f43#94-t1, previous=(t:1, i:10), leaderCommit=4, initializing? false, entries: <empty>
2019-09-16 16:59:10,884 [grpc-default-executor-8] INFO  impl.RaftServerProxy (RaftServerProxy.java:remove(95)) - 445370a6-3850-4457-9c2c-f37f35928d12: remove group-8BC1D30073B0:null
2019-09-16 16:59:10,888 [RatisPipelineUtilsThread] WARN  pipeline.RatisPipelineUtils (RatisPipelineUtils.java:destroyPipeline(66)) - Pipeline destroy failed for pipeline=PipelineID=c355fa8d-9ddd-4ba5-bf86-8bc1d30073b0 dn=445370a6-3850-4457-9c2c-f37f35928d12{ip: 192.168.5.184, host: pr-hdds-2022-qxstf-1422721469, networkLocation: /default-rack, certSerialId: null}
2019-09-16 16:59:10,890 [grpc-default-executor-8] INFO  impl.RaftServerProxy (RaftServerProxy.java:remove(95)) - e9d750f6-56b2-4d42-a810-39328f6044b5: remove group-8BC1D30073B0:null
2019-09-16 16:59:10,892 [RatisPipelineUtilsThread] WARN  pipeline.RatisPipelineUtils (RatisPipelineUtils.java:destroyPipeline(66)) - Pipeline destroy failed for pipeline=PipelineID=c355fa8d-9ddd-4ba5-bf86-8bc1d30073b0 dn=e9d750f6-56b2-4d42-a810-39328f6044b5{ip: 192.168.5.184, host: pr-hdds-2022-qxstf-1422721469, networkLocation: /default-rack, certSerialId: null}
2019-09-16 16:59:10,894 [grpc-default-executor-8] INFO  impl.RaftServerProxy (RaftServerProxy.java:remove(95)) - b38fff04-681d-43a3-90d0-26fe2e9a9866: remove group-8BC1D30073B0:null
2019-09-16 16:59:10,897 [RatisPipelineUtilsThread] WARN  pipeline.RatisPipelineUtils (RatisPipelineUtils.java:destroyPipeline(66)) - Pipeline destroy failed for pipeline=PipelineID=c355fa8d-9ddd-4ba5-bf86-8bc1d30073b0 dn=b38fff04-681d-43a3-90d0-26fe2e9a9866{ip: 192.168.5.184, host: pr-hdds-2022-qxstf-1422721469, networkLocation: /default-rack, certSerialId: null}
2019-09-16 16:59:10,897 [RatisPipelineUtilsThread] ERROR pipeline.SCMPipelineManager (Scheduler.java:lambda$schedule$1(70)) - Destroy pipeline failed for pipeline:Pipeline[ Id: c355fa8d-9ddd-4ba5-bf86-8bc1d30073b0, Nodes: 445370a6-3850-4457-9c2c-f37f35928d12{ip: 192.168.5.184, host: pr-hdds-2022-qxstf-1422721469, networkLocation: /default-rack, certSerialId: null}e9d750f6-56b2-4d42-a810-39328f6044b5{ip: 192.168.5.184, host: pr-hdds-2022-qxstf-1422721469, networkLocation: /default-rack, certSerialId: null}b38fff04-681d-43a3-90d0-26fe2e9a9866{ip: 192.168.5.184, host: pr-hdds-2022-qxstf-1422721469, networkLocation: /default-rack, certSerialId: null}, Type:RATIS, Factor:THREE, State:CLOSED]
org.apache.hadoop.hdds.scm.pipeline.PipelineNotFoundException: PipelineID=c355fa8d-9ddd-4ba5-bf86-8bc1d30073b0 not found
	at org.apache.hadoop.hdds.scm.pipeline.PipelineStateMap.getPipeline(PipelineStateMap.java:132)
	at org.apache.hadoop.hdds.scm.pipeline.PipelineStateMap.removePipeline(PipelineStateMap.java:322)
	at org.apache.hadoop.hdds.scm.pipeline.PipelineStateManager.removePipeline(PipelineStateManager.java:107)
	at org.apache.hadoop.hdds.scm.pipeline.SCMPipelineManager.removePipeline(SCMPipelineManager.java:423)
	at org.apache.hadoop.hdds.scm.pipeline.SCMPipelineManager.destroyPipeline(SCMPipelineManager.java:409)
	at org.apache.hadoop.hdds.scm.pipeline.SCMPipelineManager.lambda$finalizeAndDestroyPipeline$0(SCMPipelineManager.java:318)
	at org.apache.hadoop.utils.Scheduler.lambda$schedule$1(Scheduler.java:68)
	at java.util.concurrent.Executors$RunnableAdapter.call(Executors.java:511)
	at java.util.concurrent.FutureTask.run(FutureTask.java:266)
	at java.util.concurrent.ScheduledThreadPoolExecutor$ScheduledFutureTask.access$201(ScheduledThreadPoolExecutor.java:180)
	at java.util.concurrent.ScheduledThreadPoolExecutor$ScheduledFutureTask.run(ScheduledThreadPoolExecutor.java:293)
	at java.util.concurrent.ThreadPoolExecutor.runWorker(ThreadPoolExecutor.java:1149)
	at java.util.concurrent.ThreadPoolExecutor$Worker.run(ThreadPoolExecutor.java:624)
	at java.lang.Thread.run(Thread.java:748)
2019-09-16 16:59:12,276 [java.util.concurrent.ThreadPoolExecutor$Worker@3bba45ce[State = -1, empty queue]] WARN  server.GrpcLogAppender (GrpcLogAppender.java:timeoutAppendRequest(200)) - b176f217-5116-4f29-ae6c-8c5fe7374010@group-CB890FE5B329->c5a5e6b7-bb1e-4cfc-8262-1ca252faf540-GrpcLogAppender: appendEntries Timeout, request=b176f217-5116-4f29-ae6c-8c5fe7374010->c5a5e6b7-bb1e-4cfc-8262-1ca252faf540#95-t1, previous=(t:1, i:10), leaderCommit=4, initializing? false, entries: <empty>
2019-09-16 16:59:12,276 [java.util.concurrent.ThreadPoolExecutor$Worker@45f38be8[State = -1, empty queue]] WARN  server.GrpcLogAppender (GrpcLogAppender.java:timeoutAppendRequest(200)) - b176f217-5116-4f29-ae6c-8c5fe7374010@group-CB890FE5B329->55776132-47ae-4aef-91b7-92633cf48f43-GrpcLogAppender: appendEntries Timeout, request=b176f217-5116-4f29-ae6c-8c5fe7374010->55776132-47ae-4aef-91b7-92633cf48f43#95-t1, previous=(t:1, i:10), leaderCommit=4, initializing? false, entries: <empty>
2019-09-16 16:59:12,885 [grpc-default-executor-8] INFO  impl.RaftServerProxy (RaftServerProxy.java:remove(95)) - 445370a6-3850-4457-9c2c-f37f35928d12: remove group-8BC1D30073B0:null
2019-09-16 16:59:12,888 [RatisPipelineUtilsThread] WARN  pipeline.RatisPipelineUtils (RatisPipelineUtils.java:destroyPipeline(66)) - Pipeline destroy failed for pipeline=PipelineID=c355fa8d-9ddd-4ba5-bf86-8bc1d30073b0 dn=445370a6-3850-4457-9c2c-f37f35928d12{ip: 192.168.5.184, host: pr-hdds-2022-qxstf-1422721469, networkLocation: /default-rack, certSerialId: null}
2019-09-16 16:59:12,891 [grpc-default-executor-8] INFO  impl.RaftServerProxy (RaftServerProxy.java:remove(95)) - e9d750f6-56b2-4d42-a810-39328f6044b5: remove group-8BC1D30073B0:null
2019-09-16 16:59:12,894 [RatisPipelineUtilsThread] WARN  pipeline.RatisPipelineUtils (RatisPipelineUtils.java:destroyPipeline(66)) - Pipeline destroy failed for pipeline=PipelineID=c355fa8d-9ddd-4ba5-bf86-8bc1d30073b0 dn=e9d750f6-56b2-4d42-a810-39328f6044b5{ip: 192.168.5.184, host: pr-hdds-2022-qxstf-1422721469, networkLocation: /default-rack, certSerialId: null}
2019-09-16 16:59:12,896 [grpc-default-executor-8] INFO  impl.RaftServerProxy (RaftServerProxy.java:remove(95)) - b38fff04-681d-43a3-90d0-26fe2e9a9866: remove group-8BC1D30073B0:null
2019-09-16 16:59:12,898 [RatisPipelineUtilsThread] WARN  pipeline.RatisPipelineUtils (RatisPipelineUtils.java:destroyPipeline(66)) - Pipeline destroy failed for pipeline=PipelineID=c355fa8d-9ddd-4ba5-bf86-8bc1d30073b0 dn=b38fff04-681d-43a3-90d0-26fe2e9a9866{ip: 192.168.5.184, host: pr-hdds-2022-qxstf-1422721469, networkLocation: /default-rack, certSerialId: null}
2019-09-16 16:59:12,899 [RatisPipelineUtilsThread] ERROR pipeline.SCMPipelineManager (Scheduler.java:lambda$schedule$1(70)) - Destroy pipeline failed for pipeline:Pipeline[ Id: c355fa8d-9ddd-4ba5-bf86-8bc1d30073b0, Nodes: 445370a6-3850-4457-9c2c-f37f35928d12{ip: 192.168.5.184, host: pr-hdds-2022-qxstf-1422721469, networkLocation: /default-rack, certSerialId: null}e9d750f6-56b2-4d42-a810-39328f6044b5{ip: 192.168.5.184, host: pr-hdds-2022-qxstf-1422721469, networkLocation: /default-rack, certSerialId: null}b38fff04-681d-43a3-90d0-26fe2e9a9866{ip: 192.168.5.184, host: pr-hdds-2022-qxstf-1422721469, networkLocation: /default-rack, certSerialId: null}, Type:RATIS, Factor:THREE, State:CLOSED]
org.apache.hadoop.hdds.scm.pipeline.PipelineNotFoundException: PipelineID=c355fa8d-9ddd-4ba5-bf86-8bc1d30073b0 not found
	at org.apache.hadoop.hdds.scm.pipeline.PipelineStateMap.getPipeline(PipelineStateMap.java:132)
	at org.apache.hadoop.hdds.scm.pipeline.PipelineStateMap.removePipeline(PipelineStateMap.java:322)
	at org.apache.hadoop.hdds.scm.pipeline.PipelineStateManager.removePipeline(PipelineStateManager.java:107)
	at org.apache.hadoop.hdds.scm.pipeline.SCMPipelineManager.removePipeline(SCMPipelineManager.java:423)
	at org.apache.hadoop.hdds.scm.pipeline.SCMPipelineManager.destroyPipeline(SCMPipelineManager.java:409)
	at org.apache.hadoop.hdds.scm.pipeline.SCMPipelineManager.lambda$finalizeAndDestroyPipeline$0(SCMPipelineManager.java:318)
	at org.apache.hadoop.utils.Scheduler.lambda$schedule$1(Scheduler.java:68)
	at java.util.concurrent.Executors$RunnableAdapter.call(Executors.java:511)
	at java.util.concurrent.FutureTask.run(FutureTask.java:266)
	at java.util.concurrent.ScheduledThreadPoolExecutor$ScheduledFutureTask.access$201(ScheduledThreadPoolExecutor.java:180)
	at java.util.concurrent.ScheduledThreadPoolExecutor$ScheduledFutureTask.run(ScheduledThreadPoolExecutor.java:293)
	at java.util.concurrent.ThreadPoolExecutor.runWorker(ThreadPoolExecutor.java:1149)
	at java.util.concurrent.ThreadPoolExecutor$Worker.run(ThreadPoolExecutor.java:624)
	at java.lang.Thread.run(Thread.java:748)
2019-09-16 16:59:14,567 [grpc-default-executor-8] INFO  client.GrpcClientProtocolClient (GrpcClientProtocolClient.java:onNext(264)) - client-D82C98E0250F->c5a5e6b7-bb1e-4cfc-8262-1ca252faf540: receive RaftClientReply:client-D82C98E0250F->c5a5e6b7-bb1e-4cfc-8262-1ca252faf540@group-CB890FE5B329, cid=143, FAILED org.apache.ratis.protocol.NotLeaderException: Server c5a5e6b7-bb1e-4cfc-8262-1ca252faf540@group-CB890FE5B329 is not the leader b176f217-5116-4f29-ae6c-8c5fe7374010:192.168.5.184:36714, logIndex=0, commits[c5a5e6b7-bb1e-4cfc-8262-1ca252faf540:c4, 55776132-47ae-4aef-91b7-92633cf48f43:c3, b176f217-5116-4f29-ae6c-8c5fe7374010:c4]
2019-09-16 16:59:14,776 [java.util.concurrent.ThreadPoolExecutor$Worker@45f38be8[State = -1, empty queue]] WARN  server.GrpcLogAppender (GrpcLogAppender.java:timeoutAppendRequest(200)) - b176f217-5116-4f29-ae6c-8c5fe7374010@group-CB890FE5B329->55776132-47ae-4aef-91b7-92633cf48f43-GrpcLogAppender: appendEntries Timeout, request=b176f217-5116-4f29-ae6c-8c5fe7374010->55776132-47ae-4aef-91b7-92633cf48f43#96-t1, previous=(t:1, i:10), leaderCommit=4, initializing? false, entries: <empty>
2019-09-16 16:59:14,776 [java.util.concurrent.ThreadPoolExecutor$Worker@3bba45ce[State = -1, empty queue]] WARN  server.GrpcLogAppender (GrpcLogAppender.java:timeoutAppendRequest(200)) - b176f217-5116-4f29-ae6c-8c5fe7374010@group-CB890FE5B329->c5a5e6b7-bb1e-4cfc-8262-1ca252faf540-GrpcLogAppender: appendEntries Timeout, request=b176f217-5116-4f29-ae6c-8c5fe7374010->c5a5e6b7-bb1e-4cfc-8262-1ca252faf540#96-t1, previous=(t:1, i:10), leaderCommit=4, initializing? false, entries: <empty>
2019-09-16 16:59:16,126 [grpc-default-executor-8] INFO  impl.RaftServerProxy (RaftServerProxy.java:remove(95)) - 445370a6-3850-4457-9c2c-f37f35928d12: remove group-8BC1D30073B0:null
2019-09-16 16:59:16,131 [RatisPipelineUtilsThread] WARN  pipeline.RatisPipelineUtils (RatisPipelineUtils.java:destroyPipeline(66)) - Pipeline destroy failed for pipeline=PipelineID=c355fa8d-9ddd-4ba5-bf86-8bc1d30073b0 dn=445370a6-3850-4457-9c2c-f37f35928d12{ip: 192.168.5.184, host: pr-hdds-2022-qxstf-1422721469, networkLocation: /default-rack, certSerialId: null}
2019-09-16 16:59:16,134 [grpc-default-executor-8] INFO  impl.RaftServerProxy (RaftServerProxy.java:remove(95)) - e9d750f6-56b2-4d42-a810-39328f6044b5: remove group-8BC1D30073B0:null
2019-09-16 16:59:16,136 [RatisPipelineUtilsThread] WARN  pipeline.RatisPipelineUtils (RatisPipelineUtils.java:destroyPipeline(66)) - Pipeline destroy failed for pipeline=PipelineID=c355fa8d-9ddd-4ba5-bf86-8bc1d30073b0 dn=e9d750f6-56b2-4d42-a810-39328f6044b5{ip: 192.168.5.184, host: pr-hdds-2022-qxstf-1422721469, networkLocation: /default-rack, certSerialId: null}
2019-09-16 16:59:16,139 [grpc-default-executor-8] INFO  impl.RaftServerProxy (RaftServerProxy.java:remove(95)) - b38fff04-681d-43a3-90d0-26fe2e9a9866: remove group-8BC1D30073B0:null
2019-09-16 16:59:16,141 [RatisPipelineUtilsThread] WARN  pipeline.RatisPipelineUtils (RatisPipelineUtils.java:destroyPipeline(66)) - Pipeline destroy failed for pipeline=PipelineID=c355fa8d-9ddd-4ba5-bf86-8bc1d30073b0 dn=b38fff04-681d-43a3-90d0-26fe2e9a9866{ip: 192.168.5.184, host: pr-hdds-2022-qxstf-1422721469, networkLocation: /default-rack, certSerialId: null}
2019-09-16 16:59:16,142 [RatisPipelineUtilsThread] ERROR pipeline.SCMPipelineManager (Scheduler.java:lambda$schedule$1(70)) - Destroy pipeline failed for pipeline:Pipeline[ Id: c355fa8d-9ddd-4ba5-bf86-8bc1d30073b0, Nodes: 445370a6-3850-4457-9c2c-f37f35928d12{ip: 192.168.5.184, host: pr-hdds-2022-qxstf-1422721469, networkLocation: /default-rack, certSerialId: null}e9d750f6-56b2-4d42-a810-39328f6044b5{ip: 192.168.5.184, host: pr-hdds-2022-qxstf-1422721469, networkLocation: /default-rack, certSerialId: null}b38fff04-681d-43a3-90d0-26fe2e9a9866{ip: 192.168.5.184, host: pr-hdds-2022-qxstf-1422721469, networkLocation: /default-rack, certSerialId: null}, Type:RATIS, Factor:THREE, State:CLOSED]
org.apache.hadoop.hdds.scm.pipeline.PipelineNotFoundException: PipelineID=c355fa8d-9ddd-4ba5-bf86-8bc1d30073b0 not found
	at org.apache.hadoop.hdds.scm.pipeline.PipelineStateMap.getPipeline(PipelineStateMap.java:132)
	at org.apache.hadoop.hdds.scm.pipeline.PipelineStateMap.removePipeline(PipelineStateMap.java:322)
	at org.apache.hadoop.hdds.scm.pipeline.PipelineStateManager.removePipeline(PipelineStateManager.java:107)
	at org.apache.hadoop.hdds.scm.pipeline.SCMPipelineManager.removePipeline(SCMPipelineManager.java:423)
	at org.apache.hadoop.hdds.scm.pipeline.SCMPipelineManager.destroyPipeline(SCMPipelineManager.java:409)
	at org.apache.hadoop.hdds.scm.pipeline.SCMPipelineManager.lambda$finalizeAndDestroyPipeline$0(SCMPipelineManager.java:318)
	at org.apache.hadoop.utils.Scheduler.lambda$schedule$1(Scheduler.java:68)
	at java.util.concurrent.Executors$RunnableAdapter.call(Executors.java:511)
	at java.util.concurrent.FutureTask.run(FutureTask.java:266)
	at java.util.concurrent.ScheduledThreadPoolExecutor$ScheduledFutureTask.access$201(ScheduledThreadPoolExecutor.java:180)
	at java.util.concurrent.ScheduledThreadPoolExecutor$ScheduledFutureTask.run(ScheduledThreadPoolExecutor.java:293)
	at java.util.concurrent.ThreadPoolExecutor.runWorker(ThreadPoolExecutor.java:1149)
	at java.util.concurrent.ThreadPoolExecutor$Worker.run(ThreadPoolExecutor.java:624)
	at java.lang.Thread.run(Thread.java:748)
2019-09-16 16:59:17,277 [java.util.concurrent.ThreadPoolExecutor$Worker@45f38be8[State = -1, empty queue]] WARN  server.GrpcLogAppender (GrpcLogAppender.java:timeoutAppendRequest(200)) - b176f217-5116-4f29-ae6c-8c5fe7374010@group-CB890FE5B329->55776132-47ae-4aef-91b7-92633cf48f43-GrpcLogAppender: appendEntries Timeout, request=b176f217-5116-4f29-ae6c-8c5fe7374010->55776132-47ae-4aef-91b7-92633cf48f43#97-t1, previous=(t:1, i:10), leaderCommit=4, initializing? false, entries: <empty>
2019-09-16 16:59:17,277 [java.util.concurrent.ThreadPoolExecutor$Worker@3bba45ce[State = -1, empty queue]] WARN  server.GrpcLogAppender (GrpcLogAppender.java:timeoutAppendRequest(200)) - b176f217-5116-4f29-ae6c-8c5fe7374010@group-CB890FE5B329->c5a5e6b7-bb1e-4cfc-8262-1ca252faf540-GrpcLogAppender: appendEntries Timeout, request=b176f217-5116-4f29-ae6c-8c5fe7374010->c5a5e6b7-bb1e-4cfc-8262-1ca252faf540#97-t1, previous=(t:1, i:10), leaderCommit=4, initializing? false, entries: <empty>
2019-09-16 16:59:17,891 [grpc-default-executor-8] INFO  impl.RaftServerProxy (RaftServerProxy.java:remove(95)) - 445370a6-3850-4457-9c2c-f37f35928d12: remove group-8BC1D30073B0:null
2019-09-16 16:59:17,895 [RatisPipelineUtilsThread] WARN  pipeline.RatisPipelineUtils (RatisPipelineUtils.java:destroyPipeline(66)) - Pipeline destroy failed for pipeline=PipelineID=c355fa8d-9ddd-4ba5-bf86-8bc1d30073b0 dn=445370a6-3850-4457-9c2c-f37f35928d12{ip: 192.168.5.184, host: pr-hdds-2022-qxstf-1422721469, networkLocation: /default-rack, certSerialId: null}
2019-09-16 16:59:17,897 [grpc-default-executor-8] INFO  impl.RaftServerProxy (RaftServerProxy.java:remove(95)) - e9d750f6-56b2-4d42-a810-39328f6044b5: remove group-8BC1D30073B0:null
2019-09-16 16:59:17,899 [RatisPipelineUtilsThread] WARN  pipeline.RatisPipelineUtils (RatisPipelineUtils.java:destroyPipeline(66)) - Pipeline destroy failed for pipeline=PipelineID=c355fa8d-9ddd-4ba5-bf86-8bc1d30073b0 dn=e9d750f6-56b2-4d42-a810-39328f6044b5{ip: 192.168.5.184, host: pr-hdds-2022-qxstf-1422721469, networkLocation: /default-rack, certSerialId: null}
2019-09-16 16:59:17,901 [grpc-default-executor-8] INFO  impl.RaftServerProxy (RaftServerProxy.java:remove(95)) - b38fff04-681d-43a3-90d0-26fe2e9a9866: remove group-8BC1D30073B0:null
2019-09-16 16:59:17,902 [RatisPipelineUtilsThread] WARN  pipeline.RatisPipelineUtils (RatisPipelineUtils.java:destroyPipeline(66)) - Pipeline destroy failed for pipeline=PipelineID=c355fa8d-9ddd-4ba5-bf86-8bc1d30073b0 dn=b38fff04-681d-43a3-90d0-26fe2e9a9866{ip: 192.168.5.184, host: pr-hdds-2022-qxstf-1422721469, networkLocation: /default-rack, certSerialId: null}
2019-09-16 16:59:17,903 [RatisPipelineUtilsThread] ERROR pipeline.SCMPipelineManager (Scheduler.java:lambda$schedule$1(70)) - Destroy pipeline failed for pipeline:Pipeline[ Id: c355fa8d-9ddd-4ba5-bf86-8bc1d30073b0, Nodes: 445370a6-3850-4457-9c2c-f37f35928d12{ip: 192.168.5.184, host: pr-hdds-2022-qxstf-1422721469, networkLocation: /default-rack, certSerialId: null}e9d750f6-56b2-4d42-a810-39328f6044b5{ip: 192.168.5.184, host: pr-hdds-2022-qxstf-1422721469, networkLocation: /default-rack, certSerialId: null}b38fff04-681d-43a3-90d0-26fe2e9a9866{ip: 192.168.5.184, host: pr-hdds-2022-qxstf-1422721469, networkLocation: /default-rack, certSerialId: null}, Type:RATIS, Factor:THREE, State:CLOSED]
org.apache.hadoop.hdds.scm.pipeline.PipelineNotFoundException: PipelineID=c355fa8d-9ddd-4ba5-bf86-8bc1d30073b0 not found
	at org.apache.hadoop.hdds.scm.pipeline.PipelineStateMap.getPipeline(PipelineStateMap.java:132)
	at org.apache.hadoop.hdds.scm.pipeline.PipelineStateMap.removePipeline(PipelineStateMap.java:322)
	at org.apache.hadoop.hdds.scm.pipeline.PipelineStateManager.removePipeline(PipelineStateManager.java:107)
	at org.apache.hadoop.hdds.scm.pipeline.SCMPipelineManager.removePipeline(SCMPipelineManager.java:423)
	at org.apache.hadoop.hdds.scm.pipeline.SCMPipelineManager.destroyPipeline(SCMPipelineManager.java:409)
	at org.apache.hadoop.hdds.scm.pipeline.SCMPipelineManager.lambda$finalizeAndDestroyPipeline$0(SCMPipelineManager.java:318)
	at org.apache.hadoop.utils.Scheduler.lambda$schedule$1(Scheduler.java:68)
	at java.util.concurrent.Executors$RunnableAdapter.call(Executors.java:511)
	at java.util.concurrent.FutureTask.run(FutureTask.java:266)
	at java.util.concurrent.ScheduledThreadPoolExecutor$ScheduledFutureTask.access$201(ScheduledThreadPoolExecutor.java:180)
	at java.util.concurrent.ScheduledThreadPoolExecutor$ScheduledFutureTask.run(ScheduledThreadPoolExecutor.java:293)
	at java.util.concurrent.ThreadPoolExecutor.runWorker(ThreadPoolExecutor.java:1149)
	at java.util.concurrent.ThreadPoolExecutor$Worker.run(ThreadPoolExecutor.java:624)
	at java.lang.Thread.run(Thread.java:748)
2019-09-16 16:59:19,271 [b176f217-5116-4f29-ae6c-8c5fe7374010@group-CB890FE5B329-SegmentedRaftLogWorker] WARN  segmented.SegmentedRaftLogWorker (SegmentedRaftLogWorker.java:getFromFuture(90)) - Timeout 3/~
org.apache.ratis.protocol.TimeoutIOException: Timeout 10s: WriteLog:5: (t:1, i:5), STATEMACHINELOGENTRY, client-D82C98E0250F, cid=143-writeStateMachineData
	at org.apache.ratis.util.IOUtils.getFromFuture(IOUtils.java:87)
	at org.apache.ratis.server.raftlog.segmented.SegmentedRaftLogWorker$StateMachineDataPolicy.getFromFuture(SegmentedRaftLogWorker.java:87)
	at org.apache.ratis.server.raftlog.segmented.SegmentedRaftLogWorker$WriteLog.execute(SegmentedRaftLogWorker.java:477)
	at org.apache.ratis.server.raftlog.segmented.SegmentedRaftLogWorker.run(SegmentedRaftLogWorker.java:289)
	at java.lang.Thread.run(Thread.java:748)
Caused by: java.util.concurrent.TimeoutException
	at java.util.concurrent.CompletableFuture.timedGet(CompletableFuture.java:1771)
	at java.util.concurrent.CompletableFuture.get(CompletableFuture.java:1915)
	at org.apache.ratis.util.IOUtils.getFromFuture(IOUtils.java:79)
	... 4 more
2019-09-16 16:59:19,604 [c5a5e6b7-bb1e-4cfc-8262-1ca252faf540@group-CB890FE5B329-SegmentedRaftLogWorker] WARN  segmented.SegmentedRaftLogWorker (SegmentedRaftLogWorker.java:getFromFuture(90)) - Timeout 3/~
org.apache.ratis.protocol.TimeoutIOException: Timeout 10s: WriteLog:8: (t:1, i:8), STATEMACHINELOGENTRY, client-D82C98E0250F, cid=146-writeStateMachineData
	at org.apache.ratis.util.IOUtils.getFromFuture(IOUtils.java:87)
	at org.apache.ratis.server.raftlog.segmented.SegmentedRaftLogWorker$StateMachineDataPolicy.getFromFuture(SegmentedRaftLogWorker.java:87)
	at org.apache.ratis.server.raftlog.segmented.SegmentedRaftLogWorker$WriteLog.execute(SegmentedRaftLogWorker.java:477)
	at org.apache.ratis.server.raftlog.segmented.SegmentedRaftLogWorker.run(SegmentedRaftLogWorker.java:289)
	at java.lang.Thread.run(Thread.java:748)
Caused by: java.util.concurrent.TimeoutException
	at java.util.concurrent.CompletableFuture.timedGet(CompletableFuture.java:1771)
	at java.util.concurrent.CompletableFuture.get(CompletableFuture.java:1915)
	at org.apache.ratis.util.IOUtils.getFromFuture(IOUtils.java:79)
	... 4 more
2019-09-16 16:59:19,604 [55776132-47ae-4aef-91b7-92633cf48f43@group-CB890FE5B329-SegmentedRaftLogWorker] WARN  segmented.SegmentedRaftLogWorker (SegmentedRaftLogWorker.java:getFromFuture(90)) - Timeout 3/~
org.apache.ratis.protocol.TimeoutIOException: Timeout 10s: WriteLog:6: (t:1, i:6), STATEMACHINELOGENTRY, client-D82C98E0250F, cid=144-writeStateMachineData
	at org.apache.ratis.util.IOUtils.getFromFuture(IOUtils.java:87)
	at org.apache.ratis.server.raftlog.segmented.SegmentedRaftLogWorker$StateMachineDataPolicy.getFromFuture(SegmentedRaftLogWorker.java:87)
	at org.apache.ratis.server.raftlog.segmented.SegmentedRaftLogWorker$WriteLog.execute(SegmentedRaftLogWorker.java:477)
	at org.apache.ratis.server.raftlog.segmented.SegmentedRaftLogWorker.run(SegmentedRaftLogWorker.java:289)
	at java.lang.Thread.run(Thread.java:748)
Caused by: java.util.concurrent.TimeoutException
	at java.util.concurrent.CompletableFuture.timedGet(CompletableFuture.java:1771)
	at java.util.concurrent.CompletableFuture.get(CompletableFuture.java:1915)
	at org.apache.ratis.util.IOUtils.getFromFuture(IOUtils.java:79)
	... 4 more
2019-09-16 16:59:19,605 [grpc-default-executor-4] INFO  client.GrpcClientProtocolClient (GrpcClientProtocolClient.java:onNext(264)) - client-D82C98E0250F->55776132-47ae-4aef-91b7-92633cf48f43: receive RaftClientReply:client-D82C98E0250F->55776132-47ae-4aef-91b7-92633cf48f43@group-CB890FE5B329, cid=143, FAILED org.apache.ratis.protocol.NotLeaderException: Server 55776132-47ae-4aef-91b7-92633cf48f43@group-CB890FE5B329 is not the leader b176f217-5116-4f29-ae6c-8c5fe7374010:192.168.5.184:36714, logIndex=0, commits[55776132-47ae-4aef-91b7-92633cf48f43:c4, c5a5e6b7-bb1e-4cfc-8262-1ca252faf540:c3, b176f217-5116-4f29-ae6c-8c5fe7374010:c4]
2019-09-16 16:59:19,777 [java.util.concurrent.ThreadPoolExecutor$Worker@3bba45ce[State = -1, empty queue]] WARN  server.GrpcLogAppender (GrpcLogAppender.java:timeoutAppendRequest(200)) - b176f217-5116-4f29-ae6c-8c5fe7374010@group-CB890FE5B329->c5a5e6b7-bb1e-4cfc-8262-1ca252faf540-GrpcLogAppender: appendEntries Timeout, request=b176f217-5116-4f29-ae6c-8c5fe7374010->c5a5e6b7-bb1e-4cfc-8262-1ca252faf540#98-t1, previous=(t:1, i:10), leaderCommit=4, initializing? false, entries: <empty>
2019-09-16 16:59:19,777 [java.util.concurrent.ThreadPoolExecutor$Worker@45f38be8[State = -1, empty queue]] WARN  server.GrpcLogAppender (GrpcLogAppender.java:timeoutAppendRequest(200)) - b176f217-5116-4f29-ae6c-8c5fe7374010@group-CB890FE5B329->55776132-47ae-4aef-91b7-92633cf48f43-GrpcLogAppender: appendEntries Timeout, request=b176f217-5116-4f29-ae6c-8c5fe7374010->55776132-47ae-4aef-91b7-92633cf48f43#98-t1, previous=(t:1, i:10), leaderCommit=4, initializing? false, entries: <empty>
2019-09-16 16:59:20,890 [grpc-default-executor-7] INFO  impl.RaftServerProxy (RaftServerProxy.java:remove(95)) - 445370a6-3850-4457-9c2c-f37f35928d12: remove group-8BC1D30073B0:null
2019-09-16 16:59:20,894 [RatisPipelineUtilsThread] WARN  pipeline.RatisPipelineUtils (RatisPipelineUtils.java:destroyPipeline(66)) - Pipeline destroy failed for pipeline=PipelineID=c355fa8d-9ddd-4ba5-bf86-8bc1d30073b0 dn=445370a6-3850-4457-9c2c-f37f35928d12{ip: 192.168.5.184, host: pr-hdds-2022-qxstf-1422721469, networkLocation: /default-rack, certSerialId: null}
2019-09-16 16:59:20,896 [grpc-default-executor-7] INFO  impl.RaftServerProxy (RaftServerProxy.java:remove(95)) - e9d750f6-56b2-4d42-a810-39328f6044b5: remove group-8BC1D30073B0:null
2019-09-16 16:59:20,898 [RatisPipelineUtilsThread] WARN  pipeline.RatisPipelineUtils (RatisPipelineUtils.java:destroyPipeline(66)) - Pipeline destroy failed for pipeline=PipelineID=c355fa8d-9ddd-4ba5-bf86-8bc1d30073b0 dn=e9d750f6-56b2-4d42-a810-39328f6044b5{ip: 192.168.5.184, host: pr-hdds-2022-qxstf-1422721469, networkLocation: /default-rack, certSerialId: null}
2019-09-16 16:59:20,900 [grpc-default-executor-7] INFO  impl.RaftServerProxy (RaftServerProxy.java:remove(95)) - b38fff04-681d-43a3-90d0-26fe2e9a9866: remove group-8BC1D30073B0:null
2019-09-16 16:59:20,902 [RatisPipelineUtilsThread] WARN  pipeline.RatisPipelineUtils (RatisPipelineUtils.java:destroyPipeline(66)) - Pipeline destroy failed for pipeline=PipelineID=c355fa8d-9ddd-4ba5-bf86-8bc1d30073b0 dn=b38fff04-681d-43a3-90d0-26fe2e9a9866{ip: 192.168.5.184, host: pr-hdds-2022-qxstf-1422721469, networkLocation: /default-rack, certSerialId: null}
2019-09-16 16:59:20,902 [RatisPipelineUtilsThread] ERROR pipeline.SCMPipelineManager (Scheduler.java:lambda$schedule$1(70)) - Destroy pipeline failed for pipeline:Pipeline[ Id: c355fa8d-9ddd-4ba5-bf86-8bc1d30073b0, Nodes: 445370a6-3850-4457-9c2c-f37f35928d12{ip: 192.168.5.184, host: pr-hdds-2022-qxstf-1422721469, networkLocation: /default-rack, certSerialId: null}e9d750f6-56b2-4d42-a810-39328f6044b5{ip: 192.168.5.184, host: pr-hdds-2022-qxstf-1422721469, networkLocation: /default-rack, certSerialId: null}b38fff04-681d-43a3-90d0-26fe2e9a9866{ip: 192.168.5.184, host: pr-hdds-2022-qxstf-1422721469, networkLocation: /default-rack, certSerialId: null}, Type:RATIS, Factor:THREE, State:CLOSED]
org.apache.hadoop.hdds.scm.pipeline.PipelineNotFoundException: PipelineID=c355fa8d-9ddd-4ba5-bf86-8bc1d30073b0 not found
	at org.apache.hadoop.hdds.scm.pipeline.PipelineStateMap.getPipeline(PipelineStateMap.java:132)
	at org.apache.hadoop.hdds.scm.pipeline.PipelineStateMap.removePipeline(PipelineStateMap.java:322)
	at org.apache.hadoop.hdds.scm.pipeline.PipelineStateManager.removePipeline(PipelineStateManager.java:107)
	at org.apache.hadoop.hdds.scm.pipeline.SCMPipelineManager.removePipeline(SCMPipelineManager.java:423)
	at org.apache.hadoop.hdds.scm.pipeline.SCMPipelineManager.destroyPipeline(SCMPipelineManager.java:409)
	at org.apache.hadoop.hdds.scm.pipeline.SCMPipelineManager.lambda$finalizeAndDestroyPipeline$0(SCMPipelineManager.java:318)
	at org.apache.hadoop.utils.Scheduler.lambda$schedule$1(Scheduler.java:68)
	at java.util.concurrent.Executors$RunnableAdapter.call(Executors.java:511)
	at java.util.concurrent.FutureTask.run(FutureTask.java:266)
	at java.util.concurrent.ScheduledThreadPoolExecutor$ScheduledFutureTask.access$201(ScheduledThreadPoolExecutor.java:180)
	at java.util.concurrent.ScheduledThreadPoolExecutor$ScheduledFutureTask.run(ScheduledThreadPoolExecutor.java:293)
	at java.util.concurrent.ThreadPoolExecutor.runWorker(ThreadPoolExecutor.java:1149)
	at java.util.concurrent.ThreadPoolExecutor$Worker.run(ThreadPoolExecutor.java:624)
	at java.lang.Thread.run(Thread.java:748)
2019-09-16 16:59:22,278 [java.util.concurrent.ThreadPoolExecutor$Worker@3bba45ce[State = -1, empty queue]] WARN  server.GrpcLogAppender (GrpcLogAppender.java:timeoutAppendRequest(200)) - b176f217-5116-4f29-ae6c-8c5fe7374010@group-CB890FE5B329->c5a5e6b7-bb1e-4cfc-8262-1ca252faf540-GrpcLogAppender: appendEntries Timeout, request=b176f217-5116-4f29-ae6c-8c5fe7374010->c5a5e6b7-bb1e-4cfc-8262-1ca252faf540#99-t1, previous=(t:1, i:10), leaderCommit=4, initializing? false, entries: <empty>
2019-09-16 16:59:22,278 [java.util.concurrent.ThreadPoolExecutor$Worker@45f38be8[State = -1, empty queue]] WARN  server.GrpcLogAppender (GrpcLogAppender.java:timeoutAppendRequest(200)) - b176f217-5116-4f29-ae6c-8c5fe7374010@group-CB890FE5B329->55776132-47ae-4aef-91b7-92633cf48f43-GrpcLogAppender: appendEntries Timeout, request=b176f217-5116-4f29-ae6c-8c5fe7374010->55776132-47ae-4aef-91b7-92633cf48f43#99-t1, previous=(t:1, i:10), leaderCommit=4, initializing? false, entries: <empty>
2019-09-16 16:59:22,891 [grpc-default-executor-8] INFO  impl.RaftServerProxy (RaftServerProxy.java:remove(95)) - 445370a6-3850-4457-9c2c-f37f35928d12: remove group-8BC1D30073B0:null
2019-09-16 16:59:22,895 [RatisPipelineUtilsThread] WARN  pipeline.RatisPipelineUtils (RatisPipelineUtils.java:destroyPipeline(66)) - Pipeline destroy failed for pipeline=PipelineID=c355fa8d-9ddd-4ba5-bf86-8bc1d30073b0 dn=445370a6-3850-4457-9c2c-f37f35928d12{ip: 192.168.5.184, host: pr-hdds-2022-qxstf-1422721469, networkLocation: /default-rack, certSerialId: null}
2019-09-16 16:59:22,898 [grpc-default-executor-8] INFO  impl.RaftServerProxy (RaftServerProxy.java:remove(95)) - e9d750f6-56b2-4d42-a810-39328f6044b5: remove group-8BC1D30073B0:null
2019-09-16 16:59:22,899 [RatisPipelineUtilsThread] WARN  pipeline.RatisPipelineUtils (RatisPipelineUtils.java:destroyPipeline(66)) - Pipeline destroy failed for pipeline=PipelineID=c355fa8d-9ddd-4ba5-bf86-8bc1d30073b0 dn=e9d750f6-56b2-4d42-a810-39328f6044b5{ip: 192.168.5.184, host: pr-hdds-2022-qxstf-1422721469, networkLocation: /default-rack, certSerialId: null}
2019-09-16 16:59:22,902 [grpc-default-executor-8] INFO  impl.RaftServerProxy (RaftServerProxy.java:remove(95)) - b38fff04-681d-43a3-90d0-26fe2e9a9866: remove group-8BC1D30073B0:null
2019-09-16 16:59:22,903 [RatisPipelineUtilsThread] WARN  pipeline.RatisPipelineUtils (RatisPipelineUtils.java:destroyPipeline(66)) - Pipeline destroy failed for pipeline=PipelineID=c355fa8d-9ddd-4ba5-bf86-8bc1d30073b0 dn=b38fff04-681d-43a3-90d0-26fe2e9a9866{ip: 192.168.5.184, host: pr-hdds-2022-qxstf-1422721469, networkLocation: /default-rack, certSerialId: null}
2019-09-16 16:59:22,904 [RatisPipelineUtilsThread] ERROR pipeline.SCMPipelineManager (Scheduler.java:lambda$schedule$1(70)) - Destroy pipeline failed for pipeline:Pipeline[ Id: c355fa8d-9ddd-4ba5-bf86-8bc1d30073b0, Nodes: 445370a6-3850-4457-9c2c-f37f35928d12{ip: 192.168.5.184, host: pr-hdds-2022-qxstf-1422721469, networkLocation: /default-rack, certSerialId: null}e9d750f6-56b2-4d42-a810-39328f6044b5{ip: 192.168.5.184, host: pr-hdds-2022-qxstf-1422721469, networkLocation: /default-rack, certSerialId: null}b38fff04-681d-43a3-90d0-26fe2e9a9866{ip: 192.168.5.184, host: pr-hdds-2022-qxstf-1422721469, networkLocation: /default-rack, certSerialId: null}, Type:RATIS, Factor:THREE, State:CLOSED]
org.apache.hadoop.hdds.scm.pipeline.PipelineNotFoundException: PipelineID=c355fa8d-9ddd-4ba5-bf86-8bc1d30073b0 not found
	at org.apache.hadoop.hdds.scm.pipeline.PipelineStateMap.getPipeline(PipelineStateMap.java:132)
	at org.apache.hadoop.hdds.scm.pipeline.PipelineStateMap.removePipeline(PipelineStateMap.java:322)
	at org.apache.hadoop.hdds.scm.pipeline.PipelineStateManager.removePipeline(PipelineStateManager.java:107)
	at org.apache.hadoop.hdds.scm.pipeline.SCMPipelineManager.removePipeline(SCMPipelineManager.java:423)
	at org.apache.hadoop.hdds.scm.pipeline.SCMPipelineManager.destroyPipeline(SCMPipelineManager.java:409)
	at org.apache.hadoop.hdds.scm.pipeline.SCMPipelineManager.lambda$finalizeAndDestroyPipeline$0(SCMPipelineManager.java:318)
	at org.apache.hadoop.utils.Scheduler.lambda$schedule$1(Scheduler.java:68)
	at java.util.concurrent.Executors$RunnableAdapter.call(Executors.java:511)
	at java.util.concurrent.FutureTask.run(FutureTask.java:266)
	at java.util.concurrent.ScheduledThreadPoolExecutor$ScheduledFutureTask.access$201(ScheduledThreadPoolExecutor.java:180)
	at java.util.concurrent.ScheduledThreadPoolExecutor$ScheduledFutureTask.run(ScheduledThreadPoolExecutor.java:293)
	at java.util.concurrent.ThreadPoolExecutor.runWorker(ThreadPoolExecutor.java:1149)
	at java.util.concurrent.ThreadPoolExecutor$Worker.run(ThreadPoolExecutor.java:624)
	at java.lang.Thread.run(Thread.java:748)
2019-09-16 16:59:24,632 [grpc-default-executor-8] INFO  client.GrpcClientProtocolClient (GrpcClientProtocolClient.java:onNext(264)) - client-D82C98E0250F->c5a5e6b7-bb1e-4cfc-8262-1ca252faf540: receive RaftClientReply:client-D82C98E0250F->c5a5e6b7-bb1e-4cfc-8262-1ca252faf540@group-CB890FE5B329, cid=143, FAILED org.apache.ratis.protocol.NotLeaderException: Server c5a5e6b7-bb1e-4cfc-8262-1ca252faf540@group-CB890FE5B329 is not the leader b176f217-5116-4f29-ae6c-8c5fe7374010:192.168.5.184:36714, logIndex=0, commits[c5a5e6b7-bb1e-4cfc-8262-1ca252faf540:c4, 55776132-47ae-4aef-91b7-92633cf48f43:c3, b176f217-5116-4f29-ae6c-8c5fe7374010:c4]
2019-09-16 16:59:24,779 [java.util.concurrent.ThreadPoolExecutor$Worker@45f38be8[State = -1, empty queue]] WARN  server.GrpcLogAppender (GrpcLogAppender.java:timeoutAppendRequest(200)) - b176f217-5116-4f29-ae6c-8c5fe7374010@group-CB890FE5B329->55776132-47ae-4aef-91b7-92633cf48f43-GrpcLogAppender: appendEntries Timeout, request=b176f217-5116-4f29-ae6c-8c5fe7374010->55776132-47ae-4aef-91b7-92633cf48f43#100-t1, previous=(t:1, i:10), leaderCommit=4, initializing? false, entries: <empty>
2019-09-16 16:59:24,779 [java.util.concurrent.ThreadPoolExecutor$Worker@3bba45ce[State = -1, empty queue]] WARN  server.GrpcLogAppender (GrpcLogAppender.java:timeoutAppendRequest(200)) - b176f217-5116-4f29-ae6c-8c5fe7374010@group-CB890FE5B329->c5a5e6b7-bb1e-4cfc-8262-1ca252faf540-GrpcLogAppender: appendEntries Timeout, request=b176f217-5116-4f29-ae6c-8c5fe7374010->c5a5e6b7-bb1e-4cfc-8262-1ca252faf540#100-t1, previous=(t:1, i:10), leaderCommit=4, initializing? false, entries: <empty>
2019-09-16 16:59:25,890 [grpc-default-executor-4] INFO  impl.RaftServerProxy (RaftServerProxy.java:remove(95)) - 445370a6-3850-4457-9c2c-f37f35928d12: remove group-8BC1D30073B0:null
2019-09-16 16:59:25,894 [RatisPipelineUtilsThread] WARN  pipeline.RatisPipelineUtils (RatisPipelineUtils.java:destroyPipeline(66)) - Pipeline destroy failed for pipeline=PipelineID=c355fa8d-9ddd-4ba5-bf86-8bc1d30073b0 dn=445370a6-3850-4457-9c2c-f37f35928d12{ip: 192.168.5.184, host: pr-hdds-2022-qxstf-1422721469, networkLocation: /default-rack, certSerialId: null}
2019-09-16 16:59:25,896 [grpc-default-executor-4] INFO  impl.RaftServerProxy (RaftServerProxy.java:remove(95)) - e9d750f6-56b2-4d42-a810-39328f6044b5: remove group-8BC1D30073B0:null
2019-09-16 16:59:25,898 [RatisPipelineUtilsThread] WARN  pipeline.RatisPipelineUtils (RatisPipelineUtils.java:destroyPipeline(66)) - Pipeline destroy failed for pipeline=PipelineID=c355fa8d-9ddd-4ba5-bf86-8bc1d30073b0 dn=e9d750f6-56b2-4d42-a810-39328f6044b5{ip: 192.168.5.184, host: pr-hdds-2022-qxstf-1422721469, networkLocation: /default-rack, certSerialId: null}
2019-09-16 16:59:25,901 [grpc-default-executor-4] INFO  impl.RaftServerProxy (RaftServerProxy.java:remove(95)) - b38fff04-681d-43a3-90d0-26fe2e9a9866: remove group-8BC1D30073B0:null
2019-09-16 16:59:25,903 [RatisPipelineUtilsThread] WARN  pipeline.RatisPipelineUtils (RatisPipelineUtils.java:destroyPipeline(66)) - Pipeline destroy failed for pipeline=PipelineID=c355fa8d-9ddd-4ba5-bf86-8bc1d30073b0 dn=b38fff04-681d-43a3-90d0-26fe2e9a9866{ip: 192.168.5.184, host: pr-hdds-2022-qxstf-1422721469, networkLocation: /default-rack, certSerialId: null}
2019-09-16 16:59:25,903 [RatisPipelineUtilsThread] ERROR pipeline.SCMPipelineManager (Scheduler.java:lambda$schedule$1(70)) - Destroy pipeline failed for pipeline:Pipeline[ Id: c355fa8d-9ddd-4ba5-bf86-8bc1d30073b0, Nodes: 445370a6-3850-4457-9c2c-f37f35928d12{ip: 192.168.5.184, host: pr-hdds-2022-qxstf-1422721469, networkLocation: /default-rack, certSerialId: null}e9d750f6-56b2-4d42-a810-39328f6044b5{ip: 192.168.5.184, host: pr-hdds-2022-qxstf-1422721469, networkLocation: /default-rack, certSerialId: null}b38fff04-681d-43a3-90d0-26fe2e9a9866{ip: 192.168.5.184, host: pr-hdds-2022-qxstf-1422721469, networkLocation: /default-rack, certSerialId: null}, Type:RATIS, Factor:THREE, State:CLOSED]
org.apache.hadoop.hdds.scm.pipeline.PipelineNotFoundException: PipelineID=c355fa8d-9ddd-4ba5-bf86-8bc1d30073b0 not found
	at org.apache.hadoop.hdds.scm.pipeline.PipelineStateMap.getPipeline(PipelineStateMap.java:132)
	at org.apache.hadoop.hdds.scm.pipeline.PipelineStateMap.removePipeline(PipelineStateMap.java:322)
	at org.apache.hadoop.hdds.scm.pipeline.PipelineStateManager.removePipeline(PipelineStateManager.java:107)
	at org.apache.hadoop.hdds.scm.pipeline.SCMPipelineManager.removePipeline(SCMPipelineManager.java:423)
	at org.apache.hadoop.hdds.scm.pipeline.SCMPipelineManager.destroyPipeline(SCMPipelineManager.java:409)
	at org.apache.hadoop.hdds.scm.pipeline.SCMPipelineManager.lambda$finalizeAndDestroyPipeline$0(SCMPipelineManager.java:318)
	at org.apache.hadoop.utils.Scheduler.lambda$schedule$1(Scheduler.java:68)
	at java.util.concurrent.Executors$RunnableAdapter.call(Executors.java:511)
	at java.util.concurrent.FutureTask.run(FutureTask.java:266)
	at java.util.concurrent.ScheduledThreadPoolExecutor$ScheduledFutureTask.access$201(ScheduledThreadPoolExecutor.java:180)
	at java.util.concurrent.ScheduledThreadPoolExecutor$ScheduledFutureTask.run(ScheduledThreadPoolExecutor.java:293)
	at java.util.concurrent.ThreadPoolExecutor.runWorker(ThreadPoolExecutor.java:1149)
	at java.util.concurrent.ThreadPoolExecutor$Worker.run(ThreadPoolExecutor.java:624)
	at java.lang.Thread.run(Thread.java:748)
2019-09-16 16:59:27,279 [java.util.concurrent.ThreadPoolExecutor$Worker@45f38be8[State = -1, empty queue]] WARN  server.GrpcLogAppender (GrpcLogAppender.java:timeoutAppendRequest(200)) - b176f217-5116-4f29-ae6c-8c5fe7374010@group-CB890FE5B329->55776132-47ae-4aef-91b7-92633cf48f43-GrpcLogAppender: appendEntries Timeout, request=b176f217-5116-4f29-ae6c-8c5fe7374010->55776132-47ae-4aef-91b7-92633cf48f43#101-t1, previous=(t:1, i:10), leaderCommit=4, initializing? false, entries: <empty>
2019-09-16 16:59:27,279 [java.util.concurrent.ThreadPoolExecutor$Worker@3bba45ce[State = -1, empty queue]] WARN  server.GrpcLogAppender (GrpcLogAppender.java:timeoutAppendRequest(200)) - b176f217-5116-4f29-ae6c-8c5fe7374010@group-CB890FE5B329->c5a5e6b7-bb1e-4cfc-8262-1ca252faf540-GrpcLogAppender: appendEntries Timeout, request=b176f217-5116-4f29-ae6c-8c5fe7374010->c5a5e6b7-bb1e-4cfc-8262-1ca252faf540#101-t1, previous=(t:1, i:10), leaderCommit=4, initializing? false, entries: <empty>
2019-09-16 16:59:27,893 [grpc-default-executor-4] INFO  impl.RaftServerProxy (RaftServerProxy.java:remove(95)) - 445370a6-3850-4457-9c2c-f37f35928d12: remove group-8BC1D30073B0:null
2019-09-16 16:59:27,897 [RatisPipelineUtilsThread] WARN  pipeline.RatisPipelineUtils (RatisPipelineUtils.java:destroyPipeline(66)) - Pipeline destroy failed for pipeline=PipelineID=c355fa8d-9ddd-4ba5-bf86-8bc1d30073b0 dn=445370a6-3850-4457-9c2c-f37f35928d12{ip: 192.168.5.184, host: pr-hdds-2022-qxstf-1422721469, networkLocation: /default-rack, certSerialId: null}
2019-09-16 16:59:27,900 [grpc-default-executor-4] INFO  impl.RaftServerProxy (RaftServerProxy.java:remove(95)) - e9d750f6-56b2-4d42-a810-39328f6044b5: remove group-8BC1D30073B0:null
2019-09-16 16:59:27,902 [RatisPipelineUtilsThread] WARN  pipeline.RatisPipelineUtils (RatisPipelineUtils.java:destroyPipeline(66)) - Pipeline destroy failed for pipeline=PipelineID=c355fa8d-9ddd-4ba5-bf86-8bc1d30073b0 dn=e9d750f6-56b2-4d42-a810-39328f6044b5{ip: 192.168.5.184, host: pr-hdds-2022-qxstf-1422721469, networkLocation: /default-rack, certSerialId: null}
2019-09-16 16:59:27,905 [grpc-default-executor-4] INFO  impl.RaftServerProxy (RaftServerProxy.java:remove(95)) - b38fff04-681d-43a3-90d0-26fe2e9a9866: remove group-8BC1D30073B0:null
2019-09-16 16:59:27,907 [RatisPipelineUtilsThread] WARN  pipeline.RatisPipelineUtils (RatisPipelineUtils.java:destroyPipeline(66)) - Pipeline destroy failed for pipeline=PipelineID=c355fa8d-9ddd-4ba5-bf86-8bc1d30073b0 dn=b38fff04-681d-43a3-90d0-26fe2e9a9866{ip: 192.168.5.184, host: pr-hdds-2022-qxstf-1422721469, networkLocation: /default-rack, certSerialId: null}
2019-09-16 16:59:27,908 [RatisPipelineUtilsThread] ERROR pipeline.SCMPipelineManager (Scheduler.java:lambda$schedule$1(70)) - Destroy pipeline failed for pipeline:Pipeline[ Id: c355fa8d-9ddd-4ba5-bf86-8bc1d30073b0, Nodes: 445370a6-3850-4457-9c2c-f37f35928d12{ip: 192.168.5.184, host: pr-hdds-2022-qxstf-1422721469, networkLocation: /default-rack, certSerialId: null}e9d750f6-56b2-4d42-a810-39328f6044b5{ip: 192.168.5.184, host: pr-hdds-2022-qxstf-1422721469, networkLocation: /default-rack, certSerialId: null}b38fff04-681d-43a3-90d0-26fe2e9a9866{ip: 192.168.5.184, host: pr-hdds-2022-qxstf-1422721469, networkLocation: /default-rack, certSerialId: null}, Type:RATIS, Factor:THREE, State:CLOSED]
org.apache.hadoop.hdds.scm.pipeline.PipelineNotFoundException: PipelineID=c355fa8d-9ddd-4ba5-bf86-8bc1d30073b0 not found
	at org.apache.hadoop.hdds.scm.pipeline.PipelineStateMap.getPipeline(PipelineStateMap.java:132)
	at org.apache.hadoop.hdds.scm.pipeline.PipelineStateMap.removePipeline(PipelineStateMap.java:322)
	at org.apache.hadoop.hdds.scm.pipeline.PipelineStateManager.removePipeline(PipelineStateManager.java:107)
	at org.apache.hadoop.hdds.scm.pipeline.SCMPipelineManager.removePipeline(SCMPipelineManager.java:423)
	at org.apache.hadoop.hdds.scm.pipeline.SCMPipelineManager.destroyPipeline(SCMPipelineManager.java:409)
	at org.apache.hadoop.hdds.scm.pipeline.SCMPipelineManager.lambda$finalizeAndDestroyPipeline$0(SCMPipelineManager.java:318)
	at org.apache.hadoop.utils.Scheduler.lambda$schedule$1(Scheduler.java:68)
	at java.util.concurrent.Executors$RunnableAdapter.call(Executors.java:511)
	at java.util.concurrent.FutureTask.run(FutureTask.java:266)
	at java.util.concurrent.ScheduledThreadPoolExecutor$ScheduledFutureTask.access$201(ScheduledThreadPoolExecutor.java:180)
	at java.util.concurrent.ScheduledThreadPoolExecutor$ScheduledFutureTask.run(ScheduledThreadPoolExecutor.java:293)
	at java.util.concurrent.ThreadPoolExecutor.runWorker(ThreadPoolExecutor.java:1149)
	at java.util.concurrent.ThreadPoolExecutor$Worker.run(ThreadPoolExecutor.java:624)
	at java.lang.Thread.run(Thread.java:748)
2019-09-16 16:59:29,272 [b176f217-5116-4f29-ae6c-8c5fe7374010@group-CB890FE5B329-SegmentedRaftLogWorker] WARN  segmented.SegmentedRaftLogWorker (SegmentedRaftLogWorker.java:getFromFuture(90)) - Timeout 4/~
org.apache.ratis.protocol.TimeoutIOException: Timeout 10s: WriteLog:5: (t:1, i:5), STATEMACHINELOGENTRY, client-D82C98E0250F, cid=143-writeStateMachineData
	at org.apache.ratis.util.IOUtils.getFromFuture(IOUtils.java:87)
	at org.apache.ratis.server.raftlog.segmented.SegmentedRaftLogWorker$StateMachineDataPolicy.getFromFuture(SegmentedRaftLogWorker.java:87)
	at org.apache.ratis.server.raftlog.segmented.SegmentedRaftLogWorker$WriteLog.execute(SegmentedRaftLogWorker.java:477)
	at org.apache.ratis.server.raftlog.segmented.SegmentedRaftLogWorker.run(SegmentedRaftLogWorker.java:289)
	at java.lang.Thread.run(Thread.java:748)
Caused by: java.util.concurrent.TimeoutException
	at java.util.concurrent.CompletableFuture.timedGet(CompletableFuture.java:1771)
	at java.util.concurrent.CompletableFuture.get(CompletableFuture.java:1915)
	at org.apache.ratis.util.IOUtils.getFromFuture(IOUtils.java:79)
	... 4 more
2019-09-16 16:59:29,605 [c5a5e6b7-bb1e-4cfc-8262-1ca252faf540@group-CB890FE5B329-SegmentedRaftLogWorker] WARN  segmented.SegmentedRaftLogWorker (SegmentedRaftLogWorker.java:getFromFuture(90)) - Timeout 4/~
org.apache.ratis.protocol.TimeoutIOException: Timeout 10s: WriteLog:8: (t:1, i:8), STATEMACHINELOGENTRY, client-D82C98E0250F, cid=146-writeStateMachineData
	at org.apache.ratis.util.IOUtils.getFromFuture(IOUtils.java:87)
	at org.apache.ratis.server.raftlog.segmented.SegmentedRaftLogWorker$StateMachineDataPolicy.getFromFuture(SegmentedRaftLogWorker.java:87)
	at org.apache.ratis.server.raftlog.segmented.SegmentedRaftLogWorker$WriteLog.execute(SegmentedRaftLogWorker.java:477)
	at org.apache.ratis.server.raftlog.segmented.SegmentedRaftLogWorker.run(SegmentedRaftLogWorker.java:289)
	at java.lang.Thread.run(Thread.java:748)
Caused by: java.util.concurrent.TimeoutException
	at java.util.concurrent.CompletableFuture.timedGet(CompletableFuture.java:1771)
	at java.util.concurrent.CompletableFuture.get(CompletableFuture.java:1915)
	at org.apache.ratis.util.IOUtils.getFromFuture(IOUtils.java:79)
	... 4 more
2019-09-16 16:59:29,605 [55776132-47ae-4aef-91b7-92633cf48f43@group-CB890FE5B329-SegmentedRaftLogWorker] WARN  segmented.SegmentedRaftLogWorker (SegmentedRaftLogWorker.java:getFromFuture(90)) - Timeout 4/~
org.apache.ratis.protocol.TimeoutIOException: Timeout 10s: WriteLog:6: (t:1, i:6), STATEMACHINELOGENTRY, client-D82C98E0250F, cid=144-writeStateMachineData
	at org.apache.ratis.util.IOUtils.getFromFuture(IOUtils.java:87)
	at org.apache.ratis.server.raftlog.segmented.SegmentedRaftLogWorker$StateMachineDataPolicy.getFromFuture(SegmentedRaftLogWorker.java:87)
	at org.apache.ratis.server.raftlog.segmented.SegmentedRaftLogWorker$WriteLog.execute(SegmentedRaftLogWorker.java:477)
	at org.apache.ratis.server.raftlog.segmented.SegmentedRaftLogWorker.run(SegmentedRaftLogWorker.java:289)
	at java.lang.Thread.run(Thread.java:748)
Caused by: java.util.concurrent.TimeoutException
	at java.util.concurrent.CompletableFuture.timedGet(CompletableFuture.java:1771)
	at java.util.concurrent.CompletableFuture.get(CompletableFuture.java:1915)
	at org.apache.ratis.util.IOUtils.getFromFuture(IOUtils.java:79)
	... 4 more
2019-09-16 16:59:29,679 [grpc-default-executor-7] INFO  client.GrpcClientProtocolClient (GrpcClientProtocolClient.java:onNext(264)) - client-D82C98E0250F->c5a5e6b7-bb1e-4cfc-8262-1ca252faf540: receive RaftClientReply:client-D82C98E0250F->c5a5e6b7-bb1e-4cfc-8262-1ca252faf540@group-CB890FE5B329, cid=143, FAILED org.apache.ratis.protocol.NotLeaderException: Server c5a5e6b7-bb1e-4cfc-8262-1ca252faf540@group-CB890FE5B329 is not the leader b176f217-5116-4f29-ae6c-8c5fe7374010:192.168.5.184:36714, logIndex=0, commits[c5a5e6b7-bb1e-4cfc-8262-1ca252faf540:c4, 55776132-47ae-4aef-91b7-92633cf48f43:c3, b176f217-5116-4f29-ae6c-8c5fe7374010:c4]
2019-09-16 16:59:29,780 [java.util.concurrent.ThreadPoolExecutor$Worker@3bba45ce[State = -1, empty queue]] WARN  server.GrpcLogAppender (GrpcLogAppender.java:timeoutAppendRequest(200)) - b176f217-5116-4f29-ae6c-8c5fe7374010@group-CB890FE5B329->c5a5e6b7-bb1e-4cfc-8262-1ca252faf540-GrpcLogAppender: appendEntries Timeout, request=b176f217-5116-4f29-ae6c-8c5fe7374010->c5a5e6b7-bb1e-4cfc-8262-1ca252faf540#102-t1, previous=(t:1, i:10), leaderCommit=4, initializing? false, entries: <empty>
2019-09-16 16:59:29,780 [java.util.concurrent.ThreadPoolExecutor$Worker@45f38be8[State = -1, empty queue]] WARN  server.GrpcLogAppender (GrpcLogAppender.java:timeoutAppendRequest(200)) - b176f217-5116-4f29-ae6c-8c5fe7374010@group-CB890FE5B329->55776132-47ae-4aef-91b7-92633cf48f43-GrpcLogAppender: appendEntries Timeout, request=b176f217-5116-4f29-ae6c-8c5fe7374010->55776132-47ae-4aef-91b7-92633cf48f43#102-t1, previous=(t:1, i:10), leaderCommit=4, initializing? false, entries: <empty>
2019-09-16 16:59:30,892 [grpc-default-executor-4] INFO  impl.RaftServerProxy (RaftServerProxy.java:remove(95)) - 445370a6-3850-4457-9c2c-f37f35928d12: remove group-8BC1D30073B0:null
2019-09-16 16:59:30,896 [RatisPipelineUtilsThread] WARN  pipeline.RatisPipelineUtils (RatisPipelineUtils.java:destroyPipeline(66)) - Pipeline destroy failed for pipeline=PipelineID=c355fa8d-9ddd-4ba5-bf86-8bc1d30073b0 dn=445370a6-3850-4457-9c2c-f37f35928d12{ip: 192.168.5.184, host: pr-hdds-2022-qxstf-1422721469, networkLocation: /default-rack, certSerialId: null}
2019-09-16 16:59:30,899 [grpc-default-executor-4] INFO  impl.RaftServerProxy (RaftServerProxy.java:remove(95)) - e9d750f6-56b2-4d42-a810-39328f6044b5: remove group-8BC1D30073B0:null
2019-09-16 16:59:30,901 [RatisPipelineUtilsThread] WARN  pipeline.RatisPipelineUtils (RatisPipelineUtils.java:destroyPipeline(66)) - Pipeline destroy failed for pipeline=PipelineID=c355fa8d-9ddd-4ba5-bf86-8bc1d30073b0 dn=e9d750f6-56b2-4d42-a810-39328f6044b5{ip: 192.168.5.184, host: pr-hdds-2022-qxstf-1422721469, networkLocation: /default-rack, certSerialId: null}
2019-09-16 16:59:30,904 [grpc-default-executor-4] INFO  impl.RaftServerProxy (RaftServerProxy.java:remove(95)) - b38fff04-681d-43a3-90d0-26fe2e9a9866: remove group-8BC1D30073B0:null
2019-09-16 16:59:30,906 [RatisPipelineUtilsThread] WARN  pipeline.RatisPipelineUtils (RatisPipelineUtils.java:destroyPipeline(66)) - Pipeline destroy failed for pipeline=PipelineID=c355fa8d-9ddd-4ba5-bf86-8bc1d30073b0 dn=b38fff04-681d-43a3-90d0-26fe2e9a9866{ip: 192.168.5.184, host: pr-hdds-2022-qxstf-1422721469, networkLocation: /default-rack, certSerialId: null}
2019-09-16 16:59:30,906 [RatisPipelineUtilsThread] ERROR pipeline.SCMPipelineManager (Scheduler.java:lambda$schedule$1(70)) - Destroy pipeline failed for pipeline:Pipeline[ Id: c355fa8d-9ddd-4ba5-bf86-8bc1d30073b0, Nodes: 445370a6-3850-4457-9c2c-f37f35928d12{ip: 192.168.5.184, host: pr-hdds-2022-qxstf-1422721469, networkLocation: /default-rack, certSerialId: null}e9d750f6-56b2-4d42-a810-39328f6044b5{ip: 192.168.5.184, host: pr-hdds-2022-qxstf-1422721469, networkLocation: /default-rack, certSerialId: null}b38fff04-681d-43a3-90d0-26fe2e9a9866{ip: 192.168.5.184, host: pr-hdds-2022-qxstf-1422721469, networkLocation: /default-rack, certSerialId: null}, Type:RATIS, Factor:THREE, State:CLOSED]
org.apache.hadoop.hdds.scm.pipeline.PipelineNotFoundException: PipelineID=c355fa8d-9ddd-4ba5-bf86-8bc1d30073b0 not found
	at org.apache.hadoop.hdds.scm.pipeline.PipelineStateMap.getPipeline(PipelineStateMap.java:132)
	at org.apache.hadoop.hdds.scm.pipeline.PipelineStateMap.removePipeline(PipelineStateMap.java:322)
	at org.apache.hadoop.hdds.scm.pipeline.PipelineStateManager.removePipeline(PipelineStateManager.java:107)
	at org.apache.hadoop.hdds.scm.pipeline.SCMPipelineManager.removePipeline(SCMPipelineManager.java:423)
	at org.apache.hadoop.hdds.scm.pipeline.SCMPipelineManager.destroyPipeline(SCMPipelineManager.java:409)
	at org.apache.hadoop.hdds.scm.pipeline.SCMPipelineManager.lambda$finalizeAndDestroyPipeline$0(SCMPipelineManager.java:318)
	at org.apache.hadoop.utils.Scheduler.lambda$schedule$1(Scheduler.java:68)
	at java.util.concurrent.Executors$RunnableAdapter.call(Executors.java:511)
	at java.util.concurrent.FutureTask.run(FutureTask.java:266)
	at java.util.concurrent.ScheduledThreadPoolExecutor$ScheduledFutureTask.access$201(ScheduledThreadPoolExecutor.java:180)
	at java.util.concurrent.ScheduledThreadPoolExecutor$ScheduledFutureTask.run(ScheduledThreadPoolExecutor.java:293)
	at java.util.concurrent.ThreadPoolExecutor.runWorker(ThreadPoolExecutor.java:1149)
	at java.util.concurrent.ThreadPoolExecutor$Worker.run(ThreadPoolExecutor.java:624)
	at java.lang.Thread.run(Thread.java:748)
2019-09-16 16:59:32,280 [java.util.concurrent.ThreadPoolExecutor$Worker@3bba45ce[State = -1, empty queue]] WARN  server.GrpcLogAppender (GrpcLogAppender.java:timeoutAppendRequest(200)) - b176f217-5116-4f29-ae6c-8c5fe7374010@group-CB890FE5B329->c5a5e6b7-bb1e-4cfc-8262-1ca252faf540-GrpcLogAppender: appendEntries Timeout, request=b176f217-5116-4f29-ae6c-8c5fe7374010->c5a5e6b7-bb1e-4cfc-8262-1ca252faf540#103-t1, previous=(t:1, i:10), leaderCommit=4, initializing? false, entries: <empty>
2019-09-16 16:59:32,280 [java.util.concurrent.ThreadPoolExecutor$Worker@45f38be8[State = -1, empty queue]] WARN  server.GrpcLogAppender (GrpcLogAppender.java:timeoutAppendRequest(200)) - b176f217-5116-4f29-ae6c-8c5fe7374010@group-CB890FE5B329->55776132-47ae-4aef-91b7-92633cf48f43-GrpcLogAppender: appendEntries Timeout, request=b176f217-5116-4f29-ae6c-8c5fe7374010->55776132-47ae-4aef-91b7-92633cf48f43#103-t1, previous=(t:1, i:10), leaderCommit=4, initializing? false, entries: <empty>
2019-09-16 16:59:32,894 [grpc-default-executor-8] INFO  impl.RaftServerProxy (RaftServerProxy.java:remove(95)) - 445370a6-3850-4457-9c2c-f37f35928d12: remove group-8BC1D30073B0:null
2019-09-16 16:59:32,898 [RatisPipelineUtilsThread] WARN  pipeline.RatisPipelineUtils (RatisPipelineUtils.java:destroyPipeline(66)) - Pipeline destroy failed for pipeline=PipelineID=c355fa8d-9ddd-4ba5-bf86-8bc1d30073b0 dn=445370a6-3850-4457-9c2c-f37f35928d12{ip: 192.168.5.184, host: pr-hdds-2022-qxstf-1422721469, networkLocation: /default-rack, certSerialId: null}
2019-09-16 16:59:32,900 [grpc-default-executor-8] INFO  impl.RaftServerProxy (RaftServerProxy.java:remove(95)) - e9d750f6-56b2-4d42-a810-39328f6044b5: remove group-8BC1D30073B0:null
2019-09-16 16:59:32,902 [RatisPipelineUtilsThread] WARN  pipeline.RatisPipelineUtils (RatisPipelineUtils.java:destroyPipeline(66)) - Pipeline destroy failed for pipeline=PipelineID=c355fa8d-9ddd-4ba5-bf86-8bc1d30073b0 dn=e9d750f6-56b2-4d42-a810-39328f6044b5{ip: 192.168.5.184, host: pr-hdds-2022-qxstf-1422721469, networkLocation: /default-rack, certSerialId: null}
2019-09-16 16:59:32,904 [grpc-default-executor-8] INFO  impl.RaftServerProxy (RaftServerProxy.java:remove(95)) - b38fff04-681d-43a3-90d0-26fe2e9a9866: remove group-8BC1D30073B0:null
2019-09-16 16:59:32,906 [RatisPipelineUtilsThread] WARN  pipeline.RatisPipelineUtils (RatisPipelineUtils.java:destroyPipeline(66)) - Pipeline destroy failed for pipeline=PipelineID=c355fa8d-9ddd-4ba5-bf86-8bc1d30073b0 dn=b38fff04-681d-43a3-90d0-26fe2e9a9866{ip: 192.168.5.184, host: pr-hdds-2022-qxstf-1422721469, networkLocation: /default-rack, certSerialId: null}
2019-09-16 16:59:32,907 [RatisPipelineUtilsThread] ERROR pipeline.SCMPipelineManager (Scheduler.java:lambda$schedule$1(70)) - Destroy pipeline failed for pipeline:Pipeline[ Id: c355fa8d-9ddd-4ba5-bf86-8bc1d30073b0, Nodes: 445370a6-3850-4457-9c2c-f37f35928d12{ip: 192.168.5.184, host: pr-hdds-2022-qxstf-1422721469, networkLocation: /default-rack, certSerialId: null}e9d750f6-56b2-4d42-a810-39328f6044b5{ip: 192.168.5.184, host: pr-hdds-2022-qxstf-1422721469, networkLocation: /default-rack, certSerialId: null}b38fff04-681d-43a3-90d0-26fe2e9a9866{ip: 192.168.5.184, host: pr-hdds-2022-qxstf-1422721469, networkLocation: /default-rack, certSerialId: null}, Type:RATIS, Factor:THREE, State:CLOSED]
org.apache.hadoop.hdds.scm.pipeline.PipelineNotFoundException: PipelineID=c355fa8d-9ddd-4ba5-bf86-8bc1d30073b0 not found
	at org.apache.hadoop.hdds.scm.pipeline.PipelineStateMap.getPipeline(PipelineStateMap.java:132)
	at org.apache.hadoop.hdds.scm.pipeline.PipelineStateMap.removePipeline(PipelineStateMap.java:322)
	at org.apache.hadoop.hdds.scm.pipeline.PipelineStateManager.removePipeline(PipelineStateManager.java:107)
	at org.apache.hadoop.hdds.scm.pipeline.SCMPipelineManager.removePipeline(SCMPipelineManager.java:423)
	at org.apache.hadoop.hdds.scm.pipeline.SCMPipelineManager.destroyPipeline(SCMPipelineManager.java:409)
	at org.apache.hadoop.hdds.scm.pipeline.SCMPipelineManager.lambda$finalizeAndDestroyPipeline$0(SCMPipelineManager.java:318)
	at org.apache.hadoop.utils.Scheduler.lambda$schedule$1(Scheduler.java:68)
	at java.util.concurrent.Executors$RunnableAdapter.call(Executors.java:511)
	at java.util.concurrent.FutureTask.run(FutureTask.java:266)
	at java.util.concurrent.ScheduledThreadPoolExecutor$ScheduledFutureTask.access$201(ScheduledThreadPoolExecutor.java:180)
	at java.util.concurrent.ScheduledThreadPoolExecutor$ScheduledFutureTask.run(ScheduledThreadPoolExecutor.java:293)
	at java.util.concurrent.ThreadPoolExecutor.runWorker(ThreadPoolExecutor.java:1149)
	at java.util.concurrent.ThreadPoolExecutor$Worker.run(ThreadPoolExecutor.java:624)
	at java.lang.Thread.run(Thread.java:748)
2019-09-16 16:59:34,714 [grpc-default-executor-8] INFO  client.GrpcClientProtocolClient (GrpcClientProtocolClient.java:onNext(264)) - client-D82C98E0250F->c5a5e6b7-bb1e-4cfc-8262-1ca252faf540: receive RaftClientReply:client-D82C98E0250F->c5a5e6b7-bb1e-4cfc-8262-1ca252faf540@group-CB890FE5B329, cid=143, FAILED org.apache.ratis.protocol.NotLeaderException: Server c5a5e6b7-bb1e-4cfc-8262-1ca252faf540@group-CB890FE5B329 is not the leader b176f217-5116-4f29-ae6c-8c5fe7374010:192.168.5.184:36714, logIndex=0, commits[c5a5e6b7-bb1e-4cfc-8262-1ca252faf540:c4, 55776132-47ae-4aef-91b7-92633cf48f43:c3, b176f217-5116-4f29-ae6c-8c5fe7374010:c4]
2019-09-16 16:59:34,780 [java.util.concurrent.ThreadPoolExecutor$Worker@3bba45ce[State = -1, empty queue]] WARN  server.GrpcLogAppender (GrpcLogAppender.java:timeoutAppendRequest(200)) - b176f217-5116-4f29-ae6c-8c5fe7374010@group-CB890FE5B329->c5a5e6b7-bb1e-4cfc-8262-1ca252faf540-GrpcLogAppender: appendEntries Timeout, request=b176f217-5116-4f29-ae6c-8c5fe7374010->c5a5e6b7-bb1e-4cfc-8262-1ca252faf540#104-t1, previous=(t:1, i:10), leaderCommit=4, initializing? false, entries: <empty>
2019-09-16 16:59:34,781 [java.util.concurrent.ThreadPoolExecutor$Worker@45f38be8[State = -1, empty queue]] WARN  server.GrpcLogAppender (GrpcLogAppender.java:timeoutAppendRequest(200)) - b176f217-5116-4f29-ae6c-8c5fe7374010@group-CB890FE5B329->55776132-47ae-4aef-91b7-92633cf48f43-GrpcLogAppender: appendEntries Timeout, request=b176f217-5116-4f29-ae6c-8c5fe7374010->55776132-47ae-4aef-91b7-92633cf48f43#104-t1, previous=(t:1, i:10), leaderCommit=4, initializing? false, entries: <empty>
2019-09-16 16:59:35,894 [grpc-default-executor-8] INFO  impl.RaftServerProxy (RaftServerProxy.java:remove(95)) - 445370a6-3850-4457-9c2c-f37f35928d12: remove group-8BC1D30073B0:null
2019-09-16 16:59:35,897 [RatisPipelineUtilsThread] WARN  pipeline.RatisPipelineUtils (RatisPipelineUtils.java:destroyPipeline(66)) - Pipeline destroy failed for pipeline=PipelineID=c355fa8d-9ddd-4ba5-bf86-8bc1d30073b0 dn=445370a6-3850-4457-9c2c-f37f35928d12{ip: 192.168.5.184, host: pr-hdds-2022-qxstf-1422721469, networkLocation: /default-rack, certSerialId: null}
2019-09-16 16:59:35,899 [grpc-default-executor-8] INFO  impl.RaftServerProxy (RaftServerProxy.java:remove(95)) - e9d750f6-56b2-4d42-a810-39328f6044b5: remove group-8BC1D30073B0:null
2019-09-16 16:59:35,901 [RatisPipelineUtilsThread] WARN  pipeline.RatisPipelineUtils (RatisPipelineUtils.java:destroyPipeline(66)) - Pipeline destroy failed for pipeline=PipelineID=c355fa8d-9ddd-4ba5-bf86-8bc1d30073b0 dn=e9d750f6-56b2-4d42-a810-39328f6044b5{ip: 192.168.5.184, host: pr-hdds-2022-qxstf-1422721469, networkLocation: /default-rack, certSerialId: null}
2019-09-16 16:59:35,903 [grpc-default-executor-8] INFO  impl.RaftServerProxy (RaftServerProxy.java:remove(95)) - b38fff04-681d-43a3-90d0-26fe2e9a9866: remove group-8BC1D30073B0:null
2019-09-16 16:59:35,904 [RatisPipelineUtilsThread] WARN  pipeline.RatisPipelineUtils (RatisPipelineUtils.java:destroyPipeline(66)) - Pipeline destroy failed for pipeline=PipelineID=c355fa8d-9ddd-4ba5-bf86-8bc1d30073b0 dn=b38fff04-681d-43a3-90d0-26fe2e9a9866{ip: 192.168.5.184, host: pr-hdds-2022-qxstf-1422721469, networkLocation: /default-rack, certSerialId: null}
2019-09-16 16:59:35,905 [RatisPipelineUtilsThread] ERROR pipeline.SCMPipelineManager (Scheduler.java:lambda$schedule$1(70)) - Destroy pipeline failed for pipeline:Pipeline[ Id: c355fa8d-9ddd-4ba5-bf86-8bc1d30073b0, Nodes: 445370a6-3850-4457-9c2c-f37f35928d12{ip: 192.168.5.184, host: pr-hdds-2022-qxstf-1422721469, networkLocation: /default-rack, certSerialId: null}e9d750f6-56b2-4d42-a810-39328f6044b5{ip: 192.168.5.184, host: pr-hdds-2022-qxstf-1422721469, networkLocation: /default-rack, certSerialId: null}b38fff04-681d-43a3-90d0-26fe2e9a9866{ip: 192.168.5.184, host: pr-hdds-2022-qxstf-1422721469, networkLocation: /default-rack, certSerialId: null}, Type:RATIS, Factor:THREE, State:CLOSED]
org.apache.hadoop.hdds.scm.pipeline.PipelineNotFoundException: PipelineID=c355fa8d-9ddd-4ba5-bf86-8bc1d30073b0 not found
	at org.apache.hadoop.hdds.scm.pipeline.PipelineStateMap.getPipeline(PipelineStateMap.java:132)
	at org.apache.hadoop.hdds.scm.pipeline.PipelineStateMap.removePipeline(PipelineStateMap.java:322)
	at org.apache.hadoop.hdds.scm.pipeline.PipelineStateManager.removePipeline(PipelineStateManager.java:107)
	at org.apache.hadoop.hdds.scm.pipeline.SCMPipelineManager.removePipeline(SCMPipelineManager.java:423)
	at org.apache.hadoop.hdds.scm.pipeline.SCMPipelineManager.destroyPipeline(SCMPipelineManager.java:409)
	at org.apache.hadoop.hdds.scm.pipeline.SCMPipelineManager.lambda$finalizeAndDestroyPipeline$0(SCMPipelineManager.java:318)
	at org.apache.hadoop.utils.Scheduler.lambda$schedule$1(Scheduler.java:68)
	at java.util.concurrent.Executors$RunnableAdapter.call(Executors.java:511)
	at java.util.concurrent.FutureTask.run(FutureTask.java:266)
	at java.util.concurrent.ScheduledThreadPoolExecutor$ScheduledFutureTask.access$201(ScheduledThreadPoolExecutor.java:180)
	at java.util.concurrent.ScheduledThreadPoolExecutor$ScheduledFutureTask.run(ScheduledThreadPoolExecutor.java:293)
	at java.util.concurrent.ThreadPoolExecutor.runWorker(ThreadPoolExecutor.java:1149)
	at java.util.concurrent.ThreadPoolExecutor$Worker.run(ThreadPoolExecutor.java:624)
	at java.lang.Thread.run(Thread.java:748)
2019-09-16 16:59:37,281 [java.util.concurrent.ThreadPoolExecutor$Worker@45f38be8[State = -1, empty queue]] WARN  server.GrpcLogAppender (GrpcLogAppender.java:timeoutAppendRequest(200)) - b176f217-5116-4f29-ae6c-8c5fe7374010@group-CB890FE5B329->55776132-47ae-4aef-91b7-92633cf48f43-GrpcLogAppender: appendEntries Timeout, request=b176f217-5116-4f29-ae6c-8c5fe7374010->55776132-47ae-4aef-91b7-92633cf48f43#105-t1, previous=(t:1, i:10), leaderCommit=4, initializing? false, entries: <empty>
2019-09-16 16:59:37,281 [java.util.concurrent.ThreadPoolExecutor$Worker@3bba45ce[State = -1, empty queue]] WARN  server.GrpcLogAppender (GrpcLogAppender.java:timeoutAppendRequest(200)) - b176f217-5116-4f29-ae6c-8c5fe7374010@group-CB890FE5B329->c5a5e6b7-bb1e-4cfc-8262-1ca252faf540-GrpcLogAppender: appendEntries Timeout, request=b176f217-5116-4f29-ae6c-8c5fe7374010->c5a5e6b7-bb1e-4cfc-8262-1ca252faf540#105-t1, previous=(t:1, i:10), leaderCommit=4, initializing? false, entries: <empty>
2019-09-16 16:59:37,893 [grpc-default-executor-8] INFO  impl.RaftServerProxy (RaftServerProxy.java:remove(95)) - 445370a6-3850-4457-9c2c-f37f35928d12: remove group-8BC1D30073B0:null
2019-09-16 16:59:37,897 [RatisPipelineUtilsThread] WARN  pipeline.RatisPipelineUtils (RatisPipelineUtils.java:destroyPipeline(66)) - Pipeline destroy failed for pipeline=PipelineID=c355fa8d-9ddd-4ba5-bf86-8bc1d30073b0 dn=445370a6-3850-4457-9c2c-f37f35928d12{ip: 192.168.5.184, host: pr-hdds-2022-qxstf-1422721469, networkLocation: /default-rack, certSerialId: null}
2019-09-16 16:59:37,899 [grpc-default-executor-8] INFO  impl.RaftServerProxy (RaftServerProxy.java:remove(95)) - e9d750f6-56b2-4d42-a810-39328f6044b5: remove group-8BC1D30073B0:null
2019-09-16 16:59:37,901 [RatisPipelineUtilsThread] WARN  pipeline.RatisPipelineUtils (RatisPipelineUtils.java:destroyPipeline(66)) - Pipeline destroy failed for pipeline=PipelineID=c355fa8d-9ddd-4ba5-bf86-8bc1d30073b0 dn=e9d750f6-56b2-4d42-a810-39328f6044b5{ip: 192.168.5.184, host: pr-hdds-2022-qxstf-1422721469, networkLocation: /default-rack, certSerialId: null}
2019-09-16 16:59:37,903 [grpc-default-executor-8] INFO  impl.RaftServerProxy (RaftServerProxy.java:remove(95)) - b38fff04-681d-43a3-90d0-26fe2e9a9866: remove group-8BC1D30073B0:null
2019-09-16 16:59:37,904 [RatisPipelineUtilsThread] WARN  pipeline.RatisPipelineUtils (RatisPipelineUtils.java:destroyPipeline(66)) - Pipeline destroy failed for pipeline=PipelineID=c355fa8d-9ddd-4ba5-bf86-8bc1d30073b0 dn=b38fff04-681d-43a3-90d0-26fe2e9a9866{ip: 192.168.5.184, host: pr-hdds-2022-qxstf-1422721469, networkLocation: /default-rack, certSerialId: null}
2019-09-16 16:59:37,905 [RatisPipelineUtilsThread] ERROR pipeline.SCMPipelineManager (Scheduler.java:lambda$schedule$1(70)) - Destroy pipeline failed for pipeline:Pipeline[ Id: c355fa8d-9ddd-4ba5-bf86-8bc1d30073b0, Nodes: 445370a6-3850-4457-9c2c-f37f35928d12{ip: 192.168.5.184, host: pr-hdds-2022-qxstf-1422721469, networkLocation: /default-rack, certSerialId: null}e9d750f6-56b2-4d42-a810-39328f6044b5{ip: 192.168.5.184, host: pr-hdds-2022-qxstf-1422721469, networkLocation: /default-rack, certSerialId: null}b38fff04-681d-43a3-90d0-26fe2e9a9866{ip: 192.168.5.184, host: pr-hdds-2022-qxstf-1422721469, networkLocation: /default-rack, certSerialId: null}, Type:RATIS, Factor:THREE, State:CLOSED]
org.apache.hadoop.hdds.scm.pipeline.PipelineNotFoundException: PipelineID=c355fa8d-9ddd-4ba5-bf86-8bc1d30073b0 not found
	at org.apache.hadoop.hdds.scm.pipeline.PipelineStateMap.getPipeline(PipelineStateMap.java:132)
	at org.apache.hadoop.hdds.scm.pipeline.PipelineStateMap.removePipeline(PipelineStateMap.java:322)
	at org.apache.hadoop.hdds.scm.pipeline.PipelineStateManager.removePipeline(PipelineStateManager.java:107)
	at org.apache.hadoop.hdds.scm.pipeline.SCMPipelineManager.removePipeline(SCMPipelineManager.java:423)
	at org.apache.hadoop.hdds.scm.pipeline.SCMPipelineManager.destroyPipeline(SCMPipelineManager.java:409)
	at org.apache.hadoop.hdds.scm.pipeline.SCMPipelineManager.lambda$finalizeAndDestroyPipeline$0(SCMPipelineManager.java:318)
	at org.apache.hadoop.utils.Scheduler.lambda$schedule$1(Scheduler.java:68)
	at java.util.concurrent.Executors$RunnableAdapter.call(Executors.java:511)
	at java.util.concurrent.FutureTask.run(FutureTask.java:266)
	at java.util.concurrent.ScheduledThreadPoolExecutor$ScheduledFutureTask.access$201(ScheduledThreadPoolExecutor.java:180)
	at java.util.concurrent.ScheduledThreadPoolExecutor$ScheduledFutureTask.run(ScheduledThreadPoolExecutor.java:293)
	at java.util.concurrent.ThreadPoolExecutor.runWorker(ThreadPoolExecutor.java:1149)
	at java.util.concurrent.ThreadPoolExecutor$Worker.run(ThreadPoolExecutor.java:624)
	at java.lang.Thread.run(Thread.java:748)
2019-09-16 16:59:39,273 [b176f217-5116-4f29-ae6c-8c5fe7374010@group-CB890FE5B329-SegmentedRaftLogWorker] WARN  segmented.SegmentedRaftLogWorker (SegmentedRaftLogWorker.java:getFromFuture(90)) - Timeout 5/~
org.apache.ratis.protocol.TimeoutIOException: Timeout 10s: WriteLog:5: (t:1, i:5), STATEMACHINELOGENTRY, client-D82C98E0250F, cid=143-writeStateMachineData
	at org.apache.ratis.util.IOUtils.getFromFuture(IOUtils.java:87)
	at org.apache.ratis.server.raftlog.segmented.SegmentedRaftLogWorker$StateMachineDataPolicy.getFromFuture(SegmentedRaftLogWorker.java:87)
	at org.apache.ratis.server.raftlog.segmented.SegmentedRaftLogWorker$WriteLog.execute(SegmentedRaftLogWorker.java:477)
	at org.apache.ratis.server.raftlog.segmented.SegmentedRaftLogWorker.run(SegmentedRaftLogWorker.java:289)
	at java.lang.Thread.run(Thread.java:748)
Caused by: java.util.concurrent.TimeoutException
	at java.util.concurrent.CompletableFuture.timedGet(CompletableFuture.java:1771)
	at java.util.concurrent.CompletableFuture.get(CompletableFuture.java:1915)
	at org.apache.ratis.util.IOUtils.getFromFuture(IOUtils.java:79)
	... 4 more
2019-09-16 16:59:39,606 [c5a5e6b7-bb1e-4cfc-8262-1ca252faf540@group-CB890FE5B329-SegmentedRaftLogWorker] WARN  segmented.SegmentedRaftLogWorker (SegmentedRaftLogWorker.java:getFromFuture(90)) - Timeout 5/~
org.apache.ratis.protocol.TimeoutIOException: Timeout 10s: WriteLog:8: (t:1, i:8), STATEMACHINELOGENTRY, client-D82C98E0250F, cid=146-writeStateMachineData
	at org.apache.ratis.util.IOUtils.getFromFuture(IOUtils.java:87)
	at org.apache.ratis.server.raftlog.segmented.SegmentedRaftLogWorker$StateMachineDataPolicy.getFromFuture(SegmentedRaftLogWorker.java:87)
	at org.apache.ratis.server.raftlog.segmented.SegmentedRaftLogWorker$WriteLog.execute(SegmentedRaftLogWorker.java:477)
	at org.apache.ratis.server.raftlog.segmented.SegmentedRaftLogWorker.run(SegmentedRaftLogWorker.java:289)
	at java.lang.Thread.run(Thread.java:748)
Caused by: java.util.concurrent.TimeoutException
	at java.util.concurrent.CompletableFuture.timedGet(CompletableFuture.java:1771)
	at java.util.concurrent.CompletableFuture.get(CompletableFuture.java:1915)
	at org.apache.ratis.util.IOUtils.getFromFuture(IOUtils.java:79)
	... 4 more
2019-09-16 16:59:39,606 [55776132-47ae-4aef-91b7-92633cf48f43@group-CB890FE5B329-SegmentedRaftLogWorker] WARN  segmented.SegmentedRaftLogWorker (SegmentedRaftLogWorker.java:getFromFuture(90)) - Timeout 5/~
org.apache.ratis.protocol.TimeoutIOException: Timeout 10s: WriteLog:6: (t:1, i:6), STATEMACHINELOGENTRY, client-D82C98E0250F, cid=144-writeStateMachineData
	at org.apache.ratis.util.IOUtils.getFromFuture(IOUtils.java:87)
	at org.apache.ratis.server.raftlog.segmented.SegmentedRaftLogWorker$StateMachineDataPolicy.getFromFuture(SegmentedRaftLogWorker.java:87)
	at org.apache.ratis.server.raftlog.segmented.SegmentedRaftLogWorker$WriteLog.execute(SegmentedRaftLogWorker.java:477)
	at org.apache.ratis.server.raftlog.segmented.SegmentedRaftLogWorker.run(SegmentedRaftLogWorker.java:289)
	at java.lang.Thread.run(Thread.java:748)
Caused by: java.util.concurrent.TimeoutException
	at java.util.concurrent.CompletableFuture.timedGet(CompletableFuture.java:1771)
	at java.util.concurrent.CompletableFuture.get(CompletableFuture.java:1915)
	at org.apache.ratis.util.IOUtils.getFromFuture(IOUtils.java:79)
	... 4 more
2019-09-16 16:59:39,764 [grpc-default-executor-8] INFO  client.GrpcClientProtocolClient (GrpcClientProtocolClient.java:onNext(264)) - client-D82C98E0250F->55776132-47ae-4aef-91b7-92633cf48f43: receive RaftClientReply:client-D82C98E0250F->55776132-47ae-4aef-91b7-92633cf48f43@group-CB890FE5B329, cid=143, FAILED org.apache.ratis.protocol.NotLeaderException: Server 55776132-47ae-4aef-91b7-92633cf48f43@group-CB890FE5B329 is not the leader b176f217-5116-4f29-ae6c-8c5fe7374010:192.168.5.184:36714, logIndex=0, commits[55776132-47ae-4aef-91b7-92633cf48f43:c4, c5a5e6b7-bb1e-4cfc-8262-1ca252faf540:c3, b176f217-5116-4f29-ae6c-8c5fe7374010:c4]
2019-09-16 16:59:39,782 [java.util.concurrent.ThreadPoolExecutor$Worker@45f38be8[State = -1, empty queue]] WARN  server.GrpcLogAppender (GrpcLogAppender.java:timeoutAppendRequest(200)) - b176f217-5116-4f29-ae6c-8c5fe7374010@group-CB890FE5B329->55776132-47ae-4aef-91b7-92633cf48f43-GrpcLogAppender: appendEntries Timeout, request=b176f217-5116-4f29-ae6c-8c5fe7374010->55776132-47ae-4aef-91b7-92633cf48f43#106-t1, previous=(t:1, i:10), leaderCommit=4, initializing? false, entries: <empty>
2019-09-16 16:59:39,782 [java.util.concurrent.ThreadPoolExecutor$Worker@3bba45ce[State = -1, empty queue]] WARN  server.GrpcLogAppender (GrpcLogAppender.java:timeoutAppendRequest(200)) - b176f217-5116-4f29-ae6c-8c5fe7374010@group-CB890FE5B329->c5a5e6b7-bb1e-4cfc-8262-1ca252faf540-GrpcLogAppender: appendEntries Timeout, request=b176f217-5116-4f29-ae6c-8c5fe7374010->c5a5e6b7-bb1e-4cfc-8262-1ca252faf540#106-t1, previous=(t:1, i:10), leaderCommit=4, initializing? false, entries: <empty>
2019-09-16 16:59:40,891 [grpc-default-executor-7] INFO  impl.RaftServerProxy (RaftServerProxy.java:remove(95)) - 445370a6-3850-4457-9c2c-f37f35928d12: remove group-8BC1D30073B0:null
2019-09-16 16:59:40,895 [RatisPipelineUtilsThread] WARN  pipeline.RatisPipelineUtils (RatisPipelineUtils.java:destroyPipeline(66)) - Pipeline destroy failed for pipeline=PipelineID=c355fa8d-9ddd-4ba5-bf86-8bc1d30073b0 dn=445370a6-3850-4457-9c2c-f37f35928d12{ip: 192.168.5.184, host: pr-hdds-2022-qxstf-1422721469, networkLocation: /default-rack, certSerialId: null}
2019-09-16 16:59:40,897 [grpc-default-executor-7] INFO  impl.RaftServerProxy (RaftServerProxy.java:remove(95)) - e9d750f6-56b2-4d42-a810-39328f6044b5: remove group-8BC1D30073B0:null
2019-09-16 16:59:40,899 [RatisPipelineUtilsThread] WARN  pipeline.RatisPipelineUtils (RatisPipelineUtils.java:destroyPipeline(66)) - Pipeline destroy failed for pipeline=PipelineID=c355fa8d-9ddd-4ba5-bf86-8bc1d30073b0 dn=e9d750f6-56b2-4d42-a810-39328f6044b5{ip: 192.168.5.184, host: pr-hdds-2022-qxstf-1422721469, networkLocation: /default-rack, certSerialId: null}
2019-09-16 16:59:40,902 [grpc-default-executor-7] INFO  impl.RaftServerProxy (RaftServerProxy.java:remove(95)) - b38fff04-681d-43a3-90d0-26fe2e9a9866: remove group-8BC1D30073B0:null
2019-09-16 16:59:40,904 [RatisPipelineUtilsThread] WARN  pipeline.RatisPipelineUtils (RatisPipelineUtils.java:destroyPipeline(66)) - Pipeline destroy failed for pipeline=PipelineID=c355fa8d-9ddd-4ba5-bf86-8bc1d30073b0 dn=b38fff04-681d-43a3-90d0-26fe2e9a9866{ip: 192.168.5.184, host: pr-hdds-2022-qxstf-1422721469, networkLocation: /default-rack, certSerialId: null}
2019-09-16 16:59:40,904 [RatisPipelineUtilsThread] ERROR pipeline.SCMPipelineManager (Scheduler.java:lambda$schedule$1(70)) - Destroy pipeline failed for pipeline:Pipeline[ Id: c355fa8d-9ddd-4ba5-bf86-8bc1d30073b0, Nodes: 445370a6-3850-4457-9c2c-f37f35928d12{ip: 192.168.5.184, host: pr-hdds-2022-qxstf-1422721469, networkLocation: /default-rack, certSerialId: null}e9d750f6-56b2-4d42-a810-39328f6044b5{ip: 192.168.5.184, host: pr-hdds-2022-qxstf-1422721469, networkLocation: /default-rack, certSerialId: null}b38fff04-681d-43a3-90d0-26fe2e9a9866{ip: 192.168.5.184, host: pr-hdds-2022-qxstf-1422721469, networkLocation: /default-rack, certSerialId: null}, Type:RATIS, Factor:THREE, State:CLOSED]
org.apache.hadoop.hdds.scm.pipeline.PipelineNotFoundException: PipelineID=c355fa8d-9ddd-4ba5-bf86-8bc1d30073b0 not found
	at org.apache.hadoop.hdds.scm.pipeline.PipelineStateMap.getPipeline(PipelineStateMap.java:132)
	at org.apache.hadoop.hdds.scm.pipeline.PipelineStateMap.removePipeline(PipelineStateMap.java:322)
	at org.apache.hadoop.hdds.scm.pipeline.PipelineStateManager.removePipeline(PipelineStateManager.java:107)
	at org.apache.hadoop.hdds.scm.pipeline.SCMPipelineManager.removePipeline(SCMPipelineManager.java:423)
	at org.apache.hadoop.hdds.scm.pipeline.SCMPipelineManager.destroyPipeline(SCMPipelineManager.java:409)
	at org.apache.hadoop.hdds.scm.pipeline.SCMPipelineManager.lambda$finalizeAndDestroyPipeline$0(SCMPipelineManager.java:318)
	at org.apache.hadoop.utils.Scheduler.lambda$schedule$1(Scheduler.java:68)
	at java.util.concurrent.Executors$RunnableAdapter.call(Executors.java:511)
	at java.util.concurrent.FutureTask.run(FutureTask.java:266)
	at java.util.concurrent.ScheduledThreadPoolExecutor$ScheduledFutureTask.access$201(ScheduledThreadPoolExecutor.java:180)
	at java.util.concurrent.ScheduledThreadPoolExecutor$ScheduledFutureTask.run(ScheduledThreadPoolExecutor.java:293)
	at java.util.concurrent.ThreadPoolExecutor.runWorker(ThreadPoolExecutor.java:1149)
	at java.util.concurrent.ThreadPoolExecutor$Worker.run(ThreadPoolExecutor.java:624)
	at java.lang.Thread.run(Thread.java:748)
2019-09-16 16:59:42,282 [java.util.concurrent.ThreadPoolExecutor$Worker@45f38be8[State = -1, empty queue]] WARN  server.GrpcLogAppender (GrpcLogAppender.java:timeoutAppendRequest(200)) - b176f217-5116-4f29-ae6c-8c5fe7374010@group-CB890FE5B329->55776132-47ae-4aef-91b7-92633cf48f43-GrpcLogAppender: appendEntries Timeout, request=b176f217-5116-4f29-ae6c-8c5fe7374010->55776132-47ae-4aef-91b7-92633cf48f43#107-t1, previous=(t:1, i:10), leaderCommit=4, initializing? false, entries: <empty>
2019-09-16 16:59:42,282 [java.util.concurrent.ThreadPoolExecutor$Worker@3bba45ce[State = -1, empty queue]] WARN  server.GrpcLogAppender (GrpcLogAppender.java:timeoutAppendRequest(200)) - b176f217-5116-4f29-ae6c-8c5fe7374010@group-CB890FE5B329->c5a5e6b7-bb1e-4cfc-8262-1ca252faf540-GrpcLogAppender: appendEntries Timeout, request=b176f217-5116-4f29-ae6c-8c5fe7374010->c5a5e6b7-bb1e-4cfc-8262-1ca252faf540#107-t1, previous=(t:1, i:10), leaderCommit=4, initializing? false, entries: <empty>
2019-09-16 16:59:42,891 [grpc-default-executor-7] INFO  impl.RaftServerProxy (RaftServerProxy.java:remove(95)) - 445370a6-3850-4457-9c2c-f37f35928d12: remove group-8BC1D30073B0:null
2019-09-16 16:59:42,894 [RatisPipelineUtilsThread] WARN  pipeline.RatisPipelineUtils (RatisPipelineUtils.java:destroyPipeline(66)) - Pipeline destroy failed for pipeline=PipelineID=c355fa8d-9ddd-4ba5-bf86-8bc1d30073b0 dn=445370a6-3850-4457-9c2c-f37f35928d12{ip: 192.168.5.184, host: pr-hdds-2022-qxstf-1422721469, networkLocation: /default-rack, certSerialId: null}
2019-09-16 16:59:42,897 [grpc-default-executor-7] INFO  impl.RaftServerProxy (RaftServerProxy.java:remove(95)) - e9d750f6-56b2-4d42-a810-39328f6044b5: remove group-8BC1D30073B0:null
2019-09-16 16:59:42,899 [RatisPipelineUtilsThread] WARN  pipeline.RatisPipelineUtils (RatisPipelineUtils.java:destroyPipeline(66)) - Pipeline destroy failed for pipeline=PipelineID=c355fa8d-9ddd-4ba5-bf86-8bc1d30073b0 dn=e9d750f6-56b2-4d42-a810-39328f6044b5{ip: 192.168.5.184, host: pr-hdds-2022-qxstf-1422721469, networkLocation: /default-rack, certSerialId: null}
2019-09-16 16:59:42,902 [grpc-default-executor-7] INFO  impl.RaftServerProxy (RaftServerProxy.java:remove(95)) - b38fff04-681d-43a3-90d0-26fe2e9a9866: remove group-8BC1D30073B0:null
2019-09-16 16:59:42,904 [RatisPipelineUtilsThread] WARN  pipeline.RatisPipelineUtils (RatisPipelineUtils.java:destroyPipeline(66)) - Pipeline destroy failed for pipeline=PipelineID=c355fa8d-9ddd-4ba5-bf86-8bc1d30073b0 dn=b38fff04-681d-43a3-90d0-26fe2e9a9866{ip: 192.168.5.184, host: pr-hdds-2022-qxstf-1422721469, networkLocation: /default-rack, certSerialId: null}
2019-09-16 16:59:42,904 [RatisPipelineUtilsThread] ERROR pipeline.SCMPipelineManager (Scheduler.java:lambda$schedule$1(70)) - Destroy pipeline failed for pipeline:Pipeline[ Id: c355fa8d-9ddd-4ba5-bf86-8bc1d30073b0, Nodes: 445370a6-3850-4457-9c2c-f37f35928d12{ip: 192.168.5.184, host: pr-hdds-2022-qxstf-1422721469, networkLocation: /default-rack, certSerialId: null}e9d750f6-56b2-4d42-a810-39328f6044b5{ip: 192.168.5.184, host: pr-hdds-2022-qxstf-1422721469, networkLocation: /default-rack, certSerialId: null}b38fff04-681d-43a3-90d0-26fe2e9a9866{ip: 192.168.5.184, host: pr-hdds-2022-qxstf-1422721469, networkLocation: /default-rack, certSerialId: null}, Type:RATIS, Factor:THREE, State:CLOSED]
org.apache.hadoop.hdds.scm.pipeline.PipelineNotFoundException: PipelineID=c355fa8d-9ddd-4ba5-bf86-8bc1d30073b0 not found
	at org.apache.hadoop.hdds.scm.pipeline.PipelineStateMap.getPipeline(PipelineStateMap.java:132)
	at org.apache.hadoop.hdds.scm.pipeline.PipelineStateMap.removePipeline(PipelineStateMap.java:322)
	at org.apache.hadoop.hdds.scm.pipeline.PipelineStateManager.removePipeline(PipelineStateManager.java:107)
	at org.apache.hadoop.hdds.scm.pipeline.SCMPipelineManager.removePipeline(SCMPipelineManager.java:423)
	at org.apache.hadoop.hdds.scm.pipeline.SCMPipelineManager.destroyPipeline(SCMPipelineManager.java:409)
	at org.apache.hadoop.hdds.scm.pipeline.SCMPipelineManager.lambda$finalizeAndDestroyPipeline$0(SCMPipelineManager.java:318)
	at org.apache.hadoop.utils.Scheduler.lambda$schedule$1(Scheduler.java:68)
	at java.util.concurrent.Executors$RunnableAdapter.call(Executors.java:511)
	at java.util.concurrent.FutureTask.run(FutureTask.java:266)
	at java.util.concurrent.ScheduledThreadPoolExecutor$ScheduledFutureTask.access$201(ScheduledThreadPoolExecutor.java:180)
	at java.util.concurrent.ScheduledThreadPoolExecutor$ScheduledFutureTask.run(ScheduledThreadPoolExecutor.java:293)
	at java.util.concurrent.ThreadPoolExecutor.runWorker(ThreadPoolExecutor.java:1149)
	at java.util.concurrent.ThreadPoolExecutor$Worker.run(ThreadPoolExecutor.java:624)
	at java.lang.Thread.run(Thread.java:748)
2019-09-16 16:59:43,701 [grpc-default-executor-4] INFO  impl.RaftServerProxy (RaftServerProxy.java:remove(95)) - 445370a6-3850-4457-9c2c-f37f35928d12: remove group-8BC1D30073B0:null
2019-09-16 16:59:43,704 [RatisPipelineUtilsThread] WARN  pipeline.RatisPipelineUtils (RatisPipelineUtils.java:destroyPipeline(66)) - Pipeline destroy failed for pipeline=PipelineID=c355fa8d-9ddd-4ba5-bf86-8bc1d30073b0 dn=445370a6-3850-4457-9c2c-f37f35928d12{ip: 192.168.5.184, host: pr-hdds-2022-qxstf-1422721469, networkLocation: /default-rack, certSerialId: null}
2019-09-16 16:59:43,707 [grpc-default-executor-4] INFO  impl.RaftServerProxy (RaftServerProxy.java:remove(95)) - e9d750f6-56b2-4d42-a810-39328f6044b5: remove group-8BC1D30073B0:null
2019-09-16 16:59:43,709 [RatisPipelineUtilsThread] WARN  pipeline.RatisPipelineUtils (RatisPipelineUtils.java:destroyPipeline(66)) - Pipeline destroy failed for pipeline=PipelineID=c355fa8d-9ddd-4ba5-bf86-8bc1d30073b0 dn=e9d750f6-56b2-4d42-a810-39328f6044b5{ip: 192.168.5.184, host: pr-hdds-2022-qxstf-1422721469, networkLocation: /default-rack, certSerialId: null}
2019-09-16 16:59:43,712 [grpc-default-executor-4] INFO  impl.RaftServerProxy (RaftServerProxy.java:remove(95)) - b38fff04-681d-43a3-90d0-26fe2e9a9866: remove group-8BC1D30073B0:null
2019-09-16 16:59:43,714 [RatisPipelineUtilsThread] WARN  pipeline.RatisPipelineUtils (RatisPipelineUtils.java:destroyPipeline(66)) - Pipeline destroy failed for pipeline=PipelineID=c355fa8d-9ddd-4ba5-bf86-8bc1d30073b0 dn=b38fff04-681d-43a3-90d0-26fe2e9a9866{ip: 192.168.5.184, host: pr-hdds-2022-qxstf-1422721469, networkLocation: /default-rack, certSerialId: null}
2019-09-16 16:59:43,714 [RatisPipelineUtilsThread] ERROR pipeline.SCMPipelineManager (Scheduler.java:lambda$schedule$1(70)) - Destroy pipeline failed for pipeline:Pipeline[ Id: c355fa8d-9ddd-4ba5-bf86-8bc1d30073b0, Nodes: 445370a6-3850-4457-9c2c-f37f35928d12{ip: 192.168.5.184, host: pr-hdds-2022-qxstf-1422721469, networkLocation: /default-rack, certSerialId: null}e9d750f6-56b2-4d42-a810-39328f6044b5{ip: 192.168.5.184, host: pr-hdds-2022-qxstf-1422721469, networkLocation: /default-rack, certSerialId: null}b38fff04-681d-43a3-90d0-26fe2e9a9866{ip: 192.168.5.184, host: pr-hdds-2022-qxstf-1422721469, networkLocation: /default-rack, certSerialId: null}, Type:RATIS, Factor:THREE, State:CLOSED]
org.apache.hadoop.hdds.scm.pipeline.PipelineNotFoundException: PipelineID=c355fa8d-9ddd-4ba5-bf86-8bc1d30073b0 not found
	at org.apache.hadoop.hdds.scm.pipeline.PipelineStateMap.getPipeline(PipelineStateMap.java:132)
	at org.apache.hadoop.hdds.scm.pipeline.PipelineStateMap.removePipeline(PipelineStateMap.java:322)
	at org.apache.hadoop.hdds.scm.pipeline.PipelineStateManager.removePipeline(PipelineStateManager.java:107)
	at org.apache.hadoop.hdds.scm.pipeline.SCMPipelineManager.removePipeline(SCMPipelineManager.java:423)
	at org.apache.hadoop.hdds.scm.pipeline.SCMPipelineManager.destroyPipeline(SCMPipelineManager.java:409)
	at org.apache.hadoop.hdds.scm.pipeline.SCMPipelineManager.lambda$finalizeAndDestroyPipeline$0(SCMPipelineManager.java:318)
	at org.apache.hadoop.utils.Scheduler.lambda$schedule$1(Scheduler.java:68)
	at java.util.concurrent.Executors$RunnableAdapter.call(Executors.java:511)
	at java.util.concurrent.FutureTask.run(FutureTask.java:266)
	at java.util.concurrent.ScheduledThreadPoolExecutor$ScheduledFutureTask.access$201(ScheduledThreadPoolExecutor.java:180)
	at java.util.concurrent.ScheduledThreadPoolExecutor$ScheduledFutureTask.run(ScheduledThreadPoolExecutor.java:293)
	at java.util.concurrent.ThreadPoolExecutor.runWorker(ThreadPoolExecutor.java:1149)
	at java.util.concurrent.ThreadPoolExecutor$Worker.run(ThreadPoolExecutor.java:624)
	at java.lang.Thread.run(Thread.java:748)
2019-09-16 16:59:43,976 [grpc-default-executor-4] INFO  impl.RaftServerProxy (RaftServerProxy.java:remove(95)) - 445370a6-3850-4457-9c2c-f37f35928d12: remove group-8BC1D30073B0:null
2019-09-16 16:59:43,978 [RatisPipelineUtilsThread] WARN  pipeline.RatisPipelineUtils (RatisPipelineUtils.java:destroyPipeline(66)) - Pipeline destroy failed for pipeline=PipelineID=c355fa8d-9ddd-4ba5-bf86-8bc1d30073b0 dn=445370a6-3850-4457-9c2c-f37f35928d12{ip: 192.168.5.184, host: pr-hdds-2022-qxstf-1422721469, networkLocation: /default-rack, certSerialId: null}
2019-09-16 16:59:43,981 [grpc-default-executor-4] INFO  impl.RaftServerProxy (RaftServerProxy.java:remove(95)) - e9d750f6-56b2-4d42-a810-39328f6044b5: remove group-8BC1D30073B0:null
2019-09-16 16:59:43,983 [RatisPipelineUtilsThread] WARN  pipeline.RatisPipelineUtils (RatisPipelineUtils.java:destroyPipeline(66)) - Pipeline destroy failed for pipeline=PipelineID=c355fa8d-9ddd-4ba5-bf86-8bc1d30073b0 dn=e9d750f6-56b2-4d42-a810-39328f6044b5{ip: 192.168.5.184, host: pr-hdds-2022-qxstf-1422721469, networkLocation: /default-rack, certSerialId: null}
2019-09-16 16:59:43,986 [grpc-default-executor-4] INFO  impl.RaftServerProxy (RaftServerProxy.java:remove(95)) - b38fff04-681d-43a3-90d0-26fe2e9a9866: remove group-8BC1D30073B0:null
2019-09-16 16:59:43,989 [RatisPipelineUtilsThread] WARN  pipeline.RatisPipelineUtils (RatisPipelineUtils.java:destroyPipeline(66)) - Pipeline destroy failed for pipeline=PipelineID=c355fa8d-9ddd-4ba5-bf86-8bc1d30073b0 dn=b38fff04-681d-43a3-90d0-26fe2e9a9866{ip: 192.168.5.184, host: pr-hdds-2022-qxstf-1422721469, networkLocation: /default-rack, certSerialId: null}
2019-09-16 16:59:43,989 [RatisPipelineUtilsThread] ERROR pipeline.SCMPipelineManager (Scheduler.java:lambda$schedule$1(70)) - Destroy pipeline failed for pipeline:Pipeline[ Id: c355fa8d-9ddd-4ba5-bf86-8bc1d30073b0, Nodes: 445370a6-3850-4457-9c2c-f37f35928d12{ip: 192.168.5.184, host: pr-hdds-2022-qxstf-1422721469, networkLocation: /default-rack, certSerialId: null}e9d750f6-56b2-4d42-a810-39328f6044b5{ip: 192.168.5.184, host: pr-hdds-2022-qxstf-1422721469, networkLocation: /default-rack, certSerialId: null}b38fff04-681d-43a3-90d0-26fe2e9a9866{ip: 192.168.5.184, host: pr-hdds-2022-qxstf-1422721469, networkLocation: /default-rack, certSerialId: null}, Type:RATIS, Factor:THREE, State:CLOSED]
org.apache.hadoop.hdds.scm.pipeline.PipelineNotFoundException: PipelineID=c355fa8d-9ddd-4ba5-bf86-8bc1d30073b0 not found
	at org.apache.hadoop.hdds.scm.pipeline.PipelineStateMap.getPipeline(PipelineStateMap.java:132)
	at org.apache.hadoop.hdds.scm.pipeline.PipelineStateMap.removePipeline(PipelineStateMap.java:322)
	at org.apache.hadoop.hdds.scm.pipeline.PipelineStateManager.removePipeline(PipelineStateManager.java:107)
	at org.apache.hadoop.hdds.scm.pipeline.SCMPipelineManager.removePipeline(SCMPipelineManager.java:423)
	at org.apache.hadoop.hdds.scm.pipeline.SCMPipelineManager.destroyPipeline(SCMPipelineManager.java:409)
	at org.apache.hadoop.hdds.scm.pipeline.SCMPipelineManager.lambda$finalizeAndDestroyPipeline$0(SCMPipelineManager.java:318)
	at org.apache.hadoop.utils.Scheduler.lambda$schedule$1(Scheduler.java:68)
	at java.util.concurrent.Executors$RunnableAdapter.call(Executors.java:511)
	at java.util.concurrent.FutureTask.run(FutureTask.java:266)
	at java.util.concurrent.ScheduledThreadPoolExecutor$ScheduledFutureTask.access$201(ScheduledThreadPoolExecutor.java:180)
	at java.util.concurrent.ScheduledThreadPoolExecutor$ScheduledFutureTask.run(ScheduledThreadPoolExecutor.java:293)
	at java.util.concurrent.ThreadPoolExecutor.runWorker(ThreadPoolExecutor.java:1149)
	at java.util.concurrent.ThreadPoolExecutor$Worker.run(ThreadPoolExecutor.java:624)
	at java.lang.Thread.run(Thread.java:748)
2019-09-16 16:59:44,194 [grpc-default-executor-4] INFO  impl.RaftServerProxy (RaftServerProxy.java:remove(95)) - 445370a6-3850-4457-9c2c-f37f35928d12: remove group-8BC1D30073B0:null
2019-09-16 16:59:44,196 [RatisPipelineUtilsThread] WARN  pipeline.RatisPipelineUtils (RatisPipelineUtils.java:destroyPipeline(66)) - Pipeline destroy failed for pipeline=PipelineID=c355fa8d-9ddd-4ba5-bf86-8bc1d30073b0 dn=445370a6-3850-4457-9c2c-f37f35928d12{ip: 192.168.5.184, host: pr-hdds-2022-qxstf-1422721469, networkLocation: /default-rack, certSerialId: null}
2019-09-16 16:59:44,199 [grpc-default-executor-4] INFO  impl.RaftServerProxy (RaftServerProxy.java:remove(95)) - e9d750f6-56b2-4d42-a810-39328f6044b5: remove group-8BC1D30073B0:null
2019-09-16 16:59:44,200 [RatisPipelineUtilsThread] WARN  pipeline.RatisPipelineUtils (RatisPipelineUtils.java:destroyPipeline(66)) - Pipeline destroy failed for pipeline=PipelineID=c355fa8d-9ddd-4ba5-bf86-8bc1d30073b0 dn=e9d750f6-56b2-4d42-a810-39328f6044b5{ip: 192.168.5.184, host: pr-hdds-2022-qxstf-1422721469, networkLocation: /default-rack, certSerialId: null}
2019-09-16 16:59:44,202 [grpc-default-executor-7] INFO  impl.RaftServerProxy (RaftServerProxy.java:remove(95)) - b38fff04-681d-43a3-90d0-26fe2e9a9866: remove group-8BC1D30073B0:null
2019-09-16 16:59:44,204 [RatisPipelineUtilsThread] WARN  pipeline.RatisPipelineUtils (RatisPipelineUtils.java:destroyPipeline(66)) - Pipeline destroy failed for pipeline=PipelineID=c355fa8d-9ddd-4ba5-bf86-8bc1d30073b0 dn=b38fff04-681d-43a3-90d0-26fe2e9a9866{ip: 192.168.5.184, host: pr-hdds-2022-qxstf-1422721469, networkLocation: /default-rack, certSerialId: null}
2019-09-16 16:59:44,204 [RatisPipelineUtilsThread] ERROR pipeline.SCMPipelineManager (Scheduler.java:lambda$schedule$1(70)) - Destroy pipeline failed for pipeline:Pipeline[ Id: c355fa8d-9ddd-4ba5-bf86-8bc1d30073b0, Nodes: 445370a6-3850-4457-9c2c-f37f35928d12{ip: 192.168.5.184, host: pr-hdds-2022-qxstf-1422721469, networkLocation: /default-rack, certSerialId: null}e9d750f6-56b2-4d42-a810-39328f6044b5{ip: 192.168.5.184, host: pr-hdds-2022-qxstf-1422721469, networkLocation: /default-rack, certSerialId: null}b38fff04-681d-43a3-90d0-26fe2e9a9866{ip: 192.168.5.184, host: pr-hdds-2022-qxstf-1422721469, networkLocation: /default-rack, certSerialId: null}, Type:RATIS, Factor:THREE, State:CLOSED]
org.apache.hadoop.hdds.scm.pipeline.PipelineNotFoundException: PipelineID=c355fa8d-9ddd-4ba5-bf86-8bc1d30073b0 not found
	at org.apache.hadoop.hdds.scm.pipeline.PipelineStateMap.getPipeline(PipelineStateMap.java:132)
	at org.apache.hadoop.hdds.scm.pipeline.PipelineStateMap.removePipeline(PipelineStateMap.java:322)
	at org.apache.hadoop.hdds.scm.pipeline.PipelineStateManager.removePipeline(PipelineStateManager.java:107)
	at org.apache.hadoop.hdds.scm.pipeline.SCMPipelineManager.removePipeline(SCMPipelineManager.java:423)
	at org.apache.hadoop.hdds.scm.pipeline.SCMPipelineManager.destroyPipeline(SCMPipelineManager.java:409)
	at org.apache.hadoop.hdds.scm.pipeline.SCMPipelineManager.lambda$finalizeAndDestroyPipeline$0(SCMPipelineManager.java:318)
	at org.apache.hadoop.utils.Scheduler.lambda$schedule$1(Scheduler.java:68)
	at java.util.concurrent.Executors$RunnableAdapter.call(Executors.java:511)
	at java.util.concurrent.FutureTask.run(FutureTask.java:266)
	at java.util.concurrent.ScheduledThreadPoolExecutor$ScheduledFutureTask.access$201(ScheduledThreadPoolExecutor.java:180)
	at java.util.concurrent.ScheduledThreadPoolExecutor$ScheduledFutureTask.run(ScheduledThreadPoolExecutor.java:293)
	at java.util.concurrent.ThreadPoolExecutor.runWorker(ThreadPoolExecutor.java:1149)
	at java.util.concurrent.ThreadPoolExecutor$Worker.run(ThreadPoolExecutor.java:624)
	at java.lang.Thread.run(Thread.java:748)
2019-09-16 16:59:44,783 [java.util.concurrent.ThreadPoolExecutor$Worker@3bba45ce[State = -1, empty queue]] WARN  server.GrpcLogAppender (GrpcLogAppender.java:timeoutAppendRequest(200)) - b176f217-5116-4f29-ae6c-8c5fe7374010@group-CB890FE5B329->c5a5e6b7-bb1e-4cfc-8262-1ca252faf540-GrpcLogAppender: appendEntries Timeout, request=b176f217-5116-4f29-ae6c-8c5fe7374010->c5a5e6b7-bb1e-4cfc-8262-1ca252faf540#108-t1, previous=(t:1, i:10), leaderCommit=4, initializing? false, entries: <empty>
2019-09-16 16:59:44,783 [java.util.concurrent.ThreadPoolExecutor$Worker@45f38be8[State = -1, empty queue]] WARN  server.GrpcLogAppender (GrpcLogAppender.java:timeoutAppendRequest(200)) - b176f217-5116-4f29-ae6c-8c5fe7374010@group-CB890FE5B329->55776132-47ae-4aef-91b7-92633cf48f43-GrpcLogAppender: appendEntries Timeout, request=b176f217-5116-4f29-ae6c-8c5fe7374010->55776132-47ae-4aef-91b7-92633cf48f43#108-t1, previous=(t:1, i:10), leaderCommit=4, initializing? false, entries: <empty>
2019-09-16 16:59:44,799 [grpc-default-executor-7] INFO  client.GrpcClientProtocolClient (GrpcClientProtocolClient.java:onNext(264)) - client-D82C98E0250F->c5a5e6b7-bb1e-4cfc-8262-1ca252faf540: receive RaftClientReply:client-D82C98E0250F->c5a5e6b7-bb1e-4cfc-8262-1ca252faf540@group-CB890FE5B329, cid=143, FAILED org.apache.ratis.protocol.NotLeaderException: Server c5a5e6b7-bb1e-4cfc-8262-1ca252faf540@group-CB890FE5B329 is not the leader b176f217-5116-4f29-ae6c-8c5fe7374010:192.168.5.184:36714, logIndex=0, commits[c5a5e6b7-bb1e-4cfc-8262-1ca252faf540:c4, 55776132-47ae-4aef-91b7-92633cf48f43:c3, b176f217-5116-4f29-ae6c-8c5fe7374010:c4]
2019-09-16 16:59:47,283 [java.util.concurrent.ThreadPoolExecutor$Worker@3bba45ce[State = -1, empty queue]] WARN  server.GrpcLogAppender (GrpcLogAppender.java:timeoutAppendRequest(200)) - b176f217-5116-4f29-ae6c-8c5fe7374010@group-CB890FE5B329->c5a5e6b7-bb1e-4cfc-8262-1ca252faf540-GrpcLogAppender: appendEntries Timeout, request=b176f217-5116-4f29-ae6c-8c5fe7374010->c5a5e6b7-bb1e-4cfc-8262-1ca252faf540#109-t1, previous=(t:1, i:10), leaderCommit=4, initializing? false, entries: <empty>
2019-09-16 16:59:47,283 [java.util.concurrent.ThreadPoolExecutor$Worker@45f38be8[State = -1, empty queue]] WARN  server.GrpcLogAppender (GrpcLogAppender.java:timeoutAppendRequest(200)) - b176f217-5116-4f29-ae6c-8c5fe7374010@group-CB890FE5B329->55776132-47ae-4aef-91b7-92633cf48f43-GrpcLogAppender: appendEntries Timeout, request=b176f217-5116-4f29-ae6c-8c5fe7374010->55776132-47ae-4aef-91b7-92633cf48f43#109-t1, previous=(t:1, i:10), leaderCommit=4, initializing? false, entries: <empty>
2019-09-16 16:59:49,274 [b176f217-5116-4f29-ae6c-8c5fe7374010@group-CB890FE5B329-SegmentedRaftLogWorker] WARN  segmented.SegmentedRaftLogWorker (SegmentedRaftLogWorker.java:getFromFuture(90)) - Timeout 6/~
org.apache.ratis.protocol.TimeoutIOException: Timeout 10s: WriteLog:5: (t:1, i:5), STATEMACHINELOGENTRY, client-D82C98E0250F, cid=143-writeStateMachineData
	at org.apache.ratis.util.IOUtils.getFromFuture(IOUtils.java:87)
	at org.apache.ratis.server.raftlog.segmented.SegmentedRaftLogWorker$StateMachineDataPolicy.getFromFuture(SegmentedRaftLogWorker.java:87)
	at org.apache.ratis.server.raftlog.segmented.SegmentedRaftLogWorker$WriteLog.execute(SegmentedRaftLogWorker.java:477)
	at org.apache.ratis.server.raftlog.segmented.SegmentedRaftLogWorker.run(SegmentedRaftLogWorker.java:289)
	at java.lang.Thread.run(Thread.java:748)
Caused by: java.util.concurrent.TimeoutException
	at java.util.concurrent.CompletableFuture.timedGet(CompletableFuture.java:1771)
	at java.util.concurrent.CompletableFuture.get(CompletableFuture.java:1915)
	at org.apache.ratis.util.IOUtils.getFromFuture(IOUtils.java:79)
	... 4 more
2019-09-16 16:59:49,607 [c5a5e6b7-bb1e-4cfc-8262-1ca252faf540@group-CB890FE5B329-SegmentedRaftLogWorker] WARN  segmented.SegmentedRaftLogWorker (SegmentedRaftLogWorker.java:getFromFuture(90)) - Timeout 6/~
org.apache.ratis.protocol.TimeoutIOException: Timeout 10s: WriteLog:8: (t:1, i:8), STATEMACHINELOGENTRY, client-D82C98E0250F, cid=146-writeStateMachineData
	at org.apache.ratis.util.IOUtils.getFromFuture(IOUtils.java:87)
	at org.apache.ratis.server.raftlog.segmented.SegmentedRaftLogWorker$StateMachineDataPolicy.getFromFuture(SegmentedRaftLogWorker.java:87)
	at org.apache.ratis.server.raftlog.segmented.SegmentedRaftLogWorker$WriteLog.execute(SegmentedRaftLogWorker.java:477)
	at org.apache.ratis.server.raftlog.segmented.SegmentedRaftLogWorker.run(SegmentedRaftLogWorker.java:289)
	at java.lang.Thread.run(Thread.java:748)
Caused by: java.util.concurrent.TimeoutException
	at java.util.concurrent.CompletableFuture.timedGet(CompletableFuture.java:1771)
	at java.util.concurrent.CompletableFuture.get(CompletableFuture.java:1915)
	at org.apache.ratis.util.IOUtils.getFromFuture(IOUtils.java:79)
	... 4 more
2019-09-16 16:59:49,631 [55776132-47ae-4aef-91b7-92633cf48f43@group-CB890FE5B329-SegmentedRaftLogWorker] WARN  segmented.SegmentedRaftLogWorker (SegmentedRaftLogWorker.java:getFromFuture(90)) - Timeout 6/~
org.apache.ratis.protocol.TimeoutIOException: Timeout 10s: WriteLog:6: (t:1, i:6), STATEMACHINELOGENTRY, client-D82C98E0250F, cid=144-writeStateMachineData
	at org.apache.ratis.util.IOUtils.getFromFuture(IOUtils.java:87)
	at org.apache.ratis.server.raftlog.segmented.SegmentedRaftLogWorker$StateMachineDataPolicy.getFromFuture(SegmentedRaftLogWorker.java:87)
	at org.apache.ratis.server.raftlog.segmented.SegmentedRaftLogWorker$WriteLog.execute(SegmentedRaftLogWorker.java:477)
	at org.apache.ratis.server.raftlog.segmented.SegmentedRaftLogWorker.run(SegmentedRaftLogWorker.java:289)
	at java.lang.Thread.run(Thread.java:748)
Caused by: java.util.concurrent.TimeoutException
	at java.util.concurrent.CompletableFuture.timedGet(CompletableFuture.java:1771)
	at java.util.concurrent.CompletableFuture.get(CompletableFuture.java:1915)
	at org.apache.ratis.util.IOUtils.getFromFuture(IOUtils.java:79)
	... 4 more
2019-09-16 16:59:49,783 [java.util.concurrent.ThreadPoolExecutor$Worker@3bba45ce[State = -1, empty queue]] WARN  server.GrpcLogAppender (GrpcLogAppender.java:timeoutAppendRequest(200)) - b176f217-5116-4f29-ae6c-8c5fe7374010@group-CB890FE5B329->c5a5e6b7-bb1e-4cfc-8262-1ca252faf540-GrpcLogAppender: appendEntries Timeout, request=b176f217-5116-4f29-ae6c-8c5fe7374010->c5a5e6b7-bb1e-4cfc-8262-1ca252faf540#110-t1, previous=(t:1, i:10), leaderCommit=4, initializing? false, entries: <empty>
2019-09-16 16:59:49,783 [java.util.concurrent.ThreadPoolExecutor$Worker@45f38be8[State = -1, empty queue]] WARN  server.GrpcLogAppender (GrpcLogAppender.java:timeoutAppendRequest(200)) - b176f217-5116-4f29-ae6c-8c5fe7374010@group-CB890FE5B329->55776132-47ae-4aef-91b7-92633cf48f43-GrpcLogAppender: appendEntries Timeout, request=b176f217-5116-4f29-ae6c-8c5fe7374010->55776132-47ae-4aef-91b7-92633cf48f43#110-t1, previous=(t:1, i:10), leaderCommit=4, initializing? false, entries: <empty>
2019-09-16 16:59:49,844 [grpc-default-executor-7] INFO  client.GrpcClientProtocolClient (GrpcClientProtocolClient.java:onNext(264)) - client-D82C98E0250F->55776132-47ae-4aef-91b7-92633cf48f43: receive RaftClientReply:client-D82C98E0250F->55776132-47ae-4aef-91b7-92633cf48f43@group-CB890FE5B329, cid=143, FAILED org.apache.ratis.protocol.NotLeaderException: Server 55776132-47ae-4aef-91b7-92633cf48f43@group-CB890FE5B329 is not the leader b176f217-5116-4f29-ae6c-8c5fe7374010:192.168.5.184:36714, logIndex=0, commits[55776132-47ae-4aef-91b7-92633cf48f43:c4, c5a5e6b7-bb1e-4cfc-8262-1ca252faf540:c3, b176f217-5116-4f29-ae6c-8c5fe7374010:c4]
2019-09-16 16:59:52,284 [java.util.concurrent.ThreadPoolExecutor$Worker@3bba45ce[State = -1, empty queue]] WARN  server.GrpcLogAppender (GrpcLogAppender.java:timeoutAppendRequest(200)) - b176f217-5116-4f29-ae6c-8c5fe7374010@group-CB890FE5B329->c5a5e6b7-bb1e-4cfc-8262-1ca252faf540-GrpcLogAppender: appendEntries Timeout, request=b176f217-5116-4f29-ae6c-8c5fe7374010->c5a5e6b7-bb1e-4cfc-8262-1ca252faf540#111-t1, previous=(t:1, i:10), leaderCommit=4, initializing? false, entries: <empty>
2019-09-16 16:59:52,284 [java.util.concurrent.ThreadPoolExecutor$Worker@45f38be8[State = -1, empty queue]] WARN  server.GrpcLogAppender (GrpcLogAppender.java:timeoutAppendRequest(200)) - b176f217-5116-4f29-ae6c-8c5fe7374010@group-CB890FE5B329->55776132-47ae-4aef-91b7-92633cf48f43-GrpcLogAppender: appendEntries Timeout, request=b176f217-5116-4f29-ae6c-8c5fe7374010->55776132-47ae-4aef-91b7-92633cf48f43#111-t1, previous=(t:1, i:10), leaderCommit=4, initializing? false, entries: <empty>
2019-09-16 16:59:54,785 [java.util.concurrent.ThreadPoolExecutor$Worker@45f38be8[State = -1, empty queue]] WARN  server.GrpcLogAppender (GrpcLogAppender.java:timeoutAppendRequest(200)) - b176f217-5116-4f29-ae6c-8c5fe7374010@group-CB890FE5B329->55776132-47ae-4aef-91b7-92633cf48f43-GrpcLogAppender: appendEntries Timeout, request=b176f217-5116-4f29-ae6c-8c5fe7374010->55776132-47ae-4aef-91b7-92633cf48f43#112-t1, previous=(t:1, i:10), leaderCommit=4, initializing? false, entries: <empty>
2019-09-16 16:59:54,785 [java.util.concurrent.ThreadPoolExecutor$Worker@3bba45ce[State = -1, empty queue]] WARN  server.GrpcLogAppender (GrpcLogAppender.java:timeoutAppendRequest(200)) - b176f217-5116-4f29-ae6c-8c5fe7374010@group-CB890FE5B329->c5a5e6b7-bb1e-4cfc-8262-1ca252faf540-GrpcLogAppender: appendEntries Timeout, request=b176f217-5116-4f29-ae6c-8c5fe7374010->c5a5e6b7-bb1e-4cfc-8262-1ca252faf540#112-t1, previous=(t:1, i:10), leaderCommit=4, initializing? false, entries: <empty>
2019-09-16 16:59:54,901 [grpc-default-executor-7] INFO  client.GrpcClientProtocolClient (GrpcClientProtocolClient.java:onNext(264)) - client-D82C98E0250F->55776132-47ae-4aef-91b7-92633cf48f43: receive RaftClientReply:client-D82C98E0250F->55776132-47ae-4aef-91b7-92633cf48f43@group-CB890FE5B329, cid=143, FAILED org.apache.ratis.protocol.NotLeaderException: Server 55776132-47ae-4aef-91b7-92633cf48f43@group-CB890FE5B329 is not the leader b176f217-5116-4f29-ae6c-8c5fe7374010:192.168.5.184:36714, logIndex=0, commits[55776132-47ae-4aef-91b7-92633cf48f43:c4, c5a5e6b7-bb1e-4cfc-8262-1ca252faf540:c3, b176f217-5116-4f29-ae6c-8c5fe7374010:c4]
2019-09-16 16:59:57,285 [java.util.concurrent.ThreadPoolExecutor$Worker@45f38be8[State = -1, empty queue]] WARN  server.GrpcLogAppender (GrpcLogAppender.java:timeoutAppendRequest(200)) - b176f217-5116-4f29-ae6c-8c5fe7374010@group-CB890FE5B329->55776132-47ae-4aef-91b7-92633cf48f43-GrpcLogAppender: appendEntries Timeout, request=b176f217-5116-4f29-ae6c-8c5fe7374010->55776132-47ae-4aef-91b7-92633cf48f43#113-t1, previous=(t:1, i:10), leaderCommit=4, initializing? false, entries: <empty>
2019-09-16 16:59:57,286 [java.util.concurrent.ThreadPoolExecutor$Worker@3bba45ce[State = -1, empty queue]] WARN  server.GrpcLogAppender (GrpcLogAppender.java:timeoutAppendRequest(200)) - b176f217-5116-4f29-ae6c-8c5fe7374010@group-CB890FE5B329->c5a5e6b7-bb1e-4cfc-8262-1ca252faf540-GrpcLogAppender: appendEntries Timeout, request=b176f217-5116-4f29-ae6c-8c5fe7374010->c5a5e6b7-bb1e-4cfc-8262-1ca252faf540#113-t1, previous=(t:1, i:10), leaderCommit=4, initializing? false, entries: <empty>
2019-09-16 16:59:59,276 [b176f217-5116-4f29-ae6c-8c5fe7374010@group-CB890FE5B329-SegmentedRaftLogWorker] WARN  segmented.SegmentedRaftLogWorker (SegmentedRaftLogWorker.java:getFromFuture(90)) - Timeout 7/~
org.apache.ratis.protocol.TimeoutIOException: Timeout 10s: WriteLog:5: (t:1, i:5), STATEMACHINELOGENTRY, client-D82C98E0250F, cid=143-writeStateMachineData
	at org.apache.ratis.util.IOUtils.getFromFuture(IOUtils.java:87)
	at org.apache.ratis.server.raftlog.segmented.SegmentedRaftLogWorker$StateMachineDataPolicy.getFromFuture(SegmentedRaftLogWorker.java:87)
	at org.apache.ratis.server.raftlog.segmented.SegmentedRaftLogWorker$WriteLog.execute(SegmentedRaftLogWorker.java:477)
	at org.apache.ratis.server.raftlog.segmented.SegmentedRaftLogWorker.run(SegmentedRaftLogWorker.java:289)
	at java.lang.Thread.run(Thread.java:748)
Caused by: java.util.concurrent.TimeoutException
	at java.util.concurrent.CompletableFuture.timedGet(CompletableFuture.java:1771)
	at java.util.concurrent.CompletableFuture.get(CompletableFuture.java:1915)
	at org.apache.ratis.util.IOUtils.getFromFuture(IOUtils.java:79)
	... 4 more
2019-09-16 16:59:59,638 [c5a5e6b7-bb1e-4cfc-8262-1ca252faf540@group-CB890FE5B329-SegmentedRaftLogWorker] WARN  segmented.SegmentedRaftLogWorker (SegmentedRaftLogWorker.java:getFromFuture(90)) - Timeout 7/~
org.apache.ratis.protocol.TimeoutIOException: Timeout 10s: WriteLog:8: (t:1, i:8), STATEMACHINELOGENTRY, client-D82C98E0250F, cid=146-writeStateMachineData
	at org.apache.ratis.util.IOUtils.getFromFuture(IOUtils.java:87)
	at org.apache.ratis.server.raftlog.segmented.SegmentedRaftLogWorker$StateMachineDataPolicy.getFromFuture(SegmentedRaftLogWorker.java:87)
	at org.apache.ratis.server.raftlog.segmented.SegmentedRaftLogWorker$WriteLog.execute(SegmentedRaftLogWorker.java:477)
	at org.apache.ratis.server.raftlog.segmented.SegmentedRaftLogWorker.run(SegmentedRaftLogWorker.java:289)
	at java.lang.Thread.run(Thread.java:748)
Caused by: java.util.concurrent.TimeoutException
	at java.util.concurrent.CompletableFuture.timedGet(CompletableFuture.java:1771)
	at java.util.concurrent.CompletableFuture.get(CompletableFuture.java:1915)
	at org.apache.ratis.util.IOUtils.getFromFuture(IOUtils.java:79)
	... 4 more
2019-09-16 16:59:59,638 [55776132-47ae-4aef-91b7-92633cf48f43@group-CB890FE5B329-SegmentedRaftLogWorker] WARN  segmented.SegmentedRaftLogWorker (SegmentedRaftLogWorker.java:getFromFuture(90)) - Timeout 7/~
org.apache.ratis.protocol.TimeoutIOException: Timeout 10s: WriteLog:6: (t:1, i:6), STATEMACHINELOGENTRY, client-D82C98E0250F, cid=144-writeStateMachineData
	at org.apache.ratis.util.IOUtils.getFromFuture(IOUtils.java:87)
	at org.apache.ratis.server.raftlog.segmented.SegmentedRaftLogWorker$StateMachineDataPolicy.getFromFuture(SegmentedRaftLogWorker.java:87)
	at org.apache.ratis.server.raftlog.segmented.SegmentedRaftLogWorker$WriteLog.execute(SegmentedRaftLogWorker.java:477)
	at org.apache.ratis.server.raftlog.segmented.SegmentedRaftLogWorker.run(SegmentedRaftLogWorker.java:289)
	at java.lang.Thread.run(Thread.java:748)
Caused by: java.util.concurrent.TimeoutException
	at java.util.concurrent.CompletableFuture.timedGet(CompletableFuture.java:1771)
	at java.util.concurrent.CompletableFuture.get(CompletableFuture.java:1915)
	at org.apache.ratis.util.IOUtils.getFromFuture(IOUtils.java:79)
	... 4 more
2019-09-16 16:59:59,786 [java.util.concurrent.ThreadPoolExecutor$Worker@45f38be8[State = -1, empty queue]] WARN  server.GrpcLogAppender (GrpcLogAppender.java:timeoutAppendRequest(200)) - b176f217-5116-4f29-ae6c-8c5fe7374010@group-CB890FE5B329->55776132-47ae-4aef-91b7-92633cf48f43-GrpcLogAppender: appendEntries Timeout, request=b176f217-5116-4f29-ae6c-8c5fe7374010->55776132-47ae-4aef-91b7-92633cf48f43#114-t1, previous=(t:1, i:10), leaderCommit=4, initializing? false, entries: <empty>
2019-09-16 16:59:59,786 [java.util.concurrent.ThreadPoolExecutor$Worker@3bba45ce[State = -1, empty queue]] WARN  server.GrpcLogAppender (GrpcLogAppender.java:timeoutAppendRequest(200)) - b176f217-5116-4f29-ae6c-8c5fe7374010@group-CB890FE5B329->c5a5e6b7-bb1e-4cfc-8262-1ca252faf540-GrpcLogAppender: appendEntries Timeout, request=b176f217-5116-4f29-ae6c-8c5fe7374010->c5a5e6b7-bb1e-4cfc-8262-1ca252faf540#114-t1, previous=(t:1, i:10), leaderCommit=4, initializing? false, entries: <empty>
2019-09-16 16:59:59,946 [grpc-default-executor-7] INFO  client.GrpcClientProtocolClient (GrpcClientProtocolClient.java:onNext(264)) - client-D82C98E0250F->55776132-47ae-4aef-91b7-92633cf48f43: receive RaftClientReply:client-D82C98E0250F->55776132-47ae-4aef-91b7-92633cf48f43@group-CB890FE5B329, cid=143, FAILED org.apache.ratis.protocol.NotLeaderException: Server 55776132-47ae-4aef-91b7-92633cf48f43@group-CB890FE5B329 is not the leader b176f217-5116-4f29-ae6c-8c5fe7374010:192.168.5.184:36714, logIndex=0, commits[55776132-47ae-4aef-91b7-92633cf48f43:c4, c5a5e6b7-bb1e-4cfc-8262-1ca252faf540:c3, b176f217-5116-4f29-ae6c-8c5fe7374010:c4]
2019-09-16 17:00:02,286 [java.util.concurrent.ThreadPoolExecutor$Worker@3bba45ce[State = -1, empty queue]] WARN  server.GrpcLogAppender (GrpcLogAppender.java:timeoutAppendRequest(200)) - b176f217-5116-4f29-ae6c-8c5fe7374010@group-CB890FE5B329->c5a5e6b7-bb1e-4cfc-8262-1ca252faf540-GrpcLogAppender: appendEntries Timeout, request=b176f217-5116-4f29-ae6c-8c5fe7374010->c5a5e6b7-bb1e-4cfc-8262-1ca252faf540#115-t1, previous=(t:1, i:10), leaderCommit=4, initializing? false, entries: <empty>
2019-09-16 17:00:02,286 [java.util.concurrent.ThreadPoolExecutor$Worker@45f38be8[State = -1, empty queue]] WARN  server.GrpcLogAppender (GrpcLogAppender.java:timeoutAppendRequest(200)) - b176f217-5116-4f29-ae6c-8c5fe7374010@group-CB890FE5B329->55776132-47ae-4aef-91b7-92633cf48f43-GrpcLogAppender: appendEntries Timeout, request=b176f217-5116-4f29-ae6c-8c5fe7374010->55776132-47ae-4aef-91b7-92633cf48f43#115-t1, previous=(t:1, i:10), leaderCommit=4, initializing? false, entries: <empty>
2019-09-16 17:00:04,786 [java.util.concurrent.ThreadPoolExecutor$Worker@45f38be8[State = -1, empty queue]] WARN  server.GrpcLogAppender (GrpcLogAppender.java:timeoutAppendRequest(200)) - b176f217-5116-4f29-ae6c-8c5fe7374010@group-CB890FE5B329->55776132-47ae-4aef-91b7-92633cf48f43-GrpcLogAppender: appendEntries Timeout, request=b176f217-5116-4f29-ae6c-8c5fe7374010->55776132-47ae-4aef-91b7-92633cf48f43#116-t1, previous=(t:1, i:10), leaderCommit=4, initializing? false, entries: <empty>
2019-09-16 17:00:04,786 [java.util.concurrent.ThreadPoolExecutor$Worker@3bba45ce[State = -1, empty queue]] WARN  server.GrpcLogAppender (GrpcLogAppender.java:timeoutAppendRequest(200)) - b176f217-5116-4f29-ae6c-8c5fe7374010@group-CB890FE5B329->c5a5e6b7-bb1e-4cfc-8262-1ca252faf540-GrpcLogAppender: appendEntries Timeout, request=b176f217-5116-4f29-ae6c-8c5fe7374010->c5a5e6b7-bb1e-4cfc-8262-1ca252faf540#116-t1, previous=(t:1, i:10), leaderCommit=4, initializing? false, entries: <empty>
2019-09-16 17:00:05,013 [grpc-default-executor-7] INFO  client.GrpcClientProtocolClient (GrpcClientProtocolClient.java:onNext(264)) - client-D82C98E0250F->c5a5e6b7-bb1e-4cfc-8262-1ca252faf540: receive RaftClientReply:client-D82C98E0250F->c5a5e6b7-bb1e-4cfc-8262-1ca252faf540@group-CB890FE5B329, cid=143, FAILED org.apache.ratis.protocol.NotLeaderException: Server c5a5e6b7-bb1e-4cfc-8262-1ca252faf540@group-CB890FE5B329 is not the leader b176f217-5116-4f29-ae6c-8c5fe7374010:192.168.5.184:36714, logIndex=0, commits[c5a5e6b7-bb1e-4cfc-8262-1ca252faf540:c4, 55776132-47ae-4aef-91b7-92633cf48f43:c3, b176f217-5116-4f29-ae6c-8c5fe7374010:c4]
2019-09-16 17:00:07,287 [java.util.concurrent.ThreadPoolExecutor$Worker@3bba45ce[State = -1, empty queue]] WARN  server.GrpcLogAppender (GrpcLogAppender.java:timeoutAppendRequest(200)) - b176f217-5116-4f29-ae6c-8c5fe7374010@group-CB890FE5B329->c5a5e6b7-bb1e-4cfc-8262-1ca252faf540-GrpcLogAppender: appendEntries Timeout, request=b176f217-5116-4f29-ae6c-8c5fe7374010->c5a5e6b7-bb1e-4cfc-8262-1ca252faf540#117-t1, previous=(t:1, i:10), leaderCommit=4, initializing? false, entries: <empty>
2019-09-16 17:00:07,287 [java.util.concurrent.ThreadPoolExecutor$Worker@45f38be8[State = -1, empty queue]] WARN  server.GrpcLogAppender (GrpcLogAppender.java:timeoutAppendRequest(200)) - b176f217-5116-4f29-ae6c-8c5fe7374010@group-CB890FE5B329->55776132-47ae-4aef-91b7-92633cf48f43-GrpcLogAppender: appendEntries Timeout, request=b176f217-5116-4f29-ae6c-8c5fe7374010->55776132-47ae-4aef-91b7-92633cf48f43#117-t1, previous=(t:1, i:10), leaderCommit=4, initializing? false, entries: <empty>
2019-09-16 17:00:09,278 [b176f217-5116-4f29-ae6c-8c5fe7374010@group-CB890FE5B329-SegmentedRaftLogWorker] WARN  segmented.SegmentedRaftLogWorker (SegmentedRaftLogWorker.java:getFromFuture(90)) - Timeout 8/~
org.apache.ratis.protocol.TimeoutIOException: Timeout 10s: WriteLog:5: (t:1, i:5), STATEMACHINELOGENTRY, client-D82C98E0250F, cid=143-writeStateMachineData
	at org.apache.ratis.util.IOUtils.getFromFuture(IOUtils.java:87)
	at org.apache.ratis.server.raftlog.segmented.SegmentedRaftLogWorker$StateMachineDataPolicy.getFromFuture(SegmentedRaftLogWorker.java:87)
	at org.apache.ratis.server.raftlog.segmented.SegmentedRaftLogWorker$WriteLog.execute(SegmentedRaftLogWorker.java:477)
	at org.apache.ratis.server.raftlog.segmented.SegmentedRaftLogWorker.run(SegmentedRaftLogWorker.java:289)
	at java.lang.Thread.run(Thread.java:748)
Caused by: java.util.concurrent.TimeoutException
	at java.util.concurrent.CompletableFuture.timedGet(CompletableFuture.java:1771)
	at java.util.concurrent.CompletableFuture.get(CompletableFuture.java:1915)
	at org.apache.ratis.util.IOUtils.getFromFuture(IOUtils.java:79)
	... 4 more
2019-09-16 17:00:09,638 [c5a5e6b7-bb1e-4cfc-8262-1ca252faf540@group-CB890FE5B329-SegmentedRaftLogWorker] WARN  segmented.SegmentedRaftLogWorker (SegmentedRaftLogWorker.java:getFromFuture(90)) - Timeout 8/~
org.apache.ratis.protocol.TimeoutIOException: Timeout 10s: WriteLog:8: (t:1, i:8), STATEMACHINELOGENTRY, client-D82C98E0250F, cid=146-writeStateMachineData
	at org.apache.ratis.util.IOUtils.getFromFuture(IOUtils.java:87)
	at org.apache.ratis.server.raftlog.segmented.SegmentedRaftLogWorker$StateMachineDataPolicy.getFromFuture(SegmentedRaftLogWorker.java:87)
	at org.apache.ratis.server.raftlog.segmented.SegmentedRaftLogWorker$WriteLog.execute(SegmentedRaftLogWorker.java:477)
	at org.apache.ratis.server.raftlog.segmented.SegmentedRaftLogWorker.run(SegmentedRaftLogWorker.java:289)
	at java.lang.Thread.run(Thread.java:748)
Caused by: java.util.concurrent.TimeoutException
	at java.util.concurrent.CompletableFuture.timedGet(CompletableFuture.java:1771)
	at java.util.concurrent.CompletableFuture.get(CompletableFuture.java:1915)
	at org.apache.ratis.util.IOUtils.getFromFuture(IOUtils.java:79)
	... 4 more
2019-09-16 17:00:09,639 [55776132-47ae-4aef-91b7-92633cf48f43@group-CB890FE5B329-SegmentedRaftLogWorker] WARN  segmented.SegmentedRaftLogWorker (SegmentedRaftLogWorker.java:getFromFuture(90)) - Timeout 8/~
org.apache.ratis.protocol.TimeoutIOException: Timeout 10s: WriteLog:6: (t:1, i:6), STATEMACHINELOGENTRY, client-D82C98E0250F, cid=144-writeStateMachineData
	at org.apache.ratis.util.IOUtils.getFromFuture(IOUtils.java:87)
	at org.apache.ratis.server.raftlog.segmented.SegmentedRaftLogWorker$StateMachineDataPolicy.getFromFuture(SegmentedRaftLogWorker.java:87)
	at org.apache.ratis.server.raftlog.segmented.SegmentedRaftLogWorker$WriteLog.execute(SegmentedRaftLogWorker.java:477)
	at org.apache.ratis.server.raftlog.segmented.SegmentedRaftLogWorker.run(SegmentedRaftLogWorker.java:289)
	at java.lang.Thread.run(Thread.java:748)
Caused by: java.util.concurrent.TimeoutException
	at java.util.concurrent.CompletableFuture.timedGet(CompletableFuture.java:1771)
	at java.util.concurrent.CompletableFuture.get(CompletableFuture.java:1915)
	at org.apache.ratis.util.IOUtils.getFromFuture(IOUtils.java:79)
	... 4 more
2019-09-16 17:00:09,787 [java.util.concurrent.ThreadPoolExecutor$Worker@45f38be8[State = -1, empty queue]] WARN  server.GrpcLogAppender (GrpcLogAppender.java:timeoutAppendRequest(200)) - b176f217-5116-4f29-ae6c-8c5fe7374010@group-CB890FE5B329->55776132-47ae-4aef-91b7-92633cf48f43-GrpcLogAppender: appendEntries Timeout, request=b176f217-5116-4f29-ae6c-8c5fe7374010->55776132-47ae-4aef-91b7-92633cf48f43#118-t1, previous=(t:1, i:10), leaderCommit=4, initializing? false, entries: <empty>
2019-09-16 17:00:09,787 [java.util.concurrent.ThreadPoolExecutor$Worker@3bba45ce[State = -1, empty queue]] WARN  server.GrpcLogAppender (GrpcLogAppender.java:timeoutAppendRequest(200)) - b176f217-5116-4f29-ae6c-8c5fe7374010@group-CB890FE5B329->c5a5e6b7-bb1e-4cfc-8262-1ca252faf540-GrpcLogAppender: appendEntries Timeout, request=b176f217-5116-4f29-ae6c-8c5fe7374010->c5a5e6b7-bb1e-4cfc-8262-1ca252faf540#118-t1, previous=(t:1, i:10), leaderCommit=4, initializing? false, entries: <empty>
2019-09-16 17:00:10,083 [grpc-default-executor-7] INFO  client.GrpcClientProtocolClient (GrpcClientProtocolClient.java:onNext(264)) - client-D82C98E0250F->55776132-47ae-4aef-91b7-92633cf48f43: receive RaftClientReply:client-D82C98E0250F->55776132-47ae-4aef-91b7-92633cf48f43@group-CB890FE5B329, cid=143, FAILED org.apache.ratis.protocol.NotLeaderException: Server 55776132-47ae-4aef-91b7-92633cf48f43@group-CB890FE5B329 is not the leader b176f217-5116-4f29-ae6c-8c5fe7374010:192.168.5.184:36714, logIndex=0, commits[55776132-47ae-4aef-91b7-92633cf48f43:c4, c5a5e6b7-bb1e-4cfc-8262-1ca252faf540:c3, b176f217-5116-4f29-ae6c-8c5fe7374010:c4]
2019-09-16 17:00:12,288 [java.util.concurrent.ThreadPoolExecutor$Worker@3bba45ce[State = -1, empty queue]] WARN  server.GrpcLogAppender (GrpcLogAppender.java:timeoutAppendRequest(200)) - b176f217-5116-4f29-ae6c-8c5fe7374010@group-CB890FE5B329->c5a5e6b7-bb1e-4cfc-8262-1ca252faf540-GrpcLogAppender: appendEntries Timeout, request=b176f217-5116-4f29-ae6c-8c5fe7374010->c5a5e6b7-bb1e-4cfc-8262-1ca252faf540#119-t1, previous=(t:1, i:10), leaderCommit=4, initializing? false, entries: <empty>
2019-09-16 17:00:12,288 [java.util.concurrent.ThreadPoolExecutor$Worker@45f38be8[State = -1, empty queue]] WARN  server.GrpcLogAppender (GrpcLogAppender.java:timeoutAppendRequest(200)) - b176f217-5116-4f29-ae6c-8c5fe7374010@group-CB890FE5B329->55776132-47ae-4aef-91b7-92633cf48f43-GrpcLogAppender: appendEntries Timeout, request=b176f217-5116-4f29-ae6c-8c5fe7374010->55776132-47ae-4aef-91b7-92633cf48f43#119-t1, previous=(t:1, i:10), leaderCommit=4, initializing? false, entries: <empty>
2019-09-16 17:00:14,788 [java.util.concurrent.ThreadPoolExecutor$Worker@3bba45ce[State = -1, empty queue]] WARN  server.GrpcLogAppender (GrpcLogAppender.java:timeoutAppendRequest(200)) - b176f217-5116-4f29-ae6c-8c5fe7374010@group-CB890FE5B329->c5a5e6b7-bb1e-4cfc-8262-1ca252faf540-GrpcLogAppender: appendEntries Timeout, request=b176f217-5116-4f29-ae6c-8c5fe7374010->c5a5e6b7-bb1e-4cfc-8262-1ca252faf540#120-t1, previous=(t:1, i:10), leaderCommit=4, initializing? false, entries: <empty>
2019-09-16 17:00:14,788 [java.util.concurrent.ThreadPoolExecutor$Worker@45f38be8[State = -1, empty queue]] WARN  server.GrpcLogAppender (GrpcLogAppender.java:timeoutAppendRequest(200)) - b176f217-5116-4f29-ae6c-8c5fe7374010@group-CB890FE5B329->55776132-47ae-4aef-91b7-92633cf48f43-GrpcLogAppender: appendEntries Timeout, request=b176f217-5116-4f29-ae6c-8c5fe7374010->55776132-47ae-4aef-91b7-92633cf48f43#120-t1, previous=(t:1, i:10), leaderCommit=4, initializing? false, entries: <empty>
2019-09-16 17:00:15,117 [grpc-default-executor-7] INFO  client.GrpcClientProtocolClient (GrpcClientProtocolClient.java:onNext(264)) - client-D82C98E0250F->c5a5e6b7-bb1e-4cfc-8262-1ca252faf540: receive RaftClientReply:client-D82C98E0250F->c5a5e6b7-bb1e-4cfc-8262-1ca252faf540@group-CB890FE5B329, cid=143, FAILED org.apache.ratis.protocol.NotLeaderException: Server c5a5e6b7-bb1e-4cfc-8262-1ca252faf540@group-CB890FE5B329 is not the leader b176f217-5116-4f29-ae6c-8c5fe7374010:192.168.5.184:36714, logIndex=0, commits[c5a5e6b7-bb1e-4cfc-8262-1ca252faf540:c4, 55776132-47ae-4aef-91b7-92633cf48f43:c3, b176f217-5116-4f29-ae6c-8c5fe7374010:c4]
2019-09-16 17:00:17,288 [java.util.concurrent.ThreadPoolExecutor$Worker@45f38be8[State = -1, empty queue]] WARN  server.GrpcLogAppender (GrpcLogAppender.java:timeoutAppendRequest(200)) - b176f217-5116-4f29-ae6c-8c5fe7374010@group-CB890FE5B329->55776132-47ae-4aef-91b7-92633cf48f43-GrpcLogAppender: appendEntries Timeout, request=b176f217-5116-4f29-ae6c-8c5fe7374010->55776132-47ae-4aef-91b7-92633cf48f43#121-t1, previous=(t:1, i:10), leaderCommit=4, initializing? false, entries: <empty>
2019-09-16 17:00:17,288 [java.util.concurrent.ThreadPoolExecutor$Worker@3bba45ce[State = -1, empty queue]] WARN  server.GrpcLogAppender (GrpcLogAppender.java:timeoutAppendRequest(200)) - b176f217-5116-4f29-ae6c-8c5fe7374010@group-CB890FE5B329->c5a5e6b7-bb1e-4cfc-8262-1ca252faf540-GrpcLogAppender: appendEntries Timeout, request=b176f217-5116-4f29-ae6c-8c5fe7374010->c5a5e6b7-bb1e-4cfc-8262-1ca252faf540#121-t1, previous=(t:1, i:10), leaderCommit=4, initializing? false, entries: <empty>
2019-09-16 17:00:19,279 [b176f217-5116-4f29-ae6c-8c5fe7374010@group-CB890FE5B329-SegmentedRaftLogWorker] WARN  segmented.SegmentedRaftLogWorker (SegmentedRaftLogWorker.java:getFromFuture(90)) - Timeout 9/~
org.apache.ratis.protocol.TimeoutIOException: Timeout 10s: WriteLog:5: (t:1, i:5), STATEMACHINELOGENTRY, client-D82C98E0250F, cid=143-writeStateMachineData
	at org.apache.ratis.util.IOUtils.getFromFuture(IOUtils.java:87)
	at org.apache.ratis.server.raftlog.segmented.SegmentedRaftLogWorker$StateMachineDataPolicy.getFromFuture(SegmentedRaftLogWorker.java:87)
	at org.apache.ratis.server.raftlog.segmented.SegmentedRaftLogWorker$WriteLog.execute(SegmentedRaftLogWorker.java:477)
	at org.apache.ratis.server.raftlog.segmented.SegmentedRaftLogWorker.run(SegmentedRaftLogWorker.java:289)
	at java.lang.Thread.run(Thread.java:748)
Caused by: java.util.concurrent.TimeoutException
	at java.util.concurrent.CompletableFuture.timedGet(CompletableFuture.java:1771)
	at java.util.concurrent.CompletableFuture.get(CompletableFuture.java:1915)
	at org.apache.ratis.util.IOUtils.getFromFuture(IOUtils.java:79)
	... 4 more
2019-09-16 17:00:19,639 [c5a5e6b7-bb1e-4cfc-8262-1ca252faf540@group-CB890FE5B329-SegmentedRaftLogWorker] WARN  segmented.SegmentedRaftLogWorker (SegmentedRaftLogWorker.java:getFromFuture(90)) - Timeout 9/~
org.apache.ratis.protocol.TimeoutIOException: Timeout 10s: WriteLog:8: (t:1, i:8), STATEMACHINELOGENTRY, client-D82C98E0250F, cid=146-writeStateMachineData
	at org.apache.ratis.util.IOUtils.getFromFuture(IOUtils.java:87)
	at org.apache.ratis.server.raftlog.segmented.SegmentedRaftLogWorker$StateMachineDataPolicy.getFromFuture(SegmentedRaftLogWorker.java:87)
	at org.apache.ratis.server.raftlog.segmented.SegmentedRaftLogWorker$WriteLog.execute(SegmentedRaftLogWorker.java:477)
	at org.apache.ratis.server.raftlog.segmented.SegmentedRaftLogWorker.run(SegmentedRaftLogWorker.java:289)
	at java.lang.Thread.run(Thread.java:748)
Caused by: java.util.concurrent.TimeoutException
	at java.util.concurrent.CompletableFuture.timedGet(CompletableFuture.java:1771)
	at java.util.concurrent.CompletableFuture.get(CompletableFuture.java:1915)
	at org.apache.ratis.util.IOUtils.getFromFuture(IOUtils.java:79)
	... 4 more
2019-09-16 17:00:19,640 [55776132-47ae-4aef-91b7-92633cf48f43@group-CB890FE5B329-SegmentedRaftLogWorker] WARN  segmented.SegmentedRaftLogWorker (SegmentedRaftLogWorker.java:getFromFuture(90)) - Timeout 9/~
org.apache.ratis.protocol.TimeoutIOException: Timeout 10s: WriteLog:6: (t:1, i:6), STATEMACHINELOGENTRY, client-D82C98E0250F, cid=144-writeStateMachineData
	at org.apache.ratis.util.IOUtils.getFromFuture(IOUtils.java:87)
	at org.apache.ratis.server.raftlog.segmented.SegmentedRaftLogWorker$StateMachineDataPolicy.getFromFuture(SegmentedRaftLogWorker.java:87)
	at org.apache.ratis.server.raftlog.segmented.SegmentedRaftLogWorker$WriteLog.execute(SegmentedRaftLogWorker.java:477)
	at org.apache.ratis.server.raftlog.segmented.SegmentedRaftLogWorker.run(SegmentedRaftLogWorker.java:289)
	at java.lang.Thread.run(Thread.java:748)
Caused by: java.util.concurrent.TimeoutException
	at java.util.concurrent.CompletableFuture.timedGet(CompletableFuture.java:1771)
	at java.util.concurrent.CompletableFuture.get(CompletableFuture.java:1915)
	at org.apache.ratis.util.IOUtils.getFromFuture(IOUtils.java:79)
	... 4 more
2019-09-16 17:00:19,789 [java.util.concurrent.ThreadPoolExecutor$Worker@45f38be8[State = -1, empty queue]] WARN  server.GrpcLogAppender (GrpcLogAppender.java:timeoutAppendRequest(200)) - b176f217-5116-4f29-ae6c-8c5fe7374010@group-CB890FE5B329->55776132-47ae-4aef-91b7-92633cf48f43-GrpcLogAppender: appendEntries Timeout, request=b176f217-5116-4f29-ae6c-8c5fe7374010->55776132-47ae-4aef-91b7-92633cf48f43#122-t1, previous=(t:1, i:10), leaderCommit=4, initializing? false, entries: <empty>
2019-09-16 17:00:19,789 [java.util.concurrent.ThreadPoolExecutor$Worker@3bba45ce[State = -1, empty queue]] WARN  server.GrpcLogAppender (GrpcLogAppender.java:timeoutAppendRequest(200)) - b176f217-5116-4f29-ae6c-8c5fe7374010@group-CB890FE5B329->c5a5e6b7-bb1e-4cfc-8262-1ca252faf540-GrpcLogAppender: appendEntries Timeout, request=b176f217-5116-4f29-ae6c-8c5fe7374010->c5a5e6b7-bb1e-4cfc-8262-1ca252faf540#122-t1, previous=(t:1, i:10), leaderCommit=4, initializing? false, entries: <empty>
2019-09-16 17:00:20,144 [grpc-default-executor-7] INFO  client.GrpcClientProtocolClient (GrpcClientProtocolClient.java:onNext(264)) - client-D82C98E0250F->55776132-47ae-4aef-91b7-92633cf48f43: receive RaftClientReply:client-D82C98E0250F->55776132-47ae-4aef-91b7-92633cf48f43@group-CB890FE5B329, cid=143, FAILED org.apache.ratis.protocol.NotLeaderException: Server 55776132-47ae-4aef-91b7-92633cf48f43@group-CB890FE5B329 is not the leader b176f217-5116-4f29-ae6c-8c5fe7374010:192.168.5.184:36714, logIndex=0, commits[55776132-47ae-4aef-91b7-92633cf48f43:c4, c5a5e6b7-bb1e-4cfc-8262-1ca252faf540:c3, b176f217-5116-4f29-ae6c-8c5fe7374010:c4]
2019-09-16 17:00:22,289 [java.util.concurrent.ThreadPoolExecutor$Worker@45f38be8[State = -1, empty queue]] WARN  server.GrpcLogAppender (GrpcLogAppender.java:timeoutAppendRequest(200)) - b176f217-5116-4f29-ae6c-8c5fe7374010@group-CB890FE5B329->55776132-47ae-4aef-91b7-92633cf48f43-GrpcLogAppender: appendEntries Timeout, request=b176f217-5116-4f29-ae6c-8c5fe7374010->55776132-47ae-4aef-91b7-92633cf48f43#123-t1, previous=(t:1, i:10), leaderCommit=4, initializing? false, entries: <empty>
2019-09-16 17:00:22,289 [java.util.concurrent.ThreadPoolExecutor$Worker@3bba45ce[State = -1, empty queue]] WARN  server.GrpcLogAppender (GrpcLogAppender.java:timeoutAppendRequest(200)) - b176f217-5116-4f29-ae6c-8c5fe7374010@group-CB890FE5B329->c5a5e6b7-bb1e-4cfc-8262-1ca252faf540-GrpcLogAppender: appendEntries Timeout, request=b176f217-5116-4f29-ae6c-8c5fe7374010->c5a5e6b7-bb1e-4cfc-8262-1ca252faf540#123-t1, previous=(t:1, i:10), leaderCommit=4, initializing? false, entries: <empty>
2019-09-16 17:00:24,790 [java.util.concurrent.ThreadPoolExecutor$Worker@45f38be8[State = -1, empty queue]] WARN  server.GrpcLogAppender (GrpcLogAppender.java:timeoutAppendRequest(200)) - b176f217-5116-4f29-ae6c-8c5fe7374010@group-CB890FE5B329->55776132-47ae-4aef-91b7-92633cf48f43-GrpcLogAppender: appendEntries Timeout, request=b176f217-5116-4f29-ae6c-8c5fe7374010->55776132-47ae-4aef-91b7-92633cf48f43#124-t1, previous=(t:1, i:10), leaderCommit=4, initializing? false, entries: <empty>
2019-09-16 17:00:24,790 [java.util.concurrent.ThreadPoolExecutor$Worker@3bba45ce[State = -1, empty queue]] WARN  server.GrpcLogAppender (GrpcLogAppender.java:timeoutAppendRequest(200)) - b176f217-5116-4f29-ae6c-8c5fe7374010@group-CB890FE5B329->c5a5e6b7-bb1e-4cfc-8262-1ca252faf540-GrpcLogAppender: appendEntries Timeout, request=b176f217-5116-4f29-ae6c-8c5fe7374010->c5a5e6b7-bb1e-4cfc-8262-1ca252faf540#124-t1, previous=(t:1, i:10), leaderCommit=4, initializing? false, entries: <empty>
2019-09-16 17:00:25,180 [grpc-default-executor-7] INFO  client.GrpcClientProtocolClient (GrpcClientProtocolClient.java:onNext(264)) - client-D82C98E0250F->55776132-47ae-4aef-91b7-92633cf48f43: receive RaftClientReply:client-D82C98E0250F->55776132-47ae-4aef-91b7-92633cf48f43@group-CB890FE5B329, cid=143, FAILED org.apache.ratis.protocol.NotLeaderException: Server 55776132-47ae-4aef-91b7-92633cf48f43@group-CB890FE5B329 is not the leader b176f217-5116-4f29-ae6c-8c5fe7374010:192.168.5.184:36714, logIndex=0, commits[55776132-47ae-4aef-91b7-92633cf48f43:c4, c5a5e6b7-bb1e-4cfc-8262-1ca252faf540:c3, b176f217-5116-4f29-ae6c-8c5fe7374010:c4]
2019-09-16 17:00:27,290 [java.util.concurrent.ThreadPoolExecutor$Worker@45f38be8[State = -1, empty queue]] WARN  server.GrpcLogAppender (GrpcLogAppender.java:timeoutAppendRequest(200)) - b176f217-5116-4f29-ae6c-8c5fe7374010@group-CB890FE5B329->55776132-47ae-4aef-91b7-92633cf48f43-GrpcLogAppender: appendEntries Timeout, request=b176f217-5116-4f29-ae6c-8c5fe7374010->55776132-47ae-4aef-91b7-92633cf48f43#125-t1, previous=(t:1, i:10), leaderCommit=4, initializing? false, entries: <empty>
2019-09-16 17:00:27,291 [java.util.concurrent.ThreadPoolExecutor$Worker@3bba45ce[State = -1, empty queue]] WARN  server.GrpcLogAppender (GrpcLogAppender.java:timeoutAppendRequest(200)) - b176f217-5116-4f29-ae6c-8c5fe7374010@group-CB890FE5B329->c5a5e6b7-bb1e-4cfc-8262-1ca252faf540-GrpcLogAppender: appendEntries Timeout, request=b176f217-5116-4f29-ae6c-8c5fe7374010->c5a5e6b7-bb1e-4cfc-8262-1ca252faf540#125-t1, previous=(t:1, i:10), leaderCommit=4, initializing? false, entries: <empty>
2019-09-16 17:00:29,280 [b176f217-5116-4f29-ae6c-8c5fe7374010@group-CB890FE5B329-SegmentedRaftLogWorker] WARN  segmented.SegmentedRaftLogWorker (SegmentedRaftLogWorker.java:getFromFuture(90)) - Timeout 10/~
org.apache.ratis.protocol.TimeoutIOException: Timeout 10s: WriteLog:5: (t:1, i:5), STATEMACHINELOGENTRY, client-D82C98E0250F, cid=143-writeStateMachineData
	at org.apache.ratis.util.IOUtils.getFromFuture(IOUtils.java:87)
	at org.apache.ratis.server.raftlog.segmented.SegmentedRaftLogWorker$StateMachineDataPolicy.getFromFuture(SegmentedRaftLogWorker.java:87)
	at org.apache.ratis.server.raftlog.segmented.SegmentedRaftLogWorker$WriteLog.execute(SegmentedRaftLogWorker.java:477)
	at org.apache.ratis.server.raftlog.segmented.SegmentedRaftLogWorker.run(SegmentedRaftLogWorker.java:289)
	at java.lang.Thread.run(Thread.java:748)
Caused by: java.util.concurrent.TimeoutException
	at java.util.concurrent.CompletableFuture.timedGet(CompletableFuture.java:1771)
	at java.util.concurrent.CompletableFuture.get(CompletableFuture.java:1915)
	at org.apache.ratis.util.IOUtils.getFromFuture(IOUtils.java:79)
	... 4 more
2019-09-16 17:00:29,640 [c5a5e6b7-bb1e-4cfc-8262-1ca252faf540@group-CB890FE5B329-SegmentedRaftLogWorker] WARN  segmented.SegmentedRaftLogWorker (SegmentedRaftLogWorker.java:getFromFuture(90)) - Timeout 10/~
org.apache.ratis.protocol.TimeoutIOException: Timeout 10s: WriteLog:8: (t:1, i:8), STATEMACHINELOGENTRY, client-D82C98E0250F, cid=146-writeStateMachineData
	at org.apache.ratis.util.IOUtils.getFromFuture(IOUtils.java:87)
	at org.apache.ratis.server.raftlog.segmented.SegmentedRaftLogWorker$StateMachineDataPolicy.getFromFuture(SegmentedRaftLogWorker.java:87)
	at org.apache.ratis.server.raftlog.segmented.SegmentedRaftLogWorker$WriteLog.execute(SegmentedRaftLogWorker.java:477)
	at org.apache.ratis.server.raftlog.segmented.SegmentedRaftLogWorker.run(SegmentedRaftLogWorker.java:289)
	at java.lang.Thread.run(Thread.java:748)
Caused by: java.util.concurrent.TimeoutException
	at java.util.concurrent.CompletableFuture.timedGet(CompletableFuture.java:1771)
	at java.util.concurrent.CompletableFuture.get(CompletableFuture.java:1915)
	at org.apache.ratis.util.IOUtils.getFromFuture(IOUtils.java:79)
	... 4 more
2019-09-16 17:00:29,640 [55776132-47ae-4aef-91b7-92633cf48f43@group-CB890FE5B329-SegmentedRaftLogWorker] WARN  segmented.SegmentedRaftLogWorker (SegmentedRaftLogWorker.java:getFromFuture(90)) - Timeout 10/~
org.apache.ratis.protocol.TimeoutIOException: Timeout 10s: WriteLog:6: (t:1, i:6), STATEMACHINELOGENTRY, client-D82C98E0250F, cid=144-writeStateMachineData
	at org.apache.ratis.util.IOUtils.getFromFuture(IOUtils.java:87)
	at org.apache.ratis.server.raftlog.segmented.SegmentedRaftLogWorker$StateMachineDataPolicy.getFromFuture(SegmentedRaftLogWorker.java:87)
	at org.apache.ratis.server.raftlog.segmented.SegmentedRaftLogWorker$WriteLog.execute(SegmentedRaftLogWorker.java:477)
	at org.apache.ratis.server.raftlog.segmented.SegmentedRaftLogWorker.run(SegmentedRaftLogWorker.java:289)
	at java.lang.Thread.run(Thread.java:748)
Caused by: java.util.concurrent.TimeoutException
	at java.util.concurrent.CompletableFuture.timedGet(CompletableFuture.java:1771)
	at java.util.concurrent.CompletableFuture.get(CompletableFuture.java:1915)
	at org.apache.ratis.util.IOUtils.getFromFuture(IOUtils.java:79)
	... 4 more
2019-09-16 17:00:29,790 [java.util.concurrent.ThreadPoolExecutor$Worker@3bba45ce[State = -1, empty queue]] WARN  server.GrpcLogAppender (GrpcLogAppender.java:timeoutAppendRequest(200)) - b176f217-5116-4f29-ae6c-8c5fe7374010@group-CB890FE5B329->c5a5e6b7-bb1e-4cfc-8262-1ca252faf540-GrpcLogAppender: appendEntries Timeout, request=b176f217-5116-4f29-ae6c-8c5fe7374010->c5a5e6b7-bb1e-4cfc-8262-1ca252faf540#126-t1, previous=(t:1, i:10), leaderCommit=4, initializing? false, entries: <empty>
2019-09-16 17:00:29,790 [java.util.concurrent.ThreadPoolExecutor$Worker@45f38be8[State = -1, empty queue]] WARN  server.GrpcLogAppender (GrpcLogAppender.java:timeoutAppendRequest(200)) - b176f217-5116-4f29-ae6c-8c5fe7374010@group-CB890FE5B329->55776132-47ae-4aef-91b7-92633cf48f43-GrpcLogAppender: appendEntries Timeout, request=b176f217-5116-4f29-ae6c-8c5fe7374010->55776132-47ae-4aef-91b7-92633cf48f43#126-t1, previous=(t:1, i:10), leaderCommit=4, initializing? false, entries: <empty>
2019-09-16 17:00:30,222 [grpc-default-executor-7] INFO  client.GrpcClientProtocolClient (GrpcClientProtocolClient.java:onNext(264)) - client-D82C98E0250F->c5a5e6b7-bb1e-4cfc-8262-1ca252faf540: receive RaftClientReply:client-D82C98E0250F->c5a5e6b7-bb1e-4cfc-8262-1ca252faf540@group-CB890FE5B329, cid=143, FAILED org.apache.ratis.protocol.NotLeaderException: Server c5a5e6b7-bb1e-4cfc-8262-1ca252faf540@group-CB890FE5B329 is not the leader b176f217-5116-4f29-ae6c-8c5fe7374010:192.168.5.184:36714, logIndex=0, commits[c5a5e6b7-bb1e-4cfc-8262-1ca252faf540:c4, 55776132-47ae-4aef-91b7-92633cf48f43:c3, b176f217-5116-4f29-ae6c-8c5fe7374010:c4]
2019-09-16 17:00:32,291 [java.util.concurrent.ThreadPoolExecutor$Worker@45f38be8[State = -1, empty queue]] WARN  server.GrpcLogAppender (GrpcLogAppender.java:timeoutAppendRequest(200)) - b176f217-5116-4f29-ae6c-8c5fe7374010@group-CB890FE5B329->55776132-47ae-4aef-91b7-92633cf48f43-GrpcLogAppender: appendEntries Timeout, request=b176f217-5116-4f29-ae6c-8c5fe7374010->55776132-47ae-4aef-91b7-92633cf48f43#127-t1, previous=(t:1, i:10), leaderCommit=4, initializing? false, entries: <empty>
2019-09-16 17:00:32,291 [java.util.concurrent.ThreadPoolExecutor$Worker@3bba45ce[State = -1, empty queue]] WARN  server.GrpcLogAppender (GrpcLogAppender.java:timeoutAppendRequest(200)) - b176f217-5116-4f29-ae6c-8c5fe7374010@group-CB890FE5B329->c5a5e6b7-bb1e-4cfc-8262-1ca252faf540-GrpcLogAppender: appendEntries Timeout, request=b176f217-5116-4f29-ae6c-8c5fe7374010->c5a5e6b7-bb1e-4cfc-8262-1ca252faf540#127-t1, previous=(t:1, i:10), leaderCommit=4, initializing? false, entries: <empty>
2019-09-16 17:00:34,791 [java.util.concurrent.ThreadPoolExecutor$Worker@45f38be8[State = -1, empty queue]] WARN  server.GrpcLogAppender (GrpcLogAppender.java:timeoutAppendRequest(200)) - b176f217-5116-4f29-ae6c-8c5fe7374010@group-CB890FE5B329->55776132-47ae-4aef-91b7-92633cf48f43-GrpcLogAppender: appendEntries Timeout, request=b176f217-5116-4f29-ae6c-8c5fe7374010->55776132-47ae-4aef-91b7-92633cf48f43#128-t1, previous=(t:1, i:10), leaderCommit=4, initializing? false, entries: <empty>
2019-09-16 17:00:34,791 [java.util.concurrent.ThreadPoolExecutor$Worker@3bba45ce[State = -1, empty queue]] WARN  server.GrpcLogAppender (GrpcLogAppender.java:timeoutAppendRequest(200)) - b176f217-5116-4f29-ae6c-8c5fe7374010@group-CB890FE5B329->c5a5e6b7-bb1e-4cfc-8262-1ca252faf540-GrpcLogAppender: appendEntries Timeout, request=b176f217-5116-4f29-ae6c-8c5fe7374010->c5a5e6b7-bb1e-4cfc-8262-1ca252faf540#128-t1, previous=(t:1, i:10), leaderCommit=4, initializing? false, entries: <empty>
2019-09-16 17:00:35,263 [grpc-default-executor-8] INFO  client.GrpcClientProtocolClient (GrpcClientProtocolClient.java:onNext(264)) - client-D82C98E0250F->55776132-47ae-4aef-91b7-92633cf48f43: receive RaftClientReply:client-D82C98E0250F->55776132-47ae-4aef-91b7-92633cf48f43@group-CB890FE5B329, cid=143, FAILED org.apache.ratis.protocol.NotLeaderException: Server 55776132-47ae-4aef-91b7-92633cf48f43@group-CB890FE5B329 is not the leader b176f217-5116-4f29-ae6c-8c5fe7374010:192.168.5.184:36714, logIndex=0, commits[55776132-47ae-4aef-91b7-92633cf48f43:c4, c5a5e6b7-bb1e-4cfc-8262-1ca252faf540:c3, b176f217-5116-4f29-ae6c-8c5fe7374010:c4]
2019-09-16 17:00:37,291 [java.util.concurrent.ThreadPoolExecutor$Worker@45f38be8[State = -1, empty queue]] WARN  server.GrpcLogAppender (GrpcLogAppender.java:timeoutAppendRequest(200)) - b176f217-5116-4f29-ae6c-8c5fe7374010@group-CB890FE5B329->55776132-47ae-4aef-91b7-92633cf48f43-GrpcLogAppender: appendEntries Timeout, request=b176f217-5116-4f29-ae6c-8c5fe7374010->55776132-47ae-4aef-91b7-92633cf48f43#129-t1, previous=(t:1, i:10), leaderCommit=4, initializing? false, entries: <empty>
2019-09-16 17:00:37,291 [java.util.concurrent.ThreadPoolExecutor$Worker@3bba45ce[State = -1, empty queue]] WARN  server.GrpcLogAppender (GrpcLogAppender.java:timeoutAppendRequest(200)) - b176f217-5116-4f29-ae6c-8c5fe7374010@group-CB890FE5B329->c5a5e6b7-bb1e-4cfc-8262-1ca252faf540-GrpcLogAppender: appendEntries Timeout, request=b176f217-5116-4f29-ae6c-8c5fe7374010->c5a5e6b7-bb1e-4cfc-8262-1ca252faf540#129-t1, previous=(t:1, i:10), leaderCommit=4, initializing? false, entries: <empty>
2019-09-16 17:00:39,281 [b176f217-5116-4f29-ae6c-8c5fe7374010@group-CB890FE5B329-SegmentedRaftLogWorker] WARN  segmented.SegmentedRaftLogWorker (SegmentedRaftLogWorker.java:getFromFuture(90)) - Timeout 11/~
org.apache.ratis.protocol.TimeoutIOException: Timeout 10s: WriteLog:5: (t:1, i:5), STATEMACHINELOGENTRY, client-D82C98E0250F, cid=143-writeStateMachineData
	at org.apache.ratis.util.IOUtils.getFromFuture(IOUtils.java:87)
	at org.apache.ratis.server.raftlog.segmented.SegmentedRaftLogWorker$StateMachineDataPolicy.getFromFuture(SegmentedRaftLogWorker.java:87)
	at org.apache.ratis.server.raftlog.segmented.SegmentedRaftLogWorker$WriteLog.execute(SegmentedRaftLogWorker.java:477)
	at org.apache.ratis.server.raftlog.segmented.SegmentedRaftLogWorker.run(SegmentedRaftLogWorker.java:289)
	at java.lang.Thread.run(Thread.java:748)
Caused by: java.util.concurrent.TimeoutException
	at java.util.concurrent.CompletableFuture.timedGet(CompletableFuture.java:1771)
	at java.util.concurrent.CompletableFuture.get(CompletableFuture.java:1915)
	at org.apache.ratis.util.IOUtils.getFromFuture(IOUtils.java:79)
	... 4 more
2019-09-16 17:00:39,292 [org.apache.ratis.server.impl.LogAppender$AppenderDaemon$$Lambda$508/1360433104@7cc27264] ERROR ratis.XceiverServerRatis (XceiverServerRatis.java:triggerPipelineClose(575)) - pipeline Action CLOSE  on pipeline PipelineID=543dff7a-402f-4975-a44c-cb890fe5b329.Reason : b176f217-5116-4f29-ae6c-8c5fe7374010 has not seen follower/s 55776132-47ae-4aef-91b7-92633cf48f43 for 120276ms c5a5e6b7-bb1e-4cfc-8262-1ca252faf540 for 120276ms
2019-09-16 17:00:39,292 [org.apache.ratis.server.impl.LogAppender$AppenderDaemon$$Lambda$508/1360433104@50c8520] ERROR ratis.XceiverServerRatis (XceiverServerRatis.java:triggerPipelineClose(575)) - pipeline Action CLOSE  on pipeline PipelineID=543dff7a-402f-4975-a44c-cb890fe5b329.Reason : b176f217-5116-4f29-ae6c-8c5fe7374010 has not seen follower/s 55776132-47ae-4aef-91b7-92633cf48f43 for 120276ms c5a5e6b7-bb1e-4cfc-8262-1ca252faf540 for 120276ms
2019-09-16 17:00:39,434 [EventQueue-PipelineActionsForPipelineActionHandler] ERROR pipeline.PipelineActionHandler (PipelineActionHandler.java:onMessage(60)) - Received pipeline action CLOSE for Pipeline[ Id: 543dff7a-402f-4975-a44c-cb890fe5b329, Nodes: 55776132-47ae-4aef-91b7-92633cf48f43{ip: 192.168.5.184, host: pr-hdds-2022-qxstf-1422721469, networkLocation: /default-rack, certSerialId: null}b176f217-5116-4f29-ae6c-8c5fe7374010{ip: 192.168.5.184, host: pr-hdds-2022-qxstf-1422721469, networkLocation: /default-rack, certSerialId: null}c5a5e6b7-bb1e-4cfc-8262-1ca252faf540{ip: 192.168.5.184, host: pr-hdds-2022-qxstf-1422721469, networkLocation: /default-rack, certSerialId: null}, Type:RATIS, Factor:THREE, State:OPEN] from datanode b176f217-5116-4f29-ae6c-8c5fe7374010{ip: 192.168.5.184, host: pr-hdds-2022-qxstf-1422721469, networkLocation: /default-rack, certSerialId: null}. Reason : b176f217-5116-4f29-ae6c-8c5fe7374010 has not seen follower/s 55776132-47ae-4aef-91b7-92633cf48f43 for 120276ms c5a5e6b7-bb1e-4cfc-8262-1ca252faf540 for 120276ms
2019-09-16 17:00:39,435 [EventQueue-PipelineActionsForPipelineActionHandler] INFO  pipeline.SCMPipelineManager (SCMPipelineManager.java:finalizeAndDestroyPipeline(311)) - destroying pipeline:Pipeline[ Id: 543dff7a-402f-4975-a44c-cb890fe5b329, Nodes: 55776132-47ae-4aef-91b7-92633cf48f43{ip: 192.168.5.184, host: pr-hdds-2022-qxstf-1422721469, networkLocation: /default-rack, certSerialId: null}b176f217-5116-4f29-ae6c-8c5fe7374010{ip: 192.168.5.184, host: pr-hdds-2022-qxstf-1422721469, networkLocation: /default-rack, certSerialId: null}c5a5e6b7-bb1e-4cfc-8262-1ca252faf540{ip: 192.168.5.184, host: pr-hdds-2022-qxstf-1422721469, networkLocation: /default-rack, certSerialId: null}, Type:RATIS, Factor:THREE, State:OPEN]
2019-09-16 17:00:39,435 [EventQueue-PipelineActionsForPipelineActionHandler] INFO  pipeline.PipelineStateManager (PipelineStateManager.java:finalizePipeline(123)) - Pipeline Pipeline[ Id: 543dff7a-402f-4975-a44c-cb890fe5b329, Nodes: 55776132-47ae-4aef-91b7-92633cf48f43{ip: 192.168.5.184, host: pr-hdds-2022-qxstf-1422721469, networkLocation: /default-rack, certSerialId: null}b176f217-5116-4f29-ae6c-8c5fe7374010{ip: 192.168.5.184, host: pr-hdds-2022-qxstf-1422721469, networkLocation: /default-rack, certSerialId: null}c5a5e6b7-bb1e-4cfc-8262-1ca252faf540{ip: 192.168.5.184, host: pr-hdds-2022-qxstf-1422721469, networkLocation: /default-rack, certSerialId: null}, Type:RATIS, Factor:THREE, State:CLOSED] moved to CLOSED state
2019-09-16 17:00:39,435 [EventQueue-CloseContainerForCloseContainerEventHandler] INFO  container.CloseContainerEventHandler (CloseContainerEventHandler.java:onMessage(61)) - Close container Event triggered for container : #7
2019-09-16 17:00:39,436 [EventQueue-CloseContainerForCloseContainerEventHandler] INFO  container.CloseContainerEventHandler (CloseContainerEventHandler.java:onMessage(61)) - Close container Event triggered for container : #8
2019-09-16 17:00:39,641 [c5a5e6b7-bb1e-4cfc-8262-1ca252faf540@group-CB890FE5B329-SegmentedRaftLogWorker] WARN  segmented.SegmentedRaftLogWorker (SegmentedRaftLogWorker.java:getFromFuture(90)) - Timeout 11/~
org.apache.ratis.protocol.TimeoutIOException: Timeout 10s: WriteLog:8: (t:1, i:8), STATEMACHINELOGENTRY, client-D82C98E0250F, cid=146-writeStateMachineData
	at org.apache.ratis.util.IOUtils.getFromFuture(IOUtils.java:87)
	at org.apache.ratis.server.raftlog.segmented.SegmentedRaftLogWorker$StateMachineDataPolicy.getFromFuture(SegmentedRaftLogWorker.java:87)
	at org.apache.ratis.server.raftlog.segmented.SegmentedRaftLogWorker$WriteLog.execute(SegmentedRaftLogWorker.java:477)
	at org.apache.ratis.server.raftlog.segmented.SegmentedRaftLogWorker.run(SegmentedRaftLogWorker.java:289)
	at java.lang.Thread.run(Thread.java:748)
Caused by: java.util.concurrent.TimeoutException
	at java.util.concurrent.CompletableFuture.timedGet(CompletableFuture.java:1771)
	at java.util.concurrent.CompletableFuture.get(CompletableFuture.java:1915)
	at org.apache.ratis.util.IOUtils.getFromFuture(IOUtils.java:79)
	... 4 more
2019-09-16 17:00:39,641 [55776132-47ae-4aef-91b7-92633cf48f43@group-CB890FE5B329-SegmentedRaftLogWorker] WARN  segmented.SegmentedRaftLogWorker (SegmentedRaftLogWorker.java:getFromFuture(90)) - Timeout 11/~
org.apache.ratis.protocol.TimeoutIOException: Timeout 10s: WriteLog:6: (t:1, i:6), STATEMACHINELOGENTRY, client-D82C98E0250F, cid=144-writeStateMachineData
	at org.apache.ratis.util.IOUtils.getFromFuture(IOUtils.java:87)
	at org.apache.ratis.server.raftlog.segmented.SegmentedRaftLogWorker$StateMachineDataPolicy.getFromFuture(SegmentedRaftLogWorker.java:87)
	at org.apache.ratis.server.raftlog.segmented.SegmentedRaftLogWorker$WriteLog.execute(SegmentedRaftLogWorker.java:477)
	at org.apache.ratis.server.raftlog.segmented.SegmentedRaftLogWorker.run(SegmentedRaftLogWorker.java:289)
	at java.lang.Thread.run(Thread.java:748)
Caused by: java.util.concurrent.TimeoutException
	at java.util.concurrent.CompletableFuture.timedGet(CompletableFuture.java:1771)
	at java.util.concurrent.CompletableFuture.get(CompletableFuture.java:1915)
	at org.apache.ratis.util.IOUtils.getFromFuture(IOUtils.java:79)
	... 4 more
2019-09-16 17:00:39,792 [java.util.concurrent.ThreadPoolExecutor$Worker@3bba45ce[State = -1, empty queue]] WARN  server.GrpcLogAppender (GrpcLogAppender.java:timeoutAppendRequest(200)) - b176f217-5116-4f29-ae6c-8c5fe7374010@group-CB890FE5B329->c5a5e6b7-bb1e-4cfc-8262-1ca252faf540-GrpcLogAppender: appendEntries Timeout, request=b176f217-5116-4f29-ae6c-8c5fe7374010->c5a5e6b7-bb1e-4cfc-8262-1ca252faf540#130-t1, previous=(t:1, i:10), leaderCommit=4, initializing? false, entries: <empty>
2019-09-16 17:00:39,792 [java.util.concurrent.ThreadPoolExecutor$Worker@45f38be8[State = -1, empty queue]] WARN  server.GrpcLogAppender (GrpcLogAppender.java:timeoutAppendRequest(200)) - b176f217-5116-4f29-ae6c-8c5fe7374010@group-CB890FE5B329->55776132-47ae-4aef-91b7-92633cf48f43-GrpcLogAppender: appendEntries Timeout, request=b176f217-5116-4f29-ae6c-8c5fe7374010->55776132-47ae-4aef-91b7-92633cf48f43#130-t1, previous=(t:1, i:10), leaderCommit=4, initializing? false, entries: <empty>
2019-09-16 17:00:40,307 [grpc-default-executor-8] INFO  client.GrpcClientProtocolClient (GrpcClientProtocolClient.java:onNext(264)) - client-D82C98E0250F->c5a5e6b7-bb1e-4cfc-8262-1ca252faf540: receive RaftClientReply:client-D82C98E0250F->c5a5e6b7-bb1e-4cfc-8262-1ca252faf540@group-CB890FE5B329, cid=143, FAILED org.apache.ratis.protocol.NotLeaderException: Server c5a5e6b7-bb1e-4cfc-8262-1ca252faf540@group-CB890FE5B329 is not the leader b176f217-5116-4f29-ae6c-8c5fe7374010:192.168.5.184:36714, logIndex=0, commits[c5a5e6b7-bb1e-4cfc-8262-1ca252faf540:c4, 55776132-47ae-4aef-91b7-92633cf48f43:c3, b176f217-5116-4f29-ae6c-8c5fe7374010:c4]
2019-09-16 17:00:41,793 [org.apache.ratis.server.impl.LogAppender$AppenderDaemon$$Lambda$508/1360433104@7cc27264] ERROR ratis.XceiverServerRatis (XceiverServerRatis.java:triggerPipelineClose(575)) - pipeline Action CLOSE  on pipeline PipelineID=543dff7a-402f-4975-a44c-cb890fe5b329.Reason : b176f217-5116-4f29-ae6c-8c5fe7374010 has not seen follower/s 55776132-47ae-4aef-91b7-92633cf48f43 for 122777ms c5a5e6b7-bb1e-4cfc-8262-1ca252faf540 for 122777ms
2019-09-16 17:00:41,793 [org.apache.ratis.server.impl.LogAppender$AppenderDaemon$$Lambda$508/1360433104@50c8520] ERROR ratis.XceiverServerRatis (XceiverServerRatis.java:triggerPipelineClose(575)) - pipeline Action CLOSE  on pipeline PipelineID=543dff7a-402f-4975-a44c-cb890fe5b329.Reason : b176f217-5116-4f29-ae6c-8c5fe7374010 has not seen follower/s 55776132-47ae-4aef-91b7-92633cf48f43 for 122777ms c5a5e6b7-bb1e-4cfc-8262-1ca252faf540 for 122777ms
2019-09-16 17:00:42,292 [java.util.concurrent.ThreadPoolExecutor$Worker@45f38be8[State = -1, empty queue]] WARN  server.GrpcLogAppender (GrpcLogAppender.java:timeoutAppendRequest(200)) - b176f217-5116-4f29-ae6c-8c5fe7374010@group-CB890FE5B329->55776132-47ae-4aef-91b7-92633cf48f43-GrpcLogAppender: appendEntries Timeout, request=b176f217-5116-4f29-ae6c-8c5fe7374010->55776132-47ae-4aef-91b7-92633cf48f43#131-t1, previous=(t:1, i:10), leaderCommit=4, initializing? false, entries: <empty>
2019-09-16 17:00:42,292 [java.util.concurrent.ThreadPoolExecutor$Worker@3bba45ce[State = -1, empty queue]] WARN  server.GrpcLogAppender (GrpcLogAppender.java:timeoutAppendRequest(200)) - b176f217-5116-4f29-ae6c-8c5fe7374010@group-CB890FE5B329->c5a5e6b7-bb1e-4cfc-8262-1ca252faf540-GrpcLogAppender: appendEntries Timeout, request=b176f217-5116-4f29-ae6c-8c5fe7374010->c5a5e6b7-bb1e-4cfc-8262-1ca252faf540#131-t1, previous=(t:1, i:10), leaderCommit=4, initializing? false, entries: <empty>
2019-09-16 17:00:42,435 [EventQueue-PipelineActionsForPipelineActionHandler] ERROR pipeline.PipelineActionHandler (PipelineActionHandler.java:onMessage(60)) - Received pipeline action CLOSE for Pipeline[ Id: 543dff7a-402f-4975-a44c-cb890fe5b329, Nodes: 55776132-47ae-4aef-91b7-92633cf48f43{ip: 192.168.5.184, host: pr-hdds-2022-qxstf-1422721469, networkLocation: /default-rack, certSerialId: null}b176f217-5116-4f29-ae6c-8c5fe7374010{ip: 192.168.5.184, host: pr-hdds-2022-qxstf-1422721469, networkLocation: /default-rack, certSerialId: null}c5a5e6b7-bb1e-4cfc-8262-1ca252faf540{ip: 192.168.5.184, host: pr-hdds-2022-qxstf-1422721469, networkLocation: /default-rack, certSerialId: null}, Type:RATIS, Factor:THREE, State:CLOSED] from datanode b176f217-5116-4f29-ae6c-8c5fe7374010{ip: 192.168.5.184, host: pr-hdds-2022-qxstf-1422721469, networkLocation: /default-rack, certSerialId: null}. Reason : b176f217-5116-4f29-ae6c-8c5fe7374010 has not seen follower/s 55776132-47ae-4aef-91b7-92633cf48f43 for 122777ms c5a5e6b7-bb1e-4cfc-8262-1ca252faf540 for 122777ms
2019-09-16 17:00:42,435 [EventQueue-PipelineActionsForPipelineActionHandler] INFO  pipeline.SCMPipelineManager (SCMPipelineManager.java:finalizeAndDestroyPipeline(311)) - destroying pipeline:Pipeline[ Id: 543dff7a-402f-4975-a44c-cb890fe5b329, Nodes: 55776132-47ae-4aef-91b7-92633cf48f43{ip: 192.168.5.184, host: pr-hdds-2022-qxstf-1422721469, networkLocation: /default-rack, certSerialId: null}b176f217-5116-4f29-ae6c-8c5fe7374010{ip: 192.168.5.184, host: pr-hdds-2022-qxstf-1422721469, networkLocation: /default-rack, certSerialId: null}c5a5e6b7-bb1e-4cfc-8262-1ca252faf540{ip: 192.168.5.184, host: pr-hdds-2022-qxstf-1422721469, networkLocation: /default-rack, certSerialId: null}, Type:RATIS, Factor:THREE, State:CLOSED]
2019-09-16 17:00:42,458 [org.apache.ratis.server.impl.LogAppender$AppenderDaemon$$Lambda$508/1360433104@7cc27264] ERROR ratis.XceiverServerRatis (XceiverServerRatis.java:triggerPipelineClose(575)) - pipeline Action CLOSE  on pipeline PipelineID=543dff7a-402f-4975-a44c-cb890fe5b329.Reason : b176f217-5116-4f29-ae6c-8c5fe7374010 has not seen follower/s 55776132-47ae-4aef-91b7-92633cf48f43 for 123441ms c5a5e6b7-bb1e-4cfc-8262-1ca252faf540 for 123442ms
2019-09-16 17:00:42,458 [org.apache.ratis.server.impl.LogAppender$AppenderDaemon$$Lambda$508/1360433104@50c8520] ERROR ratis.XceiverServerRatis (XceiverServerRatis.java:triggerPipelineClose(575)) - pipeline Action CLOSE  on pipeline PipelineID=543dff7a-402f-4975-a44c-cb890fe5b329.Reason : b176f217-5116-4f29-ae6c-8c5fe7374010 has not seen follower/s 55776132-47ae-4aef-91b7-92633cf48f43 for 123441ms c5a5e6b7-bb1e-4cfc-8262-1ca252faf540 for 123442ms
2019-09-16 17:00:43,458 [EventQueue-PipelineActionsForPipelineActionHandler] ERROR pipeline.PipelineActionHandler (PipelineActionHandler.java:onMessage(60)) - Received pipeline action CLOSE for Pipeline[ Id: 543dff7a-402f-4975-a44c-cb890fe5b329, Nodes: 55776132-47ae-4aef-91b7-92633cf48f43{ip: 192.168.5.184, host: pr-hdds-2022-qxstf-1422721469, networkLocation: /default-rack, certSerialId: null}b176f217-5116-4f29-ae6c-8c5fe7374010{ip: 192.168.5.184, host: pr-hdds-2022-qxstf-1422721469, networkLocation: /default-rack, certSerialId: null}c5a5e6b7-bb1e-4cfc-8262-1ca252faf540{ip: 192.168.5.184, host: pr-hdds-2022-qxstf-1422721469, networkLocation: /default-rack, certSerialId: null}, Type:RATIS, Factor:THREE, State:CLOSED] from datanode b176f217-5116-4f29-ae6c-8c5fe7374010{ip: 192.168.5.184, host: pr-hdds-2022-qxstf-1422721469, networkLocation: /default-rack, certSerialId: null}. Reason : b176f217-5116-4f29-ae6c-8c5fe7374010 has not seen follower/s 55776132-47ae-4aef-91b7-92633cf48f43 for 123441ms c5a5e6b7-bb1e-4cfc-8262-1ca252faf540 for 123442ms
2019-09-16 17:00:43,459 [EventQueue-PipelineActionsForPipelineActionHandler] INFO  pipeline.SCMPipelineManager (SCMPipelineManager.java:finalizeAndDestroyPipeline(311)) - destroying pipeline:Pipeline[ Id: 543dff7a-402f-4975-a44c-cb890fe5b329, Nodes: 55776132-47ae-4aef-91b7-92633cf48f43{ip: 192.168.5.184, host: pr-hdds-2022-qxstf-1422721469, networkLocation: /default-rack, certSerialId: null}b176f217-5116-4f29-ae6c-8c5fe7374010{ip: 192.168.5.184, host: pr-hdds-2022-qxstf-1422721469, networkLocation: /default-rack, certSerialId: null}c5a5e6b7-bb1e-4cfc-8262-1ca252faf540{ip: 192.168.5.184, host: pr-hdds-2022-qxstf-1422721469, networkLocation: /default-rack, certSerialId: null}, Type:RATIS, Factor:THREE, State:CLOSED]
2019-09-16 17:00:44,793 [java.util.concurrent.ThreadPoolExecutor$Worker@3bba45ce[State = -1, empty queue]] WARN  server.GrpcLogAppender (GrpcLogAppender.java:timeoutAppendRequest(200)) - b176f217-5116-4f29-ae6c-8c5fe7374010@group-CB890FE5B329->c5a5e6b7-bb1e-4cfc-8262-1ca252faf540-GrpcLogAppender: appendEntries Timeout, request=b176f217-5116-4f29-ae6c-8c5fe7374010->c5a5e6b7-bb1e-4cfc-8262-1ca252faf540#132-t1, previous=(t:1, i:10), leaderCommit=4, initializing? false, entries: <empty>
2019-09-16 17:00:44,793 [java.util.concurrent.ThreadPoolExecutor$Worker@45f38be8[State = -1, empty queue]] WARN  server.GrpcLogAppender (GrpcLogAppender.java:timeoutAppendRequest(200)) - b176f217-5116-4f29-ae6c-8c5fe7374010@group-CB890FE5B329->55776132-47ae-4aef-91b7-92633cf48f43-GrpcLogAppender: appendEntries Timeout, request=b176f217-5116-4f29-ae6c-8c5fe7374010->55776132-47ae-4aef-91b7-92633cf48f43#132-t1, previous=(t:1, i:10), leaderCommit=4, initializing? false, entries: <empty>
2019-09-16 17:00:44,959 [org.apache.ratis.server.impl.LogAppender$AppenderDaemon$$Lambda$508/1360433104@50c8520] ERROR ratis.XceiverServerRatis (XceiverServerRatis.java:triggerPipelineClose(575)) - pipeline Action CLOSE  on pipeline PipelineID=543dff7a-402f-4975-a44c-cb890fe5b329.Reason : b176f217-5116-4f29-ae6c-8c5fe7374010 has not seen follower/s 55776132-47ae-4aef-91b7-92633cf48f43 for 125943ms c5a5e6b7-bb1e-4cfc-8262-1ca252faf540 for 125943ms
2019-09-16 17:00:44,959 [org.apache.ratis.server.impl.LogAppender$AppenderDaemon$$Lambda$508/1360433104@7cc27264] ERROR ratis.XceiverServerRatis (XceiverServerRatis.java:triggerPipelineClose(575)) - pipeline Action CLOSE  on pipeline PipelineID=543dff7a-402f-4975-a44c-cb890fe5b329.Reason : b176f217-5116-4f29-ae6c-8c5fe7374010 has not seen follower/s 55776132-47ae-4aef-91b7-92633cf48f43 for 125943ms c5a5e6b7-bb1e-4cfc-8262-1ca252faf540 for 125943ms
2019-09-16 17:00:45,344 [grpc-default-executor-8] INFO  client.GrpcClientProtocolClient (GrpcClientProtocolClient.java:onNext(264)) - client-D82C98E0250F->c5a5e6b7-bb1e-4cfc-8262-1ca252faf540: receive RaftClientReply:client-D82C98E0250F->c5a5e6b7-bb1e-4cfc-8262-1ca252faf540@group-CB890FE5B329, cid=143, FAILED org.apache.ratis.protocol.NotLeaderException: Server c5a5e6b7-bb1e-4cfc-8262-1ca252faf540@group-CB890FE5B329 is not the leader b176f217-5116-4f29-ae6c-8c5fe7374010:192.168.5.184:36714, logIndex=0, commits[c5a5e6b7-bb1e-4cfc-8262-1ca252faf540:c4, 55776132-47ae-4aef-91b7-92633cf48f43:c3, b176f217-5116-4f29-ae6c-8c5fe7374010:c4]
2019-09-16 17:00:45,458 [java.util.concurrent.ThreadPoolExecutor$Worker@45f38be8[State = -1, empty queue]] WARN  server.GrpcLogAppender (GrpcLogAppender.java:timeoutAppendRequest(200)) - b176f217-5116-4f29-ae6c-8c5fe7374010@group-CB890FE5B329->55776132-47ae-4aef-91b7-92633cf48f43-GrpcLogAppender: appendEntries Timeout, request=b176f217-5116-4f29-ae6c-8c5fe7374010->55776132-47ae-4aef-91b7-92633cf48f43#133-t1, previous=(t:1, i:10), leaderCommit=4, initializing? false, entries: size=1, first=(t:1, i:11), STATEMACHINELOGENTRY, client-391478254385, cid=17
2019-09-16 17:00:45,458 [java.util.concurrent.ThreadPoolExecutor$Worker@3bba45ce[State = -1, empty queue]] WARN  server.GrpcLogAppender (GrpcLogAppender.java:timeoutAppendRequest(200)) - b176f217-5116-4f29-ae6c-8c5fe7374010@group-CB890FE5B329->c5a5e6b7-bb1e-4cfc-8262-1ca252faf540-GrpcLogAppender: appendEntries Timeout, request=b176f217-5116-4f29-ae6c-8c5fe7374010->c5a5e6b7-bb1e-4cfc-8262-1ca252faf540#133-t1, previous=(t:1, i:10), leaderCommit=4, initializing? false, entries: size=1, first=(t:1, i:11), STATEMACHINELOGENTRY, client-391478254385, cid=17
2019-09-16 17:00:45,459 [EventQueue-PipelineActionsForPipelineActionHandler] ERROR pipeline.PipelineActionHandler (PipelineActionHandler.java:onMessage(60)) - Received pipeline action CLOSE for Pipeline[ Id: 543dff7a-402f-4975-a44c-cb890fe5b329, Nodes: 55776132-47ae-4aef-91b7-92633cf48f43{ip: 192.168.5.184, host: pr-hdds-2022-qxstf-1422721469, networkLocation: /default-rack, certSerialId: null}b176f217-5116-4f29-ae6c-8c5fe7374010{ip: 192.168.5.184, host: pr-hdds-2022-qxstf-1422721469, networkLocation: /default-rack, certSerialId: null}c5a5e6b7-bb1e-4cfc-8262-1ca252faf540{ip: 192.168.5.184, host: pr-hdds-2022-qxstf-1422721469, networkLocation: /default-rack, certSerialId: null}, Type:RATIS, Factor:THREE, State:CLOSED] from datanode b176f217-5116-4f29-ae6c-8c5fe7374010{ip: 192.168.5.184, host: pr-hdds-2022-qxstf-1422721469, networkLocation: /default-rack, certSerialId: null}. Reason : b176f217-5116-4f29-ae6c-8c5fe7374010 has not seen follower/s 55776132-47ae-4aef-91b7-92633cf48f43 for 125943ms c5a5e6b7-bb1e-4cfc-8262-1ca252faf540 for 125943ms
2019-09-16 17:00:45,459 [EventQueue-PipelineActionsForPipelineActionHandler] INFO  pipeline.SCMPipelineManager (SCMPipelineManager.java:finalizeAndDestroyPipeline(311)) - destroying pipeline:Pipeline[ Id: 543dff7a-402f-4975-a44c-cb890fe5b329, Nodes: 55776132-47ae-4aef-91b7-92633cf48f43{ip: 192.168.5.184, host: pr-hdds-2022-qxstf-1422721469, networkLocation: /default-rack, certSerialId: null}b176f217-5116-4f29-ae6c-8c5fe7374010{ip: 192.168.5.184, host: pr-hdds-2022-qxstf-1422721469, networkLocation: /default-rack, certSerialId: null}c5a5e6b7-bb1e-4cfc-8262-1ca252faf540{ip: 192.168.5.184, host: pr-hdds-2022-qxstf-1422721469, networkLocation: /default-rack, certSerialId: null}, Type:RATIS, Factor:THREE, State:CLOSED]
2019-09-16 17:00:47,461 [org.apache.ratis.server.impl.LogAppender$AppenderDaemon$$Lambda$508/1360433104@50c8520] ERROR ratis.XceiverServerRatis (XceiverServerRatis.java:triggerPipelineClose(575)) - pipeline Action CLOSE  on pipeline PipelineID=543dff7a-402f-4975-a44c-cb890fe5b329.Reason : b176f217-5116-4f29-ae6c-8c5fe7374010 has not seen follower/s 55776132-47ae-4aef-91b7-92633cf48f43 for 128444ms c5a5e6b7-bb1e-4cfc-8262-1ca252faf540 for 128445ms
2019-09-16 17:00:47,461 [org.apache.ratis.server.impl.LogAppender$AppenderDaemon$$Lambda$508/1360433104@7cc27264] ERROR ratis.XceiverServerRatis (XceiverServerRatis.java:triggerPipelineClose(575)) - pipeline Action CLOSE  on pipeline PipelineID=543dff7a-402f-4975-a44c-cb890fe5b329.Reason : b176f217-5116-4f29-ae6c-8c5fe7374010 has not seen follower/s 55776132-47ae-4aef-91b7-92633cf48f43 for 128444ms c5a5e6b7-bb1e-4cfc-8262-1ca252faf540 for 128445ms
2019-09-16 17:00:47,959 [java.util.concurrent.ThreadPoolExecutor$Worker@3bba45ce[State = -1, empty queue]] WARN  server.GrpcLogAppender (GrpcLogAppender.java:timeoutAppendRequest(200)) - b176f217-5116-4f29-ae6c-8c5fe7374010@group-CB890FE5B329->c5a5e6b7-bb1e-4cfc-8262-1ca252faf540-GrpcLogAppender: appendEntries Timeout, request=b176f217-5116-4f29-ae6c-8c5fe7374010->c5a5e6b7-bb1e-4cfc-8262-1ca252faf540#134-t1, previous=(t:1, i:11), leaderCommit=4, initializing? false, entries: <empty>
2019-09-16 17:00:47,959 [java.util.concurrent.ThreadPoolExecutor$Worker@45f38be8[State = -1, empty queue]] WARN  server.GrpcLogAppender (GrpcLogAppender.java:timeoutAppendRequest(200)) - b176f217-5116-4f29-ae6c-8c5fe7374010@group-CB890FE5B329->55776132-47ae-4aef-91b7-92633cf48f43-GrpcLogAppender: appendEntries Timeout, request=b176f217-5116-4f29-ae6c-8c5fe7374010->55776132-47ae-4aef-91b7-92633cf48f43#134-t1, previous=(t:1, i:11), leaderCommit=4, initializing? false, entries: <empty>
2019-09-16 17:00:48,459 [EventQueue-PipelineActionsForPipelineActionHandler] ERROR pipeline.PipelineActionHandler (PipelineActionHandler.java:onMessage(60)) - Received pipeline action CLOSE for Pipeline[ Id: 543dff7a-402f-4975-a44c-cb890fe5b329, Nodes: 55776132-47ae-4aef-91b7-92633cf48f43{ip: 192.168.5.184, host: pr-hdds-2022-qxstf-1422721469, networkLocation: /default-rack, certSerialId: null}b176f217-5116-4f29-ae6c-8c5fe7374010{ip: 192.168.5.184, host: pr-hdds-2022-qxstf-1422721469, networkLocation: /default-rack, certSerialId: null}c5a5e6b7-bb1e-4cfc-8262-1ca252faf540{ip: 192.168.5.184, host: pr-hdds-2022-qxstf-1422721469, networkLocation: /default-rack, certSerialId: null}, Type:RATIS, Factor:THREE, State:CLOSED] from datanode b176f217-5116-4f29-ae6c-8c5fe7374010{ip: 192.168.5.184, host: pr-hdds-2022-qxstf-1422721469, networkLocation: /default-rack, certSerialId: null}. Reason : b176f217-5116-4f29-ae6c-8c5fe7374010 has not seen follower/s 55776132-47ae-4aef-91b7-92633cf48f43 for 128444ms c5a5e6b7-bb1e-4cfc-8262-1ca252faf540 for 128445ms
2019-09-16 17:00:48,460 [EventQueue-PipelineActionsForPipelineActionHandler] INFO  pipeline.SCMPipelineManager (SCMPipelineManager.java:finalizeAndDestroyPipeline(311)) - destroying pipeline:Pipeline[ Id: 543dff7a-402f-4975-a44c-cb890fe5b329, Nodes: 55776132-47ae-4aef-91b7-92633cf48f43{ip: 192.168.5.184, host: pr-hdds-2022-qxstf-1422721469, networkLocation: /default-rack, certSerialId: null}b176f217-5116-4f29-ae6c-8c5fe7374010{ip: 192.168.5.184, host: pr-hdds-2022-qxstf-1422721469, networkLocation: /default-rack, certSerialId: null}c5a5e6b7-bb1e-4cfc-8262-1ca252faf540{ip: 192.168.5.184, host: pr-hdds-2022-qxstf-1422721469, networkLocation: /default-rack, certSerialId: null}, Type:RATIS, Factor:THREE, State:CLOSED]
2019-09-16 17:00:49,283 [b176f217-5116-4f29-ae6c-8c5fe7374010@group-CB890FE5B329-SegmentedRaftLogWorker] WARN  segmented.SegmentedRaftLogWorker (SegmentedRaftLogWorker.java:getFromFuture(90)) - Timeout 12/~
org.apache.ratis.protocol.TimeoutIOException: Timeout 10s: WriteLog:5: (t:1, i:5), STATEMACHINELOGENTRY, client-D82C98E0250F, cid=143-writeStateMachineData
	at org.apache.ratis.util.IOUtils.getFromFuture(IOUtils.java:87)
	at org.apache.ratis.server.raftlog.segmented.SegmentedRaftLogWorker$StateMachineDataPolicy.getFromFuture(SegmentedRaftLogWorker.java:87)
	at org.apache.ratis.server.raftlog.segmented.SegmentedRaftLogWorker$WriteLog.execute(SegmentedRaftLogWorker.java:477)
	at org.apache.ratis.server.raftlog.segmented.SegmentedRaftLogWorker.run(SegmentedRaftLogWorker.java:289)
	at java.lang.Thread.run(Thread.java:748)
Caused by: java.util.concurrent.TimeoutException
	at java.util.concurrent.CompletableFuture.timedGet(CompletableFuture.java:1771)
	at java.util.concurrent.CompletableFuture.get(CompletableFuture.java:1915)
	at org.apache.ratis.util.IOUtils.getFromFuture(IOUtils.java:79)
	... 4 more
2019-09-16 17:00:49,641 [c5a5e6b7-bb1e-4cfc-8262-1ca252faf540@group-CB890FE5B329-SegmentedRaftLogWorker] WARN  segmented.SegmentedRaftLogWorker (SegmentedRaftLogWorker.java:getFromFuture(90)) - Timeout 12/~
org.apache.ratis.protocol.TimeoutIOException: Timeout 10s: WriteLog:8: (t:1, i:8), STATEMACHINELOGENTRY, client-D82C98E0250F, cid=146-writeStateMachineData
	at org.apache.ratis.util.IOUtils.getFromFuture(IOUtils.java:87)
	at org.apache.ratis.server.raftlog.segmented.SegmentedRaftLogWorker$StateMachineDataPolicy.getFromFuture(SegmentedRaftLogWorker.java:87)
	at org.apache.ratis.server.raftlog.segmented.SegmentedRaftLogWorker$WriteLog.execute(SegmentedRaftLogWorker.java:477)
	at org.apache.ratis.server.raftlog.segmented.SegmentedRaftLogWorker.run(SegmentedRaftLogWorker.java:289)
	at java.lang.Thread.run(Thread.java:748)
Caused by: java.util.concurrent.TimeoutException
	at java.util.concurrent.CompletableFuture.timedGet(CompletableFuture.java:1771)
	at java.util.concurrent.CompletableFuture.get(CompletableFuture.java:1915)
	at org.apache.ratis.util.IOUtils.getFromFuture(IOUtils.java:79)
	... 4 more
2019-09-16 17:00:49,642 [55776132-47ae-4aef-91b7-92633cf48f43@group-CB890FE5B329-SegmentedRaftLogWorker] WARN  segmented.SegmentedRaftLogWorker (SegmentedRaftLogWorker.java:getFromFuture(90)) - Timeout 12/~
org.apache.ratis.protocol.TimeoutIOException: Timeout 10s: WriteLog:6: (t:1, i:6), STATEMACHINELOGENTRY, client-D82C98E0250F, cid=144-writeStateMachineData
	at org.apache.ratis.util.IOUtils.getFromFuture(IOUtils.java:87)
	at org.apache.ratis.server.raftlog.segmented.SegmentedRaftLogWorker$StateMachineDataPolicy.getFromFuture(SegmentedRaftLogWorker.java:87)
	at org.apache.ratis.server.raftlog.segmented.SegmentedRaftLogWorker$WriteLog.execute(SegmentedRaftLogWorker.java:477)
	at org.apache.ratis.server.raftlog.segmented.SegmentedRaftLogWorker.run(SegmentedRaftLogWorker.java:289)
	at java.lang.Thread.run(Thread.java:748)
Caused by: java.util.concurrent.TimeoutException
	at java.util.concurrent.CompletableFuture.timedGet(CompletableFuture.java:1771)
	at java.util.concurrent.CompletableFuture.get(CompletableFuture.java:1915)
	at org.apache.ratis.util.IOUtils.getFromFuture(IOUtils.java:79)
	... 4 more
2019-09-16 17:00:49,962 [org.apache.ratis.server.impl.LogAppender$AppenderDaemon$$Lambda$508/1360433104@50c8520] ERROR ratis.XceiverServerRatis (XceiverServerRatis.java:triggerPipelineClose(575)) - pipeline Action CLOSE  on pipeline PipelineID=543dff7a-402f-4975-a44c-cb890fe5b329.Reason : b176f217-5116-4f29-ae6c-8c5fe7374010 has not seen follower/s 55776132-47ae-4aef-91b7-92633cf48f43 for 130945ms c5a5e6b7-bb1e-4cfc-8262-1ca252faf540 for 130946ms
2019-09-16 17:00:49,962 [org.apache.ratis.server.impl.LogAppender$AppenderDaemon$$Lambda$508/1360433104@7cc27264] ERROR ratis.XceiverServerRatis (XceiverServerRatis.java:triggerPipelineClose(575)) - pipeline Action CLOSE  on pipeline PipelineID=543dff7a-402f-4975-a44c-cb890fe5b329.Reason : b176f217-5116-4f29-ae6c-8c5fe7374010 has not seen follower/s 55776132-47ae-4aef-91b7-92633cf48f43 for 130945ms c5a5e6b7-bb1e-4cfc-8262-1ca252faf540 for 130946ms
2019-09-16 17:00:50,386 [grpc-default-executor-8] INFO  client.GrpcClientProtocolClient (GrpcClientProtocolClient.java:onNext(264)) - client-D82C98E0250F->55776132-47ae-4aef-91b7-92633cf48f43: receive RaftClientReply:client-D82C98E0250F->55776132-47ae-4aef-91b7-92633cf48f43@group-CB890FE5B329, cid=143, FAILED org.apache.ratis.protocol.NotLeaderException: Server 55776132-47ae-4aef-91b7-92633cf48f43@group-CB890FE5B329 is not the leader b176f217-5116-4f29-ae6c-8c5fe7374010:192.168.5.184:36714, logIndex=0, commits[55776132-47ae-4aef-91b7-92633cf48f43:c4, c5a5e6b7-bb1e-4cfc-8262-1ca252faf540:c3, b176f217-5116-4f29-ae6c-8c5fe7374010:c4]
2019-09-16 17:00:50,457 [EventQueue-PipelineActionsForPipelineActionHandler] ERROR pipeline.PipelineActionHandler (PipelineActionHandler.java:onMessage(60)) - Received pipeline action CLOSE for Pipeline[ Id: 543dff7a-402f-4975-a44c-cb890fe5b329, Nodes: 55776132-47ae-4aef-91b7-92633cf48f43{ip: 192.168.5.184, host: pr-hdds-2022-qxstf-1422721469, networkLocation: /default-rack, certSerialId: null}b176f217-5116-4f29-ae6c-8c5fe7374010{ip: 192.168.5.184, host: pr-hdds-2022-qxstf-1422721469, networkLocation: /default-rack, certSerialId: null}c5a5e6b7-bb1e-4cfc-8262-1ca252faf540{ip: 192.168.5.184, host: pr-hdds-2022-qxstf-1422721469, networkLocation: /default-rack, certSerialId: null}, Type:RATIS, Factor:THREE, State:CLOSED] from datanode b176f217-5116-4f29-ae6c-8c5fe7374010{ip: 192.168.5.184, host: pr-hdds-2022-qxstf-1422721469, networkLocation: /default-rack, certSerialId: null}. Reason : b176f217-5116-4f29-ae6c-8c5fe7374010 has not seen follower/s 55776132-47ae-4aef-91b7-92633cf48f43 for 130945ms c5a5e6b7-bb1e-4cfc-8262-1ca252faf540 for 130946ms
2019-09-16 17:00:50,457 [EventQueue-PipelineActionsForPipelineActionHandler] INFO  pipeline.SCMPipelineManager (SCMPipelineManager.java:finalizeAndDestroyPipeline(311)) - destroying pipeline:Pipeline[ Id: 543dff7a-402f-4975-a44c-cb890fe5b329, Nodes: 55776132-47ae-4aef-91b7-92633cf48f43{ip: 192.168.5.184, host: pr-hdds-2022-qxstf-1422721469, networkLocation: /default-rack, certSerialId: null}b176f217-5116-4f29-ae6c-8c5fe7374010{ip: 192.168.5.184, host: pr-hdds-2022-qxstf-1422721469, networkLocation: /default-rack, certSerialId: null}c5a5e6b7-bb1e-4cfc-8262-1ca252faf540{ip: 192.168.5.184, host: pr-hdds-2022-qxstf-1422721469, networkLocation: /default-rack, certSerialId: null}, Type:RATIS, Factor:THREE, State:CLOSED]
2019-09-16 17:00:50,461 [java.util.concurrent.ThreadPoolExecutor$Worker@45f38be8[State = -1, empty queue]] WARN  server.GrpcLogAppender (GrpcLogAppender.java:timeoutAppendRequest(200)) - b176f217-5116-4f29-ae6c-8c5fe7374010@group-CB890FE5B329->55776132-47ae-4aef-91b7-92633cf48f43-GrpcLogAppender: appendEntries Timeout, request=b176f217-5116-4f29-ae6c-8c5fe7374010->55776132-47ae-4aef-91b7-92633cf48f43#135-t1, previous=(t:1, i:11), leaderCommit=4, initializing? false, entries: <empty>
2019-09-16 17:00:50,461 [java.util.concurrent.ThreadPoolExecutor$Worker@3bba45ce[State = -1, empty queue]] WARN  server.GrpcLogAppender (GrpcLogAppender.java:timeoutAppendRequest(200)) - b176f217-5116-4f29-ae6c-8c5fe7374010@group-CB890FE5B329->c5a5e6b7-bb1e-4cfc-8262-1ca252faf540-GrpcLogAppender: appendEntries Timeout, request=b176f217-5116-4f29-ae6c-8c5fe7374010->c5a5e6b7-bb1e-4cfc-8262-1ca252faf540#135-t1, previous=(t:1, i:11), leaderCommit=4, initializing? false, entries: <empty>
2019-09-16 17:00:52,463 [org.apache.ratis.server.impl.LogAppender$AppenderDaemon$$Lambda$508/1360433104@50c8520] ERROR ratis.XceiverServerRatis (XceiverServerRatis.java:triggerPipelineClose(575)) - pipeline Action CLOSE  on pipeline PipelineID=543dff7a-402f-4975-a44c-cb890fe5b329.Reason : b176f217-5116-4f29-ae6c-8c5fe7374010 has not seen follower/s 55776132-47ae-4aef-91b7-92633cf48f43 for 133446ms c5a5e6b7-bb1e-4cfc-8262-1ca252faf540 for 133447ms
2019-09-16 17:00:52,463 [org.apache.ratis.server.impl.LogAppender$AppenderDaemon$$Lambda$508/1360433104@7cc27264] ERROR ratis.XceiverServerRatis (XceiverServerRatis.java:triggerPipelineClose(575)) - pipeline Action CLOSE  on pipeline PipelineID=543dff7a-402f-4975-a44c-cb890fe5b329.Reason : b176f217-5116-4f29-ae6c-8c5fe7374010 has not seen follower/s 55776132-47ae-4aef-91b7-92633cf48f43 for 133446ms c5a5e6b7-bb1e-4cfc-8262-1ca252faf540 for 133447ms
2019-09-16 17:00:52,962 [java.util.concurrent.ThreadPoolExecutor$Worker@45f38be8[State = -1, empty queue]] WARN  server.GrpcLogAppender (GrpcLogAppender.java:timeoutAppendRequest(200)) - b176f217-5116-4f29-ae6c-8c5fe7374010@group-CB890FE5B329->55776132-47ae-4aef-91b7-92633cf48f43-GrpcLogAppender: appendEntries Timeout, request=b176f217-5116-4f29-ae6c-8c5fe7374010->55776132-47ae-4aef-91b7-92633cf48f43#136-t1, previous=(t:1, i:11), leaderCommit=4, initializing? false, entries: <empty>
2019-09-16 17:00:52,962 [java.util.concurrent.ThreadPoolExecutor$Worker@3bba45ce[State = -1, empty queue]] WARN  server.GrpcLogAppender (GrpcLogAppender.java:timeoutAppendRequest(200)) - b176f217-5116-4f29-ae6c-8c5fe7374010@group-CB890FE5B329->c5a5e6b7-bb1e-4cfc-8262-1ca252faf540-GrpcLogAppender: appendEntries Timeout, request=b176f217-5116-4f29-ae6c-8c5fe7374010->c5a5e6b7-bb1e-4cfc-8262-1ca252faf540#136-t1, previous=(t:1, i:11), leaderCommit=4, initializing? false, entries: <empty>
2019-09-16 17:00:53,459 [EventQueue-PipelineActionsForPipelineActionHandler] ERROR pipeline.PipelineActionHandler (PipelineActionHandler.java:onMessage(60)) - Received pipeline action CLOSE for Pipeline[ Id: 543dff7a-402f-4975-a44c-cb890fe5b329, Nodes: 55776132-47ae-4aef-91b7-92633cf48f43{ip: 192.168.5.184, host: pr-hdds-2022-qxstf-1422721469, networkLocation: /default-rack, certSerialId: null}b176f217-5116-4f29-ae6c-8c5fe7374010{ip: 192.168.5.184, host: pr-hdds-2022-qxstf-1422721469, networkLocation: /default-rack, certSerialId: null}c5a5e6b7-bb1e-4cfc-8262-1ca252faf540{ip: 192.168.5.184, host: pr-hdds-2022-qxstf-1422721469, networkLocation: /default-rack, certSerialId: null}, Type:RATIS, Factor:THREE, State:CLOSED] from datanode b176f217-5116-4f29-ae6c-8c5fe7374010{ip: 192.168.5.184, host: pr-hdds-2022-qxstf-1422721469, networkLocation: /default-rack, certSerialId: null}. Reason : b176f217-5116-4f29-ae6c-8c5fe7374010 has not seen follower/s 55776132-47ae-4aef-91b7-92633cf48f43 for 133446ms c5a5e6b7-bb1e-4cfc-8262-1ca252faf540 for 133447ms
2019-09-16 17:00:53,462 [EventQueue-PipelineActionsForPipelineActionHandler] INFO  pipeline.SCMPipelineManager (SCMPipelineManager.java:finalizeAndDestroyPipeline(311)) - destroying pipeline:Pipeline[ Id: 543dff7a-402f-4975-a44c-cb890fe5b329, Nodes: 55776132-47ae-4aef-91b7-92633cf48f43{ip: 192.168.5.184, host: pr-hdds-2022-qxstf-1422721469, networkLocation: /default-rack, certSerialId: null}b176f217-5116-4f29-ae6c-8c5fe7374010{ip: 192.168.5.184, host: pr-hdds-2022-qxstf-1422721469, networkLocation: /default-rack, certSerialId: null}c5a5e6b7-bb1e-4cfc-8262-1ca252faf540{ip: 192.168.5.184, host: pr-hdds-2022-qxstf-1422721469, networkLocation: /default-rack, certSerialId: null}, Type:RATIS, Factor:THREE, State:CLOSED]
2019-09-16 17:00:54,964 [org.apache.ratis.server.impl.LogAppender$AppenderDaemon$$Lambda$508/1360433104@50c8520] ERROR ratis.XceiverServerRatis (XceiverServerRatis.java:triggerPipelineClose(575)) - pipeline Action CLOSE  on pipeline PipelineID=543dff7a-402f-4975-a44c-cb890fe5b329.Reason : b176f217-5116-4f29-ae6c-8c5fe7374010 has not seen follower/s 55776132-47ae-4aef-91b7-92633cf48f43 for 135947ms c5a5e6b7-bb1e-4cfc-8262-1ca252faf540 for 135947ms
2019-09-16 17:00:54,964 [org.apache.ratis.server.impl.LogAppender$AppenderDaemon$$Lambda$508/1360433104@7cc27264] ERROR ratis.XceiverServerRatis (XceiverServerRatis.java:triggerPipelineClose(575)) - pipeline Action CLOSE  on pipeline PipelineID=543dff7a-402f-4975-a44c-cb890fe5b329.Reason : b176f217-5116-4f29-ae6c-8c5fe7374010 has not seen follower/s 55776132-47ae-4aef-91b7-92633cf48f43 for 135947ms c5a5e6b7-bb1e-4cfc-8262-1ca252faf540 for 135947ms
2019-09-16 17:00:55,443 [grpc-default-executor-7] INFO  client.GrpcClientProtocolClient (GrpcClientProtocolClient.java:onNext(264)) - client-D82C98E0250F->55776132-47ae-4aef-91b7-92633cf48f43: receive RaftClientReply:client-D82C98E0250F->55776132-47ae-4aef-91b7-92633cf48f43@group-CB890FE5B329, cid=143, FAILED org.apache.ratis.protocol.NotLeaderException: Server 55776132-47ae-4aef-91b7-92633cf48f43@group-CB890FE5B329 is not the leader b176f217-5116-4f29-ae6c-8c5fe7374010:192.168.5.184:36714, logIndex=0, commits[55776132-47ae-4aef-91b7-92633cf48f43:c4, c5a5e6b7-bb1e-4cfc-8262-1ca252faf540:c3, b176f217-5116-4f29-ae6c-8c5fe7374010:c4]
2019-09-16 17:00:55,459 [EventQueue-PipelineActionsForPipelineActionHandler] ERROR pipeline.PipelineActionHandler (PipelineActionHandler.java:onMessage(60)) - Received pipeline action CLOSE for Pipeline[ Id: 543dff7a-402f-4975-a44c-cb890fe5b329, Nodes: 55776132-47ae-4aef-91b7-92633cf48f43{ip: 192.168.5.184, host: pr-hdds-2022-qxstf-1422721469, networkLocation: /default-rack, certSerialId: null}b176f217-5116-4f29-ae6c-8c5fe7374010{ip: 192.168.5.184, host: pr-hdds-2022-qxstf-1422721469, networkLocation: /default-rack, certSerialId: null}c5a5e6b7-bb1e-4cfc-8262-1ca252faf540{ip: 192.168.5.184, host: pr-hdds-2022-qxstf-1422721469, networkLocation: /default-rack, certSerialId: null}, Type:RATIS, Factor:THREE, State:CLOSED] from datanode b176f217-5116-4f29-ae6c-8c5fe7374010{ip: 192.168.5.184, host: pr-hdds-2022-qxstf-1422721469, networkLocation: /default-rack, certSerialId: null}. Reason : b176f217-5116-4f29-ae6c-8c5fe7374010 has not seen follower/s 55776132-47ae-4aef-91b7-92633cf48f43 for 135947ms c5a5e6b7-bb1e-4cfc-8262-1ca252faf540 for 135947ms
2019-09-16 17:00:55,459 [EventQueue-PipelineActionsForPipelineActionHandler] INFO  pipeline.SCMPipelineManager (SCMPipelineManager.java:finalizeAndDestroyPipeline(311)) - destroying pipeline:Pipeline[ Id: 543dff7a-402f-4975-a44c-cb890fe5b329, Nodes: 55776132-47ae-4aef-91b7-92633cf48f43{ip: 192.168.5.184, host: pr-hdds-2022-qxstf-1422721469, networkLocation: /default-rack, certSerialId: null}b176f217-5116-4f29-ae6c-8c5fe7374010{ip: 192.168.5.184, host: pr-hdds-2022-qxstf-1422721469, networkLocation: /default-rack, certSerialId: null}c5a5e6b7-bb1e-4cfc-8262-1ca252faf540{ip: 192.168.5.184, host: pr-hdds-2022-qxstf-1422721469, networkLocation: /default-rack, certSerialId: null}, Type:RATIS, Factor:THREE, State:CLOSED]
2019-09-16 17:00:55,462 [java.util.concurrent.ThreadPoolExecutor$Worker@3bba45ce[State = -1, empty queue]] WARN  server.GrpcLogAppender (GrpcLogAppender.java:timeoutAppendRequest(200)) - b176f217-5116-4f29-ae6c-8c5fe7374010@group-CB890FE5B329->c5a5e6b7-bb1e-4cfc-8262-1ca252faf540-GrpcLogAppender: appendEntries Timeout, request=b176f217-5116-4f29-ae6c-8c5fe7374010->c5a5e6b7-bb1e-4cfc-8262-1ca252faf540#137-t1, previous=(t:1, i:11), leaderCommit=4, initializing? false, entries: <empty>
2019-09-16 17:00:55,462 [java.util.concurrent.ThreadPoolExecutor$Worker@45f38be8[State = -1, empty queue]] WARN  server.GrpcLogAppender (GrpcLogAppender.java:timeoutAppendRequest(200)) - b176f217-5116-4f29-ae6c-8c5fe7374010@group-CB890FE5B329->55776132-47ae-4aef-91b7-92633cf48f43-GrpcLogAppender: appendEntries Timeout, request=b176f217-5116-4f29-ae6c-8c5fe7374010->55776132-47ae-4aef-91b7-92633cf48f43#137-t1, previous=(t:1, i:11), leaderCommit=4, initializing? false, entries: <empty>
2019-09-16 17:00:57,466 [org.apache.ratis.server.impl.LogAppender$AppenderDaemon$$Lambda$508/1360433104@50c8520] ERROR ratis.XceiverServerRatis (XceiverServerRatis.java:triggerPipelineClose(575)) - pipeline Action CLOSE  on pipeline PipelineID=543dff7a-402f-4975-a44c-cb890fe5b329.Reason : b176f217-5116-4f29-ae6c-8c5fe7374010 has not seen follower/s 55776132-47ae-4aef-91b7-92633cf48f43 for 138449ms c5a5e6b7-bb1e-4cfc-8262-1ca252faf540 for 138449ms
2019-09-16 17:00:57,466 [org.apache.ratis.server.impl.LogAppender$AppenderDaemon$$Lambda$508/1360433104@7cc27264] ERROR ratis.XceiverServerRatis (XceiverServerRatis.java:triggerPipelineClose(575)) - pipeline Action CLOSE  on pipeline PipelineID=543dff7a-402f-4975-a44c-cb890fe5b329.Reason : b176f217-5116-4f29-ae6c-8c5fe7374010 has not seen follower/s 55776132-47ae-4aef-91b7-92633cf48f43 for 138449ms c5a5e6b7-bb1e-4cfc-8262-1ca252faf540 for 138449ms
2019-09-16 17:00:57,963 [java.util.concurrent.ThreadPoolExecutor$Worker@45f38be8[State = -1, empty queue]] WARN  server.GrpcLogAppender (GrpcLogAppender.java:timeoutAppendRequest(200)) - b176f217-5116-4f29-ae6c-8c5fe7374010@group-CB890FE5B329->55776132-47ae-4aef-91b7-92633cf48f43-GrpcLogAppender: appendEntries Timeout, request=b176f217-5116-4f29-ae6c-8c5fe7374010->55776132-47ae-4aef-91b7-92633cf48f43#138-t1, previous=(t:1, i:11), leaderCommit=4, initializing? false, entries: <empty>
2019-09-16 17:00:57,963 [java.util.concurrent.ThreadPoolExecutor$Worker@3bba45ce[State = -1, empty queue]] WARN  server.GrpcLogAppender (GrpcLogAppender.java:timeoutAppendRequest(200)) - b176f217-5116-4f29-ae6c-8c5fe7374010@group-CB890FE5B329->c5a5e6b7-bb1e-4cfc-8262-1ca252faf540-GrpcLogAppender: appendEntries Timeout, request=b176f217-5116-4f29-ae6c-8c5fe7374010->c5a5e6b7-bb1e-4cfc-8262-1ca252faf540#138-t1, previous=(t:1, i:11), leaderCommit=4, initializing? false, entries: <empty>
2019-09-16 17:00:58,462 [EventQueue-PipelineActionsForPipelineActionHandler] ERROR pipeline.PipelineActionHandler (PipelineActionHandler.java:onMessage(60)) - Received pipeline action CLOSE for Pipeline[ Id: 543dff7a-402f-4975-a44c-cb890fe5b329, Nodes: 55776132-47ae-4aef-91b7-92633cf48f43{ip: 192.168.5.184, host: pr-hdds-2022-qxstf-1422721469, networkLocation: /default-rack, certSerialId: null}b176f217-5116-4f29-ae6c-8c5fe7374010{ip: 192.168.5.184, host: pr-hdds-2022-qxstf-1422721469, networkLocation: /default-rack, certSerialId: null}c5a5e6b7-bb1e-4cfc-8262-1ca252faf540{ip: 192.168.5.184, host: pr-hdds-2022-qxstf-1422721469, networkLocation: /default-rack, certSerialId: null}, Type:RATIS, Factor:THREE, State:CLOSED] from datanode b176f217-5116-4f29-ae6c-8c5fe7374010{ip: 192.168.5.184, host: pr-hdds-2022-qxstf-1422721469, networkLocation: /default-rack, certSerialId: null}. Reason : b176f217-5116-4f29-ae6c-8c5fe7374010 has not seen follower/s 55776132-47ae-4aef-91b7-92633cf48f43 for 138449ms c5a5e6b7-bb1e-4cfc-8262-1ca252faf540 for 138449ms
2019-09-16 17:00:58,463 [EventQueue-PipelineActionsForPipelineActionHandler] INFO  pipeline.SCMPipelineManager (SCMPipelineManager.java:finalizeAndDestroyPipeline(311)) - destroying pipeline:Pipeline[ Id: 543dff7a-402f-4975-a44c-cb890fe5b329, Nodes: 55776132-47ae-4aef-91b7-92633cf48f43{ip: 192.168.5.184, host: pr-hdds-2022-qxstf-1422721469, networkLocation: /default-rack, certSerialId: null}b176f217-5116-4f29-ae6c-8c5fe7374010{ip: 192.168.5.184, host: pr-hdds-2022-qxstf-1422721469, networkLocation: /default-rack, certSerialId: null}c5a5e6b7-bb1e-4cfc-8262-1ca252faf540{ip: 192.168.5.184, host: pr-hdds-2022-qxstf-1422721469, networkLocation: /default-rack, certSerialId: null}, Type:RATIS, Factor:THREE, State:CLOSED]
2019-09-16 17:00:59,284 [b176f217-5116-4f29-ae6c-8c5fe7374010@group-CB890FE5B329-SegmentedRaftLogWorker] WARN  segmented.SegmentedRaftLogWorker (SegmentedRaftLogWorker.java:getFromFuture(90)) - Timeout 13/~
org.apache.ratis.protocol.TimeoutIOException: Timeout 10s: WriteLog:5: (t:1, i:5), STATEMACHINELOGENTRY, client-D82C98E0250F, cid=143-writeStateMachineData
	at org.apache.ratis.util.IOUtils.getFromFuture(IOUtils.java:87)
	at org.apache.ratis.server.raftlog.segmented.SegmentedRaftLogWorker$StateMachineDataPolicy.getFromFuture(SegmentedRaftLogWorker.java:87)
	at org.apache.ratis.server.raftlog.segmented.SegmentedRaftLogWorker$WriteLog.execute(SegmentedRaftLogWorker.java:477)
	at org.apache.ratis.server.raftlog.segmented.SegmentedRaftLogWorker.run(SegmentedRaftLogWorker.java:289)
	at java.lang.Thread.run(Thread.java:748)
Caused by: java.util.concurrent.TimeoutException
	at java.util.concurrent.CompletableFuture.timedGet(CompletableFuture.java:1771)
	at java.util.concurrent.CompletableFuture.get(CompletableFuture.java:1915)
	at org.apache.ratis.util.IOUtils.getFromFuture(IOUtils.java:79)
	... 4 more
2019-09-16 17:00:59,642 [c5a5e6b7-bb1e-4cfc-8262-1ca252faf540@group-CB890FE5B329-SegmentedRaftLogWorker] WARN  segmented.SegmentedRaftLogWorker (SegmentedRaftLogWorker.java:getFromFuture(90)) - Timeout 13/~
org.apache.ratis.protocol.TimeoutIOException: Timeout 10s: WriteLog:8: (t:1, i:8), STATEMACHINELOGENTRY, client-D82C98E0250F, cid=146-writeStateMachineData
	at org.apache.ratis.util.IOUtils.getFromFuture(IOUtils.java:87)
	at org.apache.ratis.server.raftlog.segmented.SegmentedRaftLogWorker$StateMachineDataPolicy.getFromFuture(SegmentedRaftLogWorker.java:87)
	at org.apache.ratis.server.raftlog.segmented.SegmentedRaftLogWorker$WriteLog.execute(SegmentedRaftLogWorker.java:477)
	at org.apache.ratis.server.raftlog.segmented.SegmentedRaftLogWorker.run(SegmentedRaftLogWorker.java:289)
	at java.lang.Thread.run(Thread.java:748)
Caused by: java.util.concurrent.TimeoutException
	at java.util.concurrent.CompletableFuture.timedGet(CompletableFuture.java:1771)
	at java.util.concurrent.CompletableFuture.get(CompletableFuture.java:1915)
	at org.apache.ratis.util.IOUtils.getFromFuture(IOUtils.java:79)
	... 4 more
2019-09-16 17:00:59,642 [55776132-47ae-4aef-91b7-92633cf48f43@group-CB890FE5B329-SegmentedRaftLogWorker] WARN  segmented.SegmentedRaftLogWorker (SegmentedRaftLogWorker.java:getFromFuture(90)) - Timeout 13/~
org.apache.ratis.protocol.TimeoutIOException: Timeout 10s: WriteLog:6: (t:1, i:6), STATEMACHINELOGENTRY, client-D82C98E0250F, cid=144-writeStateMachineData
	at org.apache.ratis.util.IOUtils.getFromFuture(IOUtils.java:87)
	at org.apache.ratis.server.raftlog.segmented.SegmentedRaftLogWorker$StateMachineDataPolicy.getFromFuture(SegmentedRaftLogWorker.java:87)
	at org.apache.ratis.server.raftlog.segmented.SegmentedRaftLogWorker$WriteLog.execute(SegmentedRaftLogWorker.java:477)
	at org.apache.ratis.server.raftlog.segmented.SegmentedRaftLogWorker.run(SegmentedRaftLogWorker.java:289)
	at java.lang.Thread.run(Thread.java:748)
Caused by: java.util.concurrent.TimeoutException
	at java.util.concurrent.CompletableFuture.timedGet(CompletableFuture.java:1771)
	at java.util.concurrent.CompletableFuture.get(CompletableFuture.java:1915)
	at org.apache.ratis.util.IOUtils.getFromFuture(IOUtils.java:79)
	... 4 more
2019-09-16 17:00:59,966 [org.apache.ratis.server.impl.LogAppender$AppenderDaemon$$Lambda$508/1360433104@7cc27264] ERROR ratis.XceiverServerRatis (XceiverServerRatis.java:triggerPipelineClose(575)) - pipeline Action CLOSE  on pipeline PipelineID=543dff7a-402f-4975-a44c-cb890fe5b329.Reason : b176f217-5116-4f29-ae6c-8c5fe7374010 has not seen follower/s 55776132-47ae-4aef-91b7-92633cf48f43 for 140949ms c5a5e6b7-bb1e-4cfc-8262-1ca252faf540 for 140950ms
2019-09-16 17:00:59,966 [org.apache.ratis.server.impl.LogAppender$AppenderDaemon$$Lambda$508/1360433104@50c8520] ERROR ratis.XceiverServerRatis (XceiverServerRatis.java:triggerPipelineClose(575)) - pipeline Action CLOSE  on pipeline PipelineID=543dff7a-402f-4975-a44c-cb890fe5b329.Reason : b176f217-5116-4f29-ae6c-8c5fe7374010 has not seen follower/s 55776132-47ae-4aef-91b7-92633cf48f43 for 140949ms c5a5e6b7-bb1e-4cfc-8262-1ca252faf540 for 140950ms
2019-09-16 17:01:00,463 [EventQueue-PipelineActionsForPipelineActionHandler] ERROR pipeline.PipelineActionHandler (PipelineActionHandler.java:onMessage(60)) - Received pipeline action CLOSE for Pipeline[ Id: 543dff7a-402f-4975-a44c-cb890fe5b329, Nodes: 55776132-47ae-4aef-91b7-92633cf48f43{ip: 192.168.5.184, host: pr-hdds-2022-qxstf-1422721469, networkLocation: /default-rack, certSerialId: null}b176f217-5116-4f29-ae6c-8c5fe7374010{ip: 192.168.5.184, host: pr-hdds-2022-qxstf-1422721469, networkLocation: /default-rack, certSerialId: null}c5a5e6b7-bb1e-4cfc-8262-1ca252faf540{ip: 192.168.5.184, host: pr-hdds-2022-qxstf-1422721469, networkLocation: /default-rack, certSerialId: null}, Type:RATIS, Factor:THREE, State:CLOSED] from datanode b176f217-5116-4f29-ae6c-8c5fe7374010{ip: 192.168.5.184, host: pr-hdds-2022-qxstf-1422721469, networkLocation: /default-rack, certSerialId: null}. Reason : b176f217-5116-4f29-ae6c-8c5fe7374010 has not seen follower/s 55776132-47ae-4aef-91b7-92633cf48f43 for 140949ms c5a5e6b7-bb1e-4cfc-8262-1ca252faf540 for 140950ms
2019-09-16 17:01:00,463 [EventQueue-PipelineActionsForPipelineActionHandler] INFO  pipeline.SCMPipelineManager (SCMPipelineManager.java:finalizeAndDestroyPipeline(311)) - destroying pipeline:Pipeline[ Id: 543dff7a-402f-4975-a44c-cb890fe5b329, Nodes: 55776132-47ae-4aef-91b7-92633cf48f43{ip: 192.168.5.184, host: pr-hdds-2022-qxstf-1422721469, networkLocation: /default-rack, certSerialId: null}b176f217-5116-4f29-ae6c-8c5fe7374010{ip: 192.168.5.184, host: pr-hdds-2022-qxstf-1422721469, networkLocation: /default-rack, certSerialId: null}c5a5e6b7-bb1e-4cfc-8262-1ca252faf540{ip: 192.168.5.184, host: pr-hdds-2022-qxstf-1422721469, networkLocation: /default-rack, certSerialId: null}, Type:RATIS, Factor:THREE, State:CLOSED]
2019-09-16 17:01:00,465 [java.util.concurrent.ThreadPoolExecutor$Worker@3bba45ce[State = -1, empty queue]] WARN  server.GrpcLogAppender (GrpcLogAppender.java:timeoutAppendRequest(200)) - b176f217-5116-4f29-ae6c-8c5fe7374010@group-CB890FE5B329->c5a5e6b7-bb1e-4cfc-8262-1ca252faf540-GrpcLogAppender: appendEntries Timeout, request=b176f217-5116-4f29-ae6c-8c5fe7374010->c5a5e6b7-bb1e-4cfc-8262-1ca252faf540#139-t1, previous=(t:1, i:11), leaderCommit=4, initializing? false, entries: <empty>
2019-09-16 17:01:00,465 [java.util.concurrent.ThreadPoolExecutor$Worker@45f38be8[State = -1, empty queue]] WARN  server.GrpcLogAppender (GrpcLogAppender.java:timeoutAppendRequest(200)) - b176f217-5116-4f29-ae6c-8c5fe7374010@group-CB890FE5B329->55776132-47ae-4aef-91b7-92633cf48f43-GrpcLogAppender: appendEntries Timeout, request=b176f217-5116-4f29-ae6c-8c5fe7374010->55776132-47ae-4aef-91b7-92633cf48f43#139-t1, previous=(t:1, i:11), leaderCommit=4, initializing? false, entries: <empty>
2019-09-16 17:01:00,485 [grpc-default-executor-7] INFO  client.GrpcClientProtocolClient (GrpcClientProtocolClient.java:onNext(264)) - client-D82C98E0250F->55776132-47ae-4aef-91b7-92633cf48f43: receive RaftClientReply:client-D82C98E0250F->55776132-47ae-4aef-91b7-92633cf48f43@group-CB890FE5B329, cid=143, FAILED org.apache.ratis.protocol.NotLeaderException: Server 55776132-47ae-4aef-91b7-92633cf48f43@group-CB890FE5B329 is not the leader b176f217-5116-4f29-ae6c-8c5fe7374010:192.168.5.184:36714, logIndex=0, commits[55776132-47ae-4aef-91b7-92633cf48f43:c4, c5a5e6b7-bb1e-4cfc-8262-1ca252faf540:c3, b176f217-5116-4f29-ae6c-8c5fe7374010:c4]
2019-09-16 17:01:02,469 [org.apache.ratis.server.impl.LogAppender$AppenderDaemon$$Lambda$508/1360433104@7cc27264] ERROR ratis.XceiverServerRatis (XceiverServerRatis.java:triggerPipelineClose(575)) - pipeline Action CLOSE  on pipeline PipelineID=543dff7a-402f-4975-a44c-cb890fe5b329.Reason : b176f217-5116-4f29-ae6c-8c5fe7374010 has not seen follower/s 55776132-47ae-4aef-91b7-92633cf48f43 for 143452ms c5a5e6b7-bb1e-4cfc-8262-1ca252faf540 for 143453ms
2019-09-16 17:01:02,469 [org.apache.ratis.server.impl.LogAppender$AppenderDaemon$$Lambda$508/1360433104@50c8520] ERROR ratis.XceiverServerRatis (XceiverServerRatis.java:triggerPipelineClose(575)) - pipeline Action CLOSE  on pipeline PipelineID=543dff7a-402f-4975-a44c-cb890fe5b329.Reason : b176f217-5116-4f29-ae6c-8c5fe7374010 has not seen follower/s 55776132-47ae-4aef-91b7-92633cf48f43 for 143452ms c5a5e6b7-bb1e-4cfc-8262-1ca252faf540 for 143453ms
2019-09-16 17:01:02,965 [java.util.concurrent.ThreadPoolExecutor$Worker@45f38be8[State = -1, empty queue]] WARN  server.GrpcLogAppender (GrpcLogAppender.java:timeoutAppendRequest(200)) - b176f217-5116-4f29-ae6c-8c5fe7374010@group-CB890FE5B329->55776132-47ae-4aef-91b7-92633cf48f43-GrpcLogAppender: appendEntries Timeout, request=b176f217-5116-4f29-ae6c-8c5fe7374010->55776132-47ae-4aef-91b7-92633cf48f43#140-t1, previous=(t:1, i:11), leaderCommit=4, initializing? false, entries: <empty>
2019-09-16 17:01:02,966 [java.util.concurrent.ThreadPoolExecutor$Worker@3bba45ce[State = -1, empty queue]] WARN  server.GrpcLogAppender (GrpcLogAppender.java:timeoutAppendRequest(200)) - b176f217-5116-4f29-ae6c-8c5fe7374010@group-CB890FE5B329->c5a5e6b7-bb1e-4cfc-8262-1ca252faf540-GrpcLogAppender: appendEntries Timeout, request=b176f217-5116-4f29-ae6c-8c5fe7374010->c5a5e6b7-bb1e-4cfc-8262-1ca252faf540#140-t1, previous=(t:1, i:11), leaderCommit=4, initializing? false, entries: <empty>
2019-09-16 17:01:03,465 [EventQueue-PipelineActionsForPipelineActionHandler] ERROR pipeline.PipelineActionHandler (PipelineActionHandler.java:onMessage(60)) - Received pipeline action CLOSE for Pipeline[ Id: 543dff7a-402f-4975-a44c-cb890fe5b329, Nodes: 55776132-47ae-4aef-91b7-92633cf48f43{ip: 192.168.5.184, host: pr-hdds-2022-qxstf-1422721469, networkLocation: /default-rack, certSerialId: null}b176f217-5116-4f29-ae6c-8c5fe7374010{ip: 192.168.5.184, host: pr-hdds-2022-qxstf-1422721469, networkLocation: /default-rack, certSerialId: null}c5a5e6b7-bb1e-4cfc-8262-1ca252faf540{ip: 192.168.5.184, host: pr-hdds-2022-qxstf-1422721469, networkLocation: /default-rack, certSerialId: null}, Type:RATIS, Factor:THREE, State:CLOSED] from datanode b176f217-5116-4f29-ae6c-8c5fe7374010{ip: 192.168.5.184, host: pr-hdds-2022-qxstf-1422721469, networkLocation: /default-rack, certSerialId: null}. Reason : b176f217-5116-4f29-ae6c-8c5fe7374010 has not seen follower/s 55776132-47ae-4aef-91b7-92633cf48f43 for 143452ms c5a5e6b7-bb1e-4cfc-8262-1ca252faf540 for 143453ms
2019-09-16 17:01:03,465 [EventQueue-PipelineActionsForPipelineActionHandler] INFO  pipeline.SCMPipelineManager (SCMPipelineManager.java:finalizeAndDestroyPipeline(311)) - destroying pipeline:Pipeline[ Id: 543dff7a-402f-4975-a44c-cb890fe5b329, Nodes: 55776132-47ae-4aef-91b7-92633cf48f43{ip: 192.168.5.184, host: pr-hdds-2022-qxstf-1422721469, networkLocation: /default-rack, certSerialId: null}b176f217-5116-4f29-ae6c-8c5fe7374010{ip: 192.168.5.184, host: pr-hdds-2022-qxstf-1422721469, networkLocation: /default-rack, certSerialId: null}c5a5e6b7-bb1e-4cfc-8262-1ca252faf540{ip: 192.168.5.184, host: pr-hdds-2022-qxstf-1422721469, networkLocation: /default-rack, certSerialId: null}, Type:RATIS, Factor:THREE, State:CLOSED]
2019-09-16 17:01:04,970 [org.apache.ratis.server.impl.LogAppender$AppenderDaemon$$Lambda$508/1360433104@50c8520] ERROR ratis.XceiverServerRatis (XceiverServerRatis.java:triggerPipelineClose(575)) - pipeline Action CLOSE  on pipeline PipelineID=543dff7a-402f-4975-a44c-cb890fe5b329.Reason : b176f217-5116-4f29-ae6c-8c5fe7374010 has not seen follower/s 55776132-47ae-4aef-91b7-92633cf48f43 for 145953ms c5a5e6b7-bb1e-4cfc-8262-1ca252faf540 for 145954ms
2019-09-16 17:01:04,970 [org.apache.ratis.server.impl.LogAppender$AppenderDaemon$$Lambda$508/1360433104@7cc27264] ERROR ratis.XceiverServerRatis (XceiverServerRatis.java:triggerPipelineClose(575)) - pipeline Action CLOSE  on pipeline PipelineID=543dff7a-402f-4975-a44c-cb890fe5b329.Reason : b176f217-5116-4f29-ae6c-8c5fe7374010 has not seen follower/s 55776132-47ae-4aef-91b7-92633cf48f43 for 145953ms c5a5e6b7-bb1e-4cfc-8262-1ca252faf540 for 145954ms
2019-09-16 17:01:05,463 [EventQueue-PipelineActionsForPipelineActionHandler] ERROR pipeline.PipelineActionHandler (PipelineActionHandler.java:onMessage(60)) - Received pipeline action CLOSE for Pipeline[ Id: 543dff7a-402f-4975-a44c-cb890fe5b329, Nodes: 55776132-47ae-4aef-91b7-92633cf48f43{ip: 192.168.5.184, host: pr-hdds-2022-qxstf-1422721469, networkLocation: /default-rack, certSerialId: null}b176f217-5116-4f29-ae6c-8c5fe7374010{ip: 192.168.5.184, host: pr-hdds-2022-qxstf-1422721469, networkLocation: /default-rack, certSerialId: null}c5a5e6b7-bb1e-4cfc-8262-1ca252faf540{ip: 192.168.5.184, host: pr-hdds-2022-qxstf-1422721469, networkLocation: /default-rack, certSerialId: null}, Type:RATIS, Factor:THREE, State:CLOSED] from datanode b176f217-5116-4f29-ae6c-8c5fe7374010{ip: 192.168.5.184, host: pr-hdds-2022-qxstf-1422721469, networkLocation: /default-rack, certSerialId: null}. Reason : b176f217-5116-4f29-ae6c-8c5fe7374010 has not seen follower/s 55776132-47ae-4aef-91b7-92633cf48f43 for 145953ms c5a5e6b7-bb1e-4cfc-8262-1ca252faf540 for 145954ms
2019-09-16 17:01:05,463 [EventQueue-PipelineActionsForPipelineActionHandler] INFO  pipeline.SCMPipelineManager (SCMPipelineManager.java:finalizeAndDestroyPipeline(311)) - destroying pipeline:Pipeline[ Id: 543dff7a-402f-4975-a44c-cb890fe5b329, Nodes: 55776132-47ae-4aef-91b7-92633cf48f43{ip: 192.168.5.184, host: pr-hdds-2022-qxstf-1422721469, networkLocation: /default-rack, certSerialId: null}b176f217-5116-4f29-ae6c-8c5fe7374010{ip: 192.168.5.184, host: pr-hdds-2022-qxstf-1422721469, networkLocation: /default-rack, certSerialId: null}c5a5e6b7-bb1e-4cfc-8262-1ca252faf540{ip: 192.168.5.184, host: pr-hdds-2022-qxstf-1422721469, networkLocation: /default-rack, certSerialId: null}, Type:RATIS, Factor:THREE, State:CLOSED]
2019-09-16 17:01:05,468 [java.util.concurrent.ThreadPoolExecutor$Worker@3bba45ce[State = -1, empty queue]] WARN  server.GrpcLogAppender (GrpcLogAppender.java:timeoutAppendRequest(200)) - b176f217-5116-4f29-ae6c-8c5fe7374010@group-CB890FE5B329->c5a5e6b7-bb1e-4cfc-8262-1ca252faf540-GrpcLogAppender: appendEntries Timeout, request=b176f217-5116-4f29-ae6c-8c5fe7374010->c5a5e6b7-bb1e-4cfc-8262-1ca252faf540#141-t1, previous=(t:1, i:11), leaderCommit=4, initializing? false, entries: <empty>
2019-09-16 17:01:05,468 [java.util.concurrent.ThreadPoolExecutor$Worker@45f38be8[State = -1, empty queue]] WARN  server.GrpcLogAppender (GrpcLogAppender.java:timeoutAppendRequest(200)) - b176f217-5116-4f29-ae6c-8c5fe7374010@group-CB890FE5B329->55776132-47ae-4aef-91b7-92633cf48f43-GrpcLogAppender: appendEntries Timeout, request=b176f217-5116-4f29-ae6c-8c5fe7374010->55776132-47ae-4aef-91b7-92633cf48f43#141-t1, previous=(t:1, i:11), leaderCommit=4, initializing? false, entries: <empty>
2019-09-16 17:01:05,520 [grpc-default-executor-7] INFO  client.GrpcClientProtocolClient (GrpcClientProtocolClient.java:onNext(264)) - client-D82C98E0250F->55776132-47ae-4aef-91b7-92633cf48f43: receive RaftClientReply:client-D82C98E0250F->55776132-47ae-4aef-91b7-92633cf48f43@group-CB890FE5B329, cid=143, FAILED org.apache.ratis.protocol.NotLeaderException: Server 55776132-47ae-4aef-91b7-92633cf48f43@group-CB890FE5B329 is not the leader b176f217-5116-4f29-ae6c-8c5fe7374010:192.168.5.184:36714, logIndex=0, commits[55776132-47ae-4aef-91b7-92633cf48f43:c4, c5a5e6b7-bb1e-4cfc-8262-1ca252faf540:c3, b176f217-5116-4f29-ae6c-8c5fe7374010:c4]
2019-09-16 17:01:07,469 [org.apache.ratis.server.impl.LogAppender$AppenderDaemon$$Lambda$508/1360433104@50c8520] ERROR ratis.XceiverServerRatis (XceiverServerRatis.java:triggerPipelineClose(575)) - pipeline Action CLOSE  on pipeline PipelineID=543dff7a-402f-4975-a44c-cb890fe5b329.Reason : b176f217-5116-4f29-ae6c-8c5fe7374010 has not seen follower/s 55776132-47ae-4aef-91b7-92633cf48f43 for 148453ms c5a5e6b7-bb1e-4cfc-8262-1ca252faf540 for 148454ms
2019-09-16 17:01:07,469 [org.apache.ratis.server.impl.LogAppender$AppenderDaemon$$Lambda$508/1360433104@7cc27264] ERROR ratis.XceiverServerRatis (XceiverServerRatis.java:triggerPipelineClose(575)) - pipeline Action CLOSE  on pipeline PipelineID=543dff7a-402f-4975-a44c-cb890fe5b329.Reason : b176f217-5116-4f29-ae6c-8c5fe7374010 has not seen follower/s 55776132-47ae-4aef-91b7-92633cf48f43 for 148453ms c5a5e6b7-bb1e-4cfc-8262-1ca252faf540 for 148454ms
2019-09-16 17:01:07,969 [java.util.concurrent.ThreadPoolExecutor$Worker@45f38be8[State = -1, empty queue]] WARN  server.GrpcLogAppender (GrpcLogAppender.java:timeoutAppendRequest(200)) - b176f217-5116-4f29-ae6c-8c5fe7374010@group-CB890FE5B329->55776132-47ae-4aef-91b7-92633cf48f43-GrpcLogAppender: appendEntries Timeout, request=b176f217-5116-4f29-ae6c-8c5fe7374010->55776132-47ae-4aef-91b7-92633cf48f43#142-t1, previous=(t:1, i:11), leaderCommit=4, initializing? false, entries: <empty>
2019-09-16 17:01:07,969 [java.util.concurrent.ThreadPoolExecutor$Worker@3bba45ce[State = -1, empty queue]] WARN  server.GrpcLogAppender (GrpcLogAppender.java:timeoutAppendRequest(200)) - b176f217-5116-4f29-ae6c-8c5fe7374010@group-CB890FE5B329->c5a5e6b7-bb1e-4cfc-8262-1ca252faf540-GrpcLogAppender: appendEntries Timeout, request=b176f217-5116-4f29-ae6c-8c5fe7374010->c5a5e6b7-bb1e-4cfc-8262-1ca252faf540#142-t1, previous=(t:1, i:11), leaderCommit=4, initializing? false, entries: <empty>
2019-09-16 17:01:08,464 [EventQueue-PipelineActionsForPipelineActionHandler] ERROR pipeline.PipelineActionHandler (PipelineActionHandler.java:onMessage(60)) - Received pipeline action CLOSE for Pipeline[ Id: 543dff7a-402f-4975-a44c-cb890fe5b329, Nodes: 55776132-47ae-4aef-91b7-92633cf48f43{ip: 192.168.5.184, host: pr-hdds-2022-qxstf-1422721469, networkLocation: /default-rack, certSerialId: null}b176f217-5116-4f29-ae6c-8c5fe7374010{ip: 192.168.5.184, host: pr-hdds-2022-qxstf-1422721469, networkLocation: /default-rack, certSerialId: null}c5a5e6b7-bb1e-4cfc-8262-1ca252faf540{ip: 192.168.5.184, host: pr-hdds-2022-qxstf-1422721469, networkLocation: /default-rack, certSerialId: null}, Type:RATIS, Factor:THREE, State:CLOSED] from datanode b176f217-5116-4f29-ae6c-8c5fe7374010{ip: 192.168.5.184, host: pr-hdds-2022-qxstf-1422721469, networkLocation: /default-rack, certSerialId: null}. Reason : b176f217-5116-4f29-ae6c-8c5fe7374010 has not seen follower/s 55776132-47ae-4aef-91b7-92633cf48f43 for 148453ms c5a5e6b7-bb1e-4cfc-8262-1ca252faf540 for 148454ms
2019-09-16 17:01:08,465 [EventQueue-PipelineActionsForPipelineActionHandler] INFO  pipeline.SCMPipelineManager (SCMPipelineManager.java:finalizeAndDestroyPipeline(311)) - destroying pipeline:Pipeline[ Id: 543dff7a-402f-4975-a44c-cb890fe5b329, Nodes: 55776132-47ae-4aef-91b7-92633cf48f43{ip: 192.168.5.184, host: pr-hdds-2022-qxstf-1422721469, networkLocation: /default-rack, certSerialId: null}b176f217-5116-4f29-ae6c-8c5fe7374010{ip: 192.168.5.184, host: pr-hdds-2022-qxstf-1422721469, networkLocation: /default-rack, certSerialId: null}c5a5e6b7-bb1e-4cfc-8262-1ca252faf540{ip: 192.168.5.184, host: pr-hdds-2022-qxstf-1422721469, networkLocation: /default-rack, certSerialId: null}, Type:RATIS, Factor:THREE, State:CLOSED]
2019-09-16 17:01:09,286 [b176f217-5116-4f29-ae6c-8c5fe7374010@group-CB890FE5B329-SegmentedRaftLogWorker] WARN  segmented.SegmentedRaftLogWorker (SegmentedRaftLogWorker.java:getFromFuture(90)) - Timeout 14/~
org.apache.ratis.protocol.TimeoutIOException: Timeout 10s: WriteLog:5: (t:1, i:5), STATEMACHINELOGENTRY, client-D82C98E0250F, cid=143-writeStateMachineData
	at org.apache.ratis.util.IOUtils.getFromFuture(IOUtils.java:87)
	at org.apache.ratis.server.raftlog.segmented.SegmentedRaftLogWorker$StateMachineDataPolicy.getFromFuture(SegmentedRaftLogWorker.java:87)
	at org.apache.ratis.server.raftlog.segmented.SegmentedRaftLogWorker$WriteLog.execute(SegmentedRaftLogWorker.java:477)
	at org.apache.ratis.server.raftlog.segmented.SegmentedRaftLogWorker.run(SegmentedRaftLogWorker.java:289)
	at java.lang.Thread.run(Thread.java:748)
Caused by: java.util.concurrent.TimeoutException
	at java.util.concurrent.CompletableFuture.timedGet(CompletableFuture.java:1771)
	at java.util.concurrent.CompletableFuture.get(CompletableFuture.java:1915)
	at org.apache.ratis.util.IOUtils.getFromFuture(IOUtils.java:79)
	... 4 more
2019-09-16 17:01:09,643 [c5a5e6b7-bb1e-4cfc-8262-1ca252faf540@group-CB890FE5B329-SegmentedRaftLogWorker] WARN  segmented.SegmentedRaftLogWorker (SegmentedRaftLogWorker.java:getFromFuture(90)) - Timeout 14/~
org.apache.ratis.protocol.TimeoutIOException: Timeout 10s: WriteLog:8: (t:1, i:8), STATEMACHINELOGENTRY, client-D82C98E0250F, cid=146-writeStateMachineData
	at org.apache.ratis.util.IOUtils.getFromFuture(IOUtils.java:87)
	at org.apache.ratis.server.raftlog.segmented.SegmentedRaftLogWorker$StateMachineDataPolicy.getFromFuture(SegmentedRaftLogWorker.java:87)
	at org.apache.ratis.server.raftlog.segmented.SegmentedRaftLogWorker$WriteLog.execute(SegmentedRaftLogWorker.java:477)
	at org.apache.ratis.server.raftlog.segmented.SegmentedRaftLogWorker.run(SegmentedRaftLogWorker.java:289)
	at java.lang.Thread.run(Thread.java:748)
Caused by: java.util.concurrent.TimeoutException
	at java.util.concurrent.CompletableFuture.timedGet(CompletableFuture.java:1771)
	at java.util.concurrent.CompletableFuture.get(CompletableFuture.java:1915)
	at org.apache.ratis.util.IOUtils.getFromFuture(IOUtils.java:79)
	... 4 more
2019-09-16 17:01:09,643 [55776132-47ae-4aef-91b7-92633cf48f43@group-CB890FE5B329-SegmentedRaftLogWorker] WARN  segmented.SegmentedRaftLogWorker (SegmentedRaftLogWorker.java:getFromFuture(90)) - Timeout 14/~
org.apache.ratis.protocol.TimeoutIOException: Timeout 10s: WriteLog:6: (t:1, i:6), STATEMACHINELOGENTRY, client-D82C98E0250F, cid=144-writeStateMachineData
	at org.apache.ratis.util.IOUtils.getFromFuture(IOUtils.java:87)
	at org.apache.ratis.server.raftlog.segmented.SegmentedRaftLogWorker$StateMachineDataPolicy.getFromFuture(SegmentedRaftLogWorker.java:87)
	at org.apache.ratis.server.raftlog.segmented.SegmentedRaftLogWorker$WriteLog.execute(SegmentedRaftLogWorker.java:477)
	at org.apache.ratis.server.raftlog.segmented.SegmentedRaftLogWorker.run(SegmentedRaftLogWorker.java:289)
	at java.lang.Thread.run(Thread.java:748)
Caused by: java.util.concurrent.TimeoutException
	at java.util.concurrent.CompletableFuture.timedGet(CompletableFuture.java:1771)
	at java.util.concurrent.CompletableFuture.get(CompletableFuture.java:1915)
	at org.apache.ratis.util.IOUtils.getFromFuture(IOUtils.java:79)
	... 4 more
2019-09-16 17:01:09,971 [org.apache.ratis.server.impl.LogAppender$AppenderDaemon$$Lambda$508/1360433104@7cc27264] ERROR ratis.XceiverServerRatis (XceiverServerRatis.java:triggerPipelineClose(575)) - pipeline Action CLOSE  on pipeline PipelineID=543dff7a-402f-4975-a44c-cb890fe5b329.Reason : b176f217-5116-4f29-ae6c-8c5fe7374010 has not seen follower/s 55776132-47ae-4aef-91b7-92633cf48f43 for 150954ms c5a5e6b7-bb1e-4cfc-8262-1ca252faf540 for 150955ms
2019-09-16 17:01:09,971 [org.apache.ratis.server.impl.LogAppender$AppenderDaemon$$Lambda$508/1360433104@50c8520] ERROR ratis.XceiverServerRatis (XceiverServerRatis.java:triggerPipelineClose(575)) - pipeline Action CLOSE  on pipeline PipelineID=543dff7a-402f-4975-a44c-cb890fe5b329.Reason : b176f217-5116-4f29-ae6c-8c5fe7374010 has not seen follower/s 55776132-47ae-4aef-91b7-92633cf48f43 for 150954ms c5a5e6b7-bb1e-4cfc-8262-1ca252faf540 for 150955ms
2019-09-16 17:01:10,463 [EventQueue-PipelineActionsForPipelineActionHandler] ERROR pipeline.PipelineActionHandler (PipelineActionHandler.java:onMessage(60)) - Received pipeline action CLOSE for Pipeline[ Id: 543dff7a-402f-4975-a44c-cb890fe5b329, Nodes: 55776132-47ae-4aef-91b7-92633cf48f43{ip: 192.168.5.184, host: pr-hdds-2022-qxstf-1422721469, networkLocation: /default-rack, certSerialId: null}b176f217-5116-4f29-ae6c-8c5fe7374010{ip: 192.168.5.184, host: pr-hdds-2022-qxstf-1422721469, networkLocation: /default-rack, certSerialId: null}c5a5e6b7-bb1e-4cfc-8262-1ca252faf540{ip: 192.168.5.184, host: pr-hdds-2022-qxstf-1422721469, networkLocation: /default-rack, certSerialId: null}, Type:RATIS, Factor:THREE, State:CLOSED] from datanode b176f217-5116-4f29-ae6c-8c5fe7374010{ip: 192.168.5.184, host: pr-hdds-2022-qxstf-1422721469, networkLocation: /default-rack, certSerialId: null}. Reason : b176f217-5116-4f29-ae6c-8c5fe7374010 has not seen follower/s 55776132-47ae-4aef-91b7-92633cf48f43 for 150954ms c5a5e6b7-bb1e-4cfc-8262-1ca252faf540 for 150955ms
2019-09-16 17:01:10,464 [EventQueue-PipelineActionsForPipelineActionHandler] INFO  pipeline.SCMPipelineManager (SCMPipelineManager.java:finalizeAndDestroyPipeline(311)) - destroying pipeline:Pipeline[ Id: 543dff7a-402f-4975-a44c-cb890fe5b329, Nodes: 55776132-47ae-4aef-91b7-92633cf48f43{ip: 192.168.5.184, host: pr-hdds-2022-qxstf-1422721469, networkLocation: /default-rack, certSerialId: null}b176f217-5116-4f29-ae6c-8c5fe7374010{ip: 192.168.5.184, host: pr-hdds-2022-qxstf-1422721469, networkLocation: /default-rack, certSerialId: null}c5a5e6b7-bb1e-4cfc-8262-1ca252faf540{ip: 192.168.5.184, host: pr-hdds-2022-qxstf-1422721469, networkLocation: /default-rack, certSerialId: null}, Type:RATIS, Factor:THREE, State:CLOSED]
2019-09-16 17:01:10,469 [java.util.concurrent.ThreadPoolExecutor$Worker@3bba45ce[State = -1, empty queue]] WARN  server.GrpcLogAppender (GrpcLogAppender.java:timeoutAppendRequest(200)) - b176f217-5116-4f29-ae6c-8c5fe7374010@group-CB890FE5B329->c5a5e6b7-bb1e-4cfc-8262-1ca252faf540-GrpcLogAppender: appendEntries Timeout, request=b176f217-5116-4f29-ae6c-8c5fe7374010->c5a5e6b7-bb1e-4cfc-8262-1ca252faf540#143-t1, previous=(t:1, i:11), leaderCommit=4, initializing? false, entries: <empty>
2019-09-16 17:01:10,469 [java.util.concurrent.ThreadPoolExecutor$Worker@45f38be8[State = -1, empty queue]] WARN  server.GrpcLogAppender (GrpcLogAppender.java:timeoutAppendRequest(200)) - b176f217-5116-4f29-ae6c-8c5fe7374010@group-CB890FE5B329->55776132-47ae-4aef-91b7-92633cf48f43-GrpcLogAppender: appendEntries Timeout, request=b176f217-5116-4f29-ae6c-8c5fe7374010->55776132-47ae-4aef-91b7-92633cf48f43#143-t1, previous=(t:1, i:11), leaderCommit=4, initializing? false, entries: <empty>
2019-09-16 17:01:10,565 [grpc-default-executor-7] INFO  client.GrpcClientProtocolClient (GrpcClientProtocolClient.java:onNext(264)) - client-D82C98E0250F->c5a5e6b7-bb1e-4cfc-8262-1ca252faf540: receive RaftClientReply:client-D82C98E0250F->c5a5e6b7-bb1e-4cfc-8262-1ca252faf540@group-CB890FE5B329, cid=143, FAILED org.apache.ratis.protocol.NotLeaderException: Server c5a5e6b7-bb1e-4cfc-8262-1ca252faf540@group-CB890FE5B329 is not the leader b176f217-5116-4f29-ae6c-8c5fe7374010:192.168.5.184:36714, logIndex=0, commits[c5a5e6b7-bb1e-4cfc-8262-1ca252faf540:c4, 55776132-47ae-4aef-91b7-92633cf48f43:c3, b176f217-5116-4f29-ae6c-8c5fe7374010:c4]
2019-09-16 17:01:12,472 [org.apache.ratis.server.impl.LogAppender$AppenderDaemon$$Lambda$508/1360433104@50c8520] ERROR ratis.XceiverServerRatis (XceiverServerRatis.java:triggerPipelineClose(575)) - pipeline Action CLOSE  on pipeline PipelineID=543dff7a-402f-4975-a44c-cb890fe5b329.Reason : b176f217-5116-4f29-ae6c-8c5fe7374010 has not seen follower/s 55776132-47ae-4aef-91b7-92633cf48f43 for 153455ms c5a5e6b7-bb1e-4cfc-8262-1ca252faf540 for 153456ms
2019-09-16 17:01:12,472 [org.apache.ratis.server.impl.LogAppender$AppenderDaemon$$Lambda$508/1360433104@7cc27264] ERROR ratis.XceiverServerRatis (XceiverServerRatis.java:triggerPipelineClose(575)) - pipeline Action CLOSE  on pipeline PipelineID=543dff7a-402f-4975-a44c-cb890fe5b329.Reason : b176f217-5116-4f29-ae6c-8c5fe7374010 has not seen follower/s 55776132-47ae-4aef-91b7-92633cf48f43 for 153455ms c5a5e6b7-bb1e-4cfc-8262-1ca252faf540 for 153456ms
2019-09-16 17:01:12,970 [java.util.concurrent.ThreadPoolExecutor$Worker@45f38be8[State = -1, empty queue]] WARN  server.GrpcLogAppender (GrpcLogAppender.java:timeoutAppendRequest(200)) - b176f217-5116-4f29-ae6c-8c5fe7374010@group-CB890FE5B329->55776132-47ae-4aef-91b7-92633cf48f43-GrpcLogAppender: appendEntries Timeout, request=b176f217-5116-4f29-ae6c-8c5fe7374010->55776132-47ae-4aef-91b7-92633cf48f43#144-t1, previous=(t:1, i:11), leaderCommit=4, initializing? false, entries: <empty>
2019-09-16 17:01:12,970 [java.util.concurrent.ThreadPoolExecutor$Worker@3bba45ce[State = -1, empty queue]] WARN  server.GrpcLogAppender (GrpcLogAppender.java:timeoutAppendRequest(200)) - b176f217-5116-4f29-ae6c-8c5fe7374010@group-CB890FE5B329->c5a5e6b7-bb1e-4cfc-8262-1ca252faf540-GrpcLogAppender: appendEntries Timeout, request=b176f217-5116-4f29-ae6c-8c5fe7374010->c5a5e6b7-bb1e-4cfc-8262-1ca252faf540#144-t1, previous=(t:1, i:11), leaderCommit=4, initializing? false, entries: <empty>
2019-09-16 17:01:13,465 [EventQueue-PipelineActionsForPipelineActionHandler] ERROR pipeline.PipelineActionHandler (PipelineActionHandler.java:onMessage(60)) - Received pipeline action CLOSE for Pipeline[ Id: 543dff7a-402f-4975-a44c-cb890fe5b329, Nodes: 55776132-47ae-4aef-91b7-92633cf48f43{ip: 192.168.5.184, host: pr-hdds-2022-qxstf-1422721469, networkLocation: /default-rack, certSerialId: null}b176f217-5116-4f29-ae6c-8c5fe7374010{ip: 192.168.5.184, host: pr-hdds-2022-qxstf-1422721469, networkLocation: /default-rack, certSerialId: null}c5a5e6b7-bb1e-4cfc-8262-1ca252faf540{ip: 192.168.5.184, host: pr-hdds-2022-qxstf-1422721469, networkLocation: /default-rack, certSerialId: null}, Type:RATIS, Factor:THREE, State:CLOSED] from datanode b176f217-5116-4f29-ae6c-8c5fe7374010{ip: 192.168.5.184, host: pr-hdds-2022-qxstf-1422721469, networkLocation: /default-rack, certSerialId: null}. Reason : b176f217-5116-4f29-ae6c-8c5fe7374010 has not seen follower/s 55776132-47ae-4aef-91b7-92633cf48f43 for 153455ms c5a5e6b7-bb1e-4cfc-8262-1ca252faf540 for 153456ms
2019-09-16 17:01:13,465 [EventQueue-PipelineActionsForPipelineActionHandler] INFO  pipeline.SCMPipelineManager (SCMPipelineManager.java:finalizeAndDestroyPipeline(311)) - destroying pipeline:Pipeline[ Id: 543dff7a-402f-4975-a44c-cb890fe5b329, Nodes: 55776132-47ae-4aef-91b7-92633cf48f43{ip: 192.168.5.184, host: pr-hdds-2022-qxstf-1422721469, networkLocation: /default-rack, certSerialId: null}b176f217-5116-4f29-ae6c-8c5fe7374010{ip: 192.168.5.184, host: pr-hdds-2022-qxstf-1422721469, networkLocation: /default-rack, certSerialId: null}c5a5e6b7-bb1e-4cfc-8262-1ca252faf540{ip: 192.168.5.184, host: pr-hdds-2022-qxstf-1422721469, networkLocation: /default-rack, certSerialId: null}, Type:RATIS, Factor:THREE, State:CLOSED]
2019-09-16 17:01:14,973 [org.apache.ratis.server.impl.LogAppender$AppenderDaemon$$Lambda$508/1360433104@7cc27264] ERROR ratis.XceiverServerRatis (XceiverServerRatis.java:triggerPipelineClose(575)) - pipeline Action CLOSE  on pipeline PipelineID=543dff7a-402f-4975-a44c-cb890fe5b329.Reason : b176f217-5116-4f29-ae6c-8c5fe7374010 has not seen follower/s 55776132-47ae-4aef-91b7-92633cf48f43 for 155956ms c5a5e6b7-bb1e-4cfc-8262-1ca252faf540 for 155957ms
2019-09-16 17:01:14,973 [org.apache.ratis.server.impl.LogAppender$AppenderDaemon$$Lambda$508/1360433104@50c8520] ERROR ratis.XceiverServerRatis (XceiverServerRatis.java:triggerPipelineClose(575)) - pipeline Action CLOSE  on pipeline PipelineID=543dff7a-402f-4975-a44c-cb890fe5b329.Reason : b176f217-5116-4f29-ae6c-8c5fe7374010 has not seen follower/s 55776132-47ae-4aef-91b7-92633cf48f43 for 155956ms c5a5e6b7-bb1e-4cfc-8262-1ca252faf540 for 155957ms
2019-09-16 17:01:15,465 [EventQueue-PipelineActionsForPipelineActionHandler] ERROR pipeline.PipelineActionHandler (PipelineActionHandler.java:onMessage(60)) - Received pipeline action CLOSE for Pipeline[ Id: 543dff7a-402f-4975-a44c-cb890fe5b329, Nodes: 55776132-47ae-4aef-91b7-92633cf48f43{ip: 192.168.5.184, host: pr-hdds-2022-qxstf-1422721469, networkLocation: /default-rack, certSerialId: null}b176f217-5116-4f29-ae6c-8c5fe7374010{ip: 192.168.5.184, host: pr-hdds-2022-qxstf-1422721469, networkLocation: /default-rack, certSerialId: null}c5a5e6b7-bb1e-4cfc-8262-1ca252faf540{ip: 192.168.5.184, host: pr-hdds-2022-qxstf-1422721469, networkLocation: /default-rack, certSerialId: null}, Type:RATIS, Factor:THREE, State:CLOSED] from datanode b176f217-5116-4f29-ae6c-8c5fe7374010{ip: 192.168.5.184, host: pr-hdds-2022-qxstf-1422721469, networkLocation: /default-rack, certSerialId: null}. Reason : b176f217-5116-4f29-ae6c-8c5fe7374010 has not seen follower/s 55776132-47ae-4aef-91b7-92633cf48f43 for 155956ms c5a5e6b7-bb1e-4cfc-8262-1ca252faf540 for 155957ms
2019-09-16 17:01:15,465 [EventQueue-PipelineActionsForPipelineActionHandler] INFO  pipeline.SCMPipelineManager (SCMPipelineManager.java:finalizeAndDestroyPipeline(311)) - destroying pipeline:Pipeline[ Id: 543dff7a-402f-4975-a44c-cb890fe5b329, Nodes: 55776132-47ae-4aef-91b7-92633cf48f43{ip: 192.168.5.184, host: pr-hdds-2022-qxstf-1422721469, networkLocation: /default-rack, certSerialId: null}b176f217-5116-4f29-ae6c-8c5fe7374010{ip: 192.168.5.184, host: pr-hdds-2022-qxstf-1422721469, networkLocation: /default-rack, certSerialId: null}c5a5e6b7-bb1e-4cfc-8262-1ca252faf540{ip: 192.168.5.184, host: pr-hdds-2022-qxstf-1422721469, networkLocation: /default-rack, certSerialId: null}, Type:RATIS, Factor:THREE, State:CLOSED]
2019-09-16 17:01:15,472 [java.util.concurrent.ThreadPoolExecutor$Worker@3bba45ce[State = -1, empty queue]] WARN  server.GrpcLogAppender (GrpcLogAppender.java:timeoutAppendRequest(200)) - b176f217-5116-4f29-ae6c-8c5fe7374010@group-CB890FE5B329->c5a5e6b7-bb1e-4cfc-8262-1ca252faf540-GrpcLogAppender: appendEntries Timeout, request=b176f217-5116-4f29-ae6c-8c5fe7374010->c5a5e6b7-bb1e-4cfc-8262-1ca252faf540#145-t1, previous=(t:1, i:11), leaderCommit=4, initializing? false, entries: <empty>
2019-09-16 17:01:15,472 [java.util.concurrent.ThreadPoolExecutor$Worker@45f38be8[State = -1, empty queue]] WARN  server.GrpcLogAppender (GrpcLogAppender.java:timeoutAppendRequest(200)) - b176f217-5116-4f29-ae6c-8c5fe7374010@group-CB890FE5B329->55776132-47ae-4aef-91b7-92633cf48f43-GrpcLogAppender: appendEntries Timeout, request=b176f217-5116-4f29-ae6c-8c5fe7374010->55776132-47ae-4aef-91b7-92633cf48f43#145-t1, previous=(t:1, i:11), leaderCommit=4, initializing? false, entries: <empty>
2019-09-16 17:01:15,624 [grpc-default-executor-7] INFO  client.GrpcClientProtocolClient (GrpcClientProtocolClient.java:onNext(264)) - client-D82C98E0250F->55776132-47ae-4aef-91b7-92633cf48f43: receive RaftClientReply:client-D82C98E0250F->55776132-47ae-4aef-91b7-92633cf48f43@group-CB890FE5B329, cid=143, FAILED org.apache.ratis.protocol.NotLeaderException: Server 55776132-47ae-4aef-91b7-92633cf48f43@group-CB890FE5B329 is not the leader b176f217-5116-4f29-ae6c-8c5fe7374010:192.168.5.184:36714, logIndex=0, commits[55776132-47ae-4aef-91b7-92633cf48f43:c4, c5a5e6b7-bb1e-4cfc-8262-1ca252faf540:c3, b176f217-5116-4f29-ae6c-8c5fe7374010:c4]
2019-09-16 17:01:17,475 [org.apache.ratis.server.impl.LogAppender$AppenderDaemon$$Lambda$508/1360433104@50c8520] ERROR ratis.XceiverServerRatis (XceiverServerRatis.java:triggerPipelineClose(575)) - pipeline Action CLOSE  on pipeline PipelineID=543dff7a-402f-4975-a44c-cb890fe5b329.Reason : b176f217-5116-4f29-ae6c-8c5fe7374010 has not seen follower/s 55776132-47ae-4aef-91b7-92633cf48f43 for 158458ms c5a5e6b7-bb1e-4cfc-8262-1ca252faf540 for 158458ms
2019-09-16 17:01:17,475 [org.apache.ratis.server.impl.LogAppender$AppenderDaemon$$Lambda$508/1360433104@7cc27264] ERROR ratis.XceiverServerRatis (XceiverServerRatis.java:triggerPipelineClose(575)) - pipeline Action CLOSE  on pipeline PipelineID=543dff7a-402f-4975-a44c-cb890fe5b329.Reason : b176f217-5116-4f29-ae6c-8c5fe7374010 has not seen follower/s 55776132-47ae-4aef-91b7-92633cf48f43 for 158458ms c5a5e6b7-bb1e-4cfc-8262-1ca252faf540 for 158458ms
2019-09-16 17:01:17,972 [java.util.concurrent.ThreadPoolExecutor$Worker@45f38be8[State = -1, empty queue]] WARN  server.GrpcLogAppender (GrpcLogAppender.java:timeoutAppendRequest(200)) - b176f217-5116-4f29-ae6c-8c5fe7374010@group-CB890FE5B329->55776132-47ae-4aef-91b7-92633cf48f43-GrpcLogAppender: appendEntries Timeout, request=b176f217-5116-4f29-ae6c-8c5fe7374010->55776132-47ae-4aef-91b7-92633cf48f43#146-t1, previous=(t:1, i:11), leaderCommit=4, initializing? false, entries: <empty>
2019-09-16 17:01:17,972 [java.util.concurrent.ThreadPoolExecutor$Worker@3bba45ce[State = -1, empty queue]] WARN  server.GrpcLogAppender (GrpcLogAppender.java:timeoutAppendRequest(200)) - b176f217-5116-4f29-ae6c-8c5fe7374010@group-CB890FE5B329->c5a5e6b7-bb1e-4cfc-8262-1ca252faf540-GrpcLogAppender: appendEntries Timeout, request=b176f217-5116-4f29-ae6c-8c5fe7374010->c5a5e6b7-bb1e-4cfc-8262-1ca252faf540#146-t1, previous=(t:1, i:11), leaderCommit=4, initializing? false, entries: <empty>
2019-09-16 17:01:18,465 [EventQueue-PipelineActionsForPipelineActionHandler] ERROR pipeline.PipelineActionHandler (PipelineActionHandler.java:onMessage(60)) - Received pipeline action CLOSE for Pipeline[ Id: 543dff7a-402f-4975-a44c-cb890fe5b329, Nodes: 55776132-47ae-4aef-91b7-92633cf48f43{ip: 192.168.5.184, host: pr-hdds-2022-qxstf-1422721469, networkLocation: /default-rack, certSerialId: null}b176f217-5116-4f29-ae6c-8c5fe7374010{ip: 192.168.5.184, host: pr-hdds-2022-qxstf-1422721469, networkLocation: /default-rack, certSerialId: null}c5a5e6b7-bb1e-4cfc-8262-1ca252faf540{ip: 192.168.5.184, host: pr-hdds-2022-qxstf-1422721469, networkLocation: /default-rack, certSerialId: null}, Type:RATIS, Factor:THREE, State:CLOSED] from datanode b176f217-5116-4f29-ae6c-8c5fe7374010{ip: 192.168.5.184, host: pr-hdds-2022-qxstf-1422721469, networkLocation: /default-rack, certSerialId: null}. Reason : b176f217-5116-4f29-ae6c-8c5fe7374010 has not seen follower/s 55776132-47ae-4aef-91b7-92633cf48f43 for 158458ms c5a5e6b7-bb1e-4cfc-8262-1ca252faf540 for 158458ms
2019-09-16 17:01:18,465 [EventQueue-PipelineActionsForPipelineActionHandler] INFO  pipeline.SCMPipelineManager (SCMPipelineManager.java:finalizeAndDestroyPipeline(311)) - destroying pipeline:Pipeline[ Id: 543dff7a-402f-4975-a44c-cb890fe5b329, Nodes: 55776132-47ae-4aef-91b7-92633cf48f43{ip: 192.168.5.184, host: pr-hdds-2022-qxstf-1422721469, networkLocation: /default-rack, certSerialId: null}b176f217-5116-4f29-ae6c-8c5fe7374010{ip: 192.168.5.184, host: pr-hdds-2022-qxstf-1422721469, networkLocation: /default-rack, certSerialId: null}c5a5e6b7-bb1e-4cfc-8262-1ca252faf540{ip: 192.168.5.184, host: pr-hdds-2022-qxstf-1422721469, networkLocation: /default-rack, certSerialId: null}, Type:RATIS, Factor:THREE, State:CLOSED]
2019-09-16 17:01:19,288 [b176f217-5116-4f29-ae6c-8c5fe7374010@group-CB890FE5B329-SegmentedRaftLogWorker] WARN  segmented.SegmentedRaftLogWorker (SegmentedRaftLogWorker.java:getFromFuture(90)) - Timeout 15/~
org.apache.ratis.protocol.TimeoutIOException: Timeout 10s: WriteLog:5: (t:1, i:5), STATEMACHINELOGENTRY, client-D82C98E0250F, cid=143-writeStateMachineData
	at org.apache.ratis.util.IOUtils.getFromFuture(IOUtils.java:87)
	at org.apache.ratis.server.raftlog.segmented.SegmentedRaftLogWorker$StateMachineDataPolicy.getFromFuture(SegmentedRaftLogWorker.java:87)
	at org.apache.ratis.server.raftlog.segmented.SegmentedRaftLogWorker$WriteLog.execute(SegmentedRaftLogWorker.java:477)
	at org.apache.ratis.server.raftlog.segmented.SegmentedRaftLogWorker.run(SegmentedRaftLogWorker.java:289)
	at java.lang.Thread.run(Thread.java:748)
Caused by: java.util.concurrent.TimeoutException
	at java.util.concurrent.CompletableFuture.timedGet(CompletableFuture.java:1771)
	at java.util.concurrent.CompletableFuture.get(CompletableFuture.java:1915)
	at org.apache.ratis.util.IOUtils.getFromFuture(IOUtils.java:79)
	... 4 more
2019-09-16 17:01:19,643 [c5a5e6b7-bb1e-4cfc-8262-1ca252faf540@group-CB890FE5B329-SegmentedRaftLogWorker] WARN  segmented.SegmentedRaftLogWorker (SegmentedRaftLogWorker.java:getFromFuture(90)) - Timeout 15/~
org.apache.ratis.protocol.TimeoutIOException: Timeout 10s: WriteLog:8: (t:1, i:8), STATEMACHINELOGENTRY, client-D82C98E0250F, cid=146-writeStateMachineData
	at org.apache.ratis.util.IOUtils.getFromFuture(IOUtils.java:87)
	at org.apache.ratis.server.raftlog.segmented.SegmentedRaftLogWorker$StateMachineDataPolicy.getFromFuture(SegmentedRaftLogWorker.java:87)
	at org.apache.ratis.server.raftlog.segmented.SegmentedRaftLogWorker$WriteLog.execute(SegmentedRaftLogWorker.java:477)
	at org.apache.ratis.server.raftlog.segmented.SegmentedRaftLogWorker.run(SegmentedRaftLogWorker.java:289)
	at java.lang.Thread.run(Thread.java:748)
Caused by: java.util.concurrent.TimeoutException
	at java.util.concurrent.CompletableFuture.timedGet(CompletableFuture.java:1771)
	at java.util.concurrent.CompletableFuture.get(CompletableFuture.java:1915)
	at org.apache.ratis.util.IOUtils.getFromFuture(IOUtils.java:79)
	... 4 more
2019-09-16 17:01:19,671 [55776132-47ae-4aef-91b7-92633cf48f43@group-CB890FE5B329-SegmentedRaftLogWorker] WARN  segmented.SegmentedRaftLogWorker (SegmentedRaftLogWorker.java:getFromFuture(90)) - Timeout 15/~
org.apache.ratis.protocol.TimeoutIOException: Timeout 10s: WriteLog:6: (t:1, i:6), STATEMACHINELOGENTRY, client-D82C98E0250F, cid=144-writeStateMachineData
	at org.apache.ratis.util.IOUtils.getFromFuture(IOUtils.java:87)
	at org.apache.ratis.server.raftlog.segmented.SegmentedRaftLogWorker$StateMachineDataPolicy.getFromFuture(SegmentedRaftLogWorker.java:87)
	at org.apache.ratis.server.raftlog.segmented.SegmentedRaftLogWorker$WriteLog.execute(SegmentedRaftLogWorker.java:477)
	at org.apache.ratis.server.raftlog.segmented.SegmentedRaftLogWorker.run(SegmentedRaftLogWorker.java:289)
	at java.lang.Thread.run(Thread.java:748)
Caused by: java.util.concurrent.TimeoutException
	at java.util.concurrent.CompletableFuture.timedGet(CompletableFuture.java:1771)
	at java.util.concurrent.CompletableFuture.get(CompletableFuture.java:1915)
	at org.apache.ratis.util.IOUtils.getFromFuture(IOUtils.java:79)
	... 4 more
2019-09-16 17:01:19,975 [org.apache.ratis.server.impl.LogAppender$AppenderDaemon$$Lambda$508/1360433104@50c8520] ERROR ratis.XceiverServerRatis (XceiverServerRatis.java:triggerPipelineClose(575)) - pipeline Action CLOSE  on pipeline PipelineID=543dff7a-402f-4975-a44c-cb890fe5b329.Reason : b176f217-5116-4f29-ae6c-8c5fe7374010 has not seen follower/s 55776132-47ae-4aef-91b7-92633cf48f43 for 160959ms c5a5e6b7-bb1e-4cfc-8262-1ca252faf540 for 160959ms
2019-09-16 17:01:19,975 [org.apache.ratis.server.impl.LogAppender$AppenderDaemon$$Lambda$508/1360433104@7cc27264] ERROR ratis.XceiverServerRatis (XceiverServerRatis.java:triggerPipelineClose(575)) - pipeline Action CLOSE  on pipeline PipelineID=543dff7a-402f-4975-a44c-cb890fe5b329.Reason : b176f217-5116-4f29-ae6c-8c5fe7374010 has not seen follower/s 55776132-47ae-4aef-91b7-92633cf48f43 for 160959ms c5a5e6b7-bb1e-4cfc-8262-1ca252faf540 for 160959ms
2019-09-16 17:01:20,466 [EventQueue-PipelineActionsForPipelineActionHandler] ERROR pipeline.PipelineActionHandler (PipelineActionHandler.java:onMessage(60)) - Received pipeline action CLOSE for Pipeline[ Id: 543dff7a-402f-4975-a44c-cb890fe5b329, Nodes: 55776132-47ae-4aef-91b7-92633cf48f43{ip: 192.168.5.184, host: pr-hdds-2022-qxstf-1422721469, networkLocation: /default-rack, certSerialId: null}b176f217-5116-4f29-ae6c-8c5fe7374010{ip: 192.168.5.184, host: pr-hdds-2022-qxstf-1422721469, networkLocation: /default-rack, certSerialId: null}c5a5e6b7-bb1e-4cfc-8262-1ca252faf540{ip: 192.168.5.184, host: pr-hdds-2022-qxstf-1422721469, networkLocation: /default-rack, certSerialId: null}, Type:RATIS, Factor:THREE, State:CLOSED] from datanode b176f217-5116-4f29-ae6c-8c5fe7374010{ip: 192.168.5.184, host: pr-hdds-2022-qxstf-1422721469, networkLocation: /default-rack, certSerialId: null}. Reason : b176f217-5116-4f29-ae6c-8c5fe7374010 has not seen follower/s 55776132-47ae-4aef-91b7-92633cf48f43 for 160959ms c5a5e6b7-bb1e-4cfc-8262-1ca252faf540 for 160959ms
2019-09-16 17:01:20,466 [EventQueue-PipelineActionsForPipelineActionHandler] INFO  pipeline.SCMPipelineManager (SCMPipelineManager.java:finalizeAndDestroyPipeline(311)) - destroying pipeline:Pipeline[ Id: 543dff7a-402f-4975-a44c-cb890fe5b329, Nodes: 55776132-47ae-4aef-91b7-92633cf48f43{ip: 192.168.5.184, host: pr-hdds-2022-qxstf-1422721469, networkLocation: /default-rack, certSerialId: null}b176f217-5116-4f29-ae6c-8c5fe7374010{ip: 192.168.5.184, host: pr-hdds-2022-qxstf-1422721469, networkLocation: /default-rack, certSerialId: null}c5a5e6b7-bb1e-4cfc-8262-1ca252faf540{ip: 192.168.5.184, host: pr-hdds-2022-qxstf-1422721469, networkLocation: /default-rack, certSerialId: null}, Type:RATIS, Factor:THREE, State:CLOSED]
2019-09-16 17:01:20,474 [java.util.concurrent.ThreadPoolExecutor$Worker@45f38be8[State = -1, empty queue]] WARN  server.GrpcLogAppender (GrpcLogAppender.java:timeoutAppendRequest(200)) - b176f217-5116-4f29-ae6c-8c5fe7374010@group-CB890FE5B329->55776132-47ae-4aef-91b7-92633cf48f43-GrpcLogAppender: appendEntries Timeout, request=b176f217-5116-4f29-ae6c-8c5fe7374010->55776132-47ae-4aef-91b7-92633cf48f43#147-t1, previous=(t:1, i:11), leaderCommit=4, initializing? false, entries: <empty>
2019-09-16 17:01:20,474 [java.util.concurrent.ThreadPoolExecutor$Worker@3bba45ce[State = -1, empty queue]] WARN  server.GrpcLogAppender (GrpcLogAppender.java:timeoutAppendRequest(200)) - b176f217-5116-4f29-ae6c-8c5fe7374010@group-CB890FE5B329->c5a5e6b7-bb1e-4cfc-8262-1ca252faf540-GrpcLogAppender: appendEntries Timeout, request=b176f217-5116-4f29-ae6c-8c5fe7374010->c5a5e6b7-bb1e-4cfc-8262-1ca252faf540#147-t1, previous=(t:1, i:11), leaderCommit=4, initializing? false, entries: <empty>
2019-09-16 17:01:20,702 [grpc-default-executor-7] INFO  client.GrpcClientProtocolClient (GrpcClientProtocolClient.java:onNext(264)) - client-D82C98E0250F->c5a5e6b7-bb1e-4cfc-8262-1ca252faf540: receive RaftClientReply:client-D82C98E0250F->c5a5e6b7-bb1e-4cfc-8262-1ca252faf540@group-CB890FE5B329, cid=143, FAILED org.apache.ratis.protocol.NotLeaderException: Server c5a5e6b7-bb1e-4cfc-8262-1ca252faf540@group-CB890FE5B329 is not the leader b176f217-5116-4f29-ae6c-8c5fe7374010:192.168.5.184:36714, logIndex=0, commits[c5a5e6b7-bb1e-4cfc-8262-1ca252faf540:c4, 55776132-47ae-4aef-91b7-92633cf48f43:c3, b176f217-5116-4f29-ae6c-8c5fe7374010:c4]
2019-09-16 17:01:22,477 [org.apache.ratis.server.impl.LogAppender$AppenderDaemon$$Lambda$508/1360433104@50c8520] ERROR ratis.XceiverServerRatis (XceiverServerRatis.java:triggerPipelineClose(575)) - pipeline Action CLOSE  on pipeline PipelineID=543dff7a-402f-4975-a44c-cb890fe5b329.Reason : b176f217-5116-4f29-ae6c-8c5fe7374010 has not seen follower/s 55776132-47ae-4aef-91b7-92633cf48f43 for 163460ms c5a5e6b7-bb1e-4cfc-8262-1ca252faf540 for 163461ms
2019-09-16 17:01:22,477 [org.apache.ratis.server.impl.LogAppender$AppenderDaemon$$Lambda$508/1360433104@7cc27264] ERROR ratis.XceiverServerRatis (XceiverServerRatis.java:triggerPipelineClose(575)) - pipeline Action CLOSE  on pipeline PipelineID=543dff7a-402f-4975-a44c-cb890fe5b329.Reason : b176f217-5116-4f29-ae6c-8c5fe7374010 has not seen follower/s 55776132-47ae-4aef-91b7-92633cf48f43 for 163460ms c5a5e6b7-bb1e-4cfc-8262-1ca252faf540 for 163461ms
2019-09-16 17:01:22,975 [java.util.concurrent.ThreadPoolExecutor$Worker@45f38be8[State = -1, empty queue]] WARN  server.GrpcLogAppender (GrpcLogAppender.java:timeoutAppendRequest(200)) - b176f217-5116-4f29-ae6c-8c5fe7374010@group-CB890FE5B329->55776132-47ae-4aef-91b7-92633cf48f43-GrpcLogAppender: appendEntries Timeout, request=b176f217-5116-4f29-ae6c-8c5fe7374010->55776132-47ae-4aef-91b7-92633cf48f43#148-t1, previous=(t:1, i:11), leaderCommit=4, initializing? false, entries: <empty>
2019-09-16 17:01:22,975 [java.util.concurrent.ThreadPoolExecutor$Worker@3bba45ce[State = -1, empty queue]] WARN  server.GrpcLogAppender (GrpcLogAppender.java:timeoutAppendRequest(200)) - b176f217-5116-4f29-ae6c-8c5fe7374010@group-CB890FE5B329->c5a5e6b7-bb1e-4cfc-8262-1ca252faf540-GrpcLogAppender: appendEntries Timeout, request=b176f217-5116-4f29-ae6c-8c5fe7374010->c5a5e6b7-bb1e-4cfc-8262-1ca252faf540#148-t1, previous=(t:1, i:11), leaderCommit=4, initializing? false, entries: <empty>
2019-09-16 17:01:23,467 [EventQueue-PipelineActionsForPipelineActionHandler] ERROR pipeline.PipelineActionHandler (PipelineActionHandler.java:onMessage(60)) - Received pipeline action CLOSE for Pipeline[ Id: 543dff7a-402f-4975-a44c-cb890fe5b329, Nodes: 55776132-47ae-4aef-91b7-92633cf48f43{ip: 192.168.5.184, host: pr-hdds-2022-qxstf-1422721469, networkLocation: /default-rack, certSerialId: null}b176f217-5116-4f29-ae6c-8c5fe7374010{ip: 192.168.5.184, host: pr-hdds-2022-qxstf-1422721469, networkLocation: /default-rack, certSerialId: null}c5a5e6b7-bb1e-4cfc-8262-1ca252faf540{ip: 192.168.5.184, host: pr-hdds-2022-qxstf-1422721469, networkLocation: /default-rack, certSerialId: null}, Type:RATIS, Factor:THREE, State:CLOSED] from datanode b176f217-5116-4f29-ae6c-8c5fe7374010{ip: 192.168.5.184, host: pr-hdds-2022-qxstf-1422721469, networkLocation: /default-rack, certSerialId: null}. Reason : b176f217-5116-4f29-ae6c-8c5fe7374010 has not seen follower/s 55776132-47ae-4aef-91b7-92633cf48f43 for 163460ms c5a5e6b7-bb1e-4cfc-8262-1ca252faf540 for 163461ms
2019-09-16 17:01:23,467 [EventQueue-PipelineActionsForPipelineActionHandler] INFO  pipeline.SCMPipelineManager (SCMPipelineManager.java:finalizeAndDestroyPipeline(311)) - destroying pipeline:Pipeline[ Id: 543dff7a-402f-4975-a44c-cb890fe5b329, Nodes: 55776132-47ae-4aef-91b7-92633cf48f43{ip: 192.168.5.184, host: pr-hdds-2022-qxstf-1422721469, networkLocation: /default-rack, certSerialId: null}b176f217-5116-4f29-ae6c-8c5fe7374010{ip: 192.168.5.184, host: pr-hdds-2022-qxstf-1422721469, networkLocation: /default-rack, certSerialId: null}c5a5e6b7-bb1e-4cfc-8262-1ca252faf540{ip: 192.168.5.184, host: pr-hdds-2022-qxstf-1422721469, networkLocation: /default-rack, certSerialId: null}, Type:RATIS, Factor:THREE, State:CLOSED]
2019-09-16 17:01:24,978 [org.apache.ratis.server.impl.LogAppender$AppenderDaemon$$Lambda$508/1360433104@7cc27264] ERROR ratis.XceiverServerRatis (XceiverServerRatis.java:triggerPipelineClose(575)) - pipeline Action CLOSE  on pipeline PipelineID=543dff7a-402f-4975-a44c-cb890fe5b329.Reason : b176f217-5116-4f29-ae6c-8c5fe7374010 has not seen follower/s 55776132-47ae-4aef-91b7-92633cf48f43 for 165961ms c5a5e6b7-bb1e-4cfc-8262-1ca252faf540 for 165962ms
2019-09-16 17:01:24,978 [org.apache.ratis.server.impl.LogAppender$AppenderDaemon$$Lambda$508/1360433104@50c8520] ERROR ratis.XceiverServerRatis (XceiverServerRatis.java:triggerPipelineClose(575)) - pipeline Action CLOSE  on pipeline PipelineID=543dff7a-402f-4975-a44c-cb890fe5b329.Reason : b176f217-5116-4f29-ae6c-8c5fe7374010 has not seen follower/s 55776132-47ae-4aef-91b7-92633cf48f43 for 165961ms c5a5e6b7-bb1e-4cfc-8262-1ca252faf540 for 165962ms
2019-09-16 17:01:25,467 [EventQueue-PipelineActionsForPipelineActionHandler] ERROR pipeline.PipelineActionHandler (PipelineActionHandler.java:onMessage(60)) - Received pipeline action CLOSE for Pipeline[ Id: 543dff7a-402f-4975-a44c-cb890fe5b329, Nodes: 55776132-47ae-4aef-91b7-92633cf48f43{ip: 192.168.5.184, host: pr-hdds-2022-qxstf-1422721469, networkLocation: /default-rack, certSerialId: null}b176f217-5116-4f29-ae6c-8c5fe7374010{ip: 192.168.5.184, host: pr-hdds-2022-qxstf-1422721469, networkLocation: /default-rack, certSerialId: null}c5a5e6b7-bb1e-4cfc-8262-1ca252faf540{ip: 192.168.5.184, host: pr-hdds-2022-qxstf-1422721469, networkLocation: /default-rack, certSerialId: null}, Type:RATIS, Factor:THREE, State:CLOSED] from datanode b176f217-5116-4f29-ae6c-8c5fe7374010{ip: 192.168.5.184, host: pr-hdds-2022-qxstf-1422721469, networkLocation: /default-rack, certSerialId: null}. Reason : b176f217-5116-4f29-ae6c-8c5fe7374010 has not seen follower/s 55776132-47ae-4aef-91b7-92633cf48f43 for 165961ms c5a5e6b7-bb1e-4cfc-8262-1ca252faf540 for 165962ms
2019-09-16 17:01:25,467 [EventQueue-PipelineActionsForPipelineActionHandler] INFO  pipeline.SCMPipelineManager (SCMPipelineManager.java:finalizeAndDestroyPipeline(311)) - destroying pipeline:Pipeline[ Id: 543dff7a-402f-4975-a44c-cb890fe5b329, Nodes: 55776132-47ae-4aef-91b7-92633cf48f43{ip: 192.168.5.184, host: pr-hdds-2022-qxstf-1422721469, networkLocation: /default-rack, certSerialId: null}b176f217-5116-4f29-ae6c-8c5fe7374010{ip: 192.168.5.184, host: pr-hdds-2022-qxstf-1422721469, networkLocation: /default-rack, certSerialId: null}c5a5e6b7-bb1e-4cfc-8262-1ca252faf540{ip: 192.168.5.184, host: pr-hdds-2022-qxstf-1422721469, networkLocation: /default-rack, certSerialId: null}, Type:RATIS, Factor:THREE, State:CLOSED]
2019-09-16 17:01:25,476 [java.util.concurrent.ThreadPoolExecutor$Worker@3bba45ce[State = -1, empty queue]] WARN  server.GrpcLogAppender (GrpcLogAppender.java:timeoutAppendRequest(200)) - b176f217-5116-4f29-ae6c-8c5fe7374010@group-CB890FE5B329->c5a5e6b7-bb1e-4cfc-8262-1ca252faf540-GrpcLogAppender: appendEntries Timeout, request=b176f217-5116-4f29-ae6c-8c5fe7374010->c5a5e6b7-bb1e-4cfc-8262-1ca252faf540#149-t1, previous=(t:1, i:11), leaderCommit=4, initializing? false, entries: <empty>
2019-09-16 17:01:25,476 [java.util.concurrent.ThreadPoolExecutor$Worker@45f38be8[State = -1, empty queue]] WARN  server.GrpcLogAppender (GrpcLogAppender.java:timeoutAppendRequest(200)) - b176f217-5116-4f29-ae6c-8c5fe7374010@group-CB890FE5B329->55776132-47ae-4aef-91b7-92633cf48f43-GrpcLogAppender: appendEntries Timeout, request=b176f217-5116-4f29-ae6c-8c5fe7374010->55776132-47ae-4aef-91b7-92633cf48f43#149-t1, previous=(t:1, i:11), leaderCommit=4, initializing? false, entries: <empty>
2019-09-16 17:01:25,745 [grpc-default-executor-7] INFO  client.GrpcClientProtocolClient (GrpcClientProtocolClient.java:onNext(264)) - client-D82C98E0250F->c5a5e6b7-bb1e-4cfc-8262-1ca252faf540: receive RaftClientReply:client-D82C98E0250F->c5a5e6b7-bb1e-4cfc-8262-1ca252faf540@group-CB890FE5B329, cid=143, FAILED org.apache.ratis.protocol.NotLeaderException: Server c5a5e6b7-bb1e-4cfc-8262-1ca252faf540@group-CB890FE5B329 is not the leader b176f217-5116-4f29-ae6c-8c5fe7374010:192.168.5.184:36714, logIndex=0, commits[c5a5e6b7-bb1e-4cfc-8262-1ca252faf540:c4, 55776132-47ae-4aef-91b7-92633cf48f43:c3, b176f217-5116-4f29-ae6c-8c5fe7374010:c4]
2019-09-16 17:01:27,478 [org.apache.ratis.server.impl.LogAppender$AppenderDaemon$$Lambda$508/1360433104@50c8520] ERROR ratis.XceiverServerRatis (XceiverServerRatis.java:triggerPipelineClose(575)) - pipeline Action CLOSE  on pipeline PipelineID=543dff7a-402f-4975-a44c-cb890fe5b329.Reason : b176f217-5116-4f29-ae6c-8c5fe7374010 has not seen follower/s 55776132-47ae-4aef-91b7-92633cf48f43 for 168462ms c5a5e6b7-bb1e-4cfc-8262-1ca252faf540 for 168462ms
2019-09-16 17:01:27,478 [org.apache.ratis.server.impl.LogAppender$AppenderDaemon$$Lambda$508/1360433104@7cc27264] ERROR ratis.XceiverServerRatis (XceiverServerRatis.java:triggerPipelineClose(575)) - pipeline Action CLOSE  on pipeline PipelineID=543dff7a-402f-4975-a44c-cb890fe5b329.Reason : b176f217-5116-4f29-ae6c-8c5fe7374010 has not seen follower/s 55776132-47ae-4aef-91b7-92633cf48f43 for 168462ms c5a5e6b7-bb1e-4cfc-8262-1ca252faf540 for 168462ms
2019-09-16 17:01:27,978 [java.util.concurrent.ThreadPoolExecutor$Worker@3bba45ce[State = -1, empty queue]] WARN  server.GrpcLogAppender (GrpcLogAppender.java:timeoutAppendRequest(200)) - b176f217-5116-4f29-ae6c-8c5fe7374010@group-CB890FE5B329->c5a5e6b7-bb1e-4cfc-8262-1ca252faf540-GrpcLogAppender: appendEntries Timeout, request=b176f217-5116-4f29-ae6c-8c5fe7374010->c5a5e6b7-bb1e-4cfc-8262-1ca252faf540#150-t1, previous=(t:1, i:11), leaderCommit=4, initializing? false, entries: <empty>
2019-09-16 17:01:27,978 [java.util.concurrent.ThreadPoolExecutor$Worker@45f38be8[State = -1, empty queue]] WARN  server.GrpcLogAppender (GrpcLogAppender.java:timeoutAppendRequest(200)) - b176f217-5116-4f29-ae6c-8c5fe7374010@group-CB890FE5B329->55776132-47ae-4aef-91b7-92633cf48f43-GrpcLogAppender: appendEntries Timeout, request=b176f217-5116-4f29-ae6c-8c5fe7374010->55776132-47ae-4aef-91b7-92633cf48f43#150-t1, previous=(t:1, i:11), leaderCommit=4, initializing? false, entries: <empty>
2019-09-16 17:01:28,467 [EventQueue-PipelineActionsForPipelineActionHandler] ERROR pipeline.PipelineActionHandler (PipelineActionHandler.java:onMessage(60)) - Received pipeline action CLOSE for Pipeline[ Id: 543dff7a-402f-4975-a44c-cb890fe5b329, Nodes: 55776132-47ae-4aef-91b7-92633cf48f43{ip: 192.168.5.184, host: pr-hdds-2022-qxstf-1422721469, networkLocation: /default-rack, certSerialId: null}b176f217-5116-4f29-ae6c-8c5fe7374010{ip: 192.168.5.184, host: pr-hdds-2022-qxstf-1422721469, networkLocation: /default-rack, certSerialId: null}c5a5e6b7-bb1e-4cfc-8262-1ca252faf540{ip: 192.168.5.184, host: pr-hdds-2022-qxstf-1422721469, networkLocation: /default-rack, certSerialId: null}, Type:RATIS, Factor:THREE, State:CLOSED] from datanode b176f217-5116-4f29-ae6c-8c5fe7374010{ip: 192.168.5.184, host: pr-hdds-2022-qxstf-1422721469, networkLocation: /default-rack, certSerialId: null}. Reason : b176f217-5116-4f29-ae6c-8c5fe7374010 has not seen follower/s 55776132-47ae-4aef-91b7-92633cf48f43 for 168462ms c5a5e6b7-bb1e-4cfc-8262-1ca252faf540 for 168462ms
2019-09-16 17:01:28,467 [EventQueue-PipelineActionsForPipelineActionHandler] INFO  pipeline.SCMPipelineManager (SCMPipelineManager.java:finalizeAndDestroyPipeline(311)) - destroying pipeline:Pipeline[ Id: 543dff7a-402f-4975-a44c-cb890fe5b329, Nodes: 55776132-47ae-4aef-91b7-92633cf48f43{ip: 192.168.5.184, host: pr-hdds-2022-qxstf-1422721469, networkLocation: /default-rack, certSerialId: null}b176f217-5116-4f29-ae6c-8c5fe7374010{ip: 192.168.5.184, host: pr-hdds-2022-qxstf-1422721469, networkLocation: /default-rack, certSerialId: null}c5a5e6b7-bb1e-4cfc-8262-1ca252faf540{ip: 192.168.5.184, host: pr-hdds-2022-qxstf-1422721469, networkLocation: /default-rack, certSerialId: null}, Type:RATIS, Factor:THREE, State:CLOSED]
2019-09-16 17:01:29,290 [b176f217-5116-4f29-ae6c-8c5fe7374010@group-CB890FE5B329-SegmentedRaftLogWorker] WARN  segmented.SegmentedRaftLogWorker (SegmentedRaftLogWorker.java:getFromFuture(90)) - Timeout 16/~
org.apache.ratis.protocol.TimeoutIOException: Timeout 10s: WriteLog:5: (t:1, i:5), STATEMACHINELOGENTRY, client-D82C98E0250F, cid=143-writeStateMachineData
	at org.apache.ratis.util.IOUtils.getFromFuture(IOUtils.java:87)
	at org.apache.ratis.server.raftlog.segmented.SegmentedRaftLogWorker$StateMachineDataPolicy.getFromFuture(SegmentedRaftLogWorker.java:87)
	at org.apache.ratis.server.raftlog.segmented.SegmentedRaftLogWorker$WriteLog.execute(SegmentedRaftLogWorker.java:477)
	at org.apache.ratis.server.raftlog.segmented.SegmentedRaftLogWorker.run(SegmentedRaftLogWorker.java:289)
	at java.lang.Thread.run(Thread.java:748)
Caused by: java.util.concurrent.TimeoutException
	at java.util.concurrent.CompletableFuture.timedGet(CompletableFuture.java:1771)
	at java.util.concurrent.CompletableFuture.get(CompletableFuture.java:1915)
	at org.apache.ratis.util.IOUtils.getFromFuture(IOUtils.java:79)
	... 4 more
2019-09-16 17:01:29,671 [c5a5e6b7-bb1e-4cfc-8262-1ca252faf540@group-CB890FE5B329-SegmentedRaftLogWorker] WARN  segmented.SegmentedRaftLogWorker (SegmentedRaftLogWorker.java:getFromFuture(90)) - Timeout 16/~
org.apache.ratis.protocol.TimeoutIOException: Timeout 10s: WriteLog:8: (t:1, i:8), STATEMACHINELOGENTRY, client-D82C98E0250F, cid=146-writeStateMachineData
	at org.apache.ratis.util.IOUtils.getFromFuture(IOUtils.java:87)
	at org.apache.ratis.server.raftlog.segmented.SegmentedRaftLogWorker$StateMachineDataPolicy.getFromFuture(SegmentedRaftLogWorker.java:87)
	at org.apache.ratis.server.raftlog.segmented.SegmentedRaftLogWorker$WriteLog.execute(SegmentedRaftLogWorker.java:477)
	at org.apache.ratis.server.raftlog.segmented.SegmentedRaftLogWorker.run(SegmentedRaftLogWorker.java:289)
	at java.lang.Thread.run(Thread.java:748)
Caused by: java.util.concurrent.TimeoutException
	at java.util.concurrent.CompletableFuture.timedGet(CompletableFuture.java:1771)
	at java.util.concurrent.CompletableFuture.get(CompletableFuture.java:1915)
	at org.apache.ratis.util.IOUtils.getFromFuture(IOUtils.java:79)
	... 4 more
2019-09-16 17:01:29,672 [55776132-47ae-4aef-91b7-92633cf48f43@group-CB890FE5B329-SegmentedRaftLogWorker] WARN  segmented.SegmentedRaftLogWorker (SegmentedRaftLogWorker.java:getFromFuture(90)) - Timeout 16/~
org.apache.ratis.protocol.TimeoutIOException: Timeout 10s: WriteLog:6: (t:1, i:6), STATEMACHINELOGENTRY, client-D82C98E0250F, cid=144-writeStateMachineData
	at org.apache.ratis.util.IOUtils.getFromFuture(IOUtils.java:87)
	at org.apache.ratis.server.raftlog.segmented.SegmentedRaftLogWorker$StateMachineDataPolicy.getFromFuture(SegmentedRaftLogWorker.java:87)
	at org.apache.ratis.server.raftlog.segmented.SegmentedRaftLogWorker$WriteLog.execute(SegmentedRaftLogWorker.java:477)
	at org.apache.ratis.server.raftlog.segmented.SegmentedRaftLogWorker.run(SegmentedRaftLogWorker.java:289)
	at java.lang.Thread.run(Thread.java:748)
Caused by: java.util.concurrent.TimeoutException
	at java.util.concurrent.CompletableFuture.timedGet(CompletableFuture.java:1771)
	at java.util.concurrent.CompletableFuture.get(CompletableFuture.java:1915)
	at org.apache.ratis.util.IOUtils.getFromFuture(IOUtils.java:79)
	... 4 more
2019-09-16 17:01:29,979 [org.apache.ratis.server.impl.LogAppender$AppenderDaemon$$Lambda$508/1360433104@7cc27264] ERROR ratis.XceiverServerRatis (XceiverServerRatis.java:triggerPipelineClose(575)) - pipeline Action CLOSE  on pipeline PipelineID=543dff7a-402f-4975-a44c-cb890fe5b329.Reason : b176f217-5116-4f29-ae6c-8c5fe7374010 has not seen follower/s 55776132-47ae-4aef-91b7-92633cf48f43 for 170962ms c5a5e6b7-bb1e-4cfc-8262-1ca252faf540 for 170963ms
2019-09-16 17:01:29,979 [org.apache.ratis.server.impl.LogAppender$AppenderDaemon$$Lambda$508/1360433104@50c8520] ERROR ratis.XceiverServerRatis (XceiverServerRatis.java:triggerPipelineClose(575)) - pipeline Action CLOSE  on pipeline PipelineID=543dff7a-402f-4975-a44c-cb890fe5b329.Reason : b176f217-5116-4f29-ae6c-8c5fe7374010 has not seen follower/s 55776132-47ae-4aef-91b7-92633cf48f43 for 170963ms c5a5e6b7-bb1e-4cfc-8262-1ca252faf540 for 170963ms
2019-09-16 17:01:30,467 [EventQueue-PipelineActionsForPipelineActionHandler] ERROR pipeline.PipelineActionHandler (PipelineActionHandler.java:onMessage(60)) - Received pipeline action CLOSE for Pipeline[ Id: 543dff7a-402f-4975-a44c-cb890fe5b329, Nodes: 55776132-47ae-4aef-91b7-92633cf48f43{ip: 192.168.5.184, host: pr-hdds-2022-qxstf-1422721469, networkLocation: /default-rack, certSerialId: null}b176f217-5116-4f29-ae6c-8c5fe7374010{ip: 192.168.5.184, host: pr-hdds-2022-qxstf-1422721469, networkLocation: /default-rack, certSerialId: null}c5a5e6b7-bb1e-4cfc-8262-1ca252faf540{ip: 192.168.5.184, host: pr-hdds-2022-qxstf-1422721469, networkLocation: /default-rack, certSerialId: null}, Type:RATIS, Factor:THREE, State:CLOSED] from datanode b176f217-5116-4f29-ae6c-8c5fe7374010{ip: 192.168.5.184, host: pr-hdds-2022-qxstf-1422721469, networkLocation: /default-rack, certSerialId: null}. Reason : b176f217-5116-4f29-ae6c-8c5fe7374010 has not seen follower/s 55776132-47ae-4aef-91b7-92633cf48f43 for 170962ms c5a5e6b7-bb1e-4cfc-8262-1ca252faf540 for 170963ms
2019-09-16 17:01:30,467 [EventQueue-PipelineActionsForPipelineActionHandler] INFO  pipeline.SCMPipelineManager (SCMPipelineManager.java:finalizeAndDestroyPipeline(311)) - destroying pipeline:Pipeline[ Id: 543dff7a-402f-4975-a44c-cb890fe5b329, Nodes: 55776132-47ae-4aef-91b7-92633cf48f43{ip: 192.168.5.184, host: pr-hdds-2022-qxstf-1422721469, networkLocation: /default-rack, certSerialId: null}b176f217-5116-4f29-ae6c-8c5fe7374010{ip: 192.168.5.184, host: pr-hdds-2022-qxstf-1422721469, networkLocation: /default-rack, certSerialId: null}c5a5e6b7-bb1e-4cfc-8262-1ca252faf540{ip: 192.168.5.184, host: pr-hdds-2022-qxstf-1422721469, networkLocation: /default-rack, certSerialId: null}, Type:RATIS, Factor:THREE, State:CLOSED]
2019-09-16 17:01:30,478 [java.util.concurrent.ThreadPoolExecutor$Worker@45f38be8[State = -1, empty queue]] WARN  server.GrpcLogAppender (GrpcLogAppender.java:timeoutAppendRequest(200)) - b176f217-5116-4f29-ae6c-8c5fe7374010@group-CB890FE5B329->55776132-47ae-4aef-91b7-92633cf48f43-GrpcLogAppender: appendEntries Timeout, request=b176f217-5116-4f29-ae6c-8c5fe7374010->55776132-47ae-4aef-91b7-92633cf48f43#151-t1, previous=(t:1, i:11), leaderCommit=4, initializing? false, entries: <empty>
2019-09-16 17:01:30,478 [java.util.concurrent.ThreadPoolExecutor$Worker@3bba45ce[State = -1, empty queue]] WARN  server.GrpcLogAppender (GrpcLogAppender.java:timeoutAppendRequest(200)) - b176f217-5116-4f29-ae6c-8c5fe7374010@group-CB890FE5B329->c5a5e6b7-bb1e-4cfc-8262-1ca252faf540-GrpcLogAppender: appendEntries Timeout, request=b176f217-5116-4f29-ae6c-8c5fe7374010->c5a5e6b7-bb1e-4cfc-8262-1ca252faf540#151-t1, previous=(t:1, i:11), leaderCommit=4, initializing? false, entries: <empty>
2019-09-16 17:01:30,775 [grpc-default-executor-4] INFO  client.GrpcClientProtocolClient (GrpcClientProtocolClient.java:onNext(264)) - client-D82C98E0250F->c5a5e6b7-bb1e-4cfc-8262-1ca252faf540: receive RaftClientReply:client-D82C98E0250F->c5a5e6b7-bb1e-4cfc-8262-1ca252faf540@group-CB890FE5B329, cid=143, FAILED org.apache.ratis.protocol.NotLeaderException: Server c5a5e6b7-bb1e-4cfc-8262-1ca252faf540@group-CB890FE5B329 is not the leader b176f217-5116-4f29-ae6c-8c5fe7374010:192.168.5.184:36714, logIndex=0, commits[c5a5e6b7-bb1e-4cfc-8262-1ca252faf540:c4, 55776132-47ae-4aef-91b7-92633cf48f43:c3, b176f217-5116-4f29-ae6c-8c5fe7374010:c4]
2019-09-16 17:01:32,479 [org.apache.ratis.server.impl.LogAppender$AppenderDaemon$$Lambda$508/1360433104@7cc27264] ERROR ratis.XceiverServerRatis (XceiverServerRatis.java:triggerPipelineClose(575)) - pipeline Action CLOSE  on pipeline PipelineID=543dff7a-402f-4975-a44c-cb890fe5b329.Reason : b176f217-5116-4f29-ae6c-8c5fe7374010 has not seen follower/s 55776132-47ae-4aef-91b7-92633cf48f43 for 173463ms c5a5e6b7-bb1e-4cfc-8262-1ca252faf540 for 173464ms
2019-09-16 17:01:32,480 [org.apache.ratis.server.impl.LogAppender$AppenderDaemon$$Lambda$508/1360433104@50c8520] ERROR ratis.XceiverServerRatis (XceiverServerRatis.java:triggerPipelineClose(575)) - pipeline Action CLOSE  on pipeline PipelineID=543dff7a-402f-4975-a44c-cb890fe5b329.Reason : b176f217-5116-4f29-ae6c-8c5fe7374010 has not seen follower/s 55776132-47ae-4aef-91b7-92633cf48f43 for 173463ms c5a5e6b7-bb1e-4cfc-8262-1ca252faf540 for 173464ms
2019-09-16 17:01:32,979 [java.util.concurrent.ThreadPoolExecutor$Worker@3bba45ce[State = -1, empty queue]] WARN  server.GrpcLogAppender (GrpcLogAppender.java:timeoutAppendRequest(200)) - b176f217-5116-4f29-ae6c-8c5fe7374010@group-CB890FE5B329->c5a5e6b7-bb1e-4cfc-8262-1ca252faf540-GrpcLogAppender: appendEntries Timeout, request=b176f217-5116-4f29-ae6c-8c5fe7374010->c5a5e6b7-bb1e-4cfc-8262-1ca252faf540#152-t1, previous=(t:1, i:11), leaderCommit=4, initializing? false, entries: <empty>
2019-09-16 17:01:32,979 [java.util.concurrent.ThreadPoolExecutor$Worker@45f38be8[State = -1, empty queue]] WARN  server.GrpcLogAppender (GrpcLogAppender.java:timeoutAppendRequest(200)) - b176f217-5116-4f29-ae6c-8c5fe7374010@group-CB890FE5B329->55776132-47ae-4aef-91b7-92633cf48f43-GrpcLogAppender: appendEntries Timeout, request=b176f217-5116-4f29-ae6c-8c5fe7374010->55776132-47ae-4aef-91b7-92633cf48f43#152-t1, previous=(t:1, i:11), leaderCommit=4, initializing? false, entries: <empty>
2019-09-16 17:01:33,467 [EventQueue-PipelineActionsForPipelineActionHandler] ERROR pipeline.PipelineActionHandler (PipelineActionHandler.java:onMessage(60)) - Received pipeline action CLOSE for Pipeline[ Id: 543dff7a-402f-4975-a44c-cb890fe5b329, Nodes: 55776132-47ae-4aef-91b7-92633cf48f43{ip: 192.168.5.184, host: pr-hdds-2022-qxstf-1422721469, networkLocation: /default-rack, certSerialId: null}b176f217-5116-4f29-ae6c-8c5fe7374010{ip: 192.168.5.184, host: pr-hdds-2022-qxstf-1422721469, networkLocation: /default-rack, certSerialId: null}c5a5e6b7-bb1e-4cfc-8262-1ca252faf540{ip: 192.168.5.184, host: pr-hdds-2022-qxstf-1422721469, networkLocation: /default-rack, certSerialId: null}, Type:RATIS, Factor:THREE, State:CLOSED] from datanode b176f217-5116-4f29-ae6c-8c5fe7374010{ip: 192.168.5.184, host: pr-hdds-2022-qxstf-1422721469, networkLocation: /default-rack, certSerialId: null}. Reason : b176f217-5116-4f29-ae6c-8c5fe7374010 has not seen follower/s 55776132-47ae-4aef-91b7-92633cf48f43 for 173463ms c5a5e6b7-bb1e-4cfc-8262-1ca252faf540 for 173464ms
2019-09-16 17:01:33,468 [EventQueue-PipelineActionsForPipelineActionHandler] INFO  pipeline.SCMPipelineManager (SCMPipelineManager.java:finalizeAndDestroyPipeline(311)) - destroying pipeline:Pipeline[ Id: 543dff7a-402f-4975-a44c-cb890fe5b329, Nodes: 55776132-47ae-4aef-91b7-92633cf48f43{ip: 192.168.5.184, host: pr-hdds-2022-qxstf-1422721469, networkLocation: /default-rack, certSerialId: null}b176f217-5116-4f29-ae6c-8c5fe7374010{ip: 192.168.5.184, host: pr-hdds-2022-qxstf-1422721469, networkLocation: /default-rack, certSerialId: null}c5a5e6b7-bb1e-4cfc-8262-1ca252faf540{ip: 192.168.5.184, host: pr-hdds-2022-qxstf-1422721469, networkLocation: /default-rack, certSerialId: null}, Type:RATIS, Factor:THREE, State:CLOSED]
2019-09-16 17:01:34,980 [org.apache.ratis.server.impl.LogAppender$AppenderDaemon$$Lambda$508/1360433104@7cc27264] ERROR ratis.XceiverServerRatis (XceiverServerRatis.java:triggerPipelineClose(575)) - pipeline Action CLOSE  on pipeline PipelineID=543dff7a-402f-4975-a44c-cb890fe5b329.Reason : b176f217-5116-4f29-ae6c-8c5fe7374010 has not seen follower/s 55776132-47ae-4aef-91b7-92633cf48f43 for 175964ms c5a5e6b7-bb1e-4cfc-8262-1ca252faf540 for 175964ms
2019-09-16 17:01:34,980 [org.apache.ratis.server.impl.LogAppender$AppenderDaemon$$Lambda$508/1360433104@50c8520] ERROR ratis.XceiverServerRatis (XceiverServerRatis.java:triggerPipelineClose(575)) - pipeline Action CLOSE  on pipeline PipelineID=543dff7a-402f-4975-a44c-cb890fe5b329.Reason : b176f217-5116-4f29-ae6c-8c5fe7374010 has not seen follower/s 55776132-47ae-4aef-91b7-92633cf48f43 for 175964ms c5a5e6b7-bb1e-4cfc-8262-1ca252faf540 for 175964ms
2019-09-16 17:01:35,469 [EventQueue-PipelineActionsForPipelineActionHandler] ERROR pipeline.PipelineActionHandler (PipelineActionHandler.java:onMessage(60)) - Received pipeline action CLOSE for Pipeline[ Id: 543dff7a-402f-4975-a44c-cb890fe5b329, Nodes: 55776132-47ae-4aef-91b7-92633cf48f43{ip: 192.168.5.184, host: pr-hdds-2022-qxstf-1422721469, networkLocation: /default-rack, certSerialId: null}b176f217-5116-4f29-ae6c-8c5fe7374010{ip: 192.168.5.184, host: pr-hdds-2022-qxstf-1422721469, networkLocation: /default-rack, certSerialId: null}c5a5e6b7-bb1e-4cfc-8262-1ca252faf540{ip: 192.168.5.184, host: pr-hdds-2022-qxstf-1422721469, networkLocation: /default-rack, certSerialId: null}, Type:RATIS, Factor:THREE, State:CLOSED] from datanode b176f217-5116-4f29-ae6c-8c5fe7374010{ip: 192.168.5.184, host: pr-hdds-2022-qxstf-1422721469, networkLocation: /default-rack, certSerialId: null}. Reason : b176f217-5116-4f29-ae6c-8c5fe7374010 has not seen follower/s 55776132-47ae-4aef-91b7-92633cf48f43 for 175964ms c5a5e6b7-bb1e-4cfc-8262-1ca252faf540 for 175964ms
2019-09-16 17:01:35,469 [EventQueue-PipelineActionsForPipelineActionHandler] INFO  pipeline.SCMPipelineManager (SCMPipelineManager.java:finalizeAndDestroyPipeline(311)) - destroying pipeline:Pipeline[ Id: 543dff7a-402f-4975-a44c-cb890fe5b329, Nodes: 55776132-47ae-4aef-91b7-92633cf48f43{ip: 192.168.5.184, host: pr-hdds-2022-qxstf-1422721469, networkLocation: /default-rack, certSerialId: null}b176f217-5116-4f29-ae6c-8c5fe7374010{ip: 192.168.5.184, host: pr-hdds-2022-qxstf-1422721469, networkLocation: /default-rack, certSerialId: null}c5a5e6b7-bb1e-4cfc-8262-1ca252faf540{ip: 192.168.5.184, host: pr-hdds-2022-qxstf-1422721469, networkLocation: /default-rack, certSerialId: null}, Type:RATIS, Factor:THREE, State:CLOSED]
2019-09-16 17:01:35,479 [java.util.concurrent.ThreadPoolExecutor$Worker@3bba45ce[State = -1, empty queue]] WARN  server.GrpcLogAppender (GrpcLogAppender.java:timeoutAppendRequest(200)) - b176f217-5116-4f29-ae6c-8c5fe7374010@group-CB890FE5B329->c5a5e6b7-bb1e-4cfc-8262-1ca252faf540-GrpcLogAppender: appendEntries Timeout, request=b176f217-5116-4f29-ae6c-8c5fe7374010->c5a5e6b7-bb1e-4cfc-8262-1ca252faf540#153-t1, previous=(t:1, i:11), leaderCommit=4, initializing? false, entries: <empty>
2019-09-16 17:01:35,480 [java.util.concurrent.ThreadPoolExecutor$Worker@45f38be8[State = -1, empty queue]] WARN  server.GrpcLogAppender (GrpcLogAppender.java:timeoutAppendRequest(200)) - b176f217-5116-4f29-ae6c-8c5fe7374010@group-CB890FE5B329->55776132-47ae-4aef-91b7-92633cf48f43-GrpcLogAppender: appendEntries Timeout, request=b176f217-5116-4f29-ae6c-8c5fe7374010->55776132-47ae-4aef-91b7-92633cf48f43#153-t1, previous=(t:1, i:11), leaderCommit=4, initializing? false, entries: <empty>
2019-09-16 17:01:35,806 [grpc-default-executor-4] INFO  client.GrpcClientProtocolClient (GrpcClientProtocolClient.java:onNext(264)) - client-D82C98E0250F->55776132-47ae-4aef-91b7-92633cf48f43: receive RaftClientReply:client-D82C98E0250F->55776132-47ae-4aef-91b7-92633cf48f43@group-CB890FE5B329, cid=143, FAILED org.apache.ratis.protocol.NotLeaderException: Server 55776132-47ae-4aef-91b7-92633cf48f43@group-CB890FE5B329 is not the leader b176f217-5116-4f29-ae6c-8c5fe7374010:192.168.5.184:36714, logIndex=0, commits[55776132-47ae-4aef-91b7-92633cf48f43:c4, c5a5e6b7-bb1e-4cfc-8262-1ca252faf540:c3, b176f217-5116-4f29-ae6c-8c5fe7374010:c4]
2019-09-16 17:01:37,481 [org.apache.ratis.server.impl.LogAppender$AppenderDaemon$$Lambda$508/1360433104@50c8520] ERROR ratis.XceiverServerRatis (XceiverServerRatis.java:triggerPipelineClose(575)) - pipeline Action CLOSE  on pipeline PipelineID=543dff7a-402f-4975-a44c-cb890fe5b329.Reason : b176f217-5116-4f29-ae6c-8c5fe7374010 has not seen follower/s 55776132-47ae-4aef-91b7-92633cf48f43 for 178465ms c5a5e6b7-bb1e-4cfc-8262-1ca252faf540 for 178465ms
2019-09-16 17:01:37,481 [org.apache.ratis.server.impl.LogAppender$AppenderDaemon$$Lambda$508/1360433104@7cc27264] ERROR ratis.XceiverServerRatis (XceiverServerRatis.java:triggerPipelineClose(575)) - pipeline Action CLOSE  on pipeline PipelineID=543dff7a-402f-4975-a44c-cb890fe5b329.Reason : b176f217-5116-4f29-ae6c-8c5fe7374010 has not seen follower/s 55776132-47ae-4aef-91b7-92633cf48f43 for 178465ms c5a5e6b7-bb1e-4cfc-8262-1ca252faf540 for 178465ms
2019-09-16 17:01:37,980 [java.util.concurrent.ThreadPoolExecutor$Worker@3bba45ce[State = -1, empty queue]] WARN  server.GrpcLogAppender (GrpcLogAppender.java:timeoutAppendRequest(200)) - b176f217-5116-4f29-ae6c-8c5fe7374010@group-CB890FE5B329->c5a5e6b7-bb1e-4cfc-8262-1ca252faf540-GrpcLogAppender: appendEntries Timeout, request=b176f217-5116-4f29-ae6c-8c5fe7374010->c5a5e6b7-bb1e-4cfc-8262-1ca252faf540#154-t1, previous=(t:1, i:11), leaderCommit=4, initializing? false, entries: <empty>
2019-09-16 17:01:37,980 [java.util.concurrent.ThreadPoolExecutor$Worker@45f38be8[State = -1, empty queue]] WARN  server.GrpcLogAppender (GrpcLogAppender.java:timeoutAppendRequest(200)) - b176f217-5116-4f29-ae6c-8c5fe7374010@group-CB890FE5B329->55776132-47ae-4aef-91b7-92633cf48f43-GrpcLogAppender: appendEntries Timeout, request=b176f217-5116-4f29-ae6c-8c5fe7374010->55776132-47ae-4aef-91b7-92633cf48f43#154-t1, previous=(t:1, i:11), leaderCommit=4, initializing? false, entries: <empty>
2019-09-16 17:01:38,471 [EventQueue-PipelineActionsForPipelineActionHandler] ERROR pipeline.PipelineActionHandler (PipelineActionHandler.java:onMessage(60)) - Received pipeline action CLOSE for Pipeline[ Id: 543dff7a-402f-4975-a44c-cb890fe5b329, Nodes: 55776132-47ae-4aef-91b7-92633cf48f43{ip: 192.168.5.184, host: pr-hdds-2022-qxstf-1422721469, networkLocation: /default-rack, certSerialId: null}b176f217-5116-4f29-ae6c-8c5fe7374010{ip: 192.168.5.184, host: pr-hdds-2022-qxstf-1422721469, networkLocation: /default-rack, certSerialId: null}c5a5e6b7-bb1e-4cfc-8262-1ca252faf540{ip: 192.168.5.184, host: pr-hdds-2022-qxstf-1422721469, networkLocation: /default-rack, certSerialId: null}, Type:RATIS, Factor:THREE, State:CLOSED] from datanode b176f217-5116-4f29-ae6c-8c5fe7374010{ip: 192.168.5.184, host: pr-hdds-2022-qxstf-1422721469, networkLocation: /default-rack, certSerialId: null}. Reason : b176f217-5116-4f29-ae6c-8c5fe7374010 has not seen follower/s 55776132-47ae-4aef-91b7-92633cf48f43 for 178465ms c5a5e6b7-bb1e-4cfc-8262-1ca252faf540 for 178465ms
2019-09-16 17:01:38,471 [EventQueue-PipelineActionsForPipelineActionHandler] INFO  pipeline.SCMPipelineManager (SCMPipelineManager.java:finalizeAndDestroyPipeline(311)) - destroying pipeline:Pipeline[ Id: 543dff7a-402f-4975-a44c-cb890fe5b329, Nodes: 55776132-47ae-4aef-91b7-92633cf48f43{ip: 192.168.5.184, host: pr-hdds-2022-qxstf-1422721469, networkLocation: /default-rack, certSerialId: null}b176f217-5116-4f29-ae6c-8c5fe7374010{ip: 192.168.5.184, host: pr-hdds-2022-qxstf-1422721469, networkLocation: /default-rack, certSerialId: null}c5a5e6b7-bb1e-4cfc-8262-1ca252faf540{ip: 192.168.5.184, host: pr-hdds-2022-qxstf-1422721469, networkLocation: /default-rack, certSerialId: null}, Type:RATIS, Factor:THREE, State:CLOSED]
2019-09-16 17:01:39,291 [b176f217-5116-4f29-ae6c-8c5fe7374010@group-CB890FE5B329-SegmentedRaftLogWorker] WARN  segmented.SegmentedRaftLogWorker (SegmentedRaftLogWorker.java:getFromFuture(90)) - Timeout 17/~
org.apache.ratis.protocol.TimeoutIOException: Timeout 10s: WriteLog:5: (t:1, i:5), STATEMACHINELOGENTRY, client-D82C98E0250F, cid=143-writeStateMachineData
	at org.apache.ratis.util.IOUtils.getFromFuture(IOUtils.java:87)
	at org.apache.ratis.server.raftlog.segmented.SegmentedRaftLogWorker$StateMachineDataPolicy.getFromFuture(SegmentedRaftLogWorker.java:87)
	at org.apache.ratis.server.raftlog.segmented.SegmentedRaftLogWorker$WriteLog.execute(SegmentedRaftLogWorker.java:477)
	at org.apache.ratis.server.raftlog.segmented.SegmentedRaftLogWorker.run(SegmentedRaftLogWorker.java:289)
	at java.lang.Thread.run(Thread.java:748)
Caused by: java.util.concurrent.TimeoutException
	at java.util.concurrent.CompletableFuture.timedGet(CompletableFuture.java:1771)
	at java.util.concurrent.CompletableFuture.get(CompletableFuture.java:1915)
	at org.apache.ratis.util.IOUtils.getFromFuture(IOUtils.java:79)
	... 4 more
2019-09-16 17:01:39,671 [c5a5e6b7-bb1e-4cfc-8262-1ca252faf540@group-CB890FE5B329-SegmentedRaftLogWorker] WARN  segmented.SegmentedRaftLogWorker (SegmentedRaftLogWorker.java:getFromFuture(90)) - Timeout 17/~
org.apache.ratis.protocol.TimeoutIOException: Timeout 10s: WriteLog:8: (t:1, i:8), STATEMACHINELOGENTRY, client-D82C98E0250F, cid=146-writeStateMachineData
	at org.apache.ratis.util.IOUtils.getFromFuture(IOUtils.java:87)
	at org.apache.ratis.server.raftlog.segmented.SegmentedRaftLogWorker$StateMachineDataPolicy.getFromFuture(SegmentedRaftLogWorker.java:87)
	at org.apache.ratis.server.raftlog.segmented.SegmentedRaftLogWorker$WriteLog.execute(SegmentedRaftLogWorker.java:477)
	at org.apache.ratis.server.raftlog.segmented.SegmentedRaftLogWorker.run(SegmentedRaftLogWorker.java:289)
	at java.lang.Thread.run(Thread.java:748)
Caused by: java.util.concurrent.TimeoutException
	at java.util.concurrent.CompletableFuture.timedGet(CompletableFuture.java:1771)
	at java.util.concurrent.CompletableFuture.get(CompletableFuture.java:1915)
	at org.apache.ratis.util.IOUtils.getFromFuture(IOUtils.java:79)
	... 4 more
2019-09-16 17:01:39,672 [55776132-47ae-4aef-91b7-92633cf48f43@group-CB890FE5B329-SegmentedRaftLogWorker] WARN  segmented.SegmentedRaftLogWorker (SegmentedRaftLogWorker.java:getFromFuture(90)) - Timeout 17/~
org.apache.ratis.protocol.TimeoutIOException: Timeout 10s: WriteLog:6: (t:1, i:6), STATEMACHINELOGENTRY, client-D82C98E0250F, cid=144-writeStateMachineData
	at org.apache.ratis.util.IOUtils.getFromFuture(IOUtils.java:87)
	at org.apache.ratis.server.raftlog.segmented.SegmentedRaftLogWorker$StateMachineDataPolicy.getFromFuture(SegmentedRaftLogWorker.java:87)
	at org.apache.ratis.server.raftlog.segmented.SegmentedRaftLogWorker$WriteLog.execute(SegmentedRaftLogWorker.java:477)
	at org.apache.ratis.server.raftlog.segmented.SegmentedRaftLogWorker.run(SegmentedRaftLogWorker.java:289)
	at java.lang.Thread.run(Thread.java:748)
Caused by: java.util.concurrent.TimeoutException
	at java.util.concurrent.CompletableFuture.timedGet(CompletableFuture.java:1771)
	at java.util.concurrent.CompletableFuture.get(CompletableFuture.java:1915)
	at org.apache.ratis.util.IOUtils.getFromFuture(IOUtils.java:79)
	... 4 more
2019-09-16 17:01:39,982 [org.apache.ratis.server.impl.LogAppender$AppenderDaemon$$Lambda$508/1360433104@50c8520] ERROR ratis.XceiverServerRatis (XceiverServerRatis.java:triggerPipelineClose(575)) - pipeline Action CLOSE  on pipeline PipelineID=543dff7a-402f-4975-a44c-cb890fe5b329.Reason : b176f217-5116-4f29-ae6c-8c5fe7374010 has not seen follower/s 55776132-47ae-4aef-91b7-92633cf48f43 for 180966ms c5a5e6b7-bb1e-4cfc-8262-1ca252faf540 for 180966ms
2019-09-16 17:01:39,982 [org.apache.ratis.server.impl.LogAppender$AppenderDaemon$$Lambda$508/1360433104@7cc27264] ERROR ratis.XceiverServerRatis (XceiverServerRatis.java:triggerPipelineClose(575)) - pipeline Action CLOSE  on pipeline PipelineID=543dff7a-402f-4975-a44c-cb890fe5b329.Reason : b176f217-5116-4f29-ae6c-8c5fe7374010 has not seen follower/s 55776132-47ae-4aef-91b7-92633cf48f43 for 180966ms c5a5e6b7-bb1e-4cfc-8262-1ca252faf540 for 180966ms
2019-09-16 17:01:40,471 [EventQueue-PipelineActionsForPipelineActionHandler] ERROR pipeline.PipelineActionHandler (PipelineActionHandler.java:onMessage(60)) - Received pipeline action CLOSE for Pipeline[ Id: 543dff7a-402f-4975-a44c-cb890fe5b329, Nodes: 55776132-47ae-4aef-91b7-92633cf48f43{ip: 192.168.5.184, host: pr-hdds-2022-qxstf-1422721469, networkLocation: /default-rack, certSerialId: null}b176f217-5116-4f29-ae6c-8c5fe7374010{ip: 192.168.5.184, host: pr-hdds-2022-qxstf-1422721469, networkLocation: /default-rack, certSerialId: null}c5a5e6b7-bb1e-4cfc-8262-1ca252faf540{ip: 192.168.5.184, host: pr-hdds-2022-qxstf-1422721469, networkLocation: /default-rack, certSerialId: null}, Type:RATIS, Factor:THREE, State:CLOSED] from datanode b176f217-5116-4f29-ae6c-8c5fe7374010{ip: 192.168.5.184, host: pr-hdds-2022-qxstf-1422721469, networkLocation: /default-rack, certSerialId: null}. Reason : b176f217-5116-4f29-ae6c-8c5fe7374010 has not seen follower/s 55776132-47ae-4aef-91b7-92633cf48f43 for 180966ms c5a5e6b7-bb1e-4cfc-8262-1ca252faf540 for 180966ms
2019-09-16 17:01:40,472 [EventQueue-PipelineActionsForPipelineActionHandler] INFO  pipeline.SCMPipelineManager (SCMPipelineManager.java:finalizeAndDestroyPipeline(311)) - destroying pipeline:Pipeline[ Id: 543dff7a-402f-4975-a44c-cb890fe5b329, Nodes: 55776132-47ae-4aef-91b7-92633cf48f43{ip: 192.168.5.184, host: pr-hdds-2022-qxstf-1422721469, networkLocation: /default-rack, certSerialId: null}b176f217-5116-4f29-ae6c-8c5fe7374010{ip: 192.168.5.184, host: pr-hdds-2022-qxstf-1422721469, networkLocation: /default-rack, certSerialId: null}c5a5e6b7-bb1e-4cfc-8262-1ca252faf540{ip: 192.168.5.184, host: pr-hdds-2022-qxstf-1422721469, networkLocation: /default-rack, certSerialId: null}, Type:RATIS, Factor:THREE, State:CLOSED]
2019-09-16 17:01:40,481 [java.util.concurrent.ThreadPoolExecutor$Worker@45f38be8[State = -1, empty queue]] WARN  server.GrpcLogAppender (GrpcLogAppender.java:timeoutAppendRequest(200)) - b176f217-5116-4f29-ae6c-8c5fe7374010@group-CB890FE5B329->55776132-47ae-4aef-91b7-92633cf48f43-GrpcLogAppender: appendEntries Timeout, request=b176f217-5116-4f29-ae6c-8c5fe7374010->55776132-47ae-4aef-91b7-92633cf48f43#155-t1, previous=(t:1, i:11), leaderCommit=4, initializing? false, entries: <empty>
2019-09-16 17:01:40,481 [java.util.concurrent.ThreadPoolExecutor$Worker@3bba45ce[State = -1, empty queue]] WARN  server.GrpcLogAppender (GrpcLogAppender.java:timeoutAppendRequest(200)) - b176f217-5116-4f29-ae6c-8c5fe7374010@group-CB890FE5B329->c5a5e6b7-bb1e-4cfc-8262-1ca252faf540-GrpcLogAppender: appendEntries Timeout, request=b176f217-5116-4f29-ae6c-8c5fe7374010->c5a5e6b7-bb1e-4cfc-8262-1ca252faf540#155-t1, previous=(t:1, i:11), leaderCommit=4, initializing? false, entries: <empty>
2019-09-16 17:01:40,860 [grpc-default-executor-7] INFO  client.GrpcClientProtocolClient (GrpcClientProtocolClient.java:onNext(264)) - client-D82C98E0250F->c5a5e6b7-bb1e-4cfc-8262-1ca252faf540: receive RaftClientReply:client-D82C98E0250F->c5a5e6b7-bb1e-4cfc-8262-1ca252faf540@group-CB890FE5B329, cid=143, FAILED org.apache.ratis.protocol.NotLeaderException: Server c5a5e6b7-bb1e-4cfc-8262-1ca252faf540@group-CB890FE5B329 is not the leader b176f217-5116-4f29-ae6c-8c5fe7374010:192.168.5.184:36714, logIndex=0, commits[c5a5e6b7-bb1e-4cfc-8262-1ca252faf540:c4, 55776132-47ae-4aef-91b7-92633cf48f43:c3, b176f217-5116-4f29-ae6c-8c5fe7374010:c4]
2019-09-16 17:01:42,485 [org.apache.ratis.server.impl.LogAppender$AppenderDaemon$$Lambda$508/1360433104@50c8520] ERROR ratis.XceiverServerRatis (XceiverServerRatis.java:triggerPipelineClose(575)) - pipeline Action CLOSE  on pipeline PipelineID=543dff7a-402f-4975-a44c-cb890fe5b329.Reason : b176f217-5116-4f29-ae6c-8c5fe7374010 has not seen follower/s 55776132-47ae-4aef-91b7-92633cf48f43 for 183468ms c5a5e6b7-bb1e-4cfc-8262-1ca252faf540 for 183468ms
2019-09-16 17:01:42,485 [org.apache.ratis.server.impl.LogAppender$AppenderDaemon$$Lambda$508/1360433104@7cc27264] ERROR ratis.XceiverServerRatis (XceiverServerRatis.java:triggerPipelineClose(575)) - pipeline Action CLOSE  on pipeline PipelineID=543dff7a-402f-4975-a44c-cb890fe5b329.Reason : b176f217-5116-4f29-ae6c-8c5fe7374010 has not seen follower/s 55776132-47ae-4aef-91b7-92633cf48f43 for 183468ms c5a5e6b7-bb1e-4cfc-8262-1ca252faf540 for 183468ms
2019-09-16 17:01:42,982 [java.util.concurrent.ThreadPoolExecutor$Worker@45f38be8[State = -1, empty queue]] WARN  server.GrpcLogAppender (GrpcLogAppender.java:timeoutAppendRequest(200)) - b176f217-5116-4f29-ae6c-8c5fe7374010@group-CB890FE5B329->55776132-47ae-4aef-91b7-92633cf48f43-GrpcLogAppender: appendEntries Timeout, request=b176f217-5116-4f29-ae6c-8c5fe7374010->55776132-47ae-4aef-91b7-92633cf48f43#156-t1, previous=(t:1, i:11), leaderCommit=4, initializing? false, entries: <empty>
2019-09-16 17:01:42,982 [java.util.concurrent.ThreadPoolExecutor$Worker@3bba45ce[State = -1, empty queue]] WARN  server.GrpcLogAppender (GrpcLogAppender.java:timeoutAppendRequest(200)) - b176f217-5116-4f29-ae6c-8c5fe7374010@group-CB890FE5B329->c5a5e6b7-bb1e-4cfc-8262-1ca252faf540-GrpcLogAppender: appendEntries Timeout, request=b176f217-5116-4f29-ae6c-8c5fe7374010->c5a5e6b7-bb1e-4cfc-8262-1ca252faf540#156-t1, previous=(t:1, i:11), leaderCommit=4, initializing? false, entries: <empty>
2019-09-16 17:01:43,473 [EventQueue-PipelineActionsForPipelineActionHandler] ERROR pipeline.PipelineActionHandler (PipelineActionHandler.java:onMessage(60)) - Received pipeline action CLOSE for Pipeline[ Id: 543dff7a-402f-4975-a44c-cb890fe5b329, Nodes: 55776132-47ae-4aef-91b7-92633cf48f43{ip: 192.168.5.184, host: pr-hdds-2022-qxstf-1422721469, networkLocation: /default-rack, certSerialId: null}b176f217-5116-4f29-ae6c-8c5fe7374010{ip: 192.168.5.184, host: pr-hdds-2022-qxstf-1422721469, networkLocation: /default-rack, certSerialId: null}c5a5e6b7-bb1e-4cfc-8262-1ca252faf540{ip: 192.168.5.184, host: pr-hdds-2022-qxstf-1422721469, networkLocation: /default-rack, certSerialId: null}, Type:RATIS, Factor:THREE, State:CLOSED] from datanode b176f217-5116-4f29-ae6c-8c5fe7374010{ip: 192.168.5.184, host: pr-hdds-2022-qxstf-1422721469, networkLocation: /default-rack, certSerialId: null}. Reason : b176f217-5116-4f29-ae6c-8c5fe7374010 has not seen follower/s 55776132-47ae-4aef-91b7-92633cf48f43 for 183468ms c5a5e6b7-bb1e-4cfc-8262-1ca252faf540 for 183468ms
2019-09-16 17:01:43,474 [EventQueue-PipelineActionsForPipelineActionHandler] INFO  pipeline.SCMPipelineManager (SCMPipelineManager.java:finalizeAndDestroyPipeline(311)) - destroying pipeline:Pipeline[ Id: 543dff7a-402f-4975-a44c-cb890fe5b329, Nodes: 55776132-47ae-4aef-91b7-92633cf48f43{ip: 192.168.5.184, host: pr-hdds-2022-qxstf-1422721469, networkLocation: /default-rack, certSerialId: null}b176f217-5116-4f29-ae6c-8c5fe7374010{ip: 192.168.5.184, host: pr-hdds-2022-qxstf-1422721469, networkLocation: /default-rack, certSerialId: null}c5a5e6b7-bb1e-4cfc-8262-1ca252faf540{ip: 192.168.5.184, host: pr-hdds-2022-qxstf-1422721469, networkLocation: /default-rack, certSerialId: null}, Type:RATIS, Factor:THREE, State:CLOSED]
2019-09-16 17:01:44,985 [org.apache.ratis.server.impl.LogAppender$AppenderDaemon$$Lambda$508/1360433104@7cc27264] ERROR ratis.XceiverServerRatis (XceiverServerRatis.java:triggerPipelineClose(575)) - pipeline Action CLOSE  on pipeline PipelineID=543dff7a-402f-4975-a44c-cb890fe5b329.Reason : b176f217-5116-4f29-ae6c-8c5fe7374010 has not seen follower/s 55776132-47ae-4aef-91b7-92633cf48f43 for 185968ms c5a5e6b7-bb1e-4cfc-8262-1ca252faf540 for 185969ms
2019-09-16 17:01:44,985 [org.apache.ratis.server.impl.LogAppender$AppenderDaemon$$Lambda$508/1360433104@50c8520] ERROR ratis.XceiverServerRatis (XceiverServerRatis.java:triggerPipelineClose(575)) - pipeline Action CLOSE  on pipeline PipelineID=543dff7a-402f-4975-a44c-cb890fe5b329.Reason : b176f217-5116-4f29-ae6c-8c5fe7374010 has not seen follower/s 55776132-47ae-4aef-91b7-92633cf48f43 for 185968ms c5a5e6b7-bb1e-4cfc-8262-1ca252faf540 for 185969ms
2019-09-16 17:01:45,443 [grpc-default-executor-7] INFO  impl.RaftServerProxy (RaftServerProxy.java:remove(95)) - 55776132-47ae-4aef-91b7-92633cf48f43: remove  FOLLOWER 55776132-47ae-4aef-91b7-92633cf48f43@group-CB890FE5B329:t1, leader=b176f217-5116-4f29-ae6c-8c5fe7374010, voted=55776132-47ae-4aef-91b7-92633cf48f43, raftlog=55776132-47ae-4aef-91b7-92633cf48f43@group-CB890FE5B329-SegmentedRaftLog:OPENED:c4,f4,i11, conf=0: [55776132-47ae-4aef-91b7-92633cf48f43:192.168.5.184:33378, c5a5e6b7-bb1e-4cfc-8262-1ca252faf540:192.168.5.184:34221, b176f217-5116-4f29-ae6c-8c5fe7374010:192.168.5.184:36714], old=null RUNNING
2019-09-16 17:01:45,444 [grpc-default-executor-7] INFO  impl.RaftServerImpl (RaftServerImpl.java:lambda$shutdown$3(251)) - 55776132-47ae-4aef-91b7-92633cf48f43@group-CB890FE5B329: shutdown
2019-09-16 17:01:45,444 [grpc-default-executor-7] INFO  util.JmxRegister (JmxRegister.java:unregister(73)) - Successfully un-registered JMX Bean with object name Ratis:service=RaftServer,group=group-CB890FE5B329,id=55776132-47ae-4aef-91b7-92633cf48f43
2019-09-16 17:01:45,444 [grpc-default-executor-7] INFO  impl.RoleInfo (RoleInfo.java:shutdownFollowerState(121)) - 55776132-47ae-4aef-91b7-92633cf48f43: shutdown FollowerState
2019-09-16 17:01:45,444 [grpc-default-executor-7] INFO  impl.StateMachineUpdater (StateMachineUpdater.java:stopAndJoin(125)) - 55776132-47ae-4aef-91b7-92633cf48f43@group-CB890FE5B329-StateMachineUpdater: set stopIndex = 4
2019-09-16 17:01:45,445 [Thread-920] INFO  impl.FollowerState (FollowerState.java:run(115)) - 55776132-47ae-4aef-91b7-92633cf48f43: FollowerState was interrupted: java.lang.InterruptedException: sleep interrupted
2019-09-16 17:01:45,445 [55776132-47ae-4aef-91b7-92633cf48f43@group-CB890FE5B329-StateMachineUpdater] INFO  ratis.ContainerStateMachine (ContainerStateMachine.java:takeSnapshot(289)) - group-CB890FE5B329: Taking a snapshot at:(t:1, i:3) file /workdir/hadoop-ozone/integration-test/target/test-dir/MiniOzoneClusterImpl-b381268c-58bb-44dd-9423-5f17a34efe38/datanode-4/data/ratis/543dff7a-402f-4975-a44c-cb890fe5b329/sm/snapshot.1_3
2019-09-16 17:01:45,471 [EventQueue-PipelineActionsForPipelineActionHandler] ERROR pipeline.PipelineActionHandler (PipelineActionHandler.java:onMessage(60)) - Received pipeline action CLOSE for Pipeline[ Id: 543dff7a-402f-4975-a44c-cb890fe5b329, Nodes: 55776132-47ae-4aef-91b7-92633cf48f43{ip: 192.168.5.184, host: pr-hdds-2022-qxstf-1422721469, networkLocation: /default-rack, certSerialId: null}b176f217-5116-4f29-ae6c-8c5fe7374010{ip: 192.168.5.184, host: pr-hdds-2022-qxstf-1422721469, networkLocation: /default-rack, certSerialId: null}c5a5e6b7-bb1e-4cfc-8262-1ca252faf540{ip: 192.168.5.184, host: pr-hdds-2022-qxstf-1422721469, networkLocation: /default-rack, certSerialId: null}, Type:RATIS, Factor:THREE, State:CLOSED] from datanode b176f217-5116-4f29-ae6c-8c5fe7374010{ip: 192.168.5.184, host: pr-hdds-2022-qxstf-1422721469, networkLocation: /default-rack, certSerialId: null}. Reason : b176f217-5116-4f29-ae6c-8c5fe7374010 has not seen follower/s 55776132-47ae-4aef-91b7-92633cf48f43 for 185968ms c5a5e6b7-bb1e-4cfc-8262-1ca252faf540 for 185969ms
2019-09-16 17:01:45,471 [EventQueue-PipelineActionsForPipelineActionHandler] INFO  pipeline.SCMPipelineManager (SCMPipelineManager.java:finalizeAndDestroyPipeline(311)) - destroying pipeline:Pipeline[ Id: 543dff7a-402f-4975-a44c-cb890fe5b329, Nodes: 55776132-47ae-4aef-91b7-92633cf48f43{ip: 192.168.5.184, host: pr-hdds-2022-qxstf-1422721469, networkLocation: /default-rack, certSerialId: null}b176f217-5116-4f29-ae6c-8c5fe7374010{ip: 192.168.5.184, host: pr-hdds-2022-qxstf-1422721469, networkLocation: /default-rack, certSerialId: null}c5a5e6b7-bb1e-4cfc-8262-1ca252faf540{ip: 192.168.5.184, host: pr-hdds-2022-qxstf-1422721469, networkLocation: /default-rack, certSerialId: null}, Type:RATIS, Factor:THREE, State:CLOSED]
2019-09-16 17:01:45,484 [java.util.concurrent.ThreadPoolExecutor$Worker@3bba45ce[State = -1, empty queue]] WARN  server.GrpcLogAppender (GrpcLogAppender.java:timeoutAppendRequest(200)) - b176f217-5116-4f29-ae6c-8c5fe7374010@group-CB890FE5B329->c5a5e6b7-bb1e-4cfc-8262-1ca252faf540-GrpcLogAppender: appendEntries Timeout, request=b176f217-5116-4f29-ae6c-8c5fe7374010->c5a5e6b7-bb1e-4cfc-8262-1ca252faf540#157-t1, previous=(t:1, i:11), leaderCommit=4, initializing? false, entries: <empty>
2019-09-16 17:01:45,484 [java.util.concurrent.ThreadPoolExecutor$Worker@45f38be8[State = -1, empty queue]] WARN  server.GrpcLogAppender (GrpcLogAppender.java:timeoutAppendRequest(200)) - b176f217-5116-4f29-ae6c-8c5fe7374010@group-CB890FE5B329->55776132-47ae-4aef-91b7-92633cf48f43-GrpcLogAppender: appendEntries Timeout, request=b176f217-5116-4f29-ae6c-8c5fe7374010->55776132-47ae-4aef-91b7-92633cf48f43#157-t1, previous=(t:1, i:11), leaderCommit=4, initializing? false, entries: <empty>
2019-09-16 17:01:45,487 [55776132-47ae-4aef-91b7-92633cf48f43@group-CB890FE5B329-StateMachineUpdater] INFO  ratis.ContainerStateMachine (ContainerStateMachine.java:takeSnapshot(300)) - group-CB890FE5B329: Finished taking a snapshot at:(t:1, i:3) file:/workdir/hadoop-ozone/integration-test/target/test-dir/MiniOzoneClusterImpl-b381268c-58bb-44dd-9423-5f17a34efe38/datanode-4/data/ratis/543dff7a-402f-4975-a44c-cb890fe5b329/sm/snapshot.1_3 time:43
2019-09-16 17:01:45,488 [55776132-47ae-4aef-91b7-92633cf48f43@group-CB890FE5B329-StateMachineUpdater] INFO  impl.StateMachineUpdater (StateMachineUpdater.java:takeSnapshot(258)) - 55776132-47ae-4aef-91b7-92633cf48f43@group-CB890FE5B329-StateMachineUpdater: Took a snapshot at index 3
2019-09-16 17:01:45,488 [55776132-47ae-4aef-91b7-92633cf48f43@group-CB890FE5B329-StateMachineUpdater] INFO  impl.StateMachineUpdater (StateMachineUpdater.java:lambda$new$0(83)) - 55776132-47ae-4aef-91b7-92633cf48f43@group-CB890FE5B329-StateMachineUpdater: snapshotIndex: updateIncreasingly -1 -> 3
2019-09-16 17:01:45,489 [55776132-47ae-4aef-91b7-92633cf48f43@group-CB890FE5B329-StateMachineUpdater] INFO  ratis.ContainerStateMachine (ContainerStateMachine.java:takeSnapshot(289)) - group-CB890FE5B329: Taking a snapshot at:(t:1, i:3) file /workdir/hadoop-ozone/integration-test/target/test-dir/MiniOzoneClusterImpl-b381268c-58bb-44dd-9423-5f17a34efe38/datanode-4/data/ratis/543dff7a-402f-4975-a44c-cb890fe5b329/sm/snapshot.1_3
2019-09-16 17:01:45,554 [55776132-47ae-4aef-91b7-92633cf48f43@group-CB890FE5B329-StateMachineUpdater] INFO  ratis.ContainerStateMachine (ContainerStateMachine.java:takeSnapshot(300)) - group-CB890FE5B329: Finished taking a snapshot at:(t:1, i:3) file:/workdir/hadoop-ozone/integration-test/target/test-dir/MiniOzoneClusterImpl-b381268c-58bb-44dd-9423-5f17a34efe38/datanode-4/data/ratis/543dff7a-402f-4975-a44c-cb890fe5b329/sm/snapshot.1_3 time:65
2019-09-16 17:01:45,554 [55776132-47ae-4aef-91b7-92633cf48f43@group-CB890FE5B329-StateMachineUpdater] INFO  impl.StateMachineUpdater (StateMachineUpdater.java:takeSnapshot(258)) - 55776132-47ae-4aef-91b7-92633cf48f43@group-CB890FE5B329-StateMachineUpdater: Took a snapshot at index 3
2019-09-16 17:01:45,554 [55776132-47ae-4aef-91b7-92633cf48f43@group-CB890FE5B329-StateMachineUpdater] INFO  impl.StateMachineUpdater (StateMachineUpdater.java:lambda$new$0(83)) - 55776132-47ae-4aef-91b7-92633cf48f43@group-CB890FE5B329-StateMachineUpdater: snapshotIndex: updateIncreasingly 3 -> 3
2019-09-16 17:01:45,555 [grpc-default-executor-7] INFO  impl.RaftServerImpl (ServerState.java:close(385)) - 55776132-47ae-4aef-91b7-92633cf48f43@group-CB890FE5B329: closes. applyIndex: 4
2019-09-16 17:01:45,556 [55776132-47ae-4aef-91b7-92633cf48f43@group-CB890FE5B329-SegmentedRaftLogWorker] ERROR ratis.XceiverServerRatis (XceiverServerRatis.java:triggerPipelineClose(575)) - pipeline Action CLOSE  on pipeline PipelineID=543dff7a-402f-4975-a44c-cb890fe5b329.Reason : WriteLog:6: (t:1, i:6), STATEMACHINELOGENTRY, client-D82C98E0250F, cid=144-writeStateMachineData interrupted.
2019-09-16 17:01:45,560 [EventQueue-PipelineActionsForPipelineActionHandler] ERROR pipeline.PipelineActionHandler (PipelineActionHandler.java:onMessage(60)) - Received pipeline action CLOSE for Pipeline[ Id: 543dff7a-402f-4975-a44c-cb890fe5b329, Nodes: 55776132-47ae-4aef-91b7-92633cf48f43{ip: 192.168.5.184, host: pr-hdds-2022-qxstf-1422721469, networkLocation: /default-rack, certSerialId: null}b176f217-5116-4f29-ae6c-8c5fe7374010{ip: 192.168.5.184, host: pr-hdds-2022-qxstf-1422721469, networkLocation: /default-rack, certSerialId: null}c5a5e6b7-bb1e-4cfc-8262-1ca252faf540{ip: 192.168.5.184, host: pr-hdds-2022-qxstf-1422721469, networkLocation: /default-rack, certSerialId: null}, Type:RATIS, Factor:THREE, State:CLOSED] from datanode 55776132-47ae-4aef-91b7-92633cf48f43{ip: 192.168.5.184, host: pr-hdds-2022-qxstf-1422721469, networkLocation: /default-rack, certSerialId: null}. Reason : WriteLog:6: (t:1, i:6), STATEMACHINELOGENTRY, client-D82C98E0250F, cid=144-writeStateMachineData interrupted.
2019-09-16 17:01:45,561 [EventQueue-PipelineActionsForPipelineActionHandler] INFO  pipeline.SCMPipelineManager (SCMPipelineManager.java:finalizeAndDestroyPipeline(311)) - destroying pipeline:Pipeline[ Id: 543dff7a-402f-4975-a44c-cb890fe5b329, Nodes: 55776132-47ae-4aef-91b7-92633cf48f43{ip: 192.168.5.184, host: pr-hdds-2022-qxstf-1422721469, networkLocation: /default-rack, certSerialId: null}b176f217-5116-4f29-ae6c-8c5fe7374010{ip: 192.168.5.184, host: pr-hdds-2022-qxstf-1422721469, networkLocation: /default-rack, certSerialId: null}c5a5e6b7-bb1e-4cfc-8262-1ca252faf540{ip: 192.168.5.184, host: pr-hdds-2022-qxstf-1422721469, networkLocation: /default-rack, certSerialId: null}, Type:RATIS, Factor:THREE, State:CLOSED]
2019-09-16 17:01:45,579 [grpc-default-executor-7] INFO  segmented.SegmentedRaftLogWorker (SegmentedRaftLogWorker.java:close(228)) - 55776132-47ae-4aef-91b7-92633cf48f43@group-CB890FE5B329-SegmentedRaftLogWorker close()
2019-09-16 17:01:45,603 [grpc-default-executor-7] INFO  interfaces.Container (KeyValueContainer.java:flushAndSyncDB(386)) - Container 7 is synced with bcsId 3.
2019-09-16 17:01:45,603 [grpc-default-executor-7] INFO  interfaces.Container (KeyValueContainer.java:flushAndSyncDB(386)) - Container 7 is synced with bcsId 3.
2019-09-16 17:01:45,665 [EventQueue-IncrementalContainerReportForIncrementalContainerReportHandler] INFO  container.IncrementalContainerReportHandler (AbstractContainerReportHandler.java:updateContainerState(169)) - Moving container #7 to QUASI_CLOSED state, datanode 55776132-47ae-4aef-91b7-92633cf48f43{ip: 192.168.5.184, host: pr-hdds-2022-qxstf-1422721469, networkLocation: /default-rack, certSerialId: null} reported QUASI_CLOSED replica.
2019-09-16 17:01:45,912 [main] WARN  io.KeyOutputStream (KeyOutputStream.java:handleException(276)) - Encountered exception java.io.IOException: Unexpected Storage Container Exception: java.util.concurrent.CompletionException: java.util.concurrent.CompletionException: org.apache.ratis.protocol.GroupMismatchException: 55776132-47ae-4aef-91b7-92633cf48f43: group-CB890FE5B329 not found. on the pipeline Pipeline[ Id: 543dff7a-402f-4975-a44c-cb890fe5b329, Nodes: 55776132-47ae-4aef-91b7-92633cf48f43{ip: 192.168.5.184, host: pr-hdds-2022-qxstf-1422721469, networkLocation: /default-rack, certSerialId: null}b176f217-5116-4f29-ae6c-8c5fe7374010{ip: 192.168.5.184, host: pr-hdds-2022-qxstf-1422721469, networkLocation: /default-rack, certSerialId: null}c5a5e6b7-bb1e-4cfc-8262-1ca252faf540{ip: 192.168.5.184, host: pr-hdds-2022-qxstf-1422721469, networkLocation: /default-rack, certSerialId: null}, Type:RATIS, Factor:THREE, State:OPEN]. The last committed block length is 0, uncommitted data length is 400 retry count 0
2019-09-16 17:01:46,013 [grpc-default-executor-7] INFO  interfaces.Container (KeyValueContainer.java:flushAndSyncDB(386)) - Container 8 is synced with bcsId 0.
2019-09-16 17:01:46,013 [grpc-default-executor-7] INFO  interfaces.Container (KeyValueContainer.java:flushAndSyncDB(386)) - Container 8 is synced with bcsId 0.
2019-09-16 17:01:46,067 [EventQueue-IncrementalContainerReportForIncrementalContainerReportHandler] INFO  container.IncrementalContainerReportHandler (AbstractContainerReportHandler.java:updateContainerState(169)) - Moving container #8 to QUASI_CLOSED state, datanode 55776132-47ae-4aef-91b7-92633cf48f43{ip: 192.168.5.184, host: pr-hdds-2022-qxstf-1422721469, networkLocation: /default-rack, certSerialId: null} reported QUASI_CLOSED replica.
2019-09-16 17:01:46,072 [grpc-default-executor-7] INFO  impl.RaftServerProxy (RaftServerProxy.java:remove(95)) - b176f217-5116-4f29-ae6c-8c5fe7374010: remove    LEADER b176f217-5116-4f29-ae6c-8c5fe7374010@group-CB890FE5B329:t1, leader=b176f217-5116-4f29-ae6c-8c5fe7374010, voted=b176f217-5116-4f29-ae6c-8c5fe7374010, raftlog=b176f217-5116-4f29-ae6c-8c5fe7374010@group-CB890FE5B329-SegmentedRaftLog:OPENED:c4,f4,i11, conf=0: [55776132-47ae-4aef-91b7-92633cf48f43:192.168.5.184:33378, c5a5e6b7-bb1e-4cfc-8262-1ca252faf540:192.168.5.184:34221, b176f217-5116-4f29-ae6c-8c5fe7374010:192.168.5.184:36714], old=null RUNNING
2019-09-16 17:01:46,072 [grpc-default-executor-7] INFO  impl.RaftServerImpl (RaftServerImpl.java:lambda$shutdown$3(251)) - b176f217-5116-4f29-ae6c-8c5fe7374010@group-CB890FE5B329: shutdown
2019-09-16 17:01:46,072 [grpc-default-executor-7] INFO  util.JmxRegister (JmxRegister.java:unregister(73)) - Successfully un-registered JMX Bean with object name Ratis:service=RaftServer,group=group-CB890FE5B329,id=b176f217-5116-4f29-ae6c-8c5fe7374010
2019-09-16 17:01:46,073 [grpc-default-executor-7] INFO  impl.RoleInfo (RoleInfo.java:shutdownLeaderState(104)) - b176f217-5116-4f29-ae6c-8c5fe7374010: shutdown LeaderState
2019-09-16 17:01:46,078 [grpc-default-executor-7] INFO  impl.PendingRequests (PendingRequests.java:sendNotLeaderResponses(202)) - b176f217-5116-4f29-ae6c-8c5fe7374010-PendingRequests: sendNotLeaderResponses
2019-09-16 17:01:46,078 [org.apache.ratis.server.impl.LogAppender$AppenderDaemon$$Lambda$508/1360433104@7cc27264] WARN  server.GrpcLogAppender (GrpcLogAppender.java:mayWait(143)) - b176f217-5116-4f29-ae6c-8c5fe7374010@group-CB890FE5B329->c5a5e6b7-bb1e-4cfc-8262-1ca252faf540-GrpcLogAppender: Wait interrupted by java.lang.InterruptedException
2019-09-16 17:01:46,078 [org.apache.ratis.server.impl.LogAppender$AppenderDaemon$$Lambda$508/1360433104@50c8520] WARN  server.GrpcLogAppender (GrpcLogAppender.java:mayWait(143)) - b176f217-5116-4f29-ae6c-8c5fe7374010@group-CB890FE5B329->55776132-47ae-4aef-91b7-92633cf48f43-GrpcLogAppender: Wait interrupted by java.lang.InterruptedException
2019-09-16 17:01:46,079 [grpc-default-executor-8] INFO  server.GrpcServerProtocolService (GrpcServerProtocolService.java:onCompleted(113)) - 55776132-47ae-4aef-91b7-92633cf48f43: Completed APPEND_ENTRIES, lastRequest: b176f217-5116-4f29-ae6c-8c5fe7374010->55776132-47ae-4aef-91b7-92633cf48f43#158-t1, previous=(t:1, i:11), leaderCommit=4, initializing? false, entries: <empty>
2019-09-16 17:01:46,079 [grpc-default-executor-4] INFO  server.GrpcServerProtocolService (GrpcServerProtocolService.java:onCompleted(113)) - c5a5e6b7-bb1e-4cfc-8262-1ca252faf540: Completed APPEND_ENTRIES, lastRequest: b176f217-5116-4f29-ae6c-8c5fe7374010->c5a5e6b7-bb1e-4cfc-8262-1ca252faf540#158-t1, previous=(t:1, i:11), leaderCommit=4, initializing? false, entries: <empty>
2019-09-16 17:01:46,084 [grpc-default-executor-7] INFO  impl.StateMachineUpdater (StateMachineUpdater.java:stopAndJoin(125)) - b176f217-5116-4f29-ae6c-8c5fe7374010@group-CB890FE5B329-StateMachineUpdater: set stopIndex = 4
2019-09-16 17:01:46,085 [b176f217-5116-4f29-ae6c-8c5fe7374010@group-CB890FE5B329-StateMachineUpdater] INFO  ratis.ContainerStateMachine (ContainerStateMachine.java:takeSnapshot(289)) - group-CB890FE5B329: Taking a snapshot at:(t:1, i:4) file /workdir/hadoop-ozone/integration-test/target/test-dir/MiniOzoneClusterImpl-b381268c-58bb-44dd-9423-5f17a34efe38/datanode-3/data/ratis/543dff7a-402f-4975-a44c-cb890fe5b329/sm/snapshot.1_4
2019-09-16 17:01:46,085 [grpc-default-executor-4] INFO  server.GrpcLogAppender (GrpcLogAppender.java:onCompleted(293)) - b176f217-5116-4f29-ae6c-8c5fe7374010@group-CB890FE5B329->55776132-47ae-4aef-91b7-92633cf48f43-AppendLogResponseHandler: follower responses appendEntries COMPLETED
2019-09-16 17:01:46,085 [grpc-default-executor-8] INFO  server.GrpcLogAppender (GrpcLogAppender.java:onCompleted(293)) - b176f217-5116-4f29-ae6c-8c5fe7374010@group-CB890FE5B329->c5a5e6b7-bb1e-4cfc-8262-1ca252faf540-AppendLogResponseHandler: follower responses appendEntries COMPLETED
2019-09-16 17:01:46,085 [grpc-default-executor-4] INFO  impl.FollowerInfo (FollowerInfo.java:lambda$new$0(51)) - b176f217-5116-4f29-ae6c-8c5fe7374010@group-CB890FE5B329->55776132-47ae-4aef-91b7-92633cf48f43: nextIndex: updateUnconditionally 12 -> 5
2019-09-16 17:01:46,085 [grpc-default-executor-8] INFO  impl.FollowerInfo (FollowerInfo.java:lambda$new$0(51)) - b176f217-5116-4f29-ae6c-8c5fe7374010@group-CB890FE5B329->c5a5e6b7-bb1e-4cfc-8262-1ca252faf540: nextIndex: updateUnconditionally 12 -> 5
2019-09-16 17:01:46,104 [b176f217-5116-4f29-ae6c-8c5fe7374010@group-CB890FE5B329-StateMachineUpdater] INFO  ratis.ContainerStateMachine (ContainerStateMachine.java:takeSnapshot(300)) - group-CB890FE5B329: Finished taking a snapshot at:(t:1, i:4) file:/workdir/hadoop-ozone/integration-test/target/test-dir/MiniOzoneClusterImpl-b381268c-58bb-44dd-9423-5f17a34efe38/datanode-3/data/ratis/543dff7a-402f-4975-a44c-cb890fe5b329/sm/snapshot.1_4 time:19
2019-09-16 17:01:46,104 [b176f217-5116-4f29-ae6c-8c5fe7374010@group-CB890FE5B329-StateMachineUpdater] INFO  impl.StateMachineUpdater (StateMachineUpdater.java:takeSnapshot(258)) - b176f217-5116-4f29-ae6c-8c5fe7374010@group-CB890FE5B329-StateMachineUpdater: Took a snapshot at index 4
2019-09-16 17:01:46,104 [b176f217-5116-4f29-ae6c-8c5fe7374010@group-CB890FE5B329-StateMachineUpdater] INFO  impl.StateMachineUpdater (StateMachineUpdater.java:lambda$new$0(83)) - b176f217-5116-4f29-ae6c-8c5fe7374010@group-CB890FE5B329-StateMachineUpdater: snapshotIndex: updateIncreasingly -1 -> 4
2019-09-16 17:01:46,104 [grpc-default-executor-7] INFO  impl.RaftServerImpl (ServerState.java:close(385)) - b176f217-5116-4f29-ae6c-8c5fe7374010@group-CB890FE5B329: closes. applyIndex: 4
2019-09-16 17:01:46,106 [Command processor thread] ERROR commandhandler.CloseContainerCommandHandler (CloseContainerCommandHandler.java:handle(125)) - Can't close container #8
java.io.IOException: org.apache.ratis.protocol.GroupMismatchException: b176f217-5116-4f29-ae6c-8c5fe7374010: group-CB890FE5B329 not found.
	at org.apache.hadoop.ozone.container.common.transport.server.ratis.XceiverServerRatis.submitRequest(XceiverServerRatis.java:502)
	at org.apache.hadoop.ozone.container.common.statemachine.commandhandler.CloseContainerCommandHandler.handle(CloseContainerCommandHandler.java:102)
	at org.apache.hadoop.ozone.container.common.statemachine.commandhandler.CommandDispatcher.handle(CommandDispatcher.java:99)
	at org.apache.hadoop.ozone.container.common.statemachine.DatanodeStateMachine.lambda$initCommandHandlerThread$1(DatanodeStateMachine.java:432)
	at java.lang.Thread.run(Thread.java:748)
Caused by: java.util.concurrent.ExecutionException: org.apache.ratis.protocol.GroupMismatchException: b176f217-5116-4f29-ae6c-8c5fe7374010: group-CB890FE5B329 not found.
	at java.util.concurrent.CompletableFuture.reportGet(CompletableFuture.java:357)
	at java.util.concurrent.CompletableFuture.get(CompletableFuture.java:1895)
	at org.apache.hadoop.ozone.container.common.transport.server.ratis.XceiverServerRatis.submitRequest(XceiverServerRatis.java:500)
	... 4 more
Caused by: org.apache.ratis.protocol.GroupMismatchException: b176f217-5116-4f29-ae6c-8c5fe7374010: group-CB890FE5B329 not found.
	at org.apache.ratis.server.impl.RaftServerProxy$ImplMap.get(RaftServerProxy.java:122)
	at org.apache.ratis.server.impl.RaftServerProxy.getImplFuture(RaftServerProxy.java:269)
	at org.apache.ratis.server.impl.RaftServerProxy.submitRequest(RaftServerProxy.java:327)
	at org.apache.ratis.server.impl.RaftServerProxy.submitClientRequestAsync(RaftServerProxy.java:333)
	... 5 more
2019-09-16 17:01:46,106 [b176f217-5116-4f29-ae6c-8c5fe7374010@group-CB890FE5B329-SegmentedRaftLogWorker] ERROR ratis.XceiverServerRatis (XceiverServerRatis.java:triggerPipelineClose(575)) - pipeline Action CLOSE  on pipeline PipelineID=543dff7a-402f-4975-a44c-cb890fe5b329.Reason : WriteLog:5: (t:1, i:5), STATEMACHINELOGENTRY, client-D82C98E0250F, cid=143-writeStateMachineData interrupted.
2019-09-16 17:01:46,111 [EventQueue-PipelineActionsForPipelineActionHandler] ERROR pipeline.PipelineActionHandler (PipelineActionHandler.java:onMessage(60)) - Received pipeline action CLOSE for Pipeline[ Id: 543dff7a-402f-4975-a44c-cb890fe5b329, Nodes: 55776132-47ae-4aef-91b7-92633cf48f43{ip: 192.168.5.184, host: pr-hdds-2022-qxstf-1422721469, networkLocation: /default-rack, certSerialId: null}b176f217-5116-4f29-ae6c-8c5fe7374010{ip: 192.168.5.184, host: pr-hdds-2022-qxstf-1422721469, networkLocation: /default-rack, certSerialId: null}c5a5e6b7-bb1e-4cfc-8262-1ca252faf540{ip: 192.168.5.184, host: pr-hdds-2022-qxstf-1422721469, networkLocation: /default-rack, certSerialId: null}, Type:RATIS, Factor:THREE, State:CLOSED] from datanode b176f217-5116-4f29-ae6c-8c5fe7374010{ip: 192.168.5.184, host: pr-hdds-2022-qxstf-1422721469, networkLocation: /default-rack, certSerialId: null}. Reason : WriteLog:5: (t:1, i:5), STATEMACHINELOGENTRY, client-D82C98E0250F, cid=143-writeStateMachineData interrupted.
2019-09-16 17:01:46,111 [EventQueue-PipelineActionsForPipelineActionHandler] INFO  pipeline.SCMPipelineManager (SCMPipelineManager.java:finalizeAndDestroyPipeline(311)) - destroying pipeline:Pipeline[ Id: 543dff7a-402f-4975-a44c-cb890fe5b329, Nodes: 55776132-47ae-4aef-91b7-92633cf48f43{ip: 192.168.5.184, host: pr-hdds-2022-qxstf-1422721469, networkLocation: /default-rack, certSerialId: null}b176f217-5116-4f29-ae6c-8c5fe7374010{ip: 192.168.5.184, host: pr-hdds-2022-qxstf-1422721469, networkLocation: /default-rack, certSerialId: null}c5a5e6b7-bb1e-4cfc-8262-1ca252faf540{ip: 192.168.5.184, host: pr-hdds-2022-qxstf-1422721469, networkLocation: /default-rack, certSerialId: null}, Type:RATIS, Factor:THREE, State:CLOSED]
2019-09-16 17:01:46,117 [grpc-default-executor-7] INFO  segmented.SegmentedRaftLogWorker (SegmentedRaftLogWorker.java:close(228)) - b176f217-5116-4f29-ae6c-8c5fe7374010@group-CB890FE5B329-SegmentedRaftLogWorker close()
2019-09-16 17:01:46,138 [grpc-default-executor-7] INFO  interfaces.Container (KeyValueContainer.java:flushAndSyncDB(386)) - Container 7 is synced with bcsId 3.
2019-09-16 17:01:46,138 [grpc-default-executor-7] INFO  interfaces.Container (KeyValueContainer.java:flushAndSyncDB(386)) - Container 7 is synced with bcsId 3.
2019-09-16 17:01:46,232 [grpc-default-executor-8] INFO  client.GrpcClientProtocolClient (GrpcClientProtocolClient.java:onNext(264)) - client-A833F8C579F1->445370a6-3850-4457-9c2c-f37f35928d12: receive RaftClientReply:client-A833F8C579F1->445370a6-3850-4457-9c2c-f37f35928d12@group-26FADD92D351, cid=237, SUCCESS, logIndex=13, commits[445370a6-3850-4457-9c2c-f37f35928d12:c13, b38fff04-681d-43a3-90d0-26fe2e9a9866:c12, e9d750f6-56b2-4d42-a810-39328f6044b5:c12]
2019-09-16 17:01:46,271 [grpc-default-executor-7] INFO  interfaces.Container (KeyValueContainer.java:flushAndSyncDB(386)) - Container 8 is synced with bcsId 0.
2019-09-16 17:01:46,271 [grpc-default-executor-7] INFO  interfaces.Container (KeyValueContainer.java:flushAndSyncDB(386)) - Container 8 is synced with bcsId 0.
2019-09-16 17:01:46,304 [grpc-default-executor-7] INFO  client.GrpcClientProtocolClient (GrpcClientProtocolClient.java:onNext(264)) - client-A833F8C579F1->445370a6-3850-4457-9c2c-f37f35928d12: receive RaftClientReply:client-A833F8C579F1->445370a6-3850-4457-9c2c-f37f35928d12@group-26FADD92D351, cid=238, SUCCESS, logIndex=15, commits[445370a6-3850-4457-9c2c-f37f35928d12:c21, b38fff04-681d-43a3-90d0-26fe2e9a9866:c14, e9d750f6-56b2-4d42-a810-39328f6044b5:c14]
2019-09-16 17:01:46,315 [grpc-default-executor-8] INFO  impl.RaftServerProxy (RaftServerProxy.java:remove(95)) - c5a5e6b7-bb1e-4cfc-8262-1ca252faf540: remove  FOLLOWER c5a5e6b7-bb1e-4cfc-8262-1ca252faf540@group-CB890FE5B329:t1, leader=b176f217-5116-4f29-ae6c-8c5fe7374010, voted=b176f217-5116-4f29-ae6c-8c5fe7374010, raftlog=c5a5e6b7-bb1e-4cfc-8262-1ca252faf540@group-CB890FE5B329-SegmentedRaftLog:OPENED:c4,f4,i11, conf=0: [55776132-47ae-4aef-91b7-92633cf48f43:192.168.5.184:33378, c5a5e6b7-bb1e-4cfc-8262-1ca252faf540:192.168.5.184:34221, b176f217-5116-4f29-ae6c-8c5fe7374010:192.168.5.184:36714], old=null RUNNING
2019-09-16 17:01:46,316 [grpc-default-executor-8] INFO  impl.RaftServerImpl (RaftServerImpl.java:lambda$shutdown$3(251)) - c5a5e6b7-bb1e-4cfc-8262-1ca252faf540@group-CB890FE5B329: shutdown
2019-09-16 17:01:46,316 [grpc-default-executor-8] INFO  util.JmxRegister (JmxRegister.java:unregister(73)) - Successfully un-registered JMX Bean with object name Ratis:service=RaftServer,group=group-CB890FE5B329,id=c5a5e6b7-bb1e-4cfc-8262-1ca252faf540
2019-09-16 17:01:46,316 [grpc-default-executor-8] INFO  impl.RoleInfo (RoleInfo.java:shutdownFollowerState(121)) - c5a5e6b7-bb1e-4cfc-8262-1ca252faf540: shutdown FollowerState
2019-09-16 17:01:46,316 [grpc-default-executor-8] INFO  impl.StateMachineUpdater (StateMachineUpdater.java:stopAndJoin(125)) - c5a5e6b7-bb1e-4cfc-8262-1ca252faf540@group-CB890FE5B329-StateMachineUpdater: set stopIndex = 4
2019-09-16 17:01:46,317 [c5a5e6b7-bb1e-4cfc-8262-1ca252faf540@group-CB890FE5B329-StateMachineUpdater] INFO  ratis.ContainerStateMachine (ContainerStateMachine.java:takeSnapshot(289)) - group-CB890FE5B329: Taking a snapshot at:(t:1, i:3) file /workdir/hadoop-ozone/integration-test/target/test-dir/MiniOzoneClusterImpl-b381268c-58bb-44dd-9423-5f17a34efe38/datanode-5/data/ratis/543dff7a-402f-4975-a44c-cb890fe5b329/sm/snapshot.1_3
2019-09-16 17:01:46,317 [Thread-911] INFO  impl.FollowerState (FollowerState.java:run(115)) - c5a5e6b7-bb1e-4cfc-8262-1ca252faf540: FollowerState was interrupted: java.lang.InterruptedException: sleep interrupted
2019-09-16 17:01:46,335 [c5a5e6b7-bb1e-4cfc-8262-1ca252faf540@group-CB890FE5B329-StateMachineUpdater] INFO  ratis.ContainerStateMachine (ContainerStateMachine.java:takeSnapshot(300)) - group-CB890FE5B329: Finished taking a snapshot at:(t:1, i:3) file:/workdir/hadoop-ozone/integration-test/target/test-dir/MiniOzoneClusterImpl-b381268c-58bb-44dd-9423-5f17a34efe38/datanode-5/data/ratis/543dff7a-402f-4975-a44c-cb890fe5b329/sm/snapshot.1_3 time:18
2019-09-16 17:01:46,335 [c5a5e6b7-bb1e-4cfc-8262-1ca252faf540@group-CB890FE5B329-StateMachineUpdater] INFO  impl.StateMachineUpdater (StateMachineUpdater.java:takeSnapshot(258)) - c5a5e6b7-bb1e-4cfc-8262-1ca252faf540@group-CB890FE5B329-StateMachineUpdater: Took a snapshot at index 3
2019-09-16 17:01:46,335 [c5a5e6b7-bb1e-4cfc-8262-1ca252faf540@group-CB890FE5B329-StateMachineUpdater] INFO  impl.StateMachineUpdater (StateMachineUpdater.java:lambda$new$0(83)) - c5a5e6b7-bb1e-4cfc-8262-1ca252faf540@group-CB890FE5B329-StateMachineUpdater: snapshotIndex: updateIncreasingly -1 -> 3
2019-09-16 17:01:46,336 [c5a5e6b7-bb1e-4cfc-8262-1ca252faf540@group-CB890FE5B329-StateMachineUpdater] INFO  ratis.ContainerStateMachine (ContainerStateMachine.java:takeSnapshot(289)) - group-CB890FE5B329: Taking a snapshot at:(t:1, i:3) file /workdir/hadoop-ozone/integration-test/target/test-dir/MiniOzoneClusterImpl-b381268c-58bb-44dd-9423-5f17a34efe38/datanode-5/data/ratis/543dff7a-402f-4975-a44c-cb890fe5b329/sm/snapshot.1_3
2019-09-16 17:01:46,359 [c5a5e6b7-bb1e-4cfc-8262-1ca252faf540@group-CB890FE5B329-StateMachineUpdater] INFO  ratis.ContainerStateMachine (ContainerStateMachine.java:takeSnapshot(300)) - group-CB890FE5B329: Finished taking a snapshot at:(t:1, i:3) file:/workdir/hadoop-ozone/integration-test/target/test-dir/MiniOzoneClusterImpl-b381268c-58bb-44dd-9423-5f17a34efe38/datanode-5/data/ratis/543dff7a-402f-4975-a44c-cb890fe5b329/sm/snapshot.1_3 time:24
2019-09-16 17:01:46,359 [c5a5e6b7-bb1e-4cfc-8262-1ca252faf540@group-CB890FE5B329-StateMachineUpdater] INFO  impl.StateMachineUpdater (StateMachineUpdater.java:takeSnapshot(258)) - c5a5e6b7-bb1e-4cfc-8262-1ca252faf540@group-CB890FE5B329-StateMachineUpdater: Took a snapshot at index 3
2019-09-16 17:01:46,359 [c5a5e6b7-bb1e-4cfc-8262-1ca252faf540@group-CB890FE5B329-StateMachineUpdater] INFO  impl.StateMachineUpdater (StateMachineUpdater.java:lambda$new$0(83)) - c5a5e6b7-bb1e-4cfc-8262-1ca252faf540@group-CB890FE5B329-StateMachineUpdater: snapshotIndex: updateIncreasingly 3 -> 3
2019-09-16 17:01:46,360 [grpc-default-executor-8] INFO  impl.RaftServerImpl (ServerState.java:close(385)) - c5a5e6b7-bb1e-4cfc-8262-1ca252faf540@group-CB890FE5B329: closes. applyIndex: 4
2019-09-16 17:01:46,360 [c5a5e6b7-bb1e-4cfc-8262-1ca252faf540@group-CB890FE5B329-SegmentedRaftLogWorker] ERROR ratis.XceiverServerRatis (XceiverServerRatis.java:triggerPipelineClose(575)) - pipeline Action CLOSE  on pipeline PipelineID=543dff7a-402f-4975-a44c-cb890fe5b329.Reason : WriteLog:8: (t:1, i:8), STATEMACHINELOGENTRY, client-D82C98E0250F, cid=146-writeStateMachineData interrupted.
2019-09-16 17:01:46,364 [EventQueue-PipelineActionsForPipelineActionHandler] ERROR pipeline.PipelineActionHandler (PipelineActionHandler.java:onMessage(60)) - Received pipeline action CLOSE for Pipeline[ Id: 543dff7a-402f-4975-a44c-cb890fe5b329, Nodes: 55776132-47ae-4aef-91b7-92633cf48f43{ip: 192.168.5.184, host: pr-hdds-2022-qxstf-1422721469, networkLocation: /default-rack, certSerialId: null}b176f217-5116-4f29-ae6c-8c5fe7374010{ip: 192.168.5.184, host: pr-hdds-2022-qxstf-1422721469, networkLocation: /default-rack, certSerialId: null}c5a5e6b7-bb1e-4cfc-8262-1ca252faf540{ip: 192.168.5.184, host: pr-hdds-2022-qxstf-1422721469, networkLocation: /default-rack, certSerialId: null}, Type:RATIS, Factor:THREE, State:CLOSED] from datanode c5a5e6b7-bb1e-4cfc-8262-1ca252faf540{ip: 192.168.5.184, host: pr-hdds-2022-qxstf-1422721469, networkLocation: /default-rack, certSerialId: null}. Reason : WriteLog:8: (t:1, i:8), STATEMACHINELOGENTRY, client-D82C98E0250F, cid=146-writeStateMachineData interrupted.
2019-09-16 17:01:46,364 [EventQueue-PipelineActionsForPipelineActionHandler] INFO  pipeline.SCMPipelineManager (SCMPipelineManager.java:finalizeAndDestroyPipeline(311)) - destroying pipeline:Pipeline[ Id: 543dff7a-402f-4975-a44c-cb890fe5b329, Nodes: 55776132-47ae-4aef-91b7-92633cf48f43{ip: 192.168.5.184, host: pr-hdds-2022-qxstf-1422721469, networkLocation: /default-rack, certSerialId: null}b176f217-5116-4f29-ae6c-8c5fe7374010{ip: 192.168.5.184, host: pr-hdds-2022-qxstf-1422721469, networkLocation: /default-rack, certSerialId: null}c5a5e6b7-bb1e-4cfc-8262-1ca252faf540{ip: 192.168.5.184, host: pr-hdds-2022-qxstf-1422721469, networkLocation: /default-rack, certSerialId: null}, Type:RATIS, Factor:THREE, State:CLOSED]
2019-09-16 17:01:46,371 [grpc-default-executor-8] INFO  segmented.SegmentedRaftLogWorker (SegmentedRaftLogWorker.java:close(228)) - c5a5e6b7-bb1e-4cfc-8262-1ca252faf540@group-CB890FE5B329-SegmentedRaftLogWorker close()
2019-09-16 17:01:46,393 [grpc-default-executor-7] INFO  client.GrpcClientProtocolClient (GrpcClientProtocolClient.java:onNext(264)) - client-A833F8C579F1->445370a6-3850-4457-9c2c-f37f35928d12: receive RaftClientReply:client-A833F8C579F1->445370a6-3850-4457-9c2c-f37f35928d12@group-26FADD92D351, cid=239, SUCCESS, logIndex=16, commits[445370a6-3850-4457-9c2c-f37f35928d12:c24, b38fff04-681d-43a3-90d0-26fe2e9a9866:c20, e9d750f6-56b2-4d42-a810-39328f6044b5:c20]
2019-09-16 17:01:46,394 [grpc-default-executor-7] INFO  client.GrpcClientProtocolClient (GrpcClientProtocolClient.java:onNext(264)) - client-A833F8C579F1->445370a6-3850-4457-9c2c-f37f35928d12: receive RaftClientReply:client-A833F8C579F1->445370a6-3850-4457-9c2c-f37f35928d12@group-26FADD92D351, cid=240, SUCCESS, logIndex=17, commits[445370a6-3850-4457-9c2c-f37f35928d12:c24, b38fff04-681d-43a3-90d0-26fe2e9a9866:c20, e9d750f6-56b2-4d42-a810-39328f6044b5:c20]
2019-09-16 17:01:46,394 [grpc-default-executor-7] INFO  client.GrpcClientProtocolClient (GrpcClientProtocolClient.java:onNext(264)) - client-A833F8C579F1->445370a6-3850-4457-9c2c-f37f35928d12: receive RaftClientReply:client-A833F8C579F1->445370a6-3850-4457-9c2c-f37f35928d12@group-26FADD92D351, cid=241, SUCCESS, logIndex=18, commits[445370a6-3850-4457-9c2c-f37f35928d12:c24, b38fff04-681d-43a3-90d0-26fe2e9a9866:c20, e9d750f6-56b2-4d42-a810-39328f6044b5:c20]
2019-09-16 17:01:46,548 [grpc-default-executor-8] INFO  interfaces.Container (KeyValueContainer.java:flushAndSyncDB(386)) - Container 7 is synced with bcsId 3.
2019-09-16 17:01:46,549 [grpc-default-executor-8] INFO  interfaces.Container (KeyValueContainer.java:flushAndSyncDB(386)) - Container 7 is synced with bcsId 3.
2019-09-16 17:01:46,555 [grpc-default-executor-7] INFO  client.GrpcClientProtocolClient (GrpcClientProtocolClient.java:onNext(264)) - client-A833F8C579F1->445370a6-3850-4457-9c2c-f37f35928d12: receive RaftClientReply:client-A833F8C579F1->445370a6-3850-4457-9c2c-f37f35928d12@group-26FADD92D351, cid=242, SUCCESS, logIndex=19, commits[445370a6-3850-4457-9c2c-f37f35928d12:c24, b38fff04-681d-43a3-90d0-26fe2e9a9866:c20, e9d750f6-56b2-4d42-a810-39328f6044b5:c20]
]]></system-out>
    <system-err><![CDATA[Sep 16, 2019 4:59:54 PM org.apache.ratis.thirdparty.io.grpc.internal.ManagedChannelOrphanWrapper$ManagedChannelReference cleanQueue
SEVERE: *~*~*~ Channel ManagedChannelImpl{logId=1503, target=192.168.5.184:40437} was not shutdown properly!!! ~*~*~*
    Make sure to call shutdown()/shutdownNow() and wait until awaitTermination() returns true.
java.lang.RuntimeException: ManagedChannel allocation site
	at org.apache.ratis.thirdparty.io.grpc.internal.ManagedChannelOrphanWrapper$ManagedChannelReference.<init>(ManagedChannelOrphanWrapper.java:103)
	at org.apache.ratis.thirdparty.io.grpc.internal.ManagedChannelOrphanWrapper.<init>(ManagedChannelOrphanWrapper.java:53)
	at org.apache.ratis.thirdparty.io.grpc.internal.ManagedChannelOrphanWrapper.<init>(ManagedChannelOrphanWrapper.java:44)
	at org.apache.ratis.thirdparty.io.grpc.internal.AbstractManagedChannelImplBuilder.build(AbstractManagedChannelImplBuilder.java:411)
	at org.apache.ratis.grpc.client.GrpcClientProtocolClient.<init>(GrpcClientProtocolClient.java:127)
	at org.apache.ratis.grpc.client.GrpcClientRpc.lambda$new$0(GrpcClientRpc.java:55)
	at org.apache.ratis.util.PeerProxyMap$PeerAndProxy.lambda$getProxy$0(PeerProxyMap.java:61)
	at org.apache.ratis.util.LifeCycle.startAndTransition(LifeCycle.java:202)
	at org.apache.ratis.util.PeerProxyMap$PeerAndProxy.getProxy(PeerProxyMap.java:60)
	at org.apache.ratis.util.PeerProxyMap.getProxy(PeerProxyMap.java:108)
	at org.apache.ratis.grpc.client.GrpcClientRpc.sendRequestAsync(GrpcClientRpc.java:66)
	at org.apache.ratis.client.impl.OrderedAsync.sendRequest(OrderedAsync.java:208)
	at org.apache.ratis.client.impl.OrderedAsync.sendRequestWithRetry(OrderedAsync.java:169)
	at org.apache.ratis.util.SlidingWindow$Client.sendOrDelayRequest(SlidingWindow.java:278)
	at org.apache.ratis.util.SlidingWindow$Client.retry(SlidingWindow.java:294)
	at org.apache.ratis.client.impl.OrderedAsync.lambda$scheduleWithTimeout$7(OrderedAsync.java:195)
	at org.apache.ratis.util.TimeoutScheduler.lambda$onTimeout$0(TimeoutScheduler.java:113)
	at org.apache.ratis.util.TimeoutScheduler.lambda$onTimeout$1(TimeoutScheduler.java:133)
	at org.apache.ratis.util.LogUtils.runAndLog(LogUtils.java:50)
	at org.apache.ratis.util.LogUtils$1.run(LogUtils.java:91)
	at java.util.concurrent.Executors$RunnableAdapter.call(Executors.java:511)
	at java.util.concurrent.FutureTask.run(FutureTask.java:266)
	at java.util.concurrent.ScheduledThreadPoolExecutor$ScheduledFutureTask.access$201(ScheduledThreadPoolExecutor.java:180)
	at java.util.concurrent.ScheduledThreadPoolExecutor$ScheduledFutureTask.run(ScheduledThreadPoolExecutor.java:293)
	at java.util.concurrent.ThreadPoolExecutor.runWorker(ThreadPoolExecutor.java:1149)
	at java.util.concurrent.ThreadPoolExecutor$Worker.run(ThreadPoolExecutor.java:624)
	at java.lang.Thread.run(Thread.java:748)

]]></system-err>
  </testcase>
</testsuite>