<?xml version="1.0" encoding="UTF-8"?>
<testsuite xmlns:xsi="http://www.w3.org/2001/XMLSchema-instance" xsi:noNamespaceSchemaLocation="https://maven.apache.org/surefire/maven-surefire-plugin/xsd/surefire-test-report.xsd" name="org.apache.hadoop.ozone.client.rpc.TestContainerReplicationEndToEnd" time="27.323" tests="1" errors="1" skipped="0" failures="0">
  <properties>
    <property name="awt.toolkit" value="sun.awt.X11.XToolkit"/>
    <property name="file.encoding.pkg" value="sun.io"/>
    <property name="java.specification.version" value="1.8"/>
    <property name="sun.cpu.isalist" value=""/>
    <property name="sun.jnu.encoding" value="UTF-8"/>
    <property name="java.class.path" value="/workdir/hadoop-ozone/integration-test/target/test-classes:/workdir/hadoop-ozone/integration-test/target/classes:/home/user/.m2/repository/org/apache/hadoop/hadoop-ozone-common/0.5.0-SNAPSHOT/hadoop-ozone-common-0.5.0-SNAPSHOT.jar:/home/user/.m2/repository/org/apache/commons/commons-compress/1.4.1/commons-compress-1.4.1.jar:/home/user/.m2/repository/org/tukaani/xz/1.0/xz-1.0.jar:/home/user/.m2/repository/org/apache/hadoop/hadoop-common/3.2.0/hadoop-common-3.2.0.jar:/home/user/.m2/repository/org/apache/hadoop/hadoop-hdfs/3.2.0/hadoop-hdfs-3.2.0.jar:/home/user/.m2/repository/org/apache/hadoop/hadoop-hdfs-client/3.2.0/hadoop-hdfs-client-3.2.0.jar:/home/user/.m2/repository/com/fasterxml/jackson/core/jackson-annotations/2.9.9/jackson-annotations-2.9.9.jar:/home/user/.m2/repository/org/apache/hadoop/hadoop-hdds-common/0.5.0-SNAPSHOT/hadoop-hdds-common-0.5.0-SNAPSHOT.jar:/home/user/.m2/repository/javax/annotation/javax.annotation-api/1.2/javax.annotation-api-1.2.jar:/home/user/.m2/repository/org/apache/ratis/ratis-server/0.4.0-78e95b9-SNAPSHOT/ratis-server-0.4.0-78e95b9-SNAPSHOT.jar:/home/user/.m2/repository/org/apache/ratis/ratis-thirdparty-misc/0.2.0/ratis-thirdparty-misc-0.2.0.jar:/home/user/.m2/repository/org/apache/ratis/ratis-proto/0.4.0-78e95b9-SNAPSHOT/ratis-proto-0.4.0-78e95b9-SNAPSHOT.jar:/home/user/.m2/repository/org/apache/ratis/ratis-common/0.4.0-78e95b9-SNAPSHOT/ratis-common-0.4.0-78e95b9-SNAPSHOT.jar:/home/user/.m2/repository/org/apache/ratis/ratis-client/0.4.0-78e95b9-SNAPSHOT/ratis-client-0.4.0-78e95b9-SNAPSHOT.jar:/home/user/.m2/repository/org/apache/ratis/ratis-metrics/0.4.0-78e95b9-SNAPSHOT/ratis-metrics-0.4.0-78e95b9-SNAPSHOT.jar:/home/user/.m2/repository/com/github/joshelser/dropwizard-metrics-hadoop-metrics2-reporter/0.1.2/dropwizard-metrics-hadoop-metrics2-reporter-0.1.2.jar:/home/user/.m2/repository/io/dropwizard/metrics/metrics-jvm/3.2.5/metrics-jvm-3.2.5.jar:/home/user/.m2/repository/io/dropwizard/metrics/metrics-ganglia/3.2.5/metrics-ganglia-3.2.5.jar:/home/user/.m2/repository/info/ganglia/gmetric4j/gmetric4j/1.0.7/gmetric4j-1.0.7.jar:/home/user/.m2/repository/org/apache/ratis/ratis-netty/0.4.0-78e95b9-SNAPSHOT/ratis-netty-0.4.0-78e95b9-SNAPSHOT.jar:/home/user/.m2/repository/org/apache/ratis/ratis-grpc/0.4.0-78e95b9-SNAPSHOT/ratis-grpc-0.4.0-78e95b9-SNAPSHOT.jar:/home/user/.m2/repository/org/rocksdb/rocksdbjni/6.0.1/rocksdbjni-6.0.1.jar:/home/user/.m2/repository/org/apache/logging/log4j/log4j-api/2.11.0/log4j-api-2.11.0.jar:/home/user/.m2/repository/org/apache/logging/log4j/log4j-core/2.11.0/log4j-core-2.11.0.jar:/home/user/.m2/repository/com/lmax/disruptor/3.4.2/disruptor-3.4.2.jar:/home/user/.m2/repository/org/apache/commons/commons-pool2/2.6.0/commons-pool2-2.6.0.jar:/home/user/.m2/repository/org/bouncycastle/bcpkix-jdk15on/1.60/bcpkix-jdk15on-1.60.jar:/home/user/.m2/repository/commons-validator/commons-validator/1.6/commons-validator-1.6.jar:/home/user/.m2/repository/commons-digester/commons-digester/1.8.1/commons-digester-1.8.1.jar:/home/user/.m2/repository/io/jaegertracing/jaeger-client/0.34.0/jaeger-client-0.34.0.jar:/home/user/.m2/repository/io/jaegertracing/jaeger-thrift/0.34.0/jaeger-thrift-0.34.0.jar:/home/user/.m2/repository/org/apache/thrift/libthrift/0.12.0/libthrift-0.12.0.jar:/home/user/.m2/repository/com/squareup/okhttp3/okhttp/3.9.0/okhttp-3.9.0.jar:/home/user/.m2/repository/com/squareup/okio/okio/1.13.0/okio-1.13.0.jar:/home/user/.m2/repository/io/jaegertracing/jaeger-core/0.34.0/jaeger-core-0.34.0.jar:/home/user/.m2/repository/io/jaegertracing/jaeger-tracerresolver/0.34.0/jaeger-tracerresolver-0.34.0.jar:/home/user/.m2/repository/io/opentracing/contrib/opentracing-tracerresolver/0.1.5/opentracing-tracerresolver-0.1.5.jar:/home/user/.m2/repository/io/opentracing/opentracing-util/0.31.0/opentracing-util-0.31.0.jar:/home/user/.m2/repository/io/opentracing/opentracing-api/0.31.0/opentracing-api-0.31.0.jar:/home/user/.m2/repository/io/opentracing/opentracing-noop/0.31.0/opentracing-noop-0.31.0.jar:/home/user/.m2/repository/org/apache/hadoop/hadoop-hdds-server-framework/0.5.0-SNAPSHOT/hadoop-hdds-server-framework-0.5.0-SNAPSHOT.jar:/home/user/.m2/repository/org/apache/hadoop/hadoop-hdds-container-service/0.5.0-SNAPSHOT/hadoop-hdds-container-service-0.5.0-SNAPSHOT.jar:/home/user/.m2/repository/org/apache/hadoop/hadoop-hdds-client/0.5.0-SNAPSHOT/hadoop-hdds-client-0.5.0-SNAPSHOT.jar:/home/user/.m2/repository/org/apache/hadoop/hadoop-hdds-tools/0.5.0-SNAPSHOT/hadoop-hdds-tools-0.5.0-SNAPSHOT.jar:/home/user/.m2/repository/org/apache/hadoop/hadoop-hdds-server-scm/0.5.0-SNAPSHOT/hadoop-hdds-server-scm-0.5.0-SNAPSHOT.jar:/home/user/.m2/repository/org/apache/hadoop/hadoop-hdds-docs/0.5.0-SNAPSHOT/hadoop-hdds-docs-0.5.0-SNAPSHOT.jar:/home/user/.m2/repository/io/dropwizard/metrics/metrics-core/3.2.4/metrics-core-3.2.4.jar:/home/user/.m2/repository/org/hamcrest/hamcrest-all/1.3/hamcrest-all-1.3.jar:/home/user/.m2/repository/org/bouncycastle/bcprov-jdk15on/1.60/bcprov-jdk15on-1.60.jar:/home/user/.m2/repository/info/picocli/picocli/3.9.6/picocli-3.9.6.jar:/home/user/.m2/repository/com/google/protobuf/protobuf-java/2.5.0/protobuf-java-2.5.0.jar:/home/user/.m2/repository/com/google/guava/guava/11.0.2/guava-11.0.2.jar:/home/user/.m2/repository/org/apache/hadoop/hadoop-ozone-ozone-manager/0.5.0-SNAPSHOT/hadoop-ozone-ozone-manager-0.5.0-SNAPSHOT.jar:/home/user/.m2/repository/org/apache/hadoop/hadoop-minikdc/3.2.0/hadoop-minikdc-3.2.0.jar:/home/user/.m2/repository/commons-io/commons-io/2.5/commons-io-2.5.jar:/home/user/.m2/repository/org/apache/kerby/kerb-simplekdc/1.0.1/kerb-simplekdc-1.0.1.jar:/home/user/.m2/repository/org/apache/kerby/kerb-client/1.0.1/kerb-client-1.0.1.jar:/home/user/.m2/repository/org/apache/kerby/kerby-config/1.0.1/kerby-config-1.0.1.jar:/home/user/.m2/repository/org/apache/kerby/kerb-core/1.0.1/kerb-core-1.0.1.jar:/home/user/.m2/repository/org/apache/kerby/kerby-pkix/1.0.1/kerby-pkix-1.0.1.jar:/home/user/.m2/repository/org/apache/kerby/kerby-asn1/1.0.1/kerby-asn1-1.0.1.jar:/home/user/.m2/repository/org/apache/kerby/kerby-util/1.0.1/kerby-util-1.0.1.jar:/home/user/.m2/repository/org/apache/kerby/kerb-common/1.0.1/kerb-common-1.0.1.jar:/home/user/.m2/repository/org/apache/kerby/kerb-crypto/1.0.1/kerb-crypto-1.0.1.jar:/home/user/.m2/repository/org/apache/kerby/kerb-util/1.0.1/kerb-util-1.0.1.jar:/home/user/.m2/repository/org/apache/kerby/token-provider/1.0.1/token-provider-1.0.1.jar:/home/user/.m2/repository/org/apache/kerby/kerb-admin/1.0.1/kerb-admin-1.0.1.jar:/home/user/.m2/repository/org/apache/kerby/kerb-server/1.0.1/kerb-server-1.0.1.jar:/home/user/.m2/repository/org/apache/kerby/kerb-identity/1.0.1/kerb-identity-1.0.1.jar:/home/user/.m2/repository/org/apache/kerby/kerby-xdr/1.0.1/kerby-xdr-1.0.1.jar:/home/user/.m2/repository/org/slf4j/slf4j-log4j12/1.7.25/slf4j-log4j12-1.7.25.jar:/home/user/.m2/repository/org/apache/hadoop/hadoop-ozone-s3gateway/0.5.0-SNAPSHOT/hadoop-ozone-s3gateway-0.5.0-SNAPSHOT.jar:/home/user/.m2/repository/org/jboss/weld/servlet/weld-servlet/2.4.7.Final/weld-servlet-2.4.7.Final.jar:/home/user/.m2/repository/org/glassfish/jersey/containers/jersey-container-servlet-core/2.27/jersey-container-servlet-core-2.27.jar:/home/user/.m2/repository/org/glassfish/hk2/external/javax.inject/2.5.0-b42/javax.inject-2.5.0-b42.jar:/home/user/.m2/repository/org/glassfish/jersey/core/jersey-common/2.27/jersey-common-2.27.jar:/home/user/.m2/repository/org/glassfish/hk2/osgi-resource-locator/1.0.1/osgi-resource-locator-1.0.1.jar:/home/user/.m2/repository/javax/ws/rs/javax.ws.rs-api/2.1/javax.ws.rs-api-2.1.jar:/home/user/.m2/repository/org/glassfish/jersey/ext/cdi/jersey-cdi1x/2.27/jersey-cdi1x-2.27.jar:/home/user/.m2/repository/org/glassfish/jersey/inject/jersey-hk2/2.27/jersey-hk2-2.27.jar:/home/user/.m2/repository/org/glassfish/hk2/hk2-locator/2.5.0-b42/hk2-locator-2.5.0-b42.jar:/home/user/.m2/repository/org/javassist/javassist/3.22.0-CR2/javassist-3.22.0-CR2.jar:/home/user/.m2/repository/org/glassfish/hk2/hk2-api/2.5.0/hk2-api-2.5.0.jar:/home/user/.m2/repository/org/glassfish/hk2/external/jakarta.inject/2.5.0/jakarta.inject-2.5.0.jar:/home/user/.m2/repository/org/glassfish/hk2/hk2-utils/2.5.0/hk2-utils-2.5.0.jar:/home/user/.m2/repository/jakarta/annotation/jakarta.annotation-api/1.3.4/jakarta.annotation-api-1.3.4.jar:/home/user/.m2/repository/org/glassfish/hk2/external/aopalliance-repackaged/2.5.0/aopalliance-repackaged-2.5.0.jar:/home/user/.m2/repository/com/fasterxml/jackson/dataformat/jackson-dataformat-xml/2.9.0/jackson-dataformat-xml-2.9.0.jar:/home/user/.m2/repository/com/fasterxml/jackson/core/jackson-core/2.9.9/jackson-core-2.9.9.jar:/home/user/.m2/repository/com/fasterxml/jackson/module/jackson-module-jaxb-annotations/2.9.9/jackson-module-jaxb-annotations-2.9.9.jar:/home/user/.m2/repository/javax/enterprise/cdi-api/1.2/cdi-api-1.2.jar:/home/user/.m2/repository/javax/el/javax.el-api/3.0.0/javax.el-api-3.0.0.jar:/home/user/.m2/repository/javax/interceptor/javax.interceptor-api/1.2/javax.interceptor-api-1.2.jar:/home/user/.m2/repository/javax/inject/javax.inject/1/javax.inject-1.jar:/home/user/.m2/repository/com/sun/xml/bind/jaxb-impl/2.3.0.1/jaxb-impl-2.3.0.1.jar:/home/user/.m2/repository/com/sun/xml/bind/jaxb-core/2.3.0.1/jaxb-core-2.3.0.1.jar:/home/user/.m2/repository/javax/xml/bind/jaxb-api/2.3.0/jaxb-api-2.3.0.jar:/home/user/.m2/repository/javax/activation/activation/1.1.1/activation-1.1.1.jar:/home/user/.m2/repository/org/apache/hadoop/hadoop-ozone-csi/0.5.0-SNAPSHOT/hadoop-ozone-csi-0.5.0-SNAPSHOT.jar:/home/user/.m2/repository/com/google/protobuf/protobuf-java-util/3.5.1/protobuf-java-util-3.5.1.jar:/home/user/.m2/repository/org/apache/hadoop/hadoop-hdds-config/0.5.0-SNAPSHOT/hadoop-hdds-config-0.5.0-SNAPSHOT.jar:/home/user/.m2/repository/io/grpc/grpc-netty/1.17.1/grpc-netty-1.17.1.jar:/home/user/.m2/repository/io/grpc/grpc-core/1.17.1/grpc-core-1.17.1.jar:/home/user/.m2/repository/io/grpc/grpc-context/1.17.1/grpc-context-1.17.1.jar:/home/user/.m2/repository/com/google/errorprone/error_prone_annotations/2.2.0/error_prone_annotations-2.2.0.jar:/home/user/.m2/repository/org/codehaus/mojo/animal-sniffer-annotations/1.17/animal-sniffer-annotations-1.17.jar:/home/user/.m2/repository/io/opencensus/opencensus-api/0.17.0/opencensus-api-0.17.0.jar:/home/user/.m2/repository/io/opencensus/opencensus-contrib-grpc-metrics/0.17.0/opencensus-contrib-grpc-metrics-0.17.0.jar:/home/user/.m2/repository/io/netty/netty-codec-http2/4.1.30.Final/netty-codec-http2-4.1.30.Final.jar:/home/user/.m2/repository/io/netty/netty-codec-http/4.1.30.Final/netty-codec-http-4.1.30.Final.jar:/home/user/.m2/repository/io/netty/netty-codec/4.1.30.Final/netty-codec-4.1.30.Final.jar:/home/user/.m2/repository/io/netty/netty-handler/4.1.30.Final/netty-handler-4.1.30.Final.jar:/home/user/.m2/repository/io/netty/netty-handler-proxy/4.1.30.Final/netty-handler-proxy-4.1.30.Final.jar:/home/user/.m2/repository/io/netty/netty-codec-socks/4.1.30.Final/netty-codec-socks-4.1.30.Final.jar:/home/user/.m2/repository/io/netty/netty-transport-native-epoll/4.1.30.Final/netty-transport-native-epoll-4.1.30.Final.jar:/home/user/.m2/repository/io/netty/netty-common/4.1.30.Final/netty-common-4.1.30.Final.jar:/home/user/.m2/repository/io/netty/netty-buffer/4.1.30.Final/netty-buffer-4.1.30.Final.jar:/home/user/.m2/repository/io/netty/netty-transport/4.1.30.Final/netty-transport-4.1.30.Final.jar:/home/user/.m2/repository/io/netty/netty-resolver/4.1.30.Final/netty-resolver-4.1.30.Final.jar:/home/user/.m2/repository/io/netty/netty-transport-native-unix-common/4.1.30.Final/netty-transport-native-unix-common-4.1.30.Final.jar:/home/user/.m2/repository/io/grpc/grpc-protobuf/1.17.1/grpc-protobuf-1.17.1.jar:/home/user/.m2/repository/com/google/api/grpc/proto-google-common-protos/1.0.0/proto-google-common-protos-1.0.0.jar:/home/user/.m2/repository/io/grpc/grpc-protobuf-lite/1.17.1/grpc-protobuf-lite-1.17.1.jar:/home/user/.m2/repository/io/grpc/grpc-stub/1.17.1/grpc-stub-1.17.1.jar:/home/user/.m2/repository/org/apache/hadoop/hadoop-ozone-recon/0.5.0-SNAPSHOT/hadoop-ozone-recon-0.5.0-SNAPSHOT.jar:/home/user/.m2/repository/org/apache/hadoop/hadoop-ozone-reconcodegen/0.5.0-SNAPSHOT/hadoop-ozone-reconcodegen-0.5.0-SNAPSHOT.jar:/home/user/.m2/repository/com/google/inject/extensions/guice-multibindings/4.0/guice-multibindings-4.0.jar:/home/user/.m2/repository/com/google/inject/guice/4.0/guice-4.0.jar:/home/user/.m2/repository/aopalliance/aopalliance/1.0/aopalliance-1.0.jar:/home/user/.m2/repository/com/google/inject/extensions/guice-servlet/4.0/guice-servlet-4.0.jar:/home/user/.m2/repository/org/glassfish/jersey/containers/jersey-container-servlet/2.27/jersey-container-servlet-2.27.jar:/home/user/.m2/repository/org/glassfish/hk2/guice-bridge/2.5.0/guice-bridge-2.5.0.jar:/home/user/.m2/repository/org/glassfish/jersey/core/jersey-server/2.27/jersey-server-2.27.jar:/home/user/.m2/repository/org/glassfish/jersey/core/jersey-client/2.27/jersey-client-2.27.jar:/home/user/.m2/repository/org/glassfish/jersey/media/jersey-media-jaxb/2.27/jersey-media-jaxb-2.27.jar:/home/user/.m2/repository/javax/validation/validation-api/1.1.0.Final/validation-api-1.1.0.Final.jar:/home/user/.m2/repository/org/glassfish/jersey/media/jersey-media-json-jackson/2.27/jersey-media-json-jackson-2.27.jar:/home/user/.m2/repository/org/glassfish/jersey/ext/jersey-entity-filtering/2.27/jersey-entity-filtering-2.27.jar:/home/user/.m2/repository/com/google/inject/extensions/guice-assistedinject/4.0/guice-assistedinject-4.0.jar:/home/user/.m2/repository/org/jooq/jooq/3.11.10/jooq-3.11.10.jar:/home/user/.m2/repository/org/jooq/jooq-meta/3.11.10/jooq-meta-3.11.10.jar:/home/user/.m2/repository/org/jooq/jooq-codegen/3.11.10/jooq-codegen-3.11.10.jar:/home/user/.m2/repository/com/jolbox/bonecp/0.8.0.RELEASE/bonecp-0.8.0.RELEASE.jar:/home/user/.m2/repository/org/xerial/sqlite-jdbc/3.25.2/sqlite-jdbc-3.25.2.jar:/home/user/.m2/repository/org/springframework/spring-jdbc/5.1.3.RELEASE/spring-jdbc-5.1.3.RELEASE.jar:/home/user/.m2/repository/org/springframework/spring-beans/5.1.3.RELEASE/spring-beans-5.1.3.RELEASE.jar:/home/user/.m2/repository/org/springframework/spring-core/5.1.3.RELEASE/spring-core-5.1.3.RELEASE.jar:/home/user/.m2/repository/org/springframework/spring-jcl/5.1.3.RELEASE/spring-jcl-5.1.3.RELEASE.jar:/home/user/.m2/repository/org/springframework/spring-tx/5.1.3.RELEASE/spring-tx-5.1.3.RELEASE.jar:/home/user/.m2/repository/org/apache/hadoop/hadoop-ozone-client/0.5.0-SNAPSHOT/hadoop-ozone-client-0.5.0-SNAPSHOT.jar:/home/user/.m2/repository/commons-lang/commons-lang/2.6/commons-lang-2.6.jar:/home/user/.m2/repository/org/apache/hadoop/hadoop-ozone-ozone-manager/0.5.0-SNAPSHOT/hadoop-ozone-ozone-manager-0.5.0-SNAPSHOT-tests.jar:/home/user/.m2/repository/junit/junit/4.11/junit-4.11.jar:/home/user/.m2/repository/org/hamcrest/hamcrest-core/1.3/hamcrest-core-1.3.jar:/home/user/.m2/repository/org/openjdk/jmh/jmh-core/1.19/jmh-core-1.19.jar:/home/user/.m2/repository/net/sf/jopt-simple/jopt-simple/4.6/jopt-simple-4.6.jar:/home/user/.m2/repository/org/apache/commons/commons-math3/3.1.1/commons-math3-3.1.1.jar:/home/user/.m2/repository/org/openjdk/jmh/jmh-generator-annprocess/1.19/jmh-generator-annprocess-1.19.jar:/home/user/.m2/repository/org/mockito/mockito-all/1.8.5/mockito-all-1.8.5.jar:/home/user/.m2/repository/org/apache/hadoop/hadoop-kms/3.2.0/hadoop-kms-3.2.0.jar:/home/user/.m2/repository/org/apache/hadoop/hadoop-auth/3.2.0/hadoop-auth-3.2.0.jar:/home/user/.m2/repository/com/nimbusds/nimbus-jose-jwt/4.41.1/nimbus-jose-jwt-4.41.1.jar:/home/user/.m2/repository/com/github/stephenc/jcip/jcip-annotations/1.0-1/jcip-annotations-1.0-1.jar:/home/user/.m2/repository/net/minidev/json-smart/2.3/json-smart-2.3.jar:/home/user/.m2/repository/net/minidev/accessors-smart/1.2/accessors-smart-1.2.jar:/home/user/.m2/repository/org/ow2/asm/asm/5.0.4/asm-5.0.4.jar:/home/user/.m2/repository/org/apache/curator/curator-framework/2.12.0/curator-framework-2.12.0.jar:/home/user/.m2/repository/com/sun/jersey/jersey-core/1.19/jersey-core-1.19.jar:/home/user/.m2/repository/javax/ws/rs/jsr311-api/1.1.1/jsr311-api-1.1.1.jar:/home/user/.m2/repository/com/sun/jersey/jersey-server/1.19/jersey-server-1.19.jar:/home/user/.m2/repository/javax/servlet/javax.servlet-api/3.1.0/javax.servlet-api-3.1.0.jar:/home/user/.m2/repository/org/eclipse/jetty/jetty-server/9.3.25.v20180904/jetty-server-9.3.25.v20180904.jar:/home/user/.m2/repository/org/eclipse/jetty/jetty-http/9.3.25.v20180904/jetty-http-9.3.25.v20180904.jar:/home/user/.m2/repository/org/eclipse/jetty/jetty-io/9.3.25.v20180904/jetty-io-9.3.25.v20180904.jar:/home/user/.m2/repository/org/eclipse/jetty/jetty-webapp/9.3.25.v20180904/jetty-webapp-9.3.25.v20180904.jar:/home/user/.m2/repository/org/eclipse/jetty/jetty-xml/9.3.25.v20180904/jetty-xml-9.3.25.v20180904.jar:/home/user/.m2/repository/log4j/log4j/1.2.17/log4j-1.2.17.jar:/home/user/.m2/repository/org/slf4j/slf4j-api/1.7.25/slf4j-api-1.7.25.jar:/home/user/.m2/repository/org/slf4j/jul-to-slf4j/1.7.25/jul-to-slf4j-1.7.25.jar:/home/user/.m2/repository/org/eclipse/jetty/jetty-util/9.3.25.v20180904/jetty-util-9.3.25.v20180904.jar:/home/user/.m2/repository/com/fasterxml/jackson/core/jackson-databind/2.9.9/jackson-databind-2.9.9.jar:/home/user/.m2/repository/org/apache/hadoop/hadoop-kms/3.2.0/hadoop-kms-3.2.0-tests.jar:/home/user/.m2/repository/org/apache/hadoop/hadoop-hdds-server-scm/0.5.0-SNAPSHOT/hadoop-hdds-server-scm-0.5.0-SNAPSHOT-tests.jar:/home/user/.m2/repository/org/apache/hadoop/hadoop-hdds-container-service/0.5.0-SNAPSHOT/hadoop-hdds-container-service-0.5.0-SNAPSHOT-tests.jar:/home/user/.m2/repository/org/yaml/snakeyaml/1.16/snakeyaml-1.16.jar:/home/user/.m2/repository/org/apache/hadoop/hadoop-common/3.2.0/hadoop-common-3.2.0-tests.jar:/home/user/.m2/repository/org/apache/hadoop/hadoop-annotations/3.2.0/hadoop-annotations-3.2.0.jar:/usr/lib/jvm/java-1.8-openjdk/jre/../lib/tools.jar:/home/user/.m2/repository/commons-cli/commons-cli/1.2/commons-cli-1.2.jar:/home/user/.m2/repository/org/apache/httpcomponents/httpclient/4.5.2/httpclient-4.5.2.jar:/home/user/.m2/repository/org/apache/httpcomponents/httpcore/4.4.4/httpcore-4.4.4.jar:/home/user/.m2/repository/commons-codec/commons-codec/1.11/commons-codec-1.11.jar:/home/user/.m2/repository/commons-net/commons-net/3.6/commons-net-3.6.jar:/home/user/.m2/repository/commons-collections/commons-collections/3.2.2/commons-collections-3.2.2.jar:/home/user/.m2/repository/org/eclipse/jetty/jetty-servlet/9.3.25.v20180904/jetty-servlet-9.3.25.v20180904.jar:/home/user/.m2/repository/org/eclipse/jetty/jetty-security/9.3.25.v20180904/jetty-security-9.3.25.v20180904.jar:/home/user/.m2/repository/javax/servlet/jsp/jsp-api/2.1/jsp-api-2.1.jar:/home/user/.m2/repository/com/sun/jersey/jersey-servlet/1.19/jersey-servlet-1.19.jar:/home/user/.m2/repository/com/sun/jersey/jersey-json/1.19/jersey-json-1.19.jar:/home/user/.m2/repository/org/codehaus/jettison/jettison/1.1/jettison-1.1.jar:/home/user/.m2/repository/org/codehaus/jackson/jackson-core-asl/1.9.13/jackson-core-asl-1.9.13.jar:/home/user/.m2/repository/org/codehaus/jackson/jackson-mapper-asl/1.9.13/jackson-mapper-asl-1.9.13.jar:/home/user/.m2/repository/org/codehaus/jackson/jackson-jaxrs/1.9.13/jackson-jaxrs-1.9.13.jar:/home/user/.m2/repository/org/codehaus/jackson/jackson-xc/1.9.13/jackson-xc-1.9.13.jar:/home/user/.m2/repository/commons-logging/commons-logging/1.1.3/commons-logging-1.1.3.jar:/home/user/.m2/repository/commons-beanutils/commons-beanutils/1.9.4/commons-beanutils-1.9.4.jar:/home/user/.m2/repository/org/apache/commons/commons-configuration2/2.1.1/commons-configuration2-2.1.1.jar:/home/user/.m2/repository/org/apache/commons/commons-lang3/3.7/commons-lang3-3.7.jar:/home/user/.m2/repository/org/apache/commons/commons-text/1.4/commons-text-1.4.jar:/home/user/.m2/repository/org/apache/avro/avro/1.7.7/avro-1.7.7.jar:/home/user/.m2/repository/com/thoughtworks/paranamer/paranamer/2.3/paranamer-2.3.jar:/home/user/.m2/repository/org/xerial/snappy/snappy-java/1.0.5/snappy-java-1.0.5.jar:/home/user/.m2/repository/com/google/re2j/re2j/1.1/re2j-1.1.jar:/home/user/.m2/repository/com/google/code/gson/gson/2.2.4/gson-2.2.4.jar:/home/user/.m2/repository/com/jcraft/jsch/0.1.54/jsch-0.1.54.jar:/home/user/.m2/repository/org/apache/curator/curator-client/2.12.0/curator-client-2.12.0.jar:/home/user/.m2/repository/org/apache/curator/curator-recipes/2.12.0/curator-recipes-2.12.0.jar:/home/user/.m2/repository/com/google/code/findbugs/jsr305/3.0.0/jsr305-3.0.0.jar:/home/user/.m2/repository/org/apache/htrace/htrace-core4/4.1.0-incubating/htrace-core4-4.1.0-incubating.jar:/home/user/.m2/repository/org/apache/zookeeper/zookeeper/3.4.13/zookeeper-3.4.13.jar:/home/user/.m2/repository/jline/jline/0.9.94/jline-0.9.94.jar:/home/user/.m2/repository/org/apache/yetus/audience-annotations/0.5.0/audience-annotations-0.5.0.jar:/home/user/.m2/repository/org/codehaus/woodstox/stax2-api/3.1.4/stax2-api-3.1.4.jar:/home/user/.m2/repository/com/fasterxml/woodstox/woodstox-core/5.0.3/woodstox-core-5.0.3.jar:/home/user/.m2/repository/dnsjava/dnsjava/2.1.7/dnsjava-2.1.7.jar:/home/user/.m2/repository/org/apache/hadoop/hadoop-hdfs/3.2.0/hadoop-hdfs-3.2.0-tests.jar:/home/user/.m2/repository/org/eclipse/jetty/jetty-util-ajax/9.3.25.v20180904/jetty-util-ajax-9.3.25.v20180904.jar:/home/user/.m2/repository/commons-daemon/commons-daemon/1.0.13/commons-daemon-1.0.13.jar:/home/user/.m2/repository/io/netty/netty/3.10.5.Final/netty-3.10.5.Final.jar:/home/user/.m2/repository/io/netty/netty-all/4.0.52.Final/netty-all-4.0.52.Final.jar:/home/user/.m2/repository/org/fusesource/leveldbjni/leveldbjni-all/1.8/leveldbjni-all-1.8.jar:"/>
    <property name="java.vm.vendor" value="IcedTea"/>
    <property name="sun.arch.data.model" value="64"/>
    <property name="test.build.dir" value="/workdir/hadoop-ozone/integration-test/target/test-dir"/>
    <property name="test.cache.data" value=""/>
    <property name="java.vendor.url" value="https://icedtea.classpath.org"/>
    <property name="user.timezone" value=""/>
    <property name="java.vm.specification.version" value="1.8"/>
    <property name="os.name" value="Linux"/>
    <property name="test.build.data" value="/workdir/hadoop-ozone/integration-test/target/test-dir"/>
    <property name="user.country" value="US"/>
    <property name="sun.java.launcher" value="SUN_STANDARD"/>
    <property name="sun.boot.library.path" value="/usr/lib/jvm/java-1.8-openjdk/jre/lib/amd64"/>
    <property name="sun.java.command" value="/workdir/hadoop-ozone/integration-test/target/surefire/surefirebooter1873019624053179054.jar /workdir/hadoop-ozone/integration-test/target/surefire 2019-09-20T19-46-56_883-jvmRun1 surefire2545714696782524783tmp surefire_218391851765283696742tmp"/>
    <property name="test" value="!TestMiniChaosOzoneCluster"/>
    <property name="surefire.test.class.path" value="/workdir/hadoop-ozone/integration-test/target/test-classes:/workdir/hadoop-ozone/integration-test/target/classes:/home/user/.m2/repository/org/apache/hadoop/hadoop-ozone-common/0.5.0-SNAPSHOT/hadoop-ozone-common-0.5.0-SNAPSHOT.jar:/home/user/.m2/repository/org/apache/commons/commons-compress/1.4.1/commons-compress-1.4.1.jar:/home/user/.m2/repository/org/tukaani/xz/1.0/xz-1.0.jar:/home/user/.m2/repository/org/apache/hadoop/hadoop-common/3.2.0/hadoop-common-3.2.0.jar:/home/user/.m2/repository/org/apache/hadoop/hadoop-hdfs/3.2.0/hadoop-hdfs-3.2.0.jar:/home/user/.m2/repository/org/apache/hadoop/hadoop-hdfs-client/3.2.0/hadoop-hdfs-client-3.2.0.jar:/home/user/.m2/repository/com/fasterxml/jackson/core/jackson-annotations/2.9.9/jackson-annotations-2.9.9.jar:/home/user/.m2/repository/org/apache/hadoop/hadoop-hdds-common/0.5.0-SNAPSHOT/hadoop-hdds-common-0.5.0-SNAPSHOT.jar:/home/user/.m2/repository/javax/annotation/javax.annotation-api/1.2/javax.annotation-api-1.2.jar:/home/user/.m2/repository/org/apache/ratis/ratis-server/0.4.0-78e95b9-SNAPSHOT/ratis-server-0.4.0-78e95b9-SNAPSHOT.jar:/home/user/.m2/repository/org/apache/ratis/ratis-thirdparty-misc/0.2.0/ratis-thirdparty-misc-0.2.0.jar:/home/user/.m2/repository/org/apache/ratis/ratis-proto/0.4.0-78e95b9-SNAPSHOT/ratis-proto-0.4.0-78e95b9-SNAPSHOT.jar:/home/user/.m2/repository/org/apache/ratis/ratis-common/0.4.0-78e95b9-SNAPSHOT/ratis-common-0.4.0-78e95b9-SNAPSHOT.jar:/home/user/.m2/repository/org/apache/ratis/ratis-client/0.4.0-78e95b9-SNAPSHOT/ratis-client-0.4.0-78e95b9-SNAPSHOT.jar:/home/user/.m2/repository/org/apache/ratis/ratis-metrics/0.4.0-78e95b9-SNAPSHOT/ratis-metrics-0.4.0-78e95b9-SNAPSHOT.jar:/home/user/.m2/repository/com/github/joshelser/dropwizard-metrics-hadoop-metrics2-reporter/0.1.2/dropwizard-metrics-hadoop-metrics2-reporter-0.1.2.jar:/home/user/.m2/repository/io/dropwizard/metrics/metrics-jvm/3.2.5/metrics-jvm-3.2.5.jar:/home/user/.m2/repository/io/dropwizard/metrics/metrics-ganglia/3.2.5/metrics-ganglia-3.2.5.jar:/home/user/.m2/repository/info/ganglia/gmetric4j/gmetric4j/1.0.7/gmetric4j-1.0.7.jar:/home/user/.m2/repository/org/apache/ratis/ratis-netty/0.4.0-78e95b9-SNAPSHOT/ratis-netty-0.4.0-78e95b9-SNAPSHOT.jar:/home/user/.m2/repository/org/apache/ratis/ratis-grpc/0.4.0-78e95b9-SNAPSHOT/ratis-grpc-0.4.0-78e95b9-SNAPSHOT.jar:/home/user/.m2/repository/org/rocksdb/rocksdbjni/6.0.1/rocksdbjni-6.0.1.jar:/home/user/.m2/repository/org/apache/logging/log4j/log4j-api/2.11.0/log4j-api-2.11.0.jar:/home/user/.m2/repository/org/apache/logging/log4j/log4j-core/2.11.0/log4j-core-2.11.0.jar:/home/user/.m2/repository/com/lmax/disruptor/3.4.2/disruptor-3.4.2.jar:/home/user/.m2/repository/org/apache/commons/commons-pool2/2.6.0/commons-pool2-2.6.0.jar:/home/user/.m2/repository/org/bouncycastle/bcpkix-jdk15on/1.60/bcpkix-jdk15on-1.60.jar:/home/user/.m2/repository/commons-validator/commons-validator/1.6/commons-validator-1.6.jar:/home/user/.m2/repository/commons-digester/commons-digester/1.8.1/commons-digester-1.8.1.jar:/home/user/.m2/repository/io/jaegertracing/jaeger-client/0.34.0/jaeger-client-0.34.0.jar:/home/user/.m2/repository/io/jaegertracing/jaeger-thrift/0.34.0/jaeger-thrift-0.34.0.jar:/home/user/.m2/repository/org/apache/thrift/libthrift/0.12.0/libthrift-0.12.0.jar:/home/user/.m2/repository/com/squareup/okhttp3/okhttp/3.9.0/okhttp-3.9.0.jar:/home/user/.m2/repository/com/squareup/okio/okio/1.13.0/okio-1.13.0.jar:/home/user/.m2/repository/io/jaegertracing/jaeger-core/0.34.0/jaeger-core-0.34.0.jar:/home/user/.m2/repository/io/jaegertracing/jaeger-tracerresolver/0.34.0/jaeger-tracerresolver-0.34.0.jar:/home/user/.m2/repository/io/opentracing/contrib/opentracing-tracerresolver/0.1.5/opentracing-tracerresolver-0.1.5.jar:/home/user/.m2/repository/io/opentracing/opentracing-util/0.31.0/opentracing-util-0.31.0.jar:/home/user/.m2/repository/io/opentracing/opentracing-api/0.31.0/opentracing-api-0.31.0.jar:/home/user/.m2/repository/io/opentracing/opentracing-noop/0.31.0/opentracing-noop-0.31.0.jar:/home/user/.m2/repository/org/apache/hadoop/hadoop-hdds-server-framework/0.5.0-SNAPSHOT/hadoop-hdds-server-framework-0.5.0-SNAPSHOT.jar:/home/user/.m2/repository/org/apache/hadoop/hadoop-hdds-container-service/0.5.0-SNAPSHOT/hadoop-hdds-container-service-0.5.0-SNAPSHOT.jar:/home/user/.m2/repository/org/apache/hadoop/hadoop-hdds-client/0.5.0-SNAPSHOT/hadoop-hdds-client-0.5.0-SNAPSHOT.jar:/home/user/.m2/repository/org/apache/hadoop/hadoop-hdds-tools/0.5.0-SNAPSHOT/hadoop-hdds-tools-0.5.0-SNAPSHOT.jar:/home/user/.m2/repository/org/apache/hadoop/hadoop-hdds-server-scm/0.5.0-SNAPSHOT/hadoop-hdds-server-scm-0.5.0-SNAPSHOT.jar:/home/user/.m2/repository/org/apache/hadoop/hadoop-hdds-docs/0.5.0-SNAPSHOT/hadoop-hdds-docs-0.5.0-SNAPSHOT.jar:/home/user/.m2/repository/io/dropwizard/metrics/metrics-core/3.2.4/metrics-core-3.2.4.jar:/home/user/.m2/repository/org/hamcrest/hamcrest-all/1.3/hamcrest-all-1.3.jar:/home/user/.m2/repository/org/bouncycastle/bcprov-jdk15on/1.60/bcprov-jdk15on-1.60.jar:/home/user/.m2/repository/info/picocli/picocli/3.9.6/picocli-3.9.6.jar:/home/user/.m2/repository/com/google/protobuf/protobuf-java/2.5.0/protobuf-java-2.5.0.jar:/home/user/.m2/repository/com/google/guava/guava/11.0.2/guava-11.0.2.jar:/home/user/.m2/repository/org/apache/hadoop/hadoop-ozone-ozone-manager/0.5.0-SNAPSHOT/hadoop-ozone-ozone-manager-0.5.0-SNAPSHOT.jar:/home/user/.m2/repository/org/apache/hadoop/hadoop-minikdc/3.2.0/hadoop-minikdc-3.2.0.jar:/home/user/.m2/repository/commons-io/commons-io/2.5/commons-io-2.5.jar:/home/user/.m2/repository/org/apache/kerby/kerb-simplekdc/1.0.1/kerb-simplekdc-1.0.1.jar:/home/user/.m2/repository/org/apache/kerby/kerb-client/1.0.1/kerb-client-1.0.1.jar:/home/user/.m2/repository/org/apache/kerby/kerby-config/1.0.1/kerby-config-1.0.1.jar:/home/user/.m2/repository/org/apache/kerby/kerb-core/1.0.1/kerb-core-1.0.1.jar:/home/user/.m2/repository/org/apache/kerby/kerby-pkix/1.0.1/kerby-pkix-1.0.1.jar:/home/user/.m2/repository/org/apache/kerby/kerby-asn1/1.0.1/kerby-asn1-1.0.1.jar:/home/user/.m2/repository/org/apache/kerby/kerby-util/1.0.1/kerby-util-1.0.1.jar:/home/user/.m2/repository/org/apache/kerby/kerb-common/1.0.1/kerb-common-1.0.1.jar:/home/user/.m2/repository/org/apache/kerby/kerb-crypto/1.0.1/kerb-crypto-1.0.1.jar:/home/user/.m2/repository/org/apache/kerby/kerb-util/1.0.1/kerb-util-1.0.1.jar:/home/user/.m2/repository/org/apache/kerby/token-provider/1.0.1/token-provider-1.0.1.jar:/home/user/.m2/repository/org/apache/kerby/kerb-admin/1.0.1/kerb-admin-1.0.1.jar:/home/user/.m2/repository/org/apache/kerby/kerb-server/1.0.1/kerb-server-1.0.1.jar:/home/user/.m2/repository/org/apache/kerby/kerb-identity/1.0.1/kerb-identity-1.0.1.jar:/home/user/.m2/repository/org/apache/kerby/kerby-xdr/1.0.1/kerby-xdr-1.0.1.jar:/home/user/.m2/repository/org/slf4j/slf4j-log4j12/1.7.25/slf4j-log4j12-1.7.25.jar:/home/user/.m2/repository/org/apache/hadoop/hadoop-ozone-s3gateway/0.5.0-SNAPSHOT/hadoop-ozone-s3gateway-0.5.0-SNAPSHOT.jar:/home/user/.m2/repository/org/jboss/weld/servlet/weld-servlet/2.4.7.Final/weld-servlet-2.4.7.Final.jar:/home/user/.m2/repository/org/glassfish/jersey/containers/jersey-container-servlet-core/2.27/jersey-container-servlet-core-2.27.jar:/home/user/.m2/repository/org/glassfish/hk2/external/javax.inject/2.5.0-b42/javax.inject-2.5.0-b42.jar:/home/user/.m2/repository/org/glassfish/jersey/core/jersey-common/2.27/jersey-common-2.27.jar:/home/user/.m2/repository/org/glassfish/hk2/osgi-resource-locator/1.0.1/osgi-resource-locator-1.0.1.jar:/home/user/.m2/repository/javax/ws/rs/javax.ws.rs-api/2.1/javax.ws.rs-api-2.1.jar:/home/user/.m2/repository/org/glassfish/jersey/ext/cdi/jersey-cdi1x/2.27/jersey-cdi1x-2.27.jar:/home/user/.m2/repository/org/glassfish/jersey/inject/jersey-hk2/2.27/jersey-hk2-2.27.jar:/home/user/.m2/repository/org/glassfish/hk2/hk2-locator/2.5.0-b42/hk2-locator-2.5.0-b42.jar:/home/user/.m2/repository/org/javassist/javassist/3.22.0-CR2/javassist-3.22.0-CR2.jar:/home/user/.m2/repository/org/glassfish/hk2/hk2-api/2.5.0/hk2-api-2.5.0.jar:/home/user/.m2/repository/org/glassfish/hk2/external/jakarta.inject/2.5.0/jakarta.inject-2.5.0.jar:/home/user/.m2/repository/org/glassfish/hk2/hk2-utils/2.5.0/hk2-utils-2.5.0.jar:/home/user/.m2/repository/jakarta/annotation/jakarta.annotation-api/1.3.4/jakarta.annotation-api-1.3.4.jar:/home/user/.m2/repository/org/glassfish/hk2/external/aopalliance-repackaged/2.5.0/aopalliance-repackaged-2.5.0.jar:/home/user/.m2/repository/com/fasterxml/jackson/dataformat/jackson-dataformat-xml/2.9.0/jackson-dataformat-xml-2.9.0.jar:/home/user/.m2/repository/com/fasterxml/jackson/core/jackson-core/2.9.9/jackson-core-2.9.9.jar:/home/user/.m2/repository/com/fasterxml/jackson/module/jackson-module-jaxb-annotations/2.9.9/jackson-module-jaxb-annotations-2.9.9.jar:/home/user/.m2/repository/javax/enterprise/cdi-api/1.2/cdi-api-1.2.jar:/home/user/.m2/repository/javax/el/javax.el-api/3.0.0/javax.el-api-3.0.0.jar:/home/user/.m2/repository/javax/interceptor/javax.interceptor-api/1.2/javax.interceptor-api-1.2.jar:/home/user/.m2/repository/javax/inject/javax.inject/1/javax.inject-1.jar:/home/user/.m2/repository/com/sun/xml/bind/jaxb-impl/2.3.0.1/jaxb-impl-2.3.0.1.jar:/home/user/.m2/repository/com/sun/xml/bind/jaxb-core/2.3.0.1/jaxb-core-2.3.0.1.jar:/home/user/.m2/repository/javax/xml/bind/jaxb-api/2.3.0/jaxb-api-2.3.0.jar:/home/user/.m2/repository/javax/activation/activation/1.1.1/activation-1.1.1.jar:/home/user/.m2/repository/org/apache/hadoop/hadoop-ozone-csi/0.5.0-SNAPSHOT/hadoop-ozone-csi-0.5.0-SNAPSHOT.jar:/home/user/.m2/repository/com/google/protobuf/protobuf-java-util/3.5.1/protobuf-java-util-3.5.1.jar:/home/user/.m2/repository/org/apache/hadoop/hadoop-hdds-config/0.5.0-SNAPSHOT/hadoop-hdds-config-0.5.0-SNAPSHOT.jar:/home/user/.m2/repository/io/grpc/grpc-netty/1.17.1/grpc-netty-1.17.1.jar:/home/user/.m2/repository/io/grpc/grpc-core/1.17.1/grpc-core-1.17.1.jar:/home/user/.m2/repository/io/grpc/grpc-context/1.17.1/grpc-context-1.17.1.jar:/home/user/.m2/repository/com/google/errorprone/error_prone_annotations/2.2.0/error_prone_annotations-2.2.0.jar:/home/user/.m2/repository/org/codehaus/mojo/animal-sniffer-annotations/1.17/animal-sniffer-annotations-1.17.jar:/home/user/.m2/repository/io/opencensus/opencensus-api/0.17.0/opencensus-api-0.17.0.jar:/home/user/.m2/repository/io/opencensus/opencensus-contrib-grpc-metrics/0.17.0/opencensus-contrib-grpc-metrics-0.17.0.jar:/home/user/.m2/repository/io/netty/netty-codec-http2/4.1.30.Final/netty-codec-http2-4.1.30.Final.jar:/home/user/.m2/repository/io/netty/netty-codec-http/4.1.30.Final/netty-codec-http-4.1.30.Final.jar:/home/user/.m2/repository/io/netty/netty-codec/4.1.30.Final/netty-codec-4.1.30.Final.jar:/home/user/.m2/repository/io/netty/netty-handler/4.1.30.Final/netty-handler-4.1.30.Final.jar:/home/user/.m2/repository/io/netty/netty-handler-proxy/4.1.30.Final/netty-handler-proxy-4.1.30.Final.jar:/home/user/.m2/repository/io/netty/netty-codec-socks/4.1.30.Final/netty-codec-socks-4.1.30.Final.jar:/home/user/.m2/repository/io/netty/netty-transport-native-epoll/4.1.30.Final/netty-transport-native-epoll-4.1.30.Final.jar:/home/user/.m2/repository/io/netty/netty-common/4.1.30.Final/netty-common-4.1.30.Final.jar:/home/user/.m2/repository/io/netty/netty-buffer/4.1.30.Final/netty-buffer-4.1.30.Final.jar:/home/user/.m2/repository/io/netty/netty-transport/4.1.30.Final/netty-transport-4.1.30.Final.jar:/home/user/.m2/repository/io/netty/netty-resolver/4.1.30.Final/netty-resolver-4.1.30.Final.jar:/home/user/.m2/repository/io/netty/netty-transport-native-unix-common/4.1.30.Final/netty-transport-native-unix-common-4.1.30.Final.jar:/home/user/.m2/repository/io/grpc/grpc-protobuf/1.17.1/grpc-protobuf-1.17.1.jar:/home/user/.m2/repository/com/google/api/grpc/proto-google-common-protos/1.0.0/proto-google-common-protos-1.0.0.jar:/home/user/.m2/repository/io/grpc/grpc-protobuf-lite/1.17.1/grpc-protobuf-lite-1.17.1.jar:/home/user/.m2/repository/io/grpc/grpc-stub/1.17.1/grpc-stub-1.17.1.jar:/home/user/.m2/repository/org/apache/hadoop/hadoop-ozone-recon/0.5.0-SNAPSHOT/hadoop-ozone-recon-0.5.0-SNAPSHOT.jar:/home/user/.m2/repository/org/apache/hadoop/hadoop-ozone-reconcodegen/0.5.0-SNAPSHOT/hadoop-ozone-reconcodegen-0.5.0-SNAPSHOT.jar:/home/user/.m2/repository/com/google/inject/extensions/guice-multibindings/4.0/guice-multibindings-4.0.jar:/home/user/.m2/repository/com/google/inject/guice/4.0/guice-4.0.jar:/home/user/.m2/repository/aopalliance/aopalliance/1.0/aopalliance-1.0.jar:/home/user/.m2/repository/com/google/inject/extensions/guice-servlet/4.0/guice-servlet-4.0.jar:/home/user/.m2/repository/org/glassfish/jersey/containers/jersey-container-servlet/2.27/jersey-container-servlet-2.27.jar:/home/user/.m2/repository/org/glassfish/hk2/guice-bridge/2.5.0/guice-bridge-2.5.0.jar:/home/user/.m2/repository/org/glassfish/jersey/core/jersey-server/2.27/jersey-server-2.27.jar:/home/user/.m2/repository/org/glassfish/jersey/core/jersey-client/2.27/jersey-client-2.27.jar:/home/user/.m2/repository/org/glassfish/jersey/media/jersey-media-jaxb/2.27/jersey-media-jaxb-2.27.jar:/home/user/.m2/repository/javax/validation/validation-api/1.1.0.Final/validation-api-1.1.0.Final.jar:/home/user/.m2/repository/org/glassfish/jersey/media/jersey-media-json-jackson/2.27/jersey-media-json-jackson-2.27.jar:/home/user/.m2/repository/org/glassfish/jersey/ext/jersey-entity-filtering/2.27/jersey-entity-filtering-2.27.jar:/home/user/.m2/repository/com/google/inject/extensions/guice-assistedinject/4.0/guice-assistedinject-4.0.jar:/home/user/.m2/repository/org/jooq/jooq/3.11.10/jooq-3.11.10.jar:/home/user/.m2/repository/org/jooq/jooq-meta/3.11.10/jooq-meta-3.11.10.jar:/home/user/.m2/repository/org/jooq/jooq-codegen/3.11.10/jooq-codegen-3.11.10.jar:/home/user/.m2/repository/com/jolbox/bonecp/0.8.0.RELEASE/bonecp-0.8.0.RELEASE.jar:/home/user/.m2/repository/org/xerial/sqlite-jdbc/3.25.2/sqlite-jdbc-3.25.2.jar:/home/user/.m2/repository/org/springframework/spring-jdbc/5.1.3.RELEASE/spring-jdbc-5.1.3.RELEASE.jar:/home/user/.m2/repository/org/springframework/spring-beans/5.1.3.RELEASE/spring-beans-5.1.3.RELEASE.jar:/home/user/.m2/repository/org/springframework/spring-core/5.1.3.RELEASE/spring-core-5.1.3.RELEASE.jar:/home/user/.m2/repository/org/springframework/spring-jcl/5.1.3.RELEASE/spring-jcl-5.1.3.RELEASE.jar:/home/user/.m2/repository/org/springframework/spring-tx/5.1.3.RELEASE/spring-tx-5.1.3.RELEASE.jar:/home/user/.m2/repository/org/apache/hadoop/hadoop-ozone-client/0.5.0-SNAPSHOT/hadoop-ozone-client-0.5.0-SNAPSHOT.jar:/home/user/.m2/repository/commons-lang/commons-lang/2.6/commons-lang-2.6.jar:/home/user/.m2/repository/org/apache/hadoop/hadoop-ozone-ozone-manager/0.5.0-SNAPSHOT/hadoop-ozone-ozone-manager-0.5.0-SNAPSHOT-tests.jar:/home/user/.m2/repository/junit/junit/4.11/junit-4.11.jar:/home/user/.m2/repository/org/hamcrest/hamcrest-core/1.3/hamcrest-core-1.3.jar:/home/user/.m2/repository/org/openjdk/jmh/jmh-core/1.19/jmh-core-1.19.jar:/home/user/.m2/repository/net/sf/jopt-simple/jopt-simple/4.6/jopt-simple-4.6.jar:/home/user/.m2/repository/org/apache/commons/commons-math3/3.1.1/commons-math3-3.1.1.jar:/home/user/.m2/repository/org/openjdk/jmh/jmh-generator-annprocess/1.19/jmh-generator-annprocess-1.19.jar:/home/user/.m2/repository/org/mockito/mockito-all/1.8.5/mockito-all-1.8.5.jar:/home/user/.m2/repository/org/apache/hadoop/hadoop-kms/3.2.0/hadoop-kms-3.2.0.jar:/home/user/.m2/repository/org/apache/hadoop/hadoop-auth/3.2.0/hadoop-auth-3.2.0.jar:/home/user/.m2/repository/com/nimbusds/nimbus-jose-jwt/4.41.1/nimbus-jose-jwt-4.41.1.jar:/home/user/.m2/repository/com/github/stephenc/jcip/jcip-annotations/1.0-1/jcip-annotations-1.0-1.jar:/home/user/.m2/repository/net/minidev/json-smart/2.3/json-smart-2.3.jar:/home/user/.m2/repository/net/minidev/accessors-smart/1.2/accessors-smart-1.2.jar:/home/user/.m2/repository/org/ow2/asm/asm/5.0.4/asm-5.0.4.jar:/home/user/.m2/repository/org/apache/curator/curator-framework/2.12.0/curator-framework-2.12.0.jar:/home/user/.m2/repository/com/sun/jersey/jersey-core/1.19/jersey-core-1.19.jar:/home/user/.m2/repository/javax/ws/rs/jsr311-api/1.1.1/jsr311-api-1.1.1.jar:/home/user/.m2/repository/com/sun/jersey/jersey-server/1.19/jersey-server-1.19.jar:/home/user/.m2/repository/javax/servlet/javax.servlet-api/3.1.0/javax.servlet-api-3.1.0.jar:/home/user/.m2/repository/org/eclipse/jetty/jetty-server/9.3.25.v20180904/jetty-server-9.3.25.v20180904.jar:/home/user/.m2/repository/org/eclipse/jetty/jetty-http/9.3.25.v20180904/jetty-http-9.3.25.v20180904.jar:/home/user/.m2/repository/org/eclipse/jetty/jetty-io/9.3.25.v20180904/jetty-io-9.3.25.v20180904.jar:/home/user/.m2/repository/org/eclipse/jetty/jetty-webapp/9.3.25.v20180904/jetty-webapp-9.3.25.v20180904.jar:/home/user/.m2/repository/org/eclipse/jetty/jetty-xml/9.3.25.v20180904/jetty-xml-9.3.25.v20180904.jar:/home/user/.m2/repository/log4j/log4j/1.2.17/log4j-1.2.17.jar:/home/user/.m2/repository/org/slf4j/slf4j-api/1.7.25/slf4j-api-1.7.25.jar:/home/user/.m2/repository/org/slf4j/jul-to-slf4j/1.7.25/jul-to-slf4j-1.7.25.jar:/home/user/.m2/repository/org/eclipse/jetty/jetty-util/9.3.25.v20180904/jetty-util-9.3.25.v20180904.jar:/home/user/.m2/repository/com/fasterxml/jackson/core/jackson-databind/2.9.9/jackson-databind-2.9.9.jar:/home/user/.m2/repository/org/apache/hadoop/hadoop-kms/3.2.0/hadoop-kms-3.2.0-tests.jar:/home/user/.m2/repository/org/apache/hadoop/hadoop-hdds-server-scm/0.5.0-SNAPSHOT/hadoop-hdds-server-scm-0.5.0-SNAPSHOT-tests.jar:/home/user/.m2/repository/org/apache/hadoop/hadoop-hdds-container-service/0.5.0-SNAPSHOT/hadoop-hdds-container-service-0.5.0-SNAPSHOT-tests.jar:/home/user/.m2/repository/org/yaml/snakeyaml/1.16/snakeyaml-1.16.jar:/home/user/.m2/repository/org/apache/hadoop/hadoop-common/3.2.0/hadoop-common-3.2.0-tests.jar:/home/user/.m2/repository/org/apache/hadoop/hadoop-annotations/3.2.0/hadoop-annotations-3.2.0.jar:/usr/lib/jvm/java-1.8-openjdk/jre/../lib/tools.jar:/home/user/.m2/repository/commons-cli/commons-cli/1.2/commons-cli-1.2.jar:/home/user/.m2/repository/org/apache/httpcomponents/httpclient/4.5.2/httpclient-4.5.2.jar:/home/user/.m2/repository/org/apache/httpcomponents/httpcore/4.4.4/httpcore-4.4.4.jar:/home/user/.m2/repository/commons-codec/commons-codec/1.11/commons-codec-1.11.jar:/home/user/.m2/repository/commons-net/commons-net/3.6/commons-net-3.6.jar:/home/user/.m2/repository/commons-collections/commons-collections/3.2.2/commons-collections-3.2.2.jar:/home/user/.m2/repository/org/eclipse/jetty/jetty-servlet/9.3.25.v20180904/jetty-servlet-9.3.25.v20180904.jar:/home/user/.m2/repository/org/eclipse/jetty/jetty-security/9.3.25.v20180904/jetty-security-9.3.25.v20180904.jar:/home/user/.m2/repository/javax/servlet/jsp/jsp-api/2.1/jsp-api-2.1.jar:/home/user/.m2/repository/com/sun/jersey/jersey-servlet/1.19/jersey-servlet-1.19.jar:/home/user/.m2/repository/com/sun/jersey/jersey-json/1.19/jersey-json-1.19.jar:/home/user/.m2/repository/org/codehaus/jettison/jettison/1.1/jettison-1.1.jar:/home/user/.m2/repository/org/codehaus/jackson/jackson-core-asl/1.9.13/jackson-core-asl-1.9.13.jar:/home/user/.m2/repository/org/codehaus/jackson/jackson-mapper-asl/1.9.13/jackson-mapper-asl-1.9.13.jar:/home/user/.m2/repository/org/codehaus/jackson/jackson-jaxrs/1.9.13/jackson-jaxrs-1.9.13.jar:/home/user/.m2/repository/org/codehaus/jackson/jackson-xc/1.9.13/jackson-xc-1.9.13.jar:/home/user/.m2/repository/commons-logging/commons-logging/1.1.3/commons-logging-1.1.3.jar:/home/user/.m2/repository/commons-beanutils/commons-beanutils/1.9.4/commons-beanutils-1.9.4.jar:/home/user/.m2/repository/org/apache/commons/commons-configuration2/2.1.1/commons-configuration2-2.1.1.jar:/home/user/.m2/repository/org/apache/commons/commons-lang3/3.7/commons-lang3-3.7.jar:/home/user/.m2/repository/org/apache/commons/commons-text/1.4/commons-text-1.4.jar:/home/user/.m2/repository/org/apache/avro/avro/1.7.7/avro-1.7.7.jar:/home/user/.m2/repository/com/thoughtworks/paranamer/paranamer/2.3/paranamer-2.3.jar:/home/user/.m2/repository/org/xerial/snappy/snappy-java/1.0.5/snappy-java-1.0.5.jar:/home/user/.m2/repository/com/google/re2j/re2j/1.1/re2j-1.1.jar:/home/user/.m2/repository/com/google/code/gson/gson/2.2.4/gson-2.2.4.jar:/home/user/.m2/repository/com/jcraft/jsch/0.1.54/jsch-0.1.54.jar:/home/user/.m2/repository/org/apache/curator/curator-client/2.12.0/curator-client-2.12.0.jar:/home/user/.m2/repository/org/apache/curator/curator-recipes/2.12.0/curator-recipes-2.12.0.jar:/home/user/.m2/repository/com/google/code/findbugs/jsr305/3.0.0/jsr305-3.0.0.jar:/home/user/.m2/repository/org/apache/htrace/htrace-core4/4.1.0-incubating/htrace-core4-4.1.0-incubating.jar:/home/user/.m2/repository/org/apache/zookeeper/zookeeper/3.4.13/zookeeper-3.4.13.jar:/home/user/.m2/repository/jline/jline/0.9.94/jline-0.9.94.jar:/home/user/.m2/repository/org/apache/yetus/audience-annotations/0.5.0/audience-annotations-0.5.0.jar:/home/user/.m2/repository/org/codehaus/woodstox/stax2-api/3.1.4/stax2-api-3.1.4.jar:/home/user/.m2/repository/com/fasterxml/woodstox/woodstox-core/5.0.3/woodstox-core-5.0.3.jar:/home/user/.m2/repository/dnsjava/dnsjava/2.1.7/dnsjava-2.1.7.jar:/home/user/.m2/repository/org/apache/hadoop/hadoop-hdfs/3.2.0/hadoop-hdfs-3.2.0-tests.jar:/home/user/.m2/repository/org/eclipse/jetty/jetty-util-ajax/9.3.25.v20180904/jetty-util-ajax-9.3.25.v20180904.jar:/home/user/.m2/repository/commons-daemon/commons-daemon/1.0.13/commons-daemon-1.0.13.jar:/home/user/.m2/repository/io/netty/netty/3.10.5.Final/netty-3.10.5.Final.jar:/home/user/.m2/repository/io/netty/netty-all/4.0.52.Final/netty-all-4.0.52.Final.jar:/home/user/.m2/repository/org/fusesource/leveldbjni/leveldbjni-all/1.8/leveldbjni-all-1.8.jar:"/>
    <property name="sun.cpu.endian" value="little"/>
    <property name="user.home" value="/home/user"/>
    <property name="user.language" value="en"/>
    <property name="java.specification.vendor" value="Oracle Corporation"/>
    <property name="java.home" value="/usr/lib/jvm/java-1.8-openjdk/jre"/>
    <property name="java.security.krb5.conf" value="/workdir/hadoop-ozone/integration-test/target/test-classes/krb5.conf"/>
    <property name="basedir" value="/workdir/hadoop-ozone/integration-test"/>
    <property name="file.separator" value="/"/>
    <property name="line.separator" value="&#10;"/>
    <property name="java.vm.specification.vendor" value="Oracle Corporation"/>
    <property name="java.specification.name" value="Java Platform API Specification"/>
    <property name="java.awt.graphicsenv" value="sun.awt.X11GraphicsEnvironment"/>
    <property name="surefire.real.class.path" value="/workdir/hadoop-ozone/integration-test/target/surefire/surefirebooter1873019624053179054.jar"/>
    <property name="hadoop.log.dir" value="/workdir/hadoop-ozone/integration-test/target/log"/>
    <property name="sun.boot.class.path" value="/usr/lib/jvm/java-1.8-openjdk/jre/lib/resources.jar:/usr/lib/jvm/java-1.8-openjdk/jre/lib/rt.jar:/usr/lib/jvm/java-1.8-openjdk/jre/lib/sunrsasign.jar:/usr/lib/jvm/java-1.8-openjdk/jre/lib/jsse.jar:/usr/lib/jvm/java-1.8-openjdk/jre/lib/jce.jar:/usr/lib/jvm/java-1.8-openjdk/jre/lib/charsets.jar:/usr/lib/jvm/java-1.8-openjdk/jre/lib/jfr.jar:/usr/lib/jvm/java-1.8-openjdk/jre/classes"/>
    <property name="sun.management.compiler" value="HotSpot 64-Bit Tiered Compilers"/>
    <property name="java.runtime.version" value="1.8.0_212-b04"/>
    <property name="java.net.preferIPv4Stack" value="true"/>
    <property name="user.name" value="jenkins1000"/>
    <property name="path.separator" value=":"/>
    <property name="java.security.egd" value="file:///dev/urandom"/>
    <property name="os.version" value="3.10.0-957.12.2.el7.x86_64"/>
    <property name="java.endorsed.dirs" value="/usr/lib/jvm/java-1.8-openjdk/jre/lib/endorsed"/>
    <property name="java.runtime.name" value="OpenJDK Runtime Environment"/>
    <property name="file.encoding" value="UTF-8"/>
    <property name="java.vm.name" value="OpenJDK 64-Bit Server VM"/>
    <property name="test.build.webapps" value=""/>
    <property name="localRepository" value="/home/user/.m2/repository"/>
    <property name="java.vendor.url.bug" value="https://icedtea.classpath.org/bugzilla"/>
    <property name="java.io.tmpdir" value="/tmp"/>
    <property name="require.test.libhadoop" value=""/>
    <property name="java.version" value="1.8.0_212"/>
    <property name="user.dir" value="/workdir/hadoop-ozone/integration-test"/>
    <property name="os.arch" value="amd64"/>
    <property name="java.vm.specification.name" value="Java Virtual Machine Specification"/>
    <property name="test.build.classes" value="/workdir/hadoop-ozone/integration-test/target/test-classes"/>
    <property name="java.awt.printerjob" value="sun.print.PSPrinterJob"/>
    <property name="sun.os.patch.level" value="unknown"/>
    <property name="hadoop.tmp.dir" value="/workdir/hadoop-ozone/integration-test/target/tmp"/>
    <property name="java.library.path" value="/usr/lib/jvm/java-1.8-openjdk/jre/lib/amd64/server:/usr/lib/jvm/java-1.8-openjdk/jre/lib/amd64:/usr/lib/jvm/java-1.8-openjdk/jre/../lib/amd64:/workdir/hadoop-ozone/integration-test/target/native/target/usr/local/lib:/workdir/hadoop-ozone/integration-test/../../hadoop-common-project/hadoop-common/target/native/target/usr/local/lib:/usr/java/packages/lib/amd64:/usr/lib64:/lib64:/lib:/usr/lib"/>
    <property name="java.vm.info" value="mixed mode"/>
    <property name="java.vendor" value="IcedTea"/>
    <property name="java.vm.version" value="25.212-b04"/>
    <property name="java.ext.dirs" value="/usr/lib/jvm/java-1.8-openjdk/jre/lib/ext:/usr/java/packages/lib/ext"/>
    <property name="sun.io.unicode.encoding" value="UnicodeLittle"/>
    <property name="java.class.version" value="52.0"/>
  </properties>
  <testcase name="testContainerReplication" classname="org.apache.hadoop.ozone.client.rpc.TestContainerReplicationEndToEnd" time="5.299">
    <error message="Failed to update container state #1, reason: invalid state transition from state: CLOSING upon event: FINALIZE." type="org.apache.hadoop.hdds.scm.exceptions.SCMException">org.apache.hadoop.hdds.scm.exceptions.SCMException: Failed to update container state #1, reason: invalid state transition from state: CLOSING upon event: FINALIZE.
	at org.apache.hadoop.hdds.scm.container.ContainerStateManager.updateContainerState(ContainerStateManager.java:336)
	at org.apache.hadoop.hdds.scm.container.SCMContainerManager.updateContainerState(SCMContainerManager.java:312)
	at org.apache.hadoop.ozone.client.rpc.TestContainerReplicationEndToEnd.testContainerReplication(TestContainerReplicationEndToEnd.java:159)
	at sun.reflect.NativeMethodAccessorImpl.invoke0(Native Method)
	at sun.reflect.NativeMethodAccessorImpl.invoke(NativeMethodAccessorImpl.java:62)
	at sun.reflect.DelegatingMethodAccessorImpl.invoke(DelegatingMethodAccessorImpl.java:43)
	at java.lang.reflect.Method.invoke(Method.java:498)
	at org.junit.runners.model.FrameworkMethod$1.runReflectiveCall(FrameworkMethod.java:47)
	at org.junit.internal.runners.model.ReflectiveCallable.run(ReflectiveCallable.java:12)
	at org.junit.runners.model.FrameworkMethod.invokeExplosively(FrameworkMethod.java:44)
	at org.junit.internal.runners.statements.InvokeMethod.evaluate(InvokeMethod.java:17)
	at org.junit.runners.ParentRunner.runLeaf(ParentRunner.java:271)
	at org.junit.runners.BlockJUnit4ClassRunner.runChild(BlockJUnit4ClassRunner.java:70)
	at org.junit.runners.BlockJUnit4ClassRunner.runChild(BlockJUnit4ClassRunner.java:50)
	at org.junit.runners.ParentRunner$3.run(ParentRunner.java:238)
	at org.junit.runners.ParentRunner$1.schedule(ParentRunner.java:63)
	at org.junit.runners.ParentRunner.runChildren(ParentRunner.java:236)
	at org.junit.runners.ParentRunner.access$000(ParentRunner.java:53)
	at org.junit.runners.ParentRunner$2.evaluate(ParentRunner.java:229)
	at org.junit.internal.runners.statements.RunBefores.evaluate(RunBefores.java:26)
	at org.junit.internal.runners.statements.RunAfters.evaluate(RunAfters.java:27)
	at org.junit.runners.ParentRunner.run(ParentRunner.java:309)
	at org.apache.maven.surefire.junit4.JUnit4Provider.execute(JUnit4Provider.java:365)
	at org.apache.maven.surefire.junit4.JUnit4Provider.executeWithRerun(JUnit4Provider.java:273)
	at org.apache.maven.surefire.junit4.JUnit4Provider.executeTestSet(JUnit4Provider.java:238)
	at org.apache.maven.surefire.junit4.JUnit4Provider.invoke(JUnit4Provider.java:159)
	at org.apache.maven.surefire.booter.ForkedBooter.invokeProviderInSameClassLoader(ForkedBooter.java:384)
	at org.apache.maven.surefire.booter.ForkedBooter.runSuitesInProcess(ForkedBooter.java:345)
	at org.apache.maven.surefire.booter.ForkedBooter.execute(ForkedBooter.java:126)
	at org.apache.maven.surefire.booter.ForkedBooter.main(ForkedBooter.java:418)
</error>
    <system-out><![CDATA[2019-09-20 20:09:21,750 [main] WARN  server.ServerUtils (ServerUtils.java:getScmDbDir(145)) - ozone.scm.db.dirs is not configured. We recommend adding this setting. Falling back to ozone.metadata.dirs instead.
2019-09-20 20:09:21,869 [main] WARN  server.ServerUtils (ServerUtils.java:getScmDbDir(145)) - ozone.scm.db.dirs is not configured. We recommend adding this setting. Falling back to ozone.metadata.dirs instead.
2019-09-20 20:09:21,873 [main] WARN  server.ServerUtils (ServerUtils.java:getScmDbDir(145)) - ozone.scm.db.dirs is not configured. We recommend adding this setting. Falling back to ozone.metadata.dirs instead.
2019-09-20 20:09:21,891 [main] INFO  util.log (Log.java:initialized(192)) - Logging initialized @895ms
2019-09-20 20:09:21,993 [main] INFO  db.DBStoreBuilder (DBStoreBuilder.java:addTable(110)) - using custom profile for table: deletedBlocks
2019-09-20 20:09:21,993 [main] INFO  db.DBStoreBuilder (DBStoreBuilder.java:processTables(161)) - Using default column profile:DBProfile.DISK for Table:deletedBlocks
2019-09-20 20:09:21,994 [main] INFO  db.DBStoreBuilder (DBStoreBuilder.java:addTable(110)) - using custom profile for table: validCerts
2019-09-20 20:09:21,994 [main] INFO  db.DBStoreBuilder (DBStoreBuilder.java:processTables(161)) - Using default column profile:DBProfile.DISK for Table:validCerts
2019-09-20 20:09:21,994 [main] INFO  db.DBStoreBuilder (DBStoreBuilder.java:addTable(110)) - using custom profile for table: revokedCerts
2019-09-20 20:09:21,994 [main] INFO  db.DBStoreBuilder (DBStoreBuilder.java:processTables(161)) - Using default column profile:DBProfile.DISK for Table:revokedCerts
2019-09-20 20:09:22,006 [main] INFO  db.DBStoreBuilder (DBStoreBuilder.java:addTable(110)) - using custom profile for table: default
2019-09-20 20:09:22,006 [main] INFO  db.DBStoreBuilder (DBStoreBuilder.java:processTables(167)) - Using default column profile:DBProfile.DISK for Table:default
2019-09-20 20:09:22,007 [main] INFO  db.DBStoreBuilder (DBStoreBuilder.java:getDbProfile(198)) - Using default options. DBProfile.DISK
2019-09-20 20:09:22,372 [main] INFO  net.NodeSchemaLoader (NodeSchemaLoader.java:loadSchemaFromFile(125)) - Loading file from sun.misc.CompoundEnumeration@71d44a3
2019-09-20 20:09:22,375 [main] INFO  net.NodeSchemaLoader (NodeSchemaLoader.java:loadSchema(171)) - Loading network topology layer schema file
2019-09-20 20:09:22,477 [main] INFO  node.SCMNodeManager (SCMNodeManager.java:<init>(114)) - Entering startup safe mode.
2019-09-20 20:09:22,552 [main] INFO  algorithms.ContainerPlacementPolicyFactory (ContainerPlacementPolicyFactory.java:getPolicy(57)) - Create container placement policy of type org.apache.hadoop.hdds.scm.container.placement.algorithms.SCMContainerPlacementRandom
2019-09-20 20:09:22,567 [main] WARN  server.ServerUtils (ServerUtils.java:getScmDbDir(145)) - ozone.scm.db.dirs is not configured. We recommend adding this setting. Falling back to ozone.metadata.dirs instead.
2019-09-20 20:09:22,675 [main] INFO  pipeline.SCMPipelineManager (SCMPipelineManager.java:initializePipelineState(128)) - No pipeline exists in current db
2019-09-20 20:09:22,678 [main] WARN  server.ServerUtils (ServerUtils.java:getScmDbDir(145)) - ozone.scm.db.dirs is not configured. We recommend adding this setting. Falling back to ozone.metadata.dirs instead.
2019-09-20 20:09:22,865 [main] INFO  Configuration.deprecation (Configuration.java:logDeprecation(1394)) - No unit for hdds.scm.replication.thread.interval(2000) assuming MILLISECONDS
2019-09-20 20:09:22,897 [main] WARN  events.EventQueue (EventQueue.java:fireEvent(183)) - No event handler registered for event TypedEvent{payloadType=SafeModeStatus, name='SafeModeStatus'}
2019-09-20 20:09:23,287 [main] INFO  ipc.CallQueueManager (CallQueueManager.java:<init>(84)) - Using callQueue: class java.util.concurrent.LinkedBlockingQueue, queueCapacity: 2000, scheduler: class org.apache.hadoop.ipc.DefaultRpcScheduler, ipcBackoff: false.
2019-09-20 20:09:23,316 [Socket Reader #1 for port 36127] INFO  ipc.Server (Server.java:run(1074)) - Starting Socket Reader #1 for port 36127
2019-09-20 20:09:23,466 [main] INFO  ipc.CallQueueManager (CallQueueManager.java:<init>(84)) - Using callQueue: class java.util.concurrent.LinkedBlockingQueue, queueCapacity: 2000, scheduler: class org.apache.hadoop.ipc.DefaultRpcScheduler, ipcBackoff: false.
2019-09-20 20:09:23,467 [Socket Reader #1 for port 46485] INFO  ipc.Server (Server.java:run(1074)) - Starting Socket Reader #1 for port 46485
2019-09-20 20:09:23,480 [main] INFO  ipc.CallQueueManager (CallQueueManager.java:<init>(84)) - Using callQueue: class java.util.concurrent.LinkedBlockingQueue, queueCapacity: 2000, scheduler: class org.apache.hadoop.ipc.DefaultRpcScheduler, ipcBackoff: false.
2019-09-20 20:09:23,482 [Socket Reader #1 for port 41002] INFO  ipc.Server (Server.java:run(1074)) - Starting Socket Reader #1 for port 41002
2019-09-20 20:09:23,512 [main] INFO  hdfs.DFSUtil (DFSUtil.java:httpServerTemplateForNNAndJN(1641)) - Starting Web-server for scm at: http://0.0.0.0:0
2019-09-20 20:09:23,677 [main] INFO  server.AuthenticationFilter (AuthenticationFilter.java:constructSecretProvider(240)) - Unable to initialize FileSignerSecretProvider, falling back to use random secrets.
2019-09-20 20:09:23,687 [main] WARN  http.HttpRequestLog (HttpRequestLog.java:getRequestLog(97)) - Jetty request log can only be enabled using Log4j
2019-09-20 20:09:23,696 [main] INFO  http.HttpServer2 (HttpServer2.java:addGlobalFilter(975)) - Added global filter 'safety' (class=org.apache.hadoop.http.HttpServer2$QuotingInputFilter)
2019-09-20 20:09:23,699 [main] INFO  http.HttpServer2 (HttpServer2.java:addFilter(948)) - Added filter static_user_filter (class=org.apache.hadoop.http.lib.StaticUserWebFilter$StaticUserFilter) to context scm
2019-09-20 20:09:23,699 [main] INFO  http.HttpServer2 (HttpServer2.java:addFilter(958)) - Added filter static_user_filter (class=org.apache.hadoop.http.lib.StaticUserWebFilter$StaticUserFilter) to context static
2019-09-20 20:09:23,700 [main] INFO  http.HttpServer2 (HttpServer2.java:addFilter(958)) - Added filter static_user_filter (class=org.apache.hadoop.http.lib.StaticUserWebFilter$StaticUserFilter) to context logs
2019-09-20 20:09:23,743 [main] INFO  server.StorageContainerManager (StorageContainerManager.java:start(763)) - StorageContainerLocationProtocol RPC server is listening at /0.0.0.0:41002
2019-09-20 20:09:23,817 [main] WARN  impl.MetricsConfig (MetricsConfig.java:loadFirst(134)) - Cannot locate configuration: tried hadoop-metrics2-storagecontainermanager.properties,hadoop-metrics2.properties
2019-09-20 20:09:23,831 [main] INFO  impl.MetricsSystemImpl (MetricsSystemImpl.java:startTimer(374)) - Scheduled Metric snapshot period at 10 second(s).
2019-09-20 20:09:23,831 [main] INFO  impl.MetricsSystemImpl (MetricsSystemImpl.java:start(191)) - StorageContainerManager metrics system started
2019-09-20 20:09:24,059 [main] INFO  server.SCMClientProtocolServer (SCMClientProtocolServer.java:start(151)) - RPC server for Client  is listening at /0.0.0.0:41002
2019-09-20 20:09:24,060 [IPC Server Responder] INFO  ipc.Server (Server.java:run(1314)) - IPC Server Responder: starting
2019-09-20 20:09:24,060 [IPC Server listener on 41002] INFO  ipc.Server (Server.java:run(1153)) - IPC Server listener on 41002: starting
2019-09-20 20:09:24,062 [main] INFO  server.StorageContainerManager (StorageContainerManager.java:start(773)) - ScmBlockLocationProtocol RPC server is listening at /0.0.0.0:46485
2019-09-20 20:09:24,064 [main] INFO  server.SCMBlockProtocolServer (SCMBlockProtocolServer.java:start(146)) - RPC server for Block Protocol is listening at /0.0.0.0:46485
2019-09-20 20:09:24,064 [IPC Server Responder] INFO  ipc.Server (Server.java:run(1314)) - IPC Server Responder: starting
2019-09-20 20:09:24,064 [IPC Server listener on 46485] INFO  ipc.Server (Server.java:run(1153)) - IPC Server listener on 46485: starting
2019-09-20 20:09:24,066 [main] INFO  server.StorageContainerManager (StorageContainerManager.java:start(777)) - ScmDatanodeProtocl RPC server is listening at /0.0.0.0:36127
2019-09-20 20:09:24,066 [main] INFO  server.SCMDatanodeProtocolServer (SCMDatanodeProtocolServer.java:start(191)) - RPC server for DataNodes is listening at /0.0.0.0:36127
2019-09-20 20:09:24,066 [IPC Server Responder] INFO  ipc.Server (Server.java:run(1314)) - IPC Server Responder: starting
2019-09-20 20:09:24,067 [IPC Server listener on 36127] INFO  ipc.Server (Server.java:run(1153)) - IPC Server listener on 36127: starting
2019-09-20 20:09:24,070 [main] INFO  http.HttpServer2 (HttpServer2.java:bindListener(1191)) - Jetty bound to port 36617
2019-09-20 20:09:24,072 [main] INFO  server.Server (Server.java:doStart(351)) - jetty-9.3.25.v20180904, build timestamp: 2018-09-04T21:11:46Z, git hash: 3ce520221d0240229c862b122d2b06c12a625732
2019-09-20 20:09:24,111 [main] INFO  handler.ContextHandler (ContextHandler.java:doStart(781)) - Started o.e.j.s.ServletContextHandler@23fb172e{/logs,file:///workdir/hadoop-ozone/integration-test/target/log,AVAILABLE}
2019-09-20 20:09:24,111 [main] INFO  handler.ContextHandler (ContextHandler.java:doStart(781)) - Started o.e.j.s.ServletContextHandler@158a3b2e{/static,file:///workdir/hadoop-ozone/integration-test/target/test-classes/webapps/static,AVAILABLE}
2019-09-20 20:09:24,146 [main] INFO  handler.ContextHandler (ContextHandler.java:doStart(781)) - Started o.e.j.w.WebAppContext@b5cc23a{/,file:///workdir/hadoop-ozone/integration-test/target/test-classes/webapps/scm/,AVAILABLE}{/scm}
2019-09-20 20:09:24,151 [main] INFO  server.AbstractConnector (AbstractConnector.java:doStart(278)) - Started ServerConnector@61a002b1{HTTP/1.1,[http/1.1]}{0.0.0.0:36617}
2019-09-20 20:09:24,152 [main] INFO  server.Server (Server.java:doStart(419)) - Started @3156ms
2019-09-20 20:09:24,154 [main] INFO  impl.MetricsSinkAdapter (MetricsSinkAdapter.java:start(204)) - Sink prometheus started
2019-09-20 20:09:24,154 [main] INFO  impl.MetricsSystemImpl (MetricsSystemImpl.java:registerSink(301)) - Registered sink prometheus
2019-09-20 20:09:24,157 [main] INFO  server.BaseHttpServer (BaseHttpServer.java:updateConnectorAddress(215)) - HTTP server of SCM is listening at http://0.0.0.0:36617
2019-09-20 20:09:24,161 [org.apache.hadoop.util.JvmPauseMonitor$Monitor@58c540cf] INFO  util.JvmPauseMonitor (JvmPauseMonitor.java:run(188)) - Starting JVM pause monitor
2019-09-20 20:09:24,164 [main] WARN  server.ServerUtils (ServerUtils.java:getDBPath(222)) - ozone.om.db.dirs is not configured. We recommend adding this setting. Falling back to ozone.metadata.dirs instead.
2019-09-20 20:09:24,330 [main] WARN  server.ServerUtils (ServerUtils.java:getDBPath(222)) - ozone.om.db.dirs is not configured. We recommend adding this setting. Falling back to ozone.metadata.dirs instead.
2019-09-20 20:09:24,331 [main] WARN  server.ServerUtils (ServerUtils.java:getDBPath(222)) - ozone.om.db.dirs is not configured. We recommend adding this setting. Falling back to ozone.metadata.dirs instead.
2019-09-20 20:09:24,332 [main] INFO  om.OzoneManager (OzoneManager.java:setOMNodeDetails(649)) - OM Service ID is not set. Setting it to the default ID: omServiceIdDefault
2019-09-20 20:09:24,332 [main] INFO  om.OzoneManager (OzoneManager.java:setOMNodeDetails(655)) - OM Node ID is not set. Setting it to the OmStorage's OmID: 4cd7cf3b-e94b-4d16-88ca-03b908930794
2019-09-20 20:09:24,333 [main] INFO  om.OzoneManager (OzoneManager.java:loadOMHAConfigs(606)) - Found matching OM address with OMServiceId: null, OMNodeId: null, RPC Address: localhost:0 and Ratis port: 9872
2019-09-20 20:09:25,079 [main] WARN  server.ServerUtils (ServerUtils.java:getDBPath(222)) - ozone.om.db.dirs is not configured. We recommend adding this setting. Falling back to ozone.metadata.dirs instead.
2019-09-20 20:09:25,093 [main] INFO  db.DBStoreBuilder (DBStoreBuilder.java:addTable(110)) - using custom profile for table: userTable
2019-09-20 20:09:25,093 [main] INFO  db.DBStoreBuilder (DBStoreBuilder.java:processTables(161)) - Using default column profile:DBProfile.DISK for Table:userTable
2019-09-20 20:09:25,094 [main] INFO  db.DBStoreBuilder (DBStoreBuilder.java:addTable(110)) - using custom profile for table: volumeTable
2019-09-20 20:09:25,094 [main] INFO  db.DBStoreBuilder (DBStoreBuilder.java:processTables(161)) - Using default column profile:DBProfile.DISK for Table:volumeTable
2019-09-20 20:09:25,094 [main] INFO  db.DBStoreBuilder (DBStoreBuilder.java:addTable(110)) - using custom profile for table: bucketTable
2019-09-20 20:09:25,095 [main] INFO  db.DBStoreBuilder (DBStoreBuilder.java:processTables(161)) - Using default column profile:DBProfile.DISK for Table:bucketTable
2019-09-20 20:09:25,095 [main] INFO  db.DBStoreBuilder (DBStoreBuilder.java:addTable(110)) - using custom profile for table: keyTable
2019-09-20 20:09:25,095 [main] INFO  db.DBStoreBuilder (DBStoreBuilder.java:processTables(161)) - Using default column profile:DBProfile.DISK for Table:keyTable
2019-09-20 20:09:25,096 [main] INFO  db.DBStoreBuilder (DBStoreBuilder.java:addTable(110)) - using custom profile for table: deletedTable
2019-09-20 20:09:25,096 [main] INFO  db.DBStoreBuilder (DBStoreBuilder.java:processTables(161)) - Using default column profile:DBProfile.DISK for Table:deletedTable
2019-09-20 20:09:25,097 [main] INFO  db.DBStoreBuilder (DBStoreBuilder.java:addTable(110)) - using custom profile for table: openKeyTable
2019-09-20 20:09:25,097 [main] INFO  db.DBStoreBuilder (DBStoreBuilder.java:processTables(161)) - Using default column profile:DBProfile.DISK for Table:openKeyTable
2019-09-20 20:09:25,097 [main] INFO  db.DBStoreBuilder (DBStoreBuilder.java:addTable(110)) - using custom profile for table: s3Table
2019-09-20 20:09:25,098 [main] INFO  db.DBStoreBuilder (DBStoreBuilder.java:processTables(161)) - Using default column profile:DBProfile.DISK for Table:s3Table
2019-09-20 20:09:25,098 [main] INFO  db.DBStoreBuilder (DBStoreBuilder.java:addTable(110)) - using custom profile for table: multipartInfoTable
2019-09-20 20:09:25,098 [main] INFO  db.DBStoreBuilder (DBStoreBuilder.java:processTables(161)) - Using default column profile:DBProfile.DISK for Table:multipartInfoTable
2019-09-20 20:09:25,099 [main] INFO  db.DBStoreBuilder (DBStoreBuilder.java:addTable(110)) - using custom profile for table: dTokenTable
2019-09-20 20:09:25,099 [main] INFO  db.DBStoreBuilder (DBStoreBuilder.java:processTables(161)) - Using default column profile:DBProfile.DISK for Table:dTokenTable
2019-09-20 20:09:25,100 [main] INFO  db.DBStoreBuilder (DBStoreBuilder.java:addTable(110)) - using custom profile for table: s3SecretTable
2019-09-20 20:09:25,100 [main] INFO  db.DBStoreBuilder (DBStoreBuilder.java:processTables(161)) - Using default column profile:DBProfile.DISK for Table:s3SecretTable
2019-09-20 20:09:25,100 [main] INFO  db.DBStoreBuilder (DBStoreBuilder.java:addTable(110)) - using custom profile for table: prefixTable
2019-09-20 20:09:25,101 [main] INFO  db.DBStoreBuilder (DBStoreBuilder.java:processTables(161)) - Using default column profile:DBProfile.DISK for Table:prefixTable
2019-09-20 20:09:25,101 [main] INFO  db.DBStoreBuilder (DBStoreBuilder.java:addTable(110)) - using custom profile for table: default
2019-09-20 20:09:25,101 [main] INFO  db.DBStoreBuilder (DBStoreBuilder.java:processTables(167)) - Using default column profile:DBProfile.DISK for Table:default
2019-09-20 20:09:25,102 [main] INFO  db.DBStoreBuilder (DBStoreBuilder.java:getDbProfile(198)) - Using default options. DBProfile.DISK
2019-09-20 20:09:26,082 [main] INFO  ipc.CallQueueManager (CallQueueManager.java:<init>(84)) - Using callQueue: class java.util.concurrent.LinkedBlockingQueue, queueCapacity: 2000, scheduler: class org.apache.hadoop.ipc.DefaultRpcScheduler, ipcBackoff: false.
2019-09-20 20:09:26,083 [Socket Reader #1 for port 33500] INFO  ipc.Server (Server.java:run(1074)) - Starting Socket Reader #1 for port 33500
2019-09-20 20:09:26,105 [main] INFO  om.OzoneManager (OzoneManager.java:start(1240)) - OzoneManager RPC server is listening at localhost/127.0.0.1:33500
2019-09-20 20:09:26,105 [main] INFO  impl.MetricsSystemImpl (MetricsSystemImpl.java:init(158)) - OzoneManager metrics system started (again)
2019-09-20 20:09:26,107 [IPC Server Responder] INFO  ipc.Server (Server.java:run(1314)) - IPC Server Responder: starting
2019-09-20 20:09:26,107 [IPC Server listener on 33500] INFO  ipc.Server (Server.java:run(1153)) - IPC Server listener on 33500: starting
2019-09-20 20:09:26,112 [main] INFO  hdfs.DFSUtil (DFSUtil.java:httpServerTemplateForNNAndJN(1641)) - Starting Web-server for ozoneManager at: http://0.0.0.0:0
2019-09-20 20:09:26,115 [main] INFO  server.AuthenticationFilter (AuthenticationFilter.java:constructSecretProvider(240)) - Unable to initialize FileSignerSecretProvider, falling back to use random secrets.
2019-09-20 20:09:26,116 [main] WARN  http.HttpRequestLog (HttpRequestLog.java:getRequestLog(97)) - Jetty request log can only be enabled using Log4j
2019-09-20 20:09:26,119 [main] INFO  http.HttpServer2 (HttpServer2.java:addGlobalFilter(975)) - Added global filter 'safety' (class=org.apache.hadoop.http.HttpServer2$QuotingInputFilter)
2019-09-20 20:09:26,120 [main] INFO  http.HttpServer2 (HttpServer2.java:addFilter(948)) - Added filter static_user_filter (class=org.apache.hadoop.http.lib.StaticUserWebFilter$StaticUserFilter) to context ozoneManager
2019-09-20 20:09:26,121 [main] INFO  http.HttpServer2 (HttpServer2.java:addFilter(958)) - Added filter static_user_filter (class=org.apache.hadoop.http.lib.StaticUserWebFilter$StaticUserFilter) to context logs
2019-09-20 20:09:26,121 [main] INFO  http.HttpServer2 (HttpServer2.java:addFilter(958)) - Added filter static_user_filter (class=org.apache.hadoop.http.lib.StaticUserWebFilter$StaticUserFilter) to context static
2019-09-20 20:09:26,124 [main] INFO  http.HttpServer2 (HttpServer2.java:bindListener(1191)) - Jetty bound to port 37941
2019-09-20 20:09:26,124 [main] INFO  server.Server (Server.java:doStart(351)) - jetty-9.3.25.v20180904, build timestamp: 2018-09-04T21:11:46Z, git hash: 3ce520221d0240229c862b122d2b06c12a625732
2019-09-20 20:09:26,131 [main] INFO  handler.ContextHandler (ContextHandler.java:doStart(781)) - Started o.e.j.s.ServletContextHandler@4a9486c0{/logs,file:///workdir/hadoop-ozone/integration-test/target/log,AVAILABLE}
2019-09-20 20:09:26,133 [main] INFO  handler.ContextHandler (ContextHandler.java:doStart(781)) - Started o.e.j.s.ServletContextHandler@40ee0a22{/static,file:///workdir/hadoop-ozone/integration-test/target/test-classes/webapps/static,AVAILABLE}
2019-09-20 20:09:26,138 [main] INFO  handler.ContextHandler (ContextHandler.java:doStart(781)) - Started o.e.j.w.WebAppContext@2dbd803f{/,file:///workdir/hadoop-ozone/integration-test/target/test-classes/webapps/ozoneManager/,AVAILABLE}{/ozoneManager}
2019-09-20 20:09:26,139 [main] INFO  server.AbstractConnector (AbstractConnector.java:doStart(278)) - Started ServerConnector@3e48e859{HTTP/1.1,[http/1.1]}{0.0.0.0:37941}
2019-09-20 20:09:26,140 [main] INFO  server.Server (Server.java:doStart(419)) - Started @5144ms
2019-09-20 20:09:26,140 [main] WARN  impl.MetricsSystemImpl (MetricsSystemImpl.java:register(276)) - Sink prometheus already exists!
2019-09-20 20:09:26,141 [main] INFO  server.BaseHttpServer (BaseHttpServer.java:updateConnectorAddress(215)) - HTTP server of OZONEMANAGER is listening at http://0.0.0.0:37941
2019-09-20 20:09:26,480 [main] INFO  impl.MetricsSystemImpl (MetricsSystemImpl.java:init(158)) - HddsDatanode metrics system started (again)
2019-09-20 20:09:26,570 [main] INFO  ozone.HddsDatanodeService (HddsDatanodeService.java:start(184)) - HddsDatanodeService host:pr-hdds-2150-7dksv-2379377350 ip:192.168.5.162
2019-09-20 20:09:26,617 [main] INFO  volume.HddsVolume (HddsVolume.java:<init>(176)) - Creating Volume: /workdir/hadoop-ozone/integration-test/target/test-dir/MiniOzoneClusterImpl-c37fe8cd-1444-4a91-8998-fe63ed8d38bf/datanode-0/data/containers/hdds of  storage type : DISK and capacity : 1482555576320
2019-09-20 20:09:26,620 [main] INFO  volume.VolumeSet (VolumeSet.java:initializeVolumeSet(170)) - Added Volume : /workdir/hadoop-ozone/integration-test/target/test-dir/MiniOzoneClusterImpl-c37fe8cd-1444-4a91-8998-fe63ed8d38bf/datanode-0/data/containers/hdds to VolumeSet
2019-09-20 20:09:26,625 [main] INFO  volume.ThrottledAsyncChecker (ThrottledAsyncChecker.java:schedule(139)) - Scheduling a check for org.apache.hadoop.ozone.container.common.volume.HddsVolume@30814f43
2019-09-20 20:09:26,648 [main] INFO  volume.HddsVolumeChecker (HddsVolumeChecker.java:checkAllVolumes(202)) - Scheduled health check for volume org.apache.hadoop.ozone.container.common.volume.HddsVolume@30814f43
2019-09-20 20:09:26,777 [main] INFO  impl.RaftServerProxy (ConfUtils.java:logGet(43)) - raft.rpc.type = GRPC (default)
2019-09-20 20:09:26,870 [main] INFO  grpc.GrpcFactory (GrpcFactory.java:checkPooledByteBufAllocatorUseCacheForAllThreads(45)) - PERFORMANCE WARNING: useCacheForAllThreads is true that may cause Netty to create a lot garbage objects and, as a result, trigger GC.
	It is recommended to disable useCacheForAllThreads by setting -Dorg.apache.ratis.thirdparty.io.netty.allocator.useCacheForAllThreads=false in command line.
2019-09-20 20:09:26,876 [main] INFO  grpc.GrpcConfigKeys$Server (ConfUtils.java:logGet(43)) - raft.grpc.server.port = 0 (default)
2019-09-20 20:09:26,877 [main] INFO  server.GrpcService (ConfUtils.java:logGet(43)) - raft.grpc.message.size.max = 33570816 (custom)
2019-09-20 20:09:26,878 [main] INFO  server.RaftServerConfigKeys (ConfUtils.java:logGet(43)) - raft.server.log.appender.buffer.byte-limit = 33554432 (custom)
2019-09-20 20:09:26,879 [main] INFO  server.GrpcService (ConfUtils.java:logGet(43)) - raft.grpc.flow.control.window = 1MB (=1048576) (default)
2019-09-20 20:09:26,880 [main] INFO  server.RaftServerConfigKeys (ConfUtils.java:logGet(43)) - raft.server.rpc.request.timeout = 3000ms (default)
2019-09-20 20:09:27,077 [main] INFO  server.RaftServerConfigKeys (ConfUtils.java:logGet(43)) - raft.server.storage.dir = [/workdir/hadoop-ozone/integration-test/target/test-dir/MiniOzoneClusterImpl-c37fe8cd-1444-4a91-8998-fe63ed8d38bf/datanode-0/data/ratis] (custom)
2019-09-20 20:09:27,144 [main] INFO  hdfs.DFSUtil (DFSUtil.java:httpServerTemplateForNNAndJN(1641)) - Starting Web-server for hddsDatanode at: http://0.0.0.0:0
2019-09-20 20:09:27,147 [main] INFO  server.AuthenticationFilter (AuthenticationFilter.java:constructSecretProvider(240)) - Unable to initialize FileSignerSecretProvider, falling back to use random secrets.
2019-09-20 20:09:27,148 [main] WARN  http.HttpRequestLog (HttpRequestLog.java:getRequestLog(97)) - Jetty request log can only be enabled using Log4j
2019-09-20 20:09:27,150 [main] INFO  http.HttpServer2 (HttpServer2.java:addGlobalFilter(975)) - Added global filter 'safety' (class=org.apache.hadoop.http.HttpServer2$QuotingInputFilter)
2019-09-20 20:09:27,151 [main] INFO  http.HttpServer2 (HttpServer2.java:addFilter(948)) - Added filter static_user_filter (class=org.apache.hadoop.http.lib.StaticUserWebFilter$StaticUserFilter) to context hddsDatanode
2019-09-20 20:09:27,151 [main] INFO  http.HttpServer2 (HttpServer2.java:addFilter(958)) - Added filter static_user_filter (class=org.apache.hadoop.http.lib.StaticUserWebFilter$StaticUserFilter) to context static
2019-09-20 20:09:27,151 [main] INFO  http.HttpServer2 (HttpServer2.java:addFilter(958)) - Added filter static_user_filter (class=org.apache.hadoop.http.lib.StaticUserWebFilter$StaticUserFilter) to context logs
2019-09-20 20:09:27,153 [main] INFO  http.HttpServer2 (HttpServer2.java:bindListener(1191)) - Jetty bound to port 43652
2019-09-20 20:09:27,153 [main] INFO  server.Server (Server.java:doStart(351)) - jetty-9.3.25.v20180904, build timestamp: 2018-09-04T21:11:46Z, git hash: 3ce520221d0240229c862b122d2b06c12a625732
2019-09-20 20:09:27,156 [main] INFO  handler.ContextHandler (ContextHandler.java:doStart(781)) - Started o.e.j.s.ServletContextHandler@31ee2fdb{/logs,file:///workdir/hadoop-ozone/integration-test/target/log,AVAILABLE}
2019-09-20 20:09:27,156 [main] INFO  handler.ContextHandler (ContextHandler.java:doStart(781)) - Started o.e.j.s.ServletContextHandler@1effd53c{/static,jar:file:/home/user/.m2/repository/org/apache/hadoop/hadoop-hdds-container-service/0.5.0-SNAPSHOT/hadoop-hdds-container-service-0.5.0-SNAPSHOT.jar!/webapps/static,AVAILABLE}
2019-09-20 20:09:27,191 [main] INFO  handler.ContextHandler (ContextHandler.java:doStart(781)) - Started o.e.j.w.WebAppContext@65b97f47{/,file:///tmp/jetty-0.0.0.0-43652-hddsDatanode-_-any-6513414560457108897.dir/webapp/,AVAILABLE}{/hddsDatanode}
2019-09-20 20:09:27,192 [main] INFO  server.AbstractConnector (AbstractConnector.java:doStart(278)) - Started ServerConnector@255eaa6b{HTTP/1.1,[http/1.1]}{0.0.0.0:43652}
2019-09-20 20:09:27,193 [main] INFO  server.Server (Server.java:doStart(419)) - Started @6197ms
2019-09-20 20:09:27,194 [main] WARN  impl.MetricsSystemImpl (MetricsSystemImpl.java:register(276)) - Sink prometheus already exists!
2019-09-20 20:09:27,195 [main] INFO  server.BaseHttpServer (BaseHttpServer.java:updateConnectorAddress(215)) - HTTP server of HDDSDATANODE is listening at http://0.0.0.0:43652
2019-09-20 20:09:27,196 [main] INFO  impl.MetricsSystemImpl (MetricsSystemImpl.java:init(158)) - HddsDatanode metrics system started (again)
2019-09-20 20:09:27,199 [main] INFO  ozone.HddsDatanodeService (HddsDatanodeService.java:start(184)) - HddsDatanodeService host:pr-hdds-2150-7dksv-2379377350 ip:192.168.5.162
2019-09-20 20:09:27,202 [org.apache.hadoop.util.JvmPauseMonitor$Monitor@d0ee458] INFO  util.JvmPauseMonitor (JvmPauseMonitor.java:run(188)) - Starting JVM pause monitor
2019-09-20 20:09:27,207 [main] INFO  volume.HddsVolume (HddsVolume.java:<init>(176)) - Creating Volume: /workdir/hadoop-ozone/integration-test/target/test-dir/MiniOzoneClusterImpl-c37fe8cd-1444-4a91-8998-fe63ed8d38bf/datanode-1/data/containers/hdds of  storage type : DISK and capacity : 1482555576320
2019-09-20 20:09:27,208 [main] INFO  volume.VolumeSet (VolumeSet.java:initializeVolumeSet(170)) - Added Volume : /workdir/hadoop-ozone/integration-test/target/test-dir/MiniOzoneClusterImpl-c37fe8cd-1444-4a91-8998-fe63ed8d38bf/datanode-1/data/containers/hdds to VolumeSet
2019-09-20 20:09:27,208 [main] INFO  volume.ThrottledAsyncChecker (ThrottledAsyncChecker.java:schedule(139)) - Scheduling a check for org.apache.hadoop.ozone.container.common.volume.HddsVolume@6981f8f3
2019-09-20 20:09:27,209 [main] INFO  volume.HddsVolumeChecker (HddsVolumeChecker.java:checkAllVolumes(202)) - Scheduled health check for volume org.apache.hadoop.ozone.container.common.volume.HddsVolume@6981f8f3
2019-09-20 20:09:27,226 [main] INFO  impl.RaftServerProxy (ConfUtils.java:logGet(43)) - raft.rpc.type = GRPC (default)
2019-09-20 20:09:27,226 [main] INFO  grpc.GrpcFactory (GrpcFactory.java:checkPooledByteBufAllocatorUseCacheForAllThreads(45)) - PERFORMANCE WARNING: useCacheForAllThreads is true that may cause Netty to create a lot garbage objects and, as a result, trigger GC.
	It is recommended to disable useCacheForAllThreads by setting -Dorg.apache.ratis.thirdparty.io.netty.allocator.useCacheForAllThreads=false in command line.
2019-09-20 20:09:27,226 [main] INFO  grpc.GrpcConfigKeys$Server (ConfUtils.java:logGet(43)) - raft.grpc.server.port = 0 (default)
2019-09-20 20:09:27,227 [main] INFO  server.GrpcService (ConfUtils.java:logGet(43)) - raft.grpc.message.size.max = 33570816 (custom)
2019-09-20 20:09:27,227 [main] INFO  server.RaftServerConfigKeys (ConfUtils.java:logGet(43)) - raft.server.log.appender.buffer.byte-limit = 33554432 (custom)
2019-09-20 20:09:27,227 [main] INFO  server.GrpcService (ConfUtils.java:logGet(43)) - raft.grpc.flow.control.window = 1MB (=1048576) (default)
2019-09-20 20:09:27,227 [main] INFO  server.RaftServerConfigKeys (ConfUtils.java:logGet(43)) - raft.server.rpc.request.timeout = 3000ms (default)
2019-09-20 20:09:27,228 [main] INFO  server.RaftServerConfigKeys (ConfUtils.java:logGet(43)) - raft.server.storage.dir = [/workdir/hadoop-ozone/integration-test/target/test-dir/MiniOzoneClusterImpl-c37fe8cd-1444-4a91-8998-fe63ed8d38bf/datanode-1/data/ratis] (custom)
2019-09-20 20:09:27,230 [main] INFO  hdfs.DFSUtil (DFSUtil.java:httpServerTemplateForNNAndJN(1641)) - Starting Web-server for hddsDatanode at: http://0.0.0.0:0
2019-09-20 20:09:27,234 [main] INFO  server.AuthenticationFilter (AuthenticationFilter.java:constructSecretProvider(240)) - Unable to initialize FileSignerSecretProvider, falling back to use random secrets.
2019-09-20 20:09:27,235 [main] WARN  http.HttpRequestLog (HttpRequestLog.java:getRequestLog(97)) - Jetty request log can only be enabled using Log4j
2019-09-20 20:09:27,238 [main] INFO  http.HttpServer2 (HttpServer2.java:addGlobalFilter(975)) - Added global filter 'safety' (class=org.apache.hadoop.http.HttpServer2$QuotingInputFilter)
2019-09-20 20:09:27,240 [main] INFO  http.HttpServer2 (HttpServer2.java:addFilter(948)) - Added filter static_user_filter (class=org.apache.hadoop.http.lib.StaticUserWebFilter$StaticUserFilter) to context hddsDatanode
2019-09-20 20:09:27,240 [main] INFO  http.HttpServer2 (HttpServer2.java:addFilter(958)) - Added filter static_user_filter (class=org.apache.hadoop.http.lib.StaticUserWebFilter$StaticUserFilter) to context logs
2019-09-20 20:09:27,240 [main] INFO  http.HttpServer2 (HttpServer2.java:addFilter(958)) - Added filter static_user_filter (class=org.apache.hadoop.http.lib.StaticUserWebFilter$StaticUserFilter) to context static
2019-09-20 20:09:27,241 [main] INFO  http.HttpServer2 (HttpServer2.java:bindListener(1191)) - Jetty bound to port 46835
2019-09-20 20:09:27,242 [main] INFO  server.Server (Server.java:doStart(351)) - jetty-9.3.25.v20180904, build timestamp: 2018-09-04T21:11:46Z, git hash: 3ce520221d0240229c862b122d2b06c12a625732
2019-09-20 20:09:27,246 [main] INFO  handler.ContextHandler (ContextHandler.java:doStart(781)) - Started o.e.j.s.ServletContextHandler@561b61ed{/logs,file:///workdir/hadoop-ozone/integration-test/target/log,AVAILABLE}
2019-09-20 20:09:27,247 [main] INFO  handler.ContextHandler (ContextHandler.java:doStart(781)) - Started o.e.j.s.ServletContextHandler@26cb5207{/static,jar:file:/home/user/.m2/repository/org/apache/hadoop/hadoop-hdds-container-service/0.5.0-SNAPSHOT/hadoop-hdds-container-service-0.5.0-SNAPSHOT.jar!/webapps/static,AVAILABLE}
2019-09-20 20:09:27,297 [main] INFO  handler.ContextHandler (ContextHandler.java:doStart(781)) - Started o.e.j.w.WebAppContext@7fdab70c{/,file:///tmp/jetty-0.0.0.0-46835-hddsDatanode-_-any-6989190946343935605.dir/webapp/,AVAILABLE}{/hddsDatanode}
2019-09-20 20:09:27,299 [main] INFO  server.AbstractConnector (AbstractConnector.java:doStart(278)) - Started ServerConnector@25ad4f71{HTTP/1.1,[http/1.1]}{0.0.0.0:46835}
2019-09-20 20:09:27,300 [main] INFO  server.Server (Server.java:doStart(419)) - Started @6304ms
2019-09-20 20:09:27,300 [main] WARN  impl.MetricsSystemImpl (MetricsSystemImpl.java:register(276)) - Sink prometheus already exists!
2019-09-20 20:09:27,301 [main] INFO  server.BaseHttpServer (BaseHttpServer.java:updateConnectorAddress(215)) - HTTP server of HDDSDATANODE is listening at http://0.0.0.0:46835
2019-09-20 20:09:27,302 [main] INFO  impl.MetricsSystemImpl (MetricsSystemImpl.java:init(158)) - HddsDatanode metrics system started (again)
2019-09-20 20:09:27,303 [org.apache.hadoop.util.JvmPauseMonitor$Monitor@43b83374] INFO  util.JvmPauseMonitor (JvmPauseMonitor.java:run(188)) - Starting JVM pause monitor
2019-09-20 20:09:27,305 [main] INFO  ozone.HddsDatanodeService (HddsDatanodeService.java:start(184)) - HddsDatanodeService host:pr-hdds-2150-7dksv-2379377350 ip:192.168.5.162
2019-09-20 20:09:27,312 [main] INFO  volume.HddsVolume (HddsVolume.java:<init>(176)) - Creating Volume: /workdir/hadoop-ozone/integration-test/target/test-dir/MiniOzoneClusterImpl-c37fe8cd-1444-4a91-8998-fe63ed8d38bf/datanode-2/data/containers/hdds of  storage type : DISK and capacity : 1482555576320
2019-09-20 20:09:27,313 [main] INFO  volume.VolumeSet (VolumeSet.java:initializeVolumeSet(170)) - Added Volume : /workdir/hadoop-ozone/integration-test/target/test-dir/MiniOzoneClusterImpl-c37fe8cd-1444-4a91-8998-fe63ed8d38bf/datanode-2/data/containers/hdds to VolumeSet
2019-09-20 20:09:27,313 [main] INFO  volume.ThrottledAsyncChecker (ThrottledAsyncChecker.java:schedule(139)) - Scheduling a check for org.apache.hadoop.ozone.container.common.volume.HddsVolume@30b131b2
2019-09-20 20:09:27,314 [main] INFO  volume.HddsVolumeChecker (HddsVolumeChecker.java:checkAllVolumes(202)) - Scheduled health check for volume org.apache.hadoop.ozone.container.common.volume.HddsVolume@30b131b2
2019-09-20 20:09:27,328 [Datanode State Machine Thread - 0] INFO  datanode.InitDatanodeState (InitDatanodeState.java:persistContainerDatanodeDetails(140)) - DatanodeDetails is persisted to /workdir/hadoop-ozone/integration-test/target/test-dir/MiniOzoneClusterImpl-c37fe8cd-1444-4a91-8998-fe63ed8d38bf/datanode-0/meta/datanode.id
2019-09-20 20:09:27,330 [main] INFO  impl.RaftServerProxy (ConfUtils.java:logGet(43)) - raft.rpc.type = GRPC (default)
2019-09-20 20:09:27,331 [main] INFO  grpc.GrpcFactory (GrpcFactory.java:checkPooledByteBufAllocatorUseCacheForAllThreads(45)) - PERFORMANCE WARNING: useCacheForAllThreads is true that may cause Netty to create a lot garbage objects and, as a result, trigger GC.
	It is recommended to disable useCacheForAllThreads by setting -Dorg.apache.ratis.thirdparty.io.netty.allocator.useCacheForAllThreads=false in command line.
2019-09-20 20:09:27,331 [main] INFO  grpc.GrpcConfigKeys$Server (ConfUtils.java:logGet(43)) - raft.grpc.server.port = 0 (default)
2019-09-20 20:09:27,331 [Datanode State Machine Thread - 0] INFO  datanode.InitDatanodeState (InitDatanodeState.java:persistContainerDatanodeDetails(140)) - DatanodeDetails is persisted to /workdir/hadoop-ozone/integration-test/target/test-dir/MiniOzoneClusterImpl-c37fe8cd-1444-4a91-8998-fe63ed8d38bf/datanode-1/meta/datanode.id
2019-09-20 20:09:27,331 [main] INFO  server.GrpcService (ConfUtils.java:logGet(43)) - raft.grpc.message.size.max = 33570816 (custom)
2019-09-20 20:09:27,332 [main] INFO  server.RaftServerConfigKeys (ConfUtils.java:logGet(43)) - raft.server.log.appender.buffer.byte-limit = 33554432 (custom)
2019-09-20 20:09:27,332 [main] INFO  server.GrpcService (ConfUtils.java:logGet(43)) - raft.grpc.flow.control.window = 1MB (=1048576) (default)
2019-09-20 20:09:27,332 [main] INFO  server.RaftServerConfigKeys (ConfUtils.java:logGet(43)) - raft.server.rpc.request.timeout = 3000ms (default)
2019-09-20 20:09:27,333 [main] INFO  server.RaftServerConfigKeys (ConfUtils.java:logGet(43)) - raft.server.storage.dir = [/workdir/hadoop-ozone/integration-test/target/test-dir/MiniOzoneClusterImpl-c37fe8cd-1444-4a91-8998-fe63ed8d38bf/datanode-2/data/ratis] (custom)
2019-09-20 20:09:27,335 [main] INFO  hdfs.DFSUtil (DFSUtil.java:httpServerTemplateForNNAndJN(1641)) - Starting Web-server for hddsDatanode at: http://0.0.0.0:0
2019-09-20 20:09:27,336 [main] INFO  server.AuthenticationFilter (AuthenticationFilter.java:constructSecretProvider(240)) - Unable to initialize FileSignerSecretProvider, falling back to use random secrets.
2019-09-20 20:09:27,337 [main] WARN  http.HttpRequestLog (HttpRequestLog.java:getRequestLog(97)) - Jetty request log can only be enabled using Log4j
2019-09-20 20:09:27,338 [main] INFO  http.HttpServer2 (HttpServer2.java:addGlobalFilter(975)) - Added global filter 'safety' (class=org.apache.hadoop.http.HttpServer2$QuotingInputFilter)
2019-09-20 20:09:27,339 [main] INFO  http.HttpServer2 (HttpServer2.java:addFilter(948)) - Added filter static_user_filter (class=org.apache.hadoop.http.lib.StaticUserWebFilter$StaticUserFilter) to context hddsDatanode
2019-09-20 20:09:27,339 [main] INFO  http.HttpServer2 (HttpServer2.java:addFilter(958)) - Added filter static_user_filter (class=org.apache.hadoop.http.lib.StaticUserWebFilter$StaticUserFilter) to context static
2019-09-20 20:09:27,340 [main] INFO  http.HttpServer2 (HttpServer2.java:addFilter(958)) - Added filter static_user_filter (class=org.apache.hadoop.http.lib.StaticUserWebFilter$StaticUserFilter) to context logs
2019-09-20 20:09:27,340 [main] INFO  http.HttpServer2 (HttpServer2.java:bindListener(1191)) - Jetty bound to port 44928
2019-09-20 20:09:27,340 [main] INFO  server.Server (Server.java:doStart(351)) - jetty-9.3.25.v20180904, build timestamp: 2018-09-04T21:11:46Z, git hash: 3ce520221d0240229c862b122d2b06c12a625732
2019-09-20 20:09:27,342 [main] INFO  handler.ContextHandler (ContextHandler.java:doStart(781)) - Started o.e.j.s.ServletContextHandler@5af8bb51{/logs,file:///workdir/hadoop-ozone/integration-test/target/log,AVAILABLE}
2019-09-20 20:09:27,343 [main] INFO  handler.ContextHandler (ContextHandler.java:doStart(781)) - Started o.e.j.s.ServletContextHandler@2e66bc32{/static,jar:file:/home/user/.m2/repository/org/apache/hadoop/hadoop-hdds-container-service/0.5.0-SNAPSHOT/hadoop-hdds-container-service-0.5.0-SNAPSHOT.jar!/webapps/static,AVAILABLE}
2019-09-20 20:09:27,373 [main] INFO  handler.ContextHandler (ContextHandler.java:doStart(781)) - Started o.e.j.w.WebAppContext@328d044f{/,file:///tmp/jetty-0.0.0.0-44928-hddsDatanode-_-any-7592612513112923209.dir/webapp/,AVAILABLE}{/hddsDatanode}
2019-09-20 20:09:27,374 [main] INFO  server.AbstractConnector (AbstractConnector.java:doStart(278)) - Started ServerConnector@10f7c76{HTTP/1.1,[http/1.1]}{0.0.0.0:44928}
2019-09-20 20:09:27,375 [main] INFO  server.Server (Server.java:doStart(419)) - Started @6379ms
2019-09-20 20:09:27,375 [main] WARN  impl.MetricsSystemImpl (MetricsSystemImpl.java:register(276)) - Sink prometheus already exists!
2019-09-20 20:09:27,376 [main] INFO  server.BaseHttpServer (BaseHttpServer.java:updateConnectorAddress(215)) - HTTP server of HDDSDATANODE is listening at http://0.0.0.0:44928
2019-09-20 20:09:27,376 [main] INFO  impl.MetricsSystemImpl (MetricsSystemImpl.java:init(158)) - HddsDatanode metrics system started (again)
2019-09-20 20:09:27,379 [org.apache.hadoop.util.JvmPauseMonitor$Monitor@2dc09467] INFO  util.JvmPauseMonitor (JvmPauseMonitor.java:run(188)) - Starting JVM pause monitor
2019-09-20 20:09:27,379 [main] INFO  ozone.HddsDatanodeService (HddsDatanodeService.java:start(184)) - HddsDatanodeService host:pr-hdds-2150-7dksv-2379377350 ip:192.168.5.162
2019-09-20 20:09:27,381 [Datanode State Machine Thread - 0] INFO  datanode.InitDatanodeState (InitDatanodeState.java:persistContainerDatanodeDetails(140)) - DatanodeDetails is persisted to /workdir/hadoop-ozone/integration-test/target/test-dir/MiniOzoneClusterImpl-c37fe8cd-1444-4a91-8998-fe63ed8d38bf/datanode-2/meta/datanode.id
2019-09-20 20:09:27,385 [main] INFO  volume.HddsVolume (HddsVolume.java:<init>(176)) - Creating Volume: /workdir/hadoop-ozone/integration-test/target/test-dir/MiniOzoneClusterImpl-c37fe8cd-1444-4a91-8998-fe63ed8d38bf/datanode-3/data/containers/hdds of  storage type : DISK and capacity : 1482555576320
2019-09-20 20:09:27,386 [main] INFO  volume.VolumeSet (VolumeSet.java:initializeVolumeSet(170)) - Added Volume : /workdir/hadoop-ozone/integration-test/target/test-dir/MiniOzoneClusterImpl-c37fe8cd-1444-4a91-8998-fe63ed8d38bf/datanode-3/data/containers/hdds to VolumeSet
2019-09-20 20:09:27,386 [main] INFO  volume.ThrottledAsyncChecker (ThrottledAsyncChecker.java:schedule(139)) - Scheduling a check for org.apache.hadoop.ozone.container.common.volume.HddsVolume@53f4c1e6
2019-09-20 20:09:27,386 [main] INFO  volume.HddsVolumeChecker (HddsVolumeChecker.java:checkAllVolumes(202)) - Scheduled health check for volume org.apache.hadoop.ozone.container.common.volume.HddsVolume@53f4c1e6
2019-09-20 20:09:27,400 [main] INFO  impl.RaftServerProxy (ConfUtils.java:logGet(43)) - raft.rpc.type = GRPC (default)
2019-09-20 20:09:27,400 [main] INFO  grpc.GrpcFactory (GrpcFactory.java:checkPooledByteBufAllocatorUseCacheForAllThreads(45)) - PERFORMANCE WARNING: useCacheForAllThreads is true that may cause Netty to create a lot garbage objects and, as a result, trigger GC.
	It is recommended to disable useCacheForAllThreads by setting -Dorg.apache.ratis.thirdparty.io.netty.allocator.useCacheForAllThreads=false in command line.
2019-09-20 20:09:27,400 [main] INFO  grpc.GrpcConfigKeys$Server (ConfUtils.java:logGet(43)) - raft.grpc.server.port = 0 (default)
2019-09-20 20:09:27,400 [main] INFO  server.GrpcService (ConfUtils.java:logGet(43)) - raft.grpc.message.size.max = 33570816 (custom)
2019-09-20 20:09:27,401 [main] INFO  server.RaftServerConfigKeys (ConfUtils.java:logGet(43)) - raft.server.log.appender.buffer.byte-limit = 33554432 (custom)
2019-09-20 20:09:27,401 [main] INFO  server.GrpcService (ConfUtils.java:logGet(43)) - raft.grpc.flow.control.window = 1MB (=1048576) (default)
2019-09-20 20:09:27,401 [main] INFO  server.RaftServerConfigKeys (ConfUtils.java:logGet(43)) - raft.server.rpc.request.timeout = 3000ms (default)
2019-09-20 20:09:27,402 [main] INFO  server.RaftServerConfigKeys (ConfUtils.java:logGet(43)) - raft.server.storage.dir = [/workdir/hadoop-ozone/integration-test/target/test-dir/MiniOzoneClusterImpl-c37fe8cd-1444-4a91-8998-fe63ed8d38bf/datanode-3/data/ratis] (custom)
2019-09-20 20:09:27,403 [main] INFO  hdfs.DFSUtil (DFSUtil.java:httpServerTemplateForNNAndJN(1641)) - Starting Web-server for hddsDatanode at: http://0.0.0.0:0
2019-09-20 20:09:27,405 [main] INFO  server.AuthenticationFilter (AuthenticationFilter.java:constructSecretProvider(240)) - Unable to initialize FileSignerSecretProvider, falling back to use random secrets.
2019-09-20 20:09:27,405 [main] WARN  http.HttpRequestLog (HttpRequestLog.java:getRequestLog(97)) - Jetty request log can only be enabled using Log4j
2019-09-20 20:09:27,407 [main] INFO  http.HttpServer2 (HttpServer2.java:addGlobalFilter(975)) - Added global filter 'safety' (class=org.apache.hadoop.http.HttpServer2$QuotingInputFilter)
2019-09-20 20:09:27,407 [main] INFO  http.HttpServer2 (HttpServer2.java:addFilter(948)) - Added filter static_user_filter (class=org.apache.hadoop.http.lib.StaticUserWebFilter$StaticUserFilter) to context hddsDatanode
2019-09-20 20:09:27,407 [main] INFO  http.HttpServer2 (HttpServer2.java:addFilter(958)) - Added filter static_user_filter (class=org.apache.hadoop.http.lib.StaticUserWebFilter$StaticUserFilter) to context logs
2019-09-20 20:09:27,408 [main] INFO  http.HttpServer2 (HttpServer2.java:addFilter(958)) - Added filter static_user_filter (class=org.apache.hadoop.http.lib.StaticUserWebFilter$StaticUserFilter) to context static
2019-09-20 20:09:27,408 [main] INFO  http.HttpServer2 (HttpServer2.java:bindListener(1191)) - Jetty bound to port 37363
2019-09-20 20:09:27,409 [main] INFO  server.Server (Server.java:doStart(351)) - jetty-9.3.25.v20180904, build timestamp: 2018-09-04T21:11:46Z, git hash: 3ce520221d0240229c862b122d2b06c12a625732
2019-09-20 20:09:27,412 [main] INFO  handler.ContextHandler (ContextHandler.java:doStart(781)) - Started o.e.j.s.ServletContextHandler@42b84286{/logs,file:///workdir/hadoop-ozone/integration-test/target/log,AVAILABLE}
2019-09-20 20:09:27,413 [main] INFO  handler.ContextHandler (ContextHandler.java:doStart(781)) - Started o.e.j.s.ServletContextHandler@74ecacc3{/static,jar:file:/home/user/.m2/repository/org/apache/hadoop/hadoop-hdds-container-service/0.5.0-SNAPSHOT/hadoop-hdds-container-service-0.5.0-SNAPSHOT.jar!/webapps/static,AVAILABLE}
2019-09-20 20:09:27,442 [main] INFO  handler.ContextHandler (ContextHandler.java:doStart(781)) - Started o.e.j.w.WebAppContext@698fee9a{/,file:///tmp/jetty-0.0.0.0-37363-hddsDatanode-_-any-3851255797856933416.dir/webapp/,AVAILABLE}{/hddsDatanode}
2019-09-20 20:09:27,442 [main] INFO  server.AbstractConnector (AbstractConnector.java:doStart(278)) - Started ServerConnector@102c577f{HTTP/1.1,[http/1.1]}{0.0.0.0:37363}
2019-09-20 20:09:27,443 [main] INFO  server.Server (Server.java:doStart(419)) - Started @6448ms
2019-09-20 20:09:27,444 [main] WARN  impl.MetricsSystemImpl (MetricsSystemImpl.java:register(276)) - Sink prometheus already exists!
2019-09-20 20:09:27,445 [main] INFO  server.BaseHttpServer (BaseHttpServer.java:updateConnectorAddress(215)) - HTTP server of HDDSDATANODE is listening at http://0.0.0.0:37363
2019-09-20 20:09:27,447 [main] INFO  ozone.MiniOzoneClusterImpl (MiniOzoneClusterImpl.java:lambda$waitForClusterToBeReady$0(145)) - Waiting for cluster to be ready. Got 0 of 4 DN Heartbeats.
2019-09-20 20:09:27,448 [org.apache.hadoop.util.JvmPauseMonitor$Monitor@2ae6d53e] INFO  util.JvmPauseMonitor (JvmPauseMonitor.java:run(188)) - Starting JVM pause monitor
2019-09-20 20:09:27,452 [Datanode State Machine Thread - 0] INFO  datanode.InitDatanodeState (InitDatanodeState.java:persistContainerDatanodeDetails(140)) - DatanodeDetails is persisted to /workdir/hadoop-ozone/integration-test/target/test-dir/MiniOzoneClusterImpl-c37fe8cd-1444-4a91-8998-fe63ed8d38bf/datanode-3/meta/datanode.id
2019-09-20 20:09:28,448 [main] INFO  ozone.MiniOzoneClusterImpl (MiniOzoneClusterImpl.java:lambda$waitForClusterToBeReady$0(145)) - Waiting for cluster to be ready. Got 0 of 4 DN Heartbeats.
2019-09-20 20:09:29,272 [Datanode State Machine Thread - 0] INFO  ozoneimpl.OzoneContainer (OzoneContainer.java:start(217)) - Attempting to start container services.
2019-09-20 20:09:29,276 [Datanode State Machine Thread - 0] INFO  ozoneimpl.OzoneContainer (OzoneContainer.java:startContainerScrub(179)) - Background container scanner has been disabled.
2019-09-20 20:09:29,276 [Datanode State Machine Thread - 0] INFO  ratis.XceiverServerRatis (XceiverServerRatis.java:start(411)) - Starting XceiverServerRatis 661caf73-5e1e-47be-b577-b3ebe96959e7 at port 0
2019-09-20 20:09:29,306 [Datanode State Machine Thread - 0] INFO  impl.RaftServerProxy (RaftServerProxy.java:lambda$start$3(299)) - 661caf73-5e1e-47be-b577-b3ebe96959e7: start RPC server
2019-09-20 20:09:29,359 [Datanode State Machine Thread - 0] INFO  ozoneimpl.OzoneContainer (OzoneContainer.java:start(217)) - Attempting to start container services.
2019-09-20 20:09:29,366 [Datanode State Machine Thread - 0] INFO  ozoneimpl.OzoneContainer (OzoneContainer.java:startContainerScrub(179)) - Background container scanner has been disabled.
2019-09-20 20:09:29,366 [Datanode State Machine Thread - 0] INFO  ratis.XceiverServerRatis (XceiverServerRatis.java:start(411)) - Starting XceiverServerRatis 85d8bda3-0dc8-4b5c-a8cf-47f1674a54cd at port 0
2019-09-20 20:09:29,375 [Datanode State Machine Thread - 0] INFO  impl.RaftServerProxy (RaftServerProxy.java:lambda$start$3(299)) - 85d8bda3-0dc8-4b5c-a8cf-47f1674a54cd: start RPC server
2019-09-20 20:09:29,448 [main] INFO  ozone.MiniOzoneClusterImpl (MiniOzoneClusterImpl.java:lambda$waitForClusterToBeReady$0(145)) - Waiting for cluster to be ready. Got 0 of 4 DN Heartbeats.
2019-09-20 20:09:29,457 [Datanode State Machine Thread - 0] INFO  ozoneimpl.OzoneContainer (OzoneContainer.java:start(217)) - Attempting to start container services.
2019-09-20 20:09:29,459 [Datanode State Machine Thread - 0] INFO  ozoneimpl.OzoneContainer (OzoneContainer.java:startContainerScrub(179)) - Background container scanner has been disabled.
2019-09-20 20:09:29,459 [Datanode State Machine Thread - 0] INFO  ratis.XceiverServerRatis (XceiverServerRatis.java:start(411)) - Starting XceiverServerRatis cdbdd05e-9d39-4d5a-9905-4d1ed8c5fc71 at port 0
2019-09-20 20:09:29,471 [Datanode State Machine Thread - 0] INFO  impl.RaftServerProxy (RaftServerProxy.java:lambda$start$3(299)) - cdbdd05e-9d39-4d5a-9905-4d1ed8c5fc71: start RPC server
2019-09-20 20:09:29,477 [Datanode State Machine Thread - 0] INFO  server.GrpcService (GrpcService.java:startImpl(158)) - 85d8bda3-0dc8-4b5c-a8cf-47f1674a54cd: GrpcService started, listening on 0.0.0.0/0.0.0.0:33627
2019-09-20 20:09:29,477 [Datanode State Machine Thread - 0] INFO  server.GrpcService (GrpcService.java:startImpl(158)) - 661caf73-5e1e-47be-b577-b3ebe96959e7: GrpcService started, listening on 0.0.0.0/0.0.0.0:33704
2019-09-20 20:09:29,477 [Datanode State Machine Thread - 0] INFO  server.GrpcService (GrpcService.java:startImpl(158)) - cdbdd05e-9d39-4d5a-9905-4d1ed8c5fc71: GrpcService started, listening on 0.0.0.0/0.0.0.0:44134
2019-09-20 20:09:29,478 [Datanode State Machine Thread - 0] INFO  ratis.XceiverServerRatis (XceiverServerRatis.java:start(421)) - XceiverServerRatis 661caf73-5e1e-47be-b577-b3ebe96959e7 is started using port 33704
2019-09-20 20:09:29,478 [Datanode State Machine Thread - 0] INFO  ratis.XceiverServerRatis (XceiverServerRatis.java:start(421)) - XceiverServerRatis 85d8bda3-0dc8-4b5c-a8cf-47f1674a54cd is started using port 33627
2019-09-20 20:09:29,478 [Datanode State Machine Thread - 0] INFO  ratis.XceiverServerRatis (XceiverServerRatis.java:start(421)) - XceiverServerRatis cdbdd05e-9d39-4d5a-9905-4d1ed8c5fc71 is started using port 44134
2019-09-20 20:09:29,486 [Datanode State Machine Thread - 0] INFO  server.XceiverServerGrpc (XceiverServerGrpc.java:start(163)) - XceiverServerGrpc 85d8bda3-0dc8-4b5c-a8cf-47f1674a54cd is started using port 39068
2019-09-20 20:09:29,486 [Datanode State Machine Thread - 0] INFO  server.XceiverServerGrpc (XceiverServerGrpc.java:start(163)) - XceiverServerGrpc 661caf73-5e1e-47be-b577-b3ebe96959e7 is started using port 35400
2019-09-20 20:09:29,486 [Datanode State Machine Thread - 0] INFO  server.XceiverServerGrpc (XceiverServerGrpc.java:start(163)) - XceiverServerGrpc cdbdd05e-9d39-4d5a-9905-4d1ed8c5fc71 is started using port 45431
2019-09-20 20:09:29,492 [Datanode State Machine Thread - 0] INFO  ozoneimpl.OzoneContainer (OzoneContainer.java:start(217)) - Attempting to start container services.
2019-09-20 20:09:29,494 [Datanode State Machine Thread - 0] INFO  ozoneimpl.OzoneContainer (OzoneContainer.java:startContainerScrub(179)) - Background container scanner has been disabled.
2019-09-20 20:09:29,494 [Datanode State Machine Thread - 0] INFO  ratis.XceiverServerRatis (XceiverServerRatis.java:start(411)) - Starting XceiverServerRatis 0751e0f1-7fb3-49fb-a20e-87d31723ec0e at port 0
2019-09-20 20:09:29,503 [Datanode State Machine Thread - 0] INFO  impl.RaftServerProxy (RaftServerProxy.java:lambda$start$3(299)) - 0751e0f1-7fb3-49fb-a20e-87d31723ec0e: start RPC server
2019-09-20 20:09:29,506 [Datanode State Machine Thread - 0] INFO  server.GrpcService (GrpcService.java:startImpl(158)) - 0751e0f1-7fb3-49fb-a20e-87d31723ec0e: GrpcService started, listening on 0.0.0.0/0.0.0.0:46621
2019-09-20 20:09:29,506 [Datanode State Machine Thread - 0] INFO  ratis.XceiverServerRatis (XceiverServerRatis.java:start(421)) - XceiverServerRatis 0751e0f1-7fb3-49fb-a20e-87d31723ec0e is started using port 46621
2019-09-20 20:09:29,509 [Datanode State Machine Thread - 0] INFO  server.XceiverServerGrpc (XceiverServerGrpc.java:start(163)) - XceiverServerGrpc 0751e0f1-7fb3-49fb-a20e-87d31723ec0e is started using port 40838
2019-09-20 20:09:30,449 [main] INFO  ozone.MiniOzoneClusterImpl (MiniOzoneClusterImpl.java:lambda$waitForClusterToBeReady$0(145)) - Waiting for cluster to be ready. Got 0 of 4 DN Heartbeats.
2019-09-20 20:09:31,239 [IPC Server handler 1 on 36127] INFO  net.NetworkTopology (NetworkTopologyImpl.java:add(111)) - Added a new node: /default-rack/661caf73-5e1e-47be-b577-b3ebe96959e7
2019-09-20 20:09:31,239 [IPC Server handler 1 on 36127] INFO  node.SCMNodeManager (SCMNodeManager.java:register(266)) - Registered Data node : 661caf73-5e1e-47be-b577-b3ebe96959e7{ip: 192.168.5.162, host: pr-hdds-2150-7dksv-2379377350, networkLocation: /default-rack, certSerialId: null}
2019-09-20 20:09:31,243 [EventQueue-NodeRegistrationContainerReportForDataNodeSafeModeRule] INFO  safemode.SCMSafeModeManager (DataNodeSafeModeRule.java:process(71)) - SCM in safe mode. 1 DataNodes registered, 1 required.
2019-09-20 20:09:31,244 [EventQueue-NodeRegistrationContainerReportForDataNodeSafeModeRule] INFO  safemode.SCMSafeModeManager (SCMSafeModeManager.java:validateSafeModeExitRules(177)) - ScmSafeModeManager, all rules are successfully validated
2019-09-20 20:09:31,244 [EventQueue-NodeRegistrationContainerReportForDataNodeSafeModeRule] INFO  safemode.SCMSafeModeManager (SCMSafeModeManager.java:exitSafeMode(193)) - SCM exiting safe mode.
2019-09-20 20:09:31,307 [IPC Server handler 0 on 36127] INFO  net.NetworkTopology (NetworkTopologyImpl.java:add(111)) - Added a new node: /default-rack/85d8bda3-0dc8-4b5c-a8cf-47f1674a54cd
2019-09-20 20:09:31,308 [IPC Server handler 0 on 36127] INFO  node.SCMNodeManager (SCMNodeManager.java:register(266)) - Registered Data node : 85d8bda3-0dc8-4b5c-a8cf-47f1674a54cd{ip: 192.168.5.162, host: pr-hdds-2150-7dksv-2379377350, networkLocation: /default-rack, certSerialId: null}
2019-09-20 20:09:31,382 [IPC Server handler 3 on 36127] INFO  net.NetworkTopology (NetworkTopologyImpl.java:add(111)) - Added a new node: /default-rack/cdbdd05e-9d39-4d5a-9905-4d1ed8c5fc71
2019-09-20 20:09:31,382 [IPC Server handler 3 on 36127] INFO  node.SCMNodeManager (SCMNodeManager.java:register(266)) - Registered Data node : cdbdd05e-9d39-4d5a-9905-4d1ed8c5fc71{ip: 192.168.5.162, host: pr-hdds-2150-7dksv-2379377350, networkLocation: /default-rack, certSerialId: null}
2019-09-20 20:09:31,451 [main] INFO  ozone.MiniOzoneClusterImpl (MiniOzoneClusterImpl.java:lambda$waitForClusterToBeReady$0(145)) - Waiting for cluster to be ready. Got 3 of 4 DN Heartbeats.
2019-09-20 20:09:31,451 [IPC Server handler 4 on 36127] INFO  net.NetworkTopology (NetworkTopologyImpl.java:add(111)) - Added a new node: /default-rack/0751e0f1-7fb3-49fb-a20e-87d31723ec0e
2019-09-20 20:09:31,452 [IPC Server handler 4 on 36127] INFO  node.SCMNodeManager (SCMNodeManager.java:register(266)) - Registered Data node : 0751e0f1-7fb3-49fb-a20e-87d31723ec0e{ip: 192.168.5.162, host: pr-hdds-2150-7dksv-2379377350, networkLocation: /default-rack, certSerialId: null}
2019-09-20 20:09:31,760 [grpc-default-executor-0] INFO  impl.RaftServerProxy (RaftServerProxy.java:addNew(89)) - 661caf73-5e1e-47be-b577-b3ebe96959e7: addNew group-E1C5F947EDE3:[661caf73-5e1e-47be-b577-b3ebe96959e7:192.168.5.162:33704] returns group-E1C5F947EDE3:java.util.concurrent.CompletableFuture@60fbb728[Not completed]
2019-09-20 20:09:31,773 [pool-27-thread-1] INFO  impl.RaftServerImpl (RaftServerImpl.java:<init>(95)) - 661caf73-5e1e-47be-b577-b3ebe96959e7: new RaftServerImpl for group-E1C5F947EDE3:[661caf73-5e1e-47be-b577-b3ebe96959e7:192.168.5.162:33704] with ContainerStateMachine:uninitialized
2019-09-20 20:09:31,775 [pool-27-thread-1] INFO  server.RaftServerConfigKeys (ConfUtils.java:logGet(43)) - raft.server.rpc.timeout.min = 5s (custom)
2019-09-20 20:09:31,777 [pool-27-thread-1] INFO  server.RaftServerConfigKeys (ConfUtils.java:logGet(43)) - raft.server.rpc.timeout.max = 5200ms (custom)
2019-09-20 20:09:31,777 [pool-27-thread-1] INFO  server.RaftServerConfigKeys (ConfUtils.java:logGet(43)) - raft.server.rpcslowness.timeout = 1000s (custom)
2019-09-20 20:09:31,778 [pool-27-thread-1] INFO  server.RaftServerConfigKeys (ConfUtils.java:logGet(43)) - raft.server.sleep.deviation.threshold = 300 (default)
2019-09-20 20:09:31,779 [pool-27-thread-1] INFO  server.RaftServerConfigKeys (ConfUtils.java:logGet(43)) - raft.server.log.appender.install.snapshot.enabled = false (custom)
2019-09-20 20:09:31,787 [pool-27-thread-1] INFO  impl.RaftServerImpl (ServerState.java:<init>(103)) - 661caf73-5e1e-47be-b577-b3ebe96959e7@group-E1C5F947EDE3: ConfigurationManager, init=-1: [661caf73-5e1e-47be-b577-b3ebe96959e7:192.168.5.162:33704], old=null, confs=<EMPTY_MAP>
2019-09-20 20:09:31,787 [pool-27-thread-1] INFO  server.RaftServerConfigKeys (ConfUtils.java:logGet(43)) - raft.server.storage.dir = [/workdir/hadoop-ozone/integration-test/target/test-dir/MiniOzoneClusterImpl-c37fe8cd-1444-4a91-8998-fe63ed8d38bf/datanode-0/data/ratis] (custom)
2019-09-20 20:09:31,795 [pool-27-thread-1] INFO  storage.RaftStorageDirectory (RaftStorageDirectory.java:analyzeStorage(246)) - The storage directory /workdir/hadoop-ozone/integration-test/target/test-dir/MiniOzoneClusterImpl-c37fe8cd-1444-4a91-8998-fe63ed8d38bf/datanode-0/data/ratis/b62bb53a-3d60-4b45-bb29-e1c5f947ede3 does not exist. Creating ...
2019-09-20 20:09:31,818 [pool-27-thread-1] INFO  storage.RaftStorageDirectory (RaftStorageDirectory.java:tryLock(328)) - Lock on /workdir/hadoop-ozone/integration-test/target/test-dir/MiniOzoneClusterImpl-c37fe8cd-1444-4a91-8998-fe63ed8d38bf/datanode-0/data/ratis/b62bb53a-3d60-4b45-bb29-e1c5f947ede3/in_use.lock acquired by nodename 30841@pr-hdds-2150-7dksv-2379377350
2019-09-20 20:09:31,835 [pool-27-thread-1] INFO  storage.RaftStorage (RaftStorage.java:format(72)) - Storage directory /workdir/hadoop-ozone/integration-test/target/test-dir/MiniOzoneClusterImpl-c37fe8cd-1444-4a91-8998-fe63ed8d38bf/datanode-0/data/ratis/b62bb53a-3d60-4b45-bb29-e1c5f947ede3 has been successfully formatted.
2019-09-20 20:09:31,838 [pool-27-thread-1] INFO  ratis.ContainerStateMachine (ContainerStateMachine.java:loadSnapshot(230)) - group-E1C5F947EDE3: The snapshot info is null. Setting the last applied indexto:(t:0, i:~)
2019-09-20 20:09:31,838 [pool-27-thread-1] INFO  server.RaftServerConfigKeys (ConfUtils.java:logGet(43)) - raft.server.notification.no-leader.timeout = 1000s (custom)
2019-09-20 20:09:31,840 [pool-27-thread-1] INFO  server.RaftServerConfigKeys (ConfUtils.java:logGet(43)) - raft.server.log.use.memory = false (default)
2019-09-20 20:09:31,846 [pool-27-thread-1] INFO  server.RaftServerConfigKeys (ConfUtils.java:logGet(43)) - raft.server.log.purge.gap = 1000000 (custom)
2019-09-20 20:09:31,846 [pool-27-thread-1] INFO  server.RaftServerConfigKeys (ConfUtils.java:logGet(43)) - raft.server.log.appender.buffer.byte-limit = 33554432 (custom)
2019-09-20 20:09:31,848 [pool-27-thread-1] INFO  server.RaftServerConfigKeys (ConfUtils.java:logGet(43)) - raft.server.log.segment.size.max = 1048576 (custom)
2019-09-20 20:09:31,853 [pool-27-thread-1] INFO  server.RaftServerConfigKeys (ConfUtils.java:logGet(43)) - raft.server.log.segment.cache.num.max = 2 (custom)
2019-09-20 20:09:31,858 [pool-27-thread-1] INFO  segmented.SegmentedRaftLogWorker (SegmentedRaftLogWorker.java:<init>(172)) - new 661caf73-5e1e-47be-b577-b3ebe96959e7@group-E1C5F947EDE3-SegmentedRaftLogWorker for RaftStorage:Storage Directory /workdir/hadoop-ozone/integration-test/target/test-dir/MiniOzoneClusterImpl-c37fe8cd-1444-4a91-8998-fe63ed8d38bf/datanode-0/data/ratis/b62bb53a-3d60-4b45-bb29-e1c5f947ede3
2019-09-20 20:09:31,860 [pool-27-thread-1] INFO  impl.MetricsSystemImpl (MetricsSystemImpl.java:init(158)) - ratis metrics system started (again)
2019-09-20 20:09:31,894 [pool-27-thread-1] INFO  server.RaftServerConfigKeys (ConfUtils.java:logGet(43)) - raft.server.log.queue.byte-limit = 2147483647 (custom)
2019-09-20 20:09:31,895 [pool-27-thread-1] INFO  server.RaftServerConfigKeys (ConfUtils.java:logGet(43)) - raft.server.log.queue.element-limit = 1024 (custom)
2019-09-20 20:09:31,897 [pool-27-thread-1] INFO  server.RaftServerConfigKeys (ConfUtils.java:logGet(43)) - raft.server.log.segment.size.max = 1048576 (custom)
2019-09-20 20:09:31,898 [pool-27-thread-1] INFO  server.RaftServerConfigKeys (ConfUtils.java:logGet(43)) - raft.server.log.preallocated.size = 16384 (custom)
2019-09-20 20:09:31,898 [pool-27-thread-1] INFO  server.RaftServerConfigKeys (ConfUtils.java:logGet(43)) - raft.server.log.write.buffer.size = 33554432 (custom)
2019-09-20 20:09:31,899 [pool-27-thread-1] INFO  server.RaftServerConfigKeys (ConfUtils.java:logGet(43)) - raft.server.log.force.sync.num = 128 (default)
2019-09-20 20:09:31,900 [pool-27-thread-1] INFO  server.RaftServerConfigKeys (ConfUtils.java:logGet(43)) - raft.server.log.statemachine.data.sync = true (default)
2019-09-20 20:09:31,900 [pool-27-thread-1] INFO  server.RaftServerConfigKeys (ConfUtils.java:logGet(43)) - raft.server.log.statemachine.data.sync.timeout = 10s (default)
2019-09-20 20:09:31,900 [pool-27-thread-1] INFO  server.RaftServerConfigKeys (ConfUtils.java:logGet(43)) - raft.server.log.statemachine.data.sync.timeout.retry = -1 (default)
2019-09-20 20:09:31,908 [pool-27-thread-1] INFO  server.RaftServerConfigKeys (ConfUtils.java:logGet(43)) - raft.server.log.statemachine.data.caching.enabled = true (custom)
2019-09-20 20:09:31,912 [pool-27-thread-1] INFO  segmented.SegmentedRaftLogWorker (SegmentedRaftLogWorker.java:lambda$new$0(132)) - 661caf73-5e1e-47be-b577-b3ebe96959e7@group-E1C5F947EDE3-SegmentedRaftLogWorker: flushIndex: setUnconditionally 0 -> -1
2019-09-20 20:09:31,916 [pool-27-thread-1] INFO  server.RaftServerConfigKeys (ConfUtils.java:logGet(43)) - raft.server.snapshot.auto.trigger.enabled = true (custom)
2019-09-20 20:09:31,916 [pool-27-thread-1] INFO  server.RaftServerConfigKeys (ConfUtils.java:logGet(43)) - raft.server.snapshot.auto.trigger.threshold = 10000 (custom)
2019-09-20 20:09:31,917 [pool-27-thread-1] INFO  server.RaftServerConfigKeys (ConfUtils.java:logGet(43)) - raft.server.snapshot.retention.num.files = 5 (custom)
2019-09-20 20:09:31,917 [pool-27-thread-1] INFO  server.RaftServerConfigKeys (ConfUtils.java:logGet(43)) - raft.server.retrycache.expirytime = 600000ms (custom)
2019-09-20 20:09:31,941 [pool-27-thread-1] INFO  impl.RaftServerImpl (RaftServerImpl.java:start(185)) - 661caf73-5e1e-47be-b577-b3ebe96959e7@group-E1C5F947EDE3: start as a follower, conf=-1: [661caf73-5e1e-47be-b577-b3ebe96959e7:192.168.5.162:33704], old=null
2019-09-20 20:09:31,941 [pool-27-thread-1] INFO  impl.RaftServerImpl (RaftServerImpl.java:setRole(174)) - 661caf73-5e1e-47be-b577-b3ebe96959e7@group-E1C5F947EDE3: changes role from      null to FOLLOWER at term 0 for startAsFollower
2019-09-20 20:09:31,943 [pool-27-thread-1] INFO  impl.RoleInfo (RoleInfo.java:updateAndGet(143)) - 661caf73-5e1e-47be-b577-b3ebe96959e7: start FollowerState
2019-09-20 20:09:31,944 [pool-27-thread-1] INFO  util.JmxRegister (JmxRegister.java:tryRegister(44)) - Successfully registered JMX Bean with object name Ratis:service=RaftServer,group=group-E1C5F947EDE3,id=661caf73-5e1e-47be-b577-b3ebe96959e7
2019-09-20 20:09:32,010 [RatisPipelineUtilsThread] INFO  pipeline.PipelineStateManager (PipelineStateManager.java:addPipeline(56)) - Created pipeline Pipeline[ Id: b62bb53a-3d60-4b45-bb29-e1c5f947ede3, Nodes: 661caf73-5e1e-47be-b577-b3ebe96959e7{ip: 192.168.5.162, host: pr-hdds-2150-7dksv-2379377350, networkLocation: /default-rack, certSerialId: null}, Type:RATIS, Factor:ONE, State:OPEN]
2019-09-20 20:09:32,032 [grpc-default-executor-0] INFO  impl.RaftServerProxy (RaftServerProxy.java:addNew(89)) - 85d8bda3-0dc8-4b5c-a8cf-47f1674a54cd: addNew group-DD7F99AFF912:[85d8bda3-0dc8-4b5c-a8cf-47f1674a54cd:192.168.5.162:33627] returns group-DD7F99AFF912:java.util.concurrent.CompletableFuture@11704022[Not completed]
2019-09-20 20:09:32,067 [pool-37-thread-1] INFO  impl.RaftServerImpl (RaftServerImpl.java:<init>(95)) - 85d8bda3-0dc8-4b5c-a8cf-47f1674a54cd: new RaftServerImpl for group-DD7F99AFF912:[85d8bda3-0dc8-4b5c-a8cf-47f1674a54cd:192.168.5.162:33627] with ContainerStateMachine:uninitialized
2019-09-20 20:09:32,069 [pool-37-thread-1] INFO  server.RaftServerConfigKeys (ConfUtils.java:logGet(43)) - raft.server.rpc.timeout.min = 5s (custom)
2019-09-20 20:09:32,069 [pool-37-thread-1] INFO  server.RaftServerConfigKeys (ConfUtils.java:logGet(43)) - raft.server.rpc.timeout.max = 5200ms (custom)
2019-09-20 20:09:32,069 [pool-37-thread-1] INFO  server.RaftServerConfigKeys (ConfUtils.java:logGet(43)) - raft.server.rpcslowness.timeout = 1000s (custom)
2019-09-20 20:09:32,069 [pool-37-thread-1] INFO  server.RaftServerConfigKeys (ConfUtils.java:logGet(43)) - raft.server.sleep.deviation.threshold = 300 (default)
2019-09-20 20:09:32,069 [pool-37-thread-1] INFO  server.RaftServerConfigKeys (ConfUtils.java:logGet(43)) - raft.server.log.appender.install.snapshot.enabled = false (custom)
2019-09-20 20:09:32,069 [pool-37-thread-1] INFO  impl.RaftServerImpl (ServerState.java:<init>(103)) - 85d8bda3-0dc8-4b5c-a8cf-47f1674a54cd@group-DD7F99AFF912: ConfigurationManager, init=-1: [85d8bda3-0dc8-4b5c-a8cf-47f1674a54cd:192.168.5.162:33627], old=null, confs=<EMPTY_MAP>
2019-09-20 20:09:32,070 [pool-37-thread-1] INFO  server.RaftServerConfigKeys (ConfUtils.java:logGet(43)) - raft.server.storage.dir = [/workdir/hadoop-ozone/integration-test/target/test-dir/MiniOzoneClusterImpl-c37fe8cd-1444-4a91-8998-fe63ed8d38bf/datanode-1/data/ratis] (custom)
2019-09-20 20:09:32,070 [pool-37-thread-1] INFO  storage.RaftStorageDirectory (RaftStorageDirectory.java:analyzeStorage(246)) - The storage directory /workdir/hadoop-ozone/integration-test/target/test-dir/MiniOzoneClusterImpl-c37fe8cd-1444-4a91-8998-fe63ed8d38bf/datanode-1/data/ratis/0d7ee0e7-67f5-417a-bc33-dd7f99aff912 does not exist. Creating ...
2019-09-20 20:09:32,106 [pool-37-thread-1] INFO  storage.RaftStorageDirectory (RaftStorageDirectory.java:tryLock(328)) - Lock on /workdir/hadoop-ozone/integration-test/target/test-dir/MiniOzoneClusterImpl-c37fe8cd-1444-4a91-8998-fe63ed8d38bf/datanode-1/data/ratis/0d7ee0e7-67f5-417a-bc33-dd7f99aff912/in_use.lock acquired by nodename 30841@pr-hdds-2150-7dksv-2379377350
2019-09-20 20:09:32,136 [pool-37-thread-1] INFO  storage.RaftStorage (RaftStorage.java:format(72)) - Storage directory /workdir/hadoop-ozone/integration-test/target/test-dir/MiniOzoneClusterImpl-c37fe8cd-1444-4a91-8998-fe63ed8d38bf/datanode-1/data/ratis/0d7ee0e7-67f5-417a-bc33-dd7f99aff912 has been successfully formatted.
2019-09-20 20:09:32,138 [pool-37-thread-1] INFO  ratis.ContainerStateMachine (ContainerStateMachine.java:loadSnapshot(230)) - group-DD7F99AFF912: The snapshot info is null. Setting the last applied indexto:(t:0, i:~)
2019-09-20 20:09:32,139 [pool-37-thread-1] INFO  server.RaftServerConfigKeys (ConfUtils.java:logGet(43)) - raft.server.notification.no-leader.timeout = 1000s (custom)
2019-09-20 20:09:32,139 [pool-37-thread-1] INFO  server.RaftServerConfigKeys (ConfUtils.java:logGet(43)) - raft.server.log.use.memory = false (default)
2019-09-20 20:09:32,139 [pool-37-thread-1] INFO  server.RaftServerConfigKeys (ConfUtils.java:logGet(43)) - raft.server.log.purge.gap = 1000000 (custom)
2019-09-20 20:09:32,140 [pool-37-thread-1] INFO  server.RaftServerConfigKeys (ConfUtils.java:logGet(43)) - raft.server.log.appender.buffer.byte-limit = 33554432 (custom)
2019-09-20 20:09:32,140 [pool-37-thread-1] INFO  server.RaftServerConfigKeys (ConfUtils.java:logGet(43)) - raft.server.log.segment.size.max = 1048576 (custom)
2019-09-20 20:09:32,140 [pool-37-thread-1] INFO  server.RaftServerConfigKeys (ConfUtils.java:logGet(43)) - raft.server.log.segment.cache.num.max = 2 (custom)
2019-09-20 20:09:32,140 [pool-37-thread-1] INFO  segmented.SegmentedRaftLogWorker (SegmentedRaftLogWorker.java:<init>(172)) - new 85d8bda3-0dc8-4b5c-a8cf-47f1674a54cd@group-DD7F99AFF912-SegmentedRaftLogWorker for RaftStorage:Storage Directory /workdir/hadoop-ozone/integration-test/target/test-dir/MiniOzoneClusterImpl-c37fe8cd-1444-4a91-8998-fe63ed8d38bf/datanode-1/data/ratis/0d7ee0e7-67f5-417a-bc33-dd7f99aff912
2019-09-20 20:09:32,147 [pool-37-thread-1] INFO  server.RaftServerConfigKeys (ConfUtils.java:logGet(43)) - raft.server.log.queue.byte-limit = 2147483647 (custom)
2019-09-20 20:09:32,147 [pool-37-thread-1] INFO  server.RaftServerConfigKeys (ConfUtils.java:logGet(43)) - raft.server.log.queue.element-limit = 1024 (custom)
2019-09-20 20:09:32,148 [pool-37-thread-1] INFO  server.RaftServerConfigKeys (ConfUtils.java:logGet(43)) - raft.server.log.segment.size.max = 1048576 (custom)
2019-09-20 20:09:32,148 [pool-37-thread-1] INFO  server.RaftServerConfigKeys (ConfUtils.java:logGet(43)) - raft.server.log.preallocated.size = 16384 (custom)
2019-09-20 20:09:32,148 [pool-37-thread-1] INFO  server.RaftServerConfigKeys (ConfUtils.java:logGet(43)) - raft.server.log.write.buffer.size = 33554432 (custom)
2019-09-20 20:09:32,148 [pool-37-thread-1] INFO  server.RaftServerConfigKeys (ConfUtils.java:logGet(43)) - raft.server.log.force.sync.num = 128 (default)
2019-09-20 20:09:32,148 [pool-37-thread-1] INFO  server.RaftServerConfigKeys (ConfUtils.java:logGet(43)) - raft.server.log.statemachine.data.sync = true (default)
2019-09-20 20:09:32,149 [pool-37-thread-1] INFO  server.RaftServerConfigKeys (ConfUtils.java:logGet(43)) - raft.server.log.statemachine.data.sync.timeout = 10s (default)
2019-09-20 20:09:32,149 [pool-37-thread-1] INFO  server.RaftServerConfigKeys (ConfUtils.java:logGet(43)) - raft.server.log.statemachine.data.sync.timeout.retry = -1 (default)
2019-09-20 20:09:32,149 [pool-37-thread-1] INFO  server.RaftServerConfigKeys (ConfUtils.java:logGet(43)) - raft.server.log.statemachine.data.caching.enabled = true (custom)
2019-09-20 20:09:32,150 [pool-37-thread-1] INFO  segmented.SegmentedRaftLogWorker (SegmentedRaftLogWorker.java:lambda$new$0(132)) - 85d8bda3-0dc8-4b5c-a8cf-47f1674a54cd@group-DD7F99AFF912-SegmentedRaftLogWorker: flushIndex: setUnconditionally 0 -> -1
2019-09-20 20:09:32,150 [pool-37-thread-1] INFO  server.RaftServerConfigKeys (ConfUtils.java:logGet(43)) - raft.server.snapshot.auto.trigger.enabled = true (custom)
2019-09-20 20:09:32,150 [pool-37-thread-1] INFO  server.RaftServerConfigKeys (ConfUtils.java:logGet(43)) - raft.server.snapshot.auto.trigger.threshold = 10000 (custom)
2019-09-20 20:09:32,150 [pool-37-thread-1] INFO  server.RaftServerConfigKeys (ConfUtils.java:logGet(43)) - raft.server.snapshot.retention.num.files = 5 (custom)
2019-09-20 20:09:32,151 [pool-37-thread-1] INFO  server.RaftServerConfigKeys (ConfUtils.java:logGet(43)) - raft.server.retrycache.expirytime = 600000ms (custom)
2019-09-20 20:09:32,156 [pool-37-thread-1] INFO  impl.RaftServerImpl (RaftServerImpl.java:start(185)) - 85d8bda3-0dc8-4b5c-a8cf-47f1674a54cd@group-DD7F99AFF912: start as a follower, conf=-1: [85d8bda3-0dc8-4b5c-a8cf-47f1674a54cd:192.168.5.162:33627], old=null
2019-09-20 20:09:32,156 [pool-37-thread-1] INFO  impl.RaftServerImpl (RaftServerImpl.java:setRole(174)) - 85d8bda3-0dc8-4b5c-a8cf-47f1674a54cd@group-DD7F99AFF912: changes role from      null to FOLLOWER at term 0 for startAsFollower
2019-09-20 20:09:32,156 [pool-37-thread-1] INFO  impl.RoleInfo (RoleInfo.java:updateAndGet(143)) - 85d8bda3-0dc8-4b5c-a8cf-47f1674a54cd: start FollowerState
2019-09-20 20:09:32,158 [pool-37-thread-1] INFO  util.JmxRegister (JmxRegister.java:tryRegister(44)) - Successfully registered JMX Bean with object name Ratis:service=RaftServer,group=group-DD7F99AFF912,id=85d8bda3-0dc8-4b5c-a8cf-47f1674a54cd
2019-09-20 20:09:32,170 [RatisPipelineUtilsThread] INFO  pipeline.PipelineStateManager (PipelineStateManager.java:addPipeline(56)) - Created pipeline Pipeline[ Id: 0d7ee0e7-67f5-417a-bc33-dd7f99aff912, Nodes: 85d8bda3-0dc8-4b5c-a8cf-47f1674a54cd{ip: 192.168.5.162, host: pr-hdds-2150-7dksv-2379377350, networkLocation: /default-rack, certSerialId: null}, Type:RATIS, Factor:ONE, State:OPEN]
2019-09-20 20:09:32,190 [grpc-default-executor-0] INFO  impl.RaftServerProxy (RaftServerProxy.java:addNew(89)) - 0751e0f1-7fb3-49fb-a20e-87d31723ec0e: addNew group-C3BF012DC609:[0751e0f1-7fb3-49fb-a20e-87d31723ec0e:192.168.5.162:46621] returns group-C3BF012DC609:java.util.concurrent.CompletableFuture@479f27e5[Not completed]
2019-09-20 20:09:32,209 [pool-57-thread-1] INFO  impl.RaftServerImpl (RaftServerImpl.java:<init>(95)) - 0751e0f1-7fb3-49fb-a20e-87d31723ec0e: new RaftServerImpl for group-C3BF012DC609:[0751e0f1-7fb3-49fb-a20e-87d31723ec0e:192.168.5.162:46621] with ContainerStateMachine:uninitialized
2019-09-20 20:09:32,212 [pool-57-thread-1] INFO  server.RaftServerConfigKeys (ConfUtils.java:logGet(43)) - raft.server.rpc.timeout.min = 5s (custom)
2019-09-20 20:09:32,212 [pool-57-thread-1] INFO  server.RaftServerConfigKeys (ConfUtils.java:logGet(43)) - raft.server.rpc.timeout.max = 5200ms (custom)
2019-09-20 20:09:32,212 [pool-57-thread-1] INFO  server.RaftServerConfigKeys (ConfUtils.java:logGet(43)) - raft.server.rpcslowness.timeout = 1000s (custom)
2019-09-20 20:09:32,213 [pool-57-thread-1] INFO  server.RaftServerConfigKeys (ConfUtils.java:logGet(43)) - raft.server.sleep.deviation.threshold = 300 (default)
2019-09-20 20:09:32,213 [pool-57-thread-1] INFO  server.RaftServerConfigKeys (ConfUtils.java:logGet(43)) - raft.server.log.appender.install.snapshot.enabled = false (custom)
2019-09-20 20:09:32,213 [pool-57-thread-1] INFO  impl.RaftServerImpl (ServerState.java:<init>(103)) - 0751e0f1-7fb3-49fb-a20e-87d31723ec0e@group-C3BF012DC609: ConfigurationManager, init=-1: [0751e0f1-7fb3-49fb-a20e-87d31723ec0e:192.168.5.162:46621], old=null, confs=<EMPTY_MAP>
2019-09-20 20:09:32,213 [pool-57-thread-1] INFO  server.RaftServerConfigKeys (ConfUtils.java:logGet(43)) - raft.server.storage.dir = [/workdir/hadoop-ozone/integration-test/target/test-dir/MiniOzoneClusterImpl-c37fe8cd-1444-4a91-8998-fe63ed8d38bf/datanode-3/data/ratis] (custom)
2019-09-20 20:09:32,214 [pool-57-thread-1] INFO  storage.RaftStorageDirectory (RaftStorageDirectory.java:analyzeStorage(246)) - The storage directory /workdir/hadoop-ozone/integration-test/target/test-dir/MiniOzoneClusterImpl-c37fe8cd-1444-4a91-8998-fe63ed8d38bf/datanode-3/data/ratis/8a537e4b-53dd-4c49-90e5-c3bf012dc609 does not exist. Creating ...
2019-09-20 20:09:32,254 [pool-57-thread-1] INFO  storage.RaftStorageDirectory (RaftStorageDirectory.java:tryLock(328)) - Lock on /workdir/hadoop-ozone/integration-test/target/test-dir/MiniOzoneClusterImpl-c37fe8cd-1444-4a91-8998-fe63ed8d38bf/datanode-3/data/ratis/8a537e4b-53dd-4c49-90e5-c3bf012dc609/in_use.lock acquired by nodename 30841@pr-hdds-2150-7dksv-2379377350
2019-09-20 20:09:32,292 [pool-57-thread-1] INFO  storage.RaftStorage (RaftStorage.java:format(72)) - Storage directory /workdir/hadoop-ozone/integration-test/target/test-dir/MiniOzoneClusterImpl-c37fe8cd-1444-4a91-8998-fe63ed8d38bf/datanode-3/data/ratis/8a537e4b-53dd-4c49-90e5-c3bf012dc609 has been successfully formatted.
2019-09-20 20:09:32,293 [pool-57-thread-1] INFO  ratis.ContainerStateMachine (ContainerStateMachine.java:loadSnapshot(230)) - group-C3BF012DC609: The snapshot info is null. Setting the last applied indexto:(t:0, i:~)
2019-09-20 20:09:32,293 [pool-57-thread-1] INFO  server.RaftServerConfigKeys (ConfUtils.java:logGet(43)) - raft.server.notification.no-leader.timeout = 1000s (custom)
2019-09-20 20:09:32,293 [pool-57-thread-1] INFO  server.RaftServerConfigKeys (ConfUtils.java:logGet(43)) - raft.server.log.use.memory = false (default)
2019-09-20 20:09:32,294 [pool-57-thread-1] INFO  server.RaftServerConfigKeys (ConfUtils.java:logGet(43)) - raft.server.log.purge.gap = 1000000 (custom)
2019-09-20 20:09:32,294 [pool-57-thread-1] INFO  server.RaftServerConfigKeys (ConfUtils.java:logGet(43)) - raft.server.log.appender.buffer.byte-limit = 33554432 (custom)
2019-09-20 20:09:32,294 [pool-57-thread-1] INFO  server.RaftServerConfigKeys (ConfUtils.java:logGet(43)) - raft.server.log.segment.size.max = 1048576 (custom)
2019-09-20 20:09:32,294 [pool-57-thread-1] INFO  server.RaftServerConfigKeys (ConfUtils.java:logGet(43)) - raft.server.log.segment.cache.num.max = 2 (custom)
2019-09-20 20:09:32,295 [pool-57-thread-1] INFO  segmented.SegmentedRaftLogWorker (SegmentedRaftLogWorker.java:<init>(172)) - new 0751e0f1-7fb3-49fb-a20e-87d31723ec0e@group-C3BF012DC609-SegmentedRaftLogWorker for RaftStorage:Storage Directory /workdir/hadoop-ozone/integration-test/target/test-dir/MiniOzoneClusterImpl-c37fe8cd-1444-4a91-8998-fe63ed8d38bf/datanode-3/data/ratis/8a537e4b-53dd-4c49-90e5-c3bf012dc609
2019-09-20 20:09:32,319 [pool-57-thread-1] INFO  server.RaftServerConfigKeys (ConfUtils.java:logGet(43)) - raft.server.log.queue.byte-limit = 2147483647 (custom)
2019-09-20 20:09:32,320 [pool-57-thread-1] INFO  server.RaftServerConfigKeys (ConfUtils.java:logGet(43)) - raft.server.log.queue.element-limit = 1024 (custom)
2019-09-20 20:09:32,320 [pool-57-thread-1] INFO  server.RaftServerConfigKeys (ConfUtils.java:logGet(43)) - raft.server.log.segment.size.max = 1048576 (custom)
2019-09-20 20:09:32,320 [pool-57-thread-1] INFO  server.RaftServerConfigKeys (ConfUtils.java:logGet(43)) - raft.server.log.preallocated.size = 16384 (custom)
2019-09-20 20:09:32,321 [pool-57-thread-1] INFO  server.RaftServerConfigKeys (ConfUtils.java:logGet(43)) - raft.server.log.write.buffer.size = 33554432 (custom)
2019-09-20 20:09:32,321 [pool-57-thread-1] INFO  server.RaftServerConfigKeys (ConfUtils.java:logGet(43)) - raft.server.log.force.sync.num = 128 (default)
2019-09-20 20:09:32,321 [pool-57-thread-1] INFO  server.RaftServerConfigKeys (ConfUtils.java:logGet(43)) - raft.server.log.statemachine.data.sync = true (default)
2019-09-20 20:09:32,321 [pool-57-thread-1] INFO  server.RaftServerConfigKeys (ConfUtils.java:logGet(43)) - raft.server.log.statemachine.data.sync.timeout = 10s (default)
2019-09-20 20:09:32,321 [pool-57-thread-1] INFO  server.RaftServerConfigKeys (ConfUtils.java:logGet(43)) - raft.server.log.statemachine.data.sync.timeout.retry = -1 (default)
2019-09-20 20:09:32,322 [pool-57-thread-1] INFO  server.RaftServerConfigKeys (ConfUtils.java:logGet(43)) - raft.server.log.statemachine.data.caching.enabled = true (custom)
2019-09-20 20:09:32,322 [pool-57-thread-1] INFO  segmented.SegmentedRaftLogWorker (SegmentedRaftLogWorker.java:lambda$new$0(132)) - 0751e0f1-7fb3-49fb-a20e-87d31723ec0e@group-C3BF012DC609-SegmentedRaftLogWorker: flushIndex: setUnconditionally 0 -> -1
2019-09-20 20:09:32,323 [pool-57-thread-1] INFO  server.RaftServerConfigKeys (ConfUtils.java:logGet(43)) - raft.server.snapshot.auto.trigger.enabled = true (custom)
2019-09-20 20:09:32,323 [pool-57-thread-1] INFO  server.RaftServerConfigKeys (ConfUtils.java:logGet(43)) - raft.server.snapshot.auto.trigger.threshold = 10000 (custom)
2019-09-20 20:09:32,323 [pool-57-thread-1] INFO  server.RaftServerConfigKeys (ConfUtils.java:logGet(43)) - raft.server.snapshot.retention.num.files = 5 (custom)
2019-09-20 20:09:32,323 [pool-57-thread-1] INFO  server.RaftServerConfigKeys (ConfUtils.java:logGet(43)) - raft.server.retrycache.expirytime = 600000ms (custom)
2019-09-20 20:09:32,328 [pool-57-thread-1] INFO  impl.RaftServerImpl (RaftServerImpl.java:start(185)) - 0751e0f1-7fb3-49fb-a20e-87d31723ec0e@group-C3BF012DC609: start as a follower, conf=-1: [0751e0f1-7fb3-49fb-a20e-87d31723ec0e:192.168.5.162:46621], old=null
2019-09-20 20:09:32,328 [pool-57-thread-1] INFO  impl.RaftServerImpl (RaftServerImpl.java:setRole(174)) - 0751e0f1-7fb3-49fb-a20e-87d31723ec0e@group-C3BF012DC609: changes role from      null to FOLLOWER at term 0 for startAsFollower
2019-09-20 20:09:32,328 [pool-57-thread-1] INFO  impl.RoleInfo (RoleInfo.java:updateAndGet(143)) - 0751e0f1-7fb3-49fb-a20e-87d31723ec0e: start FollowerState
2019-09-20 20:09:32,328 [pool-57-thread-1] INFO  util.JmxRegister (JmxRegister.java:tryRegister(44)) - Successfully registered JMX Bean with object name Ratis:service=RaftServer,group=group-C3BF012DC609,id=0751e0f1-7fb3-49fb-a20e-87d31723ec0e
2019-09-20 20:09:32,338 [RatisPipelineUtilsThread] INFO  pipeline.PipelineStateManager (PipelineStateManager.java:addPipeline(56)) - Created pipeline Pipeline[ Id: 8a537e4b-53dd-4c49-90e5-c3bf012dc609, Nodes: 0751e0f1-7fb3-49fb-a20e-87d31723ec0e{ip: 192.168.5.162, host: pr-hdds-2150-7dksv-2379377350, networkLocation: /default-rack, certSerialId: null}, Type:RATIS, Factor:ONE, State:OPEN]
2019-09-20 20:09:32,354 [grpc-default-executor-0] INFO  impl.RaftServerProxy (RaftServerProxy.java:addNew(89)) - cdbdd05e-9d39-4d5a-9905-4d1ed8c5fc71: addNew group-8CE0B8D5C0FF:[cdbdd05e-9d39-4d5a-9905-4d1ed8c5fc71:192.168.5.162:44134] returns group-8CE0B8D5C0FF:java.util.concurrent.CompletableFuture@5e5b3a64[Not completed]
2019-09-20 20:09:32,357 [pool-47-thread-1] INFO  impl.RaftServerImpl (RaftServerImpl.java:<init>(95)) - cdbdd05e-9d39-4d5a-9905-4d1ed8c5fc71: new RaftServerImpl for group-8CE0B8D5C0FF:[cdbdd05e-9d39-4d5a-9905-4d1ed8c5fc71:192.168.5.162:44134] with ContainerStateMachine:uninitialized
2019-09-20 20:09:32,358 [pool-47-thread-1] INFO  server.RaftServerConfigKeys (ConfUtils.java:logGet(43)) - raft.server.rpc.timeout.min = 5s (custom)
2019-09-20 20:09:32,358 [pool-47-thread-1] INFO  server.RaftServerConfigKeys (ConfUtils.java:logGet(43)) - raft.server.rpc.timeout.max = 5200ms (custom)
2019-09-20 20:09:32,358 [pool-47-thread-1] INFO  server.RaftServerConfigKeys (ConfUtils.java:logGet(43)) - raft.server.rpcslowness.timeout = 1000s (custom)
2019-09-20 20:09:32,358 [pool-47-thread-1] INFO  server.RaftServerConfigKeys (ConfUtils.java:logGet(43)) - raft.server.sleep.deviation.threshold = 300 (default)
2019-09-20 20:09:32,358 [pool-47-thread-1] INFO  server.RaftServerConfigKeys (ConfUtils.java:logGet(43)) - raft.server.log.appender.install.snapshot.enabled = false (custom)
2019-09-20 20:09:32,359 [pool-47-thread-1] INFO  impl.RaftServerImpl (ServerState.java:<init>(103)) - cdbdd05e-9d39-4d5a-9905-4d1ed8c5fc71@group-8CE0B8D5C0FF: ConfigurationManager, init=-1: [cdbdd05e-9d39-4d5a-9905-4d1ed8c5fc71:192.168.5.162:44134], old=null, confs=<EMPTY_MAP>
2019-09-20 20:09:32,359 [pool-47-thread-1] INFO  server.RaftServerConfigKeys (ConfUtils.java:logGet(43)) - raft.server.storage.dir = [/workdir/hadoop-ozone/integration-test/target/test-dir/MiniOzoneClusterImpl-c37fe8cd-1444-4a91-8998-fe63ed8d38bf/datanode-2/data/ratis] (custom)
2019-09-20 20:09:32,360 [pool-47-thread-1] INFO  storage.RaftStorageDirectory (RaftStorageDirectory.java:analyzeStorage(246)) - The storage directory /workdir/hadoop-ozone/integration-test/target/test-dir/MiniOzoneClusterImpl-c37fe8cd-1444-4a91-8998-fe63ed8d38bf/datanode-2/data/ratis/8cd01001-3940-4888-ad57-8ce0b8d5c0ff does not exist. Creating ...
2019-09-20 20:09:32,379 [pool-47-thread-1] INFO  storage.RaftStorageDirectory (RaftStorageDirectory.java:tryLock(328)) - Lock on /workdir/hadoop-ozone/integration-test/target/test-dir/MiniOzoneClusterImpl-c37fe8cd-1444-4a91-8998-fe63ed8d38bf/datanode-2/data/ratis/8cd01001-3940-4888-ad57-8ce0b8d5c0ff/in_use.lock acquired by nodename 30841@pr-hdds-2150-7dksv-2379377350
2019-09-20 20:09:32,419 [pool-47-thread-1] INFO  storage.RaftStorage (RaftStorage.java:format(72)) - Storage directory /workdir/hadoop-ozone/integration-test/target/test-dir/MiniOzoneClusterImpl-c37fe8cd-1444-4a91-8998-fe63ed8d38bf/datanode-2/data/ratis/8cd01001-3940-4888-ad57-8ce0b8d5c0ff has been successfully formatted.
2019-09-20 20:09:32,419 [pool-47-thread-1] INFO  ratis.ContainerStateMachine (ContainerStateMachine.java:loadSnapshot(230)) - group-8CE0B8D5C0FF: The snapshot info is null. Setting the last applied indexto:(t:0, i:~)
2019-09-20 20:09:32,419 [pool-47-thread-1] INFO  server.RaftServerConfigKeys (ConfUtils.java:logGet(43)) - raft.server.notification.no-leader.timeout = 1000s (custom)
2019-09-20 20:09:32,419 [pool-47-thread-1] INFO  server.RaftServerConfigKeys (ConfUtils.java:logGet(43)) - raft.server.log.use.memory = false (default)
2019-09-20 20:09:32,420 [pool-47-thread-1] INFO  server.RaftServerConfigKeys (ConfUtils.java:logGet(43)) - raft.server.log.purge.gap = 1000000 (custom)
2019-09-20 20:09:32,420 [pool-47-thread-1] INFO  server.RaftServerConfigKeys (ConfUtils.java:logGet(43)) - raft.server.log.appender.buffer.byte-limit = 33554432 (custom)
2019-09-20 20:09:32,420 [pool-47-thread-1] INFO  server.RaftServerConfigKeys (ConfUtils.java:logGet(43)) - raft.server.log.segment.size.max = 1048576 (custom)
2019-09-20 20:09:32,420 [pool-47-thread-1] INFO  server.RaftServerConfigKeys (ConfUtils.java:logGet(43)) - raft.server.log.segment.cache.num.max = 2 (custom)
2019-09-20 20:09:32,421 [pool-47-thread-1] INFO  segmented.SegmentedRaftLogWorker (SegmentedRaftLogWorker.java:<init>(172)) - new cdbdd05e-9d39-4d5a-9905-4d1ed8c5fc71@group-8CE0B8D5C0FF-SegmentedRaftLogWorker for RaftStorage:Storage Directory /workdir/hadoop-ozone/integration-test/target/test-dir/MiniOzoneClusterImpl-c37fe8cd-1444-4a91-8998-fe63ed8d38bf/datanode-2/data/ratis/8cd01001-3940-4888-ad57-8ce0b8d5c0ff
2019-09-20 20:09:32,427 [pool-47-thread-1] INFO  server.RaftServerConfigKeys (ConfUtils.java:logGet(43)) - raft.server.log.queue.byte-limit = 2147483647 (custom)
2019-09-20 20:09:32,427 [pool-47-thread-1] INFO  server.RaftServerConfigKeys (ConfUtils.java:logGet(43)) - raft.server.log.queue.element-limit = 1024 (custom)
2019-09-20 20:09:32,427 [pool-47-thread-1] INFO  server.RaftServerConfigKeys (ConfUtils.java:logGet(43)) - raft.server.log.segment.size.max = 1048576 (custom)
2019-09-20 20:09:32,428 [pool-47-thread-1] INFO  server.RaftServerConfigKeys (ConfUtils.java:logGet(43)) - raft.server.log.preallocated.size = 16384 (custom)
2019-09-20 20:09:32,428 [pool-47-thread-1] INFO  server.RaftServerConfigKeys (ConfUtils.java:logGet(43)) - raft.server.log.write.buffer.size = 33554432 (custom)
2019-09-20 20:09:32,428 [pool-47-thread-1] INFO  server.RaftServerConfigKeys (ConfUtils.java:logGet(43)) - raft.server.log.force.sync.num = 128 (default)
2019-09-20 20:09:32,428 [pool-47-thread-1] INFO  server.RaftServerConfigKeys (ConfUtils.java:logGet(43)) - raft.server.log.statemachine.data.sync = true (default)
2019-09-20 20:09:32,429 [pool-47-thread-1] INFO  server.RaftServerConfigKeys (ConfUtils.java:logGet(43)) - raft.server.log.statemachine.data.sync.timeout = 10s (default)
2019-09-20 20:09:32,429 [pool-47-thread-1] INFO  server.RaftServerConfigKeys (ConfUtils.java:logGet(43)) - raft.server.log.statemachine.data.sync.timeout.retry = -1 (default)
2019-09-20 20:09:32,429 [pool-47-thread-1] INFO  server.RaftServerConfigKeys (ConfUtils.java:logGet(43)) - raft.server.log.statemachine.data.caching.enabled = true (custom)
2019-09-20 20:09:32,430 [pool-47-thread-1] INFO  segmented.SegmentedRaftLogWorker (SegmentedRaftLogWorker.java:lambda$new$0(132)) - cdbdd05e-9d39-4d5a-9905-4d1ed8c5fc71@group-8CE0B8D5C0FF-SegmentedRaftLogWorker: flushIndex: setUnconditionally 0 -> -1
2019-09-20 20:09:32,430 [pool-47-thread-1] INFO  server.RaftServerConfigKeys (ConfUtils.java:logGet(43)) - raft.server.snapshot.auto.trigger.enabled = true (custom)
2019-09-20 20:09:32,430 [pool-47-thread-1] INFO  server.RaftServerConfigKeys (ConfUtils.java:logGet(43)) - raft.server.snapshot.auto.trigger.threshold = 10000 (custom)
2019-09-20 20:09:32,430 [pool-47-thread-1] INFO  server.RaftServerConfigKeys (ConfUtils.java:logGet(43)) - raft.server.snapshot.retention.num.files = 5 (custom)
2019-09-20 20:09:32,431 [pool-47-thread-1] INFO  server.RaftServerConfigKeys (ConfUtils.java:logGet(43)) - raft.server.retrycache.expirytime = 600000ms (custom)
2019-09-20 20:09:32,438 [pool-47-thread-1] INFO  impl.RaftServerImpl (RaftServerImpl.java:start(185)) - cdbdd05e-9d39-4d5a-9905-4d1ed8c5fc71@group-8CE0B8D5C0FF: start as a follower, conf=-1: [cdbdd05e-9d39-4d5a-9905-4d1ed8c5fc71:192.168.5.162:44134], old=null
2019-09-20 20:09:32,438 [pool-47-thread-1] INFO  impl.RaftServerImpl (RaftServerImpl.java:setRole(174)) - cdbdd05e-9d39-4d5a-9905-4d1ed8c5fc71@group-8CE0B8D5C0FF: changes role from      null to FOLLOWER at term 0 for startAsFollower
2019-09-20 20:09:32,439 [pool-47-thread-1] INFO  impl.RoleInfo (RoleInfo.java:updateAndGet(143)) - cdbdd05e-9d39-4d5a-9905-4d1ed8c5fc71: start FollowerState
2019-09-20 20:09:32,439 [pool-47-thread-1] INFO  util.JmxRegister (JmxRegister.java:tryRegister(44)) - Successfully registered JMX Bean with object name Ratis:service=RaftServer,group=group-8CE0B8D5C0FF,id=cdbdd05e-9d39-4d5a-9905-4d1ed8c5fc71
2019-09-20 20:09:32,450 [RatisPipelineUtilsThread] INFO  pipeline.PipelineStateManager (PipelineStateManager.java:addPipeline(56)) - Created pipeline Pipeline[ Id: 8cd01001-3940-4888-ad57-8ce0b8d5c0ff, Nodes: cdbdd05e-9d39-4d5a-9905-4d1ed8c5fc71{ip: 192.168.5.162, host: pr-hdds-2150-7dksv-2379377350, networkLocation: /default-rack, certSerialId: null}, Type:RATIS, Factor:ONE, State:OPEN]
2019-09-20 20:09:32,451 [main] INFO  ozone.MiniOzoneClusterImpl (MiniOzoneClusterImpl.java:lambda$waitForClusterToBeReady$0(145)) - Cluster is ready. Got 4 of 4 DN Heartbeats.
2019-09-20 20:09:32,472 [main] INFO  container.ReplicationManager (ReplicationManager.java:start(162)) - Starting Replication Monitor Thread.
2019-09-20 20:09:32,482 [ReplicationMonitor] INFO  container.ReplicationManager (ReplicationManager.java:run(225)) - Replication Monitor Thread took 2 milliseconds for processing 0 containers.
2019-09-20 20:09:32,490 [grpc-default-executor-1] INFO  impl.RaftServerProxy (RaftServerProxy.java:addNew(89)) - 0751e0f1-7fb3-49fb-a20e-87d31723ec0e: addNew group-E2E3081D82B8:[0751e0f1-7fb3-49fb-a20e-87d31723ec0e:192.168.5.162:46621, 85d8bda3-0dc8-4b5c-a8cf-47f1674a54cd:192.168.5.162:33627, 661caf73-5e1e-47be-b577-b3ebe96959e7:192.168.5.162:33704] returns group-E2E3081D82B8:java.util.concurrent.CompletableFuture@37a255d3[Not completed]
2019-09-20 20:09:32,501 [pool-57-thread-1] INFO  impl.RaftServerImpl (RaftServerImpl.java:<init>(95)) - 0751e0f1-7fb3-49fb-a20e-87d31723ec0e: new RaftServerImpl for group-E2E3081D82B8:[0751e0f1-7fb3-49fb-a20e-87d31723ec0e:192.168.5.162:46621, 85d8bda3-0dc8-4b5c-a8cf-47f1674a54cd:192.168.5.162:33627, 661caf73-5e1e-47be-b577-b3ebe96959e7:192.168.5.162:33704] with ContainerStateMachine:uninitialized
2019-09-20 20:09:32,501 [grpc-default-executor-2] INFO  impl.RaftServerProxy (RaftServerProxy.java:addNew(89)) - 661caf73-5e1e-47be-b577-b3ebe96959e7: addNew group-E2E3081D82B8:[0751e0f1-7fb3-49fb-a20e-87d31723ec0e:192.168.5.162:46621, 85d8bda3-0dc8-4b5c-a8cf-47f1674a54cd:192.168.5.162:33627, 661caf73-5e1e-47be-b577-b3ebe96959e7:192.168.5.162:33704] returns group-E2E3081D82B8:java.util.concurrent.CompletableFuture@1230ab7c[Not completed]
2019-09-20 20:09:32,501 [pool-57-thread-1] INFO  server.RaftServerConfigKeys (ConfUtils.java:logGet(43)) - raft.server.rpc.timeout.min = 5s (custom)
2019-09-20 20:09:32,501 [grpc-default-executor-1] INFO  impl.RaftServerProxy (RaftServerProxy.java:addNew(89)) - 85d8bda3-0dc8-4b5c-a8cf-47f1674a54cd: addNew group-E2E3081D82B8:[0751e0f1-7fb3-49fb-a20e-87d31723ec0e:192.168.5.162:46621, 85d8bda3-0dc8-4b5c-a8cf-47f1674a54cd:192.168.5.162:33627, 661caf73-5e1e-47be-b577-b3ebe96959e7:192.168.5.162:33704] returns group-E2E3081D82B8:java.util.concurrent.CompletableFuture@1e635a92[Not completed]
2019-09-20 20:09:32,502 [pool-57-thread-1] INFO  server.RaftServerConfigKeys (ConfUtils.java:logGet(43)) - raft.server.rpc.timeout.max = 5200ms (custom)
2019-09-20 20:09:32,502 [pool-57-thread-1] INFO  server.RaftServerConfigKeys (ConfUtils.java:logGet(43)) - raft.server.rpcslowness.timeout = 1000s (custom)
2019-09-20 20:09:32,502 [pool-57-thread-1] INFO  server.RaftServerConfigKeys (ConfUtils.java:logGet(43)) - raft.server.sleep.deviation.threshold = 300 (default)
2019-09-20 20:09:32,502 [pool-57-thread-1] INFO  server.RaftServerConfigKeys (ConfUtils.java:logGet(43)) - raft.server.log.appender.install.snapshot.enabled = false (custom)
2019-09-20 20:09:32,502 [pool-57-thread-1] INFO  impl.RaftServerImpl (ServerState.java:<init>(103)) - 0751e0f1-7fb3-49fb-a20e-87d31723ec0e@group-E2E3081D82B8: ConfigurationManager, init=-1: [0751e0f1-7fb3-49fb-a20e-87d31723ec0e:192.168.5.162:46621, 85d8bda3-0dc8-4b5c-a8cf-47f1674a54cd:192.168.5.162:33627, 661caf73-5e1e-47be-b577-b3ebe96959e7:192.168.5.162:33704], old=null, confs=<EMPTY_MAP>
2019-09-20 20:09:32,502 [pool-57-thread-1] INFO  server.RaftServerConfigKeys (ConfUtils.java:logGet(43)) - raft.server.storage.dir = [/workdir/hadoop-ozone/integration-test/target/test-dir/MiniOzoneClusterImpl-c37fe8cd-1444-4a91-8998-fe63ed8d38bf/datanode-3/data/ratis] (custom)
2019-09-20 20:09:32,503 [pool-57-thread-1] INFO  storage.RaftStorageDirectory (RaftStorageDirectory.java:analyzeStorage(246)) - The storage directory /workdir/hadoop-ozone/integration-test/target/test-dir/MiniOzoneClusterImpl-c37fe8cd-1444-4a91-8998-fe63ed8d38bf/datanode-3/data/ratis/c59f03a1-5569-4bf8-96a7-e2e3081d82b8 does not exist. Creating ...
2019-09-20 20:09:32,503 [pool-37-thread-1] INFO  impl.RaftServerImpl (RaftServerImpl.java:<init>(95)) - 85d8bda3-0dc8-4b5c-a8cf-47f1674a54cd: new RaftServerImpl for group-E2E3081D82B8:[0751e0f1-7fb3-49fb-a20e-87d31723ec0e:192.168.5.162:46621, 85d8bda3-0dc8-4b5c-a8cf-47f1674a54cd:192.168.5.162:33627, 661caf73-5e1e-47be-b577-b3ebe96959e7:192.168.5.162:33704] with ContainerStateMachine:uninitialized
2019-09-20 20:09:32,503 [pool-37-thread-1] INFO  server.RaftServerConfigKeys (ConfUtils.java:logGet(43)) - raft.server.rpc.timeout.min = 5s (custom)
2019-09-20 20:09:32,503 [pool-37-thread-1] INFO  server.RaftServerConfigKeys (ConfUtils.java:logGet(43)) - raft.server.rpc.timeout.max = 5200ms (custom)
2019-09-20 20:09:32,504 [pool-37-thread-1] INFO  server.RaftServerConfigKeys (ConfUtils.java:logGet(43)) - raft.server.rpcslowness.timeout = 1000s (custom)
2019-09-20 20:09:32,504 [pool-37-thread-1] INFO  server.RaftServerConfigKeys (ConfUtils.java:logGet(43)) - raft.server.sleep.deviation.threshold = 300 (default)
2019-09-20 20:09:32,504 [pool-37-thread-1] INFO  server.RaftServerConfigKeys (ConfUtils.java:logGet(43)) - raft.server.log.appender.install.snapshot.enabled = false (custom)
2019-09-20 20:09:32,504 [pool-37-thread-1] INFO  impl.RaftServerImpl (ServerState.java:<init>(103)) - 85d8bda3-0dc8-4b5c-a8cf-47f1674a54cd@group-E2E3081D82B8: ConfigurationManager, init=-1: [0751e0f1-7fb3-49fb-a20e-87d31723ec0e:192.168.5.162:46621, 85d8bda3-0dc8-4b5c-a8cf-47f1674a54cd:192.168.5.162:33627, 661caf73-5e1e-47be-b577-b3ebe96959e7:192.168.5.162:33704], old=null, confs=<EMPTY_MAP>
2019-09-20 20:09:32,504 [pool-37-thread-1] INFO  server.RaftServerConfigKeys (ConfUtils.java:logGet(43)) - raft.server.storage.dir = [/workdir/hadoop-ozone/integration-test/target/test-dir/MiniOzoneClusterImpl-c37fe8cd-1444-4a91-8998-fe63ed8d38bf/datanode-1/data/ratis] (custom)
2019-09-20 20:09:32,504 [pool-37-thread-1] INFO  storage.RaftStorageDirectory (RaftStorageDirectory.java:analyzeStorage(246)) - The storage directory /workdir/hadoop-ozone/integration-test/target/test-dir/MiniOzoneClusterImpl-c37fe8cd-1444-4a91-8998-fe63ed8d38bf/datanode-1/data/ratis/c59f03a1-5569-4bf8-96a7-e2e3081d82b8 does not exist. Creating ...
2019-09-20 20:09:32,504 [pool-27-thread-1] INFO  impl.RaftServerImpl (RaftServerImpl.java:<init>(95)) - 661caf73-5e1e-47be-b577-b3ebe96959e7: new RaftServerImpl for group-E2E3081D82B8:[0751e0f1-7fb3-49fb-a20e-87d31723ec0e:192.168.5.162:46621, 85d8bda3-0dc8-4b5c-a8cf-47f1674a54cd:192.168.5.162:33627, 661caf73-5e1e-47be-b577-b3ebe96959e7:192.168.5.162:33704] with ContainerStateMachine:uninitialized
2019-09-20 20:09:32,505 [pool-27-thread-1] INFO  server.RaftServerConfigKeys (ConfUtils.java:logGet(43)) - raft.server.rpc.timeout.min = 5s (custom)
2019-09-20 20:09:32,505 [pool-27-thread-1] INFO  server.RaftServerConfigKeys (ConfUtils.java:logGet(43)) - raft.server.rpc.timeout.max = 5200ms (custom)
2019-09-20 20:09:32,505 [pool-27-thread-1] INFO  server.RaftServerConfigKeys (ConfUtils.java:logGet(43)) - raft.server.rpcslowness.timeout = 1000s (custom)
2019-09-20 20:09:32,505 [pool-27-thread-1] INFO  server.RaftServerConfigKeys (ConfUtils.java:logGet(43)) - raft.server.sleep.deviation.threshold = 300 (default)
2019-09-20 20:09:32,505 [pool-27-thread-1] INFO  server.RaftServerConfigKeys (ConfUtils.java:logGet(43)) - raft.server.log.appender.install.snapshot.enabled = false (custom)
2019-09-20 20:09:32,506 [pool-27-thread-1] INFO  impl.RaftServerImpl (ServerState.java:<init>(103)) - 661caf73-5e1e-47be-b577-b3ebe96959e7@group-E2E3081D82B8: ConfigurationManager, init=-1: [0751e0f1-7fb3-49fb-a20e-87d31723ec0e:192.168.5.162:46621, 85d8bda3-0dc8-4b5c-a8cf-47f1674a54cd:192.168.5.162:33627, 661caf73-5e1e-47be-b577-b3ebe96959e7:192.168.5.162:33704], old=null, confs=<EMPTY_MAP>
2019-09-20 20:09:32,506 [pool-27-thread-1] INFO  server.RaftServerConfigKeys (ConfUtils.java:logGet(43)) - raft.server.storage.dir = [/workdir/hadoop-ozone/integration-test/target/test-dir/MiniOzoneClusterImpl-c37fe8cd-1444-4a91-8998-fe63ed8d38bf/datanode-0/data/ratis] (custom)
2019-09-20 20:09:32,506 [pool-27-thread-1] INFO  storage.RaftStorageDirectory (RaftStorageDirectory.java:analyzeStorage(246)) - The storage directory /workdir/hadoop-ozone/integration-test/target/test-dir/MiniOzoneClusterImpl-c37fe8cd-1444-4a91-8998-fe63ed8d38bf/datanode-0/data/ratis/c59f03a1-5569-4bf8-96a7-e2e3081d82b8 does not exist. Creating ...
2019-09-20 20:09:32,552 [pool-27-thread-1] INFO  storage.RaftStorageDirectory (RaftStorageDirectory.java:tryLock(328)) - Lock on /workdir/hadoop-ozone/integration-test/target/test-dir/MiniOzoneClusterImpl-c37fe8cd-1444-4a91-8998-fe63ed8d38bf/datanode-0/data/ratis/c59f03a1-5569-4bf8-96a7-e2e3081d82b8/in_use.lock acquired by nodename 30841@pr-hdds-2150-7dksv-2379377350
2019-09-20 20:09:32,552 [pool-57-thread-1] INFO  storage.RaftStorageDirectory (RaftStorageDirectory.java:tryLock(328)) - Lock on /workdir/hadoop-ozone/integration-test/target/test-dir/MiniOzoneClusterImpl-c37fe8cd-1444-4a91-8998-fe63ed8d38bf/datanode-3/data/ratis/c59f03a1-5569-4bf8-96a7-e2e3081d82b8/in_use.lock acquired by nodename 30841@pr-hdds-2150-7dksv-2379377350
2019-09-20 20:09:32,552 [pool-37-thread-1] INFO  storage.RaftStorageDirectory (RaftStorageDirectory.java:tryLock(328)) - Lock on /workdir/hadoop-ozone/integration-test/target/test-dir/MiniOzoneClusterImpl-c37fe8cd-1444-4a91-8998-fe63ed8d38bf/datanode-1/data/ratis/c59f03a1-5569-4bf8-96a7-e2e3081d82b8/in_use.lock acquired by nodename 30841@pr-hdds-2150-7dksv-2379377350
2019-09-20 20:09:32,570 [pool-37-thread-1] INFO  storage.RaftStorage (RaftStorage.java:format(72)) - Storage directory /workdir/hadoop-ozone/integration-test/target/test-dir/MiniOzoneClusterImpl-c37fe8cd-1444-4a91-8998-fe63ed8d38bf/datanode-1/data/ratis/c59f03a1-5569-4bf8-96a7-e2e3081d82b8 has been successfully formatted.
2019-09-20 20:09:32,570 [pool-57-thread-1] INFO  storage.RaftStorage (RaftStorage.java:format(72)) - Storage directory /workdir/hadoop-ozone/integration-test/target/test-dir/MiniOzoneClusterImpl-c37fe8cd-1444-4a91-8998-fe63ed8d38bf/datanode-3/data/ratis/c59f03a1-5569-4bf8-96a7-e2e3081d82b8 has been successfully formatted.
2019-09-20 20:09:32,570 [pool-27-thread-1] INFO  storage.RaftStorage (RaftStorage.java:format(72)) - Storage directory /workdir/hadoop-ozone/integration-test/target/test-dir/MiniOzoneClusterImpl-c37fe8cd-1444-4a91-8998-fe63ed8d38bf/datanode-0/data/ratis/c59f03a1-5569-4bf8-96a7-e2e3081d82b8 has been successfully formatted.
2019-09-20 20:09:32,570 [pool-37-thread-1] INFO  ratis.ContainerStateMachine (ContainerStateMachine.java:loadSnapshot(230)) - group-E2E3081D82B8: The snapshot info is null. Setting the last applied indexto:(t:0, i:~)
2019-09-20 20:09:32,570 [pool-57-thread-1] INFO  ratis.ContainerStateMachine (ContainerStateMachine.java:loadSnapshot(230)) - group-E2E3081D82B8: The snapshot info is null. Setting the last applied indexto:(t:0, i:~)
2019-09-20 20:09:32,570 [pool-37-thread-1] INFO  server.RaftServerConfigKeys (ConfUtils.java:logGet(43)) - raft.server.notification.no-leader.timeout = 1000s (custom)
2019-09-20 20:09:32,570 [pool-27-thread-1] INFO  ratis.ContainerStateMachine (ContainerStateMachine.java:loadSnapshot(230)) - group-E2E3081D82B8: The snapshot info is null. Setting the last applied indexto:(t:0, i:~)
2019-09-20 20:09:32,571 [pool-37-thread-1] INFO  server.RaftServerConfigKeys (ConfUtils.java:logGet(43)) - raft.server.log.use.memory = false (default)
2019-09-20 20:09:32,571 [pool-57-thread-1] INFO  server.RaftServerConfigKeys (ConfUtils.java:logGet(43)) - raft.server.notification.no-leader.timeout = 1000s (custom)
2019-09-20 20:09:32,571 [pool-37-thread-1] INFO  server.RaftServerConfigKeys (ConfUtils.java:logGet(43)) - raft.server.log.purge.gap = 1000000 (custom)
2019-09-20 20:09:32,571 [pool-27-thread-1] INFO  server.RaftServerConfigKeys (ConfUtils.java:logGet(43)) - raft.server.notification.no-leader.timeout = 1000s (custom)
2019-09-20 20:09:32,571 [pool-37-thread-1] INFO  server.RaftServerConfigKeys (ConfUtils.java:logGet(43)) - raft.server.log.appender.buffer.byte-limit = 33554432 (custom)
2019-09-20 20:09:32,571 [pool-57-thread-1] INFO  server.RaftServerConfigKeys (ConfUtils.java:logGet(43)) - raft.server.log.use.memory = false (default)
2019-09-20 20:09:32,572 [pool-37-thread-1] INFO  server.RaftServerConfigKeys (ConfUtils.java:logGet(43)) - raft.server.log.segment.size.max = 1048576 (custom)
2019-09-20 20:09:32,571 [pool-27-thread-1] INFO  server.RaftServerConfigKeys (ConfUtils.java:logGet(43)) - raft.server.log.use.memory = false (default)
2019-09-20 20:09:32,572 [pool-37-thread-1] INFO  server.RaftServerConfigKeys (ConfUtils.java:logGet(43)) - raft.server.log.segment.cache.num.max = 2 (custom)
2019-09-20 20:09:32,572 [pool-57-thread-1] INFO  server.RaftServerConfigKeys (ConfUtils.java:logGet(43)) - raft.server.log.purge.gap = 1000000 (custom)
2019-09-20 20:09:32,572 [pool-37-thread-1] INFO  segmented.SegmentedRaftLogWorker (SegmentedRaftLogWorker.java:<init>(172)) - new 85d8bda3-0dc8-4b5c-a8cf-47f1674a54cd@group-E2E3081D82B8-SegmentedRaftLogWorker for RaftStorage:Storage Directory /workdir/hadoop-ozone/integration-test/target/test-dir/MiniOzoneClusterImpl-c37fe8cd-1444-4a91-8998-fe63ed8d38bf/datanode-1/data/ratis/c59f03a1-5569-4bf8-96a7-e2e3081d82b8
2019-09-20 20:09:32,572 [pool-27-thread-1] INFO  server.RaftServerConfigKeys (ConfUtils.java:logGet(43)) - raft.server.log.purge.gap = 1000000 (custom)
2019-09-20 20:09:32,573 [pool-37-thread-1] INFO  server.RaftServerConfigKeys (ConfUtils.java:logGet(43)) - raft.server.log.queue.byte-limit = 2147483647 (custom)
2019-09-20 20:09:32,572 [pool-57-thread-1] INFO  server.RaftServerConfigKeys (ConfUtils.java:logGet(43)) - raft.server.log.appender.buffer.byte-limit = 33554432 (custom)
2019-09-20 20:09:32,573 [pool-37-thread-1] INFO  server.RaftServerConfigKeys (ConfUtils.java:logGet(43)) - raft.server.log.queue.element-limit = 1024 (custom)
2019-09-20 20:09:32,573 [pool-27-thread-1] INFO  server.RaftServerConfigKeys (ConfUtils.java:logGet(43)) - raft.server.log.appender.buffer.byte-limit = 33554432 (custom)
2019-09-20 20:09:32,573 [pool-37-thread-1] INFO  server.RaftServerConfigKeys (ConfUtils.java:logGet(43)) - raft.server.log.segment.size.max = 1048576 (custom)
2019-09-20 20:09:32,573 [pool-57-thread-1] INFO  server.RaftServerConfigKeys (ConfUtils.java:logGet(43)) - raft.server.log.segment.size.max = 1048576 (custom)
2019-09-20 20:09:32,573 [pool-37-thread-1] INFO  server.RaftServerConfigKeys (ConfUtils.java:logGet(43)) - raft.server.log.preallocated.size = 16384 (custom)
2019-09-20 20:09:32,573 [pool-27-thread-1] INFO  server.RaftServerConfigKeys (ConfUtils.java:logGet(43)) - raft.server.log.segment.size.max = 1048576 (custom)
2019-09-20 20:09:32,574 [pool-37-thread-1] INFO  server.RaftServerConfigKeys (ConfUtils.java:logGet(43)) - raft.server.log.write.buffer.size = 33554432 (custom)
2019-09-20 20:09:32,574 [pool-57-thread-1] INFO  server.RaftServerConfigKeys (ConfUtils.java:logGet(43)) - raft.server.log.segment.cache.num.max = 2 (custom)
2019-09-20 20:09:32,574 [pool-37-thread-1] INFO  server.RaftServerConfigKeys (ConfUtils.java:logGet(43)) - raft.server.log.force.sync.num = 128 (default)
2019-09-20 20:09:32,574 [pool-27-thread-1] INFO  server.RaftServerConfigKeys (ConfUtils.java:logGet(43)) - raft.server.log.segment.cache.num.max = 2 (custom)
2019-09-20 20:09:32,575 [pool-37-thread-1] INFO  server.RaftServerConfigKeys (ConfUtils.java:logGet(43)) - raft.server.log.statemachine.data.sync = true (default)
2019-09-20 20:09:32,574 [pool-57-thread-1] INFO  segmented.SegmentedRaftLogWorker (SegmentedRaftLogWorker.java:<init>(172)) - new 0751e0f1-7fb3-49fb-a20e-87d31723ec0e@group-E2E3081D82B8-SegmentedRaftLogWorker for RaftStorage:Storage Directory /workdir/hadoop-ozone/integration-test/target/test-dir/MiniOzoneClusterImpl-c37fe8cd-1444-4a91-8998-fe63ed8d38bf/datanode-3/data/ratis/c59f03a1-5569-4bf8-96a7-e2e3081d82b8
2019-09-20 20:09:32,575 [pool-37-thread-1] INFO  server.RaftServerConfigKeys (ConfUtils.java:logGet(43)) - raft.server.log.statemachine.data.sync.timeout = 10s (default)
2019-09-20 20:09:32,575 [pool-27-thread-1] INFO  segmented.SegmentedRaftLogWorker (SegmentedRaftLogWorker.java:<init>(172)) - new 661caf73-5e1e-47be-b577-b3ebe96959e7@group-E2E3081D82B8-SegmentedRaftLogWorker for RaftStorage:Storage Directory /workdir/hadoop-ozone/integration-test/target/test-dir/MiniOzoneClusterImpl-c37fe8cd-1444-4a91-8998-fe63ed8d38bf/datanode-0/data/ratis/c59f03a1-5569-4bf8-96a7-e2e3081d82b8
2019-09-20 20:09:32,575 [pool-37-thread-1] INFO  server.RaftServerConfigKeys (ConfUtils.java:logGet(43)) - raft.server.log.statemachine.data.sync.timeout.retry = -1 (default)
2019-09-20 20:09:32,575 [pool-57-thread-1] INFO  server.RaftServerConfigKeys (ConfUtils.java:logGet(43)) - raft.server.log.queue.byte-limit = 2147483647 (custom)
2019-09-20 20:09:32,576 [pool-37-thread-1] INFO  server.RaftServerConfigKeys (ConfUtils.java:logGet(43)) - raft.server.log.statemachine.data.caching.enabled = true (custom)
2019-09-20 20:09:32,576 [pool-27-thread-1] INFO  server.RaftServerConfigKeys (ConfUtils.java:logGet(43)) - raft.server.log.queue.byte-limit = 2147483647 (custom)
2019-09-20 20:09:32,576 [pool-37-thread-1] INFO  segmented.SegmentedRaftLogWorker (SegmentedRaftLogWorker.java:lambda$new$0(132)) - 85d8bda3-0dc8-4b5c-a8cf-47f1674a54cd@group-E2E3081D82B8-SegmentedRaftLogWorker: flushIndex: setUnconditionally 0 -> -1
2019-09-20 20:09:32,576 [pool-57-thread-1] INFO  server.RaftServerConfigKeys (ConfUtils.java:logGet(43)) - raft.server.log.queue.element-limit = 1024 (custom)
2019-09-20 20:09:32,577 [pool-37-thread-1] INFO  server.RaftServerConfigKeys (ConfUtils.java:logGet(43)) - raft.server.snapshot.auto.trigger.enabled = true (custom)
2019-09-20 20:09:32,576 [pool-27-thread-1] INFO  server.RaftServerConfigKeys (ConfUtils.java:logGet(43)) - raft.server.log.queue.element-limit = 1024 (custom)
2019-09-20 20:09:32,577 [pool-37-thread-1] INFO  server.RaftServerConfigKeys (ConfUtils.java:logGet(43)) - raft.server.snapshot.auto.trigger.threshold = 10000 (custom)
2019-09-20 20:09:32,577 [pool-57-thread-1] INFO  server.RaftServerConfigKeys (ConfUtils.java:logGet(43)) - raft.server.log.segment.size.max = 1048576 (custom)
2019-09-20 20:09:32,577 [pool-37-thread-1] INFO  server.RaftServerConfigKeys (ConfUtils.java:logGet(43)) - raft.server.snapshot.retention.num.files = 5 (custom)
2019-09-20 20:09:32,577 [pool-27-thread-1] INFO  server.RaftServerConfigKeys (ConfUtils.java:logGet(43)) - raft.server.log.segment.size.max = 1048576 (custom)
2019-09-20 20:09:32,578 [pool-37-thread-1] INFO  server.RaftServerConfigKeys (ConfUtils.java:logGet(43)) - raft.server.retrycache.expirytime = 600000ms (custom)
2019-09-20 20:09:32,577 [pool-57-thread-1] INFO  server.RaftServerConfigKeys (ConfUtils.java:logGet(43)) - raft.server.log.preallocated.size = 16384 (custom)
2019-09-20 20:09:32,578 [pool-27-thread-1] INFO  server.RaftServerConfigKeys (ConfUtils.java:logGet(43)) - raft.server.log.preallocated.size = 16384 (custom)
2019-09-20 20:09:32,578 [pool-57-thread-1] INFO  server.RaftServerConfigKeys (ConfUtils.java:logGet(43)) - raft.server.log.write.buffer.size = 33554432 (custom)
2019-09-20 20:09:32,578 [pool-27-thread-1] INFO  server.RaftServerConfigKeys (ConfUtils.java:logGet(43)) - raft.server.log.write.buffer.size = 33554432 (custom)
2019-09-20 20:09:32,578 [pool-57-thread-1] INFO  server.RaftServerConfigKeys (ConfUtils.java:logGet(43)) - raft.server.log.force.sync.num = 128 (default)
2019-09-20 20:09:32,579 [pool-27-thread-1] INFO  server.RaftServerConfigKeys (ConfUtils.java:logGet(43)) - raft.server.log.force.sync.num = 128 (default)
2019-09-20 20:09:32,579 [pool-57-thread-1] INFO  server.RaftServerConfigKeys (ConfUtils.java:logGet(43)) - raft.server.log.statemachine.data.sync = true (default)
2019-09-20 20:09:32,579 [pool-27-thread-1] INFO  server.RaftServerConfigKeys (ConfUtils.java:logGet(43)) - raft.server.log.statemachine.data.sync = true (default)
2019-09-20 20:09:32,579 [pool-57-thread-1] INFO  server.RaftServerConfigKeys (ConfUtils.java:logGet(43)) - raft.server.log.statemachine.data.sync.timeout = 10s (default)
2019-09-20 20:09:32,579 [pool-27-thread-1] INFO  server.RaftServerConfigKeys (ConfUtils.java:logGet(43)) - raft.server.log.statemachine.data.sync.timeout = 10s (default)
2019-09-20 20:09:32,579 [pool-57-thread-1] INFO  server.RaftServerConfigKeys (ConfUtils.java:logGet(43)) - raft.server.log.statemachine.data.sync.timeout.retry = -1 (default)
2019-09-20 20:09:32,580 [pool-27-thread-1] INFO  server.RaftServerConfigKeys (ConfUtils.java:logGet(43)) - raft.server.log.statemachine.data.sync.timeout.retry = -1 (default)
2019-09-20 20:09:32,580 [pool-57-thread-1] INFO  server.RaftServerConfigKeys (ConfUtils.java:logGet(43)) - raft.server.log.statemachine.data.caching.enabled = true (custom)
2019-09-20 20:09:32,580 [pool-27-thread-1] INFO  server.RaftServerConfigKeys (ConfUtils.java:logGet(43)) - raft.server.log.statemachine.data.caching.enabled = true (custom)
2019-09-20 20:09:32,580 [pool-57-thread-1] INFO  segmented.SegmentedRaftLogWorker (SegmentedRaftLogWorker.java:lambda$new$0(132)) - 0751e0f1-7fb3-49fb-a20e-87d31723ec0e@group-E2E3081D82B8-SegmentedRaftLogWorker: flushIndex: setUnconditionally 0 -> -1
2019-09-20 20:09:32,580 [pool-27-thread-1] INFO  segmented.SegmentedRaftLogWorker (SegmentedRaftLogWorker.java:lambda$new$0(132)) - 661caf73-5e1e-47be-b577-b3ebe96959e7@group-E2E3081D82B8-SegmentedRaftLogWorker: flushIndex: setUnconditionally 0 -> -1
2019-09-20 20:09:32,581 [pool-57-thread-1] INFO  server.RaftServerConfigKeys (ConfUtils.java:logGet(43)) - raft.server.snapshot.auto.trigger.enabled = true (custom)
2019-09-20 20:09:32,581 [pool-27-thread-1] INFO  server.RaftServerConfigKeys (ConfUtils.java:logGet(43)) - raft.server.snapshot.auto.trigger.enabled = true (custom)
2019-09-20 20:09:32,581 [pool-57-thread-1] INFO  server.RaftServerConfigKeys (ConfUtils.java:logGet(43)) - raft.server.snapshot.auto.trigger.threshold = 10000 (custom)
2019-09-20 20:09:32,581 [pool-27-thread-1] INFO  server.RaftServerConfigKeys (ConfUtils.java:logGet(43)) - raft.server.snapshot.auto.trigger.threshold = 10000 (custom)
2019-09-20 20:09:32,581 [pool-57-thread-1] INFO  server.RaftServerConfigKeys (ConfUtils.java:logGet(43)) - raft.server.snapshot.retention.num.files = 5 (custom)
2019-09-20 20:09:32,581 [pool-27-thread-1] INFO  server.RaftServerConfigKeys (ConfUtils.java:logGet(43)) - raft.server.snapshot.retention.num.files = 5 (custom)
2019-09-20 20:09:32,582 [pool-57-thread-1] INFO  server.RaftServerConfigKeys (ConfUtils.java:logGet(43)) - raft.server.retrycache.expirytime = 600000ms (custom)
2019-09-20 20:09:32,582 [pool-27-thread-1] INFO  server.RaftServerConfigKeys (ConfUtils.java:logGet(43)) - raft.server.retrycache.expirytime = 600000ms (custom)
2019-09-20 20:09:32,582 [pool-37-thread-1] INFO  impl.RaftServerImpl (RaftServerImpl.java:start(185)) - 85d8bda3-0dc8-4b5c-a8cf-47f1674a54cd@group-E2E3081D82B8: start as a follower, conf=-1: [0751e0f1-7fb3-49fb-a20e-87d31723ec0e:192.168.5.162:46621, 85d8bda3-0dc8-4b5c-a8cf-47f1674a54cd:192.168.5.162:33627, 661caf73-5e1e-47be-b577-b3ebe96959e7:192.168.5.162:33704], old=null
2019-09-20 20:09:32,583 [pool-37-thread-1] INFO  impl.RaftServerImpl (RaftServerImpl.java:setRole(174)) - 85d8bda3-0dc8-4b5c-a8cf-47f1674a54cd@group-E2E3081D82B8: changes role from      null to FOLLOWER at term 0 for startAsFollower
2019-09-20 20:09:32,583 [pool-37-thread-1] INFO  impl.RoleInfo (RoleInfo.java:updateAndGet(143)) - 85d8bda3-0dc8-4b5c-a8cf-47f1674a54cd: start FollowerState
2019-09-20 20:09:32,583 [pool-37-thread-1] INFO  util.JmxRegister (JmxRegister.java:tryRegister(44)) - Successfully registered JMX Bean with object name Ratis:service=RaftServer,group=group-E2E3081D82B8,id=85d8bda3-0dc8-4b5c-a8cf-47f1674a54cd
2019-09-20 20:09:32,594 [pool-27-thread-1] INFO  impl.RaftServerImpl (RaftServerImpl.java:start(185)) - 661caf73-5e1e-47be-b577-b3ebe96959e7@group-E2E3081D82B8: start as a follower, conf=-1: [0751e0f1-7fb3-49fb-a20e-87d31723ec0e:192.168.5.162:46621, 85d8bda3-0dc8-4b5c-a8cf-47f1674a54cd:192.168.5.162:33627, 661caf73-5e1e-47be-b577-b3ebe96959e7:192.168.5.162:33704], old=null
2019-09-20 20:09:32,594 [pool-57-thread-1] INFO  impl.RaftServerImpl (RaftServerImpl.java:start(185)) - 0751e0f1-7fb3-49fb-a20e-87d31723ec0e@group-E2E3081D82B8: start as a follower, conf=-1: [0751e0f1-7fb3-49fb-a20e-87d31723ec0e:192.168.5.162:46621, 85d8bda3-0dc8-4b5c-a8cf-47f1674a54cd:192.168.5.162:33627, 661caf73-5e1e-47be-b577-b3ebe96959e7:192.168.5.162:33704], old=null
2019-09-20 20:09:32,594 [pool-27-thread-1] INFO  impl.RaftServerImpl (RaftServerImpl.java:setRole(174)) - 661caf73-5e1e-47be-b577-b3ebe96959e7@group-E2E3081D82B8: changes role from      null to FOLLOWER at term 0 for startAsFollower
2019-09-20 20:09:32,596 [pool-57-thread-1] INFO  impl.RaftServerImpl (RaftServerImpl.java:setRole(174)) - 0751e0f1-7fb3-49fb-a20e-87d31723ec0e@group-E2E3081D82B8: changes role from      null to FOLLOWER at term 0 for startAsFollower
2019-09-20 20:09:32,596 [pool-27-thread-1] INFO  impl.RoleInfo (RoleInfo.java:updateAndGet(143)) - 661caf73-5e1e-47be-b577-b3ebe96959e7: start FollowerState
2019-09-20 20:09:32,596 [pool-57-thread-1] INFO  impl.RoleInfo (RoleInfo.java:updateAndGet(143)) - 0751e0f1-7fb3-49fb-a20e-87d31723ec0e: start FollowerState
2019-09-20 20:09:32,596 [pool-27-thread-1] INFO  util.JmxRegister (JmxRegister.java:tryRegister(44)) - Successfully registered JMX Bean with object name Ratis:service=RaftServer,group=group-E2E3081D82B8,id=661caf73-5e1e-47be-b577-b3ebe96959e7
2019-09-20 20:09:32,597 [pool-57-thread-1] INFO  util.JmxRegister (JmxRegister.java:tryRegister(44)) - Successfully registered JMX Bean with object name Ratis:service=RaftServer,group=group-E2E3081D82B8,id=0751e0f1-7fb3-49fb-a20e-87d31723ec0e
2019-09-20 20:09:32,617 [RatisPipelineUtilsThread] INFO  pipeline.PipelineStateManager (PipelineStateManager.java:addPipeline(56)) - Created pipeline Pipeline[ Id: c59f03a1-5569-4bf8-96a7-e2e3081d82b8, Nodes: 85d8bda3-0dc8-4b5c-a8cf-47f1674a54cd{ip: 192.168.5.162, host: pr-hdds-2150-7dksv-2379377350, networkLocation: /default-rack, certSerialId: null}0751e0f1-7fb3-49fb-a20e-87d31723ec0e{ip: 192.168.5.162, host: pr-hdds-2150-7dksv-2379377350, networkLocation: /default-rack, certSerialId: null}661caf73-5e1e-47be-b577-b3ebe96959e7{ip: 192.168.5.162, host: pr-hdds-2150-7dksv-2379377350, networkLocation: /default-rack, certSerialId: null}, Type:RATIS, Factor:THREE, State:OPEN]
2019-09-20 20:09:33,011 [main] INFO  rpc.RpcClient (RpcClient.java:createVolume(302)) - Creating Volume: testcontainerstatemachinefailures, with jenkins1000 as owner.
2019-09-20 20:09:33,105 [IPC Server handler 1 on 33500] INFO  volume.OMVolumeCreateRequest (OMVolumeCreateRequest.java:validateAndUpdateCache(189)) - created volume:testcontainerstatemachinefailures for user:jenkins1000
2019-09-20 20:09:33,131 [main] INFO  rpc.RpcClient (RpcClient.java:createBucket(441)) - Creating Bucket: testcontainerstatemachinefailures/testcontainerstatemachinefailures, with Versioning false and Storage Type set to DISK and Encryption set to false 
2019-09-20 20:09:33,565 [EventQueue-StaleNodeForStaleNodeHandler] INFO  node.StaleNodeHandler (StaleNodeHandler.java:onMessage(58)) - Datanode 85d8bda3-0dc8-4b5c-a8cf-47f1674a54cd{ip: 192.168.5.162, host: pr-hdds-2150-7dksv-2379377350, networkLocation: /default-rack, certSerialId: null} moved to stale state. Finalizing its pipelines [PipelineID=0d7ee0e7-67f5-417a-bc33-dd7f99aff912, PipelineID=c59f03a1-5569-4bf8-96a7-e2e3081d82b8]
2019-09-20 20:09:33,569 [EventQueue-StaleNodeForStaleNodeHandler] INFO  pipeline.SCMPipelineManager (SCMPipelineManager.java:finalizeAndDestroyPipeline(311)) - destroying pipeline:Pipeline[ Id: 0d7ee0e7-67f5-417a-bc33-dd7f99aff912, Nodes: 85d8bda3-0dc8-4b5c-a8cf-47f1674a54cd{ip: 192.168.5.162, host: pr-hdds-2150-7dksv-2379377350, networkLocation: /default-rack, certSerialId: null}, Type:RATIS, Factor:ONE, State:OPEN]
2019-09-20 20:09:33,582 [EventQueue-StaleNodeForStaleNodeHandler] INFO  pipeline.PipelineStateManager (PipelineStateManager.java:finalizePipeline(123)) - Pipeline Pipeline[ Id: 0d7ee0e7-67f5-417a-bc33-dd7f99aff912, Nodes: 85d8bda3-0dc8-4b5c-a8cf-47f1674a54cd{ip: 192.168.5.162, host: pr-hdds-2150-7dksv-2379377350, networkLocation: /default-rack, certSerialId: null}, Type:RATIS, Factor:ONE, State:CLOSED] moved to CLOSED state
2019-09-20 20:09:33,585 [EventQueue-StaleNodeForStaleNodeHandler] INFO  pipeline.SCMPipelineManager (SCMPipelineManager.java:finalizeAndDestroyPipeline(311)) - destroying pipeline:Pipeline[ Id: c59f03a1-5569-4bf8-96a7-e2e3081d82b8, Nodes: 85d8bda3-0dc8-4b5c-a8cf-47f1674a54cd{ip: 192.168.5.162, host: pr-hdds-2150-7dksv-2379377350, networkLocation: /default-rack, certSerialId: null}0751e0f1-7fb3-49fb-a20e-87d31723ec0e{ip: 192.168.5.162, host: pr-hdds-2150-7dksv-2379377350, networkLocation: /default-rack, certSerialId: null}661caf73-5e1e-47be-b577-b3ebe96959e7{ip: 192.168.5.162, host: pr-hdds-2150-7dksv-2379377350, networkLocation: /default-rack, certSerialId: null}, Type:RATIS, Factor:THREE, State:OPEN]
2019-09-20 20:09:33,585 [EventQueue-StaleNodeForStaleNodeHandler] INFO  pipeline.PipelineStateManager (PipelineStateManager.java:finalizePipeline(123)) - Pipeline Pipeline[ Id: c59f03a1-5569-4bf8-96a7-e2e3081d82b8, Nodes: 85d8bda3-0dc8-4b5c-a8cf-47f1674a54cd{ip: 192.168.5.162, host: pr-hdds-2150-7dksv-2379377350, networkLocation: /default-rack, certSerialId: null}0751e0f1-7fb3-49fb-a20e-87d31723ec0e{ip: 192.168.5.162, host: pr-hdds-2150-7dksv-2379377350, networkLocation: /default-rack, certSerialId: null}661caf73-5e1e-47be-b577-b3ebe96959e7{ip: 192.168.5.162, host: pr-hdds-2150-7dksv-2379377350, networkLocation: /default-rack, certSerialId: null}, Type:RATIS, Factor:THREE, State:CLOSED] moved to CLOSED state
2019-09-20 20:09:33,586 [EventQueue-StaleNodeForStaleNodeHandler] INFO  node.StaleNodeHandler (StaleNodeHandler.java:onMessage(58)) - Datanode 0751e0f1-7fb3-49fb-a20e-87d31723ec0e{ip: 192.168.5.162, host: pr-hdds-2150-7dksv-2379377350, networkLocation: /default-rack, certSerialId: null} moved to stale state. Finalizing its pipelines [PipelineID=8a537e4b-53dd-4c49-90e5-c3bf012dc609, PipelineID=c59f03a1-5569-4bf8-96a7-e2e3081d82b8]
2019-09-20 20:09:33,586 [EventQueue-CloseContainerForCloseContainerEventHandler] INFO  container.CloseContainerEventHandler (CloseContainerEventHandler.java:onMessage(61)) - Close container Event triggered for container : #1
2019-09-20 20:09:33,588 [EventQueue-StaleNodeForStaleNodeHandler] INFO  pipeline.SCMPipelineManager (SCMPipelineManager.java:finalizeAndDestroyPipeline(311)) - destroying pipeline:Pipeline[ Id: 8a537e4b-53dd-4c49-90e5-c3bf012dc609, Nodes: 0751e0f1-7fb3-49fb-a20e-87d31723ec0e{ip: 192.168.5.162, host: pr-hdds-2150-7dksv-2379377350, networkLocation: /default-rack, certSerialId: null}, Type:RATIS, Factor:ONE, State:OPEN]
2019-09-20 20:09:33,588 [EventQueue-StaleNodeForStaleNodeHandler] INFO  pipeline.PipelineStateManager (PipelineStateManager.java:finalizePipeline(123)) - Pipeline Pipeline[ Id: 8a537e4b-53dd-4c49-90e5-c3bf012dc609, Nodes: 0751e0f1-7fb3-49fb-a20e-87d31723ec0e{ip: 192.168.5.162, host: pr-hdds-2150-7dksv-2379377350, networkLocation: /default-rack, certSerialId: null}, Type:RATIS, Factor:ONE, State:CLOSED] moved to CLOSED state
2019-09-20 20:09:33,588 [EventQueue-StaleNodeForStaleNodeHandler] INFO  pipeline.SCMPipelineManager (SCMPipelineManager.java:finalizeAndDestroyPipeline(311)) - destroying pipeline:Pipeline[ Id: c59f03a1-5569-4bf8-96a7-e2e3081d82b8, Nodes: 85d8bda3-0dc8-4b5c-a8cf-47f1674a54cd{ip: 192.168.5.162, host: pr-hdds-2150-7dksv-2379377350, networkLocation: /default-rack, certSerialId: null}0751e0f1-7fb3-49fb-a20e-87d31723ec0e{ip: 192.168.5.162, host: pr-hdds-2150-7dksv-2379377350, networkLocation: /default-rack, certSerialId: null}661caf73-5e1e-47be-b577-b3ebe96959e7{ip: 192.168.5.162, host: pr-hdds-2150-7dksv-2379377350, networkLocation: /default-rack, certSerialId: null}, Type:RATIS, Factor:THREE, State:CLOSED]
2019-09-20 20:09:33,589 [EventQueue-StaleNodeForStaleNodeHandler] INFO  node.StaleNodeHandler (StaleNodeHandler.java:onMessage(58)) - Datanode 661caf73-5e1e-47be-b577-b3ebe96959e7{ip: 192.168.5.162, host: pr-hdds-2150-7dksv-2379377350, networkLocation: /default-rack, certSerialId: null} moved to stale state. Finalizing its pipelines [PipelineID=b62bb53a-3d60-4b45-bb29-e1c5f947ede3, PipelineID=c59f03a1-5569-4bf8-96a7-e2e3081d82b8]
2019-09-20 20:09:33,589 [EventQueue-StaleNodeForStaleNodeHandler] INFO  pipeline.SCMPipelineManager (SCMPipelineManager.java:finalizeAndDestroyPipeline(311)) - destroying pipeline:Pipeline[ Id: b62bb53a-3d60-4b45-bb29-e1c5f947ede3, Nodes: 661caf73-5e1e-47be-b577-b3ebe96959e7{ip: 192.168.5.162, host: pr-hdds-2150-7dksv-2379377350, networkLocation: /default-rack, certSerialId: null}, Type:RATIS, Factor:ONE, State:OPEN]
2019-09-20 20:09:33,589 [EventQueue-StaleNodeForStaleNodeHandler] INFO  pipeline.PipelineStateManager (PipelineStateManager.java:finalizePipeline(123)) - Pipeline Pipeline[ Id: b62bb53a-3d60-4b45-bb29-e1c5f947ede3, Nodes: 661caf73-5e1e-47be-b577-b3ebe96959e7{ip: 192.168.5.162, host: pr-hdds-2150-7dksv-2379377350, networkLocation: /default-rack, certSerialId: null}, Type:RATIS, Factor:ONE, State:CLOSED] moved to CLOSED state
2019-09-20 20:09:33,589 [EventQueue-StaleNodeForStaleNodeHandler] INFO  pipeline.SCMPipelineManager (SCMPipelineManager.java:finalizeAndDestroyPipeline(311)) - destroying pipeline:Pipeline[ Id: c59f03a1-5569-4bf8-96a7-e2e3081d82b8, Nodes: 85d8bda3-0dc8-4b5c-a8cf-47f1674a54cd{ip: 192.168.5.162, host: pr-hdds-2150-7dksv-2379377350, networkLocation: /default-rack, certSerialId: null}0751e0f1-7fb3-49fb-a20e-87d31723ec0e{ip: 192.168.5.162, host: pr-hdds-2150-7dksv-2379377350, networkLocation: /default-rack, certSerialId: null}661caf73-5e1e-47be-b577-b3ebe96959e7{ip: 192.168.5.162, host: pr-hdds-2150-7dksv-2379377350, networkLocation: /default-rack, certSerialId: null}, Type:RATIS, Factor:THREE, State:CLOSED]
2019-09-20 20:09:33,590 [EventQueue-StaleNodeForStaleNodeHandler] INFO  node.StaleNodeHandler (StaleNodeHandler.java:onMessage(58)) - Datanode cdbdd05e-9d39-4d5a-9905-4d1ed8c5fc71{ip: 192.168.5.162, host: pr-hdds-2150-7dksv-2379377350, networkLocation: /default-rack, certSerialId: null} moved to stale state. Finalizing its pipelines [PipelineID=8cd01001-3940-4888-ad57-8ce0b8d5c0ff]
2019-09-20 20:09:33,591 [EventQueue-StaleNodeForStaleNodeHandler] INFO  pipeline.SCMPipelineManager (SCMPipelineManager.java:finalizeAndDestroyPipeline(311)) - destroying pipeline:Pipeline[ Id: 8cd01001-3940-4888-ad57-8ce0b8d5c0ff, Nodes: cdbdd05e-9d39-4d5a-9905-4d1ed8c5fc71{ip: 192.168.5.162, host: pr-hdds-2150-7dksv-2379377350, networkLocation: /default-rack, certSerialId: null}, Type:RATIS, Factor:ONE, State:OPEN]
2019-09-20 20:09:33,596 [EventQueue-StaleNodeForStaleNodeHandler] INFO  pipeline.PipelineStateManager (PipelineStateManager.java:finalizePipeline(123)) - Pipeline Pipeline[ Id: 8cd01001-3940-4888-ad57-8ce0b8d5c0ff, Nodes: cdbdd05e-9d39-4d5a-9905-4d1ed8c5fc71{ip: 192.168.5.162, host: pr-hdds-2150-7dksv-2379377350, networkLocation: /default-rack, certSerialId: null}, Type:RATIS, Factor:ONE, State:CLOSED] moved to CLOSED state
2019-09-20 20:09:33,646 [main] INFO  impl.MetricsSystemImpl (MetricsSystemImpl.java:init(158)) - XceiverClientMetrics metrics system started (again)
2019-09-20 20:09:33,678 [grpc-default-executor-1] INFO  impl.RaftServerProxy (RaftServerProxy.java:addNew(89)) - 85d8bda3-0dc8-4b5c-a8cf-47f1674a54cd: addNew group-1A020AA39B83:[85d8bda3-0dc8-4b5c-a8cf-47f1674a54cd:192.168.5.162:33627] returns group-1A020AA39B83:java.util.concurrent.CompletableFuture@66b1b15c[Not completed]
2019-09-20 20:09:33,681 [pool-37-thread-1] INFO  impl.RaftServerImpl (RaftServerImpl.java:<init>(95)) - 85d8bda3-0dc8-4b5c-a8cf-47f1674a54cd: new RaftServerImpl for group-1A020AA39B83:[85d8bda3-0dc8-4b5c-a8cf-47f1674a54cd:192.168.5.162:33627] with ContainerStateMachine:uninitialized
2019-09-20 20:09:33,681 [pool-37-thread-1] INFO  server.RaftServerConfigKeys (ConfUtils.java:logGet(43)) - raft.server.rpc.timeout.min = 5s (custom)
2019-09-20 20:09:33,682 [pool-37-thread-1] INFO  server.RaftServerConfigKeys (ConfUtils.java:logGet(43)) - raft.server.rpc.timeout.max = 5200ms (custom)
2019-09-20 20:09:33,682 [pool-37-thread-1] INFO  server.RaftServerConfigKeys (ConfUtils.java:logGet(43)) - raft.server.rpcslowness.timeout = 1000s (custom)
2019-09-20 20:09:33,682 [pool-37-thread-1] INFO  server.RaftServerConfigKeys (ConfUtils.java:logGet(43)) - raft.server.sleep.deviation.threshold = 300 (default)
2019-09-20 20:09:33,682 [pool-37-thread-1] INFO  server.RaftServerConfigKeys (ConfUtils.java:logGet(43)) - raft.server.log.appender.install.snapshot.enabled = false (custom)
2019-09-20 20:09:33,682 [pool-37-thread-1] INFO  impl.RaftServerImpl (ServerState.java:<init>(103)) - 85d8bda3-0dc8-4b5c-a8cf-47f1674a54cd@group-1A020AA39B83: ConfigurationManager, init=-1: [85d8bda3-0dc8-4b5c-a8cf-47f1674a54cd:192.168.5.162:33627], old=null, confs=<EMPTY_MAP>
2019-09-20 20:09:33,683 [pool-37-thread-1] INFO  server.RaftServerConfigKeys (ConfUtils.java:logGet(43)) - raft.server.storage.dir = [/workdir/hadoop-ozone/integration-test/target/test-dir/MiniOzoneClusterImpl-c37fe8cd-1444-4a91-8998-fe63ed8d38bf/datanode-1/data/ratis] (custom)
2019-09-20 20:09:33,683 [pool-37-thread-1] INFO  storage.RaftStorageDirectory (RaftStorageDirectory.java:analyzeStorage(246)) - The storage directory /workdir/hadoop-ozone/integration-test/target/test-dir/MiniOzoneClusterImpl-c37fe8cd-1444-4a91-8998-fe63ed8d38bf/datanode-1/data/ratis/7e01ff9a-4617-4721-9902-1a020aa39b83 does not exist. Creating ...
2019-09-20 20:09:33,697 [pool-37-thread-1] INFO  storage.RaftStorageDirectory (RaftStorageDirectory.java:tryLock(328)) - Lock on /workdir/hadoop-ozone/integration-test/target/test-dir/MiniOzoneClusterImpl-c37fe8cd-1444-4a91-8998-fe63ed8d38bf/datanode-1/data/ratis/7e01ff9a-4617-4721-9902-1a020aa39b83/in_use.lock acquired by nodename 30841@pr-hdds-2150-7dksv-2379377350
2019-09-20 20:09:33,732 [pool-37-thread-1] INFO  storage.RaftStorage (RaftStorage.java:format(72)) - Storage directory /workdir/hadoop-ozone/integration-test/target/test-dir/MiniOzoneClusterImpl-c37fe8cd-1444-4a91-8998-fe63ed8d38bf/datanode-1/data/ratis/7e01ff9a-4617-4721-9902-1a020aa39b83 has been successfully formatted.
2019-09-20 20:09:33,732 [pool-37-thread-1] INFO  ratis.ContainerStateMachine (ContainerStateMachine.java:loadSnapshot(230)) - group-1A020AA39B83: The snapshot info is null. Setting the last applied indexto:(t:0, i:~)
2019-09-20 20:09:33,733 [pool-37-thread-1] INFO  server.RaftServerConfigKeys (ConfUtils.java:logGet(43)) - raft.server.notification.no-leader.timeout = 1000s (custom)
2019-09-20 20:09:33,733 [pool-37-thread-1] INFO  server.RaftServerConfigKeys (ConfUtils.java:logGet(43)) - raft.server.log.use.memory = false (default)
2019-09-20 20:09:33,733 [pool-37-thread-1] INFO  server.RaftServerConfigKeys (ConfUtils.java:logGet(43)) - raft.server.log.purge.gap = 1000000 (custom)
2019-09-20 20:09:33,733 [pool-37-thread-1] INFO  server.RaftServerConfigKeys (ConfUtils.java:logGet(43)) - raft.server.log.appender.buffer.byte-limit = 33554432 (custom)
2019-09-20 20:09:33,733 [pool-37-thread-1] INFO  server.RaftServerConfigKeys (ConfUtils.java:logGet(43)) - raft.server.log.segment.size.max = 1048576 (custom)
2019-09-20 20:09:33,733 [pool-37-thread-1] INFO  server.RaftServerConfigKeys (ConfUtils.java:logGet(43)) - raft.server.log.segment.cache.num.max = 2 (custom)
2019-09-20 20:09:33,734 [pool-37-thread-1] INFO  segmented.SegmentedRaftLogWorker (SegmentedRaftLogWorker.java:<init>(172)) - new 85d8bda3-0dc8-4b5c-a8cf-47f1674a54cd@group-1A020AA39B83-SegmentedRaftLogWorker for RaftStorage:Storage Directory /workdir/hadoop-ozone/integration-test/target/test-dir/MiniOzoneClusterImpl-c37fe8cd-1444-4a91-8998-fe63ed8d38bf/datanode-1/data/ratis/7e01ff9a-4617-4721-9902-1a020aa39b83
2019-09-20 20:09:33,734 [pool-37-thread-1] INFO  server.RaftServerConfigKeys (ConfUtils.java:logGet(43)) - raft.server.log.queue.byte-limit = 2147483647 (custom)
2019-09-20 20:09:33,734 [pool-37-thread-1] INFO  server.RaftServerConfigKeys (ConfUtils.java:logGet(43)) - raft.server.log.queue.element-limit = 1024 (custom)
2019-09-20 20:09:33,734 [pool-37-thread-1] INFO  server.RaftServerConfigKeys (ConfUtils.java:logGet(43)) - raft.server.log.segment.size.max = 1048576 (custom)
2019-09-20 20:09:33,734 [pool-37-thread-1] INFO  server.RaftServerConfigKeys (ConfUtils.java:logGet(43)) - raft.server.log.preallocated.size = 16384 (custom)
2019-09-20 20:09:33,734 [pool-37-thread-1] INFO  server.RaftServerConfigKeys (ConfUtils.java:logGet(43)) - raft.server.log.write.buffer.size = 33554432 (custom)
2019-09-20 20:09:33,735 [pool-37-thread-1] INFO  server.RaftServerConfigKeys (ConfUtils.java:logGet(43)) - raft.server.log.force.sync.num = 128 (default)
2019-09-20 20:09:33,735 [pool-37-thread-1] INFO  server.RaftServerConfigKeys (ConfUtils.java:logGet(43)) - raft.server.log.statemachine.data.sync = true (default)
2019-09-20 20:09:33,736 [pool-37-thread-1] INFO  server.RaftServerConfigKeys (ConfUtils.java:logGet(43)) - raft.server.log.statemachine.data.sync.timeout = 10s (default)
2019-09-20 20:09:33,736 [pool-37-thread-1] INFO  server.RaftServerConfigKeys (ConfUtils.java:logGet(43)) - raft.server.log.statemachine.data.sync.timeout.retry = -1 (default)
2019-09-20 20:09:33,736 [pool-37-thread-1] INFO  server.RaftServerConfigKeys (ConfUtils.java:logGet(43)) - raft.server.log.statemachine.data.caching.enabled = true (custom)
2019-09-20 20:09:33,736 [pool-37-thread-1] INFO  segmented.SegmentedRaftLogWorker (SegmentedRaftLogWorker.java:lambda$new$0(132)) - 85d8bda3-0dc8-4b5c-a8cf-47f1674a54cd@group-1A020AA39B83-SegmentedRaftLogWorker: flushIndex: setUnconditionally 0 -> -1
2019-09-20 20:09:33,737 [pool-37-thread-1] INFO  server.RaftServerConfigKeys (ConfUtils.java:logGet(43)) - raft.server.snapshot.auto.trigger.enabled = true (custom)
2019-09-20 20:09:33,737 [pool-37-thread-1] INFO  server.RaftServerConfigKeys (ConfUtils.java:logGet(43)) - raft.server.snapshot.auto.trigger.threshold = 10000 (custom)
2019-09-20 20:09:33,737 [pool-37-thread-1] INFO  server.RaftServerConfigKeys (ConfUtils.java:logGet(43)) - raft.server.snapshot.retention.num.files = 5 (custom)
2019-09-20 20:09:33,737 [pool-37-thread-1] INFO  server.RaftServerConfigKeys (ConfUtils.java:logGet(43)) - raft.server.retrycache.expirytime = 600000ms (custom)
2019-09-20 20:09:33,741 [pool-37-thread-1] INFO  impl.RaftServerImpl (RaftServerImpl.java:start(185)) - 85d8bda3-0dc8-4b5c-a8cf-47f1674a54cd@group-1A020AA39B83: start as a follower, conf=-1: [85d8bda3-0dc8-4b5c-a8cf-47f1674a54cd:192.168.5.162:33627], old=null
2019-09-20 20:09:33,741 [pool-37-thread-1] INFO  impl.RaftServerImpl (RaftServerImpl.java:setRole(174)) - 85d8bda3-0dc8-4b5c-a8cf-47f1674a54cd@group-1A020AA39B83: changes role from      null to FOLLOWER at term 0 for startAsFollower
2019-09-20 20:09:33,741 [pool-37-thread-1] INFO  impl.RoleInfo (RoleInfo.java:updateAndGet(143)) - 85d8bda3-0dc8-4b5c-a8cf-47f1674a54cd: start FollowerState
2019-09-20 20:09:33,742 [pool-37-thread-1] INFO  util.JmxRegister (JmxRegister.java:tryRegister(44)) - Successfully registered JMX Bean with object name Ratis:service=RaftServer,group=group-1A020AA39B83,id=85d8bda3-0dc8-4b5c-a8cf-47f1674a54cd
2019-09-20 20:09:33,747 [grpc-default-executor-1] INFO  client.GrpcClientProtocolClient (GrpcClientProtocolClient.java:onNext(264)) - client-E17A2EA9AAF6->85d8bda3-0dc8-4b5c-a8cf-47f1674a54cd: receive RaftClientReply:client-E17A2EA9AAF6->85d8bda3-0dc8-4b5c-a8cf-47f1674a54cd@group-E2E3081D82B8, cid=8, FAILED org.apache.ratis.protocol.NotLeaderException: Server 85d8bda3-0dc8-4b5c-a8cf-47f1674a54cd@group-E2E3081D82B8 is not the leader, logIndex=0, commits[85d8bda3-0dc8-4b5c-a8cf-47f1674a54cd:c-1]
2019-09-20 20:09:33,755 [RatisPipelineUtilsThread] INFO  pipeline.PipelineStateManager (PipelineStateManager.java:addPipeline(56)) - Created pipeline Pipeline[ Id: 7e01ff9a-4617-4721-9902-1a020aa39b83, Nodes: 85d8bda3-0dc8-4b5c-a8cf-47f1674a54cd{ip: 192.168.5.162, host: pr-hdds-2150-7dksv-2379377350, networkLocation: /default-rack, certSerialId: null}, Type:RATIS, Factor:ONE, State:OPEN]
2019-09-20 20:09:33,778 [grpc-default-executor-0] INFO  impl.RaftServerProxy (RaftServerProxy.java:addNew(89)) - 0751e0f1-7fb3-49fb-a20e-87d31723ec0e: addNew group-7601F39E8D9B:[0751e0f1-7fb3-49fb-a20e-87d31723ec0e:192.168.5.162:46621] returns group-7601F39E8D9B:java.util.concurrent.CompletableFuture@60a1cc07[Not completed]
2019-09-20 20:09:33,780 [pool-57-thread-1] INFO  impl.RaftServerImpl (RaftServerImpl.java:<init>(95)) - 0751e0f1-7fb3-49fb-a20e-87d31723ec0e: new RaftServerImpl for group-7601F39E8D9B:[0751e0f1-7fb3-49fb-a20e-87d31723ec0e:192.168.5.162:46621] with ContainerStateMachine:uninitialized
2019-09-20 20:09:33,780 [pool-57-thread-1] INFO  server.RaftServerConfigKeys (ConfUtils.java:logGet(43)) - raft.server.rpc.timeout.min = 5s (custom)
2019-09-20 20:09:33,781 [pool-57-thread-1] INFO  server.RaftServerConfigKeys (ConfUtils.java:logGet(43)) - raft.server.rpc.timeout.max = 5200ms (custom)
2019-09-20 20:09:33,781 [pool-57-thread-1] INFO  server.RaftServerConfigKeys (ConfUtils.java:logGet(43)) - raft.server.rpcslowness.timeout = 1000s (custom)
2019-09-20 20:09:33,781 [pool-57-thread-1] INFO  server.RaftServerConfigKeys (ConfUtils.java:logGet(43)) - raft.server.sleep.deviation.threshold = 300 (default)
2019-09-20 20:09:33,781 [pool-57-thread-1] INFO  server.RaftServerConfigKeys (ConfUtils.java:logGet(43)) - raft.server.log.appender.install.snapshot.enabled = false (custom)
2019-09-20 20:09:33,781 [pool-57-thread-1] INFO  impl.RaftServerImpl (ServerState.java:<init>(103)) - 0751e0f1-7fb3-49fb-a20e-87d31723ec0e@group-7601F39E8D9B: ConfigurationManager, init=-1: [0751e0f1-7fb3-49fb-a20e-87d31723ec0e:192.168.5.162:46621], old=null, confs=<EMPTY_MAP>
2019-09-20 20:09:33,782 [pool-57-thread-1] INFO  server.RaftServerConfigKeys (ConfUtils.java:logGet(43)) - raft.server.storage.dir = [/workdir/hadoop-ozone/integration-test/target/test-dir/MiniOzoneClusterImpl-c37fe8cd-1444-4a91-8998-fe63ed8d38bf/datanode-3/data/ratis] (custom)
2019-09-20 20:09:33,782 [pool-57-thread-1] INFO  storage.RaftStorageDirectory (RaftStorageDirectory.java:analyzeStorage(246)) - The storage directory /workdir/hadoop-ozone/integration-test/target/test-dir/MiniOzoneClusterImpl-c37fe8cd-1444-4a91-8998-fe63ed8d38bf/datanode-3/data/ratis/a3ab8be8-93b5-48b1-a281-7601f39e8d9b does not exist. Creating ...
2019-09-20 20:09:33,799 [pool-57-thread-1] INFO  storage.RaftStorageDirectory (RaftStorageDirectory.java:tryLock(328)) - Lock on /workdir/hadoop-ozone/integration-test/target/test-dir/MiniOzoneClusterImpl-c37fe8cd-1444-4a91-8998-fe63ed8d38bf/datanode-3/data/ratis/a3ab8be8-93b5-48b1-a281-7601f39e8d9b/in_use.lock acquired by nodename 30841@pr-hdds-2150-7dksv-2379377350
2019-09-20 20:09:33,826 [pool-57-thread-1] INFO  storage.RaftStorage (RaftStorage.java:format(72)) - Storage directory /workdir/hadoop-ozone/integration-test/target/test-dir/MiniOzoneClusterImpl-c37fe8cd-1444-4a91-8998-fe63ed8d38bf/datanode-3/data/ratis/a3ab8be8-93b5-48b1-a281-7601f39e8d9b has been successfully formatted.
2019-09-20 20:09:33,827 [pool-57-thread-1] INFO  ratis.ContainerStateMachine (ContainerStateMachine.java:loadSnapshot(230)) - group-7601F39E8D9B: The snapshot info is null. Setting the last applied indexto:(t:0, i:~)
2019-09-20 20:09:33,827 [pool-57-thread-1] INFO  server.RaftServerConfigKeys (ConfUtils.java:logGet(43)) - raft.server.notification.no-leader.timeout = 1000s (custom)
2019-09-20 20:09:33,827 [pool-57-thread-1] INFO  server.RaftServerConfigKeys (ConfUtils.java:logGet(43)) - raft.server.log.use.memory = false (default)
2019-09-20 20:09:33,828 [pool-57-thread-1] INFO  server.RaftServerConfigKeys (ConfUtils.java:logGet(43)) - raft.server.log.purge.gap = 1000000 (custom)
2019-09-20 20:09:33,828 [pool-57-thread-1] INFO  server.RaftServerConfigKeys (ConfUtils.java:logGet(43)) - raft.server.log.appender.buffer.byte-limit = 33554432 (custom)
2019-09-20 20:09:33,828 [pool-57-thread-1] INFO  server.RaftServerConfigKeys (ConfUtils.java:logGet(43)) - raft.server.log.segment.size.max = 1048576 (custom)
2019-09-20 20:09:33,828 [pool-57-thread-1] INFO  server.RaftServerConfigKeys (ConfUtils.java:logGet(43)) - raft.server.log.segment.cache.num.max = 2 (custom)
2019-09-20 20:09:33,828 [pool-57-thread-1] INFO  segmented.SegmentedRaftLogWorker (SegmentedRaftLogWorker.java:<init>(172)) - new 0751e0f1-7fb3-49fb-a20e-87d31723ec0e@group-7601F39E8D9B-SegmentedRaftLogWorker for RaftStorage:Storage Directory /workdir/hadoop-ozone/integration-test/target/test-dir/MiniOzoneClusterImpl-c37fe8cd-1444-4a91-8998-fe63ed8d38bf/datanode-3/data/ratis/a3ab8be8-93b5-48b1-a281-7601f39e8d9b
2019-09-20 20:09:33,829 [pool-57-thread-1] INFO  server.RaftServerConfigKeys (ConfUtils.java:logGet(43)) - raft.server.log.queue.byte-limit = 2147483647 (custom)
2019-09-20 20:09:33,829 [pool-57-thread-1] INFO  server.RaftServerConfigKeys (ConfUtils.java:logGet(43)) - raft.server.log.queue.element-limit = 1024 (custom)
2019-09-20 20:09:33,829 [pool-57-thread-1] INFO  server.RaftServerConfigKeys (ConfUtils.java:logGet(43)) - raft.server.log.segment.size.max = 1048576 (custom)
2019-09-20 20:09:33,829 [pool-57-thread-1] INFO  server.RaftServerConfigKeys (ConfUtils.java:logGet(43)) - raft.server.log.preallocated.size = 16384 (custom)
2019-09-20 20:09:33,829 [pool-57-thread-1] INFO  server.RaftServerConfigKeys (ConfUtils.java:logGet(43)) - raft.server.log.write.buffer.size = 33554432 (custom)
2019-09-20 20:09:33,830 [pool-57-thread-1] INFO  server.RaftServerConfigKeys (ConfUtils.java:logGet(43)) - raft.server.log.force.sync.num = 128 (default)
2019-09-20 20:09:33,830 [pool-57-thread-1] INFO  server.RaftServerConfigKeys (ConfUtils.java:logGet(43)) - raft.server.log.statemachine.data.sync = true (default)
2019-09-20 20:09:33,830 [pool-57-thread-1] INFO  server.RaftServerConfigKeys (ConfUtils.java:logGet(43)) - raft.server.log.statemachine.data.sync.timeout = 10s (default)
2019-09-20 20:09:33,830 [pool-57-thread-1] INFO  server.RaftServerConfigKeys (ConfUtils.java:logGet(43)) - raft.server.log.statemachine.data.sync.timeout.retry = -1 (default)
2019-09-20 20:09:33,831 [pool-57-thread-1] INFO  server.RaftServerConfigKeys (ConfUtils.java:logGet(43)) - raft.server.log.statemachine.data.caching.enabled = true (custom)
2019-09-20 20:09:33,831 [pool-57-thread-1] INFO  segmented.SegmentedRaftLogWorker (SegmentedRaftLogWorker.java:lambda$new$0(132)) - 0751e0f1-7fb3-49fb-a20e-87d31723ec0e@group-7601F39E8D9B-SegmentedRaftLogWorker: flushIndex: setUnconditionally 0 -> -1
2019-09-20 20:09:33,832 [pool-57-thread-1] INFO  server.RaftServerConfigKeys (ConfUtils.java:logGet(43)) - raft.server.snapshot.auto.trigger.enabled = true (custom)
2019-09-20 20:09:33,832 [pool-57-thread-1] INFO  server.RaftServerConfigKeys (ConfUtils.java:logGet(43)) - raft.server.snapshot.auto.trigger.threshold = 10000 (custom)
2019-09-20 20:09:33,832 [pool-57-thread-1] INFO  server.RaftServerConfigKeys (ConfUtils.java:logGet(43)) - raft.server.snapshot.retention.num.files = 5 (custom)
2019-09-20 20:09:33,832 [pool-57-thread-1] INFO  server.RaftServerConfigKeys (ConfUtils.java:logGet(43)) - raft.server.retrycache.expirytime = 600000ms (custom)
2019-09-20 20:09:33,970 [pool-57-thread-1] INFO  impl.RaftServerImpl (RaftServerImpl.java:start(185)) - 0751e0f1-7fb3-49fb-a20e-87d31723ec0e@group-7601F39E8D9B: start as a follower, conf=-1: [0751e0f1-7fb3-49fb-a20e-87d31723ec0e:192.168.5.162:46621], old=null
2019-09-20 20:09:33,970 [pool-57-thread-1] INFO  impl.RaftServerImpl (RaftServerImpl.java:setRole(174)) - 0751e0f1-7fb3-49fb-a20e-87d31723ec0e@group-7601F39E8D9B: changes role from      null to FOLLOWER at term 0 for startAsFollower
2019-09-20 20:09:33,970 [pool-57-thread-1] INFO  impl.RoleInfo (RoleInfo.java:updateAndGet(143)) - 0751e0f1-7fb3-49fb-a20e-87d31723ec0e: start FollowerState
2019-09-20 20:09:33,971 [pool-57-thread-1] INFO  util.JmxRegister (JmxRegister.java:tryRegister(44)) - Successfully registered JMX Bean with object name Ratis:service=RaftServer,group=group-7601F39E8D9B,id=0751e0f1-7fb3-49fb-a20e-87d31723ec0e
2019-09-20 20:09:33,980 [RatisPipelineUtilsThread] INFO  pipeline.PipelineStateManager (PipelineStateManager.java:addPipeline(56)) - Created pipeline Pipeline[ Id: a3ab8be8-93b5-48b1-a281-7601f39e8d9b, Nodes: 0751e0f1-7fb3-49fb-a20e-87d31723ec0e{ip: 192.168.5.162, host: pr-hdds-2150-7dksv-2379377350, networkLocation: /default-rack, certSerialId: null}, Type:RATIS, Factor:ONE, State:OPEN]
2019-09-20 20:09:33,994 [grpc-default-executor-0] INFO  impl.RaftServerProxy (RaftServerProxy.java:addNew(89)) - 661caf73-5e1e-47be-b577-b3ebe96959e7: addNew group-2ACFE1647D19:[661caf73-5e1e-47be-b577-b3ebe96959e7:192.168.5.162:33704] returns group-2ACFE1647D19:java.util.concurrent.CompletableFuture@40c9446[Not completed]
2019-09-20 20:09:33,995 [pool-27-thread-1] INFO  impl.RaftServerImpl (RaftServerImpl.java:<init>(95)) - 661caf73-5e1e-47be-b577-b3ebe96959e7: new RaftServerImpl for group-2ACFE1647D19:[661caf73-5e1e-47be-b577-b3ebe96959e7:192.168.5.162:33704] with ContainerStateMachine:uninitialized
2019-09-20 20:09:33,996 [pool-27-thread-1] INFO  server.RaftServerConfigKeys (ConfUtils.java:logGet(43)) - raft.server.rpc.timeout.min = 5s (custom)
2019-09-20 20:09:33,996 [pool-27-thread-1] INFO  server.RaftServerConfigKeys (ConfUtils.java:logGet(43)) - raft.server.rpc.timeout.max = 5200ms (custom)
2019-09-20 20:09:33,996 [pool-27-thread-1] INFO  server.RaftServerConfigKeys (ConfUtils.java:logGet(43)) - raft.server.rpcslowness.timeout = 1000s (custom)
2019-09-20 20:09:33,996 [pool-27-thread-1] INFO  server.RaftServerConfigKeys (ConfUtils.java:logGet(43)) - raft.server.sleep.deviation.threshold = 300 (default)
2019-09-20 20:09:33,996 [pool-27-thread-1] INFO  server.RaftServerConfigKeys (ConfUtils.java:logGet(43)) - raft.server.log.appender.install.snapshot.enabled = false (custom)
2019-09-20 20:09:33,996 [pool-27-thread-1] INFO  impl.RaftServerImpl (ServerState.java:<init>(103)) - 661caf73-5e1e-47be-b577-b3ebe96959e7@group-2ACFE1647D19: ConfigurationManager, init=-1: [661caf73-5e1e-47be-b577-b3ebe96959e7:192.168.5.162:33704], old=null, confs=<EMPTY_MAP>
2019-09-20 20:09:33,997 [pool-27-thread-1] INFO  server.RaftServerConfigKeys (ConfUtils.java:logGet(43)) - raft.server.storage.dir = [/workdir/hadoop-ozone/integration-test/target/test-dir/MiniOzoneClusterImpl-c37fe8cd-1444-4a91-8998-fe63ed8d38bf/datanode-0/data/ratis] (custom)
2019-09-20 20:09:33,997 [pool-27-thread-1] INFO  storage.RaftStorageDirectory (RaftStorageDirectory.java:analyzeStorage(246)) - The storage directory /workdir/hadoop-ozone/integration-test/target/test-dir/MiniOzoneClusterImpl-c37fe8cd-1444-4a91-8998-fe63ed8d38bf/datanode-0/data/ratis/e7c0896b-e4e9-4988-8583-2acfe1647d19 does not exist. Creating ...
2019-09-20 20:09:34,034 [pool-27-thread-1] INFO  storage.RaftStorageDirectory (RaftStorageDirectory.java:tryLock(328)) - Lock on /workdir/hadoop-ozone/integration-test/target/test-dir/MiniOzoneClusterImpl-c37fe8cd-1444-4a91-8998-fe63ed8d38bf/datanode-0/data/ratis/e7c0896b-e4e9-4988-8583-2acfe1647d19/in_use.lock acquired by nodename 30841@pr-hdds-2150-7dksv-2379377350
2019-09-20 20:09:34,051 [pool-27-thread-1] INFO  storage.RaftStorage (RaftStorage.java:format(72)) - Storage directory /workdir/hadoop-ozone/integration-test/target/test-dir/MiniOzoneClusterImpl-c37fe8cd-1444-4a91-8998-fe63ed8d38bf/datanode-0/data/ratis/e7c0896b-e4e9-4988-8583-2acfe1647d19 has been successfully formatted.
2019-09-20 20:09:34,051 [pool-27-thread-1] INFO  ratis.ContainerStateMachine (ContainerStateMachine.java:loadSnapshot(230)) - group-2ACFE1647D19: The snapshot info is null. Setting the last applied indexto:(t:0, i:~)
2019-09-20 20:09:34,051 [pool-27-thread-1] INFO  server.RaftServerConfigKeys (ConfUtils.java:logGet(43)) - raft.server.notification.no-leader.timeout = 1000s (custom)
2019-09-20 20:09:34,052 [pool-27-thread-1] INFO  server.RaftServerConfigKeys (ConfUtils.java:logGet(43)) - raft.server.log.use.memory = false (default)
2019-09-20 20:09:34,052 [pool-27-thread-1] INFO  server.RaftServerConfigKeys (ConfUtils.java:logGet(43)) - raft.server.log.purge.gap = 1000000 (custom)
2019-09-20 20:09:34,052 [pool-27-thread-1] INFO  server.RaftServerConfigKeys (ConfUtils.java:logGet(43)) - raft.server.log.appender.buffer.byte-limit = 33554432 (custom)
2019-09-20 20:09:34,052 [pool-27-thread-1] INFO  server.RaftServerConfigKeys (ConfUtils.java:logGet(43)) - raft.server.log.segment.size.max = 1048576 (custom)
2019-09-20 20:09:34,052 [pool-27-thread-1] INFO  server.RaftServerConfigKeys (ConfUtils.java:logGet(43)) - raft.server.log.segment.cache.num.max = 2 (custom)
2019-09-20 20:09:34,052 [pool-27-thread-1] INFO  segmented.SegmentedRaftLogWorker (SegmentedRaftLogWorker.java:<init>(172)) - new 661caf73-5e1e-47be-b577-b3ebe96959e7@group-2ACFE1647D19-SegmentedRaftLogWorker for RaftStorage:Storage Directory /workdir/hadoop-ozone/integration-test/target/test-dir/MiniOzoneClusterImpl-c37fe8cd-1444-4a91-8998-fe63ed8d38bf/datanode-0/data/ratis/e7c0896b-e4e9-4988-8583-2acfe1647d19
2019-09-20 20:09:34,052 [pool-27-thread-1] INFO  server.RaftServerConfigKeys (ConfUtils.java:logGet(43)) - raft.server.log.queue.byte-limit = 2147483647 (custom)
2019-09-20 20:09:34,053 [pool-27-thread-1] INFO  server.RaftServerConfigKeys (ConfUtils.java:logGet(43)) - raft.server.log.queue.element-limit = 1024 (custom)
2019-09-20 20:09:34,053 [pool-27-thread-1] INFO  server.RaftServerConfigKeys (ConfUtils.java:logGet(43)) - raft.server.log.segment.size.max = 1048576 (custom)
2019-09-20 20:09:34,053 [pool-27-thread-1] INFO  server.RaftServerConfigKeys (ConfUtils.java:logGet(43)) - raft.server.log.preallocated.size = 16384 (custom)
2019-09-20 20:09:34,053 [pool-27-thread-1] INFO  server.RaftServerConfigKeys (ConfUtils.java:logGet(43)) - raft.server.log.write.buffer.size = 33554432 (custom)
2019-09-20 20:09:34,053 [pool-27-thread-1] INFO  server.RaftServerConfigKeys (ConfUtils.java:logGet(43)) - raft.server.log.force.sync.num = 128 (default)
2019-09-20 20:09:34,053 [pool-27-thread-1] INFO  server.RaftServerConfigKeys (ConfUtils.java:logGet(43)) - raft.server.log.statemachine.data.sync = true (default)
2019-09-20 20:09:34,053 [pool-27-thread-1] INFO  server.RaftServerConfigKeys (ConfUtils.java:logGet(43)) - raft.server.log.statemachine.data.sync.timeout = 10s (default)
2019-09-20 20:09:34,053 [pool-27-thread-1] INFO  server.RaftServerConfigKeys (ConfUtils.java:logGet(43)) - raft.server.log.statemachine.data.sync.timeout.retry = -1 (default)
2019-09-20 20:09:34,054 [pool-27-thread-1] INFO  server.RaftServerConfigKeys (ConfUtils.java:logGet(43)) - raft.server.log.statemachine.data.caching.enabled = true (custom)
2019-09-20 20:09:34,054 [pool-27-thread-1] INFO  segmented.SegmentedRaftLogWorker (SegmentedRaftLogWorker.java:lambda$new$0(132)) - 661caf73-5e1e-47be-b577-b3ebe96959e7@group-2ACFE1647D19-SegmentedRaftLogWorker: flushIndex: setUnconditionally 0 -> -1
2019-09-20 20:09:34,054 [pool-27-thread-1] INFO  server.RaftServerConfigKeys (ConfUtils.java:logGet(43)) - raft.server.snapshot.auto.trigger.enabled = true (custom)
2019-09-20 20:09:34,054 [pool-27-thread-1] INFO  server.RaftServerConfigKeys (ConfUtils.java:logGet(43)) - raft.server.snapshot.auto.trigger.threshold = 10000 (custom)
2019-09-20 20:09:34,055 [pool-27-thread-1] INFO  server.RaftServerConfigKeys (ConfUtils.java:logGet(43)) - raft.server.snapshot.retention.num.files = 5 (custom)
2019-09-20 20:09:34,055 [pool-27-thread-1] INFO  server.RaftServerConfigKeys (ConfUtils.java:logGet(43)) - raft.server.retrycache.expirytime = 600000ms (custom)
2019-09-20 20:09:34,058 [pool-27-thread-1] INFO  impl.RaftServerImpl (RaftServerImpl.java:start(185)) - 661caf73-5e1e-47be-b577-b3ebe96959e7@group-2ACFE1647D19: start as a follower, conf=-1: [661caf73-5e1e-47be-b577-b3ebe96959e7:192.168.5.162:33704], old=null
2019-09-20 20:09:34,058 [pool-27-thread-1] INFO  impl.RaftServerImpl (RaftServerImpl.java:setRole(174)) - 661caf73-5e1e-47be-b577-b3ebe96959e7@group-2ACFE1647D19: changes role from      null to FOLLOWER at term 0 for startAsFollower
2019-09-20 20:09:34,058 [pool-27-thread-1] INFO  impl.RoleInfo (RoleInfo.java:updateAndGet(143)) - 661caf73-5e1e-47be-b577-b3ebe96959e7: start FollowerState
2019-09-20 20:09:34,058 [pool-27-thread-1] INFO  util.JmxRegister (JmxRegister.java:tryRegister(44)) - Successfully registered JMX Bean with object name Ratis:service=RaftServer,group=group-2ACFE1647D19,id=661caf73-5e1e-47be-b577-b3ebe96959e7
2019-09-20 20:09:34,067 [RatisPipelineUtilsThread] INFO  pipeline.PipelineStateManager (PipelineStateManager.java:addPipeline(56)) - Created pipeline Pipeline[ Id: e7c0896b-e4e9-4988-8583-2acfe1647d19, Nodes: 661caf73-5e1e-47be-b577-b3ebe96959e7{ip: 192.168.5.162, host: pr-hdds-2150-7dksv-2379377350, networkLocation: /default-rack, certSerialId: null}, Type:RATIS, Factor:ONE, State:OPEN]
2019-09-20 20:09:34,078 [grpc-default-executor-0] INFO  impl.RaftServerProxy (RaftServerProxy.java:addNew(89)) - cdbdd05e-9d39-4d5a-9905-4d1ed8c5fc71: addNew group-48288BAABC71:[cdbdd05e-9d39-4d5a-9905-4d1ed8c5fc71:192.168.5.162:44134] returns group-48288BAABC71:java.util.concurrent.CompletableFuture@14c41726[Not completed]
2019-09-20 20:09:34,079 [pool-47-thread-1] INFO  impl.RaftServerImpl (RaftServerImpl.java:<init>(95)) - cdbdd05e-9d39-4d5a-9905-4d1ed8c5fc71: new RaftServerImpl for group-48288BAABC71:[cdbdd05e-9d39-4d5a-9905-4d1ed8c5fc71:192.168.5.162:44134] with ContainerStateMachine:uninitialized
2019-09-20 20:09:34,080 [pool-47-thread-1] INFO  server.RaftServerConfigKeys (ConfUtils.java:logGet(43)) - raft.server.rpc.timeout.min = 5s (custom)
2019-09-20 20:09:34,080 [pool-47-thread-1] INFO  server.RaftServerConfigKeys (ConfUtils.java:logGet(43)) - raft.server.rpc.timeout.max = 5200ms (custom)
2019-09-20 20:09:34,080 [pool-47-thread-1] INFO  server.RaftServerConfigKeys (ConfUtils.java:logGet(43)) - raft.server.rpcslowness.timeout = 1000s (custom)
2019-09-20 20:09:34,080 [pool-47-thread-1] INFO  server.RaftServerConfigKeys (ConfUtils.java:logGet(43)) - raft.server.sleep.deviation.threshold = 300 (default)
2019-09-20 20:09:34,080 [pool-47-thread-1] INFO  server.RaftServerConfigKeys (ConfUtils.java:logGet(43)) - raft.server.log.appender.install.snapshot.enabled = false (custom)
2019-09-20 20:09:34,080 [pool-47-thread-1] INFO  impl.RaftServerImpl (ServerState.java:<init>(103)) - cdbdd05e-9d39-4d5a-9905-4d1ed8c5fc71@group-48288BAABC71: ConfigurationManager, init=-1: [cdbdd05e-9d39-4d5a-9905-4d1ed8c5fc71:192.168.5.162:44134], old=null, confs=<EMPTY_MAP>
2019-09-20 20:09:34,080 [pool-47-thread-1] INFO  server.RaftServerConfigKeys (ConfUtils.java:logGet(43)) - raft.server.storage.dir = [/workdir/hadoop-ozone/integration-test/target/test-dir/MiniOzoneClusterImpl-c37fe8cd-1444-4a91-8998-fe63ed8d38bf/datanode-2/data/ratis] (custom)
2019-09-20 20:09:34,081 [pool-47-thread-1] INFO  storage.RaftStorageDirectory (RaftStorageDirectory.java:analyzeStorage(246)) - The storage directory /workdir/hadoop-ozone/integration-test/target/test-dir/MiniOzoneClusterImpl-c37fe8cd-1444-4a91-8998-fe63ed8d38bf/datanode-2/data/ratis/3050851e-8991-4344-8e9e-48288baabc71 does not exist. Creating ...
2019-09-20 20:09:34,097 [pool-47-thread-1] INFO  storage.RaftStorageDirectory (RaftStorageDirectory.java:tryLock(328)) - Lock on /workdir/hadoop-ozone/integration-test/target/test-dir/MiniOzoneClusterImpl-c37fe8cd-1444-4a91-8998-fe63ed8d38bf/datanode-2/data/ratis/3050851e-8991-4344-8e9e-48288baabc71/in_use.lock acquired by nodename 30841@pr-hdds-2150-7dksv-2379377350
2019-09-20 20:09:34,150 [pool-47-thread-1] INFO  storage.RaftStorage (RaftStorage.java:format(72)) - Storage directory /workdir/hadoop-ozone/integration-test/target/test-dir/MiniOzoneClusterImpl-c37fe8cd-1444-4a91-8998-fe63ed8d38bf/datanode-2/data/ratis/3050851e-8991-4344-8e9e-48288baabc71 has been successfully formatted.
2019-09-20 20:09:34,151 [pool-47-thread-1] INFO  ratis.ContainerStateMachine (ContainerStateMachine.java:loadSnapshot(230)) - group-48288BAABC71: The snapshot info is null. Setting the last applied indexto:(t:0, i:~)
2019-09-20 20:09:34,151 [pool-47-thread-1] INFO  server.RaftServerConfigKeys (ConfUtils.java:logGet(43)) - raft.server.notification.no-leader.timeout = 1000s (custom)
2019-09-20 20:09:34,152 [pool-47-thread-1] INFO  server.RaftServerConfigKeys (ConfUtils.java:logGet(43)) - raft.server.log.use.memory = false (default)
2019-09-20 20:09:34,153 [pool-47-thread-1] INFO  server.RaftServerConfigKeys (ConfUtils.java:logGet(43)) - raft.server.log.purge.gap = 1000000 (custom)
2019-09-20 20:09:34,153 [pool-47-thread-1] INFO  server.RaftServerConfigKeys (ConfUtils.java:logGet(43)) - raft.server.log.appender.buffer.byte-limit = 33554432 (custom)
2019-09-20 20:09:34,154 [pool-47-thread-1] INFO  server.RaftServerConfigKeys (ConfUtils.java:logGet(43)) - raft.server.log.segment.size.max = 1048576 (custom)
2019-09-20 20:09:34,154 [pool-47-thread-1] INFO  server.RaftServerConfigKeys (ConfUtils.java:logGet(43)) - raft.server.log.segment.cache.num.max = 2 (custom)
2019-09-20 20:09:34,154 [pool-47-thread-1] INFO  segmented.SegmentedRaftLogWorker (SegmentedRaftLogWorker.java:<init>(172)) - new cdbdd05e-9d39-4d5a-9905-4d1ed8c5fc71@group-48288BAABC71-SegmentedRaftLogWorker for RaftStorage:Storage Directory /workdir/hadoop-ozone/integration-test/target/test-dir/MiniOzoneClusterImpl-c37fe8cd-1444-4a91-8998-fe63ed8d38bf/datanode-2/data/ratis/3050851e-8991-4344-8e9e-48288baabc71
2019-09-20 20:09:34,154 [pool-47-thread-1] INFO  server.RaftServerConfigKeys (ConfUtils.java:logGet(43)) - raft.server.log.queue.byte-limit = 2147483647 (custom)
2019-09-20 20:09:34,154 [pool-47-thread-1] INFO  server.RaftServerConfigKeys (ConfUtils.java:logGet(43)) - raft.server.log.queue.element-limit = 1024 (custom)
2019-09-20 20:09:34,154 [pool-47-thread-1] INFO  server.RaftServerConfigKeys (ConfUtils.java:logGet(43)) - raft.server.log.segment.size.max = 1048576 (custom)
2019-09-20 20:09:34,155 [pool-47-thread-1] INFO  server.RaftServerConfigKeys (ConfUtils.java:logGet(43)) - raft.server.log.preallocated.size = 16384 (custom)
2019-09-20 20:09:34,155 [pool-47-thread-1] INFO  server.RaftServerConfigKeys (ConfUtils.java:logGet(43)) - raft.server.log.write.buffer.size = 33554432 (custom)
2019-09-20 20:09:34,155 [pool-47-thread-1] INFO  server.RaftServerConfigKeys (ConfUtils.java:logGet(43)) - raft.server.log.force.sync.num = 128 (default)
2019-09-20 20:09:34,155 [pool-47-thread-1] INFO  server.RaftServerConfigKeys (ConfUtils.java:logGet(43)) - raft.server.log.statemachine.data.sync = true (default)
2019-09-20 20:09:34,155 [pool-47-thread-1] INFO  server.RaftServerConfigKeys (ConfUtils.java:logGet(43)) - raft.server.log.statemachine.data.sync.timeout = 10s (default)
2019-09-20 20:09:34,155 [pool-47-thread-1] INFO  server.RaftServerConfigKeys (ConfUtils.java:logGet(43)) - raft.server.log.statemachine.data.sync.timeout.retry = -1 (default)
2019-09-20 20:09:34,155 [pool-47-thread-1] INFO  server.RaftServerConfigKeys (ConfUtils.java:logGet(43)) - raft.server.log.statemachine.data.caching.enabled = true (custom)
2019-09-20 20:09:34,156 [pool-47-thread-1] INFO  segmented.SegmentedRaftLogWorker (SegmentedRaftLogWorker.java:lambda$new$0(132)) - cdbdd05e-9d39-4d5a-9905-4d1ed8c5fc71@group-48288BAABC71-SegmentedRaftLogWorker: flushIndex: setUnconditionally 0 -> -1
2019-09-20 20:09:34,156 [pool-47-thread-1] INFO  server.RaftServerConfigKeys (ConfUtils.java:logGet(43)) - raft.server.snapshot.auto.trigger.enabled = true (custom)
2019-09-20 20:09:34,156 [pool-47-thread-1] INFO  server.RaftServerConfigKeys (ConfUtils.java:logGet(43)) - raft.server.snapshot.auto.trigger.threshold = 10000 (custom)
2019-09-20 20:09:34,156 [pool-47-thread-1] INFO  server.RaftServerConfigKeys (ConfUtils.java:logGet(43)) - raft.server.snapshot.retention.num.files = 5 (custom)
2019-09-20 20:09:34,156 [pool-47-thread-1] INFO  server.RaftServerConfigKeys (ConfUtils.java:logGet(43)) - raft.server.retrycache.expirytime = 600000ms (custom)
2019-09-20 20:09:34,159 [pool-47-thread-1] INFO  impl.RaftServerImpl (RaftServerImpl.java:start(185)) - cdbdd05e-9d39-4d5a-9905-4d1ed8c5fc71@group-48288BAABC71: start as a follower, conf=-1: [cdbdd05e-9d39-4d5a-9905-4d1ed8c5fc71:192.168.5.162:44134], old=null
2019-09-20 20:09:34,160 [pool-47-thread-1] INFO  impl.RaftServerImpl (RaftServerImpl.java:setRole(174)) - cdbdd05e-9d39-4d5a-9905-4d1ed8c5fc71@group-48288BAABC71: changes role from      null to FOLLOWER at term 0 for startAsFollower
2019-09-20 20:09:34,160 [pool-47-thread-1] INFO  impl.RoleInfo (RoleInfo.java:updateAndGet(143)) - cdbdd05e-9d39-4d5a-9905-4d1ed8c5fc71: start FollowerState
2019-09-20 20:09:34,160 [pool-47-thread-1] INFO  util.JmxRegister (JmxRegister.java:tryRegister(44)) - Successfully registered JMX Bean with object name Ratis:service=RaftServer,group=group-48288BAABC71,id=cdbdd05e-9d39-4d5a-9905-4d1ed8c5fc71
2019-09-20 20:09:34,168 [RatisPipelineUtilsThread] INFO  pipeline.PipelineStateManager (PipelineStateManager.java:addPipeline(56)) - Created pipeline Pipeline[ Id: 3050851e-8991-4344-8e9e-48288baabc71, Nodes: cdbdd05e-9d39-4d5a-9905-4d1ed8c5fc71{ip: 192.168.5.162, host: pr-hdds-2150-7dksv-2379377350, networkLocation: /default-rack, certSerialId: null}, Type:RATIS, Factor:ONE, State:OPEN]
2019-09-20 20:09:34,185 [grpc-default-executor-0] INFO  impl.RaftServerProxy (RaftServerProxy.java:addNew(89)) - 661caf73-5e1e-47be-b577-b3ebe96959e7: addNew group-D2F9F540C724:[0751e0f1-7fb3-49fb-a20e-87d31723ec0e:192.168.5.162:46621, 85d8bda3-0dc8-4b5c-a8cf-47f1674a54cd:192.168.5.162:33627, 661caf73-5e1e-47be-b577-b3ebe96959e7:192.168.5.162:33704] returns group-D2F9F540C724:java.util.concurrent.CompletableFuture@487d8c19[Not completed]
2019-09-20 20:09:34,185 [grpc-default-executor-1] INFO  impl.RaftServerProxy (RaftServerProxy.java:addNew(89)) - 0751e0f1-7fb3-49fb-a20e-87d31723ec0e: addNew group-D2F9F540C724:[0751e0f1-7fb3-49fb-a20e-87d31723ec0e:192.168.5.162:46621, 85d8bda3-0dc8-4b5c-a8cf-47f1674a54cd:192.168.5.162:33627, 661caf73-5e1e-47be-b577-b3ebe96959e7:192.168.5.162:33704] returns group-D2F9F540C724:java.util.concurrent.CompletableFuture@4e24c70d[Not completed]
2019-09-20 20:09:34,186 [grpc-default-executor-2] INFO  impl.RaftServerProxy (RaftServerProxy.java:addNew(89)) - 85d8bda3-0dc8-4b5c-a8cf-47f1674a54cd: addNew group-D2F9F540C724:[0751e0f1-7fb3-49fb-a20e-87d31723ec0e:192.168.5.162:46621, 85d8bda3-0dc8-4b5c-a8cf-47f1674a54cd:192.168.5.162:33627, 661caf73-5e1e-47be-b577-b3ebe96959e7:192.168.5.162:33704] returns group-D2F9F540C724:java.util.concurrent.CompletableFuture@621490e8[Not completed]
2019-09-20 20:09:34,187 [pool-27-thread-1] INFO  impl.RaftServerImpl (RaftServerImpl.java:<init>(95)) - 661caf73-5e1e-47be-b577-b3ebe96959e7: new RaftServerImpl for group-D2F9F540C724:[0751e0f1-7fb3-49fb-a20e-87d31723ec0e:192.168.5.162:46621, 85d8bda3-0dc8-4b5c-a8cf-47f1674a54cd:192.168.5.162:33627, 661caf73-5e1e-47be-b577-b3ebe96959e7:192.168.5.162:33704] with ContainerStateMachine:uninitialized
2019-09-20 20:09:34,187 [pool-27-thread-1] INFO  server.RaftServerConfigKeys (ConfUtils.java:logGet(43)) - raft.server.rpc.timeout.min = 5s (custom)
2019-09-20 20:09:34,187 [pool-27-thread-1] INFO  server.RaftServerConfigKeys (ConfUtils.java:logGet(43)) - raft.server.rpc.timeout.max = 5200ms (custom)
2019-09-20 20:09:34,188 [pool-27-thread-1] INFO  server.RaftServerConfigKeys (ConfUtils.java:logGet(43)) - raft.server.rpcslowness.timeout = 1000s (custom)
2019-09-20 20:09:34,188 [pool-37-thread-1] INFO  impl.RaftServerImpl (RaftServerImpl.java:<init>(95)) - 85d8bda3-0dc8-4b5c-a8cf-47f1674a54cd: new RaftServerImpl for group-D2F9F540C724:[0751e0f1-7fb3-49fb-a20e-87d31723ec0e:192.168.5.162:46621, 85d8bda3-0dc8-4b5c-a8cf-47f1674a54cd:192.168.5.162:33627, 661caf73-5e1e-47be-b577-b3ebe96959e7:192.168.5.162:33704] with ContainerStateMachine:uninitialized
2019-09-20 20:09:34,188 [pool-27-thread-1] INFO  server.RaftServerConfigKeys (ConfUtils.java:logGet(43)) - raft.server.sleep.deviation.threshold = 300 (default)
2019-09-20 20:09:34,188 [pool-37-thread-1] INFO  server.RaftServerConfigKeys (ConfUtils.java:logGet(43)) - raft.server.rpc.timeout.min = 5s (custom)
2019-09-20 20:09:34,188 [pool-27-thread-1] INFO  server.RaftServerConfigKeys (ConfUtils.java:logGet(43)) - raft.server.log.appender.install.snapshot.enabled = false (custom)
2019-09-20 20:09:34,188 [pool-37-thread-1] INFO  server.RaftServerConfigKeys (ConfUtils.java:logGet(43)) - raft.server.rpc.timeout.max = 5200ms (custom)
2019-09-20 20:09:34,188 [pool-27-thread-1] INFO  impl.RaftServerImpl (ServerState.java:<init>(103)) - 661caf73-5e1e-47be-b577-b3ebe96959e7@group-D2F9F540C724: ConfigurationManager, init=-1: [0751e0f1-7fb3-49fb-a20e-87d31723ec0e:192.168.5.162:46621, 85d8bda3-0dc8-4b5c-a8cf-47f1674a54cd:192.168.5.162:33627, 661caf73-5e1e-47be-b577-b3ebe96959e7:192.168.5.162:33704], old=null, confs=<EMPTY_MAP>
2019-09-20 20:09:34,188 [pool-37-thread-1] INFO  server.RaftServerConfigKeys (ConfUtils.java:logGet(43)) - raft.server.rpcslowness.timeout = 1000s (custom)
2019-09-20 20:09:34,188 [pool-37-thread-1] INFO  server.RaftServerConfigKeys (ConfUtils.java:logGet(43)) - raft.server.sleep.deviation.threshold = 300 (default)
2019-09-20 20:09:34,188 [pool-27-thread-1] INFO  server.RaftServerConfigKeys (ConfUtils.java:logGet(43)) - raft.server.storage.dir = [/workdir/hadoop-ozone/integration-test/target/test-dir/MiniOzoneClusterImpl-c37fe8cd-1444-4a91-8998-fe63ed8d38bf/datanode-0/data/ratis] (custom)
2019-09-20 20:09:34,188 [pool-37-thread-1] INFO  server.RaftServerConfigKeys (ConfUtils.java:logGet(43)) - raft.server.log.appender.install.snapshot.enabled = false (custom)
2019-09-20 20:09:34,189 [pool-37-thread-1] INFO  impl.RaftServerImpl (ServerState.java:<init>(103)) - 85d8bda3-0dc8-4b5c-a8cf-47f1674a54cd@group-D2F9F540C724: ConfigurationManager, init=-1: [0751e0f1-7fb3-49fb-a20e-87d31723ec0e:192.168.5.162:46621, 85d8bda3-0dc8-4b5c-a8cf-47f1674a54cd:192.168.5.162:33627, 661caf73-5e1e-47be-b577-b3ebe96959e7:192.168.5.162:33704], old=null, confs=<EMPTY_MAP>
2019-09-20 20:09:34,189 [pool-27-thread-1] INFO  storage.RaftStorageDirectory (RaftStorageDirectory.java:analyzeStorage(246)) - The storage directory /workdir/hadoop-ozone/integration-test/target/test-dir/MiniOzoneClusterImpl-c37fe8cd-1444-4a91-8998-fe63ed8d38bf/datanode-0/data/ratis/d147dc44-7125-45d5-820a-d2f9f540c724 does not exist. Creating ...
2019-09-20 20:09:34,189 [pool-37-thread-1] INFO  server.RaftServerConfigKeys (ConfUtils.java:logGet(43)) - raft.server.storage.dir = [/workdir/hadoop-ozone/integration-test/target/test-dir/MiniOzoneClusterImpl-c37fe8cd-1444-4a91-8998-fe63ed8d38bf/datanode-1/data/ratis] (custom)
2019-09-20 20:09:34,189 [pool-57-thread-1] INFO  impl.RaftServerImpl (RaftServerImpl.java:<init>(95)) - 0751e0f1-7fb3-49fb-a20e-87d31723ec0e: new RaftServerImpl for group-D2F9F540C724:[0751e0f1-7fb3-49fb-a20e-87d31723ec0e:192.168.5.162:46621, 85d8bda3-0dc8-4b5c-a8cf-47f1674a54cd:192.168.5.162:33627, 661caf73-5e1e-47be-b577-b3ebe96959e7:192.168.5.162:33704] with ContainerStateMachine:uninitialized
2019-09-20 20:09:34,189 [pool-37-thread-1] INFO  storage.RaftStorageDirectory (RaftStorageDirectory.java:analyzeStorage(246)) - The storage directory /workdir/hadoop-ozone/integration-test/target/test-dir/MiniOzoneClusterImpl-c37fe8cd-1444-4a91-8998-fe63ed8d38bf/datanode-1/data/ratis/d147dc44-7125-45d5-820a-d2f9f540c724 does not exist. Creating ...
2019-09-20 20:09:34,189 [pool-57-thread-1] INFO  server.RaftServerConfigKeys (ConfUtils.java:logGet(43)) - raft.server.rpc.timeout.min = 5s (custom)
2019-09-20 20:09:34,189 [pool-57-thread-1] INFO  server.RaftServerConfigKeys (ConfUtils.java:logGet(43)) - raft.server.rpc.timeout.max = 5200ms (custom)
2019-09-20 20:09:34,189 [pool-57-thread-1] INFO  server.RaftServerConfigKeys (ConfUtils.java:logGet(43)) - raft.server.rpcslowness.timeout = 1000s (custom)
2019-09-20 20:09:34,190 [pool-57-thread-1] INFO  server.RaftServerConfigKeys (ConfUtils.java:logGet(43)) - raft.server.sleep.deviation.threshold = 300 (default)
2019-09-20 20:09:34,190 [pool-57-thread-1] INFO  server.RaftServerConfigKeys (ConfUtils.java:logGet(43)) - raft.server.log.appender.install.snapshot.enabled = false (custom)
2019-09-20 20:09:34,190 [pool-57-thread-1] INFO  impl.RaftServerImpl (ServerState.java:<init>(103)) - 0751e0f1-7fb3-49fb-a20e-87d31723ec0e@group-D2F9F540C724: ConfigurationManager, init=-1: [0751e0f1-7fb3-49fb-a20e-87d31723ec0e:192.168.5.162:46621, 85d8bda3-0dc8-4b5c-a8cf-47f1674a54cd:192.168.5.162:33627, 661caf73-5e1e-47be-b577-b3ebe96959e7:192.168.5.162:33704], old=null, confs=<EMPTY_MAP>
2019-09-20 20:09:34,190 [pool-57-thread-1] INFO  server.RaftServerConfigKeys (ConfUtils.java:logGet(43)) - raft.server.storage.dir = [/workdir/hadoop-ozone/integration-test/target/test-dir/MiniOzoneClusterImpl-c37fe8cd-1444-4a91-8998-fe63ed8d38bf/datanode-3/data/ratis] (custom)
2019-09-20 20:09:34,191 [pool-57-thread-1] INFO  storage.RaftStorageDirectory (RaftStorageDirectory.java:analyzeStorage(246)) - The storage directory /workdir/hadoop-ozone/integration-test/target/test-dir/MiniOzoneClusterImpl-c37fe8cd-1444-4a91-8998-fe63ed8d38bf/datanode-3/data/ratis/d147dc44-7125-45d5-820a-d2f9f540c724 does not exist. Creating ...
2019-09-20 20:09:34,203 [Command processor thread] ERROR commandhandler.CloseContainerCommandHandler (CloseContainerCommandHandler.java:handle(84)) - Container #1 does not exist in datanode. Container close failed.
2019-09-20 20:09:34,208 [pool-57-thread-1] INFO  storage.RaftStorageDirectory (RaftStorageDirectory.java:tryLock(328)) - Lock on /workdir/hadoop-ozone/integration-test/target/test-dir/MiniOzoneClusterImpl-c37fe8cd-1444-4a91-8998-fe63ed8d38bf/datanode-3/data/ratis/d147dc44-7125-45d5-820a-d2f9f540c724/in_use.lock acquired by nodename 30841@pr-hdds-2150-7dksv-2379377350
2019-09-20 20:09:34,208 [pool-37-thread-1] INFO  storage.RaftStorageDirectory (RaftStorageDirectory.java:tryLock(328)) - Lock on /workdir/hadoop-ozone/integration-test/target/test-dir/MiniOzoneClusterImpl-c37fe8cd-1444-4a91-8998-fe63ed8d38bf/datanode-1/data/ratis/d147dc44-7125-45d5-820a-d2f9f540c724/in_use.lock acquired by nodename 30841@pr-hdds-2150-7dksv-2379377350
2019-09-20 20:09:34,208 [pool-27-thread-1] INFO  storage.RaftStorageDirectory (RaftStorageDirectory.java:tryLock(328)) - Lock on /workdir/hadoop-ozone/integration-test/target/test-dir/MiniOzoneClusterImpl-c37fe8cd-1444-4a91-8998-fe63ed8d38bf/datanode-0/data/ratis/d147dc44-7125-45d5-820a-d2f9f540c724/in_use.lock acquired by nodename 30841@pr-hdds-2150-7dksv-2379377350
2019-09-20 20:09:34,225 [pool-57-thread-1] INFO  storage.RaftStorage (RaftStorage.java:format(72)) - Storage directory /workdir/hadoop-ozone/integration-test/target/test-dir/MiniOzoneClusterImpl-c37fe8cd-1444-4a91-8998-fe63ed8d38bf/datanode-3/data/ratis/d147dc44-7125-45d5-820a-d2f9f540c724 has been successfully formatted.
2019-09-20 20:09:34,225 [pool-27-thread-1] INFO  storage.RaftStorage (RaftStorage.java:format(72)) - Storage directory /workdir/hadoop-ozone/integration-test/target/test-dir/MiniOzoneClusterImpl-c37fe8cd-1444-4a91-8998-fe63ed8d38bf/datanode-0/data/ratis/d147dc44-7125-45d5-820a-d2f9f540c724 has been successfully formatted.
2019-09-20 20:09:34,225 [pool-37-thread-1] INFO  storage.RaftStorage (RaftStorage.java:format(72)) - Storage directory /workdir/hadoop-ozone/integration-test/target/test-dir/MiniOzoneClusterImpl-c37fe8cd-1444-4a91-8998-fe63ed8d38bf/datanode-1/data/ratis/d147dc44-7125-45d5-820a-d2f9f540c724 has been successfully formatted.
2019-09-20 20:09:34,226 [pool-57-thread-1] INFO  ratis.ContainerStateMachine (ContainerStateMachine.java:loadSnapshot(230)) - group-D2F9F540C724: The snapshot info is null. Setting the last applied indexto:(t:0, i:~)
2019-09-20 20:09:34,226 [pool-27-thread-1] INFO  ratis.ContainerStateMachine (ContainerStateMachine.java:loadSnapshot(230)) - group-D2F9F540C724: The snapshot info is null. Setting the last applied indexto:(t:0, i:~)
2019-09-20 20:09:34,226 [pool-57-thread-1] INFO  server.RaftServerConfigKeys (ConfUtils.java:logGet(43)) - raft.server.notification.no-leader.timeout = 1000s (custom)
2019-09-20 20:09:34,226 [pool-37-thread-1] INFO  ratis.ContainerStateMachine (ContainerStateMachine.java:loadSnapshot(230)) - group-D2F9F540C724: The snapshot info is null. Setting the last applied indexto:(t:0, i:~)
2019-09-20 20:09:34,226 [pool-57-thread-1] INFO  server.RaftServerConfigKeys (ConfUtils.java:logGet(43)) - raft.server.log.use.memory = false (default)
2019-09-20 20:09:34,226 [pool-27-thread-1] INFO  server.RaftServerConfigKeys (ConfUtils.java:logGet(43)) - raft.server.notification.no-leader.timeout = 1000s (custom)
2019-09-20 20:09:34,226 [pool-57-thread-1] INFO  server.RaftServerConfigKeys (ConfUtils.java:logGet(43)) - raft.server.log.purge.gap = 1000000 (custom)
2019-09-20 20:09:34,226 [pool-37-thread-1] INFO  server.RaftServerConfigKeys (ConfUtils.java:logGet(43)) - raft.server.notification.no-leader.timeout = 1000s (custom)
2019-09-20 20:09:34,227 [pool-57-thread-1] INFO  server.RaftServerConfigKeys (ConfUtils.java:logGet(43)) - raft.server.log.appender.buffer.byte-limit = 33554432 (custom)
2019-09-20 20:09:34,226 [pool-27-thread-1] INFO  server.RaftServerConfigKeys (ConfUtils.java:logGet(43)) - raft.server.log.use.memory = false (default)
2019-09-20 20:09:34,227 [pool-57-thread-1] INFO  server.RaftServerConfigKeys (ConfUtils.java:logGet(43)) - raft.server.log.segment.size.max = 1048576 (custom)
2019-09-20 20:09:34,227 [pool-37-thread-1] INFO  server.RaftServerConfigKeys (ConfUtils.java:logGet(43)) - raft.server.log.use.memory = false (default)
2019-09-20 20:09:34,227 [pool-57-thread-1] INFO  server.RaftServerConfigKeys (ConfUtils.java:logGet(43)) - raft.server.log.segment.cache.num.max = 2 (custom)
2019-09-20 20:09:34,227 [pool-27-thread-1] INFO  server.RaftServerConfigKeys (ConfUtils.java:logGet(43)) - raft.server.log.purge.gap = 1000000 (custom)
2019-09-20 20:09:34,227 [pool-57-thread-1] INFO  segmented.SegmentedRaftLogWorker (SegmentedRaftLogWorker.java:<init>(172)) - new 0751e0f1-7fb3-49fb-a20e-87d31723ec0e@group-D2F9F540C724-SegmentedRaftLogWorker for RaftStorage:Storage Directory /workdir/hadoop-ozone/integration-test/target/test-dir/MiniOzoneClusterImpl-c37fe8cd-1444-4a91-8998-fe63ed8d38bf/datanode-3/data/ratis/d147dc44-7125-45d5-820a-d2f9f540c724
2019-09-20 20:09:34,227 [pool-37-thread-1] INFO  server.RaftServerConfigKeys (ConfUtils.java:logGet(43)) - raft.server.log.purge.gap = 1000000 (custom)
2019-09-20 20:09:34,227 [pool-57-thread-1] INFO  server.RaftServerConfigKeys (ConfUtils.java:logGet(43)) - raft.server.log.queue.byte-limit = 2147483647 (custom)
2019-09-20 20:09:34,227 [pool-27-thread-1] INFO  server.RaftServerConfigKeys (ConfUtils.java:logGet(43)) - raft.server.log.appender.buffer.byte-limit = 33554432 (custom)
2019-09-20 20:09:34,228 [pool-57-thread-1] INFO  server.RaftServerConfigKeys (ConfUtils.java:logGet(43)) - raft.server.log.queue.element-limit = 1024 (custom)
2019-09-20 20:09:34,227 [pool-37-thread-1] INFO  server.RaftServerConfigKeys (ConfUtils.java:logGet(43)) - raft.server.log.appender.buffer.byte-limit = 33554432 (custom)
2019-09-20 20:09:34,228 [pool-57-thread-1] INFO  server.RaftServerConfigKeys (ConfUtils.java:logGet(43)) - raft.server.log.segment.size.max = 1048576 (custom)
2019-09-20 20:09:34,228 [pool-27-thread-1] INFO  server.RaftServerConfigKeys (ConfUtils.java:logGet(43)) - raft.server.log.segment.size.max = 1048576 (custom)
2019-09-20 20:09:34,228 [pool-57-thread-1] INFO  server.RaftServerConfigKeys (ConfUtils.java:logGet(43)) - raft.server.log.preallocated.size = 16384 (custom)
2019-09-20 20:09:34,228 [pool-37-thread-1] INFO  server.RaftServerConfigKeys (ConfUtils.java:logGet(43)) - raft.server.log.segment.size.max = 1048576 (custom)
2019-09-20 20:09:34,228 [pool-57-thread-1] INFO  server.RaftServerConfigKeys (ConfUtils.java:logGet(43)) - raft.server.log.write.buffer.size = 33554432 (custom)
2019-09-20 20:09:34,228 [pool-27-thread-1] INFO  server.RaftServerConfigKeys (ConfUtils.java:logGet(43)) - raft.server.log.segment.cache.num.max = 2 (custom)
2019-09-20 20:09:34,228 [pool-57-thread-1] INFO  server.RaftServerConfigKeys (ConfUtils.java:logGet(43)) - raft.server.log.force.sync.num = 128 (default)
2019-09-20 20:09:34,228 [pool-37-thread-1] INFO  server.RaftServerConfigKeys (ConfUtils.java:logGet(43)) - raft.server.log.segment.cache.num.max = 2 (custom)
2019-09-20 20:09:34,229 [pool-57-thread-1] INFO  server.RaftServerConfigKeys (ConfUtils.java:logGet(43)) - raft.server.log.statemachine.data.sync = true (default)
2019-09-20 20:09:34,228 [pool-27-thread-1] INFO  segmented.SegmentedRaftLogWorker (SegmentedRaftLogWorker.java:<init>(172)) - new 661caf73-5e1e-47be-b577-b3ebe96959e7@group-D2F9F540C724-SegmentedRaftLogWorker for RaftStorage:Storage Directory /workdir/hadoop-ozone/integration-test/target/test-dir/MiniOzoneClusterImpl-c37fe8cd-1444-4a91-8998-fe63ed8d38bf/datanode-0/data/ratis/d147dc44-7125-45d5-820a-d2f9f540c724
2019-09-20 20:09:34,229 [pool-57-thread-1] INFO  server.RaftServerConfigKeys (ConfUtils.java:logGet(43)) - raft.server.log.statemachine.data.sync.timeout = 10s (default)
2019-09-20 20:09:34,229 [pool-37-thread-1] INFO  segmented.SegmentedRaftLogWorker (SegmentedRaftLogWorker.java:<init>(172)) - new 85d8bda3-0dc8-4b5c-a8cf-47f1674a54cd@group-D2F9F540C724-SegmentedRaftLogWorker for RaftStorage:Storage Directory /workdir/hadoop-ozone/integration-test/target/test-dir/MiniOzoneClusterImpl-c37fe8cd-1444-4a91-8998-fe63ed8d38bf/datanode-1/data/ratis/d147dc44-7125-45d5-820a-d2f9f540c724
2019-09-20 20:09:34,229 [pool-57-thread-1] INFO  server.RaftServerConfigKeys (ConfUtils.java:logGet(43)) - raft.server.log.statemachine.data.sync.timeout.retry = -1 (default)
2019-09-20 20:09:34,229 [pool-27-thread-1] INFO  server.RaftServerConfigKeys (ConfUtils.java:logGet(43)) - raft.server.log.queue.byte-limit = 2147483647 (custom)
2019-09-20 20:09:34,229 [pool-57-thread-1] INFO  server.RaftServerConfigKeys (ConfUtils.java:logGet(43)) - raft.server.log.statemachine.data.caching.enabled = true (custom)
2019-09-20 20:09:34,229 [pool-37-thread-1] INFO  server.RaftServerConfigKeys (ConfUtils.java:logGet(43)) - raft.server.log.queue.byte-limit = 2147483647 (custom)
2019-09-20 20:09:34,229 [pool-27-thread-1] INFO  server.RaftServerConfigKeys (ConfUtils.java:logGet(43)) - raft.server.log.queue.element-limit = 1024 (custom)
2019-09-20 20:09:34,230 [pool-57-thread-1] INFO  segmented.SegmentedRaftLogWorker (SegmentedRaftLogWorker.java:lambda$new$0(132)) - 0751e0f1-7fb3-49fb-a20e-87d31723ec0e@group-D2F9F540C724-SegmentedRaftLogWorker: flushIndex: setUnconditionally 0 -> -1
2019-09-20 20:09:34,230 [pool-37-thread-1] INFO  server.RaftServerConfigKeys (ConfUtils.java:logGet(43)) - raft.server.log.queue.element-limit = 1024 (custom)
2019-09-20 20:09:34,230 [pool-27-thread-1] INFO  server.RaftServerConfigKeys (ConfUtils.java:logGet(43)) - raft.server.log.segment.size.max = 1048576 (custom)
2019-09-20 20:09:34,230 [pool-57-thread-1] INFO  server.RaftServerConfigKeys (ConfUtils.java:logGet(43)) - raft.server.snapshot.auto.trigger.enabled = true (custom)
2019-09-20 20:09:34,230 [pool-37-thread-1] INFO  server.RaftServerConfigKeys (ConfUtils.java:logGet(43)) - raft.server.log.segment.size.max = 1048576 (custom)
2019-09-20 20:09:34,230 [pool-57-thread-1] INFO  server.RaftServerConfigKeys (ConfUtils.java:logGet(43)) - raft.server.snapshot.auto.trigger.threshold = 10000 (custom)
2019-09-20 20:09:34,230 [pool-27-thread-1] INFO  server.RaftServerConfigKeys (ConfUtils.java:logGet(43)) - raft.server.log.preallocated.size = 16384 (custom)
2019-09-20 20:09:34,230 [pool-57-thread-1] INFO  server.RaftServerConfigKeys (ConfUtils.java:logGet(43)) - raft.server.snapshot.retention.num.files = 5 (custom)
2019-09-20 20:09:34,230 [pool-37-thread-1] INFO  server.RaftServerConfigKeys (ConfUtils.java:logGet(43)) - raft.server.log.preallocated.size = 16384 (custom)
2019-09-20 20:09:34,231 [pool-57-thread-1] INFO  server.RaftServerConfigKeys (ConfUtils.java:logGet(43)) - raft.server.retrycache.expirytime = 600000ms (custom)
2019-09-20 20:09:34,231 [pool-27-thread-1] INFO  server.RaftServerConfigKeys (ConfUtils.java:logGet(43)) - raft.server.log.write.buffer.size = 33554432 (custom)
2019-09-20 20:09:34,231 [pool-37-thread-1] INFO  server.RaftServerConfigKeys (ConfUtils.java:logGet(43)) - raft.server.log.write.buffer.size = 33554432 (custom)
2019-09-20 20:09:34,231 [pool-27-thread-1] INFO  server.RaftServerConfigKeys (ConfUtils.java:logGet(43)) - raft.server.log.force.sync.num = 128 (default)
2019-09-20 20:09:34,231 [pool-37-thread-1] INFO  server.RaftServerConfigKeys (ConfUtils.java:logGet(43)) - raft.server.log.force.sync.num = 128 (default)
2019-09-20 20:09:34,231 [pool-27-thread-1] INFO  server.RaftServerConfigKeys (ConfUtils.java:logGet(43)) - raft.server.log.statemachine.data.sync = true (default)
2019-09-20 20:09:34,231 [pool-37-thread-1] INFO  server.RaftServerConfigKeys (ConfUtils.java:logGet(43)) - raft.server.log.statemachine.data.sync = true (default)
2019-09-20 20:09:34,232 [pool-27-thread-1] INFO  server.RaftServerConfigKeys (ConfUtils.java:logGet(43)) - raft.server.log.statemachine.data.sync.timeout = 10s (default)
2019-09-20 20:09:34,232 [pool-37-thread-1] INFO  server.RaftServerConfigKeys (ConfUtils.java:logGet(43)) - raft.server.log.statemachine.data.sync.timeout = 10s (default)
2019-09-20 20:09:34,232 [pool-27-thread-1] INFO  server.RaftServerConfigKeys (ConfUtils.java:logGet(43)) - raft.server.log.statemachine.data.sync.timeout.retry = -1 (default)
2019-09-20 20:09:34,232 [pool-37-thread-1] INFO  server.RaftServerConfigKeys (ConfUtils.java:logGet(43)) - raft.server.log.statemachine.data.sync.timeout.retry = -1 (default)
2019-09-20 20:09:34,232 [pool-37-thread-1] INFO  server.RaftServerConfigKeys (ConfUtils.java:logGet(43)) - raft.server.log.statemachine.data.caching.enabled = true (custom)
2019-09-20 20:09:34,232 [pool-27-thread-1] INFO  server.RaftServerConfigKeys (ConfUtils.java:logGet(43)) - raft.server.log.statemachine.data.caching.enabled = true (custom)
2019-09-20 20:09:34,232 [pool-37-thread-1] INFO  segmented.SegmentedRaftLogWorker (SegmentedRaftLogWorker.java:lambda$new$0(132)) - 85d8bda3-0dc8-4b5c-a8cf-47f1674a54cd@group-D2F9F540C724-SegmentedRaftLogWorker: flushIndex: setUnconditionally 0 -> -1
2019-09-20 20:09:34,233 [pool-27-thread-1] INFO  segmented.SegmentedRaftLogWorker (SegmentedRaftLogWorker.java:lambda$new$0(132)) - 661caf73-5e1e-47be-b577-b3ebe96959e7@group-D2F9F540C724-SegmentedRaftLogWorker: flushIndex: setUnconditionally 0 -> -1
2019-09-20 20:09:34,233 [pool-37-thread-1] INFO  server.RaftServerConfigKeys (ConfUtils.java:logGet(43)) - raft.server.snapshot.auto.trigger.enabled = true (custom)
2019-09-20 20:09:34,233 [pool-57-thread-1] INFO  impl.RaftServerImpl (RaftServerImpl.java:start(185)) - 0751e0f1-7fb3-49fb-a20e-87d31723ec0e@group-D2F9F540C724: start as a follower, conf=-1: [0751e0f1-7fb3-49fb-a20e-87d31723ec0e:192.168.5.162:46621, 85d8bda3-0dc8-4b5c-a8cf-47f1674a54cd:192.168.5.162:33627, 661caf73-5e1e-47be-b577-b3ebe96959e7:192.168.5.162:33704], old=null
2019-09-20 20:09:34,233 [pool-27-thread-1] INFO  server.RaftServerConfigKeys (ConfUtils.java:logGet(43)) - raft.server.snapshot.auto.trigger.enabled = true (custom)
2019-09-20 20:09:34,233 [pool-37-thread-1] INFO  server.RaftServerConfigKeys (ConfUtils.java:logGet(43)) - raft.server.snapshot.auto.trigger.threshold = 10000 (custom)
2019-09-20 20:09:34,233 [pool-27-thread-1] INFO  server.RaftServerConfigKeys (ConfUtils.java:logGet(43)) - raft.server.snapshot.auto.trigger.threshold = 10000 (custom)
2019-09-20 20:09:34,233 [pool-57-thread-1] INFO  impl.RaftServerImpl (RaftServerImpl.java:setRole(174)) - 0751e0f1-7fb3-49fb-a20e-87d31723ec0e@group-D2F9F540C724: changes role from      null to FOLLOWER at term 0 for startAsFollower
2019-09-20 20:09:34,233 [pool-27-thread-1] INFO  server.RaftServerConfigKeys (ConfUtils.java:logGet(43)) - raft.server.snapshot.retention.num.files = 5 (custom)
2019-09-20 20:09:34,233 [pool-37-thread-1] INFO  server.RaftServerConfigKeys (ConfUtils.java:logGet(43)) - raft.server.snapshot.retention.num.files = 5 (custom)
2019-09-20 20:09:34,234 [pool-57-thread-1] INFO  impl.RoleInfo (RoleInfo.java:updateAndGet(143)) - 0751e0f1-7fb3-49fb-a20e-87d31723ec0e: start FollowerState
2019-09-20 20:09:34,234 [pool-37-thread-1] INFO  server.RaftServerConfigKeys (ConfUtils.java:logGet(43)) - raft.server.retrycache.expirytime = 600000ms (custom)
2019-09-20 20:09:34,234 [pool-27-thread-1] INFO  server.RaftServerConfigKeys (ConfUtils.java:logGet(43)) - raft.server.retrycache.expirytime = 600000ms (custom)
2019-09-20 20:09:34,234 [pool-57-thread-1] INFO  util.JmxRegister (JmxRegister.java:tryRegister(44)) - Successfully registered JMX Bean with object name Ratis:service=RaftServer,group=group-D2F9F540C724,id=0751e0f1-7fb3-49fb-a20e-87d31723ec0e
2019-09-20 20:09:34,239 [pool-37-thread-1] INFO  impl.RaftServerImpl (RaftServerImpl.java:start(185)) - 85d8bda3-0dc8-4b5c-a8cf-47f1674a54cd@group-D2F9F540C724: start as a follower, conf=-1: [0751e0f1-7fb3-49fb-a20e-87d31723ec0e:192.168.5.162:46621, 85d8bda3-0dc8-4b5c-a8cf-47f1674a54cd:192.168.5.162:33627, 661caf73-5e1e-47be-b577-b3ebe96959e7:192.168.5.162:33704], old=null
2019-09-20 20:09:34,239 [pool-37-thread-1] INFO  impl.RaftServerImpl (RaftServerImpl.java:setRole(174)) - 85d8bda3-0dc8-4b5c-a8cf-47f1674a54cd@group-D2F9F540C724: changes role from      null to FOLLOWER at term 0 for startAsFollower
2019-09-20 20:09:34,239 [pool-27-thread-1] INFO  impl.RaftServerImpl (RaftServerImpl.java:start(185)) - 661caf73-5e1e-47be-b577-b3ebe96959e7@group-D2F9F540C724: start as a follower, conf=-1: [0751e0f1-7fb3-49fb-a20e-87d31723ec0e:192.168.5.162:46621, 85d8bda3-0dc8-4b5c-a8cf-47f1674a54cd:192.168.5.162:33627, 661caf73-5e1e-47be-b577-b3ebe96959e7:192.168.5.162:33704], old=null
2019-09-20 20:09:34,239 [pool-37-thread-1] INFO  impl.RoleInfo (RoleInfo.java:updateAndGet(143)) - 85d8bda3-0dc8-4b5c-a8cf-47f1674a54cd: start FollowerState
2019-09-20 20:09:34,239 [pool-27-thread-1] INFO  impl.RaftServerImpl (RaftServerImpl.java:setRole(174)) - 661caf73-5e1e-47be-b577-b3ebe96959e7@group-D2F9F540C724: changes role from      null to FOLLOWER at term 0 for startAsFollower
2019-09-20 20:09:34,240 [pool-27-thread-1] INFO  impl.RoleInfo (RoleInfo.java:updateAndGet(143)) - 661caf73-5e1e-47be-b577-b3ebe96959e7: start FollowerState
2019-09-20 20:09:34,241 [pool-37-thread-1] INFO  util.JmxRegister (JmxRegister.java:tryRegister(44)) - Successfully registered JMX Bean with object name Ratis:service=RaftServer,group=group-D2F9F540C724,id=85d8bda3-0dc8-4b5c-a8cf-47f1674a54cd
2019-09-20 20:09:34,242 [pool-27-thread-1] INFO  util.JmxRegister (JmxRegister.java:tryRegister(44)) - Successfully registered JMX Bean with object name Ratis:service=RaftServer,group=group-D2F9F540C724,id=661caf73-5e1e-47be-b577-b3ebe96959e7
2019-09-20 20:09:34,246 [Thread-193] INFO  container.ReplicationManager (ReplicationManager.java:start(169)) - Replication Monitor Thread is already running.
2019-09-20 20:09:34,252 [RatisPipelineUtilsThread] INFO  pipeline.PipelineStateManager (PipelineStateManager.java:addPipeline(56)) - Created pipeline Pipeline[ Id: d147dc44-7125-45d5-820a-d2f9f540c724, Nodes: 85d8bda3-0dc8-4b5c-a8cf-47f1674a54cd{ip: 192.168.5.162, host: pr-hdds-2150-7dksv-2379377350, networkLocation: /default-rack, certSerialId: null}0751e0f1-7fb3-49fb-a20e-87d31723ec0e{ip: 192.168.5.162, host: pr-hdds-2150-7dksv-2379377350, networkLocation: /default-rack, certSerialId: null}661caf73-5e1e-47be-b577-b3ebe96959e7{ip: 192.168.5.162, host: pr-hdds-2150-7dksv-2379377350, networkLocation: /default-rack, certSerialId: null}, Type:RATIS, Factor:THREE, State:OPEN]
2019-09-20 20:09:34,306 [Command processor thread] ERROR commandhandler.CloseContainerCommandHandler (CloseContainerCommandHandler.java:handle(84)) - Container #1 does not exist in datanode. Container close failed.
2019-09-20 20:09:34,448 [Command processor thread] ERROR commandhandler.CloseContainerCommandHandler (CloseContainerCommandHandler.java:handle(84)) - Container #1 does not exist in datanode. Container close failed.
2019-09-20 20:09:34,484 [ReplicationMonitor] INFO  container.ReplicationManager (ReplicationManager.java:run(225)) - Replication Monitor Thread took 2 milliseconds for processing 1 containers.
2019-09-20 20:09:34,792 [grpc-default-executor-2] INFO  client.GrpcClientProtocolClient (GrpcClientProtocolClient.java:onNext(264)) - client-E17A2EA9AAF6->0751e0f1-7fb3-49fb-a20e-87d31723ec0e: receive RaftClientReply:client-E17A2EA9AAF6->0751e0f1-7fb3-49fb-a20e-87d31723ec0e@group-E2E3081D82B8, cid=8, FAILED org.apache.ratis.protocol.NotLeaderException: Server 0751e0f1-7fb3-49fb-a20e-87d31723ec0e@group-E2E3081D82B8 is not the leader, logIndex=0, commits[0751e0f1-7fb3-49fb-a20e-87d31723ec0e:c-1]
2019-09-20 20:09:35,815 [grpc-default-executor-2] INFO  client.GrpcClientProtocolClient (GrpcClientProtocolClient.java:onNext(264)) - client-E17A2EA9AAF6->85d8bda3-0dc8-4b5c-a8cf-47f1674a54cd: receive RaftClientReply:client-E17A2EA9AAF6->85d8bda3-0dc8-4b5c-a8cf-47f1674a54cd@group-E2E3081D82B8, cid=8, FAILED org.apache.ratis.protocol.NotLeaderException: Server 85d8bda3-0dc8-4b5c-a8cf-47f1674a54cd@group-E2E3081D82B8 is not the leader, logIndex=0, commits[85d8bda3-0dc8-4b5c-a8cf-47f1674a54cd:c-1]
2019-09-20 20:09:36,484 [ReplicationMonitor] INFO  container.ReplicationManager (ReplicationManager.java:run(225)) - Replication Monitor Thread took 0 milliseconds for processing 1 containers.
2019-09-20 20:09:36,841 [grpc-default-executor-1] INFO  client.GrpcClientProtocolClient (GrpcClientProtocolClient.java:onNext(264)) - client-E17A2EA9AAF6->0751e0f1-7fb3-49fb-a20e-87d31723ec0e: receive RaftClientReply:client-E17A2EA9AAF6->0751e0f1-7fb3-49fb-a20e-87d31723ec0e@group-E2E3081D82B8, cid=8, FAILED org.apache.ratis.protocol.NotLeaderException: Server 0751e0f1-7fb3-49fb-a20e-87d31723ec0e@group-E2E3081D82B8 is not the leader, logIndex=0, commits[0751e0f1-7fb3-49fb-a20e-87d31723ec0e:c-1]
2019-09-20 20:09:37,136 [Thread-195] INFO  impl.FollowerState (FollowerState.java:run(106)) - 661caf73-5e1e-47be-b577-b3ebe96959e7:group-E1C5F947EDE3 changes to CANDIDATE, lastRpcTime:5193, electionTimeout:5193ms
2019-09-20 20:09:37,140 [Thread-195] INFO  impl.RoleInfo (RoleInfo.java:shutdownFollowerState(121)) - 661caf73-5e1e-47be-b577-b3ebe96959e7: shutdown FollowerState
2019-09-20 20:09:37,140 [Thread-195] INFO  impl.RaftServerImpl (RaftServerImpl.java:setRole(174)) - 661caf73-5e1e-47be-b577-b3ebe96959e7@group-E1C5F947EDE3: changes role from  FOLLOWER to CANDIDATE at term 0 for changeToCandidate
2019-09-20 20:09:37,146 [Thread-195] INFO  impl.RoleInfo (RoleInfo.java:updateAndGet(143)) - 661caf73-5e1e-47be-b577-b3ebe96959e7: start LeaderElection
2019-09-20 20:09:37,165 [661caf73-5e1e-47be-b577-b3ebe96959e7@group-E1C5F947EDE3:LeaderElection1] INFO  impl.LeaderElection (LeaderElection.java:askForVotes(182)) - 661caf73-5e1e-47be-b577-b3ebe96959e7@group-E1C5F947EDE3:LeaderElection1: begin an election at term 1 for -1: [661caf73-5e1e-47be-b577-b3ebe96959e7:192.168.5.162:33704], old=null
2019-09-20 20:09:37,167 [661caf73-5e1e-47be-b577-b3ebe96959e7@group-E1C5F947EDE3:LeaderElection1] INFO  impl.RoleInfo (RoleInfo.java:shutdownLeaderElection(134)) - 661caf73-5e1e-47be-b577-b3ebe96959e7: shutdown LeaderElection
2019-09-20 20:09:37,168 [661caf73-5e1e-47be-b577-b3ebe96959e7@group-E1C5F947EDE3:LeaderElection1] INFO  impl.RaftServerImpl (RaftServerImpl.java:setRole(174)) - 661caf73-5e1e-47be-b577-b3ebe96959e7@group-E1C5F947EDE3: changes role from CANDIDATE to LEADER at term 1 for changeToLeader
2019-09-20 20:09:37,168 [661caf73-5e1e-47be-b577-b3ebe96959e7@group-E1C5F947EDE3:LeaderElection1] INFO  impl.RaftServerImpl (ServerState.java:setLeader(253)) - 661caf73-5e1e-47be-b577-b3ebe96959e7@group-E1C5F947EDE3: change Leader from null to 661caf73-5e1e-47be-b577-b3ebe96959e7 at term 1 for becomeLeader, leader elected after 5330ms
2019-09-20 20:09:37,175 [661caf73-5e1e-47be-b577-b3ebe96959e7@group-E1C5F947EDE3:LeaderElection1] INFO  server.RaftServerConfigKeys (ConfUtils.java:logGet(43)) - raft.server.staging.catchup.gap = 1000 (default)
2019-09-20 20:09:37,175 [661caf73-5e1e-47be-b577-b3ebe96959e7@group-E1C5F947EDE3:LeaderElection1] INFO  server.RaftServerConfigKeys (ConfUtils.java:logGet(43)) - raft.server.rpc.sleep.time = 25ms (default)
2019-09-20 20:09:37,178 [661caf73-5e1e-47be-b577-b3ebe96959e7@group-E1C5F947EDE3:LeaderElection1] INFO  server.RaftServerConfigKeys (ConfUtils.java:logGet(43)) - raft.server.write.element-limit = 4096 (default)
2019-09-20 20:09:37,181 [661caf73-5e1e-47be-b577-b3ebe96959e7@group-E1C5F947EDE3:LeaderElection1] INFO  server.RaftServerConfigKeys (ConfUtils.java:logGet(43)) - raft.server.watch.timeout = 10s (default)
2019-09-20 20:09:37,181 [661caf73-5e1e-47be-b577-b3ebe96959e7@group-E1C5F947EDE3:LeaderElection1] INFO  server.RaftServerConfigKeys (ConfUtils.java:logGet(43)) - raft.server.watch.timeout.denomination = 1s (default)
2019-09-20 20:09:37,182 [661caf73-5e1e-47be-b577-b3ebe96959e7@group-E1C5F947EDE3:LeaderElection1] INFO  server.RaftServerConfigKeys (ConfUtils.java:logGet(43)) - raft.server.watch.element-limit = 65536 (default)
2019-09-20 20:09:37,194 [661caf73-5e1e-47be-b577-b3ebe96959e7@group-E1C5F947EDE3:LeaderElection1] INFO  impl.RoleInfo (RoleInfo.java:updateAndGet(143)) - 661caf73-5e1e-47be-b577-b3ebe96959e7: start LeaderState
2019-09-20 20:09:37,218 [661caf73-5e1e-47be-b577-b3ebe96959e7@group-E1C5F947EDE3:LeaderElection1] INFO  segmented.SegmentedRaftLogWorker (SegmentedRaftLogWorker.java:startLogSegment(380)) - 661caf73-5e1e-47be-b577-b3ebe96959e7@group-E1C5F947EDE3-SegmentedRaftLogWorker: Starting segment from index:0
2019-09-20 20:09:37,218 [Thread-198] INFO  impl.FollowerState (FollowerState.java:run(106)) - 85d8bda3-0dc8-4b5c-a8cf-47f1674a54cd:group-DD7F99AFF912 changes to CANDIDATE, lastRpcTime:5061, electionTimeout:5060ms
2019-09-20 20:09:37,225 [Thread-198] INFO  impl.RoleInfo (RoleInfo.java:shutdownFollowerState(121)) - 85d8bda3-0dc8-4b5c-a8cf-47f1674a54cd: shutdown FollowerState
2019-09-20 20:09:37,225 [Thread-198] INFO  impl.RaftServerImpl (RaftServerImpl.java:setRole(174)) - 85d8bda3-0dc8-4b5c-a8cf-47f1674a54cd@group-DD7F99AFF912: changes role from  FOLLOWER to CANDIDATE at term 0 for changeToCandidate
2019-09-20 20:09:37,226 [Thread-198] INFO  impl.RoleInfo (RoleInfo.java:updateAndGet(143)) - 85d8bda3-0dc8-4b5c-a8cf-47f1674a54cd: start LeaderElection
2019-09-20 20:09:37,239 [661caf73-5e1e-47be-b577-b3ebe96959e7@group-E1C5F947EDE3:LeaderElection1] INFO  impl.RaftServerImpl (ServerState.java:setRaftConf(354)) - 661caf73-5e1e-47be-b577-b3ebe96959e7@group-E1C5F947EDE3: set configuration 0: [661caf73-5e1e-47be-b577-b3ebe96959e7:192.168.5.162:33704], old=null at 0
2019-09-20 20:09:37,246 [85d8bda3-0dc8-4b5c-a8cf-47f1674a54cd@group-DD7F99AFF912:LeaderElection2] INFO  impl.LeaderElection (LeaderElection.java:askForVotes(182)) - 85d8bda3-0dc8-4b5c-a8cf-47f1674a54cd@group-DD7F99AFF912:LeaderElection2: begin an election at term 1 for -1: [85d8bda3-0dc8-4b5c-a8cf-47f1674a54cd:192.168.5.162:33627], old=null
2019-09-20 20:09:37,246 [85d8bda3-0dc8-4b5c-a8cf-47f1674a54cd@group-DD7F99AFF912:LeaderElection2] INFO  impl.RoleInfo (RoleInfo.java:shutdownLeaderElection(134)) - 85d8bda3-0dc8-4b5c-a8cf-47f1674a54cd: shutdown LeaderElection
2019-09-20 20:09:37,246 [85d8bda3-0dc8-4b5c-a8cf-47f1674a54cd@group-DD7F99AFF912:LeaderElection2] INFO  impl.RaftServerImpl (RaftServerImpl.java:setRole(174)) - 85d8bda3-0dc8-4b5c-a8cf-47f1674a54cd@group-DD7F99AFF912: changes role from CANDIDATE to LEADER at term 1 for changeToLeader
2019-09-20 20:09:37,246 [85d8bda3-0dc8-4b5c-a8cf-47f1674a54cd@group-DD7F99AFF912:LeaderElection2] INFO  impl.RaftServerImpl (ServerState.java:setLeader(253)) - 85d8bda3-0dc8-4b5c-a8cf-47f1674a54cd@group-DD7F99AFF912: change Leader from null to 85d8bda3-0dc8-4b5c-a8cf-47f1674a54cd at term 1 for becomeLeader, leader elected after 5107ms
2019-09-20 20:09:37,247 [85d8bda3-0dc8-4b5c-a8cf-47f1674a54cd@group-DD7F99AFF912:LeaderElection2] INFO  server.RaftServerConfigKeys (ConfUtils.java:logGet(43)) - raft.server.staging.catchup.gap = 1000 (default)
2019-09-20 20:09:37,247 [85d8bda3-0dc8-4b5c-a8cf-47f1674a54cd@group-DD7F99AFF912:LeaderElection2] INFO  server.RaftServerConfigKeys (ConfUtils.java:logGet(43)) - raft.server.rpc.sleep.time = 25ms (default)
2019-09-20 20:09:37,247 [85d8bda3-0dc8-4b5c-a8cf-47f1674a54cd@group-DD7F99AFF912:LeaderElection2] INFO  server.RaftServerConfigKeys (ConfUtils.java:logGet(43)) - raft.server.write.element-limit = 4096 (default)
2019-09-20 20:09:37,247 [85d8bda3-0dc8-4b5c-a8cf-47f1674a54cd@group-DD7F99AFF912:LeaderElection2] INFO  server.RaftServerConfigKeys (ConfUtils.java:logGet(43)) - raft.server.watch.timeout = 10s (default)
2019-09-20 20:09:37,247 [85d8bda3-0dc8-4b5c-a8cf-47f1674a54cd@group-DD7F99AFF912:LeaderElection2] INFO  server.RaftServerConfigKeys (ConfUtils.java:logGet(43)) - raft.server.watch.timeout.denomination = 1s (default)
2019-09-20 20:09:37,248 [85d8bda3-0dc8-4b5c-a8cf-47f1674a54cd@group-DD7F99AFF912:LeaderElection2] INFO  server.RaftServerConfigKeys (ConfUtils.java:logGet(43)) - raft.server.watch.element-limit = 65536 (default)
2019-09-20 20:09:37,251 [85d8bda3-0dc8-4b5c-a8cf-47f1674a54cd@group-DD7F99AFF912:LeaderElection2] INFO  impl.RoleInfo (RoleInfo.java:updateAndGet(143)) - 85d8bda3-0dc8-4b5c-a8cf-47f1674a54cd: start LeaderState
2019-09-20 20:09:37,251 [85d8bda3-0dc8-4b5c-a8cf-47f1674a54cd@group-DD7F99AFF912:LeaderElection2] INFO  segmented.SegmentedRaftLogWorker (SegmentedRaftLogWorker.java:startLogSegment(380)) - 85d8bda3-0dc8-4b5c-a8cf-47f1674a54cd@group-DD7F99AFF912-SegmentedRaftLogWorker: Starting segment from index:0
2019-09-20 20:09:37,252 [85d8bda3-0dc8-4b5c-a8cf-47f1674a54cd@group-DD7F99AFF912:LeaderElection2] INFO  impl.RaftServerImpl (ServerState.java:setRaftConf(354)) - 85d8bda3-0dc8-4b5c-a8cf-47f1674a54cd@group-DD7F99AFF912: set configuration 0: [85d8bda3-0dc8-4b5c-a8cf-47f1674a54cd:192.168.5.162:33627], old=null at 0
2019-09-20 20:09:37,419 [661caf73-5e1e-47be-b577-b3ebe96959e7@group-E1C5F947EDE3-SegmentedRaftLogWorker] INFO  segmented.SegmentedRaftLogWorker (SegmentedRaftLogWorker.java:execute(569)) - 661caf73-5e1e-47be-b577-b3ebe96959e7@group-E1C5F947EDE3-SegmentedRaftLogWorker: created new log segment /workdir/hadoop-ozone/integration-test/target/test-dir/MiniOzoneClusterImpl-c37fe8cd-1444-4a91-8998-fe63ed8d38bf/datanode-0/data/ratis/b62bb53a-3d60-4b45-bb29-e1c5f947ede3/current/log_inprogress_0
2019-09-20 20:09:37,419 [85d8bda3-0dc8-4b5c-a8cf-47f1674a54cd@group-DD7F99AFF912-SegmentedRaftLogWorker] INFO  segmented.SegmentedRaftLogWorker (SegmentedRaftLogWorker.java:execute(569)) - 85d8bda3-0dc8-4b5c-a8cf-47f1674a54cd@group-DD7F99AFF912-SegmentedRaftLogWorker: created new log segment /workdir/hadoop-ozone/integration-test/target/test-dir/MiniOzoneClusterImpl-c37fe8cd-1444-4a91-8998-fe63ed8d38bf/datanode-1/data/ratis/0d7ee0e7-67f5-417a-bc33-dd7f99aff912/current/log_inprogress_0
2019-09-20 20:09:37,448 [Thread-201] INFO  impl.FollowerState (FollowerState.java:run(106)) - 0751e0f1-7fb3-49fb-a20e-87d31723ec0e:group-C3BF012DC609 changes to CANDIDATE, lastRpcTime:5120, electionTimeout:5120ms
2019-09-20 20:09:37,450 [Thread-201] INFO  impl.RoleInfo (RoleInfo.java:shutdownFollowerState(121)) - 0751e0f1-7fb3-49fb-a20e-87d31723ec0e: shutdown FollowerState
2019-09-20 20:09:37,451 [Thread-201] INFO  impl.RaftServerImpl (RaftServerImpl.java:setRole(174)) - 0751e0f1-7fb3-49fb-a20e-87d31723ec0e@group-C3BF012DC609: changes role from  FOLLOWER to CANDIDATE at term 0 for changeToCandidate
2019-09-20 20:09:37,451 [Thread-201] INFO  impl.RoleInfo (RoleInfo.java:updateAndGet(143)) - 0751e0f1-7fb3-49fb-a20e-87d31723ec0e: start LeaderElection
2019-09-20 20:09:37,472 [0751e0f1-7fb3-49fb-a20e-87d31723ec0e@group-C3BF012DC609:LeaderElection3] INFO  impl.LeaderElection (LeaderElection.java:askForVotes(182)) - 0751e0f1-7fb3-49fb-a20e-87d31723ec0e@group-C3BF012DC609:LeaderElection3: begin an election at term 1 for -1: [0751e0f1-7fb3-49fb-a20e-87d31723ec0e:192.168.5.162:46621], old=null
2019-09-20 20:09:37,473 [0751e0f1-7fb3-49fb-a20e-87d31723ec0e@group-C3BF012DC609:LeaderElection3] INFO  impl.RoleInfo (RoleInfo.java:shutdownLeaderElection(134)) - 0751e0f1-7fb3-49fb-a20e-87d31723ec0e: shutdown LeaderElection
2019-09-20 20:09:37,473 [0751e0f1-7fb3-49fb-a20e-87d31723ec0e@group-C3BF012DC609:LeaderElection3] INFO  impl.RaftServerImpl (RaftServerImpl.java:setRole(174)) - 0751e0f1-7fb3-49fb-a20e-87d31723ec0e@group-C3BF012DC609: changes role from CANDIDATE to LEADER at term 1 for changeToLeader
2019-09-20 20:09:37,474 [0751e0f1-7fb3-49fb-a20e-87d31723ec0e@group-C3BF012DC609:LeaderElection3] INFO  impl.RaftServerImpl (ServerState.java:setLeader(253)) - 0751e0f1-7fb3-49fb-a20e-87d31723ec0e@group-C3BF012DC609: change Leader from null to 0751e0f1-7fb3-49fb-a20e-87d31723ec0e at term 1 for becomeLeader, leader elected after 5180ms
2019-09-20 20:09:37,474 [0751e0f1-7fb3-49fb-a20e-87d31723ec0e@group-C3BF012DC609:LeaderElection3] INFO  server.RaftServerConfigKeys (ConfUtils.java:logGet(43)) - raft.server.staging.catchup.gap = 1000 (default)
2019-09-20 20:09:37,475 [0751e0f1-7fb3-49fb-a20e-87d31723ec0e@group-C3BF012DC609:LeaderElection3] INFO  server.RaftServerConfigKeys (ConfUtils.java:logGet(43)) - raft.server.rpc.sleep.time = 25ms (default)
2019-09-20 20:09:37,475 [0751e0f1-7fb3-49fb-a20e-87d31723ec0e@group-C3BF012DC609:LeaderElection3] INFO  server.RaftServerConfigKeys (ConfUtils.java:logGet(43)) - raft.server.write.element-limit = 4096 (default)
2019-09-20 20:09:37,475 [0751e0f1-7fb3-49fb-a20e-87d31723ec0e@group-C3BF012DC609:LeaderElection3] INFO  server.RaftServerConfigKeys (ConfUtils.java:logGet(43)) - raft.server.watch.timeout = 10s (default)
2019-09-20 20:09:37,475 [0751e0f1-7fb3-49fb-a20e-87d31723ec0e@group-C3BF012DC609:LeaderElection3] INFO  server.RaftServerConfigKeys (ConfUtils.java:logGet(43)) - raft.server.watch.timeout.denomination = 1s (default)
2019-09-20 20:09:37,475 [0751e0f1-7fb3-49fb-a20e-87d31723ec0e@group-C3BF012DC609:LeaderElection3] INFO  server.RaftServerConfigKeys (ConfUtils.java:logGet(43)) - raft.server.watch.element-limit = 65536 (default)
2019-09-20 20:09:37,478 [0751e0f1-7fb3-49fb-a20e-87d31723ec0e@group-C3BF012DC609:LeaderElection3] INFO  impl.RoleInfo (RoleInfo.java:updateAndGet(143)) - 0751e0f1-7fb3-49fb-a20e-87d31723ec0e: start LeaderState
2019-09-20 20:09:37,478 [0751e0f1-7fb3-49fb-a20e-87d31723ec0e@group-C3BF012DC609:LeaderElection3] INFO  segmented.SegmentedRaftLogWorker (SegmentedRaftLogWorker.java:startLogSegment(380)) - 0751e0f1-7fb3-49fb-a20e-87d31723ec0e@group-C3BF012DC609-SegmentedRaftLogWorker: Starting segment from index:0
2019-09-20 20:09:37,478 [0751e0f1-7fb3-49fb-a20e-87d31723ec0e@group-C3BF012DC609:LeaderElection3] INFO  impl.RaftServerImpl (ServerState.java:setRaftConf(354)) - 0751e0f1-7fb3-49fb-a20e-87d31723ec0e@group-C3BF012DC609: set configuration 0: [0751e0f1-7fb3-49fb-a20e-87d31723ec0e:192.168.5.162:46621], old=null at 0
2019-09-20 20:09:37,520 [Thread-204] INFO  impl.FollowerState (FollowerState.java:run(106)) - cdbdd05e-9d39-4d5a-9905-4d1ed8c5fc71:group-8CE0B8D5C0FF changes to CANDIDATE, lastRpcTime:5081, electionTimeout:5081ms
2019-09-20 20:09:37,521 [Thread-204] INFO  impl.RoleInfo (RoleInfo.java:shutdownFollowerState(121)) - cdbdd05e-9d39-4d5a-9905-4d1ed8c5fc71: shutdown FollowerState
2019-09-20 20:09:37,521 [Thread-204] INFO  impl.RaftServerImpl (RaftServerImpl.java:setRole(174)) - cdbdd05e-9d39-4d5a-9905-4d1ed8c5fc71@group-8CE0B8D5C0FF: changes role from  FOLLOWER to CANDIDATE at term 0 for changeToCandidate
2019-09-20 20:09:37,521 [Thread-204] INFO  impl.RoleInfo (RoleInfo.java:updateAndGet(143)) - cdbdd05e-9d39-4d5a-9905-4d1ed8c5fc71: start LeaderElection
2019-09-20 20:09:37,524 [0751e0f1-7fb3-49fb-a20e-87d31723ec0e@group-C3BF012DC609-SegmentedRaftLogWorker] INFO  segmented.SegmentedRaftLogWorker (SegmentedRaftLogWorker.java:execute(569)) - 0751e0f1-7fb3-49fb-a20e-87d31723ec0e@group-C3BF012DC609-SegmentedRaftLogWorker: created new log segment /workdir/hadoop-ozone/integration-test/target/test-dir/MiniOzoneClusterImpl-c37fe8cd-1444-4a91-8998-fe63ed8d38bf/datanode-3/data/ratis/8a537e4b-53dd-4c49-90e5-c3bf012dc609/current/log_inprogress_0
2019-09-20 20:09:37,539 [cdbdd05e-9d39-4d5a-9905-4d1ed8c5fc71@group-8CE0B8D5C0FF:LeaderElection4] INFO  impl.LeaderElection (LeaderElection.java:askForVotes(182)) - cdbdd05e-9d39-4d5a-9905-4d1ed8c5fc71@group-8CE0B8D5C0FF:LeaderElection4: begin an election at term 1 for -1: [cdbdd05e-9d39-4d5a-9905-4d1ed8c5fc71:192.168.5.162:44134], old=null
2019-09-20 20:09:37,539 [cdbdd05e-9d39-4d5a-9905-4d1ed8c5fc71@group-8CE0B8D5C0FF:LeaderElection4] INFO  impl.RoleInfo (RoleInfo.java:shutdownLeaderElection(134)) - cdbdd05e-9d39-4d5a-9905-4d1ed8c5fc71: shutdown LeaderElection
2019-09-20 20:09:37,539 [cdbdd05e-9d39-4d5a-9905-4d1ed8c5fc71@group-8CE0B8D5C0FF:LeaderElection4] INFO  impl.RaftServerImpl (RaftServerImpl.java:setRole(174)) - cdbdd05e-9d39-4d5a-9905-4d1ed8c5fc71@group-8CE0B8D5C0FF: changes role from CANDIDATE to LEADER at term 1 for changeToLeader
2019-09-20 20:09:37,539 [cdbdd05e-9d39-4d5a-9905-4d1ed8c5fc71@group-8CE0B8D5C0FF:LeaderElection4] INFO  impl.RaftServerImpl (ServerState.java:setLeader(253)) - cdbdd05e-9d39-4d5a-9905-4d1ed8c5fc71@group-8CE0B8D5C0FF: change Leader from null to cdbdd05e-9d39-4d5a-9905-4d1ed8c5fc71 at term 1 for becomeLeader, leader elected after 5120ms
2019-09-20 20:09:37,540 [cdbdd05e-9d39-4d5a-9905-4d1ed8c5fc71@group-8CE0B8D5C0FF:LeaderElection4] INFO  server.RaftServerConfigKeys (ConfUtils.java:logGet(43)) - raft.server.staging.catchup.gap = 1000 (default)
2019-09-20 20:09:37,541 [cdbdd05e-9d39-4d5a-9905-4d1ed8c5fc71@group-8CE0B8D5C0FF:LeaderElection4] INFO  server.RaftServerConfigKeys (ConfUtils.java:logGet(43)) - raft.server.rpc.sleep.time = 25ms (default)
2019-09-20 20:09:37,541 [cdbdd05e-9d39-4d5a-9905-4d1ed8c5fc71@group-8CE0B8D5C0FF:LeaderElection4] INFO  server.RaftServerConfigKeys (ConfUtils.java:logGet(43)) - raft.server.write.element-limit = 4096 (default)
2019-09-20 20:09:37,541 [cdbdd05e-9d39-4d5a-9905-4d1ed8c5fc71@group-8CE0B8D5C0FF:LeaderElection4] INFO  server.RaftServerConfigKeys (ConfUtils.java:logGet(43)) - raft.server.watch.timeout = 10s (default)
2019-09-20 20:09:37,541 [cdbdd05e-9d39-4d5a-9905-4d1ed8c5fc71@group-8CE0B8D5C0FF:LeaderElection4] INFO  server.RaftServerConfigKeys (ConfUtils.java:logGet(43)) - raft.server.watch.timeout.denomination = 1s (default)
2019-09-20 20:09:37,541 [cdbdd05e-9d39-4d5a-9905-4d1ed8c5fc71@group-8CE0B8D5C0FF:LeaderElection4] INFO  server.RaftServerConfigKeys (ConfUtils.java:logGet(43)) - raft.server.watch.element-limit = 65536 (default)
2019-09-20 20:09:37,544 [cdbdd05e-9d39-4d5a-9905-4d1ed8c5fc71@group-8CE0B8D5C0FF:LeaderElection4] INFO  impl.RoleInfo (RoleInfo.java:updateAndGet(143)) - cdbdd05e-9d39-4d5a-9905-4d1ed8c5fc71: start LeaderState
2019-09-20 20:09:37,545 [cdbdd05e-9d39-4d5a-9905-4d1ed8c5fc71@group-8CE0B8D5C0FF:LeaderElection4] INFO  segmented.SegmentedRaftLogWorker (SegmentedRaftLogWorker.java:startLogSegment(380)) - cdbdd05e-9d39-4d5a-9905-4d1ed8c5fc71@group-8CE0B8D5C0FF-SegmentedRaftLogWorker: Starting segment from index:0
2019-09-20 20:09:37,545 [cdbdd05e-9d39-4d5a-9905-4d1ed8c5fc71@group-8CE0B8D5C0FF:LeaderElection4] INFO  impl.RaftServerImpl (ServerState.java:setRaftConf(354)) - cdbdd05e-9d39-4d5a-9905-4d1ed8c5fc71@group-8CE0B8D5C0FF: set configuration 0: [cdbdd05e-9d39-4d5a-9905-4d1ed8c5fc71:192.168.5.162:44134], old=null at 0
2019-09-20 20:09:37,588 [cdbdd05e-9d39-4d5a-9905-4d1ed8c5fc71@group-8CE0B8D5C0FF-SegmentedRaftLogWorker] INFO  segmented.SegmentedRaftLogWorker (SegmentedRaftLogWorker.java:execute(569)) - cdbdd05e-9d39-4d5a-9905-4d1ed8c5fc71@group-8CE0B8D5C0FF-SegmentedRaftLogWorker: created new log segment /workdir/hadoop-ozone/integration-test/target/test-dir/MiniOzoneClusterImpl-c37fe8cd-1444-4a91-8998-fe63ed8d38bf/datanode-2/data/ratis/8cd01001-3940-4888-ad57-8ce0b8d5c0ff/current/log_inprogress_0
2019-09-20 20:09:37,673 [Thread-212] INFO  impl.FollowerState (FollowerState.java:run(106)) - 661caf73-5e1e-47be-b577-b3ebe96959e7:group-E2E3081D82B8 changes to CANDIDATE, lastRpcTime:5077, electionTimeout:5077ms
2019-09-20 20:09:37,674 [Thread-212] INFO  impl.RoleInfo (RoleInfo.java:shutdownFollowerState(121)) - 661caf73-5e1e-47be-b577-b3ebe96959e7: shutdown FollowerState
2019-09-20 20:09:37,674 [Thread-212] INFO  impl.RaftServerImpl (RaftServerImpl.java:setRole(174)) - 661caf73-5e1e-47be-b577-b3ebe96959e7@group-E2E3081D82B8: changes role from  FOLLOWER to CANDIDATE at term 0 for changeToCandidate
2019-09-20 20:09:37,674 [Thread-212] INFO  impl.RoleInfo (RoleInfo.java:updateAndGet(143)) - 661caf73-5e1e-47be-b577-b3ebe96959e7: start LeaderElection
2019-09-20 20:09:37,702 [661caf73-5e1e-47be-b577-b3ebe96959e7@group-E2E3081D82B8:LeaderElection5] INFO  impl.LeaderElection (LeaderElection.java:askForVotes(182)) - 661caf73-5e1e-47be-b577-b3ebe96959e7@group-E2E3081D82B8:LeaderElection5: begin an election at term 1 for -1: [0751e0f1-7fb3-49fb-a20e-87d31723ec0e:192.168.5.162:46621, 85d8bda3-0dc8-4b5c-a8cf-47f1674a54cd:192.168.5.162:33627, 661caf73-5e1e-47be-b577-b3ebe96959e7:192.168.5.162:33704], old=null
2019-09-20 20:09:37,723 [Thread-213] INFO  impl.FollowerState (FollowerState.java:run(106)) - 0751e0f1-7fb3-49fb-a20e-87d31723ec0e:group-E2E3081D82B8 changes to CANDIDATE, lastRpcTime:5126, electionTimeout:5126ms
2019-09-20 20:09:37,724 [Thread-213] INFO  impl.RoleInfo (RoleInfo.java:shutdownFollowerState(121)) - 0751e0f1-7fb3-49fb-a20e-87d31723ec0e: shutdown FollowerState
2019-09-20 20:09:37,724 [Thread-213] INFO  impl.RaftServerImpl (RaftServerImpl.java:setRole(174)) - 0751e0f1-7fb3-49fb-a20e-87d31723ec0e@group-E2E3081D82B8: changes role from  FOLLOWER to CANDIDATE at term 0 for changeToCandidate
2019-09-20 20:09:37,725 [Thread-213] INFO  impl.RoleInfo (RoleInfo.java:updateAndGet(143)) - 0751e0f1-7fb3-49fb-a20e-87d31723ec0e: start LeaderElection
2019-09-20 20:09:37,729 [grpc-default-executor-2] INFO  impl.RaftServerImpl (RaftServerImpl.java:setRole(174)) - 85d8bda3-0dc8-4b5c-a8cf-47f1674a54cd@group-E2E3081D82B8: changes role from  FOLLOWER to FOLLOWER at term 1 for recognizeCandidate:661caf73-5e1e-47be-b577-b3ebe96959e7
2019-09-20 20:09:37,729 [grpc-default-executor-2] INFO  impl.RoleInfo (RoleInfo.java:shutdownFollowerState(121)) - 85d8bda3-0dc8-4b5c-a8cf-47f1674a54cd: shutdown FollowerState
2019-09-20 20:09:37,730 [grpc-default-executor-2] INFO  impl.RoleInfo (RoleInfo.java:updateAndGet(143)) - 85d8bda3-0dc8-4b5c-a8cf-47f1674a54cd: start FollowerState
2019-09-20 20:09:37,730 [Thread-210] INFO  impl.FollowerState (FollowerState.java:run(115)) - 85d8bda3-0dc8-4b5c-a8cf-47f1674a54cd: FollowerState was interrupted: java.lang.InterruptedException: sleep interrupted
2019-09-20 20:09:37,746 [0751e0f1-7fb3-49fb-a20e-87d31723ec0e@group-E2E3081D82B8:LeaderElection6] INFO  impl.LeaderElection (LeaderElection.java:askForVotes(182)) - 0751e0f1-7fb3-49fb-a20e-87d31723ec0e@group-E2E3081D82B8:LeaderElection6: begin an election at term 1 for -1: [0751e0f1-7fb3-49fb-a20e-87d31723ec0e:192.168.5.162:46621, 85d8bda3-0dc8-4b5c-a8cf-47f1674a54cd:192.168.5.162:33627, 661caf73-5e1e-47be-b577-b3ebe96959e7:192.168.5.162:33704], old=null
2019-09-20 20:09:37,769 [661caf73-5e1e-47be-b577-b3ebe96959e7@group-E2E3081D82B8:LeaderElection5] INFO  impl.LeaderElection (LeaderElection.java:logAndReturn(56)) - 661caf73-5e1e-47be-b577-b3ebe96959e7@group-E2E3081D82B8:LeaderElection5: Election PASSED; received 2 response(s) [661caf73-5e1e-47be-b577-b3ebe96959e7<-0751e0f1-7fb3-49fb-a20e-87d31723ec0e#0:FAIL-t1, 661caf73-5e1e-47be-b577-b3ebe96959e7<-85d8bda3-0dc8-4b5c-a8cf-47f1674a54cd#0:OK-t1] and 0 exception(s); 661caf73-5e1e-47be-b577-b3ebe96959e7@group-E2E3081D82B8:t1, leader=null, voted=661caf73-5e1e-47be-b577-b3ebe96959e7, raftlog=661caf73-5e1e-47be-b577-b3ebe96959e7@group-E2E3081D82B8-SegmentedRaftLog:OPENED:c-1,f-1,i0, conf=-1: [0751e0f1-7fb3-49fb-a20e-87d31723ec0e:192.168.5.162:46621, 85d8bda3-0dc8-4b5c-a8cf-47f1674a54cd:192.168.5.162:33627, 661caf73-5e1e-47be-b577-b3ebe96959e7:192.168.5.162:33704], old=null
2019-09-20 20:09:37,774 [661caf73-5e1e-47be-b577-b3ebe96959e7@group-E2E3081D82B8:LeaderElection5] INFO  impl.RoleInfo (RoleInfo.java:shutdownLeaderElection(134)) - 661caf73-5e1e-47be-b577-b3ebe96959e7: shutdown LeaderElection
2019-09-20 20:09:37,774 [661caf73-5e1e-47be-b577-b3ebe96959e7@group-E2E3081D82B8:LeaderElection5] INFO  impl.RaftServerImpl (RaftServerImpl.java:setRole(174)) - 661caf73-5e1e-47be-b577-b3ebe96959e7@group-E2E3081D82B8: changes role from CANDIDATE to LEADER at term 1 for changeToLeader
2019-09-20 20:09:37,776 [661caf73-5e1e-47be-b577-b3ebe96959e7@group-E2E3081D82B8:LeaderElection5] INFO  impl.RaftServerImpl (ServerState.java:setLeader(253)) - 661caf73-5e1e-47be-b577-b3ebe96959e7@group-E2E3081D82B8: change Leader from null to 661caf73-5e1e-47be-b577-b3ebe96959e7 at term 1 for becomeLeader, leader elected after 5205ms
2019-09-20 20:09:37,776 [661caf73-5e1e-47be-b577-b3ebe96959e7@group-E2E3081D82B8:LeaderElection5] INFO  server.RaftServerConfigKeys (ConfUtils.java:logGet(43)) - raft.server.staging.catchup.gap = 1000 (default)
2019-09-20 20:09:37,776 [661caf73-5e1e-47be-b577-b3ebe96959e7@group-E2E3081D82B8:LeaderElection5] INFO  server.RaftServerConfigKeys (ConfUtils.java:logGet(43)) - raft.server.rpc.sleep.time = 25ms (default)
2019-09-20 20:09:37,777 [661caf73-5e1e-47be-b577-b3ebe96959e7@group-E2E3081D82B8:LeaderElection5] INFO  server.RaftServerConfigKeys (ConfUtils.java:logGet(43)) - raft.server.write.element-limit = 4096 (default)
2019-09-20 20:09:37,777 [661caf73-5e1e-47be-b577-b3ebe96959e7@group-E2E3081D82B8:LeaderElection5] INFO  server.RaftServerConfigKeys (ConfUtils.java:logGet(43)) - raft.server.watch.timeout = 10s (default)
2019-09-20 20:09:37,777 [661caf73-5e1e-47be-b577-b3ebe96959e7@group-E2E3081D82B8:LeaderElection5] INFO  server.RaftServerConfigKeys (ConfUtils.java:logGet(43)) - raft.server.watch.timeout.denomination = 1s (default)
2019-09-20 20:09:37,777 [661caf73-5e1e-47be-b577-b3ebe96959e7@group-E2E3081D82B8:LeaderElection5] INFO  server.RaftServerConfigKeys (ConfUtils.java:logGet(43)) - raft.server.watch.element-limit = 65536 (default)
2019-09-20 20:09:37,783 [661caf73-5e1e-47be-b577-b3ebe96959e7@group-E2E3081D82B8:LeaderElection5] INFO  server.RaftServerConfigKeys (ConfUtils.java:logGet(43)) - raft.server.log.appender.snapshot.chunk.size.max = 16MB (=16777216) (default)
2019-09-20 20:09:37,783 [661caf73-5e1e-47be-b577-b3ebe96959e7@group-E2E3081D82B8:LeaderElection5] INFO  server.RaftServerConfigKeys (ConfUtils.java:logGet(43)) - raft.server.log.appender.buffer.byte-limit = 33554432 (custom)
2019-09-20 20:09:37,783 [661caf73-5e1e-47be-b577-b3ebe96959e7@group-E2E3081D82B8:LeaderElection5] INFO  server.RaftServerConfigKeys (ConfUtils.java:logGet(43)) - raft.server.log.appender.buffer.element-limit = 1 (custom)
2019-09-20 20:09:37,786 [661caf73-5e1e-47be-b577-b3ebe96959e7@group-E2E3081D82B8:LeaderElection5] INFO  grpc.GrpcConfigKeys$Server (ConfUtils.java:logGet(43)) - raft.grpc.server.leader.outstanding.appends.max = 128 (default)
2019-09-20 20:09:37,787 [661caf73-5e1e-47be-b577-b3ebe96959e7@group-E2E3081D82B8:LeaderElection5] INFO  server.RaftServerConfigKeys (ConfUtils.java:logGet(43)) - raft.server.rpc.request.timeout = 3000ms (default)
2019-09-20 20:09:37,787 [661caf73-5e1e-47be-b577-b3ebe96959e7@group-E2E3081D82B8:LeaderElection5] INFO  server.RaftServerConfigKeys (ConfUtils.java:logGet(43)) - raft.server.log.appender.install.snapshot.enabled = false (custom)
2019-09-20 20:09:37,788 [661caf73-5e1e-47be-b577-b3ebe96959e7@group-E2E3081D82B8:LeaderElection5] INFO  server.RaftServerConfigKeys (ConfUtils.java:logGet(43)) - raft.server.log.appender.snapshot.chunk.size.max = 16MB (=16777216) (default)
2019-09-20 20:09:37,788 [661caf73-5e1e-47be-b577-b3ebe96959e7@group-E2E3081D82B8:LeaderElection5] INFO  server.RaftServerConfigKeys (ConfUtils.java:logGet(43)) - raft.server.log.appender.buffer.byte-limit = 33554432 (custom)
2019-09-20 20:09:37,788 [661caf73-5e1e-47be-b577-b3ebe96959e7@group-E2E3081D82B8:LeaderElection5] INFO  server.RaftServerConfigKeys (ConfUtils.java:logGet(43)) - raft.server.log.appender.buffer.element-limit = 1 (custom)
2019-09-20 20:09:37,788 [661caf73-5e1e-47be-b577-b3ebe96959e7@group-E2E3081D82B8:LeaderElection5] INFO  grpc.GrpcConfigKeys$Server (ConfUtils.java:logGet(43)) - raft.grpc.server.leader.outstanding.appends.max = 128 (default)
2019-09-20 20:09:37,788 [661caf73-5e1e-47be-b577-b3ebe96959e7@group-E2E3081D82B8:LeaderElection5] INFO  server.RaftServerConfigKeys (ConfUtils.java:logGet(43)) - raft.server.rpc.request.timeout = 3000ms (default)
2019-09-20 20:09:37,788 [661caf73-5e1e-47be-b577-b3ebe96959e7@group-E2E3081D82B8:LeaderElection5] INFO  server.RaftServerConfigKeys (ConfUtils.java:logGet(43)) - raft.server.log.appender.install.snapshot.enabled = false (custom)
2019-09-20 20:09:37,789 [661caf73-5e1e-47be-b577-b3ebe96959e7@group-E2E3081D82B8:LeaderElection5] INFO  impl.RoleInfo (RoleInfo.java:updateAndGet(143)) - 661caf73-5e1e-47be-b577-b3ebe96959e7: start LeaderState
2019-09-20 20:09:37,790 [661caf73-5e1e-47be-b577-b3ebe96959e7@group-E2E3081D82B8:LeaderElection5] INFO  segmented.SegmentedRaftLogWorker (SegmentedRaftLogWorker.java:startLogSegment(380)) - 661caf73-5e1e-47be-b577-b3ebe96959e7@group-E2E3081D82B8-SegmentedRaftLogWorker: Starting segment from index:0
2019-09-20 20:09:37,790 [661caf73-5e1e-47be-b577-b3ebe96959e7@group-E2E3081D82B8:LeaderElection5] INFO  impl.RaftServerImpl (ServerState.java:setRaftConf(354)) - 661caf73-5e1e-47be-b577-b3ebe96959e7@group-E2E3081D82B8: set configuration 0: [0751e0f1-7fb3-49fb-a20e-87d31723ec0e:192.168.5.162:46621, 85d8bda3-0dc8-4b5c-a8cf-47f1674a54cd:192.168.5.162:33627, 661caf73-5e1e-47be-b577-b3ebe96959e7:192.168.5.162:33704], old=null at 0
2019-09-20 20:09:37,824 [grpc-default-executor-3] INFO  impl.RaftServerImpl (RaftServerImpl.java:requestVote(758)) - 661caf73-5e1e-47be-b577-b3ebe96959e7@group-E2E3081D82B8-   LEADER: Withhold vote from candidate 0751e0f1-7fb3-49fb-a20e-87d31723ec0e with term 1. State: leader=661caf73-5e1e-47be-b577-b3ebe96959e7, term=1, lastRpcElapsed=null
2019-09-20 20:09:37,830 [661caf73-5e1e-47be-b577-b3ebe96959e7@group-E2E3081D82B8-SegmentedRaftLogWorker] INFO  segmented.SegmentedRaftLogWorker (SegmentedRaftLogWorker.java:execute(569)) - 661caf73-5e1e-47be-b577-b3ebe96959e7@group-E2E3081D82B8-SegmentedRaftLogWorker: created new log segment /workdir/hadoop-ozone/integration-test/target/test-dir/MiniOzoneClusterImpl-c37fe8cd-1444-4a91-8998-fe63ed8d38bf/datanode-0/data/ratis/c59f03a1-5569-4bf8-96a7-e2e3081d82b8/current/log_inprogress_0
2019-09-20 20:09:37,831 [0751e0f1-7fb3-49fb-a20e-87d31723ec0e@group-E2E3081D82B8:LeaderElection6] INFO  impl.LeaderElection (LeaderElection.java:logAndReturn(56)) - 0751e0f1-7fb3-49fb-a20e-87d31723ec0e@group-E2E3081D82B8:LeaderElection6: Election REJECTED; received 2 response(s) [0751e0f1-7fb3-49fb-a20e-87d31723ec0e<-85d8bda3-0dc8-4b5c-a8cf-47f1674a54cd#0:FAIL-t1, 0751e0f1-7fb3-49fb-a20e-87d31723ec0e<-661caf73-5e1e-47be-b577-b3ebe96959e7#0:FAIL-t1] and 0 exception(s); 0751e0f1-7fb3-49fb-a20e-87d31723ec0e@group-E2E3081D82B8:t1, leader=null, voted=0751e0f1-7fb3-49fb-a20e-87d31723ec0e, raftlog=0751e0f1-7fb3-49fb-a20e-87d31723ec0e@group-E2E3081D82B8-SegmentedRaftLog:OPENED:c-1,f-1,i0, conf=-1: [0751e0f1-7fb3-49fb-a20e-87d31723ec0e:192.168.5.162:46621, 85d8bda3-0dc8-4b5c-a8cf-47f1674a54cd:192.168.5.162:33627, 661caf73-5e1e-47be-b577-b3ebe96959e7:192.168.5.162:33704], old=null
2019-09-20 20:09:37,831 [0751e0f1-7fb3-49fb-a20e-87d31723ec0e@group-E2E3081D82B8:LeaderElection6] INFO  impl.RaftServerImpl (RaftServerImpl.java:setRole(174)) - 0751e0f1-7fb3-49fb-a20e-87d31723ec0e@group-E2E3081D82B8: changes role from CANDIDATE to FOLLOWER at term 1 for DISCOVERED_A_NEW_TERM
2019-09-20 20:09:37,832 [0751e0f1-7fb3-49fb-a20e-87d31723ec0e@group-E2E3081D82B8:LeaderElection6] INFO  impl.RoleInfo (RoleInfo.java:shutdownLeaderElection(134)) - 0751e0f1-7fb3-49fb-a20e-87d31723ec0e: shutdown LeaderElection
2019-09-20 20:09:37,832 [0751e0f1-7fb3-49fb-a20e-87d31723ec0e@group-E2E3081D82B8:LeaderElection6] INFO  impl.RoleInfo (RoleInfo.java:updateAndGet(143)) - 0751e0f1-7fb3-49fb-a20e-87d31723ec0e: start FollowerState
2019-09-20 20:09:37,856 [grpc-default-executor-2] INFO  impl.RaftServerImpl (ServerState.java:setLeader(253)) - 85d8bda3-0dc8-4b5c-a8cf-47f1674a54cd@group-E2E3081D82B8: change Leader from null to 661caf73-5e1e-47be-b577-b3ebe96959e7 at term 1 for appendEntries, leader elected after 5285ms
2019-09-20 20:09:37,856 [grpc-default-executor-3] INFO  impl.RaftServerImpl (ServerState.java:setLeader(253)) - 0751e0f1-7fb3-49fb-a20e-87d31723ec0e@group-E2E3081D82B8: change Leader from null to 661caf73-5e1e-47be-b577-b3ebe96959e7 at term 1 for appendEntries, leader elected after 5285ms
2019-09-20 20:09:37,869 [grpc-default-executor-0] INFO  client.GrpcClientProtocolClient (GrpcClientProtocolClient.java:onNext(264)) - client-E17A2EA9AAF6->85d8bda3-0dc8-4b5c-a8cf-47f1674a54cd: receive RaftClientReply:client-E17A2EA9AAF6->85d8bda3-0dc8-4b5c-a8cf-47f1674a54cd@group-E2E3081D82B8, cid=8, FAILED org.apache.ratis.protocol.NotLeaderException: Server 85d8bda3-0dc8-4b5c-a8cf-47f1674a54cd@group-E2E3081D82B8 is not the leader 661caf73-5e1e-47be-b577-b3ebe96959e7:192.168.5.162:33704, logIndex=0, commits[85d8bda3-0dc8-4b5c-a8cf-47f1674a54cd:c-1, 0751e0f1-7fb3-49fb-a20e-87d31723ec0e:c-1, 661caf73-5e1e-47be-b577-b3ebe96959e7:c-1]
2019-09-20 20:09:37,890 [grpc-default-executor-3] INFO  impl.RaftServerImpl (ServerState.java:setRaftConf(354)) - 0751e0f1-7fb3-49fb-a20e-87d31723ec0e@group-E2E3081D82B8: set configuration 0: [0751e0f1-7fb3-49fb-a20e-87d31723ec0e:192.168.5.162:46621, 85d8bda3-0dc8-4b5c-a8cf-47f1674a54cd:192.168.5.162:33627, 661caf73-5e1e-47be-b577-b3ebe96959e7:192.168.5.162:33704], old=null at 0
2019-09-20 20:09:37,891 [grpc-default-executor-3] INFO  segmented.SegmentedRaftLogWorker (SegmentedRaftLogWorker.java:startLogSegment(380)) - 0751e0f1-7fb3-49fb-a20e-87d31723ec0e@group-E2E3081D82B8-SegmentedRaftLogWorker: Starting segment from index:0
2019-09-20 20:09:37,891 [grpc-default-executor-1] INFO  impl.RaftServerImpl (ServerState.java:setRaftConf(354)) - 85d8bda3-0dc8-4b5c-a8cf-47f1674a54cd@group-E2E3081D82B8: set configuration 0: [0751e0f1-7fb3-49fb-a20e-87d31723ec0e:192.168.5.162:46621, 85d8bda3-0dc8-4b5c-a8cf-47f1674a54cd:192.168.5.162:33627, 661caf73-5e1e-47be-b577-b3ebe96959e7:192.168.5.162:33704], old=null at 0
2019-09-20 20:09:37,892 [grpc-default-executor-1] INFO  segmented.SegmentedRaftLogWorker (SegmentedRaftLogWorker.java:startLogSegment(380)) - 85d8bda3-0dc8-4b5c-a8cf-47f1674a54cd@group-E2E3081D82B8-SegmentedRaftLogWorker: Starting segment from index:0
2019-09-20 20:09:37,924 [85d8bda3-0dc8-4b5c-a8cf-47f1674a54cd@group-E2E3081D82B8-SegmentedRaftLogWorker] INFO  segmented.SegmentedRaftLogWorker (SegmentedRaftLogWorker.java:execute(569)) - 85d8bda3-0dc8-4b5c-a8cf-47f1674a54cd@group-E2E3081D82B8-SegmentedRaftLogWorker: created new log segment /workdir/hadoop-ozone/integration-test/target/test-dir/MiniOzoneClusterImpl-c37fe8cd-1444-4a91-8998-fe63ed8d38bf/datanode-1/data/ratis/c59f03a1-5569-4bf8-96a7-e2e3081d82b8/current/log_inprogress_0
2019-09-20 20:09:37,933 [0751e0f1-7fb3-49fb-a20e-87d31723ec0e@group-E2E3081D82B8-SegmentedRaftLogWorker] INFO  segmented.SegmentedRaftLogWorker (SegmentedRaftLogWorker.java:execute(569)) - 0751e0f1-7fb3-49fb-a20e-87d31723ec0e@group-E2E3081D82B8-SegmentedRaftLogWorker: created new log segment /workdir/hadoop-ozone/integration-test/target/test-dir/MiniOzoneClusterImpl-c37fe8cd-1444-4a91-8998-fe63ed8d38bf/datanode-3/data/ratis/c59f03a1-5569-4bf8-96a7-e2e3081d82b8/current/log_inprogress_0
2019-09-20 20:09:38,249 [grpc-default-executor-2] INFO  client.GrpcClientProtocolClient (GrpcClientProtocolClient.java:onNext(264)) - client-E17A2EA9AAF6->661caf73-5e1e-47be-b577-b3ebe96959e7: receive RaftClientReply:client-E17A2EA9AAF6->661caf73-5e1e-47be-b577-b3ebe96959e7@group-E2E3081D82B8, cid=8, SUCCESS, logIndex=1, commits[661caf73-5e1e-47be-b577-b3ebe96959e7:c1, 0751e0f1-7fb3-49fb-a20e-87d31723ec0e:c0, 85d8bda3-0dc8-4b5c-a8cf-47f1674a54cd:c0]
2019-09-20 20:09:38,419 [grpc-default-executor-2] INFO  client.GrpcClientProtocolClient (GrpcClientProtocolClient.java:onNext(264)) - client-E17A2EA9AAF6->661caf73-5e1e-47be-b577-b3ebe96959e7: receive RaftClientReply:client-E17A2EA9AAF6->661caf73-5e1e-47be-b577-b3ebe96959e7@group-E2E3081D82B8, cid=9, SUCCESS, logIndex=3, commits[661caf73-5e1e-47be-b577-b3ebe96959e7:c4, 0751e0f1-7fb3-49fb-a20e-87d31723ec0e:c3, 85d8bda3-0dc8-4b5c-a8cf-47f1674a54cd:c3]
2019-09-20 20:09:38,446 [main] ERROR container.ContainerStateManager (ContainerStateManager.java:updateContainerState(335)) - Failed to update container state #1, reason: invalid state transition from state: CLOSING upon event: FINALIZE.
]]></system-out>
    <system-err><![CDATA[ERROR StatusLogger No Log4j 2 configuration file found. Using default configuration (logging only errors to the console), or user programmatically provided configurations. Set system property 'log4j2.debug' to show Log4j 2 internal initialization logging. See https://logging.apache.org/log4j/2.x/manual/configuration.html for instructions on how to configure Log4j 2
]]></system-err>
  </testcase>
</testsuite>