<?xml version="1.0" encoding="UTF-8"?>
<testsuite xmlns:xsi="http://www.w3.org/2001/XMLSchema-instance" xsi:noNamespaceSchemaLocation="https://maven.apache.org/surefire/maven-surefire-plugin/xsd/surefire-test-report.xsd" name="org.apache.hadoop.ozone.client.rpc.TestBlockOutputStreamWithFailures" time="684.358" tests="8" errors="0" skipped="0" failures="1">
  <properties>
    <property name="awt.toolkit" value="sun.awt.X11.XToolkit"/>
    <property name="file.encoding.pkg" value="sun.io"/>
    <property name="java.specification.version" value="1.8"/>
    <property name="sun.cpu.isalist" value=""/>
    <property name="sun.jnu.encoding" value="UTF-8"/>
    <property name="java.class.path" value="/workdir/hadoop-ozone/integration-test/target/test-classes:/workdir/hadoop-ozone/integration-test/target/classes:/home/user/.m2/repository/org/apache/hadoop/hadoop-ozone-common/0.5.0-SNAPSHOT/hadoop-ozone-common-0.5.0-SNAPSHOT.jar:/home/user/.m2/repository/org/apache/commons/commons-compress/1.4.1/commons-compress-1.4.1.jar:/home/user/.m2/repository/org/tukaani/xz/1.0/xz-1.0.jar:/home/user/.m2/repository/org/apache/hadoop/hadoop-common/3.2.0/hadoop-common-3.2.0.jar:/home/user/.m2/repository/org/apache/hadoop/hadoop-hdfs/3.2.0/hadoop-hdfs-3.2.0.jar:/home/user/.m2/repository/org/apache/hadoop/hadoop-hdfs-client/3.2.0/hadoop-hdfs-client-3.2.0.jar:/home/user/.m2/repository/com/fasterxml/jackson/core/jackson-annotations/2.9.9/jackson-annotations-2.9.9.jar:/home/user/.m2/repository/org/apache/hadoop/hadoop-hdds-common/0.5.0-SNAPSHOT/hadoop-hdds-common-0.5.0-SNAPSHOT.jar:/home/user/.m2/repository/javax/annotation/javax.annotation-api/1.2/javax.annotation-api-1.2.jar:/home/user/.m2/repository/org/apache/ratis/ratis-server/0.4.0-78e95b9-SNAPSHOT/ratis-server-0.4.0-78e95b9-SNAPSHOT.jar:/home/user/.m2/repository/org/apache/ratis/ratis-thirdparty-misc/0.2.0/ratis-thirdparty-misc-0.2.0.jar:/home/user/.m2/repository/org/apache/ratis/ratis-proto/0.4.0-78e95b9-SNAPSHOT/ratis-proto-0.4.0-78e95b9-SNAPSHOT.jar:/home/user/.m2/repository/org/apache/ratis/ratis-common/0.4.0-78e95b9-SNAPSHOT/ratis-common-0.4.0-78e95b9-SNAPSHOT.jar:/home/user/.m2/repository/org/apache/ratis/ratis-client/0.4.0-78e95b9-SNAPSHOT/ratis-client-0.4.0-78e95b9-SNAPSHOT.jar:/home/user/.m2/repository/org/apache/ratis/ratis-metrics/0.4.0-78e95b9-SNAPSHOT/ratis-metrics-0.4.0-78e95b9-SNAPSHOT.jar:/home/user/.m2/repository/com/github/joshelser/dropwizard-metrics-hadoop-metrics2-reporter/0.1.2/dropwizard-metrics-hadoop-metrics2-reporter-0.1.2.jar:/home/user/.m2/repository/io/dropwizard/metrics/metrics-jvm/3.2.5/metrics-jvm-3.2.5.jar:/home/user/.m2/repository/io/dropwizard/metrics/metrics-ganglia/3.2.5/metrics-ganglia-3.2.5.jar:/home/user/.m2/repository/info/ganglia/gmetric4j/gmetric4j/1.0.7/gmetric4j-1.0.7.jar:/home/user/.m2/repository/org/apache/ratis/ratis-netty/0.4.0-78e95b9-SNAPSHOT/ratis-netty-0.4.0-78e95b9-SNAPSHOT.jar:/home/user/.m2/repository/org/apache/ratis/ratis-grpc/0.4.0-78e95b9-SNAPSHOT/ratis-grpc-0.4.0-78e95b9-SNAPSHOT.jar:/home/user/.m2/repository/org/rocksdb/rocksdbjni/6.0.1/rocksdbjni-6.0.1.jar:/home/user/.m2/repository/org/apache/logging/log4j/log4j-api/2.11.0/log4j-api-2.11.0.jar:/home/user/.m2/repository/org/apache/logging/log4j/log4j-core/2.11.0/log4j-core-2.11.0.jar:/home/user/.m2/repository/com/lmax/disruptor/3.4.2/disruptor-3.4.2.jar:/home/user/.m2/repository/org/apache/commons/commons-pool2/2.6.0/commons-pool2-2.6.0.jar:/home/user/.m2/repository/org/bouncycastle/bcpkix-jdk15on/1.60/bcpkix-jdk15on-1.60.jar:/home/user/.m2/repository/commons-validator/commons-validator/1.6/commons-validator-1.6.jar:/home/user/.m2/repository/commons-digester/commons-digester/1.8.1/commons-digester-1.8.1.jar:/home/user/.m2/repository/io/jaegertracing/jaeger-client/0.33.1/jaeger-client-0.33.1.jar:/home/user/.m2/repository/io/jaegertracing/jaeger-thrift/0.33.1/jaeger-thrift-0.33.1.jar:/home/user/.m2/repository/org/apache/thrift/libthrift/0.11.0/libthrift-0.11.0.jar:/home/user/.m2/repository/com/squareup/okhttp3/okhttp/3.9.0/okhttp-3.9.0.jar:/home/user/.m2/repository/com/squareup/okio/okio/1.13.0/okio-1.13.0.jar:/home/user/.m2/repository/io/jaegertracing/jaeger-core/0.33.1/jaeger-core-0.33.1.jar:/home/user/.m2/repository/io/jaegertracing/jaeger-tracerresolver/0.33.1/jaeger-tracerresolver-0.33.1.jar:/home/user/.m2/repository/io/opentracing/contrib/opentracing-tracerresolver/0.1.5/opentracing-tracerresolver-0.1.5.jar:/home/user/.m2/repository/io/opentracing/opentracing-util/0.31.0/opentracing-util-0.31.0.jar:/home/user/.m2/repository/io/opentracing/opentracing-api/0.31.0/opentracing-api-0.31.0.jar:/home/user/.m2/repository/io/opentracing/opentracing-noop/0.31.0/opentracing-noop-0.31.0.jar:/home/user/.m2/repository/org/apache/hadoop/hadoop-hdds-server-framework/0.5.0-SNAPSHOT/hadoop-hdds-server-framework-0.5.0-SNAPSHOT.jar:/home/user/.m2/repository/org/apache/hadoop/hadoop-hdds-container-service/0.5.0-SNAPSHOT/hadoop-hdds-container-service-0.5.0-SNAPSHOT.jar:/home/user/.m2/repository/org/apache/hadoop/hadoop-hdds-client/0.5.0-SNAPSHOT/hadoop-hdds-client-0.5.0-SNAPSHOT.jar:/home/user/.m2/repository/org/apache/hadoop/hadoop-hdds-tools/0.5.0-SNAPSHOT/hadoop-hdds-tools-0.5.0-SNAPSHOT.jar:/home/user/.m2/repository/org/apache/hadoop/hadoop-hdds-server-scm/0.5.0-SNAPSHOT/hadoop-hdds-server-scm-0.5.0-SNAPSHOT.jar:/home/user/.m2/repository/org/apache/hadoop/hadoop-hdds-docs/0.5.0-SNAPSHOT/hadoop-hdds-docs-0.5.0-SNAPSHOT.jar:/home/user/.m2/repository/io/dropwizard/metrics/metrics-core/3.2.4/metrics-core-3.2.4.jar:/home/user/.m2/repository/org/hamcrest/hamcrest-all/1.3/hamcrest-all-1.3.jar:/home/user/.m2/repository/org/bouncycastle/bcprov-jdk15on/1.60/bcprov-jdk15on-1.60.jar:/home/user/.m2/repository/info/picocli/picocli/3.9.6/picocli-3.9.6.jar:/home/user/.m2/repository/com/google/protobuf/protobuf-java/2.5.0/protobuf-java-2.5.0.jar:/home/user/.m2/repository/com/google/guava/guava/11.0.2/guava-11.0.2.jar:/home/user/.m2/repository/org/apache/hadoop/hadoop-ozone-ozone-manager/0.5.0-SNAPSHOT/hadoop-ozone-ozone-manager-0.5.0-SNAPSHOT.jar:/home/user/.m2/repository/org/apache/hadoop/hadoop-minikdc/3.2.0/hadoop-minikdc-3.2.0.jar:/home/user/.m2/repository/commons-io/commons-io/2.5/commons-io-2.5.jar:/home/user/.m2/repository/org/apache/kerby/kerb-simplekdc/1.0.1/kerb-simplekdc-1.0.1.jar:/home/user/.m2/repository/org/apache/kerby/kerb-client/1.0.1/kerb-client-1.0.1.jar:/home/user/.m2/repository/org/apache/kerby/kerby-config/1.0.1/kerby-config-1.0.1.jar:/home/user/.m2/repository/org/apache/kerby/kerb-core/1.0.1/kerb-core-1.0.1.jar:/home/user/.m2/repository/org/apache/kerby/kerby-pkix/1.0.1/kerby-pkix-1.0.1.jar:/home/user/.m2/repository/org/apache/kerby/kerby-asn1/1.0.1/kerby-asn1-1.0.1.jar:/home/user/.m2/repository/org/apache/kerby/kerby-util/1.0.1/kerby-util-1.0.1.jar:/home/user/.m2/repository/org/apache/kerby/kerb-common/1.0.1/kerb-common-1.0.1.jar:/home/user/.m2/repository/org/apache/kerby/kerb-crypto/1.0.1/kerb-crypto-1.0.1.jar:/home/user/.m2/repository/org/apache/kerby/kerb-util/1.0.1/kerb-util-1.0.1.jar:/home/user/.m2/repository/org/apache/kerby/token-provider/1.0.1/token-provider-1.0.1.jar:/home/user/.m2/repository/org/apache/kerby/kerb-admin/1.0.1/kerb-admin-1.0.1.jar:/home/user/.m2/repository/org/apache/kerby/kerb-server/1.0.1/kerb-server-1.0.1.jar:/home/user/.m2/repository/org/apache/kerby/kerb-identity/1.0.1/kerb-identity-1.0.1.jar:/home/user/.m2/repository/org/apache/kerby/kerby-xdr/1.0.1/kerby-xdr-1.0.1.jar:/home/user/.m2/repository/org/slf4j/slf4j-log4j12/1.7.25/slf4j-log4j12-1.7.25.jar:/home/user/.m2/repository/org/apache/hadoop/hadoop-ozone-s3gateway/0.5.0-SNAPSHOT/hadoop-ozone-s3gateway-0.5.0-SNAPSHOT.jar:/home/user/.m2/repository/org/jboss/weld/servlet/weld-servlet/2.4.7.Final/weld-servlet-2.4.7.Final.jar:/home/user/.m2/repository/org/glassfish/jersey/containers/jersey-container-servlet-core/2.27/jersey-container-servlet-core-2.27.jar:/home/user/.m2/repository/org/glassfish/hk2/external/javax.inject/2.5.0-b42/javax.inject-2.5.0-b42.jar:/home/user/.m2/repository/org/glassfish/jersey/core/jersey-common/2.27/jersey-common-2.27.jar:/home/user/.m2/repository/org/glassfish/hk2/osgi-resource-locator/1.0.1/osgi-resource-locator-1.0.1.jar:/home/user/.m2/repository/javax/ws/rs/javax.ws.rs-api/2.1/javax.ws.rs-api-2.1.jar:/home/user/.m2/repository/org/glassfish/jersey/ext/cdi/jersey-cdi1x/2.27/jersey-cdi1x-2.27.jar:/home/user/.m2/repository/org/glassfish/jersey/inject/jersey-hk2/2.27/jersey-hk2-2.27.jar:/home/user/.m2/repository/org/glassfish/hk2/hk2-locator/2.5.0-b42/hk2-locator-2.5.0-b42.jar:/home/user/.m2/repository/org/javassist/javassist/3.22.0-CR2/javassist-3.22.0-CR2.jar:/home/user/.m2/repository/org/glassfish/hk2/hk2-api/2.5.0/hk2-api-2.5.0.jar:/home/user/.m2/repository/org/glassfish/hk2/external/jakarta.inject/2.5.0/jakarta.inject-2.5.0.jar:/home/user/.m2/repository/org/glassfish/hk2/hk2-utils/2.5.0/hk2-utils-2.5.0.jar:/home/user/.m2/repository/jakarta/annotation/jakarta.annotation-api/1.3.4/jakarta.annotation-api-1.3.4.jar:/home/user/.m2/repository/org/glassfish/hk2/external/aopalliance-repackaged/2.5.0/aopalliance-repackaged-2.5.0.jar:/home/user/.m2/repository/com/fasterxml/jackson/dataformat/jackson-dataformat-xml/2.9.0/jackson-dataformat-xml-2.9.0.jar:/home/user/.m2/repository/com/fasterxml/jackson/core/jackson-core/2.9.9/jackson-core-2.9.9.jar:/home/user/.m2/repository/com/fasterxml/jackson/module/jackson-module-jaxb-annotations/2.9.9/jackson-module-jaxb-annotations-2.9.9.jar:/home/user/.m2/repository/javax/enterprise/cdi-api/1.2/cdi-api-1.2.jar:/home/user/.m2/repository/javax/el/javax.el-api/3.0.0/javax.el-api-3.0.0.jar:/home/user/.m2/repository/javax/interceptor/javax.interceptor-api/1.2/javax.interceptor-api-1.2.jar:/home/user/.m2/repository/javax/inject/javax.inject/1/javax.inject-1.jar:/home/user/.m2/repository/com/sun/xml/bind/jaxb-impl/2.3.0.1/jaxb-impl-2.3.0.1.jar:/home/user/.m2/repository/com/sun/xml/bind/jaxb-core/2.3.0.1/jaxb-core-2.3.0.1.jar:/home/user/.m2/repository/javax/xml/bind/jaxb-api/2.3.0/jaxb-api-2.3.0.jar:/home/user/.m2/repository/javax/activation/activation/1.1.1/activation-1.1.1.jar:/home/user/.m2/repository/org/apache/hadoop/hadoop-ozone-csi/0.5.0-SNAPSHOT/hadoop-ozone-csi-0.5.0-SNAPSHOT.jar:/home/user/.m2/repository/com/google/protobuf/protobuf-java-util/3.5.1/protobuf-java-util-3.5.1.jar:/home/user/.m2/repository/org/apache/hadoop/hadoop-hdds-config/0.5.0-SNAPSHOT/hadoop-hdds-config-0.5.0-SNAPSHOT.jar:/home/user/.m2/repository/io/grpc/grpc-netty/1.17.1/grpc-netty-1.17.1.jar:/home/user/.m2/repository/io/grpc/grpc-core/1.17.1/grpc-core-1.17.1.jar:/home/user/.m2/repository/io/grpc/grpc-context/1.17.1/grpc-context-1.17.1.jar:/home/user/.m2/repository/com/google/errorprone/error_prone_annotations/2.2.0/error_prone_annotations-2.2.0.jar:/home/user/.m2/repository/org/codehaus/mojo/animal-sniffer-annotations/1.17/animal-sniffer-annotations-1.17.jar:/home/user/.m2/repository/io/opencensus/opencensus-api/0.17.0/opencensus-api-0.17.0.jar:/home/user/.m2/repository/io/opencensus/opencensus-contrib-grpc-metrics/0.17.0/opencensus-contrib-grpc-metrics-0.17.0.jar:/home/user/.m2/repository/io/netty/netty-codec-http2/4.1.30.Final/netty-codec-http2-4.1.30.Final.jar:/home/user/.m2/repository/io/netty/netty-codec-http/4.1.30.Final/netty-codec-http-4.1.30.Final.jar:/home/user/.m2/repository/io/netty/netty-codec/4.1.30.Final/netty-codec-4.1.30.Final.jar:/home/user/.m2/repository/io/netty/netty-handler/4.1.30.Final/netty-handler-4.1.30.Final.jar:/home/user/.m2/repository/io/netty/netty-handler-proxy/4.1.30.Final/netty-handler-proxy-4.1.30.Final.jar:/home/user/.m2/repository/io/netty/netty-codec-socks/4.1.30.Final/netty-codec-socks-4.1.30.Final.jar:/home/user/.m2/repository/io/netty/netty-transport-native-epoll/4.1.30.Final/netty-transport-native-epoll-4.1.30.Final.jar:/home/user/.m2/repository/io/netty/netty-common/4.1.30.Final/netty-common-4.1.30.Final.jar:/home/user/.m2/repository/io/netty/netty-buffer/4.1.30.Final/netty-buffer-4.1.30.Final.jar:/home/user/.m2/repository/io/netty/netty-transport/4.1.30.Final/netty-transport-4.1.30.Final.jar:/home/user/.m2/repository/io/netty/netty-resolver/4.1.30.Final/netty-resolver-4.1.30.Final.jar:/home/user/.m2/repository/io/netty/netty-transport-native-unix-common/4.1.30.Final/netty-transport-native-unix-common-4.1.30.Final.jar:/home/user/.m2/repository/io/grpc/grpc-protobuf/1.17.1/grpc-protobuf-1.17.1.jar:/home/user/.m2/repository/com/google/api/grpc/proto-google-common-protos/1.0.0/proto-google-common-protos-1.0.0.jar:/home/user/.m2/repository/io/grpc/grpc-protobuf-lite/1.17.1/grpc-protobuf-lite-1.17.1.jar:/home/user/.m2/repository/io/grpc/grpc-stub/1.17.1/grpc-stub-1.17.1.jar:/home/user/.m2/repository/org/apache/hadoop/hadoop-ozone-recon/0.5.0-SNAPSHOT/hadoop-ozone-recon-0.5.0-SNAPSHOT.jar:/home/user/.m2/repository/org/apache/hadoop/hadoop-ozone-reconcodegen/0.5.0-SNAPSHOT/hadoop-ozone-reconcodegen-0.5.0-SNAPSHOT.jar:/home/user/.m2/repository/com/google/inject/extensions/guice-multibindings/4.0/guice-multibindings-4.0.jar:/home/user/.m2/repository/com/google/inject/guice/4.0/guice-4.0.jar:/home/user/.m2/repository/aopalliance/aopalliance/1.0/aopalliance-1.0.jar:/home/user/.m2/repository/com/google/inject/extensions/guice-servlet/4.0/guice-servlet-4.0.jar:/home/user/.m2/repository/org/glassfish/jersey/containers/jersey-container-servlet/2.27/jersey-container-servlet-2.27.jar:/home/user/.m2/repository/org/glassfish/hk2/guice-bridge/2.5.0/guice-bridge-2.5.0.jar:/home/user/.m2/repository/org/glassfish/jersey/core/jersey-server/2.27/jersey-server-2.27.jar:/home/user/.m2/repository/org/glassfish/jersey/core/jersey-client/2.27/jersey-client-2.27.jar:/home/user/.m2/repository/org/glassfish/jersey/media/jersey-media-jaxb/2.27/jersey-media-jaxb-2.27.jar:/home/user/.m2/repository/javax/validation/validation-api/1.1.0.Final/validation-api-1.1.0.Final.jar:/home/user/.m2/repository/org/glassfish/jersey/media/jersey-media-json-jackson/2.27/jersey-media-json-jackson-2.27.jar:/home/user/.m2/repository/org/glassfish/jersey/ext/jersey-entity-filtering/2.27/jersey-entity-filtering-2.27.jar:/home/user/.m2/repository/com/google/inject/extensions/guice-assistedinject/4.0/guice-assistedinject-4.0.jar:/home/user/.m2/repository/org/jooq/jooq/3.11.10/jooq-3.11.10.jar:/home/user/.m2/repository/org/jooq/jooq-meta/3.11.10/jooq-meta-3.11.10.jar:/home/user/.m2/repository/org/jooq/jooq-codegen/3.11.10/jooq-codegen-3.11.10.jar:/home/user/.m2/repository/com/jolbox/bonecp/0.8.0.RELEASE/bonecp-0.8.0.RELEASE.jar:/home/user/.m2/repository/org/xerial/sqlite-jdbc/3.25.2/sqlite-jdbc-3.25.2.jar:/home/user/.m2/repository/org/springframework/spring-jdbc/5.1.3.RELEASE/spring-jdbc-5.1.3.RELEASE.jar:/home/user/.m2/repository/org/springframework/spring-beans/5.1.3.RELEASE/spring-beans-5.1.3.RELEASE.jar:/home/user/.m2/repository/org/springframework/spring-core/5.1.3.RELEASE/spring-core-5.1.3.RELEASE.jar:/home/user/.m2/repository/org/springframework/spring-jcl/5.1.3.RELEASE/spring-jcl-5.1.3.RELEASE.jar:/home/user/.m2/repository/org/springframework/spring-tx/5.1.3.RELEASE/spring-tx-5.1.3.RELEASE.jar:/home/user/.m2/repository/org/apache/hadoop/hadoop-ozone-client/0.5.0-SNAPSHOT/hadoop-ozone-client-0.5.0-SNAPSHOT.jar:/home/user/.m2/repository/commons-lang/commons-lang/2.6/commons-lang-2.6.jar:/home/user/.m2/repository/org/apache/hadoop/hadoop-ozone-ozone-manager/0.5.0-SNAPSHOT/hadoop-ozone-ozone-manager-0.5.0-SNAPSHOT-tests.jar:/home/user/.m2/repository/junit/junit/4.11/junit-4.11.jar:/home/user/.m2/repository/org/hamcrest/hamcrest-core/1.3/hamcrest-core-1.3.jar:/home/user/.m2/repository/org/openjdk/jmh/jmh-core/1.19/jmh-core-1.19.jar:/home/user/.m2/repository/net/sf/jopt-simple/jopt-simple/4.6/jopt-simple-4.6.jar:/home/user/.m2/repository/org/apache/commons/commons-math3/3.1.1/commons-math3-3.1.1.jar:/home/user/.m2/repository/org/openjdk/jmh/jmh-generator-annprocess/1.19/jmh-generator-annprocess-1.19.jar:/home/user/.m2/repository/org/mockito/mockito-all/1.8.5/mockito-all-1.8.5.jar:/home/user/.m2/repository/org/apache/hadoop/hadoop-kms/3.2.0/hadoop-kms-3.2.0.jar:/home/user/.m2/repository/org/apache/hadoop/hadoop-auth/3.2.0/hadoop-auth-3.2.0.jar:/home/user/.m2/repository/com/nimbusds/nimbus-jose-jwt/4.41.1/nimbus-jose-jwt-4.41.1.jar:/home/user/.m2/repository/com/github/stephenc/jcip/jcip-annotations/1.0-1/jcip-annotations-1.0-1.jar:/home/user/.m2/repository/net/minidev/json-smart/2.3/json-smart-2.3.jar:/home/user/.m2/repository/net/minidev/accessors-smart/1.2/accessors-smart-1.2.jar:/home/user/.m2/repository/org/ow2/asm/asm/5.0.4/asm-5.0.4.jar:/home/user/.m2/repository/org/apache/curator/curator-framework/2.12.0/curator-framework-2.12.0.jar:/home/user/.m2/repository/com/sun/jersey/jersey-core/1.19/jersey-core-1.19.jar:/home/user/.m2/repository/javax/ws/rs/jsr311-api/1.1.1/jsr311-api-1.1.1.jar:/home/user/.m2/repository/com/sun/jersey/jersey-server/1.19/jersey-server-1.19.jar:/home/user/.m2/repository/javax/servlet/javax.servlet-api/3.1.0/javax.servlet-api-3.1.0.jar:/home/user/.m2/repository/org/eclipse/jetty/jetty-server/9.3.24.v20180605/jetty-server-9.3.24.v20180605.jar:/home/user/.m2/repository/org/eclipse/jetty/jetty-http/9.3.24.v20180605/jetty-http-9.3.24.v20180605.jar:/home/user/.m2/repository/org/eclipse/jetty/jetty-io/9.3.24.v20180605/jetty-io-9.3.24.v20180605.jar:/home/user/.m2/repository/org/eclipse/jetty/jetty-webapp/9.3.24.v20180605/jetty-webapp-9.3.24.v20180605.jar:/home/user/.m2/repository/org/eclipse/jetty/jetty-xml/9.3.24.v20180605/jetty-xml-9.3.24.v20180605.jar:/home/user/.m2/repository/log4j/log4j/1.2.17/log4j-1.2.17.jar:/home/user/.m2/repository/org/slf4j/slf4j-api/1.7.25/slf4j-api-1.7.25.jar:/home/user/.m2/repository/org/slf4j/jul-to-slf4j/1.7.25/jul-to-slf4j-1.7.25.jar:/home/user/.m2/repository/org/eclipse/jetty/jetty-util/9.3.24.v20180605/jetty-util-9.3.24.v20180605.jar:/home/user/.m2/repository/com/fasterxml/jackson/core/jackson-databind/2.9.9/jackson-databind-2.9.9.jar:/home/user/.m2/repository/org/apache/hadoop/hadoop-kms/3.2.0/hadoop-kms-3.2.0-tests.jar:/home/user/.m2/repository/org/apache/hadoop/hadoop-hdds-server-scm/0.5.0-SNAPSHOT/hadoop-hdds-server-scm-0.5.0-SNAPSHOT-tests.jar:/home/user/.m2/repository/org/apache/hadoop/hadoop-hdds-container-service/0.5.0-SNAPSHOT/hadoop-hdds-container-service-0.5.0-SNAPSHOT-tests.jar:/home/user/.m2/repository/org/yaml/snakeyaml/1.16/snakeyaml-1.16.jar:/home/user/.m2/repository/org/apache/hadoop/hadoop-common/3.2.0/hadoop-common-3.2.0-tests.jar:/home/user/.m2/repository/org/apache/hadoop/hadoop-annotations/3.2.0/hadoop-annotations-3.2.0.jar:/usr/lib/jvm/java-1.8-openjdk/jre/../lib/tools.jar:/home/user/.m2/repository/commons-cli/commons-cli/1.2/commons-cli-1.2.jar:/home/user/.m2/repository/org/apache/httpcomponents/httpclient/4.5.2/httpclient-4.5.2.jar:/home/user/.m2/repository/org/apache/httpcomponents/httpcore/4.4.4/httpcore-4.4.4.jar:/home/user/.m2/repository/commons-codec/commons-codec/1.11/commons-codec-1.11.jar:/home/user/.m2/repository/commons-net/commons-net/3.6/commons-net-3.6.jar:/home/user/.m2/repository/commons-collections/commons-collections/3.2.2/commons-collections-3.2.2.jar:/home/user/.m2/repository/org/eclipse/jetty/jetty-servlet/9.3.24.v20180605/jetty-servlet-9.3.24.v20180605.jar:/home/user/.m2/repository/org/eclipse/jetty/jetty-security/9.3.24.v20180605/jetty-security-9.3.24.v20180605.jar:/home/user/.m2/repository/javax/servlet/jsp/jsp-api/2.1/jsp-api-2.1.jar:/home/user/.m2/repository/com/sun/jersey/jersey-servlet/1.19/jersey-servlet-1.19.jar:/home/user/.m2/repository/com/sun/jersey/jersey-json/1.19/jersey-json-1.19.jar:/home/user/.m2/repository/org/codehaus/jettison/jettison/1.1/jettison-1.1.jar:/home/user/.m2/repository/org/codehaus/jackson/jackson-core-asl/1.9.13/jackson-core-asl-1.9.13.jar:/home/user/.m2/repository/org/codehaus/jackson/jackson-mapper-asl/1.9.13/jackson-mapper-asl-1.9.13.jar:/home/user/.m2/repository/org/codehaus/jackson/jackson-jaxrs/1.9.13/jackson-jaxrs-1.9.13.jar:/home/user/.m2/repository/org/codehaus/jackson/jackson-xc/1.9.13/jackson-xc-1.9.13.jar:/home/user/.m2/repository/commons-logging/commons-logging/1.1.3/commons-logging-1.1.3.jar:/home/user/.m2/repository/commons-beanutils/commons-beanutils/1.9.4/commons-beanutils-1.9.4.jar:/home/user/.m2/repository/org/apache/commons/commons-configuration2/2.1.1/commons-configuration2-2.1.1.jar:/home/user/.m2/repository/org/apache/commons/commons-lang3/3.7/commons-lang3-3.7.jar:/home/user/.m2/repository/org/apache/commons/commons-text/1.4/commons-text-1.4.jar:/home/user/.m2/repository/org/apache/avro/avro/1.7.7/avro-1.7.7.jar:/home/user/.m2/repository/com/thoughtworks/paranamer/paranamer/2.3/paranamer-2.3.jar:/home/user/.m2/repository/org/xerial/snappy/snappy-java/1.0.5/snappy-java-1.0.5.jar:/home/user/.m2/repository/com/google/re2j/re2j/1.1/re2j-1.1.jar:/home/user/.m2/repository/com/google/code/gson/gson/2.2.4/gson-2.2.4.jar:/home/user/.m2/repository/com/jcraft/jsch/0.1.54/jsch-0.1.54.jar:/home/user/.m2/repository/org/apache/curator/curator-client/2.12.0/curator-client-2.12.0.jar:/home/user/.m2/repository/org/apache/curator/curator-recipes/2.12.0/curator-recipes-2.12.0.jar:/home/user/.m2/repository/com/google/code/findbugs/jsr305/3.0.0/jsr305-3.0.0.jar:/home/user/.m2/repository/org/apache/htrace/htrace-core4/4.1.0-incubating/htrace-core4-4.1.0-incubating.jar:/home/user/.m2/repository/org/apache/zookeeper/zookeeper/3.4.13/zookeeper-3.4.13.jar:/home/user/.m2/repository/org/apache/yetus/audience-annotations/0.5.0/audience-annotations-0.5.0.jar:/home/user/.m2/repository/org/codehaus/woodstox/stax2-api/3.1.4/stax2-api-3.1.4.jar:/home/user/.m2/repository/com/fasterxml/woodstox/woodstox-core/5.0.3/woodstox-core-5.0.3.jar:/home/user/.m2/repository/dnsjava/dnsjava/2.1.7/dnsjava-2.1.7.jar:/home/user/.m2/repository/org/apache/hadoop/hadoop-hdfs/3.2.0/hadoop-hdfs-3.2.0-tests.jar:/home/user/.m2/repository/org/eclipse/jetty/jetty-util-ajax/9.3.24.v20180605/jetty-util-ajax-9.3.24.v20180605.jar:/home/user/.m2/repository/commons-daemon/commons-daemon/1.0.13/commons-daemon-1.0.13.jar:/home/user/.m2/repository/io/netty/netty/3.10.5.Final/netty-3.10.5.Final.jar:/home/user/.m2/repository/io/netty/netty-all/4.0.52.Final/netty-all-4.0.52.Final.jar:/home/user/.m2/repository/org/fusesource/leveldbjni/leveldbjni-all/1.8/leveldbjni-all-1.8.jar:"/>
    <property name="java.vm.vendor" value="IcedTea"/>
    <property name="sun.arch.data.model" value="64"/>
    <property name="test.build.dir" value="/workdir/hadoop-ozone/integration-test/target/test-dir"/>
    <property name="test.cache.data" value=""/>
    <property name="java.vendor.url" value="https://icedtea.classpath.org"/>
    <property name="user.timezone" value=""/>
    <property name="java.vm.specification.version" value="1.8"/>
    <property name="os.name" value="Linux"/>
    <property name="test.build.data" value="/workdir/hadoop-ozone/integration-test/target/test-dir"/>
    <property name="user.country" value="US"/>
    <property name="sun.java.launcher" value="SUN_STANDARD"/>
    <property name="sun.boot.library.path" value="/usr/lib/jvm/java-1.8-openjdk/jre/lib/amd64"/>
    <property name="sun.java.command" value="/workdir/hadoop-ozone/integration-test/target/surefire/surefirebooter3811597579122391573.jar /workdir/hadoop-ozone/integration-test/target/surefire 2019-09-19T14-27-56_034-jvmRun1 surefire4790444916821611734tmp surefire_388181583909398785996tmp"/>
    <property name="test" value="!TestMiniChaosOzoneCluster"/>
    <property name="surefire.test.class.path" value="/workdir/hadoop-ozone/integration-test/target/test-classes:/workdir/hadoop-ozone/integration-test/target/classes:/home/user/.m2/repository/org/apache/hadoop/hadoop-ozone-common/0.5.0-SNAPSHOT/hadoop-ozone-common-0.5.0-SNAPSHOT.jar:/home/user/.m2/repository/org/apache/commons/commons-compress/1.4.1/commons-compress-1.4.1.jar:/home/user/.m2/repository/org/tukaani/xz/1.0/xz-1.0.jar:/home/user/.m2/repository/org/apache/hadoop/hadoop-common/3.2.0/hadoop-common-3.2.0.jar:/home/user/.m2/repository/org/apache/hadoop/hadoop-hdfs/3.2.0/hadoop-hdfs-3.2.0.jar:/home/user/.m2/repository/org/apache/hadoop/hadoop-hdfs-client/3.2.0/hadoop-hdfs-client-3.2.0.jar:/home/user/.m2/repository/com/fasterxml/jackson/core/jackson-annotations/2.9.9/jackson-annotations-2.9.9.jar:/home/user/.m2/repository/org/apache/hadoop/hadoop-hdds-common/0.5.0-SNAPSHOT/hadoop-hdds-common-0.5.0-SNAPSHOT.jar:/home/user/.m2/repository/javax/annotation/javax.annotation-api/1.2/javax.annotation-api-1.2.jar:/home/user/.m2/repository/org/apache/ratis/ratis-server/0.4.0-78e95b9-SNAPSHOT/ratis-server-0.4.0-78e95b9-SNAPSHOT.jar:/home/user/.m2/repository/org/apache/ratis/ratis-thirdparty-misc/0.2.0/ratis-thirdparty-misc-0.2.0.jar:/home/user/.m2/repository/org/apache/ratis/ratis-proto/0.4.0-78e95b9-SNAPSHOT/ratis-proto-0.4.0-78e95b9-SNAPSHOT.jar:/home/user/.m2/repository/org/apache/ratis/ratis-common/0.4.0-78e95b9-SNAPSHOT/ratis-common-0.4.0-78e95b9-SNAPSHOT.jar:/home/user/.m2/repository/org/apache/ratis/ratis-client/0.4.0-78e95b9-SNAPSHOT/ratis-client-0.4.0-78e95b9-SNAPSHOT.jar:/home/user/.m2/repository/org/apache/ratis/ratis-metrics/0.4.0-78e95b9-SNAPSHOT/ratis-metrics-0.4.0-78e95b9-SNAPSHOT.jar:/home/user/.m2/repository/com/github/joshelser/dropwizard-metrics-hadoop-metrics2-reporter/0.1.2/dropwizard-metrics-hadoop-metrics2-reporter-0.1.2.jar:/home/user/.m2/repository/io/dropwizard/metrics/metrics-jvm/3.2.5/metrics-jvm-3.2.5.jar:/home/user/.m2/repository/io/dropwizard/metrics/metrics-ganglia/3.2.5/metrics-ganglia-3.2.5.jar:/home/user/.m2/repository/info/ganglia/gmetric4j/gmetric4j/1.0.7/gmetric4j-1.0.7.jar:/home/user/.m2/repository/org/apache/ratis/ratis-netty/0.4.0-78e95b9-SNAPSHOT/ratis-netty-0.4.0-78e95b9-SNAPSHOT.jar:/home/user/.m2/repository/org/apache/ratis/ratis-grpc/0.4.0-78e95b9-SNAPSHOT/ratis-grpc-0.4.0-78e95b9-SNAPSHOT.jar:/home/user/.m2/repository/org/rocksdb/rocksdbjni/6.0.1/rocksdbjni-6.0.1.jar:/home/user/.m2/repository/org/apache/logging/log4j/log4j-api/2.11.0/log4j-api-2.11.0.jar:/home/user/.m2/repository/org/apache/logging/log4j/log4j-core/2.11.0/log4j-core-2.11.0.jar:/home/user/.m2/repository/com/lmax/disruptor/3.4.2/disruptor-3.4.2.jar:/home/user/.m2/repository/org/apache/commons/commons-pool2/2.6.0/commons-pool2-2.6.0.jar:/home/user/.m2/repository/org/bouncycastle/bcpkix-jdk15on/1.60/bcpkix-jdk15on-1.60.jar:/home/user/.m2/repository/commons-validator/commons-validator/1.6/commons-validator-1.6.jar:/home/user/.m2/repository/commons-digester/commons-digester/1.8.1/commons-digester-1.8.1.jar:/home/user/.m2/repository/io/jaegertracing/jaeger-client/0.33.1/jaeger-client-0.33.1.jar:/home/user/.m2/repository/io/jaegertracing/jaeger-thrift/0.33.1/jaeger-thrift-0.33.1.jar:/home/user/.m2/repository/org/apache/thrift/libthrift/0.11.0/libthrift-0.11.0.jar:/home/user/.m2/repository/com/squareup/okhttp3/okhttp/3.9.0/okhttp-3.9.0.jar:/home/user/.m2/repository/com/squareup/okio/okio/1.13.0/okio-1.13.0.jar:/home/user/.m2/repository/io/jaegertracing/jaeger-core/0.33.1/jaeger-core-0.33.1.jar:/home/user/.m2/repository/io/jaegertracing/jaeger-tracerresolver/0.33.1/jaeger-tracerresolver-0.33.1.jar:/home/user/.m2/repository/io/opentracing/contrib/opentracing-tracerresolver/0.1.5/opentracing-tracerresolver-0.1.5.jar:/home/user/.m2/repository/io/opentracing/opentracing-util/0.31.0/opentracing-util-0.31.0.jar:/home/user/.m2/repository/io/opentracing/opentracing-api/0.31.0/opentracing-api-0.31.0.jar:/home/user/.m2/repository/io/opentracing/opentracing-noop/0.31.0/opentracing-noop-0.31.0.jar:/home/user/.m2/repository/org/apache/hadoop/hadoop-hdds-server-framework/0.5.0-SNAPSHOT/hadoop-hdds-server-framework-0.5.0-SNAPSHOT.jar:/home/user/.m2/repository/org/apache/hadoop/hadoop-hdds-container-service/0.5.0-SNAPSHOT/hadoop-hdds-container-service-0.5.0-SNAPSHOT.jar:/home/user/.m2/repository/org/apache/hadoop/hadoop-hdds-client/0.5.0-SNAPSHOT/hadoop-hdds-client-0.5.0-SNAPSHOT.jar:/home/user/.m2/repository/org/apache/hadoop/hadoop-hdds-tools/0.5.0-SNAPSHOT/hadoop-hdds-tools-0.5.0-SNAPSHOT.jar:/home/user/.m2/repository/org/apache/hadoop/hadoop-hdds-server-scm/0.5.0-SNAPSHOT/hadoop-hdds-server-scm-0.5.0-SNAPSHOT.jar:/home/user/.m2/repository/org/apache/hadoop/hadoop-hdds-docs/0.5.0-SNAPSHOT/hadoop-hdds-docs-0.5.0-SNAPSHOT.jar:/home/user/.m2/repository/io/dropwizard/metrics/metrics-core/3.2.4/metrics-core-3.2.4.jar:/home/user/.m2/repository/org/hamcrest/hamcrest-all/1.3/hamcrest-all-1.3.jar:/home/user/.m2/repository/org/bouncycastle/bcprov-jdk15on/1.60/bcprov-jdk15on-1.60.jar:/home/user/.m2/repository/info/picocli/picocli/3.9.6/picocli-3.9.6.jar:/home/user/.m2/repository/com/google/protobuf/protobuf-java/2.5.0/protobuf-java-2.5.0.jar:/home/user/.m2/repository/com/google/guava/guava/11.0.2/guava-11.0.2.jar:/home/user/.m2/repository/org/apache/hadoop/hadoop-ozone-ozone-manager/0.5.0-SNAPSHOT/hadoop-ozone-ozone-manager-0.5.0-SNAPSHOT.jar:/home/user/.m2/repository/org/apache/hadoop/hadoop-minikdc/3.2.0/hadoop-minikdc-3.2.0.jar:/home/user/.m2/repository/commons-io/commons-io/2.5/commons-io-2.5.jar:/home/user/.m2/repository/org/apache/kerby/kerb-simplekdc/1.0.1/kerb-simplekdc-1.0.1.jar:/home/user/.m2/repository/org/apache/kerby/kerb-client/1.0.1/kerb-client-1.0.1.jar:/home/user/.m2/repository/org/apache/kerby/kerby-config/1.0.1/kerby-config-1.0.1.jar:/home/user/.m2/repository/org/apache/kerby/kerb-core/1.0.1/kerb-core-1.0.1.jar:/home/user/.m2/repository/org/apache/kerby/kerby-pkix/1.0.1/kerby-pkix-1.0.1.jar:/home/user/.m2/repository/org/apache/kerby/kerby-asn1/1.0.1/kerby-asn1-1.0.1.jar:/home/user/.m2/repository/org/apache/kerby/kerby-util/1.0.1/kerby-util-1.0.1.jar:/home/user/.m2/repository/org/apache/kerby/kerb-common/1.0.1/kerb-common-1.0.1.jar:/home/user/.m2/repository/org/apache/kerby/kerb-crypto/1.0.1/kerb-crypto-1.0.1.jar:/home/user/.m2/repository/org/apache/kerby/kerb-util/1.0.1/kerb-util-1.0.1.jar:/home/user/.m2/repository/org/apache/kerby/token-provider/1.0.1/token-provider-1.0.1.jar:/home/user/.m2/repository/org/apache/kerby/kerb-admin/1.0.1/kerb-admin-1.0.1.jar:/home/user/.m2/repository/org/apache/kerby/kerb-server/1.0.1/kerb-server-1.0.1.jar:/home/user/.m2/repository/org/apache/kerby/kerb-identity/1.0.1/kerb-identity-1.0.1.jar:/home/user/.m2/repository/org/apache/kerby/kerby-xdr/1.0.1/kerby-xdr-1.0.1.jar:/home/user/.m2/repository/org/slf4j/slf4j-log4j12/1.7.25/slf4j-log4j12-1.7.25.jar:/home/user/.m2/repository/org/apache/hadoop/hadoop-ozone-s3gateway/0.5.0-SNAPSHOT/hadoop-ozone-s3gateway-0.5.0-SNAPSHOT.jar:/home/user/.m2/repository/org/jboss/weld/servlet/weld-servlet/2.4.7.Final/weld-servlet-2.4.7.Final.jar:/home/user/.m2/repository/org/glassfish/jersey/containers/jersey-container-servlet-core/2.27/jersey-container-servlet-core-2.27.jar:/home/user/.m2/repository/org/glassfish/hk2/external/javax.inject/2.5.0-b42/javax.inject-2.5.0-b42.jar:/home/user/.m2/repository/org/glassfish/jersey/core/jersey-common/2.27/jersey-common-2.27.jar:/home/user/.m2/repository/org/glassfish/hk2/osgi-resource-locator/1.0.1/osgi-resource-locator-1.0.1.jar:/home/user/.m2/repository/javax/ws/rs/javax.ws.rs-api/2.1/javax.ws.rs-api-2.1.jar:/home/user/.m2/repository/org/glassfish/jersey/ext/cdi/jersey-cdi1x/2.27/jersey-cdi1x-2.27.jar:/home/user/.m2/repository/org/glassfish/jersey/inject/jersey-hk2/2.27/jersey-hk2-2.27.jar:/home/user/.m2/repository/org/glassfish/hk2/hk2-locator/2.5.0-b42/hk2-locator-2.5.0-b42.jar:/home/user/.m2/repository/org/javassist/javassist/3.22.0-CR2/javassist-3.22.0-CR2.jar:/home/user/.m2/repository/org/glassfish/hk2/hk2-api/2.5.0/hk2-api-2.5.0.jar:/home/user/.m2/repository/org/glassfish/hk2/external/jakarta.inject/2.5.0/jakarta.inject-2.5.0.jar:/home/user/.m2/repository/org/glassfish/hk2/hk2-utils/2.5.0/hk2-utils-2.5.0.jar:/home/user/.m2/repository/jakarta/annotation/jakarta.annotation-api/1.3.4/jakarta.annotation-api-1.3.4.jar:/home/user/.m2/repository/org/glassfish/hk2/external/aopalliance-repackaged/2.5.0/aopalliance-repackaged-2.5.0.jar:/home/user/.m2/repository/com/fasterxml/jackson/dataformat/jackson-dataformat-xml/2.9.0/jackson-dataformat-xml-2.9.0.jar:/home/user/.m2/repository/com/fasterxml/jackson/core/jackson-core/2.9.9/jackson-core-2.9.9.jar:/home/user/.m2/repository/com/fasterxml/jackson/module/jackson-module-jaxb-annotations/2.9.9/jackson-module-jaxb-annotations-2.9.9.jar:/home/user/.m2/repository/javax/enterprise/cdi-api/1.2/cdi-api-1.2.jar:/home/user/.m2/repository/javax/el/javax.el-api/3.0.0/javax.el-api-3.0.0.jar:/home/user/.m2/repository/javax/interceptor/javax.interceptor-api/1.2/javax.interceptor-api-1.2.jar:/home/user/.m2/repository/javax/inject/javax.inject/1/javax.inject-1.jar:/home/user/.m2/repository/com/sun/xml/bind/jaxb-impl/2.3.0.1/jaxb-impl-2.3.0.1.jar:/home/user/.m2/repository/com/sun/xml/bind/jaxb-core/2.3.0.1/jaxb-core-2.3.0.1.jar:/home/user/.m2/repository/javax/xml/bind/jaxb-api/2.3.0/jaxb-api-2.3.0.jar:/home/user/.m2/repository/javax/activation/activation/1.1.1/activation-1.1.1.jar:/home/user/.m2/repository/org/apache/hadoop/hadoop-ozone-csi/0.5.0-SNAPSHOT/hadoop-ozone-csi-0.5.0-SNAPSHOT.jar:/home/user/.m2/repository/com/google/protobuf/protobuf-java-util/3.5.1/protobuf-java-util-3.5.1.jar:/home/user/.m2/repository/org/apache/hadoop/hadoop-hdds-config/0.5.0-SNAPSHOT/hadoop-hdds-config-0.5.0-SNAPSHOT.jar:/home/user/.m2/repository/io/grpc/grpc-netty/1.17.1/grpc-netty-1.17.1.jar:/home/user/.m2/repository/io/grpc/grpc-core/1.17.1/grpc-core-1.17.1.jar:/home/user/.m2/repository/io/grpc/grpc-context/1.17.1/grpc-context-1.17.1.jar:/home/user/.m2/repository/com/google/errorprone/error_prone_annotations/2.2.0/error_prone_annotations-2.2.0.jar:/home/user/.m2/repository/org/codehaus/mojo/animal-sniffer-annotations/1.17/animal-sniffer-annotations-1.17.jar:/home/user/.m2/repository/io/opencensus/opencensus-api/0.17.0/opencensus-api-0.17.0.jar:/home/user/.m2/repository/io/opencensus/opencensus-contrib-grpc-metrics/0.17.0/opencensus-contrib-grpc-metrics-0.17.0.jar:/home/user/.m2/repository/io/netty/netty-codec-http2/4.1.30.Final/netty-codec-http2-4.1.30.Final.jar:/home/user/.m2/repository/io/netty/netty-codec-http/4.1.30.Final/netty-codec-http-4.1.30.Final.jar:/home/user/.m2/repository/io/netty/netty-codec/4.1.30.Final/netty-codec-4.1.30.Final.jar:/home/user/.m2/repository/io/netty/netty-handler/4.1.30.Final/netty-handler-4.1.30.Final.jar:/home/user/.m2/repository/io/netty/netty-handler-proxy/4.1.30.Final/netty-handler-proxy-4.1.30.Final.jar:/home/user/.m2/repository/io/netty/netty-codec-socks/4.1.30.Final/netty-codec-socks-4.1.30.Final.jar:/home/user/.m2/repository/io/netty/netty-transport-native-epoll/4.1.30.Final/netty-transport-native-epoll-4.1.30.Final.jar:/home/user/.m2/repository/io/netty/netty-common/4.1.30.Final/netty-common-4.1.30.Final.jar:/home/user/.m2/repository/io/netty/netty-buffer/4.1.30.Final/netty-buffer-4.1.30.Final.jar:/home/user/.m2/repository/io/netty/netty-transport/4.1.30.Final/netty-transport-4.1.30.Final.jar:/home/user/.m2/repository/io/netty/netty-resolver/4.1.30.Final/netty-resolver-4.1.30.Final.jar:/home/user/.m2/repository/io/netty/netty-transport-native-unix-common/4.1.30.Final/netty-transport-native-unix-common-4.1.30.Final.jar:/home/user/.m2/repository/io/grpc/grpc-protobuf/1.17.1/grpc-protobuf-1.17.1.jar:/home/user/.m2/repository/com/google/api/grpc/proto-google-common-protos/1.0.0/proto-google-common-protos-1.0.0.jar:/home/user/.m2/repository/io/grpc/grpc-protobuf-lite/1.17.1/grpc-protobuf-lite-1.17.1.jar:/home/user/.m2/repository/io/grpc/grpc-stub/1.17.1/grpc-stub-1.17.1.jar:/home/user/.m2/repository/org/apache/hadoop/hadoop-ozone-recon/0.5.0-SNAPSHOT/hadoop-ozone-recon-0.5.0-SNAPSHOT.jar:/home/user/.m2/repository/org/apache/hadoop/hadoop-ozone-reconcodegen/0.5.0-SNAPSHOT/hadoop-ozone-reconcodegen-0.5.0-SNAPSHOT.jar:/home/user/.m2/repository/com/google/inject/extensions/guice-multibindings/4.0/guice-multibindings-4.0.jar:/home/user/.m2/repository/com/google/inject/guice/4.0/guice-4.0.jar:/home/user/.m2/repository/aopalliance/aopalliance/1.0/aopalliance-1.0.jar:/home/user/.m2/repository/com/google/inject/extensions/guice-servlet/4.0/guice-servlet-4.0.jar:/home/user/.m2/repository/org/glassfish/jersey/containers/jersey-container-servlet/2.27/jersey-container-servlet-2.27.jar:/home/user/.m2/repository/org/glassfish/hk2/guice-bridge/2.5.0/guice-bridge-2.5.0.jar:/home/user/.m2/repository/org/glassfish/jersey/core/jersey-server/2.27/jersey-server-2.27.jar:/home/user/.m2/repository/org/glassfish/jersey/core/jersey-client/2.27/jersey-client-2.27.jar:/home/user/.m2/repository/org/glassfish/jersey/media/jersey-media-jaxb/2.27/jersey-media-jaxb-2.27.jar:/home/user/.m2/repository/javax/validation/validation-api/1.1.0.Final/validation-api-1.1.0.Final.jar:/home/user/.m2/repository/org/glassfish/jersey/media/jersey-media-json-jackson/2.27/jersey-media-json-jackson-2.27.jar:/home/user/.m2/repository/org/glassfish/jersey/ext/jersey-entity-filtering/2.27/jersey-entity-filtering-2.27.jar:/home/user/.m2/repository/com/google/inject/extensions/guice-assistedinject/4.0/guice-assistedinject-4.0.jar:/home/user/.m2/repository/org/jooq/jooq/3.11.10/jooq-3.11.10.jar:/home/user/.m2/repository/org/jooq/jooq-meta/3.11.10/jooq-meta-3.11.10.jar:/home/user/.m2/repository/org/jooq/jooq-codegen/3.11.10/jooq-codegen-3.11.10.jar:/home/user/.m2/repository/com/jolbox/bonecp/0.8.0.RELEASE/bonecp-0.8.0.RELEASE.jar:/home/user/.m2/repository/org/xerial/sqlite-jdbc/3.25.2/sqlite-jdbc-3.25.2.jar:/home/user/.m2/repository/org/springframework/spring-jdbc/5.1.3.RELEASE/spring-jdbc-5.1.3.RELEASE.jar:/home/user/.m2/repository/org/springframework/spring-beans/5.1.3.RELEASE/spring-beans-5.1.3.RELEASE.jar:/home/user/.m2/repository/org/springframework/spring-core/5.1.3.RELEASE/spring-core-5.1.3.RELEASE.jar:/home/user/.m2/repository/org/springframework/spring-jcl/5.1.3.RELEASE/spring-jcl-5.1.3.RELEASE.jar:/home/user/.m2/repository/org/springframework/spring-tx/5.1.3.RELEASE/spring-tx-5.1.3.RELEASE.jar:/home/user/.m2/repository/org/apache/hadoop/hadoop-ozone-client/0.5.0-SNAPSHOT/hadoop-ozone-client-0.5.0-SNAPSHOT.jar:/home/user/.m2/repository/commons-lang/commons-lang/2.6/commons-lang-2.6.jar:/home/user/.m2/repository/org/apache/hadoop/hadoop-ozone-ozone-manager/0.5.0-SNAPSHOT/hadoop-ozone-ozone-manager-0.5.0-SNAPSHOT-tests.jar:/home/user/.m2/repository/junit/junit/4.11/junit-4.11.jar:/home/user/.m2/repository/org/hamcrest/hamcrest-core/1.3/hamcrest-core-1.3.jar:/home/user/.m2/repository/org/openjdk/jmh/jmh-core/1.19/jmh-core-1.19.jar:/home/user/.m2/repository/net/sf/jopt-simple/jopt-simple/4.6/jopt-simple-4.6.jar:/home/user/.m2/repository/org/apache/commons/commons-math3/3.1.1/commons-math3-3.1.1.jar:/home/user/.m2/repository/org/openjdk/jmh/jmh-generator-annprocess/1.19/jmh-generator-annprocess-1.19.jar:/home/user/.m2/repository/org/mockito/mockito-all/1.8.5/mockito-all-1.8.5.jar:/home/user/.m2/repository/org/apache/hadoop/hadoop-kms/3.2.0/hadoop-kms-3.2.0.jar:/home/user/.m2/repository/org/apache/hadoop/hadoop-auth/3.2.0/hadoop-auth-3.2.0.jar:/home/user/.m2/repository/com/nimbusds/nimbus-jose-jwt/4.41.1/nimbus-jose-jwt-4.41.1.jar:/home/user/.m2/repository/com/github/stephenc/jcip/jcip-annotations/1.0-1/jcip-annotations-1.0-1.jar:/home/user/.m2/repository/net/minidev/json-smart/2.3/json-smart-2.3.jar:/home/user/.m2/repository/net/minidev/accessors-smart/1.2/accessors-smart-1.2.jar:/home/user/.m2/repository/org/ow2/asm/asm/5.0.4/asm-5.0.4.jar:/home/user/.m2/repository/org/apache/curator/curator-framework/2.12.0/curator-framework-2.12.0.jar:/home/user/.m2/repository/com/sun/jersey/jersey-core/1.19/jersey-core-1.19.jar:/home/user/.m2/repository/javax/ws/rs/jsr311-api/1.1.1/jsr311-api-1.1.1.jar:/home/user/.m2/repository/com/sun/jersey/jersey-server/1.19/jersey-server-1.19.jar:/home/user/.m2/repository/javax/servlet/javax.servlet-api/3.1.0/javax.servlet-api-3.1.0.jar:/home/user/.m2/repository/org/eclipse/jetty/jetty-server/9.3.24.v20180605/jetty-server-9.3.24.v20180605.jar:/home/user/.m2/repository/org/eclipse/jetty/jetty-http/9.3.24.v20180605/jetty-http-9.3.24.v20180605.jar:/home/user/.m2/repository/org/eclipse/jetty/jetty-io/9.3.24.v20180605/jetty-io-9.3.24.v20180605.jar:/home/user/.m2/repository/org/eclipse/jetty/jetty-webapp/9.3.24.v20180605/jetty-webapp-9.3.24.v20180605.jar:/home/user/.m2/repository/org/eclipse/jetty/jetty-xml/9.3.24.v20180605/jetty-xml-9.3.24.v20180605.jar:/home/user/.m2/repository/log4j/log4j/1.2.17/log4j-1.2.17.jar:/home/user/.m2/repository/org/slf4j/slf4j-api/1.7.25/slf4j-api-1.7.25.jar:/home/user/.m2/repository/org/slf4j/jul-to-slf4j/1.7.25/jul-to-slf4j-1.7.25.jar:/home/user/.m2/repository/org/eclipse/jetty/jetty-util/9.3.24.v20180605/jetty-util-9.3.24.v20180605.jar:/home/user/.m2/repository/com/fasterxml/jackson/core/jackson-databind/2.9.9/jackson-databind-2.9.9.jar:/home/user/.m2/repository/org/apache/hadoop/hadoop-kms/3.2.0/hadoop-kms-3.2.0-tests.jar:/home/user/.m2/repository/org/apache/hadoop/hadoop-hdds-server-scm/0.5.0-SNAPSHOT/hadoop-hdds-server-scm-0.5.0-SNAPSHOT-tests.jar:/home/user/.m2/repository/org/apache/hadoop/hadoop-hdds-container-service/0.5.0-SNAPSHOT/hadoop-hdds-container-service-0.5.0-SNAPSHOT-tests.jar:/home/user/.m2/repository/org/yaml/snakeyaml/1.16/snakeyaml-1.16.jar:/home/user/.m2/repository/org/apache/hadoop/hadoop-common/3.2.0/hadoop-common-3.2.0-tests.jar:/home/user/.m2/repository/org/apache/hadoop/hadoop-annotations/3.2.0/hadoop-annotations-3.2.0.jar:/usr/lib/jvm/java-1.8-openjdk/jre/../lib/tools.jar:/home/user/.m2/repository/commons-cli/commons-cli/1.2/commons-cli-1.2.jar:/home/user/.m2/repository/org/apache/httpcomponents/httpclient/4.5.2/httpclient-4.5.2.jar:/home/user/.m2/repository/org/apache/httpcomponents/httpcore/4.4.4/httpcore-4.4.4.jar:/home/user/.m2/repository/commons-codec/commons-codec/1.11/commons-codec-1.11.jar:/home/user/.m2/repository/commons-net/commons-net/3.6/commons-net-3.6.jar:/home/user/.m2/repository/commons-collections/commons-collections/3.2.2/commons-collections-3.2.2.jar:/home/user/.m2/repository/org/eclipse/jetty/jetty-servlet/9.3.24.v20180605/jetty-servlet-9.3.24.v20180605.jar:/home/user/.m2/repository/org/eclipse/jetty/jetty-security/9.3.24.v20180605/jetty-security-9.3.24.v20180605.jar:/home/user/.m2/repository/javax/servlet/jsp/jsp-api/2.1/jsp-api-2.1.jar:/home/user/.m2/repository/com/sun/jersey/jersey-servlet/1.19/jersey-servlet-1.19.jar:/home/user/.m2/repository/com/sun/jersey/jersey-json/1.19/jersey-json-1.19.jar:/home/user/.m2/repository/org/codehaus/jettison/jettison/1.1/jettison-1.1.jar:/home/user/.m2/repository/org/codehaus/jackson/jackson-core-asl/1.9.13/jackson-core-asl-1.9.13.jar:/home/user/.m2/repository/org/codehaus/jackson/jackson-mapper-asl/1.9.13/jackson-mapper-asl-1.9.13.jar:/home/user/.m2/repository/org/codehaus/jackson/jackson-jaxrs/1.9.13/jackson-jaxrs-1.9.13.jar:/home/user/.m2/repository/org/codehaus/jackson/jackson-xc/1.9.13/jackson-xc-1.9.13.jar:/home/user/.m2/repository/commons-logging/commons-logging/1.1.3/commons-logging-1.1.3.jar:/home/user/.m2/repository/commons-beanutils/commons-beanutils/1.9.4/commons-beanutils-1.9.4.jar:/home/user/.m2/repository/org/apache/commons/commons-configuration2/2.1.1/commons-configuration2-2.1.1.jar:/home/user/.m2/repository/org/apache/commons/commons-lang3/3.7/commons-lang3-3.7.jar:/home/user/.m2/repository/org/apache/commons/commons-text/1.4/commons-text-1.4.jar:/home/user/.m2/repository/org/apache/avro/avro/1.7.7/avro-1.7.7.jar:/home/user/.m2/repository/com/thoughtworks/paranamer/paranamer/2.3/paranamer-2.3.jar:/home/user/.m2/repository/org/xerial/snappy/snappy-java/1.0.5/snappy-java-1.0.5.jar:/home/user/.m2/repository/com/google/re2j/re2j/1.1/re2j-1.1.jar:/home/user/.m2/repository/com/google/code/gson/gson/2.2.4/gson-2.2.4.jar:/home/user/.m2/repository/com/jcraft/jsch/0.1.54/jsch-0.1.54.jar:/home/user/.m2/repository/org/apache/curator/curator-client/2.12.0/curator-client-2.12.0.jar:/home/user/.m2/repository/org/apache/curator/curator-recipes/2.12.0/curator-recipes-2.12.0.jar:/home/user/.m2/repository/com/google/code/findbugs/jsr305/3.0.0/jsr305-3.0.0.jar:/home/user/.m2/repository/org/apache/htrace/htrace-core4/4.1.0-incubating/htrace-core4-4.1.0-incubating.jar:/home/user/.m2/repository/org/apache/zookeeper/zookeeper/3.4.13/zookeeper-3.4.13.jar:/home/user/.m2/repository/org/apache/yetus/audience-annotations/0.5.0/audience-annotations-0.5.0.jar:/home/user/.m2/repository/org/codehaus/woodstox/stax2-api/3.1.4/stax2-api-3.1.4.jar:/home/user/.m2/repository/com/fasterxml/woodstox/woodstox-core/5.0.3/woodstox-core-5.0.3.jar:/home/user/.m2/repository/dnsjava/dnsjava/2.1.7/dnsjava-2.1.7.jar:/home/user/.m2/repository/org/apache/hadoop/hadoop-hdfs/3.2.0/hadoop-hdfs-3.2.0-tests.jar:/home/user/.m2/repository/org/eclipse/jetty/jetty-util-ajax/9.3.24.v20180605/jetty-util-ajax-9.3.24.v20180605.jar:/home/user/.m2/repository/commons-daemon/commons-daemon/1.0.13/commons-daemon-1.0.13.jar:/home/user/.m2/repository/io/netty/netty/3.10.5.Final/netty-3.10.5.Final.jar:/home/user/.m2/repository/io/netty/netty-all/4.0.52.Final/netty-all-4.0.52.Final.jar:/home/user/.m2/repository/org/fusesource/leveldbjni/leveldbjni-all/1.8/leveldbjni-all-1.8.jar:"/>
    <property name="sun.cpu.endian" value="little"/>
    <property name="user.home" value="/home/user"/>
    <property name="user.language" value="en"/>
    <property name="java.specification.vendor" value="Oracle Corporation"/>
    <property name="java.home" value="/usr/lib/jvm/java-1.8-openjdk/jre"/>
    <property name="java.security.krb5.conf" value="/workdir/hadoop-ozone/integration-test/target/test-classes/krb5.conf"/>
    <property name="basedir" value="/workdir/hadoop-ozone/integration-test"/>
    <property name="file.separator" value="/"/>
    <property name="line.separator" value="&#10;"/>
    <property name="java.vm.specification.vendor" value="Oracle Corporation"/>
    <property name="java.specification.name" value="Java Platform API Specification"/>
    <property name="java.awt.graphicsenv" value="sun.awt.X11GraphicsEnvironment"/>
    <property name="surefire.real.class.path" value="/workdir/hadoop-ozone/integration-test/target/surefire/surefirebooter3811597579122391573.jar"/>
    <property name="hadoop.log.dir" value="/workdir/hadoop-ozone/integration-test/target/log"/>
    <property name="sun.boot.class.path" value="/usr/lib/jvm/java-1.8-openjdk/jre/lib/resources.jar:/usr/lib/jvm/java-1.8-openjdk/jre/lib/rt.jar:/usr/lib/jvm/java-1.8-openjdk/jre/lib/sunrsasign.jar:/usr/lib/jvm/java-1.8-openjdk/jre/lib/jsse.jar:/usr/lib/jvm/java-1.8-openjdk/jre/lib/jce.jar:/usr/lib/jvm/java-1.8-openjdk/jre/lib/charsets.jar:/usr/lib/jvm/java-1.8-openjdk/jre/lib/jfr.jar:/usr/lib/jvm/java-1.8-openjdk/jre/classes"/>
    <property name="sun.management.compiler" value="HotSpot 64-Bit Tiered Compilers"/>
    <property name="java.runtime.version" value="1.8.0_212-b04"/>
    <property name="java.net.preferIPv4Stack" value="true"/>
    <property name="user.name" value="jenkins1000"/>
    <property name="path.separator" value=":"/>
    <property name="java.security.egd" value="file:///dev/urandom"/>
    <property name="os.version" value="3.10.0-957.12.2.el7.x86_64"/>
    <property name="java.endorsed.dirs" value="/usr/lib/jvm/java-1.8-openjdk/jre/lib/endorsed"/>
    <property name="java.runtime.name" value="OpenJDK Runtime Environment"/>
    <property name="file.encoding" value="UTF-8"/>
    <property name="java.vm.name" value="OpenJDK 64-Bit Server VM"/>
    <property name="test.build.webapps" value=""/>
    <property name="localRepository" value="/home/user/.m2/repository"/>
    <property name="java.vendor.url.bug" value="https://icedtea.classpath.org/bugzilla"/>
    <property name="java.io.tmpdir" value="/tmp"/>
    <property name="require.test.libhadoop" value=""/>
    <property name="java.version" value="1.8.0_212"/>
    <property name="user.dir" value="/workdir/hadoop-ozone/integration-test"/>
    <property name="os.arch" value="amd64"/>
    <property name="java.vm.specification.name" value="Java Virtual Machine Specification"/>
    <property name="test.build.classes" value="/workdir/hadoop-ozone/integration-test/target/test-classes"/>
    <property name="java.awt.printerjob" value="sun.print.PSPrinterJob"/>
    <property name="sun.os.patch.level" value="unknown"/>
    <property name="hadoop.tmp.dir" value="/workdir/hadoop-ozone/integration-test/target/tmp"/>
    <property name="java.library.path" value="/usr/lib/jvm/java-1.8-openjdk/jre/lib/amd64/server:/usr/lib/jvm/java-1.8-openjdk/jre/lib/amd64:/usr/lib/jvm/java-1.8-openjdk/jre/../lib/amd64:/workdir/hadoop-ozone/integration-test/target/native/target/usr/local/lib:/workdir/hadoop-ozone/integration-test/../../hadoop-common-project/hadoop-common/target/native/target/usr/local/lib:/usr/java/packages/lib/amd64:/usr/lib64:/lib64:/lib:/usr/lib"/>
    <property name="java.vm.info" value="mixed mode"/>
    <property name="java.vendor" value="IcedTea"/>
    <property name="java.vm.version" value="25.212-b04"/>
    <property name="java.ext.dirs" value="/usr/lib/jvm/java-1.8-openjdk/jre/lib/ext:/usr/java/packages/lib/ext"/>
    <property name="sun.io.unicode.encoding" value="UnicodeLittle"/>
    <property name="java.class.version" value="52.0"/>
  </properties>
  <testcase name="test2DatanodesFailure" classname="org.apache.hadoop.ozone.client.rpc.TestBlockOutputStreamWithFailures" time="42.014"/>
  <testcase name="testDatanodeFailureWithPreAllocation" classname="org.apache.hadoop.ozone.client.rpc.TestBlockOutputStreamWithFailures" time="223.814"/>
  <testcase name="testDatanodeFailureWithSingleNodeRatis" classname="org.apache.hadoop.ozone.client.rpc.TestBlockOutputStreamWithFailures" time="223.39"/>
  <testcase name="testWatchForCommitWithSingleNodeRatis" classname="org.apache.hadoop.ozone.client.rpc.TestBlockOutputStreamWithFailures" time="33.693"/>
  <testcase name="testWatchForCommitDatanodeFailure" classname="org.apache.hadoop.ozone.client.rpc.TestBlockOutputStreamWithFailures" time="49.267">
    <failure message="expected:&lt;2&gt; but was:&lt;3&gt;" type="java.lang.AssertionError"><![CDATA[java.lang.AssertionError: expected:<2> but was:<3>
	at org.junit.Assert.fail(Assert.java:88)
	at org.junit.Assert.failNotEquals(Assert.java:743)
	at org.junit.Assert.assertEquals(Assert.java:118)
	at org.junit.Assert.assertEquals(Assert.java:555)
	at org.junit.Assert.assertEquals(Assert.java:542)
	at org.apache.hadoop.ozone.client.rpc.TestBlockOutputStreamWithFailures.testWatchForCommitDatanodeFailure(TestBlockOutputStreamWithFailures.java:366)
	at sun.reflect.NativeMethodAccessorImpl.invoke0(Native Method)
	at sun.reflect.NativeMethodAccessorImpl.invoke(NativeMethodAccessorImpl.java:62)
	at sun.reflect.DelegatingMethodAccessorImpl.invoke(DelegatingMethodAccessorImpl.java:43)
	at java.lang.reflect.Method.invoke(Method.java:498)
	at org.junit.runners.model.FrameworkMethod$1.runReflectiveCall(FrameworkMethod.java:47)
	at org.junit.internal.runners.model.ReflectiveCallable.run(ReflectiveCallable.java:12)
	at org.junit.runners.model.FrameworkMethod.invokeExplosively(FrameworkMethod.java:44)
	at org.junit.internal.runners.statements.InvokeMethod.evaluate(InvokeMethod.java:17)
	at org.junit.internal.runners.statements.RunBefores.evaluate(RunBefores.java:26)
	at org.junit.internal.runners.statements.RunAfters.evaluate(RunAfters.java:27)
	at org.junit.runners.ParentRunner.runLeaf(ParentRunner.java:271)
	at org.junit.runners.BlockJUnit4ClassRunner.runChild(BlockJUnit4ClassRunner.java:70)
	at org.junit.runners.BlockJUnit4ClassRunner.runChild(BlockJUnit4ClassRunner.java:50)
	at org.junit.runners.ParentRunner$3.run(ParentRunner.java:238)
	at org.junit.runners.ParentRunner$1.schedule(ParentRunner.java:63)
	at org.junit.runners.ParentRunner.runChildren(ParentRunner.java:236)
	at org.junit.runners.ParentRunner.access$000(ParentRunner.java:53)
	at org.junit.runners.ParentRunner$2.evaluate(ParentRunner.java:229)
	at org.junit.runners.ParentRunner.run(ParentRunner.java:309)
	at org.apache.maven.surefire.junit4.JUnit4Provider.execute(JUnit4Provider.java:365)
	at org.apache.maven.surefire.junit4.JUnit4Provider.executeWithRerun(JUnit4Provider.java:273)
	at org.apache.maven.surefire.junit4.JUnit4Provider.executeTestSet(JUnit4Provider.java:238)
	at org.apache.maven.surefire.junit4.JUnit4Provider.invoke(JUnit4Provider.java:159)
	at org.apache.maven.surefire.booter.ForkedBooter.invokeProviderInSameClassLoader(ForkedBooter.java:384)
	at org.apache.maven.surefire.booter.ForkedBooter.runSuitesInProcess(ForkedBooter.java:345)
	at org.apache.maven.surefire.booter.ForkedBooter.execute(ForkedBooter.java:126)
	at org.apache.maven.surefire.booter.ForkedBooter.main(ForkedBooter.java:418)
]]></failure>
    <system-out><![CDATA[2019-09-19 14:56:03,555 [main] WARN  server.ServerUtils (ServerUtils.java:getScmDbDir(145)) - ozone.scm.db.dirs is not configured. We recommend adding this setting. Falling back to ozone.metadata.dirs instead.
2019-09-19 14:56:03,569 [main] WARN  server.ServerUtils (ServerUtils.java:getScmDbDir(145)) - ozone.scm.db.dirs is not configured. We recommend adding this setting. Falling back to ozone.metadata.dirs instead.
2019-09-19 14:56:03,570 [main] WARN  server.ServerUtils (ServerUtils.java:getScmDbDir(145)) - ozone.scm.db.dirs is not configured. We recommend adding this setting. Falling back to ozone.metadata.dirs instead.
2019-09-19 14:56:03,570 [main] INFO  db.DBStoreBuilder (DBStoreBuilder.java:addTable(110)) - using custom profile for table: deletedBlocks
2019-09-19 14:56:03,570 [main] INFO  db.DBStoreBuilder (DBStoreBuilder.java:processTables(161)) - Using default column profile:DBProfile.DISK for Table:deletedBlocks
2019-09-19 14:56:03,571 [main] INFO  db.DBStoreBuilder (DBStoreBuilder.java:addTable(110)) - using custom profile for table: validCerts
2019-09-19 14:56:03,571 [main] INFO  db.DBStoreBuilder (DBStoreBuilder.java:processTables(161)) - Using default column profile:DBProfile.DISK for Table:validCerts
2019-09-19 14:56:03,571 [main] INFO  db.DBStoreBuilder (DBStoreBuilder.java:addTable(110)) - using custom profile for table: revokedCerts
2019-09-19 14:56:03,571 [main] INFO  db.DBStoreBuilder (DBStoreBuilder.java:processTables(161)) - Using default column profile:DBProfile.DISK for Table:revokedCerts
2019-09-19 14:56:03,571 [main] INFO  db.DBStoreBuilder (DBStoreBuilder.java:addTable(110)) - using custom profile for table: default
2019-09-19 14:56:03,572 [main] INFO  db.DBStoreBuilder (DBStoreBuilder.java:processTables(167)) - Using default column profile:DBProfile.DISK for Table:default
2019-09-19 14:56:03,572 [main] INFO  db.DBStoreBuilder (DBStoreBuilder.java:getDbProfile(198)) - Using default options. DBProfile.DISK
2019-09-19 14:56:03,716 [main] INFO  net.NodeSchemaLoader (NodeSchemaLoader.java:loadSchemaFromFile(125)) - Loading file from sun.misc.CompoundEnumeration@3815146b
2019-09-19 14:56:03,716 [main] INFO  net.NodeSchemaLoader (NodeSchemaLoader.java:loadSchema(171)) - Loading network topology layer schema file
2019-09-19 14:56:03,720 [main] INFO  node.SCMNodeManager (SCMNodeManager.java:<init>(114)) - Entering startup safe mode.
2019-09-19 14:56:03,721 [main] INFO  algorithms.ContainerPlacementPolicyFactory (ContainerPlacementPolicyFactory.java:getPolicy(57)) - Create container placement policy of type org.apache.hadoop.hdds.scm.container.placement.algorithms.SCMContainerPlacementRandom
2019-09-19 14:56:03,721 [main] WARN  server.ServerUtils (ServerUtils.java:getScmDbDir(145)) - ozone.scm.db.dirs is not configured. We recommend adding this setting. Falling back to ozone.metadata.dirs instead.
2019-09-19 14:56:03,768 [main] INFO  pipeline.SCMPipelineManager (SCMPipelineManager.java:initializePipelineState(128)) - No pipeline exists in current db
2019-09-19 14:56:03,768 [main] WARN  server.ServerUtils (ServerUtils.java:getScmDbDir(145)) - ozone.scm.db.dirs is not configured. We recommend adding this setting. Falling back to ozone.metadata.dirs instead.
2019-09-19 14:56:03,820 [main] WARN  events.EventQueue (EventQueue.java:fireEvent(183)) - No event handler registered for event TypedEvent{payloadType=SafeModeStatus, name='SafeModeStatus'}
2019-09-19 14:56:03,821 [main] INFO  ipc.CallQueueManager (CallQueueManager.java:<init>(84)) - Using callQueue: class java.util.concurrent.LinkedBlockingQueue, queueCapacity: 2000, scheduler: class org.apache.hadoop.ipc.DefaultRpcScheduler, ipcBackoff: false.
2019-09-19 14:56:03,822 [Socket Reader #1 for port 46576] INFO  ipc.Server (Server.java:run(1074)) - Starting Socket Reader #1 for port 46576
2019-09-19 14:56:03,824 [main] INFO  ipc.CallQueueManager (CallQueueManager.java:<init>(84)) - Using callQueue: class java.util.concurrent.LinkedBlockingQueue, queueCapacity: 2000, scheduler: class org.apache.hadoop.ipc.DefaultRpcScheduler, ipcBackoff: false.
2019-09-19 14:56:03,825 [Socket Reader #1 for port 39117] INFO  ipc.Server (Server.java:run(1074)) - Starting Socket Reader #1 for port 39117
2019-09-19 14:56:03,826 [main] INFO  ipc.CallQueueManager (CallQueueManager.java:<init>(84)) - Using callQueue: class java.util.concurrent.LinkedBlockingQueue, queueCapacity: 2000, scheduler: class org.apache.hadoop.ipc.DefaultRpcScheduler, ipcBackoff: false.
2019-09-19 14:56:03,827 [Socket Reader #1 for port 42508] INFO  ipc.Server (Server.java:run(1074)) - Starting Socket Reader #1 for port 42508
2019-09-19 14:56:03,830 [main] INFO  hdfs.DFSUtil (DFSUtil.java:httpServerTemplateForNNAndJN(1641)) - Starting Web-server for scm at: http://0.0.0.0:0
2019-09-19 14:56:03,832 [main] INFO  server.AuthenticationFilter (AuthenticationFilter.java:constructSecretProvider(240)) - Unable to initialize FileSignerSecretProvider, falling back to use random secrets.
2019-09-19 14:56:03,833 [main] WARN  http.HttpRequestLog (HttpRequestLog.java:getRequestLog(97)) - Jetty request log can only be enabled using Log4j
2019-09-19 14:56:03,835 [main] INFO  http.HttpServer2 (HttpServer2.java:addGlobalFilter(975)) - Added global filter 'safety' (class=org.apache.hadoop.http.HttpServer2$QuotingInputFilter)
2019-09-19 14:56:03,836 [main] INFO  http.HttpServer2 (HttpServer2.java:addFilter(948)) - Added filter static_user_filter (class=org.apache.hadoop.http.lib.StaticUserWebFilter$StaticUserFilter) to context scm
2019-09-19 14:56:03,836 [main] INFO  http.HttpServer2 (HttpServer2.java:addFilter(958)) - Added filter static_user_filter (class=org.apache.hadoop.http.lib.StaticUserWebFilter$StaticUserFilter) to context static
2019-09-19 14:56:03,836 [main] INFO  http.HttpServer2 (HttpServer2.java:addFilter(958)) - Added filter static_user_filter (class=org.apache.hadoop.http.lib.StaticUserWebFilter$StaticUserFilter) to context logs
2019-09-19 14:56:03,838 [main] INFO  server.StorageContainerManager (StorageContainerManager.java:start(763)) - StorageContainerLocationProtocol RPC server is listening at /0.0.0.0:42508
2019-09-19 14:56:03,840 [main] WARN  impl.MetricsConfig (MetricsConfig.java:loadFirst(134)) - Cannot locate configuration: tried hadoop-metrics2-storagecontainermanager.properties,hadoop-metrics2.properties
2019-09-19 14:56:03,841 [main] INFO  impl.MetricsSystemImpl (MetricsSystemImpl.java:startTimer(374)) - Scheduled Metric snapshot period at 10 second(s).
2019-09-19 14:56:03,841 [main] INFO  impl.MetricsSystemImpl (MetricsSystemImpl.java:start(191)) - StorageContainerManager metrics system started
2019-09-19 14:56:03,885 [main] WARN  impl.MetricsSystemImpl (MetricsSystemImpl.java:register(276)) - Sink prometheus already exists!
2019-09-19 14:56:03,985 [main] INFO  server.SCMClientProtocolServer (SCMClientProtocolServer.java:start(151)) - RPC server for Client  is listening at /0.0.0.0:42508
2019-09-19 14:56:03,985 [IPC Server Responder] INFO  ipc.Server (Server.java:run(1314)) - IPC Server Responder: starting
2019-09-19 14:56:03,985 [IPC Server listener on 42508] INFO  ipc.Server (Server.java:run(1153)) - IPC Server listener on 42508: starting
2019-09-19 14:56:03,989 [main] INFO  server.StorageContainerManager (StorageContainerManager.java:start(773)) - ScmBlockLocationProtocol RPC server is listening at /0.0.0.0:39117
2019-09-19 14:56:03,989 [main] INFO  server.SCMBlockProtocolServer (SCMBlockProtocolServer.java:start(146)) - RPC server for Block Protocol is listening at /0.0.0.0:39117
2019-09-19 14:56:03,990 [IPC Server Responder] INFO  ipc.Server (Server.java:run(1314)) - IPC Server Responder: starting
2019-09-19 14:56:03,991 [IPC Server listener on 39117] INFO  ipc.Server (Server.java:run(1153)) - IPC Server listener on 39117: starting
2019-09-19 14:56:03,994 [main] INFO  server.StorageContainerManager (StorageContainerManager.java:start(777)) - ScmDatanodeProtocl RPC server is listening at /0.0.0.0:46576
2019-09-19 14:56:03,994 [main] INFO  server.SCMDatanodeProtocolServer (SCMDatanodeProtocolServer.java:start(191)) - RPC server for DataNodes is listening at /0.0.0.0:46576
2019-09-19 14:56:03,994 [IPC Server Responder] INFO  ipc.Server (Server.java:run(1314)) - IPC Server Responder: starting
2019-09-19 14:56:03,994 [IPC Server listener on 46576] INFO  ipc.Server (Server.java:run(1153)) - IPC Server listener on 46576: starting
2019-09-19 14:56:03,998 [main] INFO  http.HttpServer2 (HttpServer2.java:bindListener(1191)) - Jetty bound to port 42547
2019-09-19 14:56:03,998 [main] INFO  server.Server (Server.java:doStart(351)) - jetty-9.3.24.v20180605, build timestamp: 2018-06-05T17:11:56Z, git hash: 84205aa28f11a4f31f2a3b86d1bba2cc8ab69827
2019-09-19 14:56:04,000 [main] INFO  handler.ContextHandler (ContextHandler.java:doStart(781)) - Started o.e.j.s.ServletContextHandler@cdb3c85{/logs,file:///workdir/hadoop-ozone/integration-test/target/log,AVAILABLE}
2019-09-19 14:56:04,000 [main] INFO  handler.ContextHandler (ContextHandler.java:doStart(781)) - Started o.e.j.s.ServletContextHandler@33d28f0a{/static,file:///workdir/hadoop-ozone/integration-test/target/test-classes/webapps/static,AVAILABLE}
2019-09-19 14:56:04,003 [main] INFO  handler.ContextHandler (ContextHandler.java:doStart(781)) - Started o.e.j.w.WebAppContext@4eeab3e{/,file:///workdir/hadoop-ozone/integration-test/target/test-classes/webapps/scm/,AVAILABLE}{/scm}
2019-09-19 14:56:04,004 [main] INFO  server.AbstractConnector (AbstractConnector.java:doStart(278)) - Started ServerConnector@2b6fb197{HTTP/1.1,[http/1.1]}{0.0.0.0:42547}
2019-09-19 14:56:04,005 [main] INFO  server.Server (Server.java:doStart(419)) - Started @523947ms
2019-09-19 14:56:04,005 [main] WARN  impl.MetricsSystemImpl (MetricsSystemImpl.java:register(276)) - Sink prometheus already exists!
2019-09-19 14:56:04,007 [main] INFO  server.BaseHttpServer (BaseHttpServer.java:updateConnectorAddress(215)) - HTTP server of SCM is listening at http://0.0.0.0:42547
2019-09-19 14:56:04,008 [main] WARN  server.ServerUtils (ServerUtils.java:getDBPath(222)) - ozone.om.db.dirs is not configured. We recommend adding this setting. Falling back to ozone.metadata.dirs instead.
2019-09-19 14:56:04,008 [org.apache.hadoop.util.JvmPauseMonitor$Monitor@5a2ae1ab] INFO  util.JvmPauseMonitor (JvmPauseMonitor.java:run(188)) - Starting JVM pause monitor
2019-09-19 14:56:04,021 [main] WARN  server.ServerUtils (ServerUtils.java:getDBPath(222)) - ozone.om.db.dirs is not configured. We recommend adding this setting. Falling back to ozone.metadata.dirs instead.
2019-09-19 14:56:04,022 [main] WARN  server.ServerUtils (ServerUtils.java:getDBPath(222)) - ozone.om.db.dirs is not configured. We recommend adding this setting. Falling back to ozone.metadata.dirs instead.
2019-09-19 14:56:04,022 [main] INFO  om.OzoneManager (OzoneManager.java:setOMNodeDetails(649)) - OM Service ID is not set. Setting it to the default ID: omServiceIdDefault
2019-09-19 14:56:04,022 [main] INFO  om.OzoneManager (OzoneManager.java:setOMNodeDetails(655)) - OM Node ID is not set. Setting it to the OmStorage's OmID: 27692c8c-14da-4ac2-bc62-127c54aebd28
2019-09-19 14:56:04,022 [main] INFO  om.OzoneManager (OzoneManager.java:loadOMHAConfigs(606)) - Found matching OM address with OMServiceId: null, OMNodeId: null, RPC Address: localhost:0 and Ratis port: 9872
2019-09-19 14:56:04,029 [main] WARN  server.ServerUtils (ServerUtils.java:getDBPath(222)) - ozone.om.db.dirs is not configured. We recommend adding this setting. Falling back to ozone.metadata.dirs instead.
2019-09-19 14:56:04,030 [main] INFO  db.DBStoreBuilder (DBStoreBuilder.java:addTable(110)) - using custom profile for table: userTable
2019-09-19 14:56:04,030 [main] INFO  db.DBStoreBuilder (DBStoreBuilder.java:processTables(161)) - Using default column profile:DBProfile.DISK for Table:userTable
2019-09-19 14:56:04,030 [main] INFO  db.DBStoreBuilder (DBStoreBuilder.java:addTable(110)) - using custom profile for table: volumeTable
2019-09-19 14:56:04,030 [main] INFO  db.DBStoreBuilder (DBStoreBuilder.java:processTables(161)) - Using default column profile:DBProfile.DISK for Table:volumeTable
2019-09-19 14:56:04,031 [main] INFO  db.DBStoreBuilder (DBStoreBuilder.java:addTable(110)) - using custom profile for table: bucketTable
2019-09-19 14:56:04,031 [main] INFO  db.DBStoreBuilder (DBStoreBuilder.java:processTables(161)) - Using default column profile:DBProfile.DISK for Table:bucketTable
2019-09-19 14:56:04,031 [main] INFO  db.DBStoreBuilder (DBStoreBuilder.java:addTable(110)) - using custom profile for table: keyTable
2019-09-19 14:56:04,031 [main] INFO  db.DBStoreBuilder (DBStoreBuilder.java:processTables(161)) - Using default column profile:DBProfile.DISK for Table:keyTable
2019-09-19 14:56:04,032 [main] INFO  db.DBStoreBuilder (DBStoreBuilder.java:addTable(110)) - using custom profile for table: deletedTable
2019-09-19 14:56:04,032 [main] INFO  db.DBStoreBuilder (DBStoreBuilder.java:processTables(161)) - Using default column profile:DBProfile.DISK for Table:deletedTable
2019-09-19 14:56:04,032 [main] INFO  db.DBStoreBuilder (DBStoreBuilder.java:addTable(110)) - using custom profile for table: openKeyTable
2019-09-19 14:56:04,032 [main] INFO  db.DBStoreBuilder (DBStoreBuilder.java:processTables(161)) - Using default column profile:DBProfile.DISK for Table:openKeyTable
2019-09-19 14:56:04,032 [main] INFO  db.DBStoreBuilder (DBStoreBuilder.java:addTable(110)) - using custom profile for table: s3Table
2019-09-19 14:56:04,033 [main] INFO  db.DBStoreBuilder (DBStoreBuilder.java:processTables(161)) - Using default column profile:DBProfile.DISK for Table:s3Table
2019-09-19 14:56:04,033 [main] INFO  db.DBStoreBuilder (DBStoreBuilder.java:addTable(110)) - using custom profile for table: multipartInfoTable
2019-09-19 14:56:04,033 [main] INFO  db.DBStoreBuilder (DBStoreBuilder.java:processTables(161)) - Using default column profile:DBProfile.DISK for Table:multipartInfoTable
2019-09-19 14:56:04,033 [main] INFO  db.DBStoreBuilder (DBStoreBuilder.java:addTable(110)) - using custom profile for table: dTokenTable
2019-09-19 14:56:04,034 [main] INFO  db.DBStoreBuilder (DBStoreBuilder.java:processTables(161)) - Using default column profile:DBProfile.DISK for Table:dTokenTable
2019-09-19 14:56:04,034 [main] INFO  db.DBStoreBuilder (DBStoreBuilder.java:addTable(110)) - using custom profile for table: s3SecretTable
2019-09-19 14:56:04,034 [main] INFO  db.DBStoreBuilder (DBStoreBuilder.java:processTables(161)) - Using default column profile:DBProfile.DISK for Table:s3SecretTable
2019-09-19 14:56:04,034 [main] INFO  db.DBStoreBuilder (DBStoreBuilder.java:addTable(110)) - using custom profile for table: prefixTable
2019-09-19 14:56:04,034 [main] INFO  db.DBStoreBuilder (DBStoreBuilder.java:processTables(161)) - Using default column profile:DBProfile.DISK for Table:prefixTable
2019-09-19 14:56:04,035 [main] INFO  db.DBStoreBuilder (DBStoreBuilder.java:addTable(110)) - using custom profile for table: default
2019-09-19 14:56:04,035 [main] INFO  db.DBStoreBuilder (DBStoreBuilder.java:processTables(167)) - Using default column profile:DBProfile.DISK for Table:default
2019-09-19 14:56:04,035 [main] INFO  db.DBStoreBuilder (DBStoreBuilder.java:getDbProfile(198)) - Using default options. DBProfile.DISK
2019-09-19 14:56:04,535 [main] INFO  ipc.CallQueueManager (CallQueueManager.java:<init>(84)) - Using callQueue: class java.util.concurrent.LinkedBlockingQueue, queueCapacity: 2000, scheduler: class org.apache.hadoop.ipc.DefaultRpcScheduler, ipcBackoff: false.
2019-09-19 14:56:04,536 [Socket Reader #1 for port 41490] INFO  ipc.Server (Server.java:run(1074)) - Starting Socket Reader #1 for port 41490
2019-09-19 14:56:04,552 [main] INFO  om.OzoneManager (OzoneManager.java:start(1240)) - OzoneManager RPC server is listening at localhost/127.0.0.1:41490
2019-09-19 14:56:04,552 [main] INFO  impl.MetricsSystemImpl (MetricsSystemImpl.java:init(158)) - OzoneManager metrics system started (again)
2019-09-19 14:56:04,553 [IPC Server Responder] INFO  ipc.Server (Server.java:run(1314)) - IPC Server Responder: starting
2019-09-19 14:56:04,553 [IPC Server listener on 41490] INFO  ipc.Server (Server.java:run(1153)) - IPC Server listener on 41490: starting
2019-09-19 14:56:04,560 [main] INFO  hdfs.DFSUtil (DFSUtil.java:httpServerTemplateForNNAndJN(1641)) - Starting Web-server for ozoneManager at: http://0.0.0.0:0
2019-09-19 14:56:04,561 [main] INFO  server.AuthenticationFilter (AuthenticationFilter.java:constructSecretProvider(240)) - Unable to initialize FileSignerSecretProvider, falling back to use random secrets.
2019-09-19 14:56:04,561 [main] WARN  http.HttpRequestLog (HttpRequestLog.java:getRequestLog(97)) - Jetty request log can only be enabled using Log4j
2019-09-19 14:56:04,562 [main] INFO  http.HttpServer2 (HttpServer2.java:addGlobalFilter(975)) - Added global filter 'safety' (class=org.apache.hadoop.http.HttpServer2$QuotingInputFilter)
2019-09-19 14:56:04,563 [main] INFO  http.HttpServer2 (HttpServer2.java:addFilter(948)) - Added filter static_user_filter (class=org.apache.hadoop.http.lib.StaticUserWebFilter$StaticUserFilter) to context ozoneManager
2019-09-19 14:56:04,563 [main] INFO  http.HttpServer2 (HttpServer2.java:addFilter(958)) - Added filter static_user_filter (class=org.apache.hadoop.http.lib.StaticUserWebFilter$StaticUserFilter) to context static
2019-09-19 14:56:04,563 [main] INFO  http.HttpServer2 (HttpServer2.java:addFilter(958)) - Added filter static_user_filter (class=org.apache.hadoop.http.lib.StaticUserWebFilter$StaticUserFilter) to context logs
2019-09-19 14:56:04,564 [main] INFO  http.HttpServer2 (HttpServer2.java:bindListener(1191)) - Jetty bound to port 42786
2019-09-19 14:56:04,564 [main] INFO  server.Server (Server.java:doStart(351)) - jetty-9.3.24.v20180605, build timestamp: 2018-06-05T17:11:56Z, git hash: 84205aa28f11a4f31f2a3b86d1bba2cc8ab69827
2019-09-19 14:56:04,566 [main] INFO  handler.ContextHandler (ContextHandler.java:doStart(781)) - Started o.e.j.s.ServletContextHandler@4f664bee{/logs,file:///workdir/hadoop-ozone/integration-test/target/log,AVAILABLE}
2019-09-19 14:56:04,566 [main] INFO  handler.ContextHandler (ContextHandler.java:doStart(781)) - Started o.e.j.s.ServletContextHandler@4fd74223{/static,file:///workdir/hadoop-ozone/integration-test/target/test-classes/webapps/static,AVAILABLE}
2019-09-19 14:56:04,569 [main] INFO  handler.ContextHandler (ContextHandler.java:doStart(781)) - Started o.e.j.w.WebAppContext@4981d95b{/,file:///workdir/hadoop-ozone/integration-test/target/test-classes/webapps/ozoneManager/,AVAILABLE}{/ozoneManager}
2019-09-19 14:56:04,570 [main] INFO  server.AbstractConnector (AbstractConnector.java:doStart(278)) - Started ServerConnector@656842bc{HTTP/1.1,[http/1.1]}{0.0.0.0:42786}
2019-09-19 14:56:04,571 [main] INFO  server.Server (Server.java:doStart(419)) - Started @524513ms
2019-09-19 14:56:04,571 [main] WARN  impl.MetricsSystemImpl (MetricsSystemImpl.java:register(276)) - Sink prometheus already exists!
2019-09-19 14:56:04,572 [main] INFO  server.BaseHttpServer (BaseHttpServer.java:updateConnectorAddress(215)) - HTTP server of OZONEMANAGER is listening at http://0.0.0.0:42786
2019-09-19 14:56:04,586 [main] INFO  impl.MetricsSystemImpl (MetricsSystemImpl.java:init(158)) - HddsDatanode metrics system started (again)
2019-09-19 14:56:04,589 [main] INFO  ozone.HddsDatanodeService (HddsDatanodeService.java:start(184)) - HddsDatanodeService host:pr-hdds-2151-jsxwx-3911445914 ip:192.168.34.4
2019-09-19 14:56:04,596 [main] INFO  volume.HddsVolume (HddsVolume.java:<init>(176)) - Creating Volume: /workdir/hadoop-ozone/integration-test/target/test-dir/MiniOzoneClusterImpl-99c120a9-ba08-420c-a34c-f177dbe2ba07/datanode-0/data/containers/hdds of  storage type : DISK and capacity : 1482555576320
2019-09-19 14:56:04,596 [main] INFO  volume.VolumeSet (VolumeSet.java:initializeVolumeSet(170)) - Added Volume : /workdir/hadoop-ozone/integration-test/target/test-dir/MiniOzoneClusterImpl-99c120a9-ba08-420c-a34c-f177dbe2ba07/datanode-0/data/containers/hdds to VolumeSet
2019-09-19 14:56:04,596 [main] INFO  volume.ThrottledAsyncChecker (ThrottledAsyncChecker.java:schedule(139)) - Scheduling a check for org.apache.hadoop.ozone.container.common.volume.HddsVolume@34edd065
2019-09-19 14:56:04,597 [main] INFO  volume.HddsVolumeChecker (HddsVolumeChecker.java:checkAllVolumes(202)) - Scheduled health check for volume org.apache.hadoop.ozone.container.common.volume.HddsVolume@34edd065
2019-09-19 14:56:04,612 [main] INFO  impl.RaftServerProxy (ConfUtils.java:logGet(43)) - raft.rpc.type = GRPC (default)
2019-09-19 14:56:04,612 [main] INFO  grpc.GrpcFactory (GrpcFactory.java:checkPooledByteBufAllocatorUseCacheForAllThreads(45)) - PERFORMANCE WARNING: useCacheForAllThreads is true that may cause Netty to create a lot garbage objects and, as a result, trigger GC.
	It is recommended to disable useCacheForAllThreads by setting -Dorg.apache.ratis.thirdparty.io.netty.allocator.useCacheForAllThreads=false in command line.
2019-09-19 14:56:04,612 [main] INFO  grpc.GrpcConfigKeys$Server (ConfUtils.java:logGet(43)) - raft.grpc.server.port = 0 (default)
2019-09-19 14:56:04,613 [main] INFO  server.GrpcService (ConfUtils.java:logGet(43)) - raft.grpc.message.size.max = 33570816 (custom)
2019-09-19 14:56:04,613 [main] INFO  server.RaftServerConfigKeys (ConfUtils.java:logGet(43)) - raft.server.log.appender.buffer.byte-limit = 33554432 (custom)
2019-09-19 14:56:04,613 [main] INFO  server.GrpcService (ConfUtils.java:logGet(43)) - raft.grpc.flow.control.window = 1MB (=1048576) (default)
2019-09-19 14:56:04,613 [main] INFO  server.RaftServerConfigKeys (ConfUtils.java:logGet(43)) - raft.server.rpc.request.timeout = 3000ms (default)
2019-09-19 14:56:04,614 [main] INFO  server.RaftServerConfigKeys (ConfUtils.java:logGet(43)) - raft.server.storage.dir = [/workdir/hadoop-ozone/integration-test/target/test-dir/MiniOzoneClusterImpl-99c120a9-ba08-420c-a34c-f177dbe2ba07/datanode-0/data/ratis] (custom)
2019-09-19 14:56:04,615 [main] INFO  hdfs.DFSUtil (DFSUtil.java:httpServerTemplateForNNAndJN(1641)) - Starting Web-server for hddsDatanode at: http://0.0.0.0:0
2019-09-19 14:56:04,616 [main] INFO  server.AuthenticationFilter (AuthenticationFilter.java:constructSecretProvider(240)) - Unable to initialize FileSignerSecretProvider, falling back to use random secrets.
2019-09-19 14:56:04,617 [main] WARN  http.HttpRequestLog (HttpRequestLog.java:getRequestLog(97)) - Jetty request log can only be enabled using Log4j
2019-09-19 14:56:04,618 [main] INFO  http.HttpServer2 (HttpServer2.java:addGlobalFilter(975)) - Added global filter 'safety' (class=org.apache.hadoop.http.HttpServer2$QuotingInputFilter)
2019-09-19 14:56:04,618 [main] INFO  http.HttpServer2 (HttpServer2.java:addFilter(948)) - Added filter static_user_filter (class=org.apache.hadoop.http.lib.StaticUserWebFilter$StaticUserFilter) to context hddsDatanode
2019-09-19 14:56:04,619 [main] INFO  http.HttpServer2 (HttpServer2.java:addFilter(958)) - Added filter static_user_filter (class=org.apache.hadoop.http.lib.StaticUserWebFilter$StaticUserFilter) to context logs
2019-09-19 14:56:04,619 [main] INFO  http.HttpServer2 (HttpServer2.java:addFilter(958)) - Added filter static_user_filter (class=org.apache.hadoop.http.lib.StaticUserWebFilter$StaticUserFilter) to context static
2019-09-19 14:56:04,619 [main] INFO  http.HttpServer2 (HttpServer2.java:bindListener(1191)) - Jetty bound to port 39475
2019-09-19 14:56:04,619 [main] INFO  server.Server (Server.java:doStart(351)) - jetty-9.3.24.v20180605, build timestamp: 2018-06-05T17:11:56Z, git hash: 84205aa28f11a4f31f2a3b86d1bba2cc8ab69827
2019-09-19 14:56:04,621 [main] INFO  handler.ContextHandler (ContextHandler.java:doStart(781)) - Started o.e.j.s.ServletContextHandler@29bbc63c{/logs,file:///workdir/hadoop-ozone/integration-test/target/log,AVAILABLE}
2019-09-19 14:56:04,621 [main] INFO  handler.ContextHandler (ContextHandler.java:doStart(781)) - Started o.e.j.s.ServletContextHandler@2cccf134{/static,jar:file:/home/user/.m2/repository/org/apache/hadoop/hadoop-hdds-container-service/0.5.0-SNAPSHOT/hadoop-hdds-container-service-0.5.0-SNAPSHOT.jar!/webapps/static,AVAILABLE}
2019-09-19 14:56:04,648 [main] INFO  handler.ContextHandler (ContextHandler.java:doStart(781)) - Started o.e.j.w.WebAppContext@231df705{/,file:///tmp/jetty-0.0.0.0-39475-hddsDatanode-_-any-3218741810292386524.dir/webapp/,AVAILABLE}{/hddsDatanode}
2019-09-19 14:56:04,648 [main] INFO  server.AbstractConnector (AbstractConnector.java:doStart(278)) - Started ServerConnector@2d130ac4{HTTP/1.1,[http/1.1]}{0.0.0.0:39475}
2019-09-19 14:56:04,649 [main] INFO  server.Server (Server.java:doStart(419)) - Started @524591ms
2019-09-19 14:56:04,650 [main] WARN  impl.MetricsSystemImpl (MetricsSystemImpl.java:register(276)) - Sink prometheus already exists!
2019-09-19 14:56:04,650 [main] INFO  server.BaseHttpServer (BaseHttpServer.java:updateConnectorAddress(215)) - HTTP server of HDDSDATANODE is listening at http://0.0.0.0:39475
2019-09-19 14:56:04,651 [main] INFO  impl.MetricsSystemImpl (MetricsSystemImpl.java:init(158)) - HddsDatanode metrics system started (again)
2019-09-19 14:56:04,654 [org.apache.hadoop.util.JvmPauseMonitor$Monitor@7e735b66] INFO  util.JvmPauseMonitor (JvmPauseMonitor.java:run(188)) - Starting JVM pause monitor
2019-09-19 14:56:04,654 [main] INFO  ozone.HddsDatanodeService (HddsDatanodeService.java:start(184)) - HddsDatanodeService host:pr-hdds-2151-jsxwx-3911445914 ip:192.168.34.4
2019-09-19 14:56:04,656 [Datanode State Machine Thread - 0] INFO  datanode.InitDatanodeState (InitDatanodeState.java:persistContainerDatanodeDetails(140)) - DatanodeDetails is persisted to /workdir/hadoop-ozone/integration-test/target/test-dir/MiniOzoneClusterImpl-99c120a9-ba08-420c-a34c-f177dbe2ba07/datanode-0/meta/datanode.id
2019-09-19 14:56:04,660 [main] INFO  volume.HddsVolume (HddsVolume.java:<init>(176)) - Creating Volume: /workdir/hadoop-ozone/integration-test/target/test-dir/MiniOzoneClusterImpl-99c120a9-ba08-420c-a34c-f177dbe2ba07/datanode-1/data/containers/hdds of  storage type : DISK and capacity : 1482555576320
2019-09-19 14:56:04,660 [main] INFO  volume.VolumeSet (VolumeSet.java:initializeVolumeSet(170)) - Added Volume : /workdir/hadoop-ozone/integration-test/target/test-dir/MiniOzoneClusterImpl-99c120a9-ba08-420c-a34c-f177dbe2ba07/datanode-1/data/containers/hdds to VolumeSet
2019-09-19 14:56:04,660 [main] INFO  volume.ThrottledAsyncChecker (ThrottledAsyncChecker.java:schedule(139)) - Scheduling a check for org.apache.hadoop.ozone.container.common.volume.HddsVolume@111cba40
2019-09-19 14:56:04,661 [main] INFO  volume.HddsVolumeChecker (HddsVolumeChecker.java:checkAllVolumes(202)) - Scheduled health check for volume org.apache.hadoop.ozone.container.common.volume.HddsVolume@111cba40
2019-09-19 14:56:04,674 [main] INFO  impl.RaftServerProxy (ConfUtils.java:logGet(43)) - raft.rpc.type = GRPC (default)
2019-09-19 14:56:04,674 [main] INFO  grpc.GrpcFactory (GrpcFactory.java:checkPooledByteBufAllocatorUseCacheForAllThreads(45)) - PERFORMANCE WARNING: useCacheForAllThreads is true that may cause Netty to create a lot garbage objects and, as a result, trigger GC.
	It is recommended to disable useCacheForAllThreads by setting -Dorg.apache.ratis.thirdparty.io.netty.allocator.useCacheForAllThreads=false in command line.
2019-09-19 14:56:04,675 [main] INFO  grpc.GrpcConfigKeys$Server (ConfUtils.java:logGet(43)) - raft.grpc.server.port = 0 (default)
2019-09-19 14:56:04,675 [main] INFO  server.GrpcService (ConfUtils.java:logGet(43)) - raft.grpc.message.size.max = 33570816 (custom)
2019-09-19 14:56:04,675 [main] INFO  server.RaftServerConfigKeys (ConfUtils.java:logGet(43)) - raft.server.log.appender.buffer.byte-limit = 33554432 (custom)
2019-09-19 14:56:04,675 [main] INFO  server.GrpcService (ConfUtils.java:logGet(43)) - raft.grpc.flow.control.window = 1MB (=1048576) (default)
2019-09-19 14:56:04,676 [main] INFO  server.RaftServerConfigKeys (ConfUtils.java:logGet(43)) - raft.server.rpc.request.timeout = 3000ms (default)
2019-09-19 14:56:04,676 [main] INFO  server.RaftServerConfigKeys (ConfUtils.java:logGet(43)) - raft.server.storage.dir = [/workdir/hadoop-ozone/integration-test/target/test-dir/MiniOzoneClusterImpl-99c120a9-ba08-420c-a34c-f177dbe2ba07/datanode-1/data/ratis] (custom)
2019-09-19 14:56:04,677 [main] INFO  hdfs.DFSUtil (DFSUtil.java:httpServerTemplateForNNAndJN(1641)) - Starting Web-server for hddsDatanode at: http://0.0.0.0:0
2019-09-19 14:56:04,678 [main] INFO  server.AuthenticationFilter (AuthenticationFilter.java:constructSecretProvider(240)) - Unable to initialize FileSignerSecretProvider, falling back to use random secrets.
2019-09-19 14:56:04,679 [main] WARN  http.HttpRequestLog (HttpRequestLog.java:getRequestLog(97)) - Jetty request log can only be enabled using Log4j
2019-09-19 14:56:04,680 [main] INFO  http.HttpServer2 (HttpServer2.java:addGlobalFilter(975)) - Added global filter 'safety' (class=org.apache.hadoop.http.HttpServer2$QuotingInputFilter)
2019-09-19 14:56:04,681 [main] INFO  http.HttpServer2 (HttpServer2.java:addFilter(948)) - Added filter static_user_filter (class=org.apache.hadoop.http.lib.StaticUserWebFilter$StaticUserFilter) to context hddsDatanode
2019-09-19 14:56:04,681 [main] INFO  http.HttpServer2 (HttpServer2.java:addFilter(958)) - Added filter static_user_filter (class=org.apache.hadoop.http.lib.StaticUserWebFilter$StaticUserFilter) to context logs
2019-09-19 14:56:04,681 [main] INFO  http.HttpServer2 (HttpServer2.java:addFilter(958)) - Added filter static_user_filter (class=org.apache.hadoop.http.lib.StaticUserWebFilter$StaticUserFilter) to context static
2019-09-19 14:56:04,682 [main] INFO  http.HttpServer2 (HttpServer2.java:bindListener(1191)) - Jetty bound to port 33352
2019-09-19 14:56:04,682 [main] INFO  server.Server (Server.java:doStart(351)) - jetty-9.3.24.v20180605, build timestamp: 2018-06-05T17:11:56Z, git hash: 84205aa28f11a4f31f2a3b86d1bba2cc8ab69827
2019-09-19 14:56:04,683 [main] INFO  handler.ContextHandler (ContextHandler.java:doStart(781)) - Started o.e.j.s.ServletContextHandler@75bd28d{/logs,file:///workdir/hadoop-ozone/integration-test/target/log,AVAILABLE}
2019-09-19 14:56:04,684 [main] INFO  handler.ContextHandler (ContextHandler.java:doStart(781)) - Started o.e.j.s.ServletContextHandler@11810917{/static,jar:file:/home/user/.m2/repository/org/apache/hadoop/hadoop-hdds-container-service/0.5.0-SNAPSHOT/hadoop-hdds-container-service-0.5.0-SNAPSHOT.jar!/webapps/static,AVAILABLE}
2019-09-19 14:56:04,724 [main] INFO  handler.ContextHandler (ContextHandler.java:doStart(781)) - Started o.e.j.w.WebAppContext@5fb54740{/,file:///tmp/jetty-0.0.0.0-33352-hddsDatanode-_-any-7313336879177694293.dir/webapp/,AVAILABLE}{/hddsDatanode}
2019-09-19 14:56:04,725 [main] INFO  server.AbstractConnector (AbstractConnector.java:doStart(278)) - Started ServerConnector@325162e9{HTTP/1.1,[http/1.1]}{0.0.0.0:33352}
2019-09-19 14:56:04,726 [main] INFO  server.Server (Server.java:doStart(419)) - Started @524669ms
2019-09-19 14:56:04,727 [main] WARN  impl.MetricsSystemImpl (MetricsSystemImpl.java:register(276)) - Sink prometheus already exists!
2019-09-19 14:56:04,728 [main] INFO  server.BaseHttpServer (BaseHttpServer.java:updateConnectorAddress(215)) - HTTP server of HDDSDATANODE is listening at http://0.0.0.0:33352
2019-09-19 14:56:04,728 [main] INFO  impl.MetricsSystemImpl (MetricsSystemImpl.java:init(158)) - HddsDatanode metrics system started (again)
2019-09-19 14:56:04,732 [org.apache.hadoop.util.JvmPauseMonitor$Monitor@2114d4e3] INFO  util.JvmPauseMonitor (JvmPauseMonitor.java:run(188)) - Starting JVM pause monitor
2019-09-19 14:56:04,733 [main] INFO  ozone.HddsDatanodeService (HddsDatanodeService.java:start(184)) - HddsDatanodeService host:pr-hdds-2151-jsxwx-3911445914 ip:192.168.34.4
2019-09-19 14:56:04,733 [Datanode State Machine Thread - 0] INFO  datanode.InitDatanodeState (InitDatanodeState.java:persistContainerDatanodeDetails(140)) - DatanodeDetails is persisted to /workdir/hadoop-ozone/integration-test/target/test-dir/MiniOzoneClusterImpl-99c120a9-ba08-420c-a34c-f177dbe2ba07/datanode-1/meta/datanode.id
2019-09-19 14:56:04,739 [main] INFO  volume.HddsVolume (HddsVolume.java:<init>(176)) - Creating Volume: /workdir/hadoop-ozone/integration-test/target/test-dir/MiniOzoneClusterImpl-99c120a9-ba08-420c-a34c-f177dbe2ba07/datanode-2/data/containers/hdds of  storage type : DISK and capacity : 1482555576320
2019-09-19 14:56:04,740 [main] INFO  volume.VolumeSet (VolumeSet.java:initializeVolumeSet(170)) - Added Volume : /workdir/hadoop-ozone/integration-test/target/test-dir/MiniOzoneClusterImpl-99c120a9-ba08-420c-a34c-f177dbe2ba07/datanode-2/data/containers/hdds to VolumeSet
2019-09-19 14:56:04,740 [main] INFO  volume.ThrottledAsyncChecker (ThrottledAsyncChecker.java:schedule(139)) - Scheduling a check for org.apache.hadoop.ozone.container.common.volume.HddsVolume@37775bb1
2019-09-19 14:56:04,741 [main] INFO  volume.HddsVolumeChecker (HddsVolumeChecker.java:checkAllVolumes(202)) - Scheduled health check for volume org.apache.hadoop.ozone.container.common.volume.HddsVolume@37775bb1
2019-09-19 14:56:04,755 [main] INFO  impl.RaftServerProxy (ConfUtils.java:logGet(43)) - raft.rpc.type = GRPC (default)
2019-09-19 14:56:04,756 [main] INFO  grpc.GrpcFactory (GrpcFactory.java:checkPooledByteBufAllocatorUseCacheForAllThreads(45)) - PERFORMANCE WARNING: useCacheForAllThreads is true that may cause Netty to create a lot garbage objects and, as a result, trigger GC.
	It is recommended to disable useCacheForAllThreads by setting -Dorg.apache.ratis.thirdparty.io.netty.allocator.useCacheForAllThreads=false in command line.
2019-09-19 14:56:04,756 [main] INFO  grpc.GrpcConfigKeys$Server (ConfUtils.java:logGet(43)) - raft.grpc.server.port = 0 (default)
2019-09-19 14:56:04,756 [main] INFO  server.GrpcService (ConfUtils.java:logGet(43)) - raft.grpc.message.size.max = 33570816 (custom)
2019-09-19 14:56:04,756 [main] INFO  server.RaftServerConfigKeys (ConfUtils.java:logGet(43)) - raft.server.log.appender.buffer.byte-limit = 33554432 (custom)
2019-09-19 14:56:04,757 [main] INFO  server.GrpcService (ConfUtils.java:logGet(43)) - raft.grpc.flow.control.window = 1MB (=1048576) (default)
2019-09-19 14:56:04,757 [main] INFO  server.RaftServerConfigKeys (ConfUtils.java:logGet(43)) - raft.server.rpc.request.timeout = 3000ms (default)
2019-09-19 14:56:04,757 [main] INFO  server.RaftServerConfigKeys (ConfUtils.java:logGet(43)) - raft.server.storage.dir = [/workdir/hadoop-ozone/integration-test/target/test-dir/MiniOzoneClusterImpl-99c120a9-ba08-420c-a34c-f177dbe2ba07/datanode-2/data/ratis] (custom)
2019-09-19 14:56:04,758 [main] INFO  hdfs.DFSUtil (DFSUtil.java:httpServerTemplateForNNAndJN(1641)) - Starting Web-server for hddsDatanode at: http://0.0.0.0:0
2019-09-19 14:56:04,760 [main] INFO  server.AuthenticationFilter (AuthenticationFilter.java:constructSecretProvider(240)) - Unable to initialize FileSignerSecretProvider, falling back to use random secrets.
2019-09-19 14:56:04,760 [main] WARN  http.HttpRequestLog (HttpRequestLog.java:getRequestLog(97)) - Jetty request log can only be enabled using Log4j
2019-09-19 14:56:04,762 [main] INFO  http.HttpServer2 (HttpServer2.java:addGlobalFilter(975)) - Added global filter 'safety' (class=org.apache.hadoop.http.HttpServer2$QuotingInputFilter)
2019-09-19 14:56:04,762 [main] INFO  http.HttpServer2 (HttpServer2.java:addFilter(948)) - Added filter static_user_filter (class=org.apache.hadoop.http.lib.StaticUserWebFilter$StaticUserFilter) to context hddsDatanode
2019-09-19 14:56:04,762 [main] INFO  http.HttpServer2 (HttpServer2.java:addFilter(958)) - Added filter static_user_filter (class=org.apache.hadoop.http.lib.StaticUserWebFilter$StaticUserFilter) to context logs
2019-09-19 14:56:04,763 [main] INFO  http.HttpServer2 (HttpServer2.java:addFilter(958)) - Added filter static_user_filter (class=org.apache.hadoop.http.lib.StaticUserWebFilter$StaticUserFilter) to context static
2019-09-19 14:56:04,763 [main] INFO  http.HttpServer2 (HttpServer2.java:bindListener(1191)) - Jetty bound to port 33371
2019-09-19 14:56:04,763 [main] INFO  server.Server (Server.java:doStart(351)) - jetty-9.3.24.v20180605, build timestamp: 2018-06-05T17:11:56Z, git hash: 84205aa28f11a4f31f2a3b86d1bba2cc8ab69827
2019-09-19 14:56:04,765 [main] INFO  handler.ContextHandler (ContextHandler.java:doStart(781)) - Started o.e.j.s.ServletContextHandler@39652a30{/logs,file:///workdir/hadoop-ozone/integration-test/target/log,AVAILABLE}
2019-09-19 14:56:04,765 [main] INFO  handler.ContextHandler (ContextHandler.java:doStart(781)) - Started o.e.j.s.ServletContextHandler@40c8067{/static,jar:file:/home/user/.m2/repository/org/apache/hadoop/hadoop-hdds-container-service/0.5.0-SNAPSHOT/hadoop-hdds-container-service-0.5.0-SNAPSHOT.jar!/webapps/static,AVAILABLE}
2019-09-19 14:56:04,799 [main] INFO  handler.ContextHandler (ContextHandler.java:doStart(781)) - Started o.e.j.w.WebAppContext@76a362a4{/,file:///tmp/jetty-0.0.0.0-33371-hddsDatanode-_-any-4944261553981394116.dir/webapp/,AVAILABLE}{/hddsDatanode}
2019-09-19 14:56:04,799 [main] INFO  server.AbstractConnector (AbstractConnector.java:doStart(278)) - Started ServerConnector@61da0413{HTTP/1.1,[http/1.1]}{0.0.0.0:33371}
2019-09-19 14:56:04,801 [main] INFO  server.Server (Server.java:doStart(419)) - Started @524743ms
2019-09-19 14:56:04,801 [main] WARN  impl.MetricsSystemImpl (MetricsSystemImpl.java:register(276)) - Sink prometheus already exists!
2019-09-19 14:56:04,802 [main] INFO  server.BaseHttpServer (BaseHttpServer.java:updateConnectorAddress(215)) - HTTP server of HDDSDATANODE is listening at http://0.0.0.0:33371
2019-09-19 14:56:04,803 [main] INFO  impl.MetricsSystemImpl (MetricsSystemImpl.java:init(158)) - HddsDatanode metrics system started (again)
2019-09-19 14:56:04,807 [org.apache.hadoop.util.JvmPauseMonitor$Monitor@25321e67] INFO  util.JvmPauseMonitor (JvmPauseMonitor.java:run(188)) - Starting JVM pause monitor
2019-09-19 14:56:04,808 [main] INFO  ozone.HddsDatanodeService (HddsDatanodeService.java:start(184)) - HddsDatanodeService host:pr-hdds-2151-jsxwx-3911445914 ip:192.168.34.4
2019-09-19 14:56:04,808 [Datanode State Machine Thread - 0] INFO  datanode.InitDatanodeState (InitDatanodeState.java:persistContainerDatanodeDetails(140)) - DatanodeDetails is persisted to /workdir/hadoop-ozone/integration-test/target/test-dir/MiniOzoneClusterImpl-99c120a9-ba08-420c-a34c-f177dbe2ba07/datanode-2/meta/datanode.id
2019-09-19 14:56:04,814 [main] INFO  volume.HddsVolume (HddsVolume.java:<init>(176)) - Creating Volume: /workdir/hadoop-ozone/integration-test/target/test-dir/MiniOzoneClusterImpl-99c120a9-ba08-420c-a34c-f177dbe2ba07/datanode-3/data/containers/hdds of  storage type : DISK and capacity : 1482555576320
2019-09-19 14:56:04,815 [main] INFO  volume.VolumeSet (VolumeSet.java:initializeVolumeSet(170)) - Added Volume : /workdir/hadoop-ozone/integration-test/target/test-dir/MiniOzoneClusterImpl-99c120a9-ba08-420c-a34c-f177dbe2ba07/datanode-3/data/containers/hdds to VolumeSet
2019-09-19 14:56:04,815 [main] INFO  volume.ThrottledAsyncChecker (ThrottledAsyncChecker.java:schedule(139)) - Scheduling a check for org.apache.hadoop.ozone.container.common.volume.HddsVolume@27f71195
2019-09-19 14:56:04,815 [main] INFO  volume.HddsVolumeChecker (HddsVolumeChecker.java:checkAllVolumes(202)) - Scheduled health check for volume org.apache.hadoop.ozone.container.common.volume.HddsVolume@27f71195
2019-09-19 14:56:04,830 [main] INFO  impl.RaftServerProxy (ConfUtils.java:logGet(43)) - raft.rpc.type = GRPC (default)
2019-09-19 14:56:04,831 [main] INFO  grpc.GrpcFactory (GrpcFactory.java:checkPooledByteBufAllocatorUseCacheForAllThreads(45)) - PERFORMANCE WARNING: useCacheForAllThreads is true that may cause Netty to create a lot garbage objects and, as a result, trigger GC.
	It is recommended to disable useCacheForAllThreads by setting -Dorg.apache.ratis.thirdparty.io.netty.allocator.useCacheForAllThreads=false in command line.
2019-09-19 14:56:04,831 [main] INFO  grpc.GrpcConfigKeys$Server (ConfUtils.java:logGet(43)) - raft.grpc.server.port = 0 (default)
2019-09-19 14:56:04,831 [main] INFO  server.GrpcService (ConfUtils.java:logGet(43)) - raft.grpc.message.size.max = 33570816 (custom)
2019-09-19 14:56:04,831 [main] INFO  server.RaftServerConfigKeys (ConfUtils.java:logGet(43)) - raft.server.log.appender.buffer.byte-limit = 33554432 (custom)
2019-09-19 14:56:04,832 [main] INFO  server.GrpcService (ConfUtils.java:logGet(43)) - raft.grpc.flow.control.window = 1MB (=1048576) (default)
2019-09-19 14:56:04,832 [main] INFO  server.RaftServerConfigKeys (ConfUtils.java:logGet(43)) - raft.server.rpc.request.timeout = 3000ms (default)
2019-09-19 14:56:04,832 [main] INFO  server.RaftServerConfigKeys (ConfUtils.java:logGet(43)) - raft.server.storage.dir = [/workdir/hadoop-ozone/integration-test/target/test-dir/MiniOzoneClusterImpl-99c120a9-ba08-420c-a34c-f177dbe2ba07/datanode-3/data/ratis] (custom)
2019-09-19 14:56:04,834 [main] INFO  hdfs.DFSUtil (DFSUtil.java:httpServerTemplateForNNAndJN(1641)) - Starting Web-server for hddsDatanode at: http://0.0.0.0:0
2019-09-19 14:56:04,835 [main] INFO  server.AuthenticationFilter (AuthenticationFilter.java:constructSecretProvider(240)) - Unable to initialize FileSignerSecretProvider, falling back to use random secrets.
2019-09-19 14:56:04,835 [main] WARN  http.HttpRequestLog (HttpRequestLog.java:getRequestLog(97)) - Jetty request log can only be enabled using Log4j
2019-09-19 14:56:04,837 [main] INFO  http.HttpServer2 (HttpServer2.java:addGlobalFilter(975)) - Added global filter 'safety' (class=org.apache.hadoop.http.HttpServer2$QuotingInputFilter)
2019-09-19 14:56:04,837 [main] INFO  http.HttpServer2 (HttpServer2.java:addFilter(948)) - Added filter static_user_filter (class=org.apache.hadoop.http.lib.StaticUserWebFilter$StaticUserFilter) to context hddsDatanode
2019-09-19 14:56:04,837 [main] INFO  http.HttpServer2 (HttpServer2.java:addFilter(958)) - Added filter static_user_filter (class=org.apache.hadoop.http.lib.StaticUserWebFilter$StaticUserFilter) to context logs
2019-09-19 14:56:04,837 [main] INFO  http.HttpServer2 (HttpServer2.java:addFilter(958)) - Added filter static_user_filter (class=org.apache.hadoop.http.lib.StaticUserWebFilter$StaticUserFilter) to context static
2019-09-19 14:56:04,838 [main] INFO  http.HttpServer2 (HttpServer2.java:bindListener(1191)) - Jetty bound to port 34875
2019-09-19 14:56:04,838 [main] INFO  server.Server (Server.java:doStart(351)) - jetty-9.3.24.v20180605, build timestamp: 2018-06-05T17:11:56Z, git hash: 84205aa28f11a4f31f2a3b86d1bba2cc8ab69827
2019-09-19 14:56:04,840 [main] INFO  handler.ContextHandler (ContextHandler.java:doStart(781)) - Started o.e.j.s.ServletContextHandler@7d484fcd{/logs,file:///workdir/hadoop-ozone/integration-test/target/log,AVAILABLE}
2019-09-19 14:56:04,840 [main] INFO  handler.ContextHandler (ContextHandler.java:doStart(781)) - Started o.e.j.s.ServletContextHandler@d25e878{/static,jar:file:/home/user/.m2/repository/org/apache/hadoop/hadoop-hdds-container-service/0.5.0-SNAPSHOT/hadoop-hdds-container-service-0.5.0-SNAPSHOT.jar!/webapps/static,AVAILABLE}
2019-09-19 14:56:04,874 [main] INFO  handler.ContextHandler (ContextHandler.java:doStart(781)) - Started o.e.j.w.WebAppContext@54495935{/,file:///tmp/jetty-0.0.0.0-34875-hddsDatanode-_-any-6172220665731996749.dir/webapp/,AVAILABLE}{/hddsDatanode}
2019-09-19 14:56:04,874 [main] INFO  server.AbstractConnector (AbstractConnector.java:doStart(278)) - Started ServerConnector@67c6f4d8{HTTP/1.1,[http/1.1]}{0.0.0.0:34875}
2019-09-19 14:56:04,876 [main] INFO  server.Server (Server.java:doStart(419)) - Started @524818ms
2019-09-19 14:56:04,876 [main] WARN  impl.MetricsSystemImpl (MetricsSystemImpl.java:register(276)) - Sink prometheus already exists!
2019-09-19 14:56:04,877 [main] INFO  server.BaseHttpServer (BaseHttpServer.java:updateConnectorAddress(215)) - HTTP server of HDDSDATANODE is listening at http://0.0.0.0:34875
2019-09-19 14:56:04,877 [main] INFO  impl.MetricsSystemImpl (MetricsSystemImpl.java:init(158)) - HddsDatanode metrics system started (again)
2019-09-19 14:56:04,881 [org.apache.hadoop.util.JvmPauseMonitor$Monitor@4fa6b2dc] INFO  util.JvmPauseMonitor (JvmPauseMonitor.java:run(188)) - Starting JVM pause monitor
2019-09-19 14:56:04,882 [main] INFO  ozone.HddsDatanodeService (HddsDatanodeService.java:start(184)) - HddsDatanodeService host:pr-hdds-2151-jsxwx-3911445914 ip:192.168.34.4
2019-09-19 14:56:04,882 [Datanode State Machine Thread - 0] INFO  datanode.InitDatanodeState (InitDatanodeState.java:persistContainerDatanodeDetails(140)) - DatanodeDetails is persisted to /workdir/hadoop-ozone/integration-test/target/test-dir/MiniOzoneClusterImpl-99c120a9-ba08-420c-a34c-f177dbe2ba07/datanode-3/meta/datanode.id
2019-09-19 14:56:04,889 [main] INFO  volume.HddsVolume (HddsVolume.java:<init>(176)) - Creating Volume: /workdir/hadoop-ozone/integration-test/target/test-dir/MiniOzoneClusterImpl-99c120a9-ba08-420c-a34c-f177dbe2ba07/datanode-4/data/containers/hdds of  storage type : DISK and capacity : 1482555576320
2019-09-19 14:56:04,889 [main] INFO  volume.VolumeSet (VolumeSet.java:initializeVolumeSet(170)) - Added Volume : /workdir/hadoop-ozone/integration-test/target/test-dir/MiniOzoneClusterImpl-99c120a9-ba08-420c-a34c-f177dbe2ba07/datanode-4/data/containers/hdds to VolumeSet
2019-09-19 14:56:04,889 [main] INFO  volume.ThrottledAsyncChecker (ThrottledAsyncChecker.java:schedule(139)) - Scheduling a check for org.apache.hadoop.ozone.container.common.volume.HddsVolume@458031da
2019-09-19 14:56:04,890 [main] INFO  volume.HddsVolumeChecker (HddsVolumeChecker.java:checkAllVolumes(202)) - Scheduled health check for volume org.apache.hadoop.ozone.container.common.volume.HddsVolume@458031da
2019-09-19 14:56:04,906 [main] INFO  impl.RaftServerProxy (ConfUtils.java:logGet(43)) - raft.rpc.type = GRPC (default)
2019-09-19 14:56:04,907 [main] INFO  grpc.GrpcFactory (GrpcFactory.java:checkPooledByteBufAllocatorUseCacheForAllThreads(45)) - PERFORMANCE WARNING: useCacheForAllThreads is true that may cause Netty to create a lot garbage objects and, as a result, trigger GC.
	It is recommended to disable useCacheForAllThreads by setting -Dorg.apache.ratis.thirdparty.io.netty.allocator.useCacheForAllThreads=false in command line.
2019-09-19 14:56:04,907 [main] INFO  grpc.GrpcConfigKeys$Server (ConfUtils.java:logGet(43)) - raft.grpc.server.port = 0 (default)
2019-09-19 14:56:04,907 [main] INFO  server.GrpcService (ConfUtils.java:logGet(43)) - raft.grpc.message.size.max = 33570816 (custom)
2019-09-19 14:56:04,908 [main] INFO  server.RaftServerConfigKeys (ConfUtils.java:logGet(43)) - raft.server.log.appender.buffer.byte-limit = 33554432 (custom)
2019-09-19 14:56:04,908 [main] INFO  server.GrpcService (ConfUtils.java:logGet(43)) - raft.grpc.flow.control.window = 1MB (=1048576) (default)
2019-09-19 14:56:04,908 [main] INFO  server.RaftServerConfigKeys (ConfUtils.java:logGet(43)) - raft.server.rpc.request.timeout = 3000ms (default)
2019-09-19 14:56:04,909 [main] INFO  server.RaftServerConfigKeys (ConfUtils.java:logGet(43)) - raft.server.storage.dir = [/workdir/hadoop-ozone/integration-test/target/test-dir/MiniOzoneClusterImpl-99c120a9-ba08-420c-a34c-f177dbe2ba07/datanode-4/data/ratis] (custom)
2019-09-19 14:56:04,910 [main] INFO  hdfs.DFSUtil (DFSUtil.java:httpServerTemplateForNNAndJN(1641)) - Starting Web-server for hddsDatanode at: http://0.0.0.0:0
2019-09-19 14:56:04,911 [main] INFO  server.AuthenticationFilter (AuthenticationFilter.java:constructSecretProvider(240)) - Unable to initialize FileSignerSecretProvider, falling back to use random secrets.
2019-09-19 14:56:04,912 [main] WARN  http.HttpRequestLog (HttpRequestLog.java:getRequestLog(97)) - Jetty request log can only be enabled using Log4j
2019-09-19 14:56:04,913 [main] INFO  http.HttpServer2 (HttpServer2.java:addGlobalFilter(975)) - Added global filter 'safety' (class=org.apache.hadoop.http.HttpServer2$QuotingInputFilter)
2019-09-19 14:56:04,914 [main] INFO  http.HttpServer2 (HttpServer2.java:addFilter(948)) - Added filter static_user_filter (class=org.apache.hadoop.http.lib.StaticUserWebFilter$StaticUserFilter) to context hddsDatanode
2019-09-19 14:56:04,914 [main] INFO  http.HttpServer2 (HttpServer2.java:addFilter(958)) - Added filter static_user_filter (class=org.apache.hadoop.http.lib.StaticUserWebFilter$StaticUserFilter) to context static
2019-09-19 14:56:04,914 [main] INFO  http.HttpServer2 (HttpServer2.java:addFilter(958)) - Added filter static_user_filter (class=org.apache.hadoop.http.lib.StaticUserWebFilter$StaticUserFilter) to context logs
2019-09-19 14:56:04,915 [main] INFO  http.HttpServer2 (HttpServer2.java:bindListener(1191)) - Jetty bound to port 43532
2019-09-19 14:56:04,915 [main] INFO  server.Server (Server.java:doStart(351)) - jetty-9.3.24.v20180605, build timestamp: 2018-06-05T17:11:56Z, git hash: 84205aa28f11a4f31f2a3b86d1bba2cc8ab69827
2019-09-19 14:56:04,916 [main] INFO  handler.ContextHandler (ContextHandler.java:doStart(781)) - Started o.e.j.s.ServletContextHandler@1bee0085{/logs,file:///workdir/hadoop-ozone/integration-test/target/log,AVAILABLE}
2019-09-19 14:56:04,917 [main] INFO  handler.ContextHandler (ContextHandler.java:doStart(781)) - Started o.e.j.s.ServletContextHandler@13f40d71{/static,jar:file:/home/user/.m2/repository/org/apache/hadoop/hadoop-hdds-container-service/0.5.0-SNAPSHOT/hadoop-hdds-container-service-0.5.0-SNAPSHOT.jar!/webapps/static,AVAILABLE}
2019-09-19 14:56:04,951 [main] INFO  handler.ContextHandler (ContextHandler.java:doStart(781)) - Started o.e.j.w.WebAppContext@7b297740{/,file:///tmp/jetty-0.0.0.0-43532-hddsDatanode-_-any-4116949921795064850.dir/webapp/,AVAILABLE}{/hddsDatanode}
2019-09-19 14:56:04,952 [main] INFO  server.AbstractConnector (AbstractConnector.java:doStart(278)) - Started ServerConnector@1b7554d4{HTTP/1.1,[http/1.1]}{0.0.0.0:43532}
2019-09-19 14:56:04,954 [main] INFO  server.Server (Server.java:doStart(419)) - Started @524896ms
2019-09-19 14:56:04,954 [main] WARN  impl.MetricsSystemImpl (MetricsSystemImpl.java:register(276)) - Sink prometheus already exists!
2019-09-19 14:56:04,955 [main] INFO  server.BaseHttpServer (BaseHttpServer.java:updateConnectorAddress(215)) - HTTP server of HDDSDATANODE is listening at http://0.0.0.0:43532
2019-09-19 14:56:04,955 [main] INFO  impl.MetricsSystemImpl (MetricsSystemImpl.java:init(158)) - HddsDatanode metrics system started (again)
2019-09-19 14:56:04,960 [org.apache.hadoop.util.JvmPauseMonitor$Monitor@24f34698] INFO  util.JvmPauseMonitor (JvmPauseMonitor.java:run(188)) - Starting JVM pause monitor
2019-09-19 14:56:04,960 [main] INFO  ozone.HddsDatanodeService (HddsDatanodeService.java:start(184)) - HddsDatanodeService host:pr-hdds-2151-jsxwx-3911445914 ip:192.168.34.4
2019-09-19 14:56:04,961 [Datanode State Machine Thread - 0] INFO  datanode.InitDatanodeState (InitDatanodeState.java:persistContainerDatanodeDetails(140)) - DatanodeDetails is persisted to /workdir/hadoop-ozone/integration-test/target/test-dir/MiniOzoneClusterImpl-99c120a9-ba08-420c-a34c-f177dbe2ba07/datanode-4/meta/datanode.id
2019-09-19 14:56:04,967 [main] INFO  volume.HddsVolume (HddsVolume.java:<init>(176)) - Creating Volume: /workdir/hadoop-ozone/integration-test/target/test-dir/MiniOzoneClusterImpl-99c120a9-ba08-420c-a34c-f177dbe2ba07/datanode-5/data/containers/hdds of  storage type : DISK and capacity : 1482555576320
2019-09-19 14:56:04,967 [main] INFO  volume.VolumeSet (VolumeSet.java:initializeVolumeSet(170)) - Added Volume : /workdir/hadoop-ozone/integration-test/target/test-dir/MiniOzoneClusterImpl-99c120a9-ba08-420c-a34c-f177dbe2ba07/datanode-5/data/containers/hdds to VolumeSet
2019-09-19 14:56:04,967 [main] INFO  volume.ThrottledAsyncChecker (ThrottledAsyncChecker.java:schedule(139)) - Scheduling a check for org.apache.hadoop.ozone.container.common.volume.HddsVolume@123307c4
2019-09-19 14:56:04,968 [main] INFO  volume.HddsVolumeChecker (HddsVolumeChecker.java:checkAllVolumes(202)) - Scheduled health check for volume org.apache.hadoop.ozone.container.common.volume.HddsVolume@123307c4
2019-09-19 14:56:04,983 [main] INFO  impl.RaftServerProxy (ConfUtils.java:logGet(43)) - raft.rpc.type = GRPC (default)
2019-09-19 14:56:04,983 [main] INFO  grpc.GrpcFactory (GrpcFactory.java:checkPooledByteBufAllocatorUseCacheForAllThreads(45)) - PERFORMANCE WARNING: useCacheForAllThreads is true that may cause Netty to create a lot garbage objects and, as a result, trigger GC.
	It is recommended to disable useCacheForAllThreads by setting -Dorg.apache.ratis.thirdparty.io.netty.allocator.useCacheForAllThreads=false in command line.
2019-09-19 14:56:04,984 [main] INFO  grpc.GrpcConfigKeys$Server (ConfUtils.java:logGet(43)) - raft.grpc.server.port = 0 (default)
2019-09-19 14:56:04,984 [main] INFO  server.GrpcService (ConfUtils.java:logGet(43)) - raft.grpc.message.size.max = 33570816 (custom)
2019-09-19 14:56:04,984 [main] INFO  server.RaftServerConfigKeys (ConfUtils.java:logGet(43)) - raft.server.log.appender.buffer.byte-limit = 33554432 (custom)
2019-09-19 14:56:04,984 [main] INFO  server.GrpcService (ConfUtils.java:logGet(43)) - raft.grpc.flow.control.window = 1MB (=1048576) (default)
2019-09-19 14:56:04,985 [main] INFO  server.RaftServerConfigKeys (ConfUtils.java:logGet(43)) - raft.server.rpc.request.timeout = 3000ms (default)
2019-09-19 14:56:04,985 [main] INFO  server.RaftServerConfigKeys (ConfUtils.java:logGet(43)) - raft.server.storage.dir = [/workdir/hadoop-ozone/integration-test/target/test-dir/MiniOzoneClusterImpl-99c120a9-ba08-420c-a34c-f177dbe2ba07/datanode-5/data/ratis] (custom)
2019-09-19 14:56:04,987 [main] INFO  hdfs.DFSUtil (DFSUtil.java:httpServerTemplateForNNAndJN(1641)) - Starting Web-server for hddsDatanode at: http://0.0.0.0:0
2019-09-19 14:56:04,988 [main] INFO  server.AuthenticationFilter (AuthenticationFilter.java:constructSecretProvider(240)) - Unable to initialize FileSignerSecretProvider, falling back to use random secrets.
2019-09-19 14:56:04,988 [main] WARN  http.HttpRequestLog (HttpRequestLog.java:getRequestLog(97)) - Jetty request log can only be enabled using Log4j
2019-09-19 14:56:04,990 [main] INFO  http.HttpServer2 (HttpServer2.java:addGlobalFilter(975)) - Added global filter 'safety' (class=org.apache.hadoop.http.HttpServer2$QuotingInputFilter)
2019-09-19 14:56:04,990 [main] INFO  http.HttpServer2 (HttpServer2.java:addFilter(948)) - Added filter static_user_filter (class=org.apache.hadoop.http.lib.StaticUserWebFilter$StaticUserFilter) to context hddsDatanode
2019-09-19 14:56:04,990 [main] INFO  http.HttpServer2 (HttpServer2.java:addFilter(958)) - Added filter static_user_filter (class=org.apache.hadoop.http.lib.StaticUserWebFilter$StaticUserFilter) to context logs
2019-09-19 14:56:04,991 [main] INFO  http.HttpServer2 (HttpServer2.java:addFilter(958)) - Added filter static_user_filter (class=org.apache.hadoop.http.lib.StaticUserWebFilter$StaticUserFilter) to context static
2019-09-19 14:56:04,991 [main] INFO  http.HttpServer2 (HttpServer2.java:bindListener(1191)) - Jetty bound to port 36960
2019-09-19 14:56:04,991 [main] INFO  server.Server (Server.java:doStart(351)) - jetty-9.3.24.v20180605, build timestamp: 2018-06-05T17:11:56Z, git hash: 84205aa28f11a4f31f2a3b86d1bba2cc8ab69827
2019-09-19 14:56:04,993 [main] INFO  handler.ContextHandler (ContextHandler.java:doStart(781)) - Started o.e.j.s.ServletContextHandler@76a9a009{/logs,file:///workdir/hadoop-ozone/integration-test/target/log,AVAILABLE}
2019-09-19 14:56:04,994 [main] INFO  handler.ContextHandler (ContextHandler.java:doStart(781)) - Started o.e.j.s.ServletContextHandler@34009349{/static,jar:file:/home/user/.m2/repository/org/apache/hadoop/hadoop-hdds-container-service/0.5.0-SNAPSHOT/hadoop-hdds-container-service-0.5.0-SNAPSHOT.jar!/webapps/static,AVAILABLE}
2019-09-19 14:56:05,024 [main] INFO  handler.ContextHandler (ContextHandler.java:doStart(781)) - Started o.e.j.w.WebAppContext@2d22d3b1{/,file:///tmp/jetty-0.0.0.0-36960-hddsDatanode-_-any-5708203537515163588.dir/webapp/,AVAILABLE}{/hddsDatanode}
2019-09-19 14:56:05,024 [main] INFO  server.AbstractConnector (AbstractConnector.java:doStart(278)) - Started ServerConnector@7ec3a8bd{HTTP/1.1,[http/1.1]}{0.0.0.0:36960}
2019-09-19 14:56:05,025 [main] INFO  server.Server (Server.java:doStart(419)) - Started @524967ms
2019-09-19 14:56:05,026 [main] WARN  impl.MetricsSystemImpl (MetricsSystemImpl.java:register(276)) - Sink prometheus already exists!
2019-09-19 14:56:05,027 [main] INFO  server.BaseHttpServer (BaseHttpServer.java:updateConnectorAddress(215)) - HTTP server of HDDSDATANODE is listening at http://0.0.0.0:36960
2019-09-19 14:56:05,027 [main] INFO  impl.MetricsSystemImpl (MetricsSystemImpl.java:init(158)) - HddsDatanode metrics system started (again)
2019-09-19 14:56:05,033 [org.apache.hadoop.util.JvmPauseMonitor$Monitor@560327c2] INFO  util.JvmPauseMonitor (JvmPauseMonitor.java:run(188)) - Starting JVM pause monitor
2019-09-19 14:56:05,035 [main] INFO  ozone.HddsDatanodeService (HddsDatanodeService.java:start(184)) - HddsDatanodeService host:pr-hdds-2151-jsxwx-3911445914 ip:192.168.34.4
2019-09-19 14:56:05,035 [Datanode State Machine Thread - 0] INFO  datanode.InitDatanodeState (InitDatanodeState.java:persistContainerDatanodeDetails(140)) - DatanodeDetails is persisted to /workdir/hadoop-ozone/integration-test/target/test-dir/MiniOzoneClusterImpl-99c120a9-ba08-420c-a34c-f177dbe2ba07/datanode-5/meta/datanode.id
2019-09-19 14:56:05,041 [main] INFO  volume.HddsVolume (HddsVolume.java:<init>(176)) - Creating Volume: /workdir/hadoop-ozone/integration-test/target/test-dir/MiniOzoneClusterImpl-99c120a9-ba08-420c-a34c-f177dbe2ba07/datanode-6/data/containers/hdds of  storage type : DISK and capacity : 1482555576320
2019-09-19 14:56:05,042 [main] INFO  volume.VolumeSet (VolumeSet.java:initializeVolumeSet(170)) - Added Volume : /workdir/hadoop-ozone/integration-test/target/test-dir/MiniOzoneClusterImpl-99c120a9-ba08-420c-a34c-f177dbe2ba07/datanode-6/data/containers/hdds to VolumeSet
2019-09-19 14:56:05,042 [main] INFO  volume.ThrottledAsyncChecker (ThrottledAsyncChecker.java:schedule(139)) - Scheduling a check for org.apache.hadoop.ozone.container.common.volume.HddsVolume@10ed037a
2019-09-19 14:56:05,043 [main] INFO  volume.HddsVolumeChecker (HddsVolumeChecker.java:checkAllVolumes(202)) - Scheduled health check for volume org.apache.hadoop.ozone.container.common.volume.HddsVolume@10ed037a
2019-09-19 14:56:05,060 [main] INFO  impl.RaftServerProxy (ConfUtils.java:logGet(43)) - raft.rpc.type = GRPC (default)
2019-09-19 14:56:05,060 [main] INFO  grpc.GrpcFactory (GrpcFactory.java:checkPooledByteBufAllocatorUseCacheForAllThreads(45)) - PERFORMANCE WARNING: useCacheForAllThreads is true that may cause Netty to create a lot garbage objects and, as a result, trigger GC.
	It is recommended to disable useCacheForAllThreads by setting -Dorg.apache.ratis.thirdparty.io.netty.allocator.useCacheForAllThreads=false in command line.
2019-09-19 14:56:05,061 [main] INFO  grpc.GrpcConfigKeys$Server (ConfUtils.java:logGet(43)) - raft.grpc.server.port = 0 (default)
2019-09-19 14:56:05,061 [main] INFO  server.GrpcService (ConfUtils.java:logGet(43)) - raft.grpc.message.size.max = 33570816 (custom)
2019-09-19 14:56:05,061 [main] INFO  server.RaftServerConfigKeys (ConfUtils.java:logGet(43)) - raft.server.log.appender.buffer.byte-limit = 33554432 (custom)
2019-09-19 14:56:05,061 [main] INFO  server.GrpcService (ConfUtils.java:logGet(43)) - raft.grpc.flow.control.window = 1MB (=1048576) (default)
2019-09-19 14:56:05,062 [main] INFO  server.RaftServerConfigKeys (ConfUtils.java:logGet(43)) - raft.server.rpc.request.timeout = 3000ms (default)
2019-09-19 14:56:05,062 [main] INFO  server.RaftServerConfigKeys (ConfUtils.java:logGet(43)) - raft.server.storage.dir = [/workdir/hadoop-ozone/integration-test/target/test-dir/MiniOzoneClusterImpl-99c120a9-ba08-420c-a34c-f177dbe2ba07/datanode-6/data/ratis] (custom)
2019-09-19 14:56:05,064 [main] INFO  hdfs.DFSUtil (DFSUtil.java:httpServerTemplateForNNAndJN(1641)) - Starting Web-server for hddsDatanode at: http://0.0.0.0:0
2019-09-19 14:56:05,065 [main] INFO  server.AuthenticationFilter (AuthenticationFilter.java:constructSecretProvider(240)) - Unable to initialize FileSignerSecretProvider, falling back to use random secrets.
2019-09-19 14:56:05,065 [main] WARN  http.HttpRequestLog (HttpRequestLog.java:getRequestLog(97)) - Jetty request log can only be enabled using Log4j
2019-09-19 14:56:05,067 [main] INFO  http.HttpServer2 (HttpServer2.java:addGlobalFilter(975)) - Added global filter 'safety' (class=org.apache.hadoop.http.HttpServer2$QuotingInputFilter)
2019-09-19 14:56:05,068 [main] INFO  http.HttpServer2 (HttpServer2.java:addFilter(948)) - Added filter static_user_filter (class=org.apache.hadoop.http.lib.StaticUserWebFilter$StaticUserFilter) to context hddsDatanode
2019-09-19 14:56:05,068 [main] INFO  http.HttpServer2 (HttpServer2.java:addFilter(958)) - Added filter static_user_filter (class=org.apache.hadoop.http.lib.StaticUserWebFilter$StaticUserFilter) to context static
2019-09-19 14:56:05,068 [main] INFO  http.HttpServer2 (HttpServer2.java:addFilter(958)) - Added filter static_user_filter (class=org.apache.hadoop.http.lib.StaticUserWebFilter$StaticUserFilter) to context logs
2019-09-19 14:56:05,069 [main] INFO  http.HttpServer2 (HttpServer2.java:bindListener(1191)) - Jetty bound to port 42747
2019-09-19 14:56:05,069 [main] INFO  server.Server (Server.java:doStart(351)) - jetty-9.3.24.v20180605, build timestamp: 2018-06-05T17:11:56Z, git hash: 84205aa28f11a4f31f2a3b86d1bba2cc8ab69827
2019-09-19 14:56:05,071 [main] INFO  handler.ContextHandler (ContextHandler.java:doStart(781)) - Started o.e.j.s.ServletContextHandler@649b5891{/logs,file:///workdir/hadoop-ozone/integration-test/target/log,AVAILABLE}
2019-09-19 14:56:05,071 [main] INFO  handler.ContextHandler (ContextHandler.java:doStart(781)) - Started o.e.j.s.ServletContextHandler@1be52861{/static,jar:file:/home/user/.m2/repository/org/apache/hadoop/hadoop-hdds-container-service/0.5.0-SNAPSHOT/hadoop-hdds-container-service-0.5.0-SNAPSHOT.jar!/webapps/static,AVAILABLE}
2019-09-19 14:56:05,106 [main] INFO  handler.ContextHandler (ContextHandler.java:doStart(781)) - Started o.e.j.w.WebAppContext@7ac058a0{/,file:///tmp/jetty-0.0.0.0-42747-hddsDatanode-_-any-7819019734816319331.dir/webapp/,AVAILABLE}{/hddsDatanode}
2019-09-19 14:56:05,107 [main] INFO  server.AbstractConnector (AbstractConnector.java:doStart(278)) - Started ServerConnector@736b21ee{HTTP/1.1,[http/1.1]}{0.0.0.0:42747}
2019-09-19 14:56:05,113 [main] INFO  server.Server (Server.java:doStart(419)) - Started @525055ms
2019-09-19 14:56:05,113 [main] WARN  impl.MetricsSystemImpl (MetricsSystemImpl.java:register(276)) - Sink prometheus already exists!
2019-09-19 14:56:05,114 [main] INFO  server.BaseHttpServer (BaseHttpServer.java:updateConnectorAddress(215)) - HTTP server of HDDSDATANODE is listening at http://0.0.0.0:42747
2019-09-19 14:56:05,114 [main] INFO  ozone.MiniOzoneClusterImpl (MiniOzoneClusterImpl.java:lambda$waitForClusterToBeReady$0(145)) - Waiting for cluster to be ready. Got 0 of 7 DN Heartbeats.
2019-09-19 14:56:05,115 [org.apache.hadoop.util.JvmPauseMonitor$Monitor@349591db] INFO  util.JvmPauseMonitor (JvmPauseMonitor.java:run(188)) - Starting JVM pause monitor
2019-09-19 14:56:05,117 [Datanode State Machine Thread - 0] INFO  datanode.InitDatanodeState (InitDatanodeState.java:persistContainerDatanodeDetails(140)) - DatanodeDetails is persisted to /workdir/hadoop-ozone/integration-test/target/test-dir/MiniOzoneClusterImpl-99c120a9-ba08-420c-a34c-f177dbe2ba07/datanode-6/meta/datanode.id
2019-09-19 14:56:06,115 [main] INFO  ozone.MiniOzoneClusterImpl (MiniOzoneClusterImpl.java:lambda$waitForClusterToBeReady$0(145)) - Waiting for cluster to be ready. Got 0 of 7 DN Heartbeats.
2019-09-19 14:56:06,680 [Datanode State Machine Thread - 0] INFO  ozoneimpl.OzoneContainer (OzoneContainer.java:start(217)) - Attempting to start container services.
2019-09-19 14:56:06,681 [Datanode State Machine Thread - 0] INFO  ozoneimpl.OzoneContainer (OzoneContainer.java:startContainerScrub(179)) - Background container scanner has been disabled.
2019-09-19 14:56:06,681 [Datanode State Machine Thread - 0] INFO  ratis.XceiverServerRatis (XceiverServerRatis.java:start(411)) - Starting XceiverServerRatis bf13c666-9333-4478-bd2b-7df3f9fc008b at port 0
2019-09-19 14:56:06,689 [Datanode State Machine Thread - 0] INFO  impl.RaftServerProxy (RaftServerProxy.java:lambda$start$3(299)) - bf13c666-9333-4478-bd2b-7df3f9fc008b: start RPC server
2019-09-19 14:56:06,691 [Datanode State Machine Thread - 0] INFO  server.GrpcService (GrpcService.java:startImpl(158)) - bf13c666-9333-4478-bd2b-7df3f9fc008b: GrpcService started, listening on 0.0.0.0/0.0.0.0:35164
2019-09-19 14:56:06,691 [Datanode State Machine Thread - 0] INFO  ratis.XceiverServerRatis (XceiverServerRatis.java:start(421)) - XceiverServerRatis bf13c666-9333-4478-bd2b-7df3f9fc008b is started using port 35164
2019-09-19 14:56:06,692 [Datanode State Machine Thread - 0] INFO  server.XceiverServerGrpc (XceiverServerGrpc.java:start(163)) - XceiverServerGrpc bf13c666-9333-4478-bd2b-7df3f9fc008b is started using port 41069
2019-09-19 14:56:06,748 [Datanode State Machine Thread - 0] INFO  ozoneimpl.OzoneContainer (OzoneContainer.java:start(217)) - Attempting to start container services.
2019-09-19 14:56:06,748 [Datanode State Machine Thread - 0] INFO  ozoneimpl.OzoneContainer (OzoneContainer.java:startContainerScrub(179)) - Background container scanner has been disabled.
2019-09-19 14:56:06,748 [Datanode State Machine Thread - 0] INFO  ratis.XceiverServerRatis (XceiverServerRatis.java:start(411)) - Starting XceiverServerRatis 3d5530de-0751-4f46-9b90-87f3bfa7393e at port 0
2019-09-19 14:56:06,758 [Datanode State Machine Thread - 0] INFO  impl.RaftServerProxy (RaftServerProxy.java:lambda$start$3(299)) - 3d5530de-0751-4f46-9b90-87f3bfa7393e: start RPC server
2019-09-19 14:56:06,760 [Datanode State Machine Thread - 0] INFO  server.GrpcService (GrpcService.java:startImpl(158)) - 3d5530de-0751-4f46-9b90-87f3bfa7393e: GrpcService started, listening on 0.0.0.0/0.0.0.0:40485
2019-09-19 14:56:06,760 [Datanode State Machine Thread - 0] INFO  ratis.XceiverServerRatis (XceiverServerRatis.java:start(421)) - XceiverServerRatis 3d5530de-0751-4f46-9b90-87f3bfa7393e is started using port 40485
2019-09-19 14:56:06,760 [Datanode State Machine Thread - 0] INFO  server.XceiverServerGrpc (XceiverServerGrpc.java:start(163)) - XceiverServerGrpc 3d5530de-0751-4f46-9b90-87f3bfa7393e is started using port 38086
2019-09-19 14:56:06,822 [Datanode State Machine Thread - 0] INFO  ozoneimpl.OzoneContainer (OzoneContainer.java:start(217)) - Attempting to start container services.
2019-09-19 14:56:06,822 [Datanode State Machine Thread - 0] INFO  ozoneimpl.OzoneContainer (OzoneContainer.java:startContainerScrub(179)) - Background container scanner has been disabled.
2019-09-19 14:56:06,822 [Datanode State Machine Thread - 0] INFO  ratis.XceiverServerRatis (XceiverServerRatis.java:start(411)) - Starting XceiverServerRatis 788f10a7-df1a-4cb8-be9d-a4f63e5e0cc9 at port 0
2019-09-19 14:56:06,829 [Datanode State Machine Thread - 0] INFO  impl.RaftServerProxy (RaftServerProxy.java:lambda$start$3(299)) - 788f10a7-df1a-4cb8-be9d-a4f63e5e0cc9: start RPC server
2019-09-19 14:56:06,829 [Datanode State Machine Thread - 0] INFO  server.GrpcService (GrpcService.java:startImpl(158)) - 788f10a7-df1a-4cb8-be9d-a4f63e5e0cc9: GrpcService started, listening on 0.0.0.0/0.0.0.0:35597
2019-09-19 14:56:06,829 [Datanode State Machine Thread - 0] INFO  ratis.XceiverServerRatis (XceiverServerRatis.java:start(421)) - XceiverServerRatis 788f10a7-df1a-4cb8-be9d-a4f63e5e0cc9 is started using port 35597
2019-09-19 14:56:06,830 [Datanode State Machine Thread - 0] INFO  server.XceiverServerGrpc (XceiverServerGrpc.java:start(163)) - XceiverServerGrpc 788f10a7-df1a-4cb8-be9d-a4f63e5e0cc9 is started using port 39329
2019-09-19 14:56:06,894 [Datanode State Machine Thread - 0] INFO  ozoneimpl.OzoneContainer (OzoneContainer.java:start(217)) - Attempting to start container services.
2019-09-19 14:56:06,895 [Datanode State Machine Thread - 0] INFO  ozoneimpl.OzoneContainer (OzoneContainer.java:startContainerScrub(179)) - Background container scanner has been disabled.
2019-09-19 14:56:06,895 [Datanode State Machine Thread - 0] INFO  ratis.XceiverServerRatis (XceiverServerRatis.java:start(411)) - Starting XceiverServerRatis 0d3107a9-04ba-472f-b8eb-753278bc281d at port 0
2019-09-19 14:56:06,902 [Datanode State Machine Thread - 0] INFO  impl.RaftServerProxy (RaftServerProxy.java:lambda$start$3(299)) - 0d3107a9-04ba-472f-b8eb-753278bc281d: start RPC server
2019-09-19 14:56:06,904 [Datanode State Machine Thread - 0] INFO  server.GrpcService (GrpcService.java:startImpl(158)) - 0d3107a9-04ba-472f-b8eb-753278bc281d: GrpcService started, listening on 0.0.0.0/0.0.0.0:41260
2019-09-19 14:56:06,905 [Datanode State Machine Thread - 0] INFO  ratis.XceiverServerRatis (XceiverServerRatis.java:start(421)) - XceiverServerRatis 0d3107a9-04ba-472f-b8eb-753278bc281d is started using port 41260
2019-09-19 14:56:06,905 [Datanode State Machine Thread - 0] INFO  server.XceiverServerGrpc (XceiverServerGrpc.java:start(163)) - XceiverServerGrpc 0d3107a9-04ba-472f-b8eb-753278bc281d is started using port 46172
2019-09-19 14:56:06,986 [Datanode State Machine Thread - 0] INFO  ozoneimpl.OzoneContainer (OzoneContainer.java:start(217)) - Attempting to start container services.
2019-09-19 14:56:06,986 [Datanode State Machine Thread - 0] INFO  ozoneimpl.OzoneContainer (OzoneContainer.java:startContainerScrub(179)) - Background container scanner has been disabled.
2019-09-19 14:56:06,987 [Datanode State Machine Thread - 0] INFO  ratis.XceiverServerRatis (XceiverServerRatis.java:start(411)) - Starting XceiverServerRatis 0e9a5d88-1690-4d3c-993b-d1eb442bc938 at port 0
2019-09-19 14:56:06,994 [Datanode State Machine Thread - 0] INFO  impl.RaftServerProxy (RaftServerProxy.java:lambda$start$3(299)) - 0e9a5d88-1690-4d3c-993b-d1eb442bc938: start RPC server
2019-09-19 14:56:07,016 [Datanode State Machine Thread - 0] INFO  server.GrpcService (GrpcService.java:startImpl(158)) - 0e9a5d88-1690-4d3c-993b-d1eb442bc938: GrpcService started, listening on 0.0.0.0/0.0.0.0:41272
2019-09-19 14:56:07,016 [Datanode State Machine Thread - 0] INFO  ratis.XceiverServerRatis (XceiverServerRatis.java:start(421)) - XceiverServerRatis 0e9a5d88-1690-4d3c-993b-d1eb442bc938 is started using port 41272
2019-09-19 14:56:07,019 [Datanode State Machine Thread - 0] INFO  server.XceiverServerGrpc (XceiverServerGrpc.java:start(163)) - XceiverServerGrpc 0e9a5d88-1690-4d3c-993b-d1eb442bc938 is started using port 45939
2019-09-19 14:56:07,051 [Datanode State Machine Thread - 0] INFO  ozoneimpl.OzoneContainer (OzoneContainer.java:start(217)) - Attempting to start container services.
2019-09-19 14:56:07,051 [Datanode State Machine Thread - 0] INFO  ozoneimpl.OzoneContainer (OzoneContainer.java:startContainerScrub(179)) - Background container scanner has been disabled.
2019-09-19 14:56:07,051 [Datanode State Machine Thread - 0] INFO  ratis.XceiverServerRatis (XceiverServerRatis.java:start(411)) - Starting XceiverServerRatis 9541d083-5ce9-4e0f-acb1-c0874f3633f2 at port 0
2019-09-19 14:56:07,060 [Datanode State Machine Thread - 0] INFO  impl.RaftServerProxy (RaftServerProxy.java:lambda$start$3(299)) - 9541d083-5ce9-4e0f-acb1-c0874f3633f2: start RPC server
2019-09-19 14:56:07,061 [Datanode State Machine Thread - 0] INFO  server.GrpcService (GrpcService.java:startImpl(158)) - 9541d083-5ce9-4e0f-acb1-c0874f3633f2: GrpcService started, listening on 0.0.0.0/0.0.0.0:46148
2019-09-19 14:56:07,061 [Datanode State Machine Thread - 0] INFO  ratis.XceiverServerRatis (XceiverServerRatis.java:start(421)) - XceiverServerRatis 9541d083-5ce9-4e0f-acb1-c0874f3633f2 is started using port 46148
2019-09-19 14:56:07,062 [Datanode State Machine Thread - 0] INFO  server.XceiverServerGrpc (XceiverServerGrpc.java:start(163)) - XceiverServerGrpc 9541d083-5ce9-4e0f-acb1-c0874f3633f2 is started using port 33850
2019-09-19 14:56:07,115 [main] INFO  ozone.MiniOzoneClusterImpl (MiniOzoneClusterImpl.java:lambda$waitForClusterToBeReady$0(145)) - Waiting for cluster to be ready. Got 0 of 7 DN Heartbeats.
2019-09-19 14:56:07,130 [Datanode State Machine Thread - 0] INFO  ozoneimpl.OzoneContainer (OzoneContainer.java:start(217)) - Attempting to start container services.
2019-09-19 14:56:07,130 [Datanode State Machine Thread - 0] INFO  ozoneimpl.OzoneContainer (OzoneContainer.java:startContainerScrub(179)) - Background container scanner has been disabled.
2019-09-19 14:56:07,130 [Datanode State Machine Thread - 0] INFO  ratis.XceiverServerRatis (XceiverServerRatis.java:start(411)) - Starting XceiverServerRatis c216299f-cbcf-4288-b39c-5bdcbace6c48 at port 0
2019-09-19 14:56:07,136 [Datanode State Machine Thread - 0] INFO  impl.RaftServerProxy (RaftServerProxy.java:lambda$start$3(299)) - c216299f-cbcf-4288-b39c-5bdcbace6c48: start RPC server
2019-09-19 14:56:07,137 [Datanode State Machine Thread - 0] INFO  server.GrpcService (GrpcService.java:startImpl(158)) - c216299f-cbcf-4288-b39c-5bdcbace6c48: GrpcService started, listening on 0.0.0.0/0.0.0.0:33582
2019-09-19 14:56:07,137 [Datanode State Machine Thread - 0] INFO  ratis.XceiverServerRatis (XceiverServerRatis.java:start(421)) - XceiverServerRatis c216299f-cbcf-4288-b39c-5bdcbace6c48 is started using port 33582
2019-09-19 14:56:07,137 [Datanode State Machine Thread - 0] INFO  server.XceiverServerGrpc (XceiverServerGrpc.java:start(163)) - XceiverServerGrpc c216299f-cbcf-4288-b39c-5bdcbace6c48 is started using port 45993
2019-09-19 14:56:08,116 [main] INFO  ozone.MiniOzoneClusterImpl (MiniOzoneClusterImpl.java:lambda$waitForClusterToBeReady$0(145)) - Waiting for cluster to be ready. Got 0 of 7 DN Heartbeats.
2019-09-19 14:56:08,660 [IPC Server handler 3 on 46576] INFO  net.NetworkTopology (NetworkTopologyImpl.java:add(111)) - Added a new node: /default-rack/bf13c666-9333-4478-bd2b-7df3f9fc008b
2019-09-19 14:56:08,662 [IPC Server handler 3 on 46576] INFO  node.SCMNodeManager (SCMNodeManager.java:register(266)) - Registered Data node : bf13c666-9333-4478-bd2b-7df3f9fc008b{ip: 192.168.34.4, host: pr-hdds-2151-jsxwx-3911445914, networkLocation: /default-rack, certSerialId: null}
2019-09-19 14:56:08,663 [EventQueue-NodeRegistrationContainerReportForDataNodeSafeModeRule] INFO  safemode.SCMSafeModeManager (DataNodeSafeModeRule.java:process(71)) - SCM in safe mode. 1 DataNodes registered, 1 required.
2019-09-19 14:56:08,666 [EventQueue-NodeRegistrationContainerReportForDataNodeSafeModeRule] INFO  safemode.SCMSafeModeManager (SCMSafeModeManager.java:validateSafeModeExitRules(177)) - ScmSafeModeManager, all rules are successfully validated
2019-09-19 14:56:08,666 [EventQueue-NodeRegistrationContainerReportForDataNodeSafeModeRule] INFO  safemode.SCMSafeModeManager (SCMSafeModeManager.java:exitSafeMode(193)) - SCM exiting safe mode.
2019-09-19 14:56:08,692 [grpc-default-executor-6] INFO  impl.RaftServerProxy (RaftServerProxy.java:addNew(89)) - bf13c666-9333-4478-bd2b-7df3f9fc008b: addNew group-541C60637F01:[bf13c666-9333-4478-bd2b-7df3f9fc008b:192.168.34.4:35164] returns group-541C60637F01:java.util.concurrent.CompletableFuture@5a0a1e24[Not completed]
2019-09-19 14:56:08,696 [pool-409-thread-1] INFO  impl.RaftServerImpl (RaftServerImpl.java:<init>(95)) - bf13c666-9333-4478-bd2b-7df3f9fc008b: new RaftServerImpl for group-541C60637F01:[bf13c666-9333-4478-bd2b-7df3f9fc008b:192.168.34.4:35164] with ContainerStateMachine:uninitialized
2019-09-19 14:56:08,696 [pool-409-thread-1] INFO  server.RaftServerConfigKeys (ConfUtils.java:logGet(43)) - raft.server.rpc.timeout.min = 5s (custom)
2019-09-19 14:56:08,696 [pool-409-thread-1] INFO  server.RaftServerConfigKeys (ConfUtils.java:logGet(43)) - raft.server.rpc.timeout.max = 5200ms (custom)
2019-09-19 14:56:08,696 [pool-409-thread-1] INFO  server.RaftServerConfigKeys (ConfUtils.java:logGet(43)) - raft.server.rpcslowness.timeout = 120s (custom)
2019-09-19 14:56:08,696 [pool-409-thread-1] INFO  server.RaftServerConfigKeys (ConfUtils.java:logGet(43)) - raft.server.sleep.deviation.threshold = 300 (default)
2019-09-19 14:56:08,697 [pool-409-thread-1] INFO  server.RaftServerConfigKeys (ConfUtils.java:logGet(43)) - raft.server.log.appender.install.snapshot.enabled = false (custom)
2019-09-19 14:56:08,697 [pool-409-thread-1] INFO  impl.RaftServerImpl (ServerState.java:<init>(103)) - bf13c666-9333-4478-bd2b-7df3f9fc008b@group-541C60637F01: ConfigurationManager, init=-1: [bf13c666-9333-4478-bd2b-7df3f9fc008b:192.168.34.4:35164], old=null, confs=<EMPTY_MAP>
2019-09-19 14:56:08,697 [pool-409-thread-1] INFO  server.RaftServerConfigKeys (ConfUtils.java:logGet(43)) - raft.server.storage.dir = [/workdir/hadoop-ozone/integration-test/target/test-dir/MiniOzoneClusterImpl-99c120a9-ba08-420c-a34c-f177dbe2ba07/datanode-0/data/ratis] (custom)
2019-09-19 14:56:08,698 [pool-409-thread-1] INFO  storage.RaftStorageDirectory (RaftStorageDirectory.java:analyzeStorage(246)) - The storage directory /workdir/hadoop-ozone/integration-test/target/test-dir/MiniOzoneClusterImpl-99c120a9-ba08-420c-a34c-f177dbe2ba07/datanode-0/data/ratis/66d850e1-aec2-4e3b-b1ef-541c60637f01 does not exist. Creating ...
2019-09-19 14:56:08,712 [pool-409-thread-1] INFO  storage.RaftStorageDirectory (RaftStorageDirectory.java:tryLock(328)) - Lock on /workdir/hadoop-ozone/integration-test/target/test-dir/MiniOzoneClusterImpl-99c120a9-ba08-420c-a34c-f177dbe2ba07/datanode-0/data/ratis/66d850e1-aec2-4e3b-b1ef-541c60637f01/in_use.lock acquired by nodename 4180@pr-hdds-2151-jsxwx-3911445914
2019-09-19 14:56:08,725 [pool-409-thread-1] INFO  storage.RaftStorage (RaftStorage.java:format(72)) - Storage directory /workdir/hadoop-ozone/integration-test/target/test-dir/MiniOzoneClusterImpl-99c120a9-ba08-420c-a34c-f177dbe2ba07/datanode-0/data/ratis/66d850e1-aec2-4e3b-b1ef-541c60637f01 has been successfully formatted.
2019-09-19 14:56:08,725 [pool-409-thread-1] INFO  ratis.ContainerStateMachine (ContainerStateMachine.java:loadSnapshot(230)) - group-541C60637F01: The snapshot info is null. Setting the last applied indexto:(t:0, i:~)
2019-09-19 14:56:08,726 [pool-409-thread-1] INFO  server.RaftServerConfigKeys (ConfUtils.java:logGet(43)) - raft.server.notification.no-leader.timeout = 120s (custom)
2019-09-19 14:56:08,726 [pool-409-thread-1] INFO  server.RaftServerConfigKeys (ConfUtils.java:logGet(43)) - raft.server.log.use.memory = false (default)
2019-09-19 14:56:08,726 [pool-409-thread-1] INFO  server.RaftServerConfigKeys (ConfUtils.java:logGet(43)) - raft.server.log.purge.gap = 1000000 (custom)
2019-09-19 14:56:08,726 [pool-409-thread-1] INFO  server.RaftServerConfigKeys (ConfUtils.java:logGet(43)) - raft.server.log.appender.buffer.byte-limit = 33554432 (custom)
2019-09-19 14:56:08,726 [pool-409-thread-1] INFO  server.RaftServerConfigKeys (ConfUtils.java:logGet(43)) - raft.server.log.segment.size.max = 1048576 (custom)
2019-09-19 14:56:08,726 [pool-409-thread-1] INFO  server.RaftServerConfigKeys (ConfUtils.java:logGet(43)) - raft.server.log.segment.cache.num.max = 2 (custom)
2019-09-19 14:56:08,727 [pool-409-thread-1] INFO  segmented.SegmentedRaftLogWorker (SegmentedRaftLogWorker.java:<init>(172)) - new bf13c666-9333-4478-bd2b-7df3f9fc008b@group-541C60637F01-SegmentedRaftLogWorker for RaftStorage:Storage Directory /workdir/hadoop-ozone/integration-test/target/test-dir/MiniOzoneClusterImpl-99c120a9-ba08-420c-a34c-f177dbe2ba07/datanode-0/data/ratis/66d850e1-aec2-4e3b-b1ef-541c60637f01
2019-09-19 14:56:08,729 [pool-409-thread-1] INFO  server.RaftServerConfigKeys (ConfUtils.java:logGet(43)) - raft.server.log.queue.byte-limit = 2147483647 (custom)
2019-09-19 14:56:08,729 [pool-409-thread-1] INFO  server.RaftServerConfigKeys (ConfUtils.java:logGet(43)) - raft.server.log.queue.element-limit = 1024 (custom)
2019-09-19 14:56:08,729 [pool-409-thread-1] INFO  server.RaftServerConfigKeys (ConfUtils.java:logGet(43)) - raft.server.log.segment.size.max = 1048576 (custom)
2019-09-19 14:56:08,730 [pool-409-thread-1] INFO  server.RaftServerConfigKeys (ConfUtils.java:logGet(43)) - raft.server.log.preallocated.size = 16384 (custom)
2019-09-19 14:56:08,730 [pool-409-thread-1] INFO  server.RaftServerConfigKeys (ConfUtils.java:logGet(43)) - raft.server.log.write.buffer.size = 33554432 (custom)
2019-09-19 14:56:08,730 [pool-409-thread-1] INFO  server.RaftServerConfigKeys (ConfUtils.java:logGet(43)) - raft.server.log.force.sync.num = 128 (default)
2019-09-19 14:56:08,730 [pool-409-thread-1] INFO  server.RaftServerConfigKeys (ConfUtils.java:logGet(43)) - raft.server.log.statemachine.data.sync = true (default)
2019-09-19 14:56:08,730 [pool-409-thread-1] INFO  server.RaftServerConfigKeys (ConfUtils.java:logGet(43)) - raft.server.log.statemachine.data.sync.timeout = 10s (default)
2019-09-19 14:56:08,730 [pool-409-thread-1] INFO  server.RaftServerConfigKeys (ConfUtils.java:logGet(43)) - raft.server.log.statemachine.data.sync.timeout.retry = -1 (default)
2019-09-19 14:56:08,730 [pool-409-thread-1] INFO  server.RaftServerConfigKeys (ConfUtils.java:logGet(43)) - raft.server.log.statemachine.data.caching.enabled = true (custom)
2019-09-19 14:56:08,731 [pool-409-thread-1] INFO  segmented.SegmentedRaftLogWorker (SegmentedRaftLogWorker.java:lambda$new$0(132)) - bf13c666-9333-4478-bd2b-7df3f9fc008b@group-541C60637F01-SegmentedRaftLogWorker: flushIndex: setUnconditionally 0 -> -1
2019-09-19 14:56:08,731 [pool-409-thread-1] INFO  server.RaftServerConfigKeys (ConfUtils.java:logGet(43)) - raft.server.snapshot.auto.trigger.enabled = true (custom)
2019-09-19 14:56:08,731 [pool-409-thread-1] INFO  server.RaftServerConfigKeys (ConfUtils.java:logGet(43)) - raft.server.snapshot.auto.trigger.threshold = 10000 (custom)
2019-09-19 14:56:08,732 [pool-409-thread-1] INFO  server.RaftServerConfigKeys (ConfUtils.java:logGet(43)) - raft.server.snapshot.retention.num.files = 5 (custom)
2019-09-19 14:56:08,732 [pool-409-thread-1] INFO  server.RaftServerConfigKeys (ConfUtils.java:logGet(43)) - raft.server.retrycache.expirytime = 600000ms (custom)
2019-09-19 14:56:08,734 [IPC Server handler 4 on 46576] INFO  net.NetworkTopology (NetworkTopologyImpl.java:add(111)) - Added a new node: /default-rack/3d5530de-0751-4f46-9b90-87f3bfa7393e
2019-09-19 14:56:08,734 [IPC Server handler 4 on 46576] INFO  node.SCMNodeManager (SCMNodeManager.java:register(266)) - Registered Data node : 3d5530de-0751-4f46-9b90-87f3bfa7393e{ip: 192.168.34.4, host: pr-hdds-2151-jsxwx-3911445914, networkLocation: /default-rack, certSerialId: null}
2019-09-19 14:56:08,734 [pool-409-thread-1] INFO  impl.RaftServerImpl (RaftServerImpl.java:start(185)) - bf13c666-9333-4478-bd2b-7df3f9fc008b@group-541C60637F01: start as a follower, conf=-1: [bf13c666-9333-4478-bd2b-7df3f9fc008b:192.168.34.4:35164], old=null
2019-09-19 14:56:08,734 [pool-409-thread-1] INFO  impl.RaftServerImpl (RaftServerImpl.java:setRole(174)) - bf13c666-9333-4478-bd2b-7df3f9fc008b@group-541C60637F01: changes role from      null to FOLLOWER at term 0 for startAsFollower
2019-09-19 14:56:08,735 [pool-409-thread-1] INFO  impl.RoleInfo (RoleInfo.java:updateAndGet(143)) - bf13c666-9333-4478-bd2b-7df3f9fc008b: start FollowerState
2019-09-19 14:56:08,735 [pool-409-thread-1] INFO  util.JmxRegister (JmxRegister.java:tryRegister(44)) - Successfully registered JMX Bean with object name Ratis:service=RaftServer,group=group-541C60637F01,id=bf13c666-9333-4478-bd2b-7df3f9fc008b
2019-09-19 14:56:08,742 [RatisPipelineUtilsThread] INFO  pipeline.PipelineStateManager (PipelineStateManager.java:addPipeline(56)) - Created pipeline Pipeline[ Id: 66d850e1-aec2-4e3b-b1ef-541c60637f01, Nodes: bf13c666-9333-4478-bd2b-7df3f9fc008b{ip: 192.168.34.4, host: pr-hdds-2151-jsxwx-3911445914, networkLocation: /default-rack, certSerialId: null}, Type:RATIS, Factor:ONE, State:OPEN]
2019-09-19 14:56:08,748 [grpc-default-executor-6] INFO  impl.RaftServerProxy (RaftServerProxy.java:addNew(89)) - 3d5530de-0751-4f46-9b90-87f3bfa7393e: addNew group-C83DB19F5780:[3d5530de-0751-4f46-9b90-87f3bfa7393e:192.168.34.4:40485] returns group-C83DB19F5780:java.util.concurrent.CompletableFuture@4bff9de0[Not completed]
2019-09-19 14:56:08,749 [pool-419-thread-1] INFO  impl.RaftServerImpl (RaftServerImpl.java:<init>(95)) - 3d5530de-0751-4f46-9b90-87f3bfa7393e: new RaftServerImpl for group-C83DB19F5780:[3d5530de-0751-4f46-9b90-87f3bfa7393e:192.168.34.4:40485] with ContainerStateMachine:uninitialized
2019-09-19 14:56:08,749 [pool-419-thread-1] INFO  server.RaftServerConfigKeys (ConfUtils.java:logGet(43)) - raft.server.rpc.timeout.min = 5s (custom)
2019-09-19 14:56:08,750 [pool-419-thread-1] INFO  server.RaftServerConfigKeys (ConfUtils.java:logGet(43)) - raft.server.rpc.timeout.max = 5200ms (custom)
2019-09-19 14:56:08,750 [pool-419-thread-1] INFO  server.RaftServerConfigKeys (ConfUtils.java:logGet(43)) - raft.server.rpcslowness.timeout = 120s (custom)
2019-09-19 14:56:08,750 [pool-419-thread-1] INFO  server.RaftServerConfigKeys (ConfUtils.java:logGet(43)) - raft.server.sleep.deviation.threshold = 300 (default)
2019-09-19 14:56:08,750 [pool-419-thread-1] INFO  server.RaftServerConfigKeys (ConfUtils.java:logGet(43)) - raft.server.log.appender.install.snapshot.enabled = false (custom)
2019-09-19 14:56:08,750 [pool-419-thread-1] INFO  impl.RaftServerImpl (ServerState.java:<init>(103)) - 3d5530de-0751-4f46-9b90-87f3bfa7393e@group-C83DB19F5780: ConfigurationManager, init=-1: [3d5530de-0751-4f46-9b90-87f3bfa7393e:192.168.34.4:40485], old=null, confs=<EMPTY_MAP>
2019-09-19 14:56:08,750 [pool-419-thread-1] INFO  server.RaftServerConfigKeys (ConfUtils.java:logGet(43)) - raft.server.storage.dir = [/workdir/hadoop-ozone/integration-test/target/test-dir/MiniOzoneClusterImpl-99c120a9-ba08-420c-a34c-f177dbe2ba07/datanode-1/data/ratis] (custom)
2019-09-19 14:56:08,750 [pool-419-thread-1] INFO  storage.RaftStorageDirectory (RaftStorageDirectory.java:analyzeStorage(246)) - The storage directory /workdir/hadoop-ozone/integration-test/target/test-dir/MiniOzoneClusterImpl-99c120a9-ba08-420c-a34c-f177dbe2ba07/datanode-1/data/ratis/839e3923-43ec-4912-8191-c83db19f5780 does not exist. Creating ...
2019-09-19 14:56:08,763 [pool-419-thread-1] INFO  storage.RaftStorageDirectory (RaftStorageDirectory.java:tryLock(328)) - Lock on /workdir/hadoop-ozone/integration-test/target/test-dir/MiniOzoneClusterImpl-99c120a9-ba08-420c-a34c-f177dbe2ba07/datanode-1/data/ratis/839e3923-43ec-4912-8191-c83db19f5780/in_use.lock acquired by nodename 4180@pr-hdds-2151-jsxwx-3911445914
2019-09-19 14:56:08,776 [pool-419-thread-1] INFO  storage.RaftStorage (RaftStorage.java:format(72)) - Storage directory /workdir/hadoop-ozone/integration-test/target/test-dir/MiniOzoneClusterImpl-99c120a9-ba08-420c-a34c-f177dbe2ba07/datanode-1/data/ratis/839e3923-43ec-4912-8191-c83db19f5780 has been successfully formatted.
2019-09-19 14:56:08,776 [pool-419-thread-1] INFO  ratis.ContainerStateMachine (ContainerStateMachine.java:loadSnapshot(230)) - group-C83DB19F5780: The snapshot info is null. Setting the last applied indexto:(t:0, i:~)
2019-09-19 14:56:08,776 [pool-419-thread-1] INFO  server.RaftServerConfigKeys (ConfUtils.java:logGet(43)) - raft.server.notification.no-leader.timeout = 120s (custom)
2019-09-19 14:56:08,776 [pool-419-thread-1] INFO  server.RaftServerConfigKeys (ConfUtils.java:logGet(43)) - raft.server.log.use.memory = false (default)
2019-09-19 14:56:08,776 [pool-419-thread-1] INFO  server.RaftServerConfigKeys (ConfUtils.java:logGet(43)) - raft.server.log.purge.gap = 1000000 (custom)
2019-09-19 14:56:08,777 [pool-419-thread-1] INFO  server.RaftServerConfigKeys (ConfUtils.java:logGet(43)) - raft.server.log.appender.buffer.byte-limit = 33554432 (custom)
2019-09-19 14:56:08,777 [pool-419-thread-1] INFO  server.RaftServerConfigKeys (ConfUtils.java:logGet(43)) - raft.server.log.segment.size.max = 1048576 (custom)
2019-09-19 14:56:08,777 [pool-419-thread-1] INFO  server.RaftServerConfigKeys (ConfUtils.java:logGet(43)) - raft.server.log.segment.cache.num.max = 2 (custom)
2019-09-19 14:56:08,777 [pool-419-thread-1] INFO  segmented.SegmentedRaftLogWorker (SegmentedRaftLogWorker.java:<init>(172)) - new 3d5530de-0751-4f46-9b90-87f3bfa7393e@group-C83DB19F5780-SegmentedRaftLogWorker for RaftStorage:Storage Directory /workdir/hadoop-ozone/integration-test/target/test-dir/MiniOzoneClusterImpl-99c120a9-ba08-420c-a34c-f177dbe2ba07/datanode-1/data/ratis/839e3923-43ec-4912-8191-c83db19f5780
2019-09-19 14:56:08,778 [pool-419-thread-1] INFO  server.RaftServerConfigKeys (ConfUtils.java:logGet(43)) - raft.server.log.queue.byte-limit = 2147483647 (custom)
2019-09-19 14:56:08,778 [pool-419-thread-1] INFO  server.RaftServerConfigKeys (ConfUtils.java:logGet(43)) - raft.server.log.queue.element-limit = 1024 (custom)
2019-09-19 14:56:08,778 [pool-419-thread-1] INFO  server.RaftServerConfigKeys (ConfUtils.java:logGet(43)) - raft.server.log.segment.size.max = 1048576 (custom)
2019-09-19 14:56:08,778 [pool-419-thread-1] INFO  server.RaftServerConfigKeys (ConfUtils.java:logGet(43)) - raft.server.log.preallocated.size = 16384 (custom)
2019-09-19 14:56:08,778 [pool-419-thread-1] INFO  server.RaftServerConfigKeys (ConfUtils.java:logGet(43)) - raft.server.log.write.buffer.size = 33554432 (custom)
2019-09-19 14:56:08,779 [pool-419-thread-1] INFO  server.RaftServerConfigKeys (ConfUtils.java:logGet(43)) - raft.server.log.force.sync.num = 128 (default)
2019-09-19 14:56:08,779 [pool-419-thread-1] INFO  server.RaftServerConfigKeys (ConfUtils.java:logGet(43)) - raft.server.log.statemachine.data.sync = true (default)
2019-09-19 14:56:08,779 [pool-419-thread-1] INFO  server.RaftServerConfigKeys (ConfUtils.java:logGet(43)) - raft.server.log.statemachine.data.sync.timeout = 10s (default)
2019-09-19 14:56:08,779 [pool-419-thread-1] INFO  server.RaftServerConfigKeys (ConfUtils.java:logGet(43)) - raft.server.log.statemachine.data.sync.timeout.retry = -1 (default)
2019-09-19 14:56:08,779 [pool-419-thread-1] INFO  server.RaftServerConfigKeys (ConfUtils.java:logGet(43)) - raft.server.log.statemachine.data.caching.enabled = true (custom)
2019-09-19 14:56:08,779 [pool-419-thread-1] INFO  segmented.SegmentedRaftLogWorker (SegmentedRaftLogWorker.java:lambda$new$0(132)) - 3d5530de-0751-4f46-9b90-87f3bfa7393e@group-C83DB19F5780-SegmentedRaftLogWorker: flushIndex: setUnconditionally 0 -> -1
2019-09-19 14:56:08,780 [pool-419-thread-1] INFO  server.RaftServerConfigKeys (ConfUtils.java:logGet(43)) - raft.server.snapshot.auto.trigger.enabled = true (custom)
2019-09-19 14:56:08,780 [pool-419-thread-1] INFO  server.RaftServerConfigKeys (ConfUtils.java:logGet(43)) - raft.server.snapshot.auto.trigger.threshold = 10000 (custom)
2019-09-19 14:56:08,780 [pool-419-thread-1] INFO  server.RaftServerConfigKeys (ConfUtils.java:logGet(43)) - raft.server.snapshot.retention.num.files = 5 (custom)
2019-09-19 14:56:08,780 [pool-419-thread-1] INFO  server.RaftServerConfigKeys (ConfUtils.java:logGet(43)) - raft.server.retrycache.expirytime = 600000ms (custom)
2019-09-19 14:56:08,781 [pool-419-thread-1] INFO  impl.RaftServerImpl (RaftServerImpl.java:start(185)) - 3d5530de-0751-4f46-9b90-87f3bfa7393e@group-C83DB19F5780: start as a follower, conf=-1: [3d5530de-0751-4f46-9b90-87f3bfa7393e:192.168.34.4:40485], old=null
2019-09-19 14:56:08,781 [pool-419-thread-1] INFO  impl.RaftServerImpl (RaftServerImpl.java:setRole(174)) - 3d5530de-0751-4f46-9b90-87f3bfa7393e@group-C83DB19F5780: changes role from      null to FOLLOWER at term 0 for startAsFollower
2019-09-19 14:56:08,782 [pool-419-thread-1] INFO  impl.RoleInfo (RoleInfo.java:updateAndGet(143)) - 3d5530de-0751-4f46-9b90-87f3bfa7393e: start FollowerState
2019-09-19 14:56:08,782 [pool-419-thread-1] INFO  util.JmxRegister (JmxRegister.java:tryRegister(44)) - Successfully registered JMX Bean with object name Ratis:service=RaftServer,group=group-C83DB19F5780,id=3d5530de-0751-4f46-9b90-87f3bfa7393e
2019-09-19 14:56:08,786 [RatisPipelineUtilsThread] INFO  pipeline.PipelineStateManager (PipelineStateManager.java:addPipeline(56)) - Created pipeline Pipeline[ Id: 839e3923-43ec-4912-8191-c83db19f5780, Nodes: 3d5530de-0751-4f46-9b90-87f3bfa7393e{ip: 192.168.34.4, host: pr-hdds-2151-jsxwx-3911445914, networkLocation: /default-rack, certSerialId: null}, Type:RATIS, Factor:ONE, State:OPEN]
2019-09-19 14:56:08,808 [IPC Server handler 5 on 46576] INFO  net.NetworkTopology (NetworkTopologyImpl.java:add(111)) - Added a new node: /default-rack/788f10a7-df1a-4cb8-be9d-a4f63e5e0cc9
2019-09-19 14:56:08,808 [IPC Server handler 5 on 46576] INFO  node.SCMNodeManager (SCMNodeManager.java:register(266)) - Registered Data node : 788f10a7-df1a-4cb8-be9d-a4f63e5e0cc9{ip: 192.168.34.4, host: pr-hdds-2151-jsxwx-3911445914, networkLocation: /default-rack, certSerialId: null}
2019-09-19 14:56:08,813 [grpc-default-executor-6] INFO  impl.RaftServerProxy (RaftServerProxy.java:addNew(89)) - 788f10a7-df1a-4cb8-be9d-a4f63e5e0cc9: addNew group-0EF1BCE66D44:[788f10a7-df1a-4cb8-be9d-a4f63e5e0cc9:192.168.34.4:35597] returns group-0EF1BCE66D44:java.util.concurrent.CompletableFuture@6cdf85f8[Not completed]
2019-09-19 14:56:08,815 [pool-429-thread-1] INFO  impl.RaftServerImpl (RaftServerImpl.java:<init>(95)) - 788f10a7-df1a-4cb8-be9d-a4f63e5e0cc9: new RaftServerImpl for group-0EF1BCE66D44:[788f10a7-df1a-4cb8-be9d-a4f63e5e0cc9:192.168.34.4:35597] with ContainerStateMachine:uninitialized
2019-09-19 14:56:08,815 [pool-429-thread-1] INFO  server.RaftServerConfigKeys (ConfUtils.java:logGet(43)) - raft.server.rpc.timeout.min = 5s (custom)
2019-09-19 14:56:08,815 [pool-429-thread-1] INFO  server.RaftServerConfigKeys (ConfUtils.java:logGet(43)) - raft.server.rpc.timeout.max = 5200ms (custom)
2019-09-19 14:56:08,815 [pool-429-thread-1] INFO  server.RaftServerConfigKeys (ConfUtils.java:logGet(43)) - raft.server.rpcslowness.timeout = 120s (custom)
2019-09-19 14:56:08,815 [pool-429-thread-1] INFO  server.RaftServerConfigKeys (ConfUtils.java:logGet(43)) - raft.server.sleep.deviation.threshold = 300 (default)
2019-09-19 14:56:08,816 [pool-429-thread-1] INFO  server.RaftServerConfigKeys (ConfUtils.java:logGet(43)) - raft.server.log.appender.install.snapshot.enabled = false (custom)
2019-09-19 14:56:08,816 [pool-429-thread-1] INFO  impl.RaftServerImpl (ServerState.java:<init>(103)) - 788f10a7-df1a-4cb8-be9d-a4f63e5e0cc9@group-0EF1BCE66D44: ConfigurationManager, init=-1: [788f10a7-df1a-4cb8-be9d-a4f63e5e0cc9:192.168.34.4:35597], old=null, confs=<EMPTY_MAP>
2019-09-19 14:56:08,816 [pool-429-thread-1] INFO  server.RaftServerConfigKeys (ConfUtils.java:logGet(43)) - raft.server.storage.dir = [/workdir/hadoop-ozone/integration-test/target/test-dir/MiniOzoneClusterImpl-99c120a9-ba08-420c-a34c-f177dbe2ba07/datanode-2/data/ratis] (custom)
2019-09-19 14:56:08,816 [pool-429-thread-1] INFO  storage.RaftStorageDirectory (RaftStorageDirectory.java:analyzeStorage(246)) - The storage directory /workdir/hadoop-ozone/integration-test/target/test-dir/MiniOzoneClusterImpl-99c120a9-ba08-420c-a34c-f177dbe2ba07/datanode-2/data/ratis/5f3ab33e-e8fa-4842-9daf-0ef1bce66d44 does not exist. Creating ...
2019-09-19 14:56:08,829 [pool-429-thread-1] INFO  storage.RaftStorageDirectory (RaftStorageDirectory.java:tryLock(328)) - Lock on /workdir/hadoop-ozone/integration-test/target/test-dir/MiniOzoneClusterImpl-99c120a9-ba08-420c-a34c-f177dbe2ba07/datanode-2/data/ratis/5f3ab33e-e8fa-4842-9daf-0ef1bce66d44/in_use.lock acquired by nodename 4180@pr-hdds-2151-jsxwx-3911445914
2019-09-19 14:56:08,842 [pool-429-thread-1] INFO  storage.RaftStorage (RaftStorage.java:format(72)) - Storage directory /workdir/hadoop-ozone/integration-test/target/test-dir/MiniOzoneClusterImpl-99c120a9-ba08-420c-a34c-f177dbe2ba07/datanode-2/data/ratis/5f3ab33e-e8fa-4842-9daf-0ef1bce66d44 has been successfully formatted.
2019-09-19 14:56:08,842 [pool-429-thread-1] INFO  ratis.ContainerStateMachine (ContainerStateMachine.java:loadSnapshot(230)) - group-0EF1BCE66D44: The snapshot info is null. Setting the last applied indexto:(t:0, i:~)
2019-09-19 14:56:08,842 [pool-429-thread-1] INFO  server.RaftServerConfigKeys (ConfUtils.java:logGet(43)) - raft.server.notification.no-leader.timeout = 120s (custom)
2019-09-19 14:56:08,842 [pool-429-thread-1] INFO  server.RaftServerConfigKeys (ConfUtils.java:logGet(43)) - raft.server.log.use.memory = false (default)
2019-09-19 14:56:08,842 [pool-429-thread-1] INFO  server.RaftServerConfigKeys (ConfUtils.java:logGet(43)) - raft.server.log.purge.gap = 1000000 (custom)
2019-09-19 14:56:08,843 [pool-429-thread-1] INFO  server.RaftServerConfigKeys (ConfUtils.java:logGet(43)) - raft.server.log.appender.buffer.byte-limit = 33554432 (custom)
2019-09-19 14:56:08,843 [pool-429-thread-1] INFO  server.RaftServerConfigKeys (ConfUtils.java:logGet(43)) - raft.server.log.segment.size.max = 1048576 (custom)
2019-09-19 14:56:08,843 [pool-429-thread-1] INFO  server.RaftServerConfigKeys (ConfUtils.java:logGet(43)) - raft.server.log.segment.cache.num.max = 2 (custom)
2019-09-19 14:56:08,843 [pool-429-thread-1] INFO  segmented.SegmentedRaftLogWorker (SegmentedRaftLogWorker.java:<init>(172)) - new 788f10a7-df1a-4cb8-be9d-a4f63e5e0cc9@group-0EF1BCE66D44-SegmentedRaftLogWorker for RaftStorage:Storage Directory /workdir/hadoop-ozone/integration-test/target/test-dir/MiniOzoneClusterImpl-99c120a9-ba08-420c-a34c-f177dbe2ba07/datanode-2/data/ratis/5f3ab33e-e8fa-4842-9daf-0ef1bce66d44
2019-09-19 14:56:08,845 [pool-429-thread-1] INFO  server.RaftServerConfigKeys (ConfUtils.java:logGet(43)) - raft.server.log.queue.byte-limit = 2147483647 (custom)
2019-09-19 14:56:08,845 [pool-429-thread-1] INFO  server.RaftServerConfigKeys (ConfUtils.java:logGet(43)) - raft.server.log.queue.element-limit = 1024 (custom)
2019-09-19 14:56:08,845 [pool-429-thread-1] INFO  server.RaftServerConfigKeys (ConfUtils.java:logGet(43)) - raft.server.log.segment.size.max = 1048576 (custom)
2019-09-19 14:56:08,845 [pool-429-thread-1] INFO  server.RaftServerConfigKeys (ConfUtils.java:logGet(43)) - raft.server.log.preallocated.size = 16384 (custom)
2019-09-19 14:56:08,845 [pool-429-thread-1] INFO  server.RaftServerConfigKeys (ConfUtils.java:logGet(43)) - raft.server.log.write.buffer.size = 33554432 (custom)
2019-09-19 14:56:08,845 [pool-429-thread-1] INFO  server.RaftServerConfigKeys (ConfUtils.java:logGet(43)) - raft.server.log.force.sync.num = 128 (default)
2019-09-19 14:56:08,845 [pool-429-thread-1] INFO  server.RaftServerConfigKeys (ConfUtils.java:logGet(43)) - raft.server.log.statemachine.data.sync = true (default)
2019-09-19 14:56:08,845 [pool-429-thread-1] INFO  server.RaftServerConfigKeys (ConfUtils.java:logGet(43)) - raft.server.log.statemachine.data.sync.timeout = 10s (default)
2019-09-19 14:56:08,846 [pool-429-thread-1] INFO  server.RaftServerConfigKeys (ConfUtils.java:logGet(43)) - raft.server.log.statemachine.data.sync.timeout.retry = -1 (default)
2019-09-19 14:56:08,846 [pool-429-thread-1] INFO  server.RaftServerConfigKeys (ConfUtils.java:logGet(43)) - raft.server.log.statemachine.data.caching.enabled = true (custom)
2019-09-19 14:56:08,846 [pool-429-thread-1] INFO  segmented.SegmentedRaftLogWorker (SegmentedRaftLogWorker.java:lambda$new$0(132)) - 788f10a7-df1a-4cb8-be9d-a4f63e5e0cc9@group-0EF1BCE66D44-SegmentedRaftLogWorker: flushIndex: setUnconditionally 0 -> -1
2019-09-19 14:56:08,846 [pool-429-thread-1] INFO  server.RaftServerConfigKeys (ConfUtils.java:logGet(43)) - raft.server.snapshot.auto.trigger.enabled = true (custom)
2019-09-19 14:56:08,847 [pool-429-thread-1] INFO  server.RaftServerConfigKeys (ConfUtils.java:logGet(43)) - raft.server.snapshot.auto.trigger.threshold = 10000 (custom)
2019-09-19 14:56:08,847 [pool-429-thread-1] INFO  server.RaftServerConfigKeys (ConfUtils.java:logGet(43)) - raft.server.snapshot.retention.num.files = 5 (custom)
2019-09-19 14:56:08,847 [pool-429-thread-1] INFO  server.RaftServerConfigKeys (ConfUtils.java:logGet(43)) - raft.server.retrycache.expirytime = 600000ms (custom)
2019-09-19 14:56:08,848 [pool-429-thread-1] INFO  impl.RaftServerImpl (RaftServerImpl.java:start(185)) - 788f10a7-df1a-4cb8-be9d-a4f63e5e0cc9@group-0EF1BCE66D44: start as a follower, conf=-1: [788f10a7-df1a-4cb8-be9d-a4f63e5e0cc9:192.168.34.4:35597], old=null
2019-09-19 14:56:08,849 [pool-429-thread-1] INFO  impl.RaftServerImpl (RaftServerImpl.java:setRole(174)) - 788f10a7-df1a-4cb8-be9d-a4f63e5e0cc9@group-0EF1BCE66D44: changes role from      null to FOLLOWER at term 0 for startAsFollower
2019-09-19 14:56:08,849 [pool-429-thread-1] INFO  impl.RoleInfo (RoleInfo.java:updateAndGet(143)) - 788f10a7-df1a-4cb8-be9d-a4f63e5e0cc9: start FollowerState
2019-09-19 14:56:08,849 [pool-429-thread-1] INFO  util.JmxRegister (JmxRegister.java:tryRegister(44)) - Successfully registered JMX Bean with object name Ratis:service=RaftServer,group=group-0EF1BCE66D44,id=788f10a7-df1a-4cb8-be9d-a4f63e5e0cc9
2019-09-19 14:56:08,854 [RatisPipelineUtilsThread] INFO  pipeline.PipelineStateManager (PipelineStateManager.java:addPipeline(56)) - Created pipeline Pipeline[ Id: 5f3ab33e-e8fa-4842-9daf-0ef1bce66d44, Nodes: 788f10a7-df1a-4cb8-be9d-a4f63e5e0cc9{ip: 192.168.34.4, host: pr-hdds-2151-jsxwx-3911445914, networkLocation: /default-rack, certSerialId: null}, Type:RATIS, Factor:ONE, State:OPEN]
2019-09-19 14:56:08,867 [grpc-default-executor-4] INFO  impl.RaftServerProxy (RaftServerProxy.java:addNew(89)) - 3d5530de-0751-4f46-9b90-87f3bfa7393e: addNew group-EEF6089ADCDD:[788f10a7-df1a-4cb8-be9d-a4f63e5e0cc9:192.168.34.4:35597, 3d5530de-0751-4f46-9b90-87f3bfa7393e:192.168.34.4:40485, bf13c666-9333-4478-bd2b-7df3f9fc008b:192.168.34.4:35164] returns group-EEF6089ADCDD:java.util.concurrent.CompletableFuture@7f86d3cb[Not completed]
2019-09-19 14:56:08,868 [grpc-default-executor-7] INFO  impl.RaftServerProxy (RaftServerProxy.java:addNew(89)) - 788f10a7-df1a-4cb8-be9d-a4f63e5e0cc9: addNew group-EEF6089ADCDD:[788f10a7-df1a-4cb8-be9d-a4f63e5e0cc9:192.168.34.4:35597, 3d5530de-0751-4f46-9b90-87f3bfa7393e:192.168.34.4:40485, bf13c666-9333-4478-bd2b-7df3f9fc008b:192.168.34.4:35164] returns group-EEF6089ADCDD:java.util.concurrent.CompletableFuture@48c9dbd3[Not completed]
2019-09-19 14:56:08,868 [grpc-default-executor-6] INFO  impl.RaftServerProxy (RaftServerProxy.java:addNew(89)) - bf13c666-9333-4478-bd2b-7df3f9fc008b: addNew group-EEF6089ADCDD:[788f10a7-df1a-4cb8-be9d-a4f63e5e0cc9:192.168.34.4:35597, 3d5530de-0751-4f46-9b90-87f3bfa7393e:192.168.34.4:40485, bf13c666-9333-4478-bd2b-7df3f9fc008b:192.168.34.4:35164] returns group-EEF6089ADCDD:java.util.concurrent.CompletableFuture@68c9e58d[Not completed]
2019-09-19 14:56:08,869 [pool-429-thread-1] INFO  impl.RaftServerImpl (RaftServerImpl.java:<init>(95)) - 788f10a7-df1a-4cb8-be9d-a4f63e5e0cc9: new RaftServerImpl for group-EEF6089ADCDD:[788f10a7-df1a-4cb8-be9d-a4f63e5e0cc9:192.168.34.4:35597, 3d5530de-0751-4f46-9b90-87f3bfa7393e:192.168.34.4:40485, bf13c666-9333-4478-bd2b-7df3f9fc008b:192.168.34.4:35164] with ContainerStateMachine:uninitialized
2019-09-19 14:56:08,869 [pool-429-thread-1] INFO  server.RaftServerConfigKeys (ConfUtils.java:logGet(43)) - raft.server.rpc.timeout.min = 5s (custom)
2019-09-19 14:56:08,869 [pool-429-thread-1] INFO  server.RaftServerConfigKeys (ConfUtils.java:logGet(43)) - raft.server.rpc.timeout.max = 5200ms (custom)
2019-09-19 14:56:08,869 [pool-429-thread-1] INFO  server.RaftServerConfigKeys (ConfUtils.java:logGet(43)) - raft.server.rpcslowness.timeout = 120s (custom)
2019-09-19 14:56:08,869 [pool-429-thread-1] INFO  server.RaftServerConfigKeys (ConfUtils.java:logGet(43)) - raft.server.sleep.deviation.threshold = 300 (default)
2019-09-19 14:56:08,869 [pool-429-thread-1] INFO  server.RaftServerConfigKeys (ConfUtils.java:logGet(43)) - raft.server.log.appender.install.snapshot.enabled = false (custom)
2019-09-19 14:56:08,869 [pool-409-thread-1] INFO  impl.RaftServerImpl (RaftServerImpl.java:<init>(95)) - bf13c666-9333-4478-bd2b-7df3f9fc008b: new RaftServerImpl for group-EEF6089ADCDD:[788f10a7-df1a-4cb8-be9d-a4f63e5e0cc9:192.168.34.4:35597, 3d5530de-0751-4f46-9b90-87f3bfa7393e:192.168.34.4:40485, bf13c666-9333-4478-bd2b-7df3f9fc008b:192.168.34.4:35164] with ContainerStateMachine:uninitialized
2019-09-19 14:56:08,869 [pool-429-thread-1] INFO  impl.RaftServerImpl (ServerState.java:<init>(103)) - 788f10a7-df1a-4cb8-be9d-a4f63e5e0cc9@group-EEF6089ADCDD: ConfigurationManager, init=-1: [788f10a7-df1a-4cb8-be9d-a4f63e5e0cc9:192.168.34.4:35597, 3d5530de-0751-4f46-9b90-87f3bfa7393e:192.168.34.4:40485, bf13c666-9333-4478-bd2b-7df3f9fc008b:192.168.34.4:35164], old=null, confs=<EMPTY_MAP>
2019-09-19 14:56:08,870 [pool-409-thread-1] INFO  server.RaftServerConfigKeys (ConfUtils.java:logGet(43)) - raft.server.rpc.timeout.min = 5s (custom)
2019-09-19 14:56:08,870 [pool-429-thread-1] INFO  server.RaftServerConfigKeys (ConfUtils.java:logGet(43)) - raft.server.storage.dir = [/workdir/hadoop-ozone/integration-test/target/test-dir/MiniOzoneClusterImpl-99c120a9-ba08-420c-a34c-f177dbe2ba07/datanode-2/data/ratis] (custom)
2019-09-19 14:56:08,870 [pool-419-thread-1] INFO  impl.RaftServerImpl (RaftServerImpl.java:<init>(95)) - 3d5530de-0751-4f46-9b90-87f3bfa7393e: new RaftServerImpl for group-EEF6089ADCDD:[788f10a7-df1a-4cb8-be9d-a4f63e5e0cc9:192.168.34.4:35597, 3d5530de-0751-4f46-9b90-87f3bfa7393e:192.168.34.4:40485, bf13c666-9333-4478-bd2b-7df3f9fc008b:192.168.34.4:35164] with ContainerStateMachine:uninitialized
2019-09-19 14:56:08,870 [pool-409-thread-1] INFO  server.RaftServerConfigKeys (ConfUtils.java:logGet(43)) - raft.server.rpc.timeout.max = 5200ms (custom)
2019-09-19 14:56:08,870 [pool-429-thread-1] INFO  storage.RaftStorageDirectory (RaftStorageDirectory.java:analyzeStorage(246)) - The storage directory /workdir/hadoop-ozone/integration-test/target/test-dir/MiniOzoneClusterImpl-99c120a9-ba08-420c-a34c-f177dbe2ba07/datanode-2/data/ratis/2302d1cd-cb91-456d-949d-eef6089adcdd does not exist. Creating ...
2019-09-19 14:56:08,870 [pool-419-thread-1] INFO  server.RaftServerConfigKeys (ConfUtils.java:logGet(43)) - raft.server.rpc.timeout.min = 5s (custom)
2019-09-19 14:56:08,870 [pool-409-thread-1] INFO  server.RaftServerConfigKeys (ConfUtils.java:logGet(43)) - raft.server.rpcslowness.timeout = 120s (custom)
2019-09-19 14:56:08,870 [pool-419-thread-1] INFO  server.RaftServerConfigKeys (ConfUtils.java:logGet(43)) - raft.server.rpc.timeout.max = 5200ms (custom)
2019-09-19 14:56:08,870 [pool-409-thread-1] INFO  server.RaftServerConfigKeys (ConfUtils.java:logGet(43)) - raft.server.sleep.deviation.threshold = 300 (default)
2019-09-19 14:56:08,871 [pool-419-thread-1] INFO  server.RaftServerConfigKeys (ConfUtils.java:logGet(43)) - raft.server.rpcslowness.timeout = 120s (custom)
2019-09-19 14:56:08,871 [pool-409-thread-1] INFO  server.RaftServerConfigKeys (ConfUtils.java:logGet(43)) - raft.server.log.appender.install.snapshot.enabled = false (custom)
2019-09-19 14:56:08,871 [pool-419-thread-1] INFO  server.RaftServerConfigKeys (ConfUtils.java:logGet(43)) - raft.server.sleep.deviation.threshold = 300 (default)
2019-09-19 14:56:08,871 [pool-409-thread-1] INFO  impl.RaftServerImpl (ServerState.java:<init>(103)) - bf13c666-9333-4478-bd2b-7df3f9fc008b@group-EEF6089ADCDD: ConfigurationManager, init=-1: [788f10a7-df1a-4cb8-be9d-a4f63e5e0cc9:192.168.34.4:35597, 3d5530de-0751-4f46-9b90-87f3bfa7393e:192.168.34.4:40485, bf13c666-9333-4478-bd2b-7df3f9fc008b:192.168.34.4:35164], old=null, confs=<EMPTY_MAP>
2019-09-19 14:56:08,871 [pool-419-thread-1] INFO  server.RaftServerConfigKeys (ConfUtils.java:logGet(43)) - raft.server.log.appender.install.snapshot.enabled = false (custom)
2019-09-19 14:56:08,871 [pool-409-thread-1] INFO  server.RaftServerConfigKeys (ConfUtils.java:logGet(43)) - raft.server.storage.dir = [/workdir/hadoop-ozone/integration-test/target/test-dir/MiniOzoneClusterImpl-99c120a9-ba08-420c-a34c-f177dbe2ba07/datanode-0/data/ratis] (custom)
2019-09-19 14:56:08,871 [pool-419-thread-1] INFO  impl.RaftServerImpl (ServerState.java:<init>(103)) - 3d5530de-0751-4f46-9b90-87f3bfa7393e@group-EEF6089ADCDD: ConfigurationManager, init=-1: [788f10a7-df1a-4cb8-be9d-a4f63e5e0cc9:192.168.34.4:35597, 3d5530de-0751-4f46-9b90-87f3bfa7393e:192.168.34.4:40485, bf13c666-9333-4478-bd2b-7df3f9fc008b:192.168.34.4:35164], old=null, confs=<EMPTY_MAP>
2019-09-19 14:56:08,872 [pool-419-thread-1] INFO  server.RaftServerConfigKeys (ConfUtils.java:logGet(43)) - raft.server.storage.dir = [/workdir/hadoop-ozone/integration-test/target/test-dir/MiniOzoneClusterImpl-99c120a9-ba08-420c-a34c-f177dbe2ba07/datanode-1/data/ratis] (custom)
2019-09-19 14:56:08,872 [pool-409-thread-1] INFO  storage.RaftStorageDirectory (RaftStorageDirectory.java:analyzeStorage(246)) - The storage directory /workdir/hadoop-ozone/integration-test/target/test-dir/MiniOzoneClusterImpl-99c120a9-ba08-420c-a34c-f177dbe2ba07/datanode-0/data/ratis/2302d1cd-cb91-456d-949d-eef6089adcdd does not exist. Creating ...
2019-09-19 14:56:08,872 [pool-419-thread-1] INFO  storage.RaftStorageDirectory (RaftStorageDirectory.java:analyzeStorage(246)) - The storage directory /workdir/hadoop-ozone/integration-test/target/test-dir/MiniOzoneClusterImpl-99c120a9-ba08-420c-a34c-f177dbe2ba07/datanode-1/data/ratis/2302d1cd-cb91-456d-949d-eef6089adcdd does not exist. Creating ...
2019-09-19 14:56:08,881 [IPC Server handler 19 on 46576] INFO  net.NetworkTopology (NetworkTopologyImpl.java:add(111)) - Added a new node: /default-rack/0d3107a9-04ba-472f-b8eb-753278bc281d
2019-09-19 14:56:08,882 [IPC Server handler 19 on 46576] INFO  node.SCMNodeManager (SCMNodeManager.java:register(266)) - Registered Data node : 0d3107a9-04ba-472f-b8eb-753278bc281d{ip: 192.168.34.4, host: pr-hdds-2151-jsxwx-3911445914, networkLocation: /default-rack, certSerialId: null}
2019-09-19 14:56:08,883 [pool-429-thread-1] INFO  storage.RaftStorageDirectory (RaftStorageDirectory.java:tryLock(328)) - Lock on /workdir/hadoop-ozone/integration-test/target/test-dir/MiniOzoneClusterImpl-99c120a9-ba08-420c-a34c-f177dbe2ba07/datanode-2/data/ratis/2302d1cd-cb91-456d-949d-eef6089adcdd/in_use.lock acquired by nodename 4180@pr-hdds-2151-jsxwx-3911445914
2019-09-19 14:56:08,883 [pool-409-thread-1] INFO  storage.RaftStorageDirectory (RaftStorageDirectory.java:tryLock(328)) - Lock on /workdir/hadoop-ozone/integration-test/target/test-dir/MiniOzoneClusterImpl-99c120a9-ba08-420c-a34c-f177dbe2ba07/datanode-0/data/ratis/2302d1cd-cb91-456d-949d-eef6089adcdd/in_use.lock acquired by nodename 4180@pr-hdds-2151-jsxwx-3911445914
2019-09-19 14:56:08,883 [pool-419-thread-1] INFO  storage.RaftStorageDirectory (RaftStorageDirectory.java:tryLock(328)) - Lock on /workdir/hadoop-ozone/integration-test/target/test-dir/MiniOzoneClusterImpl-99c120a9-ba08-420c-a34c-f177dbe2ba07/datanode-1/data/ratis/2302d1cd-cb91-456d-949d-eef6089adcdd/in_use.lock acquired by nodename 4180@pr-hdds-2151-jsxwx-3911445914
2019-09-19 14:56:08,897 [pool-419-thread-1] INFO  storage.RaftStorage (RaftStorage.java:format(72)) - Storage directory /workdir/hadoop-ozone/integration-test/target/test-dir/MiniOzoneClusterImpl-99c120a9-ba08-420c-a34c-f177dbe2ba07/datanode-1/data/ratis/2302d1cd-cb91-456d-949d-eef6089adcdd has been successfully formatted.
2019-09-19 14:56:08,897 [pool-429-thread-1] INFO  storage.RaftStorage (RaftStorage.java:format(72)) - Storage directory /workdir/hadoop-ozone/integration-test/target/test-dir/MiniOzoneClusterImpl-99c120a9-ba08-420c-a34c-f177dbe2ba07/datanode-2/data/ratis/2302d1cd-cb91-456d-949d-eef6089adcdd has been successfully formatted.
2019-09-19 14:56:08,897 [pool-409-thread-1] INFO  storage.RaftStorage (RaftStorage.java:format(72)) - Storage directory /workdir/hadoop-ozone/integration-test/target/test-dir/MiniOzoneClusterImpl-99c120a9-ba08-420c-a34c-f177dbe2ba07/datanode-0/data/ratis/2302d1cd-cb91-456d-949d-eef6089adcdd has been successfully formatted.
2019-09-19 14:56:08,897 [pool-429-thread-1] INFO  ratis.ContainerStateMachine (ContainerStateMachine.java:loadSnapshot(230)) - group-EEF6089ADCDD: The snapshot info is null. Setting the last applied indexto:(t:0, i:~)
2019-09-19 14:56:08,897 [pool-419-thread-1] INFO  ratis.ContainerStateMachine (ContainerStateMachine.java:loadSnapshot(230)) - group-EEF6089ADCDD: The snapshot info is null. Setting the last applied indexto:(t:0, i:~)
2019-09-19 14:56:08,897 [pool-429-thread-1] INFO  server.RaftServerConfigKeys (ConfUtils.java:logGet(43)) - raft.server.notification.no-leader.timeout = 120s (custom)
2019-09-19 14:56:08,897 [pool-409-thread-1] INFO  ratis.ContainerStateMachine (ContainerStateMachine.java:loadSnapshot(230)) - group-EEF6089ADCDD: The snapshot info is null. Setting the last applied indexto:(t:0, i:~)
2019-09-19 14:56:08,897 [pool-429-thread-1] INFO  server.RaftServerConfigKeys (ConfUtils.java:logGet(43)) - raft.server.log.use.memory = false (default)
2019-09-19 14:56:08,897 [pool-419-thread-1] INFO  server.RaftServerConfigKeys (ConfUtils.java:logGet(43)) - raft.server.notification.no-leader.timeout = 120s (custom)
2019-09-19 14:56:08,898 [pool-429-thread-1] INFO  server.RaftServerConfigKeys (ConfUtils.java:logGet(43)) - raft.server.log.purge.gap = 1000000 (custom)
2019-09-19 14:56:08,898 [pool-409-thread-1] INFO  server.RaftServerConfigKeys (ConfUtils.java:logGet(43)) - raft.server.notification.no-leader.timeout = 120s (custom)
2019-09-19 14:56:08,898 [pool-429-thread-1] INFO  server.RaftServerConfigKeys (ConfUtils.java:logGet(43)) - raft.server.log.appender.buffer.byte-limit = 33554432 (custom)
2019-09-19 14:56:08,898 [pool-419-thread-1] INFO  server.RaftServerConfigKeys (ConfUtils.java:logGet(43)) - raft.server.log.use.memory = false (default)
2019-09-19 14:56:08,898 [pool-429-thread-1] INFO  server.RaftServerConfigKeys (ConfUtils.java:logGet(43)) - raft.server.log.segment.size.max = 1048576 (custom)
2019-09-19 14:56:08,898 [pool-409-thread-1] INFO  server.RaftServerConfigKeys (ConfUtils.java:logGet(43)) - raft.server.log.use.memory = false (default)
2019-09-19 14:56:08,899 [pool-429-thread-1] INFO  server.RaftServerConfigKeys (ConfUtils.java:logGet(43)) - raft.server.log.segment.cache.num.max = 2 (custom)
2019-09-19 14:56:08,899 [pool-429-thread-1] INFO  segmented.SegmentedRaftLogWorker (SegmentedRaftLogWorker.java:<init>(172)) - new 788f10a7-df1a-4cb8-be9d-a4f63e5e0cc9@group-EEF6089ADCDD-SegmentedRaftLogWorker for RaftStorage:Storage Directory /workdir/hadoop-ozone/integration-test/target/test-dir/MiniOzoneClusterImpl-99c120a9-ba08-420c-a34c-f177dbe2ba07/datanode-2/data/ratis/2302d1cd-cb91-456d-949d-eef6089adcdd
2019-09-19 14:56:08,898 [pool-419-thread-1] INFO  server.RaftServerConfigKeys (ConfUtils.java:logGet(43)) - raft.server.log.purge.gap = 1000000 (custom)
2019-09-19 14:56:08,899 [pool-429-thread-1] INFO  server.RaftServerConfigKeys (ConfUtils.java:logGet(43)) - raft.server.log.queue.byte-limit = 2147483647 (custom)
2019-09-19 14:56:08,899 [pool-409-thread-1] INFO  server.RaftServerConfigKeys (ConfUtils.java:logGet(43)) - raft.server.log.purge.gap = 1000000 (custom)
2019-09-19 14:56:08,899 [pool-429-thread-1] INFO  server.RaftServerConfigKeys (ConfUtils.java:logGet(43)) - raft.server.log.queue.element-limit = 1024 (custom)
2019-09-19 14:56:08,899 [pool-419-thread-1] INFO  server.RaftServerConfigKeys (ConfUtils.java:logGet(43)) - raft.server.log.appender.buffer.byte-limit = 33554432 (custom)
2019-09-19 14:56:08,900 [pool-429-thread-1] INFO  server.RaftServerConfigKeys (ConfUtils.java:logGet(43)) - raft.server.log.segment.size.max = 1048576 (custom)
2019-09-19 14:56:08,900 [pool-429-thread-1] INFO  server.RaftServerConfigKeys (ConfUtils.java:logGet(43)) - raft.server.log.preallocated.size = 16384 (custom)
2019-09-19 14:56:08,899 [pool-409-thread-1] INFO  server.RaftServerConfigKeys (ConfUtils.java:logGet(43)) - raft.server.log.appender.buffer.byte-limit = 33554432 (custom)
2019-09-19 14:56:08,900 [pool-429-thread-1] INFO  server.RaftServerConfigKeys (ConfUtils.java:logGet(43)) - raft.server.log.write.buffer.size = 33554432 (custom)
2019-09-19 14:56:08,900 [pool-419-thread-1] INFO  server.RaftServerConfigKeys (ConfUtils.java:logGet(43)) - raft.server.log.segment.size.max = 1048576 (custom)
2019-09-19 14:56:08,900 [pool-429-thread-1] INFO  server.RaftServerConfigKeys (ConfUtils.java:logGet(43)) - raft.server.log.force.sync.num = 128 (default)
2019-09-19 14:56:08,900 [pool-409-thread-1] INFO  server.RaftServerConfigKeys (ConfUtils.java:logGet(43)) - raft.server.log.segment.size.max = 1048576 (custom)
2019-09-19 14:56:08,901 [pool-429-thread-1] INFO  server.RaftServerConfigKeys (ConfUtils.java:logGet(43)) - raft.server.log.statemachine.data.sync = true (default)
2019-09-19 14:56:08,900 [pool-419-thread-1] INFO  server.RaftServerConfigKeys (ConfUtils.java:logGet(43)) - raft.server.log.segment.cache.num.max = 2 (custom)
2019-09-19 14:56:08,901 [pool-429-thread-1] INFO  server.RaftServerConfigKeys (ConfUtils.java:logGet(43)) - raft.server.log.statemachine.data.sync.timeout = 10s (default)
2019-09-19 14:56:08,901 [pool-409-thread-1] INFO  server.RaftServerConfigKeys (ConfUtils.java:logGet(43)) - raft.server.log.segment.cache.num.max = 2 (custom)
2019-09-19 14:56:08,901 [pool-429-thread-1] INFO  server.RaftServerConfigKeys (ConfUtils.java:logGet(43)) - raft.server.log.statemachine.data.sync.timeout.retry = -1 (default)
2019-09-19 14:56:08,901 [pool-419-thread-1] INFO  segmented.SegmentedRaftLogWorker (SegmentedRaftLogWorker.java:<init>(172)) - new 3d5530de-0751-4f46-9b90-87f3bfa7393e@group-EEF6089ADCDD-SegmentedRaftLogWorker for RaftStorage:Storage Directory /workdir/hadoop-ozone/integration-test/target/test-dir/MiniOzoneClusterImpl-99c120a9-ba08-420c-a34c-f177dbe2ba07/datanode-1/data/ratis/2302d1cd-cb91-456d-949d-eef6089adcdd
2019-09-19 14:56:08,901 [pool-429-thread-1] INFO  server.RaftServerConfigKeys (ConfUtils.java:logGet(43)) - raft.server.log.statemachine.data.caching.enabled = true (custom)
2019-09-19 14:56:08,901 [pool-409-thread-1] INFO  segmented.SegmentedRaftLogWorker (SegmentedRaftLogWorker.java:<init>(172)) - new bf13c666-9333-4478-bd2b-7df3f9fc008b@group-EEF6089ADCDD-SegmentedRaftLogWorker for RaftStorage:Storage Directory /workdir/hadoop-ozone/integration-test/target/test-dir/MiniOzoneClusterImpl-99c120a9-ba08-420c-a34c-f177dbe2ba07/datanode-0/data/ratis/2302d1cd-cb91-456d-949d-eef6089adcdd
2019-09-19 14:56:08,901 [pool-419-thread-1] INFO  server.RaftServerConfigKeys (ConfUtils.java:logGet(43)) - raft.server.log.queue.byte-limit = 2147483647 (custom)
2019-09-19 14:56:08,902 [pool-429-thread-1] INFO  segmented.SegmentedRaftLogWorker (SegmentedRaftLogWorker.java:lambda$new$0(132)) - 788f10a7-df1a-4cb8-be9d-a4f63e5e0cc9@group-EEF6089ADCDD-SegmentedRaftLogWorker: flushIndex: setUnconditionally 0 -> -1
2019-09-19 14:56:08,902 [pool-409-thread-1] INFO  server.RaftServerConfigKeys (ConfUtils.java:logGet(43)) - raft.server.log.queue.byte-limit = 2147483647 (custom)
2019-09-19 14:56:08,902 [pool-419-thread-1] INFO  server.RaftServerConfigKeys (ConfUtils.java:logGet(43)) - raft.server.log.queue.element-limit = 1024 (custom)
2019-09-19 14:56:08,902 [pool-429-thread-1] INFO  server.RaftServerConfigKeys (ConfUtils.java:logGet(43)) - raft.server.snapshot.auto.trigger.enabled = true (custom)
2019-09-19 14:56:08,902 [pool-409-thread-1] INFO  server.RaftServerConfigKeys (ConfUtils.java:logGet(43)) - raft.server.log.queue.element-limit = 1024 (custom)
2019-09-19 14:56:08,902 [pool-429-thread-1] INFO  server.RaftServerConfigKeys (ConfUtils.java:logGet(43)) - raft.server.snapshot.auto.trigger.threshold = 10000 (custom)
2019-09-19 14:56:08,902 [pool-419-thread-1] INFO  server.RaftServerConfigKeys (ConfUtils.java:logGet(43)) - raft.server.log.segment.size.max = 1048576 (custom)
2019-09-19 14:56:08,903 [pool-429-thread-1] INFO  server.RaftServerConfigKeys (ConfUtils.java:logGet(43)) - raft.server.snapshot.retention.num.files = 5 (custom)
2019-09-19 14:56:08,903 [pool-409-thread-1] INFO  server.RaftServerConfigKeys (ConfUtils.java:logGet(43)) - raft.server.log.segment.size.max = 1048576 (custom)
2019-09-19 14:56:08,903 [pool-429-thread-1] INFO  server.RaftServerConfigKeys (ConfUtils.java:logGet(43)) - raft.server.retrycache.expirytime = 600000ms (custom)
2019-09-19 14:56:08,903 [pool-419-thread-1] INFO  server.RaftServerConfigKeys (ConfUtils.java:logGet(43)) - raft.server.log.preallocated.size = 16384 (custom)
2019-09-19 14:56:08,903 [pool-409-thread-1] INFO  server.RaftServerConfigKeys (ConfUtils.java:logGet(43)) - raft.server.log.preallocated.size = 16384 (custom)
2019-09-19 14:56:08,903 [pool-419-thread-1] INFO  server.RaftServerConfigKeys (ConfUtils.java:logGet(43)) - raft.server.log.write.buffer.size = 33554432 (custom)
2019-09-19 14:56:08,903 [pool-409-thread-1] INFO  server.RaftServerConfigKeys (ConfUtils.java:logGet(43)) - raft.server.log.write.buffer.size = 33554432 (custom)
2019-09-19 14:56:08,904 [pool-419-thread-1] INFO  server.RaftServerConfigKeys (ConfUtils.java:logGet(43)) - raft.server.log.force.sync.num = 128 (default)
2019-09-19 14:56:08,904 [pool-409-thread-1] INFO  server.RaftServerConfigKeys (ConfUtils.java:logGet(43)) - raft.server.log.force.sync.num = 128 (default)
2019-09-19 14:56:08,904 [pool-419-thread-1] INFO  server.RaftServerConfigKeys (ConfUtils.java:logGet(43)) - raft.server.log.statemachine.data.sync = true (default)
2019-09-19 14:56:08,904 [pool-409-thread-1] INFO  server.RaftServerConfigKeys (ConfUtils.java:logGet(43)) - raft.server.log.statemachine.data.sync = true (default)
2019-09-19 14:56:08,904 [pool-419-thread-1] INFO  server.RaftServerConfigKeys (ConfUtils.java:logGet(43)) - raft.server.log.statemachine.data.sync.timeout = 10s (default)
2019-09-19 14:56:08,904 [pool-409-thread-1] INFO  server.RaftServerConfigKeys (ConfUtils.java:logGet(43)) - raft.server.log.statemachine.data.sync.timeout = 10s (default)
2019-09-19 14:56:08,904 [pool-419-thread-1] INFO  server.RaftServerConfigKeys (ConfUtils.java:logGet(43)) - raft.server.log.statemachine.data.sync.timeout.retry = -1 (default)
2019-09-19 14:56:08,905 [pool-409-thread-1] INFO  server.RaftServerConfigKeys (ConfUtils.java:logGet(43)) - raft.server.log.statemachine.data.sync.timeout.retry = -1 (default)
2019-09-19 14:56:08,905 [pool-419-thread-1] INFO  server.RaftServerConfigKeys (ConfUtils.java:logGet(43)) - raft.server.log.statemachine.data.caching.enabled = true (custom)
2019-09-19 14:56:08,905 [pool-409-thread-1] INFO  server.RaftServerConfigKeys (ConfUtils.java:logGet(43)) - raft.server.log.statemachine.data.caching.enabled = true (custom)
2019-09-19 14:56:08,905 [pool-429-thread-1] INFO  impl.RaftServerImpl (RaftServerImpl.java:start(185)) - 788f10a7-df1a-4cb8-be9d-a4f63e5e0cc9@group-EEF6089ADCDD: start as a follower, conf=-1: [788f10a7-df1a-4cb8-be9d-a4f63e5e0cc9:192.168.34.4:35597, 3d5530de-0751-4f46-9b90-87f3bfa7393e:192.168.34.4:40485, bf13c666-9333-4478-bd2b-7df3f9fc008b:192.168.34.4:35164], old=null
2019-09-19 14:56:08,905 [pool-409-thread-1] INFO  segmented.SegmentedRaftLogWorker (SegmentedRaftLogWorker.java:lambda$new$0(132)) - bf13c666-9333-4478-bd2b-7df3f9fc008b@group-EEF6089ADCDD-SegmentedRaftLogWorker: flushIndex: setUnconditionally 0 -> -1
2019-09-19 14:56:08,905 [pool-419-thread-1] INFO  segmented.SegmentedRaftLogWorker (SegmentedRaftLogWorker.java:lambda$new$0(132)) - 3d5530de-0751-4f46-9b90-87f3bfa7393e@group-EEF6089ADCDD-SegmentedRaftLogWorker: flushIndex: setUnconditionally 0 -> -1
2019-09-19 14:56:08,906 [pool-409-thread-1] INFO  server.RaftServerConfigKeys (ConfUtils.java:logGet(43)) - raft.server.snapshot.auto.trigger.enabled = true (custom)
2019-09-19 14:56:08,905 [pool-429-thread-1] INFO  impl.RaftServerImpl (RaftServerImpl.java:setRole(174)) - 788f10a7-df1a-4cb8-be9d-a4f63e5e0cc9@group-EEF6089ADCDD: changes role from      null to FOLLOWER at term 0 for startAsFollower
2019-09-19 14:56:08,906 [pool-419-thread-1] INFO  server.RaftServerConfigKeys (ConfUtils.java:logGet(43)) - raft.server.snapshot.auto.trigger.enabled = true (custom)
2019-09-19 14:56:08,906 [pool-409-thread-1] INFO  server.RaftServerConfigKeys (ConfUtils.java:logGet(43)) - raft.server.snapshot.auto.trigger.threshold = 10000 (custom)
2019-09-19 14:56:08,906 [pool-419-thread-1] INFO  server.RaftServerConfigKeys (ConfUtils.java:logGet(43)) - raft.server.snapshot.auto.trigger.threshold = 10000 (custom)
2019-09-19 14:56:08,906 [pool-419-thread-1] INFO  server.RaftServerConfigKeys (ConfUtils.java:logGet(43)) - raft.server.snapshot.retention.num.files = 5 (custom)
2019-09-19 14:56:08,906 [pool-429-thread-1] INFO  impl.RoleInfo (RoleInfo.java:updateAndGet(143)) - 788f10a7-df1a-4cb8-be9d-a4f63e5e0cc9: start FollowerState
2019-09-19 14:56:08,906 [pool-419-thread-1] INFO  server.RaftServerConfigKeys (ConfUtils.java:logGet(43)) - raft.server.retrycache.expirytime = 600000ms (custom)
2019-09-19 14:56:08,906 [pool-409-thread-1] INFO  server.RaftServerConfigKeys (ConfUtils.java:logGet(43)) - raft.server.snapshot.retention.num.files = 5 (custom)
2019-09-19 14:56:08,907 [pool-409-thread-1] INFO  server.RaftServerConfigKeys (ConfUtils.java:logGet(43)) - raft.server.retrycache.expirytime = 600000ms (custom)
2019-09-19 14:56:08,907 [pool-429-thread-1] INFO  util.JmxRegister (JmxRegister.java:tryRegister(44)) - Successfully registered JMX Bean with object name Ratis:service=RaftServer,group=group-EEF6089ADCDD,id=788f10a7-df1a-4cb8-be9d-a4f63e5e0cc9
2019-09-19 14:56:08,913 [pool-419-thread-1] INFO  impl.RaftServerImpl (RaftServerImpl.java:start(185)) - 3d5530de-0751-4f46-9b90-87f3bfa7393e@group-EEF6089ADCDD: start as a follower, conf=-1: [788f10a7-df1a-4cb8-be9d-a4f63e5e0cc9:192.168.34.4:35597, 3d5530de-0751-4f46-9b90-87f3bfa7393e:192.168.34.4:40485, bf13c666-9333-4478-bd2b-7df3f9fc008b:192.168.34.4:35164], old=null
2019-09-19 14:56:08,913 [pool-409-thread-1] INFO  impl.RaftServerImpl (RaftServerImpl.java:start(185)) - bf13c666-9333-4478-bd2b-7df3f9fc008b@group-EEF6089ADCDD: start as a follower, conf=-1: [788f10a7-df1a-4cb8-be9d-a4f63e5e0cc9:192.168.34.4:35597, 3d5530de-0751-4f46-9b90-87f3bfa7393e:192.168.34.4:40485, bf13c666-9333-4478-bd2b-7df3f9fc008b:192.168.34.4:35164], old=null
2019-09-19 14:56:08,913 [pool-419-thread-1] INFO  impl.RaftServerImpl (RaftServerImpl.java:setRole(174)) - 3d5530de-0751-4f46-9b90-87f3bfa7393e@group-EEF6089ADCDD: changes role from      null to FOLLOWER at term 0 for startAsFollower
2019-09-19 14:56:08,913 [pool-409-thread-1] INFO  impl.RaftServerImpl (RaftServerImpl.java:setRole(174)) - bf13c666-9333-4478-bd2b-7df3f9fc008b@group-EEF6089ADCDD: changes role from      null to FOLLOWER at term 0 for startAsFollower
2019-09-19 14:56:08,913 [pool-419-thread-1] INFO  impl.RoleInfo (RoleInfo.java:updateAndGet(143)) - 3d5530de-0751-4f46-9b90-87f3bfa7393e: start FollowerState
2019-09-19 14:56:08,913 [pool-409-thread-1] INFO  impl.RoleInfo (RoleInfo.java:updateAndGet(143)) - bf13c666-9333-4478-bd2b-7df3f9fc008b: start FollowerState
2019-09-19 14:56:08,922 [pool-419-thread-1] INFO  util.JmxRegister (JmxRegister.java:tryRegister(44)) - Successfully registered JMX Bean with object name Ratis:service=RaftServer,group=group-EEF6089ADCDD,id=3d5530de-0751-4f46-9b90-87f3bfa7393e
2019-09-19 14:56:08,923 [pool-409-thread-1] INFO  util.JmxRegister (JmxRegister.java:tryRegister(44)) - Successfully registered JMX Bean with object name Ratis:service=RaftServer,group=group-EEF6089ADCDD,id=bf13c666-9333-4478-bd2b-7df3f9fc008b
2019-09-19 14:56:08,938 [RatisPipelineUtilsThread] INFO  pipeline.PipelineStateManager (PipelineStateManager.java:addPipeline(56)) - Created pipeline Pipeline[ Id: 2302d1cd-cb91-456d-949d-eef6089adcdd, Nodes: bf13c666-9333-4478-bd2b-7df3f9fc008b{ip: 192.168.34.4, host: pr-hdds-2151-jsxwx-3911445914, networkLocation: /default-rack, certSerialId: null}3d5530de-0751-4f46-9b90-87f3bfa7393e{ip: 192.168.34.4, host: pr-hdds-2151-jsxwx-3911445914, networkLocation: /default-rack, certSerialId: null}788f10a7-df1a-4cb8-be9d-a4f63e5e0cc9{ip: 192.168.34.4, host: pr-hdds-2151-jsxwx-3911445914, networkLocation: /default-rack, certSerialId: null}, Type:RATIS, Factor:THREE, State:OPEN]
2019-09-19 14:56:08,961 [IPC Server handler 18 on 46576] INFO  net.NetworkTopology (NetworkTopologyImpl.java:add(111)) - Added a new node: /default-rack/0e9a5d88-1690-4d3c-993b-d1eb442bc938
2019-09-19 14:56:08,961 [IPC Server handler 18 on 46576] INFO  node.SCMNodeManager (SCMNodeManager.java:register(266)) - Registered Data node : 0e9a5d88-1690-4d3c-993b-d1eb442bc938{ip: 192.168.34.4, host: pr-hdds-2151-jsxwx-3911445914, networkLocation: /default-rack, certSerialId: null}
2019-09-19 14:56:08,982 [grpc-default-executor-6] INFO  impl.RaftServerProxy (RaftServerProxy.java:addNew(89)) - 0d3107a9-04ba-472f-b8eb-753278bc281d: addNew group-6EE41BD8A996:[0d3107a9-04ba-472f-b8eb-753278bc281d:192.168.34.4:41260] returns group-6EE41BD8A996:java.util.concurrent.CompletableFuture@3850e8de[Not completed]
2019-09-19 14:56:08,987 [pool-439-thread-1] INFO  impl.RaftServerImpl (RaftServerImpl.java:<init>(95)) - 0d3107a9-04ba-472f-b8eb-753278bc281d: new RaftServerImpl for group-6EE41BD8A996:[0d3107a9-04ba-472f-b8eb-753278bc281d:192.168.34.4:41260] with ContainerStateMachine:uninitialized
2019-09-19 14:56:08,987 [pool-439-thread-1] INFO  server.RaftServerConfigKeys (ConfUtils.java:logGet(43)) - raft.server.rpc.timeout.min = 5s (custom)
2019-09-19 14:56:08,987 [pool-439-thread-1] INFO  server.RaftServerConfigKeys (ConfUtils.java:logGet(43)) - raft.server.rpc.timeout.max = 5200ms (custom)
2019-09-19 14:56:08,987 [pool-439-thread-1] INFO  server.RaftServerConfigKeys (ConfUtils.java:logGet(43)) - raft.server.rpcslowness.timeout = 120s (custom)
2019-09-19 14:56:08,987 [pool-439-thread-1] INFO  server.RaftServerConfigKeys (ConfUtils.java:logGet(43)) - raft.server.sleep.deviation.threshold = 300 (default)
2019-09-19 14:56:08,988 [pool-439-thread-1] INFO  server.RaftServerConfigKeys (ConfUtils.java:logGet(43)) - raft.server.log.appender.install.snapshot.enabled = false (custom)
2019-09-19 14:56:08,988 [pool-439-thread-1] INFO  impl.RaftServerImpl (ServerState.java:<init>(103)) - 0d3107a9-04ba-472f-b8eb-753278bc281d@group-6EE41BD8A996: ConfigurationManager, init=-1: [0d3107a9-04ba-472f-b8eb-753278bc281d:192.168.34.4:41260], old=null, confs=<EMPTY_MAP>
2019-09-19 14:56:08,988 [pool-439-thread-1] INFO  server.RaftServerConfigKeys (ConfUtils.java:logGet(43)) - raft.server.storage.dir = [/workdir/hadoop-ozone/integration-test/target/test-dir/MiniOzoneClusterImpl-99c120a9-ba08-420c-a34c-f177dbe2ba07/datanode-3/data/ratis] (custom)
2019-09-19 14:56:08,989 [pool-439-thread-1] INFO  storage.RaftStorageDirectory (RaftStorageDirectory.java:analyzeStorage(246)) - The storage directory /workdir/hadoop-ozone/integration-test/target/test-dir/MiniOzoneClusterImpl-99c120a9-ba08-420c-a34c-f177dbe2ba07/datanode-3/data/ratis/1a5a4a2d-9736-4e9e-bab7-6ee41bd8a996 does not exist. Creating ...
2019-09-19 14:56:09,001 [pool-439-thread-1] INFO  storage.RaftStorageDirectory (RaftStorageDirectory.java:tryLock(328)) - Lock on /workdir/hadoop-ozone/integration-test/target/test-dir/MiniOzoneClusterImpl-99c120a9-ba08-420c-a34c-f177dbe2ba07/datanode-3/data/ratis/1a5a4a2d-9736-4e9e-bab7-6ee41bd8a996/in_use.lock acquired by nodename 4180@pr-hdds-2151-jsxwx-3911445914
2019-09-19 14:56:09,019 [pool-439-thread-1] INFO  storage.RaftStorage (RaftStorage.java:format(72)) - Storage directory /workdir/hadoop-ozone/integration-test/target/test-dir/MiniOzoneClusterImpl-99c120a9-ba08-420c-a34c-f177dbe2ba07/datanode-3/data/ratis/1a5a4a2d-9736-4e9e-bab7-6ee41bd8a996 has been successfully formatted.
2019-09-19 14:56:09,020 [pool-439-thread-1] INFO  ratis.ContainerStateMachine (ContainerStateMachine.java:loadSnapshot(230)) - group-6EE41BD8A996: The snapshot info is null. Setting the last applied indexto:(t:0, i:~)
2019-09-19 14:56:09,020 [pool-439-thread-1] INFO  server.RaftServerConfigKeys (ConfUtils.java:logGet(43)) - raft.server.notification.no-leader.timeout = 120s (custom)
2019-09-19 14:56:09,020 [pool-439-thread-1] INFO  server.RaftServerConfigKeys (ConfUtils.java:logGet(43)) - raft.server.log.use.memory = false (default)
2019-09-19 14:56:09,020 [pool-439-thread-1] INFO  server.RaftServerConfigKeys (ConfUtils.java:logGet(43)) - raft.server.log.purge.gap = 1000000 (custom)
2019-09-19 14:56:09,021 [pool-439-thread-1] INFO  server.RaftServerConfigKeys (ConfUtils.java:logGet(43)) - raft.server.log.appender.buffer.byte-limit = 33554432 (custom)
2019-09-19 14:56:09,021 [pool-439-thread-1] INFO  server.RaftServerConfigKeys (ConfUtils.java:logGet(43)) - raft.server.log.segment.size.max = 1048576 (custom)
2019-09-19 14:56:09,021 [pool-439-thread-1] INFO  server.RaftServerConfigKeys (ConfUtils.java:logGet(43)) - raft.server.log.segment.cache.num.max = 2 (custom)
2019-09-19 14:56:09,021 [pool-439-thread-1] INFO  segmented.SegmentedRaftLogWorker (SegmentedRaftLogWorker.java:<init>(172)) - new 0d3107a9-04ba-472f-b8eb-753278bc281d@group-6EE41BD8A996-SegmentedRaftLogWorker for RaftStorage:Storage Directory /workdir/hadoop-ozone/integration-test/target/test-dir/MiniOzoneClusterImpl-99c120a9-ba08-420c-a34c-f177dbe2ba07/datanode-3/data/ratis/1a5a4a2d-9736-4e9e-bab7-6ee41bd8a996
2019-09-19 14:56:09,023 [pool-439-thread-1] INFO  server.RaftServerConfigKeys (ConfUtils.java:logGet(43)) - raft.server.log.queue.byte-limit = 2147483647 (custom)
2019-09-19 14:56:09,024 [pool-439-thread-1] INFO  server.RaftServerConfigKeys (ConfUtils.java:logGet(43)) - raft.server.log.queue.element-limit = 1024 (custom)
2019-09-19 14:56:09,024 [pool-439-thread-1] INFO  server.RaftServerConfigKeys (ConfUtils.java:logGet(43)) - raft.server.log.segment.size.max = 1048576 (custom)
2019-09-19 14:56:09,024 [pool-439-thread-1] INFO  server.RaftServerConfigKeys (ConfUtils.java:logGet(43)) - raft.server.log.preallocated.size = 16384 (custom)
2019-09-19 14:56:09,024 [pool-439-thread-1] INFO  server.RaftServerConfigKeys (ConfUtils.java:logGet(43)) - raft.server.log.write.buffer.size = 33554432 (custom)
2019-09-19 14:56:09,024 [pool-439-thread-1] INFO  server.RaftServerConfigKeys (ConfUtils.java:logGet(43)) - raft.server.log.force.sync.num = 128 (default)
2019-09-19 14:56:09,024 [pool-439-thread-1] INFO  server.RaftServerConfigKeys (ConfUtils.java:logGet(43)) - raft.server.log.statemachine.data.sync = true (default)
2019-09-19 14:56:09,024 [pool-439-thread-1] INFO  server.RaftServerConfigKeys (ConfUtils.java:logGet(43)) - raft.server.log.statemachine.data.sync.timeout = 10s (default)
2019-09-19 14:56:09,025 [pool-439-thread-1] INFO  server.RaftServerConfigKeys (ConfUtils.java:logGet(43)) - raft.server.log.statemachine.data.sync.timeout.retry = -1 (default)
2019-09-19 14:56:09,025 [pool-439-thread-1] INFO  server.RaftServerConfigKeys (ConfUtils.java:logGet(43)) - raft.server.log.statemachine.data.caching.enabled = true (custom)
2019-09-19 14:56:09,025 [pool-439-thread-1] INFO  segmented.SegmentedRaftLogWorker (SegmentedRaftLogWorker.java:lambda$new$0(132)) - 0d3107a9-04ba-472f-b8eb-753278bc281d@group-6EE41BD8A996-SegmentedRaftLogWorker: flushIndex: setUnconditionally 0 -> -1
2019-09-19 14:56:09,026 [pool-439-thread-1] INFO  server.RaftServerConfigKeys (ConfUtils.java:logGet(43)) - raft.server.snapshot.auto.trigger.enabled = true (custom)
2019-09-19 14:56:09,026 [pool-439-thread-1] INFO  server.RaftServerConfigKeys (ConfUtils.java:logGet(43)) - raft.server.snapshot.auto.trigger.threshold = 10000 (custom)
2019-09-19 14:56:09,026 [pool-439-thread-1] INFO  server.RaftServerConfigKeys (ConfUtils.java:logGet(43)) - raft.server.snapshot.retention.num.files = 5 (custom)
2019-09-19 14:56:09,026 [pool-439-thread-1] INFO  server.RaftServerConfigKeys (ConfUtils.java:logGet(43)) - raft.server.retrycache.expirytime = 600000ms (custom)
2019-09-19 14:56:09,028 [pool-439-thread-1] INFO  impl.RaftServerImpl (RaftServerImpl.java:start(185)) - 0d3107a9-04ba-472f-b8eb-753278bc281d@group-6EE41BD8A996: start as a follower, conf=-1: [0d3107a9-04ba-472f-b8eb-753278bc281d:192.168.34.4:41260], old=null
2019-09-19 14:56:09,028 [pool-439-thread-1] INFO  impl.RaftServerImpl (RaftServerImpl.java:setRole(174)) - 0d3107a9-04ba-472f-b8eb-753278bc281d@group-6EE41BD8A996: changes role from      null to FOLLOWER at term 0 for startAsFollower
2019-09-19 14:56:09,029 [pool-439-thread-1] INFO  impl.RoleInfo (RoleInfo.java:updateAndGet(143)) - 0d3107a9-04ba-472f-b8eb-753278bc281d: start FollowerState
2019-09-19 14:56:09,029 [pool-439-thread-1] INFO  util.JmxRegister (JmxRegister.java:tryRegister(44)) - Successfully registered JMX Bean with object name Ratis:service=RaftServer,group=group-6EE41BD8A996,id=0d3107a9-04ba-472f-b8eb-753278bc281d
2019-09-19 14:56:09,035 [RatisPipelineUtilsThread] INFO  pipeline.PipelineStateManager (PipelineStateManager.java:addPipeline(56)) - Created pipeline Pipeline[ Id: 1a5a4a2d-9736-4e9e-bab7-6ee41bd8a996, Nodes: 0d3107a9-04ba-472f-b8eb-753278bc281d{ip: 192.168.34.4, host: pr-hdds-2151-jsxwx-3911445914, networkLocation: /default-rack, certSerialId: null}, Type:RATIS, Factor:ONE, State:OPEN]
2019-09-19 14:56:09,039 [IPC Server handler 1 on 46576] INFO  net.NetworkTopology (NetworkTopologyImpl.java:add(111)) - Added a new node: /default-rack/9541d083-5ce9-4e0f-acb1-c0874f3633f2
2019-09-19 14:56:09,039 [IPC Server handler 1 on 46576] INFO  node.SCMNodeManager (SCMNodeManager.java:register(266)) - Registered Data node : 9541d083-5ce9-4e0f-acb1-c0874f3633f2{ip: 192.168.34.4, host: pr-hdds-2151-jsxwx-3911445914, networkLocation: /default-rack, certSerialId: null}
2019-09-19 14:56:09,046 [grpc-default-executor-6] INFO  impl.RaftServerProxy (RaftServerProxy.java:addNew(89)) - 0e9a5d88-1690-4d3c-993b-d1eb442bc938: addNew group-E41EB84E7DFA:[0e9a5d88-1690-4d3c-993b-d1eb442bc938:192.168.34.4:41272] returns group-E41EB84E7DFA:java.util.concurrent.CompletableFuture@af9c7bd[Not completed]
2019-09-19 14:56:09,048 [pool-449-thread-1] INFO  impl.RaftServerImpl (RaftServerImpl.java:<init>(95)) - 0e9a5d88-1690-4d3c-993b-d1eb442bc938: new RaftServerImpl for group-E41EB84E7DFA:[0e9a5d88-1690-4d3c-993b-d1eb442bc938:192.168.34.4:41272] with ContainerStateMachine:uninitialized
2019-09-19 14:56:09,048 [pool-449-thread-1] INFO  server.RaftServerConfigKeys (ConfUtils.java:logGet(43)) - raft.server.rpc.timeout.min = 5s (custom)
2019-09-19 14:56:09,048 [pool-449-thread-1] INFO  server.RaftServerConfigKeys (ConfUtils.java:logGet(43)) - raft.server.rpc.timeout.max = 5200ms (custom)
2019-09-19 14:56:09,048 [pool-449-thread-1] INFO  server.RaftServerConfigKeys (ConfUtils.java:logGet(43)) - raft.server.rpcslowness.timeout = 120s (custom)
2019-09-19 14:56:09,048 [pool-449-thread-1] INFO  server.RaftServerConfigKeys (ConfUtils.java:logGet(43)) - raft.server.sleep.deviation.threshold = 300 (default)
2019-09-19 14:56:09,049 [pool-449-thread-1] INFO  server.RaftServerConfigKeys (ConfUtils.java:logGet(43)) - raft.server.log.appender.install.snapshot.enabled = false (custom)
2019-09-19 14:56:09,049 [pool-449-thread-1] INFO  impl.RaftServerImpl (ServerState.java:<init>(103)) - 0e9a5d88-1690-4d3c-993b-d1eb442bc938@group-E41EB84E7DFA: ConfigurationManager, init=-1: [0e9a5d88-1690-4d3c-993b-d1eb442bc938:192.168.34.4:41272], old=null, confs=<EMPTY_MAP>
2019-09-19 14:56:09,049 [pool-449-thread-1] INFO  server.RaftServerConfigKeys (ConfUtils.java:logGet(43)) - raft.server.storage.dir = [/workdir/hadoop-ozone/integration-test/target/test-dir/MiniOzoneClusterImpl-99c120a9-ba08-420c-a34c-f177dbe2ba07/datanode-4/data/ratis] (custom)
2019-09-19 14:56:09,049 [pool-449-thread-1] INFO  storage.RaftStorageDirectory (RaftStorageDirectory.java:analyzeStorage(246)) - The storage directory /workdir/hadoop-ozone/integration-test/target/test-dir/MiniOzoneClusterImpl-99c120a9-ba08-420c-a34c-f177dbe2ba07/datanode-4/data/ratis/1f5d75b9-ee89-43bd-9cfe-e41eb84e7dfa does not exist. Creating ...
2019-09-19 14:56:09,062 [pool-449-thread-1] INFO  storage.RaftStorageDirectory (RaftStorageDirectory.java:tryLock(328)) - Lock on /workdir/hadoop-ozone/integration-test/target/test-dir/MiniOzoneClusterImpl-99c120a9-ba08-420c-a34c-f177dbe2ba07/datanode-4/data/ratis/1f5d75b9-ee89-43bd-9cfe-e41eb84e7dfa/in_use.lock acquired by nodename 4180@pr-hdds-2151-jsxwx-3911445914
2019-09-19 14:56:09,076 [pool-449-thread-1] INFO  storage.RaftStorage (RaftStorage.java:format(72)) - Storage directory /workdir/hadoop-ozone/integration-test/target/test-dir/MiniOzoneClusterImpl-99c120a9-ba08-420c-a34c-f177dbe2ba07/datanode-4/data/ratis/1f5d75b9-ee89-43bd-9cfe-e41eb84e7dfa has been successfully formatted.
2019-09-19 14:56:09,076 [pool-449-thread-1] INFO  ratis.ContainerStateMachine (ContainerStateMachine.java:loadSnapshot(230)) - group-E41EB84E7DFA: The snapshot info is null. Setting the last applied indexto:(t:0, i:~)
2019-09-19 14:56:09,076 [pool-449-thread-1] INFO  server.RaftServerConfigKeys (ConfUtils.java:logGet(43)) - raft.server.notification.no-leader.timeout = 120s (custom)
2019-09-19 14:56:09,076 [pool-449-thread-1] INFO  server.RaftServerConfigKeys (ConfUtils.java:logGet(43)) - raft.server.log.use.memory = false (default)
2019-09-19 14:56:09,076 [pool-449-thread-1] INFO  server.RaftServerConfigKeys (ConfUtils.java:logGet(43)) - raft.server.log.purge.gap = 1000000 (custom)
2019-09-19 14:56:09,077 [pool-449-thread-1] INFO  server.RaftServerConfigKeys (ConfUtils.java:logGet(43)) - raft.server.log.appender.buffer.byte-limit = 33554432 (custom)
2019-09-19 14:56:09,077 [pool-449-thread-1] INFO  server.RaftServerConfigKeys (ConfUtils.java:logGet(43)) - raft.server.log.segment.size.max = 1048576 (custom)
2019-09-19 14:56:09,077 [pool-449-thread-1] INFO  server.RaftServerConfigKeys (ConfUtils.java:logGet(43)) - raft.server.log.segment.cache.num.max = 2 (custom)
2019-09-19 14:56:09,077 [pool-449-thread-1] INFO  segmented.SegmentedRaftLogWorker (SegmentedRaftLogWorker.java:<init>(172)) - new 0e9a5d88-1690-4d3c-993b-d1eb442bc938@group-E41EB84E7DFA-SegmentedRaftLogWorker for RaftStorage:Storage Directory /workdir/hadoop-ozone/integration-test/target/test-dir/MiniOzoneClusterImpl-99c120a9-ba08-420c-a34c-f177dbe2ba07/datanode-4/data/ratis/1f5d75b9-ee89-43bd-9cfe-e41eb84e7dfa
2019-09-19 14:56:09,078 [pool-449-thread-1] INFO  server.RaftServerConfigKeys (ConfUtils.java:logGet(43)) - raft.server.log.queue.byte-limit = 2147483647 (custom)
2019-09-19 14:56:09,078 [pool-449-thread-1] INFO  server.RaftServerConfigKeys (ConfUtils.java:logGet(43)) - raft.server.log.queue.element-limit = 1024 (custom)
2019-09-19 14:56:09,078 [pool-449-thread-1] INFO  server.RaftServerConfigKeys (ConfUtils.java:logGet(43)) - raft.server.log.segment.size.max = 1048576 (custom)
2019-09-19 14:56:09,078 [pool-449-thread-1] INFO  server.RaftServerConfigKeys (ConfUtils.java:logGet(43)) - raft.server.log.preallocated.size = 16384 (custom)
2019-09-19 14:56:09,078 [pool-449-thread-1] INFO  server.RaftServerConfigKeys (ConfUtils.java:logGet(43)) - raft.server.log.write.buffer.size = 33554432 (custom)
2019-09-19 14:56:09,078 [pool-449-thread-1] INFO  server.RaftServerConfigKeys (ConfUtils.java:logGet(43)) - raft.server.log.force.sync.num = 128 (default)
2019-09-19 14:56:09,079 [pool-449-thread-1] INFO  server.RaftServerConfigKeys (ConfUtils.java:logGet(43)) - raft.server.log.statemachine.data.sync = true (default)
2019-09-19 14:56:09,079 [pool-449-thread-1] INFO  server.RaftServerConfigKeys (ConfUtils.java:logGet(43)) - raft.server.log.statemachine.data.sync.timeout = 10s (default)
2019-09-19 14:56:09,079 [pool-449-thread-1] INFO  server.RaftServerConfigKeys (ConfUtils.java:logGet(43)) - raft.server.log.statemachine.data.sync.timeout.retry = -1 (default)
2019-09-19 14:56:09,079 [pool-449-thread-1] INFO  server.RaftServerConfigKeys (ConfUtils.java:logGet(43)) - raft.server.log.statemachine.data.caching.enabled = true (custom)
2019-09-19 14:56:09,079 [pool-449-thread-1] INFO  segmented.SegmentedRaftLogWorker (SegmentedRaftLogWorker.java:lambda$new$0(132)) - 0e9a5d88-1690-4d3c-993b-d1eb442bc938@group-E41EB84E7DFA-SegmentedRaftLogWorker: flushIndex: setUnconditionally 0 -> -1
2019-09-19 14:56:09,079 [pool-449-thread-1] INFO  server.RaftServerConfigKeys (ConfUtils.java:logGet(43)) - raft.server.snapshot.auto.trigger.enabled = true (custom)
2019-09-19 14:56:09,079 [pool-449-thread-1] INFO  server.RaftServerConfigKeys (ConfUtils.java:logGet(43)) - raft.server.snapshot.auto.trigger.threshold = 10000 (custom)
2019-09-19 14:56:09,079 [pool-449-thread-1] INFO  server.RaftServerConfigKeys (ConfUtils.java:logGet(43)) - raft.server.snapshot.retention.num.files = 5 (custom)
2019-09-19 14:56:09,080 [pool-449-thread-1] INFO  server.RaftServerConfigKeys (ConfUtils.java:logGet(43)) - raft.server.retrycache.expirytime = 600000ms (custom)
2019-09-19 14:56:09,081 [pool-449-thread-1] INFO  impl.RaftServerImpl (RaftServerImpl.java:start(185)) - 0e9a5d88-1690-4d3c-993b-d1eb442bc938@group-E41EB84E7DFA: start as a follower, conf=-1: [0e9a5d88-1690-4d3c-993b-d1eb442bc938:192.168.34.4:41272], old=null
2019-09-19 14:56:09,081 [pool-449-thread-1] INFO  impl.RaftServerImpl (RaftServerImpl.java:setRole(174)) - 0e9a5d88-1690-4d3c-993b-d1eb442bc938@group-E41EB84E7DFA: changes role from      null to FOLLOWER at term 0 for startAsFollower
2019-09-19 14:56:09,081 [pool-449-thread-1] INFO  impl.RoleInfo (RoleInfo.java:updateAndGet(143)) - 0e9a5d88-1690-4d3c-993b-d1eb442bc938: start FollowerState
2019-09-19 14:56:09,081 [pool-449-thread-1] INFO  util.JmxRegister (JmxRegister.java:tryRegister(44)) - Successfully registered JMX Bean with object name Ratis:service=RaftServer,group=group-E41EB84E7DFA,id=0e9a5d88-1690-4d3c-993b-d1eb442bc938
2019-09-19 14:56:09,086 [RatisPipelineUtilsThread] INFO  pipeline.PipelineStateManager (PipelineStateManager.java:addPipeline(56)) - Created pipeline Pipeline[ Id: 1f5d75b9-ee89-43bd-9cfe-e41eb84e7dfa, Nodes: 0e9a5d88-1690-4d3c-993b-d1eb442bc938{ip: 192.168.34.4, host: pr-hdds-2151-jsxwx-3911445914, networkLocation: /default-rack, certSerialId: null}, Type:RATIS, Factor:ONE, State:OPEN]
2019-09-19 14:56:09,095 [grpc-default-executor-6] INFO  impl.RaftServerProxy (RaftServerProxy.java:addNew(89)) - 9541d083-5ce9-4e0f-acb1-c0874f3633f2: addNew group-3408A9FB9CBD:[9541d083-5ce9-4e0f-acb1-c0874f3633f2:192.168.34.4:46148] returns group-3408A9FB9CBD:java.util.concurrent.CompletableFuture@46d5a97a[Not completed]
2019-09-19 14:56:09,097 [pool-459-thread-1] INFO  impl.RaftServerImpl (RaftServerImpl.java:<init>(95)) - 9541d083-5ce9-4e0f-acb1-c0874f3633f2: new RaftServerImpl for group-3408A9FB9CBD:[9541d083-5ce9-4e0f-acb1-c0874f3633f2:192.168.34.4:46148] with ContainerStateMachine:uninitialized
2019-09-19 14:56:09,097 [pool-459-thread-1] INFO  server.RaftServerConfigKeys (ConfUtils.java:logGet(43)) - raft.server.rpc.timeout.min = 5s (custom)
2019-09-19 14:56:09,097 [pool-459-thread-1] INFO  server.RaftServerConfigKeys (ConfUtils.java:logGet(43)) - raft.server.rpc.timeout.max = 5200ms (custom)
2019-09-19 14:56:09,097 [pool-459-thread-1] INFO  server.RaftServerConfigKeys (ConfUtils.java:logGet(43)) - raft.server.rpcslowness.timeout = 120s (custom)
2019-09-19 14:56:09,097 [pool-459-thread-1] INFO  server.RaftServerConfigKeys (ConfUtils.java:logGet(43)) - raft.server.sleep.deviation.threshold = 300 (default)
2019-09-19 14:56:09,097 [pool-459-thread-1] INFO  server.RaftServerConfigKeys (ConfUtils.java:logGet(43)) - raft.server.log.appender.install.snapshot.enabled = false (custom)
2019-09-19 14:56:09,097 [pool-459-thread-1] INFO  impl.RaftServerImpl (ServerState.java:<init>(103)) - 9541d083-5ce9-4e0f-acb1-c0874f3633f2@group-3408A9FB9CBD: ConfigurationManager, init=-1: [9541d083-5ce9-4e0f-acb1-c0874f3633f2:192.168.34.4:46148], old=null, confs=<EMPTY_MAP>
2019-09-19 14:56:09,098 [pool-459-thread-1] INFO  server.RaftServerConfigKeys (ConfUtils.java:logGet(43)) - raft.server.storage.dir = [/workdir/hadoop-ozone/integration-test/target/test-dir/MiniOzoneClusterImpl-99c120a9-ba08-420c-a34c-f177dbe2ba07/datanode-5/data/ratis] (custom)
2019-09-19 14:56:09,098 [pool-459-thread-1] INFO  storage.RaftStorageDirectory (RaftStorageDirectory.java:analyzeStorage(246)) - The storage directory /workdir/hadoop-ozone/integration-test/target/test-dir/MiniOzoneClusterImpl-99c120a9-ba08-420c-a34c-f177dbe2ba07/datanode-5/data/ratis/8bd28c0c-7630-4542-b2a2-3408a9fb9cbd does not exist. Creating ...
2019-09-19 14:56:09,111 [pool-459-thread-1] INFO  storage.RaftStorageDirectory (RaftStorageDirectory.java:tryLock(328)) - Lock on /workdir/hadoop-ozone/integration-test/target/test-dir/MiniOzoneClusterImpl-99c120a9-ba08-420c-a34c-f177dbe2ba07/datanode-5/data/ratis/8bd28c0c-7630-4542-b2a2-3408a9fb9cbd/in_use.lock acquired by nodename 4180@pr-hdds-2151-jsxwx-3911445914
2019-09-19 14:56:09,116 [main] INFO  ozone.MiniOzoneClusterImpl (MiniOzoneClusterImpl.java:lambda$waitForClusterToBeReady$0(145)) - Waiting for cluster to be ready. Got 6 of 7 DN Heartbeats.
2019-09-19 14:56:09,116 [IPC Server handler 3 on 46576] INFO  net.NetworkTopology (NetworkTopologyImpl.java:add(111)) - Added a new node: /default-rack/c216299f-cbcf-4288-b39c-5bdcbace6c48
2019-09-19 14:56:09,117 [IPC Server handler 3 on 46576] INFO  node.SCMNodeManager (SCMNodeManager.java:register(266)) - Registered Data node : c216299f-cbcf-4288-b39c-5bdcbace6c48{ip: 192.168.34.4, host: pr-hdds-2151-jsxwx-3911445914, networkLocation: /default-rack, certSerialId: null}
2019-09-19 14:56:09,125 [pool-459-thread-1] INFO  storage.RaftStorage (RaftStorage.java:format(72)) - Storage directory /workdir/hadoop-ozone/integration-test/target/test-dir/MiniOzoneClusterImpl-99c120a9-ba08-420c-a34c-f177dbe2ba07/datanode-5/data/ratis/8bd28c0c-7630-4542-b2a2-3408a9fb9cbd has been successfully formatted.
2019-09-19 14:56:09,125 [pool-459-thread-1] INFO  ratis.ContainerStateMachine (ContainerStateMachine.java:loadSnapshot(230)) - group-3408A9FB9CBD: The snapshot info is null. Setting the last applied indexto:(t:0, i:~)
2019-09-19 14:56:09,125 [pool-459-thread-1] INFO  server.RaftServerConfigKeys (ConfUtils.java:logGet(43)) - raft.server.notification.no-leader.timeout = 120s (custom)
2019-09-19 14:56:09,125 [pool-459-thread-1] INFO  server.RaftServerConfigKeys (ConfUtils.java:logGet(43)) - raft.server.log.use.memory = false (default)
2019-09-19 14:56:09,125 [pool-459-thread-1] INFO  server.RaftServerConfigKeys (ConfUtils.java:logGet(43)) - raft.server.log.purge.gap = 1000000 (custom)
2019-09-19 14:56:09,125 [pool-459-thread-1] INFO  server.RaftServerConfigKeys (ConfUtils.java:logGet(43)) - raft.server.log.appender.buffer.byte-limit = 33554432 (custom)
2019-09-19 14:56:09,125 [pool-459-thread-1] INFO  server.RaftServerConfigKeys (ConfUtils.java:logGet(43)) - raft.server.log.segment.size.max = 1048576 (custom)
2019-09-19 14:56:09,126 [pool-459-thread-1] INFO  server.RaftServerConfigKeys (ConfUtils.java:logGet(43)) - raft.server.log.segment.cache.num.max = 2 (custom)
2019-09-19 14:56:09,126 [pool-459-thread-1] INFO  segmented.SegmentedRaftLogWorker (SegmentedRaftLogWorker.java:<init>(172)) - new 9541d083-5ce9-4e0f-acb1-c0874f3633f2@group-3408A9FB9CBD-SegmentedRaftLogWorker for RaftStorage:Storage Directory /workdir/hadoop-ozone/integration-test/target/test-dir/MiniOzoneClusterImpl-99c120a9-ba08-420c-a34c-f177dbe2ba07/datanode-5/data/ratis/8bd28c0c-7630-4542-b2a2-3408a9fb9cbd
2019-09-19 14:56:09,128 [pool-459-thread-1] INFO  server.RaftServerConfigKeys (ConfUtils.java:logGet(43)) - raft.server.log.queue.byte-limit = 2147483647 (custom)
2019-09-19 14:56:09,128 [pool-459-thread-1] INFO  server.RaftServerConfigKeys (ConfUtils.java:logGet(43)) - raft.server.log.queue.element-limit = 1024 (custom)
2019-09-19 14:56:09,128 [pool-459-thread-1] INFO  server.RaftServerConfigKeys (ConfUtils.java:logGet(43)) - raft.server.log.segment.size.max = 1048576 (custom)
2019-09-19 14:56:09,128 [pool-459-thread-1] INFO  server.RaftServerConfigKeys (ConfUtils.java:logGet(43)) - raft.server.log.preallocated.size = 16384 (custom)
2019-09-19 14:56:09,128 [pool-459-thread-1] INFO  server.RaftServerConfigKeys (ConfUtils.java:logGet(43)) - raft.server.log.write.buffer.size = 33554432 (custom)
2019-09-19 14:56:09,128 [pool-459-thread-1] INFO  server.RaftServerConfigKeys (ConfUtils.java:logGet(43)) - raft.server.log.force.sync.num = 128 (default)
2019-09-19 14:56:09,128 [pool-459-thread-1] INFO  server.RaftServerConfigKeys (ConfUtils.java:logGet(43)) - raft.server.log.statemachine.data.sync = true (default)
2019-09-19 14:56:09,128 [pool-459-thread-1] INFO  server.RaftServerConfigKeys (ConfUtils.java:logGet(43)) - raft.server.log.statemachine.data.sync.timeout = 10s (default)
2019-09-19 14:56:09,129 [pool-459-thread-1] INFO  server.RaftServerConfigKeys (ConfUtils.java:logGet(43)) - raft.server.log.statemachine.data.sync.timeout.retry = -1 (default)
2019-09-19 14:56:09,129 [pool-459-thread-1] INFO  server.RaftServerConfigKeys (ConfUtils.java:logGet(43)) - raft.server.log.statemachine.data.caching.enabled = true (custom)
2019-09-19 14:56:09,129 [pool-459-thread-1] INFO  segmented.SegmentedRaftLogWorker (SegmentedRaftLogWorker.java:lambda$new$0(132)) - 9541d083-5ce9-4e0f-acb1-c0874f3633f2@group-3408A9FB9CBD-SegmentedRaftLogWorker: flushIndex: setUnconditionally 0 -> -1
2019-09-19 14:56:09,129 [pool-459-thread-1] INFO  server.RaftServerConfigKeys (ConfUtils.java:logGet(43)) - raft.server.snapshot.auto.trigger.enabled = true (custom)
2019-09-19 14:56:09,130 [pool-459-thread-1] INFO  server.RaftServerConfigKeys (ConfUtils.java:logGet(43)) - raft.server.snapshot.auto.trigger.threshold = 10000 (custom)
2019-09-19 14:56:09,130 [pool-459-thread-1] INFO  server.RaftServerConfigKeys (ConfUtils.java:logGet(43)) - raft.server.snapshot.retention.num.files = 5 (custom)
2019-09-19 14:56:09,130 [pool-459-thread-1] INFO  server.RaftServerConfigKeys (ConfUtils.java:logGet(43)) - raft.server.retrycache.expirytime = 600000ms (custom)
2019-09-19 14:56:09,131 [pool-459-thread-1] INFO  impl.RaftServerImpl (RaftServerImpl.java:start(185)) - 9541d083-5ce9-4e0f-acb1-c0874f3633f2@group-3408A9FB9CBD: start as a follower, conf=-1: [9541d083-5ce9-4e0f-acb1-c0874f3633f2:192.168.34.4:46148], old=null
2019-09-19 14:56:09,132 [pool-459-thread-1] INFO  impl.RaftServerImpl (RaftServerImpl.java:setRole(174)) - 9541d083-5ce9-4e0f-acb1-c0874f3633f2@group-3408A9FB9CBD: changes role from      null to FOLLOWER at term 0 for startAsFollower
2019-09-19 14:56:09,132 [pool-459-thread-1] INFO  impl.RoleInfo (RoleInfo.java:updateAndGet(143)) - 9541d083-5ce9-4e0f-acb1-c0874f3633f2: start FollowerState
2019-09-19 14:56:09,132 [pool-459-thread-1] INFO  util.JmxRegister (JmxRegister.java:tryRegister(44)) - Successfully registered JMX Bean with object name Ratis:service=RaftServer,group=group-3408A9FB9CBD,id=9541d083-5ce9-4e0f-acb1-c0874f3633f2
2019-09-19 14:56:09,138 [RatisPipelineUtilsThread] INFO  pipeline.PipelineStateManager (PipelineStateManager.java:addPipeline(56)) - Created pipeline Pipeline[ Id: 8bd28c0c-7630-4542-b2a2-3408a9fb9cbd, Nodes: 9541d083-5ce9-4e0f-acb1-c0874f3633f2{ip: 192.168.34.4, host: pr-hdds-2151-jsxwx-3911445914, networkLocation: /default-rack, certSerialId: null}, Type:RATIS, Factor:ONE, State:OPEN]
2019-09-19 14:56:09,144 [grpc-default-executor-6] INFO  impl.RaftServerProxy (RaftServerProxy.java:addNew(89)) - c216299f-cbcf-4288-b39c-5bdcbace6c48: addNew group-DDFA86A4D67E:[c216299f-cbcf-4288-b39c-5bdcbace6c48:192.168.34.4:33582] returns group-DDFA86A4D67E:java.util.concurrent.CompletableFuture@312b44da[Not completed]
2019-09-19 14:56:09,148 [pool-469-thread-1] INFO  impl.RaftServerImpl (RaftServerImpl.java:<init>(95)) - c216299f-cbcf-4288-b39c-5bdcbace6c48: new RaftServerImpl for group-DDFA86A4D67E:[c216299f-cbcf-4288-b39c-5bdcbace6c48:192.168.34.4:33582] with ContainerStateMachine:uninitialized
2019-09-19 14:56:09,148 [pool-469-thread-1] INFO  server.RaftServerConfigKeys (ConfUtils.java:logGet(43)) - raft.server.rpc.timeout.min = 5s (custom)
2019-09-19 14:56:09,148 [pool-469-thread-1] INFO  server.RaftServerConfigKeys (ConfUtils.java:logGet(43)) - raft.server.rpc.timeout.max = 5200ms (custom)
2019-09-19 14:56:09,148 [pool-469-thread-1] INFO  server.RaftServerConfigKeys (ConfUtils.java:logGet(43)) - raft.server.rpcslowness.timeout = 120s (custom)
2019-09-19 14:56:09,148 [pool-469-thread-1] INFO  server.RaftServerConfigKeys (ConfUtils.java:logGet(43)) - raft.server.sleep.deviation.threshold = 300 (default)
2019-09-19 14:56:09,148 [pool-469-thread-1] INFO  server.RaftServerConfigKeys (ConfUtils.java:logGet(43)) - raft.server.log.appender.install.snapshot.enabled = false (custom)
2019-09-19 14:56:09,148 [pool-469-thread-1] INFO  impl.RaftServerImpl (ServerState.java:<init>(103)) - c216299f-cbcf-4288-b39c-5bdcbace6c48@group-DDFA86A4D67E: ConfigurationManager, init=-1: [c216299f-cbcf-4288-b39c-5bdcbace6c48:192.168.34.4:33582], old=null, confs=<EMPTY_MAP>
2019-09-19 14:56:09,149 [pool-469-thread-1] INFO  server.RaftServerConfigKeys (ConfUtils.java:logGet(43)) - raft.server.storage.dir = [/workdir/hadoop-ozone/integration-test/target/test-dir/MiniOzoneClusterImpl-99c120a9-ba08-420c-a34c-f177dbe2ba07/datanode-6/data/ratis] (custom)
2019-09-19 14:56:09,149 [pool-469-thread-1] INFO  storage.RaftStorageDirectory (RaftStorageDirectory.java:analyzeStorage(246)) - The storage directory /workdir/hadoop-ozone/integration-test/target/test-dir/MiniOzoneClusterImpl-99c120a9-ba08-420c-a34c-f177dbe2ba07/datanode-6/data/ratis/863da141-6039-4829-958e-ddfa86a4d67e does not exist. Creating ...
2019-09-19 14:56:09,162 [pool-469-thread-1] INFO  storage.RaftStorageDirectory (RaftStorageDirectory.java:tryLock(328)) - Lock on /workdir/hadoop-ozone/integration-test/target/test-dir/MiniOzoneClusterImpl-99c120a9-ba08-420c-a34c-f177dbe2ba07/datanode-6/data/ratis/863da141-6039-4829-958e-ddfa86a4d67e/in_use.lock acquired by nodename 4180@pr-hdds-2151-jsxwx-3911445914
2019-09-19 14:56:09,174 [pool-469-thread-1] INFO  storage.RaftStorage (RaftStorage.java:format(72)) - Storage directory /workdir/hadoop-ozone/integration-test/target/test-dir/MiniOzoneClusterImpl-99c120a9-ba08-420c-a34c-f177dbe2ba07/datanode-6/data/ratis/863da141-6039-4829-958e-ddfa86a4d67e has been successfully formatted.
2019-09-19 14:56:09,174 [pool-469-thread-1] INFO  ratis.ContainerStateMachine (ContainerStateMachine.java:loadSnapshot(230)) - group-DDFA86A4D67E: The snapshot info is null. Setting the last applied indexto:(t:0, i:~)
2019-09-19 14:56:09,175 [pool-469-thread-1] INFO  server.RaftServerConfigKeys (ConfUtils.java:logGet(43)) - raft.server.notification.no-leader.timeout = 120s (custom)
2019-09-19 14:56:09,175 [pool-469-thread-1] INFO  server.RaftServerConfigKeys (ConfUtils.java:logGet(43)) - raft.server.log.use.memory = false (default)
2019-09-19 14:56:09,175 [pool-469-thread-1] INFO  server.RaftServerConfigKeys (ConfUtils.java:logGet(43)) - raft.server.log.purge.gap = 1000000 (custom)
2019-09-19 14:56:09,175 [pool-469-thread-1] INFO  server.RaftServerConfigKeys (ConfUtils.java:logGet(43)) - raft.server.log.appender.buffer.byte-limit = 33554432 (custom)
2019-09-19 14:56:09,175 [pool-469-thread-1] INFO  server.RaftServerConfigKeys (ConfUtils.java:logGet(43)) - raft.server.log.segment.size.max = 1048576 (custom)
2019-09-19 14:56:09,175 [pool-469-thread-1] INFO  server.RaftServerConfigKeys (ConfUtils.java:logGet(43)) - raft.server.log.segment.cache.num.max = 2 (custom)
2019-09-19 14:56:09,175 [pool-469-thread-1] INFO  segmented.SegmentedRaftLogWorker (SegmentedRaftLogWorker.java:<init>(172)) - new c216299f-cbcf-4288-b39c-5bdcbace6c48@group-DDFA86A4D67E-SegmentedRaftLogWorker for RaftStorage:Storage Directory /workdir/hadoop-ozone/integration-test/target/test-dir/MiniOzoneClusterImpl-99c120a9-ba08-420c-a34c-f177dbe2ba07/datanode-6/data/ratis/863da141-6039-4829-958e-ddfa86a4d67e
2019-09-19 14:56:09,177 [pool-469-thread-1] INFO  server.RaftServerConfigKeys (ConfUtils.java:logGet(43)) - raft.server.log.queue.byte-limit = 2147483647 (custom)
2019-09-19 14:56:09,177 [pool-469-thread-1] INFO  server.RaftServerConfigKeys (ConfUtils.java:logGet(43)) - raft.server.log.queue.element-limit = 1024 (custom)
2019-09-19 14:56:09,177 [pool-469-thread-1] INFO  server.RaftServerConfigKeys (ConfUtils.java:logGet(43)) - raft.server.log.segment.size.max = 1048576 (custom)
2019-09-19 14:56:09,177 [pool-469-thread-1] INFO  server.RaftServerConfigKeys (ConfUtils.java:logGet(43)) - raft.server.log.preallocated.size = 16384 (custom)
2019-09-19 14:56:09,177 [pool-469-thread-1] INFO  server.RaftServerConfigKeys (ConfUtils.java:logGet(43)) - raft.server.log.write.buffer.size = 33554432 (custom)
2019-09-19 14:56:09,177 [pool-469-thread-1] INFO  server.RaftServerConfigKeys (ConfUtils.java:logGet(43)) - raft.server.log.force.sync.num = 128 (default)
2019-09-19 14:56:09,177 [pool-469-thread-1] INFO  server.RaftServerConfigKeys (ConfUtils.java:logGet(43)) - raft.server.log.statemachine.data.sync = true (default)
2019-09-19 14:56:09,177 [pool-469-thread-1] INFO  server.RaftServerConfigKeys (ConfUtils.java:logGet(43)) - raft.server.log.statemachine.data.sync.timeout = 10s (default)
2019-09-19 14:56:09,178 [pool-469-thread-1] INFO  server.RaftServerConfigKeys (ConfUtils.java:logGet(43)) - raft.server.log.statemachine.data.sync.timeout.retry = -1 (default)
2019-09-19 14:56:09,178 [pool-469-thread-1] INFO  server.RaftServerConfigKeys (ConfUtils.java:logGet(43)) - raft.server.log.statemachine.data.caching.enabled = true (custom)
2019-09-19 14:56:09,178 [pool-469-thread-1] INFO  segmented.SegmentedRaftLogWorker (SegmentedRaftLogWorker.java:lambda$new$0(132)) - c216299f-cbcf-4288-b39c-5bdcbace6c48@group-DDFA86A4D67E-SegmentedRaftLogWorker: flushIndex: setUnconditionally 0 -> -1
2019-09-19 14:56:09,178 [pool-469-thread-1] INFO  server.RaftServerConfigKeys (ConfUtils.java:logGet(43)) - raft.server.snapshot.auto.trigger.enabled = true (custom)
2019-09-19 14:56:09,178 [pool-469-thread-1] INFO  server.RaftServerConfigKeys (ConfUtils.java:logGet(43)) - raft.server.snapshot.auto.trigger.threshold = 10000 (custom)
2019-09-19 14:56:09,178 [pool-469-thread-1] INFO  server.RaftServerConfigKeys (ConfUtils.java:logGet(43)) - raft.server.snapshot.retention.num.files = 5 (custom)
2019-09-19 14:56:09,179 [pool-469-thread-1] INFO  server.RaftServerConfigKeys (ConfUtils.java:logGet(43)) - raft.server.retrycache.expirytime = 600000ms (custom)
2019-09-19 14:56:09,180 [pool-469-thread-1] INFO  impl.RaftServerImpl (RaftServerImpl.java:start(185)) - c216299f-cbcf-4288-b39c-5bdcbace6c48@group-DDFA86A4D67E: start as a follower, conf=-1: [c216299f-cbcf-4288-b39c-5bdcbace6c48:192.168.34.4:33582], old=null
2019-09-19 14:56:09,180 [pool-469-thread-1] INFO  impl.RaftServerImpl (RaftServerImpl.java:setRole(174)) - c216299f-cbcf-4288-b39c-5bdcbace6c48@group-DDFA86A4D67E: changes role from      null to FOLLOWER at term 0 for startAsFollower
2019-09-19 14:56:09,180 [pool-469-thread-1] INFO  impl.RoleInfo (RoleInfo.java:updateAndGet(143)) - c216299f-cbcf-4288-b39c-5bdcbace6c48: start FollowerState
2019-09-19 14:56:09,180 [pool-469-thread-1] INFO  util.JmxRegister (JmxRegister.java:tryRegister(44)) - Successfully registered JMX Bean with object name Ratis:service=RaftServer,group=group-DDFA86A4D67E,id=c216299f-cbcf-4288-b39c-5bdcbace6c48
2019-09-19 14:56:09,184 [RatisPipelineUtilsThread] INFO  pipeline.PipelineStateManager (PipelineStateManager.java:addPipeline(56)) - Created pipeline Pipeline[ Id: 863da141-6039-4829-958e-ddfa86a4d67e, Nodes: c216299f-cbcf-4288-b39c-5bdcbace6c48{ip: 192.168.34.4, host: pr-hdds-2151-jsxwx-3911445914, networkLocation: /default-rack, certSerialId: null}, Type:RATIS, Factor:ONE, State:OPEN]
2019-09-19 14:56:09,193 [grpc-default-executor-7] INFO  impl.RaftServerProxy (RaftServerProxy.java:addNew(89)) - 0d3107a9-04ba-472f-b8eb-753278bc281d: addNew group-5501053FBD97:[c216299f-cbcf-4288-b39c-5bdcbace6c48:192.168.34.4:33582, 0d3107a9-04ba-472f-b8eb-753278bc281d:192.168.34.4:41260, 9541d083-5ce9-4e0f-acb1-c0874f3633f2:192.168.34.4:46148] returns group-5501053FBD97:java.util.concurrent.CompletableFuture@43097a6c[Not completed]
2019-09-19 14:56:09,193 [grpc-default-executor-6] INFO  impl.RaftServerProxy (RaftServerProxy.java:addNew(89)) - 9541d083-5ce9-4e0f-acb1-c0874f3633f2: addNew group-5501053FBD97:[c216299f-cbcf-4288-b39c-5bdcbace6c48:192.168.34.4:33582, 0d3107a9-04ba-472f-b8eb-753278bc281d:192.168.34.4:41260, 9541d083-5ce9-4e0f-acb1-c0874f3633f2:192.168.34.4:46148] returns group-5501053FBD97:java.util.concurrent.CompletableFuture@7e141736[Not completed]
2019-09-19 14:56:09,194 [grpc-default-executor-7] INFO  impl.RaftServerProxy (RaftServerProxy.java:addNew(89)) - c216299f-cbcf-4288-b39c-5bdcbace6c48: addNew group-5501053FBD97:[c216299f-cbcf-4288-b39c-5bdcbace6c48:192.168.34.4:33582, 0d3107a9-04ba-472f-b8eb-753278bc281d:192.168.34.4:41260, 9541d083-5ce9-4e0f-acb1-c0874f3633f2:192.168.34.4:46148] returns group-5501053FBD97:java.util.concurrent.CompletableFuture@2c723b2f[Not completed]
2019-09-19 14:56:09,194 [pool-439-thread-1] INFO  impl.RaftServerImpl (RaftServerImpl.java:<init>(95)) - 0d3107a9-04ba-472f-b8eb-753278bc281d: new RaftServerImpl for group-5501053FBD97:[c216299f-cbcf-4288-b39c-5bdcbace6c48:192.168.34.4:33582, 0d3107a9-04ba-472f-b8eb-753278bc281d:192.168.34.4:41260, 9541d083-5ce9-4e0f-acb1-c0874f3633f2:192.168.34.4:46148] with ContainerStateMachine:uninitialized
2019-09-19 14:56:09,195 [pool-439-thread-1] INFO  server.RaftServerConfigKeys (ConfUtils.java:logGet(43)) - raft.server.rpc.timeout.min = 5s (custom)
2019-09-19 14:56:09,195 [pool-439-thread-1] INFO  server.RaftServerConfigKeys (ConfUtils.java:logGet(43)) - raft.server.rpc.timeout.max = 5200ms (custom)
2019-09-19 14:56:09,195 [pool-439-thread-1] INFO  server.RaftServerConfigKeys (ConfUtils.java:logGet(43)) - raft.server.rpcslowness.timeout = 120s (custom)
2019-09-19 14:56:09,195 [pool-439-thread-1] INFO  server.RaftServerConfigKeys (ConfUtils.java:logGet(43)) - raft.server.sleep.deviation.threshold = 300 (default)
2019-09-19 14:56:09,195 [pool-439-thread-1] INFO  server.RaftServerConfigKeys (ConfUtils.java:logGet(43)) - raft.server.log.appender.install.snapshot.enabled = false (custom)
2019-09-19 14:56:09,195 [pool-439-thread-1] INFO  impl.RaftServerImpl (ServerState.java:<init>(103)) - 0d3107a9-04ba-472f-b8eb-753278bc281d@group-5501053FBD97: ConfigurationManager, init=-1: [c216299f-cbcf-4288-b39c-5bdcbace6c48:192.168.34.4:33582, 0d3107a9-04ba-472f-b8eb-753278bc281d:192.168.34.4:41260, 9541d083-5ce9-4e0f-acb1-c0874f3633f2:192.168.34.4:46148], old=null, confs=<EMPTY_MAP>
2019-09-19 14:56:09,195 [pool-469-thread-1] INFO  impl.RaftServerImpl (RaftServerImpl.java:<init>(95)) - c216299f-cbcf-4288-b39c-5bdcbace6c48: new RaftServerImpl for group-5501053FBD97:[c216299f-cbcf-4288-b39c-5bdcbace6c48:192.168.34.4:33582, 0d3107a9-04ba-472f-b8eb-753278bc281d:192.168.34.4:41260, 9541d083-5ce9-4e0f-acb1-c0874f3633f2:192.168.34.4:46148] with ContainerStateMachine:uninitialized
2019-09-19 14:56:09,195 [pool-439-thread-1] INFO  server.RaftServerConfigKeys (ConfUtils.java:logGet(43)) - raft.server.storage.dir = [/workdir/hadoop-ozone/integration-test/target/test-dir/MiniOzoneClusterImpl-99c120a9-ba08-420c-a34c-f177dbe2ba07/datanode-3/data/ratis] (custom)
2019-09-19 14:56:09,195 [pool-469-thread-1] INFO  server.RaftServerConfigKeys (ConfUtils.java:logGet(43)) - raft.server.rpc.timeout.min = 5s (custom)
2019-09-19 14:56:09,195 [pool-469-thread-1] INFO  server.RaftServerConfigKeys (ConfUtils.java:logGet(43)) - raft.server.rpc.timeout.max = 5200ms (custom)
2019-09-19 14:56:09,196 [pool-469-thread-1] INFO  server.RaftServerConfigKeys (ConfUtils.java:logGet(43)) - raft.server.rpcslowness.timeout = 120s (custom)
2019-09-19 14:56:09,196 [pool-439-thread-1] INFO  storage.RaftStorageDirectory (RaftStorageDirectory.java:analyzeStorage(246)) - The storage directory /workdir/hadoop-ozone/integration-test/target/test-dir/MiniOzoneClusterImpl-99c120a9-ba08-420c-a34c-f177dbe2ba07/datanode-3/data/ratis/e50c039d-a311-411f-824f-5501053fbd97 does not exist. Creating ...
2019-09-19 14:56:09,196 [pool-469-thread-1] INFO  server.RaftServerConfigKeys (ConfUtils.java:logGet(43)) - raft.server.sleep.deviation.threshold = 300 (default)
2019-09-19 14:56:09,196 [pool-469-thread-1] INFO  server.RaftServerConfigKeys (ConfUtils.java:logGet(43)) - raft.server.log.appender.install.snapshot.enabled = false (custom)
2019-09-19 14:56:09,196 [pool-469-thread-1] INFO  impl.RaftServerImpl (ServerState.java:<init>(103)) - c216299f-cbcf-4288-b39c-5bdcbace6c48@group-5501053FBD97: ConfigurationManager, init=-1: [c216299f-cbcf-4288-b39c-5bdcbace6c48:192.168.34.4:33582, 0d3107a9-04ba-472f-b8eb-753278bc281d:192.168.34.4:41260, 9541d083-5ce9-4e0f-acb1-c0874f3633f2:192.168.34.4:46148], old=null, confs=<EMPTY_MAP>
2019-09-19 14:56:09,196 [pool-469-thread-1] INFO  server.RaftServerConfigKeys (ConfUtils.java:logGet(43)) - raft.server.storage.dir = [/workdir/hadoop-ozone/integration-test/target/test-dir/MiniOzoneClusterImpl-99c120a9-ba08-420c-a34c-f177dbe2ba07/datanode-6/data/ratis] (custom)
2019-09-19 14:56:09,196 [pool-459-thread-1] INFO  impl.RaftServerImpl (RaftServerImpl.java:<init>(95)) - 9541d083-5ce9-4e0f-acb1-c0874f3633f2: new RaftServerImpl for group-5501053FBD97:[c216299f-cbcf-4288-b39c-5bdcbace6c48:192.168.34.4:33582, 0d3107a9-04ba-472f-b8eb-753278bc281d:192.168.34.4:41260, 9541d083-5ce9-4e0f-acb1-c0874f3633f2:192.168.34.4:46148] with ContainerStateMachine:uninitialized
2019-09-19 14:56:09,196 [pool-459-thread-1] INFO  server.RaftServerConfigKeys (ConfUtils.java:logGet(43)) - raft.server.rpc.timeout.min = 5s (custom)
2019-09-19 14:56:09,196 [pool-469-thread-1] INFO  storage.RaftStorageDirectory (RaftStorageDirectory.java:analyzeStorage(246)) - The storage directory /workdir/hadoop-ozone/integration-test/target/test-dir/MiniOzoneClusterImpl-99c120a9-ba08-420c-a34c-f177dbe2ba07/datanode-6/data/ratis/e50c039d-a311-411f-824f-5501053fbd97 does not exist. Creating ...
2019-09-19 14:56:09,197 [pool-459-thread-1] INFO  server.RaftServerConfigKeys (ConfUtils.java:logGet(43)) - raft.server.rpc.timeout.max = 5200ms (custom)
2019-09-19 14:56:09,197 [pool-459-thread-1] INFO  server.RaftServerConfigKeys (ConfUtils.java:logGet(43)) - raft.server.rpcslowness.timeout = 120s (custom)
2019-09-19 14:56:09,197 [pool-459-thread-1] INFO  server.RaftServerConfigKeys (ConfUtils.java:logGet(43)) - raft.server.sleep.deviation.threshold = 300 (default)
2019-09-19 14:56:09,197 [pool-459-thread-1] INFO  server.RaftServerConfigKeys (ConfUtils.java:logGet(43)) - raft.server.log.appender.install.snapshot.enabled = false (custom)
2019-09-19 14:56:09,197 [pool-459-thread-1] INFO  impl.RaftServerImpl (ServerState.java:<init>(103)) - 9541d083-5ce9-4e0f-acb1-c0874f3633f2@group-5501053FBD97: ConfigurationManager, init=-1: [c216299f-cbcf-4288-b39c-5bdcbace6c48:192.168.34.4:33582, 0d3107a9-04ba-472f-b8eb-753278bc281d:192.168.34.4:41260, 9541d083-5ce9-4e0f-acb1-c0874f3633f2:192.168.34.4:46148], old=null, confs=<EMPTY_MAP>
2019-09-19 14:56:09,197 [pool-459-thread-1] INFO  server.RaftServerConfigKeys (ConfUtils.java:logGet(43)) - raft.server.storage.dir = [/workdir/hadoop-ozone/integration-test/target/test-dir/MiniOzoneClusterImpl-99c120a9-ba08-420c-a34c-f177dbe2ba07/datanode-5/data/ratis] (custom)
2019-09-19 14:56:09,198 [pool-459-thread-1] INFO  storage.RaftStorageDirectory (RaftStorageDirectory.java:analyzeStorage(246)) - The storage directory /workdir/hadoop-ozone/integration-test/target/test-dir/MiniOzoneClusterImpl-99c120a9-ba08-420c-a34c-f177dbe2ba07/datanode-5/data/ratis/e50c039d-a311-411f-824f-5501053fbd97 does not exist. Creating ...
2019-09-19 14:56:09,209 [pool-439-thread-1] INFO  storage.RaftStorageDirectory (RaftStorageDirectory.java:tryLock(328)) - Lock on /workdir/hadoop-ozone/integration-test/target/test-dir/MiniOzoneClusterImpl-99c120a9-ba08-420c-a34c-f177dbe2ba07/datanode-3/data/ratis/e50c039d-a311-411f-824f-5501053fbd97/in_use.lock acquired by nodename 4180@pr-hdds-2151-jsxwx-3911445914
2019-09-19 14:56:09,209 [pool-469-thread-1] INFO  storage.RaftStorageDirectory (RaftStorageDirectory.java:tryLock(328)) - Lock on /workdir/hadoop-ozone/integration-test/target/test-dir/MiniOzoneClusterImpl-99c120a9-ba08-420c-a34c-f177dbe2ba07/datanode-6/data/ratis/e50c039d-a311-411f-824f-5501053fbd97/in_use.lock acquired by nodename 4180@pr-hdds-2151-jsxwx-3911445914
2019-09-19 14:56:09,209 [pool-459-thread-1] INFO  storage.RaftStorageDirectory (RaftStorageDirectory.java:tryLock(328)) - Lock on /workdir/hadoop-ozone/integration-test/target/test-dir/MiniOzoneClusterImpl-99c120a9-ba08-420c-a34c-f177dbe2ba07/datanode-5/data/ratis/e50c039d-a311-411f-824f-5501053fbd97/in_use.lock acquired by nodename 4180@pr-hdds-2151-jsxwx-3911445914
2019-09-19 14:56:09,222 [pool-439-thread-1] INFO  storage.RaftStorage (RaftStorage.java:format(72)) - Storage directory /workdir/hadoop-ozone/integration-test/target/test-dir/MiniOzoneClusterImpl-99c120a9-ba08-420c-a34c-f177dbe2ba07/datanode-3/data/ratis/e50c039d-a311-411f-824f-5501053fbd97 has been successfully formatted.
2019-09-19 14:56:09,222 [pool-469-thread-1] INFO  storage.RaftStorage (RaftStorage.java:format(72)) - Storage directory /workdir/hadoop-ozone/integration-test/target/test-dir/MiniOzoneClusterImpl-99c120a9-ba08-420c-a34c-f177dbe2ba07/datanode-6/data/ratis/e50c039d-a311-411f-824f-5501053fbd97 has been successfully formatted.
2019-09-19 14:56:09,222 [pool-459-thread-1] INFO  storage.RaftStorage (RaftStorage.java:format(72)) - Storage directory /workdir/hadoop-ozone/integration-test/target/test-dir/MiniOzoneClusterImpl-99c120a9-ba08-420c-a34c-f177dbe2ba07/datanode-5/data/ratis/e50c039d-a311-411f-824f-5501053fbd97 has been successfully formatted.
2019-09-19 14:56:09,223 [pool-469-thread-1] INFO  ratis.ContainerStateMachine (ContainerStateMachine.java:loadSnapshot(230)) - group-5501053FBD97: The snapshot info is null. Setting the last applied indexto:(t:0, i:~)
2019-09-19 14:56:09,223 [pool-439-thread-1] INFO  ratis.ContainerStateMachine (ContainerStateMachine.java:loadSnapshot(230)) - group-5501053FBD97: The snapshot info is null. Setting the last applied indexto:(t:0, i:~)
2019-09-19 14:56:09,223 [pool-469-thread-1] INFO  server.RaftServerConfigKeys (ConfUtils.java:logGet(43)) - raft.server.notification.no-leader.timeout = 120s (custom)
2019-09-19 14:56:09,223 [pool-459-thread-1] INFO  ratis.ContainerStateMachine (ContainerStateMachine.java:loadSnapshot(230)) - group-5501053FBD97: The snapshot info is null. Setting the last applied indexto:(t:0, i:~)
2019-09-19 14:56:09,223 [pool-469-thread-1] INFO  server.RaftServerConfigKeys (ConfUtils.java:logGet(43)) - raft.server.log.use.memory = false (default)
2019-09-19 14:56:09,223 [pool-439-thread-1] INFO  server.RaftServerConfigKeys (ConfUtils.java:logGet(43)) - raft.server.notification.no-leader.timeout = 120s (custom)
2019-09-19 14:56:09,224 [pool-469-thread-1] INFO  server.RaftServerConfigKeys (ConfUtils.java:logGet(43)) - raft.server.log.purge.gap = 1000000 (custom)
2019-09-19 14:56:09,223 [pool-459-thread-1] INFO  server.RaftServerConfigKeys (ConfUtils.java:logGet(43)) - raft.server.notification.no-leader.timeout = 120s (custom)
2019-09-19 14:56:09,224 [pool-469-thread-1] INFO  server.RaftServerConfigKeys (ConfUtils.java:logGet(43)) - raft.server.log.appender.buffer.byte-limit = 33554432 (custom)
2019-09-19 14:56:09,224 [pool-439-thread-1] INFO  server.RaftServerConfigKeys (ConfUtils.java:logGet(43)) - raft.server.log.use.memory = false (default)
2019-09-19 14:56:09,224 [pool-469-thread-1] INFO  server.RaftServerConfigKeys (ConfUtils.java:logGet(43)) - raft.server.log.segment.size.max = 1048576 (custom)
2019-09-19 14:56:09,224 [pool-459-thread-1] INFO  server.RaftServerConfigKeys (ConfUtils.java:logGet(43)) - raft.server.log.use.memory = false (default)
2019-09-19 14:56:09,224 [pool-469-thread-1] INFO  server.RaftServerConfigKeys (ConfUtils.java:logGet(43)) - raft.server.log.segment.cache.num.max = 2 (custom)
2019-09-19 14:56:09,224 [pool-439-thread-1] INFO  server.RaftServerConfigKeys (ConfUtils.java:logGet(43)) - raft.server.log.purge.gap = 1000000 (custom)
2019-09-19 14:56:09,225 [pool-469-thread-1] INFO  segmented.SegmentedRaftLogWorker (SegmentedRaftLogWorker.java:<init>(172)) - new c216299f-cbcf-4288-b39c-5bdcbace6c48@group-5501053FBD97-SegmentedRaftLogWorker for RaftStorage:Storage Directory /workdir/hadoop-ozone/integration-test/target/test-dir/MiniOzoneClusterImpl-99c120a9-ba08-420c-a34c-f177dbe2ba07/datanode-6/data/ratis/e50c039d-a311-411f-824f-5501053fbd97
2019-09-19 14:56:09,225 [pool-459-thread-1] INFO  server.RaftServerConfigKeys (ConfUtils.java:logGet(43)) - raft.server.log.purge.gap = 1000000 (custom)
2019-09-19 14:56:09,225 [pool-469-thread-1] INFO  server.RaftServerConfigKeys (ConfUtils.java:logGet(43)) - raft.server.log.queue.byte-limit = 2147483647 (custom)
2019-09-19 14:56:09,225 [pool-439-thread-1] INFO  server.RaftServerConfigKeys (ConfUtils.java:logGet(43)) - raft.server.log.appender.buffer.byte-limit = 33554432 (custom)
2019-09-19 14:56:09,225 [pool-469-thread-1] INFO  server.RaftServerConfigKeys (ConfUtils.java:logGet(43)) - raft.server.log.queue.element-limit = 1024 (custom)
2019-09-19 14:56:09,225 [pool-459-thread-1] INFO  server.RaftServerConfigKeys (ConfUtils.java:logGet(43)) - raft.server.log.appender.buffer.byte-limit = 33554432 (custom)
2019-09-19 14:56:09,225 [pool-469-thread-1] INFO  server.RaftServerConfigKeys (ConfUtils.java:logGet(43)) - raft.server.log.segment.size.max = 1048576 (custom)
2019-09-19 14:56:09,225 [pool-439-thread-1] INFO  server.RaftServerConfigKeys (ConfUtils.java:logGet(43)) - raft.server.log.segment.size.max = 1048576 (custom)
2019-09-19 14:56:09,226 [pool-469-thread-1] INFO  server.RaftServerConfigKeys (ConfUtils.java:logGet(43)) - raft.server.log.preallocated.size = 16384 (custom)
2019-09-19 14:56:09,226 [pool-459-thread-1] INFO  server.RaftServerConfigKeys (ConfUtils.java:logGet(43)) - raft.server.log.segment.size.max = 1048576 (custom)
2019-09-19 14:56:09,226 [pool-469-thread-1] INFO  server.RaftServerConfigKeys (ConfUtils.java:logGet(43)) - raft.server.log.write.buffer.size = 33554432 (custom)
2019-09-19 14:56:09,226 [pool-469-thread-1] INFO  server.RaftServerConfigKeys (ConfUtils.java:logGet(43)) - raft.server.log.force.sync.num = 128 (default)
2019-09-19 14:56:09,226 [pool-439-thread-1] INFO  server.RaftServerConfigKeys (ConfUtils.java:logGet(43)) - raft.server.log.segment.cache.num.max = 2 (custom)
2019-09-19 14:56:09,227 [pool-469-thread-1] INFO  server.RaftServerConfigKeys (ConfUtils.java:logGet(43)) - raft.server.log.statemachine.data.sync = true (default)
2019-09-19 14:56:09,226 [pool-459-thread-1] INFO  server.RaftServerConfigKeys (ConfUtils.java:logGet(43)) - raft.server.log.segment.cache.num.max = 2 (custom)
2019-09-19 14:56:09,227 [pool-469-thread-1] INFO  server.RaftServerConfigKeys (ConfUtils.java:logGet(43)) - raft.server.log.statemachine.data.sync.timeout = 10s (default)
2019-09-19 14:56:09,227 [pool-439-thread-1] INFO  segmented.SegmentedRaftLogWorker (SegmentedRaftLogWorker.java:<init>(172)) - new 0d3107a9-04ba-472f-b8eb-753278bc281d@group-5501053FBD97-SegmentedRaftLogWorker for RaftStorage:Storage Directory /workdir/hadoop-ozone/integration-test/target/test-dir/MiniOzoneClusterImpl-99c120a9-ba08-420c-a34c-f177dbe2ba07/datanode-3/data/ratis/e50c039d-a311-411f-824f-5501053fbd97
2019-09-19 14:56:09,227 [pool-469-thread-1] INFO  server.RaftServerConfigKeys (ConfUtils.java:logGet(43)) - raft.server.log.statemachine.data.sync.timeout.retry = -1 (default)
2019-09-19 14:56:09,227 [pool-459-thread-1] INFO  segmented.SegmentedRaftLogWorker (SegmentedRaftLogWorker.java:<init>(172)) - new 9541d083-5ce9-4e0f-acb1-c0874f3633f2@group-5501053FBD97-SegmentedRaftLogWorker for RaftStorage:Storage Directory /workdir/hadoop-ozone/integration-test/target/test-dir/MiniOzoneClusterImpl-99c120a9-ba08-420c-a34c-f177dbe2ba07/datanode-5/data/ratis/e50c039d-a311-411f-824f-5501053fbd97
2019-09-19 14:56:09,227 [pool-469-thread-1] INFO  server.RaftServerConfigKeys (ConfUtils.java:logGet(43)) - raft.server.log.statemachine.data.caching.enabled = true (custom)
2019-09-19 14:56:09,227 [pool-439-thread-1] INFO  server.RaftServerConfigKeys (ConfUtils.java:logGet(43)) - raft.server.log.queue.byte-limit = 2147483647 (custom)
2019-09-19 14:56:09,231 [pool-469-thread-1] INFO  segmented.SegmentedRaftLogWorker (SegmentedRaftLogWorker.java:lambda$new$0(132)) - c216299f-cbcf-4288-b39c-5bdcbace6c48@group-5501053FBD97-SegmentedRaftLogWorker: flushIndex: setUnconditionally 0 -> -1
2019-09-19 14:56:09,228 [pool-459-thread-1] INFO  server.RaftServerConfigKeys (ConfUtils.java:logGet(43)) - raft.server.log.queue.byte-limit = 2147483647 (custom)
2019-09-19 14:56:09,232 [pool-469-thread-1] INFO  server.RaftServerConfigKeys (ConfUtils.java:logGet(43)) - raft.server.snapshot.auto.trigger.enabled = true (custom)
2019-09-19 14:56:09,232 [pool-439-thread-1] INFO  server.RaftServerConfigKeys (ConfUtils.java:logGet(43)) - raft.server.log.queue.element-limit = 1024 (custom)
2019-09-19 14:56:09,232 [pool-469-thread-1] INFO  server.RaftServerConfigKeys (ConfUtils.java:logGet(43)) - raft.server.snapshot.auto.trigger.threshold = 10000 (custom)
2019-09-19 14:56:09,232 [pool-469-thread-1] INFO  server.RaftServerConfigKeys (ConfUtils.java:logGet(43)) - raft.server.snapshot.retention.num.files = 5 (custom)
2019-09-19 14:56:09,232 [pool-459-thread-1] INFO  server.RaftServerConfigKeys (ConfUtils.java:logGet(43)) - raft.server.log.queue.element-limit = 1024 (custom)
2019-09-19 14:56:09,233 [pool-469-thread-1] INFO  server.RaftServerConfigKeys (ConfUtils.java:logGet(43)) - raft.server.retrycache.expirytime = 600000ms (custom)
2019-09-19 14:56:09,232 [pool-439-thread-1] INFO  server.RaftServerConfigKeys (ConfUtils.java:logGet(43)) - raft.server.log.segment.size.max = 1048576 (custom)
2019-09-19 14:56:09,235 [pool-459-thread-1] INFO  server.RaftServerConfigKeys (ConfUtils.java:logGet(43)) - raft.server.log.segment.size.max = 1048576 (custom)
2019-09-19 14:56:09,235 [pool-439-thread-1] INFO  server.RaftServerConfigKeys (ConfUtils.java:logGet(43)) - raft.server.log.preallocated.size = 16384 (custom)
2019-09-19 14:56:09,235 [pool-459-thread-1] INFO  server.RaftServerConfigKeys (ConfUtils.java:logGet(43)) - raft.server.log.preallocated.size = 16384 (custom)
2019-09-19 14:56:09,235 [pool-439-thread-1] INFO  server.RaftServerConfigKeys (ConfUtils.java:logGet(43)) - raft.server.log.write.buffer.size = 33554432 (custom)
2019-09-19 14:56:09,236 [pool-459-thread-1] INFO  server.RaftServerConfigKeys (ConfUtils.java:logGet(43)) - raft.server.log.write.buffer.size = 33554432 (custom)
2019-09-19 14:56:09,236 [pool-439-thread-1] INFO  server.RaftServerConfigKeys (ConfUtils.java:logGet(43)) - raft.server.log.force.sync.num = 128 (default)
2019-09-19 14:56:09,236 [pool-459-thread-1] INFO  server.RaftServerConfigKeys (ConfUtils.java:logGet(43)) - raft.server.log.force.sync.num = 128 (default)
2019-09-19 14:56:09,236 [pool-439-thread-1] INFO  server.RaftServerConfigKeys (ConfUtils.java:logGet(43)) - raft.server.log.statemachine.data.sync = true (default)
2019-09-19 14:56:09,236 [pool-459-thread-1] INFO  server.RaftServerConfigKeys (ConfUtils.java:logGet(43)) - raft.server.log.statemachine.data.sync = true (default)
2019-09-19 14:56:09,236 [pool-439-thread-1] INFO  server.RaftServerConfigKeys (ConfUtils.java:logGet(43)) - raft.server.log.statemachine.data.sync.timeout = 10s (default)
2019-09-19 14:56:09,236 [pool-459-thread-1] INFO  server.RaftServerConfigKeys (ConfUtils.java:logGet(43)) - raft.server.log.statemachine.data.sync.timeout = 10s (default)
2019-09-19 14:56:09,236 [pool-439-thread-1] INFO  server.RaftServerConfigKeys (ConfUtils.java:logGet(43)) - raft.server.log.statemachine.data.sync.timeout.retry = -1 (default)
2019-09-19 14:56:09,236 [pool-459-thread-1] INFO  server.RaftServerConfigKeys (ConfUtils.java:logGet(43)) - raft.server.log.statemachine.data.sync.timeout.retry = -1 (default)
2019-09-19 14:56:09,237 [pool-439-thread-1] INFO  server.RaftServerConfigKeys (ConfUtils.java:logGet(43)) - raft.server.log.statemachine.data.caching.enabled = true (custom)
2019-09-19 14:56:09,237 [pool-459-thread-1] INFO  server.RaftServerConfigKeys (ConfUtils.java:logGet(43)) - raft.server.log.statemachine.data.caching.enabled = true (custom)
2019-09-19 14:56:09,237 [pool-469-thread-1] INFO  impl.RaftServerImpl (RaftServerImpl.java:start(185)) - c216299f-cbcf-4288-b39c-5bdcbace6c48@group-5501053FBD97: start as a follower, conf=-1: [c216299f-cbcf-4288-b39c-5bdcbace6c48:192.168.34.4:33582, 0d3107a9-04ba-472f-b8eb-753278bc281d:192.168.34.4:41260, 9541d083-5ce9-4e0f-acb1-c0874f3633f2:192.168.34.4:46148], old=null
2019-09-19 14:56:09,237 [pool-459-thread-1] INFO  segmented.SegmentedRaftLogWorker (SegmentedRaftLogWorker.java:lambda$new$0(132)) - 9541d083-5ce9-4e0f-acb1-c0874f3633f2@group-5501053FBD97-SegmentedRaftLogWorker: flushIndex: setUnconditionally 0 -> -1
2019-09-19 14:56:09,237 [pool-469-thread-1] INFO  impl.RaftServerImpl (RaftServerImpl.java:setRole(174)) - c216299f-cbcf-4288-b39c-5bdcbace6c48@group-5501053FBD97: changes role from      null to FOLLOWER at term 0 for startAsFollower
2019-09-19 14:56:09,237 [pool-439-thread-1] INFO  segmented.SegmentedRaftLogWorker (SegmentedRaftLogWorker.java:lambda$new$0(132)) - 0d3107a9-04ba-472f-b8eb-753278bc281d@group-5501053FBD97-SegmentedRaftLogWorker: flushIndex: setUnconditionally 0 -> -1
2019-09-19 14:56:09,237 [pool-459-thread-1] INFO  server.RaftServerConfigKeys (ConfUtils.java:logGet(43)) - raft.server.snapshot.auto.trigger.enabled = true (custom)
2019-09-19 14:56:09,237 [pool-469-thread-1] INFO  impl.RoleInfo (RoleInfo.java:updateAndGet(143)) - c216299f-cbcf-4288-b39c-5bdcbace6c48: start FollowerState
2019-09-19 14:56:09,238 [pool-459-thread-1] INFO  server.RaftServerConfigKeys (ConfUtils.java:logGet(43)) - raft.server.snapshot.auto.trigger.threshold = 10000 (custom)
2019-09-19 14:56:09,238 [pool-439-thread-1] INFO  server.RaftServerConfigKeys (ConfUtils.java:logGet(43)) - raft.server.snapshot.auto.trigger.enabled = true (custom)
2019-09-19 14:56:09,238 [pool-459-thread-1] INFO  server.RaftServerConfigKeys (ConfUtils.java:logGet(43)) - raft.server.snapshot.retention.num.files = 5 (custom)
2019-09-19 14:56:09,238 [pool-469-thread-1] INFO  util.JmxRegister (JmxRegister.java:tryRegister(44)) - Successfully registered JMX Bean with object name Ratis:service=RaftServer,group=group-5501053FBD97,id=c216299f-cbcf-4288-b39c-5bdcbace6c48
2019-09-19 14:56:09,238 [pool-439-thread-1] INFO  server.RaftServerConfigKeys (ConfUtils.java:logGet(43)) - raft.server.snapshot.auto.trigger.threshold = 10000 (custom)
2019-09-19 14:56:09,238 [pool-459-thread-1] INFO  server.RaftServerConfigKeys (ConfUtils.java:logGet(43)) - raft.server.retrycache.expirytime = 600000ms (custom)
2019-09-19 14:56:09,238 [pool-439-thread-1] INFO  server.RaftServerConfigKeys (ConfUtils.java:logGet(43)) - raft.server.snapshot.retention.num.files = 5 (custom)
2019-09-19 14:56:09,239 [pool-439-thread-1] INFO  server.RaftServerConfigKeys (ConfUtils.java:logGet(43)) - raft.server.retrycache.expirytime = 600000ms (custom)
2019-09-19 14:56:09,243 [pool-439-thread-1] INFO  impl.RaftServerImpl (RaftServerImpl.java:start(185)) - 0d3107a9-04ba-472f-b8eb-753278bc281d@group-5501053FBD97: start as a follower, conf=-1: [c216299f-cbcf-4288-b39c-5bdcbace6c48:192.168.34.4:33582, 0d3107a9-04ba-472f-b8eb-753278bc281d:192.168.34.4:41260, 9541d083-5ce9-4e0f-acb1-c0874f3633f2:192.168.34.4:46148], old=null
2019-09-19 14:56:09,243 [pool-459-thread-1] INFO  impl.RaftServerImpl (RaftServerImpl.java:start(185)) - 9541d083-5ce9-4e0f-acb1-c0874f3633f2@group-5501053FBD97: start as a follower, conf=-1: [c216299f-cbcf-4288-b39c-5bdcbace6c48:192.168.34.4:33582, 0d3107a9-04ba-472f-b8eb-753278bc281d:192.168.34.4:41260, 9541d083-5ce9-4e0f-acb1-c0874f3633f2:192.168.34.4:46148], old=null
2019-09-19 14:56:09,243 [pool-439-thread-1] INFO  impl.RaftServerImpl (RaftServerImpl.java:setRole(174)) - 0d3107a9-04ba-472f-b8eb-753278bc281d@group-5501053FBD97: changes role from      null to FOLLOWER at term 0 for startAsFollower
2019-09-19 14:56:09,244 [pool-459-thread-1] INFO  impl.RaftServerImpl (RaftServerImpl.java:setRole(174)) - 9541d083-5ce9-4e0f-acb1-c0874f3633f2@group-5501053FBD97: changes role from      null to FOLLOWER at term 0 for startAsFollower
2019-09-19 14:56:09,244 [pool-439-thread-1] INFO  impl.RoleInfo (RoleInfo.java:updateAndGet(143)) - 0d3107a9-04ba-472f-b8eb-753278bc281d: start FollowerState
2019-09-19 14:56:09,244 [pool-459-thread-1] INFO  impl.RoleInfo (RoleInfo.java:updateAndGet(143)) - 9541d083-5ce9-4e0f-acb1-c0874f3633f2: start FollowerState
2019-09-19 14:56:09,244 [pool-439-thread-1] INFO  util.JmxRegister (JmxRegister.java:tryRegister(44)) - Successfully registered JMX Bean with object name Ratis:service=RaftServer,group=group-5501053FBD97,id=0d3107a9-04ba-472f-b8eb-753278bc281d
2019-09-19 14:56:09,244 [pool-459-thread-1] INFO  util.JmxRegister (JmxRegister.java:tryRegister(44)) - Successfully registered JMX Bean with object name Ratis:service=RaftServer,group=group-5501053FBD97,id=9541d083-5ce9-4e0f-acb1-c0874f3633f2
2019-09-19 14:56:09,251 [RatisPipelineUtilsThread] INFO  pipeline.PipelineStateManager (PipelineStateManager.java:addPipeline(56)) - Created pipeline Pipeline[ Id: e50c039d-a311-411f-824f-5501053fbd97, Nodes: 0d3107a9-04ba-472f-b8eb-753278bc281d{ip: 192.168.34.4, host: pr-hdds-2151-jsxwx-3911445914, networkLocation: /default-rack, certSerialId: null}9541d083-5ce9-4e0f-acb1-c0874f3633f2{ip: 192.168.34.4, host: pr-hdds-2151-jsxwx-3911445914, networkLocation: /default-rack, certSerialId: null}c216299f-cbcf-4288-b39c-5bdcbace6c48{ip: 192.168.34.4, host: pr-hdds-2151-jsxwx-3911445914, networkLocation: /default-rack, certSerialId: null}, Type:RATIS, Factor:THREE, State:OPEN]
2019-09-19 14:56:10,117 [main] INFO  ozone.MiniOzoneClusterImpl (MiniOzoneClusterImpl.java:lambda$waitForClusterToBeReady$0(145)) - Cluster is ready. Got 7 of 7 DN Heartbeats.
2019-09-19 14:56:10,161 [main] INFO  rpc.RpcClient (RpcClient.java:createVolume(302)) - Creating Volume: testblockoutputstream, with jenkins1000 as owner.
2019-09-19 14:56:10,167 [IPC Server handler 4 on 41490] INFO  volume.OMVolumeCreateRequest (OMVolumeCreateRequest.java:validateAndUpdateCache(189)) - created volume:testblockoutputstream for user:jenkins1000
2019-09-19 14:56:10,185 [main] INFO  rpc.RpcClient (RpcClient.java:createBucket(441)) - Creating Bucket: testblockoutputstream/testblockoutputstream, with Versioning false and Storage Type set to DISK and Encryption set to false 
2019-09-19 14:56:10,220 [grpc-default-executor-7] INFO  client.GrpcClientProtocolClient (GrpcClientProtocolClient.java:onNext(264)) - client-1F73FCBD3B30->0d3107a9-04ba-472f-b8eb-753278bc281d: receive RaftClientReply:client-1F73FCBD3B30->0d3107a9-04ba-472f-b8eb-753278bc281d@group-5501053FBD97, cid=174, FAILED org.apache.ratis.protocol.NotLeaderException: Server 0d3107a9-04ba-472f-b8eb-753278bc281d@group-5501053FBD97 is not the leader, logIndex=0, commits[0d3107a9-04ba-472f-b8eb-753278bc281d:c-1]
2019-09-19 14:56:11,247 [grpc-default-executor-7] INFO  client.GrpcClientProtocolClient (GrpcClientProtocolClient.java:onNext(264)) - client-1F73FCBD3B30->9541d083-5ce9-4e0f-acb1-c0874f3633f2: receive RaftClientReply:client-1F73FCBD3B30->9541d083-5ce9-4e0f-acb1-c0874f3633f2@group-5501053FBD97, cid=174, FAILED org.apache.ratis.protocol.NotLeaderException: Server 9541d083-5ce9-4e0f-acb1-c0874f3633f2@group-5501053FBD97 is not the leader, logIndex=0, commits[9541d083-5ce9-4e0f-acb1-c0874f3633f2:c-1]
2019-09-19 14:56:11,668 [Thread-2859] INFO  container.ReplicationManager (ReplicationManager.java:start(162)) - Starting Replication Monitor Thread.
2019-09-19 14:56:11,672 [ReplicationMonitor] INFO  container.ReplicationManager (ReplicationManager.java:run(225)) - Replication Monitor Thread took 0 milliseconds for processing 1 containers.
2019-09-19 14:56:12,260 [grpc-default-executor-7] INFO  client.GrpcClientProtocolClient (GrpcClientProtocolClient.java:onNext(264)) - client-1F73FCBD3B30->0d3107a9-04ba-472f-b8eb-753278bc281d: receive RaftClientReply:client-1F73FCBD3B30->0d3107a9-04ba-472f-b8eb-753278bc281d@group-5501053FBD97, cid=174, FAILED org.apache.ratis.protocol.NotLeaderException: Server 0d3107a9-04ba-472f-b8eb-753278bc281d@group-5501053FBD97 is not the leader, logIndex=0, commits[0d3107a9-04ba-472f-b8eb-753278bc281d:c-1]
2019-09-19 14:56:13,272 [grpc-default-executor-6] INFO  client.GrpcClientProtocolClient (GrpcClientProtocolClient.java:onNext(264)) - client-1F73FCBD3B30->9541d083-5ce9-4e0f-acb1-c0874f3633f2: receive RaftClientReply:client-1F73FCBD3B30->9541d083-5ce9-4e0f-acb1-c0874f3633f2@group-5501053FBD97, cid=174, FAILED org.apache.ratis.protocol.NotLeaderException: Server 9541d083-5ce9-4e0f-acb1-c0874f3633f2@group-5501053FBD97 is not the leader, logIndex=0, commits[9541d083-5ce9-4e0f-acb1-c0874f3633f2:c-1]
2019-09-19 14:56:13,786 [Thread-2864] INFO  impl.FollowerState (FollowerState.java:run(106)) - 3d5530de-0751-4f46-9b90-87f3bfa7393e:group-C83DB19F5780 changes to CANDIDATE, lastRpcTime:5004, electionTimeout:5004ms
2019-09-19 14:56:13,787 [Thread-2864] INFO  impl.RoleInfo (RoleInfo.java:shutdownFollowerState(121)) - 3d5530de-0751-4f46-9b90-87f3bfa7393e: shutdown FollowerState
2019-09-19 14:56:13,787 [Thread-2864] INFO  impl.RaftServerImpl (RaftServerImpl.java:setRole(174)) - 3d5530de-0751-4f46-9b90-87f3bfa7393e@group-C83DB19F5780: changes role from  FOLLOWER to CANDIDATE at term 0 for changeToCandidate
2019-09-19 14:56:13,787 [Thread-2864] INFO  impl.RoleInfo (RoleInfo.java:updateAndGet(143)) - 3d5530de-0751-4f46-9b90-87f3bfa7393e: start LeaderElection
2019-09-19 14:56:13,816 [3d5530de-0751-4f46-9b90-87f3bfa7393e@group-C83DB19F5780:LeaderElection50] INFO  impl.LeaderElection (LeaderElection.java:askForVotes(182)) - 3d5530de-0751-4f46-9b90-87f3bfa7393e@group-C83DB19F5780:LeaderElection50: begin an election at term 1 for -1: [3d5530de-0751-4f46-9b90-87f3bfa7393e:192.168.34.4:40485], old=null
2019-09-19 14:56:13,817 [3d5530de-0751-4f46-9b90-87f3bfa7393e@group-C83DB19F5780:LeaderElection50] INFO  impl.RoleInfo (RoleInfo.java:shutdownLeaderElection(134)) - 3d5530de-0751-4f46-9b90-87f3bfa7393e: shutdown LeaderElection
2019-09-19 14:56:13,817 [3d5530de-0751-4f46-9b90-87f3bfa7393e@group-C83DB19F5780:LeaderElection50] INFO  impl.RaftServerImpl (RaftServerImpl.java:setRole(174)) - 3d5530de-0751-4f46-9b90-87f3bfa7393e@group-C83DB19F5780: changes role from CANDIDATE to LEADER at term 1 for changeToLeader
2019-09-19 14:56:13,817 [3d5530de-0751-4f46-9b90-87f3bfa7393e@group-C83DB19F5780:LeaderElection50] INFO  impl.RaftServerImpl (ServerState.java:setLeader(253)) - 3d5530de-0751-4f46-9b90-87f3bfa7393e@group-C83DB19F5780: change Leader from null to 3d5530de-0751-4f46-9b90-87f3bfa7393e at term 1 for becomeLeader, leader elected after 5040ms
2019-09-19 14:56:13,817 [3d5530de-0751-4f46-9b90-87f3bfa7393e@group-C83DB19F5780:LeaderElection50] INFO  server.RaftServerConfigKeys (ConfUtils.java:logGet(43)) - raft.server.staging.catchup.gap = 1000 (default)
2019-09-19 14:56:13,817 [3d5530de-0751-4f46-9b90-87f3bfa7393e@group-C83DB19F5780:LeaderElection50] INFO  server.RaftServerConfigKeys (ConfUtils.java:logGet(43)) - raft.server.rpc.sleep.time = 25ms (default)
2019-09-19 14:56:13,818 [3d5530de-0751-4f46-9b90-87f3bfa7393e@group-C83DB19F5780:LeaderElection50] INFO  server.RaftServerConfigKeys (ConfUtils.java:logGet(43)) - raft.server.write.element-limit = 4096 (default)
2019-09-19 14:56:13,818 [3d5530de-0751-4f46-9b90-87f3bfa7393e@group-C83DB19F5780:LeaderElection50] INFO  server.RaftServerConfigKeys (ConfUtils.java:logGet(43)) - raft.server.watch.timeout = 10s (default)
2019-09-19 14:56:13,818 [3d5530de-0751-4f46-9b90-87f3bfa7393e@group-C83DB19F5780:LeaderElection50] INFO  server.RaftServerConfigKeys (ConfUtils.java:logGet(43)) - raft.server.watch.timeout.denomination = 1s (default)
2019-09-19 14:56:13,818 [3d5530de-0751-4f46-9b90-87f3bfa7393e@group-C83DB19F5780:LeaderElection50] INFO  server.RaftServerConfigKeys (ConfUtils.java:logGet(43)) - raft.server.watch.element-limit = 65536 (default)
2019-09-19 14:56:13,821 [3d5530de-0751-4f46-9b90-87f3bfa7393e@group-C83DB19F5780:LeaderElection50] INFO  impl.RoleInfo (RoleInfo.java:updateAndGet(143)) - 3d5530de-0751-4f46-9b90-87f3bfa7393e: start LeaderState
2019-09-19 14:56:13,822 [3d5530de-0751-4f46-9b90-87f3bfa7393e@group-C83DB19F5780:LeaderElection50] INFO  segmented.SegmentedRaftLogWorker (SegmentedRaftLogWorker.java:startLogSegment(380)) - 3d5530de-0751-4f46-9b90-87f3bfa7393e@group-C83DB19F5780-SegmentedRaftLogWorker: Starting segment from index:0
2019-09-19 14:56:13,822 [3d5530de-0751-4f46-9b90-87f3bfa7393e@group-C83DB19F5780:LeaderElection50] INFO  impl.RaftServerImpl (ServerState.java:setRaftConf(354)) - 3d5530de-0751-4f46-9b90-87f3bfa7393e@group-C83DB19F5780: set configuration 0: [3d5530de-0751-4f46-9b90-87f3bfa7393e:192.168.34.4:40485], old=null at 0
2019-09-19 14:56:13,864 [3d5530de-0751-4f46-9b90-87f3bfa7393e@group-C83DB19F5780-SegmentedRaftLogWorker] INFO  segmented.SegmentedRaftLogWorker (SegmentedRaftLogWorker.java:execute(569)) - 3d5530de-0751-4f46-9b90-87f3bfa7393e@group-C83DB19F5780-SegmentedRaftLogWorker: created new log segment /workdir/hadoop-ozone/integration-test/target/test-dir/MiniOzoneClusterImpl-99c120a9-ba08-420c-a34c-f177dbe2ba07/datanode-1/data/ratis/839e3923-43ec-4912-8191-c83db19f5780/current/log_inprogress_0
2019-09-19 14:56:13,918 [Thread-2861] INFO  impl.FollowerState (FollowerState.java:run(106)) - bf13c666-9333-4478-bd2b-7df3f9fc008b:group-541C60637F01 changes to CANDIDATE, lastRpcTime:5183, electionTimeout:5183ms
2019-09-19 14:56:13,918 [Thread-2861] INFO  impl.RoleInfo (RoleInfo.java:shutdownFollowerState(121)) - bf13c666-9333-4478-bd2b-7df3f9fc008b: shutdown FollowerState
2019-09-19 14:56:13,918 [Thread-2861] INFO  impl.RaftServerImpl (RaftServerImpl.java:setRole(174)) - bf13c666-9333-4478-bd2b-7df3f9fc008b@group-541C60637F01: changes role from  FOLLOWER to CANDIDATE at term 0 for changeToCandidate
2019-09-19 14:56:13,919 [Thread-2861] INFO  impl.RoleInfo (RoleInfo.java:updateAndGet(143)) - bf13c666-9333-4478-bd2b-7df3f9fc008b: start LeaderElection
2019-09-19 14:56:13,925 [Thread-2867] INFO  impl.FollowerState (FollowerState.java:run(106)) - 788f10a7-df1a-4cb8-be9d-a4f63e5e0cc9:group-0EF1BCE66D44 changes to CANDIDATE, lastRpcTime:5076, electionTimeout:5070ms
2019-09-19 14:56:13,948 [Thread-2867] INFO  impl.RoleInfo (RoleInfo.java:shutdownFollowerState(121)) - 788f10a7-df1a-4cb8-be9d-a4f63e5e0cc9: shutdown FollowerState
2019-09-19 14:56:13,949 [Thread-2867] INFO  impl.RaftServerImpl (RaftServerImpl.java:setRole(174)) - 788f10a7-df1a-4cb8-be9d-a4f63e5e0cc9@group-0EF1BCE66D44: changes role from  FOLLOWER to CANDIDATE at term 0 for changeToCandidate
2019-09-19 14:56:13,949 [Thread-2867] INFO  impl.RoleInfo (RoleInfo.java:updateAndGet(143)) - 788f10a7-df1a-4cb8-be9d-a4f63e5e0cc9: start LeaderElection
2019-09-19 14:56:13,964 [bf13c666-9333-4478-bd2b-7df3f9fc008b@group-541C60637F01:LeaderElection51] INFO  impl.LeaderElection (LeaderElection.java:askForVotes(182)) - bf13c666-9333-4478-bd2b-7df3f9fc008b@group-541C60637F01:LeaderElection51: begin an election at term 1 for -1: [bf13c666-9333-4478-bd2b-7df3f9fc008b:192.168.34.4:35164], old=null
2019-09-19 14:56:13,964 [788f10a7-df1a-4cb8-be9d-a4f63e5e0cc9@group-0EF1BCE66D44:LeaderElection52] INFO  impl.LeaderElection (LeaderElection.java:askForVotes(182)) - 788f10a7-df1a-4cb8-be9d-a4f63e5e0cc9@group-0EF1BCE66D44:LeaderElection52: begin an election at term 1 for -1: [788f10a7-df1a-4cb8-be9d-a4f63e5e0cc9:192.168.34.4:35597], old=null
2019-09-19 14:56:13,964 [bf13c666-9333-4478-bd2b-7df3f9fc008b@group-541C60637F01:LeaderElection51] INFO  impl.RoleInfo (RoleInfo.java:shutdownLeaderElection(134)) - bf13c666-9333-4478-bd2b-7df3f9fc008b: shutdown LeaderElection
2019-09-19 14:56:13,964 [788f10a7-df1a-4cb8-be9d-a4f63e5e0cc9@group-0EF1BCE66D44:LeaderElection52] INFO  impl.RoleInfo (RoleInfo.java:shutdownLeaderElection(134)) - 788f10a7-df1a-4cb8-be9d-a4f63e5e0cc9: shutdown LeaderElection
2019-09-19 14:56:13,964 [bf13c666-9333-4478-bd2b-7df3f9fc008b@group-541C60637F01:LeaderElection51] INFO  impl.RaftServerImpl (RaftServerImpl.java:setRole(174)) - bf13c666-9333-4478-bd2b-7df3f9fc008b@group-541C60637F01: changes role from CANDIDATE to LEADER at term 1 for changeToLeader
2019-09-19 14:56:13,965 [788f10a7-df1a-4cb8-be9d-a4f63e5e0cc9@group-0EF1BCE66D44:LeaderElection52] INFO  impl.RaftServerImpl (RaftServerImpl.java:setRole(174)) - 788f10a7-df1a-4cb8-be9d-a4f63e5e0cc9@group-0EF1BCE66D44: changes role from CANDIDATE to LEADER at term 1 for changeToLeader
2019-09-19 14:56:13,965 [bf13c666-9333-4478-bd2b-7df3f9fc008b@group-541C60637F01:LeaderElection51] INFO  impl.RaftServerImpl (ServerState.java:setLeader(253)) - bf13c666-9333-4478-bd2b-7df3f9fc008b@group-541C60637F01: change Leader from null to bf13c666-9333-4478-bd2b-7df3f9fc008b at term 1 for becomeLeader, leader elected after 5239ms
2019-09-19 14:56:13,965 [788f10a7-df1a-4cb8-be9d-a4f63e5e0cc9@group-0EF1BCE66D44:LeaderElection52] INFO  impl.RaftServerImpl (ServerState.java:setLeader(253)) - 788f10a7-df1a-4cb8-be9d-a4f63e5e0cc9@group-0EF1BCE66D44: change Leader from null to 788f10a7-df1a-4cb8-be9d-a4f63e5e0cc9 at term 1 for becomeLeader, leader elected after 5122ms
2019-09-19 14:56:13,965 [bf13c666-9333-4478-bd2b-7df3f9fc008b@group-541C60637F01:LeaderElection51] INFO  server.RaftServerConfigKeys (ConfUtils.java:logGet(43)) - raft.server.staging.catchup.gap = 1000 (default)
2019-09-19 14:56:13,965 [788f10a7-df1a-4cb8-be9d-a4f63e5e0cc9@group-0EF1BCE66D44:LeaderElection52] INFO  server.RaftServerConfigKeys (ConfUtils.java:logGet(43)) - raft.server.staging.catchup.gap = 1000 (default)
2019-09-19 14:56:13,965 [bf13c666-9333-4478-bd2b-7df3f9fc008b@group-541C60637F01:LeaderElection51] INFO  server.RaftServerConfigKeys (ConfUtils.java:logGet(43)) - raft.server.rpc.sleep.time = 25ms (default)
2019-09-19 14:56:13,965 [788f10a7-df1a-4cb8-be9d-a4f63e5e0cc9@group-0EF1BCE66D44:LeaderElection52] INFO  server.RaftServerConfigKeys (ConfUtils.java:logGet(43)) - raft.server.rpc.sleep.time = 25ms (default)
2019-09-19 14:56:13,965 [bf13c666-9333-4478-bd2b-7df3f9fc008b@group-541C60637F01:LeaderElection51] INFO  server.RaftServerConfigKeys (ConfUtils.java:logGet(43)) - raft.server.write.element-limit = 4096 (default)
2019-09-19 14:56:13,965 [788f10a7-df1a-4cb8-be9d-a4f63e5e0cc9@group-0EF1BCE66D44:LeaderElection52] INFO  server.RaftServerConfigKeys (ConfUtils.java:logGet(43)) - raft.server.write.element-limit = 4096 (default)
2019-09-19 14:56:13,965 [bf13c666-9333-4478-bd2b-7df3f9fc008b@group-541C60637F01:LeaderElection51] INFO  server.RaftServerConfigKeys (ConfUtils.java:logGet(43)) - raft.server.watch.timeout = 10s (default)
2019-09-19 14:56:13,966 [788f10a7-df1a-4cb8-be9d-a4f63e5e0cc9@group-0EF1BCE66D44:LeaderElection52] INFO  server.RaftServerConfigKeys (ConfUtils.java:logGet(43)) - raft.server.watch.timeout = 10s (default)
2019-09-19 14:56:13,966 [bf13c666-9333-4478-bd2b-7df3f9fc008b@group-541C60637F01:LeaderElection51] INFO  server.RaftServerConfigKeys (ConfUtils.java:logGet(43)) - raft.server.watch.timeout.denomination = 1s (default)
2019-09-19 14:56:13,966 [788f10a7-df1a-4cb8-be9d-a4f63e5e0cc9@group-0EF1BCE66D44:LeaderElection52] INFO  server.RaftServerConfigKeys (ConfUtils.java:logGet(43)) - raft.server.watch.timeout.denomination = 1s (default)
2019-09-19 14:56:13,966 [bf13c666-9333-4478-bd2b-7df3f9fc008b@group-541C60637F01:LeaderElection51] INFO  server.RaftServerConfigKeys (ConfUtils.java:logGet(43)) - raft.server.watch.element-limit = 65536 (default)
2019-09-19 14:56:13,966 [788f10a7-df1a-4cb8-be9d-a4f63e5e0cc9@group-0EF1BCE66D44:LeaderElection52] INFO  server.RaftServerConfigKeys (ConfUtils.java:logGet(43)) - raft.server.watch.element-limit = 65536 (default)
2019-09-19 14:56:13,968 [bf13c666-9333-4478-bd2b-7df3f9fc008b@group-541C60637F01:LeaderElection51] INFO  impl.RoleInfo (RoleInfo.java:updateAndGet(143)) - bf13c666-9333-4478-bd2b-7df3f9fc008b: start LeaderState
2019-09-19 14:56:13,968 [bf13c666-9333-4478-bd2b-7df3f9fc008b@group-541C60637F01:LeaderElection51] INFO  segmented.SegmentedRaftLogWorker (SegmentedRaftLogWorker.java:startLogSegment(380)) - bf13c666-9333-4478-bd2b-7df3f9fc008b@group-541C60637F01-SegmentedRaftLogWorker: Starting segment from index:0
2019-09-19 14:56:13,968 [788f10a7-df1a-4cb8-be9d-a4f63e5e0cc9@group-0EF1BCE66D44:LeaderElection52] INFO  impl.RoleInfo (RoleInfo.java:updateAndGet(143)) - 788f10a7-df1a-4cb8-be9d-a4f63e5e0cc9: start LeaderState
2019-09-19 14:56:13,969 [bf13c666-9333-4478-bd2b-7df3f9fc008b@group-541C60637F01:LeaderElection51] INFO  impl.RaftServerImpl (ServerState.java:setRaftConf(354)) - bf13c666-9333-4478-bd2b-7df3f9fc008b@group-541C60637F01: set configuration 0: [bf13c666-9333-4478-bd2b-7df3f9fc008b:192.168.34.4:35164], old=null at 0
2019-09-19 14:56:13,969 [788f10a7-df1a-4cb8-be9d-a4f63e5e0cc9@group-0EF1BCE66D44:LeaderElection52] INFO  segmented.SegmentedRaftLogWorker (SegmentedRaftLogWorker.java:startLogSegment(380)) - 788f10a7-df1a-4cb8-be9d-a4f63e5e0cc9@group-0EF1BCE66D44-SegmentedRaftLogWorker: Starting segment from index:0
2019-09-19 14:56:13,999 [Thread-2870] INFO  impl.FollowerState (FollowerState.java:run(106)) - 788f10a7-df1a-4cb8-be9d-a4f63e5e0cc9:group-EEF6089ADCDD changes to CANDIDATE, lastRpcTime:5092, electionTimeout:5068ms
2019-09-19 14:56:13,999 [Thread-2870] INFO  impl.RoleInfo (RoleInfo.java:shutdownFollowerState(121)) - 788f10a7-df1a-4cb8-be9d-a4f63e5e0cc9: shutdown FollowerState
2019-09-19 14:56:13,999 [Thread-2870] INFO  impl.RaftServerImpl (RaftServerImpl.java:setRole(174)) - 788f10a7-df1a-4cb8-be9d-a4f63e5e0cc9@group-EEF6089ADCDD: changes role from  FOLLOWER to CANDIDATE at term 0 for changeToCandidate
2019-09-19 14:56:13,999 [788f10a7-df1a-4cb8-be9d-a4f63e5e0cc9@group-0EF1BCE66D44:LeaderElection52] INFO  impl.RaftServerImpl (ServerState.java:setRaftConf(354)) - 788f10a7-df1a-4cb8-be9d-a4f63e5e0cc9@group-0EF1BCE66D44: set configuration 0: [788f10a7-df1a-4cb8-be9d-a4f63e5e0cc9:192.168.34.4:35597], old=null at 0
2019-09-19 14:56:14,000 [Thread-2870] INFO  impl.RoleInfo (RoleInfo.java:updateAndGet(143)) - 788f10a7-df1a-4cb8-be9d-a4f63e5e0cc9: start LeaderElection
2019-09-19 14:56:14,025 [bf13c666-9333-4478-bd2b-7df3f9fc008b@group-541C60637F01-SegmentedRaftLogWorker] INFO  segmented.SegmentedRaftLogWorker (SegmentedRaftLogWorker.java:execute(569)) - bf13c666-9333-4478-bd2b-7df3f9fc008b@group-541C60637F01-SegmentedRaftLogWorker: created new log segment /workdir/hadoop-ozone/integration-test/target/test-dir/MiniOzoneClusterImpl-99c120a9-ba08-420c-a34c-f177dbe2ba07/datanode-0/data/ratis/66d850e1-aec2-4e3b-b1ef-541c60637f01/current/log_inprogress_0
2019-09-19 14:56:14,037 [788f10a7-df1a-4cb8-be9d-a4f63e5e0cc9@group-0EF1BCE66D44-SegmentedRaftLogWorker] INFO  segmented.SegmentedRaftLogWorker (SegmentedRaftLogWorker.java:execute(569)) - 788f10a7-df1a-4cb8-be9d-a4f63e5e0cc9@group-0EF1BCE66D44-SegmentedRaftLogWorker: created new log segment /workdir/hadoop-ozone/integration-test/target/test-dir/MiniOzoneClusterImpl-99c120a9-ba08-420c-a34c-f177dbe2ba07/datanode-2/data/ratis/5f3ab33e-e8fa-4842-9daf-0ef1bce66d44/current/log_inprogress_0
2019-09-19 14:56:14,037 [788f10a7-df1a-4cb8-be9d-a4f63e5e0cc9@group-EEF6089ADCDD:LeaderElection53] INFO  impl.LeaderElection (LeaderElection.java:askForVotes(182)) - 788f10a7-df1a-4cb8-be9d-a4f63e5e0cc9@group-EEF6089ADCDD:LeaderElection53: begin an election at term 1 for -1: [788f10a7-df1a-4cb8-be9d-a4f63e5e0cc9:192.168.34.4:35597, 3d5530de-0751-4f46-9b90-87f3bfa7393e:192.168.34.4:40485, bf13c666-9333-4478-bd2b-7df3f9fc008b:192.168.34.4:35164], old=null
2019-09-19 14:56:14,045 [grpc-default-executor-7] INFO  impl.RaftServerImpl (RaftServerImpl.java:setRole(174)) - bf13c666-9333-4478-bd2b-7df3f9fc008b@group-EEF6089ADCDD: changes role from  FOLLOWER to FOLLOWER at term 1 for recognizeCandidate:788f10a7-df1a-4cb8-be9d-a4f63e5e0cc9
2019-09-19 14:56:14,045 [grpc-default-executor-6] INFO  impl.RaftServerImpl (RaftServerImpl.java:setRole(174)) - 3d5530de-0751-4f46-9b90-87f3bfa7393e@group-EEF6089ADCDD: changes role from  FOLLOWER to FOLLOWER at term 1 for recognizeCandidate:788f10a7-df1a-4cb8-be9d-a4f63e5e0cc9
2019-09-19 14:56:14,045 [grpc-default-executor-7] INFO  impl.RoleInfo (RoleInfo.java:shutdownFollowerState(121)) - bf13c666-9333-4478-bd2b-7df3f9fc008b: shutdown FollowerState
2019-09-19 14:56:14,045 [grpc-default-executor-6] INFO  impl.RoleInfo (RoleInfo.java:shutdownFollowerState(121)) - 3d5530de-0751-4f46-9b90-87f3bfa7393e: shutdown FollowerState
2019-09-19 14:56:14,046 [grpc-default-executor-7] INFO  impl.RoleInfo (RoleInfo.java:updateAndGet(143)) - bf13c666-9333-4478-bd2b-7df3f9fc008b: start FollowerState
2019-09-19 14:56:14,046 [grpc-default-executor-6] INFO  impl.RoleInfo (RoleInfo.java:updateAndGet(143)) - 3d5530de-0751-4f46-9b90-87f3bfa7393e: start FollowerState
2019-09-19 14:56:14,046 [Thread-2875] INFO  impl.FollowerState (FollowerState.java:run(115)) - bf13c666-9333-4478-bd2b-7df3f9fc008b: FollowerState was interrupted: java.lang.InterruptedException: sleep interrupted
2019-09-19 14:56:14,046 [Thread-2874] INFO  impl.FollowerState (FollowerState.java:run(115)) - 3d5530de-0751-4f46-9b90-87f3bfa7393e: FollowerState was interrupted: java.lang.InterruptedException: sleep interrupted
2019-09-19 14:56:14,067 [788f10a7-df1a-4cb8-be9d-a4f63e5e0cc9@group-EEF6089ADCDD:LeaderElection53] INFO  impl.LeaderElection (LeaderElection.java:logAndReturn(56)) - 788f10a7-df1a-4cb8-be9d-a4f63e5e0cc9@group-EEF6089ADCDD:LeaderElection53: Election PASSED; received 1 response(s) [788f10a7-df1a-4cb8-be9d-a4f63e5e0cc9<-bf13c666-9333-4478-bd2b-7df3f9fc008b#0:OK-t1] and 0 exception(s); 788f10a7-df1a-4cb8-be9d-a4f63e5e0cc9@group-EEF6089ADCDD:t1, leader=null, voted=788f10a7-df1a-4cb8-be9d-a4f63e5e0cc9, raftlog=788f10a7-df1a-4cb8-be9d-a4f63e5e0cc9@group-EEF6089ADCDD-SegmentedRaftLog:OPENED:c-1,f-1,i0, conf=-1: [788f10a7-df1a-4cb8-be9d-a4f63e5e0cc9:192.168.34.4:35597, 3d5530de-0751-4f46-9b90-87f3bfa7393e:192.168.34.4:40485, bf13c666-9333-4478-bd2b-7df3f9fc008b:192.168.34.4:35164], old=null
2019-09-19 14:56:14,067 [788f10a7-df1a-4cb8-be9d-a4f63e5e0cc9@group-EEF6089ADCDD:LeaderElection53] INFO  impl.RoleInfo (RoleInfo.java:shutdownLeaderElection(134)) - 788f10a7-df1a-4cb8-be9d-a4f63e5e0cc9: shutdown LeaderElection
2019-09-19 14:56:14,067 [788f10a7-df1a-4cb8-be9d-a4f63e5e0cc9@group-EEF6089ADCDD:LeaderElection53] INFO  impl.RaftServerImpl (RaftServerImpl.java:setRole(174)) - 788f10a7-df1a-4cb8-be9d-a4f63e5e0cc9@group-EEF6089ADCDD: changes role from CANDIDATE to LEADER at term 1 for changeToLeader
2019-09-19 14:56:14,067 [788f10a7-df1a-4cb8-be9d-a4f63e5e0cc9@group-EEF6089ADCDD:LeaderElection53] INFO  impl.RaftServerImpl (ServerState.java:setLeader(253)) - 788f10a7-df1a-4cb8-be9d-a4f63e5e0cc9@group-EEF6089ADCDD: change Leader from null to 788f10a7-df1a-4cb8-be9d-a4f63e5e0cc9 at term 1 for becomeLeader, leader elected after 5170ms
2019-09-19 14:56:14,068 [788f10a7-df1a-4cb8-be9d-a4f63e5e0cc9@group-EEF6089ADCDD:LeaderElection53] INFO  server.RaftServerConfigKeys (ConfUtils.java:logGet(43)) - raft.server.staging.catchup.gap = 1000 (default)
2019-09-19 14:56:14,068 [788f10a7-df1a-4cb8-be9d-a4f63e5e0cc9@group-EEF6089ADCDD:LeaderElection53] INFO  server.RaftServerConfigKeys (ConfUtils.java:logGet(43)) - raft.server.rpc.sleep.time = 25ms (default)
2019-09-19 14:56:14,068 [788f10a7-df1a-4cb8-be9d-a4f63e5e0cc9@group-EEF6089ADCDD:LeaderElection53] INFO  server.RaftServerConfigKeys (ConfUtils.java:logGet(43)) - raft.server.write.element-limit = 4096 (default)
2019-09-19 14:56:14,068 [788f10a7-df1a-4cb8-be9d-a4f63e5e0cc9@group-EEF6089ADCDD:LeaderElection53] INFO  server.RaftServerConfigKeys (ConfUtils.java:logGet(43)) - raft.server.watch.timeout = 10s (default)
2019-09-19 14:56:14,068 [788f10a7-df1a-4cb8-be9d-a4f63e5e0cc9@group-EEF6089ADCDD:LeaderElection53] INFO  server.RaftServerConfigKeys (ConfUtils.java:logGet(43)) - raft.server.watch.timeout.denomination = 1s (default)
2019-09-19 14:56:14,068 [788f10a7-df1a-4cb8-be9d-a4f63e5e0cc9@group-EEF6089ADCDD:LeaderElection53] INFO  server.RaftServerConfigKeys (ConfUtils.java:logGet(43)) - raft.server.watch.element-limit = 65536 (default)
2019-09-19 14:56:14,070 [788f10a7-df1a-4cb8-be9d-a4f63e5e0cc9@group-EEF6089ADCDD:LeaderElection53] INFO  server.RaftServerConfigKeys (ConfUtils.java:logGet(43)) - raft.server.log.appender.snapshot.chunk.size.max = 16MB (=16777216) (default)
2019-09-19 14:56:14,070 [788f10a7-df1a-4cb8-be9d-a4f63e5e0cc9@group-EEF6089ADCDD:LeaderElection53] INFO  server.RaftServerConfigKeys (ConfUtils.java:logGet(43)) - raft.server.log.appender.buffer.byte-limit = 33554432 (custom)
2019-09-19 14:56:14,070 [788f10a7-df1a-4cb8-be9d-a4f63e5e0cc9@group-EEF6089ADCDD:LeaderElection53] INFO  server.RaftServerConfigKeys (ConfUtils.java:logGet(43)) - raft.server.log.appender.buffer.element-limit = 1 (custom)
2019-09-19 14:56:14,070 [788f10a7-df1a-4cb8-be9d-a4f63e5e0cc9@group-EEF6089ADCDD:LeaderElection53] INFO  grpc.GrpcConfigKeys$Server (ConfUtils.java:logGet(43)) - raft.grpc.server.leader.outstanding.appends.max = 128 (default)
2019-09-19 14:56:14,071 [788f10a7-df1a-4cb8-be9d-a4f63e5e0cc9@group-EEF6089ADCDD:LeaderElection53] INFO  server.RaftServerConfigKeys (ConfUtils.java:logGet(43)) - raft.server.rpc.request.timeout = 3000ms (default)
2019-09-19 14:56:14,071 [788f10a7-df1a-4cb8-be9d-a4f63e5e0cc9@group-EEF6089ADCDD:LeaderElection53] INFO  server.RaftServerConfigKeys (ConfUtils.java:logGet(43)) - raft.server.log.appender.install.snapshot.enabled = false (custom)
2019-09-19 14:56:14,071 [788f10a7-df1a-4cb8-be9d-a4f63e5e0cc9@group-EEF6089ADCDD:LeaderElection53] INFO  server.RaftServerConfigKeys (ConfUtils.java:logGet(43)) - raft.server.log.appender.snapshot.chunk.size.max = 16MB (=16777216) (default)
2019-09-19 14:56:14,071 [788f10a7-df1a-4cb8-be9d-a4f63e5e0cc9@group-EEF6089ADCDD:LeaderElection53] INFO  server.RaftServerConfigKeys (ConfUtils.java:logGet(43)) - raft.server.log.appender.buffer.byte-limit = 33554432 (custom)
2019-09-19 14:56:14,071 [788f10a7-df1a-4cb8-be9d-a4f63e5e0cc9@group-EEF6089ADCDD:LeaderElection53] INFO  server.RaftServerConfigKeys (ConfUtils.java:logGet(43)) - raft.server.log.appender.buffer.element-limit = 1 (custom)
2019-09-19 14:56:14,071 [788f10a7-df1a-4cb8-be9d-a4f63e5e0cc9@group-EEF6089ADCDD:LeaderElection53] INFO  grpc.GrpcConfigKeys$Server (ConfUtils.java:logGet(43)) - raft.grpc.server.leader.outstanding.appends.max = 128 (default)
2019-09-19 14:56:14,071 [788f10a7-df1a-4cb8-be9d-a4f63e5e0cc9@group-EEF6089ADCDD:LeaderElection53] INFO  server.RaftServerConfigKeys (ConfUtils.java:logGet(43)) - raft.server.rpc.request.timeout = 3000ms (default)
2019-09-19 14:56:14,071 [788f10a7-df1a-4cb8-be9d-a4f63e5e0cc9@group-EEF6089ADCDD:LeaderElection53] INFO  server.RaftServerConfigKeys (ConfUtils.java:logGet(43)) - raft.server.log.appender.install.snapshot.enabled = false (custom)
2019-09-19 14:56:14,072 [788f10a7-df1a-4cb8-be9d-a4f63e5e0cc9@group-EEF6089ADCDD:LeaderElection53] INFO  impl.RoleInfo (RoleInfo.java:updateAndGet(143)) - 788f10a7-df1a-4cb8-be9d-a4f63e5e0cc9: start LeaderState
2019-09-19 14:56:14,072 [788f10a7-df1a-4cb8-be9d-a4f63e5e0cc9@group-EEF6089ADCDD:LeaderElection53] INFO  segmented.SegmentedRaftLogWorker (SegmentedRaftLogWorker.java:startLogSegment(380)) - 788f10a7-df1a-4cb8-be9d-a4f63e5e0cc9@group-EEF6089ADCDD-SegmentedRaftLogWorker: Starting segment from index:0
2019-09-19 14:56:14,073 [788f10a7-df1a-4cb8-be9d-a4f63e5e0cc9@group-EEF6089ADCDD:LeaderElection53] INFO  impl.RaftServerImpl (ServerState.java:setRaftConf(354)) - 788f10a7-df1a-4cb8-be9d-a4f63e5e0cc9@group-EEF6089ADCDD: set configuration 0: [788f10a7-df1a-4cb8-be9d-a4f63e5e0cc9:192.168.34.4:35597, 3d5530de-0751-4f46-9b90-87f3bfa7393e:192.168.34.4:40485, bf13c666-9333-4478-bd2b-7df3f9fc008b:192.168.34.4:35164], old=null at 0
2019-09-19 14:56:14,102 [grpc-default-executor-6] INFO  impl.RaftServerImpl (ServerState.java:setLeader(253)) - 3d5530de-0751-4f46-9b90-87f3bfa7393e@group-EEF6089ADCDD: change Leader from null to 788f10a7-df1a-4cb8-be9d-a4f63e5e0cc9 at term 1 for appendEntries, leader elected after 5204ms
2019-09-19 14:56:14,102 [grpc-default-executor-7] INFO  impl.RaftServerImpl (ServerState.java:setLeader(253)) - bf13c666-9333-4478-bd2b-7df3f9fc008b@group-EEF6089ADCDD: change Leader from null to 788f10a7-df1a-4cb8-be9d-a4f63e5e0cc9 at term 1 for appendEntries, leader elected after 5204ms
2019-09-19 14:56:14,113 [grpc-default-executor-7] INFO  impl.RaftServerImpl (ServerState.java:setRaftConf(354)) - 3d5530de-0751-4f46-9b90-87f3bfa7393e@group-EEF6089ADCDD: set configuration 0: [788f10a7-df1a-4cb8-be9d-a4f63e5e0cc9:192.168.34.4:35597, 3d5530de-0751-4f46-9b90-87f3bfa7393e:192.168.34.4:40485, bf13c666-9333-4478-bd2b-7df3f9fc008b:192.168.34.4:35164], old=null at 0
2019-09-19 14:56:14,113 [grpc-default-executor-6] INFO  impl.RaftServerImpl (ServerState.java:setRaftConf(354)) - bf13c666-9333-4478-bd2b-7df3f9fc008b@group-EEF6089ADCDD: set configuration 0: [788f10a7-df1a-4cb8-be9d-a4f63e5e0cc9:192.168.34.4:35597, 3d5530de-0751-4f46-9b90-87f3bfa7393e:192.168.34.4:40485, bf13c666-9333-4478-bd2b-7df3f9fc008b:192.168.34.4:35164], old=null at 0
2019-09-19 14:56:14,113 [grpc-default-executor-7] INFO  segmented.SegmentedRaftLogWorker (SegmentedRaftLogWorker.java:startLogSegment(380)) - 3d5530de-0751-4f46-9b90-87f3bfa7393e@group-EEF6089ADCDD-SegmentedRaftLogWorker: Starting segment from index:0
2019-09-19 14:56:14,113 [grpc-default-executor-6] INFO  segmented.SegmentedRaftLogWorker (SegmentedRaftLogWorker.java:startLogSegment(380)) - bf13c666-9333-4478-bd2b-7df3f9fc008b@group-EEF6089ADCDD-SegmentedRaftLogWorker: Starting segment from index:0
2019-09-19 14:56:14,114 [788f10a7-df1a-4cb8-be9d-a4f63e5e0cc9@group-EEF6089ADCDD-SegmentedRaftLogWorker] INFO  segmented.SegmentedRaftLogWorker (SegmentedRaftLogWorker.java:execute(569)) - 788f10a7-df1a-4cb8-be9d-a4f63e5e0cc9@group-EEF6089ADCDD-SegmentedRaftLogWorker: created new log segment /workdir/hadoop-ozone/integration-test/target/test-dir/MiniOzoneClusterImpl-99c120a9-ba08-420c-a34c-f177dbe2ba07/datanode-2/data/ratis/2302d1cd-cb91-456d-949d-eef6089adcdd/current/log_inprogress_0
2019-09-19 14:56:14,114 [Thread-2879] INFO  impl.FollowerState (FollowerState.java:run(106)) - 0d3107a9-04ba-472f-b8eb-753278bc281d:group-6EE41BD8A996 changes to CANDIDATE, lastRpcTime:5085, electionTimeout:5085ms
2019-09-19 14:56:14,114 [Thread-2879] INFO  impl.RoleInfo (RoleInfo.java:shutdownFollowerState(121)) - 0d3107a9-04ba-472f-b8eb-753278bc281d: shutdown FollowerState
2019-09-19 14:56:14,114 [Thread-2879] INFO  impl.RaftServerImpl (RaftServerImpl.java:setRole(174)) - 0d3107a9-04ba-472f-b8eb-753278bc281d@group-6EE41BD8A996: changes role from  FOLLOWER to CANDIDATE at term 0 for changeToCandidate
2019-09-19 14:56:14,114 [Thread-2879] INFO  impl.RoleInfo (RoleInfo.java:updateAndGet(143)) - 0d3107a9-04ba-472f-b8eb-753278bc281d: start LeaderElection
2019-09-19 14:56:14,149 [3d5530de-0751-4f46-9b90-87f3bfa7393e@group-EEF6089ADCDD-SegmentedRaftLogWorker] INFO  segmented.SegmentedRaftLogWorker (SegmentedRaftLogWorker.java:execute(569)) - 3d5530de-0751-4f46-9b90-87f3bfa7393e@group-EEF6089ADCDD-SegmentedRaftLogWorker: created new log segment /workdir/hadoop-ozone/integration-test/target/test-dir/MiniOzoneClusterImpl-99c120a9-ba08-420c-a34c-f177dbe2ba07/datanode-1/data/ratis/2302d1cd-cb91-456d-949d-eef6089adcdd/current/log_inprogress_0
2019-09-19 14:56:14,149 [bf13c666-9333-4478-bd2b-7df3f9fc008b@group-EEF6089ADCDD-SegmentedRaftLogWorker] INFO  segmented.SegmentedRaftLogWorker (SegmentedRaftLogWorker.java:execute(569)) - bf13c666-9333-4478-bd2b-7df3f9fc008b@group-EEF6089ADCDD-SegmentedRaftLogWorker: created new log segment /workdir/hadoop-ozone/integration-test/target/test-dir/MiniOzoneClusterImpl-99c120a9-ba08-420c-a34c-f177dbe2ba07/datanode-0/data/ratis/2302d1cd-cb91-456d-949d-eef6089adcdd/current/log_inprogress_0
2019-09-19 14:56:14,162 [0d3107a9-04ba-472f-b8eb-753278bc281d@group-6EE41BD8A996:LeaderElection54] INFO  impl.LeaderElection (LeaderElection.java:askForVotes(182)) - 0d3107a9-04ba-472f-b8eb-753278bc281d@group-6EE41BD8A996:LeaderElection54: begin an election at term 1 for -1: [0d3107a9-04ba-472f-b8eb-753278bc281d:192.168.34.4:41260], old=null
2019-09-19 14:56:14,162 [0d3107a9-04ba-472f-b8eb-753278bc281d@group-6EE41BD8A996:LeaderElection54] INFO  impl.RoleInfo (RoleInfo.java:shutdownLeaderElection(134)) - 0d3107a9-04ba-472f-b8eb-753278bc281d: shutdown LeaderElection
2019-09-19 14:56:14,163 [0d3107a9-04ba-472f-b8eb-753278bc281d@group-6EE41BD8A996:LeaderElection54] INFO  impl.RaftServerImpl (RaftServerImpl.java:setRole(174)) - 0d3107a9-04ba-472f-b8eb-753278bc281d@group-6EE41BD8A996: changes role from CANDIDATE to LEADER at term 1 for changeToLeader
2019-09-19 14:56:14,163 [0d3107a9-04ba-472f-b8eb-753278bc281d@group-6EE41BD8A996:LeaderElection54] INFO  impl.RaftServerImpl (ServerState.java:setLeader(253)) - 0d3107a9-04ba-472f-b8eb-753278bc281d@group-6EE41BD8A996: change Leader from null to 0d3107a9-04ba-472f-b8eb-753278bc281d at term 1 for becomeLeader, leader elected after 5142ms
2019-09-19 14:56:14,163 [0d3107a9-04ba-472f-b8eb-753278bc281d@group-6EE41BD8A996:LeaderElection54] INFO  server.RaftServerConfigKeys (ConfUtils.java:logGet(43)) - raft.server.staging.catchup.gap = 1000 (default)
2019-09-19 14:56:14,163 [0d3107a9-04ba-472f-b8eb-753278bc281d@group-6EE41BD8A996:LeaderElection54] INFO  server.RaftServerConfigKeys (ConfUtils.java:logGet(43)) - raft.server.rpc.sleep.time = 25ms (default)
2019-09-19 14:56:14,163 [0d3107a9-04ba-472f-b8eb-753278bc281d@group-6EE41BD8A996:LeaderElection54] INFO  server.RaftServerConfigKeys (ConfUtils.java:logGet(43)) - raft.server.write.element-limit = 4096 (default)
2019-09-19 14:56:14,163 [0d3107a9-04ba-472f-b8eb-753278bc281d@group-6EE41BD8A996:LeaderElection54] INFO  server.RaftServerConfigKeys (ConfUtils.java:logGet(43)) - raft.server.watch.timeout = 10s (default)
2019-09-19 14:56:14,163 [0d3107a9-04ba-472f-b8eb-753278bc281d@group-6EE41BD8A996:LeaderElection54] INFO  server.RaftServerConfigKeys (ConfUtils.java:logGet(43)) - raft.server.watch.timeout.denomination = 1s (default)
2019-09-19 14:56:14,164 [0d3107a9-04ba-472f-b8eb-753278bc281d@group-6EE41BD8A996:LeaderElection54] INFO  server.RaftServerConfigKeys (ConfUtils.java:logGet(43)) - raft.server.watch.element-limit = 65536 (default)
2019-09-19 14:56:14,167 [0d3107a9-04ba-472f-b8eb-753278bc281d@group-6EE41BD8A996:LeaderElection54] INFO  impl.RoleInfo (RoleInfo.java:updateAndGet(143)) - 0d3107a9-04ba-472f-b8eb-753278bc281d: start LeaderState
2019-09-19 14:56:14,167 [0d3107a9-04ba-472f-b8eb-753278bc281d@group-6EE41BD8A996:LeaderElection54] INFO  segmented.SegmentedRaftLogWorker (SegmentedRaftLogWorker.java:startLogSegment(380)) - 0d3107a9-04ba-472f-b8eb-753278bc281d@group-6EE41BD8A996-SegmentedRaftLogWorker: Starting segment from index:0
2019-09-19 14:56:14,168 [0d3107a9-04ba-472f-b8eb-753278bc281d@group-6EE41BD8A996:LeaderElection54] INFO  impl.RaftServerImpl (ServerState.java:setRaftConf(354)) - 0d3107a9-04ba-472f-b8eb-753278bc281d@group-6EE41BD8A996: set configuration 0: [0d3107a9-04ba-472f-b8eb-753278bc281d:192.168.34.4:41260], old=null at 0
2019-09-19 14:56:14,202 [Thread-2882] INFO  impl.FollowerState (FollowerState.java:run(106)) - 0e9a5d88-1690-4d3c-993b-d1eb442bc938:group-E41EB84E7DFA changes to CANDIDATE, lastRpcTime:5120, electionTimeout:5097ms
2019-09-19 14:56:14,204 [Thread-2882] INFO  impl.RoleInfo (RoleInfo.java:shutdownFollowerState(121)) - 0e9a5d88-1690-4d3c-993b-d1eb442bc938: shutdown FollowerState
2019-09-19 14:56:14,204 [Thread-2882] INFO  impl.RaftServerImpl (RaftServerImpl.java:setRole(174)) - 0e9a5d88-1690-4d3c-993b-d1eb442bc938@group-E41EB84E7DFA: changes role from  FOLLOWER to CANDIDATE at term 0 for changeToCandidate
2019-09-19 14:56:14,204 [Thread-2882] INFO  impl.RoleInfo (RoleInfo.java:updateAndGet(143)) - 0e9a5d88-1690-4d3c-993b-d1eb442bc938: start LeaderElection
2019-09-19 14:56:14,214 [0d3107a9-04ba-472f-b8eb-753278bc281d@group-6EE41BD8A996-SegmentedRaftLogWorker] INFO  segmented.SegmentedRaftLogWorker (SegmentedRaftLogWorker.java:execute(569)) - 0d3107a9-04ba-472f-b8eb-753278bc281d@group-6EE41BD8A996-SegmentedRaftLogWorker: created new log segment /workdir/hadoop-ozone/integration-test/target/test-dir/MiniOzoneClusterImpl-99c120a9-ba08-420c-a34c-f177dbe2ba07/datanode-3/data/ratis/1a5a4a2d-9736-4e9e-bab7-6ee41bd8a996/current/log_inprogress_0
2019-09-19 14:56:14,214 [0e9a5d88-1690-4d3c-993b-d1eb442bc938@group-E41EB84E7DFA:LeaderElection55] INFO  impl.LeaderElection (LeaderElection.java:askForVotes(182)) - 0e9a5d88-1690-4d3c-993b-d1eb442bc938@group-E41EB84E7DFA:LeaderElection55: begin an election at term 1 for -1: [0e9a5d88-1690-4d3c-993b-d1eb442bc938:192.168.34.4:41272], old=null
2019-09-19 14:56:14,214 [0e9a5d88-1690-4d3c-993b-d1eb442bc938@group-E41EB84E7DFA:LeaderElection55] INFO  impl.RoleInfo (RoleInfo.java:shutdownLeaderElection(134)) - 0e9a5d88-1690-4d3c-993b-d1eb442bc938: shutdown LeaderElection
2019-09-19 14:56:14,214 [0e9a5d88-1690-4d3c-993b-d1eb442bc938@group-E41EB84E7DFA:LeaderElection55] INFO  impl.RaftServerImpl (RaftServerImpl.java:setRole(174)) - 0e9a5d88-1690-4d3c-993b-d1eb442bc938@group-E41EB84E7DFA: changes role from CANDIDATE to LEADER at term 1 for changeToLeader
2019-09-19 14:56:14,215 [0e9a5d88-1690-4d3c-993b-d1eb442bc938@group-E41EB84E7DFA:LeaderElection55] INFO  impl.RaftServerImpl (ServerState.java:setLeader(253)) - 0e9a5d88-1690-4d3c-993b-d1eb442bc938@group-E41EB84E7DFA: change Leader from null to 0e9a5d88-1690-4d3c-993b-d1eb442bc938 at term 1 for becomeLeader, leader elected after 5138ms
2019-09-19 14:56:14,215 [0e9a5d88-1690-4d3c-993b-d1eb442bc938@group-E41EB84E7DFA:LeaderElection55] INFO  server.RaftServerConfigKeys (ConfUtils.java:logGet(43)) - raft.server.staging.catchup.gap = 1000 (default)
2019-09-19 14:56:14,215 [0e9a5d88-1690-4d3c-993b-d1eb442bc938@group-E41EB84E7DFA:LeaderElection55] INFO  server.RaftServerConfigKeys (ConfUtils.java:logGet(43)) - raft.server.rpc.sleep.time = 25ms (default)
2019-09-19 14:56:14,215 [0e9a5d88-1690-4d3c-993b-d1eb442bc938@group-E41EB84E7DFA:LeaderElection55] INFO  server.RaftServerConfigKeys (ConfUtils.java:logGet(43)) - raft.server.write.element-limit = 4096 (default)
2019-09-19 14:56:14,215 [0e9a5d88-1690-4d3c-993b-d1eb442bc938@group-E41EB84E7DFA:LeaderElection55] INFO  server.RaftServerConfigKeys (ConfUtils.java:logGet(43)) - raft.server.watch.timeout = 10s (default)
2019-09-19 14:56:14,215 [0e9a5d88-1690-4d3c-993b-d1eb442bc938@group-E41EB84E7DFA:LeaderElection55] INFO  server.RaftServerConfigKeys (ConfUtils.java:logGet(43)) - raft.server.watch.timeout.denomination = 1s (default)
2019-09-19 14:56:14,215 [0e9a5d88-1690-4d3c-993b-d1eb442bc938@group-E41EB84E7DFA:LeaderElection55] INFO  server.RaftServerConfigKeys (ConfUtils.java:logGet(43)) - raft.server.watch.element-limit = 65536 (default)
2019-09-19 14:56:14,217 [0e9a5d88-1690-4d3c-993b-d1eb442bc938@group-E41EB84E7DFA:LeaderElection55] INFO  impl.RoleInfo (RoleInfo.java:updateAndGet(143)) - 0e9a5d88-1690-4d3c-993b-d1eb442bc938: start LeaderState
2019-09-19 14:56:14,217 [0e9a5d88-1690-4d3c-993b-d1eb442bc938@group-E41EB84E7DFA:LeaderElection55] INFO  segmented.SegmentedRaftLogWorker (SegmentedRaftLogWorker.java:startLogSegment(380)) - 0e9a5d88-1690-4d3c-993b-d1eb442bc938@group-E41EB84E7DFA-SegmentedRaftLogWorker: Starting segment from index:0
2019-09-19 14:56:14,218 [0e9a5d88-1690-4d3c-993b-d1eb442bc938@group-E41EB84E7DFA:LeaderElection55] INFO  impl.RaftServerImpl (ServerState.java:setRaftConf(354)) - 0e9a5d88-1690-4d3c-993b-d1eb442bc938@group-E41EB84E7DFA: set configuration 0: [0e9a5d88-1690-4d3c-993b-d1eb442bc938:192.168.34.4:41272], old=null at 0
2019-09-19 14:56:14,264 [0e9a5d88-1690-4d3c-993b-d1eb442bc938@group-E41EB84E7DFA-SegmentedRaftLogWorker] INFO  segmented.SegmentedRaftLogWorker (SegmentedRaftLogWorker.java:execute(569)) - 0e9a5d88-1690-4d3c-993b-d1eb442bc938@group-E41EB84E7DFA-SegmentedRaftLogWorker: created new log segment /workdir/hadoop-ozone/integration-test/target/test-dir/MiniOzoneClusterImpl-99c120a9-ba08-420c-a34c-f177dbe2ba07/datanode-4/data/ratis/1f5d75b9-ee89-43bd-9cfe-e41eb84e7dfa/current/log_inprogress_0
2019-09-19 14:56:14,285 [grpc-default-executor-6] INFO  client.GrpcClientProtocolClient (GrpcClientProtocolClient.java:onNext(264)) - client-1F73FCBD3B30->0d3107a9-04ba-472f-b8eb-753278bc281d: receive RaftClientReply:client-1F73FCBD3B30->0d3107a9-04ba-472f-b8eb-753278bc281d@group-5501053FBD97, cid=174, FAILED org.apache.ratis.protocol.NotLeaderException: Server 0d3107a9-04ba-472f-b8eb-753278bc281d@group-5501053FBD97 is not the leader, logIndex=0, commits[0d3107a9-04ba-472f-b8eb-753278bc281d:c-1]
2019-09-19 14:56:14,309 [Thread-2885] INFO  impl.FollowerState (FollowerState.java:run(106)) - 9541d083-5ce9-4e0f-acb1-c0874f3633f2:group-3408A9FB9CBD changes to CANDIDATE, lastRpcTime:5177, electionTimeout:5177ms
2019-09-19 14:56:14,309 [Thread-2885] INFO  impl.RoleInfo (RoleInfo.java:shutdownFollowerState(121)) - 9541d083-5ce9-4e0f-acb1-c0874f3633f2: shutdown FollowerState
2019-09-19 14:56:14,310 [Thread-2888] INFO  impl.FollowerState (FollowerState.java:run(106)) - c216299f-cbcf-4288-b39c-5bdcbace6c48:group-DDFA86A4D67E changes to CANDIDATE, lastRpcTime:5129, electionTimeout:5129ms
2019-09-19 14:56:14,310 [Thread-2885] INFO  impl.RaftServerImpl (RaftServerImpl.java:setRole(174)) - 9541d083-5ce9-4e0f-acb1-c0874f3633f2@group-3408A9FB9CBD: changes role from  FOLLOWER to CANDIDATE at term 0 for changeToCandidate
2019-09-19 14:56:14,310 [Thread-2888] INFO  impl.RoleInfo (RoleInfo.java:shutdownFollowerState(121)) - c216299f-cbcf-4288-b39c-5bdcbace6c48: shutdown FollowerState
2019-09-19 14:56:14,310 [Thread-2885] INFO  impl.RoleInfo (RoleInfo.java:updateAndGet(143)) - 9541d083-5ce9-4e0f-acb1-c0874f3633f2: start LeaderElection
2019-09-19 14:56:14,310 [Thread-2888] INFO  impl.RaftServerImpl (RaftServerImpl.java:setRole(174)) - c216299f-cbcf-4288-b39c-5bdcbace6c48@group-DDFA86A4D67E: changes role from  FOLLOWER to CANDIDATE at term 0 for changeToCandidate
2019-09-19 14:56:14,310 [Thread-2888] INFO  impl.RoleInfo (RoleInfo.java:updateAndGet(143)) - c216299f-cbcf-4288-b39c-5bdcbace6c48: start LeaderElection
2019-09-19 14:56:14,336 [c216299f-cbcf-4288-b39c-5bdcbace6c48@group-DDFA86A4D67E:LeaderElection57] INFO  impl.LeaderElection (LeaderElection.java:askForVotes(182)) - c216299f-cbcf-4288-b39c-5bdcbace6c48@group-DDFA86A4D67E:LeaderElection57: begin an election at term 1 for -1: [c216299f-cbcf-4288-b39c-5bdcbace6c48:192.168.34.4:33582], old=null
2019-09-19 14:56:14,336 [9541d083-5ce9-4e0f-acb1-c0874f3633f2@group-3408A9FB9CBD:LeaderElection56] INFO  impl.LeaderElection (LeaderElection.java:askForVotes(182)) - 9541d083-5ce9-4e0f-acb1-c0874f3633f2@group-3408A9FB9CBD:LeaderElection56: begin an election at term 1 for -1: [9541d083-5ce9-4e0f-acb1-c0874f3633f2:192.168.34.4:46148], old=null
2019-09-19 14:56:14,336 [c216299f-cbcf-4288-b39c-5bdcbace6c48@group-DDFA86A4D67E:LeaderElection57] INFO  impl.RoleInfo (RoleInfo.java:shutdownLeaderElection(134)) - c216299f-cbcf-4288-b39c-5bdcbace6c48: shutdown LeaderElection
2019-09-19 14:56:14,336 [9541d083-5ce9-4e0f-acb1-c0874f3633f2@group-3408A9FB9CBD:LeaderElection56] INFO  impl.RoleInfo (RoleInfo.java:shutdownLeaderElection(134)) - 9541d083-5ce9-4e0f-acb1-c0874f3633f2: shutdown LeaderElection
2019-09-19 14:56:14,336 [c216299f-cbcf-4288-b39c-5bdcbace6c48@group-DDFA86A4D67E:LeaderElection57] INFO  impl.RaftServerImpl (RaftServerImpl.java:setRole(174)) - c216299f-cbcf-4288-b39c-5bdcbace6c48@group-DDFA86A4D67E: changes role from CANDIDATE to LEADER at term 1 for changeToLeader
2019-09-19 14:56:14,336 [9541d083-5ce9-4e0f-acb1-c0874f3633f2@group-3408A9FB9CBD:LeaderElection56] INFO  impl.RaftServerImpl (RaftServerImpl.java:setRole(174)) - 9541d083-5ce9-4e0f-acb1-c0874f3633f2@group-3408A9FB9CBD: changes role from CANDIDATE to LEADER at term 1 for changeToLeader
2019-09-19 14:56:14,336 [c216299f-cbcf-4288-b39c-5bdcbace6c48@group-DDFA86A4D67E:LeaderElection57] INFO  impl.RaftServerImpl (ServerState.java:setLeader(253)) - c216299f-cbcf-4288-b39c-5bdcbace6c48@group-DDFA86A4D67E: change Leader from null to c216299f-cbcf-4288-b39c-5bdcbace6c48 at term 1 for becomeLeader, leader elected after 5161ms
2019-09-19 14:56:14,336 [9541d083-5ce9-4e0f-acb1-c0874f3633f2@group-3408A9FB9CBD:LeaderElection56] INFO  impl.RaftServerImpl (ServerState.java:setLeader(253)) - 9541d083-5ce9-4e0f-acb1-c0874f3633f2@group-3408A9FB9CBD: change Leader from null to 9541d083-5ce9-4e0f-acb1-c0874f3633f2 at term 1 for becomeLeader, leader elected after 5211ms
2019-09-19 14:56:14,336 [c216299f-cbcf-4288-b39c-5bdcbace6c48@group-DDFA86A4D67E:LeaderElection57] INFO  server.RaftServerConfigKeys (ConfUtils.java:logGet(43)) - raft.server.staging.catchup.gap = 1000 (default)
2019-09-19 14:56:14,337 [9541d083-5ce9-4e0f-acb1-c0874f3633f2@group-3408A9FB9CBD:LeaderElection56] INFO  server.RaftServerConfigKeys (ConfUtils.java:logGet(43)) - raft.server.staging.catchup.gap = 1000 (default)
2019-09-19 14:56:14,337 [c216299f-cbcf-4288-b39c-5bdcbace6c48@group-DDFA86A4D67E:LeaderElection57] INFO  server.RaftServerConfigKeys (ConfUtils.java:logGet(43)) - raft.server.rpc.sleep.time = 25ms (default)
2019-09-19 14:56:14,337 [9541d083-5ce9-4e0f-acb1-c0874f3633f2@group-3408A9FB9CBD:LeaderElection56] INFO  server.RaftServerConfigKeys (ConfUtils.java:logGet(43)) - raft.server.rpc.sleep.time = 25ms (default)
2019-09-19 14:56:14,337 [c216299f-cbcf-4288-b39c-5bdcbace6c48@group-DDFA86A4D67E:LeaderElection57] INFO  server.RaftServerConfigKeys (ConfUtils.java:logGet(43)) - raft.server.write.element-limit = 4096 (default)
2019-09-19 14:56:14,337 [9541d083-5ce9-4e0f-acb1-c0874f3633f2@group-3408A9FB9CBD:LeaderElection56] INFO  server.RaftServerConfigKeys (ConfUtils.java:logGet(43)) - raft.server.write.element-limit = 4096 (default)
2019-09-19 14:56:14,337 [c216299f-cbcf-4288-b39c-5bdcbace6c48@group-DDFA86A4D67E:LeaderElection57] INFO  server.RaftServerConfigKeys (ConfUtils.java:logGet(43)) - raft.server.watch.timeout = 10s (default)
2019-09-19 14:56:14,337 [9541d083-5ce9-4e0f-acb1-c0874f3633f2@group-3408A9FB9CBD:LeaderElection56] INFO  server.RaftServerConfigKeys (ConfUtils.java:logGet(43)) - raft.server.watch.timeout = 10s (default)
2019-09-19 14:56:14,337 [c216299f-cbcf-4288-b39c-5bdcbace6c48@group-DDFA86A4D67E:LeaderElection57] INFO  server.RaftServerConfigKeys (ConfUtils.java:logGet(43)) - raft.server.watch.timeout.denomination = 1s (default)
2019-09-19 14:56:14,337 [9541d083-5ce9-4e0f-acb1-c0874f3633f2@group-3408A9FB9CBD:LeaderElection56] INFO  server.RaftServerConfigKeys (ConfUtils.java:logGet(43)) - raft.server.watch.timeout.denomination = 1s (default)
2019-09-19 14:56:14,337 [c216299f-cbcf-4288-b39c-5bdcbace6c48@group-DDFA86A4D67E:LeaderElection57] INFO  server.RaftServerConfigKeys (ConfUtils.java:logGet(43)) - raft.server.watch.element-limit = 65536 (default)
2019-09-19 14:56:14,338 [9541d083-5ce9-4e0f-acb1-c0874f3633f2@group-3408A9FB9CBD:LeaderElection56] INFO  server.RaftServerConfigKeys (ConfUtils.java:logGet(43)) - raft.server.watch.element-limit = 65536 (default)
2019-09-19 14:56:14,340 [c216299f-cbcf-4288-b39c-5bdcbace6c48@group-DDFA86A4D67E:LeaderElection57] INFO  impl.RoleInfo (RoleInfo.java:updateAndGet(143)) - c216299f-cbcf-4288-b39c-5bdcbace6c48: start LeaderState
2019-09-19 14:56:14,340 [c216299f-cbcf-4288-b39c-5bdcbace6c48@group-DDFA86A4D67E:LeaderElection57] INFO  segmented.SegmentedRaftLogWorker (SegmentedRaftLogWorker.java:startLogSegment(380)) - c216299f-cbcf-4288-b39c-5bdcbace6c48@group-DDFA86A4D67E-SegmentedRaftLogWorker: Starting segment from index:0
2019-09-19 14:56:14,340 [9541d083-5ce9-4e0f-acb1-c0874f3633f2@group-3408A9FB9CBD:LeaderElection56] INFO  impl.RoleInfo (RoleInfo.java:updateAndGet(143)) - 9541d083-5ce9-4e0f-acb1-c0874f3633f2: start LeaderState
2019-09-19 14:56:14,340 [c216299f-cbcf-4288-b39c-5bdcbace6c48@group-DDFA86A4D67E:LeaderElection57] INFO  impl.RaftServerImpl (ServerState.java:setRaftConf(354)) - c216299f-cbcf-4288-b39c-5bdcbace6c48@group-DDFA86A4D67E: set configuration 0: [c216299f-cbcf-4288-b39c-5bdcbace6c48:192.168.34.4:33582], old=null at 0
2019-09-19 14:56:14,340 [9541d083-5ce9-4e0f-acb1-c0874f3633f2@group-3408A9FB9CBD:LeaderElection56] INFO  segmented.SegmentedRaftLogWorker (SegmentedRaftLogWorker.java:startLogSegment(380)) - 9541d083-5ce9-4e0f-acb1-c0874f3633f2@group-3408A9FB9CBD-SegmentedRaftLogWorker: Starting segment from index:0
2019-09-19 14:56:14,370 [Thread-2891] INFO  impl.FollowerState (FollowerState.java:run(106)) - c216299f-cbcf-4288-b39c-5bdcbace6c48:group-5501053FBD97 changes to CANDIDATE, lastRpcTime:5132, electionTimeout:5124ms
2019-09-19 14:56:14,371 [9541d083-5ce9-4e0f-acb1-c0874f3633f2@group-3408A9FB9CBD:LeaderElection56] INFO  impl.RaftServerImpl (ServerState.java:setRaftConf(354)) - 9541d083-5ce9-4e0f-acb1-c0874f3633f2@group-3408A9FB9CBD: set configuration 0: [9541d083-5ce9-4e0f-acb1-c0874f3633f2:192.168.34.4:46148], old=null at 0
2019-09-19 14:56:14,371 [Thread-2891] INFO  impl.RoleInfo (RoleInfo.java:shutdownFollowerState(121)) - c216299f-cbcf-4288-b39c-5bdcbace6c48: shutdown FollowerState
2019-09-19 14:56:14,408 [Thread-2895] INFO  impl.FollowerState (FollowerState.java:run(106)) - 0d3107a9-04ba-472f-b8eb-753278bc281d:group-5501053FBD97 changes to CANDIDATE, lastRpcTime:5164, electionTimeout:5130ms
2019-09-19 14:56:14,408 [Thread-2891] INFO  impl.RaftServerImpl (RaftServerImpl.java:setRole(174)) - c216299f-cbcf-4288-b39c-5bdcbace6c48@group-5501053FBD97: changes role from  FOLLOWER to CANDIDATE at term 0 for changeToCandidate
2019-09-19 14:56:14,408 [c216299f-cbcf-4288-b39c-5bdcbace6c48@group-DDFA86A4D67E-SegmentedRaftLogWorker] INFO  segmented.SegmentedRaftLogWorker (SegmentedRaftLogWorker.java:execute(569)) - c216299f-cbcf-4288-b39c-5bdcbace6c48@group-DDFA86A4D67E-SegmentedRaftLogWorker: created new log segment /workdir/hadoop-ozone/integration-test/target/test-dir/MiniOzoneClusterImpl-99c120a9-ba08-420c-a34c-f177dbe2ba07/datanode-6/data/ratis/863da141-6039-4829-958e-ddfa86a4d67e/current/log_inprogress_0
2019-09-19 14:56:14,408 [Thread-2896] INFO  impl.FollowerState (FollowerState.java:run(106)) - 9541d083-5ce9-4e0f-acb1-c0874f3633f2:group-5501053FBD97 changes to CANDIDATE, lastRpcTime:5164, electionTimeout:5152ms
2019-09-19 14:56:14,409 [Thread-2891] INFO  impl.RoleInfo (RoleInfo.java:updateAndGet(143)) - c216299f-cbcf-4288-b39c-5bdcbace6c48: start LeaderElection
2019-09-19 14:56:14,409 [Thread-2895] INFO  impl.RoleInfo (RoleInfo.java:shutdownFollowerState(121)) - 0d3107a9-04ba-472f-b8eb-753278bc281d: shutdown FollowerState
2019-09-19 14:56:14,409 [Thread-2896] INFO  impl.RoleInfo (RoleInfo.java:shutdownFollowerState(121)) - 9541d083-5ce9-4e0f-acb1-c0874f3633f2: shutdown FollowerState
2019-09-19 14:56:14,409 [Thread-2895] INFO  impl.RaftServerImpl (RaftServerImpl.java:setRole(174)) - 0d3107a9-04ba-472f-b8eb-753278bc281d@group-5501053FBD97: changes role from  FOLLOWER to CANDIDATE at term 0 for changeToCandidate
2019-09-19 14:56:14,409 [Thread-2896] INFO  impl.RaftServerImpl (RaftServerImpl.java:setRole(174)) - 9541d083-5ce9-4e0f-acb1-c0874f3633f2@group-5501053FBD97: changes role from  FOLLOWER to CANDIDATE at term 0 for changeToCandidate
2019-09-19 14:56:14,414 [Thread-2895] INFO  impl.RoleInfo (RoleInfo.java:updateAndGet(143)) - 0d3107a9-04ba-472f-b8eb-753278bc281d: start LeaderElection
2019-09-19 14:56:14,414 [Thread-2896] INFO  impl.RoleInfo (RoleInfo.java:updateAndGet(143)) - 9541d083-5ce9-4e0f-acb1-c0874f3633f2: start LeaderElection
2019-09-19 14:56:14,422 [9541d083-5ce9-4e0f-acb1-c0874f3633f2@group-3408A9FB9CBD-SegmentedRaftLogWorker] INFO  segmented.SegmentedRaftLogWorker (SegmentedRaftLogWorker.java:execute(569)) - 9541d083-5ce9-4e0f-acb1-c0874f3633f2@group-3408A9FB9CBD-SegmentedRaftLogWorker: created new log segment /workdir/hadoop-ozone/integration-test/target/test-dir/MiniOzoneClusterImpl-99c120a9-ba08-420c-a34c-f177dbe2ba07/datanode-5/data/ratis/8bd28c0c-7630-4542-b2a2-3408a9fb9cbd/current/log_inprogress_0
2019-09-19 14:56:14,426 [9541d083-5ce9-4e0f-acb1-c0874f3633f2@group-5501053FBD97:LeaderElection60] INFO  impl.LeaderElection (LeaderElection.java:askForVotes(182)) - 9541d083-5ce9-4e0f-acb1-c0874f3633f2@group-5501053FBD97:LeaderElection60: begin an election at term 1 for -1: [c216299f-cbcf-4288-b39c-5bdcbace6c48:192.168.34.4:33582, 0d3107a9-04ba-472f-b8eb-753278bc281d:192.168.34.4:41260, 9541d083-5ce9-4e0f-acb1-c0874f3633f2:192.168.34.4:46148], old=null
2019-09-19 14:56:14,426 [0d3107a9-04ba-472f-b8eb-753278bc281d@group-5501053FBD97:LeaderElection59] INFO  impl.LeaderElection (LeaderElection.java:askForVotes(182)) - 0d3107a9-04ba-472f-b8eb-753278bc281d@group-5501053FBD97:LeaderElection59: begin an election at term 1 for -1: [c216299f-cbcf-4288-b39c-5bdcbace6c48:192.168.34.4:33582, 0d3107a9-04ba-472f-b8eb-753278bc281d:192.168.34.4:41260, 9541d083-5ce9-4e0f-acb1-c0874f3633f2:192.168.34.4:46148], old=null
2019-09-19 14:56:14,426 [c216299f-cbcf-4288-b39c-5bdcbace6c48@group-5501053FBD97:LeaderElection58] INFO  impl.LeaderElection (LeaderElection.java:askForVotes(182)) - c216299f-cbcf-4288-b39c-5bdcbace6c48@group-5501053FBD97:LeaderElection58: begin an election at term 1 for -1: [c216299f-cbcf-4288-b39c-5bdcbace6c48:192.168.34.4:33582, 0d3107a9-04ba-472f-b8eb-753278bc281d:192.168.34.4:41260, 9541d083-5ce9-4e0f-acb1-c0874f3633f2:192.168.34.4:46148], old=null
2019-09-19 14:56:14,449 [9541d083-5ce9-4e0f-acb1-c0874f3633f2@group-5501053FBD97:LeaderElection60] INFO  impl.LeaderElection (LeaderElection.java:logAndReturn(56)) - 9541d083-5ce9-4e0f-acb1-c0874f3633f2@group-5501053FBD97:LeaderElection60: Election REJECTED; received 2 response(s) [9541d083-5ce9-4e0f-acb1-c0874f3633f2<-c216299f-cbcf-4288-b39c-5bdcbace6c48#0:FAIL-t1, 9541d083-5ce9-4e0f-acb1-c0874f3633f2<-0d3107a9-04ba-472f-b8eb-753278bc281d#0:FAIL-t1] and 0 exception(s); 9541d083-5ce9-4e0f-acb1-c0874f3633f2@group-5501053FBD97:t1, leader=null, voted=9541d083-5ce9-4e0f-acb1-c0874f3633f2, raftlog=9541d083-5ce9-4e0f-acb1-c0874f3633f2@group-5501053FBD97-SegmentedRaftLog:OPENED:c-1,f-1,i0, conf=-1: [c216299f-cbcf-4288-b39c-5bdcbace6c48:192.168.34.4:33582, 0d3107a9-04ba-472f-b8eb-753278bc281d:192.168.34.4:41260, 9541d083-5ce9-4e0f-acb1-c0874f3633f2:192.168.34.4:46148], old=null
2019-09-19 14:56:14,449 [0d3107a9-04ba-472f-b8eb-753278bc281d@group-5501053FBD97:LeaderElection59] INFO  impl.LeaderElection (LeaderElection.java:logAndReturn(56)) - 0d3107a9-04ba-472f-b8eb-753278bc281d@group-5501053FBD97:LeaderElection59: Election REJECTED; received 2 response(s) [0d3107a9-04ba-472f-b8eb-753278bc281d<-c216299f-cbcf-4288-b39c-5bdcbace6c48#0:FAIL-t1, 0d3107a9-04ba-472f-b8eb-753278bc281d<-9541d083-5ce9-4e0f-acb1-c0874f3633f2#0:FAIL-t1] and 0 exception(s); 0d3107a9-04ba-472f-b8eb-753278bc281d@group-5501053FBD97:t1, leader=null, voted=0d3107a9-04ba-472f-b8eb-753278bc281d, raftlog=0d3107a9-04ba-472f-b8eb-753278bc281d@group-5501053FBD97-SegmentedRaftLog:OPENED:c-1,f-1,i0, conf=-1: [c216299f-cbcf-4288-b39c-5bdcbace6c48:192.168.34.4:33582, 0d3107a9-04ba-472f-b8eb-753278bc281d:192.168.34.4:41260, 9541d083-5ce9-4e0f-acb1-c0874f3633f2:192.168.34.4:46148], old=null
2019-09-19 14:56:14,449 [9541d083-5ce9-4e0f-acb1-c0874f3633f2@group-5501053FBD97:LeaderElection60] INFO  impl.RaftServerImpl (RaftServerImpl.java:setRole(174)) - 9541d083-5ce9-4e0f-acb1-c0874f3633f2@group-5501053FBD97: changes role from CANDIDATE to FOLLOWER at term 1 for DISCOVERED_A_NEW_TERM
2019-09-19 14:56:14,452 [9541d083-5ce9-4e0f-acb1-c0874f3633f2@group-5501053FBD97:LeaderElection60] INFO  impl.RoleInfo (RoleInfo.java:shutdownLeaderElection(134)) - 9541d083-5ce9-4e0f-acb1-c0874f3633f2: shutdown LeaderElection
2019-09-19 14:56:14,454 [c216299f-cbcf-4288-b39c-5bdcbace6c48@group-5501053FBD97:LeaderElection58] INFO  impl.LeaderElection (LeaderElection.java:logAndReturn(56)) - c216299f-cbcf-4288-b39c-5bdcbace6c48@group-5501053FBD97:LeaderElection58: Election REJECTED; received 2 response(s) [c216299f-cbcf-4288-b39c-5bdcbace6c48<-0d3107a9-04ba-472f-b8eb-753278bc281d#0:FAIL-t1, c216299f-cbcf-4288-b39c-5bdcbace6c48<-9541d083-5ce9-4e0f-acb1-c0874f3633f2#0:FAIL-t1] and 0 exception(s); c216299f-cbcf-4288-b39c-5bdcbace6c48@group-5501053FBD97:t1, leader=null, voted=c216299f-cbcf-4288-b39c-5bdcbace6c48, raftlog=c216299f-cbcf-4288-b39c-5bdcbace6c48@group-5501053FBD97-SegmentedRaftLog:OPENED:c-1,f-1,i0, conf=-1: [c216299f-cbcf-4288-b39c-5bdcbace6c48:192.168.34.4:33582, 0d3107a9-04ba-472f-b8eb-753278bc281d:192.168.34.4:41260, 9541d083-5ce9-4e0f-acb1-c0874f3633f2:192.168.34.4:46148], old=null
2019-09-19 14:56:14,454 [0d3107a9-04ba-472f-b8eb-753278bc281d@group-5501053FBD97:LeaderElection59] INFO  impl.RaftServerImpl (RaftServerImpl.java:setRole(174)) - 0d3107a9-04ba-472f-b8eb-753278bc281d@group-5501053FBD97: changes role from CANDIDATE to FOLLOWER at term 1 for DISCOVERED_A_NEW_TERM
2019-09-19 14:56:14,457 [0d3107a9-04ba-472f-b8eb-753278bc281d@group-5501053FBD97:LeaderElection59] INFO  impl.RoleInfo (RoleInfo.java:shutdownLeaderElection(134)) - 0d3107a9-04ba-472f-b8eb-753278bc281d: shutdown LeaderElection
2019-09-19 14:56:14,457 [c216299f-cbcf-4288-b39c-5bdcbace6c48@group-5501053FBD97:LeaderElection58] INFO  impl.RaftServerImpl (RaftServerImpl.java:setRole(174)) - c216299f-cbcf-4288-b39c-5bdcbace6c48@group-5501053FBD97: changes role from CANDIDATE to FOLLOWER at term 1 for DISCOVERED_A_NEW_TERM
2019-09-19 14:56:14,460 [c216299f-cbcf-4288-b39c-5bdcbace6c48@group-5501053FBD97:LeaderElection58] INFO  impl.RoleInfo (RoleInfo.java:shutdownLeaderElection(134)) - c216299f-cbcf-4288-b39c-5bdcbace6c48: shutdown LeaderElection
2019-09-19 14:56:14,455 [9541d083-5ce9-4e0f-acb1-c0874f3633f2@group-5501053FBD97:LeaderElection60] INFO  impl.RoleInfo (RoleInfo.java:updateAndGet(143)) - 9541d083-5ce9-4e0f-acb1-c0874f3633f2: start FollowerState
2019-09-19 14:56:14,460 [c216299f-cbcf-4288-b39c-5bdcbace6c48@group-5501053FBD97:LeaderElection58] INFO  impl.RoleInfo (RoleInfo.java:updateAndGet(143)) - c216299f-cbcf-4288-b39c-5bdcbace6c48: start FollowerState
2019-09-19 14:56:14,457 [0d3107a9-04ba-472f-b8eb-753278bc281d@group-5501053FBD97:LeaderElection59] INFO  impl.RoleInfo (RoleInfo.java:updateAndGet(143)) - 0d3107a9-04ba-472f-b8eb-753278bc281d: start FollowerState
2019-09-19 14:56:15,297 [grpc-default-executor-7] INFO  client.GrpcClientProtocolClient (GrpcClientProtocolClient.java:onNext(264)) - client-1F73FCBD3B30->9541d083-5ce9-4e0f-acb1-c0874f3633f2: receive RaftClientReply:client-1F73FCBD3B30->9541d083-5ce9-4e0f-acb1-c0874f3633f2@group-5501053FBD97, cid=174, FAILED org.apache.ratis.protocol.NotLeaderException: Server 9541d083-5ce9-4e0f-acb1-c0874f3633f2@group-5501053FBD97 is not the leader, logIndex=0, commits[9541d083-5ce9-4e0f-acb1-c0874f3633f2:c-1]
2019-09-19 14:56:16,309 [grpc-default-executor-7] INFO  client.GrpcClientProtocolClient (GrpcClientProtocolClient.java:onNext(264)) - client-1F73FCBD3B30->0d3107a9-04ba-472f-b8eb-753278bc281d: receive RaftClientReply:client-1F73FCBD3B30->0d3107a9-04ba-472f-b8eb-753278bc281d@group-5501053FBD97, cid=174, FAILED org.apache.ratis.protocol.NotLeaderException: Server 0d3107a9-04ba-472f-b8eb-753278bc281d@group-5501053FBD97 is not the leader, logIndex=0, commits[0d3107a9-04ba-472f-b8eb-753278bc281d:c-1]
2019-09-19 14:56:17,333 [grpc-default-executor-4] INFO  client.GrpcClientProtocolClient (GrpcClientProtocolClient.java:onNext(264)) - client-1F73FCBD3B30->c216299f-cbcf-4288-b39c-5bdcbace6c48: receive RaftClientReply:client-1F73FCBD3B30->c216299f-cbcf-4288-b39c-5bdcbace6c48@group-5501053FBD97, cid=174, FAILED org.apache.ratis.protocol.NotLeaderException: Server c216299f-cbcf-4288-b39c-5bdcbace6c48@group-5501053FBD97 is not the leader, logIndex=0, commits[c216299f-cbcf-4288-b39c-5bdcbace6c48:c-1]
2019-09-19 14:56:18,351 [grpc-default-executor-7] INFO  client.GrpcClientProtocolClient (GrpcClientProtocolClient.java:onNext(264)) - client-1F73FCBD3B30->0d3107a9-04ba-472f-b8eb-753278bc281d: receive RaftClientReply:client-1F73FCBD3B30->0d3107a9-04ba-472f-b8eb-753278bc281d@group-5501053FBD97, cid=174, FAILED org.apache.ratis.protocol.NotLeaderException: Server 0d3107a9-04ba-472f-b8eb-753278bc281d@group-5501053FBD97 is not the leader, logIndex=0, commits[0d3107a9-04ba-472f-b8eb-753278bc281d:c-1]
2019-09-19 14:56:19,366 [grpc-default-executor-7] INFO  client.GrpcClientProtocolClient (GrpcClientProtocolClient.java:onNext(264)) - client-1F73FCBD3B30->9541d083-5ce9-4e0f-acb1-c0874f3633f2: receive RaftClientReply:client-1F73FCBD3B30->9541d083-5ce9-4e0f-acb1-c0874f3633f2@group-5501053FBD97, cid=174, FAILED org.apache.ratis.protocol.NotLeaderException: Server 9541d083-5ce9-4e0f-acb1-c0874f3633f2@group-5501053FBD97 is not the leader, logIndex=0, commits[9541d083-5ce9-4e0f-acb1-c0874f3633f2:c-1]
2019-09-19 14:56:19,540 [Thread-2951] INFO  impl.FollowerState (FollowerState.java:run(106)) - 0d3107a9-04ba-472f-b8eb-753278bc281d:group-5501053FBD97 changes to CANDIDATE, lastRpcTime:5082, electionTimeout:5079ms
2019-09-19 14:56:19,541 [Thread-2951] INFO  impl.RoleInfo (RoleInfo.java:shutdownFollowerState(121)) - 0d3107a9-04ba-472f-b8eb-753278bc281d: shutdown FollowerState
2019-09-19 14:56:19,541 [Thread-2951] INFO  impl.RaftServerImpl (RaftServerImpl.java:setRole(174)) - 0d3107a9-04ba-472f-b8eb-753278bc281d@group-5501053FBD97: changes role from  FOLLOWER to CANDIDATE at term 1 for changeToCandidate
2019-09-19 14:56:19,542 [Thread-2951] INFO  impl.RoleInfo (RoleInfo.java:updateAndGet(143)) - 0d3107a9-04ba-472f-b8eb-753278bc281d: start LeaderElection
2019-09-19 14:56:19,565 [0d3107a9-04ba-472f-b8eb-753278bc281d@group-5501053FBD97:LeaderElection61] INFO  impl.LeaderElection (LeaderElection.java:askForVotes(182)) - 0d3107a9-04ba-472f-b8eb-753278bc281d@group-5501053FBD97:LeaderElection61: begin an election at term 2 for -1: [c216299f-cbcf-4288-b39c-5bdcbace6c48:192.168.34.4:33582, 0d3107a9-04ba-472f-b8eb-753278bc281d:192.168.34.4:41260, 9541d083-5ce9-4e0f-acb1-c0874f3633f2:192.168.34.4:46148], old=null
2019-09-19 14:56:19,570 [grpc-default-executor-7] INFO  impl.RaftServerImpl (RaftServerImpl.java:setRole(174)) - c216299f-cbcf-4288-b39c-5bdcbace6c48@group-5501053FBD97: changes role from  FOLLOWER to FOLLOWER at term 2 for recognizeCandidate:0d3107a9-04ba-472f-b8eb-753278bc281d
2019-09-19 14:56:19,570 [grpc-default-executor-4] INFO  impl.RaftServerImpl (RaftServerImpl.java:setRole(174)) - 9541d083-5ce9-4e0f-acb1-c0874f3633f2@group-5501053FBD97: changes role from  FOLLOWER to FOLLOWER at term 2 for recognizeCandidate:0d3107a9-04ba-472f-b8eb-753278bc281d
2019-09-19 14:56:19,570 [grpc-default-executor-7] INFO  impl.RoleInfo (RoleInfo.java:shutdownFollowerState(121)) - c216299f-cbcf-4288-b39c-5bdcbace6c48: shutdown FollowerState
2019-09-19 14:56:19,570 [grpc-default-executor-4] INFO  impl.RoleInfo (RoleInfo.java:shutdownFollowerState(121)) - 9541d083-5ce9-4e0f-acb1-c0874f3633f2: shutdown FollowerState
2019-09-19 14:56:19,571 [Thread-2952] INFO  impl.FollowerState (FollowerState.java:run(115)) - c216299f-cbcf-4288-b39c-5bdcbace6c48: FollowerState was interrupted: java.lang.InterruptedException: sleep interrupted
2019-09-19 14:56:19,571 [grpc-default-executor-7] INFO  impl.RoleInfo (RoleInfo.java:updateAndGet(143)) - c216299f-cbcf-4288-b39c-5bdcbace6c48: start FollowerState
2019-09-19 14:56:19,571 [Thread-2950] INFO  impl.FollowerState (FollowerState.java:run(115)) - 9541d083-5ce9-4e0f-acb1-c0874f3633f2: FollowerState was interrupted: java.lang.InterruptedException: sleep interrupted
2019-09-19 14:56:19,571 [grpc-default-executor-4] INFO  impl.RoleInfo (RoleInfo.java:updateAndGet(143)) - 9541d083-5ce9-4e0f-acb1-c0874f3633f2: start FollowerState
2019-09-19 14:56:19,592 [0d3107a9-04ba-472f-b8eb-753278bc281d@group-5501053FBD97:LeaderElection61] INFO  impl.LeaderElection (LeaderElection.java:logAndReturn(56)) - 0d3107a9-04ba-472f-b8eb-753278bc281d@group-5501053FBD97:LeaderElection61: Election PASSED; received 1 response(s) [0d3107a9-04ba-472f-b8eb-753278bc281d<-9541d083-5ce9-4e0f-acb1-c0874f3633f2#0:OK-t2] and 0 exception(s); 0d3107a9-04ba-472f-b8eb-753278bc281d@group-5501053FBD97:t2, leader=null, voted=0d3107a9-04ba-472f-b8eb-753278bc281d, raftlog=0d3107a9-04ba-472f-b8eb-753278bc281d@group-5501053FBD97-SegmentedRaftLog:OPENED:c-1,f-1,i0, conf=-1: [c216299f-cbcf-4288-b39c-5bdcbace6c48:192.168.34.4:33582, 0d3107a9-04ba-472f-b8eb-753278bc281d:192.168.34.4:41260, 9541d083-5ce9-4e0f-acb1-c0874f3633f2:192.168.34.4:46148], old=null
2019-09-19 14:56:19,592 [0d3107a9-04ba-472f-b8eb-753278bc281d@group-5501053FBD97:LeaderElection61] INFO  impl.RoleInfo (RoleInfo.java:shutdownLeaderElection(134)) - 0d3107a9-04ba-472f-b8eb-753278bc281d: shutdown LeaderElection
2019-09-19 14:56:19,593 [0d3107a9-04ba-472f-b8eb-753278bc281d@group-5501053FBD97:LeaderElection61] INFO  impl.RaftServerImpl (RaftServerImpl.java:setRole(174)) - 0d3107a9-04ba-472f-b8eb-753278bc281d@group-5501053FBD97: changes role from CANDIDATE to LEADER at term 2 for changeToLeader
2019-09-19 14:56:19,593 [0d3107a9-04ba-472f-b8eb-753278bc281d@group-5501053FBD97:LeaderElection61] INFO  impl.RaftServerImpl (ServerState.java:setLeader(253)) - 0d3107a9-04ba-472f-b8eb-753278bc281d@group-5501053FBD97: change Leader from null to 0d3107a9-04ba-472f-b8eb-753278bc281d at term 2 for becomeLeader, leader elected after 10369ms
2019-09-19 14:56:19,593 [0d3107a9-04ba-472f-b8eb-753278bc281d@group-5501053FBD97:LeaderElection61] INFO  server.RaftServerConfigKeys (ConfUtils.java:logGet(43)) - raft.server.staging.catchup.gap = 1000 (default)
2019-09-19 14:56:19,593 [0d3107a9-04ba-472f-b8eb-753278bc281d@group-5501053FBD97:LeaderElection61] INFO  server.RaftServerConfigKeys (ConfUtils.java:logGet(43)) - raft.server.rpc.sleep.time = 25ms (default)
2019-09-19 14:56:19,594 [0d3107a9-04ba-472f-b8eb-753278bc281d@group-5501053FBD97:LeaderElection61] INFO  server.RaftServerConfigKeys (ConfUtils.java:logGet(43)) - raft.server.write.element-limit = 4096 (default)
2019-09-19 14:56:19,594 [0d3107a9-04ba-472f-b8eb-753278bc281d@group-5501053FBD97:LeaderElection61] INFO  server.RaftServerConfigKeys (ConfUtils.java:logGet(43)) - raft.server.watch.timeout = 10s (default)
2019-09-19 14:56:19,594 [0d3107a9-04ba-472f-b8eb-753278bc281d@group-5501053FBD97:LeaderElection61] INFO  server.RaftServerConfigKeys (ConfUtils.java:logGet(43)) - raft.server.watch.timeout.denomination = 1s (default)
2019-09-19 14:56:19,594 [0d3107a9-04ba-472f-b8eb-753278bc281d@group-5501053FBD97:LeaderElection61] INFO  server.RaftServerConfigKeys (ConfUtils.java:logGet(43)) - raft.server.watch.element-limit = 65536 (default)
2019-09-19 14:56:19,598 [0d3107a9-04ba-472f-b8eb-753278bc281d@group-5501053FBD97:LeaderElection61] INFO  server.RaftServerConfigKeys (ConfUtils.java:logGet(43)) - raft.server.log.appender.snapshot.chunk.size.max = 16MB (=16777216) (default)
2019-09-19 14:56:19,599 [0d3107a9-04ba-472f-b8eb-753278bc281d@group-5501053FBD97:LeaderElection61] INFO  server.RaftServerConfigKeys (ConfUtils.java:logGet(43)) - raft.server.log.appender.buffer.byte-limit = 33554432 (custom)
2019-09-19 14:56:19,599 [0d3107a9-04ba-472f-b8eb-753278bc281d@group-5501053FBD97:LeaderElection61] INFO  server.RaftServerConfigKeys (ConfUtils.java:logGet(43)) - raft.server.log.appender.buffer.element-limit = 1 (custom)
2019-09-19 14:56:19,599 [0d3107a9-04ba-472f-b8eb-753278bc281d@group-5501053FBD97:LeaderElection61] INFO  grpc.GrpcConfigKeys$Server (ConfUtils.java:logGet(43)) - raft.grpc.server.leader.outstanding.appends.max = 128 (default)
2019-09-19 14:56:19,600 [0d3107a9-04ba-472f-b8eb-753278bc281d@group-5501053FBD97:LeaderElection61] INFO  server.RaftServerConfigKeys (ConfUtils.java:logGet(43)) - raft.server.rpc.request.timeout = 3000ms (default)
2019-09-19 14:56:19,600 [0d3107a9-04ba-472f-b8eb-753278bc281d@group-5501053FBD97:LeaderElection61] INFO  server.RaftServerConfigKeys (ConfUtils.java:logGet(43)) - raft.server.log.appender.install.snapshot.enabled = false (custom)
2019-09-19 14:56:19,600 [0d3107a9-04ba-472f-b8eb-753278bc281d@group-5501053FBD97:LeaderElection61] INFO  server.RaftServerConfigKeys (ConfUtils.java:logGet(43)) - raft.server.log.appender.snapshot.chunk.size.max = 16MB (=16777216) (default)
2019-09-19 14:56:19,600 [0d3107a9-04ba-472f-b8eb-753278bc281d@group-5501053FBD97:LeaderElection61] INFO  server.RaftServerConfigKeys (ConfUtils.java:logGet(43)) - raft.server.log.appender.buffer.byte-limit = 33554432 (custom)
2019-09-19 14:56:19,600 [0d3107a9-04ba-472f-b8eb-753278bc281d@group-5501053FBD97:LeaderElection61] INFO  server.RaftServerConfigKeys (ConfUtils.java:logGet(43)) - raft.server.log.appender.buffer.element-limit = 1 (custom)
2019-09-19 14:56:19,601 [0d3107a9-04ba-472f-b8eb-753278bc281d@group-5501053FBD97:LeaderElection61] INFO  grpc.GrpcConfigKeys$Server (ConfUtils.java:logGet(43)) - raft.grpc.server.leader.outstanding.appends.max = 128 (default)
2019-09-19 14:56:19,601 [0d3107a9-04ba-472f-b8eb-753278bc281d@group-5501053FBD97:LeaderElection61] INFO  server.RaftServerConfigKeys (ConfUtils.java:logGet(43)) - raft.server.rpc.request.timeout = 3000ms (default)
2019-09-19 14:56:19,601 [0d3107a9-04ba-472f-b8eb-753278bc281d@group-5501053FBD97:LeaderElection61] INFO  server.RaftServerConfigKeys (ConfUtils.java:logGet(43)) - raft.server.log.appender.install.snapshot.enabled = false (custom)
2019-09-19 14:56:19,601 [0d3107a9-04ba-472f-b8eb-753278bc281d@group-5501053FBD97:LeaderElection61] INFO  impl.RoleInfo (RoleInfo.java:updateAndGet(143)) - 0d3107a9-04ba-472f-b8eb-753278bc281d: start LeaderState
2019-09-19 14:56:19,602 [0d3107a9-04ba-472f-b8eb-753278bc281d@group-5501053FBD97:LeaderElection61] INFO  segmented.SegmentedRaftLogWorker (SegmentedRaftLogWorker.java:startLogSegment(380)) - 0d3107a9-04ba-472f-b8eb-753278bc281d@group-5501053FBD97-SegmentedRaftLogWorker: Starting segment from index:0
2019-09-19 14:56:19,603 [0d3107a9-04ba-472f-b8eb-753278bc281d@group-5501053FBD97:LeaderElection61] INFO  impl.RaftServerImpl (ServerState.java:setRaftConf(354)) - 0d3107a9-04ba-472f-b8eb-753278bc281d@group-5501053FBD97: set configuration 0: [c216299f-cbcf-4288-b39c-5bdcbace6c48:192.168.34.4:33582, 0d3107a9-04ba-472f-b8eb-753278bc281d:192.168.34.4:41260, 9541d083-5ce9-4e0f-acb1-c0874f3633f2:192.168.34.4:46148], old=null at 0
2019-09-19 14:56:19,638 [grpc-default-executor-4] INFO  impl.RaftServerImpl (ServerState.java:setLeader(253)) - c216299f-cbcf-4288-b39c-5bdcbace6c48@group-5501053FBD97: change Leader from null to 0d3107a9-04ba-472f-b8eb-753278bc281d at term 2 for appendEntries, leader elected after 10415ms
2019-09-19 14:56:19,638 [grpc-default-executor-7] INFO  impl.RaftServerImpl (ServerState.java:setLeader(253)) - 9541d083-5ce9-4e0f-acb1-c0874f3633f2@group-5501053FBD97: change Leader from null to 0d3107a9-04ba-472f-b8eb-753278bc281d at term 2 for appendEntries, leader elected after 10414ms
2019-09-19 14:56:19,644 [grpc-default-executor-4] INFO  impl.RaftServerImpl (ServerState.java:setRaftConf(354)) - c216299f-cbcf-4288-b39c-5bdcbace6c48@group-5501053FBD97: set configuration 0: [c216299f-cbcf-4288-b39c-5bdcbace6c48:192.168.34.4:33582, 0d3107a9-04ba-472f-b8eb-753278bc281d:192.168.34.4:41260, 9541d083-5ce9-4e0f-acb1-c0874f3633f2:192.168.34.4:46148], old=null at 0
2019-09-19 14:56:19,644 [grpc-default-executor-7] INFO  impl.RaftServerImpl (ServerState.java:setRaftConf(354)) - 9541d083-5ce9-4e0f-acb1-c0874f3633f2@group-5501053FBD97: set configuration 0: [c216299f-cbcf-4288-b39c-5bdcbace6c48:192.168.34.4:33582, 0d3107a9-04ba-472f-b8eb-753278bc281d:192.168.34.4:41260, 9541d083-5ce9-4e0f-acb1-c0874f3633f2:192.168.34.4:46148], old=null at 0
2019-09-19 14:56:19,644 [grpc-default-executor-4] INFO  segmented.SegmentedRaftLogWorker (SegmentedRaftLogWorker.java:startLogSegment(380)) - c216299f-cbcf-4288-b39c-5bdcbace6c48@group-5501053FBD97-SegmentedRaftLogWorker: Starting segment from index:0
2019-09-19 14:56:19,644 [grpc-default-executor-7] INFO  segmented.SegmentedRaftLogWorker (SegmentedRaftLogWorker.java:startLogSegment(380)) - 9541d083-5ce9-4e0f-acb1-c0874f3633f2@group-5501053FBD97-SegmentedRaftLogWorker: Starting segment from index:0
2019-09-19 14:56:19,649 [0d3107a9-04ba-472f-b8eb-753278bc281d@group-5501053FBD97-SegmentedRaftLogWorker] INFO  segmented.SegmentedRaftLogWorker (SegmentedRaftLogWorker.java:execute(569)) - 0d3107a9-04ba-472f-b8eb-753278bc281d@group-5501053FBD97-SegmentedRaftLogWorker: created new log segment /workdir/hadoop-ozone/integration-test/target/test-dir/MiniOzoneClusterImpl-99c120a9-ba08-420c-a34c-f177dbe2ba07/datanode-3/data/ratis/e50c039d-a311-411f-824f-5501053fbd97/current/log_inprogress_0
2019-09-19 14:56:19,691 [9541d083-5ce9-4e0f-acb1-c0874f3633f2@group-5501053FBD97-SegmentedRaftLogWorker] INFO  segmented.SegmentedRaftLogWorker (SegmentedRaftLogWorker.java:execute(569)) - 9541d083-5ce9-4e0f-acb1-c0874f3633f2@group-5501053FBD97-SegmentedRaftLogWorker: created new log segment /workdir/hadoop-ozone/integration-test/target/test-dir/MiniOzoneClusterImpl-99c120a9-ba08-420c-a34c-f177dbe2ba07/datanode-5/data/ratis/e50c039d-a311-411f-824f-5501053fbd97/current/log_inprogress_0
2019-09-19 14:56:19,691 [c216299f-cbcf-4288-b39c-5bdcbace6c48@group-5501053FBD97-SegmentedRaftLogWorker] INFO  segmented.SegmentedRaftLogWorker (SegmentedRaftLogWorker.java:execute(569)) - c216299f-cbcf-4288-b39c-5bdcbace6c48@group-5501053FBD97-SegmentedRaftLogWorker: created new log segment /workdir/hadoop-ozone/integration-test/target/test-dir/MiniOzoneClusterImpl-99c120a9-ba08-420c-a34c-f177dbe2ba07/datanode-6/data/ratis/e50c039d-a311-411f-824f-5501053fbd97/current/log_inprogress_0
2019-09-19 14:56:20,509 [grpc-default-executor-4] INFO  client.GrpcClientProtocolClient (GrpcClientProtocolClient.java:onNext(264)) - client-1F73FCBD3B30->0d3107a9-04ba-472f-b8eb-753278bc281d: receive RaftClientReply:client-1F73FCBD3B30->0d3107a9-04ba-472f-b8eb-753278bc281d@group-5501053FBD97, cid=174, SUCCESS, logIndex=1, commits[0d3107a9-04ba-472f-b8eb-753278bc281d:c1, c216299f-cbcf-4288-b39c-5bdcbace6c48:c0, 9541d083-5ce9-4e0f-acb1-c0874f3633f2:c0]
2019-09-19 14:56:20,529 [grpc-default-executor-3] INFO  client.GrpcClientProtocolClient (GrpcClientProtocolClient.java:onNext(264)) - client-1F73FCBD3B30->0d3107a9-04ba-472f-b8eb-753278bc281d: receive RaftClientReply:client-1F73FCBD3B30->0d3107a9-04ba-472f-b8eb-753278bc281d@group-5501053FBD97, cid=175, SUCCESS, logIndex=3, commits[0d3107a9-04ba-472f-b8eb-753278bc281d:c6, c216299f-cbcf-4288-b39c-5bdcbace6c48:c1, 9541d083-5ce9-4e0f-acb1-c0874f3633f2:c1]
2019-09-19 14:56:20,571 [grpc-default-executor-4] INFO  client.GrpcClientProtocolClient (GrpcClientProtocolClient.java:onNext(264)) - client-1F73FCBD3B30->0d3107a9-04ba-472f-b8eb-753278bc281d: receive RaftClientReply:client-1F73FCBD3B30->0d3107a9-04ba-472f-b8eb-753278bc281d@group-5501053FBD97, cid=176, SUCCESS, logIndex=4, commits[0d3107a9-04ba-472f-b8eb-753278bc281d:c12, c216299f-cbcf-4288-b39c-5bdcbace6c48:c7, 9541d083-5ce9-4e0f-acb1-c0874f3633f2:c7]
2019-09-19 14:56:20,571 [grpc-default-executor-4] INFO  client.GrpcClientProtocolClient (GrpcClientProtocolClient.java:onNext(264)) - client-1F73FCBD3B30->0d3107a9-04ba-472f-b8eb-753278bc281d: receive RaftClientReply:client-1F73FCBD3B30->0d3107a9-04ba-472f-b8eb-753278bc281d@group-5501053FBD97, cid=177, SUCCESS, logIndex=5, commits[0d3107a9-04ba-472f-b8eb-753278bc281d:c12, c216299f-cbcf-4288-b39c-5bdcbace6c48:c7, 9541d083-5ce9-4e0f-acb1-c0874f3633f2:c7]
2019-09-19 14:56:20,572 [grpc-default-executor-4] INFO  client.GrpcClientProtocolClient (GrpcClientProtocolClient.java:onNext(264)) - client-1F73FCBD3B30->0d3107a9-04ba-472f-b8eb-753278bc281d: receive RaftClientReply:client-1F73FCBD3B30->0d3107a9-04ba-472f-b8eb-753278bc281d@group-5501053FBD97, cid=178, SUCCESS, logIndex=6, commits[0d3107a9-04ba-472f-b8eb-753278bc281d:c12, c216299f-cbcf-4288-b39c-5bdcbace6c48:c7, 9541d083-5ce9-4e0f-acb1-c0874f3633f2:c7]
2019-09-19 14:56:20,637 [grpc-default-executor-4] INFO  client.GrpcClientProtocolClient (GrpcClientProtocolClient.java:onNext(264)) - client-1F73FCBD3B30->0d3107a9-04ba-472f-b8eb-753278bc281d: receive RaftClientReply:client-1F73FCBD3B30->0d3107a9-04ba-472f-b8eb-753278bc281d@group-5501053FBD97, cid=179, SUCCESS, logIndex=7, commits[0d3107a9-04ba-472f-b8eb-753278bc281d:c12, c216299f-cbcf-4288-b39c-5bdcbace6c48:c7, 9541d083-5ce9-4e0f-acb1-c0874f3633f2:c7]
2019-09-19 14:56:20,658 [grpc-default-executor-3] INFO  client.GrpcClientProtocolClient (GrpcClientProtocolClient.java:onNext(264)) - client-1F73FCBD3B30->0d3107a9-04ba-472f-b8eb-753278bc281d: receive RaftClientReply:client-1F73FCBD3B30->0d3107a9-04ba-472f-b8eb-753278bc281d@group-5501053FBD97, cid=180, SUCCESS, logIndex=13, commits[0d3107a9-04ba-472f-b8eb-753278bc281d:c14, c216299f-cbcf-4288-b39c-5bdcbace6c48:c12, 9541d083-5ce9-4e0f-acb1-c0874f3633f2:c12]
2019-09-19 14:56:20,659 [grpc-default-executor-3] INFO  client.GrpcClientProtocolClient (GrpcClientProtocolClient.java:onNext(264)) - client-1F73FCBD3B30->0d3107a9-04ba-472f-b8eb-753278bc281d: receive RaftClientReply:client-1F73FCBD3B30->0d3107a9-04ba-472f-b8eb-753278bc281d@group-5501053FBD97, cid=181, SUCCESS, logIndex=14, commits[0d3107a9-04ba-472f-b8eb-753278bc281d:c14, c216299f-cbcf-4288-b39c-5bdcbace6c48:c12, 9541d083-5ce9-4e0f-acb1-c0874f3633f2:c12]
2019-09-19 14:56:20,675 [grpc-default-executor-3] INFO  client.GrpcClientProtocolClient (GrpcClientProtocolClient.java:onNext(264)) - client-1F73FCBD3B30->0d3107a9-04ba-472f-b8eb-753278bc281d: receive RaftClientReply:client-1F73FCBD3B30->0d3107a9-04ba-472f-b8eb-753278bc281d@group-5501053FBD97, cid=182, SUCCESS, logIndex=0, commits[0d3107a9-04ba-472f-b8eb-753278bc281d:c15, c216299f-cbcf-4288-b39c-5bdcbace6c48:c14, 9541d083-5ce9-4e0f-acb1-c0874f3633f2:c14]
2019-09-19 14:56:21,484 [Datanode State Machine Thread - 0] INFO  statemachine.DatanodeStateMachine (DatanodeStateMachine.java:lambda$startDaemon$0(350)) - Ozone container server started.
2019-09-19 14:56:25,586 [EventQueue-StaleNodeForStaleNodeHandler] INFO  node.StaleNodeHandler (StaleNodeHandler.java:onMessage(58)) - Datanode 0d3107a9-04ba-472f-b8eb-753278bc281d{ip: 192.168.34.4, host: pr-hdds-2151-jsxwx-3911445914, networkLocation: /default-rack, certSerialId: null} moved to stale state. Finalizing its pipelines [PipelineID=1a5a4a2d-9736-4e9e-bab7-6ee41bd8a996, PipelineID=e50c039d-a311-411f-824f-5501053fbd97]
2019-09-19 14:56:25,586 [EventQueue-StaleNodeForStaleNodeHandler] INFO  pipeline.SCMPipelineManager (SCMPipelineManager.java:finalizeAndDestroyPipeline(311)) - destroying pipeline:Pipeline[ Id: 1a5a4a2d-9736-4e9e-bab7-6ee41bd8a996, Nodes: 0d3107a9-04ba-472f-b8eb-753278bc281d{ip: 192.168.34.4, host: pr-hdds-2151-jsxwx-3911445914, networkLocation: /default-rack, certSerialId: null}, Type:RATIS, Factor:ONE, State:OPEN]
2019-09-19 14:56:25,587 [EventQueue-StaleNodeForStaleNodeHandler] INFO  pipeline.PipelineStateManager (PipelineStateManager.java:finalizePipeline(123)) - Pipeline Pipeline[ Id: 1a5a4a2d-9736-4e9e-bab7-6ee41bd8a996, Nodes: 0d3107a9-04ba-472f-b8eb-753278bc281d{ip: 192.168.34.4, host: pr-hdds-2151-jsxwx-3911445914, networkLocation: /default-rack, certSerialId: null}, Type:RATIS, Factor:ONE, State:CLOSED] moved to CLOSED state
2019-09-19 14:56:25,587 [EventQueue-StaleNodeForStaleNodeHandler] INFO  pipeline.SCMPipelineManager (SCMPipelineManager.java:finalizeAndDestroyPipeline(311)) - destroying pipeline:Pipeline[ Id: e50c039d-a311-411f-824f-5501053fbd97, Nodes: 0d3107a9-04ba-472f-b8eb-753278bc281d{ip: 192.168.34.4, host: pr-hdds-2151-jsxwx-3911445914, networkLocation: /default-rack, certSerialId: null}9541d083-5ce9-4e0f-acb1-c0874f3633f2{ip: 192.168.34.4, host: pr-hdds-2151-jsxwx-3911445914, networkLocation: /default-rack, certSerialId: null}c216299f-cbcf-4288-b39c-5bdcbace6c48{ip: 192.168.34.4, host: pr-hdds-2151-jsxwx-3911445914, networkLocation: /default-rack, certSerialId: null}, Type:RATIS, Factor:THREE, State:OPEN]
2019-09-19 14:56:25,587 [EventQueue-StaleNodeForStaleNodeHandler] INFO  pipeline.PipelineStateManager (PipelineStateManager.java:finalizePipeline(123)) - Pipeline Pipeline[ Id: e50c039d-a311-411f-824f-5501053fbd97, Nodes: 0d3107a9-04ba-472f-b8eb-753278bc281d{ip: 192.168.34.4, host: pr-hdds-2151-jsxwx-3911445914, networkLocation: /default-rack, certSerialId: null}9541d083-5ce9-4e0f-acb1-c0874f3633f2{ip: 192.168.34.4, host: pr-hdds-2151-jsxwx-3911445914, networkLocation: /default-rack, certSerialId: null}c216299f-cbcf-4288-b39c-5bdcbace6c48{ip: 192.168.34.4, host: pr-hdds-2151-jsxwx-3911445914, networkLocation: /default-rack, certSerialId: null}, Type:RATIS, Factor:THREE, State:CLOSED] moved to CLOSED state
2019-09-19 14:56:25,588 [EventQueue-CloseContainerForCloseContainerEventHandler] INFO  container.CloseContainerEventHandler (CloseContainerEventHandler.java:onMessage(61)) - Close container Event triggered for container : #1
2019-09-19 14:56:25,676 [main] INFO  ozoneimpl.OzoneContainer (OzoneContainer.java:stop(231)) - Attempting to stop container services.
2019-09-19 14:56:25,679 [main] INFO  impl.RaftServerProxy (RaftServerProxy.java:lambda$close$4(314)) - 0d3107a9-04ba-472f-b8eb-753278bc281d: close
2019-09-19 14:56:25,680 [main] INFO  impl.RaftServerImpl (RaftServerImpl.java:lambda$shutdown$3(251)) - 0d3107a9-04ba-472f-b8eb-753278bc281d@group-6EE41BD8A996: shutdown
2019-09-19 14:56:25,680 [ForkJoinPool.commonPool-worker-0] INFO  impl.RaftServerImpl (RaftServerImpl.java:lambda$shutdown$3(251)) - 0d3107a9-04ba-472f-b8eb-753278bc281d@group-5501053FBD97: shutdown
2019-09-19 14:56:25,680 [main] INFO  util.JmxRegister (JmxRegister.java:unregister(73)) - Successfully un-registered JMX Bean with object name Ratis:service=RaftServer,group=group-6EE41BD8A996,id=0d3107a9-04ba-472f-b8eb-753278bc281d
2019-09-19 14:56:25,680 [ForkJoinPool.commonPool-worker-0] INFO  util.JmxRegister (JmxRegister.java:unregister(73)) - Successfully un-registered JMX Bean with object name Ratis:service=RaftServer,group=group-5501053FBD97,id=0d3107a9-04ba-472f-b8eb-753278bc281d
2019-09-19 14:56:25,681 [main] INFO  impl.RoleInfo (RoleInfo.java:shutdownLeaderState(104)) - 0d3107a9-04ba-472f-b8eb-753278bc281d: shutdown LeaderState
2019-09-19 14:56:25,681 [ForkJoinPool.commonPool-worker-0] INFO  impl.RoleInfo (RoleInfo.java:shutdownLeaderState(104)) - 0d3107a9-04ba-472f-b8eb-753278bc281d: shutdown LeaderState
2019-09-19 14:56:25,681 [main] INFO  impl.PendingRequests (PendingRequests.java:sendNotLeaderResponses(202)) - 0d3107a9-04ba-472f-b8eb-753278bc281d-PendingRequests: sendNotLeaderResponses
2019-09-19 14:56:25,684 [org.apache.ratis.server.impl.LogAppender$AppenderDaemon$$Lambda$510/56052704@6da5e5d3] WARN  server.GrpcLogAppender (GrpcLogAppender.java:mayWait(143)) - 0d3107a9-04ba-472f-b8eb-753278bc281d@group-5501053FBD97->c216299f-cbcf-4288-b39c-5bdcbace6c48-GrpcLogAppender: Wait interrupted by java.lang.InterruptedException
2019-09-19 14:56:25,684 [org.apache.ratis.server.impl.LogAppender$AppenderDaemon$$Lambda$510/56052704@378e8439] WARN  server.GrpcLogAppender (GrpcLogAppender.java:mayWait(143)) - 0d3107a9-04ba-472f-b8eb-753278bc281d@group-5501053FBD97->9541d083-5ce9-4e0f-acb1-c0874f3633f2-GrpcLogAppender: Wait interrupted by java.lang.InterruptedException
2019-09-19 14:56:25,685 [main] INFO  impl.StateMachineUpdater (StateMachineUpdater.java:stopAndJoin(125)) - 0d3107a9-04ba-472f-b8eb-753278bc281d@group-6EE41BD8A996-StateMachineUpdater: set stopIndex = 0
2019-09-19 14:56:25,684 [ForkJoinPool.commonPool-worker-0] INFO  impl.PendingRequests (PendingRequests.java:sendNotLeaderResponses(202)) - 0d3107a9-04ba-472f-b8eb-753278bc281d-PendingRequests: sendNotLeaderResponses
2019-09-19 14:56:25,686 [grpc-default-executor-4] INFO  server.GrpcServerProtocolService (GrpcServerProtocolService.java:onCompleted(113)) - 9541d083-5ce9-4e0f-acb1-c0874f3633f2: Completed APPEND_ENTRIES, lastRequest: 0d3107a9-04ba-472f-b8eb-753278bc281d->9541d083-5ce9-4e0f-acb1-c0874f3633f2#19-t2, previous=(t:2, i:16), leaderCommit=16, initializing? false, entries: <empty>
2019-09-19 14:56:25,686 [grpc-default-executor-3] INFO  server.GrpcServerProtocolService (GrpcServerProtocolService.java:onCompleted(113)) - c216299f-cbcf-4288-b39c-5bdcbace6c48: Completed APPEND_ENTRIES, lastRequest: 0d3107a9-04ba-472f-b8eb-753278bc281d->c216299f-cbcf-4288-b39c-5bdcbace6c48#19-t2, previous=(t:2, i:16), leaderCommit=16, initializing? false, entries: <empty>
2019-09-19 14:56:25,686 [main] INFO  impl.RaftServerImpl (ServerState.java:close(385)) - 0d3107a9-04ba-472f-b8eb-753278bc281d@group-6EE41BD8A996: closes. applyIndex: 0
2019-09-19 14:56:25,688 [ForkJoinPool.commonPool-worker-0] INFO  impl.StateMachineUpdater (StateMachineUpdater.java:stopAndJoin(125)) - 0d3107a9-04ba-472f-b8eb-753278bc281d@group-5501053FBD97-StateMachineUpdater: set stopIndex = 16
2019-09-19 14:56:25,688 [0d3107a9-04ba-472f-b8eb-753278bc281d@group-5501053FBD97-StateMachineUpdater] INFO  ratis.ContainerStateMachine (ContainerStateMachine.java:takeSnapshot(289)) - group-5501053FBD97: Taking a snapshot at:(t:2, i:14) file /workdir/hadoop-ozone/integration-test/target/test-dir/MiniOzoneClusterImpl-99c120a9-ba08-420c-a34c-f177dbe2ba07/datanode-3/data/ratis/e50c039d-a311-411f-824f-5501053fbd97/sm/snapshot.2_14
2019-09-19 14:56:25,688 [0d3107a9-04ba-472f-b8eb-753278bc281d@group-6EE41BD8A996-SegmentedRaftLogWorker] INFO  segmented.SegmentedRaftLogWorker (SegmentedRaftLogWorker.java:run(313)) - 0d3107a9-04ba-472f-b8eb-753278bc281d@group-6EE41BD8A996-SegmentedRaftLogWorker was interrupted, exiting. There are 0 tasks remaining in the queue.
2019-09-19 14:56:25,691 [grpc-default-executor-7] INFO  server.GrpcLogAppender (GrpcLogAppender.java:onCompleted(293)) - 0d3107a9-04ba-472f-b8eb-753278bc281d@group-5501053FBD97->c216299f-cbcf-4288-b39c-5bdcbace6c48-AppendLogResponseHandler: follower responses appendEntries COMPLETED
2019-09-19 14:56:25,691 [grpc-default-executor-4] INFO  server.GrpcLogAppender (GrpcLogAppender.java:onCompleted(293)) - 0d3107a9-04ba-472f-b8eb-753278bc281d@group-5501053FBD97->9541d083-5ce9-4e0f-acb1-c0874f3633f2-AppendLogResponseHandler: follower responses appendEntries COMPLETED
2019-09-19 14:56:25,692 [main] INFO  segmented.SegmentedRaftLogWorker (SegmentedRaftLogWorker.java:close(228)) - 0d3107a9-04ba-472f-b8eb-753278bc281d@group-6EE41BD8A996-SegmentedRaftLogWorker close()
2019-09-19 14:56:25,692 [grpc-default-executor-4] INFO  impl.FollowerInfo (FollowerInfo.java:lambda$new$0(51)) - 0d3107a9-04ba-472f-b8eb-753278bc281d@group-5501053FBD97->9541d083-5ce9-4e0f-acb1-c0874f3633f2: nextIndex: updateUnconditionally 17 -> 16
2019-09-19 14:56:25,692 [grpc-default-executor-7] INFO  impl.FollowerInfo (FollowerInfo.java:lambda$new$0(51)) - 0d3107a9-04ba-472f-b8eb-753278bc281d@group-5501053FBD97->c216299f-cbcf-4288-b39c-5bdcbace6c48: nextIndex: updateUnconditionally 17 -> 16
2019-09-19 14:56:25,696 [0d3107a9-04ba-472f-b8eb-753278bc281d@group-5501053FBD97-StateMachineUpdater] INFO  ratis.ContainerStateMachine (ContainerStateMachine.java:takeSnapshot(300)) - group-5501053FBD97: Finished taking a snapshot at:(t:2, i:14) file:/workdir/hadoop-ozone/integration-test/target/test-dir/MiniOzoneClusterImpl-99c120a9-ba08-420c-a34c-f177dbe2ba07/datanode-3/data/ratis/e50c039d-a311-411f-824f-5501053fbd97/sm/snapshot.2_14 time:7
2019-09-19 14:56:25,696 [0d3107a9-04ba-472f-b8eb-753278bc281d@group-5501053FBD97-StateMachineUpdater] INFO  impl.StateMachineUpdater (StateMachineUpdater.java:takeSnapshot(258)) - 0d3107a9-04ba-472f-b8eb-753278bc281d@group-5501053FBD97-StateMachineUpdater: Took a snapshot at index 14
2019-09-19 14:56:25,696 [0d3107a9-04ba-472f-b8eb-753278bc281d@group-5501053FBD97-StateMachineUpdater] INFO  impl.StateMachineUpdater (StateMachineUpdater.java:lambda$new$0(83)) - 0d3107a9-04ba-472f-b8eb-753278bc281d@group-5501053FBD97-StateMachineUpdater: snapshotIndex: updateIncreasingly -1 -> 14
2019-09-19 14:56:25,697 [0d3107a9-04ba-472f-b8eb-753278bc281d@group-5501053FBD97-StateMachineUpdater] INFO  ratis.ContainerStateMachine (ContainerStateMachine.java:takeSnapshot(289)) - group-5501053FBD97: Taking a snapshot at:(t:2, i:14) file /workdir/hadoop-ozone/integration-test/target/test-dir/MiniOzoneClusterImpl-99c120a9-ba08-420c-a34c-f177dbe2ba07/datanode-3/data/ratis/e50c039d-a311-411f-824f-5501053fbd97/sm/snapshot.2_14
2019-09-19 14:56:25,709 [0d3107a9-04ba-472f-b8eb-753278bc281d@group-5501053FBD97-StateMachineUpdater] INFO  ratis.ContainerStateMachine (ContainerStateMachine.java:takeSnapshot(300)) - group-5501053FBD97: Finished taking a snapshot at:(t:2, i:14) file:/workdir/hadoop-ozone/integration-test/target/test-dir/MiniOzoneClusterImpl-99c120a9-ba08-420c-a34c-f177dbe2ba07/datanode-3/data/ratis/e50c039d-a311-411f-824f-5501053fbd97/sm/snapshot.2_14 time:13
2019-09-19 14:56:25,709 [0d3107a9-04ba-472f-b8eb-753278bc281d@group-5501053FBD97-StateMachineUpdater] INFO  impl.StateMachineUpdater (StateMachineUpdater.java:takeSnapshot(258)) - 0d3107a9-04ba-472f-b8eb-753278bc281d@group-5501053FBD97-StateMachineUpdater: Took a snapshot at index 14
2019-09-19 14:56:25,709 [0d3107a9-04ba-472f-b8eb-753278bc281d@group-5501053FBD97-StateMachineUpdater] INFO  impl.StateMachineUpdater (StateMachineUpdater.java:lambda$new$0(83)) - 0d3107a9-04ba-472f-b8eb-753278bc281d@group-5501053FBD97-StateMachineUpdater: snapshotIndex: updateIncreasingly 14 -> 14
2019-09-19 14:56:25,710 [ForkJoinPool.commonPool-worker-0] INFO  impl.RaftServerImpl (ServerState.java:close(385)) - 0d3107a9-04ba-472f-b8eb-753278bc281d@group-5501053FBD97: closes. applyIndex: 16
2019-09-19 14:56:25,710 [0d3107a9-04ba-472f-b8eb-753278bc281d@group-5501053FBD97-SegmentedRaftLogWorker] INFO  segmented.SegmentedRaftLogWorker (SegmentedRaftLogWorker.java:run(313)) - 0d3107a9-04ba-472f-b8eb-753278bc281d@group-5501053FBD97-SegmentedRaftLogWorker was interrupted, exiting. There are 0 tasks remaining in the queue.
2019-09-19 14:56:25,712 [ForkJoinPool.commonPool-worker-0] INFO  segmented.SegmentedRaftLogWorker (SegmentedRaftLogWorker.java:close(228)) - 0d3107a9-04ba-472f-b8eb-753278bc281d@group-5501053FBD97-SegmentedRaftLogWorker close()
2019-09-19 14:56:25,712 [main] INFO  server.GrpcService (GrpcService.java:closeImpl(164)) - 0d3107a9-04ba-472f-b8eb-753278bc281d: shutdown server with port 41260 now
2019-09-19 14:56:25,713 [grpc-default-executor-4] WARN  client.GrpcClientProtocolService (LogUtils.java:warn(134)) - 6-UnorderedRequestStreamObserver6: onError: org.apache.ratis.thirdparty.io.grpc.StatusRuntimeException: CANCELLED: cancelled before receiving half close
2019-09-19 14:56:25,714 [main] INFO  server.GrpcService (GrpcService.java:closeImpl(172)) - 0d3107a9-04ba-472f-b8eb-753278bc281d: shutdown server with port 41260 successfully
2019-09-19 14:56:25,718 [refreshUsed-/workdir/hadoop-ozone/integration-test/target/test-dir/MiniOzoneClusterImpl-99c120a9-ba08-420c-a34c-f177dbe2ba07/datanode-3/data/containers] WARN  fs.CachingGetSpaceUsed (CachingGetSpaceUsed.java:run(183)) - Thread Interrupted waiting to refresh disk information: sleep interrupted
2019-09-19 14:56:25,731 [main] INFO  utils.BackgroundService (BackgroundService.java:shutdown(148)) - Shutting down service BlockDeletingService
2019-09-19 14:56:25,736 [main] INFO  statemachine.DatanodeStateMachine (DatanodeStateMachine.java:stopDaemon(395)) - Ozone container server stopped.
2019-09-19 14:56:25,738 [main] INFO  handler.ContextHandler (ContextHandler.java:doStop(910)) - Stopped o.e.j.w.WebAppContext@54495935{/,null,UNAVAILABLE}{/hddsDatanode}
2019-09-19 14:56:25,739 [main] INFO  server.AbstractConnector (AbstractConnector.java:doStop(318)) - Stopped ServerConnector@67c6f4d8{HTTP/1.1,[http/1.1]}{0.0.0.0:0}
2019-09-19 14:56:25,739 [main] INFO  handler.ContextHandler (ContextHandler.java:doStop(910)) - Stopped o.e.j.s.ServletContextHandler@d25e878{/static,jar:file:/home/user/.m2/repository/org/apache/hadoop/hadoop-hdds-container-service/0.5.0-SNAPSHOT/hadoop-hdds-container-service-0.5.0-SNAPSHOT.jar!/webapps/static,UNAVAILABLE}
2019-09-19 14:56:25,740 [main] INFO  handler.ContextHandler (ContextHandler.java:doStop(910)) - Stopped o.e.j.s.ServletContextHandler@7d484fcd{/logs,file:///workdir/hadoop-ozone/integration-test/target/log,UNAVAILABLE}
2019-09-19 14:56:27,759 [grpc-default-executor-4] INFO  client.GrpcClientProtocolClient (GrpcClientProtocolClient.java:onNext(264)) - client-1F73FCBD3B30->9541d083-5ce9-4e0f-acb1-c0874f3633f2: receive RaftClientReply:client-1F73FCBD3B30->9541d083-5ce9-4e0f-acb1-c0874f3633f2@group-5501053FBD97, cid=183, FAILED org.apache.ratis.protocol.NotLeaderException: Server 9541d083-5ce9-4e0f-acb1-c0874f3633f2@group-5501053FBD97 is not the leader 0d3107a9-04ba-472f-b8eb-753278bc281d:192.168.34.4:41260, logIndex=0, commits[9541d083-5ce9-4e0f-acb1-c0874f3633f2:c16, c216299f-cbcf-4288-b39c-5bdcbace6c48:c16, 0d3107a9-04ba-472f-b8eb-753278bc281d:c16]
2019-09-19 14:56:28,781 [grpc-default-executor-6] INFO  client.GrpcClientProtocolClient (GrpcClientProtocolClient.java:onNext(264)) - client-1F73FCBD3B30->9541d083-5ce9-4e0f-acb1-c0874f3633f2: receive RaftClientReply:client-1F73FCBD3B30->9541d083-5ce9-4e0f-acb1-c0874f3633f2@group-5501053FBD97, cid=183, FAILED org.apache.ratis.protocol.NotLeaderException: Server 9541d083-5ce9-4e0f-acb1-c0874f3633f2@group-5501053FBD97 is not the leader 0d3107a9-04ba-472f-b8eb-753278bc281d:192.168.34.4:41260, logIndex=0, commits[9541d083-5ce9-4e0f-acb1-c0874f3633f2:c16, c216299f-cbcf-4288-b39c-5bdcbace6c48:c16, 0d3107a9-04ba-472f-b8eb-753278bc281d:c16]
2019-09-19 14:56:29,807 [grpc-default-executor-6] INFO  client.GrpcClientProtocolClient (GrpcClientProtocolClient.java:onNext(264)) - client-1F73FCBD3B30->c216299f-cbcf-4288-b39c-5bdcbace6c48: receive RaftClientReply:client-1F73FCBD3B30->c216299f-cbcf-4288-b39c-5bdcbace6c48@group-5501053FBD97, cid=183, FAILED org.apache.ratis.protocol.NotLeaderException: Server c216299f-cbcf-4288-b39c-5bdcbace6c48@group-5501053FBD97 is not the leader 0d3107a9-04ba-472f-b8eb-753278bc281d:192.168.34.4:41260, logIndex=0, commits[c216299f-cbcf-4288-b39c-5bdcbace6c48:c16, 0d3107a9-04ba-472f-b8eb-753278bc281d:c16, 9541d083-5ce9-4e0f-acb1-c0874f3633f2:c16]
2019-09-19 14:56:30,835 [grpc-default-executor-6] INFO  client.GrpcClientProtocolClient (GrpcClientProtocolClient.java:onNext(264)) - client-1F73FCBD3B30->9541d083-5ce9-4e0f-acb1-c0874f3633f2: receive RaftClientReply:client-1F73FCBD3B30->9541d083-5ce9-4e0f-acb1-c0874f3633f2@group-5501053FBD97, cid=183, FAILED org.apache.ratis.protocol.NotLeaderException: Server 9541d083-5ce9-4e0f-acb1-c0874f3633f2@group-5501053FBD97 is not the leader 0d3107a9-04ba-472f-b8eb-753278bc281d:192.168.34.4:41260, logIndex=0, commits[9541d083-5ce9-4e0f-acb1-c0874f3633f2:c16, c216299f-cbcf-4288-b39c-5bdcbace6c48:c16, 0d3107a9-04ba-472f-b8eb-753278bc281d:c16]
2019-09-19 14:56:31,858 [grpc-default-executor-6] INFO  client.GrpcClientProtocolClient (GrpcClientProtocolClient.java:onNext(264)) - client-1F73FCBD3B30->9541d083-5ce9-4e0f-acb1-c0874f3633f2: receive RaftClientReply:client-1F73FCBD3B30->9541d083-5ce9-4e0f-acb1-c0874f3633f2@group-5501053FBD97, cid=183, FAILED org.apache.ratis.protocol.NotLeaderException: Server 9541d083-5ce9-4e0f-acb1-c0874f3633f2@group-5501053FBD97 is not the leader 0d3107a9-04ba-472f-b8eb-753278bc281d:192.168.34.4:41260, logIndex=0, commits[9541d083-5ce9-4e0f-acb1-c0874f3633f2:c16, c216299f-cbcf-4288-b39c-5bdcbace6c48:c16, 0d3107a9-04ba-472f-b8eb-753278bc281d:c16]
2019-09-19 14:56:32,882 [grpc-default-executor-7] INFO  client.GrpcClientProtocolClient (GrpcClientProtocolClient.java:onNext(264)) - client-1F73FCBD3B30->9541d083-5ce9-4e0f-acb1-c0874f3633f2: receive RaftClientReply:client-1F73FCBD3B30->9541d083-5ce9-4e0f-acb1-c0874f3633f2@group-5501053FBD97, cid=183, FAILED org.apache.ratis.protocol.NotLeaderException: Server 9541d083-5ce9-4e0f-acb1-c0874f3633f2@group-5501053FBD97 is not the leader 0d3107a9-04ba-472f-b8eb-753278bc281d:192.168.34.4:41260, logIndex=0, commits[9541d083-5ce9-4e0f-acb1-c0874f3633f2:c16, c216299f-cbcf-4288-b39c-5bdcbace6c48:c16, 0d3107a9-04ba-472f-b8eb-753278bc281d:c16]
2019-09-19 14:56:33,899 [grpc-default-executor-6] INFO  client.GrpcClientProtocolClient (GrpcClientProtocolClient.java:onNext(264)) - client-1F73FCBD3B30->c216299f-cbcf-4288-b39c-5bdcbace6c48: receive RaftClientReply:client-1F73FCBD3B30->c216299f-cbcf-4288-b39c-5bdcbace6c48@group-5501053FBD97, cid=183, FAILED org.apache.ratis.protocol.NotLeaderException: Server c216299f-cbcf-4288-b39c-5bdcbace6c48@group-5501053FBD97 is not the leader 0d3107a9-04ba-472f-b8eb-753278bc281d:192.168.34.4:41260, logIndex=0, commits[c216299f-cbcf-4288-b39c-5bdcbace6c48:c16, 0d3107a9-04ba-472f-b8eb-753278bc281d:c16, 9541d083-5ce9-4e0f-acb1-c0874f3633f2:c16]
2019-09-19 14:56:34,782 [Thread-2971] INFO  impl.FollowerState (FollowerState.java:run(106)) - 9541d083-5ce9-4e0f-acb1-c0874f3633f2:group-5501053FBD97 changes to CANDIDATE, lastRpcTime:9106, electionTimeout:5071ms
2019-09-19 14:56:34,785 [Thread-2971] INFO  impl.RoleInfo (RoleInfo.java:shutdownFollowerState(121)) - 9541d083-5ce9-4e0f-acb1-c0874f3633f2: shutdown FollowerState
2019-09-19 14:56:34,785 [Thread-2971] INFO  impl.RaftServerImpl (RaftServerImpl.java:setRole(174)) - 9541d083-5ce9-4e0f-acb1-c0874f3633f2@group-5501053FBD97: changes role from  FOLLOWER to CANDIDATE at term 2 for changeToCandidate
2019-09-19 14:56:34,785 [Thread-2971] INFO  impl.RoleInfo (RoleInfo.java:updateAndGet(143)) - 9541d083-5ce9-4e0f-acb1-c0874f3633f2: start LeaderElection
2019-09-19 14:56:34,789 [9541d083-5ce9-4e0f-acb1-c0874f3633f2@group-5501053FBD97:LeaderElection62] INFO  impl.RaftServerImpl (ServerState.java:setLeader(253)) - 9541d083-5ce9-4e0f-acb1-c0874f3633f2@group-5501053FBD97: change Leader from 0d3107a9-04ba-472f-b8eb-753278bc281d to null at term 2 for initElection
2019-09-19 14:56:34,805 [9541d083-5ce9-4e0f-acb1-c0874f3633f2@group-5501053FBD97:LeaderElection62] INFO  impl.LeaderElection (LeaderElection.java:askForVotes(182)) - 9541d083-5ce9-4e0f-acb1-c0874f3633f2@group-5501053FBD97:LeaderElection62: begin an election at term 3 for 0: [c216299f-cbcf-4288-b39c-5bdcbace6c48:192.168.34.4:33582, 0d3107a9-04ba-472f-b8eb-753278bc281d:192.168.34.4:41260, 9541d083-5ce9-4e0f-acb1-c0874f3633f2:192.168.34.4:46148], old=null
2019-09-19 14:56:34,809 [grpc-default-executor-4] INFO  impl.RaftServerImpl (ServerState.java:setLeader(253)) - c216299f-cbcf-4288-b39c-5bdcbace6c48@group-5501053FBD97: change Leader from 0d3107a9-04ba-472f-b8eb-753278bc281d to null at term 3 for updateCurrentTerm
2019-09-19 14:56:34,809 [9541d083-5ce9-4e0f-acb1-c0874f3633f2@group-5501053FBD97:LeaderElection62] INFO  impl.LeaderElection (LogUtils.java:infoOrTrace(149)) - 9541d083-5ce9-4e0f-acb1-c0874f3633f2@group-5501053FBD97:LeaderElection62 got exception when requesting votes: {}
java.util.concurrent.ExecutionException: org.apache.ratis.thirdparty.io.grpc.StatusRuntimeException: UNAVAILABLE: io exception
	at java.util.concurrent.FutureTask.report(FutureTask.java:122)
	at java.util.concurrent.FutureTask.get(FutureTask.java:192)
	at org.apache.ratis.server.impl.LeaderElection.waitForResults(LeaderElection.java:263)
	at org.apache.ratis.server.impl.LeaderElection.askForVotes(LeaderElection.java:201)
	at org.apache.ratis.server.impl.LeaderElection.run(LeaderElection.java:133)
	at java.lang.Thread.run(Thread.java:748)
Caused by: org.apache.ratis.thirdparty.io.grpc.StatusRuntimeException: UNAVAILABLE: io exception
	at org.apache.ratis.thirdparty.io.grpc.stub.ClientCalls.toStatusRuntimeException(ClientCalls.java:233)
	at org.apache.ratis.thirdparty.io.grpc.stub.ClientCalls.getUnchecked(ClientCalls.java:214)
	at org.apache.ratis.thirdparty.io.grpc.stub.ClientCalls.blockingUnaryCall(ClientCalls.java:139)
	at org.apache.ratis.proto.grpc.RaftServerProtocolServiceGrpc$RaftServerProtocolServiceBlockingStub.requestVote(RaftServerProtocolServiceGrpc.java:265)
	at org.apache.ratis.grpc.server.GrpcServerProtocolClient.requestVote(GrpcServerProtocolClient.java:90)
	at org.apache.ratis.grpc.server.GrpcService.requestVote(GrpcService.java:204)
	at org.apache.ratis.server.impl.LeaderElection.lambda$submitRequests$1(LeaderElection.java:238)
	at java.util.concurrent.FutureTask.run(FutureTask.java:266)
	at java.util.concurrent.Executors$RunnableAdapter.call(Executors.java:511)
	at java.util.concurrent.FutureTask.run(FutureTask.java:266)
	at java.util.concurrent.ThreadPoolExecutor.runWorker(ThreadPoolExecutor.java:1149)
	at java.util.concurrent.ThreadPoolExecutor$Worker.run(ThreadPoolExecutor.java:624)
	... 1 more
Caused by: org.apache.ratis.thirdparty.io.netty.channel.AbstractChannel$AnnotatedConnectException: Connection refused: /192.168.34.4:41260
	at sun.nio.ch.SocketChannelImpl.checkConnect(Native Method)
	at sun.nio.ch.SocketChannelImpl.finishConnect(SocketChannelImpl.java:717)
	at org.apache.ratis.thirdparty.io.netty.channel.socket.nio.NioSocketChannel.doFinishConnect(NioSocketChannel.java:327)
	at org.apache.ratis.thirdparty.io.netty.channel.nio.AbstractNioChannel$AbstractNioUnsafe.finishConnect(AbstractNioChannel.java:340)
	at org.apache.ratis.thirdparty.io.netty.channel.nio.NioEventLoop.processSelectedKey(NioEventLoop.java:632)
	at org.apache.ratis.thirdparty.io.netty.channel.nio.NioEventLoop.processSelectedKeysOptimized(NioEventLoop.java:579)
	at org.apache.ratis.thirdparty.io.netty.channel.nio.NioEventLoop.processSelectedKeys(NioEventLoop.java:496)
	at org.apache.ratis.thirdparty.io.netty.channel.nio.NioEventLoop.run(NioEventLoop.java:458)
	at org.apache.ratis.thirdparty.io.netty.util.concurrent.SingleThreadEventExecutor$5.run(SingleThreadEventExecutor.java:897)
	at org.apache.ratis.thirdparty.io.netty.util.concurrent.FastThreadLocalRunnable.run(FastThreadLocalRunnable.java:30)
	... 1 more
Caused by: java.net.ConnectException: Connection refused
	... 11 more
2019-09-19 14:56:34,809 [grpc-default-executor-4] INFO  impl.RaftServerImpl (RaftServerImpl.java:setRole(174)) - c216299f-cbcf-4288-b39c-5bdcbace6c48@group-5501053FBD97: changes role from  FOLLOWER to FOLLOWER at term 3 for recognizeCandidate:9541d083-5ce9-4e0f-acb1-c0874f3633f2
2019-09-19 14:56:34,813 [grpc-default-executor-4] INFO  impl.RoleInfo (RoleInfo.java:shutdownFollowerState(121)) - c216299f-cbcf-4288-b39c-5bdcbace6c48: shutdown FollowerState
2019-09-19 14:56:34,813 [grpc-default-executor-4] INFO  impl.RoleInfo (RoleInfo.java:updateAndGet(143)) - c216299f-cbcf-4288-b39c-5bdcbace6c48: start FollowerState
2019-09-19 14:56:34,813 [Thread-2970] INFO  impl.FollowerState (FollowerState.java:run(115)) - c216299f-cbcf-4288-b39c-5bdcbace6c48: FollowerState was interrupted: java.lang.InterruptedException: sleep interrupted
2019-09-19 14:56:34,830 [9541d083-5ce9-4e0f-acb1-c0874f3633f2@group-5501053FBD97:LeaderElection62] INFO  impl.LeaderElection (LeaderElection.java:logAndReturn(56)) - 9541d083-5ce9-4e0f-acb1-c0874f3633f2@group-5501053FBD97:LeaderElection62: Election PASSED; received 1 response(s) [9541d083-5ce9-4e0f-acb1-c0874f3633f2<-c216299f-cbcf-4288-b39c-5bdcbace6c48#0:OK-t3] and 1 exception(s); 9541d083-5ce9-4e0f-acb1-c0874f3633f2@group-5501053FBD97:t3, leader=null, voted=9541d083-5ce9-4e0f-acb1-c0874f3633f2, raftlog=9541d083-5ce9-4e0f-acb1-c0874f3633f2@group-5501053FBD97-SegmentedRaftLog:OPENED:c16,f16,i16, conf=0: [c216299f-cbcf-4288-b39c-5bdcbace6c48:192.168.34.4:33582, 0d3107a9-04ba-472f-b8eb-753278bc281d:192.168.34.4:41260, 9541d083-5ce9-4e0f-acb1-c0874f3633f2:192.168.34.4:46148], old=null
2019-09-19 14:56:34,831 [9541d083-5ce9-4e0f-acb1-c0874f3633f2@group-5501053FBD97:LeaderElection62] INFO  impl.LeaderElection (LogUtils.java:infoOrTrace(149)) -   Exception 0: {}
java.util.concurrent.ExecutionException: org.apache.ratis.thirdparty.io.grpc.StatusRuntimeException: UNAVAILABLE: io exception
	at java.util.concurrent.FutureTask.report(FutureTask.java:122)
	at java.util.concurrent.FutureTask.get(FutureTask.java:192)
	at org.apache.ratis.server.impl.LeaderElection.waitForResults(LeaderElection.java:263)
	at org.apache.ratis.server.impl.LeaderElection.askForVotes(LeaderElection.java:201)
	at org.apache.ratis.server.impl.LeaderElection.run(LeaderElection.java:133)
	at java.lang.Thread.run(Thread.java:748)
Caused by: org.apache.ratis.thirdparty.io.grpc.StatusRuntimeException: UNAVAILABLE: io exception
	at org.apache.ratis.thirdparty.io.grpc.stub.ClientCalls.toStatusRuntimeException(ClientCalls.java:233)
	at org.apache.ratis.thirdparty.io.grpc.stub.ClientCalls.getUnchecked(ClientCalls.java:214)
	at org.apache.ratis.thirdparty.io.grpc.stub.ClientCalls.blockingUnaryCall(ClientCalls.java:139)
	at org.apache.ratis.proto.grpc.RaftServerProtocolServiceGrpc$RaftServerProtocolServiceBlockingStub.requestVote(RaftServerProtocolServiceGrpc.java:265)
	at org.apache.ratis.grpc.server.GrpcServerProtocolClient.requestVote(GrpcServerProtocolClient.java:90)
	at org.apache.ratis.grpc.server.GrpcService.requestVote(GrpcService.java:204)
	at org.apache.ratis.server.impl.LeaderElection.lambda$submitRequests$1(LeaderElection.java:238)
	at java.util.concurrent.FutureTask.run(FutureTask.java:266)
	at java.util.concurrent.Executors$RunnableAdapter.call(Executors.java:511)
	at java.util.concurrent.FutureTask.run(FutureTask.java:266)
	at java.util.concurrent.ThreadPoolExecutor.runWorker(ThreadPoolExecutor.java:1149)
	at java.util.concurrent.ThreadPoolExecutor$Worker.run(ThreadPoolExecutor.java:624)
	... 1 more
Caused by: org.apache.ratis.thirdparty.io.netty.channel.AbstractChannel$AnnotatedConnectException: Connection refused: /192.168.34.4:41260
	at sun.nio.ch.SocketChannelImpl.checkConnect(Native Method)
	at sun.nio.ch.SocketChannelImpl.finishConnect(SocketChannelImpl.java:717)
	at org.apache.ratis.thirdparty.io.netty.channel.socket.nio.NioSocketChannel.doFinishConnect(NioSocketChannel.java:327)
	at org.apache.ratis.thirdparty.io.netty.channel.nio.AbstractNioChannel$AbstractNioUnsafe.finishConnect(AbstractNioChannel.java:340)
	at org.apache.ratis.thirdparty.io.netty.channel.nio.NioEventLoop.processSelectedKey(NioEventLoop.java:632)
	at org.apache.ratis.thirdparty.io.netty.channel.nio.NioEventLoop.processSelectedKeysOptimized(NioEventLoop.java:579)
	at org.apache.ratis.thirdparty.io.netty.channel.nio.NioEventLoop.processSelectedKeys(NioEventLoop.java:496)
	at org.apache.ratis.thirdparty.io.netty.channel.nio.NioEventLoop.run(NioEventLoop.java:458)
	at org.apache.ratis.thirdparty.io.netty.util.concurrent.SingleThreadEventExecutor$5.run(SingleThreadEventExecutor.java:897)
	at org.apache.ratis.thirdparty.io.netty.util.concurrent.FastThreadLocalRunnable.run(FastThreadLocalRunnable.java:30)
	... 1 more
Caused by: java.net.ConnectException: Connection refused
	... 11 more
2019-09-19 14:56:34,831 [9541d083-5ce9-4e0f-acb1-c0874f3633f2@group-5501053FBD97:LeaderElection62] INFO  impl.RoleInfo (RoleInfo.java:shutdownLeaderElection(134)) - 9541d083-5ce9-4e0f-acb1-c0874f3633f2: shutdown LeaderElection
2019-09-19 14:56:34,831 [9541d083-5ce9-4e0f-acb1-c0874f3633f2@group-5501053FBD97:LeaderElection62] INFO  impl.RaftServerImpl (RaftServerImpl.java:setRole(174)) - 9541d083-5ce9-4e0f-acb1-c0874f3633f2@group-5501053FBD97: changes role from CANDIDATE to LEADER at term 3 for changeToLeader
2019-09-19 14:56:34,831 [9541d083-5ce9-4e0f-acb1-c0874f3633f2@group-5501053FBD97:LeaderElection62] INFO  impl.RaftServerImpl (ServerState.java:setLeader(253)) - 9541d083-5ce9-4e0f-acb1-c0874f3633f2@group-5501053FBD97: change Leader from null to 9541d083-5ce9-4e0f-acb1-c0874f3633f2 at term 3 for becomeLeader, leader elected after 42ms
2019-09-19 14:56:34,832 [9541d083-5ce9-4e0f-acb1-c0874f3633f2@group-5501053FBD97:LeaderElection62] INFO  server.RaftServerConfigKeys (ConfUtils.java:logGet(43)) - raft.server.staging.catchup.gap = 1000 (default)
2019-09-19 14:56:34,832 [9541d083-5ce9-4e0f-acb1-c0874f3633f2@group-5501053FBD97:LeaderElection62] INFO  server.RaftServerConfigKeys (ConfUtils.java:logGet(43)) - raft.server.rpc.sleep.time = 25ms (default)
2019-09-19 14:56:34,832 [9541d083-5ce9-4e0f-acb1-c0874f3633f2@group-5501053FBD97:LeaderElection62] INFO  server.RaftServerConfigKeys (ConfUtils.java:logGet(43)) - raft.server.write.element-limit = 4096 (default)
2019-09-19 14:56:34,832 [9541d083-5ce9-4e0f-acb1-c0874f3633f2@group-5501053FBD97:LeaderElection62] INFO  server.RaftServerConfigKeys (ConfUtils.java:logGet(43)) - raft.server.watch.timeout = 10s (default)
2019-09-19 14:56:34,833 [9541d083-5ce9-4e0f-acb1-c0874f3633f2@group-5501053FBD97:LeaderElection62] INFO  server.RaftServerConfigKeys (ConfUtils.java:logGet(43)) - raft.server.watch.timeout.denomination = 1s (default)
2019-09-19 14:56:34,833 [9541d083-5ce9-4e0f-acb1-c0874f3633f2@group-5501053FBD97:LeaderElection62] INFO  server.RaftServerConfigKeys (ConfUtils.java:logGet(43)) - raft.server.watch.element-limit = 65536 (default)
2019-09-19 14:56:34,837 [9541d083-5ce9-4e0f-acb1-c0874f3633f2@group-5501053FBD97:LeaderElection62] INFO  server.RaftServerConfigKeys (ConfUtils.java:logGet(43)) - raft.server.log.appender.snapshot.chunk.size.max = 16MB (=16777216) (default)
2019-09-19 14:56:34,837 [9541d083-5ce9-4e0f-acb1-c0874f3633f2@group-5501053FBD97:LeaderElection62] INFO  server.RaftServerConfigKeys (ConfUtils.java:logGet(43)) - raft.server.log.appender.buffer.byte-limit = 33554432 (custom)
2019-09-19 14:56:34,837 [9541d083-5ce9-4e0f-acb1-c0874f3633f2@group-5501053FBD97:LeaderElection62] INFO  server.RaftServerConfigKeys (ConfUtils.java:logGet(43)) - raft.server.log.appender.buffer.element-limit = 1 (custom)
2019-09-19 14:56:34,837 [9541d083-5ce9-4e0f-acb1-c0874f3633f2@group-5501053FBD97:LeaderElection62] INFO  grpc.GrpcConfigKeys$Server (ConfUtils.java:logGet(43)) - raft.grpc.server.leader.outstanding.appends.max = 128 (default)
2019-09-19 14:56:34,838 [9541d083-5ce9-4e0f-acb1-c0874f3633f2@group-5501053FBD97:LeaderElection62] INFO  server.RaftServerConfigKeys (ConfUtils.java:logGet(43)) - raft.server.rpc.request.timeout = 3000ms (default)
2019-09-19 14:56:34,838 [9541d083-5ce9-4e0f-acb1-c0874f3633f2@group-5501053FBD97:LeaderElection62] INFO  server.RaftServerConfigKeys (ConfUtils.java:logGet(43)) - raft.server.log.appender.install.snapshot.enabled = false (custom)
2019-09-19 14:56:34,838 [9541d083-5ce9-4e0f-acb1-c0874f3633f2@group-5501053FBD97:LeaderElection62] INFO  server.RaftServerConfigKeys (ConfUtils.java:logGet(43)) - raft.server.log.appender.snapshot.chunk.size.max = 16MB (=16777216) (default)
2019-09-19 14:56:34,838 [9541d083-5ce9-4e0f-acb1-c0874f3633f2@group-5501053FBD97:LeaderElection62] INFO  server.RaftServerConfigKeys (ConfUtils.java:logGet(43)) - raft.server.log.appender.buffer.byte-limit = 33554432 (custom)
2019-09-19 14:56:34,838 [9541d083-5ce9-4e0f-acb1-c0874f3633f2@group-5501053FBD97:LeaderElection62] INFO  server.RaftServerConfigKeys (ConfUtils.java:logGet(43)) - raft.server.log.appender.buffer.element-limit = 1 (custom)
2019-09-19 14:56:34,839 [9541d083-5ce9-4e0f-acb1-c0874f3633f2@group-5501053FBD97:LeaderElection62] INFO  grpc.GrpcConfigKeys$Server (ConfUtils.java:logGet(43)) - raft.grpc.server.leader.outstanding.appends.max = 128 (default)
2019-09-19 14:56:34,839 [9541d083-5ce9-4e0f-acb1-c0874f3633f2@group-5501053FBD97:LeaderElection62] INFO  server.RaftServerConfigKeys (ConfUtils.java:logGet(43)) - raft.server.rpc.request.timeout = 3000ms (default)
2019-09-19 14:56:34,839 [9541d083-5ce9-4e0f-acb1-c0874f3633f2@group-5501053FBD97:LeaderElection62] INFO  server.RaftServerConfigKeys (ConfUtils.java:logGet(43)) - raft.server.log.appender.install.snapshot.enabled = false (custom)
2019-09-19 14:56:34,839 [9541d083-5ce9-4e0f-acb1-c0874f3633f2@group-5501053FBD97:LeaderElection62] INFO  impl.RoleInfo (RoleInfo.java:updateAndGet(143)) - 9541d083-5ce9-4e0f-acb1-c0874f3633f2: start LeaderState
2019-09-19 14:56:34,840 [9541d083-5ce9-4e0f-acb1-c0874f3633f2@group-5501053FBD97:LeaderElection62] INFO  segmented.SegmentedRaftLogWorker (SegmentedRaftLogWorker.java:rollLogSegment(385)) - 9541d083-5ce9-4e0f-acb1-c0874f3633f2@group-5501053FBD97-SegmentedRaftLogWorker: Rolling segment log-0_16 to index:16
2019-09-19 14:56:34,841 [9541d083-5ce9-4e0f-acb1-c0874f3633f2@group-5501053FBD97:LeaderElection62] INFO  impl.RaftServerImpl (ServerState.java:setRaftConf(354)) - 9541d083-5ce9-4e0f-acb1-c0874f3633f2@group-5501053FBD97: set configuration 17: [c216299f-cbcf-4288-b39c-5bdcbace6c48:192.168.34.4:33582, 0d3107a9-04ba-472f-b8eb-753278bc281d:192.168.34.4:41260, 9541d083-5ce9-4e0f-acb1-c0874f3633f2:192.168.34.4:46148], old=null at 17
2019-09-19 14:56:34,841 [9541d083-5ce9-4e0f-acb1-c0874f3633f2@group-5501053FBD97-SegmentedRaftLogWorker] INFO  segmented.SegmentedRaftLogWorker (SegmentedRaftLogWorker.java:execute(526)) - 9541d083-5ce9-4e0f-acb1-c0874f3633f2@group-5501053FBD97-SegmentedRaftLogWorker: Rolled log segment from /workdir/hadoop-ozone/integration-test/target/test-dir/MiniOzoneClusterImpl-99c120a9-ba08-420c-a34c-f177dbe2ba07/datanode-5/data/ratis/e50c039d-a311-411f-824f-5501053fbd97/current/log_inprogress_0 to /workdir/hadoop-ozone/integration-test/target/test-dir/MiniOzoneClusterImpl-99c120a9-ba08-420c-a34c-f177dbe2ba07/datanode-5/data/ratis/e50c039d-a311-411f-824f-5501053fbd97/current/log_0-16
2019-09-19 14:56:34,844 [grpc-default-executor-4] WARN  server.GrpcLogAppender (LogUtils.java:warn(134)) - 9541d083-5ce9-4e0f-acb1-c0874f3633f2@group-5501053FBD97->0d3107a9-04ba-472f-b8eb-753278bc281d-AppendLogResponseHandler: Failed appendEntries: org.apache.ratis.thirdparty.io.grpc.StatusRuntimeException: UNAVAILABLE: io exception
2019-09-19 14:56:34,845 [grpc-default-executor-4] INFO  impl.FollowerInfo (FollowerInfo.java:lambda$new$0(51)) - 9541d083-5ce9-4e0f-acb1-c0874f3633f2@group-5501053FBD97->0d3107a9-04ba-472f-b8eb-753278bc281d: nextIndex: updateUnconditionally 17 -> 1
2019-09-19 14:56:34,845 [grpc-default-executor-7] INFO  impl.RaftServerImpl (ServerState.java:setLeader(253)) - c216299f-cbcf-4288-b39c-5bdcbace6c48@group-5501053FBD97: change Leader from null to 9541d083-5ce9-4e0f-acb1-c0874f3633f2 at term 3 for appendEntries, leader elected after 36ms
2019-09-19 14:56:34,884 [grpc-default-executor-7] INFO  impl.RaftServerImpl (ServerState.java:setRaftConf(354)) - c216299f-cbcf-4288-b39c-5bdcbace6c48@group-5501053FBD97: set configuration 17: [c216299f-cbcf-4288-b39c-5bdcbace6c48:192.168.34.4:33582, 0d3107a9-04ba-472f-b8eb-753278bc281d:192.168.34.4:41260, 9541d083-5ce9-4e0f-acb1-c0874f3633f2:192.168.34.4:46148], old=null at 17
2019-09-19 14:56:34,885 [grpc-default-executor-7] INFO  segmented.SegmentedRaftLogWorker (SegmentedRaftLogWorker.java:rollLogSegment(385)) - c216299f-cbcf-4288-b39c-5bdcbace6c48@group-5501053FBD97-SegmentedRaftLogWorker: Rolling segment log-0_16 to index:16
2019-09-19 14:56:34,886 [c216299f-cbcf-4288-b39c-5bdcbace6c48@group-5501053FBD97-SegmentedRaftLogWorker] INFO  segmented.SegmentedRaftLogWorker (SegmentedRaftLogWorker.java:execute(526)) - c216299f-cbcf-4288-b39c-5bdcbace6c48@group-5501053FBD97-SegmentedRaftLogWorker: Rolled log segment from /workdir/hadoop-ozone/integration-test/target/test-dir/MiniOzoneClusterImpl-99c120a9-ba08-420c-a34c-f177dbe2ba07/datanode-6/data/ratis/e50c039d-a311-411f-824f-5501053fbd97/current/log_inprogress_0 to /workdir/hadoop-ozone/integration-test/target/test-dir/MiniOzoneClusterImpl-99c120a9-ba08-420c-a34c-f177dbe2ba07/datanode-6/data/ratis/e50c039d-a311-411f-824f-5501053fbd97/current/log_0-16
2019-09-19 14:56:34,895 [9541d083-5ce9-4e0f-acb1-c0874f3633f2@group-5501053FBD97-SegmentedRaftLogWorker] INFO  segmented.SegmentedRaftLogWorker (SegmentedRaftLogWorker.java:execute(569)) - 9541d083-5ce9-4e0f-acb1-c0874f3633f2@group-5501053FBD97-SegmentedRaftLogWorker: created new log segment /workdir/hadoop-ozone/integration-test/target/test-dir/MiniOzoneClusterImpl-99c120a9-ba08-420c-a34c-f177dbe2ba07/datanode-5/data/ratis/e50c039d-a311-411f-824f-5501053fbd97/current/log_inprogress_17
2019-09-19 14:56:34,919 [c216299f-cbcf-4288-b39c-5bdcbace6c48@group-5501053FBD97-SegmentedRaftLogWorker] INFO  segmented.SegmentedRaftLogWorker (SegmentedRaftLogWorker.java:execute(569)) - c216299f-cbcf-4288-b39c-5bdcbace6c48@group-5501053FBD97-SegmentedRaftLogWorker: created new log segment /workdir/hadoop-ozone/integration-test/target/test-dir/MiniOzoneClusterImpl-99c120a9-ba08-420c-a34c-f177dbe2ba07/datanode-6/data/ratis/e50c039d-a311-411f-824f-5501053fbd97/current/log_inprogress_17
2019-09-19 14:56:34,948 [grpc-default-executor-7] INFO  client.GrpcClientProtocolClient (GrpcClientProtocolClient.java:onNext(264)) - client-1F73FCBD3B30->9541d083-5ce9-4e0f-acb1-c0874f3633f2: receive RaftClientReply:client-1F73FCBD3B30->9541d083-5ce9-4e0f-acb1-c0874f3633f2@group-5501053FBD97, cid=183, FAILED org.apache.ratis.protocol.LeaderNotReadyException: 9541d083-5ce9-4e0f-acb1-c0874f3633f2@group-5501053FBD97 is in LEADER state but not ready yet., logIndex=0, commits[9541d083-5ce9-4e0f-acb1-c0874f3633f2:c16, c216299f-cbcf-4288-b39c-5bdcbace6c48:c16, 0d3107a9-04ba-472f-b8eb-753278bc281d:c16]
2019-09-19 14:56:34,951 [grpc-default-executor-6] WARN  server.GrpcLogAppender (LogUtils.java:warn(134)) - 9541d083-5ce9-4e0f-acb1-c0874f3633f2@group-5501053FBD97->0d3107a9-04ba-472f-b8eb-753278bc281d-AppendLogResponseHandler: Failed appendEntries: org.apache.ratis.thirdparty.io.grpc.StatusRuntimeException: UNAVAILABLE: io exception
2019-09-19 14:56:34,951 [grpc-default-executor-6] INFO  impl.FollowerInfo (FollowerInfo.java:lambda$new$0(51)) - 9541d083-5ce9-4e0f-acb1-c0874f3633f2@group-5501053FBD97->0d3107a9-04ba-472f-b8eb-753278bc281d: nextIndex: updateUnconditionally 2 -> 1
14:56:36.954 [grpc-default-executor-6] ERROR DNAudit - user=null | ip=null | op=WRITE_CHUNK {blockData=conID: 1 locID: 102819756126896141 bcsId: 14} | ret=FAILURE
org.apache.hadoop.hdds.scm.container.common.helpers.ContainerNotOpenException: Container 1 in CLOSING state
	at org.apache.hadoop.ozone.container.common.impl.HddsDispatcher.validateContainerCommand(HddsDispatcher.java:434) ~[hadoop-hdds-container-service-0.5.0-SNAPSHOT.jar:?]
	at org.apache.hadoop.ozone.container.common.transport.server.ratis.ContainerStateMachine.startTransaction(ContainerStateMachine.java:315) ~[hadoop-hdds-container-service-0.5.0-SNAPSHOT.jar:?]
	at org.apache.ratis.server.impl.RaftServerImpl.submitClientRequestAsync(RaftServerImpl.java:573) ~[ratis-server-0.4.0-78e95b9-SNAPSHOT.jar:0.4.0-78e95b9-SNAPSHOT]
	at org.apache.ratis.server.impl.RaftServerProxy.lambda$submitClientRequestAsync$7(RaftServerProxy.java:333) ~[ratis-server-0.4.0-78e95b9-SNAPSHOT.jar:0.4.0-78e95b9-SNAPSHOT]
	at org.apache.ratis.server.impl.RaftServerProxy.lambda$null$5(RaftServerProxy.java:328) ~[ratis-server-0.4.0-78e95b9-SNAPSHOT.jar:0.4.0-78e95b9-SNAPSHOT]
	at org.apache.ratis.util.JavaUtils.callAsUnchecked(JavaUtils.java:109) ~[ratis-common-0.4.0-78e95b9-SNAPSHOT.jar:0.4.0-78e95b9-SNAPSHOT]
	at org.apache.ratis.server.impl.RaftServerProxy.lambda$submitRequest$6(RaftServerProxy.java:328) ~[ratis-server-0.4.0-78e95b9-SNAPSHOT.jar:0.4.0-78e95b9-SNAPSHOT]
	at java.util.concurrent.CompletableFuture.uniComposeStage(CompletableFuture.java:981) ~[?:1.8.0_212]
	at java.util.concurrent.CompletableFuture.thenCompose(CompletableFuture.java:2124) ~[?:1.8.0_212]
	at org.apache.ratis.server.impl.RaftServerProxy.submitRequest(RaftServerProxy.java:327) ~[ratis-server-0.4.0-78e95b9-SNAPSHOT.jar:0.4.0-78e95b9-SNAPSHOT]
	at org.apache.ratis.server.impl.RaftServerProxy.submitClientRequestAsync(RaftServerProxy.java:333) ~[ratis-server-0.4.0-78e95b9-SNAPSHOT.jar:0.4.0-78e95b9-SNAPSHOT]
	at org.apache.ratis.grpc.client.GrpcClientProtocolService$RequestStreamObserver.processClientRequest(GrpcClientProtocolService.java:220) ~[ratis-grpc-0.4.0-78e95b9-SNAPSHOT.jar:0.4.0-78e95b9-SNAPSHOT]
	at org.apache.ratis.grpc.client.GrpcClientProtocolService$OrderedRequestStreamObserver.processClientRequest(GrpcClientProtocolService.java:326) ~[ratis-grpc-0.4.0-78e95b9-SNAPSHOT.jar:0.4.0-78e95b9-SNAPSHOT]
	at org.apache.ratis.util.SlidingWindow$Server.processRequestsFromHead(SlidingWindow.java:429) [ratis-common-0.4.0-78e95b9-SNAPSHOT.jar:0.4.0-78e95b9-SNAPSHOT]
	at org.apache.ratis.util.SlidingWindow$Server.receivedRequest(SlidingWindow.java:421) [ratis-common-0.4.0-78e95b9-SNAPSHOT.jar:0.4.0-78e95b9-SNAPSHOT]
	at org.apache.ratis.grpc.client.GrpcClientProtocolService$OrderedRequestStreamObserver.processClientRequest(GrpcClientProtocolService.java:345) [ratis-grpc-0.4.0-78e95b9-SNAPSHOT.jar:0.4.0-78e95b9-SNAPSHOT]
	at org.apache.ratis.grpc.client.GrpcClientProtocolService$RequestStreamObserver.onNext(GrpcClientProtocolService.java:240) [ratis-grpc-0.4.0-78e95b9-SNAPSHOT.jar:0.4.0-78e95b9-SNAPSHOT]
	at org.apache.ratis.grpc.client.GrpcClientProtocolService$RequestStreamObserver.onNext(GrpcClientProtocolService.java:168) [ratis-grpc-0.4.0-78e95b9-SNAPSHOT.jar:0.4.0-78e95b9-SNAPSHOT]
	at org.apache.ratis.thirdparty.io.grpc.stub.ServerCalls$StreamingServerCallHandler$StreamingServerCallListener.onMessage(ServerCalls.java:248) [ratis-thirdparty-misc-0.2.0.jar:0.2.0]
	at org.apache.ratis.thirdparty.io.grpc.internal.ServerCallImpl$ServerStreamListenerImpl.messagesAvailable(ServerCallImpl.java:263) [ratis-thirdparty-misc-0.2.0.jar:0.2.0]
	at org.apache.ratis.thirdparty.io.grpc.internal.ServerImpl$JumpToApplicationThreadServerStreamListener$1MessagesAvailable.runInContext(ServerImpl.java:686) [ratis-thirdparty-misc-0.2.0.jar:0.2.0]
	at org.apache.ratis.thirdparty.io.grpc.internal.ContextRunnable.run(ContextRunnable.java:37) [ratis-thirdparty-misc-0.2.0.jar:0.2.0]
	at org.apache.ratis.thirdparty.io.grpc.internal.SerializingExecutor.run(SerializingExecutor.java:123) [ratis-thirdparty-misc-0.2.0.jar:0.2.0]
	at java.util.concurrent.ThreadPoolExecutor.runWorker(ThreadPoolExecutor.java:1149) [?:1.8.0_212]
	at java.util.concurrent.ThreadPoolExecutor$Worker.run(ThreadPoolExecutor.java:624) [?:1.8.0_212]
	at java.lang.Thread.run(Thread.java:748) [?:1.8.0_212]
2019-09-19 14:56:36,972 [grpc-default-executor-6] INFO  client.GrpcClientProtocolClient (GrpcClientProtocolClient.java:onNext(264)) - client-1F73FCBD3B30->9541d083-5ce9-4e0f-acb1-c0874f3633f2: receive RaftClientReply:client-1F73FCBD3B30->9541d083-5ce9-4e0f-acb1-c0874f3633f2@group-5501053FBD97, cid=183, FAILED org.apache.ratis.protocol.StateMachineException: org.apache.hadoop.hdds.scm.container.common.helpers.ContainerNotOpenException from Server 9541d083-5ce9-4e0f-acb1-c0874f3633f2@group-5501053FBD97: Container 1 in CLOSING state, logIndex=0, commits[9541d083-5ce9-4e0f-acb1-c0874f3633f2:c18, c216299f-cbcf-4288-b39c-5bdcbace6c48:c17, 0d3107a9-04ba-472f-b8eb-753278bc281d:c16]
14:56:36.975 [grpc-default-executor-6] ERROR DNAudit - user=null | ip=null | op=WRITE_CHUNK {blockData=conID: 1 locID: 102819756126896141 bcsId: 14} | ret=FAILURE
org.apache.hadoop.hdds.scm.container.common.helpers.ContainerNotOpenException: Container 1 in CLOSING state
	at org.apache.hadoop.ozone.container.common.impl.HddsDispatcher.validateContainerCommand(HddsDispatcher.java:434) ~[hadoop-hdds-container-service-0.5.0-SNAPSHOT.jar:?]
	at org.apache.hadoop.ozone.container.common.transport.server.ratis.ContainerStateMachine.startTransaction(ContainerStateMachine.java:315) ~[hadoop-hdds-container-service-0.5.0-SNAPSHOT.jar:?]
	at org.apache.ratis.server.impl.RaftServerImpl.submitClientRequestAsync(RaftServerImpl.java:573) ~[ratis-server-0.4.0-78e95b9-SNAPSHOT.jar:0.4.0-78e95b9-SNAPSHOT]
	at org.apache.ratis.server.impl.RaftServerProxy.lambda$submitClientRequestAsync$7(RaftServerProxy.java:333) ~[ratis-server-0.4.0-78e95b9-SNAPSHOT.jar:0.4.0-78e95b9-SNAPSHOT]
	at org.apache.ratis.server.impl.RaftServerProxy.lambda$null$5(RaftServerProxy.java:328) ~[ratis-server-0.4.0-78e95b9-SNAPSHOT.jar:0.4.0-78e95b9-SNAPSHOT]
	at org.apache.ratis.util.JavaUtils.callAsUnchecked(JavaUtils.java:109) ~[ratis-common-0.4.0-78e95b9-SNAPSHOT.jar:0.4.0-78e95b9-SNAPSHOT]
	at org.apache.ratis.server.impl.RaftServerProxy.lambda$submitRequest$6(RaftServerProxy.java:328) ~[ratis-server-0.4.0-78e95b9-SNAPSHOT.jar:0.4.0-78e95b9-SNAPSHOT]
	at java.util.concurrent.CompletableFuture.uniComposeStage(CompletableFuture.java:981) ~[?:1.8.0_212]
	at java.util.concurrent.CompletableFuture.thenCompose(CompletableFuture.java:2124) ~[?:1.8.0_212]
	at org.apache.ratis.server.impl.RaftServerProxy.submitRequest(RaftServerProxy.java:327) ~[ratis-server-0.4.0-78e95b9-SNAPSHOT.jar:0.4.0-78e95b9-SNAPSHOT]
	at org.apache.ratis.server.impl.RaftServerProxy.submitClientRequestAsync(RaftServerProxy.java:333) ~[ratis-server-0.4.0-78e95b9-SNAPSHOT.jar:0.4.0-78e95b9-SNAPSHOT]
	at org.apache.ratis.grpc.client.GrpcClientProtocolService$RequestStreamObserver.processClientRequest(GrpcClientProtocolService.java:220) ~[ratis-grpc-0.4.0-78e95b9-SNAPSHOT.jar:0.4.0-78e95b9-SNAPSHOT]
	at org.apache.ratis.grpc.client.GrpcClientProtocolService$OrderedRequestStreamObserver.processClientRequest(GrpcClientProtocolService.java:326) ~[ratis-grpc-0.4.0-78e95b9-SNAPSHOT.jar:0.4.0-78e95b9-SNAPSHOT]
	at org.apache.ratis.util.SlidingWindow$Server.processRequestsFromHead(SlidingWindow.java:429) [ratis-common-0.4.0-78e95b9-SNAPSHOT.jar:0.4.0-78e95b9-SNAPSHOT]
	at org.apache.ratis.util.SlidingWindow$Server.receivedRequest(SlidingWindow.java:421) [ratis-common-0.4.0-78e95b9-SNAPSHOT.jar:0.4.0-78e95b9-SNAPSHOT]
	at org.apache.ratis.grpc.client.GrpcClientProtocolService$OrderedRequestStreamObserver.processClientRequest(GrpcClientProtocolService.java:345) [ratis-grpc-0.4.0-78e95b9-SNAPSHOT.jar:0.4.0-78e95b9-SNAPSHOT]
	at org.apache.ratis.grpc.client.GrpcClientProtocolService$RequestStreamObserver.onNext(GrpcClientProtocolService.java:240) [ratis-grpc-0.4.0-78e95b9-SNAPSHOT.jar:0.4.0-78e95b9-SNAPSHOT]
	at org.apache.ratis.grpc.client.GrpcClientProtocolService$RequestStreamObserver.onNext(GrpcClientProtocolService.java:168) [ratis-grpc-0.4.0-78e95b9-SNAPSHOT.jar:0.4.0-78e95b9-SNAPSHOT]
	at org.apache.ratis.thirdparty.io.grpc.stub.ServerCalls$StreamingServerCallHandler$StreamingServerCallListener.onMessage(ServerCalls.java:248) [ratis-thirdparty-misc-0.2.0.jar:0.2.0]
	at org.apache.ratis.thirdparty.io.grpc.internal.ServerCallImpl$ServerStreamListenerImpl.messagesAvailable(ServerCallImpl.java:263) [ratis-thirdparty-misc-0.2.0.jar:0.2.0]
	at org.apache.ratis.thirdparty.io.grpc.internal.ServerImpl$JumpToApplicationThreadServerStreamListener$1MessagesAvailable.runInContext(ServerImpl.java:686) [ratis-thirdparty-misc-0.2.0.jar:0.2.0]
	at org.apache.ratis.thirdparty.io.grpc.internal.ContextRunnable.run(ContextRunnable.java:37) [ratis-thirdparty-misc-0.2.0.jar:0.2.0]
	at org.apache.ratis.thirdparty.io.grpc.internal.SerializingExecutor.run(SerializingExecutor.java:123) [ratis-thirdparty-misc-0.2.0.jar:0.2.0]
	at java.util.concurrent.ThreadPoolExecutor.runWorker(ThreadPoolExecutor.java:1149) [?:1.8.0_212]
	at java.util.concurrent.ThreadPoolExecutor$Worker.run(ThreadPoolExecutor.java:624) [?:1.8.0_212]
	at java.lang.Thread.run(Thread.java:748) [?:1.8.0_212]
14:56:36.977 [grpc-default-executor-6] ERROR DNAudit - user=null | ip=null | op=PUT_BLOCK {blockData=[blockId=conID: 1 locID: 102819756126896141 bcsId: 0,size=650]} | ret=FAILURE
org.apache.hadoop.hdds.scm.container.common.helpers.ContainerNotOpenException: Container 1 in CLOSING state
	at org.apache.hadoop.ozone.container.common.impl.HddsDispatcher.validateContainerCommand(HddsDispatcher.java:434) ~[hadoop-hdds-container-service-0.5.0-SNAPSHOT.jar:?]
	at org.apache.hadoop.ozone.container.common.transport.server.ratis.ContainerStateMachine.startTransaction(ContainerStateMachine.java:315) ~[hadoop-hdds-container-service-0.5.0-SNAPSHOT.jar:?]
	at org.apache.ratis.server.impl.RaftServerImpl.submitClientRequestAsync(RaftServerImpl.java:573) ~[ratis-server-0.4.0-78e95b9-SNAPSHOT.jar:0.4.0-78e95b9-SNAPSHOT]
	at org.apache.ratis.server.impl.RaftServerProxy.lambda$submitClientRequestAsync$7(RaftServerProxy.java:333) ~[ratis-server-0.4.0-78e95b9-SNAPSHOT.jar:0.4.0-78e95b9-SNAPSHOT]
	at org.apache.ratis.server.impl.RaftServerProxy.lambda$null$5(RaftServerProxy.java:328) ~[ratis-server-0.4.0-78e95b9-SNAPSHOT.jar:0.4.0-78e95b9-SNAPSHOT]
	at org.apache.ratis.util.JavaUtils.callAsUnchecked(JavaUtils.java:109) ~[ratis-common-0.4.0-78e95b9-SNAPSHOT.jar:0.4.0-78e95b9-SNAPSHOT]
	at org.apache.ratis.server.impl.RaftServerProxy.lambda$submitRequest$6(RaftServerProxy.java:328) ~[ratis-server-0.4.0-78e95b9-SNAPSHOT.jar:0.4.0-78e95b9-SNAPSHOT]
	at java.util.concurrent.CompletableFuture.uniComposeStage(CompletableFuture.java:981) ~[?:1.8.0_212]
	at java.util.concurrent.CompletableFuture.thenCompose(CompletableFuture.java:2124) ~[?:1.8.0_212]
	at org.apache.ratis.server.impl.RaftServerProxy.submitRequest(RaftServerProxy.java:327) ~[ratis-server-0.4.0-78e95b9-SNAPSHOT.jar:0.4.0-78e95b9-SNAPSHOT]
	at org.apache.ratis.server.impl.RaftServerProxy.submitClientRequestAsync(RaftServerProxy.java:333) ~[ratis-server-0.4.0-78e95b9-SNAPSHOT.jar:0.4.0-78e95b9-SNAPSHOT]
	at org.apache.ratis.grpc.client.GrpcClientProtocolService$RequestStreamObserver.processClientRequest(GrpcClientProtocolService.java:220) ~[ratis-grpc-0.4.0-78e95b9-SNAPSHOT.jar:0.4.0-78e95b9-SNAPSHOT]
	at org.apache.ratis.grpc.client.GrpcClientProtocolService$OrderedRequestStreamObserver.processClientRequest(GrpcClientProtocolService.java:326) ~[ratis-grpc-0.4.0-78e95b9-SNAPSHOT.jar:0.4.0-78e95b9-SNAPSHOT]
	at org.apache.ratis.util.SlidingWindow$Server.processRequestsFromHead(SlidingWindow.java:429) [ratis-common-0.4.0-78e95b9-SNAPSHOT.jar:0.4.0-78e95b9-SNAPSHOT]
	at org.apache.ratis.util.SlidingWindow$Server.receivedRequest(SlidingWindow.java:421) [ratis-common-0.4.0-78e95b9-SNAPSHOT.jar:0.4.0-78e95b9-SNAPSHOT]
	at org.apache.ratis.grpc.client.GrpcClientProtocolService$OrderedRequestStreamObserver.processClientRequest(GrpcClientProtocolService.java:345) [ratis-grpc-0.4.0-78e95b9-SNAPSHOT.jar:0.4.0-78e95b9-SNAPSHOT]
	at org.apache.ratis.grpc.client.GrpcClientProtocolService$RequestStreamObserver.onNext(GrpcClientProtocolService.java:240) [ratis-grpc-0.4.0-78e95b9-SNAPSHOT.jar:0.4.0-78e95b9-SNAPSHOT]
	at org.apache.ratis.grpc.client.GrpcClientProtocolService$RequestStreamObserver.onNext(GrpcClientProtocolService.java:168) [ratis-grpc-0.4.0-78e95b9-SNAPSHOT.jar:0.4.0-78e95b9-SNAPSHOT]
	at org.apache.ratis.thirdparty.io.grpc.stub.ServerCalls$StreamingServerCallHandler$StreamingServerCallListener.onMessage(ServerCalls.java:248) [ratis-thirdparty-misc-0.2.0.jar:0.2.0]
	at org.apache.ratis.thirdparty.io.grpc.internal.ServerCallImpl$ServerStreamListenerImpl.messagesAvailable(ServerCallImpl.java:263) [ratis-thirdparty-misc-0.2.0.jar:0.2.0]
	at org.apache.ratis.thirdparty.io.grpc.internal.ServerImpl$JumpToApplicationThreadServerStreamListener$1MessagesAvailable.runInContext(ServerImpl.java:686) [ratis-thirdparty-misc-0.2.0.jar:0.2.0]
	at org.apache.ratis.thirdparty.io.grpc.internal.ContextRunnable.run(ContextRunnable.java:37) [ratis-thirdparty-misc-0.2.0.jar:0.2.0]
	at org.apache.ratis.thirdparty.io.grpc.internal.SerializingExecutor.run(SerializingExecutor.java:123) [ratis-thirdparty-misc-0.2.0.jar:0.2.0]
	at java.util.concurrent.ThreadPoolExecutor.runWorker(ThreadPoolExecutor.java:1149) [?:1.8.0_212]
	at java.util.concurrent.ThreadPoolExecutor$Worker.run(ThreadPoolExecutor.java:624) [?:1.8.0_212]
	at java.lang.Thread.run(Thread.java:748) [?:1.8.0_212]
14:56:36.987 [grpc-default-executor-6] ERROR DNAudit - user=null | ip=null | op=WRITE_CHUNK {blockData=conID: 1 locID: 102819756126896141 bcsId: 14} | ret=FAILURE
org.apache.hadoop.hdds.scm.container.common.helpers.ContainerNotOpenException: Container 1 in CLOSING state
	at org.apache.hadoop.ozone.container.common.impl.HddsDispatcher.validateContainerCommand(HddsDispatcher.java:434) ~[hadoop-hdds-container-service-0.5.0-SNAPSHOT.jar:?]
	at org.apache.hadoop.ozone.container.common.transport.server.ratis.ContainerStateMachine.startTransaction(ContainerStateMachine.java:315) ~[hadoop-hdds-container-service-0.5.0-SNAPSHOT.jar:?]
	at org.apache.ratis.server.impl.RaftServerImpl.submitClientRequestAsync(RaftServerImpl.java:573) ~[ratis-server-0.4.0-78e95b9-SNAPSHOT.jar:0.4.0-78e95b9-SNAPSHOT]
	at org.apache.ratis.server.impl.RaftServerProxy.lambda$submitClientRequestAsync$7(RaftServerProxy.java:333) ~[ratis-server-0.4.0-78e95b9-SNAPSHOT.jar:0.4.0-78e95b9-SNAPSHOT]
	at org.apache.ratis.server.impl.RaftServerProxy.lambda$null$5(RaftServerProxy.java:328) ~[ratis-server-0.4.0-78e95b9-SNAPSHOT.jar:0.4.0-78e95b9-SNAPSHOT]
	at org.apache.ratis.util.JavaUtils.callAsUnchecked(JavaUtils.java:109) ~[ratis-common-0.4.0-78e95b9-SNAPSHOT.jar:0.4.0-78e95b9-SNAPSHOT]
	at org.apache.ratis.server.impl.RaftServerProxy.lambda$submitRequest$6(RaftServerProxy.java:328) ~[ratis-server-0.4.0-78e95b9-SNAPSHOT.jar:0.4.0-78e95b9-SNAPSHOT]
	at java.util.concurrent.CompletableFuture.uniComposeStage(CompletableFuture.java:981) ~[?:1.8.0_212]
	at java.util.concurrent.CompletableFuture.thenCompose(CompletableFuture.java:2124) ~[?:1.8.0_212]
	at org.apache.ratis.server.impl.RaftServerProxy.submitRequest(RaftServerProxy.java:327) ~[ratis-server-0.4.0-78e95b9-SNAPSHOT.jar:0.4.0-78e95b9-SNAPSHOT]
	at org.apache.ratis.server.impl.RaftServerProxy.submitClientRequestAsync(RaftServerProxy.java:333) ~[ratis-server-0.4.0-78e95b9-SNAPSHOT.jar:0.4.0-78e95b9-SNAPSHOT]
	at org.apache.ratis.grpc.client.GrpcClientProtocolService$RequestStreamObserver.processClientRequest(GrpcClientProtocolService.java:220) ~[ratis-grpc-0.4.0-78e95b9-SNAPSHOT.jar:0.4.0-78e95b9-SNAPSHOT]
	at org.apache.ratis.grpc.client.GrpcClientProtocolService$OrderedRequestStreamObserver.processClientRequest(GrpcClientProtocolService.java:326) ~[ratis-grpc-0.4.0-78e95b9-SNAPSHOT.jar:0.4.0-78e95b9-SNAPSHOT]
	at org.apache.ratis.util.SlidingWindow$Server.processRequestsFromHead(SlidingWindow.java:429) [ratis-common-0.4.0-78e95b9-SNAPSHOT.jar:0.4.0-78e95b9-SNAPSHOT]
	at org.apache.ratis.util.SlidingWindow$Server.receivedRequest(SlidingWindow.java:421) [ratis-common-0.4.0-78e95b9-SNAPSHOT.jar:0.4.0-78e95b9-SNAPSHOT]
	at org.apache.ratis.grpc.client.GrpcClientProtocolService$OrderedRequestStreamObserver.processClientRequest(GrpcClientProtocolService.java:345) [ratis-grpc-0.4.0-78e95b9-SNAPSHOT.jar:0.4.0-78e95b9-SNAPSHOT]
	at org.apache.ratis.grpc.client.GrpcClientProtocolService$RequestStreamObserver.onNext(GrpcClientProtocolService.java:240) [ratis-grpc-0.4.0-78e95b9-SNAPSHOT.jar:0.4.0-78e95b9-SNAPSHOT]
	at org.apache.ratis.grpc.client.GrpcClientProtocolService$RequestStreamObserver.onNext(GrpcClientProtocolService.java:168) [ratis-grpc-0.4.0-78e95b9-SNAPSHOT.jar:0.4.0-78e95b9-SNAPSHOT]
	at org.apache.ratis.thirdparty.io.grpc.stub.ServerCalls$StreamingServerCallHandler$StreamingServerCallListener.onMessage(ServerCalls.java:248) [ratis-thirdparty-misc-0.2.0.jar:0.2.0]
	at org.apache.ratis.thirdparty.io.grpc.internal.ServerCallImpl$ServerStreamListenerImpl.messagesAvailable(ServerCallImpl.java:263) [ratis-thirdparty-misc-0.2.0.jar:0.2.0]
	at org.apache.ratis.thirdparty.io.grpc.internal.ServerImpl$JumpToApplicationThreadServerStreamListener$1MessagesAvailable.runInContext(ServerImpl.java:686) [ratis-thirdparty-misc-0.2.0.jar:0.2.0]
	at org.apache.ratis.thirdparty.io.grpc.internal.ContextRunnable.run(ContextRunnable.java:37) [ratis-thirdparty-misc-0.2.0.jar:0.2.0]
	at org.apache.ratis.thirdparty.io.grpc.internal.SerializingExecutor.run(SerializingExecutor.java:123) [ratis-thirdparty-misc-0.2.0.jar:0.2.0]
	at java.util.concurrent.ThreadPoolExecutor.runWorker(ThreadPoolExecutor.java:1149) [?:1.8.0_212]
	at java.util.concurrent.ThreadPoolExecutor$Worker.run(ThreadPoolExecutor.java:624) [?:1.8.0_212]
	at java.lang.Thread.run(Thread.java:748) [?:1.8.0_212]
2019-09-19 14:56:36,991 [grpc-default-executor-4] INFO  client.GrpcClientProtocolClient (GrpcClientProtocolClient.java:onNext(264)) - client-1F73FCBD3B30->9541d083-5ce9-4e0f-acb1-c0874f3633f2: receive RaftClientReply:client-1F73FCBD3B30->9541d083-5ce9-4e0f-acb1-c0874f3633f2@group-5501053FBD97, cid=184, FAILED org.apache.ratis.protocol.StateMachineException: org.apache.hadoop.hdds.scm.container.common.helpers.ContainerNotOpenException from Server 9541d083-5ce9-4e0f-acb1-c0874f3633f2@group-5501053FBD97: Container 1 in CLOSING state, logIndex=0, commits[9541d083-5ce9-4e0f-acb1-c0874f3633f2:c18, c216299f-cbcf-4288-b39c-5bdcbace6c48:c17, 0d3107a9-04ba-472f-b8eb-753278bc281d:c16]
14:56:36.995 [grpc-default-executor-6] ERROR DNAudit - user=null | ip=null | op=WRITE_CHUNK {blockData=conID: 1 locID: 102819756126896141 bcsId: 14} | ret=FAILURE
org.apache.hadoop.hdds.scm.container.common.helpers.ContainerNotOpenException: Container 1 in CLOSING state
	at org.apache.hadoop.ozone.container.common.impl.HddsDispatcher.validateContainerCommand(HddsDispatcher.java:434) ~[hadoop-hdds-container-service-0.5.0-SNAPSHOT.jar:?]
	at org.apache.hadoop.ozone.container.common.transport.server.ratis.ContainerStateMachine.startTransaction(ContainerStateMachine.java:315) ~[hadoop-hdds-container-service-0.5.0-SNAPSHOT.jar:?]
	at org.apache.ratis.server.impl.RaftServerImpl.submitClientRequestAsync(RaftServerImpl.java:573) ~[ratis-server-0.4.0-78e95b9-SNAPSHOT.jar:0.4.0-78e95b9-SNAPSHOT]
	at org.apache.ratis.server.impl.RaftServerProxy.lambda$submitClientRequestAsync$7(RaftServerProxy.java:333) ~[ratis-server-0.4.0-78e95b9-SNAPSHOT.jar:0.4.0-78e95b9-SNAPSHOT]
	at org.apache.ratis.server.impl.RaftServerProxy.lambda$null$5(RaftServerProxy.java:328) ~[ratis-server-0.4.0-78e95b9-SNAPSHOT.jar:0.4.0-78e95b9-SNAPSHOT]
	at org.apache.ratis.util.JavaUtils.callAsUnchecked(JavaUtils.java:109) ~[ratis-common-0.4.0-78e95b9-SNAPSHOT.jar:0.4.0-78e95b9-SNAPSHOT]
	at org.apache.ratis.server.impl.RaftServerProxy.lambda$submitRequest$6(RaftServerProxy.java:328) ~[ratis-server-0.4.0-78e95b9-SNAPSHOT.jar:0.4.0-78e95b9-SNAPSHOT]
	at java.util.concurrent.CompletableFuture.uniComposeStage(CompletableFuture.java:981) ~[?:1.8.0_212]
	at java.util.concurrent.CompletableFuture.thenCompose(CompletableFuture.java:2124) ~[?:1.8.0_212]
	at org.apache.ratis.server.impl.RaftServerProxy.submitRequest(RaftServerProxy.java:327) ~[ratis-server-0.4.0-78e95b9-SNAPSHOT.jar:0.4.0-78e95b9-SNAPSHOT]
	at org.apache.ratis.server.impl.RaftServerProxy.submitClientRequestAsync(RaftServerProxy.java:333) ~[ratis-server-0.4.0-78e95b9-SNAPSHOT.jar:0.4.0-78e95b9-SNAPSHOT]
	at org.apache.ratis.grpc.client.GrpcClientProtocolService$RequestStreamObserver.processClientRequest(GrpcClientProtocolService.java:220) ~[ratis-grpc-0.4.0-78e95b9-SNAPSHOT.jar:0.4.0-78e95b9-SNAPSHOT]
	at org.apache.ratis.grpc.client.GrpcClientProtocolService$OrderedRequestStreamObserver.processClientRequest(GrpcClientProtocolService.java:326) ~[ratis-grpc-0.4.0-78e95b9-SNAPSHOT.jar:0.4.0-78e95b9-SNAPSHOT]
	at org.apache.ratis.util.SlidingWindow$Server.processRequestsFromHead(SlidingWindow.java:429) [ratis-common-0.4.0-78e95b9-SNAPSHOT.jar:0.4.0-78e95b9-SNAPSHOT]
	at org.apache.ratis.util.SlidingWindow$Server.receivedRequest(SlidingWindow.java:421) [ratis-common-0.4.0-78e95b9-SNAPSHOT.jar:0.4.0-78e95b9-SNAPSHOT]
	at org.apache.ratis.grpc.client.GrpcClientProtocolService$OrderedRequestStreamObserver.processClientRequest(GrpcClientProtocolService.java:345) [ratis-grpc-0.4.0-78e95b9-SNAPSHOT.jar:0.4.0-78e95b9-SNAPSHOT]
	at org.apache.ratis.grpc.client.GrpcClientProtocolService$RequestStreamObserver.onNext(GrpcClientProtocolService.java:240) [ratis-grpc-0.4.0-78e95b9-SNAPSHOT.jar:0.4.0-78e95b9-SNAPSHOT]
	at org.apache.ratis.grpc.client.GrpcClientProtocolService$RequestStreamObserver.onNext(GrpcClientProtocolService.java:168) [ratis-grpc-0.4.0-78e95b9-SNAPSHOT.jar:0.4.0-78e95b9-SNAPSHOT]
	at org.apache.ratis.thirdparty.io.grpc.stub.ServerCalls$StreamingServerCallHandler$StreamingServerCallListener.onMessage(ServerCalls.java:248) [ratis-thirdparty-misc-0.2.0.jar:0.2.0]
	at org.apache.ratis.thirdparty.io.grpc.internal.ServerCallImpl$ServerStreamListenerImpl.messagesAvailable(ServerCallImpl.java:263) [ratis-thirdparty-misc-0.2.0.jar:0.2.0]
	at org.apache.ratis.thirdparty.io.grpc.internal.ServerImpl$JumpToApplicationThreadServerStreamListener$1MessagesAvailable.runInContext(ServerImpl.java:686) [ratis-thirdparty-misc-0.2.0.jar:0.2.0]
	at org.apache.ratis.thirdparty.io.grpc.internal.ContextRunnable.run(ContextRunnable.java:37) [ratis-thirdparty-misc-0.2.0.jar:0.2.0]
	at org.apache.ratis.thirdparty.io.grpc.internal.SerializingExecutor.run(SerializingExecutor.java:123) [ratis-thirdparty-misc-0.2.0.jar:0.2.0]
	at java.util.concurrent.ThreadPoolExecutor.runWorker(ThreadPoolExecutor.java:1149) [?:1.8.0_212]
	at java.util.concurrent.ThreadPoolExecutor$Worker.run(ThreadPoolExecutor.java:624) [?:1.8.0_212]
	at java.lang.Thread.run(Thread.java:748) [?:1.8.0_212]
2019-09-19 14:56:36,999 [grpc-default-executor-4] INFO  client.GrpcClientProtocolClient (GrpcClientProtocolClient.java:onNext(264)) - client-1F73FCBD3B30->9541d083-5ce9-4e0f-acb1-c0874f3633f2: receive RaftClientReply:client-1F73FCBD3B30->9541d083-5ce9-4e0f-acb1-c0874f3633f2@group-5501053FBD97, cid=185, FAILED org.apache.ratis.protocol.StateMachineException: org.apache.hadoop.hdds.scm.container.common.helpers.ContainerNotOpenException from Server 9541d083-5ce9-4e0f-acb1-c0874f3633f2@group-5501053FBD97: Container 1 in CLOSING state, logIndex=0, commits[9541d083-5ce9-4e0f-acb1-c0874f3633f2:c18, c216299f-cbcf-4288-b39c-5bdcbace6c48:c17, 0d3107a9-04ba-472f-b8eb-753278bc281d:c16]
2019-09-19 14:56:37,004 [grpc-default-executor-4] INFO  client.GrpcClientProtocolClient (GrpcClientProtocolClient.java:onNext(264)) - client-1F73FCBD3B30->9541d083-5ce9-4e0f-acb1-c0874f3633f2: receive RaftClientReply:client-1F73FCBD3B30->9541d083-5ce9-4e0f-acb1-c0874f3633f2@group-5501053FBD97, cid=186, FAILED org.apache.ratis.protocol.StateMachineException: org.apache.hadoop.hdds.scm.container.common.helpers.ContainerNotOpenException from Server 9541d083-5ce9-4e0f-acb1-c0874f3633f2@group-5501053FBD97: Container 1 in CLOSING state, logIndex=0, commits[9541d083-5ce9-4e0f-acb1-c0874f3633f2:c18, c216299f-cbcf-4288-b39c-5bdcbace6c48:c17, 0d3107a9-04ba-472f-b8eb-753278bc281d:c16]
14:56:37.004 [grpc-default-executor-6] ERROR DNAudit - user=null | ip=null | op=PUT_BLOCK {blockData=[blockId=conID: 1 locID: 102819756126896141 bcsId: 0,size=800]} | ret=FAILURE
org.apache.hadoop.hdds.scm.container.common.helpers.ContainerNotOpenException: Container 1 in CLOSING state
	at org.apache.hadoop.ozone.container.common.impl.HddsDispatcher.validateContainerCommand(HddsDispatcher.java:434) ~[hadoop-hdds-container-service-0.5.0-SNAPSHOT.jar:?]
	at org.apache.hadoop.ozone.container.common.transport.server.ratis.ContainerStateMachine.startTransaction(ContainerStateMachine.java:315) ~[hadoop-hdds-container-service-0.5.0-SNAPSHOT.jar:?]
	at org.apache.ratis.server.impl.RaftServerImpl.submitClientRequestAsync(RaftServerImpl.java:573) ~[ratis-server-0.4.0-78e95b9-SNAPSHOT.jar:0.4.0-78e95b9-SNAPSHOT]
	at org.apache.ratis.server.impl.RaftServerProxy.lambda$submitClientRequestAsync$7(RaftServerProxy.java:333) ~[ratis-server-0.4.0-78e95b9-SNAPSHOT.jar:0.4.0-78e95b9-SNAPSHOT]
	at org.apache.ratis.server.impl.RaftServerProxy.lambda$null$5(RaftServerProxy.java:328) ~[ratis-server-0.4.0-78e95b9-SNAPSHOT.jar:0.4.0-78e95b9-SNAPSHOT]
	at org.apache.ratis.util.JavaUtils.callAsUnchecked(JavaUtils.java:109) ~[ratis-common-0.4.0-78e95b9-SNAPSHOT.jar:0.4.0-78e95b9-SNAPSHOT]
	at org.apache.ratis.server.impl.RaftServerProxy.lambda$submitRequest$6(RaftServerProxy.java:328) ~[ratis-server-0.4.0-78e95b9-SNAPSHOT.jar:0.4.0-78e95b9-SNAPSHOT]
	at java.util.concurrent.CompletableFuture.uniComposeStage(CompletableFuture.java:981) ~[?:1.8.0_212]
	at java.util.concurrent.CompletableFuture.thenCompose(CompletableFuture.java:2124) ~[?:1.8.0_212]
	at org.apache.ratis.server.impl.RaftServerProxy.submitRequest(RaftServerProxy.java:327) ~[ratis-server-0.4.0-78e95b9-SNAPSHOT.jar:0.4.0-78e95b9-SNAPSHOT]
	at org.apache.ratis.server.impl.RaftServerProxy.submitClientRequestAsync(RaftServerProxy.java:333) ~[ratis-server-0.4.0-78e95b9-SNAPSHOT.jar:0.4.0-78e95b9-SNAPSHOT]
	at org.apache.ratis.grpc.client.GrpcClientProtocolService$RequestStreamObserver.processClientRequest(GrpcClientProtocolService.java:220) ~[ratis-grpc-0.4.0-78e95b9-SNAPSHOT.jar:0.4.0-78e95b9-SNAPSHOT]
	at org.apache.ratis.grpc.client.GrpcClientProtocolService$OrderedRequestStreamObserver.processClientRequest(GrpcClientProtocolService.java:326) ~[ratis-grpc-0.4.0-78e95b9-SNAPSHOT.jar:0.4.0-78e95b9-SNAPSHOT]
	at org.apache.ratis.util.SlidingWindow$Server.processRequestsFromHead(SlidingWindow.java:429) [ratis-common-0.4.0-78e95b9-SNAPSHOT.jar:0.4.0-78e95b9-SNAPSHOT]
	at org.apache.ratis.util.SlidingWindow$Server.receivedRequest(SlidingWindow.java:421) [ratis-common-0.4.0-78e95b9-SNAPSHOT.jar:0.4.0-78e95b9-SNAPSHOT]
	at org.apache.ratis.grpc.client.GrpcClientProtocolService$OrderedRequestStreamObserver.processClientRequest(GrpcClientProtocolService.java:345) [ratis-grpc-0.4.0-78e95b9-SNAPSHOT.jar:0.4.0-78e95b9-SNAPSHOT]
	at org.apache.ratis.grpc.client.GrpcClientProtocolService$RequestStreamObserver.onNext(GrpcClientProtocolService.java:240) [ratis-grpc-0.4.0-78e95b9-SNAPSHOT.jar:0.4.0-78e95b9-SNAPSHOT]
	at org.apache.ratis.grpc.client.GrpcClientProtocolService$RequestStreamObserver.onNext(GrpcClientProtocolService.java:168) [ratis-grpc-0.4.0-78e95b9-SNAPSHOT.jar:0.4.0-78e95b9-SNAPSHOT]
	at org.apache.ratis.thirdparty.io.grpc.stub.ServerCalls$StreamingServerCallHandler$StreamingServerCallListener.onMessage(ServerCalls.java:248) [ratis-thirdparty-misc-0.2.0.jar:0.2.0]
	at org.apache.ratis.thirdparty.io.grpc.internal.ServerCallImpl$ServerStreamListenerImpl.messagesAvailable(ServerCallImpl.java:263) [ratis-thirdparty-misc-0.2.0.jar:0.2.0]
	at org.apache.ratis.thirdparty.io.grpc.internal.ServerImpl$JumpToApplicationThreadServerStreamListener$1MessagesAvailable.runInContext(ServerImpl.java:686) [ratis-thirdparty-misc-0.2.0.jar:0.2.0]
	at org.apache.ratis.thirdparty.io.grpc.internal.ContextRunnable.run(ContextRunnable.java:37) [ratis-thirdparty-misc-0.2.0.jar:0.2.0]
	at org.apache.ratis.thirdparty.io.grpc.internal.SerializingExecutor.run(SerializingExecutor.java:123) [ratis-thirdparty-misc-0.2.0.jar:0.2.0]
	at java.util.concurrent.ThreadPoolExecutor.runWorker(ThreadPoolExecutor.java:1149) [?:1.8.0_212]
	at java.util.concurrent.ThreadPoolExecutor$Worker.run(ThreadPoolExecutor.java:624) [?:1.8.0_212]
	at java.lang.Thread.run(Thread.java:748) [?:1.8.0_212]
2019-09-19 14:56:37,017 [grpc-default-executor-4] INFO  client.GrpcClientProtocolClient (GrpcClientProtocolClient.java:onNext(264)) - client-1F73FCBD3B30->9541d083-5ce9-4e0f-acb1-c0874f3633f2: receive RaftClientReply:client-1F73FCBD3B30->9541d083-5ce9-4e0f-acb1-c0874f3633f2@group-5501053FBD97, cid=187, FAILED org.apache.ratis.protocol.StateMachineException: org.apache.hadoop.hdds.scm.container.common.helpers.ContainerNotOpenException from Server 9541d083-5ce9-4e0f-acb1-c0874f3633f2@group-5501053FBD97: Container 1 in CLOSING state, logIndex=0, commits[9541d083-5ce9-4e0f-acb1-c0874f3633f2:c18, c216299f-cbcf-4288-b39c-5bdcbace6c48:c17, 0d3107a9-04ba-472f-b8eb-753278bc281d:c16]
2019-09-19 14:56:37,018 [grpc-default-executor-4] INFO  client.GrpcClientProtocolClient (GrpcClientProtocolClient.java:onNext(264)) - client-1F73FCBD3B30->9541d083-5ce9-4e0f-acb1-c0874f3633f2: receive RaftClientReply:client-1F73FCBD3B30->9541d083-5ce9-4e0f-acb1-c0874f3633f2@group-5501053FBD97, cid=188, FAILED org.apache.ratis.protocol.StateMachineException: org.apache.hadoop.hdds.scm.container.common.helpers.ContainerNotOpenException from Server 9541d083-5ce9-4e0f-acb1-c0874f3633f2@group-5501053FBD97: Container 1 in CLOSING state, logIndex=0, commits[9541d083-5ce9-4e0f-acb1-c0874f3633f2:c18, c216299f-cbcf-4288-b39c-5bdcbace6c48:c17, 0d3107a9-04ba-472f-b8eb-753278bc281d:c16]
2019-09-19 14:56:37,068 [grpc-default-executor-4] INFO  client.GrpcClientProtocolClient (GrpcClientProtocolClient.java:onNext(264)) - client-798A35FB9E12->bf13c666-9333-4478-bd2b-7df3f9fc008b: receive RaftClientReply:client-798A35FB9E12->bf13c666-9333-4478-bd2b-7df3f9fc008b@group-EEF6089ADCDD, cid=189, FAILED org.apache.ratis.protocol.NotLeaderException: Server bf13c666-9333-4478-bd2b-7df3f9fc008b@group-EEF6089ADCDD is not the leader 788f10a7-df1a-4cb8-be9d-a4f63e5e0cc9:192.168.34.4:35597, logIndex=0, commits[bf13c666-9333-4478-bd2b-7df3f9fc008b:c0, 788f10a7-df1a-4cb8-be9d-a4f63e5e0cc9:c0, 3d5530de-0751-4f46-9b90-87f3bfa7393e:c0]
2019-09-19 14:56:37,232 [grpc-default-executor-4] INFO  client.GrpcClientProtocolClient (GrpcClientProtocolClient.java:onNext(264)) - client-798A35FB9E12->788f10a7-df1a-4cb8-be9d-a4f63e5e0cc9: receive RaftClientReply:client-798A35FB9E12->788f10a7-df1a-4cb8-be9d-a4f63e5e0cc9@group-EEF6089ADCDD, cid=189, SUCCESS, logIndex=1, commits[788f10a7-df1a-4cb8-be9d-a4f63e5e0cc9:c1, 3d5530de-0751-4f46-9b90-87f3bfa7393e:c0, bf13c666-9333-4478-bd2b-7df3f9fc008b:c0]
2019-09-19 14:56:37,244 [grpc-default-executor-6] INFO  client.GrpcClientProtocolClient (GrpcClientProtocolClient.java:onNext(264)) - client-798A35FB9E12->788f10a7-df1a-4cb8-be9d-a4f63e5e0cc9: receive RaftClientReply:client-798A35FB9E12->788f10a7-df1a-4cb8-be9d-a4f63e5e0cc9@group-EEF6089ADCDD, cid=190, SUCCESS, logIndex=3, commits[788f10a7-df1a-4cb8-be9d-a4f63e5e0cc9:c6, 3d5530de-0751-4f46-9b90-87f3bfa7393e:c1, bf13c666-9333-4478-bd2b-7df3f9fc008b:c1]
2019-09-19 14:56:37,268 [grpc-default-executor-6] INFO  client.GrpcClientProtocolClient (GrpcClientProtocolClient.java:onNext(264)) - client-798A35FB9E12->788f10a7-df1a-4cb8-be9d-a4f63e5e0cc9: receive RaftClientReply:client-798A35FB9E12->788f10a7-df1a-4cb8-be9d-a4f63e5e0cc9@group-EEF6089ADCDD, cid=191, SUCCESS, logIndex=4, commits[788f10a7-df1a-4cb8-be9d-a4f63e5e0cc9:c11, 3d5530de-0751-4f46-9b90-87f3bfa7393e:c7, bf13c666-9333-4478-bd2b-7df3f9fc008b:c7]
2019-09-19 14:56:37,269 [grpc-default-executor-6] INFO  client.GrpcClientProtocolClient (GrpcClientProtocolClient.java:onNext(264)) - client-798A35FB9E12->788f10a7-df1a-4cb8-be9d-a4f63e5e0cc9: receive RaftClientReply:client-798A35FB9E12->788f10a7-df1a-4cb8-be9d-a4f63e5e0cc9@group-EEF6089ADCDD, cid=192, SUCCESS, logIndex=5, commits[788f10a7-df1a-4cb8-be9d-a4f63e5e0cc9:c11, 3d5530de-0751-4f46-9b90-87f3bfa7393e:c7, bf13c666-9333-4478-bd2b-7df3f9fc008b:c7]
2019-09-19 14:56:37,269 [grpc-default-executor-6] INFO  client.GrpcClientProtocolClient (GrpcClientProtocolClient.java:onNext(264)) - client-798A35FB9E12->788f10a7-df1a-4cb8-be9d-a4f63e5e0cc9: receive RaftClientReply:client-798A35FB9E12->788f10a7-df1a-4cb8-be9d-a4f63e5e0cc9@group-EEF6089ADCDD, cid=193, SUCCESS, logIndex=6, commits[788f10a7-df1a-4cb8-be9d-a4f63e5e0cc9:c11, 3d5530de-0751-4f46-9b90-87f3bfa7393e:c7, bf13c666-9333-4478-bd2b-7df3f9fc008b:c7]
2019-09-19 14:56:37,298 [grpc-default-executor-6] INFO  client.GrpcClientProtocolClient (GrpcClientProtocolClient.java:onNext(264)) - client-798A35FB9E12->788f10a7-df1a-4cb8-be9d-a4f63e5e0cc9: receive RaftClientReply:client-798A35FB9E12->788f10a7-df1a-4cb8-be9d-a4f63e5e0cc9@group-EEF6089ADCDD, cid=194, SUCCESS, logIndex=7, commits[788f10a7-df1a-4cb8-be9d-a4f63e5e0cc9:c11, 3d5530de-0751-4f46-9b90-87f3bfa7393e:c7, bf13c666-9333-4478-bd2b-7df3f9fc008b:c7]
2019-09-19 14:56:37,307 [grpc-default-executor-7] INFO  client.GrpcClientProtocolClient (GrpcClientProtocolClient.java:onNext(264)) - client-798A35FB9E12->788f10a7-df1a-4cb8-be9d-a4f63e5e0cc9: receive RaftClientReply:client-798A35FB9E12->788f10a7-df1a-4cb8-be9d-a4f63e5e0cc9@group-EEF6089ADCDD, cid=195, SUCCESS, logIndex=12, commits[788f10a7-df1a-4cb8-be9d-a4f63e5e0cc9:c13, 3d5530de-0751-4f46-9b90-87f3bfa7393e:c11, bf13c666-9333-4478-bd2b-7df3f9fc008b:c11]
2019-09-19 14:56:37,307 [grpc-default-executor-7] INFO  client.GrpcClientProtocolClient (GrpcClientProtocolClient.java:onNext(264)) - client-798A35FB9E12->788f10a7-df1a-4cb8-be9d-a4f63e5e0cc9: receive RaftClientReply:client-798A35FB9E12->788f10a7-df1a-4cb8-be9d-a4f63e5e0cc9@group-EEF6089ADCDD, cid=196, SUCCESS, logIndex=13, commits[788f10a7-df1a-4cb8-be9d-a4f63e5e0cc9:c13, 3d5530de-0751-4f46-9b90-87f3bfa7393e:c11, bf13c666-9333-4478-bd2b-7df3f9fc008b:c11]
2019-09-19 14:56:37,311 [grpc-default-executor-7] INFO  client.GrpcClientProtocolClient (GrpcClientProtocolClient.java:onNext(264)) - client-798A35FB9E12->788f10a7-df1a-4cb8-be9d-a4f63e5e0cc9: receive RaftClientReply:client-798A35FB9E12->788f10a7-df1a-4cb8-be9d-a4f63e5e0cc9@group-EEF6089ADCDD, cid=197, SUCCESS, logIndex=0, commits[788f10a7-df1a-4cb8-be9d-a4f63e5e0cc9:c14, 3d5530de-0751-4f46-9b90-87f3bfa7393e:c13, bf13c666-9333-4478-bd2b-7df3f9fc008b:c13]
2019-09-19 14:56:37,312 [main] INFO  ozone.MiniOzoneClusterImpl (MiniOzoneClusterImpl.java:shutdown(312)) - Shutting down the Mini Ozone Cluster
2019-09-19 14:56:37,312 [main] INFO  ozone.MiniOzoneClusterImpl (MiniOzoneClusterImpl.java:stop(327)) - Stopping the Mini Ozone Cluster
2019-09-19 14:56:37,312 [main] INFO  ozone.MiniOzoneClusterImpl (MiniOzoneClusterImpl.java:stop(329)) - Stopping the OzoneManager
2019-09-19 14:56:37,312 [main] INFO  ipc.Server (Server.java:stop(3082)) - Stopping server on 41490
2019-09-19 14:56:37,323 [IPC Server listener on 41490] INFO  ipc.Server (Server.java:run(1185)) - Stopping IPC Server listener on 41490
2019-09-19 14:56:37,323 [main] INFO  ratis.OzoneManagerDoubleBuffer (OzoneManagerDoubleBuffer.java:stop(248)) - Stopping OMDoubleBuffer flush thread
2019-09-19 14:56:37,324 [IPC Server Responder] INFO  ipc.Server (Server.java:run(1319)) - Stopping IPC Server Responder
2019-09-19 14:56:37,334 [OMDoubleBufferFlushThread] INFO  ratis.OzoneManagerDoubleBuffer (OzoneManagerDoubleBuffer.java:flushTransactions(191)) - OMDoubleBuffer flush thread OMDoubleBufferFlushThread is interrupted and will exit. OMDoubleBufferFlushThread
2019-09-19 14:56:37,341 [main] INFO  utils.BackgroundService (BackgroundService.java:shutdown(148)) - Shutting down service KeyDeletingService
2019-09-19 14:56:37,350 [main] INFO  handler.ContextHandler (ContextHandler.java:doStop(910)) - Stopped o.e.j.w.WebAppContext@4981d95b{/,null,UNAVAILABLE}{/ozoneManager}
2019-09-19 14:56:37,351 [main] INFO  server.AbstractConnector (AbstractConnector.java:doStop(318)) - Stopped ServerConnector@656842bc{HTTP/1.1,[http/1.1]}{0.0.0.0:0}
2019-09-19 14:56:37,352 [main] INFO  handler.ContextHandler (ContextHandler.java:doStop(910)) - Stopped o.e.j.s.ServletContextHandler@4fd74223{/static,file:///workdir/hadoop-ozone/integration-test/target/test-classes/webapps/static,UNAVAILABLE}
2019-09-19 14:56:37,352 [main] INFO  handler.ContextHandler (ContextHandler.java:doStop(910)) - Stopped o.e.j.s.ServletContextHandler@4f664bee{/logs,file:///workdir/hadoop-ozone/integration-test/target/log,UNAVAILABLE}
2019-09-19 14:56:37,355 [main] INFO  ozone.MiniOzoneClusterImpl (MiniOzoneClusterImpl.java:stop(335)) - Shutting the HddsDatanodes
2019-09-19 14:56:37,451 [grpc-default-executor-4] WARN  server.GrpcLogAppender (LogUtils.java:warn(134)) - 9541d083-5ce9-4e0f-acb1-c0874f3633f2@group-5501053FBD97->0d3107a9-04ba-472f-b8eb-753278bc281d-AppendLogResponseHandler: Failed appendEntries: org.apache.ratis.thirdparty.io.grpc.StatusRuntimeException: UNAVAILABLE: io exception
2019-09-19 14:56:37,452 [grpc-default-executor-4] INFO  impl.FollowerInfo (FollowerInfo.java:lambda$new$0(51)) - 9541d083-5ce9-4e0f-acb1-c0874f3633f2@group-5501053FBD97->0d3107a9-04ba-472f-b8eb-753278bc281d: nextIndex: updateUnconditionally 1 -> 0
2019-09-19 14:56:37,967 [Datanode State Machine Thread - 0] INFO  statemachine.DatanodeStateMachine (DatanodeStateMachine.java:lambda$startDaemon$0(350)) - Ozone container server started.
2019-09-19 14:56:38,215 [Datanode State Machine Thread - 0] INFO  statemachine.DatanodeStateMachine (DatanodeStateMachine.java:lambda$startDaemon$0(350)) - Ozone container server started.
2019-09-19 14:56:39,954 [grpc-default-executor-6] WARN  server.GrpcLogAppender (LogUtils.java:warn(134)) - 9541d083-5ce9-4e0f-acb1-c0874f3633f2@group-5501053FBD97->0d3107a9-04ba-472f-b8eb-753278bc281d-AppendLogResponseHandler: Failed appendEntries: org.apache.ratis.thirdparty.io.grpc.StatusRuntimeException: UNAVAILABLE: io exception
2019-09-19 14:56:39,955 [grpc-default-executor-6] INFO  impl.FollowerInfo (FollowerInfo.java:lambda$new$0(51)) - 9541d083-5ce9-4e0f-acb1-c0874f3633f2@group-5501053FBD97->0d3107a9-04ba-472f-b8eb-753278bc281d: nextIndex: updateUnconditionally 0 -> 0
2019-09-19 14:56:42,007 [EventQueue-StaleNodeForStaleNodeHandler] INFO  node.StaleNodeHandler (StaleNodeHandler.java:onMessage(58)) - Datanode 0e9a5d88-1690-4d3c-993b-d1eb442bc938{ip: 192.168.34.4, host: pr-hdds-2151-jsxwx-3911445914, networkLocation: /default-rack, certSerialId: null} moved to stale state. Finalizing its pipelines [PipelineID=1f5d75b9-ee89-43bd-9cfe-e41eb84e7dfa]
2019-09-19 14:56:42,008 [EventQueue-StaleNodeForStaleNodeHandler] INFO  pipeline.SCMPipelineManager (SCMPipelineManager.java:finalizeAndDestroyPipeline(311)) - destroying pipeline:Pipeline[ Id: 1f5d75b9-ee89-43bd-9cfe-e41eb84e7dfa, Nodes: 0e9a5d88-1690-4d3c-993b-d1eb442bc938{ip: 192.168.34.4, host: pr-hdds-2151-jsxwx-3911445914, networkLocation: /default-rack, certSerialId: null}, Type:RATIS, Factor:ONE, State:OPEN]
2019-09-19 14:56:42,009 [EventQueue-StaleNodeForStaleNodeHandler] INFO  pipeline.PipelineStateManager (PipelineStateManager.java:finalizePipeline(123)) - Pipeline Pipeline[ Id: 1f5d75b9-ee89-43bd-9cfe-e41eb84e7dfa, Nodes: 0e9a5d88-1690-4d3c-993b-d1eb442bc938{ip: 192.168.34.4, host: pr-hdds-2151-jsxwx-3911445914, networkLocation: /default-rack, certSerialId: null}, Type:RATIS, Factor:ONE, State:CLOSED] moved to CLOSED state
2019-09-19 14:56:42,307 [EventQueue-StaleNodeForStaleNodeHandler] INFO  node.StaleNodeHandler (StaleNodeHandler.java:onMessage(58)) - Datanode 3d5530de-0751-4f46-9b90-87f3bfa7393e{ip: 192.168.34.4, host: pr-hdds-2151-jsxwx-3911445914, networkLocation: /default-rack, certSerialId: null} moved to stale state. Finalizing its pipelines [PipelineID=839e3923-43ec-4912-8191-c83db19f5780, PipelineID=2302d1cd-cb91-456d-949d-eef6089adcdd]
2019-09-19 14:56:42,307 [EventQueue-StaleNodeForStaleNodeHandler] INFO  pipeline.SCMPipelineManager (SCMPipelineManager.java:finalizeAndDestroyPipeline(311)) - destroying pipeline:Pipeline[ Id: 839e3923-43ec-4912-8191-c83db19f5780, Nodes: 3d5530de-0751-4f46-9b90-87f3bfa7393e{ip: 192.168.34.4, host: pr-hdds-2151-jsxwx-3911445914, networkLocation: /default-rack, certSerialId: null}, Type:RATIS, Factor:ONE, State:OPEN]
2019-09-19 14:56:42,307 [EventQueue-StaleNodeForStaleNodeHandler] INFO  pipeline.PipelineStateManager (PipelineStateManager.java:finalizePipeline(123)) - Pipeline Pipeline[ Id: 839e3923-43ec-4912-8191-c83db19f5780, Nodes: 3d5530de-0751-4f46-9b90-87f3bfa7393e{ip: 192.168.34.4, host: pr-hdds-2151-jsxwx-3911445914, networkLocation: /default-rack, certSerialId: null}, Type:RATIS, Factor:ONE, State:CLOSED] moved to CLOSED state
2019-09-19 14:56:42,307 [EventQueue-StaleNodeForStaleNodeHandler] INFO  pipeline.SCMPipelineManager (SCMPipelineManager.java:finalizeAndDestroyPipeline(311)) - destroying pipeline:Pipeline[ Id: 2302d1cd-cb91-456d-949d-eef6089adcdd, Nodes: bf13c666-9333-4478-bd2b-7df3f9fc008b{ip: 192.168.34.4, host: pr-hdds-2151-jsxwx-3911445914, networkLocation: /default-rack, certSerialId: null}3d5530de-0751-4f46-9b90-87f3bfa7393e{ip: 192.168.34.4, host: pr-hdds-2151-jsxwx-3911445914, networkLocation: /default-rack, certSerialId: null}788f10a7-df1a-4cb8-be9d-a4f63e5e0cc9{ip: 192.168.34.4, host: pr-hdds-2151-jsxwx-3911445914, networkLocation: /default-rack, certSerialId: null}, Type:RATIS, Factor:THREE, State:OPEN]
2019-09-19 14:56:42,308 [EventQueue-StaleNodeForStaleNodeHandler] INFO  pipeline.PipelineStateManager (PipelineStateManager.java:finalizePipeline(123)) - Pipeline Pipeline[ Id: 2302d1cd-cb91-456d-949d-eef6089adcdd, Nodes: bf13c666-9333-4478-bd2b-7df3f9fc008b{ip: 192.168.34.4, host: pr-hdds-2151-jsxwx-3911445914, networkLocation: /default-rack, certSerialId: null}3d5530de-0751-4f46-9b90-87f3bfa7393e{ip: 192.168.34.4, host: pr-hdds-2151-jsxwx-3911445914, networkLocation: /default-rack, certSerialId: null}788f10a7-df1a-4cb8-be9d-a4f63e5e0cc9{ip: 192.168.34.4, host: pr-hdds-2151-jsxwx-3911445914, networkLocation: /default-rack, certSerialId: null}, Type:RATIS, Factor:THREE, State:CLOSED] moved to CLOSED state
2019-09-19 14:56:42,308 [EventQueue-CloseContainerForCloseContainerEventHandler] INFO  container.CloseContainerEventHandler (CloseContainerEventHandler.java:onMessage(61)) - Close container Event triggered for container : #2
2019-09-19 14:56:42,356 [main] INFO  ozoneimpl.OzoneContainer (OzoneContainer.java:stop(231)) - Attempting to stop container services.
2019-09-19 14:56:42,372 [ForkJoinPool.commonPool-worker-1] INFO  ozoneimpl.OzoneContainer (OzoneContainer.java:stop(231)) - Attempting to stop container services.
2019-09-19 14:56:42,375 [main] INFO  impl.RaftServerProxy (RaftServerProxy.java:lambda$close$4(314)) - 0e9a5d88-1690-4d3c-993b-d1eb442bc938: close
2019-09-19 14:56:42,375 [ForkJoinPool.commonPool-worker-1] INFO  impl.RaftServerProxy (RaftServerProxy.java:lambda$close$4(314)) - 3d5530de-0751-4f46-9b90-87f3bfa7393e: close
2019-09-19 14:56:42,376 [main] INFO  impl.RaftServerImpl (RaftServerImpl.java:lambda$shutdown$3(251)) - 0e9a5d88-1690-4d3c-993b-d1eb442bc938@group-E41EB84E7DFA: shutdown
2019-09-19 14:56:42,376 [ForkJoinPool.commonPool-worker-1] INFO  impl.RaftServerImpl (RaftServerImpl.java:lambda$shutdown$3(251)) - 3d5530de-0751-4f46-9b90-87f3bfa7393e@group-C83DB19F5780: shutdown
2019-09-19 14:56:42,376 [main] INFO  util.JmxRegister (JmxRegister.java:unregister(73)) - Successfully un-registered JMX Bean with object name Ratis:service=RaftServer,group=group-E41EB84E7DFA,id=0e9a5d88-1690-4d3c-993b-d1eb442bc938
2019-09-19 14:56:42,376 [ForkJoinPool.commonPool-worker-1] INFO  util.JmxRegister (JmxRegister.java:unregister(73)) - Successfully un-registered JMX Bean with object name Ratis:service=RaftServer,group=group-C83DB19F5780,id=3d5530de-0751-4f46-9b90-87f3bfa7393e
2019-09-19 14:56:42,377 [main] INFO  impl.RoleInfo (RoleInfo.java:shutdownLeaderState(104)) - 0e9a5d88-1690-4d3c-993b-d1eb442bc938: shutdown LeaderState
2019-09-19 14:56:42,377 [ForkJoinPool.commonPool-worker-1] INFO  impl.RoleInfo (RoleInfo.java:shutdownLeaderState(104)) - 3d5530de-0751-4f46-9b90-87f3bfa7393e: shutdown LeaderState
2019-09-19 14:56:42,377 [main] INFO  impl.PendingRequests (PendingRequests.java:sendNotLeaderResponses(202)) - 0e9a5d88-1690-4d3c-993b-d1eb442bc938-PendingRequests: sendNotLeaderResponses
2019-09-19 14:56:42,377 [ForkJoinPool.commonPool-worker-1] INFO  impl.PendingRequests (PendingRequests.java:sendNotLeaderResponses(202)) - 3d5530de-0751-4f46-9b90-87f3bfa7393e-PendingRequests: sendNotLeaderResponses
2019-09-19 14:56:42,378 [main] INFO  impl.StateMachineUpdater (StateMachineUpdater.java:stopAndJoin(125)) - 0e9a5d88-1690-4d3c-993b-d1eb442bc938@group-E41EB84E7DFA-StateMachineUpdater: set stopIndex = 0
2019-09-19 14:56:42,378 [ForkJoinPool.commonPool-worker-1] INFO  impl.StateMachineUpdater (StateMachineUpdater.java:stopAndJoin(125)) - 3d5530de-0751-4f46-9b90-87f3bfa7393e@group-C83DB19F5780-StateMachineUpdater: set stopIndex = 0
2019-09-19 14:56:42,379 [main] INFO  impl.RaftServerImpl (ServerState.java:close(385)) - 0e9a5d88-1690-4d3c-993b-d1eb442bc938@group-E41EB84E7DFA: closes. applyIndex: 0
2019-09-19 14:56:42,379 [ForkJoinPool.commonPool-worker-1] INFO  impl.RaftServerImpl (ServerState.java:close(385)) - 3d5530de-0751-4f46-9b90-87f3bfa7393e@group-C83DB19F5780: closes. applyIndex: 0
2019-09-19 14:56:42,379 [0e9a5d88-1690-4d3c-993b-d1eb442bc938@group-E41EB84E7DFA-SegmentedRaftLogWorker] INFO  segmented.SegmentedRaftLogWorker (SegmentedRaftLogWorker.java:run(313)) - 0e9a5d88-1690-4d3c-993b-d1eb442bc938@group-E41EB84E7DFA-SegmentedRaftLogWorker was interrupted, exiting. There are 0 tasks remaining in the queue.
2019-09-19 14:56:42,379 [3d5530de-0751-4f46-9b90-87f3bfa7393e@group-C83DB19F5780-SegmentedRaftLogWorker] INFO  segmented.SegmentedRaftLogWorker (SegmentedRaftLogWorker.java:run(313)) - 3d5530de-0751-4f46-9b90-87f3bfa7393e@group-C83DB19F5780-SegmentedRaftLogWorker was interrupted, exiting. There are 0 tasks remaining in the queue.
2019-09-19 14:56:42,381 [main] INFO  segmented.SegmentedRaftLogWorker (SegmentedRaftLogWorker.java:close(228)) - 0e9a5d88-1690-4d3c-993b-d1eb442bc938@group-E41EB84E7DFA-SegmentedRaftLogWorker close()
2019-09-19 14:56:42,386 [main] INFO  server.GrpcService (GrpcService.java:closeImpl(164)) - 0e9a5d88-1690-4d3c-993b-d1eb442bc938: shutdown server with port 41272 now
2019-09-19 14:56:42,386 [ForkJoinPool.commonPool-worker-1] INFO  segmented.SegmentedRaftLogWorker (SegmentedRaftLogWorker.java:close(228)) - 3d5530de-0751-4f46-9b90-87f3bfa7393e@group-C83DB19F5780-SegmentedRaftLogWorker close()
2019-09-19 14:56:42,389 [main] INFO  server.GrpcService (GrpcService.java:closeImpl(172)) - 0e9a5d88-1690-4d3c-993b-d1eb442bc938: shutdown server with port 41272 successfully
2019-09-19 14:56:42,391 [ForkJoinPool.commonPool-worker-1] INFO  impl.RaftServerImpl (RaftServerImpl.java:lambda$shutdown$3(251)) - 3d5530de-0751-4f46-9b90-87f3bfa7393e@group-EEF6089ADCDD: shutdown
2019-09-19 14:56:42,391 [ForkJoinPool.commonPool-worker-1] INFO  util.JmxRegister (JmxRegister.java:unregister(73)) - Successfully un-registered JMX Bean with object name Ratis:service=RaftServer,group=group-EEF6089ADCDD,id=3d5530de-0751-4f46-9b90-87f3bfa7393e
2019-09-19 14:56:42,392 [ForkJoinPool.commonPool-worker-1] INFO  impl.RoleInfo (RoleInfo.java:shutdownFollowerState(121)) - 3d5530de-0751-4f46-9b90-87f3bfa7393e: shutdown FollowerState
2019-09-19 14:56:42,393 [ForkJoinPool.commonPool-worker-1] INFO  impl.StateMachineUpdater (StateMachineUpdater.java:stopAndJoin(125)) - 3d5530de-0751-4f46-9b90-87f3bfa7393e@group-EEF6089ADCDD-StateMachineUpdater: set stopIndex = 15
2019-09-19 14:56:42,393 [Thread-2921] INFO  impl.FollowerState (FollowerState.java:run(115)) - 3d5530de-0751-4f46-9b90-87f3bfa7393e: FollowerState was interrupted: java.lang.InterruptedException: sleep interrupted
2019-09-19 14:56:42,393 [3d5530de-0751-4f46-9b90-87f3bfa7393e@group-EEF6089ADCDD-StateMachineUpdater] INFO  ratis.ContainerStateMachine (ContainerStateMachine.java:takeSnapshot(289)) - group-EEF6089ADCDD: Taking a snapshot at:(t:1, i:13) file /workdir/hadoop-ozone/integration-test/target/test-dir/MiniOzoneClusterImpl-99c120a9-ba08-420c-a34c-f177dbe2ba07/datanode-1/data/ratis/2302d1cd-cb91-456d-949d-eef6089adcdd/sm/snapshot.1_13
2019-09-19 14:56:42,397 [refreshUsed-/workdir/hadoop-ozone/integration-test/target/test-dir/MiniOzoneClusterImpl-99c120a9-ba08-420c-a34c-f177dbe2ba07/datanode-4/data/containers] WARN  fs.CachingGetSpaceUsed (CachingGetSpaceUsed.java:run(183)) - Thread Interrupted waiting to refresh disk information: sleep interrupted
2019-09-19 14:56:42,412 [main] INFO  utils.BackgroundService (BackgroundService.java:shutdown(148)) - Shutting down service BlockDeletingService
2019-09-19 14:56:42,412 [3d5530de-0751-4f46-9b90-87f3bfa7393e@group-EEF6089ADCDD-StateMachineUpdater] INFO  ratis.ContainerStateMachine (ContainerStateMachine.java:takeSnapshot(300)) - group-EEF6089ADCDD: Finished taking a snapshot at:(t:1, i:13) file:/workdir/hadoop-ozone/integration-test/target/test-dir/MiniOzoneClusterImpl-99c120a9-ba08-420c-a34c-f177dbe2ba07/datanode-1/data/ratis/2302d1cd-cb91-456d-949d-eef6089adcdd/sm/snapshot.1_13 time:19
2019-09-19 14:56:42,413 [3d5530de-0751-4f46-9b90-87f3bfa7393e@group-EEF6089ADCDD-StateMachineUpdater] INFO  impl.StateMachineUpdater (StateMachineUpdater.java:takeSnapshot(258)) - 3d5530de-0751-4f46-9b90-87f3bfa7393e@group-EEF6089ADCDD-StateMachineUpdater: Took a snapshot at index 13
2019-09-19 14:56:42,413 [3d5530de-0751-4f46-9b90-87f3bfa7393e@group-EEF6089ADCDD-StateMachineUpdater] INFO  impl.StateMachineUpdater (StateMachineUpdater.java:lambda$new$0(83)) - 3d5530de-0751-4f46-9b90-87f3bfa7393e@group-EEF6089ADCDD-StateMachineUpdater: snapshotIndex: updateIncreasingly -1 -> 13
2019-09-19 14:56:42,417 [main] INFO  statemachine.DatanodeStateMachine (DatanodeStateMachine.java:stopDaemon(395)) - Ozone container server stopped.
2019-09-19 14:56:42,417 [3d5530de-0751-4f46-9b90-87f3bfa7393e@group-EEF6089ADCDD-StateMachineUpdater] INFO  ratis.ContainerStateMachine (ContainerStateMachine.java:takeSnapshot(289)) - group-EEF6089ADCDD: Taking a snapshot at:(t:1, i:13) file /workdir/hadoop-ozone/integration-test/target/test-dir/MiniOzoneClusterImpl-99c120a9-ba08-420c-a34c-f177dbe2ba07/datanode-1/data/ratis/2302d1cd-cb91-456d-949d-eef6089adcdd/sm/snapshot.1_13
2019-09-19 14:56:42,419 [main] INFO  handler.ContextHandler (ContextHandler.java:doStop(910)) - Stopped o.e.j.w.WebAppContext@7b297740{/,null,UNAVAILABLE}{/hddsDatanode}
2019-09-19 14:56:42,419 [main] INFO  server.AbstractConnector (AbstractConnector.java:doStop(318)) - Stopped ServerConnector@1b7554d4{HTTP/1.1,[http/1.1]}{0.0.0.0:0}
2019-09-19 14:56:42,420 [main] INFO  handler.ContextHandler (ContextHandler.java:doStop(910)) - Stopped o.e.j.s.ServletContextHandler@13f40d71{/static,jar:file:/home/user/.m2/repository/org/apache/hadoop/hadoop-hdds-container-service/0.5.0-SNAPSHOT/hadoop-hdds-container-service-0.5.0-SNAPSHOT.jar!/webapps/static,UNAVAILABLE}
2019-09-19 14:56:42,420 [main] INFO  handler.ContextHandler (ContextHandler.java:doStop(910)) - Stopped o.e.j.s.ServletContextHandler@1bee0085{/logs,file:///workdir/hadoop-ozone/integration-test/target/log,UNAVAILABLE}
2019-09-19 14:56:42,430 [3d5530de-0751-4f46-9b90-87f3bfa7393e@group-EEF6089ADCDD-StateMachineUpdater] INFO  ratis.ContainerStateMachine (ContainerStateMachine.java:takeSnapshot(300)) - group-EEF6089ADCDD: Finished taking a snapshot at:(t:1, i:13) file:/workdir/hadoop-ozone/integration-test/target/test-dir/MiniOzoneClusterImpl-99c120a9-ba08-420c-a34c-f177dbe2ba07/datanode-1/data/ratis/2302d1cd-cb91-456d-949d-eef6089adcdd/sm/snapshot.1_13 time:12
2019-09-19 14:56:42,430 [3d5530de-0751-4f46-9b90-87f3bfa7393e@group-EEF6089ADCDD-StateMachineUpdater] INFO  impl.StateMachineUpdater (StateMachineUpdater.java:takeSnapshot(258)) - 3d5530de-0751-4f46-9b90-87f3bfa7393e@group-EEF6089ADCDD-StateMachineUpdater: Took a snapshot at index 13
2019-09-19 14:56:42,430 [3d5530de-0751-4f46-9b90-87f3bfa7393e@group-EEF6089ADCDD-StateMachineUpdater] INFO  impl.StateMachineUpdater (StateMachineUpdater.java:lambda$new$0(83)) - 3d5530de-0751-4f46-9b90-87f3bfa7393e@group-EEF6089ADCDD-StateMachineUpdater: snapshotIndex: updateIncreasingly 13 -> 13
2019-09-19 14:56:42,430 [ForkJoinPool.commonPool-worker-1] INFO  impl.RaftServerImpl (ServerState.java:close(385)) - 3d5530de-0751-4f46-9b90-87f3bfa7393e@group-EEF6089ADCDD: closes. applyIndex: 15
2019-09-19 14:56:42,431 [3d5530de-0751-4f46-9b90-87f3bfa7393e@group-EEF6089ADCDD-SegmentedRaftLogWorker] INFO  segmented.SegmentedRaftLogWorker (SegmentedRaftLogWorker.java:run(313)) - 3d5530de-0751-4f46-9b90-87f3bfa7393e@group-EEF6089ADCDD-SegmentedRaftLogWorker was interrupted, exiting. There are 0 tasks remaining in the queue.
2019-09-19 14:56:42,432 [ForkJoinPool.commonPool-worker-1] INFO  segmented.SegmentedRaftLogWorker (SegmentedRaftLogWorker.java:close(228)) - 3d5530de-0751-4f46-9b90-87f3bfa7393e@group-EEF6089ADCDD-SegmentedRaftLogWorker close()
2019-09-19 14:56:42,435 [ForkJoinPool.commonPool-worker-1] INFO  server.GrpcService (GrpcService.java:closeImpl(164)) - 3d5530de-0751-4f46-9b90-87f3bfa7393e: shutdown server with port 40485 now
2019-09-19 14:56:42,436 [ForkJoinPool.commonPool-worker-1] INFO  server.GrpcService (GrpcService.java:closeImpl(172)) - 3d5530de-0751-4f46-9b90-87f3bfa7393e: shutdown server with port 40485 successfully
2019-09-19 14:56:42,436 [grpc-default-executor-6] WARN  server.GrpcServerProtocolService (LogUtils.java:warn(134)) - 3d5530de-0751-4f46-9b90-87f3bfa7393e: installSnapshot onError, lastRequest: 788f10a7-df1a-4cb8-be9d-a4f63e5e0cc9->3d5530de-0751-4f46-9b90-87f3bfa7393e#27-t1, previous=(t:1, i:15), leaderCommit=15, initializing? false, entries: <empty>: org.apache.ratis.thirdparty.io.grpc.StatusRuntimeException: CANCELLED: cancelled before receiving half close
2019-09-19 14:56:42,436 [grpc-default-executor-7] WARN  server.GrpcLogAppender (LogUtils.java:warn(134)) - 788f10a7-df1a-4cb8-be9d-a4f63e5e0cc9@group-EEF6089ADCDD->3d5530de-0751-4f46-9b90-87f3bfa7393e-AppendLogResponseHandler: Failed appendEntries: org.apache.ratis.thirdparty.io.grpc.StatusRuntimeException: CANCELLED: HTTP/2 error code: CANCEL
Received Rst Stream
2019-09-19 14:56:42,437 [grpc-default-executor-7] INFO  impl.FollowerInfo (FollowerInfo.java:lambda$new$0(51)) - 788f10a7-df1a-4cb8-be9d-a4f63e5e0cc9@group-EEF6089ADCDD->3d5530de-0751-4f46-9b90-87f3bfa7393e: nextIndex: updateUnconditionally 16 -> 15
2019-09-19 14:56:42,439 [refreshUsed-/workdir/hadoop-ozone/integration-test/target/test-dir/MiniOzoneClusterImpl-99c120a9-ba08-420c-a34c-f177dbe2ba07/datanode-1/data/containers] WARN  fs.CachingGetSpaceUsed (CachingGetSpaceUsed.java:run(183)) - Thread Interrupted waiting to refresh disk information: sleep interrupted
2019-09-19 14:56:42,450 [ForkJoinPool.commonPool-worker-1] INFO  utils.BackgroundService (BackgroundService.java:shutdown(148)) - Shutting down service BlockDeletingService
2019-09-19 14:56:42,454 [ForkJoinPool.commonPool-worker-1] INFO  statemachine.DatanodeStateMachine (DatanodeStateMachine.java:stopDaemon(395)) - Ozone container server stopped.
2019-09-19 14:56:42,459 [ForkJoinPool.commonPool-worker-1] INFO  handler.ContextHandler (ContextHandler.java:doStop(910)) - Stopped o.e.j.w.WebAppContext@5fb54740{/,null,UNAVAILABLE}{/hddsDatanode}
2019-09-19 14:56:42,459 [ForkJoinPool.commonPool-worker-1] INFO  server.AbstractConnector (AbstractConnector.java:doStop(318)) - Stopped ServerConnector@325162e9{HTTP/1.1,[http/1.1]}{0.0.0.0:0}
2019-09-19 14:56:42,461 [ForkJoinPool.commonPool-worker-1] INFO  handler.ContextHandler (ContextHandler.java:doStop(910)) - Stopped o.e.j.s.ServletContextHandler@11810917{/static,jar:file:/home/user/.m2/repository/org/apache/hadoop/hadoop-hdds-container-service/0.5.0-SNAPSHOT/hadoop-hdds-container-service-0.5.0-SNAPSHOT.jar!/webapps/static,UNAVAILABLE}
2019-09-19 14:56:42,462 [ForkJoinPool.commonPool-worker-1] INFO  handler.ContextHandler (ContextHandler.java:doStop(910)) - Stopped o.e.j.s.ServletContextHandler@75bd28d{/logs,file:///workdir/hadoop-ozone/integration-test/target/log,UNAVAILABLE}
2019-09-19 14:56:42,463 [grpc-default-executor-6] WARN  server.GrpcLogAppender (LogUtils.java:warn(134)) - 9541d083-5ce9-4e0f-acb1-c0874f3633f2@group-5501053FBD97->0d3107a9-04ba-472f-b8eb-753278bc281d-AppendLogResponseHandler: Failed appendEntries: org.apache.ratis.thirdparty.io.grpc.StatusRuntimeException: UNAVAILABLE: io exception
2019-09-19 14:56:42,463 [grpc-default-executor-6] INFO  impl.FollowerInfo (FollowerInfo.java:lambda$new$0(51)) - 9541d083-5ce9-4e0f-acb1-c0874f3633f2@group-5501053FBD97->0d3107a9-04ba-472f-b8eb-753278bc281d: nextIndex: updateUnconditionally 0 -> 0
2019-09-19 14:56:42,507 [Datanode State Machine Thread - 0] INFO  statemachine.DatanodeStateMachine (DatanodeStateMachine.java:lambda$startDaemon$0(350)) - Ozone container server started.
2019-09-19 14:56:43,215 [Datanode State Machine Thread - 0] INFO  statemachine.DatanodeStateMachine (DatanodeStateMachine.java:lambda$startDaemon$0(350)) - Ozone container server started.
2019-09-19 14:56:44,824 [grpc-default-executor-4] WARN  server.GrpcLogAppender (LogUtils.java:warn(134)) - 788f10a7-df1a-4cb8-be9d-a4f63e5e0cc9@group-EEF6089ADCDD->3d5530de-0751-4f46-9b90-87f3bfa7393e-AppendLogResponseHandler: Failed appendEntries: org.apache.ratis.thirdparty.io.grpc.StatusRuntimeException: UNAVAILABLE: io exception
2019-09-19 14:56:44,825 [grpc-default-executor-4] INFO  impl.FollowerInfo (FollowerInfo.java:lambda$new$0(51)) - 788f10a7-df1a-4cb8-be9d-a4f63e5e0cc9@group-EEF6089ADCDD->3d5530de-0751-4f46-9b90-87f3bfa7393e: nextIndex: updateUnconditionally 15 -> 14
2019-09-19 14:56:44,960 [grpc-default-executor-4] WARN  server.GrpcLogAppender (LogUtils.java:warn(134)) - 9541d083-5ce9-4e0f-acb1-c0874f3633f2@group-5501053FBD97->0d3107a9-04ba-472f-b8eb-753278bc281d-AppendLogResponseHandler: Failed appendEntries: org.apache.ratis.thirdparty.io.grpc.StatusRuntimeException: UNAVAILABLE: io exception
2019-09-19 14:56:44,961 [grpc-default-executor-4] INFO  impl.FollowerInfo (FollowerInfo.java:lambda$new$0(51)) - 9541d083-5ce9-4e0f-acb1-c0874f3633f2@group-5501053FBD97->0d3107a9-04ba-472f-b8eb-753278bc281d: nextIndex: updateUnconditionally 0 -> 0
2019-09-19 14:56:46,513 [EventQueue-StaleNodeForStaleNodeHandler] INFO  node.StaleNodeHandler (StaleNodeHandler.java:onMessage(58)) - Datanode c216299f-cbcf-4288-b39c-5bdcbace6c48{ip: 192.168.34.4, host: pr-hdds-2151-jsxwx-3911445914, networkLocation: /default-rack, certSerialId: null} moved to stale state. Finalizing its pipelines [PipelineID=863da141-6039-4829-958e-ddfa86a4d67e, PipelineID=e50c039d-a311-411f-824f-5501053fbd97]
2019-09-19 14:56:46,514 [EventQueue-StaleNodeForStaleNodeHandler] INFO  pipeline.SCMPipelineManager (SCMPipelineManager.java:finalizeAndDestroyPipeline(311)) - destroying pipeline:Pipeline[ Id: 863da141-6039-4829-958e-ddfa86a4d67e, Nodes: c216299f-cbcf-4288-b39c-5bdcbace6c48{ip: 192.168.34.4, host: pr-hdds-2151-jsxwx-3911445914, networkLocation: /default-rack, certSerialId: null}, Type:RATIS, Factor:ONE, State:OPEN]
2019-09-19 14:56:46,515 [EventQueue-StaleNodeForStaleNodeHandler] INFO  pipeline.PipelineStateManager (PipelineStateManager.java:finalizePipeline(123)) - Pipeline Pipeline[ Id: 863da141-6039-4829-958e-ddfa86a4d67e, Nodes: c216299f-cbcf-4288-b39c-5bdcbace6c48{ip: 192.168.34.4, host: pr-hdds-2151-jsxwx-3911445914, networkLocation: /default-rack, certSerialId: null}, Type:RATIS, Factor:ONE, State:CLOSED] moved to CLOSED state
2019-09-19 14:56:46,516 [EventQueue-StaleNodeForStaleNodeHandler] INFO  pipeline.SCMPipelineManager (SCMPipelineManager.java:finalizeAndDestroyPipeline(311)) - destroying pipeline:Pipeline[ Id: e50c039d-a311-411f-824f-5501053fbd97, Nodes: 0d3107a9-04ba-472f-b8eb-753278bc281d{ip: 192.168.34.4, host: pr-hdds-2151-jsxwx-3911445914, networkLocation: /default-rack, certSerialId: null}9541d083-5ce9-4e0f-acb1-c0874f3633f2{ip: 192.168.34.4, host: pr-hdds-2151-jsxwx-3911445914, networkLocation: /default-rack, certSerialId: null}c216299f-cbcf-4288-b39c-5bdcbace6c48{ip: 192.168.34.4, host: pr-hdds-2151-jsxwx-3911445914, networkLocation: /default-rack, certSerialId: null}, Type:RATIS, Factor:THREE, State:CLOSED]
2019-09-19 14:56:47,313 [EventQueue-StaleNodeForStaleNodeHandler] INFO  node.StaleNodeHandler (StaleNodeHandler.java:onMessage(58)) - Datanode 788f10a7-df1a-4cb8-be9d-a4f63e5e0cc9{ip: 192.168.34.4, host: pr-hdds-2151-jsxwx-3911445914, networkLocation: /default-rack, certSerialId: null} moved to stale state. Finalizing its pipelines [PipelineID=5f3ab33e-e8fa-4842-9daf-0ef1bce66d44, PipelineID=2302d1cd-cb91-456d-949d-eef6089adcdd]
2019-09-19 14:56:47,313 [EventQueue-StaleNodeForStaleNodeHandler] INFO  pipeline.SCMPipelineManager (SCMPipelineManager.java:finalizeAndDestroyPipeline(311)) - destroying pipeline:Pipeline[ Id: 5f3ab33e-e8fa-4842-9daf-0ef1bce66d44, Nodes: 788f10a7-df1a-4cb8-be9d-a4f63e5e0cc9{ip: 192.168.34.4, host: pr-hdds-2151-jsxwx-3911445914, networkLocation: /default-rack, certSerialId: null}, Type:RATIS, Factor:ONE, State:OPEN]
2019-09-19 14:56:47,313 [EventQueue-StaleNodeForStaleNodeHandler] INFO  pipeline.PipelineStateManager (PipelineStateManager.java:finalizePipeline(123)) - Pipeline Pipeline[ Id: 5f3ab33e-e8fa-4842-9daf-0ef1bce66d44, Nodes: 788f10a7-df1a-4cb8-be9d-a4f63e5e0cc9{ip: 192.168.34.4, host: pr-hdds-2151-jsxwx-3911445914, networkLocation: /default-rack, certSerialId: null}, Type:RATIS, Factor:ONE, State:CLOSED] moved to CLOSED state
2019-09-19 14:56:47,313 [EventQueue-StaleNodeForStaleNodeHandler] INFO  pipeline.SCMPipelineManager (SCMPipelineManager.java:finalizeAndDestroyPipeline(311)) - destroying pipeline:Pipeline[ Id: 2302d1cd-cb91-456d-949d-eef6089adcdd, Nodes: bf13c666-9333-4478-bd2b-7df3f9fc008b{ip: 192.168.34.4, host: pr-hdds-2151-jsxwx-3911445914, networkLocation: /default-rack, certSerialId: null}3d5530de-0751-4f46-9b90-87f3bfa7393e{ip: 192.168.34.4, host: pr-hdds-2151-jsxwx-3911445914, networkLocation: /default-rack, certSerialId: null}788f10a7-df1a-4cb8-be9d-a4f63e5e0cc9{ip: 192.168.34.4, host: pr-hdds-2151-jsxwx-3911445914, networkLocation: /default-rack, certSerialId: null}, Type:RATIS, Factor:THREE, State:CLOSED]
2019-09-19 14:56:47,328 [grpc-default-executor-7] WARN  server.GrpcLogAppender (LogUtils.java:warn(134)) - 788f10a7-df1a-4cb8-be9d-a4f63e5e0cc9@group-EEF6089ADCDD->3d5530de-0751-4f46-9b90-87f3bfa7393e-AppendLogResponseHandler: Failed appendEntries: org.apache.ratis.thirdparty.io.grpc.StatusRuntimeException: UNAVAILABLE: io exception
2019-09-19 14:56:47,334 [grpc-default-executor-7] INFO  impl.FollowerInfo (FollowerInfo.java:lambda$new$0(51)) - 788f10a7-df1a-4cb8-be9d-a4f63e5e0cc9@group-EEF6089ADCDD->3d5530de-0751-4f46-9b90-87f3bfa7393e: nextIndex: updateUnconditionally 14 -> 13
2019-09-19 14:56:47,422 [main] INFO  ozoneimpl.OzoneContainer (OzoneContainer.java:stop(231)) - Attempting to stop container services.
2019-09-19 14:56:47,426 [main] INFO  impl.RaftServerProxy (RaftServerProxy.java:lambda$close$4(314)) - c216299f-cbcf-4288-b39c-5bdcbace6c48: close
2019-09-19 14:56:47,426 [main] INFO  impl.RaftServerImpl (RaftServerImpl.java:lambda$shutdown$3(251)) - c216299f-cbcf-4288-b39c-5bdcbace6c48@group-DDFA86A4D67E: shutdown
2019-09-19 14:56:47,427 [main] INFO  util.JmxRegister (JmxRegister.java:unregister(73)) - Successfully un-registered JMX Bean with object name Ratis:service=RaftServer,group=group-DDFA86A4D67E,id=c216299f-cbcf-4288-b39c-5bdcbace6c48
2019-09-19 14:56:47,427 [main] INFO  impl.RoleInfo (RoleInfo.java:shutdownLeaderState(104)) - c216299f-cbcf-4288-b39c-5bdcbace6c48: shutdown LeaderState
2019-09-19 14:56:47,428 [main] INFO  impl.PendingRequests (PendingRequests.java:sendNotLeaderResponses(202)) - c216299f-cbcf-4288-b39c-5bdcbace6c48-PendingRequests: sendNotLeaderResponses
2019-09-19 14:56:47,428 [main] INFO  impl.StateMachineUpdater (StateMachineUpdater.java:stopAndJoin(125)) - c216299f-cbcf-4288-b39c-5bdcbace6c48@group-DDFA86A4D67E-StateMachineUpdater: set stopIndex = 0
2019-09-19 14:56:47,429 [main] INFO  impl.RaftServerImpl (ServerState.java:close(385)) - c216299f-cbcf-4288-b39c-5bdcbace6c48@group-DDFA86A4D67E: closes. applyIndex: 0
2019-09-19 14:56:47,430 [c216299f-cbcf-4288-b39c-5bdcbace6c48@group-DDFA86A4D67E-SegmentedRaftLogWorker] INFO  segmented.SegmentedRaftLogWorker (SegmentedRaftLogWorker.java:run(313)) - c216299f-cbcf-4288-b39c-5bdcbace6c48@group-DDFA86A4D67E-SegmentedRaftLogWorker was interrupted, exiting. There are 0 tasks remaining in the queue.
2019-09-19 14:56:47,432 [main] INFO  segmented.SegmentedRaftLogWorker (SegmentedRaftLogWorker.java:close(228)) - c216299f-cbcf-4288-b39c-5bdcbace6c48@group-DDFA86A4D67E-SegmentedRaftLogWorker close()
2019-09-19 14:56:47,437 [main] INFO  impl.RaftServerImpl (RaftServerImpl.java:lambda$shutdown$3(251)) - c216299f-cbcf-4288-b39c-5bdcbace6c48@group-5501053FBD97: shutdown
2019-09-19 14:56:47,437 [main] INFO  util.JmxRegister (JmxRegister.java:unregister(73)) - Successfully un-registered JMX Bean with object name Ratis:service=RaftServer,group=group-5501053FBD97,id=c216299f-cbcf-4288-b39c-5bdcbace6c48
2019-09-19 14:56:47,438 [main] INFO  impl.RoleInfo (RoleInfo.java:shutdownFollowerState(121)) - c216299f-cbcf-4288-b39c-5bdcbace6c48: shutdown FollowerState
2019-09-19 14:56:47,438 [main] INFO  impl.StateMachineUpdater (StateMachineUpdater.java:stopAndJoin(125)) - c216299f-cbcf-4288-b39c-5bdcbace6c48@group-5501053FBD97-StateMachineUpdater: set stopIndex = 18
2019-09-19 14:56:47,439 [c216299f-cbcf-4288-b39c-5bdcbace6c48@group-5501053FBD97-StateMachineUpdater] INFO  ratis.ContainerStateMachine (ContainerStateMachine.java:takeSnapshot(289)) - group-5501053FBD97: Taking a snapshot at:(t:2, i:14) file /workdir/hadoop-ozone/integration-test/target/test-dir/MiniOzoneClusterImpl-99c120a9-ba08-420c-a34c-f177dbe2ba07/datanode-6/data/ratis/e50c039d-a311-411f-824f-5501053fbd97/sm/snapshot.2_14
2019-09-19 14:56:47,438 [Thread-3073] INFO  impl.FollowerState (FollowerState.java:run(115)) - c216299f-cbcf-4288-b39c-5bdcbace6c48: FollowerState was interrupted: java.lang.InterruptedException: sleep interrupted
2019-09-19 14:56:47,461 [grpc-default-executor-6] WARN  server.GrpcLogAppender (LogUtils.java:warn(134)) - 9541d083-5ce9-4e0f-acb1-c0874f3633f2@group-5501053FBD97->0d3107a9-04ba-472f-b8eb-753278bc281d-AppendLogResponseHandler: Failed appendEntries: org.apache.ratis.thirdparty.io.grpc.StatusRuntimeException: UNAVAILABLE: io exception
2019-09-19 14:56:47,461 [grpc-default-executor-6] INFO  impl.FollowerInfo (FollowerInfo.java:lambda$new$0(51)) - 9541d083-5ce9-4e0f-acb1-c0874f3633f2@group-5501053FBD97->0d3107a9-04ba-472f-b8eb-753278bc281d: nextIndex: updateUnconditionally 0 -> 0
2019-09-19 14:56:47,464 [ForkJoinPool.commonPool-worker-1] INFO  ozoneimpl.OzoneContainer (OzoneContainer.java:stop(231)) - Attempting to stop container services.
2019-09-19 14:56:47,464 [ForkJoinPool.commonPool-worker-1] INFO  impl.RaftServerProxy (RaftServerProxy.java:lambda$close$4(314)) - 788f10a7-df1a-4cb8-be9d-a4f63e5e0cc9: close
2019-09-19 14:56:47,464 [ForkJoinPool.commonPool-worker-1] INFO  impl.RaftServerImpl (RaftServerImpl.java:lambda$shutdown$3(251)) - 788f10a7-df1a-4cb8-be9d-a4f63e5e0cc9@group-0EF1BCE66D44: shutdown
2019-09-19 14:56:47,464 [ForkJoinPool.commonPool-worker-1] INFO  util.JmxRegister (JmxRegister.java:unregister(73)) - Successfully un-registered JMX Bean with object name Ratis:service=RaftServer,group=group-0EF1BCE66D44,id=788f10a7-df1a-4cb8-be9d-a4f63e5e0cc9
2019-09-19 14:56:47,465 [ForkJoinPool.commonPool-worker-1] INFO  impl.RoleInfo (RoleInfo.java:shutdownLeaderState(104)) - 788f10a7-df1a-4cb8-be9d-a4f63e5e0cc9: shutdown LeaderState
2019-09-19 14:56:47,465 [c216299f-cbcf-4288-b39c-5bdcbace6c48@group-5501053FBD97-StateMachineUpdater] INFO  ratis.ContainerStateMachine (ContainerStateMachine.java:takeSnapshot(300)) - group-5501053FBD97: Finished taking a snapshot at:(t:2, i:14) file:/workdir/hadoop-ozone/integration-test/target/test-dir/MiniOzoneClusterImpl-99c120a9-ba08-420c-a34c-f177dbe2ba07/datanode-6/data/ratis/e50c039d-a311-411f-824f-5501053fbd97/sm/snapshot.2_14 time:26
2019-09-19 14:56:47,465 [ForkJoinPool.commonPool-worker-1] INFO  impl.PendingRequests (PendingRequests.java:sendNotLeaderResponses(202)) - 788f10a7-df1a-4cb8-be9d-a4f63e5e0cc9-PendingRequests: sendNotLeaderResponses
2019-09-19 14:56:47,465 [c216299f-cbcf-4288-b39c-5bdcbace6c48@group-5501053FBD97-StateMachineUpdater] INFO  impl.StateMachineUpdater (StateMachineUpdater.java:takeSnapshot(258)) - c216299f-cbcf-4288-b39c-5bdcbace6c48@group-5501053FBD97-StateMachineUpdater: Took a snapshot at index 14
2019-09-19 14:56:47,465 [ForkJoinPool.commonPool-worker-1] INFO  impl.StateMachineUpdater (StateMachineUpdater.java:stopAndJoin(125)) - 788f10a7-df1a-4cb8-be9d-a4f63e5e0cc9@group-0EF1BCE66D44-StateMachineUpdater: set stopIndex = 0
2019-09-19 14:56:47,465 [c216299f-cbcf-4288-b39c-5bdcbace6c48@group-5501053FBD97-StateMachineUpdater] INFO  impl.StateMachineUpdater (StateMachineUpdater.java:lambda$new$0(83)) - c216299f-cbcf-4288-b39c-5bdcbace6c48@group-5501053FBD97-StateMachineUpdater: snapshotIndex: updateIncreasingly -1 -> 14
2019-09-19 14:56:47,466 [ForkJoinPool.commonPool-worker-1] INFO  impl.RaftServerImpl (ServerState.java:close(385)) - 788f10a7-df1a-4cb8-be9d-a4f63e5e0cc9@group-0EF1BCE66D44: closes. applyIndex: 0
2019-09-19 14:56:47,466 [788f10a7-df1a-4cb8-be9d-a4f63e5e0cc9@group-0EF1BCE66D44-SegmentedRaftLogWorker] INFO  segmented.SegmentedRaftLogWorker (SegmentedRaftLogWorker.java:run(313)) - 788f10a7-df1a-4cb8-be9d-a4f63e5e0cc9@group-0EF1BCE66D44-SegmentedRaftLogWorker was interrupted, exiting. There are 0 tasks remaining in the queue.
2019-09-19 14:56:47,466 [c216299f-cbcf-4288-b39c-5bdcbace6c48@group-5501053FBD97-StateMachineUpdater] INFO  ratis.ContainerStateMachine (ContainerStateMachine.java:takeSnapshot(289)) - group-5501053FBD97: Taking a snapshot at:(t:2, i:14) file /workdir/hadoop-ozone/integration-test/target/test-dir/MiniOzoneClusterImpl-99c120a9-ba08-420c-a34c-f177dbe2ba07/datanode-6/data/ratis/e50c039d-a311-411f-824f-5501053fbd97/sm/snapshot.2_14
2019-09-19 14:56:47,468 [ForkJoinPool.commonPool-worker-1] INFO  segmented.SegmentedRaftLogWorker (SegmentedRaftLogWorker.java:close(228)) - 788f10a7-df1a-4cb8-be9d-a4f63e5e0cc9@group-0EF1BCE66D44-SegmentedRaftLogWorker close()
2019-09-19 14:56:47,472 [ForkJoinPool.commonPool-worker-1] INFO  impl.RaftServerImpl (RaftServerImpl.java:lambda$shutdown$3(251)) - 788f10a7-df1a-4cb8-be9d-a4f63e5e0cc9@group-EEF6089ADCDD: shutdown
2019-09-19 14:56:47,473 [ForkJoinPool.commonPool-worker-1] INFO  util.JmxRegister (JmxRegister.java:unregister(73)) - Successfully un-registered JMX Bean with object name Ratis:service=RaftServer,group=group-EEF6089ADCDD,id=788f10a7-df1a-4cb8-be9d-a4f63e5e0cc9
2019-09-19 14:56:47,473 [ForkJoinPool.commonPool-worker-1] INFO  impl.RoleInfo (RoleInfo.java:shutdownLeaderState(104)) - 788f10a7-df1a-4cb8-be9d-a4f63e5e0cc9: shutdown LeaderState
2019-09-19 14:56:47,476 [ForkJoinPool.commonPool-worker-1] INFO  impl.PendingRequests (PendingRequests.java:sendNotLeaderResponses(202)) - 788f10a7-df1a-4cb8-be9d-a4f63e5e0cc9-PendingRequests: sendNotLeaderResponses
2019-09-19 14:56:47,476 [org.apache.ratis.server.impl.LogAppender$AppenderDaemon$$Lambda$510/56052704@16749b45] WARN  server.GrpcLogAppender (GrpcLogAppender.java:mayWait(143)) - 788f10a7-df1a-4cb8-be9d-a4f63e5e0cc9@group-EEF6089ADCDD->3d5530de-0751-4f46-9b90-87f3bfa7393e-GrpcLogAppender: Wait interrupted by java.lang.InterruptedException
2019-09-19 14:56:47,476 [org.apache.ratis.server.impl.LogAppender$AppenderDaemon$$Lambda$510/56052704@3cf13a38] WARN  server.GrpcLogAppender (GrpcLogAppender.java:mayWait(143)) - 788f10a7-df1a-4cb8-be9d-a4f63e5e0cc9@group-EEF6089ADCDD->bf13c666-9333-4478-bd2b-7df3f9fc008b-GrpcLogAppender: Wait interrupted by java.lang.InterruptedException
2019-09-19 14:56:47,483 [c216299f-cbcf-4288-b39c-5bdcbace6c48@group-5501053FBD97-StateMachineUpdater] INFO  ratis.ContainerStateMachine (ContainerStateMachine.java:takeSnapshot(300)) - group-5501053FBD97: Finished taking a snapshot at:(t:2, i:14) file:/workdir/hadoop-ozone/integration-test/target/test-dir/MiniOzoneClusterImpl-99c120a9-ba08-420c-a34c-f177dbe2ba07/datanode-6/data/ratis/e50c039d-a311-411f-824f-5501053fbd97/sm/snapshot.2_14 time:16
2019-09-19 14:56:47,483 [c216299f-cbcf-4288-b39c-5bdcbace6c48@group-5501053FBD97-StateMachineUpdater] INFO  impl.StateMachineUpdater (StateMachineUpdater.java:takeSnapshot(258)) - c216299f-cbcf-4288-b39c-5bdcbace6c48@group-5501053FBD97-StateMachineUpdater: Took a snapshot at index 14
2019-09-19 14:56:47,483 [c216299f-cbcf-4288-b39c-5bdcbace6c48@group-5501053FBD97-StateMachineUpdater] INFO  impl.StateMachineUpdater (StateMachineUpdater.java:lambda$new$0(83)) - c216299f-cbcf-4288-b39c-5bdcbace6c48@group-5501053FBD97-StateMachineUpdater: snapshotIndex: updateIncreasingly 14 -> 14
2019-09-19 14:56:47,483 [main] INFO  impl.RaftServerImpl (ServerState.java:close(385)) - c216299f-cbcf-4288-b39c-5bdcbace6c48@group-5501053FBD97: closes. applyIndex: 18
2019-09-19 14:56:47,484 [788f10a7-df1a-4cb8-be9d-a4f63e5e0cc9@group-EEF6089ADCDD-StateMachineUpdater] INFO  ratis.ContainerStateMachine (ContainerStateMachine.java:takeSnapshot(289)) - group-EEF6089ADCDD: Taking a snapshot at:(t:1, i:13) file /workdir/hadoop-ozone/integration-test/target/test-dir/MiniOzoneClusterImpl-99c120a9-ba08-420c-a34c-f177dbe2ba07/datanode-2/data/ratis/2302d1cd-cb91-456d-949d-eef6089adcdd/sm/snapshot.1_13
2019-09-19 14:56:47,484 [ForkJoinPool.commonPool-worker-1] INFO  impl.StateMachineUpdater (StateMachineUpdater.java:stopAndJoin(125)) - 788f10a7-df1a-4cb8-be9d-a4f63e5e0cc9@group-EEF6089ADCDD-StateMachineUpdater: set stopIndex = 15
2019-09-19 14:56:47,484 [grpc-default-executor-6] INFO  server.GrpcServerProtocolService (GrpcServerProtocolService.java:onCompleted(113)) - bf13c666-9333-4478-bd2b-7df3f9fc008b: Completed APPEND_ENTRIES, lastRequest: 788f10a7-df1a-4cb8-be9d-a4f63e5e0cc9->bf13c666-9333-4478-bd2b-7df3f9fc008b#29-t1, previous=(t:1, i:15), leaderCommit=15, initializing? false, entries: <empty>
2019-09-19 14:56:47,484 [c216299f-cbcf-4288-b39c-5bdcbace6c48@group-5501053FBD97-SegmentedRaftLogWorker] INFO  segmented.SegmentedRaftLogWorker (SegmentedRaftLogWorker.java:run(313)) - c216299f-cbcf-4288-b39c-5bdcbace6c48@group-5501053FBD97-SegmentedRaftLogWorker was interrupted, exiting. There are 0 tasks remaining in the queue.
2019-09-19 14:56:47,486 [main] INFO  segmented.SegmentedRaftLogWorker (SegmentedRaftLogWorker.java:close(228)) - c216299f-cbcf-4288-b39c-5bdcbace6c48@group-5501053FBD97-SegmentedRaftLogWorker close()
2019-09-19 14:56:47,487 [grpc-default-executor-6] INFO  server.GrpcLogAppender (GrpcLogAppender.java:onCompleted(293)) - 788f10a7-df1a-4cb8-be9d-a4f63e5e0cc9@group-EEF6089ADCDD->bf13c666-9333-4478-bd2b-7df3f9fc008b-AppendLogResponseHandler: follower responses appendEntries COMPLETED
2019-09-19 14:56:47,490 [main] INFO  server.GrpcService (GrpcService.java:closeImpl(164)) - c216299f-cbcf-4288-b39c-5bdcbace6c48: shutdown server with port 33582 now
2019-09-19 14:56:47,490 [grpc-default-executor-6] INFO  impl.FollowerInfo (FollowerInfo.java:lambda$new$0(51)) - 788f10a7-df1a-4cb8-be9d-a4f63e5e0cc9@group-EEF6089ADCDD->bf13c666-9333-4478-bd2b-7df3f9fc008b: nextIndex: updateUnconditionally 16 -> 15
2019-09-19 14:56:47,491 [main] INFO  server.GrpcService (GrpcService.java:closeImpl(172)) - c216299f-cbcf-4288-b39c-5bdcbace6c48: shutdown server with port 33582 successfully
2019-09-19 14:56:47,491 [grpc-default-executor-4] WARN  server.GrpcLogAppender (LogUtils.java:warn(134)) - 9541d083-5ce9-4e0f-acb1-c0874f3633f2@group-5501053FBD97->c216299f-cbcf-4288-b39c-5bdcbace6c48-AppendLogResponseHandler: Failed appendEntries: org.apache.ratis.thirdparty.io.grpc.StatusRuntimeException: CANCELLED: HTTP/2 error code: CANCEL
Received Rst Stream
2019-09-19 14:56:47,491 [grpc-default-executor-7] WARN  server.GrpcServerProtocolService (LogUtils.java:warn(134)) - c216299f-cbcf-4288-b39c-5bdcbace6c48: installSnapshot onError, lastRequest: 9541d083-5ce9-4e0f-acb1-c0874f3633f2->c216299f-cbcf-4288-b39c-5bdcbace6c48#7-t3, previous=(t:3, i:18), leaderCommit=18, initializing? false, entries: <empty>: org.apache.ratis.thirdparty.io.grpc.StatusRuntimeException: CANCELLED: cancelled before receiving half close
2019-09-19 14:56:47,492 [grpc-default-executor-4] INFO  impl.FollowerInfo (FollowerInfo.java:lambda$new$0(51)) - 9541d083-5ce9-4e0f-acb1-c0874f3633f2@group-5501053FBD97->c216299f-cbcf-4288-b39c-5bdcbace6c48: nextIndex: updateUnconditionally 19 -> 18
2019-09-19 14:56:47,497 [788f10a7-df1a-4cb8-be9d-a4f63e5e0cc9@group-EEF6089ADCDD-StateMachineUpdater] INFO  ratis.ContainerStateMachine (ContainerStateMachine.java:takeSnapshot(300)) - group-EEF6089ADCDD: Finished taking a snapshot at:(t:1, i:13) file:/workdir/hadoop-ozone/integration-test/target/test-dir/MiniOzoneClusterImpl-99c120a9-ba08-420c-a34c-f177dbe2ba07/datanode-2/data/ratis/2302d1cd-cb91-456d-949d-eef6089adcdd/sm/snapshot.1_13 time:12
2019-09-19 14:56:47,498 [788f10a7-df1a-4cb8-be9d-a4f63e5e0cc9@group-EEF6089ADCDD-StateMachineUpdater] INFO  impl.StateMachineUpdater (StateMachineUpdater.java:takeSnapshot(258)) - 788f10a7-df1a-4cb8-be9d-a4f63e5e0cc9@group-EEF6089ADCDD-StateMachineUpdater: Took a snapshot at index 13
2019-09-19 14:56:47,498 [788f10a7-df1a-4cb8-be9d-a4f63e5e0cc9@group-EEF6089ADCDD-StateMachineUpdater] INFO  impl.StateMachineUpdater (StateMachineUpdater.java:lambda$new$0(83)) - 788f10a7-df1a-4cb8-be9d-a4f63e5e0cc9@group-EEF6089ADCDD-StateMachineUpdater: snapshotIndex: updateIncreasingly -1 -> 13
2019-09-19 14:56:47,498 [788f10a7-df1a-4cb8-be9d-a4f63e5e0cc9@group-EEF6089ADCDD-StateMachineUpdater] INFO  ratis.ContainerStateMachine (ContainerStateMachine.java:takeSnapshot(289)) - group-EEF6089ADCDD: Taking a snapshot at:(t:1, i:13) file /workdir/hadoop-ozone/integration-test/target/test-dir/MiniOzoneClusterImpl-99c120a9-ba08-420c-a34c-f177dbe2ba07/datanode-2/data/ratis/2302d1cd-cb91-456d-949d-eef6089adcdd/sm/snapshot.1_13
2019-09-19 14:56:47,498 [refreshUsed-/workdir/hadoop-ozone/integration-test/target/test-dir/MiniOzoneClusterImpl-99c120a9-ba08-420c-a34c-f177dbe2ba07/datanode-6/data/containers] WARN  fs.CachingGetSpaceUsed (CachingGetSpaceUsed.java:run(183)) - Thread Interrupted waiting to refresh disk information: sleep interrupted
2019-09-19 14:56:47,510 [788f10a7-df1a-4cb8-be9d-a4f63e5e0cc9@group-EEF6089ADCDD-StateMachineUpdater] INFO  ratis.ContainerStateMachine (ContainerStateMachine.java:takeSnapshot(300)) - group-EEF6089ADCDD: Finished taking a snapshot at:(t:1, i:13) file:/workdir/hadoop-ozone/integration-test/target/test-dir/MiniOzoneClusterImpl-99c120a9-ba08-420c-a34c-f177dbe2ba07/datanode-2/data/ratis/2302d1cd-cb91-456d-949d-eef6089adcdd/sm/snapshot.1_13 time:12
2019-09-19 14:56:47,510 [788f10a7-df1a-4cb8-be9d-a4f63e5e0cc9@group-EEF6089ADCDD-StateMachineUpdater] INFO  impl.StateMachineUpdater (StateMachineUpdater.java:takeSnapshot(258)) - 788f10a7-df1a-4cb8-be9d-a4f63e5e0cc9@group-EEF6089ADCDD-StateMachineUpdater: Took a snapshot at index 13
2019-09-19 14:56:47,510 [788f10a7-df1a-4cb8-be9d-a4f63e5e0cc9@group-EEF6089ADCDD-StateMachineUpdater] INFO  impl.StateMachineUpdater (StateMachineUpdater.java:lambda$new$0(83)) - 788f10a7-df1a-4cb8-be9d-a4f63e5e0cc9@group-EEF6089ADCDD-StateMachineUpdater: snapshotIndex: updateIncreasingly 13 -> 13
2019-09-19 14:56:47,510 [ForkJoinPool.commonPool-worker-1] INFO  impl.RaftServerImpl (ServerState.java:close(385)) - 788f10a7-df1a-4cb8-be9d-a4f63e5e0cc9@group-EEF6089ADCDD: closes. applyIndex: 15
2019-09-19 14:56:47,511 [788f10a7-df1a-4cb8-be9d-a4f63e5e0cc9@group-EEF6089ADCDD-SegmentedRaftLogWorker] INFO  segmented.SegmentedRaftLogWorker (SegmentedRaftLogWorker.java:run(313)) - 788f10a7-df1a-4cb8-be9d-a4f63e5e0cc9@group-EEF6089ADCDD-SegmentedRaftLogWorker was interrupted, exiting. There are 0 tasks remaining in the queue.
2019-09-19 14:56:47,513 [ForkJoinPool.commonPool-worker-1] INFO  segmented.SegmentedRaftLogWorker (SegmentedRaftLogWorker.java:close(228)) - 788f10a7-df1a-4cb8-be9d-a4f63e5e0cc9@group-EEF6089ADCDD-SegmentedRaftLogWorker close()
2019-09-19 14:56:47,515 [ForkJoinPool.commonPool-worker-1] INFO  server.GrpcService (GrpcService.java:closeImpl(164)) - 788f10a7-df1a-4cb8-be9d-a4f63e5e0cc9: shutdown server with port 35597 now
2019-09-19 14:56:47,516 [grpc-default-executor-4] WARN  client.GrpcClientProtocolService (LogUtils.java:warn(134)) - 1-UnorderedRequestStreamObserver1: onError: org.apache.ratis.thirdparty.io.grpc.StatusRuntimeException: CANCELLED: cancelled before receiving half close
2019-09-19 14:56:47,516 [ForkJoinPool.commonPool-worker-1] INFO  server.GrpcService (GrpcService.java:closeImpl(172)) - 788f10a7-df1a-4cb8-be9d-a4f63e5e0cc9: shutdown server with port 35597 successfully
2019-09-19 14:56:47,520 [refreshUsed-/workdir/hadoop-ozone/integration-test/target/test-dir/MiniOzoneClusterImpl-99c120a9-ba08-420c-a34c-f177dbe2ba07/datanode-2/data/containers] WARN  fs.CachingGetSpaceUsed (CachingGetSpaceUsed.java:run(183)) - Thread Interrupted waiting to refresh disk information: sleep interrupted
2019-09-19 14:56:47,526 [main] INFO  utils.BackgroundService (BackgroundService.java:shutdown(148)) - Shutting down service BlockDeletingService
2019-09-19 14:56:47,531 [main] INFO  statemachine.DatanodeStateMachine (DatanodeStateMachine.java:stopDaemon(395)) - Ozone container server stopped.
2019-09-19 14:56:47,535 [main] INFO  handler.ContextHandler (ContextHandler.java:doStop(910)) - Stopped o.e.j.w.WebAppContext@7ac058a0{/,null,UNAVAILABLE}{/hddsDatanode}
2019-09-19 14:56:47,537 [main] INFO  server.AbstractConnector (AbstractConnector.java:doStop(318)) - Stopped ServerConnector@736b21ee{HTTP/1.1,[http/1.1]}{0.0.0.0:0}
2019-09-19 14:56:47,538 [main] INFO  handler.ContextHandler (ContextHandler.java:doStop(910)) - Stopped o.e.j.s.ServletContextHandler@1be52861{/static,jar:file:/home/user/.m2/repository/org/apache/hadoop/hadoop-hdds-container-service/0.5.0-SNAPSHOT/hadoop-hdds-container-service-0.5.0-SNAPSHOT.jar!/webapps/static,UNAVAILABLE}
2019-09-19 14:56:47,539 [main] INFO  handler.ContextHandler (ContextHandler.java:doStop(910)) - Stopped o.e.j.s.ServletContextHandler@649b5891{/logs,file:///workdir/hadoop-ozone/integration-test/target/log,UNAVAILABLE}
2019-09-19 14:56:47,543 [ForkJoinPool.commonPool-worker-1] INFO  utils.BackgroundService (BackgroundService.java:shutdown(148)) - Shutting down service BlockDeletingService
2019-09-19 14:56:47,547 [ForkJoinPool.commonPool-worker-1] INFO  statemachine.DatanodeStateMachine (DatanodeStateMachine.java:stopDaemon(395)) - Ozone container server stopped.
2019-09-19 14:56:47,551 [ForkJoinPool.commonPool-worker-1] INFO  handler.ContextHandler (ContextHandler.java:doStop(910)) - Stopped o.e.j.w.WebAppContext@76a362a4{/,null,UNAVAILABLE}{/hddsDatanode}
2019-09-19 14:56:47,551 [ForkJoinPool.commonPool-worker-1] INFO  server.AbstractConnector (AbstractConnector.java:doStop(318)) - Stopped ServerConnector@61da0413{HTTP/1.1,[http/1.1]}{0.0.0.0:0}
2019-09-19 14:56:47,553 [ForkJoinPool.commonPool-worker-1] INFO  handler.ContextHandler (ContextHandler.java:doStop(910)) - Stopped o.e.j.s.ServletContextHandler@40c8067{/static,jar:file:/home/user/.m2/repository/org/apache/hadoop/hadoop-hdds-container-service/0.5.0-SNAPSHOT/hadoop-hdds-container-service-0.5.0-SNAPSHOT.jar!/webapps/static,UNAVAILABLE}
2019-09-19 14:56:47,554 [ForkJoinPool.commonPool-worker-1] INFO  handler.ContextHandler (ContextHandler.java:doStop(910)) - Stopped o.e.j.s.ServletContextHandler@39652a30{/logs,file:///workdir/hadoop-ozone/integration-test/target/log,UNAVAILABLE}
2019-09-19 14:56:48,233 [Datanode State Machine Thread - 0] INFO  statemachine.DatanodeStateMachine (DatanodeStateMachine.java:lambda$startDaemon$0(350)) - Ozone container server started.
2019-09-19 14:56:48,508 [Datanode State Machine Thread - 0] INFO  statemachine.DatanodeStateMachine (DatanodeStateMachine.java:lambda$startDaemon$0(350)) - Ozone container server started.
2019-09-19 14:56:49,962 [grpc-default-executor-6] WARN  server.GrpcLogAppender (LogUtils.java:warn(134)) - 9541d083-5ce9-4e0f-acb1-c0874f3633f2@group-5501053FBD97->0d3107a9-04ba-472f-b8eb-753278bc281d-AppendLogResponseHandler: Failed appendEntries: org.apache.ratis.thirdparty.io.grpc.StatusRuntimeException: UNAVAILABLE: io exception
2019-09-19 14:56:49,963 [grpc-default-executor-6] INFO  impl.FollowerInfo (FollowerInfo.java:lambda$new$0(51)) - 9541d083-5ce9-4e0f-acb1-c0874f3633f2@group-5501053FBD97->0d3107a9-04ba-472f-b8eb-753278bc281d: nextIndex: updateUnconditionally 0 -> 0
2019-09-19 14:56:49,965 [grpc-default-executor-4] WARN  server.GrpcLogAppender (LogUtils.java:warn(134)) - 9541d083-5ce9-4e0f-acb1-c0874f3633f2@group-5501053FBD97->c216299f-cbcf-4288-b39c-5bdcbace6c48-AppendLogResponseHandler: Failed appendEntries: org.apache.ratis.thirdparty.io.grpc.StatusRuntimeException: UNAVAILABLE: io exception
2019-09-19 14:56:49,966 [grpc-default-executor-4] INFO  impl.FollowerInfo (FollowerInfo.java:lambda$new$0(51)) - 9541d083-5ce9-4e0f-acb1-c0874f3633f2@group-5501053FBD97->c216299f-cbcf-4288-b39c-5bdcbace6c48: nextIndex: updateUnconditionally 18 -> 17
2019-09-19 14:56:52,320 [EventQueue-StaleNodeForStaleNodeHandler] INFO  node.StaleNodeHandler (StaleNodeHandler.java:onMessage(58)) - Datanode bf13c666-9333-4478-bd2b-7df3f9fc008b{ip: 192.168.34.4, host: pr-hdds-2151-jsxwx-3911445914, networkLocation: /default-rack, certSerialId: null} moved to stale state. Finalizing its pipelines [PipelineID=66d850e1-aec2-4e3b-b1ef-541c60637f01, PipelineID=2302d1cd-cb91-456d-949d-eef6089adcdd]
2019-09-19 14:56:52,321 [EventQueue-StaleNodeForStaleNodeHandler] INFO  pipeline.SCMPipelineManager (SCMPipelineManager.java:finalizeAndDestroyPipeline(311)) - destroying pipeline:Pipeline[ Id: 66d850e1-aec2-4e3b-b1ef-541c60637f01, Nodes: bf13c666-9333-4478-bd2b-7df3f9fc008b{ip: 192.168.34.4, host: pr-hdds-2151-jsxwx-3911445914, networkLocation: /default-rack, certSerialId: null}, Type:RATIS, Factor:ONE, State:OPEN]
2019-09-19 14:56:52,322 [EventQueue-StaleNodeForStaleNodeHandler] INFO  pipeline.PipelineStateManager (PipelineStateManager.java:finalizePipeline(123)) - Pipeline Pipeline[ Id: 66d850e1-aec2-4e3b-b1ef-541c60637f01, Nodes: bf13c666-9333-4478-bd2b-7df3f9fc008b{ip: 192.168.34.4, host: pr-hdds-2151-jsxwx-3911445914, networkLocation: /default-rack, certSerialId: null}, Type:RATIS, Factor:ONE, State:CLOSED] moved to CLOSED state
2019-09-19 14:56:52,322 [EventQueue-StaleNodeForStaleNodeHandler] INFO  pipeline.SCMPipelineManager (SCMPipelineManager.java:finalizeAndDestroyPipeline(311)) - destroying pipeline:Pipeline[ Id: 2302d1cd-cb91-456d-949d-eef6089adcdd, Nodes: bf13c666-9333-4478-bd2b-7df3f9fc008b{ip: 192.168.34.4, host: pr-hdds-2151-jsxwx-3911445914, networkLocation: /default-rack, certSerialId: null}3d5530de-0751-4f46-9b90-87f3bfa7393e{ip: 192.168.34.4, host: pr-hdds-2151-jsxwx-3911445914, networkLocation: /default-rack, certSerialId: null}788f10a7-df1a-4cb8-be9d-a4f63e5e0cc9{ip: 192.168.34.4, host: pr-hdds-2151-jsxwx-3911445914, networkLocation: /default-rack, certSerialId: null}, Type:RATIS, Factor:THREE, State:CLOSED]
2019-09-19 14:56:52,468 [grpc-default-executor-4] WARN  server.GrpcLogAppender (LogUtils.java:warn(134)) - 9541d083-5ce9-4e0f-acb1-c0874f3633f2@group-5501053FBD97->c216299f-cbcf-4288-b39c-5bdcbace6c48-AppendLogResponseHandler: Failed appendEntries: org.apache.ratis.thirdparty.io.grpc.StatusRuntimeException: UNAVAILABLE: io exception
2019-09-19 14:56:52,468 [grpc-default-executor-6] WARN  server.GrpcLogAppender (LogUtils.java:warn(134)) - 9541d083-5ce9-4e0f-acb1-c0874f3633f2@group-5501053FBD97->0d3107a9-04ba-472f-b8eb-753278bc281d-AppendLogResponseHandler: Failed appendEntries: org.apache.ratis.thirdparty.io.grpc.StatusRuntimeException: UNAVAILABLE: io exception
2019-09-19 14:56:52,475 [grpc-default-executor-4] INFO  impl.FollowerInfo (FollowerInfo.java:lambda$new$0(51)) - 9541d083-5ce9-4e0f-acb1-c0874f3633f2@group-5501053FBD97->c216299f-cbcf-4288-b39c-5bdcbace6c48: nextIndex: updateUnconditionally 17 -> 16
2019-09-19 14:56:52,475 [grpc-default-executor-6] INFO  impl.FollowerInfo (FollowerInfo.java:lambda$new$0(51)) - 9541d083-5ce9-4e0f-acb1-c0874f3633f2@group-5501053FBD97->0d3107a9-04ba-472f-b8eb-753278bc281d: nextIndex: updateUnconditionally 0 -> 0
2019-09-19 14:56:52,520 [EventQueue-StaleNodeForStaleNodeHandler] INFO  node.StaleNodeHandler (StaleNodeHandler.java:onMessage(58)) - Datanode 9541d083-5ce9-4e0f-acb1-c0874f3633f2{ip: 192.168.34.4, host: pr-hdds-2151-jsxwx-3911445914, networkLocation: /default-rack, certSerialId: null} moved to stale state. Finalizing its pipelines [PipelineID=8bd28c0c-7630-4542-b2a2-3408a9fb9cbd, PipelineID=e50c039d-a311-411f-824f-5501053fbd97]
2019-09-19 14:56:52,520 [EventQueue-StaleNodeForStaleNodeHandler] INFO  pipeline.SCMPipelineManager (SCMPipelineManager.java:finalizeAndDestroyPipeline(311)) - destroying pipeline:Pipeline[ Id: 8bd28c0c-7630-4542-b2a2-3408a9fb9cbd, Nodes: 9541d083-5ce9-4e0f-acb1-c0874f3633f2{ip: 192.168.34.4, host: pr-hdds-2151-jsxwx-3911445914, networkLocation: /default-rack, certSerialId: null}, Type:RATIS, Factor:ONE, State:OPEN]
2019-09-19 14:56:52,520 [EventQueue-StaleNodeForStaleNodeHandler] INFO  pipeline.PipelineStateManager (PipelineStateManager.java:finalizePipeline(123)) - Pipeline Pipeline[ Id: 8bd28c0c-7630-4542-b2a2-3408a9fb9cbd, Nodes: 9541d083-5ce9-4e0f-acb1-c0874f3633f2{ip: 192.168.34.4, host: pr-hdds-2151-jsxwx-3911445914, networkLocation: /default-rack, certSerialId: null}, Type:RATIS, Factor:ONE, State:CLOSED] moved to CLOSED state
2019-09-19 14:56:52,521 [EventQueue-StaleNodeForStaleNodeHandler] INFO  pipeline.SCMPipelineManager (SCMPipelineManager.java:finalizeAndDestroyPipeline(311)) - destroying pipeline:Pipeline[ Id: e50c039d-a311-411f-824f-5501053fbd97, Nodes: 0d3107a9-04ba-472f-b8eb-753278bc281d{ip: 192.168.34.4, host: pr-hdds-2151-jsxwx-3911445914, networkLocation: /default-rack, certSerialId: null}9541d083-5ce9-4e0f-acb1-c0874f3633f2{ip: 192.168.34.4, host: pr-hdds-2151-jsxwx-3911445914, networkLocation: /default-rack, certSerialId: null}c216299f-cbcf-4288-b39c-5bdcbace6c48{ip: 192.168.34.4, host: pr-hdds-2151-jsxwx-3911445914, networkLocation: /default-rack, certSerialId: null}, Type:RATIS, Factor:THREE, State:CLOSED]
2019-09-19 14:56:52,543 [main] INFO  ozoneimpl.OzoneContainer (OzoneContainer.java:stop(231)) - Attempting to stop container services.
2019-09-19 14:56:52,546 [main] INFO  impl.RaftServerProxy (RaftServerProxy.java:lambda$close$4(314)) - 9541d083-5ce9-4e0f-acb1-c0874f3633f2: close
2019-09-19 14:56:52,547 [main] INFO  impl.RaftServerImpl (RaftServerImpl.java:lambda$shutdown$3(251)) - 9541d083-5ce9-4e0f-acb1-c0874f3633f2@group-3408A9FB9CBD: shutdown
2019-09-19 14:56:52,548 [main] INFO  util.JmxRegister (JmxRegister.java:unregister(73)) - Successfully un-registered JMX Bean with object name Ratis:service=RaftServer,group=group-3408A9FB9CBD,id=9541d083-5ce9-4e0f-acb1-c0874f3633f2
2019-09-19 14:56:52,549 [main] INFO  impl.RoleInfo (RoleInfo.java:shutdownLeaderState(104)) - 9541d083-5ce9-4e0f-acb1-c0874f3633f2: shutdown LeaderState
2019-09-19 14:56:52,550 [main] INFO  impl.PendingRequests (PendingRequests.java:sendNotLeaderResponses(202)) - 9541d083-5ce9-4e0f-acb1-c0874f3633f2-PendingRequests: sendNotLeaderResponses
2019-09-19 14:56:52,551 [main] INFO  impl.StateMachineUpdater (StateMachineUpdater.java:stopAndJoin(125)) - 9541d083-5ce9-4e0f-acb1-c0874f3633f2@group-3408A9FB9CBD-StateMachineUpdater: set stopIndex = 0
2019-09-19 14:56:52,552 [main] INFO  impl.RaftServerImpl (ServerState.java:close(385)) - 9541d083-5ce9-4e0f-acb1-c0874f3633f2@group-3408A9FB9CBD: closes. applyIndex: 0
2019-09-19 14:56:52,553 [9541d083-5ce9-4e0f-acb1-c0874f3633f2@group-3408A9FB9CBD-SegmentedRaftLogWorker] INFO  segmented.SegmentedRaftLogWorker (SegmentedRaftLogWorker.java:run(313)) - 9541d083-5ce9-4e0f-acb1-c0874f3633f2@group-3408A9FB9CBD-SegmentedRaftLogWorker was interrupted, exiting. There are 0 tasks remaining in the queue.
2019-09-19 14:56:52,556 [ForkJoinPool.commonPool-worker-1] INFO  ozoneimpl.OzoneContainer (OzoneContainer.java:stop(231)) - Attempting to stop container services.
2019-09-19 14:56:52,556 [main] INFO  segmented.SegmentedRaftLogWorker (SegmentedRaftLogWorker.java:close(228)) - 9541d083-5ce9-4e0f-acb1-c0874f3633f2@group-3408A9FB9CBD-SegmentedRaftLogWorker close()
2019-09-19 14:56:52,557 [ForkJoinPool.commonPool-worker-1] INFO  impl.RaftServerProxy (RaftServerProxy.java:lambda$close$4(314)) - bf13c666-9333-4478-bd2b-7df3f9fc008b: close
2019-09-19 14:56:52,559 [main] INFO  impl.RaftServerImpl (RaftServerImpl.java:lambda$shutdown$3(251)) - 9541d083-5ce9-4e0f-acb1-c0874f3633f2@group-5501053FBD97: shutdown
2019-09-19 14:56:52,559 [ForkJoinPool.commonPool-worker-1] INFO  impl.RaftServerImpl (RaftServerImpl.java:lambda$shutdown$3(251)) - bf13c666-9333-4478-bd2b-7df3f9fc008b@group-541C60637F01: shutdown
2019-09-19 14:56:52,560 [main] INFO  util.JmxRegister (JmxRegister.java:unregister(73)) - Successfully un-registered JMX Bean with object name Ratis:service=RaftServer,group=group-5501053FBD97,id=9541d083-5ce9-4e0f-acb1-c0874f3633f2
2019-09-19 14:56:52,560 [ForkJoinPool.commonPool-worker-1] INFO  util.JmxRegister (JmxRegister.java:unregister(73)) - Successfully un-registered JMX Bean with object name Ratis:service=RaftServer,group=group-541C60637F01,id=bf13c666-9333-4478-bd2b-7df3f9fc008b
2019-09-19 14:56:52,560 [main] INFO  impl.RoleInfo (RoleInfo.java:shutdownLeaderState(104)) - 9541d083-5ce9-4e0f-acb1-c0874f3633f2: shutdown LeaderState
2019-09-19 14:56:52,561 [ForkJoinPool.commonPool-worker-1] INFO  impl.RoleInfo (RoleInfo.java:shutdownLeaderState(104)) - bf13c666-9333-4478-bd2b-7df3f9fc008b: shutdown LeaderState
2019-09-19 14:56:52,563 [org.apache.ratis.server.impl.LogAppender$AppenderDaemon$$Lambda$510/56052704@73e75bfd] WARN  server.GrpcLogAppender (GrpcLogAppender.java:mayWait(143)) - 9541d083-5ce9-4e0f-acb1-c0874f3633f2@group-5501053FBD97->c216299f-cbcf-4288-b39c-5bdcbace6c48-GrpcLogAppender: Wait interrupted by java.lang.InterruptedException
2019-09-19 14:56:52,563 [org.apache.ratis.server.impl.LogAppender$AppenderDaemon$$Lambda$510/56052704@1c599b8d] WARN  server.GrpcLogAppender (GrpcLogAppender.java:mayWait(143)) - 9541d083-5ce9-4e0f-acb1-c0874f3633f2@group-5501053FBD97->0d3107a9-04ba-472f-b8eb-753278bc281d-GrpcLogAppender: Wait interrupted by java.lang.InterruptedException
2019-09-19 14:56:52,563 [main] INFO  impl.PendingRequests (PendingRequests.java:sendNotLeaderResponses(202)) - 9541d083-5ce9-4e0f-acb1-c0874f3633f2-PendingRequests: sendNotLeaderResponses
2019-09-19 14:56:52,563 [ForkJoinPool.commonPool-worker-1] INFO  impl.PendingRequests (PendingRequests.java:sendNotLeaderResponses(202)) - bf13c666-9333-4478-bd2b-7df3f9fc008b-PendingRequests: sendNotLeaderResponses
2019-09-19 14:56:52,565 [ForkJoinPool.commonPool-worker-1] INFO  impl.StateMachineUpdater (StateMachineUpdater.java:stopAndJoin(125)) - bf13c666-9333-4478-bd2b-7df3f9fc008b@group-541C60637F01-StateMachineUpdater: set stopIndex = 0
2019-09-19 14:56:52,565 [ForkJoinPool.commonPool-worker-1] INFO  impl.RaftServerImpl (ServerState.java:close(385)) - bf13c666-9333-4478-bd2b-7df3f9fc008b@group-541C60637F01: closes. applyIndex: 0
2019-09-19 14:56:52,565 [bf13c666-9333-4478-bd2b-7df3f9fc008b@group-541C60637F01-SegmentedRaftLogWorker] INFO  segmented.SegmentedRaftLogWorker (SegmentedRaftLogWorker.java:run(313)) - bf13c666-9333-4478-bd2b-7df3f9fc008b@group-541C60637F01-SegmentedRaftLogWorker was interrupted, exiting. There are 0 tasks remaining in the queue.
2019-09-19 14:56:52,574 [ForkJoinPool.commonPool-worker-1] INFO  segmented.SegmentedRaftLogWorker (SegmentedRaftLogWorker.java:close(228)) - bf13c666-9333-4478-bd2b-7df3f9fc008b@group-541C60637F01-SegmentedRaftLogWorker close()
2019-09-19 14:56:52,574 [main] INFO  impl.StateMachineUpdater (StateMachineUpdater.java:stopAndJoin(125)) - 9541d083-5ce9-4e0f-acb1-c0874f3633f2@group-5501053FBD97-StateMachineUpdater: set stopIndex = 18
2019-09-19 14:56:52,576 [9541d083-5ce9-4e0f-acb1-c0874f3633f2@group-5501053FBD97-StateMachineUpdater] INFO  ratis.ContainerStateMachine (ContainerStateMachine.java:takeSnapshot(289)) - group-5501053FBD97: Taking a snapshot at:(t:2, i:14) file /workdir/hadoop-ozone/integration-test/target/test-dir/MiniOzoneClusterImpl-99c120a9-ba08-420c-a34c-f177dbe2ba07/datanode-5/data/ratis/e50c039d-a311-411f-824f-5501053fbd97/sm/snapshot.2_14
2019-09-19 14:56:52,575 [ForkJoinPool.commonPool-worker-1] INFO  impl.RaftServerImpl (RaftServerImpl.java:lambda$shutdown$3(251)) - bf13c666-9333-4478-bd2b-7df3f9fc008b@group-EEF6089ADCDD: shutdown
2019-09-19 14:56:52,577 [ForkJoinPool.commonPool-worker-1] INFO  util.JmxRegister (JmxRegister.java:unregister(73)) - Successfully un-registered JMX Bean with object name Ratis:service=RaftServer,group=group-EEF6089ADCDD,id=bf13c666-9333-4478-bd2b-7df3f9fc008b
2019-09-19 14:56:52,577 [ForkJoinPool.commonPool-worker-1] INFO  impl.RoleInfo (RoleInfo.java:shutdownFollowerState(121)) - bf13c666-9333-4478-bd2b-7df3f9fc008b: shutdown FollowerState
2019-09-19 14:56:52,577 [ForkJoinPool.commonPool-worker-1] INFO  impl.StateMachineUpdater (StateMachineUpdater.java:stopAndJoin(125)) - bf13c666-9333-4478-bd2b-7df3f9fc008b@group-EEF6089ADCDD-StateMachineUpdater: set stopIndex = 15
2019-09-19 14:56:52,577 [bf13c666-9333-4478-bd2b-7df3f9fc008b@group-EEF6089ADCDD-StateMachineUpdater] INFO  ratis.ContainerStateMachine (ContainerStateMachine.java:takeSnapshot(289)) - group-EEF6089ADCDD: Taking a snapshot at:(t:1, i:13) file /workdir/hadoop-ozone/integration-test/target/test-dir/MiniOzoneClusterImpl-99c120a9-ba08-420c-a34c-f177dbe2ba07/datanode-0/data/ratis/2302d1cd-cb91-456d-949d-eef6089adcdd/sm/snapshot.1_13
2019-09-19 14:56:52,577 [Thread-2920] INFO  impl.FollowerState (FollowerState.java:run(115)) - bf13c666-9333-4478-bd2b-7df3f9fc008b: FollowerState was interrupted: java.lang.InterruptedException: sleep interrupted
2019-09-19 14:56:52,590 [bf13c666-9333-4478-bd2b-7df3f9fc008b@group-EEF6089ADCDD-StateMachineUpdater] INFO  ratis.ContainerStateMachine (ContainerStateMachine.java:takeSnapshot(300)) - group-EEF6089ADCDD: Finished taking a snapshot at:(t:1, i:13) file:/workdir/hadoop-ozone/integration-test/target/test-dir/MiniOzoneClusterImpl-99c120a9-ba08-420c-a34c-f177dbe2ba07/datanode-0/data/ratis/2302d1cd-cb91-456d-949d-eef6089adcdd/sm/snapshot.1_13 time:12
2019-09-19 14:56:52,590 [9541d083-5ce9-4e0f-acb1-c0874f3633f2@group-5501053FBD97-StateMachineUpdater] INFO  ratis.ContainerStateMachine (ContainerStateMachine.java:takeSnapshot(300)) - group-5501053FBD97: Finished taking a snapshot at:(t:2, i:14) file:/workdir/hadoop-ozone/integration-test/target/test-dir/MiniOzoneClusterImpl-99c120a9-ba08-420c-a34c-f177dbe2ba07/datanode-5/data/ratis/e50c039d-a311-411f-824f-5501053fbd97/sm/snapshot.2_14 time:14
2019-09-19 14:56:52,590 [bf13c666-9333-4478-bd2b-7df3f9fc008b@group-EEF6089ADCDD-StateMachineUpdater] INFO  impl.StateMachineUpdater (StateMachineUpdater.java:takeSnapshot(258)) - bf13c666-9333-4478-bd2b-7df3f9fc008b@group-EEF6089ADCDD-StateMachineUpdater: Took a snapshot at index 13
2019-09-19 14:56:52,590 [bf13c666-9333-4478-bd2b-7df3f9fc008b@group-EEF6089ADCDD-StateMachineUpdater] INFO  impl.StateMachineUpdater (StateMachineUpdater.java:lambda$new$0(83)) - bf13c666-9333-4478-bd2b-7df3f9fc008b@group-EEF6089ADCDD-StateMachineUpdater: snapshotIndex: updateIncreasingly -1 -> 13
2019-09-19 14:56:52,590 [9541d083-5ce9-4e0f-acb1-c0874f3633f2@group-5501053FBD97-StateMachineUpdater] INFO  impl.StateMachineUpdater (StateMachineUpdater.java:takeSnapshot(258)) - 9541d083-5ce9-4e0f-acb1-c0874f3633f2@group-5501053FBD97-StateMachineUpdater: Took a snapshot at index 14
2019-09-19 14:56:52,590 [9541d083-5ce9-4e0f-acb1-c0874f3633f2@group-5501053FBD97-StateMachineUpdater] INFO  impl.StateMachineUpdater (StateMachineUpdater.java:lambda$new$0(83)) - 9541d083-5ce9-4e0f-acb1-c0874f3633f2@group-5501053FBD97-StateMachineUpdater: snapshotIndex: updateIncreasingly -1 -> 14
2019-09-19 14:56:52,591 [bf13c666-9333-4478-bd2b-7df3f9fc008b@group-EEF6089ADCDD-StateMachineUpdater] INFO  ratis.ContainerStateMachine (ContainerStateMachine.java:takeSnapshot(289)) - group-EEF6089ADCDD: Taking a snapshot at:(t:1, i:13) file /workdir/hadoop-ozone/integration-test/target/test-dir/MiniOzoneClusterImpl-99c120a9-ba08-420c-a34c-f177dbe2ba07/datanode-0/data/ratis/2302d1cd-cb91-456d-949d-eef6089adcdd/sm/snapshot.1_13
2019-09-19 14:56:52,591 [9541d083-5ce9-4e0f-acb1-c0874f3633f2@group-5501053FBD97-StateMachineUpdater] INFO  ratis.ContainerStateMachine (ContainerStateMachine.java:takeSnapshot(289)) - group-5501053FBD97: Taking a snapshot at:(t:2, i:14) file /workdir/hadoop-ozone/integration-test/target/test-dir/MiniOzoneClusterImpl-99c120a9-ba08-420c-a34c-f177dbe2ba07/datanode-5/data/ratis/e50c039d-a311-411f-824f-5501053fbd97/sm/snapshot.2_14
2019-09-19 14:56:52,603 [bf13c666-9333-4478-bd2b-7df3f9fc008b@group-EEF6089ADCDD-StateMachineUpdater] INFO  ratis.ContainerStateMachine (ContainerStateMachine.java:takeSnapshot(300)) - group-EEF6089ADCDD: Finished taking a snapshot at:(t:1, i:13) file:/workdir/hadoop-ozone/integration-test/target/test-dir/MiniOzoneClusterImpl-99c120a9-ba08-420c-a34c-f177dbe2ba07/datanode-0/data/ratis/2302d1cd-cb91-456d-949d-eef6089adcdd/sm/snapshot.1_13 time:13
2019-09-19 14:56:52,603 [9541d083-5ce9-4e0f-acb1-c0874f3633f2@group-5501053FBD97-StateMachineUpdater] INFO  ratis.ContainerStateMachine (ContainerStateMachine.java:takeSnapshot(300)) - group-5501053FBD97: Finished taking a snapshot at:(t:2, i:14) file:/workdir/hadoop-ozone/integration-test/target/test-dir/MiniOzoneClusterImpl-99c120a9-ba08-420c-a34c-f177dbe2ba07/datanode-5/data/ratis/e50c039d-a311-411f-824f-5501053fbd97/sm/snapshot.2_14 time:13
2019-09-19 14:56:52,604 [bf13c666-9333-4478-bd2b-7df3f9fc008b@group-EEF6089ADCDD-StateMachineUpdater] INFO  impl.StateMachineUpdater (StateMachineUpdater.java:takeSnapshot(258)) - bf13c666-9333-4478-bd2b-7df3f9fc008b@group-EEF6089ADCDD-StateMachineUpdater: Took a snapshot at index 13
2019-09-19 14:56:52,604 [bf13c666-9333-4478-bd2b-7df3f9fc008b@group-EEF6089ADCDD-StateMachineUpdater] INFO  impl.StateMachineUpdater (StateMachineUpdater.java:lambda$new$0(83)) - bf13c666-9333-4478-bd2b-7df3f9fc008b@group-EEF6089ADCDD-StateMachineUpdater: snapshotIndex: updateIncreasingly 13 -> 13
2019-09-19 14:56:52,604 [9541d083-5ce9-4e0f-acb1-c0874f3633f2@group-5501053FBD97-StateMachineUpdater] INFO  impl.StateMachineUpdater (StateMachineUpdater.java:takeSnapshot(258)) - 9541d083-5ce9-4e0f-acb1-c0874f3633f2@group-5501053FBD97-StateMachineUpdater: Took a snapshot at index 14
2019-09-19 14:56:52,604 [9541d083-5ce9-4e0f-acb1-c0874f3633f2@group-5501053FBD97-StateMachineUpdater] INFO  impl.StateMachineUpdater (StateMachineUpdater.java:lambda$new$0(83)) - 9541d083-5ce9-4e0f-acb1-c0874f3633f2@group-5501053FBD97-StateMachineUpdater: snapshotIndex: updateIncreasingly 14 -> 14
2019-09-19 14:56:52,604 [ForkJoinPool.commonPool-worker-1] INFO  impl.RaftServerImpl (ServerState.java:close(385)) - bf13c666-9333-4478-bd2b-7df3f9fc008b@group-EEF6089ADCDD: closes. applyIndex: 15
2019-09-19 14:56:52,604 [main] INFO  impl.RaftServerImpl (ServerState.java:close(385)) - 9541d083-5ce9-4e0f-acb1-c0874f3633f2@group-5501053FBD97: closes. applyIndex: 18
2019-09-19 14:56:52,605 [bf13c666-9333-4478-bd2b-7df3f9fc008b@group-EEF6089ADCDD-SegmentedRaftLogWorker] INFO  segmented.SegmentedRaftLogWorker (SegmentedRaftLogWorker.java:run(313)) - bf13c666-9333-4478-bd2b-7df3f9fc008b@group-EEF6089ADCDD-SegmentedRaftLogWorker was interrupted, exiting. There are 0 tasks remaining in the queue.
2019-09-19 14:56:52,605 [9541d083-5ce9-4e0f-acb1-c0874f3633f2@group-5501053FBD97-SegmentedRaftLogWorker] INFO  segmented.SegmentedRaftLogWorker (SegmentedRaftLogWorker.java:run(313)) - 9541d083-5ce9-4e0f-acb1-c0874f3633f2@group-5501053FBD97-SegmentedRaftLogWorker was interrupted, exiting. There are 0 tasks remaining in the queue.
2019-09-19 14:56:52,605 [ForkJoinPool.commonPool-worker-1] INFO  segmented.SegmentedRaftLogWorker (SegmentedRaftLogWorker.java:close(228)) - bf13c666-9333-4478-bd2b-7df3f9fc008b@group-EEF6089ADCDD-SegmentedRaftLogWorker close()
2019-09-19 14:56:52,605 [main] INFO  segmented.SegmentedRaftLogWorker (SegmentedRaftLogWorker.java:close(228)) - 9541d083-5ce9-4e0f-acb1-c0874f3633f2@group-5501053FBD97-SegmentedRaftLogWorker close()
2019-09-19 14:56:52,608 [main] INFO  server.GrpcService (GrpcService.java:closeImpl(164)) - 9541d083-5ce9-4e0f-acb1-c0874f3633f2: shutdown server with port 46148 now
2019-09-19 14:56:52,608 [ForkJoinPool.commonPool-worker-1] INFO  server.GrpcService (GrpcService.java:closeImpl(164)) - bf13c666-9333-4478-bd2b-7df3f9fc008b: shutdown server with port 35164 now
2019-09-19 14:56:52,609 [ForkJoinPool.commonPool-worker-1] INFO  server.GrpcService (GrpcService.java:closeImpl(172)) - bf13c666-9333-4478-bd2b-7df3f9fc008b: shutdown server with port 35164 successfully
2019-09-19 14:56:52,610 [main] INFO  server.GrpcService (GrpcService.java:closeImpl(172)) - 9541d083-5ce9-4e0f-acb1-c0874f3633f2: shutdown server with port 46148 successfully
2019-09-19 14:56:52,613 [refreshUsed-/workdir/hadoop-ozone/integration-test/target/test-dir/MiniOzoneClusterImpl-99c120a9-ba08-420c-a34c-f177dbe2ba07/datanode-5/data/containers] WARN  fs.CachingGetSpaceUsed (CachingGetSpaceUsed.java:run(183)) - Thread Interrupted waiting to refresh disk information: sleep interrupted
2019-09-19 14:56:52,615 [refreshUsed-/workdir/hadoop-ozone/integration-test/target/test-dir/MiniOzoneClusterImpl-99c120a9-ba08-420c-a34c-f177dbe2ba07/datanode-0/data/containers] WARN  fs.CachingGetSpaceUsed (CachingGetSpaceUsed.java:run(183)) - Thread Interrupted waiting to refresh disk information: sleep interrupted
2019-09-19 14:56:52,633 [main] INFO  utils.BackgroundService (BackgroundService.java:shutdown(148)) - Shutting down service BlockDeletingService
2019-09-19 14:56:52,637 [main] INFO  statemachine.DatanodeStateMachine (DatanodeStateMachine.java:stopDaemon(395)) - Ozone container server stopped.
2019-09-19 14:56:52,639 [main] INFO  handler.ContextHandler (ContextHandler.java:doStop(910)) - Stopped o.e.j.w.WebAppContext@2d22d3b1{/,null,UNAVAILABLE}{/hddsDatanode}
2019-09-19 14:56:52,640 [main] INFO  server.AbstractConnector (AbstractConnector.java:doStop(318)) - Stopped ServerConnector@7ec3a8bd{HTTP/1.1,[http/1.1]}{0.0.0.0:0}
2019-09-19 14:56:52,640 [main] INFO  handler.ContextHandler (ContextHandler.java:doStop(910)) - Stopped o.e.j.s.ServletContextHandler@34009349{/static,jar:file:/home/user/.m2/repository/org/apache/hadoop/hadoop-hdds-container-service/0.5.0-SNAPSHOT/hadoop-hdds-container-service-0.5.0-SNAPSHOT.jar!/webapps/static,UNAVAILABLE}
2019-09-19 14:56:52,641 [main] INFO  handler.ContextHandler (ContextHandler.java:doStop(910)) - Stopped o.e.j.s.ServletContextHandler@76a9a009{/logs,file:///workdir/hadoop-ozone/integration-test/target/log,UNAVAILABLE}
2019-09-19 14:56:52,642 [ForkJoinPool.commonPool-worker-1] INFO  utils.BackgroundService (BackgroundService.java:shutdown(148)) - Shutting down service BlockDeletingService
2019-09-19 14:56:52,645 [ForkJoinPool.commonPool-worker-1] INFO  statemachine.DatanodeStateMachine (DatanodeStateMachine.java:stopDaemon(395)) - Ozone container server stopped.
2019-09-19 14:56:52,648 [ForkJoinPool.commonPool-worker-1] INFO  handler.ContextHandler (ContextHandler.java:doStop(910)) - Stopped o.e.j.w.WebAppContext@231df705{/,null,UNAVAILABLE}{/hddsDatanode}
2019-09-19 14:56:52,649 [ForkJoinPool.commonPool-worker-1] INFO  server.AbstractConnector (AbstractConnector.java:doStop(318)) - Stopped ServerConnector@2d130ac4{HTTP/1.1,[http/1.1]}{0.0.0.0:0}
2019-09-19 14:56:52,651 [ForkJoinPool.commonPool-worker-1] INFO  handler.ContextHandler (ContextHandler.java:doStop(910)) - Stopped o.e.j.s.ServletContextHandler@2cccf134{/static,jar:file:/home/user/.m2/repository/org/apache/hadoop/hadoop-hdds-container-service/0.5.0-SNAPSHOT/hadoop-hdds-container-service-0.5.0-SNAPSHOT.jar!/webapps/static,UNAVAILABLE}
2019-09-19 14:56:52,652 [ForkJoinPool.commonPool-worker-1] INFO  handler.ContextHandler (ContextHandler.java:doStop(910)) - Stopped o.e.j.s.ServletContextHandler@29bbc63c{/logs,file:///workdir/hadoop-ozone/integration-test/target/log,UNAVAILABLE}
2019-09-19 14:56:52,653 [main] INFO  ozone.MiniOzoneClusterImpl (MiniOzoneClusterImpl.java:stop(344)) - Stopping the StorageContainerManager
2019-09-19 14:56:52,653 [main] INFO  server.StorageContainerManager (StorageContainerManager.java:stop(801)) - Stopping Replication Manager Service.
2019-09-19 14:56:52,653 [main] INFO  container.ReplicationManager (ReplicationManager.java:stop(203)) - Stopping Replication Monitor Thread.
2019-09-19 14:56:52,653 [main] INFO  server.StorageContainerManager (StorageContainerManager.java:stop(808)) - Stopping Lease Manager of the command watchers
2019-09-19 14:56:52,653 [main] INFO  server.StorageContainerManager (StorageContainerManager.java:stop(815)) - Stopping datanode service RPC server
2019-09-19 14:56:52,654 [main] INFO  server.SCMDatanodeProtocolServer (SCMDatanodeProtocolServer.java:stop(367)) - Stopping the RPC server for DataNodes
2019-09-19 14:56:52,654 [main] INFO  ipc.Server (Server.java:stop(3082)) - Stopping server on 46576
2019-09-19 14:56:52,656 [IPC Server listener on 46576] INFO  ipc.Server (Server.java:run(1185)) - Stopping IPC Server listener on 46576
2019-09-19 14:56:52,657 [IPC Server Responder] INFO  ipc.Server (Server.java:run(1319)) - Stopping IPC Server Responder
2019-09-19 14:56:52,721 [SCM Heartbeat Processing Thread - 0] WARN  node.NodeStateManager (NodeStateManager.java:scheduleNextHealthCheck(646)) - Current Thread is interrupted, shutting down HB processing thread for Node Manager.
2019-09-19 14:56:52,721 [main] INFO  server.StorageContainerManager (StorageContainerManager.java:stop(823)) - Stopping block service RPC server
2019-09-19 14:56:52,722 [main] INFO  server.SCMBlockProtocolServer (SCMBlockProtocolServer.java:stop(155)) - Stopping the RPC server for Block Protocol
2019-09-19 14:56:52,722 [main] INFO  ipc.Server (Server.java:stop(3082)) - Stopping server on 39117
2019-09-19 14:56:52,724 [IPC Server listener on 39117] INFO  ipc.Server (Server.java:run(1185)) - Stopping IPC Server listener on 39117
2019-09-19 14:56:52,724 [main] INFO  server.StorageContainerManager (StorageContainerManager.java:stop(830)) - Stopping the StorageContainerLocationProtocol RPC server
2019-09-19 14:56:52,725 [IPC Server Responder] INFO  ipc.Server (Server.java:run(1319)) - Stopping IPC Server Responder
2019-09-19 14:56:52,725 [main] INFO  server.SCMClientProtocolServer (SCMClientProtocolServer.java:stop(159)) - Stopping the RPC server for Client Protocol
2019-09-19 14:56:52,725 [main] INFO  ipc.Server (Server.java:stop(3082)) - Stopping server on 42508
2019-09-19 14:56:52,727 [IPC Server listener on 42508] INFO  ipc.Server (Server.java:run(1185)) - Stopping IPC Server listener on 42508
2019-09-19 14:56:52,728 [main] INFO  server.StorageContainerManager (StorageContainerManager.java:stop(837)) - Stopping Storage Container Manager HTTP server.
2019-09-19 14:56:52,728 [IPC Server Responder] INFO  ipc.Server (Server.java:run(1319)) - Stopping IPC Server Responder
2019-09-19 14:56:52,729 [main] INFO  handler.ContextHandler (ContextHandler.java:doStop(910)) - Stopped o.e.j.w.WebAppContext@4eeab3e{/,null,UNAVAILABLE}{/scm}
2019-09-19 14:56:52,730 [main] INFO  server.AbstractConnector (AbstractConnector.java:doStop(318)) - Stopped ServerConnector@2b6fb197{HTTP/1.1,[http/1.1]}{0.0.0.0:0}
2019-09-19 14:56:52,730 [main] INFO  handler.ContextHandler (ContextHandler.java:doStop(910)) - Stopped o.e.j.s.ServletContextHandler@33d28f0a{/static,file:///workdir/hadoop-ozone/integration-test/target/test-classes/webapps/static,UNAVAILABLE}
2019-09-19 14:56:52,731 [main] INFO  handler.ContextHandler (ContextHandler.java:doStop(910)) - Stopped o.e.j.s.ServletContextHandler@cdb3c85{/logs,file:///workdir/hadoop-ozone/integration-test/target/log,UNAVAILABLE}
2019-09-19 14:56:52,732 [main] INFO  server.StorageContainerManager (StorageContainerManager.java:stop(848)) - Stopping Block Manager Service.
2019-09-19 14:56:52,732 [main] INFO  utils.BackgroundService (BackgroundService.java:shutdown(148)) - Shutting down service SCMBlockDeletingService
2019-09-19 14:56:52,732 [main] INFO  utils.BackgroundService (BackgroundService.java:shutdown(148)) - Shutting down service SCMBlockDeletingService
2019-09-19 14:56:52,733 [main] INFO  server.StorageContainerManager (StorageContainerManager.java:stop(870)) - Stopping SCM Event Queue.
2019-09-19 14:56:52,738 [main] INFO  impl.MetricsSystemImpl (MetricsSystemImpl.java:stop(210)) - Stopping HddsDatanode metrics system...
2019-09-19 14:56:52,767 [main] INFO  impl.MetricsSystemImpl (MetricsSystemImpl.java:stop(216)) - HddsDatanode metrics system stopped.
]]></system-out>
    <system-err><![CDATA[Sep 19, 2019 2:56:42 PM org.apache.ratis.thirdparty.io.grpc.internal.SerializingExecutor run
SEVERE: Exception while executing runnable org.apache.ratis.thirdparty.io.grpc.internal.ServerImpl$JumpToApplicationThreadServerStreamListener$1Closed@2ed90381
org.apache.ratis.thirdparty.io.grpc.StatusRuntimeException: CANCELLED: call already cancelled
	at org.apache.ratis.thirdparty.io.grpc.Status.asRuntimeException(Status.java:517)
	at org.apache.ratis.thirdparty.io.grpc.stub.ServerCalls$ServerCallStreamObserverImpl.onCompleted(ServerCalls.java:356)
	at org.apache.ratis.grpc.server.GrpcServerProtocolService$ServerRequestStreamObserver.onError(GrpcServerProtocolService.java:121)
	at org.apache.ratis.thirdparty.io.grpc.stub.ServerCalls$StreamingServerCallHandler$StreamingServerCallListener.onCancel(ServerCalls.java:269)
	at org.apache.ratis.thirdparty.io.grpc.internal.ServerCallImpl$ServerStreamListenerImpl.closed(ServerCallImpl.java:293)
	at org.apache.ratis.thirdparty.io.grpc.internal.ServerImpl$JumpToApplicationThreadServerStreamListener$1Closed.runInContext(ServerImpl.java:741)
	at org.apache.ratis.thirdparty.io.grpc.internal.ContextRunnable.run(ContextRunnable.java:37)
	at org.apache.ratis.thirdparty.io.grpc.internal.SerializingExecutor.run(SerializingExecutor.java:123)
	at java.util.concurrent.ThreadPoolExecutor.runWorker(ThreadPoolExecutor.java:1149)
	at java.util.concurrent.ThreadPoolExecutor$Worker.run(ThreadPoolExecutor.java:624)
	at java.lang.Thread.run(Thread.java:748)

Sep 19, 2019 2:56:47 PM org.apache.ratis.thirdparty.io.grpc.internal.SerializingExecutor run
SEVERE: Exception while executing runnable org.apache.ratis.thirdparty.io.grpc.internal.ServerImpl$JumpToApplicationThreadServerStreamListener$1Closed@27fb55e3
org.apache.ratis.thirdparty.io.grpc.StatusRuntimeException: CANCELLED: call already cancelled
	at org.apache.ratis.thirdparty.io.grpc.Status.asRuntimeException(Status.java:517)
	at org.apache.ratis.thirdparty.io.grpc.stub.ServerCalls$ServerCallStreamObserverImpl.onCompleted(ServerCalls.java:356)
	at org.apache.ratis.grpc.server.GrpcServerProtocolService$ServerRequestStreamObserver.onError(GrpcServerProtocolService.java:121)
	at org.apache.ratis.thirdparty.io.grpc.stub.ServerCalls$StreamingServerCallHandler$StreamingServerCallListener.onCancel(ServerCalls.java:269)
	at org.apache.ratis.thirdparty.io.grpc.internal.ServerCallImpl$ServerStreamListenerImpl.closed(ServerCallImpl.java:293)
	at org.apache.ratis.thirdparty.io.grpc.internal.ServerImpl$JumpToApplicationThreadServerStreamListener$1Closed.runInContext(ServerImpl.java:741)
	at org.apache.ratis.thirdparty.io.grpc.internal.ContextRunnable.run(ContextRunnable.java:37)
	at org.apache.ratis.thirdparty.io.grpc.internal.SerializingExecutor.run(SerializingExecutor.java:123)
	at java.util.concurrent.ThreadPoolExecutor.runWorker(ThreadPoolExecutor.java:1149)
	at java.util.concurrent.ThreadPoolExecutor$Worker.run(ThreadPoolExecutor.java:624)
	at java.lang.Thread.run(Thread.java:748)

]]></system-err>
  </testcase>
  <testcase name="testFailureWithPrimeSizedData" classname="org.apache.hadoop.ozone.client.rpc.TestBlockOutputStreamWithFailures" time="39.371"/>
  <testcase name="testWatchForCommitWithCloseContainerException" classname="org.apache.hadoop.ozone.client.rpc.TestBlockOutputStreamWithFailures" time="34.905"/>
  <testcase name="testExceptionDuringClose" classname="org.apache.hadoop.ozone.client.rpc.TestBlockOutputStreamWithFailures" time="37.659"/>
</testsuite>