<?xml version="1.0" encoding="UTF-8"?>
<testsuite xmlns:xsi="http://www.w3.org/2001/XMLSchema-instance" xsi:noNamespaceSchemaLocation="https://maven.apache.org/surefire/maven-surefire-plugin/xsd/surefire-test-report.xsd" name="org.apache.hadoop.fs.ozone.contract.ITestOzoneContractGetFileStatus" time="264.646" tests="18" errors="1" skipped="0" failures="0">
  <properties>
    <property name="awt.toolkit" value="sun.awt.X11.XToolkit"/>
    <property name="file.encoding.pkg" value="sun.io"/>
    <property name="java.specification.version" value="1.8"/>
    <property name="sun.cpu.isalist" value=""/>
    <property name="sun.jnu.encoding" value="UTF-8"/>
    <property name="java.class.path" value="/workdir/hadoop-ozone/ozonefs/target/test-classes:/workdir/hadoop-ozone/ozonefs/target/classes:/home/user/.m2/repository/org/apache/hadoop/hadoop-common/3.2.0/hadoop-common-3.2.0.jar:/home/user/.m2/repository/org/apache/hadoop/hadoop-annotations/3.2.0/hadoop-annotations-3.2.0.jar:/usr/lib/jvm/java-1.8-openjdk/jre/../lib/tools.jar:/home/user/.m2/repository/com/google/guava/guava/11.0.2/guava-11.0.2.jar:/home/user/.m2/repository/commons-cli/commons-cli/1.2/commons-cli-1.2.jar:/home/user/.m2/repository/org/apache/commons/commons-math3/3.1.1/commons-math3-3.1.1.jar:/home/user/.m2/repository/org/apache/httpcomponents/httpclient/4.5.2/httpclient-4.5.2.jar:/home/user/.m2/repository/org/apache/httpcomponents/httpcore/4.4.4/httpcore-4.4.4.jar:/home/user/.m2/repository/commons-codec/commons-codec/1.11/commons-codec-1.11.jar:/home/user/.m2/repository/commons-io/commons-io/2.5/commons-io-2.5.jar:/home/user/.m2/repository/commons-net/commons-net/3.6/commons-net-3.6.jar:/home/user/.m2/repository/commons-collections/commons-collections/3.2.2/commons-collections-3.2.2.jar:/home/user/.m2/repository/javax/servlet/javax.servlet-api/3.1.0/javax.servlet-api-3.1.0.jar:/home/user/.m2/repository/org/eclipse/jetty/jetty-server/9.3.24.v20180605/jetty-server-9.3.24.v20180605.jar:/home/user/.m2/repository/org/eclipse/jetty/jetty-http/9.3.24.v20180605/jetty-http-9.3.24.v20180605.jar:/home/user/.m2/repository/org/eclipse/jetty/jetty-io/9.3.24.v20180605/jetty-io-9.3.24.v20180605.jar:/home/user/.m2/repository/org/eclipse/jetty/jetty-util/9.3.24.v20180605/jetty-util-9.3.24.v20180605.jar:/home/user/.m2/repository/org/eclipse/jetty/jetty-servlet/9.3.24.v20180605/jetty-servlet-9.3.24.v20180605.jar:/home/user/.m2/repository/org/eclipse/jetty/jetty-security/9.3.24.v20180605/jetty-security-9.3.24.v20180605.jar:/home/user/.m2/repository/org/eclipse/jetty/jetty-webapp/9.3.24.v20180605/jetty-webapp-9.3.24.v20180605.jar:/home/user/.m2/repository/org/eclipse/jetty/jetty-xml/9.3.24.v20180605/jetty-xml-9.3.24.v20180605.jar:/home/user/.m2/repository/javax/servlet/jsp/jsp-api/2.1/jsp-api-2.1.jar:/home/user/.m2/repository/com/sun/jersey/jersey-core/1.19/jersey-core-1.19.jar:/home/user/.m2/repository/javax/ws/rs/jsr311-api/1.1.1/jsr311-api-1.1.1.jar:/home/user/.m2/repository/com/sun/jersey/jersey-servlet/1.19/jersey-servlet-1.19.jar:/home/user/.m2/repository/com/sun/jersey/jersey-json/1.19/jersey-json-1.19.jar:/home/user/.m2/repository/org/codehaus/jettison/jettison/1.1/jettison-1.1.jar:/home/user/.m2/repository/com/sun/xml/bind/jaxb-impl/2.3.0.1/jaxb-impl-2.3.0.1.jar:/home/user/.m2/repository/org/codehaus/jackson/jackson-core-asl/1.9.13/jackson-core-asl-1.9.13.jar:/home/user/.m2/repository/org/codehaus/jackson/jackson-mapper-asl/1.9.13/jackson-mapper-asl-1.9.13.jar:/home/user/.m2/repository/org/codehaus/jackson/jackson-jaxrs/1.9.13/jackson-jaxrs-1.9.13.jar:/home/user/.m2/repository/org/codehaus/jackson/jackson-xc/1.9.13/jackson-xc-1.9.13.jar:/home/user/.m2/repository/com/sun/jersey/jersey-server/1.19/jersey-server-1.19.jar:/home/user/.m2/repository/commons-logging/commons-logging/1.1.3/commons-logging-1.1.3.jar:/home/user/.m2/repository/log4j/log4j/1.2.17/log4j-1.2.17.jar:/home/user/.m2/repository/commons-beanutils/commons-beanutils/1.9.4/commons-beanutils-1.9.4.jar:/home/user/.m2/repository/org/apache/commons/commons-configuration2/2.1.1/commons-configuration2-2.1.1.jar:/home/user/.m2/repository/org/apache/commons/commons-lang3/3.7/commons-lang3-3.7.jar:/home/user/.m2/repository/org/apache/commons/commons-text/1.4/commons-text-1.4.jar:/home/user/.m2/repository/org/slf4j/slf4j-api/1.7.25/slf4j-api-1.7.25.jar:/home/user/.m2/repository/org/slf4j/slf4j-log4j12/1.7.25/slf4j-log4j12-1.7.25.jar:/home/user/.m2/repository/org/apache/avro/avro/1.7.7/avro-1.7.7.jar:/home/user/.m2/repository/com/thoughtworks/paranamer/paranamer/2.3/paranamer-2.3.jar:/home/user/.m2/repository/org/xerial/snappy/snappy-java/1.0.5/snappy-java-1.0.5.jar:/home/user/.m2/repository/com/google/re2j/re2j/1.1/re2j-1.1.jar:/home/user/.m2/repository/com/google/protobuf/protobuf-java/2.5.0/protobuf-java-2.5.0.jar:/home/user/.m2/repository/com/google/code/gson/gson/2.2.4/gson-2.2.4.jar:/home/user/.m2/repository/org/apache/hadoop/hadoop-auth/3.2.0/hadoop-auth-3.2.0.jar:/home/user/.m2/repository/com/nimbusds/nimbus-jose-jwt/4.41.1/nimbus-jose-jwt-4.41.1.jar:/home/user/.m2/repository/com/github/stephenc/jcip/jcip-annotations/1.0-1/jcip-annotations-1.0-1.jar:/home/user/.m2/repository/net/minidev/json-smart/2.3/json-smart-2.3.jar:/home/user/.m2/repository/net/minidev/accessors-smart/1.2/accessors-smart-1.2.jar:/home/user/.m2/repository/org/apache/curator/curator-framework/2.12.0/curator-framework-2.12.0.jar:/home/user/.m2/repository/com/jcraft/jsch/0.1.54/jsch-0.1.54.jar:/home/user/.m2/repository/org/apache/curator/curator-client/2.12.0/curator-client-2.12.0.jar:/home/user/.m2/repository/org/apache/curator/curator-recipes/2.12.0/curator-recipes-2.12.0.jar:/home/user/.m2/repository/com/google/code/findbugs/jsr305/3.0.0/jsr305-3.0.0.jar:/home/user/.m2/repository/org/apache/htrace/htrace-core4/4.1.0-incubating/htrace-core4-4.1.0-incubating.jar:/home/user/.m2/repository/org/apache/zookeeper/zookeeper/3.4.13/zookeeper-3.4.13.jar:/home/user/.m2/repository/org/apache/yetus/audience-annotations/0.5.0/audience-annotations-0.5.0.jar:/home/user/.m2/repository/org/apache/commons/commons-compress/1.4.1/commons-compress-1.4.1.jar:/home/user/.m2/repository/org/tukaani/xz/1.0/xz-1.0.jar:/home/user/.m2/repository/org/apache/kerby/kerb-simplekdc/1.0.1/kerb-simplekdc-1.0.1.jar:/home/user/.m2/repository/org/apache/kerby/kerb-client/1.0.1/kerb-client-1.0.1.jar:/home/user/.m2/repository/org/apache/kerby/kerby-config/1.0.1/kerby-config-1.0.1.jar:/home/user/.m2/repository/org/apache/kerby/kerb-core/1.0.1/kerb-core-1.0.1.jar:/home/user/.m2/repository/org/apache/kerby/kerby-pkix/1.0.1/kerby-pkix-1.0.1.jar:/home/user/.m2/repository/org/apache/kerby/kerby-asn1/1.0.1/kerby-asn1-1.0.1.jar:/home/user/.m2/repository/org/apache/kerby/kerby-util/1.0.1/kerby-util-1.0.1.jar:/home/user/.m2/repository/org/apache/kerby/kerb-common/1.0.1/kerb-common-1.0.1.jar:/home/user/.m2/repository/org/apache/kerby/kerb-crypto/1.0.1/kerb-crypto-1.0.1.jar:/home/user/.m2/repository/org/apache/kerby/kerb-util/1.0.1/kerb-util-1.0.1.jar:/home/user/.m2/repository/org/apache/kerby/token-provider/1.0.1/token-provider-1.0.1.jar:/home/user/.m2/repository/org/apache/kerby/kerb-admin/1.0.1/kerb-admin-1.0.1.jar:/home/user/.m2/repository/org/apache/kerby/kerb-server/1.0.1/kerb-server-1.0.1.jar:/home/user/.m2/repository/org/apache/kerby/kerb-identity/1.0.1/kerb-identity-1.0.1.jar:/home/user/.m2/repository/org/apache/kerby/kerby-xdr/1.0.1/kerby-xdr-1.0.1.jar:/home/user/.m2/repository/com/fasterxml/jackson/core/jackson-databind/2.9.9/jackson-databind-2.9.9.jar:/home/user/.m2/repository/com/fasterxml/jackson/core/jackson-annotations/2.9.9/jackson-annotations-2.9.9.jar:/home/user/.m2/repository/com/fasterxml/jackson/core/jackson-core/2.9.9/jackson-core-2.9.9.jar:/home/user/.m2/repository/org/codehaus/woodstox/stax2-api/3.1.4/stax2-api-3.1.4.jar:/home/user/.m2/repository/com/fasterxml/woodstox/woodstox-core/5.0.3/woodstox-core-5.0.3.jar:/home/user/.m2/repository/dnsjava/dnsjava/2.1.7/dnsjava-2.1.7.jar:/home/user/.m2/repository/org/apache/hadoop/hadoop-hdfs/3.2.0/hadoop-hdfs-3.2.0.jar:/home/user/.m2/repository/org/eclipse/jetty/jetty-util-ajax/9.3.24.v20180605/jetty-util-ajax-9.3.24.v20180605.jar:/home/user/.m2/repository/commons-daemon/commons-daemon/1.0.13/commons-daemon-1.0.13.jar:/home/user/.m2/repository/io/netty/netty/3.10.5.Final/netty-3.10.5.Final.jar:/home/user/.m2/repository/io/netty/netty-all/4.0.52.Final/netty-all-4.0.52.Final.jar:/home/user/.m2/repository/org/fusesource/leveldbjni/leveldbjni-all/1.8/leveldbjni-all-1.8.jar:/home/user/.m2/repository/org/apache/hadoop/hadoop-hdds-common/0.5.0-SNAPSHOT/hadoop-hdds-common-0.5.0-SNAPSHOT.jar:/home/user/.m2/repository/org/apache/hadoop/hadoop-hdds-config/0.5.0-SNAPSHOT/hadoop-hdds-config-0.5.0-SNAPSHOT.jar:/home/user/.m2/repository/javax/annotation/javax.annotation-api/1.2/javax.annotation-api-1.2.jar:/home/user/.m2/repository/org/apache/ratis/ratis-server/0.4.0-78e95b9-SNAPSHOT/ratis-server-0.4.0-78e95b9-SNAPSHOT.jar:/home/user/.m2/repository/org/apache/ratis/ratis-thirdparty-misc/0.2.0/ratis-thirdparty-misc-0.2.0.jar:/home/user/.m2/repository/org/apache/ratis/ratis-proto/0.4.0-78e95b9-SNAPSHOT/ratis-proto-0.4.0-78e95b9-SNAPSHOT.jar:/home/user/.m2/repository/org/apache/ratis/ratis-common/0.4.0-78e95b9-SNAPSHOT/ratis-common-0.4.0-78e95b9-SNAPSHOT.jar:/home/user/.m2/repository/org/apache/ratis/ratis-client/0.4.0-78e95b9-SNAPSHOT/ratis-client-0.4.0-78e95b9-SNAPSHOT.jar:/home/user/.m2/repository/org/apache/ratis/ratis-metrics/0.4.0-78e95b9-SNAPSHOT/ratis-metrics-0.4.0-78e95b9-SNAPSHOT.jar:/home/user/.m2/repository/com/github/joshelser/dropwizard-metrics-hadoop-metrics2-reporter/0.1.2/dropwizard-metrics-hadoop-metrics2-reporter-0.1.2.jar:/home/user/.m2/repository/io/dropwizard/metrics/metrics-jvm/3.2.5/metrics-jvm-3.2.5.jar:/home/user/.m2/repository/io/dropwizard/metrics/metrics-ganglia/3.2.5/metrics-ganglia-3.2.5.jar:/home/user/.m2/repository/info/ganglia/gmetric4j/gmetric4j/1.0.7/gmetric4j-1.0.7.jar:/home/user/.m2/repository/org/apache/ratis/ratis-netty/0.4.0-78e95b9-SNAPSHOT/ratis-netty-0.4.0-78e95b9-SNAPSHOT.jar:/home/user/.m2/repository/org/apache/ratis/ratis-grpc/0.4.0-78e95b9-SNAPSHOT/ratis-grpc-0.4.0-78e95b9-SNAPSHOT.jar:/home/user/.m2/repository/org/rocksdb/rocksdbjni/6.0.1/rocksdbjni-6.0.1.jar:/home/user/.m2/repository/org/apache/logging/log4j/log4j-api/2.11.0/log4j-api-2.11.0.jar:/home/user/.m2/repository/org/apache/logging/log4j/log4j-core/2.11.0/log4j-core-2.11.0.jar:/home/user/.m2/repository/com/lmax/disruptor/3.4.2/disruptor-3.4.2.jar:/home/user/.m2/repository/org/apache/commons/commons-pool2/2.6.0/commons-pool2-2.6.0.jar:/home/user/.m2/repository/org/bouncycastle/bcpkix-jdk15on/1.60/bcpkix-jdk15on-1.60.jar:/home/user/.m2/repository/commons-validator/commons-validator/1.6/commons-validator-1.6.jar:/home/user/.m2/repository/commons-digester/commons-digester/1.8.1/commons-digester-1.8.1.jar:/home/user/.m2/repository/io/jaegertracing/jaeger-client/0.33.1/jaeger-client-0.33.1.jar:/home/user/.m2/repository/io/jaegertracing/jaeger-thrift/0.33.1/jaeger-thrift-0.33.1.jar:/home/user/.m2/repository/org/apache/thrift/libthrift/0.11.0/libthrift-0.11.0.jar:/home/user/.m2/repository/com/squareup/okhttp3/okhttp/3.9.0/okhttp-3.9.0.jar:/home/user/.m2/repository/com/squareup/okio/okio/1.13.0/okio-1.13.0.jar:/home/user/.m2/repository/io/jaegertracing/jaeger-core/0.33.1/jaeger-core-0.33.1.jar:/home/user/.m2/repository/io/jaegertracing/jaeger-tracerresolver/0.33.1/jaeger-tracerresolver-0.33.1.jar:/home/user/.m2/repository/io/opentracing/contrib/opentracing-tracerresolver/0.1.5/opentracing-tracerresolver-0.1.5.jar:/home/user/.m2/repository/io/opentracing/opentracing-util/0.31.0/opentracing-util-0.31.0.jar:/home/user/.m2/repository/io/opentracing/opentracing-api/0.31.0/opentracing-api-0.31.0.jar:/home/user/.m2/repository/io/opentracing/opentracing-noop/0.31.0/opentracing-noop-0.31.0.jar:/home/user/.m2/repository/org/yaml/snakeyaml/1.16/snakeyaml-1.16.jar:/home/user/.m2/repository/org/apache/hadoop/hadoop-hdfs-client/3.2.0/hadoop-hdfs-client-3.2.0.jar:/home/user/.m2/repository/info/picocli/picocli/3.9.6/picocli-3.9.6.jar:/home/user/.m2/repository/org/apache/hadoop/hadoop-hdds-server-scm/0.5.0-SNAPSHOT/hadoop-hdds-server-scm-0.5.0-SNAPSHOT.jar:/home/user/.m2/repository/org/apache/hadoop/hadoop-hdds-docs/0.5.0-SNAPSHOT/hadoop-hdds-docs-0.5.0-SNAPSHOT.jar:/home/user/.m2/repository/io/dropwizard/metrics/metrics-core/3.2.4/metrics-core-3.2.4.jar:/home/user/.m2/repository/org/hamcrest/hamcrest-all/1.3/hamcrest-all-1.3.jar:/home/user/.m2/repository/org/bouncycastle/bcprov-jdk15on/1.60/bcprov-jdk15on-1.60.jar:/home/user/.m2/repository/org/apache/hadoop/hadoop-hdds-server-framework/0.5.0-SNAPSHOT/hadoop-hdds-server-framework-0.5.0-SNAPSHOT.jar:/home/user/.m2/repository/org/apache/hadoop/hadoop-ozone-ozone-manager/0.5.0-SNAPSHOT/hadoop-ozone-ozone-manager-0.5.0-SNAPSHOT.jar:/home/user/.m2/repository/org/apache/hadoop/hadoop-hdds-container-service/0.5.0-SNAPSHOT/hadoop-hdds-container-service-0.5.0-SNAPSHOT.jar:/home/user/.m2/repository/org/apache/hadoop/hadoop-hdds-client/0.5.0-SNAPSHOT/hadoop-hdds-client-0.5.0-SNAPSHOT.jar:/home/user/.m2/repository/org/apache/hadoop/hadoop-ozone-common/0.5.0-SNAPSHOT/hadoop-ozone-common-0.5.0-SNAPSHOT.jar:/home/user/.m2/repository/org/apache/hadoop/hadoop-hdds-tools/0.5.0-SNAPSHOT/hadoop-hdds-tools-0.5.0-SNAPSHOT.jar:/home/user/.m2/repository/org/xerial/sqlite-jdbc/3.25.2/sqlite-jdbc-3.25.2.jar:/home/user/.m2/repository/com/google/code/findbugs/findbugs/3.0.1/findbugs-3.0.1.jar:/home/user/.m2/repository/net/jcip/jcip-annotations/1.0/jcip-annotations-1.0.jar:/home/user/.m2/repository/com/google/code/findbugs/bcel-findbugs/6.0/bcel-findbugs-6.0.jar:/home/user/.m2/repository/com/google/code/findbugs/jFormatString/2.0.1/jFormatString-2.0.1.jar:/home/user/.m2/repository/dom4j/dom4j/1.6.1/dom4j-1.6.1.jar:/home/user/.m2/repository/xml-apis/xml-apis/1.0.b2/xml-apis-1.0.b2.jar:/home/user/.m2/repository/org/ow2/asm/asm-debug-all/5.0.2/asm-debug-all-5.0.2.jar:/home/user/.m2/repository/org/ow2/asm/asm-commons/5.0.2/asm-commons-5.0.2.jar:/home/user/.m2/repository/org/ow2/asm/asm-tree/5.0.2/asm-tree-5.0.2.jar:/home/user/.m2/repository/org/ow2/asm/asm/5.0.4/asm-5.0.4.jar:/home/user/.m2/repository/commons-lang/commons-lang/2.6/commons-lang-2.6.jar:/home/user/.m2/repository/com/apple/AppleJavaExtensions/1.4/AppleJavaExtensions-1.4.jar:/home/user/.m2/repository/jaxen/jaxen/1.1.6/jaxen-1.1.6.jar:/home/user/.m2/repository/org/apache/hadoop/hadoop-common/3.2.0/hadoop-common-3.2.0-tests.jar:/home/user/.m2/repository/org/apache/hadoop/hadoop-ozone-client/0.5.0-SNAPSHOT/hadoop-ozone-client-0.5.0-SNAPSHOT.jar:/home/user/.m2/repository/org/apache/hadoop/hadoop-hdfs/3.2.0/hadoop-hdfs-3.2.0-tests.jar:/workdir/hadoop-ozone/integration-test/target/test-classes:/home/user/.m2/repository/org/apache/hadoop/hadoop-ozone-s3gateway/0.5.0-SNAPSHOT/hadoop-ozone-s3gateway-0.5.0-SNAPSHOT.jar:/home/user/.m2/repository/org/jboss/weld/servlet/weld-servlet/2.4.7.Final/weld-servlet-2.4.7.Final.jar:/home/user/.m2/repository/org/glassfish/jersey/containers/jersey-container-servlet-core/2.27/jersey-container-servlet-core-2.27.jar:/home/user/.m2/repository/org/glassfish/hk2/external/javax.inject/2.5.0-b42/javax.inject-2.5.0-b42.jar:/home/user/.m2/repository/org/glassfish/jersey/core/jersey-common/2.27/jersey-common-2.27.jar:/home/user/.m2/repository/org/glassfish/hk2/osgi-resource-locator/1.0.1/osgi-resource-locator-1.0.1.jar:/home/user/.m2/repository/javax/ws/rs/javax.ws.rs-api/2.1/javax.ws.rs-api-2.1.jar:/home/user/.m2/repository/org/glassfish/jersey/ext/cdi/jersey-cdi1x/2.27/jersey-cdi1x-2.27.jar:/home/user/.m2/repository/org/glassfish/jersey/inject/jersey-hk2/2.27/jersey-hk2-2.27.jar:/home/user/.m2/repository/org/glassfish/hk2/hk2-locator/2.5.0-b42/hk2-locator-2.5.0-b42.jar:/home/user/.m2/repository/org/javassist/javassist/3.22.0-CR2/javassist-3.22.0-CR2.jar:/home/user/.m2/repository/org/glassfish/hk2/hk2-api/2.5.0/hk2-api-2.5.0.jar:/home/user/.m2/repository/org/glassfish/hk2/external/jakarta.inject/2.5.0/jakarta.inject-2.5.0.jar:/home/user/.m2/repository/org/glassfish/hk2/hk2-utils/2.5.0/hk2-utils-2.5.0.jar:/home/user/.m2/repository/jakarta/annotation/jakarta.annotation-api/1.3.4/jakarta.annotation-api-1.3.4.jar:/home/user/.m2/repository/org/glassfish/hk2/external/aopalliance-repackaged/2.5.0/aopalliance-repackaged-2.5.0.jar:/home/user/.m2/repository/com/fasterxml/jackson/dataformat/jackson-dataformat-xml/2.9.0/jackson-dataformat-xml-2.9.0.jar:/home/user/.m2/repository/com/fasterxml/jackson/module/jackson-module-jaxb-annotations/2.9.9/jackson-module-jaxb-annotations-2.9.9.jar:/home/user/.m2/repository/javax/enterprise/cdi-api/1.2/cdi-api-1.2.jar:/home/user/.m2/repository/javax/el/javax.el-api/3.0.0/javax.el-api-3.0.0.jar:/home/user/.m2/repository/javax/interceptor/javax.interceptor-api/1.2/javax.interceptor-api-1.2.jar:/home/user/.m2/repository/javax/inject/javax.inject/1/javax.inject-1.jar:/home/user/.m2/repository/com/sun/xml/bind/jaxb-core/2.3.0.1/jaxb-core-2.3.0.1.jar:/home/user/.m2/repository/javax/xml/bind/jaxb-api/2.3.0/jaxb-api-2.3.0.jar:/home/user/.m2/repository/javax/activation/activation/1.1.1/activation-1.1.1.jar:/home/user/.m2/repository/org/apache/hadoop/hadoop-ozone-csi/0.5.0-SNAPSHOT/hadoop-ozone-csi-0.5.0-SNAPSHOT.jar:/home/user/.m2/repository/com/google/protobuf/protobuf-java-util/3.5.1/protobuf-java-util-3.5.1.jar:/home/user/.m2/repository/io/grpc/grpc-netty/1.17.1/grpc-netty-1.17.1.jar:/home/user/.m2/repository/io/grpc/grpc-core/1.17.1/grpc-core-1.17.1.jar:/home/user/.m2/repository/io/grpc/grpc-context/1.17.1/grpc-context-1.17.1.jar:/home/user/.m2/repository/com/google/errorprone/error_prone_annotations/2.2.0/error_prone_annotations-2.2.0.jar:/home/user/.m2/repository/org/codehaus/mojo/animal-sniffer-annotations/1.17/animal-sniffer-annotations-1.17.jar:/home/user/.m2/repository/io/opencensus/opencensus-api/0.17.0/opencensus-api-0.17.0.jar:/home/user/.m2/repository/io/opencensus/opencensus-contrib-grpc-metrics/0.17.0/opencensus-contrib-grpc-metrics-0.17.0.jar:/home/user/.m2/repository/io/netty/netty-codec-http2/4.1.30.Final/netty-codec-http2-4.1.30.Final.jar:/home/user/.m2/repository/io/netty/netty-codec-http/4.1.30.Final/netty-codec-http-4.1.30.Final.jar:/home/user/.m2/repository/io/netty/netty-codec/4.1.30.Final/netty-codec-4.1.30.Final.jar:/home/user/.m2/repository/io/netty/netty-handler/4.1.30.Final/netty-handler-4.1.30.Final.jar:/home/user/.m2/repository/io/netty/netty-handler-proxy/4.1.30.Final/netty-handler-proxy-4.1.30.Final.jar:/home/user/.m2/repository/io/netty/netty-codec-socks/4.1.30.Final/netty-codec-socks-4.1.30.Final.jar:/home/user/.m2/repository/io/netty/netty-transport-native-epoll/4.1.30.Final/netty-transport-native-epoll-4.1.30.Final.jar:/home/user/.m2/repository/io/netty/netty-common/4.1.30.Final/netty-common-4.1.30.Final.jar:/home/user/.m2/repository/io/netty/netty-buffer/4.1.30.Final/netty-buffer-4.1.30.Final.jar:/home/user/.m2/repository/io/netty/netty-transport/4.1.30.Final/netty-transport-4.1.30.Final.jar:/home/user/.m2/repository/io/netty/netty-resolver/4.1.30.Final/netty-resolver-4.1.30.Final.jar:/home/user/.m2/repository/io/netty/netty-transport-native-unix-common/4.1.30.Final/netty-transport-native-unix-common-4.1.30.Final.jar:/home/user/.m2/repository/io/grpc/grpc-protobuf/1.17.1/grpc-protobuf-1.17.1.jar:/home/user/.m2/repository/com/google/api/grpc/proto-google-common-protos/1.0.0/proto-google-common-protos-1.0.0.jar:/home/user/.m2/repository/io/grpc/grpc-protobuf-lite/1.17.1/grpc-protobuf-lite-1.17.1.jar:/home/user/.m2/repository/io/grpc/grpc-stub/1.17.1/grpc-stub-1.17.1.jar:/home/user/.m2/repository/org/apache/hadoop/hadoop-ozone-recon/0.5.0-SNAPSHOT/hadoop-ozone-recon-0.5.0-SNAPSHOT.jar:/home/user/.m2/repository/org/apache/hadoop/hadoop-ozone-reconcodegen/0.5.0-SNAPSHOT/hadoop-ozone-reconcodegen-0.5.0-SNAPSHOT.jar:/home/user/.m2/repository/com/google/inject/extensions/guice-multibindings/4.0/guice-multibindings-4.0.jar:/home/user/.m2/repository/com/google/inject/guice/4.0/guice-4.0.jar:/home/user/.m2/repository/aopalliance/aopalliance/1.0/aopalliance-1.0.jar:/home/user/.m2/repository/org/glassfish/jersey/containers/jersey-container-servlet/2.27/jersey-container-servlet-2.27.jar:/home/user/.m2/repository/org/glassfish/hk2/guice-bridge/2.5.0/guice-bridge-2.5.0.jar:/home/user/.m2/repository/org/glassfish/jersey/core/jersey-server/2.27/jersey-server-2.27.jar:/home/user/.m2/repository/org/glassfish/jersey/core/jersey-client/2.27/jersey-client-2.27.jar:/home/user/.m2/repository/org/glassfish/jersey/media/jersey-media-jaxb/2.27/jersey-media-jaxb-2.27.jar:/home/user/.m2/repository/javax/validation/validation-api/1.1.0.Final/validation-api-1.1.0.Final.jar:/home/user/.m2/repository/org/glassfish/jersey/media/jersey-media-json-jackson/2.27/jersey-media-json-jackson-2.27.jar:/home/user/.m2/repository/org/glassfish/jersey/ext/jersey-entity-filtering/2.27/jersey-entity-filtering-2.27.jar:/home/user/.m2/repository/com/google/inject/extensions/guice-assistedinject/4.0/guice-assistedinject-4.0.jar:/home/user/.m2/repository/org/jooq/jooq/3.11.10/jooq-3.11.10.jar:/home/user/.m2/repository/org/jooq/jooq-meta/3.11.10/jooq-meta-3.11.10.jar:/home/user/.m2/repository/org/jooq/jooq-codegen/3.11.10/jooq-codegen-3.11.10.jar:/home/user/.m2/repository/com/jolbox/bonecp/0.8.0.RELEASE/bonecp-0.8.0.RELEASE.jar:/home/user/.m2/repository/org/springframework/spring-jdbc/5.1.3.RELEASE/spring-jdbc-5.1.3.RELEASE.jar:/home/user/.m2/repository/org/springframework/spring-beans/5.1.3.RELEASE/spring-beans-5.1.3.RELEASE.jar:/home/user/.m2/repository/org/springframework/spring-core/5.1.3.RELEASE/spring-core-5.1.3.RELEASE.jar:/home/user/.m2/repository/org/springframework/spring-jcl/5.1.3.RELEASE/spring-jcl-5.1.3.RELEASE.jar:/home/user/.m2/repository/org/springframework/spring-tx/5.1.3.RELEASE/spring-tx-5.1.3.RELEASE.jar:/home/user/.m2/repository/org/mockito/mockito-all/1.10.19/mockito-all-1.10.19.jar:/home/user/.m2/repository/junit/junit/4.11/junit-4.11.jar:/home/user/.m2/repository/org/hamcrest/hamcrest-core/1.3/hamcrest-core-1.3.jar:/home/user/.m2/repository/org/apache/hadoop/hadoop-distcp/3.2.0/hadoop-distcp-3.2.0.jar:/home/user/.m2/repository/org/apache/hadoop/hadoop-distcp/3.2.0/hadoop-distcp-3.2.0-tests.jar:/home/user/.m2/repository/org/apache/hadoop/hadoop-mapreduce-client-jobclient/3.2.0/hadoop-mapreduce-client-jobclient-3.2.0.jar:/home/user/.m2/repository/org/apache/hadoop/hadoop-mapreduce-client-common/3.2.0/hadoop-mapreduce-client-common-3.2.0.jar:/home/user/.m2/repository/org/apache/hadoop/hadoop-yarn-common/3.2.0/hadoop-yarn-common-3.2.0.jar:/home/user/.m2/repository/org/apache/hadoop/hadoop-yarn-api/3.2.0/hadoop-yarn-api-3.2.0.jar:/home/user/.m2/repository/com/sun/jersey/jersey-client/1.19/jersey-client-1.19.jar:/home/user/.m2/repository/com/sun/jersey/contribs/jersey-guice/1.19/jersey-guice-1.19.jar:/home/user/.m2/repository/com/fasterxml/jackson/jaxrs/jackson-jaxrs-json-provider/2.9.9/jackson-jaxrs-json-provider-2.9.9.jar:/home/user/.m2/repository/com/fasterxml/jackson/jaxrs/jackson-jaxrs-base/2.9.9/jackson-jaxrs-base-2.9.9.jar:/home/user/.m2/repository/org/apache/hadoop/hadoop-yarn-client/3.2.0/hadoop-yarn-client-3.2.0.jar:/home/user/.m2/repository/org/apache/hadoop/hadoop-mapreduce-client-core/3.2.0/hadoop-mapreduce-client-core-3.2.0.jar:/home/user/.m2/repository/com/google/inject/extensions/guice-servlet/4.0/guice-servlet-4.0.jar:/home/user/.m2/repository/org/powermock/powermock-module-junit4/1.6.5/powermock-module-junit4-1.6.5.jar:/home/user/.m2/repository/org/powermock/powermock-module-junit4-common/1.6.5/powermock-module-junit4-common-1.6.5.jar:/home/user/.m2/repository/org/powermock/powermock-core/1.6.5/powermock-core-1.6.5.jar:/home/user/.m2/repository/org/powermock/powermock-reflect/1.6.5/powermock-reflect-1.6.5.jar:/home/user/.m2/repository/org/powermock/powermock-api-mockito/1.6.5/powermock-api-mockito-1.6.5.jar:/home/user/.m2/repository/org/mockito/mockito-core/1.10.19/mockito-core-1.10.19.jar:/home/user/.m2/repository/org/objenesis/objenesis/1.0/objenesis-1.0.jar:/home/user/.m2/repository/org/powermock/powermock-api-mockito-common/1.6.5/powermock-api-mockito-common-1.6.5.jar:/home/user/.m2/repository/org/powermock/powermock-api-support/1.6.5/powermock-api-support-1.6.5.jar:"/>
    <property name="java.vm.vendor" value="IcedTea"/>
    <property name="sun.arch.data.model" value="64"/>
    <property name="test.build.dir" value="/workdir/hadoop-ozone/ozonefs/target/test-dir"/>
    <property name="test.cache.data" value=""/>
    <property name="java.vendor.url" value="https://icedtea.classpath.org"/>
    <property name="user.timezone" value=""/>
    <property name="java.vm.specification.version" value="1.8"/>
    <property name="os.name" value="Linux"/>
    <property name="test.build.data" value="/workdir/hadoop-ozone/ozonefs/target/test-dir"/>
    <property name="user.country" value="US"/>
    <property name="sun.java.launcher" value="SUN_STANDARD"/>
    <property name="sun.boot.library.path" value="/usr/lib/jvm/java-1.8-openjdk/jre/lib/amd64"/>
    <property name="sun.java.command" value="/workdir/hadoop-ozone/ozonefs/target/surefire/surefirebooter83564396662219108.jar /workdir/hadoop-ozone/ozonefs/target/surefire 2019-09-19T08-26-38_807-jvmRun1 surefire6775370600396212199tmp surefire_966548253354264076091tmp"/>
    <property name="test" value="!TestMiniChaosOzoneCluster"/>
    <property name="surefire.test.class.path" value="/workdir/hadoop-ozone/ozonefs/target/test-classes:/workdir/hadoop-ozone/ozonefs/target/classes:/home/user/.m2/repository/org/apache/hadoop/hadoop-common/3.2.0/hadoop-common-3.2.0.jar:/home/user/.m2/repository/org/apache/hadoop/hadoop-annotations/3.2.0/hadoop-annotations-3.2.0.jar:/usr/lib/jvm/java-1.8-openjdk/jre/../lib/tools.jar:/home/user/.m2/repository/com/google/guava/guava/11.0.2/guava-11.0.2.jar:/home/user/.m2/repository/commons-cli/commons-cli/1.2/commons-cli-1.2.jar:/home/user/.m2/repository/org/apache/commons/commons-math3/3.1.1/commons-math3-3.1.1.jar:/home/user/.m2/repository/org/apache/httpcomponents/httpclient/4.5.2/httpclient-4.5.2.jar:/home/user/.m2/repository/org/apache/httpcomponents/httpcore/4.4.4/httpcore-4.4.4.jar:/home/user/.m2/repository/commons-codec/commons-codec/1.11/commons-codec-1.11.jar:/home/user/.m2/repository/commons-io/commons-io/2.5/commons-io-2.5.jar:/home/user/.m2/repository/commons-net/commons-net/3.6/commons-net-3.6.jar:/home/user/.m2/repository/commons-collections/commons-collections/3.2.2/commons-collections-3.2.2.jar:/home/user/.m2/repository/javax/servlet/javax.servlet-api/3.1.0/javax.servlet-api-3.1.0.jar:/home/user/.m2/repository/org/eclipse/jetty/jetty-server/9.3.24.v20180605/jetty-server-9.3.24.v20180605.jar:/home/user/.m2/repository/org/eclipse/jetty/jetty-http/9.3.24.v20180605/jetty-http-9.3.24.v20180605.jar:/home/user/.m2/repository/org/eclipse/jetty/jetty-io/9.3.24.v20180605/jetty-io-9.3.24.v20180605.jar:/home/user/.m2/repository/org/eclipse/jetty/jetty-util/9.3.24.v20180605/jetty-util-9.3.24.v20180605.jar:/home/user/.m2/repository/org/eclipse/jetty/jetty-servlet/9.3.24.v20180605/jetty-servlet-9.3.24.v20180605.jar:/home/user/.m2/repository/org/eclipse/jetty/jetty-security/9.3.24.v20180605/jetty-security-9.3.24.v20180605.jar:/home/user/.m2/repository/org/eclipse/jetty/jetty-webapp/9.3.24.v20180605/jetty-webapp-9.3.24.v20180605.jar:/home/user/.m2/repository/org/eclipse/jetty/jetty-xml/9.3.24.v20180605/jetty-xml-9.3.24.v20180605.jar:/home/user/.m2/repository/javax/servlet/jsp/jsp-api/2.1/jsp-api-2.1.jar:/home/user/.m2/repository/com/sun/jersey/jersey-core/1.19/jersey-core-1.19.jar:/home/user/.m2/repository/javax/ws/rs/jsr311-api/1.1.1/jsr311-api-1.1.1.jar:/home/user/.m2/repository/com/sun/jersey/jersey-servlet/1.19/jersey-servlet-1.19.jar:/home/user/.m2/repository/com/sun/jersey/jersey-json/1.19/jersey-json-1.19.jar:/home/user/.m2/repository/org/codehaus/jettison/jettison/1.1/jettison-1.1.jar:/home/user/.m2/repository/com/sun/xml/bind/jaxb-impl/2.3.0.1/jaxb-impl-2.3.0.1.jar:/home/user/.m2/repository/org/codehaus/jackson/jackson-core-asl/1.9.13/jackson-core-asl-1.9.13.jar:/home/user/.m2/repository/org/codehaus/jackson/jackson-mapper-asl/1.9.13/jackson-mapper-asl-1.9.13.jar:/home/user/.m2/repository/org/codehaus/jackson/jackson-jaxrs/1.9.13/jackson-jaxrs-1.9.13.jar:/home/user/.m2/repository/org/codehaus/jackson/jackson-xc/1.9.13/jackson-xc-1.9.13.jar:/home/user/.m2/repository/com/sun/jersey/jersey-server/1.19/jersey-server-1.19.jar:/home/user/.m2/repository/commons-logging/commons-logging/1.1.3/commons-logging-1.1.3.jar:/home/user/.m2/repository/log4j/log4j/1.2.17/log4j-1.2.17.jar:/home/user/.m2/repository/commons-beanutils/commons-beanutils/1.9.4/commons-beanutils-1.9.4.jar:/home/user/.m2/repository/org/apache/commons/commons-configuration2/2.1.1/commons-configuration2-2.1.1.jar:/home/user/.m2/repository/org/apache/commons/commons-lang3/3.7/commons-lang3-3.7.jar:/home/user/.m2/repository/org/apache/commons/commons-text/1.4/commons-text-1.4.jar:/home/user/.m2/repository/org/slf4j/slf4j-api/1.7.25/slf4j-api-1.7.25.jar:/home/user/.m2/repository/org/slf4j/slf4j-log4j12/1.7.25/slf4j-log4j12-1.7.25.jar:/home/user/.m2/repository/org/apache/avro/avro/1.7.7/avro-1.7.7.jar:/home/user/.m2/repository/com/thoughtworks/paranamer/paranamer/2.3/paranamer-2.3.jar:/home/user/.m2/repository/org/xerial/snappy/snappy-java/1.0.5/snappy-java-1.0.5.jar:/home/user/.m2/repository/com/google/re2j/re2j/1.1/re2j-1.1.jar:/home/user/.m2/repository/com/google/protobuf/protobuf-java/2.5.0/protobuf-java-2.5.0.jar:/home/user/.m2/repository/com/google/code/gson/gson/2.2.4/gson-2.2.4.jar:/home/user/.m2/repository/org/apache/hadoop/hadoop-auth/3.2.0/hadoop-auth-3.2.0.jar:/home/user/.m2/repository/com/nimbusds/nimbus-jose-jwt/4.41.1/nimbus-jose-jwt-4.41.1.jar:/home/user/.m2/repository/com/github/stephenc/jcip/jcip-annotations/1.0-1/jcip-annotations-1.0-1.jar:/home/user/.m2/repository/net/minidev/json-smart/2.3/json-smart-2.3.jar:/home/user/.m2/repository/net/minidev/accessors-smart/1.2/accessors-smart-1.2.jar:/home/user/.m2/repository/org/apache/curator/curator-framework/2.12.0/curator-framework-2.12.0.jar:/home/user/.m2/repository/com/jcraft/jsch/0.1.54/jsch-0.1.54.jar:/home/user/.m2/repository/org/apache/curator/curator-client/2.12.0/curator-client-2.12.0.jar:/home/user/.m2/repository/org/apache/curator/curator-recipes/2.12.0/curator-recipes-2.12.0.jar:/home/user/.m2/repository/com/google/code/findbugs/jsr305/3.0.0/jsr305-3.0.0.jar:/home/user/.m2/repository/org/apache/htrace/htrace-core4/4.1.0-incubating/htrace-core4-4.1.0-incubating.jar:/home/user/.m2/repository/org/apache/zookeeper/zookeeper/3.4.13/zookeeper-3.4.13.jar:/home/user/.m2/repository/org/apache/yetus/audience-annotations/0.5.0/audience-annotations-0.5.0.jar:/home/user/.m2/repository/org/apache/commons/commons-compress/1.4.1/commons-compress-1.4.1.jar:/home/user/.m2/repository/org/tukaani/xz/1.0/xz-1.0.jar:/home/user/.m2/repository/org/apache/kerby/kerb-simplekdc/1.0.1/kerb-simplekdc-1.0.1.jar:/home/user/.m2/repository/org/apache/kerby/kerb-client/1.0.1/kerb-client-1.0.1.jar:/home/user/.m2/repository/org/apache/kerby/kerby-config/1.0.1/kerby-config-1.0.1.jar:/home/user/.m2/repository/org/apache/kerby/kerb-core/1.0.1/kerb-core-1.0.1.jar:/home/user/.m2/repository/org/apache/kerby/kerby-pkix/1.0.1/kerby-pkix-1.0.1.jar:/home/user/.m2/repository/org/apache/kerby/kerby-asn1/1.0.1/kerby-asn1-1.0.1.jar:/home/user/.m2/repository/org/apache/kerby/kerby-util/1.0.1/kerby-util-1.0.1.jar:/home/user/.m2/repository/org/apache/kerby/kerb-common/1.0.1/kerb-common-1.0.1.jar:/home/user/.m2/repository/org/apache/kerby/kerb-crypto/1.0.1/kerb-crypto-1.0.1.jar:/home/user/.m2/repository/org/apache/kerby/kerb-util/1.0.1/kerb-util-1.0.1.jar:/home/user/.m2/repository/org/apache/kerby/token-provider/1.0.1/token-provider-1.0.1.jar:/home/user/.m2/repository/org/apache/kerby/kerb-admin/1.0.1/kerb-admin-1.0.1.jar:/home/user/.m2/repository/org/apache/kerby/kerb-server/1.0.1/kerb-server-1.0.1.jar:/home/user/.m2/repository/org/apache/kerby/kerb-identity/1.0.1/kerb-identity-1.0.1.jar:/home/user/.m2/repository/org/apache/kerby/kerby-xdr/1.0.1/kerby-xdr-1.0.1.jar:/home/user/.m2/repository/com/fasterxml/jackson/core/jackson-databind/2.9.9/jackson-databind-2.9.9.jar:/home/user/.m2/repository/com/fasterxml/jackson/core/jackson-annotations/2.9.9/jackson-annotations-2.9.9.jar:/home/user/.m2/repository/com/fasterxml/jackson/core/jackson-core/2.9.9/jackson-core-2.9.9.jar:/home/user/.m2/repository/org/codehaus/woodstox/stax2-api/3.1.4/stax2-api-3.1.4.jar:/home/user/.m2/repository/com/fasterxml/woodstox/woodstox-core/5.0.3/woodstox-core-5.0.3.jar:/home/user/.m2/repository/dnsjava/dnsjava/2.1.7/dnsjava-2.1.7.jar:/home/user/.m2/repository/org/apache/hadoop/hadoop-hdfs/3.2.0/hadoop-hdfs-3.2.0.jar:/home/user/.m2/repository/org/eclipse/jetty/jetty-util-ajax/9.3.24.v20180605/jetty-util-ajax-9.3.24.v20180605.jar:/home/user/.m2/repository/commons-daemon/commons-daemon/1.0.13/commons-daemon-1.0.13.jar:/home/user/.m2/repository/io/netty/netty/3.10.5.Final/netty-3.10.5.Final.jar:/home/user/.m2/repository/io/netty/netty-all/4.0.52.Final/netty-all-4.0.52.Final.jar:/home/user/.m2/repository/org/fusesource/leveldbjni/leveldbjni-all/1.8/leveldbjni-all-1.8.jar:/home/user/.m2/repository/org/apache/hadoop/hadoop-hdds-common/0.5.0-SNAPSHOT/hadoop-hdds-common-0.5.0-SNAPSHOT.jar:/home/user/.m2/repository/org/apache/hadoop/hadoop-hdds-config/0.5.0-SNAPSHOT/hadoop-hdds-config-0.5.0-SNAPSHOT.jar:/home/user/.m2/repository/javax/annotation/javax.annotation-api/1.2/javax.annotation-api-1.2.jar:/home/user/.m2/repository/org/apache/ratis/ratis-server/0.4.0-78e95b9-SNAPSHOT/ratis-server-0.4.0-78e95b9-SNAPSHOT.jar:/home/user/.m2/repository/org/apache/ratis/ratis-thirdparty-misc/0.2.0/ratis-thirdparty-misc-0.2.0.jar:/home/user/.m2/repository/org/apache/ratis/ratis-proto/0.4.0-78e95b9-SNAPSHOT/ratis-proto-0.4.0-78e95b9-SNAPSHOT.jar:/home/user/.m2/repository/org/apache/ratis/ratis-common/0.4.0-78e95b9-SNAPSHOT/ratis-common-0.4.0-78e95b9-SNAPSHOT.jar:/home/user/.m2/repository/org/apache/ratis/ratis-client/0.4.0-78e95b9-SNAPSHOT/ratis-client-0.4.0-78e95b9-SNAPSHOT.jar:/home/user/.m2/repository/org/apache/ratis/ratis-metrics/0.4.0-78e95b9-SNAPSHOT/ratis-metrics-0.4.0-78e95b9-SNAPSHOT.jar:/home/user/.m2/repository/com/github/joshelser/dropwizard-metrics-hadoop-metrics2-reporter/0.1.2/dropwizard-metrics-hadoop-metrics2-reporter-0.1.2.jar:/home/user/.m2/repository/io/dropwizard/metrics/metrics-jvm/3.2.5/metrics-jvm-3.2.5.jar:/home/user/.m2/repository/io/dropwizard/metrics/metrics-ganglia/3.2.5/metrics-ganglia-3.2.5.jar:/home/user/.m2/repository/info/ganglia/gmetric4j/gmetric4j/1.0.7/gmetric4j-1.0.7.jar:/home/user/.m2/repository/org/apache/ratis/ratis-netty/0.4.0-78e95b9-SNAPSHOT/ratis-netty-0.4.0-78e95b9-SNAPSHOT.jar:/home/user/.m2/repository/org/apache/ratis/ratis-grpc/0.4.0-78e95b9-SNAPSHOT/ratis-grpc-0.4.0-78e95b9-SNAPSHOT.jar:/home/user/.m2/repository/org/rocksdb/rocksdbjni/6.0.1/rocksdbjni-6.0.1.jar:/home/user/.m2/repository/org/apache/logging/log4j/log4j-api/2.11.0/log4j-api-2.11.0.jar:/home/user/.m2/repository/org/apache/logging/log4j/log4j-core/2.11.0/log4j-core-2.11.0.jar:/home/user/.m2/repository/com/lmax/disruptor/3.4.2/disruptor-3.4.2.jar:/home/user/.m2/repository/org/apache/commons/commons-pool2/2.6.0/commons-pool2-2.6.0.jar:/home/user/.m2/repository/org/bouncycastle/bcpkix-jdk15on/1.60/bcpkix-jdk15on-1.60.jar:/home/user/.m2/repository/commons-validator/commons-validator/1.6/commons-validator-1.6.jar:/home/user/.m2/repository/commons-digester/commons-digester/1.8.1/commons-digester-1.8.1.jar:/home/user/.m2/repository/io/jaegertracing/jaeger-client/0.33.1/jaeger-client-0.33.1.jar:/home/user/.m2/repository/io/jaegertracing/jaeger-thrift/0.33.1/jaeger-thrift-0.33.1.jar:/home/user/.m2/repository/org/apache/thrift/libthrift/0.11.0/libthrift-0.11.0.jar:/home/user/.m2/repository/com/squareup/okhttp3/okhttp/3.9.0/okhttp-3.9.0.jar:/home/user/.m2/repository/com/squareup/okio/okio/1.13.0/okio-1.13.0.jar:/home/user/.m2/repository/io/jaegertracing/jaeger-core/0.33.1/jaeger-core-0.33.1.jar:/home/user/.m2/repository/io/jaegertracing/jaeger-tracerresolver/0.33.1/jaeger-tracerresolver-0.33.1.jar:/home/user/.m2/repository/io/opentracing/contrib/opentracing-tracerresolver/0.1.5/opentracing-tracerresolver-0.1.5.jar:/home/user/.m2/repository/io/opentracing/opentracing-util/0.31.0/opentracing-util-0.31.0.jar:/home/user/.m2/repository/io/opentracing/opentracing-api/0.31.0/opentracing-api-0.31.0.jar:/home/user/.m2/repository/io/opentracing/opentracing-noop/0.31.0/opentracing-noop-0.31.0.jar:/home/user/.m2/repository/org/yaml/snakeyaml/1.16/snakeyaml-1.16.jar:/home/user/.m2/repository/org/apache/hadoop/hadoop-hdfs-client/3.2.0/hadoop-hdfs-client-3.2.0.jar:/home/user/.m2/repository/info/picocli/picocli/3.9.6/picocli-3.9.6.jar:/home/user/.m2/repository/org/apache/hadoop/hadoop-hdds-server-scm/0.5.0-SNAPSHOT/hadoop-hdds-server-scm-0.5.0-SNAPSHOT.jar:/home/user/.m2/repository/org/apache/hadoop/hadoop-hdds-docs/0.5.0-SNAPSHOT/hadoop-hdds-docs-0.5.0-SNAPSHOT.jar:/home/user/.m2/repository/io/dropwizard/metrics/metrics-core/3.2.4/metrics-core-3.2.4.jar:/home/user/.m2/repository/org/hamcrest/hamcrest-all/1.3/hamcrest-all-1.3.jar:/home/user/.m2/repository/org/bouncycastle/bcprov-jdk15on/1.60/bcprov-jdk15on-1.60.jar:/home/user/.m2/repository/org/apache/hadoop/hadoop-hdds-server-framework/0.5.0-SNAPSHOT/hadoop-hdds-server-framework-0.5.0-SNAPSHOT.jar:/home/user/.m2/repository/org/apache/hadoop/hadoop-ozone-ozone-manager/0.5.0-SNAPSHOT/hadoop-ozone-ozone-manager-0.5.0-SNAPSHOT.jar:/home/user/.m2/repository/org/apache/hadoop/hadoop-hdds-container-service/0.5.0-SNAPSHOT/hadoop-hdds-container-service-0.5.0-SNAPSHOT.jar:/home/user/.m2/repository/org/apache/hadoop/hadoop-hdds-client/0.5.0-SNAPSHOT/hadoop-hdds-client-0.5.0-SNAPSHOT.jar:/home/user/.m2/repository/org/apache/hadoop/hadoop-ozone-common/0.5.0-SNAPSHOT/hadoop-ozone-common-0.5.0-SNAPSHOT.jar:/home/user/.m2/repository/org/apache/hadoop/hadoop-hdds-tools/0.5.0-SNAPSHOT/hadoop-hdds-tools-0.5.0-SNAPSHOT.jar:/home/user/.m2/repository/org/xerial/sqlite-jdbc/3.25.2/sqlite-jdbc-3.25.2.jar:/home/user/.m2/repository/com/google/code/findbugs/findbugs/3.0.1/findbugs-3.0.1.jar:/home/user/.m2/repository/net/jcip/jcip-annotations/1.0/jcip-annotations-1.0.jar:/home/user/.m2/repository/com/google/code/findbugs/bcel-findbugs/6.0/bcel-findbugs-6.0.jar:/home/user/.m2/repository/com/google/code/findbugs/jFormatString/2.0.1/jFormatString-2.0.1.jar:/home/user/.m2/repository/dom4j/dom4j/1.6.1/dom4j-1.6.1.jar:/home/user/.m2/repository/xml-apis/xml-apis/1.0.b2/xml-apis-1.0.b2.jar:/home/user/.m2/repository/org/ow2/asm/asm-debug-all/5.0.2/asm-debug-all-5.0.2.jar:/home/user/.m2/repository/org/ow2/asm/asm-commons/5.0.2/asm-commons-5.0.2.jar:/home/user/.m2/repository/org/ow2/asm/asm-tree/5.0.2/asm-tree-5.0.2.jar:/home/user/.m2/repository/org/ow2/asm/asm/5.0.4/asm-5.0.4.jar:/home/user/.m2/repository/commons-lang/commons-lang/2.6/commons-lang-2.6.jar:/home/user/.m2/repository/com/apple/AppleJavaExtensions/1.4/AppleJavaExtensions-1.4.jar:/home/user/.m2/repository/jaxen/jaxen/1.1.6/jaxen-1.1.6.jar:/home/user/.m2/repository/org/apache/hadoop/hadoop-common/3.2.0/hadoop-common-3.2.0-tests.jar:/home/user/.m2/repository/org/apache/hadoop/hadoop-ozone-client/0.5.0-SNAPSHOT/hadoop-ozone-client-0.5.0-SNAPSHOT.jar:/home/user/.m2/repository/org/apache/hadoop/hadoop-hdfs/3.2.0/hadoop-hdfs-3.2.0-tests.jar:/workdir/hadoop-ozone/integration-test/target/test-classes:/home/user/.m2/repository/org/apache/hadoop/hadoop-ozone-s3gateway/0.5.0-SNAPSHOT/hadoop-ozone-s3gateway-0.5.0-SNAPSHOT.jar:/home/user/.m2/repository/org/jboss/weld/servlet/weld-servlet/2.4.7.Final/weld-servlet-2.4.7.Final.jar:/home/user/.m2/repository/org/glassfish/jersey/containers/jersey-container-servlet-core/2.27/jersey-container-servlet-core-2.27.jar:/home/user/.m2/repository/org/glassfish/hk2/external/javax.inject/2.5.0-b42/javax.inject-2.5.0-b42.jar:/home/user/.m2/repository/org/glassfish/jersey/core/jersey-common/2.27/jersey-common-2.27.jar:/home/user/.m2/repository/org/glassfish/hk2/osgi-resource-locator/1.0.1/osgi-resource-locator-1.0.1.jar:/home/user/.m2/repository/javax/ws/rs/javax.ws.rs-api/2.1/javax.ws.rs-api-2.1.jar:/home/user/.m2/repository/org/glassfish/jersey/ext/cdi/jersey-cdi1x/2.27/jersey-cdi1x-2.27.jar:/home/user/.m2/repository/org/glassfish/jersey/inject/jersey-hk2/2.27/jersey-hk2-2.27.jar:/home/user/.m2/repository/org/glassfish/hk2/hk2-locator/2.5.0-b42/hk2-locator-2.5.0-b42.jar:/home/user/.m2/repository/org/javassist/javassist/3.22.0-CR2/javassist-3.22.0-CR2.jar:/home/user/.m2/repository/org/glassfish/hk2/hk2-api/2.5.0/hk2-api-2.5.0.jar:/home/user/.m2/repository/org/glassfish/hk2/external/jakarta.inject/2.5.0/jakarta.inject-2.5.0.jar:/home/user/.m2/repository/org/glassfish/hk2/hk2-utils/2.5.0/hk2-utils-2.5.0.jar:/home/user/.m2/repository/jakarta/annotation/jakarta.annotation-api/1.3.4/jakarta.annotation-api-1.3.4.jar:/home/user/.m2/repository/org/glassfish/hk2/external/aopalliance-repackaged/2.5.0/aopalliance-repackaged-2.5.0.jar:/home/user/.m2/repository/com/fasterxml/jackson/dataformat/jackson-dataformat-xml/2.9.0/jackson-dataformat-xml-2.9.0.jar:/home/user/.m2/repository/com/fasterxml/jackson/module/jackson-module-jaxb-annotations/2.9.9/jackson-module-jaxb-annotations-2.9.9.jar:/home/user/.m2/repository/javax/enterprise/cdi-api/1.2/cdi-api-1.2.jar:/home/user/.m2/repository/javax/el/javax.el-api/3.0.0/javax.el-api-3.0.0.jar:/home/user/.m2/repository/javax/interceptor/javax.interceptor-api/1.2/javax.interceptor-api-1.2.jar:/home/user/.m2/repository/javax/inject/javax.inject/1/javax.inject-1.jar:/home/user/.m2/repository/com/sun/xml/bind/jaxb-core/2.3.0.1/jaxb-core-2.3.0.1.jar:/home/user/.m2/repository/javax/xml/bind/jaxb-api/2.3.0/jaxb-api-2.3.0.jar:/home/user/.m2/repository/javax/activation/activation/1.1.1/activation-1.1.1.jar:/home/user/.m2/repository/org/apache/hadoop/hadoop-ozone-csi/0.5.0-SNAPSHOT/hadoop-ozone-csi-0.5.0-SNAPSHOT.jar:/home/user/.m2/repository/com/google/protobuf/protobuf-java-util/3.5.1/protobuf-java-util-3.5.1.jar:/home/user/.m2/repository/io/grpc/grpc-netty/1.17.1/grpc-netty-1.17.1.jar:/home/user/.m2/repository/io/grpc/grpc-core/1.17.1/grpc-core-1.17.1.jar:/home/user/.m2/repository/io/grpc/grpc-context/1.17.1/grpc-context-1.17.1.jar:/home/user/.m2/repository/com/google/errorprone/error_prone_annotations/2.2.0/error_prone_annotations-2.2.0.jar:/home/user/.m2/repository/org/codehaus/mojo/animal-sniffer-annotations/1.17/animal-sniffer-annotations-1.17.jar:/home/user/.m2/repository/io/opencensus/opencensus-api/0.17.0/opencensus-api-0.17.0.jar:/home/user/.m2/repository/io/opencensus/opencensus-contrib-grpc-metrics/0.17.0/opencensus-contrib-grpc-metrics-0.17.0.jar:/home/user/.m2/repository/io/netty/netty-codec-http2/4.1.30.Final/netty-codec-http2-4.1.30.Final.jar:/home/user/.m2/repository/io/netty/netty-codec-http/4.1.30.Final/netty-codec-http-4.1.30.Final.jar:/home/user/.m2/repository/io/netty/netty-codec/4.1.30.Final/netty-codec-4.1.30.Final.jar:/home/user/.m2/repository/io/netty/netty-handler/4.1.30.Final/netty-handler-4.1.30.Final.jar:/home/user/.m2/repository/io/netty/netty-handler-proxy/4.1.30.Final/netty-handler-proxy-4.1.30.Final.jar:/home/user/.m2/repository/io/netty/netty-codec-socks/4.1.30.Final/netty-codec-socks-4.1.30.Final.jar:/home/user/.m2/repository/io/netty/netty-transport-native-epoll/4.1.30.Final/netty-transport-native-epoll-4.1.30.Final.jar:/home/user/.m2/repository/io/netty/netty-common/4.1.30.Final/netty-common-4.1.30.Final.jar:/home/user/.m2/repository/io/netty/netty-buffer/4.1.30.Final/netty-buffer-4.1.30.Final.jar:/home/user/.m2/repository/io/netty/netty-transport/4.1.30.Final/netty-transport-4.1.30.Final.jar:/home/user/.m2/repository/io/netty/netty-resolver/4.1.30.Final/netty-resolver-4.1.30.Final.jar:/home/user/.m2/repository/io/netty/netty-transport-native-unix-common/4.1.30.Final/netty-transport-native-unix-common-4.1.30.Final.jar:/home/user/.m2/repository/io/grpc/grpc-protobuf/1.17.1/grpc-protobuf-1.17.1.jar:/home/user/.m2/repository/com/google/api/grpc/proto-google-common-protos/1.0.0/proto-google-common-protos-1.0.0.jar:/home/user/.m2/repository/io/grpc/grpc-protobuf-lite/1.17.1/grpc-protobuf-lite-1.17.1.jar:/home/user/.m2/repository/io/grpc/grpc-stub/1.17.1/grpc-stub-1.17.1.jar:/home/user/.m2/repository/org/apache/hadoop/hadoop-ozone-recon/0.5.0-SNAPSHOT/hadoop-ozone-recon-0.5.0-SNAPSHOT.jar:/home/user/.m2/repository/org/apache/hadoop/hadoop-ozone-reconcodegen/0.5.0-SNAPSHOT/hadoop-ozone-reconcodegen-0.5.0-SNAPSHOT.jar:/home/user/.m2/repository/com/google/inject/extensions/guice-multibindings/4.0/guice-multibindings-4.0.jar:/home/user/.m2/repository/com/google/inject/guice/4.0/guice-4.0.jar:/home/user/.m2/repository/aopalliance/aopalliance/1.0/aopalliance-1.0.jar:/home/user/.m2/repository/org/glassfish/jersey/containers/jersey-container-servlet/2.27/jersey-container-servlet-2.27.jar:/home/user/.m2/repository/org/glassfish/hk2/guice-bridge/2.5.0/guice-bridge-2.5.0.jar:/home/user/.m2/repository/org/glassfish/jersey/core/jersey-server/2.27/jersey-server-2.27.jar:/home/user/.m2/repository/org/glassfish/jersey/core/jersey-client/2.27/jersey-client-2.27.jar:/home/user/.m2/repository/org/glassfish/jersey/media/jersey-media-jaxb/2.27/jersey-media-jaxb-2.27.jar:/home/user/.m2/repository/javax/validation/validation-api/1.1.0.Final/validation-api-1.1.0.Final.jar:/home/user/.m2/repository/org/glassfish/jersey/media/jersey-media-json-jackson/2.27/jersey-media-json-jackson-2.27.jar:/home/user/.m2/repository/org/glassfish/jersey/ext/jersey-entity-filtering/2.27/jersey-entity-filtering-2.27.jar:/home/user/.m2/repository/com/google/inject/extensions/guice-assistedinject/4.0/guice-assistedinject-4.0.jar:/home/user/.m2/repository/org/jooq/jooq/3.11.10/jooq-3.11.10.jar:/home/user/.m2/repository/org/jooq/jooq-meta/3.11.10/jooq-meta-3.11.10.jar:/home/user/.m2/repository/org/jooq/jooq-codegen/3.11.10/jooq-codegen-3.11.10.jar:/home/user/.m2/repository/com/jolbox/bonecp/0.8.0.RELEASE/bonecp-0.8.0.RELEASE.jar:/home/user/.m2/repository/org/springframework/spring-jdbc/5.1.3.RELEASE/spring-jdbc-5.1.3.RELEASE.jar:/home/user/.m2/repository/org/springframework/spring-beans/5.1.3.RELEASE/spring-beans-5.1.3.RELEASE.jar:/home/user/.m2/repository/org/springframework/spring-core/5.1.3.RELEASE/spring-core-5.1.3.RELEASE.jar:/home/user/.m2/repository/org/springframework/spring-jcl/5.1.3.RELEASE/spring-jcl-5.1.3.RELEASE.jar:/home/user/.m2/repository/org/springframework/spring-tx/5.1.3.RELEASE/spring-tx-5.1.3.RELEASE.jar:/home/user/.m2/repository/org/mockito/mockito-all/1.10.19/mockito-all-1.10.19.jar:/home/user/.m2/repository/junit/junit/4.11/junit-4.11.jar:/home/user/.m2/repository/org/hamcrest/hamcrest-core/1.3/hamcrest-core-1.3.jar:/home/user/.m2/repository/org/apache/hadoop/hadoop-distcp/3.2.0/hadoop-distcp-3.2.0.jar:/home/user/.m2/repository/org/apache/hadoop/hadoop-distcp/3.2.0/hadoop-distcp-3.2.0-tests.jar:/home/user/.m2/repository/org/apache/hadoop/hadoop-mapreduce-client-jobclient/3.2.0/hadoop-mapreduce-client-jobclient-3.2.0.jar:/home/user/.m2/repository/org/apache/hadoop/hadoop-mapreduce-client-common/3.2.0/hadoop-mapreduce-client-common-3.2.0.jar:/home/user/.m2/repository/org/apache/hadoop/hadoop-yarn-common/3.2.0/hadoop-yarn-common-3.2.0.jar:/home/user/.m2/repository/org/apache/hadoop/hadoop-yarn-api/3.2.0/hadoop-yarn-api-3.2.0.jar:/home/user/.m2/repository/com/sun/jersey/jersey-client/1.19/jersey-client-1.19.jar:/home/user/.m2/repository/com/sun/jersey/contribs/jersey-guice/1.19/jersey-guice-1.19.jar:/home/user/.m2/repository/com/fasterxml/jackson/jaxrs/jackson-jaxrs-json-provider/2.9.9/jackson-jaxrs-json-provider-2.9.9.jar:/home/user/.m2/repository/com/fasterxml/jackson/jaxrs/jackson-jaxrs-base/2.9.9/jackson-jaxrs-base-2.9.9.jar:/home/user/.m2/repository/org/apache/hadoop/hadoop-yarn-client/3.2.0/hadoop-yarn-client-3.2.0.jar:/home/user/.m2/repository/org/apache/hadoop/hadoop-mapreduce-client-core/3.2.0/hadoop-mapreduce-client-core-3.2.0.jar:/home/user/.m2/repository/com/google/inject/extensions/guice-servlet/4.0/guice-servlet-4.0.jar:/home/user/.m2/repository/org/powermock/powermock-module-junit4/1.6.5/powermock-module-junit4-1.6.5.jar:/home/user/.m2/repository/org/powermock/powermock-module-junit4-common/1.6.5/powermock-module-junit4-common-1.6.5.jar:/home/user/.m2/repository/org/powermock/powermock-core/1.6.5/powermock-core-1.6.5.jar:/home/user/.m2/repository/org/powermock/powermock-reflect/1.6.5/powermock-reflect-1.6.5.jar:/home/user/.m2/repository/org/powermock/powermock-api-mockito/1.6.5/powermock-api-mockito-1.6.5.jar:/home/user/.m2/repository/org/mockito/mockito-core/1.10.19/mockito-core-1.10.19.jar:/home/user/.m2/repository/org/objenesis/objenesis/1.0/objenesis-1.0.jar:/home/user/.m2/repository/org/powermock/powermock-api-mockito-common/1.6.5/powermock-api-mockito-common-1.6.5.jar:/home/user/.m2/repository/org/powermock/powermock-api-support/1.6.5/powermock-api-support-1.6.5.jar:"/>
    <property name="sun.cpu.endian" value="little"/>
    <property name="user.home" value="/home/user"/>
    <property name="user.language" value="en"/>
    <property name="java.specification.vendor" value="Oracle Corporation"/>
    <property name="java.home" value="/usr/lib/jvm/java-1.8-openjdk/jre"/>
    <property name="java.security.krb5.conf" value="/workdir/hadoop-ozone/ozonefs/target/test-classes/krb5.conf"/>
    <property name="basedir" value="/workdir/hadoop-ozone/ozonefs"/>
    <property name="file.separator" value="/"/>
    <property name="line.separator" value="&#10;"/>
    <property name="java.vm.specification.vendor" value="Oracle Corporation"/>
    <property name="java.specification.name" value="Java Platform API Specification"/>
    <property name="java.awt.graphicsenv" value="sun.awt.X11GraphicsEnvironment"/>
    <property name="surefire.real.class.path" value="/workdir/hadoop-ozone/ozonefs/target/surefire/surefirebooter83564396662219108.jar"/>
    <property name="hadoop.log.dir" value="/workdir/hadoop-ozone/ozonefs/target/log"/>
    <property name="sun.boot.class.path" value="/usr/lib/jvm/java-1.8-openjdk/jre/lib/resources.jar:/usr/lib/jvm/java-1.8-openjdk/jre/lib/rt.jar:/usr/lib/jvm/java-1.8-openjdk/jre/lib/sunrsasign.jar:/usr/lib/jvm/java-1.8-openjdk/jre/lib/jsse.jar:/usr/lib/jvm/java-1.8-openjdk/jre/lib/jce.jar:/usr/lib/jvm/java-1.8-openjdk/jre/lib/charsets.jar:/usr/lib/jvm/java-1.8-openjdk/jre/lib/jfr.jar:/usr/lib/jvm/java-1.8-openjdk/jre/classes"/>
    <property name="sun.management.compiler" value="HotSpot 64-Bit Tiered Compilers"/>
    <property name="java.runtime.version" value="1.8.0_212-b04"/>
    <property name="java.net.preferIPv4Stack" value="true"/>
    <property name="user.name" value="jenkins1000"/>
    <property name="path.separator" value=":"/>
    <property name="java.security.egd" value="file:///dev/urandom"/>
    <property name="os.version" value="3.10.0-957.12.2.el7.x86_64"/>
    <property name="java.endorsed.dirs" value="/usr/lib/jvm/java-1.8-openjdk/jre/lib/endorsed"/>
    <property name="java.runtime.name" value="OpenJDK Runtime Environment"/>
    <property name="file.encoding" value="UTF-8"/>
    <property name="java.vm.name" value="OpenJDK 64-Bit Server VM"/>
    <property name="test.build.webapps" value=""/>
    <property name="localRepository" value="/home/user/.m2/repository"/>
    <property name="java.vendor.url.bug" value="https://icedtea.classpath.org/bugzilla"/>
    <property name="java.io.tmpdir" value="/tmp"/>
    <property name="require.test.libhadoop" value=""/>
    <property name="java.version" value="1.8.0_212"/>
    <property name="user.dir" value="/workdir/hadoop-ozone/ozonefs"/>
    <property name="os.arch" value="amd64"/>
    <property name="java.vm.specification.name" value="Java Virtual Machine Specification"/>
    <property name="test.build.classes" value="/workdir/hadoop-ozone/ozonefs/target/test-classes"/>
    <property name="java.awt.printerjob" value="sun.print.PSPrinterJob"/>
    <property name="sun.os.patch.level" value="unknown"/>
    <property name="hadoop.tmp.dir" value="/workdir/hadoop-ozone/ozonefs/target/tmp"/>
    <property name="java.library.path" value="/usr/lib/jvm/java-1.8-openjdk/jre/lib/amd64/server:/usr/lib/jvm/java-1.8-openjdk/jre/lib/amd64:/usr/lib/jvm/java-1.8-openjdk/jre/../lib/amd64:/workdir/hadoop-ozone/ozonefs/target/native/target/usr/local/lib:/workdir/hadoop-ozone/ozonefs/../../hadoop-common-project/hadoop-common/target/native/target/usr/local/lib:/usr/java/packages/lib/amd64:/usr/lib64:/lib64:/lib:/usr/lib"/>
    <property name="java.vm.info" value="mixed mode"/>
    <property name="java.vendor" value="IcedTea"/>
    <property name="java.vm.version" value="25.212-b04"/>
    <property name="java.ext.dirs" value="/usr/lib/jvm/java-1.8-openjdk/jre/lib/ext:/usr/java/packages/lib/ext"/>
    <property name="sun.io.unicode.encoding" value="UnicodeLittle"/>
    <property name="java.class.version" value="52.0"/>
  </properties>
  <testcase name="testListFilesEmptyDirectoryNonrecursive" classname="org.apache.hadoop.fs.ozone.contract.ITestOzoneContractGetFileStatus" time="1.134"/>
  <testcase name="testListStatusEmptyDirectory" classname="org.apache.hadoop.fs.ozone.contract.ITestOzoneContractGetFileStatus" time="0.114"/>
  <testcase name="testListLocatedStatusFiltering" classname="org.apache.hadoop.fs.ozone.contract.ITestOzoneContractGetFileStatus" time="6.79"/>
  <testcase name="testListStatusFilteredFile" classname="org.apache.hadoop.fs.ozone.contract.ITestOzoneContractGetFileStatus" time="0.112"/>
  <testcase name="testListFilesEmptyDirectoryRecursive" classname="org.apache.hadoop.fs.ozone.contract.ITestOzoneContractGetFileStatus" time="0.134"/>
  <testcase name="testListLocatedStatusFile" classname="org.apache.hadoop.fs.ozone.contract.ITestOzoneContractGetFileStatus" time="0.095"/>
  <testcase name="testGetFileStatusRoot" classname="org.apache.hadoop.fs.ozone.contract.ITestOzoneContractGetFileStatus" time="0.08"/>
  <testcase name="testListStatusFiltering" classname="org.apache.hadoop.fs.ozone.contract.ITestOzoneContractGetFileStatus" time="0.144"/>
  <testcase name="testListFilesNoDir" classname="org.apache.hadoop.fs.ozone.contract.ITestOzoneContractGetFileStatus" time="0.105"/>
  <testcase name="testListLocatedStatusEmptyDirectory" classname="org.apache.hadoop.fs.ozone.contract.ITestOzoneContractGetFileStatus" time="0.126"/>
  <testcase name="testListFilesFile" classname="org.apache.hadoop.fs.ozone.contract.ITestOzoneContractGetFileStatus" time="0.088"/>
  <testcase name="testComplexDirActions" classname="org.apache.hadoop.fs.ozone.contract.ITestOzoneContractGetFileStatus" time="180.03">
    <error message="test timed out after 180000 milliseconds" type="java.lang.Exception">java.lang.Exception: test timed out after 180000 milliseconds
	at sun.misc.Unsafe.park(Native Method)
	at java.util.concurrent.locks.LockSupport.park(LockSupport.java:175)
	at java.util.concurrent.CompletableFuture$Signaller.block(CompletableFuture.java:1693)
	at java.util.concurrent.ForkJoinPool.managedBlock(ForkJoinPool.java:3323)
	at java.util.concurrent.CompletableFuture.waitingGet(CompletableFuture.java:1729)
	at java.util.concurrent.CompletableFuture.get(CompletableFuture.java:1895)
	at org.apache.hadoop.hdds.scm.storage.BlockOutputStream.waitOnFlushFutures(BlockOutputStream.java:515)
	at org.apache.hadoop.hdds.scm.storage.BlockOutputStream.handleFlush(BlockOutputStream.java:478)
	at org.apache.hadoop.hdds.scm.storage.BlockOutputStream.close(BlockOutputStream.java:493)
	at org.apache.hadoop.ozone.client.io.BlockOutputStreamEntry.close(BlockOutputStreamEntry.java:143)
	at org.apache.hadoop.ozone.client.io.KeyOutputStream.handleFlushOrClose(KeyOutputStream.java:435)
	at org.apache.hadoop.ozone.client.io.KeyOutputStream.close(KeyOutputStream.java:473)
	at org.apache.hadoop.fs.ozone.OzoneFSOutputStream.close(OzoneFSOutputStream.java:56)
	at org.apache.hadoop.fs.FSDataOutputStream$PositionCache.close(FSDataOutputStream.java:72)
	at org.apache.hadoop.fs.FSDataOutputStream.close(FSDataOutputStream.java:101)
	at org.apache.hadoop.fs.contract.ContractTestUtils.createFile(ContractTestUtils.java:638)
	at org.apache.hadoop.fs.contract.ContractTestUtils.createSubdirs(ContractTestUtils.java:1288)
	at org.apache.hadoop.fs.contract.ContractTestUtils.createSubdirs(ContractTestUtils.java:1254)
	at org.apache.hadoop.fs.contract.AbstractContractGetFileStatusTest.createTestTree(AbstractContractGetFileStatusTest.java:409)
	at org.apache.hadoop.fs.contract.AbstractContractGetFileStatusTest.testComplexDirActions(AbstractContractGetFileStatusTest.java:143)
	at sun.reflect.NativeMethodAccessorImpl.invoke0(Native Method)
	at sun.reflect.NativeMethodAccessorImpl.invoke(NativeMethodAccessorImpl.java:62)
	at sun.reflect.DelegatingMethodAccessorImpl.invoke(DelegatingMethodAccessorImpl.java:43)
	at java.lang.reflect.Method.invoke(Method.java:498)
	at org.junit.runners.model.FrameworkMethod$1.runReflectiveCall(FrameworkMethod.java:47)
	at org.junit.internal.runners.model.ReflectiveCallable.run(ReflectiveCallable.java:12)
	at org.junit.runners.model.FrameworkMethod.invokeExplosively(FrameworkMethod.java:44)
	at org.junit.internal.runners.statements.InvokeMethod.evaluate(InvokeMethod.java:17)
	at org.junit.internal.runners.statements.RunBefores.evaluate(RunBefores.java:26)
	at org.junit.internal.runners.statements.RunAfters.evaluate(RunAfters.java:27)
	at org.junit.rules.TestWatcher$1.evaluate(TestWatcher.java:55)
	at org.junit.internal.runners.statements.FailOnTimeout$StatementThread.run(FailOnTimeout.java:74)
</error>
    <system-out><![CDATA[2019-09-19 10:42:33,667 [Thread-265] INFO  rpc.RpcClient (RpcClient.java:createVolume(303)) - Creating Volume: volume03933, with user83850 as owner.
2019-09-19 10:42:33,669 [IPC Server handler 15 on 36020] INFO  volume.OMVolumeCreateRequest (OMVolumeCreateRequest.java:validateAndUpdateCache(189)) - created volume:volume03933 for user:user83850
2019-09-19 10:42:33,670 [Thread-265] INFO  rpc.RpcClient (RpcClient.java:createBucket(442)) - Creating Bucket: volume03933/bucket12524, with Versioning false and Storage Type set to DISK and Encryption set to false 
2019-09-19 10:42:33,714 [Thread-265] INFO  contract.AbstractFSContractTestBase (AbstractFSContractTestBase.java:setup(184)) - Test filesystem = o3fs://bucket12524.volume03933 implemented by OzoneFileSystem{URI=o3fs://bucket12524.volume03933, workingDir=o3fs://bucket12524.volume03933/user/jenkins1000, userName=jenkins1000, statistics=0 bytes read, 0 bytes written, 78 read ops, 0 large read ops, 24 write ops}
2019-09-19 10:42:33,752 [Thread-265] INFO  impl.MetricsSystemImpl (MetricsSystemImpl.java:init(158)) - XceiverClientMetrics metrics system started (again)
2019-09-19 10:42:33,898 [Thread-228] INFO  impl.FollowerState (FollowerState.java:run(106)) - e89641c2-7ef1-4436-991e-ef84ba028339:group-760E5E132795 changes to CANDIDATE, lastRpcTime:5067, electionTimeout:5067ms
2019-09-19 10:42:33,899 [Thread-228] INFO  impl.RoleInfo (RoleInfo.java:shutdownFollowerState(121)) - e89641c2-7ef1-4436-991e-ef84ba028339: shutdown FollowerState
2019-09-19 10:42:33,899 [Thread-228] INFO  impl.RaftServerImpl (RaftServerImpl.java:setRole(174)) - e89641c2-7ef1-4436-991e-ef84ba028339@group-760E5E132795: changes role from  FOLLOWER to CANDIDATE at term 0 for changeToCandidate
2019-09-19 10:42:33,899 [Thread-228] INFO  impl.RoleInfo (RoleInfo.java:updateAndGet(143)) - e89641c2-7ef1-4436-991e-ef84ba028339: start LeaderElection
2019-09-19 10:42:34,049 [b186946b-7cb1-405f-b9a6-a6ba9d2e3b50@group-978694306B91-SegmentedRaftLogWorker] INFO  segmented.SegmentedRaftLogWorker (SegmentedRaftLogWorker.java:execute(569)) - b186946b-7cb1-405f-b9a6-a6ba9d2e3b50@group-978694306B91-SegmentedRaftLogWorker: created new log segment /workdir/hadoop-ozone/ozonefs/target/test-dir/MiniOzoneClusterImpl-44531fa9-7e24-4dfc-8141-5082316aa224/datanode-1/data/ratis/990e6ba6-429d-4cb7-9dd8-978694306b91/current/log_inprogress_0
2019-09-19 10:42:34,049 [e89641c2-7ef1-4436-991e-ef84ba028339@group-760E5E132795:LeaderElection3] INFO  impl.LeaderElection (LeaderElection.java:askForVotes(182)) - e89641c2-7ef1-4436-991e-ef84ba028339@group-760E5E132795:LeaderElection3: begin an election at term 1 for -1: [e89641c2-7ef1-4436-991e-ef84ba028339:192.168.5.171:43968], old=null
2019-09-19 10:42:34,050 [e89641c2-7ef1-4436-991e-ef84ba028339@group-760E5E132795:LeaderElection3] INFO  impl.RoleInfo (RoleInfo.java:shutdownLeaderElection(134)) - e89641c2-7ef1-4436-991e-ef84ba028339: shutdown LeaderElection
2019-09-19 10:42:34,050 [e89641c2-7ef1-4436-991e-ef84ba028339@group-760E5E132795:LeaderElection3] INFO  impl.RaftServerImpl (RaftServerImpl.java:setRole(174)) - e89641c2-7ef1-4436-991e-ef84ba028339@group-760E5E132795: changes role from CANDIDATE to LEADER at term 1 for changeToLeader
2019-09-19 10:42:34,050 [e89641c2-7ef1-4436-991e-ef84ba028339@group-760E5E132795:LeaderElection3] INFO  impl.RaftServerImpl (ServerState.java:setLeader(253)) - e89641c2-7ef1-4436-991e-ef84ba028339@group-760E5E132795: change Leader from null to e89641c2-7ef1-4436-991e-ef84ba028339 at term 1 for becomeLeader, leader elected after 5261ms
2019-09-19 10:42:34,053 [e89641c2-7ef1-4436-991e-ef84ba028339@group-760E5E132795:LeaderElection3] INFO  server.RaftServerConfigKeys (ConfUtils.java:logGet(43)) - raft.server.staging.catchup.gap = 1000 (default)
2019-09-19 10:42:34,053 [e89641c2-7ef1-4436-991e-ef84ba028339@group-760E5E132795:LeaderElection3] INFO  server.RaftServerConfigKeys (ConfUtils.java:logGet(43)) - raft.server.rpc.sleep.time = 25ms (default)
2019-09-19 10:42:34,053 [e89641c2-7ef1-4436-991e-ef84ba028339@group-760E5E132795:LeaderElection3] INFO  server.RaftServerConfigKeys (ConfUtils.java:logGet(43)) - raft.server.write.element-limit = 4096 (default)
2019-09-19 10:42:34,053 [e89641c2-7ef1-4436-991e-ef84ba028339@group-760E5E132795:LeaderElection3] INFO  server.RaftServerConfigKeys (ConfUtils.java:logGet(43)) - raft.server.watch.timeout = 10s (default)
2019-09-19 10:42:34,053 [e89641c2-7ef1-4436-991e-ef84ba028339@group-760E5E132795:LeaderElection3] INFO  server.RaftServerConfigKeys (ConfUtils.java:logGet(43)) - raft.server.watch.timeout.denomination = 1s (default)
2019-09-19 10:42:34,054 [e89641c2-7ef1-4436-991e-ef84ba028339@group-760E5E132795:LeaderElection3] INFO  server.RaftServerConfigKeys (ConfUtils.java:logGet(43)) - raft.server.watch.element-limit = 65536 (default)
2019-09-19 10:42:34,057 [e89641c2-7ef1-4436-991e-ef84ba028339@group-760E5E132795:LeaderElection3] INFO  impl.RoleInfo (RoleInfo.java:updateAndGet(143)) - e89641c2-7ef1-4436-991e-ef84ba028339: start LeaderState
2019-09-19 10:42:34,057 [e89641c2-7ef1-4436-991e-ef84ba028339@group-760E5E132795:LeaderElection3] INFO  segmented.SegmentedRaftLogWorker (SegmentedRaftLogWorker.java:startLogSegment(380)) - e89641c2-7ef1-4436-991e-ef84ba028339@group-760E5E132795-SegmentedRaftLogWorker: Starting segment from index:0
2019-09-19 10:42:34,058 [e89641c2-7ef1-4436-991e-ef84ba028339@group-760E5E132795:LeaderElection3] INFO  impl.RaftServerImpl (ServerState.java:setRaftConf(354)) - e89641c2-7ef1-4436-991e-ef84ba028339@group-760E5E132795: set configuration 0: [e89641c2-7ef1-4436-991e-ef84ba028339:192.168.5.171:43968], old=null at 0
2019-09-19 10:42:34,142 [e89641c2-7ef1-4436-991e-ef84ba028339@group-760E5E132795-SegmentedRaftLogWorker] INFO  segmented.SegmentedRaftLogWorker (SegmentedRaftLogWorker.java:execute(569)) - e89641c2-7ef1-4436-991e-ef84ba028339@group-760E5E132795-SegmentedRaftLogWorker: created new log segment /workdir/hadoop-ozone/ozonefs/target/test-dir/MiniOzoneClusterImpl-44531fa9-7e24-4dfc-8141-5082316aa224/datanode-2/data/ratis/3e87810d-391b-422c-812d-760e5e132795/current/log_inprogress_0
2019-09-19 10:42:35,604 [Thread-231] INFO  impl.FollowerState (FollowerState.java:run(106)) - e9a757c7-3ca5-4a60-905c-412e8bb9c2fd:group-C0A177B7F4D0 changes to CANDIDATE, lastRpcTime:5037, electionTimeout:5037ms
2019-09-19 10:42:35,605 [Thread-231] INFO  impl.RoleInfo (RoleInfo.java:shutdownFollowerState(121)) - e9a757c7-3ca5-4a60-905c-412e8bb9c2fd: shutdown FollowerState
2019-09-19 10:42:35,606 [Thread-231] INFO  impl.RaftServerImpl (RaftServerImpl.java:setRole(174)) - e9a757c7-3ca5-4a60-905c-412e8bb9c2fd@group-C0A177B7F4D0: changes role from  FOLLOWER to CANDIDATE at term 0 for changeToCandidate
2019-09-19 10:42:35,606 [Thread-231] INFO  impl.RoleInfo (RoleInfo.java:updateAndGet(143)) - e9a757c7-3ca5-4a60-905c-412e8bb9c2fd: start LeaderElection
2019-09-19 10:42:36,523 [e9a757c7-3ca5-4a60-905c-412e8bb9c2fd@group-C0A177B7F4D0:LeaderElection4] INFO  impl.LeaderElection (LeaderElection.java:askForVotes(182)) - e9a757c7-3ca5-4a60-905c-412e8bb9c2fd@group-C0A177B7F4D0:LeaderElection4: begin an election at term 1 for -1: [e9a757c7-3ca5-4a60-905c-412e8bb9c2fd:192.168.5.171:37071], old=null
2019-09-19 10:42:36,526 [e9a757c7-3ca5-4a60-905c-412e8bb9c2fd@group-C0A177B7F4D0:LeaderElection4] INFO  impl.RoleInfo (RoleInfo.java:shutdownLeaderElection(134)) - e9a757c7-3ca5-4a60-905c-412e8bb9c2fd: shutdown LeaderElection
2019-09-19 10:42:36,526 [e9a757c7-3ca5-4a60-905c-412e8bb9c2fd@group-C0A177B7F4D0:LeaderElection4] INFO  impl.RaftServerImpl (RaftServerImpl.java:setRole(174)) - e9a757c7-3ca5-4a60-905c-412e8bb9c2fd@group-C0A177B7F4D0: changes role from CANDIDATE to LEADER at term 1 for changeToLeader
2019-09-19 10:42:36,526 [e9a757c7-3ca5-4a60-905c-412e8bb9c2fd@group-C0A177B7F4D0:LeaderElection4] INFO  impl.RaftServerImpl (ServerState.java:setLeader(253)) - e9a757c7-3ca5-4a60-905c-412e8bb9c2fd@group-C0A177B7F4D0: change Leader from null to e9a757c7-3ca5-4a60-905c-412e8bb9c2fd at term 1 for becomeLeader, leader elected after 5980ms
2019-09-19 10:42:36,532 [e9a757c7-3ca5-4a60-905c-412e8bb9c2fd@group-C0A177B7F4D0:LeaderElection4] INFO  server.RaftServerConfigKeys (ConfUtils.java:logGet(43)) - raft.server.staging.catchup.gap = 1000 (default)
2019-09-19 10:42:36,532 [e9a757c7-3ca5-4a60-905c-412e8bb9c2fd@group-C0A177B7F4D0:LeaderElection4] INFO  server.RaftServerConfigKeys (ConfUtils.java:logGet(43)) - raft.server.rpc.sleep.time = 25ms (default)
2019-09-19 10:42:36,533 [e9a757c7-3ca5-4a60-905c-412e8bb9c2fd@group-C0A177B7F4D0:LeaderElection4] INFO  server.RaftServerConfigKeys (ConfUtils.java:logGet(43)) - raft.server.write.element-limit = 4096 (default)
2019-09-19 10:42:36,533 [e9a757c7-3ca5-4a60-905c-412e8bb9c2fd@group-C0A177B7F4D0:LeaderElection4] INFO  server.RaftServerConfigKeys (ConfUtils.java:logGet(43)) - raft.server.watch.timeout = 10s (default)
2019-09-19 10:42:36,534 [e9a757c7-3ca5-4a60-905c-412e8bb9c2fd@group-C0A177B7F4D0:LeaderElection4] INFO  server.RaftServerConfigKeys (ConfUtils.java:logGet(43)) - raft.server.watch.timeout.denomination = 1s (default)
2019-09-19 10:42:36,534 [e9a757c7-3ca5-4a60-905c-412e8bb9c2fd@group-C0A177B7F4D0:LeaderElection4] INFO  server.RaftServerConfigKeys (ConfUtils.java:logGet(43)) - raft.server.watch.element-limit = 65536 (default)
2019-09-19 10:42:36,542 [e9a757c7-3ca5-4a60-905c-412e8bb9c2fd@group-C0A177B7F4D0:LeaderElection4] INFO  impl.RoleInfo (RoleInfo.java:updateAndGet(143)) - e9a757c7-3ca5-4a60-905c-412e8bb9c2fd: start LeaderState
2019-09-19 10:42:36,543 [e9a757c7-3ca5-4a60-905c-412e8bb9c2fd@group-C0A177B7F4D0:LeaderElection4] INFO  segmented.SegmentedRaftLogWorker (SegmentedRaftLogWorker.java:startLogSegment(380)) - e9a757c7-3ca5-4a60-905c-412e8bb9c2fd@group-C0A177B7F4D0-SegmentedRaftLogWorker: Starting segment from index:0
2019-09-19 10:42:36,545 [e9a757c7-3ca5-4a60-905c-412e8bb9c2fd@group-C0A177B7F4D0:LeaderElection4] INFO  impl.RaftServerImpl (ServerState.java:setRaftConf(354)) - e9a757c7-3ca5-4a60-905c-412e8bb9c2fd@group-C0A177B7F4D0: set configuration 0: [e9a757c7-3ca5-4a60-905c-412e8bb9c2fd:192.168.5.171:37071], old=null at 0
2019-09-19 10:42:37,080 [e9a757c7-3ca5-4a60-905c-412e8bb9c2fd@group-C0A177B7F4D0-SegmentedRaftLogWorker] INFO  segmented.SegmentedRaftLogWorker (SegmentedRaftLogWorker.java:execute(569)) - e9a757c7-3ca5-4a60-905c-412e8bb9c2fd@group-C0A177B7F4D0-SegmentedRaftLogWorker: created new log segment /workdir/hadoop-ozone/ozonefs/target/test-dir/MiniOzoneClusterImpl-44531fa9-7e24-4dfc-8141-5082316aa224/datanode-4/data/ratis/7290a513-379e-4313-8d79-c0a177b7f4d0/current/log_inprogress_0
2019-09-19 10:42:37,245 [Thread-236] INFO  impl.FollowerState (FollowerState.java:run(106)) - d69bcbda-7290-4896-8900-2fd612c3c31d:group-E74C803A9DFC changes to CANDIDATE, lastRpcTime:5094, electionTimeout:5094ms
2019-09-19 10:42:37,246 [Thread-236] INFO  impl.RoleInfo (RoleInfo.java:shutdownFollowerState(121)) - d69bcbda-7290-4896-8900-2fd612c3c31d: shutdown FollowerState
2019-09-19 10:42:37,246 [Thread-236] INFO  impl.RaftServerImpl (RaftServerImpl.java:setRole(174)) - d69bcbda-7290-4896-8900-2fd612c3c31d@group-E74C803A9DFC: changes role from  FOLLOWER to CANDIDATE at term 0 for changeToCandidate
2019-09-19 10:42:37,246 [Thread-236] INFO  impl.RoleInfo (RoleInfo.java:updateAndGet(143)) - d69bcbda-7290-4896-8900-2fd612c3c31d: start LeaderElection
2019-09-19 10:42:37,500 [Thread-243] INFO  impl.FollowerState (FollowerState.java:run(106)) - e89641c2-7ef1-4436-991e-ef84ba028339:group-BE3AF9FFDD6F changes to CANDIDATE, lastRpcTime:5007, electionTimeout:5005ms
2019-09-19 10:42:37,500 [Thread-243] INFO  impl.RoleInfo (RoleInfo.java:shutdownFollowerState(121)) - e89641c2-7ef1-4436-991e-ef84ba028339: shutdown FollowerState
2019-09-19 10:42:37,500 [Thread-243] INFO  impl.RaftServerImpl (RaftServerImpl.java:setRole(174)) - e89641c2-7ef1-4436-991e-ef84ba028339@group-BE3AF9FFDD6F: changes role from  FOLLOWER to CANDIDATE at term 0 for changeToCandidate
2019-09-19 10:42:37,501 [Thread-243] INFO  impl.RoleInfo (RoleInfo.java:updateAndGet(143)) - e89641c2-7ef1-4436-991e-ef84ba028339: start LeaderElection
2019-09-19 10:42:37,613 [Thread-241] INFO  impl.FollowerState (FollowerState.java:run(106)) - e9a757c7-3ca5-4a60-905c-412e8bb9c2fd:group-BE3AF9FFDD6F changes to CANDIDATE, lastRpcTime:5121, electionTimeout:5121ms
2019-09-19 10:42:37,613 [Thread-241] INFO  impl.RoleInfo (RoleInfo.java:shutdownFollowerState(121)) - e9a757c7-3ca5-4a60-905c-412e8bb9c2fd: shutdown FollowerState
2019-09-19 10:42:37,613 [Thread-241] INFO  impl.RaftServerImpl (RaftServerImpl.java:setRole(174)) - e9a757c7-3ca5-4a60-905c-412e8bb9c2fd@group-BE3AF9FFDD6F: changes role from  FOLLOWER to CANDIDATE at term 0 for changeToCandidate
2019-09-19 10:42:37,614 [Thread-241] INFO  impl.RoleInfo (RoleInfo.java:updateAndGet(143)) - e9a757c7-3ca5-4a60-905c-412e8bb9c2fd: start LeaderElection
2019-09-19 10:42:37,711 [Thread-245] INFO  impl.FollowerState (FollowerState.java:run(106)) - b186946b-7cb1-405f-b9a6-a6ba9d2e3b50:group-BE3AF9FFDD6F changes to CANDIDATE, lastRpcTime:5199, electionTimeout:5199ms
2019-09-19 10:42:37,711 [Thread-245] INFO  impl.RoleInfo (RoleInfo.java:shutdownFollowerState(121)) - b186946b-7cb1-405f-b9a6-a6ba9d2e3b50: shutdown FollowerState
2019-09-19 10:42:37,711 [Thread-245] INFO  impl.RaftServerImpl (RaftServerImpl.java:setRole(174)) - b186946b-7cb1-405f-b9a6-a6ba9d2e3b50@group-BE3AF9FFDD6F: changes role from  FOLLOWER to CANDIDATE at term 0 for changeToCandidate
2019-09-19 10:42:37,711 [Thread-245] INFO  impl.RoleInfo (RoleInfo.java:updateAndGet(143)) - b186946b-7cb1-405f-b9a6-a6ba9d2e3b50: start LeaderElection
2019-09-19 10:42:37,822 [d69bcbda-7290-4896-8900-2fd612c3c31d@group-E74C803A9DFC:LeaderElection5] INFO  impl.LeaderElection (LeaderElection.java:askForVotes(182)) - d69bcbda-7290-4896-8900-2fd612c3c31d@group-E74C803A9DFC:LeaderElection5: begin an election at term 1 for -1: [d69bcbda-7290-4896-8900-2fd612c3c31d:192.168.5.171:43751], old=null
2019-09-19 10:42:37,822 [e89641c2-7ef1-4436-991e-ef84ba028339@group-BE3AF9FFDD6F:LeaderElection6] INFO  impl.LeaderElection (LeaderElection.java:askForVotes(182)) - e89641c2-7ef1-4436-991e-ef84ba028339@group-BE3AF9FFDD6F:LeaderElection6: begin an election at term 1 for -1: [b186946b-7cb1-405f-b9a6-a6ba9d2e3b50:192.168.5.171:45263, e89641c2-7ef1-4436-991e-ef84ba028339:192.168.5.171:43968, e9a757c7-3ca5-4a60-905c-412e8bb9c2fd:192.168.5.171:37071], old=null
2019-09-19 10:42:37,823 [d69bcbda-7290-4896-8900-2fd612c3c31d@group-E74C803A9DFC:LeaderElection5] INFO  impl.RoleInfo (RoleInfo.java:shutdownLeaderElection(134)) - d69bcbda-7290-4896-8900-2fd612c3c31d: shutdown LeaderElection
2019-09-19 10:42:37,823 [d69bcbda-7290-4896-8900-2fd612c3c31d@group-E74C803A9DFC:LeaderElection5] INFO  impl.RaftServerImpl (RaftServerImpl.java:setRole(174)) - d69bcbda-7290-4896-8900-2fd612c3c31d@group-E74C803A9DFC: changes role from CANDIDATE to LEADER at term 1 for changeToLeader
2019-09-19 10:42:37,823 [d69bcbda-7290-4896-8900-2fd612c3c31d@group-E74C803A9DFC:LeaderElection5] INFO  impl.RaftServerImpl (ServerState.java:setLeader(253)) - d69bcbda-7290-4896-8900-2fd612c3c31d@group-E74C803A9DFC: change Leader from null to d69bcbda-7290-4896-8900-2fd612c3c31d at term 1 for becomeLeader, leader elected after 5686ms
2019-09-19 10:42:37,826 [d69bcbda-7290-4896-8900-2fd612c3c31d@group-E74C803A9DFC:LeaderElection5] INFO  server.RaftServerConfigKeys (ConfUtils.java:logGet(43)) - raft.server.staging.catchup.gap = 1000 (default)
2019-09-19 10:42:37,826 [d69bcbda-7290-4896-8900-2fd612c3c31d@group-E74C803A9DFC:LeaderElection5] INFO  server.RaftServerConfigKeys (ConfUtils.java:logGet(43)) - raft.server.rpc.sleep.time = 25ms (default)
2019-09-19 10:42:37,826 [d69bcbda-7290-4896-8900-2fd612c3c31d@group-E74C803A9DFC:LeaderElection5] INFO  server.RaftServerConfigKeys (ConfUtils.java:logGet(43)) - raft.server.write.element-limit = 4096 (default)
2019-09-19 10:42:37,827 [d69bcbda-7290-4896-8900-2fd612c3c31d@group-E74C803A9DFC:LeaderElection5] INFO  server.RaftServerConfigKeys (ConfUtils.java:logGet(43)) - raft.server.watch.timeout = 10s (default)
2019-09-19 10:42:37,827 [d69bcbda-7290-4896-8900-2fd612c3c31d@group-E74C803A9DFC:LeaderElection5] INFO  server.RaftServerConfigKeys (ConfUtils.java:logGet(43)) - raft.server.watch.timeout.denomination = 1s (default)
2019-09-19 10:42:37,827 [d69bcbda-7290-4896-8900-2fd612c3c31d@group-E74C803A9DFC:LeaderElection5] INFO  server.RaftServerConfigKeys (ConfUtils.java:logGet(43)) - raft.server.watch.element-limit = 65536 (default)
2019-09-19 10:42:37,833 [d69bcbda-7290-4896-8900-2fd612c3c31d@group-E74C803A9DFC:LeaderElection5] INFO  impl.RoleInfo (RoleInfo.java:updateAndGet(143)) - d69bcbda-7290-4896-8900-2fd612c3c31d: start LeaderState
2019-09-19 10:42:37,833 [d69bcbda-7290-4896-8900-2fd612c3c31d@group-E74C803A9DFC:LeaderElection5] INFO  segmented.SegmentedRaftLogWorker (SegmentedRaftLogWorker.java:startLogSegment(380)) - d69bcbda-7290-4896-8900-2fd612c3c31d@group-E74C803A9DFC-SegmentedRaftLogWorker: Starting segment from index:0
2019-09-19 10:42:37,834 [d69bcbda-7290-4896-8900-2fd612c3c31d@group-E74C803A9DFC:LeaderElection5] INFO  impl.RaftServerImpl (ServerState.java:setRaftConf(354)) - d69bcbda-7290-4896-8900-2fd612c3c31d@group-E74C803A9DFC: set configuration 0: [d69bcbda-7290-4896-8900-2fd612c3c31d:192.168.5.171:43751], old=null at 0
2019-09-19 10:42:39,016 [d69bcbda-7290-4896-8900-2fd612c3c31d@group-E74C803A9DFC-SegmentedRaftLogWorker] INFO  segmented.SegmentedRaftLogWorker (SegmentedRaftLogWorker.java:execute(569)) - d69bcbda-7290-4896-8900-2fd612c3c31d@group-E74C803A9DFC-SegmentedRaftLogWorker: created new log segment /workdir/hadoop-ozone/ozonefs/target/test-dir/MiniOzoneClusterImpl-44531fa9-7e24-4dfc-8141-5082316aa224/datanode-3/data/ratis/77b5b85d-b55a-4365-a06d-e74c803a9dfc/current/log_inprogress_0
2019-09-19 10:42:39,016 [e9a757c7-3ca5-4a60-905c-412e8bb9c2fd@group-BE3AF9FFDD6F:LeaderElection7] INFO  impl.LeaderElection (LeaderElection.java:askForVotes(182)) - e9a757c7-3ca5-4a60-905c-412e8bb9c2fd@group-BE3AF9FFDD6F:LeaderElection7: begin an election at term 1 for -1: [b186946b-7cb1-405f-b9a6-a6ba9d2e3b50:192.168.5.171:45263, e89641c2-7ef1-4436-991e-ef84ba028339:192.168.5.171:43968, e9a757c7-3ca5-4a60-905c-412e8bb9c2fd:192.168.5.171:37071], old=null
2019-09-19 10:42:39,016 [b186946b-7cb1-405f-b9a6-a6ba9d2e3b50@group-BE3AF9FFDD6F:LeaderElection8] INFO  impl.LeaderElection (LeaderElection.java:askForVotes(182)) - b186946b-7cb1-405f-b9a6-a6ba9d2e3b50@group-BE3AF9FFDD6F:LeaderElection8: begin an election at term 1 for -1: [b186946b-7cb1-405f-b9a6-a6ba9d2e3b50:192.168.5.171:45263, e89641c2-7ef1-4436-991e-ef84ba028339:192.168.5.171:43968, e9a757c7-3ca5-4a60-905c-412e8bb9c2fd:192.168.5.171:37071], old=null
2019-09-19 10:42:39,063 [e89641c2-7ef1-4436-991e-ef84ba028339@group-BE3AF9FFDD6F:LeaderElection6] INFO  impl.LeaderElection (LeaderElection.java:logAndReturn(56)) - e89641c2-7ef1-4436-991e-ef84ba028339@group-BE3AF9FFDD6F:LeaderElection6: Election REJECTED; received 2 response(s) [e89641c2-7ef1-4436-991e-ef84ba028339<-b186946b-7cb1-405f-b9a6-a6ba9d2e3b50#0:FAIL-t1, e89641c2-7ef1-4436-991e-ef84ba028339<-e9a757c7-3ca5-4a60-905c-412e8bb9c2fd#0:FAIL-t1] and 0 exception(s); e89641c2-7ef1-4436-991e-ef84ba028339@group-BE3AF9FFDD6F:t1, leader=null, voted=e89641c2-7ef1-4436-991e-ef84ba028339, raftlog=e89641c2-7ef1-4436-991e-ef84ba028339@group-BE3AF9FFDD6F-SegmentedRaftLog:OPENED:c-1,f-1,i0, conf=-1: [b186946b-7cb1-405f-b9a6-a6ba9d2e3b50:192.168.5.171:45263, e89641c2-7ef1-4436-991e-ef84ba028339:192.168.5.171:43968, e9a757c7-3ca5-4a60-905c-412e8bb9c2fd:192.168.5.171:37071], old=null
2019-09-19 10:42:39,067 [e89641c2-7ef1-4436-991e-ef84ba028339@group-BE3AF9FFDD6F:LeaderElection6] INFO  impl.RaftServerImpl (RaftServerImpl.java:setRole(174)) - e89641c2-7ef1-4436-991e-ef84ba028339@group-BE3AF9FFDD6F: changes role from CANDIDATE to FOLLOWER at term 1 for DISCOVERED_A_NEW_TERM
2019-09-19 10:42:39,067 [e89641c2-7ef1-4436-991e-ef84ba028339@group-BE3AF9FFDD6F:LeaderElection6] INFO  impl.RoleInfo (RoleInfo.java:shutdownLeaderElection(134)) - e89641c2-7ef1-4436-991e-ef84ba028339: shutdown LeaderElection
2019-09-19 10:42:39,067 [e89641c2-7ef1-4436-991e-ef84ba028339@group-BE3AF9FFDD6F:LeaderElection6] INFO  impl.RoleInfo (RoleInfo.java:updateAndGet(143)) - e89641c2-7ef1-4436-991e-ef84ba028339: start FollowerState
2019-09-19 10:42:39,102 [b186946b-7cb1-405f-b9a6-a6ba9d2e3b50@group-BE3AF9FFDD6F:LeaderElection8] INFO  impl.LeaderElection (LeaderElection.java:logAndReturn(56)) - b186946b-7cb1-405f-b9a6-a6ba9d2e3b50@group-BE3AF9FFDD6F:LeaderElection8: Election REJECTED; received 2 response(s) [b186946b-7cb1-405f-b9a6-a6ba9d2e3b50<-e89641c2-7ef1-4436-991e-ef84ba028339#0:FAIL-t1, b186946b-7cb1-405f-b9a6-a6ba9d2e3b50<-e9a757c7-3ca5-4a60-905c-412e8bb9c2fd#0:FAIL-t1] and 0 exception(s); b186946b-7cb1-405f-b9a6-a6ba9d2e3b50@group-BE3AF9FFDD6F:t1, leader=null, voted=b186946b-7cb1-405f-b9a6-a6ba9d2e3b50, raftlog=b186946b-7cb1-405f-b9a6-a6ba9d2e3b50@group-BE3AF9FFDD6F-SegmentedRaftLog:OPENED:c-1,f-1,i0, conf=-1: [b186946b-7cb1-405f-b9a6-a6ba9d2e3b50:192.168.5.171:45263, e89641c2-7ef1-4436-991e-ef84ba028339:192.168.5.171:43968, e9a757c7-3ca5-4a60-905c-412e8bb9c2fd:192.168.5.171:37071], old=null
2019-09-19 10:42:39,109 [b186946b-7cb1-405f-b9a6-a6ba9d2e3b50@group-BE3AF9FFDD6F:LeaderElection8] INFO  impl.RaftServerImpl (RaftServerImpl.java:setRole(174)) - b186946b-7cb1-405f-b9a6-a6ba9d2e3b50@group-BE3AF9FFDD6F: changes role from CANDIDATE to FOLLOWER at term 1 for DISCOVERED_A_NEW_TERM
2019-09-19 10:42:39,109 [b186946b-7cb1-405f-b9a6-a6ba9d2e3b50@group-BE3AF9FFDD6F:LeaderElection8] INFO  impl.RoleInfo (RoleInfo.java:shutdownLeaderElection(134)) - b186946b-7cb1-405f-b9a6-a6ba9d2e3b50: shutdown LeaderElection
2019-09-19 10:42:39,109 [b186946b-7cb1-405f-b9a6-a6ba9d2e3b50@group-BE3AF9FFDD6F:LeaderElection8] INFO  impl.RoleInfo (RoleInfo.java:updateAndGet(143)) - b186946b-7cb1-405f-b9a6-a6ba9d2e3b50: start FollowerState
2019-09-19 10:42:39,111 [e9a757c7-3ca5-4a60-905c-412e8bb9c2fd@group-BE3AF9FFDD6F:LeaderElection7] INFO  impl.LeaderElection (LeaderElection.java:logAndReturn(56)) - e9a757c7-3ca5-4a60-905c-412e8bb9c2fd@group-BE3AF9FFDD6F:LeaderElection7: Election REJECTED; received 2 response(s) [e9a757c7-3ca5-4a60-905c-412e8bb9c2fd<-e89641c2-7ef1-4436-991e-ef84ba028339#0:FAIL-t1, e9a757c7-3ca5-4a60-905c-412e8bb9c2fd<-b186946b-7cb1-405f-b9a6-a6ba9d2e3b50#0:FAIL-t1] and 0 exception(s); e9a757c7-3ca5-4a60-905c-412e8bb9c2fd@group-BE3AF9FFDD6F:t1, leader=null, voted=e9a757c7-3ca5-4a60-905c-412e8bb9c2fd, raftlog=e9a757c7-3ca5-4a60-905c-412e8bb9c2fd@group-BE3AF9FFDD6F-SegmentedRaftLog:OPENED:c-1,f-1,i0, conf=-1: [b186946b-7cb1-405f-b9a6-a6ba9d2e3b50:192.168.5.171:45263, e89641c2-7ef1-4436-991e-ef84ba028339:192.168.5.171:43968, e9a757c7-3ca5-4a60-905c-412e8bb9c2fd:192.168.5.171:37071], old=null
2019-09-19 10:42:39,112 [e9a757c7-3ca5-4a60-905c-412e8bb9c2fd@group-BE3AF9FFDD6F:LeaderElection7] INFO  impl.RaftServerImpl (RaftServerImpl.java:setRole(174)) - e9a757c7-3ca5-4a60-905c-412e8bb9c2fd@group-BE3AF9FFDD6F: changes role from CANDIDATE to FOLLOWER at term 1 for DISCOVERED_A_NEW_TERM
2019-09-19 10:42:39,115 [e9a757c7-3ca5-4a60-905c-412e8bb9c2fd@group-BE3AF9FFDD6F:LeaderElection7] INFO  impl.RoleInfo (RoleInfo.java:shutdownLeaderElection(134)) - e9a757c7-3ca5-4a60-905c-412e8bb9c2fd: shutdown LeaderElection
2019-09-19 10:42:39,115 [e9a757c7-3ca5-4a60-905c-412e8bb9c2fd@group-BE3AF9FFDD6F:LeaderElection7] INFO  impl.RoleInfo (RoleInfo.java:updateAndGet(143)) - e9a757c7-3ca5-4a60-905c-412e8bb9c2fd: start FollowerState
2019-09-19 10:42:44,193 [Thread-295] INFO  impl.FollowerState (FollowerState.java:run(106)) - e89641c2-7ef1-4436-991e-ef84ba028339:group-BE3AF9FFDD6F changes to CANDIDATE, lastRpcTime:5125, electionTimeout:5123ms
2019-09-19 10:42:44,198 [Thread-295] INFO  impl.RoleInfo (RoleInfo.java:shutdownFollowerState(121)) - e89641c2-7ef1-4436-991e-ef84ba028339: shutdown FollowerState
2019-09-19 10:42:44,198 [Thread-295] INFO  impl.RaftServerImpl (RaftServerImpl.java:setRole(174)) - e89641c2-7ef1-4436-991e-ef84ba028339@group-BE3AF9FFDD6F: changes role from  FOLLOWER to CANDIDATE at term 1 for changeToCandidate
2019-09-19 10:42:44,198 [Thread-295] INFO  impl.RoleInfo (RoleInfo.java:updateAndGet(143)) - e89641c2-7ef1-4436-991e-ef84ba028339: start LeaderElection
2019-09-19 10:42:44,212 [Thread-297] INFO  impl.FollowerState (FollowerState.java:run(106)) - e9a757c7-3ca5-4a60-905c-412e8bb9c2fd:group-BE3AF9FFDD6F changes to CANDIDATE, lastRpcTime:5096, electionTimeout:5093ms
2019-09-19 10:42:44,212 [Thread-297] INFO  impl.RoleInfo (RoleInfo.java:shutdownFollowerState(121)) - e9a757c7-3ca5-4a60-905c-412e8bb9c2fd: shutdown FollowerState
2019-09-19 10:42:44,212 [Thread-297] INFO  impl.RaftServerImpl (RaftServerImpl.java:setRole(174)) - e9a757c7-3ca5-4a60-905c-412e8bb9c2fd@group-BE3AF9FFDD6F: changes role from  FOLLOWER to CANDIDATE at term 1 for changeToCandidate
2019-09-19 10:42:44,212 [Thread-297] INFO  impl.RoleInfo (RoleInfo.java:updateAndGet(143)) - e9a757c7-3ca5-4a60-905c-412e8bb9c2fd: start LeaderElection
2019-09-19 10:42:44,246 [Thread-296] INFO  impl.FollowerState (FollowerState.java:run(106)) - b186946b-7cb1-405f-b9a6-a6ba9d2e3b50:group-BE3AF9FFDD6F changes to CANDIDATE, lastRpcTime:5136, electionTimeout:5135ms
2019-09-19 10:42:44,246 [Thread-296] INFO  impl.RoleInfo (RoleInfo.java:shutdownFollowerState(121)) - b186946b-7cb1-405f-b9a6-a6ba9d2e3b50: shutdown FollowerState
2019-09-19 10:42:44,246 [Thread-296] INFO  impl.RaftServerImpl (RaftServerImpl.java:setRole(174)) - b186946b-7cb1-405f-b9a6-a6ba9d2e3b50@group-BE3AF9FFDD6F: changes role from  FOLLOWER to CANDIDATE at term 1 for changeToCandidate
2019-09-19 10:42:44,247 [Thread-296] INFO  impl.RoleInfo (RoleInfo.java:updateAndGet(143)) - b186946b-7cb1-405f-b9a6-a6ba9d2e3b50: start LeaderElection
2019-09-19 10:42:44,516 [b186946b-7cb1-405f-b9a6-a6ba9d2e3b50@group-BE3AF9FFDD6F:LeaderElection11] INFO  impl.LeaderElection (LeaderElection.java:askForVotes(182)) - b186946b-7cb1-405f-b9a6-a6ba9d2e3b50@group-BE3AF9FFDD6F:LeaderElection11: begin an election at term 2 for -1: [b186946b-7cb1-405f-b9a6-a6ba9d2e3b50:192.168.5.171:45263, e89641c2-7ef1-4436-991e-ef84ba028339:192.168.5.171:43968, e9a757c7-3ca5-4a60-905c-412e8bb9c2fd:192.168.5.171:37071], old=null
2019-09-19 10:42:44,516 [e89641c2-7ef1-4436-991e-ef84ba028339@group-BE3AF9FFDD6F:LeaderElection9] INFO  impl.LeaderElection (LeaderElection.java:askForVotes(182)) - e89641c2-7ef1-4436-991e-ef84ba028339@group-BE3AF9FFDD6F:LeaderElection9: begin an election at term 2 for -1: [b186946b-7cb1-405f-b9a6-a6ba9d2e3b50:192.168.5.171:45263, e89641c2-7ef1-4436-991e-ef84ba028339:192.168.5.171:43968, e9a757c7-3ca5-4a60-905c-412e8bb9c2fd:192.168.5.171:37071], old=null
2019-09-19 10:42:44,516 [e9a757c7-3ca5-4a60-905c-412e8bb9c2fd@group-BE3AF9FFDD6F:LeaderElection10] INFO  impl.LeaderElection (LeaderElection.java:askForVotes(182)) - e9a757c7-3ca5-4a60-905c-412e8bb9c2fd@group-BE3AF9FFDD6F:LeaderElection10: begin an election at term 2 for -1: [b186946b-7cb1-405f-b9a6-a6ba9d2e3b50:192.168.5.171:45263, e89641c2-7ef1-4436-991e-ef84ba028339:192.168.5.171:43968, e9a757c7-3ca5-4a60-905c-412e8bb9c2fd:192.168.5.171:37071], old=null
2019-09-19 10:42:44,552 [e9a757c7-3ca5-4a60-905c-412e8bb9c2fd@group-BE3AF9FFDD6F:LeaderElection10] INFO  impl.LeaderElection (LeaderElection.java:logAndReturn(56)) - e9a757c7-3ca5-4a60-905c-412e8bb9c2fd@group-BE3AF9FFDD6F:LeaderElection10: Election REJECTED; received 2 response(s) [e9a757c7-3ca5-4a60-905c-412e8bb9c2fd<-b186946b-7cb1-405f-b9a6-a6ba9d2e3b50#0:FAIL-t2, e9a757c7-3ca5-4a60-905c-412e8bb9c2fd<-e89641c2-7ef1-4436-991e-ef84ba028339#0:FAIL-t2] and 0 exception(s); e9a757c7-3ca5-4a60-905c-412e8bb9c2fd@group-BE3AF9FFDD6F:t2, leader=null, voted=e9a757c7-3ca5-4a60-905c-412e8bb9c2fd, raftlog=e9a757c7-3ca5-4a60-905c-412e8bb9c2fd@group-BE3AF9FFDD6F-SegmentedRaftLog:OPENED:c-1,f-1,i0, conf=-1: [b186946b-7cb1-405f-b9a6-a6ba9d2e3b50:192.168.5.171:45263, e89641c2-7ef1-4436-991e-ef84ba028339:192.168.5.171:43968, e9a757c7-3ca5-4a60-905c-412e8bb9c2fd:192.168.5.171:37071], old=null
2019-09-19 10:42:44,552 [e9a757c7-3ca5-4a60-905c-412e8bb9c2fd@group-BE3AF9FFDD6F:LeaderElection10] INFO  impl.RaftServerImpl (RaftServerImpl.java:setRole(174)) - e9a757c7-3ca5-4a60-905c-412e8bb9c2fd@group-BE3AF9FFDD6F: changes role from CANDIDATE to FOLLOWER at term 2 for DISCOVERED_A_NEW_TERM
2019-09-19 10:42:44,554 [e9a757c7-3ca5-4a60-905c-412e8bb9c2fd@group-BE3AF9FFDD6F:LeaderElection10] INFO  impl.RoleInfo (RoleInfo.java:shutdownLeaderElection(134)) - e9a757c7-3ca5-4a60-905c-412e8bb9c2fd: shutdown LeaderElection
2019-09-19 10:42:44,557 [e9a757c7-3ca5-4a60-905c-412e8bb9c2fd@group-BE3AF9FFDD6F:LeaderElection10] INFO  impl.RoleInfo (RoleInfo.java:updateAndGet(143)) - e9a757c7-3ca5-4a60-905c-412e8bb9c2fd: start FollowerState
2019-09-19 10:42:44,559 [b186946b-7cb1-405f-b9a6-a6ba9d2e3b50@group-BE3AF9FFDD6F:LeaderElection11] INFO  impl.LeaderElection (LeaderElection.java:logAndReturn(56)) - b186946b-7cb1-405f-b9a6-a6ba9d2e3b50@group-BE3AF9FFDD6F:LeaderElection11: Election REJECTED; received 2 response(s) [b186946b-7cb1-405f-b9a6-a6ba9d2e3b50<-e89641c2-7ef1-4436-991e-ef84ba028339#0:FAIL-t2, b186946b-7cb1-405f-b9a6-a6ba9d2e3b50<-e9a757c7-3ca5-4a60-905c-412e8bb9c2fd#0:FAIL-t2] and 0 exception(s); b186946b-7cb1-405f-b9a6-a6ba9d2e3b50@group-BE3AF9FFDD6F:t2, leader=null, voted=b186946b-7cb1-405f-b9a6-a6ba9d2e3b50, raftlog=b186946b-7cb1-405f-b9a6-a6ba9d2e3b50@group-BE3AF9FFDD6F-SegmentedRaftLog:OPENED:c-1,f-1,i0, conf=-1: [b186946b-7cb1-405f-b9a6-a6ba9d2e3b50:192.168.5.171:45263, e89641c2-7ef1-4436-991e-ef84ba028339:192.168.5.171:43968, e9a757c7-3ca5-4a60-905c-412e8bb9c2fd:192.168.5.171:37071], old=null
2019-09-19 10:42:44,560 [e89641c2-7ef1-4436-991e-ef84ba028339@group-BE3AF9FFDD6F:LeaderElection9] INFO  impl.LeaderElection (LeaderElection.java:logAndReturn(56)) - e89641c2-7ef1-4436-991e-ef84ba028339@group-BE3AF9FFDD6F:LeaderElection9: Election REJECTED; received 2 response(s) [e89641c2-7ef1-4436-991e-ef84ba028339<-b186946b-7cb1-405f-b9a6-a6ba9d2e3b50#0:FAIL-t2, e89641c2-7ef1-4436-991e-ef84ba028339<-e9a757c7-3ca5-4a60-905c-412e8bb9c2fd#0:FAIL-t2] and 0 exception(s); e89641c2-7ef1-4436-991e-ef84ba028339@group-BE3AF9FFDD6F:t2, leader=null, voted=e89641c2-7ef1-4436-991e-ef84ba028339, raftlog=e89641c2-7ef1-4436-991e-ef84ba028339@group-BE3AF9FFDD6F-SegmentedRaftLog:OPENED:c-1,f-1,i0, conf=-1: [b186946b-7cb1-405f-b9a6-a6ba9d2e3b50:192.168.5.171:45263, e89641c2-7ef1-4436-991e-ef84ba028339:192.168.5.171:43968, e9a757c7-3ca5-4a60-905c-412e8bb9c2fd:192.168.5.171:37071], old=null
2019-09-19 10:42:44,560 [b186946b-7cb1-405f-b9a6-a6ba9d2e3b50@group-BE3AF9FFDD6F:LeaderElection11] INFO  impl.RaftServerImpl (RaftServerImpl.java:setRole(174)) - b186946b-7cb1-405f-b9a6-a6ba9d2e3b50@group-BE3AF9FFDD6F: changes role from CANDIDATE to FOLLOWER at term 2 for DISCOVERED_A_NEW_TERM
2019-09-19 10:42:44,564 [e89641c2-7ef1-4436-991e-ef84ba028339@group-BE3AF9FFDD6F:LeaderElection9] INFO  impl.RaftServerImpl (RaftServerImpl.java:setRole(174)) - e89641c2-7ef1-4436-991e-ef84ba028339@group-BE3AF9FFDD6F: changes role from CANDIDATE to FOLLOWER at term 2 for DISCOVERED_A_NEW_TERM
2019-09-19 10:42:44,564 [b186946b-7cb1-405f-b9a6-a6ba9d2e3b50@group-BE3AF9FFDD6F:LeaderElection11] INFO  impl.RoleInfo (RoleInfo.java:shutdownLeaderElection(134)) - b186946b-7cb1-405f-b9a6-a6ba9d2e3b50: shutdown LeaderElection
2019-09-19 10:42:44,565 [e89641c2-7ef1-4436-991e-ef84ba028339@group-BE3AF9FFDD6F:LeaderElection9] INFO  impl.RoleInfo (RoleInfo.java:shutdownLeaderElection(134)) - e89641c2-7ef1-4436-991e-ef84ba028339: shutdown LeaderElection
2019-09-19 10:42:44,566 [b186946b-7cb1-405f-b9a6-a6ba9d2e3b50@group-BE3AF9FFDD6F:LeaderElection11] INFO  impl.RoleInfo (RoleInfo.java:updateAndGet(143)) - b186946b-7cb1-405f-b9a6-a6ba9d2e3b50: start FollowerState
2019-09-19 10:42:44,566 [e89641c2-7ef1-4436-991e-ef84ba028339@group-BE3AF9FFDD6F:LeaderElection9] INFO  impl.RoleInfo (RoleInfo.java:updateAndGet(143)) - e89641c2-7ef1-4436-991e-ef84ba028339: start FollowerState
2019-09-19 10:42:49,583 [Thread-319] INFO  impl.FollowerState (FollowerState.java:run(106)) - e89641c2-7ef1-4436-991e-ef84ba028339:group-BE3AF9FFDD6F changes to CANDIDATE, lastRpcTime:5017, electionTimeout:5014ms
2019-09-19 10:42:49,585 [Thread-319] INFO  impl.RoleInfo (RoleInfo.java:shutdownFollowerState(121)) - e89641c2-7ef1-4436-991e-ef84ba028339: shutdown FollowerState
2019-09-19 10:42:49,585 [Thread-319] INFO  impl.RaftServerImpl (RaftServerImpl.java:setRole(174)) - e89641c2-7ef1-4436-991e-ef84ba028339@group-BE3AF9FFDD6F: changes role from  FOLLOWER to CANDIDATE at term 2 for changeToCandidate
2019-09-19 10:42:49,586 [Thread-319] INFO  impl.RoleInfo (RoleInfo.java:updateAndGet(143)) - e89641c2-7ef1-4436-991e-ef84ba028339: start LeaderElection
2019-09-19 10:42:49,698 [Thread-317] INFO  impl.FollowerState (FollowerState.java:run(106)) - e9a757c7-3ca5-4a60-905c-412e8bb9c2fd:group-BE3AF9FFDD6F changes to CANDIDATE, lastRpcTime:5141, electionTimeout:5139ms
2019-09-19 10:42:49,698 [Thread-317] INFO  impl.RoleInfo (RoleInfo.java:shutdownFollowerState(121)) - e9a757c7-3ca5-4a60-905c-412e8bb9c2fd: shutdown FollowerState
2019-09-19 10:42:49,698 [Thread-317] INFO  impl.RaftServerImpl (RaftServerImpl.java:setRole(174)) - e9a757c7-3ca5-4a60-905c-412e8bb9c2fd@group-BE3AF9FFDD6F: changes role from  FOLLOWER to CANDIDATE at term 2 for changeToCandidate
2019-09-19 10:42:49,698 [Thread-317] INFO  impl.RoleInfo (RoleInfo.java:updateAndGet(143)) - e9a757c7-3ca5-4a60-905c-412e8bb9c2fd: start LeaderElection
2019-09-19 10:42:49,761 [Thread-318] INFO  impl.FollowerState (FollowerState.java:run(106)) - b186946b-7cb1-405f-b9a6-a6ba9d2e3b50:group-BE3AF9FFDD6F changes to CANDIDATE, lastRpcTime:5195, electionTimeout:5193ms
2019-09-19 10:42:49,761 [Thread-318] INFO  impl.RoleInfo (RoleInfo.java:shutdownFollowerState(121)) - b186946b-7cb1-405f-b9a6-a6ba9d2e3b50: shutdown FollowerState
2019-09-19 10:42:49,761 [Thread-318] INFO  impl.RaftServerImpl (RaftServerImpl.java:setRole(174)) - b186946b-7cb1-405f-b9a6-a6ba9d2e3b50@group-BE3AF9FFDD6F: changes role from  FOLLOWER to CANDIDATE at term 2 for changeToCandidate
2019-09-19 10:42:49,761 [Thread-318] INFO  impl.RoleInfo (RoleInfo.java:updateAndGet(143)) - b186946b-7cb1-405f-b9a6-a6ba9d2e3b50: start LeaderElection
2019-09-19 10:42:50,408 [e89641c2-7ef1-4436-991e-ef84ba028339@group-BE3AF9FFDD6F:LeaderElection12] INFO  impl.LeaderElection (LeaderElection.java:askForVotes(182)) - e89641c2-7ef1-4436-991e-ef84ba028339@group-BE3AF9FFDD6F:LeaderElection12: begin an election at term 3 for -1: [b186946b-7cb1-405f-b9a6-a6ba9d2e3b50:192.168.5.171:45263, e89641c2-7ef1-4436-991e-ef84ba028339:192.168.5.171:43968, e9a757c7-3ca5-4a60-905c-412e8bb9c2fd:192.168.5.171:37071], old=null
2019-09-19 10:42:50,408 [e9a757c7-3ca5-4a60-905c-412e8bb9c2fd@group-BE3AF9FFDD6F:LeaderElection13] INFO  impl.LeaderElection (LeaderElection.java:askForVotes(182)) - e9a757c7-3ca5-4a60-905c-412e8bb9c2fd@group-BE3AF9FFDD6F:LeaderElection13: begin an election at term 3 for -1: [b186946b-7cb1-405f-b9a6-a6ba9d2e3b50:192.168.5.171:45263, e89641c2-7ef1-4436-991e-ef84ba028339:192.168.5.171:43968, e9a757c7-3ca5-4a60-905c-412e8bb9c2fd:192.168.5.171:37071], old=null
2019-09-19 10:42:50,408 [b186946b-7cb1-405f-b9a6-a6ba9d2e3b50@group-BE3AF9FFDD6F:LeaderElection14] INFO  impl.LeaderElection (LeaderElection.java:askForVotes(182)) - b186946b-7cb1-405f-b9a6-a6ba9d2e3b50@group-BE3AF9FFDD6F:LeaderElection14: begin an election at term 3 for -1: [b186946b-7cb1-405f-b9a6-a6ba9d2e3b50:192.168.5.171:45263, e89641c2-7ef1-4436-991e-ef84ba028339:192.168.5.171:43968, e9a757c7-3ca5-4a60-905c-412e8bb9c2fd:192.168.5.171:37071], old=null
2019-09-19 10:42:50,424 [e9a757c7-3ca5-4a60-905c-412e8bb9c2fd@group-BE3AF9FFDD6F:LeaderElection13] INFO  impl.LeaderElection (LeaderElection.java:logAndReturn(56)) - e9a757c7-3ca5-4a60-905c-412e8bb9c2fd@group-BE3AF9FFDD6F:LeaderElection13: Election REJECTED; received 2 response(s) [e9a757c7-3ca5-4a60-905c-412e8bb9c2fd<-b186946b-7cb1-405f-b9a6-a6ba9d2e3b50#0:FAIL-t3, e9a757c7-3ca5-4a60-905c-412e8bb9c2fd<-e89641c2-7ef1-4436-991e-ef84ba028339#0:FAIL-t3] and 0 exception(s); e9a757c7-3ca5-4a60-905c-412e8bb9c2fd@group-BE3AF9FFDD6F:t3, leader=null, voted=e9a757c7-3ca5-4a60-905c-412e8bb9c2fd, raftlog=e9a757c7-3ca5-4a60-905c-412e8bb9c2fd@group-BE3AF9FFDD6F-SegmentedRaftLog:OPENED:c-1,f-1,i0, conf=-1: [b186946b-7cb1-405f-b9a6-a6ba9d2e3b50:192.168.5.171:45263, e89641c2-7ef1-4436-991e-ef84ba028339:192.168.5.171:43968, e9a757c7-3ca5-4a60-905c-412e8bb9c2fd:192.168.5.171:37071], old=null
2019-09-19 10:42:50,424 [e9a757c7-3ca5-4a60-905c-412e8bb9c2fd@group-BE3AF9FFDD6F:LeaderElection13] INFO  impl.RaftServerImpl (RaftServerImpl.java:setRole(174)) - e9a757c7-3ca5-4a60-905c-412e8bb9c2fd@group-BE3AF9FFDD6F: changes role from CANDIDATE to FOLLOWER at term 3 for DISCOVERED_A_NEW_TERM
2019-09-19 10:42:50,425 [e9a757c7-3ca5-4a60-905c-412e8bb9c2fd@group-BE3AF9FFDD6F:LeaderElection13] INFO  impl.RoleInfo (RoleInfo.java:shutdownLeaderElection(134)) - e9a757c7-3ca5-4a60-905c-412e8bb9c2fd: shutdown LeaderElection
2019-09-19 10:42:50,425 [e9a757c7-3ca5-4a60-905c-412e8bb9c2fd@group-BE3AF9FFDD6F:LeaderElection13] INFO  impl.RoleInfo (RoleInfo.java:updateAndGet(143)) - e9a757c7-3ca5-4a60-905c-412e8bb9c2fd: start FollowerState
2019-09-19 10:42:50,425 [e89641c2-7ef1-4436-991e-ef84ba028339@group-BE3AF9FFDD6F:LeaderElection12] INFO  impl.LeaderElection (LeaderElection.java:logAndReturn(56)) - e89641c2-7ef1-4436-991e-ef84ba028339@group-BE3AF9FFDD6F:LeaderElection12: Election REJECTED; received 2 response(s) [e89641c2-7ef1-4436-991e-ef84ba028339<-b186946b-7cb1-405f-b9a6-a6ba9d2e3b50#0:FAIL-t3, e89641c2-7ef1-4436-991e-ef84ba028339<-e9a757c7-3ca5-4a60-905c-412e8bb9c2fd#0:FAIL-t3] and 0 exception(s); e89641c2-7ef1-4436-991e-ef84ba028339@group-BE3AF9FFDD6F:t3, leader=null, voted=e89641c2-7ef1-4436-991e-ef84ba028339, raftlog=e89641c2-7ef1-4436-991e-ef84ba028339@group-BE3AF9FFDD6F-SegmentedRaftLog:OPENED:c-1,f-1,i0, conf=-1: [b186946b-7cb1-405f-b9a6-a6ba9d2e3b50:192.168.5.171:45263, e89641c2-7ef1-4436-991e-ef84ba028339:192.168.5.171:43968, e9a757c7-3ca5-4a60-905c-412e8bb9c2fd:192.168.5.171:37071], old=null
2019-09-19 10:42:50,425 [b186946b-7cb1-405f-b9a6-a6ba9d2e3b50@group-BE3AF9FFDD6F:LeaderElection14] INFO  impl.LeaderElection (LeaderElection.java:logAndReturn(56)) - b186946b-7cb1-405f-b9a6-a6ba9d2e3b50@group-BE3AF9FFDD6F:LeaderElection14: Election REJECTED; received 2 response(s) [b186946b-7cb1-405f-b9a6-a6ba9d2e3b50<-e89641c2-7ef1-4436-991e-ef84ba028339#0:FAIL-t3, b186946b-7cb1-405f-b9a6-a6ba9d2e3b50<-e9a757c7-3ca5-4a60-905c-412e8bb9c2fd#0:FAIL-t3] and 0 exception(s); b186946b-7cb1-405f-b9a6-a6ba9d2e3b50@group-BE3AF9FFDD6F:t3, leader=null, voted=b186946b-7cb1-405f-b9a6-a6ba9d2e3b50, raftlog=b186946b-7cb1-405f-b9a6-a6ba9d2e3b50@group-BE3AF9FFDD6F-SegmentedRaftLog:OPENED:c-1,f-1,i0, conf=-1: [b186946b-7cb1-405f-b9a6-a6ba9d2e3b50:192.168.5.171:45263, e89641c2-7ef1-4436-991e-ef84ba028339:192.168.5.171:43968, e9a757c7-3ca5-4a60-905c-412e8bb9c2fd:192.168.5.171:37071], old=null
2019-09-19 10:42:50,431 [e89641c2-7ef1-4436-991e-ef84ba028339@group-BE3AF9FFDD6F:LeaderElection12] INFO  impl.RaftServerImpl (RaftServerImpl.java:setRole(174)) - e89641c2-7ef1-4436-991e-ef84ba028339@group-BE3AF9FFDD6F: changes role from CANDIDATE to FOLLOWER at term 3 for DISCOVERED_A_NEW_TERM
2019-09-19 10:42:50,432 [b186946b-7cb1-405f-b9a6-a6ba9d2e3b50@group-BE3AF9FFDD6F:LeaderElection14] INFO  impl.RaftServerImpl (RaftServerImpl.java:setRole(174)) - b186946b-7cb1-405f-b9a6-a6ba9d2e3b50@group-BE3AF9FFDD6F: changes role from CANDIDATE to FOLLOWER at term 3 for DISCOVERED_A_NEW_TERM
2019-09-19 10:42:50,433 [e89641c2-7ef1-4436-991e-ef84ba028339@group-BE3AF9FFDD6F:LeaderElection12] INFO  impl.RoleInfo (RoleInfo.java:shutdownLeaderElection(134)) - e89641c2-7ef1-4436-991e-ef84ba028339: shutdown LeaderElection
2019-09-19 10:42:50,433 [b186946b-7cb1-405f-b9a6-a6ba9d2e3b50@group-BE3AF9FFDD6F:LeaderElection14] INFO  impl.RoleInfo (RoleInfo.java:shutdownLeaderElection(134)) - b186946b-7cb1-405f-b9a6-a6ba9d2e3b50: shutdown LeaderElection
2019-09-19 10:42:50,434 [e89641c2-7ef1-4436-991e-ef84ba028339@group-BE3AF9FFDD6F:LeaderElection12] INFO  impl.RoleInfo (RoleInfo.java:updateAndGet(143)) - e89641c2-7ef1-4436-991e-ef84ba028339: start FollowerState
2019-09-19 10:42:50,434 [b186946b-7cb1-405f-b9a6-a6ba9d2e3b50@group-BE3AF9FFDD6F:LeaderElection14] INFO  impl.RoleInfo (RoleInfo.java:updateAndGet(143)) - b186946b-7cb1-405f-b9a6-a6ba9d2e3b50: start FollowerState
2019-09-19 10:42:55,459 [Thread-342] INFO  impl.FollowerState (FollowerState.java:run(106)) - e89641c2-7ef1-4436-991e-ef84ba028339:group-BE3AF9FFDD6F changes to CANDIDATE, lastRpcTime:5024, electionTimeout:5024ms
2019-09-19 10:42:55,460 [Thread-342] INFO  impl.RoleInfo (RoleInfo.java:shutdownFollowerState(121)) - e89641c2-7ef1-4436-991e-ef84ba028339: shutdown FollowerState
2019-09-19 10:42:55,461 [Thread-342] INFO  impl.RaftServerImpl (RaftServerImpl.java:setRole(174)) - e89641c2-7ef1-4436-991e-ef84ba028339@group-BE3AF9FFDD6F: changes role from  FOLLOWER to CANDIDATE at term 3 for changeToCandidate
2019-09-19 10:42:55,461 [Thread-342] INFO  impl.RoleInfo (RoleInfo.java:updateAndGet(143)) - e89641c2-7ef1-4436-991e-ef84ba028339: start LeaderElection
2019-09-19 10:42:55,530 [Thread-343] INFO  impl.FollowerState (FollowerState.java:run(106)) - b186946b-7cb1-405f-b9a6-a6ba9d2e3b50:group-BE3AF9FFDD6F changes to CANDIDATE, lastRpcTime:5095, electionTimeout:5095ms
2019-09-19 10:42:55,530 [Thread-343] INFO  impl.RoleInfo (RoleInfo.java:shutdownFollowerState(121)) - b186946b-7cb1-405f-b9a6-a6ba9d2e3b50: shutdown FollowerState
2019-09-19 10:42:55,530 [Thread-343] INFO  impl.RaftServerImpl (RaftServerImpl.java:setRole(174)) - b186946b-7cb1-405f-b9a6-a6ba9d2e3b50@group-BE3AF9FFDD6F: changes role from  FOLLOWER to CANDIDATE at term 3 for changeToCandidate
2019-09-19 10:42:55,530 [Thread-343] INFO  impl.RoleInfo (RoleInfo.java:updateAndGet(143)) - b186946b-7cb1-405f-b9a6-a6ba9d2e3b50: start LeaderElection
2019-09-19 10:42:55,547 [Thread-341] INFO  impl.FollowerState (FollowerState.java:run(106)) - e9a757c7-3ca5-4a60-905c-412e8bb9c2fd:group-BE3AF9FFDD6F changes to CANDIDATE, lastRpcTime:5122, electionTimeout:5117ms
2019-09-19 10:42:55,547 [Thread-341] INFO  impl.RoleInfo (RoleInfo.java:shutdownFollowerState(121)) - e9a757c7-3ca5-4a60-905c-412e8bb9c2fd: shutdown FollowerState
2019-09-19 10:42:55,547 [Thread-341] INFO  impl.RaftServerImpl (RaftServerImpl.java:setRole(174)) - e9a757c7-3ca5-4a60-905c-412e8bb9c2fd@group-BE3AF9FFDD6F: changes role from  FOLLOWER to CANDIDATE at term 3 for changeToCandidate
2019-09-19 10:42:55,547 [Thread-341] INFO  impl.RoleInfo (RoleInfo.java:updateAndGet(143)) - e9a757c7-3ca5-4a60-905c-412e8bb9c2fd: start LeaderElection
2019-09-19 10:42:56,048 [b186946b-7cb1-405f-b9a6-a6ba9d2e3b50@group-BE3AF9FFDD6F:LeaderElection16] INFO  impl.LeaderElection (LeaderElection.java:askForVotes(182)) - b186946b-7cb1-405f-b9a6-a6ba9d2e3b50@group-BE3AF9FFDD6F:LeaderElection16: begin an election at term 4 for -1: [b186946b-7cb1-405f-b9a6-a6ba9d2e3b50:192.168.5.171:45263, e89641c2-7ef1-4436-991e-ef84ba028339:192.168.5.171:43968, e9a757c7-3ca5-4a60-905c-412e8bb9c2fd:192.168.5.171:37071], old=null
2019-09-19 10:42:56,048 [e89641c2-7ef1-4436-991e-ef84ba028339@group-BE3AF9FFDD6F:LeaderElection15] INFO  impl.LeaderElection (LeaderElection.java:askForVotes(182)) - e89641c2-7ef1-4436-991e-ef84ba028339@group-BE3AF9FFDD6F:LeaderElection15: begin an election at term 4 for -1: [b186946b-7cb1-405f-b9a6-a6ba9d2e3b50:192.168.5.171:45263, e89641c2-7ef1-4436-991e-ef84ba028339:192.168.5.171:43968, e9a757c7-3ca5-4a60-905c-412e8bb9c2fd:192.168.5.171:37071], old=null
2019-09-19 10:42:56,057 [e9a757c7-3ca5-4a60-905c-412e8bb9c2fd@group-BE3AF9FFDD6F:LeaderElection17] INFO  impl.LeaderElection (LeaderElection.java:askForVotes(182)) - e9a757c7-3ca5-4a60-905c-412e8bb9c2fd@group-BE3AF9FFDD6F:LeaderElection17: begin an election at term 4 for -1: [b186946b-7cb1-405f-b9a6-a6ba9d2e3b50:192.168.5.171:45263, e89641c2-7ef1-4436-991e-ef84ba028339:192.168.5.171:43968, e9a757c7-3ca5-4a60-905c-412e8bb9c2fd:192.168.5.171:37071], old=null
2019-09-19 10:42:56,061 [b186946b-7cb1-405f-b9a6-a6ba9d2e3b50@group-BE3AF9FFDD6F:LeaderElection16] INFO  impl.LeaderElection (LeaderElection.java:logAndReturn(56)) - b186946b-7cb1-405f-b9a6-a6ba9d2e3b50@group-BE3AF9FFDD6F:LeaderElection16: Election REJECTED; received 2 response(s) [b186946b-7cb1-405f-b9a6-a6ba9d2e3b50<-e89641c2-7ef1-4436-991e-ef84ba028339#0:FAIL-t4, b186946b-7cb1-405f-b9a6-a6ba9d2e3b50<-e9a757c7-3ca5-4a60-905c-412e8bb9c2fd#0:FAIL-t4] and 0 exception(s); b186946b-7cb1-405f-b9a6-a6ba9d2e3b50@group-BE3AF9FFDD6F:t4, leader=null, voted=b186946b-7cb1-405f-b9a6-a6ba9d2e3b50, raftlog=b186946b-7cb1-405f-b9a6-a6ba9d2e3b50@group-BE3AF9FFDD6F-SegmentedRaftLog:OPENED:c-1,f-1,i0, conf=-1: [b186946b-7cb1-405f-b9a6-a6ba9d2e3b50:192.168.5.171:45263, e89641c2-7ef1-4436-991e-ef84ba028339:192.168.5.171:43968, e9a757c7-3ca5-4a60-905c-412e8bb9c2fd:192.168.5.171:37071], old=null
2019-09-19 10:42:56,072 [b186946b-7cb1-405f-b9a6-a6ba9d2e3b50@group-BE3AF9FFDD6F:LeaderElection16] INFO  impl.RaftServerImpl (RaftServerImpl.java:setRole(174)) - b186946b-7cb1-405f-b9a6-a6ba9d2e3b50@group-BE3AF9FFDD6F: changes role from CANDIDATE to FOLLOWER at term 4 for DISCOVERED_A_NEW_TERM
2019-09-19 10:42:56,072 [e89641c2-7ef1-4436-991e-ef84ba028339@group-BE3AF9FFDD6F:LeaderElection15] INFO  impl.LeaderElection (LeaderElection.java:logAndReturn(56)) - e89641c2-7ef1-4436-991e-ef84ba028339@group-BE3AF9FFDD6F:LeaderElection15: Election REJECTED; received 2 response(s) [e89641c2-7ef1-4436-991e-ef84ba028339<-b186946b-7cb1-405f-b9a6-a6ba9d2e3b50#0:FAIL-t4, e89641c2-7ef1-4436-991e-ef84ba028339<-e9a757c7-3ca5-4a60-905c-412e8bb9c2fd#0:FAIL-t4] and 0 exception(s); e89641c2-7ef1-4436-991e-ef84ba028339@group-BE3AF9FFDD6F:t4, leader=null, voted=e89641c2-7ef1-4436-991e-ef84ba028339, raftlog=e89641c2-7ef1-4436-991e-ef84ba028339@group-BE3AF9FFDD6F-SegmentedRaftLog:OPENED:c-1,f-1,i0, conf=-1: [b186946b-7cb1-405f-b9a6-a6ba9d2e3b50:192.168.5.171:45263, e89641c2-7ef1-4436-991e-ef84ba028339:192.168.5.171:43968, e9a757c7-3ca5-4a60-905c-412e8bb9c2fd:192.168.5.171:37071], old=null
2019-09-19 10:42:56,072 [b186946b-7cb1-405f-b9a6-a6ba9d2e3b50@group-BE3AF9FFDD6F:LeaderElection16] INFO  impl.RoleInfo (RoleInfo.java:shutdownLeaderElection(134)) - b186946b-7cb1-405f-b9a6-a6ba9d2e3b50: shutdown LeaderElection
2019-09-19 10:42:56,074 [e89641c2-7ef1-4436-991e-ef84ba028339@group-BE3AF9FFDD6F:LeaderElection15] INFO  impl.RaftServerImpl (RaftServerImpl.java:setRole(174)) - e89641c2-7ef1-4436-991e-ef84ba028339@group-BE3AF9FFDD6F: changes role from CANDIDATE to FOLLOWER at term 4 for DISCOVERED_A_NEW_TERM
2019-09-19 10:42:56,075 [e89641c2-7ef1-4436-991e-ef84ba028339@group-BE3AF9FFDD6F:LeaderElection15] INFO  impl.RoleInfo (RoleInfo.java:shutdownLeaderElection(134)) - e89641c2-7ef1-4436-991e-ef84ba028339: shutdown LeaderElection
2019-09-19 10:42:56,075 [b186946b-7cb1-405f-b9a6-a6ba9d2e3b50@group-BE3AF9FFDD6F:LeaderElection16] INFO  impl.RoleInfo (RoleInfo.java:updateAndGet(143)) - b186946b-7cb1-405f-b9a6-a6ba9d2e3b50: start FollowerState
2019-09-19 10:42:56,075 [e89641c2-7ef1-4436-991e-ef84ba028339@group-BE3AF9FFDD6F:LeaderElection15] INFO  impl.RoleInfo (RoleInfo.java:updateAndGet(143)) - e89641c2-7ef1-4436-991e-ef84ba028339: start FollowerState
2019-09-19 10:42:56,077 [e9a757c7-3ca5-4a60-905c-412e8bb9c2fd@group-BE3AF9FFDD6F:LeaderElection17] INFO  impl.LeaderElection (LeaderElection.java:logAndReturn(56)) - e9a757c7-3ca5-4a60-905c-412e8bb9c2fd@group-BE3AF9FFDD6F:LeaderElection17: Election REJECTED; received 2 response(s) [e9a757c7-3ca5-4a60-905c-412e8bb9c2fd<-e89641c2-7ef1-4436-991e-ef84ba028339#0:FAIL-t4, e9a757c7-3ca5-4a60-905c-412e8bb9c2fd<-b186946b-7cb1-405f-b9a6-a6ba9d2e3b50#0:FAIL-t4] and 0 exception(s); e9a757c7-3ca5-4a60-905c-412e8bb9c2fd@group-BE3AF9FFDD6F:t4, leader=null, voted=e9a757c7-3ca5-4a60-905c-412e8bb9c2fd, raftlog=e9a757c7-3ca5-4a60-905c-412e8bb9c2fd@group-BE3AF9FFDD6F-SegmentedRaftLog:OPENED:c-1,f-1,i0, conf=-1: [b186946b-7cb1-405f-b9a6-a6ba9d2e3b50:192.168.5.171:45263, e89641c2-7ef1-4436-991e-ef84ba028339:192.168.5.171:43968, e9a757c7-3ca5-4a60-905c-412e8bb9c2fd:192.168.5.171:37071], old=null
2019-09-19 10:42:56,077 [e9a757c7-3ca5-4a60-905c-412e8bb9c2fd@group-BE3AF9FFDD6F:LeaderElection17] INFO  impl.RaftServerImpl (RaftServerImpl.java:setRole(174)) - e9a757c7-3ca5-4a60-905c-412e8bb9c2fd@group-BE3AF9FFDD6F: changes role from CANDIDATE to FOLLOWER at term 4 for DISCOVERED_A_NEW_TERM
2019-09-19 10:42:56,077 [e9a757c7-3ca5-4a60-905c-412e8bb9c2fd@group-BE3AF9FFDD6F:LeaderElection17] INFO  impl.RoleInfo (RoleInfo.java:shutdownLeaderElection(134)) - e9a757c7-3ca5-4a60-905c-412e8bb9c2fd: shutdown LeaderElection
2019-09-19 10:42:56,078 [e9a757c7-3ca5-4a60-905c-412e8bb9c2fd@group-BE3AF9FFDD6F:LeaderElection17] INFO  impl.RoleInfo (RoleInfo.java:updateAndGet(143)) - e9a757c7-3ca5-4a60-905c-412e8bb9c2fd: start FollowerState
2019-09-19 10:43:01,092 [Thread-365] INFO  impl.FollowerState (FollowerState.java:run(106)) - e9a757c7-3ca5-4a60-905c-412e8bb9c2fd:group-BE3AF9FFDD6F changes to CANDIDATE, lastRpcTime:5014, electionTimeout:5014ms
2019-09-19 10:43:01,095 [Thread-365] INFO  impl.RoleInfo (RoleInfo.java:shutdownFollowerState(121)) - e9a757c7-3ca5-4a60-905c-412e8bb9c2fd: shutdown FollowerState
2019-09-19 10:43:01,095 [Thread-365] INFO  impl.RaftServerImpl (RaftServerImpl.java:setRole(174)) - e9a757c7-3ca5-4a60-905c-412e8bb9c2fd@group-BE3AF9FFDD6F: changes role from  FOLLOWER to CANDIDATE at term 4 for changeToCandidate
2019-09-19 10:43:01,095 [Thread-365] INFO  impl.RoleInfo (RoleInfo.java:updateAndGet(143)) - e9a757c7-3ca5-4a60-905c-412e8bb9c2fd: start LeaderElection
2019-09-19 10:43:01,247 [Thread-363] INFO  impl.FollowerState (FollowerState.java:run(106)) - b186946b-7cb1-405f-b9a6-a6ba9d2e3b50:group-BE3AF9FFDD6F changes to CANDIDATE, lastRpcTime:5171, electionTimeout:5171ms
2019-09-19 10:43:01,247 [Thread-363] INFO  impl.RoleInfo (RoleInfo.java:shutdownFollowerState(121)) - b186946b-7cb1-405f-b9a6-a6ba9d2e3b50: shutdown FollowerState
2019-09-19 10:43:01,247 [Thread-363] INFO  impl.RaftServerImpl (RaftServerImpl.java:setRole(174)) - b186946b-7cb1-405f-b9a6-a6ba9d2e3b50@group-BE3AF9FFDD6F: changes role from  FOLLOWER to CANDIDATE at term 4 for changeToCandidate
2019-09-19 10:43:01,248 [Thread-363] INFO  impl.RoleInfo (RoleInfo.java:updateAndGet(143)) - b186946b-7cb1-405f-b9a6-a6ba9d2e3b50: start LeaderElection
2019-09-19 10:43:01,266 [Thread-364] INFO  impl.FollowerState (FollowerState.java:run(106)) - e89641c2-7ef1-4436-991e-ef84ba028339:group-BE3AF9FFDD6F changes to CANDIDATE, lastRpcTime:5190, electionTimeout:5190ms
2019-09-19 10:43:01,267 [Thread-364] INFO  impl.RoleInfo (RoleInfo.java:shutdownFollowerState(121)) - e89641c2-7ef1-4436-991e-ef84ba028339: shutdown FollowerState
2019-09-19 10:43:01,267 [Thread-364] INFO  impl.RaftServerImpl (RaftServerImpl.java:setRole(174)) - e89641c2-7ef1-4436-991e-ef84ba028339@group-BE3AF9FFDD6F: changes role from  FOLLOWER to CANDIDATE at term 4 for changeToCandidate
2019-09-19 10:43:01,267 [Thread-364] INFO  impl.RoleInfo (RoleInfo.java:updateAndGet(143)) - e89641c2-7ef1-4436-991e-ef84ba028339: start LeaderElection
2019-09-19 10:43:01,777 [e89641c2-7ef1-4436-991e-ef84ba028339@group-BE3AF9FFDD6F:LeaderElection20] INFO  impl.LeaderElection (LeaderElection.java:askForVotes(182)) - e89641c2-7ef1-4436-991e-ef84ba028339@group-BE3AF9FFDD6F:LeaderElection20: begin an election at term 5 for -1: [b186946b-7cb1-405f-b9a6-a6ba9d2e3b50:192.168.5.171:45263, e89641c2-7ef1-4436-991e-ef84ba028339:192.168.5.171:43968, e9a757c7-3ca5-4a60-905c-412e8bb9c2fd:192.168.5.171:37071], old=null
2019-09-19 10:43:01,777 [b186946b-7cb1-405f-b9a6-a6ba9d2e3b50@group-BE3AF9FFDD6F:LeaderElection19] INFO  impl.LeaderElection (LeaderElection.java:askForVotes(182)) - b186946b-7cb1-405f-b9a6-a6ba9d2e3b50@group-BE3AF9FFDD6F:LeaderElection19: begin an election at term 5 for -1: [b186946b-7cb1-405f-b9a6-a6ba9d2e3b50:192.168.5.171:45263, e89641c2-7ef1-4436-991e-ef84ba028339:192.168.5.171:43968, e9a757c7-3ca5-4a60-905c-412e8bb9c2fd:192.168.5.171:37071], old=null
2019-09-19 10:43:01,777 [e9a757c7-3ca5-4a60-905c-412e8bb9c2fd@group-BE3AF9FFDD6F:LeaderElection18] INFO  impl.LeaderElection (LeaderElection.java:askForVotes(182)) - e9a757c7-3ca5-4a60-905c-412e8bb9c2fd@group-BE3AF9FFDD6F:LeaderElection18: begin an election at term 5 for -1: [b186946b-7cb1-405f-b9a6-a6ba9d2e3b50:192.168.5.171:45263, e89641c2-7ef1-4436-991e-ef84ba028339:192.168.5.171:43968, e9a757c7-3ca5-4a60-905c-412e8bb9c2fd:192.168.5.171:37071], old=null
2019-09-19 10:43:01,791 [e89641c2-7ef1-4436-991e-ef84ba028339@group-BE3AF9FFDD6F:LeaderElection20] INFO  impl.LeaderElection (LeaderElection.java:logAndReturn(56)) - e89641c2-7ef1-4436-991e-ef84ba028339@group-BE3AF9FFDD6F:LeaderElection20: Election REJECTED; received 2 response(s) [e89641c2-7ef1-4436-991e-ef84ba028339<-b186946b-7cb1-405f-b9a6-a6ba9d2e3b50#0:FAIL-t5, e89641c2-7ef1-4436-991e-ef84ba028339<-e9a757c7-3ca5-4a60-905c-412e8bb9c2fd#0:FAIL-t5] and 0 exception(s); e89641c2-7ef1-4436-991e-ef84ba028339@group-BE3AF9FFDD6F:t5, leader=null, voted=e89641c2-7ef1-4436-991e-ef84ba028339, raftlog=e89641c2-7ef1-4436-991e-ef84ba028339@group-BE3AF9FFDD6F-SegmentedRaftLog:OPENED:c-1,f-1,i0, conf=-1: [b186946b-7cb1-405f-b9a6-a6ba9d2e3b50:192.168.5.171:45263, e89641c2-7ef1-4436-991e-ef84ba028339:192.168.5.171:43968, e9a757c7-3ca5-4a60-905c-412e8bb9c2fd:192.168.5.171:37071], old=null
2019-09-19 10:43:01,791 [b186946b-7cb1-405f-b9a6-a6ba9d2e3b50@group-BE3AF9FFDD6F:LeaderElection19] INFO  impl.LeaderElection (LeaderElection.java:logAndReturn(56)) - b186946b-7cb1-405f-b9a6-a6ba9d2e3b50@group-BE3AF9FFDD6F:LeaderElection19: Election REJECTED; received 2 response(s) [b186946b-7cb1-405f-b9a6-a6ba9d2e3b50<-e89641c2-7ef1-4436-991e-ef84ba028339#0:FAIL-t5, b186946b-7cb1-405f-b9a6-a6ba9d2e3b50<-e9a757c7-3ca5-4a60-905c-412e8bb9c2fd#0:FAIL-t5] and 0 exception(s); b186946b-7cb1-405f-b9a6-a6ba9d2e3b50@group-BE3AF9FFDD6F:t5, leader=null, voted=b186946b-7cb1-405f-b9a6-a6ba9d2e3b50, raftlog=b186946b-7cb1-405f-b9a6-a6ba9d2e3b50@group-BE3AF9FFDD6F-SegmentedRaftLog:OPENED:c-1,f-1,i0, conf=-1: [b186946b-7cb1-405f-b9a6-a6ba9d2e3b50:192.168.5.171:45263, e89641c2-7ef1-4436-991e-ef84ba028339:192.168.5.171:43968, e9a757c7-3ca5-4a60-905c-412e8bb9c2fd:192.168.5.171:37071], old=null
2019-09-19 10:43:01,791 [e89641c2-7ef1-4436-991e-ef84ba028339@group-BE3AF9FFDD6F:LeaderElection20] INFO  impl.RaftServerImpl (RaftServerImpl.java:setRole(174)) - e89641c2-7ef1-4436-991e-ef84ba028339@group-BE3AF9FFDD6F: changes role from CANDIDATE to FOLLOWER at term 5 for DISCOVERED_A_NEW_TERM
2019-09-19 10:43:01,793 [e9a757c7-3ca5-4a60-905c-412e8bb9c2fd@group-BE3AF9FFDD6F:LeaderElection18] INFO  impl.LeaderElection (LeaderElection.java:logAndReturn(56)) - e9a757c7-3ca5-4a60-905c-412e8bb9c2fd@group-BE3AF9FFDD6F:LeaderElection18: Election REJECTED; received 2 response(s) [e9a757c7-3ca5-4a60-905c-412e8bb9c2fd<-e89641c2-7ef1-4436-991e-ef84ba028339#0:FAIL-t5, e9a757c7-3ca5-4a60-905c-412e8bb9c2fd<-b186946b-7cb1-405f-b9a6-a6ba9d2e3b50#0:FAIL-t5] and 0 exception(s); e9a757c7-3ca5-4a60-905c-412e8bb9c2fd@group-BE3AF9FFDD6F:t5, leader=null, voted=e9a757c7-3ca5-4a60-905c-412e8bb9c2fd, raftlog=e9a757c7-3ca5-4a60-905c-412e8bb9c2fd@group-BE3AF9FFDD6F-SegmentedRaftLog:OPENED:c-1,f-1,i0, conf=-1: [b186946b-7cb1-405f-b9a6-a6ba9d2e3b50:192.168.5.171:45263, e89641c2-7ef1-4436-991e-ef84ba028339:192.168.5.171:43968, e9a757c7-3ca5-4a60-905c-412e8bb9c2fd:192.168.5.171:37071], old=null
2019-09-19 10:43:01,793 [b186946b-7cb1-405f-b9a6-a6ba9d2e3b50@group-BE3AF9FFDD6F:LeaderElection19] INFO  impl.RaftServerImpl (RaftServerImpl.java:setRole(174)) - b186946b-7cb1-405f-b9a6-a6ba9d2e3b50@group-BE3AF9FFDD6F: changes role from CANDIDATE to FOLLOWER at term 5 for DISCOVERED_A_NEW_TERM
2019-09-19 10:43:01,795 [e9a757c7-3ca5-4a60-905c-412e8bb9c2fd@group-BE3AF9FFDD6F:LeaderElection18] INFO  impl.RaftServerImpl (RaftServerImpl.java:setRole(174)) - e9a757c7-3ca5-4a60-905c-412e8bb9c2fd@group-BE3AF9FFDD6F: changes role from CANDIDATE to FOLLOWER at term 5 for DISCOVERED_A_NEW_TERM
2019-09-19 10:43:01,795 [e89641c2-7ef1-4436-991e-ef84ba028339@group-BE3AF9FFDD6F:LeaderElection20] INFO  impl.RoleInfo (RoleInfo.java:shutdownLeaderElection(134)) - e89641c2-7ef1-4436-991e-ef84ba028339: shutdown LeaderElection
2019-09-19 10:43:01,797 [e9a757c7-3ca5-4a60-905c-412e8bb9c2fd@group-BE3AF9FFDD6F:LeaderElection18] INFO  impl.RoleInfo (RoleInfo.java:shutdownLeaderElection(134)) - e9a757c7-3ca5-4a60-905c-412e8bb9c2fd: shutdown LeaderElection
2019-09-19 10:43:01,797 [e89641c2-7ef1-4436-991e-ef84ba028339@group-BE3AF9FFDD6F:LeaderElection20] INFO  impl.RoleInfo (RoleInfo.java:updateAndGet(143)) - e89641c2-7ef1-4436-991e-ef84ba028339: start FollowerState
2019-09-19 10:43:01,795 [b186946b-7cb1-405f-b9a6-a6ba9d2e3b50@group-BE3AF9FFDD6F:LeaderElection19] INFO  impl.RoleInfo (RoleInfo.java:shutdownLeaderElection(134)) - b186946b-7cb1-405f-b9a6-a6ba9d2e3b50: shutdown LeaderElection
2019-09-19 10:43:01,797 [e9a757c7-3ca5-4a60-905c-412e8bb9c2fd@group-BE3AF9FFDD6F:LeaderElection18] INFO  impl.RoleInfo (RoleInfo.java:updateAndGet(143)) - e9a757c7-3ca5-4a60-905c-412e8bb9c2fd: start FollowerState
2019-09-19 10:43:01,798 [b186946b-7cb1-405f-b9a6-a6ba9d2e3b50@group-BE3AF9FFDD6F:LeaderElection19] INFO  impl.RoleInfo (RoleInfo.java:updateAndGet(143)) - b186946b-7cb1-405f-b9a6-a6ba9d2e3b50: start FollowerState
2019-09-19 10:43:06,807 [Thread-388] INFO  impl.FollowerState (FollowerState.java:run(106)) - e9a757c7-3ca5-4a60-905c-412e8bb9c2fd:group-BE3AF9FFDD6F changes to CANDIDATE, lastRpcTime:5009, electionTimeout:5009ms
2019-09-19 10:43:06,809 [Thread-388] INFO  impl.RoleInfo (RoleInfo.java:shutdownFollowerState(121)) - e9a757c7-3ca5-4a60-905c-412e8bb9c2fd: shutdown FollowerState
2019-09-19 10:43:06,809 [Thread-388] INFO  impl.RaftServerImpl (RaftServerImpl.java:setRole(174)) - e9a757c7-3ca5-4a60-905c-412e8bb9c2fd@group-BE3AF9FFDD6F: changes role from  FOLLOWER to CANDIDATE at term 5 for changeToCandidate
2019-09-19 10:43:06,810 [Thread-388] INFO  impl.RoleInfo (RoleInfo.java:updateAndGet(143)) - e9a757c7-3ca5-4a60-905c-412e8bb9c2fd: start LeaderElection
2019-09-19 10:43:06,911 [Thread-389] INFO  impl.FollowerState (FollowerState.java:run(106)) - b186946b-7cb1-405f-b9a6-a6ba9d2e3b50:group-BE3AF9FFDD6F changes to CANDIDATE, lastRpcTime:5113, electionTimeout:5113ms
2019-09-19 10:43:06,912 [Thread-389] INFO  impl.RoleInfo (RoleInfo.java:shutdownFollowerState(121)) - b186946b-7cb1-405f-b9a6-a6ba9d2e3b50: shutdown FollowerState
2019-09-19 10:43:06,912 [Thread-389] INFO  impl.RaftServerImpl (RaftServerImpl.java:setRole(174)) - b186946b-7cb1-405f-b9a6-a6ba9d2e3b50@group-BE3AF9FFDD6F: changes role from  FOLLOWER to CANDIDATE at term 5 for changeToCandidate
2019-09-19 10:43:06,912 [Thread-389] INFO  impl.RoleInfo (RoleInfo.java:updateAndGet(143)) - b186946b-7cb1-405f-b9a6-a6ba9d2e3b50: start LeaderElection
2019-09-19 10:43:06,918 [Thread-387] INFO  impl.FollowerState (FollowerState.java:run(106)) - e89641c2-7ef1-4436-991e-ef84ba028339:group-BE3AF9FFDD6F changes to CANDIDATE, lastRpcTime:5120, electionTimeout:5120ms
2019-09-19 10:43:06,918 [Thread-387] INFO  impl.RoleInfo (RoleInfo.java:shutdownFollowerState(121)) - e89641c2-7ef1-4436-991e-ef84ba028339: shutdown FollowerState
2019-09-19 10:43:06,918 [Thread-387] INFO  impl.RaftServerImpl (RaftServerImpl.java:setRole(174)) - e89641c2-7ef1-4436-991e-ef84ba028339@group-BE3AF9FFDD6F: changes role from  FOLLOWER to CANDIDATE at term 5 for changeToCandidate
2019-09-19 10:43:06,919 [Thread-387] INFO  impl.RoleInfo (RoleInfo.java:updateAndGet(143)) - e89641c2-7ef1-4436-991e-ef84ba028339: start LeaderElection
2019-09-19 10:43:07,076 [b186946b-7cb1-405f-b9a6-a6ba9d2e3b50@group-BE3AF9FFDD6F:LeaderElection22] INFO  impl.LeaderElection (LeaderElection.java:askForVotes(182)) - b186946b-7cb1-405f-b9a6-a6ba9d2e3b50@group-BE3AF9FFDD6F:LeaderElection22: begin an election at term 6 for -1: [b186946b-7cb1-405f-b9a6-a6ba9d2e3b50:192.168.5.171:45263, e89641c2-7ef1-4436-991e-ef84ba028339:192.168.5.171:43968, e9a757c7-3ca5-4a60-905c-412e8bb9c2fd:192.168.5.171:37071], old=null
2019-09-19 10:43:07,076 [e9a757c7-3ca5-4a60-905c-412e8bb9c2fd@group-BE3AF9FFDD6F:LeaderElection21] INFO  impl.LeaderElection (LeaderElection.java:askForVotes(182)) - e9a757c7-3ca5-4a60-905c-412e8bb9c2fd@group-BE3AF9FFDD6F:LeaderElection21: begin an election at term 6 for -1: [b186946b-7cb1-405f-b9a6-a6ba9d2e3b50:192.168.5.171:45263, e89641c2-7ef1-4436-991e-ef84ba028339:192.168.5.171:43968, e9a757c7-3ca5-4a60-905c-412e8bb9c2fd:192.168.5.171:37071], old=null
2019-09-19 10:43:07,076 [e89641c2-7ef1-4436-991e-ef84ba028339@group-BE3AF9FFDD6F:LeaderElection23] INFO  impl.LeaderElection (LeaderElection.java:askForVotes(182)) - e89641c2-7ef1-4436-991e-ef84ba028339@group-BE3AF9FFDD6F:LeaderElection23: begin an election at term 6 for -1: [b186946b-7cb1-405f-b9a6-a6ba9d2e3b50:192.168.5.171:45263, e89641c2-7ef1-4436-991e-ef84ba028339:192.168.5.171:43968, e9a757c7-3ca5-4a60-905c-412e8bb9c2fd:192.168.5.171:37071], old=null
2019-09-19 10:43:07,083 [e9a757c7-3ca5-4a60-905c-412e8bb9c2fd@group-BE3AF9FFDD6F:LeaderElection21] INFO  impl.LeaderElection (LeaderElection.java:logAndReturn(56)) - e9a757c7-3ca5-4a60-905c-412e8bb9c2fd@group-BE3AF9FFDD6F:LeaderElection21: Election REJECTED; received 2 response(s) [e9a757c7-3ca5-4a60-905c-412e8bb9c2fd<-e89641c2-7ef1-4436-991e-ef84ba028339#0:FAIL-t6, e9a757c7-3ca5-4a60-905c-412e8bb9c2fd<-b186946b-7cb1-405f-b9a6-a6ba9d2e3b50#0:FAIL-t6] and 0 exception(s); e9a757c7-3ca5-4a60-905c-412e8bb9c2fd@group-BE3AF9FFDD6F:t6, leader=null, voted=e9a757c7-3ca5-4a60-905c-412e8bb9c2fd, raftlog=e9a757c7-3ca5-4a60-905c-412e8bb9c2fd@group-BE3AF9FFDD6F-SegmentedRaftLog:OPENED:c-1,f-1,i0, conf=-1: [b186946b-7cb1-405f-b9a6-a6ba9d2e3b50:192.168.5.171:45263, e89641c2-7ef1-4436-991e-ef84ba028339:192.168.5.171:43968, e9a757c7-3ca5-4a60-905c-412e8bb9c2fd:192.168.5.171:37071], old=null
2019-09-19 10:43:07,086 [e9a757c7-3ca5-4a60-905c-412e8bb9c2fd@group-BE3AF9FFDD6F:LeaderElection21] INFO  impl.RaftServerImpl (RaftServerImpl.java:setRole(174)) - e9a757c7-3ca5-4a60-905c-412e8bb9c2fd@group-BE3AF9FFDD6F: changes role from CANDIDATE to FOLLOWER at term 6 for DISCOVERED_A_NEW_TERM
2019-09-19 10:43:07,086 [e9a757c7-3ca5-4a60-905c-412e8bb9c2fd@group-BE3AF9FFDD6F:LeaderElection21] INFO  impl.RoleInfo (RoleInfo.java:shutdownLeaderElection(134)) - e9a757c7-3ca5-4a60-905c-412e8bb9c2fd: shutdown LeaderElection
2019-09-19 10:43:07,086 [e9a757c7-3ca5-4a60-905c-412e8bb9c2fd@group-BE3AF9FFDD6F:LeaderElection21] INFO  impl.RoleInfo (RoleInfo.java:updateAndGet(143)) - e9a757c7-3ca5-4a60-905c-412e8bb9c2fd: start FollowerState
2019-09-19 10:43:07,086 [e89641c2-7ef1-4436-991e-ef84ba028339@group-BE3AF9FFDD6F:LeaderElection23] INFO  impl.LeaderElection (LeaderElection.java:logAndReturn(56)) - e89641c2-7ef1-4436-991e-ef84ba028339@group-BE3AF9FFDD6F:LeaderElection23: Election REJECTED; received 2 response(s) [e89641c2-7ef1-4436-991e-ef84ba028339<-b186946b-7cb1-405f-b9a6-a6ba9d2e3b50#0:FAIL-t6, e89641c2-7ef1-4436-991e-ef84ba028339<-e9a757c7-3ca5-4a60-905c-412e8bb9c2fd#0:FAIL-t6] and 0 exception(s); e89641c2-7ef1-4436-991e-ef84ba028339@group-BE3AF9FFDD6F:t6, leader=null, voted=e89641c2-7ef1-4436-991e-ef84ba028339, raftlog=e89641c2-7ef1-4436-991e-ef84ba028339@group-BE3AF9FFDD6F-SegmentedRaftLog:OPENED:c-1,f-1,i0, conf=-1: [b186946b-7cb1-405f-b9a6-a6ba9d2e3b50:192.168.5.171:45263, e89641c2-7ef1-4436-991e-ef84ba028339:192.168.5.171:43968, e9a757c7-3ca5-4a60-905c-412e8bb9c2fd:192.168.5.171:37071], old=null
2019-09-19 10:43:07,086 [b186946b-7cb1-405f-b9a6-a6ba9d2e3b50@group-BE3AF9FFDD6F:LeaderElection22] INFO  impl.LeaderElection (LeaderElection.java:logAndReturn(56)) - b186946b-7cb1-405f-b9a6-a6ba9d2e3b50@group-BE3AF9FFDD6F:LeaderElection22: Election REJECTED; received 2 response(s) [b186946b-7cb1-405f-b9a6-a6ba9d2e3b50<-e89641c2-7ef1-4436-991e-ef84ba028339#0:FAIL-t6, b186946b-7cb1-405f-b9a6-a6ba9d2e3b50<-e9a757c7-3ca5-4a60-905c-412e8bb9c2fd#0:FAIL-t6] and 0 exception(s); b186946b-7cb1-405f-b9a6-a6ba9d2e3b50@group-BE3AF9FFDD6F:t6, leader=null, voted=b186946b-7cb1-405f-b9a6-a6ba9d2e3b50, raftlog=b186946b-7cb1-405f-b9a6-a6ba9d2e3b50@group-BE3AF9FFDD6F-SegmentedRaftLog:OPENED:c-1,f-1,i0, conf=-1: [b186946b-7cb1-405f-b9a6-a6ba9d2e3b50:192.168.5.171:45263, e89641c2-7ef1-4436-991e-ef84ba028339:192.168.5.171:43968, e9a757c7-3ca5-4a60-905c-412e8bb9c2fd:192.168.5.171:37071], old=null
2019-09-19 10:43:07,087 [e89641c2-7ef1-4436-991e-ef84ba028339@group-BE3AF9FFDD6F:LeaderElection23] INFO  impl.RaftServerImpl (RaftServerImpl.java:setRole(174)) - e89641c2-7ef1-4436-991e-ef84ba028339@group-BE3AF9FFDD6F: changes role from CANDIDATE to FOLLOWER at term 6 for DISCOVERED_A_NEW_TERM
2019-09-19 10:43:07,089 [b186946b-7cb1-405f-b9a6-a6ba9d2e3b50@group-BE3AF9FFDD6F:LeaderElection22] INFO  impl.RaftServerImpl (RaftServerImpl.java:setRole(174)) - b186946b-7cb1-405f-b9a6-a6ba9d2e3b50@group-BE3AF9FFDD6F: changes role from CANDIDATE to FOLLOWER at term 6 for DISCOVERED_A_NEW_TERM
2019-09-19 10:43:07,089 [e89641c2-7ef1-4436-991e-ef84ba028339@group-BE3AF9FFDD6F:LeaderElection23] INFO  impl.RoleInfo (RoleInfo.java:shutdownLeaderElection(134)) - e89641c2-7ef1-4436-991e-ef84ba028339: shutdown LeaderElection
2019-09-19 10:43:07,090 [b186946b-7cb1-405f-b9a6-a6ba9d2e3b50@group-BE3AF9FFDD6F:LeaderElection22] INFO  impl.RoleInfo (RoleInfo.java:shutdownLeaderElection(134)) - b186946b-7cb1-405f-b9a6-a6ba9d2e3b50: shutdown LeaderElection
2019-09-19 10:43:07,090 [e89641c2-7ef1-4436-991e-ef84ba028339@group-BE3AF9FFDD6F:LeaderElection23] INFO  impl.RoleInfo (RoleInfo.java:updateAndGet(143)) - e89641c2-7ef1-4436-991e-ef84ba028339: start FollowerState
2019-09-19 10:43:07,090 [b186946b-7cb1-405f-b9a6-a6ba9d2e3b50@group-BE3AF9FFDD6F:LeaderElection22] INFO  impl.RoleInfo (RoleInfo.java:updateAndGet(143)) - b186946b-7cb1-405f-b9a6-a6ba9d2e3b50: start FollowerState
2019-09-19 10:43:12,120 [Thread-410] INFO  impl.FollowerState (FollowerState.java:run(106)) - e89641c2-7ef1-4436-991e-ef84ba028339:group-BE3AF9FFDD6F changes to CANDIDATE, lastRpcTime:5029, electionTimeout:5029ms
2019-09-19 10:43:12,120 [Thread-410] INFO  impl.RoleInfo (RoleInfo.java:shutdownFollowerState(121)) - e89641c2-7ef1-4436-991e-ef84ba028339: shutdown FollowerState
2019-09-19 10:43:12,121 [Thread-410] INFO  impl.RaftServerImpl (RaftServerImpl.java:setRole(174)) - e89641c2-7ef1-4436-991e-ef84ba028339@group-BE3AF9FFDD6F: changes role from  FOLLOWER to CANDIDATE at term 6 for changeToCandidate
2019-09-19 10:43:12,121 [Thread-410] INFO  impl.RoleInfo (RoleInfo.java:updateAndGet(143)) - e89641c2-7ef1-4436-991e-ef84ba028339: start LeaderElection
2019-09-19 10:43:12,204 [Thread-409] INFO  impl.FollowerState (FollowerState.java:run(106)) - e9a757c7-3ca5-4a60-905c-412e8bb9c2fd:group-BE3AF9FFDD6F changes to CANDIDATE, lastRpcTime:5117, electionTimeout:5116ms
2019-09-19 10:43:12,204 [Thread-409] INFO  impl.RoleInfo (RoleInfo.java:shutdownFollowerState(121)) - e9a757c7-3ca5-4a60-905c-412e8bb9c2fd: shutdown FollowerState
2019-09-19 10:43:12,204 [Thread-409] INFO  impl.RaftServerImpl (RaftServerImpl.java:setRole(174)) - e9a757c7-3ca5-4a60-905c-412e8bb9c2fd@group-BE3AF9FFDD6F: changes role from  FOLLOWER to CANDIDATE at term 6 for changeToCandidate
2019-09-19 10:43:12,204 [Thread-409] INFO  impl.RoleInfo (RoleInfo.java:updateAndGet(143)) - e9a757c7-3ca5-4a60-905c-412e8bb9c2fd: start LeaderElection
2019-09-19 10:43:12,231 [Thread-411] INFO  impl.FollowerState (FollowerState.java:run(106)) - b186946b-7cb1-405f-b9a6-a6ba9d2e3b50:group-BE3AF9FFDD6F changes to CANDIDATE, lastRpcTime:5140, electionTimeout:5140ms
2019-09-19 10:43:12,231 [Thread-411] INFO  impl.RoleInfo (RoleInfo.java:shutdownFollowerState(121)) - b186946b-7cb1-405f-b9a6-a6ba9d2e3b50: shutdown FollowerState
2019-09-19 10:43:12,231 [Thread-411] INFO  impl.RaftServerImpl (RaftServerImpl.java:setRole(174)) - b186946b-7cb1-405f-b9a6-a6ba9d2e3b50@group-BE3AF9FFDD6F: changes role from  FOLLOWER to CANDIDATE at term 6 for changeToCandidate
2019-09-19 10:43:12,231 [Thread-411] INFO  impl.RoleInfo (RoleInfo.java:updateAndGet(143)) - b186946b-7cb1-405f-b9a6-a6ba9d2e3b50: start LeaderElection
2019-09-19 10:43:14,504 [b186946b-7cb1-405f-b9a6-a6ba9d2e3b50@group-BE3AF9FFDD6F:LeaderElection26] INFO  impl.LeaderElection (LeaderElection.java:askForVotes(182)) - b186946b-7cb1-405f-b9a6-a6ba9d2e3b50@group-BE3AF9FFDD6F:LeaderElection26: begin an election at term 7 for -1: [b186946b-7cb1-405f-b9a6-a6ba9d2e3b50:192.168.5.171:45263, e89641c2-7ef1-4436-991e-ef84ba028339:192.168.5.171:43968, e9a757c7-3ca5-4a60-905c-412e8bb9c2fd:192.168.5.171:37071], old=null
2019-09-19 10:43:14,504 [e89641c2-7ef1-4436-991e-ef84ba028339@group-BE3AF9FFDD6F:LeaderElection24] INFO  impl.LeaderElection (LeaderElection.java:askForVotes(182)) - e89641c2-7ef1-4436-991e-ef84ba028339@group-BE3AF9FFDD6F:LeaderElection24: begin an election at term 7 for -1: [b186946b-7cb1-405f-b9a6-a6ba9d2e3b50:192.168.5.171:45263, e89641c2-7ef1-4436-991e-ef84ba028339:192.168.5.171:43968, e9a757c7-3ca5-4a60-905c-412e8bb9c2fd:192.168.5.171:37071], old=null
2019-09-19 10:43:14,504 [e9a757c7-3ca5-4a60-905c-412e8bb9c2fd@group-BE3AF9FFDD6F:LeaderElection25] INFO  impl.LeaderElection (LeaderElection.java:askForVotes(182)) - e9a757c7-3ca5-4a60-905c-412e8bb9c2fd@group-BE3AF9FFDD6F:LeaderElection25: begin an election at term 7 for -1: [b186946b-7cb1-405f-b9a6-a6ba9d2e3b50:192.168.5.171:45263, e89641c2-7ef1-4436-991e-ef84ba028339:192.168.5.171:43968, e9a757c7-3ca5-4a60-905c-412e8bb9c2fd:192.168.5.171:37071], old=null
2019-09-19 10:43:14,514 [e9a757c7-3ca5-4a60-905c-412e8bb9c2fd@group-BE3AF9FFDD6F:LeaderElection25] INFO  impl.LeaderElection (LeaderElection.java:logAndReturn(56)) - e9a757c7-3ca5-4a60-905c-412e8bb9c2fd@group-BE3AF9FFDD6F:LeaderElection25: Election REJECTED; received 2 response(s) [e9a757c7-3ca5-4a60-905c-412e8bb9c2fd<-b186946b-7cb1-405f-b9a6-a6ba9d2e3b50#0:FAIL-t7, e9a757c7-3ca5-4a60-905c-412e8bb9c2fd<-e89641c2-7ef1-4436-991e-ef84ba028339#0:FAIL-t7] and 0 exception(s); e9a757c7-3ca5-4a60-905c-412e8bb9c2fd@group-BE3AF9FFDD6F:t7, leader=null, voted=e9a757c7-3ca5-4a60-905c-412e8bb9c2fd, raftlog=e9a757c7-3ca5-4a60-905c-412e8bb9c2fd@group-BE3AF9FFDD6F-SegmentedRaftLog:OPENED:c-1,f-1,i0, conf=-1: [b186946b-7cb1-405f-b9a6-a6ba9d2e3b50:192.168.5.171:45263, e89641c2-7ef1-4436-991e-ef84ba028339:192.168.5.171:43968, e9a757c7-3ca5-4a60-905c-412e8bb9c2fd:192.168.5.171:37071], old=null
2019-09-19 10:43:14,514 [e9a757c7-3ca5-4a60-905c-412e8bb9c2fd@group-BE3AF9FFDD6F:LeaderElection25] INFO  impl.RaftServerImpl (RaftServerImpl.java:setRole(174)) - e9a757c7-3ca5-4a60-905c-412e8bb9c2fd@group-BE3AF9FFDD6F: changes role from CANDIDATE to FOLLOWER at term 7 for DISCOVERED_A_NEW_TERM
2019-09-19 10:43:14,514 [e9a757c7-3ca5-4a60-905c-412e8bb9c2fd@group-BE3AF9FFDD6F:LeaderElection25] INFO  impl.RoleInfo (RoleInfo.java:shutdownLeaderElection(134)) - e9a757c7-3ca5-4a60-905c-412e8bb9c2fd: shutdown LeaderElection
2019-09-19 10:43:14,515 [b186946b-7cb1-405f-b9a6-a6ba9d2e3b50@group-BE3AF9FFDD6F:LeaderElection26] INFO  impl.LeaderElection (LeaderElection.java:logAndReturn(56)) - b186946b-7cb1-405f-b9a6-a6ba9d2e3b50@group-BE3AF9FFDD6F:LeaderElection26: Election REJECTED; received 2 response(s) [b186946b-7cb1-405f-b9a6-a6ba9d2e3b50<-e89641c2-7ef1-4436-991e-ef84ba028339#0:FAIL-t7, b186946b-7cb1-405f-b9a6-a6ba9d2e3b50<-e9a757c7-3ca5-4a60-905c-412e8bb9c2fd#0:FAIL-t7] and 0 exception(s); b186946b-7cb1-405f-b9a6-a6ba9d2e3b50@group-BE3AF9FFDD6F:t7, leader=null, voted=b186946b-7cb1-405f-b9a6-a6ba9d2e3b50, raftlog=b186946b-7cb1-405f-b9a6-a6ba9d2e3b50@group-BE3AF9FFDD6F-SegmentedRaftLog:OPENED:c-1,f-1,i0, conf=-1: [b186946b-7cb1-405f-b9a6-a6ba9d2e3b50:192.168.5.171:45263, e89641c2-7ef1-4436-991e-ef84ba028339:192.168.5.171:43968, e9a757c7-3ca5-4a60-905c-412e8bb9c2fd:192.168.5.171:37071], old=null
2019-09-19 10:43:14,515 [e9a757c7-3ca5-4a60-905c-412e8bb9c2fd@group-BE3AF9FFDD6F:LeaderElection25] INFO  impl.RoleInfo (RoleInfo.java:updateAndGet(143)) - e9a757c7-3ca5-4a60-905c-412e8bb9c2fd: start FollowerState
2019-09-19 10:43:14,516 [b186946b-7cb1-405f-b9a6-a6ba9d2e3b50@group-BE3AF9FFDD6F:LeaderElection26] INFO  impl.RaftServerImpl (RaftServerImpl.java:setRole(174)) - b186946b-7cb1-405f-b9a6-a6ba9d2e3b50@group-BE3AF9FFDD6F: changes role from CANDIDATE to FOLLOWER at term 7 for DISCOVERED_A_NEW_TERM
2019-09-19 10:43:14,518 [b186946b-7cb1-405f-b9a6-a6ba9d2e3b50@group-BE3AF9FFDD6F:LeaderElection26] INFO  impl.RoleInfo (RoleInfo.java:shutdownLeaderElection(134)) - b186946b-7cb1-405f-b9a6-a6ba9d2e3b50: shutdown LeaderElection
2019-09-19 10:43:14,518 [b186946b-7cb1-405f-b9a6-a6ba9d2e3b50@group-BE3AF9FFDD6F:LeaderElection26] INFO  impl.RoleInfo (RoleInfo.java:updateAndGet(143)) - b186946b-7cb1-405f-b9a6-a6ba9d2e3b50: start FollowerState
2019-09-19 10:43:14,518 [e89641c2-7ef1-4436-991e-ef84ba028339@group-BE3AF9FFDD6F:LeaderElection24] INFO  impl.LeaderElection (LeaderElection.java:logAndReturn(56)) - e89641c2-7ef1-4436-991e-ef84ba028339@group-BE3AF9FFDD6F:LeaderElection24: Election REJECTED; received 2 response(s) [e89641c2-7ef1-4436-991e-ef84ba028339<-b186946b-7cb1-405f-b9a6-a6ba9d2e3b50#0:FAIL-t7, e89641c2-7ef1-4436-991e-ef84ba028339<-e9a757c7-3ca5-4a60-905c-412e8bb9c2fd#0:FAIL-t7] and 0 exception(s); e89641c2-7ef1-4436-991e-ef84ba028339@group-BE3AF9FFDD6F:t7, leader=null, voted=e89641c2-7ef1-4436-991e-ef84ba028339, raftlog=e89641c2-7ef1-4436-991e-ef84ba028339@group-BE3AF9FFDD6F-SegmentedRaftLog:OPENED:c-1,f-1,i0, conf=-1: [b186946b-7cb1-405f-b9a6-a6ba9d2e3b50:192.168.5.171:45263, e89641c2-7ef1-4436-991e-ef84ba028339:192.168.5.171:43968, e9a757c7-3ca5-4a60-905c-412e8bb9c2fd:192.168.5.171:37071], old=null
2019-09-19 10:43:14,518 [e89641c2-7ef1-4436-991e-ef84ba028339@group-BE3AF9FFDD6F:LeaderElection24] INFO  impl.RaftServerImpl (RaftServerImpl.java:setRole(174)) - e89641c2-7ef1-4436-991e-ef84ba028339@group-BE3AF9FFDD6F: changes role from CANDIDATE to FOLLOWER at term 7 for DISCOVERED_A_NEW_TERM
2019-09-19 10:43:14,518 [e89641c2-7ef1-4436-991e-ef84ba028339@group-BE3AF9FFDD6F:LeaderElection24] INFO  impl.RoleInfo (RoleInfo.java:shutdownLeaderElection(134)) - e89641c2-7ef1-4436-991e-ef84ba028339: shutdown LeaderElection
2019-09-19 10:43:14,519 [e89641c2-7ef1-4436-991e-ef84ba028339@group-BE3AF9FFDD6F:LeaderElection24] INFO  impl.RoleInfo (RoleInfo.java:updateAndGet(143)) - e89641c2-7ef1-4436-991e-ef84ba028339: start FollowerState
2019-09-19 10:43:19,529 [Thread-435] INFO  impl.FollowerState (FollowerState.java:run(106)) - e9a757c7-3ca5-4a60-905c-412e8bb9c2fd:group-BE3AF9FFDD6F changes to CANDIDATE, lastRpcTime:5014, electionTimeout:5011ms
2019-09-19 10:43:19,532 [Thread-435] INFO  impl.RoleInfo (RoleInfo.java:shutdownFollowerState(121)) - e9a757c7-3ca5-4a60-905c-412e8bb9c2fd: shutdown FollowerState
2019-09-19 10:43:19,532 [Thread-435] INFO  impl.RaftServerImpl (RaftServerImpl.java:setRole(174)) - e9a757c7-3ca5-4a60-905c-412e8bb9c2fd@group-BE3AF9FFDD6F: changes role from  FOLLOWER to CANDIDATE at term 7 for changeToCandidate
2019-09-19 10:43:19,532 [Thread-435] INFO  impl.RoleInfo (RoleInfo.java:updateAndGet(143)) - e9a757c7-3ca5-4a60-905c-412e8bb9c2fd: start LeaderElection
2019-09-19 10:43:19,600 [Thread-437] INFO  impl.FollowerState (FollowerState.java:run(106)) - e89641c2-7ef1-4436-991e-ef84ba028339:group-BE3AF9FFDD6F changes to CANDIDATE, lastRpcTime:5081, electionTimeout:5081ms
2019-09-19 10:43:19,600 [Thread-437] INFO  impl.RoleInfo (RoleInfo.java:shutdownFollowerState(121)) - e89641c2-7ef1-4436-991e-ef84ba028339: shutdown FollowerState
2019-09-19 10:43:19,600 [Thread-437] INFO  impl.RaftServerImpl (RaftServerImpl.java:setRole(174)) - e89641c2-7ef1-4436-991e-ef84ba028339@group-BE3AF9FFDD6F: changes role from  FOLLOWER to CANDIDATE at term 7 for changeToCandidate
2019-09-19 10:43:19,601 [Thread-437] INFO  impl.RoleInfo (RoleInfo.java:updateAndGet(143)) - e89641c2-7ef1-4436-991e-ef84ba028339: start LeaderElection
2019-09-19 10:43:19,703 [Thread-436] INFO  impl.FollowerState (FollowerState.java:run(106)) - b186946b-7cb1-405f-b9a6-a6ba9d2e3b50:group-BE3AF9FFDD6F changes to CANDIDATE, lastRpcTime:5185, electionTimeout:5185ms
2019-09-19 10:43:19,703 [Thread-436] INFO  impl.RoleInfo (RoleInfo.java:shutdownFollowerState(121)) - b186946b-7cb1-405f-b9a6-a6ba9d2e3b50: shutdown FollowerState
2019-09-19 10:43:19,704 [Thread-436] INFO  impl.RaftServerImpl (RaftServerImpl.java:setRole(174)) - b186946b-7cb1-405f-b9a6-a6ba9d2e3b50@group-BE3AF9FFDD6F: changes role from  FOLLOWER to CANDIDATE at term 7 for changeToCandidate
2019-09-19 10:43:19,704 [Thread-436] INFO  impl.RoleInfo (RoleInfo.java:updateAndGet(143)) - b186946b-7cb1-405f-b9a6-a6ba9d2e3b50: start LeaderElection
2019-09-19 10:43:21,111 [b186946b-7cb1-405f-b9a6-a6ba9d2e3b50@group-BE3AF9FFDD6F:LeaderElection29] INFO  impl.LeaderElection (LeaderElection.java:askForVotes(182)) - b186946b-7cb1-405f-b9a6-a6ba9d2e3b50@group-BE3AF9FFDD6F:LeaderElection29: begin an election at term 8 for -1: [b186946b-7cb1-405f-b9a6-a6ba9d2e3b50:192.168.5.171:45263, e89641c2-7ef1-4436-991e-ef84ba028339:192.168.5.171:43968, e9a757c7-3ca5-4a60-905c-412e8bb9c2fd:192.168.5.171:37071], old=null
2019-09-19 10:43:21,111 [e89641c2-7ef1-4436-991e-ef84ba028339@group-BE3AF9FFDD6F:LeaderElection28] INFO  impl.LeaderElection (LeaderElection.java:askForVotes(182)) - e89641c2-7ef1-4436-991e-ef84ba028339@group-BE3AF9FFDD6F:LeaderElection28: begin an election at term 8 for -1: [b186946b-7cb1-405f-b9a6-a6ba9d2e3b50:192.168.5.171:45263, e89641c2-7ef1-4436-991e-ef84ba028339:192.168.5.171:43968, e9a757c7-3ca5-4a60-905c-412e8bb9c2fd:192.168.5.171:37071], old=null
2019-09-19 10:43:21,111 [e9a757c7-3ca5-4a60-905c-412e8bb9c2fd@group-BE3AF9FFDD6F:LeaderElection27] INFO  impl.LeaderElection (LeaderElection.java:askForVotes(182)) - e9a757c7-3ca5-4a60-905c-412e8bb9c2fd@group-BE3AF9FFDD6F:LeaderElection27: begin an election at term 8 for -1: [b186946b-7cb1-405f-b9a6-a6ba9d2e3b50:192.168.5.171:45263, e89641c2-7ef1-4436-991e-ef84ba028339:192.168.5.171:43968, e9a757c7-3ca5-4a60-905c-412e8bb9c2fd:192.168.5.171:37071], old=null
2019-09-19 10:43:21,122 [e89641c2-7ef1-4436-991e-ef84ba028339@group-BE3AF9FFDD6F:LeaderElection28] INFO  impl.LeaderElection (LeaderElection.java:logAndReturn(56)) - e89641c2-7ef1-4436-991e-ef84ba028339@group-BE3AF9FFDD6F:LeaderElection28: Election REJECTED; received 2 response(s) [e89641c2-7ef1-4436-991e-ef84ba028339<-b186946b-7cb1-405f-b9a6-a6ba9d2e3b50#0:FAIL-t8, e89641c2-7ef1-4436-991e-ef84ba028339<-e9a757c7-3ca5-4a60-905c-412e8bb9c2fd#0:FAIL-t8] and 0 exception(s); e89641c2-7ef1-4436-991e-ef84ba028339@group-BE3AF9FFDD6F:t8, leader=null, voted=e89641c2-7ef1-4436-991e-ef84ba028339, raftlog=e89641c2-7ef1-4436-991e-ef84ba028339@group-BE3AF9FFDD6F-SegmentedRaftLog:OPENED:c-1,f-1,i0, conf=-1: [b186946b-7cb1-405f-b9a6-a6ba9d2e3b50:192.168.5.171:45263, e89641c2-7ef1-4436-991e-ef84ba028339:192.168.5.171:43968, e9a757c7-3ca5-4a60-905c-412e8bb9c2fd:192.168.5.171:37071], old=null
2019-09-19 10:43:21,122 [e89641c2-7ef1-4436-991e-ef84ba028339@group-BE3AF9FFDD6F:LeaderElection28] INFO  impl.RaftServerImpl (RaftServerImpl.java:setRole(174)) - e89641c2-7ef1-4436-991e-ef84ba028339@group-BE3AF9FFDD6F: changes role from CANDIDATE to FOLLOWER at term 8 for DISCOVERED_A_NEW_TERM
2019-09-19 10:43:21,123 [e9a757c7-3ca5-4a60-905c-412e8bb9c2fd@group-BE3AF9FFDD6F:LeaderElection27] INFO  impl.LeaderElection (LeaderElection.java:logAndReturn(56)) - e9a757c7-3ca5-4a60-905c-412e8bb9c2fd@group-BE3AF9FFDD6F:LeaderElection27: Election REJECTED; received 2 response(s) [e9a757c7-3ca5-4a60-905c-412e8bb9c2fd<-e89641c2-7ef1-4436-991e-ef84ba028339#0:FAIL-t8, e9a757c7-3ca5-4a60-905c-412e8bb9c2fd<-b186946b-7cb1-405f-b9a6-a6ba9d2e3b50#0:FAIL-t8] and 0 exception(s); e9a757c7-3ca5-4a60-905c-412e8bb9c2fd@group-BE3AF9FFDD6F:t8, leader=null, voted=e9a757c7-3ca5-4a60-905c-412e8bb9c2fd, raftlog=e9a757c7-3ca5-4a60-905c-412e8bb9c2fd@group-BE3AF9FFDD6F-SegmentedRaftLog:OPENED:c-1,f-1,i0, conf=-1: [b186946b-7cb1-405f-b9a6-a6ba9d2e3b50:192.168.5.171:45263, e89641c2-7ef1-4436-991e-ef84ba028339:192.168.5.171:43968, e9a757c7-3ca5-4a60-905c-412e8bb9c2fd:192.168.5.171:37071], old=null
2019-09-19 10:43:21,123 [b186946b-7cb1-405f-b9a6-a6ba9d2e3b50@group-BE3AF9FFDD6F:LeaderElection29] INFO  impl.LeaderElection (LeaderElection.java:logAndReturn(56)) - b186946b-7cb1-405f-b9a6-a6ba9d2e3b50@group-BE3AF9FFDD6F:LeaderElection29: Election REJECTED; received 2 response(s) [b186946b-7cb1-405f-b9a6-a6ba9d2e3b50<-e89641c2-7ef1-4436-991e-ef84ba028339#0:FAIL-t8, b186946b-7cb1-405f-b9a6-a6ba9d2e3b50<-e9a757c7-3ca5-4a60-905c-412e8bb9c2fd#0:FAIL-t8] and 0 exception(s); b186946b-7cb1-405f-b9a6-a6ba9d2e3b50@group-BE3AF9FFDD6F:t8, leader=null, voted=b186946b-7cb1-405f-b9a6-a6ba9d2e3b50, raftlog=b186946b-7cb1-405f-b9a6-a6ba9d2e3b50@group-BE3AF9FFDD6F-SegmentedRaftLog:OPENED:c-1,f-1,i0, conf=-1: [b186946b-7cb1-405f-b9a6-a6ba9d2e3b50:192.168.5.171:45263, e89641c2-7ef1-4436-991e-ef84ba028339:192.168.5.171:43968, e9a757c7-3ca5-4a60-905c-412e8bb9c2fd:192.168.5.171:37071], old=null
2019-09-19 10:43:21,123 [e89641c2-7ef1-4436-991e-ef84ba028339@group-BE3AF9FFDD6F:LeaderElection28] INFO  impl.RoleInfo (RoleInfo.java:shutdownLeaderElection(134)) - e89641c2-7ef1-4436-991e-ef84ba028339: shutdown LeaderElection
2019-09-19 10:43:21,125 [b186946b-7cb1-405f-b9a6-a6ba9d2e3b50@group-BE3AF9FFDD6F:LeaderElection29] INFO  impl.RaftServerImpl (RaftServerImpl.java:setRole(174)) - b186946b-7cb1-405f-b9a6-a6ba9d2e3b50@group-BE3AF9FFDD6F: changes role from CANDIDATE to FOLLOWER at term 8 for DISCOVERED_A_NEW_TERM
2019-09-19 10:43:21,124 [e9a757c7-3ca5-4a60-905c-412e8bb9c2fd@group-BE3AF9FFDD6F:LeaderElection27] INFO  impl.RaftServerImpl (RaftServerImpl.java:setRole(174)) - e9a757c7-3ca5-4a60-905c-412e8bb9c2fd@group-BE3AF9FFDD6F: changes role from CANDIDATE to FOLLOWER at term 8 for DISCOVERED_A_NEW_TERM
2019-09-19 10:43:21,127 [e89641c2-7ef1-4436-991e-ef84ba028339@group-BE3AF9FFDD6F:LeaderElection28] INFO  impl.RoleInfo (RoleInfo.java:updateAndGet(143)) - e89641c2-7ef1-4436-991e-ef84ba028339: start FollowerState
2019-09-19 10:43:21,127 [b186946b-7cb1-405f-b9a6-a6ba9d2e3b50@group-BE3AF9FFDD6F:LeaderElection29] INFO  impl.RoleInfo (RoleInfo.java:shutdownLeaderElection(134)) - b186946b-7cb1-405f-b9a6-a6ba9d2e3b50: shutdown LeaderElection
2019-09-19 10:43:21,127 [e9a757c7-3ca5-4a60-905c-412e8bb9c2fd@group-BE3AF9FFDD6F:LeaderElection27] INFO  impl.RoleInfo (RoleInfo.java:shutdownLeaderElection(134)) - e9a757c7-3ca5-4a60-905c-412e8bb9c2fd: shutdown LeaderElection
2019-09-19 10:43:21,127 [b186946b-7cb1-405f-b9a6-a6ba9d2e3b50@group-BE3AF9FFDD6F:LeaderElection29] INFO  impl.RoleInfo (RoleInfo.java:updateAndGet(143)) - b186946b-7cb1-405f-b9a6-a6ba9d2e3b50: start FollowerState
2019-09-19 10:43:21,127 [e9a757c7-3ca5-4a60-905c-412e8bb9c2fd@group-BE3AF9FFDD6F:LeaderElection27] INFO  impl.RoleInfo (RoleInfo.java:updateAndGet(143)) - e9a757c7-3ca5-4a60-905c-412e8bb9c2fd: start FollowerState
2019-09-19 10:43:26,275 [Thread-462] INFO  impl.FollowerState (FollowerState.java:run(106)) - e89641c2-7ef1-4436-991e-ef84ba028339:group-BE3AF9FFDD6F changes to CANDIDATE, lastRpcTime:5148, electionTimeout:5148ms
2019-09-19 10:43:26,277 [Thread-462] INFO  impl.RoleInfo (RoleInfo.java:shutdownFollowerState(121)) - e89641c2-7ef1-4436-991e-ef84ba028339: shutdown FollowerState
2019-09-19 10:43:26,277 [Thread-462] INFO  impl.RaftServerImpl (RaftServerImpl.java:setRole(174)) - e89641c2-7ef1-4436-991e-ef84ba028339@group-BE3AF9FFDD6F: changes role from  FOLLOWER to CANDIDATE at term 8 for changeToCandidate
2019-09-19 10:43:26,277 [Thread-462] INFO  impl.RoleInfo (RoleInfo.java:updateAndGet(143)) - e89641c2-7ef1-4436-991e-ef84ba028339: start LeaderElection
2019-09-19 10:43:26,297 [Thread-464] INFO  impl.FollowerState (FollowerState.java:run(106)) - e9a757c7-3ca5-4a60-905c-412e8bb9c2fd:group-BE3AF9FFDD6F changes to CANDIDATE, lastRpcTime:5169, electionTimeout:5169ms
2019-09-19 10:43:26,297 [Thread-464] INFO  impl.RoleInfo (RoleInfo.java:shutdownFollowerState(121)) - e9a757c7-3ca5-4a60-905c-412e8bb9c2fd: shutdown FollowerState
2019-09-19 10:43:26,297 [Thread-464] INFO  impl.RaftServerImpl (RaftServerImpl.java:setRole(174)) - e9a757c7-3ca5-4a60-905c-412e8bb9c2fd@group-BE3AF9FFDD6F: changes role from  FOLLOWER to CANDIDATE at term 8 for changeToCandidate
2019-09-19 10:43:26,297 [Thread-464] INFO  impl.RoleInfo (RoleInfo.java:updateAndGet(143)) - e9a757c7-3ca5-4a60-905c-412e8bb9c2fd: start LeaderElection
2019-09-19 10:43:26,303 [Thread-463] INFO  impl.FollowerState (FollowerState.java:run(106)) - b186946b-7cb1-405f-b9a6-a6ba9d2e3b50:group-BE3AF9FFDD6F changes to CANDIDATE, lastRpcTime:5175, electionTimeout:5175ms
2019-09-19 10:43:26,303 [Thread-463] INFO  impl.RoleInfo (RoleInfo.java:shutdownFollowerState(121)) - b186946b-7cb1-405f-b9a6-a6ba9d2e3b50: shutdown FollowerState
2019-09-19 10:43:26,303 [Thread-463] INFO  impl.RaftServerImpl (RaftServerImpl.java:setRole(174)) - b186946b-7cb1-405f-b9a6-a6ba9d2e3b50@group-BE3AF9FFDD6F: changes role from  FOLLOWER to CANDIDATE at term 8 for changeToCandidate
2019-09-19 10:43:26,303 [Thread-463] INFO  impl.RoleInfo (RoleInfo.java:updateAndGet(143)) - b186946b-7cb1-405f-b9a6-a6ba9d2e3b50: start LeaderElection
2019-09-19 10:43:26,442 [e9a757c7-3ca5-4a60-905c-412e8bb9c2fd@group-BE3AF9FFDD6F:LeaderElection31] INFO  impl.LeaderElection (LeaderElection.java:askForVotes(182)) - e9a757c7-3ca5-4a60-905c-412e8bb9c2fd@group-BE3AF9FFDD6F:LeaderElection31: begin an election at term 9 for -1: [b186946b-7cb1-405f-b9a6-a6ba9d2e3b50:192.168.5.171:45263, e89641c2-7ef1-4436-991e-ef84ba028339:192.168.5.171:43968, e9a757c7-3ca5-4a60-905c-412e8bb9c2fd:192.168.5.171:37071], old=null
2019-09-19 10:43:26,442 [e89641c2-7ef1-4436-991e-ef84ba028339@group-BE3AF9FFDD6F:LeaderElection30] INFO  impl.LeaderElection (LeaderElection.java:askForVotes(182)) - e89641c2-7ef1-4436-991e-ef84ba028339@group-BE3AF9FFDD6F:LeaderElection30: begin an election at term 9 for -1: [b186946b-7cb1-405f-b9a6-a6ba9d2e3b50:192.168.5.171:45263, e89641c2-7ef1-4436-991e-ef84ba028339:192.168.5.171:43968, e9a757c7-3ca5-4a60-905c-412e8bb9c2fd:192.168.5.171:37071], old=null
2019-09-19 10:43:26,442 [b186946b-7cb1-405f-b9a6-a6ba9d2e3b50@group-BE3AF9FFDD6F:LeaderElection32] INFO  impl.LeaderElection (LeaderElection.java:askForVotes(182)) - b186946b-7cb1-405f-b9a6-a6ba9d2e3b50@group-BE3AF9FFDD6F:LeaderElection32: begin an election at term 9 for -1: [b186946b-7cb1-405f-b9a6-a6ba9d2e3b50:192.168.5.171:45263, e89641c2-7ef1-4436-991e-ef84ba028339:192.168.5.171:43968, e9a757c7-3ca5-4a60-905c-412e8bb9c2fd:192.168.5.171:37071], old=null
2019-09-19 10:43:26,454 [e9a757c7-3ca5-4a60-905c-412e8bb9c2fd@group-BE3AF9FFDD6F:LeaderElection31] INFO  impl.LeaderElection (LeaderElection.java:logAndReturn(56)) - e9a757c7-3ca5-4a60-905c-412e8bb9c2fd@group-BE3AF9FFDD6F:LeaderElection31: Election REJECTED; received 2 response(s) [e9a757c7-3ca5-4a60-905c-412e8bb9c2fd<-b186946b-7cb1-405f-b9a6-a6ba9d2e3b50#0:FAIL-t9, e9a757c7-3ca5-4a60-905c-412e8bb9c2fd<-e89641c2-7ef1-4436-991e-ef84ba028339#0:FAIL-t9] and 0 exception(s); e9a757c7-3ca5-4a60-905c-412e8bb9c2fd@group-BE3AF9FFDD6F:t9, leader=null, voted=e9a757c7-3ca5-4a60-905c-412e8bb9c2fd, raftlog=e9a757c7-3ca5-4a60-905c-412e8bb9c2fd@group-BE3AF9FFDD6F-SegmentedRaftLog:OPENED:c-1,f-1,i0, conf=-1: [b186946b-7cb1-405f-b9a6-a6ba9d2e3b50:192.168.5.171:45263, e89641c2-7ef1-4436-991e-ef84ba028339:192.168.5.171:43968, e9a757c7-3ca5-4a60-905c-412e8bb9c2fd:192.168.5.171:37071], old=null
2019-09-19 10:43:26,454 [e9a757c7-3ca5-4a60-905c-412e8bb9c2fd@group-BE3AF9FFDD6F:LeaderElection31] INFO  impl.RaftServerImpl (RaftServerImpl.java:setRole(174)) - e9a757c7-3ca5-4a60-905c-412e8bb9c2fd@group-BE3AF9FFDD6F: changes role from CANDIDATE to FOLLOWER at term 9 for DISCOVERED_A_NEW_TERM
2019-09-19 10:43:26,455 [e9a757c7-3ca5-4a60-905c-412e8bb9c2fd@group-BE3AF9FFDD6F:LeaderElection31] INFO  impl.RoleInfo (RoleInfo.java:shutdownLeaderElection(134)) - e9a757c7-3ca5-4a60-905c-412e8bb9c2fd: shutdown LeaderElection
2019-09-19 10:43:26,455 [e9a757c7-3ca5-4a60-905c-412e8bb9c2fd@group-BE3AF9FFDD6F:LeaderElection31] INFO  impl.RoleInfo (RoleInfo.java:updateAndGet(143)) - e9a757c7-3ca5-4a60-905c-412e8bb9c2fd: start FollowerState
2019-09-19 10:43:26,455 [b186946b-7cb1-405f-b9a6-a6ba9d2e3b50@group-BE3AF9FFDD6F:LeaderElection32] INFO  impl.LeaderElection (LeaderElection.java:logAndReturn(56)) - b186946b-7cb1-405f-b9a6-a6ba9d2e3b50@group-BE3AF9FFDD6F:LeaderElection32: Election REJECTED; received 2 response(s) [b186946b-7cb1-405f-b9a6-a6ba9d2e3b50<-e89641c2-7ef1-4436-991e-ef84ba028339#0:FAIL-t9, b186946b-7cb1-405f-b9a6-a6ba9d2e3b50<-e9a757c7-3ca5-4a60-905c-412e8bb9c2fd#0:FAIL-t9] and 0 exception(s); b186946b-7cb1-405f-b9a6-a6ba9d2e3b50@group-BE3AF9FFDD6F:t9, leader=null, voted=b186946b-7cb1-405f-b9a6-a6ba9d2e3b50, raftlog=b186946b-7cb1-405f-b9a6-a6ba9d2e3b50@group-BE3AF9FFDD6F-SegmentedRaftLog:OPENED:c-1,f-1,i0, conf=-1: [b186946b-7cb1-405f-b9a6-a6ba9d2e3b50:192.168.5.171:45263, e89641c2-7ef1-4436-991e-ef84ba028339:192.168.5.171:43968, e9a757c7-3ca5-4a60-905c-412e8bb9c2fd:192.168.5.171:37071], old=null
2019-09-19 10:43:26,457 [b186946b-7cb1-405f-b9a6-a6ba9d2e3b50@group-BE3AF9FFDD6F:LeaderElection32] INFO  impl.RaftServerImpl (RaftServerImpl.java:setRole(174)) - b186946b-7cb1-405f-b9a6-a6ba9d2e3b50@group-BE3AF9FFDD6F: changes role from CANDIDATE to FOLLOWER at term 9 for DISCOVERED_A_NEW_TERM
2019-09-19 10:43:26,457 [b186946b-7cb1-405f-b9a6-a6ba9d2e3b50@group-BE3AF9FFDD6F:LeaderElection32] INFO  impl.RoleInfo (RoleInfo.java:shutdownLeaderElection(134)) - b186946b-7cb1-405f-b9a6-a6ba9d2e3b50: shutdown LeaderElection
2019-09-19 10:43:26,457 [e89641c2-7ef1-4436-991e-ef84ba028339@group-BE3AF9FFDD6F:LeaderElection30] INFO  impl.LeaderElection (LeaderElection.java:logAndReturn(56)) - e89641c2-7ef1-4436-991e-ef84ba028339@group-BE3AF9FFDD6F:LeaderElection30: Election REJECTED; received 2 response(s) [e89641c2-7ef1-4436-991e-ef84ba028339<-b186946b-7cb1-405f-b9a6-a6ba9d2e3b50#0:FAIL-t9, e89641c2-7ef1-4436-991e-ef84ba028339<-e9a757c7-3ca5-4a60-905c-412e8bb9c2fd#0:FAIL-t9] and 0 exception(s); e89641c2-7ef1-4436-991e-ef84ba028339@group-BE3AF9FFDD6F:t9, leader=null, voted=e89641c2-7ef1-4436-991e-ef84ba028339, raftlog=e89641c2-7ef1-4436-991e-ef84ba028339@group-BE3AF9FFDD6F-SegmentedRaftLog:OPENED:c-1,f-1,i0, conf=-1: [b186946b-7cb1-405f-b9a6-a6ba9d2e3b50:192.168.5.171:45263, e89641c2-7ef1-4436-991e-ef84ba028339:192.168.5.171:43968, e9a757c7-3ca5-4a60-905c-412e8bb9c2fd:192.168.5.171:37071], old=null
2019-09-19 10:43:26,458 [b186946b-7cb1-405f-b9a6-a6ba9d2e3b50@group-BE3AF9FFDD6F:LeaderElection32] INFO  impl.RoleInfo (RoleInfo.java:updateAndGet(143)) - b186946b-7cb1-405f-b9a6-a6ba9d2e3b50: start FollowerState
2019-09-19 10:43:26,459 [e89641c2-7ef1-4436-991e-ef84ba028339@group-BE3AF9FFDD6F:LeaderElection30] INFO  impl.RaftServerImpl (RaftServerImpl.java:setRole(174)) - e89641c2-7ef1-4436-991e-ef84ba028339@group-BE3AF9FFDD6F: changes role from CANDIDATE to FOLLOWER at term 9 for DISCOVERED_A_NEW_TERM
2019-09-19 10:43:26,460 [e89641c2-7ef1-4436-991e-ef84ba028339@group-BE3AF9FFDD6F:LeaderElection30] INFO  impl.RoleInfo (RoleInfo.java:shutdownLeaderElection(134)) - e89641c2-7ef1-4436-991e-ef84ba028339: shutdown LeaderElection
2019-09-19 10:43:26,461 [e89641c2-7ef1-4436-991e-ef84ba028339@group-BE3AF9FFDD6F:LeaderElection30] INFO  impl.RoleInfo (RoleInfo.java:updateAndGet(143)) - e89641c2-7ef1-4436-991e-ef84ba028339: start FollowerState
2019-09-19 10:43:31,499 [Thread-489] INFO  impl.FollowerState (FollowerState.java:run(106)) - e9a757c7-3ca5-4a60-905c-412e8bb9c2fd:group-BE3AF9FFDD6F changes to CANDIDATE, lastRpcTime:5044, electionTimeout:5042ms
2019-09-19 10:43:31,500 [Thread-489] INFO  impl.RoleInfo (RoleInfo.java:shutdownFollowerState(121)) - e9a757c7-3ca5-4a60-905c-412e8bb9c2fd: shutdown FollowerState
2019-09-19 10:43:31,501 [Thread-489] INFO  impl.RaftServerImpl (RaftServerImpl.java:setRole(174)) - e9a757c7-3ca5-4a60-905c-412e8bb9c2fd@group-BE3AF9FFDD6F: changes role from  FOLLOWER to CANDIDATE at term 9 for changeToCandidate
2019-09-19 10:43:31,501 [Thread-489] INFO  impl.RoleInfo (RoleInfo.java:updateAndGet(143)) - e9a757c7-3ca5-4a60-905c-412e8bb9c2fd: start LeaderElection
2019-09-19 10:43:31,531 [Thread-490] INFO  impl.FollowerState (FollowerState.java:run(106)) - b186946b-7cb1-405f-b9a6-a6ba9d2e3b50:group-BE3AF9FFDD6F changes to CANDIDATE, lastRpcTime:5072, electionTimeout:5070ms
2019-09-19 10:43:31,531 [Thread-490] INFO  impl.RoleInfo (RoleInfo.java:shutdownFollowerState(121)) - b186946b-7cb1-405f-b9a6-a6ba9d2e3b50: shutdown FollowerState
2019-09-19 10:43:31,531 [Thread-490] INFO  impl.RaftServerImpl (RaftServerImpl.java:setRole(174)) - b186946b-7cb1-405f-b9a6-a6ba9d2e3b50@group-BE3AF9FFDD6F: changes role from  FOLLOWER to CANDIDATE at term 9 for changeToCandidate
2019-09-19 10:43:31,531 [Thread-491] INFO  impl.FollowerState (FollowerState.java:run(106)) - e89641c2-7ef1-4436-991e-ef84ba028339:group-BE3AF9FFDD6F changes to CANDIDATE, lastRpcTime:5070, electionTimeout:5070ms
2019-09-19 10:43:31,531 [Thread-490] INFO  impl.RoleInfo (RoleInfo.java:updateAndGet(143)) - b186946b-7cb1-405f-b9a6-a6ba9d2e3b50: start LeaderElection
2019-09-19 10:43:31,531 [Thread-491] INFO  impl.RoleInfo (RoleInfo.java:shutdownFollowerState(121)) - e89641c2-7ef1-4436-991e-ef84ba028339: shutdown FollowerState
2019-09-19 10:43:31,532 [Thread-491] INFO  impl.RaftServerImpl (RaftServerImpl.java:setRole(174)) - e89641c2-7ef1-4436-991e-ef84ba028339@group-BE3AF9FFDD6F: changes role from  FOLLOWER to CANDIDATE at term 9 for changeToCandidate
2019-09-19 10:43:31,534 [Thread-491] INFO  impl.RoleInfo (RoleInfo.java:updateAndGet(143)) - e89641c2-7ef1-4436-991e-ef84ba028339: start LeaderElection
2019-09-19 10:43:31,944 [b186946b-7cb1-405f-b9a6-a6ba9d2e3b50@group-BE3AF9FFDD6F:LeaderElection34] INFO  impl.LeaderElection (LeaderElection.java:askForVotes(182)) - b186946b-7cb1-405f-b9a6-a6ba9d2e3b50@group-BE3AF9FFDD6F:LeaderElection34: begin an election at term 10 for -1: [b186946b-7cb1-405f-b9a6-a6ba9d2e3b50:192.168.5.171:45263, e89641c2-7ef1-4436-991e-ef84ba028339:192.168.5.171:43968, e9a757c7-3ca5-4a60-905c-412e8bb9c2fd:192.168.5.171:37071], old=null
2019-09-19 10:43:31,944 [e89641c2-7ef1-4436-991e-ef84ba028339@group-BE3AF9FFDD6F:LeaderElection35] INFO  impl.LeaderElection (LeaderElection.java:askForVotes(182)) - e89641c2-7ef1-4436-991e-ef84ba028339@group-BE3AF9FFDD6F:LeaderElection35: begin an election at term 10 for -1: [b186946b-7cb1-405f-b9a6-a6ba9d2e3b50:192.168.5.171:45263, e89641c2-7ef1-4436-991e-ef84ba028339:192.168.5.171:43968, e9a757c7-3ca5-4a60-905c-412e8bb9c2fd:192.168.5.171:37071], old=null
2019-09-19 10:43:31,944 [e9a757c7-3ca5-4a60-905c-412e8bb9c2fd@group-BE3AF9FFDD6F:LeaderElection33] INFO  impl.LeaderElection (LeaderElection.java:askForVotes(182)) - e9a757c7-3ca5-4a60-905c-412e8bb9c2fd@group-BE3AF9FFDD6F:LeaderElection33: begin an election at term 10 for -1: [b186946b-7cb1-405f-b9a6-a6ba9d2e3b50:192.168.5.171:45263, e89641c2-7ef1-4436-991e-ef84ba028339:192.168.5.171:43968, e9a757c7-3ca5-4a60-905c-412e8bb9c2fd:192.168.5.171:37071], old=null
2019-09-19 10:43:31,953 [b186946b-7cb1-405f-b9a6-a6ba9d2e3b50@group-BE3AF9FFDD6F:LeaderElection34] INFO  impl.LeaderElection (LeaderElection.java:logAndReturn(56)) - b186946b-7cb1-405f-b9a6-a6ba9d2e3b50@group-BE3AF9FFDD6F:LeaderElection34: Election REJECTED; received 2 response(s) [b186946b-7cb1-405f-b9a6-a6ba9d2e3b50<-e89641c2-7ef1-4436-991e-ef84ba028339#0:FAIL-t10, b186946b-7cb1-405f-b9a6-a6ba9d2e3b50<-e9a757c7-3ca5-4a60-905c-412e8bb9c2fd#0:FAIL-t10] and 0 exception(s); b186946b-7cb1-405f-b9a6-a6ba9d2e3b50@group-BE3AF9FFDD6F:t10, leader=null, voted=b186946b-7cb1-405f-b9a6-a6ba9d2e3b50, raftlog=b186946b-7cb1-405f-b9a6-a6ba9d2e3b50@group-BE3AF9FFDD6F-SegmentedRaftLog:OPENED:c-1,f-1,i0, conf=-1: [b186946b-7cb1-405f-b9a6-a6ba9d2e3b50:192.168.5.171:45263, e89641c2-7ef1-4436-991e-ef84ba028339:192.168.5.171:43968, e9a757c7-3ca5-4a60-905c-412e8bb9c2fd:192.168.5.171:37071], old=null
2019-09-19 10:43:31,956 [b186946b-7cb1-405f-b9a6-a6ba9d2e3b50@group-BE3AF9FFDD6F:LeaderElection34] INFO  impl.RaftServerImpl (RaftServerImpl.java:setRole(174)) - b186946b-7cb1-405f-b9a6-a6ba9d2e3b50@group-BE3AF9FFDD6F: changes role from CANDIDATE to FOLLOWER at term 10 for DISCOVERED_A_NEW_TERM
2019-09-19 10:43:31,956 [b186946b-7cb1-405f-b9a6-a6ba9d2e3b50@group-BE3AF9FFDD6F:LeaderElection34] INFO  impl.RoleInfo (RoleInfo.java:shutdownLeaderElection(134)) - b186946b-7cb1-405f-b9a6-a6ba9d2e3b50: shutdown LeaderElection
2019-09-19 10:43:31,956 [e89641c2-7ef1-4436-991e-ef84ba028339@group-BE3AF9FFDD6F:LeaderElection35] INFO  impl.LeaderElection (LeaderElection.java:logAndReturn(56)) - e89641c2-7ef1-4436-991e-ef84ba028339@group-BE3AF9FFDD6F:LeaderElection35: Election REJECTED; received 2 response(s) [e89641c2-7ef1-4436-991e-ef84ba028339<-b186946b-7cb1-405f-b9a6-a6ba9d2e3b50#0:FAIL-t10, e89641c2-7ef1-4436-991e-ef84ba028339<-e9a757c7-3ca5-4a60-905c-412e8bb9c2fd#0:FAIL-t10] and 0 exception(s); e89641c2-7ef1-4436-991e-ef84ba028339@group-BE3AF9FFDD6F:t10, leader=null, voted=e89641c2-7ef1-4436-991e-ef84ba028339, raftlog=e89641c2-7ef1-4436-991e-ef84ba028339@group-BE3AF9FFDD6F-SegmentedRaftLog:OPENED:c-1,f-1,i0, conf=-1: [b186946b-7cb1-405f-b9a6-a6ba9d2e3b50:192.168.5.171:45263, e89641c2-7ef1-4436-991e-ef84ba028339:192.168.5.171:43968, e9a757c7-3ca5-4a60-905c-412e8bb9c2fd:192.168.5.171:37071], old=null
2019-09-19 10:43:31,958 [e9a757c7-3ca5-4a60-905c-412e8bb9c2fd@group-BE3AF9FFDD6F:LeaderElection33] INFO  impl.LeaderElection (LeaderElection.java:logAndReturn(56)) - e9a757c7-3ca5-4a60-905c-412e8bb9c2fd@group-BE3AF9FFDD6F:LeaderElection33: Election REJECTED; received 2 response(s) [e9a757c7-3ca5-4a60-905c-412e8bb9c2fd<-b186946b-7cb1-405f-b9a6-a6ba9d2e3b50#0:FAIL-t10, e9a757c7-3ca5-4a60-905c-412e8bb9c2fd<-e89641c2-7ef1-4436-991e-ef84ba028339#0:FAIL-t10] and 0 exception(s); e9a757c7-3ca5-4a60-905c-412e8bb9c2fd@group-BE3AF9FFDD6F:t10, leader=null, voted=e9a757c7-3ca5-4a60-905c-412e8bb9c2fd, raftlog=e9a757c7-3ca5-4a60-905c-412e8bb9c2fd@group-BE3AF9FFDD6F-SegmentedRaftLog:OPENED:c-1,f-1,i0, conf=-1: [b186946b-7cb1-405f-b9a6-a6ba9d2e3b50:192.168.5.171:45263, e89641c2-7ef1-4436-991e-ef84ba028339:192.168.5.171:43968, e9a757c7-3ca5-4a60-905c-412e8bb9c2fd:192.168.5.171:37071], old=null
2019-09-19 10:43:31,958 [b186946b-7cb1-405f-b9a6-a6ba9d2e3b50@group-BE3AF9FFDD6F:LeaderElection34] INFO  impl.RoleInfo (RoleInfo.java:updateAndGet(143)) - b186946b-7cb1-405f-b9a6-a6ba9d2e3b50: start FollowerState
2019-09-19 10:43:31,960 [e9a757c7-3ca5-4a60-905c-412e8bb9c2fd@group-BE3AF9FFDD6F:LeaderElection33] INFO  impl.RaftServerImpl (RaftServerImpl.java:setRole(174)) - e9a757c7-3ca5-4a60-905c-412e8bb9c2fd@group-BE3AF9FFDD6F: changes role from CANDIDATE to FOLLOWER at term 10 for DISCOVERED_A_NEW_TERM
2019-09-19 10:43:31,962 [e9a757c7-3ca5-4a60-905c-412e8bb9c2fd@group-BE3AF9FFDD6F:LeaderElection33] INFO  impl.RoleInfo (RoleInfo.java:shutdownLeaderElection(134)) - e9a757c7-3ca5-4a60-905c-412e8bb9c2fd: shutdown LeaderElection
2019-09-19 10:43:31,958 [e89641c2-7ef1-4436-991e-ef84ba028339@group-BE3AF9FFDD6F:LeaderElection35] INFO  impl.RaftServerImpl (RaftServerImpl.java:setRole(174)) - e89641c2-7ef1-4436-991e-ef84ba028339@group-BE3AF9FFDD6F: changes role from CANDIDATE to FOLLOWER at term 10 for DISCOVERED_A_NEW_TERM
2019-09-19 10:43:31,962 [e9a757c7-3ca5-4a60-905c-412e8bb9c2fd@group-BE3AF9FFDD6F:LeaderElection33] INFO  impl.RoleInfo (RoleInfo.java:updateAndGet(143)) - e9a757c7-3ca5-4a60-905c-412e8bb9c2fd: start FollowerState
2019-09-19 10:43:31,962 [e89641c2-7ef1-4436-991e-ef84ba028339@group-BE3AF9FFDD6F:LeaderElection35] INFO  impl.RoleInfo (RoleInfo.java:shutdownLeaderElection(134)) - e89641c2-7ef1-4436-991e-ef84ba028339: shutdown LeaderElection
2019-09-19 10:43:31,962 [e89641c2-7ef1-4436-991e-ef84ba028339@group-BE3AF9FFDD6F:LeaderElection35] INFO  impl.RoleInfo (RoleInfo.java:updateAndGet(143)) - e89641c2-7ef1-4436-991e-ef84ba028339: start FollowerState
2019-09-19 10:43:36,995 [Thread-512] INFO  impl.FollowerState (FollowerState.java:run(106)) - e9a757c7-3ca5-4a60-905c-412e8bb9c2fd:group-BE3AF9FFDD6F changes to CANDIDATE, lastRpcTime:5032, electionTimeout:5032ms
2019-09-19 10:43:36,996 [Thread-512] INFO  impl.RoleInfo (RoleInfo.java:shutdownFollowerState(121)) - e9a757c7-3ca5-4a60-905c-412e8bb9c2fd: shutdown FollowerState
2019-09-19 10:43:36,996 [Thread-512] INFO  impl.RaftServerImpl (RaftServerImpl.java:setRole(174)) - e9a757c7-3ca5-4a60-905c-412e8bb9c2fd@group-BE3AF9FFDD6F: changes role from  FOLLOWER to CANDIDATE at term 10 for changeToCandidate
2019-09-19 10:43:36,997 [Thread-512] INFO  impl.RoleInfo (RoleInfo.java:updateAndGet(143)) - e9a757c7-3ca5-4a60-905c-412e8bb9c2fd: start LeaderElection
2019-09-19 10:43:37,004 [Thread-513] INFO  impl.FollowerState (FollowerState.java:run(106)) - e89641c2-7ef1-4436-991e-ef84ba028339:group-BE3AF9FFDD6F changes to CANDIDATE, lastRpcTime:5041, electionTimeout:5041ms
2019-09-19 10:43:37,004 [Thread-513] INFO  impl.RoleInfo (RoleInfo.java:shutdownFollowerState(121)) - e89641c2-7ef1-4436-991e-ef84ba028339: shutdown FollowerState
2019-09-19 10:43:37,004 [Thread-513] INFO  impl.RaftServerImpl (RaftServerImpl.java:setRole(174)) - e89641c2-7ef1-4436-991e-ef84ba028339@group-BE3AF9FFDD6F: changes role from  FOLLOWER to CANDIDATE at term 10 for changeToCandidate
2019-09-19 10:43:37,004 [Thread-513] INFO  impl.RoleInfo (RoleInfo.java:updateAndGet(143)) - e89641c2-7ef1-4436-991e-ef84ba028339: start LeaderElection
2019-09-19 10:43:37,080 [Thread-511] INFO  impl.FollowerState (FollowerState.java:run(106)) - b186946b-7cb1-405f-b9a6-a6ba9d2e3b50:group-BE3AF9FFDD6F changes to CANDIDATE, lastRpcTime:5122, electionTimeout:5118ms
2019-09-19 10:43:37,080 [Thread-511] INFO  impl.RoleInfo (RoleInfo.java:shutdownFollowerState(121)) - b186946b-7cb1-405f-b9a6-a6ba9d2e3b50: shutdown FollowerState
2019-09-19 10:43:37,080 [Thread-511] INFO  impl.RaftServerImpl (RaftServerImpl.java:setRole(174)) - b186946b-7cb1-405f-b9a6-a6ba9d2e3b50@group-BE3AF9FFDD6F: changes role from  FOLLOWER to CANDIDATE at term 10 for changeToCandidate
2019-09-19 10:43:37,080 [Thread-511] INFO  impl.RoleInfo (RoleInfo.java:updateAndGet(143)) - b186946b-7cb1-405f-b9a6-a6ba9d2e3b50: start LeaderElection
2019-09-19 10:43:37,576 [e9a757c7-3ca5-4a60-905c-412e8bb9c2fd@group-BE3AF9FFDD6F:LeaderElection36] INFO  impl.LeaderElection (LeaderElection.java:askForVotes(182)) - e9a757c7-3ca5-4a60-905c-412e8bb9c2fd@group-BE3AF9FFDD6F:LeaderElection36: begin an election at term 11 for -1: [b186946b-7cb1-405f-b9a6-a6ba9d2e3b50:192.168.5.171:45263, e89641c2-7ef1-4436-991e-ef84ba028339:192.168.5.171:43968, e9a757c7-3ca5-4a60-905c-412e8bb9c2fd:192.168.5.171:37071], old=null
2019-09-19 10:43:37,576 [b186946b-7cb1-405f-b9a6-a6ba9d2e3b50@group-BE3AF9FFDD6F:LeaderElection38] INFO  impl.LeaderElection (LeaderElection.java:askForVotes(182)) - b186946b-7cb1-405f-b9a6-a6ba9d2e3b50@group-BE3AF9FFDD6F:LeaderElection38: begin an election at term 11 for -1: [b186946b-7cb1-405f-b9a6-a6ba9d2e3b50:192.168.5.171:45263, e89641c2-7ef1-4436-991e-ef84ba028339:192.168.5.171:43968, e9a757c7-3ca5-4a60-905c-412e8bb9c2fd:192.168.5.171:37071], old=null
2019-09-19 10:43:37,576 [e89641c2-7ef1-4436-991e-ef84ba028339@group-BE3AF9FFDD6F:LeaderElection37] INFO  impl.LeaderElection (LeaderElection.java:askForVotes(182)) - e89641c2-7ef1-4436-991e-ef84ba028339@group-BE3AF9FFDD6F:LeaderElection37: begin an election at term 11 for -1: [b186946b-7cb1-405f-b9a6-a6ba9d2e3b50:192.168.5.171:45263, e89641c2-7ef1-4436-991e-ef84ba028339:192.168.5.171:43968, e9a757c7-3ca5-4a60-905c-412e8bb9c2fd:192.168.5.171:37071], old=null
2019-09-19 10:43:37,586 [e9a757c7-3ca5-4a60-905c-412e8bb9c2fd@group-BE3AF9FFDD6F:LeaderElection36] INFO  impl.LeaderElection (LeaderElection.java:logAndReturn(56)) - e9a757c7-3ca5-4a60-905c-412e8bb9c2fd@group-BE3AF9FFDD6F:LeaderElection36: Election REJECTED; received 2 response(s) [e9a757c7-3ca5-4a60-905c-412e8bb9c2fd<-e89641c2-7ef1-4436-991e-ef84ba028339#0:FAIL-t11, e9a757c7-3ca5-4a60-905c-412e8bb9c2fd<-b186946b-7cb1-405f-b9a6-a6ba9d2e3b50#0:FAIL-t11] and 0 exception(s); e9a757c7-3ca5-4a60-905c-412e8bb9c2fd@group-BE3AF9FFDD6F:t11, leader=null, voted=e9a757c7-3ca5-4a60-905c-412e8bb9c2fd, raftlog=e9a757c7-3ca5-4a60-905c-412e8bb9c2fd@group-BE3AF9FFDD6F-SegmentedRaftLog:OPENED:c-1,f-1,i0, conf=-1: [b186946b-7cb1-405f-b9a6-a6ba9d2e3b50:192.168.5.171:45263, e89641c2-7ef1-4436-991e-ef84ba028339:192.168.5.171:43968, e9a757c7-3ca5-4a60-905c-412e8bb9c2fd:192.168.5.171:37071], old=null
2019-09-19 10:43:37,586 [e9a757c7-3ca5-4a60-905c-412e8bb9c2fd@group-BE3AF9FFDD6F:LeaderElection36] INFO  impl.RaftServerImpl (RaftServerImpl.java:setRole(174)) - e9a757c7-3ca5-4a60-905c-412e8bb9c2fd@group-BE3AF9FFDD6F: changes role from CANDIDATE to FOLLOWER at term 11 for DISCOVERED_A_NEW_TERM
2019-09-19 10:43:37,587 [e9a757c7-3ca5-4a60-905c-412e8bb9c2fd@group-BE3AF9FFDD6F:LeaderElection36] INFO  impl.RoleInfo (RoleInfo.java:shutdownLeaderElection(134)) - e9a757c7-3ca5-4a60-905c-412e8bb9c2fd: shutdown LeaderElection
2019-09-19 10:43:37,587 [e9a757c7-3ca5-4a60-905c-412e8bb9c2fd@group-BE3AF9FFDD6F:LeaderElection36] INFO  impl.RoleInfo (RoleInfo.java:updateAndGet(143)) - e9a757c7-3ca5-4a60-905c-412e8bb9c2fd: start FollowerState
2019-09-19 10:43:37,587 [b186946b-7cb1-405f-b9a6-a6ba9d2e3b50@group-BE3AF9FFDD6F:LeaderElection38] INFO  impl.LeaderElection (LeaderElection.java:logAndReturn(56)) - b186946b-7cb1-405f-b9a6-a6ba9d2e3b50@group-BE3AF9FFDD6F:LeaderElection38: Election REJECTED; received 2 response(s) [b186946b-7cb1-405f-b9a6-a6ba9d2e3b50<-e89641c2-7ef1-4436-991e-ef84ba028339#0:FAIL-t11, b186946b-7cb1-405f-b9a6-a6ba9d2e3b50<-e9a757c7-3ca5-4a60-905c-412e8bb9c2fd#0:FAIL-t11] and 0 exception(s); b186946b-7cb1-405f-b9a6-a6ba9d2e3b50@group-BE3AF9FFDD6F:t11, leader=null, voted=b186946b-7cb1-405f-b9a6-a6ba9d2e3b50, raftlog=b186946b-7cb1-405f-b9a6-a6ba9d2e3b50@group-BE3AF9FFDD6F-SegmentedRaftLog:OPENED:c-1,f-1,i0, conf=-1: [b186946b-7cb1-405f-b9a6-a6ba9d2e3b50:192.168.5.171:45263, e89641c2-7ef1-4436-991e-ef84ba028339:192.168.5.171:43968, e9a757c7-3ca5-4a60-905c-412e8bb9c2fd:192.168.5.171:37071], old=null
2019-09-19 10:43:37,589 [e89641c2-7ef1-4436-991e-ef84ba028339@group-BE3AF9FFDD6F:LeaderElection37] INFO  impl.LeaderElection (LeaderElection.java:logAndReturn(56)) - e89641c2-7ef1-4436-991e-ef84ba028339@group-BE3AF9FFDD6F:LeaderElection37: Election REJECTED; received 2 response(s) [e89641c2-7ef1-4436-991e-ef84ba028339<-b186946b-7cb1-405f-b9a6-a6ba9d2e3b50#0:FAIL-t11, e89641c2-7ef1-4436-991e-ef84ba028339<-e9a757c7-3ca5-4a60-905c-412e8bb9c2fd#0:FAIL-t11] and 0 exception(s); e89641c2-7ef1-4436-991e-ef84ba028339@group-BE3AF9FFDD6F:t11, leader=null, voted=e89641c2-7ef1-4436-991e-ef84ba028339, raftlog=e89641c2-7ef1-4436-991e-ef84ba028339@group-BE3AF9FFDD6F-SegmentedRaftLog:OPENED:c-1,f-1,i0, conf=-1: [b186946b-7cb1-405f-b9a6-a6ba9d2e3b50:192.168.5.171:45263, e89641c2-7ef1-4436-991e-ef84ba028339:192.168.5.171:43968, e9a757c7-3ca5-4a60-905c-412e8bb9c2fd:192.168.5.171:37071], old=null
2019-09-19 10:43:37,589 [b186946b-7cb1-405f-b9a6-a6ba9d2e3b50@group-BE3AF9FFDD6F:LeaderElection38] INFO  impl.RaftServerImpl (RaftServerImpl.java:setRole(174)) - b186946b-7cb1-405f-b9a6-a6ba9d2e3b50@group-BE3AF9FFDD6F: changes role from CANDIDATE to FOLLOWER at term 11 for DISCOVERED_A_NEW_TERM
2019-09-19 10:43:37,591 [b186946b-7cb1-405f-b9a6-a6ba9d2e3b50@group-BE3AF9FFDD6F:LeaderElection38] INFO  impl.RoleInfo (RoleInfo.java:shutdownLeaderElection(134)) - b186946b-7cb1-405f-b9a6-a6ba9d2e3b50: shutdown LeaderElection
2019-09-19 10:43:37,591 [e89641c2-7ef1-4436-991e-ef84ba028339@group-BE3AF9FFDD6F:LeaderElection37] INFO  impl.RaftServerImpl (RaftServerImpl.java:setRole(174)) - e89641c2-7ef1-4436-991e-ef84ba028339@group-BE3AF9FFDD6F: changes role from CANDIDATE to FOLLOWER at term 11 for DISCOVERED_A_NEW_TERM
2019-09-19 10:43:37,593 [b186946b-7cb1-405f-b9a6-a6ba9d2e3b50@group-BE3AF9FFDD6F:LeaderElection38] INFO  impl.RoleInfo (RoleInfo.java:updateAndGet(143)) - b186946b-7cb1-405f-b9a6-a6ba9d2e3b50: start FollowerState
2019-09-19 10:43:37,593 [e89641c2-7ef1-4436-991e-ef84ba028339@group-BE3AF9FFDD6F:LeaderElection37] INFO  impl.RoleInfo (RoleInfo.java:shutdownLeaderElection(134)) - e89641c2-7ef1-4436-991e-ef84ba028339: shutdown LeaderElection
2019-09-19 10:43:37,593 [e89641c2-7ef1-4436-991e-ef84ba028339@group-BE3AF9FFDD6F:LeaderElection37] INFO  impl.RoleInfo (RoleInfo.java:updateAndGet(143)) - e89641c2-7ef1-4436-991e-ef84ba028339: start FollowerState
2019-09-19 10:43:42,661 [Thread-537] INFO  impl.FollowerState (FollowerState.java:run(106)) - e89641c2-7ef1-4436-991e-ef84ba028339:group-BE3AF9FFDD6F changes to CANDIDATE, lastRpcTime:5068, electionTimeout:5067ms
2019-09-19 10:43:42,662 [Thread-537] INFO  impl.RoleInfo (RoleInfo.java:shutdownFollowerState(121)) - e89641c2-7ef1-4436-991e-ef84ba028339: shutdown FollowerState
2019-09-19 10:43:42,662 [Thread-537] INFO  impl.RaftServerImpl (RaftServerImpl.java:setRole(174)) - e89641c2-7ef1-4436-991e-ef84ba028339@group-BE3AF9FFDD6F: changes role from  FOLLOWER to CANDIDATE at term 11 for changeToCandidate
2019-09-19 10:43:42,662 [Thread-537] INFO  impl.RoleInfo (RoleInfo.java:updateAndGet(143)) - e89641c2-7ef1-4436-991e-ef84ba028339: start LeaderElection
2019-09-19 10:43:42,668 [Thread-535] INFO  impl.FollowerState (FollowerState.java:run(106)) - e9a757c7-3ca5-4a60-905c-412e8bb9c2fd:group-BE3AF9FFDD6F changes to CANDIDATE, lastRpcTime:5081, electionTimeout:5079ms
2019-09-19 10:43:42,668 [Thread-535] INFO  impl.RoleInfo (RoleInfo.java:shutdownFollowerState(121)) - e9a757c7-3ca5-4a60-905c-412e8bb9c2fd: shutdown FollowerState
2019-09-19 10:43:42,669 [Thread-535] INFO  impl.RaftServerImpl (RaftServerImpl.java:setRole(174)) - e9a757c7-3ca5-4a60-905c-412e8bb9c2fd@group-BE3AF9FFDD6F: changes role from  FOLLOWER to CANDIDATE at term 11 for changeToCandidate
2019-09-19 10:43:42,669 [Thread-535] INFO  impl.RoleInfo (RoleInfo.java:updateAndGet(143)) - e9a757c7-3ca5-4a60-905c-412e8bb9c2fd: start LeaderElection
2019-09-19 10:43:42,767 [Thread-536] INFO  impl.FollowerState (FollowerState.java:run(106)) - b186946b-7cb1-405f-b9a6-a6ba9d2e3b50:group-BE3AF9FFDD6F changes to CANDIDATE, lastRpcTime:5176, electionTimeout:5174ms
2019-09-19 10:43:42,768 [Thread-536] INFO  impl.RoleInfo (RoleInfo.java:shutdownFollowerState(121)) - b186946b-7cb1-405f-b9a6-a6ba9d2e3b50: shutdown FollowerState
2019-09-19 10:43:42,768 [Thread-536] INFO  impl.RaftServerImpl (RaftServerImpl.java:setRole(174)) - b186946b-7cb1-405f-b9a6-a6ba9d2e3b50@group-BE3AF9FFDD6F: changes role from  FOLLOWER to CANDIDATE at term 11 for changeToCandidate
2019-09-19 10:43:42,768 [Thread-536] INFO  impl.RoleInfo (RoleInfo.java:updateAndGet(143)) - b186946b-7cb1-405f-b9a6-a6ba9d2e3b50: start LeaderElection
2019-09-19 10:43:44,042 [e9a757c7-3ca5-4a60-905c-412e8bb9c2fd@group-BE3AF9FFDD6F:LeaderElection40] INFO  impl.LeaderElection (LeaderElection.java:askForVotes(182)) - e9a757c7-3ca5-4a60-905c-412e8bb9c2fd@group-BE3AF9FFDD6F:LeaderElection40: begin an election at term 12 for -1: [b186946b-7cb1-405f-b9a6-a6ba9d2e3b50:192.168.5.171:45263, e89641c2-7ef1-4436-991e-ef84ba028339:192.168.5.171:43968, e9a757c7-3ca5-4a60-905c-412e8bb9c2fd:192.168.5.171:37071], old=null
2019-09-19 10:43:44,042 [e89641c2-7ef1-4436-991e-ef84ba028339@group-BE3AF9FFDD6F:LeaderElection39] INFO  impl.LeaderElection (LeaderElection.java:askForVotes(182)) - e89641c2-7ef1-4436-991e-ef84ba028339@group-BE3AF9FFDD6F:LeaderElection39: begin an election at term 12 for -1: [b186946b-7cb1-405f-b9a6-a6ba9d2e3b50:192.168.5.171:45263, e89641c2-7ef1-4436-991e-ef84ba028339:192.168.5.171:43968, e9a757c7-3ca5-4a60-905c-412e8bb9c2fd:192.168.5.171:37071], old=null
2019-09-19 10:43:44,042 [b186946b-7cb1-405f-b9a6-a6ba9d2e3b50@group-BE3AF9FFDD6F:LeaderElection41] INFO  impl.LeaderElection (LeaderElection.java:askForVotes(182)) - b186946b-7cb1-405f-b9a6-a6ba9d2e3b50@group-BE3AF9FFDD6F:LeaderElection41: begin an election at term 12 for -1: [b186946b-7cb1-405f-b9a6-a6ba9d2e3b50:192.168.5.171:45263, e89641c2-7ef1-4436-991e-ef84ba028339:192.168.5.171:43968, e9a757c7-3ca5-4a60-905c-412e8bb9c2fd:192.168.5.171:37071], old=null
2019-09-19 10:43:44,052 [e9a757c7-3ca5-4a60-905c-412e8bb9c2fd@group-BE3AF9FFDD6F:LeaderElection40] INFO  impl.LeaderElection (LeaderElection.java:logAndReturn(56)) - e9a757c7-3ca5-4a60-905c-412e8bb9c2fd@group-BE3AF9FFDD6F:LeaderElection40: Election REJECTED; received 2 response(s) [e9a757c7-3ca5-4a60-905c-412e8bb9c2fd<-e89641c2-7ef1-4436-991e-ef84ba028339#0:FAIL-t12, e9a757c7-3ca5-4a60-905c-412e8bb9c2fd<-b186946b-7cb1-405f-b9a6-a6ba9d2e3b50#0:FAIL-t12] and 0 exception(s); e9a757c7-3ca5-4a60-905c-412e8bb9c2fd@group-BE3AF9FFDD6F:t12, leader=null, voted=e9a757c7-3ca5-4a60-905c-412e8bb9c2fd, raftlog=e9a757c7-3ca5-4a60-905c-412e8bb9c2fd@group-BE3AF9FFDD6F-SegmentedRaftLog:OPENED:c-1,f-1,i0, conf=-1: [b186946b-7cb1-405f-b9a6-a6ba9d2e3b50:192.168.5.171:45263, e89641c2-7ef1-4436-991e-ef84ba028339:192.168.5.171:43968, e9a757c7-3ca5-4a60-905c-412e8bb9c2fd:192.168.5.171:37071], old=null
2019-09-19 10:43:44,052 [e89641c2-7ef1-4436-991e-ef84ba028339@group-BE3AF9FFDD6F:LeaderElection39] INFO  impl.LeaderElection (LeaderElection.java:logAndReturn(56)) - e89641c2-7ef1-4436-991e-ef84ba028339@group-BE3AF9FFDD6F:LeaderElection39: Election REJECTED; received 2 response(s) [e89641c2-7ef1-4436-991e-ef84ba028339<-b186946b-7cb1-405f-b9a6-a6ba9d2e3b50#0:FAIL-t12, e89641c2-7ef1-4436-991e-ef84ba028339<-e9a757c7-3ca5-4a60-905c-412e8bb9c2fd#0:FAIL-t12] and 0 exception(s); e89641c2-7ef1-4436-991e-ef84ba028339@group-BE3AF9FFDD6F:t12, leader=null, voted=e89641c2-7ef1-4436-991e-ef84ba028339, raftlog=e89641c2-7ef1-4436-991e-ef84ba028339@group-BE3AF9FFDD6F-SegmentedRaftLog:OPENED:c-1,f-1,i0, conf=-1: [b186946b-7cb1-405f-b9a6-a6ba9d2e3b50:192.168.5.171:45263, e89641c2-7ef1-4436-991e-ef84ba028339:192.168.5.171:43968, e9a757c7-3ca5-4a60-905c-412e8bb9c2fd:192.168.5.171:37071], old=null
2019-09-19 10:43:44,052 [e9a757c7-3ca5-4a60-905c-412e8bb9c2fd@group-BE3AF9FFDD6F:LeaderElection40] INFO  impl.RaftServerImpl (RaftServerImpl.java:setRole(174)) - e9a757c7-3ca5-4a60-905c-412e8bb9c2fd@group-BE3AF9FFDD6F: changes role from CANDIDATE to FOLLOWER at term 12 for DISCOVERED_A_NEW_TERM
2019-09-19 10:43:44,054 [e89641c2-7ef1-4436-991e-ef84ba028339@group-BE3AF9FFDD6F:LeaderElection39] INFO  impl.RaftServerImpl (RaftServerImpl.java:setRole(174)) - e89641c2-7ef1-4436-991e-ef84ba028339@group-BE3AF9FFDD6F: changes role from CANDIDATE to FOLLOWER at term 12 for DISCOVERED_A_NEW_TERM
2019-09-19 10:43:44,056 [e89641c2-7ef1-4436-991e-ef84ba028339@group-BE3AF9FFDD6F:LeaderElection39] INFO  impl.RoleInfo (RoleInfo.java:shutdownLeaderElection(134)) - e89641c2-7ef1-4436-991e-ef84ba028339: shutdown LeaderElection
2019-09-19 10:43:44,054 [e9a757c7-3ca5-4a60-905c-412e8bb9c2fd@group-BE3AF9FFDD6F:LeaderElection40] INFO  impl.RoleInfo (RoleInfo.java:shutdownLeaderElection(134)) - e9a757c7-3ca5-4a60-905c-412e8bb9c2fd: shutdown LeaderElection
2019-09-19 10:43:44,056 [e89641c2-7ef1-4436-991e-ef84ba028339@group-BE3AF9FFDD6F:LeaderElection39] INFO  impl.RoleInfo (RoleInfo.java:updateAndGet(143)) - e89641c2-7ef1-4436-991e-ef84ba028339: start FollowerState
2019-09-19 10:43:44,056 [e9a757c7-3ca5-4a60-905c-412e8bb9c2fd@group-BE3AF9FFDD6F:LeaderElection40] INFO  impl.RoleInfo (RoleInfo.java:updateAndGet(143)) - e9a757c7-3ca5-4a60-905c-412e8bb9c2fd: start FollowerState
2019-09-19 10:43:44,056 [b186946b-7cb1-405f-b9a6-a6ba9d2e3b50@group-BE3AF9FFDD6F:LeaderElection41] INFO  impl.LeaderElection (LeaderElection.java:logAndReturn(56)) - b186946b-7cb1-405f-b9a6-a6ba9d2e3b50@group-BE3AF9FFDD6F:LeaderElection41: Election REJECTED; received 2 response(s) [b186946b-7cb1-405f-b9a6-a6ba9d2e3b50<-e89641c2-7ef1-4436-991e-ef84ba028339#0:FAIL-t12, b186946b-7cb1-405f-b9a6-a6ba9d2e3b50<-e9a757c7-3ca5-4a60-905c-412e8bb9c2fd#0:FAIL-t12] and 0 exception(s); b186946b-7cb1-405f-b9a6-a6ba9d2e3b50@group-BE3AF9FFDD6F:t12, leader=null, voted=b186946b-7cb1-405f-b9a6-a6ba9d2e3b50, raftlog=b186946b-7cb1-405f-b9a6-a6ba9d2e3b50@group-BE3AF9FFDD6F-SegmentedRaftLog:OPENED:c-1,f-1,i0, conf=-1: [b186946b-7cb1-405f-b9a6-a6ba9d2e3b50:192.168.5.171:45263, e89641c2-7ef1-4436-991e-ef84ba028339:192.168.5.171:43968, e9a757c7-3ca5-4a60-905c-412e8bb9c2fd:192.168.5.171:37071], old=null
2019-09-19 10:43:44,057 [b186946b-7cb1-405f-b9a6-a6ba9d2e3b50@group-BE3AF9FFDD6F:LeaderElection41] INFO  impl.RaftServerImpl (RaftServerImpl.java:setRole(174)) - b186946b-7cb1-405f-b9a6-a6ba9d2e3b50@group-BE3AF9FFDD6F: changes role from CANDIDATE to FOLLOWER at term 12 for DISCOVERED_A_NEW_TERM
2019-09-19 10:43:44,057 [b186946b-7cb1-405f-b9a6-a6ba9d2e3b50@group-BE3AF9FFDD6F:LeaderElection41] INFO  impl.RoleInfo (RoleInfo.java:shutdownLeaderElection(134)) - b186946b-7cb1-405f-b9a6-a6ba9d2e3b50: shutdown LeaderElection
2019-09-19 10:43:44,057 [b186946b-7cb1-405f-b9a6-a6ba9d2e3b50@group-BE3AF9FFDD6F:LeaderElection41] INFO  impl.RoleInfo (RoleInfo.java:updateAndGet(143)) - b186946b-7cb1-405f-b9a6-a6ba9d2e3b50: start FollowerState
2019-09-19 10:43:49,128 [Thread-561] INFO  impl.FollowerState (FollowerState.java:run(106)) - b186946b-7cb1-405f-b9a6-a6ba9d2e3b50:group-BE3AF9FFDD6F changes to CANDIDATE, lastRpcTime:5070, electionTimeout:5070ms
2019-09-19 10:43:49,131 [Thread-561] INFO  impl.RoleInfo (RoleInfo.java:shutdownFollowerState(121)) - b186946b-7cb1-405f-b9a6-a6ba9d2e3b50: shutdown FollowerState
2019-09-19 10:43:49,131 [Thread-561] INFO  impl.RaftServerImpl (RaftServerImpl.java:setRole(174)) - b186946b-7cb1-405f-b9a6-a6ba9d2e3b50@group-BE3AF9FFDD6F: changes role from  FOLLOWER to CANDIDATE at term 12 for changeToCandidate
2019-09-19 10:43:49,132 [Thread-561] INFO  impl.RoleInfo (RoleInfo.java:updateAndGet(143)) - b186946b-7cb1-405f-b9a6-a6ba9d2e3b50: start LeaderElection
2019-09-19 10:43:49,147 [Thread-559] INFO  impl.FollowerState (FollowerState.java:run(106)) - e89641c2-7ef1-4436-991e-ef84ba028339:group-BE3AF9FFDD6F changes to CANDIDATE, lastRpcTime:5090, electionTimeout:5090ms
2019-09-19 10:43:49,147 [Thread-559] INFO  impl.RoleInfo (RoleInfo.java:shutdownFollowerState(121)) - e89641c2-7ef1-4436-991e-ef84ba028339: shutdown FollowerState
2019-09-19 10:43:49,147 [Thread-559] INFO  impl.RaftServerImpl (RaftServerImpl.java:setRole(174)) - e89641c2-7ef1-4436-991e-ef84ba028339@group-BE3AF9FFDD6F: changes role from  FOLLOWER to CANDIDATE at term 12 for changeToCandidate
2019-09-19 10:43:49,148 [Thread-559] INFO  impl.RoleInfo (RoleInfo.java:updateAndGet(143)) - e89641c2-7ef1-4436-991e-ef84ba028339: start LeaderElection
2019-09-19 10:43:49,166 [Thread-560] INFO  impl.FollowerState (FollowerState.java:run(106)) - e9a757c7-3ca5-4a60-905c-412e8bb9c2fd:group-BE3AF9FFDD6F changes to CANDIDATE, lastRpcTime:5109, electionTimeout:5109ms
2019-09-19 10:43:49,166 [Thread-560] INFO  impl.RoleInfo (RoleInfo.java:shutdownFollowerState(121)) - e9a757c7-3ca5-4a60-905c-412e8bb9c2fd: shutdown FollowerState
2019-09-19 10:43:49,166 [Thread-560] INFO  impl.RaftServerImpl (RaftServerImpl.java:setRole(174)) - e9a757c7-3ca5-4a60-905c-412e8bb9c2fd@group-BE3AF9FFDD6F: changes role from  FOLLOWER to CANDIDATE at term 12 for changeToCandidate
2019-09-19 10:43:49,166 [Thread-560] INFO  impl.RoleInfo (RoleInfo.java:updateAndGet(143)) - e9a757c7-3ca5-4a60-905c-412e8bb9c2fd: start LeaderElection
2019-09-19 10:43:50,451 [e9a757c7-3ca5-4a60-905c-412e8bb9c2fd@group-BE3AF9FFDD6F:LeaderElection44] INFO  impl.LeaderElection (LeaderElection.java:askForVotes(182)) - e9a757c7-3ca5-4a60-905c-412e8bb9c2fd@group-BE3AF9FFDD6F:LeaderElection44: begin an election at term 13 for -1: [b186946b-7cb1-405f-b9a6-a6ba9d2e3b50:192.168.5.171:45263, e89641c2-7ef1-4436-991e-ef84ba028339:192.168.5.171:43968, e9a757c7-3ca5-4a60-905c-412e8bb9c2fd:192.168.5.171:37071], old=null
2019-09-19 10:43:50,451 [e89641c2-7ef1-4436-991e-ef84ba028339@group-BE3AF9FFDD6F:LeaderElection43] INFO  impl.LeaderElection (LeaderElection.java:askForVotes(182)) - e89641c2-7ef1-4436-991e-ef84ba028339@group-BE3AF9FFDD6F:LeaderElection43: begin an election at term 13 for -1: [b186946b-7cb1-405f-b9a6-a6ba9d2e3b50:192.168.5.171:45263, e89641c2-7ef1-4436-991e-ef84ba028339:192.168.5.171:43968, e9a757c7-3ca5-4a60-905c-412e8bb9c2fd:192.168.5.171:37071], old=null
2019-09-19 10:43:50,451 [b186946b-7cb1-405f-b9a6-a6ba9d2e3b50@group-BE3AF9FFDD6F:LeaderElection42] INFO  impl.LeaderElection (LeaderElection.java:askForVotes(182)) - b186946b-7cb1-405f-b9a6-a6ba9d2e3b50@group-BE3AF9FFDD6F:LeaderElection42: begin an election at term 13 for -1: [b186946b-7cb1-405f-b9a6-a6ba9d2e3b50:192.168.5.171:45263, e89641c2-7ef1-4436-991e-ef84ba028339:192.168.5.171:43968, e9a757c7-3ca5-4a60-905c-412e8bb9c2fd:192.168.5.171:37071], old=null
2019-09-19 10:43:50,461 [b186946b-7cb1-405f-b9a6-a6ba9d2e3b50@group-BE3AF9FFDD6F:LeaderElection42] INFO  impl.LeaderElection (LeaderElection.java:logAndReturn(56)) - b186946b-7cb1-405f-b9a6-a6ba9d2e3b50@group-BE3AF9FFDD6F:LeaderElection42: Election REJECTED; received 2 response(s) [b186946b-7cb1-405f-b9a6-a6ba9d2e3b50<-e89641c2-7ef1-4436-991e-ef84ba028339#0:FAIL-t13, b186946b-7cb1-405f-b9a6-a6ba9d2e3b50<-e9a757c7-3ca5-4a60-905c-412e8bb9c2fd#0:FAIL-t13] and 0 exception(s); b186946b-7cb1-405f-b9a6-a6ba9d2e3b50@group-BE3AF9FFDD6F:t13, leader=null, voted=b186946b-7cb1-405f-b9a6-a6ba9d2e3b50, raftlog=b186946b-7cb1-405f-b9a6-a6ba9d2e3b50@group-BE3AF9FFDD6F-SegmentedRaftLog:OPENED:c-1,f-1,i0, conf=-1: [b186946b-7cb1-405f-b9a6-a6ba9d2e3b50:192.168.5.171:45263, e89641c2-7ef1-4436-991e-ef84ba028339:192.168.5.171:43968, e9a757c7-3ca5-4a60-905c-412e8bb9c2fd:192.168.5.171:37071], old=null
2019-09-19 10:43:50,461 [b186946b-7cb1-405f-b9a6-a6ba9d2e3b50@group-BE3AF9FFDD6F:LeaderElection42] INFO  impl.RaftServerImpl (RaftServerImpl.java:setRole(174)) - b186946b-7cb1-405f-b9a6-a6ba9d2e3b50@group-BE3AF9FFDD6F: changes role from CANDIDATE to FOLLOWER at term 13 for DISCOVERED_A_NEW_TERM
2019-09-19 10:43:50,462 [b186946b-7cb1-405f-b9a6-a6ba9d2e3b50@group-BE3AF9FFDD6F:LeaderElection42] INFO  impl.RoleInfo (RoleInfo.java:shutdownLeaderElection(134)) - b186946b-7cb1-405f-b9a6-a6ba9d2e3b50: shutdown LeaderElection
2019-09-19 10:43:50,462 [b186946b-7cb1-405f-b9a6-a6ba9d2e3b50@group-BE3AF9FFDD6F:LeaderElection42] INFO  impl.RoleInfo (RoleInfo.java:updateAndGet(143)) - b186946b-7cb1-405f-b9a6-a6ba9d2e3b50: start FollowerState
2019-09-19 10:43:50,462 [e9a757c7-3ca5-4a60-905c-412e8bb9c2fd@group-BE3AF9FFDD6F:LeaderElection44] INFO  impl.LeaderElection (LeaderElection.java:logAndReturn(56)) - e9a757c7-3ca5-4a60-905c-412e8bb9c2fd@group-BE3AF9FFDD6F:LeaderElection44: Election REJECTED; received 2 response(s) [e9a757c7-3ca5-4a60-905c-412e8bb9c2fd<-e89641c2-7ef1-4436-991e-ef84ba028339#0:FAIL-t13, e9a757c7-3ca5-4a60-905c-412e8bb9c2fd<-b186946b-7cb1-405f-b9a6-a6ba9d2e3b50#0:FAIL-t13] and 0 exception(s); e9a757c7-3ca5-4a60-905c-412e8bb9c2fd@group-BE3AF9FFDD6F:t13, leader=null, voted=e9a757c7-3ca5-4a60-905c-412e8bb9c2fd, raftlog=e9a757c7-3ca5-4a60-905c-412e8bb9c2fd@group-BE3AF9FFDD6F-SegmentedRaftLog:OPENED:c-1,f-1,i0, conf=-1: [b186946b-7cb1-405f-b9a6-a6ba9d2e3b50:192.168.5.171:45263, e89641c2-7ef1-4436-991e-ef84ba028339:192.168.5.171:43968, e9a757c7-3ca5-4a60-905c-412e8bb9c2fd:192.168.5.171:37071], old=null
2019-09-19 10:43:50,463 [e9a757c7-3ca5-4a60-905c-412e8bb9c2fd@group-BE3AF9FFDD6F:LeaderElection44] INFO  impl.RaftServerImpl (RaftServerImpl.java:setRole(174)) - e9a757c7-3ca5-4a60-905c-412e8bb9c2fd@group-BE3AF9FFDD6F: changes role from CANDIDATE to FOLLOWER at term 13 for DISCOVERED_A_NEW_TERM
2019-09-19 10:43:50,464 [e9a757c7-3ca5-4a60-905c-412e8bb9c2fd@group-BE3AF9FFDD6F:LeaderElection44] INFO  impl.RoleInfo (RoleInfo.java:shutdownLeaderElection(134)) - e9a757c7-3ca5-4a60-905c-412e8bb9c2fd: shutdown LeaderElection
2019-09-19 10:43:50,464 [e9a757c7-3ca5-4a60-905c-412e8bb9c2fd@group-BE3AF9FFDD6F:LeaderElection44] INFO  impl.RoleInfo (RoleInfo.java:updateAndGet(143)) - e9a757c7-3ca5-4a60-905c-412e8bb9c2fd: start FollowerState
2019-09-19 10:43:50,464 [e89641c2-7ef1-4436-991e-ef84ba028339@group-BE3AF9FFDD6F:LeaderElection43] INFO  impl.LeaderElection (LeaderElection.java:logAndReturn(56)) - e89641c2-7ef1-4436-991e-ef84ba028339@group-BE3AF9FFDD6F:LeaderElection43: Election REJECTED; received 2 response(s) [e89641c2-7ef1-4436-991e-ef84ba028339<-b186946b-7cb1-405f-b9a6-a6ba9d2e3b50#0:FAIL-t13, e89641c2-7ef1-4436-991e-ef84ba028339<-e9a757c7-3ca5-4a60-905c-412e8bb9c2fd#0:FAIL-t13] and 0 exception(s); e89641c2-7ef1-4436-991e-ef84ba028339@group-BE3AF9FFDD6F:t13, leader=null, voted=e89641c2-7ef1-4436-991e-ef84ba028339, raftlog=e89641c2-7ef1-4436-991e-ef84ba028339@group-BE3AF9FFDD6F-SegmentedRaftLog:OPENED:c-1,f-1,i0, conf=-1: [b186946b-7cb1-405f-b9a6-a6ba9d2e3b50:192.168.5.171:45263, e89641c2-7ef1-4436-991e-ef84ba028339:192.168.5.171:43968, e9a757c7-3ca5-4a60-905c-412e8bb9c2fd:192.168.5.171:37071], old=null
2019-09-19 10:43:50,466 [e89641c2-7ef1-4436-991e-ef84ba028339@group-BE3AF9FFDD6F:LeaderElection43] INFO  impl.RaftServerImpl (RaftServerImpl.java:setRole(174)) - e89641c2-7ef1-4436-991e-ef84ba028339@group-BE3AF9FFDD6F: changes role from CANDIDATE to FOLLOWER at term 13 for DISCOVERED_A_NEW_TERM
2019-09-19 10:43:50,466 [e89641c2-7ef1-4436-991e-ef84ba028339@group-BE3AF9FFDD6F:LeaderElection43] INFO  impl.RoleInfo (RoleInfo.java:shutdownLeaderElection(134)) - e89641c2-7ef1-4436-991e-ef84ba028339: shutdown LeaderElection
2019-09-19 10:43:50,466 [e89641c2-7ef1-4436-991e-ef84ba028339@group-BE3AF9FFDD6F:LeaderElection43] INFO  impl.RoleInfo (RoleInfo.java:updateAndGet(143)) - e89641c2-7ef1-4436-991e-ef84ba028339: start FollowerState
2019-09-19 10:43:55,513 [Thread-586] INFO  impl.FollowerState (FollowerState.java:run(106)) - e9a757c7-3ca5-4a60-905c-412e8bb9c2fd:group-BE3AF9FFDD6F changes to CANDIDATE, lastRpcTime:5048, electionTimeout:5047ms
2019-09-19 10:43:55,516 [Thread-586] INFO  impl.RoleInfo (RoleInfo.java:shutdownFollowerState(121)) - e9a757c7-3ca5-4a60-905c-412e8bb9c2fd: shutdown FollowerState
2019-09-19 10:43:55,516 [Thread-586] INFO  impl.RaftServerImpl (RaftServerImpl.java:setRole(174)) - e9a757c7-3ca5-4a60-905c-412e8bb9c2fd@group-BE3AF9FFDD6F: changes role from  FOLLOWER to CANDIDATE at term 13 for changeToCandidate
2019-09-19 10:43:55,517 [Thread-586] INFO  impl.RoleInfo (RoleInfo.java:updateAndGet(143)) - e9a757c7-3ca5-4a60-905c-412e8bb9c2fd: start LeaderElection
2019-09-19 10:43:55,524 [Thread-585] INFO  impl.FollowerState (FollowerState.java:run(106)) - b186946b-7cb1-405f-b9a6-a6ba9d2e3b50:group-BE3AF9FFDD6F changes to CANDIDATE, lastRpcTime:5061, electionTimeout:5060ms
2019-09-19 10:43:55,524 [Thread-585] INFO  impl.RoleInfo (RoleInfo.java:shutdownFollowerState(121)) - b186946b-7cb1-405f-b9a6-a6ba9d2e3b50: shutdown FollowerState
2019-09-19 10:43:55,524 [Thread-585] INFO  impl.RaftServerImpl (RaftServerImpl.java:setRole(174)) - b186946b-7cb1-405f-b9a6-a6ba9d2e3b50@group-BE3AF9FFDD6F: changes role from  FOLLOWER to CANDIDATE at term 13 for changeToCandidate
2019-09-19 10:43:55,524 [Thread-585] INFO  impl.RoleInfo (RoleInfo.java:updateAndGet(143)) - b186946b-7cb1-405f-b9a6-a6ba9d2e3b50: start LeaderElection
2019-09-19 10:43:55,527 [Thread-587] INFO  impl.FollowerState (FollowerState.java:run(106)) - e89641c2-7ef1-4436-991e-ef84ba028339:group-BE3AF9FFDD6F changes to CANDIDATE, lastRpcTime:5061, electionTimeout:5059ms
2019-09-19 10:43:55,528 [Thread-587] INFO  impl.RoleInfo (RoleInfo.java:shutdownFollowerState(121)) - e89641c2-7ef1-4436-991e-ef84ba028339: shutdown FollowerState
2019-09-19 10:43:55,528 [Thread-587] INFO  impl.RaftServerImpl (RaftServerImpl.java:setRole(174)) - e89641c2-7ef1-4436-991e-ef84ba028339@group-BE3AF9FFDD6F: changes role from  FOLLOWER to CANDIDATE at term 13 for changeToCandidate
2019-09-19 10:43:55,528 [Thread-587] INFO  impl.RoleInfo (RoleInfo.java:updateAndGet(143)) - e89641c2-7ef1-4436-991e-ef84ba028339: start LeaderElection
2019-09-19 10:43:55,920 [e89641c2-7ef1-4436-991e-ef84ba028339@group-BE3AF9FFDD6F:LeaderElection47] INFO  impl.LeaderElection (LeaderElection.java:askForVotes(182)) - e89641c2-7ef1-4436-991e-ef84ba028339@group-BE3AF9FFDD6F:LeaderElection47: begin an election at term 14 for -1: [b186946b-7cb1-405f-b9a6-a6ba9d2e3b50:192.168.5.171:45263, e89641c2-7ef1-4436-991e-ef84ba028339:192.168.5.171:43968, e9a757c7-3ca5-4a60-905c-412e8bb9c2fd:192.168.5.171:37071], old=null
2019-09-19 10:43:55,920 [b186946b-7cb1-405f-b9a6-a6ba9d2e3b50@group-BE3AF9FFDD6F:LeaderElection46] INFO  impl.LeaderElection (LeaderElection.java:askForVotes(182)) - b186946b-7cb1-405f-b9a6-a6ba9d2e3b50@group-BE3AF9FFDD6F:LeaderElection46: begin an election at term 14 for -1: [b186946b-7cb1-405f-b9a6-a6ba9d2e3b50:192.168.5.171:45263, e89641c2-7ef1-4436-991e-ef84ba028339:192.168.5.171:43968, e9a757c7-3ca5-4a60-905c-412e8bb9c2fd:192.168.5.171:37071], old=null
2019-09-19 10:43:55,920 [e9a757c7-3ca5-4a60-905c-412e8bb9c2fd@group-BE3AF9FFDD6F:LeaderElection45] INFO  impl.LeaderElection (LeaderElection.java:askForVotes(182)) - e9a757c7-3ca5-4a60-905c-412e8bb9c2fd@group-BE3AF9FFDD6F:LeaderElection45: begin an election at term 14 for -1: [b186946b-7cb1-405f-b9a6-a6ba9d2e3b50:192.168.5.171:45263, e89641c2-7ef1-4436-991e-ef84ba028339:192.168.5.171:43968, e9a757c7-3ca5-4a60-905c-412e8bb9c2fd:192.168.5.171:37071], old=null
2019-09-19 10:43:55,929 [b186946b-7cb1-405f-b9a6-a6ba9d2e3b50@group-BE3AF9FFDD6F:LeaderElection46] INFO  impl.LeaderElection (LeaderElection.java:logAndReturn(56)) - b186946b-7cb1-405f-b9a6-a6ba9d2e3b50@group-BE3AF9FFDD6F:LeaderElection46: Election REJECTED; received 2 response(s) [b186946b-7cb1-405f-b9a6-a6ba9d2e3b50<-e89641c2-7ef1-4436-991e-ef84ba028339#0:FAIL-t14, b186946b-7cb1-405f-b9a6-a6ba9d2e3b50<-e9a757c7-3ca5-4a60-905c-412e8bb9c2fd#0:FAIL-t14] and 0 exception(s); b186946b-7cb1-405f-b9a6-a6ba9d2e3b50@group-BE3AF9FFDD6F:t14, leader=null, voted=b186946b-7cb1-405f-b9a6-a6ba9d2e3b50, raftlog=b186946b-7cb1-405f-b9a6-a6ba9d2e3b50@group-BE3AF9FFDD6F-SegmentedRaftLog:OPENED:c-1,f-1,i0, conf=-1: [b186946b-7cb1-405f-b9a6-a6ba9d2e3b50:192.168.5.171:45263, e89641c2-7ef1-4436-991e-ef84ba028339:192.168.5.171:43968, e9a757c7-3ca5-4a60-905c-412e8bb9c2fd:192.168.5.171:37071], old=null
2019-09-19 10:43:55,929 [e9a757c7-3ca5-4a60-905c-412e8bb9c2fd@group-BE3AF9FFDD6F:LeaderElection45] INFO  impl.LeaderElection (LeaderElection.java:logAndReturn(56)) - e9a757c7-3ca5-4a60-905c-412e8bb9c2fd@group-BE3AF9FFDD6F:LeaderElection45: Election REJECTED; received 2 response(s) [e9a757c7-3ca5-4a60-905c-412e8bb9c2fd<-e89641c2-7ef1-4436-991e-ef84ba028339#0:FAIL-t14, e9a757c7-3ca5-4a60-905c-412e8bb9c2fd<-b186946b-7cb1-405f-b9a6-a6ba9d2e3b50#0:FAIL-t14] and 0 exception(s); e9a757c7-3ca5-4a60-905c-412e8bb9c2fd@group-BE3AF9FFDD6F:t14, leader=null, voted=e9a757c7-3ca5-4a60-905c-412e8bb9c2fd, raftlog=e9a757c7-3ca5-4a60-905c-412e8bb9c2fd@group-BE3AF9FFDD6F-SegmentedRaftLog:OPENED:c-1,f-1,i0, conf=-1: [b186946b-7cb1-405f-b9a6-a6ba9d2e3b50:192.168.5.171:45263, e89641c2-7ef1-4436-991e-ef84ba028339:192.168.5.171:43968, e9a757c7-3ca5-4a60-905c-412e8bb9c2fd:192.168.5.171:37071], old=null
2019-09-19 10:43:55,930 [b186946b-7cb1-405f-b9a6-a6ba9d2e3b50@group-BE3AF9FFDD6F:LeaderElection46] INFO  impl.RaftServerImpl (RaftServerImpl.java:setRole(174)) - b186946b-7cb1-405f-b9a6-a6ba9d2e3b50@group-BE3AF9FFDD6F: changes role from CANDIDATE to FOLLOWER at term 14 for DISCOVERED_A_NEW_TERM
2019-09-19 10:43:55,939 [b186946b-7cb1-405f-b9a6-a6ba9d2e3b50@group-BE3AF9FFDD6F:LeaderElection46] INFO  impl.RoleInfo (RoleInfo.java:shutdownLeaderElection(134)) - b186946b-7cb1-405f-b9a6-a6ba9d2e3b50: shutdown LeaderElection
2019-09-19 10:43:55,939 [e9a757c7-3ca5-4a60-905c-412e8bb9c2fd@group-BE3AF9FFDD6F:LeaderElection45] INFO  impl.RaftServerImpl (RaftServerImpl.java:setRole(174)) - e9a757c7-3ca5-4a60-905c-412e8bb9c2fd@group-BE3AF9FFDD6F: changes role from CANDIDATE to FOLLOWER at term 14 for DISCOVERED_A_NEW_TERM
2019-09-19 10:43:55,941 [b186946b-7cb1-405f-b9a6-a6ba9d2e3b50@group-BE3AF9FFDD6F:LeaderElection46] INFO  impl.RoleInfo (RoleInfo.java:updateAndGet(143)) - b186946b-7cb1-405f-b9a6-a6ba9d2e3b50: start FollowerState
2019-09-19 10:43:55,930 [e89641c2-7ef1-4436-991e-ef84ba028339@group-BE3AF9FFDD6F:LeaderElection47] INFO  impl.LeaderElection (LeaderElection.java:logAndReturn(56)) - e89641c2-7ef1-4436-991e-ef84ba028339@group-BE3AF9FFDD6F:LeaderElection47: Election REJECTED; received 2 response(s) [e89641c2-7ef1-4436-991e-ef84ba028339<-b186946b-7cb1-405f-b9a6-a6ba9d2e3b50#0:FAIL-t14, e89641c2-7ef1-4436-991e-ef84ba028339<-e9a757c7-3ca5-4a60-905c-412e8bb9c2fd#0:FAIL-t14] and 0 exception(s); e89641c2-7ef1-4436-991e-ef84ba028339@group-BE3AF9FFDD6F:t14, leader=null, voted=e89641c2-7ef1-4436-991e-ef84ba028339, raftlog=e89641c2-7ef1-4436-991e-ef84ba028339@group-BE3AF9FFDD6F-SegmentedRaftLog:OPENED:c-1,f-1,i0, conf=-1: [b186946b-7cb1-405f-b9a6-a6ba9d2e3b50:192.168.5.171:45263, e89641c2-7ef1-4436-991e-ef84ba028339:192.168.5.171:43968, e9a757c7-3ca5-4a60-905c-412e8bb9c2fd:192.168.5.171:37071], old=null
2019-09-19 10:43:55,941 [e9a757c7-3ca5-4a60-905c-412e8bb9c2fd@group-BE3AF9FFDD6F:LeaderElection45] INFO  impl.RoleInfo (RoleInfo.java:shutdownLeaderElection(134)) - e9a757c7-3ca5-4a60-905c-412e8bb9c2fd: shutdown LeaderElection
2019-09-19 10:43:55,941 [e89641c2-7ef1-4436-991e-ef84ba028339@group-BE3AF9FFDD6F:LeaderElection47] INFO  impl.RaftServerImpl (RaftServerImpl.java:setRole(174)) - e89641c2-7ef1-4436-991e-ef84ba028339@group-BE3AF9FFDD6F: changes role from CANDIDATE to FOLLOWER at term 14 for DISCOVERED_A_NEW_TERM
2019-09-19 10:43:55,943 [e9a757c7-3ca5-4a60-905c-412e8bb9c2fd@group-BE3AF9FFDD6F:LeaderElection45] INFO  impl.RoleInfo (RoleInfo.java:updateAndGet(143)) - e9a757c7-3ca5-4a60-905c-412e8bb9c2fd: start FollowerState
2019-09-19 10:43:55,943 [e89641c2-7ef1-4436-991e-ef84ba028339@group-BE3AF9FFDD6F:LeaderElection47] INFO  impl.RoleInfo (RoleInfo.java:shutdownLeaderElection(134)) - e89641c2-7ef1-4436-991e-ef84ba028339: shutdown LeaderElection
2019-09-19 10:43:55,944 [e89641c2-7ef1-4436-991e-ef84ba028339@group-BE3AF9FFDD6F:LeaderElection47] INFO  impl.RoleInfo (RoleInfo.java:updateAndGet(143)) - e89641c2-7ef1-4436-991e-ef84ba028339: start FollowerState
2019-09-19 10:44:00,961 [Thread-607] INFO  impl.FollowerState (FollowerState.java:run(106)) - b186946b-7cb1-405f-b9a6-a6ba9d2e3b50:group-BE3AF9FFDD6F changes to CANDIDATE, lastRpcTime:5019, electionTimeout:5019ms
2019-09-19 10:44:00,961 [Thread-607] INFO  impl.RoleInfo (RoleInfo.java:shutdownFollowerState(121)) - b186946b-7cb1-405f-b9a6-a6ba9d2e3b50: shutdown FollowerState
2019-09-19 10:44:00,961 [Thread-607] INFO  impl.RaftServerImpl (RaftServerImpl.java:setRole(174)) - b186946b-7cb1-405f-b9a6-a6ba9d2e3b50@group-BE3AF9FFDD6F: changes role from  FOLLOWER to CANDIDATE at term 14 for changeToCandidate
2019-09-19 10:44:00,961 [Thread-607] INFO  impl.RoleInfo (RoleInfo.java:updateAndGet(143)) - b186946b-7cb1-405f-b9a6-a6ba9d2e3b50: start LeaderElection
2019-09-19 10:44:00,967 [Thread-608] INFO  impl.FollowerState (FollowerState.java:run(106)) - e9a757c7-3ca5-4a60-905c-412e8bb9c2fd:group-BE3AF9FFDD6F changes to CANDIDATE, lastRpcTime:5023, electionTimeout:5023ms
2019-09-19 10:44:00,967 [Thread-608] INFO  impl.RoleInfo (RoleInfo.java:shutdownFollowerState(121)) - e9a757c7-3ca5-4a60-905c-412e8bb9c2fd: shutdown FollowerState
2019-09-19 10:44:00,967 [Thread-608] INFO  impl.RaftServerImpl (RaftServerImpl.java:setRole(174)) - e9a757c7-3ca5-4a60-905c-412e8bb9c2fd@group-BE3AF9FFDD6F: changes role from  FOLLOWER to CANDIDATE at term 14 for changeToCandidate
2019-09-19 10:44:00,968 [Thread-608] INFO  impl.RoleInfo (RoleInfo.java:updateAndGet(143)) - e9a757c7-3ca5-4a60-905c-412e8bb9c2fd: start LeaderElection
2019-09-19 10:44:00,993 [Thread-609] INFO  impl.FollowerState (FollowerState.java:run(106)) - e89641c2-7ef1-4436-991e-ef84ba028339:group-BE3AF9FFDD6F changes to CANDIDATE, lastRpcTime:5049, electionTimeout:5049ms
2019-09-19 10:44:00,993 [Thread-609] INFO  impl.RoleInfo (RoleInfo.java:shutdownFollowerState(121)) - e89641c2-7ef1-4436-991e-ef84ba028339: shutdown FollowerState
2019-09-19 10:44:00,994 [Thread-609] INFO  impl.RaftServerImpl (RaftServerImpl.java:setRole(174)) - e89641c2-7ef1-4436-991e-ef84ba028339@group-BE3AF9FFDD6F: changes role from  FOLLOWER to CANDIDATE at term 14 for changeToCandidate
2019-09-19 10:44:00,994 [Thread-609] INFO  impl.RoleInfo (RoleInfo.java:updateAndGet(143)) - e89641c2-7ef1-4436-991e-ef84ba028339: start LeaderElection
2019-09-19 10:44:02,183 [e89641c2-7ef1-4436-991e-ef84ba028339@group-BE3AF9FFDD6F:LeaderElection50] INFO  impl.LeaderElection (LeaderElection.java:askForVotes(182)) - e89641c2-7ef1-4436-991e-ef84ba028339@group-BE3AF9FFDD6F:LeaderElection50: begin an election at term 15 for -1: [b186946b-7cb1-405f-b9a6-a6ba9d2e3b50:192.168.5.171:45263, e89641c2-7ef1-4436-991e-ef84ba028339:192.168.5.171:43968, e9a757c7-3ca5-4a60-905c-412e8bb9c2fd:192.168.5.171:37071], old=null
2019-09-19 10:44:02,183 [b186946b-7cb1-405f-b9a6-a6ba9d2e3b50@group-BE3AF9FFDD6F:LeaderElection48] INFO  impl.LeaderElection (LeaderElection.java:askForVotes(182)) - b186946b-7cb1-405f-b9a6-a6ba9d2e3b50@group-BE3AF9FFDD6F:LeaderElection48: begin an election at term 15 for -1: [b186946b-7cb1-405f-b9a6-a6ba9d2e3b50:192.168.5.171:45263, e89641c2-7ef1-4436-991e-ef84ba028339:192.168.5.171:43968, e9a757c7-3ca5-4a60-905c-412e8bb9c2fd:192.168.5.171:37071], old=null
2019-09-19 10:44:02,183 [e9a757c7-3ca5-4a60-905c-412e8bb9c2fd@group-BE3AF9FFDD6F:LeaderElection49] INFO  impl.LeaderElection (LeaderElection.java:askForVotes(182)) - e9a757c7-3ca5-4a60-905c-412e8bb9c2fd@group-BE3AF9FFDD6F:LeaderElection49: begin an election at term 15 for -1: [b186946b-7cb1-405f-b9a6-a6ba9d2e3b50:192.168.5.171:45263, e89641c2-7ef1-4436-991e-ef84ba028339:192.168.5.171:43968, e9a757c7-3ca5-4a60-905c-412e8bb9c2fd:192.168.5.171:37071], old=null
2019-09-19 10:44:02,193 [e89641c2-7ef1-4436-991e-ef84ba028339@group-BE3AF9FFDD6F:LeaderElection50] INFO  impl.LeaderElection (LeaderElection.java:logAndReturn(56)) - e89641c2-7ef1-4436-991e-ef84ba028339@group-BE3AF9FFDD6F:LeaderElection50: Election REJECTED; received 2 response(s) [e89641c2-7ef1-4436-991e-ef84ba028339<-b186946b-7cb1-405f-b9a6-a6ba9d2e3b50#0:FAIL-t15, e89641c2-7ef1-4436-991e-ef84ba028339<-e9a757c7-3ca5-4a60-905c-412e8bb9c2fd#0:FAIL-t15] and 0 exception(s); e89641c2-7ef1-4436-991e-ef84ba028339@group-BE3AF9FFDD6F:t15, leader=null, voted=e89641c2-7ef1-4436-991e-ef84ba028339, raftlog=e89641c2-7ef1-4436-991e-ef84ba028339@group-BE3AF9FFDD6F-SegmentedRaftLog:OPENED:c-1,f-1,i0, conf=-1: [b186946b-7cb1-405f-b9a6-a6ba9d2e3b50:192.168.5.171:45263, e89641c2-7ef1-4436-991e-ef84ba028339:192.168.5.171:43968, e9a757c7-3ca5-4a60-905c-412e8bb9c2fd:192.168.5.171:37071], old=null
2019-09-19 10:44:02,193 [e89641c2-7ef1-4436-991e-ef84ba028339@group-BE3AF9FFDD6F:LeaderElection50] INFO  impl.RaftServerImpl (RaftServerImpl.java:setRole(174)) - e89641c2-7ef1-4436-991e-ef84ba028339@group-BE3AF9FFDD6F: changes role from CANDIDATE to FOLLOWER at term 15 for DISCOVERED_A_NEW_TERM
2019-09-19 10:44:02,194 [e89641c2-7ef1-4436-991e-ef84ba028339@group-BE3AF9FFDD6F:LeaderElection50] INFO  impl.RoleInfo (RoleInfo.java:shutdownLeaderElection(134)) - e89641c2-7ef1-4436-991e-ef84ba028339: shutdown LeaderElection
2019-09-19 10:44:02,194 [e89641c2-7ef1-4436-991e-ef84ba028339@group-BE3AF9FFDD6F:LeaderElection50] INFO  impl.RoleInfo (RoleInfo.java:updateAndGet(143)) - e89641c2-7ef1-4436-991e-ef84ba028339: start FollowerState
2019-09-19 10:44:02,194 [b186946b-7cb1-405f-b9a6-a6ba9d2e3b50@group-BE3AF9FFDD6F:LeaderElection48] INFO  impl.LeaderElection (LeaderElection.java:logAndReturn(56)) - b186946b-7cb1-405f-b9a6-a6ba9d2e3b50@group-BE3AF9FFDD6F:LeaderElection48: Election REJECTED; received 2 response(s) [b186946b-7cb1-405f-b9a6-a6ba9d2e3b50<-e89641c2-7ef1-4436-991e-ef84ba028339#0:FAIL-t15, b186946b-7cb1-405f-b9a6-a6ba9d2e3b50<-e9a757c7-3ca5-4a60-905c-412e8bb9c2fd#0:FAIL-t15] and 0 exception(s); b186946b-7cb1-405f-b9a6-a6ba9d2e3b50@group-BE3AF9FFDD6F:t15, leader=null, voted=b186946b-7cb1-405f-b9a6-a6ba9d2e3b50, raftlog=b186946b-7cb1-405f-b9a6-a6ba9d2e3b50@group-BE3AF9FFDD6F-SegmentedRaftLog:OPENED:c-1,f-1,i0, conf=-1: [b186946b-7cb1-405f-b9a6-a6ba9d2e3b50:192.168.5.171:45263, e89641c2-7ef1-4436-991e-ef84ba028339:192.168.5.171:43968, e9a757c7-3ca5-4a60-905c-412e8bb9c2fd:192.168.5.171:37071], old=null
2019-09-19 10:44:02,194 [e9a757c7-3ca5-4a60-905c-412e8bb9c2fd@group-BE3AF9FFDD6F:LeaderElection49] INFO  impl.LeaderElection (LeaderElection.java:logAndReturn(56)) - e9a757c7-3ca5-4a60-905c-412e8bb9c2fd@group-BE3AF9FFDD6F:LeaderElection49: Election REJECTED; received 2 response(s) [e9a757c7-3ca5-4a60-905c-412e8bb9c2fd<-e89641c2-7ef1-4436-991e-ef84ba028339#0:FAIL-t15, e9a757c7-3ca5-4a60-905c-412e8bb9c2fd<-b186946b-7cb1-405f-b9a6-a6ba9d2e3b50#0:FAIL-t15] and 0 exception(s); e9a757c7-3ca5-4a60-905c-412e8bb9c2fd@group-BE3AF9FFDD6F:t15, leader=null, voted=e9a757c7-3ca5-4a60-905c-412e8bb9c2fd, raftlog=e9a757c7-3ca5-4a60-905c-412e8bb9c2fd@group-BE3AF9FFDD6F-SegmentedRaftLog:OPENED:c-1,f-1,i0, conf=-1: [b186946b-7cb1-405f-b9a6-a6ba9d2e3b50:192.168.5.171:45263, e89641c2-7ef1-4436-991e-ef84ba028339:192.168.5.171:43968, e9a757c7-3ca5-4a60-905c-412e8bb9c2fd:192.168.5.171:37071], old=null
2019-09-19 10:44:02,196 [b186946b-7cb1-405f-b9a6-a6ba9d2e3b50@group-BE3AF9FFDD6F:LeaderElection48] INFO  impl.RaftServerImpl (RaftServerImpl.java:setRole(174)) - b186946b-7cb1-405f-b9a6-a6ba9d2e3b50@group-BE3AF9FFDD6F: changes role from CANDIDATE to FOLLOWER at term 15 for DISCOVERED_A_NEW_TERM
2019-09-19 10:44:02,197 [e9a757c7-3ca5-4a60-905c-412e8bb9c2fd@group-BE3AF9FFDD6F:LeaderElection49] INFO  impl.RaftServerImpl (RaftServerImpl.java:setRole(174)) - e9a757c7-3ca5-4a60-905c-412e8bb9c2fd@group-BE3AF9FFDD6F: changes role from CANDIDATE to FOLLOWER at term 15 for DISCOVERED_A_NEW_TERM
2019-09-19 10:44:02,199 [b186946b-7cb1-405f-b9a6-a6ba9d2e3b50@group-BE3AF9FFDD6F:LeaderElection48] INFO  impl.RoleInfo (RoleInfo.java:shutdownLeaderElection(134)) - b186946b-7cb1-405f-b9a6-a6ba9d2e3b50: shutdown LeaderElection
2019-09-19 10:44:02,199 [e9a757c7-3ca5-4a60-905c-412e8bb9c2fd@group-BE3AF9FFDD6F:LeaderElection49] INFO  impl.RoleInfo (RoleInfo.java:shutdownLeaderElection(134)) - e9a757c7-3ca5-4a60-905c-412e8bb9c2fd: shutdown LeaderElection
2019-09-19 10:44:02,199 [b186946b-7cb1-405f-b9a6-a6ba9d2e3b50@group-BE3AF9FFDD6F:LeaderElection48] INFO  impl.RoleInfo (RoleInfo.java:updateAndGet(143)) - b186946b-7cb1-405f-b9a6-a6ba9d2e3b50: start FollowerState
2019-09-19 10:44:02,199 [e9a757c7-3ca5-4a60-905c-412e8bb9c2fd@group-BE3AF9FFDD6F:LeaderElection49] INFO  impl.RoleInfo (RoleInfo.java:updateAndGet(143)) - e9a757c7-3ca5-4a60-905c-412e8bb9c2fd: start FollowerState
2019-09-19 10:44:07,225 [Thread-632] INFO  impl.FollowerState (FollowerState.java:run(106)) - b186946b-7cb1-405f-b9a6-a6ba9d2e3b50:group-BE3AF9FFDD6F changes to CANDIDATE, lastRpcTime:5025, electionTimeout:5025ms
2019-09-19 10:44:07,226 [Thread-632] INFO  impl.RoleInfo (RoleInfo.java:shutdownFollowerState(121)) - b186946b-7cb1-405f-b9a6-a6ba9d2e3b50: shutdown FollowerState
2019-09-19 10:44:07,226 [Thread-632] INFO  impl.RaftServerImpl (RaftServerImpl.java:setRole(174)) - b186946b-7cb1-405f-b9a6-a6ba9d2e3b50@group-BE3AF9FFDD6F: changes role from  FOLLOWER to CANDIDATE at term 15 for changeToCandidate
2019-09-19 10:44:07,226 [Thread-632] INFO  impl.RoleInfo (RoleInfo.java:updateAndGet(143)) - b186946b-7cb1-405f-b9a6-a6ba9d2e3b50: start LeaderElection
2019-09-19 10:44:07,330 [Thread-633] INFO  impl.FollowerState (FollowerState.java:run(106)) - e9a757c7-3ca5-4a60-905c-412e8bb9c2fd:group-BE3AF9FFDD6F changes to CANDIDATE, lastRpcTime:5130, electionTimeout:5130ms
2019-09-19 10:44:07,331 [Thread-633] INFO  impl.RoleInfo (RoleInfo.java:shutdownFollowerState(121)) - e9a757c7-3ca5-4a60-905c-412e8bb9c2fd: shutdown FollowerState
2019-09-19 10:44:07,331 [Thread-633] INFO  impl.RaftServerImpl (RaftServerImpl.java:setRole(174)) - e9a757c7-3ca5-4a60-905c-412e8bb9c2fd@group-BE3AF9FFDD6F: changes role from  FOLLOWER to CANDIDATE at term 15 for changeToCandidate
2019-09-19 10:44:07,331 [Thread-633] INFO  impl.RoleInfo (RoleInfo.java:updateAndGet(143)) - e9a757c7-3ca5-4a60-905c-412e8bb9c2fd: start LeaderElection
2019-09-19 10:44:07,368 [Thread-631] INFO  impl.FollowerState (FollowerState.java:run(106)) - e89641c2-7ef1-4436-991e-ef84ba028339:group-BE3AF9FFDD6F changes to CANDIDATE, lastRpcTime:5174, electionTimeout:5172ms
2019-09-19 10:44:07,368 [Thread-631] INFO  impl.RoleInfo (RoleInfo.java:shutdownFollowerState(121)) - e89641c2-7ef1-4436-991e-ef84ba028339: shutdown FollowerState
2019-09-19 10:44:07,368 [Thread-631] INFO  impl.RaftServerImpl (RaftServerImpl.java:setRole(174)) - e89641c2-7ef1-4436-991e-ef84ba028339@group-BE3AF9FFDD6F: changes role from  FOLLOWER to CANDIDATE at term 15 for changeToCandidate
2019-09-19 10:44:07,368 [Thread-631] INFO  impl.RoleInfo (RoleInfo.java:updateAndGet(143)) - e89641c2-7ef1-4436-991e-ef84ba028339: start LeaderElection
2019-09-19 10:44:07,854 [e89641c2-7ef1-4436-991e-ef84ba028339@group-BE3AF9FFDD6F:LeaderElection53] INFO  impl.LeaderElection (LeaderElection.java:askForVotes(182)) - e89641c2-7ef1-4436-991e-ef84ba028339@group-BE3AF9FFDD6F:LeaderElection53: begin an election at term 16 for -1: [b186946b-7cb1-405f-b9a6-a6ba9d2e3b50:192.168.5.171:45263, e89641c2-7ef1-4436-991e-ef84ba028339:192.168.5.171:43968, e9a757c7-3ca5-4a60-905c-412e8bb9c2fd:192.168.5.171:37071], old=null
2019-09-19 10:44:07,854 [e9a757c7-3ca5-4a60-905c-412e8bb9c2fd@group-BE3AF9FFDD6F:LeaderElection52] INFO  impl.LeaderElection (LeaderElection.java:askForVotes(182)) - e9a757c7-3ca5-4a60-905c-412e8bb9c2fd@group-BE3AF9FFDD6F:LeaderElection52: begin an election at term 16 for -1: [b186946b-7cb1-405f-b9a6-a6ba9d2e3b50:192.168.5.171:45263, e89641c2-7ef1-4436-991e-ef84ba028339:192.168.5.171:43968, e9a757c7-3ca5-4a60-905c-412e8bb9c2fd:192.168.5.171:37071], old=null
2019-09-19 10:44:07,854 [b186946b-7cb1-405f-b9a6-a6ba9d2e3b50@group-BE3AF9FFDD6F:LeaderElection51] INFO  impl.LeaderElection (LeaderElection.java:askForVotes(182)) - b186946b-7cb1-405f-b9a6-a6ba9d2e3b50@group-BE3AF9FFDD6F:LeaderElection51: begin an election at term 16 for -1: [b186946b-7cb1-405f-b9a6-a6ba9d2e3b50:192.168.5.171:45263, e89641c2-7ef1-4436-991e-ef84ba028339:192.168.5.171:43968, e9a757c7-3ca5-4a60-905c-412e8bb9c2fd:192.168.5.171:37071], old=null
2019-09-19 10:44:07,863 [e9a757c7-3ca5-4a60-905c-412e8bb9c2fd@group-BE3AF9FFDD6F:LeaderElection52] INFO  impl.LeaderElection (LeaderElection.java:logAndReturn(56)) - e9a757c7-3ca5-4a60-905c-412e8bb9c2fd@group-BE3AF9FFDD6F:LeaderElection52: Election REJECTED; received 2 response(s) [e9a757c7-3ca5-4a60-905c-412e8bb9c2fd<-b186946b-7cb1-405f-b9a6-a6ba9d2e3b50#0:FAIL-t16, e9a757c7-3ca5-4a60-905c-412e8bb9c2fd<-e89641c2-7ef1-4436-991e-ef84ba028339#0:FAIL-t16] and 0 exception(s); e9a757c7-3ca5-4a60-905c-412e8bb9c2fd@group-BE3AF9FFDD6F:t16, leader=null, voted=e9a757c7-3ca5-4a60-905c-412e8bb9c2fd, raftlog=e9a757c7-3ca5-4a60-905c-412e8bb9c2fd@group-BE3AF9FFDD6F-SegmentedRaftLog:OPENED:c-1,f-1,i0, conf=-1: [b186946b-7cb1-405f-b9a6-a6ba9d2e3b50:192.168.5.171:45263, e89641c2-7ef1-4436-991e-ef84ba028339:192.168.5.171:43968, e9a757c7-3ca5-4a60-905c-412e8bb9c2fd:192.168.5.171:37071], old=null
2019-09-19 10:44:07,863 [e9a757c7-3ca5-4a60-905c-412e8bb9c2fd@group-BE3AF9FFDD6F:LeaderElection52] INFO  impl.RaftServerImpl (RaftServerImpl.java:setRole(174)) - e9a757c7-3ca5-4a60-905c-412e8bb9c2fd@group-BE3AF9FFDD6F: changes role from CANDIDATE to FOLLOWER at term 16 for DISCOVERED_A_NEW_TERM
2019-09-19 10:44:07,863 [e9a757c7-3ca5-4a60-905c-412e8bb9c2fd@group-BE3AF9FFDD6F:LeaderElection52] INFO  impl.RoleInfo (RoleInfo.java:shutdownLeaderElection(134)) - e9a757c7-3ca5-4a60-905c-412e8bb9c2fd: shutdown LeaderElection
2019-09-19 10:44:07,863 [e9a757c7-3ca5-4a60-905c-412e8bb9c2fd@group-BE3AF9FFDD6F:LeaderElection52] INFO  impl.RoleInfo (RoleInfo.java:updateAndGet(143)) - e9a757c7-3ca5-4a60-905c-412e8bb9c2fd: start FollowerState
2019-09-19 10:44:07,864 [e89641c2-7ef1-4436-991e-ef84ba028339@group-BE3AF9FFDD6F:LeaderElection53] INFO  impl.LeaderElection (LeaderElection.java:logAndReturn(56)) - e89641c2-7ef1-4436-991e-ef84ba028339@group-BE3AF9FFDD6F:LeaderElection53: Election REJECTED; received 2 response(s) [e89641c2-7ef1-4436-991e-ef84ba028339<-b186946b-7cb1-405f-b9a6-a6ba9d2e3b50#0:FAIL-t16, e89641c2-7ef1-4436-991e-ef84ba028339<-e9a757c7-3ca5-4a60-905c-412e8bb9c2fd#0:FAIL-t16] and 0 exception(s); e89641c2-7ef1-4436-991e-ef84ba028339@group-BE3AF9FFDD6F:t16, leader=null, voted=e89641c2-7ef1-4436-991e-ef84ba028339, raftlog=e89641c2-7ef1-4436-991e-ef84ba028339@group-BE3AF9FFDD6F-SegmentedRaftLog:OPENED:c-1,f-1,i0, conf=-1: [b186946b-7cb1-405f-b9a6-a6ba9d2e3b50:192.168.5.171:45263, e89641c2-7ef1-4436-991e-ef84ba028339:192.168.5.171:43968, e9a757c7-3ca5-4a60-905c-412e8bb9c2fd:192.168.5.171:37071], old=null
2019-09-19 10:44:07,866 [e89641c2-7ef1-4436-991e-ef84ba028339@group-BE3AF9FFDD6F:LeaderElection53] INFO  impl.RaftServerImpl (RaftServerImpl.java:setRole(174)) - e89641c2-7ef1-4436-991e-ef84ba028339@group-BE3AF9FFDD6F: changes role from CANDIDATE to FOLLOWER at term 16 for DISCOVERED_A_NEW_TERM
2019-09-19 10:44:07,866 [e89641c2-7ef1-4436-991e-ef84ba028339@group-BE3AF9FFDD6F:LeaderElection53] INFO  impl.RoleInfo (RoleInfo.java:shutdownLeaderElection(134)) - e89641c2-7ef1-4436-991e-ef84ba028339: shutdown LeaderElection
2019-09-19 10:44:07,866 [e89641c2-7ef1-4436-991e-ef84ba028339@group-BE3AF9FFDD6F:LeaderElection53] INFO  impl.RoleInfo (RoleInfo.java:updateAndGet(143)) - e89641c2-7ef1-4436-991e-ef84ba028339: start FollowerState
2019-09-19 10:44:07,867 [b186946b-7cb1-405f-b9a6-a6ba9d2e3b50@group-BE3AF9FFDD6F:LeaderElection51] INFO  impl.LeaderElection (LeaderElection.java:logAndReturn(56)) - b186946b-7cb1-405f-b9a6-a6ba9d2e3b50@group-BE3AF9FFDD6F:LeaderElection51: Election REJECTED; received 2 response(s) [b186946b-7cb1-405f-b9a6-a6ba9d2e3b50<-e89641c2-7ef1-4436-991e-ef84ba028339#0:FAIL-t16, b186946b-7cb1-405f-b9a6-a6ba9d2e3b50<-e9a757c7-3ca5-4a60-905c-412e8bb9c2fd#0:FAIL-t16] and 0 exception(s); b186946b-7cb1-405f-b9a6-a6ba9d2e3b50@group-BE3AF9FFDD6F:t16, leader=null, voted=b186946b-7cb1-405f-b9a6-a6ba9d2e3b50, raftlog=b186946b-7cb1-405f-b9a6-a6ba9d2e3b50@group-BE3AF9FFDD6F-SegmentedRaftLog:OPENED:c-1,f-1,i0, conf=-1: [b186946b-7cb1-405f-b9a6-a6ba9d2e3b50:192.168.5.171:45263, e89641c2-7ef1-4436-991e-ef84ba028339:192.168.5.171:43968, e9a757c7-3ca5-4a60-905c-412e8bb9c2fd:192.168.5.171:37071], old=null
2019-09-19 10:44:07,869 [b186946b-7cb1-405f-b9a6-a6ba9d2e3b50@group-BE3AF9FFDD6F:LeaderElection51] INFO  impl.RaftServerImpl (RaftServerImpl.java:setRole(174)) - b186946b-7cb1-405f-b9a6-a6ba9d2e3b50@group-BE3AF9FFDD6F: changes role from CANDIDATE to FOLLOWER at term 16 for DISCOVERED_A_NEW_TERM
2019-09-19 10:44:07,869 [b186946b-7cb1-405f-b9a6-a6ba9d2e3b50@group-BE3AF9FFDD6F:LeaderElection51] INFO  impl.RoleInfo (RoleInfo.java:shutdownLeaderElection(134)) - b186946b-7cb1-405f-b9a6-a6ba9d2e3b50: shutdown LeaderElection
2019-09-19 10:44:07,869 [b186946b-7cb1-405f-b9a6-a6ba9d2e3b50@group-BE3AF9FFDD6F:LeaderElection51] INFO  impl.RoleInfo (RoleInfo.java:updateAndGet(143)) - b186946b-7cb1-405f-b9a6-a6ba9d2e3b50: start FollowerState
2019-09-19 10:44:12,882 [Thread-655] INFO  impl.FollowerState (FollowerState.java:run(106)) - e9a757c7-3ca5-4a60-905c-412e8bb9c2fd:group-BE3AF9FFDD6F changes to CANDIDATE, lastRpcTime:5018, electionTimeout:5015ms
2019-09-19 10:44:12,885 [Thread-655] INFO  impl.RoleInfo (RoleInfo.java:shutdownFollowerState(121)) - e9a757c7-3ca5-4a60-905c-412e8bb9c2fd: shutdown FollowerState
2019-09-19 10:44:12,885 [Thread-655] INFO  impl.RaftServerImpl (RaftServerImpl.java:setRole(174)) - e9a757c7-3ca5-4a60-905c-412e8bb9c2fd@group-BE3AF9FFDD6F: changes role from  FOLLOWER to CANDIDATE at term 16 for changeToCandidate
2019-09-19 10:44:12,886 [Thread-655] INFO  impl.RoleInfo (RoleInfo.java:updateAndGet(143)) - e9a757c7-3ca5-4a60-905c-412e8bb9c2fd: start LeaderElection
2019-09-19 10:44:13,032 [Thread-656] INFO  impl.FollowerState (FollowerState.java:run(106)) - e89641c2-7ef1-4436-991e-ef84ba028339:group-BE3AF9FFDD6F changes to CANDIDATE, lastRpcTime:5165, electionTimeout:5165ms
2019-09-19 10:44:13,032 [Thread-656] INFO  impl.RoleInfo (RoleInfo.java:shutdownFollowerState(121)) - e89641c2-7ef1-4436-991e-ef84ba028339: shutdown FollowerState
2019-09-19 10:44:13,033 [Thread-656] INFO  impl.RaftServerImpl (RaftServerImpl.java:setRole(174)) - e89641c2-7ef1-4436-991e-ef84ba028339@group-BE3AF9FFDD6F: changes role from  FOLLOWER to CANDIDATE at term 16 for changeToCandidate
2019-09-19 10:44:13,033 [Thread-656] INFO  impl.RoleInfo (RoleInfo.java:updateAndGet(143)) - e89641c2-7ef1-4436-991e-ef84ba028339: start LeaderElection
2019-09-19 10:44:13,069 [Thread-657] INFO  impl.FollowerState (FollowerState.java:run(106)) - b186946b-7cb1-405f-b9a6-a6ba9d2e3b50:group-BE3AF9FFDD6F changes to CANDIDATE, lastRpcTime:5199, electionTimeout:5199ms
2019-09-19 10:44:13,069 [Thread-657] INFO  impl.RoleInfo (RoleInfo.java:shutdownFollowerState(121)) - b186946b-7cb1-405f-b9a6-a6ba9d2e3b50: shutdown FollowerState
2019-09-19 10:44:13,069 [Thread-657] INFO  impl.RaftServerImpl (RaftServerImpl.java:setRole(174)) - b186946b-7cb1-405f-b9a6-a6ba9d2e3b50@group-BE3AF9FFDD6F: changes role from  FOLLOWER to CANDIDATE at term 16 for changeToCandidate
2019-09-19 10:44:13,070 [Thread-657] INFO  impl.RoleInfo (RoleInfo.java:updateAndGet(143)) - b186946b-7cb1-405f-b9a6-a6ba9d2e3b50: start LeaderElection
2019-09-19 10:44:13,137 [e89641c2-7ef1-4436-991e-ef84ba028339@group-BE3AF9FFDD6F:LeaderElection55] INFO  impl.LeaderElection (LeaderElection.java:askForVotes(182)) - e89641c2-7ef1-4436-991e-ef84ba028339@group-BE3AF9FFDD6F:LeaderElection55: begin an election at term 17 for -1: [b186946b-7cb1-405f-b9a6-a6ba9d2e3b50:192.168.5.171:45263, e89641c2-7ef1-4436-991e-ef84ba028339:192.168.5.171:43968, e9a757c7-3ca5-4a60-905c-412e8bb9c2fd:192.168.5.171:37071], old=null
2019-09-19 10:44:13,137 [e9a757c7-3ca5-4a60-905c-412e8bb9c2fd@group-BE3AF9FFDD6F:LeaderElection54] INFO  impl.LeaderElection (LeaderElection.java:askForVotes(182)) - e9a757c7-3ca5-4a60-905c-412e8bb9c2fd@group-BE3AF9FFDD6F:LeaderElection54: begin an election at term 17 for -1: [b186946b-7cb1-405f-b9a6-a6ba9d2e3b50:192.168.5.171:45263, e89641c2-7ef1-4436-991e-ef84ba028339:192.168.5.171:43968, e9a757c7-3ca5-4a60-905c-412e8bb9c2fd:192.168.5.171:37071], old=null
2019-09-19 10:44:13,137 [b186946b-7cb1-405f-b9a6-a6ba9d2e3b50@group-BE3AF9FFDD6F:LeaderElection56] INFO  impl.LeaderElection (LeaderElection.java:askForVotes(182)) - b186946b-7cb1-405f-b9a6-a6ba9d2e3b50@group-BE3AF9FFDD6F:LeaderElection56: begin an election at term 17 for -1: [b186946b-7cb1-405f-b9a6-a6ba9d2e3b50:192.168.5.171:45263, e89641c2-7ef1-4436-991e-ef84ba028339:192.168.5.171:43968, e9a757c7-3ca5-4a60-905c-412e8bb9c2fd:192.168.5.171:37071], old=null
2019-09-19 10:44:13,146 [b186946b-7cb1-405f-b9a6-a6ba9d2e3b50@group-BE3AF9FFDD6F:LeaderElection56] INFO  impl.LeaderElection (LeaderElection.java:logAndReturn(56)) - b186946b-7cb1-405f-b9a6-a6ba9d2e3b50@group-BE3AF9FFDD6F:LeaderElection56: Election REJECTED; received 2 response(s) [b186946b-7cb1-405f-b9a6-a6ba9d2e3b50<-e89641c2-7ef1-4436-991e-ef84ba028339#0:FAIL-t17, b186946b-7cb1-405f-b9a6-a6ba9d2e3b50<-e9a757c7-3ca5-4a60-905c-412e8bb9c2fd#0:FAIL-t17] and 0 exception(s); b186946b-7cb1-405f-b9a6-a6ba9d2e3b50@group-BE3AF9FFDD6F:t17, leader=null, voted=b186946b-7cb1-405f-b9a6-a6ba9d2e3b50, raftlog=b186946b-7cb1-405f-b9a6-a6ba9d2e3b50@group-BE3AF9FFDD6F-SegmentedRaftLog:OPENED:c-1,f-1,i0, conf=-1: [b186946b-7cb1-405f-b9a6-a6ba9d2e3b50:192.168.5.171:45263, e89641c2-7ef1-4436-991e-ef84ba028339:192.168.5.171:43968, e9a757c7-3ca5-4a60-905c-412e8bb9c2fd:192.168.5.171:37071], old=null
2019-09-19 10:44:13,146 [e89641c2-7ef1-4436-991e-ef84ba028339@group-BE3AF9FFDD6F:LeaderElection55] INFO  impl.LeaderElection (LeaderElection.java:logAndReturn(56)) - e89641c2-7ef1-4436-991e-ef84ba028339@group-BE3AF9FFDD6F:LeaderElection55: Election REJECTED; received 2 response(s) [e89641c2-7ef1-4436-991e-ef84ba028339<-b186946b-7cb1-405f-b9a6-a6ba9d2e3b50#0:FAIL-t17, e89641c2-7ef1-4436-991e-ef84ba028339<-e9a757c7-3ca5-4a60-905c-412e8bb9c2fd#0:FAIL-t17] and 0 exception(s); e89641c2-7ef1-4436-991e-ef84ba028339@group-BE3AF9FFDD6F:t17, leader=null, voted=e89641c2-7ef1-4436-991e-ef84ba028339, raftlog=e89641c2-7ef1-4436-991e-ef84ba028339@group-BE3AF9FFDD6F-SegmentedRaftLog:OPENED:c-1,f-1,i0, conf=-1: [b186946b-7cb1-405f-b9a6-a6ba9d2e3b50:192.168.5.171:45263, e89641c2-7ef1-4436-991e-ef84ba028339:192.168.5.171:43968, e9a757c7-3ca5-4a60-905c-412e8bb9c2fd:192.168.5.171:37071], old=null
2019-09-19 10:44:13,147 [b186946b-7cb1-405f-b9a6-a6ba9d2e3b50@group-BE3AF9FFDD6F:LeaderElection56] INFO  impl.RaftServerImpl (RaftServerImpl.java:setRole(174)) - b186946b-7cb1-405f-b9a6-a6ba9d2e3b50@group-BE3AF9FFDD6F: changes role from CANDIDATE to FOLLOWER at term 17 for DISCOVERED_A_NEW_TERM
2019-09-19 10:44:13,148 [b186946b-7cb1-405f-b9a6-a6ba9d2e3b50@group-BE3AF9FFDD6F:LeaderElection56] INFO  impl.RoleInfo (RoleInfo.java:shutdownLeaderElection(134)) - b186946b-7cb1-405f-b9a6-a6ba9d2e3b50: shutdown LeaderElection
2019-09-19 10:44:13,148 [e89641c2-7ef1-4436-991e-ef84ba028339@group-BE3AF9FFDD6F:LeaderElection55] INFO  impl.RaftServerImpl (RaftServerImpl.java:setRole(174)) - e89641c2-7ef1-4436-991e-ef84ba028339@group-BE3AF9FFDD6F: changes role from CANDIDATE to FOLLOWER at term 17 for DISCOVERED_A_NEW_TERM
2019-09-19 10:44:13,150 [b186946b-7cb1-405f-b9a6-a6ba9d2e3b50@group-BE3AF9FFDD6F:LeaderElection56] INFO  impl.RoleInfo (RoleInfo.java:updateAndGet(143)) - b186946b-7cb1-405f-b9a6-a6ba9d2e3b50: start FollowerState
2019-09-19 10:44:13,150 [e9a757c7-3ca5-4a60-905c-412e8bb9c2fd@group-BE3AF9FFDD6F:LeaderElection54] INFO  impl.LeaderElection (LeaderElection.java:logAndReturn(56)) - e9a757c7-3ca5-4a60-905c-412e8bb9c2fd@group-BE3AF9FFDD6F:LeaderElection54: Election REJECTED; received 2 response(s) [e9a757c7-3ca5-4a60-905c-412e8bb9c2fd<-e89641c2-7ef1-4436-991e-ef84ba028339#0:FAIL-t17, e9a757c7-3ca5-4a60-905c-412e8bb9c2fd<-b186946b-7cb1-405f-b9a6-a6ba9d2e3b50#0:FAIL-t17] and 0 exception(s); e9a757c7-3ca5-4a60-905c-412e8bb9c2fd@group-BE3AF9FFDD6F:t17, leader=null, voted=e9a757c7-3ca5-4a60-905c-412e8bb9c2fd, raftlog=e9a757c7-3ca5-4a60-905c-412e8bb9c2fd@group-BE3AF9FFDD6F-SegmentedRaftLog:OPENED:c-1,f-1,i0, conf=-1: [b186946b-7cb1-405f-b9a6-a6ba9d2e3b50:192.168.5.171:45263, e89641c2-7ef1-4436-991e-ef84ba028339:192.168.5.171:43968, e9a757c7-3ca5-4a60-905c-412e8bb9c2fd:192.168.5.171:37071], old=null
2019-09-19 10:44:13,150 [e89641c2-7ef1-4436-991e-ef84ba028339@group-BE3AF9FFDD6F:LeaderElection55] INFO  impl.RoleInfo (RoleInfo.java:shutdownLeaderElection(134)) - e89641c2-7ef1-4436-991e-ef84ba028339: shutdown LeaderElection
2019-09-19 10:44:13,150 [e9a757c7-3ca5-4a60-905c-412e8bb9c2fd@group-BE3AF9FFDD6F:LeaderElection54] INFO  impl.RaftServerImpl (RaftServerImpl.java:setRole(174)) - e9a757c7-3ca5-4a60-905c-412e8bb9c2fd@group-BE3AF9FFDD6F: changes role from CANDIDATE to FOLLOWER at term 17 for DISCOVERED_A_NEW_TERM
2019-09-19 10:44:13,152 [e89641c2-7ef1-4436-991e-ef84ba028339@group-BE3AF9FFDD6F:LeaderElection55] INFO  impl.RoleInfo (RoleInfo.java:updateAndGet(143)) - e89641c2-7ef1-4436-991e-ef84ba028339: start FollowerState
2019-09-19 10:44:13,152 [e9a757c7-3ca5-4a60-905c-412e8bb9c2fd@group-BE3AF9FFDD6F:LeaderElection54] INFO  impl.RoleInfo (RoleInfo.java:shutdownLeaderElection(134)) - e9a757c7-3ca5-4a60-905c-412e8bb9c2fd: shutdown LeaderElection
2019-09-19 10:44:13,152 [e9a757c7-3ca5-4a60-905c-412e8bb9c2fd@group-BE3AF9FFDD6F:LeaderElection54] INFO  impl.RoleInfo (RoleInfo.java:updateAndGet(143)) - e9a757c7-3ca5-4a60-905c-412e8bb9c2fd: start FollowerState
2019-09-19 10:44:18,169 [Thread-677] INFO  impl.FollowerState (FollowerState.java:run(106)) - b186946b-7cb1-405f-b9a6-a6ba9d2e3b50:group-BE3AF9FFDD6F changes to CANDIDATE, lastRpcTime:5019, electionTimeout:5018ms
2019-09-19 10:44:18,170 [Thread-677] INFO  impl.RoleInfo (RoleInfo.java:shutdownFollowerState(121)) - b186946b-7cb1-405f-b9a6-a6ba9d2e3b50: shutdown FollowerState
2019-09-19 10:44:18,170 [Thread-677] INFO  impl.RaftServerImpl (RaftServerImpl.java:setRole(174)) - b186946b-7cb1-405f-b9a6-a6ba9d2e3b50@group-BE3AF9FFDD6F: changes role from  FOLLOWER to CANDIDATE at term 17 for changeToCandidate
2019-09-19 10:44:18,171 [Thread-677] INFO  impl.RoleInfo (RoleInfo.java:updateAndGet(143)) - b186946b-7cb1-405f-b9a6-a6ba9d2e3b50: start LeaderElection
2019-09-19 10:44:18,198 [Thread-679] INFO  impl.FollowerState (FollowerState.java:run(106)) - e9a757c7-3ca5-4a60-905c-412e8bb9c2fd:group-BE3AF9FFDD6F changes to CANDIDATE, lastRpcTime:5046, electionTimeout:5045ms
2019-09-19 10:44:18,198 [Thread-679] INFO  impl.RoleInfo (RoleInfo.java:shutdownFollowerState(121)) - e9a757c7-3ca5-4a60-905c-412e8bb9c2fd: shutdown FollowerState
2019-09-19 10:44:18,198 [Thread-679] INFO  impl.RaftServerImpl (RaftServerImpl.java:setRole(174)) - e9a757c7-3ca5-4a60-905c-412e8bb9c2fd@group-BE3AF9FFDD6F: changes role from  FOLLOWER to CANDIDATE at term 17 for changeToCandidate
2019-09-19 10:44:18,199 [Thread-679] INFO  impl.RoleInfo (RoleInfo.java:updateAndGet(143)) - e9a757c7-3ca5-4a60-905c-412e8bb9c2fd: start LeaderElection
2019-09-19 10:44:18,304 [Thread-678] INFO  impl.FollowerState (FollowerState.java:run(106)) - e89641c2-7ef1-4436-991e-ef84ba028339:group-BE3AF9FFDD6F changes to CANDIDATE, lastRpcTime:5152, electionTimeout:5151ms
2019-09-19 10:44:18,304 [Thread-678] INFO  impl.RoleInfo (RoleInfo.java:shutdownFollowerState(121)) - e89641c2-7ef1-4436-991e-ef84ba028339: shutdown FollowerState
2019-09-19 10:44:18,304 [Thread-678] INFO  impl.RaftServerImpl (RaftServerImpl.java:setRole(174)) - e89641c2-7ef1-4436-991e-ef84ba028339@group-BE3AF9FFDD6F: changes role from  FOLLOWER to CANDIDATE at term 17 for changeToCandidate
2019-09-19 10:44:18,304 [Thread-678] INFO  impl.RoleInfo (RoleInfo.java:updateAndGet(143)) - e89641c2-7ef1-4436-991e-ef84ba028339: start LeaderElection
2019-09-19 10:44:18,683 [e89641c2-7ef1-4436-991e-ef84ba028339@group-BE3AF9FFDD6F:LeaderElection59] INFO  impl.LeaderElection (LeaderElection.java:askForVotes(182)) - e89641c2-7ef1-4436-991e-ef84ba028339@group-BE3AF9FFDD6F:LeaderElection59: begin an election at term 18 for -1: [b186946b-7cb1-405f-b9a6-a6ba9d2e3b50:192.168.5.171:45263, e89641c2-7ef1-4436-991e-ef84ba028339:192.168.5.171:43968, e9a757c7-3ca5-4a60-905c-412e8bb9c2fd:192.168.5.171:37071], old=null
2019-09-19 10:44:18,683 [e9a757c7-3ca5-4a60-905c-412e8bb9c2fd@group-BE3AF9FFDD6F:LeaderElection58] INFO  impl.LeaderElection (LeaderElection.java:askForVotes(182)) - e9a757c7-3ca5-4a60-905c-412e8bb9c2fd@group-BE3AF9FFDD6F:LeaderElection58: begin an election at term 18 for -1: [b186946b-7cb1-405f-b9a6-a6ba9d2e3b50:192.168.5.171:45263, e89641c2-7ef1-4436-991e-ef84ba028339:192.168.5.171:43968, e9a757c7-3ca5-4a60-905c-412e8bb9c2fd:192.168.5.171:37071], old=null
2019-09-19 10:44:18,683 [b186946b-7cb1-405f-b9a6-a6ba9d2e3b50@group-BE3AF9FFDD6F:LeaderElection57] INFO  impl.LeaderElection (LeaderElection.java:askForVotes(182)) - b186946b-7cb1-405f-b9a6-a6ba9d2e3b50@group-BE3AF9FFDD6F:LeaderElection57: begin an election at term 18 for -1: [b186946b-7cb1-405f-b9a6-a6ba9d2e3b50:192.168.5.171:45263, e89641c2-7ef1-4436-991e-ef84ba028339:192.168.5.171:43968, e9a757c7-3ca5-4a60-905c-412e8bb9c2fd:192.168.5.171:37071], old=null
2019-09-19 10:44:18,691 [b186946b-7cb1-405f-b9a6-a6ba9d2e3b50@group-BE3AF9FFDD6F:LeaderElection57] INFO  impl.LeaderElection (LeaderElection.java:logAndReturn(56)) - b186946b-7cb1-405f-b9a6-a6ba9d2e3b50@group-BE3AF9FFDD6F:LeaderElection57: Election REJECTED; received 2 response(s) [b186946b-7cb1-405f-b9a6-a6ba9d2e3b50<-e89641c2-7ef1-4436-991e-ef84ba028339#0:FAIL-t18, b186946b-7cb1-405f-b9a6-a6ba9d2e3b50<-e9a757c7-3ca5-4a60-905c-412e8bb9c2fd#0:FAIL-t18] and 0 exception(s); b186946b-7cb1-405f-b9a6-a6ba9d2e3b50@group-BE3AF9FFDD6F:t18, leader=null, voted=b186946b-7cb1-405f-b9a6-a6ba9d2e3b50, raftlog=b186946b-7cb1-405f-b9a6-a6ba9d2e3b50@group-BE3AF9FFDD6F-SegmentedRaftLog:OPENED:c-1,f-1,i0, conf=-1: [b186946b-7cb1-405f-b9a6-a6ba9d2e3b50:192.168.5.171:45263, e89641c2-7ef1-4436-991e-ef84ba028339:192.168.5.171:43968, e9a757c7-3ca5-4a60-905c-412e8bb9c2fd:192.168.5.171:37071], old=null
2019-09-19 10:44:18,691 [b186946b-7cb1-405f-b9a6-a6ba9d2e3b50@group-BE3AF9FFDD6F:LeaderElection57] INFO  impl.RaftServerImpl (RaftServerImpl.java:setRole(174)) - b186946b-7cb1-405f-b9a6-a6ba9d2e3b50@group-BE3AF9FFDD6F: changes role from CANDIDATE to FOLLOWER at term 18 for DISCOVERED_A_NEW_TERM
2019-09-19 10:44:18,692 [b186946b-7cb1-405f-b9a6-a6ba9d2e3b50@group-BE3AF9FFDD6F:LeaderElection57] INFO  impl.RoleInfo (RoleInfo.java:shutdownLeaderElection(134)) - b186946b-7cb1-405f-b9a6-a6ba9d2e3b50: shutdown LeaderElection
2019-09-19 10:44:18,692 [b186946b-7cb1-405f-b9a6-a6ba9d2e3b50@group-BE3AF9FFDD6F:LeaderElection57] INFO  impl.RoleInfo (RoleInfo.java:updateAndGet(143)) - b186946b-7cb1-405f-b9a6-a6ba9d2e3b50: start FollowerState
2019-09-19 10:44:18,695 [e89641c2-7ef1-4436-991e-ef84ba028339@group-BE3AF9FFDD6F:LeaderElection59] INFO  impl.LeaderElection (LeaderElection.java:logAndReturn(56)) - e89641c2-7ef1-4436-991e-ef84ba028339@group-BE3AF9FFDD6F:LeaderElection59: Election REJECTED; received 2 response(s) [e89641c2-7ef1-4436-991e-ef84ba028339<-b186946b-7cb1-405f-b9a6-a6ba9d2e3b50#0:FAIL-t18, e89641c2-7ef1-4436-991e-ef84ba028339<-e9a757c7-3ca5-4a60-905c-412e8bb9c2fd#0:FAIL-t18] and 0 exception(s); e89641c2-7ef1-4436-991e-ef84ba028339@group-BE3AF9FFDD6F:t18, leader=null, voted=e89641c2-7ef1-4436-991e-ef84ba028339, raftlog=e89641c2-7ef1-4436-991e-ef84ba028339@group-BE3AF9FFDD6F-SegmentedRaftLog:OPENED:c-1,f-1,i0, conf=-1: [b186946b-7cb1-405f-b9a6-a6ba9d2e3b50:192.168.5.171:45263, e89641c2-7ef1-4436-991e-ef84ba028339:192.168.5.171:43968, e9a757c7-3ca5-4a60-905c-412e8bb9c2fd:192.168.5.171:37071], old=null
2019-09-19 10:44:18,697 [e9a757c7-3ca5-4a60-905c-412e8bb9c2fd@group-BE3AF9FFDD6F:LeaderElection58] INFO  impl.LeaderElection (LeaderElection.java:logAndReturn(56)) - e9a757c7-3ca5-4a60-905c-412e8bb9c2fd@group-BE3AF9FFDD6F:LeaderElection58: Election REJECTED; received 2 response(s) [e9a757c7-3ca5-4a60-905c-412e8bb9c2fd<-b186946b-7cb1-405f-b9a6-a6ba9d2e3b50#0:FAIL-t18, e9a757c7-3ca5-4a60-905c-412e8bb9c2fd<-e89641c2-7ef1-4436-991e-ef84ba028339#0:FAIL-t18] and 0 exception(s); e9a757c7-3ca5-4a60-905c-412e8bb9c2fd@group-BE3AF9FFDD6F:t18, leader=null, voted=e9a757c7-3ca5-4a60-905c-412e8bb9c2fd, raftlog=e9a757c7-3ca5-4a60-905c-412e8bb9c2fd@group-BE3AF9FFDD6F-SegmentedRaftLog:OPENED:c-1,f-1,i0, conf=-1: [b186946b-7cb1-405f-b9a6-a6ba9d2e3b50:192.168.5.171:45263, e89641c2-7ef1-4436-991e-ef84ba028339:192.168.5.171:43968, e9a757c7-3ca5-4a60-905c-412e8bb9c2fd:192.168.5.171:37071], old=null
2019-09-19 10:44:18,697 [e89641c2-7ef1-4436-991e-ef84ba028339@group-BE3AF9FFDD6F:LeaderElection59] INFO  impl.RaftServerImpl (RaftServerImpl.java:setRole(174)) - e89641c2-7ef1-4436-991e-ef84ba028339@group-BE3AF9FFDD6F: changes role from CANDIDATE to FOLLOWER at term 18 for DISCOVERED_A_NEW_TERM
2019-09-19 10:44:18,698 [e9a757c7-3ca5-4a60-905c-412e8bb9c2fd@group-BE3AF9FFDD6F:LeaderElection58] INFO  impl.RaftServerImpl (RaftServerImpl.java:setRole(174)) - e9a757c7-3ca5-4a60-905c-412e8bb9c2fd@group-BE3AF9FFDD6F: changes role from CANDIDATE to FOLLOWER at term 18 for DISCOVERED_A_NEW_TERM
2019-09-19 10:44:18,698 [e89641c2-7ef1-4436-991e-ef84ba028339@group-BE3AF9FFDD6F:LeaderElection59] INFO  impl.RoleInfo (RoleInfo.java:shutdownLeaderElection(134)) - e89641c2-7ef1-4436-991e-ef84ba028339: shutdown LeaderElection
2019-09-19 10:44:18,700 [e9a757c7-3ca5-4a60-905c-412e8bb9c2fd@group-BE3AF9FFDD6F:LeaderElection58] INFO  impl.RoleInfo (RoleInfo.java:shutdownLeaderElection(134)) - e9a757c7-3ca5-4a60-905c-412e8bb9c2fd: shutdown LeaderElection
2019-09-19 10:44:18,700 [e89641c2-7ef1-4436-991e-ef84ba028339@group-BE3AF9FFDD6F:LeaderElection59] INFO  impl.RoleInfo (RoleInfo.java:updateAndGet(143)) - e89641c2-7ef1-4436-991e-ef84ba028339: start FollowerState
2019-09-19 10:44:18,700 [e9a757c7-3ca5-4a60-905c-412e8bb9c2fd@group-BE3AF9FFDD6F:LeaderElection58] INFO  impl.RoleInfo (RoleInfo.java:updateAndGet(143)) - e9a757c7-3ca5-4a60-905c-412e8bb9c2fd: start FollowerState
2019-09-19 10:44:23,782 [Thread-701] INFO  impl.FollowerState (FollowerState.java:run(106)) - b186946b-7cb1-405f-b9a6-a6ba9d2e3b50:group-BE3AF9FFDD6F changes to CANDIDATE, lastRpcTime:5090, electionTimeout:5087ms
2019-09-19 10:44:23,783 [Thread-701] INFO  impl.RoleInfo (RoleInfo.java:shutdownFollowerState(121)) - b186946b-7cb1-405f-b9a6-a6ba9d2e3b50: shutdown FollowerState
2019-09-19 10:44:23,783 [Thread-701] INFO  impl.RaftServerImpl (RaftServerImpl.java:setRole(174)) - b186946b-7cb1-405f-b9a6-a6ba9d2e3b50@group-BE3AF9FFDD6F: changes role from  FOLLOWER to CANDIDATE at term 18 for changeToCandidate
2019-09-19 10:44:23,783 [Thread-701] INFO  impl.RoleInfo (RoleInfo.java:updateAndGet(143)) - b186946b-7cb1-405f-b9a6-a6ba9d2e3b50: start LeaderElection
2019-09-19 10:44:23,822 [Thread-702] INFO  impl.FollowerState (FollowerState.java:run(106)) - e89641c2-7ef1-4436-991e-ef84ba028339:group-BE3AF9FFDD6F changes to CANDIDATE, lastRpcTime:5121, electionTimeout:5121ms
2019-09-19 10:44:23,822 [Thread-702] INFO  impl.RoleInfo (RoleInfo.java:shutdownFollowerState(121)) - e89641c2-7ef1-4436-991e-ef84ba028339: shutdown FollowerState
2019-09-19 10:44:23,822 [Thread-702] INFO  impl.RaftServerImpl (RaftServerImpl.java:setRole(174)) - e89641c2-7ef1-4436-991e-ef84ba028339@group-BE3AF9FFDD6F: changes role from  FOLLOWER to CANDIDATE at term 18 for changeToCandidate
2019-09-19 10:44:23,822 [Thread-702] INFO  impl.RoleInfo (RoleInfo.java:updateAndGet(143)) - e89641c2-7ef1-4436-991e-ef84ba028339: start LeaderElection
2019-09-19 10:44:23,843 [Thread-703] INFO  impl.FollowerState (FollowerState.java:run(106)) - e9a757c7-3ca5-4a60-905c-412e8bb9c2fd:group-BE3AF9FFDD6F changes to CANDIDATE, lastRpcTime:5142, electionTimeout:5142ms
2019-09-19 10:44:23,843 [Thread-703] INFO  impl.RoleInfo (RoleInfo.java:shutdownFollowerState(121)) - e9a757c7-3ca5-4a60-905c-412e8bb9c2fd: shutdown FollowerState
2019-09-19 10:44:23,843 [Thread-703] INFO  impl.RaftServerImpl (RaftServerImpl.java:setRole(174)) - e9a757c7-3ca5-4a60-905c-412e8bb9c2fd@group-BE3AF9FFDD6F: changes role from  FOLLOWER to CANDIDATE at term 18 for changeToCandidate
2019-09-19 10:44:23,843 [Thread-703] INFO  impl.RoleInfo (RoleInfo.java:updateAndGet(143)) - e9a757c7-3ca5-4a60-905c-412e8bb9c2fd: start LeaderElection
2019-09-19 10:44:24,362 [e9a757c7-3ca5-4a60-905c-412e8bb9c2fd@group-BE3AF9FFDD6F:LeaderElection62] INFO  impl.LeaderElection (LeaderElection.java:askForVotes(182)) - e9a757c7-3ca5-4a60-905c-412e8bb9c2fd@group-BE3AF9FFDD6F:LeaderElection62: begin an election at term 19 for -1: [b186946b-7cb1-405f-b9a6-a6ba9d2e3b50:192.168.5.171:45263, e89641c2-7ef1-4436-991e-ef84ba028339:192.168.5.171:43968, e9a757c7-3ca5-4a60-905c-412e8bb9c2fd:192.168.5.171:37071], old=null
2019-09-19 10:44:24,362 [e89641c2-7ef1-4436-991e-ef84ba028339@group-BE3AF9FFDD6F:LeaderElection61] INFO  impl.LeaderElection (LeaderElection.java:askForVotes(182)) - e89641c2-7ef1-4436-991e-ef84ba028339@group-BE3AF9FFDD6F:LeaderElection61: begin an election at term 19 for -1: [b186946b-7cb1-405f-b9a6-a6ba9d2e3b50:192.168.5.171:45263, e89641c2-7ef1-4436-991e-ef84ba028339:192.168.5.171:43968, e9a757c7-3ca5-4a60-905c-412e8bb9c2fd:192.168.5.171:37071], old=null
2019-09-19 10:44:24,362 [b186946b-7cb1-405f-b9a6-a6ba9d2e3b50@group-BE3AF9FFDD6F:LeaderElection60] INFO  impl.LeaderElection (LeaderElection.java:askForVotes(182)) - b186946b-7cb1-405f-b9a6-a6ba9d2e3b50@group-BE3AF9FFDD6F:LeaderElection60: begin an election at term 19 for -1: [b186946b-7cb1-405f-b9a6-a6ba9d2e3b50:192.168.5.171:45263, e89641c2-7ef1-4436-991e-ef84ba028339:192.168.5.171:43968, e9a757c7-3ca5-4a60-905c-412e8bb9c2fd:192.168.5.171:37071], old=null
2019-09-19 10:44:24,372 [e9a757c7-3ca5-4a60-905c-412e8bb9c2fd@group-BE3AF9FFDD6F:LeaderElection62] INFO  impl.LeaderElection (LeaderElection.java:logAndReturn(56)) - e9a757c7-3ca5-4a60-905c-412e8bb9c2fd@group-BE3AF9FFDD6F:LeaderElection62: Election REJECTED; received 2 response(s) [e9a757c7-3ca5-4a60-905c-412e8bb9c2fd<-b186946b-7cb1-405f-b9a6-a6ba9d2e3b50#0:FAIL-t19, e9a757c7-3ca5-4a60-905c-412e8bb9c2fd<-e89641c2-7ef1-4436-991e-ef84ba028339#0:FAIL-t19] and 0 exception(s); e9a757c7-3ca5-4a60-905c-412e8bb9c2fd@group-BE3AF9FFDD6F:t19, leader=null, voted=e9a757c7-3ca5-4a60-905c-412e8bb9c2fd, raftlog=e9a757c7-3ca5-4a60-905c-412e8bb9c2fd@group-BE3AF9FFDD6F-SegmentedRaftLog:OPENED:c-1,f-1,i0, conf=-1: [b186946b-7cb1-405f-b9a6-a6ba9d2e3b50:192.168.5.171:45263, e89641c2-7ef1-4436-991e-ef84ba028339:192.168.5.171:43968, e9a757c7-3ca5-4a60-905c-412e8bb9c2fd:192.168.5.171:37071], old=null
2019-09-19 10:44:24,372 [e9a757c7-3ca5-4a60-905c-412e8bb9c2fd@group-BE3AF9FFDD6F:LeaderElection62] INFO  impl.RaftServerImpl (RaftServerImpl.java:setRole(174)) - e9a757c7-3ca5-4a60-905c-412e8bb9c2fd@group-BE3AF9FFDD6F: changes role from CANDIDATE to FOLLOWER at term 19 for DISCOVERED_A_NEW_TERM
2019-09-19 10:44:24,373 [b186946b-7cb1-405f-b9a6-a6ba9d2e3b50@group-BE3AF9FFDD6F:LeaderElection60] INFO  impl.LeaderElection (LeaderElection.java:logAndReturn(56)) - b186946b-7cb1-405f-b9a6-a6ba9d2e3b50@group-BE3AF9FFDD6F:LeaderElection60: Election REJECTED; received 2 response(s) [b186946b-7cb1-405f-b9a6-a6ba9d2e3b50<-e89641c2-7ef1-4436-991e-ef84ba028339#0:FAIL-t19, b186946b-7cb1-405f-b9a6-a6ba9d2e3b50<-e9a757c7-3ca5-4a60-905c-412e8bb9c2fd#0:FAIL-t19] and 0 exception(s); b186946b-7cb1-405f-b9a6-a6ba9d2e3b50@group-BE3AF9FFDD6F:t19, leader=null, voted=b186946b-7cb1-405f-b9a6-a6ba9d2e3b50, raftlog=b186946b-7cb1-405f-b9a6-a6ba9d2e3b50@group-BE3AF9FFDD6F-SegmentedRaftLog:OPENED:c-1,f-1,i0, conf=-1: [b186946b-7cb1-405f-b9a6-a6ba9d2e3b50:192.168.5.171:45263, e89641c2-7ef1-4436-991e-ef84ba028339:192.168.5.171:43968, e9a757c7-3ca5-4a60-905c-412e8bb9c2fd:192.168.5.171:37071], old=null
2019-09-19 10:44:24,374 [e89641c2-7ef1-4436-991e-ef84ba028339@group-BE3AF9FFDD6F:LeaderElection61] INFO  impl.LeaderElection (LeaderElection.java:logAndReturn(56)) - e89641c2-7ef1-4436-991e-ef84ba028339@group-BE3AF9FFDD6F:LeaderElection61: Election REJECTED; received 2 response(s) [e89641c2-7ef1-4436-991e-ef84ba028339<-b186946b-7cb1-405f-b9a6-a6ba9d2e3b50#0:FAIL-t19, e89641c2-7ef1-4436-991e-ef84ba028339<-e9a757c7-3ca5-4a60-905c-412e8bb9c2fd#0:FAIL-t19] and 0 exception(s); e89641c2-7ef1-4436-991e-ef84ba028339@group-BE3AF9FFDD6F:t19, leader=null, voted=e89641c2-7ef1-4436-991e-ef84ba028339, raftlog=e89641c2-7ef1-4436-991e-ef84ba028339@group-BE3AF9FFDD6F-SegmentedRaftLog:OPENED:c-1,f-1,i0, conf=-1: [b186946b-7cb1-405f-b9a6-a6ba9d2e3b50:192.168.5.171:45263, e89641c2-7ef1-4436-991e-ef84ba028339:192.168.5.171:43968, e9a757c7-3ca5-4a60-905c-412e8bb9c2fd:192.168.5.171:37071], old=null
2019-09-19 10:44:24,373 [e9a757c7-3ca5-4a60-905c-412e8bb9c2fd@group-BE3AF9FFDD6F:LeaderElection62] INFO  impl.RoleInfo (RoleInfo.java:shutdownLeaderElection(134)) - e9a757c7-3ca5-4a60-905c-412e8bb9c2fd: shutdown LeaderElection
2019-09-19 10:44:24,377 [e89641c2-7ef1-4436-991e-ef84ba028339@group-BE3AF9FFDD6F:LeaderElection61] INFO  impl.RaftServerImpl (RaftServerImpl.java:setRole(174)) - e89641c2-7ef1-4436-991e-ef84ba028339@group-BE3AF9FFDD6F: changes role from CANDIDATE to FOLLOWER at term 19 for DISCOVERED_A_NEW_TERM
2019-09-19 10:44:24,378 [e9a757c7-3ca5-4a60-905c-412e8bb9c2fd@group-BE3AF9FFDD6F:LeaderElection62] INFO  impl.RoleInfo (RoleInfo.java:updateAndGet(143)) - e9a757c7-3ca5-4a60-905c-412e8bb9c2fd: start FollowerState
2019-09-19 10:44:24,375 [b186946b-7cb1-405f-b9a6-a6ba9d2e3b50@group-BE3AF9FFDD6F:LeaderElection60] INFO  impl.RaftServerImpl (RaftServerImpl.java:setRole(174)) - b186946b-7cb1-405f-b9a6-a6ba9d2e3b50@group-BE3AF9FFDD6F: changes role from CANDIDATE to FOLLOWER at term 19 for DISCOVERED_A_NEW_TERM
2019-09-19 10:44:24,378 [e89641c2-7ef1-4436-991e-ef84ba028339@group-BE3AF9FFDD6F:LeaderElection61] INFO  impl.RoleInfo (RoleInfo.java:shutdownLeaderElection(134)) - e89641c2-7ef1-4436-991e-ef84ba028339: shutdown LeaderElection
2019-09-19 10:44:24,379 [b186946b-7cb1-405f-b9a6-a6ba9d2e3b50@group-BE3AF9FFDD6F:LeaderElection60] INFO  impl.RoleInfo (RoleInfo.java:shutdownLeaderElection(134)) - b186946b-7cb1-405f-b9a6-a6ba9d2e3b50: shutdown LeaderElection
2019-09-19 10:44:24,379 [e89641c2-7ef1-4436-991e-ef84ba028339@group-BE3AF9FFDD6F:LeaderElection61] INFO  impl.RoleInfo (RoleInfo.java:updateAndGet(143)) - e89641c2-7ef1-4436-991e-ef84ba028339: start FollowerState
2019-09-19 10:44:24,379 [b186946b-7cb1-405f-b9a6-a6ba9d2e3b50@group-BE3AF9FFDD6F:LeaderElection60] INFO  impl.RoleInfo (RoleInfo.java:updateAndGet(143)) - b186946b-7cb1-405f-b9a6-a6ba9d2e3b50: start FollowerState
2019-09-19 10:44:29,400 [Thread-728] INFO  impl.FollowerState (FollowerState.java:run(106)) - e9a757c7-3ca5-4a60-905c-412e8bb9c2fd:group-BE3AF9FFDD6F changes to CANDIDATE, lastRpcTime:5021, electionTimeout:5021ms
2019-09-19 10:44:29,401 [Thread-728] INFO  impl.RoleInfo (RoleInfo.java:shutdownFollowerState(121)) - e9a757c7-3ca5-4a60-905c-412e8bb9c2fd: shutdown FollowerState
2019-09-19 10:44:29,401 [Thread-728] INFO  impl.RaftServerImpl (RaftServerImpl.java:setRole(174)) - e9a757c7-3ca5-4a60-905c-412e8bb9c2fd@group-BE3AF9FFDD6F: changes role from  FOLLOWER to CANDIDATE at term 19 for changeToCandidate
2019-09-19 10:44:29,401 [Thread-728] INFO  impl.RoleInfo (RoleInfo.java:updateAndGet(143)) - e9a757c7-3ca5-4a60-905c-412e8bb9c2fd: start LeaderElection
2019-09-19 10:44:29,453 [Thread-730] INFO  impl.FollowerState (FollowerState.java:run(106)) - b186946b-7cb1-405f-b9a6-a6ba9d2e3b50:group-BE3AF9FFDD6F changes to CANDIDATE, lastRpcTime:5073, electionTimeout:5073ms
2019-09-19 10:44:29,453 [Thread-730] INFO  impl.RoleInfo (RoleInfo.java:shutdownFollowerState(121)) - b186946b-7cb1-405f-b9a6-a6ba9d2e3b50: shutdown FollowerState
2019-09-19 10:44:29,453 [Thread-730] INFO  impl.RaftServerImpl (RaftServerImpl.java:setRole(174)) - b186946b-7cb1-405f-b9a6-a6ba9d2e3b50@group-BE3AF9FFDD6F: changes role from  FOLLOWER to CANDIDATE at term 19 for changeToCandidate
2019-09-19 10:44:29,453 [Thread-730] INFO  impl.RoleInfo (RoleInfo.java:updateAndGet(143)) - b186946b-7cb1-405f-b9a6-a6ba9d2e3b50: start LeaderElection
2019-09-19 10:44:29,463 [Thread-729] INFO  impl.FollowerState (FollowerState.java:run(106)) - e89641c2-7ef1-4436-991e-ef84ba028339:group-BE3AF9FFDD6F changes to CANDIDATE, lastRpcTime:5083, electionTimeout:5083ms
2019-09-19 10:44:29,463 [Thread-729] INFO  impl.RoleInfo (RoleInfo.java:shutdownFollowerState(121)) - e89641c2-7ef1-4436-991e-ef84ba028339: shutdown FollowerState
2019-09-19 10:44:29,463 [Thread-729] INFO  impl.RaftServerImpl (RaftServerImpl.java:setRole(174)) - e89641c2-7ef1-4436-991e-ef84ba028339@group-BE3AF9FFDD6F: changes role from  FOLLOWER to CANDIDATE at term 19 for changeToCandidate
2019-09-19 10:44:29,463 [Thread-729] INFO  impl.RoleInfo (RoleInfo.java:updateAndGet(143)) - e89641c2-7ef1-4436-991e-ef84ba028339: start LeaderElection
2019-09-19 10:44:29,717 [e89641c2-7ef1-4436-991e-ef84ba028339@group-BE3AF9FFDD6F:LeaderElection65] INFO  impl.LeaderElection (LeaderElection.java:askForVotes(182)) - e89641c2-7ef1-4436-991e-ef84ba028339@group-BE3AF9FFDD6F:LeaderElection65: begin an election at term 20 for -1: [b186946b-7cb1-405f-b9a6-a6ba9d2e3b50:192.168.5.171:45263, e89641c2-7ef1-4436-991e-ef84ba028339:192.168.5.171:43968, e9a757c7-3ca5-4a60-905c-412e8bb9c2fd:192.168.5.171:37071], old=null
2019-09-19 10:44:29,717 [b186946b-7cb1-405f-b9a6-a6ba9d2e3b50@group-BE3AF9FFDD6F:LeaderElection64] INFO  impl.LeaderElection (LeaderElection.java:askForVotes(182)) - b186946b-7cb1-405f-b9a6-a6ba9d2e3b50@group-BE3AF9FFDD6F:LeaderElection64: begin an election at term 20 for -1: [b186946b-7cb1-405f-b9a6-a6ba9d2e3b50:192.168.5.171:45263, e89641c2-7ef1-4436-991e-ef84ba028339:192.168.5.171:43968, e9a757c7-3ca5-4a60-905c-412e8bb9c2fd:192.168.5.171:37071], old=null
2019-09-19 10:44:29,717 [e9a757c7-3ca5-4a60-905c-412e8bb9c2fd@group-BE3AF9FFDD6F:LeaderElection63] INFO  impl.LeaderElection (LeaderElection.java:askForVotes(182)) - e9a757c7-3ca5-4a60-905c-412e8bb9c2fd@group-BE3AF9FFDD6F:LeaderElection63: begin an election at term 20 for -1: [b186946b-7cb1-405f-b9a6-a6ba9d2e3b50:192.168.5.171:45263, e89641c2-7ef1-4436-991e-ef84ba028339:192.168.5.171:43968, e9a757c7-3ca5-4a60-905c-412e8bb9c2fd:192.168.5.171:37071], old=null
2019-09-19 10:44:29,725 [e9a757c7-3ca5-4a60-905c-412e8bb9c2fd@group-BE3AF9FFDD6F:LeaderElection63] INFO  impl.LeaderElection (LeaderElection.java:logAndReturn(56)) - e9a757c7-3ca5-4a60-905c-412e8bb9c2fd@group-BE3AF9FFDD6F:LeaderElection63: Election REJECTED; received 2 response(s) [e9a757c7-3ca5-4a60-905c-412e8bb9c2fd<-e89641c2-7ef1-4436-991e-ef84ba028339#0:FAIL-t20, e9a757c7-3ca5-4a60-905c-412e8bb9c2fd<-b186946b-7cb1-405f-b9a6-a6ba9d2e3b50#0:FAIL-t20] and 0 exception(s); e9a757c7-3ca5-4a60-905c-412e8bb9c2fd@group-BE3AF9FFDD6F:t20, leader=null, voted=e9a757c7-3ca5-4a60-905c-412e8bb9c2fd, raftlog=e9a757c7-3ca5-4a60-905c-412e8bb9c2fd@group-BE3AF9FFDD6F-SegmentedRaftLog:OPENED:c-1,f-1,i0, conf=-1: [b186946b-7cb1-405f-b9a6-a6ba9d2e3b50:192.168.5.171:45263, e89641c2-7ef1-4436-991e-ef84ba028339:192.168.5.171:43968, e9a757c7-3ca5-4a60-905c-412e8bb9c2fd:192.168.5.171:37071], old=null
2019-09-19 10:44:29,726 [e9a757c7-3ca5-4a60-905c-412e8bb9c2fd@group-BE3AF9FFDD6F:LeaderElection63] INFO  impl.RaftServerImpl (RaftServerImpl.java:setRole(174)) - e9a757c7-3ca5-4a60-905c-412e8bb9c2fd@group-BE3AF9FFDD6F: changes role from CANDIDATE to FOLLOWER at term 20 for DISCOVERED_A_NEW_TERM
2019-09-19 10:44:29,726 [e9a757c7-3ca5-4a60-905c-412e8bb9c2fd@group-BE3AF9FFDD6F:LeaderElection63] INFO  impl.RoleInfo (RoleInfo.java:shutdownLeaderElection(134)) - e9a757c7-3ca5-4a60-905c-412e8bb9c2fd: shutdown LeaderElection
2019-09-19 10:44:29,726 [e89641c2-7ef1-4436-991e-ef84ba028339@group-BE3AF9FFDD6F:LeaderElection65] INFO  impl.LeaderElection (LeaderElection.java:logAndReturn(56)) - e89641c2-7ef1-4436-991e-ef84ba028339@group-BE3AF9FFDD6F:LeaderElection65: Election REJECTED; received 2 response(s) [e89641c2-7ef1-4436-991e-ef84ba028339<-b186946b-7cb1-405f-b9a6-a6ba9d2e3b50#0:FAIL-t20, e89641c2-7ef1-4436-991e-ef84ba028339<-e9a757c7-3ca5-4a60-905c-412e8bb9c2fd#0:FAIL-t20] and 0 exception(s); e89641c2-7ef1-4436-991e-ef84ba028339@group-BE3AF9FFDD6F:t20, leader=null, voted=e89641c2-7ef1-4436-991e-ef84ba028339, raftlog=e89641c2-7ef1-4436-991e-ef84ba028339@group-BE3AF9FFDD6F-SegmentedRaftLog:OPENED:c-1,f-1,i0, conf=-1: [b186946b-7cb1-405f-b9a6-a6ba9d2e3b50:192.168.5.171:45263, e89641c2-7ef1-4436-991e-ef84ba028339:192.168.5.171:43968, e9a757c7-3ca5-4a60-905c-412e8bb9c2fd:192.168.5.171:37071], old=null
2019-09-19 10:44:29,726 [e9a757c7-3ca5-4a60-905c-412e8bb9c2fd@group-BE3AF9FFDD6F:LeaderElection63] INFO  impl.RoleInfo (RoleInfo.java:updateAndGet(143)) - e9a757c7-3ca5-4a60-905c-412e8bb9c2fd: start FollowerState
2019-09-19 10:44:29,730 [e89641c2-7ef1-4436-991e-ef84ba028339@group-BE3AF9FFDD6F:LeaderElection65] INFO  impl.RaftServerImpl (RaftServerImpl.java:setRole(174)) - e89641c2-7ef1-4436-991e-ef84ba028339@group-BE3AF9FFDD6F: changes role from CANDIDATE to FOLLOWER at term 20 for DISCOVERED_A_NEW_TERM
2019-09-19 10:44:29,732 [e89641c2-7ef1-4436-991e-ef84ba028339@group-BE3AF9FFDD6F:LeaderElection65] INFO  impl.RoleInfo (RoleInfo.java:shutdownLeaderElection(134)) - e89641c2-7ef1-4436-991e-ef84ba028339: shutdown LeaderElection
2019-09-19 10:44:29,732 [b186946b-7cb1-405f-b9a6-a6ba9d2e3b50@group-BE3AF9FFDD6F:LeaderElection64] INFO  impl.LeaderElection (LeaderElection.java:logAndReturn(56)) - b186946b-7cb1-405f-b9a6-a6ba9d2e3b50@group-BE3AF9FFDD6F:LeaderElection64: Election REJECTED; received 2 response(s) [b186946b-7cb1-405f-b9a6-a6ba9d2e3b50<-e89641c2-7ef1-4436-991e-ef84ba028339#0:FAIL-t20, b186946b-7cb1-405f-b9a6-a6ba9d2e3b50<-e9a757c7-3ca5-4a60-905c-412e8bb9c2fd#0:FAIL-t20] and 0 exception(s); b186946b-7cb1-405f-b9a6-a6ba9d2e3b50@group-BE3AF9FFDD6F:t20, leader=null, voted=b186946b-7cb1-405f-b9a6-a6ba9d2e3b50, raftlog=b186946b-7cb1-405f-b9a6-a6ba9d2e3b50@group-BE3AF9FFDD6F-SegmentedRaftLog:OPENED:c-1,f-1,i0, conf=-1: [b186946b-7cb1-405f-b9a6-a6ba9d2e3b50:192.168.5.171:45263, e89641c2-7ef1-4436-991e-ef84ba028339:192.168.5.171:43968, e9a757c7-3ca5-4a60-905c-412e8bb9c2fd:192.168.5.171:37071], old=null
2019-09-19 10:44:29,732 [e89641c2-7ef1-4436-991e-ef84ba028339@group-BE3AF9FFDD6F:LeaderElection65] INFO  impl.RoleInfo (RoleInfo.java:updateAndGet(143)) - e89641c2-7ef1-4436-991e-ef84ba028339: start FollowerState
2019-09-19 10:44:29,732 [b186946b-7cb1-405f-b9a6-a6ba9d2e3b50@group-BE3AF9FFDD6F:LeaderElection64] INFO  impl.RaftServerImpl (RaftServerImpl.java:setRole(174)) - b186946b-7cb1-405f-b9a6-a6ba9d2e3b50@group-BE3AF9FFDD6F: changes role from CANDIDATE to FOLLOWER at term 20 for DISCOVERED_A_NEW_TERM
2019-09-19 10:44:29,734 [b186946b-7cb1-405f-b9a6-a6ba9d2e3b50@group-BE3AF9FFDD6F:LeaderElection64] INFO  impl.RoleInfo (RoleInfo.java:shutdownLeaderElection(134)) - b186946b-7cb1-405f-b9a6-a6ba9d2e3b50: shutdown LeaderElection
2019-09-19 10:44:29,734 [b186946b-7cb1-405f-b9a6-a6ba9d2e3b50@group-BE3AF9FFDD6F:LeaderElection64] INFO  impl.RoleInfo (RoleInfo.java:updateAndGet(143)) - b186946b-7cb1-405f-b9a6-a6ba9d2e3b50: start FollowerState
2019-09-19 10:44:34,772 [Thread-753] INFO  impl.FollowerState (FollowerState.java:run(106)) - e89641c2-7ef1-4436-991e-ef84ba028339:group-BE3AF9FFDD6F changes to CANDIDATE, lastRpcTime:5040, electionTimeout:5038ms
2019-09-19 10:44:34,773 [Thread-753] INFO  impl.RoleInfo (RoleInfo.java:shutdownFollowerState(121)) - e89641c2-7ef1-4436-991e-ef84ba028339: shutdown FollowerState
2019-09-19 10:44:34,773 [Thread-753] INFO  impl.RaftServerImpl (RaftServerImpl.java:setRole(174)) - e89641c2-7ef1-4436-991e-ef84ba028339@group-BE3AF9FFDD6F: changes role from  FOLLOWER to CANDIDATE at term 20 for changeToCandidate
2019-09-19 10:44:34,809 [Thread-753] ERROR ratis.XceiverServerRatis (XceiverServerRatis.java:triggerPipelineClose(575)) - pipeline Action CLOSE  on pipeline PipelineID=675db364-6abe-462d-8f7f-be3af9ffdd6f.Reason : e89641c2-7ef1-4436-991e-ef84ba028339 is in candidate state for 122312ms
2019-09-19 10:44:34,809 [Thread-753] INFO  impl.RoleInfo (RoleInfo.java:updateAndGet(143)) - e89641c2-7ef1-4436-991e-ef84ba028339: start LeaderElection
2019-09-19 10:44:34,867 [e89641c2-7ef1-4436-991e-ef84ba028339@group-BE3AF9FFDD6F:LeaderElection66] INFO  impl.LeaderElection (LeaderElection.java:askForVotes(182)) - e89641c2-7ef1-4436-991e-ef84ba028339@group-BE3AF9FFDD6F:LeaderElection66: begin an election at term 21 for -1: [b186946b-7cb1-405f-b9a6-a6ba9d2e3b50:192.168.5.171:45263, e89641c2-7ef1-4436-991e-ef84ba028339:192.168.5.171:43968, e9a757c7-3ca5-4a60-905c-412e8bb9c2fd:192.168.5.171:37071], old=null
2019-09-19 10:44:34,868 [Thread-754] INFO  impl.FollowerState (FollowerState.java:run(106)) - b186946b-7cb1-405f-b9a6-a6ba9d2e3b50:group-BE3AF9FFDD6F changes to CANDIDATE, lastRpcTime:5133, electionTimeout:5133ms
2019-09-19 10:44:34,868 [Thread-754] INFO  impl.RoleInfo (RoleInfo.java:shutdownFollowerState(121)) - b186946b-7cb1-405f-b9a6-a6ba9d2e3b50: shutdown FollowerState
2019-09-19 10:44:34,868 [Thread-754] INFO  impl.RaftServerImpl (RaftServerImpl.java:setRole(174)) - b186946b-7cb1-405f-b9a6-a6ba9d2e3b50@group-BE3AF9FFDD6F: changes role from  FOLLOWER to CANDIDATE at term 20 for changeToCandidate
2019-09-19 10:44:34,871 [Thread-754] ERROR ratis.XceiverServerRatis (XceiverServerRatis.java:triggerPipelineClose(575)) - pipeline Action CLOSE  on pipeline PipelineID=675db364-6abe-462d-8f7f-be3af9ffdd6f.Reason : b186946b-7cb1-405f-b9a6-a6ba9d2e3b50 is in candidate state for 122387ms
2019-09-19 10:44:34,871 [Thread-754] INFO  impl.RoleInfo (RoleInfo.java:updateAndGet(143)) - b186946b-7cb1-405f-b9a6-a6ba9d2e3b50: start LeaderElection
2019-09-19 10:44:34,875 [grpc-default-executor-3] INFO  impl.RaftServerImpl (RaftServerImpl.java:setRole(174)) - e9a757c7-3ca5-4a60-905c-412e8bb9c2fd@group-BE3AF9FFDD6F: changes role from  FOLLOWER to FOLLOWER at term 21 for recognizeCandidate:e89641c2-7ef1-4436-991e-ef84ba028339
2019-09-19 10:44:34,876 [grpc-default-executor-3] INFO  impl.RoleInfo (RoleInfo.java:shutdownFollowerState(121)) - e9a757c7-3ca5-4a60-905c-412e8bb9c2fd: shutdown FollowerState
2019-09-19 10:44:34,876 [grpc-default-executor-3] INFO  impl.RoleInfo (RoleInfo.java:updateAndGet(143)) - e9a757c7-3ca5-4a60-905c-412e8bb9c2fd: start FollowerState
2019-09-19 10:44:34,876 [Thread-752] INFO  impl.FollowerState (FollowerState.java:run(115)) - e9a757c7-3ca5-4a60-905c-412e8bb9c2fd: FollowerState was interrupted: java.lang.InterruptedException: sleep interrupted
2019-09-19 10:44:34,903 [b186946b-7cb1-405f-b9a6-a6ba9d2e3b50@group-BE3AF9FFDD6F:LeaderElection67] INFO  impl.LeaderElection (LeaderElection.java:askForVotes(182)) - b186946b-7cb1-405f-b9a6-a6ba9d2e3b50@group-BE3AF9FFDD6F:LeaderElection67: begin an election at term 21 for -1: [b186946b-7cb1-405f-b9a6-a6ba9d2e3b50:192.168.5.171:45263, e89641c2-7ef1-4436-991e-ef84ba028339:192.168.5.171:43968, e9a757c7-3ca5-4a60-905c-412e8bb9c2fd:192.168.5.171:37071], old=null
2019-09-19 10:44:34,905 [e89641c2-7ef1-4436-991e-ef84ba028339@group-BE3AF9FFDD6F:LeaderElection66] INFO  impl.LeaderElection (LeaderElection.java:logAndReturn(56)) - e89641c2-7ef1-4436-991e-ef84ba028339@group-BE3AF9FFDD6F:LeaderElection66: Election PASSED; received 1 response(s) [e89641c2-7ef1-4436-991e-ef84ba028339<-e9a757c7-3ca5-4a60-905c-412e8bb9c2fd#0:OK-t21] and 0 exception(s); e89641c2-7ef1-4436-991e-ef84ba028339@group-BE3AF9FFDD6F:t21, leader=null, voted=e89641c2-7ef1-4436-991e-ef84ba028339, raftlog=e89641c2-7ef1-4436-991e-ef84ba028339@group-BE3AF9FFDD6F-SegmentedRaftLog:OPENED:c-1,f-1,i0, conf=-1: [b186946b-7cb1-405f-b9a6-a6ba9d2e3b50:192.168.5.171:45263, e89641c2-7ef1-4436-991e-ef84ba028339:192.168.5.171:43968, e9a757c7-3ca5-4a60-905c-412e8bb9c2fd:192.168.5.171:37071], old=null
2019-09-19 10:44:34,905 [e89641c2-7ef1-4436-991e-ef84ba028339@group-BE3AF9FFDD6F:LeaderElection66] INFO  impl.RoleInfo (RoleInfo.java:shutdownLeaderElection(134)) - e89641c2-7ef1-4436-991e-ef84ba028339: shutdown LeaderElection
2019-09-19 10:44:34,905 [e89641c2-7ef1-4436-991e-ef84ba028339@group-BE3AF9FFDD6F:LeaderElection66] INFO  impl.RaftServerImpl (RaftServerImpl.java:setRole(174)) - e89641c2-7ef1-4436-991e-ef84ba028339@group-BE3AF9FFDD6F: changes role from CANDIDATE to LEADER at term 21 for changeToLeader
2019-09-19 10:44:34,905 [e89641c2-7ef1-4436-991e-ef84ba028339@group-BE3AF9FFDD6F:LeaderElection66] INFO  impl.RaftServerImpl (ServerState.java:setLeader(253)) - e89641c2-7ef1-4436-991e-ef84ba028339@group-BE3AF9FFDD6F: change Leader from null to e89641c2-7ef1-4436-991e-ef84ba028339 at term 21 for becomeLeader, leader elected after 122424ms
2019-09-19 10:44:34,906 [e89641c2-7ef1-4436-991e-ef84ba028339@group-BE3AF9FFDD6F:LeaderElection66] INFO  server.RaftServerConfigKeys (ConfUtils.java:logGet(43)) - raft.server.staging.catchup.gap = 1000 (default)
2019-09-19 10:44:34,906 [e89641c2-7ef1-4436-991e-ef84ba028339@group-BE3AF9FFDD6F:LeaderElection66] INFO  server.RaftServerConfigKeys (ConfUtils.java:logGet(43)) - raft.server.rpc.sleep.time = 25ms (default)
2019-09-19 10:44:34,906 [e89641c2-7ef1-4436-991e-ef84ba028339@group-BE3AF9FFDD6F:LeaderElection66] INFO  server.RaftServerConfigKeys (ConfUtils.java:logGet(43)) - raft.server.write.element-limit = 4096 (default)
2019-09-19 10:44:34,906 [e89641c2-7ef1-4436-991e-ef84ba028339@group-BE3AF9FFDD6F:LeaderElection66] INFO  server.RaftServerConfigKeys (ConfUtils.java:logGet(43)) - raft.server.watch.timeout = 10s (default)
2019-09-19 10:44:34,907 [e89641c2-7ef1-4436-991e-ef84ba028339@group-BE3AF9FFDD6F:LeaderElection66] INFO  server.RaftServerConfigKeys (ConfUtils.java:logGet(43)) - raft.server.watch.timeout.denomination = 1s (default)
2019-09-19 10:44:34,907 [e89641c2-7ef1-4436-991e-ef84ba028339@group-BE3AF9FFDD6F:LeaderElection66] INFO  server.RaftServerConfigKeys (ConfUtils.java:logGet(43)) - raft.server.watch.element-limit = 65536 (default)
2019-09-19 10:44:34,914 [e89641c2-7ef1-4436-991e-ef84ba028339@group-BE3AF9FFDD6F:LeaderElection66] INFO  server.RaftServerConfigKeys (ConfUtils.java:logGet(43)) - raft.server.log.appender.snapshot.chunk.size.max = 16MB (=16777216) (default)
2019-09-19 10:44:34,914 [e89641c2-7ef1-4436-991e-ef84ba028339@group-BE3AF9FFDD6F:LeaderElection66] INFO  server.RaftServerConfigKeys (ConfUtils.java:logGet(43)) - raft.server.log.appender.buffer.byte-limit = 33554432 (custom)
2019-09-19 10:44:34,914 [e89641c2-7ef1-4436-991e-ef84ba028339@group-BE3AF9FFDD6F:LeaderElection66] INFO  server.RaftServerConfigKeys (ConfUtils.java:logGet(43)) - raft.server.log.appender.buffer.element-limit = 1 (custom)
2019-09-19 10:44:34,918 [e89641c2-7ef1-4436-991e-ef84ba028339@group-BE3AF9FFDD6F:LeaderElection66] INFO  grpc.GrpcConfigKeys$Server (ConfUtils.java:logGet(43)) - raft.grpc.server.leader.outstanding.appends.max = 128 (default)
2019-09-19 10:44:34,919 [e89641c2-7ef1-4436-991e-ef84ba028339@group-BE3AF9FFDD6F:LeaderElection66] INFO  server.RaftServerConfigKeys (ConfUtils.java:logGet(43)) - raft.server.rpc.request.timeout = 3000ms (default)
2019-09-19 10:44:34,919 [e89641c2-7ef1-4436-991e-ef84ba028339@group-BE3AF9FFDD6F:LeaderElection66] INFO  server.RaftServerConfigKeys (ConfUtils.java:logGet(43)) - raft.server.log.appender.install.snapshot.enabled = false (custom)
2019-09-19 10:44:34,921 [e89641c2-7ef1-4436-991e-ef84ba028339@group-BE3AF9FFDD6F:LeaderElection66] INFO  server.RaftServerConfigKeys (ConfUtils.java:logGet(43)) - raft.server.log.appender.snapshot.chunk.size.max = 16MB (=16777216) (default)
2019-09-19 10:44:34,921 [e89641c2-7ef1-4436-991e-ef84ba028339@group-BE3AF9FFDD6F:LeaderElection66] INFO  server.RaftServerConfigKeys (ConfUtils.java:logGet(43)) - raft.server.log.appender.buffer.byte-limit = 33554432 (custom)
2019-09-19 10:44:34,921 [e89641c2-7ef1-4436-991e-ef84ba028339@group-BE3AF9FFDD6F:LeaderElection66] INFO  server.RaftServerConfigKeys (ConfUtils.java:logGet(43)) - raft.server.log.appender.buffer.element-limit = 1 (custom)
2019-09-19 10:44:34,921 [e89641c2-7ef1-4436-991e-ef84ba028339@group-BE3AF9FFDD6F:LeaderElection66] INFO  grpc.GrpcConfigKeys$Server (ConfUtils.java:logGet(43)) - raft.grpc.server.leader.outstanding.appends.max = 128 (default)
2019-09-19 10:44:34,922 [e89641c2-7ef1-4436-991e-ef84ba028339@group-BE3AF9FFDD6F:LeaderElection66] INFO  server.RaftServerConfigKeys (ConfUtils.java:logGet(43)) - raft.server.rpc.request.timeout = 3000ms (default)
2019-09-19 10:44:34,922 [e89641c2-7ef1-4436-991e-ef84ba028339@group-BE3AF9FFDD6F:LeaderElection66] INFO  server.RaftServerConfigKeys (ConfUtils.java:logGet(43)) - raft.server.log.appender.install.snapshot.enabled = false (custom)
2019-09-19 10:44:34,923 [e89641c2-7ef1-4436-991e-ef84ba028339@group-BE3AF9FFDD6F:LeaderElection66] INFO  impl.RoleInfo (RoleInfo.java:updateAndGet(143)) - e89641c2-7ef1-4436-991e-ef84ba028339: start LeaderState
2019-09-19 10:44:34,924 [e89641c2-7ef1-4436-991e-ef84ba028339@group-BE3AF9FFDD6F:LeaderElection66] INFO  segmented.SegmentedRaftLogWorker (SegmentedRaftLogWorker.java:startLogSegment(380)) - e89641c2-7ef1-4436-991e-ef84ba028339@group-BE3AF9FFDD6F-SegmentedRaftLogWorker: Starting segment from index:0
2019-09-19 10:44:34,925 [e89641c2-7ef1-4436-991e-ef84ba028339@group-BE3AF9FFDD6F:LeaderElection66] INFO  impl.RaftServerImpl (ServerState.java:setRaftConf(354)) - e89641c2-7ef1-4436-991e-ef84ba028339@group-BE3AF9FFDD6F: set configuration 0: [b186946b-7cb1-405f-b9a6-a6ba9d2e3b50:192.168.5.171:45263, e89641c2-7ef1-4436-991e-ef84ba028339:192.168.5.171:43968, e9a757c7-3ca5-4a60-905c-412e8bb9c2fd:192.168.5.171:37071], old=null at 0
2019-09-19 10:44:34,925 [grpc-default-executor-2] INFO  impl.RaftServerImpl (RaftServerImpl.java:requestVote(758)) - e89641c2-7ef1-4436-991e-ef84ba028339@group-BE3AF9FFDD6F-   LEADER: Withhold vote from candidate b186946b-7cb1-405f-b9a6-a6ba9d2e3b50 with term 21. State: leader=e89641c2-7ef1-4436-991e-ef84ba028339, term=21, lastRpcElapsed=null
2019-09-19 10:44:34,963 [b186946b-7cb1-405f-b9a6-a6ba9d2e3b50@group-BE3AF9FFDD6F:LeaderElection67] INFO  impl.LeaderElection (LeaderElection.java:logAndReturn(56)) - b186946b-7cb1-405f-b9a6-a6ba9d2e3b50@group-BE3AF9FFDD6F:LeaderElection67: Election REJECTED; received 2 response(s) [b186946b-7cb1-405f-b9a6-a6ba9d2e3b50<-e89641c2-7ef1-4436-991e-ef84ba028339#0:FAIL-t21, b186946b-7cb1-405f-b9a6-a6ba9d2e3b50<-e9a757c7-3ca5-4a60-905c-412e8bb9c2fd#0:FAIL-t21] and 0 exception(s); b186946b-7cb1-405f-b9a6-a6ba9d2e3b50@group-BE3AF9FFDD6F:t21, leader=null, voted=b186946b-7cb1-405f-b9a6-a6ba9d2e3b50, raftlog=b186946b-7cb1-405f-b9a6-a6ba9d2e3b50@group-BE3AF9FFDD6F-SegmentedRaftLog:OPENED:c-1,f-1,i0, conf=-1: [b186946b-7cb1-405f-b9a6-a6ba9d2e3b50:192.168.5.171:45263, e89641c2-7ef1-4436-991e-ef84ba028339:192.168.5.171:43968, e9a757c7-3ca5-4a60-905c-412e8bb9c2fd:192.168.5.171:37071], old=null
2019-09-19 10:44:34,963 [b186946b-7cb1-405f-b9a6-a6ba9d2e3b50@group-BE3AF9FFDD6F:LeaderElection67] INFO  impl.RaftServerImpl (RaftServerImpl.java:setRole(174)) - b186946b-7cb1-405f-b9a6-a6ba9d2e3b50@group-BE3AF9FFDD6F: changes role from CANDIDATE to FOLLOWER at term 21 for DISCOVERED_A_NEW_TERM
2019-09-19 10:44:34,963 [b186946b-7cb1-405f-b9a6-a6ba9d2e3b50@group-BE3AF9FFDD6F:LeaderElection67] INFO  impl.RoleInfo (RoleInfo.java:shutdownLeaderElection(134)) - b186946b-7cb1-405f-b9a6-a6ba9d2e3b50: shutdown LeaderElection
2019-09-19 10:44:34,964 [b186946b-7cb1-405f-b9a6-a6ba9d2e3b50@group-BE3AF9FFDD6F:LeaderElection67] INFO  impl.RoleInfo (RoleInfo.java:updateAndGet(143)) - b186946b-7cb1-405f-b9a6-a6ba9d2e3b50: start FollowerState
2019-09-19 10:44:34,984 [e89641c2-7ef1-4436-991e-ef84ba028339@group-BE3AF9FFDD6F-SegmentedRaftLogWorker] INFO  segmented.SegmentedRaftLogWorker (SegmentedRaftLogWorker.java:execute(569)) - e89641c2-7ef1-4436-991e-ef84ba028339@group-BE3AF9FFDD6F-SegmentedRaftLogWorker: created new log segment /workdir/hadoop-ozone/ozonefs/target/test-dir/MiniOzoneClusterImpl-44531fa9-7e24-4dfc-8141-5082316aa224/datanode-2/data/ratis/675db364-6abe-462d-8f7f-be3af9ffdd6f/current/log_inprogress_0
2019-09-19 10:44:34,997 [grpc-default-executor-2] INFO  impl.RaftServerImpl (ServerState.java:setLeader(253)) - e9a757c7-3ca5-4a60-905c-412e8bb9c2fd@group-BE3AF9FFDD6F: change Leader from null to e89641c2-7ef1-4436-991e-ef84ba028339 at term 21 for appendEntries, leader elected after 122516ms
2019-09-19 10:44:35,005 [grpc-default-executor-3] INFO  impl.RaftServerImpl (ServerState.java:setLeader(253)) - b186946b-7cb1-405f-b9a6-a6ba9d2e3b50@group-BE3AF9FFDD6F: change Leader from null to e89641c2-7ef1-4436-991e-ef84ba028339 at term 21 for appendEntries, leader elected after 122524ms
2019-09-19 10:44:35,030 [grpc-default-executor-2] INFO  impl.RaftServerImpl (ServerState.java:setRaftConf(354)) - e9a757c7-3ca5-4a60-905c-412e8bb9c2fd@group-BE3AF9FFDD6F: set configuration 0: [b186946b-7cb1-405f-b9a6-a6ba9d2e3b50:192.168.5.171:45263, e89641c2-7ef1-4436-991e-ef84ba028339:192.168.5.171:43968, e9a757c7-3ca5-4a60-905c-412e8bb9c2fd:192.168.5.171:37071], old=null at 0
2019-09-19 10:44:35,031 [grpc-default-executor-3] INFO  impl.RaftServerImpl (ServerState.java:setRaftConf(354)) - b186946b-7cb1-405f-b9a6-a6ba9d2e3b50@group-BE3AF9FFDD6F: set configuration 0: [b186946b-7cb1-405f-b9a6-a6ba9d2e3b50:192.168.5.171:45263, e89641c2-7ef1-4436-991e-ef84ba028339:192.168.5.171:43968, e9a757c7-3ca5-4a60-905c-412e8bb9c2fd:192.168.5.171:37071], old=null at 0
2019-09-19 10:44:35,031 [grpc-default-executor-2] INFO  segmented.SegmentedRaftLogWorker (SegmentedRaftLogWorker.java:startLogSegment(380)) - e9a757c7-3ca5-4a60-905c-412e8bb9c2fd@group-BE3AF9FFDD6F-SegmentedRaftLogWorker: Starting segment from index:0
2019-09-19 10:44:35,031 [grpc-default-executor-3] INFO  segmented.SegmentedRaftLogWorker (SegmentedRaftLogWorker.java:startLogSegment(380)) - b186946b-7cb1-405f-b9a6-a6ba9d2e3b50@group-BE3AF9FFDD6F-SegmentedRaftLogWorker: Starting segment from index:0
2019-09-19 10:44:35,228 [e9a757c7-3ca5-4a60-905c-412e8bb9c2fd@group-BE3AF9FFDD6F-SegmentedRaftLogWorker] INFO  segmented.SegmentedRaftLogWorker (SegmentedRaftLogWorker.java:execute(569)) - e9a757c7-3ca5-4a60-905c-412e8bb9c2fd@group-BE3AF9FFDD6F-SegmentedRaftLogWorker: created new log segment /workdir/hadoop-ozone/ozonefs/target/test-dir/MiniOzoneClusterImpl-44531fa9-7e24-4dfc-8141-5082316aa224/datanode-4/data/ratis/675db364-6abe-462d-8f7f-be3af9ffdd6f/current/log_inprogress_0
2019-09-19 10:44:35,228 [b186946b-7cb1-405f-b9a6-a6ba9d2e3b50@group-BE3AF9FFDD6F-SegmentedRaftLogWorker] INFO  segmented.SegmentedRaftLogWorker (SegmentedRaftLogWorker.java:execute(569)) - b186946b-7cb1-405f-b9a6-a6ba9d2e3b50@group-BE3AF9FFDD6F-SegmentedRaftLogWorker: created new log segment /workdir/hadoop-ozone/ozonefs/target/test-dir/MiniOzoneClusterImpl-44531fa9-7e24-4dfc-8141-5082316aa224/datanode-1/data/ratis/675db364-6abe-462d-8f7f-be3af9ffdd6f/current/log_inprogress_0
2019-09-19 10:44:35,481 [EventQueue-PipelineActionsForPipelineActionHandler] ERROR pipeline.PipelineActionHandler (PipelineActionHandler.java:onMessage(60)) - Received pipeline action CLOSE for Pipeline[ Id: 675db364-6abe-462d-8f7f-be3af9ffdd6f, Nodes: b186946b-7cb1-405f-b9a6-a6ba9d2e3b50{ip: 192.168.5.171, host: pr-hdds-1054-s6xkv-2432930293, networkLocation: /default-rack, certSerialId: null}e89641c2-7ef1-4436-991e-ef84ba028339{ip: 192.168.5.171, host: pr-hdds-1054-s6xkv-2432930293, networkLocation: /default-rack, certSerialId: null}e9a757c7-3ca5-4a60-905c-412e8bb9c2fd{ip: 192.168.5.171, host: pr-hdds-1054-s6xkv-2432930293, networkLocation: /default-rack, certSerialId: null}, Type:RATIS, Factor:THREE, State:OPEN] from datanode b186946b-7cb1-405f-b9a6-a6ba9d2e3b50{ip: 192.168.5.171, host: pr-hdds-1054-s6xkv-2432930293, networkLocation: /default-rack, certSerialId: null}. Reason : b186946b-7cb1-405f-b9a6-a6ba9d2e3b50 is in candidate state for 122387ms
2019-09-19 10:44:35,481 [EventQueue-PipelineActionsForPipelineActionHandler] INFO  pipeline.SCMPipelineManager (SCMPipelineManager.java:finalizeAndDestroyPipeline(311)) - destroying pipeline:Pipeline[ Id: 675db364-6abe-462d-8f7f-be3af9ffdd6f, Nodes: b186946b-7cb1-405f-b9a6-a6ba9d2e3b50{ip: 192.168.5.171, host: pr-hdds-1054-s6xkv-2432930293, networkLocation: /default-rack, certSerialId: null}e89641c2-7ef1-4436-991e-ef84ba028339{ip: 192.168.5.171, host: pr-hdds-1054-s6xkv-2432930293, networkLocation: /default-rack, certSerialId: null}e9a757c7-3ca5-4a60-905c-412e8bb9c2fd{ip: 192.168.5.171, host: pr-hdds-1054-s6xkv-2432930293, networkLocation: /default-rack, certSerialId: null}, Type:RATIS, Factor:THREE, State:OPEN]
2019-09-19 10:44:35,482 [EventQueue-PipelineActionsForPipelineActionHandler] INFO  pipeline.PipelineStateManager (PipelineStateManager.java:finalizePipeline(123)) - Pipeline Pipeline[ Id: 675db364-6abe-462d-8f7f-be3af9ffdd6f, Nodes: b186946b-7cb1-405f-b9a6-a6ba9d2e3b50{ip: 192.168.5.171, host: pr-hdds-1054-s6xkv-2432930293, networkLocation: /default-rack, certSerialId: null}e89641c2-7ef1-4436-991e-ef84ba028339{ip: 192.168.5.171, host: pr-hdds-1054-s6xkv-2432930293, networkLocation: /default-rack, certSerialId: null}e9a757c7-3ca5-4a60-905c-412e8bb9c2fd{ip: 192.168.5.171, host: pr-hdds-1054-s6xkv-2432930293, networkLocation: /default-rack, certSerialId: null}, Type:RATIS, Factor:THREE, State:CLOSED] moved to CLOSED state
2019-09-19 10:44:35,486 [EventQueue-CloseContainerForCloseContainerEventHandler] INFO  container.CloseContainerEventHandler (CloseContainerEventHandler.java:onMessage(61)) - Close container Event triggered for container : #1
2019-09-19 10:44:35,492 [EventQueue-CloseContainerForCloseContainerEventHandler] INFO  container.CloseContainerEventHandler (CloseContainerEventHandler.java:onMessage(61)) - Close container Event triggered for container : #2
2019-09-19 10:44:35,492 [EventQueue-CloseContainerForCloseContainerEventHandler] INFO  container.CloseContainerEventHandler (CloseContainerEventHandler.java:onMessage(61)) - Close container Event triggered for container : #3
2019-09-19 10:44:35,597 [EventQueue-PipelineActionsForPipelineActionHandler] ERROR pipeline.PipelineActionHandler (PipelineActionHandler.java:onMessage(60)) - Received pipeline action CLOSE for Pipeline[ Id: 675db364-6abe-462d-8f7f-be3af9ffdd6f, Nodes: b186946b-7cb1-405f-b9a6-a6ba9d2e3b50{ip: 192.168.5.171, host: pr-hdds-1054-s6xkv-2432930293, networkLocation: /default-rack, certSerialId: null}e89641c2-7ef1-4436-991e-ef84ba028339{ip: 192.168.5.171, host: pr-hdds-1054-s6xkv-2432930293, networkLocation: /default-rack, certSerialId: null}e9a757c7-3ca5-4a60-905c-412e8bb9c2fd{ip: 192.168.5.171, host: pr-hdds-1054-s6xkv-2432930293, networkLocation: /default-rack, certSerialId: null}, Type:RATIS, Factor:THREE, State:CLOSED] from datanode e89641c2-7ef1-4436-991e-ef84ba028339{ip: 192.168.5.171, host: pr-hdds-1054-s6xkv-2432930293, networkLocation: /default-rack, certSerialId: null}. Reason : e89641c2-7ef1-4436-991e-ef84ba028339 is in candidate state for 122312ms
2019-09-19 10:44:35,600 [EventQueue-PipelineActionsForPipelineActionHandler] INFO  pipeline.SCMPipelineManager (SCMPipelineManager.java:finalizeAndDestroyPipeline(311)) - destroying pipeline:Pipeline[ Id: 675db364-6abe-462d-8f7f-be3af9ffdd6f, Nodes: b186946b-7cb1-405f-b9a6-a6ba9d2e3b50{ip: 192.168.5.171, host: pr-hdds-1054-s6xkv-2432930293, networkLocation: /default-rack, certSerialId: null}e89641c2-7ef1-4436-991e-ef84ba028339{ip: 192.168.5.171, host: pr-hdds-1054-s6xkv-2432930293, networkLocation: /default-rack, certSerialId: null}e9a757c7-3ca5-4a60-905c-412e8bb9c2fd{ip: 192.168.5.171, host: pr-hdds-1054-s6xkv-2432930293, networkLocation: /default-rack, certSerialId: null}, Type:RATIS, Factor:THREE, State:CLOSED]
2019-09-19 10:44:36,597 [Command processor thread] ERROR commandhandler.CloseContainerCommandHandler (CloseContainerCommandHandler.java:handle(84)) - Container #1 does not exist in datanode. Container close failed.
2019-09-19 10:44:36,600 [Command processor thread] ERROR commandhandler.CloseContainerCommandHandler (CloseContainerCommandHandler.java:handle(84)) - Container #2 does not exist in datanode. Container close failed.
2019-09-19 10:44:36,600 [Command processor thread] ERROR commandhandler.CloseContainerCommandHandler (CloseContainerCommandHandler.java:handle(84)) - Container #3 does not exist in datanode. Container close failed.
2019-09-19 10:44:37,987 [Command processor thread] ERROR commandhandler.CloseContainerCommandHandler (CloseContainerCommandHandler.java:handle(84)) - Container #2 does not exist in datanode. Container close failed.
2019-09-19 10:44:37,991 [Command processor thread] ERROR commandhandler.CloseContainerCommandHandler (CloseContainerCommandHandler.java:handle(84)) - Container #3 does not exist in datanode. Container close failed.
2019-09-19 10:44:38,615 [Command processor thread] ERROR commandhandler.CloseContainerCommandHandler (CloseContainerCommandHandler.java:handle(84)) - Container #2 does not exist in datanode. Container close failed.
2019-09-19 10:44:38,616 [Command processor thread] ERROR commandhandler.CloseContainerCommandHandler (CloseContainerCommandHandler.java:handle(84)) - Container #3 does not exist in datanode. Container close failed.
2019-09-19 10:44:40,422 [grpc-default-executor-3] INFO  impl.RaftServerProxy (RaftServerProxy.java:addNew(89)) - e89641c2-7ef1-4436-991e-ef84ba028339: addNew group-85A672ED5058:[b186946b-7cb1-405f-b9a6-a6ba9d2e3b50:192.168.5.171:45263, e89641c2-7ef1-4436-991e-ef84ba028339:192.168.5.171:43968, e9a757c7-3ca5-4a60-905c-412e8bb9c2fd:192.168.5.171:37071] returns group-85A672ED5058:java.util.concurrent.CompletableFuture@4fe369a[Not completed]
2019-09-19 10:44:40,422 [grpc-default-executor-1] INFO  impl.RaftServerProxy (RaftServerProxy.java:addNew(89)) - e9a757c7-3ca5-4a60-905c-412e8bb9c2fd: addNew group-85A672ED5058:[b186946b-7cb1-405f-b9a6-a6ba9d2e3b50:192.168.5.171:45263, e89641c2-7ef1-4436-991e-ef84ba028339:192.168.5.171:43968, e9a757c7-3ca5-4a60-905c-412e8bb9c2fd:192.168.5.171:37071] returns group-85A672ED5058:java.util.concurrent.CompletableFuture@4b8aa175[Not completed]
2019-09-19 10:44:40,422 [grpc-default-executor-2] INFO  impl.RaftServerProxy (RaftServerProxy.java:addNew(89)) - b186946b-7cb1-405f-b9a6-a6ba9d2e3b50: addNew group-85A672ED5058:[b186946b-7cb1-405f-b9a6-a6ba9d2e3b50:192.168.5.171:45263, e89641c2-7ef1-4436-991e-ef84ba028339:192.168.5.171:43968, e9a757c7-3ca5-4a60-905c-412e8bb9c2fd:192.168.5.171:37071] returns group-85A672ED5058:java.util.concurrent.CompletableFuture@2e89f685[Not completed]
2019-09-19 10:44:40,424 [pool-67-thread-1] INFO  impl.RaftServerImpl (RaftServerImpl.java:<init>(95)) - e9a757c7-3ca5-4a60-905c-412e8bb9c2fd: new RaftServerImpl for group-85A672ED5058:[b186946b-7cb1-405f-b9a6-a6ba9d2e3b50:192.168.5.171:45263, e89641c2-7ef1-4436-991e-ef84ba028339:192.168.5.171:43968, e9a757c7-3ca5-4a60-905c-412e8bb9c2fd:192.168.5.171:37071] with ContainerStateMachine:uninitialized
2019-09-19 10:44:40,424 [pool-67-thread-1] INFO  server.RaftServerConfigKeys (ConfUtils.java:logGet(43)) - raft.server.rpc.timeout.min = 5s (custom)
2019-09-19 10:44:40,424 [pool-67-thread-1] INFO  server.RaftServerConfigKeys (ConfUtils.java:logGet(43)) - raft.server.rpc.timeout.max = 5200ms (custom)
2019-09-19 10:44:40,424 [pool-67-thread-1] INFO  server.RaftServerConfigKeys (ConfUtils.java:logGet(43)) - raft.server.rpcslowness.timeout = 120s (custom)
2019-09-19 10:44:40,424 [pool-67-thread-1] INFO  server.RaftServerConfigKeys (ConfUtils.java:logGet(43)) - raft.server.sleep.deviation.threshold = 300 (default)
2019-09-19 10:44:40,424 [pool-67-thread-1] INFO  server.RaftServerConfigKeys (ConfUtils.java:logGet(43)) - raft.server.log.appender.install.snapshot.enabled = false (custom)
2019-09-19 10:44:40,424 [pool-67-thread-1] INFO  impl.RaftServerImpl (ServerState.java:<init>(103)) - e9a757c7-3ca5-4a60-905c-412e8bb9c2fd@group-85A672ED5058: ConfigurationManager, init=-1: [b186946b-7cb1-405f-b9a6-a6ba9d2e3b50:192.168.5.171:45263, e89641c2-7ef1-4436-991e-ef84ba028339:192.168.5.171:43968, e9a757c7-3ca5-4a60-905c-412e8bb9c2fd:192.168.5.171:37071], old=null, confs=<EMPTY_MAP>
2019-09-19 10:44:40,425 [pool-67-thread-1] INFO  server.RaftServerConfigKeys (ConfUtils.java:logGet(43)) - raft.server.storage.dir = [/workdir/hadoop-ozone/ozonefs/target/test-dir/MiniOzoneClusterImpl-44531fa9-7e24-4dfc-8141-5082316aa224/datanode-4/data/ratis] (custom)
2019-09-19 10:44:40,425 [pool-37-thread-1] INFO  impl.RaftServerImpl (RaftServerImpl.java:<init>(95)) - b186946b-7cb1-405f-b9a6-a6ba9d2e3b50: new RaftServerImpl for group-85A672ED5058:[b186946b-7cb1-405f-b9a6-a6ba9d2e3b50:192.168.5.171:45263, e89641c2-7ef1-4436-991e-ef84ba028339:192.168.5.171:43968, e9a757c7-3ca5-4a60-905c-412e8bb9c2fd:192.168.5.171:37071] with ContainerStateMachine:uninitialized
2019-09-19 10:44:40,425 [pool-37-thread-1] INFO  server.RaftServerConfigKeys (ConfUtils.java:logGet(43)) - raft.server.rpc.timeout.min = 5s (custom)
2019-09-19 10:44:40,425 [pool-67-thread-1] INFO  storage.RaftStorageDirectory (RaftStorageDirectory.java:analyzeStorage(246)) - The storage directory /workdir/hadoop-ozone/ozonefs/target/test-dir/MiniOzoneClusterImpl-44531fa9-7e24-4dfc-8141-5082316aa224/datanode-4/data/ratis/0694efb5-7990-4e41-b124-85a672ed5058 does not exist. Creating ...
2019-09-19 10:44:40,425 [pool-37-thread-1] INFO  server.RaftServerConfigKeys (ConfUtils.java:logGet(43)) - raft.server.rpc.timeout.max = 5200ms (custom)
2019-09-19 10:44:40,425 [pool-37-thread-1] INFO  server.RaftServerConfigKeys (ConfUtils.java:logGet(43)) - raft.server.rpcslowness.timeout = 120s (custom)
2019-09-19 10:44:40,426 [pool-37-thread-1] INFO  server.RaftServerConfigKeys (ConfUtils.java:logGet(43)) - raft.server.sleep.deviation.threshold = 300 (default)
2019-09-19 10:44:40,426 [pool-47-thread-1] INFO  impl.RaftServerImpl (RaftServerImpl.java:<init>(95)) - e89641c2-7ef1-4436-991e-ef84ba028339: new RaftServerImpl for group-85A672ED5058:[b186946b-7cb1-405f-b9a6-a6ba9d2e3b50:192.168.5.171:45263, e89641c2-7ef1-4436-991e-ef84ba028339:192.168.5.171:43968, e9a757c7-3ca5-4a60-905c-412e8bb9c2fd:192.168.5.171:37071] with ContainerStateMachine:uninitialized
2019-09-19 10:44:40,426 [pool-37-thread-1] INFO  server.RaftServerConfigKeys (ConfUtils.java:logGet(43)) - raft.server.log.appender.install.snapshot.enabled = false (custom)
2019-09-19 10:44:40,426 [pool-47-thread-1] INFO  server.RaftServerConfigKeys (ConfUtils.java:logGet(43)) - raft.server.rpc.timeout.min = 5s (custom)
2019-09-19 10:44:40,426 [pool-37-thread-1] INFO  impl.RaftServerImpl (ServerState.java:<init>(103)) - b186946b-7cb1-405f-b9a6-a6ba9d2e3b50@group-85A672ED5058: ConfigurationManager, init=-1: [b186946b-7cb1-405f-b9a6-a6ba9d2e3b50:192.168.5.171:45263, e89641c2-7ef1-4436-991e-ef84ba028339:192.168.5.171:43968, e9a757c7-3ca5-4a60-905c-412e8bb9c2fd:192.168.5.171:37071], old=null, confs=<EMPTY_MAP>
2019-09-19 10:44:40,426 [pool-47-thread-1] INFO  server.RaftServerConfigKeys (ConfUtils.java:logGet(43)) - raft.server.rpc.timeout.max = 5200ms (custom)
2019-09-19 10:44:40,426 [pool-37-thread-1] INFO  server.RaftServerConfigKeys (ConfUtils.java:logGet(43)) - raft.server.storage.dir = [/workdir/hadoop-ozone/ozonefs/target/test-dir/MiniOzoneClusterImpl-44531fa9-7e24-4dfc-8141-5082316aa224/datanode-1/data/ratis] (custom)
2019-09-19 10:44:40,426 [pool-47-thread-1] INFO  server.RaftServerConfigKeys (ConfUtils.java:logGet(43)) - raft.server.rpcslowness.timeout = 120s (custom)
2019-09-19 10:44:40,427 [pool-47-thread-1] INFO  server.RaftServerConfigKeys (ConfUtils.java:logGet(43)) - raft.server.sleep.deviation.threshold = 300 (default)
2019-09-19 10:44:40,427 [pool-47-thread-1] INFO  server.RaftServerConfigKeys (ConfUtils.java:logGet(43)) - raft.server.log.appender.install.snapshot.enabled = false (custom)
2019-09-19 10:44:40,427 [pool-37-thread-1] INFO  storage.RaftStorageDirectory (RaftStorageDirectory.java:analyzeStorage(246)) - The storage directory /workdir/hadoop-ozone/ozonefs/target/test-dir/MiniOzoneClusterImpl-44531fa9-7e24-4dfc-8141-5082316aa224/datanode-1/data/ratis/0694efb5-7990-4e41-b124-85a672ed5058 does not exist. Creating ...
2019-09-19 10:44:40,427 [pool-47-thread-1] INFO  impl.RaftServerImpl (ServerState.java:<init>(103)) - e89641c2-7ef1-4436-991e-ef84ba028339@group-85A672ED5058: ConfigurationManager, init=-1: [b186946b-7cb1-405f-b9a6-a6ba9d2e3b50:192.168.5.171:45263, e89641c2-7ef1-4436-991e-ef84ba028339:192.168.5.171:43968, e9a757c7-3ca5-4a60-905c-412e8bb9c2fd:192.168.5.171:37071], old=null, confs=<EMPTY_MAP>
2019-09-19 10:44:40,427 [pool-47-thread-1] INFO  server.RaftServerConfigKeys (ConfUtils.java:logGet(43)) - raft.server.storage.dir = [/workdir/hadoop-ozone/ozonefs/target/test-dir/MiniOzoneClusterImpl-44531fa9-7e24-4dfc-8141-5082316aa224/datanode-2/data/ratis] (custom)
2019-09-19 10:44:40,427 [pool-47-thread-1] INFO  storage.RaftStorageDirectory (RaftStorageDirectory.java:analyzeStorage(246)) - The storage directory /workdir/hadoop-ozone/ozonefs/target/test-dir/MiniOzoneClusterImpl-44531fa9-7e24-4dfc-8141-5082316aa224/datanode-2/data/ratis/0694efb5-7990-4e41-b124-85a672ed5058 does not exist. Creating ...
2019-09-19 10:44:40,978 [pool-67-thread-1] INFO  storage.RaftStorageDirectory (RaftStorageDirectory.java:tryLock(328)) - Lock on /workdir/hadoop-ozone/ozonefs/target/test-dir/MiniOzoneClusterImpl-44531fa9-7e24-4dfc-8141-5082316aa224/datanode-4/data/ratis/0694efb5-7990-4e41-b124-85a672ed5058/in_use.lock acquired by nodename 32496@pr-hdds-1054-s6xkv-2432930293
2019-09-19 10:44:40,978 [pool-47-thread-1] INFO  storage.RaftStorageDirectory (RaftStorageDirectory.java:tryLock(328)) - Lock on /workdir/hadoop-ozone/ozonefs/target/test-dir/MiniOzoneClusterImpl-44531fa9-7e24-4dfc-8141-5082316aa224/datanode-2/data/ratis/0694efb5-7990-4e41-b124-85a672ed5058/in_use.lock acquired by nodename 32496@pr-hdds-1054-s6xkv-2432930293
2019-09-19 10:44:40,978 [pool-37-thread-1] INFO  storage.RaftStorageDirectory (RaftStorageDirectory.java:tryLock(328)) - Lock on /workdir/hadoop-ozone/ozonefs/target/test-dir/MiniOzoneClusterImpl-44531fa9-7e24-4dfc-8141-5082316aa224/datanode-1/data/ratis/0694efb5-7990-4e41-b124-85a672ed5058/in_use.lock acquired by nodename 32496@pr-hdds-1054-s6xkv-2432930293
2019-09-19 10:44:41,746 [pool-37-thread-1] INFO  storage.RaftStorage (RaftStorage.java:format(72)) - Storage directory /workdir/hadoop-ozone/ozonefs/target/test-dir/MiniOzoneClusterImpl-44531fa9-7e24-4dfc-8141-5082316aa224/datanode-1/data/ratis/0694efb5-7990-4e41-b124-85a672ed5058 has been successfully formatted.
2019-09-19 10:44:41,746 [pool-47-thread-1] INFO  storage.RaftStorage (RaftStorage.java:format(72)) - Storage directory /workdir/hadoop-ozone/ozonefs/target/test-dir/MiniOzoneClusterImpl-44531fa9-7e24-4dfc-8141-5082316aa224/datanode-2/data/ratis/0694efb5-7990-4e41-b124-85a672ed5058 has been successfully formatted.
2019-09-19 10:44:41,746 [pool-67-thread-1] INFO  storage.RaftStorage (RaftStorage.java:format(72)) - Storage directory /workdir/hadoop-ozone/ozonefs/target/test-dir/MiniOzoneClusterImpl-44531fa9-7e24-4dfc-8141-5082316aa224/datanode-4/data/ratis/0694efb5-7990-4e41-b124-85a672ed5058 has been successfully formatted.
2019-09-19 10:44:41,748 [pool-37-thread-1] INFO  ratis.ContainerStateMachine (ContainerStateMachine.java:loadSnapshot(230)) - group-85A672ED5058: The snapshot info is null. Setting the last applied indexto:(t:0, i:~)
2019-09-19 10:44:41,748 [pool-67-thread-1] INFO  ratis.ContainerStateMachine (ContainerStateMachine.java:loadSnapshot(230)) - group-85A672ED5058: The snapshot info is null. Setting the last applied indexto:(t:0, i:~)
2019-09-19 10:44:41,748 [pool-47-thread-1] INFO  ratis.ContainerStateMachine (ContainerStateMachine.java:loadSnapshot(230)) - group-85A672ED5058: The snapshot info is null. Setting the last applied indexto:(t:0, i:~)
2019-09-19 10:44:41,748 [pool-37-thread-1] INFO  server.RaftServerConfigKeys (ConfUtils.java:logGet(43)) - raft.server.notification.no-leader.timeout = 120s (custom)
2019-09-19 10:44:41,748 [pool-67-thread-1] INFO  server.RaftServerConfigKeys (ConfUtils.java:logGet(43)) - raft.server.notification.no-leader.timeout = 120s (custom)
2019-09-19 10:44:41,749 [pool-37-thread-1] INFO  server.RaftServerConfigKeys (ConfUtils.java:logGet(43)) - raft.server.log.use.memory = false (default)
2019-09-19 10:44:41,748 [pool-47-thread-1] INFO  server.RaftServerConfigKeys (ConfUtils.java:logGet(43)) - raft.server.notification.no-leader.timeout = 120s (custom)
2019-09-19 10:44:41,749 [pool-37-thread-1] INFO  server.RaftServerConfigKeys (ConfUtils.java:logGet(43)) - raft.server.log.purge.gap = 1000000 (custom)
2019-09-19 10:44:41,749 [pool-67-thread-1] INFO  server.RaftServerConfigKeys (ConfUtils.java:logGet(43)) - raft.server.log.use.memory = false (default)
2019-09-19 10:44:41,749 [pool-37-thread-1] INFO  server.RaftServerConfigKeys (ConfUtils.java:logGet(43)) - raft.server.log.appender.buffer.byte-limit = 33554432 (custom)
2019-09-19 10:44:41,749 [pool-47-thread-1] INFO  server.RaftServerConfigKeys (ConfUtils.java:logGet(43)) - raft.server.log.use.memory = false (default)
2019-09-19 10:44:41,750 [pool-37-thread-1] INFO  server.RaftServerConfigKeys (ConfUtils.java:logGet(43)) - raft.server.log.segment.size.max = 1048576 (custom)
2019-09-19 10:44:41,750 [pool-47-thread-1] INFO  server.RaftServerConfigKeys (ConfUtils.java:logGet(43)) - raft.server.log.purge.gap = 1000000 (custom)
2019-09-19 10:44:41,749 [pool-67-thread-1] INFO  server.RaftServerConfigKeys (ConfUtils.java:logGet(43)) - raft.server.log.purge.gap = 1000000 (custom)
2019-09-19 10:44:41,750 [pool-47-thread-1] INFO  server.RaftServerConfigKeys (ConfUtils.java:logGet(43)) - raft.server.log.appender.buffer.byte-limit = 33554432 (custom)
2019-09-19 10:44:41,750 [pool-37-thread-1] INFO  server.RaftServerConfigKeys (ConfUtils.java:logGet(43)) - raft.server.log.segment.cache.num.max = 2 (custom)
2019-09-19 10:44:41,750 [pool-47-thread-1] INFO  server.RaftServerConfigKeys (ConfUtils.java:logGet(43)) - raft.server.log.segment.size.max = 1048576 (custom)
2019-09-19 10:44:41,750 [pool-67-thread-1] INFO  server.RaftServerConfigKeys (ConfUtils.java:logGet(43)) - raft.server.log.appender.buffer.byte-limit = 33554432 (custom)
2019-09-19 10:44:41,751 [pool-47-thread-1] INFO  server.RaftServerConfigKeys (ConfUtils.java:logGet(43)) - raft.server.log.segment.cache.num.max = 2 (custom)
2019-09-19 10:44:41,751 [pool-37-thread-1] INFO  segmented.SegmentedRaftLogWorker (SegmentedRaftLogWorker.java:<init>(172)) - new b186946b-7cb1-405f-b9a6-a6ba9d2e3b50@group-85A672ED5058-SegmentedRaftLogWorker for RaftStorage:Storage Directory /workdir/hadoop-ozone/ozonefs/target/test-dir/MiniOzoneClusterImpl-44531fa9-7e24-4dfc-8141-5082316aa224/datanode-1/data/ratis/0694efb5-7990-4e41-b124-85a672ed5058
2019-09-19 10:44:41,751 [pool-47-thread-1] INFO  segmented.SegmentedRaftLogWorker (SegmentedRaftLogWorker.java:<init>(172)) - new e89641c2-7ef1-4436-991e-ef84ba028339@group-85A672ED5058-SegmentedRaftLogWorker for RaftStorage:Storage Directory /workdir/hadoop-ozone/ozonefs/target/test-dir/MiniOzoneClusterImpl-44531fa9-7e24-4dfc-8141-5082316aa224/datanode-2/data/ratis/0694efb5-7990-4e41-b124-85a672ed5058
2019-09-19 10:44:41,751 [pool-67-thread-1] INFO  server.RaftServerConfigKeys (ConfUtils.java:logGet(43)) - raft.server.log.segment.size.max = 1048576 (custom)
2019-09-19 10:44:41,752 [pool-47-thread-1] INFO  server.RaftServerConfigKeys (ConfUtils.java:logGet(43)) - raft.server.log.queue.byte-limit = 2147483647 (custom)
2019-09-19 10:44:41,752 [pool-67-thread-1] INFO  server.RaftServerConfigKeys (ConfUtils.java:logGet(43)) - raft.server.log.segment.cache.num.max = 2 (custom)
2019-09-19 10:44:41,752 [pool-37-thread-1] INFO  server.RaftServerConfigKeys (ConfUtils.java:logGet(43)) - raft.server.log.queue.byte-limit = 2147483647 (custom)
2019-09-19 10:44:41,752 [pool-67-thread-1] INFO  segmented.SegmentedRaftLogWorker (SegmentedRaftLogWorker.java:<init>(172)) - new e9a757c7-3ca5-4a60-905c-412e8bb9c2fd@group-85A672ED5058-SegmentedRaftLogWorker for RaftStorage:Storage Directory /workdir/hadoop-ozone/ozonefs/target/test-dir/MiniOzoneClusterImpl-44531fa9-7e24-4dfc-8141-5082316aa224/datanode-4/data/ratis/0694efb5-7990-4e41-b124-85a672ed5058
2019-09-19 10:44:41,752 [pool-47-thread-1] INFO  server.RaftServerConfigKeys (ConfUtils.java:logGet(43)) - raft.server.log.queue.element-limit = 1024 (custom)
2019-09-19 10:44:41,752 [pool-67-thread-1] INFO  server.RaftServerConfigKeys (ConfUtils.java:logGet(43)) - raft.server.log.queue.byte-limit = 2147483647 (custom)
2019-09-19 10:44:41,752 [pool-37-thread-1] INFO  server.RaftServerConfigKeys (ConfUtils.java:logGet(43)) - raft.server.log.queue.element-limit = 1024 (custom)
2019-09-19 10:44:41,753 [pool-47-thread-1] INFO  server.RaftServerConfigKeys (ConfUtils.java:logGet(43)) - raft.server.log.segment.size.max = 1048576 (custom)
2019-09-19 10:44:41,753 [pool-67-thread-1] INFO  server.RaftServerConfigKeys (ConfUtils.java:logGet(43)) - raft.server.log.queue.element-limit = 1024 (custom)
2019-09-19 10:44:41,753 [pool-47-thread-1] INFO  server.RaftServerConfigKeys (ConfUtils.java:logGet(43)) - raft.server.log.preallocated.size = 16384 (custom)
2019-09-19 10:44:41,753 [pool-67-thread-1] INFO  server.RaftServerConfigKeys (ConfUtils.java:logGet(43)) - raft.server.log.segment.size.max = 1048576 (custom)
2019-09-19 10:44:41,753 [pool-37-thread-1] INFO  server.RaftServerConfigKeys (ConfUtils.java:logGet(43)) - raft.server.log.segment.size.max = 1048576 (custom)
2019-09-19 10:44:41,753 [pool-67-thread-1] INFO  server.RaftServerConfigKeys (ConfUtils.java:logGet(43)) - raft.server.log.preallocated.size = 16384 (custom)
2019-09-19 10:44:41,753 [pool-47-thread-1] INFO  server.RaftServerConfigKeys (ConfUtils.java:logGet(43)) - raft.server.log.write.buffer.size = 33554432 (custom)
2019-09-19 10:44:41,754 [pool-67-thread-1] INFO  server.RaftServerConfigKeys (ConfUtils.java:logGet(43)) - raft.server.log.write.buffer.size = 33554432 (custom)
2019-09-19 10:44:41,753 [pool-37-thread-1] INFO  server.RaftServerConfigKeys (ConfUtils.java:logGet(43)) - raft.server.log.preallocated.size = 16384 (custom)
2019-09-19 10:44:41,754 [pool-67-thread-1] INFO  server.RaftServerConfigKeys (ConfUtils.java:logGet(43)) - raft.server.log.force.sync.num = 128 (default)
2019-09-19 10:44:41,754 [pool-47-thread-1] INFO  server.RaftServerConfigKeys (ConfUtils.java:logGet(43)) - raft.server.log.force.sync.num = 128 (default)
2019-09-19 10:44:41,754 [pool-67-thread-1] INFO  server.RaftServerConfigKeys (ConfUtils.java:logGet(43)) - raft.server.log.statemachine.data.sync = true (default)
2019-09-19 10:44:41,754 [pool-37-thread-1] INFO  server.RaftServerConfigKeys (ConfUtils.java:logGet(43)) - raft.server.log.write.buffer.size = 33554432 (custom)
2019-09-19 10:44:41,754 [pool-67-thread-1] INFO  server.RaftServerConfigKeys (ConfUtils.java:logGet(43)) - raft.server.log.statemachine.data.sync.timeout = 10s (default)
2019-09-19 10:44:41,754 [pool-47-thread-1] INFO  server.RaftServerConfigKeys (ConfUtils.java:logGet(43)) - raft.server.log.statemachine.data.sync = true (default)
2019-09-19 10:44:41,755 [pool-67-thread-1] INFO  server.RaftServerConfigKeys (ConfUtils.java:logGet(43)) - raft.server.log.statemachine.data.sync.timeout.retry = -1 (default)
2019-09-19 10:44:41,754 [pool-37-thread-1] INFO  server.RaftServerConfigKeys (ConfUtils.java:logGet(43)) - raft.server.log.force.sync.num = 128 (default)
2019-09-19 10:44:41,755 [pool-67-thread-1] INFO  server.RaftServerConfigKeys (ConfUtils.java:logGet(43)) - raft.server.log.statemachine.data.caching.enabled = true (custom)
2019-09-19 10:44:41,755 [pool-47-thread-1] INFO  server.RaftServerConfigKeys (ConfUtils.java:logGet(43)) - raft.server.log.statemachine.data.sync.timeout = 10s (default)
2019-09-19 10:44:41,755 [pool-37-thread-1] INFO  server.RaftServerConfigKeys (ConfUtils.java:logGet(43)) - raft.server.log.statemachine.data.sync = true (default)
2019-09-19 10:44:41,755 [pool-67-thread-1] INFO  segmented.SegmentedRaftLogWorker (SegmentedRaftLogWorker.java:lambda$new$0(132)) - e9a757c7-3ca5-4a60-905c-412e8bb9c2fd@group-85A672ED5058-SegmentedRaftLogWorker: flushIndex: setUnconditionally 0 -> -1
2019-09-19 10:44:41,755 [pool-47-thread-1] INFO  server.RaftServerConfigKeys (ConfUtils.java:logGet(43)) - raft.server.log.statemachine.data.sync.timeout.retry = -1 (default)
2019-09-19 10:44:41,755 [pool-37-thread-1] INFO  server.RaftServerConfigKeys (ConfUtils.java:logGet(43)) - raft.server.log.statemachine.data.sync.timeout = 10s (default)
2019-09-19 10:44:41,756 [pool-47-thread-1] INFO  server.RaftServerConfigKeys (ConfUtils.java:logGet(43)) - raft.server.log.statemachine.data.caching.enabled = true (custom)
2019-09-19 10:44:41,756 [pool-67-thread-1] INFO  server.RaftServerConfigKeys (ConfUtils.java:logGet(43)) - raft.server.snapshot.auto.trigger.enabled = true (custom)
2019-09-19 10:44:41,756 [pool-37-thread-1] INFO  server.RaftServerConfigKeys (ConfUtils.java:logGet(43)) - raft.server.log.statemachine.data.sync.timeout.retry = -1 (default)
2019-09-19 10:44:41,756 [pool-67-thread-1] INFO  server.RaftServerConfigKeys (ConfUtils.java:logGet(43)) - raft.server.snapshot.auto.trigger.threshold = 10000 (custom)
2019-09-19 10:44:41,756 [pool-47-thread-1] INFO  segmented.SegmentedRaftLogWorker (SegmentedRaftLogWorker.java:lambda$new$0(132)) - e89641c2-7ef1-4436-991e-ef84ba028339@group-85A672ED5058-SegmentedRaftLogWorker: flushIndex: setUnconditionally 0 -> -1
2019-09-19 10:44:41,756 [pool-37-thread-1] INFO  server.RaftServerConfigKeys (ConfUtils.java:logGet(43)) - raft.server.log.statemachine.data.caching.enabled = true (custom)
2019-09-19 10:44:41,756 [pool-67-thread-1] INFO  server.RaftServerConfigKeys (ConfUtils.java:logGet(43)) - raft.server.snapshot.retention.num.files = 5 (custom)
2019-09-19 10:44:41,757 [pool-47-thread-1] INFO  server.RaftServerConfigKeys (ConfUtils.java:logGet(43)) - raft.server.snapshot.auto.trigger.enabled = true (custom)
2019-09-19 10:44:41,757 [pool-67-thread-1] INFO  server.RaftServerConfigKeys (ConfUtils.java:logGet(43)) - raft.server.retrycache.expirytime = 600000ms (custom)
2019-09-19 10:44:41,757 [pool-37-thread-1] INFO  segmented.SegmentedRaftLogWorker (SegmentedRaftLogWorker.java:lambda$new$0(132)) - b186946b-7cb1-405f-b9a6-a6ba9d2e3b50@group-85A672ED5058-SegmentedRaftLogWorker: flushIndex: setUnconditionally 0 -> -1
2019-09-19 10:44:41,757 [pool-47-thread-1] INFO  server.RaftServerConfigKeys (ConfUtils.java:logGet(43)) - raft.server.snapshot.auto.trigger.threshold = 10000 (custom)
2019-09-19 10:44:41,757 [pool-37-thread-1] INFO  server.RaftServerConfigKeys (ConfUtils.java:logGet(43)) - raft.server.snapshot.auto.trigger.enabled = true (custom)
2019-09-19 10:44:41,757 [pool-47-thread-1] INFO  server.RaftServerConfigKeys (ConfUtils.java:logGet(43)) - raft.server.snapshot.retention.num.files = 5 (custom)
2019-09-19 10:44:41,757 [pool-37-thread-1] INFO  server.RaftServerConfigKeys (ConfUtils.java:logGet(43)) - raft.server.snapshot.auto.trigger.threshold = 10000 (custom)
2019-09-19 10:44:41,758 [pool-47-thread-1] INFO  server.RaftServerConfigKeys (ConfUtils.java:logGet(43)) - raft.server.retrycache.expirytime = 600000ms (custom)
2019-09-19 10:44:41,758 [pool-37-thread-1] INFO  server.RaftServerConfigKeys (ConfUtils.java:logGet(43)) - raft.server.snapshot.retention.num.files = 5 (custom)
2019-09-19 10:44:41,758 [pool-37-thread-1] INFO  server.RaftServerConfigKeys (ConfUtils.java:logGet(43)) - raft.server.retrycache.expirytime = 600000ms (custom)
2019-09-19 10:44:41,763 [pool-67-thread-1] INFO  impl.RaftServerImpl (RaftServerImpl.java:start(185)) - e9a757c7-3ca5-4a60-905c-412e8bb9c2fd@group-85A672ED5058: start as a follower, conf=-1: [b186946b-7cb1-405f-b9a6-a6ba9d2e3b50:192.168.5.171:45263, e89641c2-7ef1-4436-991e-ef84ba028339:192.168.5.171:43968, e9a757c7-3ca5-4a60-905c-412e8bb9c2fd:192.168.5.171:37071], old=null
2019-09-19 10:44:41,764 [pool-37-thread-1] INFO  impl.RaftServerImpl (RaftServerImpl.java:start(185)) - b186946b-7cb1-405f-b9a6-a6ba9d2e3b50@group-85A672ED5058: start as a follower, conf=-1: [b186946b-7cb1-405f-b9a6-a6ba9d2e3b50:192.168.5.171:45263, e89641c2-7ef1-4436-991e-ef84ba028339:192.168.5.171:43968, e9a757c7-3ca5-4a60-905c-412e8bb9c2fd:192.168.5.171:37071], old=null
2019-09-19 10:44:41,764 [pool-67-thread-1] INFO  impl.RaftServerImpl (RaftServerImpl.java:setRole(174)) - e9a757c7-3ca5-4a60-905c-412e8bb9c2fd@group-85A672ED5058: changes role from      null to FOLLOWER at term 0 for startAsFollower
2019-09-19 10:44:41,764 [pool-37-thread-1] INFO  impl.RaftServerImpl (RaftServerImpl.java:setRole(174)) - b186946b-7cb1-405f-b9a6-a6ba9d2e3b50@group-85A672ED5058: changes role from      null to FOLLOWER at term 0 for startAsFollower
2019-09-19 10:44:41,764 [pool-67-thread-1] INFO  impl.RoleInfo (RoleInfo.java:updateAndGet(143)) - e9a757c7-3ca5-4a60-905c-412e8bb9c2fd: start FollowerState
2019-09-19 10:44:41,764 [pool-37-thread-1] INFO  impl.RoleInfo (RoleInfo.java:updateAndGet(143)) - b186946b-7cb1-405f-b9a6-a6ba9d2e3b50: start FollowerState
2019-09-19 10:44:41,764 [pool-47-thread-1] INFO  impl.RaftServerImpl (RaftServerImpl.java:start(185)) - e89641c2-7ef1-4436-991e-ef84ba028339@group-85A672ED5058: start as a follower, conf=-1: [b186946b-7cb1-405f-b9a6-a6ba9d2e3b50:192.168.5.171:45263, e89641c2-7ef1-4436-991e-ef84ba028339:192.168.5.171:43968, e9a757c7-3ca5-4a60-905c-412e8bb9c2fd:192.168.5.171:37071], old=null
2019-09-19 10:44:41,764 [pool-47-thread-1] INFO  impl.RaftServerImpl (RaftServerImpl.java:setRole(174)) - e89641c2-7ef1-4436-991e-ef84ba028339@group-85A672ED5058: changes role from      null to FOLLOWER at term 0 for startAsFollower
2019-09-19 10:44:41,764 [pool-37-thread-1] INFO  util.JmxRegister (JmxRegister.java:tryRegister(44)) - Successfully registered JMX Bean with object name Ratis:service=RaftServer,group=group-85A672ED5058,id=b186946b-7cb1-405f-b9a6-a6ba9d2e3b50
2019-09-19 10:44:41,764 [pool-67-thread-1] INFO  util.JmxRegister (JmxRegister.java:tryRegister(44)) - Successfully registered JMX Bean with object name Ratis:service=RaftServer,group=group-85A672ED5058,id=e9a757c7-3ca5-4a60-905c-412e8bb9c2fd
2019-09-19 10:44:41,765 [pool-47-thread-1] INFO  impl.RoleInfo (RoleInfo.java:updateAndGet(143)) - e89641c2-7ef1-4436-991e-ef84ba028339: start FollowerState
2019-09-19 10:44:41,765 [pool-47-thread-1] INFO  util.JmxRegister (JmxRegister.java:tryRegister(44)) - Successfully registered JMX Bean with object name Ratis:service=RaftServer,group=group-85A672ED5058,id=e89641c2-7ef1-4436-991e-ef84ba028339
2019-09-19 10:44:41,771 [IPC Server handler 0 on 36361] INFO  pipeline.PipelineStateManager (PipelineStateManager.java:addPipeline(56)) - Created pipeline Pipeline[ Id: 0694efb5-7990-4e41-b124-85a672ed5058, Nodes: b186946b-7cb1-405f-b9a6-a6ba9d2e3b50{ip: 192.168.5.171, host: pr-hdds-1054-s6xkv-2432930293, networkLocation: /default-rack, certSerialId: null}e89641c2-7ef1-4436-991e-ef84ba028339{ip: 192.168.5.171, host: pr-hdds-1054-s6xkv-2432930293, networkLocation: /default-rack, certSerialId: null}e9a757c7-3ca5-4a60-905c-412e8bb9c2fd{ip: 192.168.5.171, host: pr-hdds-1054-s6xkv-2432930293, networkLocation: /default-rack, certSerialId: null}, Type:RATIS, Factor:THREE, State:OPEN]
2019-09-19 10:44:46,877 [Thread-807] INFO  impl.FollowerState (FollowerState.java:run(106)) - e9a757c7-3ca5-4a60-905c-412e8bb9c2fd:group-85A672ED5058 changes to CANDIDATE, lastRpcTime:5112, electionTimeout:5112ms
2019-09-19 10:44:46,877 [Thread-807] INFO  impl.RoleInfo (RoleInfo.java:shutdownFollowerState(121)) - e9a757c7-3ca5-4a60-905c-412e8bb9c2fd: shutdown FollowerState
2019-09-19 10:44:46,877 [Thread-807] INFO  impl.RaftServerImpl (RaftServerImpl.java:setRole(174)) - e9a757c7-3ca5-4a60-905c-412e8bb9c2fd@group-85A672ED5058: changes role from  FOLLOWER to CANDIDATE at term 0 for changeToCandidate
2019-09-19 10:44:46,877 [Thread-807] INFO  impl.RoleInfo (RoleInfo.java:updateAndGet(143)) - e9a757c7-3ca5-4a60-905c-412e8bb9c2fd: start LeaderElection
2019-09-19 10:44:46,902 [Thread-809] INFO  impl.FollowerState (FollowerState.java:run(106)) - e89641c2-7ef1-4436-991e-ef84ba028339:group-85A672ED5058 changes to CANDIDATE, lastRpcTime:5136, electionTimeout:5136ms
2019-09-19 10:44:46,904 [Thread-809] INFO  impl.RoleInfo (RoleInfo.java:shutdownFollowerState(121)) - e89641c2-7ef1-4436-991e-ef84ba028339: shutdown FollowerState
2019-09-19 10:44:46,904 [Thread-809] INFO  impl.RaftServerImpl (RaftServerImpl.java:setRole(174)) - e89641c2-7ef1-4436-991e-ef84ba028339@group-85A672ED5058: changes role from  FOLLOWER to CANDIDATE at term 0 for changeToCandidate
2019-09-19 10:44:46,904 [Thread-809] INFO  impl.RoleInfo (RoleInfo.java:updateAndGet(143)) - e89641c2-7ef1-4436-991e-ef84ba028339: start LeaderElection
2019-09-19 10:44:46,910 [Thread-808] INFO  impl.FollowerState (FollowerState.java:run(106)) - b186946b-7cb1-405f-b9a6-a6ba9d2e3b50:group-85A672ED5058 changes to CANDIDATE, lastRpcTime:5145, electionTimeout:5145ms
2019-09-19 10:44:46,910 [Thread-808] INFO  impl.RoleInfo (RoleInfo.java:shutdownFollowerState(121)) - b186946b-7cb1-405f-b9a6-a6ba9d2e3b50: shutdown FollowerState
2019-09-19 10:44:46,910 [Thread-808] INFO  impl.RaftServerImpl (RaftServerImpl.java:setRole(174)) - b186946b-7cb1-405f-b9a6-a6ba9d2e3b50@group-85A672ED5058: changes role from  FOLLOWER to CANDIDATE at term 0 for changeToCandidate
2019-09-19 10:44:46,910 [Thread-808] INFO  impl.RoleInfo (RoleInfo.java:updateAndGet(143)) - b186946b-7cb1-405f-b9a6-a6ba9d2e3b50: start LeaderElection
2019-09-19 10:44:48,029 [e9a757c7-3ca5-4a60-905c-412e8bb9c2fd@group-85A672ED5058:LeaderElection68] INFO  impl.LeaderElection (LeaderElection.java:askForVotes(182)) - e9a757c7-3ca5-4a60-905c-412e8bb9c2fd@group-85A672ED5058:LeaderElection68: begin an election at term 1 for -1: [b186946b-7cb1-405f-b9a6-a6ba9d2e3b50:192.168.5.171:45263, e89641c2-7ef1-4436-991e-ef84ba028339:192.168.5.171:43968, e9a757c7-3ca5-4a60-905c-412e8bb9c2fd:192.168.5.171:37071], old=null
2019-09-19 10:44:48,029 [e89641c2-7ef1-4436-991e-ef84ba028339@group-85A672ED5058:LeaderElection69] INFO  impl.LeaderElection (LeaderElection.java:askForVotes(182)) - e89641c2-7ef1-4436-991e-ef84ba028339@group-85A672ED5058:LeaderElection69: begin an election at term 1 for -1: [b186946b-7cb1-405f-b9a6-a6ba9d2e3b50:192.168.5.171:45263, e89641c2-7ef1-4436-991e-ef84ba028339:192.168.5.171:43968, e9a757c7-3ca5-4a60-905c-412e8bb9c2fd:192.168.5.171:37071], old=null
2019-09-19 10:44:48,029 [b186946b-7cb1-405f-b9a6-a6ba9d2e3b50@group-85A672ED5058:LeaderElection70] INFO  impl.LeaderElection (LeaderElection.java:askForVotes(182)) - b186946b-7cb1-405f-b9a6-a6ba9d2e3b50@group-85A672ED5058:LeaderElection70: begin an election at term 1 for -1: [b186946b-7cb1-405f-b9a6-a6ba9d2e3b50:192.168.5.171:45263, e89641c2-7ef1-4436-991e-ef84ba028339:192.168.5.171:43968, e9a757c7-3ca5-4a60-905c-412e8bb9c2fd:192.168.5.171:37071], old=null
2019-09-19 10:44:48,035 [e89641c2-7ef1-4436-991e-ef84ba028339@group-85A672ED5058:LeaderElection69] INFO  impl.LeaderElection (LeaderElection.java:logAndReturn(56)) - e89641c2-7ef1-4436-991e-ef84ba028339@group-85A672ED5058:LeaderElection69: Election REJECTED; received 2 response(s) [e89641c2-7ef1-4436-991e-ef84ba028339<-b186946b-7cb1-405f-b9a6-a6ba9d2e3b50#0:FAIL-t1, e89641c2-7ef1-4436-991e-ef84ba028339<-e9a757c7-3ca5-4a60-905c-412e8bb9c2fd#0:FAIL-t1] and 0 exception(s); e89641c2-7ef1-4436-991e-ef84ba028339@group-85A672ED5058:t1, leader=null, voted=e89641c2-7ef1-4436-991e-ef84ba028339, raftlog=e89641c2-7ef1-4436-991e-ef84ba028339@group-85A672ED5058-SegmentedRaftLog:OPENED:c-1,f-1,i0, conf=-1: [b186946b-7cb1-405f-b9a6-a6ba9d2e3b50:192.168.5.171:45263, e89641c2-7ef1-4436-991e-ef84ba028339:192.168.5.171:43968, e9a757c7-3ca5-4a60-905c-412e8bb9c2fd:192.168.5.171:37071], old=null
2019-09-19 10:44:48,035 [e89641c2-7ef1-4436-991e-ef84ba028339@group-85A672ED5058:LeaderElection69] INFO  impl.RaftServerImpl (RaftServerImpl.java:setRole(174)) - e89641c2-7ef1-4436-991e-ef84ba028339@group-85A672ED5058: changes role from CANDIDATE to FOLLOWER at term 1 for DISCOVERED_A_NEW_TERM
2019-09-19 10:44:48,035 [e9a757c7-3ca5-4a60-905c-412e8bb9c2fd@group-85A672ED5058:LeaderElection68] INFO  impl.LeaderElection (LeaderElection.java:logAndReturn(56)) - e9a757c7-3ca5-4a60-905c-412e8bb9c2fd@group-85A672ED5058:LeaderElection68: Election REJECTED; received 2 response(s) [e9a757c7-3ca5-4a60-905c-412e8bb9c2fd<-e89641c2-7ef1-4436-991e-ef84ba028339#0:FAIL-t1, e9a757c7-3ca5-4a60-905c-412e8bb9c2fd<-b186946b-7cb1-405f-b9a6-a6ba9d2e3b50#0:FAIL-t1] and 0 exception(s); e9a757c7-3ca5-4a60-905c-412e8bb9c2fd@group-85A672ED5058:t1, leader=null, voted=e9a757c7-3ca5-4a60-905c-412e8bb9c2fd, raftlog=e9a757c7-3ca5-4a60-905c-412e8bb9c2fd@group-85A672ED5058-SegmentedRaftLog:OPENED:c-1,f-1,i0, conf=-1: [b186946b-7cb1-405f-b9a6-a6ba9d2e3b50:192.168.5.171:45263, e89641c2-7ef1-4436-991e-ef84ba028339:192.168.5.171:43968, e9a757c7-3ca5-4a60-905c-412e8bb9c2fd:192.168.5.171:37071], old=null
2019-09-19 10:44:48,035 [e89641c2-7ef1-4436-991e-ef84ba028339@group-85A672ED5058:LeaderElection69] INFO  impl.RoleInfo (RoleInfo.java:shutdownLeaderElection(134)) - e89641c2-7ef1-4436-991e-ef84ba028339: shutdown LeaderElection
2019-09-19 10:44:48,038 [e9a757c7-3ca5-4a60-905c-412e8bb9c2fd@group-85A672ED5058:LeaderElection68] INFO  impl.RaftServerImpl (RaftServerImpl.java:setRole(174)) - e9a757c7-3ca5-4a60-905c-412e8bb9c2fd@group-85A672ED5058: changes role from CANDIDATE to FOLLOWER at term 1 for DISCOVERED_A_NEW_TERM
2019-09-19 10:44:48,040 [b186946b-7cb1-405f-b9a6-a6ba9d2e3b50@group-85A672ED5058:LeaderElection70] INFO  impl.LeaderElection (LeaderElection.java:logAndReturn(56)) - b186946b-7cb1-405f-b9a6-a6ba9d2e3b50@group-85A672ED5058:LeaderElection70: Election REJECTED; received 2 response(s) [b186946b-7cb1-405f-b9a6-a6ba9d2e3b50<-e89641c2-7ef1-4436-991e-ef84ba028339#0:FAIL-t1, b186946b-7cb1-405f-b9a6-a6ba9d2e3b50<-e9a757c7-3ca5-4a60-905c-412e8bb9c2fd#0:FAIL-t1] and 0 exception(s); b186946b-7cb1-405f-b9a6-a6ba9d2e3b50@group-85A672ED5058:t1, leader=null, voted=b186946b-7cb1-405f-b9a6-a6ba9d2e3b50, raftlog=b186946b-7cb1-405f-b9a6-a6ba9d2e3b50@group-85A672ED5058-SegmentedRaftLog:OPENED:c-1,f-1,i0, conf=-1: [b186946b-7cb1-405f-b9a6-a6ba9d2e3b50:192.168.5.171:45263, e89641c2-7ef1-4436-991e-ef84ba028339:192.168.5.171:43968, e9a757c7-3ca5-4a60-905c-412e8bb9c2fd:192.168.5.171:37071], old=null
2019-09-19 10:44:48,040 [e89641c2-7ef1-4436-991e-ef84ba028339@group-85A672ED5058:LeaderElection69] INFO  impl.RoleInfo (RoleInfo.java:updateAndGet(143)) - e89641c2-7ef1-4436-991e-ef84ba028339: start FollowerState
2019-09-19 10:44:48,040 [e9a757c7-3ca5-4a60-905c-412e8bb9c2fd@group-85A672ED5058:LeaderElection68] INFO  impl.RoleInfo (RoleInfo.java:shutdownLeaderElection(134)) - e9a757c7-3ca5-4a60-905c-412e8bb9c2fd: shutdown LeaderElection
2019-09-19 10:44:48,040 [b186946b-7cb1-405f-b9a6-a6ba9d2e3b50@group-85A672ED5058:LeaderElection70] INFO  impl.RaftServerImpl (RaftServerImpl.java:setRole(174)) - b186946b-7cb1-405f-b9a6-a6ba9d2e3b50@group-85A672ED5058: changes role from CANDIDATE to FOLLOWER at term 1 for DISCOVERED_A_NEW_TERM
2019-09-19 10:44:48,042 [e9a757c7-3ca5-4a60-905c-412e8bb9c2fd@group-85A672ED5058:LeaderElection68] INFO  impl.RoleInfo (RoleInfo.java:updateAndGet(143)) - e9a757c7-3ca5-4a60-905c-412e8bb9c2fd: start FollowerState
2019-09-19 10:44:48,042 [b186946b-7cb1-405f-b9a6-a6ba9d2e3b50@group-85A672ED5058:LeaderElection70] INFO  impl.RoleInfo (RoleInfo.java:shutdownLeaderElection(134)) - b186946b-7cb1-405f-b9a6-a6ba9d2e3b50: shutdown LeaderElection
2019-09-19 10:44:48,043 [b186946b-7cb1-405f-b9a6-a6ba9d2e3b50@group-85A672ED5058:LeaderElection70] INFO  impl.RoleInfo (RoleInfo.java:updateAndGet(143)) - b186946b-7cb1-405f-b9a6-a6ba9d2e3b50: start FollowerState
2019-09-19 10:44:53,113 [Thread-845] INFO  impl.FollowerState (FollowerState.java:run(106)) - b186946b-7cb1-405f-b9a6-a6ba9d2e3b50:group-85A672ED5058 changes to CANDIDATE, lastRpcTime:5070, electionTimeout:5070ms
2019-09-19 10:44:53,114 [Thread-845] INFO  impl.RoleInfo (RoleInfo.java:shutdownFollowerState(121)) - b186946b-7cb1-405f-b9a6-a6ba9d2e3b50: shutdown FollowerState
2019-09-19 10:44:53,114 [Thread-845] INFO  impl.RaftServerImpl (RaftServerImpl.java:setRole(174)) - b186946b-7cb1-405f-b9a6-a6ba9d2e3b50@group-85A672ED5058: changes role from  FOLLOWER to CANDIDATE at term 1 for changeToCandidate
2019-09-19 10:44:53,114 [Thread-845] INFO  impl.RoleInfo (RoleInfo.java:updateAndGet(143)) - b186946b-7cb1-405f-b9a6-a6ba9d2e3b50: start LeaderElection
2019-09-19 10:44:53,164 [Thread-843] INFO  impl.FollowerState (FollowerState.java:run(106)) - e89641c2-7ef1-4436-991e-ef84ba028339:group-85A672ED5058 changes to CANDIDATE, lastRpcTime:5124, electionTimeout:5122ms
2019-09-19 10:44:53,165 [Thread-843] INFO  impl.RoleInfo (RoleInfo.java:shutdownFollowerState(121)) - e89641c2-7ef1-4436-991e-ef84ba028339: shutdown FollowerState
2019-09-19 10:44:53,165 [Thread-843] INFO  impl.RaftServerImpl (RaftServerImpl.java:setRole(174)) - e89641c2-7ef1-4436-991e-ef84ba028339@group-85A672ED5058: changes role from  FOLLOWER to CANDIDATE at term 1 for changeToCandidate
2019-09-19 10:44:53,165 [Thread-843] INFO  impl.RoleInfo (RoleInfo.java:updateAndGet(143)) - e89641c2-7ef1-4436-991e-ef84ba028339: start LeaderElection
2019-09-19 10:44:53,216 [Thread-844] INFO  impl.FollowerState (FollowerState.java:run(106)) - e9a757c7-3ca5-4a60-905c-412e8bb9c2fd:group-85A672ED5058 changes to CANDIDATE, lastRpcTime:5173, electionTimeout:5173ms
2019-09-19 10:44:53,216 [Thread-844] INFO  impl.RoleInfo (RoleInfo.java:shutdownFollowerState(121)) - e9a757c7-3ca5-4a60-905c-412e8bb9c2fd: shutdown FollowerState
2019-09-19 10:44:53,216 [Thread-844] INFO  impl.RaftServerImpl (RaftServerImpl.java:setRole(174)) - e9a757c7-3ca5-4a60-905c-412e8bb9c2fd@group-85A672ED5058: changes role from  FOLLOWER to CANDIDATE at term 1 for changeToCandidate
2019-09-19 10:44:53,216 [Thread-844] INFO  impl.RoleInfo (RoleInfo.java:updateAndGet(143)) - e9a757c7-3ca5-4a60-905c-412e8bb9c2fd: start LeaderElection
2019-09-19 10:44:56,095 [e9a757c7-3ca5-4a60-905c-412e8bb9c2fd@group-85A672ED5058:LeaderElection73] INFO  impl.LeaderElection (LeaderElection.java:askForVotes(182)) - e9a757c7-3ca5-4a60-905c-412e8bb9c2fd@group-85A672ED5058:LeaderElection73: begin an election at term 2 for -1: [b186946b-7cb1-405f-b9a6-a6ba9d2e3b50:192.168.5.171:45263, e89641c2-7ef1-4436-991e-ef84ba028339:192.168.5.171:43968, e9a757c7-3ca5-4a60-905c-412e8bb9c2fd:192.168.5.171:37071], old=null
2019-09-19 10:44:56,095 [b186946b-7cb1-405f-b9a6-a6ba9d2e3b50@group-85A672ED5058:LeaderElection71] INFO  impl.LeaderElection (LeaderElection.java:askForVotes(182)) - b186946b-7cb1-405f-b9a6-a6ba9d2e3b50@group-85A672ED5058:LeaderElection71: begin an election at term 2 for -1: [b186946b-7cb1-405f-b9a6-a6ba9d2e3b50:192.168.5.171:45263, e89641c2-7ef1-4436-991e-ef84ba028339:192.168.5.171:43968, e9a757c7-3ca5-4a60-905c-412e8bb9c2fd:192.168.5.171:37071], old=null
2019-09-19 10:44:56,095 [e89641c2-7ef1-4436-991e-ef84ba028339@group-85A672ED5058:LeaderElection72] INFO  impl.LeaderElection (LeaderElection.java:askForVotes(182)) - e89641c2-7ef1-4436-991e-ef84ba028339@group-85A672ED5058:LeaderElection72: begin an election at term 2 for -1: [b186946b-7cb1-405f-b9a6-a6ba9d2e3b50:192.168.5.171:45263, e89641c2-7ef1-4436-991e-ef84ba028339:192.168.5.171:43968, e9a757c7-3ca5-4a60-905c-412e8bb9c2fd:192.168.5.171:37071], old=null
2019-09-19 10:44:56,103 [e9a757c7-3ca5-4a60-905c-412e8bb9c2fd@group-85A672ED5058:LeaderElection73] INFO  impl.LeaderElection (LeaderElection.java:logAndReturn(56)) - e9a757c7-3ca5-4a60-905c-412e8bb9c2fd@group-85A672ED5058:LeaderElection73: Election REJECTED; received 2 response(s) [e9a757c7-3ca5-4a60-905c-412e8bb9c2fd<-e89641c2-7ef1-4436-991e-ef84ba028339#0:FAIL-t2, e9a757c7-3ca5-4a60-905c-412e8bb9c2fd<-b186946b-7cb1-405f-b9a6-a6ba9d2e3b50#0:FAIL-t2] and 0 exception(s); e9a757c7-3ca5-4a60-905c-412e8bb9c2fd@group-85A672ED5058:t2, leader=null, voted=e9a757c7-3ca5-4a60-905c-412e8bb9c2fd, raftlog=e9a757c7-3ca5-4a60-905c-412e8bb9c2fd@group-85A672ED5058-SegmentedRaftLog:OPENED:c-1,f-1,i0, conf=-1: [b186946b-7cb1-405f-b9a6-a6ba9d2e3b50:192.168.5.171:45263, e89641c2-7ef1-4436-991e-ef84ba028339:192.168.5.171:43968, e9a757c7-3ca5-4a60-905c-412e8bb9c2fd:192.168.5.171:37071], old=null
2019-09-19 10:44:56,104 [e9a757c7-3ca5-4a60-905c-412e8bb9c2fd@group-85A672ED5058:LeaderElection73] INFO  impl.RaftServerImpl (RaftServerImpl.java:setRole(174)) - e9a757c7-3ca5-4a60-905c-412e8bb9c2fd@group-85A672ED5058: changes role from CANDIDATE to FOLLOWER at term 2 for DISCOVERED_A_NEW_TERM
2019-09-19 10:44:56,104 [b186946b-7cb1-405f-b9a6-a6ba9d2e3b50@group-85A672ED5058:LeaderElection71] INFO  impl.LeaderElection (LeaderElection.java:logAndReturn(56)) - b186946b-7cb1-405f-b9a6-a6ba9d2e3b50@group-85A672ED5058:LeaderElection71: Election REJECTED; received 2 response(s) [b186946b-7cb1-405f-b9a6-a6ba9d2e3b50<-e89641c2-7ef1-4436-991e-ef84ba028339#0:FAIL-t2, b186946b-7cb1-405f-b9a6-a6ba9d2e3b50<-e9a757c7-3ca5-4a60-905c-412e8bb9c2fd#0:FAIL-t2] and 0 exception(s); b186946b-7cb1-405f-b9a6-a6ba9d2e3b50@group-85A672ED5058:t2, leader=null, voted=b186946b-7cb1-405f-b9a6-a6ba9d2e3b50, raftlog=b186946b-7cb1-405f-b9a6-a6ba9d2e3b50@group-85A672ED5058-SegmentedRaftLog:OPENED:c-1,f-1,i0, conf=-1: [b186946b-7cb1-405f-b9a6-a6ba9d2e3b50:192.168.5.171:45263, e89641c2-7ef1-4436-991e-ef84ba028339:192.168.5.171:43968, e9a757c7-3ca5-4a60-905c-412e8bb9c2fd:192.168.5.171:37071], old=null
2019-09-19 10:44:56,108 [e9a757c7-3ca5-4a60-905c-412e8bb9c2fd@group-85A672ED5058:LeaderElection73] INFO  impl.RoleInfo (RoleInfo.java:shutdownLeaderElection(134)) - e9a757c7-3ca5-4a60-905c-412e8bb9c2fd: shutdown LeaderElection
2019-09-19 10:44:56,104 [e89641c2-7ef1-4436-991e-ef84ba028339@group-85A672ED5058:LeaderElection72] INFO  impl.LeaderElection (LeaderElection.java:logAndReturn(56)) - e89641c2-7ef1-4436-991e-ef84ba028339@group-85A672ED5058:LeaderElection72: Election REJECTED; received 2 response(s) [e89641c2-7ef1-4436-991e-ef84ba028339<-b186946b-7cb1-405f-b9a6-a6ba9d2e3b50#0:FAIL-t2, e89641c2-7ef1-4436-991e-ef84ba028339<-e9a757c7-3ca5-4a60-905c-412e8bb9c2fd#0:FAIL-t2] and 0 exception(s); e89641c2-7ef1-4436-991e-ef84ba028339@group-85A672ED5058:t2, leader=null, voted=e89641c2-7ef1-4436-991e-ef84ba028339, raftlog=e89641c2-7ef1-4436-991e-ef84ba028339@group-85A672ED5058-SegmentedRaftLog:OPENED:c-1,f-1,i0, conf=-1: [b186946b-7cb1-405f-b9a6-a6ba9d2e3b50:192.168.5.171:45263, e89641c2-7ef1-4436-991e-ef84ba028339:192.168.5.171:43968, e9a757c7-3ca5-4a60-905c-412e8bb9c2fd:192.168.5.171:37071], old=null
2019-09-19 10:44:56,110 [e9a757c7-3ca5-4a60-905c-412e8bb9c2fd@group-85A672ED5058:LeaderElection73] INFO  impl.RoleInfo (RoleInfo.java:updateAndGet(143)) - e9a757c7-3ca5-4a60-905c-412e8bb9c2fd: start FollowerState
2019-09-19 10:44:56,108 [b186946b-7cb1-405f-b9a6-a6ba9d2e3b50@group-85A672ED5058:LeaderElection71] INFO  impl.RaftServerImpl (RaftServerImpl.java:setRole(174)) - b186946b-7cb1-405f-b9a6-a6ba9d2e3b50@group-85A672ED5058: changes role from CANDIDATE to FOLLOWER at term 2 for DISCOVERED_A_NEW_TERM
2019-09-19 10:44:56,110 [e89641c2-7ef1-4436-991e-ef84ba028339@group-85A672ED5058:LeaderElection72] INFO  impl.RaftServerImpl (RaftServerImpl.java:setRole(174)) - e89641c2-7ef1-4436-991e-ef84ba028339@group-85A672ED5058: changes role from CANDIDATE to FOLLOWER at term 2 for DISCOVERED_A_NEW_TERM
2019-09-19 10:44:56,112 [b186946b-7cb1-405f-b9a6-a6ba9d2e3b50@group-85A672ED5058:LeaderElection71] INFO  impl.RoleInfo (RoleInfo.java:shutdownLeaderElection(134)) - b186946b-7cb1-405f-b9a6-a6ba9d2e3b50: shutdown LeaderElection
2019-09-19 10:44:56,112 [e89641c2-7ef1-4436-991e-ef84ba028339@group-85A672ED5058:LeaderElection72] INFO  impl.RoleInfo (RoleInfo.java:shutdownLeaderElection(134)) - e89641c2-7ef1-4436-991e-ef84ba028339: shutdown LeaderElection
2019-09-19 10:44:56,112 [b186946b-7cb1-405f-b9a6-a6ba9d2e3b50@group-85A672ED5058:LeaderElection71] INFO  impl.RoleInfo (RoleInfo.java:updateAndGet(143)) - b186946b-7cb1-405f-b9a6-a6ba9d2e3b50: start FollowerState
2019-09-19 10:44:56,112 [e89641c2-7ef1-4436-991e-ef84ba028339@group-85A672ED5058:LeaderElection72] INFO  impl.RoleInfo (RoleInfo.java:updateAndGet(143)) - e89641c2-7ef1-4436-991e-ef84ba028339: start FollowerState
2019-09-19 10:45:01,193 [Thread-877] INFO  impl.FollowerState (FollowerState.java:run(106)) - e9a757c7-3ca5-4a60-905c-412e8bb9c2fd:group-85A672ED5058 changes to CANDIDATE, lastRpcTime:5083, electionTimeout:5081ms
2019-09-19 10:45:01,194 [Thread-877] INFO  impl.RoleInfo (RoleInfo.java:shutdownFollowerState(121)) - e9a757c7-3ca5-4a60-905c-412e8bb9c2fd: shutdown FollowerState
2019-09-19 10:45:01,194 [Thread-877] INFO  impl.RaftServerImpl (RaftServerImpl.java:setRole(174)) - e9a757c7-3ca5-4a60-905c-412e8bb9c2fd@group-85A672ED5058: changes role from  FOLLOWER to CANDIDATE at term 2 for changeToCandidate
2019-09-19 10:45:01,195 [Thread-877] INFO  impl.RoleInfo (RoleInfo.java:updateAndGet(143)) - e9a757c7-3ca5-4a60-905c-412e8bb9c2fd: start LeaderElection
2019-09-19 10:45:01,269 [Thread-878] INFO  impl.FollowerState (FollowerState.java:run(106)) - b186946b-7cb1-405f-b9a6-a6ba9d2e3b50:group-85A672ED5058 changes to CANDIDATE, lastRpcTime:5156, electionTimeout:5156ms
2019-09-19 10:45:01,269 [Thread-878] INFO  impl.RoleInfo (RoleInfo.java:shutdownFollowerState(121)) - b186946b-7cb1-405f-b9a6-a6ba9d2e3b50: shutdown FollowerState
2019-09-19 10:45:01,269 [Thread-878] INFO  impl.RaftServerImpl (RaftServerImpl.java:setRole(174)) - b186946b-7cb1-405f-b9a6-a6ba9d2e3b50@group-85A672ED5058: changes role from  FOLLOWER to CANDIDATE at term 2 for changeToCandidate
2019-09-19 10:45:01,269 [Thread-878] INFO  impl.RoleInfo (RoleInfo.java:updateAndGet(143)) - b186946b-7cb1-405f-b9a6-a6ba9d2e3b50: start LeaderElection
2019-09-19 10:45:01,280 [Thread-879] INFO  impl.FollowerState (FollowerState.java:run(106)) - e89641c2-7ef1-4436-991e-ef84ba028339:group-85A672ED5058 changes to CANDIDATE, lastRpcTime:5167, electionTimeout:5167ms
2019-09-19 10:45:01,280 [Thread-879] INFO  impl.RoleInfo (RoleInfo.java:shutdownFollowerState(121)) - e89641c2-7ef1-4436-991e-ef84ba028339: shutdown FollowerState
2019-09-19 10:45:01,281 [Thread-879] INFO  impl.RaftServerImpl (RaftServerImpl.java:setRole(174)) - e89641c2-7ef1-4436-991e-ef84ba028339@group-85A672ED5058: changes role from  FOLLOWER to CANDIDATE at term 2 for changeToCandidate
2019-09-19 10:45:01,281 [Thread-879] INFO  impl.RoleInfo (RoleInfo.java:updateAndGet(143)) - e89641c2-7ef1-4436-991e-ef84ba028339: start LeaderElection
2019-09-19 10:45:01,522 [b186946b-7cb1-405f-b9a6-a6ba9d2e3b50@group-85A672ED5058:LeaderElection75] INFO  impl.LeaderElection (LeaderElection.java:askForVotes(182)) - b186946b-7cb1-405f-b9a6-a6ba9d2e3b50@group-85A672ED5058:LeaderElection75: begin an election at term 3 for -1: [b186946b-7cb1-405f-b9a6-a6ba9d2e3b50:192.168.5.171:45263, e89641c2-7ef1-4436-991e-ef84ba028339:192.168.5.171:43968, e9a757c7-3ca5-4a60-905c-412e8bb9c2fd:192.168.5.171:37071], old=null
2019-09-19 10:45:01,522 [e89641c2-7ef1-4436-991e-ef84ba028339@group-85A672ED5058:LeaderElection76] INFO  impl.LeaderElection (LeaderElection.java:askForVotes(182)) - e89641c2-7ef1-4436-991e-ef84ba028339@group-85A672ED5058:LeaderElection76: begin an election at term 3 for -1: [b186946b-7cb1-405f-b9a6-a6ba9d2e3b50:192.168.5.171:45263, e89641c2-7ef1-4436-991e-ef84ba028339:192.168.5.171:43968, e9a757c7-3ca5-4a60-905c-412e8bb9c2fd:192.168.5.171:37071], old=null
2019-09-19 10:45:01,522 [e9a757c7-3ca5-4a60-905c-412e8bb9c2fd@group-85A672ED5058:LeaderElection74] INFO  impl.LeaderElection (LeaderElection.java:askForVotes(182)) - e9a757c7-3ca5-4a60-905c-412e8bb9c2fd@group-85A672ED5058:LeaderElection74: begin an election at term 3 for -1: [b186946b-7cb1-405f-b9a6-a6ba9d2e3b50:192.168.5.171:45263, e89641c2-7ef1-4436-991e-ef84ba028339:192.168.5.171:43968, e9a757c7-3ca5-4a60-905c-412e8bb9c2fd:192.168.5.171:37071], old=null
2019-09-19 10:45:01,532 [b186946b-7cb1-405f-b9a6-a6ba9d2e3b50@group-85A672ED5058:LeaderElection75] INFO  impl.LeaderElection (LeaderElection.java:logAndReturn(56)) - b186946b-7cb1-405f-b9a6-a6ba9d2e3b50@group-85A672ED5058:LeaderElection75: Election REJECTED; received 2 response(s) [b186946b-7cb1-405f-b9a6-a6ba9d2e3b50<-e89641c2-7ef1-4436-991e-ef84ba028339#0:FAIL-t3, b186946b-7cb1-405f-b9a6-a6ba9d2e3b50<-e9a757c7-3ca5-4a60-905c-412e8bb9c2fd#0:FAIL-t3] and 0 exception(s); b186946b-7cb1-405f-b9a6-a6ba9d2e3b50@group-85A672ED5058:t3, leader=null, voted=b186946b-7cb1-405f-b9a6-a6ba9d2e3b50, raftlog=b186946b-7cb1-405f-b9a6-a6ba9d2e3b50@group-85A672ED5058-SegmentedRaftLog:OPENED:c-1,f-1,i0, conf=-1: [b186946b-7cb1-405f-b9a6-a6ba9d2e3b50:192.168.5.171:45263, e89641c2-7ef1-4436-991e-ef84ba028339:192.168.5.171:43968, e9a757c7-3ca5-4a60-905c-412e8bb9c2fd:192.168.5.171:37071], old=null
2019-09-19 10:45:01,532 [b186946b-7cb1-405f-b9a6-a6ba9d2e3b50@group-85A672ED5058:LeaderElection75] INFO  impl.RaftServerImpl (RaftServerImpl.java:setRole(174)) - b186946b-7cb1-405f-b9a6-a6ba9d2e3b50@group-85A672ED5058: changes role from CANDIDATE to FOLLOWER at term 3 for DISCOVERED_A_NEW_TERM
2019-09-19 10:45:01,532 [b186946b-7cb1-405f-b9a6-a6ba9d2e3b50@group-85A672ED5058:LeaderElection75] INFO  impl.RoleInfo (RoleInfo.java:shutdownLeaderElection(134)) - b186946b-7cb1-405f-b9a6-a6ba9d2e3b50: shutdown LeaderElection
2019-09-19 10:45:01,532 [b186946b-7cb1-405f-b9a6-a6ba9d2e3b50@group-85A672ED5058:LeaderElection75] INFO  impl.RoleInfo (RoleInfo.java:updateAndGet(143)) - b186946b-7cb1-405f-b9a6-a6ba9d2e3b50: start FollowerState
2019-09-19 10:45:01,534 [e9a757c7-3ca5-4a60-905c-412e8bb9c2fd@group-85A672ED5058:LeaderElection74] INFO  impl.LeaderElection (LeaderElection.java:logAndReturn(56)) - e9a757c7-3ca5-4a60-905c-412e8bb9c2fd@group-85A672ED5058:LeaderElection74: Election REJECTED; received 2 response(s) [e9a757c7-3ca5-4a60-905c-412e8bb9c2fd<-e89641c2-7ef1-4436-991e-ef84ba028339#0:FAIL-t3, e9a757c7-3ca5-4a60-905c-412e8bb9c2fd<-b186946b-7cb1-405f-b9a6-a6ba9d2e3b50#0:FAIL-t3] and 0 exception(s); e9a757c7-3ca5-4a60-905c-412e8bb9c2fd@group-85A672ED5058:t3, leader=null, voted=e9a757c7-3ca5-4a60-905c-412e8bb9c2fd, raftlog=e9a757c7-3ca5-4a60-905c-412e8bb9c2fd@group-85A672ED5058-SegmentedRaftLog:OPENED:c-1,f-1,i0, conf=-1: [b186946b-7cb1-405f-b9a6-a6ba9d2e3b50:192.168.5.171:45263, e89641c2-7ef1-4436-991e-ef84ba028339:192.168.5.171:43968, e9a757c7-3ca5-4a60-905c-412e8bb9c2fd:192.168.5.171:37071], old=null
2019-09-19 10:45:01,547 [e9a757c7-3ca5-4a60-905c-412e8bb9c2fd@group-85A672ED5058:LeaderElection74] INFO  impl.RaftServerImpl (RaftServerImpl.java:setRole(174)) - e9a757c7-3ca5-4a60-905c-412e8bb9c2fd@group-85A672ED5058: changes role from CANDIDATE to FOLLOWER at term 3 for DISCOVERED_A_NEW_TERM
2019-09-19 10:45:01,548 [e9a757c7-3ca5-4a60-905c-412e8bb9c2fd@group-85A672ED5058:LeaderElection74] INFO  impl.RoleInfo (RoleInfo.java:shutdownLeaderElection(134)) - e9a757c7-3ca5-4a60-905c-412e8bb9c2fd: shutdown LeaderElection
2019-09-19 10:45:01,548 [e9a757c7-3ca5-4a60-905c-412e8bb9c2fd@group-85A672ED5058:LeaderElection74] INFO  impl.RoleInfo (RoleInfo.java:updateAndGet(143)) - e9a757c7-3ca5-4a60-905c-412e8bb9c2fd: start FollowerState
2019-09-19 10:45:01,548 [e89641c2-7ef1-4436-991e-ef84ba028339@group-85A672ED5058:LeaderElection76] INFO  impl.LeaderElection (LeaderElection.java:logAndReturn(56)) - e89641c2-7ef1-4436-991e-ef84ba028339@group-85A672ED5058:LeaderElection76: Election REJECTED; received 2 response(s) [e89641c2-7ef1-4436-991e-ef84ba028339<-b186946b-7cb1-405f-b9a6-a6ba9d2e3b50#0:FAIL-t3, e89641c2-7ef1-4436-991e-ef84ba028339<-e9a757c7-3ca5-4a60-905c-412e8bb9c2fd#0:FAIL-t3] and 0 exception(s); e89641c2-7ef1-4436-991e-ef84ba028339@group-85A672ED5058:t3, leader=null, voted=e89641c2-7ef1-4436-991e-ef84ba028339, raftlog=e89641c2-7ef1-4436-991e-ef84ba028339@group-85A672ED5058-SegmentedRaftLog:OPENED:c-1,f-1,i0, conf=-1: [b186946b-7cb1-405f-b9a6-a6ba9d2e3b50:192.168.5.171:45263, e89641c2-7ef1-4436-991e-ef84ba028339:192.168.5.171:43968, e9a757c7-3ca5-4a60-905c-412e8bb9c2fd:192.168.5.171:37071], old=null
2019-09-19 10:45:01,550 [e89641c2-7ef1-4436-991e-ef84ba028339@group-85A672ED5058:LeaderElection76] INFO  impl.RaftServerImpl (RaftServerImpl.java:setRole(174)) - e89641c2-7ef1-4436-991e-ef84ba028339@group-85A672ED5058: changes role from CANDIDATE to FOLLOWER at term 3 for DISCOVERED_A_NEW_TERM
2019-09-19 10:45:01,550 [e89641c2-7ef1-4436-991e-ef84ba028339@group-85A672ED5058:LeaderElection76] INFO  impl.RoleInfo (RoleInfo.java:shutdownLeaderElection(134)) - e89641c2-7ef1-4436-991e-ef84ba028339: shutdown LeaderElection
2019-09-19 10:45:01,551 [e89641c2-7ef1-4436-991e-ef84ba028339@group-85A672ED5058:LeaderElection76] INFO  impl.RoleInfo (RoleInfo.java:updateAndGet(143)) - e89641c2-7ef1-4436-991e-ef84ba028339: start FollowerState
2019-09-19 10:45:06,631 [Thread-903] INFO  impl.FollowerState (FollowerState.java:run(106)) - b186946b-7cb1-405f-b9a6-a6ba9d2e3b50:group-85A672ED5058 changes to CANDIDATE, lastRpcTime:5098, electionTimeout:5098ms
2019-09-19 10:45:06,634 [Thread-903] INFO  impl.RoleInfo (RoleInfo.java:shutdownFollowerState(121)) - b186946b-7cb1-405f-b9a6-a6ba9d2e3b50: shutdown FollowerState
2019-09-19 10:45:06,634 [Thread-903] INFO  impl.RaftServerImpl (RaftServerImpl.java:setRole(174)) - b186946b-7cb1-405f-b9a6-a6ba9d2e3b50@group-85A672ED5058: changes role from  FOLLOWER to CANDIDATE at term 3 for changeToCandidate
2019-09-19 10:45:06,634 [Thread-903] INFO  impl.RoleInfo (RoleInfo.java:updateAndGet(143)) - b186946b-7cb1-405f-b9a6-a6ba9d2e3b50: start LeaderElection
2019-09-19 10:45:06,637 [Thread-905] INFO  impl.FollowerState (FollowerState.java:run(106)) - e89641c2-7ef1-4436-991e-ef84ba028339:group-85A672ED5058 changes to CANDIDATE, lastRpcTime:5085, electionTimeout:5084ms
2019-09-19 10:45:06,637 [Thread-905] INFO  impl.RoleInfo (RoleInfo.java:shutdownFollowerState(121)) - e89641c2-7ef1-4436-991e-ef84ba028339: shutdown FollowerState
2019-09-19 10:45:06,637 [Thread-905] INFO  impl.RaftServerImpl (RaftServerImpl.java:setRole(174)) - e89641c2-7ef1-4436-991e-ef84ba028339@group-85A672ED5058: changes role from  FOLLOWER to CANDIDATE at term 3 for changeToCandidate
2019-09-19 10:45:06,637 [Thread-905] INFO  impl.RoleInfo (RoleInfo.java:updateAndGet(143)) - e89641c2-7ef1-4436-991e-ef84ba028339: start LeaderElection
2019-09-19 10:45:06,687 [Thread-904] INFO  impl.FollowerState (FollowerState.java:run(106)) - e9a757c7-3ca5-4a60-905c-412e8bb9c2fd:group-85A672ED5058 changes to CANDIDATE, lastRpcTime:5139, electionTimeout:5137ms
2019-09-19 10:45:06,687 [Thread-904] INFO  impl.RoleInfo (RoleInfo.java:shutdownFollowerState(121)) - e9a757c7-3ca5-4a60-905c-412e8bb9c2fd: shutdown FollowerState
2019-09-19 10:45:06,687 [Thread-904] INFO  impl.RaftServerImpl (RaftServerImpl.java:setRole(174)) - e9a757c7-3ca5-4a60-905c-412e8bb9c2fd@group-85A672ED5058: changes role from  FOLLOWER to CANDIDATE at term 3 for changeToCandidate
2019-09-19 10:45:06,688 [Thread-904] INFO  impl.RoleInfo (RoleInfo.java:updateAndGet(143)) - e9a757c7-3ca5-4a60-905c-412e8bb9c2fd: start LeaderElection
2019-09-19 10:45:07,219 [e89641c2-7ef1-4436-991e-ef84ba028339@group-85A672ED5058:LeaderElection78] INFO  impl.LeaderElection (LeaderElection.java:askForVotes(182)) - e89641c2-7ef1-4436-991e-ef84ba028339@group-85A672ED5058:LeaderElection78: begin an election at term 4 for -1: [b186946b-7cb1-405f-b9a6-a6ba9d2e3b50:192.168.5.171:45263, e89641c2-7ef1-4436-991e-ef84ba028339:192.168.5.171:43968, e9a757c7-3ca5-4a60-905c-412e8bb9c2fd:192.168.5.171:37071], old=null
2019-09-19 10:45:07,220 [e9a757c7-3ca5-4a60-905c-412e8bb9c2fd@group-85A672ED5058:LeaderElection79] INFO  impl.LeaderElection (LeaderElection.java:askForVotes(182)) - e9a757c7-3ca5-4a60-905c-412e8bb9c2fd@group-85A672ED5058:LeaderElection79: begin an election at term 4 for -1: [b186946b-7cb1-405f-b9a6-a6ba9d2e3b50:192.168.5.171:45263, e89641c2-7ef1-4436-991e-ef84ba028339:192.168.5.171:43968, e9a757c7-3ca5-4a60-905c-412e8bb9c2fd:192.168.5.171:37071], old=null
2019-09-19 10:45:07,219 [b186946b-7cb1-405f-b9a6-a6ba9d2e3b50@group-85A672ED5058:LeaderElection77] INFO  impl.LeaderElection (LeaderElection.java:askForVotes(182)) - b186946b-7cb1-405f-b9a6-a6ba9d2e3b50@group-85A672ED5058:LeaderElection77: begin an election at term 4 for -1: [b186946b-7cb1-405f-b9a6-a6ba9d2e3b50:192.168.5.171:45263, e89641c2-7ef1-4436-991e-ef84ba028339:192.168.5.171:43968, e9a757c7-3ca5-4a60-905c-412e8bb9c2fd:192.168.5.171:37071], old=null
2019-09-19 10:45:07,245 [b186946b-7cb1-405f-b9a6-a6ba9d2e3b50@group-85A672ED5058:LeaderElection77] INFO  impl.LeaderElection (LeaderElection.java:logAndReturn(56)) - b186946b-7cb1-405f-b9a6-a6ba9d2e3b50@group-85A672ED5058:LeaderElection77: Election REJECTED; received 2 response(s) [b186946b-7cb1-405f-b9a6-a6ba9d2e3b50<-e89641c2-7ef1-4436-991e-ef84ba028339#0:FAIL-t4, b186946b-7cb1-405f-b9a6-a6ba9d2e3b50<-e9a757c7-3ca5-4a60-905c-412e8bb9c2fd#0:FAIL-t4] and 0 exception(s); b186946b-7cb1-405f-b9a6-a6ba9d2e3b50@group-85A672ED5058:t4, leader=null, voted=b186946b-7cb1-405f-b9a6-a6ba9d2e3b50, raftlog=b186946b-7cb1-405f-b9a6-a6ba9d2e3b50@group-85A672ED5058-SegmentedRaftLog:OPENED:c-1,f-1,i0, conf=-1: [b186946b-7cb1-405f-b9a6-a6ba9d2e3b50:192.168.5.171:45263, e89641c2-7ef1-4436-991e-ef84ba028339:192.168.5.171:43968, e9a757c7-3ca5-4a60-905c-412e8bb9c2fd:192.168.5.171:37071], old=null
2019-09-19 10:45:07,245 [e9a757c7-3ca5-4a60-905c-412e8bb9c2fd@group-85A672ED5058:LeaderElection79] INFO  impl.LeaderElection (LeaderElection.java:logAndReturn(56)) - e9a757c7-3ca5-4a60-905c-412e8bb9c2fd@group-85A672ED5058:LeaderElection79: Election REJECTED; received 2 response(s) [e9a757c7-3ca5-4a60-905c-412e8bb9c2fd<-e89641c2-7ef1-4436-991e-ef84ba028339#0:FAIL-t4, e9a757c7-3ca5-4a60-905c-412e8bb9c2fd<-b186946b-7cb1-405f-b9a6-a6ba9d2e3b50#0:FAIL-t4] and 0 exception(s); e9a757c7-3ca5-4a60-905c-412e8bb9c2fd@group-85A672ED5058:t4, leader=null, voted=e9a757c7-3ca5-4a60-905c-412e8bb9c2fd, raftlog=e9a757c7-3ca5-4a60-905c-412e8bb9c2fd@group-85A672ED5058-SegmentedRaftLog:OPENED:c-1,f-1,i0, conf=-1: [b186946b-7cb1-405f-b9a6-a6ba9d2e3b50:192.168.5.171:45263, e89641c2-7ef1-4436-991e-ef84ba028339:192.168.5.171:43968, e9a757c7-3ca5-4a60-905c-412e8bb9c2fd:192.168.5.171:37071], old=null
2019-09-19 10:45:07,245 [b186946b-7cb1-405f-b9a6-a6ba9d2e3b50@group-85A672ED5058:LeaderElection77] INFO  impl.RaftServerImpl (RaftServerImpl.java:setRole(174)) - b186946b-7cb1-405f-b9a6-a6ba9d2e3b50@group-85A672ED5058: changes role from CANDIDATE to FOLLOWER at term 4 for DISCOVERED_A_NEW_TERM
2019-09-19 10:45:07,246 [e9a757c7-3ca5-4a60-905c-412e8bb9c2fd@group-85A672ED5058:LeaderElection79] INFO  impl.RaftServerImpl (RaftServerImpl.java:setRole(174)) - e9a757c7-3ca5-4a60-905c-412e8bb9c2fd@group-85A672ED5058: changes role from CANDIDATE to FOLLOWER at term 4 for DISCOVERED_A_NEW_TERM
2019-09-19 10:45:07,247 [b186946b-7cb1-405f-b9a6-a6ba9d2e3b50@group-85A672ED5058:LeaderElection77] INFO  impl.RoleInfo (RoleInfo.java:shutdownLeaderElection(134)) - b186946b-7cb1-405f-b9a6-a6ba9d2e3b50: shutdown LeaderElection
2019-09-19 10:45:07,248 [e9a757c7-3ca5-4a60-905c-412e8bb9c2fd@group-85A672ED5058:LeaderElection79] INFO  impl.RoleInfo (RoleInfo.java:shutdownLeaderElection(134)) - e9a757c7-3ca5-4a60-905c-412e8bb9c2fd: shutdown LeaderElection
2019-09-19 10:45:07,248 [b186946b-7cb1-405f-b9a6-a6ba9d2e3b50@group-85A672ED5058:LeaderElection77] INFO  impl.RoleInfo (RoleInfo.java:updateAndGet(143)) - b186946b-7cb1-405f-b9a6-a6ba9d2e3b50: start FollowerState
2019-09-19 10:45:07,248 [e9a757c7-3ca5-4a60-905c-412e8bb9c2fd@group-85A672ED5058:LeaderElection79] INFO  impl.RoleInfo (RoleInfo.java:updateAndGet(143)) - e9a757c7-3ca5-4a60-905c-412e8bb9c2fd: start FollowerState
2019-09-19 10:45:07,249 [e89641c2-7ef1-4436-991e-ef84ba028339@group-85A672ED5058:LeaderElection78] INFO  impl.LeaderElection (LeaderElection.java:logAndReturn(56)) - e89641c2-7ef1-4436-991e-ef84ba028339@group-85A672ED5058:LeaderElection78: Election REJECTED; received 2 response(s) [e89641c2-7ef1-4436-991e-ef84ba028339<-b186946b-7cb1-405f-b9a6-a6ba9d2e3b50#0:FAIL-t4, e89641c2-7ef1-4436-991e-ef84ba028339<-e9a757c7-3ca5-4a60-905c-412e8bb9c2fd#0:FAIL-t4] and 0 exception(s); e89641c2-7ef1-4436-991e-ef84ba028339@group-85A672ED5058:t4, leader=null, voted=e89641c2-7ef1-4436-991e-ef84ba028339, raftlog=e89641c2-7ef1-4436-991e-ef84ba028339@group-85A672ED5058-SegmentedRaftLog:OPENED:c-1,f-1,i0, conf=-1: [b186946b-7cb1-405f-b9a6-a6ba9d2e3b50:192.168.5.171:45263, e89641c2-7ef1-4436-991e-ef84ba028339:192.168.5.171:43968, e9a757c7-3ca5-4a60-905c-412e8bb9c2fd:192.168.5.171:37071], old=null
2019-09-19 10:45:07,249 [e89641c2-7ef1-4436-991e-ef84ba028339@group-85A672ED5058:LeaderElection78] INFO  impl.RaftServerImpl (RaftServerImpl.java:setRole(174)) - e89641c2-7ef1-4436-991e-ef84ba028339@group-85A672ED5058: changes role from CANDIDATE to FOLLOWER at term 4 for DISCOVERED_A_NEW_TERM
2019-09-19 10:45:07,249 [e89641c2-7ef1-4436-991e-ef84ba028339@group-85A672ED5058:LeaderElection78] INFO  impl.RoleInfo (RoleInfo.java:shutdownLeaderElection(134)) - e89641c2-7ef1-4436-991e-ef84ba028339: shutdown LeaderElection
2019-09-19 10:45:07,250 [e89641c2-7ef1-4436-991e-ef84ba028339@group-85A672ED5058:LeaderElection78] INFO  impl.RoleInfo (RoleInfo.java:updateAndGet(143)) - e89641c2-7ef1-4436-991e-ef84ba028339: start FollowerState
2019-09-19 10:45:12,309 [Thread-932] INFO  impl.FollowerState (FollowerState.java:run(106)) - e9a757c7-3ca5-4a60-905c-412e8bb9c2fd:group-85A672ED5058 changes to CANDIDATE, lastRpcTime:5060, electionTimeout:5060ms
2019-09-19 10:45:12,311 [Thread-932] INFO  impl.RoleInfo (RoleInfo.java:shutdownFollowerState(121)) - e9a757c7-3ca5-4a60-905c-412e8bb9c2fd: shutdown FollowerState
2019-09-19 10:45:12,311 [Thread-932] INFO  impl.RaftServerImpl (RaftServerImpl.java:setRole(174)) - e9a757c7-3ca5-4a60-905c-412e8bb9c2fd@group-85A672ED5058: changes role from  FOLLOWER to CANDIDATE at term 4 for changeToCandidate
2019-09-19 10:45:12,312 [Thread-932] INFO  impl.RoleInfo (RoleInfo.java:updateAndGet(143)) - e9a757c7-3ca5-4a60-905c-412e8bb9c2fd: start LeaderElection
2019-09-19 10:45:12,385 [Thread-933] INFO  impl.FollowerState (FollowerState.java:run(106)) - e89641c2-7ef1-4436-991e-ef84ba028339:group-85A672ED5058 changes to CANDIDATE, lastRpcTime:5135, electionTimeout:5135ms
2019-09-19 10:45:12,385 [Thread-933] INFO  impl.RoleInfo (RoleInfo.java:shutdownFollowerState(121)) - e89641c2-7ef1-4436-991e-ef84ba028339: shutdown FollowerState
2019-09-19 10:45:12,385 [Thread-933] INFO  impl.RaftServerImpl (RaftServerImpl.java:setRole(174)) - e89641c2-7ef1-4436-991e-ef84ba028339@group-85A672ED5058: changes role from  FOLLOWER to CANDIDATE at term 4 for changeToCandidate
2019-09-19 10:45:12,385 [Thread-933] INFO  impl.RoleInfo (RoleInfo.java:updateAndGet(143)) - e89641c2-7ef1-4436-991e-ef84ba028339: start LeaderElection
2019-09-19 10:45:12,414 [Thread-931] INFO  impl.FollowerState (FollowerState.java:run(106)) - b186946b-7cb1-405f-b9a6-a6ba9d2e3b50:group-85A672ED5058 changes to CANDIDATE, lastRpcTime:5165, electionTimeout:5165ms
2019-09-19 10:45:12,414 [Thread-931] INFO  impl.RoleInfo (RoleInfo.java:shutdownFollowerState(121)) - b186946b-7cb1-405f-b9a6-a6ba9d2e3b50: shutdown FollowerState
2019-09-19 10:45:12,414 [Thread-931] INFO  impl.RaftServerImpl (RaftServerImpl.java:setRole(174)) - b186946b-7cb1-405f-b9a6-a6ba9d2e3b50@group-85A672ED5058: changes role from  FOLLOWER to CANDIDATE at term 4 for changeToCandidate
2019-09-19 10:45:12,414 [Thread-931] INFO  impl.RoleInfo (RoleInfo.java:updateAndGet(143)) - b186946b-7cb1-405f-b9a6-a6ba9d2e3b50: start LeaderElection
2019-09-19 10:45:12,756 [e9a757c7-3ca5-4a60-905c-412e8bb9c2fd@group-85A672ED5058:LeaderElection80] INFO  impl.LeaderElection (LeaderElection.java:askForVotes(182)) - e9a757c7-3ca5-4a60-905c-412e8bb9c2fd@group-85A672ED5058:LeaderElection80: begin an election at term 5 for -1: [b186946b-7cb1-405f-b9a6-a6ba9d2e3b50:192.168.5.171:45263, e89641c2-7ef1-4436-991e-ef84ba028339:192.168.5.171:43968, e9a757c7-3ca5-4a60-905c-412e8bb9c2fd:192.168.5.171:37071], old=null
2019-09-19 10:45:12,756 [e89641c2-7ef1-4436-991e-ef84ba028339@group-85A672ED5058:LeaderElection81] INFO  impl.LeaderElection (LeaderElection.java:askForVotes(182)) - e89641c2-7ef1-4436-991e-ef84ba028339@group-85A672ED5058:LeaderElection81: begin an election at term 5 for -1: [b186946b-7cb1-405f-b9a6-a6ba9d2e3b50:192.168.5.171:45263, e89641c2-7ef1-4436-991e-ef84ba028339:192.168.5.171:43968, e9a757c7-3ca5-4a60-905c-412e8bb9c2fd:192.168.5.171:37071], old=null
2019-09-19 10:45:12,756 [b186946b-7cb1-405f-b9a6-a6ba9d2e3b50@group-85A672ED5058:LeaderElection82] INFO  impl.LeaderElection (LeaderElection.java:askForVotes(182)) - b186946b-7cb1-405f-b9a6-a6ba9d2e3b50@group-85A672ED5058:LeaderElection82: begin an election at term 5 for -1: [b186946b-7cb1-405f-b9a6-a6ba9d2e3b50:192.168.5.171:45263, e89641c2-7ef1-4436-991e-ef84ba028339:192.168.5.171:43968, e9a757c7-3ca5-4a60-905c-412e8bb9c2fd:192.168.5.171:37071], old=null
2019-09-19 10:45:12,764 [e89641c2-7ef1-4436-991e-ef84ba028339@group-85A672ED5058:LeaderElection81] INFO  impl.LeaderElection (LeaderElection.java:logAndReturn(56)) - e89641c2-7ef1-4436-991e-ef84ba028339@group-85A672ED5058:LeaderElection81: Election REJECTED; received 2 response(s) [e89641c2-7ef1-4436-991e-ef84ba028339<-b186946b-7cb1-405f-b9a6-a6ba9d2e3b50#0:FAIL-t5, e89641c2-7ef1-4436-991e-ef84ba028339<-e9a757c7-3ca5-4a60-905c-412e8bb9c2fd#0:FAIL-t5] and 0 exception(s); e89641c2-7ef1-4436-991e-ef84ba028339@group-85A672ED5058:t5, leader=null, voted=e89641c2-7ef1-4436-991e-ef84ba028339, raftlog=e89641c2-7ef1-4436-991e-ef84ba028339@group-85A672ED5058-SegmentedRaftLog:OPENED:c-1,f-1,i0, conf=-1: [b186946b-7cb1-405f-b9a6-a6ba9d2e3b50:192.168.5.171:45263, e89641c2-7ef1-4436-991e-ef84ba028339:192.168.5.171:43968, e9a757c7-3ca5-4a60-905c-412e8bb9c2fd:192.168.5.171:37071], old=null
2019-09-19 10:45:12,764 [b186946b-7cb1-405f-b9a6-a6ba9d2e3b50@group-85A672ED5058:LeaderElection82] INFO  impl.LeaderElection (LeaderElection.java:logAndReturn(56)) - b186946b-7cb1-405f-b9a6-a6ba9d2e3b50@group-85A672ED5058:LeaderElection82: Election REJECTED; received 2 response(s) [b186946b-7cb1-405f-b9a6-a6ba9d2e3b50<-e89641c2-7ef1-4436-991e-ef84ba028339#0:FAIL-t5, b186946b-7cb1-405f-b9a6-a6ba9d2e3b50<-e9a757c7-3ca5-4a60-905c-412e8bb9c2fd#0:FAIL-t5] and 0 exception(s); b186946b-7cb1-405f-b9a6-a6ba9d2e3b50@group-85A672ED5058:t5, leader=null, voted=b186946b-7cb1-405f-b9a6-a6ba9d2e3b50, raftlog=b186946b-7cb1-405f-b9a6-a6ba9d2e3b50@group-85A672ED5058-SegmentedRaftLog:OPENED:c-1,f-1,i0, conf=-1: [b186946b-7cb1-405f-b9a6-a6ba9d2e3b50:192.168.5.171:45263, e89641c2-7ef1-4436-991e-ef84ba028339:192.168.5.171:43968, e9a757c7-3ca5-4a60-905c-412e8bb9c2fd:192.168.5.171:37071], old=null
2019-09-19 10:45:12,764 [e89641c2-7ef1-4436-991e-ef84ba028339@group-85A672ED5058:LeaderElection81] INFO  impl.RaftServerImpl (RaftServerImpl.java:setRole(174)) - e89641c2-7ef1-4436-991e-ef84ba028339@group-85A672ED5058: changes role from CANDIDATE to FOLLOWER at term 5 for DISCOVERED_A_NEW_TERM
2019-09-19 10:45:12,767 [b186946b-7cb1-405f-b9a6-a6ba9d2e3b50@group-85A672ED5058:LeaderElection82] INFO  impl.RaftServerImpl (RaftServerImpl.java:setRole(174)) - b186946b-7cb1-405f-b9a6-a6ba9d2e3b50@group-85A672ED5058: changes role from CANDIDATE to FOLLOWER at term 5 for DISCOVERED_A_NEW_TERM
2019-09-19 10:45:12,767 [e89641c2-7ef1-4436-991e-ef84ba028339@group-85A672ED5058:LeaderElection81] INFO  impl.RoleInfo (RoleInfo.java:shutdownLeaderElection(134)) - e89641c2-7ef1-4436-991e-ef84ba028339: shutdown LeaderElection
2019-09-19 10:45:12,769 [b186946b-7cb1-405f-b9a6-a6ba9d2e3b50@group-85A672ED5058:LeaderElection82] INFO  impl.RoleInfo (RoleInfo.java:shutdownLeaderElection(134)) - b186946b-7cb1-405f-b9a6-a6ba9d2e3b50: shutdown LeaderElection
2019-09-19 10:45:12,769 [e89641c2-7ef1-4436-991e-ef84ba028339@group-85A672ED5058:LeaderElection81] INFO  impl.RoleInfo (RoleInfo.java:updateAndGet(143)) - e89641c2-7ef1-4436-991e-ef84ba028339: start FollowerState
2019-09-19 10:45:12,769 [b186946b-7cb1-405f-b9a6-a6ba9d2e3b50@group-85A672ED5058:LeaderElection82] INFO  impl.RoleInfo (RoleInfo.java:updateAndGet(143)) - b186946b-7cb1-405f-b9a6-a6ba9d2e3b50: start FollowerState
2019-09-19 10:45:12,771 [e9a757c7-3ca5-4a60-905c-412e8bb9c2fd@group-85A672ED5058:LeaderElection80] INFO  impl.LeaderElection (LeaderElection.java:logAndReturn(56)) - e9a757c7-3ca5-4a60-905c-412e8bb9c2fd@group-85A672ED5058:LeaderElection80: Election REJECTED; received 2 response(s) [e9a757c7-3ca5-4a60-905c-412e8bb9c2fd<-b186946b-7cb1-405f-b9a6-a6ba9d2e3b50#0:FAIL-t5, e9a757c7-3ca5-4a60-905c-412e8bb9c2fd<-e89641c2-7ef1-4436-991e-ef84ba028339#0:FAIL-t5] and 0 exception(s); e9a757c7-3ca5-4a60-905c-412e8bb9c2fd@group-85A672ED5058:t5, leader=null, voted=e9a757c7-3ca5-4a60-905c-412e8bb9c2fd, raftlog=e9a757c7-3ca5-4a60-905c-412e8bb9c2fd@group-85A672ED5058-SegmentedRaftLog:OPENED:c-1,f-1,i0, conf=-1: [b186946b-7cb1-405f-b9a6-a6ba9d2e3b50:192.168.5.171:45263, e89641c2-7ef1-4436-991e-ef84ba028339:192.168.5.171:43968, e9a757c7-3ca5-4a60-905c-412e8bb9c2fd:192.168.5.171:37071], old=null
2019-09-19 10:45:12,771 [e9a757c7-3ca5-4a60-905c-412e8bb9c2fd@group-85A672ED5058:LeaderElection80] INFO  impl.RaftServerImpl (RaftServerImpl.java:setRole(174)) - e9a757c7-3ca5-4a60-905c-412e8bb9c2fd@group-85A672ED5058: changes role from CANDIDATE to FOLLOWER at term 5 for DISCOVERED_A_NEW_TERM
2019-09-19 10:45:12,771 [e9a757c7-3ca5-4a60-905c-412e8bb9c2fd@group-85A672ED5058:LeaderElection80] INFO  impl.RoleInfo (RoleInfo.java:shutdownLeaderElection(134)) - e9a757c7-3ca5-4a60-905c-412e8bb9c2fd: shutdown LeaderElection
2019-09-19 10:45:12,771 [e9a757c7-3ca5-4a60-905c-412e8bb9c2fd@group-85A672ED5058:LeaderElection80] INFO  impl.RoleInfo (RoleInfo.java:updateAndGet(143)) - e9a757c7-3ca5-4a60-905c-412e8bb9c2fd: start FollowerState
2019-09-19 10:45:17,822 [Thread-960] INFO  impl.FollowerState (FollowerState.java:run(106)) - e9a757c7-3ca5-4a60-905c-412e8bb9c2fd:group-85A672ED5058 changes to CANDIDATE, lastRpcTime:5050, electionTimeout:5050ms
2019-09-19 10:45:17,824 [Thread-960] INFO  impl.RoleInfo (RoleInfo.java:shutdownFollowerState(121)) - e9a757c7-3ca5-4a60-905c-412e8bb9c2fd: shutdown FollowerState
2019-09-19 10:45:17,824 [Thread-960] INFO  impl.RaftServerImpl (RaftServerImpl.java:setRole(174)) - e9a757c7-3ca5-4a60-905c-412e8bb9c2fd@group-85A672ED5058: changes role from  FOLLOWER to CANDIDATE at term 5 for changeToCandidate
2019-09-19 10:45:17,825 [Thread-960] INFO  impl.RoleInfo (RoleInfo.java:updateAndGet(143)) - e9a757c7-3ca5-4a60-905c-412e8bb9c2fd: start LeaderElection
2019-09-19 10:45:17,930 [Thread-959] INFO  impl.FollowerState (FollowerState.java:run(106)) - b186946b-7cb1-405f-b9a6-a6ba9d2e3b50:group-85A672ED5058 changes to CANDIDATE, lastRpcTime:5160, electionTimeout:5160ms
2019-09-19 10:45:17,931 [Thread-959] INFO  impl.RoleInfo (RoleInfo.java:shutdownFollowerState(121)) - b186946b-7cb1-405f-b9a6-a6ba9d2e3b50: shutdown FollowerState
2019-09-19 10:45:17,931 [Thread-959] INFO  impl.RaftServerImpl (RaftServerImpl.java:setRole(174)) - b186946b-7cb1-405f-b9a6-a6ba9d2e3b50@group-85A672ED5058: changes role from  FOLLOWER to CANDIDATE at term 5 for changeToCandidate
2019-09-19 10:45:17,932 [Thread-959] INFO  impl.RoleInfo (RoleInfo.java:updateAndGet(143)) - b186946b-7cb1-405f-b9a6-a6ba9d2e3b50: start LeaderElection
2019-09-19 10:45:17,946 [Thread-958] INFO  impl.FollowerState (FollowerState.java:run(106)) - e89641c2-7ef1-4436-991e-ef84ba028339:group-85A672ED5058 changes to CANDIDATE, lastRpcTime:5176, electionTimeout:5176ms
2019-09-19 10:45:17,946 [Thread-958] INFO  impl.RoleInfo (RoleInfo.java:shutdownFollowerState(121)) - e89641c2-7ef1-4436-991e-ef84ba028339: shutdown FollowerState
2019-09-19 10:45:17,946 [Thread-958] INFO  impl.RaftServerImpl (RaftServerImpl.java:setRole(174)) - e89641c2-7ef1-4436-991e-ef84ba028339@group-85A672ED5058: changes role from  FOLLOWER to CANDIDATE at term 5 for changeToCandidate
2019-09-19 10:45:17,947 [Thread-958] INFO  impl.RoleInfo (RoleInfo.java:updateAndGet(143)) - e89641c2-7ef1-4436-991e-ef84ba028339: start LeaderElection
2019-09-19 10:45:18,312 [b186946b-7cb1-405f-b9a6-a6ba9d2e3b50@group-85A672ED5058:LeaderElection84] INFO  impl.LeaderElection (LeaderElection.java:askForVotes(182)) - b186946b-7cb1-405f-b9a6-a6ba9d2e3b50@group-85A672ED5058:LeaderElection84: begin an election at term 6 for -1: [b186946b-7cb1-405f-b9a6-a6ba9d2e3b50:192.168.5.171:45263, e89641c2-7ef1-4436-991e-ef84ba028339:192.168.5.171:43968, e9a757c7-3ca5-4a60-905c-412e8bb9c2fd:192.168.5.171:37071], old=null
2019-09-19 10:45:18,312 [e89641c2-7ef1-4436-991e-ef84ba028339@group-85A672ED5058:LeaderElection85] INFO  impl.LeaderElection (LeaderElection.java:askForVotes(182)) - e89641c2-7ef1-4436-991e-ef84ba028339@group-85A672ED5058:LeaderElection85: begin an election at term 6 for -1: [b186946b-7cb1-405f-b9a6-a6ba9d2e3b50:192.168.5.171:45263, e89641c2-7ef1-4436-991e-ef84ba028339:192.168.5.171:43968, e9a757c7-3ca5-4a60-905c-412e8bb9c2fd:192.168.5.171:37071], old=null
2019-09-19 10:45:18,312 [e9a757c7-3ca5-4a60-905c-412e8bb9c2fd@group-85A672ED5058:LeaderElection83] INFO  impl.LeaderElection (LeaderElection.java:askForVotes(182)) - e9a757c7-3ca5-4a60-905c-412e8bb9c2fd@group-85A672ED5058:LeaderElection83: begin an election at term 6 for -1: [b186946b-7cb1-405f-b9a6-a6ba9d2e3b50:192.168.5.171:45263, e89641c2-7ef1-4436-991e-ef84ba028339:192.168.5.171:43968, e9a757c7-3ca5-4a60-905c-412e8bb9c2fd:192.168.5.171:37071], old=null
2019-09-19 10:45:18,318 [b186946b-7cb1-405f-b9a6-a6ba9d2e3b50@group-85A672ED5058:LeaderElection84] INFO  impl.LeaderElection (LeaderElection.java:logAndReturn(56)) - b186946b-7cb1-405f-b9a6-a6ba9d2e3b50@group-85A672ED5058:LeaderElection84: Election REJECTED; received 2 response(s) [b186946b-7cb1-405f-b9a6-a6ba9d2e3b50<-e89641c2-7ef1-4436-991e-ef84ba028339#0:FAIL-t6, b186946b-7cb1-405f-b9a6-a6ba9d2e3b50<-e9a757c7-3ca5-4a60-905c-412e8bb9c2fd#0:FAIL-t6] and 0 exception(s); b186946b-7cb1-405f-b9a6-a6ba9d2e3b50@group-85A672ED5058:t6, leader=null, voted=b186946b-7cb1-405f-b9a6-a6ba9d2e3b50, raftlog=b186946b-7cb1-405f-b9a6-a6ba9d2e3b50@group-85A672ED5058-SegmentedRaftLog:OPENED:c-1,f-1,i0, conf=-1: [b186946b-7cb1-405f-b9a6-a6ba9d2e3b50:192.168.5.171:45263, e89641c2-7ef1-4436-991e-ef84ba028339:192.168.5.171:43968, e9a757c7-3ca5-4a60-905c-412e8bb9c2fd:192.168.5.171:37071], old=null
2019-09-19 10:45:18,318 [e9a757c7-3ca5-4a60-905c-412e8bb9c2fd@group-85A672ED5058:LeaderElection83] INFO  impl.LeaderElection (LeaderElection.java:logAndReturn(56)) - e9a757c7-3ca5-4a60-905c-412e8bb9c2fd@group-85A672ED5058:LeaderElection83: Election REJECTED; received 2 response(s) [e9a757c7-3ca5-4a60-905c-412e8bb9c2fd<-e89641c2-7ef1-4436-991e-ef84ba028339#0:FAIL-t6, e9a757c7-3ca5-4a60-905c-412e8bb9c2fd<-b186946b-7cb1-405f-b9a6-a6ba9d2e3b50#0:FAIL-t6] and 0 exception(s); e9a757c7-3ca5-4a60-905c-412e8bb9c2fd@group-85A672ED5058:t6, leader=null, voted=e9a757c7-3ca5-4a60-905c-412e8bb9c2fd, raftlog=e9a757c7-3ca5-4a60-905c-412e8bb9c2fd@group-85A672ED5058-SegmentedRaftLog:OPENED:c-1,f-1,i0, conf=-1: [b186946b-7cb1-405f-b9a6-a6ba9d2e3b50:192.168.5.171:45263, e89641c2-7ef1-4436-991e-ef84ba028339:192.168.5.171:43968, e9a757c7-3ca5-4a60-905c-412e8bb9c2fd:192.168.5.171:37071], old=null
2019-09-19 10:45:18,318 [b186946b-7cb1-405f-b9a6-a6ba9d2e3b50@group-85A672ED5058:LeaderElection84] INFO  impl.RaftServerImpl (RaftServerImpl.java:setRole(174)) - b186946b-7cb1-405f-b9a6-a6ba9d2e3b50@group-85A672ED5058: changes role from CANDIDATE to FOLLOWER at term 6 for DISCOVERED_A_NEW_TERM
2019-09-19 10:45:18,321 [e89641c2-7ef1-4436-991e-ef84ba028339@group-85A672ED5058:LeaderElection85] INFO  impl.LeaderElection (LeaderElection.java:logAndReturn(56)) - e89641c2-7ef1-4436-991e-ef84ba028339@group-85A672ED5058:LeaderElection85: Election REJECTED; received 2 response(s) [e89641c2-7ef1-4436-991e-ef84ba028339<-b186946b-7cb1-405f-b9a6-a6ba9d2e3b50#0:FAIL-t6, e89641c2-7ef1-4436-991e-ef84ba028339<-e9a757c7-3ca5-4a60-905c-412e8bb9c2fd#0:FAIL-t6] and 0 exception(s); e89641c2-7ef1-4436-991e-ef84ba028339@group-85A672ED5058:t6, leader=null, voted=e89641c2-7ef1-4436-991e-ef84ba028339, raftlog=e89641c2-7ef1-4436-991e-ef84ba028339@group-85A672ED5058-SegmentedRaftLog:OPENED:c-1,f-1,i0, conf=-1: [b186946b-7cb1-405f-b9a6-a6ba9d2e3b50:192.168.5.171:45263, e89641c2-7ef1-4436-991e-ef84ba028339:192.168.5.171:43968, e9a757c7-3ca5-4a60-905c-412e8bb9c2fd:192.168.5.171:37071], old=null
2019-09-19 10:45:18,323 [e9a757c7-3ca5-4a60-905c-412e8bb9c2fd@group-85A672ED5058:LeaderElection83] INFO  impl.RaftServerImpl (RaftServerImpl.java:setRole(174)) - e9a757c7-3ca5-4a60-905c-412e8bb9c2fd@group-85A672ED5058: changes role from CANDIDATE to FOLLOWER at term 6 for DISCOVERED_A_NEW_TERM
2019-09-19 10:45:18,321 [b186946b-7cb1-405f-b9a6-a6ba9d2e3b50@group-85A672ED5058:LeaderElection84] INFO  impl.RoleInfo (RoleInfo.java:shutdownLeaderElection(134)) - b186946b-7cb1-405f-b9a6-a6ba9d2e3b50: shutdown LeaderElection
2019-09-19 10:45:18,323 [e9a757c7-3ca5-4a60-905c-412e8bb9c2fd@group-85A672ED5058:LeaderElection83] INFO  impl.RoleInfo (RoleInfo.java:shutdownLeaderElection(134)) - e9a757c7-3ca5-4a60-905c-412e8bb9c2fd: shutdown LeaderElection
2019-09-19 10:45:18,323 [e89641c2-7ef1-4436-991e-ef84ba028339@group-85A672ED5058:LeaderElection85] INFO  impl.RaftServerImpl (RaftServerImpl.java:setRole(174)) - e89641c2-7ef1-4436-991e-ef84ba028339@group-85A672ED5058: changes role from CANDIDATE to FOLLOWER at term 6 for DISCOVERED_A_NEW_TERM
2019-09-19 10:45:18,325 [e9a757c7-3ca5-4a60-905c-412e8bb9c2fd@group-85A672ED5058:LeaderElection83] INFO  impl.RoleInfo (RoleInfo.java:updateAndGet(143)) - e9a757c7-3ca5-4a60-905c-412e8bb9c2fd: start FollowerState
2019-09-19 10:45:18,325 [b186946b-7cb1-405f-b9a6-a6ba9d2e3b50@group-85A672ED5058:LeaderElection84] INFO  impl.RoleInfo (RoleInfo.java:updateAndGet(143)) - b186946b-7cb1-405f-b9a6-a6ba9d2e3b50: start FollowerState
2019-09-19 10:45:18,325 [e89641c2-7ef1-4436-991e-ef84ba028339@group-85A672ED5058:LeaderElection85] INFO  impl.RoleInfo (RoleInfo.java:shutdownLeaderElection(134)) - e89641c2-7ef1-4436-991e-ef84ba028339: shutdown LeaderElection
2019-09-19 10:45:18,326 [e89641c2-7ef1-4436-991e-ef84ba028339@group-85A672ED5058:LeaderElection85] INFO  impl.RoleInfo (RoleInfo.java:updateAndGet(143)) - e89641c2-7ef1-4436-991e-ef84ba028339: start FollowerState
2019-09-19 10:45:23,351 [Thread-988] INFO  impl.FollowerState (FollowerState.java:run(106)) - e9a757c7-3ca5-4a60-905c-412e8bb9c2fd:group-85A672ED5058 changes to CANDIDATE, lastRpcTime:5025, electionTimeout:5025ms
2019-09-19 10:45:23,352 [Thread-988] INFO  impl.RoleInfo (RoleInfo.java:shutdownFollowerState(121)) - e9a757c7-3ca5-4a60-905c-412e8bb9c2fd: shutdown FollowerState
2019-09-19 10:45:23,352 [Thread-988] INFO  impl.RaftServerImpl (RaftServerImpl.java:setRole(174)) - e9a757c7-3ca5-4a60-905c-412e8bb9c2fd@group-85A672ED5058: changes role from  FOLLOWER to CANDIDATE at term 6 for changeToCandidate
2019-09-19 10:45:23,352 [Thread-988] INFO  impl.RoleInfo (RoleInfo.java:updateAndGet(143)) - e9a757c7-3ca5-4a60-905c-412e8bb9c2fd: start LeaderElection
2019-09-19 10:45:23,494 [Thread-989] INFO  impl.FollowerState (FollowerState.java:run(106)) - e89641c2-7ef1-4436-991e-ef84ba028339:group-85A672ED5058 changes to CANDIDATE, lastRpcTime:5168, electionTimeout:5168ms
2019-09-19 10:45:23,495 [Thread-989] INFO  impl.RoleInfo (RoleInfo.java:shutdownFollowerState(121)) - e89641c2-7ef1-4436-991e-ef84ba028339: shutdown FollowerState
2019-09-19 10:45:23,495 [Thread-989] INFO  impl.RaftServerImpl (RaftServerImpl.java:setRole(174)) - e89641c2-7ef1-4436-991e-ef84ba028339@group-85A672ED5058: changes role from  FOLLOWER to CANDIDATE at term 6 for changeToCandidate
2019-09-19 10:45:23,495 [Thread-989] INFO  impl.RoleInfo (RoleInfo.java:updateAndGet(143)) - e89641c2-7ef1-4436-991e-ef84ba028339: start LeaderElection
2019-09-19 10:45:23,522 [Thread-987] INFO  impl.FollowerState (FollowerState.java:run(106)) - b186946b-7cb1-405f-b9a6-a6ba9d2e3b50:group-85A672ED5058 changes to CANDIDATE, lastRpcTime:5197, electionTimeout:5196ms
2019-09-19 10:45:23,522 [Thread-987] INFO  impl.RoleInfo (RoleInfo.java:shutdownFollowerState(121)) - b186946b-7cb1-405f-b9a6-a6ba9d2e3b50: shutdown FollowerState
2019-09-19 10:45:23,522 [Thread-987] INFO  impl.RaftServerImpl (RaftServerImpl.java:setRole(174)) - b186946b-7cb1-405f-b9a6-a6ba9d2e3b50@group-85A672ED5058: changes role from  FOLLOWER to CANDIDATE at term 6 for changeToCandidate
2019-09-19 10:45:23,522 [Thread-987] INFO  impl.RoleInfo (RoleInfo.java:updateAndGet(143)) - b186946b-7cb1-405f-b9a6-a6ba9d2e3b50: start LeaderElection
2019-09-19 10:45:25,202 [e89641c2-7ef1-4436-991e-ef84ba028339@group-85A672ED5058:LeaderElection87] INFO  impl.LeaderElection (LeaderElection.java:askForVotes(182)) - e89641c2-7ef1-4436-991e-ef84ba028339@group-85A672ED5058:LeaderElection87: begin an election at term 7 for -1: [b186946b-7cb1-405f-b9a6-a6ba9d2e3b50:192.168.5.171:45263, e89641c2-7ef1-4436-991e-ef84ba028339:192.168.5.171:43968, e9a757c7-3ca5-4a60-905c-412e8bb9c2fd:192.168.5.171:37071], old=null
2019-09-19 10:45:25,202 [e9a757c7-3ca5-4a60-905c-412e8bb9c2fd@group-85A672ED5058:LeaderElection86] INFO  impl.LeaderElection (LeaderElection.java:askForVotes(182)) - e9a757c7-3ca5-4a60-905c-412e8bb9c2fd@group-85A672ED5058:LeaderElection86: begin an election at term 7 for -1: [b186946b-7cb1-405f-b9a6-a6ba9d2e3b50:192.168.5.171:45263, e89641c2-7ef1-4436-991e-ef84ba028339:192.168.5.171:43968, e9a757c7-3ca5-4a60-905c-412e8bb9c2fd:192.168.5.171:37071], old=null
2019-09-19 10:45:25,202 [b186946b-7cb1-405f-b9a6-a6ba9d2e3b50@group-85A672ED5058:LeaderElection88] INFO  impl.LeaderElection (LeaderElection.java:askForVotes(182)) - b186946b-7cb1-405f-b9a6-a6ba9d2e3b50@group-85A672ED5058:LeaderElection88: begin an election at term 7 for -1: [b186946b-7cb1-405f-b9a6-a6ba9d2e3b50:192.168.5.171:45263, e89641c2-7ef1-4436-991e-ef84ba028339:192.168.5.171:43968, e9a757c7-3ca5-4a60-905c-412e8bb9c2fd:192.168.5.171:37071], old=null
2019-09-19 10:45:25,208 [e9a757c7-3ca5-4a60-905c-412e8bb9c2fd@group-85A672ED5058:LeaderElection86] INFO  impl.LeaderElection (LeaderElection.java:logAndReturn(56)) - e9a757c7-3ca5-4a60-905c-412e8bb9c2fd@group-85A672ED5058:LeaderElection86: Election REJECTED; received 2 response(s) [e9a757c7-3ca5-4a60-905c-412e8bb9c2fd<-e89641c2-7ef1-4436-991e-ef84ba028339#0:FAIL-t7, e9a757c7-3ca5-4a60-905c-412e8bb9c2fd<-b186946b-7cb1-405f-b9a6-a6ba9d2e3b50#0:FAIL-t7] and 0 exception(s); e9a757c7-3ca5-4a60-905c-412e8bb9c2fd@group-85A672ED5058:t7, leader=null, voted=e9a757c7-3ca5-4a60-905c-412e8bb9c2fd, raftlog=e9a757c7-3ca5-4a60-905c-412e8bb9c2fd@group-85A672ED5058-SegmentedRaftLog:OPENED:c-1,f-1,i0, conf=-1: [b186946b-7cb1-405f-b9a6-a6ba9d2e3b50:192.168.5.171:45263, e89641c2-7ef1-4436-991e-ef84ba028339:192.168.5.171:43968, e9a757c7-3ca5-4a60-905c-412e8bb9c2fd:192.168.5.171:37071], old=null
2019-09-19 10:45:25,208 [e9a757c7-3ca5-4a60-905c-412e8bb9c2fd@group-85A672ED5058:LeaderElection86] INFO  impl.RaftServerImpl (RaftServerImpl.java:setRole(174)) - e9a757c7-3ca5-4a60-905c-412e8bb9c2fd@group-85A672ED5058: changes role from CANDIDATE to FOLLOWER at term 7 for DISCOVERED_A_NEW_TERM
2019-09-19 10:45:25,209 [e9a757c7-3ca5-4a60-905c-412e8bb9c2fd@group-85A672ED5058:LeaderElection86] INFO  impl.RoleInfo (RoleInfo.java:shutdownLeaderElection(134)) - e9a757c7-3ca5-4a60-905c-412e8bb9c2fd: shutdown LeaderElection
2019-09-19 10:45:25,209 [e9a757c7-3ca5-4a60-905c-412e8bb9c2fd@group-85A672ED5058:LeaderElection86] INFO  impl.RoleInfo (RoleInfo.java:updateAndGet(143)) - e9a757c7-3ca5-4a60-905c-412e8bb9c2fd: start FollowerState
2019-09-19 10:45:25,210 [e89641c2-7ef1-4436-991e-ef84ba028339@group-85A672ED5058:LeaderElection87] INFO  impl.LeaderElection (LeaderElection.java:logAndReturn(56)) - e89641c2-7ef1-4436-991e-ef84ba028339@group-85A672ED5058:LeaderElection87: Election REJECTED; received 2 response(s) [e89641c2-7ef1-4436-991e-ef84ba028339<-b186946b-7cb1-405f-b9a6-a6ba9d2e3b50#0:FAIL-t7, e89641c2-7ef1-4436-991e-ef84ba028339<-e9a757c7-3ca5-4a60-905c-412e8bb9c2fd#0:FAIL-t7] and 0 exception(s); e89641c2-7ef1-4436-991e-ef84ba028339@group-85A672ED5058:t7, leader=null, voted=e89641c2-7ef1-4436-991e-ef84ba028339, raftlog=e89641c2-7ef1-4436-991e-ef84ba028339@group-85A672ED5058-SegmentedRaftLog:OPENED:c-1,f-1,i0, conf=-1: [b186946b-7cb1-405f-b9a6-a6ba9d2e3b50:192.168.5.171:45263, e89641c2-7ef1-4436-991e-ef84ba028339:192.168.5.171:43968, e9a757c7-3ca5-4a60-905c-412e8bb9c2fd:192.168.5.171:37071], old=null
2019-09-19 10:45:25,210 [b186946b-7cb1-405f-b9a6-a6ba9d2e3b50@group-85A672ED5058:LeaderElection88] INFO  impl.LeaderElection (LeaderElection.java:logAndReturn(56)) - b186946b-7cb1-405f-b9a6-a6ba9d2e3b50@group-85A672ED5058:LeaderElection88: Election REJECTED; received 2 response(s) [b186946b-7cb1-405f-b9a6-a6ba9d2e3b50<-e89641c2-7ef1-4436-991e-ef84ba028339#0:FAIL-t7, b186946b-7cb1-405f-b9a6-a6ba9d2e3b50<-e9a757c7-3ca5-4a60-905c-412e8bb9c2fd#0:FAIL-t7] and 0 exception(s); b186946b-7cb1-405f-b9a6-a6ba9d2e3b50@group-85A672ED5058:t7, leader=null, voted=b186946b-7cb1-405f-b9a6-a6ba9d2e3b50, raftlog=b186946b-7cb1-405f-b9a6-a6ba9d2e3b50@group-85A672ED5058-SegmentedRaftLog:OPENED:c-1,f-1,i0, conf=-1: [b186946b-7cb1-405f-b9a6-a6ba9d2e3b50:192.168.5.171:45263, e89641c2-7ef1-4436-991e-ef84ba028339:192.168.5.171:43968, e9a757c7-3ca5-4a60-905c-412e8bb9c2fd:192.168.5.171:37071], old=null
2019-09-19 10:45:25,216 [e89641c2-7ef1-4436-991e-ef84ba028339@group-85A672ED5058:LeaderElection87] INFO  impl.RaftServerImpl (RaftServerImpl.java:setRole(174)) - e89641c2-7ef1-4436-991e-ef84ba028339@group-85A672ED5058: changes role from CANDIDATE to FOLLOWER at term 7 for DISCOVERED_A_NEW_TERM
2019-09-19 10:45:25,218 [b186946b-7cb1-405f-b9a6-a6ba9d2e3b50@group-85A672ED5058:LeaderElection88] INFO  impl.RaftServerImpl (RaftServerImpl.java:setRole(174)) - b186946b-7cb1-405f-b9a6-a6ba9d2e3b50@group-85A672ED5058: changes role from CANDIDATE to FOLLOWER at term 7 for DISCOVERED_A_NEW_TERM
2019-09-19 10:45:25,218 [e89641c2-7ef1-4436-991e-ef84ba028339@group-85A672ED5058:LeaderElection87] INFO  impl.RoleInfo (RoleInfo.java:shutdownLeaderElection(134)) - e89641c2-7ef1-4436-991e-ef84ba028339: shutdown LeaderElection
2019-09-19 10:45:25,220 [b186946b-7cb1-405f-b9a6-a6ba9d2e3b50@group-85A672ED5058:LeaderElection88] INFO  impl.RoleInfo (RoleInfo.java:shutdownLeaderElection(134)) - b186946b-7cb1-405f-b9a6-a6ba9d2e3b50: shutdown LeaderElection
2019-09-19 10:45:25,220 [e89641c2-7ef1-4436-991e-ef84ba028339@group-85A672ED5058:LeaderElection87] INFO  impl.RoleInfo (RoleInfo.java:updateAndGet(143)) - e89641c2-7ef1-4436-991e-ef84ba028339: start FollowerState
2019-09-19 10:45:25,220 [b186946b-7cb1-405f-b9a6-a6ba9d2e3b50@group-85A672ED5058:LeaderElection88] INFO  impl.RoleInfo (RoleInfo.java:updateAndGet(143)) - b186946b-7cb1-405f-b9a6-a6ba9d2e3b50: start FollowerState
2019-09-19 10:45:30,279 [Thread-1025] INFO  impl.FollowerState (FollowerState.java:run(106)) - b186946b-7cb1-405f-b9a6-a6ba9d2e3b50:group-85A672ED5058 changes to CANDIDATE, lastRpcTime:5058, electionTimeout:5058ms
2019-09-19 10:45:30,280 [Thread-1025] INFO  impl.RoleInfo (RoleInfo.java:shutdownFollowerState(121)) - b186946b-7cb1-405f-b9a6-a6ba9d2e3b50: shutdown FollowerState
2019-09-19 10:45:30,280 [Thread-1025] INFO  impl.RaftServerImpl (RaftServerImpl.java:setRole(174)) - b186946b-7cb1-405f-b9a6-a6ba9d2e3b50@group-85A672ED5058: changes role from  FOLLOWER to CANDIDATE at term 7 for changeToCandidate
2019-09-19 10:45:30,281 [Thread-1025] INFO  impl.RoleInfo (RoleInfo.java:updateAndGet(143)) - b186946b-7cb1-405f-b9a6-a6ba9d2e3b50: start LeaderElection
2019-09-19 10:45:30,297 [Thread-1024] INFO  impl.FollowerState (FollowerState.java:run(106)) - e89641c2-7ef1-4436-991e-ef84ba028339:group-85A672ED5058 changes to CANDIDATE, lastRpcTime:5076, electionTimeout:5076ms
2019-09-19 10:45:30,297 [Thread-1024] INFO  impl.RoleInfo (RoleInfo.java:shutdownFollowerState(121)) - e89641c2-7ef1-4436-991e-ef84ba028339: shutdown FollowerState
2019-09-19 10:45:30,297 [Thread-1024] INFO  impl.RaftServerImpl (RaftServerImpl.java:setRole(174)) - e89641c2-7ef1-4436-991e-ef84ba028339@group-85A672ED5058: changes role from  FOLLOWER to CANDIDATE at term 7 for changeToCandidate
2019-09-19 10:45:30,297 [Thread-1024] INFO  impl.RoleInfo (RoleInfo.java:updateAndGet(143)) - e89641c2-7ef1-4436-991e-ef84ba028339: start LeaderElection
2019-09-19 10:45:30,343 [Thread-1023] INFO  impl.FollowerState (FollowerState.java:run(106)) - e9a757c7-3ca5-4a60-905c-412e8bb9c2fd:group-85A672ED5058 changes to CANDIDATE, lastRpcTime:5134, electionTimeout:5134ms
2019-09-19 10:45:30,344 [Thread-1023] INFO  impl.RoleInfo (RoleInfo.java:shutdownFollowerState(121)) - e9a757c7-3ca5-4a60-905c-412e8bb9c2fd: shutdown FollowerState
2019-09-19 10:45:30,344 [Thread-1023] INFO  impl.RaftServerImpl (RaftServerImpl.java:setRole(174)) - e9a757c7-3ca5-4a60-905c-412e8bb9c2fd@group-85A672ED5058: changes role from  FOLLOWER to CANDIDATE at term 7 for changeToCandidate
2019-09-19 10:45:30,344 [Thread-1023] INFO  impl.RoleInfo (RoleInfo.java:updateAndGet(143)) - e9a757c7-3ca5-4a60-905c-412e8bb9c2fd: start LeaderElection
2019-09-19 10:45:30,919 [e89641c2-7ef1-4436-991e-ef84ba028339@group-85A672ED5058:LeaderElection90] INFO  impl.LeaderElection (LeaderElection.java:askForVotes(182)) - e89641c2-7ef1-4436-991e-ef84ba028339@group-85A672ED5058:LeaderElection90: begin an election at term 8 for -1: [b186946b-7cb1-405f-b9a6-a6ba9d2e3b50:192.168.5.171:45263, e89641c2-7ef1-4436-991e-ef84ba028339:192.168.5.171:43968, e9a757c7-3ca5-4a60-905c-412e8bb9c2fd:192.168.5.171:37071], old=null
2019-09-19 10:45:30,919 [e9a757c7-3ca5-4a60-905c-412e8bb9c2fd@group-85A672ED5058:LeaderElection91] INFO  impl.LeaderElection (LeaderElection.java:askForVotes(182)) - e9a757c7-3ca5-4a60-905c-412e8bb9c2fd@group-85A672ED5058:LeaderElection91: begin an election at term 8 for -1: [b186946b-7cb1-405f-b9a6-a6ba9d2e3b50:192.168.5.171:45263, e89641c2-7ef1-4436-991e-ef84ba028339:192.168.5.171:43968, e9a757c7-3ca5-4a60-905c-412e8bb9c2fd:192.168.5.171:37071], old=null
2019-09-19 10:45:30,919 [b186946b-7cb1-405f-b9a6-a6ba9d2e3b50@group-85A672ED5058:LeaderElection89] INFO  impl.LeaderElection (LeaderElection.java:askForVotes(182)) - b186946b-7cb1-405f-b9a6-a6ba9d2e3b50@group-85A672ED5058:LeaderElection89: begin an election at term 8 for -1: [b186946b-7cb1-405f-b9a6-a6ba9d2e3b50:192.168.5.171:45263, e89641c2-7ef1-4436-991e-ef84ba028339:192.168.5.171:43968, e9a757c7-3ca5-4a60-905c-412e8bb9c2fd:192.168.5.171:37071], old=null
2019-09-19 10:45:30,925 [e89641c2-7ef1-4436-991e-ef84ba028339@group-85A672ED5058:LeaderElection90] INFO  impl.LeaderElection (LeaderElection.java:logAndReturn(56)) - e89641c2-7ef1-4436-991e-ef84ba028339@group-85A672ED5058:LeaderElection90: Election REJECTED; received 2 response(s) [e89641c2-7ef1-4436-991e-ef84ba028339<-b186946b-7cb1-405f-b9a6-a6ba9d2e3b50#0:FAIL-t8, e89641c2-7ef1-4436-991e-ef84ba028339<-e9a757c7-3ca5-4a60-905c-412e8bb9c2fd#0:FAIL-t8] and 0 exception(s); e89641c2-7ef1-4436-991e-ef84ba028339@group-85A672ED5058:t8, leader=null, voted=e89641c2-7ef1-4436-991e-ef84ba028339, raftlog=e89641c2-7ef1-4436-991e-ef84ba028339@group-85A672ED5058-SegmentedRaftLog:OPENED:c-1,f-1,i0, conf=-1: [b186946b-7cb1-405f-b9a6-a6ba9d2e3b50:192.168.5.171:45263, e89641c2-7ef1-4436-991e-ef84ba028339:192.168.5.171:43968, e9a757c7-3ca5-4a60-905c-412e8bb9c2fd:192.168.5.171:37071], old=null
2019-09-19 10:45:30,925 [b186946b-7cb1-405f-b9a6-a6ba9d2e3b50@group-85A672ED5058:LeaderElection89] INFO  impl.LeaderElection (LeaderElection.java:logAndReturn(56)) - b186946b-7cb1-405f-b9a6-a6ba9d2e3b50@group-85A672ED5058:LeaderElection89: Election REJECTED; received 2 response(s) [b186946b-7cb1-405f-b9a6-a6ba9d2e3b50<-e89641c2-7ef1-4436-991e-ef84ba028339#0:FAIL-t8, b186946b-7cb1-405f-b9a6-a6ba9d2e3b50<-e9a757c7-3ca5-4a60-905c-412e8bb9c2fd#0:FAIL-t8] and 0 exception(s); b186946b-7cb1-405f-b9a6-a6ba9d2e3b50@group-85A672ED5058:t8, leader=null, voted=b186946b-7cb1-405f-b9a6-a6ba9d2e3b50, raftlog=b186946b-7cb1-405f-b9a6-a6ba9d2e3b50@group-85A672ED5058-SegmentedRaftLog:OPENED:c-1,f-1,i0, conf=-1: [b186946b-7cb1-405f-b9a6-a6ba9d2e3b50:192.168.5.171:45263, e89641c2-7ef1-4436-991e-ef84ba028339:192.168.5.171:43968, e9a757c7-3ca5-4a60-905c-412e8bb9c2fd:192.168.5.171:37071], old=null
2019-09-19 10:45:30,925 [e89641c2-7ef1-4436-991e-ef84ba028339@group-85A672ED5058:LeaderElection90] INFO  impl.RaftServerImpl (RaftServerImpl.java:setRole(174)) - e89641c2-7ef1-4436-991e-ef84ba028339@group-85A672ED5058: changes role from CANDIDATE to FOLLOWER at term 8 for DISCOVERED_A_NEW_TERM
2019-09-19 10:45:30,928 [e89641c2-7ef1-4436-991e-ef84ba028339@group-85A672ED5058:LeaderElection90] INFO  impl.RoleInfo (RoleInfo.java:shutdownLeaderElection(134)) - e89641c2-7ef1-4436-991e-ef84ba028339: shutdown LeaderElection
2019-09-19 10:45:30,928 [e89641c2-7ef1-4436-991e-ef84ba028339@group-85A672ED5058:LeaderElection90] INFO  impl.RoleInfo (RoleInfo.java:updateAndGet(143)) - e89641c2-7ef1-4436-991e-ef84ba028339: start FollowerState
2019-09-19 10:45:30,928 [b186946b-7cb1-405f-b9a6-a6ba9d2e3b50@group-85A672ED5058:LeaderElection89] INFO  impl.RaftServerImpl (RaftServerImpl.java:setRole(174)) - b186946b-7cb1-405f-b9a6-a6ba9d2e3b50@group-85A672ED5058: changes role from CANDIDATE to FOLLOWER at term 8 for DISCOVERED_A_NEW_TERM
2019-09-19 10:45:30,928 [e9a757c7-3ca5-4a60-905c-412e8bb9c2fd@group-85A672ED5058:LeaderElection91] INFO  impl.LeaderElection (LeaderElection.java:logAndReturn(56)) - e9a757c7-3ca5-4a60-905c-412e8bb9c2fd@group-85A672ED5058:LeaderElection91: Election REJECTED; received 2 response(s) [e9a757c7-3ca5-4a60-905c-412e8bb9c2fd<-e89641c2-7ef1-4436-991e-ef84ba028339#0:FAIL-t8, e9a757c7-3ca5-4a60-905c-412e8bb9c2fd<-b186946b-7cb1-405f-b9a6-a6ba9d2e3b50#0:FAIL-t8] and 0 exception(s); e9a757c7-3ca5-4a60-905c-412e8bb9c2fd@group-85A672ED5058:t8, leader=null, voted=e9a757c7-3ca5-4a60-905c-412e8bb9c2fd, raftlog=e9a757c7-3ca5-4a60-905c-412e8bb9c2fd@group-85A672ED5058-SegmentedRaftLog:OPENED:c-1,f-1,i0, conf=-1: [b186946b-7cb1-405f-b9a6-a6ba9d2e3b50:192.168.5.171:45263, e89641c2-7ef1-4436-991e-ef84ba028339:192.168.5.171:43968, e9a757c7-3ca5-4a60-905c-412e8bb9c2fd:192.168.5.171:37071], old=null
2019-09-19 10:45:30,930 [b186946b-7cb1-405f-b9a6-a6ba9d2e3b50@group-85A672ED5058:LeaderElection89] INFO  impl.RoleInfo (RoleInfo.java:shutdownLeaderElection(134)) - b186946b-7cb1-405f-b9a6-a6ba9d2e3b50: shutdown LeaderElection
2019-09-19 10:45:30,930 [e9a757c7-3ca5-4a60-905c-412e8bb9c2fd@group-85A672ED5058:LeaderElection91] INFO  impl.RaftServerImpl (RaftServerImpl.java:setRole(174)) - e9a757c7-3ca5-4a60-905c-412e8bb9c2fd@group-85A672ED5058: changes role from CANDIDATE to FOLLOWER at term 8 for DISCOVERED_A_NEW_TERM
2019-09-19 10:45:30,934 [e9a757c7-3ca5-4a60-905c-412e8bb9c2fd@group-85A672ED5058:LeaderElection91] INFO  impl.RoleInfo (RoleInfo.java:shutdownLeaderElection(134)) - e9a757c7-3ca5-4a60-905c-412e8bb9c2fd: shutdown LeaderElection
2019-09-19 10:45:30,934 [e9a757c7-3ca5-4a60-905c-412e8bb9c2fd@group-85A672ED5058:LeaderElection91] INFO  impl.RoleInfo (RoleInfo.java:updateAndGet(143)) - e9a757c7-3ca5-4a60-905c-412e8bb9c2fd: start FollowerState
2019-09-19 10:45:30,935 [b186946b-7cb1-405f-b9a6-a6ba9d2e3b50@group-85A672ED5058:LeaderElection89] INFO  impl.RoleInfo (RoleInfo.java:updateAndGet(143)) - b186946b-7cb1-405f-b9a6-a6ba9d2e3b50: start FollowerState
2019-09-19 10:45:33,653 [Thread-265] INFO  contract.ITestOzoneContractGetFileStatus (ITestOzoneContractGetFileStatus.java:teardown(57)) - FS details OzoneFileSystem{URI=o3fs://bucket12524.volume03933, workingDir=o3fs://bucket12524.volume03933/user/jenkins1000, userName=jenkins1000, statistics=0 bytes read, 1024 bytes written, 79 read ops, 0 large read ops, 26 write ops}
]]></system-out>
  </testcase>
  <testcase name="testListStatusFile" classname="org.apache.hadoop.fs.ozone.contract.ITestOzoneContractGetFileStatus" time="0.145"/>
  <testcase name="testListStatusNoDir" classname="org.apache.hadoop.fs.ozone.contract.ITestOzoneContractGetFileStatus" time="0.11"/>
  <testcase name="testListStatusFilteredNoDir" classname="org.apache.hadoop.fs.ozone.contract.ITestOzoneContractGetFileStatus" time="0.089"/>
  <testcase name="testListFilesFileRecursive" classname="org.apache.hadoop.fs.ozone.contract.ITestOzoneContractGetFileStatus" time="0.102"/>
  <testcase name="testLocatedStatusNoDir" classname="org.apache.hadoop.fs.ozone.contract.ITestOzoneContractGetFileStatus" time="0.076"/>
  <testcase name="testGetFileStatusNonexistentFile" classname="org.apache.hadoop.fs.ozone.contract.ITestOzoneContractGetFileStatus" time="0.089"/>
</testsuite>