<?xml version="1.0" encoding="UTF-8"?>
<testsuite xmlns:xsi="http://www.w3.org/2001/XMLSchema-instance" xsi:noNamespaceSchemaLocation="https://maven.apache.org/surefire/maven-surefire-plugin/xsd/surefire-test-report.xsd" name="org.apache.hadoop.fs.ozone.contract.ITestOzoneContractOpen" time="401.191" tests="6" errors="1" skipped="0" failures="0">
  <properties>
    <property name="awt.toolkit" value="sun.awt.X11.XToolkit"/>
    <property name="file.encoding.pkg" value="sun.io"/>
    <property name="java.specification.version" value="1.8"/>
    <property name="sun.cpu.isalist" value=""/>
    <property name="sun.jnu.encoding" value="UTF-8"/>
    <property name="java.class.path" value="/workdir/hadoop-ozone/ozonefs/target/test-classes:/workdir/hadoop-ozone/ozonefs/target/classes:/home/user/.m2/repository/org/apache/hadoop/hadoop-common/3.2.0/hadoop-common-3.2.0.jar:/home/user/.m2/repository/org/apache/hadoop/hadoop-annotations/3.2.0/hadoop-annotations-3.2.0.jar:/usr/lib/jvm/java-1.8-openjdk/jre/../lib/tools.jar:/home/user/.m2/repository/com/google/guava/guava/11.0.2/guava-11.0.2.jar:/home/user/.m2/repository/commons-cli/commons-cli/1.2/commons-cli-1.2.jar:/home/user/.m2/repository/org/apache/commons/commons-math3/3.1.1/commons-math3-3.1.1.jar:/home/user/.m2/repository/org/apache/httpcomponents/httpclient/4.5.2/httpclient-4.5.2.jar:/home/user/.m2/repository/org/apache/httpcomponents/httpcore/4.4.4/httpcore-4.4.4.jar:/home/user/.m2/repository/commons-codec/commons-codec/1.11/commons-codec-1.11.jar:/home/user/.m2/repository/commons-io/commons-io/2.5/commons-io-2.5.jar:/home/user/.m2/repository/commons-net/commons-net/3.6/commons-net-3.6.jar:/home/user/.m2/repository/commons-collections/commons-collections/3.2.2/commons-collections-3.2.2.jar:/home/user/.m2/repository/javax/servlet/javax.servlet-api/3.1.0/javax.servlet-api-3.1.0.jar:/home/user/.m2/repository/org/eclipse/jetty/jetty-server/9.3.24.v20180605/jetty-server-9.3.24.v20180605.jar:/home/user/.m2/repository/org/eclipse/jetty/jetty-http/9.3.24.v20180605/jetty-http-9.3.24.v20180605.jar:/home/user/.m2/repository/org/eclipse/jetty/jetty-io/9.3.24.v20180605/jetty-io-9.3.24.v20180605.jar:/home/user/.m2/repository/org/eclipse/jetty/jetty-util/9.3.24.v20180605/jetty-util-9.3.24.v20180605.jar:/home/user/.m2/repository/org/eclipse/jetty/jetty-servlet/9.3.24.v20180605/jetty-servlet-9.3.24.v20180605.jar:/home/user/.m2/repository/org/eclipse/jetty/jetty-security/9.3.24.v20180605/jetty-security-9.3.24.v20180605.jar:/home/user/.m2/repository/org/eclipse/jetty/jetty-webapp/9.3.24.v20180605/jetty-webapp-9.3.24.v20180605.jar:/home/user/.m2/repository/org/eclipse/jetty/jetty-xml/9.3.24.v20180605/jetty-xml-9.3.24.v20180605.jar:/home/user/.m2/repository/javax/servlet/jsp/jsp-api/2.1/jsp-api-2.1.jar:/home/user/.m2/repository/com/sun/jersey/jersey-core/1.19/jersey-core-1.19.jar:/home/user/.m2/repository/javax/ws/rs/jsr311-api/1.1.1/jsr311-api-1.1.1.jar:/home/user/.m2/repository/com/sun/jersey/jersey-servlet/1.19/jersey-servlet-1.19.jar:/home/user/.m2/repository/com/sun/jersey/jersey-json/1.19/jersey-json-1.19.jar:/home/user/.m2/repository/org/codehaus/jettison/jettison/1.1/jettison-1.1.jar:/home/user/.m2/repository/com/sun/xml/bind/jaxb-impl/2.3.0.1/jaxb-impl-2.3.0.1.jar:/home/user/.m2/repository/org/codehaus/jackson/jackson-core-asl/1.9.13/jackson-core-asl-1.9.13.jar:/home/user/.m2/repository/org/codehaus/jackson/jackson-mapper-asl/1.9.13/jackson-mapper-asl-1.9.13.jar:/home/user/.m2/repository/org/codehaus/jackson/jackson-jaxrs/1.9.13/jackson-jaxrs-1.9.13.jar:/home/user/.m2/repository/org/codehaus/jackson/jackson-xc/1.9.13/jackson-xc-1.9.13.jar:/home/user/.m2/repository/com/sun/jersey/jersey-server/1.19/jersey-server-1.19.jar:/home/user/.m2/repository/commons-logging/commons-logging/1.1.3/commons-logging-1.1.3.jar:/home/user/.m2/repository/log4j/log4j/1.2.17/log4j-1.2.17.jar:/home/user/.m2/repository/commons-beanutils/commons-beanutils/1.9.4/commons-beanutils-1.9.4.jar:/home/user/.m2/repository/org/apache/commons/commons-configuration2/2.1.1/commons-configuration2-2.1.1.jar:/home/user/.m2/repository/org/apache/commons/commons-lang3/3.7/commons-lang3-3.7.jar:/home/user/.m2/repository/org/apache/commons/commons-text/1.4/commons-text-1.4.jar:/home/user/.m2/repository/org/slf4j/slf4j-api/1.7.25/slf4j-api-1.7.25.jar:/home/user/.m2/repository/org/slf4j/slf4j-log4j12/1.7.25/slf4j-log4j12-1.7.25.jar:/home/user/.m2/repository/org/apache/avro/avro/1.7.7/avro-1.7.7.jar:/home/user/.m2/repository/com/thoughtworks/paranamer/paranamer/2.3/paranamer-2.3.jar:/home/user/.m2/repository/org/xerial/snappy/snappy-java/1.0.5/snappy-java-1.0.5.jar:/home/user/.m2/repository/com/google/re2j/re2j/1.1/re2j-1.1.jar:/home/user/.m2/repository/com/google/protobuf/protobuf-java/2.5.0/protobuf-java-2.5.0.jar:/home/user/.m2/repository/com/google/code/gson/gson/2.2.4/gson-2.2.4.jar:/home/user/.m2/repository/org/apache/hadoop/hadoop-auth/3.2.0/hadoop-auth-3.2.0.jar:/home/user/.m2/repository/com/nimbusds/nimbus-jose-jwt/4.41.1/nimbus-jose-jwt-4.41.1.jar:/home/user/.m2/repository/com/github/stephenc/jcip/jcip-annotations/1.0-1/jcip-annotations-1.0-1.jar:/home/user/.m2/repository/net/minidev/json-smart/2.3/json-smart-2.3.jar:/home/user/.m2/repository/net/minidev/accessors-smart/1.2/accessors-smart-1.2.jar:/home/user/.m2/repository/org/apache/curator/curator-framework/2.12.0/curator-framework-2.12.0.jar:/home/user/.m2/repository/com/jcraft/jsch/0.1.54/jsch-0.1.54.jar:/home/user/.m2/repository/org/apache/curator/curator-client/2.12.0/curator-client-2.12.0.jar:/home/user/.m2/repository/org/apache/curator/curator-recipes/2.12.0/curator-recipes-2.12.0.jar:/home/user/.m2/repository/com/google/code/findbugs/jsr305/3.0.0/jsr305-3.0.0.jar:/home/user/.m2/repository/org/apache/htrace/htrace-core4/4.1.0-incubating/htrace-core4-4.1.0-incubating.jar:/home/user/.m2/repository/org/apache/zookeeper/zookeeper/3.4.13/zookeeper-3.4.13.jar:/home/user/.m2/repository/org/apache/yetus/audience-annotations/0.5.0/audience-annotations-0.5.0.jar:/home/user/.m2/repository/org/apache/commons/commons-compress/1.4.1/commons-compress-1.4.1.jar:/home/user/.m2/repository/org/tukaani/xz/1.0/xz-1.0.jar:/home/user/.m2/repository/org/apache/kerby/kerb-simplekdc/1.0.1/kerb-simplekdc-1.0.1.jar:/home/user/.m2/repository/org/apache/kerby/kerb-client/1.0.1/kerb-client-1.0.1.jar:/home/user/.m2/repository/org/apache/kerby/kerby-config/1.0.1/kerby-config-1.0.1.jar:/home/user/.m2/repository/org/apache/kerby/kerb-core/1.0.1/kerb-core-1.0.1.jar:/home/user/.m2/repository/org/apache/kerby/kerby-pkix/1.0.1/kerby-pkix-1.0.1.jar:/home/user/.m2/repository/org/apache/kerby/kerby-asn1/1.0.1/kerby-asn1-1.0.1.jar:/home/user/.m2/repository/org/apache/kerby/kerby-util/1.0.1/kerby-util-1.0.1.jar:/home/user/.m2/repository/org/apache/kerby/kerb-common/1.0.1/kerb-common-1.0.1.jar:/home/user/.m2/repository/org/apache/kerby/kerb-crypto/1.0.1/kerb-crypto-1.0.1.jar:/home/user/.m2/repository/org/apache/kerby/kerb-util/1.0.1/kerb-util-1.0.1.jar:/home/user/.m2/repository/org/apache/kerby/token-provider/1.0.1/token-provider-1.0.1.jar:/home/user/.m2/repository/org/apache/kerby/kerb-admin/1.0.1/kerb-admin-1.0.1.jar:/home/user/.m2/repository/org/apache/kerby/kerb-server/1.0.1/kerb-server-1.0.1.jar:/home/user/.m2/repository/org/apache/kerby/kerb-identity/1.0.1/kerb-identity-1.0.1.jar:/home/user/.m2/repository/org/apache/kerby/kerby-xdr/1.0.1/kerby-xdr-1.0.1.jar:/home/user/.m2/repository/com/fasterxml/jackson/core/jackson-databind/2.9.9/jackson-databind-2.9.9.jar:/home/user/.m2/repository/com/fasterxml/jackson/core/jackson-annotations/2.9.9/jackson-annotations-2.9.9.jar:/home/user/.m2/repository/com/fasterxml/jackson/core/jackson-core/2.9.9/jackson-core-2.9.9.jar:/home/user/.m2/repository/org/codehaus/woodstox/stax2-api/3.1.4/stax2-api-3.1.4.jar:/home/user/.m2/repository/com/fasterxml/woodstox/woodstox-core/5.0.3/woodstox-core-5.0.3.jar:/home/user/.m2/repository/dnsjava/dnsjava/2.1.7/dnsjava-2.1.7.jar:/home/user/.m2/repository/org/apache/hadoop/hadoop-hdfs/3.2.0/hadoop-hdfs-3.2.0.jar:/home/user/.m2/repository/org/eclipse/jetty/jetty-util-ajax/9.3.24.v20180605/jetty-util-ajax-9.3.24.v20180605.jar:/home/user/.m2/repository/commons-daemon/commons-daemon/1.0.13/commons-daemon-1.0.13.jar:/home/user/.m2/repository/io/netty/netty/3.10.5.Final/netty-3.10.5.Final.jar:/home/user/.m2/repository/io/netty/netty-all/4.0.52.Final/netty-all-4.0.52.Final.jar:/home/user/.m2/repository/org/fusesource/leveldbjni/leveldbjni-all/1.8/leveldbjni-all-1.8.jar:/home/user/.m2/repository/org/apache/hadoop/hadoop-hdds-common/0.5.0-SNAPSHOT/hadoop-hdds-common-0.5.0-SNAPSHOT.jar:/home/user/.m2/repository/org/apache/hadoop/hadoop-hdds-config/0.5.0-SNAPSHOT/hadoop-hdds-config-0.5.0-SNAPSHOT.jar:/home/user/.m2/repository/javax/annotation/javax.annotation-api/1.2/javax.annotation-api-1.2.jar:/home/user/.m2/repository/org/apache/ratis/ratis-server/0.4.0-78e95b9-SNAPSHOT/ratis-server-0.4.0-78e95b9-SNAPSHOT.jar:/home/user/.m2/repository/org/apache/ratis/ratis-thirdparty-misc/0.2.0/ratis-thirdparty-misc-0.2.0.jar:/home/user/.m2/repository/org/apache/ratis/ratis-proto/0.4.0-78e95b9-SNAPSHOT/ratis-proto-0.4.0-78e95b9-SNAPSHOT.jar:/home/user/.m2/repository/org/apache/ratis/ratis-common/0.4.0-78e95b9-SNAPSHOT/ratis-common-0.4.0-78e95b9-SNAPSHOT.jar:/home/user/.m2/repository/org/apache/ratis/ratis-client/0.4.0-78e95b9-SNAPSHOT/ratis-client-0.4.0-78e95b9-SNAPSHOT.jar:/home/user/.m2/repository/org/apache/ratis/ratis-metrics/0.4.0-78e95b9-SNAPSHOT/ratis-metrics-0.4.0-78e95b9-SNAPSHOT.jar:/home/user/.m2/repository/com/github/joshelser/dropwizard-metrics-hadoop-metrics2-reporter/0.1.2/dropwizard-metrics-hadoop-metrics2-reporter-0.1.2.jar:/home/user/.m2/repository/io/dropwizard/metrics/metrics-jvm/3.2.5/metrics-jvm-3.2.5.jar:/home/user/.m2/repository/io/dropwizard/metrics/metrics-ganglia/3.2.5/metrics-ganglia-3.2.5.jar:/home/user/.m2/repository/info/ganglia/gmetric4j/gmetric4j/1.0.7/gmetric4j-1.0.7.jar:/home/user/.m2/repository/org/apache/ratis/ratis-netty/0.4.0-78e95b9-SNAPSHOT/ratis-netty-0.4.0-78e95b9-SNAPSHOT.jar:/home/user/.m2/repository/org/apache/ratis/ratis-grpc/0.4.0-78e95b9-SNAPSHOT/ratis-grpc-0.4.0-78e95b9-SNAPSHOT.jar:/home/user/.m2/repository/org/rocksdb/rocksdbjni/6.0.1/rocksdbjni-6.0.1.jar:/home/user/.m2/repository/org/apache/logging/log4j/log4j-api/2.11.0/log4j-api-2.11.0.jar:/home/user/.m2/repository/org/apache/logging/log4j/log4j-core/2.11.0/log4j-core-2.11.0.jar:/home/user/.m2/repository/com/lmax/disruptor/3.4.2/disruptor-3.4.2.jar:/home/user/.m2/repository/org/apache/commons/commons-pool2/2.6.0/commons-pool2-2.6.0.jar:/home/user/.m2/repository/org/bouncycastle/bcpkix-jdk15on/1.60/bcpkix-jdk15on-1.60.jar:/home/user/.m2/repository/commons-validator/commons-validator/1.6/commons-validator-1.6.jar:/home/user/.m2/repository/commons-digester/commons-digester/1.8.1/commons-digester-1.8.1.jar:/home/user/.m2/repository/io/jaegertracing/jaeger-client/0.33.1/jaeger-client-0.33.1.jar:/home/user/.m2/repository/io/jaegertracing/jaeger-thrift/0.33.1/jaeger-thrift-0.33.1.jar:/home/user/.m2/repository/org/apache/thrift/libthrift/0.11.0/libthrift-0.11.0.jar:/home/user/.m2/repository/com/squareup/okhttp3/okhttp/3.9.0/okhttp-3.9.0.jar:/home/user/.m2/repository/com/squareup/okio/okio/1.13.0/okio-1.13.0.jar:/home/user/.m2/repository/io/jaegertracing/jaeger-core/0.33.1/jaeger-core-0.33.1.jar:/home/user/.m2/repository/io/jaegertracing/jaeger-tracerresolver/0.33.1/jaeger-tracerresolver-0.33.1.jar:/home/user/.m2/repository/io/opentracing/contrib/opentracing-tracerresolver/0.1.5/opentracing-tracerresolver-0.1.5.jar:/home/user/.m2/repository/io/opentracing/opentracing-util/0.31.0/opentracing-util-0.31.0.jar:/home/user/.m2/repository/io/opentracing/opentracing-api/0.31.0/opentracing-api-0.31.0.jar:/home/user/.m2/repository/io/opentracing/opentracing-noop/0.31.0/opentracing-noop-0.31.0.jar:/home/user/.m2/repository/org/yaml/snakeyaml/1.16/snakeyaml-1.16.jar:/home/user/.m2/repository/org/apache/hadoop/hadoop-hdfs-client/3.2.0/hadoop-hdfs-client-3.2.0.jar:/home/user/.m2/repository/info/picocli/picocli/3.9.6/picocli-3.9.6.jar:/home/user/.m2/repository/org/apache/hadoop/hadoop-hdds-server-scm/0.5.0-SNAPSHOT/hadoop-hdds-server-scm-0.5.0-SNAPSHOT.jar:/home/user/.m2/repository/org/apache/hadoop/hadoop-hdds-docs/0.5.0-SNAPSHOT/hadoop-hdds-docs-0.5.0-SNAPSHOT.jar:/home/user/.m2/repository/io/dropwizard/metrics/metrics-core/3.2.4/metrics-core-3.2.4.jar:/home/user/.m2/repository/org/hamcrest/hamcrest-all/1.3/hamcrest-all-1.3.jar:/home/user/.m2/repository/org/bouncycastle/bcprov-jdk15on/1.60/bcprov-jdk15on-1.60.jar:/home/user/.m2/repository/org/apache/hadoop/hadoop-hdds-server-framework/0.5.0-SNAPSHOT/hadoop-hdds-server-framework-0.5.0-SNAPSHOT.jar:/home/user/.m2/repository/org/apache/hadoop/hadoop-ozone-ozone-manager/0.5.0-SNAPSHOT/hadoop-ozone-ozone-manager-0.5.0-SNAPSHOT.jar:/home/user/.m2/repository/org/apache/hadoop/hadoop-hdds-container-service/0.5.0-SNAPSHOT/hadoop-hdds-container-service-0.5.0-SNAPSHOT.jar:/home/user/.m2/repository/org/apache/hadoop/hadoop-hdds-client/0.5.0-SNAPSHOT/hadoop-hdds-client-0.5.0-SNAPSHOT.jar:/home/user/.m2/repository/org/apache/hadoop/hadoop-ozone-common/0.5.0-SNAPSHOT/hadoop-ozone-common-0.5.0-SNAPSHOT.jar:/home/user/.m2/repository/org/apache/hadoop/hadoop-hdds-tools/0.5.0-SNAPSHOT/hadoop-hdds-tools-0.5.0-SNAPSHOT.jar:/home/user/.m2/repository/org/xerial/sqlite-jdbc/3.25.2/sqlite-jdbc-3.25.2.jar:/home/user/.m2/repository/com/google/code/findbugs/findbugs/3.0.1/findbugs-3.0.1.jar:/home/user/.m2/repository/net/jcip/jcip-annotations/1.0/jcip-annotations-1.0.jar:/home/user/.m2/repository/com/google/code/findbugs/bcel-findbugs/6.0/bcel-findbugs-6.0.jar:/home/user/.m2/repository/com/google/code/findbugs/jFormatString/2.0.1/jFormatString-2.0.1.jar:/home/user/.m2/repository/dom4j/dom4j/1.6.1/dom4j-1.6.1.jar:/home/user/.m2/repository/xml-apis/xml-apis/1.0.b2/xml-apis-1.0.b2.jar:/home/user/.m2/repository/org/ow2/asm/asm-debug-all/5.0.2/asm-debug-all-5.0.2.jar:/home/user/.m2/repository/org/ow2/asm/asm-commons/5.0.2/asm-commons-5.0.2.jar:/home/user/.m2/repository/org/ow2/asm/asm-tree/5.0.2/asm-tree-5.0.2.jar:/home/user/.m2/repository/org/ow2/asm/asm/5.0.4/asm-5.0.4.jar:/home/user/.m2/repository/commons-lang/commons-lang/2.6/commons-lang-2.6.jar:/home/user/.m2/repository/com/apple/AppleJavaExtensions/1.4/AppleJavaExtensions-1.4.jar:/home/user/.m2/repository/jaxen/jaxen/1.1.6/jaxen-1.1.6.jar:/home/user/.m2/repository/org/apache/hadoop/hadoop-common/3.2.0/hadoop-common-3.2.0-tests.jar:/home/user/.m2/repository/org/apache/hadoop/hadoop-ozone-client/0.5.0-SNAPSHOT/hadoop-ozone-client-0.5.0-SNAPSHOT.jar:/home/user/.m2/repository/org/apache/hadoop/hadoop-hdfs/3.2.0/hadoop-hdfs-3.2.0-tests.jar:/workdir/hadoop-ozone/integration-test/target/test-classes:/home/user/.m2/repository/org/apache/hadoop/hadoop-ozone-s3gateway/0.5.0-SNAPSHOT/hadoop-ozone-s3gateway-0.5.0-SNAPSHOT.jar:/home/user/.m2/repository/org/jboss/weld/servlet/weld-servlet/2.4.7.Final/weld-servlet-2.4.7.Final.jar:/home/user/.m2/repository/org/glassfish/jersey/containers/jersey-container-servlet-core/2.27/jersey-container-servlet-core-2.27.jar:/home/user/.m2/repository/org/glassfish/hk2/external/javax.inject/2.5.0-b42/javax.inject-2.5.0-b42.jar:/home/user/.m2/repository/org/glassfish/jersey/core/jersey-common/2.27/jersey-common-2.27.jar:/home/user/.m2/repository/org/glassfish/hk2/osgi-resource-locator/1.0.1/osgi-resource-locator-1.0.1.jar:/home/user/.m2/repository/javax/ws/rs/javax.ws.rs-api/2.1/javax.ws.rs-api-2.1.jar:/home/user/.m2/repository/org/glassfish/jersey/ext/cdi/jersey-cdi1x/2.27/jersey-cdi1x-2.27.jar:/home/user/.m2/repository/org/glassfish/jersey/inject/jersey-hk2/2.27/jersey-hk2-2.27.jar:/home/user/.m2/repository/org/glassfish/hk2/hk2-locator/2.5.0-b42/hk2-locator-2.5.0-b42.jar:/home/user/.m2/repository/org/javassist/javassist/3.22.0-CR2/javassist-3.22.0-CR2.jar:/home/user/.m2/repository/org/glassfish/hk2/hk2-api/2.5.0/hk2-api-2.5.0.jar:/home/user/.m2/repository/org/glassfish/hk2/external/jakarta.inject/2.5.0/jakarta.inject-2.5.0.jar:/home/user/.m2/repository/org/glassfish/hk2/hk2-utils/2.5.0/hk2-utils-2.5.0.jar:/home/user/.m2/repository/jakarta/annotation/jakarta.annotation-api/1.3.4/jakarta.annotation-api-1.3.4.jar:/home/user/.m2/repository/org/glassfish/hk2/external/aopalliance-repackaged/2.5.0/aopalliance-repackaged-2.5.0.jar:/home/user/.m2/repository/com/fasterxml/jackson/dataformat/jackson-dataformat-xml/2.9.0/jackson-dataformat-xml-2.9.0.jar:/home/user/.m2/repository/com/fasterxml/jackson/module/jackson-module-jaxb-annotations/2.9.9/jackson-module-jaxb-annotations-2.9.9.jar:/home/user/.m2/repository/javax/enterprise/cdi-api/1.2/cdi-api-1.2.jar:/home/user/.m2/repository/javax/el/javax.el-api/3.0.0/javax.el-api-3.0.0.jar:/home/user/.m2/repository/javax/interceptor/javax.interceptor-api/1.2/javax.interceptor-api-1.2.jar:/home/user/.m2/repository/javax/inject/javax.inject/1/javax.inject-1.jar:/home/user/.m2/repository/com/sun/xml/bind/jaxb-core/2.3.0.1/jaxb-core-2.3.0.1.jar:/home/user/.m2/repository/javax/xml/bind/jaxb-api/2.3.0/jaxb-api-2.3.0.jar:/home/user/.m2/repository/javax/activation/activation/1.1.1/activation-1.1.1.jar:/home/user/.m2/repository/org/apache/hadoop/hadoop-ozone-csi/0.5.0-SNAPSHOT/hadoop-ozone-csi-0.5.0-SNAPSHOT.jar:/home/user/.m2/repository/com/google/protobuf/protobuf-java-util/3.5.1/protobuf-java-util-3.5.1.jar:/home/user/.m2/repository/io/grpc/grpc-netty/1.17.1/grpc-netty-1.17.1.jar:/home/user/.m2/repository/io/grpc/grpc-core/1.17.1/grpc-core-1.17.1.jar:/home/user/.m2/repository/io/grpc/grpc-context/1.17.1/grpc-context-1.17.1.jar:/home/user/.m2/repository/com/google/errorprone/error_prone_annotations/2.2.0/error_prone_annotations-2.2.0.jar:/home/user/.m2/repository/org/codehaus/mojo/animal-sniffer-annotations/1.17/animal-sniffer-annotations-1.17.jar:/home/user/.m2/repository/io/opencensus/opencensus-api/0.17.0/opencensus-api-0.17.0.jar:/home/user/.m2/repository/io/opencensus/opencensus-contrib-grpc-metrics/0.17.0/opencensus-contrib-grpc-metrics-0.17.0.jar:/home/user/.m2/repository/io/netty/netty-codec-http2/4.1.30.Final/netty-codec-http2-4.1.30.Final.jar:/home/user/.m2/repository/io/netty/netty-codec-http/4.1.30.Final/netty-codec-http-4.1.30.Final.jar:/home/user/.m2/repository/io/netty/netty-codec/4.1.30.Final/netty-codec-4.1.30.Final.jar:/home/user/.m2/repository/io/netty/netty-handler/4.1.30.Final/netty-handler-4.1.30.Final.jar:/home/user/.m2/repository/io/netty/netty-handler-proxy/4.1.30.Final/netty-handler-proxy-4.1.30.Final.jar:/home/user/.m2/repository/io/netty/netty-codec-socks/4.1.30.Final/netty-codec-socks-4.1.30.Final.jar:/home/user/.m2/repository/io/netty/netty-transport-native-epoll/4.1.30.Final/netty-transport-native-epoll-4.1.30.Final.jar:/home/user/.m2/repository/io/netty/netty-common/4.1.30.Final/netty-common-4.1.30.Final.jar:/home/user/.m2/repository/io/netty/netty-buffer/4.1.30.Final/netty-buffer-4.1.30.Final.jar:/home/user/.m2/repository/io/netty/netty-transport/4.1.30.Final/netty-transport-4.1.30.Final.jar:/home/user/.m2/repository/io/netty/netty-resolver/4.1.30.Final/netty-resolver-4.1.30.Final.jar:/home/user/.m2/repository/io/netty/netty-transport-native-unix-common/4.1.30.Final/netty-transport-native-unix-common-4.1.30.Final.jar:/home/user/.m2/repository/io/grpc/grpc-protobuf/1.17.1/grpc-protobuf-1.17.1.jar:/home/user/.m2/repository/com/google/api/grpc/proto-google-common-protos/1.0.0/proto-google-common-protos-1.0.0.jar:/home/user/.m2/repository/io/grpc/grpc-protobuf-lite/1.17.1/grpc-protobuf-lite-1.17.1.jar:/home/user/.m2/repository/io/grpc/grpc-stub/1.17.1/grpc-stub-1.17.1.jar:/home/user/.m2/repository/org/apache/hadoop/hadoop-ozone-recon/0.5.0-SNAPSHOT/hadoop-ozone-recon-0.5.0-SNAPSHOT.jar:/home/user/.m2/repository/org/apache/hadoop/hadoop-ozone-reconcodegen/0.5.0-SNAPSHOT/hadoop-ozone-reconcodegen-0.5.0-SNAPSHOT.jar:/home/user/.m2/repository/com/google/inject/extensions/guice-multibindings/4.0/guice-multibindings-4.0.jar:/home/user/.m2/repository/com/google/inject/guice/4.0/guice-4.0.jar:/home/user/.m2/repository/aopalliance/aopalliance/1.0/aopalliance-1.0.jar:/home/user/.m2/repository/org/glassfish/jersey/containers/jersey-container-servlet/2.27/jersey-container-servlet-2.27.jar:/home/user/.m2/repository/org/glassfish/hk2/guice-bridge/2.5.0/guice-bridge-2.5.0.jar:/home/user/.m2/repository/org/glassfish/jersey/core/jersey-server/2.27/jersey-server-2.27.jar:/home/user/.m2/repository/org/glassfish/jersey/core/jersey-client/2.27/jersey-client-2.27.jar:/home/user/.m2/repository/org/glassfish/jersey/media/jersey-media-jaxb/2.27/jersey-media-jaxb-2.27.jar:/home/user/.m2/repository/javax/validation/validation-api/1.1.0.Final/validation-api-1.1.0.Final.jar:/home/user/.m2/repository/org/glassfish/jersey/media/jersey-media-json-jackson/2.27/jersey-media-json-jackson-2.27.jar:/home/user/.m2/repository/org/glassfish/jersey/ext/jersey-entity-filtering/2.27/jersey-entity-filtering-2.27.jar:/home/user/.m2/repository/com/google/inject/extensions/guice-assistedinject/4.0/guice-assistedinject-4.0.jar:/home/user/.m2/repository/org/jooq/jooq/3.11.10/jooq-3.11.10.jar:/home/user/.m2/repository/org/jooq/jooq-meta/3.11.10/jooq-meta-3.11.10.jar:/home/user/.m2/repository/org/jooq/jooq-codegen/3.11.10/jooq-codegen-3.11.10.jar:/home/user/.m2/repository/com/jolbox/bonecp/0.8.0.RELEASE/bonecp-0.8.0.RELEASE.jar:/home/user/.m2/repository/org/springframework/spring-jdbc/5.1.3.RELEASE/spring-jdbc-5.1.3.RELEASE.jar:/home/user/.m2/repository/org/springframework/spring-beans/5.1.3.RELEASE/spring-beans-5.1.3.RELEASE.jar:/home/user/.m2/repository/org/springframework/spring-core/5.1.3.RELEASE/spring-core-5.1.3.RELEASE.jar:/home/user/.m2/repository/org/springframework/spring-jcl/5.1.3.RELEASE/spring-jcl-5.1.3.RELEASE.jar:/home/user/.m2/repository/org/springframework/spring-tx/5.1.3.RELEASE/spring-tx-5.1.3.RELEASE.jar:/home/user/.m2/repository/org/mockito/mockito-all/1.10.19/mockito-all-1.10.19.jar:/home/user/.m2/repository/junit/junit/4.11/junit-4.11.jar:/home/user/.m2/repository/org/hamcrest/hamcrest-core/1.3/hamcrest-core-1.3.jar:/home/user/.m2/repository/org/apache/hadoop/hadoop-distcp/3.2.0/hadoop-distcp-3.2.0.jar:/home/user/.m2/repository/org/apache/hadoop/hadoop-distcp/3.2.0/hadoop-distcp-3.2.0-tests.jar:/home/user/.m2/repository/org/apache/hadoop/hadoop-mapreduce-client-jobclient/3.2.0/hadoop-mapreduce-client-jobclient-3.2.0.jar:/home/user/.m2/repository/org/apache/hadoop/hadoop-mapreduce-client-common/3.2.0/hadoop-mapreduce-client-common-3.2.0.jar:/home/user/.m2/repository/org/apache/hadoop/hadoop-yarn-common/3.2.0/hadoop-yarn-common-3.2.0.jar:/home/user/.m2/repository/org/apache/hadoop/hadoop-yarn-api/3.2.0/hadoop-yarn-api-3.2.0.jar:/home/user/.m2/repository/com/sun/jersey/jersey-client/1.19/jersey-client-1.19.jar:/home/user/.m2/repository/com/sun/jersey/contribs/jersey-guice/1.19/jersey-guice-1.19.jar:/home/user/.m2/repository/com/fasterxml/jackson/jaxrs/jackson-jaxrs-json-provider/2.9.9/jackson-jaxrs-json-provider-2.9.9.jar:/home/user/.m2/repository/com/fasterxml/jackson/jaxrs/jackson-jaxrs-base/2.9.9/jackson-jaxrs-base-2.9.9.jar:/home/user/.m2/repository/org/apache/hadoop/hadoop-yarn-client/3.2.0/hadoop-yarn-client-3.2.0.jar:/home/user/.m2/repository/org/apache/hadoop/hadoop-mapreduce-client-core/3.2.0/hadoop-mapreduce-client-core-3.2.0.jar:/home/user/.m2/repository/com/google/inject/extensions/guice-servlet/4.0/guice-servlet-4.0.jar:/home/user/.m2/repository/org/powermock/powermock-module-junit4/1.6.5/powermock-module-junit4-1.6.5.jar:/home/user/.m2/repository/org/powermock/powermock-module-junit4-common/1.6.5/powermock-module-junit4-common-1.6.5.jar:/home/user/.m2/repository/org/powermock/powermock-core/1.6.5/powermock-core-1.6.5.jar:/home/user/.m2/repository/org/powermock/powermock-reflect/1.6.5/powermock-reflect-1.6.5.jar:/home/user/.m2/repository/org/powermock/powermock-api-mockito/1.6.5/powermock-api-mockito-1.6.5.jar:/home/user/.m2/repository/org/mockito/mockito-core/1.10.19/mockito-core-1.10.19.jar:/home/user/.m2/repository/org/objenesis/objenesis/1.0/objenesis-1.0.jar:/home/user/.m2/repository/org/powermock/powermock-api-mockito-common/1.6.5/powermock-api-mockito-common-1.6.5.jar:/home/user/.m2/repository/org/powermock/powermock-api-support/1.6.5/powermock-api-support-1.6.5.jar:"/>
    <property name="java.vm.vendor" value="IcedTea"/>
    <property name="sun.arch.data.model" value="64"/>
    <property name="test.build.dir" value="/workdir/hadoop-ozone/ozonefs/target/test-dir"/>
    <property name="test.cache.data" value=""/>
    <property name="java.vendor.url" value="https://icedtea.classpath.org"/>
    <property name="user.timezone" value=""/>
    <property name="java.vm.specification.version" value="1.8"/>
    <property name="os.name" value="Linux"/>
    <property name="test.build.data" value="/workdir/hadoop-ozone/ozonefs/target/test-dir"/>
    <property name="user.country" value="US"/>
    <property name="sun.java.launcher" value="SUN_STANDARD"/>
    <property name="sun.boot.library.path" value="/usr/lib/jvm/java-1.8-openjdk/jre/lib/amd64"/>
    <property name="sun.java.command" value="/workdir/hadoop-ozone/ozonefs/target/surefire/surefirebooter8666059267943349634.jar /workdir/hadoop-ozone/ozonefs/target/surefire 2019-09-19T08-26-38_807-jvmRun1 surefire1569968146030053824tmp surefire_973528512976753758529tmp"/>
    <property name="test" value="!TestMiniChaosOzoneCluster"/>
    <property name="surefire.test.class.path" value="/workdir/hadoop-ozone/ozonefs/target/test-classes:/workdir/hadoop-ozone/ozonefs/target/classes:/home/user/.m2/repository/org/apache/hadoop/hadoop-common/3.2.0/hadoop-common-3.2.0.jar:/home/user/.m2/repository/org/apache/hadoop/hadoop-annotations/3.2.0/hadoop-annotations-3.2.0.jar:/usr/lib/jvm/java-1.8-openjdk/jre/../lib/tools.jar:/home/user/.m2/repository/com/google/guava/guava/11.0.2/guava-11.0.2.jar:/home/user/.m2/repository/commons-cli/commons-cli/1.2/commons-cli-1.2.jar:/home/user/.m2/repository/org/apache/commons/commons-math3/3.1.1/commons-math3-3.1.1.jar:/home/user/.m2/repository/org/apache/httpcomponents/httpclient/4.5.2/httpclient-4.5.2.jar:/home/user/.m2/repository/org/apache/httpcomponents/httpcore/4.4.4/httpcore-4.4.4.jar:/home/user/.m2/repository/commons-codec/commons-codec/1.11/commons-codec-1.11.jar:/home/user/.m2/repository/commons-io/commons-io/2.5/commons-io-2.5.jar:/home/user/.m2/repository/commons-net/commons-net/3.6/commons-net-3.6.jar:/home/user/.m2/repository/commons-collections/commons-collections/3.2.2/commons-collections-3.2.2.jar:/home/user/.m2/repository/javax/servlet/javax.servlet-api/3.1.0/javax.servlet-api-3.1.0.jar:/home/user/.m2/repository/org/eclipse/jetty/jetty-server/9.3.24.v20180605/jetty-server-9.3.24.v20180605.jar:/home/user/.m2/repository/org/eclipse/jetty/jetty-http/9.3.24.v20180605/jetty-http-9.3.24.v20180605.jar:/home/user/.m2/repository/org/eclipse/jetty/jetty-io/9.3.24.v20180605/jetty-io-9.3.24.v20180605.jar:/home/user/.m2/repository/org/eclipse/jetty/jetty-util/9.3.24.v20180605/jetty-util-9.3.24.v20180605.jar:/home/user/.m2/repository/org/eclipse/jetty/jetty-servlet/9.3.24.v20180605/jetty-servlet-9.3.24.v20180605.jar:/home/user/.m2/repository/org/eclipse/jetty/jetty-security/9.3.24.v20180605/jetty-security-9.3.24.v20180605.jar:/home/user/.m2/repository/org/eclipse/jetty/jetty-webapp/9.3.24.v20180605/jetty-webapp-9.3.24.v20180605.jar:/home/user/.m2/repository/org/eclipse/jetty/jetty-xml/9.3.24.v20180605/jetty-xml-9.3.24.v20180605.jar:/home/user/.m2/repository/javax/servlet/jsp/jsp-api/2.1/jsp-api-2.1.jar:/home/user/.m2/repository/com/sun/jersey/jersey-core/1.19/jersey-core-1.19.jar:/home/user/.m2/repository/javax/ws/rs/jsr311-api/1.1.1/jsr311-api-1.1.1.jar:/home/user/.m2/repository/com/sun/jersey/jersey-servlet/1.19/jersey-servlet-1.19.jar:/home/user/.m2/repository/com/sun/jersey/jersey-json/1.19/jersey-json-1.19.jar:/home/user/.m2/repository/org/codehaus/jettison/jettison/1.1/jettison-1.1.jar:/home/user/.m2/repository/com/sun/xml/bind/jaxb-impl/2.3.0.1/jaxb-impl-2.3.0.1.jar:/home/user/.m2/repository/org/codehaus/jackson/jackson-core-asl/1.9.13/jackson-core-asl-1.9.13.jar:/home/user/.m2/repository/org/codehaus/jackson/jackson-mapper-asl/1.9.13/jackson-mapper-asl-1.9.13.jar:/home/user/.m2/repository/org/codehaus/jackson/jackson-jaxrs/1.9.13/jackson-jaxrs-1.9.13.jar:/home/user/.m2/repository/org/codehaus/jackson/jackson-xc/1.9.13/jackson-xc-1.9.13.jar:/home/user/.m2/repository/com/sun/jersey/jersey-server/1.19/jersey-server-1.19.jar:/home/user/.m2/repository/commons-logging/commons-logging/1.1.3/commons-logging-1.1.3.jar:/home/user/.m2/repository/log4j/log4j/1.2.17/log4j-1.2.17.jar:/home/user/.m2/repository/commons-beanutils/commons-beanutils/1.9.4/commons-beanutils-1.9.4.jar:/home/user/.m2/repository/org/apache/commons/commons-configuration2/2.1.1/commons-configuration2-2.1.1.jar:/home/user/.m2/repository/org/apache/commons/commons-lang3/3.7/commons-lang3-3.7.jar:/home/user/.m2/repository/org/apache/commons/commons-text/1.4/commons-text-1.4.jar:/home/user/.m2/repository/org/slf4j/slf4j-api/1.7.25/slf4j-api-1.7.25.jar:/home/user/.m2/repository/org/slf4j/slf4j-log4j12/1.7.25/slf4j-log4j12-1.7.25.jar:/home/user/.m2/repository/org/apache/avro/avro/1.7.7/avro-1.7.7.jar:/home/user/.m2/repository/com/thoughtworks/paranamer/paranamer/2.3/paranamer-2.3.jar:/home/user/.m2/repository/org/xerial/snappy/snappy-java/1.0.5/snappy-java-1.0.5.jar:/home/user/.m2/repository/com/google/re2j/re2j/1.1/re2j-1.1.jar:/home/user/.m2/repository/com/google/protobuf/protobuf-java/2.5.0/protobuf-java-2.5.0.jar:/home/user/.m2/repository/com/google/code/gson/gson/2.2.4/gson-2.2.4.jar:/home/user/.m2/repository/org/apache/hadoop/hadoop-auth/3.2.0/hadoop-auth-3.2.0.jar:/home/user/.m2/repository/com/nimbusds/nimbus-jose-jwt/4.41.1/nimbus-jose-jwt-4.41.1.jar:/home/user/.m2/repository/com/github/stephenc/jcip/jcip-annotations/1.0-1/jcip-annotations-1.0-1.jar:/home/user/.m2/repository/net/minidev/json-smart/2.3/json-smart-2.3.jar:/home/user/.m2/repository/net/minidev/accessors-smart/1.2/accessors-smart-1.2.jar:/home/user/.m2/repository/org/apache/curator/curator-framework/2.12.0/curator-framework-2.12.0.jar:/home/user/.m2/repository/com/jcraft/jsch/0.1.54/jsch-0.1.54.jar:/home/user/.m2/repository/org/apache/curator/curator-client/2.12.0/curator-client-2.12.0.jar:/home/user/.m2/repository/org/apache/curator/curator-recipes/2.12.0/curator-recipes-2.12.0.jar:/home/user/.m2/repository/com/google/code/findbugs/jsr305/3.0.0/jsr305-3.0.0.jar:/home/user/.m2/repository/org/apache/htrace/htrace-core4/4.1.0-incubating/htrace-core4-4.1.0-incubating.jar:/home/user/.m2/repository/org/apache/zookeeper/zookeeper/3.4.13/zookeeper-3.4.13.jar:/home/user/.m2/repository/org/apache/yetus/audience-annotations/0.5.0/audience-annotations-0.5.0.jar:/home/user/.m2/repository/org/apache/commons/commons-compress/1.4.1/commons-compress-1.4.1.jar:/home/user/.m2/repository/org/tukaani/xz/1.0/xz-1.0.jar:/home/user/.m2/repository/org/apache/kerby/kerb-simplekdc/1.0.1/kerb-simplekdc-1.0.1.jar:/home/user/.m2/repository/org/apache/kerby/kerb-client/1.0.1/kerb-client-1.0.1.jar:/home/user/.m2/repository/org/apache/kerby/kerby-config/1.0.1/kerby-config-1.0.1.jar:/home/user/.m2/repository/org/apache/kerby/kerb-core/1.0.1/kerb-core-1.0.1.jar:/home/user/.m2/repository/org/apache/kerby/kerby-pkix/1.0.1/kerby-pkix-1.0.1.jar:/home/user/.m2/repository/org/apache/kerby/kerby-asn1/1.0.1/kerby-asn1-1.0.1.jar:/home/user/.m2/repository/org/apache/kerby/kerby-util/1.0.1/kerby-util-1.0.1.jar:/home/user/.m2/repository/org/apache/kerby/kerb-common/1.0.1/kerb-common-1.0.1.jar:/home/user/.m2/repository/org/apache/kerby/kerb-crypto/1.0.1/kerb-crypto-1.0.1.jar:/home/user/.m2/repository/org/apache/kerby/kerb-util/1.0.1/kerb-util-1.0.1.jar:/home/user/.m2/repository/org/apache/kerby/token-provider/1.0.1/token-provider-1.0.1.jar:/home/user/.m2/repository/org/apache/kerby/kerb-admin/1.0.1/kerb-admin-1.0.1.jar:/home/user/.m2/repository/org/apache/kerby/kerb-server/1.0.1/kerb-server-1.0.1.jar:/home/user/.m2/repository/org/apache/kerby/kerb-identity/1.0.1/kerb-identity-1.0.1.jar:/home/user/.m2/repository/org/apache/kerby/kerby-xdr/1.0.1/kerby-xdr-1.0.1.jar:/home/user/.m2/repository/com/fasterxml/jackson/core/jackson-databind/2.9.9/jackson-databind-2.9.9.jar:/home/user/.m2/repository/com/fasterxml/jackson/core/jackson-annotations/2.9.9/jackson-annotations-2.9.9.jar:/home/user/.m2/repository/com/fasterxml/jackson/core/jackson-core/2.9.9/jackson-core-2.9.9.jar:/home/user/.m2/repository/org/codehaus/woodstox/stax2-api/3.1.4/stax2-api-3.1.4.jar:/home/user/.m2/repository/com/fasterxml/woodstox/woodstox-core/5.0.3/woodstox-core-5.0.3.jar:/home/user/.m2/repository/dnsjava/dnsjava/2.1.7/dnsjava-2.1.7.jar:/home/user/.m2/repository/org/apache/hadoop/hadoop-hdfs/3.2.0/hadoop-hdfs-3.2.0.jar:/home/user/.m2/repository/org/eclipse/jetty/jetty-util-ajax/9.3.24.v20180605/jetty-util-ajax-9.3.24.v20180605.jar:/home/user/.m2/repository/commons-daemon/commons-daemon/1.0.13/commons-daemon-1.0.13.jar:/home/user/.m2/repository/io/netty/netty/3.10.5.Final/netty-3.10.5.Final.jar:/home/user/.m2/repository/io/netty/netty-all/4.0.52.Final/netty-all-4.0.52.Final.jar:/home/user/.m2/repository/org/fusesource/leveldbjni/leveldbjni-all/1.8/leveldbjni-all-1.8.jar:/home/user/.m2/repository/org/apache/hadoop/hadoop-hdds-common/0.5.0-SNAPSHOT/hadoop-hdds-common-0.5.0-SNAPSHOT.jar:/home/user/.m2/repository/org/apache/hadoop/hadoop-hdds-config/0.5.0-SNAPSHOT/hadoop-hdds-config-0.5.0-SNAPSHOT.jar:/home/user/.m2/repository/javax/annotation/javax.annotation-api/1.2/javax.annotation-api-1.2.jar:/home/user/.m2/repository/org/apache/ratis/ratis-server/0.4.0-78e95b9-SNAPSHOT/ratis-server-0.4.0-78e95b9-SNAPSHOT.jar:/home/user/.m2/repository/org/apache/ratis/ratis-thirdparty-misc/0.2.0/ratis-thirdparty-misc-0.2.0.jar:/home/user/.m2/repository/org/apache/ratis/ratis-proto/0.4.0-78e95b9-SNAPSHOT/ratis-proto-0.4.0-78e95b9-SNAPSHOT.jar:/home/user/.m2/repository/org/apache/ratis/ratis-common/0.4.0-78e95b9-SNAPSHOT/ratis-common-0.4.0-78e95b9-SNAPSHOT.jar:/home/user/.m2/repository/org/apache/ratis/ratis-client/0.4.0-78e95b9-SNAPSHOT/ratis-client-0.4.0-78e95b9-SNAPSHOT.jar:/home/user/.m2/repository/org/apache/ratis/ratis-metrics/0.4.0-78e95b9-SNAPSHOT/ratis-metrics-0.4.0-78e95b9-SNAPSHOT.jar:/home/user/.m2/repository/com/github/joshelser/dropwizard-metrics-hadoop-metrics2-reporter/0.1.2/dropwizard-metrics-hadoop-metrics2-reporter-0.1.2.jar:/home/user/.m2/repository/io/dropwizard/metrics/metrics-jvm/3.2.5/metrics-jvm-3.2.5.jar:/home/user/.m2/repository/io/dropwizard/metrics/metrics-ganglia/3.2.5/metrics-ganglia-3.2.5.jar:/home/user/.m2/repository/info/ganglia/gmetric4j/gmetric4j/1.0.7/gmetric4j-1.0.7.jar:/home/user/.m2/repository/org/apache/ratis/ratis-netty/0.4.0-78e95b9-SNAPSHOT/ratis-netty-0.4.0-78e95b9-SNAPSHOT.jar:/home/user/.m2/repository/org/apache/ratis/ratis-grpc/0.4.0-78e95b9-SNAPSHOT/ratis-grpc-0.4.0-78e95b9-SNAPSHOT.jar:/home/user/.m2/repository/org/rocksdb/rocksdbjni/6.0.1/rocksdbjni-6.0.1.jar:/home/user/.m2/repository/org/apache/logging/log4j/log4j-api/2.11.0/log4j-api-2.11.0.jar:/home/user/.m2/repository/org/apache/logging/log4j/log4j-core/2.11.0/log4j-core-2.11.0.jar:/home/user/.m2/repository/com/lmax/disruptor/3.4.2/disruptor-3.4.2.jar:/home/user/.m2/repository/org/apache/commons/commons-pool2/2.6.0/commons-pool2-2.6.0.jar:/home/user/.m2/repository/org/bouncycastle/bcpkix-jdk15on/1.60/bcpkix-jdk15on-1.60.jar:/home/user/.m2/repository/commons-validator/commons-validator/1.6/commons-validator-1.6.jar:/home/user/.m2/repository/commons-digester/commons-digester/1.8.1/commons-digester-1.8.1.jar:/home/user/.m2/repository/io/jaegertracing/jaeger-client/0.33.1/jaeger-client-0.33.1.jar:/home/user/.m2/repository/io/jaegertracing/jaeger-thrift/0.33.1/jaeger-thrift-0.33.1.jar:/home/user/.m2/repository/org/apache/thrift/libthrift/0.11.0/libthrift-0.11.0.jar:/home/user/.m2/repository/com/squareup/okhttp3/okhttp/3.9.0/okhttp-3.9.0.jar:/home/user/.m2/repository/com/squareup/okio/okio/1.13.0/okio-1.13.0.jar:/home/user/.m2/repository/io/jaegertracing/jaeger-core/0.33.1/jaeger-core-0.33.1.jar:/home/user/.m2/repository/io/jaegertracing/jaeger-tracerresolver/0.33.1/jaeger-tracerresolver-0.33.1.jar:/home/user/.m2/repository/io/opentracing/contrib/opentracing-tracerresolver/0.1.5/opentracing-tracerresolver-0.1.5.jar:/home/user/.m2/repository/io/opentracing/opentracing-util/0.31.0/opentracing-util-0.31.0.jar:/home/user/.m2/repository/io/opentracing/opentracing-api/0.31.0/opentracing-api-0.31.0.jar:/home/user/.m2/repository/io/opentracing/opentracing-noop/0.31.0/opentracing-noop-0.31.0.jar:/home/user/.m2/repository/org/yaml/snakeyaml/1.16/snakeyaml-1.16.jar:/home/user/.m2/repository/org/apache/hadoop/hadoop-hdfs-client/3.2.0/hadoop-hdfs-client-3.2.0.jar:/home/user/.m2/repository/info/picocli/picocli/3.9.6/picocli-3.9.6.jar:/home/user/.m2/repository/org/apache/hadoop/hadoop-hdds-server-scm/0.5.0-SNAPSHOT/hadoop-hdds-server-scm-0.5.0-SNAPSHOT.jar:/home/user/.m2/repository/org/apache/hadoop/hadoop-hdds-docs/0.5.0-SNAPSHOT/hadoop-hdds-docs-0.5.0-SNAPSHOT.jar:/home/user/.m2/repository/io/dropwizard/metrics/metrics-core/3.2.4/metrics-core-3.2.4.jar:/home/user/.m2/repository/org/hamcrest/hamcrest-all/1.3/hamcrest-all-1.3.jar:/home/user/.m2/repository/org/bouncycastle/bcprov-jdk15on/1.60/bcprov-jdk15on-1.60.jar:/home/user/.m2/repository/org/apache/hadoop/hadoop-hdds-server-framework/0.5.0-SNAPSHOT/hadoop-hdds-server-framework-0.5.0-SNAPSHOT.jar:/home/user/.m2/repository/org/apache/hadoop/hadoop-ozone-ozone-manager/0.5.0-SNAPSHOT/hadoop-ozone-ozone-manager-0.5.0-SNAPSHOT.jar:/home/user/.m2/repository/org/apache/hadoop/hadoop-hdds-container-service/0.5.0-SNAPSHOT/hadoop-hdds-container-service-0.5.0-SNAPSHOT.jar:/home/user/.m2/repository/org/apache/hadoop/hadoop-hdds-client/0.5.0-SNAPSHOT/hadoop-hdds-client-0.5.0-SNAPSHOT.jar:/home/user/.m2/repository/org/apache/hadoop/hadoop-ozone-common/0.5.0-SNAPSHOT/hadoop-ozone-common-0.5.0-SNAPSHOT.jar:/home/user/.m2/repository/org/apache/hadoop/hadoop-hdds-tools/0.5.0-SNAPSHOT/hadoop-hdds-tools-0.5.0-SNAPSHOT.jar:/home/user/.m2/repository/org/xerial/sqlite-jdbc/3.25.2/sqlite-jdbc-3.25.2.jar:/home/user/.m2/repository/com/google/code/findbugs/findbugs/3.0.1/findbugs-3.0.1.jar:/home/user/.m2/repository/net/jcip/jcip-annotations/1.0/jcip-annotations-1.0.jar:/home/user/.m2/repository/com/google/code/findbugs/bcel-findbugs/6.0/bcel-findbugs-6.0.jar:/home/user/.m2/repository/com/google/code/findbugs/jFormatString/2.0.1/jFormatString-2.0.1.jar:/home/user/.m2/repository/dom4j/dom4j/1.6.1/dom4j-1.6.1.jar:/home/user/.m2/repository/xml-apis/xml-apis/1.0.b2/xml-apis-1.0.b2.jar:/home/user/.m2/repository/org/ow2/asm/asm-debug-all/5.0.2/asm-debug-all-5.0.2.jar:/home/user/.m2/repository/org/ow2/asm/asm-commons/5.0.2/asm-commons-5.0.2.jar:/home/user/.m2/repository/org/ow2/asm/asm-tree/5.0.2/asm-tree-5.0.2.jar:/home/user/.m2/repository/org/ow2/asm/asm/5.0.4/asm-5.0.4.jar:/home/user/.m2/repository/commons-lang/commons-lang/2.6/commons-lang-2.6.jar:/home/user/.m2/repository/com/apple/AppleJavaExtensions/1.4/AppleJavaExtensions-1.4.jar:/home/user/.m2/repository/jaxen/jaxen/1.1.6/jaxen-1.1.6.jar:/home/user/.m2/repository/org/apache/hadoop/hadoop-common/3.2.0/hadoop-common-3.2.0-tests.jar:/home/user/.m2/repository/org/apache/hadoop/hadoop-ozone-client/0.5.0-SNAPSHOT/hadoop-ozone-client-0.5.0-SNAPSHOT.jar:/home/user/.m2/repository/org/apache/hadoop/hadoop-hdfs/3.2.0/hadoop-hdfs-3.2.0-tests.jar:/workdir/hadoop-ozone/integration-test/target/test-classes:/home/user/.m2/repository/org/apache/hadoop/hadoop-ozone-s3gateway/0.5.0-SNAPSHOT/hadoop-ozone-s3gateway-0.5.0-SNAPSHOT.jar:/home/user/.m2/repository/org/jboss/weld/servlet/weld-servlet/2.4.7.Final/weld-servlet-2.4.7.Final.jar:/home/user/.m2/repository/org/glassfish/jersey/containers/jersey-container-servlet-core/2.27/jersey-container-servlet-core-2.27.jar:/home/user/.m2/repository/org/glassfish/hk2/external/javax.inject/2.5.0-b42/javax.inject-2.5.0-b42.jar:/home/user/.m2/repository/org/glassfish/jersey/core/jersey-common/2.27/jersey-common-2.27.jar:/home/user/.m2/repository/org/glassfish/hk2/osgi-resource-locator/1.0.1/osgi-resource-locator-1.0.1.jar:/home/user/.m2/repository/javax/ws/rs/javax.ws.rs-api/2.1/javax.ws.rs-api-2.1.jar:/home/user/.m2/repository/org/glassfish/jersey/ext/cdi/jersey-cdi1x/2.27/jersey-cdi1x-2.27.jar:/home/user/.m2/repository/org/glassfish/jersey/inject/jersey-hk2/2.27/jersey-hk2-2.27.jar:/home/user/.m2/repository/org/glassfish/hk2/hk2-locator/2.5.0-b42/hk2-locator-2.5.0-b42.jar:/home/user/.m2/repository/org/javassist/javassist/3.22.0-CR2/javassist-3.22.0-CR2.jar:/home/user/.m2/repository/org/glassfish/hk2/hk2-api/2.5.0/hk2-api-2.5.0.jar:/home/user/.m2/repository/org/glassfish/hk2/external/jakarta.inject/2.5.0/jakarta.inject-2.5.0.jar:/home/user/.m2/repository/org/glassfish/hk2/hk2-utils/2.5.0/hk2-utils-2.5.0.jar:/home/user/.m2/repository/jakarta/annotation/jakarta.annotation-api/1.3.4/jakarta.annotation-api-1.3.4.jar:/home/user/.m2/repository/org/glassfish/hk2/external/aopalliance-repackaged/2.5.0/aopalliance-repackaged-2.5.0.jar:/home/user/.m2/repository/com/fasterxml/jackson/dataformat/jackson-dataformat-xml/2.9.0/jackson-dataformat-xml-2.9.0.jar:/home/user/.m2/repository/com/fasterxml/jackson/module/jackson-module-jaxb-annotations/2.9.9/jackson-module-jaxb-annotations-2.9.9.jar:/home/user/.m2/repository/javax/enterprise/cdi-api/1.2/cdi-api-1.2.jar:/home/user/.m2/repository/javax/el/javax.el-api/3.0.0/javax.el-api-3.0.0.jar:/home/user/.m2/repository/javax/interceptor/javax.interceptor-api/1.2/javax.interceptor-api-1.2.jar:/home/user/.m2/repository/javax/inject/javax.inject/1/javax.inject-1.jar:/home/user/.m2/repository/com/sun/xml/bind/jaxb-core/2.3.0.1/jaxb-core-2.3.0.1.jar:/home/user/.m2/repository/javax/xml/bind/jaxb-api/2.3.0/jaxb-api-2.3.0.jar:/home/user/.m2/repository/javax/activation/activation/1.1.1/activation-1.1.1.jar:/home/user/.m2/repository/org/apache/hadoop/hadoop-ozone-csi/0.5.0-SNAPSHOT/hadoop-ozone-csi-0.5.0-SNAPSHOT.jar:/home/user/.m2/repository/com/google/protobuf/protobuf-java-util/3.5.1/protobuf-java-util-3.5.1.jar:/home/user/.m2/repository/io/grpc/grpc-netty/1.17.1/grpc-netty-1.17.1.jar:/home/user/.m2/repository/io/grpc/grpc-core/1.17.1/grpc-core-1.17.1.jar:/home/user/.m2/repository/io/grpc/grpc-context/1.17.1/grpc-context-1.17.1.jar:/home/user/.m2/repository/com/google/errorprone/error_prone_annotations/2.2.0/error_prone_annotations-2.2.0.jar:/home/user/.m2/repository/org/codehaus/mojo/animal-sniffer-annotations/1.17/animal-sniffer-annotations-1.17.jar:/home/user/.m2/repository/io/opencensus/opencensus-api/0.17.0/opencensus-api-0.17.0.jar:/home/user/.m2/repository/io/opencensus/opencensus-contrib-grpc-metrics/0.17.0/opencensus-contrib-grpc-metrics-0.17.0.jar:/home/user/.m2/repository/io/netty/netty-codec-http2/4.1.30.Final/netty-codec-http2-4.1.30.Final.jar:/home/user/.m2/repository/io/netty/netty-codec-http/4.1.30.Final/netty-codec-http-4.1.30.Final.jar:/home/user/.m2/repository/io/netty/netty-codec/4.1.30.Final/netty-codec-4.1.30.Final.jar:/home/user/.m2/repository/io/netty/netty-handler/4.1.30.Final/netty-handler-4.1.30.Final.jar:/home/user/.m2/repository/io/netty/netty-handler-proxy/4.1.30.Final/netty-handler-proxy-4.1.30.Final.jar:/home/user/.m2/repository/io/netty/netty-codec-socks/4.1.30.Final/netty-codec-socks-4.1.30.Final.jar:/home/user/.m2/repository/io/netty/netty-transport-native-epoll/4.1.30.Final/netty-transport-native-epoll-4.1.30.Final.jar:/home/user/.m2/repository/io/netty/netty-common/4.1.30.Final/netty-common-4.1.30.Final.jar:/home/user/.m2/repository/io/netty/netty-buffer/4.1.30.Final/netty-buffer-4.1.30.Final.jar:/home/user/.m2/repository/io/netty/netty-transport/4.1.30.Final/netty-transport-4.1.30.Final.jar:/home/user/.m2/repository/io/netty/netty-resolver/4.1.30.Final/netty-resolver-4.1.30.Final.jar:/home/user/.m2/repository/io/netty/netty-transport-native-unix-common/4.1.30.Final/netty-transport-native-unix-common-4.1.30.Final.jar:/home/user/.m2/repository/io/grpc/grpc-protobuf/1.17.1/grpc-protobuf-1.17.1.jar:/home/user/.m2/repository/com/google/api/grpc/proto-google-common-protos/1.0.0/proto-google-common-protos-1.0.0.jar:/home/user/.m2/repository/io/grpc/grpc-protobuf-lite/1.17.1/grpc-protobuf-lite-1.17.1.jar:/home/user/.m2/repository/io/grpc/grpc-stub/1.17.1/grpc-stub-1.17.1.jar:/home/user/.m2/repository/org/apache/hadoop/hadoop-ozone-recon/0.5.0-SNAPSHOT/hadoop-ozone-recon-0.5.0-SNAPSHOT.jar:/home/user/.m2/repository/org/apache/hadoop/hadoop-ozone-reconcodegen/0.5.0-SNAPSHOT/hadoop-ozone-reconcodegen-0.5.0-SNAPSHOT.jar:/home/user/.m2/repository/com/google/inject/extensions/guice-multibindings/4.0/guice-multibindings-4.0.jar:/home/user/.m2/repository/com/google/inject/guice/4.0/guice-4.0.jar:/home/user/.m2/repository/aopalliance/aopalliance/1.0/aopalliance-1.0.jar:/home/user/.m2/repository/org/glassfish/jersey/containers/jersey-container-servlet/2.27/jersey-container-servlet-2.27.jar:/home/user/.m2/repository/org/glassfish/hk2/guice-bridge/2.5.0/guice-bridge-2.5.0.jar:/home/user/.m2/repository/org/glassfish/jersey/core/jersey-server/2.27/jersey-server-2.27.jar:/home/user/.m2/repository/org/glassfish/jersey/core/jersey-client/2.27/jersey-client-2.27.jar:/home/user/.m2/repository/org/glassfish/jersey/media/jersey-media-jaxb/2.27/jersey-media-jaxb-2.27.jar:/home/user/.m2/repository/javax/validation/validation-api/1.1.0.Final/validation-api-1.1.0.Final.jar:/home/user/.m2/repository/org/glassfish/jersey/media/jersey-media-json-jackson/2.27/jersey-media-json-jackson-2.27.jar:/home/user/.m2/repository/org/glassfish/jersey/ext/jersey-entity-filtering/2.27/jersey-entity-filtering-2.27.jar:/home/user/.m2/repository/com/google/inject/extensions/guice-assistedinject/4.0/guice-assistedinject-4.0.jar:/home/user/.m2/repository/org/jooq/jooq/3.11.10/jooq-3.11.10.jar:/home/user/.m2/repository/org/jooq/jooq-meta/3.11.10/jooq-meta-3.11.10.jar:/home/user/.m2/repository/org/jooq/jooq-codegen/3.11.10/jooq-codegen-3.11.10.jar:/home/user/.m2/repository/com/jolbox/bonecp/0.8.0.RELEASE/bonecp-0.8.0.RELEASE.jar:/home/user/.m2/repository/org/springframework/spring-jdbc/5.1.3.RELEASE/spring-jdbc-5.1.3.RELEASE.jar:/home/user/.m2/repository/org/springframework/spring-beans/5.1.3.RELEASE/spring-beans-5.1.3.RELEASE.jar:/home/user/.m2/repository/org/springframework/spring-core/5.1.3.RELEASE/spring-core-5.1.3.RELEASE.jar:/home/user/.m2/repository/org/springframework/spring-jcl/5.1.3.RELEASE/spring-jcl-5.1.3.RELEASE.jar:/home/user/.m2/repository/org/springframework/spring-tx/5.1.3.RELEASE/spring-tx-5.1.3.RELEASE.jar:/home/user/.m2/repository/org/mockito/mockito-all/1.10.19/mockito-all-1.10.19.jar:/home/user/.m2/repository/junit/junit/4.11/junit-4.11.jar:/home/user/.m2/repository/org/hamcrest/hamcrest-core/1.3/hamcrest-core-1.3.jar:/home/user/.m2/repository/org/apache/hadoop/hadoop-distcp/3.2.0/hadoop-distcp-3.2.0.jar:/home/user/.m2/repository/org/apache/hadoop/hadoop-distcp/3.2.0/hadoop-distcp-3.2.0-tests.jar:/home/user/.m2/repository/org/apache/hadoop/hadoop-mapreduce-client-jobclient/3.2.0/hadoop-mapreduce-client-jobclient-3.2.0.jar:/home/user/.m2/repository/org/apache/hadoop/hadoop-mapreduce-client-common/3.2.0/hadoop-mapreduce-client-common-3.2.0.jar:/home/user/.m2/repository/org/apache/hadoop/hadoop-yarn-common/3.2.0/hadoop-yarn-common-3.2.0.jar:/home/user/.m2/repository/org/apache/hadoop/hadoop-yarn-api/3.2.0/hadoop-yarn-api-3.2.0.jar:/home/user/.m2/repository/com/sun/jersey/jersey-client/1.19/jersey-client-1.19.jar:/home/user/.m2/repository/com/sun/jersey/contribs/jersey-guice/1.19/jersey-guice-1.19.jar:/home/user/.m2/repository/com/fasterxml/jackson/jaxrs/jackson-jaxrs-json-provider/2.9.9/jackson-jaxrs-json-provider-2.9.9.jar:/home/user/.m2/repository/com/fasterxml/jackson/jaxrs/jackson-jaxrs-base/2.9.9/jackson-jaxrs-base-2.9.9.jar:/home/user/.m2/repository/org/apache/hadoop/hadoop-yarn-client/3.2.0/hadoop-yarn-client-3.2.0.jar:/home/user/.m2/repository/org/apache/hadoop/hadoop-mapreduce-client-core/3.2.0/hadoop-mapreduce-client-core-3.2.0.jar:/home/user/.m2/repository/com/google/inject/extensions/guice-servlet/4.0/guice-servlet-4.0.jar:/home/user/.m2/repository/org/powermock/powermock-module-junit4/1.6.5/powermock-module-junit4-1.6.5.jar:/home/user/.m2/repository/org/powermock/powermock-module-junit4-common/1.6.5/powermock-module-junit4-common-1.6.5.jar:/home/user/.m2/repository/org/powermock/powermock-core/1.6.5/powermock-core-1.6.5.jar:/home/user/.m2/repository/org/powermock/powermock-reflect/1.6.5/powermock-reflect-1.6.5.jar:/home/user/.m2/repository/org/powermock/powermock-api-mockito/1.6.5/powermock-api-mockito-1.6.5.jar:/home/user/.m2/repository/org/mockito/mockito-core/1.10.19/mockito-core-1.10.19.jar:/home/user/.m2/repository/org/objenesis/objenesis/1.0/objenesis-1.0.jar:/home/user/.m2/repository/org/powermock/powermock-api-mockito-common/1.6.5/powermock-api-mockito-common-1.6.5.jar:/home/user/.m2/repository/org/powermock/powermock-api-support/1.6.5/powermock-api-support-1.6.5.jar:"/>
    <property name="sun.cpu.endian" value="little"/>
    <property name="user.home" value="/home/user"/>
    <property name="user.language" value="en"/>
    <property name="java.specification.vendor" value="Oracle Corporation"/>
    <property name="java.home" value="/usr/lib/jvm/java-1.8-openjdk/jre"/>
    <property name="java.security.krb5.conf" value="/workdir/hadoop-ozone/ozonefs/target/test-classes/krb5.conf"/>
    <property name="basedir" value="/workdir/hadoop-ozone/ozonefs"/>
    <property name="file.separator" value="/"/>
    <property name="line.separator" value="&#10;"/>
    <property name="java.vm.specification.vendor" value="Oracle Corporation"/>
    <property name="java.specification.name" value="Java Platform API Specification"/>
    <property name="java.awt.graphicsenv" value="sun.awt.X11GraphicsEnvironment"/>
    <property name="surefire.real.class.path" value="/workdir/hadoop-ozone/ozonefs/target/surefire/surefirebooter8666059267943349634.jar"/>
    <property name="hadoop.log.dir" value="/workdir/hadoop-ozone/ozonefs/target/log"/>
    <property name="sun.boot.class.path" value="/usr/lib/jvm/java-1.8-openjdk/jre/lib/resources.jar:/usr/lib/jvm/java-1.8-openjdk/jre/lib/rt.jar:/usr/lib/jvm/java-1.8-openjdk/jre/lib/sunrsasign.jar:/usr/lib/jvm/java-1.8-openjdk/jre/lib/jsse.jar:/usr/lib/jvm/java-1.8-openjdk/jre/lib/jce.jar:/usr/lib/jvm/java-1.8-openjdk/jre/lib/charsets.jar:/usr/lib/jvm/java-1.8-openjdk/jre/lib/jfr.jar:/usr/lib/jvm/java-1.8-openjdk/jre/classes"/>
    <property name="sun.management.compiler" value="HotSpot 64-Bit Tiered Compilers"/>
    <property name="java.runtime.version" value="1.8.0_212-b04"/>
    <property name="java.net.preferIPv4Stack" value="true"/>
    <property name="user.name" value="jenkins1000"/>
    <property name="path.separator" value=":"/>
    <property name="java.security.egd" value="file:///dev/urandom"/>
    <property name="os.version" value="3.10.0-957.12.2.el7.x86_64"/>
    <property name="java.endorsed.dirs" value="/usr/lib/jvm/java-1.8-openjdk/jre/lib/endorsed"/>
    <property name="java.runtime.name" value="OpenJDK Runtime Environment"/>
    <property name="file.encoding" value="UTF-8"/>
    <property name="java.vm.name" value="OpenJDK 64-Bit Server VM"/>
    <property name="test.build.webapps" value=""/>
    <property name="localRepository" value="/home/user/.m2/repository"/>
    <property name="java.vendor.url.bug" value="https://icedtea.classpath.org/bugzilla"/>
    <property name="java.io.tmpdir" value="/tmp"/>
    <property name="require.test.libhadoop" value=""/>
    <property name="java.version" value="1.8.0_212"/>
    <property name="user.dir" value="/workdir/hadoop-ozone/ozonefs"/>
    <property name="os.arch" value="amd64"/>
    <property name="java.vm.specification.name" value="Java Virtual Machine Specification"/>
    <property name="test.build.classes" value="/workdir/hadoop-ozone/ozonefs/target/test-classes"/>
    <property name="java.awt.printerjob" value="sun.print.PSPrinterJob"/>
    <property name="sun.os.patch.level" value="unknown"/>
    <property name="hadoop.tmp.dir" value="/workdir/hadoop-ozone/ozonefs/target/tmp"/>
    <property name="java.library.path" value="/usr/lib/jvm/java-1.8-openjdk/jre/lib/amd64/server:/usr/lib/jvm/java-1.8-openjdk/jre/lib/amd64:/usr/lib/jvm/java-1.8-openjdk/jre/../lib/amd64:/workdir/hadoop-ozone/ozonefs/target/native/target/usr/local/lib:/workdir/hadoop-ozone/ozonefs/../../hadoop-common-project/hadoop-common/target/native/target/usr/local/lib:/usr/java/packages/lib/amd64:/usr/lib64:/lib64:/lib:/usr/lib"/>
    <property name="java.vm.info" value="mixed mode"/>
    <property name="java.vendor" value="IcedTea"/>
    <property name="java.vm.version" value="25.212-b04"/>
    <property name="java.ext.dirs" value="/usr/lib/jvm/java-1.8-openjdk/jre/lib/ext:/usr/java/packages/lib/ext"/>
    <property name="sun.io.unicode.encoding" value="UnicodeLittle"/>
    <property name="java.class.version" value="52.0"/>
  </properties>
  <testcase name="testOpenReadZeroByteFile" classname="org.apache.hadoop.fs.ozone.contract.ITestOzoneContractOpen" time="14.068"/>
  <testcase name="testFsIsEncrypted" classname="org.apache.hadoop.fs.ozone.contract.ITestOzoneContractOpen" time="0.207"/>
  <testcase name="testOpenReadDir" classname="org.apache.hadoop.fs.ozone.contract.ITestOzoneContractOpen" time="0.175"/>
  <testcase name="testOpenFileTwice" classname="org.apache.hadoop.fs.ozone.contract.ITestOzoneContractOpen" time="180.033">
    <error message="test timed out after 180000 milliseconds" type="java.lang.Exception">java.lang.Exception: test timed out after 180000 milliseconds
	at sun.misc.Unsafe.park(Native Method)
	at java.util.concurrent.locks.LockSupport.park(LockSupport.java:175)
	at java.util.concurrent.CompletableFuture$Signaller.block(CompletableFuture.java:1693)
	at java.util.concurrent.ForkJoinPool.managedBlock(ForkJoinPool.java:3323)
	at java.util.concurrent.CompletableFuture.waitingGet(CompletableFuture.java:1729)
	at java.util.concurrent.CompletableFuture.get(CompletableFuture.java:1895)
	at org.apache.hadoop.hdds.scm.storage.BlockOutputStream.waitOnFlushFutures(BlockOutputStream.java:515)
	at org.apache.hadoop.hdds.scm.storage.BlockOutputStream.handleFlush(BlockOutputStream.java:478)
	at org.apache.hadoop.hdds.scm.storage.BlockOutputStream.close(BlockOutputStream.java:493)
	at org.apache.hadoop.ozone.client.io.BlockOutputStreamEntry.close(BlockOutputStreamEntry.java:143)
	at org.apache.hadoop.ozone.client.io.KeyOutputStream.handleFlushOrClose(KeyOutputStream.java:435)
	at org.apache.hadoop.ozone.client.io.KeyOutputStream.close(KeyOutputStream.java:473)
	at org.apache.hadoop.fs.ozone.OzoneFSOutputStream.close(OzoneFSOutputStream.java:56)
	at org.apache.hadoop.fs.FSDataOutputStream$PositionCache.close(FSDataOutputStream.java:72)
	at org.apache.hadoop.fs.FSDataOutputStream.close(FSDataOutputStream.java:101)
	at org.apache.hadoop.fs.contract.ContractTestUtils.createFile(ContractTestUtils.java:638)
	at org.apache.hadoop.fs.contract.AbstractContractOpenTest.testOpenFileTwice(AbstractContractOpenTest.java:125)
	at sun.reflect.NativeMethodAccessorImpl.invoke0(Native Method)
	at sun.reflect.NativeMethodAccessorImpl.invoke(NativeMethodAccessorImpl.java:62)
	at sun.reflect.DelegatingMethodAccessorImpl.invoke(DelegatingMethodAccessorImpl.java:43)
	at java.lang.reflect.Method.invoke(Method.java:498)
	at org.junit.runners.model.FrameworkMethod$1.runReflectiveCall(FrameworkMethod.java:47)
	at org.junit.internal.runners.model.ReflectiveCallable.run(ReflectiveCallable.java:12)
	at org.junit.runners.model.FrameworkMethod.invokeExplosively(FrameworkMethod.java:44)
	at org.junit.internal.runners.statements.InvokeMethod.evaluate(InvokeMethod.java:17)
	at org.junit.internal.runners.statements.RunBefores.evaluate(RunBefores.java:26)
	at org.junit.internal.runners.statements.RunAfters.evaluate(RunAfters.java:27)
	at org.junit.rules.TestWatcher$1.evaluate(TestWatcher.java:55)
	at org.junit.internal.runners.statements.FailOnTimeout$StatementThread.run(FailOnTimeout.java:74)
</error>
    <system-out><![CDATA[2019-09-19 10:46:41,313 [Thread-274] INFO  rpc.RpcClient (RpcClient.java:createVolume(303)) - Creating Volume: volume99471, with user89588 as owner.
2019-09-19 10:46:41,315 [IPC Server handler 10 on 35695] INFO  volume.OMVolumeCreateRequest (OMVolumeCreateRequest.java:validateAndUpdateCache(189)) - created volume:volume99471 for user:user89588
2019-09-19 10:46:41,318 [Thread-274] INFO  rpc.RpcClient (RpcClient.java:createBucket(442)) - Creating Bucket: volume99471/bucket02516, with Versioning false and Storage Type set to DISK and Encryption set to false 
2019-09-19 10:46:41,365 [c9baf647-08c3-4366-86b9-39150e9e3608@group-2383C1029B5D-SegmentedRaftLogWorker] INFO  segmented.SegmentedRaftLogWorker (SegmentedRaftLogWorker.java:execute(569)) - c9baf647-08c3-4366-86b9-39150e9e3608@group-2383C1029B5D-SegmentedRaftLogWorker: created new log segment /workdir/hadoop-ozone/ozonefs/target/test-dir/MiniOzoneClusterImpl-a851322c-baef-453f-943c-3a09e8b40232/datanode-2/data/ratis/bc3f8eac-e19f-4a4e-96c7-2383c1029b5d/current/log_inprogress_0
2019-09-19 10:46:41,365 [cdd88cb1-716b-4e52-8ddf-d696aacac702@group-2383C1029B5D-SegmentedRaftLogWorker] INFO  segmented.SegmentedRaftLogWorker (SegmentedRaftLogWorker.java:execute(569)) - cdd88cb1-716b-4e52-8ddf-d696aacac702@group-2383C1029B5D-SegmentedRaftLogWorker: created new log segment /workdir/hadoop-ozone/ozonefs/target/test-dir/MiniOzoneClusterImpl-a851322c-baef-453f-943c-3a09e8b40232/datanode-1/data/ratis/bc3f8eac-e19f-4a4e-96c7-2383c1029b5d/current/log_inprogress_0
2019-09-19 10:46:41,365 [0d4e421f-a580-438c-824a-2881e7ce6119@group-2383C1029B5D-SegmentedRaftLogWorker] INFO  segmented.SegmentedRaftLogWorker (SegmentedRaftLogWorker.java:execute(569)) - 0d4e421f-a580-438c-824a-2881e7ce6119@group-2383C1029B5D-SegmentedRaftLogWorker: created new log segment /workdir/hadoop-ozone/ozonefs/target/test-dir/MiniOzoneClusterImpl-a851322c-baef-453f-943c-3a09e8b40232/datanode-0/data/ratis/bc3f8eac-e19f-4a4e-96c7-2383c1029b5d/current/log_inprogress_0
2019-09-19 10:46:41,380 [Thread-274] INFO  contract.AbstractFSContractTestBase (AbstractFSContractTestBase.java:setup(184)) - Test filesystem = o3fs://bucket02516.volume99471 implemented by OzoneFileSystem{URI=o3fs://bucket02516.volume99471, workingDir=o3fs://bucket02516.volume99471/user/jenkins1000, userName=jenkins1000, statistics=0 bytes read, 0 bytes written, 10 read ops, 0 large read ops, 7 write ops}
2019-09-19 10:46:41,383 [Thread-274] INFO  contract.AbstractFSContractTestBase (AbstractFSContractTestBase.java:describe(255)) - verify that two opened file streams are independent
2019-09-19 10:46:41,421 [Thread-274] INFO  impl.MetricsSystemImpl (MetricsSystemImpl.java:init(158)) - XceiverClientMetrics metrics system started (again)
2019-09-19 10:46:42,271 [Thread-232] INFO  impl.FollowerState (FollowerState.java:run(106)) - c9baf647-08c3-4366-86b9-39150e9e3608:group-2D6DB24D25B6 changes to CANDIDATE, lastRpcTime:5007, electionTimeout:5001ms
2019-09-19 10:46:42,272 [Thread-232] INFO  impl.RoleInfo (RoleInfo.java:shutdownFollowerState(121)) - c9baf647-08c3-4366-86b9-39150e9e3608: shutdown FollowerState
2019-09-19 10:46:42,272 [Thread-232] INFO  impl.RaftServerImpl (RaftServerImpl.java:setRole(174)) - c9baf647-08c3-4366-86b9-39150e9e3608@group-2D6DB24D25B6: changes role from  FOLLOWER to CANDIDATE at term 0 for changeToCandidate
2019-09-19 10:46:42,283 [Thread-232] INFO  impl.RoleInfo (RoleInfo.java:updateAndGet(143)) - c9baf647-08c3-4366-86b9-39150e9e3608: start LeaderElection
2019-09-19 10:46:42,317 [Thread-233] INFO  impl.FollowerState (FollowerState.java:run(106)) - cdd88cb1-716b-4e52-8ddf-d696aacac702:group-2D6DB24D25B6 changes to CANDIDATE, lastRpcTime:5052, electionTimeout:5052ms
2019-09-19 10:46:42,317 [Thread-233] INFO  impl.RoleInfo (RoleInfo.java:shutdownFollowerState(121)) - cdd88cb1-716b-4e52-8ddf-d696aacac702: shutdown FollowerState
2019-09-19 10:46:42,318 [Thread-233] INFO  impl.RaftServerImpl (RaftServerImpl.java:setRole(174)) - cdd88cb1-716b-4e52-8ddf-d696aacac702@group-2D6DB24D25B6: changes role from  FOLLOWER to CANDIDATE at term 0 for changeToCandidate
2019-09-19 10:46:42,324 [Thread-233] INFO  impl.RoleInfo (RoleInfo.java:updateAndGet(143)) - cdd88cb1-716b-4e52-8ddf-d696aacac702: start LeaderElection
2019-09-19 10:46:42,460 [cdd88cb1-716b-4e52-8ddf-d696aacac702@group-2D6DB24D25B6:LeaderElection5] INFO  impl.LeaderElection (LeaderElection.java:askForVotes(182)) - cdd88cb1-716b-4e52-8ddf-d696aacac702@group-2D6DB24D25B6:LeaderElection5: begin an election at term 1 for -1: [c9baf647-08c3-4366-86b9-39150e9e3608:192.168.5.171:34562, cdd88cb1-716b-4e52-8ddf-d696aacac702:192.168.5.171:38745, 0d4e421f-a580-438c-824a-2881e7ce6119:192.168.5.171:46782], old=null
2019-09-19 10:46:42,460 [c9baf647-08c3-4366-86b9-39150e9e3608@group-2D6DB24D25B6:LeaderElection4] INFO  impl.LeaderElection (LeaderElection.java:askForVotes(182)) - c9baf647-08c3-4366-86b9-39150e9e3608@group-2D6DB24D25B6:LeaderElection4: begin an election at term 1 for -1: [c9baf647-08c3-4366-86b9-39150e9e3608:192.168.5.171:34562, cdd88cb1-716b-4e52-8ddf-d696aacac702:192.168.5.171:38745, 0d4e421f-a580-438c-824a-2881e7ce6119:192.168.5.171:46782], old=null
2019-09-19 10:46:42,473 [grpc-default-executor-3] INFO  impl.RaftServerImpl (RaftServerImpl.java:setRole(174)) - 0d4e421f-a580-438c-824a-2881e7ce6119@group-2D6DB24D25B6: changes role from  FOLLOWER to FOLLOWER at term 1 for recognizeCandidate:cdd88cb1-716b-4e52-8ddf-d696aacac702
2019-09-19 10:46:42,481 [grpc-default-executor-3] INFO  impl.RoleInfo (RoleInfo.java:shutdownFollowerState(121)) - 0d4e421f-a580-438c-824a-2881e7ce6119: shutdown FollowerState
2019-09-19 10:46:42,483 [grpc-default-executor-3] INFO  impl.RoleInfo (RoleInfo.java:updateAndGet(143)) - 0d4e421f-a580-438c-824a-2881e7ce6119: start FollowerState
2019-09-19 10:46:42,483 [Thread-263] INFO  impl.FollowerState (FollowerState.java:run(115)) - 0d4e421f-a580-438c-824a-2881e7ce6119: FollowerState was interrupted: java.lang.InterruptedException: sleep interrupted
2019-09-19 10:46:42,856 [c9baf647-08c3-4366-86b9-39150e9e3608@group-2D6DB24D25B6:LeaderElection4] INFO  impl.LeaderElection (LeaderElection.java:logAndReturn(56)) - c9baf647-08c3-4366-86b9-39150e9e3608@group-2D6DB24D25B6:LeaderElection4: Election REJECTED; received 2 response(s) [c9baf647-08c3-4366-86b9-39150e9e3608<-cdd88cb1-716b-4e52-8ddf-d696aacac702#0:FAIL-t1, c9baf647-08c3-4366-86b9-39150e9e3608<-0d4e421f-a580-438c-824a-2881e7ce6119#0:FAIL-t1] and 0 exception(s); c9baf647-08c3-4366-86b9-39150e9e3608@group-2D6DB24D25B6:t1, leader=null, voted=c9baf647-08c3-4366-86b9-39150e9e3608, raftlog=c9baf647-08c3-4366-86b9-39150e9e3608@group-2D6DB24D25B6-SegmentedRaftLog:OPENED:c-1,f-1,i0, conf=-1: [c9baf647-08c3-4366-86b9-39150e9e3608:192.168.5.171:34562, cdd88cb1-716b-4e52-8ddf-d696aacac702:192.168.5.171:38745, 0d4e421f-a580-438c-824a-2881e7ce6119:192.168.5.171:46782], old=null
2019-09-19 10:46:42,856 [cdd88cb1-716b-4e52-8ddf-d696aacac702@group-2D6DB24D25B6:LeaderElection5] INFO  impl.LeaderElection (LeaderElection.java:logAndReturn(56)) - cdd88cb1-716b-4e52-8ddf-d696aacac702@group-2D6DB24D25B6:LeaderElection5: Election PASSED; received 2 response(s) [cdd88cb1-716b-4e52-8ddf-d696aacac702<-c9baf647-08c3-4366-86b9-39150e9e3608#0:FAIL-t1, cdd88cb1-716b-4e52-8ddf-d696aacac702<-0d4e421f-a580-438c-824a-2881e7ce6119#0:OK-t1] and 0 exception(s); cdd88cb1-716b-4e52-8ddf-d696aacac702@group-2D6DB24D25B6:t1, leader=null, voted=cdd88cb1-716b-4e52-8ddf-d696aacac702, raftlog=cdd88cb1-716b-4e52-8ddf-d696aacac702@group-2D6DB24D25B6-SegmentedRaftLog:OPENED:c-1,f-1,i0, conf=-1: [c9baf647-08c3-4366-86b9-39150e9e3608:192.168.5.171:34562, cdd88cb1-716b-4e52-8ddf-d696aacac702:192.168.5.171:38745, 0d4e421f-a580-438c-824a-2881e7ce6119:192.168.5.171:46782], old=null
2019-09-19 10:46:42,856 [c9baf647-08c3-4366-86b9-39150e9e3608@group-2D6DB24D25B6:LeaderElection4] INFO  impl.RaftServerImpl (RaftServerImpl.java:setRole(174)) - c9baf647-08c3-4366-86b9-39150e9e3608@group-2D6DB24D25B6: changes role from CANDIDATE to FOLLOWER at term 1 for DISCOVERED_A_NEW_TERM
2019-09-19 10:46:42,859 [cdd88cb1-716b-4e52-8ddf-d696aacac702@group-2D6DB24D25B6:LeaderElection5] INFO  impl.RoleInfo (RoleInfo.java:shutdownLeaderElection(134)) - cdd88cb1-716b-4e52-8ddf-d696aacac702: shutdown LeaderElection
2019-09-19 10:46:42,864 [c9baf647-08c3-4366-86b9-39150e9e3608@group-2D6DB24D25B6:LeaderElection4] INFO  impl.RoleInfo (RoleInfo.java:shutdownLeaderElection(134)) - c9baf647-08c3-4366-86b9-39150e9e3608: shutdown LeaderElection
2019-09-19 10:46:42,866 [cdd88cb1-716b-4e52-8ddf-d696aacac702@group-2D6DB24D25B6:LeaderElection5] INFO  impl.RaftServerImpl (RaftServerImpl.java:setRole(174)) - cdd88cb1-716b-4e52-8ddf-d696aacac702@group-2D6DB24D25B6: changes role from CANDIDATE to LEADER at term 1 for changeToLeader
2019-09-19 10:46:42,866 [cdd88cb1-716b-4e52-8ddf-d696aacac702@group-2D6DB24D25B6:LeaderElection5] INFO  impl.RaftServerImpl (ServerState.java:setLeader(253)) - cdd88cb1-716b-4e52-8ddf-d696aacac702@group-2D6DB24D25B6: change Leader from null to cdd88cb1-716b-4e52-8ddf-d696aacac702 at term 1 for becomeLeader, leader elected after 5616ms
2019-09-19 10:46:42,866 [c9baf647-08c3-4366-86b9-39150e9e3608@group-2D6DB24D25B6:LeaderElection4] INFO  impl.RoleInfo (RoleInfo.java:updateAndGet(143)) - c9baf647-08c3-4366-86b9-39150e9e3608: start FollowerState
2019-09-19 10:46:42,868 [cdd88cb1-716b-4e52-8ddf-d696aacac702@group-2D6DB24D25B6:LeaderElection5] INFO  server.RaftServerConfigKeys (ConfUtils.java:logGet(43)) - raft.server.staging.catchup.gap = 1000 (default)
2019-09-19 10:46:42,868 [cdd88cb1-716b-4e52-8ddf-d696aacac702@group-2D6DB24D25B6:LeaderElection5] INFO  server.RaftServerConfigKeys (ConfUtils.java:logGet(43)) - raft.server.rpc.sleep.time = 25ms (default)
2019-09-19 10:46:42,870 [cdd88cb1-716b-4e52-8ddf-d696aacac702@group-2D6DB24D25B6:LeaderElection5] INFO  server.RaftServerConfigKeys (ConfUtils.java:logGet(43)) - raft.server.write.element-limit = 4096 (default)
2019-09-19 10:46:42,871 [cdd88cb1-716b-4e52-8ddf-d696aacac702@group-2D6DB24D25B6:LeaderElection5] INFO  server.RaftServerConfigKeys (ConfUtils.java:logGet(43)) - raft.server.watch.timeout = 10s (default)
2019-09-19 10:46:42,871 [cdd88cb1-716b-4e52-8ddf-d696aacac702@group-2D6DB24D25B6:LeaderElection5] INFO  server.RaftServerConfigKeys (ConfUtils.java:logGet(43)) - raft.server.watch.timeout.denomination = 1s (default)
2019-09-19 10:46:42,871 [cdd88cb1-716b-4e52-8ddf-d696aacac702@group-2D6DB24D25B6:LeaderElection5] INFO  server.RaftServerConfigKeys (ConfUtils.java:logGet(43)) - raft.server.watch.element-limit = 65536 (default)
2019-09-19 10:46:42,873 [cdd88cb1-716b-4e52-8ddf-d696aacac702@group-2D6DB24D25B6:LeaderElection5] INFO  server.RaftServerConfigKeys (ConfUtils.java:logGet(43)) - raft.server.log.appender.snapshot.chunk.size.max = 16MB (=16777216) (default)
2019-09-19 10:46:42,873 [cdd88cb1-716b-4e52-8ddf-d696aacac702@group-2D6DB24D25B6:LeaderElection5] INFO  server.RaftServerConfigKeys (ConfUtils.java:logGet(43)) - raft.server.log.appender.buffer.byte-limit = 33554432 (custom)
2019-09-19 10:46:42,874 [cdd88cb1-716b-4e52-8ddf-d696aacac702@group-2D6DB24D25B6:LeaderElection5] INFO  server.RaftServerConfigKeys (ConfUtils.java:logGet(43)) - raft.server.log.appender.buffer.element-limit = 1 (custom)
2019-09-19 10:46:42,874 [cdd88cb1-716b-4e52-8ddf-d696aacac702@group-2D6DB24D25B6:LeaderElection5] INFO  grpc.GrpcConfigKeys$Server (ConfUtils.java:logGet(43)) - raft.grpc.server.leader.outstanding.appends.max = 128 (default)
2019-09-19 10:46:42,876 [cdd88cb1-716b-4e52-8ddf-d696aacac702@group-2D6DB24D25B6:LeaderElection5] INFO  server.RaftServerConfigKeys (ConfUtils.java:logGet(43)) - raft.server.rpc.request.timeout = 3000ms (default)
2019-09-19 10:46:42,876 [cdd88cb1-716b-4e52-8ddf-d696aacac702@group-2D6DB24D25B6:LeaderElection5] INFO  server.RaftServerConfigKeys (ConfUtils.java:logGet(43)) - raft.server.log.appender.install.snapshot.enabled = false (custom)
2019-09-19 10:46:42,876 [cdd88cb1-716b-4e52-8ddf-d696aacac702@group-2D6DB24D25B6:LeaderElection5] INFO  server.RaftServerConfigKeys (ConfUtils.java:logGet(43)) - raft.server.log.appender.snapshot.chunk.size.max = 16MB (=16777216) (default)
2019-09-19 10:46:42,876 [cdd88cb1-716b-4e52-8ddf-d696aacac702@group-2D6DB24D25B6:LeaderElection5] INFO  server.RaftServerConfigKeys (ConfUtils.java:logGet(43)) - raft.server.log.appender.buffer.byte-limit = 33554432 (custom)
2019-09-19 10:46:42,877 [cdd88cb1-716b-4e52-8ddf-d696aacac702@group-2D6DB24D25B6:LeaderElection5] INFO  server.RaftServerConfigKeys (ConfUtils.java:logGet(43)) - raft.server.log.appender.buffer.element-limit = 1 (custom)
2019-09-19 10:46:42,877 [cdd88cb1-716b-4e52-8ddf-d696aacac702@group-2D6DB24D25B6:LeaderElection5] INFO  grpc.GrpcConfigKeys$Server (ConfUtils.java:logGet(43)) - raft.grpc.server.leader.outstanding.appends.max = 128 (default)
2019-09-19 10:46:42,877 [cdd88cb1-716b-4e52-8ddf-d696aacac702@group-2D6DB24D25B6:LeaderElection5] INFO  server.RaftServerConfigKeys (ConfUtils.java:logGet(43)) - raft.server.rpc.request.timeout = 3000ms (default)
2019-09-19 10:46:42,877 [cdd88cb1-716b-4e52-8ddf-d696aacac702@group-2D6DB24D25B6:LeaderElection5] INFO  server.RaftServerConfigKeys (ConfUtils.java:logGet(43)) - raft.server.log.appender.install.snapshot.enabled = false (custom)
2019-09-19 10:46:42,877 [cdd88cb1-716b-4e52-8ddf-d696aacac702@group-2D6DB24D25B6:LeaderElection5] INFO  impl.RoleInfo (RoleInfo.java:updateAndGet(143)) - cdd88cb1-716b-4e52-8ddf-d696aacac702: start LeaderState
2019-09-19 10:46:42,877 [cdd88cb1-716b-4e52-8ddf-d696aacac702@group-2D6DB24D25B6:LeaderElection5] INFO  segmented.SegmentedRaftLogWorker (SegmentedRaftLogWorker.java:startLogSegment(380)) - cdd88cb1-716b-4e52-8ddf-d696aacac702@group-2D6DB24D25B6-SegmentedRaftLogWorker: Starting segment from index:0
2019-09-19 10:46:42,878 [cdd88cb1-716b-4e52-8ddf-d696aacac702@group-2D6DB24D25B6:LeaderElection5] INFO  impl.RaftServerImpl (ServerState.java:setRaftConf(354)) - cdd88cb1-716b-4e52-8ddf-d696aacac702@group-2D6DB24D25B6: set configuration 0: [c9baf647-08c3-4366-86b9-39150e9e3608:192.168.5.171:34562, cdd88cb1-716b-4e52-8ddf-d696aacac702:192.168.5.171:38745, 0d4e421f-a580-438c-824a-2881e7ce6119:192.168.5.171:46782], old=null at 0
2019-09-19 10:46:42,919 [grpc-default-executor-3] INFO  impl.RaftServerImpl (ServerState.java:setLeader(253)) - c9baf647-08c3-4366-86b9-39150e9e3608@group-2D6DB24D25B6: change Leader from null to cdd88cb1-716b-4e52-8ddf-d696aacac702 at term 1 for appendEntries, leader elected after 5669ms
2019-09-19 10:46:42,919 [grpc-default-executor-0] INFO  impl.RaftServerImpl (ServerState.java:setLeader(253)) - 0d4e421f-a580-438c-824a-2881e7ce6119@group-2D6DB24D25B6: change Leader from null to cdd88cb1-716b-4e52-8ddf-d696aacac702 at term 1 for appendEntries, leader elected after 4767ms
2019-09-19 10:46:42,926 [grpc-default-executor-0] INFO  impl.RaftServerImpl (ServerState.java:setRaftConf(354)) - c9baf647-08c3-4366-86b9-39150e9e3608@group-2D6DB24D25B6: set configuration 0: [c9baf647-08c3-4366-86b9-39150e9e3608:192.168.5.171:34562, cdd88cb1-716b-4e52-8ddf-d696aacac702:192.168.5.171:38745, 0d4e421f-a580-438c-824a-2881e7ce6119:192.168.5.171:46782], old=null at 0
2019-09-19 10:46:42,927 [grpc-default-executor-0] INFO  segmented.SegmentedRaftLogWorker (SegmentedRaftLogWorker.java:startLogSegment(380)) - c9baf647-08c3-4366-86b9-39150e9e3608@group-2D6DB24D25B6-SegmentedRaftLogWorker: Starting segment from index:0
2019-09-19 10:46:42,927 [grpc-default-executor-3] INFO  impl.RaftServerImpl (ServerState.java:setRaftConf(354)) - 0d4e421f-a580-438c-824a-2881e7ce6119@group-2D6DB24D25B6: set configuration 0: [c9baf647-08c3-4366-86b9-39150e9e3608:192.168.5.171:34562, cdd88cb1-716b-4e52-8ddf-d696aacac702:192.168.5.171:38745, 0d4e421f-a580-438c-824a-2881e7ce6119:192.168.5.171:46782], old=null at 0
2019-09-19 10:46:42,927 [grpc-default-executor-3] INFO  segmented.SegmentedRaftLogWorker (SegmentedRaftLogWorker.java:startLogSegment(380)) - 0d4e421f-a580-438c-824a-2881e7ce6119@group-2D6DB24D25B6-SegmentedRaftLogWorker: Starting segment from index:0
2019-09-19 10:46:43,159 [0d4e421f-a580-438c-824a-2881e7ce6119@group-2D6DB24D25B6-SegmentedRaftLogWorker] INFO  segmented.SegmentedRaftLogWorker (SegmentedRaftLogWorker.java:execute(569)) - 0d4e421f-a580-438c-824a-2881e7ce6119@group-2D6DB24D25B6-SegmentedRaftLogWorker: created new log segment /workdir/hadoop-ozone/ozonefs/target/test-dir/MiniOzoneClusterImpl-a851322c-baef-453f-943c-3a09e8b40232/datanode-0/data/ratis/e5100c86-97af-4287-be0a-2d6db24d25b6/current/log_inprogress_0
2019-09-19 10:46:43,159 [cdd88cb1-716b-4e52-8ddf-d696aacac702@group-2D6DB24D25B6-SegmentedRaftLogWorker] INFO  segmented.SegmentedRaftLogWorker (SegmentedRaftLogWorker.java:execute(569)) - cdd88cb1-716b-4e52-8ddf-d696aacac702@group-2D6DB24D25B6-SegmentedRaftLogWorker: created new log segment /workdir/hadoop-ozone/ozonefs/target/test-dir/MiniOzoneClusterImpl-a851322c-baef-453f-943c-3a09e8b40232/datanode-1/data/ratis/e5100c86-97af-4287-be0a-2d6db24d25b6/current/log_inprogress_0
2019-09-19 10:46:43,159 [c9baf647-08c3-4366-86b9-39150e9e3608@group-2D6DB24D25B6-SegmentedRaftLogWorker] INFO  segmented.SegmentedRaftLogWorker (SegmentedRaftLogWorker.java:execute(569)) - c9baf647-08c3-4366-86b9-39150e9e3608@group-2D6DB24D25B6-SegmentedRaftLogWorker: created new log segment /workdir/hadoop-ozone/ozonefs/target/test-dir/MiniOzoneClusterImpl-a851322c-baef-453f-943c-3a09e8b40232/datanode-2/data/ratis/e5100c86-97af-4287-be0a-2d6db24d25b6/current/log_inprogress_0
2019-09-19 10:46:43,284 [Thread-240] INFO  impl.FollowerState (FollowerState.java:run(106)) - 0d4e421f-a580-438c-824a-2881e7ce6119:group-9CC0A7FE6135 changes to CANDIDATE, lastRpcTime:5120, electionTimeout:5120ms
2019-09-19 10:46:43,284 [Thread-240] INFO  impl.RoleInfo (RoleInfo.java:shutdownFollowerState(121)) - 0d4e421f-a580-438c-824a-2881e7ce6119: shutdown FollowerState
2019-09-19 10:46:43,284 [Thread-240] INFO  impl.RaftServerImpl (RaftServerImpl.java:setRole(174)) - 0d4e421f-a580-438c-824a-2881e7ce6119@group-9CC0A7FE6135: changes role from  FOLLOWER to CANDIDATE at term 0 for changeToCandidate
2019-09-19 10:46:43,285 [Thread-240] INFO  impl.RoleInfo (RoleInfo.java:updateAndGet(143)) - 0d4e421f-a580-438c-824a-2881e7ce6119: start LeaderElection
2019-09-19 10:46:44,538 [Thread-251] INFO  impl.FollowerState (FollowerState.java:run(106)) - c9baf647-08c3-4366-86b9-39150e9e3608:group-7EB238C3CBC3 changes to CANDIDATE, lastRpcTime:5028, electionTimeout:5028ms
2019-09-19 10:46:44,539 [Thread-251] INFO  impl.RoleInfo (RoleInfo.java:shutdownFollowerState(121)) - c9baf647-08c3-4366-86b9-39150e9e3608: shutdown FollowerState
2019-09-19 10:46:44,539 [Thread-251] INFO  impl.RaftServerImpl (RaftServerImpl.java:setRole(174)) - c9baf647-08c3-4366-86b9-39150e9e3608@group-7EB238C3CBC3: changes role from  FOLLOWER to CANDIDATE at term 0 for changeToCandidate
2019-09-19 10:46:44,539 [Thread-251] INFO  impl.RoleInfo (RoleInfo.java:updateAndGet(143)) - c9baf647-08c3-4366-86b9-39150e9e3608: start LeaderElection
2019-09-19 10:46:44,649 [Thread-250] INFO  impl.FollowerState (FollowerState.java:run(106)) - cdd88cb1-716b-4e52-8ddf-d696aacac702:group-7EB238C3CBC3 changes to CANDIDATE, lastRpcTime:5140, electionTimeout:5140ms
2019-09-19 10:46:44,649 [Thread-250] INFO  impl.RoleInfo (RoleInfo.java:shutdownFollowerState(121)) - cdd88cb1-716b-4e52-8ddf-d696aacac702: shutdown FollowerState
2019-09-19 10:46:44,650 [Thread-250] INFO  impl.RaftServerImpl (RaftServerImpl.java:setRole(174)) - cdd88cb1-716b-4e52-8ddf-d696aacac702@group-7EB238C3CBC3: changes role from  FOLLOWER to CANDIDATE at term 0 for changeToCandidate
2019-09-19 10:46:44,650 [Thread-250] INFO  impl.RoleInfo (RoleInfo.java:updateAndGet(143)) - cdd88cb1-716b-4e52-8ddf-d696aacac702: start LeaderElection
2019-09-19 10:46:45,717 [Thread-265] INFO  impl.FollowerState (FollowerState.java:run(106)) - 0d4e421f-a580-438c-824a-2881e7ce6119:group-7EB238C3CBC3 changes to CANDIDATE, lastRpcTime:5049, electionTimeout:5049ms
2019-09-19 10:46:45,717 [Thread-265] INFO  impl.RoleInfo (RoleInfo.java:shutdownFollowerState(121)) - 0d4e421f-a580-438c-824a-2881e7ce6119: shutdown FollowerState
2019-09-19 10:46:45,718 [Thread-265] INFO  impl.RaftServerImpl (RaftServerImpl.java:setRole(174)) - 0d4e421f-a580-438c-824a-2881e7ce6119@group-7EB238C3CBC3: changes role from  FOLLOWER to CANDIDATE at term 0 for changeToCandidate
2019-09-19 10:46:45,718 [Thread-265] INFO  impl.RoleInfo (RoleInfo.java:updateAndGet(143)) - 0d4e421f-a580-438c-824a-2881e7ce6119: start LeaderElection
2019-09-19 10:46:46,261 [0d4e421f-a580-438c-824a-2881e7ce6119@group-9CC0A7FE6135:LeaderElection6] INFO  impl.LeaderElection (LeaderElection.java:askForVotes(182)) - 0d4e421f-a580-438c-824a-2881e7ce6119@group-9CC0A7FE6135:LeaderElection6: begin an election at term 1 for -1: [0d4e421f-a580-438c-824a-2881e7ce6119:192.168.5.171:46782], old=null
2019-09-19 10:46:46,262 [0d4e421f-a580-438c-824a-2881e7ce6119@group-9CC0A7FE6135:LeaderElection6] INFO  impl.RoleInfo (RoleInfo.java:shutdownLeaderElection(134)) - 0d4e421f-a580-438c-824a-2881e7ce6119: shutdown LeaderElection
2019-09-19 10:46:46,262 [0d4e421f-a580-438c-824a-2881e7ce6119@group-9CC0A7FE6135:LeaderElection6] INFO  impl.RaftServerImpl (RaftServerImpl.java:setRole(174)) - 0d4e421f-a580-438c-824a-2881e7ce6119@group-9CC0A7FE6135: changes role from CANDIDATE to LEADER at term 1 for changeToLeader
2019-09-19 10:46:46,262 [0d4e421f-a580-438c-824a-2881e7ce6119@group-9CC0A7FE6135:LeaderElection6] INFO  impl.RaftServerImpl (ServerState.java:setLeader(253)) - 0d4e421f-a580-438c-824a-2881e7ce6119@group-9CC0A7FE6135: change Leader from null to 0d4e421f-a580-438c-824a-2881e7ce6119 at term 1 for becomeLeader, leader elected after 10708ms
2019-09-19 10:46:46,262 [0d4e421f-a580-438c-824a-2881e7ce6119@group-9CC0A7FE6135:LeaderElection6] INFO  server.RaftServerConfigKeys (ConfUtils.java:logGet(43)) - raft.server.staging.catchup.gap = 1000 (default)
2019-09-19 10:46:46,262 [0d4e421f-a580-438c-824a-2881e7ce6119@group-9CC0A7FE6135:LeaderElection6] INFO  server.RaftServerConfigKeys (ConfUtils.java:logGet(43)) - raft.server.rpc.sleep.time = 25ms (default)
2019-09-19 10:46:46,263 [0d4e421f-a580-438c-824a-2881e7ce6119@group-9CC0A7FE6135:LeaderElection6] INFO  server.RaftServerConfigKeys (ConfUtils.java:logGet(43)) - raft.server.write.element-limit = 4096 (default)
2019-09-19 10:46:46,263 [0d4e421f-a580-438c-824a-2881e7ce6119@group-9CC0A7FE6135:LeaderElection6] INFO  server.RaftServerConfigKeys (ConfUtils.java:logGet(43)) - raft.server.watch.timeout = 10s (default)
2019-09-19 10:46:46,263 [0d4e421f-a580-438c-824a-2881e7ce6119@group-9CC0A7FE6135:LeaderElection6] INFO  server.RaftServerConfigKeys (ConfUtils.java:logGet(43)) - raft.server.watch.timeout.denomination = 1s (default)
2019-09-19 10:46:46,263 [0d4e421f-a580-438c-824a-2881e7ce6119@group-9CC0A7FE6135:LeaderElection6] INFO  server.RaftServerConfigKeys (ConfUtils.java:logGet(43)) - raft.server.watch.element-limit = 65536 (default)
2019-09-19 10:46:46,266 [0d4e421f-a580-438c-824a-2881e7ce6119@group-9CC0A7FE6135:LeaderElection6] INFO  impl.RoleInfo (RoleInfo.java:updateAndGet(143)) - 0d4e421f-a580-438c-824a-2881e7ce6119: start LeaderState
2019-09-19 10:46:46,267 [0d4e421f-a580-438c-824a-2881e7ce6119@group-9CC0A7FE6135:LeaderElection6] INFO  segmented.SegmentedRaftLogWorker (SegmentedRaftLogWorker.java:startLogSegment(380)) - 0d4e421f-a580-438c-824a-2881e7ce6119@group-9CC0A7FE6135-SegmentedRaftLogWorker: Starting segment from index:0
2019-09-19 10:46:46,267 [0d4e421f-a580-438c-824a-2881e7ce6119@group-9CC0A7FE6135:LeaderElection6] INFO  impl.RaftServerImpl (ServerState.java:setRaftConf(354)) - 0d4e421f-a580-438c-824a-2881e7ce6119@group-9CC0A7FE6135: set configuration 0: [0d4e421f-a580-438c-824a-2881e7ce6119:192.168.5.171:46782], old=null at 0
2019-09-19 10:46:47,492 [c9baf647-08c3-4366-86b9-39150e9e3608@group-7EB238C3CBC3:LeaderElection7] INFO  impl.LeaderElection (LeaderElection.java:askForVotes(182)) - c9baf647-08c3-4366-86b9-39150e9e3608@group-7EB238C3CBC3:LeaderElection7: begin an election at term 1 for -1: [c9baf647-08c3-4366-86b9-39150e9e3608:192.168.5.171:34562, cdd88cb1-716b-4e52-8ddf-d696aacac702:192.168.5.171:38745, 0d4e421f-a580-438c-824a-2881e7ce6119:192.168.5.171:46782], old=null
2019-09-19 10:46:47,492 [cdd88cb1-716b-4e52-8ddf-d696aacac702@group-7EB238C3CBC3:LeaderElection8] INFO  impl.LeaderElection (LeaderElection.java:askForVotes(182)) - cdd88cb1-716b-4e52-8ddf-d696aacac702@group-7EB238C3CBC3:LeaderElection8: begin an election at term 1 for -1: [c9baf647-08c3-4366-86b9-39150e9e3608:192.168.5.171:34562, cdd88cb1-716b-4e52-8ddf-d696aacac702:192.168.5.171:38745, 0d4e421f-a580-438c-824a-2881e7ce6119:192.168.5.171:46782], old=null
2019-09-19 10:46:47,492 [0d4e421f-a580-438c-824a-2881e7ce6119@group-7EB238C3CBC3:LeaderElection9] INFO  impl.LeaderElection (LeaderElection.java:askForVotes(182)) - 0d4e421f-a580-438c-824a-2881e7ce6119@group-7EB238C3CBC3:LeaderElection9: begin an election at term 1 for -1: [c9baf647-08c3-4366-86b9-39150e9e3608:192.168.5.171:34562, cdd88cb1-716b-4e52-8ddf-d696aacac702:192.168.5.171:38745, 0d4e421f-a580-438c-824a-2881e7ce6119:192.168.5.171:46782], old=null
2019-09-19 10:46:47,516 [c9baf647-08c3-4366-86b9-39150e9e3608@group-7EB238C3CBC3:LeaderElection7] INFO  impl.LeaderElection (LeaderElection.java:logAndReturn(56)) - c9baf647-08c3-4366-86b9-39150e9e3608@group-7EB238C3CBC3:LeaderElection7: Election REJECTED; received 2 response(s) [c9baf647-08c3-4366-86b9-39150e9e3608<-cdd88cb1-716b-4e52-8ddf-d696aacac702#0:FAIL-t1, c9baf647-08c3-4366-86b9-39150e9e3608<-0d4e421f-a580-438c-824a-2881e7ce6119#0:FAIL-t1] and 0 exception(s); c9baf647-08c3-4366-86b9-39150e9e3608@group-7EB238C3CBC3:t1, leader=null, voted=c9baf647-08c3-4366-86b9-39150e9e3608, raftlog=c9baf647-08c3-4366-86b9-39150e9e3608@group-7EB238C3CBC3-SegmentedRaftLog:OPENED:c-1,f-1,i0, conf=-1: [c9baf647-08c3-4366-86b9-39150e9e3608:192.168.5.171:34562, cdd88cb1-716b-4e52-8ddf-d696aacac702:192.168.5.171:38745, 0d4e421f-a580-438c-824a-2881e7ce6119:192.168.5.171:46782], old=null
2019-09-19 10:46:47,517 [c9baf647-08c3-4366-86b9-39150e9e3608@group-7EB238C3CBC3:LeaderElection7] INFO  impl.RaftServerImpl (RaftServerImpl.java:setRole(174)) - c9baf647-08c3-4366-86b9-39150e9e3608@group-7EB238C3CBC3: changes role from CANDIDATE to FOLLOWER at term 1 for DISCOVERED_A_NEW_TERM
2019-09-19 10:46:47,519 [c9baf647-08c3-4366-86b9-39150e9e3608@group-7EB238C3CBC3:LeaderElection7] INFO  impl.RoleInfo (RoleInfo.java:shutdownLeaderElection(134)) - c9baf647-08c3-4366-86b9-39150e9e3608: shutdown LeaderElection
2019-09-19 10:46:47,525 [c9baf647-08c3-4366-86b9-39150e9e3608@group-7EB238C3CBC3:LeaderElection7] INFO  impl.RoleInfo (RoleInfo.java:updateAndGet(143)) - c9baf647-08c3-4366-86b9-39150e9e3608: start FollowerState
2019-09-19 10:46:47,528 [cdd88cb1-716b-4e52-8ddf-d696aacac702@group-7EB238C3CBC3:LeaderElection8] INFO  impl.LeaderElection (LeaderElection.java:logAndReturn(56)) - cdd88cb1-716b-4e52-8ddf-d696aacac702@group-7EB238C3CBC3:LeaderElection8: Election REJECTED; received 2 response(s) [cdd88cb1-716b-4e52-8ddf-d696aacac702<-c9baf647-08c3-4366-86b9-39150e9e3608#0:FAIL-t1, cdd88cb1-716b-4e52-8ddf-d696aacac702<-0d4e421f-a580-438c-824a-2881e7ce6119#0:FAIL-t1] and 0 exception(s); cdd88cb1-716b-4e52-8ddf-d696aacac702@group-7EB238C3CBC3:t1, leader=null, voted=cdd88cb1-716b-4e52-8ddf-d696aacac702, raftlog=cdd88cb1-716b-4e52-8ddf-d696aacac702@group-7EB238C3CBC3-SegmentedRaftLog:OPENED:c-1,f-1,i0, conf=-1: [c9baf647-08c3-4366-86b9-39150e9e3608:192.168.5.171:34562, cdd88cb1-716b-4e52-8ddf-d696aacac702:192.168.5.171:38745, 0d4e421f-a580-438c-824a-2881e7ce6119:192.168.5.171:46782], old=null
2019-09-19 10:46:47,530 [cdd88cb1-716b-4e52-8ddf-d696aacac702@group-7EB238C3CBC3:LeaderElection8] INFO  impl.RaftServerImpl (RaftServerImpl.java:setRole(174)) - cdd88cb1-716b-4e52-8ddf-d696aacac702@group-7EB238C3CBC3: changes role from CANDIDATE to FOLLOWER at term 1 for DISCOVERED_A_NEW_TERM
2019-09-19 10:46:47,532 [cdd88cb1-716b-4e52-8ddf-d696aacac702@group-7EB238C3CBC3:LeaderElection8] INFO  impl.RoleInfo (RoleInfo.java:shutdownLeaderElection(134)) - cdd88cb1-716b-4e52-8ddf-d696aacac702: shutdown LeaderElection
2019-09-19 10:46:47,532 [cdd88cb1-716b-4e52-8ddf-d696aacac702@group-7EB238C3CBC3:LeaderElection8] INFO  impl.RoleInfo (RoleInfo.java:updateAndGet(143)) - cdd88cb1-716b-4e52-8ddf-d696aacac702: start FollowerState
2019-09-19 10:46:47,535 [0d4e421f-a580-438c-824a-2881e7ce6119@group-7EB238C3CBC3:LeaderElection9] INFO  impl.LeaderElection (LeaderElection.java:logAndReturn(56)) - 0d4e421f-a580-438c-824a-2881e7ce6119@group-7EB238C3CBC3:LeaderElection9: Election REJECTED; received 2 response(s) [0d4e421f-a580-438c-824a-2881e7ce6119<-c9baf647-08c3-4366-86b9-39150e9e3608#0:FAIL-t1, 0d4e421f-a580-438c-824a-2881e7ce6119<-cdd88cb1-716b-4e52-8ddf-d696aacac702#0:FAIL-t1] and 0 exception(s); 0d4e421f-a580-438c-824a-2881e7ce6119@group-7EB238C3CBC3:t1, leader=null, voted=0d4e421f-a580-438c-824a-2881e7ce6119, raftlog=0d4e421f-a580-438c-824a-2881e7ce6119@group-7EB238C3CBC3-SegmentedRaftLog:OPENED:c-1,f-1,i0, conf=-1: [c9baf647-08c3-4366-86b9-39150e9e3608:192.168.5.171:34562, cdd88cb1-716b-4e52-8ddf-d696aacac702:192.168.5.171:38745, 0d4e421f-a580-438c-824a-2881e7ce6119:192.168.5.171:46782], old=null
2019-09-19 10:46:47,537 [0d4e421f-a580-438c-824a-2881e7ce6119@group-7EB238C3CBC3:LeaderElection9] INFO  impl.RaftServerImpl (RaftServerImpl.java:setRole(174)) - 0d4e421f-a580-438c-824a-2881e7ce6119@group-7EB238C3CBC3: changes role from CANDIDATE to FOLLOWER at term 1 for DISCOVERED_A_NEW_TERM
2019-09-19 10:46:47,538 [0d4e421f-a580-438c-824a-2881e7ce6119@group-7EB238C3CBC3:LeaderElection9] INFO  impl.RoleInfo (RoleInfo.java:shutdownLeaderElection(134)) - 0d4e421f-a580-438c-824a-2881e7ce6119: shutdown LeaderElection
2019-09-19 10:46:47,539 [0d4e421f-a580-438c-824a-2881e7ce6119@group-7EB238C3CBC3:LeaderElection9] INFO  impl.RoleInfo (RoleInfo.java:updateAndGet(143)) - 0d4e421f-a580-438c-824a-2881e7ce6119: start FollowerState
2019-09-19 10:46:49,340 [0d4e421f-a580-438c-824a-2881e7ce6119@group-9CC0A7FE6135-SegmentedRaftLogWorker] INFO  segmented.SegmentedRaftLogWorker (SegmentedRaftLogWorker.java:execute(569)) - 0d4e421f-a580-438c-824a-2881e7ce6119@group-9CC0A7FE6135-SegmentedRaftLogWorker: created new log segment /workdir/hadoop-ozone/ozonefs/target/test-dir/MiniOzoneClusterImpl-a851322c-baef-453f-943c-3a09e8b40232/datanode-0/data/ratis/16164b61-5145-4c3d-bc32-9cc0a7fe6135/current/log_inprogress_0
2019-09-19 10:46:52,574 [Thread-325] INFO  impl.FollowerState (FollowerState.java:run(106)) - c9baf647-08c3-4366-86b9-39150e9e3608:group-7EB238C3CBC3 changes to CANDIDATE, lastRpcTime:5049, electionTimeout:5046ms
2019-09-19 10:46:52,575 [Thread-325] INFO  impl.RoleInfo (RoleInfo.java:shutdownFollowerState(121)) - c9baf647-08c3-4366-86b9-39150e9e3608: shutdown FollowerState
2019-09-19 10:46:52,575 [Thread-325] INFO  impl.RaftServerImpl (RaftServerImpl.java:setRole(174)) - c9baf647-08c3-4366-86b9-39150e9e3608@group-7EB238C3CBC3: changes role from  FOLLOWER to CANDIDATE at term 1 for changeToCandidate
2019-09-19 10:46:52,575 [Thread-325] INFO  impl.RoleInfo (RoleInfo.java:updateAndGet(143)) - c9baf647-08c3-4366-86b9-39150e9e3608: start LeaderElection
2019-09-19 10:46:52,619 [Thread-326] INFO  impl.FollowerState (FollowerState.java:run(106)) - cdd88cb1-716b-4e52-8ddf-d696aacac702:group-7EB238C3CBC3 changes to CANDIDATE, lastRpcTime:5086, electionTimeout:5084ms
2019-09-19 10:46:52,619 [Thread-326] INFO  impl.RoleInfo (RoleInfo.java:shutdownFollowerState(121)) - cdd88cb1-716b-4e52-8ddf-d696aacac702: shutdown FollowerState
2019-09-19 10:46:52,619 [Thread-326] INFO  impl.RaftServerImpl (RaftServerImpl.java:setRole(174)) - cdd88cb1-716b-4e52-8ddf-d696aacac702@group-7EB238C3CBC3: changes role from  FOLLOWER to CANDIDATE at term 1 for changeToCandidate
2019-09-19 10:46:52,619 [Thread-326] INFO  impl.RoleInfo (RoleInfo.java:updateAndGet(143)) - cdd88cb1-716b-4e52-8ddf-d696aacac702: start LeaderElection
2019-09-19 10:46:52,697 [Thread-327] INFO  impl.FollowerState (FollowerState.java:run(106)) - 0d4e421f-a580-438c-824a-2881e7ce6119:group-7EB238C3CBC3 changes to CANDIDATE, lastRpcTime:5158, electionTimeout:5158ms
2019-09-19 10:46:52,698 [Thread-327] INFO  impl.RoleInfo (RoleInfo.java:shutdownFollowerState(121)) - 0d4e421f-a580-438c-824a-2881e7ce6119: shutdown FollowerState
2019-09-19 10:46:52,698 [Thread-327] INFO  impl.RaftServerImpl (RaftServerImpl.java:setRole(174)) - 0d4e421f-a580-438c-824a-2881e7ce6119@group-7EB238C3CBC3: changes role from  FOLLOWER to CANDIDATE at term 1 for changeToCandidate
2019-09-19 10:46:52,698 [Thread-327] INFO  impl.RoleInfo (RoleInfo.java:updateAndGet(143)) - 0d4e421f-a580-438c-824a-2881e7ce6119: start LeaderElection
2019-09-19 10:46:53,512 [cdd88cb1-716b-4e52-8ddf-d696aacac702@group-7EB238C3CBC3:LeaderElection11] INFO  impl.LeaderElection (LeaderElection.java:askForVotes(182)) - cdd88cb1-716b-4e52-8ddf-d696aacac702@group-7EB238C3CBC3:LeaderElection11: begin an election at term 2 for -1: [c9baf647-08c3-4366-86b9-39150e9e3608:192.168.5.171:34562, cdd88cb1-716b-4e52-8ddf-d696aacac702:192.168.5.171:38745, 0d4e421f-a580-438c-824a-2881e7ce6119:192.168.5.171:46782], old=null
2019-09-19 10:46:53,512 [c9baf647-08c3-4366-86b9-39150e9e3608@group-7EB238C3CBC3:LeaderElection10] INFO  impl.LeaderElection (LeaderElection.java:askForVotes(182)) - c9baf647-08c3-4366-86b9-39150e9e3608@group-7EB238C3CBC3:LeaderElection10: begin an election at term 2 for -1: [c9baf647-08c3-4366-86b9-39150e9e3608:192.168.5.171:34562, cdd88cb1-716b-4e52-8ddf-d696aacac702:192.168.5.171:38745, 0d4e421f-a580-438c-824a-2881e7ce6119:192.168.5.171:46782], old=null
2019-09-19 10:46:55,489 [0d4e421f-a580-438c-824a-2881e7ce6119@group-7EB238C3CBC3:LeaderElection12] INFO  impl.LeaderElection (LeaderElection.java:askForVotes(182)) - 0d4e421f-a580-438c-824a-2881e7ce6119@group-7EB238C3CBC3:LeaderElection12: begin an election at term 2 for -1: [c9baf647-08c3-4366-86b9-39150e9e3608:192.168.5.171:34562, cdd88cb1-716b-4e52-8ddf-d696aacac702:192.168.5.171:38745, 0d4e421f-a580-438c-824a-2881e7ce6119:192.168.5.171:46782], old=null
2019-09-19 10:46:55,499 [cdd88cb1-716b-4e52-8ddf-d696aacac702@group-7EB238C3CBC3:LeaderElection11] INFO  impl.LeaderElection (LeaderElection.java:logAndReturn(56)) - cdd88cb1-716b-4e52-8ddf-d696aacac702@group-7EB238C3CBC3:LeaderElection11: Election REJECTED; received 2 response(s) [cdd88cb1-716b-4e52-8ddf-d696aacac702<-c9baf647-08c3-4366-86b9-39150e9e3608#0:FAIL-t2, cdd88cb1-716b-4e52-8ddf-d696aacac702<-0d4e421f-a580-438c-824a-2881e7ce6119#0:FAIL-t2] and 0 exception(s); cdd88cb1-716b-4e52-8ddf-d696aacac702@group-7EB238C3CBC3:t2, leader=null, voted=cdd88cb1-716b-4e52-8ddf-d696aacac702, raftlog=cdd88cb1-716b-4e52-8ddf-d696aacac702@group-7EB238C3CBC3-SegmentedRaftLog:OPENED:c-1,f-1,i0, conf=-1: [c9baf647-08c3-4366-86b9-39150e9e3608:192.168.5.171:34562, cdd88cb1-716b-4e52-8ddf-d696aacac702:192.168.5.171:38745, 0d4e421f-a580-438c-824a-2881e7ce6119:192.168.5.171:46782], old=null
2019-09-19 10:46:55,499 [c9baf647-08c3-4366-86b9-39150e9e3608@group-7EB238C3CBC3:LeaderElection10] INFO  impl.LeaderElection (LeaderElection.java:logAndReturn(56)) - c9baf647-08c3-4366-86b9-39150e9e3608@group-7EB238C3CBC3:LeaderElection10: Election REJECTED; received 2 response(s) [c9baf647-08c3-4366-86b9-39150e9e3608<-cdd88cb1-716b-4e52-8ddf-d696aacac702#0:FAIL-t2, c9baf647-08c3-4366-86b9-39150e9e3608<-0d4e421f-a580-438c-824a-2881e7ce6119#0:FAIL-t2] and 0 exception(s); c9baf647-08c3-4366-86b9-39150e9e3608@group-7EB238C3CBC3:t2, leader=null, voted=c9baf647-08c3-4366-86b9-39150e9e3608, raftlog=c9baf647-08c3-4366-86b9-39150e9e3608@group-7EB238C3CBC3-SegmentedRaftLog:OPENED:c-1,f-1,i0, conf=-1: [c9baf647-08c3-4366-86b9-39150e9e3608:192.168.5.171:34562, cdd88cb1-716b-4e52-8ddf-d696aacac702:192.168.5.171:38745, 0d4e421f-a580-438c-824a-2881e7ce6119:192.168.5.171:46782], old=null
2019-09-19 10:46:55,500 [cdd88cb1-716b-4e52-8ddf-d696aacac702@group-7EB238C3CBC3:LeaderElection11] INFO  impl.RaftServerImpl (RaftServerImpl.java:setRole(174)) - cdd88cb1-716b-4e52-8ddf-d696aacac702@group-7EB238C3CBC3: changes role from CANDIDATE to FOLLOWER at term 2 for DISCOVERED_A_NEW_TERM
2019-09-19 10:46:55,505 [c9baf647-08c3-4366-86b9-39150e9e3608@group-7EB238C3CBC3:LeaderElection10] INFO  impl.RaftServerImpl (RaftServerImpl.java:setRole(174)) - c9baf647-08c3-4366-86b9-39150e9e3608@group-7EB238C3CBC3: changes role from CANDIDATE to FOLLOWER at term 2 for DISCOVERED_A_NEW_TERM
2019-09-19 10:46:55,507 [cdd88cb1-716b-4e52-8ddf-d696aacac702@group-7EB238C3CBC3:LeaderElection11] INFO  impl.RoleInfo (RoleInfo.java:shutdownLeaderElection(134)) - cdd88cb1-716b-4e52-8ddf-d696aacac702: shutdown LeaderElection
2019-09-19 10:46:55,510 [c9baf647-08c3-4366-86b9-39150e9e3608@group-7EB238C3CBC3:LeaderElection10] INFO  impl.RoleInfo (RoleInfo.java:shutdownLeaderElection(134)) - c9baf647-08c3-4366-86b9-39150e9e3608: shutdown LeaderElection
2019-09-19 10:46:55,523 [cdd88cb1-716b-4e52-8ddf-d696aacac702@group-7EB238C3CBC3:LeaderElection11] INFO  impl.RoleInfo (RoleInfo.java:updateAndGet(143)) - cdd88cb1-716b-4e52-8ddf-d696aacac702: start FollowerState
2019-09-19 10:46:55,523 [c9baf647-08c3-4366-86b9-39150e9e3608@group-7EB238C3CBC3:LeaderElection10] INFO  impl.RoleInfo (RoleInfo.java:updateAndGet(143)) - c9baf647-08c3-4366-86b9-39150e9e3608: start FollowerState
2019-09-19 10:46:55,532 [0d4e421f-a580-438c-824a-2881e7ce6119@group-7EB238C3CBC3:LeaderElection12] INFO  impl.LeaderElection (LeaderElection.java:logAndReturn(56)) - 0d4e421f-a580-438c-824a-2881e7ce6119@group-7EB238C3CBC3:LeaderElection12: Election REJECTED; received 2 response(s) [0d4e421f-a580-438c-824a-2881e7ce6119<-c9baf647-08c3-4366-86b9-39150e9e3608#0:FAIL-t2, 0d4e421f-a580-438c-824a-2881e7ce6119<-cdd88cb1-716b-4e52-8ddf-d696aacac702#0:FAIL-t2] and 0 exception(s); 0d4e421f-a580-438c-824a-2881e7ce6119@group-7EB238C3CBC3:t2, leader=null, voted=0d4e421f-a580-438c-824a-2881e7ce6119, raftlog=0d4e421f-a580-438c-824a-2881e7ce6119@group-7EB238C3CBC3-SegmentedRaftLog:OPENED:c-1,f-1,i0, conf=-1: [c9baf647-08c3-4366-86b9-39150e9e3608:192.168.5.171:34562, cdd88cb1-716b-4e52-8ddf-d696aacac702:192.168.5.171:38745, 0d4e421f-a580-438c-824a-2881e7ce6119:192.168.5.171:46782], old=null
2019-09-19 10:46:55,533 [0d4e421f-a580-438c-824a-2881e7ce6119@group-7EB238C3CBC3:LeaderElection12] INFO  impl.RaftServerImpl (RaftServerImpl.java:setRole(174)) - 0d4e421f-a580-438c-824a-2881e7ce6119@group-7EB238C3CBC3: changes role from CANDIDATE to FOLLOWER at term 2 for DISCOVERED_A_NEW_TERM
2019-09-19 10:46:55,533 [0d4e421f-a580-438c-824a-2881e7ce6119@group-7EB238C3CBC3:LeaderElection12] INFO  impl.RoleInfo (RoleInfo.java:shutdownLeaderElection(134)) - 0d4e421f-a580-438c-824a-2881e7ce6119: shutdown LeaderElection
2019-09-19 10:46:55,533 [0d4e421f-a580-438c-824a-2881e7ce6119@group-7EB238C3CBC3:LeaderElection12] INFO  impl.RoleInfo (RoleInfo.java:updateAndGet(143)) - 0d4e421f-a580-438c-824a-2881e7ce6119: start FollowerState
2019-09-19 10:47:00,537 [Thread-366] INFO  impl.FollowerState (FollowerState.java:run(106)) - c9baf647-08c3-4366-86b9-39150e9e3608:group-7EB238C3CBC3 changes to CANDIDATE, lastRpcTime:5014, electionTimeout:5007ms
2019-09-19 10:47:00,541 [Thread-366] INFO  impl.RoleInfo (RoleInfo.java:shutdownFollowerState(121)) - c9baf647-08c3-4366-86b9-39150e9e3608: shutdown FollowerState
2019-09-19 10:47:00,541 [Thread-366] INFO  impl.RaftServerImpl (RaftServerImpl.java:setRole(174)) - c9baf647-08c3-4366-86b9-39150e9e3608@group-7EB238C3CBC3: changes role from  FOLLOWER to CANDIDATE at term 2 for changeToCandidate
2019-09-19 10:47:00,542 [Thread-366] INFO  impl.RoleInfo (RoleInfo.java:updateAndGet(143)) - c9baf647-08c3-4366-86b9-39150e9e3608: start LeaderElection
2019-09-19 10:47:00,696 [Thread-365] INFO  impl.FollowerState (FollowerState.java:run(106)) - cdd88cb1-716b-4e52-8ddf-d696aacac702:group-7EB238C3CBC3 changes to CANDIDATE, lastRpcTime:5173, electionTimeout:5166ms
2019-09-19 10:47:00,697 [Thread-365] INFO  impl.RoleInfo (RoleInfo.java:shutdownFollowerState(121)) - cdd88cb1-716b-4e52-8ddf-d696aacac702: shutdown FollowerState
2019-09-19 10:47:00,697 [Thread-365] INFO  impl.RaftServerImpl (RaftServerImpl.java:setRole(174)) - cdd88cb1-716b-4e52-8ddf-d696aacac702@group-7EB238C3CBC3: changes role from  FOLLOWER to CANDIDATE at term 2 for changeToCandidate
2019-09-19 10:47:00,697 [Thread-365] INFO  impl.RoleInfo (RoleInfo.java:updateAndGet(143)) - cdd88cb1-716b-4e52-8ddf-d696aacac702: start LeaderElection
2019-09-19 10:47:00,708 [Thread-367] INFO  impl.FollowerState (FollowerState.java:run(106)) - 0d4e421f-a580-438c-824a-2881e7ce6119:group-7EB238C3CBC3 changes to CANDIDATE, lastRpcTime:5174, electionTimeout:5174ms
2019-09-19 10:47:00,708 [Thread-367] INFO  impl.RoleInfo (RoleInfo.java:shutdownFollowerState(121)) - 0d4e421f-a580-438c-824a-2881e7ce6119: shutdown FollowerState
2019-09-19 10:47:00,708 [Thread-367] INFO  impl.RaftServerImpl (RaftServerImpl.java:setRole(174)) - 0d4e421f-a580-438c-824a-2881e7ce6119@group-7EB238C3CBC3: changes role from  FOLLOWER to CANDIDATE at term 2 for changeToCandidate
2019-09-19 10:47:00,709 [Thread-367] INFO  impl.RoleInfo (RoleInfo.java:updateAndGet(143)) - 0d4e421f-a580-438c-824a-2881e7ce6119: start LeaderElection
2019-09-19 10:47:00,995 [c9baf647-08c3-4366-86b9-39150e9e3608@group-7EB238C3CBC3:LeaderElection13] INFO  impl.LeaderElection (LeaderElection.java:askForVotes(182)) - c9baf647-08c3-4366-86b9-39150e9e3608@group-7EB238C3CBC3:LeaderElection13: begin an election at term 3 for -1: [c9baf647-08c3-4366-86b9-39150e9e3608:192.168.5.171:34562, cdd88cb1-716b-4e52-8ddf-d696aacac702:192.168.5.171:38745, 0d4e421f-a580-438c-824a-2881e7ce6119:192.168.5.171:46782], old=null
2019-09-19 10:47:01,635 [0d4e421f-a580-438c-824a-2881e7ce6119@group-7EB238C3CBC3:LeaderElection15] INFO  impl.LeaderElection (LeaderElection.java:askForVotes(182)) - 0d4e421f-a580-438c-824a-2881e7ce6119@group-7EB238C3CBC3:LeaderElection15: begin an election at term 3 for -1: [c9baf647-08c3-4366-86b9-39150e9e3608:192.168.5.171:34562, cdd88cb1-716b-4e52-8ddf-d696aacac702:192.168.5.171:38745, 0d4e421f-a580-438c-824a-2881e7ce6119:192.168.5.171:46782], old=null
2019-09-19 10:47:01,635 [cdd88cb1-716b-4e52-8ddf-d696aacac702@group-7EB238C3CBC3:LeaderElection14] INFO  impl.LeaderElection (LeaderElection.java:askForVotes(182)) - cdd88cb1-716b-4e52-8ddf-d696aacac702@group-7EB238C3CBC3:LeaderElection14: begin an election at term 3 for -1: [c9baf647-08c3-4366-86b9-39150e9e3608:192.168.5.171:34562, cdd88cb1-716b-4e52-8ddf-d696aacac702:192.168.5.171:38745, 0d4e421f-a580-438c-824a-2881e7ce6119:192.168.5.171:46782], old=null
2019-09-19 10:47:01,638 [c9baf647-08c3-4366-86b9-39150e9e3608@group-7EB238C3CBC3:LeaderElection13] INFO  impl.LeaderElection (LeaderElection.java:logAndReturn(56)) - c9baf647-08c3-4366-86b9-39150e9e3608@group-7EB238C3CBC3:LeaderElection13: Election REJECTED; received 2 response(s) [c9baf647-08c3-4366-86b9-39150e9e3608<-cdd88cb1-716b-4e52-8ddf-d696aacac702#0:FAIL-t3, c9baf647-08c3-4366-86b9-39150e9e3608<-0d4e421f-a580-438c-824a-2881e7ce6119#0:FAIL-t3] and 0 exception(s); c9baf647-08c3-4366-86b9-39150e9e3608@group-7EB238C3CBC3:t3, leader=null, voted=c9baf647-08c3-4366-86b9-39150e9e3608, raftlog=c9baf647-08c3-4366-86b9-39150e9e3608@group-7EB238C3CBC3-SegmentedRaftLog:OPENED:c-1,f-1,i0, conf=-1: [c9baf647-08c3-4366-86b9-39150e9e3608:192.168.5.171:34562, cdd88cb1-716b-4e52-8ddf-d696aacac702:192.168.5.171:38745, 0d4e421f-a580-438c-824a-2881e7ce6119:192.168.5.171:46782], old=null
2019-09-19 10:47:01,638 [c9baf647-08c3-4366-86b9-39150e9e3608@group-7EB238C3CBC3:LeaderElection13] INFO  impl.RaftServerImpl (RaftServerImpl.java:setRole(174)) - c9baf647-08c3-4366-86b9-39150e9e3608@group-7EB238C3CBC3: changes role from CANDIDATE to FOLLOWER at term 3 for DISCOVERED_A_NEW_TERM
2019-09-19 10:47:01,638 [c9baf647-08c3-4366-86b9-39150e9e3608@group-7EB238C3CBC3:LeaderElection13] INFO  impl.RoleInfo (RoleInfo.java:shutdownLeaderElection(134)) - c9baf647-08c3-4366-86b9-39150e9e3608: shutdown LeaderElection
2019-09-19 10:47:01,639 [c9baf647-08c3-4366-86b9-39150e9e3608@group-7EB238C3CBC3:LeaderElection13] INFO  impl.RoleInfo (RoleInfo.java:updateAndGet(143)) - c9baf647-08c3-4366-86b9-39150e9e3608: start FollowerState
2019-09-19 10:47:01,641 [cdd88cb1-716b-4e52-8ddf-d696aacac702@group-7EB238C3CBC3:LeaderElection14] INFO  impl.LeaderElection (LeaderElection.java:logAndReturn(56)) - cdd88cb1-716b-4e52-8ddf-d696aacac702@group-7EB238C3CBC3:LeaderElection14: Election REJECTED; received 2 response(s) [cdd88cb1-716b-4e52-8ddf-d696aacac702<-c9baf647-08c3-4366-86b9-39150e9e3608#0:FAIL-t3, cdd88cb1-716b-4e52-8ddf-d696aacac702<-0d4e421f-a580-438c-824a-2881e7ce6119#0:FAIL-t3] and 0 exception(s); cdd88cb1-716b-4e52-8ddf-d696aacac702@group-7EB238C3CBC3:t3, leader=null, voted=cdd88cb1-716b-4e52-8ddf-d696aacac702, raftlog=cdd88cb1-716b-4e52-8ddf-d696aacac702@group-7EB238C3CBC3-SegmentedRaftLog:OPENED:c-1,f-1,i0, conf=-1: [c9baf647-08c3-4366-86b9-39150e9e3608:192.168.5.171:34562, cdd88cb1-716b-4e52-8ddf-d696aacac702:192.168.5.171:38745, 0d4e421f-a580-438c-824a-2881e7ce6119:192.168.5.171:46782], old=null
2019-09-19 10:47:01,644 [cdd88cb1-716b-4e52-8ddf-d696aacac702@group-7EB238C3CBC3:LeaderElection14] INFO  impl.RaftServerImpl (RaftServerImpl.java:setRole(174)) - cdd88cb1-716b-4e52-8ddf-d696aacac702@group-7EB238C3CBC3: changes role from CANDIDATE to FOLLOWER at term 3 for DISCOVERED_A_NEW_TERM
2019-09-19 10:47:01,644 [cdd88cb1-716b-4e52-8ddf-d696aacac702@group-7EB238C3CBC3:LeaderElection14] INFO  impl.RoleInfo (RoleInfo.java:shutdownLeaderElection(134)) - cdd88cb1-716b-4e52-8ddf-d696aacac702: shutdown LeaderElection
2019-09-19 10:47:01,645 [cdd88cb1-716b-4e52-8ddf-d696aacac702@group-7EB238C3CBC3:LeaderElection14] INFO  impl.RoleInfo (RoleInfo.java:updateAndGet(143)) - cdd88cb1-716b-4e52-8ddf-d696aacac702: start FollowerState
2019-09-19 10:47:01,645 [0d4e421f-a580-438c-824a-2881e7ce6119@group-7EB238C3CBC3:LeaderElection15] INFO  impl.LeaderElection (LeaderElection.java:logAndReturn(56)) - 0d4e421f-a580-438c-824a-2881e7ce6119@group-7EB238C3CBC3:LeaderElection15: Election REJECTED; received 2 response(s) [0d4e421f-a580-438c-824a-2881e7ce6119<-c9baf647-08c3-4366-86b9-39150e9e3608#0:FAIL-t3, 0d4e421f-a580-438c-824a-2881e7ce6119<-cdd88cb1-716b-4e52-8ddf-d696aacac702#0:FAIL-t3] and 0 exception(s); 0d4e421f-a580-438c-824a-2881e7ce6119@group-7EB238C3CBC3:t3, leader=null, voted=0d4e421f-a580-438c-824a-2881e7ce6119, raftlog=0d4e421f-a580-438c-824a-2881e7ce6119@group-7EB238C3CBC3-SegmentedRaftLog:OPENED:c-1,f-1,i0, conf=-1: [c9baf647-08c3-4366-86b9-39150e9e3608:192.168.5.171:34562, cdd88cb1-716b-4e52-8ddf-d696aacac702:192.168.5.171:38745, 0d4e421f-a580-438c-824a-2881e7ce6119:192.168.5.171:46782], old=null
2019-09-19 10:47:01,647 [0d4e421f-a580-438c-824a-2881e7ce6119@group-7EB238C3CBC3:LeaderElection15] INFO  impl.RaftServerImpl (RaftServerImpl.java:setRole(174)) - 0d4e421f-a580-438c-824a-2881e7ce6119@group-7EB238C3CBC3: changes role from CANDIDATE to FOLLOWER at term 3 for DISCOVERED_A_NEW_TERM
2019-09-19 10:47:01,647 [0d4e421f-a580-438c-824a-2881e7ce6119@group-7EB238C3CBC3:LeaderElection15] INFO  impl.RoleInfo (RoleInfo.java:shutdownLeaderElection(134)) - 0d4e421f-a580-438c-824a-2881e7ce6119: shutdown LeaderElection
2019-09-19 10:47:01,647 [0d4e421f-a580-438c-824a-2881e7ce6119@group-7EB238C3CBC3:LeaderElection15] INFO  impl.RoleInfo (RoleInfo.java:updateAndGet(143)) - 0d4e421f-a580-438c-824a-2881e7ce6119: start FollowerState
2019-09-19 10:47:06,706 [Thread-401] INFO  impl.FollowerState (FollowerState.java:run(106)) - 0d4e421f-a580-438c-824a-2881e7ce6119:group-7EB238C3CBC3 changes to CANDIDATE, lastRpcTime:5058, electionTimeout:5058ms
2019-09-19 10:47:06,709 [Thread-401] INFO  impl.RoleInfo (RoleInfo.java:shutdownFollowerState(121)) - 0d4e421f-a580-438c-824a-2881e7ce6119: shutdown FollowerState
2019-09-19 10:47:06,709 [Thread-401] INFO  impl.RaftServerImpl (RaftServerImpl.java:setRole(174)) - 0d4e421f-a580-438c-824a-2881e7ce6119@group-7EB238C3CBC3: changes role from  FOLLOWER to CANDIDATE at term 3 for changeToCandidate
2019-09-19 10:47:06,710 [Thread-401] INFO  impl.RoleInfo (RoleInfo.java:updateAndGet(143)) - 0d4e421f-a580-438c-824a-2881e7ce6119: start LeaderElection
2019-09-19 10:47:06,818 [Thread-399] INFO  impl.FollowerState (FollowerState.java:run(106)) - c9baf647-08c3-4366-86b9-39150e9e3608:group-7EB238C3CBC3 changes to CANDIDATE, lastRpcTime:5179, electionTimeout:5179ms
2019-09-19 10:47:06,818 [Thread-399] INFO  impl.RoleInfo (RoleInfo.java:shutdownFollowerState(121)) - c9baf647-08c3-4366-86b9-39150e9e3608: shutdown FollowerState
2019-09-19 10:47:06,819 [Thread-399] INFO  impl.RaftServerImpl (RaftServerImpl.java:setRole(174)) - c9baf647-08c3-4366-86b9-39150e9e3608@group-7EB238C3CBC3: changes role from  FOLLOWER to CANDIDATE at term 3 for changeToCandidate
2019-09-19 10:47:06,819 [Thread-399] INFO  impl.RoleInfo (RoleInfo.java:updateAndGet(143)) - c9baf647-08c3-4366-86b9-39150e9e3608: start LeaderElection
2019-09-19 10:47:06,834 [Thread-400] INFO  impl.FollowerState (FollowerState.java:run(106)) - cdd88cb1-716b-4e52-8ddf-d696aacac702:group-7EB238C3CBC3 changes to CANDIDATE, lastRpcTime:5189, electionTimeout:5189ms
2019-09-19 10:47:06,834 [Thread-400] INFO  impl.RoleInfo (RoleInfo.java:shutdownFollowerState(121)) - cdd88cb1-716b-4e52-8ddf-d696aacac702: shutdown FollowerState
2019-09-19 10:47:06,834 [Thread-400] INFO  impl.RaftServerImpl (RaftServerImpl.java:setRole(174)) - cdd88cb1-716b-4e52-8ddf-d696aacac702@group-7EB238C3CBC3: changes role from  FOLLOWER to CANDIDATE at term 3 for changeToCandidate
2019-09-19 10:47:06,835 [Thread-400] INFO  impl.RoleInfo (RoleInfo.java:updateAndGet(143)) - cdd88cb1-716b-4e52-8ddf-d696aacac702: start LeaderElection
2019-09-19 10:47:07,749 [0d4e421f-a580-438c-824a-2881e7ce6119@group-7EB238C3CBC3:LeaderElection16] INFO  impl.LeaderElection (LeaderElection.java:askForVotes(182)) - 0d4e421f-a580-438c-824a-2881e7ce6119@group-7EB238C3CBC3:LeaderElection16: begin an election at term 4 for -1: [c9baf647-08c3-4366-86b9-39150e9e3608:192.168.5.171:34562, cdd88cb1-716b-4e52-8ddf-d696aacac702:192.168.5.171:38745, 0d4e421f-a580-438c-824a-2881e7ce6119:192.168.5.171:46782], old=null
2019-09-19 10:47:07,749 [c9baf647-08c3-4366-86b9-39150e9e3608@group-7EB238C3CBC3:LeaderElection17] INFO  impl.LeaderElection (LeaderElection.java:askForVotes(182)) - c9baf647-08c3-4366-86b9-39150e9e3608@group-7EB238C3CBC3:LeaderElection17: begin an election at term 4 for -1: [c9baf647-08c3-4366-86b9-39150e9e3608:192.168.5.171:34562, cdd88cb1-716b-4e52-8ddf-d696aacac702:192.168.5.171:38745, 0d4e421f-a580-438c-824a-2881e7ce6119:192.168.5.171:46782], old=null
2019-09-19 10:47:07,749 [cdd88cb1-716b-4e52-8ddf-d696aacac702@group-7EB238C3CBC3:LeaderElection18] INFO  impl.LeaderElection (LeaderElection.java:askForVotes(182)) - cdd88cb1-716b-4e52-8ddf-d696aacac702@group-7EB238C3CBC3:LeaderElection18: begin an election at term 4 for -1: [c9baf647-08c3-4366-86b9-39150e9e3608:192.168.5.171:34562, cdd88cb1-716b-4e52-8ddf-d696aacac702:192.168.5.171:38745, 0d4e421f-a580-438c-824a-2881e7ce6119:192.168.5.171:46782], old=null
2019-09-19 10:47:07,756 [0d4e421f-a580-438c-824a-2881e7ce6119@group-7EB238C3CBC3:LeaderElection16] INFO  impl.LeaderElection (LeaderElection.java:logAndReturn(56)) - 0d4e421f-a580-438c-824a-2881e7ce6119@group-7EB238C3CBC3:LeaderElection16: Election REJECTED; received 2 response(s) [0d4e421f-a580-438c-824a-2881e7ce6119<-c9baf647-08c3-4366-86b9-39150e9e3608#0:FAIL-t4, 0d4e421f-a580-438c-824a-2881e7ce6119<-cdd88cb1-716b-4e52-8ddf-d696aacac702#0:FAIL-t4] and 0 exception(s); 0d4e421f-a580-438c-824a-2881e7ce6119@group-7EB238C3CBC3:t4, leader=null, voted=0d4e421f-a580-438c-824a-2881e7ce6119, raftlog=0d4e421f-a580-438c-824a-2881e7ce6119@group-7EB238C3CBC3-SegmentedRaftLog:OPENED:c-1,f-1,i0, conf=-1: [c9baf647-08c3-4366-86b9-39150e9e3608:192.168.5.171:34562, cdd88cb1-716b-4e52-8ddf-d696aacac702:192.168.5.171:38745, 0d4e421f-a580-438c-824a-2881e7ce6119:192.168.5.171:46782], old=null
2019-09-19 10:47:07,757 [0d4e421f-a580-438c-824a-2881e7ce6119@group-7EB238C3CBC3:LeaderElection16] INFO  impl.RaftServerImpl (RaftServerImpl.java:setRole(174)) - 0d4e421f-a580-438c-824a-2881e7ce6119@group-7EB238C3CBC3: changes role from CANDIDATE to FOLLOWER at term 4 for DISCOVERED_A_NEW_TERM
2019-09-19 10:47:07,757 [0d4e421f-a580-438c-824a-2881e7ce6119@group-7EB238C3CBC3:LeaderElection16] INFO  impl.RoleInfo (RoleInfo.java:shutdownLeaderElection(134)) - 0d4e421f-a580-438c-824a-2881e7ce6119: shutdown LeaderElection
2019-09-19 10:47:07,757 [c9baf647-08c3-4366-86b9-39150e9e3608@group-7EB238C3CBC3:LeaderElection17] INFO  impl.LeaderElection (LeaderElection.java:logAndReturn(56)) - c9baf647-08c3-4366-86b9-39150e9e3608@group-7EB238C3CBC3:LeaderElection17: Election REJECTED; received 2 response(s) [c9baf647-08c3-4366-86b9-39150e9e3608<-cdd88cb1-716b-4e52-8ddf-d696aacac702#0:FAIL-t4, c9baf647-08c3-4366-86b9-39150e9e3608<-0d4e421f-a580-438c-824a-2881e7ce6119#0:FAIL-t4] and 0 exception(s); c9baf647-08c3-4366-86b9-39150e9e3608@group-7EB238C3CBC3:t4, leader=null, voted=c9baf647-08c3-4366-86b9-39150e9e3608, raftlog=c9baf647-08c3-4366-86b9-39150e9e3608@group-7EB238C3CBC3-SegmentedRaftLog:OPENED:c-1,f-1,i0, conf=-1: [c9baf647-08c3-4366-86b9-39150e9e3608:192.168.5.171:34562, cdd88cb1-716b-4e52-8ddf-d696aacac702:192.168.5.171:38745, 0d4e421f-a580-438c-824a-2881e7ce6119:192.168.5.171:46782], old=null
2019-09-19 10:47:07,760 [0d4e421f-a580-438c-824a-2881e7ce6119@group-7EB238C3CBC3:LeaderElection16] INFO  impl.RoleInfo (RoleInfo.java:updateAndGet(143)) - 0d4e421f-a580-438c-824a-2881e7ce6119: start FollowerState
2019-09-19 10:47:07,760 [c9baf647-08c3-4366-86b9-39150e9e3608@group-7EB238C3CBC3:LeaderElection17] INFO  impl.RaftServerImpl (RaftServerImpl.java:setRole(174)) - c9baf647-08c3-4366-86b9-39150e9e3608@group-7EB238C3CBC3: changes role from CANDIDATE to FOLLOWER at term 4 for DISCOVERED_A_NEW_TERM
2019-09-19 10:47:07,760 [cdd88cb1-716b-4e52-8ddf-d696aacac702@group-7EB238C3CBC3:LeaderElection18] INFO  impl.LeaderElection (LeaderElection.java:logAndReturn(56)) - cdd88cb1-716b-4e52-8ddf-d696aacac702@group-7EB238C3CBC3:LeaderElection18: Election REJECTED; received 2 response(s) [cdd88cb1-716b-4e52-8ddf-d696aacac702<-c9baf647-08c3-4366-86b9-39150e9e3608#0:FAIL-t4, cdd88cb1-716b-4e52-8ddf-d696aacac702<-0d4e421f-a580-438c-824a-2881e7ce6119#0:FAIL-t4] and 0 exception(s); cdd88cb1-716b-4e52-8ddf-d696aacac702@group-7EB238C3CBC3:t4, leader=null, voted=cdd88cb1-716b-4e52-8ddf-d696aacac702, raftlog=cdd88cb1-716b-4e52-8ddf-d696aacac702@group-7EB238C3CBC3-SegmentedRaftLog:OPENED:c-1,f-1,i0, conf=-1: [c9baf647-08c3-4366-86b9-39150e9e3608:192.168.5.171:34562, cdd88cb1-716b-4e52-8ddf-d696aacac702:192.168.5.171:38745, 0d4e421f-a580-438c-824a-2881e7ce6119:192.168.5.171:46782], old=null
2019-09-19 10:47:07,762 [c9baf647-08c3-4366-86b9-39150e9e3608@group-7EB238C3CBC3:LeaderElection17] INFO  impl.RoleInfo (RoleInfo.java:shutdownLeaderElection(134)) - c9baf647-08c3-4366-86b9-39150e9e3608: shutdown LeaderElection
2019-09-19 10:47:07,763 [cdd88cb1-716b-4e52-8ddf-d696aacac702@group-7EB238C3CBC3:LeaderElection18] INFO  impl.RaftServerImpl (RaftServerImpl.java:setRole(174)) - cdd88cb1-716b-4e52-8ddf-d696aacac702@group-7EB238C3CBC3: changes role from CANDIDATE to FOLLOWER at term 4 for DISCOVERED_A_NEW_TERM
2019-09-19 10:47:07,769 [cdd88cb1-716b-4e52-8ddf-d696aacac702@group-7EB238C3CBC3:LeaderElection18] INFO  impl.RoleInfo (RoleInfo.java:shutdownLeaderElection(134)) - cdd88cb1-716b-4e52-8ddf-d696aacac702: shutdown LeaderElection
2019-09-19 10:47:07,769 [c9baf647-08c3-4366-86b9-39150e9e3608@group-7EB238C3CBC3:LeaderElection17] INFO  impl.RoleInfo (RoleInfo.java:updateAndGet(143)) - c9baf647-08c3-4366-86b9-39150e9e3608: start FollowerState
2019-09-19 10:47:07,771 [cdd88cb1-716b-4e52-8ddf-d696aacac702@group-7EB238C3CBC3:LeaderElection18] INFO  impl.RoleInfo (RoleInfo.java:updateAndGet(143)) - cdd88cb1-716b-4e52-8ddf-d696aacac702: start FollowerState
2019-09-19 10:47:12,773 [Thread-433] INFO  impl.FollowerState (FollowerState.java:run(106)) - 0d4e421f-a580-438c-824a-2881e7ce6119:group-7EB238C3CBC3 changes to CANDIDATE, lastRpcTime:5012, electionTimeout:5010ms
2019-09-19 10:47:12,773 [Thread-433] INFO  impl.RoleInfo (RoleInfo.java:shutdownFollowerState(121)) - 0d4e421f-a580-438c-824a-2881e7ce6119: shutdown FollowerState
2019-09-19 10:47:12,773 [Thread-433] INFO  impl.RaftServerImpl (RaftServerImpl.java:setRole(174)) - 0d4e421f-a580-438c-824a-2881e7ce6119@group-7EB238C3CBC3: changes role from  FOLLOWER to CANDIDATE at term 4 for changeToCandidate
2019-09-19 10:47:12,774 [Thread-433] INFO  impl.RoleInfo (RoleInfo.java:updateAndGet(143)) - 0d4e421f-a580-438c-824a-2881e7ce6119: start LeaderElection
2019-09-19 10:47:12,804 [Thread-434] INFO  impl.FollowerState (FollowerState.java:run(106)) - c9baf647-08c3-4366-86b9-39150e9e3608:group-7EB238C3CBC3 changes to CANDIDATE, lastRpcTime:5035, electionTimeout:5033ms
2019-09-19 10:47:12,804 [Thread-434] INFO  impl.RoleInfo (RoleInfo.java:shutdownFollowerState(121)) - c9baf647-08c3-4366-86b9-39150e9e3608: shutdown FollowerState
2019-09-19 10:47:12,805 [Thread-434] INFO  impl.RaftServerImpl (RaftServerImpl.java:setRole(174)) - c9baf647-08c3-4366-86b9-39150e9e3608@group-7EB238C3CBC3: changes role from  FOLLOWER to CANDIDATE at term 4 for changeToCandidate
2019-09-19 10:47:12,805 [Thread-434] INFO  impl.RoleInfo (RoleInfo.java:updateAndGet(143)) - c9baf647-08c3-4366-86b9-39150e9e3608: start LeaderElection
2019-09-19 10:47:12,875 [Thread-435] INFO  impl.FollowerState (FollowerState.java:run(106)) - cdd88cb1-716b-4e52-8ddf-d696aacac702:group-7EB238C3CBC3 changes to CANDIDATE, lastRpcTime:5103, electionTimeout:5103ms
2019-09-19 10:47:12,875 [Thread-435] INFO  impl.RoleInfo (RoleInfo.java:shutdownFollowerState(121)) - cdd88cb1-716b-4e52-8ddf-d696aacac702: shutdown FollowerState
2019-09-19 10:47:12,875 [Thread-435] INFO  impl.RaftServerImpl (RaftServerImpl.java:setRole(174)) - cdd88cb1-716b-4e52-8ddf-d696aacac702@group-7EB238C3CBC3: changes role from  FOLLOWER to CANDIDATE at term 4 for changeToCandidate
2019-09-19 10:47:12,875 [Thread-435] INFO  impl.RoleInfo (RoleInfo.java:updateAndGet(143)) - cdd88cb1-716b-4e52-8ddf-d696aacac702: start LeaderElection
2019-09-19 10:47:15,327 [0d4e421f-a580-438c-824a-2881e7ce6119@group-7EB238C3CBC3:LeaderElection19] INFO  impl.LeaderElection (LeaderElection.java:askForVotes(182)) - 0d4e421f-a580-438c-824a-2881e7ce6119@group-7EB238C3CBC3:LeaderElection19: begin an election at term 5 for -1: [c9baf647-08c3-4366-86b9-39150e9e3608:192.168.5.171:34562, cdd88cb1-716b-4e52-8ddf-d696aacac702:192.168.5.171:38745, 0d4e421f-a580-438c-824a-2881e7ce6119:192.168.5.171:46782], old=null
2019-09-19 10:47:15,328 [c9baf647-08c3-4366-86b9-39150e9e3608@group-7EB238C3CBC3:LeaderElection20] INFO  impl.LeaderElection (LeaderElection.java:askForVotes(182)) - c9baf647-08c3-4366-86b9-39150e9e3608@group-7EB238C3CBC3:LeaderElection20: begin an election at term 5 for -1: [c9baf647-08c3-4366-86b9-39150e9e3608:192.168.5.171:34562, cdd88cb1-716b-4e52-8ddf-d696aacac702:192.168.5.171:38745, 0d4e421f-a580-438c-824a-2881e7ce6119:192.168.5.171:46782], old=null
2019-09-19 10:47:15,328 [cdd88cb1-716b-4e52-8ddf-d696aacac702@group-7EB238C3CBC3:LeaderElection21] INFO  impl.LeaderElection (LeaderElection.java:askForVotes(182)) - cdd88cb1-716b-4e52-8ddf-d696aacac702@group-7EB238C3CBC3:LeaderElection21: begin an election at term 5 for -1: [c9baf647-08c3-4366-86b9-39150e9e3608:192.168.5.171:34562, cdd88cb1-716b-4e52-8ddf-d696aacac702:192.168.5.171:38745, 0d4e421f-a580-438c-824a-2881e7ce6119:192.168.5.171:46782], old=null
2019-09-19 10:47:15,335 [cdd88cb1-716b-4e52-8ddf-d696aacac702@group-7EB238C3CBC3:LeaderElection21] INFO  impl.LeaderElection (LeaderElection.java:logAndReturn(56)) - cdd88cb1-716b-4e52-8ddf-d696aacac702@group-7EB238C3CBC3:LeaderElection21: Election REJECTED; received 2 response(s) [cdd88cb1-716b-4e52-8ddf-d696aacac702<-c9baf647-08c3-4366-86b9-39150e9e3608#0:FAIL-t5, cdd88cb1-716b-4e52-8ddf-d696aacac702<-0d4e421f-a580-438c-824a-2881e7ce6119#0:FAIL-t5] and 0 exception(s); cdd88cb1-716b-4e52-8ddf-d696aacac702@group-7EB238C3CBC3:t5, leader=null, voted=cdd88cb1-716b-4e52-8ddf-d696aacac702, raftlog=cdd88cb1-716b-4e52-8ddf-d696aacac702@group-7EB238C3CBC3-SegmentedRaftLog:OPENED:c-1,f-1,i0, conf=-1: [c9baf647-08c3-4366-86b9-39150e9e3608:192.168.5.171:34562, cdd88cb1-716b-4e52-8ddf-d696aacac702:192.168.5.171:38745, 0d4e421f-a580-438c-824a-2881e7ce6119:192.168.5.171:46782], old=null
2019-09-19 10:47:15,335 [cdd88cb1-716b-4e52-8ddf-d696aacac702@group-7EB238C3CBC3:LeaderElection21] INFO  impl.RaftServerImpl (RaftServerImpl.java:setRole(174)) - cdd88cb1-716b-4e52-8ddf-d696aacac702@group-7EB238C3CBC3: changes role from CANDIDATE to FOLLOWER at term 5 for DISCOVERED_A_NEW_TERM
2019-09-19 10:47:15,336 [cdd88cb1-716b-4e52-8ddf-d696aacac702@group-7EB238C3CBC3:LeaderElection21] INFO  impl.RoleInfo (RoleInfo.java:shutdownLeaderElection(134)) - cdd88cb1-716b-4e52-8ddf-d696aacac702: shutdown LeaderElection
2019-09-19 10:47:15,336 [0d4e421f-a580-438c-824a-2881e7ce6119@group-7EB238C3CBC3:LeaderElection19] INFO  impl.LeaderElection (LeaderElection.java:logAndReturn(56)) - 0d4e421f-a580-438c-824a-2881e7ce6119@group-7EB238C3CBC3:LeaderElection19: Election REJECTED; received 2 response(s) [0d4e421f-a580-438c-824a-2881e7ce6119<-c9baf647-08c3-4366-86b9-39150e9e3608#0:FAIL-t5, 0d4e421f-a580-438c-824a-2881e7ce6119<-cdd88cb1-716b-4e52-8ddf-d696aacac702#0:FAIL-t5] and 0 exception(s); 0d4e421f-a580-438c-824a-2881e7ce6119@group-7EB238C3CBC3:t5, leader=null, voted=0d4e421f-a580-438c-824a-2881e7ce6119, raftlog=0d4e421f-a580-438c-824a-2881e7ce6119@group-7EB238C3CBC3-SegmentedRaftLog:OPENED:c-1,f-1,i0, conf=-1: [c9baf647-08c3-4366-86b9-39150e9e3608:192.168.5.171:34562, cdd88cb1-716b-4e52-8ddf-d696aacac702:192.168.5.171:38745, 0d4e421f-a580-438c-824a-2881e7ce6119:192.168.5.171:46782], old=null
2019-09-19 10:47:15,338 [cdd88cb1-716b-4e52-8ddf-d696aacac702@group-7EB238C3CBC3:LeaderElection21] INFO  impl.RoleInfo (RoleInfo.java:updateAndGet(143)) - cdd88cb1-716b-4e52-8ddf-d696aacac702: start FollowerState
2019-09-19 10:47:15,338 [0d4e421f-a580-438c-824a-2881e7ce6119@group-7EB238C3CBC3:LeaderElection19] INFO  impl.RaftServerImpl (RaftServerImpl.java:setRole(174)) - 0d4e421f-a580-438c-824a-2881e7ce6119@group-7EB238C3CBC3: changes role from CANDIDATE to FOLLOWER at term 5 for DISCOVERED_A_NEW_TERM
2019-09-19 10:47:15,340 [c9baf647-08c3-4366-86b9-39150e9e3608@group-7EB238C3CBC3:LeaderElection20] INFO  impl.LeaderElection (LeaderElection.java:logAndReturn(56)) - c9baf647-08c3-4366-86b9-39150e9e3608@group-7EB238C3CBC3:LeaderElection20: Election REJECTED; received 2 response(s) [c9baf647-08c3-4366-86b9-39150e9e3608<-cdd88cb1-716b-4e52-8ddf-d696aacac702#0:FAIL-t5, c9baf647-08c3-4366-86b9-39150e9e3608<-0d4e421f-a580-438c-824a-2881e7ce6119#0:FAIL-t5] and 0 exception(s); c9baf647-08c3-4366-86b9-39150e9e3608@group-7EB238C3CBC3:t5, leader=null, voted=c9baf647-08c3-4366-86b9-39150e9e3608, raftlog=c9baf647-08c3-4366-86b9-39150e9e3608@group-7EB238C3CBC3-SegmentedRaftLog:OPENED:c-1,f-1,i0, conf=-1: [c9baf647-08c3-4366-86b9-39150e9e3608:192.168.5.171:34562, cdd88cb1-716b-4e52-8ddf-d696aacac702:192.168.5.171:38745, 0d4e421f-a580-438c-824a-2881e7ce6119:192.168.5.171:46782], old=null
2019-09-19 10:47:15,340 [0d4e421f-a580-438c-824a-2881e7ce6119@group-7EB238C3CBC3:LeaderElection19] INFO  impl.RoleInfo (RoleInfo.java:shutdownLeaderElection(134)) - 0d4e421f-a580-438c-824a-2881e7ce6119: shutdown LeaderElection
2019-09-19 10:47:15,340 [c9baf647-08c3-4366-86b9-39150e9e3608@group-7EB238C3CBC3:LeaderElection20] INFO  impl.RaftServerImpl (RaftServerImpl.java:setRole(174)) - c9baf647-08c3-4366-86b9-39150e9e3608@group-7EB238C3CBC3: changes role from CANDIDATE to FOLLOWER at term 5 for DISCOVERED_A_NEW_TERM
2019-09-19 10:47:15,342 [c9baf647-08c3-4366-86b9-39150e9e3608@group-7EB238C3CBC3:LeaderElection20] INFO  impl.RoleInfo (RoleInfo.java:shutdownLeaderElection(134)) - c9baf647-08c3-4366-86b9-39150e9e3608: shutdown LeaderElection
2019-09-19 10:47:15,342 [0d4e421f-a580-438c-824a-2881e7ce6119@group-7EB238C3CBC3:LeaderElection19] INFO  impl.RoleInfo (RoleInfo.java:updateAndGet(143)) - 0d4e421f-a580-438c-824a-2881e7ce6119: start FollowerState
2019-09-19 10:47:15,342 [c9baf647-08c3-4366-86b9-39150e9e3608@group-7EB238C3CBC3:LeaderElection20] INFO  impl.RoleInfo (RoleInfo.java:updateAndGet(143)) - c9baf647-08c3-4366-86b9-39150e9e3608: start FollowerState
2019-09-19 10:47:20,389 [Thread-472] INFO  impl.FollowerState (FollowerState.java:run(106)) - 0d4e421f-a580-438c-824a-2881e7ce6119:group-7EB238C3CBC3 changes to CANDIDATE, lastRpcTime:5047, electionTimeout:5047ms
2019-09-19 10:47:20,390 [Thread-473] INFO  impl.FollowerState (FollowerState.java:run(106)) - c9baf647-08c3-4366-86b9-39150e9e3608:group-7EB238C3CBC3 changes to CANDIDATE, lastRpcTime:5047, electionTimeout:5047ms
2019-09-19 10:47:20,391 [Thread-472] INFO  impl.RoleInfo (RoleInfo.java:shutdownFollowerState(121)) - 0d4e421f-a580-438c-824a-2881e7ce6119: shutdown FollowerState
2019-09-19 10:47:20,391 [Thread-473] INFO  impl.RoleInfo (RoleInfo.java:shutdownFollowerState(121)) - c9baf647-08c3-4366-86b9-39150e9e3608: shutdown FollowerState
2019-09-19 10:47:20,391 [Thread-472] INFO  impl.RaftServerImpl (RaftServerImpl.java:setRole(174)) - 0d4e421f-a580-438c-824a-2881e7ce6119@group-7EB238C3CBC3: changes role from  FOLLOWER to CANDIDATE at term 5 for changeToCandidate
2019-09-19 10:47:20,391 [Thread-473] INFO  impl.RaftServerImpl (RaftServerImpl.java:setRole(174)) - c9baf647-08c3-4366-86b9-39150e9e3608@group-7EB238C3CBC3: changes role from  FOLLOWER to CANDIDATE at term 5 for changeToCandidate
2019-09-19 10:47:20,392 [Thread-472] INFO  impl.RoleInfo (RoleInfo.java:updateAndGet(143)) - 0d4e421f-a580-438c-824a-2881e7ce6119: start LeaderElection
2019-09-19 10:47:20,392 [Thread-473] INFO  impl.RoleInfo (RoleInfo.java:updateAndGet(143)) - c9baf647-08c3-4366-86b9-39150e9e3608: start LeaderElection
2019-09-19 10:47:20,428 [Thread-471] INFO  impl.FollowerState (FollowerState.java:run(106)) - cdd88cb1-716b-4e52-8ddf-d696aacac702:group-7EB238C3CBC3 changes to CANDIDATE, lastRpcTime:5090, electionTimeout:5088ms
2019-09-19 10:47:20,428 [Thread-471] INFO  impl.RoleInfo (RoleInfo.java:shutdownFollowerState(121)) - cdd88cb1-716b-4e52-8ddf-d696aacac702: shutdown FollowerState
2019-09-19 10:47:20,428 [Thread-471] INFO  impl.RaftServerImpl (RaftServerImpl.java:setRole(174)) - cdd88cb1-716b-4e52-8ddf-d696aacac702@group-7EB238C3CBC3: changes role from  FOLLOWER to CANDIDATE at term 5 for changeToCandidate
2019-09-19 10:47:20,429 [Thread-471] INFO  impl.RoleInfo (RoleInfo.java:updateAndGet(143)) - cdd88cb1-716b-4e52-8ddf-d696aacac702: start LeaderElection
2019-09-19 10:47:21,081 [cdd88cb1-716b-4e52-8ddf-d696aacac702@group-7EB238C3CBC3:LeaderElection24] INFO  impl.LeaderElection (LeaderElection.java:askForVotes(182)) - cdd88cb1-716b-4e52-8ddf-d696aacac702@group-7EB238C3CBC3:LeaderElection24: begin an election at term 6 for -1: [c9baf647-08c3-4366-86b9-39150e9e3608:192.168.5.171:34562, cdd88cb1-716b-4e52-8ddf-d696aacac702:192.168.5.171:38745, 0d4e421f-a580-438c-824a-2881e7ce6119:192.168.5.171:46782], old=null
2019-09-19 10:47:21,081 [0d4e421f-a580-438c-824a-2881e7ce6119@group-7EB238C3CBC3:LeaderElection22] INFO  impl.LeaderElection (LeaderElection.java:askForVotes(182)) - 0d4e421f-a580-438c-824a-2881e7ce6119@group-7EB238C3CBC3:LeaderElection22: begin an election at term 6 for -1: [c9baf647-08c3-4366-86b9-39150e9e3608:192.168.5.171:34562, cdd88cb1-716b-4e52-8ddf-d696aacac702:192.168.5.171:38745, 0d4e421f-a580-438c-824a-2881e7ce6119:192.168.5.171:46782], old=null
2019-09-19 10:47:21,081 [c9baf647-08c3-4366-86b9-39150e9e3608@group-7EB238C3CBC3:LeaderElection23] INFO  impl.LeaderElection (LeaderElection.java:askForVotes(182)) - c9baf647-08c3-4366-86b9-39150e9e3608@group-7EB238C3CBC3:LeaderElection23: begin an election at term 6 for -1: [c9baf647-08c3-4366-86b9-39150e9e3608:192.168.5.171:34562, cdd88cb1-716b-4e52-8ddf-d696aacac702:192.168.5.171:38745, 0d4e421f-a580-438c-824a-2881e7ce6119:192.168.5.171:46782], old=null
2019-09-19 10:47:21,090 [cdd88cb1-716b-4e52-8ddf-d696aacac702@group-7EB238C3CBC3:LeaderElection24] INFO  impl.LeaderElection (LeaderElection.java:logAndReturn(56)) - cdd88cb1-716b-4e52-8ddf-d696aacac702@group-7EB238C3CBC3:LeaderElection24: Election REJECTED; received 2 response(s) [cdd88cb1-716b-4e52-8ddf-d696aacac702<-c9baf647-08c3-4366-86b9-39150e9e3608#0:FAIL-t6, cdd88cb1-716b-4e52-8ddf-d696aacac702<-0d4e421f-a580-438c-824a-2881e7ce6119#0:FAIL-t6] and 0 exception(s); cdd88cb1-716b-4e52-8ddf-d696aacac702@group-7EB238C3CBC3:t6, leader=null, voted=cdd88cb1-716b-4e52-8ddf-d696aacac702, raftlog=cdd88cb1-716b-4e52-8ddf-d696aacac702@group-7EB238C3CBC3-SegmentedRaftLog:OPENED:c-1,f-1,i0, conf=-1: [c9baf647-08c3-4366-86b9-39150e9e3608:192.168.5.171:34562, cdd88cb1-716b-4e52-8ddf-d696aacac702:192.168.5.171:38745, 0d4e421f-a580-438c-824a-2881e7ce6119:192.168.5.171:46782], old=null
2019-09-19 10:47:21,090 [c9baf647-08c3-4366-86b9-39150e9e3608@group-7EB238C3CBC3:LeaderElection23] INFO  impl.LeaderElection (LeaderElection.java:logAndReturn(56)) - c9baf647-08c3-4366-86b9-39150e9e3608@group-7EB238C3CBC3:LeaderElection23: Election REJECTED; received 2 response(s) [c9baf647-08c3-4366-86b9-39150e9e3608<-cdd88cb1-716b-4e52-8ddf-d696aacac702#0:FAIL-t6, c9baf647-08c3-4366-86b9-39150e9e3608<-0d4e421f-a580-438c-824a-2881e7ce6119#0:FAIL-t6] and 0 exception(s); c9baf647-08c3-4366-86b9-39150e9e3608@group-7EB238C3CBC3:t6, leader=null, voted=c9baf647-08c3-4366-86b9-39150e9e3608, raftlog=c9baf647-08c3-4366-86b9-39150e9e3608@group-7EB238C3CBC3-SegmentedRaftLog:OPENED:c-1,f-1,i0, conf=-1: [c9baf647-08c3-4366-86b9-39150e9e3608:192.168.5.171:34562, cdd88cb1-716b-4e52-8ddf-d696aacac702:192.168.5.171:38745, 0d4e421f-a580-438c-824a-2881e7ce6119:192.168.5.171:46782], old=null
2019-09-19 10:47:21,091 [cdd88cb1-716b-4e52-8ddf-d696aacac702@group-7EB238C3CBC3:LeaderElection24] INFO  impl.RaftServerImpl (RaftServerImpl.java:setRole(174)) - cdd88cb1-716b-4e52-8ddf-d696aacac702@group-7EB238C3CBC3: changes role from CANDIDATE to FOLLOWER at term 6 for DISCOVERED_A_NEW_TERM
2019-09-19 10:47:21,092 [c9baf647-08c3-4366-86b9-39150e9e3608@group-7EB238C3CBC3:LeaderElection23] INFO  impl.RaftServerImpl (RaftServerImpl.java:setRole(174)) - c9baf647-08c3-4366-86b9-39150e9e3608@group-7EB238C3CBC3: changes role from CANDIDATE to FOLLOWER at term 6 for DISCOVERED_A_NEW_TERM
2019-09-19 10:47:21,094 [cdd88cb1-716b-4e52-8ddf-d696aacac702@group-7EB238C3CBC3:LeaderElection24] INFO  impl.RoleInfo (RoleInfo.java:shutdownLeaderElection(134)) - cdd88cb1-716b-4e52-8ddf-d696aacac702: shutdown LeaderElection
2019-09-19 10:47:21,094 [c9baf647-08c3-4366-86b9-39150e9e3608@group-7EB238C3CBC3:LeaderElection23] INFO  impl.RoleInfo (RoleInfo.java:shutdownLeaderElection(134)) - c9baf647-08c3-4366-86b9-39150e9e3608: shutdown LeaderElection
2019-09-19 10:47:21,094 [0d4e421f-a580-438c-824a-2881e7ce6119@group-7EB238C3CBC3:LeaderElection22] INFO  impl.LeaderElection (LeaderElection.java:logAndReturn(56)) - 0d4e421f-a580-438c-824a-2881e7ce6119@group-7EB238C3CBC3:LeaderElection22: Election REJECTED; received 2 response(s) [0d4e421f-a580-438c-824a-2881e7ce6119<-c9baf647-08c3-4366-86b9-39150e9e3608#0:FAIL-t6, 0d4e421f-a580-438c-824a-2881e7ce6119<-cdd88cb1-716b-4e52-8ddf-d696aacac702#0:FAIL-t6] and 0 exception(s); 0d4e421f-a580-438c-824a-2881e7ce6119@group-7EB238C3CBC3:t6, leader=null, voted=0d4e421f-a580-438c-824a-2881e7ce6119, raftlog=0d4e421f-a580-438c-824a-2881e7ce6119@group-7EB238C3CBC3-SegmentedRaftLog:OPENED:c-1,f-1,i0, conf=-1: [c9baf647-08c3-4366-86b9-39150e9e3608:192.168.5.171:34562, cdd88cb1-716b-4e52-8ddf-d696aacac702:192.168.5.171:38745, 0d4e421f-a580-438c-824a-2881e7ce6119:192.168.5.171:46782], old=null
2019-09-19 10:47:21,094 [c9baf647-08c3-4366-86b9-39150e9e3608@group-7EB238C3CBC3:LeaderElection23] INFO  impl.RoleInfo (RoleInfo.java:updateAndGet(143)) - c9baf647-08c3-4366-86b9-39150e9e3608: start FollowerState
2019-09-19 10:47:21,094 [cdd88cb1-716b-4e52-8ddf-d696aacac702@group-7EB238C3CBC3:LeaderElection24] INFO  impl.RoleInfo (RoleInfo.java:updateAndGet(143)) - cdd88cb1-716b-4e52-8ddf-d696aacac702: start FollowerState
2019-09-19 10:47:21,094 [0d4e421f-a580-438c-824a-2881e7ce6119@group-7EB238C3CBC3:LeaderElection22] INFO  impl.RaftServerImpl (RaftServerImpl.java:setRole(174)) - 0d4e421f-a580-438c-824a-2881e7ce6119@group-7EB238C3CBC3: changes role from CANDIDATE to FOLLOWER at term 6 for DISCOVERED_A_NEW_TERM
2019-09-19 10:47:21,096 [0d4e421f-a580-438c-824a-2881e7ce6119@group-7EB238C3CBC3:LeaderElection22] INFO  impl.RoleInfo (RoleInfo.java:shutdownLeaderElection(134)) - 0d4e421f-a580-438c-824a-2881e7ce6119: shutdown LeaderElection
2019-09-19 10:47:21,096 [0d4e421f-a580-438c-824a-2881e7ce6119@group-7EB238C3CBC3:LeaderElection22] INFO  impl.RoleInfo (RoleInfo.java:updateAndGet(143)) - 0d4e421f-a580-438c-824a-2881e7ce6119: start FollowerState
2019-09-19 10:47:26,208 [Thread-503] INFO  impl.FollowerState (FollowerState.java:run(106)) - cdd88cb1-716b-4e52-8ddf-d696aacac702:group-7EB238C3CBC3 changes to CANDIDATE, lastRpcTime:5114, electionTimeout:5112ms
2019-09-19 10:47:26,208 [Thread-503] INFO  impl.RoleInfo (RoleInfo.java:shutdownFollowerState(121)) - cdd88cb1-716b-4e52-8ddf-d696aacac702: shutdown FollowerState
2019-09-19 10:47:26,209 [Thread-503] INFO  impl.RaftServerImpl (RaftServerImpl.java:setRole(174)) - cdd88cb1-716b-4e52-8ddf-d696aacac702@group-7EB238C3CBC3: changes role from  FOLLOWER to CANDIDATE at term 6 for changeToCandidate
2019-09-19 10:47:26,209 [Thread-503] INFO  impl.RoleInfo (RoleInfo.java:updateAndGet(143)) - cdd88cb1-716b-4e52-8ddf-d696aacac702: start LeaderElection
2019-09-19 10:47:26,270 [Thread-505] INFO  impl.FollowerState (FollowerState.java:run(106)) - 0d4e421f-a580-438c-824a-2881e7ce6119:group-7EB238C3CBC3 changes to CANDIDATE, lastRpcTime:5173, electionTimeout:5173ms
2019-09-19 10:47:26,270 [Thread-505] INFO  impl.RoleInfo (RoleInfo.java:shutdownFollowerState(121)) - 0d4e421f-a580-438c-824a-2881e7ce6119: shutdown FollowerState
2019-09-19 10:47:26,270 [Thread-505] INFO  impl.RaftServerImpl (RaftServerImpl.java:setRole(174)) - 0d4e421f-a580-438c-824a-2881e7ce6119@group-7EB238C3CBC3: changes role from  FOLLOWER to CANDIDATE at term 6 for changeToCandidate
2019-09-19 10:47:26,270 [Thread-505] INFO  impl.RoleInfo (RoleInfo.java:updateAndGet(143)) - 0d4e421f-a580-438c-824a-2881e7ce6119: start LeaderElection
2019-09-19 10:47:26,287 [Thread-504] INFO  impl.FollowerState (FollowerState.java:run(106)) - c9baf647-08c3-4366-86b9-39150e9e3608:group-7EB238C3CBC3 changes to CANDIDATE, lastRpcTime:5192, electionTimeout:5191ms
2019-09-19 10:47:26,287 [Thread-504] INFO  impl.RoleInfo (RoleInfo.java:shutdownFollowerState(121)) - c9baf647-08c3-4366-86b9-39150e9e3608: shutdown FollowerState
2019-09-19 10:47:26,287 [Thread-504] INFO  impl.RaftServerImpl (RaftServerImpl.java:setRole(174)) - c9baf647-08c3-4366-86b9-39150e9e3608@group-7EB238C3CBC3: changes role from  FOLLOWER to CANDIDATE at term 6 for changeToCandidate
2019-09-19 10:47:26,287 [Thread-504] INFO  impl.RoleInfo (RoleInfo.java:updateAndGet(143)) - c9baf647-08c3-4366-86b9-39150e9e3608: start LeaderElection
2019-09-19 10:47:27,056 [cdd88cb1-716b-4e52-8ddf-d696aacac702@group-7EB238C3CBC3:LeaderElection25] INFO  impl.LeaderElection (LeaderElection.java:askForVotes(182)) - cdd88cb1-716b-4e52-8ddf-d696aacac702@group-7EB238C3CBC3:LeaderElection25: begin an election at term 7 for -1: [c9baf647-08c3-4366-86b9-39150e9e3608:192.168.5.171:34562, cdd88cb1-716b-4e52-8ddf-d696aacac702:192.168.5.171:38745, 0d4e421f-a580-438c-824a-2881e7ce6119:192.168.5.171:46782], old=null
2019-09-19 10:47:27,056 [0d4e421f-a580-438c-824a-2881e7ce6119@group-7EB238C3CBC3:LeaderElection26] INFO  impl.LeaderElection (LeaderElection.java:askForVotes(182)) - 0d4e421f-a580-438c-824a-2881e7ce6119@group-7EB238C3CBC3:LeaderElection26: begin an election at term 7 for -1: [c9baf647-08c3-4366-86b9-39150e9e3608:192.168.5.171:34562, cdd88cb1-716b-4e52-8ddf-d696aacac702:192.168.5.171:38745, 0d4e421f-a580-438c-824a-2881e7ce6119:192.168.5.171:46782], old=null
2019-09-19 10:47:27,056 [c9baf647-08c3-4366-86b9-39150e9e3608@group-7EB238C3CBC3:LeaderElection27] INFO  impl.LeaderElection (LeaderElection.java:askForVotes(182)) - c9baf647-08c3-4366-86b9-39150e9e3608@group-7EB238C3CBC3:LeaderElection27: begin an election at term 7 for -1: [c9baf647-08c3-4366-86b9-39150e9e3608:192.168.5.171:34562, cdd88cb1-716b-4e52-8ddf-d696aacac702:192.168.5.171:38745, 0d4e421f-a580-438c-824a-2881e7ce6119:192.168.5.171:46782], old=null
2019-09-19 10:47:27,063 [c9baf647-08c3-4366-86b9-39150e9e3608@group-7EB238C3CBC3:LeaderElection27] INFO  impl.LeaderElection (LeaderElection.java:logAndReturn(56)) - c9baf647-08c3-4366-86b9-39150e9e3608@group-7EB238C3CBC3:LeaderElection27: Election REJECTED; received 2 response(s) [c9baf647-08c3-4366-86b9-39150e9e3608<-cdd88cb1-716b-4e52-8ddf-d696aacac702#0:FAIL-t7, c9baf647-08c3-4366-86b9-39150e9e3608<-0d4e421f-a580-438c-824a-2881e7ce6119#0:FAIL-t7] and 0 exception(s); c9baf647-08c3-4366-86b9-39150e9e3608@group-7EB238C3CBC3:t7, leader=null, voted=c9baf647-08c3-4366-86b9-39150e9e3608, raftlog=c9baf647-08c3-4366-86b9-39150e9e3608@group-7EB238C3CBC3-SegmentedRaftLog:OPENED:c-1,f-1,i0, conf=-1: [c9baf647-08c3-4366-86b9-39150e9e3608:192.168.5.171:34562, cdd88cb1-716b-4e52-8ddf-d696aacac702:192.168.5.171:38745, 0d4e421f-a580-438c-824a-2881e7ce6119:192.168.5.171:46782], old=null
2019-09-19 10:47:27,063 [c9baf647-08c3-4366-86b9-39150e9e3608@group-7EB238C3CBC3:LeaderElection27] INFO  impl.RaftServerImpl (RaftServerImpl.java:setRole(174)) - c9baf647-08c3-4366-86b9-39150e9e3608@group-7EB238C3CBC3: changes role from CANDIDATE to FOLLOWER at term 7 for DISCOVERED_A_NEW_TERM
2019-09-19 10:47:27,063 [c9baf647-08c3-4366-86b9-39150e9e3608@group-7EB238C3CBC3:LeaderElection27] INFO  impl.RoleInfo (RoleInfo.java:shutdownLeaderElection(134)) - c9baf647-08c3-4366-86b9-39150e9e3608: shutdown LeaderElection
2019-09-19 10:47:27,064 [c9baf647-08c3-4366-86b9-39150e9e3608@group-7EB238C3CBC3:LeaderElection27] INFO  impl.RoleInfo (RoleInfo.java:updateAndGet(143)) - c9baf647-08c3-4366-86b9-39150e9e3608: start FollowerState
2019-09-19 10:47:27,064 [0d4e421f-a580-438c-824a-2881e7ce6119@group-7EB238C3CBC3:LeaderElection26] INFO  impl.LeaderElection (LeaderElection.java:logAndReturn(56)) - 0d4e421f-a580-438c-824a-2881e7ce6119@group-7EB238C3CBC3:LeaderElection26: Election REJECTED; received 2 response(s) [0d4e421f-a580-438c-824a-2881e7ce6119<-c9baf647-08c3-4366-86b9-39150e9e3608#0:FAIL-t7, 0d4e421f-a580-438c-824a-2881e7ce6119<-cdd88cb1-716b-4e52-8ddf-d696aacac702#0:FAIL-t7] and 0 exception(s); 0d4e421f-a580-438c-824a-2881e7ce6119@group-7EB238C3CBC3:t7, leader=null, voted=0d4e421f-a580-438c-824a-2881e7ce6119, raftlog=0d4e421f-a580-438c-824a-2881e7ce6119@group-7EB238C3CBC3-SegmentedRaftLog:OPENED:c-1,f-1,i0, conf=-1: [c9baf647-08c3-4366-86b9-39150e9e3608:192.168.5.171:34562, cdd88cb1-716b-4e52-8ddf-d696aacac702:192.168.5.171:38745, 0d4e421f-a580-438c-824a-2881e7ce6119:192.168.5.171:46782], old=null
2019-09-19 10:47:27,066 [0d4e421f-a580-438c-824a-2881e7ce6119@group-7EB238C3CBC3:LeaderElection26] INFO  impl.RaftServerImpl (RaftServerImpl.java:setRole(174)) - 0d4e421f-a580-438c-824a-2881e7ce6119@group-7EB238C3CBC3: changes role from CANDIDATE to FOLLOWER at term 7 for DISCOVERED_A_NEW_TERM
2019-09-19 10:47:27,067 [0d4e421f-a580-438c-824a-2881e7ce6119@group-7EB238C3CBC3:LeaderElection26] INFO  impl.RoleInfo (RoleInfo.java:shutdownLeaderElection(134)) - 0d4e421f-a580-438c-824a-2881e7ce6119: shutdown LeaderElection
2019-09-19 10:47:27,067 [0d4e421f-a580-438c-824a-2881e7ce6119@group-7EB238C3CBC3:LeaderElection26] INFO  impl.RoleInfo (RoleInfo.java:updateAndGet(143)) - 0d4e421f-a580-438c-824a-2881e7ce6119: start FollowerState
2019-09-19 10:47:27,067 [cdd88cb1-716b-4e52-8ddf-d696aacac702@group-7EB238C3CBC3:LeaderElection25] INFO  impl.LeaderElection (LeaderElection.java:logAndReturn(56)) - cdd88cb1-716b-4e52-8ddf-d696aacac702@group-7EB238C3CBC3:LeaderElection25: Election REJECTED; received 2 response(s) [cdd88cb1-716b-4e52-8ddf-d696aacac702<-c9baf647-08c3-4366-86b9-39150e9e3608#0:FAIL-t7, cdd88cb1-716b-4e52-8ddf-d696aacac702<-0d4e421f-a580-438c-824a-2881e7ce6119#0:FAIL-t7] and 0 exception(s); cdd88cb1-716b-4e52-8ddf-d696aacac702@group-7EB238C3CBC3:t7, leader=null, voted=cdd88cb1-716b-4e52-8ddf-d696aacac702, raftlog=cdd88cb1-716b-4e52-8ddf-d696aacac702@group-7EB238C3CBC3-SegmentedRaftLog:OPENED:c-1,f-1,i0, conf=-1: [c9baf647-08c3-4366-86b9-39150e9e3608:192.168.5.171:34562, cdd88cb1-716b-4e52-8ddf-d696aacac702:192.168.5.171:38745, 0d4e421f-a580-438c-824a-2881e7ce6119:192.168.5.171:46782], old=null
2019-09-19 10:47:27,069 [cdd88cb1-716b-4e52-8ddf-d696aacac702@group-7EB238C3CBC3:LeaderElection25] INFO  impl.RaftServerImpl (RaftServerImpl.java:setRole(174)) - cdd88cb1-716b-4e52-8ddf-d696aacac702@group-7EB238C3CBC3: changes role from CANDIDATE to FOLLOWER at term 7 for DISCOVERED_A_NEW_TERM
2019-09-19 10:47:27,069 [cdd88cb1-716b-4e52-8ddf-d696aacac702@group-7EB238C3CBC3:LeaderElection25] INFO  impl.RoleInfo (RoleInfo.java:shutdownLeaderElection(134)) - cdd88cb1-716b-4e52-8ddf-d696aacac702: shutdown LeaderElection
2019-09-19 10:47:27,069 [cdd88cb1-716b-4e52-8ddf-d696aacac702@group-7EB238C3CBC3:LeaderElection25] INFO  impl.RoleInfo (RoleInfo.java:updateAndGet(143)) - cdd88cb1-716b-4e52-8ddf-d696aacac702: start FollowerState
2019-09-19 10:47:32,165 [Thread-543] INFO  impl.FollowerState (FollowerState.java:run(106)) - c9baf647-08c3-4366-86b9-39150e9e3608:group-7EB238C3CBC3 changes to CANDIDATE, lastRpcTime:5101, electionTimeout:5101ms
2019-09-19 10:47:32,168 [Thread-543] INFO  impl.RoleInfo (RoleInfo.java:shutdownFollowerState(121)) - c9baf647-08c3-4366-86b9-39150e9e3608: shutdown FollowerState
2019-09-19 10:47:32,168 [Thread-543] INFO  impl.RaftServerImpl (RaftServerImpl.java:setRole(174)) - c9baf647-08c3-4366-86b9-39150e9e3608@group-7EB238C3CBC3: changes role from  FOLLOWER to CANDIDATE at term 7 for changeToCandidate
2019-09-19 10:47:32,168 [Thread-543] INFO  impl.RoleInfo (RoleInfo.java:updateAndGet(143)) - c9baf647-08c3-4366-86b9-39150e9e3608: start LeaderElection
2019-09-19 10:47:32,209 [Thread-545] INFO  impl.FollowerState (FollowerState.java:run(106)) - cdd88cb1-716b-4e52-8ddf-d696aacac702:group-7EB238C3CBC3 changes to CANDIDATE, lastRpcTime:5139, electionTimeout:5139ms
2019-09-19 10:47:32,209 [Thread-545] INFO  impl.RoleInfo (RoleInfo.java:shutdownFollowerState(121)) - cdd88cb1-716b-4e52-8ddf-d696aacac702: shutdown FollowerState
2019-09-19 10:47:32,209 [Thread-545] INFO  impl.RaftServerImpl (RaftServerImpl.java:setRole(174)) - cdd88cb1-716b-4e52-8ddf-d696aacac702@group-7EB238C3CBC3: changes role from  FOLLOWER to CANDIDATE at term 7 for changeToCandidate
2019-09-19 10:47:32,209 [Thread-545] INFO  impl.RoleInfo (RoleInfo.java:updateAndGet(143)) - cdd88cb1-716b-4e52-8ddf-d696aacac702: start LeaderElection
2019-09-19 10:47:32,218 [Thread-544] INFO  impl.FollowerState (FollowerState.java:run(106)) - 0d4e421f-a580-438c-824a-2881e7ce6119:group-7EB238C3CBC3 changes to CANDIDATE, lastRpcTime:5151, electionTimeout:5149ms
2019-09-19 10:47:32,218 [Thread-544] INFO  impl.RoleInfo (RoleInfo.java:shutdownFollowerState(121)) - 0d4e421f-a580-438c-824a-2881e7ce6119: shutdown FollowerState
2019-09-19 10:47:32,218 [Thread-544] INFO  impl.RaftServerImpl (RaftServerImpl.java:setRole(174)) - 0d4e421f-a580-438c-824a-2881e7ce6119@group-7EB238C3CBC3: changes role from  FOLLOWER to CANDIDATE at term 7 for changeToCandidate
2019-09-19 10:47:32,218 [Thread-544] INFO  impl.RoleInfo (RoleInfo.java:updateAndGet(143)) - 0d4e421f-a580-438c-824a-2881e7ce6119: start LeaderElection
2019-09-19 10:47:33,488 [c9baf647-08c3-4366-86b9-39150e9e3608@group-7EB238C3CBC3:LeaderElection28] INFO  impl.LeaderElection (LeaderElection.java:askForVotes(182)) - c9baf647-08c3-4366-86b9-39150e9e3608@group-7EB238C3CBC3:LeaderElection28: begin an election at term 8 for -1: [c9baf647-08c3-4366-86b9-39150e9e3608:192.168.5.171:34562, cdd88cb1-716b-4e52-8ddf-d696aacac702:192.168.5.171:38745, 0d4e421f-a580-438c-824a-2881e7ce6119:192.168.5.171:46782], old=null
2019-09-19 10:47:33,488 [0d4e421f-a580-438c-824a-2881e7ce6119@group-7EB238C3CBC3:LeaderElection30] INFO  impl.LeaderElection (LeaderElection.java:askForVotes(182)) - 0d4e421f-a580-438c-824a-2881e7ce6119@group-7EB238C3CBC3:LeaderElection30: begin an election at term 8 for -1: [c9baf647-08c3-4366-86b9-39150e9e3608:192.168.5.171:34562, cdd88cb1-716b-4e52-8ddf-d696aacac702:192.168.5.171:38745, 0d4e421f-a580-438c-824a-2881e7ce6119:192.168.5.171:46782], old=null
2019-09-19 10:47:33,488 [cdd88cb1-716b-4e52-8ddf-d696aacac702@group-7EB238C3CBC3:LeaderElection29] INFO  impl.LeaderElection (LeaderElection.java:askForVotes(182)) - cdd88cb1-716b-4e52-8ddf-d696aacac702@group-7EB238C3CBC3:LeaderElection29: begin an election at term 8 for -1: [c9baf647-08c3-4366-86b9-39150e9e3608:192.168.5.171:34562, cdd88cb1-716b-4e52-8ddf-d696aacac702:192.168.5.171:38745, 0d4e421f-a580-438c-824a-2881e7ce6119:192.168.5.171:46782], old=null
2019-09-19 10:47:33,495 [cdd88cb1-716b-4e52-8ddf-d696aacac702@group-7EB238C3CBC3:LeaderElection29] INFO  impl.LeaderElection (LeaderElection.java:logAndReturn(56)) - cdd88cb1-716b-4e52-8ddf-d696aacac702@group-7EB238C3CBC3:LeaderElection29: Election REJECTED; received 2 response(s) [cdd88cb1-716b-4e52-8ddf-d696aacac702<-c9baf647-08c3-4366-86b9-39150e9e3608#0:FAIL-t8, cdd88cb1-716b-4e52-8ddf-d696aacac702<-0d4e421f-a580-438c-824a-2881e7ce6119#0:FAIL-t8] and 0 exception(s); cdd88cb1-716b-4e52-8ddf-d696aacac702@group-7EB238C3CBC3:t8, leader=null, voted=cdd88cb1-716b-4e52-8ddf-d696aacac702, raftlog=cdd88cb1-716b-4e52-8ddf-d696aacac702@group-7EB238C3CBC3-SegmentedRaftLog:OPENED:c-1,f-1,i0, conf=-1: [c9baf647-08c3-4366-86b9-39150e9e3608:192.168.5.171:34562, cdd88cb1-716b-4e52-8ddf-d696aacac702:192.168.5.171:38745, 0d4e421f-a580-438c-824a-2881e7ce6119:192.168.5.171:46782], old=null
2019-09-19 10:47:33,495 [cdd88cb1-716b-4e52-8ddf-d696aacac702@group-7EB238C3CBC3:LeaderElection29] INFO  impl.RaftServerImpl (RaftServerImpl.java:setRole(174)) - cdd88cb1-716b-4e52-8ddf-d696aacac702@group-7EB238C3CBC3: changes role from CANDIDATE to FOLLOWER at term 8 for DISCOVERED_A_NEW_TERM
2019-09-19 10:47:33,495 [cdd88cb1-716b-4e52-8ddf-d696aacac702@group-7EB238C3CBC3:LeaderElection29] INFO  impl.RoleInfo (RoleInfo.java:shutdownLeaderElection(134)) - cdd88cb1-716b-4e52-8ddf-d696aacac702: shutdown LeaderElection
2019-09-19 10:47:33,496 [0d4e421f-a580-438c-824a-2881e7ce6119@group-7EB238C3CBC3:LeaderElection30] INFO  impl.LeaderElection (LeaderElection.java:logAndReturn(56)) - 0d4e421f-a580-438c-824a-2881e7ce6119@group-7EB238C3CBC3:LeaderElection30: Election REJECTED; received 2 response(s) [0d4e421f-a580-438c-824a-2881e7ce6119<-c9baf647-08c3-4366-86b9-39150e9e3608#0:FAIL-t8, 0d4e421f-a580-438c-824a-2881e7ce6119<-cdd88cb1-716b-4e52-8ddf-d696aacac702#0:FAIL-t8] and 0 exception(s); 0d4e421f-a580-438c-824a-2881e7ce6119@group-7EB238C3CBC3:t8, leader=null, voted=0d4e421f-a580-438c-824a-2881e7ce6119, raftlog=0d4e421f-a580-438c-824a-2881e7ce6119@group-7EB238C3CBC3-SegmentedRaftLog:OPENED:c-1,f-1,i0, conf=-1: [c9baf647-08c3-4366-86b9-39150e9e3608:192.168.5.171:34562, cdd88cb1-716b-4e52-8ddf-d696aacac702:192.168.5.171:38745, 0d4e421f-a580-438c-824a-2881e7ce6119:192.168.5.171:46782], old=null
2019-09-19 10:47:33,497 [cdd88cb1-716b-4e52-8ddf-d696aacac702@group-7EB238C3CBC3:LeaderElection29] INFO  impl.RoleInfo (RoleInfo.java:updateAndGet(143)) - cdd88cb1-716b-4e52-8ddf-d696aacac702: start FollowerState
2019-09-19 10:47:33,498 [0d4e421f-a580-438c-824a-2881e7ce6119@group-7EB238C3CBC3:LeaderElection30] INFO  impl.RaftServerImpl (RaftServerImpl.java:setRole(174)) - 0d4e421f-a580-438c-824a-2881e7ce6119@group-7EB238C3CBC3: changes role from CANDIDATE to FOLLOWER at term 8 for DISCOVERED_A_NEW_TERM
2019-09-19 10:47:33,499 [0d4e421f-a580-438c-824a-2881e7ce6119@group-7EB238C3CBC3:LeaderElection30] INFO  impl.RoleInfo (RoleInfo.java:shutdownLeaderElection(134)) - 0d4e421f-a580-438c-824a-2881e7ce6119: shutdown LeaderElection
2019-09-19 10:47:33,499 [c9baf647-08c3-4366-86b9-39150e9e3608@group-7EB238C3CBC3:LeaderElection28] INFO  impl.LeaderElection (LeaderElection.java:logAndReturn(56)) - c9baf647-08c3-4366-86b9-39150e9e3608@group-7EB238C3CBC3:LeaderElection28: Election REJECTED; received 2 response(s) [c9baf647-08c3-4366-86b9-39150e9e3608<-cdd88cb1-716b-4e52-8ddf-d696aacac702#0:FAIL-t8, c9baf647-08c3-4366-86b9-39150e9e3608<-0d4e421f-a580-438c-824a-2881e7ce6119#0:FAIL-t8] and 0 exception(s); c9baf647-08c3-4366-86b9-39150e9e3608@group-7EB238C3CBC3:t8, leader=null, voted=c9baf647-08c3-4366-86b9-39150e9e3608, raftlog=c9baf647-08c3-4366-86b9-39150e9e3608@group-7EB238C3CBC3-SegmentedRaftLog:OPENED:c-1,f-1,i0, conf=-1: [c9baf647-08c3-4366-86b9-39150e9e3608:192.168.5.171:34562, cdd88cb1-716b-4e52-8ddf-d696aacac702:192.168.5.171:38745, 0d4e421f-a580-438c-824a-2881e7ce6119:192.168.5.171:46782], old=null
2019-09-19 10:47:33,499 [0d4e421f-a580-438c-824a-2881e7ce6119@group-7EB238C3CBC3:LeaderElection30] INFO  impl.RoleInfo (RoleInfo.java:updateAndGet(143)) - 0d4e421f-a580-438c-824a-2881e7ce6119: start FollowerState
2019-09-19 10:47:33,500 [c9baf647-08c3-4366-86b9-39150e9e3608@group-7EB238C3CBC3:LeaderElection28] INFO  impl.RaftServerImpl (RaftServerImpl.java:setRole(174)) - c9baf647-08c3-4366-86b9-39150e9e3608@group-7EB238C3CBC3: changes role from CANDIDATE to FOLLOWER at term 8 for DISCOVERED_A_NEW_TERM
2019-09-19 10:47:33,501 [c9baf647-08c3-4366-86b9-39150e9e3608@group-7EB238C3CBC3:LeaderElection28] INFO  impl.RoleInfo (RoleInfo.java:shutdownLeaderElection(134)) - c9baf647-08c3-4366-86b9-39150e9e3608: shutdown LeaderElection
2019-09-19 10:47:33,501 [c9baf647-08c3-4366-86b9-39150e9e3608@group-7EB238C3CBC3:LeaderElection28] INFO  impl.RoleInfo (RoleInfo.java:updateAndGet(143)) - c9baf647-08c3-4366-86b9-39150e9e3608: start FollowerState
2019-09-19 10:47:38,502 [Thread-578] INFO  impl.FollowerState (FollowerState.java:run(106)) - 0d4e421f-a580-438c-824a-2881e7ce6119:group-7EB238C3CBC3 changes to CANDIDATE, lastRpcTime:5002, electionTimeout:5001ms
2019-09-19 10:47:38,503 [Thread-578] INFO  impl.RoleInfo (RoleInfo.java:shutdownFollowerState(121)) - 0d4e421f-a580-438c-824a-2881e7ce6119: shutdown FollowerState
2019-09-19 10:47:38,503 [Thread-578] INFO  impl.RaftServerImpl (RaftServerImpl.java:setRole(174)) - 0d4e421f-a580-438c-824a-2881e7ce6119@group-7EB238C3CBC3: changes role from  FOLLOWER to CANDIDATE at term 8 for changeToCandidate
2019-09-19 10:47:38,503 [Thread-578] INFO  impl.RoleInfo (RoleInfo.java:updateAndGet(143)) - 0d4e421f-a580-438c-824a-2881e7ce6119: start LeaderElection
2019-09-19 10:47:38,545 [Thread-577] INFO  impl.FollowerState (FollowerState.java:run(106)) - cdd88cb1-716b-4e52-8ddf-d696aacac702:group-7EB238C3CBC3 changes to CANDIDATE, lastRpcTime:5049, electionTimeout:5046ms
2019-09-19 10:47:38,546 [Thread-577] INFO  impl.RoleInfo (RoleInfo.java:shutdownFollowerState(121)) - cdd88cb1-716b-4e52-8ddf-d696aacac702: shutdown FollowerState
2019-09-19 10:47:38,546 [Thread-577] INFO  impl.RaftServerImpl (RaftServerImpl.java:setRole(174)) - cdd88cb1-716b-4e52-8ddf-d696aacac702@group-7EB238C3CBC3: changes role from  FOLLOWER to CANDIDATE at term 8 for changeToCandidate
2019-09-19 10:47:38,546 [Thread-577] INFO  impl.RoleInfo (RoleInfo.java:updateAndGet(143)) - cdd88cb1-716b-4e52-8ddf-d696aacac702: start LeaderElection
2019-09-19 10:47:38,699 [Thread-579] INFO  impl.FollowerState (FollowerState.java:run(106)) - c9baf647-08c3-4366-86b9-39150e9e3608:group-7EB238C3CBC3 changes to CANDIDATE, lastRpcTime:5197, electionTimeout:5197ms
2019-09-19 10:47:38,699 [Thread-579] INFO  impl.RoleInfo (RoleInfo.java:shutdownFollowerState(121)) - c9baf647-08c3-4366-86b9-39150e9e3608: shutdown FollowerState
2019-09-19 10:47:38,699 [Thread-579] INFO  impl.RaftServerImpl (RaftServerImpl.java:setRole(174)) - c9baf647-08c3-4366-86b9-39150e9e3608@group-7EB238C3CBC3: changes role from  FOLLOWER to CANDIDATE at term 8 for changeToCandidate
2019-09-19 10:47:38,699 [Thread-579] INFO  impl.RoleInfo (RoleInfo.java:updateAndGet(143)) - c9baf647-08c3-4366-86b9-39150e9e3608: start LeaderElection
2019-09-19 10:47:41,420 [cdd88cb1-716b-4e52-8ddf-d696aacac702@group-7EB238C3CBC3:LeaderElection32] INFO  impl.LeaderElection (LeaderElection.java:askForVotes(182)) - cdd88cb1-716b-4e52-8ddf-d696aacac702@group-7EB238C3CBC3:LeaderElection32: begin an election at term 9 for -1: [c9baf647-08c3-4366-86b9-39150e9e3608:192.168.5.171:34562, cdd88cb1-716b-4e52-8ddf-d696aacac702:192.168.5.171:38745, 0d4e421f-a580-438c-824a-2881e7ce6119:192.168.5.171:46782], old=null
2019-09-19 10:47:41,420 [0d4e421f-a580-438c-824a-2881e7ce6119@group-7EB238C3CBC3:LeaderElection31] INFO  impl.LeaderElection (LeaderElection.java:askForVotes(182)) - 0d4e421f-a580-438c-824a-2881e7ce6119@group-7EB238C3CBC3:LeaderElection31: begin an election at term 9 for -1: [c9baf647-08c3-4366-86b9-39150e9e3608:192.168.5.171:34562, cdd88cb1-716b-4e52-8ddf-d696aacac702:192.168.5.171:38745, 0d4e421f-a580-438c-824a-2881e7ce6119:192.168.5.171:46782], old=null
2019-09-19 10:47:41,420 [c9baf647-08c3-4366-86b9-39150e9e3608@group-7EB238C3CBC3:LeaderElection33] INFO  impl.LeaderElection (LeaderElection.java:askForVotes(182)) - c9baf647-08c3-4366-86b9-39150e9e3608@group-7EB238C3CBC3:LeaderElection33: begin an election at term 9 for -1: [c9baf647-08c3-4366-86b9-39150e9e3608:192.168.5.171:34562, cdd88cb1-716b-4e52-8ddf-d696aacac702:192.168.5.171:38745, 0d4e421f-a580-438c-824a-2881e7ce6119:192.168.5.171:46782], old=null
2019-09-19 10:47:41,431 [c9baf647-08c3-4366-86b9-39150e9e3608@group-7EB238C3CBC3:LeaderElection33] INFO  impl.LeaderElection (LeaderElection.java:logAndReturn(56)) - c9baf647-08c3-4366-86b9-39150e9e3608@group-7EB238C3CBC3:LeaderElection33: Election REJECTED; received 2 response(s) [c9baf647-08c3-4366-86b9-39150e9e3608<-cdd88cb1-716b-4e52-8ddf-d696aacac702#0:FAIL-t9, c9baf647-08c3-4366-86b9-39150e9e3608<-0d4e421f-a580-438c-824a-2881e7ce6119#0:FAIL-t9] and 0 exception(s); c9baf647-08c3-4366-86b9-39150e9e3608@group-7EB238C3CBC3:t9, leader=null, voted=c9baf647-08c3-4366-86b9-39150e9e3608, raftlog=c9baf647-08c3-4366-86b9-39150e9e3608@group-7EB238C3CBC3-SegmentedRaftLog:OPENED:c-1,f-1,i0, conf=-1: [c9baf647-08c3-4366-86b9-39150e9e3608:192.168.5.171:34562, cdd88cb1-716b-4e52-8ddf-d696aacac702:192.168.5.171:38745, 0d4e421f-a580-438c-824a-2881e7ce6119:192.168.5.171:46782], old=null
2019-09-19 10:47:41,431 [c9baf647-08c3-4366-86b9-39150e9e3608@group-7EB238C3CBC3:LeaderElection33] INFO  impl.RaftServerImpl (RaftServerImpl.java:setRole(174)) - c9baf647-08c3-4366-86b9-39150e9e3608@group-7EB238C3CBC3: changes role from CANDIDATE to FOLLOWER at term 9 for DISCOVERED_A_NEW_TERM
2019-09-19 10:47:41,431 [cdd88cb1-716b-4e52-8ddf-d696aacac702@group-7EB238C3CBC3:LeaderElection32] INFO  impl.LeaderElection (LeaderElection.java:logAndReturn(56)) - cdd88cb1-716b-4e52-8ddf-d696aacac702@group-7EB238C3CBC3:LeaderElection32: Election REJECTED; received 2 response(s) [cdd88cb1-716b-4e52-8ddf-d696aacac702<-c9baf647-08c3-4366-86b9-39150e9e3608#0:FAIL-t9, cdd88cb1-716b-4e52-8ddf-d696aacac702<-0d4e421f-a580-438c-824a-2881e7ce6119#0:FAIL-t9] and 0 exception(s); cdd88cb1-716b-4e52-8ddf-d696aacac702@group-7EB238C3CBC3:t9, leader=null, voted=cdd88cb1-716b-4e52-8ddf-d696aacac702, raftlog=cdd88cb1-716b-4e52-8ddf-d696aacac702@group-7EB238C3CBC3-SegmentedRaftLog:OPENED:c-1,f-1,i0, conf=-1: [c9baf647-08c3-4366-86b9-39150e9e3608:192.168.5.171:34562, cdd88cb1-716b-4e52-8ddf-d696aacac702:192.168.5.171:38745, 0d4e421f-a580-438c-824a-2881e7ce6119:192.168.5.171:46782], old=null
2019-09-19 10:47:41,434 [c9baf647-08c3-4366-86b9-39150e9e3608@group-7EB238C3CBC3:LeaderElection33] INFO  impl.RoleInfo (RoleInfo.java:shutdownLeaderElection(134)) - c9baf647-08c3-4366-86b9-39150e9e3608: shutdown LeaderElection
2019-09-19 10:47:41,434 [cdd88cb1-716b-4e52-8ddf-d696aacac702@group-7EB238C3CBC3:LeaderElection32] INFO  impl.RaftServerImpl (RaftServerImpl.java:setRole(174)) - cdd88cb1-716b-4e52-8ddf-d696aacac702@group-7EB238C3CBC3: changes role from CANDIDATE to FOLLOWER at term 9 for DISCOVERED_A_NEW_TERM
2019-09-19 10:47:41,436 [c9baf647-08c3-4366-86b9-39150e9e3608@group-7EB238C3CBC3:LeaderElection33] INFO  impl.RoleInfo (RoleInfo.java:updateAndGet(143)) - c9baf647-08c3-4366-86b9-39150e9e3608: start FollowerState
2019-09-19 10:47:41,436 [cdd88cb1-716b-4e52-8ddf-d696aacac702@group-7EB238C3CBC3:LeaderElection32] INFO  impl.RoleInfo (RoleInfo.java:shutdownLeaderElection(134)) - cdd88cb1-716b-4e52-8ddf-d696aacac702: shutdown LeaderElection
2019-09-19 10:47:41,437 [cdd88cb1-716b-4e52-8ddf-d696aacac702@group-7EB238C3CBC3:LeaderElection32] INFO  impl.RoleInfo (RoleInfo.java:updateAndGet(143)) - cdd88cb1-716b-4e52-8ddf-d696aacac702: start FollowerState
2019-09-19 10:47:41,438 [0d4e421f-a580-438c-824a-2881e7ce6119@group-7EB238C3CBC3:LeaderElection31] INFO  impl.LeaderElection (LeaderElection.java:logAndReturn(56)) - 0d4e421f-a580-438c-824a-2881e7ce6119@group-7EB238C3CBC3:LeaderElection31: Election REJECTED; received 2 response(s) [0d4e421f-a580-438c-824a-2881e7ce6119<-c9baf647-08c3-4366-86b9-39150e9e3608#0:FAIL-t9, 0d4e421f-a580-438c-824a-2881e7ce6119<-cdd88cb1-716b-4e52-8ddf-d696aacac702#0:FAIL-t9] and 0 exception(s); 0d4e421f-a580-438c-824a-2881e7ce6119@group-7EB238C3CBC3:t9, leader=null, voted=0d4e421f-a580-438c-824a-2881e7ce6119, raftlog=0d4e421f-a580-438c-824a-2881e7ce6119@group-7EB238C3CBC3-SegmentedRaftLog:OPENED:c-1,f-1,i0, conf=-1: [c9baf647-08c3-4366-86b9-39150e9e3608:192.168.5.171:34562, cdd88cb1-716b-4e52-8ddf-d696aacac702:192.168.5.171:38745, 0d4e421f-a580-438c-824a-2881e7ce6119:192.168.5.171:46782], old=null
2019-09-19 10:47:41,438 [0d4e421f-a580-438c-824a-2881e7ce6119@group-7EB238C3CBC3:LeaderElection31] INFO  impl.RaftServerImpl (RaftServerImpl.java:setRole(174)) - 0d4e421f-a580-438c-824a-2881e7ce6119@group-7EB238C3CBC3: changes role from CANDIDATE to FOLLOWER at term 9 for DISCOVERED_A_NEW_TERM
2019-09-19 10:47:41,438 [0d4e421f-a580-438c-824a-2881e7ce6119@group-7EB238C3CBC3:LeaderElection31] INFO  impl.RoleInfo (RoleInfo.java:shutdownLeaderElection(134)) - 0d4e421f-a580-438c-824a-2881e7ce6119: shutdown LeaderElection
2019-09-19 10:47:41,438 [0d4e421f-a580-438c-824a-2881e7ce6119@group-7EB238C3CBC3:LeaderElection31] INFO  impl.RoleInfo (RoleInfo.java:updateAndGet(143)) - 0d4e421f-a580-438c-824a-2881e7ce6119: start FollowerState
2019-09-19 10:47:46,524 [Thread-618] INFO  impl.FollowerState (FollowerState.java:run(106)) - cdd88cb1-716b-4e52-8ddf-d696aacac702:group-7EB238C3CBC3 changes to CANDIDATE, lastRpcTime:5086, electionTimeout:5086ms
2019-09-19 10:47:46,526 [Thread-618] INFO  impl.RoleInfo (RoleInfo.java:shutdownFollowerState(121)) - cdd88cb1-716b-4e52-8ddf-d696aacac702: shutdown FollowerState
2019-09-19 10:47:46,527 [Thread-618] INFO  impl.RaftServerImpl (RaftServerImpl.java:setRole(174)) - cdd88cb1-716b-4e52-8ddf-d696aacac702@group-7EB238C3CBC3: changes role from  FOLLOWER to CANDIDATE at term 9 for changeToCandidate
2019-09-19 10:47:46,527 [Thread-618] INFO  impl.RoleInfo (RoleInfo.java:updateAndGet(143)) - cdd88cb1-716b-4e52-8ddf-d696aacac702: start LeaderElection
2019-09-19 10:47:46,583 [Thread-617] INFO  impl.FollowerState (FollowerState.java:run(106)) - c9baf647-08c3-4366-86b9-39150e9e3608:group-7EB238C3CBC3 changes to CANDIDATE, lastRpcTime:5146, electionTimeout:5146ms
2019-09-19 10:47:46,584 [Thread-617] INFO  impl.RoleInfo (RoleInfo.java:shutdownFollowerState(121)) - c9baf647-08c3-4366-86b9-39150e9e3608: shutdown FollowerState
2019-09-19 10:47:46,584 [Thread-617] INFO  impl.RaftServerImpl (RaftServerImpl.java:setRole(174)) - c9baf647-08c3-4366-86b9-39150e9e3608@group-7EB238C3CBC3: changes role from  FOLLOWER to CANDIDATE at term 9 for changeToCandidate
2019-09-19 10:47:46,585 [Thread-617] INFO  impl.RoleInfo (RoleInfo.java:updateAndGet(143)) - c9baf647-08c3-4366-86b9-39150e9e3608: start LeaderElection
2019-09-19 10:47:46,628 [Thread-619] INFO  impl.FollowerState (FollowerState.java:run(106)) - 0d4e421f-a580-438c-824a-2881e7ce6119:group-7EB238C3CBC3 changes to CANDIDATE, lastRpcTime:5189, electionTimeout:5189ms
2019-09-19 10:47:46,628 [Thread-619] INFO  impl.RoleInfo (RoleInfo.java:shutdownFollowerState(121)) - 0d4e421f-a580-438c-824a-2881e7ce6119: shutdown FollowerState
2019-09-19 10:47:46,628 [Thread-619] INFO  impl.RaftServerImpl (RaftServerImpl.java:setRole(174)) - 0d4e421f-a580-438c-824a-2881e7ce6119@group-7EB238C3CBC3: changes role from  FOLLOWER to CANDIDATE at term 9 for changeToCandidate
2019-09-19 10:47:46,628 [Thread-619] INFO  impl.RoleInfo (RoleInfo.java:updateAndGet(143)) - 0d4e421f-a580-438c-824a-2881e7ce6119: start LeaderElection
2019-09-19 10:47:47,695 [Datanode State Machine Thread - 0] ERROR statemachine.EndpointStateMachine (EndpointStateMachine.java:logIfNeeded(204)) - Unable to communicate to SCM server at 0.0.0.0:39135 for past 0 seconds.
java.net.SocketTimeoutException: Call From pr-hdds-1054-s6xkv-2432930293/192.168.5.171 to 0.0.0.0:39135 failed on socket timeout exception: java.net.SocketTimeoutException: 1000 millis timeout while waiting for channel to be ready for read. ch : java.nio.channels.SocketChannel[connected local=/192.168.5.171:58584 remote=/0.0.0.0:39135]; For more details see:  http://wiki.apache.org/hadoop/SocketTimeout
	at sun.reflect.NativeConstructorAccessorImpl.newInstance0(Native Method)
	at sun.reflect.NativeConstructorAccessorImpl.newInstance(NativeConstructorAccessorImpl.java:62)
	at sun.reflect.DelegatingConstructorAccessorImpl.newInstance(DelegatingConstructorAccessorImpl.java:45)
	at java.lang.reflect.Constructor.newInstance(Constructor.java:423)
	at org.apache.hadoop.net.NetUtils.wrapWithMessage(NetUtils.java:831)
	at org.apache.hadoop.net.NetUtils.wrapException(NetUtils.java:775)
	at org.apache.hadoop.ipc.Client.getRpcResponse(Client.java:1515)
	at org.apache.hadoop.ipc.Client.call(Client.java:1457)
	at org.apache.hadoop.ipc.Client.call(Client.java:1367)
	at org.apache.hadoop.ipc.ProtobufRpcEngine$Invoker.invoke(ProtobufRpcEngine.java:228)
	at org.apache.hadoop.ipc.ProtobufRpcEngine$Invoker.invoke(ProtobufRpcEngine.java:116)
	at com.sun.proxy.$Proxy37.sendHeartbeat(Unknown Source)
	at org.apache.hadoop.ozone.protocolPB.StorageContainerDatanodeProtocolClientSideTranslatorPB.sendHeartbeat(StorageContainerDatanodeProtocolClientSideTranslatorPB.java:131)
	at org.apache.hadoop.ozone.container.common.states.endpoint.HeartbeatEndpointTask.call(HeartbeatEndpointTask.java:143)
	at org.apache.hadoop.ozone.container.common.states.endpoint.HeartbeatEndpointTask.call(HeartbeatEndpointTask.java:74)
	at java.util.concurrent.FutureTask.run(FutureTask.java:266)
	at java.util.concurrent.Executors$RunnableAdapter.call(Executors.java:511)
	at java.util.concurrent.FutureTask.run(FutureTask.java:266)
	at java.util.concurrent.ThreadPoolExecutor.runWorker(ThreadPoolExecutor.java:1149)
	at java.util.concurrent.ThreadPoolExecutor$Worker.run(ThreadPoolExecutor.java:624)
	at java.lang.Thread.run(Thread.java:748)
Caused by: java.net.SocketTimeoutException: 1000 millis timeout while waiting for channel to be ready for read. ch : java.nio.channels.SocketChannel[connected local=/192.168.5.171:58584 remote=/0.0.0.0:39135]
	at org.apache.hadoop.net.SocketIOWithTimeout.doIO(SocketIOWithTimeout.java:164)
	at org.apache.hadoop.net.SocketInputStream.read(SocketInputStream.java:161)
	at org.apache.hadoop.net.SocketInputStream.read(SocketInputStream.java:131)
	at java.io.FilterInputStream.read(FilterInputStream.java:133)
	at java.io.BufferedInputStream.fill(BufferedInputStream.java:246)
	at java.io.BufferedInputStream.read(BufferedInputStream.java:265)
	at java.io.FilterInputStream.read(FilterInputStream.java:83)
	at java.io.FilterInputStream.read(FilterInputStream.java:83)
	at org.apache.hadoop.ipc.Client$Connection$PingInputStream.read(Client.java:557)
	at java.io.DataInputStream.readInt(DataInputStream.java:387)
	at org.apache.hadoop.ipc.Client$IpcStreams.readResponse(Client.java:1816)
	at org.apache.hadoop.ipc.Client$Connection.receiveRpcResponse(Client.java:1173)
	at org.apache.hadoop.ipc.Client$Connection.run(Client.java:1069)
2019-09-19 10:47:47,695 [Datanode State Machine Thread - 0] ERROR statemachine.EndpointStateMachine (EndpointStateMachine.java:logIfNeeded(204)) - Unable to communicate to SCM server at 0.0.0.0:39135 for past 0 seconds.
java.net.SocketTimeoutException: Call From pr-hdds-1054-s6xkv-2432930293/192.168.5.171 to 0.0.0.0:39135 failed on socket timeout exception: java.net.SocketTimeoutException: 1000 millis timeout while waiting for channel to be ready for read. ch : java.nio.channels.SocketChannel[connected local=/192.168.5.171:58584 remote=/0.0.0.0:39135]; For more details see:  http://wiki.apache.org/hadoop/SocketTimeout
	at sun.reflect.NativeConstructorAccessorImpl.newInstance0(Native Method)
	at sun.reflect.NativeConstructorAccessorImpl.newInstance(NativeConstructorAccessorImpl.java:62)
	at sun.reflect.DelegatingConstructorAccessorImpl.newInstance(DelegatingConstructorAccessorImpl.java:45)
	at java.lang.reflect.Constructor.newInstance(Constructor.java:423)
	at org.apache.hadoop.net.NetUtils.wrapWithMessage(NetUtils.java:831)
	at org.apache.hadoop.net.NetUtils.wrapException(NetUtils.java:775)
	at org.apache.hadoop.ipc.Client.getRpcResponse(Client.java:1515)
	at org.apache.hadoop.ipc.Client.call(Client.java:1457)
	at org.apache.hadoop.ipc.Client.call(Client.java:1367)
	at org.apache.hadoop.ipc.ProtobufRpcEngine$Invoker.invoke(ProtobufRpcEngine.java:228)
	at org.apache.hadoop.ipc.ProtobufRpcEngine$Invoker.invoke(ProtobufRpcEngine.java:116)
	at com.sun.proxy.$Proxy37.sendHeartbeat(Unknown Source)
	at org.apache.hadoop.ozone.protocolPB.StorageContainerDatanodeProtocolClientSideTranslatorPB.sendHeartbeat(StorageContainerDatanodeProtocolClientSideTranslatorPB.java:131)
	at org.apache.hadoop.ozone.container.common.states.endpoint.HeartbeatEndpointTask.call(HeartbeatEndpointTask.java:143)
	at org.apache.hadoop.ozone.container.common.states.endpoint.HeartbeatEndpointTask.call(HeartbeatEndpointTask.java:74)
	at java.util.concurrent.FutureTask.run(FutureTask.java:266)
	at java.util.concurrent.Executors$RunnableAdapter.call(Executors.java:511)
	at java.util.concurrent.FutureTask.run(FutureTask.java:266)
	at java.util.concurrent.ThreadPoolExecutor.runWorker(ThreadPoolExecutor.java:1149)
	at java.util.concurrent.ThreadPoolExecutor$Worker.run(ThreadPoolExecutor.java:624)
	at java.lang.Thread.run(Thread.java:748)
Caused by: java.net.SocketTimeoutException: 1000 millis timeout while waiting for channel to be ready for read. ch : java.nio.channels.SocketChannel[connected local=/192.168.5.171:58584 remote=/0.0.0.0:39135]
	at org.apache.hadoop.net.SocketIOWithTimeout.doIO(SocketIOWithTimeout.java:164)
	at org.apache.hadoop.net.SocketInputStream.read(SocketInputStream.java:161)
	at org.apache.hadoop.net.SocketInputStream.read(SocketInputStream.java:131)
	at java.io.FilterInputStream.read(FilterInputStream.java:133)
	at java.io.BufferedInputStream.fill(BufferedInputStream.java:246)
	at java.io.BufferedInputStream.read(BufferedInputStream.java:265)
	at java.io.FilterInputStream.read(FilterInputStream.java:83)
	at java.io.FilterInputStream.read(FilterInputStream.java:83)
	at org.apache.hadoop.ipc.Client$Connection$PingInputStream.read(Client.java:557)
	at java.io.DataInputStream.readInt(DataInputStream.java:387)
	at org.apache.hadoop.ipc.Client$IpcStreams.readResponse(Client.java:1816)
	at org.apache.hadoop.ipc.Client$Connection.receiveRpcResponse(Client.java:1173)
	at org.apache.hadoop.ipc.Client$Connection.run(Client.java:1069)
2019-09-19 10:47:47,695 [Datanode State Machine Thread - 0] ERROR statemachine.EndpointStateMachine (EndpointStateMachine.java:logIfNeeded(204)) - Unable to communicate to SCM server at 0.0.0.0:39135 for past 0 seconds.
java.net.SocketTimeoutException: Call From pr-hdds-1054-s6xkv-2432930293/192.168.5.171 to 0.0.0.0:39135 failed on socket timeout exception: java.net.SocketTimeoutException: 1000 millis timeout while waiting for channel to be ready for read. ch : java.nio.channels.SocketChannel[connected local=/192.168.5.171:58584 remote=/0.0.0.0:39135]; For more details see:  http://wiki.apache.org/hadoop/SocketTimeout
	at sun.reflect.NativeConstructorAccessorImpl.newInstance0(Native Method)
	at sun.reflect.NativeConstructorAccessorImpl.newInstance(NativeConstructorAccessorImpl.java:62)
	at sun.reflect.DelegatingConstructorAccessorImpl.newInstance(DelegatingConstructorAccessorImpl.java:45)
	at java.lang.reflect.Constructor.newInstance(Constructor.java:423)
	at org.apache.hadoop.net.NetUtils.wrapWithMessage(NetUtils.java:831)
	at org.apache.hadoop.net.NetUtils.wrapException(NetUtils.java:775)
	at org.apache.hadoop.ipc.Client.getRpcResponse(Client.java:1515)
	at org.apache.hadoop.ipc.Client.call(Client.java:1457)
	at org.apache.hadoop.ipc.Client.call(Client.java:1367)
	at org.apache.hadoop.ipc.ProtobufRpcEngine$Invoker.invoke(ProtobufRpcEngine.java:228)
	at org.apache.hadoop.ipc.ProtobufRpcEngine$Invoker.invoke(ProtobufRpcEngine.java:116)
	at com.sun.proxy.$Proxy37.sendHeartbeat(Unknown Source)
	at org.apache.hadoop.ozone.protocolPB.StorageContainerDatanodeProtocolClientSideTranslatorPB.sendHeartbeat(StorageContainerDatanodeProtocolClientSideTranslatorPB.java:131)
	at org.apache.hadoop.ozone.container.common.states.endpoint.HeartbeatEndpointTask.call(HeartbeatEndpointTask.java:143)
	at org.apache.hadoop.ozone.container.common.states.endpoint.HeartbeatEndpointTask.call(HeartbeatEndpointTask.java:74)
	at java.util.concurrent.FutureTask.run(FutureTask.java:266)
	at java.util.concurrent.Executors$RunnableAdapter.call(Executors.java:511)
	at java.util.concurrent.FutureTask.run(FutureTask.java:266)
	at java.util.concurrent.ThreadPoolExecutor.runWorker(ThreadPoolExecutor.java:1149)
	at java.util.concurrent.ThreadPoolExecutor$Worker.run(ThreadPoolExecutor.java:624)
	at java.lang.Thread.run(Thread.java:748)
Caused by: java.net.SocketTimeoutException: 1000 millis timeout while waiting for channel to be ready for read. ch : java.nio.channels.SocketChannel[connected local=/192.168.5.171:58584 remote=/0.0.0.0:39135]
	at org.apache.hadoop.net.SocketIOWithTimeout.doIO(SocketIOWithTimeout.java:164)
	at org.apache.hadoop.net.SocketInputStream.read(SocketInputStream.java:161)
	at org.apache.hadoop.net.SocketInputStream.read(SocketInputStream.java:131)
	at java.io.FilterInputStream.read(FilterInputStream.java:133)
	at java.io.BufferedInputStream.fill(BufferedInputStream.java:246)
	at java.io.BufferedInputStream.read(BufferedInputStream.java:265)
	at java.io.FilterInputStream.read(FilterInputStream.java:83)
	at java.io.FilterInputStream.read(FilterInputStream.java:83)
	at org.apache.hadoop.ipc.Client$Connection$PingInputStream.read(Client.java:557)
	at java.io.DataInputStream.readInt(DataInputStream.java:387)
	at org.apache.hadoop.ipc.Client$IpcStreams.readResponse(Client.java:1816)
	at org.apache.hadoop.ipc.Client$Connection.receiveRpcResponse(Client.java:1173)
	at org.apache.hadoop.ipc.Client$Connection.run(Client.java:1069)
2019-09-19 10:47:47,695 [Datanode State Machine Thread - 0] ERROR statemachine.EndpointStateMachine (EndpointStateMachine.java:logIfNeeded(204)) - Unable to communicate to SCM server at 0.0.0.0:39135 for past 0 seconds.
java.net.SocketTimeoutException: Call From pr-hdds-1054-s6xkv-2432930293/192.168.5.171 to 0.0.0.0:39135 failed on socket timeout exception: java.net.SocketTimeoutException: 1000 millis timeout while waiting for channel to be ready for read. ch : java.nio.channels.SocketChannel[connected local=/192.168.5.171:58584 remote=/0.0.0.0:39135]; For more details see:  http://wiki.apache.org/hadoop/SocketTimeout
	at sun.reflect.NativeConstructorAccessorImpl.newInstance0(Native Method)
	at sun.reflect.NativeConstructorAccessorImpl.newInstance(NativeConstructorAccessorImpl.java:62)
	at sun.reflect.DelegatingConstructorAccessorImpl.newInstance(DelegatingConstructorAccessorImpl.java:45)
	at java.lang.reflect.Constructor.newInstance(Constructor.java:423)
	at org.apache.hadoop.net.NetUtils.wrapWithMessage(NetUtils.java:831)
	at org.apache.hadoop.net.NetUtils.wrapException(NetUtils.java:775)
	at org.apache.hadoop.ipc.Client.getRpcResponse(Client.java:1515)
	at org.apache.hadoop.ipc.Client.call(Client.java:1457)
	at org.apache.hadoop.ipc.Client.call(Client.java:1367)
	at org.apache.hadoop.ipc.ProtobufRpcEngine$Invoker.invoke(ProtobufRpcEngine.java:228)
	at org.apache.hadoop.ipc.ProtobufRpcEngine$Invoker.invoke(ProtobufRpcEngine.java:116)
	at com.sun.proxy.$Proxy37.sendHeartbeat(Unknown Source)
	at org.apache.hadoop.ozone.protocolPB.StorageContainerDatanodeProtocolClientSideTranslatorPB.sendHeartbeat(StorageContainerDatanodeProtocolClientSideTranslatorPB.java:131)
	at org.apache.hadoop.ozone.container.common.states.endpoint.HeartbeatEndpointTask.call(HeartbeatEndpointTask.java:143)
	at org.apache.hadoop.ozone.container.common.states.endpoint.HeartbeatEndpointTask.call(HeartbeatEndpointTask.java:74)
	at java.util.concurrent.FutureTask.run(FutureTask.java:266)
	at java.util.concurrent.Executors$RunnableAdapter.call(Executors.java:511)
	at java.util.concurrent.FutureTask.run(FutureTask.java:266)
	at java.util.concurrent.ThreadPoolExecutor.runWorker(ThreadPoolExecutor.java:1149)
	at java.util.concurrent.ThreadPoolExecutor$Worker.run(ThreadPoolExecutor.java:624)
	at java.lang.Thread.run(Thread.java:748)
Caused by: java.net.SocketTimeoutException: 1000 millis timeout while waiting for channel to be ready for read. ch : java.nio.channels.SocketChannel[connected local=/192.168.5.171:58584 remote=/0.0.0.0:39135]
	at org.apache.hadoop.net.SocketIOWithTimeout.doIO(SocketIOWithTimeout.java:164)
	at org.apache.hadoop.net.SocketInputStream.read(SocketInputStream.java:161)
	at org.apache.hadoop.net.SocketInputStream.read(SocketInputStream.java:131)
	at java.io.FilterInputStream.read(FilterInputStream.java:133)
	at java.io.BufferedInputStream.fill(BufferedInputStream.java:246)
	at java.io.BufferedInputStream.read(BufferedInputStream.java:265)
	at java.io.FilterInputStream.read(FilterInputStream.java:83)
	at java.io.FilterInputStream.read(FilterInputStream.java:83)
	at org.apache.hadoop.ipc.Client$Connection$PingInputStream.read(Client.java:557)
	at java.io.DataInputStream.readInt(DataInputStream.java:387)
	at org.apache.hadoop.ipc.Client$IpcStreams.readResponse(Client.java:1816)
	at org.apache.hadoop.ipc.Client$Connection.receiveRpcResponse(Client.java:1173)
	at org.apache.hadoop.ipc.Client$Connection.run(Client.java:1069)
2019-09-19 10:47:47,695 [Datanode State Machine Thread - 0] ERROR statemachine.EndpointStateMachine (EndpointStateMachine.java:logIfNeeded(204)) - Unable to communicate to SCM server at 0.0.0.0:39135 for past 0 seconds.
java.net.SocketTimeoutException: Call From pr-hdds-1054-s6xkv-2432930293/192.168.5.171 to 0.0.0.0:39135 failed on socket timeout exception: java.net.SocketTimeoutException: 1000 millis timeout while waiting for channel to be ready for read. ch : java.nio.channels.SocketChannel[connected local=/192.168.5.171:58584 remote=/0.0.0.0:39135]; For more details see:  http://wiki.apache.org/hadoop/SocketTimeout
	at sun.reflect.NativeConstructorAccessorImpl.newInstance0(Native Method)
	at sun.reflect.NativeConstructorAccessorImpl.newInstance(NativeConstructorAccessorImpl.java:62)
	at sun.reflect.DelegatingConstructorAccessorImpl.newInstance(DelegatingConstructorAccessorImpl.java:45)
	at java.lang.reflect.Constructor.newInstance(Constructor.java:423)
	at org.apache.hadoop.net.NetUtils.wrapWithMessage(NetUtils.java:831)
	at org.apache.hadoop.net.NetUtils.wrapException(NetUtils.java:775)
	at org.apache.hadoop.ipc.Client.getRpcResponse(Client.java:1515)
	at org.apache.hadoop.ipc.Client.call(Client.java:1457)
	at org.apache.hadoop.ipc.Client.call(Client.java:1367)
	at org.apache.hadoop.ipc.ProtobufRpcEngine$Invoker.invoke(ProtobufRpcEngine.java:228)
	at org.apache.hadoop.ipc.ProtobufRpcEngine$Invoker.invoke(ProtobufRpcEngine.java:116)
	at com.sun.proxy.$Proxy37.sendHeartbeat(Unknown Source)
	at org.apache.hadoop.ozone.protocolPB.StorageContainerDatanodeProtocolClientSideTranslatorPB.sendHeartbeat(StorageContainerDatanodeProtocolClientSideTranslatorPB.java:131)
	at org.apache.hadoop.ozone.container.common.states.endpoint.HeartbeatEndpointTask.call(HeartbeatEndpointTask.java:143)
	at org.apache.hadoop.ozone.container.common.states.endpoint.HeartbeatEndpointTask.call(HeartbeatEndpointTask.java:74)
	at java.util.concurrent.FutureTask.run(FutureTask.java:266)
	at java.util.concurrent.Executors$RunnableAdapter.call(Executors.java:511)
	at java.util.concurrent.FutureTask.run(FutureTask.java:266)
	at java.util.concurrent.ThreadPoolExecutor.runWorker(ThreadPoolExecutor.java:1149)
	at java.util.concurrent.ThreadPoolExecutor$Worker.run(ThreadPoolExecutor.java:624)
	at java.lang.Thread.run(Thread.java:748)
Caused by: java.net.SocketTimeoutException: 1000 millis timeout while waiting for channel to be ready for read. ch : java.nio.channels.SocketChannel[connected local=/192.168.5.171:58584 remote=/0.0.0.0:39135]
	at org.apache.hadoop.net.SocketIOWithTimeout.doIO(SocketIOWithTimeout.java:164)
	at org.apache.hadoop.net.SocketInputStream.read(SocketInputStream.java:161)
	at org.apache.hadoop.net.SocketInputStream.read(SocketInputStream.java:131)
	at java.io.FilterInputStream.read(FilterInputStream.java:133)
	at java.io.BufferedInputStream.fill(BufferedInputStream.java:246)
	at java.io.BufferedInputStream.read(BufferedInputStream.java:265)
	at java.io.FilterInputStream.read(FilterInputStream.java:83)
	at java.io.FilterInputStream.read(FilterInputStream.java:83)
	at org.apache.hadoop.ipc.Client$Connection$PingInputStream.read(Client.java:557)
	at java.io.DataInputStream.readInt(DataInputStream.java:387)
	at org.apache.hadoop.ipc.Client$IpcStreams.readResponse(Client.java:1816)
	at org.apache.hadoop.ipc.Client$Connection.receiveRpcResponse(Client.java:1173)
	at org.apache.hadoop.ipc.Client$Connection.run(Client.java:1069)
2019-09-19 10:47:47,730 [IPC Server handler 3 on 39135] INFO  ipc.Server (Server.java:run(869)) - IPC Server handler 3 on 39135: skipped Call#485 Retry#0 org.apache.hadoop.ozone.protocol.StorageContainerDatanodeProtocol.sendHeartbeat from 192.168.5.171:58584
2019-09-19 10:47:47,730 [IPC Server handler 13 on 39135] INFO  ipc.Server (Server.java:run(869)) - IPC Server handler 13 on 39135: skipped Call#486 Retry#0 org.apache.hadoop.ozone.protocol.StorageContainerDatanodeProtocol.sendHeartbeat from 192.168.5.171:58584
2019-09-19 10:47:47,730 [IPC Server handler 9 on 39135] INFO  ipc.Server (Server.java:run(869)) - IPC Server handler 9 on 39135: skipped Call#484 Retry#0 org.apache.hadoop.ozone.protocol.StorageContainerDatanodeProtocol.sendHeartbeat from 192.168.5.171:58584
2019-09-19 10:47:47,730 [IPC Server handler 13 on 39135] INFO  ipc.Server (Server.java:run(869)) - IPC Server handler 13 on 39135: skipped Call#488 Retry#0 org.apache.hadoop.ozone.protocol.StorageContainerDatanodeProtocol.sendHeartbeat from 192.168.5.171:58584
2019-09-19 10:47:47,730 [IPC Server handler 3 on 39135] INFO  ipc.Server (Server.java:run(869)) - IPC Server handler 3 on 39135: skipped Call#487 Retry#0 org.apache.hadoop.ozone.protocol.StorageContainerDatanodeProtocol.sendHeartbeat from 192.168.5.171:58584
2019-09-19 10:47:47,744 [0d4e421f-a580-438c-824a-2881e7ce6119@group-7EB238C3CBC3:LeaderElection36] INFO  impl.LeaderElection (LeaderElection.java:askForVotes(182)) - 0d4e421f-a580-438c-824a-2881e7ce6119@group-7EB238C3CBC3:LeaderElection36: begin an election at term 10 for -1: [c9baf647-08c3-4366-86b9-39150e9e3608:192.168.5.171:34562, cdd88cb1-716b-4e52-8ddf-d696aacac702:192.168.5.171:38745, 0d4e421f-a580-438c-824a-2881e7ce6119:192.168.5.171:46782], old=null
2019-09-19 10:47:47,744 [cdd88cb1-716b-4e52-8ddf-d696aacac702@group-7EB238C3CBC3:LeaderElection34] INFO  impl.LeaderElection (LeaderElection.java:askForVotes(182)) - cdd88cb1-716b-4e52-8ddf-d696aacac702@group-7EB238C3CBC3:LeaderElection34: begin an election at term 10 for -1: [c9baf647-08c3-4366-86b9-39150e9e3608:192.168.5.171:34562, cdd88cb1-716b-4e52-8ddf-d696aacac702:192.168.5.171:38745, 0d4e421f-a580-438c-824a-2881e7ce6119:192.168.5.171:46782], old=null
2019-09-19 10:47:47,744 [c9baf647-08c3-4366-86b9-39150e9e3608@group-7EB238C3CBC3:LeaderElection35] INFO  impl.LeaderElection (LeaderElection.java:askForVotes(182)) - c9baf647-08c3-4366-86b9-39150e9e3608@group-7EB238C3CBC3:LeaderElection35: begin an election at term 10 for -1: [c9baf647-08c3-4366-86b9-39150e9e3608:192.168.5.171:34562, cdd88cb1-716b-4e52-8ddf-d696aacac702:192.168.5.171:38745, 0d4e421f-a580-438c-824a-2881e7ce6119:192.168.5.171:46782], old=null
2019-09-19 10:47:47,749 [0d4e421f-a580-438c-824a-2881e7ce6119@group-7EB238C3CBC3:LeaderElection36] INFO  impl.LeaderElection (LeaderElection.java:logAndReturn(56)) - 0d4e421f-a580-438c-824a-2881e7ce6119@group-7EB238C3CBC3:LeaderElection36: Election REJECTED; received 2 response(s) [0d4e421f-a580-438c-824a-2881e7ce6119<-c9baf647-08c3-4366-86b9-39150e9e3608#0:FAIL-t10, 0d4e421f-a580-438c-824a-2881e7ce6119<-cdd88cb1-716b-4e52-8ddf-d696aacac702#0:FAIL-t10] and 0 exception(s); 0d4e421f-a580-438c-824a-2881e7ce6119@group-7EB238C3CBC3:t10, leader=null, voted=0d4e421f-a580-438c-824a-2881e7ce6119, raftlog=0d4e421f-a580-438c-824a-2881e7ce6119@group-7EB238C3CBC3-SegmentedRaftLog:OPENED:c-1,f-1,i0, conf=-1: [c9baf647-08c3-4366-86b9-39150e9e3608:192.168.5.171:34562, cdd88cb1-716b-4e52-8ddf-d696aacac702:192.168.5.171:38745, 0d4e421f-a580-438c-824a-2881e7ce6119:192.168.5.171:46782], old=null
2019-09-19 10:47:47,749 [cdd88cb1-716b-4e52-8ddf-d696aacac702@group-7EB238C3CBC3:LeaderElection34] INFO  impl.LeaderElection (LeaderElection.java:logAndReturn(56)) - cdd88cb1-716b-4e52-8ddf-d696aacac702@group-7EB238C3CBC3:LeaderElection34: Election REJECTED; received 2 response(s) [cdd88cb1-716b-4e52-8ddf-d696aacac702<-c9baf647-08c3-4366-86b9-39150e9e3608#0:FAIL-t10, cdd88cb1-716b-4e52-8ddf-d696aacac702<-0d4e421f-a580-438c-824a-2881e7ce6119#0:FAIL-t10] and 0 exception(s); cdd88cb1-716b-4e52-8ddf-d696aacac702@group-7EB238C3CBC3:t10, leader=null, voted=cdd88cb1-716b-4e52-8ddf-d696aacac702, raftlog=cdd88cb1-716b-4e52-8ddf-d696aacac702@group-7EB238C3CBC3-SegmentedRaftLog:OPENED:c-1,f-1,i0, conf=-1: [c9baf647-08c3-4366-86b9-39150e9e3608:192.168.5.171:34562, cdd88cb1-716b-4e52-8ddf-d696aacac702:192.168.5.171:38745, 0d4e421f-a580-438c-824a-2881e7ce6119:192.168.5.171:46782], old=null
2019-09-19 10:47:47,749 [0d4e421f-a580-438c-824a-2881e7ce6119@group-7EB238C3CBC3:LeaderElection36] INFO  impl.RaftServerImpl (RaftServerImpl.java:setRole(174)) - 0d4e421f-a580-438c-824a-2881e7ce6119@group-7EB238C3CBC3: changes role from CANDIDATE to FOLLOWER at term 10 for DISCOVERED_A_NEW_TERM
2019-09-19 10:47:47,752 [cdd88cb1-716b-4e52-8ddf-d696aacac702@group-7EB238C3CBC3:LeaderElection34] INFO  impl.RaftServerImpl (RaftServerImpl.java:setRole(174)) - cdd88cb1-716b-4e52-8ddf-d696aacac702@group-7EB238C3CBC3: changes role from CANDIDATE to FOLLOWER at term 10 for DISCOVERED_A_NEW_TERM
2019-09-19 10:47:47,752 [c9baf647-08c3-4366-86b9-39150e9e3608@group-7EB238C3CBC3:LeaderElection35] INFO  impl.LeaderElection (LeaderElection.java:logAndReturn(56)) - c9baf647-08c3-4366-86b9-39150e9e3608@group-7EB238C3CBC3:LeaderElection35: Election REJECTED; received 2 response(s) [c9baf647-08c3-4366-86b9-39150e9e3608<-cdd88cb1-716b-4e52-8ddf-d696aacac702#0:FAIL-t10, c9baf647-08c3-4366-86b9-39150e9e3608<-0d4e421f-a580-438c-824a-2881e7ce6119#0:FAIL-t10] and 0 exception(s); c9baf647-08c3-4366-86b9-39150e9e3608@group-7EB238C3CBC3:t10, leader=null, voted=c9baf647-08c3-4366-86b9-39150e9e3608, raftlog=c9baf647-08c3-4366-86b9-39150e9e3608@group-7EB238C3CBC3-SegmentedRaftLog:OPENED:c-1,f-1,i0, conf=-1: [c9baf647-08c3-4366-86b9-39150e9e3608:192.168.5.171:34562, cdd88cb1-716b-4e52-8ddf-d696aacac702:192.168.5.171:38745, 0d4e421f-a580-438c-824a-2881e7ce6119:192.168.5.171:46782], old=null
2019-09-19 10:47:47,752 [0d4e421f-a580-438c-824a-2881e7ce6119@group-7EB238C3CBC3:LeaderElection36] INFO  impl.RoleInfo (RoleInfo.java:shutdownLeaderElection(134)) - 0d4e421f-a580-438c-824a-2881e7ce6119: shutdown LeaderElection
2019-09-19 10:47:47,754 [c9baf647-08c3-4366-86b9-39150e9e3608@group-7EB238C3CBC3:LeaderElection35] INFO  impl.RaftServerImpl (RaftServerImpl.java:setRole(174)) - c9baf647-08c3-4366-86b9-39150e9e3608@group-7EB238C3CBC3: changes role from CANDIDATE to FOLLOWER at term 10 for DISCOVERED_A_NEW_TERM
2019-09-19 10:47:47,754 [cdd88cb1-716b-4e52-8ddf-d696aacac702@group-7EB238C3CBC3:LeaderElection34] INFO  impl.RoleInfo (RoleInfo.java:shutdownLeaderElection(134)) - cdd88cb1-716b-4e52-8ddf-d696aacac702: shutdown LeaderElection
2019-09-19 10:47:47,760 [0d4e421f-a580-438c-824a-2881e7ce6119@group-7EB238C3CBC3:LeaderElection36] INFO  impl.RoleInfo (RoleInfo.java:updateAndGet(143)) - 0d4e421f-a580-438c-824a-2881e7ce6119: start FollowerState
2019-09-19 10:47:47,760 [c9baf647-08c3-4366-86b9-39150e9e3608@group-7EB238C3CBC3:LeaderElection35] INFO  impl.RoleInfo (RoleInfo.java:shutdownLeaderElection(134)) - c9baf647-08c3-4366-86b9-39150e9e3608: shutdown LeaderElection
2019-09-19 10:47:47,760 [cdd88cb1-716b-4e52-8ddf-d696aacac702@group-7EB238C3CBC3:LeaderElection34] INFO  impl.RoleInfo (RoleInfo.java:updateAndGet(143)) - cdd88cb1-716b-4e52-8ddf-d696aacac702: start FollowerState
2019-09-19 10:47:47,761 [c9baf647-08c3-4366-86b9-39150e9e3608@group-7EB238C3CBC3:LeaderElection35] INFO  impl.RoleInfo (RoleInfo.java:updateAndGet(143)) - c9baf647-08c3-4366-86b9-39150e9e3608: start FollowerState
2019-09-19 10:47:52,765 [Thread-656] INFO  impl.FollowerState (FollowerState.java:run(106)) - 0d4e421f-a580-438c-824a-2881e7ce6119:group-7EB238C3CBC3 changes to CANDIDATE, lastRpcTime:5004, electionTimeout:5004ms
2019-09-19 10:47:52,765 [Thread-656] INFO  impl.RoleInfo (RoleInfo.java:shutdownFollowerState(121)) - 0d4e421f-a580-438c-824a-2881e7ce6119: shutdown FollowerState
2019-09-19 10:47:52,765 [Thread-656] INFO  impl.RaftServerImpl (RaftServerImpl.java:setRole(174)) - 0d4e421f-a580-438c-824a-2881e7ce6119@group-7EB238C3CBC3: changes role from  FOLLOWER to CANDIDATE at term 10 for changeToCandidate
2019-09-19 10:47:52,766 [Thread-656] INFO  impl.RoleInfo (RoleInfo.java:updateAndGet(143)) - 0d4e421f-a580-438c-824a-2881e7ce6119: start LeaderElection
2019-09-19 10:47:52,794 [Thread-657] INFO  impl.FollowerState (FollowerState.java:run(106)) - cdd88cb1-716b-4e52-8ddf-d696aacac702:group-7EB238C3CBC3 changes to CANDIDATE, lastRpcTime:5033, electionTimeout:5033ms
2019-09-19 10:47:52,795 [Thread-657] INFO  impl.RoleInfo (RoleInfo.java:shutdownFollowerState(121)) - cdd88cb1-716b-4e52-8ddf-d696aacac702: shutdown FollowerState
2019-09-19 10:47:52,795 [Thread-657] INFO  impl.RaftServerImpl (RaftServerImpl.java:setRole(174)) - cdd88cb1-716b-4e52-8ddf-d696aacac702@group-7EB238C3CBC3: changes role from  FOLLOWER to CANDIDATE at term 10 for changeToCandidate
2019-09-19 10:47:52,795 [Thread-657] INFO  impl.RoleInfo (RoleInfo.java:updateAndGet(143)) - cdd88cb1-716b-4e52-8ddf-d696aacac702: start LeaderElection
2019-09-19 10:47:52,916 [Thread-658] INFO  impl.FollowerState (FollowerState.java:run(106)) - c9baf647-08c3-4366-86b9-39150e9e3608:group-7EB238C3CBC3 changes to CANDIDATE, lastRpcTime:5154, electionTimeout:5154ms
2019-09-19 10:47:52,916 [Thread-658] INFO  impl.RoleInfo (RoleInfo.java:shutdownFollowerState(121)) - c9baf647-08c3-4366-86b9-39150e9e3608: shutdown FollowerState
2019-09-19 10:47:52,916 [Thread-658] INFO  impl.RaftServerImpl (RaftServerImpl.java:setRole(174)) - c9baf647-08c3-4366-86b9-39150e9e3608@group-7EB238C3CBC3: changes role from  FOLLOWER to CANDIDATE at term 10 for changeToCandidate
2019-09-19 10:47:52,917 [Thread-658] INFO  impl.RoleInfo (RoleInfo.java:updateAndGet(143)) - c9baf647-08c3-4366-86b9-39150e9e3608: start LeaderElection
2019-09-19 10:47:53,502 [0d4e421f-a580-438c-824a-2881e7ce6119@group-7EB238C3CBC3:LeaderElection37] INFO  impl.LeaderElection (LeaderElection.java:askForVotes(182)) - 0d4e421f-a580-438c-824a-2881e7ce6119@group-7EB238C3CBC3:LeaderElection37: begin an election at term 11 for -1: [c9baf647-08c3-4366-86b9-39150e9e3608:192.168.5.171:34562, cdd88cb1-716b-4e52-8ddf-d696aacac702:192.168.5.171:38745, 0d4e421f-a580-438c-824a-2881e7ce6119:192.168.5.171:46782], old=null
2019-09-19 10:47:53,502 [c9baf647-08c3-4366-86b9-39150e9e3608@group-7EB238C3CBC3:LeaderElection39] INFO  impl.LeaderElection (LeaderElection.java:askForVotes(182)) - c9baf647-08c3-4366-86b9-39150e9e3608@group-7EB238C3CBC3:LeaderElection39: begin an election at term 11 for -1: [c9baf647-08c3-4366-86b9-39150e9e3608:192.168.5.171:34562, cdd88cb1-716b-4e52-8ddf-d696aacac702:192.168.5.171:38745, 0d4e421f-a580-438c-824a-2881e7ce6119:192.168.5.171:46782], old=null
2019-09-19 10:47:53,502 [cdd88cb1-716b-4e52-8ddf-d696aacac702@group-7EB238C3CBC3:LeaderElection38] INFO  impl.LeaderElection (LeaderElection.java:askForVotes(182)) - cdd88cb1-716b-4e52-8ddf-d696aacac702@group-7EB238C3CBC3:LeaderElection38: begin an election at term 11 for -1: [c9baf647-08c3-4366-86b9-39150e9e3608:192.168.5.171:34562, cdd88cb1-716b-4e52-8ddf-d696aacac702:192.168.5.171:38745, 0d4e421f-a580-438c-824a-2881e7ce6119:192.168.5.171:46782], old=null
2019-09-19 10:47:53,507 [cdd88cb1-716b-4e52-8ddf-d696aacac702@group-7EB238C3CBC3:LeaderElection38] INFO  impl.LeaderElection (LeaderElection.java:logAndReturn(56)) - cdd88cb1-716b-4e52-8ddf-d696aacac702@group-7EB238C3CBC3:LeaderElection38: Election REJECTED; received 2 response(s) [cdd88cb1-716b-4e52-8ddf-d696aacac702<-c9baf647-08c3-4366-86b9-39150e9e3608#0:FAIL-t11, cdd88cb1-716b-4e52-8ddf-d696aacac702<-0d4e421f-a580-438c-824a-2881e7ce6119#0:FAIL-t11] and 0 exception(s); cdd88cb1-716b-4e52-8ddf-d696aacac702@group-7EB238C3CBC3:t11, leader=null, voted=cdd88cb1-716b-4e52-8ddf-d696aacac702, raftlog=cdd88cb1-716b-4e52-8ddf-d696aacac702@group-7EB238C3CBC3-SegmentedRaftLog:OPENED:c-1,f-1,i0, conf=-1: [c9baf647-08c3-4366-86b9-39150e9e3608:192.168.5.171:34562, cdd88cb1-716b-4e52-8ddf-d696aacac702:192.168.5.171:38745, 0d4e421f-a580-438c-824a-2881e7ce6119:192.168.5.171:46782], old=null
2019-09-19 10:47:53,510 [cdd88cb1-716b-4e52-8ddf-d696aacac702@group-7EB238C3CBC3:LeaderElection38] INFO  impl.RaftServerImpl (RaftServerImpl.java:setRole(174)) - cdd88cb1-716b-4e52-8ddf-d696aacac702@group-7EB238C3CBC3: changes role from CANDIDATE to FOLLOWER at term 11 for DISCOVERED_A_NEW_TERM
2019-09-19 10:47:53,510 [c9baf647-08c3-4366-86b9-39150e9e3608@group-7EB238C3CBC3:LeaderElection39] INFO  impl.LeaderElection (LeaderElection.java:logAndReturn(56)) - c9baf647-08c3-4366-86b9-39150e9e3608@group-7EB238C3CBC3:LeaderElection39: Election REJECTED; received 2 response(s) [c9baf647-08c3-4366-86b9-39150e9e3608<-cdd88cb1-716b-4e52-8ddf-d696aacac702#0:FAIL-t11, c9baf647-08c3-4366-86b9-39150e9e3608<-0d4e421f-a580-438c-824a-2881e7ce6119#0:FAIL-t11] and 0 exception(s); c9baf647-08c3-4366-86b9-39150e9e3608@group-7EB238C3CBC3:t11, leader=null, voted=c9baf647-08c3-4366-86b9-39150e9e3608, raftlog=c9baf647-08c3-4366-86b9-39150e9e3608@group-7EB238C3CBC3-SegmentedRaftLog:OPENED:c-1,f-1,i0, conf=-1: [c9baf647-08c3-4366-86b9-39150e9e3608:192.168.5.171:34562, cdd88cb1-716b-4e52-8ddf-d696aacac702:192.168.5.171:38745, 0d4e421f-a580-438c-824a-2881e7ce6119:192.168.5.171:46782], old=null
2019-09-19 10:47:53,510 [cdd88cb1-716b-4e52-8ddf-d696aacac702@group-7EB238C3CBC3:LeaderElection38] INFO  impl.RoleInfo (RoleInfo.java:shutdownLeaderElection(134)) - cdd88cb1-716b-4e52-8ddf-d696aacac702: shutdown LeaderElection
2019-09-19 10:47:53,512 [c9baf647-08c3-4366-86b9-39150e9e3608@group-7EB238C3CBC3:LeaderElection39] INFO  impl.RaftServerImpl (RaftServerImpl.java:setRole(174)) - c9baf647-08c3-4366-86b9-39150e9e3608@group-7EB238C3CBC3: changes role from CANDIDATE to FOLLOWER at term 11 for DISCOVERED_A_NEW_TERM
2019-09-19 10:47:53,514 [cdd88cb1-716b-4e52-8ddf-d696aacac702@group-7EB238C3CBC3:LeaderElection38] INFO  impl.RoleInfo (RoleInfo.java:updateAndGet(143)) - cdd88cb1-716b-4e52-8ddf-d696aacac702: start FollowerState
2019-09-19 10:47:53,514 [c9baf647-08c3-4366-86b9-39150e9e3608@group-7EB238C3CBC3:LeaderElection39] INFO  impl.RoleInfo (RoleInfo.java:shutdownLeaderElection(134)) - c9baf647-08c3-4366-86b9-39150e9e3608: shutdown LeaderElection
2019-09-19 10:47:53,515 [c9baf647-08c3-4366-86b9-39150e9e3608@group-7EB238C3CBC3:LeaderElection39] INFO  impl.RoleInfo (RoleInfo.java:updateAndGet(143)) - c9baf647-08c3-4366-86b9-39150e9e3608: start FollowerState
2019-09-19 10:47:53,516 [0d4e421f-a580-438c-824a-2881e7ce6119@group-7EB238C3CBC3:LeaderElection37] INFO  impl.LeaderElection (LeaderElection.java:logAndReturn(56)) - 0d4e421f-a580-438c-824a-2881e7ce6119@group-7EB238C3CBC3:LeaderElection37: Election REJECTED; received 2 response(s) [0d4e421f-a580-438c-824a-2881e7ce6119<-c9baf647-08c3-4366-86b9-39150e9e3608#0:FAIL-t11, 0d4e421f-a580-438c-824a-2881e7ce6119<-cdd88cb1-716b-4e52-8ddf-d696aacac702#0:FAIL-t11] and 0 exception(s); 0d4e421f-a580-438c-824a-2881e7ce6119@group-7EB238C3CBC3:t11, leader=null, voted=0d4e421f-a580-438c-824a-2881e7ce6119, raftlog=0d4e421f-a580-438c-824a-2881e7ce6119@group-7EB238C3CBC3-SegmentedRaftLog:OPENED:c-1,f-1,i0, conf=-1: [c9baf647-08c3-4366-86b9-39150e9e3608:192.168.5.171:34562, cdd88cb1-716b-4e52-8ddf-d696aacac702:192.168.5.171:38745, 0d4e421f-a580-438c-824a-2881e7ce6119:192.168.5.171:46782], old=null
2019-09-19 10:47:53,516 [0d4e421f-a580-438c-824a-2881e7ce6119@group-7EB238C3CBC3:LeaderElection37] INFO  impl.RaftServerImpl (RaftServerImpl.java:setRole(174)) - 0d4e421f-a580-438c-824a-2881e7ce6119@group-7EB238C3CBC3: changes role from CANDIDATE to FOLLOWER at term 11 for DISCOVERED_A_NEW_TERM
2019-09-19 10:47:53,516 [0d4e421f-a580-438c-824a-2881e7ce6119@group-7EB238C3CBC3:LeaderElection37] INFO  impl.RoleInfo (RoleInfo.java:shutdownLeaderElection(134)) - 0d4e421f-a580-438c-824a-2881e7ce6119: shutdown LeaderElection
2019-09-19 10:47:53,516 [0d4e421f-a580-438c-824a-2881e7ce6119@group-7EB238C3CBC3:LeaderElection37] INFO  impl.RoleInfo (RoleInfo.java:updateAndGet(143)) - 0d4e421f-a580-438c-824a-2881e7ce6119: start FollowerState
2019-09-19 10:47:57,705 [grpc-default-executor-0] INFO  impl.RaftServerProxy (RaftServerProxy.java:remove(95)) - c9baf647-08c3-4366-86b9-39150e9e3608: remove  FOLLOWER c9baf647-08c3-4366-86b9-39150e9e3608@group-2D6DB24D25B6:t1, leader=cdd88cb1-716b-4e52-8ddf-d696aacac702, voted=c9baf647-08c3-4366-86b9-39150e9e3608, raftlog=c9baf647-08c3-4366-86b9-39150e9e3608@group-2D6DB24D25B6-SegmentedRaftLog:OPENED:c0,f0,i0, conf=0: [c9baf647-08c3-4366-86b9-39150e9e3608:192.168.5.171:34562, cdd88cb1-716b-4e52-8ddf-d696aacac702:192.168.5.171:38745, 0d4e421f-a580-438c-824a-2881e7ce6119:192.168.5.171:46782], old=null RUNNING
2019-09-19 10:47:57,721 [grpc-default-executor-0] INFO  impl.RaftServerImpl (RaftServerImpl.java:lambda$shutdown$3(251)) - c9baf647-08c3-4366-86b9-39150e9e3608@group-2D6DB24D25B6: shutdown
2019-09-19 10:47:57,722 [grpc-default-executor-0] INFO  util.JmxRegister (JmxRegister.java:unregister(73)) - Successfully un-registered JMX Bean with object name Ratis:service=RaftServer,group=group-2D6DB24D25B6,id=c9baf647-08c3-4366-86b9-39150e9e3608
2019-09-19 10:47:57,723 [grpc-default-executor-0] INFO  impl.RoleInfo (RoleInfo.java:shutdownFollowerState(121)) - c9baf647-08c3-4366-86b9-39150e9e3608: shutdown FollowerState
2019-09-19 10:47:57,723 [grpc-default-executor-0] INFO  impl.StateMachineUpdater (StateMachineUpdater.java:stopAndJoin(125)) - c9baf647-08c3-4366-86b9-39150e9e3608@group-2D6DB24D25B6-StateMachineUpdater: set stopIndex = 0
2019-09-19 10:47:57,723 [Thread-290] INFO  impl.FollowerState (FollowerState.java:run(115)) - c9baf647-08c3-4366-86b9-39150e9e3608: FollowerState was interrupted: java.lang.InterruptedException: sleep interrupted
2019-09-19 10:47:57,726 [grpc-default-executor-0] INFO  impl.RaftServerImpl (ServerState.java:close(385)) - c9baf647-08c3-4366-86b9-39150e9e3608@group-2D6DB24D25B6: closes. applyIndex: 0
2019-09-19 10:47:57,729 [c9baf647-08c3-4366-86b9-39150e9e3608@group-2D6DB24D25B6-SegmentedRaftLogWorker] INFO  segmented.SegmentedRaftLogWorker (SegmentedRaftLogWorker.java:run(313)) - c9baf647-08c3-4366-86b9-39150e9e3608@group-2D6DB24D25B6-SegmentedRaftLogWorker was interrupted, exiting. There are 0 tasks remaining in the queue.
2019-09-19 10:47:57,731 [grpc-default-executor-0] INFO  segmented.SegmentedRaftLogWorker (SegmentedRaftLogWorker.java:close(228)) - c9baf647-08c3-4366-86b9-39150e9e3608@group-2D6DB24D25B6-SegmentedRaftLogWorker close()
2019-09-19 10:47:57,751 [grpc-default-executor-0] INFO  impl.RaftServerProxy (RaftServerProxy.java:remove(95)) - c9baf647-08c3-4366-86b9-39150e9e3608: remove    LEADER c9baf647-08c3-4366-86b9-39150e9e3608@group-2383C1029B5D:t1, leader=c9baf647-08c3-4366-86b9-39150e9e3608, voted=c9baf647-08c3-4366-86b9-39150e9e3608, raftlog=c9baf647-08c3-4366-86b9-39150e9e3608@group-2383C1029B5D-SegmentedRaftLog:OPENED:c0,f0,i0, conf=0: [c9baf647-08c3-4366-86b9-39150e9e3608:192.168.5.171:34562, cdd88cb1-716b-4e52-8ddf-d696aacac702:192.168.5.171:38745, 0d4e421f-a580-438c-824a-2881e7ce6119:192.168.5.171:46782], old=null RUNNING
2019-09-19 10:47:57,751 [grpc-default-executor-0] INFO  impl.RaftServerImpl (RaftServerImpl.java:lambda$shutdown$3(251)) - c9baf647-08c3-4366-86b9-39150e9e3608@group-2383C1029B5D: shutdown
2019-09-19 10:47:57,751 [grpc-default-executor-0] INFO  util.JmxRegister (JmxRegister.java:unregister(73)) - Successfully un-registered JMX Bean with object name Ratis:service=RaftServer,group=group-2383C1029B5D,id=c9baf647-08c3-4366-86b9-39150e9e3608
2019-09-19 10:47:57,751 [grpc-default-executor-0] INFO  impl.RoleInfo (RoleInfo.java:shutdownLeaderState(104)) - c9baf647-08c3-4366-86b9-39150e9e3608: shutdown LeaderState
2019-09-19 10:47:57,756 [org.apache.ratis.server.impl.LogAppender$AppenderDaemon$$Lambda$446/1894878678@32e84ae8] WARN  server.GrpcLogAppender (GrpcLogAppender.java:mayWait(143)) - c9baf647-08c3-4366-86b9-39150e9e3608@group-2383C1029B5D->cdd88cb1-716b-4e52-8ddf-d696aacac702-GrpcLogAppender: Wait interrupted by java.lang.InterruptedException
2019-09-19 10:47:57,757 [grpc-default-executor-0] INFO  impl.PendingRequests (PendingRequests.java:sendNotLeaderResponses(202)) - c9baf647-08c3-4366-86b9-39150e9e3608-PendingRequests: sendNotLeaderResponses
2019-09-19 10:47:57,756 [org.apache.ratis.server.impl.LogAppender$AppenderDaemon$$Lambda$446/1894878678@69d696e9] WARN  server.GrpcLogAppender (GrpcLogAppender.java:mayWait(143)) - c9baf647-08c3-4366-86b9-39150e9e3608@group-2383C1029B5D->0d4e421f-a580-438c-824a-2881e7ce6119-GrpcLogAppender: Wait interrupted by java.lang.InterruptedException
2019-09-19 10:47:57,759 [grpc-default-executor-2] INFO  server.GrpcServerProtocolService (GrpcServerProtocolService.java:onCompleted(113)) - 0d4e421f-a580-438c-824a-2881e7ce6119: Completed APPEND_ENTRIES, lastRequest: c9baf647-08c3-4366-86b9-39150e9e3608->0d4e421f-a580-438c-824a-2881e7ce6119#31-t1, previous=(t:1, i:0), leaderCommit=0, initializing? false, entries: <empty>
2019-09-19 10:47:57,759 [grpc-default-executor-4] INFO  server.GrpcServerProtocolService (GrpcServerProtocolService.java:onCompleted(113)) - cdd88cb1-716b-4e52-8ddf-d696aacac702: Completed APPEND_ENTRIES, lastRequest: c9baf647-08c3-4366-86b9-39150e9e3608->cdd88cb1-716b-4e52-8ddf-d696aacac702#31-t1, previous=(t:1, i:0), leaderCommit=0, initializing? false, entries: <empty>
2019-09-19 10:47:57,761 [grpc-default-executor-4] INFO  server.GrpcLogAppender (GrpcLogAppender.java:onCompleted(293)) - c9baf647-08c3-4366-86b9-39150e9e3608@group-2383C1029B5D->0d4e421f-a580-438c-824a-2881e7ce6119-AppendLogResponseHandler: follower responses appendEntries COMPLETED
2019-09-19 10:47:57,761 [grpc-default-executor-0] INFO  impl.StateMachineUpdater (StateMachineUpdater.java:stopAndJoin(125)) - c9baf647-08c3-4366-86b9-39150e9e3608@group-2383C1029B5D-StateMachineUpdater: set stopIndex = 0
2019-09-19 10:47:57,761 [grpc-default-executor-2] INFO  server.GrpcLogAppender (GrpcLogAppender.java:onCompleted(293)) - c9baf647-08c3-4366-86b9-39150e9e3608@group-2383C1029B5D->cdd88cb1-716b-4e52-8ddf-d696aacac702-AppendLogResponseHandler: follower responses appendEntries COMPLETED
2019-09-19 10:47:57,762 [grpc-default-executor-0] INFO  impl.RaftServerImpl (ServerState.java:close(385)) - c9baf647-08c3-4366-86b9-39150e9e3608@group-2383C1029B5D: closes. applyIndex: 0
2019-09-19 10:47:57,762 [c9baf647-08c3-4366-86b9-39150e9e3608@group-2383C1029B5D-SegmentedRaftLogWorker] INFO  segmented.SegmentedRaftLogWorker (SegmentedRaftLogWorker.java:run(313)) - c9baf647-08c3-4366-86b9-39150e9e3608@group-2383C1029B5D-SegmentedRaftLogWorker was interrupted, exiting. There are 0 tasks remaining in the queue.
2019-09-19 10:47:57,762 [grpc-default-executor-4] INFO  impl.FollowerInfo (FollowerInfo.java:lambda$new$0(51)) - c9baf647-08c3-4366-86b9-39150e9e3608@group-2383C1029B5D->0d4e421f-a580-438c-824a-2881e7ce6119: nextIndex: updateUnconditionally 1 -> 0
2019-09-19 10:47:57,765 [grpc-default-executor-0] INFO  segmented.SegmentedRaftLogWorker (SegmentedRaftLogWorker.java:close(228)) - c9baf647-08c3-4366-86b9-39150e9e3608@group-2383C1029B5D-SegmentedRaftLogWorker close()
2019-09-19 10:47:57,763 [grpc-default-executor-2] INFO  impl.FollowerInfo (FollowerInfo.java:lambda$new$0(51)) - c9baf647-08c3-4366-86b9-39150e9e3608@group-2383C1029B5D->cdd88cb1-716b-4e52-8ddf-d696aacac702: nextIndex: updateUnconditionally 1 -> 0
2019-09-19 10:47:58,523 [Thread-687] INFO  impl.FollowerState (FollowerState.java:run(106)) - c9baf647-08c3-4366-86b9-39150e9e3608:group-7EB238C3CBC3 changes to CANDIDATE, lastRpcTime:5008, electionTimeout:5008ms
2019-09-19 10:47:58,524 [Thread-687] INFO  impl.RoleInfo (RoleInfo.java:shutdownFollowerState(121)) - c9baf647-08c3-4366-86b9-39150e9e3608: shutdown FollowerState
2019-09-19 10:47:58,524 [Thread-687] INFO  impl.RaftServerImpl (RaftServerImpl.java:setRole(174)) - c9baf647-08c3-4366-86b9-39150e9e3608@group-7EB238C3CBC3: changes role from  FOLLOWER to CANDIDATE at term 11 for changeToCandidate
2019-09-19 10:47:58,524 [Thread-687] INFO  impl.RoleInfo (RoleInfo.java:updateAndGet(143)) - c9baf647-08c3-4366-86b9-39150e9e3608: start LeaderElection
2019-09-19 10:47:58,551 [Thread-688] INFO  impl.FollowerState (FollowerState.java:run(106)) - 0d4e421f-a580-438c-824a-2881e7ce6119:group-7EB238C3CBC3 changes to CANDIDATE, lastRpcTime:5034, electionTimeout:5034ms
2019-09-19 10:47:58,551 [Thread-688] INFO  impl.RoleInfo (RoleInfo.java:shutdownFollowerState(121)) - 0d4e421f-a580-438c-824a-2881e7ce6119: shutdown FollowerState
2019-09-19 10:47:58,551 [Thread-688] INFO  impl.RaftServerImpl (RaftServerImpl.java:setRole(174)) - 0d4e421f-a580-438c-824a-2881e7ce6119@group-7EB238C3CBC3: changes role from  FOLLOWER to CANDIDATE at term 11 for changeToCandidate
2019-09-19 10:47:58,552 [Thread-688] INFO  impl.RoleInfo (RoleInfo.java:updateAndGet(143)) - 0d4e421f-a580-438c-824a-2881e7ce6119: start LeaderElection
2019-09-19 10:47:58,657 [Thread-686] INFO  impl.FollowerState (FollowerState.java:run(106)) - cdd88cb1-716b-4e52-8ddf-d696aacac702:group-7EB238C3CBC3 changes to CANDIDATE, lastRpcTime:5142, electionTimeout:5142ms
2019-09-19 10:47:58,657 [Thread-686] INFO  impl.RoleInfo (RoleInfo.java:shutdownFollowerState(121)) - cdd88cb1-716b-4e52-8ddf-d696aacac702: shutdown FollowerState
2019-09-19 10:47:58,657 [Thread-686] INFO  impl.RaftServerImpl (RaftServerImpl.java:setRole(174)) - cdd88cb1-716b-4e52-8ddf-d696aacac702@group-7EB238C3CBC3: changes role from  FOLLOWER to CANDIDATE at term 11 for changeToCandidate
2019-09-19 10:47:58,658 [Thread-686] INFO  impl.RoleInfo (RoleInfo.java:updateAndGet(143)) - cdd88cb1-716b-4e52-8ddf-d696aacac702: start LeaderElection
2019-09-19 10:48:02,124 [java.util.concurrent.ThreadPoolExecutor$Worker@385faafc[State = -1, empty queue]] WARN  server.GrpcLogAppender (GrpcLogAppender.java:timeoutAppendRequest(200)) - cdd88cb1-716b-4e52-8ddf-d696aacac702@group-2D6DB24D25B6->c9baf647-08c3-4366-86b9-39150e9e3608-GrpcLogAppender: appendEntries Timeout, request=cdd88cb1-716b-4e52-8ddf-d696aacac702->c9baf647-08c3-4366-86b9-39150e9e3608#31-t1, previous=(t:1, i:0), leaderCommit=0, initializing? false, entries: <empty>
2019-09-19 10:48:04,625 [java.util.concurrent.ThreadPoolExecutor$Worker@385faafc[State = -1, empty queue]] WARN  server.GrpcLogAppender (GrpcLogAppender.java:timeoutAppendRequest(200)) - cdd88cb1-716b-4e52-8ddf-d696aacac702@group-2D6DB24D25B6->c9baf647-08c3-4366-86b9-39150e9e3608-GrpcLogAppender: appendEntries Timeout, request=cdd88cb1-716b-4e52-8ddf-d696aacac702->c9baf647-08c3-4366-86b9-39150e9e3608#32-t1, previous=(t:1, i:0), leaderCommit=0, initializing? false, entries: <empty>
2019-09-19 10:48:04,719 [cdd88cb1-716b-4e52-8ddf-d696aacac702@group-7EB238C3CBC3:LeaderElection42] INFO  impl.LeaderElection (LeaderElection.java:askForVotes(182)) - cdd88cb1-716b-4e52-8ddf-d696aacac702@group-7EB238C3CBC3:LeaderElection42: begin an election at term 12 for -1: [c9baf647-08c3-4366-86b9-39150e9e3608:192.168.5.171:34562, cdd88cb1-716b-4e52-8ddf-d696aacac702:192.168.5.171:38745, 0d4e421f-a580-438c-824a-2881e7ce6119:192.168.5.171:46782], old=null
2019-09-19 10:48:04,719 [0d4e421f-a580-438c-824a-2881e7ce6119@group-7EB238C3CBC3:LeaderElection41] INFO  impl.LeaderElection (LeaderElection.java:askForVotes(182)) - 0d4e421f-a580-438c-824a-2881e7ce6119@group-7EB238C3CBC3:LeaderElection41: begin an election at term 12 for -1: [c9baf647-08c3-4366-86b9-39150e9e3608:192.168.5.171:34562, cdd88cb1-716b-4e52-8ddf-d696aacac702:192.168.5.171:38745, 0d4e421f-a580-438c-824a-2881e7ce6119:192.168.5.171:46782], old=null
2019-09-19 10:48:04,719 [c9baf647-08c3-4366-86b9-39150e9e3608@group-7EB238C3CBC3:LeaderElection40] INFO  impl.LeaderElection (LeaderElection.java:askForVotes(182)) - c9baf647-08c3-4366-86b9-39150e9e3608@group-7EB238C3CBC3:LeaderElection40: begin an election at term 12 for -1: [c9baf647-08c3-4366-86b9-39150e9e3608:192.168.5.171:34562, cdd88cb1-716b-4e52-8ddf-d696aacac702:192.168.5.171:38745, 0d4e421f-a580-438c-824a-2881e7ce6119:192.168.5.171:46782], old=null
2019-09-19 10:48:04,728 [cdd88cb1-716b-4e52-8ddf-d696aacac702@group-7EB238C3CBC3:LeaderElection42] INFO  impl.LeaderElection (LeaderElection.java:logAndReturn(56)) - cdd88cb1-716b-4e52-8ddf-d696aacac702@group-7EB238C3CBC3:LeaderElection42: Election REJECTED; received 2 response(s) [cdd88cb1-716b-4e52-8ddf-d696aacac702<-c9baf647-08c3-4366-86b9-39150e9e3608#0:FAIL-t12, cdd88cb1-716b-4e52-8ddf-d696aacac702<-0d4e421f-a580-438c-824a-2881e7ce6119#0:FAIL-t12] and 0 exception(s); cdd88cb1-716b-4e52-8ddf-d696aacac702@group-7EB238C3CBC3:t12, leader=null, voted=cdd88cb1-716b-4e52-8ddf-d696aacac702, raftlog=cdd88cb1-716b-4e52-8ddf-d696aacac702@group-7EB238C3CBC3-SegmentedRaftLog:OPENED:c-1,f-1,i0, conf=-1: [c9baf647-08c3-4366-86b9-39150e9e3608:192.168.5.171:34562, cdd88cb1-716b-4e52-8ddf-d696aacac702:192.168.5.171:38745, 0d4e421f-a580-438c-824a-2881e7ce6119:192.168.5.171:46782], old=null
2019-09-19 10:48:04,729 [cdd88cb1-716b-4e52-8ddf-d696aacac702@group-7EB238C3CBC3:LeaderElection42] INFO  impl.RaftServerImpl (RaftServerImpl.java:setRole(174)) - cdd88cb1-716b-4e52-8ddf-d696aacac702@group-7EB238C3CBC3: changes role from CANDIDATE to FOLLOWER at term 12 for DISCOVERED_A_NEW_TERM
2019-09-19 10:48:04,729 [0d4e421f-a580-438c-824a-2881e7ce6119@group-7EB238C3CBC3:LeaderElection41] INFO  impl.LeaderElection (LeaderElection.java:logAndReturn(56)) - 0d4e421f-a580-438c-824a-2881e7ce6119@group-7EB238C3CBC3:LeaderElection41: Election REJECTED; received 2 response(s) [0d4e421f-a580-438c-824a-2881e7ce6119<-c9baf647-08c3-4366-86b9-39150e9e3608#0:FAIL-t12, 0d4e421f-a580-438c-824a-2881e7ce6119<-cdd88cb1-716b-4e52-8ddf-d696aacac702#0:FAIL-t12] and 0 exception(s); 0d4e421f-a580-438c-824a-2881e7ce6119@group-7EB238C3CBC3:t12, leader=null, voted=0d4e421f-a580-438c-824a-2881e7ce6119, raftlog=0d4e421f-a580-438c-824a-2881e7ce6119@group-7EB238C3CBC3-SegmentedRaftLog:OPENED:c-1,f-1,i0, conf=-1: [c9baf647-08c3-4366-86b9-39150e9e3608:192.168.5.171:34562, cdd88cb1-716b-4e52-8ddf-d696aacac702:192.168.5.171:38745, 0d4e421f-a580-438c-824a-2881e7ce6119:192.168.5.171:46782], old=null
2019-09-19 10:48:04,729 [cdd88cb1-716b-4e52-8ddf-d696aacac702@group-7EB238C3CBC3:LeaderElection42] INFO  impl.RoleInfo (RoleInfo.java:shutdownLeaderElection(134)) - cdd88cb1-716b-4e52-8ddf-d696aacac702: shutdown LeaderElection
2019-09-19 10:48:04,736 [0d4e421f-a580-438c-824a-2881e7ce6119@group-7EB238C3CBC3:LeaderElection41] INFO  impl.RaftServerImpl (RaftServerImpl.java:setRole(174)) - 0d4e421f-a580-438c-824a-2881e7ce6119@group-7EB238C3CBC3: changes role from CANDIDATE to FOLLOWER at term 12 for DISCOVERED_A_NEW_TERM
2019-09-19 10:48:04,738 [cdd88cb1-716b-4e52-8ddf-d696aacac702@group-7EB238C3CBC3:LeaderElection42] INFO  impl.RoleInfo (RoleInfo.java:updateAndGet(143)) - cdd88cb1-716b-4e52-8ddf-d696aacac702: start FollowerState
2019-09-19 10:48:04,738 [0d4e421f-a580-438c-824a-2881e7ce6119@group-7EB238C3CBC3:LeaderElection41] INFO  impl.RoleInfo (RoleInfo.java:shutdownLeaderElection(134)) - 0d4e421f-a580-438c-824a-2881e7ce6119: shutdown LeaderElection
2019-09-19 10:48:04,738 [0d4e421f-a580-438c-824a-2881e7ce6119@group-7EB238C3CBC3:LeaderElection41] INFO  impl.RoleInfo (RoleInfo.java:updateAndGet(143)) - 0d4e421f-a580-438c-824a-2881e7ce6119: start FollowerState
2019-09-19 10:48:04,739 [c9baf647-08c3-4366-86b9-39150e9e3608@group-7EB238C3CBC3:LeaderElection40] INFO  impl.LeaderElection (LeaderElection.java:logAndReturn(56)) - c9baf647-08c3-4366-86b9-39150e9e3608@group-7EB238C3CBC3:LeaderElection40: Election REJECTED; received 2 response(s) [c9baf647-08c3-4366-86b9-39150e9e3608<-cdd88cb1-716b-4e52-8ddf-d696aacac702#0:FAIL-t12, c9baf647-08c3-4366-86b9-39150e9e3608<-0d4e421f-a580-438c-824a-2881e7ce6119#0:FAIL-t12] and 0 exception(s); c9baf647-08c3-4366-86b9-39150e9e3608@group-7EB238C3CBC3:t12, leader=null, voted=c9baf647-08c3-4366-86b9-39150e9e3608, raftlog=c9baf647-08c3-4366-86b9-39150e9e3608@group-7EB238C3CBC3-SegmentedRaftLog:OPENED:c-1,f-1,i0, conf=-1: [c9baf647-08c3-4366-86b9-39150e9e3608:192.168.5.171:34562, cdd88cb1-716b-4e52-8ddf-d696aacac702:192.168.5.171:38745, 0d4e421f-a580-438c-824a-2881e7ce6119:192.168.5.171:46782], old=null
2019-09-19 10:48:04,740 [c9baf647-08c3-4366-86b9-39150e9e3608@group-7EB238C3CBC3:LeaderElection40] INFO  impl.RaftServerImpl (RaftServerImpl.java:setRole(174)) - c9baf647-08c3-4366-86b9-39150e9e3608@group-7EB238C3CBC3: changes role from CANDIDATE to FOLLOWER at term 12 for DISCOVERED_A_NEW_TERM
2019-09-19 10:48:04,740 [c9baf647-08c3-4366-86b9-39150e9e3608@group-7EB238C3CBC3:LeaderElection40] INFO  impl.RoleInfo (RoleInfo.java:shutdownLeaderElection(134)) - c9baf647-08c3-4366-86b9-39150e9e3608: shutdown LeaderElection
2019-09-19 10:48:04,740 [c9baf647-08c3-4366-86b9-39150e9e3608@group-7EB238C3CBC3:LeaderElection40] INFO  impl.RoleInfo (RoleInfo.java:updateAndGet(143)) - c9baf647-08c3-4366-86b9-39150e9e3608: start FollowerState
2019-09-19 10:48:05,346 [Thread-247] INFO  impl.FollowerState (FollowerState.java:run(106)) - 0d4e421f-a580-438c-824a-2881e7ce6119:group-2383C1029B5D changes to CANDIDATE, lastRpcTime:7744, electionTimeout:5156ms
2019-09-19 10:48:05,349 [Thread-247] INFO  impl.RoleInfo (RoleInfo.java:shutdownFollowerState(121)) - 0d4e421f-a580-438c-824a-2881e7ce6119: shutdown FollowerState
2019-09-19 10:48:05,350 [Thread-247] INFO  impl.RaftServerImpl (RaftServerImpl.java:setRole(174)) - 0d4e421f-a580-438c-824a-2881e7ce6119@group-2383C1029B5D: changes role from  FOLLOWER to CANDIDATE at term 1 for changeToCandidate
2019-09-19 10:48:05,350 [Thread-247] INFO  impl.RoleInfo (RoleInfo.java:updateAndGet(143)) - 0d4e421f-a580-438c-824a-2881e7ce6119: start LeaderElection
2019-09-19 10:48:05,350 [0d4e421f-a580-438c-824a-2881e7ce6119@group-2383C1029B5D:LeaderElection43] INFO  impl.RaftServerImpl (ServerState.java:setLeader(253)) - 0d4e421f-a580-438c-824a-2881e7ce6119@group-2383C1029B5D: change Leader from c9baf647-08c3-4366-86b9-39150e9e3608 to null at term 1 for initElection
2019-09-19 10:48:07,125 [java.util.concurrent.ThreadPoolExecutor$Worker@385faafc[State = -1, empty queue]] WARN  server.GrpcLogAppender (GrpcLogAppender.java:timeoutAppendRequest(200)) - cdd88cb1-716b-4e52-8ddf-d696aacac702@group-2D6DB24D25B6->c9baf647-08c3-4366-86b9-39150e9e3608-GrpcLogAppender: appendEntries Timeout, request=cdd88cb1-716b-4e52-8ddf-d696aacac702->c9baf647-08c3-4366-86b9-39150e9e3608#33-t1, previous=(t:1, i:0), leaderCommit=0, initializing? false, entries: <empty>
2019-09-19 10:48:07,267 [0d4e421f-a580-438c-824a-2881e7ce6119@group-2383C1029B5D:LeaderElection43] INFO  impl.LeaderElection (LeaderElection.java:askForVotes(182)) - 0d4e421f-a580-438c-824a-2881e7ce6119@group-2383C1029B5D:LeaderElection43: begin an election at term 2 for 0: [c9baf647-08c3-4366-86b9-39150e9e3608:192.168.5.171:34562, cdd88cb1-716b-4e52-8ddf-d696aacac702:192.168.5.171:38745, 0d4e421f-a580-438c-824a-2881e7ce6119:192.168.5.171:46782], old=null
2019-09-19 10:48:07,271 [grpc-default-executor-2] INFO  impl.RaftServerImpl (ServerState.java:setLeader(253)) - cdd88cb1-716b-4e52-8ddf-d696aacac702@group-2383C1029B5D: change Leader from c9baf647-08c3-4366-86b9-39150e9e3608 to null at term 2 for updateCurrentTerm
2019-09-19 10:48:07,271 [grpc-default-executor-2] INFO  impl.RaftServerImpl (RaftServerImpl.java:setRole(174)) - cdd88cb1-716b-4e52-8ddf-d696aacac702@group-2383C1029B5D: changes role from  FOLLOWER to FOLLOWER at term 2 for recognizeCandidate:0d4e421f-a580-438c-824a-2881e7ce6119
2019-09-19 10:48:07,271 [grpc-default-executor-2] INFO  impl.RoleInfo (RoleInfo.java:shutdownFollowerState(121)) - cdd88cb1-716b-4e52-8ddf-d696aacac702: shutdown FollowerState
2019-09-19 10:48:07,272 [grpc-default-executor-2] INFO  impl.RoleInfo (RoleInfo.java:updateAndGet(143)) - cdd88cb1-716b-4e52-8ddf-d696aacac702: start FollowerState
2019-09-19 10:48:07,272 [Thread-254] INFO  impl.FollowerState (FollowerState.java:run(115)) - cdd88cb1-716b-4e52-8ddf-d696aacac702: FollowerState was interrupted: java.lang.InterruptedException: sleep interrupted
2019-09-19 10:48:07,272 [grpc-default-executor-0] WARN  server.GrpcServerProtocolService (LogUtils.java:warn(136)) - c9baf647-08c3-4366-86b9-39150e9e3608: Failed requestVote 0d4e421f-a580-438c-824a-2881e7ce6119->c9baf647-08c3-4366-86b9-39150e9e3608#0
org.apache.ratis.protocol.GroupMismatchException: c9baf647-08c3-4366-86b9-39150e9e3608: group-2383C1029B5D not found.
	at org.apache.ratis.server.impl.RaftServerProxy$ImplMap.get(RaftServerProxy.java:122)
	at org.apache.ratis.server.impl.RaftServerProxy.getImplFuture(RaftServerProxy.java:269)
	at org.apache.ratis.server.impl.RaftServerProxy.getImpl(RaftServerProxy.java:278)
	at org.apache.ratis.server.impl.RaftServerProxy.getImpl(RaftServerProxy.java:273)
	at org.apache.ratis.server.impl.RaftServerProxy.requestVote(RaftServerProxy.java:443)
	at org.apache.ratis.grpc.server.GrpcServerProtocolService.requestVote(GrpcServerProtocolService.java:142)
	at org.apache.ratis.proto.grpc.RaftServerProtocolServiceGrpc$MethodHandlers.invoke(RaftServerProtocolServiceGrpc.java:319)
	at org.apache.ratis.thirdparty.io.grpc.stub.ServerCalls$UnaryServerCallHandler$UnaryServerCallListener.onHalfClose(ServerCalls.java:171)
	at org.apache.ratis.thirdparty.io.grpc.internal.ServerCallImpl$ServerStreamListenerImpl.halfClosed(ServerCallImpl.java:283)
	at org.apache.ratis.thirdparty.io.grpc.internal.ServerImpl$JumpToApplicationThreadServerStreamListener$1HalfClosed.runInContext(ServerImpl.java:710)
	at org.apache.ratis.thirdparty.io.grpc.internal.ContextRunnable.run(ContextRunnable.java:37)
	at org.apache.ratis.thirdparty.io.grpc.internal.SerializingExecutor.run(SerializingExecutor.java:123)
	at java.util.concurrent.ThreadPoolExecutor.runWorker(ThreadPoolExecutor.java:1149)
	at java.util.concurrent.ThreadPoolExecutor$Worker.run(ThreadPoolExecutor.java:624)
	at java.lang.Thread.run(Thread.java:748)
2019-09-19 10:48:07,329 [0d4e421f-a580-438c-824a-2881e7ce6119@group-2383C1029B5D:LeaderElection43] INFO  impl.LeaderElection (LogUtils.java:infoOrTrace(149)) - 0d4e421f-a580-438c-824a-2881e7ce6119@group-2383C1029B5D:LeaderElection43 got exception when requesting votes: {}
java.util.concurrent.ExecutionException: org.apache.ratis.thirdparty.io.grpc.StatusRuntimeException: INTERNAL: c9baf647-08c3-4366-86b9-39150e9e3608: group-2383C1029B5D not found.
	at java.util.concurrent.FutureTask.report(FutureTask.java:122)
	at java.util.concurrent.FutureTask.get(FutureTask.java:192)
	at org.apache.ratis.server.impl.LeaderElection.waitForResults(LeaderElection.java:263)
	at org.apache.ratis.server.impl.LeaderElection.askForVotes(LeaderElection.java:201)
	at org.apache.ratis.server.impl.LeaderElection.run(LeaderElection.java:133)
	at java.lang.Thread.run(Thread.java:748)
Caused by: org.apache.ratis.thirdparty.io.grpc.StatusRuntimeException: INTERNAL: c9baf647-08c3-4366-86b9-39150e9e3608: group-2383C1029B5D not found.
	at org.apache.ratis.thirdparty.io.grpc.stub.ClientCalls.toStatusRuntimeException(ClientCalls.java:233)
	at org.apache.ratis.thirdparty.io.grpc.stub.ClientCalls.getUnchecked(ClientCalls.java:214)
	at org.apache.ratis.thirdparty.io.grpc.stub.ClientCalls.blockingUnaryCall(ClientCalls.java:139)
	at org.apache.ratis.proto.grpc.RaftServerProtocolServiceGrpc$RaftServerProtocolServiceBlockingStub.requestVote(RaftServerProtocolServiceGrpc.java:265)
	at org.apache.ratis.grpc.server.GrpcServerProtocolClient.requestVote(GrpcServerProtocolClient.java:90)
	at org.apache.ratis.grpc.server.GrpcService.requestVote(GrpcService.java:204)
	at org.apache.ratis.server.impl.LeaderElection.lambda$submitRequests$1(LeaderElection.java:238)
	at java.util.concurrent.FutureTask.run(FutureTask.java:266)
	at java.util.concurrent.Executors$RunnableAdapter.call(Executors.java:511)
	at java.util.concurrent.FutureTask.run(FutureTask.java:266)
	at java.util.concurrent.ThreadPoolExecutor.runWorker(ThreadPoolExecutor.java:1149)
	at java.util.concurrent.ThreadPoolExecutor$Worker.run(ThreadPoolExecutor.java:624)
	... 1 more
2019-09-19 10:48:07,624 [0d4e421f-a580-438c-824a-2881e7ce6119@group-2383C1029B5D:LeaderElection43] INFO  impl.LeaderElection (LeaderElection.java:logAndReturn(56)) - 0d4e421f-a580-438c-824a-2881e7ce6119@group-2383C1029B5D:LeaderElection43: Election PASSED; received 1 response(s) [0d4e421f-a580-438c-824a-2881e7ce6119<-cdd88cb1-716b-4e52-8ddf-d696aacac702#0:OK-t2] and 1 exception(s); 0d4e421f-a580-438c-824a-2881e7ce6119@group-2383C1029B5D:t2, leader=null, voted=0d4e421f-a580-438c-824a-2881e7ce6119, raftlog=0d4e421f-a580-438c-824a-2881e7ce6119@group-2383C1029B5D-SegmentedRaftLog:OPENED:c0,f0,i0, conf=0: [c9baf647-08c3-4366-86b9-39150e9e3608:192.168.5.171:34562, cdd88cb1-716b-4e52-8ddf-d696aacac702:192.168.5.171:38745, 0d4e421f-a580-438c-824a-2881e7ce6119:192.168.5.171:46782], old=null
2019-09-19 10:48:07,625 [0d4e421f-a580-438c-824a-2881e7ce6119@group-2383C1029B5D:LeaderElection43] INFO  impl.LeaderElection (LogUtils.java:infoOrTrace(149)) -   Exception 0: {}
java.util.concurrent.ExecutionException: org.apache.ratis.thirdparty.io.grpc.StatusRuntimeException: INTERNAL: c9baf647-08c3-4366-86b9-39150e9e3608: group-2383C1029B5D not found.
	at java.util.concurrent.FutureTask.report(FutureTask.java:122)
	at java.util.concurrent.FutureTask.get(FutureTask.java:192)
	at org.apache.ratis.server.impl.LeaderElection.waitForResults(LeaderElection.java:263)
	at org.apache.ratis.server.impl.LeaderElection.askForVotes(LeaderElection.java:201)
	at org.apache.ratis.server.impl.LeaderElection.run(LeaderElection.java:133)
	at java.lang.Thread.run(Thread.java:748)
Caused by: org.apache.ratis.thirdparty.io.grpc.StatusRuntimeException: INTERNAL: c9baf647-08c3-4366-86b9-39150e9e3608: group-2383C1029B5D not found.
	at org.apache.ratis.thirdparty.io.grpc.stub.ClientCalls.toStatusRuntimeException(ClientCalls.java:233)
	at org.apache.ratis.thirdparty.io.grpc.stub.ClientCalls.getUnchecked(ClientCalls.java:214)
	at org.apache.ratis.thirdparty.io.grpc.stub.ClientCalls.blockingUnaryCall(ClientCalls.java:139)
	at org.apache.ratis.proto.grpc.RaftServerProtocolServiceGrpc$RaftServerProtocolServiceBlockingStub.requestVote(RaftServerProtocolServiceGrpc.java:265)
	at org.apache.ratis.grpc.server.GrpcServerProtocolClient.requestVote(GrpcServerProtocolClient.java:90)
	at org.apache.ratis.grpc.server.GrpcService.requestVote(GrpcService.java:204)
	at org.apache.ratis.server.impl.LeaderElection.lambda$submitRequests$1(LeaderElection.java:238)
	at java.util.concurrent.FutureTask.run(FutureTask.java:266)
	at java.util.concurrent.Executors$RunnableAdapter.call(Executors.java:511)
	at java.util.concurrent.FutureTask.run(FutureTask.java:266)
	at java.util.concurrent.ThreadPoolExecutor.runWorker(ThreadPoolExecutor.java:1149)
	at java.util.concurrent.ThreadPoolExecutor$Worker.run(ThreadPoolExecutor.java:624)
	... 1 more
2019-09-19 10:48:07,625 [0d4e421f-a580-438c-824a-2881e7ce6119@group-2383C1029B5D:LeaderElection43] INFO  impl.RoleInfo (RoleInfo.java:shutdownLeaderElection(134)) - 0d4e421f-a580-438c-824a-2881e7ce6119: shutdown LeaderElection
2019-09-19 10:48:07,626 [0d4e421f-a580-438c-824a-2881e7ce6119@group-2383C1029B5D:LeaderElection43] INFO  impl.RaftServerImpl (RaftServerImpl.java:setRole(174)) - 0d4e421f-a580-438c-824a-2881e7ce6119@group-2383C1029B5D: changes role from CANDIDATE to LEADER at term 2 for changeToLeader
2019-09-19 10:48:07,626 [0d4e421f-a580-438c-824a-2881e7ce6119@group-2383C1029B5D:LeaderElection43] INFO  impl.RaftServerImpl (ServerState.java:setLeader(253)) - 0d4e421f-a580-438c-824a-2881e7ce6119@group-2383C1029B5D: change Leader from null to 0d4e421f-a580-438c-824a-2881e7ce6119 at term 2 for becomeLeader, leader elected after 2275ms
2019-09-19 10:48:07,626 [0d4e421f-a580-438c-824a-2881e7ce6119@group-2383C1029B5D:LeaderElection43] INFO  server.RaftServerConfigKeys (ConfUtils.java:logGet(43)) - raft.server.staging.catchup.gap = 1000 (default)
2019-09-19 10:48:07,626 [0d4e421f-a580-438c-824a-2881e7ce6119@group-2383C1029B5D:LeaderElection43] INFO  server.RaftServerConfigKeys (ConfUtils.java:logGet(43)) - raft.server.rpc.sleep.time = 25ms (default)
2019-09-19 10:48:07,626 [0d4e421f-a580-438c-824a-2881e7ce6119@group-2383C1029B5D:LeaderElection43] INFO  server.RaftServerConfigKeys (ConfUtils.java:logGet(43)) - raft.server.write.element-limit = 4096 (default)
2019-09-19 10:48:07,627 [0d4e421f-a580-438c-824a-2881e7ce6119@group-2383C1029B5D:LeaderElection43] INFO  server.RaftServerConfigKeys (ConfUtils.java:logGet(43)) - raft.server.watch.timeout = 10s (default)
2019-09-19 10:48:07,627 [0d4e421f-a580-438c-824a-2881e7ce6119@group-2383C1029B5D:LeaderElection43] INFO  server.RaftServerConfigKeys (ConfUtils.java:logGet(43)) - raft.server.watch.timeout.denomination = 1s (default)
2019-09-19 10:48:07,627 [0d4e421f-a580-438c-824a-2881e7ce6119@group-2383C1029B5D:LeaderElection43] INFO  server.RaftServerConfigKeys (ConfUtils.java:logGet(43)) - raft.server.watch.element-limit = 65536 (default)
2019-09-19 10:48:07,631 [0d4e421f-a580-438c-824a-2881e7ce6119@group-2383C1029B5D:LeaderElection43] INFO  server.RaftServerConfigKeys (ConfUtils.java:logGet(43)) - raft.server.log.appender.snapshot.chunk.size.max = 16MB (=16777216) (default)
2019-09-19 10:48:07,631 [0d4e421f-a580-438c-824a-2881e7ce6119@group-2383C1029B5D:LeaderElection43] INFO  server.RaftServerConfigKeys (ConfUtils.java:logGet(43)) - raft.server.log.appender.buffer.byte-limit = 33554432 (custom)
2019-09-19 10:48:07,632 [0d4e421f-a580-438c-824a-2881e7ce6119@group-2383C1029B5D:LeaderElection43] INFO  server.RaftServerConfigKeys (ConfUtils.java:logGet(43)) - raft.server.log.appender.buffer.element-limit = 1 (custom)
2019-09-19 10:48:07,632 [0d4e421f-a580-438c-824a-2881e7ce6119@group-2383C1029B5D:LeaderElection43] INFO  grpc.GrpcConfigKeys$Server (ConfUtils.java:logGet(43)) - raft.grpc.server.leader.outstanding.appends.max = 128 (default)
2019-09-19 10:48:07,632 [0d4e421f-a580-438c-824a-2881e7ce6119@group-2383C1029B5D:LeaderElection43] INFO  server.RaftServerConfigKeys (ConfUtils.java:logGet(43)) - raft.server.rpc.request.timeout = 3000ms (default)
2019-09-19 10:48:07,632 [0d4e421f-a580-438c-824a-2881e7ce6119@group-2383C1029B5D:LeaderElection43] INFO  server.RaftServerConfigKeys (ConfUtils.java:logGet(43)) - raft.server.log.appender.install.snapshot.enabled = false (custom)
2019-09-19 10:48:07,633 [0d4e421f-a580-438c-824a-2881e7ce6119@group-2383C1029B5D:LeaderElection43] INFO  server.RaftServerConfigKeys (ConfUtils.java:logGet(43)) - raft.server.log.appender.snapshot.chunk.size.max = 16MB (=16777216) (default)
2019-09-19 10:48:07,633 [0d4e421f-a580-438c-824a-2881e7ce6119@group-2383C1029B5D:LeaderElection43] INFO  server.RaftServerConfigKeys (ConfUtils.java:logGet(43)) - raft.server.log.appender.buffer.byte-limit = 33554432 (custom)
2019-09-19 10:48:07,633 [0d4e421f-a580-438c-824a-2881e7ce6119@group-2383C1029B5D:LeaderElection43] INFO  server.RaftServerConfigKeys (ConfUtils.java:logGet(43)) - raft.server.log.appender.buffer.element-limit = 1 (custom)
2019-09-19 10:48:07,633 [0d4e421f-a580-438c-824a-2881e7ce6119@group-2383C1029B5D:LeaderElection43] INFO  grpc.GrpcConfigKeys$Server (ConfUtils.java:logGet(43)) - raft.grpc.server.leader.outstanding.appends.max = 128 (default)
2019-09-19 10:48:07,633 [0d4e421f-a580-438c-824a-2881e7ce6119@group-2383C1029B5D:LeaderElection43] INFO  server.RaftServerConfigKeys (ConfUtils.java:logGet(43)) - raft.server.rpc.request.timeout = 3000ms (default)
2019-09-19 10:48:07,634 [0d4e421f-a580-438c-824a-2881e7ce6119@group-2383C1029B5D:LeaderElection43] INFO  server.RaftServerConfigKeys (ConfUtils.java:logGet(43)) - raft.server.log.appender.install.snapshot.enabled = false (custom)
2019-09-19 10:48:07,634 [0d4e421f-a580-438c-824a-2881e7ce6119@group-2383C1029B5D:LeaderElection43] INFO  impl.RoleInfo (RoleInfo.java:updateAndGet(143)) - 0d4e421f-a580-438c-824a-2881e7ce6119: start LeaderState
2019-09-19 10:48:07,635 [0d4e421f-a580-438c-824a-2881e7ce6119@group-2383C1029B5D:LeaderElection43] INFO  segmented.SegmentedRaftLogWorker (SegmentedRaftLogWorker.java:rollLogSegment(385)) - 0d4e421f-a580-438c-824a-2881e7ce6119@group-2383C1029B5D-SegmentedRaftLogWorker: Rolling segment log-0_0 to index:0
2019-09-19 10:48:07,637 [0d4e421f-a580-438c-824a-2881e7ce6119@group-2383C1029B5D:LeaderElection43] INFO  impl.RaftServerImpl (ServerState.java:setRaftConf(354)) - 0d4e421f-a580-438c-824a-2881e7ce6119@group-2383C1029B5D: set configuration 1: [c9baf647-08c3-4366-86b9-39150e9e3608:192.168.5.171:34562, cdd88cb1-716b-4e52-8ddf-d696aacac702:192.168.5.171:38745, 0d4e421f-a580-438c-824a-2881e7ce6119:192.168.5.171:46782], old=null at 1
2019-09-19 10:48:07,637 [0d4e421f-a580-438c-824a-2881e7ce6119@group-2383C1029B5D-SegmentedRaftLogWorker] INFO  segmented.SegmentedRaftLogWorker (SegmentedRaftLogWorker.java:execute(526)) - 0d4e421f-a580-438c-824a-2881e7ce6119@group-2383C1029B5D-SegmentedRaftLogWorker: Rolled log segment from /workdir/hadoop-ozone/ozonefs/target/test-dir/MiniOzoneClusterImpl-a851322c-baef-453f-943c-3a09e8b40232/datanode-0/data/ratis/bc3f8eac-e19f-4a4e-96c7-2383c1029b5d/current/log_inprogress_0 to /workdir/hadoop-ozone/ozonefs/target/test-dir/MiniOzoneClusterImpl-a851322c-baef-453f-943c-3a09e8b40232/datanode-0/data/ratis/bc3f8eac-e19f-4a4e-96c7-2383c1029b5d/current/log_0-0
2019-09-19 10:48:07,641 [grpc-default-executor-2] INFO  impl.RaftServerImpl (ServerState.java:setLeader(253)) - cdd88cb1-716b-4e52-8ddf-d696aacac702@group-2383C1029B5D: change Leader from null to 0d4e421f-a580-438c-824a-2881e7ce6119 at term 2 for appendEntries, leader elected after 369ms
2019-09-19 10:48:07,644 [grpc-default-executor-2] INFO  impl.RaftServerImpl (ServerState.java:setRaftConf(354)) - cdd88cb1-716b-4e52-8ddf-d696aacac702@group-2383C1029B5D: set configuration 1: [c9baf647-08c3-4366-86b9-39150e9e3608:192.168.5.171:34562, cdd88cb1-716b-4e52-8ddf-d696aacac702:192.168.5.171:38745, 0d4e421f-a580-438c-824a-2881e7ce6119:192.168.5.171:46782], old=null at 1
2019-09-19 10:48:07,645 [grpc-default-executor-2] INFO  segmented.SegmentedRaftLogWorker (SegmentedRaftLogWorker.java:rollLogSegment(385)) - cdd88cb1-716b-4e52-8ddf-d696aacac702@group-2383C1029B5D-SegmentedRaftLogWorker: Rolling segment log-0_0 to index:0
2019-09-19 10:48:07,646 [cdd88cb1-716b-4e52-8ddf-d696aacac702@group-2383C1029B5D-SegmentedRaftLogWorker] INFO  segmented.SegmentedRaftLogWorker (SegmentedRaftLogWorker.java:execute(526)) - cdd88cb1-716b-4e52-8ddf-d696aacac702@group-2383C1029B5D-SegmentedRaftLogWorker: Rolled log segment from /workdir/hadoop-ozone/ozonefs/target/test-dir/MiniOzoneClusterImpl-a851322c-baef-453f-943c-3a09e8b40232/datanode-1/data/ratis/bc3f8eac-e19f-4a4e-96c7-2383c1029b5d/current/log_inprogress_0 to /workdir/hadoop-ozone/ozonefs/target/test-dir/MiniOzoneClusterImpl-a851322c-baef-453f-943c-3a09e8b40232/datanode-1/data/ratis/bc3f8eac-e19f-4a4e-96c7-2383c1029b5d/current/log_0-0
2019-09-19 10:48:08,323 [grpc-default-executor-0] INFO  impl.RaftServerProxy (RaftServerProxy.java:remove(95)) - 0d4e421f-a580-438c-824a-2881e7ce6119: remove  FOLLOWER 0d4e421f-a580-438c-824a-2881e7ce6119@group-2D6DB24D25B6:t1, leader=cdd88cb1-716b-4e52-8ddf-d696aacac702, voted=cdd88cb1-716b-4e52-8ddf-d696aacac702, raftlog=0d4e421f-a580-438c-824a-2881e7ce6119@group-2D6DB24D25B6-SegmentedRaftLog:OPENED:c0,f0,i0, conf=0: [c9baf647-08c3-4366-86b9-39150e9e3608:192.168.5.171:34562, cdd88cb1-716b-4e52-8ddf-d696aacac702:192.168.5.171:38745, 0d4e421f-a580-438c-824a-2881e7ce6119:192.168.5.171:46782], old=null RUNNING
2019-09-19 10:48:08,323 [grpc-default-executor-0] INFO  impl.RaftServerImpl (RaftServerImpl.java:lambda$shutdown$3(251)) - 0d4e421f-a580-438c-824a-2881e7ce6119@group-2D6DB24D25B6: shutdown
2019-09-19 10:48:08,324 [grpc-default-executor-0] INFO  util.JmxRegister (JmxRegister.java:unregister(73)) - Successfully un-registered JMX Bean with object name Ratis:service=RaftServer,group=group-2D6DB24D25B6,id=0d4e421f-a580-438c-824a-2881e7ce6119
2019-09-19 10:48:08,324 [grpc-default-executor-0] INFO  impl.RoleInfo (RoleInfo.java:shutdownFollowerState(121)) - 0d4e421f-a580-438c-824a-2881e7ce6119: shutdown FollowerState
2019-09-19 10:48:08,362 [grpc-default-executor-0] INFO  impl.StateMachineUpdater (StateMachineUpdater.java:stopAndJoin(125)) - 0d4e421f-a580-438c-824a-2881e7ce6119@group-2D6DB24D25B6-StateMachineUpdater: set stopIndex = 0
2019-09-19 10:48:08,362 [Thread-287] INFO  impl.FollowerState (FollowerState.java:run(115)) - 0d4e421f-a580-438c-824a-2881e7ce6119: FollowerState was interrupted: java.lang.InterruptedException: sleep interrupted
2019-09-19 10:48:08,373 [grpc-default-executor-0] INFO  impl.RaftServerImpl (ServerState.java:close(385)) - 0d4e421f-a580-438c-824a-2881e7ce6119@group-2D6DB24D25B6: closes. applyIndex: 0
2019-09-19 10:48:08,376 [0d4e421f-a580-438c-824a-2881e7ce6119@group-2D6DB24D25B6-SegmentedRaftLogWorker] INFO  segmented.SegmentedRaftLogWorker (SegmentedRaftLogWorker.java:run(313)) - 0d4e421f-a580-438c-824a-2881e7ce6119@group-2D6DB24D25B6-SegmentedRaftLogWorker was interrupted, exiting. There are 0 tasks remaining in the queue.
2019-09-19 10:48:08,378 [grpc-default-executor-0] INFO  segmented.SegmentedRaftLogWorker (SegmentedRaftLogWorker.java:close(228)) - 0d4e421f-a580-438c-824a-2881e7ce6119@group-2D6DB24D25B6-SegmentedRaftLogWorker close()
2019-09-19 10:48:08,389 [grpc-default-executor-0] INFO  impl.RaftServerProxy (RaftServerProxy.java:remove(95)) - 0d4e421f-a580-438c-824a-2881e7ce6119: remove    LEADER 0d4e421f-a580-438c-824a-2881e7ce6119@group-3978C5047DE8:t1, leader=0d4e421f-a580-438c-824a-2881e7ce6119, voted=0d4e421f-a580-438c-824a-2881e7ce6119, raftlog=0d4e421f-a580-438c-824a-2881e7ce6119@group-3978C5047DE8-SegmentedRaftLog:OPENED:c0,f0,i0, conf=0: [0d4e421f-a580-438c-824a-2881e7ce6119:192.168.5.171:46782], old=null RUNNING
2019-09-19 10:48:08,390 [grpc-default-executor-0] INFO  impl.RaftServerImpl (RaftServerImpl.java:lambda$shutdown$3(251)) - 0d4e421f-a580-438c-824a-2881e7ce6119@group-3978C5047DE8: shutdown
2019-09-19 10:48:08,390 [grpc-default-executor-0] INFO  util.JmxRegister (JmxRegister.java:unregister(73)) - Successfully un-registered JMX Bean with object name Ratis:service=RaftServer,group=group-3978C5047DE8,id=0d4e421f-a580-438c-824a-2881e7ce6119
2019-09-19 10:48:08,390 [grpc-default-executor-0] INFO  impl.RoleInfo (RoleInfo.java:shutdownLeaderState(104)) - 0d4e421f-a580-438c-824a-2881e7ce6119: shutdown LeaderState
2019-09-19 10:48:08,391 [grpc-default-executor-0] INFO  impl.PendingRequests (PendingRequests.java:sendNotLeaderResponses(202)) - 0d4e421f-a580-438c-824a-2881e7ce6119-PendingRequests: sendNotLeaderResponses
2019-09-19 10:48:08,391 [grpc-default-executor-0] INFO  impl.StateMachineUpdater (StateMachineUpdater.java:stopAndJoin(125)) - 0d4e421f-a580-438c-824a-2881e7ce6119@group-3978C5047DE8-StateMachineUpdater: set stopIndex = 0
2019-09-19 10:48:08,391 [grpc-default-executor-0] INFO  impl.RaftServerImpl (ServerState.java:close(385)) - 0d4e421f-a580-438c-824a-2881e7ce6119@group-3978C5047DE8: closes. applyIndex: 0
2019-09-19 10:48:08,392 [0d4e421f-a580-438c-824a-2881e7ce6119@group-3978C5047DE8-SegmentedRaftLogWorker] INFO  segmented.SegmentedRaftLogWorker (SegmentedRaftLogWorker.java:run(313)) - 0d4e421f-a580-438c-824a-2881e7ce6119@group-3978C5047DE8-SegmentedRaftLogWorker was interrupted, exiting. There are 0 tasks remaining in the queue.
2019-09-19 10:48:08,394 [grpc-default-executor-0] INFO  segmented.SegmentedRaftLogWorker (SegmentedRaftLogWorker.java:close(228)) - 0d4e421f-a580-438c-824a-2881e7ce6119@group-3978C5047DE8-SegmentedRaftLogWorker close()
2019-09-19 10:48:08,404 [grpc-default-executor-0] INFO  impl.RaftServerProxy (RaftServerProxy.java:remove(95)) - 0d4e421f-a580-438c-824a-2881e7ce6119: remove    LEADER 0d4e421f-a580-438c-824a-2881e7ce6119@group-9CC0A7FE6135:t1, leader=0d4e421f-a580-438c-824a-2881e7ce6119, voted=0d4e421f-a580-438c-824a-2881e7ce6119, raftlog=0d4e421f-a580-438c-824a-2881e7ce6119@group-9CC0A7FE6135-SegmentedRaftLog:OPENED:c0,f0,i0, conf=0: [0d4e421f-a580-438c-824a-2881e7ce6119:192.168.5.171:46782], old=null RUNNING
2019-09-19 10:48:08,404 [grpc-default-executor-0] INFO  impl.RaftServerImpl (RaftServerImpl.java:lambda$shutdown$3(251)) - 0d4e421f-a580-438c-824a-2881e7ce6119@group-9CC0A7FE6135: shutdown
2019-09-19 10:48:08,405 [grpc-default-executor-0] INFO  util.JmxRegister (JmxRegister.java:unregister(73)) - Successfully un-registered JMX Bean with object name Ratis:service=RaftServer,group=group-9CC0A7FE6135,id=0d4e421f-a580-438c-824a-2881e7ce6119
2019-09-19 10:48:08,405 [grpc-default-executor-0] INFO  impl.RoleInfo (RoleInfo.java:shutdownLeaderState(104)) - 0d4e421f-a580-438c-824a-2881e7ce6119: shutdown LeaderState
2019-09-19 10:48:08,405 [grpc-default-executor-0] INFO  impl.PendingRequests (PendingRequests.java:sendNotLeaderResponses(202)) - 0d4e421f-a580-438c-824a-2881e7ce6119-PendingRequests: sendNotLeaderResponses
2019-09-19 10:48:08,405 [grpc-default-executor-0] INFO  impl.StateMachineUpdater (StateMachineUpdater.java:stopAndJoin(125)) - 0d4e421f-a580-438c-824a-2881e7ce6119@group-9CC0A7FE6135-StateMachineUpdater: set stopIndex = 0
2019-09-19 10:48:08,406 [grpc-default-executor-0] INFO  impl.RaftServerImpl (ServerState.java:close(385)) - 0d4e421f-a580-438c-824a-2881e7ce6119@group-9CC0A7FE6135: closes. applyIndex: 0
2019-09-19 10:48:08,406 [0d4e421f-a580-438c-824a-2881e7ce6119@group-9CC0A7FE6135-SegmentedRaftLogWorker] INFO  segmented.SegmentedRaftLogWorker (SegmentedRaftLogWorker.java:run(313)) - 0d4e421f-a580-438c-824a-2881e7ce6119@group-9CC0A7FE6135-SegmentedRaftLogWorker was interrupted, exiting. There are 0 tasks remaining in the queue.
2019-09-19 10:48:08,408 [grpc-default-executor-0] INFO  segmented.SegmentedRaftLogWorker (SegmentedRaftLogWorker.java:close(228)) - 0d4e421f-a580-438c-824a-2881e7ce6119@group-9CC0A7FE6135-SegmentedRaftLogWorker close()
2019-09-19 10:48:08,417 [grpc-default-executor-0] INFO  impl.RaftServerProxy (RaftServerProxy.java:remove(95)) - 0d4e421f-a580-438c-824a-2881e7ce6119: remove    LEADER 0d4e421f-a580-438c-824a-2881e7ce6119@group-2383C1029B5D:t2, leader=0d4e421f-a580-438c-824a-2881e7ce6119, voted=0d4e421f-a580-438c-824a-2881e7ce6119, raftlog=0d4e421f-a580-438c-824a-2881e7ce6119@group-2383C1029B5D-SegmentedRaftLog:OPENED:c0,f0,i1, conf=1: [c9baf647-08c3-4366-86b9-39150e9e3608:192.168.5.171:34562, cdd88cb1-716b-4e52-8ddf-d696aacac702:192.168.5.171:38745, 0d4e421f-a580-438c-824a-2881e7ce6119:192.168.5.171:46782], old=null RUNNING
2019-09-19 10:48:08,418 [grpc-default-executor-0] INFO  impl.RaftServerImpl (RaftServerImpl.java:lambda$shutdown$3(251)) - 0d4e421f-a580-438c-824a-2881e7ce6119@group-2383C1029B5D: shutdown
2019-09-19 10:48:08,418 [grpc-default-executor-0] INFO  util.JmxRegister (JmxRegister.java:unregister(73)) - Successfully un-registered JMX Bean with object name Ratis:service=RaftServer,group=group-2383C1029B5D,id=0d4e421f-a580-438c-824a-2881e7ce6119
2019-09-19 10:48:08,418 [grpc-default-executor-0] INFO  impl.RoleInfo (RoleInfo.java:shutdownLeaderState(104)) - 0d4e421f-a580-438c-824a-2881e7ce6119: shutdown LeaderState
2019-09-19 10:48:08,421 [org.apache.ratis.server.impl.LogAppender$AppenderDaemon$$Lambda$446/1894878678@12ea2bc1] WARN  server.GrpcLogAppender (GrpcLogAppender.java:mayWait(143)) - 0d4e421f-a580-438c-824a-2881e7ce6119@group-2383C1029B5D->c9baf647-08c3-4366-86b9-39150e9e3608-GrpcLogAppender: Wait interrupted by java.lang.InterruptedException
2019-09-19 10:48:08,421 [org.apache.ratis.server.impl.LogAppender$AppenderDaemon$$Lambda$446/1894878678@f3e11ee] WARN  server.GrpcLogAppender (GrpcLogAppender.java:mayWait(143)) - 0d4e421f-a580-438c-824a-2881e7ce6119@group-2383C1029B5D->cdd88cb1-716b-4e52-8ddf-d696aacac702-GrpcLogAppender: Wait interrupted by java.lang.InterruptedException
2019-09-19 10:48:08,421 [grpc-default-executor-0] INFO  impl.PendingRequests (PendingRequests.java:sendNotLeaderResponses(202)) - 0d4e421f-a580-438c-824a-2881e7ce6119-PendingRequests: sendNotLeaderResponses
2019-09-19 10:48:08,423 [grpc-default-executor-2] INFO  server.GrpcServerProtocolService (GrpcServerProtocolService.java:onCompleted(113)) - c9baf647-08c3-4366-86b9-39150e9e3608: Completed APPEND_ENTRIES, lastRequest: 0d4e421f-a580-438c-824a-2881e7ce6119->c9baf647-08c3-4366-86b9-39150e9e3608#0-t2, previous=(t:1, i:0), leaderCommit=0, initializing? false, entries: <empty>
2019-09-19 10:48:08,423 [grpc-default-executor-0] INFO  impl.StateMachineUpdater (StateMachineUpdater.java:stopAndJoin(125)) - 0d4e421f-a580-438c-824a-2881e7ce6119@group-2383C1029B5D-StateMachineUpdater: set stopIndex = 0
2019-09-19 10:48:08,423 [grpc-default-executor-0] INFO  impl.RaftServerImpl (ServerState.java:close(385)) - 0d4e421f-a580-438c-824a-2881e7ce6119@group-2383C1029B5D: closes. applyIndex: 0
2019-09-19 10:48:08,424 [grpc-default-executor-2] INFO  server.GrpcLogAppender (GrpcLogAppender.java:onCompleted(293)) - 0d4e421f-a580-438c-824a-2881e7ce6119@group-2383C1029B5D->c9baf647-08c3-4366-86b9-39150e9e3608-AppendLogResponseHandler: follower responses appendEntries COMPLETED
2019-09-19 10:48:08,425 [grpc-default-executor-2] INFO  impl.FollowerInfo (FollowerInfo.java:lambda$new$0(51)) - 0d4e421f-a580-438c-824a-2881e7ce6119@group-2383C1029B5D->c9baf647-08c3-4366-86b9-39150e9e3608: nextIndex: updateUnconditionally 1 -> 0
2019-09-19 10:48:08,425 [grpc-default-executor-4] INFO  server.GrpcServerProtocolService (GrpcServerProtocolService.java:onCompleted(113)) - cdd88cb1-716b-4e52-8ddf-d696aacac702: Completed APPEND_ENTRIES, lastRequest: 0d4e421f-a580-438c-824a-2881e7ce6119->cdd88cb1-716b-4e52-8ddf-d696aacac702#1-t2, previous=(t:1, i:0), leaderCommit=0, initializing? false, entries: size=1, first=(t:2, i:1), CONFIGURATIONENTRY
2019-09-19 10:48:08,426 [grpc-default-executor-4] INFO  server.GrpcLogAppender (GrpcLogAppender.java:onCompleted(293)) - 0d4e421f-a580-438c-824a-2881e7ce6119@group-2383C1029B5D->cdd88cb1-716b-4e52-8ddf-d696aacac702-AppendLogResponseHandler: follower responses appendEntries COMPLETED
2019-09-19 10:48:08,426 [grpc-default-executor-4] INFO  impl.FollowerInfo (FollowerInfo.java:lambda$new$0(51)) - 0d4e421f-a580-438c-824a-2881e7ce6119@group-2383C1029B5D->cdd88cb1-716b-4e52-8ddf-d696aacac702: nextIndex: updateUnconditionally 2 -> 1
2019-09-19 10:48:09,483 [cdd88cb1-716b-4e52-8ddf-d696aacac702@group-2383C1029B5D-SegmentedRaftLogWorker] INFO  segmented.SegmentedRaftLogWorker (SegmentedRaftLogWorker.java:execute(569)) - cdd88cb1-716b-4e52-8ddf-d696aacac702@group-2383C1029B5D-SegmentedRaftLogWorker: created new log segment /workdir/hadoop-ozone/ozonefs/target/test-dir/MiniOzoneClusterImpl-a851322c-baef-453f-943c-3a09e8b40232/datanode-1/data/ratis/bc3f8eac-e19f-4a4e-96c7-2383c1029b5d/current/log_inprogress_1
2019-09-19 10:48:09,485 [0d4e421f-a580-438c-824a-2881e7ce6119@group-2383C1029B5D-SegmentedRaftLogWorker] WARN  segmented.SegmentedRaftLogOutputStream (SegmentedRaftLogOutputStream.java:<init>(77)) - Hit IOException while creating log segment /workdir/hadoop-ozone/ozonefs/target/test-dir/MiniOzoneClusterImpl-a851322c-baef-453f-943c-3a09e8b40232/datanode-0/data/ratis/bc3f8eac-e19f-4a4e-96c7-2383c1029b5d/current/log_inprogress_1, delete the partial file.
2019-09-19 10:48:09,485 [grpc-default-executor-0] INFO  segmented.SegmentedRaftLogWorker (SegmentedRaftLogWorker.java:close(228)) - 0d4e421f-a580-438c-824a-2881e7ce6119@group-2383C1029B5D-SegmentedRaftLogWorker close()
2019-09-19 10:48:09,626 [java.util.concurrent.ThreadPoolExecutor$Worker@385faafc[State = -1, empty queue]] WARN  server.GrpcLogAppender (GrpcLogAppender.java:timeoutAppendRequest(200)) - cdd88cb1-716b-4e52-8ddf-d696aacac702@group-2D6DB24D25B6->c9baf647-08c3-4366-86b9-39150e9e3608-GrpcLogAppender: appendEntries Timeout, request=cdd88cb1-716b-4e52-8ddf-d696aacac702->c9baf647-08c3-4366-86b9-39150e9e3608#34-t1, previous=(t:1, i:0), leaderCommit=0, initializing? false, entries: <empty>
2019-09-19 10:48:09,843 [Thread-735] INFO  impl.FollowerState (FollowerState.java:run(106)) - c9baf647-08c3-4366-86b9-39150e9e3608:group-7EB238C3CBC3 changes to CANDIDATE, lastRpcTime:5102, electionTimeout:5102ms
2019-09-19 10:48:09,843 [Thread-735] INFO  impl.RoleInfo (RoleInfo.java:shutdownFollowerState(121)) - c9baf647-08c3-4366-86b9-39150e9e3608: shutdown FollowerState
2019-09-19 10:48:09,843 [Thread-735] INFO  impl.RaftServerImpl (RaftServerImpl.java:setRole(174)) - c9baf647-08c3-4366-86b9-39150e9e3608@group-7EB238C3CBC3: changes role from  FOLLOWER to CANDIDATE at term 12 for changeToCandidate
2019-09-19 10:48:09,843 [Thread-735] INFO  impl.RoleInfo (RoleInfo.java:updateAndGet(143)) - c9baf647-08c3-4366-86b9-39150e9e3608: start LeaderElection
2019-09-19 10:48:09,852 [Thread-733] INFO  impl.FollowerState (FollowerState.java:run(106)) - cdd88cb1-716b-4e52-8ddf-d696aacac702:group-7EB238C3CBC3 changes to CANDIDATE, lastRpcTime:5113, electionTimeout:5113ms
2019-09-19 10:48:09,852 [Thread-733] INFO  impl.RoleInfo (RoleInfo.java:shutdownFollowerState(121)) - cdd88cb1-716b-4e52-8ddf-d696aacac702: shutdown FollowerState
2019-09-19 10:48:09,852 [Thread-733] INFO  impl.RaftServerImpl (RaftServerImpl.java:setRole(174)) - cdd88cb1-716b-4e52-8ddf-d696aacac702@group-7EB238C3CBC3: changes role from  FOLLOWER to CANDIDATE at term 12 for changeToCandidate
2019-09-19 10:48:09,852 [Thread-733] INFO  impl.RoleInfo (RoleInfo.java:updateAndGet(143)) - cdd88cb1-716b-4e52-8ddf-d696aacac702: start LeaderElection
2019-09-19 10:48:09,885 [Thread-734] INFO  impl.FollowerState (FollowerState.java:run(106)) - 0d4e421f-a580-438c-824a-2881e7ce6119:group-7EB238C3CBC3 changes to CANDIDATE, lastRpcTime:5146, electionTimeout:5146ms
2019-09-19 10:48:09,885 [Thread-734] INFO  impl.RoleInfo (RoleInfo.java:shutdownFollowerState(121)) - 0d4e421f-a580-438c-824a-2881e7ce6119: shutdown FollowerState
2019-09-19 10:48:09,885 [Thread-734] INFO  impl.RaftServerImpl (RaftServerImpl.java:setRole(174)) - 0d4e421f-a580-438c-824a-2881e7ce6119@group-7EB238C3CBC3: changes role from  FOLLOWER to CANDIDATE at term 12 for changeToCandidate
2019-09-19 10:48:09,886 [Thread-734] INFO  impl.RoleInfo (RoleInfo.java:updateAndGet(143)) - 0d4e421f-a580-438c-824a-2881e7ce6119: start LeaderElection
2019-09-19 10:48:10,672 [0d4e421f-a580-438c-824a-2881e7ce6119@group-7EB238C3CBC3:LeaderElection46] INFO  impl.LeaderElection (LeaderElection.java:askForVotes(182)) - 0d4e421f-a580-438c-824a-2881e7ce6119@group-7EB238C3CBC3:LeaderElection46: begin an election at term 13 for -1: [c9baf647-08c3-4366-86b9-39150e9e3608:192.168.5.171:34562, cdd88cb1-716b-4e52-8ddf-d696aacac702:192.168.5.171:38745, 0d4e421f-a580-438c-824a-2881e7ce6119:192.168.5.171:46782], old=null
2019-09-19 10:48:10,672 [c9baf647-08c3-4366-86b9-39150e9e3608@group-7EB238C3CBC3:LeaderElection44] INFO  impl.LeaderElection (LeaderElection.java:askForVotes(182)) - c9baf647-08c3-4366-86b9-39150e9e3608@group-7EB238C3CBC3:LeaderElection44: begin an election at term 13 for -1: [c9baf647-08c3-4366-86b9-39150e9e3608:192.168.5.171:34562, cdd88cb1-716b-4e52-8ddf-d696aacac702:192.168.5.171:38745, 0d4e421f-a580-438c-824a-2881e7ce6119:192.168.5.171:46782], old=null
2019-09-19 10:48:10,672 [cdd88cb1-716b-4e52-8ddf-d696aacac702@group-7EB238C3CBC3:LeaderElection45] INFO  impl.LeaderElection (LeaderElection.java:askForVotes(182)) - cdd88cb1-716b-4e52-8ddf-d696aacac702@group-7EB238C3CBC3:LeaderElection45: begin an election at term 13 for -1: [c9baf647-08c3-4366-86b9-39150e9e3608:192.168.5.171:34562, cdd88cb1-716b-4e52-8ddf-d696aacac702:192.168.5.171:38745, 0d4e421f-a580-438c-824a-2881e7ce6119:192.168.5.171:46782], old=null
2019-09-19 10:48:11,314 [cdd88cb1-716b-4e52-8ddf-d696aacac702@group-7EB238C3CBC3:LeaderElection45] INFO  impl.LeaderElection (LeaderElection.java:logAndReturn(56)) - cdd88cb1-716b-4e52-8ddf-d696aacac702@group-7EB238C3CBC3:LeaderElection45: Election REJECTED; received 2 response(s) [cdd88cb1-716b-4e52-8ddf-d696aacac702<-c9baf647-08c3-4366-86b9-39150e9e3608#0:FAIL-t13, cdd88cb1-716b-4e52-8ddf-d696aacac702<-0d4e421f-a580-438c-824a-2881e7ce6119#0:FAIL-t13] and 0 exception(s); cdd88cb1-716b-4e52-8ddf-d696aacac702@group-7EB238C3CBC3:t13, leader=null, voted=cdd88cb1-716b-4e52-8ddf-d696aacac702, raftlog=cdd88cb1-716b-4e52-8ddf-d696aacac702@group-7EB238C3CBC3-SegmentedRaftLog:OPENED:c-1,f-1,i0, conf=-1: [c9baf647-08c3-4366-86b9-39150e9e3608:192.168.5.171:34562, cdd88cb1-716b-4e52-8ddf-d696aacac702:192.168.5.171:38745, 0d4e421f-a580-438c-824a-2881e7ce6119:192.168.5.171:46782], old=null
2019-09-19 10:48:11,314 [cdd88cb1-716b-4e52-8ddf-d696aacac702@group-7EB238C3CBC3:LeaderElection45] INFO  impl.RaftServerImpl (RaftServerImpl.java:setRole(174)) - cdd88cb1-716b-4e52-8ddf-d696aacac702@group-7EB238C3CBC3: changes role from CANDIDATE to FOLLOWER at term 13 for DISCOVERED_A_NEW_TERM
2019-09-19 10:48:11,315 [c9baf647-08c3-4366-86b9-39150e9e3608@group-7EB238C3CBC3:LeaderElection44] INFO  impl.LeaderElection (LeaderElection.java:logAndReturn(56)) - c9baf647-08c3-4366-86b9-39150e9e3608@group-7EB238C3CBC3:LeaderElection44: Election REJECTED; received 2 response(s) [c9baf647-08c3-4366-86b9-39150e9e3608<-cdd88cb1-716b-4e52-8ddf-d696aacac702#0:FAIL-t13, c9baf647-08c3-4366-86b9-39150e9e3608<-0d4e421f-a580-438c-824a-2881e7ce6119#0:FAIL-t13] and 0 exception(s); c9baf647-08c3-4366-86b9-39150e9e3608@group-7EB238C3CBC3:t13, leader=null, voted=c9baf647-08c3-4366-86b9-39150e9e3608, raftlog=c9baf647-08c3-4366-86b9-39150e9e3608@group-7EB238C3CBC3-SegmentedRaftLog:OPENED:c-1,f-1,i0, conf=-1: [c9baf647-08c3-4366-86b9-39150e9e3608:192.168.5.171:34562, cdd88cb1-716b-4e52-8ddf-d696aacac702:192.168.5.171:38745, 0d4e421f-a580-438c-824a-2881e7ce6119:192.168.5.171:46782], old=null
2019-09-19 10:48:11,315 [cdd88cb1-716b-4e52-8ddf-d696aacac702@group-7EB238C3CBC3:LeaderElection45] INFO  impl.RoleInfo (RoleInfo.java:shutdownLeaderElection(134)) - cdd88cb1-716b-4e52-8ddf-d696aacac702: shutdown LeaderElection
2019-09-19 10:48:11,317 [c9baf647-08c3-4366-86b9-39150e9e3608@group-7EB238C3CBC3:LeaderElection44] INFO  impl.RaftServerImpl (RaftServerImpl.java:setRole(174)) - c9baf647-08c3-4366-86b9-39150e9e3608@group-7EB238C3CBC3: changes role from CANDIDATE to FOLLOWER at term 13 for DISCOVERED_A_NEW_TERM
2019-09-19 10:48:11,319 [c9baf647-08c3-4366-86b9-39150e9e3608@group-7EB238C3CBC3:LeaderElection44] INFO  impl.RoleInfo (RoleInfo.java:shutdownLeaderElection(134)) - c9baf647-08c3-4366-86b9-39150e9e3608: shutdown LeaderElection
2019-09-19 10:48:11,320 [cdd88cb1-716b-4e52-8ddf-d696aacac702@group-7EB238C3CBC3:LeaderElection45] INFO  impl.RoleInfo (RoleInfo.java:updateAndGet(143)) - cdd88cb1-716b-4e52-8ddf-d696aacac702: start FollowerState
2019-09-19 10:48:11,320 [c9baf647-08c3-4366-86b9-39150e9e3608@group-7EB238C3CBC3:LeaderElection44] INFO  impl.RoleInfo (RoleInfo.java:updateAndGet(143)) - c9baf647-08c3-4366-86b9-39150e9e3608: start FollowerState
2019-09-19 10:48:11,322 [0d4e421f-a580-438c-824a-2881e7ce6119@group-7EB238C3CBC3:LeaderElection46] INFO  impl.LeaderElection (LeaderElection.java:logAndReturn(56)) - 0d4e421f-a580-438c-824a-2881e7ce6119@group-7EB238C3CBC3:LeaderElection46: Election REJECTED; received 2 response(s) [0d4e421f-a580-438c-824a-2881e7ce6119<-c9baf647-08c3-4366-86b9-39150e9e3608#0:FAIL-t13, 0d4e421f-a580-438c-824a-2881e7ce6119<-cdd88cb1-716b-4e52-8ddf-d696aacac702#0:FAIL-t13] and 0 exception(s); 0d4e421f-a580-438c-824a-2881e7ce6119@group-7EB238C3CBC3:t13, leader=null, voted=0d4e421f-a580-438c-824a-2881e7ce6119, raftlog=0d4e421f-a580-438c-824a-2881e7ce6119@group-7EB238C3CBC3-SegmentedRaftLog:OPENED:c-1,f-1,i0, conf=-1: [c9baf647-08c3-4366-86b9-39150e9e3608:192.168.5.171:34562, cdd88cb1-716b-4e52-8ddf-d696aacac702:192.168.5.171:38745, 0d4e421f-a580-438c-824a-2881e7ce6119:192.168.5.171:46782], old=null
2019-09-19 10:48:11,322 [0d4e421f-a580-438c-824a-2881e7ce6119@group-7EB238C3CBC3:LeaderElection46] INFO  impl.RaftServerImpl (RaftServerImpl.java:setRole(174)) - 0d4e421f-a580-438c-824a-2881e7ce6119@group-7EB238C3CBC3: changes role from CANDIDATE to FOLLOWER at term 13 for DISCOVERED_A_NEW_TERM
2019-09-19 10:48:11,322 [0d4e421f-a580-438c-824a-2881e7ce6119@group-7EB238C3CBC3:LeaderElection46] INFO  impl.RoleInfo (RoleInfo.java:shutdownLeaderElection(134)) - 0d4e421f-a580-438c-824a-2881e7ce6119: shutdown LeaderElection
2019-09-19 10:48:11,322 [0d4e421f-a580-438c-824a-2881e7ce6119@group-7EB238C3CBC3:LeaderElection46] INFO  impl.RoleInfo (RoleInfo.java:updateAndGet(143)) - 0d4e421f-a580-438c-824a-2881e7ce6119: start FollowerState
2019-09-19 10:48:12,127 [java.util.concurrent.ThreadPoolExecutor$Worker@385faafc[State = -1, empty queue]] WARN  server.GrpcLogAppender (GrpcLogAppender.java:timeoutAppendRequest(200)) - cdd88cb1-716b-4e52-8ddf-d696aacac702@group-2D6DB24D25B6->c9baf647-08c3-4366-86b9-39150e9e3608-GrpcLogAppender: appendEntries Timeout, request=cdd88cb1-716b-4e52-8ddf-d696aacac702->c9baf647-08c3-4366-86b9-39150e9e3608#35-t1, previous=(t:1, i:0), leaderCommit=0, initializing? false, entries: <empty>
2019-09-19 10:48:12,355 [java.util.concurrent.ThreadPoolExecutor$Worker@bd5a504[State = -1, empty queue]] WARN  server.GrpcLogAppender (GrpcLogAppender.java:timeoutAppendRequest(200)) - cdd88cb1-716b-4e52-8ddf-d696aacac702@group-2D6DB24D25B6->0d4e421f-a580-438c-824a-2881e7ce6119-GrpcLogAppender: appendEntries Timeout, request=cdd88cb1-716b-4e52-8ddf-d696aacac702->0d4e421f-a580-438c-824a-2881e7ce6119#35-t1, previous=(t:1, i:0), leaderCommit=0, initializing? false, entries: <empty>
2019-09-19 10:48:14,627 [java.util.concurrent.ThreadPoolExecutor$Worker@385faafc[State = -1, empty queue]] WARN  server.GrpcLogAppender (GrpcLogAppender.java:timeoutAppendRequest(200)) - cdd88cb1-716b-4e52-8ddf-d696aacac702@group-2D6DB24D25B6->c9baf647-08c3-4366-86b9-39150e9e3608-GrpcLogAppender: appendEntries Timeout, request=cdd88cb1-716b-4e52-8ddf-d696aacac702->c9baf647-08c3-4366-86b9-39150e9e3608#36-t1, previous=(t:1, i:0), leaderCommit=0, initializing? false, entries: <empty>
2019-09-19 10:48:14,856 [java.util.concurrent.ThreadPoolExecutor$Worker@bd5a504[State = -1, empty queue]] WARN  server.GrpcLogAppender (GrpcLogAppender.java:timeoutAppendRequest(200)) - cdd88cb1-716b-4e52-8ddf-d696aacac702@group-2D6DB24D25B6->0d4e421f-a580-438c-824a-2881e7ce6119-GrpcLogAppender: appendEntries Timeout, request=cdd88cb1-716b-4e52-8ddf-d696aacac702->0d4e421f-a580-438c-824a-2881e7ce6119#36-t1, previous=(t:1, i:0), leaderCommit=0, initializing? false, entries: <empty>
2019-09-19 10:48:16,372 [Thread-774] INFO  impl.FollowerState (FollowerState.java:run(106)) - c9baf647-08c3-4366-86b9-39150e9e3608:group-7EB238C3CBC3 changes to CANDIDATE, lastRpcTime:5051, electionTimeout:5051ms
2019-09-19 10:48:16,373 [Thread-774] INFO  impl.RoleInfo (RoleInfo.java:shutdownFollowerState(121)) - c9baf647-08c3-4366-86b9-39150e9e3608: shutdown FollowerState
2019-09-19 10:48:16,373 [Thread-774] INFO  impl.RaftServerImpl (RaftServerImpl.java:setRole(174)) - c9baf647-08c3-4366-86b9-39150e9e3608@group-7EB238C3CBC3: changes role from  FOLLOWER to CANDIDATE at term 13 for changeToCandidate
2019-09-19 10:48:16,373 [Thread-774] INFO  impl.RoleInfo (RoleInfo.java:updateAndGet(143)) - c9baf647-08c3-4366-86b9-39150e9e3608: start LeaderElection
2019-09-19 10:48:16,418 [Thread-773] INFO  impl.FollowerState (FollowerState.java:run(106)) - cdd88cb1-716b-4e52-8ddf-d696aacac702:group-7EB238C3CBC3 changes to CANDIDATE, lastRpcTime:5098, electionTimeout:5098ms
2019-09-19 10:48:16,419 [Thread-773] INFO  impl.RoleInfo (RoleInfo.java:shutdownFollowerState(121)) - cdd88cb1-716b-4e52-8ddf-d696aacac702: shutdown FollowerState
2019-09-19 10:48:16,419 [Thread-773] INFO  impl.RaftServerImpl (RaftServerImpl.java:setRole(174)) - cdd88cb1-716b-4e52-8ddf-d696aacac702@group-7EB238C3CBC3: changes role from  FOLLOWER to CANDIDATE at term 13 for changeToCandidate
2019-09-19 10:48:16,419 [Thread-773] INFO  impl.RoleInfo (RoleInfo.java:updateAndGet(143)) - cdd88cb1-716b-4e52-8ddf-d696aacac702: start LeaderElection
2019-09-19 10:48:16,463 [Thread-775] INFO  impl.FollowerState (FollowerState.java:run(106)) - 0d4e421f-a580-438c-824a-2881e7ce6119:group-7EB238C3CBC3 changes to CANDIDATE, lastRpcTime:5140, electionTimeout:5140ms
2019-09-19 10:48:16,463 [Thread-775] INFO  impl.RoleInfo (RoleInfo.java:shutdownFollowerState(121)) - 0d4e421f-a580-438c-824a-2881e7ce6119: shutdown FollowerState
2019-09-19 10:48:16,463 [Thread-775] INFO  impl.RaftServerImpl (RaftServerImpl.java:setRole(174)) - 0d4e421f-a580-438c-824a-2881e7ce6119@group-7EB238C3CBC3: changes role from  FOLLOWER to CANDIDATE at term 13 for changeToCandidate
2019-09-19 10:48:16,464 [Thread-775] INFO  impl.RoleInfo (RoleInfo.java:updateAndGet(143)) - 0d4e421f-a580-438c-824a-2881e7ce6119: start LeaderElection
2019-09-19 10:48:16,701 [grpc-default-executor-2] INFO  impl.RaftServerProxy (RaftServerProxy.java:remove(95)) - cdd88cb1-716b-4e52-8ddf-d696aacac702: remove    LEADER cdd88cb1-716b-4e52-8ddf-d696aacac702@group-2D6DB24D25B6:t1, leader=cdd88cb1-716b-4e52-8ddf-d696aacac702, voted=cdd88cb1-716b-4e52-8ddf-d696aacac702, raftlog=cdd88cb1-716b-4e52-8ddf-d696aacac702@group-2D6DB24D25B6-SegmentedRaftLog:OPENED:c0,f0,i0, conf=0: [c9baf647-08c3-4366-86b9-39150e9e3608:192.168.5.171:34562, cdd88cb1-716b-4e52-8ddf-d696aacac702:192.168.5.171:38745, 0d4e421f-a580-438c-824a-2881e7ce6119:192.168.5.171:46782], old=null RUNNING
2019-09-19 10:48:16,701 [grpc-default-executor-2] INFO  impl.RaftServerImpl (RaftServerImpl.java:lambda$shutdown$3(251)) - cdd88cb1-716b-4e52-8ddf-d696aacac702@group-2D6DB24D25B6: shutdown
2019-09-19 10:48:16,702 [grpc-default-executor-2] INFO  util.JmxRegister (JmxRegister.java:unregister(73)) - Successfully un-registered JMX Bean with object name Ratis:service=RaftServer,group=group-2D6DB24D25B6,id=cdd88cb1-716b-4e52-8ddf-d696aacac702
2019-09-19 10:48:16,702 [grpc-default-executor-2] INFO  impl.RoleInfo (RoleInfo.java:shutdownLeaderState(104)) - cdd88cb1-716b-4e52-8ddf-d696aacac702: shutdown LeaderState
2019-09-19 10:48:16,706 [org.apache.ratis.server.impl.LogAppender$AppenderDaemon$$Lambda$446/1894878678@4033308d] WARN  server.GrpcLogAppender (GrpcLogAppender.java:mayWait(143)) - cdd88cb1-716b-4e52-8ddf-d696aacac702@group-2D6DB24D25B6->0d4e421f-a580-438c-824a-2881e7ce6119-GrpcLogAppender: Wait interrupted by java.lang.InterruptedException
2019-09-19 10:48:16,708 [org.apache.ratis.server.impl.LogAppender$AppenderDaemon$$Lambda$446/1894878678@452b1c89] WARN  server.GrpcLogAppender (GrpcLogAppender.java:mayWait(143)) - cdd88cb1-716b-4e52-8ddf-d696aacac702@group-2D6DB24D25B6->c9baf647-08c3-4366-86b9-39150e9e3608-GrpcLogAppender: Wait interrupted by java.lang.InterruptedException
2019-09-19 10:48:16,706 [grpc-default-executor-2] INFO  impl.PendingRequests (PendingRequests.java:sendNotLeaderResponses(202)) - cdd88cb1-716b-4e52-8ddf-d696aacac702-PendingRequests: sendNotLeaderResponses
2019-09-19 10:48:16,709 [grpc-default-executor-0] INFO  server.GrpcServerProtocolService (GrpcServerProtocolService.java:onCompleted(113)) - 0d4e421f-a580-438c-824a-2881e7ce6119: Completed APPEND_ENTRIES, lastRequest: cdd88cb1-716b-4e52-8ddf-d696aacac702->0d4e421f-a580-438c-824a-2881e7ce6119#37-t1, previous=(t:1, i:0), leaderCommit=0, initializing? false, entries: <empty>
2019-09-19 10:48:16,709 [grpc-default-executor-2] INFO  impl.StateMachineUpdater (StateMachineUpdater.java:stopAndJoin(125)) - cdd88cb1-716b-4e52-8ddf-d696aacac702@group-2D6DB24D25B6-StateMachineUpdater: set stopIndex = 0
2019-09-19 10:48:16,709 [grpc-default-executor-4] INFO  server.GrpcServerProtocolService (GrpcServerProtocolService.java:onCompleted(113)) - c9baf647-08c3-4366-86b9-39150e9e3608: Completed APPEND_ENTRIES, lastRequest: cdd88cb1-716b-4e52-8ddf-d696aacac702->c9baf647-08c3-4366-86b9-39150e9e3608#38-t1, previous=(t:1, i:0), leaderCommit=0, initializing? false, entries: <empty>
2019-09-19 10:48:16,711 [grpc-default-executor-0] INFO  server.GrpcLogAppender (GrpcLogAppender.java:onCompleted(293)) - cdd88cb1-716b-4e52-8ddf-d696aacac702@group-2D6DB24D25B6->0d4e421f-a580-438c-824a-2881e7ce6119-AppendLogResponseHandler: follower responses appendEntries COMPLETED
2019-09-19 10:48:16,711 [grpc-default-executor-2] INFO  impl.RaftServerImpl (ServerState.java:close(385)) - cdd88cb1-716b-4e52-8ddf-d696aacac702@group-2D6DB24D25B6: closes. applyIndex: 0
2019-09-19 10:48:16,711 [grpc-default-executor-4] INFO  server.GrpcLogAppender (GrpcLogAppender.java:onCompleted(293)) - cdd88cb1-716b-4e52-8ddf-d696aacac702@group-2D6DB24D25B6->c9baf647-08c3-4366-86b9-39150e9e3608-AppendLogResponseHandler: follower responses appendEntries COMPLETED
2019-09-19 10:48:16,712 [cdd88cb1-716b-4e52-8ddf-d696aacac702@group-2D6DB24D25B6-SegmentedRaftLogWorker] INFO  segmented.SegmentedRaftLogWorker (SegmentedRaftLogWorker.java:run(313)) - cdd88cb1-716b-4e52-8ddf-d696aacac702@group-2D6DB24D25B6-SegmentedRaftLogWorker was interrupted, exiting. There are 0 tasks remaining in the queue.
2019-09-19 10:48:16,712 [grpc-default-executor-4] INFO  impl.FollowerInfo (FollowerInfo.java:lambda$new$0(51)) - cdd88cb1-716b-4e52-8ddf-d696aacac702@group-2D6DB24D25B6->c9baf647-08c3-4366-86b9-39150e9e3608: nextIndex: updateUnconditionally 1 -> 0
2019-09-19 10:48:16,712 [grpc-default-executor-0] INFO  impl.FollowerInfo (FollowerInfo.java:lambda$new$0(51)) - cdd88cb1-716b-4e52-8ddf-d696aacac702@group-2D6DB24D25B6->0d4e421f-a580-438c-824a-2881e7ce6119: nextIndex: updateUnconditionally 1 -> 0
2019-09-19 10:48:17,422 [Thread-746] INFO  impl.FollowerState (FollowerState.java:run(106)) - cdd88cb1-716b-4e52-8ddf-d696aacac702:group-2383C1029B5D changes to CANDIDATE, lastRpcTime:7726, electionTimeout:5009ms
2019-09-19 10:48:17,422 [Thread-746] INFO  impl.RoleInfo (RoleInfo.java:shutdownFollowerState(121)) - cdd88cb1-716b-4e52-8ddf-d696aacac702: shutdown FollowerState
2019-09-19 10:48:17,422 [Thread-746] INFO  impl.RaftServerImpl (RaftServerImpl.java:setRole(174)) - cdd88cb1-716b-4e52-8ddf-d696aacac702@group-2383C1029B5D: changes role from  FOLLOWER to CANDIDATE at term 2 for changeToCandidate
2019-09-19 10:48:17,422 [Thread-746] INFO  impl.RoleInfo (RoleInfo.java:updateAndGet(143)) - cdd88cb1-716b-4e52-8ddf-d696aacac702: start LeaderElection
2019-09-19 10:48:17,423 [cdd88cb1-716b-4e52-8ddf-d696aacac702@group-2383C1029B5D:LeaderElection50] INFO  impl.RaftServerImpl (ServerState.java:setLeader(253)) - cdd88cb1-716b-4e52-8ddf-d696aacac702@group-2383C1029B5D: change Leader from 0d4e421f-a580-438c-824a-2881e7ce6119 to null at term 2 for initElection
2019-09-19 10:48:18,741 [grpc-default-executor-2] INFO  segmented.SegmentedRaftLogWorker (SegmentedRaftLogWorker.java:close(228)) - cdd88cb1-716b-4e52-8ddf-d696aacac702@group-2D6DB24D25B6-SegmentedRaftLogWorker close()
2019-09-19 10:48:18,754 [grpc-default-executor-2] INFO  impl.RaftServerProxy (RaftServerProxy.java:remove(95)) - cdd88cb1-716b-4e52-8ddf-d696aacac702: remove CANDIDATE cdd88cb1-716b-4e52-8ddf-d696aacac702@group-2383C1029B5D:t3, leader=null, voted=cdd88cb1-716b-4e52-8ddf-d696aacac702, raftlog=cdd88cb1-716b-4e52-8ddf-d696aacac702@group-2383C1029B5D-SegmentedRaftLog:OPENED:c0,f1,i1, conf=1: [c9baf647-08c3-4366-86b9-39150e9e3608:192.168.5.171:34562, cdd88cb1-716b-4e52-8ddf-d696aacac702:192.168.5.171:38745, 0d4e421f-a580-438c-824a-2881e7ce6119:192.168.5.171:46782], old=null RUNNING
2019-09-19 10:48:18,754 [grpc-default-executor-2] INFO  impl.RaftServerImpl (RaftServerImpl.java:lambda$shutdown$3(251)) - cdd88cb1-716b-4e52-8ddf-d696aacac702@group-2383C1029B5D: shutdown
2019-09-19 10:48:18,755 [grpc-default-executor-2] INFO  util.JmxRegister (JmxRegister.java:unregister(73)) - Successfully un-registered JMX Bean with object name Ratis:service=RaftServer,group=group-2383C1029B5D,id=cdd88cb1-716b-4e52-8ddf-d696aacac702
2019-09-19 10:48:18,755 [grpc-default-executor-2] INFO  impl.RoleInfo (RoleInfo.java:shutdownLeaderElection(134)) - cdd88cb1-716b-4e52-8ddf-d696aacac702: shutdown LeaderElection
2019-09-19 10:48:18,755 [grpc-default-executor-2] INFO  impl.StateMachineUpdater (StateMachineUpdater.java:stopAndJoin(125)) - cdd88cb1-716b-4e52-8ddf-d696aacac702@group-2383C1029B5D-StateMachineUpdater: set stopIndex = 0
2019-09-19 10:48:18,756 [grpc-default-executor-2] INFO  impl.RaftServerImpl (ServerState.java:close(385)) - cdd88cb1-716b-4e52-8ddf-d696aacac702@group-2383C1029B5D: closes. applyIndex: 0
2019-09-19 10:48:18,757 [cdd88cb1-716b-4e52-8ddf-d696aacac702@group-2383C1029B5D-SegmentedRaftLogWorker] INFO  segmented.SegmentedRaftLogWorker (SegmentedRaftLogWorker.java:run(313)) - cdd88cb1-716b-4e52-8ddf-d696aacac702@group-2383C1029B5D-SegmentedRaftLogWorker was interrupted, exiting. There are 0 tasks remaining in the queue.
2019-09-19 10:48:18,760 [grpc-default-executor-2] INFO  segmented.SegmentedRaftLogWorker (SegmentedRaftLogWorker.java:close(228)) - cdd88cb1-716b-4e52-8ddf-d696aacac702@group-2383C1029B5D-SegmentedRaftLogWorker close()
2019-09-19 10:48:22,697 [c9baf647-08c3-4366-86b9-39150e9e3608@group-7EB238C3CBC3:LeaderElection47] INFO  impl.LeaderElection (LeaderElection.java:askForVotes(182)) - c9baf647-08c3-4366-86b9-39150e9e3608@group-7EB238C3CBC3:LeaderElection47: begin an election at term 14 for -1: [c9baf647-08c3-4366-86b9-39150e9e3608:192.168.5.171:34562, cdd88cb1-716b-4e52-8ddf-d696aacac702:192.168.5.171:38745, 0d4e421f-a580-438c-824a-2881e7ce6119:192.168.5.171:46782], old=null
2019-09-19 10:48:22,697 [0d4e421f-a580-438c-824a-2881e7ce6119@group-7EB238C3CBC3:LeaderElection49] INFO  impl.LeaderElection (LeaderElection.java:askForVotes(182)) - 0d4e421f-a580-438c-824a-2881e7ce6119@group-7EB238C3CBC3:LeaderElection49: begin an election at term 14 for -1: [c9baf647-08c3-4366-86b9-39150e9e3608:192.168.5.171:34562, cdd88cb1-716b-4e52-8ddf-d696aacac702:192.168.5.171:38745, 0d4e421f-a580-438c-824a-2881e7ce6119:192.168.5.171:46782], old=null
2019-09-19 10:48:22,697 [cdd88cb1-716b-4e52-8ddf-d696aacac702@group-7EB238C3CBC3:LeaderElection48] INFO  impl.LeaderElection (LeaderElection.java:askForVotes(182)) - cdd88cb1-716b-4e52-8ddf-d696aacac702@group-7EB238C3CBC3:LeaderElection48: begin an election at term 14 for -1: [c9baf647-08c3-4366-86b9-39150e9e3608:192.168.5.171:34562, cdd88cb1-716b-4e52-8ddf-d696aacac702:192.168.5.171:38745, 0d4e421f-a580-438c-824a-2881e7ce6119:192.168.5.171:46782], old=null
2019-09-19 10:48:22,697 [cdd88cb1-716b-4e52-8ddf-d696aacac702@group-2383C1029B5D:LeaderElection50] WARN  util.FileUtils (LogUtils.java:runAndLog(55)) - Failed to Files.move /workdir/hadoop-ozone/ozonefs/target/test-dir/MiniOzoneClusterImpl-a851322c-baef-453f-943c-3a09e8b40232/datanode-1/data/ratis/bc3f8eac-e19f-4a4e-96c7-2383c1029b5d/current/raft-meta.tmp to /workdir/hadoop-ozone/ozonefs/target/test-dir/MiniOzoneClusterImpl-a851322c-baef-453f-943c-3a09e8b40232/datanode-1/data/ratis/bc3f8eac-e19f-4a4e-96c7-2383c1029b5d/current/raft-meta: java.nio.file.NoSuchFileException: /workdir/hadoop-ozone/ozonefs/target/test-dir/MiniOzoneClusterImpl-a851322c-baef-453f-943c-3a09e8b40232/datanode-1/data/ratis/bc3f8eac-e19f-4a4e-96c7-2383c1029b5d/current/raft-meta.tmp
2019-09-19 10:48:22,698 [cdd88cb1-716b-4e52-8ddf-d696aacac702@group-2383C1029B5D:LeaderElection50] WARN  util.AtomicFileOutputStream (AtomicFileOutputStream.java:abort(100)) - Unable to delete tmp file during abort /workdir/hadoop-ozone/ozonefs/target/test-dir/MiniOzoneClusterImpl-a851322c-baef-453f-943c-3a09e8b40232/datanode-1/data/ratis/bc3f8eac-e19f-4a4e-96c7-2383c1029b5d/current/raft-meta.tmp
2019-09-19 10:48:22,699 [cdd88cb1-716b-4e52-8ddf-d696aacac702@group-2383C1029B5D:LeaderElection50] INFO  impl.LeaderElection (LogUtils.java:infoOrTrace(149)) - Failed cdd88cb1-716b-4e52-8ddf-d696aacac702@group-2383C1029B5D:LeaderElection50, state=CLOSING: {}
java.nio.file.NoSuchFileException: /workdir/hadoop-ozone/ozonefs/target/test-dir/MiniOzoneClusterImpl-a851322c-baef-453f-943c-3a09e8b40232/datanode-1/data/ratis/bc3f8eac-e19f-4a4e-96c7-2383c1029b5d/current/raft-meta.tmp
	at sun.nio.fs.UnixException.translateToIOException(UnixException.java:86)
	at sun.nio.fs.UnixException.rethrowAsIOException(UnixException.java:102)
	at sun.nio.fs.UnixException.rethrowAsIOException(UnixException.java:107)
	at sun.nio.fs.UnixCopyFile.move(UnixCopyFile.java:409)
	at sun.nio.fs.UnixFileSystemProvider.move(UnixFileSystemProvider.java:262)
	at java.nio.file.Files.move(Files.java:1395)
	at org.apache.ratis.util.FileUtils.lambda$move$6(FileUtils.java:65)
	at org.apache.ratis.util.LogUtils.runAndLog(LogUtils.java:50)
	at org.apache.ratis.util.FileUtils.move(FileUtils.java:64)
	at org.apache.ratis.util.FileUtils.move(FileUtils.java:60)
	at org.apache.ratis.util.AtomicFileOutputStream.close(AtomicFileOutputStream.java:73)
	at org.apache.ratis.server.storage.MetaFile.writeFile(MetaFile.java:96)
	at org.apache.ratis.server.storage.MetaFile.set(MetaFile.java:75)
	at org.apache.ratis.server.raftlog.segmented.SegmentedRaftLog.writeMetadata(SegmentedRaftLog.java:449)
	at org.apache.ratis.server.impl.ServerState.persistMetadata(ServerState.java:230)
	at org.apache.ratis.server.impl.LeaderElection.askForVotes(LeaderElection.java:180)
	at org.apache.ratis.server.impl.LeaderElection.run(LeaderElection.java:133)
	at java.lang.Thread.run(Thread.java:748)
2019-09-19 10:48:22,699 [cdd88cb1-716b-4e52-8ddf-d696aacac702@group-2383C1029B5D:LeaderElection50] INFO  impl.LeaderElection (LeaderElection.java:run(140)) - cdd88cb1-716b-4e52-8ddf-d696aacac702@group-2383C1029B5D:LeaderElection50: NoSuchFileException is safely ignored since this is already CLOSING
2019-09-19 10:48:22,700 [c9baf647-08c3-4366-86b9-39150e9e3608@group-7EB238C3CBC3:LeaderElection47] INFO  impl.LeaderElection (LeaderElection.java:logAndReturn(56)) - c9baf647-08c3-4366-86b9-39150e9e3608@group-7EB238C3CBC3:LeaderElection47: Election REJECTED; received 2 response(s) [c9baf647-08c3-4366-86b9-39150e9e3608<-cdd88cb1-716b-4e52-8ddf-d696aacac702#0:FAIL-t14, c9baf647-08c3-4366-86b9-39150e9e3608<-0d4e421f-a580-438c-824a-2881e7ce6119#0:FAIL-t14] and 0 exception(s); c9baf647-08c3-4366-86b9-39150e9e3608@group-7EB238C3CBC3:t14, leader=null, voted=c9baf647-08c3-4366-86b9-39150e9e3608, raftlog=c9baf647-08c3-4366-86b9-39150e9e3608@group-7EB238C3CBC3-SegmentedRaftLog:OPENED:c-1,f-1,i0, conf=-1: [c9baf647-08c3-4366-86b9-39150e9e3608:192.168.5.171:34562, cdd88cb1-716b-4e52-8ddf-d696aacac702:192.168.5.171:38745, 0d4e421f-a580-438c-824a-2881e7ce6119:192.168.5.171:46782], old=null
2019-09-19 10:48:22,703 [c9baf647-08c3-4366-86b9-39150e9e3608@group-7EB238C3CBC3:LeaderElection47] INFO  impl.RaftServerImpl (RaftServerImpl.java:setRole(174)) - c9baf647-08c3-4366-86b9-39150e9e3608@group-7EB238C3CBC3: changes role from CANDIDATE to FOLLOWER at term 14 for DISCOVERED_A_NEW_TERM
2019-09-19 10:48:22,703 [c9baf647-08c3-4366-86b9-39150e9e3608@group-7EB238C3CBC3:LeaderElection47] INFO  impl.RoleInfo (RoleInfo.java:shutdownLeaderElection(134)) - c9baf647-08c3-4366-86b9-39150e9e3608: shutdown LeaderElection
2019-09-19 10:48:22,703 [c9baf647-08c3-4366-86b9-39150e9e3608@group-7EB238C3CBC3:LeaderElection47] INFO  impl.RoleInfo (RoleInfo.java:updateAndGet(143)) - c9baf647-08c3-4366-86b9-39150e9e3608: start FollowerState
2019-09-19 10:48:22,703 [0d4e421f-a580-438c-824a-2881e7ce6119@group-7EB238C3CBC3:LeaderElection49] INFO  impl.LeaderElection (LeaderElection.java:logAndReturn(56)) - 0d4e421f-a580-438c-824a-2881e7ce6119@group-7EB238C3CBC3:LeaderElection49: Election REJECTED; received 2 response(s) [0d4e421f-a580-438c-824a-2881e7ce6119<-c9baf647-08c3-4366-86b9-39150e9e3608#0:FAIL-t14, 0d4e421f-a580-438c-824a-2881e7ce6119<-cdd88cb1-716b-4e52-8ddf-d696aacac702#0:FAIL-t14] and 0 exception(s); 0d4e421f-a580-438c-824a-2881e7ce6119@group-7EB238C3CBC3:t14, leader=null, voted=0d4e421f-a580-438c-824a-2881e7ce6119, raftlog=0d4e421f-a580-438c-824a-2881e7ce6119@group-7EB238C3CBC3-SegmentedRaftLog:OPENED:c-1,f-1,i0, conf=-1: [c9baf647-08c3-4366-86b9-39150e9e3608:192.168.5.171:34562, cdd88cb1-716b-4e52-8ddf-d696aacac702:192.168.5.171:38745, 0d4e421f-a580-438c-824a-2881e7ce6119:192.168.5.171:46782], old=null
2019-09-19 10:48:22,705 [0d4e421f-a580-438c-824a-2881e7ce6119@group-7EB238C3CBC3:LeaderElection49] INFO  impl.RaftServerImpl (RaftServerImpl.java:setRole(174)) - 0d4e421f-a580-438c-824a-2881e7ce6119@group-7EB238C3CBC3: changes role from CANDIDATE to FOLLOWER at term 14 for DISCOVERED_A_NEW_TERM
2019-09-19 10:48:22,705 [0d4e421f-a580-438c-824a-2881e7ce6119@group-7EB238C3CBC3:LeaderElection49] INFO  impl.RoleInfo (RoleInfo.java:shutdownLeaderElection(134)) - 0d4e421f-a580-438c-824a-2881e7ce6119: shutdown LeaderElection
2019-09-19 10:48:22,705 [0d4e421f-a580-438c-824a-2881e7ce6119@group-7EB238C3CBC3:LeaderElection49] INFO  impl.RoleInfo (RoleInfo.java:updateAndGet(143)) - 0d4e421f-a580-438c-824a-2881e7ce6119: start FollowerState
2019-09-19 10:48:22,707 [cdd88cb1-716b-4e52-8ddf-d696aacac702@group-7EB238C3CBC3:LeaderElection48] INFO  impl.LeaderElection (LeaderElection.java:logAndReturn(56)) - cdd88cb1-716b-4e52-8ddf-d696aacac702@group-7EB238C3CBC3:LeaderElection48: Election REJECTED; received 2 response(s) [cdd88cb1-716b-4e52-8ddf-d696aacac702<-c9baf647-08c3-4366-86b9-39150e9e3608#0:FAIL-t14, cdd88cb1-716b-4e52-8ddf-d696aacac702<-0d4e421f-a580-438c-824a-2881e7ce6119#0:FAIL-t14] and 0 exception(s); cdd88cb1-716b-4e52-8ddf-d696aacac702@group-7EB238C3CBC3:t14, leader=null, voted=cdd88cb1-716b-4e52-8ddf-d696aacac702, raftlog=cdd88cb1-716b-4e52-8ddf-d696aacac702@group-7EB238C3CBC3-SegmentedRaftLog:OPENED:c-1,f-1,i0, conf=-1: [c9baf647-08c3-4366-86b9-39150e9e3608:192.168.5.171:34562, cdd88cb1-716b-4e52-8ddf-d696aacac702:192.168.5.171:38745, 0d4e421f-a580-438c-824a-2881e7ce6119:192.168.5.171:46782], old=null
2019-09-19 10:48:22,708 [cdd88cb1-716b-4e52-8ddf-d696aacac702@group-7EB238C3CBC3:LeaderElection48] INFO  impl.RaftServerImpl (RaftServerImpl.java:setRole(174)) - cdd88cb1-716b-4e52-8ddf-d696aacac702@group-7EB238C3CBC3: changes role from CANDIDATE to FOLLOWER at term 14 for DISCOVERED_A_NEW_TERM
2019-09-19 10:48:22,708 [cdd88cb1-716b-4e52-8ddf-d696aacac702@group-7EB238C3CBC3:LeaderElection48] INFO  impl.RoleInfo (RoleInfo.java:shutdownLeaderElection(134)) - cdd88cb1-716b-4e52-8ddf-d696aacac702: shutdown LeaderElection
2019-09-19 10:48:22,708 [cdd88cb1-716b-4e52-8ddf-d696aacac702@group-7EB238C3CBC3:LeaderElection48] INFO  impl.RoleInfo (RoleInfo.java:updateAndGet(143)) - cdd88cb1-716b-4e52-8ddf-d696aacac702: start FollowerState
2019-09-19 10:48:27,823 [Thread-812] INFO  impl.FollowerState (FollowerState.java:run(106)) - cdd88cb1-716b-4e52-8ddf-d696aacac702:group-7EB238C3CBC3 changes to CANDIDATE, lastRpcTime:5114, electionTimeout:5114ms
2019-09-19 10:48:27,827 [Thread-812] INFO  impl.RoleInfo (RoleInfo.java:shutdownFollowerState(121)) - cdd88cb1-716b-4e52-8ddf-d696aacac702: shutdown FollowerState
2019-09-19 10:48:27,828 [Thread-812] INFO  impl.RaftServerImpl (RaftServerImpl.java:setRole(174)) - cdd88cb1-716b-4e52-8ddf-d696aacac702@group-7EB238C3CBC3: changes role from  FOLLOWER to CANDIDATE at term 14 for changeToCandidate
2019-09-19 10:48:27,828 [Thread-812] INFO  impl.RoleInfo (RoleInfo.java:updateAndGet(143)) - cdd88cb1-716b-4e52-8ddf-d696aacac702: start LeaderElection
2019-09-19 10:48:27,831 [Thread-810] INFO  impl.FollowerState (FollowerState.java:run(106)) - c9baf647-08c3-4366-86b9-39150e9e3608:group-7EB238C3CBC3 changes to CANDIDATE, lastRpcTime:5128, electionTimeout:5128ms
2019-09-19 10:48:27,831 [Thread-810] INFO  impl.RoleInfo (RoleInfo.java:shutdownFollowerState(121)) - c9baf647-08c3-4366-86b9-39150e9e3608: shutdown FollowerState
2019-09-19 10:48:27,832 [Thread-810] INFO  impl.RaftServerImpl (RaftServerImpl.java:setRole(174)) - c9baf647-08c3-4366-86b9-39150e9e3608@group-7EB238C3CBC3: changes role from  FOLLOWER to CANDIDATE at term 14 for changeToCandidate
2019-09-19 10:48:27,832 [Thread-810] INFO  impl.RoleInfo (RoleInfo.java:updateAndGet(143)) - c9baf647-08c3-4366-86b9-39150e9e3608: start LeaderElection
2019-09-19 10:48:27,895 [Thread-811] INFO  impl.FollowerState (FollowerState.java:run(106)) - 0d4e421f-a580-438c-824a-2881e7ce6119:group-7EB238C3CBC3 changes to CANDIDATE, lastRpcTime:5189, electionTimeout:5189ms
2019-09-19 10:48:27,895 [Thread-811] INFO  impl.RoleInfo (RoleInfo.java:shutdownFollowerState(121)) - 0d4e421f-a580-438c-824a-2881e7ce6119: shutdown FollowerState
2019-09-19 10:48:27,895 [Thread-811] INFO  impl.RaftServerImpl (RaftServerImpl.java:setRole(174)) - 0d4e421f-a580-438c-824a-2881e7ce6119@group-7EB238C3CBC3: changes role from  FOLLOWER to CANDIDATE at term 14 for changeToCandidate
2019-09-19 10:48:27,895 [Thread-811] INFO  impl.RoleInfo (RoleInfo.java:updateAndGet(143)) - 0d4e421f-a580-438c-824a-2881e7ce6119: start LeaderElection
2019-09-19 10:48:28,004 [c9baf647-08c3-4366-86b9-39150e9e3608@group-7EB238C3CBC3:LeaderElection52] INFO  impl.LeaderElection (LeaderElection.java:askForVotes(182)) - c9baf647-08c3-4366-86b9-39150e9e3608@group-7EB238C3CBC3:LeaderElection52: begin an election at term 15 for -1: [c9baf647-08c3-4366-86b9-39150e9e3608:192.168.5.171:34562, cdd88cb1-716b-4e52-8ddf-d696aacac702:192.168.5.171:38745, 0d4e421f-a580-438c-824a-2881e7ce6119:192.168.5.171:46782], old=null
2019-09-19 10:48:28,020 [cdd88cb1-716b-4e52-8ddf-d696aacac702@group-7EB238C3CBC3:LeaderElection51] INFO  impl.LeaderElection (LeaderElection.java:askForVotes(182)) - cdd88cb1-716b-4e52-8ddf-d696aacac702@group-7EB238C3CBC3:LeaderElection51: begin an election at term 15 for -1: [c9baf647-08c3-4366-86b9-39150e9e3608:192.168.5.171:34562, cdd88cb1-716b-4e52-8ddf-d696aacac702:192.168.5.171:38745, 0d4e421f-a580-438c-824a-2881e7ce6119:192.168.5.171:46782], old=null
2019-09-19 10:48:28,042 [0d4e421f-a580-438c-824a-2881e7ce6119@group-7EB238C3CBC3:LeaderElection53] INFO  impl.LeaderElection (LeaderElection.java:askForVotes(182)) - 0d4e421f-a580-438c-824a-2881e7ce6119@group-7EB238C3CBC3:LeaderElection53: begin an election at term 15 for -1: [c9baf647-08c3-4366-86b9-39150e9e3608:192.168.5.171:34562, cdd88cb1-716b-4e52-8ddf-d696aacac702:192.168.5.171:38745, 0d4e421f-a580-438c-824a-2881e7ce6119:192.168.5.171:46782], old=null
2019-09-19 10:48:28,043 [cdd88cb1-716b-4e52-8ddf-d696aacac702@group-7EB238C3CBC3:LeaderElection51] INFO  impl.LeaderElection (LeaderElection.java:logAndReturn(56)) - cdd88cb1-716b-4e52-8ddf-d696aacac702@group-7EB238C3CBC3:LeaderElection51: Election REJECTED; received 2 response(s) [cdd88cb1-716b-4e52-8ddf-d696aacac702<-c9baf647-08c3-4366-86b9-39150e9e3608#0:FAIL-t15, cdd88cb1-716b-4e52-8ddf-d696aacac702<-0d4e421f-a580-438c-824a-2881e7ce6119#0:FAIL-t15] and 0 exception(s); cdd88cb1-716b-4e52-8ddf-d696aacac702@group-7EB238C3CBC3:t15, leader=null, voted=cdd88cb1-716b-4e52-8ddf-d696aacac702, raftlog=cdd88cb1-716b-4e52-8ddf-d696aacac702@group-7EB238C3CBC3-SegmentedRaftLog:OPENED:c-1,f-1,i0, conf=-1: [c9baf647-08c3-4366-86b9-39150e9e3608:192.168.5.171:34562, cdd88cb1-716b-4e52-8ddf-d696aacac702:192.168.5.171:38745, 0d4e421f-a580-438c-824a-2881e7ce6119:192.168.5.171:46782], old=null
2019-09-19 10:48:28,043 [c9baf647-08c3-4366-86b9-39150e9e3608@group-7EB238C3CBC3:LeaderElection52] INFO  impl.LeaderElection (LeaderElection.java:logAndReturn(56)) - c9baf647-08c3-4366-86b9-39150e9e3608@group-7EB238C3CBC3:LeaderElection52: Election REJECTED; received 2 response(s) [c9baf647-08c3-4366-86b9-39150e9e3608<-cdd88cb1-716b-4e52-8ddf-d696aacac702#0:FAIL-t15, c9baf647-08c3-4366-86b9-39150e9e3608<-0d4e421f-a580-438c-824a-2881e7ce6119#0:FAIL-t15] and 0 exception(s); c9baf647-08c3-4366-86b9-39150e9e3608@group-7EB238C3CBC3:t15, leader=null, voted=c9baf647-08c3-4366-86b9-39150e9e3608, raftlog=c9baf647-08c3-4366-86b9-39150e9e3608@group-7EB238C3CBC3-SegmentedRaftLog:OPENED:c-1,f-1,i0, conf=-1: [c9baf647-08c3-4366-86b9-39150e9e3608:192.168.5.171:34562, cdd88cb1-716b-4e52-8ddf-d696aacac702:192.168.5.171:38745, 0d4e421f-a580-438c-824a-2881e7ce6119:192.168.5.171:46782], old=null
2019-09-19 10:48:28,043 [cdd88cb1-716b-4e52-8ddf-d696aacac702@group-7EB238C3CBC3:LeaderElection51] INFO  impl.RaftServerImpl (RaftServerImpl.java:setRole(174)) - cdd88cb1-716b-4e52-8ddf-d696aacac702@group-7EB238C3CBC3: changes role from CANDIDATE to FOLLOWER at term 15 for DISCOVERED_A_NEW_TERM
2019-09-19 10:48:28,045 [c9baf647-08c3-4366-86b9-39150e9e3608@group-7EB238C3CBC3:LeaderElection52] INFO  impl.RaftServerImpl (RaftServerImpl.java:setRole(174)) - c9baf647-08c3-4366-86b9-39150e9e3608@group-7EB238C3CBC3: changes role from CANDIDATE to FOLLOWER at term 15 for DISCOVERED_A_NEW_TERM
2019-09-19 10:48:28,047 [c9baf647-08c3-4366-86b9-39150e9e3608@group-7EB238C3CBC3:LeaderElection52] INFO  impl.RoleInfo (RoleInfo.java:shutdownLeaderElection(134)) - c9baf647-08c3-4366-86b9-39150e9e3608: shutdown LeaderElection
2019-09-19 10:48:28,046 [cdd88cb1-716b-4e52-8ddf-d696aacac702@group-7EB238C3CBC3:LeaderElection51] INFO  impl.RoleInfo (RoleInfo.java:shutdownLeaderElection(134)) - cdd88cb1-716b-4e52-8ddf-d696aacac702: shutdown LeaderElection
2019-09-19 10:48:28,048 [c9baf647-08c3-4366-86b9-39150e9e3608@group-7EB238C3CBC3:LeaderElection52] INFO  impl.RoleInfo (RoleInfo.java:updateAndGet(143)) - c9baf647-08c3-4366-86b9-39150e9e3608: start FollowerState
2019-09-19 10:48:28,048 [cdd88cb1-716b-4e52-8ddf-d696aacac702@group-7EB238C3CBC3:LeaderElection51] INFO  impl.RoleInfo (RoleInfo.java:updateAndGet(143)) - cdd88cb1-716b-4e52-8ddf-d696aacac702: start FollowerState
2019-09-19 10:48:28,049 [0d4e421f-a580-438c-824a-2881e7ce6119@group-7EB238C3CBC3:LeaderElection53] INFO  impl.LeaderElection (LeaderElection.java:logAndReturn(56)) - 0d4e421f-a580-438c-824a-2881e7ce6119@group-7EB238C3CBC3:LeaderElection53: Election REJECTED; received 2 response(s) [0d4e421f-a580-438c-824a-2881e7ce6119<-c9baf647-08c3-4366-86b9-39150e9e3608#0:FAIL-t15, 0d4e421f-a580-438c-824a-2881e7ce6119<-cdd88cb1-716b-4e52-8ddf-d696aacac702#0:FAIL-t15] and 0 exception(s); 0d4e421f-a580-438c-824a-2881e7ce6119@group-7EB238C3CBC3:t15, leader=null, voted=0d4e421f-a580-438c-824a-2881e7ce6119, raftlog=0d4e421f-a580-438c-824a-2881e7ce6119@group-7EB238C3CBC3-SegmentedRaftLog:OPENED:c-1,f-1,i0, conf=-1: [c9baf647-08c3-4366-86b9-39150e9e3608:192.168.5.171:34562, cdd88cb1-716b-4e52-8ddf-d696aacac702:192.168.5.171:38745, 0d4e421f-a580-438c-824a-2881e7ce6119:192.168.5.171:46782], old=null
2019-09-19 10:48:28,049 [0d4e421f-a580-438c-824a-2881e7ce6119@group-7EB238C3CBC3:LeaderElection53] INFO  impl.RaftServerImpl (RaftServerImpl.java:setRole(174)) - 0d4e421f-a580-438c-824a-2881e7ce6119@group-7EB238C3CBC3: changes role from CANDIDATE to FOLLOWER at term 15 for DISCOVERED_A_NEW_TERM
2019-09-19 10:48:28,049 [0d4e421f-a580-438c-824a-2881e7ce6119@group-7EB238C3CBC3:LeaderElection53] INFO  impl.RoleInfo (RoleInfo.java:shutdownLeaderElection(134)) - 0d4e421f-a580-438c-824a-2881e7ce6119: shutdown LeaderElection
2019-09-19 10:48:28,050 [0d4e421f-a580-438c-824a-2881e7ce6119@group-7EB238C3CBC3:LeaderElection53] INFO  impl.RoleInfo (RoleInfo.java:updateAndGet(143)) - 0d4e421f-a580-438c-824a-2881e7ce6119: start FollowerState
2019-09-19 10:48:33,127 [Thread-839] INFO  impl.FollowerState (FollowerState.java:run(106)) - 0d4e421f-a580-438c-824a-2881e7ce6119:group-7EB238C3CBC3 changes to CANDIDATE, lastRpcTime:5077, electionTimeout:5077ms
2019-09-19 10:48:33,130 [Thread-839] INFO  impl.RoleInfo (RoleInfo.java:shutdownFollowerState(121)) - 0d4e421f-a580-438c-824a-2881e7ce6119: shutdown FollowerState
2019-09-19 10:48:33,130 [Thread-839] INFO  impl.RaftServerImpl (RaftServerImpl.java:setRole(174)) - 0d4e421f-a580-438c-824a-2881e7ce6119@group-7EB238C3CBC3: changes role from  FOLLOWER to CANDIDATE at term 15 for changeToCandidate
2019-09-19 10:48:33,130 [Thread-839] INFO  impl.RoleInfo (RoleInfo.java:updateAndGet(143)) - 0d4e421f-a580-438c-824a-2881e7ce6119: start LeaderElection
2019-09-19 10:48:33,229 [Thread-838] INFO  impl.FollowerState (FollowerState.java:run(106)) - cdd88cb1-716b-4e52-8ddf-d696aacac702:group-7EB238C3CBC3 changes to CANDIDATE, lastRpcTime:5180, electionTimeout:5180ms
2019-09-19 10:48:33,229 [Thread-838] INFO  impl.RoleInfo (RoleInfo.java:shutdownFollowerState(121)) - cdd88cb1-716b-4e52-8ddf-d696aacac702: shutdown FollowerState
2019-09-19 10:48:33,229 [Thread-838] INFO  impl.RaftServerImpl (RaftServerImpl.java:setRole(174)) - cdd88cb1-716b-4e52-8ddf-d696aacac702@group-7EB238C3CBC3: changes role from  FOLLOWER to CANDIDATE at term 15 for changeToCandidate
2019-09-19 10:48:33,229 [Thread-838] INFO  impl.RoleInfo (RoleInfo.java:updateAndGet(143)) - cdd88cb1-716b-4e52-8ddf-d696aacac702: start LeaderElection
2019-09-19 10:48:33,236 [Thread-837] INFO  impl.FollowerState (FollowerState.java:run(106)) - c9baf647-08c3-4366-86b9-39150e9e3608:group-7EB238C3CBC3 changes to CANDIDATE, lastRpcTime:5188, electionTimeout:5188ms
2019-09-19 10:48:33,236 [Thread-837] INFO  impl.RoleInfo (RoleInfo.java:shutdownFollowerState(121)) - c9baf647-08c3-4366-86b9-39150e9e3608: shutdown FollowerState
2019-09-19 10:48:33,237 [Thread-837] INFO  impl.RaftServerImpl (RaftServerImpl.java:setRole(174)) - c9baf647-08c3-4366-86b9-39150e9e3608@group-7EB238C3CBC3: changes role from  FOLLOWER to CANDIDATE at term 15 for changeToCandidate
2019-09-19 10:48:33,237 [Thread-837] INFO  impl.RoleInfo (RoleInfo.java:updateAndGet(143)) - c9baf647-08c3-4366-86b9-39150e9e3608: start LeaderElection
2019-09-19 10:48:33,241 [0d4e421f-a580-438c-824a-2881e7ce6119@group-7EB238C3CBC3:LeaderElection54] INFO  impl.LeaderElection (LeaderElection.java:askForVotes(182)) - 0d4e421f-a580-438c-824a-2881e7ce6119@group-7EB238C3CBC3:LeaderElection54: begin an election at term 16 for -1: [c9baf647-08c3-4366-86b9-39150e9e3608:192.168.5.171:34562, cdd88cb1-716b-4e52-8ddf-d696aacac702:192.168.5.171:38745, 0d4e421f-a580-438c-824a-2881e7ce6119:192.168.5.171:46782], old=null
2019-09-19 10:48:34,142 [cdd88cb1-716b-4e52-8ddf-d696aacac702@group-7EB238C3CBC3:LeaderElection55] INFO  impl.LeaderElection (LeaderElection.java:askForVotes(182)) - cdd88cb1-716b-4e52-8ddf-d696aacac702@group-7EB238C3CBC3:LeaderElection55: begin an election at term 16 for -1: [c9baf647-08c3-4366-86b9-39150e9e3608:192.168.5.171:34562, cdd88cb1-716b-4e52-8ddf-d696aacac702:192.168.5.171:38745, 0d4e421f-a580-438c-824a-2881e7ce6119:192.168.5.171:46782], old=null
2019-09-19 10:48:34,142 [c9baf647-08c3-4366-86b9-39150e9e3608@group-7EB238C3CBC3:LeaderElection56] INFO  impl.LeaderElection (LeaderElection.java:askForVotes(182)) - c9baf647-08c3-4366-86b9-39150e9e3608@group-7EB238C3CBC3:LeaderElection56: begin an election at term 16 for -1: [c9baf647-08c3-4366-86b9-39150e9e3608:192.168.5.171:34562, cdd88cb1-716b-4e52-8ddf-d696aacac702:192.168.5.171:38745, 0d4e421f-a580-438c-824a-2881e7ce6119:192.168.5.171:46782], old=null
2019-09-19 10:48:34,143 [0d4e421f-a580-438c-824a-2881e7ce6119@group-7EB238C3CBC3:LeaderElection54] INFO  impl.LeaderElection (LeaderElection.java:logAndReturn(56)) - 0d4e421f-a580-438c-824a-2881e7ce6119@group-7EB238C3CBC3:LeaderElection54: Election REJECTED; received 2 response(s) [0d4e421f-a580-438c-824a-2881e7ce6119<-c9baf647-08c3-4366-86b9-39150e9e3608#0:FAIL-t16, 0d4e421f-a580-438c-824a-2881e7ce6119<-cdd88cb1-716b-4e52-8ddf-d696aacac702#0:FAIL-t16] and 0 exception(s); 0d4e421f-a580-438c-824a-2881e7ce6119@group-7EB238C3CBC3:t16, leader=null, voted=0d4e421f-a580-438c-824a-2881e7ce6119, raftlog=0d4e421f-a580-438c-824a-2881e7ce6119@group-7EB238C3CBC3-SegmentedRaftLog:OPENED:c-1,f-1,i0, conf=-1: [c9baf647-08c3-4366-86b9-39150e9e3608:192.168.5.171:34562, cdd88cb1-716b-4e52-8ddf-d696aacac702:192.168.5.171:38745, 0d4e421f-a580-438c-824a-2881e7ce6119:192.168.5.171:46782], old=null
2019-09-19 10:48:34,143 [0d4e421f-a580-438c-824a-2881e7ce6119@group-7EB238C3CBC3:LeaderElection54] INFO  impl.RaftServerImpl (RaftServerImpl.java:setRole(174)) - 0d4e421f-a580-438c-824a-2881e7ce6119@group-7EB238C3CBC3: changes role from CANDIDATE to FOLLOWER at term 16 for DISCOVERED_A_NEW_TERM
2019-09-19 10:48:34,144 [0d4e421f-a580-438c-824a-2881e7ce6119@group-7EB238C3CBC3:LeaderElection54] INFO  impl.RoleInfo (RoleInfo.java:shutdownLeaderElection(134)) - 0d4e421f-a580-438c-824a-2881e7ce6119: shutdown LeaderElection
2019-09-19 10:48:34,144 [0d4e421f-a580-438c-824a-2881e7ce6119@group-7EB238C3CBC3:LeaderElection54] INFO  impl.RoleInfo (RoleInfo.java:updateAndGet(143)) - 0d4e421f-a580-438c-824a-2881e7ce6119: start FollowerState
2019-09-19 10:48:34,146 [c9baf647-08c3-4366-86b9-39150e9e3608@group-7EB238C3CBC3:LeaderElection56] INFO  impl.LeaderElection (LeaderElection.java:logAndReturn(56)) - c9baf647-08c3-4366-86b9-39150e9e3608@group-7EB238C3CBC3:LeaderElection56: Election REJECTED; received 2 response(s) [c9baf647-08c3-4366-86b9-39150e9e3608<-cdd88cb1-716b-4e52-8ddf-d696aacac702#0:FAIL-t16, c9baf647-08c3-4366-86b9-39150e9e3608<-0d4e421f-a580-438c-824a-2881e7ce6119#0:FAIL-t16] and 0 exception(s); c9baf647-08c3-4366-86b9-39150e9e3608@group-7EB238C3CBC3:t16, leader=null, voted=c9baf647-08c3-4366-86b9-39150e9e3608, raftlog=c9baf647-08c3-4366-86b9-39150e9e3608@group-7EB238C3CBC3-SegmentedRaftLog:OPENED:c-1,f-1,i0, conf=-1: [c9baf647-08c3-4366-86b9-39150e9e3608:192.168.5.171:34562, cdd88cb1-716b-4e52-8ddf-d696aacac702:192.168.5.171:38745, 0d4e421f-a580-438c-824a-2881e7ce6119:192.168.5.171:46782], old=null
2019-09-19 10:48:34,148 [c9baf647-08c3-4366-86b9-39150e9e3608@group-7EB238C3CBC3:LeaderElection56] INFO  impl.RaftServerImpl (RaftServerImpl.java:setRole(174)) - c9baf647-08c3-4366-86b9-39150e9e3608@group-7EB238C3CBC3: changes role from CANDIDATE to FOLLOWER at term 16 for DISCOVERED_A_NEW_TERM
2019-09-19 10:48:34,148 [c9baf647-08c3-4366-86b9-39150e9e3608@group-7EB238C3CBC3:LeaderElection56] INFO  impl.RoleInfo (RoleInfo.java:shutdownLeaderElection(134)) - c9baf647-08c3-4366-86b9-39150e9e3608: shutdown LeaderElection
2019-09-19 10:48:34,149 [c9baf647-08c3-4366-86b9-39150e9e3608@group-7EB238C3CBC3:LeaderElection56] INFO  impl.RoleInfo (RoleInfo.java:updateAndGet(143)) - c9baf647-08c3-4366-86b9-39150e9e3608: start FollowerState
2019-09-19 10:48:34,149 [cdd88cb1-716b-4e52-8ddf-d696aacac702@group-7EB238C3CBC3:LeaderElection55] INFO  impl.LeaderElection (LeaderElection.java:logAndReturn(56)) - cdd88cb1-716b-4e52-8ddf-d696aacac702@group-7EB238C3CBC3:LeaderElection55: Election REJECTED; received 2 response(s) [cdd88cb1-716b-4e52-8ddf-d696aacac702<-c9baf647-08c3-4366-86b9-39150e9e3608#0:FAIL-t16, cdd88cb1-716b-4e52-8ddf-d696aacac702<-0d4e421f-a580-438c-824a-2881e7ce6119#0:FAIL-t16] and 0 exception(s); cdd88cb1-716b-4e52-8ddf-d696aacac702@group-7EB238C3CBC3:t16, leader=null, voted=cdd88cb1-716b-4e52-8ddf-d696aacac702, raftlog=cdd88cb1-716b-4e52-8ddf-d696aacac702@group-7EB238C3CBC3-SegmentedRaftLog:OPENED:c-1,f-1,i0, conf=-1: [c9baf647-08c3-4366-86b9-39150e9e3608:192.168.5.171:34562, cdd88cb1-716b-4e52-8ddf-d696aacac702:192.168.5.171:38745, 0d4e421f-a580-438c-824a-2881e7ce6119:192.168.5.171:46782], old=null
2019-09-19 10:48:34,151 [cdd88cb1-716b-4e52-8ddf-d696aacac702@group-7EB238C3CBC3:LeaderElection55] INFO  impl.RaftServerImpl (RaftServerImpl.java:setRole(174)) - cdd88cb1-716b-4e52-8ddf-d696aacac702@group-7EB238C3CBC3: changes role from CANDIDATE to FOLLOWER at term 16 for DISCOVERED_A_NEW_TERM
2019-09-19 10:48:34,151 [cdd88cb1-716b-4e52-8ddf-d696aacac702@group-7EB238C3CBC3:LeaderElection55] INFO  impl.RoleInfo (RoleInfo.java:shutdownLeaderElection(134)) - cdd88cb1-716b-4e52-8ddf-d696aacac702: shutdown LeaderElection
2019-09-19 10:48:34,151 [cdd88cb1-716b-4e52-8ddf-d696aacac702@group-7EB238C3CBC3:LeaderElection55] INFO  impl.RoleInfo (RoleInfo.java:updateAndGet(143)) - cdd88cb1-716b-4e52-8ddf-d696aacac702: start FollowerState
2019-09-19 10:48:37,809 [grpc-default-executor-2] INFO  impl.RaftServerProxy (RaftServerProxy.java:addNew(89)) - 0d4e421f-a580-438c-824a-2881e7ce6119: addNew group-940FC2D61507:[0d4e421f-a580-438c-824a-2881e7ce6119:192.168.5.171:46782] returns group-940FC2D61507:java.util.concurrent.CompletableFuture@3de24985[Not completed]
2019-09-19 10:48:37,815 [pool-27-thread-1] INFO  impl.RaftServerImpl (RaftServerImpl.java:<init>(95)) - 0d4e421f-a580-438c-824a-2881e7ce6119: new RaftServerImpl for group-940FC2D61507:[0d4e421f-a580-438c-824a-2881e7ce6119:192.168.5.171:46782] with ContainerStateMachine:uninitialized
2019-09-19 10:48:37,815 [pool-27-thread-1] INFO  server.RaftServerConfigKeys (ConfUtils.java:logGet(43)) - raft.server.rpc.timeout.min = 5s (custom)
2019-09-19 10:48:37,816 [pool-27-thread-1] INFO  server.RaftServerConfigKeys (ConfUtils.java:logGet(43)) - raft.server.rpc.timeout.max = 5200ms (custom)
2019-09-19 10:48:37,816 [pool-27-thread-1] INFO  server.RaftServerConfigKeys (ConfUtils.java:logGet(43)) - raft.server.rpcslowness.timeout = 120s (custom)
2019-09-19 10:48:37,816 [pool-27-thread-1] INFO  server.RaftServerConfigKeys (ConfUtils.java:logGet(43)) - raft.server.sleep.deviation.threshold = 300 (default)
2019-09-19 10:48:37,816 [pool-27-thread-1] INFO  server.RaftServerConfigKeys (ConfUtils.java:logGet(43)) - raft.server.log.appender.install.snapshot.enabled = false (custom)
2019-09-19 10:48:37,816 [pool-27-thread-1] INFO  impl.RaftServerImpl (ServerState.java:<init>(103)) - 0d4e421f-a580-438c-824a-2881e7ce6119@group-940FC2D61507: ConfigurationManager, init=-1: [0d4e421f-a580-438c-824a-2881e7ce6119:192.168.5.171:46782], old=null, confs=<EMPTY_MAP>
2019-09-19 10:48:37,817 [pool-27-thread-1] INFO  server.RaftServerConfigKeys (ConfUtils.java:logGet(43)) - raft.server.storage.dir = [/workdir/hadoop-ozone/ozonefs/target/test-dir/MiniOzoneClusterImpl-a851322c-baef-453f-943c-3a09e8b40232/datanode-0/data/ratis] (custom)
2019-09-19 10:48:37,817 [pool-27-thread-1] INFO  storage.RaftStorageDirectory (RaftStorageDirectory.java:analyzeStorage(246)) - The storage directory /workdir/hadoop-ozone/ozonefs/target/test-dir/MiniOzoneClusterImpl-a851322c-baef-453f-943c-3a09e8b40232/datanode-0/data/ratis/73c54eed-cc7e-43c9-864a-940fc2d61507 does not exist. Creating ...
2019-09-19 10:48:38,002 [pool-27-thread-1] INFO  storage.RaftStorageDirectory (RaftStorageDirectory.java:tryLock(328)) - Lock on /workdir/hadoop-ozone/ozonefs/target/test-dir/MiniOzoneClusterImpl-a851322c-baef-453f-943c-3a09e8b40232/datanode-0/data/ratis/73c54eed-cc7e-43c9-864a-940fc2d61507/in_use.lock acquired by nodename 2159@pr-hdds-1054-s6xkv-2432930293
2019-09-19 10:48:38,426 [pool-27-thread-1] INFO  storage.RaftStorage (RaftStorage.java:format(72)) - Storage directory /workdir/hadoop-ozone/ozonefs/target/test-dir/MiniOzoneClusterImpl-a851322c-baef-453f-943c-3a09e8b40232/datanode-0/data/ratis/73c54eed-cc7e-43c9-864a-940fc2d61507 has been successfully formatted.
2019-09-19 10:48:38,427 [pool-27-thread-1] INFO  ratis.ContainerStateMachine (ContainerStateMachine.java:loadSnapshot(230)) - group-940FC2D61507: The snapshot info is null. Setting the last applied indexto:(t:0, i:~)
2019-09-19 10:48:38,427 [pool-27-thread-1] INFO  server.RaftServerConfigKeys (ConfUtils.java:logGet(43)) - raft.server.notification.no-leader.timeout = 120s (custom)
2019-09-19 10:48:38,428 [pool-27-thread-1] INFO  server.RaftServerConfigKeys (ConfUtils.java:logGet(43)) - raft.server.log.use.memory = false (default)
2019-09-19 10:48:38,428 [pool-27-thread-1] INFO  server.RaftServerConfigKeys (ConfUtils.java:logGet(43)) - raft.server.log.purge.gap = 1000000 (custom)
2019-09-19 10:48:38,428 [pool-27-thread-1] INFO  server.RaftServerConfigKeys (ConfUtils.java:logGet(43)) - raft.server.log.appender.buffer.byte-limit = 33554432 (custom)
2019-09-19 10:48:38,428 [pool-27-thread-1] INFO  server.RaftServerConfigKeys (ConfUtils.java:logGet(43)) - raft.server.log.segment.size.max = 1048576 (custom)
2019-09-19 10:48:38,428 [pool-27-thread-1] INFO  server.RaftServerConfigKeys (ConfUtils.java:logGet(43)) - raft.server.log.segment.cache.num.max = 2 (custom)
2019-09-19 10:48:38,429 [pool-27-thread-1] INFO  segmented.SegmentedRaftLogWorker (SegmentedRaftLogWorker.java:<init>(172)) - new 0d4e421f-a580-438c-824a-2881e7ce6119@group-940FC2D61507-SegmentedRaftLogWorker for RaftStorage:Storage Directory /workdir/hadoop-ozone/ozonefs/target/test-dir/MiniOzoneClusterImpl-a851322c-baef-453f-943c-3a09e8b40232/datanode-0/data/ratis/73c54eed-cc7e-43c9-864a-940fc2d61507
2019-09-19 10:48:38,429 [pool-27-thread-1] INFO  server.RaftServerConfigKeys (ConfUtils.java:logGet(43)) - raft.server.log.queue.byte-limit = 2147483647 (custom)
2019-09-19 10:48:38,429 [pool-27-thread-1] INFO  server.RaftServerConfigKeys (ConfUtils.java:logGet(43)) - raft.server.log.queue.element-limit = 1024 (custom)
2019-09-19 10:48:38,429 [pool-27-thread-1] INFO  server.RaftServerConfigKeys (ConfUtils.java:logGet(43)) - raft.server.log.segment.size.max = 1048576 (custom)
2019-09-19 10:48:38,430 [pool-27-thread-1] INFO  server.RaftServerConfigKeys (ConfUtils.java:logGet(43)) - raft.server.log.preallocated.size = 16384 (custom)
2019-09-19 10:48:38,430 [pool-27-thread-1] INFO  server.RaftServerConfigKeys (ConfUtils.java:logGet(43)) - raft.server.log.write.buffer.size = 33554432 (custom)
2019-09-19 10:48:38,430 [pool-27-thread-1] INFO  server.RaftServerConfigKeys (ConfUtils.java:logGet(43)) - raft.server.log.force.sync.num = 128 (default)
2019-09-19 10:48:38,430 [pool-27-thread-1] INFO  server.RaftServerConfigKeys (ConfUtils.java:logGet(43)) - raft.server.log.statemachine.data.sync = true (default)
2019-09-19 10:48:38,430 [pool-27-thread-1] INFO  server.RaftServerConfigKeys (ConfUtils.java:logGet(43)) - raft.server.log.statemachine.data.sync.timeout = 10s (default)
2019-09-19 10:48:38,431 [pool-27-thread-1] INFO  server.RaftServerConfigKeys (ConfUtils.java:logGet(43)) - raft.server.log.statemachine.data.sync.timeout.retry = -1 (default)
2019-09-19 10:48:38,431 [pool-27-thread-1] INFO  server.RaftServerConfigKeys (ConfUtils.java:logGet(43)) - raft.server.log.statemachine.data.caching.enabled = true (custom)
2019-09-19 10:48:38,431 [pool-27-thread-1] INFO  segmented.SegmentedRaftLogWorker (SegmentedRaftLogWorker.java:lambda$new$0(132)) - 0d4e421f-a580-438c-824a-2881e7ce6119@group-940FC2D61507-SegmentedRaftLogWorker: flushIndex: setUnconditionally 0 -> -1
2019-09-19 10:48:38,432 [pool-27-thread-1] INFO  server.RaftServerConfigKeys (ConfUtils.java:logGet(43)) - raft.server.snapshot.auto.trigger.enabled = true (custom)
2019-09-19 10:48:38,432 [pool-27-thread-1] INFO  server.RaftServerConfigKeys (ConfUtils.java:logGet(43)) - raft.server.snapshot.auto.trigger.threshold = 10000 (custom)
2019-09-19 10:48:38,432 [pool-27-thread-1] INFO  server.RaftServerConfigKeys (ConfUtils.java:logGet(43)) - raft.server.snapshot.retention.num.files = 5 (custom)
2019-09-19 10:48:38,433 [pool-27-thread-1] INFO  server.RaftServerConfigKeys (ConfUtils.java:logGet(43)) - raft.server.retrycache.expirytime = 600000ms (custom)
2019-09-19 10:48:38,437 [pool-27-thread-1] INFO  impl.RaftServerImpl (RaftServerImpl.java:start(185)) - 0d4e421f-a580-438c-824a-2881e7ce6119@group-940FC2D61507: start as a follower, conf=-1: [0d4e421f-a580-438c-824a-2881e7ce6119:192.168.5.171:46782], old=null
2019-09-19 10:48:38,437 [pool-27-thread-1] INFO  impl.RaftServerImpl (RaftServerImpl.java:setRole(174)) - 0d4e421f-a580-438c-824a-2881e7ce6119@group-940FC2D61507: changes role from      null to FOLLOWER at term 0 for startAsFollower
2019-09-19 10:48:38,437 [pool-27-thread-1] INFO  impl.RoleInfo (RoleInfo.java:updateAndGet(143)) - 0d4e421f-a580-438c-824a-2881e7ce6119: start FollowerState
2019-09-19 10:48:38,438 [pool-27-thread-1] INFO  util.JmxRegister (JmxRegister.java:tryRegister(44)) - Successfully registered JMX Bean with object name Ratis:service=RaftServer,group=group-940FC2D61507,id=0d4e421f-a580-438c-824a-2881e7ce6119
2019-09-19 10:48:38,442 [RatisPipelineUtilsThread] INFO  pipeline.PipelineStateManager (PipelineStateManager.java:addPipeline(56)) - Created pipeline Pipeline[ Id: 73c54eed-cc7e-43c9-864a-940fc2d61507, Nodes: 0d4e421f-a580-438c-824a-2881e7ce6119{ip: 192.168.5.171, host: pr-hdds-1054-s6xkv-2432930293, networkLocation: /default-rack, certSerialId: null}, Type:RATIS, Factor:ONE, State:OPEN]
2019-09-19 10:48:38,448 [grpc-default-executor-2] INFO  impl.RaftServerProxy (RaftServerProxy.java:addNew(89)) - cdd88cb1-716b-4e52-8ddf-d696aacac702: addNew group-D38C9D3A40DE:[cdd88cb1-716b-4e52-8ddf-d696aacac702:192.168.5.171:38745] returns group-D38C9D3A40DE:java.util.concurrent.CompletableFuture@713e169f[Not completed]
2019-09-19 10:48:38,450 [pool-37-thread-1] INFO  impl.RaftServerImpl (RaftServerImpl.java:<init>(95)) - cdd88cb1-716b-4e52-8ddf-d696aacac702: new RaftServerImpl for group-D38C9D3A40DE:[cdd88cb1-716b-4e52-8ddf-d696aacac702:192.168.5.171:38745] with ContainerStateMachine:uninitialized
2019-09-19 10:48:38,450 [pool-37-thread-1] INFO  server.RaftServerConfigKeys (ConfUtils.java:logGet(43)) - raft.server.rpc.timeout.min = 5s (custom)
2019-09-19 10:48:38,450 [pool-37-thread-1] INFO  server.RaftServerConfigKeys (ConfUtils.java:logGet(43)) - raft.server.rpc.timeout.max = 5200ms (custom)
2019-09-19 10:48:38,451 [pool-37-thread-1] INFO  server.RaftServerConfigKeys (ConfUtils.java:logGet(43)) - raft.server.rpcslowness.timeout = 120s (custom)
2019-09-19 10:48:38,451 [pool-37-thread-1] INFO  server.RaftServerConfigKeys (ConfUtils.java:logGet(43)) - raft.server.sleep.deviation.threshold = 300 (default)
2019-09-19 10:48:38,451 [pool-37-thread-1] INFO  server.RaftServerConfigKeys (ConfUtils.java:logGet(43)) - raft.server.log.appender.install.snapshot.enabled = false (custom)
2019-09-19 10:48:38,451 [pool-37-thread-1] INFO  impl.RaftServerImpl (ServerState.java:<init>(103)) - cdd88cb1-716b-4e52-8ddf-d696aacac702@group-D38C9D3A40DE: ConfigurationManager, init=-1: [cdd88cb1-716b-4e52-8ddf-d696aacac702:192.168.5.171:38745], old=null, confs=<EMPTY_MAP>
2019-09-19 10:48:38,451 [pool-37-thread-1] INFO  server.RaftServerConfigKeys (ConfUtils.java:logGet(43)) - raft.server.storage.dir = [/workdir/hadoop-ozone/ozonefs/target/test-dir/MiniOzoneClusterImpl-a851322c-baef-453f-943c-3a09e8b40232/datanode-1/data/ratis] (custom)
2019-09-19 10:48:38,451 [pool-37-thread-1] INFO  storage.RaftStorageDirectory (RaftStorageDirectory.java:analyzeStorage(246)) - The storage directory /workdir/hadoop-ozone/ozonefs/target/test-dir/MiniOzoneClusterImpl-a851322c-baef-453f-943c-3a09e8b40232/datanode-1/data/ratis/32ced01e-d5ca-484c-8778-d38c9d3a40de does not exist. Creating ...
2019-09-19 10:48:39,053 [pool-37-thread-1] INFO  storage.RaftStorageDirectory (RaftStorageDirectory.java:tryLock(328)) - Lock on /workdir/hadoop-ozone/ozonefs/target/test-dir/MiniOzoneClusterImpl-a851322c-baef-453f-943c-3a09e8b40232/datanode-1/data/ratis/32ced01e-d5ca-484c-8778-d38c9d3a40de/in_use.lock acquired by nodename 2159@pr-hdds-1054-s6xkv-2432930293
2019-09-19 10:48:39,158 [Thread-863] INFO  impl.FollowerState (FollowerState.java:run(106)) - cdd88cb1-716b-4e52-8ddf-d696aacac702:group-7EB238C3CBC3 changes to CANDIDATE, lastRpcTime:5007, electionTimeout:5007ms
2019-09-19 10:48:39,158 [Thread-863] INFO  impl.RoleInfo (RoleInfo.java:shutdownFollowerState(121)) - cdd88cb1-716b-4e52-8ddf-d696aacac702: shutdown FollowerState
2019-09-19 10:48:39,159 [Thread-863] INFO  impl.RaftServerImpl (RaftServerImpl.java:setRole(174)) - cdd88cb1-716b-4e52-8ddf-d696aacac702@group-7EB238C3CBC3: changes role from  FOLLOWER to CANDIDATE at term 16 for changeToCandidate
2019-09-19 10:48:39,159 [Thread-863] INFO  impl.RoleInfo (RoleInfo.java:updateAndGet(143)) - cdd88cb1-716b-4e52-8ddf-d696aacac702: start LeaderElection
2019-09-19 10:48:39,258 [Thread-861] INFO  impl.FollowerState (FollowerState.java:run(106)) - 0d4e421f-a580-438c-824a-2881e7ce6119:group-7EB238C3CBC3 changes to CANDIDATE, lastRpcTime:5113, electionTimeout:5113ms
2019-09-19 10:48:39,258 [Thread-861] INFO  impl.RoleInfo (RoleInfo.java:shutdownFollowerState(121)) - 0d4e421f-a580-438c-824a-2881e7ce6119: shutdown FollowerState
2019-09-19 10:48:39,258 [Thread-861] INFO  impl.RaftServerImpl (RaftServerImpl.java:setRole(174)) - 0d4e421f-a580-438c-824a-2881e7ce6119@group-7EB238C3CBC3: changes role from  FOLLOWER to CANDIDATE at term 16 for changeToCandidate
2019-09-19 10:48:39,258 [Thread-861] INFO  impl.RoleInfo (RoleInfo.java:updateAndGet(143)) - 0d4e421f-a580-438c-824a-2881e7ce6119: start LeaderElection
2019-09-19 10:48:39,305 [Thread-862] INFO  impl.FollowerState (FollowerState.java:run(106)) - c9baf647-08c3-4366-86b9-39150e9e3608:group-7EB238C3CBC3 changes to CANDIDATE, lastRpcTime:5156, electionTimeout:5154ms
2019-09-19 10:48:39,305 [Thread-862] INFO  impl.RoleInfo (RoleInfo.java:shutdownFollowerState(121)) - c9baf647-08c3-4366-86b9-39150e9e3608: shutdown FollowerState
2019-09-19 10:48:39,305 [Thread-862] INFO  impl.RaftServerImpl (RaftServerImpl.java:setRole(174)) - c9baf647-08c3-4366-86b9-39150e9e3608@group-7EB238C3CBC3: changes role from  FOLLOWER to CANDIDATE at term 16 for changeToCandidate
2019-09-19 10:48:39,305 [Thread-862] INFO  impl.RoleInfo (RoleInfo.java:updateAndGet(143)) - c9baf647-08c3-4366-86b9-39150e9e3608: start LeaderElection
2019-09-19 10:48:39,486 [pool-37-thread-1] INFO  storage.RaftStorage (RaftStorage.java:format(72)) - Storage directory /workdir/hadoop-ozone/ozonefs/target/test-dir/MiniOzoneClusterImpl-a851322c-baef-453f-943c-3a09e8b40232/datanode-1/data/ratis/32ced01e-d5ca-484c-8778-d38c9d3a40de has been successfully formatted.
2019-09-19 10:48:39,487 [c9baf647-08c3-4366-86b9-39150e9e3608@group-7EB238C3CBC3:LeaderElection59] INFO  impl.LeaderElection (LeaderElection.java:askForVotes(182)) - c9baf647-08c3-4366-86b9-39150e9e3608@group-7EB238C3CBC3:LeaderElection59: begin an election at term 17 for -1: [c9baf647-08c3-4366-86b9-39150e9e3608:192.168.5.171:34562, cdd88cb1-716b-4e52-8ddf-d696aacac702:192.168.5.171:38745, 0d4e421f-a580-438c-824a-2881e7ce6119:192.168.5.171:46782], old=null
2019-09-19 10:48:39,487 [0d4e421f-a580-438c-824a-2881e7ce6119@group-7EB238C3CBC3:LeaderElection58] INFO  impl.LeaderElection (LeaderElection.java:askForVotes(182)) - 0d4e421f-a580-438c-824a-2881e7ce6119@group-7EB238C3CBC3:LeaderElection58: begin an election at term 17 for -1: [c9baf647-08c3-4366-86b9-39150e9e3608:192.168.5.171:34562, cdd88cb1-716b-4e52-8ddf-d696aacac702:192.168.5.171:38745, 0d4e421f-a580-438c-824a-2881e7ce6119:192.168.5.171:46782], old=null
2019-09-19 10:48:39,487 [cdd88cb1-716b-4e52-8ddf-d696aacac702@group-7EB238C3CBC3:LeaderElection57] INFO  impl.LeaderElection (LeaderElection.java:askForVotes(182)) - cdd88cb1-716b-4e52-8ddf-d696aacac702@group-7EB238C3CBC3:LeaderElection57: begin an election at term 17 for -1: [c9baf647-08c3-4366-86b9-39150e9e3608:192.168.5.171:34562, cdd88cb1-716b-4e52-8ddf-d696aacac702:192.168.5.171:38745, 0d4e421f-a580-438c-824a-2881e7ce6119:192.168.5.171:46782], old=null
2019-09-19 10:48:39,487 [pool-37-thread-1] INFO  ratis.ContainerStateMachine (ContainerStateMachine.java:loadSnapshot(230)) - group-D38C9D3A40DE: The snapshot info is null. Setting the last applied indexto:(t:0, i:~)
2019-09-19 10:48:39,488 [pool-37-thread-1] INFO  server.RaftServerConfigKeys (ConfUtils.java:logGet(43)) - raft.server.notification.no-leader.timeout = 120s (custom)
2019-09-19 10:48:39,488 [pool-37-thread-1] INFO  server.RaftServerConfigKeys (ConfUtils.java:logGet(43)) - raft.server.log.use.memory = false (default)
2019-09-19 10:48:39,488 [pool-37-thread-1] INFO  server.RaftServerConfigKeys (ConfUtils.java:logGet(43)) - raft.server.log.purge.gap = 1000000 (custom)
2019-09-19 10:48:39,488 [pool-37-thread-1] INFO  server.RaftServerConfigKeys (ConfUtils.java:logGet(43)) - raft.server.log.appender.buffer.byte-limit = 33554432 (custom)
2019-09-19 10:48:39,489 [pool-37-thread-1] INFO  server.RaftServerConfigKeys (ConfUtils.java:logGet(43)) - raft.server.log.segment.size.max = 1048576 (custom)
2019-09-19 10:48:39,489 [pool-37-thread-1] INFO  server.RaftServerConfigKeys (ConfUtils.java:logGet(43)) - raft.server.log.segment.cache.num.max = 2 (custom)
2019-09-19 10:48:39,489 [pool-37-thread-1] INFO  segmented.SegmentedRaftLogWorker (SegmentedRaftLogWorker.java:<init>(172)) - new cdd88cb1-716b-4e52-8ddf-d696aacac702@group-D38C9D3A40DE-SegmentedRaftLogWorker for RaftStorage:Storage Directory /workdir/hadoop-ozone/ozonefs/target/test-dir/MiniOzoneClusterImpl-a851322c-baef-453f-943c-3a09e8b40232/datanode-1/data/ratis/32ced01e-d5ca-484c-8778-d38c9d3a40de
2019-09-19 10:48:39,489 [pool-37-thread-1] INFO  server.RaftServerConfigKeys (ConfUtils.java:logGet(43)) - raft.server.log.queue.byte-limit = 2147483647 (custom)
2019-09-19 10:48:39,490 [pool-37-thread-1] INFO  server.RaftServerConfigKeys (ConfUtils.java:logGet(43)) - raft.server.log.queue.element-limit = 1024 (custom)
2019-09-19 10:48:39,490 [pool-37-thread-1] INFO  server.RaftServerConfigKeys (ConfUtils.java:logGet(43)) - raft.server.log.segment.size.max = 1048576 (custom)
2019-09-19 10:48:39,490 [pool-37-thread-1] INFO  server.RaftServerConfigKeys (ConfUtils.java:logGet(43)) - raft.server.log.preallocated.size = 16384 (custom)
2019-09-19 10:48:39,490 [pool-37-thread-1] INFO  server.RaftServerConfigKeys (ConfUtils.java:logGet(43)) - raft.server.log.write.buffer.size = 33554432 (custom)
2019-09-19 10:48:39,491 [pool-37-thread-1] INFO  server.RaftServerConfigKeys (ConfUtils.java:logGet(43)) - raft.server.log.force.sync.num = 128 (default)
2019-09-19 10:48:39,491 [pool-37-thread-1] INFO  server.RaftServerConfigKeys (ConfUtils.java:logGet(43)) - raft.server.log.statemachine.data.sync = true (default)
2019-09-19 10:48:39,491 [pool-37-thread-1] INFO  server.RaftServerConfigKeys (ConfUtils.java:logGet(43)) - raft.server.log.statemachine.data.sync.timeout = 10s (default)
2019-09-19 10:48:39,491 [pool-37-thread-1] INFO  server.RaftServerConfigKeys (ConfUtils.java:logGet(43)) - raft.server.log.statemachine.data.sync.timeout.retry = -1 (default)
2019-09-19 10:48:39,491 [pool-37-thread-1] INFO  server.RaftServerConfigKeys (ConfUtils.java:logGet(43)) - raft.server.log.statemachine.data.caching.enabled = true (custom)
2019-09-19 10:48:39,492 [pool-37-thread-1] INFO  segmented.SegmentedRaftLogWorker (SegmentedRaftLogWorker.java:lambda$new$0(132)) - cdd88cb1-716b-4e52-8ddf-d696aacac702@group-D38C9D3A40DE-SegmentedRaftLogWorker: flushIndex: setUnconditionally 0 -> -1
2019-09-19 10:48:39,492 [pool-37-thread-1] INFO  server.RaftServerConfigKeys (ConfUtils.java:logGet(43)) - raft.server.snapshot.auto.trigger.enabled = true (custom)
2019-09-19 10:48:39,492 [pool-37-thread-1] INFO  server.RaftServerConfigKeys (ConfUtils.java:logGet(43)) - raft.server.snapshot.auto.trigger.threshold = 10000 (custom)
2019-09-19 10:48:39,492 [0d4e421f-a580-438c-824a-2881e7ce6119@group-7EB238C3CBC3:LeaderElection58] INFO  impl.LeaderElection (LeaderElection.java:logAndReturn(56)) - 0d4e421f-a580-438c-824a-2881e7ce6119@group-7EB238C3CBC3:LeaderElection58: Election REJECTED; received 2 response(s) [0d4e421f-a580-438c-824a-2881e7ce6119<-c9baf647-08c3-4366-86b9-39150e9e3608#0:FAIL-t17, 0d4e421f-a580-438c-824a-2881e7ce6119<-cdd88cb1-716b-4e52-8ddf-d696aacac702#0:FAIL-t17] and 0 exception(s); 0d4e421f-a580-438c-824a-2881e7ce6119@group-7EB238C3CBC3:t17, leader=null, voted=0d4e421f-a580-438c-824a-2881e7ce6119, raftlog=0d4e421f-a580-438c-824a-2881e7ce6119@group-7EB238C3CBC3-SegmentedRaftLog:OPENED:c-1,f-1,i0, conf=-1: [c9baf647-08c3-4366-86b9-39150e9e3608:192.168.5.171:34562, cdd88cb1-716b-4e52-8ddf-d696aacac702:192.168.5.171:38745, 0d4e421f-a580-438c-824a-2881e7ce6119:192.168.5.171:46782], old=null
2019-09-19 10:48:39,493 [pool-37-thread-1] INFO  server.RaftServerConfigKeys (ConfUtils.java:logGet(43)) - raft.server.snapshot.retention.num.files = 5 (custom)
2019-09-19 10:48:39,493 [0d4e421f-a580-438c-824a-2881e7ce6119@group-7EB238C3CBC3:LeaderElection58] INFO  impl.RaftServerImpl (RaftServerImpl.java:setRole(174)) - 0d4e421f-a580-438c-824a-2881e7ce6119@group-7EB238C3CBC3: changes role from CANDIDATE to FOLLOWER at term 17 for DISCOVERED_A_NEW_TERM
2019-09-19 10:48:39,496 [cdd88cb1-716b-4e52-8ddf-d696aacac702@group-7EB238C3CBC3:LeaderElection57] INFO  impl.LeaderElection (LeaderElection.java:logAndReturn(56)) - cdd88cb1-716b-4e52-8ddf-d696aacac702@group-7EB238C3CBC3:LeaderElection57: Election REJECTED; received 2 response(s) [cdd88cb1-716b-4e52-8ddf-d696aacac702<-c9baf647-08c3-4366-86b9-39150e9e3608#0:FAIL-t17, cdd88cb1-716b-4e52-8ddf-d696aacac702<-0d4e421f-a580-438c-824a-2881e7ce6119#0:FAIL-t17] and 0 exception(s); cdd88cb1-716b-4e52-8ddf-d696aacac702@group-7EB238C3CBC3:t17, leader=null, voted=cdd88cb1-716b-4e52-8ddf-d696aacac702, raftlog=cdd88cb1-716b-4e52-8ddf-d696aacac702@group-7EB238C3CBC3-SegmentedRaftLog:OPENED:c-1,f-1,i0, conf=-1: [c9baf647-08c3-4366-86b9-39150e9e3608:192.168.5.171:34562, cdd88cb1-716b-4e52-8ddf-d696aacac702:192.168.5.171:38745, 0d4e421f-a580-438c-824a-2881e7ce6119:192.168.5.171:46782], old=null
2019-09-19 10:48:39,496 [pool-37-thread-1] INFO  server.RaftServerConfigKeys (ConfUtils.java:logGet(43)) - raft.server.retrycache.expirytime = 600000ms (custom)
2019-09-19 10:48:39,496 [cdd88cb1-716b-4e52-8ddf-d696aacac702@group-7EB238C3CBC3:LeaderElection57] INFO  impl.RaftServerImpl (RaftServerImpl.java:setRole(174)) - cdd88cb1-716b-4e52-8ddf-d696aacac702@group-7EB238C3CBC3: changes role from CANDIDATE to FOLLOWER at term 17 for DISCOVERED_A_NEW_TERM
2019-09-19 10:48:39,498 [cdd88cb1-716b-4e52-8ddf-d696aacac702@group-7EB238C3CBC3:LeaderElection57] INFO  impl.RoleInfo (RoleInfo.java:shutdownLeaderElection(134)) - cdd88cb1-716b-4e52-8ddf-d696aacac702: shutdown LeaderElection
2019-09-19 10:48:39,496 [0d4e421f-a580-438c-824a-2881e7ce6119@group-7EB238C3CBC3:LeaderElection58] INFO  impl.RoleInfo (RoleInfo.java:shutdownLeaderElection(134)) - 0d4e421f-a580-438c-824a-2881e7ce6119: shutdown LeaderElection
2019-09-19 10:48:39,498 [cdd88cb1-716b-4e52-8ddf-d696aacac702@group-7EB238C3CBC3:LeaderElection57] INFO  impl.RoleInfo (RoleInfo.java:updateAndGet(143)) - cdd88cb1-716b-4e52-8ddf-d696aacac702: start FollowerState
2019-09-19 10:48:39,498 [0d4e421f-a580-438c-824a-2881e7ce6119@group-7EB238C3CBC3:LeaderElection58] INFO  impl.RoleInfo (RoleInfo.java:updateAndGet(143)) - 0d4e421f-a580-438c-824a-2881e7ce6119: start FollowerState
2019-09-19 10:48:39,500 [c9baf647-08c3-4366-86b9-39150e9e3608@group-7EB238C3CBC3:LeaderElection59] INFO  impl.LeaderElection (LeaderElection.java:logAndReturn(56)) - c9baf647-08c3-4366-86b9-39150e9e3608@group-7EB238C3CBC3:LeaderElection59: Election REJECTED; received 2 response(s) [c9baf647-08c3-4366-86b9-39150e9e3608<-cdd88cb1-716b-4e52-8ddf-d696aacac702#0:FAIL-t17, c9baf647-08c3-4366-86b9-39150e9e3608<-0d4e421f-a580-438c-824a-2881e7ce6119#0:FAIL-t17] and 0 exception(s); c9baf647-08c3-4366-86b9-39150e9e3608@group-7EB238C3CBC3:t17, leader=null, voted=c9baf647-08c3-4366-86b9-39150e9e3608, raftlog=c9baf647-08c3-4366-86b9-39150e9e3608@group-7EB238C3CBC3-SegmentedRaftLog:OPENED:c-1,f-1,i0, conf=-1: [c9baf647-08c3-4366-86b9-39150e9e3608:192.168.5.171:34562, cdd88cb1-716b-4e52-8ddf-d696aacac702:192.168.5.171:38745, 0d4e421f-a580-438c-824a-2881e7ce6119:192.168.5.171:46782], old=null
2019-09-19 10:48:39,500 [c9baf647-08c3-4366-86b9-39150e9e3608@group-7EB238C3CBC3:LeaderElection59] INFO  impl.RaftServerImpl (RaftServerImpl.java:setRole(174)) - c9baf647-08c3-4366-86b9-39150e9e3608@group-7EB238C3CBC3: changes role from CANDIDATE to FOLLOWER at term 17 for DISCOVERED_A_NEW_TERM
2019-09-19 10:48:39,500 [c9baf647-08c3-4366-86b9-39150e9e3608@group-7EB238C3CBC3:LeaderElection59] INFO  impl.RoleInfo (RoleInfo.java:shutdownLeaderElection(134)) - c9baf647-08c3-4366-86b9-39150e9e3608: shutdown LeaderElection
2019-09-19 10:48:39,500 [c9baf647-08c3-4366-86b9-39150e9e3608@group-7EB238C3CBC3:LeaderElection59] INFO  impl.RoleInfo (RoleInfo.java:updateAndGet(143)) - c9baf647-08c3-4366-86b9-39150e9e3608: start FollowerState
2019-09-19 10:48:39,502 [pool-37-thread-1] INFO  impl.RaftServerImpl (RaftServerImpl.java:start(185)) - cdd88cb1-716b-4e52-8ddf-d696aacac702@group-D38C9D3A40DE: start as a follower, conf=-1: [cdd88cb1-716b-4e52-8ddf-d696aacac702:192.168.5.171:38745], old=null
2019-09-19 10:48:39,503 [pool-37-thread-1] INFO  impl.RaftServerImpl (RaftServerImpl.java:setRole(174)) - cdd88cb1-716b-4e52-8ddf-d696aacac702@group-D38C9D3A40DE: changes role from      null to FOLLOWER at term 0 for startAsFollower
2019-09-19 10:48:39,503 [pool-37-thread-1] INFO  impl.RoleInfo (RoleInfo.java:updateAndGet(143)) - cdd88cb1-716b-4e52-8ddf-d696aacac702: start FollowerState
2019-09-19 10:48:39,504 [pool-37-thread-1] INFO  util.JmxRegister (JmxRegister.java:tryRegister(44)) - Successfully registered JMX Bean with object name Ratis:service=RaftServer,group=group-D38C9D3A40DE,id=cdd88cb1-716b-4e52-8ddf-d696aacac702
2019-09-19 10:48:39,506 [RatisPipelineUtilsThread] INFO  pipeline.PipelineStateManager (PipelineStateManager.java:addPipeline(56)) - Created pipeline Pipeline[ Id: 32ced01e-d5ca-484c-8778-d38c9d3a40de, Nodes: cdd88cb1-716b-4e52-8ddf-d696aacac702{ip: 192.168.5.171, host: pr-hdds-1054-s6xkv-2432930293, networkLocation: /default-rack, certSerialId: null}, Type:RATIS, Factor:ONE, State:OPEN]
2019-09-19 10:48:39,512 [grpc-default-executor-2] INFO  impl.RaftServerProxy (RaftServerProxy.java:addNew(89)) - c9baf647-08c3-4366-86b9-39150e9e3608: addNew group-B0F69E15C6F6:[c9baf647-08c3-4366-86b9-39150e9e3608:192.168.5.171:34562] returns group-B0F69E15C6F6:java.util.concurrent.CompletableFuture@27e6d6b5[Not completed]
2019-09-19 10:48:39,513 [pool-47-thread-1] INFO  impl.RaftServerImpl (RaftServerImpl.java:<init>(95)) - c9baf647-08c3-4366-86b9-39150e9e3608: new RaftServerImpl for group-B0F69E15C6F6:[c9baf647-08c3-4366-86b9-39150e9e3608:192.168.5.171:34562] with ContainerStateMachine:uninitialized
2019-09-19 10:48:39,513 [pool-47-thread-1] INFO  server.RaftServerConfigKeys (ConfUtils.java:logGet(43)) - raft.server.rpc.timeout.min = 5s (custom)
2019-09-19 10:48:39,513 [pool-47-thread-1] INFO  server.RaftServerConfigKeys (ConfUtils.java:logGet(43)) - raft.server.rpc.timeout.max = 5200ms (custom)
2019-09-19 10:48:39,514 [pool-47-thread-1] INFO  server.RaftServerConfigKeys (ConfUtils.java:logGet(43)) - raft.server.rpcslowness.timeout = 120s (custom)
2019-09-19 10:48:39,514 [pool-47-thread-1] INFO  server.RaftServerConfigKeys (ConfUtils.java:logGet(43)) - raft.server.sleep.deviation.threshold = 300 (default)
2019-09-19 10:48:39,514 [pool-47-thread-1] INFO  server.RaftServerConfigKeys (ConfUtils.java:logGet(43)) - raft.server.log.appender.install.snapshot.enabled = false (custom)
2019-09-19 10:48:39,514 [pool-47-thread-1] INFO  impl.RaftServerImpl (ServerState.java:<init>(103)) - c9baf647-08c3-4366-86b9-39150e9e3608@group-B0F69E15C6F6: ConfigurationManager, init=-1: [c9baf647-08c3-4366-86b9-39150e9e3608:192.168.5.171:34562], old=null, confs=<EMPTY_MAP>
2019-09-19 10:48:39,514 [pool-47-thread-1] INFO  server.RaftServerConfigKeys (ConfUtils.java:logGet(43)) - raft.server.storage.dir = [/workdir/hadoop-ozone/ozonefs/target/test-dir/MiniOzoneClusterImpl-a851322c-baef-453f-943c-3a09e8b40232/datanode-2/data/ratis] (custom)
2019-09-19 10:48:39,514 [pool-47-thread-1] INFO  storage.RaftStorageDirectory (RaftStorageDirectory.java:analyzeStorage(246)) - The storage directory /workdir/hadoop-ozone/ozonefs/target/test-dir/MiniOzoneClusterImpl-a851322c-baef-453f-943c-3a09e8b40232/datanode-2/data/ratis/eeaf5311-4cd3-4b98-9b1b-b0f69e15c6f6 does not exist. Creating ...
2019-09-19 10:48:39,871 [pool-47-thread-1] INFO  storage.RaftStorageDirectory (RaftStorageDirectory.java:tryLock(328)) - Lock on /workdir/hadoop-ozone/ozonefs/target/test-dir/MiniOzoneClusterImpl-a851322c-baef-453f-943c-3a09e8b40232/datanode-2/data/ratis/eeaf5311-4cd3-4b98-9b1b-b0f69e15c6f6/in_use.lock acquired by nodename 2159@pr-hdds-1054-s6xkv-2432930293
2019-09-19 10:48:40,397 [pool-47-thread-1] INFO  storage.RaftStorage (RaftStorage.java:format(72)) - Storage directory /workdir/hadoop-ozone/ozonefs/target/test-dir/MiniOzoneClusterImpl-a851322c-baef-453f-943c-3a09e8b40232/datanode-2/data/ratis/eeaf5311-4cd3-4b98-9b1b-b0f69e15c6f6 has been successfully formatted.
2019-09-19 10:48:40,398 [pool-47-thread-1] INFO  ratis.ContainerStateMachine (ContainerStateMachine.java:loadSnapshot(230)) - group-B0F69E15C6F6: The snapshot info is null. Setting the last applied indexto:(t:0, i:~)
2019-09-19 10:48:40,398 [pool-47-thread-1] INFO  server.RaftServerConfigKeys (ConfUtils.java:logGet(43)) - raft.server.notification.no-leader.timeout = 120s (custom)
2019-09-19 10:48:40,398 [pool-47-thread-1] INFO  server.RaftServerConfigKeys (ConfUtils.java:logGet(43)) - raft.server.log.use.memory = false (default)
2019-09-19 10:48:40,399 [pool-47-thread-1] INFO  server.RaftServerConfigKeys (ConfUtils.java:logGet(43)) - raft.server.log.purge.gap = 1000000 (custom)
2019-09-19 10:48:40,399 [pool-47-thread-1] INFO  server.RaftServerConfigKeys (ConfUtils.java:logGet(43)) - raft.server.log.appender.buffer.byte-limit = 33554432 (custom)
2019-09-19 10:48:40,399 [pool-47-thread-1] INFO  server.RaftServerConfigKeys (ConfUtils.java:logGet(43)) - raft.server.log.segment.size.max = 1048576 (custom)
2019-09-19 10:48:40,399 [pool-47-thread-1] INFO  server.RaftServerConfigKeys (ConfUtils.java:logGet(43)) - raft.server.log.segment.cache.num.max = 2 (custom)
2019-09-19 10:48:40,399 [pool-47-thread-1] INFO  segmented.SegmentedRaftLogWorker (SegmentedRaftLogWorker.java:<init>(172)) - new c9baf647-08c3-4366-86b9-39150e9e3608@group-B0F69E15C6F6-SegmentedRaftLogWorker for RaftStorage:Storage Directory /workdir/hadoop-ozone/ozonefs/target/test-dir/MiniOzoneClusterImpl-a851322c-baef-453f-943c-3a09e8b40232/datanode-2/data/ratis/eeaf5311-4cd3-4b98-9b1b-b0f69e15c6f6
2019-09-19 10:48:40,399 [pool-47-thread-1] INFO  server.RaftServerConfigKeys (ConfUtils.java:logGet(43)) - raft.server.log.queue.byte-limit = 2147483647 (custom)
2019-09-19 10:48:40,400 [pool-47-thread-1] INFO  server.RaftServerConfigKeys (ConfUtils.java:logGet(43)) - raft.server.log.queue.element-limit = 1024 (custom)
2019-09-19 10:48:40,400 [pool-47-thread-1] INFO  server.RaftServerConfigKeys (ConfUtils.java:logGet(43)) - raft.server.log.segment.size.max = 1048576 (custom)
2019-09-19 10:48:40,400 [pool-47-thread-1] INFO  server.RaftServerConfigKeys (ConfUtils.java:logGet(43)) - raft.server.log.preallocated.size = 16384 (custom)
2019-09-19 10:48:40,400 [pool-47-thread-1] INFO  server.RaftServerConfigKeys (ConfUtils.java:logGet(43)) - raft.server.log.write.buffer.size = 33554432 (custom)
2019-09-19 10:48:40,400 [pool-47-thread-1] INFO  server.RaftServerConfigKeys (ConfUtils.java:logGet(43)) - raft.server.log.force.sync.num = 128 (default)
2019-09-19 10:48:40,400 [pool-47-thread-1] INFO  server.RaftServerConfigKeys (ConfUtils.java:logGet(43)) - raft.server.log.statemachine.data.sync = true (default)
2019-09-19 10:48:40,401 [pool-47-thread-1] INFO  server.RaftServerConfigKeys (ConfUtils.java:logGet(43)) - raft.server.log.statemachine.data.sync.timeout = 10s (default)
2019-09-19 10:48:40,401 [pool-47-thread-1] INFO  server.RaftServerConfigKeys (ConfUtils.java:logGet(43)) - raft.server.log.statemachine.data.sync.timeout.retry = -1 (default)
2019-09-19 10:48:40,401 [pool-47-thread-1] INFO  server.RaftServerConfigKeys (ConfUtils.java:logGet(43)) - raft.server.log.statemachine.data.caching.enabled = true (custom)
2019-09-19 10:48:40,401 [pool-47-thread-1] INFO  segmented.SegmentedRaftLogWorker (SegmentedRaftLogWorker.java:lambda$new$0(132)) - c9baf647-08c3-4366-86b9-39150e9e3608@group-B0F69E15C6F6-SegmentedRaftLogWorker: flushIndex: setUnconditionally 0 -> -1
2019-09-19 10:48:40,402 [pool-47-thread-1] INFO  server.RaftServerConfigKeys (ConfUtils.java:logGet(43)) - raft.server.snapshot.auto.trigger.enabled = true (custom)
2019-09-19 10:48:40,402 [pool-47-thread-1] INFO  server.RaftServerConfigKeys (ConfUtils.java:logGet(43)) - raft.server.snapshot.auto.trigger.threshold = 10000 (custom)
2019-09-19 10:48:40,402 [pool-47-thread-1] INFO  server.RaftServerConfigKeys (ConfUtils.java:logGet(43)) - raft.server.snapshot.retention.num.files = 5 (custom)
2019-09-19 10:48:40,402 [pool-47-thread-1] INFO  server.RaftServerConfigKeys (ConfUtils.java:logGet(43)) - raft.server.retrycache.expirytime = 600000ms (custom)
2019-09-19 10:48:40,405 [pool-47-thread-1] INFO  impl.RaftServerImpl (RaftServerImpl.java:start(185)) - c9baf647-08c3-4366-86b9-39150e9e3608@group-B0F69E15C6F6: start as a follower, conf=-1: [c9baf647-08c3-4366-86b9-39150e9e3608:192.168.5.171:34562], old=null
2019-09-19 10:48:40,405 [pool-47-thread-1] INFO  impl.RaftServerImpl (RaftServerImpl.java:setRole(174)) - c9baf647-08c3-4366-86b9-39150e9e3608@group-B0F69E15C6F6: changes role from      null to FOLLOWER at term 0 for startAsFollower
2019-09-19 10:48:40,406 [pool-47-thread-1] INFO  impl.RoleInfo (RoleInfo.java:updateAndGet(143)) - c9baf647-08c3-4366-86b9-39150e9e3608: start FollowerState
2019-09-19 10:48:40,406 [pool-47-thread-1] INFO  util.JmxRegister (JmxRegister.java:tryRegister(44)) - Successfully registered JMX Bean with object name Ratis:service=RaftServer,group=group-B0F69E15C6F6,id=c9baf647-08c3-4366-86b9-39150e9e3608
2019-09-19 10:48:40,409 [RatisPipelineUtilsThread] INFO  pipeline.PipelineStateManager (PipelineStateManager.java:addPipeline(56)) - Created pipeline Pipeline[ Id: eeaf5311-4cd3-4b98-9b1b-b0f69e15c6f6, Nodes: c9baf647-08c3-4366-86b9-39150e9e3608{ip: 192.168.5.171, host: pr-hdds-1054-s6xkv-2432930293, networkLocation: /default-rack, certSerialId: null}, Type:RATIS, Factor:ONE, State:OPEN]
2019-09-19 10:48:40,417 [grpc-default-executor-2] INFO  impl.RaftServerProxy (RaftServerProxy.java:addNew(89)) - f64e3657-4bb3-42d9-9406-cc1ee06e2b0e: addNew group-CE58C2FE1D03:[f64e3657-4bb3-42d9-9406-cc1ee06e2b0e:192.168.5.171:39797] returns group-CE58C2FE1D03:java.util.concurrent.CompletableFuture@16403e89[Not completed]
2019-09-19 10:48:40,419 [pool-67-thread-1] INFO  impl.RaftServerImpl (RaftServerImpl.java:<init>(95)) - f64e3657-4bb3-42d9-9406-cc1ee06e2b0e: new RaftServerImpl for group-CE58C2FE1D03:[f64e3657-4bb3-42d9-9406-cc1ee06e2b0e:192.168.5.171:39797] with ContainerStateMachine:uninitialized
2019-09-19 10:48:40,420 [pool-67-thread-1] INFO  server.RaftServerConfigKeys (ConfUtils.java:logGet(43)) - raft.server.rpc.timeout.min = 5s (custom)
2019-09-19 10:48:40,420 [pool-67-thread-1] INFO  server.RaftServerConfigKeys (ConfUtils.java:logGet(43)) - raft.server.rpc.timeout.max = 5200ms (custom)
2019-09-19 10:48:40,420 [pool-67-thread-1] INFO  server.RaftServerConfigKeys (ConfUtils.java:logGet(43)) - raft.server.rpcslowness.timeout = 120s (custom)
2019-09-19 10:48:40,420 [pool-67-thread-1] INFO  server.RaftServerConfigKeys (ConfUtils.java:logGet(43)) - raft.server.sleep.deviation.threshold = 300 (default)
2019-09-19 10:48:40,420 [pool-67-thread-1] INFO  server.RaftServerConfigKeys (ConfUtils.java:logGet(43)) - raft.server.log.appender.install.snapshot.enabled = false (custom)
2019-09-19 10:48:40,420 [pool-67-thread-1] INFO  impl.RaftServerImpl (ServerState.java:<init>(103)) - f64e3657-4bb3-42d9-9406-cc1ee06e2b0e@group-CE58C2FE1D03: ConfigurationManager, init=-1: [f64e3657-4bb3-42d9-9406-cc1ee06e2b0e:192.168.5.171:39797], old=null, confs=<EMPTY_MAP>
2019-09-19 10:48:40,421 [pool-67-thread-1] INFO  server.RaftServerConfigKeys (ConfUtils.java:logGet(43)) - raft.server.storage.dir = [/workdir/hadoop-ozone/ozonefs/target/test-dir/MiniOzoneClusterImpl-a851322c-baef-453f-943c-3a09e8b40232/datanode-4/data/ratis] (custom)
2019-09-19 10:48:40,421 [pool-67-thread-1] INFO  storage.RaftStorageDirectory (RaftStorageDirectory.java:analyzeStorage(246)) - The storage directory /workdir/hadoop-ozone/ozonefs/target/test-dir/MiniOzoneClusterImpl-a851322c-baef-453f-943c-3a09e8b40232/datanode-4/data/ratis/c5840308-50f5-4a9d-8ad2-ce58c2fe1d03 does not exist. Creating ...
2019-09-19 10:48:41,132 [pool-67-thread-1] INFO  storage.RaftStorageDirectory (RaftStorageDirectory.java:tryLock(328)) - Lock on /workdir/hadoop-ozone/ozonefs/target/test-dir/MiniOzoneClusterImpl-a851322c-baef-453f-943c-3a09e8b40232/datanode-4/data/ratis/c5840308-50f5-4a9d-8ad2-ce58c2fe1d03/in_use.lock acquired by nodename 2159@pr-hdds-1054-s6xkv-2432930293
2019-09-19 10:48:41,482 [pool-67-thread-1] INFO  storage.RaftStorage (RaftStorage.java:format(72)) - Storage directory /workdir/hadoop-ozone/ozonefs/target/test-dir/MiniOzoneClusterImpl-a851322c-baef-453f-943c-3a09e8b40232/datanode-4/data/ratis/c5840308-50f5-4a9d-8ad2-ce58c2fe1d03 has been successfully formatted.
2019-09-19 10:48:41,483 [pool-67-thread-1] INFO  ratis.ContainerStateMachine (ContainerStateMachine.java:loadSnapshot(230)) - group-CE58C2FE1D03: The snapshot info is null. Setting the last applied indexto:(t:0, i:~)
2019-09-19 10:48:41,483 [pool-67-thread-1] INFO  server.RaftServerConfigKeys (ConfUtils.java:logGet(43)) - raft.server.notification.no-leader.timeout = 120s (custom)
2019-09-19 10:48:41,483 [pool-67-thread-1] INFO  server.RaftServerConfigKeys (ConfUtils.java:logGet(43)) - raft.server.log.use.memory = false (default)
2019-09-19 10:48:41,484 [pool-67-thread-1] INFO  server.RaftServerConfigKeys (ConfUtils.java:logGet(43)) - raft.server.log.purge.gap = 1000000 (custom)
2019-09-19 10:48:41,484 [pool-67-thread-1] INFO  server.RaftServerConfigKeys (ConfUtils.java:logGet(43)) - raft.server.log.appender.buffer.byte-limit = 33554432 (custom)
2019-09-19 10:48:41,484 [pool-67-thread-1] INFO  server.RaftServerConfigKeys (ConfUtils.java:logGet(43)) - raft.server.log.segment.size.max = 1048576 (custom)
2019-09-19 10:48:41,484 [pool-67-thread-1] INFO  server.RaftServerConfigKeys (ConfUtils.java:logGet(43)) - raft.server.log.segment.cache.num.max = 2 (custom)
2019-09-19 10:48:41,485 [pool-67-thread-1] INFO  segmented.SegmentedRaftLogWorker (SegmentedRaftLogWorker.java:<init>(172)) - new f64e3657-4bb3-42d9-9406-cc1ee06e2b0e@group-CE58C2FE1D03-SegmentedRaftLogWorker for RaftStorage:Storage Directory /workdir/hadoop-ozone/ozonefs/target/test-dir/MiniOzoneClusterImpl-a851322c-baef-453f-943c-3a09e8b40232/datanode-4/data/ratis/c5840308-50f5-4a9d-8ad2-ce58c2fe1d03
2019-09-19 10:48:41,489 [pool-67-thread-1] INFO  server.RaftServerConfigKeys (ConfUtils.java:logGet(43)) - raft.server.log.queue.byte-limit = 2147483647 (custom)
2019-09-19 10:48:41,489 [pool-67-thread-1] INFO  server.RaftServerConfigKeys (ConfUtils.java:logGet(43)) - raft.server.log.queue.element-limit = 1024 (custom)
2019-09-19 10:48:41,490 [pool-67-thread-1] INFO  server.RaftServerConfigKeys (ConfUtils.java:logGet(43)) - raft.server.log.segment.size.max = 1048576 (custom)
2019-09-19 10:48:41,490 [pool-67-thread-1] INFO  server.RaftServerConfigKeys (ConfUtils.java:logGet(43)) - raft.server.log.preallocated.size = 16384 (custom)
2019-09-19 10:48:41,490 [pool-67-thread-1] INFO  server.RaftServerConfigKeys (ConfUtils.java:logGet(43)) - raft.server.log.write.buffer.size = 33554432 (custom)
2019-09-19 10:48:41,490 [pool-67-thread-1] INFO  server.RaftServerConfigKeys (ConfUtils.java:logGet(43)) - raft.server.log.force.sync.num = 128 (default)
2019-09-19 10:48:41,491 [pool-67-thread-1] INFO  server.RaftServerConfigKeys (ConfUtils.java:logGet(43)) - raft.server.log.statemachine.data.sync = true (default)
2019-09-19 10:48:41,491 [pool-67-thread-1] INFO  server.RaftServerConfigKeys (ConfUtils.java:logGet(43)) - raft.server.log.statemachine.data.sync.timeout = 10s (default)
2019-09-19 10:48:41,491 [pool-67-thread-1] INFO  server.RaftServerConfigKeys (ConfUtils.java:logGet(43)) - raft.server.log.statemachine.data.sync.timeout.retry = -1 (default)
2019-09-19 10:48:41,492 [pool-67-thread-1] INFO  server.RaftServerConfigKeys (ConfUtils.java:logGet(43)) - raft.server.log.statemachine.data.caching.enabled = true (custom)
2019-09-19 10:48:41,492 [pool-67-thread-1] INFO  segmented.SegmentedRaftLogWorker (SegmentedRaftLogWorker.java:lambda$new$0(132)) - f64e3657-4bb3-42d9-9406-cc1ee06e2b0e@group-CE58C2FE1D03-SegmentedRaftLogWorker: flushIndex: setUnconditionally 0 -> -1
2019-09-19 10:48:41,493 [pool-67-thread-1] INFO  server.RaftServerConfigKeys (ConfUtils.java:logGet(43)) - raft.server.snapshot.auto.trigger.enabled = true (custom)
2019-09-19 10:48:41,493 [pool-67-thread-1] INFO  server.RaftServerConfigKeys (ConfUtils.java:logGet(43)) - raft.server.snapshot.auto.trigger.threshold = 10000 (custom)
2019-09-19 10:48:41,493 [pool-67-thread-1] INFO  server.RaftServerConfigKeys (ConfUtils.java:logGet(43)) - raft.server.snapshot.retention.num.files = 5 (custom)
2019-09-19 10:48:41,493 [pool-67-thread-1] INFO  server.RaftServerConfigKeys (ConfUtils.java:logGet(43)) - raft.server.retrycache.expirytime = 600000ms (custom)
2019-09-19 10:48:41,498 [pool-67-thread-1] INFO  impl.RaftServerImpl (RaftServerImpl.java:start(185)) - f64e3657-4bb3-42d9-9406-cc1ee06e2b0e@group-CE58C2FE1D03: start as a follower, conf=-1: [f64e3657-4bb3-42d9-9406-cc1ee06e2b0e:192.168.5.171:39797], old=null
2019-09-19 10:48:41,498 [pool-67-thread-1] INFO  impl.RaftServerImpl (RaftServerImpl.java:setRole(174)) - f64e3657-4bb3-42d9-9406-cc1ee06e2b0e@group-CE58C2FE1D03: changes role from      null to FOLLOWER at term 0 for startAsFollower
2019-09-19 10:48:41,498 [pool-67-thread-1] INFO  impl.RoleInfo (RoleInfo.java:updateAndGet(143)) - f64e3657-4bb3-42d9-9406-cc1ee06e2b0e: start FollowerState
2019-09-19 10:48:41,499 [pool-67-thread-1] INFO  util.JmxRegister (JmxRegister.java:tryRegister(44)) - Successfully registered JMX Bean with object name Ratis:service=RaftServer,group=group-CE58C2FE1D03,id=f64e3657-4bb3-42d9-9406-cc1ee06e2b0e
2019-09-19 10:48:41,501 [RatisPipelineUtilsThread] INFO  pipeline.PipelineStateManager (PipelineStateManager.java:addPipeline(56)) - Created pipeline Pipeline[ Id: c5840308-50f5-4a9d-8ad2-ce58c2fe1d03, Nodes: f64e3657-4bb3-42d9-9406-cc1ee06e2b0e{ip: 192.168.5.171, host: pr-hdds-1054-s6xkv-2432930293, networkLocation: /default-rack, certSerialId: null}, Type:RATIS, Factor:ONE, State:OPEN]
2019-09-19 10:48:41,507 [grpc-default-executor-2] INFO  impl.RaftServerProxy (RaftServerProxy.java:addNew(89)) - 7d3378a5-d58a-4a01-ae4b-1a14f3868aab: addNew group-7A88EC9B3963:[7d3378a5-d58a-4a01-ae4b-1a14f3868aab:192.168.5.171:33893] returns group-7A88EC9B3963:java.util.concurrent.CompletableFuture@5c846c39[Not completed]
2019-09-19 10:48:41,509 [pool-57-thread-1] INFO  impl.RaftServerImpl (RaftServerImpl.java:<init>(95)) - 7d3378a5-d58a-4a01-ae4b-1a14f3868aab: new RaftServerImpl for group-7A88EC9B3963:[7d3378a5-d58a-4a01-ae4b-1a14f3868aab:192.168.5.171:33893] with ContainerStateMachine:uninitialized
2019-09-19 10:48:41,509 [pool-57-thread-1] INFO  server.RaftServerConfigKeys (ConfUtils.java:logGet(43)) - raft.server.rpc.timeout.min = 5s (custom)
2019-09-19 10:48:41,509 [pool-57-thread-1] INFO  server.RaftServerConfigKeys (ConfUtils.java:logGet(43)) - raft.server.rpc.timeout.max = 5200ms (custom)
2019-09-19 10:48:41,509 [pool-57-thread-1] INFO  server.RaftServerConfigKeys (ConfUtils.java:logGet(43)) - raft.server.rpcslowness.timeout = 120s (custom)
2019-09-19 10:48:41,510 [pool-57-thread-1] INFO  server.RaftServerConfigKeys (ConfUtils.java:logGet(43)) - raft.server.sleep.deviation.threshold = 300 (default)
2019-09-19 10:48:41,510 [pool-57-thread-1] INFO  server.RaftServerConfigKeys (ConfUtils.java:logGet(43)) - raft.server.log.appender.install.snapshot.enabled = false (custom)
2019-09-19 10:48:41,510 [pool-57-thread-1] INFO  impl.RaftServerImpl (ServerState.java:<init>(103)) - 7d3378a5-d58a-4a01-ae4b-1a14f3868aab@group-7A88EC9B3963: ConfigurationManager, init=-1: [7d3378a5-d58a-4a01-ae4b-1a14f3868aab:192.168.5.171:33893], old=null, confs=<EMPTY_MAP>
2019-09-19 10:48:41,510 [pool-57-thread-1] INFO  server.RaftServerConfigKeys (ConfUtils.java:logGet(43)) - raft.server.storage.dir = [/workdir/hadoop-ozone/ozonefs/target/test-dir/MiniOzoneClusterImpl-a851322c-baef-453f-943c-3a09e8b40232/datanode-3/data/ratis] (custom)
2019-09-19 10:48:41,511 [pool-57-thread-1] INFO  storage.RaftStorageDirectory (RaftStorageDirectory.java:analyzeStorage(246)) - The storage directory /workdir/hadoop-ozone/ozonefs/target/test-dir/MiniOzoneClusterImpl-a851322c-baef-453f-943c-3a09e8b40232/datanode-3/data/ratis/af468025-5f29-4618-aa32-7a88ec9b3963 does not exist. Creating ...
2019-09-19 10:48:41,586 [pool-57-thread-1] INFO  storage.RaftStorageDirectory (RaftStorageDirectory.java:tryLock(328)) - Lock on /workdir/hadoop-ozone/ozonefs/target/test-dir/MiniOzoneClusterImpl-a851322c-baef-453f-943c-3a09e8b40232/datanode-3/data/ratis/af468025-5f29-4618-aa32-7a88ec9b3963/in_use.lock acquired by nodename 2159@pr-hdds-1054-s6xkv-2432930293
2019-09-19 10:48:42,172 [pool-57-thread-1] INFO  storage.RaftStorage (RaftStorage.java:format(72)) - Storage directory /workdir/hadoop-ozone/ozonefs/target/test-dir/MiniOzoneClusterImpl-a851322c-baef-453f-943c-3a09e8b40232/datanode-3/data/ratis/af468025-5f29-4618-aa32-7a88ec9b3963 has been successfully formatted.
2019-09-19 10:48:42,172 [pool-57-thread-1] INFO  ratis.ContainerStateMachine (ContainerStateMachine.java:loadSnapshot(230)) - group-7A88EC9B3963: The snapshot info is null. Setting the last applied indexto:(t:0, i:~)
2019-09-19 10:48:42,172 [pool-57-thread-1] INFO  server.RaftServerConfigKeys (ConfUtils.java:logGet(43)) - raft.server.notification.no-leader.timeout = 120s (custom)
2019-09-19 10:48:42,173 [pool-57-thread-1] INFO  server.RaftServerConfigKeys (ConfUtils.java:logGet(43)) - raft.server.log.use.memory = false (default)
2019-09-19 10:48:42,173 [pool-57-thread-1] INFO  server.RaftServerConfigKeys (ConfUtils.java:logGet(43)) - raft.server.log.purge.gap = 1000000 (custom)
2019-09-19 10:48:42,173 [pool-57-thread-1] INFO  server.RaftServerConfigKeys (ConfUtils.java:logGet(43)) - raft.server.log.appender.buffer.byte-limit = 33554432 (custom)
2019-09-19 10:48:42,173 [pool-57-thread-1] INFO  server.RaftServerConfigKeys (ConfUtils.java:logGet(43)) - raft.server.log.segment.size.max = 1048576 (custom)
2019-09-19 10:48:42,173 [pool-57-thread-1] INFO  server.RaftServerConfigKeys (ConfUtils.java:logGet(43)) - raft.server.log.segment.cache.num.max = 2 (custom)
2019-09-19 10:48:42,173 [pool-57-thread-1] INFO  segmented.SegmentedRaftLogWorker (SegmentedRaftLogWorker.java:<init>(172)) - new 7d3378a5-d58a-4a01-ae4b-1a14f3868aab@group-7A88EC9B3963-SegmentedRaftLogWorker for RaftStorage:Storage Directory /workdir/hadoop-ozone/ozonefs/target/test-dir/MiniOzoneClusterImpl-a851322c-baef-453f-943c-3a09e8b40232/datanode-3/data/ratis/af468025-5f29-4618-aa32-7a88ec9b3963
2019-09-19 10:48:42,176 [pool-57-thread-1] INFO  server.RaftServerConfigKeys (ConfUtils.java:logGet(43)) - raft.server.log.queue.byte-limit = 2147483647 (custom)
2019-09-19 10:48:42,177 [pool-57-thread-1] INFO  server.RaftServerConfigKeys (ConfUtils.java:logGet(43)) - raft.server.log.queue.element-limit = 1024 (custom)
2019-09-19 10:48:42,177 [pool-57-thread-1] INFO  server.RaftServerConfigKeys (ConfUtils.java:logGet(43)) - raft.server.log.segment.size.max = 1048576 (custom)
2019-09-19 10:48:42,177 [pool-57-thread-1] INFO  server.RaftServerConfigKeys (ConfUtils.java:logGet(43)) - raft.server.log.preallocated.size = 16384 (custom)
2019-09-19 10:48:42,177 [pool-57-thread-1] INFO  server.RaftServerConfigKeys (ConfUtils.java:logGet(43)) - raft.server.log.write.buffer.size = 33554432 (custom)
2019-09-19 10:48:42,177 [pool-57-thread-1] INFO  server.RaftServerConfigKeys (ConfUtils.java:logGet(43)) - raft.server.log.force.sync.num = 128 (default)
2019-09-19 10:48:42,177 [pool-57-thread-1] INFO  server.RaftServerConfigKeys (ConfUtils.java:logGet(43)) - raft.server.log.statemachine.data.sync = true (default)
2019-09-19 10:48:42,178 [pool-57-thread-1] INFO  server.RaftServerConfigKeys (ConfUtils.java:logGet(43)) - raft.server.log.statemachine.data.sync.timeout = 10s (default)
2019-09-19 10:48:42,178 [pool-57-thread-1] INFO  server.RaftServerConfigKeys (ConfUtils.java:logGet(43)) - raft.server.log.statemachine.data.sync.timeout.retry = -1 (default)
2019-09-19 10:48:42,178 [pool-57-thread-1] INFO  server.RaftServerConfigKeys (ConfUtils.java:logGet(43)) - raft.server.log.statemachine.data.caching.enabled = true (custom)
2019-09-19 10:48:42,178 [pool-57-thread-1] INFO  segmented.SegmentedRaftLogWorker (SegmentedRaftLogWorker.java:lambda$new$0(132)) - 7d3378a5-d58a-4a01-ae4b-1a14f3868aab@group-7A88EC9B3963-SegmentedRaftLogWorker: flushIndex: setUnconditionally 0 -> -1
2019-09-19 10:48:42,179 [pool-57-thread-1] INFO  server.RaftServerConfigKeys (ConfUtils.java:logGet(43)) - raft.server.snapshot.auto.trigger.enabled = true (custom)
2019-09-19 10:48:42,179 [pool-57-thread-1] INFO  server.RaftServerConfigKeys (ConfUtils.java:logGet(43)) - raft.server.snapshot.auto.trigger.threshold = 10000 (custom)
2019-09-19 10:48:42,179 [pool-57-thread-1] INFO  server.RaftServerConfigKeys (ConfUtils.java:logGet(43)) - raft.server.snapshot.retention.num.files = 5 (custom)
2019-09-19 10:48:42,179 [pool-57-thread-1] INFO  server.RaftServerConfigKeys (ConfUtils.java:logGet(43)) - raft.server.retrycache.expirytime = 600000ms (custom)
2019-09-19 10:48:42,182 [pool-57-thread-1] INFO  impl.RaftServerImpl (RaftServerImpl.java:start(185)) - 7d3378a5-d58a-4a01-ae4b-1a14f3868aab@group-7A88EC9B3963: start as a follower, conf=-1: [7d3378a5-d58a-4a01-ae4b-1a14f3868aab:192.168.5.171:33893], old=null
2019-09-19 10:48:42,182 [pool-57-thread-1] INFO  impl.RaftServerImpl (RaftServerImpl.java:setRole(174)) - 7d3378a5-d58a-4a01-ae4b-1a14f3868aab@group-7A88EC9B3963: changes role from      null to FOLLOWER at term 0 for startAsFollower
2019-09-19 10:48:42,182 [pool-57-thread-1] INFO  impl.RoleInfo (RoleInfo.java:updateAndGet(143)) - 7d3378a5-d58a-4a01-ae4b-1a14f3868aab: start FollowerState
2019-09-19 10:48:42,183 [pool-57-thread-1] INFO  util.JmxRegister (JmxRegister.java:tryRegister(44)) - Successfully registered JMX Bean with object name Ratis:service=RaftServer,group=group-7A88EC9B3963,id=7d3378a5-d58a-4a01-ae4b-1a14f3868aab
2019-09-19 10:48:42,185 [RatisPipelineUtilsThread] INFO  pipeline.PipelineStateManager (PipelineStateManager.java:addPipeline(56)) - Created pipeline Pipeline[ Id: af468025-5f29-4618-aa32-7a88ec9b3963, Nodes: 7d3378a5-d58a-4a01-ae4b-1a14f3868aab{ip: 192.168.5.171, host: pr-hdds-1054-s6xkv-2432930293, networkLocation: /default-rack, certSerialId: null}, Type:RATIS, Factor:ONE, State:OPEN]
2019-09-19 10:48:43,449 [Thread-873] INFO  impl.FollowerState (FollowerState.java:run(106)) - 0d4e421f-a580-438c-824a-2881e7ce6119:group-940FC2D61507 changes to CANDIDATE, lastRpcTime:5011, electionTimeout:5011ms
2019-09-19 10:48:43,450 [Thread-873] INFO  impl.RoleInfo (RoleInfo.java:shutdownFollowerState(121)) - 0d4e421f-a580-438c-824a-2881e7ce6119: shutdown FollowerState
2019-09-19 10:48:43,450 [Thread-873] INFO  impl.RaftServerImpl (RaftServerImpl.java:setRole(174)) - 0d4e421f-a580-438c-824a-2881e7ce6119@group-940FC2D61507: changes role from  FOLLOWER to CANDIDATE at term 0 for changeToCandidate
2019-09-19 10:48:43,450 [Thread-873] INFO  impl.RoleInfo (RoleInfo.java:updateAndGet(143)) - 0d4e421f-a580-438c-824a-2881e7ce6119: start LeaderElection
2019-09-19 10:48:43,483 [0d4e421f-a580-438c-824a-2881e7ce6119@group-940FC2D61507:LeaderElection60] INFO  impl.LeaderElection (LeaderElection.java:askForVotes(182)) - 0d4e421f-a580-438c-824a-2881e7ce6119@group-940FC2D61507:LeaderElection60: begin an election at term 1 for -1: [0d4e421f-a580-438c-824a-2881e7ce6119:192.168.5.171:46782], old=null
2019-09-19 10:48:43,483 [0d4e421f-a580-438c-824a-2881e7ce6119@group-940FC2D61507:LeaderElection60] INFO  impl.RoleInfo (RoleInfo.java:shutdownLeaderElection(134)) - 0d4e421f-a580-438c-824a-2881e7ce6119: shutdown LeaderElection
2019-09-19 10:48:43,483 [0d4e421f-a580-438c-824a-2881e7ce6119@group-940FC2D61507:LeaderElection60] INFO  impl.RaftServerImpl (RaftServerImpl.java:setRole(174)) - 0d4e421f-a580-438c-824a-2881e7ce6119@group-940FC2D61507: changes role from CANDIDATE to LEADER at term 1 for changeToLeader
2019-09-19 10:48:43,483 [0d4e421f-a580-438c-824a-2881e7ce6119@group-940FC2D61507:LeaderElection60] INFO  impl.RaftServerImpl (ServerState.java:setLeader(253)) - 0d4e421f-a580-438c-824a-2881e7ce6119@group-940FC2D61507: change Leader from null to 0d4e421f-a580-438c-824a-2881e7ce6119 at term 1 for becomeLeader, leader elected after 5056ms
2019-09-19 10:48:43,484 [0d4e421f-a580-438c-824a-2881e7ce6119@group-940FC2D61507:LeaderElection60] INFO  server.RaftServerConfigKeys (ConfUtils.java:logGet(43)) - raft.server.staging.catchup.gap = 1000 (default)
2019-09-19 10:48:43,484 [0d4e421f-a580-438c-824a-2881e7ce6119@group-940FC2D61507:LeaderElection60] INFO  server.RaftServerConfigKeys (ConfUtils.java:logGet(43)) - raft.server.rpc.sleep.time = 25ms (default)
2019-09-19 10:48:43,484 [0d4e421f-a580-438c-824a-2881e7ce6119@group-940FC2D61507:LeaderElection60] INFO  server.RaftServerConfigKeys (ConfUtils.java:logGet(43)) - raft.server.write.element-limit = 4096 (default)
2019-09-19 10:48:43,484 [0d4e421f-a580-438c-824a-2881e7ce6119@group-940FC2D61507:LeaderElection60] INFO  server.RaftServerConfigKeys (ConfUtils.java:logGet(43)) - raft.server.watch.timeout = 10s (default)
2019-09-19 10:48:43,485 [0d4e421f-a580-438c-824a-2881e7ce6119@group-940FC2D61507:LeaderElection60] INFO  server.RaftServerConfigKeys (ConfUtils.java:logGet(43)) - raft.server.watch.timeout.denomination = 1s (default)
2019-09-19 10:48:43,485 [0d4e421f-a580-438c-824a-2881e7ce6119@group-940FC2D61507:LeaderElection60] INFO  server.RaftServerConfigKeys (ConfUtils.java:logGet(43)) - raft.server.watch.element-limit = 65536 (default)
2019-09-19 10:48:43,489 [0d4e421f-a580-438c-824a-2881e7ce6119@group-940FC2D61507:LeaderElection60] INFO  impl.RoleInfo (RoleInfo.java:updateAndGet(143)) - 0d4e421f-a580-438c-824a-2881e7ce6119: start LeaderState
2019-09-19 10:48:43,490 [0d4e421f-a580-438c-824a-2881e7ce6119@group-940FC2D61507:LeaderElection60] INFO  segmented.SegmentedRaftLogWorker (SegmentedRaftLogWorker.java:startLogSegment(380)) - 0d4e421f-a580-438c-824a-2881e7ce6119@group-940FC2D61507-SegmentedRaftLogWorker: Starting segment from index:0
2019-09-19 10:48:43,491 [0d4e421f-a580-438c-824a-2881e7ce6119@group-940FC2D61507:LeaderElection60] INFO  impl.RaftServerImpl (ServerState.java:setRaftConf(354)) - 0d4e421f-a580-438c-824a-2881e7ce6119@group-940FC2D61507: set configuration 0: [0d4e421f-a580-438c-824a-2881e7ce6119:192.168.5.171:46782], old=null at 0
2019-09-19 10:48:43,881 [0d4e421f-a580-438c-824a-2881e7ce6119@group-940FC2D61507-SegmentedRaftLogWorker] INFO  segmented.SegmentedRaftLogWorker (SegmentedRaftLogWorker.java:execute(569)) - 0d4e421f-a580-438c-824a-2881e7ce6119@group-940FC2D61507-SegmentedRaftLogWorker: created new log segment /workdir/hadoop-ozone/ozonefs/target/test-dir/MiniOzoneClusterImpl-a851322c-baef-453f-943c-3a09e8b40232/datanode-0/data/ratis/73c54eed-cc7e-43c9-864a-940fc2d61507/current/log_inprogress_0
2019-09-19 10:48:44,566 [Thread-889] INFO  impl.FollowerState (FollowerState.java:run(106)) - c9baf647-08c3-4366-86b9-39150e9e3608:group-7EB238C3CBC3 changes to CANDIDATE, lastRpcTime:5065, electionTimeout:5065ms
2019-09-19 10:48:44,566 [Thread-889] INFO  impl.RoleInfo (RoleInfo.java:shutdownFollowerState(121)) - c9baf647-08c3-4366-86b9-39150e9e3608: shutdown FollowerState
2019-09-19 10:48:44,566 [Thread-889] INFO  impl.RaftServerImpl (RaftServerImpl.java:setRole(174)) - c9baf647-08c3-4366-86b9-39150e9e3608@group-7EB238C3CBC3: changes role from  FOLLOWER to CANDIDATE at term 17 for changeToCandidate
2019-09-19 10:48:44,587 [Thread-890] INFO  impl.FollowerState (FollowerState.java:run(106)) - cdd88cb1-716b-4e52-8ddf-d696aacac702:group-D38C9D3A40DE changes to CANDIDATE, lastRpcTime:5083, electionTimeout:5083ms
2019-09-19 10:48:44,587 [Thread-890] INFO  impl.RoleInfo (RoleInfo.java:shutdownFollowerState(121)) - cdd88cb1-716b-4e52-8ddf-d696aacac702: shutdown FollowerState
2019-09-19 10:48:44,587 [Thread-890] INFO  impl.RaftServerImpl (RaftServerImpl.java:setRole(174)) - cdd88cb1-716b-4e52-8ddf-d696aacac702@group-D38C9D3A40DE: changes role from  FOLLOWER to CANDIDATE at term 0 for changeToCandidate
2019-09-19 10:48:44,588 [Thread-890] INFO  impl.RoleInfo (RoleInfo.java:updateAndGet(143)) - cdd88cb1-716b-4e52-8ddf-d696aacac702: start LeaderElection
2019-09-19 10:48:44,590 [Thread-887] INFO  impl.FollowerState (FollowerState.java:run(106)) - cdd88cb1-716b-4e52-8ddf-d696aacac702:group-7EB238C3CBC3 changes to CANDIDATE, lastRpcTime:5092, electionTimeout:5091ms
2019-09-19 10:48:44,592 [Thread-887] INFO  impl.RoleInfo (RoleInfo.java:shutdownFollowerState(121)) - cdd88cb1-716b-4e52-8ddf-d696aacac702: shutdown FollowerState
2019-09-19 10:48:44,592 [Thread-887] INFO  impl.RaftServerImpl (RaftServerImpl.java:setRole(174)) - cdd88cb1-716b-4e52-8ddf-d696aacac702@group-7EB238C3CBC3: changes role from  FOLLOWER to CANDIDATE at term 17 for changeToCandidate
2019-09-19 10:48:44,606 [Thread-889] ERROR ratis.XceiverServerRatis (XceiverServerRatis.java:triggerPipelineClose(575)) - pipeline Action CLOSE  on pipeline PipelineID=0039b36d-2fcf-4f3f-ab41-7eb238c3cbc3.Reason : c9baf647-08c3-4366-86b9-39150e9e3608 is in candidate state for 125092ms
2019-09-19 10:48:44,606 [Thread-887] ERROR ratis.XceiverServerRatis (XceiverServerRatis.java:triggerPipelineClose(575)) - pipeline Action CLOSE  on pipeline PipelineID=0039b36d-2fcf-4f3f-ab41-7eb238c3cbc3.Reason : cdd88cb1-716b-4e52-8ddf-d696aacac702 is in candidate state for 125098ms
2019-09-19 10:48:44,607 [Thread-889] INFO  impl.RoleInfo (RoleInfo.java:updateAndGet(143)) - c9baf647-08c3-4366-86b9-39150e9e3608: start LeaderElection
2019-09-19 10:48:44,607 [Thread-887] INFO  impl.RoleInfo (RoleInfo.java:updateAndGet(143)) - cdd88cb1-716b-4e52-8ddf-d696aacac702: start LeaderElection
2019-09-19 10:48:44,651 [Thread-888] INFO  impl.FollowerState (FollowerState.java:run(106)) - 0d4e421f-a580-438c-824a-2881e7ce6119:group-7EB238C3CBC3 changes to CANDIDATE, lastRpcTime:5152, electionTimeout:5152ms
2019-09-19 10:48:44,651 [Thread-888] INFO  impl.RoleInfo (RoleInfo.java:shutdownFollowerState(121)) - 0d4e421f-a580-438c-824a-2881e7ce6119: shutdown FollowerState
2019-09-19 10:48:44,651 [Thread-888] INFO  impl.RaftServerImpl (RaftServerImpl.java:setRole(174)) - 0d4e421f-a580-438c-824a-2881e7ce6119@group-7EB238C3CBC3: changes role from  FOLLOWER to CANDIDATE at term 17 for changeToCandidate
2019-09-19 10:48:44,653 [Thread-888] ERROR ratis.XceiverServerRatis (XceiverServerRatis.java:triggerPipelineClose(575)) - pipeline Action CLOSE  on pipeline PipelineID=0039b36d-2fcf-4f3f-ab41-7eb238c3cbc3.Reason : 0d4e421f-a580-438c-824a-2881e7ce6119 is in candidate state for 123992ms
2019-09-19 10:48:44,654 [Thread-888] INFO  impl.RoleInfo (RoleInfo.java:updateAndGet(143)) - 0d4e421f-a580-438c-824a-2881e7ce6119: start LeaderElection
2019-09-19 10:48:44,705 [EventQueue-PipelineActionsForPipelineActionHandler] ERROR pipeline.PipelineActionHandler (PipelineActionHandler.java:onMessage(60)) - Received pipeline action CLOSE for Pipeline[ Id: 0039b36d-2fcf-4f3f-ab41-7eb238c3cbc3, Nodes: 0d4e421f-a580-438c-824a-2881e7ce6119{ip: 192.168.5.171, host: pr-hdds-1054-s6xkv-2432930293, networkLocation: /default-rack, certSerialId: null}cdd88cb1-716b-4e52-8ddf-d696aacac702{ip: 192.168.5.171, host: pr-hdds-1054-s6xkv-2432930293, networkLocation: /default-rack, certSerialId: null}c9baf647-08c3-4366-86b9-39150e9e3608{ip: 192.168.5.171, host: pr-hdds-1054-s6xkv-2432930293, networkLocation: /default-rack, certSerialId: null}, Type:RATIS, Factor:THREE, State:OPEN] from datanode cdd88cb1-716b-4e52-8ddf-d696aacac702{ip: 192.168.5.171, host: pr-hdds-1054-s6xkv-2432930293, networkLocation: /default-rack, certSerialId: null}. Reason : cdd88cb1-716b-4e52-8ddf-d696aacac702 is in candidate state for 125098ms
2019-09-19 10:48:44,705 [EventQueue-PipelineActionsForPipelineActionHandler] INFO  pipeline.SCMPipelineManager (SCMPipelineManager.java:finalizeAndDestroyPipeline(311)) - destroying pipeline:Pipeline[ Id: 0039b36d-2fcf-4f3f-ab41-7eb238c3cbc3, Nodes: 0d4e421f-a580-438c-824a-2881e7ce6119{ip: 192.168.5.171, host: pr-hdds-1054-s6xkv-2432930293, networkLocation: /default-rack, certSerialId: null}cdd88cb1-716b-4e52-8ddf-d696aacac702{ip: 192.168.5.171, host: pr-hdds-1054-s6xkv-2432930293, networkLocation: /default-rack, certSerialId: null}c9baf647-08c3-4366-86b9-39150e9e3608{ip: 192.168.5.171, host: pr-hdds-1054-s6xkv-2432930293, networkLocation: /default-rack, certSerialId: null}, Type:RATIS, Factor:THREE, State:OPEN]
2019-09-19 10:48:44,707 [EventQueue-PipelineActionsForPipelineActionHandler] INFO  pipeline.PipelineStateManager (PipelineStateManager.java:finalizePipeline(123)) - Pipeline Pipeline[ Id: 0039b36d-2fcf-4f3f-ab41-7eb238c3cbc3, Nodes: 0d4e421f-a580-438c-824a-2881e7ce6119{ip: 192.168.5.171, host: pr-hdds-1054-s6xkv-2432930293, networkLocation: /default-rack, certSerialId: null}cdd88cb1-716b-4e52-8ddf-d696aacac702{ip: 192.168.5.171, host: pr-hdds-1054-s6xkv-2432930293, networkLocation: /default-rack, certSerialId: null}c9baf647-08c3-4366-86b9-39150e9e3608{ip: 192.168.5.171, host: pr-hdds-1054-s6xkv-2432930293, networkLocation: /default-rack, certSerialId: null}, Type:RATIS, Factor:THREE, State:CLOSED] moved to CLOSED state
2019-09-19 10:48:44,712 [EventQueue-CloseContainerForCloseContainerEventHandler] INFO  container.CloseContainerEventHandler (CloseContainerEventHandler.java:onMessage(61)) - Close container Event triggered for container : #1
2019-09-19 10:48:44,716 [EventQueue-PipelineActionsForPipelineActionHandler] ERROR pipeline.PipelineActionHandler (PipelineActionHandler.java:onMessage(60)) - Received pipeline action CLOSE for Pipeline[ Id: 0039b36d-2fcf-4f3f-ab41-7eb238c3cbc3, Nodes: 0d4e421f-a580-438c-824a-2881e7ce6119{ip: 192.168.5.171, host: pr-hdds-1054-s6xkv-2432930293, networkLocation: /default-rack, certSerialId: null}cdd88cb1-716b-4e52-8ddf-d696aacac702{ip: 192.168.5.171, host: pr-hdds-1054-s6xkv-2432930293, networkLocation: /default-rack, certSerialId: null}c9baf647-08c3-4366-86b9-39150e9e3608{ip: 192.168.5.171, host: pr-hdds-1054-s6xkv-2432930293, networkLocation: /default-rack, certSerialId: null}, Type:RATIS, Factor:THREE, State:CLOSED] from datanode c9baf647-08c3-4366-86b9-39150e9e3608{ip: 192.168.5.171, host: pr-hdds-1054-s6xkv-2432930293, networkLocation: /default-rack, certSerialId: null}. Reason : c9baf647-08c3-4366-86b9-39150e9e3608 is in candidate state for 125092ms
2019-09-19 10:48:44,718 [EventQueue-PipelineActionsForPipelineActionHandler] INFO  pipeline.SCMPipelineManager (SCMPipelineManager.java:finalizeAndDestroyPipeline(311)) - destroying pipeline:Pipeline[ Id: 0039b36d-2fcf-4f3f-ab41-7eb238c3cbc3, Nodes: 0d4e421f-a580-438c-824a-2881e7ce6119{ip: 192.168.5.171, host: pr-hdds-1054-s6xkv-2432930293, networkLocation: /default-rack, certSerialId: null}cdd88cb1-716b-4e52-8ddf-d696aacac702{ip: 192.168.5.171, host: pr-hdds-1054-s6xkv-2432930293, networkLocation: /default-rack, certSerialId: null}c9baf647-08c3-4366-86b9-39150e9e3608{ip: 192.168.5.171, host: pr-hdds-1054-s6xkv-2432930293, networkLocation: /default-rack, certSerialId: null}, Type:RATIS, Factor:THREE, State:CLOSED]
2019-09-19 10:48:44,721 [EventQueue-CloseContainerForCloseContainerEventHandler] INFO  container.CloseContainerEventHandler (CloseContainerEventHandler.java:onMessage(61)) - Close container Event triggered for container : #2
2019-09-19 10:48:44,723 [EventQueue-CloseContainerForCloseContainerEventHandler] INFO  container.CloseContainerEventHandler (CloseContainerEventHandler.java:onMessage(61)) - Close container Event triggered for container : #3
2019-09-19 10:48:44,723 [EventQueue-CloseContainerForCloseContainerEventHandler] INFO  container.CloseContainerEventHandler (CloseContainerEventHandler.java:onMessage(61)) - Close container Event triggered for container : #2
2019-09-19 10:48:44,724 [EventQueue-CloseContainerForCloseContainerEventHandler] INFO  container.CloseContainerEventHandler (CloseContainerEventHandler.java:onMessage(61)) - Close container Event triggered for container : #3
2019-09-19 10:48:45,037 [cdd88cb1-716b-4e52-8ddf-d696aacac702@group-D38C9D3A40DE:LeaderElection61] INFO  impl.LeaderElection (LeaderElection.java:askForVotes(182)) - cdd88cb1-716b-4e52-8ddf-d696aacac702@group-D38C9D3A40DE:LeaderElection61: begin an election at term 1 for -1: [cdd88cb1-716b-4e52-8ddf-d696aacac702:192.168.5.171:38745], old=null
2019-09-19 10:48:45,041 [0d4e421f-a580-438c-824a-2881e7ce6119@group-7EB238C3CBC3:LeaderElection64] INFO  impl.LeaderElection (LeaderElection.java:askForVotes(182)) - 0d4e421f-a580-438c-824a-2881e7ce6119@group-7EB238C3CBC3:LeaderElection64: begin an election at term 18 for -1: [c9baf647-08c3-4366-86b9-39150e9e3608:192.168.5.171:34562, cdd88cb1-716b-4e52-8ddf-d696aacac702:192.168.5.171:38745, 0d4e421f-a580-438c-824a-2881e7ce6119:192.168.5.171:46782], old=null
2019-09-19 10:48:45,037 [cdd88cb1-716b-4e52-8ddf-d696aacac702@group-7EB238C3CBC3:LeaderElection63] INFO  impl.LeaderElection (LeaderElection.java:askForVotes(182)) - cdd88cb1-716b-4e52-8ddf-d696aacac702@group-7EB238C3CBC3:LeaderElection63: begin an election at term 18 for -1: [c9baf647-08c3-4366-86b9-39150e9e3608:192.168.5.171:34562, cdd88cb1-716b-4e52-8ddf-d696aacac702:192.168.5.171:38745, 0d4e421f-a580-438c-824a-2881e7ce6119:192.168.5.171:46782], old=null
2019-09-19 10:48:45,037 [c9baf647-08c3-4366-86b9-39150e9e3608@group-7EB238C3CBC3:LeaderElection62] INFO  impl.LeaderElection (LeaderElection.java:askForVotes(182)) - c9baf647-08c3-4366-86b9-39150e9e3608@group-7EB238C3CBC3:LeaderElection62: begin an election at term 18 for -1: [c9baf647-08c3-4366-86b9-39150e9e3608:192.168.5.171:34562, cdd88cb1-716b-4e52-8ddf-d696aacac702:192.168.5.171:38745, 0d4e421f-a580-438c-824a-2881e7ce6119:192.168.5.171:46782], old=null
2019-09-19 10:48:45,041 [cdd88cb1-716b-4e52-8ddf-d696aacac702@group-D38C9D3A40DE:LeaderElection61] INFO  impl.RoleInfo (RoleInfo.java:shutdownLeaderElection(134)) - cdd88cb1-716b-4e52-8ddf-d696aacac702: shutdown LeaderElection
2019-09-19 10:48:45,042 [cdd88cb1-716b-4e52-8ddf-d696aacac702@group-D38C9D3A40DE:LeaderElection61] INFO  impl.RaftServerImpl (RaftServerImpl.java:setRole(174)) - cdd88cb1-716b-4e52-8ddf-d696aacac702@group-D38C9D3A40DE: changes role from CANDIDATE to LEADER at term 1 for changeToLeader
2019-09-19 10:48:45,042 [cdd88cb1-716b-4e52-8ddf-d696aacac702@group-D38C9D3A40DE:LeaderElection61] INFO  impl.RaftServerImpl (ServerState.java:setLeader(253)) - cdd88cb1-716b-4e52-8ddf-d696aacac702@group-D38C9D3A40DE: change Leader from null to cdd88cb1-716b-4e52-8ddf-d696aacac702 at term 1 for becomeLeader, leader elected after 5554ms
2019-09-19 10:48:45,043 [cdd88cb1-716b-4e52-8ddf-d696aacac702@group-D38C9D3A40DE:LeaderElection61] INFO  server.RaftServerConfigKeys (ConfUtils.java:logGet(43)) - raft.server.staging.catchup.gap = 1000 (default)
2019-09-19 10:48:45,043 [cdd88cb1-716b-4e52-8ddf-d696aacac702@group-D38C9D3A40DE:LeaderElection61] INFO  server.RaftServerConfigKeys (ConfUtils.java:logGet(43)) - raft.server.rpc.sleep.time = 25ms (default)
2019-09-19 10:48:45,043 [cdd88cb1-716b-4e52-8ddf-d696aacac702@group-D38C9D3A40DE:LeaderElection61] INFO  server.RaftServerConfigKeys (ConfUtils.java:logGet(43)) - raft.server.write.element-limit = 4096 (default)
2019-09-19 10:48:45,043 [cdd88cb1-716b-4e52-8ddf-d696aacac702@group-D38C9D3A40DE:LeaderElection61] INFO  server.RaftServerConfigKeys (ConfUtils.java:logGet(43)) - raft.server.watch.timeout = 10s (default)
2019-09-19 10:48:45,044 [cdd88cb1-716b-4e52-8ddf-d696aacac702@group-D38C9D3A40DE:LeaderElection61] INFO  server.RaftServerConfigKeys (ConfUtils.java:logGet(43)) - raft.server.watch.timeout.denomination = 1s (default)
2019-09-19 10:48:45,044 [cdd88cb1-716b-4e52-8ddf-d696aacac702@group-D38C9D3A40DE:LeaderElection61] INFO  server.RaftServerConfigKeys (ConfUtils.java:logGet(43)) - raft.server.watch.element-limit = 65536 (default)
2019-09-19 10:48:45,047 [cdd88cb1-716b-4e52-8ddf-d696aacac702@group-7EB238C3CBC3:LeaderElection63] INFO  impl.LeaderElection (LeaderElection.java:logAndReturn(56)) - cdd88cb1-716b-4e52-8ddf-d696aacac702@group-7EB238C3CBC3:LeaderElection63: Election REJECTED; received 2 response(s) [cdd88cb1-716b-4e52-8ddf-d696aacac702<-c9baf647-08c3-4366-86b9-39150e9e3608#0:FAIL-t18, cdd88cb1-716b-4e52-8ddf-d696aacac702<-0d4e421f-a580-438c-824a-2881e7ce6119#0:FAIL-t18] and 0 exception(s); cdd88cb1-716b-4e52-8ddf-d696aacac702@group-7EB238C3CBC3:t18, leader=null, voted=cdd88cb1-716b-4e52-8ddf-d696aacac702, raftlog=cdd88cb1-716b-4e52-8ddf-d696aacac702@group-7EB238C3CBC3-SegmentedRaftLog:OPENED:c-1,f-1,i0, conf=-1: [c9baf647-08c3-4366-86b9-39150e9e3608:192.168.5.171:34562, cdd88cb1-716b-4e52-8ddf-d696aacac702:192.168.5.171:38745, 0d4e421f-a580-438c-824a-2881e7ce6119:192.168.5.171:46782], old=null
2019-09-19 10:48:45,047 [0d4e421f-a580-438c-824a-2881e7ce6119@group-7EB238C3CBC3:LeaderElection64] INFO  impl.LeaderElection (LeaderElection.java:logAndReturn(56)) - 0d4e421f-a580-438c-824a-2881e7ce6119@group-7EB238C3CBC3:LeaderElection64: Election REJECTED; received 2 response(s) [0d4e421f-a580-438c-824a-2881e7ce6119<-c9baf647-08c3-4366-86b9-39150e9e3608#0:FAIL-t18, 0d4e421f-a580-438c-824a-2881e7ce6119<-cdd88cb1-716b-4e52-8ddf-d696aacac702#0:FAIL-t18] and 0 exception(s); 0d4e421f-a580-438c-824a-2881e7ce6119@group-7EB238C3CBC3:t18, leader=null, voted=0d4e421f-a580-438c-824a-2881e7ce6119, raftlog=0d4e421f-a580-438c-824a-2881e7ce6119@group-7EB238C3CBC3-SegmentedRaftLog:OPENED:c-1,f-1,i0, conf=-1: [c9baf647-08c3-4366-86b9-39150e9e3608:192.168.5.171:34562, cdd88cb1-716b-4e52-8ddf-d696aacac702:192.168.5.171:38745, 0d4e421f-a580-438c-824a-2881e7ce6119:192.168.5.171:46782], old=null
2019-09-19 10:48:45,047 [cdd88cb1-716b-4e52-8ddf-d696aacac702@group-7EB238C3CBC3:LeaderElection63] INFO  impl.RaftServerImpl (RaftServerImpl.java:setRole(174)) - cdd88cb1-716b-4e52-8ddf-d696aacac702@group-7EB238C3CBC3: changes role from CANDIDATE to FOLLOWER at term 18 for DISCOVERED_A_NEW_TERM
2019-09-19 10:48:45,049 [c9baf647-08c3-4366-86b9-39150e9e3608@group-7EB238C3CBC3:LeaderElection62] INFO  impl.LeaderElection (LeaderElection.java:logAndReturn(56)) - c9baf647-08c3-4366-86b9-39150e9e3608@group-7EB238C3CBC3:LeaderElection62: Election REJECTED; received 2 response(s) [c9baf647-08c3-4366-86b9-39150e9e3608<-cdd88cb1-716b-4e52-8ddf-d696aacac702#0:FAIL-t18, c9baf647-08c3-4366-86b9-39150e9e3608<-0d4e421f-a580-438c-824a-2881e7ce6119#0:FAIL-t18] and 0 exception(s); c9baf647-08c3-4366-86b9-39150e9e3608@group-7EB238C3CBC3:t18, leader=null, voted=c9baf647-08c3-4366-86b9-39150e9e3608, raftlog=c9baf647-08c3-4366-86b9-39150e9e3608@group-7EB238C3CBC3-SegmentedRaftLog:OPENED:c-1,f-1,i0, conf=-1: [c9baf647-08c3-4366-86b9-39150e9e3608:192.168.5.171:34562, cdd88cb1-716b-4e52-8ddf-d696aacac702:192.168.5.171:38745, 0d4e421f-a580-438c-824a-2881e7ce6119:192.168.5.171:46782], old=null
2019-09-19 10:48:45,049 [0d4e421f-a580-438c-824a-2881e7ce6119@group-7EB238C3CBC3:LeaderElection64] INFO  impl.RaftServerImpl (RaftServerImpl.java:setRole(174)) - 0d4e421f-a580-438c-824a-2881e7ce6119@group-7EB238C3CBC3: changes role from CANDIDATE to FOLLOWER at term 18 for DISCOVERED_A_NEW_TERM
2019-09-19 10:48:45,052 [c9baf647-08c3-4366-86b9-39150e9e3608@group-7EB238C3CBC3:LeaderElection62] INFO  impl.RaftServerImpl (RaftServerImpl.java:setRole(174)) - c9baf647-08c3-4366-86b9-39150e9e3608@group-7EB238C3CBC3: changes role from CANDIDATE to FOLLOWER at term 18 for DISCOVERED_A_NEW_TERM
2019-09-19 10:48:45,049 [cdd88cb1-716b-4e52-8ddf-d696aacac702@group-7EB238C3CBC3:LeaderElection63] INFO  impl.RoleInfo (RoleInfo.java:shutdownLeaderElection(134)) - cdd88cb1-716b-4e52-8ddf-d696aacac702: shutdown LeaderElection
2019-09-19 10:48:45,054 [cdd88cb1-716b-4e52-8ddf-d696aacac702@group-D38C9D3A40DE:LeaderElection61] INFO  impl.RoleInfo (RoleInfo.java:updateAndGet(143)) - cdd88cb1-716b-4e52-8ddf-d696aacac702: start LeaderState
2019-09-19 10:48:45,054 [c9baf647-08c3-4366-86b9-39150e9e3608@group-7EB238C3CBC3:LeaderElection62] INFO  impl.RoleInfo (RoleInfo.java:shutdownLeaderElection(134)) - c9baf647-08c3-4366-86b9-39150e9e3608: shutdown LeaderElection
2019-09-19 10:48:45,052 [0d4e421f-a580-438c-824a-2881e7ce6119@group-7EB238C3CBC3:LeaderElection64] INFO  impl.RoleInfo (RoleInfo.java:shutdownLeaderElection(134)) - 0d4e421f-a580-438c-824a-2881e7ce6119: shutdown LeaderElection
2019-09-19 10:48:45,054 [cdd88cb1-716b-4e52-8ddf-d696aacac702@group-D38C9D3A40DE:LeaderElection61] INFO  segmented.SegmentedRaftLogWorker (SegmentedRaftLogWorker.java:startLogSegment(380)) - cdd88cb1-716b-4e52-8ddf-d696aacac702@group-D38C9D3A40DE-SegmentedRaftLogWorker: Starting segment from index:0
2019-09-19 10:48:45,054 [c9baf647-08c3-4366-86b9-39150e9e3608@group-7EB238C3CBC3:LeaderElection62] INFO  impl.RoleInfo (RoleInfo.java:updateAndGet(143)) - c9baf647-08c3-4366-86b9-39150e9e3608: start FollowerState
2019-09-19 10:48:45,054 [cdd88cb1-716b-4e52-8ddf-d696aacac702@group-7EB238C3CBC3:LeaderElection63] INFO  impl.RoleInfo (RoleInfo.java:updateAndGet(143)) - cdd88cb1-716b-4e52-8ddf-d696aacac702: start FollowerState
2019-09-19 10:48:45,054 [0d4e421f-a580-438c-824a-2881e7ce6119@group-7EB238C3CBC3:LeaderElection64] INFO  impl.RoleInfo (RoleInfo.java:updateAndGet(143)) - 0d4e421f-a580-438c-824a-2881e7ce6119: start FollowerState
2019-09-19 10:48:45,055 [cdd88cb1-716b-4e52-8ddf-d696aacac702@group-D38C9D3A40DE:LeaderElection61] INFO  impl.RaftServerImpl (ServerState.java:setRaftConf(354)) - cdd88cb1-716b-4e52-8ddf-d696aacac702@group-D38C9D3A40DE: set configuration 0: [cdd88cb1-716b-4e52-8ddf-d696aacac702:192.168.5.171:38745], old=null at 0
2019-09-19 10:48:45,327 [EventQueue-PipelineActionsForPipelineActionHandler] ERROR pipeline.PipelineActionHandler (PipelineActionHandler.java:onMessage(60)) - Received pipeline action CLOSE for Pipeline[ Id: 0039b36d-2fcf-4f3f-ab41-7eb238c3cbc3, Nodes: 0d4e421f-a580-438c-824a-2881e7ce6119{ip: 192.168.5.171, host: pr-hdds-1054-s6xkv-2432930293, networkLocation: /default-rack, certSerialId: null}cdd88cb1-716b-4e52-8ddf-d696aacac702{ip: 192.168.5.171, host: pr-hdds-1054-s6xkv-2432930293, networkLocation: /default-rack, certSerialId: null}c9baf647-08c3-4366-86b9-39150e9e3608{ip: 192.168.5.171, host: pr-hdds-1054-s6xkv-2432930293, networkLocation: /default-rack, certSerialId: null}, Type:RATIS, Factor:THREE, State:CLOSED] from datanode 0d4e421f-a580-438c-824a-2881e7ce6119{ip: 192.168.5.171, host: pr-hdds-1054-s6xkv-2432930293, networkLocation: /default-rack, certSerialId: null}. Reason : 0d4e421f-a580-438c-824a-2881e7ce6119 is in candidate state for 123992ms
2019-09-19 10:48:45,327 [EventQueue-PipelineActionsForPipelineActionHandler] INFO  pipeline.SCMPipelineManager (SCMPipelineManager.java:finalizeAndDestroyPipeline(311)) - destroying pipeline:Pipeline[ Id: 0039b36d-2fcf-4f3f-ab41-7eb238c3cbc3, Nodes: 0d4e421f-a580-438c-824a-2881e7ce6119{ip: 192.168.5.171, host: pr-hdds-1054-s6xkv-2432930293, networkLocation: /default-rack, certSerialId: null}cdd88cb1-716b-4e52-8ddf-d696aacac702{ip: 192.168.5.171, host: pr-hdds-1054-s6xkv-2432930293, networkLocation: /default-rack, certSerialId: null}c9baf647-08c3-4366-86b9-39150e9e3608{ip: 192.168.5.171, host: pr-hdds-1054-s6xkv-2432930293, networkLocation: /default-rack, certSerialId: null}, Type:RATIS, Factor:THREE, State:CLOSED]
2019-09-19 10:48:45,466 [cdd88cb1-716b-4e52-8ddf-d696aacac702@group-D38C9D3A40DE-SegmentedRaftLogWorker] INFO  segmented.SegmentedRaftLogWorker (SegmentedRaftLogWorker.java:execute(569)) - cdd88cb1-716b-4e52-8ddf-d696aacac702@group-D38C9D3A40DE-SegmentedRaftLogWorker: created new log segment /workdir/hadoop-ozone/ozonefs/target/test-dir/MiniOzoneClusterImpl-a851322c-baef-453f-943c-3a09e8b40232/datanode-1/data/ratis/32ced01e-d5ca-484c-8778-d38c9d3a40de/current/log_inprogress_0
2019-09-19 10:48:45,485 [Thread-895] INFO  impl.FollowerState (FollowerState.java:run(106)) - c9baf647-08c3-4366-86b9-39150e9e3608:group-B0F69E15C6F6 changes to CANDIDATE, lastRpcTime:5079, electionTimeout:5079ms
2019-09-19 10:48:45,489 [Thread-895] INFO  impl.RoleInfo (RoleInfo.java:shutdownFollowerState(121)) - c9baf647-08c3-4366-86b9-39150e9e3608: shutdown FollowerState
2019-09-19 10:48:45,489 [Thread-895] INFO  impl.RaftServerImpl (RaftServerImpl.java:setRole(174)) - c9baf647-08c3-4366-86b9-39150e9e3608@group-B0F69E15C6F6: changes role from  FOLLOWER to CANDIDATE at term 0 for changeToCandidate
2019-09-19 10:48:45,489 [Thread-895] INFO  impl.RoleInfo (RoleInfo.java:updateAndGet(143)) - c9baf647-08c3-4366-86b9-39150e9e3608: start LeaderElection
2019-09-19 10:48:45,705 [c9baf647-08c3-4366-86b9-39150e9e3608@group-B0F69E15C6F6:LeaderElection65] INFO  impl.LeaderElection (LeaderElection.java:askForVotes(182)) - c9baf647-08c3-4366-86b9-39150e9e3608@group-B0F69E15C6F6:LeaderElection65: begin an election at term 1 for -1: [c9baf647-08c3-4366-86b9-39150e9e3608:192.168.5.171:34562], old=null
2019-09-19 10:48:45,706 [c9baf647-08c3-4366-86b9-39150e9e3608@group-B0F69E15C6F6:LeaderElection65] INFO  impl.RoleInfo (RoleInfo.java:shutdownLeaderElection(134)) - c9baf647-08c3-4366-86b9-39150e9e3608: shutdown LeaderElection
2019-09-19 10:48:45,706 [c9baf647-08c3-4366-86b9-39150e9e3608@group-B0F69E15C6F6:LeaderElection65] INFO  impl.RaftServerImpl (RaftServerImpl.java:setRole(174)) - c9baf647-08c3-4366-86b9-39150e9e3608@group-B0F69E15C6F6: changes role from CANDIDATE to LEADER at term 1 for changeToLeader
2019-09-19 10:48:45,706 [c9baf647-08c3-4366-86b9-39150e9e3608@group-B0F69E15C6F6:LeaderElection65] INFO  impl.RaftServerImpl (ServerState.java:setLeader(253)) - c9baf647-08c3-4366-86b9-39150e9e3608@group-B0F69E15C6F6: change Leader from null to c9baf647-08c3-4366-86b9-39150e9e3608 at term 1 for becomeLeader, leader elected after 5307ms
2019-09-19 10:48:45,706 [c9baf647-08c3-4366-86b9-39150e9e3608@group-B0F69E15C6F6:LeaderElection65] INFO  server.RaftServerConfigKeys (ConfUtils.java:logGet(43)) - raft.server.staging.catchup.gap = 1000 (default)
2019-09-19 10:48:45,706 [c9baf647-08c3-4366-86b9-39150e9e3608@group-B0F69E15C6F6:LeaderElection65] INFO  server.RaftServerConfigKeys (ConfUtils.java:logGet(43)) - raft.server.rpc.sleep.time = 25ms (default)
2019-09-19 10:48:45,706 [c9baf647-08c3-4366-86b9-39150e9e3608@group-B0F69E15C6F6:LeaderElection65] INFO  server.RaftServerConfigKeys (ConfUtils.java:logGet(43)) - raft.server.write.element-limit = 4096 (default)
2019-09-19 10:48:45,707 [c9baf647-08c3-4366-86b9-39150e9e3608@group-B0F69E15C6F6:LeaderElection65] INFO  server.RaftServerConfigKeys (ConfUtils.java:logGet(43)) - raft.server.watch.timeout = 10s (default)
2019-09-19 10:48:45,707 [c9baf647-08c3-4366-86b9-39150e9e3608@group-B0F69E15C6F6:LeaderElection65] INFO  server.RaftServerConfigKeys (ConfUtils.java:logGet(43)) - raft.server.watch.timeout.denomination = 1s (default)
2019-09-19 10:48:45,707 [c9baf647-08c3-4366-86b9-39150e9e3608@group-B0F69E15C6F6:LeaderElection65] INFO  server.RaftServerConfigKeys (ConfUtils.java:logGet(43)) - raft.server.watch.element-limit = 65536 (default)
2019-09-19 10:48:45,710 [c9baf647-08c3-4366-86b9-39150e9e3608@group-B0F69E15C6F6:LeaderElection65] INFO  impl.RoleInfo (RoleInfo.java:updateAndGet(143)) - c9baf647-08c3-4366-86b9-39150e9e3608: start LeaderState
2019-09-19 10:48:45,710 [c9baf647-08c3-4366-86b9-39150e9e3608@group-B0F69E15C6F6:LeaderElection65] INFO  segmented.SegmentedRaftLogWorker (SegmentedRaftLogWorker.java:startLogSegment(380)) - c9baf647-08c3-4366-86b9-39150e9e3608@group-B0F69E15C6F6-SegmentedRaftLogWorker: Starting segment from index:0
2019-09-19 10:48:45,711 [c9baf647-08c3-4366-86b9-39150e9e3608@group-B0F69E15C6F6:LeaderElection65] INFO  impl.RaftServerImpl (ServerState.java:setRaftConf(354)) - c9baf647-08c3-4366-86b9-39150e9e3608@group-B0F69E15C6F6: set configuration 0: [c9baf647-08c3-4366-86b9-39150e9e3608:192.168.5.171:34562], old=null at 0
2019-09-19 10:48:46,008 [c9baf647-08c3-4366-86b9-39150e9e3608@group-B0F69E15C6F6-SegmentedRaftLogWorker] INFO  segmented.SegmentedRaftLogWorker (SegmentedRaftLogWorker.java:execute(569)) - c9baf647-08c3-4366-86b9-39150e9e3608@group-B0F69E15C6F6-SegmentedRaftLogWorker: created new log segment /workdir/hadoop-ozone/ozonefs/target/test-dir/MiniOzoneClusterImpl-a851322c-baef-453f-943c-3a09e8b40232/datanode-2/data/ratis/eeaf5311-4cd3-4b98-9b1b-b0f69e15c6f6/current/log_inprogress_0
2019-09-19 10:48:46,328 [Command processor thread] ERROR commandhandler.CloseContainerCommandHandler (CloseContainerCommandHandler.java:handle(84)) - Container #1 does not exist in datanode. Container close failed.
2019-09-19 10:48:46,328 [Command processor thread] ERROR commandhandler.CloseContainerCommandHandler (CloseContainerCommandHandler.java:handle(84)) - Container #2 does not exist in datanode. Container close failed.
2019-09-19 10:48:46,328 [Command processor thread] ERROR commandhandler.CloseContainerCommandHandler (CloseContainerCommandHandler.java:handle(84)) - Container #3 does not exist in datanode. Container close failed.
2019-09-19 10:48:46,328 [Command processor thread] ERROR commandhandler.CloseContainerCommandHandler (CloseContainerCommandHandler.java:handle(84)) - Container #2 does not exist in datanode. Container close failed.
2019-09-19 10:48:46,328 [Command processor thread] ERROR commandhandler.CloseContainerCommandHandler (CloseContainerCommandHandler.java:handle(84)) - Container #3 does not exist in datanode. Container close failed.
2019-09-19 10:48:46,511 [Thread-900] INFO  impl.FollowerState (FollowerState.java:run(106)) - f64e3657-4bb3-42d9-9406-cc1ee06e2b0e:group-CE58C2FE1D03 changes to CANDIDATE, lastRpcTime:5012, electionTimeout:5012ms
2019-09-19 10:48:46,512 [Thread-900] INFO  impl.RoleInfo (RoleInfo.java:shutdownFollowerState(121)) - f64e3657-4bb3-42d9-9406-cc1ee06e2b0e: shutdown FollowerState
2019-09-19 10:48:46,512 [Thread-900] INFO  impl.RaftServerImpl (RaftServerImpl.java:setRole(174)) - f64e3657-4bb3-42d9-9406-cc1ee06e2b0e@group-CE58C2FE1D03: changes role from  FOLLOWER to CANDIDATE at term 0 for changeToCandidate
2019-09-19 10:48:46,512 [Thread-900] INFO  impl.RoleInfo (RoleInfo.java:updateAndGet(143)) - f64e3657-4bb3-42d9-9406-cc1ee06e2b0e: start LeaderElection
2019-09-19 10:48:46,699 [Command processor thread] ERROR commandhandler.CloseContainerCommandHandler (CloseContainerCommandHandler.java:handle(84)) - Container #1 does not exist in datanode. Container close failed.
2019-09-19 10:48:46,700 [Command processor thread] ERROR commandhandler.CloseContainerCommandHandler (CloseContainerCommandHandler.java:handle(84)) - Container #2 does not exist in datanode. Container close failed.
2019-09-19 10:48:46,701 [Command processor thread] ERROR commandhandler.CloseContainerCommandHandler (CloseContainerCommandHandler.java:handle(84)) - Container #3 does not exist in datanode. Container close failed.
2019-09-19 10:48:46,701 [Command processor thread] ERROR commandhandler.CloseContainerCommandHandler (CloseContainerCommandHandler.java:handle(84)) - Container #2 does not exist in datanode. Container close failed.
2019-09-19 10:48:46,701 [Command processor thread] ERROR commandhandler.CloseContainerCommandHandler (CloseContainerCommandHandler.java:handle(84)) - Container #3 does not exist in datanode. Container close failed.
2019-09-19 10:48:46,755 [f64e3657-4bb3-42d9-9406-cc1ee06e2b0e@group-CE58C2FE1D03:LeaderElection66] INFO  impl.LeaderElection (LeaderElection.java:askForVotes(182)) - f64e3657-4bb3-42d9-9406-cc1ee06e2b0e@group-CE58C2FE1D03:LeaderElection66: begin an election at term 1 for -1: [f64e3657-4bb3-42d9-9406-cc1ee06e2b0e:192.168.5.171:39797], old=null
2019-09-19 10:48:46,755 [f64e3657-4bb3-42d9-9406-cc1ee06e2b0e@group-CE58C2FE1D03:LeaderElection66] INFO  impl.RoleInfo (RoleInfo.java:shutdownLeaderElection(134)) - f64e3657-4bb3-42d9-9406-cc1ee06e2b0e: shutdown LeaderElection
2019-09-19 10:48:46,756 [f64e3657-4bb3-42d9-9406-cc1ee06e2b0e@group-CE58C2FE1D03:LeaderElection66] INFO  impl.RaftServerImpl (RaftServerImpl.java:setRole(174)) - f64e3657-4bb3-42d9-9406-cc1ee06e2b0e@group-CE58C2FE1D03: changes role from CANDIDATE to LEADER at term 1 for changeToLeader
2019-09-19 10:48:46,756 [f64e3657-4bb3-42d9-9406-cc1ee06e2b0e@group-CE58C2FE1D03:LeaderElection66] INFO  impl.RaftServerImpl (ServerState.java:setLeader(253)) - f64e3657-4bb3-42d9-9406-cc1ee06e2b0e@group-CE58C2FE1D03: change Leader from null to f64e3657-4bb3-42d9-9406-cc1ee06e2b0e at term 1 for becomeLeader, leader elected after 5272ms
2019-09-19 10:48:46,758 [f64e3657-4bb3-42d9-9406-cc1ee06e2b0e@group-CE58C2FE1D03:LeaderElection66] INFO  server.RaftServerConfigKeys (ConfUtils.java:logGet(43)) - raft.server.staging.catchup.gap = 1000 (default)
2019-09-19 10:48:46,758 [f64e3657-4bb3-42d9-9406-cc1ee06e2b0e@group-CE58C2FE1D03:LeaderElection66] INFO  server.RaftServerConfigKeys (ConfUtils.java:logGet(43)) - raft.server.rpc.sleep.time = 25ms (default)
2019-09-19 10:48:46,758 [f64e3657-4bb3-42d9-9406-cc1ee06e2b0e@group-CE58C2FE1D03:LeaderElection66] INFO  server.RaftServerConfigKeys (ConfUtils.java:logGet(43)) - raft.server.write.element-limit = 4096 (default)
2019-09-19 10:48:46,758 [f64e3657-4bb3-42d9-9406-cc1ee06e2b0e@group-CE58C2FE1D03:LeaderElection66] INFO  server.RaftServerConfigKeys (ConfUtils.java:logGet(43)) - raft.server.watch.timeout = 10s (default)
2019-09-19 10:48:46,759 [f64e3657-4bb3-42d9-9406-cc1ee06e2b0e@group-CE58C2FE1D03:LeaderElection66] INFO  server.RaftServerConfigKeys (ConfUtils.java:logGet(43)) - raft.server.watch.timeout.denomination = 1s (default)
2019-09-19 10:48:46,759 [f64e3657-4bb3-42d9-9406-cc1ee06e2b0e@group-CE58C2FE1D03:LeaderElection66] INFO  server.RaftServerConfigKeys (ConfUtils.java:logGet(43)) - raft.server.watch.element-limit = 65536 (default)
2019-09-19 10:48:46,763 [f64e3657-4bb3-42d9-9406-cc1ee06e2b0e@group-CE58C2FE1D03:LeaderElection66] INFO  impl.RoleInfo (RoleInfo.java:updateAndGet(143)) - f64e3657-4bb3-42d9-9406-cc1ee06e2b0e: start LeaderState
2019-09-19 10:48:46,764 [f64e3657-4bb3-42d9-9406-cc1ee06e2b0e@group-CE58C2FE1D03:LeaderElection66] INFO  segmented.SegmentedRaftLogWorker (SegmentedRaftLogWorker.java:startLogSegment(380)) - f64e3657-4bb3-42d9-9406-cc1ee06e2b0e@group-CE58C2FE1D03-SegmentedRaftLogWorker: Starting segment from index:0
2019-09-19 10:48:46,764 [f64e3657-4bb3-42d9-9406-cc1ee06e2b0e@group-CE58C2FE1D03:LeaderElection66] INFO  impl.RaftServerImpl (ServerState.java:setRaftConf(354)) - f64e3657-4bb3-42d9-9406-cc1ee06e2b0e@group-CE58C2FE1D03: set configuration 0: [f64e3657-4bb3-42d9-9406-cc1ee06e2b0e:192.168.5.171:39797], old=null at 0
2019-09-19 10:48:47,156 [f64e3657-4bb3-42d9-9406-cc1ee06e2b0e@group-CE58C2FE1D03-SegmentedRaftLogWorker] INFO  segmented.SegmentedRaftLogWorker (SegmentedRaftLogWorker.java:execute(569)) - f64e3657-4bb3-42d9-9406-cc1ee06e2b0e@group-CE58C2FE1D03-SegmentedRaftLogWorker: created new log segment /workdir/hadoop-ozone/ozonefs/target/test-dir/MiniOzoneClusterImpl-a851322c-baef-453f-943c-3a09e8b40232/datanode-4/data/ratis/c5840308-50f5-4a9d-8ad2-ce58c2fe1d03/current/log_inprogress_0
2019-09-19 10:48:47,331 [Thread-905] INFO  impl.FollowerState (FollowerState.java:run(106)) - 7d3378a5-d58a-4a01-ae4b-1a14f3868aab:group-7A88EC9B3963 changes to CANDIDATE, lastRpcTime:5148, electionTimeout:5148ms
2019-09-19 10:48:47,331 [Thread-905] INFO  impl.RoleInfo (RoleInfo.java:shutdownFollowerState(121)) - 7d3378a5-d58a-4a01-ae4b-1a14f3868aab: shutdown FollowerState
2019-09-19 10:48:47,331 [Thread-905] INFO  impl.RaftServerImpl (RaftServerImpl.java:setRole(174)) - 7d3378a5-d58a-4a01-ae4b-1a14f3868aab@group-7A88EC9B3963: changes role from  FOLLOWER to CANDIDATE at term 0 for changeToCandidate
2019-09-19 10:48:47,331 [Thread-905] INFO  impl.RoleInfo (RoleInfo.java:updateAndGet(143)) - 7d3378a5-d58a-4a01-ae4b-1a14f3868aab: start LeaderElection
2019-09-19 10:48:47,542 [7d3378a5-d58a-4a01-ae4b-1a14f3868aab@group-7A88EC9B3963:LeaderElection67] INFO  impl.LeaderElection (LeaderElection.java:askForVotes(182)) - 7d3378a5-d58a-4a01-ae4b-1a14f3868aab@group-7A88EC9B3963:LeaderElection67: begin an election at term 1 for -1: [7d3378a5-d58a-4a01-ae4b-1a14f3868aab:192.168.5.171:33893], old=null
2019-09-19 10:48:47,543 [7d3378a5-d58a-4a01-ae4b-1a14f3868aab@group-7A88EC9B3963:LeaderElection67] INFO  impl.RoleInfo (RoleInfo.java:shutdownLeaderElection(134)) - 7d3378a5-d58a-4a01-ae4b-1a14f3868aab: shutdown LeaderElection
2019-09-19 10:48:47,543 [7d3378a5-d58a-4a01-ae4b-1a14f3868aab@group-7A88EC9B3963:LeaderElection67] INFO  impl.RaftServerImpl (RaftServerImpl.java:setRole(174)) - 7d3378a5-d58a-4a01-ae4b-1a14f3868aab@group-7A88EC9B3963: changes role from CANDIDATE to LEADER at term 1 for changeToLeader
2019-09-19 10:48:47,543 [7d3378a5-d58a-4a01-ae4b-1a14f3868aab@group-7A88EC9B3963:LeaderElection67] INFO  impl.RaftServerImpl (ServerState.java:setLeader(253)) - 7d3378a5-d58a-4a01-ae4b-1a14f3868aab@group-7A88EC9B3963: change Leader from null to 7d3378a5-d58a-4a01-ae4b-1a14f3868aab at term 1 for becomeLeader, leader elected after 5370ms
2019-09-19 10:48:47,546 [7d3378a5-d58a-4a01-ae4b-1a14f3868aab@group-7A88EC9B3963:LeaderElection67] INFO  server.RaftServerConfigKeys (ConfUtils.java:logGet(43)) - raft.server.staging.catchup.gap = 1000 (default)
2019-09-19 10:48:47,547 [7d3378a5-d58a-4a01-ae4b-1a14f3868aab@group-7A88EC9B3963:LeaderElection67] INFO  server.RaftServerConfigKeys (ConfUtils.java:logGet(43)) - raft.server.rpc.sleep.time = 25ms (default)
2019-09-19 10:48:47,547 [7d3378a5-d58a-4a01-ae4b-1a14f3868aab@group-7A88EC9B3963:LeaderElection67] INFO  server.RaftServerConfigKeys (ConfUtils.java:logGet(43)) - raft.server.write.element-limit = 4096 (default)
2019-09-19 10:48:47,547 [7d3378a5-d58a-4a01-ae4b-1a14f3868aab@group-7A88EC9B3963:LeaderElection67] INFO  server.RaftServerConfigKeys (ConfUtils.java:logGet(43)) - raft.server.watch.timeout = 10s (default)
2019-09-19 10:48:47,548 [7d3378a5-d58a-4a01-ae4b-1a14f3868aab@group-7A88EC9B3963:LeaderElection67] INFO  server.RaftServerConfigKeys (ConfUtils.java:logGet(43)) - raft.server.watch.timeout.denomination = 1s (default)
2019-09-19 10:48:47,548 [7d3378a5-d58a-4a01-ae4b-1a14f3868aab@group-7A88EC9B3963:LeaderElection67] INFO  server.RaftServerConfigKeys (ConfUtils.java:logGet(43)) - raft.server.watch.element-limit = 65536 (default)
2019-09-19 10:48:47,553 [7d3378a5-d58a-4a01-ae4b-1a14f3868aab@group-7A88EC9B3963:LeaderElection67] INFO  impl.RoleInfo (RoleInfo.java:updateAndGet(143)) - 7d3378a5-d58a-4a01-ae4b-1a14f3868aab: start LeaderState
2019-09-19 10:48:47,554 [7d3378a5-d58a-4a01-ae4b-1a14f3868aab@group-7A88EC9B3963:LeaderElection67] INFO  segmented.SegmentedRaftLogWorker (SegmentedRaftLogWorker.java:startLogSegment(380)) - 7d3378a5-d58a-4a01-ae4b-1a14f3868aab@group-7A88EC9B3963-SegmentedRaftLogWorker: Starting segment from index:0
2019-09-19 10:48:47,554 [7d3378a5-d58a-4a01-ae4b-1a14f3868aab@group-7A88EC9B3963:LeaderElection67] INFO  impl.RaftServerImpl (ServerState.java:setRaftConf(354)) - 7d3378a5-d58a-4a01-ae4b-1a14f3868aab@group-7A88EC9B3963: set configuration 0: [7d3378a5-d58a-4a01-ae4b-1a14f3868aab:192.168.5.171:33893], old=null at 0
2019-09-19 10:48:47,700 [Command processor thread] ERROR commandhandler.CloseContainerCommandHandler (CloseContainerCommandHandler.java:handle(84)) - Container #1 does not exist in datanode. Container close failed.
2019-09-19 10:48:47,701 [Command processor thread] ERROR commandhandler.CloseContainerCommandHandler (CloseContainerCommandHandler.java:handle(84)) - Container #2 does not exist in datanode. Container close failed.
2019-09-19 10:48:47,701 [Command processor thread] ERROR commandhandler.CloseContainerCommandHandler (CloseContainerCommandHandler.java:handle(84)) - Container #3 does not exist in datanode. Container close failed.
2019-09-19 10:48:47,701 [Command processor thread] ERROR commandhandler.CloseContainerCommandHandler (CloseContainerCommandHandler.java:handle(84)) - Container #2 does not exist in datanode. Container close failed.
2019-09-19 10:48:47,701 [Command processor thread] ERROR commandhandler.CloseContainerCommandHandler (CloseContainerCommandHandler.java:handle(84)) - Container #3 does not exist in datanode. Container close failed.
2019-09-19 10:48:47,786 [7d3378a5-d58a-4a01-ae4b-1a14f3868aab@group-7A88EC9B3963-SegmentedRaftLogWorker] INFO  segmented.SegmentedRaftLogWorker (SegmentedRaftLogWorker.java:execute(569)) - 7d3378a5-d58a-4a01-ae4b-1a14f3868aab@group-7A88EC9B3963-SegmentedRaftLogWorker: created new log segment /workdir/hadoop-ozone/ozonefs/target/test-dir/MiniOzoneClusterImpl-a851322c-baef-453f-943c-3a09e8b40232/datanode-3/data/ratis/af468025-5f29-4618-aa32-7a88ec9b3963/current/log_inprogress_0
2019-09-19 10:48:50,112 [Thread-930] INFO  impl.FollowerState (FollowerState.java:run(106)) - c9baf647-08c3-4366-86b9-39150e9e3608:group-7EB238C3CBC3 changes to CANDIDATE, lastRpcTime:5058, electionTimeout:5057ms
2019-09-19 10:48:50,113 [Thread-930] INFO  impl.RoleInfo (RoleInfo.java:shutdownFollowerState(121)) - c9baf647-08c3-4366-86b9-39150e9e3608: shutdown FollowerState
2019-09-19 10:48:50,113 [Thread-930] INFO  impl.RaftServerImpl (RaftServerImpl.java:setRole(174)) - c9baf647-08c3-4366-86b9-39150e9e3608@group-7EB238C3CBC3: changes role from  FOLLOWER to CANDIDATE at term 18 for changeToCandidate
2019-09-19 10:48:50,113 [Thread-930] ERROR ratis.XceiverServerRatis (XceiverServerRatis.java:triggerPipelineClose(575)) - pipeline Action CLOSE  on pipeline PipelineID=0039b36d-2fcf-4f3f-ab41-7eb238c3cbc3.Reason : c9baf647-08c3-4366-86b9-39150e9e3608 is in candidate state for 130619ms
2019-09-19 10:48:50,113 [Thread-930] INFO  impl.RoleInfo (RoleInfo.java:updateAndGet(143)) - c9baf647-08c3-4366-86b9-39150e9e3608: start LeaderElection
2019-09-19 10:48:50,117 [Thread-929] INFO  impl.FollowerState (FollowerState.java:run(106)) - cdd88cb1-716b-4e52-8ddf-d696aacac702:group-7EB238C3CBC3 changes to CANDIDATE, lastRpcTime:5062, electionTimeout:5061ms
2019-09-19 10:48:50,117 [Thread-929] INFO  impl.RoleInfo (RoleInfo.java:shutdownFollowerState(121)) - cdd88cb1-716b-4e52-8ddf-d696aacac702: shutdown FollowerState
2019-09-19 10:48:50,117 [Thread-929] INFO  impl.RaftServerImpl (RaftServerImpl.java:setRole(174)) - cdd88cb1-716b-4e52-8ddf-d696aacac702@group-7EB238C3CBC3: changes role from  FOLLOWER to CANDIDATE at term 18 for changeToCandidate
2019-09-19 10:48:50,117 [Thread-929] ERROR ratis.XceiverServerRatis (XceiverServerRatis.java:triggerPipelineClose(575)) - pipeline Action CLOSE  on pipeline PipelineID=0039b36d-2fcf-4f3f-ab41-7eb238c3cbc3.Reason : cdd88cb1-716b-4e52-8ddf-d696aacac702 is in candidate state for 130623ms
2019-09-19 10:48:50,117 [Thread-929] INFO  impl.RoleInfo (RoleInfo.java:updateAndGet(143)) - cdd88cb1-716b-4e52-8ddf-d696aacac702: start LeaderElection
2019-09-19 10:48:50,232 [Thread-931] INFO  impl.FollowerState (FollowerState.java:run(106)) - 0d4e421f-a580-438c-824a-2881e7ce6119:group-7EB238C3CBC3 changes to CANDIDATE, lastRpcTime:5177, electionTimeout:5176ms
2019-09-19 10:48:50,232 [Thread-931] INFO  impl.RoleInfo (RoleInfo.java:shutdownFollowerState(121)) - 0d4e421f-a580-438c-824a-2881e7ce6119: shutdown FollowerState
2019-09-19 10:48:50,232 [Thread-931] INFO  impl.RaftServerImpl (RaftServerImpl.java:setRole(174)) - 0d4e421f-a580-438c-824a-2881e7ce6119@group-7EB238C3CBC3: changes role from  FOLLOWER to CANDIDATE at term 18 for changeToCandidate
2019-09-19 10:48:50,232 [Thread-931] ERROR ratis.XceiverServerRatis (XceiverServerRatis.java:triggerPipelineClose(575)) - pipeline Action CLOSE  on pipeline PipelineID=0039b36d-2fcf-4f3f-ab41-7eb238c3cbc3.Reason : 0d4e421f-a580-438c-824a-2881e7ce6119 is in candidate state for 129572ms
2019-09-19 10:48:50,232 [Thread-931] INFO  impl.RoleInfo (RoleInfo.java:updateAndGet(143)) - 0d4e421f-a580-438c-824a-2881e7ce6119: start LeaderElection
2019-09-19 10:48:50,262 [cdd88cb1-716b-4e52-8ddf-d696aacac702@group-7EB238C3CBC3:LeaderElection69] INFO  impl.LeaderElection (LeaderElection.java:askForVotes(182)) - cdd88cb1-716b-4e52-8ddf-d696aacac702@group-7EB238C3CBC3:LeaderElection69: begin an election at term 19 for -1: [c9baf647-08c3-4366-86b9-39150e9e3608:192.168.5.171:34562, cdd88cb1-716b-4e52-8ddf-d696aacac702:192.168.5.171:38745, 0d4e421f-a580-438c-824a-2881e7ce6119:192.168.5.171:46782], old=null
2019-09-19 10:48:50,262 [c9baf647-08c3-4366-86b9-39150e9e3608@group-7EB238C3CBC3:LeaderElection68] INFO  impl.LeaderElection (LeaderElection.java:askForVotes(182)) - c9baf647-08c3-4366-86b9-39150e9e3608@group-7EB238C3CBC3:LeaderElection68: begin an election at term 19 for -1: [c9baf647-08c3-4366-86b9-39150e9e3608:192.168.5.171:34562, cdd88cb1-716b-4e52-8ddf-d696aacac702:192.168.5.171:38745, 0d4e421f-a580-438c-824a-2881e7ce6119:192.168.5.171:46782], old=null
2019-09-19 10:48:50,262 [0d4e421f-a580-438c-824a-2881e7ce6119@group-7EB238C3CBC3:LeaderElection70] INFO  impl.LeaderElection (LeaderElection.java:askForVotes(182)) - 0d4e421f-a580-438c-824a-2881e7ce6119@group-7EB238C3CBC3:LeaderElection70: begin an election at term 19 for -1: [c9baf647-08c3-4366-86b9-39150e9e3608:192.168.5.171:34562, cdd88cb1-716b-4e52-8ddf-d696aacac702:192.168.5.171:38745, 0d4e421f-a580-438c-824a-2881e7ce6119:192.168.5.171:46782], old=null
2019-09-19 10:48:50,267 [cdd88cb1-716b-4e52-8ddf-d696aacac702@group-7EB238C3CBC3:LeaderElection69] INFO  impl.LeaderElection (LeaderElection.java:logAndReturn(56)) - cdd88cb1-716b-4e52-8ddf-d696aacac702@group-7EB238C3CBC3:LeaderElection69: Election REJECTED; received 2 response(s) [cdd88cb1-716b-4e52-8ddf-d696aacac702<-c9baf647-08c3-4366-86b9-39150e9e3608#0:FAIL-t19, cdd88cb1-716b-4e52-8ddf-d696aacac702<-0d4e421f-a580-438c-824a-2881e7ce6119#0:FAIL-t19] and 0 exception(s); cdd88cb1-716b-4e52-8ddf-d696aacac702@group-7EB238C3CBC3:t19, leader=null, voted=cdd88cb1-716b-4e52-8ddf-d696aacac702, raftlog=cdd88cb1-716b-4e52-8ddf-d696aacac702@group-7EB238C3CBC3-SegmentedRaftLog:OPENED:c-1,f-1,i0, conf=-1: [c9baf647-08c3-4366-86b9-39150e9e3608:192.168.5.171:34562, cdd88cb1-716b-4e52-8ddf-d696aacac702:192.168.5.171:38745, 0d4e421f-a580-438c-824a-2881e7ce6119:192.168.5.171:46782], old=null
2019-09-19 10:48:50,268 [cdd88cb1-716b-4e52-8ddf-d696aacac702@group-7EB238C3CBC3:LeaderElection69] INFO  impl.RaftServerImpl (RaftServerImpl.java:setRole(174)) - cdd88cb1-716b-4e52-8ddf-d696aacac702@group-7EB238C3CBC3: changes role from CANDIDATE to FOLLOWER at term 19 for DISCOVERED_A_NEW_TERM
2019-09-19 10:48:50,268 [cdd88cb1-716b-4e52-8ddf-d696aacac702@group-7EB238C3CBC3:LeaderElection69] INFO  impl.RoleInfo (RoleInfo.java:shutdownLeaderElection(134)) - cdd88cb1-716b-4e52-8ddf-d696aacac702: shutdown LeaderElection
2019-09-19 10:48:50,268 [cdd88cb1-716b-4e52-8ddf-d696aacac702@group-7EB238C3CBC3:LeaderElection69] INFO  impl.RoleInfo (RoleInfo.java:updateAndGet(143)) - cdd88cb1-716b-4e52-8ddf-d696aacac702: start FollowerState
2019-09-19 10:48:50,268 [0d4e421f-a580-438c-824a-2881e7ce6119@group-7EB238C3CBC3:LeaderElection70] INFO  impl.LeaderElection (LeaderElection.java:logAndReturn(56)) - 0d4e421f-a580-438c-824a-2881e7ce6119@group-7EB238C3CBC3:LeaderElection70: Election REJECTED; received 2 response(s) [0d4e421f-a580-438c-824a-2881e7ce6119<-c9baf647-08c3-4366-86b9-39150e9e3608#0:FAIL-t19, 0d4e421f-a580-438c-824a-2881e7ce6119<-cdd88cb1-716b-4e52-8ddf-d696aacac702#0:FAIL-t19] and 0 exception(s); 0d4e421f-a580-438c-824a-2881e7ce6119@group-7EB238C3CBC3:t19, leader=null, voted=0d4e421f-a580-438c-824a-2881e7ce6119, raftlog=0d4e421f-a580-438c-824a-2881e7ce6119@group-7EB238C3CBC3-SegmentedRaftLog:OPENED:c-1,f-1,i0, conf=-1: [c9baf647-08c3-4366-86b9-39150e9e3608:192.168.5.171:34562, cdd88cb1-716b-4e52-8ddf-d696aacac702:192.168.5.171:38745, 0d4e421f-a580-438c-824a-2881e7ce6119:192.168.5.171:46782], old=null
2019-09-19 10:48:50,270 [0d4e421f-a580-438c-824a-2881e7ce6119@group-7EB238C3CBC3:LeaderElection70] INFO  impl.RaftServerImpl (RaftServerImpl.java:setRole(174)) - 0d4e421f-a580-438c-824a-2881e7ce6119@group-7EB238C3CBC3: changes role from CANDIDATE to FOLLOWER at term 19 for DISCOVERED_A_NEW_TERM
2019-09-19 10:48:50,271 [0d4e421f-a580-438c-824a-2881e7ce6119@group-7EB238C3CBC3:LeaderElection70] INFO  impl.RoleInfo (RoleInfo.java:shutdownLeaderElection(134)) - 0d4e421f-a580-438c-824a-2881e7ce6119: shutdown LeaderElection
2019-09-19 10:48:50,271 [0d4e421f-a580-438c-824a-2881e7ce6119@group-7EB238C3CBC3:LeaderElection70] INFO  impl.RoleInfo (RoleInfo.java:updateAndGet(143)) - 0d4e421f-a580-438c-824a-2881e7ce6119: start FollowerState
2019-09-19 10:48:50,271 [c9baf647-08c3-4366-86b9-39150e9e3608@group-7EB238C3CBC3:LeaderElection68] INFO  impl.LeaderElection (LeaderElection.java:logAndReturn(56)) - c9baf647-08c3-4366-86b9-39150e9e3608@group-7EB238C3CBC3:LeaderElection68: Election REJECTED; received 2 response(s) [c9baf647-08c3-4366-86b9-39150e9e3608<-cdd88cb1-716b-4e52-8ddf-d696aacac702#0:FAIL-t19, c9baf647-08c3-4366-86b9-39150e9e3608<-0d4e421f-a580-438c-824a-2881e7ce6119#0:FAIL-t19] and 0 exception(s); c9baf647-08c3-4366-86b9-39150e9e3608@group-7EB238C3CBC3:t19, leader=null, voted=c9baf647-08c3-4366-86b9-39150e9e3608, raftlog=c9baf647-08c3-4366-86b9-39150e9e3608@group-7EB238C3CBC3-SegmentedRaftLog:OPENED:c-1,f-1,i0, conf=-1: [c9baf647-08c3-4366-86b9-39150e9e3608:192.168.5.171:34562, cdd88cb1-716b-4e52-8ddf-d696aacac702:192.168.5.171:38745, 0d4e421f-a580-438c-824a-2881e7ce6119:192.168.5.171:46782], old=null
2019-09-19 10:48:50,273 [c9baf647-08c3-4366-86b9-39150e9e3608@group-7EB238C3CBC3:LeaderElection68] INFO  impl.RaftServerImpl (RaftServerImpl.java:setRole(174)) - c9baf647-08c3-4366-86b9-39150e9e3608@group-7EB238C3CBC3: changes role from CANDIDATE to FOLLOWER at term 19 for DISCOVERED_A_NEW_TERM
2019-09-19 10:48:50,273 [c9baf647-08c3-4366-86b9-39150e9e3608@group-7EB238C3CBC3:LeaderElection68] INFO  impl.RoleInfo (RoleInfo.java:shutdownLeaderElection(134)) - c9baf647-08c3-4366-86b9-39150e9e3608: shutdown LeaderElection
2019-09-19 10:48:50,273 [c9baf647-08c3-4366-86b9-39150e9e3608@group-7EB238C3CBC3:LeaderElection68] INFO  impl.RoleInfo (RoleInfo.java:updateAndGet(143)) - c9baf647-08c3-4366-86b9-39150e9e3608: start FollowerState
2019-09-19 10:48:50,328 [EventQueue-PipelineActionsForPipelineActionHandler] ERROR pipeline.PipelineActionHandler (PipelineActionHandler.java:onMessage(60)) - Received pipeline action CLOSE for Pipeline[ Id: 0039b36d-2fcf-4f3f-ab41-7eb238c3cbc3, Nodes: 0d4e421f-a580-438c-824a-2881e7ce6119{ip: 192.168.5.171, host: pr-hdds-1054-s6xkv-2432930293, networkLocation: /default-rack, certSerialId: null}cdd88cb1-716b-4e52-8ddf-d696aacac702{ip: 192.168.5.171, host: pr-hdds-1054-s6xkv-2432930293, networkLocation: /default-rack, certSerialId: null}c9baf647-08c3-4366-86b9-39150e9e3608{ip: 192.168.5.171, host: pr-hdds-1054-s6xkv-2432930293, networkLocation: /default-rack, certSerialId: null}, Type:RATIS, Factor:THREE, State:CLOSED] from datanode 0d4e421f-a580-438c-824a-2881e7ce6119{ip: 192.168.5.171, host: pr-hdds-1054-s6xkv-2432930293, networkLocation: /default-rack, certSerialId: null}. Reason : 0d4e421f-a580-438c-824a-2881e7ce6119 is in candidate state for 129572ms
2019-09-19 10:48:50,330 [EventQueue-PipelineActionsForPipelineActionHandler] INFO  pipeline.SCMPipelineManager (SCMPipelineManager.java:finalizeAndDestroyPipeline(311)) - destroying pipeline:Pipeline[ Id: 0039b36d-2fcf-4f3f-ab41-7eb238c3cbc3, Nodes: 0d4e421f-a580-438c-824a-2881e7ce6119{ip: 192.168.5.171, host: pr-hdds-1054-s6xkv-2432930293, networkLocation: /default-rack, certSerialId: null}cdd88cb1-716b-4e52-8ddf-d696aacac702{ip: 192.168.5.171, host: pr-hdds-1054-s6xkv-2432930293, networkLocation: /default-rack, certSerialId: null}c9baf647-08c3-4366-86b9-39150e9e3608{ip: 192.168.5.171, host: pr-hdds-1054-s6xkv-2432930293, networkLocation: /default-rack, certSerialId: null}, Type:RATIS, Factor:THREE, State:CLOSED]
2019-09-19 10:48:50,700 [EventQueue-PipelineActionsForPipelineActionHandler] ERROR pipeline.PipelineActionHandler (PipelineActionHandler.java:onMessage(60)) - Received pipeline action CLOSE for Pipeline[ Id: 0039b36d-2fcf-4f3f-ab41-7eb238c3cbc3, Nodes: 0d4e421f-a580-438c-824a-2881e7ce6119{ip: 192.168.5.171, host: pr-hdds-1054-s6xkv-2432930293, networkLocation: /default-rack, certSerialId: null}cdd88cb1-716b-4e52-8ddf-d696aacac702{ip: 192.168.5.171, host: pr-hdds-1054-s6xkv-2432930293, networkLocation: /default-rack, certSerialId: null}c9baf647-08c3-4366-86b9-39150e9e3608{ip: 192.168.5.171, host: pr-hdds-1054-s6xkv-2432930293, networkLocation: /default-rack, certSerialId: null}, Type:RATIS, Factor:THREE, State:CLOSED] from datanode cdd88cb1-716b-4e52-8ddf-d696aacac702{ip: 192.168.5.171, host: pr-hdds-1054-s6xkv-2432930293, networkLocation: /default-rack, certSerialId: null}. Reason : cdd88cb1-716b-4e52-8ddf-d696aacac702 is in candidate state for 130623ms
2019-09-19 10:48:50,700 [EventQueue-PipelineActionsForPipelineActionHandler] INFO  pipeline.SCMPipelineManager (SCMPipelineManager.java:finalizeAndDestroyPipeline(311)) - destroying pipeline:Pipeline[ Id: 0039b36d-2fcf-4f3f-ab41-7eb238c3cbc3, Nodes: 0d4e421f-a580-438c-824a-2881e7ce6119{ip: 192.168.5.171, host: pr-hdds-1054-s6xkv-2432930293, networkLocation: /default-rack, certSerialId: null}cdd88cb1-716b-4e52-8ddf-d696aacac702{ip: 192.168.5.171, host: pr-hdds-1054-s6xkv-2432930293, networkLocation: /default-rack, certSerialId: null}c9baf647-08c3-4366-86b9-39150e9e3608{ip: 192.168.5.171, host: pr-hdds-1054-s6xkv-2432930293, networkLocation: /default-rack, certSerialId: null}, Type:RATIS, Factor:THREE, State:CLOSED]
2019-09-19 10:48:50,701 [EventQueue-PipelineActionsForPipelineActionHandler] ERROR pipeline.PipelineActionHandler (PipelineActionHandler.java:onMessage(60)) - Received pipeline action CLOSE for Pipeline[ Id: 0039b36d-2fcf-4f3f-ab41-7eb238c3cbc3, Nodes: 0d4e421f-a580-438c-824a-2881e7ce6119{ip: 192.168.5.171, host: pr-hdds-1054-s6xkv-2432930293, networkLocation: /default-rack, certSerialId: null}cdd88cb1-716b-4e52-8ddf-d696aacac702{ip: 192.168.5.171, host: pr-hdds-1054-s6xkv-2432930293, networkLocation: /default-rack, certSerialId: null}c9baf647-08c3-4366-86b9-39150e9e3608{ip: 192.168.5.171, host: pr-hdds-1054-s6xkv-2432930293, networkLocation: /default-rack, certSerialId: null}, Type:RATIS, Factor:THREE, State:CLOSED] from datanode c9baf647-08c3-4366-86b9-39150e9e3608{ip: 192.168.5.171, host: pr-hdds-1054-s6xkv-2432930293, networkLocation: /default-rack, certSerialId: null}. Reason : c9baf647-08c3-4366-86b9-39150e9e3608 is in candidate state for 130619ms
2019-09-19 10:48:50,702 [EventQueue-PipelineActionsForPipelineActionHandler] INFO  pipeline.SCMPipelineManager (SCMPipelineManager.java:finalizeAndDestroyPipeline(311)) - destroying pipeline:Pipeline[ Id: 0039b36d-2fcf-4f3f-ab41-7eb238c3cbc3, Nodes: 0d4e421f-a580-438c-824a-2881e7ce6119{ip: 192.168.5.171, host: pr-hdds-1054-s6xkv-2432930293, networkLocation: /default-rack, certSerialId: null}cdd88cb1-716b-4e52-8ddf-d696aacac702{ip: 192.168.5.171, host: pr-hdds-1054-s6xkv-2432930293, networkLocation: /default-rack, certSerialId: null}c9baf647-08c3-4366-86b9-39150e9e3608{ip: 192.168.5.171, host: pr-hdds-1054-s6xkv-2432930293, networkLocation: /default-rack, certSerialId: null}, Type:RATIS, Factor:THREE, State:CLOSED]
2019-09-19 10:48:55,354 [Thread-958] INFO  impl.FollowerState (FollowerState.java:run(106)) - 0d4e421f-a580-438c-824a-2881e7ce6119:group-7EB238C3CBC3 changes to CANDIDATE, lastRpcTime:5083, electionTimeout:5081ms
2019-09-19 10:48:55,357 [Thread-958] INFO  impl.RoleInfo (RoleInfo.java:shutdownFollowerState(121)) - 0d4e421f-a580-438c-824a-2881e7ce6119: shutdown FollowerState
2019-09-19 10:48:55,357 [Thread-958] INFO  impl.RaftServerImpl (RaftServerImpl.java:setRole(174)) - 0d4e421f-a580-438c-824a-2881e7ce6119@group-7EB238C3CBC3: changes role from  FOLLOWER to CANDIDATE at term 19 for changeToCandidate
2019-09-19 10:48:55,357 [Thread-958] ERROR ratis.XceiverServerRatis (XceiverServerRatis.java:triggerPipelineClose(575)) - pipeline Action CLOSE  on pipeline PipelineID=0039b36d-2fcf-4f3f-ab41-7eb238c3cbc3.Reason : 0d4e421f-a580-438c-824a-2881e7ce6119 is in candidate state for 134697ms
2019-09-19 10:48:55,357 [Thread-958] INFO  impl.RoleInfo (RoleInfo.java:updateAndGet(143)) - 0d4e421f-a580-438c-824a-2881e7ce6119: start LeaderElection
2019-09-19 10:48:55,395 [Thread-957] INFO  impl.FollowerState (FollowerState.java:run(106)) - cdd88cb1-716b-4e52-8ddf-d696aacac702:group-7EB238C3CBC3 changes to CANDIDATE, lastRpcTime:5126, electionTimeout:5124ms
2019-09-19 10:48:55,402 [Thread-959] INFO  impl.FollowerState (FollowerState.java:run(106)) - c9baf647-08c3-4366-86b9-39150e9e3608:group-7EB238C3CBC3 changes to CANDIDATE, lastRpcTime:5128, electionTimeout:5128ms
2019-09-19 10:48:55,404 [Thread-957] INFO  impl.RoleInfo (RoleInfo.java:shutdownFollowerState(121)) - cdd88cb1-716b-4e52-8ddf-d696aacac702: shutdown FollowerState
2019-09-19 10:48:55,404 [Thread-959] INFO  impl.RoleInfo (RoleInfo.java:shutdownFollowerState(121)) - c9baf647-08c3-4366-86b9-39150e9e3608: shutdown FollowerState
2019-09-19 10:48:55,404 [Thread-957] INFO  impl.RaftServerImpl (RaftServerImpl.java:setRole(174)) - cdd88cb1-716b-4e52-8ddf-d696aacac702@group-7EB238C3CBC3: changes role from  FOLLOWER to CANDIDATE at term 19 for changeToCandidate
2019-09-19 10:48:55,404 [Thread-959] INFO  impl.RaftServerImpl (RaftServerImpl.java:setRole(174)) - c9baf647-08c3-4366-86b9-39150e9e3608@group-7EB238C3CBC3: changes role from  FOLLOWER to CANDIDATE at term 19 for changeToCandidate
2019-09-19 10:48:55,404 [Thread-957] ERROR ratis.XceiverServerRatis (XceiverServerRatis.java:triggerPipelineClose(575)) - pipeline Action CLOSE  on pipeline PipelineID=0039b36d-2fcf-4f3f-ab41-7eb238c3cbc3.Reason : cdd88cb1-716b-4e52-8ddf-d696aacac702 is in candidate state for 135910ms
2019-09-19 10:48:55,404 [Thread-959] ERROR ratis.XceiverServerRatis (XceiverServerRatis.java:triggerPipelineClose(575)) - pipeline Action CLOSE  on pipeline PipelineID=0039b36d-2fcf-4f3f-ab41-7eb238c3cbc3.Reason : c9baf647-08c3-4366-86b9-39150e9e3608 is in candidate state for 135910ms
2019-09-19 10:48:55,404 [Thread-957] INFO  impl.RoleInfo (RoleInfo.java:updateAndGet(143)) - cdd88cb1-716b-4e52-8ddf-d696aacac702: start LeaderElection
2019-09-19 10:48:55,404 [Thread-959] INFO  impl.RoleInfo (RoleInfo.java:updateAndGet(143)) - c9baf647-08c3-4366-86b9-39150e9e3608: start LeaderElection
2019-09-19 10:48:55,700 [EventQueue-PipelineActionsForPipelineActionHandler] ERROR pipeline.PipelineActionHandler (PipelineActionHandler.java:onMessage(60)) - Received pipeline action CLOSE for Pipeline[ Id: 0039b36d-2fcf-4f3f-ab41-7eb238c3cbc3, Nodes: 0d4e421f-a580-438c-824a-2881e7ce6119{ip: 192.168.5.171, host: pr-hdds-1054-s6xkv-2432930293, networkLocation: /default-rack, certSerialId: null}cdd88cb1-716b-4e52-8ddf-d696aacac702{ip: 192.168.5.171, host: pr-hdds-1054-s6xkv-2432930293, networkLocation: /default-rack, certSerialId: null}c9baf647-08c3-4366-86b9-39150e9e3608{ip: 192.168.5.171, host: pr-hdds-1054-s6xkv-2432930293, networkLocation: /default-rack, certSerialId: null}, Type:RATIS, Factor:THREE, State:CLOSED] from datanode cdd88cb1-716b-4e52-8ddf-d696aacac702{ip: 192.168.5.171, host: pr-hdds-1054-s6xkv-2432930293, networkLocation: /default-rack, certSerialId: null}. Reason : cdd88cb1-716b-4e52-8ddf-d696aacac702 is in candidate state for 135910ms
2019-09-19 10:48:55,700 [EventQueue-PipelineActionsForPipelineActionHandler] INFO  pipeline.SCMPipelineManager (SCMPipelineManager.java:finalizeAndDestroyPipeline(311)) - destroying pipeline:Pipeline[ Id: 0039b36d-2fcf-4f3f-ab41-7eb238c3cbc3, Nodes: 0d4e421f-a580-438c-824a-2881e7ce6119{ip: 192.168.5.171, host: pr-hdds-1054-s6xkv-2432930293, networkLocation: /default-rack, certSerialId: null}cdd88cb1-716b-4e52-8ddf-d696aacac702{ip: 192.168.5.171, host: pr-hdds-1054-s6xkv-2432930293, networkLocation: /default-rack, certSerialId: null}c9baf647-08c3-4366-86b9-39150e9e3608{ip: 192.168.5.171, host: pr-hdds-1054-s6xkv-2432930293, networkLocation: /default-rack, certSerialId: null}, Type:RATIS, Factor:THREE, State:CLOSED]
2019-09-19 10:48:55,704 [EventQueue-PipelineActionsForPipelineActionHandler] ERROR pipeline.PipelineActionHandler (PipelineActionHandler.java:onMessage(60)) - Received pipeline action CLOSE for Pipeline[ Id: 0039b36d-2fcf-4f3f-ab41-7eb238c3cbc3, Nodes: 0d4e421f-a580-438c-824a-2881e7ce6119{ip: 192.168.5.171, host: pr-hdds-1054-s6xkv-2432930293, networkLocation: /default-rack, certSerialId: null}cdd88cb1-716b-4e52-8ddf-d696aacac702{ip: 192.168.5.171, host: pr-hdds-1054-s6xkv-2432930293, networkLocation: /default-rack, certSerialId: null}c9baf647-08c3-4366-86b9-39150e9e3608{ip: 192.168.5.171, host: pr-hdds-1054-s6xkv-2432930293, networkLocation: /default-rack, certSerialId: null}, Type:RATIS, Factor:THREE, State:CLOSED] from datanode c9baf647-08c3-4366-86b9-39150e9e3608{ip: 192.168.5.171, host: pr-hdds-1054-s6xkv-2432930293, networkLocation: /default-rack, certSerialId: null}. Reason : c9baf647-08c3-4366-86b9-39150e9e3608 is in candidate state for 135910ms
2019-09-19 10:48:55,704 [EventQueue-PipelineActionsForPipelineActionHandler] INFO  pipeline.SCMPipelineManager (SCMPipelineManager.java:finalizeAndDestroyPipeline(311)) - destroying pipeline:Pipeline[ Id: 0039b36d-2fcf-4f3f-ab41-7eb238c3cbc3, Nodes: 0d4e421f-a580-438c-824a-2881e7ce6119{ip: 192.168.5.171, host: pr-hdds-1054-s6xkv-2432930293, networkLocation: /default-rack, certSerialId: null}cdd88cb1-716b-4e52-8ddf-d696aacac702{ip: 192.168.5.171, host: pr-hdds-1054-s6xkv-2432930293, networkLocation: /default-rack, certSerialId: null}c9baf647-08c3-4366-86b9-39150e9e3608{ip: 192.168.5.171, host: pr-hdds-1054-s6xkv-2432930293, networkLocation: /default-rack, certSerialId: null}, Type:RATIS, Factor:THREE, State:CLOSED]
2019-09-19 10:48:55,734 [cdd88cb1-716b-4e52-8ddf-d696aacac702@group-7EB238C3CBC3:LeaderElection72] INFO  impl.LeaderElection (LeaderElection.java:askForVotes(182)) - cdd88cb1-716b-4e52-8ddf-d696aacac702@group-7EB238C3CBC3:LeaderElection72: begin an election at term 20 for -1: [c9baf647-08c3-4366-86b9-39150e9e3608:192.168.5.171:34562, cdd88cb1-716b-4e52-8ddf-d696aacac702:192.168.5.171:38745, 0d4e421f-a580-438c-824a-2881e7ce6119:192.168.5.171:46782], old=null
2019-09-19 10:48:55,734 [0d4e421f-a580-438c-824a-2881e7ce6119@group-7EB238C3CBC3:LeaderElection71] INFO  impl.LeaderElection (LeaderElection.java:askForVotes(182)) - 0d4e421f-a580-438c-824a-2881e7ce6119@group-7EB238C3CBC3:LeaderElection71: begin an election at term 20 for -1: [c9baf647-08c3-4366-86b9-39150e9e3608:192.168.5.171:34562, cdd88cb1-716b-4e52-8ddf-d696aacac702:192.168.5.171:38745, 0d4e421f-a580-438c-824a-2881e7ce6119:192.168.5.171:46782], old=null
2019-09-19 10:48:55,734 [c9baf647-08c3-4366-86b9-39150e9e3608@group-7EB238C3CBC3:LeaderElection73] INFO  impl.LeaderElection (LeaderElection.java:askForVotes(182)) - c9baf647-08c3-4366-86b9-39150e9e3608@group-7EB238C3CBC3:LeaderElection73: begin an election at term 20 for -1: [c9baf647-08c3-4366-86b9-39150e9e3608:192.168.5.171:34562, cdd88cb1-716b-4e52-8ddf-d696aacac702:192.168.5.171:38745, 0d4e421f-a580-438c-824a-2881e7ce6119:192.168.5.171:46782], old=null
2019-09-19 10:48:55,742 [cdd88cb1-716b-4e52-8ddf-d696aacac702@group-7EB238C3CBC3:LeaderElection72] INFO  impl.LeaderElection (LeaderElection.java:logAndReturn(56)) - cdd88cb1-716b-4e52-8ddf-d696aacac702@group-7EB238C3CBC3:LeaderElection72: Election REJECTED; received 2 response(s) [cdd88cb1-716b-4e52-8ddf-d696aacac702<-c9baf647-08c3-4366-86b9-39150e9e3608#0:FAIL-t20, cdd88cb1-716b-4e52-8ddf-d696aacac702<-0d4e421f-a580-438c-824a-2881e7ce6119#0:FAIL-t20] and 0 exception(s); cdd88cb1-716b-4e52-8ddf-d696aacac702@group-7EB238C3CBC3:t20, leader=null, voted=cdd88cb1-716b-4e52-8ddf-d696aacac702, raftlog=cdd88cb1-716b-4e52-8ddf-d696aacac702@group-7EB238C3CBC3-SegmentedRaftLog:OPENED:c-1,f-1,i0, conf=-1: [c9baf647-08c3-4366-86b9-39150e9e3608:192.168.5.171:34562, cdd88cb1-716b-4e52-8ddf-d696aacac702:192.168.5.171:38745, 0d4e421f-a580-438c-824a-2881e7ce6119:192.168.5.171:46782], old=null
2019-09-19 10:48:55,743 [cdd88cb1-716b-4e52-8ddf-d696aacac702@group-7EB238C3CBC3:LeaderElection72] INFO  impl.RaftServerImpl (RaftServerImpl.java:setRole(174)) - cdd88cb1-716b-4e52-8ddf-d696aacac702@group-7EB238C3CBC3: changes role from CANDIDATE to FOLLOWER at term 20 for DISCOVERED_A_NEW_TERM
2019-09-19 10:48:55,743 [cdd88cb1-716b-4e52-8ddf-d696aacac702@group-7EB238C3CBC3:LeaderElection72] INFO  impl.RoleInfo (RoleInfo.java:shutdownLeaderElection(134)) - cdd88cb1-716b-4e52-8ddf-d696aacac702: shutdown LeaderElection
2019-09-19 10:48:55,743 [cdd88cb1-716b-4e52-8ddf-d696aacac702@group-7EB238C3CBC3:LeaderElection72] INFO  impl.RoleInfo (RoleInfo.java:updateAndGet(143)) - cdd88cb1-716b-4e52-8ddf-d696aacac702: start FollowerState
2019-09-19 10:48:55,744 [0d4e421f-a580-438c-824a-2881e7ce6119@group-7EB238C3CBC3:LeaderElection71] INFO  impl.LeaderElection (LeaderElection.java:logAndReturn(56)) - 0d4e421f-a580-438c-824a-2881e7ce6119@group-7EB238C3CBC3:LeaderElection71: Election REJECTED; received 2 response(s) [0d4e421f-a580-438c-824a-2881e7ce6119<-c9baf647-08c3-4366-86b9-39150e9e3608#0:FAIL-t20, 0d4e421f-a580-438c-824a-2881e7ce6119<-cdd88cb1-716b-4e52-8ddf-d696aacac702#0:FAIL-t20] and 0 exception(s); 0d4e421f-a580-438c-824a-2881e7ce6119@group-7EB238C3CBC3:t20, leader=null, voted=0d4e421f-a580-438c-824a-2881e7ce6119, raftlog=0d4e421f-a580-438c-824a-2881e7ce6119@group-7EB238C3CBC3-SegmentedRaftLog:OPENED:c-1,f-1,i0, conf=-1: [c9baf647-08c3-4366-86b9-39150e9e3608:192.168.5.171:34562, cdd88cb1-716b-4e52-8ddf-d696aacac702:192.168.5.171:38745, 0d4e421f-a580-438c-824a-2881e7ce6119:192.168.5.171:46782], old=null
2019-09-19 10:48:55,746 [c9baf647-08c3-4366-86b9-39150e9e3608@group-7EB238C3CBC3:LeaderElection73] INFO  impl.LeaderElection (LeaderElection.java:logAndReturn(56)) - c9baf647-08c3-4366-86b9-39150e9e3608@group-7EB238C3CBC3:LeaderElection73: Election REJECTED; received 2 response(s) [c9baf647-08c3-4366-86b9-39150e9e3608<-cdd88cb1-716b-4e52-8ddf-d696aacac702#0:FAIL-t20, c9baf647-08c3-4366-86b9-39150e9e3608<-0d4e421f-a580-438c-824a-2881e7ce6119#0:FAIL-t20] and 0 exception(s); c9baf647-08c3-4366-86b9-39150e9e3608@group-7EB238C3CBC3:t20, leader=null, voted=c9baf647-08c3-4366-86b9-39150e9e3608, raftlog=c9baf647-08c3-4366-86b9-39150e9e3608@group-7EB238C3CBC3-SegmentedRaftLog:OPENED:c-1,f-1,i0, conf=-1: [c9baf647-08c3-4366-86b9-39150e9e3608:192.168.5.171:34562, cdd88cb1-716b-4e52-8ddf-d696aacac702:192.168.5.171:38745, 0d4e421f-a580-438c-824a-2881e7ce6119:192.168.5.171:46782], old=null
2019-09-19 10:48:55,746 [0d4e421f-a580-438c-824a-2881e7ce6119@group-7EB238C3CBC3:LeaderElection71] INFO  impl.RaftServerImpl (RaftServerImpl.java:setRole(174)) - 0d4e421f-a580-438c-824a-2881e7ce6119@group-7EB238C3CBC3: changes role from CANDIDATE to FOLLOWER at term 20 for DISCOVERED_A_NEW_TERM
2019-09-19 10:48:55,748 [c9baf647-08c3-4366-86b9-39150e9e3608@group-7EB238C3CBC3:LeaderElection73] INFO  impl.RaftServerImpl (RaftServerImpl.java:setRole(174)) - c9baf647-08c3-4366-86b9-39150e9e3608@group-7EB238C3CBC3: changes role from CANDIDATE to FOLLOWER at term 20 for DISCOVERED_A_NEW_TERM
2019-09-19 10:48:55,749 [c9baf647-08c3-4366-86b9-39150e9e3608@group-7EB238C3CBC3:LeaderElection73] INFO  impl.RoleInfo (RoleInfo.java:shutdownLeaderElection(134)) - c9baf647-08c3-4366-86b9-39150e9e3608: shutdown LeaderElection
2019-09-19 10:48:55,748 [0d4e421f-a580-438c-824a-2881e7ce6119@group-7EB238C3CBC3:LeaderElection71] INFO  impl.RoleInfo (RoleInfo.java:shutdownLeaderElection(134)) - 0d4e421f-a580-438c-824a-2881e7ce6119: shutdown LeaderElection
2019-09-19 10:48:55,750 [c9baf647-08c3-4366-86b9-39150e9e3608@group-7EB238C3CBC3:LeaderElection73] INFO  impl.RoleInfo (RoleInfo.java:updateAndGet(143)) - c9baf647-08c3-4366-86b9-39150e9e3608: start FollowerState
2019-09-19 10:48:55,750 [0d4e421f-a580-438c-824a-2881e7ce6119@group-7EB238C3CBC3:LeaderElection71] INFO  impl.RoleInfo (RoleInfo.java:updateAndGet(143)) - 0d4e421f-a580-438c-824a-2881e7ce6119: start FollowerState
2019-09-19 10:48:56,329 [EventQueue-PipelineActionsForPipelineActionHandler] ERROR pipeline.PipelineActionHandler (PipelineActionHandler.java:onMessage(60)) - Received pipeline action CLOSE for Pipeline[ Id: 0039b36d-2fcf-4f3f-ab41-7eb238c3cbc3, Nodes: 0d4e421f-a580-438c-824a-2881e7ce6119{ip: 192.168.5.171, host: pr-hdds-1054-s6xkv-2432930293, networkLocation: /default-rack, certSerialId: null}cdd88cb1-716b-4e52-8ddf-d696aacac702{ip: 192.168.5.171, host: pr-hdds-1054-s6xkv-2432930293, networkLocation: /default-rack, certSerialId: null}c9baf647-08c3-4366-86b9-39150e9e3608{ip: 192.168.5.171, host: pr-hdds-1054-s6xkv-2432930293, networkLocation: /default-rack, certSerialId: null}, Type:RATIS, Factor:THREE, State:CLOSED] from datanode 0d4e421f-a580-438c-824a-2881e7ce6119{ip: 192.168.5.171, host: pr-hdds-1054-s6xkv-2432930293, networkLocation: /default-rack, certSerialId: null}. Reason : 0d4e421f-a580-438c-824a-2881e7ce6119 is in candidate state for 134697ms
2019-09-19 10:48:56,330 [EventQueue-PipelineActionsForPipelineActionHandler] INFO  pipeline.SCMPipelineManager (SCMPipelineManager.java:finalizeAndDestroyPipeline(311)) - destroying pipeline:Pipeline[ Id: 0039b36d-2fcf-4f3f-ab41-7eb238c3cbc3, Nodes: 0d4e421f-a580-438c-824a-2881e7ce6119{ip: 192.168.5.171, host: pr-hdds-1054-s6xkv-2432930293, networkLocation: /default-rack, certSerialId: null}cdd88cb1-716b-4e52-8ddf-d696aacac702{ip: 192.168.5.171, host: pr-hdds-1054-s6xkv-2432930293, networkLocation: /default-rack, certSerialId: null}c9baf647-08c3-4366-86b9-39150e9e3608{ip: 192.168.5.171, host: pr-hdds-1054-s6xkv-2432930293, networkLocation: /default-rack, certSerialId: null}, Type:RATIS, Factor:THREE, State:CLOSED]
2019-09-19 10:49:00,815 [Thread-981] INFO  impl.FollowerState (FollowerState.java:run(106)) - 0d4e421f-a580-438c-824a-2881e7ce6119:group-7EB238C3CBC3 changes to CANDIDATE, lastRpcTime:5064, electionTimeout:5064ms
2019-09-19 10:49:00,817 [Thread-981] INFO  impl.RoleInfo (RoleInfo.java:shutdownFollowerState(121)) - 0d4e421f-a580-438c-824a-2881e7ce6119: shutdown FollowerState
2019-09-19 10:49:00,817 [Thread-981] INFO  impl.RaftServerImpl (RaftServerImpl.java:setRole(174)) - 0d4e421f-a580-438c-824a-2881e7ce6119@group-7EB238C3CBC3: changes role from  FOLLOWER to CANDIDATE at term 20 for changeToCandidate
2019-09-19 10:49:00,817 [Thread-981] ERROR ratis.XceiverServerRatis (XceiverServerRatis.java:triggerPipelineClose(575)) - pipeline Action CLOSE  on pipeline PipelineID=0039b36d-2fcf-4f3f-ab41-7eb238c3cbc3.Reason : 0d4e421f-a580-438c-824a-2881e7ce6119 is in candidate state for 140157ms
2019-09-19 10:49:00,817 [Thread-981] INFO  impl.RoleInfo (RoleInfo.java:updateAndGet(143)) - 0d4e421f-a580-438c-824a-2881e7ce6119: start LeaderElection
2019-09-19 10:49:00,848 [Thread-979] INFO  impl.FollowerState (FollowerState.java:run(106)) - cdd88cb1-716b-4e52-8ddf-d696aacac702:group-7EB238C3CBC3 changes to CANDIDATE, lastRpcTime:5105, electionTimeout:5105ms
2019-09-19 10:49:00,850 [Thread-979] INFO  impl.RoleInfo (RoleInfo.java:shutdownFollowerState(121)) - cdd88cb1-716b-4e52-8ddf-d696aacac702: shutdown FollowerState
2019-09-19 10:49:00,851 [Thread-979] INFO  impl.RaftServerImpl (RaftServerImpl.java:setRole(174)) - cdd88cb1-716b-4e52-8ddf-d696aacac702@group-7EB238C3CBC3: changes role from  FOLLOWER to CANDIDATE at term 20 for changeToCandidate
2019-09-19 10:49:00,851 [Thread-979] ERROR ratis.XceiverServerRatis (XceiverServerRatis.java:triggerPipelineClose(575)) - pipeline Action CLOSE  on pipeline PipelineID=0039b36d-2fcf-4f3f-ab41-7eb238c3cbc3.Reason : cdd88cb1-716b-4e52-8ddf-d696aacac702 is in candidate state for 141357ms
2019-09-19 10:49:00,851 [Thread-979] INFO  impl.RoleInfo (RoleInfo.java:updateAndGet(143)) - cdd88cb1-716b-4e52-8ddf-d696aacac702: start LeaderElection
2019-09-19 10:49:00,945 [Thread-980] INFO  impl.FollowerState (FollowerState.java:run(106)) - c9baf647-08c3-4366-86b9-39150e9e3608:group-7EB238C3CBC3 changes to CANDIDATE, lastRpcTime:5195, electionTimeout:5195ms
2019-09-19 10:49:00,945 [Thread-980] INFO  impl.RoleInfo (RoleInfo.java:shutdownFollowerState(121)) - c9baf647-08c3-4366-86b9-39150e9e3608: shutdown FollowerState
2019-09-19 10:49:00,946 [Thread-980] INFO  impl.RaftServerImpl (RaftServerImpl.java:setRole(174)) - c9baf647-08c3-4366-86b9-39150e9e3608@group-7EB238C3CBC3: changes role from  FOLLOWER to CANDIDATE at term 20 for changeToCandidate
2019-09-19 10:49:00,946 [Thread-980] ERROR ratis.XceiverServerRatis (XceiverServerRatis.java:triggerPipelineClose(575)) - pipeline Action CLOSE  on pipeline PipelineID=0039b36d-2fcf-4f3f-ab41-7eb238c3cbc3.Reason : c9baf647-08c3-4366-86b9-39150e9e3608 is in candidate state for 141451ms
2019-09-19 10:49:00,946 [Thread-980] INFO  impl.RoleInfo (RoleInfo.java:updateAndGet(143)) - c9baf647-08c3-4366-86b9-39150e9e3608: start LeaderElection
2019-09-19 10:49:01,332 [EventQueue-PipelineActionsForPipelineActionHandler] ERROR pipeline.PipelineActionHandler (PipelineActionHandler.java:onMessage(60)) - Received pipeline action CLOSE for Pipeline[ Id: 0039b36d-2fcf-4f3f-ab41-7eb238c3cbc3, Nodes: 0d4e421f-a580-438c-824a-2881e7ce6119{ip: 192.168.5.171, host: pr-hdds-1054-s6xkv-2432930293, networkLocation: /default-rack, certSerialId: null}cdd88cb1-716b-4e52-8ddf-d696aacac702{ip: 192.168.5.171, host: pr-hdds-1054-s6xkv-2432930293, networkLocation: /default-rack, certSerialId: null}c9baf647-08c3-4366-86b9-39150e9e3608{ip: 192.168.5.171, host: pr-hdds-1054-s6xkv-2432930293, networkLocation: /default-rack, certSerialId: null}, Type:RATIS, Factor:THREE, State:CLOSED] from datanode 0d4e421f-a580-438c-824a-2881e7ce6119{ip: 192.168.5.171, host: pr-hdds-1054-s6xkv-2432930293, networkLocation: /default-rack, certSerialId: null}. Reason : 0d4e421f-a580-438c-824a-2881e7ce6119 is in candidate state for 140157ms
2019-09-19 10:49:01,332 [EventQueue-PipelineActionsForPipelineActionHandler] INFO  pipeline.SCMPipelineManager (SCMPipelineManager.java:finalizeAndDestroyPipeline(311)) - destroying pipeline:Pipeline[ Id: 0039b36d-2fcf-4f3f-ab41-7eb238c3cbc3, Nodes: 0d4e421f-a580-438c-824a-2881e7ce6119{ip: 192.168.5.171, host: pr-hdds-1054-s6xkv-2432930293, networkLocation: /default-rack, certSerialId: null}cdd88cb1-716b-4e52-8ddf-d696aacac702{ip: 192.168.5.171, host: pr-hdds-1054-s6xkv-2432930293, networkLocation: /default-rack, certSerialId: null}c9baf647-08c3-4366-86b9-39150e9e3608{ip: 192.168.5.171, host: pr-hdds-1054-s6xkv-2432930293, networkLocation: /default-rack, certSerialId: null}, Type:RATIS, Factor:THREE, State:CLOSED]
2019-09-19 10:49:01,700 [EventQueue-PipelineActionsForPipelineActionHandler] ERROR pipeline.PipelineActionHandler (PipelineActionHandler.java:onMessage(60)) - Received pipeline action CLOSE for Pipeline[ Id: 0039b36d-2fcf-4f3f-ab41-7eb238c3cbc3, Nodes: 0d4e421f-a580-438c-824a-2881e7ce6119{ip: 192.168.5.171, host: pr-hdds-1054-s6xkv-2432930293, networkLocation: /default-rack, certSerialId: null}cdd88cb1-716b-4e52-8ddf-d696aacac702{ip: 192.168.5.171, host: pr-hdds-1054-s6xkv-2432930293, networkLocation: /default-rack, certSerialId: null}c9baf647-08c3-4366-86b9-39150e9e3608{ip: 192.168.5.171, host: pr-hdds-1054-s6xkv-2432930293, networkLocation: /default-rack, certSerialId: null}, Type:RATIS, Factor:THREE, State:CLOSED] from datanode cdd88cb1-716b-4e52-8ddf-d696aacac702{ip: 192.168.5.171, host: pr-hdds-1054-s6xkv-2432930293, networkLocation: /default-rack, certSerialId: null}. Reason : cdd88cb1-716b-4e52-8ddf-d696aacac702 is in candidate state for 141357ms
2019-09-19 10:49:01,700 [EventQueue-PipelineActionsForPipelineActionHandler] INFO  pipeline.SCMPipelineManager (SCMPipelineManager.java:finalizeAndDestroyPipeline(311)) - destroying pipeline:Pipeline[ Id: 0039b36d-2fcf-4f3f-ab41-7eb238c3cbc3, Nodes: 0d4e421f-a580-438c-824a-2881e7ce6119{ip: 192.168.5.171, host: pr-hdds-1054-s6xkv-2432930293, networkLocation: /default-rack, certSerialId: null}cdd88cb1-716b-4e52-8ddf-d696aacac702{ip: 192.168.5.171, host: pr-hdds-1054-s6xkv-2432930293, networkLocation: /default-rack, certSerialId: null}c9baf647-08c3-4366-86b9-39150e9e3608{ip: 192.168.5.171, host: pr-hdds-1054-s6xkv-2432930293, networkLocation: /default-rack, certSerialId: null}, Type:RATIS, Factor:THREE, State:CLOSED]
2019-09-19 10:49:01,705 [EventQueue-PipelineActionsForPipelineActionHandler] ERROR pipeline.PipelineActionHandler (PipelineActionHandler.java:onMessage(60)) - Received pipeline action CLOSE for Pipeline[ Id: 0039b36d-2fcf-4f3f-ab41-7eb238c3cbc3, Nodes: 0d4e421f-a580-438c-824a-2881e7ce6119{ip: 192.168.5.171, host: pr-hdds-1054-s6xkv-2432930293, networkLocation: /default-rack, certSerialId: null}cdd88cb1-716b-4e52-8ddf-d696aacac702{ip: 192.168.5.171, host: pr-hdds-1054-s6xkv-2432930293, networkLocation: /default-rack, certSerialId: null}c9baf647-08c3-4366-86b9-39150e9e3608{ip: 192.168.5.171, host: pr-hdds-1054-s6xkv-2432930293, networkLocation: /default-rack, certSerialId: null}, Type:RATIS, Factor:THREE, State:CLOSED] from datanode c9baf647-08c3-4366-86b9-39150e9e3608{ip: 192.168.5.171, host: pr-hdds-1054-s6xkv-2432930293, networkLocation: /default-rack, certSerialId: null}. Reason : c9baf647-08c3-4366-86b9-39150e9e3608 is in candidate state for 141451ms
2019-09-19 10:49:01,705 [EventQueue-PipelineActionsForPipelineActionHandler] INFO  pipeline.SCMPipelineManager (SCMPipelineManager.java:finalizeAndDestroyPipeline(311)) - destroying pipeline:Pipeline[ Id: 0039b36d-2fcf-4f3f-ab41-7eb238c3cbc3, Nodes: 0d4e421f-a580-438c-824a-2881e7ce6119{ip: 192.168.5.171, host: pr-hdds-1054-s6xkv-2432930293, networkLocation: /default-rack, certSerialId: null}cdd88cb1-716b-4e52-8ddf-d696aacac702{ip: 192.168.5.171, host: pr-hdds-1054-s6xkv-2432930293, networkLocation: /default-rack, certSerialId: null}c9baf647-08c3-4366-86b9-39150e9e3608{ip: 192.168.5.171, host: pr-hdds-1054-s6xkv-2432930293, networkLocation: /default-rack, certSerialId: null}, Type:RATIS, Factor:THREE, State:CLOSED]
2019-09-19 10:49:03,305 [c9baf647-08c3-4366-86b9-39150e9e3608@group-7EB238C3CBC3:LeaderElection76] INFO  impl.LeaderElection (LeaderElection.java:askForVotes(182)) - c9baf647-08c3-4366-86b9-39150e9e3608@group-7EB238C3CBC3:LeaderElection76: begin an election at term 21 for -1: [c9baf647-08c3-4366-86b9-39150e9e3608:192.168.5.171:34562, cdd88cb1-716b-4e52-8ddf-d696aacac702:192.168.5.171:38745, 0d4e421f-a580-438c-824a-2881e7ce6119:192.168.5.171:46782], old=null
2019-09-19 10:49:03,305 [0d4e421f-a580-438c-824a-2881e7ce6119@group-7EB238C3CBC3:LeaderElection74] INFO  impl.LeaderElection (LeaderElection.java:askForVotes(182)) - 0d4e421f-a580-438c-824a-2881e7ce6119@group-7EB238C3CBC3:LeaderElection74: begin an election at term 21 for -1: [c9baf647-08c3-4366-86b9-39150e9e3608:192.168.5.171:34562, cdd88cb1-716b-4e52-8ddf-d696aacac702:192.168.5.171:38745, 0d4e421f-a580-438c-824a-2881e7ce6119:192.168.5.171:46782], old=null
2019-09-19 10:49:03,305 [cdd88cb1-716b-4e52-8ddf-d696aacac702@group-7EB238C3CBC3:LeaderElection75] INFO  impl.LeaderElection (LeaderElection.java:askForVotes(182)) - cdd88cb1-716b-4e52-8ddf-d696aacac702@group-7EB238C3CBC3:LeaderElection75: begin an election at term 21 for -1: [c9baf647-08c3-4366-86b9-39150e9e3608:192.168.5.171:34562, cdd88cb1-716b-4e52-8ddf-d696aacac702:192.168.5.171:38745, 0d4e421f-a580-438c-824a-2881e7ce6119:192.168.5.171:46782], old=null
2019-09-19 10:49:03,314 [cdd88cb1-716b-4e52-8ddf-d696aacac702@group-7EB238C3CBC3:LeaderElection75] INFO  impl.LeaderElection (LeaderElection.java:logAndReturn(56)) - cdd88cb1-716b-4e52-8ddf-d696aacac702@group-7EB238C3CBC3:LeaderElection75: Election REJECTED; received 2 response(s) [cdd88cb1-716b-4e52-8ddf-d696aacac702<-c9baf647-08c3-4366-86b9-39150e9e3608#0:FAIL-t21, cdd88cb1-716b-4e52-8ddf-d696aacac702<-0d4e421f-a580-438c-824a-2881e7ce6119#0:FAIL-t21] and 0 exception(s); cdd88cb1-716b-4e52-8ddf-d696aacac702@group-7EB238C3CBC3:t21, leader=null, voted=cdd88cb1-716b-4e52-8ddf-d696aacac702, raftlog=cdd88cb1-716b-4e52-8ddf-d696aacac702@group-7EB238C3CBC3-SegmentedRaftLog:OPENED:c-1,f-1,i0, conf=-1: [c9baf647-08c3-4366-86b9-39150e9e3608:192.168.5.171:34562, cdd88cb1-716b-4e52-8ddf-d696aacac702:192.168.5.171:38745, 0d4e421f-a580-438c-824a-2881e7ce6119:192.168.5.171:46782], old=null
2019-09-19 10:49:03,314 [cdd88cb1-716b-4e52-8ddf-d696aacac702@group-7EB238C3CBC3:LeaderElection75] INFO  impl.RaftServerImpl (RaftServerImpl.java:setRole(174)) - cdd88cb1-716b-4e52-8ddf-d696aacac702@group-7EB238C3CBC3: changes role from CANDIDATE to FOLLOWER at term 21 for DISCOVERED_A_NEW_TERM
2019-09-19 10:49:03,314 [c9baf647-08c3-4366-86b9-39150e9e3608@group-7EB238C3CBC3:LeaderElection76] INFO  impl.LeaderElection (LeaderElection.java:logAndReturn(56)) - c9baf647-08c3-4366-86b9-39150e9e3608@group-7EB238C3CBC3:LeaderElection76: Election REJECTED; received 2 response(s) [c9baf647-08c3-4366-86b9-39150e9e3608<-cdd88cb1-716b-4e52-8ddf-d696aacac702#0:FAIL-t21, c9baf647-08c3-4366-86b9-39150e9e3608<-0d4e421f-a580-438c-824a-2881e7ce6119#0:FAIL-t21] and 0 exception(s); c9baf647-08c3-4366-86b9-39150e9e3608@group-7EB238C3CBC3:t21, leader=null, voted=c9baf647-08c3-4366-86b9-39150e9e3608, raftlog=c9baf647-08c3-4366-86b9-39150e9e3608@group-7EB238C3CBC3-SegmentedRaftLog:OPENED:c-1,f-1,i0, conf=-1: [c9baf647-08c3-4366-86b9-39150e9e3608:192.168.5.171:34562, cdd88cb1-716b-4e52-8ddf-d696aacac702:192.168.5.171:38745, 0d4e421f-a580-438c-824a-2881e7ce6119:192.168.5.171:46782], old=null
2019-09-19 10:49:03,314 [0d4e421f-a580-438c-824a-2881e7ce6119@group-7EB238C3CBC3:LeaderElection74] INFO  impl.LeaderElection (LeaderElection.java:logAndReturn(56)) - 0d4e421f-a580-438c-824a-2881e7ce6119@group-7EB238C3CBC3:LeaderElection74: Election REJECTED; received 2 response(s) [0d4e421f-a580-438c-824a-2881e7ce6119<-c9baf647-08c3-4366-86b9-39150e9e3608#0:FAIL-t21, 0d4e421f-a580-438c-824a-2881e7ce6119<-cdd88cb1-716b-4e52-8ddf-d696aacac702#0:FAIL-t21] and 0 exception(s); 0d4e421f-a580-438c-824a-2881e7ce6119@group-7EB238C3CBC3:t21, leader=null, voted=0d4e421f-a580-438c-824a-2881e7ce6119, raftlog=0d4e421f-a580-438c-824a-2881e7ce6119@group-7EB238C3CBC3-SegmentedRaftLog:OPENED:c-1,f-1,i0, conf=-1: [c9baf647-08c3-4366-86b9-39150e9e3608:192.168.5.171:34562, cdd88cb1-716b-4e52-8ddf-d696aacac702:192.168.5.171:38745, 0d4e421f-a580-438c-824a-2881e7ce6119:192.168.5.171:46782], old=null
2019-09-19 10:49:03,316 [c9baf647-08c3-4366-86b9-39150e9e3608@group-7EB238C3CBC3:LeaderElection76] INFO  impl.RaftServerImpl (RaftServerImpl.java:setRole(174)) - c9baf647-08c3-4366-86b9-39150e9e3608@group-7EB238C3CBC3: changes role from CANDIDATE to FOLLOWER at term 21 for DISCOVERED_A_NEW_TERM
2019-09-19 10:49:03,314 [cdd88cb1-716b-4e52-8ddf-d696aacac702@group-7EB238C3CBC3:LeaderElection75] INFO  impl.RoleInfo (RoleInfo.java:shutdownLeaderElection(134)) - cdd88cb1-716b-4e52-8ddf-d696aacac702: shutdown LeaderElection
2019-09-19 10:49:03,317 [c9baf647-08c3-4366-86b9-39150e9e3608@group-7EB238C3CBC3:LeaderElection76] INFO  impl.RoleInfo (RoleInfo.java:shutdownLeaderElection(134)) - c9baf647-08c3-4366-86b9-39150e9e3608: shutdown LeaderElection
2019-09-19 10:49:03,317 [0d4e421f-a580-438c-824a-2881e7ce6119@group-7EB238C3CBC3:LeaderElection74] INFO  impl.RaftServerImpl (RaftServerImpl.java:setRole(174)) - 0d4e421f-a580-438c-824a-2881e7ce6119@group-7EB238C3CBC3: changes role from CANDIDATE to FOLLOWER at term 21 for DISCOVERED_A_NEW_TERM
2019-09-19 10:49:03,319 [c9baf647-08c3-4366-86b9-39150e9e3608@group-7EB238C3CBC3:LeaderElection76] INFO  impl.RoleInfo (RoleInfo.java:updateAndGet(143)) - c9baf647-08c3-4366-86b9-39150e9e3608: start FollowerState
2019-09-19 10:49:03,319 [cdd88cb1-716b-4e52-8ddf-d696aacac702@group-7EB238C3CBC3:LeaderElection75] INFO  impl.RoleInfo (RoleInfo.java:updateAndGet(143)) - cdd88cb1-716b-4e52-8ddf-d696aacac702: start FollowerState
2019-09-19 10:49:03,319 [0d4e421f-a580-438c-824a-2881e7ce6119@group-7EB238C3CBC3:LeaderElection74] INFO  impl.RoleInfo (RoleInfo.java:shutdownLeaderElection(134)) - 0d4e421f-a580-438c-824a-2881e7ce6119: shutdown LeaderElection
2019-09-19 10:49:03,320 [0d4e421f-a580-438c-824a-2881e7ce6119@group-7EB238C3CBC3:LeaderElection74] INFO  impl.RoleInfo (RoleInfo.java:updateAndGet(143)) - 0d4e421f-a580-438c-824a-2881e7ce6119: start FollowerState
2019-09-19 10:49:08,484 [Thread-1008] INFO  impl.FollowerState (FollowerState.java:run(106)) - c9baf647-08c3-4366-86b9-39150e9e3608:group-7EB238C3CBC3 changes to CANDIDATE, lastRpcTime:5164, electionTimeout:5164ms
2019-09-19 10:49:08,485 [Thread-1008] INFO  impl.RoleInfo (RoleInfo.java:shutdownFollowerState(121)) - c9baf647-08c3-4366-86b9-39150e9e3608: shutdown FollowerState
2019-09-19 10:49:08,485 [Thread-1007] INFO  impl.FollowerState (FollowerState.java:run(106)) - cdd88cb1-716b-4e52-8ddf-d696aacac702:group-7EB238C3CBC3 changes to CANDIDATE, lastRpcTime:5165, electionTimeout:5165ms
2019-09-19 10:49:08,485 [Thread-1008] INFO  impl.RaftServerImpl (RaftServerImpl.java:setRole(174)) - c9baf647-08c3-4366-86b9-39150e9e3608@group-7EB238C3CBC3: changes role from  FOLLOWER to CANDIDATE at term 21 for changeToCandidate
2019-09-19 10:49:08,485 [Thread-1007] INFO  impl.RoleInfo (RoleInfo.java:shutdownFollowerState(121)) - cdd88cb1-716b-4e52-8ddf-d696aacac702: shutdown FollowerState
2019-09-19 10:49:08,485 [Thread-1007] INFO  impl.RaftServerImpl (RaftServerImpl.java:setRole(174)) - cdd88cb1-716b-4e52-8ddf-d696aacac702@group-7EB238C3CBC3: changes role from  FOLLOWER to CANDIDATE at term 21 for changeToCandidate
2019-09-19 10:49:08,486 [Thread-1007] ERROR ratis.XceiverServerRatis (XceiverServerRatis.java:triggerPipelineClose(575)) - pipeline Action CLOSE  on pipeline PipelineID=0039b36d-2fcf-4f3f-ab41-7eb238c3cbc3.Reason : cdd88cb1-716b-4e52-8ddf-d696aacac702 is in candidate state for 148991ms
2019-09-19 10:49:08,486 [Thread-1008] ERROR ratis.XceiverServerRatis (XceiverServerRatis.java:triggerPipelineClose(575)) - pipeline Action CLOSE  on pipeline PipelineID=0039b36d-2fcf-4f3f-ab41-7eb238c3cbc3.Reason : c9baf647-08c3-4366-86b9-39150e9e3608 is in candidate state for 148991ms
2019-09-19 10:49:08,486 [Thread-1007] INFO  impl.RoleInfo (RoleInfo.java:updateAndGet(143)) - cdd88cb1-716b-4e52-8ddf-d696aacac702: start LeaderElection
2019-09-19 10:49:08,486 [Thread-1008] INFO  impl.RoleInfo (RoleInfo.java:updateAndGet(143)) - c9baf647-08c3-4366-86b9-39150e9e3608: start LeaderElection
2019-09-19 10:49:08,515 [Thread-1009] INFO  impl.FollowerState (FollowerState.java:run(106)) - 0d4e421f-a580-438c-824a-2881e7ce6119:group-7EB238C3CBC3 changes to CANDIDATE, lastRpcTime:5195, electionTimeout:5195ms
2019-09-19 10:49:08,515 [Thread-1009] INFO  impl.RoleInfo (RoleInfo.java:shutdownFollowerState(121)) - 0d4e421f-a580-438c-824a-2881e7ce6119: shutdown FollowerState
2019-09-19 10:49:08,516 [Thread-1009] INFO  impl.RaftServerImpl (RaftServerImpl.java:setRole(174)) - 0d4e421f-a580-438c-824a-2881e7ce6119@group-7EB238C3CBC3: changes role from  FOLLOWER to CANDIDATE at term 21 for changeToCandidate
2019-09-19 10:49:08,516 [Thread-1009] ERROR ratis.XceiverServerRatis (XceiverServerRatis.java:triggerPipelineClose(575)) - pipeline Action CLOSE  on pipeline PipelineID=0039b36d-2fcf-4f3f-ab41-7eb238c3cbc3.Reason : 0d4e421f-a580-438c-824a-2881e7ce6119 is in candidate state for 147856ms
2019-09-19 10:49:08,516 [Thread-1009] INFO  impl.RoleInfo (RoleInfo.java:updateAndGet(143)) - 0d4e421f-a580-438c-824a-2881e7ce6119: start LeaderElection
2019-09-19 10:49:08,666 [c9baf647-08c3-4366-86b9-39150e9e3608@group-7EB238C3CBC3:LeaderElection78] INFO  impl.LeaderElection (LeaderElection.java:askForVotes(182)) - c9baf647-08c3-4366-86b9-39150e9e3608@group-7EB238C3CBC3:LeaderElection78: begin an election at term 22 for -1: [c9baf647-08c3-4366-86b9-39150e9e3608:192.168.5.171:34562, cdd88cb1-716b-4e52-8ddf-d696aacac702:192.168.5.171:38745, 0d4e421f-a580-438c-824a-2881e7ce6119:192.168.5.171:46782], old=null
2019-09-19 10:49:08,666 [cdd88cb1-716b-4e52-8ddf-d696aacac702@group-7EB238C3CBC3:LeaderElection77] INFO  impl.LeaderElection (LeaderElection.java:askForVotes(182)) - cdd88cb1-716b-4e52-8ddf-d696aacac702@group-7EB238C3CBC3:LeaderElection77: begin an election at term 22 for -1: [c9baf647-08c3-4366-86b9-39150e9e3608:192.168.5.171:34562, cdd88cb1-716b-4e52-8ddf-d696aacac702:192.168.5.171:38745, 0d4e421f-a580-438c-824a-2881e7ce6119:192.168.5.171:46782], old=null
2019-09-19 10:49:08,702 [EventQueue-PipelineActionsForPipelineActionHandler] ERROR pipeline.PipelineActionHandler (PipelineActionHandler.java:onMessage(60)) - Received pipeline action CLOSE for Pipeline[ Id: 0039b36d-2fcf-4f3f-ab41-7eb238c3cbc3, Nodes: 0d4e421f-a580-438c-824a-2881e7ce6119{ip: 192.168.5.171, host: pr-hdds-1054-s6xkv-2432930293, networkLocation: /default-rack, certSerialId: null}cdd88cb1-716b-4e52-8ddf-d696aacac702{ip: 192.168.5.171, host: pr-hdds-1054-s6xkv-2432930293, networkLocation: /default-rack, certSerialId: null}c9baf647-08c3-4366-86b9-39150e9e3608{ip: 192.168.5.171, host: pr-hdds-1054-s6xkv-2432930293, networkLocation: /default-rack, certSerialId: null}, Type:RATIS, Factor:THREE, State:CLOSED] from datanode cdd88cb1-716b-4e52-8ddf-d696aacac702{ip: 192.168.5.171, host: pr-hdds-1054-s6xkv-2432930293, networkLocation: /default-rack, certSerialId: null}. Reason : cdd88cb1-716b-4e52-8ddf-d696aacac702 is in candidate state for 148991ms
2019-09-19 10:49:08,703 [EventQueue-PipelineActionsForPipelineActionHandler] INFO  pipeline.SCMPipelineManager (SCMPipelineManager.java:finalizeAndDestroyPipeline(311)) - destroying pipeline:Pipeline[ Id: 0039b36d-2fcf-4f3f-ab41-7eb238c3cbc3, Nodes: 0d4e421f-a580-438c-824a-2881e7ce6119{ip: 192.168.5.171, host: pr-hdds-1054-s6xkv-2432930293, networkLocation: /default-rack, certSerialId: null}cdd88cb1-716b-4e52-8ddf-d696aacac702{ip: 192.168.5.171, host: pr-hdds-1054-s6xkv-2432930293, networkLocation: /default-rack, certSerialId: null}c9baf647-08c3-4366-86b9-39150e9e3608{ip: 192.168.5.171, host: pr-hdds-1054-s6xkv-2432930293, networkLocation: /default-rack, certSerialId: null}, Type:RATIS, Factor:THREE, State:CLOSED]
2019-09-19 10:49:08,707 [EventQueue-PipelineActionsForPipelineActionHandler] ERROR pipeline.PipelineActionHandler (PipelineActionHandler.java:onMessage(60)) - Received pipeline action CLOSE for Pipeline[ Id: 0039b36d-2fcf-4f3f-ab41-7eb238c3cbc3, Nodes: 0d4e421f-a580-438c-824a-2881e7ce6119{ip: 192.168.5.171, host: pr-hdds-1054-s6xkv-2432930293, networkLocation: /default-rack, certSerialId: null}cdd88cb1-716b-4e52-8ddf-d696aacac702{ip: 192.168.5.171, host: pr-hdds-1054-s6xkv-2432930293, networkLocation: /default-rack, certSerialId: null}c9baf647-08c3-4366-86b9-39150e9e3608{ip: 192.168.5.171, host: pr-hdds-1054-s6xkv-2432930293, networkLocation: /default-rack, certSerialId: null}, Type:RATIS, Factor:THREE, State:CLOSED] from datanode c9baf647-08c3-4366-86b9-39150e9e3608{ip: 192.168.5.171, host: pr-hdds-1054-s6xkv-2432930293, networkLocation: /default-rack, certSerialId: null}. Reason : c9baf647-08c3-4366-86b9-39150e9e3608 is in candidate state for 148991ms
2019-09-19 10:49:08,707 [EventQueue-PipelineActionsForPipelineActionHandler] INFO  pipeline.SCMPipelineManager (SCMPipelineManager.java:finalizeAndDestroyPipeline(311)) - destroying pipeline:Pipeline[ Id: 0039b36d-2fcf-4f3f-ab41-7eb238c3cbc3, Nodes: 0d4e421f-a580-438c-824a-2881e7ce6119{ip: 192.168.5.171, host: pr-hdds-1054-s6xkv-2432930293, networkLocation: /default-rack, certSerialId: null}cdd88cb1-716b-4e52-8ddf-d696aacac702{ip: 192.168.5.171, host: pr-hdds-1054-s6xkv-2432930293, networkLocation: /default-rack, certSerialId: null}c9baf647-08c3-4366-86b9-39150e9e3608{ip: 192.168.5.171, host: pr-hdds-1054-s6xkv-2432930293, networkLocation: /default-rack, certSerialId: null}, Type:RATIS, Factor:THREE, State:CLOSED]
2019-09-19 10:49:08,724 [0d4e421f-a580-438c-824a-2881e7ce6119@group-7EB238C3CBC3:LeaderElection79] INFO  impl.LeaderElection (LeaderElection.java:askForVotes(182)) - 0d4e421f-a580-438c-824a-2881e7ce6119@group-7EB238C3CBC3:LeaderElection79: begin an election at term 22 for -1: [c9baf647-08c3-4366-86b9-39150e9e3608:192.168.5.171:34562, cdd88cb1-716b-4e52-8ddf-d696aacac702:192.168.5.171:38745, 0d4e421f-a580-438c-824a-2881e7ce6119:192.168.5.171:46782], old=null
2019-09-19 10:49:08,728 [cdd88cb1-716b-4e52-8ddf-d696aacac702@group-7EB238C3CBC3:LeaderElection77] INFO  impl.LeaderElection (LeaderElection.java:logAndReturn(56)) - cdd88cb1-716b-4e52-8ddf-d696aacac702@group-7EB238C3CBC3:LeaderElection77: Election REJECTED; received 2 response(s) [cdd88cb1-716b-4e52-8ddf-d696aacac702<-c9baf647-08c3-4366-86b9-39150e9e3608#0:FAIL-t22, cdd88cb1-716b-4e52-8ddf-d696aacac702<-0d4e421f-a580-438c-824a-2881e7ce6119#0:FAIL-t22] and 0 exception(s); cdd88cb1-716b-4e52-8ddf-d696aacac702@group-7EB238C3CBC3:t22, leader=null, voted=cdd88cb1-716b-4e52-8ddf-d696aacac702, raftlog=cdd88cb1-716b-4e52-8ddf-d696aacac702@group-7EB238C3CBC3-SegmentedRaftLog:OPENED:c-1,f-1,i0, conf=-1: [c9baf647-08c3-4366-86b9-39150e9e3608:192.168.5.171:34562, cdd88cb1-716b-4e52-8ddf-d696aacac702:192.168.5.171:38745, 0d4e421f-a580-438c-824a-2881e7ce6119:192.168.5.171:46782], old=null
2019-09-19 10:49:08,728 [c9baf647-08c3-4366-86b9-39150e9e3608@group-7EB238C3CBC3:LeaderElection78] INFO  impl.LeaderElection (LeaderElection.java:logAndReturn(56)) - c9baf647-08c3-4366-86b9-39150e9e3608@group-7EB238C3CBC3:LeaderElection78: Election REJECTED; received 2 response(s) [c9baf647-08c3-4366-86b9-39150e9e3608<-cdd88cb1-716b-4e52-8ddf-d696aacac702#0:FAIL-t22, c9baf647-08c3-4366-86b9-39150e9e3608<-0d4e421f-a580-438c-824a-2881e7ce6119#0:FAIL-t22] and 0 exception(s); c9baf647-08c3-4366-86b9-39150e9e3608@group-7EB238C3CBC3:t22, leader=null, voted=c9baf647-08c3-4366-86b9-39150e9e3608, raftlog=c9baf647-08c3-4366-86b9-39150e9e3608@group-7EB238C3CBC3-SegmentedRaftLog:OPENED:c-1,f-1,i0, conf=-1: [c9baf647-08c3-4366-86b9-39150e9e3608:192.168.5.171:34562, cdd88cb1-716b-4e52-8ddf-d696aacac702:192.168.5.171:38745, 0d4e421f-a580-438c-824a-2881e7ce6119:192.168.5.171:46782], old=null
2019-09-19 10:49:08,730 [cdd88cb1-716b-4e52-8ddf-d696aacac702@group-7EB238C3CBC3:LeaderElection77] INFO  impl.RaftServerImpl (RaftServerImpl.java:setRole(174)) - cdd88cb1-716b-4e52-8ddf-d696aacac702@group-7EB238C3CBC3: changes role from CANDIDATE to FOLLOWER at term 22 for DISCOVERED_A_NEW_TERM
2019-09-19 10:49:08,732 [cdd88cb1-716b-4e52-8ddf-d696aacac702@group-7EB238C3CBC3:LeaderElection77] INFO  impl.RoleInfo (RoleInfo.java:shutdownLeaderElection(134)) - cdd88cb1-716b-4e52-8ddf-d696aacac702: shutdown LeaderElection
2019-09-19 10:49:08,732 [c9baf647-08c3-4366-86b9-39150e9e3608@group-7EB238C3CBC3:LeaderElection78] INFO  impl.RaftServerImpl (RaftServerImpl.java:setRole(174)) - c9baf647-08c3-4366-86b9-39150e9e3608@group-7EB238C3CBC3: changes role from CANDIDATE to FOLLOWER at term 22 for DISCOVERED_A_NEW_TERM
2019-09-19 10:49:08,734 [cdd88cb1-716b-4e52-8ddf-d696aacac702@group-7EB238C3CBC3:LeaderElection77] INFO  impl.RoleInfo (RoleInfo.java:updateAndGet(143)) - cdd88cb1-716b-4e52-8ddf-d696aacac702: start FollowerState
2019-09-19 10:49:08,734 [c9baf647-08c3-4366-86b9-39150e9e3608@group-7EB238C3CBC3:LeaderElection78] INFO  impl.RoleInfo (RoleInfo.java:shutdownLeaderElection(134)) - c9baf647-08c3-4366-86b9-39150e9e3608: shutdown LeaderElection
2019-09-19 10:49:08,734 [c9baf647-08c3-4366-86b9-39150e9e3608@group-7EB238C3CBC3:LeaderElection78] INFO  impl.RoleInfo (RoleInfo.java:updateAndGet(143)) - c9baf647-08c3-4366-86b9-39150e9e3608: start FollowerState
2019-09-19 10:49:08,735 [0d4e421f-a580-438c-824a-2881e7ce6119@group-7EB238C3CBC3:LeaderElection79] INFO  impl.LeaderElection (LeaderElection.java:logAndReturn(56)) - 0d4e421f-a580-438c-824a-2881e7ce6119@group-7EB238C3CBC3:LeaderElection79: Election REJECTED; received 2 response(s) [0d4e421f-a580-438c-824a-2881e7ce6119<-c9baf647-08c3-4366-86b9-39150e9e3608#0:FAIL-t22, 0d4e421f-a580-438c-824a-2881e7ce6119<-cdd88cb1-716b-4e52-8ddf-d696aacac702#0:FAIL-t22] and 0 exception(s); 0d4e421f-a580-438c-824a-2881e7ce6119@group-7EB238C3CBC3:t22, leader=null, voted=0d4e421f-a580-438c-824a-2881e7ce6119, raftlog=0d4e421f-a580-438c-824a-2881e7ce6119@group-7EB238C3CBC3-SegmentedRaftLog:OPENED:c-1,f-1,i0, conf=-1: [c9baf647-08c3-4366-86b9-39150e9e3608:192.168.5.171:34562, cdd88cb1-716b-4e52-8ddf-d696aacac702:192.168.5.171:38745, 0d4e421f-a580-438c-824a-2881e7ce6119:192.168.5.171:46782], old=null
2019-09-19 10:49:08,735 [0d4e421f-a580-438c-824a-2881e7ce6119@group-7EB238C3CBC3:LeaderElection79] INFO  impl.RaftServerImpl (RaftServerImpl.java:setRole(174)) - 0d4e421f-a580-438c-824a-2881e7ce6119@group-7EB238C3CBC3: changes role from CANDIDATE to FOLLOWER at term 22 for DISCOVERED_A_NEW_TERM
2019-09-19 10:49:08,736 [0d4e421f-a580-438c-824a-2881e7ce6119@group-7EB238C3CBC3:LeaderElection79] INFO  impl.RoleInfo (RoleInfo.java:shutdownLeaderElection(134)) - 0d4e421f-a580-438c-824a-2881e7ce6119: shutdown LeaderElection
2019-09-19 10:49:08,736 [0d4e421f-a580-438c-824a-2881e7ce6119@group-7EB238C3CBC3:LeaderElection79] INFO  impl.RoleInfo (RoleInfo.java:updateAndGet(143)) - 0d4e421f-a580-438c-824a-2881e7ce6119: start FollowerState
2019-09-19 10:49:09,333 [EventQueue-PipelineActionsForPipelineActionHandler] ERROR pipeline.PipelineActionHandler (PipelineActionHandler.java:onMessage(60)) - Received pipeline action CLOSE for Pipeline[ Id: 0039b36d-2fcf-4f3f-ab41-7eb238c3cbc3, Nodes: 0d4e421f-a580-438c-824a-2881e7ce6119{ip: 192.168.5.171, host: pr-hdds-1054-s6xkv-2432930293, networkLocation: /default-rack, certSerialId: null}cdd88cb1-716b-4e52-8ddf-d696aacac702{ip: 192.168.5.171, host: pr-hdds-1054-s6xkv-2432930293, networkLocation: /default-rack, certSerialId: null}c9baf647-08c3-4366-86b9-39150e9e3608{ip: 192.168.5.171, host: pr-hdds-1054-s6xkv-2432930293, networkLocation: /default-rack, certSerialId: null}, Type:RATIS, Factor:THREE, State:CLOSED] from datanode 0d4e421f-a580-438c-824a-2881e7ce6119{ip: 192.168.5.171, host: pr-hdds-1054-s6xkv-2432930293, networkLocation: /default-rack, certSerialId: null}. Reason : 0d4e421f-a580-438c-824a-2881e7ce6119 is in candidate state for 147856ms
2019-09-19 10:49:09,336 [EventQueue-PipelineActionsForPipelineActionHandler] INFO  pipeline.SCMPipelineManager (SCMPipelineManager.java:finalizeAndDestroyPipeline(311)) - destroying pipeline:Pipeline[ Id: 0039b36d-2fcf-4f3f-ab41-7eb238c3cbc3, Nodes: 0d4e421f-a580-438c-824a-2881e7ce6119{ip: 192.168.5.171, host: pr-hdds-1054-s6xkv-2432930293, networkLocation: /default-rack, certSerialId: null}cdd88cb1-716b-4e52-8ddf-d696aacac702{ip: 192.168.5.171, host: pr-hdds-1054-s6xkv-2432930293, networkLocation: /default-rack, certSerialId: null}c9baf647-08c3-4366-86b9-39150e9e3608{ip: 192.168.5.171, host: pr-hdds-1054-s6xkv-2432930293, networkLocation: /default-rack, certSerialId: null}, Type:RATIS, Factor:THREE, State:CLOSED]
2019-09-19 10:49:13,766 [Thread-1029] INFO  impl.FollowerState (FollowerState.java:run(106)) - cdd88cb1-716b-4e52-8ddf-d696aacac702:group-7EB238C3CBC3 changes to CANDIDATE, lastRpcTime:5031, electionTimeout:5031ms
2019-09-19 10:49:13,768 [Thread-1029] INFO  impl.RoleInfo (RoleInfo.java:shutdownFollowerState(121)) - cdd88cb1-716b-4e52-8ddf-d696aacac702: shutdown FollowerState
2019-09-19 10:49:13,768 [Thread-1029] INFO  impl.RaftServerImpl (RaftServerImpl.java:setRole(174)) - cdd88cb1-716b-4e52-8ddf-d696aacac702@group-7EB238C3CBC3: changes role from  FOLLOWER to CANDIDATE at term 22 for changeToCandidate
2019-09-19 10:49:13,768 [Thread-1029] ERROR ratis.XceiverServerRatis (XceiverServerRatis.java:triggerPipelineClose(575)) - pipeline Action CLOSE  on pipeline PipelineID=0039b36d-2fcf-4f3f-ab41-7eb238c3cbc3.Reason : cdd88cb1-716b-4e52-8ddf-d696aacac702 is in candidate state for 154274ms
2019-09-19 10:49:13,769 [Thread-1029] INFO  impl.RoleInfo (RoleInfo.java:updateAndGet(143)) - cdd88cb1-716b-4e52-8ddf-d696aacac702: start LeaderElection
2019-09-19 10:49:13,822 [Thread-1031] INFO  impl.FollowerState (FollowerState.java:run(106)) - 0d4e421f-a580-438c-824a-2881e7ce6119:group-7EB238C3CBC3 changes to CANDIDATE, lastRpcTime:5086, electionTimeout:5086ms
2019-09-19 10:49:13,831 [Thread-1031] INFO  impl.RoleInfo (RoleInfo.java:shutdownFollowerState(121)) - 0d4e421f-a580-438c-824a-2881e7ce6119: shutdown FollowerState
2019-09-19 10:49:13,831 [Thread-1031] INFO  impl.RaftServerImpl (RaftServerImpl.java:setRole(174)) - 0d4e421f-a580-438c-824a-2881e7ce6119@group-7EB238C3CBC3: changes role from  FOLLOWER to CANDIDATE at term 22 for changeToCandidate
2019-09-19 10:49:13,831 [Thread-1031] ERROR ratis.XceiverServerRatis (XceiverServerRatis.java:triggerPipelineClose(575)) - pipeline Action CLOSE  on pipeline PipelineID=0039b36d-2fcf-4f3f-ab41-7eb238c3cbc3.Reason : 0d4e421f-a580-438c-824a-2881e7ce6119 is in candidate state for 153172ms
2019-09-19 10:49:13,832 [Thread-1031] INFO  impl.RoleInfo (RoleInfo.java:updateAndGet(143)) - 0d4e421f-a580-438c-824a-2881e7ce6119: start LeaderElection
2019-09-19 10:49:13,916 [Thread-1030] INFO  impl.FollowerState (FollowerState.java:run(106)) - c9baf647-08c3-4366-86b9-39150e9e3608:group-7EB238C3CBC3 changes to CANDIDATE, lastRpcTime:5181, electionTimeout:5181ms
2019-09-19 10:49:13,916 [Thread-1030] INFO  impl.RoleInfo (RoleInfo.java:shutdownFollowerState(121)) - c9baf647-08c3-4366-86b9-39150e9e3608: shutdown FollowerState
2019-09-19 10:49:13,916 [Thread-1030] INFO  impl.RaftServerImpl (RaftServerImpl.java:setRole(174)) - c9baf647-08c3-4366-86b9-39150e9e3608@group-7EB238C3CBC3: changes role from  FOLLOWER to CANDIDATE at term 22 for changeToCandidate
2019-09-19 10:49:13,916 [Thread-1030] ERROR ratis.XceiverServerRatis (XceiverServerRatis.java:triggerPipelineClose(575)) - pipeline Action CLOSE  on pipeline PipelineID=0039b36d-2fcf-4f3f-ab41-7eb238c3cbc3.Reason : c9baf647-08c3-4366-86b9-39150e9e3608 is in candidate state for 154422ms
2019-09-19 10:49:13,917 [Thread-1030] INFO  impl.RoleInfo (RoleInfo.java:updateAndGet(143)) - c9baf647-08c3-4366-86b9-39150e9e3608: start LeaderElection
2019-09-19 10:49:14,334 [EventQueue-PipelineActionsForPipelineActionHandler] ERROR pipeline.PipelineActionHandler (PipelineActionHandler.java:onMessage(60)) - Received pipeline action CLOSE for Pipeline[ Id: 0039b36d-2fcf-4f3f-ab41-7eb238c3cbc3, Nodes: 0d4e421f-a580-438c-824a-2881e7ce6119{ip: 192.168.5.171, host: pr-hdds-1054-s6xkv-2432930293, networkLocation: /default-rack, certSerialId: null}cdd88cb1-716b-4e52-8ddf-d696aacac702{ip: 192.168.5.171, host: pr-hdds-1054-s6xkv-2432930293, networkLocation: /default-rack, certSerialId: null}c9baf647-08c3-4366-86b9-39150e9e3608{ip: 192.168.5.171, host: pr-hdds-1054-s6xkv-2432930293, networkLocation: /default-rack, certSerialId: null}, Type:RATIS, Factor:THREE, State:CLOSED] from datanode 0d4e421f-a580-438c-824a-2881e7ce6119{ip: 192.168.5.171, host: pr-hdds-1054-s6xkv-2432930293, networkLocation: /default-rack, certSerialId: null}. Reason : 0d4e421f-a580-438c-824a-2881e7ce6119 is in candidate state for 153172ms
2019-09-19 10:49:14,334 [EventQueue-PipelineActionsForPipelineActionHandler] INFO  pipeline.SCMPipelineManager (SCMPipelineManager.java:finalizeAndDestroyPipeline(311)) - destroying pipeline:Pipeline[ Id: 0039b36d-2fcf-4f3f-ab41-7eb238c3cbc3, Nodes: 0d4e421f-a580-438c-824a-2881e7ce6119{ip: 192.168.5.171, host: pr-hdds-1054-s6xkv-2432930293, networkLocation: /default-rack, certSerialId: null}cdd88cb1-716b-4e52-8ddf-d696aacac702{ip: 192.168.5.171, host: pr-hdds-1054-s6xkv-2432930293, networkLocation: /default-rack, certSerialId: null}c9baf647-08c3-4366-86b9-39150e9e3608{ip: 192.168.5.171, host: pr-hdds-1054-s6xkv-2432930293, networkLocation: /default-rack, certSerialId: null}, Type:RATIS, Factor:THREE, State:CLOSED]
2019-09-19 10:49:14,657 [cdd88cb1-716b-4e52-8ddf-d696aacac702@group-7EB238C3CBC3:LeaderElection80] INFO  impl.LeaderElection (LeaderElection.java:askForVotes(182)) - cdd88cb1-716b-4e52-8ddf-d696aacac702@group-7EB238C3CBC3:LeaderElection80: begin an election at term 23 for -1: [c9baf647-08c3-4366-86b9-39150e9e3608:192.168.5.171:34562, cdd88cb1-716b-4e52-8ddf-d696aacac702:192.168.5.171:38745, 0d4e421f-a580-438c-824a-2881e7ce6119:192.168.5.171:46782], old=null
2019-09-19 10:49:14,657 [c9baf647-08c3-4366-86b9-39150e9e3608@group-7EB238C3CBC3:LeaderElection82] INFO  impl.LeaderElection (LeaderElection.java:askForVotes(182)) - c9baf647-08c3-4366-86b9-39150e9e3608@group-7EB238C3CBC3:LeaderElection82: begin an election at term 23 for -1: [c9baf647-08c3-4366-86b9-39150e9e3608:192.168.5.171:34562, cdd88cb1-716b-4e52-8ddf-d696aacac702:192.168.5.171:38745, 0d4e421f-a580-438c-824a-2881e7ce6119:192.168.5.171:46782], old=null
2019-09-19 10:49:14,657 [0d4e421f-a580-438c-824a-2881e7ce6119@group-7EB238C3CBC3:LeaderElection81] INFO  impl.LeaderElection (LeaderElection.java:askForVotes(182)) - 0d4e421f-a580-438c-824a-2881e7ce6119@group-7EB238C3CBC3:LeaderElection81: begin an election at term 23 for -1: [c9baf647-08c3-4366-86b9-39150e9e3608:192.168.5.171:34562, cdd88cb1-716b-4e52-8ddf-d696aacac702:192.168.5.171:38745, 0d4e421f-a580-438c-824a-2881e7ce6119:192.168.5.171:46782], old=null
2019-09-19 10:49:14,662 [cdd88cb1-716b-4e52-8ddf-d696aacac702@group-7EB238C3CBC3:LeaderElection80] INFO  impl.LeaderElection (LeaderElection.java:logAndReturn(56)) - cdd88cb1-716b-4e52-8ddf-d696aacac702@group-7EB238C3CBC3:LeaderElection80: Election REJECTED; received 2 response(s) [cdd88cb1-716b-4e52-8ddf-d696aacac702<-c9baf647-08c3-4366-86b9-39150e9e3608#0:FAIL-t23, cdd88cb1-716b-4e52-8ddf-d696aacac702<-0d4e421f-a580-438c-824a-2881e7ce6119#0:FAIL-t23] and 0 exception(s); cdd88cb1-716b-4e52-8ddf-d696aacac702@group-7EB238C3CBC3:t23, leader=null, voted=cdd88cb1-716b-4e52-8ddf-d696aacac702, raftlog=cdd88cb1-716b-4e52-8ddf-d696aacac702@group-7EB238C3CBC3-SegmentedRaftLog:OPENED:c-1,f-1,i0, conf=-1: [c9baf647-08c3-4366-86b9-39150e9e3608:192.168.5.171:34562, cdd88cb1-716b-4e52-8ddf-d696aacac702:192.168.5.171:38745, 0d4e421f-a580-438c-824a-2881e7ce6119:192.168.5.171:46782], old=null
2019-09-19 10:49:14,662 [cdd88cb1-716b-4e52-8ddf-d696aacac702@group-7EB238C3CBC3:LeaderElection80] INFO  impl.RaftServerImpl (RaftServerImpl.java:setRole(174)) - cdd88cb1-716b-4e52-8ddf-d696aacac702@group-7EB238C3CBC3: changes role from CANDIDATE to FOLLOWER at term 23 for DISCOVERED_A_NEW_TERM
2019-09-19 10:49:14,662 [cdd88cb1-716b-4e52-8ddf-d696aacac702@group-7EB238C3CBC3:LeaderElection80] INFO  impl.RoleInfo (RoleInfo.java:shutdownLeaderElection(134)) - cdd88cb1-716b-4e52-8ddf-d696aacac702: shutdown LeaderElection
2019-09-19 10:49:14,662 [cdd88cb1-716b-4e52-8ddf-d696aacac702@group-7EB238C3CBC3:LeaderElection80] INFO  impl.RoleInfo (RoleInfo.java:updateAndGet(143)) - cdd88cb1-716b-4e52-8ddf-d696aacac702: start FollowerState
2019-09-19 10:49:14,662 [c9baf647-08c3-4366-86b9-39150e9e3608@group-7EB238C3CBC3:LeaderElection82] INFO  impl.LeaderElection (LeaderElection.java:logAndReturn(56)) - c9baf647-08c3-4366-86b9-39150e9e3608@group-7EB238C3CBC3:LeaderElection82: Election REJECTED; received 2 response(s) [c9baf647-08c3-4366-86b9-39150e9e3608<-cdd88cb1-716b-4e52-8ddf-d696aacac702#0:FAIL-t23, c9baf647-08c3-4366-86b9-39150e9e3608<-0d4e421f-a580-438c-824a-2881e7ce6119#0:FAIL-t23] and 0 exception(s); c9baf647-08c3-4366-86b9-39150e9e3608@group-7EB238C3CBC3:t23, leader=null, voted=c9baf647-08c3-4366-86b9-39150e9e3608, raftlog=c9baf647-08c3-4366-86b9-39150e9e3608@group-7EB238C3CBC3-SegmentedRaftLog:OPENED:c-1,f-1,i0, conf=-1: [c9baf647-08c3-4366-86b9-39150e9e3608:192.168.5.171:34562, cdd88cb1-716b-4e52-8ddf-d696aacac702:192.168.5.171:38745, 0d4e421f-a580-438c-824a-2881e7ce6119:192.168.5.171:46782], old=null
2019-09-19 10:49:14,663 [c9baf647-08c3-4366-86b9-39150e9e3608@group-7EB238C3CBC3:LeaderElection82] INFO  impl.RaftServerImpl (RaftServerImpl.java:setRole(174)) - c9baf647-08c3-4366-86b9-39150e9e3608@group-7EB238C3CBC3: changes role from CANDIDATE to FOLLOWER at term 23 for DISCOVERED_A_NEW_TERM
2019-09-19 10:49:14,663 [c9baf647-08c3-4366-86b9-39150e9e3608@group-7EB238C3CBC3:LeaderElection82] INFO  impl.RoleInfo (RoleInfo.java:shutdownLeaderElection(134)) - c9baf647-08c3-4366-86b9-39150e9e3608: shutdown LeaderElection
2019-09-19 10:49:14,663 [0d4e421f-a580-438c-824a-2881e7ce6119@group-7EB238C3CBC3:LeaderElection81] INFO  impl.LeaderElection (LeaderElection.java:logAndReturn(56)) - 0d4e421f-a580-438c-824a-2881e7ce6119@group-7EB238C3CBC3:LeaderElection81: Election REJECTED; received 2 response(s) [0d4e421f-a580-438c-824a-2881e7ce6119<-c9baf647-08c3-4366-86b9-39150e9e3608#0:FAIL-t23, 0d4e421f-a580-438c-824a-2881e7ce6119<-cdd88cb1-716b-4e52-8ddf-d696aacac702#0:FAIL-t23] and 0 exception(s); 0d4e421f-a580-438c-824a-2881e7ce6119@group-7EB238C3CBC3:t23, leader=null, voted=0d4e421f-a580-438c-824a-2881e7ce6119, raftlog=0d4e421f-a580-438c-824a-2881e7ce6119@group-7EB238C3CBC3-SegmentedRaftLog:OPENED:c-1,f-1,i0, conf=-1: [c9baf647-08c3-4366-86b9-39150e9e3608:192.168.5.171:34562, cdd88cb1-716b-4e52-8ddf-d696aacac702:192.168.5.171:38745, 0d4e421f-a580-438c-824a-2881e7ce6119:192.168.5.171:46782], old=null
2019-09-19 10:49:14,663 [c9baf647-08c3-4366-86b9-39150e9e3608@group-7EB238C3CBC3:LeaderElection82] INFO  impl.RoleInfo (RoleInfo.java:updateAndGet(143)) - c9baf647-08c3-4366-86b9-39150e9e3608: start FollowerState
2019-09-19 10:49:14,663 [0d4e421f-a580-438c-824a-2881e7ce6119@group-7EB238C3CBC3:LeaderElection81] INFO  impl.RaftServerImpl (RaftServerImpl.java:setRole(174)) - 0d4e421f-a580-438c-824a-2881e7ce6119@group-7EB238C3CBC3: changes role from CANDIDATE to FOLLOWER at term 23 for DISCOVERED_A_NEW_TERM
2019-09-19 10:49:14,663 [0d4e421f-a580-438c-824a-2881e7ce6119@group-7EB238C3CBC3:LeaderElection81] INFO  impl.RoleInfo (RoleInfo.java:shutdownLeaderElection(134)) - 0d4e421f-a580-438c-824a-2881e7ce6119: shutdown LeaderElection
2019-09-19 10:49:14,663 [0d4e421f-a580-438c-824a-2881e7ce6119@group-7EB238C3CBC3:LeaderElection81] INFO  impl.RoleInfo (RoleInfo.java:updateAndGet(143)) - 0d4e421f-a580-438c-824a-2881e7ce6119: start FollowerState
2019-09-19 10:49:14,701 [EventQueue-PipelineActionsForPipelineActionHandler] ERROR pipeline.PipelineActionHandler (PipelineActionHandler.java:onMessage(60)) - Received pipeline action CLOSE for Pipeline[ Id: 0039b36d-2fcf-4f3f-ab41-7eb238c3cbc3, Nodes: 0d4e421f-a580-438c-824a-2881e7ce6119{ip: 192.168.5.171, host: pr-hdds-1054-s6xkv-2432930293, networkLocation: /default-rack, certSerialId: null}cdd88cb1-716b-4e52-8ddf-d696aacac702{ip: 192.168.5.171, host: pr-hdds-1054-s6xkv-2432930293, networkLocation: /default-rack, certSerialId: null}c9baf647-08c3-4366-86b9-39150e9e3608{ip: 192.168.5.171, host: pr-hdds-1054-s6xkv-2432930293, networkLocation: /default-rack, certSerialId: null}, Type:RATIS, Factor:THREE, State:CLOSED] from datanode cdd88cb1-716b-4e52-8ddf-d696aacac702{ip: 192.168.5.171, host: pr-hdds-1054-s6xkv-2432930293, networkLocation: /default-rack, certSerialId: null}. Reason : cdd88cb1-716b-4e52-8ddf-d696aacac702 is in candidate state for 154274ms
2019-09-19 10:49:14,701 [EventQueue-PipelineActionsForPipelineActionHandler] INFO  pipeline.SCMPipelineManager (SCMPipelineManager.java:finalizeAndDestroyPipeline(311)) - destroying pipeline:Pipeline[ Id: 0039b36d-2fcf-4f3f-ab41-7eb238c3cbc3, Nodes: 0d4e421f-a580-438c-824a-2881e7ce6119{ip: 192.168.5.171, host: pr-hdds-1054-s6xkv-2432930293, networkLocation: /default-rack, certSerialId: null}cdd88cb1-716b-4e52-8ddf-d696aacac702{ip: 192.168.5.171, host: pr-hdds-1054-s6xkv-2432930293, networkLocation: /default-rack, certSerialId: null}c9baf647-08c3-4366-86b9-39150e9e3608{ip: 192.168.5.171, host: pr-hdds-1054-s6xkv-2432930293, networkLocation: /default-rack, certSerialId: null}, Type:RATIS, Factor:THREE, State:CLOSED]
2019-09-19 10:49:14,707 [EventQueue-PipelineActionsForPipelineActionHandler] ERROR pipeline.PipelineActionHandler (PipelineActionHandler.java:onMessage(60)) - Received pipeline action CLOSE for Pipeline[ Id: 0039b36d-2fcf-4f3f-ab41-7eb238c3cbc3, Nodes: 0d4e421f-a580-438c-824a-2881e7ce6119{ip: 192.168.5.171, host: pr-hdds-1054-s6xkv-2432930293, networkLocation: /default-rack, certSerialId: null}cdd88cb1-716b-4e52-8ddf-d696aacac702{ip: 192.168.5.171, host: pr-hdds-1054-s6xkv-2432930293, networkLocation: /default-rack, certSerialId: null}c9baf647-08c3-4366-86b9-39150e9e3608{ip: 192.168.5.171, host: pr-hdds-1054-s6xkv-2432930293, networkLocation: /default-rack, certSerialId: null}, Type:RATIS, Factor:THREE, State:CLOSED] from datanode c9baf647-08c3-4366-86b9-39150e9e3608{ip: 192.168.5.171, host: pr-hdds-1054-s6xkv-2432930293, networkLocation: /default-rack, certSerialId: null}. Reason : c9baf647-08c3-4366-86b9-39150e9e3608 is in candidate state for 154422ms
2019-09-19 10:49:14,707 [EventQueue-PipelineActionsForPipelineActionHandler] INFO  pipeline.SCMPipelineManager (SCMPipelineManager.java:finalizeAndDestroyPipeline(311)) - destroying pipeline:Pipeline[ Id: 0039b36d-2fcf-4f3f-ab41-7eb238c3cbc3, Nodes: 0d4e421f-a580-438c-824a-2881e7ce6119{ip: 192.168.5.171, host: pr-hdds-1054-s6xkv-2432930293, networkLocation: /default-rack, certSerialId: null}cdd88cb1-716b-4e52-8ddf-d696aacac702{ip: 192.168.5.171, host: pr-hdds-1054-s6xkv-2432930293, networkLocation: /default-rack, certSerialId: null}c9baf647-08c3-4366-86b9-39150e9e3608{ip: 192.168.5.171, host: pr-hdds-1054-s6xkv-2432930293, networkLocation: /default-rack, certSerialId: null}, Type:RATIS, Factor:THREE, State:CLOSED]
2019-09-19 10:49:19,690 [Thread-1054] INFO  impl.FollowerState (FollowerState.java:run(106)) - c9baf647-08c3-4366-86b9-39150e9e3608:group-7EB238C3CBC3 changes to CANDIDATE, lastRpcTime:5026, electionTimeout:5026ms
2019-09-19 10:49:19,690 [Thread-1054] INFO  impl.RoleInfo (RoleInfo.java:shutdownFollowerState(121)) - c9baf647-08c3-4366-86b9-39150e9e3608: shutdown FollowerState
2019-09-19 10:49:19,690 [Thread-1054] INFO  impl.RaftServerImpl (RaftServerImpl.java:setRole(174)) - c9baf647-08c3-4366-86b9-39150e9e3608@group-7EB238C3CBC3: changes role from  FOLLOWER to CANDIDATE at term 23 for changeToCandidate
2019-09-19 10:49:19,690 [Thread-1054] ERROR ratis.XceiverServerRatis (XceiverServerRatis.java:triggerPipelineClose(575)) - pipeline Action CLOSE  on pipeline PipelineID=0039b36d-2fcf-4f3f-ab41-7eb238c3cbc3.Reason : c9baf647-08c3-4366-86b9-39150e9e3608 is in candidate state for 160196ms
2019-09-19 10:49:19,691 [Thread-1054] INFO  impl.RoleInfo (RoleInfo.java:updateAndGet(143)) - c9baf647-08c3-4366-86b9-39150e9e3608: start LeaderElection
2019-09-19 10:49:19,709 [EventQueue-PipelineActionsForPipelineActionHandler] ERROR pipeline.PipelineActionHandler (PipelineActionHandler.java:onMessage(60)) - Received pipeline action CLOSE for Pipeline[ Id: 0039b36d-2fcf-4f3f-ab41-7eb238c3cbc3, Nodes: 0d4e421f-a580-438c-824a-2881e7ce6119{ip: 192.168.5.171, host: pr-hdds-1054-s6xkv-2432930293, networkLocation: /default-rack, certSerialId: null}cdd88cb1-716b-4e52-8ddf-d696aacac702{ip: 192.168.5.171, host: pr-hdds-1054-s6xkv-2432930293, networkLocation: /default-rack, certSerialId: null}c9baf647-08c3-4366-86b9-39150e9e3608{ip: 192.168.5.171, host: pr-hdds-1054-s6xkv-2432930293, networkLocation: /default-rack, certSerialId: null}, Type:RATIS, Factor:THREE, State:CLOSED] from datanode c9baf647-08c3-4366-86b9-39150e9e3608{ip: 192.168.5.171, host: pr-hdds-1054-s6xkv-2432930293, networkLocation: /default-rack, certSerialId: null}. Reason : c9baf647-08c3-4366-86b9-39150e9e3608 is in candidate state for 160196ms
2019-09-19 10:49:19,709 [EventQueue-PipelineActionsForPipelineActionHandler] INFO  pipeline.SCMPipelineManager (SCMPipelineManager.java:finalizeAndDestroyPipeline(311)) - destroying pipeline:Pipeline[ Id: 0039b36d-2fcf-4f3f-ab41-7eb238c3cbc3, Nodes: 0d4e421f-a580-438c-824a-2881e7ce6119{ip: 192.168.5.171, host: pr-hdds-1054-s6xkv-2432930293, networkLocation: /default-rack, certSerialId: null}cdd88cb1-716b-4e52-8ddf-d696aacac702{ip: 192.168.5.171, host: pr-hdds-1054-s6xkv-2432930293, networkLocation: /default-rack, certSerialId: null}c9baf647-08c3-4366-86b9-39150e9e3608{ip: 192.168.5.171, host: pr-hdds-1054-s6xkv-2432930293, networkLocation: /default-rack, certSerialId: null}, Type:RATIS, Factor:THREE, State:CLOSED]
2019-09-19 10:49:19,837 [Thread-1053] INFO  impl.FollowerState (FollowerState.java:run(106)) - cdd88cb1-716b-4e52-8ddf-d696aacac702:group-7EB238C3CBC3 changes to CANDIDATE, lastRpcTime:5174, electionTimeout:5174ms
2019-09-19 10:49:19,837 [Thread-1053] INFO  impl.RoleInfo (RoleInfo.java:shutdownFollowerState(121)) - cdd88cb1-716b-4e52-8ddf-d696aacac702: shutdown FollowerState
2019-09-19 10:49:19,837 [Thread-1053] INFO  impl.RaftServerImpl (RaftServerImpl.java:setRole(174)) - cdd88cb1-716b-4e52-8ddf-d696aacac702@group-7EB238C3CBC3: changes role from  FOLLOWER to CANDIDATE at term 23 for changeToCandidate
2019-09-19 10:49:19,837 [Thread-1053] ERROR ratis.XceiverServerRatis (XceiverServerRatis.java:triggerPipelineClose(575)) - pipeline Action CLOSE  on pipeline PipelineID=0039b36d-2fcf-4f3f-ab41-7eb238c3cbc3.Reason : cdd88cb1-716b-4e52-8ddf-d696aacac702 is in candidate state for 160343ms
2019-09-19 10:49:19,837 [Thread-1053] INFO  impl.RoleInfo (RoleInfo.java:updateAndGet(143)) - cdd88cb1-716b-4e52-8ddf-d696aacac702: start LeaderElection
2019-09-19 10:49:19,848 [Thread-1055] INFO  impl.FollowerState (FollowerState.java:run(106)) - 0d4e421f-a580-438c-824a-2881e7ce6119:group-7EB238C3CBC3 changes to CANDIDATE, lastRpcTime:5184, electionTimeout:5184ms
2019-09-19 10:49:19,848 [Thread-1055] INFO  impl.RoleInfo (RoleInfo.java:shutdownFollowerState(121)) - 0d4e421f-a580-438c-824a-2881e7ce6119: shutdown FollowerState
2019-09-19 10:49:19,848 [Thread-1055] INFO  impl.RaftServerImpl (RaftServerImpl.java:setRole(174)) - 0d4e421f-a580-438c-824a-2881e7ce6119@group-7EB238C3CBC3: changes role from  FOLLOWER to CANDIDATE at term 23 for changeToCandidate
2019-09-19 10:49:19,849 [Thread-1055] ERROR ratis.XceiverServerRatis (XceiverServerRatis.java:triggerPipelineClose(575)) - pipeline Action CLOSE  on pipeline PipelineID=0039b36d-2fcf-4f3f-ab41-7eb238c3cbc3.Reason : 0d4e421f-a580-438c-824a-2881e7ce6119 is in candidate state for 159189ms
2019-09-19 10:49:19,849 [Thread-1055] INFO  impl.RoleInfo (RoleInfo.java:updateAndGet(143)) - 0d4e421f-a580-438c-824a-2881e7ce6119: start LeaderElection
2019-09-19 10:49:20,335 [EventQueue-PipelineActionsForPipelineActionHandler] ERROR pipeline.PipelineActionHandler (PipelineActionHandler.java:onMessage(60)) - Received pipeline action CLOSE for Pipeline[ Id: 0039b36d-2fcf-4f3f-ab41-7eb238c3cbc3, Nodes: 0d4e421f-a580-438c-824a-2881e7ce6119{ip: 192.168.5.171, host: pr-hdds-1054-s6xkv-2432930293, networkLocation: /default-rack, certSerialId: null}cdd88cb1-716b-4e52-8ddf-d696aacac702{ip: 192.168.5.171, host: pr-hdds-1054-s6xkv-2432930293, networkLocation: /default-rack, certSerialId: null}c9baf647-08c3-4366-86b9-39150e9e3608{ip: 192.168.5.171, host: pr-hdds-1054-s6xkv-2432930293, networkLocation: /default-rack, certSerialId: null}, Type:RATIS, Factor:THREE, State:CLOSED] from datanode 0d4e421f-a580-438c-824a-2881e7ce6119{ip: 192.168.5.171, host: pr-hdds-1054-s6xkv-2432930293, networkLocation: /default-rack, certSerialId: null}. Reason : 0d4e421f-a580-438c-824a-2881e7ce6119 is in candidate state for 159189ms
2019-09-19 10:49:20,335 [EventQueue-PipelineActionsForPipelineActionHandler] INFO  pipeline.SCMPipelineManager (SCMPipelineManager.java:finalizeAndDestroyPipeline(311)) - destroying pipeline:Pipeline[ Id: 0039b36d-2fcf-4f3f-ab41-7eb238c3cbc3, Nodes: 0d4e421f-a580-438c-824a-2881e7ce6119{ip: 192.168.5.171, host: pr-hdds-1054-s6xkv-2432930293, networkLocation: /default-rack, certSerialId: null}cdd88cb1-716b-4e52-8ddf-d696aacac702{ip: 192.168.5.171, host: pr-hdds-1054-s6xkv-2432930293, networkLocation: /default-rack, certSerialId: null}c9baf647-08c3-4366-86b9-39150e9e3608{ip: 192.168.5.171, host: pr-hdds-1054-s6xkv-2432930293, networkLocation: /default-rack, certSerialId: null}, Type:RATIS, Factor:THREE, State:CLOSED]
2019-09-19 10:49:20,702 [EventQueue-PipelineActionsForPipelineActionHandler] ERROR pipeline.PipelineActionHandler (PipelineActionHandler.java:onMessage(60)) - Received pipeline action CLOSE for Pipeline[ Id: 0039b36d-2fcf-4f3f-ab41-7eb238c3cbc3, Nodes: 0d4e421f-a580-438c-824a-2881e7ce6119{ip: 192.168.5.171, host: pr-hdds-1054-s6xkv-2432930293, networkLocation: /default-rack, certSerialId: null}cdd88cb1-716b-4e52-8ddf-d696aacac702{ip: 192.168.5.171, host: pr-hdds-1054-s6xkv-2432930293, networkLocation: /default-rack, certSerialId: null}c9baf647-08c3-4366-86b9-39150e9e3608{ip: 192.168.5.171, host: pr-hdds-1054-s6xkv-2432930293, networkLocation: /default-rack, certSerialId: null}, Type:RATIS, Factor:THREE, State:CLOSED] from datanode cdd88cb1-716b-4e52-8ddf-d696aacac702{ip: 192.168.5.171, host: pr-hdds-1054-s6xkv-2432930293, networkLocation: /default-rack, certSerialId: null}. Reason : cdd88cb1-716b-4e52-8ddf-d696aacac702 is in candidate state for 160343ms
2019-09-19 10:49:20,703 [EventQueue-PipelineActionsForPipelineActionHandler] INFO  pipeline.SCMPipelineManager (SCMPipelineManager.java:finalizeAndDestroyPipeline(311)) - destroying pipeline:Pipeline[ Id: 0039b36d-2fcf-4f3f-ab41-7eb238c3cbc3, Nodes: 0d4e421f-a580-438c-824a-2881e7ce6119{ip: 192.168.5.171, host: pr-hdds-1054-s6xkv-2432930293, networkLocation: /default-rack, certSerialId: null}cdd88cb1-716b-4e52-8ddf-d696aacac702{ip: 192.168.5.171, host: pr-hdds-1054-s6xkv-2432930293, networkLocation: /default-rack, certSerialId: null}c9baf647-08c3-4366-86b9-39150e9e3608{ip: 192.168.5.171, host: pr-hdds-1054-s6xkv-2432930293, networkLocation: /default-rack, certSerialId: null}, Type:RATIS, Factor:THREE, State:CLOSED]
2019-09-19 10:49:21,676 [c9baf647-08c3-4366-86b9-39150e9e3608@group-7EB238C3CBC3:LeaderElection83] INFO  impl.LeaderElection (LeaderElection.java:askForVotes(182)) - c9baf647-08c3-4366-86b9-39150e9e3608@group-7EB238C3CBC3:LeaderElection83: begin an election at term 24 for -1: [c9baf647-08c3-4366-86b9-39150e9e3608:192.168.5.171:34562, cdd88cb1-716b-4e52-8ddf-d696aacac702:192.168.5.171:38745, 0d4e421f-a580-438c-824a-2881e7ce6119:192.168.5.171:46782], old=null
2019-09-19 10:49:21,676 [0d4e421f-a580-438c-824a-2881e7ce6119@group-7EB238C3CBC3:LeaderElection85] INFO  impl.LeaderElection (LeaderElection.java:askForVotes(182)) - 0d4e421f-a580-438c-824a-2881e7ce6119@group-7EB238C3CBC3:LeaderElection85: begin an election at term 24 for -1: [c9baf647-08c3-4366-86b9-39150e9e3608:192.168.5.171:34562, cdd88cb1-716b-4e52-8ddf-d696aacac702:192.168.5.171:38745, 0d4e421f-a580-438c-824a-2881e7ce6119:192.168.5.171:46782], old=null
2019-09-19 10:49:21,676 [cdd88cb1-716b-4e52-8ddf-d696aacac702@group-7EB238C3CBC3:LeaderElection84] INFO  impl.LeaderElection (LeaderElection.java:askForVotes(182)) - cdd88cb1-716b-4e52-8ddf-d696aacac702@group-7EB238C3CBC3:LeaderElection84: begin an election at term 24 for -1: [c9baf647-08c3-4366-86b9-39150e9e3608:192.168.5.171:34562, cdd88cb1-716b-4e52-8ddf-d696aacac702:192.168.5.171:38745, 0d4e421f-a580-438c-824a-2881e7ce6119:192.168.5.171:46782], old=null
2019-09-19 10:49:21,681 [0d4e421f-a580-438c-824a-2881e7ce6119@group-7EB238C3CBC3:LeaderElection85] INFO  impl.LeaderElection (LeaderElection.java:logAndReturn(56)) - 0d4e421f-a580-438c-824a-2881e7ce6119@group-7EB238C3CBC3:LeaderElection85: Election REJECTED; received 2 response(s) [0d4e421f-a580-438c-824a-2881e7ce6119<-c9baf647-08c3-4366-86b9-39150e9e3608#0:FAIL-t24, 0d4e421f-a580-438c-824a-2881e7ce6119<-cdd88cb1-716b-4e52-8ddf-d696aacac702#0:FAIL-t24] and 0 exception(s); 0d4e421f-a580-438c-824a-2881e7ce6119@group-7EB238C3CBC3:t24, leader=null, voted=0d4e421f-a580-438c-824a-2881e7ce6119, raftlog=0d4e421f-a580-438c-824a-2881e7ce6119@group-7EB238C3CBC3-SegmentedRaftLog:OPENED:c-1,f-1,i0, conf=-1: [c9baf647-08c3-4366-86b9-39150e9e3608:192.168.5.171:34562, cdd88cb1-716b-4e52-8ddf-d696aacac702:192.168.5.171:38745, 0d4e421f-a580-438c-824a-2881e7ce6119:192.168.5.171:46782], old=null
2019-09-19 10:49:21,681 [0d4e421f-a580-438c-824a-2881e7ce6119@group-7EB238C3CBC3:LeaderElection85] INFO  impl.RaftServerImpl (RaftServerImpl.java:setRole(174)) - 0d4e421f-a580-438c-824a-2881e7ce6119@group-7EB238C3CBC3: changes role from CANDIDATE to FOLLOWER at term 24 for DISCOVERED_A_NEW_TERM
2019-09-19 10:49:21,681 [cdd88cb1-716b-4e52-8ddf-d696aacac702@group-7EB238C3CBC3:LeaderElection84] INFO  impl.LeaderElection (LeaderElection.java:logAndReturn(56)) - cdd88cb1-716b-4e52-8ddf-d696aacac702@group-7EB238C3CBC3:LeaderElection84: Election REJECTED; received 2 response(s) [cdd88cb1-716b-4e52-8ddf-d696aacac702<-c9baf647-08c3-4366-86b9-39150e9e3608#0:FAIL-t24, cdd88cb1-716b-4e52-8ddf-d696aacac702<-0d4e421f-a580-438c-824a-2881e7ce6119#0:FAIL-t24] and 0 exception(s); cdd88cb1-716b-4e52-8ddf-d696aacac702@group-7EB238C3CBC3:t24, leader=null, voted=cdd88cb1-716b-4e52-8ddf-d696aacac702, raftlog=cdd88cb1-716b-4e52-8ddf-d696aacac702@group-7EB238C3CBC3-SegmentedRaftLog:OPENED:c-1,f-1,i0, conf=-1: [c9baf647-08c3-4366-86b9-39150e9e3608:192.168.5.171:34562, cdd88cb1-716b-4e52-8ddf-d696aacac702:192.168.5.171:38745, 0d4e421f-a580-438c-824a-2881e7ce6119:192.168.5.171:46782], old=null
2019-09-19 10:49:21,681 [0d4e421f-a580-438c-824a-2881e7ce6119@group-7EB238C3CBC3:LeaderElection85] INFO  impl.RoleInfo (RoleInfo.java:shutdownLeaderElection(134)) - 0d4e421f-a580-438c-824a-2881e7ce6119: shutdown LeaderElection
2019-09-19 10:49:21,681 [cdd88cb1-716b-4e52-8ddf-d696aacac702@group-7EB238C3CBC3:LeaderElection84] INFO  impl.RaftServerImpl (RaftServerImpl.java:setRole(174)) - cdd88cb1-716b-4e52-8ddf-d696aacac702@group-7EB238C3CBC3: changes role from CANDIDATE to FOLLOWER at term 24 for DISCOVERED_A_NEW_TERM
2019-09-19 10:49:21,682 [0d4e421f-a580-438c-824a-2881e7ce6119@group-7EB238C3CBC3:LeaderElection85] INFO  impl.RoleInfo (RoleInfo.java:updateAndGet(143)) - 0d4e421f-a580-438c-824a-2881e7ce6119: start FollowerState
2019-09-19 10:49:21,682 [cdd88cb1-716b-4e52-8ddf-d696aacac702@group-7EB238C3CBC3:LeaderElection84] INFO  impl.RoleInfo (RoleInfo.java:shutdownLeaderElection(134)) - cdd88cb1-716b-4e52-8ddf-d696aacac702: shutdown LeaderElection
2019-09-19 10:49:21,682 [cdd88cb1-716b-4e52-8ddf-d696aacac702@group-7EB238C3CBC3:LeaderElection84] INFO  impl.RoleInfo (RoleInfo.java:updateAndGet(143)) - cdd88cb1-716b-4e52-8ddf-d696aacac702: start FollowerState
2019-09-19 10:49:21,683 [c9baf647-08c3-4366-86b9-39150e9e3608@group-7EB238C3CBC3:LeaderElection83] INFO  impl.LeaderElection (LeaderElection.java:logAndReturn(56)) - c9baf647-08c3-4366-86b9-39150e9e3608@group-7EB238C3CBC3:LeaderElection83: Election REJECTED; received 2 response(s) [c9baf647-08c3-4366-86b9-39150e9e3608<-cdd88cb1-716b-4e52-8ddf-d696aacac702#0:FAIL-t24, c9baf647-08c3-4366-86b9-39150e9e3608<-0d4e421f-a580-438c-824a-2881e7ce6119#0:FAIL-t24] and 0 exception(s); c9baf647-08c3-4366-86b9-39150e9e3608@group-7EB238C3CBC3:t24, leader=null, voted=c9baf647-08c3-4366-86b9-39150e9e3608, raftlog=c9baf647-08c3-4366-86b9-39150e9e3608@group-7EB238C3CBC3-SegmentedRaftLog:OPENED:c-1,f-1,i0, conf=-1: [c9baf647-08c3-4366-86b9-39150e9e3608:192.168.5.171:34562, cdd88cb1-716b-4e52-8ddf-d696aacac702:192.168.5.171:38745, 0d4e421f-a580-438c-824a-2881e7ce6119:192.168.5.171:46782], old=null
2019-09-19 10:49:21,683 [c9baf647-08c3-4366-86b9-39150e9e3608@group-7EB238C3CBC3:LeaderElection83] INFO  impl.RaftServerImpl (RaftServerImpl.java:setRole(174)) - c9baf647-08c3-4366-86b9-39150e9e3608@group-7EB238C3CBC3: changes role from CANDIDATE to FOLLOWER at term 24 for DISCOVERED_A_NEW_TERM
2019-09-19 10:49:21,683 [c9baf647-08c3-4366-86b9-39150e9e3608@group-7EB238C3CBC3:LeaderElection83] INFO  impl.RoleInfo (RoleInfo.java:shutdownLeaderElection(134)) - c9baf647-08c3-4366-86b9-39150e9e3608: shutdown LeaderElection
2019-09-19 10:49:21,683 [c9baf647-08c3-4366-86b9-39150e9e3608@group-7EB238C3CBC3:LeaderElection83] INFO  impl.RoleInfo (RoleInfo.java:updateAndGet(143)) - c9baf647-08c3-4366-86b9-39150e9e3608: start FollowerState
2019-09-19 10:49:26,683 [Thread-1080] INFO  impl.FollowerState (FollowerState.java:run(106)) - cdd88cb1-716b-4e52-8ddf-d696aacac702:group-7EB238C3CBC3 changes to CANDIDATE, lastRpcTime:5000, electionTimeout:5000ms
2019-09-19 10:49:26,685 [Thread-1080] INFO  impl.RoleInfo (RoleInfo.java:shutdownFollowerState(121)) - cdd88cb1-716b-4e52-8ddf-d696aacac702: shutdown FollowerState
2019-09-19 10:49:26,685 [Thread-1080] INFO  impl.RaftServerImpl (RaftServerImpl.java:setRole(174)) - cdd88cb1-716b-4e52-8ddf-d696aacac702@group-7EB238C3CBC3: changes role from  FOLLOWER to CANDIDATE at term 24 for changeToCandidate
2019-09-19 10:49:26,686 [Thread-1080] ERROR ratis.XceiverServerRatis (XceiverServerRatis.java:triggerPipelineClose(575)) - pipeline Action CLOSE  on pipeline PipelineID=0039b36d-2fcf-4f3f-ab41-7eb238c3cbc3.Reason : cdd88cb1-716b-4e52-8ddf-d696aacac702 is in candidate state for 167191ms
2019-09-19 10:49:26,687 [Thread-1080] INFO  impl.RoleInfo (RoleInfo.java:updateAndGet(143)) - cdd88cb1-716b-4e52-8ddf-d696aacac702: start LeaderElection
2019-09-19 10:49:26,703 [EventQueue-PipelineActionsForPipelineActionHandler] ERROR pipeline.PipelineActionHandler (PipelineActionHandler.java:onMessage(60)) - Received pipeline action CLOSE for Pipeline[ Id: 0039b36d-2fcf-4f3f-ab41-7eb238c3cbc3, Nodes: 0d4e421f-a580-438c-824a-2881e7ce6119{ip: 192.168.5.171, host: pr-hdds-1054-s6xkv-2432930293, networkLocation: /default-rack, certSerialId: null}cdd88cb1-716b-4e52-8ddf-d696aacac702{ip: 192.168.5.171, host: pr-hdds-1054-s6xkv-2432930293, networkLocation: /default-rack, certSerialId: null}c9baf647-08c3-4366-86b9-39150e9e3608{ip: 192.168.5.171, host: pr-hdds-1054-s6xkv-2432930293, networkLocation: /default-rack, certSerialId: null}, Type:RATIS, Factor:THREE, State:CLOSED] from datanode cdd88cb1-716b-4e52-8ddf-d696aacac702{ip: 192.168.5.171, host: pr-hdds-1054-s6xkv-2432930293, networkLocation: /default-rack, certSerialId: null}. Reason : cdd88cb1-716b-4e52-8ddf-d696aacac702 is in candidate state for 167191ms
2019-09-19 10:49:26,704 [EventQueue-PipelineActionsForPipelineActionHandler] INFO  pipeline.SCMPipelineManager (SCMPipelineManager.java:finalizeAndDestroyPipeline(311)) - destroying pipeline:Pipeline[ Id: 0039b36d-2fcf-4f3f-ab41-7eb238c3cbc3, Nodes: 0d4e421f-a580-438c-824a-2881e7ce6119{ip: 192.168.5.171, host: pr-hdds-1054-s6xkv-2432930293, networkLocation: /default-rack, certSerialId: null}cdd88cb1-716b-4e52-8ddf-d696aacac702{ip: 192.168.5.171, host: pr-hdds-1054-s6xkv-2432930293, networkLocation: /default-rack, certSerialId: null}c9baf647-08c3-4366-86b9-39150e9e3608{ip: 192.168.5.171, host: pr-hdds-1054-s6xkv-2432930293, networkLocation: /default-rack, certSerialId: null}, Type:RATIS, Factor:THREE, State:CLOSED]
2019-09-19 10:49:26,853 [Thread-1079] INFO  impl.FollowerState (FollowerState.java:run(106)) - 0d4e421f-a580-438c-824a-2881e7ce6119:group-7EB238C3CBC3 changes to CANDIDATE, lastRpcTime:5171, electionTimeout:5171ms
2019-09-19 10:49:26,854 [Thread-1079] INFO  impl.RoleInfo (RoleInfo.java:shutdownFollowerState(121)) - 0d4e421f-a580-438c-824a-2881e7ce6119: shutdown FollowerState
2019-09-19 10:49:26,854 [Thread-1079] INFO  impl.RaftServerImpl (RaftServerImpl.java:setRole(174)) - 0d4e421f-a580-438c-824a-2881e7ce6119@group-7EB238C3CBC3: changes role from  FOLLOWER to CANDIDATE at term 24 for changeToCandidate
2019-09-19 10:49:26,855 [Thread-1079] ERROR ratis.XceiverServerRatis (XceiverServerRatis.java:triggerPipelineClose(575)) - pipeline Action CLOSE  on pipeline PipelineID=0039b36d-2fcf-4f3f-ab41-7eb238c3cbc3.Reason : 0d4e421f-a580-438c-824a-2881e7ce6119 is in candidate state for 166195ms
2019-09-19 10:49:26,855 [Thread-1079] INFO  impl.RoleInfo (RoleInfo.java:updateAndGet(143)) - 0d4e421f-a580-438c-824a-2881e7ce6119: start LeaderElection
2019-09-19 10:49:26,880 [Thread-1081] INFO  impl.FollowerState (FollowerState.java:run(106)) - c9baf647-08c3-4366-86b9-39150e9e3608:group-7EB238C3CBC3 changes to CANDIDATE, lastRpcTime:5196, electionTimeout:5196ms
2019-09-19 10:49:26,880 [Thread-1081] INFO  impl.RoleInfo (RoleInfo.java:shutdownFollowerState(121)) - c9baf647-08c3-4366-86b9-39150e9e3608: shutdown FollowerState
2019-09-19 10:49:26,880 [Thread-1081] INFO  impl.RaftServerImpl (RaftServerImpl.java:setRole(174)) - c9baf647-08c3-4366-86b9-39150e9e3608@group-7EB238C3CBC3: changes role from  FOLLOWER to CANDIDATE at term 24 for changeToCandidate
2019-09-19 10:49:26,881 [Thread-1081] ERROR ratis.XceiverServerRatis (XceiverServerRatis.java:triggerPipelineClose(575)) - pipeline Action CLOSE  on pipeline PipelineID=0039b36d-2fcf-4f3f-ab41-7eb238c3cbc3.Reason : c9baf647-08c3-4366-86b9-39150e9e3608 is in candidate state for 167386ms
2019-09-19 10:49:26,881 [Thread-1081] INFO  impl.RoleInfo (RoleInfo.java:updateAndGet(143)) - c9baf647-08c3-4366-86b9-39150e9e3608: start LeaderElection
2019-09-19 10:49:27,335 [EventQueue-PipelineActionsForPipelineActionHandler] ERROR pipeline.PipelineActionHandler (PipelineActionHandler.java:onMessage(60)) - Received pipeline action CLOSE for Pipeline[ Id: 0039b36d-2fcf-4f3f-ab41-7eb238c3cbc3, Nodes: 0d4e421f-a580-438c-824a-2881e7ce6119{ip: 192.168.5.171, host: pr-hdds-1054-s6xkv-2432930293, networkLocation: /default-rack, certSerialId: null}cdd88cb1-716b-4e52-8ddf-d696aacac702{ip: 192.168.5.171, host: pr-hdds-1054-s6xkv-2432930293, networkLocation: /default-rack, certSerialId: null}c9baf647-08c3-4366-86b9-39150e9e3608{ip: 192.168.5.171, host: pr-hdds-1054-s6xkv-2432930293, networkLocation: /default-rack, certSerialId: null}, Type:RATIS, Factor:THREE, State:CLOSED] from datanode 0d4e421f-a580-438c-824a-2881e7ce6119{ip: 192.168.5.171, host: pr-hdds-1054-s6xkv-2432930293, networkLocation: /default-rack, certSerialId: null}. Reason : 0d4e421f-a580-438c-824a-2881e7ce6119 is in candidate state for 166195ms
2019-09-19 10:49:27,335 [EventQueue-PipelineActionsForPipelineActionHandler] INFO  pipeline.SCMPipelineManager (SCMPipelineManager.java:finalizeAndDestroyPipeline(311)) - destroying pipeline:Pipeline[ Id: 0039b36d-2fcf-4f3f-ab41-7eb238c3cbc3, Nodes: 0d4e421f-a580-438c-824a-2881e7ce6119{ip: 192.168.5.171, host: pr-hdds-1054-s6xkv-2432930293, networkLocation: /default-rack, certSerialId: null}cdd88cb1-716b-4e52-8ddf-d696aacac702{ip: 192.168.5.171, host: pr-hdds-1054-s6xkv-2432930293, networkLocation: /default-rack, certSerialId: null}c9baf647-08c3-4366-86b9-39150e9e3608{ip: 192.168.5.171, host: pr-hdds-1054-s6xkv-2432930293, networkLocation: /default-rack, certSerialId: null}, Type:RATIS, Factor:THREE, State:CLOSED]
2019-09-19 10:49:27,709 [EventQueue-PipelineActionsForPipelineActionHandler] ERROR pipeline.PipelineActionHandler (PipelineActionHandler.java:onMessage(60)) - Received pipeline action CLOSE for Pipeline[ Id: 0039b36d-2fcf-4f3f-ab41-7eb238c3cbc3, Nodes: 0d4e421f-a580-438c-824a-2881e7ce6119{ip: 192.168.5.171, host: pr-hdds-1054-s6xkv-2432930293, networkLocation: /default-rack, certSerialId: null}cdd88cb1-716b-4e52-8ddf-d696aacac702{ip: 192.168.5.171, host: pr-hdds-1054-s6xkv-2432930293, networkLocation: /default-rack, certSerialId: null}c9baf647-08c3-4366-86b9-39150e9e3608{ip: 192.168.5.171, host: pr-hdds-1054-s6xkv-2432930293, networkLocation: /default-rack, certSerialId: null}, Type:RATIS, Factor:THREE, State:CLOSED] from datanode c9baf647-08c3-4366-86b9-39150e9e3608{ip: 192.168.5.171, host: pr-hdds-1054-s6xkv-2432930293, networkLocation: /default-rack, certSerialId: null}. Reason : c9baf647-08c3-4366-86b9-39150e9e3608 is in candidate state for 167386ms
2019-09-19 10:49:27,710 [EventQueue-PipelineActionsForPipelineActionHandler] INFO  pipeline.SCMPipelineManager (SCMPipelineManager.java:finalizeAndDestroyPipeline(311)) - destroying pipeline:Pipeline[ Id: 0039b36d-2fcf-4f3f-ab41-7eb238c3cbc3, Nodes: 0d4e421f-a580-438c-824a-2881e7ce6119{ip: 192.168.5.171, host: pr-hdds-1054-s6xkv-2432930293, networkLocation: /default-rack, certSerialId: null}cdd88cb1-716b-4e52-8ddf-d696aacac702{ip: 192.168.5.171, host: pr-hdds-1054-s6xkv-2432930293, networkLocation: /default-rack, certSerialId: null}c9baf647-08c3-4366-86b9-39150e9e3608{ip: 192.168.5.171, host: pr-hdds-1054-s6xkv-2432930293, networkLocation: /default-rack, certSerialId: null}, Type:RATIS, Factor:THREE, State:CLOSED]
2019-09-19 10:49:28,725 [c9baf647-08c3-4366-86b9-39150e9e3608@group-7EB238C3CBC3:LeaderElection88] INFO  impl.LeaderElection (LeaderElection.java:askForVotes(182)) - c9baf647-08c3-4366-86b9-39150e9e3608@group-7EB238C3CBC3:LeaderElection88: begin an election at term 25 for -1: [c9baf647-08c3-4366-86b9-39150e9e3608:192.168.5.171:34562, cdd88cb1-716b-4e52-8ddf-d696aacac702:192.168.5.171:38745, 0d4e421f-a580-438c-824a-2881e7ce6119:192.168.5.171:46782], old=null
2019-09-19 10:49:28,725 [0d4e421f-a580-438c-824a-2881e7ce6119@group-7EB238C3CBC3:LeaderElection87] INFO  impl.LeaderElection (LeaderElection.java:askForVotes(182)) - 0d4e421f-a580-438c-824a-2881e7ce6119@group-7EB238C3CBC3:LeaderElection87: begin an election at term 25 for -1: [c9baf647-08c3-4366-86b9-39150e9e3608:192.168.5.171:34562, cdd88cb1-716b-4e52-8ddf-d696aacac702:192.168.5.171:38745, 0d4e421f-a580-438c-824a-2881e7ce6119:192.168.5.171:46782], old=null
2019-09-19 10:49:28,725 [cdd88cb1-716b-4e52-8ddf-d696aacac702@group-7EB238C3CBC3:LeaderElection86] INFO  impl.LeaderElection (LeaderElection.java:askForVotes(182)) - cdd88cb1-716b-4e52-8ddf-d696aacac702@group-7EB238C3CBC3:LeaderElection86: begin an election at term 25 for -1: [c9baf647-08c3-4366-86b9-39150e9e3608:192.168.5.171:34562, cdd88cb1-716b-4e52-8ddf-d696aacac702:192.168.5.171:38745, 0d4e421f-a580-438c-824a-2881e7ce6119:192.168.5.171:46782], old=null
2019-09-19 10:49:28,729 [cdd88cb1-716b-4e52-8ddf-d696aacac702@group-7EB238C3CBC3:LeaderElection86] INFO  impl.LeaderElection (LeaderElection.java:logAndReturn(56)) - cdd88cb1-716b-4e52-8ddf-d696aacac702@group-7EB238C3CBC3:LeaderElection86: Election REJECTED; received 2 response(s) [cdd88cb1-716b-4e52-8ddf-d696aacac702<-c9baf647-08c3-4366-86b9-39150e9e3608#0:FAIL-t25, cdd88cb1-716b-4e52-8ddf-d696aacac702<-0d4e421f-a580-438c-824a-2881e7ce6119#0:FAIL-t25] and 0 exception(s); cdd88cb1-716b-4e52-8ddf-d696aacac702@group-7EB238C3CBC3:t25, leader=null, voted=cdd88cb1-716b-4e52-8ddf-d696aacac702, raftlog=cdd88cb1-716b-4e52-8ddf-d696aacac702@group-7EB238C3CBC3-SegmentedRaftLog:OPENED:c-1,f-1,i0, conf=-1: [c9baf647-08c3-4366-86b9-39150e9e3608:192.168.5.171:34562, cdd88cb1-716b-4e52-8ddf-d696aacac702:192.168.5.171:38745, 0d4e421f-a580-438c-824a-2881e7ce6119:192.168.5.171:46782], old=null
2019-09-19 10:49:28,729 [0d4e421f-a580-438c-824a-2881e7ce6119@group-7EB238C3CBC3:LeaderElection87] INFO  impl.LeaderElection (LeaderElection.java:logAndReturn(56)) - 0d4e421f-a580-438c-824a-2881e7ce6119@group-7EB238C3CBC3:LeaderElection87: Election REJECTED; received 2 response(s) [0d4e421f-a580-438c-824a-2881e7ce6119<-c9baf647-08c3-4366-86b9-39150e9e3608#0:FAIL-t25, 0d4e421f-a580-438c-824a-2881e7ce6119<-cdd88cb1-716b-4e52-8ddf-d696aacac702#0:FAIL-t25] and 0 exception(s); 0d4e421f-a580-438c-824a-2881e7ce6119@group-7EB238C3CBC3:t25, leader=null, voted=0d4e421f-a580-438c-824a-2881e7ce6119, raftlog=0d4e421f-a580-438c-824a-2881e7ce6119@group-7EB238C3CBC3-SegmentedRaftLog:OPENED:c-1,f-1,i0, conf=-1: [c9baf647-08c3-4366-86b9-39150e9e3608:192.168.5.171:34562, cdd88cb1-716b-4e52-8ddf-d696aacac702:192.168.5.171:38745, 0d4e421f-a580-438c-824a-2881e7ce6119:192.168.5.171:46782], old=null
2019-09-19 10:49:28,730 [c9baf647-08c3-4366-86b9-39150e9e3608@group-7EB238C3CBC3:LeaderElection88] INFO  impl.LeaderElection (LeaderElection.java:logAndReturn(56)) - c9baf647-08c3-4366-86b9-39150e9e3608@group-7EB238C3CBC3:LeaderElection88: Election REJECTED; received 2 response(s) [c9baf647-08c3-4366-86b9-39150e9e3608<-cdd88cb1-716b-4e52-8ddf-d696aacac702#0:FAIL-t25, c9baf647-08c3-4366-86b9-39150e9e3608<-0d4e421f-a580-438c-824a-2881e7ce6119#0:FAIL-t25] and 0 exception(s); c9baf647-08c3-4366-86b9-39150e9e3608@group-7EB238C3CBC3:t25, leader=null, voted=c9baf647-08c3-4366-86b9-39150e9e3608, raftlog=c9baf647-08c3-4366-86b9-39150e9e3608@group-7EB238C3CBC3-SegmentedRaftLog:OPENED:c-1,f-1,i0, conf=-1: [c9baf647-08c3-4366-86b9-39150e9e3608:192.168.5.171:34562, cdd88cb1-716b-4e52-8ddf-d696aacac702:192.168.5.171:38745, 0d4e421f-a580-438c-824a-2881e7ce6119:192.168.5.171:46782], old=null
2019-09-19 10:49:28,729 [cdd88cb1-716b-4e52-8ddf-d696aacac702@group-7EB238C3CBC3:LeaderElection86] INFO  impl.RaftServerImpl (RaftServerImpl.java:setRole(174)) - cdd88cb1-716b-4e52-8ddf-d696aacac702@group-7EB238C3CBC3: changes role from CANDIDATE to FOLLOWER at term 25 for DISCOVERED_A_NEW_TERM
2019-09-19 10:49:28,730 [c9baf647-08c3-4366-86b9-39150e9e3608@group-7EB238C3CBC3:LeaderElection88] INFO  impl.RaftServerImpl (RaftServerImpl.java:setRole(174)) - c9baf647-08c3-4366-86b9-39150e9e3608@group-7EB238C3CBC3: changes role from CANDIDATE to FOLLOWER at term 25 for DISCOVERED_A_NEW_TERM
2019-09-19 10:49:28,730 [0d4e421f-a580-438c-824a-2881e7ce6119@group-7EB238C3CBC3:LeaderElection87] INFO  impl.RaftServerImpl (RaftServerImpl.java:setRole(174)) - 0d4e421f-a580-438c-824a-2881e7ce6119@group-7EB238C3CBC3: changes role from CANDIDATE to FOLLOWER at term 25 for DISCOVERED_A_NEW_TERM
2019-09-19 10:49:28,730 [c9baf647-08c3-4366-86b9-39150e9e3608@group-7EB238C3CBC3:LeaderElection88] INFO  impl.RoleInfo (RoleInfo.java:shutdownLeaderElection(134)) - c9baf647-08c3-4366-86b9-39150e9e3608: shutdown LeaderElection
2019-09-19 10:49:28,730 [cdd88cb1-716b-4e52-8ddf-d696aacac702@group-7EB238C3CBC3:LeaderElection86] INFO  impl.RoleInfo (RoleInfo.java:shutdownLeaderElection(134)) - cdd88cb1-716b-4e52-8ddf-d696aacac702: shutdown LeaderElection
2019-09-19 10:49:28,730 [c9baf647-08c3-4366-86b9-39150e9e3608@group-7EB238C3CBC3:LeaderElection88] INFO  impl.RoleInfo (RoleInfo.java:updateAndGet(143)) - c9baf647-08c3-4366-86b9-39150e9e3608: start FollowerState
2019-09-19 10:49:28,730 [0d4e421f-a580-438c-824a-2881e7ce6119@group-7EB238C3CBC3:LeaderElection87] INFO  impl.RoleInfo (RoleInfo.java:shutdownLeaderElection(134)) - 0d4e421f-a580-438c-824a-2881e7ce6119: shutdown LeaderElection
2019-09-19 10:49:28,731 [cdd88cb1-716b-4e52-8ddf-d696aacac702@group-7EB238C3CBC3:LeaderElection86] INFO  impl.RoleInfo (RoleInfo.java:updateAndGet(143)) - cdd88cb1-716b-4e52-8ddf-d696aacac702: start FollowerState
2019-09-19 10:49:28,731 [0d4e421f-a580-438c-824a-2881e7ce6119@group-7EB238C3CBC3:LeaderElection87] INFO  impl.RoleInfo (RoleInfo.java:updateAndGet(143)) - 0d4e421f-a580-438c-824a-2881e7ce6119: start FollowerState
2019-09-19 10:49:32,423 [SCM Heartbeat Processing Thread - 0] ERROR node.NodeStateManager (NodeStateManager.java:checkNodesHealth(626)) - Total time spend processing datanode HB's is greater than configured values for datanode heartbeats. Please adjust the heartbeat configs. Time Spend on HB processing: 1 seconds Datanode heartbeat Interval: 100 seconds.
2019-09-19 10:49:32,425 [Socket Reader #1 for port 39135] INFO  ipc.Server (Server.java:doRead(1256)) - Socket Reader #1 for port 39135: readAndProcess from client 192.168.5.171:59440 threw exception [java.io.IOException: Connection reset by peer]
java.io.IOException: Connection reset by peer
	at sun.nio.ch.FileDispatcherImpl.read0(Native Method)
	at sun.nio.ch.SocketDispatcher.read(SocketDispatcher.java:39)
	at sun.nio.ch.IOUtil.readIntoNativeBuffer(IOUtil.java:223)
	at sun.nio.ch.IOUtil.read(IOUtil.java:197)
	at sun.nio.ch.SocketChannelImpl.read(SocketChannelImpl.java:380)
	at org.apache.hadoop.ipc.Server.channelRead(Server.java:3270)
	at org.apache.hadoop.ipc.Server.access$2600(Server.java:137)
	at org.apache.hadoop.ipc.Server$Connection.readAndProcess(Server.java:2044)
	at org.apache.hadoop.ipc.Server$Listener.doRead(Server.java:1249)
	at org.apache.hadoop.ipc.Server$Listener$Reader.doRunLoop(Server.java:1105)
	at org.apache.hadoop.ipc.Server$Listener$Reader.run(Server.java:1076)
2019-09-19 10:49:32,426 [Datanode State Machine Thread - 0] ERROR statemachine.EndpointStateMachine (EndpointStateMachine.java:logIfNeeded(204)) - Unable to communicate to SCM server at 0.0.0.0:39135 for past 0 seconds.
java.net.SocketTimeoutException: Call From pr-hdds-1054-s6xkv-2432930293/192.168.5.171 to 0.0.0.0:39135 failed on socket timeout exception: java.net.SocketTimeoutException: 1000 millis timeout while waiting for channel to be ready for read. ch : java.nio.channels.SocketChannel[connected local=/192.168.5.171:59440 remote=/0.0.0.0:39135]; For more details see:  http://wiki.apache.org/hadoop/SocketTimeout
	at sun.reflect.NativeConstructorAccessorImpl.newInstance0(Native Method)
	at sun.reflect.NativeConstructorAccessorImpl.newInstance(NativeConstructorAccessorImpl.java:62)
	at sun.reflect.DelegatingConstructorAccessorImpl.newInstance(DelegatingConstructorAccessorImpl.java:45)
	at java.lang.reflect.Constructor.newInstance(Constructor.java:423)
	at org.apache.hadoop.net.NetUtils.wrapWithMessage(NetUtils.java:831)
	at org.apache.hadoop.net.NetUtils.wrapException(NetUtils.java:775)
	at org.apache.hadoop.ipc.Client.getRpcResponse(Client.java:1515)
	at org.apache.hadoop.ipc.Client.call(Client.java:1457)
	at org.apache.hadoop.ipc.Client.call(Client.java:1367)
	at org.apache.hadoop.ipc.ProtobufRpcEngine$Invoker.invoke(ProtobufRpcEngine.java:228)
	at org.apache.hadoop.ipc.ProtobufRpcEngine$Invoker.invoke(ProtobufRpcEngine.java:116)
	at com.sun.proxy.$Proxy37.sendHeartbeat(Unknown Source)
	at org.apache.hadoop.ozone.protocolPB.StorageContainerDatanodeProtocolClientSideTranslatorPB.sendHeartbeat(StorageContainerDatanodeProtocolClientSideTranslatorPB.java:131)
	at org.apache.hadoop.ozone.container.common.states.endpoint.HeartbeatEndpointTask.call(HeartbeatEndpointTask.java:143)
	at org.apache.hadoop.ozone.container.common.states.endpoint.HeartbeatEndpointTask.call(HeartbeatEndpointTask.java:74)
	at java.util.concurrent.FutureTask.run(FutureTask.java:266)
	at java.util.concurrent.Executors$RunnableAdapter.call(Executors.java:511)
	at java.util.concurrent.FutureTask.run(FutureTask.java:266)
	at java.util.concurrent.ThreadPoolExecutor.runWorker(ThreadPoolExecutor.java:1149)
	at java.util.concurrent.ThreadPoolExecutor$Worker.run(ThreadPoolExecutor.java:624)
	at java.lang.Thread.run(Thread.java:748)
Caused by: java.net.SocketTimeoutException: 1000 millis timeout while waiting for channel to be ready for read. ch : java.nio.channels.SocketChannel[connected local=/192.168.5.171:59440 remote=/0.0.0.0:39135]
	at org.apache.hadoop.net.SocketIOWithTimeout.doIO(SocketIOWithTimeout.java:164)
	at org.apache.hadoop.net.SocketInputStream.read(SocketInputStream.java:161)
	at org.apache.hadoop.net.SocketInputStream.read(SocketInputStream.java:131)
	at java.io.FilterInputStream.read(FilterInputStream.java:133)
	at java.io.BufferedInputStream.fill(BufferedInputStream.java:246)
	at java.io.BufferedInputStream.read(BufferedInputStream.java:265)
	at java.io.FilterInputStream.read(FilterInputStream.java:83)
	at java.io.FilterInputStream.read(FilterInputStream.java:83)
	at org.apache.hadoop.ipc.Client$Connection$PingInputStream.read(Client.java:557)
	at java.io.DataInputStream.readInt(DataInputStream.java:387)
	at org.apache.hadoop.ipc.Client$IpcStreams.readResponse(Client.java:1816)
	at org.apache.hadoop.ipc.Client$Connection.receiveRpcResponse(Client.java:1173)
	at org.apache.hadoop.ipc.Client$Connection.run(Client.java:1069)
2019-09-19 10:49:32,426 [Datanode State Machine Thread - 1] ERROR statemachine.EndpointStateMachine (EndpointStateMachine.java:logIfNeeded(204)) - Unable to communicate to SCM server at 0.0.0.0:39135 for past 0 seconds.
java.net.SocketTimeoutException: Call From pr-hdds-1054-s6xkv-2432930293/192.168.5.171 to 0.0.0.0:39135 failed on socket timeout exception: java.net.SocketTimeoutException: 1000 millis timeout while waiting for channel to be ready for read. ch : java.nio.channels.SocketChannel[connected local=/192.168.5.171:59440 remote=/0.0.0.0:39135]; For more details see:  http://wiki.apache.org/hadoop/SocketTimeout
	at sun.reflect.NativeConstructorAccessorImpl.newInstance0(Native Method)
	at sun.reflect.NativeConstructorAccessorImpl.newInstance(NativeConstructorAccessorImpl.java:62)
	at sun.reflect.DelegatingConstructorAccessorImpl.newInstance(DelegatingConstructorAccessorImpl.java:45)
	at java.lang.reflect.Constructor.newInstance(Constructor.java:423)
	at org.apache.hadoop.net.NetUtils.wrapWithMessage(NetUtils.java:831)
	at org.apache.hadoop.net.NetUtils.wrapException(NetUtils.java:775)
	at org.apache.hadoop.ipc.Client.getRpcResponse(Client.java:1515)
	at org.apache.hadoop.ipc.Client.call(Client.java:1457)
	at org.apache.hadoop.ipc.Client.call(Client.java:1367)
	at org.apache.hadoop.ipc.ProtobufRpcEngine$Invoker.invoke(ProtobufRpcEngine.java:228)
	at org.apache.hadoop.ipc.ProtobufRpcEngine$Invoker.invoke(ProtobufRpcEngine.java:116)
	at com.sun.proxy.$Proxy37.sendHeartbeat(Unknown Source)
	at org.apache.hadoop.ozone.protocolPB.StorageContainerDatanodeProtocolClientSideTranslatorPB.sendHeartbeat(StorageContainerDatanodeProtocolClientSideTranslatorPB.java:131)
	at org.apache.hadoop.ozone.container.common.states.endpoint.HeartbeatEndpointTask.call(HeartbeatEndpointTask.java:143)
	at org.apache.hadoop.ozone.container.common.states.endpoint.HeartbeatEndpointTask.call(HeartbeatEndpointTask.java:74)
	at java.util.concurrent.FutureTask.run(FutureTask.java:266)
	at java.util.concurrent.Executors$RunnableAdapter.call(Executors.java:511)
	at java.util.concurrent.FutureTask.run(FutureTask.java:266)
	at java.util.concurrent.ThreadPoolExecutor.runWorker(ThreadPoolExecutor.java:1149)
	at java.util.concurrent.ThreadPoolExecutor$Worker.run(ThreadPoolExecutor.java:624)
	at java.lang.Thread.run(Thread.java:748)
Caused by: java.net.SocketTimeoutException: 1000 millis timeout while waiting for channel to be ready for read. ch : java.nio.channels.SocketChannel[connected local=/192.168.5.171:59440 remote=/0.0.0.0:39135]
	at org.apache.hadoop.net.SocketIOWithTimeout.doIO(SocketIOWithTimeout.java:164)
	at org.apache.hadoop.net.SocketInputStream.read(SocketInputStream.java:161)
	at org.apache.hadoop.net.SocketInputStream.read(SocketInputStream.java:131)
	at java.io.FilterInputStream.read(FilterInputStream.java:133)
	at java.io.BufferedInputStream.fill(BufferedInputStream.java:246)
	at java.io.BufferedInputStream.read(BufferedInputStream.java:265)
	at java.io.FilterInputStream.read(FilterInputStream.java:83)
	at java.io.FilterInputStream.read(FilterInputStream.java:83)
	at org.apache.hadoop.ipc.Client$Connection$PingInputStream.read(Client.java:557)
	at java.io.DataInputStream.readInt(DataInputStream.java:387)
	at org.apache.hadoop.ipc.Client$IpcStreams.readResponse(Client.java:1816)
	at org.apache.hadoop.ipc.Client$Connection.receiveRpcResponse(Client.java:1173)
	at org.apache.hadoop.ipc.Client$Connection.run(Client.java:1069)
2019-09-19 10:49:32,425 [Datanode State Machine Thread - 1] ERROR statemachine.EndpointStateMachine (EndpointStateMachine.java:logIfNeeded(204)) - Unable to communicate to SCM server at 0.0.0.0:39135 for past 0 seconds.
java.net.SocketTimeoutException: Call From pr-hdds-1054-s6xkv-2432930293/192.168.5.171 to 0.0.0.0:39135 failed on socket timeout exception: java.net.SocketTimeoutException: 1000 millis timeout while waiting for channel to be ready for read. ch : java.nio.channels.SocketChannel[connected local=/192.168.5.171:59440 remote=/0.0.0.0:39135]; For more details see:  http://wiki.apache.org/hadoop/SocketTimeout
	at sun.reflect.NativeConstructorAccessorImpl.newInstance0(Native Method)
	at sun.reflect.NativeConstructorAccessorImpl.newInstance(NativeConstructorAccessorImpl.java:62)
	at sun.reflect.DelegatingConstructorAccessorImpl.newInstance(DelegatingConstructorAccessorImpl.java:45)
	at java.lang.reflect.Constructor.newInstance(Constructor.java:423)
	at org.apache.hadoop.net.NetUtils.wrapWithMessage(NetUtils.java:831)
	at org.apache.hadoop.net.NetUtils.wrapException(NetUtils.java:775)
	at org.apache.hadoop.ipc.Client.getRpcResponse(Client.java:1515)
	at org.apache.hadoop.ipc.Client.call(Client.java:1457)
	at org.apache.hadoop.ipc.Client.call(Client.java:1367)
	at org.apache.hadoop.ipc.ProtobufRpcEngine$Invoker.invoke(ProtobufRpcEngine.java:228)
	at org.apache.hadoop.ipc.ProtobufRpcEngine$Invoker.invoke(ProtobufRpcEngine.java:116)
	at com.sun.proxy.$Proxy37.sendHeartbeat(Unknown Source)
	at org.apache.hadoop.ozone.protocolPB.StorageContainerDatanodeProtocolClientSideTranslatorPB.sendHeartbeat(StorageContainerDatanodeProtocolClientSideTranslatorPB.java:131)
	at org.apache.hadoop.ozone.container.common.states.endpoint.HeartbeatEndpointTask.call(HeartbeatEndpointTask.java:143)
	at org.apache.hadoop.ozone.container.common.states.endpoint.HeartbeatEndpointTask.call(HeartbeatEndpointTask.java:74)
	at java.util.concurrent.FutureTask.run(FutureTask.java:266)
	at java.util.concurrent.Executors$RunnableAdapter.call(Executors.java:511)
	at java.util.concurrent.FutureTask.run(FutureTask.java:266)
	at java.util.concurrent.ThreadPoolExecutor.runWorker(ThreadPoolExecutor.java:1149)
	at java.util.concurrent.ThreadPoolExecutor$Worker.run(ThreadPoolExecutor.java:624)
	at java.lang.Thread.run(Thread.java:748)
Caused by: java.net.SocketTimeoutException: 1000 millis timeout while waiting for channel to be ready for read. ch : java.nio.channels.SocketChannel[connected local=/192.168.5.171:59440 remote=/0.0.0.0:39135]
	at org.apache.hadoop.net.SocketIOWithTimeout.doIO(SocketIOWithTimeout.java:164)
	at org.apache.hadoop.net.SocketInputStream.read(SocketInputStream.java:161)
	at org.apache.hadoop.net.SocketInputStream.read(SocketInputStream.java:131)
	at java.io.FilterInputStream.read(FilterInputStream.java:133)
	at java.io.BufferedInputStream.fill(BufferedInputStream.java:246)
	at java.io.BufferedInputStream.read(BufferedInputStream.java:265)
	at java.io.FilterInputStream.read(FilterInputStream.java:83)
	at java.io.FilterInputStream.read(FilterInputStream.java:83)
	at org.apache.hadoop.ipc.Client$Connection$PingInputStream.read(Client.java:557)
	at java.io.DataInputStream.readInt(DataInputStream.java:387)
	at org.apache.hadoop.ipc.Client$IpcStreams.readResponse(Client.java:1816)
	at org.apache.hadoop.ipc.Client$Connection.receiveRpcResponse(Client.java:1173)
	at org.apache.hadoop.ipc.Client$Connection.run(Client.java:1069)
2019-09-19 10:49:32,425 [Datanode State Machine Thread - 0] ERROR statemachine.EndpointStateMachine (EndpointStateMachine.java:logIfNeeded(204)) - Unable to communicate to SCM server at 0.0.0.0:39135 for past 0 seconds.
java.net.SocketTimeoutException: Call From pr-hdds-1054-s6xkv-2432930293/192.168.5.171 to 0.0.0.0:39135 failed on socket timeout exception: java.net.SocketTimeoutException: 1000 millis timeout while waiting for channel to be ready for read. ch : java.nio.channels.SocketChannel[connected local=/192.168.5.171:59440 remote=/0.0.0.0:39135]; For more details see:  http://wiki.apache.org/hadoop/SocketTimeout
	at sun.reflect.NativeConstructorAccessorImpl.newInstance0(Native Method)
	at sun.reflect.NativeConstructorAccessorImpl.newInstance(NativeConstructorAccessorImpl.java:62)
	at sun.reflect.DelegatingConstructorAccessorImpl.newInstance(DelegatingConstructorAccessorImpl.java:45)
	at java.lang.reflect.Constructor.newInstance(Constructor.java:423)
	at org.apache.hadoop.net.NetUtils.wrapWithMessage(NetUtils.java:831)
	at org.apache.hadoop.net.NetUtils.wrapException(NetUtils.java:775)
	at org.apache.hadoop.ipc.Client.getRpcResponse(Client.java:1515)
	at org.apache.hadoop.ipc.Client.call(Client.java:1457)
	at org.apache.hadoop.ipc.Client.call(Client.java:1367)
	at org.apache.hadoop.ipc.ProtobufRpcEngine$Invoker.invoke(ProtobufRpcEngine.java:228)
	at org.apache.hadoop.ipc.ProtobufRpcEngine$Invoker.invoke(ProtobufRpcEngine.java:116)
	at com.sun.proxy.$Proxy37.sendHeartbeat(Unknown Source)
	at org.apache.hadoop.ozone.protocolPB.StorageContainerDatanodeProtocolClientSideTranslatorPB.sendHeartbeat(StorageContainerDatanodeProtocolClientSideTranslatorPB.java:131)
	at org.apache.hadoop.ozone.container.common.states.endpoint.HeartbeatEndpointTask.call(HeartbeatEndpointTask.java:143)
	at org.apache.hadoop.ozone.container.common.states.endpoint.HeartbeatEndpointTask.call(HeartbeatEndpointTask.java:74)
	at java.util.concurrent.FutureTask.run(FutureTask.java:266)
	at java.util.concurrent.Executors$RunnableAdapter.call(Executors.java:511)
	at java.util.concurrent.FutureTask.run(FutureTask.java:266)
	at java.util.concurrent.ThreadPoolExecutor.runWorker(ThreadPoolExecutor.java:1149)
	at java.util.concurrent.ThreadPoolExecutor$Worker.run(ThreadPoolExecutor.java:624)
	at java.lang.Thread.run(Thread.java:748)
Caused by: java.net.SocketTimeoutException: 1000 millis timeout while waiting for channel to be ready for read. ch : java.nio.channels.SocketChannel[connected local=/192.168.5.171:59440 remote=/0.0.0.0:39135]
	at org.apache.hadoop.net.SocketIOWithTimeout.doIO(SocketIOWithTimeout.java:164)
	at org.apache.hadoop.net.SocketInputStream.read(SocketInputStream.java:161)
	at org.apache.hadoop.net.SocketInputStream.read(SocketInputStream.java:131)
	at java.io.FilterInputStream.read(FilterInputStream.java:133)
	at java.io.BufferedInputStream.fill(BufferedInputStream.java:246)
	at java.io.BufferedInputStream.read(BufferedInputStream.java:265)
	at java.io.FilterInputStream.read(FilterInputStream.java:83)
	at java.io.FilterInputStream.read(FilterInputStream.java:83)
	at org.apache.hadoop.ipc.Client$Connection$PingInputStream.read(Client.java:557)
	at java.io.DataInputStream.readInt(DataInputStream.java:387)
	at org.apache.hadoop.ipc.Client$IpcStreams.readResponse(Client.java:1816)
	at org.apache.hadoop.ipc.Client$Connection.receiveRpcResponse(Client.java:1173)
	at org.apache.hadoop.ipc.Client$Connection.run(Client.java:1069)
2019-09-19 10:49:32,425 [IPC Server handler 17 on 39135] WARN  ipc.Server (Server.java:processResponse(1523)) - IPC Server handler 17 on 39135, call Call#1006 Retry#0 org.apache.hadoop.ozone.protocol.StorageContainerDatanodeProtocol.sendHeartbeat from 192.168.5.171:59440: output error
2019-09-19 10:49:32,432 [org.apache.hadoop.util.JvmPauseMonitor$Monitor@4b2d341b] INFO  util.JvmPauseMonitor (JvmPauseMonitor.java:run(205)) - Detected pause in JVM or host machine (eg GC): pause of approximately 2370ms
No GCs detected
2019-09-19 10:49:32,434 [IPC Server handler 2 on 39135] WARN  ipc.Server (Server.java:processResponse(1523)) - IPC Server handler 2 on 39135, call Call#1004 Retry#0 org.apache.hadoop.ozone.protocol.StorageContainerDatanodeProtocol.sendHeartbeat from 192.168.5.171:59440: output error
2019-09-19 10:49:32,434 [IPC Server handler 17 on 39135] INFO  ipc.Server (Server.java:run(2695)) - IPC Server handler 17 on 39135 caught an exception
java.io.IOException: Broken pipe
	at sun.nio.ch.FileDispatcherImpl.write0(Native Method)
	at sun.nio.ch.SocketDispatcher.write(SocketDispatcher.java:47)
	at sun.nio.ch.IOUtil.writeFromNativeBuffer(IOUtil.java:93)
	at sun.nio.ch.IOUtil.write(IOUtil.java:65)
	at sun.nio.ch.SocketChannelImpl.write(SocketChannelImpl.java:471)
	at org.apache.hadoop.ipc.Server.channelWrite(Server.java:3250)
	at org.apache.hadoop.ipc.Server.access$1700(Server.java:137)
	at org.apache.hadoop.ipc.Server$Responder.processResponse(Server.java:1473)
	at org.apache.hadoop.ipc.Server$Responder.doRespond(Server.java:1543)
	at org.apache.hadoop.ipc.Server$Connection.sendResponse(Server.java:2593)
	at org.apache.hadoop.ipc.Server$Connection.access$300(Server.java:1615)
	at org.apache.hadoop.ipc.Server$RpcCall.doResponse(Server.java:940)
	at org.apache.hadoop.ipc.Server$Call.sendResponse(Server.java:774)
	at org.apache.hadoop.ipc.Server$RpcCall.run(Server.java:885)
	at org.apache.hadoop.ipc.Server$RpcCall.run(Server.java:822)
	at java.security.AccessController.doPrivileged(Native Method)
	at javax.security.auth.Subject.doAs(Subject.java:422)
	at org.apache.hadoop.security.UserGroupInformation.doAs(UserGroupInformation.java:1730)
	at org.apache.hadoop.ipc.Server$Handler.run(Server.java:2682)
2019-09-19 10:49:32,434 [IPC Server handler 2 on 39135] INFO  ipc.Server (Server.java:run(2695)) - IPC Server handler 2 on 39135 caught an exception
java.nio.channels.ClosedChannelException
	at sun.nio.ch.SocketChannelImpl.ensureWriteOpen(SocketChannelImpl.java:270)
	at sun.nio.ch.SocketChannelImpl.write(SocketChannelImpl.java:461)
	at org.apache.hadoop.ipc.Server.channelWrite(Server.java:3250)
	at org.apache.hadoop.ipc.Server.access$1700(Server.java:137)
	at org.apache.hadoop.ipc.Server$Responder.processResponse(Server.java:1473)
	at org.apache.hadoop.ipc.Server$Responder.doRespond(Server.java:1543)
	at org.apache.hadoop.ipc.Server$Connection.sendResponse(Server.java:2593)
	at org.apache.hadoop.ipc.Server$Connection.access$300(Server.java:1615)
	at org.apache.hadoop.ipc.Server$RpcCall.doResponse(Server.java:940)
	at org.apache.hadoop.ipc.Server$Call.sendResponse(Server.java:774)
	at org.apache.hadoop.ipc.Server$RpcCall.run(Server.java:885)
	at org.apache.hadoop.ipc.Server$RpcCall.run(Server.java:822)
	at java.security.AccessController.doPrivileged(Native Method)
	at javax.security.auth.Subject.doAs(Subject.java:422)
	at org.apache.hadoop.security.UserGroupInformation.doAs(UserGroupInformation.java:1730)
	at org.apache.hadoop.ipc.Server$Handler.run(Server.java:2682)
2019-09-19 10:49:33,761 [Thread-1110] INFO  impl.FollowerState (FollowerState.java:run(106)) - c9baf647-08c3-4366-86b9-39150e9e3608:group-7EB238C3CBC3 changes to CANDIDATE, lastRpcTime:5030, electionTimeout:5030ms
2019-09-19 10:49:33,761 [Thread-1110] INFO  impl.RoleInfo (RoleInfo.java:shutdownFollowerState(121)) - c9baf647-08c3-4366-86b9-39150e9e3608: shutdown FollowerState
2019-09-19 10:49:33,762 [Thread-1110] INFO  impl.RaftServerImpl (RaftServerImpl.java:setRole(174)) - c9baf647-08c3-4366-86b9-39150e9e3608@group-7EB238C3CBC3: changes role from  FOLLOWER to CANDIDATE at term 25 for changeToCandidate
2019-09-19 10:49:33,762 [Thread-1110] ERROR ratis.XceiverServerRatis (XceiverServerRatis.java:triggerPipelineClose(575)) - pipeline Action CLOSE  on pipeline PipelineID=0039b36d-2fcf-4f3f-ab41-7eb238c3cbc3.Reason : c9baf647-08c3-4366-86b9-39150e9e3608 is in candidate state for 174268ms
2019-09-19 10:49:33,763 [Thread-1110] INFO  impl.RoleInfo (RoleInfo.java:updateAndGet(143)) - c9baf647-08c3-4366-86b9-39150e9e3608: start LeaderElection
2019-09-19 10:49:33,802 [Thread-1112] INFO  impl.FollowerState (FollowerState.java:run(106)) - 0d4e421f-a580-438c-824a-2881e7ce6119:group-7EB238C3CBC3 changes to CANDIDATE, lastRpcTime:5071, electionTimeout:5071ms
2019-09-19 10:49:33,803 [Thread-1112] INFO  impl.RoleInfo (RoleInfo.java:shutdownFollowerState(121)) - 0d4e421f-a580-438c-824a-2881e7ce6119: shutdown FollowerState
2019-09-19 10:49:33,803 [Thread-1112] INFO  impl.RaftServerImpl (RaftServerImpl.java:setRole(174)) - 0d4e421f-a580-438c-824a-2881e7ce6119@group-7EB238C3CBC3: changes role from  FOLLOWER to CANDIDATE at term 25 for changeToCandidate
2019-09-19 10:49:33,803 [Thread-1112] ERROR ratis.XceiverServerRatis (XceiverServerRatis.java:triggerPipelineClose(575)) - pipeline Action CLOSE  on pipeline PipelineID=0039b36d-2fcf-4f3f-ab41-7eb238c3cbc3.Reason : 0d4e421f-a580-438c-824a-2881e7ce6119 is in candidate state for 173143ms
2019-09-19 10:49:33,803 [Thread-1112] INFO  impl.RoleInfo (RoleInfo.java:updateAndGet(143)) - 0d4e421f-a580-438c-824a-2881e7ce6119: start LeaderElection
2019-09-19 10:49:33,875 [Thread-1111] INFO  impl.FollowerState (FollowerState.java:run(106)) - cdd88cb1-716b-4e52-8ddf-d696aacac702:group-7EB238C3CBC3 changes to CANDIDATE, lastRpcTime:5144, electionTimeout:5144ms
2019-09-19 10:49:33,875 [Thread-1111] INFO  impl.RoleInfo (RoleInfo.java:shutdownFollowerState(121)) - cdd88cb1-716b-4e52-8ddf-d696aacac702: shutdown FollowerState
2019-09-19 10:49:33,876 [Thread-1111] INFO  impl.RaftServerImpl (RaftServerImpl.java:setRole(174)) - cdd88cb1-716b-4e52-8ddf-d696aacac702@group-7EB238C3CBC3: changes role from  FOLLOWER to CANDIDATE at term 25 for changeToCandidate
2019-09-19 10:49:33,876 [Thread-1111] ERROR ratis.XceiverServerRatis (XceiverServerRatis.java:triggerPipelineClose(575)) - pipeline Action CLOSE  on pipeline PipelineID=0039b36d-2fcf-4f3f-ab41-7eb238c3cbc3.Reason : cdd88cb1-716b-4e52-8ddf-d696aacac702 is in candidate state for 174382ms
2019-09-19 10:49:33,876 [Thread-1111] INFO  impl.RoleInfo (RoleInfo.java:updateAndGet(143)) - cdd88cb1-716b-4e52-8ddf-d696aacac702: start LeaderElection
2019-09-19 10:49:34,125 [cdd88cb1-716b-4e52-8ddf-d696aacac702@group-7EB238C3CBC3:LeaderElection91] INFO  impl.LeaderElection (LeaderElection.java:askForVotes(182)) - cdd88cb1-716b-4e52-8ddf-d696aacac702@group-7EB238C3CBC3:LeaderElection91: begin an election at term 26 for -1: [c9baf647-08c3-4366-86b9-39150e9e3608:192.168.5.171:34562, cdd88cb1-716b-4e52-8ddf-d696aacac702:192.168.5.171:38745, 0d4e421f-a580-438c-824a-2881e7ce6119:192.168.5.171:46782], old=null
2019-09-19 10:49:34,125 [0d4e421f-a580-438c-824a-2881e7ce6119@group-7EB238C3CBC3:LeaderElection90] INFO  impl.LeaderElection (LeaderElection.java:askForVotes(182)) - 0d4e421f-a580-438c-824a-2881e7ce6119@group-7EB238C3CBC3:LeaderElection90: begin an election at term 26 for -1: [c9baf647-08c3-4366-86b9-39150e9e3608:192.168.5.171:34562, cdd88cb1-716b-4e52-8ddf-d696aacac702:192.168.5.171:38745, 0d4e421f-a580-438c-824a-2881e7ce6119:192.168.5.171:46782], old=null
2019-09-19 10:49:34,125 [c9baf647-08c3-4366-86b9-39150e9e3608@group-7EB238C3CBC3:LeaderElection89] INFO  impl.LeaderElection (LeaderElection.java:askForVotes(182)) - c9baf647-08c3-4366-86b9-39150e9e3608@group-7EB238C3CBC3:LeaderElection89: begin an election at term 26 for -1: [c9baf647-08c3-4366-86b9-39150e9e3608:192.168.5.171:34562, cdd88cb1-716b-4e52-8ddf-d696aacac702:192.168.5.171:38745, 0d4e421f-a580-438c-824a-2881e7ce6119:192.168.5.171:46782], old=null
2019-09-19 10:49:34,130 [c9baf647-08c3-4366-86b9-39150e9e3608@group-7EB238C3CBC3:LeaderElection89] INFO  impl.LeaderElection (LeaderElection.java:logAndReturn(56)) - c9baf647-08c3-4366-86b9-39150e9e3608@group-7EB238C3CBC3:LeaderElection89: Election REJECTED; received 2 response(s) [c9baf647-08c3-4366-86b9-39150e9e3608<-cdd88cb1-716b-4e52-8ddf-d696aacac702#0:FAIL-t26, c9baf647-08c3-4366-86b9-39150e9e3608<-0d4e421f-a580-438c-824a-2881e7ce6119#0:FAIL-t26] and 0 exception(s); c9baf647-08c3-4366-86b9-39150e9e3608@group-7EB238C3CBC3:t26, leader=null, voted=c9baf647-08c3-4366-86b9-39150e9e3608, raftlog=c9baf647-08c3-4366-86b9-39150e9e3608@group-7EB238C3CBC3-SegmentedRaftLog:OPENED:c-1,f-1,i0, conf=-1: [c9baf647-08c3-4366-86b9-39150e9e3608:192.168.5.171:34562, cdd88cb1-716b-4e52-8ddf-d696aacac702:192.168.5.171:38745, 0d4e421f-a580-438c-824a-2881e7ce6119:192.168.5.171:46782], old=null
2019-09-19 10:49:34,130 [c9baf647-08c3-4366-86b9-39150e9e3608@group-7EB238C3CBC3:LeaderElection89] INFO  impl.RaftServerImpl (RaftServerImpl.java:setRole(174)) - c9baf647-08c3-4366-86b9-39150e9e3608@group-7EB238C3CBC3: changes role from CANDIDATE to FOLLOWER at term 26 for DISCOVERED_A_NEW_TERM
2019-09-19 10:49:34,130 [c9baf647-08c3-4366-86b9-39150e9e3608@group-7EB238C3CBC3:LeaderElection89] INFO  impl.RoleInfo (RoleInfo.java:shutdownLeaderElection(134)) - c9baf647-08c3-4366-86b9-39150e9e3608: shutdown LeaderElection
2019-09-19 10:49:34,131 [0d4e421f-a580-438c-824a-2881e7ce6119@group-7EB238C3CBC3:LeaderElection90] INFO  impl.LeaderElection (LeaderElection.java:logAndReturn(56)) - 0d4e421f-a580-438c-824a-2881e7ce6119@group-7EB238C3CBC3:LeaderElection90: Election REJECTED; received 2 response(s) [0d4e421f-a580-438c-824a-2881e7ce6119<-c9baf647-08c3-4366-86b9-39150e9e3608#0:FAIL-t26, 0d4e421f-a580-438c-824a-2881e7ce6119<-cdd88cb1-716b-4e52-8ddf-d696aacac702#0:FAIL-t26] and 0 exception(s); 0d4e421f-a580-438c-824a-2881e7ce6119@group-7EB238C3CBC3:t26, leader=null, voted=0d4e421f-a580-438c-824a-2881e7ce6119, raftlog=0d4e421f-a580-438c-824a-2881e7ce6119@group-7EB238C3CBC3-SegmentedRaftLog:OPENED:c-1,f-1,i0, conf=-1: [c9baf647-08c3-4366-86b9-39150e9e3608:192.168.5.171:34562, cdd88cb1-716b-4e52-8ddf-d696aacac702:192.168.5.171:38745, 0d4e421f-a580-438c-824a-2881e7ce6119:192.168.5.171:46782], old=null
2019-09-19 10:49:34,131 [c9baf647-08c3-4366-86b9-39150e9e3608@group-7EB238C3CBC3:LeaderElection89] INFO  impl.RoleInfo (RoleInfo.java:updateAndGet(143)) - c9baf647-08c3-4366-86b9-39150e9e3608: start FollowerState
2019-09-19 10:49:34,131 [0d4e421f-a580-438c-824a-2881e7ce6119@group-7EB238C3CBC3:LeaderElection90] INFO  impl.RaftServerImpl (RaftServerImpl.java:setRole(174)) - 0d4e421f-a580-438c-824a-2881e7ce6119@group-7EB238C3CBC3: changes role from CANDIDATE to FOLLOWER at term 26 for DISCOVERED_A_NEW_TERM
2019-09-19 10:49:34,131 [cdd88cb1-716b-4e52-8ddf-d696aacac702@group-7EB238C3CBC3:LeaderElection91] INFO  impl.LeaderElection (LeaderElection.java:logAndReturn(56)) - cdd88cb1-716b-4e52-8ddf-d696aacac702@group-7EB238C3CBC3:LeaderElection91: Election REJECTED; received 2 response(s) [cdd88cb1-716b-4e52-8ddf-d696aacac702<-c9baf647-08c3-4366-86b9-39150e9e3608#0:FAIL-t26, cdd88cb1-716b-4e52-8ddf-d696aacac702<-0d4e421f-a580-438c-824a-2881e7ce6119#0:FAIL-t26] and 0 exception(s); cdd88cb1-716b-4e52-8ddf-d696aacac702@group-7EB238C3CBC3:t26, leader=null, voted=cdd88cb1-716b-4e52-8ddf-d696aacac702, raftlog=cdd88cb1-716b-4e52-8ddf-d696aacac702@group-7EB238C3CBC3-SegmentedRaftLog:OPENED:c-1,f-1,i0, conf=-1: [c9baf647-08c3-4366-86b9-39150e9e3608:192.168.5.171:34562, cdd88cb1-716b-4e52-8ddf-d696aacac702:192.168.5.171:38745, 0d4e421f-a580-438c-824a-2881e7ce6119:192.168.5.171:46782], old=null
2019-09-19 10:49:34,131 [0d4e421f-a580-438c-824a-2881e7ce6119@group-7EB238C3CBC3:LeaderElection90] INFO  impl.RoleInfo (RoleInfo.java:shutdownLeaderElection(134)) - 0d4e421f-a580-438c-824a-2881e7ce6119: shutdown LeaderElection
2019-09-19 10:49:34,131 [cdd88cb1-716b-4e52-8ddf-d696aacac702@group-7EB238C3CBC3:LeaderElection91] INFO  impl.RaftServerImpl (RaftServerImpl.java:setRole(174)) - cdd88cb1-716b-4e52-8ddf-d696aacac702@group-7EB238C3CBC3: changes role from CANDIDATE to FOLLOWER at term 26 for DISCOVERED_A_NEW_TERM
2019-09-19 10:49:34,131 [0d4e421f-a580-438c-824a-2881e7ce6119@group-7EB238C3CBC3:LeaderElection90] INFO  impl.RoleInfo (RoleInfo.java:updateAndGet(143)) - 0d4e421f-a580-438c-824a-2881e7ce6119: start FollowerState
2019-09-19 10:49:34,131 [cdd88cb1-716b-4e52-8ddf-d696aacac702@group-7EB238C3CBC3:LeaderElection91] INFO  impl.RoleInfo (RoleInfo.java:shutdownLeaderElection(134)) - cdd88cb1-716b-4e52-8ddf-d696aacac702: shutdown LeaderElection
2019-09-19 10:49:34,132 [cdd88cb1-716b-4e52-8ddf-d696aacac702@group-7EB238C3CBC3:LeaderElection91] INFO  impl.RoleInfo (RoleInfo.java:updateAndGet(143)) - cdd88cb1-716b-4e52-8ddf-d696aacac702: start FollowerState
2019-09-19 10:49:34,436 [EventQueue-PipelineActionsForPipelineActionHandler] ERROR pipeline.PipelineActionHandler (PipelineActionHandler.java:onMessage(60)) - Received pipeline action CLOSE for Pipeline[ Id: 0039b36d-2fcf-4f3f-ab41-7eb238c3cbc3, Nodes: 0d4e421f-a580-438c-824a-2881e7ce6119{ip: 192.168.5.171, host: pr-hdds-1054-s6xkv-2432930293, networkLocation: /default-rack, certSerialId: null}cdd88cb1-716b-4e52-8ddf-d696aacac702{ip: 192.168.5.171, host: pr-hdds-1054-s6xkv-2432930293, networkLocation: /default-rack, certSerialId: null}c9baf647-08c3-4366-86b9-39150e9e3608{ip: 192.168.5.171, host: pr-hdds-1054-s6xkv-2432930293, networkLocation: /default-rack, certSerialId: null}, Type:RATIS, Factor:THREE, State:CLOSED] from datanode c9baf647-08c3-4366-86b9-39150e9e3608{ip: 192.168.5.171, host: pr-hdds-1054-s6xkv-2432930293, networkLocation: /default-rack, certSerialId: null}. Reason : c9baf647-08c3-4366-86b9-39150e9e3608 is in candidate state for 174268ms
2019-09-19 10:49:34,436 [EventQueue-PipelineActionsForPipelineActionHandler] INFO  pipeline.SCMPipelineManager (SCMPipelineManager.java:finalizeAndDestroyPipeline(311)) - destroying pipeline:Pipeline[ Id: 0039b36d-2fcf-4f3f-ab41-7eb238c3cbc3, Nodes: 0d4e421f-a580-438c-824a-2881e7ce6119{ip: 192.168.5.171, host: pr-hdds-1054-s6xkv-2432930293, networkLocation: /default-rack, certSerialId: null}cdd88cb1-716b-4e52-8ddf-d696aacac702{ip: 192.168.5.171, host: pr-hdds-1054-s6xkv-2432930293, networkLocation: /default-rack, certSerialId: null}c9baf647-08c3-4366-86b9-39150e9e3608{ip: 192.168.5.171, host: pr-hdds-1054-s6xkv-2432930293, networkLocation: /default-rack, certSerialId: null}, Type:RATIS, Factor:THREE, State:CLOSED]
2019-09-19 10:49:34,453 [EventQueue-PipelineActionsForPipelineActionHandler] ERROR pipeline.PipelineActionHandler (PipelineActionHandler.java:onMessage(60)) - Received pipeline action CLOSE for Pipeline[ Id: 0039b36d-2fcf-4f3f-ab41-7eb238c3cbc3, Nodes: 0d4e421f-a580-438c-824a-2881e7ce6119{ip: 192.168.5.171, host: pr-hdds-1054-s6xkv-2432930293, networkLocation: /default-rack, certSerialId: null}cdd88cb1-716b-4e52-8ddf-d696aacac702{ip: 192.168.5.171, host: pr-hdds-1054-s6xkv-2432930293, networkLocation: /default-rack, certSerialId: null}c9baf647-08c3-4366-86b9-39150e9e3608{ip: 192.168.5.171, host: pr-hdds-1054-s6xkv-2432930293, networkLocation: /default-rack, certSerialId: null}, Type:RATIS, Factor:THREE, State:CLOSED] from datanode cdd88cb1-716b-4e52-8ddf-d696aacac702{ip: 192.168.5.171, host: pr-hdds-1054-s6xkv-2432930293, networkLocation: /default-rack, certSerialId: null}. Reason : cdd88cb1-716b-4e52-8ddf-d696aacac702 is in candidate state for 174382ms
2019-09-19 10:49:34,453 [EventQueue-PipelineActionsForPipelineActionHandler] INFO  pipeline.SCMPipelineManager (SCMPipelineManager.java:finalizeAndDestroyPipeline(311)) - destroying pipeline:Pipeline[ Id: 0039b36d-2fcf-4f3f-ab41-7eb238c3cbc3, Nodes: 0d4e421f-a580-438c-824a-2881e7ce6119{ip: 192.168.5.171, host: pr-hdds-1054-s6xkv-2432930293, networkLocation: /default-rack, certSerialId: null}cdd88cb1-716b-4e52-8ddf-d696aacac702{ip: 192.168.5.171, host: pr-hdds-1054-s6xkv-2432930293, networkLocation: /default-rack, certSerialId: null}c9baf647-08c3-4366-86b9-39150e9e3608{ip: 192.168.5.171, host: pr-hdds-1054-s6xkv-2432930293, networkLocation: /default-rack, certSerialId: null}, Type:RATIS, Factor:THREE, State:CLOSED]
2019-09-19 10:49:34,454 [EventQueue-PipelineActionsForPipelineActionHandler] ERROR pipeline.PipelineActionHandler (PipelineActionHandler.java:onMessage(60)) - Received pipeline action CLOSE for Pipeline[ Id: 0039b36d-2fcf-4f3f-ab41-7eb238c3cbc3, Nodes: 0d4e421f-a580-438c-824a-2881e7ce6119{ip: 192.168.5.171, host: pr-hdds-1054-s6xkv-2432930293, networkLocation: /default-rack, certSerialId: null}cdd88cb1-716b-4e52-8ddf-d696aacac702{ip: 192.168.5.171, host: pr-hdds-1054-s6xkv-2432930293, networkLocation: /default-rack, certSerialId: null}c9baf647-08c3-4366-86b9-39150e9e3608{ip: 192.168.5.171, host: pr-hdds-1054-s6xkv-2432930293, networkLocation: /default-rack, certSerialId: null}, Type:RATIS, Factor:THREE, State:CLOSED] from datanode 0d4e421f-a580-438c-824a-2881e7ce6119{ip: 192.168.5.171, host: pr-hdds-1054-s6xkv-2432930293, networkLocation: /default-rack, certSerialId: null}. Reason : 0d4e421f-a580-438c-824a-2881e7ce6119 is in candidate state for 173143ms
2019-09-19 10:49:34,454 [EventQueue-PipelineActionsForPipelineActionHandler] INFO  pipeline.SCMPipelineManager (SCMPipelineManager.java:finalizeAndDestroyPipeline(311)) - destroying pipeline:Pipeline[ Id: 0039b36d-2fcf-4f3f-ab41-7eb238c3cbc3, Nodes: 0d4e421f-a580-438c-824a-2881e7ce6119{ip: 192.168.5.171, host: pr-hdds-1054-s6xkv-2432930293, networkLocation: /default-rack, certSerialId: null}cdd88cb1-716b-4e52-8ddf-d696aacac702{ip: 192.168.5.171, host: pr-hdds-1054-s6xkv-2432930293, networkLocation: /default-rack, certSerialId: null}c9baf647-08c3-4366-86b9-39150e9e3608{ip: 192.168.5.171, host: pr-hdds-1054-s6xkv-2432930293, networkLocation: /default-rack, certSerialId: null}, Type:RATIS, Factor:THREE, State:CLOSED]
2019-09-19 10:49:39,133 [Thread-1131] INFO  impl.FollowerState (FollowerState.java:run(106)) - cdd88cb1-716b-4e52-8ddf-d696aacac702:group-7EB238C3CBC3 changes to CANDIDATE, lastRpcTime:5001, electionTimeout:5001ms
2019-09-19 10:49:39,136 [Thread-1131] INFO  impl.RoleInfo (RoleInfo.java:shutdownFollowerState(121)) - cdd88cb1-716b-4e52-8ddf-d696aacac702: shutdown FollowerState
2019-09-19 10:49:39,136 [Thread-1131] INFO  impl.RaftServerImpl (RaftServerImpl.java:setRole(174)) - cdd88cb1-716b-4e52-8ddf-d696aacac702@group-7EB238C3CBC3: changes role from  FOLLOWER to CANDIDATE at term 26 for changeToCandidate
2019-09-19 10:49:39,138 [Thread-1131] ERROR ratis.XceiverServerRatis (XceiverServerRatis.java:triggerPipelineClose(575)) - pipeline Action CLOSE  on pipeline PipelineID=0039b36d-2fcf-4f3f-ab41-7eb238c3cbc3.Reason : cdd88cb1-716b-4e52-8ddf-d696aacac702 is in candidate state for 179643ms
2019-09-19 10:49:39,138 [Thread-1131] INFO  impl.RoleInfo (RoleInfo.java:updateAndGet(143)) - cdd88cb1-716b-4e52-8ddf-d696aacac702: start LeaderElection
2019-09-19 10:49:39,167 [Thread-1130] INFO  impl.FollowerState (FollowerState.java:run(106)) - 0d4e421f-a580-438c-824a-2881e7ce6119:group-7EB238C3CBC3 changes to CANDIDATE, lastRpcTime:5035, electionTimeout:5035ms
2019-09-19 10:49:39,167 [Thread-1130] INFO  impl.RoleInfo (RoleInfo.java:shutdownFollowerState(121)) - 0d4e421f-a580-438c-824a-2881e7ce6119: shutdown FollowerState
2019-09-19 10:49:39,167 [Thread-1130] INFO  impl.RaftServerImpl (RaftServerImpl.java:setRole(174)) - 0d4e421f-a580-438c-824a-2881e7ce6119@group-7EB238C3CBC3: changes role from  FOLLOWER to CANDIDATE at term 26 for changeToCandidate
2019-09-19 10:49:39,168 [Thread-1130] ERROR ratis.XceiverServerRatis (XceiverServerRatis.java:triggerPipelineClose(575)) - pipeline Action CLOSE  on pipeline PipelineID=0039b36d-2fcf-4f3f-ab41-7eb238c3cbc3.Reason : 0d4e421f-a580-438c-824a-2881e7ce6119 is in candidate state for 178508ms
2019-09-19 10:49:39,168 [Thread-1130] INFO  impl.RoleInfo (RoleInfo.java:updateAndGet(143)) - 0d4e421f-a580-438c-824a-2881e7ce6119: start LeaderElection
2019-09-19 10:49:39,211 [Thread-1129] INFO  impl.FollowerState (FollowerState.java:run(106)) - c9baf647-08c3-4366-86b9-39150e9e3608:group-7EB238C3CBC3 changes to CANDIDATE, lastRpcTime:5080, electionTimeout:5080ms
2019-09-19 10:49:39,212 [Thread-1129] INFO  impl.RoleInfo (RoleInfo.java:shutdownFollowerState(121)) - c9baf647-08c3-4366-86b9-39150e9e3608: shutdown FollowerState
2019-09-19 10:49:39,212 [Thread-1129] INFO  impl.RaftServerImpl (RaftServerImpl.java:setRole(174)) - c9baf647-08c3-4366-86b9-39150e9e3608@group-7EB238C3CBC3: changes role from  FOLLOWER to CANDIDATE at term 26 for changeToCandidate
2019-09-19 10:49:39,212 [Thread-1129] ERROR ratis.XceiverServerRatis (XceiverServerRatis.java:triggerPipelineClose(575)) - pipeline Action CLOSE  on pipeline PipelineID=0039b36d-2fcf-4f3f-ab41-7eb238c3cbc3.Reason : c9baf647-08c3-4366-86b9-39150e9e3608 is in candidate state for 179717ms
2019-09-19 10:49:39,212 [Thread-1129] INFO  impl.RoleInfo (RoleInfo.java:updateAndGet(143)) - c9baf647-08c3-4366-86b9-39150e9e3608: start LeaderElection
2019-09-19 10:49:39,439 [EventQueue-PipelineActionsForPipelineActionHandler] ERROR pipeline.PipelineActionHandler (PipelineActionHandler.java:onMessage(60)) - Received pipeline action CLOSE for Pipeline[ Id: 0039b36d-2fcf-4f3f-ab41-7eb238c3cbc3, Nodes: 0d4e421f-a580-438c-824a-2881e7ce6119{ip: 192.168.5.171, host: pr-hdds-1054-s6xkv-2432930293, networkLocation: /default-rack, certSerialId: null}cdd88cb1-716b-4e52-8ddf-d696aacac702{ip: 192.168.5.171, host: pr-hdds-1054-s6xkv-2432930293, networkLocation: /default-rack, certSerialId: null}c9baf647-08c3-4366-86b9-39150e9e3608{ip: 192.168.5.171, host: pr-hdds-1054-s6xkv-2432930293, networkLocation: /default-rack, certSerialId: null}, Type:RATIS, Factor:THREE, State:CLOSED] from datanode c9baf647-08c3-4366-86b9-39150e9e3608{ip: 192.168.5.171, host: pr-hdds-1054-s6xkv-2432930293, networkLocation: /default-rack, certSerialId: null}. Reason : c9baf647-08c3-4366-86b9-39150e9e3608 is in candidate state for 179717ms
2019-09-19 10:49:39,440 [EventQueue-PipelineActionsForPipelineActionHandler] INFO  pipeline.SCMPipelineManager (SCMPipelineManager.java:finalizeAndDestroyPipeline(311)) - destroying pipeline:Pipeline[ Id: 0039b36d-2fcf-4f3f-ab41-7eb238c3cbc3, Nodes: 0d4e421f-a580-438c-824a-2881e7ce6119{ip: 192.168.5.171, host: pr-hdds-1054-s6xkv-2432930293, networkLocation: /default-rack, certSerialId: null}cdd88cb1-716b-4e52-8ddf-d696aacac702{ip: 192.168.5.171, host: pr-hdds-1054-s6xkv-2432930293, networkLocation: /default-rack, certSerialId: null}c9baf647-08c3-4366-86b9-39150e9e3608{ip: 192.168.5.171, host: pr-hdds-1054-s6xkv-2432930293, networkLocation: /default-rack, certSerialId: null}, Type:RATIS, Factor:THREE, State:CLOSED]
2019-09-19 10:49:39,453 [EventQueue-PipelineActionsForPipelineActionHandler] ERROR pipeline.PipelineActionHandler (PipelineActionHandler.java:onMessage(60)) - Received pipeline action CLOSE for Pipeline[ Id: 0039b36d-2fcf-4f3f-ab41-7eb238c3cbc3, Nodes: 0d4e421f-a580-438c-824a-2881e7ce6119{ip: 192.168.5.171, host: pr-hdds-1054-s6xkv-2432930293, networkLocation: /default-rack, certSerialId: null}cdd88cb1-716b-4e52-8ddf-d696aacac702{ip: 192.168.5.171, host: pr-hdds-1054-s6xkv-2432930293, networkLocation: /default-rack, certSerialId: null}c9baf647-08c3-4366-86b9-39150e9e3608{ip: 192.168.5.171, host: pr-hdds-1054-s6xkv-2432930293, networkLocation: /default-rack, certSerialId: null}, Type:RATIS, Factor:THREE, State:CLOSED] from datanode cdd88cb1-716b-4e52-8ddf-d696aacac702{ip: 192.168.5.171, host: pr-hdds-1054-s6xkv-2432930293, networkLocation: /default-rack, certSerialId: null}. Reason : cdd88cb1-716b-4e52-8ddf-d696aacac702 is in candidate state for 179643ms
2019-09-19 10:49:39,453 [EventQueue-PipelineActionsForPipelineActionHandler] INFO  pipeline.SCMPipelineManager (SCMPipelineManager.java:finalizeAndDestroyPipeline(311)) - destroying pipeline:Pipeline[ Id: 0039b36d-2fcf-4f3f-ab41-7eb238c3cbc3, Nodes: 0d4e421f-a580-438c-824a-2881e7ce6119{ip: 192.168.5.171, host: pr-hdds-1054-s6xkv-2432930293, networkLocation: /default-rack, certSerialId: null}cdd88cb1-716b-4e52-8ddf-d696aacac702{ip: 192.168.5.171, host: pr-hdds-1054-s6xkv-2432930293, networkLocation: /default-rack, certSerialId: null}c9baf647-08c3-4366-86b9-39150e9e3608{ip: 192.168.5.171, host: pr-hdds-1054-s6xkv-2432930293, networkLocation: /default-rack, certSerialId: null}, Type:RATIS, Factor:THREE, State:CLOSED]
2019-09-19 10:49:39,453 [EventQueue-PipelineActionsForPipelineActionHandler] ERROR pipeline.PipelineActionHandler (PipelineActionHandler.java:onMessage(60)) - Received pipeline action CLOSE for Pipeline[ Id: 0039b36d-2fcf-4f3f-ab41-7eb238c3cbc3, Nodes: 0d4e421f-a580-438c-824a-2881e7ce6119{ip: 192.168.5.171, host: pr-hdds-1054-s6xkv-2432930293, networkLocation: /default-rack, certSerialId: null}cdd88cb1-716b-4e52-8ddf-d696aacac702{ip: 192.168.5.171, host: pr-hdds-1054-s6xkv-2432930293, networkLocation: /default-rack, certSerialId: null}c9baf647-08c3-4366-86b9-39150e9e3608{ip: 192.168.5.171, host: pr-hdds-1054-s6xkv-2432930293, networkLocation: /default-rack, certSerialId: null}, Type:RATIS, Factor:THREE, State:CLOSED] from datanode 0d4e421f-a580-438c-824a-2881e7ce6119{ip: 192.168.5.171, host: pr-hdds-1054-s6xkv-2432930293, networkLocation: /default-rack, certSerialId: null}. Reason : 0d4e421f-a580-438c-824a-2881e7ce6119 is in candidate state for 178508ms
2019-09-19 10:49:39,454 [EventQueue-PipelineActionsForPipelineActionHandler] INFO  pipeline.SCMPipelineManager (SCMPipelineManager.java:finalizeAndDestroyPipeline(311)) - destroying pipeline:Pipeline[ Id: 0039b36d-2fcf-4f3f-ab41-7eb238c3cbc3, Nodes: 0d4e421f-a580-438c-824a-2881e7ce6119{ip: 192.168.5.171, host: pr-hdds-1054-s6xkv-2432930293, networkLocation: /default-rack, certSerialId: null}cdd88cb1-716b-4e52-8ddf-d696aacac702{ip: 192.168.5.171, host: pr-hdds-1054-s6xkv-2432930293, networkLocation: /default-rack, certSerialId: null}c9baf647-08c3-4366-86b9-39150e9e3608{ip: 192.168.5.171, host: pr-hdds-1054-s6xkv-2432930293, networkLocation: /default-rack, certSerialId: null}, Type:RATIS, Factor:THREE, State:CLOSED]
2019-09-19 10:49:40,162 [cdd88cb1-716b-4e52-8ddf-d696aacac702@group-7EB238C3CBC3:LeaderElection92] INFO  impl.LeaderElection (LeaderElection.java:askForVotes(182)) - cdd88cb1-716b-4e52-8ddf-d696aacac702@group-7EB238C3CBC3:LeaderElection92: begin an election at term 27 for -1: [c9baf647-08c3-4366-86b9-39150e9e3608:192.168.5.171:34562, cdd88cb1-716b-4e52-8ddf-d696aacac702:192.168.5.171:38745, 0d4e421f-a580-438c-824a-2881e7ce6119:192.168.5.171:46782], old=null
2019-09-19 10:49:40,162 [0d4e421f-a580-438c-824a-2881e7ce6119@group-7EB238C3CBC3:LeaderElection93] INFO  impl.LeaderElection (LeaderElection.java:askForVotes(182)) - 0d4e421f-a580-438c-824a-2881e7ce6119@group-7EB238C3CBC3:LeaderElection93: begin an election at term 27 for -1: [c9baf647-08c3-4366-86b9-39150e9e3608:192.168.5.171:34562, cdd88cb1-716b-4e52-8ddf-d696aacac702:192.168.5.171:38745, 0d4e421f-a580-438c-824a-2881e7ce6119:192.168.5.171:46782], old=null
2019-09-19 10:49:40,162 [c9baf647-08c3-4366-86b9-39150e9e3608@group-7EB238C3CBC3:LeaderElection94] INFO  impl.LeaderElection (LeaderElection.java:askForVotes(182)) - c9baf647-08c3-4366-86b9-39150e9e3608@group-7EB238C3CBC3:LeaderElection94: begin an election at term 27 for -1: [c9baf647-08c3-4366-86b9-39150e9e3608:192.168.5.171:34562, cdd88cb1-716b-4e52-8ddf-d696aacac702:192.168.5.171:38745, 0d4e421f-a580-438c-824a-2881e7ce6119:192.168.5.171:46782], old=null
2019-09-19 10:49:40,167 [cdd88cb1-716b-4e52-8ddf-d696aacac702@group-7EB238C3CBC3:LeaderElection92] INFO  impl.LeaderElection (LeaderElection.java:logAndReturn(56)) - cdd88cb1-716b-4e52-8ddf-d696aacac702@group-7EB238C3CBC3:LeaderElection92: Election REJECTED; received 2 response(s) [cdd88cb1-716b-4e52-8ddf-d696aacac702<-c9baf647-08c3-4366-86b9-39150e9e3608#0:FAIL-t27, cdd88cb1-716b-4e52-8ddf-d696aacac702<-0d4e421f-a580-438c-824a-2881e7ce6119#0:FAIL-t27] and 0 exception(s); cdd88cb1-716b-4e52-8ddf-d696aacac702@group-7EB238C3CBC3:t27, leader=null, voted=cdd88cb1-716b-4e52-8ddf-d696aacac702, raftlog=cdd88cb1-716b-4e52-8ddf-d696aacac702@group-7EB238C3CBC3-SegmentedRaftLog:OPENED:c-1,f-1,i0, conf=-1: [c9baf647-08c3-4366-86b9-39150e9e3608:192.168.5.171:34562, cdd88cb1-716b-4e52-8ddf-d696aacac702:192.168.5.171:38745, 0d4e421f-a580-438c-824a-2881e7ce6119:192.168.5.171:46782], old=null
2019-09-19 10:49:40,167 [cdd88cb1-716b-4e52-8ddf-d696aacac702@group-7EB238C3CBC3:LeaderElection92] INFO  impl.RaftServerImpl (RaftServerImpl.java:setRole(174)) - cdd88cb1-716b-4e52-8ddf-d696aacac702@group-7EB238C3CBC3: changes role from CANDIDATE to FOLLOWER at term 27 for DISCOVERED_A_NEW_TERM
2019-09-19 10:49:40,167 [0d4e421f-a580-438c-824a-2881e7ce6119@group-7EB238C3CBC3:LeaderElection93] INFO  impl.LeaderElection (LeaderElection.java:logAndReturn(56)) - 0d4e421f-a580-438c-824a-2881e7ce6119@group-7EB238C3CBC3:LeaderElection93: Election REJECTED; received 2 response(s) [0d4e421f-a580-438c-824a-2881e7ce6119<-c9baf647-08c3-4366-86b9-39150e9e3608#0:FAIL-t27, 0d4e421f-a580-438c-824a-2881e7ce6119<-cdd88cb1-716b-4e52-8ddf-d696aacac702#0:FAIL-t27] and 0 exception(s); 0d4e421f-a580-438c-824a-2881e7ce6119@group-7EB238C3CBC3:t27, leader=null, voted=0d4e421f-a580-438c-824a-2881e7ce6119, raftlog=0d4e421f-a580-438c-824a-2881e7ce6119@group-7EB238C3CBC3-SegmentedRaftLog:OPENED:c-1,f-1,i0, conf=-1: [c9baf647-08c3-4366-86b9-39150e9e3608:192.168.5.171:34562, cdd88cb1-716b-4e52-8ddf-d696aacac702:192.168.5.171:38745, 0d4e421f-a580-438c-824a-2881e7ce6119:192.168.5.171:46782], old=null
2019-09-19 10:49:40,167 [c9baf647-08c3-4366-86b9-39150e9e3608@group-7EB238C3CBC3:LeaderElection94] INFO  impl.LeaderElection (LeaderElection.java:logAndReturn(56)) - c9baf647-08c3-4366-86b9-39150e9e3608@group-7EB238C3CBC3:LeaderElection94: Election REJECTED; received 2 response(s) [c9baf647-08c3-4366-86b9-39150e9e3608<-cdd88cb1-716b-4e52-8ddf-d696aacac702#0:FAIL-t27, c9baf647-08c3-4366-86b9-39150e9e3608<-0d4e421f-a580-438c-824a-2881e7ce6119#0:FAIL-t27] and 0 exception(s); c9baf647-08c3-4366-86b9-39150e9e3608@group-7EB238C3CBC3:t27, leader=null, voted=c9baf647-08c3-4366-86b9-39150e9e3608, raftlog=c9baf647-08c3-4366-86b9-39150e9e3608@group-7EB238C3CBC3-SegmentedRaftLog:OPENED:c-1,f-1,i0, conf=-1: [c9baf647-08c3-4366-86b9-39150e9e3608:192.168.5.171:34562, cdd88cb1-716b-4e52-8ddf-d696aacac702:192.168.5.171:38745, 0d4e421f-a580-438c-824a-2881e7ce6119:192.168.5.171:46782], old=null
2019-09-19 10:49:40,167 [cdd88cb1-716b-4e52-8ddf-d696aacac702@group-7EB238C3CBC3:LeaderElection92] INFO  impl.RoleInfo (RoleInfo.java:shutdownLeaderElection(134)) - cdd88cb1-716b-4e52-8ddf-d696aacac702: shutdown LeaderElection
2019-09-19 10:49:40,168 [c9baf647-08c3-4366-86b9-39150e9e3608@group-7EB238C3CBC3:LeaderElection94] INFO  impl.RaftServerImpl (RaftServerImpl.java:setRole(174)) - c9baf647-08c3-4366-86b9-39150e9e3608@group-7EB238C3CBC3: changes role from CANDIDATE to FOLLOWER at term 27 for DISCOVERED_A_NEW_TERM
2019-09-19 10:49:40,168 [0d4e421f-a580-438c-824a-2881e7ce6119@group-7EB238C3CBC3:LeaderElection93] INFO  impl.RaftServerImpl (RaftServerImpl.java:setRole(174)) - 0d4e421f-a580-438c-824a-2881e7ce6119@group-7EB238C3CBC3: changes role from CANDIDATE to FOLLOWER at term 27 for DISCOVERED_A_NEW_TERM
2019-09-19 10:49:40,168 [c9baf647-08c3-4366-86b9-39150e9e3608@group-7EB238C3CBC3:LeaderElection94] INFO  impl.RoleInfo (RoleInfo.java:shutdownLeaderElection(134)) - c9baf647-08c3-4366-86b9-39150e9e3608: shutdown LeaderElection
2019-09-19 10:49:40,168 [cdd88cb1-716b-4e52-8ddf-d696aacac702@group-7EB238C3CBC3:LeaderElection92] INFO  impl.RoleInfo (RoleInfo.java:updateAndGet(143)) - cdd88cb1-716b-4e52-8ddf-d696aacac702: start FollowerState
2019-09-19 10:49:40,168 [c9baf647-08c3-4366-86b9-39150e9e3608@group-7EB238C3CBC3:LeaderElection94] INFO  impl.RoleInfo (RoleInfo.java:updateAndGet(143)) - c9baf647-08c3-4366-86b9-39150e9e3608: start FollowerState
2019-09-19 10:49:40,168 [0d4e421f-a580-438c-824a-2881e7ce6119@group-7EB238C3CBC3:LeaderElection93] INFO  impl.RoleInfo (RoleInfo.java:shutdownLeaderElection(134)) - 0d4e421f-a580-438c-824a-2881e7ce6119: shutdown LeaderElection
2019-09-19 10:49:40,169 [0d4e421f-a580-438c-824a-2881e7ce6119@group-7EB238C3CBC3:LeaderElection93] INFO  impl.RoleInfo (RoleInfo.java:updateAndGet(143)) - 0d4e421f-a580-438c-824a-2881e7ce6119: start FollowerState
]]></system-out>
  </testcase>
  <testcase name="testSequentialRead" classname="org.apache.hadoop.fs.ozone.contract.ITestOzoneContractOpen" time="140.392"/>
  <testcase name="testOpenReadDirWithChild" classname="org.apache.hadoop.fs.ozone.contract.ITestOzoneContractOpen" time="0.163"/>
</testsuite>