<?xml version="1.0" encoding="UTF-8"?>
<testsuite xmlns:xsi="http://www.w3.org/2001/XMLSchema-instance" xsi:noNamespaceSchemaLocation="https://maven.apache.org/surefire/maven-surefire-plugin/xsd/surefire-test-report.xsd" name="org.apache.hadoop.fs.ozone.TestOzoneFileInterfaces" time="582.561" tests="12" errors="1" skipped="0" failures="0">
  <properties>
    <property name="awt.toolkit" value="sun.awt.X11.XToolkit"/>
    <property name="file.encoding.pkg" value="sun.io"/>
    <property name="java.specification.version" value="1.8"/>
    <property name="sun.cpu.isalist" value=""/>
    <property name="sun.jnu.encoding" value="UTF-8"/>
    <property name="java.class.path" value="/workdir/hadoop-ozone/ozonefs/target/test-classes:/workdir/hadoop-ozone/ozonefs/target/classes:/home/user/.m2/repository/org/apache/hadoop/hadoop-common/3.2.0/hadoop-common-3.2.0.jar:/home/user/.m2/repository/org/apache/hadoop/hadoop-annotations/3.2.0/hadoop-annotations-3.2.0.jar:/usr/lib/jvm/java-1.8-openjdk/jre/../lib/tools.jar:/home/user/.m2/repository/com/google/guava/guava/11.0.2/guava-11.0.2.jar:/home/user/.m2/repository/commons-cli/commons-cli/1.2/commons-cli-1.2.jar:/home/user/.m2/repository/org/apache/commons/commons-math3/3.1.1/commons-math3-3.1.1.jar:/home/user/.m2/repository/org/apache/httpcomponents/httpclient/4.5.2/httpclient-4.5.2.jar:/home/user/.m2/repository/org/apache/httpcomponents/httpcore/4.4.4/httpcore-4.4.4.jar:/home/user/.m2/repository/commons-codec/commons-codec/1.11/commons-codec-1.11.jar:/home/user/.m2/repository/commons-io/commons-io/2.5/commons-io-2.5.jar:/home/user/.m2/repository/commons-net/commons-net/3.6/commons-net-3.6.jar:/home/user/.m2/repository/commons-collections/commons-collections/3.2.2/commons-collections-3.2.2.jar:/home/user/.m2/repository/javax/servlet/javax.servlet-api/3.1.0/javax.servlet-api-3.1.0.jar:/home/user/.m2/repository/org/eclipse/jetty/jetty-server/9.3.24.v20180605/jetty-server-9.3.24.v20180605.jar:/home/user/.m2/repository/org/eclipse/jetty/jetty-http/9.3.24.v20180605/jetty-http-9.3.24.v20180605.jar:/home/user/.m2/repository/org/eclipse/jetty/jetty-io/9.3.24.v20180605/jetty-io-9.3.24.v20180605.jar:/home/user/.m2/repository/org/eclipse/jetty/jetty-util/9.3.24.v20180605/jetty-util-9.3.24.v20180605.jar:/home/user/.m2/repository/org/eclipse/jetty/jetty-servlet/9.3.24.v20180605/jetty-servlet-9.3.24.v20180605.jar:/home/user/.m2/repository/org/eclipse/jetty/jetty-security/9.3.24.v20180605/jetty-security-9.3.24.v20180605.jar:/home/user/.m2/repository/org/eclipse/jetty/jetty-webapp/9.3.24.v20180605/jetty-webapp-9.3.24.v20180605.jar:/home/user/.m2/repository/org/eclipse/jetty/jetty-xml/9.3.24.v20180605/jetty-xml-9.3.24.v20180605.jar:/home/user/.m2/repository/javax/servlet/jsp/jsp-api/2.1/jsp-api-2.1.jar:/home/user/.m2/repository/com/sun/jersey/jersey-core/1.19/jersey-core-1.19.jar:/home/user/.m2/repository/javax/ws/rs/jsr311-api/1.1.1/jsr311-api-1.1.1.jar:/home/user/.m2/repository/com/sun/jersey/jersey-servlet/1.19/jersey-servlet-1.19.jar:/home/user/.m2/repository/com/sun/jersey/jersey-json/1.19/jersey-json-1.19.jar:/home/user/.m2/repository/org/codehaus/jettison/jettison/1.1/jettison-1.1.jar:/home/user/.m2/repository/com/sun/xml/bind/jaxb-impl/2.3.0.1/jaxb-impl-2.3.0.1.jar:/home/user/.m2/repository/org/codehaus/jackson/jackson-core-asl/1.9.13/jackson-core-asl-1.9.13.jar:/home/user/.m2/repository/org/codehaus/jackson/jackson-mapper-asl/1.9.13/jackson-mapper-asl-1.9.13.jar:/home/user/.m2/repository/org/codehaus/jackson/jackson-jaxrs/1.9.13/jackson-jaxrs-1.9.13.jar:/home/user/.m2/repository/org/codehaus/jackson/jackson-xc/1.9.13/jackson-xc-1.9.13.jar:/home/user/.m2/repository/com/sun/jersey/jersey-server/1.19/jersey-server-1.19.jar:/home/user/.m2/repository/commons-logging/commons-logging/1.1.3/commons-logging-1.1.3.jar:/home/user/.m2/repository/log4j/log4j/1.2.17/log4j-1.2.17.jar:/home/user/.m2/repository/commons-beanutils/commons-beanutils/1.9.4/commons-beanutils-1.9.4.jar:/home/user/.m2/repository/org/apache/commons/commons-configuration2/2.1.1/commons-configuration2-2.1.1.jar:/home/user/.m2/repository/org/apache/commons/commons-lang3/3.7/commons-lang3-3.7.jar:/home/user/.m2/repository/org/apache/commons/commons-text/1.4/commons-text-1.4.jar:/home/user/.m2/repository/org/slf4j/slf4j-api/1.7.25/slf4j-api-1.7.25.jar:/home/user/.m2/repository/org/slf4j/slf4j-log4j12/1.7.25/slf4j-log4j12-1.7.25.jar:/home/user/.m2/repository/org/apache/avro/avro/1.7.7/avro-1.7.7.jar:/home/user/.m2/repository/com/thoughtworks/paranamer/paranamer/2.3/paranamer-2.3.jar:/home/user/.m2/repository/org/xerial/snappy/snappy-java/1.0.5/snappy-java-1.0.5.jar:/home/user/.m2/repository/com/google/re2j/re2j/1.1/re2j-1.1.jar:/home/user/.m2/repository/com/google/protobuf/protobuf-java/2.5.0/protobuf-java-2.5.0.jar:/home/user/.m2/repository/com/google/code/gson/gson/2.2.4/gson-2.2.4.jar:/home/user/.m2/repository/org/apache/hadoop/hadoop-auth/3.2.0/hadoop-auth-3.2.0.jar:/home/user/.m2/repository/com/nimbusds/nimbus-jose-jwt/4.41.1/nimbus-jose-jwt-4.41.1.jar:/home/user/.m2/repository/com/github/stephenc/jcip/jcip-annotations/1.0-1/jcip-annotations-1.0-1.jar:/home/user/.m2/repository/net/minidev/json-smart/2.3/json-smart-2.3.jar:/home/user/.m2/repository/net/minidev/accessors-smart/1.2/accessors-smart-1.2.jar:/home/user/.m2/repository/org/apache/curator/curator-framework/2.12.0/curator-framework-2.12.0.jar:/home/user/.m2/repository/com/jcraft/jsch/0.1.54/jsch-0.1.54.jar:/home/user/.m2/repository/org/apache/curator/curator-client/2.12.0/curator-client-2.12.0.jar:/home/user/.m2/repository/org/apache/curator/curator-recipes/2.12.0/curator-recipes-2.12.0.jar:/home/user/.m2/repository/com/google/code/findbugs/jsr305/3.0.0/jsr305-3.0.0.jar:/home/user/.m2/repository/org/apache/htrace/htrace-core4/4.1.0-incubating/htrace-core4-4.1.0-incubating.jar:/home/user/.m2/repository/org/apache/zookeeper/zookeeper/3.4.13/zookeeper-3.4.13.jar:/home/user/.m2/repository/org/apache/yetus/audience-annotations/0.5.0/audience-annotations-0.5.0.jar:/home/user/.m2/repository/org/apache/commons/commons-compress/1.4.1/commons-compress-1.4.1.jar:/home/user/.m2/repository/org/tukaani/xz/1.0/xz-1.0.jar:/home/user/.m2/repository/org/apache/kerby/kerb-simplekdc/1.0.1/kerb-simplekdc-1.0.1.jar:/home/user/.m2/repository/org/apache/kerby/kerb-client/1.0.1/kerb-client-1.0.1.jar:/home/user/.m2/repository/org/apache/kerby/kerby-config/1.0.1/kerby-config-1.0.1.jar:/home/user/.m2/repository/org/apache/kerby/kerb-core/1.0.1/kerb-core-1.0.1.jar:/home/user/.m2/repository/org/apache/kerby/kerby-pkix/1.0.1/kerby-pkix-1.0.1.jar:/home/user/.m2/repository/org/apache/kerby/kerby-asn1/1.0.1/kerby-asn1-1.0.1.jar:/home/user/.m2/repository/org/apache/kerby/kerby-util/1.0.1/kerby-util-1.0.1.jar:/home/user/.m2/repository/org/apache/kerby/kerb-common/1.0.1/kerb-common-1.0.1.jar:/home/user/.m2/repository/org/apache/kerby/kerb-crypto/1.0.1/kerb-crypto-1.0.1.jar:/home/user/.m2/repository/org/apache/kerby/kerb-util/1.0.1/kerb-util-1.0.1.jar:/home/user/.m2/repository/org/apache/kerby/token-provider/1.0.1/token-provider-1.0.1.jar:/home/user/.m2/repository/org/apache/kerby/kerb-admin/1.0.1/kerb-admin-1.0.1.jar:/home/user/.m2/repository/org/apache/kerby/kerb-server/1.0.1/kerb-server-1.0.1.jar:/home/user/.m2/repository/org/apache/kerby/kerb-identity/1.0.1/kerb-identity-1.0.1.jar:/home/user/.m2/repository/org/apache/kerby/kerby-xdr/1.0.1/kerby-xdr-1.0.1.jar:/home/user/.m2/repository/com/fasterxml/jackson/core/jackson-databind/2.9.9/jackson-databind-2.9.9.jar:/home/user/.m2/repository/com/fasterxml/jackson/core/jackson-annotations/2.9.9/jackson-annotations-2.9.9.jar:/home/user/.m2/repository/com/fasterxml/jackson/core/jackson-core/2.9.9/jackson-core-2.9.9.jar:/home/user/.m2/repository/org/codehaus/woodstox/stax2-api/3.1.4/stax2-api-3.1.4.jar:/home/user/.m2/repository/com/fasterxml/woodstox/woodstox-core/5.0.3/woodstox-core-5.0.3.jar:/home/user/.m2/repository/dnsjava/dnsjava/2.1.7/dnsjava-2.1.7.jar:/home/user/.m2/repository/org/apache/hadoop/hadoop-hdfs/3.2.0/hadoop-hdfs-3.2.0.jar:/home/user/.m2/repository/org/eclipse/jetty/jetty-util-ajax/9.3.24.v20180605/jetty-util-ajax-9.3.24.v20180605.jar:/home/user/.m2/repository/commons-daemon/commons-daemon/1.0.13/commons-daemon-1.0.13.jar:/home/user/.m2/repository/io/netty/netty/3.10.5.Final/netty-3.10.5.Final.jar:/home/user/.m2/repository/io/netty/netty-all/4.0.52.Final/netty-all-4.0.52.Final.jar:/home/user/.m2/repository/org/fusesource/leveldbjni/leveldbjni-all/1.8/leveldbjni-all-1.8.jar:/home/user/.m2/repository/org/apache/hadoop/hadoop-hdds-common/0.5.0-SNAPSHOT/hadoop-hdds-common-0.5.0-SNAPSHOT.jar:/home/user/.m2/repository/org/apache/hadoop/hadoop-hdds-config/0.5.0-SNAPSHOT/hadoop-hdds-config-0.5.0-SNAPSHOT.jar:/home/user/.m2/repository/javax/annotation/javax.annotation-api/1.2/javax.annotation-api-1.2.jar:/home/user/.m2/repository/org/apache/ratis/ratis-server/0.4.0-78e95b9-SNAPSHOT/ratis-server-0.4.0-78e95b9-SNAPSHOT.jar:/home/user/.m2/repository/org/apache/ratis/ratis-thirdparty-misc/0.2.0/ratis-thirdparty-misc-0.2.0.jar:/home/user/.m2/repository/org/apache/ratis/ratis-proto/0.4.0-78e95b9-SNAPSHOT/ratis-proto-0.4.0-78e95b9-SNAPSHOT.jar:/home/user/.m2/repository/org/apache/ratis/ratis-common/0.4.0-78e95b9-SNAPSHOT/ratis-common-0.4.0-78e95b9-SNAPSHOT.jar:/home/user/.m2/repository/org/apache/ratis/ratis-client/0.4.0-78e95b9-SNAPSHOT/ratis-client-0.4.0-78e95b9-SNAPSHOT.jar:/home/user/.m2/repository/org/apache/ratis/ratis-metrics/0.4.0-78e95b9-SNAPSHOT/ratis-metrics-0.4.0-78e95b9-SNAPSHOT.jar:/home/user/.m2/repository/com/github/joshelser/dropwizard-metrics-hadoop-metrics2-reporter/0.1.2/dropwizard-metrics-hadoop-metrics2-reporter-0.1.2.jar:/home/user/.m2/repository/io/dropwizard/metrics/metrics-jvm/3.2.5/metrics-jvm-3.2.5.jar:/home/user/.m2/repository/io/dropwizard/metrics/metrics-ganglia/3.2.5/metrics-ganglia-3.2.5.jar:/home/user/.m2/repository/info/ganglia/gmetric4j/gmetric4j/1.0.7/gmetric4j-1.0.7.jar:/home/user/.m2/repository/org/apache/ratis/ratis-netty/0.4.0-78e95b9-SNAPSHOT/ratis-netty-0.4.0-78e95b9-SNAPSHOT.jar:/home/user/.m2/repository/org/apache/ratis/ratis-grpc/0.4.0-78e95b9-SNAPSHOT/ratis-grpc-0.4.0-78e95b9-SNAPSHOT.jar:/home/user/.m2/repository/org/rocksdb/rocksdbjni/6.0.1/rocksdbjni-6.0.1.jar:/home/user/.m2/repository/org/apache/logging/log4j/log4j-api/2.11.0/log4j-api-2.11.0.jar:/home/user/.m2/repository/org/apache/logging/log4j/log4j-core/2.11.0/log4j-core-2.11.0.jar:/home/user/.m2/repository/com/lmax/disruptor/3.4.2/disruptor-3.4.2.jar:/home/user/.m2/repository/org/apache/commons/commons-pool2/2.6.0/commons-pool2-2.6.0.jar:/home/user/.m2/repository/org/bouncycastle/bcpkix-jdk15on/1.60/bcpkix-jdk15on-1.60.jar:/home/user/.m2/repository/commons-validator/commons-validator/1.6/commons-validator-1.6.jar:/home/user/.m2/repository/commons-digester/commons-digester/1.8.1/commons-digester-1.8.1.jar:/home/user/.m2/repository/io/jaegertracing/jaeger-client/0.33.1/jaeger-client-0.33.1.jar:/home/user/.m2/repository/io/jaegertracing/jaeger-thrift/0.33.1/jaeger-thrift-0.33.1.jar:/home/user/.m2/repository/org/apache/thrift/libthrift/0.11.0/libthrift-0.11.0.jar:/home/user/.m2/repository/com/squareup/okhttp3/okhttp/3.9.0/okhttp-3.9.0.jar:/home/user/.m2/repository/com/squareup/okio/okio/1.13.0/okio-1.13.0.jar:/home/user/.m2/repository/io/jaegertracing/jaeger-core/0.33.1/jaeger-core-0.33.1.jar:/home/user/.m2/repository/io/jaegertracing/jaeger-tracerresolver/0.33.1/jaeger-tracerresolver-0.33.1.jar:/home/user/.m2/repository/io/opentracing/contrib/opentracing-tracerresolver/0.1.5/opentracing-tracerresolver-0.1.5.jar:/home/user/.m2/repository/io/opentracing/opentracing-util/0.31.0/opentracing-util-0.31.0.jar:/home/user/.m2/repository/io/opentracing/opentracing-api/0.31.0/opentracing-api-0.31.0.jar:/home/user/.m2/repository/io/opentracing/opentracing-noop/0.31.0/opentracing-noop-0.31.0.jar:/home/user/.m2/repository/org/yaml/snakeyaml/1.16/snakeyaml-1.16.jar:/home/user/.m2/repository/org/apache/hadoop/hadoop-hdfs-client/3.2.0/hadoop-hdfs-client-3.2.0.jar:/home/user/.m2/repository/info/picocli/picocli/3.9.6/picocli-3.9.6.jar:/home/user/.m2/repository/org/apache/hadoop/hadoop-hdds-server-scm/0.5.0-SNAPSHOT/hadoop-hdds-server-scm-0.5.0-SNAPSHOT.jar:/home/user/.m2/repository/org/apache/hadoop/hadoop-hdds-docs/0.5.0-SNAPSHOT/hadoop-hdds-docs-0.5.0-SNAPSHOT.jar:/home/user/.m2/repository/io/dropwizard/metrics/metrics-core/3.2.4/metrics-core-3.2.4.jar:/home/user/.m2/repository/org/hamcrest/hamcrest-all/1.3/hamcrest-all-1.3.jar:/home/user/.m2/repository/org/bouncycastle/bcprov-jdk15on/1.60/bcprov-jdk15on-1.60.jar:/home/user/.m2/repository/org/apache/hadoop/hadoop-hdds-server-framework/0.5.0-SNAPSHOT/hadoop-hdds-server-framework-0.5.0-SNAPSHOT.jar:/home/user/.m2/repository/org/apache/hadoop/hadoop-ozone-ozone-manager/0.5.0-SNAPSHOT/hadoop-ozone-ozone-manager-0.5.0-SNAPSHOT.jar:/home/user/.m2/repository/org/apache/hadoop/hadoop-hdds-container-service/0.5.0-SNAPSHOT/hadoop-hdds-container-service-0.5.0-SNAPSHOT.jar:/home/user/.m2/repository/org/apache/hadoop/hadoop-hdds-client/0.5.0-SNAPSHOT/hadoop-hdds-client-0.5.0-SNAPSHOT.jar:/home/user/.m2/repository/org/apache/hadoop/hadoop-ozone-common/0.5.0-SNAPSHOT/hadoop-ozone-common-0.5.0-SNAPSHOT.jar:/home/user/.m2/repository/org/apache/hadoop/hadoop-hdds-tools/0.5.0-SNAPSHOT/hadoop-hdds-tools-0.5.0-SNAPSHOT.jar:/home/user/.m2/repository/org/xerial/sqlite-jdbc/3.25.2/sqlite-jdbc-3.25.2.jar:/home/user/.m2/repository/com/google/code/findbugs/findbugs/3.0.1/findbugs-3.0.1.jar:/home/user/.m2/repository/net/jcip/jcip-annotations/1.0/jcip-annotations-1.0.jar:/home/user/.m2/repository/com/google/code/findbugs/bcel-findbugs/6.0/bcel-findbugs-6.0.jar:/home/user/.m2/repository/com/google/code/findbugs/jFormatString/2.0.1/jFormatString-2.0.1.jar:/home/user/.m2/repository/dom4j/dom4j/1.6.1/dom4j-1.6.1.jar:/home/user/.m2/repository/xml-apis/xml-apis/1.0.b2/xml-apis-1.0.b2.jar:/home/user/.m2/repository/org/ow2/asm/asm-debug-all/5.0.2/asm-debug-all-5.0.2.jar:/home/user/.m2/repository/org/ow2/asm/asm-commons/5.0.2/asm-commons-5.0.2.jar:/home/user/.m2/repository/org/ow2/asm/asm-tree/5.0.2/asm-tree-5.0.2.jar:/home/user/.m2/repository/org/ow2/asm/asm/5.0.4/asm-5.0.4.jar:/home/user/.m2/repository/commons-lang/commons-lang/2.6/commons-lang-2.6.jar:/home/user/.m2/repository/com/apple/AppleJavaExtensions/1.4/AppleJavaExtensions-1.4.jar:/home/user/.m2/repository/jaxen/jaxen/1.1.6/jaxen-1.1.6.jar:/home/user/.m2/repository/org/apache/hadoop/hadoop-common/3.2.0/hadoop-common-3.2.0-tests.jar:/home/user/.m2/repository/org/apache/hadoop/hadoop-ozone-client/0.5.0-SNAPSHOT/hadoop-ozone-client-0.5.0-SNAPSHOT.jar:/home/user/.m2/repository/org/apache/hadoop/hadoop-hdfs/3.2.0/hadoop-hdfs-3.2.0-tests.jar:/workdir/hadoop-ozone/integration-test/target/test-classes:/home/user/.m2/repository/org/apache/hadoop/hadoop-ozone-s3gateway/0.5.0-SNAPSHOT/hadoop-ozone-s3gateway-0.5.0-SNAPSHOT.jar:/home/user/.m2/repository/org/jboss/weld/servlet/weld-servlet/2.4.7.Final/weld-servlet-2.4.7.Final.jar:/home/user/.m2/repository/org/glassfish/jersey/containers/jersey-container-servlet-core/2.27/jersey-container-servlet-core-2.27.jar:/home/user/.m2/repository/org/glassfish/hk2/external/javax.inject/2.5.0-b42/javax.inject-2.5.0-b42.jar:/home/user/.m2/repository/org/glassfish/jersey/core/jersey-common/2.27/jersey-common-2.27.jar:/home/user/.m2/repository/org/glassfish/hk2/osgi-resource-locator/1.0.1/osgi-resource-locator-1.0.1.jar:/home/user/.m2/repository/javax/ws/rs/javax.ws.rs-api/2.1/javax.ws.rs-api-2.1.jar:/home/user/.m2/repository/org/glassfish/jersey/ext/cdi/jersey-cdi1x/2.27/jersey-cdi1x-2.27.jar:/home/user/.m2/repository/org/glassfish/jersey/inject/jersey-hk2/2.27/jersey-hk2-2.27.jar:/home/user/.m2/repository/org/glassfish/hk2/hk2-locator/2.5.0-b42/hk2-locator-2.5.0-b42.jar:/home/user/.m2/repository/org/javassist/javassist/3.22.0-CR2/javassist-3.22.0-CR2.jar:/home/user/.m2/repository/org/glassfish/hk2/hk2-api/2.5.0/hk2-api-2.5.0.jar:/home/user/.m2/repository/org/glassfish/hk2/external/jakarta.inject/2.5.0/jakarta.inject-2.5.0.jar:/home/user/.m2/repository/org/glassfish/hk2/hk2-utils/2.5.0/hk2-utils-2.5.0.jar:/home/user/.m2/repository/jakarta/annotation/jakarta.annotation-api/1.3.4/jakarta.annotation-api-1.3.4.jar:/home/user/.m2/repository/org/glassfish/hk2/external/aopalliance-repackaged/2.5.0/aopalliance-repackaged-2.5.0.jar:/home/user/.m2/repository/com/fasterxml/jackson/dataformat/jackson-dataformat-xml/2.9.0/jackson-dataformat-xml-2.9.0.jar:/home/user/.m2/repository/com/fasterxml/jackson/module/jackson-module-jaxb-annotations/2.9.9/jackson-module-jaxb-annotations-2.9.9.jar:/home/user/.m2/repository/javax/enterprise/cdi-api/1.2/cdi-api-1.2.jar:/home/user/.m2/repository/javax/el/javax.el-api/3.0.0/javax.el-api-3.0.0.jar:/home/user/.m2/repository/javax/interceptor/javax.interceptor-api/1.2/javax.interceptor-api-1.2.jar:/home/user/.m2/repository/javax/inject/javax.inject/1/javax.inject-1.jar:/home/user/.m2/repository/com/sun/xml/bind/jaxb-core/2.3.0.1/jaxb-core-2.3.0.1.jar:/home/user/.m2/repository/javax/xml/bind/jaxb-api/2.3.0/jaxb-api-2.3.0.jar:/home/user/.m2/repository/javax/activation/activation/1.1.1/activation-1.1.1.jar:/home/user/.m2/repository/org/apache/hadoop/hadoop-ozone-csi/0.5.0-SNAPSHOT/hadoop-ozone-csi-0.5.0-SNAPSHOT.jar:/home/user/.m2/repository/com/google/protobuf/protobuf-java-util/3.5.1/protobuf-java-util-3.5.1.jar:/home/user/.m2/repository/io/grpc/grpc-netty/1.17.1/grpc-netty-1.17.1.jar:/home/user/.m2/repository/io/grpc/grpc-core/1.17.1/grpc-core-1.17.1.jar:/home/user/.m2/repository/io/grpc/grpc-context/1.17.1/grpc-context-1.17.1.jar:/home/user/.m2/repository/com/google/errorprone/error_prone_annotations/2.2.0/error_prone_annotations-2.2.0.jar:/home/user/.m2/repository/org/codehaus/mojo/animal-sniffer-annotations/1.17/animal-sniffer-annotations-1.17.jar:/home/user/.m2/repository/io/opencensus/opencensus-api/0.17.0/opencensus-api-0.17.0.jar:/home/user/.m2/repository/io/opencensus/opencensus-contrib-grpc-metrics/0.17.0/opencensus-contrib-grpc-metrics-0.17.0.jar:/home/user/.m2/repository/io/netty/netty-codec-http2/4.1.30.Final/netty-codec-http2-4.1.30.Final.jar:/home/user/.m2/repository/io/netty/netty-codec-http/4.1.30.Final/netty-codec-http-4.1.30.Final.jar:/home/user/.m2/repository/io/netty/netty-codec/4.1.30.Final/netty-codec-4.1.30.Final.jar:/home/user/.m2/repository/io/netty/netty-handler/4.1.30.Final/netty-handler-4.1.30.Final.jar:/home/user/.m2/repository/io/netty/netty-handler-proxy/4.1.30.Final/netty-handler-proxy-4.1.30.Final.jar:/home/user/.m2/repository/io/netty/netty-codec-socks/4.1.30.Final/netty-codec-socks-4.1.30.Final.jar:/home/user/.m2/repository/io/netty/netty-transport-native-epoll/4.1.30.Final/netty-transport-native-epoll-4.1.30.Final.jar:/home/user/.m2/repository/io/netty/netty-common/4.1.30.Final/netty-common-4.1.30.Final.jar:/home/user/.m2/repository/io/netty/netty-buffer/4.1.30.Final/netty-buffer-4.1.30.Final.jar:/home/user/.m2/repository/io/netty/netty-transport/4.1.30.Final/netty-transport-4.1.30.Final.jar:/home/user/.m2/repository/io/netty/netty-resolver/4.1.30.Final/netty-resolver-4.1.30.Final.jar:/home/user/.m2/repository/io/netty/netty-transport-native-unix-common/4.1.30.Final/netty-transport-native-unix-common-4.1.30.Final.jar:/home/user/.m2/repository/io/grpc/grpc-protobuf/1.17.1/grpc-protobuf-1.17.1.jar:/home/user/.m2/repository/com/google/api/grpc/proto-google-common-protos/1.0.0/proto-google-common-protos-1.0.0.jar:/home/user/.m2/repository/io/grpc/grpc-protobuf-lite/1.17.1/grpc-protobuf-lite-1.17.1.jar:/home/user/.m2/repository/io/grpc/grpc-stub/1.17.1/grpc-stub-1.17.1.jar:/home/user/.m2/repository/org/apache/hadoop/hadoop-ozone-recon/0.5.0-SNAPSHOT/hadoop-ozone-recon-0.5.0-SNAPSHOT.jar:/home/user/.m2/repository/org/apache/hadoop/hadoop-ozone-reconcodegen/0.5.0-SNAPSHOT/hadoop-ozone-reconcodegen-0.5.0-SNAPSHOT.jar:/home/user/.m2/repository/com/google/inject/extensions/guice-multibindings/4.0/guice-multibindings-4.0.jar:/home/user/.m2/repository/com/google/inject/guice/4.0/guice-4.0.jar:/home/user/.m2/repository/aopalliance/aopalliance/1.0/aopalliance-1.0.jar:/home/user/.m2/repository/org/glassfish/jersey/containers/jersey-container-servlet/2.27/jersey-container-servlet-2.27.jar:/home/user/.m2/repository/org/glassfish/hk2/guice-bridge/2.5.0/guice-bridge-2.5.0.jar:/home/user/.m2/repository/org/glassfish/jersey/core/jersey-server/2.27/jersey-server-2.27.jar:/home/user/.m2/repository/org/glassfish/jersey/core/jersey-client/2.27/jersey-client-2.27.jar:/home/user/.m2/repository/org/glassfish/jersey/media/jersey-media-jaxb/2.27/jersey-media-jaxb-2.27.jar:/home/user/.m2/repository/javax/validation/validation-api/1.1.0.Final/validation-api-1.1.0.Final.jar:/home/user/.m2/repository/org/glassfish/jersey/media/jersey-media-json-jackson/2.27/jersey-media-json-jackson-2.27.jar:/home/user/.m2/repository/org/glassfish/jersey/ext/jersey-entity-filtering/2.27/jersey-entity-filtering-2.27.jar:/home/user/.m2/repository/com/google/inject/extensions/guice-assistedinject/4.0/guice-assistedinject-4.0.jar:/home/user/.m2/repository/org/jooq/jooq/3.11.10/jooq-3.11.10.jar:/home/user/.m2/repository/org/jooq/jooq-meta/3.11.10/jooq-meta-3.11.10.jar:/home/user/.m2/repository/org/jooq/jooq-codegen/3.11.10/jooq-codegen-3.11.10.jar:/home/user/.m2/repository/com/jolbox/bonecp/0.8.0.RELEASE/bonecp-0.8.0.RELEASE.jar:/home/user/.m2/repository/org/springframework/spring-jdbc/5.1.3.RELEASE/spring-jdbc-5.1.3.RELEASE.jar:/home/user/.m2/repository/org/springframework/spring-beans/5.1.3.RELEASE/spring-beans-5.1.3.RELEASE.jar:/home/user/.m2/repository/org/springframework/spring-core/5.1.3.RELEASE/spring-core-5.1.3.RELEASE.jar:/home/user/.m2/repository/org/springframework/spring-jcl/5.1.3.RELEASE/spring-jcl-5.1.3.RELEASE.jar:/home/user/.m2/repository/org/springframework/spring-tx/5.1.3.RELEASE/spring-tx-5.1.3.RELEASE.jar:/home/user/.m2/repository/org/mockito/mockito-all/1.10.19/mockito-all-1.10.19.jar:/home/user/.m2/repository/junit/junit/4.11/junit-4.11.jar:/home/user/.m2/repository/org/hamcrest/hamcrest-core/1.3/hamcrest-core-1.3.jar:/home/user/.m2/repository/org/apache/hadoop/hadoop-distcp/3.2.0/hadoop-distcp-3.2.0.jar:/home/user/.m2/repository/org/apache/hadoop/hadoop-distcp/3.2.0/hadoop-distcp-3.2.0-tests.jar:/home/user/.m2/repository/org/apache/hadoop/hadoop-mapreduce-client-jobclient/3.2.0/hadoop-mapreduce-client-jobclient-3.2.0.jar:/home/user/.m2/repository/org/apache/hadoop/hadoop-mapreduce-client-common/3.2.0/hadoop-mapreduce-client-common-3.2.0.jar:/home/user/.m2/repository/org/apache/hadoop/hadoop-yarn-common/3.2.0/hadoop-yarn-common-3.2.0.jar:/home/user/.m2/repository/org/apache/hadoop/hadoop-yarn-api/3.2.0/hadoop-yarn-api-3.2.0.jar:/home/user/.m2/repository/com/sun/jersey/jersey-client/1.19/jersey-client-1.19.jar:/home/user/.m2/repository/com/sun/jersey/contribs/jersey-guice/1.19/jersey-guice-1.19.jar:/home/user/.m2/repository/com/fasterxml/jackson/jaxrs/jackson-jaxrs-json-provider/2.9.9/jackson-jaxrs-json-provider-2.9.9.jar:/home/user/.m2/repository/com/fasterxml/jackson/jaxrs/jackson-jaxrs-base/2.9.9/jackson-jaxrs-base-2.9.9.jar:/home/user/.m2/repository/org/apache/hadoop/hadoop-yarn-client/3.2.0/hadoop-yarn-client-3.2.0.jar:/home/user/.m2/repository/org/apache/hadoop/hadoop-mapreduce-client-core/3.2.0/hadoop-mapreduce-client-core-3.2.0.jar:/home/user/.m2/repository/com/google/inject/extensions/guice-servlet/4.0/guice-servlet-4.0.jar:/home/user/.m2/repository/org/powermock/powermock-module-junit4/1.6.5/powermock-module-junit4-1.6.5.jar:/home/user/.m2/repository/org/powermock/powermock-module-junit4-common/1.6.5/powermock-module-junit4-common-1.6.5.jar:/home/user/.m2/repository/org/powermock/powermock-core/1.6.5/powermock-core-1.6.5.jar:/home/user/.m2/repository/org/powermock/powermock-reflect/1.6.5/powermock-reflect-1.6.5.jar:/home/user/.m2/repository/org/powermock/powermock-api-mockito/1.6.5/powermock-api-mockito-1.6.5.jar:/home/user/.m2/repository/org/mockito/mockito-core/1.10.19/mockito-core-1.10.19.jar:/home/user/.m2/repository/org/objenesis/objenesis/1.0/objenesis-1.0.jar:/home/user/.m2/repository/org/powermock/powermock-api-mockito-common/1.6.5/powermock-api-mockito-common-1.6.5.jar:/home/user/.m2/repository/org/powermock/powermock-api-support/1.6.5/powermock-api-support-1.6.5.jar:"/>
    <property name="java.vm.vendor" value="IcedTea"/>
    <property name="sun.arch.data.model" value="64"/>
    <property name="test.build.dir" value="/workdir/hadoop-ozone/ozonefs/target/test-dir"/>
    <property name="test.cache.data" value=""/>
    <property name="java.vendor.url" value="https://icedtea.classpath.org"/>
    <property name="user.timezone" value=""/>
    <property name="java.vm.specification.version" value="1.8"/>
    <property name="os.name" value="Linux"/>
    <property name="test.build.data" value="/workdir/hadoop-ozone/ozonefs/target/test-dir"/>
    <property name="user.country" value="US"/>
    <property name="sun.java.launcher" value="SUN_STANDARD"/>
    <property name="sun.boot.library.path" value="/usr/lib/jvm/java-1.8-openjdk/jre/lib/amd64"/>
    <property name="sun.java.command" value="/workdir/hadoop-ozone/ozonefs/target/surefire/surefirebooter3821469967534412822.jar /workdir/hadoop-ozone/ozonefs/target/surefire 2019-09-19T08-26-38_807-jvmRun1 surefire683977146568807272tmp surefire_943209738449578549093tmp"/>
    <property name="test" value="!TestMiniChaosOzoneCluster"/>
    <property name="surefire.test.class.path" value="/workdir/hadoop-ozone/ozonefs/target/test-classes:/workdir/hadoop-ozone/ozonefs/target/classes:/home/user/.m2/repository/org/apache/hadoop/hadoop-common/3.2.0/hadoop-common-3.2.0.jar:/home/user/.m2/repository/org/apache/hadoop/hadoop-annotations/3.2.0/hadoop-annotations-3.2.0.jar:/usr/lib/jvm/java-1.8-openjdk/jre/../lib/tools.jar:/home/user/.m2/repository/com/google/guava/guava/11.0.2/guava-11.0.2.jar:/home/user/.m2/repository/commons-cli/commons-cli/1.2/commons-cli-1.2.jar:/home/user/.m2/repository/org/apache/commons/commons-math3/3.1.1/commons-math3-3.1.1.jar:/home/user/.m2/repository/org/apache/httpcomponents/httpclient/4.5.2/httpclient-4.5.2.jar:/home/user/.m2/repository/org/apache/httpcomponents/httpcore/4.4.4/httpcore-4.4.4.jar:/home/user/.m2/repository/commons-codec/commons-codec/1.11/commons-codec-1.11.jar:/home/user/.m2/repository/commons-io/commons-io/2.5/commons-io-2.5.jar:/home/user/.m2/repository/commons-net/commons-net/3.6/commons-net-3.6.jar:/home/user/.m2/repository/commons-collections/commons-collections/3.2.2/commons-collections-3.2.2.jar:/home/user/.m2/repository/javax/servlet/javax.servlet-api/3.1.0/javax.servlet-api-3.1.0.jar:/home/user/.m2/repository/org/eclipse/jetty/jetty-server/9.3.24.v20180605/jetty-server-9.3.24.v20180605.jar:/home/user/.m2/repository/org/eclipse/jetty/jetty-http/9.3.24.v20180605/jetty-http-9.3.24.v20180605.jar:/home/user/.m2/repository/org/eclipse/jetty/jetty-io/9.3.24.v20180605/jetty-io-9.3.24.v20180605.jar:/home/user/.m2/repository/org/eclipse/jetty/jetty-util/9.3.24.v20180605/jetty-util-9.3.24.v20180605.jar:/home/user/.m2/repository/org/eclipse/jetty/jetty-servlet/9.3.24.v20180605/jetty-servlet-9.3.24.v20180605.jar:/home/user/.m2/repository/org/eclipse/jetty/jetty-security/9.3.24.v20180605/jetty-security-9.3.24.v20180605.jar:/home/user/.m2/repository/org/eclipse/jetty/jetty-webapp/9.3.24.v20180605/jetty-webapp-9.3.24.v20180605.jar:/home/user/.m2/repository/org/eclipse/jetty/jetty-xml/9.3.24.v20180605/jetty-xml-9.3.24.v20180605.jar:/home/user/.m2/repository/javax/servlet/jsp/jsp-api/2.1/jsp-api-2.1.jar:/home/user/.m2/repository/com/sun/jersey/jersey-core/1.19/jersey-core-1.19.jar:/home/user/.m2/repository/javax/ws/rs/jsr311-api/1.1.1/jsr311-api-1.1.1.jar:/home/user/.m2/repository/com/sun/jersey/jersey-servlet/1.19/jersey-servlet-1.19.jar:/home/user/.m2/repository/com/sun/jersey/jersey-json/1.19/jersey-json-1.19.jar:/home/user/.m2/repository/org/codehaus/jettison/jettison/1.1/jettison-1.1.jar:/home/user/.m2/repository/com/sun/xml/bind/jaxb-impl/2.3.0.1/jaxb-impl-2.3.0.1.jar:/home/user/.m2/repository/org/codehaus/jackson/jackson-core-asl/1.9.13/jackson-core-asl-1.9.13.jar:/home/user/.m2/repository/org/codehaus/jackson/jackson-mapper-asl/1.9.13/jackson-mapper-asl-1.9.13.jar:/home/user/.m2/repository/org/codehaus/jackson/jackson-jaxrs/1.9.13/jackson-jaxrs-1.9.13.jar:/home/user/.m2/repository/org/codehaus/jackson/jackson-xc/1.9.13/jackson-xc-1.9.13.jar:/home/user/.m2/repository/com/sun/jersey/jersey-server/1.19/jersey-server-1.19.jar:/home/user/.m2/repository/commons-logging/commons-logging/1.1.3/commons-logging-1.1.3.jar:/home/user/.m2/repository/log4j/log4j/1.2.17/log4j-1.2.17.jar:/home/user/.m2/repository/commons-beanutils/commons-beanutils/1.9.4/commons-beanutils-1.9.4.jar:/home/user/.m2/repository/org/apache/commons/commons-configuration2/2.1.1/commons-configuration2-2.1.1.jar:/home/user/.m2/repository/org/apache/commons/commons-lang3/3.7/commons-lang3-3.7.jar:/home/user/.m2/repository/org/apache/commons/commons-text/1.4/commons-text-1.4.jar:/home/user/.m2/repository/org/slf4j/slf4j-api/1.7.25/slf4j-api-1.7.25.jar:/home/user/.m2/repository/org/slf4j/slf4j-log4j12/1.7.25/slf4j-log4j12-1.7.25.jar:/home/user/.m2/repository/org/apache/avro/avro/1.7.7/avro-1.7.7.jar:/home/user/.m2/repository/com/thoughtworks/paranamer/paranamer/2.3/paranamer-2.3.jar:/home/user/.m2/repository/org/xerial/snappy/snappy-java/1.0.5/snappy-java-1.0.5.jar:/home/user/.m2/repository/com/google/re2j/re2j/1.1/re2j-1.1.jar:/home/user/.m2/repository/com/google/protobuf/protobuf-java/2.5.0/protobuf-java-2.5.0.jar:/home/user/.m2/repository/com/google/code/gson/gson/2.2.4/gson-2.2.4.jar:/home/user/.m2/repository/org/apache/hadoop/hadoop-auth/3.2.0/hadoop-auth-3.2.0.jar:/home/user/.m2/repository/com/nimbusds/nimbus-jose-jwt/4.41.1/nimbus-jose-jwt-4.41.1.jar:/home/user/.m2/repository/com/github/stephenc/jcip/jcip-annotations/1.0-1/jcip-annotations-1.0-1.jar:/home/user/.m2/repository/net/minidev/json-smart/2.3/json-smart-2.3.jar:/home/user/.m2/repository/net/minidev/accessors-smart/1.2/accessors-smart-1.2.jar:/home/user/.m2/repository/org/apache/curator/curator-framework/2.12.0/curator-framework-2.12.0.jar:/home/user/.m2/repository/com/jcraft/jsch/0.1.54/jsch-0.1.54.jar:/home/user/.m2/repository/org/apache/curator/curator-client/2.12.0/curator-client-2.12.0.jar:/home/user/.m2/repository/org/apache/curator/curator-recipes/2.12.0/curator-recipes-2.12.0.jar:/home/user/.m2/repository/com/google/code/findbugs/jsr305/3.0.0/jsr305-3.0.0.jar:/home/user/.m2/repository/org/apache/htrace/htrace-core4/4.1.0-incubating/htrace-core4-4.1.0-incubating.jar:/home/user/.m2/repository/org/apache/zookeeper/zookeeper/3.4.13/zookeeper-3.4.13.jar:/home/user/.m2/repository/org/apache/yetus/audience-annotations/0.5.0/audience-annotations-0.5.0.jar:/home/user/.m2/repository/org/apache/commons/commons-compress/1.4.1/commons-compress-1.4.1.jar:/home/user/.m2/repository/org/tukaani/xz/1.0/xz-1.0.jar:/home/user/.m2/repository/org/apache/kerby/kerb-simplekdc/1.0.1/kerb-simplekdc-1.0.1.jar:/home/user/.m2/repository/org/apache/kerby/kerb-client/1.0.1/kerb-client-1.0.1.jar:/home/user/.m2/repository/org/apache/kerby/kerby-config/1.0.1/kerby-config-1.0.1.jar:/home/user/.m2/repository/org/apache/kerby/kerb-core/1.0.1/kerb-core-1.0.1.jar:/home/user/.m2/repository/org/apache/kerby/kerby-pkix/1.0.1/kerby-pkix-1.0.1.jar:/home/user/.m2/repository/org/apache/kerby/kerby-asn1/1.0.1/kerby-asn1-1.0.1.jar:/home/user/.m2/repository/org/apache/kerby/kerby-util/1.0.1/kerby-util-1.0.1.jar:/home/user/.m2/repository/org/apache/kerby/kerb-common/1.0.1/kerb-common-1.0.1.jar:/home/user/.m2/repository/org/apache/kerby/kerb-crypto/1.0.1/kerb-crypto-1.0.1.jar:/home/user/.m2/repository/org/apache/kerby/kerb-util/1.0.1/kerb-util-1.0.1.jar:/home/user/.m2/repository/org/apache/kerby/token-provider/1.0.1/token-provider-1.0.1.jar:/home/user/.m2/repository/org/apache/kerby/kerb-admin/1.0.1/kerb-admin-1.0.1.jar:/home/user/.m2/repository/org/apache/kerby/kerb-server/1.0.1/kerb-server-1.0.1.jar:/home/user/.m2/repository/org/apache/kerby/kerb-identity/1.0.1/kerb-identity-1.0.1.jar:/home/user/.m2/repository/org/apache/kerby/kerby-xdr/1.0.1/kerby-xdr-1.0.1.jar:/home/user/.m2/repository/com/fasterxml/jackson/core/jackson-databind/2.9.9/jackson-databind-2.9.9.jar:/home/user/.m2/repository/com/fasterxml/jackson/core/jackson-annotations/2.9.9/jackson-annotations-2.9.9.jar:/home/user/.m2/repository/com/fasterxml/jackson/core/jackson-core/2.9.9/jackson-core-2.9.9.jar:/home/user/.m2/repository/org/codehaus/woodstox/stax2-api/3.1.4/stax2-api-3.1.4.jar:/home/user/.m2/repository/com/fasterxml/woodstox/woodstox-core/5.0.3/woodstox-core-5.0.3.jar:/home/user/.m2/repository/dnsjava/dnsjava/2.1.7/dnsjava-2.1.7.jar:/home/user/.m2/repository/org/apache/hadoop/hadoop-hdfs/3.2.0/hadoop-hdfs-3.2.0.jar:/home/user/.m2/repository/org/eclipse/jetty/jetty-util-ajax/9.3.24.v20180605/jetty-util-ajax-9.3.24.v20180605.jar:/home/user/.m2/repository/commons-daemon/commons-daemon/1.0.13/commons-daemon-1.0.13.jar:/home/user/.m2/repository/io/netty/netty/3.10.5.Final/netty-3.10.5.Final.jar:/home/user/.m2/repository/io/netty/netty-all/4.0.52.Final/netty-all-4.0.52.Final.jar:/home/user/.m2/repository/org/fusesource/leveldbjni/leveldbjni-all/1.8/leveldbjni-all-1.8.jar:/home/user/.m2/repository/org/apache/hadoop/hadoop-hdds-common/0.5.0-SNAPSHOT/hadoop-hdds-common-0.5.0-SNAPSHOT.jar:/home/user/.m2/repository/org/apache/hadoop/hadoop-hdds-config/0.5.0-SNAPSHOT/hadoop-hdds-config-0.5.0-SNAPSHOT.jar:/home/user/.m2/repository/javax/annotation/javax.annotation-api/1.2/javax.annotation-api-1.2.jar:/home/user/.m2/repository/org/apache/ratis/ratis-server/0.4.0-78e95b9-SNAPSHOT/ratis-server-0.4.0-78e95b9-SNAPSHOT.jar:/home/user/.m2/repository/org/apache/ratis/ratis-thirdparty-misc/0.2.0/ratis-thirdparty-misc-0.2.0.jar:/home/user/.m2/repository/org/apache/ratis/ratis-proto/0.4.0-78e95b9-SNAPSHOT/ratis-proto-0.4.0-78e95b9-SNAPSHOT.jar:/home/user/.m2/repository/org/apache/ratis/ratis-common/0.4.0-78e95b9-SNAPSHOT/ratis-common-0.4.0-78e95b9-SNAPSHOT.jar:/home/user/.m2/repository/org/apache/ratis/ratis-client/0.4.0-78e95b9-SNAPSHOT/ratis-client-0.4.0-78e95b9-SNAPSHOT.jar:/home/user/.m2/repository/org/apache/ratis/ratis-metrics/0.4.0-78e95b9-SNAPSHOT/ratis-metrics-0.4.0-78e95b9-SNAPSHOT.jar:/home/user/.m2/repository/com/github/joshelser/dropwizard-metrics-hadoop-metrics2-reporter/0.1.2/dropwizard-metrics-hadoop-metrics2-reporter-0.1.2.jar:/home/user/.m2/repository/io/dropwizard/metrics/metrics-jvm/3.2.5/metrics-jvm-3.2.5.jar:/home/user/.m2/repository/io/dropwizard/metrics/metrics-ganglia/3.2.5/metrics-ganglia-3.2.5.jar:/home/user/.m2/repository/info/ganglia/gmetric4j/gmetric4j/1.0.7/gmetric4j-1.0.7.jar:/home/user/.m2/repository/org/apache/ratis/ratis-netty/0.4.0-78e95b9-SNAPSHOT/ratis-netty-0.4.0-78e95b9-SNAPSHOT.jar:/home/user/.m2/repository/org/apache/ratis/ratis-grpc/0.4.0-78e95b9-SNAPSHOT/ratis-grpc-0.4.0-78e95b9-SNAPSHOT.jar:/home/user/.m2/repository/org/rocksdb/rocksdbjni/6.0.1/rocksdbjni-6.0.1.jar:/home/user/.m2/repository/org/apache/logging/log4j/log4j-api/2.11.0/log4j-api-2.11.0.jar:/home/user/.m2/repository/org/apache/logging/log4j/log4j-core/2.11.0/log4j-core-2.11.0.jar:/home/user/.m2/repository/com/lmax/disruptor/3.4.2/disruptor-3.4.2.jar:/home/user/.m2/repository/org/apache/commons/commons-pool2/2.6.0/commons-pool2-2.6.0.jar:/home/user/.m2/repository/org/bouncycastle/bcpkix-jdk15on/1.60/bcpkix-jdk15on-1.60.jar:/home/user/.m2/repository/commons-validator/commons-validator/1.6/commons-validator-1.6.jar:/home/user/.m2/repository/commons-digester/commons-digester/1.8.1/commons-digester-1.8.1.jar:/home/user/.m2/repository/io/jaegertracing/jaeger-client/0.33.1/jaeger-client-0.33.1.jar:/home/user/.m2/repository/io/jaegertracing/jaeger-thrift/0.33.1/jaeger-thrift-0.33.1.jar:/home/user/.m2/repository/org/apache/thrift/libthrift/0.11.0/libthrift-0.11.0.jar:/home/user/.m2/repository/com/squareup/okhttp3/okhttp/3.9.0/okhttp-3.9.0.jar:/home/user/.m2/repository/com/squareup/okio/okio/1.13.0/okio-1.13.0.jar:/home/user/.m2/repository/io/jaegertracing/jaeger-core/0.33.1/jaeger-core-0.33.1.jar:/home/user/.m2/repository/io/jaegertracing/jaeger-tracerresolver/0.33.1/jaeger-tracerresolver-0.33.1.jar:/home/user/.m2/repository/io/opentracing/contrib/opentracing-tracerresolver/0.1.5/opentracing-tracerresolver-0.1.5.jar:/home/user/.m2/repository/io/opentracing/opentracing-util/0.31.0/opentracing-util-0.31.0.jar:/home/user/.m2/repository/io/opentracing/opentracing-api/0.31.0/opentracing-api-0.31.0.jar:/home/user/.m2/repository/io/opentracing/opentracing-noop/0.31.0/opentracing-noop-0.31.0.jar:/home/user/.m2/repository/org/yaml/snakeyaml/1.16/snakeyaml-1.16.jar:/home/user/.m2/repository/org/apache/hadoop/hadoop-hdfs-client/3.2.0/hadoop-hdfs-client-3.2.0.jar:/home/user/.m2/repository/info/picocli/picocli/3.9.6/picocli-3.9.6.jar:/home/user/.m2/repository/org/apache/hadoop/hadoop-hdds-server-scm/0.5.0-SNAPSHOT/hadoop-hdds-server-scm-0.5.0-SNAPSHOT.jar:/home/user/.m2/repository/org/apache/hadoop/hadoop-hdds-docs/0.5.0-SNAPSHOT/hadoop-hdds-docs-0.5.0-SNAPSHOT.jar:/home/user/.m2/repository/io/dropwizard/metrics/metrics-core/3.2.4/metrics-core-3.2.4.jar:/home/user/.m2/repository/org/hamcrest/hamcrest-all/1.3/hamcrest-all-1.3.jar:/home/user/.m2/repository/org/bouncycastle/bcprov-jdk15on/1.60/bcprov-jdk15on-1.60.jar:/home/user/.m2/repository/org/apache/hadoop/hadoop-hdds-server-framework/0.5.0-SNAPSHOT/hadoop-hdds-server-framework-0.5.0-SNAPSHOT.jar:/home/user/.m2/repository/org/apache/hadoop/hadoop-ozone-ozone-manager/0.5.0-SNAPSHOT/hadoop-ozone-ozone-manager-0.5.0-SNAPSHOT.jar:/home/user/.m2/repository/org/apache/hadoop/hadoop-hdds-container-service/0.5.0-SNAPSHOT/hadoop-hdds-container-service-0.5.0-SNAPSHOT.jar:/home/user/.m2/repository/org/apache/hadoop/hadoop-hdds-client/0.5.0-SNAPSHOT/hadoop-hdds-client-0.5.0-SNAPSHOT.jar:/home/user/.m2/repository/org/apache/hadoop/hadoop-ozone-common/0.5.0-SNAPSHOT/hadoop-ozone-common-0.5.0-SNAPSHOT.jar:/home/user/.m2/repository/org/apache/hadoop/hadoop-hdds-tools/0.5.0-SNAPSHOT/hadoop-hdds-tools-0.5.0-SNAPSHOT.jar:/home/user/.m2/repository/org/xerial/sqlite-jdbc/3.25.2/sqlite-jdbc-3.25.2.jar:/home/user/.m2/repository/com/google/code/findbugs/findbugs/3.0.1/findbugs-3.0.1.jar:/home/user/.m2/repository/net/jcip/jcip-annotations/1.0/jcip-annotations-1.0.jar:/home/user/.m2/repository/com/google/code/findbugs/bcel-findbugs/6.0/bcel-findbugs-6.0.jar:/home/user/.m2/repository/com/google/code/findbugs/jFormatString/2.0.1/jFormatString-2.0.1.jar:/home/user/.m2/repository/dom4j/dom4j/1.6.1/dom4j-1.6.1.jar:/home/user/.m2/repository/xml-apis/xml-apis/1.0.b2/xml-apis-1.0.b2.jar:/home/user/.m2/repository/org/ow2/asm/asm-debug-all/5.0.2/asm-debug-all-5.0.2.jar:/home/user/.m2/repository/org/ow2/asm/asm-commons/5.0.2/asm-commons-5.0.2.jar:/home/user/.m2/repository/org/ow2/asm/asm-tree/5.0.2/asm-tree-5.0.2.jar:/home/user/.m2/repository/org/ow2/asm/asm/5.0.4/asm-5.0.4.jar:/home/user/.m2/repository/commons-lang/commons-lang/2.6/commons-lang-2.6.jar:/home/user/.m2/repository/com/apple/AppleJavaExtensions/1.4/AppleJavaExtensions-1.4.jar:/home/user/.m2/repository/jaxen/jaxen/1.1.6/jaxen-1.1.6.jar:/home/user/.m2/repository/org/apache/hadoop/hadoop-common/3.2.0/hadoop-common-3.2.0-tests.jar:/home/user/.m2/repository/org/apache/hadoop/hadoop-ozone-client/0.5.0-SNAPSHOT/hadoop-ozone-client-0.5.0-SNAPSHOT.jar:/home/user/.m2/repository/org/apache/hadoop/hadoop-hdfs/3.2.0/hadoop-hdfs-3.2.0-tests.jar:/workdir/hadoop-ozone/integration-test/target/test-classes:/home/user/.m2/repository/org/apache/hadoop/hadoop-ozone-s3gateway/0.5.0-SNAPSHOT/hadoop-ozone-s3gateway-0.5.0-SNAPSHOT.jar:/home/user/.m2/repository/org/jboss/weld/servlet/weld-servlet/2.4.7.Final/weld-servlet-2.4.7.Final.jar:/home/user/.m2/repository/org/glassfish/jersey/containers/jersey-container-servlet-core/2.27/jersey-container-servlet-core-2.27.jar:/home/user/.m2/repository/org/glassfish/hk2/external/javax.inject/2.5.0-b42/javax.inject-2.5.0-b42.jar:/home/user/.m2/repository/org/glassfish/jersey/core/jersey-common/2.27/jersey-common-2.27.jar:/home/user/.m2/repository/org/glassfish/hk2/osgi-resource-locator/1.0.1/osgi-resource-locator-1.0.1.jar:/home/user/.m2/repository/javax/ws/rs/javax.ws.rs-api/2.1/javax.ws.rs-api-2.1.jar:/home/user/.m2/repository/org/glassfish/jersey/ext/cdi/jersey-cdi1x/2.27/jersey-cdi1x-2.27.jar:/home/user/.m2/repository/org/glassfish/jersey/inject/jersey-hk2/2.27/jersey-hk2-2.27.jar:/home/user/.m2/repository/org/glassfish/hk2/hk2-locator/2.5.0-b42/hk2-locator-2.5.0-b42.jar:/home/user/.m2/repository/org/javassist/javassist/3.22.0-CR2/javassist-3.22.0-CR2.jar:/home/user/.m2/repository/org/glassfish/hk2/hk2-api/2.5.0/hk2-api-2.5.0.jar:/home/user/.m2/repository/org/glassfish/hk2/external/jakarta.inject/2.5.0/jakarta.inject-2.5.0.jar:/home/user/.m2/repository/org/glassfish/hk2/hk2-utils/2.5.0/hk2-utils-2.5.0.jar:/home/user/.m2/repository/jakarta/annotation/jakarta.annotation-api/1.3.4/jakarta.annotation-api-1.3.4.jar:/home/user/.m2/repository/org/glassfish/hk2/external/aopalliance-repackaged/2.5.0/aopalliance-repackaged-2.5.0.jar:/home/user/.m2/repository/com/fasterxml/jackson/dataformat/jackson-dataformat-xml/2.9.0/jackson-dataformat-xml-2.9.0.jar:/home/user/.m2/repository/com/fasterxml/jackson/module/jackson-module-jaxb-annotations/2.9.9/jackson-module-jaxb-annotations-2.9.9.jar:/home/user/.m2/repository/javax/enterprise/cdi-api/1.2/cdi-api-1.2.jar:/home/user/.m2/repository/javax/el/javax.el-api/3.0.0/javax.el-api-3.0.0.jar:/home/user/.m2/repository/javax/interceptor/javax.interceptor-api/1.2/javax.interceptor-api-1.2.jar:/home/user/.m2/repository/javax/inject/javax.inject/1/javax.inject-1.jar:/home/user/.m2/repository/com/sun/xml/bind/jaxb-core/2.3.0.1/jaxb-core-2.3.0.1.jar:/home/user/.m2/repository/javax/xml/bind/jaxb-api/2.3.0/jaxb-api-2.3.0.jar:/home/user/.m2/repository/javax/activation/activation/1.1.1/activation-1.1.1.jar:/home/user/.m2/repository/org/apache/hadoop/hadoop-ozone-csi/0.5.0-SNAPSHOT/hadoop-ozone-csi-0.5.0-SNAPSHOT.jar:/home/user/.m2/repository/com/google/protobuf/protobuf-java-util/3.5.1/protobuf-java-util-3.5.1.jar:/home/user/.m2/repository/io/grpc/grpc-netty/1.17.1/grpc-netty-1.17.1.jar:/home/user/.m2/repository/io/grpc/grpc-core/1.17.1/grpc-core-1.17.1.jar:/home/user/.m2/repository/io/grpc/grpc-context/1.17.1/grpc-context-1.17.1.jar:/home/user/.m2/repository/com/google/errorprone/error_prone_annotations/2.2.0/error_prone_annotations-2.2.0.jar:/home/user/.m2/repository/org/codehaus/mojo/animal-sniffer-annotations/1.17/animal-sniffer-annotations-1.17.jar:/home/user/.m2/repository/io/opencensus/opencensus-api/0.17.0/opencensus-api-0.17.0.jar:/home/user/.m2/repository/io/opencensus/opencensus-contrib-grpc-metrics/0.17.0/opencensus-contrib-grpc-metrics-0.17.0.jar:/home/user/.m2/repository/io/netty/netty-codec-http2/4.1.30.Final/netty-codec-http2-4.1.30.Final.jar:/home/user/.m2/repository/io/netty/netty-codec-http/4.1.30.Final/netty-codec-http-4.1.30.Final.jar:/home/user/.m2/repository/io/netty/netty-codec/4.1.30.Final/netty-codec-4.1.30.Final.jar:/home/user/.m2/repository/io/netty/netty-handler/4.1.30.Final/netty-handler-4.1.30.Final.jar:/home/user/.m2/repository/io/netty/netty-handler-proxy/4.1.30.Final/netty-handler-proxy-4.1.30.Final.jar:/home/user/.m2/repository/io/netty/netty-codec-socks/4.1.30.Final/netty-codec-socks-4.1.30.Final.jar:/home/user/.m2/repository/io/netty/netty-transport-native-epoll/4.1.30.Final/netty-transport-native-epoll-4.1.30.Final.jar:/home/user/.m2/repository/io/netty/netty-common/4.1.30.Final/netty-common-4.1.30.Final.jar:/home/user/.m2/repository/io/netty/netty-buffer/4.1.30.Final/netty-buffer-4.1.30.Final.jar:/home/user/.m2/repository/io/netty/netty-transport/4.1.30.Final/netty-transport-4.1.30.Final.jar:/home/user/.m2/repository/io/netty/netty-resolver/4.1.30.Final/netty-resolver-4.1.30.Final.jar:/home/user/.m2/repository/io/netty/netty-transport-native-unix-common/4.1.30.Final/netty-transport-native-unix-common-4.1.30.Final.jar:/home/user/.m2/repository/io/grpc/grpc-protobuf/1.17.1/grpc-protobuf-1.17.1.jar:/home/user/.m2/repository/com/google/api/grpc/proto-google-common-protos/1.0.0/proto-google-common-protos-1.0.0.jar:/home/user/.m2/repository/io/grpc/grpc-protobuf-lite/1.17.1/grpc-protobuf-lite-1.17.1.jar:/home/user/.m2/repository/io/grpc/grpc-stub/1.17.1/grpc-stub-1.17.1.jar:/home/user/.m2/repository/org/apache/hadoop/hadoop-ozone-recon/0.5.0-SNAPSHOT/hadoop-ozone-recon-0.5.0-SNAPSHOT.jar:/home/user/.m2/repository/org/apache/hadoop/hadoop-ozone-reconcodegen/0.5.0-SNAPSHOT/hadoop-ozone-reconcodegen-0.5.0-SNAPSHOT.jar:/home/user/.m2/repository/com/google/inject/extensions/guice-multibindings/4.0/guice-multibindings-4.0.jar:/home/user/.m2/repository/com/google/inject/guice/4.0/guice-4.0.jar:/home/user/.m2/repository/aopalliance/aopalliance/1.0/aopalliance-1.0.jar:/home/user/.m2/repository/org/glassfish/jersey/containers/jersey-container-servlet/2.27/jersey-container-servlet-2.27.jar:/home/user/.m2/repository/org/glassfish/hk2/guice-bridge/2.5.0/guice-bridge-2.5.0.jar:/home/user/.m2/repository/org/glassfish/jersey/core/jersey-server/2.27/jersey-server-2.27.jar:/home/user/.m2/repository/org/glassfish/jersey/core/jersey-client/2.27/jersey-client-2.27.jar:/home/user/.m2/repository/org/glassfish/jersey/media/jersey-media-jaxb/2.27/jersey-media-jaxb-2.27.jar:/home/user/.m2/repository/javax/validation/validation-api/1.1.0.Final/validation-api-1.1.0.Final.jar:/home/user/.m2/repository/org/glassfish/jersey/media/jersey-media-json-jackson/2.27/jersey-media-json-jackson-2.27.jar:/home/user/.m2/repository/org/glassfish/jersey/ext/jersey-entity-filtering/2.27/jersey-entity-filtering-2.27.jar:/home/user/.m2/repository/com/google/inject/extensions/guice-assistedinject/4.0/guice-assistedinject-4.0.jar:/home/user/.m2/repository/org/jooq/jooq/3.11.10/jooq-3.11.10.jar:/home/user/.m2/repository/org/jooq/jooq-meta/3.11.10/jooq-meta-3.11.10.jar:/home/user/.m2/repository/org/jooq/jooq-codegen/3.11.10/jooq-codegen-3.11.10.jar:/home/user/.m2/repository/com/jolbox/bonecp/0.8.0.RELEASE/bonecp-0.8.0.RELEASE.jar:/home/user/.m2/repository/org/springframework/spring-jdbc/5.1.3.RELEASE/spring-jdbc-5.1.3.RELEASE.jar:/home/user/.m2/repository/org/springframework/spring-beans/5.1.3.RELEASE/spring-beans-5.1.3.RELEASE.jar:/home/user/.m2/repository/org/springframework/spring-core/5.1.3.RELEASE/spring-core-5.1.3.RELEASE.jar:/home/user/.m2/repository/org/springframework/spring-jcl/5.1.3.RELEASE/spring-jcl-5.1.3.RELEASE.jar:/home/user/.m2/repository/org/springframework/spring-tx/5.1.3.RELEASE/spring-tx-5.1.3.RELEASE.jar:/home/user/.m2/repository/org/mockito/mockito-all/1.10.19/mockito-all-1.10.19.jar:/home/user/.m2/repository/junit/junit/4.11/junit-4.11.jar:/home/user/.m2/repository/org/hamcrest/hamcrest-core/1.3/hamcrest-core-1.3.jar:/home/user/.m2/repository/org/apache/hadoop/hadoop-distcp/3.2.0/hadoop-distcp-3.2.0.jar:/home/user/.m2/repository/org/apache/hadoop/hadoop-distcp/3.2.0/hadoop-distcp-3.2.0-tests.jar:/home/user/.m2/repository/org/apache/hadoop/hadoop-mapreduce-client-jobclient/3.2.0/hadoop-mapreduce-client-jobclient-3.2.0.jar:/home/user/.m2/repository/org/apache/hadoop/hadoop-mapreduce-client-common/3.2.0/hadoop-mapreduce-client-common-3.2.0.jar:/home/user/.m2/repository/org/apache/hadoop/hadoop-yarn-common/3.2.0/hadoop-yarn-common-3.2.0.jar:/home/user/.m2/repository/org/apache/hadoop/hadoop-yarn-api/3.2.0/hadoop-yarn-api-3.2.0.jar:/home/user/.m2/repository/com/sun/jersey/jersey-client/1.19/jersey-client-1.19.jar:/home/user/.m2/repository/com/sun/jersey/contribs/jersey-guice/1.19/jersey-guice-1.19.jar:/home/user/.m2/repository/com/fasterxml/jackson/jaxrs/jackson-jaxrs-json-provider/2.9.9/jackson-jaxrs-json-provider-2.9.9.jar:/home/user/.m2/repository/com/fasterxml/jackson/jaxrs/jackson-jaxrs-base/2.9.9/jackson-jaxrs-base-2.9.9.jar:/home/user/.m2/repository/org/apache/hadoop/hadoop-yarn-client/3.2.0/hadoop-yarn-client-3.2.0.jar:/home/user/.m2/repository/org/apache/hadoop/hadoop-mapreduce-client-core/3.2.0/hadoop-mapreduce-client-core-3.2.0.jar:/home/user/.m2/repository/com/google/inject/extensions/guice-servlet/4.0/guice-servlet-4.0.jar:/home/user/.m2/repository/org/powermock/powermock-module-junit4/1.6.5/powermock-module-junit4-1.6.5.jar:/home/user/.m2/repository/org/powermock/powermock-module-junit4-common/1.6.5/powermock-module-junit4-common-1.6.5.jar:/home/user/.m2/repository/org/powermock/powermock-core/1.6.5/powermock-core-1.6.5.jar:/home/user/.m2/repository/org/powermock/powermock-reflect/1.6.5/powermock-reflect-1.6.5.jar:/home/user/.m2/repository/org/powermock/powermock-api-mockito/1.6.5/powermock-api-mockito-1.6.5.jar:/home/user/.m2/repository/org/mockito/mockito-core/1.10.19/mockito-core-1.10.19.jar:/home/user/.m2/repository/org/objenesis/objenesis/1.0/objenesis-1.0.jar:/home/user/.m2/repository/org/powermock/powermock-api-mockito-common/1.6.5/powermock-api-mockito-common-1.6.5.jar:/home/user/.m2/repository/org/powermock/powermock-api-support/1.6.5/powermock-api-support-1.6.5.jar:"/>
    <property name="sun.cpu.endian" value="little"/>
    <property name="user.home" value="/home/user"/>
    <property name="user.language" value="en"/>
    <property name="java.specification.vendor" value="Oracle Corporation"/>
    <property name="java.home" value="/usr/lib/jvm/java-1.8-openjdk/jre"/>
    <property name="java.security.krb5.conf" value="/workdir/hadoop-ozone/ozonefs/target/test-classes/krb5.conf"/>
    <property name="basedir" value="/workdir/hadoop-ozone/ozonefs"/>
    <property name="file.separator" value="/"/>
    <property name="line.separator" value="&#10;"/>
    <property name="java.vm.specification.vendor" value="Oracle Corporation"/>
    <property name="java.specification.name" value="Java Platform API Specification"/>
    <property name="java.awt.graphicsenv" value="sun.awt.X11GraphicsEnvironment"/>
    <property name="surefire.real.class.path" value="/workdir/hadoop-ozone/ozonefs/target/surefire/surefirebooter3821469967534412822.jar"/>
    <property name="hadoop.log.dir" value="/workdir/hadoop-ozone/ozonefs/target/log"/>
    <property name="sun.boot.class.path" value="/usr/lib/jvm/java-1.8-openjdk/jre/lib/resources.jar:/usr/lib/jvm/java-1.8-openjdk/jre/lib/rt.jar:/usr/lib/jvm/java-1.8-openjdk/jre/lib/sunrsasign.jar:/usr/lib/jvm/java-1.8-openjdk/jre/lib/jsse.jar:/usr/lib/jvm/java-1.8-openjdk/jre/lib/jce.jar:/usr/lib/jvm/java-1.8-openjdk/jre/lib/charsets.jar:/usr/lib/jvm/java-1.8-openjdk/jre/lib/jfr.jar:/usr/lib/jvm/java-1.8-openjdk/jre/classes"/>
    <property name="sun.management.compiler" value="HotSpot 64-Bit Tiered Compilers"/>
    <property name="java.runtime.version" value="1.8.0_212-b04"/>
    <property name="java.net.preferIPv4Stack" value="true"/>
    <property name="user.name" value="jenkins1000"/>
    <property name="path.separator" value=":"/>
    <property name="java.security.egd" value="file:///dev/urandom"/>
    <property name="os.version" value="3.10.0-957.12.2.el7.x86_64"/>
    <property name="java.endorsed.dirs" value="/usr/lib/jvm/java-1.8-openjdk/jre/lib/endorsed"/>
    <property name="java.runtime.name" value="OpenJDK Runtime Environment"/>
    <property name="file.encoding" value="UTF-8"/>
    <property name="java.vm.name" value="OpenJDK 64-Bit Server VM"/>
    <property name="test.build.webapps" value=""/>
    <property name="localRepository" value="/home/user/.m2/repository"/>
    <property name="java.vendor.url.bug" value="https://icedtea.classpath.org/bugzilla"/>
    <property name="java.io.tmpdir" value="/tmp"/>
    <property name="require.test.libhadoop" value=""/>
    <property name="java.version" value="1.8.0_212"/>
    <property name="user.dir" value="/workdir/hadoop-ozone/ozonefs"/>
    <property name="os.arch" value="amd64"/>
    <property name="java.vm.specification.name" value="Java Virtual Machine Specification"/>
    <property name="test.build.classes" value="/workdir/hadoop-ozone/ozonefs/target/test-classes"/>
    <property name="java.awt.printerjob" value="sun.print.PSPrinterJob"/>
    <property name="sun.os.patch.level" value="unknown"/>
    <property name="hadoop.tmp.dir" value="/workdir/hadoop-ozone/ozonefs/target/tmp"/>
    <property name="java.library.path" value="/usr/lib/jvm/java-1.8-openjdk/jre/lib/amd64/server:/usr/lib/jvm/java-1.8-openjdk/jre/lib/amd64:/usr/lib/jvm/java-1.8-openjdk/jre/../lib/amd64:/workdir/hadoop-ozone/ozonefs/target/native/target/usr/local/lib:/workdir/hadoop-ozone/ozonefs/../../hadoop-common-project/hadoop-common/target/native/target/usr/local/lib:/usr/java/packages/lib/amd64:/usr/lib64:/lib64:/lib:/usr/lib"/>
    <property name="java.vm.info" value="mixed mode"/>
    <property name="java.vendor" value="IcedTea"/>
    <property name="java.vm.version" value="25.212-b04"/>
    <property name="java.ext.dirs" value="/usr/lib/jvm/java-1.8-openjdk/jre/lib/ext:/usr/java/packages/lib/ext"/>
    <property name="sun.io.unicode.encoding" value="UnicodeLittle"/>
    <property name="java.class.version" value="52.0"/>
  </properties>
  <testcase name="testOzoneManagerFileSystemInterface[0]" classname="org.apache.hadoop.fs.ozone.TestOzoneFileInterfaces" time="40.792"/>
  <testcase name="testListStatus[0]" classname="org.apache.hadoop.fs.ozone.TestOzoneFileInterfaces" time="35.414"/>
  <testcase name="testDirectory[0]" classname="org.apache.hadoop.fs.ozone.TestOzoneFileInterfaces" time="27.661"/>
  <testcase name="testPathToKey[0]" classname="org.apache.hadoop.fs.ozone.TestOzoneFileInterfaces" time="25.543"/>
  <testcase name="testFileSystemInit[0]" classname="org.apache.hadoop.fs.ozone.TestOzoneFileInterfaces" time="27.655"/>
  <testcase name="testOzFsReadWrite[0]" classname="org.apache.hadoop.fs.ozone.TestOzoneFileInterfaces" time="35.966"/>
  <testcase name="testOzoneManagerFileSystemInterface[1]" classname="org.apache.hadoop.fs.ozone.TestOzoneFileInterfaces" time="30.577"/>
  <testcase name="testListStatus[1]" classname="org.apache.hadoop.fs.ozone.TestOzoneFileInterfaces" time="34.6"/>
  <testcase name="testDirectory[1]" classname="org.apache.hadoop.fs.ozone.TestOzoneFileInterfaces" time="33.546"/>
  <testcase name="testPathToKey[1]" classname="org.apache.hadoop.fs.ozone.TestOzoneFileInterfaces" time="34.687"/>
  <testcase name="testFileSystemInit[1]" classname="org.apache.hadoop.fs.ozone.TestOzoneFileInterfaces" time="30.37"/>
  <testcase name="testOzFsReadWrite[1]" classname="org.apache.hadoop.fs.ozone.TestOzoneFileInterfaces" time="225.65">
    <error message="Allocated 0 blocks. Requested 1 blocks" type="INTERNAL_ERROR org.apache.hadoop.ozone.om.exceptions.OMException">INTERNAL_ERROR org.apache.hadoop.ozone.om.exceptions.OMException: Allocated 0 blocks. Requested 1 blocks
	at org.apache.hadoop.ozone.om.protocolPB.OzoneManagerProtocolClientSideTranslatorPB.handleError(OzoneManagerProtocolClientSideTranslatorPB.java:731)
	at org.apache.hadoop.ozone.om.protocolPB.OzoneManagerProtocolClientSideTranslatorPB.allocateBlock(OzoneManagerProtocolClientSideTranslatorPB.java:763)
	at sun.reflect.NativeMethodAccessorImpl.invoke0(Native Method)
	at sun.reflect.NativeMethodAccessorImpl.invoke(NativeMethodAccessorImpl.java:62)
	at sun.reflect.DelegatingMethodAccessorImpl.invoke(DelegatingMethodAccessorImpl.java:43)
	at java.lang.reflect.Method.invoke(Method.java:498)
	at org.apache.hadoop.hdds.tracing.TraceAllMethod.invoke(TraceAllMethod.java:66)
	at com.sun.proxy.$Proxy39.allocateBlock(Unknown Source)
	at org.apache.hadoop.ozone.client.io.BlockOutputStreamEntryPool.allocateNewBlock(BlockOutputStreamEntryPool.java:248)
	at org.apache.hadoop.ozone.client.io.BlockOutputStreamEntryPool.allocateBlockIfNeeded(BlockOutputStreamEntryPool.java:296)
	at org.apache.hadoop.ozone.client.io.KeyOutputStream.handleWrite(KeyOutputStream.java:198)
	at org.apache.hadoop.ozone.client.io.KeyOutputStream.handleRetry(KeyOutputStream.java:375)
	at org.apache.hadoop.ozone.client.io.KeyOutputStream.handleException(KeyOutputStream.java:324)
	at org.apache.hadoop.ozone.client.io.KeyOutputStream.handleFlushOrClose(KeyOutputStream.java:449)
	at org.apache.hadoop.ozone.client.io.KeyOutputStream.close(KeyOutputStream.java:473)
	at org.apache.hadoop.fs.ozone.OzoneFSOutputStream.close(OzoneFSOutputStream.java:56)
	at org.apache.hadoop.fs.FSDataOutputStream$PositionCache.close(FSDataOutputStream.java:72)
	at org.apache.hadoop.fs.FSDataOutputStream.close(FSDataOutputStream.java:101)
	at org.apache.hadoop.fs.ozone.TestOzoneFileInterfaces.testOzFsReadWrite(TestOzoneFileInterfaces.java:171)
	at sun.reflect.NativeMethodAccessorImpl.invoke0(Native Method)
	at sun.reflect.NativeMethodAccessorImpl.invoke(NativeMethodAccessorImpl.java:62)
	at sun.reflect.DelegatingMethodAccessorImpl.invoke(DelegatingMethodAccessorImpl.java:43)
	at java.lang.reflect.Method.invoke(Method.java:498)
	at org.junit.runners.model.FrameworkMethod$1.runReflectiveCall(FrameworkMethod.java:47)
	at org.junit.internal.runners.model.ReflectiveCallable.run(ReflectiveCallable.java:12)
	at org.junit.runners.model.FrameworkMethod.invokeExplosively(FrameworkMethod.java:44)
	at org.junit.internal.runners.statements.InvokeMethod.evaluate(InvokeMethod.java:17)
	at org.junit.internal.runners.statements.RunBefores.evaluate(RunBefores.java:26)
	at org.junit.internal.runners.statements.RunAfters.evaluate(RunAfters.java:27)
	at org.junit.runners.ParentRunner.runLeaf(ParentRunner.java:271)
	at org.junit.runners.BlockJUnit4ClassRunner.runChild(BlockJUnit4ClassRunner.java:70)
	at org.junit.runners.BlockJUnit4ClassRunner.runChild(BlockJUnit4ClassRunner.java:50)
	at org.junit.runners.ParentRunner$3.run(ParentRunner.java:238)
	at org.junit.runners.ParentRunner$1.schedule(ParentRunner.java:63)
	at org.junit.runners.ParentRunner.runChildren(ParentRunner.java:236)
	at org.junit.runners.ParentRunner.access$000(ParentRunner.java:53)
	at org.junit.runners.ParentRunner$2.evaluate(ParentRunner.java:229)
	at org.junit.runners.ParentRunner.run(ParentRunner.java:309)
	at org.junit.runners.Suite.runChild(Suite.java:127)
	at org.junit.runners.Suite.runChild(Suite.java:26)
	at org.junit.runners.ParentRunner$3.run(ParentRunner.java:238)
	at org.junit.runners.ParentRunner$1.schedule(ParentRunner.java:63)
	at org.junit.runners.ParentRunner.runChildren(ParentRunner.java:236)
	at org.junit.runners.ParentRunner.access$000(ParentRunner.java:53)
	at org.junit.runners.ParentRunner$2.evaluate(ParentRunner.java:229)
	at org.junit.runners.ParentRunner.run(ParentRunner.java:309)
	at org.apache.maven.surefire.junit4.JUnit4Provider.execute(JUnit4Provider.java:365)
	at org.apache.maven.surefire.junit4.JUnit4Provider.executeWithRerun(JUnit4Provider.java:273)
	at org.apache.maven.surefire.junit4.JUnit4Provider.executeTestSet(JUnit4Provider.java:238)
	at org.apache.maven.surefire.junit4.JUnit4Provider.invoke(JUnit4Provider.java:159)
	at org.apache.maven.surefire.booter.ForkedBooter.invokeProviderInSameClassLoader(ForkedBooter.java:384)
	at org.apache.maven.surefire.booter.ForkedBooter.runSuitesInProcess(ForkedBooter.java:345)
	at org.apache.maven.surefire.booter.ForkedBooter.execute(ForkedBooter.java:126)
	at org.apache.maven.surefire.booter.ForkedBooter.main(ForkedBooter.java:418)
</error>
    <system-out><![CDATA[2019-09-19 10:35:11,393 [main] WARN  server.ServerUtils (ServerUtils.java:getScmDbDir(145)) - ozone.scm.db.dirs is not configured. We recommend adding this setting. Falling back to ozone.metadata.dirs instead.
2019-09-19 10:35:11,589 [main] WARN  server.ServerUtils (ServerUtils.java:getScmDbDir(145)) - ozone.scm.db.dirs is not configured. We recommend adding this setting. Falling back to ozone.metadata.dirs instead.
2019-09-19 10:35:11,590 [main] WARN  server.ServerUtils (ServerUtils.java:getScmDbDir(145)) - ozone.scm.db.dirs is not configured. We recommend adding this setting. Falling back to ozone.metadata.dirs instead.
2019-09-19 10:35:11,590 [main] INFO  db.DBStoreBuilder (DBStoreBuilder.java:addTable(110)) - using custom profile for table: deletedBlocks
2019-09-19 10:35:11,591 [main] INFO  db.DBStoreBuilder (DBStoreBuilder.java:processTables(161)) - Using default column profile:DBProfile.DISK for Table:deletedBlocks
2019-09-19 10:35:11,591 [main] INFO  db.DBStoreBuilder (DBStoreBuilder.java:addTable(110)) - using custom profile for table: validCerts
2019-09-19 10:35:11,591 [main] INFO  db.DBStoreBuilder (DBStoreBuilder.java:processTables(161)) - Using default column profile:DBProfile.DISK for Table:validCerts
2019-09-19 10:35:11,592 [main] INFO  db.DBStoreBuilder (DBStoreBuilder.java:addTable(110)) - using custom profile for table: revokedCerts
2019-09-19 10:35:11,592 [main] INFO  db.DBStoreBuilder (DBStoreBuilder.java:processTables(161)) - Using default column profile:DBProfile.DISK for Table:revokedCerts
2019-09-19 10:35:11,592 [main] INFO  db.DBStoreBuilder (DBStoreBuilder.java:addTable(110)) - using custom profile for table: default
2019-09-19 10:35:11,592 [main] INFO  db.DBStoreBuilder (DBStoreBuilder.java:processTables(167)) - Using default column profile:DBProfile.DISK for Table:default
2019-09-19 10:35:11,593 [main] INFO  db.DBStoreBuilder (DBStoreBuilder.java:getDbProfile(198)) - Using default options. DBProfile.DISK
2019-09-19 10:35:13,566 [main] INFO  net.NodeSchemaLoader (NodeSchemaLoader.java:loadSchemaFromFile(125)) - Loading file from sun.misc.CompoundEnumeration@2e0516a3
2019-09-19 10:35:13,567 [main] INFO  net.NodeSchemaLoader (NodeSchemaLoader.java:loadSchema(171)) - Loading network topology layer schema file
2019-09-19 10:35:13,572 [main] WARN  server.ServerUtils (ServerUtils.java:sanitizeUserArgs(70)) - ozone.scm.stale.node.interval value = 300000 is larger than max = 100000 based on the key value of ozone.scm.heartbeat.thread.interval, reset to the max value 100000.
2019-09-19 10:35:13,572 [main] WARN  server.ServerUtils (ServerUtils.java:sanitizeUserArgs(70)) - ozone.scm.stale.node.interval value = 300000 is larger than max = 100000 based on the key value of ozone.scm.heartbeat.thread.interval, reset to the max value 100000.
2019-09-19 10:35:13,572 [main] INFO  node.SCMNodeManager (SCMNodeManager.java:<init>(114)) - Entering startup safe mode.
2019-09-19 10:35:13,573 [main] INFO  algorithms.ContainerPlacementPolicyFactory (ContainerPlacementPolicyFactory.java:getPolicy(57)) - Create container placement policy of type org.apache.hadoop.hdds.scm.container.placement.algorithms.SCMContainerPlacementRandom
2019-09-19 10:35:13,573 [main] WARN  server.ServerUtils (ServerUtils.java:getScmDbDir(145)) - ozone.scm.db.dirs is not configured. We recommend adding this setting. Falling back to ozone.metadata.dirs instead.
2019-09-19 10:35:13,708 [main] INFO  pipeline.SCMPipelineManager (SCMPipelineManager.java:initializePipelineState(128)) - No pipeline exists in current db
2019-09-19 10:35:13,708 [main] WARN  server.ServerUtils (ServerUtils.java:getScmDbDir(145)) - ozone.scm.db.dirs is not configured. We recommend adding this setting. Falling back to ozone.metadata.dirs instead.
2019-09-19 10:35:13,982 [main] WARN  events.EventQueue (EventQueue.java:fireEvent(183)) - No event handler registered for event TypedEvent{payloadType=SafeModeStatus, name='SafeModeStatus'}
2019-09-19 10:35:13,983 [main] INFO  ipc.CallQueueManager (CallQueueManager.java:<init>(84)) - Using callQueue: class java.util.concurrent.LinkedBlockingQueue, queueCapacity: 2000, scheduler: class org.apache.hadoop.ipc.DefaultRpcScheduler, ipcBackoff: false.
2019-09-19 10:35:13,985 [Socket Reader #1 for port 43308] INFO  ipc.Server (Server.java:run(1074)) - Starting Socket Reader #1 for port 43308
2019-09-19 10:35:13,987 [main] INFO  ipc.CallQueueManager (CallQueueManager.java:<init>(84)) - Using callQueue: class java.util.concurrent.LinkedBlockingQueue, queueCapacity: 2000, scheduler: class org.apache.hadoop.ipc.DefaultRpcScheduler, ipcBackoff: false.
2019-09-19 10:35:13,988 [Socket Reader #1 for port 43602] INFO  ipc.Server (Server.java:run(1074)) - Starting Socket Reader #1 for port 43602
2019-09-19 10:35:13,989 [main] INFO  ipc.CallQueueManager (CallQueueManager.java:<init>(84)) - Using callQueue: class java.util.concurrent.LinkedBlockingQueue, queueCapacity: 2000, scheduler: class org.apache.hadoop.ipc.DefaultRpcScheduler, ipcBackoff: false.
2019-09-19 10:35:13,990 [Socket Reader #1 for port 34257] INFO  ipc.Server (Server.java:run(1074)) - Starting Socket Reader #1 for port 34257
2019-09-19 10:35:13,992 [main] INFO  hdfs.DFSUtil (DFSUtil.java:httpServerTemplateForNNAndJN(1641)) - Starting Web-server for scm at: http://0.0.0.0:0
2019-09-19 10:35:13,995 [main] INFO  server.AuthenticationFilter (AuthenticationFilter.java:constructSecretProvider(240)) - Unable to initialize FileSignerSecretProvider, falling back to use random secrets.
2019-09-19 10:35:13,996 [main] WARN  http.HttpRequestLog (HttpRequestLog.java:getRequestLog(97)) - Jetty request log can only be enabled using Log4j
2019-09-19 10:35:13,998 [main] INFO  http.HttpServer2 (HttpServer2.java:addGlobalFilter(975)) - Added global filter 'safety' (class=org.apache.hadoop.http.HttpServer2$QuotingInputFilter)
2019-09-19 10:35:13,999 [main] INFO  http.HttpServer2 (HttpServer2.java:addFilter(948)) - Added filter static_user_filter (class=org.apache.hadoop.http.lib.StaticUserWebFilter$StaticUserFilter) to context scm
2019-09-19 10:35:13,999 [main] INFO  http.HttpServer2 (HttpServer2.java:addFilter(958)) - Added filter static_user_filter (class=org.apache.hadoop.http.lib.StaticUserWebFilter$StaticUserFilter) to context logs
2019-09-19 10:35:13,999 [main] INFO  http.HttpServer2 (HttpServer2.java:addFilter(958)) - Added filter static_user_filter (class=org.apache.hadoop.http.lib.StaticUserWebFilter$StaticUserFilter) to context static
2019-09-19 10:35:14,001 [main] INFO  server.StorageContainerManager (StorageContainerManager.java:start(763)) - StorageContainerLocationProtocol RPC server is listening at /0.0.0.0:34257
2019-09-19 10:35:14,004 [main] WARN  impl.MetricsConfig (MetricsConfig.java:loadFirst(134)) - Cannot locate configuration: tried hadoop-metrics2-storagecontainermanager.properties,hadoop-metrics2.properties
2019-09-19 10:35:14,005 [main] INFO  impl.MetricsSystemImpl (MetricsSystemImpl.java:startTimer(374)) - Scheduled Metric snapshot period at 10 second(s).
2019-09-19 10:35:14,006 [main] INFO  impl.MetricsSystemImpl (MetricsSystemImpl.java:start(191)) - StorageContainerManager metrics system started
2019-09-19 10:35:14,137 [main] WARN  impl.MetricsSystemImpl (MetricsSystemImpl.java:register(276)) - Sink prometheus already exists!
2019-09-19 10:35:14,186 [main] INFO  server.SCMClientProtocolServer (SCMClientProtocolServer.java:start(151)) - RPC server for Client  is listening at /0.0.0.0:34257
2019-09-19 10:35:14,187 [IPC Server Responder] INFO  ipc.Server (Server.java:run(1314)) - IPC Server Responder: starting
2019-09-19 10:35:14,187 [IPC Server listener on 34257] INFO  ipc.Server (Server.java:run(1153)) - IPC Server listener on 34257: starting
2019-09-19 10:35:14,190 [main] INFO  server.StorageContainerManager (StorageContainerManager.java:start(773)) - ScmBlockLocationProtocol RPC server is listening at /0.0.0.0:43602
2019-09-19 10:35:14,190 [main] INFO  server.SCMBlockProtocolServer (SCMBlockProtocolServer.java:start(146)) - RPC server for Block Protocol is listening at /0.0.0.0:43602
2019-09-19 10:35:14,190 [IPC Server Responder] INFO  ipc.Server (Server.java:run(1314)) - IPC Server Responder: starting
2019-09-19 10:35:14,190 [IPC Server listener on 43602] INFO  ipc.Server (Server.java:run(1153)) - IPC Server listener on 43602: starting
2019-09-19 10:35:14,194 [main] INFO  server.StorageContainerManager (StorageContainerManager.java:start(777)) - ScmDatanodeProtocl RPC server is listening at /0.0.0.0:43308
2019-09-19 10:35:14,194 [main] INFO  server.SCMDatanodeProtocolServer (SCMDatanodeProtocolServer.java:start(191)) - RPC server for DataNodes is listening at /0.0.0.0:43308
2019-09-19 10:35:14,195 [IPC Server Responder] INFO  ipc.Server (Server.java:run(1314)) - IPC Server Responder: starting
2019-09-19 10:35:14,195 [IPC Server listener on 43308] INFO  ipc.Server (Server.java:run(1153)) - IPC Server listener on 43308: starting
2019-09-19 10:35:14,199 [main] INFO  http.HttpServer2 (HttpServer2.java:bindListener(1191)) - Jetty bound to port 44544
2019-09-19 10:35:14,199 [main] INFO  server.Server (Server.java:doStart(351)) - jetty-9.3.24.v20180605, build timestamp: 2018-06-05T17:11:56Z, git hash: 84205aa28f11a4f31f2a3b86d1bba2cc8ab69827
2019-09-19 10:35:14,200 [main] INFO  handler.ContextHandler (ContextHandler.java:doStart(781)) - Started o.e.j.s.ServletContextHandler@11295cb1{/logs,file:///workdir/hadoop-ozone/ozonefs/target/log,AVAILABLE}
2019-09-19 10:35:14,201 [main] INFO  handler.ContextHandler (ContextHandler.java:doStart(781)) - Started o.e.j.s.ServletContextHandler@5256fbc{/static,jar:file:/home/user/.m2/repository/org/apache/hadoop/hadoop-hdds-server-scm/0.5.0-SNAPSHOT/hadoop-hdds-server-scm-0.5.0-SNAPSHOT.jar!/webapps/static,AVAILABLE}
2019-09-19 10:35:14,256 [main] INFO  handler.ContextHandler (ContextHandler.java:doStart(781)) - Started o.e.j.w.WebAppContext@79d14037{/,file:///tmp/jetty-0.0.0.0-44544-scm-_-any-2328798174948701806.dir/webapp/,AVAILABLE}{/scm}
2019-09-19 10:35:14,257 [main] INFO  server.AbstractConnector (AbstractConnector.java:doStart(278)) - Started ServerConnector@6c1e40d9{HTTP/1.1,[http/1.1]}{0.0.0.0:44544}
2019-09-19 10:35:14,258 [main] INFO  server.Server (Server.java:doStart(419)) - Started @360179ms
2019-09-19 10:35:14,258 [main] WARN  impl.MetricsSystemImpl (MetricsSystemImpl.java:register(276)) - Sink prometheus already exists!
2019-09-19 10:35:14,259 [main] INFO  server.BaseHttpServer (BaseHttpServer.java:updateConnectorAddress(215)) - HTTP server of SCM is listening at http://0.0.0.0:44544
2019-09-19 10:35:14,260 [main] WARN  server.ServerUtils (ServerUtils.java:getDBPath(222)) - ozone.om.db.dirs is not configured. We recommend adding this setting. Falling back to ozone.metadata.dirs instead.
2019-09-19 10:35:14,260 [org.apache.hadoop.util.JvmPauseMonitor$Monitor@2e0fdc83] INFO  util.JvmPauseMonitor (JvmPauseMonitor.java:run(188)) - Starting JVM pause monitor
2019-09-19 10:35:14,299 [main] WARN  server.ServerUtils (ServerUtils.java:getDBPath(222)) - ozone.om.db.dirs is not configured. We recommend adding this setting. Falling back to ozone.metadata.dirs instead.
2019-09-19 10:35:14,300 [main] WARN  server.ServerUtils (ServerUtils.java:getDBPath(222)) - ozone.om.db.dirs is not configured. We recommend adding this setting. Falling back to ozone.metadata.dirs instead.
2019-09-19 10:35:14,300 [main] INFO  om.OzoneManager (OzoneManager.java:setOMNodeDetails(650)) - OM Service ID is not set. Setting it to the default ID: omServiceIdDefault
2019-09-19 10:35:14,300 [main] INFO  om.OzoneManager (OzoneManager.java:setOMNodeDetails(656)) - OM Node ID is not set. Setting it to the OmStorage's OmID: 714c5c61-4376-40b3-b954-de02ef24934d
2019-09-19 10:35:14,301 [main] INFO  om.OzoneManager (OzoneManager.java:loadOMHAConfigs(607)) - Found matching OM address with OMServiceId: null, OMNodeId: null, RPC Address: localhost:0 and Ratis port: 9872
2019-09-19 10:35:14,307 [main] WARN  server.ServerUtils (ServerUtils.java:getDBPath(222)) - ozone.om.db.dirs is not configured. We recommend adding this setting. Falling back to ozone.metadata.dirs instead.
2019-09-19 10:35:14,308 [main] INFO  db.DBStoreBuilder (DBStoreBuilder.java:addTable(110)) - using custom profile for table: userTable
2019-09-19 10:35:14,308 [main] INFO  db.DBStoreBuilder (DBStoreBuilder.java:processTables(161)) - Using default column profile:DBProfile.DISK for Table:userTable
2019-09-19 10:35:14,308 [main] INFO  db.DBStoreBuilder (DBStoreBuilder.java:addTable(110)) - using custom profile for table: volumeTable
2019-09-19 10:35:14,308 [main] INFO  db.DBStoreBuilder (DBStoreBuilder.java:processTables(161)) - Using default column profile:DBProfile.DISK for Table:volumeTable
2019-09-19 10:35:14,309 [main] INFO  db.DBStoreBuilder (DBStoreBuilder.java:addTable(110)) - using custom profile for table: bucketTable
2019-09-19 10:35:14,309 [main] INFO  db.DBStoreBuilder (DBStoreBuilder.java:processTables(161)) - Using default column profile:DBProfile.DISK for Table:bucketTable
2019-09-19 10:35:14,309 [main] INFO  db.DBStoreBuilder (DBStoreBuilder.java:addTable(110)) - using custom profile for table: keyTable
2019-09-19 10:35:14,309 [main] INFO  db.DBStoreBuilder (DBStoreBuilder.java:processTables(161)) - Using default column profile:DBProfile.DISK for Table:keyTable
2019-09-19 10:35:14,309 [main] INFO  db.DBStoreBuilder (DBStoreBuilder.java:addTable(110)) - using custom profile for table: deletedTable
2019-09-19 10:35:14,309 [main] INFO  db.DBStoreBuilder (DBStoreBuilder.java:processTables(161)) - Using default column profile:DBProfile.DISK for Table:deletedTable
2019-09-19 10:35:14,310 [main] INFO  db.DBStoreBuilder (DBStoreBuilder.java:addTable(110)) - using custom profile for table: openKeyTable
2019-09-19 10:35:14,310 [main] INFO  db.DBStoreBuilder (DBStoreBuilder.java:processTables(161)) - Using default column profile:DBProfile.DISK for Table:openKeyTable
2019-09-19 10:35:14,310 [main] INFO  db.DBStoreBuilder (DBStoreBuilder.java:addTable(110)) - using custom profile for table: s3Table
2019-09-19 10:35:14,310 [main] INFO  db.DBStoreBuilder (DBStoreBuilder.java:processTables(161)) - Using default column profile:DBProfile.DISK for Table:s3Table
2019-09-19 10:35:14,310 [main] INFO  db.DBStoreBuilder (DBStoreBuilder.java:addTable(110)) - using custom profile for table: multipartInfoTable
2019-09-19 10:35:14,310 [main] INFO  db.DBStoreBuilder (DBStoreBuilder.java:processTables(161)) - Using default column profile:DBProfile.DISK for Table:multipartInfoTable
2019-09-19 10:35:14,311 [main] INFO  db.DBStoreBuilder (DBStoreBuilder.java:addTable(110)) - using custom profile for table: dTokenTable
2019-09-19 10:35:14,311 [main] INFO  db.DBStoreBuilder (DBStoreBuilder.java:processTables(161)) - Using default column profile:DBProfile.DISK for Table:dTokenTable
2019-09-19 10:35:14,311 [main] INFO  db.DBStoreBuilder (DBStoreBuilder.java:addTable(110)) - using custom profile for table: s3SecretTable
2019-09-19 10:35:14,311 [main] INFO  db.DBStoreBuilder (DBStoreBuilder.java:processTables(161)) - Using default column profile:DBProfile.DISK for Table:s3SecretTable
2019-09-19 10:35:14,311 [main] INFO  db.DBStoreBuilder (DBStoreBuilder.java:addTable(110)) - using custom profile for table: prefixTable
2019-09-19 10:35:14,312 [main] INFO  db.DBStoreBuilder (DBStoreBuilder.java:processTables(161)) - Using default column profile:DBProfile.DISK for Table:prefixTable
2019-09-19 10:35:14,312 [main] INFO  db.DBStoreBuilder (DBStoreBuilder.java:addTable(110)) - using custom profile for table: default
2019-09-19 10:35:14,312 [main] INFO  db.DBStoreBuilder (DBStoreBuilder.java:processTables(167)) - Using default column profile:DBProfile.DISK for Table:default
2019-09-19 10:35:14,312 [main] INFO  db.DBStoreBuilder (DBStoreBuilder.java:getDbProfile(198)) - Using default options. DBProfile.DISK
2019-09-19 10:35:21,030 [main] INFO  ipc.CallQueueManager (CallQueueManager.java:<init>(84)) - Using callQueue: class java.util.concurrent.LinkedBlockingQueue, queueCapacity: 2000, scheduler: class org.apache.hadoop.ipc.DefaultRpcScheduler, ipcBackoff: false.
2019-09-19 10:35:21,031 [Socket Reader #1 for port 42718] INFO  ipc.Server (Server.java:run(1074)) - Starting Socket Reader #1 for port 42718
2019-09-19 10:35:21,065 [main] INFO  om.OzoneManager (OzoneManager.java:start(1241)) - OzoneManager RPC server is listening at localhost/127.0.0.1:42718
2019-09-19 10:35:21,066 [main] INFO  impl.MetricsSystemImpl (MetricsSystemImpl.java:init(158)) - OzoneManager metrics system started (again)
2019-09-19 10:35:21,067 [IPC Server Responder] INFO  ipc.Server (Server.java:run(1314)) - IPC Server Responder: starting
2019-09-19 10:35:21,067 [IPC Server listener on 42718] INFO  ipc.Server (Server.java:run(1153)) - IPC Server listener on 42718: starting
2019-09-19 10:35:21,077 [main] INFO  hdfs.DFSUtil (DFSUtil.java:httpServerTemplateForNNAndJN(1641)) - Starting Web-server for ozoneManager at: http://0.0.0.0:0
2019-09-19 10:35:21,079 [main] INFO  server.AuthenticationFilter (AuthenticationFilter.java:constructSecretProvider(240)) - Unable to initialize FileSignerSecretProvider, falling back to use random secrets.
2019-09-19 10:35:21,079 [main] WARN  http.HttpRequestLog (HttpRequestLog.java:getRequestLog(97)) - Jetty request log can only be enabled using Log4j
2019-09-19 10:35:21,081 [main] INFO  http.HttpServer2 (HttpServer2.java:addGlobalFilter(975)) - Added global filter 'safety' (class=org.apache.hadoop.http.HttpServer2$QuotingInputFilter)
2019-09-19 10:35:21,081 [main] INFO  http.HttpServer2 (HttpServer2.java:addFilter(948)) - Added filter static_user_filter (class=org.apache.hadoop.http.lib.StaticUserWebFilter$StaticUserFilter) to context ozoneManager
2019-09-19 10:35:21,081 [main] INFO  http.HttpServer2 (HttpServer2.java:addFilter(958)) - Added filter static_user_filter (class=org.apache.hadoop.http.lib.StaticUserWebFilter$StaticUserFilter) to context logs
2019-09-19 10:35:21,082 [main] INFO  http.HttpServer2 (HttpServer2.java:addFilter(958)) - Added filter static_user_filter (class=org.apache.hadoop.http.lib.StaticUserWebFilter$StaticUserFilter) to context static
2019-09-19 10:35:21,082 [main] INFO  http.HttpServer2 (HttpServer2.java:bindListener(1191)) - Jetty bound to port 39909
2019-09-19 10:35:21,082 [main] INFO  server.Server (Server.java:doStart(351)) - jetty-9.3.24.v20180605, build timestamp: 2018-06-05T17:11:56Z, git hash: 84205aa28f11a4f31f2a3b86d1bba2cc8ab69827
2019-09-19 10:35:21,084 [main] INFO  handler.ContextHandler (ContextHandler.java:doStart(781)) - Started o.e.j.s.ServletContextHandler@41f686af{/logs,file:///workdir/hadoop-ozone/ozonefs/target/log,AVAILABLE}
2019-09-19 10:35:21,085 [main] INFO  handler.ContextHandler (ContextHandler.java:doStart(781)) - Started o.e.j.s.ServletContextHandler@7be3abaa{/static,jar:file:/home/user/.m2/repository/org/apache/hadoop/hadoop-ozone-ozone-manager/0.5.0-SNAPSHOT/hadoop-ozone-ozone-manager-0.5.0-SNAPSHOT.jar!/webapps/static,AVAILABLE}
2019-09-19 10:35:21,130 [main] INFO  handler.ContextHandler (ContextHandler.java:doStart(781)) - Started o.e.j.w.WebAppContext@3f1d6a13{/,file:///tmp/jetty-0.0.0.0-39909-ozoneManager-_-any-774159918455261921.dir/webapp/,AVAILABLE}{/ozoneManager}
2019-09-19 10:35:21,131 [main] INFO  server.AbstractConnector (AbstractConnector.java:doStart(278)) - Started ServerConnector@7cbf4f8c{HTTP/1.1,[http/1.1]}{0.0.0.0:39909}
2019-09-19 10:35:21,131 [main] INFO  server.Server (Server.java:doStart(419)) - Started @367052ms
2019-09-19 10:35:21,132 [main] WARN  impl.MetricsSystemImpl (MetricsSystemImpl.java:register(276)) - Sink prometheus already exists!
2019-09-19 10:35:21,133 [main] INFO  server.BaseHttpServer (BaseHttpServer.java:updateConnectorAddress(215)) - HTTP server of OZONEMANAGER is listening at http://0.0.0.0:39909
2019-09-19 10:35:21,140 [main] INFO  impl.MetricsSystemImpl (MetricsSystemImpl.java:init(158)) - HddsDatanode metrics system started (again)
2019-09-19 10:35:21,144 [main] INFO  ozone.HddsDatanodeService (HddsDatanodeService.java:start(184)) - HddsDatanodeService host:pr-hdds-1054-s6xkv-2432930293 ip:192.168.5.171
2019-09-19 10:35:21,151 [main] INFO  volume.HddsVolume (HddsVolume.java:<init>(176)) - Creating Volume: /workdir/hadoop-ozone/ozonefs/target/test-dir/MiniOzoneClusterImpl-1effda81-744f-491e-8240-0d6175f8bd8e/datanode-0/data/containers/hdds of  storage type : DISK and capacity : 1482555576320
2019-09-19 10:35:21,151 [main] INFO  volume.VolumeSet (VolumeSet.java:initializeVolumeSet(170)) - Added Volume : /workdir/hadoop-ozone/ozonefs/target/test-dir/MiniOzoneClusterImpl-1effda81-744f-491e-8240-0d6175f8bd8e/datanode-0/data/containers/hdds to VolumeSet
2019-09-19 10:35:21,152 [main] INFO  volume.ThrottledAsyncChecker (ThrottledAsyncChecker.java:schedule(139)) - Scheduling a check for org.apache.hadoop.ozone.container.common.volume.HddsVolume@1a66be41
2019-09-19 10:35:21,152 [main] INFO  volume.HddsVolumeChecker (HddsVolumeChecker.java:checkAllVolumes(202)) - Scheduled health check for volume org.apache.hadoop.ozone.container.common.volume.HddsVolume@1a66be41
2019-09-19 10:35:21,183 [main] INFO  impl.RaftServerProxy (ConfUtils.java:logGet(43)) - raft.rpc.type = GRPC (default)
2019-09-19 10:35:21,183 [main] INFO  grpc.GrpcFactory (GrpcFactory.java:checkPooledByteBufAllocatorUseCacheForAllThreads(45)) - PERFORMANCE WARNING: useCacheForAllThreads is true that may cause Netty to create a lot garbage objects and, as a result, trigger GC.
	It is recommended to disable useCacheForAllThreads by setting -Dorg.apache.ratis.thirdparty.io.netty.allocator.useCacheForAllThreads=false in command line.
2019-09-19 10:35:21,183 [main] INFO  grpc.GrpcConfigKeys$Server (ConfUtils.java:logGet(43)) - raft.grpc.server.port = 0 (default)
2019-09-19 10:35:21,184 [main] INFO  server.GrpcService (ConfUtils.java:logGet(43)) - raft.grpc.message.size.max = 33570816 (custom)
2019-09-19 10:35:21,184 [main] INFO  server.RaftServerConfigKeys (ConfUtils.java:logGet(43)) - raft.server.log.appender.buffer.byte-limit = 33554432 (custom)
2019-09-19 10:35:21,184 [main] INFO  server.GrpcService (ConfUtils.java:logGet(43)) - raft.grpc.flow.control.window = 1MB (=1048576) (default)
2019-09-19 10:35:21,185 [main] INFO  server.RaftServerConfigKeys (ConfUtils.java:logGet(43)) - raft.server.rpc.request.timeout = 3000ms (default)
2019-09-19 10:35:21,185 [main] INFO  server.RaftServerConfigKeys (ConfUtils.java:logGet(43)) - raft.server.storage.dir = [/workdir/hadoop-ozone/ozonefs/target/test-dir/MiniOzoneClusterImpl-1effda81-744f-491e-8240-0d6175f8bd8e/datanode-0/data/ratis] (custom)
2019-09-19 10:35:21,187 [main] INFO  hdfs.DFSUtil (DFSUtil.java:httpServerTemplateForNNAndJN(1641)) - Starting Web-server for hddsDatanode at: http://0.0.0.0:0
2019-09-19 10:35:21,189 [main] INFO  server.AuthenticationFilter (AuthenticationFilter.java:constructSecretProvider(240)) - Unable to initialize FileSignerSecretProvider, falling back to use random secrets.
2019-09-19 10:35:21,190 [main] WARN  http.HttpRequestLog (HttpRequestLog.java:getRequestLog(97)) - Jetty request log can only be enabled using Log4j
2019-09-19 10:35:21,192 [main] INFO  http.HttpServer2 (HttpServer2.java:addGlobalFilter(975)) - Added global filter 'safety' (class=org.apache.hadoop.http.HttpServer2$QuotingInputFilter)
2019-09-19 10:35:21,192 [main] INFO  http.HttpServer2 (HttpServer2.java:addFilter(948)) - Added filter static_user_filter (class=org.apache.hadoop.http.lib.StaticUserWebFilter$StaticUserFilter) to context hddsDatanode
2019-09-19 10:35:21,193 [main] INFO  http.HttpServer2 (HttpServer2.java:addFilter(958)) - Added filter static_user_filter (class=org.apache.hadoop.http.lib.StaticUserWebFilter$StaticUserFilter) to context logs
2019-09-19 10:35:21,193 [main] INFO  http.HttpServer2 (HttpServer2.java:addFilter(958)) - Added filter static_user_filter (class=org.apache.hadoop.http.lib.StaticUserWebFilter$StaticUserFilter) to context static
2019-09-19 10:35:21,194 [main] INFO  http.HttpServer2 (HttpServer2.java:bindListener(1191)) - Jetty bound to port 35055
2019-09-19 10:35:21,194 [main] INFO  server.Server (Server.java:doStart(351)) - jetty-9.3.24.v20180605, build timestamp: 2018-06-05T17:11:56Z, git hash: 84205aa28f11a4f31f2a3b86d1bba2cc8ab69827
2019-09-19 10:35:21,196 [main] INFO  handler.ContextHandler (ContextHandler.java:doStart(781)) - Started o.e.j.s.ServletContextHandler@54687fd0{/logs,file:///workdir/hadoop-ozone/ozonefs/target/log,AVAILABLE}
2019-09-19 10:35:21,197 [main] INFO  handler.ContextHandler (ContextHandler.java:doStart(781)) - Started o.e.j.s.ServletContextHandler@b2da3a5{/static,jar:file:/home/user/.m2/repository/org/apache/hadoop/hadoop-hdds-container-service/0.5.0-SNAPSHOT/hadoop-hdds-container-service-0.5.0-SNAPSHOT.jar!/webapps/static,AVAILABLE}
2019-09-19 10:35:21,248 [main] INFO  handler.ContextHandler (ContextHandler.java:doStart(781)) - Started o.e.j.w.WebAppContext@25dcf1b6{/,file:///tmp/jetty-0.0.0.0-35055-hddsDatanode-_-any-282261587426420666.dir/webapp/,AVAILABLE}{/hddsDatanode}
2019-09-19 10:35:21,248 [main] INFO  server.AbstractConnector (AbstractConnector.java:doStart(278)) - Started ServerConnector@113d0f75{HTTP/1.1,[http/1.1]}{0.0.0.0:35055}
2019-09-19 10:35:21,250 [main] INFO  server.Server (Server.java:doStart(419)) - Started @367171ms
2019-09-19 10:35:21,250 [main] WARN  impl.MetricsSystemImpl (MetricsSystemImpl.java:register(276)) - Sink prometheus already exists!
2019-09-19 10:35:21,251 [main] INFO  server.BaseHttpServer (BaseHttpServer.java:updateConnectorAddress(215)) - HTTP server of HDDSDATANODE is listening at http://0.0.0.0:35055
2019-09-19 10:35:21,252 [main] INFO  impl.MetricsSystemImpl (MetricsSystemImpl.java:init(158)) - HddsDatanode metrics system started (again)
2019-09-19 10:35:21,262 [org.apache.hadoop.util.JvmPauseMonitor$Monitor@270f1822] INFO  util.JvmPauseMonitor (JvmPauseMonitor.java:run(188)) - Starting JVM pause monitor
2019-09-19 10:35:21,264 [main] INFO  ozone.HddsDatanodeService (HddsDatanodeService.java:start(184)) - HddsDatanodeService host:pr-hdds-1054-s6xkv-2432930293 ip:192.168.5.171
2019-09-19 10:35:21,266 [Datanode State Machine Thread - 0] INFO  datanode.InitDatanodeState (InitDatanodeState.java:persistContainerDatanodeDetails(140)) - DatanodeDetails is persisted to /workdir/hadoop-ozone/ozonefs/target/test-dir/MiniOzoneClusterImpl-1effda81-744f-491e-8240-0d6175f8bd8e/datanode-0/meta/datanode.id
2019-09-19 10:35:21,270 [main] INFO  volume.HddsVolume (HddsVolume.java:<init>(176)) - Creating Volume: /workdir/hadoop-ozone/ozonefs/target/test-dir/MiniOzoneClusterImpl-1effda81-744f-491e-8240-0d6175f8bd8e/datanode-1/data/containers/hdds of  storage type : DISK and capacity : 1482555576320
2019-09-19 10:35:21,271 [main] INFO  volume.VolumeSet (VolumeSet.java:initializeVolumeSet(170)) - Added Volume : /workdir/hadoop-ozone/ozonefs/target/test-dir/MiniOzoneClusterImpl-1effda81-744f-491e-8240-0d6175f8bd8e/datanode-1/data/containers/hdds to VolumeSet
2019-09-19 10:35:21,271 [main] INFO  volume.ThrottledAsyncChecker (ThrottledAsyncChecker.java:schedule(139)) - Scheduling a check for org.apache.hadoop.ozone.container.common.volume.HddsVolume@2ae2fa13
2019-09-19 10:35:21,271 [main] INFO  volume.HddsVolumeChecker (HddsVolumeChecker.java:checkAllVolumes(202)) - Scheduled health check for volume org.apache.hadoop.ozone.container.common.volume.HddsVolume@2ae2fa13
2019-09-19 10:35:21,292 [main] INFO  impl.RaftServerProxy (ConfUtils.java:logGet(43)) - raft.rpc.type = GRPC (default)
2019-09-19 10:35:21,292 [main] INFO  grpc.GrpcFactory (GrpcFactory.java:checkPooledByteBufAllocatorUseCacheForAllThreads(45)) - PERFORMANCE WARNING: useCacheForAllThreads is true that may cause Netty to create a lot garbage objects and, as a result, trigger GC.
	It is recommended to disable useCacheForAllThreads by setting -Dorg.apache.ratis.thirdparty.io.netty.allocator.useCacheForAllThreads=false in command line.
2019-09-19 10:35:21,292 [main] INFO  grpc.GrpcConfigKeys$Server (ConfUtils.java:logGet(43)) - raft.grpc.server.port = 0 (default)
2019-09-19 10:35:21,292 [main] INFO  server.GrpcService (ConfUtils.java:logGet(43)) - raft.grpc.message.size.max = 33570816 (custom)
2019-09-19 10:35:21,292 [main] INFO  server.RaftServerConfigKeys (ConfUtils.java:logGet(43)) - raft.server.log.appender.buffer.byte-limit = 33554432 (custom)
2019-09-19 10:35:21,293 [main] INFO  server.GrpcService (ConfUtils.java:logGet(43)) - raft.grpc.flow.control.window = 1MB (=1048576) (default)
2019-09-19 10:35:21,293 [main] INFO  server.RaftServerConfigKeys (ConfUtils.java:logGet(43)) - raft.server.rpc.request.timeout = 3000ms (default)
2019-09-19 10:35:21,293 [main] INFO  server.RaftServerConfigKeys (ConfUtils.java:logGet(43)) - raft.server.storage.dir = [/workdir/hadoop-ozone/ozonefs/target/test-dir/MiniOzoneClusterImpl-1effda81-744f-491e-8240-0d6175f8bd8e/datanode-1/data/ratis] (custom)
2019-09-19 10:35:21,294 [main] INFO  hdfs.DFSUtil (DFSUtil.java:httpServerTemplateForNNAndJN(1641)) - Starting Web-server for hddsDatanode at: http://0.0.0.0:0
2019-09-19 10:35:21,295 [main] INFO  server.AuthenticationFilter (AuthenticationFilter.java:constructSecretProvider(240)) - Unable to initialize FileSignerSecretProvider, falling back to use random secrets.
2019-09-19 10:35:21,296 [main] WARN  http.HttpRequestLog (HttpRequestLog.java:getRequestLog(97)) - Jetty request log can only be enabled using Log4j
2019-09-19 10:35:21,297 [main] INFO  http.HttpServer2 (HttpServer2.java:addGlobalFilter(975)) - Added global filter 'safety' (class=org.apache.hadoop.http.HttpServer2$QuotingInputFilter)
2019-09-19 10:35:21,298 [main] INFO  http.HttpServer2 (HttpServer2.java:addFilter(948)) - Added filter static_user_filter (class=org.apache.hadoop.http.lib.StaticUserWebFilter$StaticUserFilter) to context hddsDatanode
2019-09-19 10:35:21,298 [main] INFO  http.HttpServer2 (HttpServer2.java:addFilter(958)) - Added filter static_user_filter (class=org.apache.hadoop.http.lib.StaticUserWebFilter$StaticUserFilter) to context logs
2019-09-19 10:35:21,298 [main] INFO  http.HttpServer2 (HttpServer2.java:addFilter(958)) - Added filter static_user_filter (class=org.apache.hadoop.http.lib.StaticUserWebFilter$StaticUserFilter) to context static
2019-09-19 10:35:21,298 [main] INFO  http.HttpServer2 (HttpServer2.java:bindListener(1191)) - Jetty bound to port 43318
2019-09-19 10:35:21,299 [main] INFO  server.Server (Server.java:doStart(351)) - jetty-9.3.24.v20180605, build timestamp: 2018-06-05T17:11:56Z, git hash: 84205aa28f11a4f31f2a3b86d1bba2cc8ab69827
2019-09-19 10:35:21,300 [main] INFO  handler.ContextHandler (ContextHandler.java:doStart(781)) - Started o.e.j.s.ServletContextHandler@7962a746{/logs,file:///workdir/hadoop-ozone/ozonefs/target/log,AVAILABLE}
2019-09-19 10:35:21,300 [main] INFO  handler.ContextHandler (ContextHandler.java:doStart(781)) - Started o.e.j.s.ServletContextHandler@7a7f9d45{/static,jar:file:/home/user/.m2/repository/org/apache/hadoop/hadoop-hdds-container-service/0.5.0-SNAPSHOT/hadoop-hdds-container-service-0.5.0-SNAPSHOT.jar!/webapps/static,AVAILABLE}
2019-09-19 10:35:21,328 [main] INFO  handler.ContextHandler (ContextHandler.java:doStart(781)) - Started o.e.j.w.WebAppContext@4bff28e7{/,file:///tmp/jetty-0.0.0.0-43318-hddsDatanode-_-any-839292486001591231.dir/webapp/,AVAILABLE}{/hddsDatanode}
2019-09-19 10:35:21,328 [main] INFO  server.AbstractConnector (AbstractConnector.java:doStart(278)) - Started ServerConnector@39e7e040{HTTP/1.1,[http/1.1]}{0.0.0.0:43318}
2019-09-19 10:35:21,329 [main] INFO  server.Server (Server.java:doStart(419)) - Started @367250ms
2019-09-19 10:35:21,329 [main] WARN  impl.MetricsSystemImpl (MetricsSystemImpl.java:register(276)) - Sink prometheus already exists!
2019-09-19 10:35:21,330 [main] INFO  server.BaseHttpServer (BaseHttpServer.java:updateConnectorAddress(215)) - HTTP server of HDDSDATANODE is listening at http://0.0.0.0:43318
2019-09-19 10:35:21,330 [main] INFO  impl.MetricsSystemImpl (MetricsSystemImpl.java:init(158)) - HddsDatanode metrics system started (again)
2019-09-19 10:35:21,337 [main] INFO  ozone.HddsDatanodeService (HddsDatanodeService.java:start(184)) - HddsDatanodeService host:pr-hdds-1054-s6xkv-2432930293 ip:192.168.5.171
2019-09-19 10:35:21,337 [org.apache.hadoop.util.JvmPauseMonitor$Monitor@666c7430] INFO  util.JvmPauseMonitor (JvmPauseMonitor.java:run(188)) - Starting JVM pause monitor
2019-09-19 10:35:21,339 [Datanode State Machine Thread - 0] INFO  datanode.InitDatanodeState (InitDatanodeState.java:persistContainerDatanodeDetails(140)) - DatanodeDetails is persisted to /workdir/hadoop-ozone/ozonefs/target/test-dir/MiniOzoneClusterImpl-1effda81-744f-491e-8240-0d6175f8bd8e/datanode-1/meta/datanode.id
2019-09-19 10:35:21,343 [main] INFO  volume.HddsVolume (HddsVolume.java:<init>(176)) - Creating Volume: /workdir/hadoop-ozone/ozonefs/target/test-dir/MiniOzoneClusterImpl-1effda81-744f-491e-8240-0d6175f8bd8e/datanode-2/data/containers/hdds of  storage type : DISK and capacity : 1482555576320
2019-09-19 10:35:21,343 [main] INFO  volume.VolumeSet (VolumeSet.java:initializeVolumeSet(170)) - Added Volume : /workdir/hadoop-ozone/ozonefs/target/test-dir/MiniOzoneClusterImpl-1effda81-744f-491e-8240-0d6175f8bd8e/datanode-2/data/containers/hdds to VolumeSet
2019-09-19 10:35:21,343 [main] INFO  volume.ThrottledAsyncChecker (ThrottledAsyncChecker.java:schedule(139)) - Scheduling a check for org.apache.hadoop.ozone.container.common.volume.HddsVolume@420b55ed
2019-09-19 10:35:21,344 [main] INFO  volume.HddsVolumeChecker (HddsVolumeChecker.java:checkAllVolumes(202)) - Scheduled health check for volume org.apache.hadoop.ozone.container.common.volume.HddsVolume@420b55ed
2019-09-19 10:35:21,362 [main] INFO  impl.RaftServerProxy (ConfUtils.java:logGet(43)) - raft.rpc.type = GRPC (default)
2019-09-19 10:35:21,362 [main] INFO  grpc.GrpcFactory (GrpcFactory.java:checkPooledByteBufAllocatorUseCacheForAllThreads(45)) - PERFORMANCE WARNING: useCacheForAllThreads is true that may cause Netty to create a lot garbage objects and, as a result, trigger GC.
	It is recommended to disable useCacheForAllThreads by setting -Dorg.apache.ratis.thirdparty.io.netty.allocator.useCacheForAllThreads=false in command line.
2019-09-19 10:35:21,363 [main] INFO  grpc.GrpcConfigKeys$Server (ConfUtils.java:logGet(43)) - raft.grpc.server.port = 0 (default)
2019-09-19 10:35:21,363 [main] INFO  server.GrpcService (ConfUtils.java:logGet(43)) - raft.grpc.message.size.max = 33570816 (custom)
2019-09-19 10:35:21,363 [main] INFO  server.RaftServerConfigKeys (ConfUtils.java:logGet(43)) - raft.server.log.appender.buffer.byte-limit = 33554432 (custom)
2019-09-19 10:35:21,363 [main] INFO  server.GrpcService (ConfUtils.java:logGet(43)) - raft.grpc.flow.control.window = 1MB (=1048576) (default)
2019-09-19 10:35:21,363 [main] INFO  server.RaftServerConfigKeys (ConfUtils.java:logGet(43)) - raft.server.rpc.request.timeout = 3000ms (default)
2019-09-19 10:35:21,364 [main] INFO  server.RaftServerConfigKeys (ConfUtils.java:logGet(43)) - raft.server.storage.dir = [/workdir/hadoop-ozone/ozonefs/target/test-dir/MiniOzoneClusterImpl-1effda81-744f-491e-8240-0d6175f8bd8e/datanode-2/data/ratis] (custom)
2019-09-19 10:35:21,365 [main] INFO  hdfs.DFSUtil (DFSUtil.java:httpServerTemplateForNNAndJN(1641)) - Starting Web-server for hddsDatanode at: http://0.0.0.0:0
2019-09-19 10:35:21,366 [main] INFO  server.AuthenticationFilter (AuthenticationFilter.java:constructSecretProvider(240)) - Unable to initialize FileSignerSecretProvider, falling back to use random secrets.
2019-09-19 10:35:21,366 [main] WARN  http.HttpRequestLog (HttpRequestLog.java:getRequestLog(97)) - Jetty request log can only be enabled using Log4j
2019-09-19 10:35:21,368 [main] INFO  http.HttpServer2 (HttpServer2.java:addGlobalFilter(975)) - Added global filter 'safety' (class=org.apache.hadoop.http.HttpServer2$QuotingInputFilter)
2019-09-19 10:35:21,368 [main] INFO  http.HttpServer2 (HttpServer2.java:addFilter(948)) - Added filter static_user_filter (class=org.apache.hadoop.http.lib.StaticUserWebFilter$StaticUserFilter) to context hddsDatanode
2019-09-19 10:35:21,368 [main] INFO  http.HttpServer2 (HttpServer2.java:addFilter(958)) - Added filter static_user_filter (class=org.apache.hadoop.http.lib.StaticUserWebFilter$StaticUserFilter) to context logs
2019-09-19 10:35:21,369 [main] INFO  http.HttpServer2 (HttpServer2.java:addFilter(958)) - Added filter static_user_filter (class=org.apache.hadoop.http.lib.StaticUserWebFilter$StaticUserFilter) to context static
2019-09-19 10:35:21,369 [main] INFO  http.HttpServer2 (HttpServer2.java:bindListener(1191)) - Jetty bound to port 36584
2019-09-19 10:35:21,369 [main] INFO  server.Server (Server.java:doStart(351)) - jetty-9.3.24.v20180605, build timestamp: 2018-06-05T17:11:56Z, git hash: 84205aa28f11a4f31f2a3b86d1bba2cc8ab69827
2019-09-19 10:35:21,371 [main] INFO  handler.ContextHandler (ContextHandler.java:doStart(781)) - Started o.e.j.s.ServletContextHandler@13cf5f8a{/logs,file:///workdir/hadoop-ozone/ozonefs/target/log,AVAILABLE}
2019-09-19 10:35:21,371 [main] INFO  handler.ContextHandler (ContextHandler.java:doStart(781)) - Started o.e.j.s.ServletContextHandler@72f3acc9{/static,jar:file:/home/user/.m2/repository/org/apache/hadoop/hadoop-hdds-container-service/0.5.0-SNAPSHOT/hadoop-hdds-container-service-0.5.0-SNAPSHOT.jar!/webapps/static,AVAILABLE}
2019-09-19 10:35:21,398 [main] INFO  handler.ContextHandler (ContextHandler.java:doStart(781)) - Started o.e.j.w.WebAppContext@148b6f95{/,file:///tmp/jetty-0.0.0.0-36584-hddsDatanode-_-any-6553462063403276133.dir/webapp/,AVAILABLE}{/hddsDatanode}
2019-09-19 10:35:21,398 [main] INFO  server.AbstractConnector (AbstractConnector.java:doStart(278)) - Started ServerConnector@5ee581db{HTTP/1.1,[http/1.1]}{0.0.0.0:36584}
2019-09-19 10:35:21,400 [main] INFO  server.Server (Server.java:doStart(419)) - Started @367321ms
2019-09-19 10:35:21,401 [main] WARN  impl.MetricsSystemImpl (MetricsSystemImpl.java:register(276)) - Sink prometheus already exists!
2019-09-19 10:35:21,401 [main] INFO  server.BaseHttpServer (BaseHttpServer.java:updateConnectorAddress(215)) - HTTP server of HDDSDATANODE is listening at http://0.0.0.0:36584
2019-09-19 10:35:21,402 [main] INFO  ozone.MiniOzoneClusterImpl (MiniOzoneClusterImpl.java:lambda$waitForClusterToBeReady$0(145)) - Waiting for cluster to be ready. Got 0 of 3 DN Heartbeats.
2019-09-19 10:35:21,405 [org.apache.hadoop.util.JvmPauseMonitor$Monitor@e7c435a] INFO  util.JvmPauseMonitor (JvmPauseMonitor.java:run(188)) - Starting JVM pause monitor
2019-09-19 10:35:21,406 [Datanode State Machine Thread - 0] INFO  datanode.InitDatanodeState (InitDatanodeState.java:persistContainerDatanodeDetails(140)) - DatanodeDetails is persisted to /workdir/hadoop-ozone/ozonefs/target/test-dir/MiniOzoneClusterImpl-1effda81-744f-491e-8240-0d6175f8bd8e/datanode-2/meta/datanode.id
2019-09-19 10:35:22,402 [main] INFO  ozone.MiniOzoneClusterImpl (MiniOzoneClusterImpl.java:lambda$waitForClusterToBeReady$0(145)) - Waiting for cluster to be ready. Got 0 of 3 DN Heartbeats.
2019-09-19 10:35:23,318 [Datanode State Machine Thread - 0] INFO  ozoneimpl.OzoneContainer (OzoneContainer.java:start(217)) - Attempting to start container services.
2019-09-19 10:35:23,319 [Datanode State Machine Thread - 0] INFO  ozoneimpl.OzoneContainer (OzoneContainer.java:startContainerScrub(179)) - Background container scanner has been disabled.
2019-09-19 10:35:23,319 [Datanode State Machine Thread - 0] INFO  ratis.XceiverServerRatis (XceiverServerRatis.java:start(411)) - Starting XceiverServerRatis 9aee5a09-4a58-4c9c-9e60-8a9aa652786c at port 0
2019-09-19 10:35:23,325 [Datanode State Machine Thread - 0] INFO  impl.RaftServerProxy (RaftServerProxy.java:lambda$start$3(299)) - 9aee5a09-4a58-4c9c-9e60-8a9aa652786c: start RPC server
2019-09-19 10:35:23,328 [Datanode State Machine Thread - 0] INFO  server.GrpcService (GrpcService.java:startImpl(158)) - 9aee5a09-4a58-4c9c-9e60-8a9aa652786c: GrpcService started, listening on 0.0.0.0/0.0.0.0:38202
2019-09-19 10:35:23,328 [Datanode State Machine Thread - 0] INFO  ratis.XceiverServerRatis (XceiverServerRatis.java:start(421)) - XceiverServerRatis 9aee5a09-4a58-4c9c-9e60-8a9aa652786c is started using port 38202
2019-09-19 10:35:23,336 [Datanode State Machine Thread - 0] INFO  server.XceiverServerGrpc (XceiverServerGrpc.java:start(163)) - XceiverServerGrpc 9aee5a09-4a58-4c9c-9e60-8a9aa652786c is started using port 38404
2019-09-19 10:35:23,402 [main] INFO  ozone.MiniOzoneClusterImpl (MiniOzoneClusterImpl.java:lambda$waitForClusterToBeReady$0(145)) - Waiting for cluster to be ready. Got 0 of 3 DN Heartbeats.
2019-09-19 10:35:23,419 [Datanode State Machine Thread - 0] INFO  ozoneimpl.OzoneContainer (OzoneContainer.java:start(217)) - Attempting to start container services.
2019-09-19 10:35:23,423 [Datanode State Machine Thread - 0] INFO  ozoneimpl.OzoneContainer (OzoneContainer.java:startContainerScrub(179)) - Background container scanner has been disabled.
2019-09-19 10:35:23,423 [Datanode State Machine Thread - 0] INFO  ratis.XceiverServerRatis (XceiverServerRatis.java:start(411)) - Starting XceiverServerRatis 4d64a175-4b4e-44c0-a69c-2b88ef1d7b0a at port 0
2019-09-19 10:35:23,430 [Datanode State Machine Thread - 0] INFO  impl.RaftServerProxy (RaftServerProxy.java:lambda$start$3(299)) - 4d64a175-4b4e-44c0-a69c-2b88ef1d7b0a: start RPC server
2019-09-19 10:35:23,431 [Datanode State Machine Thread - 0] INFO  server.GrpcService (GrpcService.java:startImpl(158)) - 4d64a175-4b4e-44c0-a69c-2b88ef1d7b0a: GrpcService started, listening on 0.0.0.0/0.0.0.0:38950
2019-09-19 10:35:23,431 [Datanode State Machine Thread - 0] INFO  ratis.XceiverServerRatis (XceiverServerRatis.java:start(421)) - XceiverServerRatis 4d64a175-4b4e-44c0-a69c-2b88ef1d7b0a is started using port 38950
2019-09-19 10:35:23,432 [Datanode State Machine Thread - 0] INFO  server.XceiverServerGrpc (XceiverServerGrpc.java:start(163)) - XceiverServerGrpc 4d64a175-4b4e-44c0-a69c-2b88ef1d7b0a is started using port 38603
2019-09-19 10:35:24,076 [Datanode State Machine Thread - 0] INFO  ozoneimpl.OzoneContainer (OzoneContainer.java:start(217)) - Attempting to start container services.
2019-09-19 10:35:24,080 [Datanode State Machine Thread - 0] INFO  ozoneimpl.OzoneContainer (OzoneContainer.java:startContainerScrub(179)) - Background container scanner has been disabled.
2019-09-19 10:35:24,080 [Datanode State Machine Thread - 0] INFO  ratis.XceiverServerRatis (XceiverServerRatis.java:start(411)) - Starting XceiverServerRatis 22b67679-0935-426b-83cf-71539ab9923b at port 0
2019-09-19 10:35:24,088 [Datanode State Machine Thread - 0] INFO  impl.RaftServerProxy (RaftServerProxy.java:lambda$start$3(299)) - 22b67679-0935-426b-83cf-71539ab9923b: start RPC server
2019-09-19 10:35:24,089 [Datanode State Machine Thread - 0] INFO  server.GrpcService (GrpcService.java:startImpl(158)) - 22b67679-0935-426b-83cf-71539ab9923b: GrpcService started, listening on 0.0.0.0/0.0.0.0:46775
2019-09-19 10:35:24,089 [Datanode State Machine Thread - 0] INFO  ratis.XceiverServerRatis (XceiverServerRatis.java:start(421)) - XceiverServerRatis 22b67679-0935-426b-83cf-71539ab9923b is started using port 46775
2019-09-19 10:35:24,089 [Datanode State Machine Thread - 0] INFO  server.XceiverServerGrpc (XceiverServerGrpc.java:start(163)) - XceiverServerGrpc 22b67679-0935-426b-83cf-71539ab9923b is started using port 33942
2019-09-19 10:35:24,403 [main] INFO  ozone.MiniOzoneClusterImpl (MiniOzoneClusterImpl.java:lambda$waitForClusterToBeReady$0(145)) - Waiting for cluster to be ready. Got 0 of 3 DN Heartbeats.
2019-09-19 10:35:25,266 [IPC Server handler 0 on 43308] INFO  net.NetworkTopology (NetworkTopologyImpl.java:add(111)) - Added a new node: /default-rack/9aee5a09-4a58-4c9c-9e60-8a9aa652786c
2019-09-19 10:35:25,267 [IPC Server handler 0 on 43308] INFO  node.SCMNodeManager (SCMNodeManager.java:register(266)) - Registered Data node : 9aee5a09-4a58-4c9c-9e60-8a9aa652786c{ip: 192.168.5.171, host: pr-hdds-1054-s6xkv-2432930293, networkLocation: /default-rack, certSerialId: null}
2019-09-19 10:35:25,268 [EventQueue-NodeRegistrationContainerReportForDataNodeSafeModeRule] INFO  safemode.SCMSafeModeManager (DataNodeSafeModeRule.java:process(71)) - SCM in safe mode. 1 DataNodes registered, 1 required.
2019-09-19 10:35:25,270 [EventQueue-NodeRegistrationContainerReportForDataNodeSafeModeRule] INFO  safemode.SCMSafeModeManager (SCMSafeModeManager.java:validateSafeModeExitRules(177)) - ScmSafeModeManager, all rules are successfully validated
2019-09-19 10:35:25,270 [EventQueue-NodeRegistrationContainerReportForDataNodeSafeModeRule] INFO  safemode.SCMSafeModeManager (SCMSafeModeManager.java:exitSafeMode(193)) - SCM exiting safe mode.
2019-09-19 10:35:25,286 [grpc-default-executor-0] INFO  impl.RaftServerProxy (RaftServerProxy.java:addNew(89)) - 9aee5a09-4a58-4c9c-9e60-8a9aa652786c: addNew group-0209A838947A:[9aee5a09-4a58-4c9c-9e60-8a9aa652786c:192.168.5.171:38202] returns group-0209A838947A:java.util.concurrent.CompletableFuture@1e512a08[Not completed]
2019-09-19 10:35:25,291 [pool-578-thread-1] INFO  impl.RaftServerImpl (RaftServerImpl.java:<init>(95)) - 9aee5a09-4a58-4c9c-9e60-8a9aa652786c: new RaftServerImpl for group-0209A838947A:[9aee5a09-4a58-4c9c-9e60-8a9aa652786c:192.168.5.171:38202] with ContainerStateMachine:uninitialized
2019-09-19 10:35:25,291 [pool-578-thread-1] INFO  server.RaftServerConfigKeys (ConfUtils.java:logGet(43)) - raft.server.rpc.timeout.min = 5s (custom)
2019-09-19 10:35:25,291 [pool-578-thread-1] INFO  server.RaftServerConfigKeys (ConfUtils.java:logGet(43)) - raft.server.rpc.timeout.max = 5200ms (custom)
2019-09-19 10:35:25,291 [pool-578-thread-1] INFO  server.RaftServerConfigKeys (ConfUtils.java:logGet(43)) - raft.server.rpcslowness.timeout = 120s (custom)
2019-09-19 10:35:25,291 [pool-578-thread-1] INFO  server.RaftServerConfigKeys (ConfUtils.java:logGet(43)) - raft.server.sleep.deviation.threshold = 300 (default)
2019-09-19 10:35:25,291 [pool-578-thread-1] INFO  server.RaftServerConfigKeys (ConfUtils.java:logGet(43)) - raft.server.log.appender.install.snapshot.enabled = false (custom)
2019-09-19 10:35:25,292 [pool-578-thread-1] INFO  impl.RaftServerImpl (ServerState.java:<init>(103)) - 9aee5a09-4a58-4c9c-9e60-8a9aa652786c@group-0209A838947A: ConfigurationManager, init=-1: [9aee5a09-4a58-4c9c-9e60-8a9aa652786c:192.168.5.171:38202], old=null, confs=<EMPTY_MAP>
2019-09-19 10:35:25,292 [pool-578-thread-1] INFO  server.RaftServerConfigKeys (ConfUtils.java:logGet(43)) - raft.server.storage.dir = [/workdir/hadoop-ozone/ozonefs/target/test-dir/MiniOzoneClusterImpl-1effda81-744f-491e-8240-0d6175f8bd8e/datanode-0/data/ratis] (custom)
2019-09-19 10:35:25,292 [pool-578-thread-1] INFO  storage.RaftStorageDirectory (RaftStorageDirectory.java:analyzeStorage(246)) - The storage directory /workdir/hadoop-ozone/ozonefs/target/test-dir/MiniOzoneClusterImpl-1effda81-744f-491e-8240-0d6175f8bd8e/datanode-0/data/ratis/d3974ce1-e22a-4dfa-a2b7-0209a838947a does not exist. Creating ...
2019-09-19 10:35:25,339 [IPC Server handler 2 on 43308] INFO  net.NetworkTopology (NetworkTopologyImpl.java:add(111)) - Added a new node: /default-rack/4d64a175-4b4e-44c0-a69c-2b88ef1d7b0a
2019-09-19 10:35:25,339 [IPC Server handler 2 on 43308] INFO  node.SCMNodeManager (SCMNodeManager.java:register(266)) - Registered Data node : 4d64a175-4b4e-44c0-a69c-2b88ef1d7b0a{ip: 192.168.5.171, host: pr-hdds-1054-s6xkv-2432930293, networkLocation: /default-rack, certSerialId: null}
2019-09-19 10:35:25,404 [main] INFO  ozone.MiniOzoneClusterImpl (MiniOzoneClusterImpl.java:lambda$waitForClusterToBeReady$0(145)) - Waiting for cluster to be ready. Got 2 of 3 DN Heartbeats.
2019-09-19 10:35:25,406 [IPC Server handler 4 on 43308] INFO  net.NetworkTopology (NetworkTopologyImpl.java:add(111)) - Added a new node: /default-rack/22b67679-0935-426b-83cf-71539ab9923b
2019-09-19 10:35:25,406 [IPC Server handler 4 on 43308] INFO  node.SCMNodeManager (SCMNodeManager.java:register(266)) - Registered Data node : 22b67679-0935-426b-83cf-71539ab9923b{ip: 192.168.5.171, host: pr-hdds-1054-s6xkv-2432930293, networkLocation: /default-rack, certSerialId: null}
2019-09-19 10:35:25,983 [pool-578-thread-1] INFO  storage.RaftStorageDirectory (RaftStorageDirectory.java:tryLock(328)) - Lock on /workdir/hadoop-ozone/ozonefs/target/test-dir/MiniOzoneClusterImpl-1effda81-744f-491e-8240-0d6175f8bd8e/datanode-0/data/ratis/d3974ce1-e22a-4dfa-a2b7-0209a838947a/in_use.lock acquired by nodename 22861@pr-hdds-1054-s6xkv-2432930293
2019-09-19 10:35:26,248 [pool-578-thread-1] INFO  storage.RaftStorage (RaftStorage.java:format(72)) - Storage directory /workdir/hadoop-ozone/ozonefs/target/test-dir/MiniOzoneClusterImpl-1effda81-744f-491e-8240-0d6175f8bd8e/datanode-0/data/ratis/d3974ce1-e22a-4dfa-a2b7-0209a838947a has been successfully formatted.
2019-09-19 10:35:26,249 [pool-578-thread-1] INFO  ratis.ContainerStateMachine (ContainerStateMachine.java:loadSnapshot(230)) - group-0209A838947A: The snapshot info is null. Setting the last applied indexto:(t:0, i:~)
2019-09-19 10:35:26,249 [pool-578-thread-1] INFO  server.RaftServerConfigKeys (ConfUtils.java:logGet(43)) - raft.server.notification.no-leader.timeout = 120s (custom)
2019-09-19 10:35:26,249 [pool-578-thread-1] INFO  server.RaftServerConfigKeys (ConfUtils.java:logGet(43)) - raft.server.log.use.memory = false (default)
2019-09-19 10:35:26,249 [pool-578-thread-1] INFO  server.RaftServerConfigKeys (ConfUtils.java:logGet(43)) - raft.server.log.purge.gap = 1000000 (custom)
2019-09-19 10:35:26,250 [pool-578-thread-1] INFO  server.RaftServerConfigKeys (ConfUtils.java:logGet(43)) - raft.server.log.appender.buffer.byte-limit = 33554432 (custom)
2019-09-19 10:35:26,250 [pool-578-thread-1] INFO  server.RaftServerConfigKeys (ConfUtils.java:logGet(43)) - raft.server.log.segment.size.max = 1048576 (custom)
2019-09-19 10:35:26,250 [pool-578-thread-1] INFO  server.RaftServerConfigKeys (ConfUtils.java:logGet(43)) - raft.server.log.segment.cache.num.max = 2 (custom)
2019-09-19 10:35:26,250 [pool-578-thread-1] INFO  segmented.SegmentedRaftLogWorker (SegmentedRaftLogWorker.java:<init>(172)) - new 9aee5a09-4a58-4c9c-9e60-8a9aa652786c@group-0209A838947A-SegmentedRaftLogWorker for RaftStorage:Storage Directory /workdir/hadoop-ozone/ozonefs/target/test-dir/MiniOzoneClusterImpl-1effda81-744f-491e-8240-0d6175f8bd8e/datanode-0/data/ratis/d3974ce1-e22a-4dfa-a2b7-0209a838947a
2019-09-19 10:35:26,252 [pool-578-thread-1] INFO  server.RaftServerConfigKeys (ConfUtils.java:logGet(43)) - raft.server.log.queue.byte-limit = 2147483647 (custom)
2019-09-19 10:35:26,252 [pool-578-thread-1] INFO  server.RaftServerConfigKeys (ConfUtils.java:logGet(43)) - raft.server.log.queue.element-limit = 1024 (custom)
2019-09-19 10:35:26,253 [pool-578-thread-1] INFO  server.RaftServerConfigKeys (ConfUtils.java:logGet(43)) - raft.server.log.segment.size.max = 1048576 (custom)
2019-09-19 10:35:26,253 [pool-578-thread-1] INFO  server.RaftServerConfigKeys (ConfUtils.java:logGet(43)) - raft.server.log.preallocated.size = 16384 (custom)
2019-09-19 10:35:26,253 [pool-578-thread-1] INFO  server.RaftServerConfigKeys (ConfUtils.java:logGet(43)) - raft.server.log.write.buffer.size = 33554432 (custom)
2019-09-19 10:35:26,253 [pool-578-thread-1] INFO  server.RaftServerConfigKeys (ConfUtils.java:logGet(43)) - raft.server.log.force.sync.num = 128 (default)
2019-09-19 10:35:26,253 [pool-578-thread-1] INFO  server.RaftServerConfigKeys (ConfUtils.java:logGet(43)) - raft.server.log.statemachine.data.sync = true (default)
2019-09-19 10:35:26,253 [pool-578-thread-1] INFO  server.RaftServerConfigKeys (ConfUtils.java:logGet(43)) - raft.server.log.statemachine.data.sync.timeout = 10s (default)
2019-09-19 10:35:26,253 [pool-578-thread-1] INFO  server.RaftServerConfigKeys (ConfUtils.java:logGet(43)) - raft.server.log.statemachine.data.sync.timeout.retry = -1 (default)
2019-09-19 10:35:26,254 [pool-578-thread-1] INFO  server.RaftServerConfigKeys (ConfUtils.java:logGet(43)) - raft.server.log.statemachine.data.caching.enabled = true (custom)
2019-09-19 10:35:26,254 [pool-578-thread-1] INFO  segmented.SegmentedRaftLogWorker (SegmentedRaftLogWorker.java:lambda$new$0(132)) - 9aee5a09-4a58-4c9c-9e60-8a9aa652786c@group-0209A838947A-SegmentedRaftLogWorker: flushIndex: setUnconditionally 0 -> -1
2019-09-19 10:35:26,254 [pool-578-thread-1] INFO  server.RaftServerConfigKeys (ConfUtils.java:logGet(43)) - raft.server.snapshot.auto.trigger.enabled = true (custom)
2019-09-19 10:35:26,255 [pool-578-thread-1] INFO  server.RaftServerConfigKeys (ConfUtils.java:logGet(43)) - raft.server.snapshot.auto.trigger.threshold = 10000 (custom)
2019-09-19 10:35:26,255 [pool-578-thread-1] INFO  server.RaftServerConfigKeys (ConfUtils.java:logGet(43)) - raft.server.snapshot.retention.num.files = 5 (custom)
2019-09-19 10:35:26,255 [pool-578-thread-1] INFO  server.RaftServerConfigKeys (ConfUtils.java:logGet(43)) - raft.server.retrycache.expirytime = 600000ms (custom)
2019-09-19 10:35:26,257 [pool-578-thread-1] INFO  impl.RaftServerImpl (RaftServerImpl.java:start(185)) - 9aee5a09-4a58-4c9c-9e60-8a9aa652786c@group-0209A838947A: start as a follower, conf=-1: [9aee5a09-4a58-4c9c-9e60-8a9aa652786c:192.168.5.171:38202], old=null
2019-09-19 10:35:26,258 [pool-578-thread-1] INFO  impl.RaftServerImpl (RaftServerImpl.java:setRole(174)) - 9aee5a09-4a58-4c9c-9e60-8a9aa652786c@group-0209A838947A: changes role from      null to FOLLOWER at term 0 for startAsFollower
2019-09-19 10:35:26,258 [pool-578-thread-1] INFO  impl.RoleInfo (RoleInfo.java:updateAndGet(143)) - 9aee5a09-4a58-4c9c-9e60-8a9aa652786c: start FollowerState
2019-09-19 10:35:26,258 [pool-578-thread-1] INFO  util.JmxRegister (JmxRegister.java:tryRegister(44)) - Successfully registered JMX Bean with object name Ratis:service=RaftServer,group=group-0209A838947A,id=9aee5a09-4a58-4c9c-9e60-8a9aa652786c
2019-09-19 10:35:26,264 [RatisPipelineUtilsThread] INFO  pipeline.PipelineStateManager (PipelineStateManager.java:addPipeline(56)) - Created pipeline Pipeline[ Id: d3974ce1-e22a-4dfa-a2b7-0209a838947a, Nodes: 9aee5a09-4a58-4c9c-9e60-8a9aa652786c{ip: 192.168.5.171, host: pr-hdds-1054-s6xkv-2432930293, networkLocation: /default-rack, certSerialId: null}, Type:RATIS, Factor:ONE, State:OPEN]
2019-09-19 10:35:26,276 [grpc-default-executor-0] INFO  impl.RaftServerProxy (RaftServerProxy.java:addNew(89)) - 4d64a175-4b4e-44c0-a69c-2b88ef1d7b0a: addNew group-B48AA7967962:[4d64a175-4b4e-44c0-a69c-2b88ef1d7b0a:192.168.5.171:38950] returns group-B48AA7967962:java.util.concurrent.CompletableFuture@69e8b318[Not completed]
2019-09-19 10:35:26,278 [pool-588-thread-1] INFO  impl.RaftServerImpl (RaftServerImpl.java:<init>(95)) - 4d64a175-4b4e-44c0-a69c-2b88ef1d7b0a: new RaftServerImpl for group-B48AA7967962:[4d64a175-4b4e-44c0-a69c-2b88ef1d7b0a:192.168.5.171:38950] with ContainerStateMachine:uninitialized
2019-09-19 10:35:26,280 [pool-588-thread-1] INFO  server.RaftServerConfigKeys (ConfUtils.java:logGet(43)) - raft.server.rpc.timeout.min = 5s (custom)
2019-09-19 10:35:26,280 [pool-588-thread-1] INFO  server.RaftServerConfigKeys (ConfUtils.java:logGet(43)) - raft.server.rpc.timeout.max = 5200ms (custom)
2019-09-19 10:35:26,280 [pool-588-thread-1] INFO  server.RaftServerConfigKeys (ConfUtils.java:logGet(43)) - raft.server.rpcslowness.timeout = 120s (custom)
2019-09-19 10:35:26,280 [pool-588-thread-1] INFO  server.RaftServerConfigKeys (ConfUtils.java:logGet(43)) - raft.server.sleep.deviation.threshold = 300 (default)
2019-09-19 10:35:26,280 [pool-588-thread-1] INFO  server.RaftServerConfigKeys (ConfUtils.java:logGet(43)) - raft.server.log.appender.install.snapshot.enabled = false (custom)
2019-09-19 10:35:26,280 [pool-588-thread-1] INFO  impl.RaftServerImpl (ServerState.java:<init>(103)) - 4d64a175-4b4e-44c0-a69c-2b88ef1d7b0a@group-B48AA7967962: ConfigurationManager, init=-1: [4d64a175-4b4e-44c0-a69c-2b88ef1d7b0a:192.168.5.171:38950], old=null, confs=<EMPTY_MAP>
2019-09-19 10:35:26,281 [pool-588-thread-1] INFO  server.RaftServerConfigKeys (ConfUtils.java:logGet(43)) - raft.server.storage.dir = [/workdir/hadoop-ozone/ozonefs/target/test-dir/MiniOzoneClusterImpl-1effda81-744f-491e-8240-0d6175f8bd8e/datanode-1/data/ratis] (custom)
2019-09-19 10:35:26,281 [pool-588-thread-1] INFO  storage.RaftStorageDirectory (RaftStorageDirectory.java:analyzeStorage(246)) - The storage directory /workdir/hadoop-ozone/ozonefs/target/test-dir/MiniOzoneClusterImpl-1effda81-744f-491e-8240-0d6175f8bd8e/datanode-1/data/ratis/88c1d7fd-5ff4-41bf-aab7-b48aa7967962 does not exist. Creating ...
2019-09-19 10:35:26,404 [main] INFO  ozone.MiniOzoneClusterImpl (MiniOzoneClusterImpl.java:lambda$waitForClusterToBeReady$0(145)) - Cluster is ready. Got 3 of 3 DN Heartbeats.
2019-09-19 10:35:26,454 [main] INFO  rpc.RpcClient (RpcClient.java:createVolume(303)) - Creating Volume: mejmyilfph, with user93770 as owner.
2019-09-19 10:35:26,457 [IPC Server handler 1 on 42718] INFO  volume.OMVolumeCreateRequest (OMVolumeCreateRequest.java:validateAndUpdateCache(189)) - created volume:mejmyilfph for user:user93770
2019-09-19 10:35:26,470 [main] INFO  rpc.RpcClient (RpcClient.java:createBucket(442)) - Creating Bucket: mejmyilfph/cszsgrqgfw, with Versioning false and Storage Type set to DISK and Encryption set to false 
2019-09-19 10:35:26,485 [pool-588-thread-1] INFO  storage.RaftStorageDirectory (RaftStorageDirectory.java:tryLock(328)) - Lock on /workdir/hadoop-ozone/ozonefs/target/test-dir/MiniOzoneClusterImpl-1effda81-744f-491e-8240-0d6175f8bd8e/datanode-1/data/ratis/88c1d7fd-5ff4-41bf-aab7-b48aa7967962/in_use.lock acquired by nodename 22861@pr-hdds-1054-s6xkv-2432930293
2019-09-19 10:35:26,777 [pool-588-thread-1] INFO  storage.RaftStorage (RaftStorage.java:format(72)) - Storage directory /workdir/hadoop-ozone/ozonefs/target/test-dir/MiniOzoneClusterImpl-1effda81-744f-491e-8240-0d6175f8bd8e/datanode-1/data/ratis/88c1d7fd-5ff4-41bf-aab7-b48aa7967962 has been successfully formatted.
2019-09-19 10:35:26,778 [pool-588-thread-1] INFO  ratis.ContainerStateMachine (ContainerStateMachine.java:loadSnapshot(230)) - group-B48AA7967962: The snapshot info is null. Setting the last applied indexto:(t:0, i:~)
2019-09-19 10:35:26,778 [pool-588-thread-1] INFO  server.RaftServerConfigKeys (ConfUtils.java:logGet(43)) - raft.server.notification.no-leader.timeout = 120s (custom)
2019-09-19 10:35:26,778 [pool-588-thread-1] INFO  server.RaftServerConfigKeys (ConfUtils.java:logGet(43)) - raft.server.log.use.memory = false (default)
2019-09-19 10:35:26,779 [pool-588-thread-1] INFO  server.RaftServerConfigKeys (ConfUtils.java:logGet(43)) - raft.server.log.purge.gap = 1000000 (custom)
2019-09-19 10:35:26,779 [pool-588-thread-1] INFO  server.RaftServerConfigKeys (ConfUtils.java:logGet(43)) - raft.server.log.appender.buffer.byte-limit = 33554432 (custom)
2019-09-19 10:35:26,779 [pool-588-thread-1] INFO  server.RaftServerConfigKeys (ConfUtils.java:logGet(43)) - raft.server.log.segment.size.max = 1048576 (custom)
2019-09-19 10:35:26,779 [pool-588-thread-1] INFO  server.RaftServerConfigKeys (ConfUtils.java:logGet(43)) - raft.server.log.segment.cache.num.max = 2 (custom)
2019-09-19 10:35:26,779 [pool-588-thread-1] INFO  segmented.SegmentedRaftLogWorker (SegmentedRaftLogWorker.java:<init>(172)) - new 4d64a175-4b4e-44c0-a69c-2b88ef1d7b0a@group-B48AA7967962-SegmentedRaftLogWorker for RaftStorage:Storage Directory /workdir/hadoop-ozone/ozonefs/target/test-dir/MiniOzoneClusterImpl-1effda81-744f-491e-8240-0d6175f8bd8e/datanode-1/data/ratis/88c1d7fd-5ff4-41bf-aab7-b48aa7967962
2019-09-19 10:35:26,782 [pool-588-thread-1] INFO  server.RaftServerConfigKeys (ConfUtils.java:logGet(43)) - raft.server.log.queue.byte-limit = 2147483647 (custom)
2019-09-19 10:35:26,782 [pool-588-thread-1] INFO  server.RaftServerConfigKeys (ConfUtils.java:logGet(43)) - raft.server.log.queue.element-limit = 1024 (custom)
2019-09-19 10:35:26,782 [pool-588-thread-1] INFO  server.RaftServerConfigKeys (ConfUtils.java:logGet(43)) - raft.server.log.segment.size.max = 1048576 (custom)
2019-09-19 10:35:26,782 [pool-588-thread-1] INFO  server.RaftServerConfigKeys (ConfUtils.java:logGet(43)) - raft.server.log.preallocated.size = 16384 (custom)
2019-09-19 10:35:26,783 [pool-588-thread-1] INFO  server.RaftServerConfigKeys (ConfUtils.java:logGet(43)) - raft.server.log.write.buffer.size = 33554432 (custom)
2019-09-19 10:35:26,783 [pool-588-thread-1] INFO  server.RaftServerConfigKeys (ConfUtils.java:logGet(43)) - raft.server.log.force.sync.num = 128 (default)
2019-09-19 10:35:26,783 [pool-588-thread-1] INFO  server.RaftServerConfigKeys (ConfUtils.java:logGet(43)) - raft.server.log.statemachine.data.sync = true (default)
2019-09-19 10:35:26,783 [pool-588-thread-1] INFO  server.RaftServerConfigKeys (ConfUtils.java:logGet(43)) - raft.server.log.statemachine.data.sync.timeout = 10s (default)
2019-09-19 10:35:26,783 [pool-588-thread-1] INFO  server.RaftServerConfigKeys (ConfUtils.java:logGet(43)) - raft.server.log.statemachine.data.sync.timeout.retry = -1 (default)
2019-09-19 10:35:26,784 [pool-588-thread-1] INFO  server.RaftServerConfigKeys (ConfUtils.java:logGet(43)) - raft.server.log.statemachine.data.caching.enabled = true (custom)
2019-09-19 10:35:26,784 [pool-588-thread-1] INFO  segmented.SegmentedRaftLogWorker (SegmentedRaftLogWorker.java:lambda$new$0(132)) - 4d64a175-4b4e-44c0-a69c-2b88ef1d7b0a@group-B48AA7967962-SegmentedRaftLogWorker: flushIndex: setUnconditionally 0 -> -1
2019-09-19 10:35:26,784 [pool-588-thread-1] INFO  server.RaftServerConfigKeys (ConfUtils.java:logGet(43)) - raft.server.snapshot.auto.trigger.enabled = true (custom)
2019-09-19 10:35:26,785 [pool-588-thread-1] INFO  server.RaftServerConfigKeys (ConfUtils.java:logGet(43)) - raft.server.snapshot.auto.trigger.threshold = 10000 (custom)
2019-09-19 10:35:26,785 [pool-588-thread-1] INFO  server.RaftServerConfigKeys (ConfUtils.java:logGet(43)) - raft.server.snapshot.retention.num.files = 5 (custom)
2019-09-19 10:35:26,785 [pool-588-thread-1] INFO  server.RaftServerConfigKeys (ConfUtils.java:logGet(43)) - raft.server.retrycache.expirytime = 600000ms (custom)
2019-09-19 10:35:26,787 [pool-588-thread-1] INFO  impl.RaftServerImpl (RaftServerImpl.java:start(185)) - 4d64a175-4b4e-44c0-a69c-2b88ef1d7b0a@group-B48AA7967962: start as a follower, conf=-1: [4d64a175-4b4e-44c0-a69c-2b88ef1d7b0a:192.168.5.171:38950], old=null
2019-09-19 10:35:26,787 [pool-588-thread-1] INFO  impl.RaftServerImpl (RaftServerImpl.java:setRole(174)) - 4d64a175-4b4e-44c0-a69c-2b88ef1d7b0a@group-B48AA7967962: changes role from      null to FOLLOWER at term 0 for startAsFollower
2019-09-19 10:35:26,787 [pool-588-thread-1] INFO  impl.RoleInfo (RoleInfo.java:updateAndGet(143)) - 4d64a175-4b4e-44c0-a69c-2b88ef1d7b0a: start FollowerState
2019-09-19 10:35:26,800 [pool-588-thread-1] INFO  util.JmxRegister (JmxRegister.java:tryRegister(44)) - Successfully registered JMX Bean with object name Ratis:service=RaftServer,group=group-B48AA7967962,id=4d64a175-4b4e-44c0-a69c-2b88ef1d7b0a
2019-09-19 10:35:26,813 [RatisPipelineUtilsThread] INFO  pipeline.PipelineStateManager (PipelineStateManager.java:addPipeline(56)) - Created pipeline Pipeline[ Id: 88c1d7fd-5ff4-41bf-aab7-b48aa7967962, Nodes: 4d64a175-4b4e-44c0-a69c-2b88ef1d7b0a{ip: 192.168.5.171, host: pr-hdds-1054-s6xkv-2432930293, networkLocation: /default-rack, certSerialId: null}, Type:RATIS, Factor:ONE, State:OPEN]
2019-09-19 10:35:26,826 [grpc-default-executor-0] INFO  impl.RaftServerProxy (RaftServerProxy.java:addNew(89)) - 22b67679-0935-426b-83cf-71539ab9923b: addNew group-D7559C9785C5:[22b67679-0935-426b-83cf-71539ab9923b:192.168.5.171:46775] returns group-D7559C9785C5:java.util.concurrent.CompletableFuture@5eb070d2[Not completed]
2019-09-19 10:35:26,828 [pool-598-thread-1] INFO  impl.RaftServerImpl (RaftServerImpl.java:<init>(95)) - 22b67679-0935-426b-83cf-71539ab9923b: new RaftServerImpl for group-D7559C9785C5:[22b67679-0935-426b-83cf-71539ab9923b:192.168.5.171:46775] with ContainerStateMachine:uninitialized
2019-09-19 10:35:26,830 [pool-598-thread-1] INFO  server.RaftServerConfigKeys (ConfUtils.java:logGet(43)) - raft.server.rpc.timeout.min = 5s (custom)
2019-09-19 10:35:26,830 [pool-598-thread-1] INFO  server.RaftServerConfigKeys (ConfUtils.java:logGet(43)) - raft.server.rpc.timeout.max = 5200ms (custom)
2019-09-19 10:35:26,830 [pool-598-thread-1] INFO  server.RaftServerConfigKeys (ConfUtils.java:logGet(43)) - raft.server.rpcslowness.timeout = 120s (custom)
2019-09-19 10:35:26,830 [pool-598-thread-1] INFO  server.RaftServerConfigKeys (ConfUtils.java:logGet(43)) - raft.server.sleep.deviation.threshold = 300 (default)
2019-09-19 10:35:26,830 [pool-598-thread-1] INFO  server.RaftServerConfigKeys (ConfUtils.java:logGet(43)) - raft.server.log.appender.install.snapshot.enabled = false (custom)
2019-09-19 10:35:26,830 [pool-598-thread-1] INFO  impl.RaftServerImpl (ServerState.java:<init>(103)) - 22b67679-0935-426b-83cf-71539ab9923b@group-D7559C9785C5: ConfigurationManager, init=-1: [22b67679-0935-426b-83cf-71539ab9923b:192.168.5.171:46775], old=null, confs=<EMPTY_MAP>
2019-09-19 10:35:26,831 [pool-598-thread-1] INFO  server.RaftServerConfigKeys (ConfUtils.java:logGet(43)) - raft.server.storage.dir = [/workdir/hadoop-ozone/ozonefs/target/test-dir/MiniOzoneClusterImpl-1effda81-744f-491e-8240-0d6175f8bd8e/datanode-2/data/ratis] (custom)
2019-09-19 10:35:26,831 [pool-598-thread-1] INFO  storage.RaftStorageDirectory (RaftStorageDirectory.java:analyzeStorage(246)) - The storage directory /workdir/hadoop-ozone/ozonefs/target/test-dir/MiniOzoneClusterImpl-1effda81-744f-491e-8240-0d6175f8bd8e/datanode-2/data/ratis/67b943f7-4b8a-4dd6-86a1-d7559c9785c5 does not exist. Creating ...
2019-09-19 10:35:27,177 [pool-598-thread-1] INFO  storage.RaftStorageDirectory (RaftStorageDirectory.java:tryLock(328)) - Lock on /workdir/hadoop-ozone/ozonefs/target/test-dir/MiniOzoneClusterImpl-1effda81-744f-491e-8240-0d6175f8bd8e/datanode-2/data/ratis/67b943f7-4b8a-4dd6-86a1-d7559c9785c5/in_use.lock acquired by nodename 22861@pr-hdds-1054-s6xkv-2432930293
2019-09-19 10:35:27,765 [pool-598-thread-1] INFO  storage.RaftStorage (RaftStorage.java:format(72)) - Storage directory /workdir/hadoop-ozone/ozonefs/target/test-dir/MiniOzoneClusterImpl-1effda81-744f-491e-8240-0d6175f8bd8e/datanode-2/data/ratis/67b943f7-4b8a-4dd6-86a1-d7559c9785c5 has been successfully formatted.
2019-09-19 10:35:27,765 [pool-598-thread-1] INFO  ratis.ContainerStateMachine (ContainerStateMachine.java:loadSnapshot(230)) - group-D7559C9785C5: The snapshot info is null. Setting the last applied indexto:(t:0, i:~)
2019-09-19 10:35:27,766 [pool-598-thread-1] INFO  server.RaftServerConfigKeys (ConfUtils.java:logGet(43)) - raft.server.notification.no-leader.timeout = 120s (custom)
2019-09-19 10:35:27,766 [pool-598-thread-1] INFO  server.RaftServerConfigKeys (ConfUtils.java:logGet(43)) - raft.server.log.use.memory = false (default)
2019-09-19 10:35:27,766 [pool-598-thread-1] INFO  server.RaftServerConfigKeys (ConfUtils.java:logGet(43)) - raft.server.log.purge.gap = 1000000 (custom)
2019-09-19 10:35:27,766 [pool-598-thread-1] INFO  server.RaftServerConfigKeys (ConfUtils.java:logGet(43)) - raft.server.log.appender.buffer.byte-limit = 33554432 (custom)
2019-09-19 10:35:27,766 [pool-598-thread-1] INFO  server.RaftServerConfigKeys (ConfUtils.java:logGet(43)) - raft.server.log.segment.size.max = 1048576 (custom)
2019-09-19 10:35:27,766 [pool-598-thread-1] INFO  server.RaftServerConfigKeys (ConfUtils.java:logGet(43)) - raft.server.log.segment.cache.num.max = 2 (custom)
2019-09-19 10:35:27,767 [pool-598-thread-1] INFO  segmented.SegmentedRaftLogWorker (SegmentedRaftLogWorker.java:<init>(172)) - new 22b67679-0935-426b-83cf-71539ab9923b@group-D7559C9785C5-SegmentedRaftLogWorker for RaftStorage:Storage Directory /workdir/hadoop-ozone/ozonefs/target/test-dir/MiniOzoneClusterImpl-1effda81-744f-491e-8240-0d6175f8bd8e/datanode-2/data/ratis/67b943f7-4b8a-4dd6-86a1-d7559c9785c5
2019-09-19 10:35:27,769 [pool-598-thread-1] INFO  server.RaftServerConfigKeys (ConfUtils.java:logGet(43)) - raft.server.log.queue.byte-limit = 2147483647 (custom)
2019-09-19 10:35:27,769 [pool-598-thread-1] INFO  server.RaftServerConfigKeys (ConfUtils.java:logGet(43)) - raft.server.log.queue.element-limit = 1024 (custom)
2019-09-19 10:35:27,769 [pool-598-thread-1] INFO  server.RaftServerConfigKeys (ConfUtils.java:logGet(43)) - raft.server.log.segment.size.max = 1048576 (custom)
2019-09-19 10:35:27,769 [pool-598-thread-1] INFO  server.RaftServerConfigKeys (ConfUtils.java:logGet(43)) - raft.server.log.preallocated.size = 16384 (custom)
2019-09-19 10:35:27,770 [pool-598-thread-1] INFO  server.RaftServerConfigKeys (ConfUtils.java:logGet(43)) - raft.server.log.write.buffer.size = 33554432 (custom)
2019-09-19 10:35:27,770 [pool-598-thread-1] INFO  server.RaftServerConfigKeys (ConfUtils.java:logGet(43)) - raft.server.log.force.sync.num = 128 (default)
2019-09-19 10:35:27,770 [pool-598-thread-1] INFO  server.RaftServerConfigKeys (ConfUtils.java:logGet(43)) - raft.server.log.statemachine.data.sync = true (default)
2019-09-19 10:35:27,770 [pool-598-thread-1] INFO  server.RaftServerConfigKeys (ConfUtils.java:logGet(43)) - raft.server.log.statemachine.data.sync.timeout = 10s (default)
2019-09-19 10:35:27,770 [pool-598-thread-1] INFO  server.RaftServerConfigKeys (ConfUtils.java:logGet(43)) - raft.server.log.statemachine.data.sync.timeout.retry = -1 (default)
2019-09-19 10:35:27,771 [pool-598-thread-1] INFO  server.RaftServerConfigKeys (ConfUtils.java:logGet(43)) - raft.server.log.statemachine.data.caching.enabled = true (custom)
2019-09-19 10:35:27,771 [pool-598-thread-1] INFO  segmented.SegmentedRaftLogWorker (SegmentedRaftLogWorker.java:lambda$new$0(132)) - 22b67679-0935-426b-83cf-71539ab9923b@group-D7559C9785C5-SegmentedRaftLogWorker: flushIndex: setUnconditionally 0 -> -1
2019-09-19 10:35:27,771 [pool-598-thread-1] INFO  server.RaftServerConfigKeys (ConfUtils.java:logGet(43)) - raft.server.snapshot.auto.trigger.enabled = true (custom)
2019-09-19 10:35:27,771 [pool-598-thread-1] INFO  server.RaftServerConfigKeys (ConfUtils.java:logGet(43)) - raft.server.snapshot.auto.trigger.threshold = 10000 (custom)
2019-09-19 10:35:27,772 [pool-598-thread-1] INFO  server.RaftServerConfigKeys (ConfUtils.java:logGet(43)) - raft.server.snapshot.retention.num.files = 5 (custom)
2019-09-19 10:35:27,772 [pool-598-thread-1] INFO  server.RaftServerConfigKeys (ConfUtils.java:logGet(43)) - raft.server.retrycache.expirytime = 600000ms (custom)
2019-09-19 10:35:27,774 [pool-598-thread-1] INFO  impl.RaftServerImpl (RaftServerImpl.java:start(185)) - 22b67679-0935-426b-83cf-71539ab9923b@group-D7559C9785C5: start as a follower, conf=-1: [22b67679-0935-426b-83cf-71539ab9923b:192.168.5.171:46775], old=null
2019-09-19 10:35:27,774 [pool-598-thread-1] INFO  impl.RaftServerImpl (RaftServerImpl.java:setRole(174)) - 22b67679-0935-426b-83cf-71539ab9923b@group-D7559C9785C5: changes role from      null to FOLLOWER at term 0 for startAsFollower
2019-09-19 10:35:27,774 [pool-598-thread-1] INFO  impl.RoleInfo (RoleInfo.java:updateAndGet(143)) - 22b67679-0935-426b-83cf-71539ab9923b: start FollowerState
2019-09-19 10:35:27,774 [pool-598-thread-1] INFO  util.JmxRegister (JmxRegister.java:tryRegister(44)) - Successfully registered JMX Bean with object name Ratis:service=RaftServer,group=group-D7559C9785C5,id=22b67679-0935-426b-83cf-71539ab9923b
2019-09-19 10:35:27,781 [RatisPipelineUtilsThread] INFO  pipeline.PipelineStateManager (PipelineStateManager.java:addPipeline(56)) - Created pipeline Pipeline[ Id: 67b943f7-4b8a-4dd6-86a1-d7559c9785c5, Nodes: 22b67679-0935-426b-83cf-71539ab9923b{ip: 192.168.5.171, host: pr-hdds-1054-s6xkv-2432930293, networkLocation: /default-rack, certSerialId: null}, Type:RATIS, Factor:ONE, State:OPEN]
2019-09-19 10:35:27,810 [grpc-default-executor-1] INFO  impl.RaftServerProxy (RaftServerProxy.java:addNew(89)) - 22b67679-0935-426b-83cf-71539ab9923b: addNew group-E4721F147E2B:[22b67679-0935-426b-83cf-71539ab9923b:192.168.5.171:46775, 9aee5a09-4a58-4c9c-9e60-8a9aa652786c:192.168.5.171:38202, 4d64a175-4b4e-44c0-a69c-2b88ef1d7b0a:192.168.5.171:38950] returns group-E4721F147E2B:java.util.concurrent.CompletableFuture@6d87817e[Not completed]
2019-09-19 10:35:27,810 [grpc-default-executor-2] INFO  impl.RaftServerProxy (RaftServerProxy.java:addNew(89)) - 9aee5a09-4a58-4c9c-9e60-8a9aa652786c: addNew group-E4721F147E2B:[22b67679-0935-426b-83cf-71539ab9923b:192.168.5.171:46775, 9aee5a09-4a58-4c9c-9e60-8a9aa652786c:192.168.5.171:38202, 4d64a175-4b4e-44c0-a69c-2b88ef1d7b0a:192.168.5.171:38950] returns group-E4721F147E2B:java.util.concurrent.CompletableFuture@32748cfb[Not completed]
2019-09-19 10:35:27,810 [grpc-default-executor-0] INFO  impl.RaftServerProxy (RaftServerProxy.java:addNew(89)) - 4d64a175-4b4e-44c0-a69c-2b88ef1d7b0a: addNew group-E4721F147E2B:[22b67679-0935-426b-83cf-71539ab9923b:192.168.5.171:46775, 9aee5a09-4a58-4c9c-9e60-8a9aa652786c:192.168.5.171:38202, 4d64a175-4b4e-44c0-a69c-2b88ef1d7b0a:192.168.5.171:38950] returns group-E4721F147E2B:java.util.concurrent.CompletableFuture@7a304f98[Not completed]
2019-09-19 10:35:27,811 [pool-598-thread-1] INFO  impl.RaftServerImpl (RaftServerImpl.java:<init>(95)) - 22b67679-0935-426b-83cf-71539ab9923b: new RaftServerImpl for group-E4721F147E2B:[22b67679-0935-426b-83cf-71539ab9923b:192.168.5.171:46775, 9aee5a09-4a58-4c9c-9e60-8a9aa652786c:192.168.5.171:38202, 4d64a175-4b4e-44c0-a69c-2b88ef1d7b0a:192.168.5.171:38950] with ContainerStateMachine:uninitialized
2019-09-19 10:35:27,811 [pool-598-thread-1] INFO  server.RaftServerConfigKeys (ConfUtils.java:logGet(43)) - raft.server.rpc.timeout.min = 5s (custom)
2019-09-19 10:35:27,811 [pool-598-thread-1] INFO  server.RaftServerConfigKeys (ConfUtils.java:logGet(43)) - raft.server.rpc.timeout.max = 5200ms (custom)
2019-09-19 10:35:27,812 [pool-598-thread-1] INFO  server.RaftServerConfigKeys (ConfUtils.java:logGet(43)) - raft.server.rpcslowness.timeout = 120s (custom)
2019-09-19 10:35:27,812 [pool-598-thread-1] INFO  server.RaftServerConfigKeys (ConfUtils.java:logGet(43)) - raft.server.sleep.deviation.threshold = 300 (default)
2019-09-19 10:35:27,812 [pool-598-thread-1] INFO  server.RaftServerConfigKeys (ConfUtils.java:logGet(43)) - raft.server.log.appender.install.snapshot.enabled = false (custom)
2019-09-19 10:35:27,812 [pool-578-thread-1] INFO  impl.RaftServerImpl (RaftServerImpl.java:<init>(95)) - 9aee5a09-4a58-4c9c-9e60-8a9aa652786c: new RaftServerImpl for group-E4721F147E2B:[22b67679-0935-426b-83cf-71539ab9923b:192.168.5.171:46775, 9aee5a09-4a58-4c9c-9e60-8a9aa652786c:192.168.5.171:38202, 4d64a175-4b4e-44c0-a69c-2b88ef1d7b0a:192.168.5.171:38950] with ContainerStateMachine:uninitialized
2019-09-19 10:35:27,812 [pool-598-thread-1] INFO  impl.RaftServerImpl (ServerState.java:<init>(103)) - 22b67679-0935-426b-83cf-71539ab9923b@group-E4721F147E2B: ConfigurationManager, init=-1: [22b67679-0935-426b-83cf-71539ab9923b:192.168.5.171:46775, 9aee5a09-4a58-4c9c-9e60-8a9aa652786c:192.168.5.171:38202, 4d64a175-4b4e-44c0-a69c-2b88ef1d7b0a:192.168.5.171:38950], old=null, confs=<EMPTY_MAP>
2019-09-19 10:35:27,812 [pool-578-thread-1] INFO  server.RaftServerConfigKeys (ConfUtils.java:logGet(43)) - raft.server.rpc.timeout.min = 5s (custom)
2019-09-19 10:35:27,812 [pool-588-thread-1] INFO  impl.RaftServerImpl (RaftServerImpl.java:<init>(95)) - 4d64a175-4b4e-44c0-a69c-2b88ef1d7b0a: new RaftServerImpl for group-E4721F147E2B:[22b67679-0935-426b-83cf-71539ab9923b:192.168.5.171:46775, 9aee5a09-4a58-4c9c-9e60-8a9aa652786c:192.168.5.171:38202, 4d64a175-4b4e-44c0-a69c-2b88ef1d7b0a:192.168.5.171:38950] with ContainerStateMachine:uninitialized
2019-09-19 10:35:27,812 [pool-598-thread-1] INFO  server.RaftServerConfigKeys (ConfUtils.java:logGet(43)) - raft.server.storage.dir = [/workdir/hadoop-ozone/ozonefs/target/test-dir/MiniOzoneClusterImpl-1effda81-744f-491e-8240-0d6175f8bd8e/datanode-2/data/ratis] (custom)
2019-09-19 10:35:27,812 [pool-588-thread-1] INFO  server.RaftServerConfigKeys (ConfUtils.java:logGet(43)) - raft.server.rpc.timeout.min = 5s (custom)
2019-09-19 10:35:27,812 [pool-578-thread-1] INFO  server.RaftServerConfigKeys (ConfUtils.java:logGet(43)) - raft.server.rpc.timeout.max = 5200ms (custom)
2019-09-19 10:35:27,813 [pool-598-thread-1] INFO  storage.RaftStorageDirectory (RaftStorageDirectory.java:analyzeStorage(246)) - The storage directory /workdir/hadoop-ozone/ozonefs/target/test-dir/MiniOzoneClusterImpl-1effda81-744f-491e-8240-0d6175f8bd8e/datanode-2/data/ratis/6fd363cf-5c28-420a-9a5d-e4721f147e2b does not exist. Creating ...
2019-09-19 10:35:27,813 [pool-588-thread-1] INFO  server.RaftServerConfigKeys (ConfUtils.java:logGet(43)) - raft.server.rpc.timeout.max = 5200ms (custom)
2019-09-19 10:35:27,813 [pool-578-thread-1] INFO  server.RaftServerConfigKeys (ConfUtils.java:logGet(43)) - raft.server.rpcslowness.timeout = 120s (custom)
2019-09-19 10:35:27,813 [pool-588-thread-1] INFO  server.RaftServerConfigKeys (ConfUtils.java:logGet(43)) - raft.server.rpcslowness.timeout = 120s (custom)
2019-09-19 10:35:27,813 [pool-578-thread-1] INFO  server.RaftServerConfigKeys (ConfUtils.java:logGet(43)) - raft.server.sleep.deviation.threshold = 300 (default)
2019-09-19 10:35:27,813 [pool-588-thread-1] INFO  server.RaftServerConfigKeys (ConfUtils.java:logGet(43)) - raft.server.sleep.deviation.threshold = 300 (default)
2019-09-19 10:35:27,814 [pool-578-thread-1] INFO  server.RaftServerConfigKeys (ConfUtils.java:logGet(43)) - raft.server.log.appender.install.snapshot.enabled = false (custom)
2019-09-19 10:35:27,814 [pool-588-thread-1] INFO  server.RaftServerConfigKeys (ConfUtils.java:logGet(43)) - raft.server.log.appender.install.snapshot.enabled = false (custom)
2019-09-19 10:35:27,814 [pool-578-thread-1] INFO  impl.RaftServerImpl (ServerState.java:<init>(103)) - 9aee5a09-4a58-4c9c-9e60-8a9aa652786c@group-E4721F147E2B: ConfigurationManager, init=-1: [22b67679-0935-426b-83cf-71539ab9923b:192.168.5.171:46775, 9aee5a09-4a58-4c9c-9e60-8a9aa652786c:192.168.5.171:38202, 4d64a175-4b4e-44c0-a69c-2b88ef1d7b0a:192.168.5.171:38950], old=null, confs=<EMPTY_MAP>
2019-09-19 10:35:27,814 [pool-588-thread-1] INFO  impl.RaftServerImpl (ServerState.java:<init>(103)) - 4d64a175-4b4e-44c0-a69c-2b88ef1d7b0a@group-E4721F147E2B: ConfigurationManager, init=-1: [22b67679-0935-426b-83cf-71539ab9923b:192.168.5.171:46775, 9aee5a09-4a58-4c9c-9e60-8a9aa652786c:192.168.5.171:38202, 4d64a175-4b4e-44c0-a69c-2b88ef1d7b0a:192.168.5.171:38950], old=null, confs=<EMPTY_MAP>
2019-09-19 10:35:27,814 [pool-578-thread-1] INFO  server.RaftServerConfigKeys (ConfUtils.java:logGet(43)) - raft.server.storage.dir = [/workdir/hadoop-ozone/ozonefs/target/test-dir/MiniOzoneClusterImpl-1effda81-744f-491e-8240-0d6175f8bd8e/datanode-0/data/ratis] (custom)
2019-09-19 10:35:27,814 [pool-588-thread-1] INFO  server.RaftServerConfigKeys (ConfUtils.java:logGet(43)) - raft.server.storage.dir = [/workdir/hadoop-ozone/ozonefs/target/test-dir/MiniOzoneClusterImpl-1effda81-744f-491e-8240-0d6175f8bd8e/datanode-1/data/ratis] (custom)
2019-09-19 10:35:27,815 [pool-578-thread-1] INFO  storage.RaftStorageDirectory (RaftStorageDirectory.java:analyzeStorage(246)) - The storage directory /workdir/hadoop-ozone/ozonefs/target/test-dir/MiniOzoneClusterImpl-1effda81-744f-491e-8240-0d6175f8bd8e/datanode-0/data/ratis/6fd363cf-5c28-420a-9a5d-e4721f147e2b does not exist. Creating ...
2019-09-19 10:35:27,815 [pool-588-thread-1] INFO  storage.RaftStorageDirectory (RaftStorageDirectory.java:analyzeStorage(246)) - The storage directory /workdir/hadoop-ozone/ozonefs/target/test-dir/MiniOzoneClusterImpl-1effda81-744f-491e-8240-0d6175f8bd8e/datanode-1/data/ratis/6fd363cf-5c28-420a-9a5d-e4721f147e2b does not exist. Creating ...
2019-09-19 10:35:28,157 [pool-588-thread-1] INFO  storage.RaftStorageDirectory (RaftStorageDirectory.java:tryLock(328)) - Lock on /workdir/hadoop-ozone/ozonefs/target/test-dir/MiniOzoneClusterImpl-1effda81-744f-491e-8240-0d6175f8bd8e/datanode-1/data/ratis/6fd363cf-5c28-420a-9a5d-e4721f147e2b/in_use.lock acquired by nodename 22861@pr-hdds-1054-s6xkv-2432930293
2019-09-19 10:35:28,157 [pool-598-thread-1] INFO  storage.RaftStorageDirectory (RaftStorageDirectory.java:tryLock(328)) - Lock on /workdir/hadoop-ozone/ozonefs/target/test-dir/MiniOzoneClusterImpl-1effda81-744f-491e-8240-0d6175f8bd8e/datanode-2/data/ratis/6fd363cf-5c28-420a-9a5d-e4721f147e2b/in_use.lock acquired by nodename 22861@pr-hdds-1054-s6xkv-2432930293
2019-09-19 10:35:28,157 [pool-578-thread-1] INFO  storage.RaftStorageDirectory (RaftStorageDirectory.java:tryLock(328)) - Lock on /workdir/hadoop-ozone/ozonefs/target/test-dir/MiniOzoneClusterImpl-1effda81-744f-491e-8240-0d6175f8bd8e/datanode-0/data/ratis/6fd363cf-5c28-420a-9a5d-e4721f147e2b/in_use.lock acquired by nodename 22861@pr-hdds-1054-s6xkv-2432930293
2019-09-19 10:35:28,233 [pool-598-thread-1] INFO  storage.RaftStorage (RaftStorage.java:format(72)) - Storage directory /workdir/hadoop-ozone/ozonefs/target/test-dir/MiniOzoneClusterImpl-1effda81-744f-491e-8240-0d6175f8bd8e/datanode-2/data/ratis/6fd363cf-5c28-420a-9a5d-e4721f147e2b has been successfully formatted.
2019-09-19 10:35:28,233 [pool-578-thread-1] INFO  storage.RaftStorage (RaftStorage.java:format(72)) - Storage directory /workdir/hadoop-ozone/ozonefs/target/test-dir/MiniOzoneClusterImpl-1effda81-744f-491e-8240-0d6175f8bd8e/datanode-0/data/ratis/6fd363cf-5c28-420a-9a5d-e4721f147e2b has been successfully formatted.
2019-09-19 10:35:28,233 [pool-588-thread-1] INFO  storage.RaftStorage (RaftStorage.java:format(72)) - Storage directory /workdir/hadoop-ozone/ozonefs/target/test-dir/MiniOzoneClusterImpl-1effda81-744f-491e-8240-0d6175f8bd8e/datanode-1/data/ratis/6fd363cf-5c28-420a-9a5d-e4721f147e2b has been successfully formatted.
2019-09-19 10:35:28,233 [pool-578-thread-1] INFO  ratis.ContainerStateMachine (ContainerStateMachine.java:loadSnapshot(230)) - group-E4721F147E2B: The snapshot info is null. Setting the last applied indexto:(t:0, i:~)
2019-09-19 10:35:28,233 [pool-598-thread-1] INFO  ratis.ContainerStateMachine (ContainerStateMachine.java:loadSnapshot(230)) - group-E4721F147E2B: The snapshot info is null. Setting the last applied indexto:(t:0, i:~)
2019-09-19 10:35:28,234 [pool-578-thread-1] INFO  server.RaftServerConfigKeys (ConfUtils.java:logGet(43)) - raft.server.notification.no-leader.timeout = 120s (custom)
2019-09-19 10:35:28,234 [pool-588-thread-1] INFO  ratis.ContainerStateMachine (ContainerStateMachine.java:loadSnapshot(230)) - group-E4721F147E2B: The snapshot info is null. Setting the last applied indexto:(t:0, i:~)
2019-09-19 10:35:28,234 [pool-578-thread-1] INFO  server.RaftServerConfigKeys (ConfUtils.java:logGet(43)) - raft.server.log.use.memory = false (default)
2019-09-19 10:35:28,234 [pool-598-thread-1] INFO  server.RaftServerConfigKeys (ConfUtils.java:logGet(43)) - raft.server.notification.no-leader.timeout = 120s (custom)
2019-09-19 10:35:28,234 [pool-578-thread-1] INFO  server.RaftServerConfigKeys (ConfUtils.java:logGet(43)) - raft.server.log.purge.gap = 1000000 (custom)
2019-09-19 10:35:28,234 [pool-588-thread-1] INFO  server.RaftServerConfigKeys (ConfUtils.java:logGet(43)) - raft.server.notification.no-leader.timeout = 120s (custom)
2019-09-19 10:35:28,235 [pool-578-thread-1] INFO  server.RaftServerConfigKeys (ConfUtils.java:logGet(43)) - raft.server.log.appender.buffer.byte-limit = 33554432 (custom)
2019-09-19 10:35:28,234 [pool-598-thread-1] INFO  server.RaftServerConfigKeys (ConfUtils.java:logGet(43)) - raft.server.log.use.memory = false (default)
2019-09-19 10:35:28,235 [pool-578-thread-1] INFO  server.RaftServerConfigKeys (ConfUtils.java:logGet(43)) - raft.server.log.segment.size.max = 1048576 (custom)
2019-09-19 10:35:28,235 [pool-588-thread-1] INFO  server.RaftServerConfigKeys (ConfUtils.java:logGet(43)) - raft.server.log.use.memory = false (default)
2019-09-19 10:35:28,235 [pool-578-thread-1] INFO  server.RaftServerConfigKeys (ConfUtils.java:logGet(43)) - raft.server.log.segment.cache.num.max = 2 (custom)
2019-09-19 10:35:28,235 [pool-598-thread-1] INFO  server.RaftServerConfigKeys (ConfUtils.java:logGet(43)) - raft.server.log.purge.gap = 1000000 (custom)
2019-09-19 10:35:28,236 [pool-578-thread-1] INFO  segmented.SegmentedRaftLogWorker (SegmentedRaftLogWorker.java:<init>(172)) - new 9aee5a09-4a58-4c9c-9e60-8a9aa652786c@group-E4721F147E2B-SegmentedRaftLogWorker for RaftStorage:Storage Directory /workdir/hadoop-ozone/ozonefs/target/test-dir/MiniOzoneClusterImpl-1effda81-744f-491e-8240-0d6175f8bd8e/datanode-0/data/ratis/6fd363cf-5c28-420a-9a5d-e4721f147e2b
2019-09-19 10:35:28,235 [pool-588-thread-1] INFO  server.RaftServerConfigKeys (ConfUtils.java:logGet(43)) - raft.server.log.purge.gap = 1000000 (custom)
2019-09-19 10:35:28,236 [pool-578-thread-1] INFO  server.RaftServerConfigKeys (ConfUtils.java:logGet(43)) - raft.server.log.queue.byte-limit = 2147483647 (custom)
2019-09-19 10:35:28,236 [pool-598-thread-1] INFO  server.RaftServerConfigKeys (ConfUtils.java:logGet(43)) - raft.server.log.appender.buffer.byte-limit = 33554432 (custom)
2019-09-19 10:35:28,236 [pool-578-thread-1] INFO  server.RaftServerConfigKeys (ConfUtils.java:logGet(43)) - raft.server.log.queue.element-limit = 1024 (custom)
2019-09-19 10:35:28,236 [pool-588-thread-1] INFO  server.RaftServerConfigKeys (ConfUtils.java:logGet(43)) - raft.server.log.appender.buffer.byte-limit = 33554432 (custom)
2019-09-19 10:35:28,236 [pool-578-thread-1] INFO  server.RaftServerConfigKeys (ConfUtils.java:logGet(43)) - raft.server.log.segment.size.max = 1048576 (custom)
2019-09-19 10:35:28,236 [pool-598-thread-1] INFO  server.RaftServerConfigKeys (ConfUtils.java:logGet(43)) - raft.server.log.segment.size.max = 1048576 (custom)
2019-09-19 10:35:28,237 [pool-578-thread-1] INFO  server.RaftServerConfigKeys (ConfUtils.java:logGet(43)) - raft.server.log.preallocated.size = 16384 (custom)
2019-09-19 10:35:28,237 [pool-578-thread-1] INFO  server.RaftServerConfigKeys (ConfUtils.java:logGet(43)) - raft.server.log.write.buffer.size = 33554432 (custom)
2019-09-19 10:35:28,237 [pool-588-thread-1] INFO  server.RaftServerConfigKeys (ConfUtils.java:logGet(43)) - raft.server.log.segment.size.max = 1048576 (custom)
2019-09-19 10:35:28,237 [pool-578-thread-1] INFO  server.RaftServerConfigKeys (ConfUtils.java:logGet(43)) - raft.server.log.force.sync.num = 128 (default)
2019-09-19 10:35:28,237 [pool-578-thread-1] INFO  server.RaftServerConfigKeys (ConfUtils.java:logGet(43)) - raft.server.log.statemachine.data.sync = true (default)
2019-09-19 10:35:28,237 [pool-598-thread-1] INFO  server.RaftServerConfigKeys (ConfUtils.java:logGet(43)) - raft.server.log.segment.cache.num.max = 2 (custom)
2019-09-19 10:35:28,238 [pool-578-thread-1] INFO  server.RaftServerConfigKeys (ConfUtils.java:logGet(43)) - raft.server.log.statemachine.data.sync.timeout = 10s (default)
2019-09-19 10:35:28,238 [pool-578-thread-1] INFO  server.RaftServerConfigKeys (ConfUtils.java:logGet(43)) - raft.server.log.statemachine.data.sync.timeout.retry = -1 (default)
2019-09-19 10:35:28,237 [pool-588-thread-1] INFO  server.RaftServerConfigKeys (ConfUtils.java:logGet(43)) - raft.server.log.segment.cache.num.max = 2 (custom)
2019-09-19 10:35:28,238 [pool-578-thread-1] INFO  server.RaftServerConfigKeys (ConfUtils.java:logGet(43)) - raft.server.log.statemachine.data.caching.enabled = true (custom)
2019-09-19 10:35:28,238 [pool-598-thread-1] INFO  segmented.SegmentedRaftLogWorker (SegmentedRaftLogWorker.java:<init>(172)) - new 22b67679-0935-426b-83cf-71539ab9923b@group-E4721F147E2B-SegmentedRaftLogWorker for RaftStorage:Storage Directory /workdir/hadoop-ozone/ozonefs/target/test-dir/MiniOzoneClusterImpl-1effda81-744f-491e-8240-0d6175f8bd8e/datanode-2/data/ratis/6fd363cf-5c28-420a-9a5d-e4721f147e2b
2019-09-19 10:35:28,238 [pool-588-thread-1] INFO  segmented.SegmentedRaftLogWorker (SegmentedRaftLogWorker.java:<init>(172)) - new 4d64a175-4b4e-44c0-a69c-2b88ef1d7b0a@group-E4721F147E2B-SegmentedRaftLogWorker for RaftStorage:Storage Directory /workdir/hadoop-ozone/ozonefs/target/test-dir/MiniOzoneClusterImpl-1effda81-744f-491e-8240-0d6175f8bd8e/datanode-1/data/ratis/6fd363cf-5c28-420a-9a5d-e4721f147e2b
2019-09-19 10:35:28,239 [pool-578-thread-1] INFO  segmented.SegmentedRaftLogWorker (SegmentedRaftLogWorker.java:lambda$new$0(132)) - 9aee5a09-4a58-4c9c-9e60-8a9aa652786c@group-E4721F147E2B-SegmentedRaftLogWorker: flushIndex: setUnconditionally 0 -> -1
2019-09-19 10:35:28,239 [pool-598-thread-1] INFO  server.RaftServerConfigKeys (ConfUtils.java:logGet(43)) - raft.server.log.queue.byte-limit = 2147483647 (custom)
2019-09-19 10:35:28,239 [pool-588-thread-1] INFO  server.RaftServerConfigKeys (ConfUtils.java:logGet(43)) - raft.server.log.queue.byte-limit = 2147483647 (custom)
2019-09-19 10:35:28,239 [pool-578-thread-1] INFO  server.RaftServerConfigKeys (ConfUtils.java:logGet(43)) - raft.server.snapshot.auto.trigger.enabled = true (custom)
2019-09-19 10:35:28,239 [pool-598-thread-1] INFO  server.RaftServerConfigKeys (ConfUtils.java:logGet(43)) - raft.server.log.queue.element-limit = 1024 (custom)
2019-09-19 10:35:28,239 [pool-578-thread-1] INFO  server.RaftServerConfigKeys (ConfUtils.java:logGet(43)) - raft.server.snapshot.auto.trigger.threshold = 10000 (custom)
2019-09-19 10:35:28,239 [pool-588-thread-1] INFO  server.RaftServerConfigKeys (ConfUtils.java:logGet(43)) - raft.server.log.queue.element-limit = 1024 (custom)
2019-09-19 10:35:28,240 [pool-578-thread-1] INFO  server.RaftServerConfigKeys (ConfUtils.java:logGet(43)) - raft.server.snapshot.retention.num.files = 5 (custom)
2019-09-19 10:35:28,240 [pool-598-thread-1] INFO  server.RaftServerConfigKeys (ConfUtils.java:logGet(43)) - raft.server.log.segment.size.max = 1048576 (custom)
2019-09-19 10:35:28,240 [pool-578-thread-1] INFO  server.RaftServerConfigKeys (ConfUtils.java:logGet(43)) - raft.server.retrycache.expirytime = 600000ms (custom)
2019-09-19 10:35:28,240 [pool-588-thread-1] INFO  server.RaftServerConfigKeys (ConfUtils.java:logGet(43)) - raft.server.log.segment.size.max = 1048576 (custom)
2019-09-19 10:35:28,240 [pool-598-thread-1] INFO  server.RaftServerConfigKeys (ConfUtils.java:logGet(43)) - raft.server.log.preallocated.size = 16384 (custom)
2019-09-19 10:35:28,241 [pool-588-thread-1] INFO  server.RaftServerConfigKeys (ConfUtils.java:logGet(43)) - raft.server.log.preallocated.size = 16384 (custom)
2019-09-19 10:35:28,241 [pool-598-thread-1] INFO  server.RaftServerConfigKeys (ConfUtils.java:logGet(43)) - raft.server.log.write.buffer.size = 33554432 (custom)
2019-09-19 10:35:28,241 [pool-588-thread-1] INFO  server.RaftServerConfigKeys (ConfUtils.java:logGet(43)) - raft.server.log.write.buffer.size = 33554432 (custom)
2019-09-19 10:35:28,241 [pool-598-thread-1] INFO  server.RaftServerConfigKeys (ConfUtils.java:logGet(43)) - raft.server.log.force.sync.num = 128 (default)
2019-09-19 10:35:28,241 [pool-588-thread-1] INFO  server.RaftServerConfigKeys (ConfUtils.java:logGet(43)) - raft.server.log.force.sync.num = 128 (default)
2019-09-19 10:35:28,241 [pool-598-thread-1] INFO  server.RaftServerConfigKeys (ConfUtils.java:logGet(43)) - raft.server.log.statemachine.data.sync = true (default)
2019-09-19 10:35:28,242 [pool-588-thread-1] INFO  server.RaftServerConfigKeys (ConfUtils.java:logGet(43)) - raft.server.log.statemachine.data.sync = true (default)
2019-09-19 10:35:28,242 [pool-598-thread-1] INFO  server.RaftServerConfigKeys (ConfUtils.java:logGet(43)) - raft.server.log.statemachine.data.sync.timeout = 10s (default)
2019-09-19 10:35:28,242 [pool-588-thread-1] INFO  server.RaftServerConfigKeys (ConfUtils.java:logGet(43)) - raft.server.log.statemachine.data.sync.timeout = 10s (default)
2019-09-19 10:35:28,242 [pool-598-thread-1] INFO  server.RaftServerConfigKeys (ConfUtils.java:logGet(43)) - raft.server.log.statemachine.data.sync.timeout.retry = -1 (default)
2019-09-19 10:35:28,242 [pool-588-thread-1] INFO  server.RaftServerConfigKeys (ConfUtils.java:logGet(43)) - raft.server.log.statemachine.data.sync.timeout.retry = -1 (default)
2019-09-19 10:35:28,242 [pool-598-thread-1] INFO  server.RaftServerConfigKeys (ConfUtils.java:logGet(43)) - raft.server.log.statemachine.data.caching.enabled = true (custom)
2019-09-19 10:35:28,242 [pool-578-thread-1] INFO  impl.RaftServerImpl (RaftServerImpl.java:start(185)) - 9aee5a09-4a58-4c9c-9e60-8a9aa652786c@group-E4721F147E2B: start as a follower, conf=-1: [22b67679-0935-426b-83cf-71539ab9923b:192.168.5.171:46775, 9aee5a09-4a58-4c9c-9e60-8a9aa652786c:192.168.5.171:38202, 4d64a175-4b4e-44c0-a69c-2b88ef1d7b0a:192.168.5.171:38950], old=null
2019-09-19 10:35:28,243 [pool-588-thread-1] INFO  server.RaftServerConfigKeys (ConfUtils.java:logGet(43)) - raft.server.log.statemachine.data.caching.enabled = true (custom)
2019-09-19 10:35:28,243 [pool-598-thread-1] INFO  segmented.SegmentedRaftLogWorker (SegmentedRaftLogWorker.java:lambda$new$0(132)) - 22b67679-0935-426b-83cf-71539ab9923b@group-E4721F147E2B-SegmentedRaftLogWorker: flushIndex: setUnconditionally 0 -> -1
2019-09-19 10:35:28,243 [pool-578-thread-1] INFO  impl.RaftServerImpl (RaftServerImpl.java:setRole(174)) - 9aee5a09-4a58-4c9c-9e60-8a9aa652786c@group-E4721F147E2B: changes role from      null to FOLLOWER at term 0 for startAsFollower
2019-09-19 10:35:28,243 [pool-588-thread-1] INFO  segmented.SegmentedRaftLogWorker (SegmentedRaftLogWorker.java:lambda$new$0(132)) - 4d64a175-4b4e-44c0-a69c-2b88ef1d7b0a@group-E4721F147E2B-SegmentedRaftLogWorker: flushIndex: setUnconditionally 0 -> -1
2019-09-19 10:35:28,243 [pool-598-thread-1] INFO  server.RaftServerConfigKeys (ConfUtils.java:logGet(43)) - raft.server.snapshot.auto.trigger.enabled = true (custom)
2019-09-19 10:35:28,243 [pool-578-thread-1] INFO  impl.RoleInfo (RoleInfo.java:updateAndGet(143)) - 9aee5a09-4a58-4c9c-9e60-8a9aa652786c: start FollowerState
2019-09-19 10:35:28,244 [pool-588-thread-1] INFO  server.RaftServerConfigKeys (ConfUtils.java:logGet(43)) - raft.server.snapshot.auto.trigger.enabled = true (custom)
2019-09-19 10:35:28,244 [pool-598-thread-1] INFO  server.RaftServerConfigKeys (ConfUtils.java:logGet(43)) - raft.server.snapshot.auto.trigger.threshold = 10000 (custom)
2019-09-19 10:35:28,244 [pool-588-thread-1] INFO  server.RaftServerConfigKeys (ConfUtils.java:logGet(43)) - raft.server.snapshot.auto.trigger.threshold = 10000 (custom)
2019-09-19 10:35:28,244 [pool-578-thread-1] INFO  util.JmxRegister (JmxRegister.java:tryRegister(44)) - Successfully registered JMX Bean with object name Ratis:service=RaftServer,group=group-E4721F147E2B,id=9aee5a09-4a58-4c9c-9e60-8a9aa652786c
2019-09-19 10:35:28,244 [pool-598-thread-1] INFO  server.RaftServerConfigKeys (ConfUtils.java:logGet(43)) - raft.server.snapshot.retention.num.files = 5 (custom)
2019-09-19 10:35:28,244 [pool-588-thread-1] INFO  server.RaftServerConfigKeys (ConfUtils.java:logGet(43)) - raft.server.snapshot.retention.num.files = 5 (custom)
2019-09-19 10:35:28,244 [pool-598-thread-1] INFO  server.RaftServerConfigKeys (ConfUtils.java:logGet(43)) - raft.server.retrycache.expirytime = 600000ms (custom)
2019-09-19 10:35:28,245 [pool-588-thread-1] INFO  server.RaftServerConfigKeys (ConfUtils.java:logGet(43)) - raft.server.retrycache.expirytime = 600000ms (custom)
2019-09-19 10:35:28,251 [pool-598-thread-1] INFO  impl.RaftServerImpl (RaftServerImpl.java:start(185)) - 22b67679-0935-426b-83cf-71539ab9923b@group-E4721F147E2B: start as a follower, conf=-1: [22b67679-0935-426b-83cf-71539ab9923b:192.168.5.171:46775, 9aee5a09-4a58-4c9c-9e60-8a9aa652786c:192.168.5.171:38202, 4d64a175-4b4e-44c0-a69c-2b88ef1d7b0a:192.168.5.171:38950], old=null
2019-09-19 10:35:28,251 [pool-588-thread-1] INFO  impl.RaftServerImpl (RaftServerImpl.java:start(185)) - 4d64a175-4b4e-44c0-a69c-2b88ef1d7b0a@group-E4721F147E2B: start as a follower, conf=-1: [22b67679-0935-426b-83cf-71539ab9923b:192.168.5.171:46775, 9aee5a09-4a58-4c9c-9e60-8a9aa652786c:192.168.5.171:38202, 4d64a175-4b4e-44c0-a69c-2b88ef1d7b0a:192.168.5.171:38950], old=null
2019-09-19 10:35:28,251 [pool-598-thread-1] INFO  impl.RaftServerImpl (RaftServerImpl.java:setRole(174)) - 22b67679-0935-426b-83cf-71539ab9923b@group-E4721F147E2B: changes role from      null to FOLLOWER at term 0 for startAsFollower
2019-09-19 10:35:28,251 [pool-588-thread-1] INFO  impl.RaftServerImpl (RaftServerImpl.java:setRole(174)) - 4d64a175-4b4e-44c0-a69c-2b88ef1d7b0a@group-E4721F147E2B: changes role from      null to FOLLOWER at term 0 for startAsFollower
2019-09-19 10:35:28,251 [pool-598-thread-1] INFO  impl.RoleInfo (RoleInfo.java:updateAndGet(143)) - 22b67679-0935-426b-83cf-71539ab9923b: start FollowerState
2019-09-19 10:35:28,251 [pool-588-thread-1] INFO  impl.RoleInfo (RoleInfo.java:updateAndGet(143)) - 4d64a175-4b4e-44c0-a69c-2b88ef1d7b0a: start FollowerState
2019-09-19 10:35:28,252 [pool-598-thread-1] INFO  util.JmxRegister (JmxRegister.java:tryRegister(44)) - Successfully registered JMX Bean with object name Ratis:service=RaftServer,group=group-E4721F147E2B,id=22b67679-0935-426b-83cf-71539ab9923b
2019-09-19 10:35:28,252 [pool-588-thread-1] INFO  util.JmxRegister (JmxRegister.java:tryRegister(44)) - Successfully registered JMX Bean with object name Ratis:service=RaftServer,group=group-E4721F147E2B,id=4d64a175-4b4e-44c0-a69c-2b88ef1d7b0a
2019-09-19 10:35:28,259 [RatisPipelineUtilsThread] INFO  pipeline.PipelineStateManager (PipelineStateManager.java:addPipeline(56)) - Created pipeline Pipeline[ Id: 6fd363cf-5c28-420a-9a5d-e4721f147e2b, Nodes: 9aee5a09-4a58-4c9c-9e60-8a9aa652786c{ip: 192.168.5.171, host: pr-hdds-1054-s6xkv-2432930293, networkLocation: /default-rack, certSerialId: null}4d64a175-4b4e-44c0-a69c-2b88ef1d7b0a{ip: 192.168.5.171, host: pr-hdds-1054-s6xkv-2432930293, networkLocation: /default-rack, certSerialId: null}22b67679-0935-426b-83cf-71539ab9923b{ip: 192.168.5.171, host: pr-hdds-1054-s6xkv-2432930293, networkLocation: /default-rack, certSerialId: null}, Type:RATIS, Factor:THREE, State:OPEN]
2019-09-19 10:35:28,274 [IPC Server handler 1 on 43602] WARN  block.BlockManagerImpl (BlockManagerImpl.java:allocateBlock(192)) - Pipeline creation failed for type:RATIS factor:THREE. Retrying get pipelines call once.
org.apache.hadoop.hdds.scm.pipeline.InsufficientDatanodesException: Cannot create pipeline of factor 3 using 0 nodes.
	at org.apache.hadoop.hdds.scm.pipeline.RatisPipelineProvider.create(RatisPipelineProvider.java:152)
	at org.apache.hadoop.hdds.scm.pipeline.PipelineFactory.create(PipelineFactory.java:57)
	at org.apache.hadoop.hdds.scm.pipeline.SCMPipelineManager.createPipeline(SCMPipelineManager.java:151)
	at org.apache.hadoop.hdds.scm.block.BlockManagerImpl.allocateBlock(BlockManagerImpl.java:190)
	at org.apache.hadoop.hdds.scm.server.SCMBlockProtocolServer.allocateBlock(SCMBlockProtocolServer.java:182)
	at org.apache.hadoop.ozone.protocolPB.ScmBlockLocationProtocolServerSideTranslatorPB.allocateScmBlock(ScmBlockLocationProtocolServerSideTranslatorPB.java:183)
	at org.apache.hadoop.ozone.protocolPB.ScmBlockLocationProtocolServerSideTranslatorPB.processMessage(ScmBlockLocationProtocolServerSideTranslatorPB.java:141)
	at org.apache.hadoop.ozone.protocolPB.ScmBlockLocationProtocolServerSideTranslatorPB.send(ScmBlockLocationProtocolServerSideTranslatorPB.java:116)
	at org.apache.hadoop.hdds.protocol.proto.ScmBlockLocationProtocolProtos$ScmBlockLocationProtocolService$2.callBlockingMethod(ScmBlockLocationProtocolProtos.java:13157)
	at org.apache.hadoop.ipc.ProtobufRpcEngine$Server$ProtoBufRpcInvoker.call(ProtobufRpcEngine.java:524)
	at org.apache.hadoop.ipc.RPC$Server.call(RPC.java:1025)
	at org.apache.hadoop.ipc.Server$RpcCall.run(Server.java:876)
	at org.apache.hadoop.ipc.Server$RpcCall.run(Server.java:822)
	at java.security.AccessController.doPrivileged(Native Method)
	at javax.security.auth.Subject.doAs(Subject.java:422)
	at org.apache.hadoop.security.UserGroupInformation.doAs(UserGroupInformation.java:1730)
	at org.apache.hadoop.ipc.Server$Handler.run(Server.java:2682)
2019-09-19 10:35:28,277 [Thread-2442] INFO  container.ReplicationManager (ReplicationManager.java:start(162)) - Starting Replication Monitor Thread.
2019-09-19 10:35:28,281 [ReplicationMonitor] INFO  container.ReplicationManager (ReplicationManager.java:run(225)) - Replication Monitor Thread took 0 milliseconds for processing 1 containers.
2019-09-19 10:35:31,418 [Thread-2444] INFO  impl.FollowerState (FollowerState.java:run(106)) - 9aee5a09-4a58-4c9c-9e60-8a9aa652786c:group-0209A838947A changes to CANDIDATE, lastRpcTime:5160, electionTimeout:5160ms
2019-09-19 10:35:31,419 [Thread-2444] INFO  impl.RoleInfo (RoleInfo.java:shutdownFollowerState(121)) - 9aee5a09-4a58-4c9c-9e60-8a9aa652786c: shutdown FollowerState
2019-09-19 10:35:31,419 [Thread-2444] INFO  impl.RaftServerImpl (RaftServerImpl.java:setRole(174)) - 9aee5a09-4a58-4c9c-9e60-8a9aa652786c@group-0209A838947A: changes role from  FOLLOWER to CANDIDATE at term 0 for changeToCandidate
2019-09-19 10:35:31,420 [Thread-2444] INFO  impl.RoleInfo (RoleInfo.java:updateAndGet(143)) - 9aee5a09-4a58-4c9c-9e60-8a9aa652786c: start LeaderElection
2019-09-19 10:35:31,729 [9aee5a09-4a58-4c9c-9e60-8a9aa652786c@group-0209A838947A:LeaderElection34] INFO  impl.LeaderElection (LeaderElection.java:askForVotes(182)) - 9aee5a09-4a58-4c9c-9e60-8a9aa652786c@group-0209A838947A:LeaderElection34: begin an election at term 1 for -1: [9aee5a09-4a58-4c9c-9e60-8a9aa652786c:192.168.5.171:38202], old=null
2019-09-19 10:35:31,730 [9aee5a09-4a58-4c9c-9e60-8a9aa652786c@group-0209A838947A:LeaderElection34] INFO  impl.RoleInfo (RoleInfo.java:shutdownLeaderElection(134)) - 9aee5a09-4a58-4c9c-9e60-8a9aa652786c: shutdown LeaderElection
2019-09-19 10:35:31,730 [9aee5a09-4a58-4c9c-9e60-8a9aa652786c@group-0209A838947A:LeaderElection34] INFO  impl.RaftServerImpl (RaftServerImpl.java:setRole(174)) - 9aee5a09-4a58-4c9c-9e60-8a9aa652786c@group-0209A838947A: changes role from CANDIDATE to LEADER at term 1 for changeToLeader
2019-09-19 10:35:31,730 [9aee5a09-4a58-4c9c-9e60-8a9aa652786c@group-0209A838947A:LeaderElection34] INFO  impl.RaftServerImpl (ServerState.java:setLeader(253)) - 9aee5a09-4a58-4c9c-9e60-8a9aa652786c@group-0209A838947A: change Leader from null to 9aee5a09-4a58-4c9c-9e60-8a9aa652786c at term 1 for becomeLeader, leader elected after 5481ms
2019-09-19 10:35:31,733 [9aee5a09-4a58-4c9c-9e60-8a9aa652786c@group-0209A838947A:LeaderElection34] INFO  server.RaftServerConfigKeys (ConfUtils.java:logGet(43)) - raft.server.staging.catchup.gap = 1000 (default)
2019-09-19 10:35:31,733 [9aee5a09-4a58-4c9c-9e60-8a9aa652786c@group-0209A838947A:LeaderElection34] INFO  server.RaftServerConfigKeys (ConfUtils.java:logGet(43)) - raft.server.rpc.sleep.time = 25ms (default)
2019-09-19 10:35:31,734 [9aee5a09-4a58-4c9c-9e60-8a9aa652786c@group-0209A838947A:LeaderElection34] INFO  server.RaftServerConfigKeys (ConfUtils.java:logGet(43)) - raft.server.write.element-limit = 4096 (default)
2019-09-19 10:35:31,734 [9aee5a09-4a58-4c9c-9e60-8a9aa652786c@group-0209A838947A:LeaderElection34] INFO  server.RaftServerConfigKeys (ConfUtils.java:logGet(43)) - raft.server.watch.timeout = 10s (default)
2019-09-19 10:35:31,734 [9aee5a09-4a58-4c9c-9e60-8a9aa652786c@group-0209A838947A:LeaderElection34] INFO  server.RaftServerConfigKeys (ConfUtils.java:logGet(43)) - raft.server.watch.timeout.denomination = 1s (default)
2019-09-19 10:35:31,734 [9aee5a09-4a58-4c9c-9e60-8a9aa652786c@group-0209A838947A:LeaderElection34] INFO  server.RaftServerConfigKeys (ConfUtils.java:logGet(43)) - raft.server.watch.element-limit = 65536 (default)
2019-09-19 10:35:31,738 [9aee5a09-4a58-4c9c-9e60-8a9aa652786c@group-0209A838947A:LeaderElection34] INFO  impl.RoleInfo (RoleInfo.java:updateAndGet(143)) - 9aee5a09-4a58-4c9c-9e60-8a9aa652786c: start LeaderState
2019-09-19 10:35:31,739 [9aee5a09-4a58-4c9c-9e60-8a9aa652786c@group-0209A838947A:LeaderElection34] INFO  segmented.SegmentedRaftLogWorker (SegmentedRaftLogWorker.java:startLogSegment(380)) - 9aee5a09-4a58-4c9c-9e60-8a9aa652786c@group-0209A838947A-SegmentedRaftLogWorker: Starting segment from index:0
2019-09-19 10:35:31,739 [9aee5a09-4a58-4c9c-9e60-8a9aa652786c@group-0209A838947A:LeaderElection34] INFO  impl.RaftServerImpl (ServerState.java:setRaftConf(354)) - 9aee5a09-4a58-4c9c-9e60-8a9aa652786c@group-0209A838947A: set configuration 0: [9aee5a09-4a58-4c9c-9e60-8a9aa652786c:192.168.5.171:38202], old=null at 0
2019-09-19 10:35:31,802 [Thread-2451] INFO  impl.FollowerState (FollowerState.java:run(106)) - 4d64a175-4b4e-44c0-a69c-2b88ef1d7b0a:group-B48AA7967962 changes to CANDIDATE, lastRpcTime:5014, electionTimeout:5002ms
2019-09-19 10:35:31,802 [Thread-2451] INFO  impl.RoleInfo (RoleInfo.java:shutdownFollowerState(121)) - 4d64a175-4b4e-44c0-a69c-2b88ef1d7b0a: shutdown FollowerState
2019-09-19 10:35:31,802 [Thread-2451] INFO  impl.RaftServerImpl (RaftServerImpl.java:setRole(174)) - 4d64a175-4b4e-44c0-a69c-2b88ef1d7b0a@group-B48AA7967962: changes role from  FOLLOWER to CANDIDATE at term 0 for changeToCandidate
2019-09-19 10:35:31,802 [Thread-2451] INFO  impl.RoleInfo (RoleInfo.java:updateAndGet(143)) - 4d64a175-4b4e-44c0-a69c-2b88ef1d7b0a: start LeaderElection
2019-09-19 10:35:32,114 [9aee5a09-4a58-4c9c-9e60-8a9aa652786c@group-0209A838947A-SegmentedRaftLogWorker] INFO  segmented.SegmentedRaftLogWorker (SegmentedRaftLogWorker.java:execute(569)) - 9aee5a09-4a58-4c9c-9e60-8a9aa652786c@group-0209A838947A-SegmentedRaftLogWorker: created new log segment /workdir/hadoop-ozone/ozonefs/target/test-dir/MiniOzoneClusterImpl-1effda81-744f-491e-8240-0d6175f8bd8e/datanode-0/data/ratis/d3974ce1-e22a-4dfa-a2b7-0209a838947a/current/log_inprogress_0
2019-09-19 10:35:32,114 [4d64a175-4b4e-44c0-a69c-2b88ef1d7b0a@group-B48AA7967962:LeaderElection35] INFO  impl.LeaderElection (LeaderElection.java:askForVotes(182)) - 4d64a175-4b4e-44c0-a69c-2b88ef1d7b0a@group-B48AA7967962:LeaderElection35: begin an election at term 1 for -1: [4d64a175-4b4e-44c0-a69c-2b88ef1d7b0a:192.168.5.171:38950], old=null
2019-09-19 10:35:32,114 [4d64a175-4b4e-44c0-a69c-2b88ef1d7b0a@group-B48AA7967962:LeaderElection35] INFO  impl.RoleInfo (RoleInfo.java:shutdownLeaderElection(134)) - 4d64a175-4b4e-44c0-a69c-2b88ef1d7b0a: shutdown LeaderElection
2019-09-19 10:35:32,115 [4d64a175-4b4e-44c0-a69c-2b88ef1d7b0a@group-B48AA7967962:LeaderElection35] INFO  impl.RaftServerImpl (RaftServerImpl.java:setRole(174)) - 4d64a175-4b4e-44c0-a69c-2b88ef1d7b0a@group-B48AA7967962: changes role from CANDIDATE to LEADER at term 1 for changeToLeader
2019-09-19 10:35:32,115 [4d64a175-4b4e-44c0-a69c-2b88ef1d7b0a@group-B48AA7967962:LeaderElection35] INFO  impl.RaftServerImpl (ServerState.java:setLeader(253)) - 4d64a175-4b4e-44c0-a69c-2b88ef1d7b0a@group-B48AA7967962: change Leader from null to 4d64a175-4b4e-44c0-a69c-2b88ef1d7b0a at term 1 for becomeLeader, leader elected after 5336ms
2019-09-19 10:35:32,115 [4d64a175-4b4e-44c0-a69c-2b88ef1d7b0a@group-B48AA7967962:LeaderElection35] INFO  server.RaftServerConfigKeys (ConfUtils.java:logGet(43)) - raft.server.staging.catchup.gap = 1000 (default)
2019-09-19 10:35:32,115 [4d64a175-4b4e-44c0-a69c-2b88ef1d7b0a@group-B48AA7967962:LeaderElection35] INFO  server.RaftServerConfigKeys (ConfUtils.java:logGet(43)) - raft.server.rpc.sleep.time = 25ms (default)
2019-09-19 10:35:32,115 [4d64a175-4b4e-44c0-a69c-2b88ef1d7b0a@group-B48AA7967962:LeaderElection35] INFO  server.RaftServerConfigKeys (ConfUtils.java:logGet(43)) - raft.server.write.element-limit = 4096 (default)
2019-09-19 10:35:32,115 [4d64a175-4b4e-44c0-a69c-2b88ef1d7b0a@group-B48AA7967962:LeaderElection35] INFO  server.RaftServerConfigKeys (ConfUtils.java:logGet(43)) - raft.server.watch.timeout = 10s (default)
2019-09-19 10:35:32,116 [4d64a175-4b4e-44c0-a69c-2b88ef1d7b0a@group-B48AA7967962:LeaderElection35] INFO  server.RaftServerConfigKeys (ConfUtils.java:logGet(43)) - raft.server.watch.timeout.denomination = 1s (default)
2019-09-19 10:35:32,116 [4d64a175-4b4e-44c0-a69c-2b88ef1d7b0a@group-B48AA7967962:LeaderElection35] INFO  server.RaftServerConfigKeys (ConfUtils.java:logGet(43)) - raft.server.watch.element-limit = 65536 (default)
2019-09-19 10:35:32,118 [4d64a175-4b4e-44c0-a69c-2b88ef1d7b0a@group-B48AA7967962:LeaderElection35] INFO  impl.RoleInfo (RoleInfo.java:updateAndGet(143)) - 4d64a175-4b4e-44c0-a69c-2b88ef1d7b0a: start LeaderState
2019-09-19 10:35:32,118 [4d64a175-4b4e-44c0-a69c-2b88ef1d7b0a@group-B48AA7967962:LeaderElection35] INFO  segmented.SegmentedRaftLogWorker (SegmentedRaftLogWorker.java:startLogSegment(380)) - 4d64a175-4b4e-44c0-a69c-2b88ef1d7b0a@group-B48AA7967962-SegmentedRaftLogWorker: Starting segment from index:0
2019-09-19 10:35:32,119 [4d64a175-4b4e-44c0-a69c-2b88ef1d7b0a@group-B48AA7967962:LeaderElection35] INFO  impl.RaftServerImpl (ServerState.java:setRaftConf(354)) - 4d64a175-4b4e-44c0-a69c-2b88ef1d7b0a@group-B48AA7967962: set configuration 0: [4d64a175-4b4e-44c0-a69c-2b88ef1d7b0a:192.168.5.171:38950], old=null at 0
2019-09-19 10:35:32,870 [4d64a175-4b4e-44c0-a69c-2b88ef1d7b0a@group-B48AA7967962-SegmentedRaftLogWorker] INFO  segmented.SegmentedRaftLogWorker (SegmentedRaftLogWorker.java:execute(569)) - 4d64a175-4b4e-44c0-a69c-2b88ef1d7b0a@group-B48AA7967962-SegmentedRaftLogWorker: created new log segment /workdir/hadoop-ozone/ozonefs/target/test-dir/MiniOzoneClusterImpl-1effda81-744f-491e-8240-0d6175f8bd8e/datanode-1/data/ratis/88c1d7fd-5ff4-41bf-aab7-b48aa7967962/current/log_inprogress_0
2019-09-19 10:35:32,877 [Thread-2454] INFO  impl.FollowerState (FollowerState.java:run(106)) - 22b67679-0935-426b-83cf-71539ab9923b:group-D7559C9785C5 changes to CANDIDATE, lastRpcTime:5102, electionTimeout:5102ms
2019-09-19 10:35:32,877 [Thread-2454] INFO  impl.RoleInfo (RoleInfo.java:shutdownFollowerState(121)) - 22b67679-0935-426b-83cf-71539ab9923b: shutdown FollowerState
2019-09-19 10:35:32,877 [Thread-2454] INFO  impl.RaftServerImpl (RaftServerImpl.java:setRole(174)) - 22b67679-0935-426b-83cf-71539ab9923b@group-D7559C9785C5: changes role from  FOLLOWER to CANDIDATE at term 0 for changeToCandidate
2019-09-19 10:35:32,877 [Thread-2454] INFO  impl.RoleInfo (RoleInfo.java:updateAndGet(143)) - 22b67679-0935-426b-83cf-71539ab9923b: start LeaderElection
2019-09-19 10:35:33,335 [Thread-2462] INFO  impl.FollowerState (FollowerState.java:run(106)) - 4d64a175-4b4e-44c0-a69c-2b88ef1d7b0a:group-E4721F147E2B changes to CANDIDATE, lastRpcTime:5083, electionTimeout:5083ms
2019-09-19 10:35:33,335 [Thread-2462] INFO  impl.RoleInfo (RoleInfo.java:shutdownFollowerState(121)) - 4d64a175-4b4e-44c0-a69c-2b88ef1d7b0a: shutdown FollowerState
2019-09-19 10:35:33,335 [Thread-2462] INFO  impl.RaftServerImpl (RaftServerImpl.java:setRole(174)) - 4d64a175-4b4e-44c0-a69c-2b88ef1d7b0a@group-E4721F147E2B: changes role from  FOLLOWER to CANDIDATE at term 0 for changeToCandidate
2019-09-19 10:35:33,336 [Thread-2462] INFO  impl.RoleInfo (RoleInfo.java:updateAndGet(143)) - 4d64a175-4b4e-44c0-a69c-2b88ef1d7b0a: start LeaderElection
2019-09-19 10:35:33,345 [Thread-2457] INFO  impl.FollowerState (FollowerState.java:run(106)) - 9aee5a09-4a58-4c9c-9e60-8a9aa652786c:group-E4721F147E2B changes to CANDIDATE, lastRpcTime:5101, electionTimeout:5101ms
2019-09-19 10:35:33,345 [Thread-2457] INFO  impl.RoleInfo (RoleInfo.java:shutdownFollowerState(121)) - 9aee5a09-4a58-4c9c-9e60-8a9aa652786c: shutdown FollowerState
2019-09-19 10:35:33,346 [Thread-2457] INFO  impl.RaftServerImpl (RaftServerImpl.java:setRole(174)) - 9aee5a09-4a58-4c9c-9e60-8a9aa652786c@group-E4721F147E2B: changes role from  FOLLOWER to CANDIDATE at term 0 for changeToCandidate
2019-09-19 10:35:33,346 [Thread-2457] INFO  impl.RoleInfo (RoleInfo.java:updateAndGet(143)) - 9aee5a09-4a58-4c9c-9e60-8a9aa652786c: start LeaderElection
2019-09-19 10:35:33,354 [Thread-2461] INFO  impl.FollowerState (FollowerState.java:run(106)) - 22b67679-0935-426b-83cf-71539ab9923b:group-E4721F147E2B changes to CANDIDATE, lastRpcTime:5102, electionTimeout:5102ms
2019-09-19 10:35:33,354 [Thread-2461] INFO  impl.RoleInfo (RoleInfo.java:shutdownFollowerState(121)) - 22b67679-0935-426b-83cf-71539ab9923b: shutdown FollowerState
2019-09-19 10:35:33,354 [Thread-2461] INFO  impl.RaftServerImpl (RaftServerImpl.java:setRole(174)) - 22b67679-0935-426b-83cf-71539ab9923b@group-E4721F147E2B: changes role from  FOLLOWER to CANDIDATE at term 0 for changeToCandidate
2019-09-19 10:35:33,354 [Thread-2461] INFO  impl.RoleInfo (RoleInfo.java:updateAndGet(143)) - 22b67679-0935-426b-83cf-71539ab9923b: start LeaderElection
2019-09-19 10:35:33,589 [22b67679-0935-426b-83cf-71539ab9923b@group-D7559C9785C5:LeaderElection36] INFO  impl.LeaderElection (LeaderElection.java:askForVotes(182)) - 22b67679-0935-426b-83cf-71539ab9923b@group-D7559C9785C5:LeaderElection36: begin an election at term 1 for -1: [22b67679-0935-426b-83cf-71539ab9923b:192.168.5.171:46775], old=null
2019-09-19 10:35:33,589 [22b67679-0935-426b-83cf-71539ab9923b@group-E4721F147E2B:LeaderElection39] INFO  impl.LeaderElection (LeaderElection.java:askForVotes(182)) - 22b67679-0935-426b-83cf-71539ab9923b@group-E4721F147E2B:LeaderElection39: begin an election at term 1 for -1: [22b67679-0935-426b-83cf-71539ab9923b:192.168.5.171:46775, 9aee5a09-4a58-4c9c-9e60-8a9aa652786c:192.168.5.171:38202, 4d64a175-4b4e-44c0-a69c-2b88ef1d7b0a:192.168.5.171:38950], old=null
2019-09-19 10:35:33,589 [22b67679-0935-426b-83cf-71539ab9923b@group-D7559C9785C5:LeaderElection36] INFO  impl.RoleInfo (RoleInfo.java:shutdownLeaderElection(134)) - 22b67679-0935-426b-83cf-71539ab9923b: shutdown LeaderElection
2019-09-19 10:35:33,589 [4d64a175-4b4e-44c0-a69c-2b88ef1d7b0a@group-E4721F147E2B:LeaderElection37] INFO  impl.LeaderElection (LeaderElection.java:askForVotes(182)) - 4d64a175-4b4e-44c0-a69c-2b88ef1d7b0a@group-E4721F147E2B:LeaderElection37: begin an election at term 1 for -1: [22b67679-0935-426b-83cf-71539ab9923b:192.168.5.171:46775, 9aee5a09-4a58-4c9c-9e60-8a9aa652786c:192.168.5.171:38202, 4d64a175-4b4e-44c0-a69c-2b88ef1d7b0a:192.168.5.171:38950], old=null
2019-09-19 10:35:33,589 [9aee5a09-4a58-4c9c-9e60-8a9aa652786c@group-E4721F147E2B:LeaderElection38] INFO  impl.LeaderElection (LeaderElection.java:askForVotes(182)) - 9aee5a09-4a58-4c9c-9e60-8a9aa652786c@group-E4721F147E2B:LeaderElection38: begin an election at term 1 for -1: [22b67679-0935-426b-83cf-71539ab9923b:192.168.5.171:46775, 9aee5a09-4a58-4c9c-9e60-8a9aa652786c:192.168.5.171:38202, 4d64a175-4b4e-44c0-a69c-2b88ef1d7b0a:192.168.5.171:38950], old=null
2019-09-19 10:35:33,589 [22b67679-0935-426b-83cf-71539ab9923b@group-D7559C9785C5:LeaderElection36] INFO  impl.RaftServerImpl (RaftServerImpl.java:setRole(174)) - 22b67679-0935-426b-83cf-71539ab9923b@group-D7559C9785C5: changes role from CANDIDATE to LEADER at term 1 for changeToLeader
2019-09-19 10:35:33,590 [22b67679-0935-426b-83cf-71539ab9923b@group-D7559C9785C5:LeaderElection36] INFO  impl.RaftServerImpl (ServerState.java:setLeader(253)) - 22b67679-0935-426b-83cf-71539ab9923b@group-D7559C9785C5: change Leader from null to 22b67679-0935-426b-83cf-71539ab9923b at term 1 for becomeLeader, leader elected after 5824ms
2019-09-19 10:35:33,590 [22b67679-0935-426b-83cf-71539ab9923b@group-D7559C9785C5:LeaderElection36] INFO  server.RaftServerConfigKeys (ConfUtils.java:logGet(43)) - raft.server.staging.catchup.gap = 1000 (default)
2019-09-19 10:35:33,590 [22b67679-0935-426b-83cf-71539ab9923b@group-D7559C9785C5:LeaderElection36] INFO  server.RaftServerConfigKeys (ConfUtils.java:logGet(43)) - raft.server.rpc.sleep.time = 25ms (default)
2019-09-19 10:35:33,590 [22b67679-0935-426b-83cf-71539ab9923b@group-D7559C9785C5:LeaderElection36] INFO  server.RaftServerConfigKeys (ConfUtils.java:logGet(43)) - raft.server.write.element-limit = 4096 (default)
2019-09-19 10:35:33,591 [22b67679-0935-426b-83cf-71539ab9923b@group-D7559C9785C5:LeaderElection36] INFO  server.RaftServerConfigKeys (ConfUtils.java:logGet(43)) - raft.server.watch.timeout = 10s (default)
2019-09-19 10:35:33,591 [22b67679-0935-426b-83cf-71539ab9923b@group-D7559C9785C5:LeaderElection36] INFO  server.RaftServerConfigKeys (ConfUtils.java:logGet(43)) - raft.server.watch.timeout.denomination = 1s (default)
2019-09-19 10:35:33,596 [22b67679-0935-426b-83cf-71539ab9923b@group-D7559C9785C5:LeaderElection36] INFO  server.RaftServerConfigKeys (ConfUtils.java:logGet(43)) - raft.server.watch.element-limit = 65536 (default)
2019-09-19 10:35:33,604 [22b67679-0935-426b-83cf-71539ab9923b@group-D7559C9785C5:LeaderElection36] INFO  impl.RoleInfo (RoleInfo.java:updateAndGet(143)) - 22b67679-0935-426b-83cf-71539ab9923b: start LeaderState
2019-09-19 10:35:33,604 [22b67679-0935-426b-83cf-71539ab9923b@group-D7559C9785C5:LeaderElection36] INFO  segmented.SegmentedRaftLogWorker (SegmentedRaftLogWorker.java:startLogSegment(380)) - 22b67679-0935-426b-83cf-71539ab9923b@group-D7559C9785C5-SegmentedRaftLogWorker: Starting segment from index:0
2019-09-19 10:35:33,604 [22b67679-0935-426b-83cf-71539ab9923b@group-D7559C9785C5:LeaderElection36] INFO  impl.RaftServerImpl (ServerState.java:setRaftConf(354)) - 22b67679-0935-426b-83cf-71539ab9923b@group-D7559C9785C5: set configuration 0: [22b67679-0935-426b-83cf-71539ab9923b:192.168.5.171:46775], old=null at 0
2019-09-19 10:35:33,670 [22b67679-0935-426b-83cf-71539ab9923b@group-E4721F147E2B:LeaderElection39] INFO  impl.LeaderElection (LeaderElection.java:logAndReturn(56)) - 22b67679-0935-426b-83cf-71539ab9923b@group-E4721F147E2B:LeaderElection39: Election REJECTED; received 2 response(s) [22b67679-0935-426b-83cf-71539ab9923b<-9aee5a09-4a58-4c9c-9e60-8a9aa652786c#0:FAIL-t1, 22b67679-0935-426b-83cf-71539ab9923b<-4d64a175-4b4e-44c0-a69c-2b88ef1d7b0a#0:FAIL-t1] and 0 exception(s); 22b67679-0935-426b-83cf-71539ab9923b@group-E4721F147E2B:t1, leader=null, voted=22b67679-0935-426b-83cf-71539ab9923b, raftlog=22b67679-0935-426b-83cf-71539ab9923b@group-E4721F147E2B-SegmentedRaftLog:OPENED:c-1,f-1,i0, conf=-1: [22b67679-0935-426b-83cf-71539ab9923b:192.168.5.171:46775, 9aee5a09-4a58-4c9c-9e60-8a9aa652786c:192.168.5.171:38202, 4d64a175-4b4e-44c0-a69c-2b88ef1d7b0a:192.168.5.171:38950], old=null
2019-09-19 10:35:33,670 [4d64a175-4b4e-44c0-a69c-2b88ef1d7b0a@group-E4721F147E2B:LeaderElection37] INFO  impl.LeaderElection (LeaderElection.java:logAndReturn(56)) - 4d64a175-4b4e-44c0-a69c-2b88ef1d7b0a@group-E4721F147E2B:LeaderElection37: Election REJECTED; received 2 response(s) [4d64a175-4b4e-44c0-a69c-2b88ef1d7b0a<-22b67679-0935-426b-83cf-71539ab9923b#0:FAIL-t1, 4d64a175-4b4e-44c0-a69c-2b88ef1d7b0a<-9aee5a09-4a58-4c9c-9e60-8a9aa652786c#0:FAIL-t1] and 0 exception(s); 4d64a175-4b4e-44c0-a69c-2b88ef1d7b0a@group-E4721F147E2B:t1, leader=null, voted=4d64a175-4b4e-44c0-a69c-2b88ef1d7b0a, raftlog=4d64a175-4b4e-44c0-a69c-2b88ef1d7b0a@group-E4721F147E2B-SegmentedRaftLog:OPENED:c-1,f-1,i0, conf=-1: [22b67679-0935-426b-83cf-71539ab9923b:192.168.5.171:46775, 9aee5a09-4a58-4c9c-9e60-8a9aa652786c:192.168.5.171:38202, 4d64a175-4b4e-44c0-a69c-2b88ef1d7b0a:192.168.5.171:38950], old=null
2019-09-19 10:35:33,670 [22b67679-0935-426b-83cf-71539ab9923b@group-E4721F147E2B:LeaderElection39] INFO  impl.RaftServerImpl (RaftServerImpl.java:setRole(174)) - 22b67679-0935-426b-83cf-71539ab9923b@group-E4721F147E2B: changes role from CANDIDATE to FOLLOWER at term 1 for DISCOVERED_A_NEW_TERM
2019-09-19 10:35:33,676 [4d64a175-4b4e-44c0-a69c-2b88ef1d7b0a@group-E4721F147E2B:LeaderElection37] INFO  impl.RaftServerImpl (RaftServerImpl.java:setRole(174)) - 4d64a175-4b4e-44c0-a69c-2b88ef1d7b0a@group-E4721F147E2B: changes role from CANDIDATE to FOLLOWER at term 1 for DISCOVERED_A_NEW_TERM
2019-09-19 10:35:33,679 [9aee5a09-4a58-4c9c-9e60-8a9aa652786c@group-E4721F147E2B:LeaderElection38] INFO  impl.LeaderElection (LeaderElection.java:logAndReturn(56)) - 9aee5a09-4a58-4c9c-9e60-8a9aa652786c@group-E4721F147E2B:LeaderElection38: Election REJECTED; received 2 response(s) [9aee5a09-4a58-4c9c-9e60-8a9aa652786c<-22b67679-0935-426b-83cf-71539ab9923b#0:FAIL-t1, 9aee5a09-4a58-4c9c-9e60-8a9aa652786c<-4d64a175-4b4e-44c0-a69c-2b88ef1d7b0a#0:FAIL-t1] and 0 exception(s); 9aee5a09-4a58-4c9c-9e60-8a9aa652786c@group-E4721F147E2B:t1, leader=null, voted=9aee5a09-4a58-4c9c-9e60-8a9aa652786c, raftlog=9aee5a09-4a58-4c9c-9e60-8a9aa652786c@group-E4721F147E2B-SegmentedRaftLog:OPENED:c-1,f-1,i0, conf=-1: [22b67679-0935-426b-83cf-71539ab9923b:192.168.5.171:46775, 9aee5a09-4a58-4c9c-9e60-8a9aa652786c:192.168.5.171:38202, 4d64a175-4b4e-44c0-a69c-2b88ef1d7b0a:192.168.5.171:38950], old=null
2019-09-19 10:35:33,678 [22b67679-0935-426b-83cf-71539ab9923b@group-E4721F147E2B:LeaderElection39] INFO  impl.RoleInfo (RoleInfo.java:shutdownLeaderElection(134)) - 22b67679-0935-426b-83cf-71539ab9923b: shutdown LeaderElection
2019-09-19 10:35:33,680 [9aee5a09-4a58-4c9c-9e60-8a9aa652786c@group-E4721F147E2B:LeaderElection38] INFO  impl.RaftServerImpl (RaftServerImpl.java:setRole(174)) - 9aee5a09-4a58-4c9c-9e60-8a9aa652786c@group-E4721F147E2B: changes role from CANDIDATE to FOLLOWER at term 1 for DISCOVERED_A_NEW_TERM
2019-09-19 10:35:33,679 [4d64a175-4b4e-44c0-a69c-2b88ef1d7b0a@group-E4721F147E2B:LeaderElection37] INFO  impl.RoleInfo (RoleInfo.java:shutdownLeaderElection(134)) - 4d64a175-4b4e-44c0-a69c-2b88ef1d7b0a: shutdown LeaderElection
2019-09-19 10:35:33,681 [9aee5a09-4a58-4c9c-9e60-8a9aa652786c@group-E4721F147E2B:LeaderElection38] INFO  impl.RoleInfo (RoleInfo.java:shutdownLeaderElection(134)) - 9aee5a09-4a58-4c9c-9e60-8a9aa652786c: shutdown LeaderElection
2019-09-19 10:35:33,681 [22b67679-0935-426b-83cf-71539ab9923b@group-E4721F147E2B:LeaderElection39] INFO  impl.RoleInfo (RoleInfo.java:updateAndGet(143)) - 22b67679-0935-426b-83cf-71539ab9923b: start FollowerState
2019-09-19 10:35:33,682 [9aee5a09-4a58-4c9c-9e60-8a9aa652786c@group-E4721F147E2B:LeaderElection38] INFO  impl.RoleInfo (RoleInfo.java:updateAndGet(143)) - 9aee5a09-4a58-4c9c-9e60-8a9aa652786c: start FollowerState
2019-09-19 10:35:33,682 [4d64a175-4b4e-44c0-a69c-2b88ef1d7b0a@group-E4721F147E2B:LeaderElection37] INFO  impl.RoleInfo (RoleInfo.java:updateAndGet(143)) - 4d64a175-4b4e-44c0-a69c-2b88ef1d7b0a: start FollowerState
2019-09-19 10:35:34,083 [22b67679-0935-426b-83cf-71539ab9923b@group-D7559C9785C5-SegmentedRaftLogWorker] INFO  segmented.SegmentedRaftLogWorker (SegmentedRaftLogWorker.java:execute(569)) - 22b67679-0935-426b-83cf-71539ab9923b@group-D7559C9785C5-SegmentedRaftLogWorker: created new log segment /workdir/hadoop-ozone/ozonefs/target/test-dir/MiniOzoneClusterImpl-1effda81-744f-491e-8240-0d6175f8bd8e/datanode-2/data/ratis/67b943f7-4b8a-4dd6-86a1-d7559c9785c5/current/log_inprogress_0
2019-09-19 10:35:38,687 [Thread-2494] INFO  impl.FollowerState (FollowerState.java:run(106)) - 22b67679-0935-426b-83cf-71539ab9923b:group-E4721F147E2B changes to CANDIDATE, lastRpcTime:5005, electionTimeout:5004ms
2019-09-19 10:35:38,687 [Thread-2494] INFO  impl.RoleInfo (RoleInfo.java:shutdownFollowerState(121)) - 22b67679-0935-426b-83cf-71539ab9923b: shutdown FollowerState
2019-09-19 10:35:38,687 [Thread-2494] INFO  impl.RaftServerImpl (RaftServerImpl.java:setRole(174)) - 22b67679-0935-426b-83cf-71539ab9923b@group-E4721F147E2B: changes role from  FOLLOWER to CANDIDATE at term 1 for changeToCandidate
2019-09-19 10:35:38,687 [Thread-2494] INFO  impl.RoleInfo (RoleInfo.java:updateAndGet(143)) - 22b67679-0935-426b-83cf-71539ab9923b: start LeaderElection
2019-09-19 10:35:38,728 [Thread-2495] INFO  impl.FollowerState (FollowerState.java:run(106)) - 4d64a175-4b4e-44c0-a69c-2b88ef1d7b0a:group-E4721F147E2B changes to CANDIDATE, lastRpcTime:5046, electionTimeout:5045ms
2019-09-19 10:35:38,728 [Thread-2495] INFO  impl.RoleInfo (RoleInfo.java:shutdownFollowerState(121)) - 4d64a175-4b4e-44c0-a69c-2b88ef1d7b0a: shutdown FollowerState
2019-09-19 10:35:38,728 [Thread-2495] INFO  impl.RaftServerImpl (RaftServerImpl.java:setRole(174)) - 4d64a175-4b4e-44c0-a69c-2b88ef1d7b0a@group-E4721F147E2B: changes role from  FOLLOWER to CANDIDATE at term 1 for changeToCandidate
2019-09-19 10:35:38,728 [Thread-2495] INFO  impl.RoleInfo (RoleInfo.java:updateAndGet(143)) - 4d64a175-4b4e-44c0-a69c-2b88ef1d7b0a: start LeaderElection
2019-09-19 10:35:38,771 [Thread-2496] INFO  impl.FollowerState (FollowerState.java:run(106)) - 9aee5a09-4a58-4c9c-9e60-8a9aa652786c:group-E4721F147E2B changes to CANDIDATE, lastRpcTime:5089, electionTimeout:5088ms
2019-09-19 10:35:38,771 [Thread-2496] INFO  impl.RoleInfo (RoleInfo.java:shutdownFollowerState(121)) - 9aee5a09-4a58-4c9c-9e60-8a9aa652786c: shutdown FollowerState
2019-09-19 10:35:38,771 [Thread-2496] INFO  impl.RaftServerImpl (RaftServerImpl.java:setRole(174)) - 9aee5a09-4a58-4c9c-9e60-8a9aa652786c@group-E4721F147E2B: changes role from  FOLLOWER to CANDIDATE at term 1 for changeToCandidate
2019-09-19 10:35:38,771 [Thread-2496] INFO  impl.RoleInfo (RoleInfo.java:updateAndGet(143)) - 9aee5a09-4a58-4c9c-9e60-8a9aa652786c: start LeaderElection
2019-09-19 10:35:38,993 [9aee5a09-4a58-4c9c-9e60-8a9aa652786c@group-E4721F147E2B:LeaderElection42] INFO  impl.LeaderElection (LeaderElection.java:askForVotes(182)) - 9aee5a09-4a58-4c9c-9e60-8a9aa652786c@group-E4721F147E2B:LeaderElection42: begin an election at term 2 for -1: [22b67679-0935-426b-83cf-71539ab9923b:192.168.5.171:46775, 9aee5a09-4a58-4c9c-9e60-8a9aa652786c:192.168.5.171:38202, 4d64a175-4b4e-44c0-a69c-2b88ef1d7b0a:192.168.5.171:38950], old=null
2019-09-19 10:35:38,993 [4d64a175-4b4e-44c0-a69c-2b88ef1d7b0a@group-E4721F147E2B:LeaderElection41] INFO  impl.LeaderElection (LeaderElection.java:askForVotes(182)) - 4d64a175-4b4e-44c0-a69c-2b88ef1d7b0a@group-E4721F147E2B:LeaderElection41: begin an election at term 2 for -1: [22b67679-0935-426b-83cf-71539ab9923b:192.168.5.171:46775, 9aee5a09-4a58-4c9c-9e60-8a9aa652786c:192.168.5.171:38202, 4d64a175-4b4e-44c0-a69c-2b88ef1d7b0a:192.168.5.171:38950], old=null
2019-09-19 10:35:38,993 [22b67679-0935-426b-83cf-71539ab9923b@group-E4721F147E2B:LeaderElection40] INFO  impl.LeaderElection (LeaderElection.java:askForVotes(182)) - 22b67679-0935-426b-83cf-71539ab9923b@group-E4721F147E2B:LeaderElection40: begin an election at term 2 for -1: [22b67679-0935-426b-83cf-71539ab9923b:192.168.5.171:46775, 9aee5a09-4a58-4c9c-9e60-8a9aa652786c:192.168.5.171:38202, 4d64a175-4b4e-44c0-a69c-2b88ef1d7b0a:192.168.5.171:38950], old=null
2019-09-19 10:35:39,222 [4d64a175-4b4e-44c0-a69c-2b88ef1d7b0a@group-E4721F147E2B:LeaderElection41] INFO  impl.LeaderElection (LeaderElection.java:logAndReturn(56)) - 4d64a175-4b4e-44c0-a69c-2b88ef1d7b0a@group-E4721F147E2B:LeaderElection41: Election REJECTED; received 2 response(s) [4d64a175-4b4e-44c0-a69c-2b88ef1d7b0a<-22b67679-0935-426b-83cf-71539ab9923b#0:FAIL-t2, 4d64a175-4b4e-44c0-a69c-2b88ef1d7b0a<-9aee5a09-4a58-4c9c-9e60-8a9aa652786c#0:FAIL-t2] and 0 exception(s); 4d64a175-4b4e-44c0-a69c-2b88ef1d7b0a@group-E4721F147E2B:t2, leader=null, voted=4d64a175-4b4e-44c0-a69c-2b88ef1d7b0a, raftlog=4d64a175-4b4e-44c0-a69c-2b88ef1d7b0a@group-E4721F147E2B-SegmentedRaftLog:OPENED:c-1,f-1,i0, conf=-1: [22b67679-0935-426b-83cf-71539ab9923b:192.168.5.171:46775, 9aee5a09-4a58-4c9c-9e60-8a9aa652786c:192.168.5.171:38202, 4d64a175-4b4e-44c0-a69c-2b88ef1d7b0a:192.168.5.171:38950], old=null
2019-09-19 10:35:39,225 [4d64a175-4b4e-44c0-a69c-2b88ef1d7b0a@group-E4721F147E2B:LeaderElection41] INFO  impl.RaftServerImpl (RaftServerImpl.java:setRole(174)) - 4d64a175-4b4e-44c0-a69c-2b88ef1d7b0a@group-E4721F147E2B: changes role from CANDIDATE to FOLLOWER at term 2 for DISCOVERED_A_NEW_TERM
2019-09-19 10:35:39,228 [4d64a175-4b4e-44c0-a69c-2b88ef1d7b0a@group-E4721F147E2B:LeaderElection41] INFO  impl.RoleInfo (RoleInfo.java:shutdownLeaderElection(134)) - 4d64a175-4b4e-44c0-a69c-2b88ef1d7b0a: shutdown LeaderElection
2019-09-19 10:35:39,228 [4d64a175-4b4e-44c0-a69c-2b88ef1d7b0a@group-E4721F147E2B:LeaderElection41] INFO  impl.RoleInfo (RoleInfo.java:updateAndGet(143)) - 4d64a175-4b4e-44c0-a69c-2b88ef1d7b0a: start FollowerState
2019-09-19 10:35:39,229 [9aee5a09-4a58-4c9c-9e60-8a9aa652786c@group-E4721F147E2B:LeaderElection42] INFO  impl.LeaderElection (LeaderElection.java:logAndReturn(56)) - 9aee5a09-4a58-4c9c-9e60-8a9aa652786c@group-E4721F147E2B:LeaderElection42: Election REJECTED; received 2 response(s) [9aee5a09-4a58-4c9c-9e60-8a9aa652786c<-22b67679-0935-426b-83cf-71539ab9923b#0:FAIL-t2, 9aee5a09-4a58-4c9c-9e60-8a9aa652786c<-4d64a175-4b4e-44c0-a69c-2b88ef1d7b0a#0:FAIL-t2] and 0 exception(s); 9aee5a09-4a58-4c9c-9e60-8a9aa652786c@group-E4721F147E2B:t2, leader=null, voted=9aee5a09-4a58-4c9c-9e60-8a9aa652786c, raftlog=9aee5a09-4a58-4c9c-9e60-8a9aa652786c@group-E4721F147E2B-SegmentedRaftLog:OPENED:c-1,f-1,i0, conf=-1: [22b67679-0935-426b-83cf-71539ab9923b:192.168.5.171:46775, 9aee5a09-4a58-4c9c-9e60-8a9aa652786c:192.168.5.171:38202, 4d64a175-4b4e-44c0-a69c-2b88ef1d7b0a:192.168.5.171:38950], old=null
2019-09-19 10:35:39,231 [22b67679-0935-426b-83cf-71539ab9923b@group-E4721F147E2B:LeaderElection40] INFO  impl.LeaderElection (LeaderElection.java:logAndReturn(56)) - 22b67679-0935-426b-83cf-71539ab9923b@group-E4721F147E2B:LeaderElection40: Election REJECTED; received 2 response(s) [22b67679-0935-426b-83cf-71539ab9923b<-9aee5a09-4a58-4c9c-9e60-8a9aa652786c#0:FAIL-t2, 22b67679-0935-426b-83cf-71539ab9923b<-4d64a175-4b4e-44c0-a69c-2b88ef1d7b0a#0:FAIL-t2] and 0 exception(s); 22b67679-0935-426b-83cf-71539ab9923b@group-E4721F147E2B:t2, leader=null, voted=22b67679-0935-426b-83cf-71539ab9923b, raftlog=22b67679-0935-426b-83cf-71539ab9923b@group-E4721F147E2B-SegmentedRaftLog:OPENED:c-1,f-1,i0, conf=-1: [22b67679-0935-426b-83cf-71539ab9923b:192.168.5.171:46775, 9aee5a09-4a58-4c9c-9e60-8a9aa652786c:192.168.5.171:38202, 4d64a175-4b4e-44c0-a69c-2b88ef1d7b0a:192.168.5.171:38950], old=null
2019-09-19 10:35:39,231 [9aee5a09-4a58-4c9c-9e60-8a9aa652786c@group-E4721F147E2B:LeaderElection42] INFO  impl.RaftServerImpl (RaftServerImpl.java:setRole(174)) - 9aee5a09-4a58-4c9c-9e60-8a9aa652786c@group-E4721F147E2B: changes role from CANDIDATE to FOLLOWER at term 2 for DISCOVERED_A_NEW_TERM
2019-09-19 10:35:39,234 [9aee5a09-4a58-4c9c-9e60-8a9aa652786c@group-E4721F147E2B:LeaderElection42] INFO  impl.RoleInfo (RoleInfo.java:shutdownLeaderElection(134)) - 9aee5a09-4a58-4c9c-9e60-8a9aa652786c: shutdown LeaderElection
2019-09-19 10:35:39,234 [22b67679-0935-426b-83cf-71539ab9923b@group-E4721F147E2B:LeaderElection40] INFO  impl.RaftServerImpl (RaftServerImpl.java:setRole(174)) - 22b67679-0935-426b-83cf-71539ab9923b@group-E4721F147E2B: changes role from CANDIDATE to FOLLOWER at term 2 for DISCOVERED_A_NEW_TERM
2019-09-19 10:35:39,236 [9aee5a09-4a58-4c9c-9e60-8a9aa652786c@group-E4721F147E2B:LeaderElection42] INFO  impl.RoleInfo (RoleInfo.java:updateAndGet(143)) - 9aee5a09-4a58-4c9c-9e60-8a9aa652786c: start FollowerState
2019-09-19 10:35:39,241 [22b67679-0935-426b-83cf-71539ab9923b@group-E4721F147E2B:LeaderElection40] INFO  impl.RoleInfo (RoleInfo.java:shutdownLeaderElection(134)) - 22b67679-0935-426b-83cf-71539ab9923b: shutdown LeaderElection
2019-09-19 10:35:39,247 [22b67679-0935-426b-83cf-71539ab9923b@group-E4721F147E2B:LeaderElection40] INFO  impl.RoleInfo (RoleInfo.java:updateAndGet(143)) - 22b67679-0935-426b-83cf-71539ab9923b: start FollowerState
2019-09-19 10:35:44,293 [Thread-2516] INFO  impl.FollowerState (FollowerState.java:run(106)) - 4d64a175-4b4e-44c0-a69c-2b88ef1d7b0a:group-E4721F147E2B changes to CANDIDATE, lastRpcTime:5064, electionTimeout:5060ms
2019-09-19 10:35:44,293 [Thread-2516] INFO  impl.RoleInfo (RoleInfo.java:shutdownFollowerState(121)) - 4d64a175-4b4e-44c0-a69c-2b88ef1d7b0a: shutdown FollowerState
2019-09-19 10:35:44,294 [Thread-2516] INFO  impl.RaftServerImpl (RaftServerImpl.java:setRole(174)) - 4d64a175-4b4e-44c0-a69c-2b88ef1d7b0a@group-E4721F147E2B: changes role from  FOLLOWER to CANDIDATE at term 2 for changeToCandidate
2019-09-19 10:35:44,294 [Thread-2516] INFO  impl.RoleInfo (RoleInfo.java:updateAndGet(143)) - 4d64a175-4b4e-44c0-a69c-2b88ef1d7b0a: start LeaderElection
2019-09-19 10:35:44,358 [Thread-2517] INFO  impl.FollowerState (FollowerState.java:run(106)) - 9aee5a09-4a58-4c9c-9e60-8a9aa652786c:group-E4721F147E2B changes to CANDIDATE, lastRpcTime:5121, electionTimeout:5110ms
2019-09-19 10:35:44,358 [Thread-2517] INFO  impl.RoleInfo (RoleInfo.java:shutdownFollowerState(121)) - 9aee5a09-4a58-4c9c-9e60-8a9aa652786c: shutdown FollowerState
2019-09-19 10:35:44,358 [Thread-2517] INFO  impl.RaftServerImpl (RaftServerImpl.java:setRole(174)) - 9aee5a09-4a58-4c9c-9e60-8a9aa652786c@group-E4721F147E2B: changes role from  FOLLOWER to CANDIDATE at term 2 for changeToCandidate
2019-09-19 10:35:44,359 [Thread-2517] INFO  impl.RoleInfo (RoleInfo.java:updateAndGet(143)) - 9aee5a09-4a58-4c9c-9e60-8a9aa652786c: start LeaderElection
2019-09-19 10:35:44,381 [Thread-2518] INFO  impl.FollowerState (FollowerState.java:run(106)) - 22b67679-0935-426b-83cf-71539ab9923b:group-E4721F147E2B changes to CANDIDATE, lastRpcTime:5134, electionTimeout:5132ms
2019-09-19 10:35:44,382 [Thread-2518] INFO  impl.RoleInfo (RoleInfo.java:shutdownFollowerState(121)) - 22b67679-0935-426b-83cf-71539ab9923b: shutdown FollowerState
2019-09-19 10:35:44,382 [Thread-2518] INFO  impl.RaftServerImpl (RaftServerImpl.java:setRole(174)) - 22b67679-0935-426b-83cf-71539ab9923b@group-E4721F147E2B: changes role from  FOLLOWER to CANDIDATE at term 2 for changeToCandidate
2019-09-19 10:35:44,382 [Thread-2518] INFO  impl.RoleInfo (RoleInfo.java:updateAndGet(143)) - 22b67679-0935-426b-83cf-71539ab9923b: start LeaderElection
2019-09-19 10:35:44,756 [22b67679-0935-426b-83cf-71539ab9923b@group-E4721F147E2B:LeaderElection45] INFO  impl.LeaderElection (LeaderElection.java:askForVotes(182)) - 22b67679-0935-426b-83cf-71539ab9923b@group-E4721F147E2B:LeaderElection45: begin an election at term 3 for -1: [22b67679-0935-426b-83cf-71539ab9923b:192.168.5.171:46775, 9aee5a09-4a58-4c9c-9e60-8a9aa652786c:192.168.5.171:38202, 4d64a175-4b4e-44c0-a69c-2b88ef1d7b0a:192.168.5.171:38950], old=null
2019-09-19 10:35:44,756 [4d64a175-4b4e-44c0-a69c-2b88ef1d7b0a@group-E4721F147E2B:LeaderElection43] INFO  impl.LeaderElection (LeaderElection.java:askForVotes(182)) - 4d64a175-4b4e-44c0-a69c-2b88ef1d7b0a@group-E4721F147E2B:LeaderElection43: begin an election at term 3 for -1: [22b67679-0935-426b-83cf-71539ab9923b:192.168.5.171:46775, 9aee5a09-4a58-4c9c-9e60-8a9aa652786c:192.168.5.171:38202, 4d64a175-4b4e-44c0-a69c-2b88ef1d7b0a:192.168.5.171:38950], old=null
2019-09-19 10:35:44,756 [9aee5a09-4a58-4c9c-9e60-8a9aa652786c@group-E4721F147E2B:LeaderElection44] INFO  impl.LeaderElection (LeaderElection.java:askForVotes(182)) - 9aee5a09-4a58-4c9c-9e60-8a9aa652786c@group-E4721F147E2B:LeaderElection44: begin an election at term 3 for -1: [22b67679-0935-426b-83cf-71539ab9923b:192.168.5.171:46775, 9aee5a09-4a58-4c9c-9e60-8a9aa652786c:192.168.5.171:38202, 4d64a175-4b4e-44c0-a69c-2b88ef1d7b0a:192.168.5.171:38950], old=null
2019-09-19 10:35:44,772 [9aee5a09-4a58-4c9c-9e60-8a9aa652786c@group-E4721F147E2B:LeaderElection44] INFO  impl.LeaderElection (LeaderElection.java:logAndReturn(56)) - 9aee5a09-4a58-4c9c-9e60-8a9aa652786c@group-E4721F147E2B:LeaderElection44: Election REJECTED; received 2 response(s) [9aee5a09-4a58-4c9c-9e60-8a9aa652786c<-22b67679-0935-426b-83cf-71539ab9923b#0:FAIL-t3, 9aee5a09-4a58-4c9c-9e60-8a9aa652786c<-4d64a175-4b4e-44c0-a69c-2b88ef1d7b0a#0:FAIL-t3] and 0 exception(s); 9aee5a09-4a58-4c9c-9e60-8a9aa652786c@group-E4721F147E2B:t3, leader=null, voted=9aee5a09-4a58-4c9c-9e60-8a9aa652786c, raftlog=9aee5a09-4a58-4c9c-9e60-8a9aa652786c@group-E4721F147E2B-SegmentedRaftLog:OPENED:c-1,f-1,i0, conf=-1: [22b67679-0935-426b-83cf-71539ab9923b:192.168.5.171:46775, 9aee5a09-4a58-4c9c-9e60-8a9aa652786c:192.168.5.171:38202, 4d64a175-4b4e-44c0-a69c-2b88ef1d7b0a:192.168.5.171:38950], old=null
2019-09-19 10:35:44,772 [9aee5a09-4a58-4c9c-9e60-8a9aa652786c@group-E4721F147E2B:LeaderElection44] INFO  impl.RaftServerImpl (RaftServerImpl.java:setRole(174)) - 9aee5a09-4a58-4c9c-9e60-8a9aa652786c@group-E4721F147E2B: changes role from CANDIDATE to FOLLOWER at term 3 for DISCOVERED_A_NEW_TERM
2019-09-19 10:35:44,774 [22b67679-0935-426b-83cf-71539ab9923b@group-E4721F147E2B:LeaderElection45] INFO  impl.LeaderElection (LeaderElection.java:logAndReturn(56)) - 22b67679-0935-426b-83cf-71539ab9923b@group-E4721F147E2B:LeaderElection45: Election REJECTED; received 2 response(s) [22b67679-0935-426b-83cf-71539ab9923b<-9aee5a09-4a58-4c9c-9e60-8a9aa652786c#0:FAIL-t3, 22b67679-0935-426b-83cf-71539ab9923b<-4d64a175-4b4e-44c0-a69c-2b88ef1d7b0a#0:FAIL-t3] and 0 exception(s); 22b67679-0935-426b-83cf-71539ab9923b@group-E4721F147E2B:t3, leader=null, voted=22b67679-0935-426b-83cf-71539ab9923b, raftlog=22b67679-0935-426b-83cf-71539ab9923b@group-E4721F147E2B-SegmentedRaftLog:OPENED:c-1,f-1,i0, conf=-1: [22b67679-0935-426b-83cf-71539ab9923b:192.168.5.171:46775, 9aee5a09-4a58-4c9c-9e60-8a9aa652786c:192.168.5.171:38202, 4d64a175-4b4e-44c0-a69c-2b88ef1d7b0a:192.168.5.171:38950], old=null
2019-09-19 10:35:44,774 [9aee5a09-4a58-4c9c-9e60-8a9aa652786c@group-E4721F147E2B:LeaderElection44] INFO  impl.RoleInfo (RoleInfo.java:shutdownLeaderElection(134)) - 9aee5a09-4a58-4c9c-9e60-8a9aa652786c: shutdown LeaderElection
2019-09-19 10:35:44,776 [22b67679-0935-426b-83cf-71539ab9923b@group-E4721F147E2B:LeaderElection45] INFO  impl.RaftServerImpl (RaftServerImpl.java:setRole(174)) - 22b67679-0935-426b-83cf-71539ab9923b@group-E4721F147E2B: changes role from CANDIDATE to FOLLOWER at term 3 for DISCOVERED_A_NEW_TERM
2019-09-19 10:35:44,779 [9aee5a09-4a58-4c9c-9e60-8a9aa652786c@group-E4721F147E2B:LeaderElection44] INFO  impl.RoleInfo (RoleInfo.java:updateAndGet(143)) - 9aee5a09-4a58-4c9c-9e60-8a9aa652786c: start FollowerState
2019-09-19 10:35:44,779 [4d64a175-4b4e-44c0-a69c-2b88ef1d7b0a@group-E4721F147E2B:LeaderElection43] INFO  impl.LeaderElection (LeaderElection.java:logAndReturn(56)) - 4d64a175-4b4e-44c0-a69c-2b88ef1d7b0a@group-E4721F147E2B:LeaderElection43: Election REJECTED; received 2 response(s) [4d64a175-4b4e-44c0-a69c-2b88ef1d7b0a<-22b67679-0935-426b-83cf-71539ab9923b#0:FAIL-t3, 4d64a175-4b4e-44c0-a69c-2b88ef1d7b0a<-9aee5a09-4a58-4c9c-9e60-8a9aa652786c#0:FAIL-t3] and 0 exception(s); 4d64a175-4b4e-44c0-a69c-2b88ef1d7b0a@group-E4721F147E2B:t3, leader=null, voted=4d64a175-4b4e-44c0-a69c-2b88ef1d7b0a, raftlog=4d64a175-4b4e-44c0-a69c-2b88ef1d7b0a@group-E4721F147E2B-SegmentedRaftLog:OPENED:c-1,f-1,i0, conf=-1: [22b67679-0935-426b-83cf-71539ab9923b:192.168.5.171:46775, 9aee5a09-4a58-4c9c-9e60-8a9aa652786c:192.168.5.171:38202, 4d64a175-4b4e-44c0-a69c-2b88ef1d7b0a:192.168.5.171:38950], old=null
2019-09-19 10:35:44,779 [22b67679-0935-426b-83cf-71539ab9923b@group-E4721F147E2B:LeaderElection45] INFO  impl.RoleInfo (RoleInfo.java:shutdownLeaderElection(134)) - 22b67679-0935-426b-83cf-71539ab9923b: shutdown LeaderElection
2019-09-19 10:35:44,781 [4d64a175-4b4e-44c0-a69c-2b88ef1d7b0a@group-E4721F147E2B:LeaderElection43] INFO  impl.RaftServerImpl (RaftServerImpl.java:setRole(174)) - 4d64a175-4b4e-44c0-a69c-2b88ef1d7b0a@group-E4721F147E2B: changes role from CANDIDATE to FOLLOWER at term 3 for DISCOVERED_A_NEW_TERM
2019-09-19 10:35:44,784 [22b67679-0935-426b-83cf-71539ab9923b@group-E4721F147E2B:LeaderElection45] INFO  impl.RoleInfo (RoleInfo.java:updateAndGet(143)) - 22b67679-0935-426b-83cf-71539ab9923b: start FollowerState
2019-09-19 10:35:44,784 [4d64a175-4b4e-44c0-a69c-2b88ef1d7b0a@group-E4721F147E2B:LeaderElection43] INFO  impl.RoleInfo (RoleInfo.java:shutdownLeaderElection(134)) - 4d64a175-4b4e-44c0-a69c-2b88ef1d7b0a: shutdown LeaderElection
2019-09-19 10:35:44,786 [4d64a175-4b4e-44c0-a69c-2b88ef1d7b0a@group-E4721F147E2B:LeaderElection43] INFO  impl.RoleInfo (RoleInfo.java:updateAndGet(143)) - 4d64a175-4b4e-44c0-a69c-2b88ef1d7b0a: start FollowerState
2019-09-19 10:35:49,792 [Thread-2541] INFO  impl.FollowerState (FollowerState.java:run(106)) - 22b67679-0935-426b-83cf-71539ab9923b:group-E4721F147E2B changes to CANDIDATE, lastRpcTime:5007, electionTimeout:5005ms
2019-09-19 10:35:49,793 [Thread-2541] INFO  impl.RoleInfo (RoleInfo.java:shutdownFollowerState(121)) - 22b67679-0935-426b-83cf-71539ab9923b: shutdown FollowerState
2019-09-19 10:35:49,793 [Thread-2541] INFO  impl.RaftServerImpl (RaftServerImpl.java:setRole(174)) - 22b67679-0935-426b-83cf-71539ab9923b@group-E4721F147E2B: changes role from  FOLLOWER to CANDIDATE at term 3 for changeToCandidate
2019-09-19 10:35:49,793 [Thread-2541] INFO  impl.RoleInfo (RoleInfo.java:updateAndGet(143)) - 22b67679-0935-426b-83cf-71539ab9923b: start LeaderElection
2019-09-19 10:35:49,861 [Thread-2540] INFO  impl.FollowerState (FollowerState.java:run(106)) - 9aee5a09-4a58-4c9c-9e60-8a9aa652786c:group-E4721F147E2B changes to CANDIDATE, lastRpcTime:5082, electionTimeout:5080ms
2019-09-19 10:35:49,861 [Thread-2540] INFO  impl.RoleInfo (RoleInfo.java:shutdownFollowerState(121)) - 9aee5a09-4a58-4c9c-9e60-8a9aa652786c: shutdown FollowerState
2019-09-19 10:35:49,862 [Thread-2540] INFO  impl.RaftServerImpl (RaftServerImpl.java:setRole(174)) - 9aee5a09-4a58-4c9c-9e60-8a9aa652786c@group-E4721F147E2B: changes role from  FOLLOWER to CANDIDATE at term 3 for changeToCandidate
2019-09-19 10:35:49,862 [Thread-2540] INFO  impl.RoleInfo (RoleInfo.java:updateAndGet(143)) - 9aee5a09-4a58-4c9c-9e60-8a9aa652786c: start LeaderElection
2019-09-19 10:35:49,957 [Thread-2542] INFO  impl.FollowerState (FollowerState.java:run(106)) - 4d64a175-4b4e-44c0-a69c-2b88ef1d7b0a:group-E4721F147E2B changes to CANDIDATE, lastRpcTime:5171, electionTimeout:5169ms
2019-09-19 10:35:49,958 [Thread-2542] INFO  impl.RoleInfo (RoleInfo.java:shutdownFollowerState(121)) - 4d64a175-4b4e-44c0-a69c-2b88ef1d7b0a: shutdown FollowerState
2019-09-19 10:35:49,958 [Thread-2542] INFO  impl.RaftServerImpl (RaftServerImpl.java:setRole(174)) - 4d64a175-4b4e-44c0-a69c-2b88ef1d7b0a@group-E4721F147E2B: changes role from  FOLLOWER to CANDIDATE at term 3 for changeToCandidate
2019-09-19 10:35:49,958 [Thread-2542] INFO  impl.RoleInfo (RoleInfo.java:updateAndGet(143)) - 4d64a175-4b4e-44c0-a69c-2b88ef1d7b0a: start LeaderElection
2019-09-19 10:35:50,391 [22b67679-0935-426b-83cf-71539ab9923b@group-E4721F147E2B:LeaderElection46] INFO  impl.LeaderElection (LeaderElection.java:askForVotes(182)) - 22b67679-0935-426b-83cf-71539ab9923b@group-E4721F147E2B:LeaderElection46: begin an election at term 4 for -1: [22b67679-0935-426b-83cf-71539ab9923b:192.168.5.171:46775, 9aee5a09-4a58-4c9c-9e60-8a9aa652786c:192.168.5.171:38202, 4d64a175-4b4e-44c0-a69c-2b88ef1d7b0a:192.168.5.171:38950], old=null
2019-09-19 10:35:50,391 [9aee5a09-4a58-4c9c-9e60-8a9aa652786c@group-E4721F147E2B:LeaderElection47] INFO  impl.LeaderElection (LeaderElection.java:askForVotes(182)) - 9aee5a09-4a58-4c9c-9e60-8a9aa652786c@group-E4721F147E2B:LeaderElection47: begin an election at term 4 for -1: [22b67679-0935-426b-83cf-71539ab9923b:192.168.5.171:46775, 9aee5a09-4a58-4c9c-9e60-8a9aa652786c:192.168.5.171:38202, 4d64a175-4b4e-44c0-a69c-2b88ef1d7b0a:192.168.5.171:38950], old=null
2019-09-19 10:35:50,942 [4d64a175-4b4e-44c0-a69c-2b88ef1d7b0a@group-E4721F147E2B:LeaderElection48] INFO  impl.LeaderElection (LeaderElection.java:askForVotes(182)) - 4d64a175-4b4e-44c0-a69c-2b88ef1d7b0a@group-E4721F147E2B:LeaderElection48: begin an election at term 4 for -1: [22b67679-0935-426b-83cf-71539ab9923b:192.168.5.171:46775, 9aee5a09-4a58-4c9c-9e60-8a9aa652786c:192.168.5.171:38202, 4d64a175-4b4e-44c0-a69c-2b88ef1d7b0a:192.168.5.171:38950], old=null
2019-09-19 10:35:50,944 [22b67679-0935-426b-83cf-71539ab9923b@group-E4721F147E2B:LeaderElection46] INFO  impl.LeaderElection (LeaderElection.java:logAndReturn(56)) - 22b67679-0935-426b-83cf-71539ab9923b@group-E4721F147E2B:LeaderElection46: Election REJECTED; received 2 response(s) [22b67679-0935-426b-83cf-71539ab9923b<-9aee5a09-4a58-4c9c-9e60-8a9aa652786c#0:FAIL-t4, 22b67679-0935-426b-83cf-71539ab9923b<-4d64a175-4b4e-44c0-a69c-2b88ef1d7b0a#0:FAIL-t4] and 0 exception(s); 22b67679-0935-426b-83cf-71539ab9923b@group-E4721F147E2B:t4, leader=null, voted=22b67679-0935-426b-83cf-71539ab9923b, raftlog=22b67679-0935-426b-83cf-71539ab9923b@group-E4721F147E2B-SegmentedRaftLog:OPENED:c-1,f-1,i0, conf=-1: [22b67679-0935-426b-83cf-71539ab9923b:192.168.5.171:46775, 9aee5a09-4a58-4c9c-9e60-8a9aa652786c:192.168.5.171:38202, 4d64a175-4b4e-44c0-a69c-2b88ef1d7b0a:192.168.5.171:38950], old=null
2019-09-19 10:35:50,944 [9aee5a09-4a58-4c9c-9e60-8a9aa652786c@group-E4721F147E2B:LeaderElection47] INFO  impl.LeaderElection (LeaderElection.java:logAndReturn(56)) - 9aee5a09-4a58-4c9c-9e60-8a9aa652786c@group-E4721F147E2B:LeaderElection47: Election REJECTED; received 2 response(s) [9aee5a09-4a58-4c9c-9e60-8a9aa652786c<-22b67679-0935-426b-83cf-71539ab9923b#0:FAIL-t4, 9aee5a09-4a58-4c9c-9e60-8a9aa652786c<-4d64a175-4b4e-44c0-a69c-2b88ef1d7b0a#0:FAIL-t4] and 0 exception(s); 9aee5a09-4a58-4c9c-9e60-8a9aa652786c@group-E4721F147E2B:t4, leader=null, voted=9aee5a09-4a58-4c9c-9e60-8a9aa652786c, raftlog=9aee5a09-4a58-4c9c-9e60-8a9aa652786c@group-E4721F147E2B-SegmentedRaftLog:OPENED:c-1,f-1,i0, conf=-1: [22b67679-0935-426b-83cf-71539ab9923b:192.168.5.171:46775, 9aee5a09-4a58-4c9c-9e60-8a9aa652786c:192.168.5.171:38202, 4d64a175-4b4e-44c0-a69c-2b88ef1d7b0a:192.168.5.171:38950], old=null
2019-09-19 10:35:50,944 [22b67679-0935-426b-83cf-71539ab9923b@group-E4721F147E2B:LeaderElection46] INFO  impl.RaftServerImpl (RaftServerImpl.java:setRole(174)) - 22b67679-0935-426b-83cf-71539ab9923b@group-E4721F147E2B: changes role from CANDIDATE to FOLLOWER at term 4 for DISCOVERED_A_NEW_TERM
2019-09-19 10:35:50,947 [9aee5a09-4a58-4c9c-9e60-8a9aa652786c@group-E4721F147E2B:LeaderElection47] INFO  impl.RaftServerImpl (RaftServerImpl.java:setRole(174)) - 9aee5a09-4a58-4c9c-9e60-8a9aa652786c@group-E4721F147E2B: changes role from CANDIDATE to FOLLOWER at term 4 for DISCOVERED_A_NEW_TERM
2019-09-19 10:35:50,961 [22b67679-0935-426b-83cf-71539ab9923b@group-E4721F147E2B:LeaderElection46] INFO  impl.RoleInfo (RoleInfo.java:shutdownLeaderElection(134)) - 22b67679-0935-426b-83cf-71539ab9923b: shutdown LeaderElection
2019-09-19 10:35:50,964 [9aee5a09-4a58-4c9c-9e60-8a9aa652786c@group-E4721F147E2B:LeaderElection47] INFO  impl.RoleInfo (RoleInfo.java:shutdownLeaderElection(134)) - 9aee5a09-4a58-4c9c-9e60-8a9aa652786c: shutdown LeaderElection
2019-09-19 10:35:50,964 [22b67679-0935-426b-83cf-71539ab9923b@group-E4721F147E2B:LeaderElection46] INFO  impl.RoleInfo (RoleInfo.java:updateAndGet(143)) - 22b67679-0935-426b-83cf-71539ab9923b: start FollowerState
2019-09-19 10:35:50,964 [9aee5a09-4a58-4c9c-9e60-8a9aa652786c@group-E4721F147E2B:LeaderElection47] INFO  impl.RoleInfo (RoleInfo.java:updateAndGet(143)) - 9aee5a09-4a58-4c9c-9e60-8a9aa652786c: start FollowerState
2019-09-19 10:35:50,967 [4d64a175-4b4e-44c0-a69c-2b88ef1d7b0a@group-E4721F147E2B:LeaderElection48] INFO  impl.LeaderElection (LeaderElection.java:logAndReturn(56)) - 4d64a175-4b4e-44c0-a69c-2b88ef1d7b0a@group-E4721F147E2B:LeaderElection48: Election REJECTED; received 2 response(s) [4d64a175-4b4e-44c0-a69c-2b88ef1d7b0a<-22b67679-0935-426b-83cf-71539ab9923b#0:FAIL-t4, 4d64a175-4b4e-44c0-a69c-2b88ef1d7b0a<-9aee5a09-4a58-4c9c-9e60-8a9aa652786c#0:FAIL-t4] and 0 exception(s); 4d64a175-4b4e-44c0-a69c-2b88ef1d7b0a@group-E4721F147E2B:t4, leader=null, voted=4d64a175-4b4e-44c0-a69c-2b88ef1d7b0a, raftlog=4d64a175-4b4e-44c0-a69c-2b88ef1d7b0a@group-E4721F147E2B-SegmentedRaftLog:OPENED:c-1,f-1,i0, conf=-1: [22b67679-0935-426b-83cf-71539ab9923b:192.168.5.171:46775, 9aee5a09-4a58-4c9c-9e60-8a9aa652786c:192.168.5.171:38202, 4d64a175-4b4e-44c0-a69c-2b88ef1d7b0a:192.168.5.171:38950], old=null
2019-09-19 10:35:50,967 [4d64a175-4b4e-44c0-a69c-2b88ef1d7b0a@group-E4721F147E2B:LeaderElection48] INFO  impl.RaftServerImpl (RaftServerImpl.java:setRole(174)) - 4d64a175-4b4e-44c0-a69c-2b88ef1d7b0a@group-E4721F147E2B: changes role from CANDIDATE to FOLLOWER at term 4 for DISCOVERED_A_NEW_TERM
2019-09-19 10:35:50,968 [4d64a175-4b4e-44c0-a69c-2b88ef1d7b0a@group-E4721F147E2B:LeaderElection48] INFO  impl.RoleInfo (RoleInfo.java:shutdownLeaderElection(134)) - 4d64a175-4b4e-44c0-a69c-2b88ef1d7b0a: shutdown LeaderElection
2019-09-19 10:35:50,968 [4d64a175-4b4e-44c0-a69c-2b88ef1d7b0a@group-E4721F147E2B:LeaderElection48] INFO  impl.RoleInfo (RoleInfo.java:updateAndGet(143)) - 4d64a175-4b4e-44c0-a69c-2b88ef1d7b0a: start FollowerState
2019-09-19 10:35:55,999 [Thread-2565] INFO  impl.FollowerState (FollowerState.java:run(106)) - 9aee5a09-4a58-4c9c-9e60-8a9aa652786c:group-E4721F147E2B changes to CANDIDATE, lastRpcTime:5034, electionTimeout:5033ms
2019-09-19 10:35:56,003 [Thread-2565] INFO  impl.RoleInfo (RoleInfo.java:shutdownFollowerState(121)) - 9aee5a09-4a58-4c9c-9e60-8a9aa652786c: shutdown FollowerState
2019-09-19 10:35:56,003 [Thread-2565] INFO  impl.RaftServerImpl (RaftServerImpl.java:setRole(174)) - 9aee5a09-4a58-4c9c-9e60-8a9aa652786c@group-E4721F147E2B: changes role from  FOLLOWER to CANDIDATE at term 4 for changeToCandidate
2019-09-19 10:35:56,003 [Thread-2565] INFO  impl.RoleInfo (RoleInfo.java:updateAndGet(143)) - 9aee5a09-4a58-4c9c-9e60-8a9aa652786c: start LeaderElection
2019-09-19 10:35:56,082 [Thread-2566] INFO  impl.FollowerState (FollowerState.java:run(106)) - 4d64a175-4b4e-44c0-a69c-2b88ef1d7b0a:group-E4721F147E2B changes to CANDIDATE, lastRpcTime:5114, electionTimeout:5114ms
2019-09-19 10:35:56,082 [Thread-2566] INFO  impl.RoleInfo (RoleInfo.java:shutdownFollowerState(121)) - 4d64a175-4b4e-44c0-a69c-2b88ef1d7b0a: shutdown FollowerState
2019-09-19 10:35:56,083 [Thread-2566] INFO  impl.RaftServerImpl (RaftServerImpl.java:setRole(174)) - 4d64a175-4b4e-44c0-a69c-2b88ef1d7b0a@group-E4721F147E2B: changes role from  FOLLOWER to CANDIDATE at term 4 for changeToCandidate
2019-09-19 10:35:56,083 [Thread-2566] INFO  impl.RoleInfo (RoleInfo.java:updateAndGet(143)) - 4d64a175-4b4e-44c0-a69c-2b88ef1d7b0a: start LeaderElection
2019-09-19 10:35:56,165 [Thread-2564] INFO  impl.FollowerState (FollowerState.java:run(106)) - 22b67679-0935-426b-83cf-71539ab9923b:group-E4721F147E2B changes to CANDIDATE, lastRpcTime:5200, electionTimeout:5200ms
2019-09-19 10:35:56,165 [Thread-2564] INFO  impl.RoleInfo (RoleInfo.java:shutdownFollowerState(121)) - 22b67679-0935-426b-83cf-71539ab9923b: shutdown FollowerState
2019-09-19 10:35:56,165 [Thread-2564] INFO  impl.RaftServerImpl (RaftServerImpl.java:setRole(174)) - 22b67679-0935-426b-83cf-71539ab9923b@group-E4721F147E2B: changes role from  FOLLOWER to CANDIDATE at term 4 for changeToCandidate
2019-09-19 10:35:56,165 [Thread-2564] INFO  impl.RoleInfo (RoleInfo.java:updateAndGet(143)) - 22b67679-0935-426b-83cf-71539ab9923b: start LeaderElection
2019-09-19 10:35:56,615 [4d64a175-4b4e-44c0-a69c-2b88ef1d7b0a@group-E4721F147E2B:LeaderElection50] INFO  impl.LeaderElection (LeaderElection.java:askForVotes(182)) - 4d64a175-4b4e-44c0-a69c-2b88ef1d7b0a@group-E4721F147E2B:LeaderElection50: begin an election at term 5 for -1: [22b67679-0935-426b-83cf-71539ab9923b:192.168.5.171:46775, 9aee5a09-4a58-4c9c-9e60-8a9aa652786c:192.168.5.171:38202, 4d64a175-4b4e-44c0-a69c-2b88ef1d7b0a:192.168.5.171:38950], old=null
2019-09-19 10:35:56,615 [9aee5a09-4a58-4c9c-9e60-8a9aa652786c@group-E4721F147E2B:LeaderElection49] INFO  impl.LeaderElection (LeaderElection.java:askForVotes(182)) - 9aee5a09-4a58-4c9c-9e60-8a9aa652786c@group-E4721F147E2B:LeaderElection49: begin an election at term 5 for -1: [22b67679-0935-426b-83cf-71539ab9923b:192.168.5.171:46775, 9aee5a09-4a58-4c9c-9e60-8a9aa652786c:192.168.5.171:38202, 4d64a175-4b4e-44c0-a69c-2b88ef1d7b0a:192.168.5.171:38950], old=null
2019-09-19 10:35:56,615 [22b67679-0935-426b-83cf-71539ab9923b@group-E4721F147E2B:LeaderElection51] INFO  impl.LeaderElection (LeaderElection.java:askForVotes(182)) - 22b67679-0935-426b-83cf-71539ab9923b@group-E4721F147E2B:LeaderElection51: begin an election at term 5 for -1: [22b67679-0935-426b-83cf-71539ab9923b:192.168.5.171:46775, 9aee5a09-4a58-4c9c-9e60-8a9aa652786c:192.168.5.171:38202, 4d64a175-4b4e-44c0-a69c-2b88ef1d7b0a:192.168.5.171:38950], old=null
2019-09-19 10:35:56,625 [4d64a175-4b4e-44c0-a69c-2b88ef1d7b0a@group-E4721F147E2B:LeaderElection50] INFO  impl.LeaderElection (LeaderElection.java:logAndReturn(56)) - 4d64a175-4b4e-44c0-a69c-2b88ef1d7b0a@group-E4721F147E2B:LeaderElection50: Election REJECTED; received 2 response(s) [4d64a175-4b4e-44c0-a69c-2b88ef1d7b0a<-22b67679-0935-426b-83cf-71539ab9923b#0:FAIL-t5, 4d64a175-4b4e-44c0-a69c-2b88ef1d7b0a<-9aee5a09-4a58-4c9c-9e60-8a9aa652786c#0:FAIL-t5] and 0 exception(s); 4d64a175-4b4e-44c0-a69c-2b88ef1d7b0a@group-E4721F147E2B:t5, leader=null, voted=4d64a175-4b4e-44c0-a69c-2b88ef1d7b0a, raftlog=4d64a175-4b4e-44c0-a69c-2b88ef1d7b0a@group-E4721F147E2B-SegmentedRaftLog:OPENED:c-1,f-1,i0, conf=-1: [22b67679-0935-426b-83cf-71539ab9923b:192.168.5.171:46775, 9aee5a09-4a58-4c9c-9e60-8a9aa652786c:192.168.5.171:38202, 4d64a175-4b4e-44c0-a69c-2b88ef1d7b0a:192.168.5.171:38950], old=null
2019-09-19 10:35:56,626 [9aee5a09-4a58-4c9c-9e60-8a9aa652786c@group-E4721F147E2B:LeaderElection49] INFO  impl.LeaderElection (LeaderElection.java:logAndReturn(56)) - 9aee5a09-4a58-4c9c-9e60-8a9aa652786c@group-E4721F147E2B:LeaderElection49: Election REJECTED; received 2 response(s) [9aee5a09-4a58-4c9c-9e60-8a9aa652786c<-22b67679-0935-426b-83cf-71539ab9923b#0:FAIL-t5, 9aee5a09-4a58-4c9c-9e60-8a9aa652786c<-4d64a175-4b4e-44c0-a69c-2b88ef1d7b0a#0:FAIL-t5] and 0 exception(s); 9aee5a09-4a58-4c9c-9e60-8a9aa652786c@group-E4721F147E2B:t5, leader=null, voted=9aee5a09-4a58-4c9c-9e60-8a9aa652786c, raftlog=9aee5a09-4a58-4c9c-9e60-8a9aa652786c@group-E4721F147E2B-SegmentedRaftLog:OPENED:c-1,f-1,i0, conf=-1: [22b67679-0935-426b-83cf-71539ab9923b:192.168.5.171:46775, 9aee5a09-4a58-4c9c-9e60-8a9aa652786c:192.168.5.171:38202, 4d64a175-4b4e-44c0-a69c-2b88ef1d7b0a:192.168.5.171:38950], old=null
2019-09-19 10:35:56,626 [4d64a175-4b4e-44c0-a69c-2b88ef1d7b0a@group-E4721F147E2B:LeaderElection50] INFO  impl.RaftServerImpl (RaftServerImpl.java:setRole(174)) - 4d64a175-4b4e-44c0-a69c-2b88ef1d7b0a@group-E4721F147E2B: changes role from CANDIDATE to FOLLOWER at term 5 for DISCOVERED_A_NEW_TERM
2019-09-19 10:35:56,627 [9aee5a09-4a58-4c9c-9e60-8a9aa652786c@group-E4721F147E2B:LeaderElection49] INFO  impl.RaftServerImpl (RaftServerImpl.java:setRole(174)) - 9aee5a09-4a58-4c9c-9e60-8a9aa652786c@group-E4721F147E2B: changes role from CANDIDATE to FOLLOWER at term 5 for DISCOVERED_A_NEW_TERM
2019-09-19 10:35:56,627 [4d64a175-4b4e-44c0-a69c-2b88ef1d7b0a@group-E4721F147E2B:LeaderElection50] INFO  impl.RoleInfo (RoleInfo.java:shutdownLeaderElection(134)) - 4d64a175-4b4e-44c0-a69c-2b88ef1d7b0a: shutdown LeaderElection
2019-09-19 10:35:56,628 [9aee5a09-4a58-4c9c-9e60-8a9aa652786c@group-E4721F147E2B:LeaderElection49] INFO  impl.RoleInfo (RoleInfo.java:shutdownLeaderElection(134)) - 9aee5a09-4a58-4c9c-9e60-8a9aa652786c: shutdown LeaderElection
2019-09-19 10:35:56,629 [22b67679-0935-426b-83cf-71539ab9923b@group-E4721F147E2B:LeaderElection51] INFO  impl.LeaderElection (LeaderElection.java:logAndReturn(56)) - 22b67679-0935-426b-83cf-71539ab9923b@group-E4721F147E2B:LeaderElection51: Election REJECTED; received 2 response(s) [22b67679-0935-426b-83cf-71539ab9923b<-9aee5a09-4a58-4c9c-9e60-8a9aa652786c#0:FAIL-t5, 22b67679-0935-426b-83cf-71539ab9923b<-4d64a175-4b4e-44c0-a69c-2b88ef1d7b0a#0:FAIL-t5] and 0 exception(s); 22b67679-0935-426b-83cf-71539ab9923b@group-E4721F147E2B:t5, leader=null, voted=22b67679-0935-426b-83cf-71539ab9923b, raftlog=22b67679-0935-426b-83cf-71539ab9923b@group-E4721F147E2B-SegmentedRaftLog:OPENED:c-1,f-1,i0, conf=-1: [22b67679-0935-426b-83cf-71539ab9923b:192.168.5.171:46775, 9aee5a09-4a58-4c9c-9e60-8a9aa652786c:192.168.5.171:38202, 4d64a175-4b4e-44c0-a69c-2b88ef1d7b0a:192.168.5.171:38950], old=null
2019-09-19 10:35:56,629 [4d64a175-4b4e-44c0-a69c-2b88ef1d7b0a@group-E4721F147E2B:LeaderElection50] INFO  impl.RoleInfo (RoleInfo.java:updateAndGet(143)) - 4d64a175-4b4e-44c0-a69c-2b88ef1d7b0a: start FollowerState
2019-09-19 10:35:56,629 [22b67679-0935-426b-83cf-71539ab9923b@group-E4721F147E2B:LeaderElection51] INFO  impl.RaftServerImpl (RaftServerImpl.java:setRole(174)) - 22b67679-0935-426b-83cf-71539ab9923b@group-E4721F147E2B: changes role from CANDIDATE to FOLLOWER at term 5 for DISCOVERED_A_NEW_TERM
2019-09-19 10:35:56,629 [9aee5a09-4a58-4c9c-9e60-8a9aa652786c@group-E4721F147E2B:LeaderElection49] INFO  impl.RoleInfo (RoleInfo.java:updateAndGet(143)) - 9aee5a09-4a58-4c9c-9e60-8a9aa652786c: start FollowerState
2019-09-19 10:35:56,630 [22b67679-0935-426b-83cf-71539ab9923b@group-E4721F147E2B:LeaderElection51] INFO  impl.RoleInfo (RoleInfo.java:shutdownLeaderElection(134)) - 22b67679-0935-426b-83cf-71539ab9923b: shutdown LeaderElection
2019-09-19 10:35:56,630 [22b67679-0935-426b-83cf-71539ab9923b@group-E4721F147E2B:LeaderElection51] INFO  impl.RoleInfo (RoleInfo.java:updateAndGet(143)) - 22b67679-0935-426b-83cf-71539ab9923b: start FollowerState
2019-09-19 10:36:01,654 [Thread-2586] INFO  impl.FollowerState (FollowerState.java:run(106)) - 4d64a175-4b4e-44c0-a69c-2b88ef1d7b0a:group-E4721F147E2B changes to CANDIDATE, lastRpcTime:5025, electionTimeout:5024ms
2019-09-19 10:36:01,655 [Thread-2586] INFO  impl.RoleInfo (RoleInfo.java:shutdownFollowerState(121)) - 4d64a175-4b4e-44c0-a69c-2b88ef1d7b0a: shutdown FollowerState
2019-09-19 10:36:01,655 [Thread-2586] INFO  impl.RaftServerImpl (RaftServerImpl.java:setRole(174)) - 4d64a175-4b4e-44c0-a69c-2b88ef1d7b0a@group-E4721F147E2B: changes role from  FOLLOWER to CANDIDATE at term 5 for changeToCandidate
2019-09-19 10:36:01,656 [Thread-2586] INFO  impl.RoleInfo (RoleInfo.java:updateAndGet(143)) - 4d64a175-4b4e-44c0-a69c-2b88ef1d7b0a: start LeaderElection
2019-09-19 10:36:01,662 [Thread-2587] INFO  impl.FollowerState (FollowerState.java:run(106)) - 9aee5a09-4a58-4c9c-9e60-8a9aa652786c:group-E4721F147E2B changes to CANDIDATE, lastRpcTime:5033, electionTimeout:5031ms
2019-09-19 10:36:01,662 [Thread-2587] INFO  impl.RoleInfo (RoleInfo.java:shutdownFollowerState(121)) - 9aee5a09-4a58-4c9c-9e60-8a9aa652786c: shutdown FollowerState
2019-09-19 10:36:01,662 [Thread-2587] INFO  impl.RaftServerImpl (RaftServerImpl.java:setRole(174)) - 9aee5a09-4a58-4c9c-9e60-8a9aa652786c@group-E4721F147E2B: changes role from  FOLLOWER to CANDIDATE at term 5 for changeToCandidate
2019-09-19 10:36:01,662 [Thread-2587] INFO  impl.RoleInfo (RoleInfo.java:updateAndGet(143)) - 9aee5a09-4a58-4c9c-9e60-8a9aa652786c: start LeaderElection
2019-09-19 10:36:01,754 [Thread-2588] INFO  impl.FollowerState (FollowerState.java:run(106)) - 22b67679-0935-426b-83cf-71539ab9923b:group-E4721F147E2B changes to CANDIDATE, lastRpcTime:5123, electionTimeout:5123ms
2019-09-19 10:36:01,754 [Thread-2588] INFO  impl.RoleInfo (RoleInfo.java:shutdownFollowerState(121)) - 22b67679-0935-426b-83cf-71539ab9923b: shutdown FollowerState
2019-09-19 10:36:01,754 [Thread-2588] INFO  impl.RaftServerImpl (RaftServerImpl.java:setRole(174)) - 22b67679-0935-426b-83cf-71539ab9923b@group-E4721F147E2B: changes role from  FOLLOWER to CANDIDATE at term 5 for changeToCandidate
2019-09-19 10:36:01,755 [Thread-2588] INFO  impl.RoleInfo (RoleInfo.java:updateAndGet(143)) - 22b67679-0935-426b-83cf-71539ab9923b: start LeaderElection
2019-09-19 10:36:02,086 [4d64a175-4b4e-44c0-a69c-2b88ef1d7b0a@group-E4721F147E2B:LeaderElection52] INFO  impl.LeaderElection (LeaderElection.java:askForVotes(182)) - 4d64a175-4b4e-44c0-a69c-2b88ef1d7b0a@group-E4721F147E2B:LeaderElection52: begin an election at term 6 for -1: [22b67679-0935-426b-83cf-71539ab9923b:192.168.5.171:46775, 9aee5a09-4a58-4c9c-9e60-8a9aa652786c:192.168.5.171:38202, 4d64a175-4b4e-44c0-a69c-2b88ef1d7b0a:192.168.5.171:38950], old=null
2019-09-19 10:36:02,086 [22b67679-0935-426b-83cf-71539ab9923b@group-E4721F147E2B:LeaderElection54] INFO  impl.LeaderElection (LeaderElection.java:askForVotes(182)) - 22b67679-0935-426b-83cf-71539ab9923b@group-E4721F147E2B:LeaderElection54: begin an election at term 6 for -1: [22b67679-0935-426b-83cf-71539ab9923b:192.168.5.171:46775, 9aee5a09-4a58-4c9c-9e60-8a9aa652786c:192.168.5.171:38202, 4d64a175-4b4e-44c0-a69c-2b88ef1d7b0a:192.168.5.171:38950], old=null
2019-09-19 10:36:02,086 [9aee5a09-4a58-4c9c-9e60-8a9aa652786c@group-E4721F147E2B:LeaderElection53] INFO  impl.LeaderElection (LeaderElection.java:askForVotes(182)) - 9aee5a09-4a58-4c9c-9e60-8a9aa652786c@group-E4721F147E2B:LeaderElection53: begin an election at term 6 for -1: [22b67679-0935-426b-83cf-71539ab9923b:192.168.5.171:46775, 9aee5a09-4a58-4c9c-9e60-8a9aa652786c:192.168.5.171:38202, 4d64a175-4b4e-44c0-a69c-2b88ef1d7b0a:192.168.5.171:38950], old=null
2019-09-19 10:36:02,094 [22b67679-0935-426b-83cf-71539ab9923b@group-E4721F147E2B:LeaderElection54] INFO  impl.LeaderElection (LeaderElection.java:logAndReturn(56)) - 22b67679-0935-426b-83cf-71539ab9923b@group-E4721F147E2B:LeaderElection54: Election REJECTED; received 2 response(s) [22b67679-0935-426b-83cf-71539ab9923b<-9aee5a09-4a58-4c9c-9e60-8a9aa652786c#0:FAIL-t6, 22b67679-0935-426b-83cf-71539ab9923b<-4d64a175-4b4e-44c0-a69c-2b88ef1d7b0a#0:FAIL-t6] and 0 exception(s); 22b67679-0935-426b-83cf-71539ab9923b@group-E4721F147E2B:t6, leader=null, voted=22b67679-0935-426b-83cf-71539ab9923b, raftlog=22b67679-0935-426b-83cf-71539ab9923b@group-E4721F147E2B-SegmentedRaftLog:OPENED:c-1,f-1,i0, conf=-1: [22b67679-0935-426b-83cf-71539ab9923b:192.168.5.171:46775, 9aee5a09-4a58-4c9c-9e60-8a9aa652786c:192.168.5.171:38202, 4d64a175-4b4e-44c0-a69c-2b88ef1d7b0a:192.168.5.171:38950], old=null
2019-09-19 10:36:02,094 [22b67679-0935-426b-83cf-71539ab9923b@group-E4721F147E2B:LeaderElection54] INFO  impl.RaftServerImpl (RaftServerImpl.java:setRole(174)) - 22b67679-0935-426b-83cf-71539ab9923b@group-E4721F147E2B: changes role from CANDIDATE to FOLLOWER at term 6 for DISCOVERED_A_NEW_TERM
2019-09-19 10:36:02,095 [22b67679-0935-426b-83cf-71539ab9923b@group-E4721F147E2B:LeaderElection54] INFO  impl.RoleInfo (RoleInfo.java:shutdownLeaderElection(134)) - 22b67679-0935-426b-83cf-71539ab9923b: shutdown LeaderElection
2019-09-19 10:36:02,095 [22b67679-0935-426b-83cf-71539ab9923b@group-E4721F147E2B:LeaderElection54] INFO  impl.RoleInfo (RoleInfo.java:updateAndGet(143)) - 22b67679-0935-426b-83cf-71539ab9923b: start FollowerState
2019-09-19 10:36:02,095 [4d64a175-4b4e-44c0-a69c-2b88ef1d7b0a@group-E4721F147E2B:LeaderElection52] INFO  impl.LeaderElection (LeaderElection.java:logAndReturn(56)) - 4d64a175-4b4e-44c0-a69c-2b88ef1d7b0a@group-E4721F147E2B:LeaderElection52: Election REJECTED; received 2 response(s) [4d64a175-4b4e-44c0-a69c-2b88ef1d7b0a<-22b67679-0935-426b-83cf-71539ab9923b#0:FAIL-t6, 4d64a175-4b4e-44c0-a69c-2b88ef1d7b0a<-9aee5a09-4a58-4c9c-9e60-8a9aa652786c#0:FAIL-t6] and 0 exception(s); 4d64a175-4b4e-44c0-a69c-2b88ef1d7b0a@group-E4721F147E2B:t6, leader=null, voted=4d64a175-4b4e-44c0-a69c-2b88ef1d7b0a, raftlog=4d64a175-4b4e-44c0-a69c-2b88ef1d7b0a@group-E4721F147E2B-SegmentedRaftLog:OPENED:c-1,f-1,i0, conf=-1: [22b67679-0935-426b-83cf-71539ab9923b:192.168.5.171:46775, 9aee5a09-4a58-4c9c-9e60-8a9aa652786c:192.168.5.171:38202, 4d64a175-4b4e-44c0-a69c-2b88ef1d7b0a:192.168.5.171:38950], old=null
2019-09-19 10:36:02,097 [4d64a175-4b4e-44c0-a69c-2b88ef1d7b0a@group-E4721F147E2B:LeaderElection52] INFO  impl.RaftServerImpl (RaftServerImpl.java:setRole(174)) - 4d64a175-4b4e-44c0-a69c-2b88ef1d7b0a@group-E4721F147E2B: changes role from CANDIDATE to FOLLOWER at term 6 for DISCOVERED_A_NEW_TERM
2019-09-19 10:36:02,098 [4d64a175-4b4e-44c0-a69c-2b88ef1d7b0a@group-E4721F147E2B:LeaderElection52] INFO  impl.RoleInfo (RoleInfo.java:shutdownLeaderElection(134)) - 4d64a175-4b4e-44c0-a69c-2b88ef1d7b0a: shutdown LeaderElection
2019-09-19 10:36:02,098 [9aee5a09-4a58-4c9c-9e60-8a9aa652786c@group-E4721F147E2B:LeaderElection53] INFO  impl.LeaderElection (LeaderElection.java:logAndReturn(56)) - 9aee5a09-4a58-4c9c-9e60-8a9aa652786c@group-E4721F147E2B:LeaderElection53: Election REJECTED; received 2 response(s) [9aee5a09-4a58-4c9c-9e60-8a9aa652786c<-22b67679-0935-426b-83cf-71539ab9923b#0:FAIL-t6, 9aee5a09-4a58-4c9c-9e60-8a9aa652786c<-4d64a175-4b4e-44c0-a69c-2b88ef1d7b0a#0:FAIL-t6] and 0 exception(s); 9aee5a09-4a58-4c9c-9e60-8a9aa652786c@group-E4721F147E2B:t6, leader=null, voted=9aee5a09-4a58-4c9c-9e60-8a9aa652786c, raftlog=9aee5a09-4a58-4c9c-9e60-8a9aa652786c@group-E4721F147E2B-SegmentedRaftLog:OPENED:c-1,f-1,i0, conf=-1: [22b67679-0935-426b-83cf-71539ab9923b:192.168.5.171:46775, 9aee5a09-4a58-4c9c-9e60-8a9aa652786c:192.168.5.171:38202, 4d64a175-4b4e-44c0-a69c-2b88ef1d7b0a:192.168.5.171:38950], old=null
2019-09-19 10:36:02,099 [4d64a175-4b4e-44c0-a69c-2b88ef1d7b0a@group-E4721F147E2B:LeaderElection52] INFO  impl.RoleInfo (RoleInfo.java:updateAndGet(143)) - 4d64a175-4b4e-44c0-a69c-2b88ef1d7b0a: start FollowerState
2019-09-19 10:36:02,099 [9aee5a09-4a58-4c9c-9e60-8a9aa652786c@group-E4721F147E2B:LeaderElection53] INFO  impl.RaftServerImpl (RaftServerImpl.java:setRole(174)) - 9aee5a09-4a58-4c9c-9e60-8a9aa652786c@group-E4721F147E2B: changes role from CANDIDATE to FOLLOWER at term 6 for DISCOVERED_A_NEW_TERM
2019-09-19 10:36:02,100 [9aee5a09-4a58-4c9c-9e60-8a9aa652786c@group-E4721F147E2B:LeaderElection53] INFO  impl.RoleInfo (RoleInfo.java:shutdownLeaderElection(134)) - 9aee5a09-4a58-4c9c-9e60-8a9aa652786c: shutdown LeaderElection
2019-09-19 10:36:02,101 [9aee5a09-4a58-4c9c-9e60-8a9aa652786c@group-E4721F147E2B:LeaderElection53] INFO  impl.RoleInfo (RoleInfo.java:updateAndGet(143)) - 9aee5a09-4a58-4c9c-9e60-8a9aa652786c: start FollowerState
2019-09-19 10:36:07,162 [Thread-2609] INFO  impl.FollowerState (FollowerState.java:run(106)) - 4d64a175-4b4e-44c0-a69c-2b88ef1d7b0a:group-E4721F147E2B changes to CANDIDATE, lastRpcTime:5062, electionTimeout:5061ms
2019-09-19 10:36:07,163 [Thread-2609] INFO  impl.RoleInfo (RoleInfo.java:shutdownFollowerState(121)) - 4d64a175-4b4e-44c0-a69c-2b88ef1d7b0a: shutdown FollowerState
2019-09-19 10:36:07,163 [Thread-2609] INFO  impl.RaftServerImpl (RaftServerImpl.java:setRole(174)) - 4d64a175-4b4e-44c0-a69c-2b88ef1d7b0a@group-E4721F147E2B: changes role from  FOLLOWER to CANDIDATE at term 6 for changeToCandidate
2019-09-19 10:36:07,163 [Thread-2609] INFO  impl.RoleInfo (RoleInfo.java:updateAndGet(143)) - 4d64a175-4b4e-44c0-a69c-2b88ef1d7b0a: start LeaderElection
2019-09-19 10:36:07,207 [Thread-2608] INFO  impl.FollowerState (FollowerState.java:run(106)) - 22b67679-0935-426b-83cf-71539ab9923b:group-E4721F147E2B changes to CANDIDATE, lastRpcTime:5111, electionTimeout:5109ms
2019-09-19 10:36:07,207 [Thread-2608] INFO  impl.RoleInfo (RoleInfo.java:shutdownFollowerState(121)) - 22b67679-0935-426b-83cf-71539ab9923b: shutdown FollowerState
2019-09-19 10:36:07,207 [Thread-2608] INFO  impl.RaftServerImpl (RaftServerImpl.java:setRole(174)) - 22b67679-0935-426b-83cf-71539ab9923b@group-E4721F147E2B: changes role from  FOLLOWER to CANDIDATE at term 6 for changeToCandidate
2019-09-19 10:36:07,207 [Thread-2608] INFO  impl.RoleInfo (RoleInfo.java:updateAndGet(143)) - 22b67679-0935-426b-83cf-71539ab9923b: start LeaderElection
2019-09-19 10:36:07,293 [Thread-2610] INFO  impl.FollowerState (FollowerState.java:run(106)) - 9aee5a09-4a58-4c9c-9e60-8a9aa652786c:group-E4721F147E2B changes to CANDIDATE, lastRpcTime:5192, electionTimeout:5192ms
2019-09-19 10:36:07,293 [Thread-2610] INFO  impl.RoleInfo (RoleInfo.java:shutdownFollowerState(121)) - 9aee5a09-4a58-4c9c-9e60-8a9aa652786c: shutdown FollowerState
2019-09-19 10:36:07,293 [Thread-2610] INFO  impl.RaftServerImpl (RaftServerImpl.java:setRole(174)) - 9aee5a09-4a58-4c9c-9e60-8a9aa652786c@group-E4721F147E2B: changes role from  FOLLOWER to CANDIDATE at term 6 for changeToCandidate
2019-09-19 10:36:07,294 [Thread-2610] INFO  impl.RoleInfo (RoleInfo.java:updateAndGet(143)) - 9aee5a09-4a58-4c9c-9e60-8a9aa652786c: start LeaderElection
2019-09-19 10:36:07,799 [22b67679-0935-426b-83cf-71539ab9923b@group-E4721F147E2B:LeaderElection56] INFO  impl.LeaderElection (LeaderElection.java:askForVotes(182)) - 22b67679-0935-426b-83cf-71539ab9923b@group-E4721F147E2B:LeaderElection56: begin an election at term 7 for -1: [22b67679-0935-426b-83cf-71539ab9923b:192.168.5.171:46775, 9aee5a09-4a58-4c9c-9e60-8a9aa652786c:192.168.5.171:38202, 4d64a175-4b4e-44c0-a69c-2b88ef1d7b0a:192.168.5.171:38950], old=null
2019-09-19 10:36:07,799 [9aee5a09-4a58-4c9c-9e60-8a9aa652786c@group-E4721F147E2B:LeaderElection57] INFO  impl.LeaderElection (LeaderElection.java:askForVotes(182)) - 9aee5a09-4a58-4c9c-9e60-8a9aa652786c@group-E4721F147E2B:LeaderElection57: begin an election at term 7 for -1: [22b67679-0935-426b-83cf-71539ab9923b:192.168.5.171:46775, 9aee5a09-4a58-4c9c-9e60-8a9aa652786c:192.168.5.171:38202, 4d64a175-4b4e-44c0-a69c-2b88ef1d7b0a:192.168.5.171:38950], old=null
2019-09-19 10:36:07,799 [4d64a175-4b4e-44c0-a69c-2b88ef1d7b0a@group-E4721F147E2B:LeaderElection55] INFO  impl.LeaderElection (LeaderElection.java:askForVotes(182)) - 4d64a175-4b4e-44c0-a69c-2b88ef1d7b0a@group-E4721F147E2B:LeaderElection55: begin an election at term 7 for -1: [22b67679-0935-426b-83cf-71539ab9923b:192.168.5.171:46775, 9aee5a09-4a58-4c9c-9e60-8a9aa652786c:192.168.5.171:38202, 4d64a175-4b4e-44c0-a69c-2b88ef1d7b0a:192.168.5.171:38950], old=null
2019-09-19 10:36:07,816 [4d64a175-4b4e-44c0-a69c-2b88ef1d7b0a@group-E4721F147E2B:LeaderElection55] INFO  impl.LeaderElection (LeaderElection.java:logAndReturn(56)) - 4d64a175-4b4e-44c0-a69c-2b88ef1d7b0a@group-E4721F147E2B:LeaderElection55: Election REJECTED; received 2 response(s) [4d64a175-4b4e-44c0-a69c-2b88ef1d7b0a<-22b67679-0935-426b-83cf-71539ab9923b#0:FAIL-t7, 4d64a175-4b4e-44c0-a69c-2b88ef1d7b0a<-9aee5a09-4a58-4c9c-9e60-8a9aa652786c#0:FAIL-t7] and 0 exception(s); 4d64a175-4b4e-44c0-a69c-2b88ef1d7b0a@group-E4721F147E2B:t7, leader=null, voted=4d64a175-4b4e-44c0-a69c-2b88ef1d7b0a, raftlog=4d64a175-4b4e-44c0-a69c-2b88ef1d7b0a@group-E4721F147E2B-SegmentedRaftLog:OPENED:c-1,f-1,i0, conf=-1: [22b67679-0935-426b-83cf-71539ab9923b:192.168.5.171:46775, 9aee5a09-4a58-4c9c-9e60-8a9aa652786c:192.168.5.171:38202, 4d64a175-4b4e-44c0-a69c-2b88ef1d7b0a:192.168.5.171:38950], old=null
2019-09-19 10:36:07,816 [22b67679-0935-426b-83cf-71539ab9923b@group-E4721F147E2B:LeaderElection56] INFO  impl.LeaderElection (LeaderElection.java:logAndReturn(56)) - 22b67679-0935-426b-83cf-71539ab9923b@group-E4721F147E2B:LeaderElection56: Election REJECTED; received 2 response(s) [22b67679-0935-426b-83cf-71539ab9923b<-9aee5a09-4a58-4c9c-9e60-8a9aa652786c#0:FAIL-t7, 22b67679-0935-426b-83cf-71539ab9923b<-4d64a175-4b4e-44c0-a69c-2b88ef1d7b0a#0:FAIL-t7] and 0 exception(s); 22b67679-0935-426b-83cf-71539ab9923b@group-E4721F147E2B:t7, leader=null, voted=22b67679-0935-426b-83cf-71539ab9923b, raftlog=22b67679-0935-426b-83cf-71539ab9923b@group-E4721F147E2B-SegmentedRaftLog:OPENED:c-1,f-1,i0, conf=-1: [22b67679-0935-426b-83cf-71539ab9923b:192.168.5.171:46775, 9aee5a09-4a58-4c9c-9e60-8a9aa652786c:192.168.5.171:38202, 4d64a175-4b4e-44c0-a69c-2b88ef1d7b0a:192.168.5.171:38950], old=null
2019-09-19 10:36:07,816 [9aee5a09-4a58-4c9c-9e60-8a9aa652786c@group-E4721F147E2B:LeaderElection57] INFO  impl.LeaderElection (LeaderElection.java:logAndReturn(56)) - 9aee5a09-4a58-4c9c-9e60-8a9aa652786c@group-E4721F147E2B:LeaderElection57: Election REJECTED; received 2 response(s) [9aee5a09-4a58-4c9c-9e60-8a9aa652786c<-22b67679-0935-426b-83cf-71539ab9923b#0:FAIL-t7, 9aee5a09-4a58-4c9c-9e60-8a9aa652786c<-4d64a175-4b4e-44c0-a69c-2b88ef1d7b0a#0:FAIL-t7] and 0 exception(s); 9aee5a09-4a58-4c9c-9e60-8a9aa652786c@group-E4721F147E2B:t7, leader=null, voted=9aee5a09-4a58-4c9c-9e60-8a9aa652786c, raftlog=9aee5a09-4a58-4c9c-9e60-8a9aa652786c@group-E4721F147E2B-SegmentedRaftLog:OPENED:c-1,f-1,i0, conf=-1: [22b67679-0935-426b-83cf-71539ab9923b:192.168.5.171:46775, 9aee5a09-4a58-4c9c-9e60-8a9aa652786c:192.168.5.171:38202, 4d64a175-4b4e-44c0-a69c-2b88ef1d7b0a:192.168.5.171:38950], old=null
2019-09-19 10:36:07,818 [22b67679-0935-426b-83cf-71539ab9923b@group-E4721F147E2B:LeaderElection56] INFO  impl.RaftServerImpl (RaftServerImpl.java:setRole(174)) - 22b67679-0935-426b-83cf-71539ab9923b@group-E4721F147E2B: changes role from CANDIDATE to FOLLOWER at term 7 for DISCOVERED_A_NEW_TERM
2019-09-19 10:36:07,816 [4d64a175-4b4e-44c0-a69c-2b88ef1d7b0a@group-E4721F147E2B:LeaderElection55] INFO  impl.RaftServerImpl (RaftServerImpl.java:setRole(174)) - 4d64a175-4b4e-44c0-a69c-2b88ef1d7b0a@group-E4721F147E2B: changes role from CANDIDATE to FOLLOWER at term 7 for DISCOVERED_A_NEW_TERM
2019-09-19 10:36:07,822 [22b67679-0935-426b-83cf-71539ab9923b@group-E4721F147E2B:LeaderElection56] INFO  impl.RoleInfo (RoleInfo.java:shutdownLeaderElection(134)) - 22b67679-0935-426b-83cf-71539ab9923b: shutdown LeaderElection
2019-09-19 10:36:07,818 [9aee5a09-4a58-4c9c-9e60-8a9aa652786c@group-E4721F147E2B:LeaderElection57] INFO  impl.RaftServerImpl (RaftServerImpl.java:setRole(174)) - 9aee5a09-4a58-4c9c-9e60-8a9aa652786c@group-E4721F147E2B: changes role from CANDIDATE to FOLLOWER at term 7 for DISCOVERED_A_NEW_TERM
2019-09-19 10:36:07,822 [22b67679-0935-426b-83cf-71539ab9923b@group-E4721F147E2B:LeaderElection56] INFO  impl.RoleInfo (RoleInfo.java:updateAndGet(143)) - 22b67679-0935-426b-83cf-71539ab9923b: start FollowerState
2019-09-19 10:36:07,822 [4d64a175-4b4e-44c0-a69c-2b88ef1d7b0a@group-E4721F147E2B:LeaderElection55] INFO  impl.RoleInfo (RoleInfo.java:shutdownLeaderElection(134)) - 4d64a175-4b4e-44c0-a69c-2b88ef1d7b0a: shutdown LeaderElection
2019-09-19 10:36:07,822 [9aee5a09-4a58-4c9c-9e60-8a9aa652786c@group-E4721F147E2B:LeaderElection57] INFO  impl.RoleInfo (RoleInfo.java:shutdownLeaderElection(134)) - 9aee5a09-4a58-4c9c-9e60-8a9aa652786c: shutdown LeaderElection
2019-09-19 10:36:07,822 [4d64a175-4b4e-44c0-a69c-2b88ef1d7b0a@group-E4721F147E2B:LeaderElection55] INFO  impl.RoleInfo (RoleInfo.java:updateAndGet(143)) - 4d64a175-4b4e-44c0-a69c-2b88ef1d7b0a: start FollowerState
2019-09-19 10:36:07,822 [9aee5a09-4a58-4c9c-9e60-8a9aa652786c@group-E4721F147E2B:LeaderElection57] INFO  impl.RoleInfo (RoleInfo.java:updateAndGet(143)) - 9aee5a09-4a58-4c9c-9e60-8a9aa652786c: start FollowerState
2019-09-19 10:36:12,919 [Thread-2632] INFO  impl.FollowerState (FollowerState.java:run(106)) - 22b67679-0935-426b-83cf-71539ab9923b:group-E4721F147E2B changes to CANDIDATE, lastRpcTime:5096, electionTimeout:5096ms
2019-09-19 10:36:12,921 [Thread-2632] INFO  impl.RoleInfo (RoleInfo.java:shutdownFollowerState(121)) - 22b67679-0935-426b-83cf-71539ab9923b: shutdown FollowerState
2019-09-19 10:36:12,921 [Thread-2632] INFO  impl.RaftServerImpl (RaftServerImpl.java:setRole(174)) - 22b67679-0935-426b-83cf-71539ab9923b@group-E4721F147E2B: changes role from  FOLLOWER to CANDIDATE at term 7 for changeToCandidate
2019-09-19 10:36:12,922 [Thread-2632] INFO  impl.RoleInfo (RoleInfo.java:updateAndGet(143)) - 22b67679-0935-426b-83cf-71539ab9923b: start LeaderElection
2019-09-19 10:36:12,996 [Thread-2634] INFO  impl.FollowerState (FollowerState.java:run(106)) - 9aee5a09-4a58-4c9c-9e60-8a9aa652786c:group-E4721F147E2B changes to CANDIDATE, lastRpcTime:5173, electionTimeout:5173ms
2019-09-19 10:36:12,996 [Thread-2634] INFO  impl.RoleInfo (RoleInfo.java:shutdownFollowerState(121)) - 9aee5a09-4a58-4c9c-9e60-8a9aa652786c: shutdown FollowerState
2019-09-19 10:36:12,997 [Thread-2634] INFO  impl.RaftServerImpl (RaftServerImpl.java:setRole(174)) - 9aee5a09-4a58-4c9c-9e60-8a9aa652786c@group-E4721F147E2B: changes role from  FOLLOWER to CANDIDATE at term 7 for changeToCandidate
2019-09-19 10:36:12,997 [Thread-2634] INFO  impl.RoleInfo (RoleInfo.java:updateAndGet(143)) - 9aee5a09-4a58-4c9c-9e60-8a9aa652786c: start LeaderElection
2019-09-19 10:36:13,013 [Thread-2633] INFO  impl.FollowerState (FollowerState.java:run(106)) - 4d64a175-4b4e-44c0-a69c-2b88ef1d7b0a:group-E4721F147E2B changes to CANDIDATE, lastRpcTime:5190, electionTimeout:5190ms
2019-09-19 10:36:13,013 [Thread-2633] INFO  impl.RoleInfo (RoleInfo.java:shutdownFollowerState(121)) - 4d64a175-4b4e-44c0-a69c-2b88ef1d7b0a: shutdown FollowerState
2019-09-19 10:36:13,013 [Thread-2633] INFO  impl.RaftServerImpl (RaftServerImpl.java:setRole(174)) - 4d64a175-4b4e-44c0-a69c-2b88ef1d7b0a@group-E4721F147E2B: changes role from  FOLLOWER to CANDIDATE at term 7 for changeToCandidate
2019-09-19 10:36:13,013 [Thread-2633] INFO  impl.RoleInfo (RoleInfo.java:updateAndGet(143)) - 4d64a175-4b4e-44c0-a69c-2b88ef1d7b0a: start LeaderElection
2019-09-19 10:36:16,419 [9aee5a09-4a58-4c9c-9e60-8a9aa652786c@group-E4721F147E2B:LeaderElection59] INFO  impl.LeaderElection (LeaderElection.java:askForVotes(182)) - 9aee5a09-4a58-4c9c-9e60-8a9aa652786c@group-E4721F147E2B:LeaderElection59: begin an election at term 8 for -1: [22b67679-0935-426b-83cf-71539ab9923b:192.168.5.171:46775, 9aee5a09-4a58-4c9c-9e60-8a9aa652786c:192.168.5.171:38202, 4d64a175-4b4e-44c0-a69c-2b88ef1d7b0a:192.168.5.171:38950], old=null
2019-09-19 10:36:16,419 [4d64a175-4b4e-44c0-a69c-2b88ef1d7b0a@group-E4721F147E2B:LeaderElection60] INFO  impl.LeaderElection (LeaderElection.java:askForVotes(182)) - 4d64a175-4b4e-44c0-a69c-2b88ef1d7b0a@group-E4721F147E2B:LeaderElection60: begin an election at term 8 for -1: [22b67679-0935-426b-83cf-71539ab9923b:192.168.5.171:46775, 9aee5a09-4a58-4c9c-9e60-8a9aa652786c:192.168.5.171:38202, 4d64a175-4b4e-44c0-a69c-2b88ef1d7b0a:192.168.5.171:38950], old=null
2019-09-19 10:36:16,419 [22b67679-0935-426b-83cf-71539ab9923b@group-E4721F147E2B:LeaderElection58] INFO  impl.LeaderElection (LeaderElection.java:askForVotes(182)) - 22b67679-0935-426b-83cf-71539ab9923b@group-E4721F147E2B:LeaderElection58: begin an election at term 8 for -1: [22b67679-0935-426b-83cf-71539ab9923b:192.168.5.171:46775, 9aee5a09-4a58-4c9c-9e60-8a9aa652786c:192.168.5.171:38202, 4d64a175-4b4e-44c0-a69c-2b88ef1d7b0a:192.168.5.171:38950], old=null
2019-09-19 10:36:16,425 [9aee5a09-4a58-4c9c-9e60-8a9aa652786c@group-E4721F147E2B:LeaderElection59] INFO  impl.LeaderElection (LeaderElection.java:logAndReturn(56)) - 9aee5a09-4a58-4c9c-9e60-8a9aa652786c@group-E4721F147E2B:LeaderElection59: Election REJECTED; received 2 response(s) [9aee5a09-4a58-4c9c-9e60-8a9aa652786c<-22b67679-0935-426b-83cf-71539ab9923b#0:FAIL-t8, 9aee5a09-4a58-4c9c-9e60-8a9aa652786c<-4d64a175-4b4e-44c0-a69c-2b88ef1d7b0a#0:FAIL-t8] and 0 exception(s); 9aee5a09-4a58-4c9c-9e60-8a9aa652786c@group-E4721F147E2B:t8, leader=null, voted=9aee5a09-4a58-4c9c-9e60-8a9aa652786c, raftlog=9aee5a09-4a58-4c9c-9e60-8a9aa652786c@group-E4721F147E2B-SegmentedRaftLog:OPENED:c-1,f-1,i0, conf=-1: [22b67679-0935-426b-83cf-71539ab9923b:192.168.5.171:46775, 9aee5a09-4a58-4c9c-9e60-8a9aa652786c:192.168.5.171:38202, 4d64a175-4b4e-44c0-a69c-2b88ef1d7b0a:192.168.5.171:38950], old=null
2019-09-19 10:36:16,425 [9aee5a09-4a58-4c9c-9e60-8a9aa652786c@group-E4721F147E2B:LeaderElection59] INFO  impl.RaftServerImpl (RaftServerImpl.java:setRole(174)) - 9aee5a09-4a58-4c9c-9e60-8a9aa652786c@group-E4721F147E2B: changes role from CANDIDATE to FOLLOWER at term 8 for DISCOVERED_A_NEW_TERM
2019-09-19 10:36:16,425 [9aee5a09-4a58-4c9c-9e60-8a9aa652786c@group-E4721F147E2B:LeaderElection59] INFO  impl.RoleInfo (RoleInfo.java:shutdownLeaderElection(134)) - 9aee5a09-4a58-4c9c-9e60-8a9aa652786c: shutdown LeaderElection
2019-09-19 10:36:16,425 [9aee5a09-4a58-4c9c-9e60-8a9aa652786c@group-E4721F147E2B:LeaderElection59] INFO  impl.RoleInfo (RoleInfo.java:updateAndGet(143)) - 9aee5a09-4a58-4c9c-9e60-8a9aa652786c: start FollowerState
2019-09-19 10:36:16,426 [4d64a175-4b4e-44c0-a69c-2b88ef1d7b0a@group-E4721F147E2B:LeaderElection60] INFO  impl.LeaderElection (LeaderElection.java:logAndReturn(56)) - 4d64a175-4b4e-44c0-a69c-2b88ef1d7b0a@group-E4721F147E2B:LeaderElection60: Election REJECTED; received 2 response(s) [4d64a175-4b4e-44c0-a69c-2b88ef1d7b0a<-22b67679-0935-426b-83cf-71539ab9923b#0:FAIL-t8, 4d64a175-4b4e-44c0-a69c-2b88ef1d7b0a<-9aee5a09-4a58-4c9c-9e60-8a9aa652786c#0:FAIL-t8] and 0 exception(s); 4d64a175-4b4e-44c0-a69c-2b88ef1d7b0a@group-E4721F147E2B:t8, leader=null, voted=4d64a175-4b4e-44c0-a69c-2b88ef1d7b0a, raftlog=4d64a175-4b4e-44c0-a69c-2b88ef1d7b0a@group-E4721F147E2B-SegmentedRaftLog:OPENED:c-1,f-1,i0, conf=-1: [22b67679-0935-426b-83cf-71539ab9923b:192.168.5.171:46775, 9aee5a09-4a58-4c9c-9e60-8a9aa652786c:192.168.5.171:38202, 4d64a175-4b4e-44c0-a69c-2b88ef1d7b0a:192.168.5.171:38950], old=null
2019-09-19 10:36:16,426 [22b67679-0935-426b-83cf-71539ab9923b@group-E4721F147E2B:LeaderElection58] INFO  impl.LeaderElection (LeaderElection.java:logAndReturn(56)) - 22b67679-0935-426b-83cf-71539ab9923b@group-E4721F147E2B:LeaderElection58: Election REJECTED; received 2 response(s) [22b67679-0935-426b-83cf-71539ab9923b<-9aee5a09-4a58-4c9c-9e60-8a9aa652786c#0:FAIL-t8, 22b67679-0935-426b-83cf-71539ab9923b<-4d64a175-4b4e-44c0-a69c-2b88ef1d7b0a#0:FAIL-t8] and 0 exception(s); 22b67679-0935-426b-83cf-71539ab9923b@group-E4721F147E2B:t8, leader=null, voted=22b67679-0935-426b-83cf-71539ab9923b, raftlog=22b67679-0935-426b-83cf-71539ab9923b@group-E4721F147E2B-SegmentedRaftLog:OPENED:c-1,f-1,i0, conf=-1: [22b67679-0935-426b-83cf-71539ab9923b:192.168.5.171:46775, 9aee5a09-4a58-4c9c-9e60-8a9aa652786c:192.168.5.171:38202, 4d64a175-4b4e-44c0-a69c-2b88ef1d7b0a:192.168.5.171:38950], old=null
2019-09-19 10:36:16,430 [4d64a175-4b4e-44c0-a69c-2b88ef1d7b0a@group-E4721F147E2B:LeaderElection60] INFO  impl.RaftServerImpl (RaftServerImpl.java:setRole(174)) - 4d64a175-4b4e-44c0-a69c-2b88ef1d7b0a@group-E4721F147E2B: changes role from CANDIDATE to FOLLOWER at term 8 for DISCOVERED_A_NEW_TERM
2019-09-19 10:36:16,432 [4d64a175-4b4e-44c0-a69c-2b88ef1d7b0a@group-E4721F147E2B:LeaderElection60] INFO  impl.RoleInfo (RoleInfo.java:shutdownLeaderElection(134)) - 4d64a175-4b4e-44c0-a69c-2b88ef1d7b0a: shutdown LeaderElection
2019-09-19 10:36:16,432 [22b67679-0935-426b-83cf-71539ab9923b@group-E4721F147E2B:LeaderElection58] INFO  impl.RaftServerImpl (RaftServerImpl.java:setRole(174)) - 22b67679-0935-426b-83cf-71539ab9923b@group-E4721F147E2B: changes role from CANDIDATE to FOLLOWER at term 8 for DISCOVERED_A_NEW_TERM
2019-09-19 10:36:16,432 [4d64a175-4b4e-44c0-a69c-2b88ef1d7b0a@group-E4721F147E2B:LeaderElection60] INFO  impl.RoleInfo (RoleInfo.java:updateAndGet(143)) - 4d64a175-4b4e-44c0-a69c-2b88ef1d7b0a: start FollowerState
2019-09-19 10:36:16,434 [22b67679-0935-426b-83cf-71539ab9923b@group-E4721F147E2B:LeaderElection58] INFO  impl.RoleInfo (RoleInfo.java:shutdownLeaderElection(134)) - 22b67679-0935-426b-83cf-71539ab9923b: shutdown LeaderElection
2019-09-19 10:36:16,434 [22b67679-0935-426b-83cf-71539ab9923b@group-E4721F147E2B:LeaderElection58] INFO  impl.RoleInfo (RoleInfo.java:updateAndGet(143)) - 22b67679-0935-426b-83cf-71539ab9923b: start FollowerState
2019-09-19 10:36:21,536 [Thread-2663] INFO  impl.FollowerState (FollowerState.java:run(106)) - 4d64a175-4b4e-44c0-a69c-2b88ef1d7b0a:group-E4721F147E2B changes to CANDIDATE, lastRpcTime:5104, electionTimeout:5102ms
2019-09-19 10:36:21,537 [Thread-2663] INFO  impl.RoleInfo (RoleInfo.java:shutdownFollowerState(121)) - 4d64a175-4b4e-44c0-a69c-2b88ef1d7b0a: shutdown FollowerState
2019-09-19 10:36:21,537 [Thread-2663] INFO  impl.RaftServerImpl (RaftServerImpl.java:setRole(174)) - 4d64a175-4b4e-44c0-a69c-2b88ef1d7b0a@group-E4721F147E2B: changes role from  FOLLOWER to CANDIDATE at term 8 for changeToCandidate
2019-09-19 10:36:21,538 [Thread-2663] INFO  impl.RoleInfo (RoleInfo.java:updateAndGet(143)) - 4d64a175-4b4e-44c0-a69c-2b88ef1d7b0a: start LeaderElection
2019-09-19 10:36:21,547 [Thread-2662] INFO  impl.FollowerState (FollowerState.java:run(106)) - 9aee5a09-4a58-4c9c-9e60-8a9aa652786c:group-E4721F147E2B changes to CANDIDATE, lastRpcTime:5121, electionTimeout:5117ms
2019-09-19 10:36:21,547 [Thread-2662] INFO  impl.RoleInfo (RoleInfo.java:shutdownFollowerState(121)) - 9aee5a09-4a58-4c9c-9e60-8a9aa652786c: shutdown FollowerState
2019-09-19 10:36:21,547 [Thread-2662] INFO  impl.RaftServerImpl (RaftServerImpl.java:setRole(174)) - 9aee5a09-4a58-4c9c-9e60-8a9aa652786c@group-E4721F147E2B: changes role from  FOLLOWER to CANDIDATE at term 8 for changeToCandidate
2019-09-19 10:36:21,547 [Thread-2662] INFO  impl.RoleInfo (RoleInfo.java:updateAndGet(143)) - 9aee5a09-4a58-4c9c-9e60-8a9aa652786c: start LeaderElection
2019-09-19 10:36:21,559 [Thread-2664] INFO  impl.FollowerState (FollowerState.java:run(106)) - 22b67679-0935-426b-83cf-71539ab9923b:group-E4721F147E2B changes to CANDIDATE, lastRpcTime:5124, electionTimeout:5124ms
2019-09-19 10:36:21,559 [Thread-2664] INFO  impl.RoleInfo (RoleInfo.java:shutdownFollowerState(121)) - 22b67679-0935-426b-83cf-71539ab9923b: shutdown FollowerState
2019-09-19 10:36:21,559 [Thread-2664] INFO  impl.RaftServerImpl (RaftServerImpl.java:setRole(174)) - 22b67679-0935-426b-83cf-71539ab9923b@group-E4721F147E2B: changes role from  FOLLOWER to CANDIDATE at term 8 for changeToCandidate
2019-09-19 10:36:21,559 [Thread-2664] INFO  impl.RoleInfo (RoleInfo.java:updateAndGet(143)) - 22b67679-0935-426b-83cf-71539ab9923b: start LeaderElection
2019-09-19 10:36:24,051 [22b67679-0935-426b-83cf-71539ab9923b@group-E4721F147E2B:LeaderElection63] INFO  impl.LeaderElection (LeaderElection.java:askForVotes(182)) - 22b67679-0935-426b-83cf-71539ab9923b@group-E4721F147E2B:LeaderElection63: begin an election at term 9 for -1: [22b67679-0935-426b-83cf-71539ab9923b:192.168.5.171:46775, 9aee5a09-4a58-4c9c-9e60-8a9aa652786c:192.168.5.171:38202, 4d64a175-4b4e-44c0-a69c-2b88ef1d7b0a:192.168.5.171:38950], old=null
2019-09-19 10:36:24,051 [4d64a175-4b4e-44c0-a69c-2b88ef1d7b0a@group-E4721F147E2B:LeaderElection61] INFO  impl.LeaderElection (LeaderElection.java:askForVotes(182)) - 4d64a175-4b4e-44c0-a69c-2b88ef1d7b0a@group-E4721F147E2B:LeaderElection61: begin an election at term 9 for -1: [22b67679-0935-426b-83cf-71539ab9923b:192.168.5.171:46775, 9aee5a09-4a58-4c9c-9e60-8a9aa652786c:192.168.5.171:38202, 4d64a175-4b4e-44c0-a69c-2b88ef1d7b0a:192.168.5.171:38950], old=null
2019-09-19 10:36:24,051 [9aee5a09-4a58-4c9c-9e60-8a9aa652786c@group-E4721F147E2B:LeaderElection62] INFO  impl.LeaderElection (LeaderElection.java:askForVotes(182)) - 9aee5a09-4a58-4c9c-9e60-8a9aa652786c@group-E4721F147E2B:LeaderElection62: begin an election at term 9 for -1: [22b67679-0935-426b-83cf-71539ab9923b:192.168.5.171:46775, 9aee5a09-4a58-4c9c-9e60-8a9aa652786c:192.168.5.171:38202, 4d64a175-4b4e-44c0-a69c-2b88ef1d7b0a:192.168.5.171:38950], old=null
2019-09-19 10:36:24,063 [22b67679-0935-426b-83cf-71539ab9923b@group-E4721F147E2B:LeaderElection63] INFO  impl.LeaderElection (LeaderElection.java:logAndReturn(56)) - 22b67679-0935-426b-83cf-71539ab9923b@group-E4721F147E2B:LeaderElection63: Election REJECTED; received 2 response(s) [22b67679-0935-426b-83cf-71539ab9923b<-9aee5a09-4a58-4c9c-9e60-8a9aa652786c#0:FAIL-t9, 22b67679-0935-426b-83cf-71539ab9923b<-4d64a175-4b4e-44c0-a69c-2b88ef1d7b0a#0:FAIL-t9] and 0 exception(s); 22b67679-0935-426b-83cf-71539ab9923b@group-E4721F147E2B:t9, leader=null, voted=22b67679-0935-426b-83cf-71539ab9923b, raftlog=22b67679-0935-426b-83cf-71539ab9923b@group-E4721F147E2B-SegmentedRaftLog:OPENED:c-1,f-1,i0, conf=-1: [22b67679-0935-426b-83cf-71539ab9923b:192.168.5.171:46775, 9aee5a09-4a58-4c9c-9e60-8a9aa652786c:192.168.5.171:38202, 4d64a175-4b4e-44c0-a69c-2b88ef1d7b0a:192.168.5.171:38950], old=null
2019-09-19 10:36:24,063 [4d64a175-4b4e-44c0-a69c-2b88ef1d7b0a@group-E4721F147E2B:LeaderElection61] INFO  impl.LeaderElection (LeaderElection.java:logAndReturn(56)) - 4d64a175-4b4e-44c0-a69c-2b88ef1d7b0a@group-E4721F147E2B:LeaderElection61: Election REJECTED; received 2 response(s) [4d64a175-4b4e-44c0-a69c-2b88ef1d7b0a<-22b67679-0935-426b-83cf-71539ab9923b#0:FAIL-t9, 4d64a175-4b4e-44c0-a69c-2b88ef1d7b0a<-9aee5a09-4a58-4c9c-9e60-8a9aa652786c#0:FAIL-t9] and 0 exception(s); 4d64a175-4b4e-44c0-a69c-2b88ef1d7b0a@group-E4721F147E2B:t9, leader=null, voted=4d64a175-4b4e-44c0-a69c-2b88ef1d7b0a, raftlog=4d64a175-4b4e-44c0-a69c-2b88ef1d7b0a@group-E4721F147E2B-SegmentedRaftLog:OPENED:c-1,f-1,i0, conf=-1: [22b67679-0935-426b-83cf-71539ab9923b:192.168.5.171:46775, 9aee5a09-4a58-4c9c-9e60-8a9aa652786c:192.168.5.171:38202, 4d64a175-4b4e-44c0-a69c-2b88ef1d7b0a:192.168.5.171:38950], old=null
2019-09-19 10:36:24,063 [22b67679-0935-426b-83cf-71539ab9923b@group-E4721F147E2B:LeaderElection63] INFO  impl.RaftServerImpl (RaftServerImpl.java:setRole(174)) - 22b67679-0935-426b-83cf-71539ab9923b@group-E4721F147E2B: changes role from CANDIDATE to FOLLOWER at term 9 for DISCOVERED_A_NEW_TERM
2019-09-19 10:36:24,063 [9aee5a09-4a58-4c9c-9e60-8a9aa652786c@group-E4721F147E2B:LeaderElection62] INFO  impl.LeaderElection (LeaderElection.java:logAndReturn(56)) - 9aee5a09-4a58-4c9c-9e60-8a9aa652786c@group-E4721F147E2B:LeaderElection62: Election REJECTED; received 2 response(s) [9aee5a09-4a58-4c9c-9e60-8a9aa652786c<-22b67679-0935-426b-83cf-71539ab9923b#0:FAIL-t9, 9aee5a09-4a58-4c9c-9e60-8a9aa652786c<-4d64a175-4b4e-44c0-a69c-2b88ef1d7b0a#0:FAIL-t9] and 0 exception(s); 9aee5a09-4a58-4c9c-9e60-8a9aa652786c@group-E4721F147E2B:t9, leader=null, voted=9aee5a09-4a58-4c9c-9e60-8a9aa652786c, raftlog=9aee5a09-4a58-4c9c-9e60-8a9aa652786c@group-E4721F147E2B-SegmentedRaftLog:OPENED:c-1,f-1,i0, conf=-1: [22b67679-0935-426b-83cf-71539ab9923b:192.168.5.171:46775, 9aee5a09-4a58-4c9c-9e60-8a9aa652786c:192.168.5.171:38202, 4d64a175-4b4e-44c0-a69c-2b88ef1d7b0a:192.168.5.171:38950], old=null
2019-09-19 10:36:24,066 [22b67679-0935-426b-83cf-71539ab9923b@group-E4721F147E2B:LeaderElection63] INFO  impl.RoleInfo (RoleInfo.java:shutdownLeaderElection(134)) - 22b67679-0935-426b-83cf-71539ab9923b: shutdown LeaderElection
2019-09-19 10:36:24,064 [4d64a175-4b4e-44c0-a69c-2b88ef1d7b0a@group-E4721F147E2B:LeaderElection61] INFO  impl.RaftServerImpl (RaftServerImpl.java:setRole(174)) - 4d64a175-4b4e-44c0-a69c-2b88ef1d7b0a@group-E4721F147E2B: changes role from CANDIDATE to FOLLOWER at term 9 for DISCOVERED_A_NEW_TERM
2019-09-19 10:36:24,067 [22b67679-0935-426b-83cf-71539ab9923b@group-E4721F147E2B:LeaderElection63] INFO  impl.RoleInfo (RoleInfo.java:updateAndGet(143)) - 22b67679-0935-426b-83cf-71539ab9923b: start FollowerState
2019-09-19 10:36:24,066 [9aee5a09-4a58-4c9c-9e60-8a9aa652786c@group-E4721F147E2B:LeaderElection62] INFO  impl.RaftServerImpl (RaftServerImpl.java:setRole(174)) - 9aee5a09-4a58-4c9c-9e60-8a9aa652786c@group-E4721F147E2B: changes role from CANDIDATE to FOLLOWER at term 9 for DISCOVERED_A_NEW_TERM
2019-09-19 10:36:24,067 [4d64a175-4b4e-44c0-a69c-2b88ef1d7b0a@group-E4721F147E2B:LeaderElection61] INFO  impl.RoleInfo (RoleInfo.java:shutdownLeaderElection(134)) - 4d64a175-4b4e-44c0-a69c-2b88ef1d7b0a: shutdown LeaderElection
2019-09-19 10:36:24,067 [9aee5a09-4a58-4c9c-9e60-8a9aa652786c@group-E4721F147E2B:LeaderElection62] INFO  impl.RoleInfo (RoleInfo.java:shutdownLeaderElection(134)) - 9aee5a09-4a58-4c9c-9e60-8a9aa652786c: shutdown LeaderElection
2019-09-19 10:36:24,067 [4d64a175-4b4e-44c0-a69c-2b88ef1d7b0a@group-E4721F147E2B:LeaderElection61] INFO  impl.RoleInfo (RoleInfo.java:updateAndGet(143)) - 4d64a175-4b4e-44c0-a69c-2b88ef1d7b0a: start FollowerState
2019-09-19 10:36:24,067 [9aee5a09-4a58-4c9c-9e60-8a9aa652786c@group-E4721F147E2B:LeaderElection62] INFO  impl.RoleInfo (RoleInfo.java:updateAndGet(143)) - 9aee5a09-4a58-4c9c-9e60-8a9aa652786c: start FollowerState
2019-09-19 10:36:29,238 [Thread-2692] INFO  impl.FollowerState (FollowerState.java:run(106)) - 4d64a175-4b4e-44c0-a69c-2b88ef1d7b0a:group-E4721F147E2B changes to CANDIDATE, lastRpcTime:5170, electionTimeout:5170ms
2019-09-19 10:36:29,239 [Thread-2693] INFO  impl.FollowerState (FollowerState.java:run(106)) - 9aee5a09-4a58-4c9c-9e60-8a9aa652786c:group-E4721F147E2B changes to CANDIDATE, lastRpcTime:5171, electionTimeout:5171ms
2019-09-19 10:36:29,239 [Thread-2692] INFO  impl.RoleInfo (RoleInfo.java:shutdownFollowerState(121)) - 4d64a175-4b4e-44c0-a69c-2b88ef1d7b0a: shutdown FollowerState
2019-09-19 10:36:29,239 [Thread-2693] INFO  impl.RoleInfo (RoleInfo.java:shutdownFollowerState(121)) - 9aee5a09-4a58-4c9c-9e60-8a9aa652786c: shutdown FollowerState
2019-09-19 10:36:29,240 [Thread-2692] INFO  impl.RaftServerImpl (RaftServerImpl.java:setRole(174)) - 4d64a175-4b4e-44c0-a69c-2b88ef1d7b0a@group-E4721F147E2B: changes role from  FOLLOWER to CANDIDATE at term 9 for changeToCandidate
2019-09-19 10:36:29,240 [Thread-2693] INFO  impl.RaftServerImpl (RaftServerImpl.java:setRole(174)) - 9aee5a09-4a58-4c9c-9e60-8a9aa652786c@group-E4721F147E2B: changes role from  FOLLOWER to CANDIDATE at term 9 for changeToCandidate
2019-09-19 10:36:29,240 [Thread-2693] INFO  impl.RoleInfo (RoleInfo.java:updateAndGet(143)) - 9aee5a09-4a58-4c9c-9e60-8a9aa652786c: start LeaderElection
2019-09-19 10:36:29,240 [Thread-2692] INFO  impl.RoleInfo (RoleInfo.java:updateAndGet(143)) - 4d64a175-4b4e-44c0-a69c-2b88ef1d7b0a: start LeaderElection
2019-09-19 10:36:29,267 [Thread-2691] INFO  impl.FollowerState (FollowerState.java:run(106)) - 22b67679-0935-426b-83cf-71539ab9923b:group-E4721F147E2B changes to CANDIDATE, lastRpcTime:5200, electionTimeout:5200ms
2019-09-19 10:36:29,268 [Thread-2691] INFO  impl.RoleInfo (RoleInfo.java:shutdownFollowerState(121)) - 22b67679-0935-426b-83cf-71539ab9923b: shutdown FollowerState
2019-09-19 10:36:29,268 [Thread-2691] INFO  impl.RaftServerImpl (RaftServerImpl.java:setRole(174)) - 22b67679-0935-426b-83cf-71539ab9923b@group-E4721F147E2B: changes role from  FOLLOWER to CANDIDATE at term 9 for changeToCandidate
2019-09-19 10:36:29,268 [Thread-2691] INFO  impl.RoleInfo (RoleInfo.java:updateAndGet(143)) - 22b67679-0935-426b-83cf-71539ab9923b: start LeaderElection
2019-09-19 10:36:29,487 [4d64a175-4b4e-44c0-a69c-2b88ef1d7b0a@group-E4721F147E2B:LeaderElection65] INFO  impl.LeaderElection (LeaderElection.java:askForVotes(182)) - 4d64a175-4b4e-44c0-a69c-2b88ef1d7b0a@group-E4721F147E2B:LeaderElection65: begin an election at term 10 for -1: [22b67679-0935-426b-83cf-71539ab9923b:192.168.5.171:46775, 9aee5a09-4a58-4c9c-9e60-8a9aa652786c:192.168.5.171:38202, 4d64a175-4b4e-44c0-a69c-2b88ef1d7b0a:192.168.5.171:38950], old=null
2019-09-19 10:36:29,487 [9aee5a09-4a58-4c9c-9e60-8a9aa652786c@group-E4721F147E2B:LeaderElection64] INFO  impl.LeaderElection (LeaderElection.java:askForVotes(182)) - 9aee5a09-4a58-4c9c-9e60-8a9aa652786c@group-E4721F147E2B:LeaderElection64: begin an election at term 10 for -1: [22b67679-0935-426b-83cf-71539ab9923b:192.168.5.171:46775, 9aee5a09-4a58-4c9c-9e60-8a9aa652786c:192.168.5.171:38202, 4d64a175-4b4e-44c0-a69c-2b88ef1d7b0a:192.168.5.171:38950], old=null
2019-09-19 10:36:29,487 [22b67679-0935-426b-83cf-71539ab9923b@group-E4721F147E2B:LeaderElection66] INFO  impl.LeaderElection (LeaderElection.java:askForVotes(182)) - 22b67679-0935-426b-83cf-71539ab9923b@group-E4721F147E2B:LeaderElection66: begin an election at term 10 for -1: [22b67679-0935-426b-83cf-71539ab9923b:192.168.5.171:46775, 9aee5a09-4a58-4c9c-9e60-8a9aa652786c:192.168.5.171:38202, 4d64a175-4b4e-44c0-a69c-2b88ef1d7b0a:192.168.5.171:38950], old=null
2019-09-19 10:36:29,494 [9aee5a09-4a58-4c9c-9e60-8a9aa652786c@group-E4721F147E2B:LeaderElection64] INFO  impl.LeaderElection (LeaderElection.java:logAndReturn(56)) - 9aee5a09-4a58-4c9c-9e60-8a9aa652786c@group-E4721F147E2B:LeaderElection64: Election REJECTED; received 2 response(s) [9aee5a09-4a58-4c9c-9e60-8a9aa652786c<-22b67679-0935-426b-83cf-71539ab9923b#0:FAIL-t10, 9aee5a09-4a58-4c9c-9e60-8a9aa652786c<-4d64a175-4b4e-44c0-a69c-2b88ef1d7b0a#0:FAIL-t10] and 0 exception(s); 9aee5a09-4a58-4c9c-9e60-8a9aa652786c@group-E4721F147E2B:t10, leader=null, voted=9aee5a09-4a58-4c9c-9e60-8a9aa652786c, raftlog=9aee5a09-4a58-4c9c-9e60-8a9aa652786c@group-E4721F147E2B-SegmentedRaftLog:OPENED:c-1,f-1,i0, conf=-1: [22b67679-0935-426b-83cf-71539ab9923b:192.168.5.171:46775, 9aee5a09-4a58-4c9c-9e60-8a9aa652786c:192.168.5.171:38202, 4d64a175-4b4e-44c0-a69c-2b88ef1d7b0a:192.168.5.171:38950], old=null
2019-09-19 10:36:29,494 [4d64a175-4b4e-44c0-a69c-2b88ef1d7b0a@group-E4721F147E2B:LeaderElection65] INFO  impl.LeaderElection (LeaderElection.java:logAndReturn(56)) - 4d64a175-4b4e-44c0-a69c-2b88ef1d7b0a@group-E4721F147E2B:LeaderElection65: Election REJECTED; received 2 response(s) [4d64a175-4b4e-44c0-a69c-2b88ef1d7b0a<-22b67679-0935-426b-83cf-71539ab9923b#0:FAIL-t10, 4d64a175-4b4e-44c0-a69c-2b88ef1d7b0a<-9aee5a09-4a58-4c9c-9e60-8a9aa652786c#0:FAIL-t10] and 0 exception(s); 4d64a175-4b4e-44c0-a69c-2b88ef1d7b0a@group-E4721F147E2B:t10, leader=null, voted=4d64a175-4b4e-44c0-a69c-2b88ef1d7b0a, raftlog=4d64a175-4b4e-44c0-a69c-2b88ef1d7b0a@group-E4721F147E2B-SegmentedRaftLog:OPENED:c-1,f-1,i0, conf=-1: [22b67679-0935-426b-83cf-71539ab9923b:192.168.5.171:46775, 9aee5a09-4a58-4c9c-9e60-8a9aa652786c:192.168.5.171:38202, 4d64a175-4b4e-44c0-a69c-2b88ef1d7b0a:192.168.5.171:38950], old=null
2019-09-19 10:36:29,494 [9aee5a09-4a58-4c9c-9e60-8a9aa652786c@group-E4721F147E2B:LeaderElection64] INFO  impl.RaftServerImpl (RaftServerImpl.java:setRole(174)) - 9aee5a09-4a58-4c9c-9e60-8a9aa652786c@group-E4721F147E2B: changes role from CANDIDATE to FOLLOWER at term 10 for DISCOVERED_A_NEW_TERM
2019-09-19 10:36:29,494 [22b67679-0935-426b-83cf-71539ab9923b@group-E4721F147E2B:LeaderElection66] INFO  impl.LeaderElection (LeaderElection.java:logAndReturn(56)) - 22b67679-0935-426b-83cf-71539ab9923b@group-E4721F147E2B:LeaderElection66: Election REJECTED; received 2 response(s) [22b67679-0935-426b-83cf-71539ab9923b<-9aee5a09-4a58-4c9c-9e60-8a9aa652786c#0:FAIL-t10, 22b67679-0935-426b-83cf-71539ab9923b<-4d64a175-4b4e-44c0-a69c-2b88ef1d7b0a#0:FAIL-t10] and 0 exception(s); 22b67679-0935-426b-83cf-71539ab9923b@group-E4721F147E2B:t10, leader=null, voted=22b67679-0935-426b-83cf-71539ab9923b, raftlog=22b67679-0935-426b-83cf-71539ab9923b@group-E4721F147E2B-SegmentedRaftLog:OPENED:c-1,f-1,i0, conf=-1: [22b67679-0935-426b-83cf-71539ab9923b:192.168.5.171:46775, 9aee5a09-4a58-4c9c-9e60-8a9aa652786c:192.168.5.171:38202, 4d64a175-4b4e-44c0-a69c-2b88ef1d7b0a:192.168.5.171:38950], old=null
2019-09-19 10:36:29,498 [9aee5a09-4a58-4c9c-9e60-8a9aa652786c@group-E4721F147E2B:LeaderElection64] INFO  impl.RoleInfo (RoleInfo.java:shutdownLeaderElection(134)) - 9aee5a09-4a58-4c9c-9e60-8a9aa652786c: shutdown LeaderElection
2019-09-19 10:36:29,497 [4d64a175-4b4e-44c0-a69c-2b88ef1d7b0a@group-E4721F147E2B:LeaderElection65] INFO  impl.RaftServerImpl (RaftServerImpl.java:setRole(174)) - 4d64a175-4b4e-44c0-a69c-2b88ef1d7b0a@group-E4721F147E2B: changes role from CANDIDATE to FOLLOWER at term 10 for DISCOVERED_A_NEW_TERM
2019-09-19 10:36:29,503 [4d64a175-4b4e-44c0-a69c-2b88ef1d7b0a@group-E4721F147E2B:LeaderElection65] INFO  impl.RoleInfo (RoleInfo.java:shutdownLeaderElection(134)) - 4d64a175-4b4e-44c0-a69c-2b88ef1d7b0a: shutdown LeaderElection
2019-09-19 10:36:29,503 [9aee5a09-4a58-4c9c-9e60-8a9aa652786c@group-E4721F147E2B:LeaderElection64] INFO  impl.RoleInfo (RoleInfo.java:updateAndGet(143)) - 9aee5a09-4a58-4c9c-9e60-8a9aa652786c: start FollowerState
2019-09-19 10:36:29,501 [22b67679-0935-426b-83cf-71539ab9923b@group-E4721F147E2B:LeaderElection66] INFO  impl.RaftServerImpl (RaftServerImpl.java:setRole(174)) - 22b67679-0935-426b-83cf-71539ab9923b@group-E4721F147E2B: changes role from CANDIDATE to FOLLOWER at term 10 for DISCOVERED_A_NEW_TERM
2019-09-19 10:36:29,504 [22b67679-0935-426b-83cf-71539ab9923b@group-E4721F147E2B:LeaderElection66] INFO  impl.RoleInfo (RoleInfo.java:shutdownLeaderElection(134)) - 22b67679-0935-426b-83cf-71539ab9923b: shutdown LeaderElection
2019-09-19 10:36:29,504 [22b67679-0935-426b-83cf-71539ab9923b@group-E4721F147E2B:LeaderElection66] INFO  impl.RoleInfo (RoleInfo.java:updateAndGet(143)) - 22b67679-0935-426b-83cf-71539ab9923b: start FollowerState
2019-09-19 10:36:29,504 [4d64a175-4b4e-44c0-a69c-2b88ef1d7b0a@group-E4721F147E2B:LeaderElection65] INFO  impl.RoleInfo (RoleInfo.java:updateAndGet(143)) - 4d64a175-4b4e-44c0-a69c-2b88ef1d7b0a: start FollowerState
2019-09-19 10:36:34,550 [Thread-2716] INFO  impl.FollowerState (FollowerState.java:run(106)) - 9aee5a09-4a58-4c9c-9e60-8a9aa652786c:group-E4721F147E2B changes to CANDIDATE, lastRpcTime:5047, electionTimeout:5046ms
2019-09-19 10:36:34,551 [Thread-2716] INFO  impl.RoleInfo (RoleInfo.java:shutdownFollowerState(121)) - 9aee5a09-4a58-4c9c-9e60-8a9aa652786c: shutdown FollowerState
2019-09-19 10:36:34,551 [Thread-2716] INFO  impl.RaftServerImpl (RaftServerImpl.java:setRole(174)) - 9aee5a09-4a58-4c9c-9e60-8a9aa652786c@group-E4721F147E2B: changes role from  FOLLOWER to CANDIDATE at term 10 for changeToCandidate
2019-09-19 10:36:34,551 [Thread-2716] INFO  impl.RoleInfo (RoleInfo.java:updateAndGet(143)) - 9aee5a09-4a58-4c9c-9e60-8a9aa652786c: start LeaderElection
2019-09-19 10:36:34,617 [Thread-2718] INFO  impl.FollowerState (FollowerState.java:run(106)) - 22b67679-0935-426b-83cf-71539ab9923b:group-E4721F147E2B changes to CANDIDATE, lastRpcTime:5112, electionTimeout:5112ms
2019-09-19 10:36:34,617 [Thread-2718] INFO  impl.RoleInfo (RoleInfo.java:shutdownFollowerState(121)) - 22b67679-0935-426b-83cf-71539ab9923b: shutdown FollowerState
2019-09-19 10:36:34,617 [Thread-2718] INFO  impl.RaftServerImpl (RaftServerImpl.java:setRole(174)) - 22b67679-0935-426b-83cf-71539ab9923b@group-E4721F147E2B: changes role from  FOLLOWER to CANDIDATE at term 10 for changeToCandidate
2019-09-19 10:36:34,617 [Thread-2718] INFO  impl.RoleInfo (RoleInfo.java:updateAndGet(143)) - 22b67679-0935-426b-83cf-71539ab9923b: start LeaderElection
2019-09-19 10:36:34,622 [Thread-2717] INFO  impl.FollowerState (FollowerState.java:run(106)) - 4d64a175-4b4e-44c0-a69c-2b88ef1d7b0a:group-E4721F147E2B changes to CANDIDATE, lastRpcTime:5118, electionTimeout:5117ms
2019-09-19 10:36:34,622 [Thread-2717] INFO  impl.RoleInfo (RoleInfo.java:shutdownFollowerState(121)) - 4d64a175-4b4e-44c0-a69c-2b88ef1d7b0a: shutdown FollowerState
2019-09-19 10:36:34,623 [Thread-2717] INFO  impl.RaftServerImpl (RaftServerImpl.java:setRole(174)) - 4d64a175-4b4e-44c0-a69c-2b88ef1d7b0a@group-E4721F147E2B: changes role from  FOLLOWER to CANDIDATE at term 10 for changeToCandidate
2019-09-19 10:36:34,623 [Thread-2717] INFO  impl.RoleInfo (RoleInfo.java:updateAndGet(143)) - 4d64a175-4b4e-44c0-a69c-2b88ef1d7b0a: start LeaderElection
2019-09-19 10:36:35,023 [9aee5a09-4a58-4c9c-9e60-8a9aa652786c@group-E4721F147E2B:LeaderElection67] INFO  impl.LeaderElection (LeaderElection.java:askForVotes(182)) - 9aee5a09-4a58-4c9c-9e60-8a9aa652786c@group-E4721F147E2B:LeaderElection67: begin an election at term 11 for -1: [22b67679-0935-426b-83cf-71539ab9923b:192.168.5.171:46775, 9aee5a09-4a58-4c9c-9e60-8a9aa652786c:192.168.5.171:38202, 4d64a175-4b4e-44c0-a69c-2b88ef1d7b0a:192.168.5.171:38950], old=null
2019-09-19 10:36:35,023 [22b67679-0935-426b-83cf-71539ab9923b@group-E4721F147E2B:LeaderElection68] INFO  impl.LeaderElection (LeaderElection.java:askForVotes(182)) - 22b67679-0935-426b-83cf-71539ab9923b@group-E4721F147E2B:LeaderElection68: begin an election at term 11 for -1: [22b67679-0935-426b-83cf-71539ab9923b:192.168.5.171:46775, 9aee5a09-4a58-4c9c-9e60-8a9aa652786c:192.168.5.171:38202, 4d64a175-4b4e-44c0-a69c-2b88ef1d7b0a:192.168.5.171:38950], old=null
2019-09-19 10:36:35,023 [4d64a175-4b4e-44c0-a69c-2b88ef1d7b0a@group-E4721F147E2B:LeaderElection69] INFO  impl.LeaderElection (LeaderElection.java:askForVotes(182)) - 4d64a175-4b4e-44c0-a69c-2b88ef1d7b0a@group-E4721F147E2B:LeaderElection69: begin an election at term 11 for -1: [22b67679-0935-426b-83cf-71539ab9923b:192.168.5.171:46775, 9aee5a09-4a58-4c9c-9e60-8a9aa652786c:192.168.5.171:38202, 4d64a175-4b4e-44c0-a69c-2b88ef1d7b0a:192.168.5.171:38950], old=null
2019-09-19 10:36:35,030 [9aee5a09-4a58-4c9c-9e60-8a9aa652786c@group-E4721F147E2B:LeaderElection67] INFO  impl.LeaderElection (LeaderElection.java:logAndReturn(56)) - 9aee5a09-4a58-4c9c-9e60-8a9aa652786c@group-E4721F147E2B:LeaderElection67: Election REJECTED; received 2 response(s) [9aee5a09-4a58-4c9c-9e60-8a9aa652786c<-22b67679-0935-426b-83cf-71539ab9923b#0:FAIL-t11, 9aee5a09-4a58-4c9c-9e60-8a9aa652786c<-4d64a175-4b4e-44c0-a69c-2b88ef1d7b0a#0:FAIL-t11] and 0 exception(s); 9aee5a09-4a58-4c9c-9e60-8a9aa652786c@group-E4721F147E2B:t11, leader=null, voted=9aee5a09-4a58-4c9c-9e60-8a9aa652786c, raftlog=9aee5a09-4a58-4c9c-9e60-8a9aa652786c@group-E4721F147E2B-SegmentedRaftLog:OPENED:c-1,f-1,i0, conf=-1: [22b67679-0935-426b-83cf-71539ab9923b:192.168.5.171:46775, 9aee5a09-4a58-4c9c-9e60-8a9aa652786c:192.168.5.171:38202, 4d64a175-4b4e-44c0-a69c-2b88ef1d7b0a:192.168.5.171:38950], old=null
2019-09-19 10:36:35,030 [9aee5a09-4a58-4c9c-9e60-8a9aa652786c@group-E4721F147E2B:LeaderElection67] INFO  impl.RaftServerImpl (RaftServerImpl.java:setRole(174)) - 9aee5a09-4a58-4c9c-9e60-8a9aa652786c@group-E4721F147E2B: changes role from CANDIDATE to FOLLOWER at term 11 for DISCOVERED_A_NEW_TERM
2019-09-19 10:36:35,031 [9aee5a09-4a58-4c9c-9e60-8a9aa652786c@group-E4721F147E2B:LeaderElection67] INFO  impl.RoleInfo (RoleInfo.java:shutdownLeaderElection(134)) - 9aee5a09-4a58-4c9c-9e60-8a9aa652786c: shutdown LeaderElection
2019-09-19 10:36:35,031 [4d64a175-4b4e-44c0-a69c-2b88ef1d7b0a@group-E4721F147E2B:LeaderElection69] INFO  impl.LeaderElection (LeaderElection.java:logAndReturn(56)) - 4d64a175-4b4e-44c0-a69c-2b88ef1d7b0a@group-E4721F147E2B:LeaderElection69: Election REJECTED; received 2 response(s) [4d64a175-4b4e-44c0-a69c-2b88ef1d7b0a<-22b67679-0935-426b-83cf-71539ab9923b#0:FAIL-t11, 4d64a175-4b4e-44c0-a69c-2b88ef1d7b0a<-9aee5a09-4a58-4c9c-9e60-8a9aa652786c#0:FAIL-t11] and 0 exception(s); 4d64a175-4b4e-44c0-a69c-2b88ef1d7b0a@group-E4721F147E2B:t11, leader=null, voted=4d64a175-4b4e-44c0-a69c-2b88ef1d7b0a, raftlog=4d64a175-4b4e-44c0-a69c-2b88ef1d7b0a@group-E4721F147E2B-SegmentedRaftLog:OPENED:c-1,f-1,i0, conf=-1: [22b67679-0935-426b-83cf-71539ab9923b:192.168.5.171:46775, 9aee5a09-4a58-4c9c-9e60-8a9aa652786c:192.168.5.171:38202, 4d64a175-4b4e-44c0-a69c-2b88ef1d7b0a:192.168.5.171:38950], old=null
2019-09-19 10:36:35,032 [9aee5a09-4a58-4c9c-9e60-8a9aa652786c@group-E4721F147E2B:LeaderElection67] INFO  impl.RoleInfo (RoleInfo.java:updateAndGet(143)) - 9aee5a09-4a58-4c9c-9e60-8a9aa652786c: start FollowerState
2019-09-19 10:36:35,033 [4d64a175-4b4e-44c0-a69c-2b88ef1d7b0a@group-E4721F147E2B:LeaderElection69] INFO  impl.RaftServerImpl (RaftServerImpl.java:setRole(174)) - 4d64a175-4b4e-44c0-a69c-2b88ef1d7b0a@group-E4721F147E2B: changes role from CANDIDATE to FOLLOWER at term 11 for DISCOVERED_A_NEW_TERM
2019-09-19 10:36:35,034 [4d64a175-4b4e-44c0-a69c-2b88ef1d7b0a@group-E4721F147E2B:LeaderElection69] INFO  impl.RoleInfo (RoleInfo.java:shutdownLeaderElection(134)) - 4d64a175-4b4e-44c0-a69c-2b88ef1d7b0a: shutdown LeaderElection
2019-09-19 10:36:35,034 [4d64a175-4b4e-44c0-a69c-2b88ef1d7b0a@group-E4721F147E2B:LeaderElection69] INFO  impl.RoleInfo (RoleInfo.java:updateAndGet(143)) - 4d64a175-4b4e-44c0-a69c-2b88ef1d7b0a: start FollowerState
2019-09-19 10:36:35,035 [22b67679-0935-426b-83cf-71539ab9923b@group-E4721F147E2B:LeaderElection68] INFO  impl.LeaderElection (LeaderElection.java:logAndReturn(56)) - 22b67679-0935-426b-83cf-71539ab9923b@group-E4721F147E2B:LeaderElection68: Election REJECTED; received 2 response(s) [22b67679-0935-426b-83cf-71539ab9923b<-9aee5a09-4a58-4c9c-9e60-8a9aa652786c#0:FAIL-t11, 22b67679-0935-426b-83cf-71539ab9923b<-4d64a175-4b4e-44c0-a69c-2b88ef1d7b0a#0:FAIL-t11] and 0 exception(s); 22b67679-0935-426b-83cf-71539ab9923b@group-E4721F147E2B:t11, leader=null, voted=22b67679-0935-426b-83cf-71539ab9923b, raftlog=22b67679-0935-426b-83cf-71539ab9923b@group-E4721F147E2B-SegmentedRaftLog:OPENED:c-1,f-1,i0, conf=-1: [22b67679-0935-426b-83cf-71539ab9923b:192.168.5.171:46775, 9aee5a09-4a58-4c9c-9e60-8a9aa652786c:192.168.5.171:38202, 4d64a175-4b4e-44c0-a69c-2b88ef1d7b0a:192.168.5.171:38950], old=null
2019-09-19 10:36:35,035 [22b67679-0935-426b-83cf-71539ab9923b@group-E4721F147E2B:LeaderElection68] INFO  impl.RaftServerImpl (RaftServerImpl.java:setRole(174)) - 22b67679-0935-426b-83cf-71539ab9923b@group-E4721F147E2B: changes role from CANDIDATE to FOLLOWER at term 11 for DISCOVERED_A_NEW_TERM
2019-09-19 10:36:35,035 [22b67679-0935-426b-83cf-71539ab9923b@group-E4721F147E2B:LeaderElection68] INFO  impl.RoleInfo (RoleInfo.java:shutdownLeaderElection(134)) - 22b67679-0935-426b-83cf-71539ab9923b: shutdown LeaderElection
2019-09-19 10:36:35,035 [22b67679-0935-426b-83cf-71539ab9923b@group-E4721F147E2B:LeaderElection68] INFO  impl.RoleInfo (RoleInfo.java:updateAndGet(143)) - 22b67679-0935-426b-83cf-71539ab9923b: start FollowerState
2019-09-19 10:36:36,458 [grpc-default-executor-3] WARN  client.GrpcClientProtocolService (LogUtils.java:warn(134)) - 25-OrderedRequestStreamObserver25: onError: org.apache.ratis.thirdparty.io.grpc.StatusRuntimeException: CANCELLED: cancelled before receiving half close
2019-09-19 10:36:40,125 [Thread-2738] INFO  impl.FollowerState (FollowerState.java:run(106)) - 9aee5a09-4a58-4c9c-9e60-8a9aa652786c:group-E4721F147E2B changes to CANDIDATE, lastRpcTime:5092, electionTimeout:5090ms
2019-09-19 10:36:40,125 [Thread-2738] INFO  impl.RoleInfo (RoleInfo.java:shutdownFollowerState(121)) - 9aee5a09-4a58-4c9c-9e60-8a9aa652786c: shutdown FollowerState
2019-09-19 10:36:40,125 [Thread-2738] INFO  impl.RaftServerImpl (RaftServerImpl.java:setRole(174)) - 9aee5a09-4a58-4c9c-9e60-8a9aa652786c@group-E4721F147E2B: changes role from  FOLLOWER to CANDIDATE at term 11 for changeToCandidate
2019-09-19 10:36:40,125 [Thread-2738] INFO  impl.RoleInfo (RoleInfo.java:updateAndGet(143)) - 9aee5a09-4a58-4c9c-9e60-8a9aa652786c: start LeaderElection
2019-09-19 10:36:40,159 [Thread-2740] INFO  impl.FollowerState (FollowerState.java:run(106)) - 22b67679-0935-426b-83cf-71539ab9923b:group-E4721F147E2B changes to CANDIDATE, lastRpcTime:5123, electionTimeout:5123ms
2019-09-19 10:36:40,159 [Thread-2740] INFO  impl.RoleInfo (RoleInfo.java:shutdownFollowerState(121)) - 22b67679-0935-426b-83cf-71539ab9923b: shutdown FollowerState
2019-09-19 10:36:40,159 [Thread-2740] INFO  impl.RaftServerImpl (RaftServerImpl.java:setRole(174)) - 22b67679-0935-426b-83cf-71539ab9923b@group-E4721F147E2B: changes role from  FOLLOWER to CANDIDATE at term 11 for changeToCandidate
2019-09-19 10:36:40,159 [Thread-2740] INFO  impl.RoleInfo (RoleInfo.java:updateAndGet(143)) - 22b67679-0935-426b-83cf-71539ab9923b: start LeaderElection
2019-09-19 10:36:40,201 [Thread-2739] INFO  impl.FollowerState (FollowerState.java:run(106)) - 4d64a175-4b4e-44c0-a69c-2b88ef1d7b0a:group-E4721F147E2B changes to CANDIDATE, lastRpcTime:5166, electionTimeout:5166ms
2019-09-19 10:36:40,201 [Thread-2739] INFO  impl.RoleInfo (RoleInfo.java:shutdownFollowerState(121)) - 4d64a175-4b4e-44c0-a69c-2b88ef1d7b0a: shutdown FollowerState
2019-09-19 10:36:40,201 [Thread-2739] INFO  impl.RaftServerImpl (RaftServerImpl.java:setRole(174)) - 4d64a175-4b4e-44c0-a69c-2b88ef1d7b0a@group-E4721F147E2B: changes role from  FOLLOWER to CANDIDATE at term 11 for changeToCandidate
2019-09-19 10:36:40,202 [Thread-2739] INFO  impl.RoleInfo (RoleInfo.java:updateAndGet(143)) - 4d64a175-4b4e-44c0-a69c-2b88ef1d7b0a: start LeaderElection
2019-09-19 10:36:40,300 [9aee5a09-4a58-4c9c-9e60-8a9aa652786c@group-E4721F147E2B:LeaderElection70] INFO  impl.LeaderElection (LeaderElection.java:askForVotes(182)) - 9aee5a09-4a58-4c9c-9e60-8a9aa652786c@group-E4721F147E2B:LeaderElection70: begin an election at term 12 for -1: [22b67679-0935-426b-83cf-71539ab9923b:192.168.5.171:46775, 9aee5a09-4a58-4c9c-9e60-8a9aa652786c:192.168.5.171:38202, 4d64a175-4b4e-44c0-a69c-2b88ef1d7b0a:192.168.5.171:38950], old=null
2019-09-19 10:36:40,300 [4d64a175-4b4e-44c0-a69c-2b88ef1d7b0a@group-E4721F147E2B:LeaderElection72] INFO  impl.LeaderElection (LeaderElection.java:askForVotes(182)) - 4d64a175-4b4e-44c0-a69c-2b88ef1d7b0a@group-E4721F147E2B:LeaderElection72: begin an election at term 12 for -1: [22b67679-0935-426b-83cf-71539ab9923b:192.168.5.171:46775, 9aee5a09-4a58-4c9c-9e60-8a9aa652786c:192.168.5.171:38202, 4d64a175-4b4e-44c0-a69c-2b88ef1d7b0a:192.168.5.171:38950], old=null
2019-09-19 10:36:40,300 [22b67679-0935-426b-83cf-71539ab9923b@group-E4721F147E2B:LeaderElection71] INFO  impl.LeaderElection (LeaderElection.java:askForVotes(182)) - 22b67679-0935-426b-83cf-71539ab9923b@group-E4721F147E2B:LeaderElection71: begin an election at term 12 for -1: [22b67679-0935-426b-83cf-71539ab9923b:192.168.5.171:46775, 9aee5a09-4a58-4c9c-9e60-8a9aa652786c:192.168.5.171:38202, 4d64a175-4b4e-44c0-a69c-2b88ef1d7b0a:192.168.5.171:38950], old=null
2019-09-19 10:36:40,306 [4d64a175-4b4e-44c0-a69c-2b88ef1d7b0a@group-E4721F147E2B:LeaderElection72] INFO  impl.LeaderElection (LeaderElection.java:logAndReturn(56)) - 4d64a175-4b4e-44c0-a69c-2b88ef1d7b0a@group-E4721F147E2B:LeaderElection72: Election REJECTED; received 2 response(s) [4d64a175-4b4e-44c0-a69c-2b88ef1d7b0a<-22b67679-0935-426b-83cf-71539ab9923b#0:FAIL-t12, 4d64a175-4b4e-44c0-a69c-2b88ef1d7b0a<-9aee5a09-4a58-4c9c-9e60-8a9aa652786c#0:FAIL-t12] and 0 exception(s); 4d64a175-4b4e-44c0-a69c-2b88ef1d7b0a@group-E4721F147E2B:t12, leader=null, voted=4d64a175-4b4e-44c0-a69c-2b88ef1d7b0a, raftlog=4d64a175-4b4e-44c0-a69c-2b88ef1d7b0a@group-E4721F147E2B-SegmentedRaftLog:OPENED:c-1,f-1,i0, conf=-1: [22b67679-0935-426b-83cf-71539ab9923b:192.168.5.171:46775, 9aee5a09-4a58-4c9c-9e60-8a9aa652786c:192.168.5.171:38202, 4d64a175-4b4e-44c0-a69c-2b88ef1d7b0a:192.168.5.171:38950], old=null
2019-09-19 10:36:40,306 [22b67679-0935-426b-83cf-71539ab9923b@group-E4721F147E2B:LeaderElection71] INFO  impl.LeaderElection (LeaderElection.java:logAndReturn(56)) - 22b67679-0935-426b-83cf-71539ab9923b@group-E4721F147E2B:LeaderElection71: Election REJECTED; received 2 response(s) [22b67679-0935-426b-83cf-71539ab9923b<-9aee5a09-4a58-4c9c-9e60-8a9aa652786c#0:FAIL-t12, 22b67679-0935-426b-83cf-71539ab9923b<-4d64a175-4b4e-44c0-a69c-2b88ef1d7b0a#0:FAIL-t12] and 0 exception(s); 22b67679-0935-426b-83cf-71539ab9923b@group-E4721F147E2B:t12, leader=null, voted=22b67679-0935-426b-83cf-71539ab9923b, raftlog=22b67679-0935-426b-83cf-71539ab9923b@group-E4721F147E2B-SegmentedRaftLog:OPENED:c-1,f-1,i0, conf=-1: [22b67679-0935-426b-83cf-71539ab9923b:192.168.5.171:46775, 9aee5a09-4a58-4c9c-9e60-8a9aa652786c:192.168.5.171:38202, 4d64a175-4b4e-44c0-a69c-2b88ef1d7b0a:192.168.5.171:38950], old=null
2019-09-19 10:36:40,306 [4d64a175-4b4e-44c0-a69c-2b88ef1d7b0a@group-E4721F147E2B:LeaderElection72] INFO  impl.RaftServerImpl (RaftServerImpl.java:setRole(174)) - 4d64a175-4b4e-44c0-a69c-2b88ef1d7b0a@group-E4721F147E2B: changes role from CANDIDATE to FOLLOWER at term 12 for DISCOVERED_A_NEW_TERM
2019-09-19 10:36:40,308 [22b67679-0935-426b-83cf-71539ab9923b@group-E4721F147E2B:LeaderElection71] INFO  impl.RaftServerImpl (RaftServerImpl.java:setRole(174)) - 22b67679-0935-426b-83cf-71539ab9923b@group-E4721F147E2B: changes role from CANDIDATE to FOLLOWER at term 12 for DISCOVERED_A_NEW_TERM
2019-09-19 10:36:40,310 [22b67679-0935-426b-83cf-71539ab9923b@group-E4721F147E2B:LeaderElection71] INFO  impl.RoleInfo (RoleInfo.java:shutdownLeaderElection(134)) - 22b67679-0935-426b-83cf-71539ab9923b: shutdown LeaderElection
2019-09-19 10:36:40,309 [4d64a175-4b4e-44c0-a69c-2b88ef1d7b0a@group-E4721F147E2B:LeaderElection72] INFO  impl.RoleInfo (RoleInfo.java:shutdownLeaderElection(134)) - 4d64a175-4b4e-44c0-a69c-2b88ef1d7b0a: shutdown LeaderElection
2019-09-19 10:36:40,311 [22b67679-0935-426b-83cf-71539ab9923b@group-E4721F147E2B:LeaderElection71] INFO  impl.RoleInfo (RoleInfo.java:updateAndGet(143)) - 22b67679-0935-426b-83cf-71539ab9923b: start FollowerState
2019-09-19 10:36:40,310 [9aee5a09-4a58-4c9c-9e60-8a9aa652786c@group-E4721F147E2B:LeaderElection70] INFO  impl.LeaderElection (LeaderElection.java:logAndReturn(56)) - 9aee5a09-4a58-4c9c-9e60-8a9aa652786c@group-E4721F147E2B:LeaderElection70: Election REJECTED; received 2 response(s) [9aee5a09-4a58-4c9c-9e60-8a9aa652786c<-22b67679-0935-426b-83cf-71539ab9923b#0:FAIL-t12, 9aee5a09-4a58-4c9c-9e60-8a9aa652786c<-4d64a175-4b4e-44c0-a69c-2b88ef1d7b0a#0:FAIL-t12] and 0 exception(s); 9aee5a09-4a58-4c9c-9e60-8a9aa652786c@group-E4721F147E2B:t12, leader=null, voted=9aee5a09-4a58-4c9c-9e60-8a9aa652786c, raftlog=9aee5a09-4a58-4c9c-9e60-8a9aa652786c@group-E4721F147E2B-SegmentedRaftLog:OPENED:c-1,f-1,i0, conf=-1: [22b67679-0935-426b-83cf-71539ab9923b:192.168.5.171:46775, 9aee5a09-4a58-4c9c-9e60-8a9aa652786c:192.168.5.171:38202, 4d64a175-4b4e-44c0-a69c-2b88ef1d7b0a:192.168.5.171:38950], old=null
2019-09-19 10:36:40,311 [4d64a175-4b4e-44c0-a69c-2b88ef1d7b0a@group-E4721F147E2B:LeaderElection72] INFO  impl.RoleInfo (RoleInfo.java:updateAndGet(143)) - 4d64a175-4b4e-44c0-a69c-2b88ef1d7b0a: start FollowerState
2019-09-19 10:36:40,311 [9aee5a09-4a58-4c9c-9e60-8a9aa652786c@group-E4721F147E2B:LeaderElection70] INFO  impl.RaftServerImpl (RaftServerImpl.java:setRole(174)) - 9aee5a09-4a58-4c9c-9e60-8a9aa652786c@group-E4721F147E2B: changes role from CANDIDATE to FOLLOWER at term 12 for DISCOVERED_A_NEW_TERM
2019-09-19 10:36:40,313 [9aee5a09-4a58-4c9c-9e60-8a9aa652786c@group-E4721F147E2B:LeaderElection70] INFO  impl.RoleInfo (RoleInfo.java:shutdownLeaderElection(134)) - 9aee5a09-4a58-4c9c-9e60-8a9aa652786c: shutdown LeaderElection
2019-09-19 10:36:40,313 [9aee5a09-4a58-4c9c-9e60-8a9aa652786c@group-E4721F147E2B:LeaderElection70] INFO  impl.RoleInfo (RoleInfo.java:updateAndGet(143)) - 9aee5a09-4a58-4c9c-9e60-8a9aa652786c: start FollowerState
2019-09-19 10:36:45,321 [Thread-2760] INFO  impl.FollowerState (FollowerState.java:run(106)) - 22b67679-0935-426b-83cf-71539ab9923b:group-E4721F147E2B changes to CANDIDATE, lastRpcTime:5010, electionTimeout:5009ms
2019-09-19 10:36:45,321 [Thread-2760] INFO  impl.RoleInfo (RoleInfo.java:shutdownFollowerState(121)) - 22b67679-0935-426b-83cf-71539ab9923b: shutdown FollowerState
2019-09-19 10:36:45,322 [Thread-2760] INFO  impl.RaftServerImpl (RaftServerImpl.java:setRole(174)) - 22b67679-0935-426b-83cf-71539ab9923b@group-E4721F147E2B: changes role from  FOLLOWER to CANDIDATE at term 12 for changeToCandidate
2019-09-19 10:36:45,322 [Thread-2760] INFO  impl.RoleInfo (RoleInfo.java:updateAndGet(143)) - 22b67679-0935-426b-83cf-71539ab9923b: start LeaderElection
2019-09-19 10:36:45,392 [Thread-2762] INFO  impl.FollowerState (FollowerState.java:run(106)) - 9aee5a09-4a58-4c9c-9e60-8a9aa652786c:group-E4721F147E2B changes to CANDIDATE, lastRpcTime:5078, electionTimeout:5078ms
2019-09-19 10:36:45,392 [Thread-2762] INFO  impl.RoleInfo (RoleInfo.java:shutdownFollowerState(121)) - 9aee5a09-4a58-4c9c-9e60-8a9aa652786c: shutdown FollowerState
2019-09-19 10:36:45,392 [Thread-2762] INFO  impl.RaftServerImpl (RaftServerImpl.java:setRole(174)) - 9aee5a09-4a58-4c9c-9e60-8a9aa652786c@group-E4721F147E2B: changes role from  FOLLOWER to CANDIDATE at term 12 for changeToCandidate
2019-09-19 10:36:45,392 [Thread-2762] INFO  impl.RoleInfo (RoleInfo.java:updateAndGet(143)) - 9aee5a09-4a58-4c9c-9e60-8a9aa652786c: start LeaderElection
2019-09-19 10:36:45,493 [Thread-2761] INFO  impl.FollowerState (FollowerState.java:run(106)) - 4d64a175-4b4e-44c0-a69c-2b88ef1d7b0a:group-E4721F147E2B changes to CANDIDATE, lastRpcTime:5182, electionTimeout:5180ms
2019-09-19 10:36:45,494 [Thread-2761] INFO  impl.RoleInfo (RoleInfo.java:shutdownFollowerState(121)) - 4d64a175-4b4e-44c0-a69c-2b88ef1d7b0a: shutdown FollowerState
2019-09-19 10:36:45,494 [Thread-2761] INFO  impl.RaftServerImpl (RaftServerImpl.java:setRole(174)) - 4d64a175-4b4e-44c0-a69c-2b88ef1d7b0a@group-E4721F147E2B: changes role from  FOLLOWER to CANDIDATE at term 12 for changeToCandidate
2019-09-19 10:36:45,494 [Thread-2761] INFO  impl.RoleInfo (RoleInfo.java:updateAndGet(143)) - 4d64a175-4b4e-44c0-a69c-2b88ef1d7b0a: start LeaderElection
2019-09-19 10:36:45,778 [4d64a175-4b4e-44c0-a69c-2b88ef1d7b0a@group-E4721F147E2B:LeaderElection75] INFO  impl.LeaderElection (LeaderElection.java:askForVotes(182)) - 4d64a175-4b4e-44c0-a69c-2b88ef1d7b0a@group-E4721F147E2B:LeaderElection75: begin an election at term 13 for -1: [22b67679-0935-426b-83cf-71539ab9923b:192.168.5.171:46775, 9aee5a09-4a58-4c9c-9e60-8a9aa652786c:192.168.5.171:38202, 4d64a175-4b4e-44c0-a69c-2b88ef1d7b0a:192.168.5.171:38950], old=null
2019-09-19 10:36:45,778 [22b67679-0935-426b-83cf-71539ab9923b@group-E4721F147E2B:LeaderElection73] INFO  impl.LeaderElection (LeaderElection.java:askForVotes(182)) - 22b67679-0935-426b-83cf-71539ab9923b@group-E4721F147E2B:LeaderElection73: begin an election at term 13 for -1: [22b67679-0935-426b-83cf-71539ab9923b:192.168.5.171:46775, 9aee5a09-4a58-4c9c-9e60-8a9aa652786c:192.168.5.171:38202, 4d64a175-4b4e-44c0-a69c-2b88ef1d7b0a:192.168.5.171:38950], old=null
2019-09-19 10:36:45,778 [9aee5a09-4a58-4c9c-9e60-8a9aa652786c@group-E4721F147E2B:LeaderElection74] INFO  impl.LeaderElection (LeaderElection.java:askForVotes(182)) - 9aee5a09-4a58-4c9c-9e60-8a9aa652786c@group-E4721F147E2B:LeaderElection74: begin an election at term 13 for -1: [22b67679-0935-426b-83cf-71539ab9923b:192.168.5.171:46775, 9aee5a09-4a58-4c9c-9e60-8a9aa652786c:192.168.5.171:38202, 4d64a175-4b4e-44c0-a69c-2b88ef1d7b0a:192.168.5.171:38950], old=null
2019-09-19 10:36:45,786 [9aee5a09-4a58-4c9c-9e60-8a9aa652786c@group-E4721F147E2B:LeaderElection74] INFO  impl.LeaderElection (LeaderElection.java:logAndReturn(56)) - 9aee5a09-4a58-4c9c-9e60-8a9aa652786c@group-E4721F147E2B:LeaderElection74: Election REJECTED; received 2 response(s) [9aee5a09-4a58-4c9c-9e60-8a9aa652786c<-22b67679-0935-426b-83cf-71539ab9923b#0:FAIL-t13, 9aee5a09-4a58-4c9c-9e60-8a9aa652786c<-4d64a175-4b4e-44c0-a69c-2b88ef1d7b0a#0:FAIL-t13] and 0 exception(s); 9aee5a09-4a58-4c9c-9e60-8a9aa652786c@group-E4721F147E2B:t13, leader=null, voted=9aee5a09-4a58-4c9c-9e60-8a9aa652786c, raftlog=9aee5a09-4a58-4c9c-9e60-8a9aa652786c@group-E4721F147E2B-SegmentedRaftLog:OPENED:c-1,f-1,i0, conf=-1: [22b67679-0935-426b-83cf-71539ab9923b:192.168.5.171:46775, 9aee5a09-4a58-4c9c-9e60-8a9aa652786c:192.168.5.171:38202, 4d64a175-4b4e-44c0-a69c-2b88ef1d7b0a:192.168.5.171:38950], old=null
2019-09-19 10:36:45,786 [9aee5a09-4a58-4c9c-9e60-8a9aa652786c@group-E4721F147E2B:LeaderElection74] INFO  impl.RaftServerImpl (RaftServerImpl.java:setRole(174)) - 9aee5a09-4a58-4c9c-9e60-8a9aa652786c@group-E4721F147E2B: changes role from CANDIDATE to FOLLOWER at term 13 for DISCOVERED_A_NEW_TERM
2019-09-19 10:36:45,786 [9aee5a09-4a58-4c9c-9e60-8a9aa652786c@group-E4721F147E2B:LeaderElection74] INFO  impl.RoleInfo (RoleInfo.java:shutdownLeaderElection(134)) - 9aee5a09-4a58-4c9c-9e60-8a9aa652786c: shutdown LeaderElection
2019-09-19 10:36:45,787 [9aee5a09-4a58-4c9c-9e60-8a9aa652786c@group-E4721F147E2B:LeaderElection74] INFO  impl.RoleInfo (RoleInfo.java:updateAndGet(143)) - 9aee5a09-4a58-4c9c-9e60-8a9aa652786c: start FollowerState
2019-09-19 10:36:45,787 [4d64a175-4b4e-44c0-a69c-2b88ef1d7b0a@group-E4721F147E2B:LeaderElection75] INFO  impl.LeaderElection (LeaderElection.java:logAndReturn(56)) - 4d64a175-4b4e-44c0-a69c-2b88ef1d7b0a@group-E4721F147E2B:LeaderElection75: Election REJECTED; received 2 response(s) [4d64a175-4b4e-44c0-a69c-2b88ef1d7b0a<-22b67679-0935-426b-83cf-71539ab9923b#0:FAIL-t13, 4d64a175-4b4e-44c0-a69c-2b88ef1d7b0a<-9aee5a09-4a58-4c9c-9e60-8a9aa652786c#0:FAIL-t13] and 0 exception(s); 4d64a175-4b4e-44c0-a69c-2b88ef1d7b0a@group-E4721F147E2B:t13, leader=null, voted=4d64a175-4b4e-44c0-a69c-2b88ef1d7b0a, raftlog=4d64a175-4b4e-44c0-a69c-2b88ef1d7b0a@group-E4721F147E2B-SegmentedRaftLog:OPENED:c-1,f-1,i0, conf=-1: [22b67679-0935-426b-83cf-71539ab9923b:192.168.5.171:46775, 9aee5a09-4a58-4c9c-9e60-8a9aa652786c:192.168.5.171:38202, 4d64a175-4b4e-44c0-a69c-2b88ef1d7b0a:192.168.5.171:38950], old=null
2019-09-19 10:36:45,787 [22b67679-0935-426b-83cf-71539ab9923b@group-E4721F147E2B:LeaderElection73] INFO  impl.LeaderElection (LeaderElection.java:logAndReturn(56)) - 22b67679-0935-426b-83cf-71539ab9923b@group-E4721F147E2B:LeaderElection73: Election REJECTED; received 2 response(s) [22b67679-0935-426b-83cf-71539ab9923b<-9aee5a09-4a58-4c9c-9e60-8a9aa652786c#0:FAIL-t13, 22b67679-0935-426b-83cf-71539ab9923b<-4d64a175-4b4e-44c0-a69c-2b88ef1d7b0a#0:FAIL-t13] and 0 exception(s); 22b67679-0935-426b-83cf-71539ab9923b@group-E4721F147E2B:t13, leader=null, voted=22b67679-0935-426b-83cf-71539ab9923b, raftlog=22b67679-0935-426b-83cf-71539ab9923b@group-E4721F147E2B-SegmentedRaftLog:OPENED:c-1,f-1,i0, conf=-1: [22b67679-0935-426b-83cf-71539ab9923b:192.168.5.171:46775, 9aee5a09-4a58-4c9c-9e60-8a9aa652786c:192.168.5.171:38202, 4d64a175-4b4e-44c0-a69c-2b88ef1d7b0a:192.168.5.171:38950], old=null
2019-09-19 10:36:45,791 [4d64a175-4b4e-44c0-a69c-2b88ef1d7b0a@group-E4721F147E2B:LeaderElection75] INFO  impl.RaftServerImpl (RaftServerImpl.java:setRole(174)) - 4d64a175-4b4e-44c0-a69c-2b88ef1d7b0a@group-E4721F147E2B: changes role from CANDIDATE to FOLLOWER at term 13 for DISCOVERED_A_NEW_TERM
2019-09-19 10:36:45,804 [22b67679-0935-426b-83cf-71539ab9923b@group-E4721F147E2B:LeaderElection73] INFO  impl.RaftServerImpl (RaftServerImpl.java:setRole(174)) - 22b67679-0935-426b-83cf-71539ab9923b@group-E4721F147E2B: changes role from CANDIDATE to FOLLOWER at term 13 for DISCOVERED_A_NEW_TERM
2019-09-19 10:36:45,804 [4d64a175-4b4e-44c0-a69c-2b88ef1d7b0a@group-E4721F147E2B:LeaderElection75] INFO  impl.RoleInfo (RoleInfo.java:shutdownLeaderElection(134)) - 4d64a175-4b4e-44c0-a69c-2b88ef1d7b0a: shutdown LeaderElection
2019-09-19 10:36:45,806 [22b67679-0935-426b-83cf-71539ab9923b@group-E4721F147E2B:LeaderElection73] INFO  impl.RoleInfo (RoleInfo.java:shutdownLeaderElection(134)) - 22b67679-0935-426b-83cf-71539ab9923b: shutdown LeaderElection
2019-09-19 10:36:45,806 [4d64a175-4b4e-44c0-a69c-2b88ef1d7b0a@group-E4721F147E2B:LeaderElection75] INFO  impl.RoleInfo (RoleInfo.java:updateAndGet(143)) - 4d64a175-4b4e-44c0-a69c-2b88ef1d7b0a: start FollowerState
2019-09-19 10:36:45,806 [22b67679-0935-426b-83cf-71539ab9923b@group-E4721F147E2B:LeaderElection73] INFO  impl.RoleInfo (RoleInfo.java:updateAndGet(143)) - 22b67679-0935-426b-83cf-71539ab9923b: start FollowerState
2019-09-19 10:36:50,918 [Thread-2785] INFO  impl.FollowerState (FollowerState.java:run(106)) - 4d64a175-4b4e-44c0-a69c-2b88ef1d7b0a:group-E4721F147E2B changes to CANDIDATE, lastRpcTime:5111, electionTimeout:5111ms
2019-09-19 10:36:50,919 [Thread-2785] INFO  impl.RoleInfo (RoleInfo.java:shutdownFollowerState(121)) - 4d64a175-4b4e-44c0-a69c-2b88ef1d7b0a: shutdown FollowerState
2019-09-19 10:36:50,919 [Thread-2785] INFO  impl.RaftServerImpl (RaftServerImpl.java:setRole(174)) - 4d64a175-4b4e-44c0-a69c-2b88ef1d7b0a@group-E4721F147E2B: changes role from  FOLLOWER to CANDIDATE at term 13 for changeToCandidate
2019-09-19 10:36:50,919 [Thread-2785] INFO  impl.RoleInfo (RoleInfo.java:updateAndGet(143)) - 4d64a175-4b4e-44c0-a69c-2b88ef1d7b0a: start LeaderElection
2019-09-19 10:36:50,955 [Thread-2784] INFO  impl.FollowerState (FollowerState.java:run(106)) - 9aee5a09-4a58-4c9c-9e60-8a9aa652786c:group-E4721F147E2B changes to CANDIDATE, lastRpcTime:5168, electionTimeout:5164ms
2019-09-19 10:36:50,955 [Thread-2784] INFO  impl.RoleInfo (RoleInfo.java:shutdownFollowerState(121)) - 9aee5a09-4a58-4c9c-9e60-8a9aa652786c: shutdown FollowerState
2019-09-19 10:36:50,955 [Thread-2784] INFO  impl.RaftServerImpl (RaftServerImpl.java:setRole(174)) - 9aee5a09-4a58-4c9c-9e60-8a9aa652786c@group-E4721F147E2B: changes role from  FOLLOWER to CANDIDATE at term 13 for changeToCandidate
2019-09-19 10:36:50,955 [Thread-2784] INFO  impl.RoleInfo (RoleInfo.java:updateAndGet(143)) - 9aee5a09-4a58-4c9c-9e60-8a9aa652786c: start LeaderElection
2019-09-19 10:36:50,965 [Thread-2786] INFO  impl.FollowerState (FollowerState.java:run(106)) - 22b67679-0935-426b-83cf-71539ab9923b:group-E4721F147E2B changes to CANDIDATE, lastRpcTime:5158, electionTimeout:5158ms
2019-09-19 10:36:50,965 [Thread-2786] INFO  impl.RoleInfo (RoleInfo.java:shutdownFollowerState(121)) - 22b67679-0935-426b-83cf-71539ab9923b: shutdown FollowerState
2019-09-19 10:36:50,965 [Thread-2786] INFO  impl.RaftServerImpl (RaftServerImpl.java:setRole(174)) - 22b67679-0935-426b-83cf-71539ab9923b@group-E4721F147E2B: changes role from  FOLLOWER to CANDIDATE at term 13 for changeToCandidate
2019-09-19 10:36:50,965 [Thread-2786] INFO  impl.RoleInfo (RoleInfo.java:updateAndGet(143)) - 22b67679-0935-426b-83cf-71539ab9923b: start LeaderElection
2019-09-19 10:36:51,227 [9aee5a09-4a58-4c9c-9e60-8a9aa652786c@group-E4721F147E2B:LeaderElection77] INFO  impl.LeaderElection (LeaderElection.java:askForVotes(182)) - 9aee5a09-4a58-4c9c-9e60-8a9aa652786c@group-E4721F147E2B:LeaderElection77: begin an election at term 14 for -1: [22b67679-0935-426b-83cf-71539ab9923b:192.168.5.171:46775, 9aee5a09-4a58-4c9c-9e60-8a9aa652786c:192.168.5.171:38202, 4d64a175-4b4e-44c0-a69c-2b88ef1d7b0a:192.168.5.171:38950], old=null
2019-09-19 10:36:51,227 [22b67679-0935-426b-83cf-71539ab9923b@group-E4721F147E2B:LeaderElection78] INFO  impl.LeaderElection (LeaderElection.java:askForVotes(182)) - 22b67679-0935-426b-83cf-71539ab9923b@group-E4721F147E2B:LeaderElection78: begin an election at term 14 for -1: [22b67679-0935-426b-83cf-71539ab9923b:192.168.5.171:46775, 9aee5a09-4a58-4c9c-9e60-8a9aa652786c:192.168.5.171:38202, 4d64a175-4b4e-44c0-a69c-2b88ef1d7b0a:192.168.5.171:38950], old=null
2019-09-19 10:36:51,227 [4d64a175-4b4e-44c0-a69c-2b88ef1d7b0a@group-E4721F147E2B:LeaderElection76] INFO  impl.LeaderElection (LeaderElection.java:askForVotes(182)) - 4d64a175-4b4e-44c0-a69c-2b88ef1d7b0a@group-E4721F147E2B:LeaderElection76: begin an election at term 14 for -1: [22b67679-0935-426b-83cf-71539ab9923b:192.168.5.171:46775, 9aee5a09-4a58-4c9c-9e60-8a9aa652786c:192.168.5.171:38202, 4d64a175-4b4e-44c0-a69c-2b88ef1d7b0a:192.168.5.171:38950], old=null
2019-09-19 10:36:51,233 [22b67679-0935-426b-83cf-71539ab9923b@group-E4721F147E2B:LeaderElection78] INFO  impl.LeaderElection (LeaderElection.java:logAndReturn(56)) - 22b67679-0935-426b-83cf-71539ab9923b@group-E4721F147E2B:LeaderElection78: Election REJECTED; received 2 response(s) [22b67679-0935-426b-83cf-71539ab9923b<-9aee5a09-4a58-4c9c-9e60-8a9aa652786c#0:FAIL-t14, 22b67679-0935-426b-83cf-71539ab9923b<-4d64a175-4b4e-44c0-a69c-2b88ef1d7b0a#0:FAIL-t14] and 0 exception(s); 22b67679-0935-426b-83cf-71539ab9923b@group-E4721F147E2B:t14, leader=null, voted=22b67679-0935-426b-83cf-71539ab9923b, raftlog=22b67679-0935-426b-83cf-71539ab9923b@group-E4721F147E2B-SegmentedRaftLog:OPENED:c-1,f-1,i0, conf=-1: [22b67679-0935-426b-83cf-71539ab9923b:192.168.5.171:46775, 9aee5a09-4a58-4c9c-9e60-8a9aa652786c:192.168.5.171:38202, 4d64a175-4b4e-44c0-a69c-2b88ef1d7b0a:192.168.5.171:38950], old=null
2019-09-19 10:36:51,234 [9aee5a09-4a58-4c9c-9e60-8a9aa652786c@group-E4721F147E2B:LeaderElection77] INFO  impl.LeaderElection (LeaderElection.java:logAndReturn(56)) - 9aee5a09-4a58-4c9c-9e60-8a9aa652786c@group-E4721F147E2B:LeaderElection77: Election REJECTED; received 2 response(s) [9aee5a09-4a58-4c9c-9e60-8a9aa652786c<-22b67679-0935-426b-83cf-71539ab9923b#0:FAIL-t14, 9aee5a09-4a58-4c9c-9e60-8a9aa652786c<-4d64a175-4b4e-44c0-a69c-2b88ef1d7b0a#0:FAIL-t14] and 0 exception(s); 9aee5a09-4a58-4c9c-9e60-8a9aa652786c@group-E4721F147E2B:t14, leader=null, voted=9aee5a09-4a58-4c9c-9e60-8a9aa652786c, raftlog=9aee5a09-4a58-4c9c-9e60-8a9aa652786c@group-E4721F147E2B-SegmentedRaftLog:OPENED:c-1,f-1,i0, conf=-1: [22b67679-0935-426b-83cf-71539ab9923b:192.168.5.171:46775, 9aee5a09-4a58-4c9c-9e60-8a9aa652786c:192.168.5.171:38202, 4d64a175-4b4e-44c0-a69c-2b88ef1d7b0a:192.168.5.171:38950], old=null
2019-09-19 10:36:51,233 [4d64a175-4b4e-44c0-a69c-2b88ef1d7b0a@group-E4721F147E2B:LeaderElection76] INFO  impl.LeaderElection (LeaderElection.java:logAndReturn(56)) - 4d64a175-4b4e-44c0-a69c-2b88ef1d7b0a@group-E4721F147E2B:LeaderElection76: Election REJECTED; received 2 response(s) [4d64a175-4b4e-44c0-a69c-2b88ef1d7b0a<-22b67679-0935-426b-83cf-71539ab9923b#0:FAIL-t14, 4d64a175-4b4e-44c0-a69c-2b88ef1d7b0a<-9aee5a09-4a58-4c9c-9e60-8a9aa652786c#0:FAIL-t14] and 0 exception(s); 4d64a175-4b4e-44c0-a69c-2b88ef1d7b0a@group-E4721F147E2B:t14, leader=null, voted=4d64a175-4b4e-44c0-a69c-2b88ef1d7b0a, raftlog=4d64a175-4b4e-44c0-a69c-2b88ef1d7b0a@group-E4721F147E2B-SegmentedRaftLog:OPENED:c-1,f-1,i0, conf=-1: [22b67679-0935-426b-83cf-71539ab9923b:192.168.5.171:46775, 9aee5a09-4a58-4c9c-9e60-8a9aa652786c:192.168.5.171:38202, 4d64a175-4b4e-44c0-a69c-2b88ef1d7b0a:192.168.5.171:38950], old=null
2019-09-19 10:36:51,236 [9aee5a09-4a58-4c9c-9e60-8a9aa652786c@group-E4721F147E2B:LeaderElection77] INFO  impl.RaftServerImpl (RaftServerImpl.java:setRole(174)) - 9aee5a09-4a58-4c9c-9e60-8a9aa652786c@group-E4721F147E2B: changes role from CANDIDATE to FOLLOWER at term 14 for DISCOVERED_A_NEW_TERM
2019-09-19 10:36:51,234 [22b67679-0935-426b-83cf-71539ab9923b@group-E4721F147E2B:LeaderElection78] INFO  impl.RaftServerImpl (RaftServerImpl.java:setRole(174)) - 22b67679-0935-426b-83cf-71539ab9923b@group-E4721F147E2B: changes role from CANDIDATE to FOLLOWER at term 14 for DISCOVERED_A_NEW_TERM
2019-09-19 10:36:51,238 [9aee5a09-4a58-4c9c-9e60-8a9aa652786c@group-E4721F147E2B:LeaderElection77] INFO  impl.RoleInfo (RoleInfo.java:shutdownLeaderElection(134)) - 9aee5a09-4a58-4c9c-9e60-8a9aa652786c: shutdown LeaderElection
2019-09-19 10:36:51,236 [4d64a175-4b4e-44c0-a69c-2b88ef1d7b0a@group-E4721F147E2B:LeaderElection76] INFO  impl.RaftServerImpl (RaftServerImpl.java:setRole(174)) - 4d64a175-4b4e-44c0-a69c-2b88ef1d7b0a@group-E4721F147E2B: changes role from CANDIDATE to FOLLOWER at term 14 for DISCOVERED_A_NEW_TERM
2019-09-19 10:36:51,240 [9aee5a09-4a58-4c9c-9e60-8a9aa652786c@group-E4721F147E2B:LeaderElection77] INFO  impl.RoleInfo (RoleInfo.java:updateAndGet(143)) - 9aee5a09-4a58-4c9c-9e60-8a9aa652786c: start FollowerState
2019-09-19 10:36:51,239 [22b67679-0935-426b-83cf-71539ab9923b@group-E4721F147E2B:LeaderElection78] INFO  impl.RoleInfo (RoleInfo.java:shutdownLeaderElection(134)) - 22b67679-0935-426b-83cf-71539ab9923b: shutdown LeaderElection
2019-09-19 10:36:51,240 [4d64a175-4b4e-44c0-a69c-2b88ef1d7b0a@group-E4721F147E2B:LeaderElection76] INFO  impl.RoleInfo (RoleInfo.java:shutdownLeaderElection(134)) - 4d64a175-4b4e-44c0-a69c-2b88ef1d7b0a: shutdown LeaderElection
2019-09-19 10:36:51,240 [22b67679-0935-426b-83cf-71539ab9923b@group-E4721F147E2B:LeaderElection78] INFO  impl.RoleInfo (RoleInfo.java:updateAndGet(143)) - 22b67679-0935-426b-83cf-71539ab9923b: start FollowerState
2019-09-19 10:36:51,240 [4d64a175-4b4e-44c0-a69c-2b88ef1d7b0a@group-E4721F147E2B:LeaderElection76] INFO  impl.RoleInfo (RoleInfo.java:updateAndGet(143)) - 4d64a175-4b4e-44c0-a69c-2b88ef1d7b0a: start FollowerState
2019-09-19 10:36:56,300 [Thread-2808] INFO  impl.FollowerState (FollowerState.java:run(106)) - 4d64a175-4b4e-44c0-a69c-2b88ef1d7b0a:group-E4721F147E2B changes to CANDIDATE, lastRpcTime:5059, electionTimeout:5059ms
2019-09-19 10:36:56,301 [Thread-2808] INFO  impl.RoleInfo (RoleInfo.java:shutdownFollowerState(121)) - 4d64a175-4b4e-44c0-a69c-2b88ef1d7b0a: shutdown FollowerState
2019-09-19 10:36:56,302 [Thread-2808] INFO  impl.RaftServerImpl (RaftServerImpl.java:setRole(174)) - 4d64a175-4b4e-44c0-a69c-2b88ef1d7b0a@group-E4721F147E2B: changes role from  FOLLOWER to CANDIDATE at term 14 for changeToCandidate
2019-09-19 10:36:56,302 [Thread-2808] INFO  impl.RoleInfo (RoleInfo.java:updateAndGet(143)) - 4d64a175-4b4e-44c0-a69c-2b88ef1d7b0a: start LeaderElection
2019-09-19 10:36:56,340 [Thread-2807] INFO  impl.FollowerState (FollowerState.java:run(106)) - 22b67679-0935-426b-83cf-71539ab9923b:group-E4721F147E2B changes to CANDIDATE, lastRpcTime:5099, electionTimeout:5099ms
2019-09-19 10:36:56,340 [Thread-2807] INFO  impl.RoleInfo (RoleInfo.java:shutdownFollowerState(121)) - 22b67679-0935-426b-83cf-71539ab9923b: shutdown FollowerState
2019-09-19 10:36:56,340 [Thread-2807] INFO  impl.RaftServerImpl (RaftServerImpl.java:setRole(174)) - 22b67679-0935-426b-83cf-71539ab9923b@group-E4721F147E2B: changes role from  FOLLOWER to CANDIDATE at term 14 for changeToCandidate
2019-09-19 10:36:56,340 [Thread-2807] INFO  impl.RoleInfo (RoleInfo.java:updateAndGet(143)) - 22b67679-0935-426b-83cf-71539ab9923b: start LeaderElection
2019-09-19 10:36:56,379 [Thread-2806] INFO  impl.FollowerState (FollowerState.java:run(106)) - 9aee5a09-4a58-4c9c-9e60-8a9aa652786c:group-E4721F147E2B changes to CANDIDATE, lastRpcTime:5139, electionTimeout:5139ms
2019-09-19 10:36:56,380 [Thread-2806] INFO  impl.RoleInfo (RoleInfo.java:shutdownFollowerState(121)) - 9aee5a09-4a58-4c9c-9e60-8a9aa652786c: shutdown FollowerState
2019-09-19 10:36:56,380 [Thread-2806] INFO  impl.RaftServerImpl (RaftServerImpl.java:setRole(174)) - 9aee5a09-4a58-4c9c-9e60-8a9aa652786c@group-E4721F147E2B: changes role from  FOLLOWER to CANDIDATE at term 14 for changeToCandidate
2019-09-19 10:36:56,380 [Thread-2806] INFO  impl.RoleInfo (RoleInfo.java:updateAndGet(143)) - 9aee5a09-4a58-4c9c-9e60-8a9aa652786c: start LeaderElection
2019-09-19 10:36:56,902 [4d64a175-4b4e-44c0-a69c-2b88ef1d7b0a@group-E4721F147E2B:LeaderElection79] INFO  impl.LeaderElection (LeaderElection.java:askForVotes(182)) - 4d64a175-4b4e-44c0-a69c-2b88ef1d7b0a@group-E4721F147E2B:LeaderElection79: begin an election at term 15 for -1: [22b67679-0935-426b-83cf-71539ab9923b:192.168.5.171:46775, 9aee5a09-4a58-4c9c-9e60-8a9aa652786c:192.168.5.171:38202, 4d64a175-4b4e-44c0-a69c-2b88ef1d7b0a:192.168.5.171:38950], old=null
2019-09-19 10:36:56,902 [9aee5a09-4a58-4c9c-9e60-8a9aa652786c@group-E4721F147E2B:LeaderElection81] INFO  impl.LeaderElection (LeaderElection.java:askForVotes(182)) - 9aee5a09-4a58-4c9c-9e60-8a9aa652786c@group-E4721F147E2B:LeaderElection81: begin an election at term 15 for -1: [22b67679-0935-426b-83cf-71539ab9923b:192.168.5.171:46775, 9aee5a09-4a58-4c9c-9e60-8a9aa652786c:192.168.5.171:38202, 4d64a175-4b4e-44c0-a69c-2b88ef1d7b0a:192.168.5.171:38950], old=null
2019-09-19 10:36:56,902 [22b67679-0935-426b-83cf-71539ab9923b@group-E4721F147E2B:LeaderElection80] INFO  impl.LeaderElection (LeaderElection.java:askForVotes(182)) - 22b67679-0935-426b-83cf-71539ab9923b@group-E4721F147E2B:LeaderElection80: begin an election at term 15 for -1: [22b67679-0935-426b-83cf-71539ab9923b:192.168.5.171:46775, 9aee5a09-4a58-4c9c-9e60-8a9aa652786c:192.168.5.171:38202, 4d64a175-4b4e-44c0-a69c-2b88ef1d7b0a:192.168.5.171:38950], old=null
2019-09-19 10:36:56,908 [4d64a175-4b4e-44c0-a69c-2b88ef1d7b0a@group-E4721F147E2B:LeaderElection79] INFO  impl.LeaderElection (LeaderElection.java:logAndReturn(56)) - 4d64a175-4b4e-44c0-a69c-2b88ef1d7b0a@group-E4721F147E2B:LeaderElection79: Election REJECTED; received 2 response(s) [4d64a175-4b4e-44c0-a69c-2b88ef1d7b0a<-22b67679-0935-426b-83cf-71539ab9923b#0:FAIL-t15, 4d64a175-4b4e-44c0-a69c-2b88ef1d7b0a<-9aee5a09-4a58-4c9c-9e60-8a9aa652786c#0:FAIL-t15] and 0 exception(s); 4d64a175-4b4e-44c0-a69c-2b88ef1d7b0a@group-E4721F147E2B:t15, leader=null, voted=4d64a175-4b4e-44c0-a69c-2b88ef1d7b0a, raftlog=4d64a175-4b4e-44c0-a69c-2b88ef1d7b0a@group-E4721F147E2B-SegmentedRaftLog:OPENED:c-1,f-1,i0, conf=-1: [22b67679-0935-426b-83cf-71539ab9923b:192.168.5.171:46775, 9aee5a09-4a58-4c9c-9e60-8a9aa652786c:192.168.5.171:38202, 4d64a175-4b4e-44c0-a69c-2b88ef1d7b0a:192.168.5.171:38950], old=null
2019-09-19 10:36:56,908 [22b67679-0935-426b-83cf-71539ab9923b@group-E4721F147E2B:LeaderElection80] INFO  impl.LeaderElection (LeaderElection.java:logAndReturn(56)) - 22b67679-0935-426b-83cf-71539ab9923b@group-E4721F147E2B:LeaderElection80: Election REJECTED; received 2 response(s) [22b67679-0935-426b-83cf-71539ab9923b<-9aee5a09-4a58-4c9c-9e60-8a9aa652786c#0:FAIL-t15, 22b67679-0935-426b-83cf-71539ab9923b<-4d64a175-4b4e-44c0-a69c-2b88ef1d7b0a#0:FAIL-t15] and 0 exception(s); 22b67679-0935-426b-83cf-71539ab9923b@group-E4721F147E2B:t15, leader=null, voted=22b67679-0935-426b-83cf-71539ab9923b, raftlog=22b67679-0935-426b-83cf-71539ab9923b@group-E4721F147E2B-SegmentedRaftLog:OPENED:c-1,f-1,i0, conf=-1: [22b67679-0935-426b-83cf-71539ab9923b:192.168.5.171:46775, 9aee5a09-4a58-4c9c-9e60-8a9aa652786c:192.168.5.171:38202, 4d64a175-4b4e-44c0-a69c-2b88ef1d7b0a:192.168.5.171:38950], old=null
2019-09-19 10:36:56,908 [4d64a175-4b4e-44c0-a69c-2b88ef1d7b0a@group-E4721F147E2B:LeaderElection79] INFO  impl.RaftServerImpl (RaftServerImpl.java:setRole(174)) - 4d64a175-4b4e-44c0-a69c-2b88ef1d7b0a@group-E4721F147E2B: changes role from CANDIDATE to FOLLOWER at term 15 for DISCOVERED_A_NEW_TERM
2019-09-19 10:36:56,908 [9aee5a09-4a58-4c9c-9e60-8a9aa652786c@group-E4721F147E2B:LeaderElection81] INFO  impl.LeaderElection (LeaderElection.java:logAndReturn(56)) - 9aee5a09-4a58-4c9c-9e60-8a9aa652786c@group-E4721F147E2B:LeaderElection81: Election REJECTED; received 2 response(s) [9aee5a09-4a58-4c9c-9e60-8a9aa652786c<-22b67679-0935-426b-83cf-71539ab9923b#0:FAIL-t15, 9aee5a09-4a58-4c9c-9e60-8a9aa652786c<-4d64a175-4b4e-44c0-a69c-2b88ef1d7b0a#0:FAIL-t15] and 0 exception(s); 9aee5a09-4a58-4c9c-9e60-8a9aa652786c@group-E4721F147E2B:t15, leader=null, voted=9aee5a09-4a58-4c9c-9e60-8a9aa652786c, raftlog=9aee5a09-4a58-4c9c-9e60-8a9aa652786c@group-E4721F147E2B-SegmentedRaftLog:OPENED:c-1,f-1,i0, conf=-1: [22b67679-0935-426b-83cf-71539ab9923b:192.168.5.171:46775, 9aee5a09-4a58-4c9c-9e60-8a9aa652786c:192.168.5.171:38202, 4d64a175-4b4e-44c0-a69c-2b88ef1d7b0a:192.168.5.171:38950], old=null
2019-09-19 10:36:56,913 [4d64a175-4b4e-44c0-a69c-2b88ef1d7b0a@group-E4721F147E2B:LeaderElection79] INFO  impl.RoleInfo (RoleInfo.java:shutdownLeaderElection(134)) - 4d64a175-4b4e-44c0-a69c-2b88ef1d7b0a: shutdown LeaderElection
2019-09-19 10:36:56,911 [22b67679-0935-426b-83cf-71539ab9923b@group-E4721F147E2B:LeaderElection80] INFO  impl.RaftServerImpl (RaftServerImpl.java:setRole(174)) - 22b67679-0935-426b-83cf-71539ab9923b@group-E4721F147E2B: changes role from CANDIDATE to FOLLOWER at term 15 for DISCOVERED_A_NEW_TERM
2019-09-19 10:36:56,913 [9aee5a09-4a58-4c9c-9e60-8a9aa652786c@group-E4721F147E2B:LeaderElection81] INFO  impl.RaftServerImpl (RaftServerImpl.java:setRole(174)) - 9aee5a09-4a58-4c9c-9e60-8a9aa652786c@group-E4721F147E2B: changes role from CANDIDATE to FOLLOWER at term 15 for DISCOVERED_A_NEW_TERM
2019-09-19 10:36:56,914 [4d64a175-4b4e-44c0-a69c-2b88ef1d7b0a@group-E4721F147E2B:LeaderElection79] INFO  impl.RoleInfo (RoleInfo.java:updateAndGet(143)) - 4d64a175-4b4e-44c0-a69c-2b88ef1d7b0a: start FollowerState
2019-09-19 10:36:56,914 [22b67679-0935-426b-83cf-71539ab9923b@group-E4721F147E2B:LeaderElection80] INFO  impl.RoleInfo (RoleInfo.java:shutdownLeaderElection(134)) - 22b67679-0935-426b-83cf-71539ab9923b: shutdown LeaderElection
2019-09-19 10:36:56,915 [9aee5a09-4a58-4c9c-9e60-8a9aa652786c@group-E4721F147E2B:LeaderElection81] INFO  impl.RoleInfo (RoleInfo.java:shutdownLeaderElection(134)) - 9aee5a09-4a58-4c9c-9e60-8a9aa652786c: shutdown LeaderElection
2019-09-19 10:36:56,915 [22b67679-0935-426b-83cf-71539ab9923b@group-E4721F147E2B:LeaderElection80] INFO  impl.RoleInfo (RoleInfo.java:updateAndGet(143)) - 22b67679-0935-426b-83cf-71539ab9923b: start FollowerState
2019-09-19 10:36:56,915 [9aee5a09-4a58-4c9c-9e60-8a9aa652786c@group-E4721F147E2B:LeaderElection81] INFO  impl.RoleInfo (RoleInfo.java:updateAndGet(143)) - 9aee5a09-4a58-4c9c-9e60-8a9aa652786c: start FollowerState
2019-09-19 10:37:03,806 [Thread-2830] WARN  util.JavaUtils (JavaUtils.java:sleep(250)) - Unexpected long sleep: sleep(5135ms) actually took 6891ms which is over the threshold 300ms
2019-09-19 10:37:03,812 [SCM Heartbeat Processing Thread - 0] ERROR node.NodeStateManager (NodeStateManager.java:checkNodesHealth(626)) - Total time spend processing datanode HB's is greater than configured values for datanode heartbeats. Please adjust the heartbeat configs. Time Spend on HB processing: 1 seconds Datanode heartbeat Interval: 100 seconds.
2019-09-19 10:37:03,806 [Thread-2831] WARN  util.JavaUtils (JavaUtils.java:sleep(250)) - Unexpected long sleep: sleep(5071ms) actually took 6890ms which is over the threshold 300ms
2019-09-19 10:37:03,806 [Thread-2832] WARN  util.JavaUtils (JavaUtils.java:sleep(250)) - Unexpected long sleep: sleep(5048ms) actually took 6890ms which is over the threshold 300ms
2019-09-19 10:37:03,814 [IPC Server handler 15 on 43308] WARN  ipc.Server (Server.java:processResponse(1523)) - IPC Server handler 15 on 43308, call Call#614 Retry#0 org.apache.hadoop.ozone.protocol.StorageContainerDatanodeProtocol.sendHeartbeat from 192.168.5.171:46296: output error
2019-09-19 10:37:03,815 [IPC Server handler 15 on 43308] INFO  ipc.Server (Server.java:run(2695)) - IPC Server handler 15 on 43308 caught an exception
java.nio.channels.AsynchronousCloseException
	at java.nio.channels.spi.AbstractInterruptibleChannel.end(AbstractInterruptibleChannel.java:205)
	at sun.nio.ch.SocketChannelImpl.write(SocketChannelImpl.java:478)
	at org.apache.hadoop.ipc.Server.channelWrite(Server.java:3250)
	at org.apache.hadoop.ipc.Server.access$1700(Server.java:137)
	at org.apache.hadoop.ipc.Server$Responder.processResponse(Server.java:1473)
	at org.apache.hadoop.ipc.Server$Responder.doRespond(Server.java:1543)
	at org.apache.hadoop.ipc.Server$Connection.sendResponse(Server.java:2593)
	at org.apache.hadoop.ipc.Server$Connection.access$300(Server.java:1615)
	at org.apache.hadoop.ipc.Server$RpcCall.doResponse(Server.java:940)
	at org.apache.hadoop.ipc.Server$Call.sendResponse(Server.java:774)
	at org.apache.hadoop.ipc.Server$RpcCall.run(Server.java:885)
	at org.apache.hadoop.ipc.Server$RpcCall.run(Server.java:822)
	at java.security.AccessController.doPrivileged(Native Method)
	at javax.security.auth.Subject.doAs(Subject.java:422)
	at org.apache.hadoop.security.UserGroupInformation.doAs(UserGroupInformation.java:1730)
	at org.apache.hadoop.ipc.Server$Handler.run(Server.java:2682)
2019-09-19 10:37:03,821 [Datanode State Machine Thread - 0] ERROR statemachine.EndpointStateMachine (EndpointStateMachine.java:logIfNeeded(204)) - Unable to communicate to SCM server at 0.0.0.0:43308 for past 0 seconds.
java.net.SocketTimeoutException: Call From pr-hdds-1054-s6xkv-2432930293/192.168.5.171 to 0.0.0.0:43308 failed on socket timeout exception: java.net.SocketTimeoutException: 1000 millis timeout while waiting for channel to be ready for read. ch : java.nio.channels.SocketChannel[connected local=/192.168.5.171:46296 remote=/0.0.0.0:43308]; For more details see:  http://wiki.apache.org/hadoop/SocketTimeout
	at sun.reflect.NativeConstructorAccessorImpl.newInstance0(Native Method)
	at sun.reflect.NativeConstructorAccessorImpl.newInstance(NativeConstructorAccessorImpl.java:62)
	at sun.reflect.DelegatingConstructorAccessorImpl.newInstance(DelegatingConstructorAccessorImpl.java:45)
	at java.lang.reflect.Constructor.newInstance(Constructor.java:423)
	at org.apache.hadoop.net.NetUtils.wrapWithMessage(NetUtils.java:831)
	at org.apache.hadoop.net.NetUtils.wrapException(NetUtils.java:775)
	at org.apache.hadoop.ipc.Client.getRpcResponse(Client.java:1515)
	at org.apache.hadoop.ipc.Client.call(Client.java:1457)
	at org.apache.hadoop.ipc.Client.call(Client.java:1367)
	at org.apache.hadoop.ipc.ProtobufRpcEngine$Invoker.invoke(ProtobufRpcEngine.java:228)
	at org.apache.hadoop.ipc.ProtobufRpcEngine$Invoker.invoke(ProtobufRpcEngine.java:116)
	at com.sun.proxy.$Proxy36.sendHeartbeat(Unknown Source)
	at org.apache.hadoop.ozone.protocolPB.StorageContainerDatanodeProtocolClientSideTranslatorPB.sendHeartbeat(StorageContainerDatanodeProtocolClientSideTranslatorPB.java:131)
	at org.apache.hadoop.ozone.container.common.states.endpoint.HeartbeatEndpointTask.call(HeartbeatEndpointTask.java:143)
	at org.apache.hadoop.ozone.container.common.states.endpoint.HeartbeatEndpointTask.call(HeartbeatEndpointTask.java:74)
	at java.util.concurrent.FutureTask.run(FutureTask.java:266)
	at java.util.concurrent.Executors$RunnableAdapter.call(Executors.java:511)
	at java.util.concurrent.FutureTask.run(FutureTask.java:266)
	at java.util.concurrent.ThreadPoolExecutor.runWorker(ThreadPoolExecutor.java:1149)
	at java.util.concurrent.ThreadPoolExecutor$Worker.run(ThreadPoolExecutor.java:624)
	at java.lang.Thread.run(Thread.java:748)
Caused by: java.net.SocketTimeoutException: 1000 millis timeout while waiting for channel to be ready for read. ch : java.nio.channels.SocketChannel[connected local=/192.168.5.171:46296 remote=/0.0.0.0:43308]
	at org.apache.hadoop.net.SocketIOWithTimeout.doIO(SocketIOWithTimeout.java:164)
	at org.apache.hadoop.net.SocketInputStream.read(SocketInputStream.java:161)
	at org.apache.hadoop.net.SocketInputStream.read(SocketInputStream.java:131)
	at java.io.FilterInputStream.read(FilterInputStream.java:133)
	at java.io.BufferedInputStream.fill(BufferedInputStream.java:246)
	at java.io.BufferedInputStream.read(BufferedInputStream.java:265)
	at java.io.FilterInputStream.read(FilterInputStream.java:83)
	at java.io.FilterInputStream.read(FilterInputStream.java:83)
	at org.apache.hadoop.ipc.Client$Connection$PingInputStream.read(Client.java:557)
	at java.io.DataInputStream.readInt(DataInputStream.java:387)
	at org.apache.hadoop.ipc.Client$IpcStreams.readResponse(Client.java:1816)
	at org.apache.hadoop.ipc.Client$Connection.receiveRpcResponse(Client.java:1173)
	at org.apache.hadoop.ipc.Client$Connection.run(Client.java:1069)
2019-09-19 10:37:03,821 [Datanode State Machine Thread - 0] ERROR statemachine.EndpointStateMachine (EndpointStateMachine.java:logIfNeeded(204)) - Unable to communicate to SCM server at 0.0.0.0:43308 for past 0 seconds.
java.net.SocketTimeoutException: Call From pr-hdds-1054-s6xkv-2432930293/192.168.5.171 to 0.0.0.0:43308 failed on socket timeout exception: java.net.SocketTimeoutException: 1000 millis timeout while waiting for channel to be ready for read. ch : java.nio.channels.SocketChannel[connected local=/192.168.5.171:46296 remote=/0.0.0.0:43308]; For more details see:  http://wiki.apache.org/hadoop/SocketTimeout
	at sun.reflect.NativeConstructorAccessorImpl.newInstance0(Native Method)
	at sun.reflect.NativeConstructorAccessorImpl.newInstance(NativeConstructorAccessorImpl.java:62)
	at sun.reflect.DelegatingConstructorAccessorImpl.newInstance(DelegatingConstructorAccessorImpl.java:45)
	at java.lang.reflect.Constructor.newInstance(Constructor.java:423)
	at org.apache.hadoop.net.NetUtils.wrapWithMessage(NetUtils.java:831)
	at org.apache.hadoop.net.NetUtils.wrapException(NetUtils.java:775)
	at org.apache.hadoop.ipc.Client.getRpcResponse(Client.java:1515)
	at org.apache.hadoop.ipc.Client.call(Client.java:1457)
	at org.apache.hadoop.ipc.Client.call(Client.java:1367)
	at org.apache.hadoop.ipc.ProtobufRpcEngine$Invoker.invoke(ProtobufRpcEngine.java:228)
	at org.apache.hadoop.ipc.ProtobufRpcEngine$Invoker.invoke(ProtobufRpcEngine.java:116)
	at com.sun.proxy.$Proxy36.sendHeartbeat(Unknown Source)
	at org.apache.hadoop.ozone.protocolPB.StorageContainerDatanodeProtocolClientSideTranslatorPB.sendHeartbeat(StorageContainerDatanodeProtocolClientSideTranslatorPB.java:131)
	at org.apache.hadoop.ozone.container.common.states.endpoint.HeartbeatEndpointTask.call(HeartbeatEndpointTask.java:143)
	at org.apache.hadoop.ozone.container.common.states.endpoint.HeartbeatEndpointTask.call(HeartbeatEndpointTask.java:74)
	at java.util.concurrent.FutureTask.run(FutureTask.java:266)
	at java.util.concurrent.Executors$RunnableAdapter.call(Executors.java:511)
	at java.util.concurrent.FutureTask.run(FutureTask.java:266)
	at java.util.concurrent.ThreadPoolExecutor.runWorker(ThreadPoolExecutor.java:1149)
	at java.util.concurrent.ThreadPoolExecutor$Worker.run(ThreadPoolExecutor.java:624)
	at java.lang.Thread.run(Thread.java:748)
Caused by: java.net.SocketTimeoutException: 1000 millis timeout while waiting for channel to be ready for read. ch : java.nio.channels.SocketChannel[connected local=/192.168.5.171:46296 remote=/0.0.0.0:43308]
	at org.apache.hadoop.net.SocketIOWithTimeout.doIO(SocketIOWithTimeout.java:164)
	at org.apache.hadoop.net.SocketInputStream.read(SocketInputStream.java:161)
	at org.apache.hadoop.net.SocketInputStream.read(SocketInputStream.java:131)
	at java.io.FilterInputStream.read(FilterInputStream.java:133)
	at java.io.BufferedInputStream.fill(BufferedInputStream.java:246)
	at java.io.BufferedInputStream.read(BufferedInputStream.java:265)
	at java.io.FilterInputStream.read(FilterInputStream.java:83)
	at java.io.FilterInputStream.read(FilterInputStream.java:83)
	at org.apache.hadoop.ipc.Client$Connection$PingInputStream.read(Client.java:557)
	at java.io.DataInputStream.readInt(DataInputStream.java:387)
	at org.apache.hadoop.ipc.Client$IpcStreams.readResponse(Client.java:1816)
	at org.apache.hadoop.ipc.Client$Connection.receiveRpcResponse(Client.java:1173)
	at org.apache.hadoop.ipc.Client$Connection.run(Client.java:1069)
2019-09-19 10:37:03,821 [Datanode State Machine Thread - 0] ERROR statemachine.EndpointStateMachine (EndpointStateMachine.java:logIfNeeded(204)) - Unable to communicate to SCM server at 0.0.0.0:43308 for past 0 seconds.
java.net.SocketTimeoutException: Call From pr-hdds-1054-s6xkv-2432930293/192.168.5.171 to 0.0.0.0:43308 failed on socket timeout exception: java.net.SocketTimeoutException: 1000 millis timeout while waiting for channel to be ready for read. ch : java.nio.channels.SocketChannel[connected local=/192.168.5.171:46296 remote=/0.0.0.0:43308]; For more details see:  http://wiki.apache.org/hadoop/SocketTimeout
	at sun.reflect.NativeConstructorAccessorImpl.newInstance0(Native Method)
	at sun.reflect.NativeConstructorAccessorImpl.newInstance(NativeConstructorAccessorImpl.java:62)
	at sun.reflect.DelegatingConstructorAccessorImpl.newInstance(DelegatingConstructorAccessorImpl.java:45)
	at java.lang.reflect.Constructor.newInstance(Constructor.java:423)
	at org.apache.hadoop.net.NetUtils.wrapWithMessage(NetUtils.java:831)
	at org.apache.hadoop.net.NetUtils.wrapException(NetUtils.java:775)
	at org.apache.hadoop.ipc.Client.getRpcResponse(Client.java:1515)
	at org.apache.hadoop.ipc.Client.call(Client.java:1457)
	at org.apache.hadoop.ipc.Client.call(Client.java:1367)
	at org.apache.hadoop.ipc.ProtobufRpcEngine$Invoker.invoke(ProtobufRpcEngine.java:228)
	at org.apache.hadoop.ipc.ProtobufRpcEngine$Invoker.invoke(ProtobufRpcEngine.java:116)
	at com.sun.proxy.$Proxy36.sendHeartbeat(Unknown Source)
	at org.apache.hadoop.ozone.protocolPB.StorageContainerDatanodeProtocolClientSideTranslatorPB.sendHeartbeat(StorageContainerDatanodeProtocolClientSideTranslatorPB.java:131)
	at org.apache.hadoop.ozone.container.common.states.endpoint.HeartbeatEndpointTask.call(HeartbeatEndpointTask.java:143)
	at org.apache.hadoop.ozone.container.common.states.endpoint.HeartbeatEndpointTask.call(HeartbeatEndpointTask.java:74)
	at java.util.concurrent.FutureTask.run(FutureTask.java:266)
	at java.util.concurrent.Executors$RunnableAdapter.call(Executors.java:511)
	at java.util.concurrent.FutureTask.run(FutureTask.java:266)
	at java.util.concurrent.ThreadPoolExecutor.runWorker(ThreadPoolExecutor.java:1149)
	at java.util.concurrent.ThreadPoolExecutor$Worker.run(ThreadPoolExecutor.java:624)
	at java.lang.Thread.run(Thread.java:748)
Caused by: java.net.SocketTimeoutException: 1000 millis timeout while waiting for channel to be ready for read. ch : java.nio.channels.SocketChannel[connected local=/192.168.5.171:46296 remote=/0.0.0.0:43308]
	at org.apache.hadoop.net.SocketIOWithTimeout.doIO(SocketIOWithTimeout.java:164)
	at org.apache.hadoop.net.SocketInputStream.read(SocketInputStream.java:161)
	at org.apache.hadoop.net.SocketInputStream.read(SocketInputStream.java:131)
	at java.io.FilterInputStream.read(FilterInputStream.java:133)
	at java.io.BufferedInputStream.fill(BufferedInputStream.java:246)
	at java.io.BufferedInputStream.read(BufferedInputStream.java:265)
	at java.io.FilterInputStream.read(FilterInputStream.java:83)
	at java.io.FilterInputStream.read(FilterInputStream.java:83)
	at org.apache.hadoop.ipc.Client$Connection$PingInputStream.read(Client.java:557)
	at java.io.DataInputStream.readInt(DataInputStream.java:387)
	at org.apache.hadoop.ipc.Client$IpcStreams.readResponse(Client.java:1816)
	at org.apache.hadoop.ipc.Client$Connection.receiveRpcResponse(Client.java:1173)
	at org.apache.hadoop.ipc.Client$Connection.run(Client.java:1069)
2019-09-19 10:37:08,899 [Thread-2832] INFO  impl.FollowerState (FollowerState.java:run(106)) - 9aee5a09-4a58-4c9c-9e60-8a9aa652786c:group-E4721F147E2B changes to CANDIDATE, lastRpcTime:11984, electionTimeout:5086ms
2019-09-19 10:37:08,900 [Thread-2832] INFO  impl.RoleInfo (RoleInfo.java:shutdownFollowerState(121)) - 9aee5a09-4a58-4c9c-9e60-8a9aa652786c: shutdown FollowerState
2019-09-19 10:37:08,900 [Thread-2832] INFO  impl.RaftServerImpl (RaftServerImpl.java:setRole(174)) - 9aee5a09-4a58-4c9c-9e60-8a9aa652786c@group-E4721F147E2B: changes role from  FOLLOWER to CANDIDATE at term 15 for changeToCandidate
2019-09-19 10:37:08,900 [Thread-2832] INFO  impl.RoleInfo (RoleInfo.java:updateAndGet(143)) - 9aee5a09-4a58-4c9c-9e60-8a9aa652786c: start LeaderElection
2019-09-19 10:37:08,915 [Thread-2830] INFO  impl.FollowerState (FollowerState.java:run(106)) - 4d64a175-4b4e-44c0-a69c-2b88ef1d7b0a:group-E4721F147E2B changes to CANDIDATE, lastRpcTime:12000, electionTimeout:5103ms
2019-09-19 10:37:08,915 [Thread-2830] INFO  impl.RoleInfo (RoleInfo.java:shutdownFollowerState(121)) - 4d64a175-4b4e-44c0-a69c-2b88ef1d7b0a: shutdown FollowerState
2019-09-19 10:37:08,915 [Thread-2830] INFO  impl.RaftServerImpl (RaftServerImpl.java:setRole(174)) - 4d64a175-4b4e-44c0-a69c-2b88ef1d7b0a@group-E4721F147E2B: changes role from  FOLLOWER to CANDIDATE at term 15 for changeToCandidate
2019-09-19 10:37:08,915 [Thread-2830] INFO  impl.RoleInfo (RoleInfo.java:updateAndGet(143)) - 4d64a175-4b4e-44c0-a69c-2b88ef1d7b0a: start LeaderElection
2019-09-19 10:37:08,941 [Thread-2831] INFO  impl.FollowerState (FollowerState.java:run(106)) - 22b67679-0935-426b-83cf-71539ab9923b:group-E4721F147E2B changes to CANDIDATE, lastRpcTime:12025, electionTimeout:5128ms
2019-09-19 10:37:08,941 [Thread-2831] INFO  impl.RoleInfo (RoleInfo.java:shutdownFollowerState(121)) - 22b67679-0935-426b-83cf-71539ab9923b: shutdown FollowerState
2019-09-19 10:37:08,941 [Thread-2831] INFO  impl.RaftServerImpl (RaftServerImpl.java:setRole(174)) - 22b67679-0935-426b-83cf-71539ab9923b@group-E4721F147E2B: changes role from  FOLLOWER to CANDIDATE at term 15 for changeToCandidate
2019-09-19 10:37:08,941 [Thread-2831] INFO  impl.RoleInfo (RoleInfo.java:updateAndGet(143)) - 22b67679-0935-426b-83cf-71539ab9923b: start LeaderElection
2019-09-19 10:37:17,117 [9aee5a09-4a58-4c9c-9e60-8a9aa652786c@group-E4721F147E2B:LeaderElection82] INFO  impl.LeaderElection (LeaderElection.java:askForVotes(182)) - 9aee5a09-4a58-4c9c-9e60-8a9aa652786c@group-E4721F147E2B:LeaderElection82: begin an election at term 16 for -1: [22b67679-0935-426b-83cf-71539ab9923b:192.168.5.171:46775, 9aee5a09-4a58-4c9c-9e60-8a9aa652786c:192.168.5.171:38202, 4d64a175-4b4e-44c0-a69c-2b88ef1d7b0a:192.168.5.171:38950], old=null
2019-09-19 10:37:17,117 [22b67679-0935-426b-83cf-71539ab9923b@group-E4721F147E2B:LeaderElection84] INFO  impl.LeaderElection (LeaderElection.java:askForVotes(182)) - 22b67679-0935-426b-83cf-71539ab9923b@group-E4721F147E2B:LeaderElection84: begin an election at term 16 for -1: [22b67679-0935-426b-83cf-71539ab9923b:192.168.5.171:46775, 9aee5a09-4a58-4c9c-9e60-8a9aa652786c:192.168.5.171:38202, 4d64a175-4b4e-44c0-a69c-2b88ef1d7b0a:192.168.5.171:38950], old=null
2019-09-19 10:37:17,117 [4d64a175-4b4e-44c0-a69c-2b88ef1d7b0a@group-E4721F147E2B:LeaderElection83] INFO  impl.LeaderElection (LeaderElection.java:askForVotes(182)) - 4d64a175-4b4e-44c0-a69c-2b88ef1d7b0a@group-E4721F147E2B:LeaderElection83: begin an election at term 16 for -1: [22b67679-0935-426b-83cf-71539ab9923b:192.168.5.171:46775, 9aee5a09-4a58-4c9c-9e60-8a9aa652786c:192.168.5.171:38202, 4d64a175-4b4e-44c0-a69c-2b88ef1d7b0a:192.168.5.171:38950], old=null
2019-09-19 10:37:17,124 [22b67679-0935-426b-83cf-71539ab9923b@group-E4721F147E2B:LeaderElection84] INFO  impl.LeaderElection (LeaderElection.java:logAndReturn(56)) - 22b67679-0935-426b-83cf-71539ab9923b@group-E4721F147E2B:LeaderElection84: Election REJECTED; received 2 response(s) [22b67679-0935-426b-83cf-71539ab9923b<-9aee5a09-4a58-4c9c-9e60-8a9aa652786c#0:FAIL-t16, 22b67679-0935-426b-83cf-71539ab9923b<-4d64a175-4b4e-44c0-a69c-2b88ef1d7b0a#0:FAIL-t16] and 0 exception(s); 22b67679-0935-426b-83cf-71539ab9923b@group-E4721F147E2B:t16, leader=null, voted=22b67679-0935-426b-83cf-71539ab9923b, raftlog=22b67679-0935-426b-83cf-71539ab9923b@group-E4721F147E2B-SegmentedRaftLog:OPENED:c-1,f-1,i0, conf=-1: [22b67679-0935-426b-83cf-71539ab9923b:192.168.5.171:46775, 9aee5a09-4a58-4c9c-9e60-8a9aa652786c:192.168.5.171:38202, 4d64a175-4b4e-44c0-a69c-2b88ef1d7b0a:192.168.5.171:38950], old=null
2019-09-19 10:37:17,124 [4d64a175-4b4e-44c0-a69c-2b88ef1d7b0a@group-E4721F147E2B:LeaderElection83] INFO  impl.LeaderElection (LeaderElection.java:logAndReturn(56)) - 4d64a175-4b4e-44c0-a69c-2b88ef1d7b0a@group-E4721F147E2B:LeaderElection83: Election REJECTED; received 2 response(s) [4d64a175-4b4e-44c0-a69c-2b88ef1d7b0a<-22b67679-0935-426b-83cf-71539ab9923b#0:FAIL-t16, 4d64a175-4b4e-44c0-a69c-2b88ef1d7b0a<-9aee5a09-4a58-4c9c-9e60-8a9aa652786c#0:FAIL-t16] and 0 exception(s); 4d64a175-4b4e-44c0-a69c-2b88ef1d7b0a@group-E4721F147E2B:t16, leader=null, voted=4d64a175-4b4e-44c0-a69c-2b88ef1d7b0a, raftlog=4d64a175-4b4e-44c0-a69c-2b88ef1d7b0a@group-E4721F147E2B-SegmentedRaftLog:OPENED:c-1,f-1,i0, conf=-1: [22b67679-0935-426b-83cf-71539ab9923b:192.168.5.171:46775, 9aee5a09-4a58-4c9c-9e60-8a9aa652786c:192.168.5.171:38202, 4d64a175-4b4e-44c0-a69c-2b88ef1d7b0a:192.168.5.171:38950], old=null
2019-09-19 10:37:17,124 [22b67679-0935-426b-83cf-71539ab9923b@group-E4721F147E2B:LeaderElection84] INFO  impl.RaftServerImpl (RaftServerImpl.java:setRole(174)) - 22b67679-0935-426b-83cf-71539ab9923b@group-E4721F147E2B: changes role from CANDIDATE to FOLLOWER at term 16 for DISCOVERED_A_NEW_TERM
2019-09-19 10:37:17,127 [9aee5a09-4a58-4c9c-9e60-8a9aa652786c@group-E4721F147E2B:LeaderElection82] INFO  impl.LeaderElection (LeaderElection.java:logAndReturn(56)) - 9aee5a09-4a58-4c9c-9e60-8a9aa652786c@group-E4721F147E2B:LeaderElection82: Election REJECTED; received 2 response(s) [9aee5a09-4a58-4c9c-9e60-8a9aa652786c<-22b67679-0935-426b-83cf-71539ab9923b#0:FAIL-t16, 9aee5a09-4a58-4c9c-9e60-8a9aa652786c<-4d64a175-4b4e-44c0-a69c-2b88ef1d7b0a#0:FAIL-t16] and 0 exception(s); 9aee5a09-4a58-4c9c-9e60-8a9aa652786c@group-E4721F147E2B:t16, leader=null, voted=9aee5a09-4a58-4c9c-9e60-8a9aa652786c, raftlog=9aee5a09-4a58-4c9c-9e60-8a9aa652786c@group-E4721F147E2B-SegmentedRaftLog:OPENED:c-1,f-1,i0, conf=-1: [22b67679-0935-426b-83cf-71539ab9923b:192.168.5.171:46775, 9aee5a09-4a58-4c9c-9e60-8a9aa652786c:192.168.5.171:38202, 4d64a175-4b4e-44c0-a69c-2b88ef1d7b0a:192.168.5.171:38950], old=null
2019-09-19 10:37:17,127 [4d64a175-4b4e-44c0-a69c-2b88ef1d7b0a@group-E4721F147E2B:LeaderElection83] INFO  impl.RaftServerImpl (RaftServerImpl.java:setRole(174)) - 4d64a175-4b4e-44c0-a69c-2b88ef1d7b0a@group-E4721F147E2B: changes role from CANDIDATE to FOLLOWER at term 16 for DISCOVERED_A_NEW_TERM
2019-09-19 10:37:17,129 [9aee5a09-4a58-4c9c-9e60-8a9aa652786c@group-E4721F147E2B:LeaderElection82] INFO  impl.RaftServerImpl (RaftServerImpl.java:setRole(174)) - 9aee5a09-4a58-4c9c-9e60-8a9aa652786c@group-E4721F147E2B: changes role from CANDIDATE to FOLLOWER at term 16 for DISCOVERED_A_NEW_TERM
2019-09-19 10:37:17,127 [22b67679-0935-426b-83cf-71539ab9923b@group-E4721F147E2B:LeaderElection84] INFO  impl.RoleInfo (RoleInfo.java:shutdownLeaderElection(134)) - 22b67679-0935-426b-83cf-71539ab9923b: shutdown LeaderElection
2019-09-19 10:37:17,132 [9aee5a09-4a58-4c9c-9e60-8a9aa652786c@group-E4721F147E2B:LeaderElection82] INFO  impl.RoleInfo (RoleInfo.java:shutdownLeaderElection(134)) - 9aee5a09-4a58-4c9c-9e60-8a9aa652786c: shutdown LeaderElection
2019-09-19 10:37:17,130 [4d64a175-4b4e-44c0-a69c-2b88ef1d7b0a@group-E4721F147E2B:LeaderElection83] INFO  impl.RoleInfo (RoleInfo.java:shutdownLeaderElection(134)) - 4d64a175-4b4e-44c0-a69c-2b88ef1d7b0a: shutdown LeaderElection
2019-09-19 10:37:17,132 [9aee5a09-4a58-4c9c-9e60-8a9aa652786c@group-E4721F147E2B:LeaderElection82] INFO  impl.RoleInfo (RoleInfo.java:updateAndGet(143)) - 9aee5a09-4a58-4c9c-9e60-8a9aa652786c: start FollowerState
2019-09-19 10:37:17,132 [22b67679-0935-426b-83cf-71539ab9923b@group-E4721F147E2B:LeaderElection84] INFO  impl.RoleInfo (RoleInfo.java:updateAndGet(143)) - 22b67679-0935-426b-83cf-71539ab9923b: start FollowerState
2019-09-19 10:37:17,133 [4d64a175-4b4e-44c0-a69c-2b88ef1d7b0a@group-E4721F147E2B:LeaderElection83] INFO  impl.RoleInfo (RoleInfo.java:updateAndGet(143)) - 4d64a175-4b4e-44c0-a69c-2b88ef1d7b0a: start FollowerState
2019-09-19 10:37:22,211 [Thread-2879] INFO  impl.FollowerState (FollowerState.java:run(106)) - 22b67679-0935-426b-83cf-71539ab9923b:group-E4721F147E2B changes to CANDIDATE, lastRpcTime:5078, electionTimeout:5077ms
2019-09-19 10:37:22,212 [Thread-2879] INFO  impl.RoleInfo (RoleInfo.java:shutdownFollowerState(121)) - 22b67679-0935-426b-83cf-71539ab9923b: shutdown FollowerState
2019-09-19 10:37:22,212 [Thread-2879] INFO  impl.RaftServerImpl (RaftServerImpl.java:setRole(174)) - 22b67679-0935-426b-83cf-71539ab9923b@group-E4721F147E2B: changes role from  FOLLOWER to CANDIDATE at term 16 for changeToCandidate
2019-09-19 10:37:22,212 [Thread-2879] INFO  impl.RoleInfo (RoleInfo.java:updateAndGet(143)) - 22b67679-0935-426b-83cf-71539ab9923b: start LeaderElection
2019-09-19 10:37:22,234 [Thread-2880] INFO  impl.FollowerState (FollowerState.java:run(106)) - 9aee5a09-4a58-4c9c-9e60-8a9aa652786c:group-E4721F147E2B changes to CANDIDATE, lastRpcTime:5102, electionTimeout:5101ms
2019-09-19 10:37:22,235 [Thread-2880] INFO  impl.RoleInfo (RoleInfo.java:shutdownFollowerState(121)) - 9aee5a09-4a58-4c9c-9e60-8a9aa652786c: shutdown FollowerState
2019-09-19 10:37:22,235 [Thread-2880] INFO  impl.RaftServerImpl (RaftServerImpl.java:setRole(174)) - 9aee5a09-4a58-4c9c-9e60-8a9aa652786c@group-E4721F147E2B: changes role from  FOLLOWER to CANDIDATE at term 16 for changeToCandidate
2019-09-19 10:37:22,235 [Thread-2880] INFO  impl.RoleInfo (RoleInfo.java:updateAndGet(143)) - 9aee5a09-4a58-4c9c-9e60-8a9aa652786c: start LeaderElection
2019-09-19 10:37:22,255 [Thread-2881] INFO  impl.FollowerState (FollowerState.java:run(106)) - 4d64a175-4b4e-44c0-a69c-2b88ef1d7b0a:group-E4721F147E2B changes to CANDIDATE, lastRpcTime:5122, electionTimeout:5121ms
2019-09-19 10:37:22,255 [Thread-2881] INFO  impl.RoleInfo (RoleInfo.java:shutdownFollowerState(121)) - 4d64a175-4b4e-44c0-a69c-2b88ef1d7b0a: shutdown FollowerState
2019-09-19 10:37:22,256 [Thread-2881] INFO  impl.RaftServerImpl (RaftServerImpl.java:setRole(174)) - 4d64a175-4b4e-44c0-a69c-2b88ef1d7b0a@group-E4721F147E2B: changes role from  FOLLOWER to CANDIDATE at term 16 for changeToCandidate
2019-09-19 10:37:22,256 [Thread-2881] INFO  impl.RoleInfo (RoleInfo.java:updateAndGet(143)) - 4d64a175-4b4e-44c0-a69c-2b88ef1d7b0a: start LeaderElection
2019-09-19 10:37:22,355 [22b67679-0935-426b-83cf-71539ab9923b@group-E4721F147E2B:LeaderElection85] INFO  impl.LeaderElection (LeaderElection.java:askForVotes(182)) - 22b67679-0935-426b-83cf-71539ab9923b@group-E4721F147E2B:LeaderElection85: begin an election at term 17 for -1: [22b67679-0935-426b-83cf-71539ab9923b:192.168.5.171:46775, 9aee5a09-4a58-4c9c-9e60-8a9aa652786c:192.168.5.171:38202, 4d64a175-4b4e-44c0-a69c-2b88ef1d7b0a:192.168.5.171:38950], old=null
2019-09-19 10:37:22,355 [9aee5a09-4a58-4c9c-9e60-8a9aa652786c@group-E4721F147E2B:LeaderElection86] INFO  impl.LeaderElection (LeaderElection.java:askForVotes(182)) - 9aee5a09-4a58-4c9c-9e60-8a9aa652786c@group-E4721F147E2B:LeaderElection86: begin an election at term 17 for -1: [22b67679-0935-426b-83cf-71539ab9923b:192.168.5.171:46775, 9aee5a09-4a58-4c9c-9e60-8a9aa652786c:192.168.5.171:38202, 4d64a175-4b4e-44c0-a69c-2b88ef1d7b0a:192.168.5.171:38950], old=null
2019-09-19 10:37:22,355 [4d64a175-4b4e-44c0-a69c-2b88ef1d7b0a@group-E4721F147E2B:LeaderElection87] INFO  impl.LeaderElection (LeaderElection.java:askForVotes(182)) - 4d64a175-4b4e-44c0-a69c-2b88ef1d7b0a@group-E4721F147E2B:LeaderElection87: begin an election at term 17 for -1: [22b67679-0935-426b-83cf-71539ab9923b:192.168.5.171:46775, 9aee5a09-4a58-4c9c-9e60-8a9aa652786c:192.168.5.171:38202, 4d64a175-4b4e-44c0-a69c-2b88ef1d7b0a:192.168.5.171:38950], old=null
2019-09-19 10:37:22,361 [22b67679-0935-426b-83cf-71539ab9923b@group-E4721F147E2B:LeaderElection85] INFO  impl.LeaderElection (LeaderElection.java:logAndReturn(56)) - 22b67679-0935-426b-83cf-71539ab9923b@group-E4721F147E2B:LeaderElection85: Election REJECTED; received 2 response(s) [22b67679-0935-426b-83cf-71539ab9923b<-9aee5a09-4a58-4c9c-9e60-8a9aa652786c#0:FAIL-t17, 22b67679-0935-426b-83cf-71539ab9923b<-4d64a175-4b4e-44c0-a69c-2b88ef1d7b0a#0:FAIL-t17] and 0 exception(s); 22b67679-0935-426b-83cf-71539ab9923b@group-E4721F147E2B:t17, leader=null, voted=22b67679-0935-426b-83cf-71539ab9923b, raftlog=22b67679-0935-426b-83cf-71539ab9923b@group-E4721F147E2B-SegmentedRaftLog:OPENED:c-1,f-1,i0, conf=-1: [22b67679-0935-426b-83cf-71539ab9923b:192.168.5.171:46775, 9aee5a09-4a58-4c9c-9e60-8a9aa652786c:192.168.5.171:38202, 4d64a175-4b4e-44c0-a69c-2b88ef1d7b0a:192.168.5.171:38950], old=null
2019-09-19 10:37:22,361 [4d64a175-4b4e-44c0-a69c-2b88ef1d7b0a@group-E4721F147E2B:LeaderElection87] INFO  impl.LeaderElection (LeaderElection.java:logAndReturn(56)) - 4d64a175-4b4e-44c0-a69c-2b88ef1d7b0a@group-E4721F147E2B:LeaderElection87: Election REJECTED; received 2 response(s) [4d64a175-4b4e-44c0-a69c-2b88ef1d7b0a<-22b67679-0935-426b-83cf-71539ab9923b#0:FAIL-t17, 4d64a175-4b4e-44c0-a69c-2b88ef1d7b0a<-9aee5a09-4a58-4c9c-9e60-8a9aa652786c#0:FAIL-t17] and 0 exception(s); 4d64a175-4b4e-44c0-a69c-2b88ef1d7b0a@group-E4721F147E2B:t17, leader=null, voted=4d64a175-4b4e-44c0-a69c-2b88ef1d7b0a, raftlog=4d64a175-4b4e-44c0-a69c-2b88ef1d7b0a@group-E4721F147E2B-SegmentedRaftLog:OPENED:c-1,f-1,i0, conf=-1: [22b67679-0935-426b-83cf-71539ab9923b:192.168.5.171:46775, 9aee5a09-4a58-4c9c-9e60-8a9aa652786c:192.168.5.171:38202, 4d64a175-4b4e-44c0-a69c-2b88ef1d7b0a:192.168.5.171:38950], old=null
2019-09-19 10:37:22,361 [22b67679-0935-426b-83cf-71539ab9923b@group-E4721F147E2B:LeaderElection85] INFO  impl.RaftServerImpl (RaftServerImpl.java:setRole(174)) - 22b67679-0935-426b-83cf-71539ab9923b@group-E4721F147E2B: changes role from CANDIDATE to FOLLOWER at term 17 for DISCOVERED_A_NEW_TERM
2019-09-19 10:37:22,362 [4d64a175-4b4e-44c0-a69c-2b88ef1d7b0a@group-E4721F147E2B:LeaderElection87] INFO  impl.RaftServerImpl (RaftServerImpl.java:setRole(174)) - 4d64a175-4b4e-44c0-a69c-2b88ef1d7b0a@group-E4721F147E2B: changes role from CANDIDATE to FOLLOWER at term 17 for DISCOVERED_A_NEW_TERM
2019-09-19 10:37:22,364 [22b67679-0935-426b-83cf-71539ab9923b@group-E4721F147E2B:LeaderElection85] INFO  impl.RoleInfo (RoleInfo.java:shutdownLeaderElection(134)) - 22b67679-0935-426b-83cf-71539ab9923b: shutdown LeaderElection
2019-09-19 10:37:22,366 [4d64a175-4b4e-44c0-a69c-2b88ef1d7b0a@group-E4721F147E2B:LeaderElection87] INFO  impl.RoleInfo (RoleInfo.java:shutdownLeaderElection(134)) - 4d64a175-4b4e-44c0-a69c-2b88ef1d7b0a: shutdown LeaderElection
2019-09-19 10:37:22,367 [22b67679-0935-426b-83cf-71539ab9923b@group-E4721F147E2B:LeaderElection85] INFO  impl.RoleInfo (RoleInfo.java:updateAndGet(143)) - 22b67679-0935-426b-83cf-71539ab9923b: start FollowerState
2019-09-19 10:37:22,367 [4d64a175-4b4e-44c0-a69c-2b88ef1d7b0a@group-E4721F147E2B:LeaderElection87] INFO  impl.RoleInfo (RoleInfo.java:updateAndGet(143)) - 4d64a175-4b4e-44c0-a69c-2b88ef1d7b0a: start FollowerState
2019-09-19 10:37:22,367 [9aee5a09-4a58-4c9c-9e60-8a9aa652786c@group-E4721F147E2B:LeaderElection86] INFO  impl.LeaderElection (LeaderElection.java:logAndReturn(56)) - 9aee5a09-4a58-4c9c-9e60-8a9aa652786c@group-E4721F147E2B:LeaderElection86: Election REJECTED; received 2 response(s) [9aee5a09-4a58-4c9c-9e60-8a9aa652786c<-22b67679-0935-426b-83cf-71539ab9923b#0:FAIL-t17, 9aee5a09-4a58-4c9c-9e60-8a9aa652786c<-4d64a175-4b4e-44c0-a69c-2b88ef1d7b0a#0:FAIL-t17] and 0 exception(s); 9aee5a09-4a58-4c9c-9e60-8a9aa652786c@group-E4721F147E2B:t17, leader=null, voted=9aee5a09-4a58-4c9c-9e60-8a9aa652786c, raftlog=9aee5a09-4a58-4c9c-9e60-8a9aa652786c@group-E4721F147E2B-SegmentedRaftLog:OPENED:c-1,f-1,i0, conf=-1: [22b67679-0935-426b-83cf-71539ab9923b:192.168.5.171:46775, 9aee5a09-4a58-4c9c-9e60-8a9aa652786c:192.168.5.171:38202, 4d64a175-4b4e-44c0-a69c-2b88ef1d7b0a:192.168.5.171:38950], old=null
2019-09-19 10:37:22,367 [9aee5a09-4a58-4c9c-9e60-8a9aa652786c@group-E4721F147E2B:LeaderElection86] INFO  impl.RaftServerImpl (RaftServerImpl.java:setRole(174)) - 9aee5a09-4a58-4c9c-9e60-8a9aa652786c@group-E4721F147E2B: changes role from CANDIDATE to FOLLOWER at term 17 for DISCOVERED_A_NEW_TERM
2019-09-19 10:37:22,368 [9aee5a09-4a58-4c9c-9e60-8a9aa652786c@group-E4721F147E2B:LeaderElection86] INFO  impl.RoleInfo (RoleInfo.java:shutdownLeaderElection(134)) - 9aee5a09-4a58-4c9c-9e60-8a9aa652786c: shutdown LeaderElection
2019-09-19 10:37:22,368 [9aee5a09-4a58-4c9c-9e60-8a9aa652786c@group-E4721F147E2B:LeaderElection86] INFO  impl.RoleInfo (RoleInfo.java:updateAndGet(143)) - 9aee5a09-4a58-4c9c-9e60-8a9aa652786c: start FollowerState
2019-09-19 10:37:27,382 [Thread-2901] INFO  impl.FollowerState (FollowerState.java:run(106)) - 22b67679-0935-426b-83cf-71539ab9923b:group-E4721F147E2B changes to CANDIDATE, lastRpcTime:5015, electionTimeout:5015ms
2019-09-19 10:37:27,387 [Thread-2901] INFO  impl.RoleInfo (RoleInfo.java:shutdownFollowerState(121)) - 22b67679-0935-426b-83cf-71539ab9923b: shutdown FollowerState
2019-09-19 10:37:27,387 [Thread-2901] INFO  impl.RaftServerImpl (RaftServerImpl.java:setRole(174)) - 22b67679-0935-426b-83cf-71539ab9923b@group-E4721F147E2B: changes role from  FOLLOWER to CANDIDATE at term 17 for changeToCandidate
2019-09-19 10:37:27,387 [Thread-2901] INFO  impl.RoleInfo (RoleInfo.java:updateAndGet(143)) - 22b67679-0935-426b-83cf-71539ab9923b: start LeaderElection
2019-09-19 10:37:27,429 [Thread-2903] INFO  impl.FollowerState (FollowerState.java:run(106)) - 9aee5a09-4a58-4c9c-9e60-8a9aa652786c:group-E4721F147E2B changes to CANDIDATE, lastRpcTime:5060, electionTimeout:5060ms
2019-09-19 10:37:27,429 [Thread-2903] INFO  impl.RoleInfo (RoleInfo.java:shutdownFollowerState(121)) - 9aee5a09-4a58-4c9c-9e60-8a9aa652786c: shutdown FollowerState
2019-09-19 10:37:27,429 [Thread-2903] INFO  impl.RaftServerImpl (RaftServerImpl.java:setRole(174)) - 9aee5a09-4a58-4c9c-9e60-8a9aa652786c@group-E4721F147E2B: changes role from  FOLLOWER to CANDIDATE at term 17 for changeToCandidate
2019-09-19 10:37:27,429 [Thread-2903] INFO  impl.RoleInfo (RoleInfo.java:updateAndGet(143)) - 9aee5a09-4a58-4c9c-9e60-8a9aa652786c: start LeaderElection
2019-09-19 10:37:27,502 [Thread-2902] INFO  impl.FollowerState (FollowerState.java:run(106)) - 4d64a175-4b4e-44c0-a69c-2b88ef1d7b0a:group-E4721F147E2B changes to CANDIDATE, lastRpcTime:5135, electionTimeout:5134ms
2019-09-19 10:37:27,502 [Thread-2902] INFO  impl.RoleInfo (RoleInfo.java:shutdownFollowerState(121)) - 4d64a175-4b4e-44c0-a69c-2b88ef1d7b0a: shutdown FollowerState
2019-09-19 10:37:27,502 [Thread-2902] INFO  impl.RaftServerImpl (RaftServerImpl.java:setRole(174)) - 4d64a175-4b4e-44c0-a69c-2b88ef1d7b0a@group-E4721F147E2B: changes role from  FOLLOWER to CANDIDATE at term 17 for changeToCandidate
2019-09-19 10:37:27,502 [Thread-2902] INFO  impl.RoleInfo (RoleInfo.java:updateAndGet(143)) - 4d64a175-4b4e-44c0-a69c-2b88ef1d7b0a: start LeaderElection
2019-09-19 10:37:32,103 [4d64a175-4b4e-44c0-a69c-2b88ef1d7b0a@group-E4721F147E2B:LeaderElection90] INFO  impl.LeaderElection (LeaderElection.java:askForVotes(182)) - 4d64a175-4b4e-44c0-a69c-2b88ef1d7b0a@group-E4721F147E2B:LeaderElection90: begin an election at term 18 for -1: [22b67679-0935-426b-83cf-71539ab9923b:192.168.5.171:46775, 9aee5a09-4a58-4c9c-9e60-8a9aa652786c:192.168.5.171:38202, 4d64a175-4b4e-44c0-a69c-2b88ef1d7b0a:192.168.5.171:38950], old=null
2019-09-19 10:37:32,103 [22b67679-0935-426b-83cf-71539ab9923b@group-E4721F147E2B:LeaderElection88] INFO  impl.LeaderElection (LeaderElection.java:askForVotes(182)) - 22b67679-0935-426b-83cf-71539ab9923b@group-E4721F147E2B:LeaderElection88: begin an election at term 18 for -1: [22b67679-0935-426b-83cf-71539ab9923b:192.168.5.171:46775, 9aee5a09-4a58-4c9c-9e60-8a9aa652786c:192.168.5.171:38202, 4d64a175-4b4e-44c0-a69c-2b88ef1d7b0a:192.168.5.171:38950], old=null
2019-09-19 10:37:32,103 [9aee5a09-4a58-4c9c-9e60-8a9aa652786c@group-E4721F147E2B:LeaderElection89] INFO  impl.LeaderElection (LeaderElection.java:askForVotes(182)) - 9aee5a09-4a58-4c9c-9e60-8a9aa652786c@group-E4721F147E2B:LeaderElection89: begin an election at term 18 for -1: [22b67679-0935-426b-83cf-71539ab9923b:192.168.5.171:46775, 9aee5a09-4a58-4c9c-9e60-8a9aa652786c:192.168.5.171:38202, 4d64a175-4b4e-44c0-a69c-2b88ef1d7b0a:192.168.5.171:38950], old=null
2019-09-19 10:37:32,109 [22b67679-0935-426b-83cf-71539ab9923b@group-E4721F147E2B:LeaderElection88] INFO  impl.LeaderElection (LeaderElection.java:logAndReturn(56)) - 22b67679-0935-426b-83cf-71539ab9923b@group-E4721F147E2B:LeaderElection88: Election REJECTED; received 2 response(s) [22b67679-0935-426b-83cf-71539ab9923b<-9aee5a09-4a58-4c9c-9e60-8a9aa652786c#0:FAIL-t18, 22b67679-0935-426b-83cf-71539ab9923b<-4d64a175-4b4e-44c0-a69c-2b88ef1d7b0a#0:FAIL-t18] and 0 exception(s); 22b67679-0935-426b-83cf-71539ab9923b@group-E4721F147E2B:t18, leader=null, voted=22b67679-0935-426b-83cf-71539ab9923b, raftlog=22b67679-0935-426b-83cf-71539ab9923b@group-E4721F147E2B-SegmentedRaftLog:OPENED:c-1,f-1,i0, conf=-1: [22b67679-0935-426b-83cf-71539ab9923b:192.168.5.171:46775, 9aee5a09-4a58-4c9c-9e60-8a9aa652786c:192.168.5.171:38202, 4d64a175-4b4e-44c0-a69c-2b88ef1d7b0a:192.168.5.171:38950], old=null
2019-09-19 10:37:32,110 [22b67679-0935-426b-83cf-71539ab9923b@group-E4721F147E2B:LeaderElection88] INFO  impl.RaftServerImpl (RaftServerImpl.java:setRole(174)) - 22b67679-0935-426b-83cf-71539ab9923b@group-E4721F147E2B: changes role from CANDIDATE to FOLLOWER at term 18 for DISCOVERED_A_NEW_TERM
2019-09-19 10:37:32,110 [22b67679-0935-426b-83cf-71539ab9923b@group-E4721F147E2B:LeaderElection88] INFO  impl.RoleInfo (RoleInfo.java:shutdownLeaderElection(134)) - 22b67679-0935-426b-83cf-71539ab9923b: shutdown LeaderElection
2019-09-19 10:37:32,110 [4d64a175-4b4e-44c0-a69c-2b88ef1d7b0a@group-E4721F147E2B:LeaderElection90] INFO  impl.LeaderElection (LeaderElection.java:logAndReturn(56)) - 4d64a175-4b4e-44c0-a69c-2b88ef1d7b0a@group-E4721F147E2B:LeaderElection90: Election REJECTED; received 2 response(s) [4d64a175-4b4e-44c0-a69c-2b88ef1d7b0a<-22b67679-0935-426b-83cf-71539ab9923b#0:FAIL-t18, 4d64a175-4b4e-44c0-a69c-2b88ef1d7b0a<-9aee5a09-4a58-4c9c-9e60-8a9aa652786c#0:FAIL-t18] and 0 exception(s); 4d64a175-4b4e-44c0-a69c-2b88ef1d7b0a@group-E4721F147E2B:t18, leader=null, voted=4d64a175-4b4e-44c0-a69c-2b88ef1d7b0a, raftlog=4d64a175-4b4e-44c0-a69c-2b88ef1d7b0a@group-E4721F147E2B-SegmentedRaftLog:OPENED:c-1,f-1,i0, conf=-1: [22b67679-0935-426b-83cf-71539ab9923b:192.168.5.171:46775, 9aee5a09-4a58-4c9c-9e60-8a9aa652786c:192.168.5.171:38202, 4d64a175-4b4e-44c0-a69c-2b88ef1d7b0a:192.168.5.171:38950], old=null
2019-09-19 10:37:32,117 [22b67679-0935-426b-83cf-71539ab9923b@group-E4721F147E2B:LeaderElection88] INFO  impl.RoleInfo (RoleInfo.java:updateAndGet(143)) - 22b67679-0935-426b-83cf-71539ab9923b: start FollowerState
2019-09-19 10:37:32,117 [9aee5a09-4a58-4c9c-9e60-8a9aa652786c@group-E4721F147E2B:LeaderElection89] INFO  impl.LeaderElection (LeaderElection.java:logAndReturn(56)) - 9aee5a09-4a58-4c9c-9e60-8a9aa652786c@group-E4721F147E2B:LeaderElection89: Election REJECTED; received 2 response(s) [9aee5a09-4a58-4c9c-9e60-8a9aa652786c<-22b67679-0935-426b-83cf-71539ab9923b#0:FAIL-t18, 9aee5a09-4a58-4c9c-9e60-8a9aa652786c<-4d64a175-4b4e-44c0-a69c-2b88ef1d7b0a#0:FAIL-t18] and 0 exception(s); 9aee5a09-4a58-4c9c-9e60-8a9aa652786c@group-E4721F147E2B:t18, leader=null, voted=9aee5a09-4a58-4c9c-9e60-8a9aa652786c, raftlog=9aee5a09-4a58-4c9c-9e60-8a9aa652786c@group-E4721F147E2B-SegmentedRaftLog:OPENED:c-1,f-1,i0, conf=-1: [22b67679-0935-426b-83cf-71539ab9923b:192.168.5.171:46775, 9aee5a09-4a58-4c9c-9e60-8a9aa652786c:192.168.5.171:38202, 4d64a175-4b4e-44c0-a69c-2b88ef1d7b0a:192.168.5.171:38950], old=null
2019-09-19 10:37:32,117 [4d64a175-4b4e-44c0-a69c-2b88ef1d7b0a@group-E4721F147E2B:LeaderElection90] INFO  impl.RaftServerImpl (RaftServerImpl.java:setRole(174)) - 4d64a175-4b4e-44c0-a69c-2b88ef1d7b0a@group-E4721F147E2B: changes role from CANDIDATE to FOLLOWER at term 18 for DISCOVERED_A_NEW_TERM
2019-09-19 10:37:32,118 [9aee5a09-4a58-4c9c-9e60-8a9aa652786c@group-E4721F147E2B:LeaderElection89] INFO  impl.RaftServerImpl (RaftServerImpl.java:setRole(174)) - 9aee5a09-4a58-4c9c-9e60-8a9aa652786c@group-E4721F147E2B: changes role from CANDIDATE to FOLLOWER at term 18 for DISCOVERED_A_NEW_TERM
2019-09-19 10:37:32,118 [4d64a175-4b4e-44c0-a69c-2b88ef1d7b0a@group-E4721F147E2B:LeaderElection90] INFO  impl.RoleInfo (RoleInfo.java:shutdownLeaderElection(134)) - 4d64a175-4b4e-44c0-a69c-2b88ef1d7b0a: shutdown LeaderElection
2019-09-19 10:37:32,120 [9aee5a09-4a58-4c9c-9e60-8a9aa652786c@group-E4721F147E2B:LeaderElection89] INFO  impl.RoleInfo (RoleInfo.java:shutdownLeaderElection(134)) - 9aee5a09-4a58-4c9c-9e60-8a9aa652786c: shutdown LeaderElection
2019-09-19 10:37:32,120 [4d64a175-4b4e-44c0-a69c-2b88ef1d7b0a@group-E4721F147E2B:LeaderElection90] INFO  impl.RoleInfo (RoleInfo.java:updateAndGet(143)) - 4d64a175-4b4e-44c0-a69c-2b88ef1d7b0a: start FollowerState
2019-09-19 10:37:32,120 [9aee5a09-4a58-4c9c-9e60-8a9aa652786c@group-E4721F147E2B:LeaderElection89] INFO  impl.RoleInfo (RoleInfo.java:updateAndGet(143)) - 9aee5a09-4a58-4c9c-9e60-8a9aa652786c: start FollowerState
2019-09-19 10:37:37,196 [Thread-2937] INFO  impl.FollowerState (FollowerState.java:run(106)) - 4d64a175-4b4e-44c0-a69c-2b88ef1d7b0a:group-E4721F147E2B changes to CANDIDATE, lastRpcTime:5075, electionTimeout:5075ms
2019-09-19 10:37:37,196 [Thread-2937] INFO  impl.RoleInfo (RoleInfo.java:shutdownFollowerState(121)) - 4d64a175-4b4e-44c0-a69c-2b88ef1d7b0a: shutdown FollowerState
2019-09-19 10:37:37,196 [Thread-2937] INFO  impl.RaftServerImpl (RaftServerImpl.java:setRole(174)) - 4d64a175-4b4e-44c0-a69c-2b88ef1d7b0a@group-E4721F147E2B: changes role from  FOLLOWER to CANDIDATE at term 18 for changeToCandidate
2019-09-19 10:37:37,203 [Thread-2938] INFO  impl.FollowerState (FollowerState.java:run(106)) - 9aee5a09-4a58-4c9c-9e60-8a9aa652786c:group-E4721F147E2B changes to CANDIDATE, lastRpcTime:5082, electionTimeout:5082ms
2019-09-19 10:37:37,203 [Thread-2938] INFO  impl.RoleInfo (RoleInfo.java:shutdownFollowerState(121)) - 9aee5a09-4a58-4c9c-9e60-8a9aa652786c: shutdown FollowerState
2019-09-19 10:37:37,203 [Thread-2938] INFO  impl.RaftServerImpl (RaftServerImpl.java:setRole(174)) - 9aee5a09-4a58-4c9c-9e60-8a9aa652786c@group-E4721F147E2B: changes role from  FOLLOWER to CANDIDATE at term 18 for changeToCandidate
2019-09-19 10:37:37,222 [Thread-2938] ERROR ratis.XceiverServerRatis (XceiverServerRatis.java:triggerPipelineClose(575)) - pipeline Action CLOSE  on pipeline PipelineID=6fd363cf-5c28-420a-9a5d-e4721f147e2b.Reason : 9aee5a09-4a58-4c9c-9e60-8a9aa652786c is in candidate state for 128975ms
2019-09-19 10:37:37,222 [Thread-2937] ERROR ratis.XceiverServerRatis (XceiverServerRatis.java:triggerPipelineClose(575)) - pipeline Action CLOSE  on pipeline PipelineID=6fd363cf-5c28-420a-9a5d-e4721f147e2b.Reason : 4d64a175-4b4e-44c0-a69c-2b88ef1d7b0a is in candidate state for 128975ms
2019-09-19 10:37:37,222 [Thread-2938] INFO  impl.RoleInfo (RoleInfo.java:updateAndGet(143)) - 9aee5a09-4a58-4c9c-9e60-8a9aa652786c: start LeaderElection
2019-09-19 10:37:37,223 [Thread-2937] INFO  impl.RoleInfo (RoleInfo.java:updateAndGet(143)) - 4d64a175-4b4e-44c0-a69c-2b88ef1d7b0a: start LeaderElection
2019-09-19 10:37:37,277 [Thread-2936] INFO  impl.FollowerState (FollowerState.java:run(106)) - 22b67679-0935-426b-83cf-71539ab9923b:group-E4721F147E2B changes to CANDIDATE, lastRpcTime:5159, electionTimeout:5158ms
2019-09-19 10:37:37,277 [Thread-2936] INFO  impl.RoleInfo (RoleInfo.java:shutdownFollowerState(121)) - 22b67679-0935-426b-83cf-71539ab9923b: shutdown FollowerState
2019-09-19 10:37:37,277 [Thread-2936] INFO  impl.RaftServerImpl (RaftServerImpl.java:setRole(174)) - 22b67679-0935-426b-83cf-71539ab9923b@group-E4721F147E2B: changes role from  FOLLOWER to CANDIDATE at term 18 for changeToCandidate
2019-09-19 10:37:37,280 [Thread-2936] ERROR ratis.XceiverServerRatis (XceiverServerRatis.java:triggerPipelineClose(575)) - pipeline Action CLOSE  on pipeline PipelineID=6fd363cf-5c28-420a-9a5d-e4721f147e2b.Reason : 22b67679-0935-426b-83cf-71539ab9923b is in candidate state for 129043ms
2019-09-19 10:37:37,280 [Thread-2936] INFO  impl.RoleInfo (RoleInfo.java:updateAndGet(143)) - 22b67679-0935-426b-83cf-71539ab9923b: start LeaderElection
2019-09-19 10:37:37,291 [EventQueue-PipelineActionsForPipelineActionHandler] ERROR pipeline.PipelineActionHandler (PipelineActionHandler.java:onMessage(60)) - Received pipeline action CLOSE for Pipeline[ Id: 6fd363cf-5c28-420a-9a5d-e4721f147e2b, Nodes: 9aee5a09-4a58-4c9c-9e60-8a9aa652786c{ip: 192.168.5.171, host: pr-hdds-1054-s6xkv-2432930293, networkLocation: /default-rack, certSerialId: null}4d64a175-4b4e-44c0-a69c-2b88ef1d7b0a{ip: 192.168.5.171, host: pr-hdds-1054-s6xkv-2432930293, networkLocation: /default-rack, certSerialId: null}22b67679-0935-426b-83cf-71539ab9923b{ip: 192.168.5.171, host: pr-hdds-1054-s6xkv-2432930293, networkLocation: /default-rack, certSerialId: null}, Type:RATIS, Factor:THREE, State:OPEN] from datanode 9aee5a09-4a58-4c9c-9e60-8a9aa652786c{ip: 192.168.5.171, host: pr-hdds-1054-s6xkv-2432930293, networkLocation: /default-rack, certSerialId: null}. Reason : 9aee5a09-4a58-4c9c-9e60-8a9aa652786c is in candidate state for 128975ms
2019-09-19 10:37:37,291 [EventQueue-PipelineActionsForPipelineActionHandler] INFO  pipeline.SCMPipelineManager (SCMPipelineManager.java:finalizeAndDestroyPipeline(311)) - destroying pipeline:Pipeline[ Id: 6fd363cf-5c28-420a-9a5d-e4721f147e2b, Nodes: 9aee5a09-4a58-4c9c-9e60-8a9aa652786c{ip: 192.168.5.171, host: pr-hdds-1054-s6xkv-2432930293, networkLocation: /default-rack, certSerialId: null}4d64a175-4b4e-44c0-a69c-2b88ef1d7b0a{ip: 192.168.5.171, host: pr-hdds-1054-s6xkv-2432930293, networkLocation: /default-rack, certSerialId: null}22b67679-0935-426b-83cf-71539ab9923b{ip: 192.168.5.171, host: pr-hdds-1054-s6xkv-2432930293, networkLocation: /default-rack, certSerialId: null}, Type:RATIS, Factor:THREE, State:OPEN]
2019-09-19 10:37:37,296 [EventQueue-PipelineActionsForPipelineActionHandler] INFO  pipeline.PipelineStateManager (PipelineStateManager.java:finalizePipeline(123)) - Pipeline Pipeline[ Id: 6fd363cf-5c28-420a-9a5d-e4721f147e2b, Nodes: 9aee5a09-4a58-4c9c-9e60-8a9aa652786c{ip: 192.168.5.171, host: pr-hdds-1054-s6xkv-2432930293, networkLocation: /default-rack, certSerialId: null}4d64a175-4b4e-44c0-a69c-2b88ef1d7b0a{ip: 192.168.5.171, host: pr-hdds-1054-s6xkv-2432930293, networkLocation: /default-rack, certSerialId: null}22b67679-0935-426b-83cf-71539ab9923b{ip: 192.168.5.171, host: pr-hdds-1054-s6xkv-2432930293, networkLocation: /default-rack, certSerialId: null}, Type:RATIS, Factor:THREE, State:CLOSED] moved to CLOSED state
2019-09-19 10:37:37,298 [EventQueue-CloseContainerForCloseContainerEventHandler] INFO  container.CloseContainerEventHandler (CloseContainerEventHandler.java:onMessage(61)) - Close container Event triggered for container : #1
2019-09-19 10:37:37,836 [EventQueue-PipelineActionsForPipelineActionHandler] ERROR pipeline.PipelineActionHandler (PipelineActionHandler.java:onMessage(60)) - Received pipeline action CLOSE for Pipeline[ Id: 6fd363cf-5c28-420a-9a5d-e4721f147e2b, Nodes: 9aee5a09-4a58-4c9c-9e60-8a9aa652786c{ip: 192.168.5.171, host: pr-hdds-1054-s6xkv-2432930293, networkLocation: /default-rack, certSerialId: null}4d64a175-4b4e-44c0-a69c-2b88ef1d7b0a{ip: 192.168.5.171, host: pr-hdds-1054-s6xkv-2432930293, networkLocation: /default-rack, certSerialId: null}22b67679-0935-426b-83cf-71539ab9923b{ip: 192.168.5.171, host: pr-hdds-1054-s6xkv-2432930293, networkLocation: /default-rack, certSerialId: null}, Type:RATIS, Factor:THREE, State:CLOSED] from datanode 4d64a175-4b4e-44c0-a69c-2b88ef1d7b0a{ip: 192.168.5.171, host: pr-hdds-1054-s6xkv-2432930293, networkLocation: /default-rack, certSerialId: null}. Reason : 4d64a175-4b4e-44c0-a69c-2b88ef1d7b0a is in candidate state for 128975ms
2019-09-19 10:37:37,841 [EventQueue-PipelineActionsForPipelineActionHandler] INFO  pipeline.SCMPipelineManager (SCMPipelineManager.java:finalizeAndDestroyPipeline(311)) - destroying pipeline:Pipeline[ Id: 6fd363cf-5c28-420a-9a5d-e4721f147e2b, Nodes: 9aee5a09-4a58-4c9c-9e60-8a9aa652786c{ip: 192.168.5.171, host: pr-hdds-1054-s6xkv-2432930293, networkLocation: /default-rack, certSerialId: null}4d64a175-4b4e-44c0-a69c-2b88ef1d7b0a{ip: 192.168.5.171, host: pr-hdds-1054-s6xkv-2432930293, networkLocation: /default-rack, certSerialId: null}22b67679-0935-426b-83cf-71539ab9923b{ip: 192.168.5.171, host: pr-hdds-1054-s6xkv-2432930293, networkLocation: /default-rack, certSerialId: null}, Type:RATIS, Factor:THREE, State:CLOSED]
2019-09-19 10:37:37,842 [EventQueue-PipelineActionsForPipelineActionHandler] ERROR pipeline.PipelineActionHandler (PipelineActionHandler.java:onMessage(60)) - Received pipeline action CLOSE for Pipeline[ Id: 6fd363cf-5c28-420a-9a5d-e4721f147e2b, Nodes: 9aee5a09-4a58-4c9c-9e60-8a9aa652786c{ip: 192.168.5.171, host: pr-hdds-1054-s6xkv-2432930293, networkLocation: /default-rack, certSerialId: null}4d64a175-4b4e-44c0-a69c-2b88ef1d7b0a{ip: 192.168.5.171, host: pr-hdds-1054-s6xkv-2432930293, networkLocation: /default-rack, certSerialId: null}22b67679-0935-426b-83cf-71539ab9923b{ip: 192.168.5.171, host: pr-hdds-1054-s6xkv-2432930293, networkLocation: /default-rack, certSerialId: null}, Type:RATIS, Factor:THREE, State:CLOSED] from datanode 22b67679-0935-426b-83cf-71539ab9923b{ip: 192.168.5.171, host: pr-hdds-1054-s6xkv-2432930293, networkLocation: /default-rack, certSerialId: null}. Reason : 22b67679-0935-426b-83cf-71539ab9923b is in candidate state for 129043ms
2019-09-19 10:37:37,842 [EventQueue-PipelineActionsForPipelineActionHandler] INFO  pipeline.SCMPipelineManager (SCMPipelineManager.java:finalizeAndDestroyPipeline(311)) - destroying pipeline:Pipeline[ Id: 6fd363cf-5c28-420a-9a5d-e4721f147e2b, Nodes: 9aee5a09-4a58-4c9c-9e60-8a9aa652786c{ip: 192.168.5.171, host: pr-hdds-1054-s6xkv-2432930293, networkLocation: /default-rack, certSerialId: null}4d64a175-4b4e-44c0-a69c-2b88ef1d7b0a{ip: 192.168.5.171, host: pr-hdds-1054-s6xkv-2432930293, networkLocation: /default-rack, certSerialId: null}22b67679-0935-426b-83cf-71539ab9923b{ip: 192.168.5.171, host: pr-hdds-1054-s6xkv-2432930293, networkLocation: /default-rack, certSerialId: null}, Type:RATIS, Factor:THREE, State:CLOSED]
2019-09-19 10:37:38,379 [22b67679-0935-426b-83cf-71539ab9923b@group-E4721F147E2B:LeaderElection93] INFO  impl.LeaderElection (LeaderElection.java:askForVotes(182)) - 22b67679-0935-426b-83cf-71539ab9923b@group-E4721F147E2B:LeaderElection93: begin an election at term 19 for -1: [22b67679-0935-426b-83cf-71539ab9923b:192.168.5.171:46775, 9aee5a09-4a58-4c9c-9e60-8a9aa652786c:192.168.5.171:38202, 4d64a175-4b4e-44c0-a69c-2b88ef1d7b0a:192.168.5.171:38950], old=null
2019-09-19 10:37:38,379 [9aee5a09-4a58-4c9c-9e60-8a9aa652786c@group-E4721F147E2B:LeaderElection91] INFO  impl.LeaderElection (LeaderElection.java:askForVotes(182)) - 9aee5a09-4a58-4c9c-9e60-8a9aa652786c@group-E4721F147E2B:LeaderElection91: begin an election at term 19 for -1: [22b67679-0935-426b-83cf-71539ab9923b:192.168.5.171:46775, 9aee5a09-4a58-4c9c-9e60-8a9aa652786c:192.168.5.171:38202, 4d64a175-4b4e-44c0-a69c-2b88ef1d7b0a:192.168.5.171:38950], old=null
2019-09-19 10:37:38,379 [4d64a175-4b4e-44c0-a69c-2b88ef1d7b0a@group-E4721F147E2B:LeaderElection92] INFO  impl.LeaderElection (LeaderElection.java:askForVotes(182)) - 4d64a175-4b4e-44c0-a69c-2b88ef1d7b0a@group-E4721F147E2B:LeaderElection92: begin an election at term 19 for -1: [22b67679-0935-426b-83cf-71539ab9923b:192.168.5.171:46775, 9aee5a09-4a58-4c9c-9e60-8a9aa652786c:192.168.5.171:38202, 4d64a175-4b4e-44c0-a69c-2b88ef1d7b0a:192.168.5.171:38950], old=null
2019-09-19 10:37:38,393 [9aee5a09-4a58-4c9c-9e60-8a9aa652786c@group-E4721F147E2B:LeaderElection91] INFO  impl.LeaderElection (LeaderElection.java:logAndReturn(56)) - 9aee5a09-4a58-4c9c-9e60-8a9aa652786c@group-E4721F147E2B:LeaderElection91: Election REJECTED; received 2 response(s) [9aee5a09-4a58-4c9c-9e60-8a9aa652786c<-22b67679-0935-426b-83cf-71539ab9923b#0:FAIL-t19, 9aee5a09-4a58-4c9c-9e60-8a9aa652786c<-4d64a175-4b4e-44c0-a69c-2b88ef1d7b0a#0:FAIL-t19] and 0 exception(s); 9aee5a09-4a58-4c9c-9e60-8a9aa652786c@group-E4721F147E2B:t19, leader=null, voted=9aee5a09-4a58-4c9c-9e60-8a9aa652786c, raftlog=9aee5a09-4a58-4c9c-9e60-8a9aa652786c@group-E4721F147E2B-SegmentedRaftLog:OPENED:c-1,f-1,i0, conf=-1: [22b67679-0935-426b-83cf-71539ab9923b:192.168.5.171:46775, 9aee5a09-4a58-4c9c-9e60-8a9aa652786c:192.168.5.171:38202, 4d64a175-4b4e-44c0-a69c-2b88ef1d7b0a:192.168.5.171:38950], old=null
2019-09-19 10:37:38,393 [22b67679-0935-426b-83cf-71539ab9923b@group-E4721F147E2B:LeaderElection93] INFO  impl.LeaderElection (LeaderElection.java:logAndReturn(56)) - 22b67679-0935-426b-83cf-71539ab9923b@group-E4721F147E2B:LeaderElection93: Election REJECTED; received 2 response(s) [22b67679-0935-426b-83cf-71539ab9923b<-9aee5a09-4a58-4c9c-9e60-8a9aa652786c#0:FAIL-t19, 22b67679-0935-426b-83cf-71539ab9923b<-4d64a175-4b4e-44c0-a69c-2b88ef1d7b0a#0:FAIL-t19] and 0 exception(s); 22b67679-0935-426b-83cf-71539ab9923b@group-E4721F147E2B:t19, leader=null, voted=22b67679-0935-426b-83cf-71539ab9923b, raftlog=22b67679-0935-426b-83cf-71539ab9923b@group-E4721F147E2B-SegmentedRaftLog:OPENED:c-1,f-1,i0, conf=-1: [22b67679-0935-426b-83cf-71539ab9923b:192.168.5.171:46775, 9aee5a09-4a58-4c9c-9e60-8a9aa652786c:192.168.5.171:38202, 4d64a175-4b4e-44c0-a69c-2b88ef1d7b0a:192.168.5.171:38950], old=null
2019-09-19 10:37:38,393 [9aee5a09-4a58-4c9c-9e60-8a9aa652786c@group-E4721F147E2B:LeaderElection91] INFO  impl.RaftServerImpl (RaftServerImpl.java:setRole(174)) - 9aee5a09-4a58-4c9c-9e60-8a9aa652786c@group-E4721F147E2B: changes role from CANDIDATE to FOLLOWER at term 19 for DISCOVERED_A_NEW_TERM
2019-09-19 10:37:38,396 [22b67679-0935-426b-83cf-71539ab9923b@group-E4721F147E2B:LeaderElection93] INFO  impl.RaftServerImpl (RaftServerImpl.java:setRole(174)) - 22b67679-0935-426b-83cf-71539ab9923b@group-E4721F147E2B: changes role from CANDIDATE to FOLLOWER at term 19 for DISCOVERED_A_NEW_TERM
2019-09-19 10:37:38,398 [9aee5a09-4a58-4c9c-9e60-8a9aa652786c@group-E4721F147E2B:LeaderElection91] INFO  impl.RoleInfo (RoleInfo.java:shutdownLeaderElection(134)) - 9aee5a09-4a58-4c9c-9e60-8a9aa652786c: shutdown LeaderElection
2019-09-19 10:37:38,396 [4d64a175-4b4e-44c0-a69c-2b88ef1d7b0a@group-E4721F147E2B:LeaderElection92] INFO  impl.LeaderElection (LeaderElection.java:logAndReturn(56)) - 4d64a175-4b4e-44c0-a69c-2b88ef1d7b0a@group-E4721F147E2B:LeaderElection92: Election REJECTED; received 2 response(s) [4d64a175-4b4e-44c0-a69c-2b88ef1d7b0a<-22b67679-0935-426b-83cf-71539ab9923b#0:FAIL-t19, 4d64a175-4b4e-44c0-a69c-2b88ef1d7b0a<-9aee5a09-4a58-4c9c-9e60-8a9aa652786c#0:FAIL-t19] and 0 exception(s); 4d64a175-4b4e-44c0-a69c-2b88ef1d7b0a@group-E4721F147E2B:t19, leader=null, voted=4d64a175-4b4e-44c0-a69c-2b88ef1d7b0a, raftlog=4d64a175-4b4e-44c0-a69c-2b88ef1d7b0a@group-E4721F147E2B-SegmentedRaftLog:OPENED:c-1,f-1,i0, conf=-1: [22b67679-0935-426b-83cf-71539ab9923b:192.168.5.171:46775, 9aee5a09-4a58-4c9c-9e60-8a9aa652786c:192.168.5.171:38202, 4d64a175-4b4e-44c0-a69c-2b88ef1d7b0a:192.168.5.171:38950], old=null
2019-09-19 10:37:38,398 [9aee5a09-4a58-4c9c-9e60-8a9aa652786c@group-E4721F147E2B:LeaderElection91] INFO  impl.RoleInfo (RoleInfo.java:updateAndGet(143)) - 9aee5a09-4a58-4c9c-9e60-8a9aa652786c: start FollowerState
2019-09-19 10:37:38,398 [22b67679-0935-426b-83cf-71539ab9923b@group-E4721F147E2B:LeaderElection93] INFO  impl.RoleInfo (RoleInfo.java:shutdownLeaderElection(134)) - 22b67679-0935-426b-83cf-71539ab9923b: shutdown LeaderElection
2019-09-19 10:37:38,398 [4d64a175-4b4e-44c0-a69c-2b88ef1d7b0a@group-E4721F147E2B:LeaderElection92] INFO  impl.RaftServerImpl (RaftServerImpl.java:setRole(174)) - 4d64a175-4b4e-44c0-a69c-2b88ef1d7b0a@group-E4721F147E2B: changes role from CANDIDATE to FOLLOWER at term 19 for DISCOVERED_A_NEW_TERM
2019-09-19 10:37:38,400 [22b67679-0935-426b-83cf-71539ab9923b@group-E4721F147E2B:LeaderElection93] INFO  impl.RoleInfo (RoleInfo.java:updateAndGet(143)) - 22b67679-0935-426b-83cf-71539ab9923b: start FollowerState
2019-09-19 10:37:38,400 [4d64a175-4b4e-44c0-a69c-2b88ef1d7b0a@group-E4721F147E2B:LeaderElection92] INFO  impl.RoleInfo (RoleInfo.java:shutdownLeaderElection(134)) - 4d64a175-4b4e-44c0-a69c-2b88ef1d7b0a: shutdown LeaderElection
2019-09-19 10:37:38,401 [4d64a175-4b4e-44c0-a69c-2b88ef1d7b0a@group-E4721F147E2B:LeaderElection92] INFO  impl.RoleInfo (RoleInfo.java:updateAndGet(143)) - 4d64a175-4b4e-44c0-a69c-2b88ef1d7b0a: start FollowerState
2019-09-19 10:37:38,835 [Command processor thread] ERROR commandhandler.CloseContainerCommandHandler (CloseContainerCommandHandler.java:handle(84)) - Container #1 does not exist in datanode. Container close failed.
2019-09-19 10:37:39,841 [Command processor thread] ERROR commandhandler.CloseContainerCommandHandler (CloseContainerCommandHandler.java:handle(84)) - Container #1 does not exist in datanode. Container close failed.
2019-09-19 10:37:40,286 [Command processor thread] ERROR commandhandler.CloseContainerCommandHandler (CloseContainerCommandHandler.java:handle(84)) - Container #1 does not exist in datanode. Container close failed.
2019-09-19 10:37:43,419 [Thread-2963] INFO  impl.FollowerState (FollowerState.java:run(106)) - 9aee5a09-4a58-4c9c-9e60-8a9aa652786c:group-E4721F147E2B changes to CANDIDATE, lastRpcTime:5020, electionTimeout:5018ms
2019-09-19 10:37:43,419 [Thread-2963] INFO  impl.RoleInfo (RoleInfo.java:shutdownFollowerState(121)) - 9aee5a09-4a58-4c9c-9e60-8a9aa652786c: shutdown FollowerState
2019-09-19 10:37:43,419 [Thread-2963] INFO  impl.RaftServerImpl (RaftServerImpl.java:setRole(174)) - 9aee5a09-4a58-4c9c-9e60-8a9aa652786c@group-E4721F147E2B: changes role from  FOLLOWER to CANDIDATE at term 19 for changeToCandidate
2019-09-19 10:37:43,420 [Thread-2963] ERROR ratis.XceiverServerRatis (XceiverServerRatis.java:triggerPipelineClose(575)) - pipeline Action CLOSE  on pipeline PipelineID=6fd363cf-5c28-420a-9a5d-e4721f147e2b.Reason : 9aee5a09-4a58-4c9c-9e60-8a9aa652786c is in candidate state for 135185ms
2019-09-19 10:37:43,420 [Thread-2963] INFO  impl.RoleInfo (RoleInfo.java:updateAndGet(143)) - 9aee5a09-4a58-4c9c-9e60-8a9aa652786c: start LeaderElection
2019-09-19 10:37:43,509 [Thread-2965] INFO  impl.FollowerState (FollowerState.java:run(106)) - 4d64a175-4b4e-44c0-a69c-2b88ef1d7b0a:group-E4721F147E2B changes to CANDIDATE, lastRpcTime:5108, electionTimeout:5108ms
2019-09-19 10:37:43,510 [Thread-2965] INFO  impl.RoleInfo (RoleInfo.java:shutdownFollowerState(121)) - 4d64a175-4b4e-44c0-a69c-2b88ef1d7b0a: shutdown FollowerState
2019-09-19 10:37:43,510 [Thread-2965] INFO  impl.RaftServerImpl (RaftServerImpl.java:setRole(174)) - 4d64a175-4b4e-44c0-a69c-2b88ef1d7b0a@group-E4721F147E2B: changes role from  FOLLOWER to CANDIDATE at term 19 for changeToCandidate
2019-09-19 10:37:43,510 [Thread-2965] ERROR ratis.XceiverServerRatis (XceiverServerRatis.java:triggerPipelineClose(575)) - pipeline Action CLOSE  on pipeline PipelineID=6fd363cf-5c28-420a-9a5d-e4721f147e2b.Reason : 4d64a175-4b4e-44c0-a69c-2b88ef1d7b0a is in candidate state for 135275ms
2019-09-19 10:37:43,510 [Thread-2965] INFO  impl.RoleInfo (RoleInfo.java:updateAndGet(143)) - 4d64a175-4b4e-44c0-a69c-2b88ef1d7b0a: start LeaderElection
2019-09-19 10:37:43,591 [Thread-2964] INFO  impl.FollowerState (FollowerState.java:run(106)) - 22b67679-0935-426b-83cf-71539ab9923b:group-E4721F147E2B changes to CANDIDATE, lastRpcTime:5190, electionTimeout:5190ms
2019-09-19 10:37:43,591 [Thread-2964] INFO  impl.RoleInfo (RoleInfo.java:shutdownFollowerState(121)) - 22b67679-0935-426b-83cf-71539ab9923b: shutdown FollowerState
2019-09-19 10:37:43,592 [Thread-2964] INFO  impl.RaftServerImpl (RaftServerImpl.java:setRole(174)) - 22b67679-0935-426b-83cf-71539ab9923b@group-E4721F147E2B: changes role from  FOLLOWER to CANDIDATE at term 19 for changeToCandidate
2019-09-19 10:37:43,592 [Thread-2964] ERROR ratis.XceiverServerRatis (XceiverServerRatis.java:triggerPipelineClose(575)) - pipeline Action CLOSE  on pipeline PipelineID=6fd363cf-5c28-420a-9a5d-e4721f147e2b.Reason : 22b67679-0935-426b-83cf-71539ab9923b is in candidate state for 135357ms
2019-09-19 10:37:43,592 [Thread-2964] INFO  impl.RoleInfo (RoleInfo.java:updateAndGet(143)) - 22b67679-0935-426b-83cf-71539ab9923b: start LeaderElection
2019-09-19 10:37:43,687 [9aee5a09-4a58-4c9c-9e60-8a9aa652786c@group-E4721F147E2B:LeaderElection94] INFO  impl.LeaderElection (LeaderElection.java:askForVotes(182)) - 9aee5a09-4a58-4c9c-9e60-8a9aa652786c@group-E4721F147E2B:LeaderElection94: begin an election at term 20 for -1: [22b67679-0935-426b-83cf-71539ab9923b:192.168.5.171:46775, 9aee5a09-4a58-4c9c-9e60-8a9aa652786c:192.168.5.171:38202, 4d64a175-4b4e-44c0-a69c-2b88ef1d7b0a:192.168.5.171:38950], old=null
2019-09-19 10:37:43,687 [22b67679-0935-426b-83cf-71539ab9923b@group-E4721F147E2B:LeaderElection96] INFO  impl.LeaderElection (LeaderElection.java:askForVotes(182)) - 22b67679-0935-426b-83cf-71539ab9923b@group-E4721F147E2B:LeaderElection96: begin an election at term 20 for -1: [22b67679-0935-426b-83cf-71539ab9923b:192.168.5.171:46775, 9aee5a09-4a58-4c9c-9e60-8a9aa652786c:192.168.5.171:38202, 4d64a175-4b4e-44c0-a69c-2b88ef1d7b0a:192.168.5.171:38950], old=null
2019-09-19 10:37:43,687 [4d64a175-4b4e-44c0-a69c-2b88ef1d7b0a@group-E4721F147E2B:LeaderElection95] INFO  impl.LeaderElection (LeaderElection.java:askForVotes(182)) - 4d64a175-4b4e-44c0-a69c-2b88ef1d7b0a@group-E4721F147E2B:LeaderElection95: begin an election at term 20 for -1: [22b67679-0935-426b-83cf-71539ab9923b:192.168.5.171:46775, 9aee5a09-4a58-4c9c-9e60-8a9aa652786c:192.168.5.171:38202, 4d64a175-4b4e-44c0-a69c-2b88ef1d7b0a:192.168.5.171:38950], old=null
2019-09-19 10:37:43,695 [22b67679-0935-426b-83cf-71539ab9923b@group-E4721F147E2B:LeaderElection96] INFO  impl.LeaderElection (LeaderElection.java:logAndReturn(56)) - 22b67679-0935-426b-83cf-71539ab9923b@group-E4721F147E2B:LeaderElection96: Election REJECTED; received 2 response(s) [22b67679-0935-426b-83cf-71539ab9923b<-9aee5a09-4a58-4c9c-9e60-8a9aa652786c#0:FAIL-t20, 22b67679-0935-426b-83cf-71539ab9923b<-4d64a175-4b4e-44c0-a69c-2b88ef1d7b0a#0:FAIL-t20] and 0 exception(s); 22b67679-0935-426b-83cf-71539ab9923b@group-E4721F147E2B:t20, leader=null, voted=22b67679-0935-426b-83cf-71539ab9923b, raftlog=22b67679-0935-426b-83cf-71539ab9923b@group-E4721F147E2B-SegmentedRaftLog:OPENED:c-1,f-1,i0, conf=-1: [22b67679-0935-426b-83cf-71539ab9923b:192.168.5.171:46775, 9aee5a09-4a58-4c9c-9e60-8a9aa652786c:192.168.5.171:38202, 4d64a175-4b4e-44c0-a69c-2b88ef1d7b0a:192.168.5.171:38950], old=null
2019-09-19 10:37:43,695 [4d64a175-4b4e-44c0-a69c-2b88ef1d7b0a@group-E4721F147E2B:LeaderElection95] INFO  impl.LeaderElection (LeaderElection.java:logAndReturn(56)) - 4d64a175-4b4e-44c0-a69c-2b88ef1d7b0a@group-E4721F147E2B:LeaderElection95: Election REJECTED; received 2 response(s) [4d64a175-4b4e-44c0-a69c-2b88ef1d7b0a<-22b67679-0935-426b-83cf-71539ab9923b#0:FAIL-t20, 4d64a175-4b4e-44c0-a69c-2b88ef1d7b0a<-9aee5a09-4a58-4c9c-9e60-8a9aa652786c#0:FAIL-t20] and 0 exception(s); 4d64a175-4b4e-44c0-a69c-2b88ef1d7b0a@group-E4721F147E2B:t20, leader=null, voted=4d64a175-4b4e-44c0-a69c-2b88ef1d7b0a, raftlog=4d64a175-4b4e-44c0-a69c-2b88ef1d7b0a@group-E4721F147E2B-SegmentedRaftLog:OPENED:c-1,f-1,i0, conf=-1: [22b67679-0935-426b-83cf-71539ab9923b:192.168.5.171:46775, 9aee5a09-4a58-4c9c-9e60-8a9aa652786c:192.168.5.171:38202, 4d64a175-4b4e-44c0-a69c-2b88ef1d7b0a:192.168.5.171:38950], old=null
2019-09-19 10:37:43,695 [22b67679-0935-426b-83cf-71539ab9923b@group-E4721F147E2B:LeaderElection96] INFO  impl.RaftServerImpl (RaftServerImpl.java:setRole(174)) - 22b67679-0935-426b-83cf-71539ab9923b@group-E4721F147E2B: changes role from CANDIDATE to FOLLOWER at term 20 for DISCOVERED_A_NEW_TERM
2019-09-19 10:37:43,695 [4d64a175-4b4e-44c0-a69c-2b88ef1d7b0a@group-E4721F147E2B:LeaderElection95] INFO  impl.RaftServerImpl (RaftServerImpl.java:setRole(174)) - 4d64a175-4b4e-44c0-a69c-2b88ef1d7b0a@group-E4721F147E2B: changes role from CANDIDATE to FOLLOWER at term 20 for DISCOVERED_A_NEW_TERM
2019-09-19 10:37:43,703 [22b67679-0935-426b-83cf-71539ab9923b@group-E4721F147E2B:LeaderElection96] INFO  impl.RoleInfo (RoleInfo.java:shutdownLeaderElection(134)) - 22b67679-0935-426b-83cf-71539ab9923b: shutdown LeaderElection
2019-09-19 10:37:43,703 [9aee5a09-4a58-4c9c-9e60-8a9aa652786c@group-E4721F147E2B:LeaderElection94] INFO  impl.LeaderElection (LeaderElection.java:logAndReturn(56)) - 9aee5a09-4a58-4c9c-9e60-8a9aa652786c@group-E4721F147E2B:LeaderElection94: Election REJECTED; received 2 response(s) [9aee5a09-4a58-4c9c-9e60-8a9aa652786c<-22b67679-0935-426b-83cf-71539ab9923b#0:FAIL-t20, 9aee5a09-4a58-4c9c-9e60-8a9aa652786c<-4d64a175-4b4e-44c0-a69c-2b88ef1d7b0a#0:FAIL-t20] and 0 exception(s); 9aee5a09-4a58-4c9c-9e60-8a9aa652786c@group-E4721F147E2B:t20, leader=null, voted=9aee5a09-4a58-4c9c-9e60-8a9aa652786c, raftlog=9aee5a09-4a58-4c9c-9e60-8a9aa652786c@group-E4721F147E2B-SegmentedRaftLog:OPENED:c-1,f-1,i0, conf=-1: [22b67679-0935-426b-83cf-71539ab9923b:192.168.5.171:46775, 9aee5a09-4a58-4c9c-9e60-8a9aa652786c:192.168.5.171:38202, 4d64a175-4b4e-44c0-a69c-2b88ef1d7b0a:192.168.5.171:38950], old=null
2019-09-19 10:37:43,703 [22b67679-0935-426b-83cf-71539ab9923b@group-E4721F147E2B:LeaderElection96] INFO  impl.RoleInfo (RoleInfo.java:updateAndGet(143)) - 22b67679-0935-426b-83cf-71539ab9923b: start FollowerState
2019-09-19 10:37:43,703 [4d64a175-4b4e-44c0-a69c-2b88ef1d7b0a@group-E4721F147E2B:LeaderElection95] INFO  impl.RoleInfo (RoleInfo.java:shutdownLeaderElection(134)) - 4d64a175-4b4e-44c0-a69c-2b88ef1d7b0a: shutdown LeaderElection
2019-09-19 10:37:43,703 [9aee5a09-4a58-4c9c-9e60-8a9aa652786c@group-E4721F147E2B:LeaderElection94] INFO  impl.RaftServerImpl (RaftServerImpl.java:setRole(174)) - 9aee5a09-4a58-4c9c-9e60-8a9aa652786c@group-E4721F147E2B: changes role from CANDIDATE to FOLLOWER at term 20 for DISCOVERED_A_NEW_TERM
2019-09-19 10:37:43,706 [4d64a175-4b4e-44c0-a69c-2b88ef1d7b0a@group-E4721F147E2B:LeaderElection95] INFO  impl.RoleInfo (RoleInfo.java:updateAndGet(143)) - 4d64a175-4b4e-44c0-a69c-2b88ef1d7b0a: start FollowerState
2019-09-19 10:37:43,706 [9aee5a09-4a58-4c9c-9e60-8a9aa652786c@group-E4721F147E2B:LeaderElection94] INFO  impl.RoleInfo (RoleInfo.java:shutdownLeaderElection(134)) - 9aee5a09-4a58-4c9c-9e60-8a9aa652786c: shutdown LeaderElection
2019-09-19 10:37:43,707 [9aee5a09-4a58-4c9c-9e60-8a9aa652786c@group-E4721F147E2B:LeaderElection94] INFO  impl.RoleInfo (RoleInfo.java:updateAndGet(143)) - 9aee5a09-4a58-4c9c-9e60-8a9aa652786c: start FollowerState
2019-09-19 10:37:43,837 [EventQueue-PipelineActionsForPipelineActionHandler] ERROR pipeline.PipelineActionHandler (PipelineActionHandler.java:onMessage(60)) - Received pipeline action CLOSE for Pipeline[ Id: 6fd363cf-5c28-420a-9a5d-e4721f147e2b, Nodes: 9aee5a09-4a58-4c9c-9e60-8a9aa652786c{ip: 192.168.5.171, host: pr-hdds-1054-s6xkv-2432930293, networkLocation: /default-rack, certSerialId: null}4d64a175-4b4e-44c0-a69c-2b88ef1d7b0a{ip: 192.168.5.171, host: pr-hdds-1054-s6xkv-2432930293, networkLocation: /default-rack, certSerialId: null}22b67679-0935-426b-83cf-71539ab9923b{ip: 192.168.5.171, host: pr-hdds-1054-s6xkv-2432930293, networkLocation: /default-rack, certSerialId: null}, Type:RATIS, Factor:THREE, State:CLOSED] from datanode 4d64a175-4b4e-44c0-a69c-2b88ef1d7b0a{ip: 192.168.5.171, host: pr-hdds-1054-s6xkv-2432930293, networkLocation: /default-rack, certSerialId: null}. Reason : 4d64a175-4b4e-44c0-a69c-2b88ef1d7b0a is in candidate state for 135275ms
2019-09-19 10:37:43,837 [EventQueue-PipelineActionsForPipelineActionHandler] INFO  pipeline.SCMPipelineManager (SCMPipelineManager.java:finalizeAndDestroyPipeline(311)) - destroying pipeline:Pipeline[ Id: 6fd363cf-5c28-420a-9a5d-e4721f147e2b, Nodes: 9aee5a09-4a58-4c9c-9e60-8a9aa652786c{ip: 192.168.5.171, host: pr-hdds-1054-s6xkv-2432930293, networkLocation: /default-rack, certSerialId: null}4d64a175-4b4e-44c0-a69c-2b88ef1d7b0a{ip: 192.168.5.171, host: pr-hdds-1054-s6xkv-2432930293, networkLocation: /default-rack, certSerialId: null}22b67679-0935-426b-83cf-71539ab9923b{ip: 192.168.5.171, host: pr-hdds-1054-s6xkv-2432930293, networkLocation: /default-rack, certSerialId: null}, Type:RATIS, Factor:THREE, State:CLOSED]
2019-09-19 10:37:43,841 [EventQueue-PipelineActionsForPipelineActionHandler] ERROR pipeline.PipelineActionHandler (PipelineActionHandler.java:onMessage(60)) - Received pipeline action CLOSE for Pipeline[ Id: 6fd363cf-5c28-420a-9a5d-e4721f147e2b, Nodes: 9aee5a09-4a58-4c9c-9e60-8a9aa652786c{ip: 192.168.5.171, host: pr-hdds-1054-s6xkv-2432930293, networkLocation: /default-rack, certSerialId: null}4d64a175-4b4e-44c0-a69c-2b88ef1d7b0a{ip: 192.168.5.171, host: pr-hdds-1054-s6xkv-2432930293, networkLocation: /default-rack, certSerialId: null}22b67679-0935-426b-83cf-71539ab9923b{ip: 192.168.5.171, host: pr-hdds-1054-s6xkv-2432930293, networkLocation: /default-rack, certSerialId: null}, Type:RATIS, Factor:THREE, State:CLOSED] from datanode 22b67679-0935-426b-83cf-71539ab9923b{ip: 192.168.5.171, host: pr-hdds-1054-s6xkv-2432930293, networkLocation: /default-rack, certSerialId: null}. Reason : 22b67679-0935-426b-83cf-71539ab9923b is in candidate state for 135357ms
2019-09-19 10:37:43,842 [EventQueue-PipelineActionsForPipelineActionHandler] INFO  pipeline.SCMPipelineManager (SCMPipelineManager.java:finalizeAndDestroyPipeline(311)) - destroying pipeline:Pipeline[ Id: 6fd363cf-5c28-420a-9a5d-e4721f147e2b, Nodes: 9aee5a09-4a58-4c9c-9e60-8a9aa652786c{ip: 192.168.5.171, host: pr-hdds-1054-s6xkv-2432930293, networkLocation: /default-rack, certSerialId: null}4d64a175-4b4e-44c0-a69c-2b88ef1d7b0a{ip: 192.168.5.171, host: pr-hdds-1054-s6xkv-2432930293, networkLocation: /default-rack, certSerialId: null}22b67679-0935-426b-83cf-71539ab9923b{ip: 192.168.5.171, host: pr-hdds-1054-s6xkv-2432930293, networkLocation: /default-rack, certSerialId: null}, Type:RATIS, Factor:THREE, State:CLOSED]
2019-09-19 10:37:44,290 [EventQueue-PipelineActionsForPipelineActionHandler] ERROR pipeline.PipelineActionHandler (PipelineActionHandler.java:onMessage(60)) - Received pipeline action CLOSE for Pipeline[ Id: 6fd363cf-5c28-420a-9a5d-e4721f147e2b, Nodes: 9aee5a09-4a58-4c9c-9e60-8a9aa652786c{ip: 192.168.5.171, host: pr-hdds-1054-s6xkv-2432930293, networkLocation: /default-rack, certSerialId: null}4d64a175-4b4e-44c0-a69c-2b88ef1d7b0a{ip: 192.168.5.171, host: pr-hdds-1054-s6xkv-2432930293, networkLocation: /default-rack, certSerialId: null}22b67679-0935-426b-83cf-71539ab9923b{ip: 192.168.5.171, host: pr-hdds-1054-s6xkv-2432930293, networkLocation: /default-rack, certSerialId: null}, Type:RATIS, Factor:THREE, State:CLOSED] from datanode 9aee5a09-4a58-4c9c-9e60-8a9aa652786c{ip: 192.168.5.171, host: pr-hdds-1054-s6xkv-2432930293, networkLocation: /default-rack, certSerialId: null}. Reason : 9aee5a09-4a58-4c9c-9e60-8a9aa652786c is in candidate state for 135185ms
2019-09-19 10:37:44,291 [EventQueue-PipelineActionsForPipelineActionHandler] INFO  pipeline.SCMPipelineManager (SCMPipelineManager.java:finalizeAndDestroyPipeline(311)) - destroying pipeline:Pipeline[ Id: 6fd363cf-5c28-420a-9a5d-e4721f147e2b, Nodes: 9aee5a09-4a58-4c9c-9e60-8a9aa652786c{ip: 192.168.5.171, host: pr-hdds-1054-s6xkv-2432930293, networkLocation: /default-rack, certSerialId: null}4d64a175-4b4e-44c0-a69c-2b88ef1d7b0a{ip: 192.168.5.171, host: pr-hdds-1054-s6xkv-2432930293, networkLocation: /default-rack, certSerialId: null}22b67679-0935-426b-83cf-71539ab9923b{ip: 192.168.5.171, host: pr-hdds-1054-s6xkv-2432930293, networkLocation: /default-rack, certSerialId: null}, Type:RATIS, Factor:THREE, State:CLOSED]
2019-09-19 10:37:48,749 [Thread-2987] INFO  impl.FollowerState (FollowerState.java:run(106)) - 9aee5a09-4a58-4c9c-9e60-8a9aa652786c:group-E4721F147E2B changes to CANDIDATE, lastRpcTime:5042, electionTimeout:5042ms
2019-09-19 10:37:48,763 [Thread-2987] INFO  impl.RoleInfo (RoleInfo.java:shutdownFollowerState(121)) - 9aee5a09-4a58-4c9c-9e60-8a9aa652786c: shutdown FollowerState
2019-09-19 10:37:48,763 [Thread-2987] INFO  impl.RaftServerImpl (RaftServerImpl.java:setRole(174)) - 9aee5a09-4a58-4c9c-9e60-8a9aa652786c@group-E4721F147E2B: changes role from  FOLLOWER to CANDIDATE at term 20 for changeToCandidate
2019-09-19 10:37:48,764 [Thread-2987] ERROR ratis.XceiverServerRatis (XceiverServerRatis.java:triggerPipelineClose(575)) - pipeline Action CLOSE  on pipeline PipelineID=6fd363cf-5c28-420a-9a5d-e4721f147e2b.Reason : 9aee5a09-4a58-4c9c-9e60-8a9aa652786c is in candidate state for 140529ms
2019-09-19 10:37:48,764 [Thread-2987] INFO  impl.RoleInfo (RoleInfo.java:updateAndGet(143)) - 9aee5a09-4a58-4c9c-9e60-8a9aa652786c: start LeaderElection
2019-09-19 10:37:48,820 [Thread-2986] INFO  impl.FollowerState (FollowerState.java:run(106)) - 4d64a175-4b4e-44c0-a69c-2b88ef1d7b0a:group-E4721F147E2B changes to CANDIDATE, lastRpcTime:5113, electionTimeout:5113ms
2019-09-19 10:37:48,822 [Thread-2986] INFO  impl.RoleInfo (RoleInfo.java:shutdownFollowerState(121)) - 4d64a175-4b4e-44c0-a69c-2b88ef1d7b0a: shutdown FollowerState
2019-09-19 10:37:48,822 [Thread-2986] INFO  impl.RaftServerImpl (RaftServerImpl.java:setRole(174)) - 4d64a175-4b4e-44c0-a69c-2b88ef1d7b0a@group-E4721F147E2B: changes role from  FOLLOWER to CANDIDATE at term 20 for changeToCandidate
2019-09-19 10:37:48,822 [Thread-2986] ERROR ratis.XceiverServerRatis (XceiverServerRatis.java:triggerPipelineClose(575)) - pipeline Action CLOSE  on pipeline PipelineID=6fd363cf-5c28-420a-9a5d-e4721f147e2b.Reason : 4d64a175-4b4e-44c0-a69c-2b88ef1d7b0a is in candidate state for 140588ms
2019-09-19 10:37:48,822 [Thread-2986] INFO  impl.RoleInfo (RoleInfo.java:updateAndGet(143)) - 4d64a175-4b4e-44c0-a69c-2b88ef1d7b0a: start LeaderElection
2019-09-19 10:37:48,837 [EventQueue-PipelineActionsForPipelineActionHandler] ERROR pipeline.PipelineActionHandler (PipelineActionHandler.java:onMessage(60)) - Received pipeline action CLOSE for Pipeline[ Id: 6fd363cf-5c28-420a-9a5d-e4721f147e2b, Nodes: 9aee5a09-4a58-4c9c-9e60-8a9aa652786c{ip: 192.168.5.171, host: pr-hdds-1054-s6xkv-2432930293, networkLocation: /default-rack, certSerialId: null}4d64a175-4b4e-44c0-a69c-2b88ef1d7b0a{ip: 192.168.5.171, host: pr-hdds-1054-s6xkv-2432930293, networkLocation: /default-rack, certSerialId: null}22b67679-0935-426b-83cf-71539ab9923b{ip: 192.168.5.171, host: pr-hdds-1054-s6xkv-2432930293, networkLocation: /default-rack, certSerialId: null}, Type:RATIS, Factor:THREE, State:CLOSED] from datanode 4d64a175-4b4e-44c0-a69c-2b88ef1d7b0a{ip: 192.168.5.171, host: pr-hdds-1054-s6xkv-2432930293, networkLocation: /default-rack, certSerialId: null}. Reason : 4d64a175-4b4e-44c0-a69c-2b88ef1d7b0a is in candidate state for 140588ms
2019-09-19 10:37:48,837 [EventQueue-PipelineActionsForPipelineActionHandler] INFO  pipeline.SCMPipelineManager (SCMPipelineManager.java:finalizeAndDestroyPipeline(311)) - destroying pipeline:Pipeline[ Id: 6fd363cf-5c28-420a-9a5d-e4721f147e2b, Nodes: 9aee5a09-4a58-4c9c-9e60-8a9aa652786c{ip: 192.168.5.171, host: pr-hdds-1054-s6xkv-2432930293, networkLocation: /default-rack, certSerialId: null}4d64a175-4b4e-44c0-a69c-2b88ef1d7b0a{ip: 192.168.5.171, host: pr-hdds-1054-s6xkv-2432930293, networkLocation: /default-rack, certSerialId: null}22b67679-0935-426b-83cf-71539ab9923b{ip: 192.168.5.171, host: pr-hdds-1054-s6xkv-2432930293, networkLocation: /default-rack, certSerialId: null}, Type:RATIS, Factor:THREE, State:CLOSED]
2019-09-19 10:37:48,894 [Thread-2985] INFO  impl.FollowerState (FollowerState.java:run(106)) - 22b67679-0935-426b-83cf-71539ab9923b:group-E4721F147E2B changes to CANDIDATE, lastRpcTime:5191, electionTimeout:5188ms
2019-09-19 10:37:48,897 [Thread-2985] INFO  impl.RoleInfo (RoleInfo.java:shutdownFollowerState(121)) - 22b67679-0935-426b-83cf-71539ab9923b: shutdown FollowerState
2019-09-19 10:37:48,897 [Thread-2985] INFO  impl.RaftServerImpl (RaftServerImpl.java:setRole(174)) - 22b67679-0935-426b-83cf-71539ab9923b@group-E4721F147E2B: changes role from  FOLLOWER to CANDIDATE at term 20 for changeToCandidate
2019-09-19 10:37:48,897 [Thread-2985] ERROR ratis.XceiverServerRatis (XceiverServerRatis.java:triggerPipelineClose(575)) - pipeline Action CLOSE  on pipeline PipelineID=6fd363cf-5c28-420a-9a5d-e4721f147e2b.Reason : 22b67679-0935-426b-83cf-71539ab9923b is in candidate state for 140663ms
2019-09-19 10:37:48,897 [Thread-2985] INFO  impl.RoleInfo (RoleInfo.java:updateAndGet(143)) - 22b67679-0935-426b-83cf-71539ab9923b: start LeaderElection
2019-09-19 10:37:49,289 [EventQueue-PipelineActionsForPipelineActionHandler] ERROR pipeline.PipelineActionHandler (PipelineActionHandler.java:onMessage(60)) - Received pipeline action CLOSE for Pipeline[ Id: 6fd363cf-5c28-420a-9a5d-e4721f147e2b, Nodes: 9aee5a09-4a58-4c9c-9e60-8a9aa652786c{ip: 192.168.5.171, host: pr-hdds-1054-s6xkv-2432930293, networkLocation: /default-rack, certSerialId: null}4d64a175-4b4e-44c0-a69c-2b88ef1d7b0a{ip: 192.168.5.171, host: pr-hdds-1054-s6xkv-2432930293, networkLocation: /default-rack, certSerialId: null}22b67679-0935-426b-83cf-71539ab9923b{ip: 192.168.5.171, host: pr-hdds-1054-s6xkv-2432930293, networkLocation: /default-rack, certSerialId: null}, Type:RATIS, Factor:THREE, State:CLOSED] from datanode 9aee5a09-4a58-4c9c-9e60-8a9aa652786c{ip: 192.168.5.171, host: pr-hdds-1054-s6xkv-2432930293, networkLocation: /default-rack, certSerialId: null}. Reason : 9aee5a09-4a58-4c9c-9e60-8a9aa652786c is in candidate state for 140529ms
2019-09-19 10:37:49,293 [EventQueue-PipelineActionsForPipelineActionHandler] INFO  pipeline.SCMPipelineManager (SCMPipelineManager.java:finalizeAndDestroyPipeline(311)) - destroying pipeline:Pipeline[ Id: 6fd363cf-5c28-420a-9a5d-e4721f147e2b, Nodes: 9aee5a09-4a58-4c9c-9e60-8a9aa652786c{ip: 192.168.5.171, host: pr-hdds-1054-s6xkv-2432930293, networkLocation: /default-rack, certSerialId: null}4d64a175-4b4e-44c0-a69c-2b88ef1d7b0a{ip: 192.168.5.171, host: pr-hdds-1054-s6xkv-2432930293, networkLocation: /default-rack, certSerialId: null}22b67679-0935-426b-83cf-71539ab9923b{ip: 192.168.5.171, host: pr-hdds-1054-s6xkv-2432930293, networkLocation: /default-rack, certSerialId: null}, Type:RATIS, Factor:THREE, State:CLOSED]
2019-09-19 10:37:49,818 [4d64a175-4b4e-44c0-a69c-2b88ef1d7b0a@group-E4721F147E2B:LeaderElection98] INFO  impl.LeaderElection (LeaderElection.java:askForVotes(182)) - 4d64a175-4b4e-44c0-a69c-2b88ef1d7b0a@group-E4721F147E2B:LeaderElection98: begin an election at term 21 for -1: [22b67679-0935-426b-83cf-71539ab9923b:192.168.5.171:46775, 9aee5a09-4a58-4c9c-9e60-8a9aa652786c:192.168.5.171:38202, 4d64a175-4b4e-44c0-a69c-2b88ef1d7b0a:192.168.5.171:38950], old=null
2019-09-19 10:37:49,818 [9aee5a09-4a58-4c9c-9e60-8a9aa652786c@group-E4721F147E2B:LeaderElection97] INFO  impl.LeaderElection (LeaderElection.java:askForVotes(182)) - 9aee5a09-4a58-4c9c-9e60-8a9aa652786c@group-E4721F147E2B:LeaderElection97: begin an election at term 21 for -1: [22b67679-0935-426b-83cf-71539ab9923b:192.168.5.171:46775, 9aee5a09-4a58-4c9c-9e60-8a9aa652786c:192.168.5.171:38202, 4d64a175-4b4e-44c0-a69c-2b88ef1d7b0a:192.168.5.171:38950], old=null
2019-09-19 10:37:49,818 [22b67679-0935-426b-83cf-71539ab9923b@group-E4721F147E2B:LeaderElection99] INFO  impl.LeaderElection (LeaderElection.java:askForVotes(182)) - 22b67679-0935-426b-83cf-71539ab9923b@group-E4721F147E2B:LeaderElection99: begin an election at term 21 for -1: [22b67679-0935-426b-83cf-71539ab9923b:192.168.5.171:46775, 9aee5a09-4a58-4c9c-9e60-8a9aa652786c:192.168.5.171:38202, 4d64a175-4b4e-44c0-a69c-2b88ef1d7b0a:192.168.5.171:38950], old=null
2019-09-19 10:37:49,828 [4d64a175-4b4e-44c0-a69c-2b88ef1d7b0a@group-E4721F147E2B:LeaderElection98] INFO  impl.LeaderElection (LeaderElection.java:logAndReturn(56)) - 4d64a175-4b4e-44c0-a69c-2b88ef1d7b0a@group-E4721F147E2B:LeaderElection98: Election REJECTED; received 2 response(s) [4d64a175-4b4e-44c0-a69c-2b88ef1d7b0a<-22b67679-0935-426b-83cf-71539ab9923b#0:FAIL-t21, 4d64a175-4b4e-44c0-a69c-2b88ef1d7b0a<-9aee5a09-4a58-4c9c-9e60-8a9aa652786c#0:FAIL-t21] and 0 exception(s); 4d64a175-4b4e-44c0-a69c-2b88ef1d7b0a@group-E4721F147E2B:t21, leader=null, voted=4d64a175-4b4e-44c0-a69c-2b88ef1d7b0a, raftlog=4d64a175-4b4e-44c0-a69c-2b88ef1d7b0a@group-E4721F147E2B-SegmentedRaftLog:OPENED:c-1,f-1,i0, conf=-1: [22b67679-0935-426b-83cf-71539ab9923b:192.168.5.171:46775, 9aee5a09-4a58-4c9c-9e60-8a9aa652786c:192.168.5.171:38202, 4d64a175-4b4e-44c0-a69c-2b88ef1d7b0a:192.168.5.171:38950], old=null
2019-09-19 10:37:49,828 [22b67679-0935-426b-83cf-71539ab9923b@group-E4721F147E2B:LeaderElection99] INFO  impl.LeaderElection (LeaderElection.java:logAndReturn(56)) - 22b67679-0935-426b-83cf-71539ab9923b@group-E4721F147E2B:LeaderElection99: Election REJECTED; received 2 response(s) [22b67679-0935-426b-83cf-71539ab9923b<-9aee5a09-4a58-4c9c-9e60-8a9aa652786c#0:FAIL-t21, 22b67679-0935-426b-83cf-71539ab9923b<-4d64a175-4b4e-44c0-a69c-2b88ef1d7b0a#0:FAIL-t21] and 0 exception(s); 22b67679-0935-426b-83cf-71539ab9923b@group-E4721F147E2B:t21, leader=null, voted=22b67679-0935-426b-83cf-71539ab9923b, raftlog=22b67679-0935-426b-83cf-71539ab9923b@group-E4721F147E2B-SegmentedRaftLog:OPENED:c-1,f-1,i0, conf=-1: [22b67679-0935-426b-83cf-71539ab9923b:192.168.5.171:46775, 9aee5a09-4a58-4c9c-9e60-8a9aa652786c:192.168.5.171:38202, 4d64a175-4b4e-44c0-a69c-2b88ef1d7b0a:192.168.5.171:38950], old=null
2019-09-19 10:37:49,828 [4d64a175-4b4e-44c0-a69c-2b88ef1d7b0a@group-E4721F147E2B:LeaderElection98] INFO  impl.RaftServerImpl (RaftServerImpl.java:setRole(174)) - 4d64a175-4b4e-44c0-a69c-2b88ef1d7b0a@group-E4721F147E2B: changes role from CANDIDATE to FOLLOWER at term 21 for DISCOVERED_A_NEW_TERM
2019-09-19 10:37:49,828 [9aee5a09-4a58-4c9c-9e60-8a9aa652786c@group-E4721F147E2B:LeaderElection97] INFO  impl.LeaderElection (LeaderElection.java:logAndReturn(56)) - 9aee5a09-4a58-4c9c-9e60-8a9aa652786c@group-E4721F147E2B:LeaderElection97: Election REJECTED; received 2 response(s) [9aee5a09-4a58-4c9c-9e60-8a9aa652786c<-22b67679-0935-426b-83cf-71539ab9923b#0:FAIL-t21, 9aee5a09-4a58-4c9c-9e60-8a9aa652786c<-4d64a175-4b4e-44c0-a69c-2b88ef1d7b0a#0:FAIL-t21] and 0 exception(s); 9aee5a09-4a58-4c9c-9e60-8a9aa652786c@group-E4721F147E2B:t21, leader=null, voted=9aee5a09-4a58-4c9c-9e60-8a9aa652786c, raftlog=9aee5a09-4a58-4c9c-9e60-8a9aa652786c@group-E4721F147E2B-SegmentedRaftLog:OPENED:c-1,f-1,i0, conf=-1: [22b67679-0935-426b-83cf-71539ab9923b:192.168.5.171:46775, 9aee5a09-4a58-4c9c-9e60-8a9aa652786c:192.168.5.171:38202, 4d64a175-4b4e-44c0-a69c-2b88ef1d7b0a:192.168.5.171:38950], old=null
2019-09-19 10:37:49,830 [4d64a175-4b4e-44c0-a69c-2b88ef1d7b0a@group-E4721F147E2B:LeaderElection98] INFO  impl.RoleInfo (RoleInfo.java:shutdownLeaderElection(134)) - 4d64a175-4b4e-44c0-a69c-2b88ef1d7b0a: shutdown LeaderElection
2019-09-19 10:37:49,830 [22b67679-0935-426b-83cf-71539ab9923b@group-E4721F147E2B:LeaderElection99] INFO  impl.RaftServerImpl (RaftServerImpl.java:setRole(174)) - 22b67679-0935-426b-83cf-71539ab9923b@group-E4721F147E2B: changes role from CANDIDATE to FOLLOWER at term 21 for DISCOVERED_A_NEW_TERM
2019-09-19 10:37:49,832 [4d64a175-4b4e-44c0-a69c-2b88ef1d7b0a@group-E4721F147E2B:LeaderElection98] INFO  impl.RoleInfo (RoleInfo.java:updateAndGet(143)) - 4d64a175-4b4e-44c0-a69c-2b88ef1d7b0a: start FollowerState
2019-09-19 10:37:49,831 [9aee5a09-4a58-4c9c-9e60-8a9aa652786c@group-E4721F147E2B:LeaderElection97] INFO  impl.RaftServerImpl (RaftServerImpl.java:setRole(174)) - 9aee5a09-4a58-4c9c-9e60-8a9aa652786c@group-E4721F147E2B: changes role from CANDIDATE to FOLLOWER at term 21 for DISCOVERED_A_NEW_TERM
2019-09-19 10:37:49,832 [22b67679-0935-426b-83cf-71539ab9923b@group-E4721F147E2B:LeaderElection99] INFO  impl.RoleInfo (RoleInfo.java:shutdownLeaderElection(134)) - 22b67679-0935-426b-83cf-71539ab9923b: shutdown LeaderElection
2019-09-19 10:37:49,833 [9aee5a09-4a58-4c9c-9e60-8a9aa652786c@group-E4721F147E2B:LeaderElection97] INFO  impl.RoleInfo (RoleInfo.java:shutdownLeaderElection(134)) - 9aee5a09-4a58-4c9c-9e60-8a9aa652786c: shutdown LeaderElection
2019-09-19 10:37:49,833 [22b67679-0935-426b-83cf-71539ab9923b@group-E4721F147E2B:LeaderElection99] INFO  impl.RoleInfo (RoleInfo.java:updateAndGet(143)) - 22b67679-0935-426b-83cf-71539ab9923b: start FollowerState
2019-09-19 10:37:49,833 [9aee5a09-4a58-4c9c-9e60-8a9aa652786c@group-E4721F147E2B:LeaderElection97] INFO  impl.RoleInfo (RoleInfo.java:updateAndGet(143)) - 9aee5a09-4a58-4c9c-9e60-8a9aa652786c: start FollowerState
2019-09-19 10:37:49,841 [EventQueue-PipelineActionsForPipelineActionHandler] ERROR pipeline.PipelineActionHandler (PipelineActionHandler.java:onMessage(60)) - Received pipeline action CLOSE for Pipeline[ Id: 6fd363cf-5c28-420a-9a5d-e4721f147e2b, Nodes: 9aee5a09-4a58-4c9c-9e60-8a9aa652786c{ip: 192.168.5.171, host: pr-hdds-1054-s6xkv-2432930293, networkLocation: /default-rack, certSerialId: null}4d64a175-4b4e-44c0-a69c-2b88ef1d7b0a{ip: 192.168.5.171, host: pr-hdds-1054-s6xkv-2432930293, networkLocation: /default-rack, certSerialId: null}22b67679-0935-426b-83cf-71539ab9923b{ip: 192.168.5.171, host: pr-hdds-1054-s6xkv-2432930293, networkLocation: /default-rack, certSerialId: null}, Type:RATIS, Factor:THREE, State:CLOSED] from datanode 22b67679-0935-426b-83cf-71539ab9923b{ip: 192.168.5.171, host: pr-hdds-1054-s6xkv-2432930293, networkLocation: /default-rack, certSerialId: null}. Reason : 22b67679-0935-426b-83cf-71539ab9923b is in candidate state for 140663ms
2019-09-19 10:37:49,841 [EventQueue-PipelineActionsForPipelineActionHandler] INFO  pipeline.SCMPipelineManager (SCMPipelineManager.java:finalizeAndDestroyPipeline(311)) - destroying pipeline:Pipeline[ Id: 6fd363cf-5c28-420a-9a5d-e4721f147e2b, Nodes: 9aee5a09-4a58-4c9c-9e60-8a9aa652786c{ip: 192.168.5.171, host: pr-hdds-1054-s6xkv-2432930293, networkLocation: /default-rack, certSerialId: null}4d64a175-4b4e-44c0-a69c-2b88ef1d7b0a{ip: 192.168.5.171, host: pr-hdds-1054-s6xkv-2432930293, networkLocation: /default-rack, certSerialId: null}22b67679-0935-426b-83cf-71539ab9923b{ip: 192.168.5.171, host: pr-hdds-1054-s6xkv-2432930293, networkLocation: /default-rack, certSerialId: null}, Type:RATIS, Factor:THREE, State:CLOSED]
2019-09-19 10:37:54,867 [Thread-3009] INFO  impl.FollowerState (FollowerState.java:run(106)) - 4d64a175-4b4e-44c0-a69c-2b88ef1d7b0a:group-E4721F147E2B changes to CANDIDATE, lastRpcTime:5034, electionTimeout:5034ms
2019-09-19 10:37:54,871 [Thread-3010] INFO  impl.FollowerState (FollowerState.java:run(106)) - 22b67679-0935-426b-83cf-71539ab9923b:group-E4721F147E2B changes to CANDIDATE, lastRpcTime:5037, electionTimeout:5037ms
2019-09-19 10:37:54,873 [Thread-3009] INFO  impl.RoleInfo (RoleInfo.java:shutdownFollowerState(121)) - 4d64a175-4b4e-44c0-a69c-2b88ef1d7b0a: shutdown FollowerState
2019-09-19 10:37:54,873 [Thread-3010] INFO  impl.RoleInfo (RoleInfo.java:shutdownFollowerState(121)) - 22b67679-0935-426b-83cf-71539ab9923b: shutdown FollowerState
2019-09-19 10:37:54,874 [Thread-3009] INFO  impl.RaftServerImpl (RaftServerImpl.java:setRole(174)) - 4d64a175-4b4e-44c0-a69c-2b88ef1d7b0a@group-E4721F147E2B: changes role from  FOLLOWER to CANDIDATE at term 21 for changeToCandidate
2019-09-19 10:37:54,874 [Thread-3010] INFO  impl.RaftServerImpl (RaftServerImpl.java:setRole(174)) - 22b67679-0935-426b-83cf-71539ab9923b@group-E4721F147E2B: changes role from  FOLLOWER to CANDIDATE at term 21 for changeToCandidate
2019-09-19 10:37:54,874 [Thread-3010] ERROR ratis.XceiverServerRatis (XceiverServerRatis.java:triggerPipelineClose(575)) - pipeline Action CLOSE  on pipeline PipelineID=6fd363cf-5c28-420a-9a5d-e4721f147e2b.Reason : 22b67679-0935-426b-83cf-71539ab9923b is in candidate state for 146640ms
2019-09-19 10:37:54,874 [Thread-3009] ERROR ratis.XceiverServerRatis (XceiverServerRatis.java:triggerPipelineClose(575)) - pipeline Action CLOSE  on pipeline PipelineID=6fd363cf-5c28-420a-9a5d-e4721f147e2b.Reason : 4d64a175-4b4e-44c0-a69c-2b88ef1d7b0a is in candidate state for 146639ms
2019-09-19 10:37:54,875 [Thread-3009] INFO  impl.RoleInfo (RoleInfo.java:updateAndGet(143)) - 4d64a175-4b4e-44c0-a69c-2b88ef1d7b0a: start LeaderElection
2019-09-19 10:37:54,875 [Thread-3010] INFO  impl.RoleInfo (RoleInfo.java:updateAndGet(143)) - 22b67679-0935-426b-83cf-71539ab9923b: start LeaderElection
2019-09-19 10:37:54,905 [Thread-3011] INFO  impl.FollowerState (FollowerState.java:run(106)) - 9aee5a09-4a58-4c9c-9e60-8a9aa652786c:group-E4721F147E2B changes to CANDIDATE, lastRpcTime:5071, electionTimeout:5071ms
2019-09-19 10:37:54,905 [Thread-3011] INFO  impl.RoleInfo (RoleInfo.java:shutdownFollowerState(121)) - 9aee5a09-4a58-4c9c-9e60-8a9aa652786c: shutdown FollowerState
2019-09-19 10:37:54,905 [Thread-3011] INFO  impl.RaftServerImpl (RaftServerImpl.java:setRole(174)) - 9aee5a09-4a58-4c9c-9e60-8a9aa652786c@group-E4721F147E2B: changes role from  FOLLOWER to CANDIDATE at term 21 for changeToCandidate
2019-09-19 10:37:54,905 [Thread-3011] ERROR ratis.XceiverServerRatis (XceiverServerRatis.java:triggerPipelineClose(575)) - pipeline Action CLOSE  on pipeline PipelineID=6fd363cf-5c28-420a-9a5d-e4721f147e2b.Reason : 9aee5a09-4a58-4c9c-9e60-8a9aa652786c is in candidate state for 146671ms
2019-09-19 10:37:54,906 [Thread-3011] INFO  impl.RoleInfo (RoleInfo.java:updateAndGet(143)) - 9aee5a09-4a58-4c9c-9e60-8a9aa652786c: start LeaderElection
2019-09-19 10:37:55,292 [EventQueue-PipelineActionsForPipelineActionHandler] ERROR pipeline.PipelineActionHandler (PipelineActionHandler.java:onMessage(60)) - Received pipeline action CLOSE for Pipeline[ Id: 6fd363cf-5c28-420a-9a5d-e4721f147e2b, Nodes: 9aee5a09-4a58-4c9c-9e60-8a9aa652786c{ip: 192.168.5.171, host: pr-hdds-1054-s6xkv-2432930293, networkLocation: /default-rack, certSerialId: null}4d64a175-4b4e-44c0-a69c-2b88ef1d7b0a{ip: 192.168.5.171, host: pr-hdds-1054-s6xkv-2432930293, networkLocation: /default-rack, certSerialId: null}22b67679-0935-426b-83cf-71539ab9923b{ip: 192.168.5.171, host: pr-hdds-1054-s6xkv-2432930293, networkLocation: /default-rack, certSerialId: null}, Type:RATIS, Factor:THREE, State:CLOSED] from datanode 9aee5a09-4a58-4c9c-9e60-8a9aa652786c{ip: 192.168.5.171, host: pr-hdds-1054-s6xkv-2432930293, networkLocation: /default-rack, certSerialId: null}. Reason : 9aee5a09-4a58-4c9c-9e60-8a9aa652786c is in candidate state for 146671ms
2019-09-19 10:37:55,293 [EventQueue-PipelineActionsForPipelineActionHandler] INFO  pipeline.SCMPipelineManager (SCMPipelineManager.java:finalizeAndDestroyPipeline(311)) - destroying pipeline:Pipeline[ Id: 6fd363cf-5c28-420a-9a5d-e4721f147e2b, Nodes: 9aee5a09-4a58-4c9c-9e60-8a9aa652786c{ip: 192.168.5.171, host: pr-hdds-1054-s6xkv-2432930293, networkLocation: /default-rack, certSerialId: null}4d64a175-4b4e-44c0-a69c-2b88ef1d7b0a{ip: 192.168.5.171, host: pr-hdds-1054-s6xkv-2432930293, networkLocation: /default-rack, certSerialId: null}22b67679-0935-426b-83cf-71539ab9923b{ip: 192.168.5.171, host: pr-hdds-1054-s6xkv-2432930293, networkLocation: /default-rack, certSerialId: null}, Type:RATIS, Factor:THREE, State:CLOSED]
2019-09-19 10:37:55,841 [EventQueue-PipelineActionsForPipelineActionHandler] ERROR pipeline.PipelineActionHandler (PipelineActionHandler.java:onMessage(60)) - Received pipeline action CLOSE for Pipeline[ Id: 6fd363cf-5c28-420a-9a5d-e4721f147e2b, Nodes: 9aee5a09-4a58-4c9c-9e60-8a9aa652786c{ip: 192.168.5.171, host: pr-hdds-1054-s6xkv-2432930293, networkLocation: /default-rack, certSerialId: null}4d64a175-4b4e-44c0-a69c-2b88ef1d7b0a{ip: 192.168.5.171, host: pr-hdds-1054-s6xkv-2432930293, networkLocation: /default-rack, certSerialId: null}22b67679-0935-426b-83cf-71539ab9923b{ip: 192.168.5.171, host: pr-hdds-1054-s6xkv-2432930293, networkLocation: /default-rack, certSerialId: null}, Type:RATIS, Factor:THREE, State:CLOSED] from datanode 4d64a175-4b4e-44c0-a69c-2b88ef1d7b0a{ip: 192.168.5.171, host: pr-hdds-1054-s6xkv-2432930293, networkLocation: /default-rack, certSerialId: null}. Reason : 4d64a175-4b4e-44c0-a69c-2b88ef1d7b0a is in candidate state for 146639ms
2019-09-19 10:37:55,841 [EventQueue-PipelineActionsForPipelineActionHandler] INFO  pipeline.SCMPipelineManager (SCMPipelineManager.java:finalizeAndDestroyPipeline(311)) - destroying pipeline:Pipeline[ Id: 6fd363cf-5c28-420a-9a5d-e4721f147e2b, Nodes: 9aee5a09-4a58-4c9c-9e60-8a9aa652786c{ip: 192.168.5.171, host: pr-hdds-1054-s6xkv-2432930293, networkLocation: /default-rack, certSerialId: null}4d64a175-4b4e-44c0-a69c-2b88ef1d7b0a{ip: 192.168.5.171, host: pr-hdds-1054-s6xkv-2432930293, networkLocation: /default-rack, certSerialId: null}22b67679-0935-426b-83cf-71539ab9923b{ip: 192.168.5.171, host: pr-hdds-1054-s6xkv-2432930293, networkLocation: /default-rack, certSerialId: null}, Type:RATIS, Factor:THREE, State:CLOSED]
2019-09-19 10:37:55,843 [EventQueue-PipelineActionsForPipelineActionHandler] ERROR pipeline.PipelineActionHandler (PipelineActionHandler.java:onMessage(60)) - Received pipeline action CLOSE for Pipeline[ Id: 6fd363cf-5c28-420a-9a5d-e4721f147e2b, Nodes: 9aee5a09-4a58-4c9c-9e60-8a9aa652786c{ip: 192.168.5.171, host: pr-hdds-1054-s6xkv-2432930293, networkLocation: /default-rack, certSerialId: null}4d64a175-4b4e-44c0-a69c-2b88ef1d7b0a{ip: 192.168.5.171, host: pr-hdds-1054-s6xkv-2432930293, networkLocation: /default-rack, certSerialId: null}22b67679-0935-426b-83cf-71539ab9923b{ip: 192.168.5.171, host: pr-hdds-1054-s6xkv-2432930293, networkLocation: /default-rack, certSerialId: null}, Type:RATIS, Factor:THREE, State:CLOSED] from datanode 22b67679-0935-426b-83cf-71539ab9923b{ip: 192.168.5.171, host: pr-hdds-1054-s6xkv-2432930293, networkLocation: /default-rack, certSerialId: null}. Reason : 22b67679-0935-426b-83cf-71539ab9923b is in candidate state for 146640ms
2019-09-19 10:37:55,843 [EventQueue-PipelineActionsForPipelineActionHandler] INFO  pipeline.SCMPipelineManager (SCMPipelineManager.java:finalizeAndDestroyPipeline(311)) - destroying pipeline:Pipeline[ Id: 6fd363cf-5c28-420a-9a5d-e4721f147e2b, Nodes: 9aee5a09-4a58-4c9c-9e60-8a9aa652786c{ip: 192.168.5.171, host: pr-hdds-1054-s6xkv-2432930293, networkLocation: /default-rack, certSerialId: null}4d64a175-4b4e-44c0-a69c-2b88ef1d7b0a{ip: 192.168.5.171, host: pr-hdds-1054-s6xkv-2432930293, networkLocation: /default-rack, certSerialId: null}22b67679-0935-426b-83cf-71539ab9923b{ip: 192.168.5.171, host: pr-hdds-1054-s6xkv-2432930293, networkLocation: /default-rack, certSerialId: null}, Type:RATIS, Factor:THREE, State:CLOSED]
2019-09-19 10:37:57,364 [4d64a175-4b4e-44c0-a69c-2b88ef1d7b0a@group-E4721F147E2B:LeaderElection101] INFO  impl.LeaderElection (LeaderElection.java:askForVotes(182)) - 4d64a175-4b4e-44c0-a69c-2b88ef1d7b0a@group-E4721F147E2B:LeaderElection101: begin an election at term 22 for -1: [22b67679-0935-426b-83cf-71539ab9923b:192.168.5.171:46775, 9aee5a09-4a58-4c9c-9e60-8a9aa652786c:192.168.5.171:38202, 4d64a175-4b4e-44c0-a69c-2b88ef1d7b0a:192.168.5.171:38950], old=null
2019-09-19 10:37:57,364 [9aee5a09-4a58-4c9c-9e60-8a9aa652786c@group-E4721F147E2B:LeaderElection102] INFO  impl.LeaderElection (LeaderElection.java:askForVotes(182)) - 9aee5a09-4a58-4c9c-9e60-8a9aa652786c@group-E4721F147E2B:LeaderElection102: begin an election at term 22 for -1: [22b67679-0935-426b-83cf-71539ab9923b:192.168.5.171:46775, 9aee5a09-4a58-4c9c-9e60-8a9aa652786c:192.168.5.171:38202, 4d64a175-4b4e-44c0-a69c-2b88ef1d7b0a:192.168.5.171:38950], old=null
2019-09-19 10:37:57,364 [22b67679-0935-426b-83cf-71539ab9923b@group-E4721F147E2B:LeaderElection100] INFO  impl.LeaderElection (LeaderElection.java:askForVotes(182)) - 22b67679-0935-426b-83cf-71539ab9923b@group-E4721F147E2B:LeaderElection100: begin an election at term 22 for -1: [22b67679-0935-426b-83cf-71539ab9923b:192.168.5.171:46775, 9aee5a09-4a58-4c9c-9e60-8a9aa652786c:192.168.5.171:38202, 4d64a175-4b4e-44c0-a69c-2b88ef1d7b0a:192.168.5.171:38950], old=null
2019-09-19 10:37:57,378 [9aee5a09-4a58-4c9c-9e60-8a9aa652786c@group-E4721F147E2B:LeaderElection102] INFO  impl.LeaderElection (LeaderElection.java:logAndReturn(56)) - 9aee5a09-4a58-4c9c-9e60-8a9aa652786c@group-E4721F147E2B:LeaderElection102: Election REJECTED; received 2 response(s) [9aee5a09-4a58-4c9c-9e60-8a9aa652786c<-22b67679-0935-426b-83cf-71539ab9923b#0:FAIL-t22, 9aee5a09-4a58-4c9c-9e60-8a9aa652786c<-4d64a175-4b4e-44c0-a69c-2b88ef1d7b0a#0:FAIL-t22] and 0 exception(s); 9aee5a09-4a58-4c9c-9e60-8a9aa652786c@group-E4721F147E2B:t22, leader=null, voted=9aee5a09-4a58-4c9c-9e60-8a9aa652786c, raftlog=9aee5a09-4a58-4c9c-9e60-8a9aa652786c@group-E4721F147E2B-SegmentedRaftLog:OPENED:c-1,f-1,i0, conf=-1: [22b67679-0935-426b-83cf-71539ab9923b:192.168.5.171:46775, 9aee5a09-4a58-4c9c-9e60-8a9aa652786c:192.168.5.171:38202, 4d64a175-4b4e-44c0-a69c-2b88ef1d7b0a:192.168.5.171:38950], old=null
2019-09-19 10:37:57,378 [4d64a175-4b4e-44c0-a69c-2b88ef1d7b0a@group-E4721F147E2B:LeaderElection101] INFO  impl.LeaderElection (LeaderElection.java:logAndReturn(56)) - 4d64a175-4b4e-44c0-a69c-2b88ef1d7b0a@group-E4721F147E2B:LeaderElection101: Election REJECTED; received 2 response(s) [4d64a175-4b4e-44c0-a69c-2b88ef1d7b0a<-22b67679-0935-426b-83cf-71539ab9923b#0:FAIL-t22, 4d64a175-4b4e-44c0-a69c-2b88ef1d7b0a<-9aee5a09-4a58-4c9c-9e60-8a9aa652786c#0:FAIL-t22] and 0 exception(s); 4d64a175-4b4e-44c0-a69c-2b88ef1d7b0a@group-E4721F147E2B:t22, leader=null, voted=4d64a175-4b4e-44c0-a69c-2b88ef1d7b0a, raftlog=4d64a175-4b4e-44c0-a69c-2b88ef1d7b0a@group-E4721F147E2B-SegmentedRaftLog:OPENED:c-1,f-1,i0, conf=-1: [22b67679-0935-426b-83cf-71539ab9923b:192.168.5.171:46775, 9aee5a09-4a58-4c9c-9e60-8a9aa652786c:192.168.5.171:38202, 4d64a175-4b4e-44c0-a69c-2b88ef1d7b0a:192.168.5.171:38950], old=null
2019-09-19 10:37:57,378 [22b67679-0935-426b-83cf-71539ab9923b@group-E4721F147E2B:LeaderElection100] INFO  impl.LeaderElection (LeaderElection.java:logAndReturn(56)) - 22b67679-0935-426b-83cf-71539ab9923b@group-E4721F147E2B:LeaderElection100: Election REJECTED; received 2 response(s) [22b67679-0935-426b-83cf-71539ab9923b<-9aee5a09-4a58-4c9c-9e60-8a9aa652786c#0:FAIL-t22, 22b67679-0935-426b-83cf-71539ab9923b<-4d64a175-4b4e-44c0-a69c-2b88ef1d7b0a#0:FAIL-t22] and 0 exception(s); 22b67679-0935-426b-83cf-71539ab9923b@group-E4721F147E2B:t22, leader=null, voted=22b67679-0935-426b-83cf-71539ab9923b, raftlog=22b67679-0935-426b-83cf-71539ab9923b@group-E4721F147E2B-SegmentedRaftLog:OPENED:c-1,f-1,i0, conf=-1: [22b67679-0935-426b-83cf-71539ab9923b:192.168.5.171:46775, 9aee5a09-4a58-4c9c-9e60-8a9aa652786c:192.168.5.171:38202, 4d64a175-4b4e-44c0-a69c-2b88ef1d7b0a:192.168.5.171:38950], old=null
2019-09-19 10:37:57,378 [9aee5a09-4a58-4c9c-9e60-8a9aa652786c@group-E4721F147E2B:LeaderElection102] INFO  impl.RaftServerImpl (RaftServerImpl.java:setRole(174)) - 9aee5a09-4a58-4c9c-9e60-8a9aa652786c@group-E4721F147E2B: changes role from CANDIDATE to FOLLOWER at term 22 for DISCOVERED_A_NEW_TERM
2019-09-19 10:37:57,378 [4d64a175-4b4e-44c0-a69c-2b88ef1d7b0a@group-E4721F147E2B:LeaderElection101] INFO  impl.RaftServerImpl (RaftServerImpl.java:setRole(174)) - 4d64a175-4b4e-44c0-a69c-2b88ef1d7b0a@group-E4721F147E2B: changes role from CANDIDATE to FOLLOWER at term 22 for DISCOVERED_A_NEW_TERM
2019-09-19 10:37:57,383 [9aee5a09-4a58-4c9c-9e60-8a9aa652786c@group-E4721F147E2B:LeaderElection102] INFO  impl.RoleInfo (RoleInfo.java:shutdownLeaderElection(134)) - 9aee5a09-4a58-4c9c-9e60-8a9aa652786c: shutdown LeaderElection
2019-09-19 10:37:57,381 [22b67679-0935-426b-83cf-71539ab9923b@group-E4721F147E2B:LeaderElection100] INFO  impl.RaftServerImpl (RaftServerImpl.java:setRole(174)) - 22b67679-0935-426b-83cf-71539ab9923b@group-E4721F147E2B: changes role from CANDIDATE to FOLLOWER at term 22 for DISCOVERED_A_NEW_TERM
2019-09-19 10:37:57,385 [9aee5a09-4a58-4c9c-9e60-8a9aa652786c@group-E4721F147E2B:LeaderElection102] INFO  impl.RoleInfo (RoleInfo.java:updateAndGet(143)) - 9aee5a09-4a58-4c9c-9e60-8a9aa652786c: start FollowerState
2019-09-19 10:37:57,385 [4d64a175-4b4e-44c0-a69c-2b88ef1d7b0a@group-E4721F147E2B:LeaderElection101] INFO  impl.RoleInfo (RoleInfo.java:shutdownLeaderElection(134)) - 4d64a175-4b4e-44c0-a69c-2b88ef1d7b0a: shutdown LeaderElection
2019-09-19 10:37:57,385 [22b67679-0935-426b-83cf-71539ab9923b@group-E4721F147E2B:LeaderElection100] INFO  impl.RoleInfo (RoleInfo.java:shutdownLeaderElection(134)) - 22b67679-0935-426b-83cf-71539ab9923b: shutdown LeaderElection
2019-09-19 10:37:57,385 [4d64a175-4b4e-44c0-a69c-2b88ef1d7b0a@group-E4721F147E2B:LeaderElection101] INFO  impl.RoleInfo (RoleInfo.java:updateAndGet(143)) - 4d64a175-4b4e-44c0-a69c-2b88ef1d7b0a: start FollowerState
2019-09-19 10:37:57,385 [22b67679-0935-426b-83cf-71539ab9923b@group-E4721F147E2B:LeaderElection100] INFO  impl.RoleInfo (RoleInfo.java:updateAndGet(143)) - 22b67679-0935-426b-83cf-71539ab9923b: start FollowerState
2019-09-19 10:38:02,408 [Thread-3037] INFO  impl.FollowerState (FollowerState.java:run(106)) - 9aee5a09-4a58-4c9c-9e60-8a9aa652786c:group-E4721F147E2B changes to CANDIDATE, lastRpcTime:5022, electionTimeout:5022ms
2019-09-19 10:38:02,409 [Thread-3037] INFO  impl.RoleInfo (RoleInfo.java:shutdownFollowerState(121)) - 9aee5a09-4a58-4c9c-9e60-8a9aa652786c: shutdown FollowerState
2019-09-19 10:38:02,409 [Thread-3037] INFO  impl.RaftServerImpl (RaftServerImpl.java:setRole(174)) - 9aee5a09-4a58-4c9c-9e60-8a9aa652786c@group-E4721F147E2B: changes role from  FOLLOWER to CANDIDATE at term 22 for changeToCandidate
2019-09-19 10:38:02,410 [Thread-3037] ERROR ratis.XceiverServerRatis (XceiverServerRatis.java:triggerPipelineClose(575)) - pipeline Action CLOSE  on pipeline PipelineID=6fd363cf-5c28-420a-9a5d-e4721f147e2b.Reason : 9aee5a09-4a58-4c9c-9e60-8a9aa652786c is in candidate state for 154175ms
2019-09-19 10:38:02,410 [Thread-3037] INFO  impl.RoleInfo (RoleInfo.java:updateAndGet(143)) - 9aee5a09-4a58-4c9c-9e60-8a9aa652786c: start LeaderElection
2019-09-19 10:38:02,453 [Thread-3038] INFO  impl.FollowerState (FollowerState.java:run(106)) - 4d64a175-4b4e-44c0-a69c-2b88ef1d7b0a:group-E4721F147E2B changes to CANDIDATE, lastRpcTime:5067, electionTimeout:5067ms
2019-09-19 10:38:02,454 [Thread-3038] INFO  impl.RoleInfo (RoleInfo.java:shutdownFollowerState(121)) - 4d64a175-4b4e-44c0-a69c-2b88ef1d7b0a: shutdown FollowerState
2019-09-19 10:38:02,454 [Thread-3038] INFO  impl.RaftServerImpl (RaftServerImpl.java:setRole(174)) - 4d64a175-4b4e-44c0-a69c-2b88ef1d7b0a@group-E4721F147E2B: changes role from  FOLLOWER to CANDIDATE at term 22 for changeToCandidate
2019-09-19 10:38:02,455 [Thread-3038] ERROR ratis.XceiverServerRatis (XceiverServerRatis.java:triggerPipelineClose(575)) - pipeline Action CLOSE  on pipeline PipelineID=6fd363cf-5c28-420a-9a5d-e4721f147e2b.Reason : 4d64a175-4b4e-44c0-a69c-2b88ef1d7b0a is in candidate state for 154220ms
2019-09-19 10:38:02,455 [Thread-3038] INFO  impl.RoleInfo (RoleInfo.java:updateAndGet(143)) - 4d64a175-4b4e-44c0-a69c-2b88ef1d7b0a: start LeaderElection
2019-09-19 10:38:02,513 [Thread-3039] INFO  impl.FollowerState (FollowerState.java:run(106)) - 22b67679-0935-426b-83cf-71539ab9923b:group-E4721F147E2B changes to CANDIDATE, lastRpcTime:5127, electionTimeout:5127ms
2019-09-19 10:38:02,513 [Thread-3039] INFO  impl.RoleInfo (RoleInfo.java:shutdownFollowerState(121)) - 22b67679-0935-426b-83cf-71539ab9923b: shutdown FollowerState
2019-09-19 10:38:02,513 [Thread-3039] INFO  impl.RaftServerImpl (RaftServerImpl.java:setRole(174)) - 22b67679-0935-426b-83cf-71539ab9923b@group-E4721F147E2B: changes role from  FOLLOWER to CANDIDATE at term 22 for changeToCandidate
2019-09-19 10:38:02,514 [Thread-3039] ERROR ratis.XceiverServerRatis (XceiverServerRatis.java:triggerPipelineClose(575)) - pipeline Action CLOSE  on pipeline PipelineID=6fd363cf-5c28-420a-9a5d-e4721f147e2b.Reason : 22b67679-0935-426b-83cf-71539ab9923b is in candidate state for 154279ms
2019-09-19 10:38:02,514 [Thread-3039] INFO  impl.RoleInfo (RoleInfo.java:updateAndGet(143)) - 22b67679-0935-426b-83cf-71539ab9923b: start LeaderElection
2019-09-19 10:38:02,843 [EventQueue-PipelineActionsForPipelineActionHandler] ERROR pipeline.PipelineActionHandler (PipelineActionHandler.java:onMessage(60)) - Received pipeline action CLOSE for Pipeline[ Id: 6fd363cf-5c28-420a-9a5d-e4721f147e2b, Nodes: 9aee5a09-4a58-4c9c-9e60-8a9aa652786c{ip: 192.168.5.171, host: pr-hdds-1054-s6xkv-2432930293, networkLocation: /default-rack, certSerialId: null}4d64a175-4b4e-44c0-a69c-2b88ef1d7b0a{ip: 192.168.5.171, host: pr-hdds-1054-s6xkv-2432930293, networkLocation: /default-rack, certSerialId: null}22b67679-0935-426b-83cf-71539ab9923b{ip: 192.168.5.171, host: pr-hdds-1054-s6xkv-2432930293, networkLocation: /default-rack, certSerialId: null}, Type:RATIS, Factor:THREE, State:CLOSED] from datanode 4d64a175-4b4e-44c0-a69c-2b88ef1d7b0a{ip: 192.168.5.171, host: pr-hdds-1054-s6xkv-2432930293, networkLocation: /default-rack, certSerialId: null}. Reason : 4d64a175-4b4e-44c0-a69c-2b88ef1d7b0a is in candidate state for 154220ms
2019-09-19 10:38:02,844 [EventQueue-PipelineActionsForPipelineActionHandler] INFO  pipeline.SCMPipelineManager (SCMPipelineManager.java:finalizeAndDestroyPipeline(311)) - destroying pipeline:Pipeline[ Id: 6fd363cf-5c28-420a-9a5d-e4721f147e2b, Nodes: 9aee5a09-4a58-4c9c-9e60-8a9aa652786c{ip: 192.168.5.171, host: pr-hdds-1054-s6xkv-2432930293, networkLocation: /default-rack, certSerialId: null}4d64a175-4b4e-44c0-a69c-2b88ef1d7b0a{ip: 192.168.5.171, host: pr-hdds-1054-s6xkv-2432930293, networkLocation: /default-rack, certSerialId: null}22b67679-0935-426b-83cf-71539ab9923b{ip: 192.168.5.171, host: pr-hdds-1054-s6xkv-2432930293, networkLocation: /default-rack, certSerialId: null}, Type:RATIS, Factor:THREE, State:CLOSED]
2019-09-19 10:38:02,844 [EventQueue-PipelineActionsForPipelineActionHandler] ERROR pipeline.PipelineActionHandler (PipelineActionHandler.java:onMessage(60)) - Received pipeline action CLOSE for Pipeline[ Id: 6fd363cf-5c28-420a-9a5d-e4721f147e2b, Nodes: 9aee5a09-4a58-4c9c-9e60-8a9aa652786c{ip: 192.168.5.171, host: pr-hdds-1054-s6xkv-2432930293, networkLocation: /default-rack, certSerialId: null}4d64a175-4b4e-44c0-a69c-2b88ef1d7b0a{ip: 192.168.5.171, host: pr-hdds-1054-s6xkv-2432930293, networkLocation: /default-rack, certSerialId: null}22b67679-0935-426b-83cf-71539ab9923b{ip: 192.168.5.171, host: pr-hdds-1054-s6xkv-2432930293, networkLocation: /default-rack, certSerialId: null}, Type:RATIS, Factor:THREE, State:CLOSED] from datanode 22b67679-0935-426b-83cf-71539ab9923b{ip: 192.168.5.171, host: pr-hdds-1054-s6xkv-2432930293, networkLocation: /default-rack, certSerialId: null}. Reason : 22b67679-0935-426b-83cf-71539ab9923b is in candidate state for 154279ms
2019-09-19 10:38:02,844 [EventQueue-PipelineActionsForPipelineActionHandler] INFO  pipeline.SCMPipelineManager (SCMPipelineManager.java:finalizeAndDestroyPipeline(311)) - destroying pipeline:Pipeline[ Id: 6fd363cf-5c28-420a-9a5d-e4721f147e2b, Nodes: 9aee5a09-4a58-4c9c-9e60-8a9aa652786c{ip: 192.168.5.171, host: pr-hdds-1054-s6xkv-2432930293, networkLocation: /default-rack, certSerialId: null}4d64a175-4b4e-44c0-a69c-2b88ef1d7b0a{ip: 192.168.5.171, host: pr-hdds-1054-s6xkv-2432930293, networkLocation: /default-rack, certSerialId: null}22b67679-0935-426b-83cf-71539ab9923b{ip: 192.168.5.171, host: pr-hdds-1054-s6xkv-2432930293, networkLocation: /default-rack, certSerialId: null}, Type:RATIS, Factor:THREE, State:CLOSED]
2019-09-19 10:38:03,292 [EventQueue-PipelineActionsForPipelineActionHandler] ERROR pipeline.PipelineActionHandler (PipelineActionHandler.java:onMessage(60)) - Received pipeline action CLOSE for Pipeline[ Id: 6fd363cf-5c28-420a-9a5d-e4721f147e2b, Nodes: 9aee5a09-4a58-4c9c-9e60-8a9aa652786c{ip: 192.168.5.171, host: pr-hdds-1054-s6xkv-2432930293, networkLocation: /default-rack, certSerialId: null}4d64a175-4b4e-44c0-a69c-2b88ef1d7b0a{ip: 192.168.5.171, host: pr-hdds-1054-s6xkv-2432930293, networkLocation: /default-rack, certSerialId: null}22b67679-0935-426b-83cf-71539ab9923b{ip: 192.168.5.171, host: pr-hdds-1054-s6xkv-2432930293, networkLocation: /default-rack, certSerialId: null}, Type:RATIS, Factor:THREE, State:CLOSED] from datanode 9aee5a09-4a58-4c9c-9e60-8a9aa652786c{ip: 192.168.5.171, host: pr-hdds-1054-s6xkv-2432930293, networkLocation: /default-rack, certSerialId: null}. Reason : 9aee5a09-4a58-4c9c-9e60-8a9aa652786c is in candidate state for 154175ms
2019-09-19 10:38:03,293 [EventQueue-PipelineActionsForPipelineActionHandler] INFO  pipeline.SCMPipelineManager (SCMPipelineManager.java:finalizeAndDestroyPipeline(311)) - destroying pipeline:Pipeline[ Id: 6fd363cf-5c28-420a-9a5d-e4721f147e2b, Nodes: 9aee5a09-4a58-4c9c-9e60-8a9aa652786c{ip: 192.168.5.171, host: pr-hdds-1054-s6xkv-2432930293, networkLocation: /default-rack, certSerialId: null}4d64a175-4b4e-44c0-a69c-2b88ef1d7b0a{ip: 192.168.5.171, host: pr-hdds-1054-s6xkv-2432930293, networkLocation: /default-rack, certSerialId: null}22b67679-0935-426b-83cf-71539ab9923b{ip: 192.168.5.171, host: pr-hdds-1054-s6xkv-2432930293, networkLocation: /default-rack, certSerialId: null}, Type:RATIS, Factor:THREE, State:CLOSED]
2019-09-19 10:38:04,068 [4d64a175-4b4e-44c0-a69c-2b88ef1d7b0a@group-E4721F147E2B:LeaderElection104] INFO  impl.LeaderElection (LeaderElection.java:askForVotes(182)) - 4d64a175-4b4e-44c0-a69c-2b88ef1d7b0a@group-E4721F147E2B:LeaderElection104: begin an election at term 23 for -1: [22b67679-0935-426b-83cf-71539ab9923b:192.168.5.171:46775, 9aee5a09-4a58-4c9c-9e60-8a9aa652786c:192.168.5.171:38202, 4d64a175-4b4e-44c0-a69c-2b88ef1d7b0a:192.168.5.171:38950], old=null
2019-09-19 10:38:04,068 [22b67679-0935-426b-83cf-71539ab9923b@group-E4721F147E2B:LeaderElection105] INFO  impl.LeaderElection (LeaderElection.java:askForVotes(182)) - 22b67679-0935-426b-83cf-71539ab9923b@group-E4721F147E2B:LeaderElection105: begin an election at term 23 for -1: [22b67679-0935-426b-83cf-71539ab9923b:192.168.5.171:46775, 9aee5a09-4a58-4c9c-9e60-8a9aa652786c:192.168.5.171:38202, 4d64a175-4b4e-44c0-a69c-2b88ef1d7b0a:192.168.5.171:38950], old=null
2019-09-19 10:38:04,068 [9aee5a09-4a58-4c9c-9e60-8a9aa652786c@group-E4721F147E2B:LeaderElection103] INFO  impl.LeaderElection (LeaderElection.java:askForVotes(182)) - 9aee5a09-4a58-4c9c-9e60-8a9aa652786c@group-E4721F147E2B:LeaderElection103: begin an election at term 23 for -1: [22b67679-0935-426b-83cf-71539ab9923b:192.168.5.171:46775, 9aee5a09-4a58-4c9c-9e60-8a9aa652786c:192.168.5.171:38202, 4d64a175-4b4e-44c0-a69c-2b88ef1d7b0a:192.168.5.171:38950], old=null
2019-09-19 10:38:04,077 [4d64a175-4b4e-44c0-a69c-2b88ef1d7b0a@group-E4721F147E2B:LeaderElection104] INFO  impl.LeaderElection (LeaderElection.java:logAndReturn(56)) - 4d64a175-4b4e-44c0-a69c-2b88ef1d7b0a@group-E4721F147E2B:LeaderElection104: Election REJECTED; received 2 response(s) [4d64a175-4b4e-44c0-a69c-2b88ef1d7b0a<-22b67679-0935-426b-83cf-71539ab9923b#0:FAIL-t23, 4d64a175-4b4e-44c0-a69c-2b88ef1d7b0a<-9aee5a09-4a58-4c9c-9e60-8a9aa652786c#0:FAIL-t23] and 0 exception(s); 4d64a175-4b4e-44c0-a69c-2b88ef1d7b0a@group-E4721F147E2B:t23, leader=null, voted=4d64a175-4b4e-44c0-a69c-2b88ef1d7b0a, raftlog=4d64a175-4b4e-44c0-a69c-2b88ef1d7b0a@group-E4721F147E2B-SegmentedRaftLog:OPENED:c-1,f-1,i0, conf=-1: [22b67679-0935-426b-83cf-71539ab9923b:192.168.5.171:46775, 9aee5a09-4a58-4c9c-9e60-8a9aa652786c:192.168.5.171:38202, 4d64a175-4b4e-44c0-a69c-2b88ef1d7b0a:192.168.5.171:38950], old=null
2019-09-19 10:38:04,077 [9aee5a09-4a58-4c9c-9e60-8a9aa652786c@group-E4721F147E2B:LeaderElection103] INFO  impl.LeaderElection (LeaderElection.java:logAndReturn(56)) - 9aee5a09-4a58-4c9c-9e60-8a9aa652786c@group-E4721F147E2B:LeaderElection103: Election REJECTED; received 2 response(s) [9aee5a09-4a58-4c9c-9e60-8a9aa652786c<-22b67679-0935-426b-83cf-71539ab9923b#0:FAIL-t23, 9aee5a09-4a58-4c9c-9e60-8a9aa652786c<-4d64a175-4b4e-44c0-a69c-2b88ef1d7b0a#0:FAIL-t23] and 0 exception(s); 9aee5a09-4a58-4c9c-9e60-8a9aa652786c@group-E4721F147E2B:t23, leader=null, voted=9aee5a09-4a58-4c9c-9e60-8a9aa652786c, raftlog=9aee5a09-4a58-4c9c-9e60-8a9aa652786c@group-E4721F147E2B-SegmentedRaftLog:OPENED:c-1,f-1,i0, conf=-1: [22b67679-0935-426b-83cf-71539ab9923b:192.168.5.171:46775, 9aee5a09-4a58-4c9c-9e60-8a9aa652786c:192.168.5.171:38202, 4d64a175-4b4e-44c0-a69c-2b88ef1d7b0a:192.168.5.171:38950], old=null
2019-09-19 10:38:04,077 [22b67679-0935-426b-83cf-71539ab9923b@group-E4721F147E2B:LeaderElection105] INFO  impl.LeaderElection (LeaderElection.java:logAndReturn(56)) - 22b67679-0935-426b-83cf-71539ab9923b@group-E4721F147E2B:LeaderElection105: Election REJECTED; received 2 response(s) [22b67679-0935-426b-83cf-71539ab9923b<-9aee5a09-4a58-4c9c-9e60-8a9aa652786c#0:FAIL-t23, 22b67679-0935-426b-83cf-71539ab9923b<-4d64a175-4b4e-44c0-a69c-2b88ef1d7b0a#0:FAIL-t23] and 0 exception(s); 22b67679-0935-426b-83cf-71539ab9923b@group-E4721F147E2B:t23, leader=null, voted=22b67679-0935-426b-83cf-71539ab9923b, raftlog=22b67679-0935-426b-83cf-71539ab9923b@group-E4721F147E2B-SegmentedRaftLog:OPENED:c-1,f-1,i0, conf=-1: [22b67679-0935-426b-83cf-71539ab9923b:192.168.5.171:46775, 9aee5a09-4a58-4c9c-9e60-8a9aa652786c:192.168.5.171:38202, 4d64a175-4b4e-44c0-a69c-2b88ef1d7b0a:192.168.5.171:38950], old=null
2019-09-19 10:38:04,077 [9aee5a09-4a58-4c9c-9e60-8a9aa652786c@group-E4721F147E2B:LeaderElection103] INFO  impl.RaftServerImpl (RaftServerImpl.java:setRole(174)) - 9aee5a09-4a58-4c9c-9e60-8a9aa652786c@group-E4721F147E2B: changes role from CANDIDATE to FOLLOWER at term 23 for DISCOVERED_A_NEW_TERM
2019-09-19 10:38:04,081 [22b67679-0935-426b-83cf-71539ab9923b@group-E4721F147E2B:LeaderElection105] INFO  impl.RaftServerImpl (RaftServerImpl.java:setRole(174)) - 22b67679-0935-426b-83cf-71539ab9923b@group-E4721F147E2B: changes role from CANDIDATE to FOLLOWER at term 23 for DISCOVERED_A_NEW_TERM
2019-09-19 10:38:04,077 [4d64a175-4b4e-44c0-a69c-2b88ef1d7b0a@group-E4721F147E2B:LeaderElection104] INFO  impl.RaftServerImpl (RaftServerImpl.java:setRole(174)) - 4d64a175-4b4e-44c0-a69c-2b88ef1d7b0a@group-E4721F147E2B: changes role from CANDIDATE to FOLLOWER at term 23 for DISCOVERED_A_NEW_TERM
2019-09-19 10:38:04,087 [22b67679-0935-426b-83cf-71539ab9923b@group-E4721F147E2B:LeaderElection105] INFO  impl.RoleInfo (RoleInfo.java:shutdownLeaderElection(134)) - 22b67679-0935-426b-83cf-71539ab9923b: shutdown LeaderElection
2019-09-19 10:38:04,087 [4d64a175-4b4e-44c0-a69c-2b88ef1d7b0a@group-E4721F147E2B:LeaderElection104] INFO  impl.RoleInfo (RoleInfo.java:shutdownLeaderElection(134)) - 4d64a175-4b4e-44c0-a69c-2b88ef1d7b0a: shutdown LeaderElection
2019-09-19 10:38:04,088 [4d64a175-4b4e-44c0-a69c-2b88ef1d7b0a@group-E4721F147E2B:LeaderElection104] INFO  impl.RoleInfo (RoleInfo.java:updateAndGet(143)) - 4d64a175-4b4e-44c0-a69c-2b88ef1d7b0a: start FollowerState
2019-09-19 10:38:04,088 [22b67679-0935-426b-83cf-71539ab9923b@group-E4721F147E2B:LeaderElection105] INFO  impl.RoleInfo (RoleInfo.java:updateAndGet(143)) - 22b67679-0935-426b-83cf-71539ab9923b: start FollowerState
2019-09-19 10:38:04,091 [9aee5a09-4a58-4c9c-9e60-8a9aa652786c@group-E4721F147E2B:LeaderElection103] INFO  impl.RoleInfo (RoleInfo.java:shutdownLeaderElection(134)) - 9aee5a09-4a58-4c9c-9e60-8a9aa652786c: shutdown LeaderElection
2019-09-19 10:38:04,091 [9aee5a09-4a58-4c9c-9e60-8a9aa652786c@group-E4721F147E2B:LeaderElection103] INFO  impl.RoleInfo (RoleInfo.java:updateAndGet(143)) - 9aee5a09-4a58-4c9c-9e60-8a9aa652786c: start FollowerState
2019-09-19 10:38:09,157 [Thread-3063] INFO  impl.FollowerState (FollowerState.java:run(106)) - 9aee5a09-4a58-4c9c-9e60-8a9aa652786c:group-E4721F147E2B changes to CANDIDATE, lastRpcTime:5065, electionTimeout:5065ms
2019-09-19 10:38:09,157 [Thread-3063] INFO  impl.RoleInfo (RoleInfo.java:shutdownFollowerState(121)) - 9aee5a09-4a58-4c9c-9e60-8a9aa652786c: shutdown FollowerState
2019-09-19 10:38:09,158 [Thread-3063] INFO  impl.RaftServerImpl (RaftServerImpl.java:setRole(174)) - 9aee5a09-4a58-4c9c-9e60-8a9aa652786c@group-E4721F147E2B: changes role from  FOLLOWER to CANDIDATE at term 23 for changeToCandidate
2019-09-19 10:38:09,158 [Thread-3063] ERROR ratis.XceiverServerRatis (XceiverServerRatis.java:triggerPipelineClose(575)) - pipeline Action CLOSE  on pipeline PipelineID=6fd363cf-5c28-420a-9a5d-e4721f147e2b.Reason : 9aee5a09-4a58-4c9c-9e60-8a9aa652786c is in candidate state for 160924ms
2019-09-19 10:38:09,159 [Thread-3063] INFO  impl.RoleInfo (RoleInfo.java:updateAndGet(143)) - 9aee5a09-4a58-4c9c-9e60-8a9aa652786c: start LeaderElection
2019-09-19 10:38:09,161 [Thread-3062] INFO  impl.FollowerState (FollowerState.java:run(106)) - 4d64a175-4b4e-44c0-a69c-2b88ef1d7b0a:group-E4721F147E2B changes to CANDIDATE, lastRpcTime:5073, electionTimeout:5071ms
2019-09-19 10:38:09,161 [Thread-3062] INFO  impl.RoleInfo (RoleInfo.java:shutdownFollowerState(121)) - 4d64a175-4b4e-44c0-a69c-2b88ef1d7b0a: shutdown FollowerState
2019-09-19 10:38:09,161 [Thread-3062] INFO  impl.RaftServerImpl (RaftServerImpl.java:setRole(174)) - 4d64a175-4b4e-44c0-a69c-2b88ef1d7b0a@group-E4721F147E2B: changes role from  FOLLOWER to CANDIDATE at term 23 for changeToCandidate
2019-09-19 10:38:09,162 [Thread-3062] ERROR ratis.XceiverServerRatis (XceiverServerRatis.java:triggerPipelineClose(575)) - pipeline Action CLOSE  on pipeline PipelineID=6fd363cf-5c28-420a-9a5d-e4721f147e2b.Reason : 4d64a175-4b4e-44c0-a69c-2b88ef1d7b0a is in candidate state for 160927ms
2019-09-19 10:38:09,162 [Thread-3062] INFO  impl.RoleInfo (RoleInfo.java:updateAndGet(143)) - 4d64a175-4b4e-44c0-a69c-2b88ef1d7b0a: start LeaderElection
2019-09-19 10:38:09,185 [Thread-3061] INFO  impl.FollowerState (FollowerState.java:run(106)) - 22b67679-0935-426b-83cf-71539ab9923b:group-E4721F147E2B changes to CANDIDATE, lastRpcTime:5096, electionTimeout:5096ms
2019-09-19 10:38:09,185 [Thread-3061] INFO  impl.RoleInfo (RoleInfo.java:shutdownFollowerState(121)) - 22b67679-0935-426b-83cf-71539ab9923b: shutdown FollowerState
2019-09-19 10:38:09,185 [Thread-3061] INFO  impl.RaftServerImpl (RaftServerImpl.java:setRole(174)) - 22b67679-0935-426b-83cf-71539ab9923b@group-E4721F147E2B: changes role from  FOLLOWER to CANDIDATE at term 23 for changeToCandidate
2019-09-19 10:38:09,185 [Thread-3061] ERROR ratis.XceiverServerRatis (XceiverServerRatis.java:triggerPipelineClose(575)) - pipeline Action CLOSE  on pipeline PipelineID=6fd363cf-5c28-420a-9a5d-e4721f147e2b.Reason : 22b67679-0935-426b-83cf-71539ab9923b is in candidate state for 160951ms
2019-09-19 10:38:09,185 [Thread-3061] INFO  impl.RoleInfo (RoleInfo.java:updateAndGet(143)) - 22b67679-0935-426b-83cf-71539ab9923b: start LeaderElection
2019-09-19 10:38:09,294 [EventQueue-PipelineActionsForPipelineActionHandler] ERROR pipeline.PipelineActionHandler (PipelineActionHandler.java:onMessage(60)) - Received pipeline action CLOSE for Pipeline[ Id: 6fd363cf-5c28-420a-9a5d-e4721f147e2b, Nodes: 9aee5a09-4a58-4c9c-9e60-8a9aa652786c{ip: 192.168.5.171, host: pr-hdds-1054-s6xkv-2432930293, networkLocation: /default-rack, certSerialId: null}4d64a175-4b4e-44c0-a69c-2b88ef1d7b0a{ip: 192.168.5.171, host: pr-hdds-1054-s6xkv-2432930293, networkLocation: /default-rack, certSerialId: null}22b67679-0935-426b-83cf-71539ab9923b{ip: 192.168.5.171, host: pr-hdds-1054-s6xkv-2432930293, networkLocation: /default-rack, certSerialId: null}, Type:RATIS, Factor:THREE, State:CLOSED] from datanode 9aee5a09-4a58-4c9c-9e60-8a9aa652786c{ip: 192.168.5.171, host: pr-hdds-1054-s6xkv-2432930293, networkLocation: /default-rack, certSerialId: null}. Reason : 9aee5a09-4a58-4c9c-9e60-8a9aa652786c is in candidate state for 160924ms
2019-09-19 10:38:09,294 [EventQueue-PipelineActionsForPipelineActionHandler] INFO  pipeline.SCMPipelineManager (SCMPipelineManager.java:finalizeAndDestroyPipeline(311)) - destroying pipeline:Pipeline[ Id: 6fd363cf-5c28-420a-9a5d-e4721f147e2b, Nodes: 9aee5a09-4a58-4c9c-9e60-8a9aa652786c{ip: 192.168.5.171, host: pr-hdds-1054-s6xkv-2432930293, networkLocation: /default-rack, certSerialId: null}4d64a175-4b4e-44c0-a69c-2b88ef1d7b0a{ip: 192.168.5.171, host: pr-hdds-1054-s6xkv-2432930293, networkLocation: /default-rack, certSerialId: null}22b67679-0935-426b-83cf-71539ab9923b{ip: 192.168.5.171, host: pr-hdds-1054-s6xkv-2432930293, networkLocation: /default-rack, certSerialId: null}, Type:RATIS, Factor:THREE, State:CLOSED]
2019-09-19 10:38:09,844 [EventQueue-PipelineActionsForPipelineActionHandler] ERROR pipeline.PipelineActionHandler (PipelineActionHandler.java:onMessage(60)) - Received pipeline action CLOSE for Pipeline[ Id: 6fd363cf-5c28-420a-9a5d-e4721f147e2b, Nodes: 9aee5a09-4a58-4c9c-9e60-8a9aa652786c{ip: 192.168.5.171, host: pr-hdds-1054-s6xkv-2432930293, networkLocation: /default-rack, certSerialId: null}4d64a175-4b4e-44c0-a69c-2b88ef1d7b0a{ip: 192.168.5.171, host: pr-hdds-1054-s6xkv-2432930293, networkLocation: /default-rack, certSerialId: null}22b67679-0935-426b-83cf-71539ab9923b{ip: 192.168.5.171, host: pr-hdds-1054-s6xkv-2432930293, networkLocation: /default-rack, certSerialId: null}, Type:RATIS, Factor:THREE, State:CLOSED] from datanode 4d64a175-4b4e-44c0-a69c-2b88ef1d7b0a{ip: 192.168.5.171, host: pr-hdds-1054-s6xkv-2432930293, networkLocation: /default-rack, certSerialId: null}. Reason : 4d64a175-4b4e-44c0-a69c-2b88ef1d7b0a is in candidate state for 160927ms
2019-09-19 10:38:09,844 [EventQueue-PipelineActionsForPipelineActionHandler] INFO  pipeline.SCMPipelineManager (SCMPipelineManager.java:finalizeAndDestroyPipeline(311)) - destroying pipeline:Pipeline[ Id: 6fd363cf-5c28-420a-9a5d-e4721f147e2b, Nodes: 9aee5a09-4a58-4c9c-9e60-8a9aa652786c{ip: 192.168.5.171, host: pr-hdds-1054-s6xkv-2432930293, networkLocation: /default-rack, certSerialId: null}4d64a175-4b4e-44c0-a69c-2b88ef1d7b0a{ip: 192.168.5.171, host: pr-hdds-1054-s6xkv-2432930293, networkLocation: /default-rack, certSerialId: null}22b67679-0935-426b-83cf-71539ab9923b{ip: 192.168.5.171, host: pr-hdds-1054-s6xkv-2432930293, networkLocation: /default-rack, certSerialId: null}, Type:RATIS, Factor:THREE, State:CLOSED]
2019-09-19 10:38:09,844 [EventQueue-PipelineActionsForPipelineActionHandler] ERROR pipeline.PipelineActionHandler (PipelineActionHandler.java:onMessage(60)) - Received pipeline action CLOSE for Pipeline[ Id: 6fd363cf-5c28-420a-9a5d-e4721f147e2b, Nodes: 9aee5a09-4a58-4c9c-9e60-8a9aa652786c{ip: 192.168.5.171, host: pr-hdds-1054-s6xkv-2432930293, networkLocation: /default-rack, certSerialId: null}4d64a175-4b4e-44c0-a69c-2b88ef1d7b0a{ip: 192.168.5.171, host: pr-hdds-1054-s6xkv-2432930293, networkLocation: /default-rack, certSerialId: null}22b67679-0935-426b-83cf-71539ab9923b{ip: 192.168.5.171, host: pr-hdds-1054-s6xkv-2432930293, networkLocation: /default-rack, certSerialId: null}, Type:RATIS, Factor:THREE, State:CLOSED] from datanode 22b67679-0935-426b-83cf-71539ab9923b{ip: 192.168.5.171, host: pr-hdds-1054-s6xkv-2432930293, networkLocation: /default-rack, certSerialId: null}. Reason : 22b67679-0935-426b-83cf-71539ab9923b is in candidate state for 160951ms
2019-09-19 10:38:09,845 [EventQueue-PipelineActionsForPipelineActionHandler] INFO  pipeline.SCMPipelineManager (SCMPipelineManager.java:finalizeAndDestroyPipeline(311)) - destroying pipeline:Pipeline[ Id: 6fd363cf-5c28-420a-9a5d-e4721f147e2b, Nodes: 9aee5a09-4a58-4c9c-9e60-8a9aa652786c{ip: 192.168.5.171, host: pr-hdds-1054-s6xkv-2432930293, networkLocation: /default-rack, certSerialId: null}4d64a175-4b4e-44c0-a69c-2b88ef1d7b0a{ip: 192.168.5.171, host: pr-hdds-1054-s6xkv-2432930293, networkLocation: /default-rack, certSerialId: null}22b67679-0935-426b-83cf-71539ab9923b{ip: 192.168.5.171, host: pr-hdds-1054-s6xkv-2432930293, networkLocation: /default-rack, certSerialId: null}, Type:RATIS, Factor:THREE, State:CLOSED]
2019-09-19 10:38:12,332 [9aee5a09-4a58-4c9c-9e60-8a9aa652786c@group-E4721F147E2B:LeaderElection106] INFO  impl.LeaderElection (LeaderElection.java:askForVotes(182)) - 9aee5a09-4a58-4c9c-9e60-8a9aa652786c@group-E4721F147E2B:LeaderElection106: begin an election at term 24 for -1: [22b67679-0935-426b-83cf-71539ab9923b:192.168.5.171:46775, 9aee5a09-4a58-4c9c-9e60-8a9aa652786c:192.168.5.171:38202, 4d64a175-4b4e-44c0-a69c-2b88ef1d7b0a:192.168.5.171:38950], old=null
2019-09-19 10:38:12,332 [22b67679-0935-426b-83cf-71539ab9923b@group-E4721F147E2B:LeaderElection108] INFO  impl.LeaderElection (LeaderElection.java:askForVotes(182)) - 22b67679-0935-426b-83cf-71539ab9923b@group-E4721F147E2B:LeaderElection108: begin an election at term 24 for -1: [22b67679-0935-426b-83cf-71539ab9923b:192.168.5.171:46775, 9aee5a09-4a58-4c9c-9e60-8a9aa652786c:192.168.5.171:38202, 4d64a175-4b4e-44c0-a69c-2b88ef1d7b0a:192.168.5.171:38950], old=null
2019-09-19 10:38:12,332 [4d64a175-4b4e-44c0-a69c-2b88ef1d7b0a@group-E4721F147E2B:LeaderElection107] INFO  impl.LeaderElection (LeaderElection.java:askForVotes(182)) - 4d64a175-4b4e-44c0-a69c-2b88ef1d7b0a@group-E4721F147E2B:LeaderElection107: begin an election at term 24 for -1: [22b67679-0935-426b-83cf-71539ab9923b:192.168.5.171:46775, 9aee5a09-4a58-4c9c-9e60-8a9aa652786c:192.168.5.171:38202, 4d64a175-4b4e-44c0-a69c-2b88ef1d7b0a:192.168.5.171:38950], old=null
2019-09-19 10:38:12,339 [9aee5a09-4a58-4c9c-9e60-8a9aa652786c@group-E4721F147E2B:LeaderElection106] INFO  impl.LeaderElection (LeaderElection.java:logAndReturn(56)) - 9aee5a09-4a58-4c9c-9e60-8a9aa652786c@group-E4721F147E2B:LeaderElection106: Election REJECTED; received 2 response(s) [9aee5a09-4a58-4c9c-9e60-8a9aa652786c<-22b67679-0935-426b-83cf-71539ab9923b#0:FAIL-t24, 9aee5a09-4a58-4c9c-9e60-8a9aa652786c<-4d64a175-4b4e-44c0-a69c-2b88ef1d7b0a#0:FAIL-t24] and 0 exception(s); 9aee5a09-4a58-4c9c-9e60-8a9aa652786c@group-E4721F147E2B:t24, leader=null, voted=9aee5a09-4a58-4c9c-9e60-8a9aa652786c, raftlog=9aee5a09-4a58-4c9c-9e60-8a9aa652786c@group-E4721F147E2B-SegmentedRaftLog:OPENED:c-1,f-1,i0, conf=-1: [22b67679-0935-426b-83cf-71539ab9923b:192.168.5.171:46775, 9aee5a09-4a58-4c9c-9e60-8a9aa652786c:192.168.5.171:38202, 4d64a175-4b4e-44c0-a69c-2b88ef1d7b0a:192.168.5.171:38950], old=null
2019-09-19 10:38:12,339 [22b67679-0935-426b-83cf-71539ab9923b@group-E4721F147E2B:LeaderElection108] INFO  impl.LeaderElection (LeaderElection.java:logAndReturn(56)) - 22b67679-0935-426b-83cf-71539ab9923b@group-E4721F147E2B:LeaderElection108: Election REJECTED; received 2 response(s) [22b67679-0935-426b-83cf-71539ab9923b<-9aee5a09-4a58-4c9c-9e60-8a9aa652786c#0:FAIL-t24, 22b67679-0935-426b-83cf-71539ab9923b<-4d64a175-4b4e-44c0-a69c-2b88ef1d7b0a#0:FAIL-t24] and 0 exception(s); 22b67679-0935-426b-83cf-71539ab9923b@group-E4721F147E2B:t24, leader=null, voted=22b67679-0935-426b-83cf-71539ab9923b, raftlog=22b67679-0935-426b-83cf-71539ab9923b@group-E4721F147E2B-SegmentedRaftLog:OPENED:c-1,f-1,i0, conf=-1: [22b67679-0935-426b-83cf-71539ab9923b:192.168.5.171:46775, 9aee5a09-4a58-4c9c-9e60-8a9aa652786c:192.168.5.171:38202, 4d64a175-4b4e-44c0-a69c-2b88ef1d7b0a:192.168.5.171:38950], old=null
2019-09-19 10:38:12,339 [9aee5a09-4a58-4c9c-9e60-8a9aa652786c@group-E4721F147E2B:LeaderElection106] INFO  impl.RaftServerImpl (RaftServerImpl.java:setRole(174)) - 9aee5a09-4a58-4c9c-9e60-8a9aa652786c@group-E4721F147E2B: changes role from CANDIDATE to FOLLOWER at term 24 for DISCOVERED_A_NEW_TERM
2019-09-19 10:38:12,339 [4d64a175-4b4e-44c0-a69c-2b88ef1d7b0a@group-E4721F147E2B:LeaderElection107] INFO  impl.LeaderElection (LeaderElection.java:logAndReturn(56)) - 4d64a175-4b4e-44c0-a69c-2b88ef1d7b0a@group-E4721F147E2B:LeaderElection107: Election REJECTED; received 2 response(s) [4d64a175-4b4e-44c0-a69c-2b88ef1d7b0a<-22b67679-0935-426b-83cf-71539ab9923b#0:FAIL-t24, 4d64a175-4b4e-44c0-a69c-2b88ef1d7b0a<-9aee5a09-4a58-4c9c-9e60-8a9aa652786c#0:FAIL-t24] and 0 exception(s); 4d64a175-4b4e-44c0-a69c-2b88ef1d7b0a@group-E4721F147E2B:t24, leader=null, voted=4d64a175-4b4e-44c0-a69c-2b88ef1d7b0a, raftlog=4d64a175-4b4e-44c0-a69c-2b88ef1d7b0a@group-E4721F147E2B-SegmentedRaftLog:OPENED:c-1,f-1,i0, conf=-1: [22b67679-0935-426b-83cf-71539ab9923b:192.168.5.171:46775, 9aee5a09-4a58-4c9c-9e60-8a9aa652786c:192.168.5.171:38202, 4d64a175-4b4e-44c0-a69c-2b88ef1d7b0a:192.168.5.171:38950], old=null
2019-09-19 10:38:12,340 [9aee5a09-4a58-4c9c-9e60-8a9aa652786c@group-E4721F147E2B:LeaderElection106] INFO  impl.RoleInfo (RoleInfo.java:shutdownLeaderElection(134)) - 9aee5a09-4a58-4c9c-9e60-8a9aa652786c: shutdown LeaderElection
2019-09-19 10:38:12,340 [22b67679-0935-426b-83cf-71539ab9923b@group-E4721F147E2B:LeaderElection108] INFO  impl.RaftServerImpl (RaftServerImpl.java:setRole(174)) - 22b67679-0935-426b-83cf-71539ab9923b@group-E4721F147E2B: changes role from CANDIDATE to FOLLOWER at term 24 for DISCOVERED_A_NEW_TERM
2019-09-19 10:38:12,340 [9aee5a09-4a58-4c9c-9e60-8a9aa652786c@group-E4721F147E2B:LeaderElection106] INFO  impl.RoleInfo (RoleInfo.java:updateAndGet(143)) - 9aee5a09-4a58-4c9c-9e60-8a9aa652786c: start FollowerState
2019-09-19 10:38:12,340 [4d64a175-4b4e-44c0-a69c-2b88ef1d7b0a@group-E4721F147E2B:LeaderElection107] INFO  impl.RaftServerImpl (RaftServerImpl.java:setRole(174)) - 4d64a175-4b4e-44c0-a69c-2b88ef1d7b0a@group-E4721F147E2B: changes role from CANDIDATE to FOLLOWER at term 24 for DISCOVERED_A_NEW_TERM
2019-09-19 10:38:12,341 [22b67679-0935-426b-83cf-71539ab9923b@group-E4721F147E2B:LeaderElection108] INFO  impl.RoleInfo (RoleInfo.java:shutdownLeaderElection(134)) - 22b67679-0935-426b-83cf-71539ab9923b: shutdown LeaderElection
2019-09-19 10:38:12,341 [4d64a175-4b4e-44c0-a69c-2b88ef1d7b0a@group-E4721F147E2B:LeaderElection107] INFO  impl.RoleInfo (RoleInfo.java:shutdownLeaderElection(134)) - 4d64a175-4b4e-44c0-a69c-2b88ef1d7b0a: shutdown LeaderElection
2019-09-19 10:38:12,341 [22b67679-0935-426b-83cf-71539ab9923b@group-E4721F147E2B:LeaderElection108] INFO  impl.RoleInfo (RoleInfo.java:updateAndGet(143)) - 22b67679-0935-426b-83cf-71539ab9923b: start FollowerState
2019-09-19 10:38:12,341 [4d64a175-4b4e-44c0-a69c-2b88ef1d7b0a@group-E4721F147E2B:LeaderElection107] INFO  impl.RoleInfo (RoleInfo.java:updateAndGet(143)) - 4d64a175-4b4e-44c0-a69c-2b88ef1d7b0a: start FollowerState
2019-09-19 10:38:17,380 [Thread-3090] INFO  impl.FollowerState (FollowerState.java:run(106)) - 22b67679-0935-426b-83cf-71539ab9923b:group-E4721F147E2B changes to CANDIDATE, lastRpcTime:5038, electionTimeout:5038ms
2019-09-19 10:38:17,381 [Thread-3090] INFO  impl.RoleInfo (RoleInfo.java:shutdownFollowerState(121)) - 22b67679-0935-426b-83cf-71539ab9923b: shutdown FollowerState
2019-09-19 10:38:17,381 [Thread-3090] INFO  impl.RaftServerImpl (RaftServerImpl.java:setRole(174)) - 22b67679-0935-426b-83cf-71539ab9923b@group-E4721F147E2B: changes role from  FOLLOWER to CANDIDATE at term 24 for changeToCandidate
2019-09-19 10:38:17,381 [Thread-3090] ERROR ratis.XceiverServerRatis (XceiverServerRatis.java:triggerPipelineClose(575)) - pipeline Action CLOSE  on pipeline PipelineID=6fd363cf-5c28-420a-9a5d-e4721f147e2b.Reason : 22b67679-0935-426b-83cf-71539ab9923b is in candidate state for 169147ms
2019-09-19 10:38:17,382 [Thread-3090] INFO  impl.RoleInfo (RoleInfo.java:updateAndGet(143)) - 22b67679-0935-426b-83cf-71539ab9923b: start LeaderElection
2019-09-19 10:38:17,500 [Thread-3091] INFO  impl.FollowerState (FollowerState.java:run(106)) - 4d64a175-4b4e-44c0-a69c-2b88ef1d7b0a:group-E4721F147E2B changes to CANDIDATE, lastRpcTime:5158, electionTimeout:5158ms
2019-09-19 10:38:17,500 [Thread-3091] INFO  impl.RoleInfo (RoleInfo.java:shutdownFollowerState(121)) - 4d64a175-4b4e-44c0-a69c-2b88ef1d7b0a: shutdown FollowerState
2019-09-19 10:38:17,500 [Thread-3091] INFO  impl.RaftServerImpl (RaftServerImpl.java:setRole(174)) - 4d64a175-4b4e-44c0-a69c-2b88ef1d7b0a@group-E4721F147E2B: changes role from  FOLLOWER to CANDIDATE at term 24 for changeToCandidate
2019-09-19 10:38:17,501 [Thread-3091] ERROR ratis.XceiverServerRatis (XceiverServerRatis.java:triggerPipelineClose(575)) - pipeline Action CLOSE  on pipeline PipelineID=6fd363cf-5c28-420a-9a5d-e4721f147e2b.Reason : 4d64a175-4b4e-44c0-a69c-2b88ef1d7b0a is in candidate state for 169266ms
2019-09-19 10:38:17,501 [Thread-3091] INFO  impl.RoleInfo (RoleInfo.java:updateAndGet(143)) - 4d64a175-4b4e-44c0-a69c-2b88ef1d7b0a: start LeaderElection
2019-09-19 10:38:17,515 [Thread-3089] INFO  impl.FollowerState (FollowerState.java:run(106)) - 9aee5a09-4a58-4c9c-9e60-8a9aa652786c:group-E4721F147E2B changes to CANDIDATE, lastRpcTime:5174, electionTimeout:5174ms
2019-09-19 10:38:17,515 [Thread-3089] INFO  impl.RoleInfo (RoleInfo.java:shutdownFollowerState(121)) - 9aee5a09-4a58-4c9c-9e60-8a9aa652786c: shutdown FollowerState
2019-09-19 10:38:17,515 [Thread-3089] INFO  impl.RaftServerImpl (RaftServerImpl.java:setRole(174)) - 9aee5a09-4a58-4c9c-9e60-8a9aa652786c@group-E4721F147E2B: changes role from  FOLLOWER to CANDIDATE at term 24 for changeToCandidate
2019-09-19 10:38:17,515 [Thread-3089] ERROR ratis.XceiverServerRatis (XceiverServerRatis.java:triggerPipelineClose(575)) - pipeline Action CLOSE  on pipeline PipelineID=6fd363cf-5c28-420a-9a5d-e4721f147e2b.Reason : 9aee5a09-4a58-4c9c-9e60-8a9aa652786c is in candidate state for 169281ms
2019-09-19 10:38:17,516 [Thread-3089] INFO  impl.RoleInfo (RoleInfo.java:updateAndGet(143)) - 9aee5a09-4a58-4c9c-9e60-8a9aa652786c: start LeaderElection
2019-09-19 10:38:17,845 [EventQueue-PipelineActionsForPipelineActionHandler] ERROR pipeline.PipelineActionHandler (PipelineActionHandler.java:onMessage(60)) - Received pipeline action CLOSE for Pipeline[ Id: 6fd363cf-5c28-420a-9a5d-e4721f147e2b, Nodes: 9aee5a09-4a58-4c9c-9e60-8a9aa652786c{ip: 192.168.5.171, host: pr-hdds-1054-s6xkv-2432930293, networkLocation: /default-rack, certSerialId: null}4d64a175-4b4e-44c0-a69c-2b88ef1d7b0a{ip: 192.168.5.171, host: pr-hdds-1054-s6xkv-2432930293, networkLocation: /default-rack, certSerialId: null}22b67679-0935-426b-83cf-71539ab9923b{ip: 192.168.5.171, host: pr-hdds-1054-s6xkv-2432930293, networkLocation: /default-rack, certSerialId: null}, Type:RATIS, Factor:THREE, State:CLOSED] from datanode 22b67679-0935-426b-83cf-71539ab9923b{ip: 192.168.5.171, host: pr-hdds-1054-s6xkv-2432930293, networkLocation: /default-rack, certSerialId: null}. Reason : 22b67679-0935-426b-83cf-71539ab9923b is in candidate state for 169147ms
2019-09-19 10:38:17,846 [EventQueue-PipelineActionsForPipelineActionHandler] INFO  pipeline.SCMPipelineManager (SCMPipelineManager.java:finalizeAndDestroyPipeline(311)) - destroying pipeline:Pipeline[ Id: 6fd363cf-5c28-420a-9a5d-e4721f147e2b, Nodes: 9aee5a09-4a58-4c9c-9e60-8a9aa652786c{ip: 192.168.5.171, host: pr-hdds-1054-s6xkv-2432930293, networkLocation: /default-rack, certSerialId: null}4d64a175-4b4e-44c0-a69c-2b88ef1d7b0a{ip: 192.168.5.171, host: pr-hdds-1054-s6xkv-2432930293, networkLocation: /default-rack, certSerialId: null}22b67679-0935-426b-83cf-71539ab9923b{ip: 192.168.5.171, host: pr-hdds-1054-s6xkv-2432930293, networkLocation: /default-rack, certSerialId: null}, Type:RATIS, Factor:THREE, State:CLOSED]
2019-09-19 10:38:17,846 [EventQueue-PipelineActionsForPipelineActionHandler] ERROR pipeline.PipelineActionHandler (PipelineActionHandler.java:onMessage(60)) - Received pipeline action CLOSE for Pipeline[ Id: 6fd363cf-5c28-420a-9a5d-e4721f147e2b, Nodes: 9aee5a09-4a58-4c9c-9e60-8a9aa652786c{ip: 192.168.5.171, host: pr-hdds-1054-s6xkv-2432930293, networkLocation: /default-rack, certSerialId: null}4d64a175-4b4e-44c0-a69c-2b88ef1d7b0a{ip: 192.168.5.171, host: pr-hdds-1054-s6xkv-2432930293, networkLocation: /default-rack, certSerialId: null}22b67679-0935-426b-83cf-71539ab9923b{ip: 192.168.5.171, host: pr-hdds-1054-s6xkv-2432930293, networkLocation: /default-rack, certSerialId: null}, Type:RATIS, Factor:THREE, State:CLOSED] from datanode 4d64a175-4b4e-44c0-a69c-2b88ef1d7b0a{ip: 192.168.5.171, host: pr-hdds-1054-s6xkv-2432930293, networkLocation: /default-rack, certSerialId: null}. Reason : 4d64a175-4b4e-44c0-a69c-2b88ef1d7b0a is in candidate state for 169266ms
2019-09-19 10:38:17,846 [EventQueue-PipelineActionsForPipelineActionHandler] INFO  pipeline.SCMPipelineManager (SCMPipelineManager.java:finalizeAndDestroyPipeline(311)) - destroying pipeline:Pipeline[ Id: 6fd363cf-5c28-420a-9a5d-e4721f147e2b, Nodes: 9aee5a09-4a58-4c9c-9e60-8a9aa652786c{ip: 192.168.5.171, host: pr-hdds-1054-s6xkv-2432930293, networkLocation: /default-rack, certSerialId: null}4d64a175-4b4e-44c0-a69c-2b88ef1d7b0a{ip: 192.168.5.171, host: pr-hdds-1054-s6xkv-2432930293, networkLocation: /default-rack, certSerialId: null}22b67679-0935-426b-83cf-71539ab9923b{ip: 192.168.5.171, host: pr-hdds-1054-s6xkv-2432930293, networkLocation: /default-rack, certSerialId: null}, Type:RATIS, Factor:THREE, State:CLOSED]
2019-09-19 10:38:18,294 [EventQueue-PipelineActionsForPipelineActionHandler] ERROR pipeline.PipelineActionHandler (PipelineActionHandler.java:onMessage(60)) - Received pipeline action CLOSE for Pipeline[ Id: 6fd363cf-5c28-420a-9a5d-e4721f147e2b, Nodes: 9aee5a09-4a58-4c9c-9e60-8a9aa652786c{ip: 192.168.5.171, host: pr-hdds-1054-s6xkv-2432930293, networkLocation: /default-rack, certSerialId: null}4d64a175-4b4e-44c0-a69c-2b88ef1d7b0a{ip: 192.168.5.171, host: pr-hdds-1054-s6xkv-2432930293, networkLocation: /default-rack, certSerialId: null}22b67679-0935-426b-83cf-71539ab9923b{ip: 192.168.5.171, host: pr-hdds-1054-s6xkv-2432930293, networkLocation: /default-rack, certSerialId: null}, Type:RATIS, Factor:THREE, State:CLOSED] from datanode 9aee5a09-4a58-4c9c-9e60-8a9aa652786c{ip: 192.168.5.171, host: pr-hdds-1054-s6xkv-2432930293, networkLocation: /default-rack, certSerialId: null}. Reason : 9aee5a09-4a58-4c9c-9e60-8a9aa652786c is in candidate state for 169281ms
2019-09-19 10:38:18,294 [EventQueue-PipelineActionsForPipelineActionHandler] INFO  pipeline.SCMPipelineManager (SCMPipelineManager.java:finalizeAndDestroyPipeline(311)) - destroying pipeline:Pipeline[ Id: 6fd363cf-5c28-420a-9a5d-e4721f147e2b, Nodes: 9aee5a09-4a58-4c9c-9e60-8a9aa652786c{ip: 192.168.5.171, host: pr-hdds-1054-s6xkv-2432930293, networkLocation: /default-rack, certSerialId: null}4d64a175-4b4e-44c0-a69c-2b88ef1d7b0a{ip: 192.168.5.171, host: pr-hdds-1054-s6xkv-2432930293, networkLocation: /default-rack, certSerialId: null}22b67679-0935-426b-83cf-71539ab9923b{ip: 192.168.5.171, host: pr-hdds-1054-s6xkv-2432930293, networkLocation: /default-rack, certSerialId: null}, Type:RATIS, Factor:THREE, State:CLOSED]
2019-09-19 10:38:19,946 [22b67679-0935-426b-83cf-71539ab9923b@group-E4721F147E2B:LeaderElection109] INFO  impl.LeaderElection (LeaderElection.java:askForVotes(182)) - 22b67679-0935-426b-83cf-71539ab9923b@group-E4721F147E2B:LeaderElection109: begin an election at term 25 for -1: [22b67679-0935-426b-83cf-71539ab9923b:192.168.5.171:46775, 9aee5a09-4a58-4c9c-9e60-8a9aa652786c:192.168.5.171:38202, 4d64a175-4b4e-44c0-a69c-2b88ef1d7b0a:192.168.5.171:38950], old=null
2019-09-19 10:38:19,946 [9aee5a09-4a58-4c9c-9e60-8a9aa652786c@group-E4721F147E2B:LeaderElection111] INFO  impl.LeaderElection (LeaderElection.java:askForVotes(182)) - 9aee5a09-4a58-4c9c-9e60-8a9aa652786c@group-E4721F147E2B:LeaderElection111: begin an election at term 25 for -1: [22b67679-0935-426b-83cf-71539ab9923b:192.168.5.171:46775, 9aee5a09-4a58-4c9c-9e60-8a9aa652786c:192.168.5.171:38202, 4d64a175-4b4e-44c0-a69c-2b88ef1d7b0a:192.168.5.171:38950], old=null
2019-09-19 10:38:19,946 [4d64a175-4b4e-44c0-a69c-2b88ef1d7b0a@group-E4721F147E2B:LeaderElection110] INFO  impl.LeaderElection (LeaderElection.java:askForVotes(182)) - 4d64a175-4b4e-44c0-a69c-2b88ef1d7b0a@group-E4721F147E2B:LeaderElection110: begin an election at term 25 for -1: [22b67679-0935-426b-83cf-71539ab9923b:192.168.5.171:46775, 9aee5a09-4a58-4c9c-9e60-8a9aa652786c:192.168.5.171:38202, 4d64a175-4b4e-44c0-a69c-2b88ef1d7b0a:192.168.5.171:38950], old=null
2019-09-19 10:38:19,953 [22b67679-0935-426b-83cf-71539ab9923b@group-E4721F147E2B:LeaderElection109] INFO  impl.LeaderElection (LeaderElection.java:logAndReturn(56)) - 22b67679-0935-426b-83cf-71539ab9923b@group-E4721F147E2B:LeaderElection109: Election REJECTED; received 2 response(s) [22b67679-0935-426b-83cf-71539ab9923b<-9aee5a09-4a58-4c9c-9e60-8a9aa652786c#0:FAIL-t25, 22b67679-0935-426b-83cf-71539ab9923b<-4d64a175-4b4e-44c0-a69c-2b88ef1d7b0a#0:FAIL-t25] and 0 exception(s); 22b67679-0935-426b-83cf-71539ab9923b@group-E4721F147E2B:t25, leader=null, voted=22b67679-0935-426b-83cf-71539ab9923b, raftlog=22b67679-0935-426b-83cf-71539ab9923b@group-E4721F147E2B-SegmentedRaftLog:OPENED:c-1,f-1,i0, conf=-1: [22b67679-0935-426b-83cf-71539ab9923b:192.168.5.171:46775, 9aee5a09-4a58-4c9c-9e60-8a9aa652786c:192.168.5.171:38202, 4d64a175-4b4e-44c0-a69c-2b88ef1d7b0a:192.168.5.171:38950], old=null
2019-09-19 10:38:19,953 [4d64a175-4b4e-44c0-a69c-2b88ef1d7b0a@group-E4721F147E2B:LeaderElection110] INFO  impl.LeaderElection (LeaderElection.java:logAndReturn(56)) - 4d64a175-4b4e-44c0-a69c-2b88ef1d7b0a@group-E4721F147E2B:LeaderElection110: Election REJECTED; received 2 response(s) [4d64a175-4b4e-44c0-a69c-2b88ef1d7b0a<-22b67679-0935-426b-83cf-71539ab9923b#0:FAIL-t25, 4d64a175-4b4e-44c0-a69c-2b88ef1d7b0a<-9aee5a09-4a58-4c9c-9e60-8a9aa652786c#0:FAIL-t25] and 0 exception(s); 4d64a175-4b4e-44c0-a69c-2b88ef1d7b0a@group-E4721F147E2B:t25, leader=null, voted=4d64a175-4b4e-44c0-a69c-2b88ef1d7b0a, raftlog=4d64a175-4b4e-44c0-a69c-2b88ef1d7b0a@group-E4721F147E2B-SegmentedRaftLog:OPENED:c-1,f-1,i0, conf=-1: [22b67679-0935-426b-83cf-71539ab9923b:192.168.5.171:46775, 9aee5a09-4a58-4c9c-9e60-8a9aa652786c:192.168.5.171:38202, 4d64a175-4b4e-44c0-a69c-2b88ef1d7b0a:192.168.5.171:38950], old=null
2019-09-19 10:38:19,954 [4d64a175-4b4e-44c0-a69c-2b88ef1d7b0a@group-E4721F147E2B:LeaderElection110] INFO  impl.RaftServerImpl (RaftServerImpl.java:setRole(174)) - 4d64a175-4b4e-44c0-a69c-2b88ef1d7b0a@group-E4721F147E2B: changes role from CANDIDATE to FOLLOWER at term 25 for DISCOVERED_A_NEW_TERM
2019-09-19 10:38:19,954 [9aee5a09-4a58-4c9c-9e60-8a9aa652786c@group-E4721F147E2B:LeaderElection111] INFO  impl.LeaderElection (LeaderElection.java:logAndReturn(56)) - 9aee5a09-4a58-4c9c-9e60-8a9aa652786c@group-E4721F147E2B:LeaderElection111: Election REJECTED; received 2 response(s) [9aee5a09-4a58-4c9c-9e60-8a9aa652786c<-22b67679-0935-426b-83cf-71539ab9923b#0:FAIL-t25, 9aee5a09-4a58-4c9c-9e60-8a9aa652786c<-4d64a175-4b4e-44c0-a69c-2b88ef1d7b0a#0:FAIL-t25] and 0 exception(s); 9aee5a09-4a58-4c9c-9e60-8a9aa652786c@group-E4721F147E2B:t25, leader=null, voted=9aee5a09-4a58-4c9c-9e60-8a9aa652786c, raftlog=9aee5a09-4a58-4c9c-9e60-8a9aa652786c@group-E4721F147E2B-SegmentedRaftLog:OPENED:c-1,f-1,i0, conf=-1: [22b67679-0935-426b-83cf-71539ab9923b:192.168.5.171:46775, 9aee5a09-4a58-4c9c-9e60-8a9aa652786c:192.168.5.171:38202, 4d64a175-4b4e-44c0-a69c-2b88ef1d7b0a:192.168.5.171:38950], old=null
2019-09-19 10:38:19,954 [22b67679-0935-426b-83cf-71539ab9923b@group-E4721F147E2B:LeaderElection109] INFO  impl.RaftServerImpl (RaftServerImpl.java:setRole(174)) - 22b67679-0935-426b-83cf-71539ab9923b@group-E4721F147E2B: changes role from CANDIDATE to FOLLOWER at term 25 for DISCOVERED_A_NEW_TERM
2019-09-19 10:38:19,954 [9aee5a09-4a58-4c9c-9e60-8a9aa652786c@group-E4721F147E2B:LeaderElection111] INFO  impl.RaftServerImpl (RaftServerImpl.java:setRole(174)) - 9aee5a09-4a58-4c9c-9e60-8a9aa652786c@group-E4721F147E2B: changes role from CANDIDATE to FOLLOWER at term 25 for DISCOVERED_A_NEW_TERM
2019-09-19 10:38:19,954 [4d64a175-4b4e-44c0-a69c-2b88ef1d7b0a@group-E4721F147E2B:LeaderElection110] INFO  impl.RoleInfo (RoleInfo.java:shutdownLeaderElection(134)) - 4d64a175-4b4e-44c0-a69c-2b88ef1d7b0a: shutdown LeaderElection
2019-09-19 10:38:19,955 [9aee5a09-4a58-4c9c-9e60-8a9aa652786c@group-E4721F147E2B:LeaderElection111] INFO  impl.RoleInfo (RoleInfo.java:shutdownLeaderElection(134)) - 9aee5a09-4a58-4c9c-9e60-8a9aa652786c: shutdown LeaderElection
2019-09-19 10:38:19,954 [22b67679-0935-426b-83cf-71539ab9923b@group-E4721F147E2B:LeaderElection109] INFO  impl.RoleInfo (RoleInfo.java:shutdownLeaderElection(134)) - 22b67679-0935-426b-83cf-71539ab9923b: shutdown LeaderElection
2019-09-19 10:38:19,955 [9aee5a09-4a58-4c9c-9e60-8a9aa652786c@group-E4721F147E2B:LeaderElection111] INFO  impl.RoleInfo (RoleInfo.java:updateAndGet(143)) - 9aee5a09-4a58-4c9c-9e60-8a9aa652786c: start FollowerState
2019-09-19 10:38:19,955 [4d64a175-4b4e-44c0-a69c-2b88ef1d7b0a@group-E4721F147E2B:LeaderElection110] INFO  impl.RoleInfo (RoleInfo.java:updateAndGet(143)) - 4d64a175-4b4e-44c0-a69c-2b88ef1d7b0a: start FollowerState
2019-09-19 10:38:19,955 [22b67679-0935-426b-83cf-71539ab9923b@group-E4721F147E2B:LeaderElection109] INFO  impl.RoleInfo (RoleInfo.java:updateAndGet(143)) - 22b67679-0935-426b-83cf-71539ab9923b: start FollowerState
2019-09-19 10:38:24,973 [Thread-3118] INFO  impl.FollowerState (FollowerState.java:run(106)) - 9aee5a09-4a58-4c9c-9e60-8a9aa652786c:group-E4721F147E2B changes to CANDIDATE, lastRpcTime:5017, electionTimeout:5017ms
2019-09-19 10:38:24,974 [Thread-3118] INFO  impl.RoleInfo (RoleInfo.java:shutdownFollowerState(121)) - 9aee5a09-4a58-4c9c-9e60-8a9aa652786c: shutdown FollowerState
2019-09-19 10:38:24,975 [Thread-3118] INFO  impl.RaftServerImpl (RaftServerImpl.java:setRole(174)) - 9aee5a09-4a58-4c9c-9e60-8a9aa652786c@group-E4721F147E2B: changes role from  FOLLOWER to CANDIDATE at term 25 for changeToCandidate
2019-09-19 10:38:24,976 [Thread-3118] ERROR ratis.XceiverServerRatis (XceiverServerRatis.java:triggerPipelineClose(575)) - pipeline Action CLOSE  on pipeline PipelineID=6fd363cf-5c28-420a-9a5d-e4721f147e2b.Reason : 9aee5a09-4a58-4c9c-9e60-8a9aa652786c is in candidate state for 176741ms
2019-09-19 10:38:24,976 [Thread-3118] INFO  impl.RoleInfo (RoleInfo.java:updateAndGet(143)) - 9aee5a09-4a58-4c9c-9e60-8a9aa652786c: start LeaderElection
2019-09-19 10:38:24,992 [Thread-3117] INFO  impl.FollowerState (FollowerState.java:run(106)) - 4d64a175-4b4e-44c0-a69c-2b88ef1d7b0a:group-E4721F147E2B changes to CANDIDATE, lastRpcTime:5037, electionTimeout:5036ms
2019-09-19 10:38:24,992 [Thread-3117] INFO  impl.RoleInfo (RoleInfo.java:shutdownFollowerState(121)) - 4d64a175-4b4e-44c0-a69c-2b88ef1d7b0a: shutdown FollowerState
2019-09-19 10:38:24,992 [Thread-3117] INFO  impl.RaftServerImpl (RaftServerImpl.java:setRole(174)) - 4d64a175-4b4e-44c0-a69c-2b88ef1d7b0a@group-E4721F147E2B: changes role from  FOLLOWER to CANDIDATE at term 25 for changeToCandidate
2019-09-19 10:38:24,993 [Thread-3117] ERROR ratis.XceiverServerRatis (XceiverServerRatis.java:triggerPipelineClose(575)) - pipeline Action CLOSE  on pipeline PipelineID=6fd363cf-5c28-420a-9a5d-e4721f147e2b.Reason : 4d64a175-4b4e-44c0-a69c-2b88ef1d7b0a is in candidate state for 176758ms
2019-09-19 10:38:24,993 [Thread-3117] INFO  impl.RoleInfo (RoleInfo.java:updateAndGet(143)) - 4d64a175-4b4e-44c0-a69c-2b88ef1d7b0a: start LeaderElection
2019-09-19 10:38:25,091 [Thread-3119] INFO  impl.FollowerState (FollowerState.java:run(106)) - 22b67679-0935-426b-83cf-71539ab9923b:group-E4721F147E2B changes to CANDIDATE, lastRpcTime:5136, electionTimeout:5135ms
2019-09-19 10:38:25,092 [Thread-3119] INFO  impl.RoleInfo (RoleInfo.java:shutdownFollowerState(121)) - 22b67679-0935-426b-83cf-71539ab9923b: shutdown FollowerState
2019-09-19 10:38:25,092 [Thread-3119] INFO  impl.RaftServerImpl (RaftServerImpl.java:setRole(174)) - 22b67679-0935-426b-83cf-71539ab9923b@group-E4721F147E2B: changes role from  FOLLOWER to CANDIDATE at term 25 for changeToCandidate
2019-09-19 10:38:25,092 [Thread-3119] ERROR ratis.XceiverServerRatis (XceiverServerRatis.java:triggerPipelineClose(575)) - pipeline Action CLOSE  on pipeline PipelineID=6fd363cf-5c28-420a-9a5d-e4721f147e2b.Reason : 22b67679-0935-426b-83cf-71539ab9923b is in candidate state for 176858ms
2019-09-19 10:38:25,092 [Thread-3119] INFO  impl.RoleInfo (RoleInfo.java:updateAndGet(143)) - 22b67679-0935-426b-83cf-71539ab9923b: start LeaderElection
2019-09-19 10:38:25,296 [EventQueue-PipelineActionsForPipelineActionHandler] ERROR pipeline.PipelineActionHandler (PipelineActionHandler.java:onMessage(60)) - Received pipeline action CLOSE for Pipeline[ Id: 6fd363cf-5c28-420a-9a5d-e4721f147e2b, Nodes: 9aee5a09-4a58-4c9c-9e60-8a9aa652786c{ip: 192.168.5.171, host: pr-hdds-1054-s6xkv-2432930293, networkLocation: /default-rack, certSerialId: null}4d64a175-4b4e-44c0-a69c-2b88ef1d7b0a{ip: 192.168.5.171, host: pr-hdds-1054-s6xkv-2432930293, networkLocation: /default-rack, certSerialId: null}22b67679-0935-426b-83cf-71539ab9923b{ip: 192.168.5.171, host: pr-hdds-1054-s6xkv-2432930293, networkLocation: /default-rack, certSerialId: null}, Type:RATIS, Factor:THREE, State:CLOSED] from datanode 9aee5a09-4a58-4c9c-9e60-8a9aa652786c{ip: 192.168.5.171, host: pr-hdds-1054-s6xkv-2432930293, networkLocation: /default-rack, certSerialId: null}. Reason : 9aee5a09-4a58-4c9c-9e60-8a9aa652786c is in candidate state for 176741ms
2019-09-19 10:38:25,296 [EventQueue-PipelineActionsForPipelineActionHandler] INFO  pipeline.SCMPipelineManager (SCMPipelineManager.java:finalizeAndDestroyPipeline(311)) - destroying pipeline:Pipeline[ Id: 6fd363cf-5c28-420a-9a5d-e4721f147e2b, Nodes: 9aee5a09-4a58-4c9c-9e60-8a9aa652786c{ip: 192.168.5.171, host: pr-hdds-1054-s6xkv-2432930293, networkLocation: /default-rack, certSerialId: null}4d64a175-4b4e-44c0-a69c-2b88ef1d7b0a{ip: 192.168.5.171, host: pr-hdds-1054-s6xkv-2432930293, networkLocation: /default-rack, certSerialId: null}22b67679-0935-426b-83cf-71539ab9923b{ip: 192.168.5.171, host: pr-hdds-1054-s6xkv-2432930293, networkLocation: /default-rack, certSerialId: null}, Type:RATIS, Factor:THREE, State:CLOSED]
2019-09-19 10:38:25,847 [EventQueue-PipelineActionsForPipelineActionHandler] ERROR pipeline.PipelineActionHandler (PipelineActionHandler.java:onMessage(60)) - Received pipeline action CLOSE for Pipeline[ Id: 6fd363cf-5c28-420a-9a5d-e4721f147e2b, Nodes: 9aee5a09-4a58-4c9c-9e60-8a9aa652786c{ip: 192.168.5.171, host: pr-hdds-1054-s6xkv-2432930293, networkLocation: /default-rack, certSerialId: null}4d64a175-4b4e-44c0-a69c-2b88ef1d7b0a{ip: 192.168.5.171, host: pr-hdds-1054-s6xkv-2432930293, networkLocation: /default-rack, certSerialId: null}22b67679-0935-426b-83cf-71539ab9923b{ip: 192.168.5.171, host: pr-hdds-1054-s6xkv-2432930293, networkLocation: /default-rack, certSerialId: null}, Type:RATIS, Factor:THREE, State:CLOSED] from datanode 22b67679-0935-426b-83cf-71539ab9923b{ip: 192.168.5.171, host: pr-hdds-1054-s6xkv-2432930293, networkLocation: /default-rack, certSerialId: null}. Reason : 22b67679-0935-426b-83cf-71539ab9923b is in candidate state for 176858ms
2019-09-19 10:38:25,847 [EventQueue-PipelineActionsForPipelineActionHandler] INFO  pipeline.SCMPipelineManager (SCMPipelineManager.java:finalizeAndDestroyPipeline(311)) - destroying pipeline:Pipeline[ Id: 6fd363cf-5c28-420a-9a5d-e4721f147e2b, Nodes: 9aee5a09-4a58-4c9c-9e60-8a9aa652786c{ip: 192.168.5.171, host: pr-hdds-1054-s6xkv-2432930293, networkLocation: /default-rack, certSerialId: null}4d64a175-4b4e-44c0-a69c-2b88ef1d7b0a{ip: 192.168.5.171, host: pr-hdds-1054-s6xkv-2432930293, networkLocation: /default-rack, certSerialId: null}22b67679-0935-426b-83cf-71539ab9923b{ip: 192.168.5.171, host: pr-hdds-1054-s6xkv-2432930293, networkLocation: /default-rack, certSerialId: null}, Type:RATIS, Factor:THREE, State:CLOSED]
2019-09-19 10:38:25,848 [EventQueue-PipelineActionsForPipelineActionHandler] ERROR pipeline.PipelineActionHandler (PipelineActionHandler.java:onMessage(60)) - Received pipeline action CLOSE for Pipeline[ Id: 6fd363cf-5c28-420a-9a5d-e4721f147e2b, Nodes: 9aee5a09-4a58-4c9c-9e60-8a9aa652786c{ip: 192.168.5.171, host: pr-hdds-1054-s6xkv-2432930293, networkLocation: /default-rack, certSerialId: null}4d64a175-4b4e-44c0-a69c-2b88ef1d7b0a{ip: 192.168.5.171, host: pr-hdds-1054-s6xkv-2432930293, networkLocation: /default-rack, certSerialId: null}22b67679-0935-426b-83cf-71539ab9923b{ip: 192.168.5.171, host: pr-hdds-1054-s6xkv-2432930293, networkLocation: /default-rack, certSerialId: null}, Type:RATIS, Factor:THREE, State:CLOSED] from datanode 4d64a175-4b4e-44c0-a69c-2b88ef1d7b0a{ip: 192.168.5.171, host: pr-hdds-1054-s6xkv-2432930293, networkLocation: /default-rack, certSerialId: null}. Reason : 4d64a175-4b4e-44c0-a69c-2b88ef1d7b0a is in candidate state for 176758ms
2019-09-19 10:38:25,848 [EventQueue-PipelineActionsForPipelineActionHandler] INFO  pipeline.SCMPipelineManager (SCMPipelineManager.java:finalizeAndDestroyPipeline(311)) - destroying pipeline:Pipeline[ Id: 6fd363cf-5c28-420a-9a5d-e4721f147e2b, Nodes: 9aee5a09-4a58-4c9c-9e60-8a9aa652786c{ip: 192.168.5.171, host: pr-hdds-1054-s6xkv-2432930293, networkLocation: /default-rack, certSerialId: null}4d64a175-4b4e-44c0-a69c-2b88ef1d7b0a{ip: 192.168.5.171, host: pr-hdds-1054-s6xkv-2432930293, networkLocation: /default-rack, certSerialId: null}22b67679-0935-426b-83cf-71539ab9923b{ip: 192.168.5.171, host: pr-hdds-1054-s6xkv-2432930293, networkLocation: /default-rack, certSerialId: null}, Type:RATIS, Factor:THREE, State:CLOSED]
2019-09-19 10:38:29,485 [22b67679-0935-426b-83cf-71539ab9923b@group-E4721F147E2B:LeaderElection114] INFO  impl.LeaderElection (LeaderElection.java:askForVotes(182)) - 22b67679-0935-426b-83cf-71539ab9923b@group-E4721F147E2B:LeaderElection114: begin an election at term 26 for -1: [22b67679-0935-426b-83cf-71539ab9923b:192.168.5.171:46775, 9aee5a09-4a58-4c9c-9e60-8a9aa652786c:192.168.5.171:38202, 4d64a175-4b4e-44c0-a69c-2b88ef1d7b0a:192.168.5.171:38950], old=null
2019-09-19 10:38:29,485 [9aee5a09-4a58-4c9c-9e60-8a9aa652786c@group-E4721F147E2B:LeaderElection112] INFO  impl.LeaderElection (LeaderElection.java:askForVotes(182)) - 9aee5a09-4a58-4c9c-9e60-8a9aa652786c@group-E4721F147E2B:LeaderElection112: begin an election at term 26 for -1: [22b67679-0935-426b-83cf-71539ab9923b:192.168.5.171:46775, 9aee5a09-4a58-4c9c-9e60-8a9aa652786c:192.168.5.171:38202, 4d64a175-4b4e-44c0-a69c-2b88ef1d7b0a:192.168.5.171:38950], old=null
2019-09-19 10:38:29,487 [4d64a175-4b4e-44c0-a69c-2b88ef1d7b0a@group-E4721F147E2B:LeaderElection113] INFO  impl.LeaderElection (LeaderElection.java:askForVotes(182)) - 4d64a175-4b4e-44c0-a69c-2b88ef1d7b0a@group-E4721F147E2B:LeaderElection113: begin an election at term 26 for -1: [22b67679-0935-426b-83cf-71539ab9923b:192.168.5.171:46775, 9aee5a09-4a58-4c9c-9e60-8a9aa652786c:192.168.5.171:38202, 4d64a175-4b4e-44c0-a69c-2b88ef1d7b0a:192.168.5.171:38950], old=null
2019-09-19 10:38:29,508 [4d64a175-4b4e-44c0-a69c-2b88ef1d7b0a@group-E4721F147E2B:LeaderElection113] INFO  impl.LeaderElection (LeaderElection.java:logAndReturn(56)) - 4d64a175-4b4e-44c0-a69c-2b88ef1d7b0a@group-E4721F147E2B:LeaderElection113: Election REJECTED; received 2 response(s) [4d64a175-4b4e-44c0-a69c-2b88ef1d7b0a<-22b67679-0935-426b-83cf-71539ab9923b#0:FAIL-t26, 4d64a175-4b4e-44c0-a69c-2b88ef1d7b0a<-9aee5a09-4a58-4c9c-9e60-8a9aa652786c#0:FAIL-t26] and 0 exception(s); 4d64a175-4b4e-44c0-a69c-2b88ef1d7b0a@group-E4721F147E2B:t26, leader=null, voted=4d64a175-4b4e-44c0-a69c-2b88ef1d7b0a, raftlog=4d64a175-4b4e-44c0-a69c-2b88ef1d7b0a@group-E4721F147E2B-SegmentedRaftLog:OPENED:c-1,f-1,i0, conf=-1: [22b67679-0935-426b-83cf-71539ab9923b:192.168.5.171:46775, 9aee5a09-4a58-4c9c-9e60-8a9aa652786c:192.168.5.171:38202, 4d64a175-4b4e-44c0-a69c-2b88ef1d7b0a:192.168.5.171:38950], old=null
2019-09-19 10:38:29,508 [22b67679-0935-426b-83cf-71539ab9923b@group-E4721F147E2B:LeaderElection114] INFO  impl.LeaderElection (LeaderElection.java:logAndReturn(56)) - 22b67679-0935-426b-83cf-71539ab9923b@group-E4721F147E2B:LeaderElection114: Election REJECTED; received 2 response(s) [22b67679-0935-426b-83cf-71539ab9923b<-9aee5a09-4a58-4c9c-9e60-8a9aa652786c#0:FAIL-t26, 22b67679-0935-426b-83cf-71539ab9923b<-4d64a175-4b4e-44c0-a69c-2b88ef1d7b0a#0:FAIL-t26] and 0 exception(s); 22b67679-0935-426b-83cf-71539ab9923b@group-E4721F147E2B:t26, leader=null, voted=22b67679-0935-426b-83cf-71539ab9923b, raftlog=22b67679-0935-426b-83cf-71539ab9923b@group-E4721F147E2B-SegmentedRaftLog:OPENED:c-1,f-1,i0, conf=-1: [22b67679-0935-426b-83cf-71539ab9923b:192.168.5.171:46775, 9aee5a09-4a58-4c9c-9e60-8a9aa652786c:192.168.5.171:38202, 4d64a175-4b4e-44c0-a69c-2b88ef1d7b0a:192.168.5.171:38950], old=null
2019-09-19 10:38:29,508 [9aee5a09-4a58-4c9c-9e60-8a9aa652786c@group-E4721F147E2B:LeaderElection112] INFO  impl.LeaderElection (LeaderElection.java:logAndReturn(56)) - 9aee5a09-4a58-4c9c-9e60-8a9aa652786c@group-E4721F147E2B:LeaderElection112: Election REJECTED; received 2 response(s) [9aee5a09-4a58-4c9c-9e60-8a9aa652786c<-22b67679-0935-426b-83cf-71539ab9923b#0:FAIL-t26, 9aee5a09-4a58-4c9c-9e60-8a9aa652786c<-4d64a175-4b4e-44c0-a69c-2b88ef1d7b0a#0:FAIL-t26] and 0 exception(s); 9aee5a09-4a58-4c9c-9e60-8a9aa652786c@group-E4721F147E2B:t26, leader=null, voted=9aee5a09-4a58-4c9c-9e60-8a9aa652786c, raftlog=9aee5a09-4a58-4c9c-9e60-8a9aa652786c@group-E4721F147E2B-SegmentedRaftLog:OPENED:c-1,f-1,i0, conf=-1: [22b67679-0935-426b-83cf-71539ab9923b:192.168.5.171:46775, 9aee5a09-4a58-4c9c-9e60-8a9aa652786c:192.168.5.171:38202, 4d64a175-4b4e-44c0-a69c-2b88ef1d7b0a:192.168.5.171:38950], old=null
2019-09-19 10:38:29,509 [22b67679-0935-426b-83cf-71539ab9923b@group-E4721F147E2B:LeaderElection114] INFO  impl.RaftServerImpl (RaftServerImpl.java:setRole(174)) - 22b67679-0935-426b-83cf-71539ab9923b@group-E4721F147E2B: changes role from CANDIDATE to FOLLOWER at term 26 for DISCOVERED_A_NEW_TERM
2019-09-19 10:38:29,508 [4d64a175-4b4e-44c0-a69c-2b88ef1d7b0a@group-E4721F147E2B:LeaderElection113] INFO  impl.RaftServerImpl (RaftServerImpl.java:setRole(174)) - 4d64a175-4b4e-44c0-a69c-2b88ef1d7b0a@group-E4721F147E2B: changes role from CANDIDATE to FOLLOWER at term 26 for DISCOVERED_A_NEW_TERM
2019-09-19 10:38:29,509 [22b67679-0935-426b-83cf-71539ab9923b@group-E4721F147E2B:LeaderElection114] INFO  impl.RoleInfo (RoleInfo.java:shutdownLeaderElection(134)) - 22b67679-0935-426b-83cf-71539ab9923b: shutdown LeaderElection
2019-09-19 10:38:29,509 [9aee5a09-4a58-4c9c-9e60-8a9aa652786c@group-E4721F147E2B:LeaderElection112] INFO  impl.RaftServerImpl (RaftServerImpl.java:setRole(174)) - 9aee5a09-4a58-4c9c-9e60-8a9aa652786c@group-E4721F147E2B: changes role from CANDIDATE to FOLLOWER at term 26 for DISCOVERED_A_NEW_TERM
2019-09-19 10:38:29,509 [22b67679-0935-426b-83cf-71539ab9923b@group-E4721F147E2B:LeaderElection114] INFO  impl.RoleInfo (RoleInfo.java:updateAndGet(143)) - 22b67679-0935-426b-83cf-71539ab9923b: start FollowerState
2019-09-19 10:38:29,509 [9aee5a09-4a58-4c9c-9e60-8a9aa652786c@group-E4721F147E2B:LeaderElection112] INFO  impl.RoleInfo (RoleInfo.java:shutdownLeaderElection(134)) - 9aee5a09-4a58-4c9c-9e60-8a9aa652786c: shutdown LeaderElection
2019-09-19 10:38:29,509 [4d64a175-4b4e-44c0-a69c-2b88ef1d7b0a@group-E4721F147E2B:LeaderElection113] INFO  impl.RoleInfo (RoleInfo.java:shutdownLeaderElection(134)) - 4d64a175-4b4e-44c0-a69c-2b88ef1d7b0a: shutdown LeaderElection
2019-09-19 10:38:29,510 [9aee5a09-4a58-4c9c-9e60-8a9aa652786c@group-E4721F147E2B:LeaderElection112] INFO  impl.RoleInfo (RoleInfo.java:updateAndGet(143)) - 9aee5a09-4a58-4c9c-9e60-8a9aa652786c: start FollowerState
2019-09-19 10:38:29,510 [4d64a175-4b4e-44c0-a69c-2b88ef1d7b0a@group-E4721F147E2B:LeaderElection113] INFO  impl.RoleInfo (RoleInfo.java:updateAndGet(143)) - 4d64a175-4b4e-44c0-a69c-2b88ef1d7b0a: start FollowerState
2019-09-19 10:38:31,506 [main] WARN  io.KeyOutputStream (KeyOutputStream.java:handleException(274)) - Encountered exception java.io.IOException: Unexpected Storage Container Exception: java.util.concurrent.CompletionException: java.util.concurrent.CompletionException: org.apache.ratis.protocol.RaftRetryFailureException: Failed RaftClientRequest:client-6F37D65273C6->9aee5a09-4a58-4c9c-9e60-8a9aa652786c@group-E4721F147E2B, cid=74, seq=1*, RW, org.apache.hadoop.hdds.scm.XceiverClientRatis$$Lambda$447/269693101@39b0b350 for 180 attempts with RetryLimited(maxAttempts=180, sleepTime=1000ms) on the pipeline Pipeline[ Id: 6fd363cf-5c28-420a-9a5d-e4721f147e2b, Nodes: 9aee5a09-4a58-4c9c-9e60-8a9aa652786c{ip: 192.168.5.171, host: pr-hdds-1054-s6xkv-2432930293, networkLocation: /default-rack, certSerialId: null}4d64a175-4b4e-44c0-a69c-2b88ef1d7b0a{ip: 192.168.5.171, host: pr-hdds-1054-s6xkv-2432930293, networkLocation: /default-rack, certSerialId: null}22b67679-0935-426b-83cf-71539ab9923b{ip: 192.168.5.171, host: pr-hdds-1054-s6xkv-2432930293, networkLocation: /default-rack, certSerialId: null}, Type:RATIS, Factor:THREE, State:OPEN]. The last committed block length is 0, uncommitted data length is 20 retry count 0
2019-09-19 10:38:31,541 [grpc-default-executor-2] INFO  impl.RaftServerProxy (RaftServerProxy.java:addNew(89)) - 22b67679-0935-426b-83cf-71539ab9923b: addNew group-7B56889D45A3:[22b67679-0935-426b-83cf-71539ab9923b:192.168.5.171:46775, 9aee5a09-4a58-4c9c-9e60-8a9aa652786c:192.168.5.171:38202, 4d64a175-4b4e-44c0-a69c-2b88ef1d7b0a:192.168.5.171:38950] returns group-7B56889D45A3:java.util.concurrent.CompletableFuture@7e5e891d[Not completed]
2019-09-19 10:38:31,541 [grpc-default-executor-6] INFO  impl.RaftServerProxy (RaftServerProxy.java:addNew(89)) - 9aee5a09-4a58-4c9c-9e60-8a9aa652786c: addNew group-7B56889D45A3:[22b67679-0935-426b-83cf-71539ab9923b:192.168.5.171:46775, 9aee5a09-4a58-4c9c-9e60-8a9aa652786c:192.168.5.171:38202, 4d64a175-4b4e-44c0-a69c-2b88ef1d7b0a:192.168.5.171:38950] returns group-7B56889D45A3:java.util.concurrent.CompletableFuture@40880a9b[Not completed]
2019-09-19 10:38:31,541 [grpc-default-executor-4] INFO  impl.RaftServerProxy (RaftServerProxy.java:addNew(89)) - 4d64a175-4b4e-44c0-a69c-2b88ef1d7b0a: addNew group-7B56889D45A3:[22b67679-0935-426b-83cf-71539ab9923b:192.168.5.171:46775, 9aee5a09-4a58-4c9c-9e60-8a9aa652786c:192.168.5.171:38202, 4d64a175-4b4e-44c0-a69c-2b88ef1d7b0a:192.168.5.171:38950] returns group-7B56889D45A3:java.util.concurrent.CompletableFuture@5564e5d7[Not completed]
2019-09-19 10:38:31,543 [pool-598-thread-1] INFO  impl.RaftServerImpl (RaftServerImpl.java:<init>(95)) - 22b67679-0935-426b-83cf-71539ab9923b: new RaftServerImpl for group-7B56889D45A3:[22b67679-0935-426b-83cf-71539ab9923b:192.168.5.171:46775, 9aee5a09-4a58-4c9c-9e60-8a9aa652786c:192.168.5.171:38202, 4d64a175-4b4e-44c0-a69c-2b88ef1d7b0a:192.168.5.171:38950] with ContainerStateMachine:uninitialized
2019-09-19 10:38:31,543 [pool-598-thread-1] INFO  server.RaftServerConfigKeys (ConfUtils.java:logGet(43)) - raft.server.rpc.timeout.min = 5s (custom)
2019-09-19 10:38:31,544 [pool-598-thread-1] INFO  server.RaftServerConfigKeys (ConfUtils.java:logGet(43)) - raft.server.rpc.timeout.max = 5200ms (custom)
2019-09-19 10:38:31,544 [pool-598-thread-1] INFO  server.RaftServerConfigKeys (ConfUtils.java:logGet(43)) - raft.server.rpcslowness.timeout = 120s (custom)
2019-09-19 10:38:31,544 [pool-598-thread-1] INFO  server.RaftServerConfigKeys (ConfUtils.java:logGet(43)) - raft.server.sleep.deviation.threshold = 300 (default)
2019-09-19 10:38:31,544 [pool-598-thread-1] INFO  server.RaftServerConfigKeys (ConfUtils.java:logGet(43)) - raft.server.log.appender.install.snapshot.enabled = false (custom)
2019-09-19 10:38:31,544 [pool-578-thread-1] INFO  impl.RaftServerImpl (RaftServerImpl.java:<init>(95)) - 9aee5a09-4a58-4c9c-9e60-8a9aa652786c: new RaftServerImpl for group-7B56889D45A3:[22b67679-0935-426b-83cf-71539ab9923b:192.168.5.171:46775, 9aee5a09-4a58-4c9c-9e60-8a9aa652786c:192.168.5.171:38202, 4d64a175-4b4e-44c0-a69c-2b88ef1d7b0a:192.168.5.171:38950] with ContainerStateMachine:uninitialized
2019-09-19 10:38:31,544 [pool-598-thread-1] INFO  impl.RaftServerImpl (ServerState.java:<init>(103)) - 22b67679-0935-426b-83cf-71539ab9923b@group-7B56889D45A3: ConfigurationManager, init=-1: [22b67679-0935-426b-83cf-71539ab9923b:192.168.5.171:46775, 9aee5a09-4a58-4c9c-9e60-8a9aa652786c:192.168.5.171:38202, 4d64a175-4b4e-44c0-a69c-2b88ef1d7b0a:192.168.5.171:38950], old=null, confs=<EMPTY_MAP>
2019-09-19 10:38:31,544 [pool-578-thread-1] INFO  server.RaftServerConfigKeys (ConfUtils.java:logGet(43)) - raft.server.rpc.timeout.min = 5s (custom)
2019-09-19 10:38:31,544 [pool-588-thread-1] INFO  impl.RaftServerImpl (RaftServerImpl.java:<init>(95)) - 4d64a175-4b4e-44c0-a69c-2b88ef1d7b0a: new RaftServerImpl for group-7B56889D45A3:[22b67679-0935-426b-83cf-71539ab9923b:192.168.5.171:46775, 9aee5a09-4a58-4c9c-9e60-8a9aa652786c:192.168.5.171:38202, 4d64a175-4b4e-44c0-a69c-2b88ef1d7b0a:192.168.5.171:38950] with ContainerStateMachine:uninitialized
2019-09-19 10:38:31,544 [pool-598-thread-1] INFO  server.RaftServerConfigKeys (ConfUtils.java:logGet(43)) - raft.server.storage.dir = [/workdir/hadoop-ozone/ozonefs/target/test-dir/MiniOzoneClusterImpl-1effda81-744f-491e-8240-0d6175f8bd8e/datanode-2/data/ratis] (custom)
2019-09-19 10:38:31,544 [pool-578-thread-1] INFO  server.RaftServerConfigKeys (ConfUtils.java:logGet(43)) - raft.server.rpc.timeout.max = 5200ms (custom)
2019-09-19 10:38:31,544 [pool-588-thread-1] INFO  server.RaftServerConfigKeys (ConfUtils.java:logGet(43)) - raft.server.rpc.timeout.min = 5s (custom)
2019-09-19 10:38:31,545 [pool-578-thread-1] INFO  server.RaftServerConfigKeys (ConfUtils.java:logGet(43)) - raft.server.rpcslowness.timeout = 120s (custom)
2019-09-19 10:38:31,545 [pool-598-thread-1] INFO  storage.RaftStorageDirectory (RaftStorageDirectory.java:analyzeStorage(246)) - The storage directory /workdir/hadoop-ozone/ozonefs/target/test-dir/MiniOzoneClusterImpl-1effda81-744f-491e-8240-0d6175f8bd8e/datanode-2/data/ratis/34bb5f33-d0e4-48be-a260-7b56889d45a3 does not exist. Creating ...
2019-09-19 10:38:31,545 [pool-578-thread-1] INFO  server.RaftServerConfigKeys (ConfUtils.java:logGet(43)) - raft.server.sleep.deviation.threshold = 300 (default)
2019-09-19 10:38:31,545 [pool-588-thread-1] INFO  server.RaftServerConfigKeys (ConfUtils.java:logGet(43)) - raft.server.rpc.timeout.max = 5200ms (custom)
2019-09-19 10:38:31,545 [pool-578-thread-1] INFO  server.RaftServerConfigKeys (ConfUtils.java:logGet(43)) - raft.server.log.appender.install.snapshot.enabled = false (custom)
2019-09-19 10:38:31,545 [pool-588-thread-1] INFO  server.RaftServerConfigKeys (ConfUtils.java:logGet(43)) - raft.server.rpcslowness.timeout = 120s (custom)
2019-09-19 10:38:31,545 [pool-578-thread-1] INFO  impl.RaftServerImpl (ServerState.java:<init>(103)) - 9aee5a09-4a58-4c9c-9e60-8a9aa652786c@group-7B56889D45A3: ConfigurationManager, init=-1: [22b67679-0935-426b-83cf-71539ab9923b:192.168.5.171:46775, 9aee5a09-4a58-4c9c-9e60-8a9aa652786c:192.168.5.171:38202, 4d64a175-4b4e-44c0-a69c-2b88ef1d7b0a:192.168.5.171:38950], old=null, confs=<EMPTY_MAP>
2019-09-19 10:38:31,546 [pool-588-thread-1] INFO  server.RaftServerConfigKeys (ConfUtils.java:logGet(43)) - raft.server.sleep.deviation.threshold = 300 (default)
2019-09-19 10:38:31,546 [pool-578-thread-1] INFO  server.RaftServerConfigKeys (ConfUtils.java:logGet(43)) - raft.server.storage.dir = [/workdir/hadoop-ozone/ozonefs/target/test-dir/MiniOzoneClusterImpl-1effda81-744f-491e-8240-0d6175f8bd8e/datanode-0/data/ratis] (custom)
2019-09-19 10:38:31,546 [pool-588-thread-1] INFO  server.RaftServerConfigKeys (ConfUtils.java:logGet(43)) - raft.server.log.appender.install.snapshot.enabled = false (custom)
2019-09-19 10:38:31,546 [pool-588-thread-1] INFO  impl.RaftServerImpl (ServerState.java:<init>(103)) - 4d64a175-4b4e-44c0-a69c-2b88ef1d7b0a@group-7B56889D45A3: ConfigurationManager, init=-1: [22b67679-0935-426b-83cf-71539ab9923b:192.168.5.171:46775, 9aee5a09-4a58-4c9c-9e60-8a9aa652786c:192.168.5.171:38202, 4d64a175-4b4e-44c0-a69c-2b88ef1d7b0a:192.168.5.171:38950], old=null, confs=<EMPTY_MAP>
2019-09-19 10:38:31,546 [pool-578-thread-1] INFO  storage.RaftStorageDirectory (RaftStorageDirectory.java:analyzeStorage(246)) - The storage directory /workdir/hadoop-ozone/ozonefs/target/test-dir/MiniOzoneClusterImpl-1effda81-744f-491e-8240-0d6175f8bd8e/datanode-0/data/ratis/34bb5f33-d0e4-48be-a260-7b56889d45a3 does not exist. Creating ...
2019-09-19 10:38:31,546 [pool-588-thread-1] INFO  server.RaftServerConfigKeys (ConfUtils.java:logGet(43)) - raft.server.storage.dir = [/workdir/hadoop-ozone/ozonefs/target/test-dir/MiniOzoneClusterImpl-1effda81-744f-491e-8240-0d6175f8bd8e/datanode-1/data/ratis] (custom)
2019-09-19 10:38:31,547 [pool-588-thread-1] INFO  storage.RaftStorageDirectory (RaftStorageDirectory.java:analyzeStorage(246)) - The storage directory /workdir/hadoop-ozone/ozonefs/target/test-dir/MiniOzoneClusterImpl-1effda81-744f-491e-8240-0d6175f8bd8e/datanode-1/data/ratis/34bb5f33-d0e4-48be-a260-7b56889d45a3 does not exist. Creating ...
2019-09-19 10:38:34,535 [pool-598-thread-1] INFO  storage.RaftStorageDirectory (RaftStorageDirectory.java:tryLock(328)) - Lock on /workdir/hadoop-ozone/ozonefs/target/test-dir/MiniOzoneClusterImpl-1effda81-744f-491e-8240-0d6175f8bd8e/datanode-2/data/ratis/34bb5f33-d0e4-48be-a260-7b56889d45a3/in_use.lock acquired by nodename 22861@pr-hdds-1054-s6xkv-2432930293
2019-09-19 10:38:34,535 [pool-588-thread-1] INFO  storage.RaftStorageDirectory (RaftStorageDirectory.java:tryLock(328)) - Lock on /workdir/hadoop-ozone/ozonefs/target/test-dir/MiniOzoneClusterImpl-1effda81-744f-491e-8240-0d6175f8bd8e/datanode-1/data/ratis/34bb5f33-d0e4-48be-a260-7b56889d45a3/in_use.lock acquired by nodename 22861@pr-hdds-1054-s6xkv-2432930293
2019-09-19 10:38:34,535 [pool-578-thread-1] INFO  storage.RaftStorageDirectory (RaftStorageDirectory.java:tryLock(328)) - Lock on /workdir/hadoop-ozone/ozonefs/target/test-dir/MiniOzoneClusterImpl-1effda81-744f-491e-8240-0d6175f8bd8e/datanode-0/data/ratis/34bb5f33-d0e4-48be-a260-7b56889d45a3/in_use.lock acquired by nodename 22861@pr-hdds-1054-s6xkv-2432930293
2019-09-19 10:38:34,540 [RATISCREATEPIPELINE0] ERROR pipeline.RatisPipelineProvider (RatisPipelineProvider.java:lambda$null$5(236)) - Failed invoke Ratis rpc org.apache.hadoop.hdds.scm.pipeline.RatisPipelineProvider$$Lambda$189/1331416994@56782985 for 4d64a175-4b4e-44c0-a69c-2b88ef1d7b0a
org.apache.ratis.protocol.TimeoutIOException: deadline exceeded after 2999759837ns
	at org.apache.ratis.grpc.GrpcUtil.tryUnwrapException(GrpcUtil.java:82)
	at org.apache.ratis.grpc.GrpcUtil.unwrapException(GrpcUtil.java:75)
	at org.apache.ratis.grpc.client.GrpcClientProtocolClient.blockingCall(GrpcClientProtocolClient.java:178)
	at org.apache.ratis.grpc.client.GrpcClientProtocolClient.groupAdd(GrpcClientProtocolClient.java:147)
	at org.apache.ratis.grpc.client.GrpcClientRpc.sendRequest(GrpcClientRpc.java:94)
	at org.apache.ratis.client.impl.RaftClientImpl.sendRequest(RaftClientImpl.java:278)
	at org.apache.ratis.client.impl.RaftClientImpl.groupAdd(RaftClientImpl.java:205)
	at org.apache.hadoop.hdds.scm.pipeline.RatisPipelineProvider.lambda$initializePipeline$4(RatisPipelineProvider.java:195)
	at org.apache.hadoop.hdds.scm.pipeline.RatisPipelineProvider.lambda$null$5(RatisPipelineProvider.java:232)
	at java.util.stream.ForEachOps$ForEachOp$OfRef.accept(ForEachOps.java:184)
	at java.util.ArrayList$ArrayListSpliterator.forEachRemaining(ArrayList.java:1382)
	at java.util.stream.AbstractPipeline.copyInto(AbstractPipeline.java:482)
	at java.util.stream.ForEachOps$ForEachTask.compute(ForEachOps.java:291)
	at java.util.concurrent.CountedCompleter.exec(CountedCompleter.java:731)
	at java.util.concurrent.ForkJoinTask.doExec(ForkJoinTask.java:289)
	at java.util.concurrent.ForkJoinTask.doInvoke(ForkJoinTask.java:401)
	at java.util.concurrent.ForkJoinTask.invoke(ForkJoinTask.java:734)
	at java.util.stream.ForEachOps$ForEachOp.evaluateParallel(ForEachOps.java:160)
	at java.util.stream.ForEachOps$ForEachOp$OfRef.evaluateParallel(ForEachOps.java:174)
	at java.util.stream.AbstractPipeline.evaluate(AbstractPipeline.java:233)
	at java.util.stream.ReferencePipeline.forEach(ReferencePipeline.java:418)
	at java.util.stream.ReferencePipeline$Head.forEach(ReferencePipeline.java:583)
	at org.apache.hadoop.hdds.scm.pipeline.RatisPipelineProvider.lambda$callRatisRpc$6(RatisPipelineProvider.java:226)
	at java.util.concurrent.ForkJoinTask$AdaptedRunnableAction.exec(ForkJoinTask.java:1386)
	at java.util.concurrent.ForkJoinTask.doExec(ForkJoinTask.java:289)
	at java.util.concurrent.ForkJoinPool$WorkQueue.runTask(ForkJoinPool.java:1056)
	at java.util.concurrent.ForkJoinPool.runWorker(ForkJoinPool.java:1692)
	at java.util.concurrent.ForkJoinWorkerThread.run(ForkJoinWorkerThread.java:157)
Caused by: org.apache.ratis.thirdparty.io.grpc.StatusRuntimeException: DEADLINE_EXCEEDED: deadline exceeded after 2999759837ns
	at org.apache.ratis.thirdparty.io.grpc.stub.ClientCalls.toStatusRuntimeException(ClientCalls.java:233)
	at org.apache.ratis.thirdparty.io.grpc.stub.ClientCalls.getUnchecked(ClientCalls.java:214)
	at org.apache.ratis.thirdparty.io.grpc.stub.ClientCalls.blockingUnaryCall(ClientCalls.java:139)
	at org.apache.ratis.proto.grpc.AdminProtocolServiceGrpc$AdminProtocolServiceBlockingStub.groupManagement(AdminProtocolServiceGrpc.java:274)
	at org.apache.ratis.grpc.client.GrpcClientProtocolClient.lambda$groupAdd$3(GrpcClientProtocolClient.java:149)
	at org.apache.ratis.grpc.client.GrpcClientProtocolClient.blockingCall(GrpcClientProtocolClient.java:176)
	... 25 more
2019-09-19 10:38:34,544 [RATISCREATEPIPELINE2] ERROR pipeline.RatisPipelineProvider (RatisPipelineProvider.java:lambda$null$5(236)) - Failed invoke Ratis rpc org.apache.hadoop.hdds.scm.pipeline.RatisPipelineProvider$$Lambda$189/1331416994@56782985 for 22b67679-0935-426b-83cf-71539ab9923b
org.apache.ratis.protocol.TimeoutIOException: deadline exceeded after 2999765439ns
	at org.apache.ratis.grpc.GrpcUtil.tryUnwrapException(GrpcUtil.java:82)
	at org.apache.ratis.grpc.GrpcUtil.unwrapException(GrpcUtil.java:75)
	at org.apache.ratis.grpc.client.GrpcClientProtocolClient.blockingCall(GrpcClientProtocolClient.java:178)
	at org.apache.ratis.grpc.client.GrpcClientProtocolClient.groupAdd(GrpcClientProtocolClient.java:147)
	at org.apache.ratis.grpc.client.GrpcClientRpc.sendRequest(GrpcClientRpc.java:94)
	at org.apache.ratis.client.impl.RaftClientImpl.sendRequest(RaftClientImpl.java:278)
	at org.apache.ratis.client.impl.RaftClientImpl.groupAdd(RaftClientImpl.java:205)
	at org.apache.hadoop.hdds.scm.pipeline.RatisPipelineProvider.lambda$initializePipeline$4(RatisPipelineProvider.java:195)
	at org.apache.hadoop.hdds.scm.pipeline.RatisPipelineProvider.lambda$null$5(RatisPipelineProvider.java:232)
	at java.util.stream.ForEachOps$ForEachOp$OfRef.accept(ForEachOps.java:184)
	at java.util.ArrayList$ArrayListSpliterator.forEachRemaining(ArrayList.java:1382)
	at java.util.stream.AbstractPipeline.copyInto(AbstractPipeline.java:482)
	at java.util.stream.ForEachOps$ForEachTask.compute(ForEachOps.java:291)
	at java.util.concurrent.CountedCompleter.exec(CountedCompleter.java:731)
	at java.util.concurrent.ForkJoinTask.doExec(ForkJoinTask.java:289)
	at java.util.concurrent.ForkJoinPool$WorkQueue.runTask(ForkJoinPool.java:1056)
	at java.util.concurrent.ForkJoinPool.runWorker(ForkJoinPool.java:1692)
	at java.util.concurrent.ForkJoinWorkerThread.run(ForkJoinWorkerThread.java:157)
Caused by: org.apache.ratis.thirdparty.io.grpc.StatusRuntimeException: DEADLINE_EXCEEDED: deadline exceeded after 2999765439ns
	at org.apache.ratis.thirdparty.io.grpc.stub.ClientCalls.toStatusRuntimeException(ClientCalls.java:233)
	at org.apache.ratis.thirdparty.io.grpc.stub.ClientCalls.getUnchecked(ClientCalls.java:214)
	at org.apache.ratis.thirdparty.io.grpc.stub.ClientCalls.blockingUnaryCall(ClientCalls.java:139)
	at org.apache.ratis.proto.grpc.AdminProtocolServiceGrpc$AdminProtocolServiceBlockingStub.groupManagement(AdminProtocolServiceGrpc.java:274)
	at org.apache.ratis.grpc.client.GrpcClientProtocolClient.lambda$groupAdd$3(GrpcClientProtocolClient.java:149)
	at org.apache.ratis.grpc.client.GrpcClientProtocolClient.blockingCall(GrpcClientProtocolClient.java:176)
	... 15 more
2019-09-19 10:38:34,540 [RATISCREATEPIPELINE1] ERROR pipeline.RatisPipelineProvider (RatisPipelineProvider.java:lambda$null$5(236)) - Failed invoke Ratis rpc org.apache.hadoop.hdds.scm.pipeline.RatisPipelineProvider$$Lambda$189/1331416994@56782985 for 9aee5a09-4a58-4c9c-9e60-8a9aa652786c
org.apache.ratis.protocol.TimeoutIOException: deadline exceeded after 2999788961ns
	at org.apache.ratis.grpc.GrpcUtil.tryUnwrapException(GrpcUtil.java:82)
	at org.apache.ratis.grpc.GrpcUtil.unwrapException(GrpcUtil.java:75)
	at org.apache.ratis.grpc.client.GrpcClientProtocolClient.blockingCall(GrpcClientProtocolClient.java:178)
	at org.apache.ratis.grpc.client.GrpcClientProtocolClient.groupAdd(GrpcClientProtocolClient.java:147)
	at org.apache.ratis.grpc.client.GrpcClientRpc.sendRequest(GrpcClientRpc.java:94)
	at org.apache.ratis.client.impl.RaftClientImpl.sendRequest(RaftClientImpl.java:278)
	at org.apache.ratis.client.impl.RaftClientImpl.groupAdd(RaftClientImpl.java:205)
	at org.apache.hadoop.hdds.scm.pipeline.RatisPipelineProvider.lambda$initializePipeline$4(RatisPipelineProvider.java:195)
	at org.apache.hadoop.hdds.scm.pipeline.RatisPipelineProvider.lambda$null$5(RatisPipelineProvider.java:232)
	at java.util.stream.ForEachOps$ForEachOp$OfRef.accept(ForEachOps.java:184)
	at java.util.ArrayList$ArrayListSpliterator.forEachRemaining(ArrayList.java:1382)
	at java.util.stream.AbstractPipeline.copyInto(AbstractPipeline.java:482)
	at java.util.stream.ForEachOps$ForEachTask.compute(ForEachOps.java:291)
	at java.util.concurrent.CountedCompleter.exec(CountedCompleter.java:731)
	at java.util.concurrent.ForkJoinTask.doExec(ForkJoinTask.java:289)
	at java.util.concurrent.ForkJoinPool$WorkQueue.runTask(ForkJoinPool.java:1056)
	at java.util.concurrent.ForkJoinPool.runWorker(ForkJoinPool.java:1692)
	at java.util.concurrent.ForkJoinWorkerThread.run(ForkJoinWorkerThread.java:157)
Caused by: org.apache.ratis.thirdparty.io.grpc.StatusRuntimeException: DEADLINE_EXCEEDED: deadline exceeded after 2999788961ns
	at org.apache.ratis.thirdparty.io.grpc.stub.ClientCalls.toStatusRuntimeException(ClientCalls.java:233)
	at org.apache.ratis.thirdparty.io.grpc.stub.ClientCalls.getUnchecked(ClientCalls.java:214)
	at org.apache.ratis.thirdparty.io.grpc.stub.ClientCalls.blockingUnaryCall(ClientCalls.java:139)
	at org.apache.ratis.proto.grpc.AdminProtocolServiceGrpc$AdminProtocolServiceBlockingStub.groupManagement(AdminProtocolServiceGrpc.java:274)
	at org.apache.ratis.grpc.client.GrpcClientProtocolClient.lambda$groupAdd$3(GrpcClientProtocolClient.java:149)
	at org.apache.ratis.grpc.client.GrpcClientProtocolClient.blockingCall(GrpcClientProtocolClient.java:176)
	... 15 more
2019-09-19 10:38:34,548 [IPC Server handler 10 on 43602] WARN  block.BlockManagerImpl (BlockManagerImpl.java:allocateBlock(192)) - Pipeline creation failed for type:RATIS factor:THREE. Retrying get pipelines call once.
org.apache.hadoop.io.MultipleIOException: 3 exceptions [java.io.IOException: Failed invoke Ratis rpc org.apache.hadoop.hdds.scm.pipeline.RatisPipelineProvider$$Lambda$189/1331416994@56782985 for 4d64a175-4b4e-44c0-a69c-2b88ef1d7b0a, java.io.IOException: Failed invoke Ratis rpc org.apache.hadoop.hdds.scm.pipeline.RatisPipelineProvider$$Lambda$189/1331416994@56782985 for 22b67679-0935-426b-83cf-71539ab9923b, java.io.IOException: Failed invoke Ratis rpc org.apache.hadoop.hdds.scm.pipeline.RatisPipelineProvider$$Lambda$189/1331416994@56782985 for 9aee5a09-4a58-4c9c-9e60-8a9aa652786c]
	at org.apache.hadoop.io.MultipleIOException.createIOException(MultipleIOException.java:53)
	at org.apache.hadoop.hdds.scm.pipeline.RatisPipelineProvider.callRatisRpc(RatisPipelineProvider.java:252)
	at org.apache.hadoop.hdds.scm.pipeline.RatisPipelineProvider.initializePipeline(RatisPipelineProvider.java:193)
	at org.apache.hadoop.hdds.scm.pipeline.RatisPipelineProvider.create(RatisPipelineProvider.java:162)
	at org.apache.hadoop.hdds.scm.pipeline.PipelineFactory.create(PipelineFactory.java:57)
	at org.apache.hadoop.hdds.scm.pipeline.SCMPipelineManager.createPipeline(SCMPipelineManager.java:151)
	at org.apache.hadoop.hdds.scm.block.BlockManagerImpl.allocateBlock(BlockManagerImpl.java:190)
	at org.apache.hadoop.hdds.scm.server.SCMBlockProtocolServer.allocateBlock(SCMBlockProtocolServer.java:182)
	at org.apache.hadoop.ozone.protocolPB.ScmBlockLocationProtocolServerSideTranslatorPB.allocateScmBlock(ScmBlockLocationProtocolServerSideTranslatorPB.java:183)
	at org.apache.hadoop.ozone.protocolPB.ScmBlockLocationProtocolServerSideTranslatorPB.processMessage(ScmBlockLocationProtocolServerSideTranslatorPB.java:141)
	at org.apache.hadoop.ozone.protocolPB.ScmBlockLocationProtocolServerSideTranslatorPB.send(ScmBlockLocationProtocolServerSideTranslatorPB.java:116)
	at org.apache.hadoop.hdds.protocol.proto.ScmBlockLocationProtocolProtos$ScmBlockLocationProtocolService$2.callBlockingMethod(ScmBlockLocationProtocolProtos.java:13157)
	at org.apache.hadoop.ipc.ProtobufRpcEngine$Server$ProtoBufRpcInvoker.call(ProtobufRpcEngine.java:524)
	at org.apache.hadoop.ipc.RPC$Server.call(RPC.java:1025)
	at org.apache.hadoop.ipc.Server$RpcCall.run(Server.java:876)
	at org.apache.hadoop.ipc.Server$RpcCall.run(Server.java:822)
	at java.security.AccessController.doPrivileged(Native Method)
	at javax.security.auth.Subject.doAs(Subject.java:422)
	at org.apache.hadoop.security.UserGroupInformation.doAs(UserGroupInformation.java:1730)
	at org.apache.hadoop.ipc.Server$Handler.run(Server.java:2682)
2019-09-19 10:38:34,551 [IPC Server handler 10 on 43602] INFO  block.BlockManagerImpl (BlockManagerImpl.java:allocateBlock(198)) - Could not find available pipeline of type:RATIS and factor:THREE even after retrying
2019-09-19 10:38:34,551 [IPC Server handler 10 on 43602] ERROR block.BlockManagerImpl (BlockManagerImpl.java:allocateBlock(222)) - Unable to allocate a block for the size: 4194304, type: RATIS, factor: THREE
2019-09-19 10:38:34,557 [main] ERROR io.BlockOutputStreamEntryPool (BlockOutputStreamEntryPool.java:allocateBlockIfNeeded(299)) - Try to allocate more blocks for write failed, already allocated 0 blocks for this write.
INTERNAL_ERROR org.apache.hadoop.ozone.om.exceptions.OMException: Allocated 0 blocks. Requested 1 blocks
	at org.apache.hadoop.ozone.om.protocolPB.OzoneManagerProtocolClientSideTranslatorPB.handleError(OzoneManagerProtocolClientSideTranslatorPB.java:731)
	at org.apache.hadoop.ozone.om.protocolPB.OzoneManagerProtocolClientSideTranslatorPB.allocateBlock(OzoneManagerProtocolClientSideTranslatorPB.java:763)
	at sun.reflect.NativeMethodAccessorImpl.invoke0(Native Method)
	at sun.reflect.NativeMethodAccessorImpl.invoke(NativeMethodAccessorImpl.java:62)
	at sun.reflect.DelegatingMethodAccessorImpl.invoke(DelegatingMethodAccessorImpl.java:43)
	at java.lang.reflect.Method.invoke(Method.java:498)
	at org.apache.hadoop.hdds.tracing.TraceAllMethod.invoke(TraceAllMethod.java:66)
	at com.sun.proxy.$Proxy39.allocateBlock(Unknown Source)
	at org.apache.hadoop.ozone.client.io.BlockOutputStreamEntryPool.allocateNewBlock(BlockOutputStreamEntryPool.java:248)
	at org.apache.hadoop.ozone.client.io.BlockOutputStreamEntryPool.allocateBlockIfNeeded(BlockOutputStreamEntryPool.java:296)
	at org.apache.hadoop.ozone.client.io.KeyOutputStream.handleWrite(KeyOutputStream.java:198)
	at org.apache.hadoop.ozone.client.io.KeyOutputStream.handleRetry(KeyOutputStream.java:375)
	at org.apache.hadoop.ozone.client.io.KeyOutputStream.handleException(KeyOutputStream.java:324)
	at org.apache.hadoop.ozone.client.io.KeyOutputStream.handleFlushOrClose(KeyOutputStream.java:449)
	at org.apache.hadoop.ozone.client.io.KeyOutputStream.close(KeyOutputStream.java:473)
	at org.apache.hadoop.fs.ozone.OzoneFSOutputStream.close(OzoneFSOutputStream.java:56)
	at org.apache.hadoop.fs.FSDataOutputStream$PositionCache.close(FSDataOutputStream.java:72)
	at org.apache.hadoop.fs.FSDataOutputStream.close(FSDataOutputStream.java:101)
	at org.apache.hadoop.fs.ozone.TestOzoneFileInterfaces.testOzFsReadWrite(TestOzoneFileInterfaces.java:171)
	at sun.reflect.NativeMethodAccessorImpl.invoke0(Native Method)
	at sun.reflect.NativeMethodAccessorImpl.invoke(NativeMethodAccessorImpl.java:62)
	at sun.reflect.DelegatingMethodAccessorImpl.invoke(DelegatingMethodAccessorImpl.java:43)
	at java.lang.reflect.Method.invoke(Method.java:498)
	at org.junit.runners.model.FrameworkMethod$1.runReflectiveCall(FrameworkMethod.java:47)
	at org.junit.internal.runners.model.ReflectiveCallable.run(ReflectiveCallable.java:12)
	at org.junit.runners.model.FrameworkMethod.invokeExplosively(FrameworkMethod.java:44)
	at org.junit.internal.runners.statements.InvokeMethod.evaluate(InvokeMethod.java:17)
	at org.junit.internal.runners.statements.RunBefores.evaluate(RunBefores.java:26)
	at org.junit.internal.runners.statements.RunAfters.evaluate(RunAfters.java:27)
	at org.junit.runners.ParentRunner.runLeaf(ParentRunner.java:271)
	at org.junit.runners.BlockJUnit4ClassRunner.runChild(BlockJUnit4ClassRunner.java:70)
	at org.junit.runners.BlockJUnit4ClassRunner.runChild(BlockJUnit4ClassRunner.java:50)
	at org.junit.runners.ParentRunner$3.run(ParentRunner.java:238)
	at org.junit.runners.ParentRunner$1.schedule(ParentRunner.java:63)
	at org.junit.runners.ParentRunner.runChildren(ParentRunner.java:236)
	at org.junit.runners.ParentRunner.access$000(ParentRunner.java:53)
	at org.junit.runners.ParentRunner$2.evaluate(ParentRunner.java:229)
	at org.junit.runners.ParentRunner.run(ParentRunner.java:309)
	at org.junit.runners.Suite.runChild(Suite.java:127)
	at org.junit.runners.Suite.runChild(Suite.java:26)
	at org.junit.runners.ParentRunner$3.run(ParentRunner.java:238)
	at org.junit.runners.ParentRunner$1.schedule(ParentRunner.java:63)
	at org.junit.runners.ParentRunner.runChildren(ParentRunner.java:236)
	at org.junit.runners.ParentRunner.access$000(ParentRunner.java:53)
	at org.junit.runners.ParentRunner$2.evaluate(ParentRunner.java:229)
	at org.junit.runners.ParentRunner.run(ParentRunner.java:309)
	at org.apache.maven.surefire.junit4.JUnit4Provider.execute(JUnit4Provider.java:365)
	at org.apache.maven.surefire.junit4.JUnit4Provider.executeWithRerun(JUnit4Provider.java:273)
	at org.apache.maven.surefire.junit4.JUnit4Provider.executeTestSet(JUnit4Provider.java:238)
	at org.apache.maven.surefire.junit4.JUnit4Provider.invoke(JUnit4Provider.java:159)
	at org.apache.maven.surefire.booter.ForkedBooter.invokeProviderInSameClassLoader(ForkedBooter.java:384)
	at org.apache.maven.surefire.booter.ForkedBooter.runSuitesInProcess(ForkedBooter.java:345)
	at org.apache.maven.surefire.booter.ForkedBooter.execute(ForkedBooter.java:126)
	at org.apache.maven.surefire.booter.ForkedBooter.main(ForkedBooter.java:418)
2019-09-19 10:38:34,559 [main] INFO  ozone.MiniOzoneClusterImpl (MiniOzoneClusterImpl.java:shutdown(312)) - Shutting down the Mini Ozone Cluster
2019-09-19 10:38:34,559 [main] INFO  ozone.MiniOzoneClusterImpl (MiniOzoneClusterImpl.java:stop(327)) - Stopping the Mini Ozone Cluster
2019-09-19 10:38:34,559 [main] INFO  ozone.MiniOzoneClusterImpl (MiniOzoneClusterImpl.java:stop(329)) - Stopping the OzoneManager
2019-09-19 10:38:34,559 [main] INFO  ipc.Server (Server.java:stop(3082)) - Stopping server on 42718
2019-09-19 10:38:34,567 [IPC Server listener on 42718] INFO  ipc.Server (Server.java:run(1185)) - Stopping IPC Server listener on 42718
2019-09-19 10:38:34,568 [main] INFO  ratis.OzoneManagerDoubleBuffer (OzoneManagerDoubleBuffer.java:stop(248)) - Stopping OMDoubleBuffer flush thread
2019-09-19 10:38:34,569 [IPC Server Responder] INFO  ipc.Server (Server.java:run(1319)) - Stopping IPC Server Responder
2019-09-19 10:38:34,585 [OMDoubleBufferFlushThread] INFO  ratis.OzoneManagerDoubleBuffer (OzoneManagerDoubleBuffer.java:flushTransactions(191)) - OMDoubleBuffer flush thread OMDoubleBufferFlushThread is interrupted and will exit. OMDoubleBufferFlushThread
2019-09-19 10:38:34,593 [main] INFO  utils.BackgroundService (BackgroundService.java:shutdown(148)) - Shutting down service KeyDeletingService
2019-09-19 10:38:34,604 [Thread-3154] INFO  impl.FollowerState (FollowerState.java:run(106)) - 4d64a175-4b4e-44c0-a69c-2b88ef1d7b0a:group-E4721F147E2B changes to CANDIDATE, lastRpcTime:5093, electionTimeout:5093ms
2019-09-19 10:38:34,604 [Thread-3154] INFO  impl.RoleInfo (RoleInfo.java:shutdownFollowerState(121)) - 4d64a175-4b4e-44c0-a69c-2b88ef1d7b0a: shutdown FollowerState
2019-09-19 10:38:34,604 [Thread-3154] INFO  impl.RaftServerImpl (RaftServerImpl.java:setRole(174)) - 4d64a175-4b4e-44c0-a69c-2b88ef1d7b0a@group-E4721F147E2B: changes role from  FOLLOWER to CANDIDATE at term 26 for changeToCandidate
2019-09-19 10:38:34,604 [Thread-3154] ERROR ratis.XceiverServerRatis (XceiverServerRatis.java:triggerPipelineClose(575)) - pipeline Action CLOSE  on pipeline PipelineID=6fd363cf-5c28-420a-9a5d-e4721f147e2b.Reason : 4d64a175-4b4e-44c0-a69c-2b88ef1d7b0a is in candidate state for 186369ms
2019-09-19 10:38:34,604 [Thread-3154] INFO  impl.RoleInfo (RoleInfo.java:updateAndGet(143)) - 4d64a175-4b4e-44c0-a69c-2b88ef1d7b0a: start LeaderElection
2019-09-19 10:38:34,671 [Thread-3152] INFO  impl.FollowerState (FollowerState.java:run(106)) - 22b67679-0935-426b-83cf-71539ab9923b:group-E4721F147E2B changes to CANDIDATE, lastRpcTime:5161, electionTimeout:5161ms
2019-09-19 10:38:34,671 [Thread-3152] INFO  impl.RoleInfo (RoleInfo.java:shutdownFollowerState(121)) - 22b67679-0935-426b-83cf-71539ab9923b: shutdown FollowerState
2019-09-19 10:38:34,671 [Thread-3152] INFO  impl.RaftServerImpl (RaftServerImpl.java:setRole(174)) - 22b67679-0935-426b-83cf-71539ab9923b@group-E4721F147E2B: changes role from  FOLLOWER to CANDIDATE at term 26 for changeToCandidate
2019-09-19 10:38:34,671 [Thread-3152] ERROR ratis.XceiverServerRatis (XceiverServerRatis.java:triggerPipelineClose(575)) - pipeline Action CLOSE  on pipeline PipelineID=6fd363cf-5c28-420a-9a5d-e4721f147e2b.Reason : 22b67679-0935-426b-83cf-71539ab9923b is in candidate state for 186437ms
2019-09-19 10:38:34,671 [Thread-3152] INFO  impl.RoleInfo (RoleInfo.java:updateAndGet(143)) - 22b67679-0935-426b-83cf-71539ab9923b: start LeaderElection
2019-09-19 10:38:34,706 [Thread-3153] INFO  impl.FollowerState (FollowerState.java:run(106)) - 9aee5a09-4a58-4c9c-9e60-8a9aa652786c:group-E4721F147E2B changes to CANDIDATE, lastRpcTime:5196, electionTimeout:5196ms
2019-09-19 10:38:34,707 [Thread-3153] INFO  impl.RoleInfo (RoleInfo.java:shutdownFollowerState(121)) - 9aee5a09-4a58-4c9c-9e60-8a9aa652786c: shutdown FollowerState
2019-09-19 10:38:34,707 [Thread-3153] INFO  impl.RaftServerImpl (RaftServerImpl.java:setRole(174)) - 9aee5a09-4a58-4c9c-9e60-8a9aa652786c@group-E4721F147E2B: changes role from  FOLLOWER to CANDIDATE at term 26 for changeToCandidate
2019-09-19 10:38:34,707 [Thread-3153] ERROR ratis.XceiverServerRatis (XceiverServerRatis.java:triggerPipelineClose(575)) - pipeline Action CLOSE  on pipeline PipelineID=6fd363cf-5c28-420a-9a5d-e4721f147e2b.Reason : 9aee5a09-4a58-4c9c-9e60-8a9aa652786c is in candidate state for 186473ms
2019-09-19 10:38:34,707 [Thread-3153] INFO  impl.RoleInfo (RoleInfo.java:updateAndGet(143)) - 9aee5a09-4a58-4c9c-9e60-8a9aa652786c: start LeaderElection
2019-09-19 10:38:34,845 [EventQueue-PipelineActionsForPipelineActionHandler] ERROR pipeline.PipelineActionHandler (PipelineActionHandler.java:onMessage(60)) - Received pipeline action CLOSE for Pipeline[ Id: 6fd363cf-5c28-420a-9a5d-e4721f147e2b, Nodes: 9aee5a09-4a58-4c9c-9e60-8a9aa652786c{ip: 192.168.5.171, host: pr-hdds-1054-s6xkv-2432930293, networkLocation: /default-rack, certSerialId: null}4d64a175-4b4e-44c0-a69c-2b88ef1d7b0a{ip: 192.168.5.171, host: pr-hdds-1054-s6xkv-2432930293, networkLocation: /default-rack, certSerialId: null}22b67679-0935-426b-83cf-71539ab9923b{ip: 192.168.5.171, host: pr-hdds-1054-s6xkv-2432930293, networkLocation: /default-rack, certSerialId: null}, Type:RATIS, Factor:THREE, State:CLOSED] from datanode 22b67679-0935-426b-83cf-71539ab9923b{ip: 192.168.5.171, host: pr-hdds-1054-s6xkv-2432930293, networkLocation: /default-rack, certSerialId: null}. Reason : 22b67679-0935-426b-83cf-71539ab9923b is in candidate state for 186437ms
2019-09-19 10:38:34,846 [EventQueue-PipelineActionsForPipelineActionHandler] INFO  pipeline.SCMPipelineManager (SCMPipelineManager.java:finalizeAndDestroyPipeline(311)) - destroying pipeline:Pipeline[ Id: 6fd363cf-5c28-420a-9a5d-e4721f147e2b, Nodes: 9aee5a09-4a58-4c9c-9e60-8a9aa652786c{ip: 192.168.5.171, host: pr-hdds-1054-s6xkv-2432930293, networkLocation: /default-rack, certSerialId: null}4d64a175-4b4e-44c0-a69c-2b88ef1d7b0a{ip: 192.168.5.171, host: pr-hdds-1054-s6xkv-2432930293, networkLocation: /default-rack, certSerialId: null}22b67679-0935-426b-83cf-71539ab9923b{ip: 192.168.5.171, host: pr-hdds-1054-s6xkv-2432930293, networkLocation: /default-rack, certSerialId: null}, Type:RATIS, Factor:THREE, State:CLOSED]
2019-09-19 10:38:34,846 [EventQueue-PipelineActionsForPipelineActionHandler] ERROR pipeline.PipelineActionHandler (PipelineActionHandler.java:onMessage(60)) - Received pipeline action CLOSE for Pipeline[ Id: 6fd363cf-5c28-420a-9a5d-e4721f147e2b, Nodes: 9aee5a09-4a58-4c9c-9e60-8a9aa652786c{ip: 192.168.5.171, host: pr-hdds-1054-s6xkv-2432930293, networkLocation: /default-rack, certSerialId: null}4d64a175-4b4e-44c0-a69c-2b88ef1d7b0a{ip: 192.168.5.171, host: pr-hdds-1054-s6xkv-2432930293, networkLocation: /default-rack, certSerialId: null}22b67679-0935-426b-83cf-71539ab9923b{ip: 192.168.5.171, host: pr-hdds-1054-s6xkv-2432930293, networkLocation: /default-rack, certSerialId: null}, Type:RATIS, Factor:THREE, State:CLOSED] from datanode 4d64a175-4b4e-44c0-a69c-2b88ef1d7b0a{ip: 192.168.5.171, host: pr-hdds-1054-s6xkv-2432930293, networkLocation: /default-rack, certSerialId: null}. Reason : 4d64a175-4b4e-44c0-a69c-2b88ef1d7b0a is in candidate state for 186369ms
2019-09-19 10:38:34,846 [EventQueue-PipelineActionsForPipelineActionHandler] INFO  pipeline.SCMPipelineManager (SCMPipelineManager.java:finalizeAndDestroyPipeline(311)) - destroying pipeline:Pipeline[ Id: 6fd363cf-5c28-420a-9a5d-e4721f147e2b, Nodes: 9aee5a09-4a58-4c9c-9e60-8a9aa652786c{ip: 192.168.5.171, host: pr-hdds-1054-s6xkv-2432930293, networkLocation: /default-rack, certSerialId: null}4d64a175-4b4e-44c0-a69c-2b88ef1d7b0a{ip: 192.168.5.171, host: pr-hdds-1054-s6xkv-2432930293, networkLocation: /default-rack, certSerialId: null}22b67679-0935-426b-83cf-71539ab9923b{ip: 192.168.5.171, host: pr-hdds-1054-s6xkv-2432930293, networkLocation: /default-rack, certSerialId: null}, Type:RATIS, Factor:THREE, State:CLOSED]
2019-09-19 10:38:35,297 [EventQueue-PipelineActionsForPipelineActionHandler] ERROR pipeline.PipelineActionHandler (PipelineActionHandler.java:onMessage(60)) - Received pipeline action CLOSE for Pipeline[ Id: 6fd363cf-5c28-420a-9a5d-e4721f147e2b, Nodes: 9aee5a09-4a58-4c9c-9e60-8a9aa652786c{ip: 192.168.5.171, host: pr-hdds-1054-s6xkv-2432930293, networkLocation: /default-rack, certSerialId: null}4d64a175-4b4e-44c0-a69c-2b88ef1d7b0a{ip: 192.168.5.171, host: pr-hdds-1054-s6xkv-2432930293, networkLocation: /default-rack, certSerialId: null}22b67679-0935-426b-83cf-71539ab9923b{ip: 192.168.5.171, host: pr-hdds-1054-s6xkv-2432930293, networkLocation: /default-rack, certSerialId: null}, Type:RATIS, Factor:THREE, State:CLOSED] from datanode 9aee5a09-4a58-4c9c-9e60-8a9aa652786c{ip: 192.168.5.171, host: pr-hdds-1054-s6xkv-2432930293, networkLocation: /default-rack, certSerialId: null}. Reason : 9aee5a09-4a58-4c9c-9e60-8a9aa652786c is in candidate state for 186473ms
2019-09-19 10:38:35,297 [EventQueue-PipelineActionsForPipelineActionHandler] INFO  pipeline.SCMPipelineManager (SCMPipelineManager.java:finalizeAndDestroyPipeline(311)) - destroying pipeline:Pipeline[ Id: 6fd363cf-5c28-420a-9a5d-e4721f147e2b, Nodes: 9aee5a09-4a58-4c9c-9e60-8a9aa652786c{ip: 192.168.5.171, host: pr-hdds-1054-s6xkv-2432930293, networkLocation: /default-rack, certSerialId: null}4d64a175-4b4e-44c0-a69c-2b88ef1d7b0a{ip: 192.168.5.171, host: pr-hdds-1054-s6xkv-2432930293, networkLocation: /default-rack, certSerialId: null}22b67679-0935-426b-83cf-71539ab9923b{ip: 192.168.5.171, host: pr-hdds-1054-s6xkv-2432930293, networkLocation: /default-rack, certSerialId: null}, Type:RATIS, Factor:THREE, State:CLOSED]
2019-09-19 10:38:43,320 [grpc-default-executor-4] INFO  impl.RaftServerProxy (RaftServerProxy.java:remove(95)) - 9aee5a09-4a58-4c9c-9e60-8a9aa652786c: remove CANDIDATE 9aee5a09-4a58-4c9c-9e60-8a9aa652786c@group-E4721F147E2B:t27, leader=null, voted=9aee5a09-4a58-4c9c-9e60-8a9aa652786c, raftlog=9aee5a09-4a58-4c9c-9e60-8a9aa652786c@group-E4721F147E2B-SegmentedRaftLog:OPENED:c-1,f-1,i0, conf=-1: [22b67679-0935-426b-83cf-71539ab9923b:192.168.5.171:46775, 9aee5a09-4a58-4c9c-9e60-8a9aa652786c:192.168.5.171:38202, 4d64a175-4b4e-44c0-a69c-2b88ef1d7b0a:192.168.5.171:38950], old=null RUNNING
2019-09-19 10:38:43,323 [grpc-default-executor-4] INFO  impl.RaftServerImpl (RaftServerImpl.java:lambda$shutdown$3(251)) - 9aee5a09-4a58-4c9c-9e60-8a9aa652786c@group-E4721F147E2B: shutdown
2019-09-19 10:38:43,323 [grpc-default-executor-4] INFO  util.JmxRegister (JmxRegister.java:unregister(73)) - Successfully un-registered JMX Bean with object name Ratis:service=RaftServer,group=group-E4721F147E2B,id=9aee5a09-4a58-4c9c-9e60-8a9aa652786c
2019-09-19 10:38:43,323 [grpc-default-executor-4] INFO  impl.RoleInfo (RoleInfo.java:shutdownLeaderElection(134)) - 9aee5a09-4a58-4c9c-9e60-8a9aa652786c: shutdown LeaderElection
2019-09-19 10:38:43,324 [grpc-default-executor-4] INFO  impl.StateMachineUpdater (StateMachineUpdater.java:stopAndJoin(125)) - 9aee5a09-4a58-4c9c-9e60-8a9aa652786c@group-E4721F147E2B-StateMachineUpdater: set stopIndex = -1
2019-09-19 10:38:43,324 [grpc-default-executor-4] INFO  impl.RaftServerImpl (ServerState.java:close(385)) - 9aee5a09-4a58-4c9c-9e60-8a9aa652786c@group-E4721F147E2B: closes. applyIndex: -1
2019-09-19 10:38:43,324 [9aee5a09-4a58-4c9c-9e60-8a9aa652786c@group-E4721F147E2B-SegmentedRaftLogWorker] INFO  segmented.SegmentedRaftLogWorker (SegmentedRaftLogWorker.java:run(313)) - 9aee5a09-4a58-4c9c-9e60-8a9aa652786c@group-E4721F147E2B-SegmentedRaftLogWorker was interrupted, exiting. There are 0 tasks remaining in the queue.
2019-09-19 10:38:43,324 [grpc-default-executor-4] INFO  segmented.SegmentedRaftLogWorker (SegmentedRaftLogWorker.java:close(228)) - 9aee5a09-4a58-4c9c-9e60-8a9aa652786c@group-E4721F147E2B-SegmentedRaftLogWorker close()
2019-09-19 10:38:43,416 [grpc-default-executor-4] INFO  impl.RaftServerProxy (RaftServerProxy.java:remove(95)) - 4d64a175-4b4e-44c0-a69c-2b88ef1d7b0a: remove CANDIDATE 4d64a175-4b4e-44c0-a69c-2b88ef1d7b0a@group-E4721F147E2B:t27, leader=null, voted=4d64a175-4b4e-44c0-a69c-2b88ef1d7b0a, raftlog=4d64a175-4b4e-44c0-a69c-2b88ef1d7b0a@group-E4721F147E2B-SegmentedRaftLog:OPENED:c-1,f-1,i0, conf=-1: [22b67679-0935-426b-83cf-71539ab9923b:192.168.5.171:46775, 9aee5a09-4a58-4c9c-9e60-8a9aa652786c:192.168.5.171:38202, 4d64a175-4b4e-44c0-a69c-2b88ef1d7b0a:192.168.5.171:38950], old=null RUNNING
2019-09-19 10:38:43,416 [grpc-default-executor-4] INFO  impl.RaftServerImpl (RaftServerImpl.java:lambda$shutdown$3(251)) - 4d64a175-4b4e-44c0-a69c-2b88ef1d7b0a@group-E4721F147E2B: shutdown
2019-09-19 10:38:43,416 [grpc-default-executor-4] INFO  util.JmxRegister (JmxRegister.java:unregister(73)) - Successfully un-registered JMX Bean with object name Ratis:service=RaftServer,group=group-E4721F147E2B,id=4d64a175-4b4e-44c0-a69c-2b88ef1d7b0a
2019-09-19 10:38:43,417 [grpc-default-executor-4] INFO  impl.RoleInfo (RoleInfo.java:shutdownLeaderElection(134)) - 4d64a175-4b4e-44c0-a69c-2b88ef1d7b0a: shutdown LeaderElection
2019-09-19 10:38:43,417 [grpc-default-executor-4] INFO  impl.StateMachineUpdater (StateMachineUpdater.java:stopAndJoin(125)) - 4d64a175-4b4e-44c0-a69c-2b88ef1d7b0a@group-E4721F147E2B-StateMachineUpdater: set stopIndex = -1
2019-09-19 10:38:43,417 [grpc-default-executor-4] INFO  impl.RaftServerImpl (ServerState.java:close(385)) - 4d64a175-4b4e-44c0-a69c-2b88ef1d7b0a@group-E4721F147E2B: closes. applyIndex: -1
2019-09-19 10:38:43,417 [4d64a175-4b4e-44c0-a69c-2b88ef1d7b0a@group-E4721F147E2B-SegmentedRaftLogWorker] INFO  segmented.SegmentedRaftLogWorker (SegmentedRaftLogWorker.java:run(313)) - 4d64a175-4b4e-44c0-a69c-2b88ef1d7b0a@group-E4721F147E2B-SegmentedRaftLogWorker was interrupted, exiting. There are 0 tasks remaining in the queue.
2019-09-19 10:38:43,417 [grpc-default-executor-4] INFO  segmented.SegmentedRaftLogWorker (SegmentedRaftLogWorker.java:close(228)) - 4d64a175-4b4e-44c0-a69c-2b88ef1d7b0a@group-E4721F147E2B-SegmentedRaftLogWorker close()
2019-09-19 10:38:43,437 [grpc-default-executor-4] INFO  impl.RaftServerProxy (RaftServerProxy.java:remove(95)) - 22b67679-0935-426b-83cf-71539ab9923b: remove CANDIDATE 22b67679-0935-426b-83cf-71539ab9923b@group-E4721F147E2B:t27, leader=null, voted=22b67679-0935-426b-83cf-71539ab9923b, raftlog=22b67679-0935-426b-83cf-71539ab9923b@group-E4721F147E2B-SegmentedRaftLog:OPENED:c-1,f-1,i0, conf=-1: [22b67679-0935-426b-83cf-71539ab9923b:192.168.5.171:46775, 9aee5a09-4a58-4c9c-9e60-8a9aa652786c:192.168.5.171:38202, 4d64a175-4b4e-44c0-a69c-2b88ef1d7b0a:192.168.5.171:38950], old=null RUNNING
2019-09-19 10:38:43,438 [grpc-default-executor-4] INFO  impl.RaftServerImpl (RaftServerImpl.java:lambda$shutdown$3(251)) - 22b67679-0935-426b-83cf-71539ab9923b@group-E4721F147E2B: shutdown
2019-09-19 10:38:43,438 [grpc-default-executor-4] INFO  util.JmxRegister (JmxRegister.java:unregister(73)) - Successfully un-registered JMX Bean with object name Ratis:service=RaftServer,group=group-E4721F147E2B,id=22b67679-0935-426b-83cf-71539ab9923b
2019-09-19 10:38:43,438 [grpc-default-executor-4] INFO  impl.RoleInfo (RoleInfo.java:shutdownLeaderElection(134)) - 22b67679-0935-426b-83cf-71539ab9923b: shutdown LeaderElection
2019-09-19 10:38:43,438 [grpc-default-executor-4] INFO  impl.StateMachineUpdater (StateMachineUpdater.java:stopAndJoin(125)) - 22b67679-0935-426b-83cf-71539ab9923b@group-E4721F147E2B-StateMachineUpdater: set stopIndex = -1
2019-09-19 10:38:43,438 [grpc-default-executor-4] INFO  impl.RaftServerImpl (ServerState.java:close(385)) - 22b67679-0935-426b-83cf-71539ab9923b@group-E4721F147E2B: closes. applyIndex: -1
2019-09-19 10:38:43,439 [22b67679-0935-426b-83cf-71539ab9923b@group-E4721F147E2B-SegmentedRaftLogWorker] INFO  segmented.SegmentedRaftLogWorker (SegmentedRaftLogWorker.java:run(313)) - 22b67679-0935-426b-83cf-71539ab9923b@group-E4721F147E2B-SegmentedRaftLogWorker was interrupted, exiting. There are 0 tasks remaining in the queue.
2019-09-19 10:38:43,439 [grpc-default-executor-4] INFO  segmented.SegmentedRaftLogWorker (SegmentedRaftLogWorker.java:close(228)) - 22b67679-0935-426b-83cf-71539ab9923b@group-E4721F147E2B-SegmentedRaftLogWorker close()
2019-09-19 10:38:43,443 [RatisPipelineUtilsThread] INFO  pipeline.PipelineStateManager (PipelineStateManager.java:removePipeline(108)) - Pipeline Pipeline[ Id: 6fd363cf-5c28-420a-9a5d-e4721f147e2b, Nodes: 9aee5a09-4a58-4c9c-9e60-8a9aa652786c{ip: 192.168.5.171, host: pr-hdds-1054-s6xkv-2432930293, networkLocation: /default-rack, certSerialId: null}4d64a175-4b4e-44c0-a69c-2b88ef1d7b0a{ip: 192.168.5.171, host: pr-hdds-1054-s6xkv-2432930293, networkLocation: /default-rack, certSerialId: null}22b67679-0935-426b-83cf-71539ab9923b{ip: 192.168.5.171, host: pr-hdds-1054-s6xkv-2432930293, networkLocation: /default-rack, certSerialId: null}, Type:RATIS, Factor:THREE, State:CLOSED] removed from db
2019-09-19 10:38:43,452 [grpc-default-executor-2] INFO  impl.RaftServerProxy (RaftServerProxy.java:addNew(89)) - 9aee5a09-4a58-4c9c-9e60-8a9aa652786c: addNew group-C20DF5AD5186:[22b67679-0935-426b-83cf-71539ab9923b:192.168.5.171:46775, 9aee5a09-4a58-4c9c-9e60-8a9aa652786c:192.168.5.171:38202, 4d64a175-4b4e-44c0-a69c-2b88ef1d7b0a:192.168.5.171:38950] returns group-C20DF5AD5186:java.util.concurrent.CompletableFuture@2a69039d[Not completed]
2019-09-19 10:38:43,452 [grpc-default-executor-6] INFO  impl.RaftServerProxy (RaftServerProxy.java:addNew(89)) - 4d64a175-4b4e-44c0-a69c-2b88ef1d7b0a: addNew group-C20DF5AD5186:[22b67679-0935-426b-83cf-71539ab9923b:192.168.5.171:46775, 9aee5a09-4a58-4c9c-9e60-8a9aa652786c:192.168.5.171:38202, 4d64a175-4b4e-44c0-a69c-2b88ef1d7b0a:192.168.5.171:38950] returns group-C20DF5AD5186:java.util.concurrent.CompletableFuture@7b01521e[Not completed]
2019-09-19 10:38:43,453 [grpc-default-executor-4] INFO  impl.RaftServerProxy (RaftServerProxy.java:addNew(89)) - 22b67679-0935-426b-83cf-71539ab9923b: addNew group-C20DF5AD5186:[22b67679-0935-426b-83cf-71539ab9923b:192.168.5.171:46775, 9aee5a09-4a58-4c9c-9e60-8a9aa652786c:192.168.5.171:38202, 4d64a175-4b4e-44c0-a69c-2b88ef1d7b0a:192.168.5.171:38950] returns group-C20DF5AD5186:java.util.concurrent.CompletableFuture@447d3bc4[Not completed]
2019-09-19 10:38:43,953 [pool-588-thread-1] INFO  storage.RaftStorage (RaftStorage.java:format(72)) - Storage directory /workdir/hadoop-ozone/ozonefs/target/test-dir/MiniOzoneClusterImpl-1effda81-744f-491e-8240-0d6175f8bd8e/datanode-1/data/ratis/34bb5f33-d0e4-48be-a260-7b56889d45a3 has been successfully formatted.
2019-09-19 10:38:43,953 [pool-578-thread-1] INFO  storage.RaftStorage (RaftStorage.java:format(72)) - Storage directory /workdir/hadoop-ozone/ozonefs/target/test-dir/MiniOzoneClusterImpl-1effda81-744f-491e-8240-0d6175f8bd8e/datanode-0/data/ratis/34bb5f33-d0e4-48be-a260-7b56889d45a3 has been successfully formatted.
2019-09-19 10:38:43,953 [pool-598-thread-1] INFO  storage.RaftStorage (RaftStorage.java:format(72)) - Storage directory /workdir/hadoop-ozone/ozonefs/target/test-dir/MiniOzoneClusterImpl-1effda81-744f-491e-8240-0d6175f8bd8e/datanode-2/data/ratis/34bb5f33-d0e4-48be-a260-7b56889d45a3 has been successfully formatted.
2019-09-19 10:38:43,954 [pool-588-thread-1] INFO  ratis.ContainerStateMachine (ContainerStateMachine.java:loadSnapshot(230)) - group-7B56889D45A3: The snapshot info is null. Setting the last applied indexto:(t:0, i:~)
2019-09-19 10:38:43,954 [pool-598-thread-1] INFO  ratis.ContainerStateMachine (ContainerStateMachine.java:loadSnapshot(230)) - group-7B56889D45A3: The snapshot info is null. Setting the last applied indexto:(t:0, i:~)
2019-09-19 10:38:43,954 [pool-578-thread-1] INFO  ratis.ContainerStateMachine (ContainerStateMachine.java:loadSnapshot(230)) - group-7B56889D45A3: The snapshot info is null. Setting the last applied indexto:(t:0, i:~)
2019-09-19 10:38:43,954 [pool-598-thread-1] INFO  server.RaftServerConfigKeys (ConfUtils.java:logGet(43)) - raft.server.notification.no-leader.timeout = 120s (custom)
2019-09-19 10:38:43,954 [pool-588-thread-1] INFO  server.RaftServerConfigKeys (ConfUtils.java:logGet(43)) - raft.server.notification.no-leader.timeout = 120s (custom)
2019-09-19 10:38:43,955 [pool-588-thread-1] INFO  server.RaftServerConfigKeys (ConfUtils.java:logGet(43)) - raft.server.log.use.memory = false (default)
2019-09-19 10:38:43,955 [pool-598-thread-1] INFO  server.RaftServerConfigKeys (ConfUtils.java:logGet(43)) - raft.server.log.use.memory = false (default)
2019-09-19 10:38:43,954 [pool-578-thread-1] INFO  server.RaftServerConfigKeys (ConfUtils.java:logGet(43)) - raft.server.notification.no-leader.timeout = 120s (custom)
2019-09-19 10:38:43,955 [pool-588-thread-1] INFO  server.RaftServerConfigKeys (ConfUtils.java:logGet(43)) - raft.server.log.purge.gap = 1000000 (custom)
2019-09-19 10:38:43,955 [pool-598-thread-1] INFO  server.RaftServerConfigKeys (ConfUtils.java:logGet(43)) - raft.server.log.purge.gap = 1000000 (custom)
2019-09-19 10:38:43,955 [pool-588-thread-1] INFO  server.RaftServerConfigKeys (ConfUtils.java:logGet(43)) - raft.server.log.appender.buffer.byte-limit = 33554432 (custom)
2019-09-19 10:38:43,955 [pool-578-thread-1] INFO  server.RaftServerConfigKeys (ConfUtils.java:logGet(43)) - raft.server.log.use.memory = false (default)
2019-09-19 10:38:43,956 [pool-588-thread-1] INFO  server.RaftServerConfigKeys (ConfUtils.java:logGet(43)) - raft.server.log.segment.size.max = 1048576 (custom)
2019-09-19 10:38:43,956 [pool-598-thread-1] INFO  server.RaftServerConfigKeys (ConfUtils.java:logGet(43)) - raft.server.log.appender.buffer.byte-limit = 33554432 (custom)
2019-09-19 10:38:43,956 [pool-588-thread-1] INFO  server.RaftServerConfigKeys (ConfUtils.java:logGet(43)) - raft.server.log.segment.cache.num.max = 2 (custom)
2019-09-19 10:38:43,956 [pool-578-thread-1] INFO  server.RaftServerConfigKeys (ConfUtils.java:logGet(43)) - raft.server.log.purge.gap = 1000000 (custom)
2019-09-19 10:38:43,956 [pool-588-thread-1] INFO  segmented.SegmentedRaftLogWorker (SegmentedRaftLogWorker.java:<init>(172)) - new 4d64a175-4b4e-44c0-a69c-2b88ef1d7b0a@group-7B56889D45A3-SegmentedRaftLogWorker for RaftStorage:Storage Directory /workdir/hadoop-ozone/ozonefs/target/test-dir/MiniOzoneClusterImpl-1effda81-744f-491e-8240-0d6175f8bd8e/datanode-1/data/ratis/34bb5f33-d0e4-48be-a260-7b56889d45a3
2019-09-19 10:38:43,956 [pool-598-thread-1] INFO  server.RaftServerConfigKeys (ConfUtils.java:logGet(43)) - raft.server.log.segment.size.max = 1048576 (custom)
2019-09-19 10:38:43,957 [pool-588-thread-1] INFO  server.RaftServerConfigKeys (ConfUtils.java:logGet(43)) - raft.server.log.queue.byte-limit = 2147483647 (custom)
2019-09-19 10:38:43,957 [pool-578-thread-1] INFO  server.RaftServerConfigKeys (ConfUtils.java:logGet(43)) - raft.server.log.appender.buffer.byte-limit = 33554432 (custom)
2019-09-19 10:38:43,957 [pool-588-thread-1] INFO  server.RaftServerConfigKeys (ConfUtils.java:logGet(43)) - raft.server.log.queue.element-limit = 1024 (custom)
2019-09-19 10:38:43,957 [pool-598-thread-1] INFO  server.RaftServerConfigKeys (ConfUtils.java:logGet(43)) - raft.server.log.segment.cache.num.max = 2 (custom)
2019-09-19 10:38:43,958 [pool-588-thread-1] INFO  server.RaftServerConfigKeys (ConfUtils.java:logGet(43)) - raft.server.log.segment.size.max = 1048576 (custom)
2019-09-19 10:38:43,957 [pool-578-thread-1] INFO  server.RaftServerConfigKeys (ConfUtils.java:logGet(43)) - raft.server.log.segment.size.max = 1048576 (custom)
2019-09-19 10:38:43,958 [pool-588-thread-1] INFO  server.RaftServerConfigKeys (ConfUtils.java:logGet(43)) - raft.server.log.preallocated.size = 16384 (custom)
2019-09-19 10:38:43,958 [pool-598-thread-1] INFO  segmented.SegmentedRaftLogWorker (SegmentedRaftLogWorker.java:<init>(172)) - new 22b67679-0935-426b-83cf-71539ab9923b@group-7B56889D45A3-SegmentedRaftLogWorker for RaftStorage:Storage Directory /workdir/hadoop-ozone/ozonefs/target/test-dir/MiniOzoneClusterImpl-1effda81-744f-491e-8240-0d6175f8bd8e/datanode-2/data/ratis/34bb5f33-d0e4-48be-a260-7b56889d45a3
2019-09-19 10:38:43,958 [pool-588-thread-1] INFO  server.RaftServerConfigKeys (ConfUtils.java:logGet(43)) - raft.server.log.write.buffer.size = 33554432 (custom)
2019-09-19 10:38:43,958 [pool-578-thread-1] INFO  server.RaftServerConfigKeys (ConfUtils.java:logGet(43)) - raft.server.log.segment.cache.num.max = 2 (custom)
2019-09-19 10:38:43,959 [pool-588-thread-1] INFO  server.RaftServerConfigKeys (ConfUtils.java:logGet(43)) - raft.server.log.force.sync.num = 128 (default)
2019-09-19 10:38:43,958 [pool-598-thread-1] INFO  server.RaftServerConfigKeys (ConfUtils.java:logGet(43)) - raft.server.log.queue.byte-limit = 2147483647 (custom)
2019-09-19 10:38:43,959 [pool-588-thread-1] INFO  server.RaftServerConfigKeys (ConfUtils.java:logGet(43)) - raft.server.log.statemachine.data.sync = true (default)
2019-09-19 10:38:43,959 [pool-578-thread-1] INFO  segmented.SegmentedRaftLogWorker (SegmentedRaftLogWorker.java:<init>(172)) - new 9aee5a09-4a58-4c9c-9e60-8a9aa652786c@group-7B56889D45A3-SegmentedRaftLogWorker for RaftStorage:Storage Directory /workdir/hadoop-ozone/ozonefs/target/test-dir/MiniOzoneClusterImpl-1effda81-744f-491e-8240-0d6175f8bd8e/datanode-0/data/ratis/34bb5f33-d0e4-48be-a260-7b56889d45a3
2019-09-19 10:38:43,959 [pool-588-thread-1] INFO  server.RaftServerConfigKeys (ConfUtils.java:logGet(43)) - raft.server.log.statemachine.data.sync.timeout = 10s (default)
2019-09-19 10:38:43,959 [pool-598-thread-1] INFO  server.RaftServerConfigKeys (ConfUtils.java:logGet(43)) - raft.server.log.queue.element-limit = 1024 (custom)
2019-09-19 10:38:43,960 [pool-588-thread-1] INFO  server.RaftServerConfigKeys (ConfUtils.java:logGet(43)) - raft.server.log.statemachine.data.sync.timeout.retry = -1 (default)
2019-09-19 10:38:43,959 [pool-578-thread-1] INFO  server.RaftServerConfigKeys (ConfUtils.java:logGet(43)) - raft.server.log.queue.byte-limit = 2147483647 (custom)
2019-09-19 10:38:43,960 [pool-588-thread-1] INFO  server.RaftServerConfigKeys (ConfUtils.java:logGet(43)) - raft.server.log.statemachine.data.caching.enabled = true (custom)
2019-09-19 10:38:43,960 [pool-598-thread-1] INFO  server.RaftServerConfigKeys (ConfUtils.java:logGet(43)) - raft.server.log.segment.size.max = 1048576 (custom)
2019-09-19 10:38:43,960 [pool-598-thread-1] INFO  server.RaftServerConfigKeys (ConfUtils.java:logGet(43)) - raft.server.log.preallocated.size = 16384 (custom)
2019-09-19 10:38:43,960 [pool-578-thread-1] INFO  server.RaftServerConfigKeys (ConfUtils.java:logGet(43)) - raft.server.log.queue.element-limit = 1024 (custom)
2019-09-19 10:38:43,960 [pool-598-thread-1] INFO  server.RaftServerConfigKeys (ConfUtils.java:logGet(43)) - raft.server.log.write.buffer.size = 33554432 (custom)
2019-09-19 10:38:43,960 [pool-588-thread-1] INFO  segmented.SegmentedRaftLogWorker (SegmentedRaftLogWorker.java:lambda$new$0(132)) - 4d64a175-4b4e-44c0-a69c-2b88ef1d7b0a@group-7B56889D45A3-SegmentedRaftLogWorker: flushIndex: setUnconditionally 0 -> -1
2019-09-19 10:38:43,961 [pool-598-thread-1] INFO  server.RaftServerConfigKeys (ConfUtils.java:logGet(43)) - raft.server.log.force.sync.num = 128 (default)
2019-09-19 10:38:43,961 [pool-578-thread-1] INFO  server.RaftServerConfigKeys (ConfUtils.java:logGet(43)) - raft.server.log.segment.size.max = 1048576 (custom)
2019-09-19 10:38:43,961 [pool-598-thread-1] INFO  server.RaftServerConfigKeys (ConfUtils.java:logGet(43)) - raft.server.log.statemachine.data.sync = true (default)
2019-09-19 10:38:43,961 [pool-578-thread-1] INFO  server.RaftServerConfigKeys (ConfUtils.java:logGet(43)) - raft.server.log.preallocated.size = 16384 (custom)
2019-09-19 10:38:43,961 [pool-588-thread-1] INFO  server.RaftServerConfigKeys (ConfUtils.java:logGet(43)) - raft.server.snapshot.auto.trigger.enabled = true (custom)
2019-09-19 10:38:43,962 [pool-578-thread-1] INFO  server.RaftServerConfigKeys (ConfUtils.java:logGet(43)) - raft.server.log.write.buffer.size = 33554432 (custom)
2019-09-19 10:38:43,962 [pool-578-thread-1] INFO  server.RaftServerConfigKeys (ConfUtils.java:logGet(43)) - raft.server.log.force.sync.num = 128 (default)
2019-09-19 10:38:43,961 [pool-598-thread-1] INFO  server.RaftServerConfigKeys (ConfUtils.java:logGet(43)) - raft.server.log.statemachine.data.sync.timeout = 10s (default)
2019-09-19 10:38:43,962 [pool-578-thread-1] INFO  server.RaftServerConfigKeys (ConfUtils.java:logGet(43)) - raft.server.log.statemachine.data.sync = true (default)
2019-09-19 10:38:43,962 [pool-588-thread-1] INFO  server.RaftServerConfigKeys (ConfUtils.java:logGet(43)) - raft.server.snapshot.auto.trigger.threshold = 10000 (custom)
2019-09-19 10:38:43,962 [pool-578-thread-1] INFO  server.RaftServerConfigKeys (ConfUtils.java:logGet(43)) - raft.server.log.statemachine.data.sync.timeout = 10s (default)
2019-09-19 10:38:43,962 [pool-598-thread-1] INFO  server.RaftServerConfigKeys (ConfUtils.java:logGet(43)) - raft.server.log.statemachine.data.sync.timeout.retry = -1 (default)
2019-09-19 10:38:43,963 [pool-578-thread-1] INFO  server.RaftServerConfigKeys (ConfUtils.java:logGet(43)) - raft.server.log.statemachine.data.sync.timeout.retry = -1 (default)
2019-09-19 10:38:43,963 [pool-588-thread-1] INFO  server.RaftServerConfigKeys (ConfUtils.java:logGet(43)) - raft.server.snapshot.retention.num.files = 5 (custom)
2019-09-19 10:38:43,963 [pool-578-thread-1] INFO  server.RaftServerConfigKeys (ConfUtils.java:logGet(43)) - raft.server.log.statemachine.data.caching.enabled = true (custom)
2019-09-19 10:38:43,963 [pool-598-thread-1] INFO  server.RaftServerConfigKeys (ConfUtils.java:logGet(43)) - raft.server.log.statemachine.data.caching.enabled = true (custom)
2019-09-19 10:38:43,963 [pool-588-thread-1] INFO  server.RaftServerConfigKeys (ConfUtils.java:logGet(43)) - raft.server.retrycache.expirytime = 600000ms (custom)
2019-09-19 10:38:43,964 [pool-578-thread-1] INFO  segmented.SegmentedRaftLogWorker (SegmentedRaftLogWorker.java:lambda$new$0(132)) - 9aee5a09-4a58-4c9c-9e60-8a9aa652786c@group-7B56889D45A3-SegmentedRaftLogWorker: flushIndex: setUnconditionally 0 -> -1
2019-09-19 10:38:43,964 [pool-598-thread-1] INFO  segmented.SegmentedRaftLogWorker (SegmentedRaftLogWorker.java:lambda$new$0(132)) - 22b67679-0935-426b-83cf-71539ab9923b@group-7B56889D45A3-SegmentedRaftLogWorker: flushIndex: setUnconditionally 0 -> -1
2019-09-19 10:38:43,964 [pool-578-thread-1] INFO  server.RaftServerConfigKeys (ConfUtils.java:logGet(43)) - raft.server.snapshot.auto.trigger.enabled = true (custom)
2019-09-19 10:38:43,964 [pool-598-thread-1] INFO  server.RaftServerConfigKeys (ConfUtils.java:logGet(43)) - raft.server.snapshot.auto.trigger.enabled = true (custom)
2019-09-19 10:38:43,964 [pool-578-thread-1] INFO  server.RaftServerConfigKeys (ConfUtils.java:logGet(43)) - raft.server.snapshot.auto.trigger.threshold = 10000 (custom)
2019-09-19 10:38:43,965 [pool-598-thread-1] INFO  server.RaftServerConfigKeys (ConfUtils.java:logGet(43)) - raft.server.snapshot.auto.trigger.threshold = 10000 (custom)
2019-09-19 10:38:43,965 [pool-578-thread-1] INFO  server.RaftServerConfigKeys (ConfUtils.java:logGet(43)) - raft.server.snapshot.retention.num.files = 5 (custom)
2019-09-19 10:38:43,965 [pool-598-thread-1] INFO  server.RaftServerConfigKeys (ConfUtils.java:logGet(43)) - raft.server.snapshot.retention.num.files = 5 (custom)
2019-09-19 10:38:43,965 [pool-578-thread-1] INFO  server.RaftServerConfigKeys (ConfUtils.java:logGet(43)) - raft.server.retrycache.expirytime = 600000ms (custom)
2019-09-19 10:38:43,965 [pool-598-thread-1] INFO  server.RaftServerConfigKeys (ConfUtils.java:logGet(43)) - raft.server.retrycache.expirytime = 600000ms (custom)
2019-09-19 10:38:43,968 [pool-588-thread-1] INFO  impl.RaftServerImpl (RaftServerImpl.java:<init>(95)) - 4d64a175-4b4e-44c0-a69c-2b88ef1d7b0a: new RaftServerImpl for group-C20DF5AD5186:[22b67679-0935-426b-83cf-71539ab9923b:192.168.5.171:46775, 9aee5a09-4a58-4c9c-9e60-8a9aa652786c:192.168.5.171:38202, 4d64a175-4b4e-44c0-a69c-2b88ef1d7b0a:192.168.5.171:38950] with ContainerStateMachine:uninitialized
2019-09-19 10:38:43,969 [pool-588-thread-1] INFO  server.RaftServerConfigKeys (ConfUtils.java:logGet(43)) - raft.server.rpc.timeout.min = 5s (custom)
2019-09-19 10:38:43,969 [pool-588-thread-1] INFO  server.RaftServerConfigKeys (ConfUtils.java:logGet(43)) - raft.server.rpc.timeout.max = 5200ms (custom)
2019-09-19 10:38:43,969 [pool-588-thread-1] INFO  server.RaftServerConfigKeys (ConfUtils.java:logGet(43)) - raft.server.rpcslowness.timeout = 120s (custom)
2019-09-19 10:38:43,969 [pool-588-thread-1] INFO  server.RaftServerConfigKeys (ConfUtils.java:logGet(43)) - raft.server.sleep.deviation.threshold = 300 (default)
2019-09-19 10:38:43,969 [pool-588-thread-1] INFO  server.RaftServerConfigKeys (ConfUtils.java:logGet(43)) - raft.server.log.appender.install.snapshot.enabled = false (custom)
2019-09-19 10:38:43,969 [pool-588-thread-1] INFO  impl.RaftServerImpl (ServerState.java:<init>(103)) - 4d64a175-4b4e-44c0-a69c-2b88ef1d7b0a@group-C20DF5AD5186: ConfigurationManager, init=-1: [22b67679-0935-426b-83cf-71539ab9923b:192.168.5.171:46775, 9aee5a09-4a58-4c9c-9e60-8a9aa652786c:192.168.5.171:38202, 4d64a175-4b4e-44c0-a69c-2b88ef1d7b0a:192.168.5.171:38950], old=null, confs=<EMPTY_MAP>
2019-09-19 10:38:43,969 [pool-588-thread-1] INFO  server.RaftServerConfigKeys (ConfUtils.java:logGet(43)) - raft.server.storage.dir = [/workdir/hadoop-ozone/ozonefs/target/test-dir/MiniOzoneClusterImpl-1effda81-744f-491e-8240-0d6175f8bd8e/datanode-1/data/ratis] (custom)
2019-09-19 10:38:43,971 [pool-598-thread-1] INFO  impl.RaftServerImpl (RaftServerImpl.java:<init>(95)) - 22b67679-0935-426b-83cf-71539ab9923b: new RaftServerImpl for group-C20DF5AD5186:[22b67679-0935-426b-83cf-71539ab9923b:192.168.5.171:46775, 9aee5a09-4a58-4c9c-9e60-8a9aa652786c:192.168.5.171:38202, 4d64a175-4b4e-44c0-a69c-2b88ef1d7b0a:192.168.5.171:38950] with ContainerStateMachine:uninitialized
2019-09-19 10:38:43,971 [pool-598-thread-1] INFO  server.RaftServerConfigKeys (ConfUtils.java:logGet(43)) - raft.server.rpc.timeout.min = 5s (custom)
2019-09-19 10:38:43,971 [pool-598-thread-1] INFO  server.RaftServerConfigKeys (ConfUtils.java:logGet(43)) - raft.server.rpc.timeout.max = 5200ms (custom)
2019-09-19 10:38:43,971 [pool-598-thread-1] INFO  server.RaftServerConfigKeys (ConfUtils.java:logGet(43)) - raft.server.rpcslowness.timeout = 120s (custom)
2019-09-19 10:38:43,971 [pool-598-thread-1] INFO  server.RaftServerConfigKeys (ConfUtils.java:logGet(43)) - raft.server.sleep.deviation.threshold = 300 (default)
2019-09-19 10:38:43,972 [pool-598-thread-1] INFO  server.RaftServerConfigKeys (ConfUtils.java:logGet(43)) - raft.server.log.appender.install.snapshot.enabled = false (custom)
2019-09-19 10:38:43,972 [pool-598-thread-1] INFO  impl.RaftServerImpl (ServerState.java:<init>(103)) - 22b67679-0935-426b-83cf-71539ab9923b@group-C20DF5AD5186: ConfigurationManager, init=-1: [22b67679-0935-426b-83cf-71539ab9923b:192.168.5.171:46775, 9aee5a09-4a58-4c9c-9e60-8a9aa652786c:192.168.5.171:38202, 4d64a175-4b4e-44c0-a69c-2b88ef1d7b0a:192.168.5.171:38950], old=null, confs=<EMPTY_MAP>
2019-09-19 10:38:43,972 [pool-598-thread-1] INFO  server.RaftServerConfigKeys (ConfUtils.java:logGet(43)) - raft.server.storage.dir = [/workdir/hadoop-ozone/ozonefs/target/test-dir/MiniOzoneClusterImpl-1effda81-744f-491e-8240-0d6175f8bd8e/datanode-2/data/ratis] (custom)
2019-09-19 10:38:43,972 [pool-578-thread-1] INFO  impl.RaftServerImpl (RaftServerImpl.java:<init>(95)) - 9aee5a09-4a58-4c9c-9e60-8a9aa652786c: new RaftServerImpl for group-C20DF5AD5186:[22b67679-0935-426b-83cf-71539ab9923b:192.168.5.171:46775, 9aee5a09-4a58-4c9c-9e60-8a9aa652786c:192.168.5.171:38202, 4d64a175-4b4e-44c0-a69c-2b88ef1d7b0a:192.168.5.171:38950] with ContainerStateMachine:uninitialized
2019-09-19 10:38:43,973 [pool-578-thread-1] INFO  server.RaftServerConfigKeys (ConfUtils.java:logGet(43)) - raft.server.rpc.timeout.min = 5s (custom)
2019-09-19 10:38:43,973 [pool-578-thread-1] INFO  server.RaftServerConfigKeys (ConfUtils.java:logGet(43)) - raft.server.rpc.timeout.max = 5200ms (custom)
2019-09-19 10:38:43,973 [pool-578-thread-1] INFO  server.RaftServerConfigKeys (ConfUtils.java:logGet(43)) - raft.server.rpcslowness.timeout = 120s (custom)
2019-09-19 10:38:43,973 [pool-578-thread-1] INFO  server.RaftServerConfigKeys (ConfUtils.java:logGet(43)) - raft.server.sleep.deviation.threshold = 300 (default)
2019-09-19 10:38:43,973 [pool-578-thread-1] INFO  server.RaftServerConfigKeys (ConfUtils.java:logGet(43)) - raft.server.log.appender.install.snapshot.enabled = false (custom)
2019-09-19 10:38:43,973 [pool-578-thread-1] INFO  impl.RaftServerImpl (ServerState.java:<init>(103)) - 9aee5a09-4a58-4c9c-9e60-8a9aa652786c@group-C20DF5AD5186: ConfigurationManager, init=-1: [22b67679-0935-426b-83cf-71539ab9923b:192.168.5.171:46775, 9aee5a09-4a58-4c9c-9e60-8a9aa652786c:192.168.5.171:38202, 4d64a175-4b4e-44c0-a69c-2b88ef1d7b0a:192.168.5.171:38950], old=null, confs=<EMPTY_MAP>
2019-09-19 10:38:43,974 [pool-578-thread-1] INFO  server.RaftServerConfigKeys (ConfUtils.java:logGet(43)) - raft.server.storage.dir = [/workdir/hadoop-ozone/ozonefs/target/test-dir/MiniOzoneClusterImpl-1effda81-744f-491e-8240-0d6175f8bd8e/datanode-0/data/ratis] (custom)
2019-09-19 10:38:44,774 [pool-578-thread-1] INFO  storage.RaftStorageDirectory (RaftStorageDirectory.java:analyzeStorage(246)) - The storage directory /workdir/hadoop-ozone/ozonefs/target/test-dir/MiniOzoneClusterImpl-1effda81-744f-491e-8240-0d6175f8bd8e/datanode-0/data/ratis/12281073-64bf-48be-8c1e-c20df5ad5186 does not exist. Creating ...
2019-09-19 10:38:44,774 [pool-588-thread-1] INFO  storage.RaftStorageDirectory (RaftStorageDirectory.java:analyzeStorage(246)) - The storage directory /workdir/hadoop-ozone/ozonefs/target/test-dir/MiniOzoneClusterImpl-1effda81-744f-491e-8240-0d6175f8bd8e/datanode-1/data/ratis/12281073-64bf-48be-8c1e-c20df5ad5186 does not exist. Creating ...
2019-09-19 10:38:44,774 [pool-598-thread-1] INFO  storage.RaftStorageDirectory (RaftStorageDirectory.java:analyzeStorage(246)) - The storage directory /workdir/hadoop-ozone/ozonefs/target/test-dir/MiniOzoneClusterImpl-1effda81-744f-491e-8240-0d6175f8bd8e/datanode-2/data/ratis/12281073-64bf-48be-8c1e-c20df5ad5186 does not exist. Creating ...
2019-09-19 10:38:44,777 [9aee5a09-4a58-4c9c-9e60-8a9aa652786c@group-E4721F147E2B:LeaderElection117] WARN  util.FileUtils (LogUtils.java:runAndLog(55)) - Failed to Files.move /workdir/hadoop-ozone/ozonefs/target/test-dir/MiniOzoneClusterImpl-1effda81-744f-491e-8240-0d6175f8bd8e/datanode-0/data/ratis/6fd363cf-5c28-420a-9a5d-e4721f147e2b/current/raft-meta.tmp to /workdir/hadoop-ozone/ozonefs/target/test-dir/MiniOzoneClusterImpl-1effda81-744f-491e-8240-0d6175f8bd8e/datanode-0/data/ratis/6fd363cf-5c28-420a-9a5d-e4721f147e2b/current/raft-meta: java.nio.file.NoSuchFileException: /workdir/hadoop-ozone/ozonefs/target/test-dir/MiniOzoneClusterImpl-1effda81-744f-491e-8240-0d6175f8bd8e/datanode-0/data/ratis/6fd363cf-5c28-420a-9a5d-e4721f147e2b/current/raft-meta.tmp
2019-09-19 10:38:44,777 [4d64a175-4b4e-44c0-a69c-2b88ef1d7b0a@group-E4721F147E2B:LeaderElection115] WARN  util.FileUtils (LogUtils.java:runAndLog(55)) - Failed to Files.move /workdir/hadoop-ozone/ozonefs/target/test-dir/MiniOzoneClusterImpl-1effda81-744f-491e-8240-0d6175f8bd8e/datanode-1/data/ratis/6fd363cf-5c28-420a-9a5d-e4721f147e2b/current/raft-meta.tmp to /workdir/hadoop-ozone/ozonefs/target/test-dir/MiniOzoneClusterImpl-1effda81-744f-491e-8240-0d6175f8bd8e/datanode-1/data/ratis/6fd363cf-5c28-420a-9a5d-e4721f147e2b/current/raft-meta: java.nio.file.NoSuchFileException: /workdir/hadoop-ozone/ozonefs/target/test-dir/MiniOzoneClusterImpl-1effda81-744f-491e-8240-0d6175f8bd8e/datanode-1/data/ratis/6fd363cf-5c28-420a-9a5d-e4721f147e2b/current/raft-meta.tmp
2019-09-19 10:38:44,777 [22b67679-0935-426b-83cf-71539ab9923b@group-E4721F147E2B:LeaderElection116] WARN  util.FileUtils (LogUtils.java:runAndLog(55)) - Failed to Files.move /workdir/hadoop-ozone/ozonefs/target/test-dir/MiniOzoneClusterImpl-1effda81-744f-491e-8240-0d6175f8bd8e/datanode-2/data/ratis/6fd363cf-5c28-420a-9a5d-e4721f147e2b/current/raft-meta.tmp to /workdir/hadoop-ozone/ozonefs/target/test-dir/MiniOzoneClusterImpl-1effda81-744f-491e-8240-0d6175f8bd8e/datanode-2/data/ratis/6fd363cf-5c28-420a-9a5d-e4721f147e2b/current/raft-meta: java.nio.file.NoSuchFileException: /workdir/hadoop-ozone/ozonefs/target/test-dir/MiniOzoneClusterImpl-1effda81-744f-491e-8240-0d6175f8bd8e/datanode-2/data/ratis/6fd363cf-5c28-420a-9a5d-e4721f147e2b/current/raft-meta.tmp
2019-09-19 10:38:44,780 [4d64a175-4b4e-44c0-a69c-2b88ef1d7b0a@group-E4721F147E2B:LeaderElection115] WARN  util.AtomicFileOutputStream (AtomicFileOutputStream.java:abort(100)) - Unable to delete tmp file during abort /workdir/hadoop-ozone/ozonefs/target/test-dir/MiniOzoneClusterImpl-1effda81-744f-491e-8240-0d6175f8bd8e/datanode-1/data/ratis/6fd363cf-5c28-420a-9a5d-e4721f147e2b/current/raft-meta.tmp
2019-09-19 10:38:44,780 [9aee5a09-4a58-4c9c-9e60-8a9aa652786c@group-E4721F147E2B:LeaderElection117] WARN  util.AtomicFileOutputStream (AtomicFileOutputStream.java:abort(100)) - Unable to delete tmp file during abort /workdir/hadoop-ozone/ozonefs/target/test-dir/MiniOzoneClusterImpl-1effda81-744f-491e-8240-0d6175f8bd8e/datanode-0/data/ratis/6fd363cf-5c28-420a-9a5d-e4721f147e2b/current/raft-meta.tmp
2019-09-19 10:38:44,782 [22b67679-0935-426b-83cf-71539ab9923b@group-E4721F147E2B:LeaderElection116] WARN  util.AtomicFileOutputStream (AtomicFileOutputStream.java:abort(100)) - Unable to delete tmp file during abort /workdir/hadoop-ozone/ozonefs/target/test-dir/MiniOzoneClusterImpl-1effda81-744f-491e-8240-0d6175f8bd8e/datanode-2/data/ratis/6fd363cf-5c28-420a-9a5d-e4721f147e2b/current/raft-meta.tmp
2019-09-19 10:38:44,782 [4d64a175-4b4e-44c0-a69c-2b88ef1d7b0a@group-E4721F147E2B:LeaderElection115] INFO  impl.LeaderElection (LogUtils.java:infoOrTrace(149)) - Failed 4d64a175-4b4e-44c0-a69c-2b88ef1d7b0a@group-E4721F147E2B:LeaderElection115, state=CLOSING: {}
java.nio.file.NoSuchFileException: /workdir/hadoop-ozone/ozonefs/target/test-dir/MiniOzoneClusterImpl-1effda81-744f-491e-8240-0d6175f8bd8e/datanode-1/data/ratis/6fd363cf-5c28-420a-9a5d-e4721f147e2b/current/raft-meta.tmp
	at sun.nio.fs.UnixException.translateToIOException(UnixException.java:86)
	at sun.nio.fs.UnixException.rethrowAsIOException(UnixException.java:102)
	at sun.nio.fs.UnixException.rethrowAsIOException(UnixException.java:107)
	at sun.nio.fs.UnixCopyFile.move(UnixCopyFile.java:409)
	at sun.nio.fs.UnixFileSystemProvider.move(UnixFileSystemProvider.java:262)
	at java.nio.file.Files.move(Files.java:1395)
	at org.apache.ratis.util.FileUtils.lambda$move$6(FileUtils.java:65)
	at org.apache.ratis.util.LogUtils.runAndLog(LogUtils.java:50)
	at org.apache.ratis.util.FileUtils.move(FileUtils.java:64)
	at org.apache.ratis.util.FileUtils.move(FileUtils.java:60)
	at org.apache.ratis.util.AtomicFileOutputStream.close(AtomicFileOutputStream.java:73)
	at org.apache.ratis.server.storage.MetaFile.writeFile(MetaFile.java:96)
	at org.apache.ratis.server.storage.MetaFile.set(MetaFile.java:75)
	at org.apache.ratis.server.raftlog.segmented.SegmentedRaftLog.writeMetadata(SegmentedRaftLog.java:449)
	at org.apache.ratis.server.impl.ServerState.persistMetadata(ServerState.java:230)
	at org.apache.ratis.server.impl.LeaderElection.askForVotes(LeaderElection.java:180)
	at org.apache.ratis.server.impl.LeaderElection.run(LeaderElection.java:133)
	at java.lang.Thread.run(Thread.java:748)
2019-09-19 10:38:44,782 [9aee5a09-4a58-4c9c-9e60-8a9aa652786c@group-E4721F147E2B:LeaderElection117] INFO  impl.LeaderElection (LogUtils.java:infoOrTrace(149)) - Failed 9aee5a09-4a58-4c9c-9e60-8a9aa652786c@group-E4721F147E2B:LeaderElection117, state=CLOSING: {}
java.nio.file.NoSuchFileException: /workdir/hadoop-ozone/ozonefs/target/test-dir/MiniOzoneClusterImpl-1effda81-744f-491e-8240-0d6175f8bd8e/datanode-0/data/ratis/6fd363cf-5c28-420a-9a5d-e4721f147e2b/current/raft-meta.tmp
	at sun.nio.fs.UnixException.translateToIOException(UnixException.java:86)
	at sun.nio.fs.UnixException.rethrowAsIOException(UnixException.java:102)
	at sun.nio.fs.UnixException.rethrowAsIOException(UnixException.java:107)
	at sun.nio.fs.UnixCopyFile.move(UnixCopyFile.java:409)
	at sun.nio.fs.UnixFileSystemProvider.move(UnixFileSystemProvider.java:262)
	at java.nio.file.Files.move(Files.java:1395)
	at org.apache.ratis.util.FileUtils.lambda$move$6(FileUtils.java:65)
	at org.apache.ratis.util.LogUtils.runAndLog(LogUtils.java:50)
	at org.apache.ratis.util.FileUtils.move(FileUtils.java:64)
	at org.apache.ratis.util.FileUtils.move(FileUtils.java:60)
	at org.apache.ratis.util.AtomicFileOutputStream.close(AtomicFileOutputStream.java:73)
	at org.apache.ratis.server.storage.MetaFile.writeFile(MetaFile.java:96)
	at org.apache.ratis.server.storage.MetaFile.set(MetaFile.java:75)
	at org.apache.ratis.server.raftlog.segmented.SegmentedRaftLog.writeMetadata(SegmentedRaftLog.java:449)
	at org.apache.ratis.server.impl.ServerState.persistMetadata(ServerState.java:230)
	at org.apache.ratis.server.impl.LeaderElection.askForVotes(LeaderElection.java:180)
	at org.apache.ratis.server.impl.LeaderElection.run(LeaderElection.java:133)
	at java.lang.Thread.run(Thread.java:748)
2019-09-19 10:38:44,784 [9aee5a09-4a58-4c9c-9e60-8a9aa652786c@group-E4721F147E2B:LeaderElection117] INFO  impl.LeaderElection (LeaderElection.java:run(140)) - 9aee5a09-4a58-4c9c-9e60-8a9aa652786c@group-E4721F147E2B:LeaderElection117: NoSuchFileException is safely ignored since this is already CLOSING
2019-09-19 10:38:44,784 [4d64a175-4b4e-44c0-a69c-2b88ef1d7b0a@group-E4721F147E2B:LeaderElection115] INFO  impl.LeaderElection (LeaderElection.java:run(140)) - 4d64a175-4b4e-44c0-a69c-2b88ef1d7b0a@group-E4721F147E2B:LeaderElection115: NoSuchFileException is safely ignored since this is already CLOSING
2019-09-19 10:38:44,783 [22b67679-0935-426b-83cf-71539ab9923b@group-E4721F147E2B:LeaderElection116] INFO  impl.LeaderElection (LogUtils.java:infoOrTrace(149)) - Failed 22b67679-0935-426b-83cf-71539ab9923b@group-E4721F147E2B:LeaderElection116, state=CLOSING: {}
java.nio.file.NoSuchFileException: /workdir/hadoop-ozone/ozonefs/target/test-dir/MiniOzoneClusterImpl-1effda81-744f-491e-8240-0d6175f8bd8e/datanode-2/data/ratis/6fd363cf-5c28-420a-9a5d-e4721f147e2b/current/raft-meta.tmp
	at sun.nio.fs.UnixException.translateToIOException(UnixException.java:86)
	at sun.nio.fs.UnixException.rethrowAsIOException(UnixException.java:102)
	at sun.nio.fs.UnixException.rethrowAsIOException(UnixException.java:107)
	at sun.nio.fs.UnixCopyFile.move(UnixCopyFile.java:409)
	at sun.nio.fs.UnixFileSystemProvider.move(UnixFileSystemProvider.java:262)
	at java.nio.file.Files.move(Files.java:1395)
	at org.apache.ratis.util.FileUtils.lambda$move$6(FileUtils.java:65)
	at org.apache.ratis.util.LogUtils.runAndLog(LogUtils.java:50)
	at org.apache.ratis.util.FileUtils.move(FileUtils.java:64)
	at org.apache.ratis.util.FileUtils.move(FileUtils.java:60)
	at org.apache.ratis.util.AtomicFileOutputStream.close(AtomicFileOutputStream.java:73)
	at org.apache.ratis.server.storage.MetaFile.writeFile(MetaFile.java:96)
	at org.apache.ratis.server.storage.MetaFile.set(MetaFile.java:75)
	at org.apache.ratis.server.raftlog.segmented.SegmentedRaftLog.writeMetadata(SegmentedRaftLog.java:449)
	at org.apache.ratis.server.impl.ServerState.persistMetadata(ServerState.java:230)
	at org.apache.ratis.server.impl.LeaderElection.askForVotes(LeaderElection.java:180)
	at org.apache.ratis.server.impl.LeaderElection.run(LeaderElection.java:133)
	at java.lang.Thread.run(Thread.java:748)
2019-09-19 10:38:44,784 [22b67679-0935-426b-83cf-71539ab9923b@group-E4721F147E2B:LeaderElection116] INFO  impl.LeaderElection (LeaderElection.java:run(140)) - 22b67679-0935-426b-83cf-71539ab9923b@group-E4721F147E2B:LeaderElection116: NoSuchFileException is safely ignored since this is already CLOSING
2019-09-19 10:38:44,913 [pool-598-thread-1] INFO  storage.RaftStorageDirectory (RaftStorageDirectory.java:tryLock(328)) - Lock on /workdir/hadoop-ozone/ozonefs/target/test-dir/MiniOzoneClusterImpl-1effda81-744f-491e-8240-0d6175f8bd8e/datanode-2/data/ratis/12281073-64bf-48be-8c1e-c20df5ad5186/in_use.lock acquired by nodename 22861@pr-hdds-1054-s6xkv-2432930293
2019-09-19 10:38:44,913 [pool-578-thread-1] INFO  storage.RaftStorageDirectory (RaftStorageDirectory.java:tryLock(328)) - Lock on /workdir/hadoop-ozone/ozonefs/target/test-dir/MiniOzoneClusterImpl-1effda81-744f-491e-8240-0d6175f8bd8e/datanode-0/data/ratis/12281073-64bf-48be-8c1e-c20df5ad5186/in_use.lock acquired by nodename 22861@pr-hdds-1054-s6xkv-2432930293
2019-09-19 10:38:44,913 [pool-588-thread-1] INFO  storage.RaftStorageDirectory (RaftStorageDirectory.java:tryLock(328)) - Lock on /workdir/hadoop-ozone/ozonefs/target/test-dir/MiniOzoneClusterImpl-1effda81-744f-491e-8240-0d6175f8bd8e/datanode-1/data/ratis/12281073-64bf-48be-8c1e-c20df5ad5186/in_use.lock acquired by nodename 22861@pr-hdds-1054-s6xkv-2432930293
2019-09-19 10:38:45,085 [pool-578-thread-1] INFO  storage.RaftStorage (RaftStorage.java:format(72)) - Storage directory /workdir/hadoop-ozone/ozonefs/target/test-dir/MiniOzoneClusterImpl-1effda81-744f-491e-8240-0d6175f8bd8e/datanode-0/data/ratis/12281073-64bf-48be-8c1e-c20df5ad5186 has been successfully formatted.
2019-09-19 10:38:45,085 [pool-598-thread-1] INFO  storage.RaftStorage (RaftStorage.java:format(72)) - Storage directory /workdir/hadoop-ozone/ozonefs/target/test-dir/MiniOzoneClusterImpl-1effda81-744f-491e-8240-0d6175f8bd8e/datanode-2/data/ratis/12281073-64bf-48be-8c1e-c20df5ad5186 has been successfully formatted.
2019-09-19 10:38:45,085 [pool-588-thread-1] INFO  storage.RaftStorage (RaftStorage.java:format(72)) - Storage directory /workdir/hadoop-ozone/ozonefs/target/test-dir/MiniOzoneClusterImpl-1effda81-744f-491e-8240-0d6175f8bd8e/datanode-1/data/ratis/12281073-64bf-48be-8c1e-c20df5ad5186 has been successfully formatted.
2019-09-19 10:38:45,086 [pool-578-thread-1] INFO  ratis.ContainerStateMachine (ContainerStateMachine.java:loadSnapshot(230)) - group-C20DF5AD5186: The snapshot info is null. Setting the last applied indexto:(t:0, i:~)
2019-09-19 10:38:45,086 [pool-598-thread-1] INFO  ratis.ContainerStateMachine (ContainerStateMachine.java:loadSnapshot(230)) - group-C20DF5AD5186: The snapshot info is null. Setting the last applied indexto:(t:0, i:~)
2019-09-19 10:38:45,086 [pool-588-thread-1] INFO  ratis.ContainerStateMachine (ContainerStateMachine.java:loadSnapshot(230)) - group-C20DF5AD5186: The snapshot info is null. Setting the last applied indexto:(t:0, i:~)
2019-09-19 10:38:45,086 [pool-598-thread-1] INFO  server.RaftServerConfigKeys (ConfUtils.java:logGet(43)) - raft.server.notification.no-leader.timeout = 120s (custom)
2019-09-19 10:38:45,086 [pool-578-thread-1] INFO  server.RaftServerConfigKeys (ConfUtils.java:logGet(43)) - raft.server.notification.no-leader.timeout = 120s (custom)
2019-09-19 10:38:45,086 [pool-598-thread-1] INFO  server.RaftServerConfigKeys (ConfUtils.java:logGet(43)) - raft.server.log.use.memory = false (default)
2019-09-19 10:38:45,086 [pool-588-thread-1] INFO  server.RaftServerConfigKeys (ConfUtils.java:logGet(43)) - raft.server.notification.no-leader.timeout = 120s (custom)
2019-09-19 10:38:45,086 [pool-578-thread-1] INFO  server.RaftServerConfigKeys (ConfUtils.java:logGet(43)) - raft.server.log.use.memory = false (default)
2019-09-19 10:38:45,087 [pool-598-thread-1] INFO  server.RaftServerConfigKeys (ConfUtils.java:logGet(43)) - raft.server.log.purge.gap = 1000000 (custom)
2019-09-19 10:38:45,087 [pool-588-thread-1] INFO  server.RaftServerConfigKeys (ConfUtils.java:logGet(43)) - raft.server.log.use.memory = false (default)
2019-09-19 10:38:45,087 [pool-578-thread-1] INFO  server.RaftServerConfigKeys (ConfUtils.java:logGet(43)) - raft.server.log.purge.gap = 1000000 (custom)
2019-09-19 10:38:45,087 [pool-588-thread-1] INFO  server.RaftServerConfigKeys (ConfUtils.java:logGet(43)) - raft.server.log.purge.gap = 1000000 (custom)
2019-09-19 10:38:45,087 [pool-598-thread-1] INFO  server.RaftServerConfigKeys (ConfUtils.java:logGet(43)) - raft.server.log.appender.buffer.byte-limit = 33554432 (custom)
2019-09-19 10:38:45,087 [pool-588-thread-1] INFO  server.RaftServerConfigKeys (ConfUtils.java:logGet(43)) - raft.server.log.appender.buffer.byte-limit = 33554432 (custom)
2019-09-19 10:38:45,087 [pool-578-thread-1] INFO  server.RaftServerConfigKeys (ConfUtils.java:logGet(43)) - raft.server.log.appender.buffer.byte-limit = 33554432 (custom)
2019-09-19 10:38:45,088 [pool-588-thread-1] INFO  server.RaftServerConfigKeys (ConfUtils.java:logGet(43)) - raft.server.log.segment.size.max = 1048576 (custom)
2019-09-19 10:38:45,088 [pool-598-thread-1] INFO  server.RaftServerConfigKeys (ConfUtils.java:logGet(43)) - raft.server.log.segment.size.max = 1048576 (custom)
2019-09-19 10:38:45,088 [pool-588-thread-1] INFO  server.RaftServerConfigKeys (ConfUtils.java:logGet(43)) - raft.server.log.segment.cache.num.max = 2 (custom)
2019-09-19 10:38:45,088 [pool-578-thread-1] INFO  server.RaftServerConfigKeys (ConfUtils.java:logGet(43)) - raft.server.log.segment.size.max = 1048576 (custom)
2019-09-19 10:38:45,088 [pool-588-thread-1] INFO  segmented.SegmentedRaftLogWorker (SegmentedRaftLogWorker.java:<init>(172)) - new 4d64a175-4b4e-44c0-a69c-2b88ef1d7b0a@group-C20DF5AD5186-SegmentedRaftLogWorker for RaftStorage:Storage Directory /workdir/hadoop-ozone/ozonefs/target/test-dir/MiniOzoneClusterImpl-1effda81-744f-491e-8240-0d6175f8bd8e/datanode-1/data/ratis/12281073-64bf-48be-8c1e-c20df5ad5186
2019-09-19 10:38:45,088 [pool-598-thread-1] INFO  server.RaftServerConfigKeys (ConfUtils.java:logGet(43)) - raft.server.log.segment.cache.num.max = 2 (custom)
2019-09-19 10:38:45,088 [pool-588-thread-1] INFO  server.RaftServerConfigKeys (ConfUtils.java:logGet(43)) - raft.server.log.queue.byte-limit = 2147483647 (custom)
2019-09-19 10:38:45,088 [pool-578-thread-1] INFO  server.RaftServerConfigKeys (ConfUtils.java:logGet(43)) - raft.server.log.segment.cache.num.max = 2 (custom)
2019-09-19 10:38:45,089 [pool-588-thread-1] INFO  server.RaftServerConfigKeys (ConfUtils.java:logGet(43)) - raft.server.log.queue.element-limit = 1024 (custom)
2019-09-19 10:38:45,089 [pool-598-thread-1] INFO  segmented.SegmentedRaftLogWorker (SegmentedRaftLogWorker.java:<init>(172)) - new 22b67679-0935-426b-83cf-71539ab9923b@group-C20DF5AD5186-SegmentedRaftLogWorker for RaftStorage:Storage Directory /workdir/hadoop-ozone/ozonefs/target/test-dir/MiniOzoneClusterImpl-1effda81-744f-491e-8240-0d6175f8bd8e/datanode-2/data/ratis/12281073-64bf-48be-8c1e-c20df5ad5186
2019-09-19 10:38:45,089 [pool-588-thread-1] INFO  server.RaftServerConfigKeys (ConfUtils.java:logGet(43)) - raft.server.log.segment.size.max = 1048576 (custom)
2019-09-19 10:38:45,089 [pool-578-thread-1] INFO  segmented.SegmentedRaftLogWorker (SegmentedRaftLogWorker.java:<init>(172)) - new 9aee5a09-4a58-4c9c-9e60-8a9aa652786c@group-C20DF5AD5186-SegmentedRaftLogWorker for RaftStorage:Storage Directory /workdir/hadoop-ozone/ozonefs/target/test-dir/MiniOzoneClusterImpl-1effda81-744f-491e-8240-0d6175f8bd8e/datanode-0/data/ratis/12281073-64bf-48be-8c1e-c20df5ad5186
2019-09-19 10:38:45,089 [pool-588-thread-1] INFO  server.RaftServerConfigKeys (ConfUtils.java:logGet(43)) - raft.server.log.preallocated.size = 16384 (custom)
2019-09-19 10:38:45,089 [pool-598-thread-1] INFO  server.RaftServerConfigKeys (ConfUtils.java:logGet(43)) - raft.server.log.queue.byte-limit = 2147483647 (custom)
2019-09-19 10:38:45,089 [pool-588-thread-1] INFO  server.RaftServerConfigKeys (ConfUtils.java:logGet(43)) - raft.server.log.write.buffer.size = 33554432 (custom)
2019-09-19 10:38:45,089 [pool-578-thread-1] INFO  server.RaftServerConfigKeys (ConfUtils.java:logGet(43)) - raft.server.log.queue.byte-limit = 2147483647 (custom)
2019-09-19 10:38:45,090 [pool-588-thread-1] INFO  server.RaftServerConfigKeys (ConfUtils.java:logGet(43)) - raft.server.log.force.sync.num = 128 (default)
2019-09-19 10:38:45,089 [pool-598-thread-1] INFO  server.RaftServerConfigKeys (ConfUtils.java:logGet(43)) - raft.server.log.queue.element-limit = 1024 (custom)
2019-09-19 10:38:45,090 [pool-588-thread-1] INFO  server.RaftServerConfigKeys (ConfUtils.java:logGet(43)) - raft.server.log.statemachine.data.sync = true (default)
2019-09-19 10:38:45,090 [pool-578-thread-1] INFO  server.RaftServerConfigKeys (ConfUtils.java:logGet(43)) - raft.server.log.queue.element-limit = 1024 (custom)
2019-09-19 10:38:45,090 [pool-588-thread-1] INFO  server.RaftServerConfigKeys (ConfUtils.java:logGet(43)) - raft.server.log.statemachine.data.sync.timeout = 10s (default)
2019-09-19 10:38:45,090 [pool-598-thread-1] INFO  server.RaftServerConfigKeys (ConfUtils.java:logGet(43)) - raft.server.log.segment.size.max = 1048576 (custom)
2019-09-19 10:38:45,090 [pool-588-thread-1] INFO  server.RaftServerConfigKeys (ConfUtils.java:logGet(43)) - raft.server.log.statemachine.data.sync.timeout.retry = -1 (default)
2019-09-19 10:38:45,090 [pool-578-thread-1] INFO  server.RaftServerConfigKeys (ConfUtils.java:logGet(43)) - raft.server.log.segment.size.max = 1048576 (custom)
2019-09-19 10:38:45,091 [pool-598-thread-1] INFO  server.RaftServerConfigKeys (ConfUtils.java:logGet(43)) - raft.server.log.preallocated.size = 16384 (custom)
2019-09-19 10:38:45,091 [pool-588-thread-1] INFO  server.RaftServerConfigKeys (ConfUtils.java:logGet(43)) - raft.server.log.statemachine.data.caching.enabled = true (custom)
2019-09-19 10:38:45,091 [pool-578-thread-1] INFO  server.RaftServerConfigKeys (ConfUtils.java:logGet(43)) - raft.server.log.preallocated.size = 16384 (custom)
2019-09-19 10:38:45,091 [pool-598-thread-1] INFO  server.RaftServerConfigKeys (ConfUtils.java:logGet(43)) - raft.server.log.write.buffer.size = 33554432 (custom)
2019-09-19 10:38:45,091 [pool-578-thread-1] INFO  server.RaftServerConfigKeys (ConfUtils.java:logGet(43)) - raft.server.log.write.buffer.size = 33554432 (custom)
2019-09-19 10:38:45,091 [pool-588-thread-1] INFO  segmented.SegmentedRaftLogWorker (SegmentedRaftLogWorker.java:lambda$new$0(132)) - 4d64a175-4b4e-44c0-a69c-2b88ef1d7b0a@group-C20DF5AD5186-SegmentedRaftLogWorker: flushIndex: setUnconditionally 0 -> -1
2019-09-19 10:38:45,091 [pool-598-thread-1] INFO  server.RaftServerConfigKeys (ConfUtils.java:logGet(43)) - raft.server.log.force.sync.num = 128 (default)
2019-09-19 10:38:45,091 [pool-578-thread-1] INFO  server.RaftServerConfigKeys (ConfUtils.java:logGet(43)) - raft.server.log.force.sync.num = 128 (default)
2019-09-19 10:38:45,092 [pool-598-thread-1] INFO  server.RaftServerConfigKeys (ConfUtils.java:logGet(43)) - raft.server.log.statemachine.data.sync = true (default)
2019-09-19 10:38:45,092 [pool-578-thread-1] INFO  server.RaftServerConfigKeys (ConfUtils.java:logGet(43)) - raft.server.log.statemachine.data.sync = true (default)
2019-09-19 10:38:45,092 [pool-588-thread-1] INFO  server.RaftServerConfigKeys (ConfUtils.java:logGet(43)) - raft.server.snapshot.auto.trigger.enabled = true (custom)
2019-09-19 10:38:45,092 [pool-578-thread-1] INFO  server.RaftServerConfigKeys (ConfUtils.java:logGet(43)) - raft.server.log.statemachine.data.sync.timeout = 10s (default)
2019-09-19 10:38:45,092 [pool-598-thread-1] INFO  server.RaftServerConfigKeys (ConfUtils.java:logGet(43)) - raft.server.log.statemachine.data.sync.timeout = 10s (default)
2019-09-19 10:38:45,092 [pool-578-thread-1] INFO  server.RaftServerConfigKeys (ConfUtils.java:logGet(43)) - raft.server.log.statemachine.data.sync.timeout.retry = -1 (default)
2019-09-19 10:38:45,092 [pool-588-thread-1] INFO  server.RaftServerConfigKeys (ConfUtils.java:logGet(43)) - raft.server.snapshot.auto.trigger.threshold = 10000 (custom)
2019-09-19 10:38:45,093 [pool-578-thread-1] INFO  server.RaftServerConfigKeys (ConfUtils.java:logGet(43)) - raft.server.log.statemachine.data.caching.enabled = true (custom)
2019-09-19 10:38:45,093 [pool-598-thread-1] INFO  server.RaftServerConfigKeys (ConfUtils.java:logGet(43)) - raft.server.log.statemachine.data.sync.timeout.retry = -1 (default)
2019-09-19 10:38:45,093 [pool-578-thread-1] INFO  segmented.SegmentedRaftLogWorker (SegmentedRaftLogWorker.java:lambda$new$0(132)) - 9aee5a09-4a58-4c9c-9e60-8a9aa652786c@group-C20DF5AD5186-SegmentedRaftLogWorker: flushIndex: setUnconditionally 0 -> -1
2019-09-19 10:38:45,093 [pool-588-thread-1] INFO  server.RaftServerConfigKeys (ConfUtils.java:logGet(43)) - raft.server.snapshot.retention.num.files = 5 (custom)
2019-09-19 10:38:45,093 [pool-598-thread-1] INFO  server.RaftServerConfigKeys (ConfUtils.java:logGet(43)) - raft.server.log.statemachine.data.caching.enabled = true (custom)
2019-09-19 10:38:45,093 [pool-578-thread-1] INFO  server.RaftServerConfigKeys (ConfUtils.java:logGet(43)) - raft.server.snapshot.auto.trigger.enabled = true (custom)
2019-09-19 10:38:45,093 [pool-588-thread-1] INFO  server.RaftServerConfigKeys (ConfUtils.java:logGet(43)) - raft.server.retrycache.expirytime = 600000ms (custom)
2019-09-19 10:38:45,094 [pool-598-thread-1] INFO  segmented.SegmentedRaftLogWorker (SegmentedRaftLogWorker.java:lambda$new$0(132)) - 22b67679-0935-426b-83cf-71539ab9923b@group-C20DF5AD5186-SegmentedRaftLogWorker: flushIndex: setUnconditionally 0 -> -1
2019-09-19 10:38:45,093 [pool-578-thread-1] INFO  server.RaftServerConfigKeys (ConfUtils.java:logGet(43)) - raft.server.snapshot.auto.trigger.threshold = 10000 (custom)
2019-09-19 10:38:45,094 [pool-578-thread-1] INFO  server.RaftServerConfigKeys (ConfUtils.java:logGet(43)) - raft.server.snapshot.retention.num.files = 5 (custom)
2019-09-19 10:38:45,094 [pool-598-thread-1] INFO  server.RaftServerConfigKeys (ConfUtils.java:logGet(43)) - raft.server.snapshot.auto.trigger.enabled = true (custom)
2019-09-19 10:38:45,094 [pool-578-thread-1] INFO  server.RaftServerConfigKeys (ConfUtils.java:logGet(43)) - raft.server.retrycache.expirytime = 600000ms (custom)
2019-09-19 10:38:45,094 [pool-598-thread-1] INFO  server.RaftServerConfigKeys (ConfUtils.java:logGet(43)) - raft.server.snapshot.auto.trigger.threshold = 10000 (custom)
2019-09-19 10:38:45,095 [pool-598-thread-1] INFO  server.RaftServerConfigKeys (ConfUtils.java:logGet(43)) - raft.server.snapshot.retention.num.files = 5 (custom)
2019-09-19 10:38:45,095 [pool-598-thread-1] INFO  server.RaftServerConfigKeys (ConfUtils.java:logGet(43)) - raft.server.retrycache.expirytime = 600000ms (custom)
2019-09-19 10:38:45,099 [pool-588-thread-1] INFO  impl.RaftServerImpl (RaftServerImpl.java:start(185)) - 4d64a175-4b4e-44c0-a69c-2b88ef1d7b0a@group-7B56889D45A3: start as a follower, conf=-1: [22b67679-0935-426b-83cf-71539ab9923b:192.168.5.171:46775, 9aee5a09-4a58-4c9c-9e60-8a9aa652786c:192.168.5.171:38202, 4d64a175-4b4e-44c0-a69c-2b88ef1d7b0a:192.168.5.171:38950], old=null
2019-09-19 10:38:45,099 [pool-578-thread-1] INFO  impl.RaftServerImpl (RaftServerImpl.java:start(185)) - 9aee5a09-4a58-4c9c-9e60-8a9aa652786c@group-7B56889D45A3: start as a follower, conf=-1: [22b67679-0935-426b-83cf-71539ab9923b:192.168.5.171:46775, 9aee5a09-4a58-4c9c-9e60-8a9aa652786c:192.168.5.171:38202, 4d64a175-4b4e-44c0-a69c-2b88ef1d7b0a:192.168.5.171:38950], old=null
2019-09-19 10:38:45,100 [pool-578-thread-1] INFO  impl.RaftServerImpl (RaftServerImpl.java:setRole(174)) - 9aee5a09-4a58-4c9c-9e60-8a9aa652786c@group-7B56889D45A3: changes role from      null to FOLLOWER at term 0 for startAsFollower
2019-09-19 10:38:45,099 [pool-598-thread-1] INFO  impl.RaftServerImpl (RaftServerImpl.java:start(185)) - 22b67679-0935-426b-83cf-71539ab9923b@group-7B56889D45A3: start as a follower, conf=-1: [22b67679-0935-426b-83cf-71539ab9923b:192.168.5.171:46775, 9aee5a09-4a58-4c9c-9e60-8a9aa652786c:192.168.5.171:38202, 4d64a175-4b4e-44c0-a69c-2b88ef1d7b0a:192.168.5.171:38950], old=null
2019-09-19 10:38:45,100 [pool-578-thread-1] INFO  impl.RoleInfo (RoleInfo.java:updateAndGet(143)) - 9aee5a09-4a58-4c9c-9e60-8a9aa652786c: start FollowerState
2019-09-19 10:38:45,100 [pool-588-thread-1] INFO  impl.RaftServerImpl (RaftServerImpl.java:setRole(174)) - 4d64a175-4b4e-44c0-a69c-2b88ef1d7b0a@group-7B56889D45A3: changes role from      null to FOLLOWER at term 0 for startAsFollower
2019-09-19 10:38:45,100 [pool-598-thread-1] INFO  impl.RaftServerImpl (RaftServerImpl.java:setRole(174)) - 22b67679-0935-426b-83cf-71539ab9923b@group-7B56889D45A3: changes role from      null to FOLLOWER at term 0 for startAsFollower
2019-09-19 10:38:45,100 [pool-588-thread-1] INFO  impl.RoleInfo (RoleInfo.java:updateAndGet(143)) - 4d64a175-4b4e-44c0-a69c-2b88ef1d7b0a: start FollowerState
2019-09-19 10:38:45,100 [pool-598-thread-1] INFO  impl.RoleInfo (RoleInfo.java:updateAndGet(143)) - 22b67679-0935-426b-83cf-71539ab9923b: start FollowerState
2019-09-19 10:38:45,101 [pool-578-thread-1] INFO  util.JmxRegister (JmxRegister.java:tryRegister(44)) - Successfully registered JMX Bean with object name Ratis:service=RaftServer,group=group-7B56889D45A3,id=9aee5a09-4a58-4c9c-9e60-8a9aa652786c
2019-09-19 10:38:45,101 [pool-588-thread-1] INFO  util.JmxRegister (JmxRegister.java:tryRegister(44)) - Successfully registered JMX Bean with object name Ratis:service=RaftServer,group=group-7B56889D45A3,id=4d64a175-4b4e-44c0-a69c-2b88ef1d7b0a
2019-09-19 10:38:45,101 [pool-598-thread-1] INFO  util.JmxRegister (JmxRegister.java:tryRegister(44)) - Successfully registered JMX Bean with object name Ratis:service=RaftServer,group=group-7B56889D45A3,id=22b67679-0935-426b-83cf-71539ab9923b
2019-09-19 10:38:45,102 [pool-578-thread-1] INFO  impl.RaftServerImpl (RaftServerImpl.java:start(185)) - 9aee5a09-4a58-4c9c-9e60-8a9aa652786c@group-C20DF5AD5186: start as a follower, conf=-1: [22b67679-0935-426b-83cf-71539ab9923b:192.168.5.171:46775, 9aee5a09-4a58-4c9c-9e60-8a9aa652786c:192.168.5.171:38202, 4d64a175-4b4e-44c0-a69c-2b88ef1d7b0a:192.168.5.171:38950], old=null
2019-09-19 10:38:45,102 [pool-578-thread-1] INFO  impl.RaftServerImpl (RaftServerImpl.java:setRole(174)) - 9aee5a09-4a58-4c9c-9e60-8a9aa652786c@group-C20DF5AD5186: changes role from      null to FOLLOWER at term 0 for startAsFollower
2019-09-19 10:38:45,102 [pool-598-thread-1] INFO  impl.RaftServerImpl (RaftServerImpl.java:start(185)) - 22b67679-0935-426b-83cf-71539ab9923b@group-C20DF5AD5186: start as a follower, conf=-1: [22b67679-0935-426b-83cf-71539ab9923b:192.168.5.171:46775, 9aee5a09-4a58-4c9c-9e60-8a9aa652786c:192.168.5.171:38202, 4d64a175-4b4e-44c0-a69c-2b88ef1d7b0a:192.168.5.171:38950], old=null
2019-09-19 10:38:45,102 [pool-578-thread-1] INFO  impl.RoleInfo (RoleInfo.java:updateAndGet(143)) - 9aee5a09-4a58-4c9c-9e60-8a9aa652786c: start FollowerState
2019-09-19 10:38:45,102 [pool-598-thread-1] INFO  impl.RaftServerImpl (RaftServerImpl.java:setRole(174)) - 22b67679-0935-426b-83cf-71539ab9923b@group-C20DF5AD5186: changes role from      null to FOLLOWER at term 0 for startAsFollower
2019-09-19 10:38:45,102 [pool-588-thread-1] INFO  impl.RaftServerImpl (RaftServerImpl.java:start(185)) - 4d64a175-4b4e-44c0-a69c-2b88ef1d7b0a@group-C20DF5AD5186: start as a follower, conf=-1: [22b67679-0935-426b-83cf-71539ab9923b:192.168.5.171:46775, 9aee5a09-4a58-4c9c-9e60-8a9aa652786c:192.168.5.171:38202, 4d64a175-4b4e-44c0-a69c-2b88ef1d7b0a:192.168.5.171:38950], old=null
2019-09-19 10:38:45,103 [pool-598-thread-1] INFO  impl.RoleInfo (RoleInfo.java:updateAndGet(143)) - 22b67679-0935-426b-83cf-71539ab9923b: start FollowerState
2019-09-19 10:38:45,103 [pool-578-thread-1] INFO  util.JmxRegister (JmxRegister.java:tryRegister(44)) - Successfully registered JMX Bean with object name Ratis:service=RaftServer,group=group-C20DF5AD5186,id=9aee5a09-4a58-4c9c-9e60-8a9aa652786c
2019-09-19 10:38:45,103 [pool-588-thread-1] INFO  impl.RaftServerImpl (RaftServerImpl.java:setRole(174)) - 4d64a175-4b4e-44c0-a69c-2b88ef1d7b0a@group-C20DF5AD5186: changes role from      null to FOLLOWER at term 0 for startAsFollower
2019-09-19 10:38:45,103 [pool-598-thread-1] INFO  util.JmxRegister (JmxRegister.java:tryRegister(44)) - Successfully registered JMX Bean with object name Ratis:service=RaftServer,group=group-C20DF5AD5186,id=22b67679-0935-426b-83cf-71539ab9923b
2019-09-19 10:38:45,103 [pool-588-thread-1] INFO  impl.RoleInfo (RoleInfo.java:updateAndGet(143)) - 4d64a175-4b4e-44c0-a69c-2b88ef1d7b0a: start FollowerState
2019-09-19 10:38:45,104 [pool-588-thread-1] INFO  util.JmxRegister (JmxRegister.java:tryRegister(44)) - Successfully registered JMX Bean with object name Ratis:service=RaftServer,group=group-C20DF5AD5186,id=4d64a175-4b4e-44c0-a69c-2b88ef1d7b0a
2019-09-19 10:38:45,109 [RatisPipelineUtilsThread] INFO  pipeline.PipelineStateManager (PipelineStateManager.java:addPipeline(56)) - Created pipeline Pipeline[ Id: 12281073-64bf-48be-8c1e-c20df5ad5186, Nodes: 9aee5a09-4a58-4c9c-9e60-8a9aa652786c{ip: 192.168.5.171, host: pr-hdds-1054-s6xkv-2432930293, networkLocation: /default-rack, certSerialId: null}4d64a175-4b4e-44c0-a69c-2b88ef1d7b0a{ip: 192.168.5.171, host: pr-hdds-1054-s6xkv-2432930293, networkLocation: /default-rack, certSerialId: null}22b67679-0935-426b-83cf-71539ab9923b{ip: 192.168.5.171, host: pr-hdds-1054-s6xkv-2432930293, networkLocation: /default-rack, certSerialId: null}, Type:RATIS, Factor:THREE, State:OPEN]
2019-09-19 10:38:45,119 [grpc-default-executor-4] INFO  impl.RaftServerProxy (RaftServerProxy.java:remove(95)) - 9aee5a09-4a58-4c9c-9e60-8a9aa652786c: remove group-E4721F147E2B:null
2019-09-19 10:38:45,166 [RatisPipelineUtilsThread] WARN  pipeline.RatisPipelineUtils (RatisPipelineUtils.java:destroyPipeline(66)) - Pipeline destroy failed for pipeline=PipelineID=6fd363cf-5c28-420a-9a5d-e4721f147e2b dn=9aee5a09-4a58-4c9c-9e60-8a9aa652786c{ip: 192.168.5.171, host: pr-hdds-1054-s6xkv-2432930293, networkLocation: /default-rack, certSerialId: null}
2019-09-19 10:38:45,169 [grpc-default-executor-4] INFO  impl.RaftServerProxy (RaftServerProxy.java:remove(95)) - 4d64a175-4b4e-44c0-a69c-2b88ef1d7b0a: remove group-E4721F147E2B:null
2019-09-19 10:38:45,176 [RatisPipelineUtilsThread] WARN  pipeline.RatisPipelineUtils (RatisPipelineUtils.java:destroyPipeline(66)) - Pipeline destroy failed for pipeline=PipelineID=6fd363cf-5c28-420a-9a5d-e4721f147e2b dn=4d64a175-4b4e-44c0-a69c-2b88ef1d7b0a{ip: 192.168.5.171, host: pr-hdds-1054-s6xkv-2432930293, networkLocation: /default-rack, certSerialId: null}
2019-09-19 10:38:45,178 [grpc-default-executor-4] INFO  impl.RaftServerProxy (RaftServerProxy.java:remove(95)) - 22b67679-0935-426b-83cf-71539ab9923b: remove group-E4721F147E2B:null
2019-09-19 10:38:45,184 [RatisPipelineUtilsThread] WARN  pipeline.RatisPipelineUtils (RatisPipelineUtils.java:destroyPipeline(66)) - Pipeline destroy failed for pipeline=PipelineID=6fd363cf-5c28-420a-9a5d-e4721f147e2b dn=22b67679-0935-426b-83cf-71539ab9923b{ip: 192.168.5.171, host: pr-hdds-1054-s6xkv-2432930293, networkLocation: /default-rack, certSerialId: null}
2019-09-19 10:38:45,191 [RatisPipelineUtilsThread] ERROR pipeline.SCMPipelineManager (Scheduler.java:lambda$schedule$1(70)) - Destroy pipeline failed for pipeline:Pipeline[ Id: 6fd363cf-5c28-420a-9a5d-e4721f147e2b, Nodes: 9aee5a09-4a58-4c9c-9e60-8a9aa652786c{ip: 192.168.5.171, host: pr-hdds-1054-s6xkv-2432930293, networkLocation: /default-rack, certSerialId: null}4d64a175-4b4e-44c0-a69c-2b88ef1d7b0a{ip: 192.168.5.171, host: pr-hdds-1054-s6xkv-2432930293, networkLocation: /default-rack, certSerialId: null}22b67679-0935-426b-83cf-71539ab9923b{ip: 192.168.5.171, host: pr-hdds-1054-s6xkv-2432930293, networkLocation: /default-rack, certSerialId: null}, Type:RATIS, Factor:THREE, State:CLOSED]
org.apache.hadoop.hdds.scm.pipeline.PipelineNotFoundException: PipelineID=6fd363cf-5c28-420a-9a5d-e4721f147e2b not found
	at org.apache.hadoop.hdds.scm.pipeline.PipelineStateMap.getPipeline(PipelineStateMap.java:132)
	at org.apache.hadoop.hdds.scm.pipeline.PipelineStateMap.removePipeline(PipelineStateMap.java:322)
	at org.apache.hadoop.hdds.scm.pipeline.PipelineStateManager.removePipeline(PipelineStateManager.java:107)
	at org.apache.hadoop.hdds.scm.pipeline.SCMPipelineManager.removePipeline(SCMPipelineManager.java:423)
	at org.apache.hadoop.hdds.scm.pipeline.SCMPipelineManager.destroyPipeline(SCMPipelineManager.java:409)
	at org.apache.hadoop.hdds.scm.pipeline.SCMPipelineManager.lambda$finalizeAndDestroyPipeline$0(SCMPipelineManager.java:318)
	at org.apache.hadoop.hdds.utils.Scheduler.lambda$schedule$1(Scheduler.java:68)
	at java.util.concurrent.Executors$RunnableAdapter.call(Executors.java:511)
	at java.util.concurrent.FutureTask.run(FutureTask.java:266)
	at java.util.concurrent.ScheduledThreadPoolExecutor$ScheduledFutureTask.access$201(ScheduledThreadPoolExecutor.java:180)
	at java.util.concurrent.ScheduledThreadPoolExecutor$ScheduledFutureTask.run(ScheduledThreadPoolExecutor.java:293)
	at java.util.concurrent.ThreadPoolExecutor.runWorker(ThreadPoolExecutor.java:1149)
	at java.util.concurrent.ThreadPoolExecutor$Worker.run(ThreadPoolExecutor.java:624)
	at java.lang.Thread.run(Thread.java:748)
2019-09-19 10:38:45,194 [grpc-default-executor-4] INFO  impl.RaftServerProxy (RaftServerProxy.java:remove(95)) - 9aee5a09-4a58-4c9c-9e60-8a9aa652786c: remove group-E4721F147E2B:null
2019-09-19 10:38:45,201 [RatisPipelineUtilsThread] WARN  pipeline.RatisPipelineUtils (RatisPipelineUtils.java:destroyPipeline(66)) - Pipeline destroy failed for pipeline=PipelineID=6fd363cf-5c28-420a-9a5d-e4721f147e2b dn=9aee5a09-4a58-4c9c-9e60-8a9aa652786c{ip: 192.168.5.171, host: pr-hdds-1054-s6xkv-2432930293, networkLocation: /default-rack, certSerialId: null}
2019-09-19 10:38:45,203 [grpc-default-executor-4] INFO  impl.RaftServerProxy (RaftServerProxy.java:remove(95)) - 4d64a175-4b4e-44c0-a69c-2b88ef1d7b0a: remove group-E4721F147E2B:null
2019-09-19 10:38:45,208 [RatisPipelineUtilsThread] WARN  pipeline.RatisPipelineUtils (RatisPipelineUtils.java:destroyPipeline(66)) - Pipeline destroy failed for pipeline=PipelineID=6fd363cf-5c28-420a-9a5d-e4721f147e2b dn=4d64a175-4b4e-44c0-a69c-2b88ef1d7b0a{ip: 192.168.5.171, host: pr-hdds-1054-s6xkv-2432930293, networkLocation: /default-rack, certSerialId: null}
2019-09-19 10:38:45,210 [grpc-default-executor-4] INFO  impl.RaftServerProxy (RaftServerProxy.java:remove(95)) - 22b67679-0935-426b-83cf-71539ab9923b: remove group-E4721F147E2B:null
2019-09-19 10:38:45,215 [RatisPipelineUtilsThread] WARN  pipeline.RatisPipelineUtils (RatisPipelineUtils.java:destroyPipeline(66)) - Pipeline destroy failed for pipeline=PipelineID=6fd363cf-5c28-420a-9a5d-e4721f147e2b dn=22b67679-0935-426b-83cf-71539ab9923b{ip: 192.168.5.171, host: pr-hdds-1054-s6xkv-2432930293, networkLocation: /default-rack, certSerialId: null}
2019-09-19 10:38:45,215 [RatisPipelineUtilsThread] ERROR pipeline.SCMPipelineManager (Scheduler.java:lambda$schedule$1(70)) - Destroy pipeline failed for pipeline:Pipeline[ Id: 6fd363cf-5c28-420a-9a5d-e4721f147e2b, Nodes: 9aee5a09-4a58-4c9c-9e60-8a9aa652786c{ip: 192.168.5.171, host: pr-hdds-1054-s6xkv-2432930293, networkLocation: /default-rack, certSerialId: null}4d64a175-4b4e-44c0-a69c-2b88ef1d7b0a{ip: 192.168.5.171, host: pr-hdds-1054-s6xkv-2432930293, networkLocation: /default-rack, certSerialId: null}22b67679-0935-426b-83cf-71539ab9923b{ip: 192.168.5.171, host: pr-hdds-1054-s6xkv-2432930293, networkLocation: /default-rack, certSerialId: null}, Type:RATIS, Factor:THREE, State:CLOSED]
org.apache.hadoop.hdds.scm.pipeline.PipelineNotFoundException: PipelineID=6fd363cf-5c28-420a-9a5d-e4721f147e2b not found
	at org.apache.hadoop.hdds.scm.pipeline.PipelineStateMap.getPipeline(PipelineStateMap.java:132)
	at org.apache.hadoop.hdds.scm.pipeline.PipelineStateMap.removePipeline(PipelineStateMap.java:322)
	at org.apache.hadoop.hdds.scm.pipeline.PipelineStateManager.removePipeline(PipelineStateManager.java:107)
	at org.apache.hadoop.hdds.scm.pipeline.SCMPipelineManager.removePipeline(SCMPipelineManager.java:423)
	at org.apache.hadoop.hdds.scm.pipeline.SCMPipelineManager.destroyPipeline(SCMPipelineManager.java:409)
	at org.apache.hadoop.hdds.scm.pipeline.SCMPipelineManager.lambda$finalizeAndDestroyPipeline$0(SCMPipelineManager.java:318)
	at org.apache.hadoop.hdds.utils.Scheduler.lambda$schedule$1(Scheduler.java:68)
	at java.util.concurrent.Executors$RunnableAdapter.call(Executors.java:511)
	at java.util.concurrent.FutureTask.run(FutureTask.java:266)
	at java.util.concurrent.ScheduledThreadPoolExecutor$ScheduledFutureTask.access$201(ScheduledThreadPoolExecutor.java:180)
	at java.util.concurrent.ScheduledThreadPoolExecutor$ScheduledFutureTask.run(ScheduledThreadPoolExecutor.java:293)
	at java.util.concurrent.ThreadPoolExecutor.runWorker(ThreadPoolExecutor.java:1149)
	at java.util.concurrent.ThreadPoolExecutor$Worker.run(ThreadPoolExecutor.java:624)
	at java.lang.Thread.run(Thread.java:748)
2019-09-19 10:38:46,106 [main] INFO  handler.ContextHandler (ContextHandler.java:doStop(910)) - Stopped o.e.j.w.WebAppContext@3f1d6a13{/,null,UNAVAILABLE}{/ozoneManager}
2019-09-19 10:38:46,108 [main] INFO  server.AbstractConnector (AbstractConnector.java:doStop(318)) - Stopped ServerConnector@7cbf4f8c{HTTP/1.1,[http/1.1]}{0.0.0.0:0}
2019-09-19 10:38:46,109 [main] INFO  handler.ContextHandler (ContextHandler.java:doStop(910)) - Stopped o.e.j.s.ServletContextHandler@7be3abaa{/static,jar:file:/home/user/.m2/repository/org/apache/hadoop/hadoop-ozone-ozone-manager/0.5.0-SNAPSHOT/hadoop-ozone-ozone-manager-0.5.0-SNAPSHOT.jar!/webapps/static,UNAVAILABLE}
2019-09-19 10:38:46,110 [main] INFO  handler.ContextHandler (ContextHandler.java:doStop(910)) - Stopped o.e.j.s.ServletContextHandler@41f686af{/logs,file:///workdir/hadoop-ozone/ozonefs/target/log,UNAVAILABLE}
2019-09-19 10:38:46,113 [main] INFO  ozone.MiniOzoneClusterImpl (MiniOzoneClusterImpl.java:stop(335)) - Shutting the HddsDatanodes
2019-09-19 10:38:46,299 [Datanode State Machine Thread - 0] INFO  statemachine.DatanodeStateMachine (DatanodeStateMachine.java:lambda$startDaemon$0(350)) - Ozone container server started.
2019-09-19 10:38:46,846 [Datanode State Machine Thread - 0] INFO  statemachine.DatanodeStateMachine (DatanodeStateMachine.java:lambda$startDaemon$0(350)) - Ozone container server started.
2019-09-19 10:38:49,851 [grpc-default-executor-4] INFO  impl.RaftServerProxy (RaftServerProxy.java:remove(95)) - 9aee5a09-4a58-4c9c-9e60-8a9aa652786c: remove group-E4721F147E2B:null
2019-09-19 10:38:49,866 [RatisPipelineUtilsThread] WARN  pipeline.RatisPipelineUtils (RatisPipelineUtils.java:destroyPipeline(66)) - Pipeline destroy failed for pipeline=PipelineID=6fd363cf-5c28-420a-9a5d-e4721f147e2b dn=9aee5a09-4a58-4c9c-9e60-8a9aa652786c{ip: 192.168.5.171, host: pr-hdds-1054-s6xkv-2432930293, networkLocation: /default-rack, certSerialId: null}
2019-09-19 10:38:49,869 [grpc-default-executor-4] INFO  impl.RaftServerProxy (RaftServerProxy.java:remove(95)) - 4d64a175-4b4e-44c0-a69c-2b88ef1d7b0a: remove group-E4721F147E2B:null
2019-09-19 10:38:49,875 [RatisPipelineUtilsThread] WARN  pipeline.RatisPipelineUtils (RatisPipelineUtils.java:destroyPipeline(66)) - Pipeline destroy failed for pipeline=PipelineID=6fd363cf-5c28-420a-9a5d-e4721f147e2b dn=4d64a175-4b4e-44c0-a69c-2b88ef1d7b0a{ip: 192.168.5.171, host: pr-hdds-1054-s6xkv-2432930293, networkLocation: /default-rack, certSerialId: null}
2019-09-19 10:38:49,877 [grpc-default-executor-4] INFO  impl.RaftServerProxy (RaftServerProxy.java:remove(95)) - 22b67679-0935-426b-83cf-71539ab9923b: remove group-E4721F147E2B:null
2019-09-19 10:38:49,883 [RatisPipelineUtilsThread] WARN  pipeline.RatisPipelineUtils (RatisPipelineUtils.java:destroyPipeline(66)) - Pipeline destroy failed for pipeline=PipelineID=6fd363cf-5c28-420a-9a5d-e4721f147e2b dn=22b67679-0935-426b-83cf-71539ab9923b{ip: 192.168.5.171, host: pr-hdds-1054-s6xkv-2432930293, networkLocation: /default-rack, certSerialId: null}
2019-09-19 10:38:49,884 [RatisPipelineUtilsThread] ERROR pipeline.SCMPipelineManager (Scheduler.java:lambda$schedule$1(70)) - Destroy pipeline failed for pipeline:Pipeline[ Id: 6fd363cf-5c28-420a-9a5d-e4721f147e2b, Nodes: 9aee5a09-4a58-4c9c-9e60-8a9aa652786c{ip: 192.168.5.171, host: pr-hdds-1054-s6xkv-2432930293, networkLocation: /default-rack, certSerialId: null}4d64a175-4b4e-44c0-a69c-2b88ef1d7b0a{ip: 192.168.5.171, host: pr-hdds-1054-s6xkv-2432930293, networkLocation: /default-rack, certSerialId: null}22b67679-0935-426b-83cf-71539ab9923b{ip: 192.168.5.171, host: pr-hdds-1054-s6xkv-2432930293, networkLocation: /default-rack, certSerialId: null}, Type:RATIS, Factor:THREE, State:CLOSED]
org.apache.hadoop.hdds.scm.pipeline.PipelineNotFoundException: PipelineID=6fd363cf-5c28-420a-9a5d-e4721f147e2b not found
	at org.apache.hadoop.hdds.scm.pipeline.PipelineStateMap.getPipeline(PipelineStateMap.java:132)
	at org.apache.hadoop.hdds.scm.pipeline.PipelineStateMap.removePipeline(PipelineStateMap.java:322)
	at org.apache.hadoop.hdds.scm.pipeline.PipelineStateManager.removePipeline(PipelineStateManager.java:107)
	at org.apache.hadoop.hdds.scm.pipeline.SCMPipelineManager.removePipeline(SCMPipelineManager.java:423)
	at org.apache.hadoop.hdds.scm.pipeline.SCMPipelineManager.destroyPipeline(SCMPipelineManager.java:409)
	at org.apache.hadoop.hdds.scm.pipeline.SCMPipelineManager.lambda$finalizeAndDestroyPipeline$0(SCMPipelineManager.java:318)
	at org.apache.hadoop.hdds.utils.Scheduler.lambda$schedule$1(Scheduler.java:68)
	at java.util.concurrent.Executors$RunnableAdapter.call(Executors.java:511)
	at java.util.concurrent.FutureTask.run(FutureTask.java:266)
	at java.util.concurrent.ScheduledThreadPoolExecutor$ScheduledFutureTask.access$201(ScheduledThreadPoolExecutor.java:180)
	at java.util.concurrent.ScheduledThreadPoolExecutor$ScheduledFutureTask.run(ScheduledThreadPoolExecutor.java:293)
	at java.util.concurrent.ThreadPoolExecutor.runWorker(ThreadPoolExecutor.java:1149)
	at java.util.concurrent.ThreadPoolExecutor$Worker.run(ThreadPoolExecutor.java:624)
	at java.lang.Thread.run(Thread.java:748)
2019-09-19 10:38:49,886 [grpc-default-executor-4] INFO  impl.RaftServerProxy (RaftServerProxy.java:remove(95)) - 9aee5a09-4a58-4c9c-9e60-8a9aa652786c: remove group-E4721F147E2B:null
2019-09-19 10:38:49,891 [RatisPipelineUtilsThread] WARN  pipeline.RatisPipelineUtils (RatisPipelineUtils.java:destroyPipeline(66)) - Pipeline destroy failed for pipeline=PipelineID=6fd363cf-5c28-420a-9a5d-e4721f147e2b dn=9aee5a09-4a58-4c9c-9e60-8a9aa652786c{ip: 192.168.5.171, host: pr-hdds-1054-s6xkv-2432930293, networkLocation: /default-rack, certSerialId: null}
2019-09-19 10:38:49,893 [grpc-default-executor-4] INFO  impl.RaftServerProxy (RaftServerProxy.java:remove(95)) - 4d64a175-4b4e-44c0-a69c-2b88ef1d7b0a: remove group-E4721F147E2B:null
2019-09-19 10:38:49,897 [RatisPipelineUtilsThread] WARN  pipeline.RatisPipelineUtils (RatisPipelineUtils.java:destroyPipeline(66)) - Pipeline destroy failed for pipeline=PipelineID=6fd363cf-5c28-420a-9a5d-e4721f147e2b dn=4d64a175-4b4e-44c0-a69c-2b88ef1d7b0a{ip: 192.168.5.171, host: pr-hdds-1054-s6xkv-2432930293, networkLocation: /default-rack, certSerialId: null}
2019-09-19 10:38:49,899 [grpc-default-executor-4] INFO  impl.RaftServerProxy (RaftServerProxy.java:remove(95)) - 22b67679-0935-426b-83cf-71539ab9923b: remove group-E4721F147E2B:null
2019-09-19 10:38:49,904 [RatisPipelineUtilsThread] WARN  pipeline.RatisPipelineUtils (RatisPipelineUtils.java:destroyPipeline(66)) - Pipeline destroy failed for pipeline=PipelineID=6fd363cf-5c28-420a-9a5d-e4721f147e2b dn=22b67679-0935-426b-83cf-71539ab9923b{ip: 192.168.5.171, host: pr-hdds-1054-s6xkv-2432930293, networkLocation: /default-rack, certSerialId: null}
2019-09-19 10:38:49,904 [RatisPipelineUtilsThread] ERROR pipeline.SCMPipelineManager (Scheduler.java:lambda$schedule$1(70)) - Destroy pipeline failed for pipeline:Pipeline[ Id: 6fd363cf-5c28-420a-9a5d-e4721f147e2b, Nodes: 9aee5a09-4a58-4c9c-9e60-8a9aa652786c{ip: 192.168.5.171, host: pr-hdds-1054-s6xkv-2432930293, networkLocation: /default-rack, certSerialId: null}4d64a175-4b4e-44c0-a69c-2b88ef1d7b0a{ip: 192.168.5.171, host: pr-hdds-1054-s6xkv-2432930293, networkLocation: /default-rack, certSerialId: null}22b67679-0935-426b-83cf-71539ab9923b{ip: 192.168.5.171, host: pr-hdds-1054-s6xkv-2432930293, networkLocation: /default-rack, certSerialId: null}, Type:RATIS, Factor:THREE, State:CLOSED]
org.apache.hadoop.hdds.scm.pipeline.PipelineNotFoundException: PipelineID=6fd363cf-5c28-420a-9a5d-e4721f147e2b not found
	at org.apache.hadoop.hdds.scm.pipeline.PipelineStateMap.getPipeline(PipelineStateMap.java:132)
	at org.apache.hadoop.hdds.scm.pipeline.PipelineStateMap.removePipeline(PipelineStateMap.java:322)
	at org.apache.hadoop.hdds.scm.pipeline.PipelineStateManager.removePipeline(PipelineStateManager.java:107)
	at org.apache.hadoop.hdds.scm.pipeline.SCMPipelineManager.removePipeline(SCMPipelineManager.java:423)
	at org.apache.hadoop.hdds.scm.pipeline.SCMPipelineManager.destroyPipeline(SCMPipelineManager.java:409)
	at org.apache.hadoop.hdds.scm.pipeline.SCMPipelineManager.lambda$finalizeAndDestroyPipeline$0(SCMPipelineManager.java:318)
	at org.apache.hadoop.hdds.utils.Scheduler.lambda$schedule$1(Scheduler.java:68)
	at java.util.concurrent.Executors$RunnableAdapter.call(Executors.java:511)
	at java.util.concurrent.FutureTask.run(FutureTask.java:266)
	at java.util.concurrent.ScheduledThreadPoolExecutor$ScheduledFutureTask.access$201(ScheduledThreadPoolExecutor.java:180)
	at java.util.concurrent.ScheduledThreadPoolExecutor$ScheduledFutureTask.run(ScheduledThreadPoolExecutor.java:293)
	at java.util.concurrent.ThreadPoolExecutor.runWorker(ThreadPoolExecutor.java:1149)
	at java.util.concurrent.ThreadPoolExecutor$Worker.run(ThreadPoolExecutor.java:624)
	at java.lang.Thread.run(Thread.java:748)
2019-09-19 10:38:50,181 [Thread-3180] INFO  impl.FollowerState (FollowerState.java:run(106)) - 22b67679-0935-426b-83cf-71539ab9923b:group-C20DF5AD5186 changes to CANDIDATE, lastRpcTime:5078, electionTimeout:5078ms
2019-09-19 10:38:50,182 [Thread-3180] INFO  impl.RoleInfo (RoleInfo.java:shutdownFollowerState(121)) - 22b67679-0935-426b-83cf-71539ab9923b: shutdown FollowerState
2019-09-19 10:38:50,182 [Thread-3180] INFO  impl.RaftServerImpl (RaftServerImpl.java:setRole(174)) - 22b67679-0935-426b-83cf-71539ab9923b@group-C20DF5AD5186: changes role from  FOLLOWER to CANDIDATE at term 0 for changeToCandidate
2019-09-19 10:38:50,182 [Thread-3180] INFO  impl.RoleInfo (RoleInfo.java:updateAndGet(143)) - 22b67679-0935-426b-83cf-71539ab9923b: start LeaderElection
2019-09-19 10:38:50,204 [Thread-3173] INFO  impl.FollowerState (FollowerState.java:run(106)) - 9aee5a09-4a58-4c9c-9e60-8a9aa652786c:group-7B56889D45A3 changes to CANDIDATE, lastRpcTime:5104, electionTimeout:5099ms
2019-09-19 10:38:50,204 [Thread-3173] INFO  impl.RoleInfo (RoleInfo.java:shutdownFollowerState(121)) - 9aee5a09-4a58-4c9c-9e60-8a9aa652786c: shutdown FollowerState
2019-09-19 10:38:50,204 [Thread-3173] INFO  impl.RaftServerImpl (RaftServerImpl.java:setRole(174)) - 9aee5a09-4a58-4c9c-9e60-8a9aa652786c@group-7B56889D45A3: changes role from  FOLLOWER to CANDIDATE at term 0 for changeToCandidate
2019-09-19 10:38:50,205 [Thread-3173] INFO  impl.RoleInfo (RoleInfo.java:updateAndGet(143)) - 9aee5a09-4a58-4c9c-9e60-8a9aa652786c: start LeaderElection
2019-09-19 10:38:50,212 [Thread-3179] INFO  impl.FollowerState (FollowerState.java:run(106)) - 9aee5a09-4a58-4c9c-9e60-8a9aa652786c:group-C20DF5AD5186 changes to CANDIDATE, lastRpcTime:5109, electionTimeout:5109ms
2019-09-19 10:38:50,212 [Thread-3179] INFO  impl.RoleInfo (RoleInfo.java:shutdownFollowerState(121)) - 9aee5a09-4a58-4c9c-9e60-8a9aa652786c: shutdown FollowerState
2019-09-19 10:38:50,212 [Thread-3179] INFO  impl.RaftServerImpl (RaftServerImpl.java:setRole(174)) - 9aee5a09-4a58-4c9c-9e60-8a9aa652786c@group-C20DF5AD5186: changes role from  FOLLOWER to CANDIDATE at term 0 for changeToCandidate
2019-09-19 10:38:50,212 [Thread-3179] INFO  impl.RoleInfo (RoleInfo.java:updateAndGet(143)) - 9aee5a09-4a58-4c9c-9e60-8a9aa652786c: start LeaderElection
2019-09-19 10:38:50,252 [Thread-3175] INFO  impl.FollowerState (FollowerState.java:run(106)) - 22b67679-0935-426b-83cf-71539ab9923b:group-7B56889D45A3 changes to CANDIDATE, lastRpcTime:5151, electionTimeout:5151ms
2019-09-19 10:38:50,252 [Thread-3175] INFO  impl.RoleInfo (RoleInfo.java:shutdownFollowerState(121)) - 22b67679-0935-426b-83cf-71539ab9923b: shutdown FollowerState
2019-09-19 10:38:50,253 [Thread-3175] INFO  impl.RaftServerImpl (RaftServerImpl.java:setRole(174)) - 22b67679-0935-426b-83cf-71539ab9923b@group-7B56889D45A3: changes role from  FOLLOWER to CANDIDATE at term 0 for changeToCandidate
2019-09-19 10:38:50,253 [Thread-3175] INFO  impl.RoleInfo (RoleInfo.java:updateAndGet(143)) - 22b67679-0935-426b-83cf-71539ab9923b: start LeaderElection
2019-09-19 10:38:50,264 [Thread-3181] INFO  impl.FollowerState (FollowerState.java:run(106)) - 4d64a175-4b4e-44c0-a69c-2b88ef1d7b0a:group-C20DF5AD5186 changes to CANDIDATE, lastRpcTime:5160, electionTimeout:5160ms
2019-09-19 10:38:50,264 [Thread-3181] INFO  impl.RoleInfo (RoleInfo.java:shutdownFollowerState(121)) - 4d64a175-4b4e-44c0-a69c-2b88ef1d7b0a: shutdown FollowerState
2019-09-19 10:38:50,264 [Thread-3181] INFO  impl.RaftServerImpl (RaftServerImpl.java:setRole(174)) - 4d64a175-4b4e-44c0-a69c-2b88ef1d7b0a@group-C20DF5AD5186: changes role from  FOLLOWER to CANDIDATE at term 0 for changeToCandidate
2019-09-19 10:38:50,264 [Thread-3181] INFO  impl.RoleInfo (RoleInfo.java:updateAndGet(143)) - 4d64a175-4b4e-44c0-a69c-2b88ef1d7b0a: start LeaderElection
2019-09-19 10:38:50,286 [Thread-3174] INFO  impl.FollowerState (FollowerState.java:run(106)) - 4d64a175-4b4e-44c0-a69c-2b88ef1d7b0a:group-7B56889D45A3 changes to CANDIDATE, lastRpcTime:5185, electionTimeout:5185ms
2019-09-19 10:38:50,286 [Thread-3174] INFO  impl.RoleInfo (RoleInfo.java:shutdownFollowerState(121)) - 4d64a175-4b4e-44c0-a69c-2b88ef1d7b0a: shutdown FollowerState
2019-09-19 10:38:50,286 [Thread-3174] INFO  impl.RaftServerImpl (RaftServerImpl.java:setRole(174)) - 4d64a175-4b4e-44c0-a69c-2b88ef1d7b0a@group-7B56889D45A3: changes role from  FOLLOWER to CANDIDATE at term 0 for changeToCandidate
2019-09-19 10:38:50,287 [Thread-3174] INFO  impl.RoleInfo (RoleInfo.java:updateAndGet(143)) - 4d64a175-4b4e-44c0-a69c-2b88ef1d7b0a: start LeaderElection
2019-09-19 10:38:50,296 [grpc-default-executor-4] INFO  impl.RaftServerProxy (RaftServerProxy.java:remove(95)) - 9aee5a09-4a58-4c9c-9e60-8a9aa652786c: remove group-E4721F147E2B:null
2019-09-19 10:38:50,303 [RatisPipelineUtilsThread] WARN  pipeline.RatisPipelineUtils (RatisPipelineUtils.java:destroyPipeline(66)) - Pipeline destroy failed for pipeline=PipelineID=6fd363cf-5c28-420a-9a5d-e4721f147e2b dn=9aee5a09-4a58-4c9c-9e60-8a9aa652786c{ip: 192.168.5.171, host: pr-hdds-1054-s6xkv-2432930293, networkLocation: /default-rack, certSerialId: null}
2019-09-19 10:38:50,306 [grpc-default-executor-4] INFO  impl.RaftServerProxy (RaftServerProxy.java:remove(95)) - 4d64a175-4b4e-44c0-a69c-2b88ef1d7b0a: remove group-E4721F147E2B:null
2019-09-19 10:38:50,313 [RatisPipelineUtilsThread] WARN  pipeline.RatisPipelineUtils (RatisPipelineUtils.java:destroyPipeline(66)) - Pipeline destroy failed for pipeline=PipelineID=6fd363cf-5c28-420a-9a5d-e4721f147e2b dn=4d64a175-4b4e-44c0-a69c-2b88ef1d7b0a{ip: 192.168.5.171, host: pr-hdds-1054-s6xkv-2432930293, networkLocation: /default-rack, certSerialId: null}
2019-09-19 10:38:50,315 [grpc-default-executor-4] INFO  impl.RaftServerProxy (RaftServerProxy.java:remove(95)) - 22b67679-0935-426b-83cf-71539ab9923b: remove group-E4721F147E2B:null
2019-09-19 10:38:50,321 [RatisPipelineUtilsThread] WARN  pipeline.RatisPipelineUtils (RatisPipelineUtils.java:destroyPipeline(66)) - Pipeline destroy failed for pipeline=PipelineID=6fd363cf-5c28-420a-9a5d-e4721f147e2b dn=22b67679-0935-426b-83cf-71539ab9923b{ip: 192.168.5.171, host: pr-hdds-1054-s6xkv-2432930293, networkLocation: /default-rack, certSerialId: null}
2019-09-19 10:38:50,981 [RatisPipelineUtilsThread] ERROR pipeline.SCMPipelineManager (Scheduler.java:lambda$schedule$1(70)) - Destroy pipeline failed for pipeline:Pipeline[ Id: 6fd363cf-5c28-420a-9a5d-e4721f147e2b, Nodes: 9aee5a09-4a58-4c9c-9e60-8a9aa652786c{ip: 192.168.5.171, host: pr-hdds-1054-s6xkv-2432930293, networkLocation: /default-rack, certSerialId: null}4d64a175-4b4e-44c0-a69c-2b88ef1d7b0a{ip: 192.168.5.171, host: pr-hdds-1054-s6xkv-2432930293, networkLocation: /default-rack, certSerialId: null}22b67679-0935-426b-83cf-71539ab9923b{ip: 192.168.5.171, host: pr-hdds-1054-s6xkv-2432930293, networkLocation: /default-rack, certSerialId: null}, Type:RATIS, Factor:THREE, State:CLOSED]
org.apache.hadoop.hdds.scm.pipeline.PipelineNotFoundException: PipelineID=6fd363cf-5c28-420a-9a5d-e4721f147e2b not found
	at org.apache.hadoop.hdds.scm.pipeline.PipelineStateMap.getPipeline(PipelineStateMap.java:132)
	at org.apache.hadoop.hdds.scm.pipeline.PipelineStateMap.removePipeline(PipelineStateMap.java:322)
	at org.apache.hadoop.hdds.scm.pipeline.PipelineStateManager.removePipeline(PipelineStateManager.java:107)
	at org.apache.hadoop.hdds.scm.pipeline.SCMPipelineManager.removePipeline(SCMPipelineManager.java:423)
	at org.apache.hadoop.hdds.scm.pipeline.SCMPipelineManager.destroyPipeline(SCMPipelineManager.java:409)
	at org.apache.hadoop.hdds.scm.pipeline.SCMPipelineManager.lambda$finalizeAndDestroyPipeline$0(SCMPipelineManager.java:318)
	at org.apache.hadoop.hdds.utils.Scheduler.lambda$schedule$1(Scheduler.java:68)
	at java.util.concurrent.Executors$RunnableAdapter.call(Executors.java:511)
	at java.util.concurrent.FutureTask.run(FutureTask.java:266)
	at java.util.concurrent.ScheduledThreadPoolExecutor$ScheduledFutureTask.access$201(ScheduledThreadPoolExecutor.java:180)
	at java.util.concurrent.ScheduledThreadPoolExecutor$ScheduledFutureTask.run(ScheduledThreadPoolExecutor.java:293)
	at java.util.concurrent.ThreadPoolExecutor.runWorker(ThreadPoolExecutor.java:1149)
	at java.util.concurrent.ThreadPoolExecutor$Worker.run(ThreadPoolExecutor.java:624)
	at java.lang.Thread.run(Thread.java:748)
2019-09-19 10:38:51,116 [ForkJoinPool.commonPool-worker-0] INFO  ozoneimpl.OzoneContainer (OzoneContainer.java:stop(231)) - Attempting to stop container services.
2019-09-19 10:38:51,116 [main] INFO  ozoneimpl.OzoneContainer (OzoneContainer.java:stop(231)) - Attempting to stop container services.
2019-09-19 10:38:51,117 [ForkJoinPool.commonPool-worker-0] INFO  impl.RaftServerProxy (RaftServerProxy.java:lambda$close$4(314)) - 9aee5a09-4a58-4c9c-9e60-8a9aa652786c: close
2019-09-19 10:38:51,118 [main] INFO  impl.RaftServerProxy (RaftServerProxy.java:lambda$close$4(314)) - 4d64a175-4b4e-44c0-a69c-2b88ef1d7b0a: close
2019-09-19 10:38:51,118 [ForkJoinPool.commonPool-worker-0] INFO  impl.RaftServerImpl (RaftServerImpl.java:lambda$shutdown$3(251)) - 9aee5a09-4a58-4c9c-9e60-8a9aa652786c@group-C20DF5AD5186: shutdown
2019-09-19 10:38:51,119 [main] INFO  impl.RaftServerImpl (RaftServerImpl.java:lambda$shutdown$3(251)) - 4d64a175-4b4e-44c0-a69c-2b88ef1d7b0a@group-C20DF5AD5186: shutdown
2019-09-19 10:38:51,119 [ForkJoinPool.commonPool-worker-0] INFO  util.JmxRegister (JmxRegister.java:unregister(73)) - Successfully un-registered JMX Bean with object name Ratis:service=RaftServer,group=group-C20DF5AD5186,id=9aee5a09-4a58-4c9c-9e60-8a9aa652786c
2019-09-19 10:38:51,119 [main] INFO  util.JmxRegister (JmxRegister.java:unregister(73)) - Successfully un-registered JMX Bean with object name Ratis:service=RaftServer,group=group-C20DF5AD5186,id=4d64a175-4b4e-44c0-a69c-2b88ef1d7b0a
2019-09-19 10:38:51,119 [ForkJoinPool.commonPool-worker-0] INFO  impl.RoleInfo (RoleInfo.java:shutdownLeaderElection(134)) - 9aee5a09-4a58-4c9c-9e60-8a9aa652786c: shutdown LeaderElection
2019-09-19 10:38:51,120 [main] INFO  impl.RoleInfo (RoleInfo.java:shutdownLeaderElection(134)) - 4d64a175-4b4e-44c0-a69c-2b88ef1d7b0a: shutdown LeaderElection
2019-09-19 10:38:51,120 [ForkJoinPool.commonPool-worker-0] INFO  impl.StateMachineUpdater (StateMachineUpdater.java:stopAndJoin(125)) - 9aee5a09-4a58-4c9c-9e60-8a9aa652786c@group-C20DF5AD5186-StateMachineUpdater: set stopIndex = -1
2019-09-19 10:38:51,121 [main] INFO  impl.StateMachineUpdater (StateMachineUpdater.java:stopAndJoin(125)) - 4d64a175-4b4e-44c0-a69c-2b88ef1d7b0a@group-C20DF5AD5186-StateMachineUpdater: set stopIndex = -1
2019-09-19 10:38:51,121 [ForkJoinPool.commonPool-worker-0] INFO  impl.RaftServerImpl (ServerState.java:close(385)) - 9aee5a09-4a58-4c9c-9e60-8a9aa652786c@group-C20DF5AD5186: closes. applyIndex: -1
2019-09-19 10:38:51,121 [main] INFO  impl.RaftServerImpl (ServerState.java:close(385)) - 4d64a175-4b4e-44c0-a69c-2b88ef1d7b0a@group-C20DF5AD5186: closes. applyIndex: -1
2019-09-19 10:38:51,122 [9aee5a09-4a58-4c9c-9e60-8a9aa652786c@group-C20DF5AD5186-SegmentedRaftLogWorker] INFO  segmented.SegmentedRaftLogWorker (SegmentedRaftLogWorker.java:run(313)) - 9aee5a09-4a58-4c9c-9e60-8a9aa652786c@group-C20DF5AD5186-SegmentedRaftLogWorker was interrupted, exiting. There are 0 tasks remaining in the queue.
2019-09-19 10:38:51,122 [ForkJoinPool.commonPool-worker-0] INFO  segmented.SegmentedRaftLogWorker (SegmentedRaftLogWorker.java:close(228)) - 9aee5a09-4a58-4c9c-9e60-8a9aa652786c@group-C20DF5AD5186-SegmentedRaftLogWorker close()
2019-09-19 10:38:51,122 [4d64a175-4b4e-44c0-a69c-2b88ef1d7b0a@group-C20DF5AD5186-SegmentedRaftLogWorker] INFO  segmented.SegmentedRaftLogWorker (SegmentedRaftLogWorker.java:run(313)) - 4d64a175-4b4e-44c0-a69c-2b88ef1d7b0a@group-C20DF5AD5186-SegmentedRaftLogWorker was interrupted, exiting. There are 0 tasks remaining in the queue.
2019-09-19 10:38:51,126 [main] INFO  segmented.SegmentedRaftLogWorker (SegmentedRaftLogWorker.java:close(228)) - 4d64a175-4b4e-44c0-a69c-2b88ef1d7b0a@group-C20DF5AD5186-SegmentedRaftLogWorker close()
2019-09-19 10:38:51,126 [ForkJoinPool.commonPool-worker-0] INFO  impl.RaftServerImpl (RaftServerImpl.java:lambda$shutdown$3(251)) - 9aee5a09-4a58-4c9c-9e60-8a9aa652786c@group-0209A838947A: shutdown
2019-09-19 10:38:51,130 [ForkJoinPool.commonPool-worker-0] INFO  util.JmxRegister (JmxRegister.java:unregister(73)) - Successfully un-registered JMX Bean with object name Ratis:service=RaftServer,group=group-0209A838947A,id=9aee5a09-4a58-4c9c-9e60-8a9aa652786c
2019-09-19 10:38:51,130 [main] INFO  impl.RaftServerImpl (RaftServerImpl.java:lambda$shutdown$3(251)) - 4d64a175-4b4e-44c0-a69c-2b88ef1d7b0a@group-7B56889D45A3: shutdown
2019-09-19 10:38:51,130 [ForkJoinPool.commonPool-worker-0] INFO  impl.RoleInfo (RoleInfo.java:shutdownLeaderState(104)) - 9aee5a09-4a58-4c9c-9e60-8a9aa652786c: shutdown LeaderState
2019-09-19 10:38:51,131 [main] INFO  util.JmxRegister (JmxRegister.java:unregister(73)) - Successfully un-registered JMX Bean with object name Ratis:service=RaftServer,group=group-7B56889D45A3,id=4d64a175-4b4e-44c0-a69c-2b88ef1d7b0a
2019-09-19 10:38:51,131 [ForkJoinPool.commonPool-worker-0] INFO  impl.PendingRequests (PendingRequests.java:sendNotLeaderResponses(202)) - 9aee5a09-4a58-4c9c-9e60-8a9aa652786c-PendingRequests: sendNotLeaderResponses
2019-09-19 10:38:51,131 [main] INFO  impl.RoleInfo (RoleInfo.java:shutdownLeaderElection(134)) - 4d64a175-4b4e-44c0-a69c-2b88ef1d7b0a: shutdown LeaderElection
2019-09-19 10:38:51,132 [ForkJoinPool.commonPool-worker-0] INFO  impl.StateMachineUpdater (StateMachineUpdater.java:stopAndJoin(125)) - 9aee5a09-4a58-4c9c-9e60-8a9aa652786c@group-0209A838947A-StateMachineUpdater: set stopIndex = 0
2019-09-19 10:38:51,132 [main] INFO  impl.StateMachineUpdater (StateMachineUpdater.java:stopAndJoin(125)) - 4d64a175-4b4e-44c0-a69c-2b88ef1d7b0a@group-7B56889D45A3-StateMachineUpdater: set stopIndex = -1
2019-09-19 10:38:51,132 [ForkJoinPool.commonPool-worker-0] INFO  impl.RaftServerImpl (ServerState.java:close(385)) - 9aee5a09-4a58-4c9c-9e60-8a9aa652786c@group-0209A838947A: closes. applyIndex: 0
2019-09-19 10:38:51,133 [main] INFO  impl.RaftServerImpl (ServerState.java:close(385)) - 4d64a175-4b4e-44c0-a69c-2b88ef1d7b0a@group-7B56889D45A3: closes. applyIndex: -1
2019-09-19 10:38:51,133 [9aee5a09-4a58-4c9c-9e60-8a9aa652786c@group-0209A838947A-SegmentedRaftLogWorker] INFO  segmented.SegmentedRaftLogWorker (SegmentedRaftLogWorker.java:run(313)) - 9aee5a09-4a58-4c9c-9e60-8a9aa652786c@group-0209A838947A-SegmentedRaftLogWorker was interrupted, exiting. There are 0 tasks remaining in the queue.
2019-09-19 10:38:51,133 [4d64a175-4b4e-44c0-a69c-2b88ef1d7b0a@group-7B56889D45A3-SegmentedRaftLogWorker] INFO  segmented.SegmentedRaftLogWorker (SegmentedRaftLogWorker.java:run(313)) - 4d64a175-4b4e-44c0-a69c-2b88ef1d7b0a@group-7B56889D45A3-SegmentedRaftLogWorker was interrupted, exiting. There are 0 tasks remaining in the queue.
2019-09-19 10:38:51,142 [main] INFO  segmented.SegmentedRaftLogWorker (SegmentedRaftLogWorker.java:close(228)) - 4d64a175-4b4e-44c0-a69c-2b88ef1d7b0a@group-7B56889D45A3-SegmentedRaftLogWorker close()
2019-09-19 10:38:51,142 [ForkJoinPool.commonPool-worker-0] INFO  segmented.SegmentedRaftLogWorker (SegmentedRaftLogWorker.java:close(228)) - 9aee5a09-4a58-4c9c-9e60-8a9aa652786c@group-0209A838947A-SegmentedRaftLogWorker close()
2019-09-19 10:38:51,143 [main] INFO  impl.RaftServerImpl (RaftServerImpl.java:lambda$shutdown$3(251)) - 4d64a175-4b4e-44c0-a69c-2b88ef1d7b0a@group-B48AA7967962: shutdown
2019-09-19 10:38:51,143 [ForkJoinPool.commonPool-worker-0] INFO  impl.RaftServerImpl (RaftServerImpl.java:lambda$shutdown$3(251)) - 9aee5a09-4a58-4c9c-9e60-8a9aa652786c@group-7B56889D45A3: shutdown
2019-09-19 10:38:51,143 [main] INFO  util.JmxRegister (JmxRegister.java:unregister(73)) - Successfully un-registered JMX Bean with object name Ratis:service=RaftServer,group=group-B48AA7967962,id=4d64a175-4b4e-44c0-a69c-2b88ef1d7b0a
2019-09-19 10:38:51,144 [ForkJoinPool.commonPool-worker-0] INFO  util.JmxRegister (JmxRegister.java:unregister(73)) - Successfully un-registered JMX Bean with object name Ratis:service=RaftServer,group=group-7B56889D45A3,id=9aee5a09-4a58-4c9c-9e60-8a9aa652786c
2019-09-19 10:38:51,144 [main] INFO  impl.RoleInfo (RoleInfo.java:shutdownLeaderState(104)) - 4d64a175-4b4e-44c0-a69c-2b88ef1d7b0a: shutdown LeaderState
2019-09-19 10:38:51,144 [ForkJoinPool.commonPool-worker-0] INFO  impl.RoleInfo (RoleInfo.java:shutdownLeaderElection(134)) - 9aee5a09-4a58-4c9c-9e60-8a9aa652786c: shutdown LeaderElection
2019-09-19 10:38:51,145 [main] INFO  impl.PendingRequests (PendingRequests.java:sendNotLeaderResponses(202)) - 4d64a175-4b4e-44c0-a69c-2b88ef1d7b0a-PendingRequests: sendNotLeaderResponses
2019-09-19 10:38:51,145 [ForkJoinPool.commonPool-worker-0] INFO  impl.StateMachineUpdater (StateMachineUpdater.java:stopAndJoin(125)) - 9aee5a09-4a58-4c9c-9e60-8a9aa652786c@group-7B56889D45A3-StateMachineUpdater: set stopIndex = -1
2019-09-19 10:38:51,145 [main] INFO  impl.StateMachineUpdater (StateMachineUpdater.java:stopAndJoin(125)) - 4d64a175-4b4e-44c0-a69c-2b88ef1d7b0a@group-B48AA7967962-StateMachineUpdater: set stopIndex = 0
2019-09-19 10:38:51,146 [ForkJoinPool.commonPool-worker-0] INFO  impl.RaftServerImpl (ServerState.java:close(385)) - 9aee5a09-4a58-4c9c-9e60-8a9aa652786c@group-7B56889D45A3: closes. applyIndex: -1
2019-09-19 10:38:51,146 [main] INFO  impl.RaftServerImpl (ServerState.java:close(385)) - 4d64a175-4b4e-44c0-a69c-2b88ef1d7b0a@group-B48AA7967962: closes. applyIndex: 0
2019-09-19 10:38:51,146 [9aee5a09-4a58-4c9c-9e60-8a9aa652786c@group-7B56889D45A3-SegmentedRaftLogWorker] INFO  segmented.SegmentedRaftLogWorker (SegmentedRaftLogWorker.java:run(313)) - 9aee5a09-4a58-4c9c-9e60-8a9aa652786c@group-7B56889D45A3-SegmentedRaftLogWorker was interrupted, exiting. There are 0 tasks remaining in the queue.
2019-09-19 10:38:51,147 [ForkJoinPool.commonPool-worker-0] INFO  segmented.SegmentedRaftLogWorker (SegmentedRaftLogWorker.java:close(228)) - 9aee5a09-4a58-4c9c-9e60-8a9aa652786c@group-7B56889D45A3-SegmentedRaftLogWorker close()
2019-09-19 10:38:51,147 [4d64a175-4b4e-44c0-a69c-2b88ef1d7b0a@group-B48AA7967962-SegmentedRaftLogWorker] INFO  segmented.SegmentedRaftLogWorker (SegmentedRaftLogWorker.java:run(313)) - 4d64a175-4b4e-44c0-a69c-2b88ef1d7b0a@group-B48AA7967962-SegmentedRaftLogWorker was interrupted, exiting. There are 0 tasks remaining in the queue.
2019-09-19 10:38:51,147 [ForkJoinPool.commonPool-worker-0] INFO  server.GrpcService (GrpcService.java:closeImpl(164)) - 9aee5a09-4a58-4c9c-9e60-8a9aa652786c: shutdown server with port 38202 now
2019-09-19 10:38:51,147 [main] INFO  segmented.SegmentedRaftLogWorker (SegmentedRaftLogWorker.java:close(228)) - 4d64a175-4b4e-44c0-a69c-2b88ef1d7b0a@group-B48AA7967962-SegmentedRaftLogWorker close()
2019-09-19 10:38:51,148 [main] INFO  server.GrpcService (GrpcService.java:closeImpl(164)) - 4d64a175-4b4e-44c0-a69c-2b88ef1d7b0a: shutdown server with port 38950 now
2019-09-19 10:38:51,149 [main] INFO  server.GrpcService (GrpcService.java:closeImpl(172)) - 4d64a175-4b4e-44c0-a69c-2b88ef1d7b0a: shutdown server with port 38950 successfully
2019-09-19 10:38:51,152 [refreshUsed-/workdir/hadoop-ozone/ozonefs/target/test-dir/MiniOzoneClusterImpl-1effda81-744f-491e-8240-0d6175f8bd8e/datanode-1/data/containers] WARN  fs.CachingGetSpaceUsed (CachingGetSpaceUsed.java:run(183)) - Thread Interrupted waiting to refresh disk information: sleep interrupted
2019-09-19 10:38:51,155 [grpc-default-executor-6] WARN  client.GrpcClientProtocolService (LogUtils.java:warn(134)) - 57-OrderedRequestStreamObserver57: onError: org.apache.ratis.thirdparty.io.grpc.StatusRuntimeException: CANCELLED: cancelled before receiving half close
2019-09-19 10:38:51,160 [ForkJoinPool.commonPool-worker-0] INFO  server.GrpcService (GrpcService.java:closeImpl(172)) - 9aee5a09-4a58-4c9c-9e60-8a9aa652786c: shutdown server with port 38202 successfully
2019-09-19 10:38:51,162 [refreshUsed-/workdir/hadoop-ozone/ozonefs/target/test-dir/MiniOzoneClusterImpl-1effda81-744f-491e-8240-0d6175f8bd8e/datanode-0/data/containers] WARN  fs.CachingGetSpaceUsed (CachingGetSpaceUsed.java:run(183)) - Thread Interrupted waiting to refresh disk information: sleep interrupted
2019-09-19 10:38:51,190 [ForkJoinPool.commonPool-worker-0] INFO  utils.BackgroundService (BackgroundService.java:shutdown(148)) - Shutting down service BlockDeletingService
2019-09-19 10:38:51,195 [ForkJoinPool.commonPool-worker-0] INFO  statemachine.DatanodeStateMachine (DatanodeStateMachine.java:stopDaemon(395)) - Ozone container server stopped.
2019-09-19 10:38:51,199 [main] INFO  utils.BackgroundService (BackgroundService.java:shutdown(148)) - Shutting down service BlockDeletingService
2019-09-19 10:38:51,205 [main] INFO  statemachine.DatanodeStateMachine (DatanodeStateMachine.java:stopDaemon(395)) - Ozone container server stopped.
2019-09-19 10:38:51,473 [ForkJoinPool.commonPool-worker-0] INFO  handler.ContextHandler (ContextHandler.java:doStop(910)) - Stopped o.e.j.w.WebAppContext@25dcf1b6{/,null,UNAVAILABLE}{/hddsDatanode}
2019-09-19 10:38:51,473 [main] INFO  handler.ContextHandler (ContextHandler.java:doStop(910)) - Stopped o.e.j.w.WebAppContext@4bff28e7{/,null,UNAVAILABLE}{/hddsDatanode}
2019-09-19 10:38:51,475 [ForkJoinPool.commonPool-worker-0] INFO  server.AbstractConnector (AbstractConnector.java:doStop(318)) - Stopped ServerConnector@113d0f75{HTTP/1.1,[http/1.1]}{0.0.0.0:0}
2019-09-19 10:38:51,477 [ForkJoinPool.commonPool-worker-0] INFO  handler.ContextHandler (ContextHandler.java:doStop(910)) - Stopped o.e.j.s.ServletContextHandler@b2da3a5{/static,jar:file:/home/user/.m2/repository/org/apache/hadoop/hadoop-hdds-container-service/0.5.0-SNAPSHOT/hadoop-hdds-container-service-0.5.0-SNAPSHOT.jar!/webapps/static,UNAVAILABLE}
2019-09-19 10:38:51,478 [ForkJoinPool.commonPool-worker-0] INFO  handler.ContextHandler (ContextHandler.java:doStop(910)) - Stopped o.e.j.s.ServletContextHandler@54687fd0{/logs,file:///workdir/hadoop-ozone/ozonefs/target/log,UNAVAILABLE}
2019-09-19 10:38:51,478 [main] INFO  server.AbstractConnector (AbstractConnector.java:doStop(318)) - Stopped ServerConnector@39e7e040{HTTP/1.1,[http/1.1]}{0.0.0.0:0}
2019-09-19 10:38:51,479 [main] INFO  handler.ContextHandler (ContextHandler.java:doStop(910)) - Stopped o.e.j.s.ServletContextHandler@7a7f9d45{/static,jar:file:/home/user/.m2/repository/org/apache/hadoop/hadoop-hdds-container-service/0.5.0-SNAPSHOT/hadoop-hdds-container-service-0.5.0-SNAPSHOT.jar!/webapps/static,UNAVAILABLE}
2019-09-19 10:38:51,480 [main] INFO  handler.ContextHandler (ContextHandler.java:doStop(910)) - Stopped o.e.j.s.ServletContextHandler@7962a746{/logs,file:///workdir/hadoop-ozone/ozonefs/target/log,UNAVAILABLE}
2019-09-19 10:38:51,845 [Datanode State Machine Thread - 0] INFO  statemachine.DatanodeStateMachine (DatanodeStateMachine.java:lambda$startDaemon$0(350)) - Ozone container server started.
2019-09-19 10:38:52,178 [4d64a175-4b4e-44c0-a69c-2b88ef1d7b0a@group-C20DF5AD5186:LeaderElection122] INFO  impl.LeaderElection (LeaderElection.java:askForVotes(182)) - 4d64a175-4b4e-44c0-a69c-2b88ef1d7b0a@group-C20DF5AD5186:LeaderElection122: begin an election at term 1 for -1: [22b67679-0935-426b-83cf-71539ab9923b:192.168.5.171:46775, 9aee5a09-4a58-4c9c-9e60-8a9aa652786c:192.168.5.171:38202, 4d64a175-4b4e-44c0-a69c-2b88ef1d7b0a:192.168.5.171:38950], old=null
2019-09-19 10:38:52,178 [22b67679-0935-426b-83cf-71539ab9923b@group-C20DF5AD5186:LeaderElection118] INFO  impl.LeaderElection (LeaderElection.java:askForVotes(182)) - 22b67679-0935-426b-83cf-71539ab9923b@group-C20DF5AD5186:LeaderElection118: begin an election at term 1 for -1: [22b67679-0935-426b-83cf-71539ab9923b:192.168.5.171:46775, 9aee5a09-4a58-4c9c-9e60-8a9aa652786c:192.168.5.171:38202, 4d64a175-4b4e-44c0-a69c-2b88ef1d7b0a:192.168.5.171:38950], old=null
2019-09-19 10:38:52,178 [22b67679-0935-426b-83cf-71539ab9923b@group-7B56889D45A3:LeaderElection121] INFO  impl.LeaderElection (LeaderElection.java:askForVotes(182)) - 22b67679-0935-426b-83cf-71539ab9923b@group-7B56889D45A3:LeaderElection121: begin an election at term 1 for -1: [22b67679-0935-426b-83cf-71539ab9923b:192.168.5.171:46775, 9aee5a09-4a58-4c9c-9e60-8a9aa652786c:192.168.5.171:38202, 4d64a175-4b4e-44c0-a69c-2b88ef1d7b0a:192.168.5.171:38950], old=null
2019-09-19 10:38:52,178 [9aee5a09-4a58-4c9c-9e60-8a9aa652786c@group-C20DF5AD5186:LeaderElection120] INFO  impl.LeaderElection (LeaderElection.java:askForVotes(182)) - 9aee5a09-4a58-4c9c-9e60-8a9aa652786c@group-C20DF5AD5186:LeaderElection120: begin an election at term 1 for -1: [22b67679-0935-426b-83cf-71539ab9923b:192.168.5.171:46775, 9aee5a09-4a58-4c9c-9e60-8a9aa652786c:192.168.5.171:38202, 4d64a175-4b4e-44c0-a69c-2b88ef1d7b0a:192.168.5.171:38950], old=null
2019-09-19 10:38:52,178 [4d64a175-4b4e-44c0-a69c-2b88ef1d7b0a@group-7B56889D45A3:LeaderElection123] INFO  impl.LeaderElection (LeaderElection.java:askForVotes(182)) - 4d64a175-4b4e-44c0-a69c-2b88ef1d7b0a@group-7B56889D45A3:LeaderElection123: begin an election at term 1 for -1: [22b67679-0935-426b-83cf-71539ab9923b:192.168.5.171:46775, 9aee5a09-4a58-4c9c-9e60-8a9aa652786c:192.168.5.171:38202, 4d64a175-4b4e-44c0-a69c-2b88ef1d7b0a:192.168.5.171:38950], old=null
2019-09-19 10:38:52,179 [9aee5a09-4a58-4c9c-9e60-8a9aa652786c@group-7B56889D45A3:LeaderElection119] INFO  impl.LeaderElection (LeaderElection.java:askForVotes(182)) - 9aee5a09-4a58-4c9c-9e60-8a9aa652786c@group-7B56889D45A3:LeaderElection119: begin an election at term 1 for -1: [22b67679-0935-426b-83cf-71539ab9923b:192.168.5.171:46775, 9aee5a09-4a58-4c9c-9e60-8a9aa652786c:192.168.5.171:38202, 4d64a175-4b4e-44c0-a69c-2b88ef1d7b0a:192.168.5.171:38950], old=null
2019-09-19 10:38:52,179 [9aee5a09-4a58-4c9c-9e60-8a9aa652786c@group-C20DF5AD5186:LeaderElection120] INFO  impl.LeaderElection (LogUtils.java:infoOrTrace(149)) - Failed 9aee5a09-4a58-4c9c-9e60-8a9aa652786c@group-C20DF5AD5186:LeaderElection120, state=CLOSING: {}
java.lang.IllegalArgumentException: 9aee5a09-4a58-4c9c-9e60-8a9aa652786c@group-C20DF5AD5186-SegmentedRaftLog is expected to be opened but it is CLOSED
	at org.apache.ratis.util.OpenCloseState.assertOpen(OpenCloseState.java:63)
	at org.apache.ratis.server.raftlog.RaftLog.checkLogState(RaftLog.java:102)
	at org.apache.ratis.server.raftlog.segmented.SegmentedRaftLog.getLastEntryTermIndex(SegmentedRaftLog.java:324)
	at org.apache.ratis.server.impl.LeaderElection.askForVotes(LeaderElection.java:184)
	at org.apache.ratis.server.impl.LeaderElection.run(LeaderElection.java:133)
	at java.lang.Thread.run(Thread.java:748)
Caused by: org.apache.ratis.util.OpenCloseState$CloseTrace: Close 9aee5a09-4a58-4c9c-9e60-8a9aa652786c@group-C20DF5AD5186-SegmentedRaftLog
	at org.apache.ratis.util.OpenCloseState.lambda$close$1(OpenCloseState.java:109)
	at java.util.concurrent.atomic.AtomicReference.getAndUpdate(AtomicReference.java:160)
	at org.apache.ratis.util.OpenCloseState.close(OpenCloseState.java:109)
	at org.apache.ratis.server.raftlog.RaftLog.close(RaftLog.java:437)
	at org.apache.ratis.server.raftlog.segmented.SegmentedRaftLog.close(SegmentedRaftLog.java:476)
	at org.apache.ratis.server.impl.ServerState.close(ServerState.java:387)
	at org.apache.ratis.server.impl.RaftServerImpl.lambda$shutdown$3(RaftServerImpl.java:273)
	at org.apache.ratis.util.LifeCycle.lambda$checkStateAndClose$2(LifeCycle.java:231)
	at org.apache.ratis.util.LifeCycle.checkStateAndClose(LifeCycle.java:251)
	at org.apache.ratis.util.LifeCycle.checkStateAndClose(LifeCycle.java:229)
	at org.apache.ratis.server.impl.RaftServerImpl.shutdown(RaftServerImpl.java:250)
	at org.apache.ratis.server.impl.RaftServerProxy$ImplMap.lambda$close$0(RaftServerProxy.java:107)
	at java.util.stream.ForEachOps$ForEachOp$OfRef.accept(ForEachOps.java:184)
	at java.util.stream.ReferencePipeline$3$1.accept(ReferencePipeline.java:193)
	at java.util.concurrent.ConcurrentHashMap$ValueSpliterator.forEachRemaining(ConcurrentHashMap.java:3566)
	at java.util.stream.AbstractPipeline.copyInto(AbstractPipeline.java:482)
	at java.util.stream.ForEachOps$ForEachTask.compute(ForEachOps.java:291)
	at java.util.concurrent.CountedCompleter.exec(CountedCompleter.java:731)
	at java.util.concurrent.ForkJoinTask.doExec(ForkJoinTask.java:289)
	at java.util.concurrent.ForkJoinTask.doInvoke(ForkJoinTask.java:401)
	at java.util.concurrent.ForkJoinTask.invoke(ForkJoinTask.java:734)
	at java.util.stream.ForEachOps$ForEachOp.evaluateParallel(ForEachOps.java:160)
	at java.util.stream.ForEachOps$ForEachOp$OfRef.evaluateParallel(ForEachOps.java:174)
	at java.util.stream.AbstractPipeline.evaluate(AbstractPipeline.java:233)
	at java.util.stream.ReferencePipeline.forEach(ReferencePipeline.java:418)
	at org.apache.ratis.server.impl.RaftServerProxy$ImplMap.close(RaftServerProxy.java:107)
	at org.apache.ratis.server.impl.RaftServerProxy.lambda$close$4(RaftServerProxy.java:315)
	at org.apache.ratis.util.LifeCycle.lambda$checkStateAndClose$2(LifeCycle.java:231)
	at org.apache.ratis.util.LifeCycle.checkStateAndClose(LifeCycle.java:251)
	at org.apache.ratis.util.LifeCycle.checkStateAndClose(LifeCycle.java:229)
	at org.apache.ratis.server.impl.RaftServerProxy.close(RaftServerProxy.java:313)
	at org.apache.hadoop.ozone.container.common.transport.server.ratis.XceiverServerRatis.stop(XceiverServerRatis.java:441)
	at org.apache.hadoop.ozone.container.ozoneimpl.OzoneContainer.stop(OzoneContainer.java:233)
	at org.apache.hadoop.ozone.container.common.statemachine.DatanodeStateMachine.close(DatanodeStateMachine.java:270)
	at org.apache.hadoop.ozone.container.common.statemachine.DatanodeStateMachine.stopDaemon(DatanodeStateMachine.java:394)
	at org.apache.hadoop.ozone.HddsDatanodeService.stop(HddsDatanodeService.java:457)
	at org.apache.hadoop.ozone.MiniOzoneClusterImpl.lambda$stop$2(MiniOzoneClusterImpl.java:338)
	at java.util.stream.ForEachOps$ForEachOp$OfRef.accept(ForEachOps.java:184)
	at java.util.ArrayList$ArrayListSpliterator.forEachRemaining(ArrayList.java:1382)
	at java.util.stream.AbstractPipeline.copyInto(AbstractPipeline.java:482)
	at java.util.stream.ForEachOps$ForEachTask.compute(ForEachOps.java:291)
	at java.util.concurrent.CountedCompleter.exec(CountedCompleter.java:731)
	at java.util.concurrent.ForkJoinTask.doExec(ForkJoinTask.java:289)
	at java.util.concurrent.ForkJoinPool$WorkQueue.runTask(ForkJoinPool.java:1056)
	at java.util.concurrent.ForkJoinPool.runWorker(ForkJoinPool.java:1692)
	at java.util.concurrent.ForkJoinWorkerThread.run(ForkJoinWorkerThread.java:157)
2019-09-19 10:38:52,182 [9aee5a09-4a58-4c9c-9e60-8a9aa652786c@group-C20DF5AD5186:LeaderElection120] INFO  impl.LeaderElection (LeaderElection.java:run(140)) - 9aee5a09-4a58-4c9c-9e60-8a9aa652786c@group-C20DF5AD5186:LeaderElection120: IllegalArgumentException is safely ignored since this is already CLOSING
2019-09-19 10:38:52,179 [4d64a175-4b4e-44c0-a69c-2b88ef1d7b0a@group-C20DF5AD5186:LeaderElection122] INFO  impl.LeaderElection (LogUtils.java:infoOrTrace(149)) - Failed 4d64a175-4b4e-44c0-a69c-2b88ef1d7b0a@group-C20DF5AD5186:LeaderElection122, state=CLOSING: {}
java.lang.IllegalArgumentException: 4d64a175-4b4e-44c0-a69c-2b88ef1d7b0a@group-C20DF5AD5186-SegmentedRaftLog is expected to be opened but it is CLOSED
	at org.apache.ratis.util.OpenCloseState.assertOpen(OpenCloseState.java:63)
	at org.apache.ratis.server.raftlog.RaftLog.checkLogState(RaftLog.java:102)
	at org.apache.ratis.server.raftlog.segmented.SegmentedRaftLog.getLastEntryTermIndex(SegmentedRaftLog.java:324)
	at org.apache.ratis.server.impl.LeaderElection.askForVotes(LeaderElection.java:184)
	at org.apache.ratis.server.impl.LeaderElection.run(LeaderElection.java:133)
	at java.lang.Thread.run(Thread.java:748)
Caused by: org.apache.ratis.util.OpenCloseState$CloseTrace: Close 4d64a175-4b4e-44c0-a69c-2b88ef1d7b0a@group-C20DF5AD5186-SegmentedRaftLog
	at org.apache.ratis.util.OpenCloseState.lambda$close$1(OpenCloseState.java:109)
	at java.util.concurrent.atomic.AtomicReference.getAndUpdate(AtomicReference.java:160)
	at org.apache.ratis.util.OpenCloseState.close(OpenCloseState.java:109)
	at org.apache.ratis.server.raftlog.RaftLog.close(RaftLog.java:437)
	at org.apache.ratis.server.raftlog.segmented.SegmentedRaftLog.close(SegmentedRaftLog.java:476)
	at org.apache.ratis.server.impl.ServerState.close(ServerState.java:387)
	at org.apache.ratis.server.impl.RaftServerImpl.lambda$shutdown$3(RaftServerImpl.java:273)
	at org.apache.ratis.util.LifeCycle.lambda$checkStateAndClose$2(LifeCycle.java:231)
	at org.apache.ratis.util.LifeCycle.checkStateAndClose(LifeCycle.java:251)
	at org.apache.ratis.util.LifeCycle.checkStateAndClose(LifeCycle.java:229)
	at org.apache.ratis.server.impl.RaftServerImpl.shutdown(RaftServerImpl.java:250)
	at org.apache.ratis.server.impl.RaftServerProxy$ImplMap.lambda$close$0(RaftServerProxy.java:107)
	at java.util.stream.ForEachOps$ForEachOp$OfRef.accept(ForEachOps.java:184)
	at java.util.stream.ReferencePipeline$3$1.accept(ReferencePipeline.java:193)
	at java.util.concurrent.ConcurrentHashMap$ValueSpliterator.forEachRemaining(ConcurrentHashMap.java:3566)
	at java.util.stream.AbstractPipeline.copyInto(AbstractPipeline.java:482)
	at java.util.stream.ForEachOps$ForEachTask.compute(ForEachOps.java:291)
	at java.util.concurrent.CountedCompleter.exec(CountedCompleter.java:731)
	at java.util.concurrent.ForkJoinTask.doExec(ForkJoinTask.java:289)
	at java.util.concurrent.ForkJoinTask.doInvoke(ForkJoinTask.java:401)
	at java.util.concurrent.ForkJoinTask.invoke(ForkJoinTask.java:734)
	at java.util.stream.ForEachOps$ForEachOp.evaluateParallel(ForEachOps.java:160)
	at java.util.stream.ForEachOps$ForEachOp$OfRef.evaluateParallel(ForEachOps.java:174)
	at java.util.stream.AbstractPipeline.evaluate(AbstractPipeline.java:233)
	at java.util.stream.ReferencePipeline.forEach(ReferencePipeline.java:418)
	at org.apache.ratis.server.impl.RaftServerProxy$ImplMap.close(RaftServerProxy.java:107)
	at org.apache.ratis.server.impl.RaftServerProxy.lambda$close$4(RaftServerProxy.java:315)
	at org.apache.ratis.util.LifeCycle.lambda$checkStateAndClose$2(LifeCycle.java:231)
	at org.apache.ratis.util.LifeCycle.checkStateAndClose(LifeCycle.java:251)
	at org.apache.ratis.util.LifeCycle.checkStateAndClose(LifeCycle.java:229)
	at org.apache.ratis.server.impl.RaftServerProxy.close(RaftServerProxy.java:313)
	at org.apache.hadoop.ozone.container.common.transport.server.ratis.XceiverServerRatis.stop(XceiverServerRatis.java:441)
	at org.apache.hadoop.ozone.container.ozoneimpl.OzoneContainer.stop(OzoneContainer.java:233)
	at org.apache.hadoop.ozone.container.common.statemachine.DatanodeStateMachine.close(DatanodeStateMachine.java:270)
	at org.apache.hadoop.ozone.container.common.statemachine.DatanodeStateMachine.stopDaemon(DatanodeStateMachine.java:394)
	at org.apache.hadoop.ozone.HddsDatanodeService.stop(HddsDatanodeService.java:457)
	at org.apache.hadoop.ozone.MiniOzoneClusterImpl.lambda$stop$2(MiniOzoneClusterImpl.java:338)
	at java.util.stream.ForEachOps$ForEachOp$OfRef.accept(ForEachOps.java:184)
	at java.util.ArrayList$ArrayListSpliterator.forEachRemaining(ArrayList.java:1382)
	at java.util.stream.AbstractPipeline.copyInto(AbstractPipeline.java:482)
	at java.util.stream.ForEachOps$ForEachTask.compute(ForEachOps.java:291)
	at java.util.concurrent.CountedCompleter.exec(CountedCompleter.java:731)
	at java.util.concurrent.ForkJoinTask.doExec(ForkJoinTask.java:289)
	at java.util.concurrent.ForkJoinTask.doInvoke(ForkJoinTask.java:401)
	at java.util.concurrent.ForkJoinTask.invoke(ForkJoinTask.java:734)
	at java.util.stream.ForEachOps$ForEachOp.evaluateParallel(ForEachOps.java:160)
	at java.util.stream.ForEachOps$ForEachOp$OfRef.evaluateParallel(ForEachOps.java:174)
	at java.util.stream.AbstractPipeline.evaluate(AbstractPipeline.java:233)
	at java.util.stream.ReferencePipeline.forEach(ReferencePipeline.java:418)
	at java.util.stream.ReferencePipeline$Head.forEach(ReferencePipeline.java:583)
	at org.apache.hadoop.ozone.MiniOzoneClusterImpl.stop(MiniOzoneClusterImpl.java:337)
	at org.apache.hadoop.ozone.MiniOzoneClusterImpl.shutdown(MiniOzoneClusterImpl.java:317)
	at org.apache.hadoop.fs.ozone.TestOzoneFileInterfaces.teardown(TestOzoneFileInterfaces.java:145)
	at sun.reflect.NativeMethodAccessorImpl.invoke0(Native Method)
	at sun.reflect.NativeMethodAccessorImpl.invoke(NativeMethodAccessorImpl.java:62)
	at sun.reflect.DelegatingMethodAccessorImpl.invoke(DelegatingMethodAccessorImpl.java:43)
	at java.lang.reflect.Method.invoke(Method.java:498)
	at org.junit.runners.model.FrameworkMethod$1.runReflectiveCall(FrameworkMethod.java:47)
	at org.junit.internal.runners.model.ReflectiveCallable.run(ReflectiveCallable.java:12)
	at org.junit.runners.model.FrameworkMethod.invokeExplosively(FrameworkMethod.java:44)
	at org.junit.internal.runners.statements.RunAfters.evaluate(RunAfters.java:33)
	at org.junit.runners.ParentRunner.runLeaf(ParentRunner.java:271)
	at org.junit.runners.BlockJUnit4ClassRunner.runChild(BlockJUnit4ClassRunner.java:70)
	at org.junit.runners.BlockJUnit4ClassRunner.runChild(BlockJUnit4ClassRunner.java:50)
	at org.junit.runners.ParentRunner$3.run(ParentRunner.java:238)
	at org.junit.runners.ParentRunner$1.schedule(ParentRunner.java:63)
	at org.junit.runners.ParentRunner.runChildren(ParentRunner.java:236)
	at org.junit.runners.ParentRunner.access$000(ParentRunner.java:53)
	at org.junit.runners.ParentRunner$2.evaluate(ParentRunner.java:229)
	at org.junit.runners.ParentRunner.run(ParentRunner.java:309)
	at org.junit.runners.Suite.runChild(Suite.java:127)
	at org.junit.runners.Suite.runChild(Suite.java:26)
	at org.junit.runners.ParentRunner$3.run(ParentRunner.java:238)
	at org.junit.runners.ParentRunner$1.schedule(ParentRunner.java:63)
	at org.junit.runners.ParentRunner.runChildren(ParentRunner.java:236)
	at org.junit.runners.ParentRunner.access$000(ParentRunner.java:53)
	at org.junit.runners.ParentRunner$2.evaluate(ParentRunner.java:229)
	at org.junit.runners.ParentRunner.run(ParentRunner.java:309)
	at org.apache.maven.surefire.junit4.JUnit4Provider.execute(JUnit4Provider.java:365)
	at org.apache.maven.surefire.junit4.JUnit4Provider.executeWithRerun(JUnit4Provider.java:273)
	at org.apache.maven.surefire.junit4.JUnit4Provider.executeTestSet(JUnit4Provider.java:238)
	at org.apache.maven.surefire.junit4.JUnit4Provider.invoke(JUnit4Provider.java:159)
	at org.apache.maven.surefire.booter.ForkedBooter.invokeProviderInSameClassLoader(ForkedBooter.java:384)
	at org.apache.maven.surefire.booter.ForkedBooter.runSuitesInProcess(ForkedBooter.java:345)
	at org.apache.maven.surefire.booter.ForkedBooter.execute(ForkedBooter.java:126)
	at org.apache.maven.surefire.booter.ForkedBooter.main(ForkedBooter.java:418)
2019-09-19 10:38:52,179 [9aee5a09-4a58-4c9c-9e60-8a9aa652786c@group-7B56889D45A3:LeaderElection119] INFO  impl.LeaderElection (LogUtils.java:infoOrTrace(149)) - Failed 9aee5a09-4a58-4c9c-9e60-8a9aa652786c@group-7B56889D45A3:LeaderElection119, state=CLOSING: {}
java.lang.IllegalArgumentException: 9aee5a09-4a58-4c9c-9e60-8a9aa652786c@group-7B56889D45A3-SegmentedRaftLog is expected to be opened but it is CLOSED
	at org.apache.ratis.util.OpenCloseState.assertOpen(OpenCloseState.java:63)
	at org.apache.ratis.server.raftlog.RaftLog.checkLogState(RaftLog.java:102)
	at org.apache.ratis.server.raftlog.segmented.SegmentedRaftLog.getLastEntryTermIndex(SegmentedRaftLog.java:324)
	at org.apache.ratis.server.impl.LeaderElection.askForVotes(LeaderElection.java:184)
	at org.apache.ratis.server.impl.LeaderElection.run(LeaderElection.java:133)
	at java.lang.Thread.run(Thread.java:748)
Caused by: org.apache.ratis.util.OpenCloseState$CloseTrace: Close 9aee5a09-4a58-4c9c-9e60-8a9aa652786c@group-7B56889D45A3-SegmentedRaftLog
	at org.apache.ratis.util.OpenCloseState.lambda$close$1(OpenCloseState.java:109)
	at java.util.concurrent.atomic.AtomicReference.getAndUpdate(AtomicReference.java:160)
	at org.apache.ratis.util.OpenCloseState.close(OpenCloseState.java:109)
	at org.apache.ratis.server.raftlog.RaftLog.close(RaftLog.java:437)
	at org.apache.ratis.server.raftlog.segmented.SegmentedRaftLog.close(SegmentedRaftLog.java:476)
	at org.apache.ratis.server.impl.ServerState.close(ServerState.java:387)
	at org.apache.ratis.server.impl.RaftServerImpl.lambda$shutdown$3(RaftServerImpl.java:273)
	at org.apache.ratis.util.LifeCycle.lambda$checkStateAndClose$2(LifeCycle.java:231)
	at org.apache.ratis.util.LifeCycle.checkStateAndClose(LifeCycle.java:251)
	at org.apache.ratis.util.LifeCycle.checkStateAndClose(LifeCycle.java:229)
	at org.apache.ratis.server.impl.RaftServerImpl.shutdown(RaftServerImpl.java:250)
	at org.apache.ratis.server.impl.RaftServerProxy$ImplMap.lambda$close$0(RaftServerProxy.java:107)
	at java.util.stream.ForEachOps$ForEachOp$OfRef.accept(ForEachOps.java:184)
	at java.util.stream.ReferencePipeline$3$1.accept(ReferencePipeline.java:193)
	at java.util.concurrent.ConcurrentHashMap$ValueSpliterator.forEachRemaining(ConcurrentHashMap.java:3566)
	at java.util.stream.AbstractPipeline.copyInto(AbstractPipeline.java:482)
	at java.util.stream.ForEachOps$ForEachTask.compute(ForEachOps.java:291)
	at java.util.concurrent.CountedCompleter.exec(CountedCompleter.java:731)
	at java.util.concurrent.ForkJoinTask.doExec(ForkJoinTask.java:289)
	at java.util.concurrent.ForkJoinPool.helpComplete(ForkJoinPool.java:1870)
	at java.util.concurrent.ForkJoinPool.awaitJoin(ForkJoinPool.java:2045)
	at java.util.concurrent.ForkJoinTask.doInvoke(ForkJoinTask.java:404)
	at java.util.concurrent.ForkJoinTask.invoke(ForkJoinTask.java:734)
	at java.util.stream.ForEachOps$ForEachOp.evaluateParallel(ForEachOps.java:160)
	at java.util.stream.ForEachOps$ForEachOp$OfRef.evaluateParallel(ForEachOps.java:174)
	at java.util.stream.AbstractPipeline.evaluate(AbstractPipeline.java:233)
	at java.util.stream.ReferencePipeline.forEach(ReferencePipeline.java:418)
	at org.apache.ratis.server.impl.RaftServerProxy$ImplMap.close(RaftServerProxy.java:107)
	at org.apache.ratis.server.impl.RaftServerProxy.lambda$close$4(RaftServerProxy.java:315)
	at org.apache.ratis.util.LifeCycle.lambda$checkStateAndClose$2(LifeCycle.java:231)
	at org.apache.ratis.util.LifeCycle.checkStateAndClose(LifeCycle.java:251)
	at org.apache.ratis.util.LifeCycle.checkStateAndClose(LifeCycle.java:229)
	at org.apache.ratis.server.impl.RaftServerProxy.close(RaftServerProxy.java:313)
	at org.apache.hadoop.ozone.container.common.transport.server.ratis.XceiverServerRatis.stop(XceiverServerRatis.java:441)
	at org.apache.hadoop.ozone.container.ozoneimpl.OzoneContainer.stop(OzoneContainer.java:233)
	at org.apache.hadoop.ozone.container.common.statemachine.DatanodeStateMachine.close(DatanodeStateMachine.java:270)
	at org.apache.hadoop.ozone.container.common.statemachine.DatanodeStateMachine.stopDaemon(DatanodeStateMachine.java:394)
	at org.apache.hadoop.ozone.HddsDatanodeService.stop(HddsDatanodeService.java:457)
	at org.apache.hadoop.ozone.MiniOzoneClusterImpl.lambda$stop$2(MiniOzoneClusterImpl.java:338)
	at java.util.stream.ForEachOps$ForEachOp$OfRef.accept(ForEachOps.java:184)
	at java.util.ArrayList$ArrayListSpliterator.forEachRemaining(ArrayList.java:1382)
	at java.util.stream.AbstractPipeline.copyInto(AbstractPipeline.java:482)
	at java.util.stream.ForEachOps$ForEachTask.compute(ForEachOps.java:291)
	at java.util.concurrent.CountedCompleter.exec(CountedCompleter.java:731)
	at java.util.concurrent.ForkJoinTask.doExec(ForkJoinTask.java:289)
	at java.util.concurrent.ForkJoinPool$WorkQueue.runTask(ForkJoinPool.java:1056)
	at java.util.concurrent.ForkJoinPool.runWorker(ForkJoinPool.java:1692)
	at java.util.concurrent.ForkJoinWorkerThread.run(ForkJoinWorkerThread.java:157)
2019-09-19 10:38:52,179 [4d64a175-4b4e-44c0-a69c-2b88ef1d7b0a@group-7B56889D45A3:LeaderElection123] INFO  impl.LeaderElection (LogUtils.java:infoOrTrace(149)) - Failed 4d64a175-4b4e-44c0-a69c-2b88ef1d7b0a@group-7B56889D45A3:LeaderElection123, state=CLOSING: {}
java.lang.IllegalArgumentException: 4d64a175-4b4e-44c0-a69c-2b88ef1d7b0a@group-7B56889D45A3-SegmentedRaftLog is expected to be opened but it is CLOSED
	at org.apache.ratis.util.OpenCloseState.assertOpen(OpenCloseState.java:63)
	at org.apache.ratis.server.raftlog.RaftLog.checkLogState(RaftLog.java:102)
	at org.apache.ratis.server.raftlog.segmented.SegmentedRaftLog.getLastEntryTermIndex(SegmentedRaftLog.java:324)
	at org.apache.ratis.server.impl.LeaderElection.askForVotes(LeaderElection.java:184)
	at org.apache.ratis.server.impl.LeaderElection.run(LeaderElection.java:133)
	at java.lang.Thread.run(Thread.java:748)
Caused by: org.apache.ratis.util.OpenCloseState$CloseTrace: Close 4d64a175-4b4e-44c0-a69c-2b88ef1d7b0a@group-7B56889D45A3-SegmentedRaftLog
	at org.apache.ratis.util.OpenCloseState.lambda$close$1(OpenCloseState.java:109)
	at java.util.concurrent.atomic.AtomicReference.getAndUpdate(AtomicReference.java:160)
	at org.apache.ratis.util.OpenCloseState.close(OpenCloseState.java:109)
	at org.apache.ratis.server.raftlog.RaftLog.close(RaftLog.java:437)
	at org.apache.ratis.server.raftlog.segmented.SegmentedRaftLog.close(SegmentedRaftLog.java:476)
	at org.apache.ratis.server.impl.ServerState.close(ServerState.java:387)
	at org.apache.ratis.server.impl.RaftServerImpl.lambda$shutdown$3(RaftServerImpl.java:273)
	at org.apache.ratis.util.LifeCycle.lambda$checkStateAndClose$2(LifeCycle.java:231)
	at org.apache.ratis.util.LifeCycle.checkStateAndClose(LifeCycle.java:251)
	at org.apache.ratis.util.LifeCycle.checkStateAndClose(LifeCycle.java:229)
	at org.apache.ratis.server.impl.RaftServerImpl.shutdown(RaftServerImpl.java:250)
	at org.apache.ratis.server.impl.RaftServerProxy$ImplMap.lambda$close$0(RaftServerProxy.java:107)
	at java.util.stream.ForEachOps$ForEachOp$OfRef.accept(ForEachOps.java:184)
	at java.util.stream.ReferencePipeline$3$1.accept(ReferencePipeline.java:193)
	at java.util.concurrent.ConcurrentHashMap$ValueSpliterator.forEachRemaining(ConcurrentHashMap.java:3566)
	at java.util.stream.AbstractPipeline.copyInto(AbstractPipeline.java:482)
	at java.util.stream.ForEachOps$ForEachTask.compute(ForEachOps.java:291)
	at java.util.concurrent.CountedCompleter.exec(CountedCompleter.java:731)
	at java.util.concurrent.ForkJoinTask.doExec(ForkJoinTask.java:289)
	at java.util.concurrent.ForkJoinPool.helpComplete(ForkJoinPool.java:1870)
	at java.util.concurrent.ForkJoinPool.externalHelpComplete(ForkJoinPool.java:2467)
	at java.util.concurrent.ForkJoinTask.externalAwaitDone(ForkJoinTask.java:324)
	at java.util.concurrent.ForkJoinTask.doInvoke(ForkJoinTask.java:405)
	at java.util.concurrent.ForkJoinTask.invoke(ForkJoinTask.java:734)
	at java.util.stream.ForEachOps$ForEachOp.evaluateParallel(ForEachOps.java:160)
	at java.util.stream.ForEachOps$ForEachOp$OfRef.evaluateParallel(ForEachOps.java:174)
	at java.util.stream.AbstractPipeline.evaluate(AbstractPipeline.java:233)
	at java.util.stream.ReferencePipeline.forEach(ReferencePipeline.java:418)
	at org.apache.ratis.server.impl.RaftServerProxy$ImplMap.close(RaftServerProxy.java:107)
	at org.apache.ratis.server.impl.RaftServerProxy.lambda$close$4(RaftServerProxy.java:315)
	at org.apache.ratis.util.LifeCycle.lambda$checkStateAndClose$2(LifeCycle.java:231)
	at org.apache.ratis.util.LifeCycle.checkStateAndClose(LifeCycle.java:251)
	at org.apache.ratis.util.LifeCycle.checkStateAndClose(LifeCycle.java:229)
	at org.apache.ratis.server.impl.RaftServerProxy.close(RaftServerProxy.java:313)
	at org.apache.hadoop.ozone.container.common.transport.server.ratis.XceiverServerRatis.stop(XceiverServerRatis.java:441)
	at org.apache.hadoop.ozone.container.ozoneimpl.OzoneContainer.stop(OzoneContainer.java:233)
	at org.apache.hadoop.ozone.container.common.statemachine.DatanodeStateMachine.close(DatanodeStateMachine.java:270)
	at org.apache.hadoop.ozone.container.common.statemachine.DatanodeStateMachine.stopDaemon(DatanodeStateMachine.java:394)
	at org.apache.hadoop.ozone.HddsDatanodeService.stop(HddsDatanodeService.java:457)
	at org.apache.hadoop.ozone.MiniOzoneClusterImpl.lambda$stop$2(MiniOzoneClusterImpl.java:338)
	at java.util.stream.ForEachOps$ForEachOp$OfRef.accept(ForEachOps.java:184)
	at java.util.ArrayList$ArrayListSpliterator.forEachRemaining(ArrayList.java:1382)
	at java.util.stream.AbstractPipeline.copyInto(AbstractPipeline.java:482)
	at java.util.stream.ForEachOps$ForEachTask.compute(ForEachOps.java:291)
	at java.util.concurrent.CountedCompleter.exec(CountedCompleter.java:731)
	at java.util.concurrent.ForkJoinTask.doExec(ForkJoinTask.java:289)
	at java.util.concurrent.ForkJoinTask.doInvoke(ForkJoinTask.java:401)
	at java.util.concurrent.ForkJoinTask.invoke(ForkJoinTask.java:734)
	at java.util.stream.ForEachOps$ForEachOp.evaluateParallel(ForEachOps.java:160)
	at java.util.stream.ForEachOps$ForEachOp$OfRef.evaluateParallel(ForEachOps.java:174)
	at java.util.stream.AbstractPipeline.evaluate(AbstractPipeline.java:233)
	at java.util.stream.ReferencePipeline.forEach(ReferencePipeline.java:418)
	at java.util.stream.ReferencePipeline$Head.forEach(ReferencePipeline.java:583)
	at org.apache.hadoop.ozone.MiniOzoneClusterImpl.stop(MiniOzoneClusterImpl.java:337)
	at org.apache.hadoop.ozone.MiniOzoneClusterImpl.shutdown(MiniOzoneClusterImpl.java:317)
	at org.apache.hadoop.fs.ozone.TestOzoneFileInterfaces.teardown(TestOzoneFileInterfaces.java:145)
	at sun.reflect.NativeMethodAccessorImpl.invoke0(Native Method)
	at sun.reflect.NativeMethodAccessorImpl.invoke(NativeMethodAccessorImpl.java:62)
	at sun.reflect.DelegatingMethodAccessorImpl.invoke(DelegatingMethodAccessorImpl.java:43)
	at java.lang.reflect.Method.invoke(Method.java:498)
	at org.junit.runners.model.FrameworkMethod$1.runReflectiveCall(FrameworkMethod.java:47)
	at org.junit.internal.runners.model.ReflectiveCallable.run(ReflectiveCallable.java:12)
	at org.junit.runners.model.FrameworkMethod.invokeExplosively(FrameworkMethod.java:44)
	at org.junit.internal.runners.statements.RunAfters.evaluate(RunAfters.java:33)
	at org.junit.runners.ParentRunner.runLeaf(ParentRunner.java:271)
	at org.junit.runners.BlockJUnit4ClassRunner.runChild(BlockJUnit4ClassRunner.java:70)
	at org.junit.runners.BlockJUnit4ClassRunner.runChild(BlockJUnit4ClassRunner.java:50)
	at org.junit.runners.ParentRunner$3.run(ParentRunner.java:238)
	at org.junit.runners.ParentRunner$1.schedule(ParentRunner.java:63)
	at org.junit.runners.ParentRunner.runChildren(ParentRunner.java:236)
	at org.junit.runners.ParentRunner.access$000(ParentRunner.java:53)
	at org.junit.runners.ParentRunner$2.evaluate(ParentRunner.java:229)
	at org.junit.runners.ParentRunner.run(ParentRunner.java:309)
	at org.junit.runners.Suite.runChild(Suite.java:127)
	at org.junit.runners.Suite.runChild(Suite.java:26)
	at org.junit.runners.ParentRunner$3.run(ParentRunner.java:238)
	at org.junit.runners.ParentRunner$1.schedule(ParentRunner.java:63)
	at org.junit.runners.ParentRunner.runChildren(ParentRunner.java:236)
	at org.junit.runners.ParentRunner.access$000(ParentRunner.java:53)
	at org.junit.runners.ParentRunner$2.evaluate(ParentRunner.java:229)
	at org.junit.runners.ParentRunner.run(ParentRunner.java:309)
	at org.apache.maven.surefire.junit4.JUnit4Provider.execute(JUnit4Provider.java:365)
	at org.apache.maven.surefire.junit4.JUnit4Provider.executeWithRerun(JUnit4Provider.java:273)
	at org.apache.maven.surefire.junit4.JUnit4Provider.executeTestSet(JUnit4Provider.java:238)
	at org.apache.maven.surefire.junit4.JUnit4Provider.invoke(JUnit4Provider.java:159)
	at org.apache.maven.surefire.booter.ForkedBooter.invokeProviderInSameClassLoader(ForkedBooter.java:384)
	at org.apache.maven.surefire.booter.ForkedBooter.runSuitesInProcess(ForkedBooter.java:345)
	at org.apache.maven.surefire.booter.ForkedBooter.execute(ForkedBooter.java:126)
	at org.apache.maven.surefire.booter.ForkedBooter.main(ForkedBooter.java:418)
2019-09-19 10:38:52,189 [4d64a175-4b4e-44c0-a69c-2b88ef1d7b0a@group-7B56889D45A3:LeaderElection123] INFO  impl.LeaderElection (LeaderElection.java:run(140)) - 4d64a175-4b4e-44c0-a69c-2b88ef1d7b0a@group-7B56889D45A3:LeaderElection123: IllegalArgumentException is safely ignored since this is already CLOSING
2019-09-19 10:38:52,189 [22b67679-0935-426b-83cf-71539ab9923b@group-7B56889D45A3:LeaderElection121] INFO  impl.LeaderElection (LogUtils.java:infoOrTrace(149)) - 22b67679-0935-426b-83cf-71539ab9923b@group-7B56889D45A3:LeaderElection121 got exception when requesting votes: {}
java.util.concurrent.ExecutionException: org.apache.ratis.thirdparty.io.grpc.StatusRuntimeException: UNAVAILABLE: io exception
	at java.util.concurrent.FutureTask.report(FutureTask.java:122)
	at java.util.concurrent.FutureTask.get(FutureTask.java:192)
	at org.apache.ratis.server.impl.LeaderElection.waitForResults(LeaderElection.java:263)
	at org.apache.ratis.server.impl.LeaderElection.askForVotes(LeaderElection.java:201)
	at org.apache.ratis.server.impl.LeaderElection.run(LeaderElection.java:133)
	at java.lang.Thread.run(Thread.java:748)
Caused by: org.apache.ratis.thirdparty.io.grpc.StatusRuntimeException: UNAVAILABLE: io exception
	at org.apache.ratis.thirdparty.io.grpc.stub.ClientCalls.toStatusRuntimeException(ClientCalls.java:233)
	at org.apache.ratis.thirdparty.io.grpc.stub.ClientCalls.getUnchecked(ClientCalls.java:214)
	at org.apache.ratis.thirdparty.io.grpc.stub.ClientCalls.blockingUnaryCall(ClientCalls.java:139)
	at org.apache.ratis.proto.grpc.RaftServerProtocolServiceGrpc$RaftServerProtocolServiceBlockingStub.requestVote(RaftServerProtocolServiceGrpc.java:265)
	at org.apache.ratis.grpc.server.GrpcServerProtocolClient.requestVote(GrpcServerProtocolClient.java:90)
	at org.apache.ratis.grpc.server.GrpcService.requestVote(GrpcService.java:204)
	at org.apache.ratis.server.impl.LeaderElection.lambda$submitRequests$1(LeaderElection.java:238)
	at java.util.concurrent.FutureTask.run(FutureTask.java:266)
	at java.util.concurrent.Executors$RunnableAdapter.call(Executors.java:511)
	at java.util.concurrent.FutureTask.run(FutureTask.java:266)
	at java.util.concurrent.ThreadPoolExecutor.runWorker(ThreadPoolExecutor.java:1149)
	at java.util.concurrent.ThreadPoolExecutor$Worker.run(ThreadPoolExecutor.java:624)
	... 1 more
Caused by: org.apache.ratis.thirdparty.io.netty.channel.AbstractChannel$AnnotatedConnectException: Connection refused: /192.168.5.171:38202
	at sun.nio.ch.SocketChannelImpl.checkConnect(Native Method)
	at sun.nio.ch.SocketChannelImpl.finishConnect(SocketChannelImpl.java:717)
	at org.apache.ratis.thirdparty.io.netty.channel.socket.nio.NioSocketChannel.doFinishConnect(NioSocketChannel.java:327)
	at org.apache.ratis.thirdparty.io.netty.channel.nio.AbstractNioChannel$AbstractNioUnsafe.finishConnect(AbstractNioChannel.java:340)
	at org.apache.ratis.thirdparty.io.netty.channel.nio.NioEventLoop.processSelectedKey(NioEventLoop.java:632)
	at org.apache.ratis.thirdparty.io.netty.channel.nio.NioEventLoop.processSelectedKeysOptimized(NioEventLoop.java:579)
	at org.apache.ratis.thirdparty.io.netty.channel.nio.NioEventLoop.processSelectedKeys(NioEventLoop.java:496)
	at org.apache.ratis.thirdparty.io.netty.channel.nio.NioEventLoop.run(NioEventLoop.java:458)
	at org.apache.ratis.thirdparty.io.netty.util.concurrent.SingleThreadEventExecutor$5.run(SingleThreadEventExecutor.java:897)
	at org.apache.ratis.thirdparty.io.netty.util.concurrent.FastThreadLocalRunnable.run(FastThreadLocalRunnable.java:30)
	... 1 more
Caused by: java.net.ConnectException: Connection refused
	... 11 more
2019-09-19 10:38:52,187 [9aee5a09-4a58-4c9c-9e60-8a9aa652786c@group-7B56889D45A3:LeaderElection119] INFO  impl.LeaderElection (LeaderElection.java:run(140)) - 9aee5a09-4a58-4c9c-9e60-8a9aa652786c@group-7B56889D45A3:LeaderElection119: IllegalArgumentException is safely ignored since this is already CLOSING
2019-09-19 10:38:52,185 [4d64a175-4b4e-44c0-a69c-2b88ef1d7b0a@group-C20DF5AD5186:LeaderElection122] INFO  impl.LeaderElection (LeaderElection.java:run(140)) - 4d64a175-4b4e-44c0-a69c-2b88ef1d7b0a@group-C20DF5AD5186:LeaderElection122: IllegalArgumentException is safely ignored since this is already CLOSING
2019-09-19 10:38:52,191 [22b67679-0935-426b-83cf-71539ab9923b@group-7B56889D45A3:LeaderElection121] INFO  impl.LeaderElection (LogUtils.java:infoOrTrace(149)) - 22b67679-0935-426b-83cf-71539ab9923b@group-7B56889D45A3:LeaderElection121 got exception when requesting votes: {}
java.util.concurrent.ExecutionException: org.apache.ratis.thirdparty.io.grpc.StatusRuntimeException: UNAVAILABLE: io exception
	at java.util.concurrent.FutureTask.report(FutureTask.java:122)
	at java.util.concurrent.FutureTask.get(FutureTask.java:192)
	at org.apache.ratis.server.impl.LeaderElection.waitForResults(LeaderElection.java:263)
	at org.apache.ratis.server.impl.LeaderElection.askForVotes(LeaderElection.java:201)
	at org.apache.ratis.server.impl.LeaderElection.run(LeaderElection.java:133)
	at java.lang.Thread.run(Thread.java:748)
Caused by: org.apache.ratis.thirdparty.io.grpc.StatusRuntimeException: UNAVAILABLE: io exception
	at org.apache.ratis.thirdparty.io.grpc.stub.ClientCalls.toStatusRuntimeException(ClientCalls.java:233)
	at org.apache.ratis.thirdparty.io.grpc.stub.ClientCalls.getUnchecked(ClientCalls.java:214)
	at org.apache.ratis.thirdparty.io.grpc.stub.ClientCalls.blockingUnaryCall(ClientCalls.java:139)
	at org.apache.ratis.proto.grpc.RaftServerProtocolServiceGrpc$RaftServerProtocolServiceBlockingStub.requestVote(RaftServerProtocolServiceGrpc.java:265)
	at org.apache.ratis.grpc.server.GrpcServerProtocolClient.requestVote(GrpcServerProtocolClient.java:90)
	at org.apache.ratis.grpc.server.GrpcService.requestVote(GrpcService.java:204)
	at org.apache.ratis.server.impl.LeaderElection.lambda$submitRequests$1(LeaderElection.java:238)
	at java.util.concurrent.FutureTask.run(FutureTask.java:266)
	at java.util.concurrent.Executors$RunnableAdapter.call(Executors.java:511)
	at java.util.concurrent.FutureTask.run(FutureTask.java:266)
	at java.util.concurrent.ThreadPoolExecutor.runWorker(ThreadPoolExecutor.java:1149)
	at java.util.concurrent.ThreadPoolExecutor$Worker.run(ThreadPoolExecutor.java:624)
	... 1 more
Caused by: org.apache.ratis.thirdparty.io.netty.channel.AbstractChannel$AnnotatedConnectException: Connection refused: /192.168.5.171:38950
	at sun.nio.ch.SocketChannelImpl.checkConnect(Native Method)
	at sun.nio.ch.SocketChannelImpl.finishConnect(SocketChannelImpl.java:717)
	at org.apache.ratis.thirdparty.io.netty.channel.socket.nio.NioSocketChannel.doFinishConnect(NioSocketChannel.java:327)
	at org.apache.ratis.thirdparty.io.netty.channel.nio.AbstractNioChannel$AbstractNioUnsafe.finishConnect(AbstractNioChannel.java:340)
	at org.apache.ratis.thirdparty.io.netty.channel.nio.NioEventLoop.processSelectedKey(NioEventLoop.java:632)
	at org.apache.ratis.thirdparty.io.netty.channel.nio.NioEventLoop.processSelectedKeysOptimized(NioEventLoop.java:579)
	at org.apache.ratis.thirdparty.io.netty.channel.nio.NioEventLoop.processSelectedKeys(NioEventLoop.java:496)
	at org.apache.ratis.thirdparty.io.netty.channel.nio.NioEventLoop.run(NioEventLoop.java:458)
	at org.apache.ratis.thirdparty.io.netty.util.concurrent.SingleThreadEventExecutor$5.run(SingleThreadEventExecutor.java:897)
	at org.apache.ratis.thirdparty.io.netty.util.concurrent.FastThreadLocalRunnable.run(FastThreadLocalRunnable.java:30)
	... 1 more
Caused by: java.net.ConnectException: Connection refused
	... 11 more
2019-09-19 10:38:52,190 [22b67679-0935-426b-83cf-71539ab9923b@group-C20DF5AD5186:LeaderElection118] INFO  impl.LeaderElection (LogUtils.java:infoOrTrace(149)) - 22b67679-0935-426b-83cf-71539ab9923b@group-C20DF5AD5186:LeaderElection118 got exception when requesting votes: {}
java.util.concurrent.ExecutionException: org.apache.ratis.thirdparty.io.grpc.StatusRuntimeException: UNAVAILABLE: io exception
	at java.util.concurrent.FutureTask.report(FutureTask.java:122)
	at java.util.concurrent.FutureTask.get(FutureTask.java:192)
	at org.apache.ratis.server.impl.LeaderElection.waitForResults(LeaderElection.java:263)
	at org.apache.ratis.server.impl.LeaderElection.askForVotes(LeaderElection.java:201)
	at org.apache.ratis.server.impl.LeaderElection.run(LeaderElection.java:133)
	at java.lang.Thread.run(Thread.java:748)
Caused by: org.apache.ratis.thirdparty.io.grpc.StatusRuntimeException: UNAVAILABLE: io exception
	at org.apache.ratis.thirdparty.io.grpc.stub.ClientCalls.toStatusRuntimeException(ClientCalls.java:233)
	at org.apache.ratis.thirdparty.io.grpc.stub.ClientCalls.getUnchecked(ClientCalls.java:214)
	at org.apache.ratis.thirdparty.io.grpc.stub.ClientCalls.blockingUnaryCall(ClientCalls.java:139)
	at org.apache.ratis.proto.grpc.RaftServerProtocolServiceGrpc$RaftServerProtocolServiceBlockingStub.requestVote(RaftServerProtocolServiceGrpc.java:265)
	at org.apache.ratis.grpc.server.GrpcServerProtocolClient.requestVote(GrpcServerProtocolClient.java:90)
	at org.apache.ratis.grpc.server.GrpcService.requestVote(GrpcService.java:204)
	at org.apache.ratis.server.impl.LeaderElection.lambda$submitRequests$1(LeaderElection.java:238)
	at java.util.concurrent.FutureTask.run(FutureTask.java:266)
	at java.util.concurrent.Executors$RunnableAdapter.call(Executors.java:511)
	at java.util.concurrent.FutureTask.run(FutureTask.java:266)
	at java.util.concurrent.ThreadPoolExecutor.runWorker(ThreadPoolExecutor.java:1149)
	at java.util.concurrent.ThreadPoolExecutor$Worker.run(ThreadPoolExecutor.java:624)
	... 1 more
Caused by: org.apache.ratis.thirdparty.io.netty.channel.AbstractChannel$AnnotatedConnectException: Connection refused: /192.168.5.171:38950
	at sun.nio.ch.SocketChannelImpl.checkConnect(Native Method)
	at sun.nio.ch.SocketChannelImpl.finishConnect(SocketChannelImpl.java:717)
	at org.apache.ratis.thirdparty.io.netty.channel.socket.nio.NioSocketChannel.doFinishConnect(NioSocketChannel.java:327)
	at org.apache.ratis.thirdparty.io.netty.channel.nio.AbstractNioChannel$AbstractNioUnsafe.finishConnect(AbstractNioChannel.java:340)
	at org.apache.ratis.thirdparty.io.netty.channel.nio.NioEventLoop.processSelectedKey(NioEventLoop.java:632)
	at org.apache.ratis.thirdparty.io.netty.channel.nio.NioEventLoop.processSelectedKeysOptimized(NioEventLoop.java:579)
	at org.apache.ratis.thirdparty.io.netty.channel.nio.NioEventLoop.processSelectedKeys(NioEventLoop.java:496)
	at org.apache.ratis.thirdparty.io.netty.channel.nio.NioEventLoop.run(NioEventLoop.java:458)
	at org.apache.ratis.thirdparty.io.netty.util.concurrent.SingleThreadEventExecutor$5.run(SingleThreadEventExecutor.java:897)
	at org.apache.ratis.thirdparty.io.netty.util.concurrent.FastThreadLocalRunnable.run(FastThreadLocalRunnable.java:30)
	... 1 more
Caused by: java.net.ConnectException: Connection refused
	... 11 more
2019-09-19 10:38:52,194 [22b67679-0935-426b-83cf-71539ab9923b@group-7B56889D45A3:LeaderElection121] INFO  impl.LeaderElection (LeaderElection.java:logAndReturn(56)) - 22b67679-0935-426b-83cf-71539ab9923b@group-7B56889D45A3:LeaderElection121: Election REJECTED; received 0 response(s) [] and 2 exception(s); 22b67679-0935-426b-83cf-71539ab9923b@group-7B56889D45A3:t1, leader=null, voted=22b67679-0935-426b-83cf-71539ab9923b, raftlog=22b67679-0935-426b-83cf-71539ab9923b@group-7B56889D45A3-SegmentedRaftLog:OPENED:c-1,f-1,i0, conf=-1: [22b67679-0935-426b-83cf-71539ab9923b:192.168.5.171:46775, 9aee5a09-4a58-4c9c-9e60-8a9aa652786c:192.168.5.171:38202, 4d64a175-4b4e-44c0-a69c-2b88ef1d7b0a:192.168.5.171:38950], old=null
2019-09-19 10:38:52,195 [22b67679-0935-426b-83cf-71539ab9923b@group-C20DF5AD5186:LeaderElection118] INFO  impl.LeaderElection (LogUtils.java:infoOrTrace(149)) - 22b67679-0935-426b-83cf-71539ab9923b@group-C20DF5AD5186:LeaderElection118 got exception when requesting votes: {}
java.util.concurrent.ExecutionException: org.apache.ratis.thirdparty.io.grpc.StatusRuntimeException: UNAVAILABLE: io exception
	at java.util.concurrent.FutureTask.report(FutureTask.java:122)
	at java.util.concurrent.FutureTask.get(FutureTask.java:192)
	at org.apache.ratis.server.impl.LeaderElection.waitForResults(LeaderElection.java:263)
	at org.apache.ratis.server.impl.LeaderElection.askForVotes(LeaderElection.java:201)
	at org.apache.ratis.server.impl.LeaderElection.run(LeaderElection.java:133)
	at java.lang.Thread.run(Thread.java:748)
Caused by: org.apache.ratis.thirdparty.io.grpc.StatusRuntimeException: UNAVAILABLE: io exception
	at org.apache.ratis.thirdparty.io.grpc.stub.ClientCalls.toStatusRuntimeException(ClientCalls.java:233)
	at org.apache.ratis.thirdparty.io.grpc.stub.ClientCalls.getUnchecked(ClientCalls.java:214)
	at org.apache.ratis.thirdparty.io.grpc.stub.ClientCalls.blockingUnaryCall(ClientCalls.java:139)
	at org.apache.ratis.proto.grpc.RaftServerProtocolServiceGrpc$RaftServerProtocolServiceBlockingStub.requestVote(RaftServerProtocolServiceGrpc.java:265)
	at org.apache.ratis.grpc.server.GrpcServerProtocolClient.requestVote(GrpcServerProtocolClient.java:90)
	at org.apache.ratis.grpc.server.GrpcService.requestVote(GrpcService.java:204)
	at org.apache.ratis.server.impl.LeaderElection.lambda$submitRequests$1(LeaderElection.java:238)
	at java.util.concurrent.FutureTask.run(FutureTask.java:266)
	at java.util.concurrent.Executors$RunnableAdapter.call(Executors.java:511)
	at java.util.concurrent.FutureTask.run(FutureTask.java:266)
	at java.util.concurrent.ThreadPoolExecutor.runWorker(ThreadPoolExecutor.java:1149)
	at java.util.concurrent.ThreadPoolExecutor$Worker.run(ThreadPoolExecutor.java:624)
	... 1 more
Caused by: org.apache.ratis.thirdparty.io.netty.channel.AbstractChannel$AnnotatedConnectException: Connection refused: /192.168.5.171:38202
	at sun.nio.ch.SocketChannelImpl.checkConnect(Native Method)
	at sun.nio.ch.SocketChannelImpl.finishConnect(SocketChannelImpl.java:717)
	at org.apache.ratis.thirdparty.io.netty.channel.socket.nio.NioSocketChannel.doFinishConnect(NioSocketChannel.java:327)
	at org.apache.ratis.thirdparty.io.netty.channel.nio.AbstractNioChannel$AbstractNioUnsafe.finishConnect(AbstractNioChannel.java:340)
	at org.apache.ratis.thirdparty.io.netty.channel.nio.NioEventLoop.processSelectedKey(NioEventLoop.java:632)
	at org.apache.ratis.thirdparty.io.netty.channel.nio.NioEventLoop.processSelectedKeysOptimized(NioEventLoop.java:579)
	at org.apache.ratis.thirdparty.io.netty.channel.nio.NioEventLoop.processSelectedKeys(NioEventLoop.java:496)
	at org.apache.ratis.thirdparty.io.netty.channel.nio.NioEventLoop.run(NioEventLoop.java:458)
	at org.apache.ratis.thirdparty.io.netty.util.concurrent.SingleThreadEventExecutor$5.run(SingleThreadEventExecutor.java:897)
	at org.apache.ratis.thirdparty.io.netty.util.concurrent.FastThreadLocalRunnable.run(FastThreadLocalRunnable.java:30)
	... 1 more
Caused by: java.net.ConnectException: Connection refused
	... 11 more
2019-09-19 10:38:52,195 [22b67679-0935-426b-83cf-71539ab9923b@group-7B56889D45A3:LeaderElection121] INFO  impl.LeaderElection (LogUtils.java:infoOrTrace(149)) -   Exception 0: {}
java.util.concurrent.ExecutionException: org.apache.ratis.thirdparty.io.grpc.StatusRuntimeException: UNAVAILABLE: io exception
	at java.util.concurrent.FutureTask.report(FutureTask.java:122)
	at java.util.concurrent.FutureTask.get(FutureTask.java:192)
	at org.apache.ratis.server.impl.LeaderElection.waitForResults(LeaderElection.java:263)
	at org.apache.ratis.server.impl.LeaderElection.askForVotes(LeaderElection.java:201)
	at org.apache.ratis.server.impl.LeaderElection.run(LeaderElection.java:133)
	at java.lang.Thread.run(Thread.java:748)
Caused by: org.apache.ratis.thirdparty.io.grpc.StatusRuntimeException: UNAVAILABLE: io exception
	at org.apache.ratis.thirdparty.io.grpc.stub.ClientCalls.toStatusRuntimeException(ClientCalls.java:233)
	at org.apache.ratis.thirdparty.io.grpc.stub.ClientCalls.getUnchecked(ClientCalls.java:214)
	at org.apache.ratis.thirdparty.io.grpc.stub.ClientCalls.blockingUnaryCall(ClientCalls.java:139)
	at org.apache.ratis.proto.grpc.RaftServerProtocolServiceGrpc$RaftServerProtocolServiceBlockingStub.requestVote(RaftServerProtocolServiceGrpc.java:265)
	at org.apache.ratis.grpc.server.GrpcServerProtocolClient.requestVote(GrpcServerProtocolClient.java:90)
	at org.apache.ratis.grpc.server.GrpcService.requestVote(GrpcService.java:204)
	at org.apache.ratis.server.impl.LeaderElection.lambda$submitRequests$1(LeaderElection.java:238)
	at java.util.concurrent.FutureTask.run(FutureTask.java:266)
	at java.util.concurrent.Executors$RunnableAdapter.call(Executors.java:511)
	at java.util.concurrent.FutureTask.run(FutureTask.java:266)
	at java.util.concurrent.ThreadPoolExecutor.runWorker(ThreadPoolExecutor.java:1149)
	at java.util.concurrent.ThreadPoolExecutor$Worker.run(ThreadPoolExecutor.java:624)
	... 1 more
Caused by: org.apache.ratis.thirdparty.io.netty.channel.AbstractChannel$AnnotatedConnectException: Connection refused: /192.168.5.171:38202
	at sun.nio.ch.SocketChannelImpl.checkConnect(Native Method)
	at sun.nio.ch.SocketChannelImpl.finishConnect(SocketChannelImpl.java:717)
	at org.apache.ratis.thirdparty.io.netty.channel.socket.nio.NioSocketChannel.doFinishConnect(NioSocketChannel.java:327)
	at org.apache.ratis.thirdparty.io.netty.channel.nio.AbstractNioChannel$AbstractNioUnsafe.finishConnect(AbstractNioChannel.java:340)
	at org.apache.ratis.thirdparty.io.netty.channel.nio.NioEventLoop.processSelectedKey(NioEventLoop.java:632)
	at org.apache.ratis.thirdparty.io.netty.channel.nio.NioEventLoop.processSelectedKeysOptimized(NioEventLoop.java:579)
	at org.apache.ratis.thirdparty.io.netty.channel.nio.NioEventLoop.processSelectedKeys(NioEventLoop.java:496)
	at org.apache.ratis.thirdparty.io.netty.channel.nio.NioEventLoop.run(NioEventLoop.java:458)
	at org.apache.ratis.thirdparty.io.netty.util.concurrent.SingleThreadEventExecutor$5.run(SingleThreadEventExecutor.java:897)
	at org.apache.ratis.thirdparty.io.netty.util.concurrent.FastThreadLocalRunnable.run(FastThreadLocalRunnable.java:30)
	... 1 more
Caused by: java.net.ConnectException: Connection refused
	... 11 more
2019-09-19 10:38:52,197 [22b67679-0935-426b-83cf-71539ab9923b@group-C20DF5AD5186:LeaderElection118] INFO  impl.LeaderElection (LeaderElection.java:logAndReturn(56)) - 22b67679-0935-426b-83cf-71539ab9923b@group-C20DF5AD5186:LeaderElection118: Election REJECTED; received 0 response(s) [] and 2 exception(s); 22b67679-0935-426b-83cf-71539ab9923b@group-C20DF5AD5186:t1, leader=null, voted=22b67679-0935-426b-83cf-71539ab9923b, raftlog=22b67679-0935-426b-83cf-71539ab9923b@group-C20DF5AD5186-SegmentedRaftLog:OPENED:c-1,f-1,i0, conf=-1: [22b67679-0935-426b-83cf-71539ab9923b:192.168.5.171:46775, 9aee5a09-4a58-4c9c-9e60-8a9aa652786c:192.168.5.171:38202, 4d64a175-4b4e-44c0-a69c-2b88ef1d7b0a:192.168.5.171:38950], old=null
2019-09-19 10:38:52,197 [22b67679-0935-426b-83cf-71539ab9923b@group-7B56889D45A3:LeaderElection121] INFO  impl.LeaderElection (LogUtils.java:infoOrTrace(149)) -   Exception 1: {}
java.util.concurrent.ExecutionException: org.apache.ratis.thirdparty.io.grpc.StatusRuntimeException: UNAVAILABLE: io exception
	at java.util.concurrent.FutureTask.report(FutureTask.java:122)
	at java.util.concurrent.FutureTask.get(FutureTask.java:192)
	at org.apache.ratis.server.impl.LeaderElection.waitForResults(LeaderElection.java:263)
	at org.apache.ratis.server.impl.LeaderElection.askForVotes(LeaderElection.java:201)
	at org.apache.ratis.server.impl.LeaderElection.run(LeaderElection.java:133)
	at java.lang.Thread.run(Thread.java:748)
Caused by: org.apache.ratis.thirdparty.io.grpc.StatusRuntimeException: UNAVAILABLE: io exception
	at org.apache.ratis.thirdparty.io.grpc.stub.ClientCalls.toStatusRuntimeException(ClientCalls.java:233)
	at org.apache.ratis.thirdparty.io.grpc.stub.ClientCalls.getUnchecked(ClientCalls.java:214)
	at org.apache.ratis.thirdparty.io.grpc.stub.ClientCalls.blockingUnaryCall(ClientCalls.java:139)
	at org.apache.ratis.proto.grpc.RaftServerProtocolServiceGrpc$RaftServerProtocolServiceBlockingStub.requestVote(RaftServerProtocolServiceGrpc.java:265)
	at org.apache.ratis.grpc.server.GrpcServerProtocolClient.requestVote(GrpcServerProtocolClient.java:90)
	at org.apache.ratis.grpc.server.GrpcService.requestVote(GrpcService.java:204)
	at org.apache.ratis.server.impl.LeaderElection.lambda$submitRequests$1(LeaderElection.java:238)
	at java.util.concurrent.FutureTask.run(FutureTask.java:266)
	at java.util.concurrent.Executors$RunnableAdapter.call(Executors.java:511)
	at java.util.concurrent.FutureTask.run(FutureTask.java:266)
	at java.util.concurrent.ThreadPoolExecutor.runWorker(ThreadPoolExecutor.java:1149)
	at java.util.concurrent.ThreadPoolExecutor$Worker.run(ThreadPoolExecutor.java:624)
	... 1 more
Caused by: org.apache.ratis.thirdparty.io.netty.channel.AbstractChannel$AnnotatedConnectException: Connection refused: /192.168.5.171:38950
	at sun.nio.ch.SocketChannelImpl.checkConnect(Native Method)
	at sun.nio.ch.SocketChannelImpl.finishConnect(SocketChannelImpl.java:717)
	at org.apache.ratis.thirdparty.io.netty.channel.socket.nio.NioSocketChannel.doFinishConnect(NioSocketChannel.java:327)
	at org.apache.ratis.thirdparty.io.netty.channel.nio.AbstractNioChannel$AbstractNioUnsafe.finishConnect(AbstractNioChannel.java:340)
	at org.apache.ratis.thirdparty.io.netty.channel.nio.NioEventLoop.processSelectedKey(NioEventLoop.java:632)
	at org.apache.ratis.thirdparty.io.netty.channel.nio.NioEventLoop.processSelectedKeysOptimized(NioEventLoop.java:579)
	at org.apache.ratis.thirdparty.io.netty.channel.nio.NioEventLoop.processSelectedKeys(NioEventLoop.java:496)
	at org.apache.ratis.thirdparty.io.netty.channel.nio.NioEventLoop.run(NioEventLoop.java:458)
	at org.apache.ratis.thirdparty.io.netty.util.concurrent.SingleThreadEventExecutor$5.run(SingleThreadEventExecutor.java:897)
	at org.apache.ratis.thirdparty.io.netty.util.concurrent.FastThreadLocalRunnable.run(FastThreadLocalRunnable.java:30)
	... 1 more
Caused by: java.net.ConnectException: Connection refused
	... 11 more
2019-09-19 10:38:52,197 [22b67679-0935-426b-83cf-71539ab9923b@group-C20DF5AD5186:LeaderElection118] INFO  impl.LeaderElection (LogUtils.java:infoOrTrace(149)) -   Exception 0: {}
java.util.concurrent.ExecutionException: org.apache.ratis.thirdparty.io.grpc.StatusRuntimeException: UNAVAILABLE: io exception
	at java.util.concurrent.FutureTask.report(FutureTask.java:122)
	at java.util.concurrent.FutureTask.get(FutureTask.java:192)
	at org.apache.ratis.server.impl.LeaderElection.waitForResults(LeaderElection.java:263)
	at org.apache.ratis.server.impl.LeaderElection.askForVotes(LeaderElection.java:201)
	at org.apache.ratis.server.impl.LeaderElection.run(LeaderElection.java:133)
	at java.lang.Thread.run(Thread.java:748)
Caused by: org.apache.ratis.thirdparty.io.grpc.StatusRuntimeException: UNAVAILABLE: io exception
	at org.apache.ratis.thirdparty.io.grpc.stub.ClientCalls.toStatusRuntimeException(ClientCalls.java:233)
	at org.apache.ratis.thirdparty.io.grpc.stub.ClientCalls.getUnchecked(ClientCalls.java:214)
	at org.apache.ratis.thirdparty.io.grpc.stub.ClientCalls.blockingUnaryCall(ClientCalls.java:139)
	at org.apache.ratis.proto.grpc.RaftServerProtocolServiceGrpc$RaftServerProtocolServiceBlockingStub.requestVote(RaftServerProtocolServiceGrpc.java:265)
	at org.apache.ratis.grpc.server.GrpcServerProtocolClient.requestVote(GrpcServerProtocolClient.java:90)
	at org.apache.ratis.grpc.server.GrpcService.requestVote(GrpcService.java:204)
	at org.apache.ratis.server.impl.LeaderElection.lambda$submitRequests$1(LeaderElection.java:238)
	at java.util.concurrent.FutureTask.run(FutureTask.java:266)
	at java.util.concurrent.Executors$RunnableAdapter.call(Executors.java:511)
	at java.util.concurrent.FutureTask.run(FutureTask.java:266)
	at java.util.concurrent.ThreadPoolExecutor.runWorker(ThreadPoolExecutor.java:1149)
	at java.util.concurrent.ThreadPoolExecutor$Worker.run(ThreadPoolExecutor.java:624)
	... 1 more
Caused by: org.apache.ratis.thirdparty.io.netty.channel.AbstractChannel$AnnotatedConnectException: Connection refused: /192.168.5.171:38950
	at sun.nio.ch.SocketChannelImpl.checkConnect(Native Method)
	at sun.nio.ch.SocketChannelImpl.finishConnect(SocketChannelImpl.java:717)
	at org.apache.ratis.thirdparty.io.netty.channel.socket.nio.NioSocketChannel.doFinishConnect(NioSocketChannel.java:327)
	at org.apache.ratis.thirdparty.io.netty.channel.nio.AbstractNioChannel$AbstractNioUnsafe.finishConnect(AbstractNioChannel.java:340)
	at org.apache.ratis.thirdparty.io.netty.channel.nio.NioEventLoop.processSelectedKey(NioEventLoop.java:632)
	at org.apache.ratis.thirdparty.io.netty.channel.nio.NioEventLoop.processSelectedKeysOptimized(NioEventLoop.java:579)
	at org.apache.ratis.thirdparty.io.netty.channel.nio.NioEventLoop.processSelectedKeys(NioEventLoop.java:496)
	at org.apache.ratis.thirdparty.io.netty.channel.nio.NioEventLoop.run(NioEventLoop.java:458)
	at org.apache.ratis.thirdparty.io.netty.util.concurrent.SingleThreadEventExecutor$5.run(SingleThreadEventExecutor.java:897)
	at org.apache.ratis.thirdparty.io.netty.util.concurrent.FastThreadLocalRunnable.run(FastThreadLocalRunnable.java:30)
	... 1 more
Caused by: java.net.ConnectException: Connection refused
	... 11 more
2019-09-19 10:38:52,198 [22b67679-0935-426b-83cf-71539ab9923b@group-7B56889D45A3:LeaderElection121] INFO  impl.RaftServerImpl (RaftServerImpl.java:setRole(174)) - 22b67679-0935-426b-83cf-71539ab9923b@group-7B56889D45A3: changes role from CANDIDATE to FOLLOWER at term 1 for DISCOVERED_A_NEW_TERM
2019-09-19 10:38:52,198 [22b67679-0935-426b-83cf-71539ab9923b@group-C20DF5AD5186:LeaderElection118] INFO  impl.LeaderElection (LogUtils.java:infoOrTrace(149)) -   Exception 1: {}
java.util.concurrent.ExecutionException: org.apache.ratis.thirdparty.io.grpc.StatusRuntimeException: UNAVAILABLE: io exception
	at java.util.concurrent.FutureTask.report(FutureTask.java:122)
	at java.util.concurrent.FutureTask.get(FutureTask.java:192)
	at org.apache.ratis.server.impl.LeaderElection.waitForResults(LeaderElection.java:263)
	at org.apache.ratis.server.impl.LeaderElection.askForVotes(LeaderElection.java:201)
	at org.apache.ratis.server.impl.LeaderElection.run(LeaderElection.java:133)
	at java.lang.Thread.run(Thread.java:748)
Caused by: org.apache.ratis.thirdparty.io.grpc.StatusRuntimeException: UNAVAILABLE: io exception
	at org.apache.ratis.thirdparty.io.grpc.stub.ClientCalls.toStatusRuntimeException(ClientCalls.java:233)
	at org.apache.ratis.thirdparty.io.grpc.stub.ClientCalls.getUnchecked(ClientCalls.java:214)
	at org.apache.ratis.thirdparty.io.grpc.stub.ClientCalls.blockingUnaryCall(ClientCalls.java:139)
	at org.apache.ratis.proto.grpc.RaftServerProtocolServiceGrpc$RaftServerProtocolServiceBlockingStub.requestVote(RaftServerProtocolServiceGrpc.java:265)
	at org.apache.ratis.grpc.server.GrpcServerProtocolClient.requestVote(GrpcServerProtocolClient.java:90)
	at org.apache.ratis.grpc.server.GrpcService.requestVote(GrpcService.java:204)
	at org.apache.ratis.server.impl.LeaderElection.lambda$submitRequests$1(LeaderElection.java:238)
	at java.util.concurrent.FutureTask.run(FutureTask.java:266)
	at java.util.concurrent.Executors$RunnableAdapter.call(Executors.java:511)
	at java.util.concurrent.FutureTask.run(FutureTask.java:266)
	at java.util.concurrent.ThreadPoolExecutor.runWorker(ThreadPoolExecutor.java:1149)
	at java.util.concurrent.ThreadPoolExecutor$Worker.run(ThreadPoolExecutor.java:624)
	... 1 more
Caused by: org.apache.ratis.thirdparty.io.netty.channel.AbstractChannel$AnnotatedConnectException: Connection refused: /192.168.5.171:38202
	at sun.nio.ch.SocketChannelImpl.checkConnect(Native Method)
	at sun.nio.ch.SocketChannelImpl.finishConnect(SocketChannelImpl.java:717)
	at org.apache.ratis.thirdparty.io.netty.channel.socket.nio.NioSocketChannel.doFinishConnect(NioSocketChannel.java:327)
	at org.apache.ratis.thirdparty.io.netty.channel.nio.AbstractNioChannel$AbstractNioUnsafe.finishConnect(AbstractNioChannel.java:340)
	at org.apache.ratis.thirdparty.io.netty.channel.nio.NioEventLoop.processSelectedKey(NioEventLoop.java:632)
	at org.apache.ratis.thirdparty.io.netty.channel.nio.NioEventLoop.processSelectedKeysOptimized(NioEventLoop.java:579)
	at org.apache.ratis.thirdparty.io.netty.channel.nio.NioEventLoop.processSelectedKeys(NioEventLoop.java:496)
	at org.apache.ratis.thirdparty.io.netty.channel.nio.NioEventLoop.run(NioEventLoop.java:458)
	at org.apache.ratis.thirdparty.io.netty.util.concurrent.SingleThreadEventExecutor$5.run(SingleThreadEventExecutor.java:897)
	at org.apache.ratis.thirdparty.io.netty.util.concurrent.FastThreadLocalRunnable.run(FastThreadLocalRunnable.java:30)
	... 1 more
Caused by: java.net.ConnectException: Connection refused
	... 11 more
2019-09-19 10:38:52,198 [22b67679-0935-426b-83cf-71539ab9923b@group-7B56889D45A3:LeaderElection121] INFO  impl.RoleInfo (RoleInfo.java:shutdownLeaderElection(134)) - 22b67679-0935-426b-83cf-71539ab9923b: shutdown LeaderElection
2019-09-19 10:38:52,198 [22b67679-0935-426b-83cf-71539ab9923b@group-C20DF5AD5186:LeaderElection118] INFO  impl.RaftServerImpl (RaftServerImpl.java:setRole(174)) - 22b67679-0935-426b-83cf-71539ab9923b@group-C20DF5AD5186: changes role from CANDIDATE to FOLLOWER at term 1 for DISCOVERED_A_NEW_TERM
2019-09-19 10:38:52,199 [22b67679-0935-426b-83cf-71539ab9923b@group-7B56889D45A3:LeaderElection121] INFO  impl.RoleInfo (RoleInfo.java:updateAndGet(143)) - 22b67679-0935-426b-83cf-71539ab9923b: start FollowerState
2019-09-19 10:38:52,199 [22b67679-0935-426b-83cf-71539ab9923b@group-C20DF5AD5186:LeaderElection118] INFO  impl.RoleInfo (RoleInfo.java:shutdownLeaderElection(134)) - 22b67679-0935-426b-83cf-71539ab9923b: shutdown LeaderElection
2019-09-19 10:38:52,199 [22b67679-0935-426b-83cf-71539ab9923b@group-C20DF5AD5186:LeaderElection118] INFO  impl.RoleInfo (RoleInfo.java:updateAndGet(143)) - 22b67679-0935-426b-83cf-71539ab9923b: start FollowerState
2019-09-19 10:38:54,842 [RatisPipelineUtilsThread] WARN  pipeline.RatisPipelineUtils (RatisPipelineUtils.java:destroyPipeline(66)) - Pipeline destroy failed for pipeline=PipelineID=6fd363cf-5c28-420a-9a5d-e4721f147e2b dn=9aee5a09-4a58-4c9c-9e60-8a9aa652786c{ip: 192.168.5.171, host: pr-hdds-1054-s6xkv-2432930293, networkLocation: /default-rack, certSerialId: null}
2019-09-19 10:38:54,844 [RatisPipelineUtilsThread] WARN  pipeline.RatisPipelineUtils (RatisPipelineUtils.java:destroyPipeline(66)) - Pipeline destroy failed for pipeline=PipelineID=6fd363cf-5c28-420a-9a5d-e4721f147e2b dn=4d64a175-4b4e-44c0-a69c-2b88ef1d7b0a{ip: 192.168.5.171, host: pr-hdds-1054-s6xkv-2432930293, networkLocation: /default-rack, certSerialId: null}
2019-09-19 10:38:54,848 [grpc-default-executor-6] INFO  impl.RaftServerProxy (RaftServerProxy.java:remove(95)) - 22b67679-0935-426b-83cf-71539ab9923b: remove group-E4721F147E2B:null
2019-09-19 10:38:54,857 [RatisPipelineUtilsThread] WARN  pipeline.RatisPipelineUtils (RatisPipelineUtils.java:destroyPipeline(66)) - Pipeline destroy failed for pipeline=PipelineID=6fd363cf-5c28-420a-9a5d-e4721f147e2b dn=22b67679-0935-426b-83cf-71539ab9923b{ip: 192.168.5.171, host: pr-hdds-1054-s6xkv-2432930293, networkLocation: /default-rack, certSerialId: null}
2019-09-19 10:38:54,858 [RatisPipelineUtilsThread] ERROR pipeline.SCMPipelineManager (Scheduler.java:lambda$schedule$1(70)) - Destroy pipeline failed for pipeline:Pipeline[ Id: 6fd363cf-5c28-420a-9a5d-e4721f147e2b, Nodes: 9aee5a09-4a58-4c9c-9e60-8a9aa652786c{ip: 192.168.5.171, host: pr-hdds-1054-s6xkv-2432930293, networkLocation: /default-rack, certSerialId: null}4d64a175-4b4e-44c0-a69c-2b88ef1d7b0a{ip: 192.168.5.171, host: pr-hdds-1054-s6xkv-2432930293, networkLocation: /default-rack, certSerialId: null}22b67679-0935-426b-83cf-71539ab9923b{ip: 192.168.5.171, host: pr-hdds-1054-s6xkv-2432930293, networkLocation: /default-rack, certSerialId: null}, Type:RATIS, Factor:THREE, State:CLOSED]
org.apache.hadoop.hdds.scm.pipeline.PipelineNotFoundException: PipelineID=6fd363cf-5c28-420a-9a5d-e4721f147e2b not found
	at org.apache.hadoop.hdds.scm.pipeline.PipelineStateMap.getPipeline(PipelineStateMap.java:132)
	at org.apache.hadoop.hdds.scm.pipeline.PipelineStateMap.removePipeline(PipelineStateMap.java:322)
	at org.apache.hadoop.hdds.scm.pipeline.PipelineStateManager.removePipeline(PipelineStateManager.java:107)
	at org.apache.hadoop.hdds.scm.pipeline.SCMPipelineManager.removePipeline(SCMPipelineManager.java:423)
	at org.apache.hadoop.hdds.scm.pipeline.SCMPipelineManager.destroyPipeline(SCMPipelineManager.java:409)
	at org.apache.hadoop.hdds.scm.pipeline.SCMPipelineManager.lambda$finalizeAndDestroyPipeline$0(SCMPipelineManager.java:318)
	at org.apache.hadoop.hdds.utils.Scheduler.lambda$schedule$1(Scheduler.java:68)
	at java.util.concurrent.Executors$RunnableAdapter.call(Executors.java:511)
	at java.util.concurrent.FutureTask.run(FutureTask.java:266)
	at java.util.concurrent.ScheduledThreadPoolExecutor$ScheduledFutureTask.access$201(ScheduledThreadPoolExecutor.java:180)
	at java.util.concurrent.ScheduledThreadPoolExecutor$ScheduledFutureTask.run(ScheduledThreadPoolExecutor.java:293)
	at java.util.concurrent.ThreadPoolExecutor.runWorker(ThreadPoolExecutor.java:1149)
	at java.util.concurrent.ThreadPoolExecutor$Worker.run(ThreadPoolExecutor.java:624)
	at java.lang.Thread.run(Thread.java:748)
2019-09-19 10:38:55,296 [RatisPipelineUtilsThread] WARN  pipeline.RatisPipelineUtils (RatisPipelineUtils.java:destroyPipeline(66)) - Pipeline destroy failed for pipeline=PipelineID=6fd363cf-5c28-420a-9a5d-e4721f147e2b dn=9aee5a09-4a58-4c9c-9e60-8a9aa652786c{ip: 192.168.5.171, host: pr-hdds-1054-s6xkv-2432930293, networkLocation: /default-rack, certSerialId: null}
2019-09-19 10:38:55,298 [RatisPipelineUtilsThread] WARN  pipeline.RatisPipelineUtils (RatisPipelineUtils.java:destroyPipeline(66)) - Pipeline destroy failed for pipeline=PipelineID=6fd363cf-5c28-420a-9a5d-e4721f147e2b dn=4d64a175-4b4e-44c0-a69c-2b88ef1d7b0a{ip: 192.168.5.171, host: pr-hdds-1054-s6xkv-2432930293, networkLocation: /default-rack, certSerialId: null}
2019-09-19 10:38:55,302 [grpc-default-executor-6] INFO  impl.RaftServerProxy (RaftServerProxy.java:remove(95)) - 22b67679-0935-426b-83cf-71539ab9923b: remove group-E4721F147E2B:null
2019-09-19 10:38:55,308 [RatisPipelineUtilsThread] WARN  pipeline.RatisPipelineUtils (RatisPipelineUtils.java:destroyPipeline(66)) - Pipeline destroy failed for pipeline=PipelineID=6fd363cf-5c28-420a-9a5d-e4721f147e2b dn=22b67679-0935-426b-83cf-71539ab9923b{ip: 192.168.5.171, host: pr-hdds-1054-s6xkv-2432930293, networkLocation: /default-rack, certSerialId: null}
2019-09-19 10:38:55,308 [RatisPipelineUtilsThread] ERROR pipeline.SCMPipelineManager (Scheduler.java:lambda$schedule$1(70)) - Destroy pipeline failed for pipeline:Pipeline[ Id: 6fd363cf-5c28-420a-9a5d-e4721f147e2b, Nodes: 9aee5a09-4a58-4c9c-9e60-8a9aa652786c{ip: 192.168.5.171, host: pr-hdds-1054-s6xkv-2432930293, networkLocation: /default-rack, certSerialId: null}4d64a175-4b4e-44c0-a69c-2b88ef1d7b0a{ip: 192.168.5.171, host: pr-hdds-1054-s6xkv-2432930293, networkLocation: /default-rack, certSerialId: null}22b67679-0935-426b-83cf-71539ab9923b{ip: 192.168.5.171, host: pr-hdds-1054-s6xkv-2432930293, networkLocation: /default-rack, certSerialId: null}, Type:RATIS, Factor:THREE, State:CLOSED]
org.apache.hadoop.hdds.scm.pipeline.PipelineNotFoundException: PipelineID=6fd363cf-5c28-420a-9a5d-e4721f147e2b not found
	at org.apache.hadoop.hdds.scm.pipeline.PipelineStateMap.getPipeline(PipelineStateMap.java:132)
	at org.apache.hadoop.hdds.scm.pipeline.PipelineStateMap.removePipeline(PipelineStateMap.java:322)
	at org.apache.hadoop.hdds.scm.pipeline.PipelineStateManager.removePipeline(PipelineStateManager.java:107)
	at org.apache.hadoop.hdds.scm.pipeline.SCMPipelineManager.removePipeline(SCMPipelineManager.java:423)
	at org.apache.hadoop.hdds.scm.pipeline.SCMPipelineManager.destroyPipeline(SCMPipelineManager.java:409)
	at org.apache.hadoop.hdds.scm.pipeline.SCMPipelineManager.lambda$finalizeAndDestroyPipeline$0(SCMPipelineManager.java:318)
	at org.apache.hadoop.hdds.utils.Scheduler.lambda$schedule$1(Scheduler.java:68)
	at java.util.concurrent.Executors$RunnableAdapter.call(Executors.java:511)
	at java.util.concurrent.FutureTask.run(FutureTask.java:266)
	at java.util.concurrent.ScheduledThreadPoolExecutor$ScheduledFutureTask.access$201(ScheduledThreadPoolExecutor.java:180)
	at java.util.concurrent.ScheduledThreadPoolExecutor$ScheduledFutureTask.run(ScheduledThreadPoolExecutor.java:293)
	at java.util.concurrent.ThreadPoolExecutor.runWorker(ThreadPoolExecutor.java:1149)
	at java.util.concurrent.ThreadPoolExecutor$Worker.run(ThreadPoolExecutor.java:624)
	at java.lang.Thread.run(Thread.java:748)
2019-09-19 10:38:55,844 [RatisPipelineUtilsThread] WARN  pipeline.RatisPipelineUtils (RatisPipelineUtils.java:destroyPipeline(66)) - Pipeline destroy failed for pipeline=PipelineID=6fd363cf-5c28-420a-9a5d-e4721f147e2b dn=9aee5a09-4a58-4c9c-9e60-8a9aa652786c{ip: 192.168.5.171, host: pr-hdds-1054-s6xkv-2432930293, networkLocation: /default-rack, certSerialId: null}
2019-09-19 10:38:55,846 [RatisPipelineUtilsThread] WARN  pipeline.RatisPipelineUtils (RatisPipelineUtils.java:destroyPipeline(66)) - Pipeline destroy failed for pipeline=PipelineID=6fd363cf-5c28-420a-9a5d-e4721f147e2b dn=4d64a175-4b4e-44c0-a69c-2b88ef1d7b0a{ip: 192.168.5.171, host: pr-hdds-1054-s6xkv-2432930293, networkLocation: /default-rack, certSerialId: null}
2019-09-19 10:38:55,848 [grpc-default-executor-6] INFO  impl.RaftServerProxy (RaftServerProxy.java:remove(95)) - 22b67679-0935-426b-83cf-71539ab9923b: remove group-E4721F147E2B:null
2019-09-19 10:38:55,854 [RatisPipelineUtilsThread] WARN  pipeline.RatisPipelineUtils (RatisPipelineUtils.java:destroyPipeline(66)) - Pipeline destroy failed for pipeline=PipelineID=6fd363cf-5c28-420a-9a5d-e4721f147e2b dn=22b67679-0935-426b-83cf-71539ab9923b{ip: 192.168.5.171, host: pr-hdds-1054-s6xkv-2432930293, networkLocation: /default-rack, certSerialId: null}
2019-09-19 10:38:55,854 [RatisPipelineUtilsThread] ERROR pipeline.SCMPipelineManager (Scheduler.java:lambda$schedule$1(70)) - Destroy pipeline failed for pipeline:Pipeline[ Id: 6fd363cf-5c28-420a-9a5d-e4721f147e2b, Nodes: 9aee5a09-4a58-4c9c-9e60-8a9aa652786c{ip: 192.168.5.171, host: pr-hdds-1054-s6xkv-2432930293, networkLocation: /default-rack, certSerialId: null}4d64a175-4b4e-44c0-a69c-2b88ef1d7b0a{ip: 192.168.5.171, host: pr-hdds-1054-s6xkv-2432930293, networkLocation: /default-rack, certSerialId: null}22b67679-0935-426b-83cf-71539ab9923b{ip: 192.168.5.171, host: pr-hdds-1054-s6xkv-2432930293, networkLocation: /default-rack, certSerialId: null}, Type:RATIS, Factor:THREE, State:CLOSED]
org.apache.hadoop.hdds.scm.pipeline.PipelineNotFoundException: PipelineID=6fd363cf-5c28-420a-9a5d-e4721f147e2b not found
	at org.apache.hadoop.hdds.scm.pipeline.PipelineStateMap.getPipeline(PipelineStateMap.java:132)
	at org.apache.hadoop.hdds.scm.pipeline.PipelineStateMap.removePipeline(PipelineStateMap.java:322)
	at org.apache.hadoop.hdds.scm.pipeline.PipelineStateManager.removePipeline(PipelineStateManager.java:107)
	at org.apache.hadoop.hdds.scm.pipeline.SCMPipelineManager.removePipeline(SCMPipelineManager.java:423)
	at org.apache.hadoop.hdds.scm.pipeline.SCMPipelineManager.destroyPipeline(SCMPipelineManager.java:409)
	at org.apache.hadoop.hdds.scm.pipeline.SCMPipelineManager.lambda$finalizeAndDestroyPipeline$0(SCMPipelineManager.java:318)
	at org.apache.hadoop.hdds.utils.Scheduler.lambda$schedule$1(Scheduler.java:68)
	at java.util.concurrent.Executors$RunnableAdapter.call(Executors.java:511)
	at java.util.concurrent.FutureTask.run(FutureTask.java:266)
	at java.util.concurrent.ScheduledThreadPoolExecutor$ScheduledFutureTask.access$201(ScheduledThreadPoolExecutor.java:180)
	at java.util.concurrent.ScheduledThreadPoolExecutor$ScheduledFutureTask.run(ScheduledThreadPoolExecutor.java:293)
	at java.util.concurrent.ThreadPoolExecutor.runWorker(ThreadPoolExecutor.java:1149)
	at java.util.concurrent.ThreadPoolExecutor$Worker.run(ThreadPoolExecutor.java:624)
	at java.lang.Thread.run(Thread.java:748)
2019-09-19 10:38:56,480 [ForkJoinPool.commonPool-worker-0] INFO  ozoneimpl.OzoneContainer (OzoneContainer.java:stop(231)) - Attempting to stop container services.
2019-09-19 10:38:56,481 [ForkJoinPool.commonPool-worker-0] INFO  impl.RaftServerProxy (RaftServerProxy.java:lambda$close$4(314)) - 22b67679-0935-426b-83cf-71539ab9923b: close
2019-09-19 10:38:56,481 [ForkJoinPool.commonPool-worker-0] INFO  impl.RaftServerImpl (RaftServerImpl.java:lambda$shutdown$3(251)) - 22b67679-0935-426b-83cf-71539ab9923b@group-C20DF5AD5186: shutdown
2019-09-19 10:38:56,481 [ForkJoinPool.commonPool-worker-0] INFO  util.JmxRegister (JmxRegister.java:unregister(73)) - Successfully un-registered JMX Bean with object name Ratis:service=RaftServer,group=group-C20DF5AD5186,id=22b67679-0935-426b-83cf-71539ab9923b
2019-09-19 10:38:56,481 [ForkJoinPool.commonPool-worker-0] INFO  impl.RoleInfo (RoleInfo.java:shutdownFollowerState(121)) - 22b67679-0935-426b-83cf-71539ab9923b: shutdown FollowerState
2019-09-19 10:38:56,481 [ForkJoinPool.commonPool-worker-0] INFO  impl.StateMachineUpdater (StateMachineUpdater.java:stopAndJoin(125)) - 22b67679-0935-426b-83cf-71539ab9923b@group-C20DF5AD5186-StateMachineUpdater: set stopIndex = -1
2019-09-19 10:38:56,481 [Thread-3211] INFO  impl.FollowerState (FollowerState.java:run(115)) - 22b67679-0935-426b-83cf-71539ab9923b: FollowerState was interrupted: java.lang.InterruptedException: sleep interrupted
2019-09-19 10:38:56,482 [ForkJoinPool.commonPool-worker-0] INFO  impl.RaftServerImpl (ServerState.java:close(385)) - 22b67679-0935-426b-83cf-71539ab9923b@group-C20DF5AD5186: closes. applyIndex: -1
2019-09-19 10:38:56,484 [22b67679-0935-426b-83cf-71539ab9923b@group-C20DF5AD5186-SegmentedRaftLogWorker] INFO  segmented.SegmentedRaftLogWorker (SegmentedRaftLogWorker.java:run(313)) - 22b67679-0935-426b-83cf-71539ab9923b@group-C20DF5AD5186-SegmentedRaftLogWorker was interrupted, exiting. There are 0 tasks remaining in the queue.
2019-09-19 10:38:56,484 [ForkJoinPool.commonPool-worker-0] INFO  segmented.SegmentedRaftLogWorker (SegmentedRaftLogWorker.java:close(228)) - 22b67679-0935-426b-83cf-71539ab9923b@group-C20DF5AD5186-SegmentedRaftLogWorker close()
2019-09-19 10:38:56,486 [ForkJoinPool.commonPool-worker-0] INFO  impl.RaftServerImpl (RaftServerImpl.java:lambda$shutdown$3(251)) - 22b67679-0935-426b-83cf-71539ab9923b@group-D7559C9785C5: shutdown
2019-09-19 10:38:56,486 [ForkJoinPool.commonPool-worker-0] INFO  util.JmxRegister (JmxRegister.java:unregister(73)) - Successfully un-registered JMX Bean with object name Ratis:service=RaftServer,group=group-D7559C9785C5,id=22b67679-0935-426b-83cf-71539ab9923b
2019-09-19 10:38:56,486 [ForkJoinPool.commonPool-worker-0] INFO  impl.RoleInfo (RoleInfo.java:shutdownLeaderState(104)) - 22b67679-0935-426b-83cf-71539ab9923b: shutdown LeaderState
2019-09-19 10:38:56,486 [ForkJoinPool.commonPool-worker-0] INFO  impl.PendingRequests (PendingRequests.java:sendNotLeaderResponses(202)) - 22b67679-0935-426b-83cf-71539ab9923b-PendingRequests: sendNotLeaderResponses
2019-09-19 10:38:56,487 [ForkJoinPool.commonPool-worker-0] INFO  impl.StateMachineUpdater (StateMachineUpdater.java:stopAndJoin(125)) - 22b67679-0935-426b-83cf-71539ab9923b@group-D7559C9785C5-StateMachineUpdater: set stopIndex = 0
2019-09-19 10:38:56,487 [ForkJoinPool.commonPool-worker-0] INFO  impl.RaftServerImpl (ServerState.java:close(385)) - 22b67679-0935-426b-83cf-71539ab9923b@group-D7559C9785C5: closes. applyIndex: 0
2019-09-19 10:38:56,487 [22b67679-0935-426b-83cf-71539ab9923b@group-D7559C9785C5-SegmentedRaftLogWorker] INFO  segmented.SegmentedRaftLogWorker (SegmentedRaftLogWorker.java:run(313)) - 22b67679-0935-426b-83cf-71539ab9923b@group-D7559C9785C5-SegmentedRaftLogWorker was interrupted, exiting. There are 0 tasks remaining in the queue.
2019-09-19 10:38:56,488 [ForkJoinPool.commonPool-worker-0] INFO  segmented.SegmentedRaftLogWorker (SegmentedRaftLogWorker.java:close(228)) - 22b67679-0935-426b-83cf-71539ab9923b@group-D7559C9785C5-SegmentedRaftLogWorker close()
2019-09-19 10:38:56,488 [ForkJoinPool.commonPool-worker-0] INFO  impl.RaftServerImpl (RaftServerImpl.java:lambda$shutdown$3(251)) - 22b67679-0935-426b-83cf-71539ab9923b@group-7B56889D45A3: shutdown
2019-09-19 10:38:56,488 [ForkJoinPool.commonPool-worker-0] INFO  util.JmxRegister (JmxRegister.java:unregister(73)) - Successfully un-registered JMX Bean with object name Ratis:service=RaftServer,group=group-7B56889D45A3,id=22b67679-0935-426b-83cf-71539ab9923b
2019-09-19 10:38:56,488 [ForkJoinPool.commonPool-worker-0] INFO  impl.RoleInfo (RoleInfo.java:shutdownFollowerState(121)) - 22b67679-0935-426b-83cf-71539ab9923b: shutdown FollowerState
2019-09-19 10:38:56,489 [ForkJoinPool.commonPool-worker-0] INFO  impl.StateMachineUpdater (StateMachineUpdater.java:stopAndJoin(125)) - 22b67679-0935-426b-83cf-71539ab9923b@group-7B56889D45A3-StateMachineUpdater: set stopIndex = -1
2019-09-19 10:38:56,489 [Thread-3210] INFO  impl.FollowerState (FollowerState.java:run(115)) - 22b67679-0935-426b-83cf-71539ab9923b: FollowerState was interrupted: java.lang.InterruptedException: sleep interrupted
2019-09-19 10:38:56,489 [ForkJoinPool.commonPool-worker-0] INFO  impl.RaftServerImpl (ServerState.java:close(385)) - 22b67679-0935-426b-83cf-71539ab9923b@group-7B56889D45A3: closes. applyIndex: -1
2019-09-19 10:38:56,490 [22b67679-0935-426b-83cf-71539ab9923b@group-7B56889D45A3-SegmentedRaftLogWorker] INFO  segmented.SegmentedRaftLogWorker (SegmentedRaftLogWorker.java:run(313)) - 22b67679-0935-426b-83cf-71539ab9923b@group-7B56889D45A3-SegmentedRaftLogWorker was interrupted, exiting. There are 0 tasks remaining in the queue.
2019-09-19 10:38:56,490 [ForkJoinPool.commonPool-worker-0] INFO  segmented.SegmentedRaftLogWorker (SegmentedRaftLogWorker.java:close(228)) - 22b67679-0935-426b-83cf-71539ab9923b@group-7B56889D45A3-SegmentedRaftLogWorker close()
2019-09-19 10:38:56,491 [ForkJoinPool.commonPool-worker-0] INFO  server.GrpcService (GrpcService.java:closeImpl(164)) - 22b67679-0935-426b-83cf-71539ab9923b: shutdown server with port 46775 now
2019-09-19 10:38:56,491 [ForkJoinPool.commonPool-worker-0] INFO  server.GrpcService (GrpcService.java:closeImpl(172)) - 22b67679-0935-426b-83cf-71539ab9923b: shutdown server with port 46775 successfully
2019-09-19 10:38:56,492 [refreshUsed-/workdir/hadoop-ozone/ozonefs/target/test-dir/MiniOzoneClusterImpl-1effda81-744f-491e-8240-0d6175f8bd8e/datanode-2/data/containers] WARN  fs.CachingGetSpaceUsed (CachingGetSpaceUsed.java:run(183)) - Thread Interrupted waiting to refresh disk information: sleep interrupted
2019-09-19 10:38:56,526 [ForkJoinPool.commonPool-worker-0] INFO  utils.BackgroundService (BackgroundService.java:shutdown(148)) - Shutting down service BlockDeletingService
2019-09-19 10:38:56,529 [ForkJoinPool.commonPool-worker-0] INFO  statemachine.DatanodeStateMachine (DatanodeStateMachine.java:stopDaemon(395)) - Ozone container server stopped.
2019-09-19 10:38:56,532 [ForkJoinPool.commonPool-worker-0] INFO  handler.ContextHandler (ContextHandler.java:doStop(910)) - Stopped o.e.j.w.WebAppContext@148b6f95{/,null,UNAVAILABLE}{/hddsDatanode}
2019-09-19 10:38:56,533 [ForkJoinPool.commonPool-worker-0] INFO  server.AbstractConnector (AbstractConnector.java:doStop(318)) - Stopped ServerConnector@5ee581db{HTTP/1.1,[http/1.1]}{0.0.0.0:0}
2019-09-19 10:38:56,534 [ForkJoinPool.commonPool-worker-0] INFO  handler.ContextHandler (ContextHandler.java:doStop(910)) - Stopped o.e.j.s.ServletContextHandler@72f3acc9{/static,jar:file:/home/user/.m2/repository/org/apache/hadoop/hadoop-hdds-container-service/0.5.0-SNAPSHOT/hadoop-hdds-container-service-0.5.0-SNAPSHOT.jar!/webapps/static,UNAVAILABLE}
2019-09-19 10:38:56,535 [ForkJoinPool.commonPool-worker-0] INFO  handler.ContextHandler (ContextHandler.java:doStop(910)) - Stopped o.e.j.s.ServletContextHandler@13cf5f8a{/logs,file:///workdir/hadoop-ozone/ozonefs/target/log,UNAVAILABLE}
2019-09-19 10:38:56,536 [main] INFO  ozone.MiniOzoneClusterImpl (MiniOzoneClusterImpl.java:stop(344)) - Stopping the StorageContainerManager
2019-09-19 10:38:56,536 [main] INFO  server.StorageContainerManager (StorageContainerManager.java:stop(801)) - Stopping Replication Manager Service.
2019-09-19 10:38:56,536 [main] INFO  container.ReplicationManager (ReplicationManager.java:stop(203)) - Stopping Replication Monitor Thread.
2019-09-19 10:38:56,537 [main] INFO  server.StorageContainerManager (StorageContainerManager.java:stop(808)) - Stopping Lease Manager of the command watchers
2019-09-19 10:38:56,537 [main] INFO  server.StorageContainerManager (StorageContainerManager.java:stop(815)) - Stopping datanode service RPC server
2019-09-19 10:38:56,537 [main] INFO  server.SCMDatanodeProtocolServer (SCMDatanodeProtocolServer.java:stop(367)) - Stopping the RPC server for DataNodes
2019-09-19 10:38:56,537 [main] INFO  ipc.Server (Server.java:stop(3082)) - Stopping server on 43308
2019-09-19 10:38:56,539 [IPC Server listener on 43308] INFO  ipc.Server (Server.java:run(1185)) - Stopping IPC Server listener on 43308
2019-09-19 10:38:56,539 [IPC Server Responder] INFO  ipc.Server (Server.java:run(1319)) - Stopping IPC Server Responder
2019-09-19 10:38:56,584 [SCM Heartbeat Processing Thread - 0] WARN  node.NodeStateManager (NodeStateManager.java:scheduleNextHealthCheck(646)) - Current Thread is interrupted, shutting down HB processing thread for Node Manager.
2019-09-19 10:38:56,585 [main] INFO  server.StorageContainerManager (StorageContainerManager.java:stop(823)) - Stopping block service RPC server
2019-09-19 10:38:56,585 [main] INFO  server.SCMBlockProtocolServer (SCMBlockProtocolServer.java:stop(155)) - Stopping the RPC server for Block Protocol
2019-09-19 10:38:56,585 [main] INFO  ipc.Server (Server.java:stop(3082)) - Stopping server on 43602
2019-09-19 10:38:56,588 [IPC Server listener on 43602] INFO  ipc.Server (Server.java:run(1185)) - Stopping IPC Server listener on 43602
2019-09-19 10:38:56,588 [main] INFO  server.StorageContainerManager (StorageContainerManager.java:stop(830)) - Stopping the StorageContainerLocationProtocol RPC server
2019-09-19 10:38:56,588 [IPC Server Responder] INFO  ipc.Server (Server.java:run(1319)) - Stopping IPC Server Responder
2019-09-19 10:38:56,588 [main] INFO  server.SCMClientProtocolServer (SCMClientProtocolServer.java:stop(159)) - Stopping the RPC server for Client Protocol
2019-09-19 10:38:56,589 [main] INFO  ipc.Server (Server.java:stop(3082)) - Stopping server on 34257
2019-09-19 10:38:56,591 [IPC Server listener on 34257] INFO  ipc.Server (Server.java:run(1185)) - Stopping IPC Server listener on 34257
2019-09-19 10:38:56,591 [main] INFO  server.StorageContainerManager (StorageContainerManager.java:stop(837)) - Stopping Storage Container Manager HTTP server.
2019-09-19 10:38:56,591 [IPC Server Responder] INFO  ipc.Server (Server.java:run(1319)) - Stopping IPC Server Responder
2019-09-19 10:38:56,593 [main] INFO  handler.ContextHandler (ContextHandler.java:doStop(910)) - Stopped o.e.j.w.WebAppContext@79d14037{/,null,UNAVAILABLE}{/scm}
2019-09-19 10:38:56,594 [main] INFO  server.AbstractConnector (AbstractConnector.java:doStop(318)) - Stopped ServerConnector@6c1e40d9{HTTP/1.1,[http/1.1]}{0.0.0.0:0}
2019-09-19 10:38:56,594 [main] INFO  handler.ContextHandler (ContextHandler.java:doStop(910)) - Stopped o.e.j.s.ServletContextHandler@5256fbc{/static,jar:file:/home/user/.m2/repository/org/apache/hadoop/hadoop-hdds-server-scm/0.5.0-SNAPSHOT/hadoop-hdds-server-scm-0.5.0-SNAPSHOT.jar!/webapps/static,UNAVAILABLE}
2019-09-19 10:38:56,594 [main] INFO  handler.ContextHandler (ContextHandler.java:doStop(910)) - Stopped o.e.j.s.ServletContextHandler@11295cb1{/logs,file:///workdir/hadoop-ozone/ozonefs/target/log,UNAVAILABLE}
2019-09-19 10:38:56,595 [main] INFO  server.StorageContainerManager (StorageContainerManager.java:stop(848)) - Stopping Block Manager Service.
2019-09-19 10:38:56,595 [main] INFO  utils.BackgroundService (BackgroundService.java:shutdown(148)) - Shutting down service SCMBlockDeletingService
2019-09-19 10:38:56,596 [main] INFO  utils.BackgroundService (BackgroundService.java:shutdown(148)) - Shutting down service SCMBlockDeletingService
2019-09-19 10:38:56,596 [main] INFO  server.StorageContainerManager (StorageContainerManager.java:stop(870)) - Stopping SCM Event Queue.
2019-09-19 10:38:56,609 [main] INFO  impl.MetricsSystemImpl (MetricsSystemImpl.java:stop(210)) - Stopping HddsDatanode metrics system...
2019-09-19 10:38:56,619 [main] INFO  impl.MetricsSystemImpl (MetricsSystemImpl.java:stop(216)) - HddsDatanode metrics system stopped.
]]></system-out>
  </testcase>
</testsuite>