<?xml version="1.0" encoding="UTF-8"?>
<testsuite xmlns:xsi="http://www.w3.org/2001/XMLSchema-instance" xsi:noNamespaceSchemaLocation="https://maven.apache.org/surefire/maven-surefire-plugin/xsd/surefire-test-report.xsd" name="org.apache.hadoop.ozone.client.rpc.TestBlockOutputStreamWithFailures" time="743.282" tests="8" errors="0" skipped="0" failures="1">
  <properties>
    <property name="awt.toolkit" value="sun.awt.X11.XToolkit"/>
    <property name="file.encoding.pkg" value="sun.io"/>
    <property name="java.specification.version" value="1.8"/>
    <property name="sun.cpu.isalist" value=""/>
    <property name="sun.jnu.encoding" value="UTF-8"/>
    <property name="java.class.path" value="/workdir/hadoop-ozone/integration-test/target/test-classes:/workdir/hadoop-ozone/integration-test/target/classes:/home/user/.m2/repository/org/apache/hadoop/hadoop-ozone-common/0.5.0-SNAPSHOT/hadoop-ozone-common-0.5.0-SNAPSHOT.jar:/home/user/.m2/repository/org/apache/commons/commons-compress/1.4.1/commons-compress-1.4.1.jar:/home/user/.m2/repository/org/tukaani/xz/1.0/xz-1.0.jar:/home/user/.m2/repository/org/apache/hadoop/hadoop-common/3.2.0/hadoop-common-3.2.0.jar:/home/user/.m2/repository/org/apache/hadoop/hadoop-hdfs/3.2.0/hadoop-hdfs-3.2.0.jar:/home/user/.m2/repository/org/apache/hadoop/hadoop-hdfs-client/3.2.0/hadoop-hdfs-client-3.2.0.jar:/home/user/.m2/repository/com/fasterxml/jackson/core/jackson-annotations/2.9.5/jackson-annotations-2.9.5.jar:/home/user/.m2/repository/org/apache/hadoop/hadoop-hdds-common/0.5.0-SNAPSHOT/hadoop-hdds-common-0.5.0-SNAPSHOT.jar:/home/user/.m2/repository/javax/annotation/javax.annotation-api/1.2/javax.annotation-api-1.2.jar:/home/user/.m2/repository/org/apache/ratis/ratis-server/0.4.0-2337318-SNAPSHOT/ratis-server-0.4.0-2337318-SNAPSHOT.jar:/home/user/.m2/repository/org/apache/ratis/ratis-thirdparty-misc/0.2.0/ratis-thirdparty-misc-0.2.0.jar:/home/user/.m2/repository/org/apache/ratis/ratis-proto/0.4.0-2337318-SNAPSHOT/ratis-proto-0.4.0-2337318-SNAPSHOT.jar:/home/user/.m2/repository/org/apache/ratis/ratis-common/0.4.0-2337318-SNAPSHOT/ratis-common-0.4.0-2337318-SNAPSHOT.jar:/home/user/.m2/repository/org/apache/ratis/ratis-client/0.4.0-2337318-SNAPSHOT/ratis-client-0.4.0-2337318-SNAPSHOT.jar:/home/user/.m2/repository/org/apache/ratis/ratis-metrics/0.4.0-2337318-SNAPSHOT/ratis-metrics-0.4.0-2337318-SNAPSHOT.jar:/home/user/.m2/repository/org/apache/ratis/ratis-netty/0.4.0-2337318-SNAPSHOT/ratis-netty-0.4.0-2337318-SNAPSHOT.jar:/home/user/.m2/repository/org/apache/ratis/ratis-grpc/0.4.0-2337318-SNAPSHOT/ratis-grpc-0.4.0-2337318-SNAPSHOT.jar:/home/user/.m2/repository/org/rocksdb/rocksdbjni/6.0.1/rocksdbjni-6.0.1.jar:/home/user/.m2/repository/org/apache/logging/log4j/log4j-api/2.11.0/log4j-api-2.11.0.jar:/home/user/.m2/repository/org/apache/logging/log4j/log4j-core/2.11.0/log4j-core-2.11.0.jar:/home/user/.m2/repository/com/lmax/disruptor/3.4.2/disruptor-3.4.2.jar:/home/user/.m2/repository/org/apache/commons/commons-pool2/2.6.0/commons-pool2-2.6.0.jar:/home/user/.m2/repository/org/bouncycastle/bcpkix-jdk15on/1.60/bcpkix-jdk15on-1.60.jar:/home/user/.m2/repository/commons-validator/commons-validator/1.6/commons-validator-1.6.jar:/home/user/.m2/repository/commons-digester/commons-digester/1.8.1/commons-digester-1.8.1.jar:/home/user/.m2/repository/io/jaegertracing/jaeger-client/0.33.1/jaeger-client-0.33.1.jar:/home/user/.m2/repository/io/jaegertracing/jaeger-thrift/0.33.1/jaeger-thrift-0.33.1.jar:/home/user/.m2/repository/org/apache/thrift/libthrift/0.11.0/libthrift-0.11.0.jar:/home/user/.m2/repository/com/squareup/okhttp3/okhttp/3.9.0/okhttp-3.9.0.jar:/home/user/.m2/repository/com/squareup/okio/okio/1.13.0/okio-1.13.0.jar:/home/user/.m2/repository/io/jaegertracing/jaeger-core/0.33.1/jaeger-core-0.33.1.jar:/home/user/.m2/repository/io/jaegertracing/jaeger-tracerresolver/0.33.1/jaeger-tracerresolver-0.33.1.jar:/home/user/.m2/repository/io/opentracing/contrib/opentracing-tracerresolver/0.1.5/opentracing-tracerresolver-0.1.5.jar:/home/user/.m2/repository/io/opentracing/opentracing-util/0.31.0/opentracing-util-0.31.0.jar:/home/user/.m2/repository/io/opentracing/opentracing-api/0.31.0/opentracing-api-0.31.0.jar:/home/user/.m2/repository/io/opentracing/opentracing-noop/0.31.0/opentracing-noop-0.31.0.jar:/home/user/.m2/repository/org/apache/hadoop/hadoop-hdds-server-framework/0.5.0-SNAPSHOT/hadoop-hdds-server-framework-0.5.0-SNAPSHOT.jar:/home/user/.m2/repository/org/apache/hadoop/hadoop-hdds-container-service/0.5.0-SNAPSHOT/hadoop-hdds-container-service-0.5.0-SNAPSHOT.jar:/home/user/.m2/repository/org/apache/hadoop/hadoop-hdds-client/0.5.0-SNAPSHOT/hadoop-hdds-client-0.5.0-SNAPSHOT.jar:/home/user/.m2/repository/org/apache/hadoop/hadoop-hdds-tools/0.5.0-SNAPSHOT/hadoop-hdds-tools-0.5.0-SNAPSHOT.jar:/home/user/.m2/repository/org/apache/hadoop/hadoop-hdds-server-scm/0.5.0-SNAPSHOT/hadoop-hdds-server-scm-0.5.0-SNAPSHOT.jar:/home/user/.m2/repository/org/apache/hadoop/hadoop-hdds-docs/0.5.0-SNAPSHOT/hadoop-hdds-docs-0.5.0-SNAPSHOT.jar:/home/user/.m2/repository/io/dropwizard/metrics/metrics-core/3.2.4/metrics-core-3.2.4.jar:/home/user/.m2/repository/org/hamcrest/hamcrest-all/1.3/hamcrest-all-1.3.jar:/home/user/.m2/repository/org/bouncycastle/bcprov-jdk15on/1.60/bcprov-jdk15on-1.60.jar:/home/user/.m2/repository/info/picocli/picocli/3.9.6/picocli-3.9.6.jar:/home/user/.m2/repository/com/google/protobuf/protobuf-java/2.5.0/protobuf-java-2.5.0.jar:/home/user/.m2/repository/com/google/guava/guava/11.0.2/guava-11.0.2.jar:/home/user/.m2/repository/org/apache/hadoop/hadoop-ozone-ozone-manager/0.5.0-SNAPSHOT/hadoop-ozone-ozone-manager-0.5.0-SNAPSHOT.jar:/home/user/.m2/repository/org/apache/hadoop/hadoop-minikdc/3.2.0/hadoop-minikdc-3.2.0.jar:/home/user/.m2/repository/commons-io/commons-io/2.5/commons-io-2.5.jar:/home/user/.m2/repository/org/apache/kerby/kerb-simplekdc/1.0.1/kerb-simplekdc-1.0.1.jar:/home/user/.m2/repository/org/apache/kerby/kerb-client/1.0.1/kerb-client-1.0.1.jar:/home/user/.m2/repository/org/apache/kerby/kerby-config/1.0.1/kerby-config-1.0.1.jar:/home/user/.m2/repository/org/apache/kerby/kerb-core/1.0.1/kerb-core-1.0.1.jar:/home/user/.m2/repository/org/apache/kerby/kerby-pkix/1.0.1/kerby-pkix-1.0.1.jar:/home/user/.m2/repository/org/apache/kerby/kerby-asn1/1.0.1/kerby-asn1-1.0.1.jar:/home/user/.m2/repository/org/apache/kerby/kerby-util/1.0.1/kerby-util-1.0.1.jar:/home/user/.m2/repository/org/apache/kerby/kerb-common/1.0.1/kerb-common-1.0.1.jar:/home/user/.m2/repository/org/apache/kerby/kerb-crypto/1.0.1/kerb-crypto-1.0.1.jar:/home/user/.m2/repository/org/apache/kerby/kerb-util/1.0.1/kerb-util-1.0.1.jar:/home/user/.m2/repository/org/apache/kerby/token-provider/1.0.1/token-provider-1.0.1.jar:/home/user/.m2/repository/org/apache/kerby/kerb-admin/1.0.1/kerb-admin-1.0.1.jar:/home/user/.m2/repository/org/apache/kerby/kerb-server/1.0.1/kerb-server-1.0.1.jar:/home/user/.m2/repository/org/apache/kerby/kerb-identity/1.0.1/kerb-identity-1.0.1.jar:/home/user/.m2/repository/org/apache/kerby/kerby-xdr/1.0.1/kerby-xdr-1.0.1.jar:/home/user/.m2/repository/org/slf4j/slf4j-log4j12/1.7.25/slf4j-log4j12-1.7.25.jar:/home/user/.m2/repository/org/apache/hadoop/hadoop-ozone-s3gateway/0.5.0-SNAPSHOT/hadoop-ozone-s3gateway-0.5.0-SNAPSHOT.jar:/home/user/.m2/repository/org/jboss/weld/servlet/weld-servlet/2.4.7.Final/weld-servlet-2.4.7.Final.jar:/home/user/.m2/repository/org/glassfish/jersey/containers/jersey-container-servlet-core/2.27/jersey-container-servlet-core-2.27.jar:/home/user/.m2/repository/org/glassfish/hk2/external/javax.inject/2.5.0-b42/javax.inject-2.5.0-b42.jar:/home/user/.m2/repository/org/glassfish/jersey/core/jersey-common/2.27/jersey-common-2.27.jar:/home/user/.m2/repository/org/glassfish/hk2/osgi-resource-locator/1.0.1/osgi-resource-locator-1.0.1.jar:/home/user/.m2/repository/javax/ws/rs/javax.ws.rs-api/2.1/javax.ws.rs-api-2.1.jar:/home/user/.m2/repository/org/glassfish/jersey/ext/cdi/jersey-cdi1x/2.27/jersey-cdi1x-2.27.jar:/home/user/.m2/repository/org/glassfish/jersey/inject/jersey-hk2/2.27/jersey-hk2-2.27.jar:/home/user/.m2/repository/org/glassfish/hk2/hk2-locator/2.5.0-b42/hk2-locator-2.5.0-b42.jar:/home/user/.m2/repository/org/javassist/javassist/3.22.0-CR2/javassist-3.22.0-CR2.jar:/home/user/.m2/repository/org/glassfish/hk2/hk2-api/2.5.0/hk2-api-2.5.0.jar:/home/user/.m2/repository/org/glassfish/hk2/external/jakarta.inject/2.5.0/jakarta.inject-2.5.0.jar:/home/user/.m2/repository/org/glassfish/hk2/hk2-utils/2.5.0/hk2-utils-2.5.0.jar:/home/user/.m2/repository/jakarta/annotation/jakarta.annotation-api/1.3.4/jakarta.annotation-api-1.3.4.jar:/home/user/.m2/repository/org/glassfish/hk2/external/aopalliance-repackaged/2.5.0/aopalliance-repackaged-2.5.0.jar:/home/user/.m2/repository/com/fasterxml/jackson/dataformat/jackson-dataformat-xml/2.9.0/jackson-dataformat-xml-2.9.0.jar:/home/user/.m2/repository/com/fasterxml/jackson/core/jackson-core/2.9.5/jackson-core-2.9.5.jar:/home/user/.m2/repository/com/fasterxml/jackson/module/jackson-module-jaxb-annotations/2.9.5/jackson-module-jaxb-annotations-2.9.5.jar:/home/user/.m2/repository/javax/enterprise/cdi-api/1.2/cdi-api-1.2.jar:/home/user/.m2/repository/javax/el/javax.el-api/3.0.0/javax.el-api-3.0.0.jar:/home/user/.m2/repository/javax/interceptor/javax.interceptor-api/1.2/javax.interceptor-api-1.2.jar:/home/user/.m2/repository/javax/inject/javax.inject/1/javax.inject-1.jar:/home/user/.m2/repository/com/sun/xml/bind/jaxb-impl/2.3.0.1/jaxb-impl-2.3.0.1.jar:/home/user/.m2/repository/com/sun/xml/bind/jaxb-core/2.3.0.1/jaxb-core-2.3.0.1.jar:/home/user/.m2/repository/javax/xml/bind/jaxb-api/2.3.0/jaxb-api-2.3.0.jar:/home/user/.m2/repository/javax/activation/activation/1.1.1/activation-1.1.1.jar:/home/user/.m2/repository/org/apache/hadoop/hadoop-ozone-csi/0.5.0-SNAPSHOT/hadoop-ozone-csi-0.5.0-SNAPSHOT.jar:/home/user/.m2/repository/com/google/protobuf/protobuf-java-util/3.5.1/protobuf-java-util-3.5.1.jar:/home/user/.m2/repository/org/apache/hadoop/hadoop-hdds-config/0.5.0-SNAPSHOT/hadoop-hdds-config-0.5.0-SNAPSHOT.jar:/home/user/.m2/repository/io/grpc/grpc-netty/1.17.1/grpc-netty-1.17.1.jar:/home/user/.m2/repository/io/grpc/grpc-core/1.17.1/grpc-core-1.17.1.jar:/home/user/.m2/repository/io/grpc/grpc-context/1.17.1/grpc-context-1.17.1.jar:/home/user/.m2/repository/com/google/errorprone/error_prone_annotations/2.2.0/error_prone_annotations-2.2.0.jar:/home/user/.m2/repository/org/codehaus/mojo/animal-sniffer-annotations/1.17/animal-sniffer-annotations-1.17.jar:/home/user/.m2/repository/io/opencensus/opencensus-api/0.17.0/opencensus-api-0.17.0.jar:/home/user/.m2/repository/io/opencensus/opencensus-contrib-grpc-metrics/0.17.0/opencensus-contrib-grpc-metrics-0.17.0.jar:/home/user/.m2/repository/io/netty/netty-codec-http2/4.1.30.Final/netty-codec-http2-4.1.30.Final.jar:/home/user/.m2/repository/io/netty/netty-codec-http/4.1.30.Final/netty-codec-http-4.1.30.Final.jar:/home/user/.m2/repository/io/netty/netty-codec/4.1.30.Final/netty-codec-4.1.30.Final.jar:/home/user/.m2/repository/io/netty/netty-handler/4.1.30.Final/netty-handler-4.1.30.Final.jar:/home/user/.m2/repository/io/netty/netty-handler-proxy/4.1.30.Final/netty-handler-proxy-4.1.30.Final.jar:/home/user/.m2/repository/io/netty/netty-codec-socks/4.1.30.Final/netty-codec-socks-4.1.30.Final.jar:/home/user/.m2/repository/io/netty/netty-transport-native-epoll/4.1.30.Final/netty-transport-native-epoll-4.1.30.Final.jar:/home/user/.m2/repository/io/netty/netty-common/4.1.30.Final/netty-common-4.1.30.Final.jar:/home/user/.m2/repository/io/netty/netty-buffer/4.1.30.Final/netty-buffer-4.1.30.Final.jar:/home/user/.m2/repository/io/netty/netty-transport/4.1.30.Final/netty-transport-4.1.30.Final.jar:/home/user/.m2/repository/io/netty/netty-resolver/4.1.30.Final/netty-resolver-4.1.30.Final.jar:/home/user/.m2/repository/io/netty/netty-transport-native-unix-common/4.1.30.Final/netty-transport-native-unix-common-4.1.30.Final.jar:/home/user/.m2/repository/io/grpc/grpc-protobuf/1.17.1/grpc-protobuf-1.17.1.jar:/home/user/.m2/repository/com/google/api/grpc/proto-google-common-protos/1.0.0/proto-google-common-protos-1.0.0.jar:/home/user/.m2/repository/io/grpc/grpc-protobuf-lite/1.17.1/grpc-protobuf-lite-1.17.1.jar:/home/user/.m2/repository/io/grpc/grpc-stub/1.17.1/grpc-stub-1.17.1.jar:/home/user/.m2/repository/org/apache/hadoop/hadoop-ozone-recon/0.5.0-SNAPSHOT/hadoop-ozone-recon-0.5.0-SNAPSHOT.jar:/home/user/.m2/repository/org/apache/hadoop/hadoop-ozone-reconcodegen/0.5.0-SNAPSHOT/hadoop-ozone-reconcodegen-0.5.0-SNAPSHOT.jar:/home/user/.m2/repository/com/google/inject/extensions/guice-multibindings/4.0/guice-multibindings-4.0.jar:/home/user/.m2/repository/com/google/inject/guice/4.0/guice-4.0.jar:/home/user/.m2/repository/aopalliance/aopalliance/1.0/aopalliance-1.0.jar:/home/user/.m2/repository/com/google/inject/extensions/guice-servlet/4.0/guice-servlet-4.0.jar:/home/user/.m2/repository/org/glassfish/jersey/containers/jersey-container-servlet/2.27/jersey-container-servlet-2.27.jar:/home/user/.m2/repository/org/glassfish/hk2/guice-bridge/2.5.0/guice-bridge-2.5.0.jar:/home/user/.m2/repository/org/glassfish/jersey/core/jersey-server/2.27/jersey-server-2.27.jar:/home/user/.m2/repository/org/glassfish/jersey/core/jersey-client/2.27/jersey-client-2.27.jar:/home/user/.m2/repository/org/glassfish/jersey/media/jersey-media-jaxb/2.27/jersey-media-jaxb-2.27.jar:/home/user/.m2/repository/javax/validation/validation-api/1.1.0.Final/validation-api-1.1.0.Final.jar:/home/user/.m2/repository/org/glassfish/jersey/media/jersey-media-json-jackson/2.27/jersey-media-json-jackson-2.27.jar:/home/user/.m2/repository/org/glassfish/jersey/ext/jersey-entity-filtering/2.27/jersey-entity-filtering-2.27.jar:/home/user/.m2/repository/com/google/inject/extensions/guice-assistedinject/4.0/guice-assistedinject-4.0.jar:/home/user/.m2/repository/org/jooq/jooq/3.11.10/jooq-3.11.10.jar:/home/user/.m2/repository/org/jooq/jooq-meta/3.11.10/jooq-meta-3.11.10.jar:/home/user/.m2/repository/org/jooq/jooq-codegen/3.11.10/jooq-codegen-3.11.10.jar:/home/user/.m2/repository/com/jolbox/bonecp/0.8.0.RELEASE/bonecp-0.8.0.RELEASE.jar:/home/user/.m2/repository/org/xerial/sqlite-jdbc/3.25.2/sqlite-jdbc-3.25.2.jar:/home/user/.m2/repository/org/springframework/spring-jdbc/5.1.3.RELEASE/spring-jdbc-5.1.3.RELEASE.jar:/home/user/.m2/repository/org/springframework/spring-beans/5.1.3.RELEASE/spring-beans-5.1.3.RELEASE.jar:/home/user/.m2/repository/org/springframework/spring-core/5.1.3.RELEASE/spring-core-5.1.3.RELEASE.jar:/home/user/.m2/repository/org/springframework/spring-jcl/5.1.3.RELEASE/spring-jcl-5.1.3.RELEASE.jar:/home/user/.m2/repository/org/springframework/spring-tx/5.1.3.RELEASE/spring-tx-5.1.3.RELEASE.jar:/home/user/.m2/repository/org/apache/hadoop/hadoop-ozone-client/0.5.0-SNAPSHOT/hadoop-ozone-client-0.5.0-SNAPSHOT.jar:/home/user/.m2/repository/commons-lang/commons-lang/2.6/commons-lang-2.6.jar:/home/user/.m2/repository/org/apache/hadoop/hadoop-ozone-ozone-manager/0.5.0-SNAPSHOT/hadoop-ozone-ozone-manager-0.5.0-SNAPSHOT-tests.jar:/home/user/.m2/repository/junit/junit/4.11/junit-4.11.jar:/home/user/.m2/repository/org/hamcrest/hamcrest-core/1.3/hamcrest-core-1.3.jar:/home/user/.m2/repository/org/openjdk/jmh/jmh-core/1.19/jmh-core-1.19.jar:/home/user/.m2/repository/net/sf/jopt-simple/jopt-simple/4.6/jopt-simple-4.6.jar:/home/user/.m2/repository/org/apache/commons/commons-math3/3.1.1/commons-math3-3.1.1.jar:/home/user/.m2/repository/org/openjdk/jmh/jmh-generator-annprocess/1.19/jmh-generator-annprocess-1.19.jar:/home/user/.m2/repository/org/mockito/mockito-all/1.8.5/mockito-all-1.8.5.jar:/home/user/.m2/repository/org/apache/hadoop/hadoop-kms/3.2.0/hadoop-kms-3.2.0.jar:/home/user/.m2/repository/org/apache/hadoop/hadoop-auth/3.2.0/hadoop-auth-3.2.0.jar:/home/user/.m2/repository/com/nimbusds/nimbus-jose-jwt/4.41.1/nimbus-jose-jwt-4.41.1.jar:/home/user/.m2/repository/com/github/stephenc/jcip/jcip-annotations/1.0-1/jcip-annotations-1.0-1.jar:/home/user/.m2/repository/net/minidev/json-smart/2.3/json-smart-2.3.jar:/home/user/.m2/repository/net/minidev/accessors-smart/1.2/accessors-smart-1.2.jar:/home/user/.m2/repository/org/ow2/asm/asm/5.0.4/asm-5.0.4.jar:/home/user/.m2/repository/org/apache/curator/curator-framework/2.12.0/curator-framework-2.12.0.jar:/home/user/.m2/repository/com/sun/jersey/jersey-core/1.19/jersey-core-1.19.jar:/home/user/.m2/repository/javax/ws/rs/jsr311-api/1.1.1/jsr311-api-1.1.1.jar:/home/user/.m2/repository/com/sun/jersey/jersey-server/1.19/jersey-server-1.19.jar:/home/user/.m2/repository/javax/servlet/javax.servlet-api/3.1.0/javax.servlet-api-3.1.0.jar:/home/user/.m2/repository/org/eclipse/jetty/jetty-server/9.3.24.v20180605/jetty-server-9.3.24.v20180605.jar:/home/user/.m2/repository/org/eclipse/jetty/jetty-http/9.3.24.v20180605/jetty-http-9.3.24.v20180605.jar:/home/user/.m2/repository/org/eclipse/jetty/jetty-io/9.3.24.v20180605/jetty-io-9.3.24.v20180605.jar:/home/user/.m2/repository/org/eclipse/jetty/jetty-webapp/9.3.24.v20180605/jetty-webapp-9.3.24.v20180605.jar:/home/user/.m2/repository/org/eclipse/jetty/jetty-xml/9.3.24.v20180605/jetty-xml-9.3.24.v20180605.jar:/home/user/.m2/repository/log4j/log4j/1.2.17/log4j-1.2.17.jar:/home/user/.m2/repository/org/slf4j/slf4j-api/1.7.25/slf4j-api-1.7.25.jar:/home/user/.m2/repository/org/slf4j/jul-to-slf4j/1.7.25/jul-to-slf4j-1.7.25.jar:/home/user/.m2/repository/org/eclipse/jetty/jetty-util/9.3.24.v20180605/jetty-util-9.3.24.v20180605.jar:/home/user/.m2/repository/com/fasterxml/jackson/core/jackson-databind/2.9.5/jackson-databind-2.9.5.jar:/home/user/.m2/repository/org/apache/hadoop/hadoop-kms/3.2.0/hadoop-kms-3.2.0-tests.jar:/home/user/.m2/repository/org/apache/hadoop/hadoop-hdds-server-scm/0.5.0-SNAPSHOT/hadoop-hdds-server-scm-0.5.0-SNAPSHOT-tests.jar:/home/user/.m2/repository/org/apache/hadoop/hadoop-hdds-container-service/0.5.0-SNAPSHOT/hadoop-hdds-container-service-0.5.0-SNAPSHOT-tests.jar:/home/user/.m2/repository/org/yaml/snakeyaml/1.16/snakeyaml-1.16.jar:/home/user/.m2/repository/org/apache/hadoop/hadoop-common/3.2.0/hadoop-common-3.2.0-tests.jar:/home/user/.m2/repository/org/apache/hadoop/hadoop-annotations/3.2.0/hadoop-annotations-3.2.0.jar:/usr/lib/jvm/java-1.8-openjdk/jre/../lib/tools.jar:/home/user/.m2/repository/commons-cli/commons-cli/1.2/commons-cli-1.2.jar:/home/user/.m2/repository/org/apache/httpcomponents/httpclient/4.5.2/httpclient-4.5.2.jar:/home/user/.m2/repository/org/apache/httpcomponents/httpcore/4.4.4/httpcore-4.4.4.jar:/home/user/.m2/repository/commons-codec/commons-codec/1.11/commons-codec-1.11.jar:/home/user/.m2/repository/commons-net/commons-net/3.6/commons-net-3.6.jar:/home/user/.m2/repository/commons-collections/commons-collections/3.2.2/commons-collections-3.2.2.jar:/home/user/.m2/repository/org/eclipse/jetty/jetty-servlet/9.3.24.v20180605/jetty-servlet-9.3.24.v20180605.jar:/home/user/.m2/repository/org/eclipse/jetty/jetty-security/9.3.24.v20180605/jetty-security-9.3.24.v20180605.jar:/home/user/.m2/repository/javax/servlet/jsp/jsp-api/2.1/jsp-api-2.1.jar:/home/user/.m2/repository/com/sun/jersey/jersey-servlet/1.19/jersey-servlet-1.19.jar:/home/user/.m2/repository/com/sun/jersey/jersey-json/1.19/jersey-json-1.19.jar:/home/user/.m2/repository/org/codehaus/jettison/jettison/1.1/jettison-1.1.jar:/home/user/.m2/repository/org/codehaus/jackson/jackson-core-asl/1.9.13/jackson-core-asl-1.9.13.jar:/home/user/.m2/repository/org/codehaus/jackson/jackson-mapper-asl/1.9.13/jackson-mapper-asl-1.9.13.jar:/home/user/.m2/repository/org/codehaus/jackson/jackson-jaxrs/1.9.13/jackson-jaxrs-1.9.13.jar:/home/user/.m2/repository/org/codehaus/jackson/jackson-xc/1.9.13/jackson-xc-1.9.13.jar:/home/user/.m2/repository/commons-logging/commons-logging/1.1.3/commons-logging-1.1.3.jar:/home/user/.m2/repository/commons-beanutils/commons-beanutils/1.9.3/commons-beanutils-1.9.3.jar:/home/user/.m2/repository/org/apache/commons/commons-configuration2/2.1.1/commons-configuration2-2.1.1.jar:/home/user/.m2/repository/org/apache/commons/commons-lang3/3.7/commons-lang3-3.7.jar:/home/user/.m2/repository/org/apache/commons/commons-text/1.4/commons-text-1.4.jar:/home/user/.m2/repository/org/apache/avro/avro/1.7.7/avro-1.7.7.jar:/home/user/.m2/repository/com/thoughtworks/paranamer/paranamer/2.3/paranamer-2.3.jar:/home/user/.m2/repository/org/xerial/snappy/snappy-java/1.0.5/snappy-java-1.0.5.jar:/home/user/.m2/repository/com/google/re2j/re2j/1.1/re2j-1.1.jar:/home/user/.m2/repository/com/google/code/gson/gson/2.2.4/gson-2.2.4.jar:/home/user/.m2/repository/com/jcraft/jsch/0.1.54/jsch-0.1.54.jar:/home/user/.m2/repository/org/apache/curator/curator-client/2.12.0/curator-client-2.12.0.jar:/home/user/.m2/repository/org/apache/curator/curator-recipes/2.12.0/curator-recipes-2.12.0.jar:/home/user/.m2/repository/com/google/code/findbugs/jsr305/3.0.0/jsr305-3.0.0.jar:/home/user/.m2/repository/org/apache/htrace/htrace-core4/4.1.0-incubating/htrace-core4-4.1.0-incubating.jar:/home/user/.m2/repository/org/apache/zookeeper/zookeeper/3.4.13/zookeeper-3.4.13.jar:/home/user/.m2/repository/org/apache/yetus/audience-annotations/0.5.0/audience-annotations-0.5.0.jar:/home/user/.m2/repository/org/codehaus/woodstox/stax2-api/3.1.4/stax2-api-3.1.4.jar:/home/user/.m2/repository/com/fasterxml/woodstox/woodstox-core/5.0.3/woodstox-core-5.0.3.jar:/home/user/.m2/repository/dnsjava/dnsjava/2.1.7/dnsjava-2.1.7.jar:/home/user/.m2/repository/org/apache/hadoop/hadoop-hdfs/3.2.0/hadoop-hdfs-3.2.0-tests.jar:/home/user/.m2/repository/org/eclipse/jetty/jetty-util-ajax/9.3.24.v20180605/jetty-util-ajax-9.3.24.v20180605.jar:/home/user/.m2/repository/commons-daemon/commons-daemon/1.0.13/commons-daemon-1.0.13.jar:/home/user/.m2/repository/io/netty/netty/3.10.5.Final/netty-3.10.5.Final.jar:/home/user/.m2/repository/io/netty/netty-all/4.0.52.Final/netty-all-4.0.52.Final.jar:/home/user/.m2/repository/org/fusesource/leveldbjni/leveldbjni-all/1.8/leveldbjni-all-1.8.jar:"/>
    <property name="java.vm.vendor" value="IcedTea"/>
    <property name="sun.arch.data.model" value="64"/>
    <property name="test.build.dir" value="/workdir/hadoop-ozone/integration-test/target/test-dir"/>
    <property name="test.cache.data" value=""/>
    <property name="java.vendor.url" value="https://icedtea.classpath.org"/>
    <property name="user.timezone" value=""/>
    <property name="java.vm.specification.version" value="1.8"/>
    <property name="os.name" value="Linux"/>
    <property name="test.build.data" value="/workdir/hadoop-ozone/integration-test/target/test-dir"/>
    <property name="user.country" value="US"/>
    <property name="sun.java.launcher" value="SUN_STANDARD"/>
    <property name="sun.boot.library.path" value="/usr/lib/jvm/java-1.8-openjdk/jre/lib/amd64"/>
    <property name="sun.java.command" value="/workdir/hadoop-ozone/integration-test/target/surefire/surefirebooter4182597269712969031.jar /workdir/hadoop-ozone/integration-test/target/surefire 2019-09-04T22-07-05_767-jvmRun1 surefire1385835428353165028tmp surefire_202656645000583895946tmp"/>
    <property name="test" value="!TestMiniChaosOzoneCluster"/>
    <property name="surefire.test.class.path" value="/workdir/hadoop-ozone/integration-test/target/test-classes:/workdir/hadoop-ozone/integration-test/target/classes:/home/user/.m2/repository/org/apache/hadoop/hadoop-ozone-common/0.5.0-SNAPSHOT/hadoop-ozone-common-0.5.0-SNAPSHOT.jar:/home/user/.m2/repository/org/apache/commons/commons-compress/1.4.1/commons-compress-1.4.1.jar:/home/user/.m2/repository/org/tukaani/xz/1.0/xz-1.0.jar:/home/user/.m2/repository/org/apache/hadoop/hadoop-common/3.2.0/hadoop-common-3.2.0.jar:/home/user/.m2/repository/org/apache/hadoop/hadoop-hdfs/3.2.0/hadoop-hdfs-3.2.0.jar:/home/user/.m2/repository/org/apache/hadoop/hadoop-hdfs-client/3.2.0/hadoop-hdfs-client-3.2.0.jar:/home/user/.m2/repository/com/fasterxml/jackson/core/jackson-annotations/2.9.5/jackson-annotations-2.9.5.jar:/home/user/.m2/repository/org/apache/hadoop/hadoop-hdds-common/0.5.0-SNAPSHOT/hadoop-hdds-common-0.5.0-SNAPSHOT.jar:/home/user/.m2/repository/javax/annotation/javax.annotation-api/1.2/javax.annotation-api-1.2.jar:/home/user/.m2/repository/org/apache/ratis/ratis-server/0.4.0-2337318-SNAPSHOT/ratis-server-0.4.0-2337318-SNAPSHOT.jar:/home/user/.m2/repository/org/apache/ratis/ratis-thirdparty-misc/0.2.0/ratis-thirdparty-misc-0.2.0.jar:/home/user/.m2/repository/org/apache/ratis/ratis-proto/0.4.0-2337318-SNAPSHOT/ratis-proto-0.4.0-2337318-SNAPSHOT.jar:/home/user/.m2/repository/org/apache/ratis/ratis-common/0.4.0-2337318-SNAPSHOT/ratis-common-0.4.0-2337318-SNAPSHOT.jar:/home/user/.m2/repository/org/apache/ratis/ratis-client/0.4.0-2337318-SNAPSHOT/ratis-client-0.4.0-2337318-SNAPSHOT.jar:/home/user/.m2/repository/org/apache/ratis/ratis-metrics/0.4.0-2337318-SNAPSHOT/ratis-metrics-0.4.0-2337318-SNAPSHOT.jar:/home/user/.m2/repository/org/apache/ratis/ratis-netty/0.4.0-2337318-SNAPSHOT/ratis-netty-0.4.0-2337318-SNAPSHOT.jar:/home/user/.m2/repository/org/apache/ratis/ratis-grpc/0.4.0-2337318-SNAPSHOT/ratis-grpc-0.4.0-2337318-SNAPSHOT.jar:/home/user/.m2/repository/org/rocksdb/rocksdbjni/6.0.1/rocksdbjni-6.0.1.jar:/home/user/.m2/repository/org/apache/logging/log4j/log4j-api/2.11.0/log4j-api-2.11.0.jar:/home/user/.m2/repository/org/apache/logging/log4j/log4j-core/2.11.0/log4j-core-2.11.0.jar:/home/user/.m2/repository/com/lmax/disruptor/3.4.2/disruptor-3.4.2.jar:/home/user/.m2/repository/org/apache/commons/commons-pool2/2.6.0/commons-pool2-2.6.0.jar:/home/user/.m2/repository/org/bouncycastle/bcpkix-jdk15on/1.60/bcpkix-jdk15on-1.60.jar:/home/user/.m2/repository/commons-validator/commons-validator/1.6/commons-validator-1.6.jar:/home/user/.m2/repository/commons-digester/commons-digester/1.8.1/commons-digester-1.8.1.jar:/home/user/.m2/repository/io/jaegertracing/jaeger-client/0.33.1/jaeger-client-0.33.1.jar:/home/user/.m2/repository/io/jaegertracing/jaeger-thrift/0.33.1/jaeger-thrift-0.33.1.jar:/home/user/.m2/repository/org/apache/thrift/libthrift/0.11.0/libthrift-0.11.0.jar:/home/user/.m2/repository/com/squareup/okhttp3/okhttp/3.9.0/okhttp-3.9.0.jar:/home/user/.m2/repository/com/squareup/okio/okio/1.13.0/okio-1.13.0.jar:/home/user/.m2/repository/io/jaegertracing/jaeger-core/0.33.1/jaeger-core-0.33.1.jar:/home/user/.m2/repository/io/jaegertracing/jaeger-tracerresolver/0.33.1/jaeger-tracerresolver-0.33.1.jar:/home/user/.m2/repository/io/opentracing/contrib/opentracing-tracerresolver/0.1.5/opentracing-tracerresolver-0.1.5.jar:/home/user/.m2/repository/io/opentracing/opentracing-util/0.31.0/opentracing-util-0.31.0.jar:/home/user/.m2/repository/io/opentracing/opentracing-api/0.31.0/opentracing-api-0.31.0.jar:/home/user/.m2/repository/io/opentracing/opentracing-noop/0.31.0/opentracing-noop-0.31.0.jar:/home/user/.m2/repository/org/apache/hadoop/hadoop-hdds-server-framework/0.5.0-SNAPSHOT/hadoop-hdds-server-framework-0.5.0-SNAPSHOT.jar:/home/user/.m2/repository/org/apache/hadoop/hadoop-hdds-container-service/0.5.0-SNAPSHOT/hadoop-hdds-container-service-0.5.0-SNAPSHOT.jar:/home/user/.m2/repository/org/apache/hadoop/hadoop-hdds-client/0.5.0-SNAPSHOT/hadoop-hdds-client-0.5.0-SNAPSHOT.jar:/home/user/.m2/repository/org/apache/hadoop/hadoop-hdds-tools/0.5.0-SNAPSHOT/hadoop-hdds-tools-0.5.0-SNAPSHOT.jar:/home/user/.m2/repository/org/apache/hadoop/hadoop-hdds-server-scm/0.5.0-SNAPSHOT/hadoop-hdds-server-scm-0.5.0-SNAPSHOT.jar:/home/user/.m2/repository/org/apache/hadoop/hadoop-hdds-docs/0.5.0-SNAPSHOT/hadoop-hdds-docs-0.5.0-SNAPSHOT.jar:/home/user/.m2/repository/io/dropwizard/metrics/metrics-core/3.2.4/metrics-core-3.2.4.jar:/home/user/.m2/repository/org/hamcrest/hamcrest-all/1.3/hamcrest-all-1.3.jar:/home/user/.m2/repository/org/bouncycastle/bcprov-jdk15on/1.60/bcprov-jdk15on-1.60.jar:/home/user/.m2/repository/info/picocli/picocli/3.9.6/picocli-3.9.6.jar:/home/user/.m2/repository/com/google/protobuf/protobuf-java/2.5.0/protobuf-java-2.5.0.jar:/home/user/.m2/repository/com/google/guava/guava/11.0.2/guava-11.0.2.jar:/home/user/.m2/repository/org/apache/hadoop/hadoop-ozone-ozone-manager/0.5.0-SNAPSHOT/hadoop-ozone-ozone-manager-0.5.0-SNAPSHOT.jar:/home/user/.m2/repository/org/apache/hadoop/hadoop-minikdc/3.2.0/hadoop-minikdc-3.2.0.jar:/home/user/.m2/repository/commons-io/commons-io/2.5/commons-io-2.5.jar:/home/user/.m2/repository/org/apache/kerby/kerb-simplekdc/1.0.1/kerb-simplekdc-1.0.1.jar:/home/user/.m2/repository/org/apache/kerby/kerb-client/1.0.1/kerb-client-1.0.1.jar:/home/user/.m2/repository/org/apache/kerby/kerby-config/1.0.1/kerby-config-1.0.1.jar:/home/user/.m2/repository/org/apache/kerby/kerb-core/1.0.1/kerb-core-1.0.1.jar:/home/user/.m2/repository/org/apache/kerby/kerby-pkix/1.0.1/kerby-pkix-1.0.1.jar:/home/user/.m2/repository/org/apache/kerby/kerby-asn1/1.0.1/kerby-asn1-1.0.1.jar:/home/user/.m2/repository/org/apache/kerby/kerby-util/1.0.1/kerby-util-1.0.1.jar:/home/user/.m2/repository/org/apache/kerby/kerb-common/1.0.1/kerb-common-1.0.1.jar:/home/user/.m2/repository/org/apache/kerby/kerb-crypto/1.0.1/kerb-crypto-1.0.1.jar:/home/user/.m2/repository/org/apache/kerby/kerb-util/1.0.1/kerb-util-1.0.1.jar:/home/user/.m2/repository/org/apache/kerby/token-provider/1.0.1/token-provider-1.0.1.jar:/home/user/.m2/repository/org/apache/kerby/kerb-admin/1.0.1/kerb-admin-1.0.1.jar:/home/user/.m2/repository/org/apache/kerby/kerb-server/1.0.1/kerb-server-1.0.1.jar:/home/user/.m2/repository/org/apache/kerby/kerb-identity/1.0.1/kerb-identity-1.0.1.jar:/home/user/.m2/repository/org/apache/kerby/kerby-xdr/1.0.1/kerby-xdr-1.0.1.jar:/home/user/.m2/repository/org/slf4j/slf4j-log4j12/1.7.25/slf4j-log4j12-1.7.25.jar:/home/user/.m2/repository/org/apache/hadoop/hadoop-ozone-s3gateway/0.5.0-SNAPSHOT/hadoop-ozone-s3gateway-0.5.0-SNAPSHOT.jar:/home/user/.m2/repository/org/jboss/weld/servlet/weld-servlet/2.4.7.Final/weld-servlet-2.4.7.Final.jar:/home/user/.m2/repository/org/glassfish/jersey/containers/jersey-container-servlet-core/2.27/jersey-container-servlet-core-2.27.jar:/home/user/.m2/repository/org/glassfish/hk2/external/javax.inject/2.5.0-b42/javax.inject-2.5.0-b42.jar:/home/user/.m2/repository/org/glassfish/jersey/core/jersey-common/2.27/jersey-common-2.27.jar:/home/user/.m2/repository/org/glassfish/hk2/osgi-resource-locator/1.0.1/osgi-resource-locator-1.0.1.jar:/home/user/.m2/repository/javax/ws/rs/javax.ws.rs-api/2.1/javax.ws.rs-api-2.1.jar:/home/user/.m2/repository/org/glassfish/jersey/ext/cdi/jersey-cdi1x/2.27/jersey-cdi1x-2.27.jar:/home/user/.m2/repository/org/glassfish/jersey/inject/jersey-hk2/2.27/jersey-hk2-2.27.jar:/home/user/.m2/repository/org/glassfish/hk2/hk2-locator/2.5.0-b42/hk2-locator-2.5.0-b42.jar:/home/user/.m2/repository/org/javassist/javassist/3.22.0-CR2/javassist-3.22.0-CR2.jar:/home/user/.m2/repository/org/glassfish/hk2/hk2-api/2.5.0/hk2-api-2.5.0.jar:/home/user/.m2/repository/org/glassfish/hk2/external/jakarta.inject/2.5.0/jakarta.inject-2.5.0.jar:/home/user/.m2/repository/org/glassfish/hk2/hk2-utils/2.5.0/hk2-utils-2.5.0.jar:/home/user/.m2/repository/jakarta/annotation/jakarta.annotation-api/1.3.4/jakarta.annotation-api-1.3.4.jar:/home/user/.m2/repository/org/glassfish/hk2/external/aopalliance-repackaged/2.5.0/aopalliance-repackaged-2.5.0.jar:/home/user/.m2/repository/com/fasterxml/jackson/dataformat/jackson-dataformat-xml/2.9.0/jackson-dataformat-xml-2.9.0.jar:/home/user/.m2/repository/com/fasterxml/jackson/core/jackson-core/2.9.5/jackson-core-2.9.5.jar:/home/user/.m2/repository/com/fasterxml/jackson/module/jackson-module-jaxb-annotations/2.9.5/jackson-module-jaxb-annotations-2.9.5.jar:/home/user/.m2/repository/javax/enterprise/cdi-api/1.2/cdi-api-1.2.jar:/home/user/.m2/repository/javax/el/javax.el-api/3.0.0/javax.el-api-3.0.0.jar:/home/user/.m2/repository/javax/interceptor/javax.interceptor-api/1.2/javax.interceptor-api-1.2.jar:/home/user/.m2/repository/javax/inject/javax.inject/1/javax.inject-1.jar:/home/user/.m2/repository/com/sun/xml/bind/jaxb-impl/2.3.0.1/jaxb-impl-2.3.0.1.jar:/home/user/.m2/repository/com/sun/xml/bind/jaxb-core/2.3.0.1/jaxb-core-2.3.0.1.jar:/home/user/.m2/repository/javax/xml/bind/jaxb-api/2.3.0/jaxb-api-2.3.0.jar:/home/user/.m2/repository/javax/activation/activation/1.1.1/activation-1.1.1.jar:/home/user/.m2/repository/org/apache/hadoop/hadoop-ozone-csi/0.5.0-SNAPSHOT/hadoop-ozone-csi-0.5.0-SNAPSHOT.jar:/home/user/.m2/repository/com/google/protobuf/protobuf-java-util/3.5.1/protobuf-java-util-3.5.1.jar:/home/user/.m2/repository/org/apache/hadoop/hadoop-hdds-config/0.5.0-SNAPSHOT/hadoop-hdds-config-0.5.0-SNAPSHOT.jar:/home/user/.m2/repository/io/grpc/grpc-netty/1.17.1/grpc-netty-1.17.1.jar:/home/user/.m2/repository/io/grpc/grpc-core/1.17.1/grpc-core-1.17.1.jar:/home/user/.m2/repository/io/grpc/grpc-context/1.17.1/grpc-context-1.17.1.jar:/home/user/.m2/repository/com/google/errorprone/error_prone_annotations/2.2.0/error_prone_annotations-2.2.0.jar:/home/user/.m2/repository/org/codehaus/mojo/animal-sniffer-annotations/1.17/animal-sniffer-annotations-1.17.jar:/home/user/.m2/repository/io/opencensus/opencensus-api/0.17.0/opencensus-api-0.17.0.jar:/home/user/.m2/repository/io/opencensus/opencensus-contrib-grpc-metrics/0.17.0/opencensus-contrib-grpc-metrics-0.17.0.jar:/home/user/.m2/repository/io/netty/netty-codec-http2/4.1.30.Final/netty-codec-http2-4.1.30.Final.jar:/home/user/.m2/repository/io/netty/netty-codec-http/4.1.30.Final/netty-codec-http-4.1.30.Final.jar:/home/user/.m2/repository/io/netty/netty-codec/4.1.30.Final/netty-codec-4.1.30.Final.jar:/home/user/.m2/repository/io/netty/netty-handler/4.1.30.Final/netty-handler-4.1.30.Final.jar:/home/user/.m2/repository/io/netty/netty-handler-proxy/4.1.30.Final/netty-handler-proxy-4.1.30.Final.jar:/home/user/.m2/repository/io/netty/netty-codec-socks/4.1.30.Final/netty-codec-socks-4.1.30.Final.jar:/home/user/.m2/repository/io/netty/netty-transport-native-epoll/4.1.30.Final/netty-transport-native-epoll-4.1.30.Final.jar:/home/user/.m2/repository/io/netty/netty-common/4.1.30.Final/netty-common-4.1.30.Final.jar:/home/user/.m2/repository/io/netty/netty-buffer/4.1.30.Final/netty-buffer-4.1.30.Final.jar:/home/user/.m2/repository/io/netty/netty-transport/4.1.30.Final/netty-transport-4.1.30.Final.jar:/home/user/.m2/repository/io/netty/netty-resolver/4.1.30.Final/netty-resolver-4.1.30.Final.jar:/home/user/.m2/repository/io/netty/netty-transport-native-unix-common/4.1.30.Final/netty-transport-native-unix-common-4.1.30.Final.jar:/home/user/.m2/repository/io/grpc/grpc-protobuf/1.17.1/grpc-protobuf-1.17.1.jar:/home/user/.m2/repository/com/google/api/grpc/proto-google-common-protos/1.0.0/proto-google-common-protos-1.0.0.jar:/home/user/.m2/repository/io/grpc/grpc-protobuf-lite/1.17.1/grpc-protobuf-lite-1.17.1.jar:/home/user/.m2/repository/io/grpc/grpc-stub/1.17.1/grpc-stub-1.17.1.jar:/home/user/.m2/repository/org/apache/hadoop/hadoop-ozone-recon/0.5.0-SNAPSHOT/hadoop-ozone-recon-0.5.0-SNAPSHOT.jar:/home/user/.m2/repository/org/apache/hadoop/hadoop-ozone-reconcodegen/0.5.0-SNAPSHOT/hadoop-ozone-reconcodegen-0.5.0-SNAPSHOT.jar:/home/user/.m2/repository/com/google/inject/extensions/guice-multibindings/4.0/guice-multibindings-4.0.jar:/home/user/.m2/repository/com/google/inject/guice/4.0/guice-4.0.jar:/home/user/.m2/repository/aopalliance/aopalliance/1.0/aopalliance-1.0.jar:/home/user/.m2/repository/com/google/inject/extensions/guice-servlet/4.0/guice-servlet-4.0.jar:/home/user/.m2/repository/org/glassfish/jersey/containers/jersey-container-servlet/2.27/jersey-container-servlet-2.27.jar:/home/user/.m2/repository/org/glassfish/hk2/guice-bridge/2.5.0/guice-bridge-2.5.0.jar:/home/user/.m2/repository/org/glassfish/jersey/core/jersey-server/2.27/jersey-server-2.27.jar:/home/user/.m2/repository/org/glassfish/jersey/core/jersey-client/2.27/jersey-client-2.27.jar:/home/user/.m2/repository/org/glassfish/jersey/media/jersey-media-jaxb/2.27/jersey-media-jaxb-2.27.jar:/home/user/.m2/repository/javax/validation/validation-api/1.1.0.Final/validation-api-1.1.0.Final.jar:/home/user/.m2/repository/org/glassfish/jersey/media/jersey-media-json-jackson/2.27/jersey-media-json-jackson-2.27.jar:/home/user/.m2/repository/org/glassfish/jersey/ext/jersey-entity-filtering/2.27/jersey-entity-filtering-2.27.jar:/home/user/.m2/repository/com/google/inject/extensions/guice-assistedinject/4.0/guice-assistedinject-4.0.jar:/home/user/.m2/repository/org/jooq/jooq/3.11.10/jooq-3.11.10.jar:/home/user/.m2/repository/org/jooq/jooq-meta/3.11.10/jooq-meta-3.11.10.jar:/home/user/.m2/repository/org/jooq/jooq-codegen/3.11.10/jooq-codegen-3.11.10.jar:/home/user/.m2/repository/com/jolbox/bonecp/0.8.0.RELEASE/bonecp-0.8.0.RELEASE.jar:/home/user/.m2/repository/org/xerial/sqlite-jdbc/3.25.2/sqlite-jdbc-3.25.2.jar:/home/user/.m2/repository/org/springframework/spring-jdbc/5.1.3.RELEASE/spring-jdbc-5.1.3.RELEASE.jar:/home/user/.m2/repository/org/springframework/spring-beans/5.1.3.RELEASE/spring-beans-5.1.3.RELEASE.jar:/home/user/.m2/repository/org/springframework/spring-core/5.1.3.RELEASE/spring-core-5.1.3.RELEASE.jar:/home/user/.m2/repository/org/springframework/spring-jcl/5.1.3.RELEASE/spring-jcl-5.1.3.RELEASE.jar:/home/user/.m2/repository/org/springframework/spring-tx/5.1.3.RELEASE/spring-tx-5.1.3.RELEASE.jar:/home/user/.m2/repository/org/apache/hadoop/hadoop-ozone-client/0.5.0-SNAPSHOT/hadoop-ozone-client-0.5.0-SNAPSHOT.jar:/home/user/.m2/repository/commons-lang/commons-lang/2.6/commons-lang-2.6.jar:/home/user/.m2/repository/org/apache/hadoop/hadoop-ozone-ozone-manager/0.5.0-SNAPSHOT/hadoop-ozone-ozone-manager-0.5.0-SNAPSHOT-tests.jar:/home/user/.m2/repository/junit/junit/4.11/junit-4.11.jar:/home/user/.m2/repository/org/hamcrest/hamcrest-core/1.3/hamcrest-core-1.3.jar:/home/user/.m2/repository/org/openjdk/jmh/jmh-core/1.19/jmh-core-1.19.jar:/home/user/.m2/repository/net/sf/jopt-simple/jopt-simple/4.6/jopt-simple-4.6.jar:/home/user/.m2/repository/org/apache/commons/commons-math3/3.1.1/commons-math3-3.1.1.jar:/home/user/.m2/repository/org/openjdk/jmh/jmh-generator-annprocess/1.19/jmh-generator-annprocess-1.19.jar:/home/user/.m2/repository/org/mockito/mockito-all/1.8.5/mockito-all-1.8.5.jar:/home/user/.m2/repository/org/apache/hadoop/hadoop-kms/3.2.0/hadoop-kms-3.2.0.jar:/home/user/.m2/repository/org/apache/hadoop/hadoop-auth/3.2.0/hadoop-auth-3.2.0.jar:/home/user/.m2/repository/com/nimbusds/nimbus-jose-jwt/4.41.1/nimbus-jose-jwt-4.41.1.jar:/home/user/.m2/repository/com/github/stephenc/jcip/jcip-annotations/1.0-1/jcip-annotations-1.0-1.jar:/home/user/.m2/repository/net/minidev/json-smart/2.3/json-smart-2.3.jar:/home/user/.m2/repository/net/minidev/accessors-smart/1.2/accessors-smart-1.2.jar:/home/user/.m2/repository/org/ow2/asm/asm/5.0.4/asm-5.0.4.jar:/home/user/.m2/repository/org/apache/curator/curator-framework/2.12.0/curator-framework-2.12.0.jar:/home/user/.m2/repository/com/sun/jersey/jersey-core/1.19/jersey-core-1.19.jar:/home/user/.m2/repository/javax/ws/rs/jsr311-api/1.1.1/jsr311-api-1.1.1.jar:/home/user/.m2/repository/com/sun/jersey/jersey-server/1.19/jersey-server-1.19.jar:/home/user/.m2/repository/javax/servlet/javax.servlet-api/3.1.0/javax.servlet-api-3.1.0.jar:/home/user/.m2/repository/org/eclipse/jetty/jetty-server/9.3.24.v20180605/jetty-server-9.3.24.v20180605.jar:/home/user/.m2/repository/org/eclipse/jetty/jetty-http/9.3.24.v20180605/jetty-http-9.3.24.v20180605.jar:/home/user/.m2/repository/org/eclipse/jetty/jetty-io/9.3.24.v20180605/jetty-io-9.3.24.v20180605.jar:/home/user/.m2/repository/org/eclipse/jetty/jetty-webapp/9.3.24.v20180605/jetty-webapp-9.3.24.v20180605.jar:/home/user/.m2/repository/org/eclipse/jetty/jetty-xml/9.3.24.v20180605/jetty-xml-9.3.24.v20180605.jar:/home/user/.m2/repository/log4j/log4j/1.2.17/log4j-1.2.17.jar:/home/user/.m2/repository/org/slf4j/slf4j-api/1.7.25/slf4j-api-1.7.25.jar:/home/user/.m2/repository/org/slf4j/jul-to-slf4j/1.7.25/jul-to-slf4j-1.7.25.jar:/home/user/.m2/repository/org/eclipse/jetty/jetty-util/9.3.24.v20180605/jetty-util-9.3.24.v20180605.jar:/home/user/.m2/repository/com/fasterxml/jackson/core/jackson-databind/2.9.5/jackson-databind-2.9.5.jar:/home/user/.m2/repository/org/apache/hadoop/hadoop-kms/3.2.0/hadoop-kms-3.2.0-tests.jar:/home/user/.m2/repository/org/apache/hadoop/hadoop-hdds-server-scm/0.5.0-SNAPSHOT/hadoop-hdds-server-scm-0.5.0-SNAPSHOT-tests.jar:/home/user/.m2/repository/org/apache/hadoop/hadoop-hdds-container-service/0.5.0-SNAPSHOT/hadoop-hdds-container-service-0.5.0-SNAPSHOT-tests.jar:/home/user/.m2/repository/org/yaml/snakeyaml/1.16/snakeyaml-1.16.jar:/home/user/.m2/repository/org/apache/hadoop/hadoop-common/3.2.0/hadoop-common-3.2.0-tests.jar:/home/user/.m2/repository/org/apache/hadoop/hadoop-annotations/3.2.0/hadoop-annotations-3.2.0.jar:/usr/lib/jvm/java-1.8-openjdk/jre/../lib/tools.jar:/home/user/.m2/repository/commons-cli/commons-cli/1.2/commons-cli-1.2.jar:/home/user/.m2/repository/org/apache/httpcomponents/httpclient/4.5.2/httpclient-4.5.2.jar:/home/user/.m2/repository/org/apache/httpcomponents/httpcore/4.4.4/httpcore-4.4.4.jar:/home/user/.m2/repository/commons-codec/commons-codec/1.11/commons-codec-1.11.jar:/home/user/.m2/repository/commons-net/commons-net/3.6/commons-net-3.6.jar:/home/user/.m2/repository/commons-collections/commons-collections/3.2.2/commons-collections-3.2.2.jar:/home/user/.m2/repository/org/eclipse/jetty/jetty-servlet/9.3.24.v20180605/jetty-servlet-9.3.24.v20180605.jar:/home/user/.m2/repository/org/eclipse/jetty/jetty-security/9.3.24.v20180605/jetty-security-9.3.24.v20180605.jar:/home/user/.m2/repository/javax/servlet/jsp/jsp-api/2.1/jsp-api-2.1.jar:/home/user/.m2/repository/com/sun/jersey/jersey-servlet/1.19/jersey-servlet-1.19.jar:/home/user/.m2/repository/com/sun/jersey/jersey-json/1.19/jersey-json-1.19.jar:/home/user/.m2/repository/org/codehaus/jettison/jettison/1.1/jettison-1.1.jar:/home/user/.m2/repository/org/codehaus/jackson/jackson-core-asl/1.9.13/jackson-core-asl-1.9.13.jar:/home/user/.m2/repository/org/codehaus/jackson/jackson-mapper-asl/1.9.13/jackson-mapper-asl-1.9.13.jar:/home/user/.m2/repository/org/codehaus/jackson/jackson-jaxrs/1.9.13/jackson-jaxrs-1.9.13.jar:/home/user/.m2/repository/org/codehaus/jackson/jackson-xc/1.9.13/jackson-xc-1.9.13.jar:/home/user/.m2/repository/commons-logging/commons-logging/1.1.3/commons-logging-1.1.3.jar:/home/user/.m2/repository/commons-beanutils/commons-beanutils/1.9.3/commons-beanutils-1.9.3.jar:/home/user/.m2/repository/org/apache/commons/commons-configuration2/2.1.1/commons-configuration2-2.1.1.jar:/home/user/.m2/repository/org/apache/commons/commons-lang3/3.7/commons-lang3-3.7.jar:/home/user/.m2/repository/org/apache/commons/commons-text/1.4/commons-text-1.4.jar:/home/user/.m2/repository/org/apache/avro/avro/1.7.7/avro-1.7.7.jar:/home/user/.m2/repository/com/thoughtworks/paranamer/paranamer/2.3/paranamer-2.3.jar:/home/user/.m2/repository/org/xerial/snappy/snappy-java/1.0.5/snappy-java-1.0.5.jar:/home/user/.m2/repository/com/google/re2j/re2j/1.1/re2j-1.1.jar:/home/user/.m2/repository/com/google/code/gson/gson/2.2.4/gson-2.2.4.jar:/home/user/.m2/repository/com/jcraft/jsch/0.1.54/jsch-0.1.54.jar:/home/user/.m2/repository/org/apache/curator/curator-client/2.12.0/curator-client-2.12.0.jar:/home/user/.m2/repository/org/apache/curator/curator-recipes/2.12.0/curator-recipes-2.12.0.jar:/home/user/.m2/repository/com/google/code/findbugs/jsr305/3.0.0/jsr305-3.0.0.jar:/home/user/.m2/repository/org/apache/htrace/htrace-core4/4.1.0-incubating/htrace-core4-4.1.0-incubating.jar:/home/user/.m2/repository/org/apache/zookeeper/zookeeper/3.4.13/zookeeper-3.4.13.jar:/home/user/.m2/repository/org/apache/yetus/audience-annotations/0.5.0/audience-annotations-0.5.0.jar:/home/user/.m2/repository/org/codehaus/woodstox/stax2-api/3.1.4/stax2-api-3.1.4.jar:/home/user/.m2/repository/com/fasterxml/woodstox/woodstox-core/5.0.3/woodstox-core-5.0.3.jar:/home/user/.m2/repository/dnsjava/dnsjava/2.1.7/dnsjava-2.1.7.jar:/home/user/.m2/repository/org/apache/hadoop/hadoop-hdfs/3.2.0/hadoop-hdfs-3.2.0-tests.jar:/home/user/.m2/repository/org/eclipse/jetty/jetty-util-ajax/9.3.24.v20180605/jetty-util-ajax-9.3.24.v20180605.jar:/home/user/.m2/repository/commons-daemon/commons-daemon/1.0.13/commons-daemon-1.0.13.jar:/home/user/.m2/repository/io/netty/netty/3.10.5.Final/netty-3.10.5.Final.jar:/home/user/.m2/repository/io/netty/netty-all/4.0.52.Final/netty-all-4.0.52.Final.jar:/home/user/.m2/repository/org/fusesource/leveldbjni/leveldbjni-all/1.8/leveldbjni-all-1.8.jar:"/>
    <property name="sun.cpu.endian" value="little"/>
    <property name="user.home" value="/home/user"/>
    <property name="user.language" value="en"/>
    <property name="java.specification.vendor" value="Oracle Corporation"/>
    <property name="java.home" value="/usr/lib/jvm/java-1.8-openjdk/jre"/>
    <property name="java.security.krb5.conf" value="/workdir/hadoop-ozone/integration-test/target/test-classes/krb5.conf"/>
    <property name="basedir" value="/workdir/hadoop-ozone/integration-test"/>
    <property name="file.separator" value="/"/>
    <property name="line.separator" value="&#10;"/>
    <property name="java.vm.specification.vendor" value="Oracle Corporation"/>
    <property name="java.specification.name" value="Java Platform API Specification"/>
    <property name="java.awt.graphicsenv" value="sun.awt.X11GraphicsEnvironment"/>
    <property name="surefire.real.class.path" value="/workdir/hadoop-ozone/integration-test/target/surefire/surefirebooter4182597269712969031.jar"/>
    <property name="hadoop.log.dir" value="/workdir/hadoop-ozone/integration-test/target/log"/>
    <property name="sun.boot.class.path" value="/usr/lib/jvm/java-1.8-openjdk/jre/lib/resources.jar:/usr/lib/jvm/java-1.8-openjdk/jre/lib/rt.jar:/usr/lib/jvm/java-1.8-openjdk/jre/lib/sunrsasign.jar:/usr/lib/jvm/java-1.8-openjdk/jre/lib/jsse.jar:/usr/lib/jvm/java-1.8-openjdk/jre/lib/jce.jar:/usr/lib/jvm/java-1.8-openjdk/jre/lib/charsets.jar:/usr/lib/jvm/java-1.8-openjdk/jre/lib/jfr.jar:/usr/lib/jvm/java-1.8-openjdk/jre/classes"/>
    <property name="sun.management.compiler" value="HotSpot 64-Bit Tiered Compilers"/>
    <property name="java.runtime.version" value="1.8.0_212-b04"/>
    <property name="java.net.preferIPv4Stack" value="true"/>
    <property name="user.name" value="jenkins1000"/>
    <property name="path.separator" value=":"/>
    <property name="java.security.egd" value="file:///dev/urandom"/>
    <property name="os.version" value="3.10.0-957.12.2.el7.x86_64"/>
    <property name="java.endorsed.dirs" value="/usr/lib/jvm/java-1.8-openjdk/jre/lib/endorsed"/>
    <property name="java.runtime.name" value="OpenJDK Runtime Environment"/>
    <property name="file.encoding" value="UTF-8"/>
    <property name="java.vm.name" value="OpenJDK 64-Bit Server VM"/>
    <property name="test.build.webapps" value=""/>
    <property name="localRepository" value="/home/user/.m2/repository"/>
    <property name="java.vendor.url.bug" value="https://icedtea.classpath.org/bugzilla"/>
    <property name="java.io.tmpdir" value="/tmp"/>
    <property name="require.test.libhadoop" value=""/>
    <property name="java.version" value="1.8.0_212"/>
    <property name="user.dir" value="/workdir/hadoop-ozone/integration-test"/>
    <property name="os.arch" value="amd64"/>
    <property name="java.vm.specification.name" value="Java Virtual Machine Specification"/>
    <property name="test.build.classes" value="/workdir/hadoop-ozone/integration-test/target/test-classes"/>
    <property name="java.awt.printerjob" value="sun.print.PSPrinterJob"/>
    <property name="sun.os.patch.level" value="unknown"/>
    <property name="hadoop.tmp.dir" value="/workdir/hadoop-ozone/integration-test/target/tmp"/>
    <property name="java.library.path" value="/usr/lib/jvm/java-1.8-openjdk/jre/lib/amd64/server:/usr/lib/jvm/java-1.8-openjdk/jre/lib/amd64:/usr/lib/jvm/java-1.8-openjdk/jre/../lib/amd64:/workdir/hadoop-ozone/integration-test/target/native/target/usr/local/lib:/workdir/hadoop-ozone/integration-test/../../hadoop-common-project/hadoop-common/target/native/target/usr/local/lib:/usr/java/packages/lib/amd64:/usr/lib64:/lib64:/lib:/usr/lib"/>
    <property name="java.vm.info" value="mixed mode"/>
    <property name="java.vendor" value="IcedTea"/>
    <property name="java.vm.version" value="25.212-b04"/>
    <property name="java.ext.dirs" value="/usr/lib/jvm/java-1.8-openjdk/jre/lib/ext:/usr/java/packages/lib/ext"/>
    <property name="sun.io.unicode.encoding" value="UnicodeLittle"/>
    <property name="java.class.version" value="52.0"/>
  </properties>
  <testcase name="test2DatanodesFailure" classname="org.apache.hadoop.ozone.client.rpc.TestBlockOutputStreamWithFailures" time="108.603"/>
  <testcase name="testDatanodeFailureWithPreAllocation" classname="org.apache.hadoop.ozone.client.rpc.TestBlockOutputStreamWithFailures" time="223.952"/>
  <testcase name="testDatanodeFailureWithSingleNodeRatis" classname="org.apache.hadoop.ozone.client.rpc.TestBlockOutputStreamWithFailures" time="225.896"/>
  <testcase name="testWatchForCommitWithSingleNodeRatis" classname="org.apache.hadoop.ozone.client.rpc.TestBlockOutputStreamWithFailures" time="35.722"/>
  <testcase name="testWatchForCommitDatanodeFailure" classname="org.apache.hadoop.ozone.client.rpc.TestBlockOutputStreamWithFailures" time="34.049"/>
  <testcase name="testFailureWithPrimeSizedData" classname="org.apache.hadoop.ozone.client.rpc.TestBlockOutputStreamWithFailures" time="45.901"/>
  <testcase name="testWatchForCommitWithCloseContainerException" classname="org.apache.hadoop.ozone.client.rpc.TestBlockOutputStreamWithFailures" time="33.689"/>
  <testcase name="testExceptionDuringClose" classname="org.apache.hadoop.ozone.client.rpc.TestBlockOutputStreamWithFailures" time="35.2">
    <failure message="expected:&lt;88&gt; but was:&lt;90&gt;" type="java.lang.AssertionError"><![CDATA[java.lang.AssertionError: expected:<88> but was:<90>
	at org.junit.Assert.fail(Assert.java:88)
	at org.junit.Assert.failNotEquals(Assert.java:743)
	at org.junit.Assert.assertEquals(Assert.java:118)
	at org.junit.Assert.assertEquals(Assert.java:555)
	at org.junit.Assert.assertEquals(Assert.java:542)
	at org.apache.hadoop.ozone.client.rpc.TestBlockOutputStreamWithFailures.testExceptionDuringClose(TestBlockOutputStreamWithFailures.java:726)
	at sun.reflect.NativeMethodAccessorImpl.invoke0(Native Method)
	at sun.reflect.NativeMethodAccessorImpl.invoke(NativeMethodAccessorImpl.java:62)
	at sun.reflect.DelegatingMethodAccessorImpl.invoke(DelegatingMethodAccessorImpl.java:43)
	at java.lang.reflect.Method.invoke(Method.java:498)
	at org.junit.runners.model.FrameworkMethod$1.runReflectiveCall(FrameworkMethod.java:47)
	at org.junit.internal.runners.model.ReflectiveCallable.run(ReflectiveCallable.java:12)
	at org.junit.runners.model.FrameworkMethod.invokeExplosively(FrameworkMethod.java:44)
	at org.junit.internal.runners.statements.InvokeMethod.evaluate(InvokeMethod.java:17)
	at org.junit.internal.runners.statements.RunBefores.evaluate(RunBefores.java:26)
	at org.junit.internal.runners.statements.RunAfters.evaluate(RunAfters.java:27)
	at org.junit.runners.ParentRunner.runLeaf(ParentRunner.java:271)
	at org.junit.runners.BlockJUnit4ClassRunner.runChild(BlockJUnit4ClassRunner.java:70)
	at org.junit.runners.BlockJUnit4ClassRunner.runChild(BlockJUnit4ClassRunner.java:50)
	at org.junit.runners.ParentRunner$3.run(ParentRunner.java:238)
	at org.junit.runners.ParentRunner$1.schedule(ParentRunner.java:63)
	at org.junit.runners.ParentRunner.runChildren(ParentRunner.java:236)
	at org.junit.runners.ParentRunner.access$000(ParentRunner.java:53)
	at org.junit.runners.ParentRunner$2.evaluate(ParentRunner.java:229)
	at org.junit.runners.ParentRunner.run(ParentRunner.java:309)
	at org.apache.maven.surefire.junit4.JUnit4Provider.execute(JUnit4Provider.java:365)
	at org.apache.maven.surefire.junit4.JUnit4Provider.executeWithRerun(JUnit4Provider.java:273)
	at org.apache.maven.surefire.junit4.JUnit4Provider.executeTestSet(JUnit4Provider.java:238)
	at org.apache.maven.surefire.junit4.JUnit4Provider.invoke(JUnit4Provider.java:159)
	at org.apache.maven.surefire.booter.ForkedBooter.invokeProviderInSameClassLoader(ForkedBooter.java:384)
	at org.apache.maven.surefire.booter.ForkedBooter.runSuitesInProcess(ForkedBooter.java:345)
	at org.apache.maven.surefire.booter.ForkedBooter.execute(ForkedBooter.java:126)
	at org.apache.maven.surefire.booter.ForkedBooter.main(ForkedBooter.java:418)
]]></failure>
    <system-out><![CDATA[2019-09-04 22:36:37,005 [main] WARN  server.ServerUtils (ServerUtils.java:getScmDbDir(145)) - ozone.scm.db.dirs is not configured. We recommend adding this setting. Falling back to ozone.metadata.dirs instead.
2019-09-04 22:36:37,030 [main] WARN  server.ServerUtils (ServerUtils.java:getScmDbDir(145)) - ozone.scm.db.dirs is not configured. We recommend adding this setting. Falling back to ozone.metadata.dirs instead.
2019-09-04 22:36:37,031 [main] WARN  server.ServerUtils (ServerUtils.java:getScmDbDir(145)) - ozone.scm.db.dirs is not configured. We recommend adding this setting. Falling back to ozone.metadata.dirs instead.
2019-09-04 22:36:37,032 [main] INFO  db.DBStoreBuilder (DBStoreBuilder.java:addTable(110)) - using custom profile for table: deletedBlocks
2019-09-04 22:36:37,032 [main] INFO  db.DBStoreBuilder (DBStoreBuilder.java:processTables(161)) - Using default column profile:DBProfile.DISK for Table:deletedBlocks
2019-09-04 22:36:37,032 [main] INFO  db.DBStoreBuilder (DBStoreBuilder.java:addTable(110)) - using custom profile for table: validCerts
2019-09-04 22:36:37,033 [main] INFO  db.DBStoreBuilder (DBStoreBuilder.java:processTables(161)) - Using default column profile:DBProfile.DISK for Table:validCerts
2019-09-04 22:36:37,033 [main] INFO  db.DBStoreBuilder (DBStoreBuilder.java:addTable(110)) - using custom profile for table: revokedCerts
2019-09-04 22:36:37,033 [main] INFO  db.DBStoreBuilder (DBStoreBuilder.java:processTables(161)) - Using default column profile:DBProfile.DISK for Table:revokedCerts
2019-09-04 22:36:37,033 [main] INFO  db.DBStoreBuilder (DBStoreBuilder.java:addTable(110)) - using custom profile for table: default
2019-09-04 22:36:37,034 [main] INFO  db.DBStoreBuilder (DBStoreBuilder.java:processTables(167)) - Using default column profile:DBProfile.DISK for Table:default
2019-09-04 22:36:37,034 [main] INFO  db.DBStoreBuilder (DBStoreBuilder.java:getDbProfile(198)) - Using default options. DBProfile.DISK
2019-09-04 22:36:37,179 [main] INFO  net.NodeSchemaLoader (NodeSchemaLoader.java:loadSchemaFromFile(125)) - Loading file from sun.misc.CompoundEnumeration@44bbb7c6
2019-09-04 22:36:37,179 [main] INFO  net.NodeSchemaLoader (NodeSchemaLoader.java:loadSchema(171)) - Loading network topology layer schema file
2019-09-04 22:36:37,183 [main] INFO  node.SCMNodeManager (SCMNodeManager.java:<init>(114)) - Entering startup safe mode.
2019-09-04 22:36:37,183 [main] INFO  algorithms.ContainerPlacementPolicyFactory (ContainerPlacementPolicyFactory.java:getPolicy(55)) - Create container placement policy of type org.apache.hadoop.hdds.scm.container.placement.algorithms.SCMContainerPlacementRandom
2019-09-04 22:36:37,183 [main] WARN  server.ServerUtils (ServerUtils.java:getScmDbDir(145)) - ozone.scm.db.dirs is not configured. We recommend adding this setting. Falling back to ozone.metadata.dirs instead.
2019-09-04 22:36:37,211 [main] INFO  pipeline.SCMPipelineManager (SCMPipelineManager.java:initializePipelineState(126)) - No pipeline exists in current db
2019-09-04 22:36:37,211 [main] WARN  server.ServerUtils (ServerUtils.java:getScmDbDir(145)) - ozone.scm.db.dirs is not configured. We recommend adding this setting. Falling back to ozone.metadata.dirs instead.
2019-09-04 22:36:37,233 [main] WARN  events.EventQueue (EventQueue.java:fireEvent(183)) - No event handler registered for event TypedEvent{payloadType=SafeModeStatus, name='SafeModeStatus'}
2019-09-04 22:36:37,234 [main] INFO  ipc.CallQueueManager (CallQueueManager.java:<init>(84)) - Using callQueue: class java.util.concurrent.LinkedBlockingQueue, queueCapacity: 2000, scheduler: class org.apache.hadoop.ipc.DefaultRpcScheduler, ipcBackoff: false.
2019-09-04 22:36:37,235 [Socket Reader #1 for port 38630] INFO  ipc.Server (Server.java:run(1074)) - Starting Socket Reader #1 for port 38630
2019-09-04 22:36:37,236 [main] INFO  ipc.CallQueueManager (CallQueueManager.java:<init>(84)) - Using callQueue: class java.util.concurrent.LinkedBlockingQueue, queueCapacity: 2000, scheduler: class org.apache.hadoop.ipc.DefaultRpcScheduler, ipcBackoff: false.
2019-09-04 22:36:37,237 [Socket Reader #1 for port 44798] INFO  ipc.Server (Server.java:run(1074)) - Starting Socket Reader #1 for port 44798
2019-09-04 22:36:37,240 [main] INFO  ipc.CallQueueManager (CallQueueManager.java:<init>(84)) - Using callQueue: class java.util.concurrent.LinkedBlockingQueue, queueCapacity: 2000, scheduler: class org.apache.hadoop.ipc.DefaultRpcScheduler, ipcBackoff: false.
2019-09-04 22:36:37,241 [Socket Reader #1 for port 44062] INFO  ipc.Server (Server.java:run(1074)) - Starting Socket Reader #1 for port 44062
2019-09-04 22:36:37,243 [main] INFO  hdfs.DFSUtil (DFSUtil.java:httpServerTemplateForNNAndJN(1641)) - Starting Web-server for scm at: http://0.0.0.0:0
2019-09-04 22:36:37,245 [main] INFO  server.AuthenticationFilter (AuthenticationFilter.java:constructSecretProvider(240)) - Unable to initialize FileSignerSecretProvider, falling back to use random secrets.
2019-09-04 22:36:37,246 [main] WARN  http.HttpRequestLog (HttpRequestLog.java:getRequestLog(97)) - Jetty request log can only be enabled using Log4j
2019-09-04 22:36:37,248 [main] INFO  http.HttpServer2 (HttpServer2.java:addGlobalFilter(975)) - Added global filter 'safety' (class=org.apache.hadoop.http.HttpServer2$QuotingInputFilter)
2019-09-04 22:36:37,248 [main] INFO  http.HttpServer2 (HttpServer2.java:addFilter(948)) - Added filter static_user_filter (class=org.apache.hadoop.http.lib.StaticUserWebFilter$StaticUserFilter) to context scm
2019-09-04 22:36:37,249 [main] INFO  http.HttpServer2 (HttpServer2.java:addFilter(958)) - Added filter static_user_filter (class=org.apache.hadoop.http.lib.StaticUserWebFilter$StaticUserFilter) to context logs
2019-09-04 22:36:37,249 [main] INFO  http.HttpServer2 (HttpServer2.java:addFilter(958)) - Added filter static_user_filter (class=org.apache.hadoop.http.lib.StaticUserWebFilter$StaticUserFilter) to context static
2019-09-04 22:36:37,251 [main] INFO  server.StorageContainerManager (StorageContainerManager.java:start(759)) - StorageContainerLocationProtocol RPC server is listening at /0.0.0.0:44062
2019-09-04 22:36:37,253 [main] WARN  impl.MetricsConfig (MetricsConfig.java:loadFirst(134)) - Cannot locate configuration: tried hadoop-metrics2-storagecontainermanager.properties,hadoop-metrics2.properties
2019-09-04 22:36:37,254 [main] INFO  impl.MetricsSystemImpl (MetricsSystemImpl.java:startTimer(374)) - Scheduled Metric snapshot period at 10 second(s).
2019-09-04 22:36:37,254 [main] INFO  impl.MetricsSystemImpl (MetricsSystemImpl.java:start(191)) - StorageContainerManager metrics system started
2019-09-04 22:36:37,343 [main] WARN  impl.MetricsSystemImpl (MetricsSystemImpl.java:register(276)) - Sink prometheus already exists!
2019-09-04 22:36:37,448 [main] INFO  server.SCMClientProtocolServer (SCMClientProtocolServer.java:start(151)) - RPC server for Client  is listening at /0.0.0.0:44062
2019-09-04 22:36:37,449 [IPC Server Responder] INFO  ipc.Server (Server.java:run(1314)) - IPC Server Responder: starting
2019-09-04 22:36:37,450 [IPC Server listener on 44062] INFO  ipc.Server (Server.java:run(1153)) - IPC Server listener on 44062: starting
2019-09-04 22:36:37,453 [main] INFO  server.StorageContainerManager (StorageContainerManager.java:start(769)) - ScmBlockLocationProtocol RPC server is listening at /0.0.0.0:44798
2019-09-04 22:36:37,454 [main] INFO  server.SCMBlockProtocolServer (SCMBlockProtocolServer.java:start(146)) - RPC server for Block Protocol is listening at /0.0.0.0:44798
2019-09-04 22:36:37,454 [IPC Server Responder] INFO  ipc.Server (Server.java:run(1314)) - IPC Server Responder: starting
2019-09-04 22:36:37,454 [IPC Server listener on 44798] INFO  ipc.Server (Server.java:run(1153)) - IPC Server listener on 44798: starting
2019-09-04 22:36:37,458 [main] INFO  server.StorageContainerManager (StorageContainerManager.java:start(773)) - ScmDatanodeProtocl RPC server is listening at /0.0.0.0:38630
2019-09-04 22:36:37,458 [main] INFO  server.SCMDatanodeProtocolServer (SCMDatanodeProtocolServer.java:start(191)) - RPC server for DataNodes is listening at /0.0.0.0:38630
2019-09-04 22:36:37,459 [IPC Server Responder] INFO  ipc.Server (Server.java:run(1314)) - IPC Server Responder: starting
2019-09-04 22:36:37,459 [IPC Server listener on 38630] INFO  ipc.Server (Server.java:run(1153)) - IPC Server listener on 38630: starting
2019-09-04 22:36:37,465 [main] INFO  http.HttpServer2 (HttpServer2.java:bindListener(1191)) - Jetty bound to port 38479
2019-09-04 22:36:37,465 [main] INFO  server.Server (Server.java:doStart(351)) - jetty-9.3.24.v20180605, build timestamp: 2018-06-05T17:11:56Z, git hash: 84205aa28f11a4f31f2a3b86d1bba2cc8ab69827
2019-09-04 22:36:37,466 [main] INFO  handler.ContextHandler (ContextHandler.java:doStart(781)) - Started o.e.j.s.ServletContextHandler@a826ff8{/logs,file:///workdir/hadoop-ozone/integration-test/target/log,AVAILABLE}
2019-09-04 22:36:37,467 [main] INFO  handler.ContextHandler (ContextHandler.java:doStart(781)) - Started o.e.j.s.ServletContextHandler@49889154{/static,file:///workdir/hadoop-ozone/integration-test/target/test-classes/webapps/static,AVAILABLE}
2019-09-04 22:36:37,471 [main] INFO  handler.ContextHandler (ContextHandler.java:doStart(781)) - Started o.e.j.w.WebAppContext@12f9f896{/,file:///workdir/hadoop-ozone/integration-test/target/test-classes/webapps/scm/,AVAILABLE}{/scm}
2019-09-04 22:36:37,472 [main] INFO  server.AbstractConnector (AbstractConnector.java:doStart(278)) - Started ServerConnector@7548e1fb{HTTP/1.1,[http/1.1]}{0.0.0.0:38479}
2019-09-04 22:36:37,476 [main] INFO  server.Server (Server.java:doStart(419)) - Started @708950ms
2019-09-04 22:36:37,476 [main] WARN  impl.MetricsSystemImpl (MetricsSystemImpl.java:register(276)) - Sink prometheus already exists!
2019-09-04 22:36:37,479 [main] INFO  server.BaseHttpServer (BaseHttpServer.java:updateConnectorAddress(215)) - HTTP server of SCM is listening at http://0.0.0.0:38479
2019-09-04 22:36:37,480 [main] WARN  server.ServerUtils (ServerUtils.java:getDBPath(222)) - ozone.om.db.dirs is not configured. We recommend adding this setting. Falling back to ozone.metadata.dirs instead.
2019-09-04 22:36:37,481 [org.apache.hadoop.util.JvmPauseMonitor$Monitor@994544] INFO  util.JvmPauseMonitor (JvmPauseMonitor.java:run(188)) - Starting JVM pause monitor
2019-09-04 22:36:37,507 [main] WARN  server.ServerUtils (ServerUtils.java:getDBPath(222)) - ozone.om.db.dirs is not configured. We recommend adding this setting. Falling back to ozone.metadata.dirs instead.
2019-09-04 22:36:37,508 [main] WARN  server.ServerUtils (ServerUtils.java:getDBPath(222)) - ozone.om.db.dirs is not configured. We recommend adding this setting. Falling back to ozone.metadata.dirs instead.
2019-09-04 22:36:37,508 [main] INFO  om.OzoneManager (OzoneManager.java:setOMNodeDetails(653)) - OM Service ID is not set. Setting it to the default ID: omServiceIdDefault
2019-09-04 22:36:37,508 [main] INFO  om.OzoneManager (OzoneManager.java:setOMNodeDetails(659)) - OM Node ID is not set. Setting it to the OmStorage's OmID: 78ffac3b-6d63-4a00-b620-62f3b24089a8
2019-09-04 22:36:37,509 [main] INFO  om.OzoneManager (OzoneManager.java:loadOMHAConfigs(606)) - Found matching OM address with OMServiceId: null, OMNodeId: null, RPC Address: localhost:0 and Ratis port: 9872
2019-09-04 22:36:37,519 [main] WARN  server.ServerUtils (ServerUtils.java:getDBPath(222)) - ozone.om.db.dirs is not configured. We recommend adding this setting. Falling back to ozone.metadata.dirs instead.
2019-09-04 22:36:37,520 [main] INFO  db.DBStoreBuilder (DBStoreBuilder.java:addTable(110)) - using custom profile for table: userTable
2019-09-04 22:36:37,520 [main] INFO  db.DBStoreBuilder (DBStoreBuilder.java:processTables(161)) - Using default column profile:DBProfile.DISK for Table:userTable
2019-09-04 22:36:37,520 [main] INFO  db.DBStoreBuilder (DBStoreBuilder.java:addTable(110)) - using custom profile for table: volumeTable
2019-09-04 22:36:37,520 [main] INFO  db.DBStoreBuilder (DBStoreBuilder.java:processTables(161)) - Using default column profile:DBProfile.DISK for Table:volumeTable
2019-09-04 22:36:37,521 [main] INFO  db.DBStoreBuilder (DBStoreBuilder.java:addTable(110)) - using custom profile for table: bucketTable
2019-09-04 22:36:37,521 [main] INFO  db.DBStoreBuilder (DBStoreBuilder.java:processTables(161)) - Using default column profile:DBProfile.DISK for Table:bucketTable
2019-09-04 22:36:37,521 [main] INFO  db.DBStoreBuilder (DBStoreBuilder.java:addTable(110)) - using custom profile for table: keyTable
2019-09-04 22:36:37,521 [main] INFO  db.DBStoreBuilder (DBStoreBuilder.java:processTables(161)) - Using default column profile:DBProfile.DISK for Table:keyTable
2019-09-04 22:36:37,522 [main] INFO  db.DBStoreBuilder (DBStoreBuilder.java:addTable(110)) - using custom profile for table: deletedTable
2019-09-04 22:36:37,522 [main] INFO  db.DBStoreBuilder (DBStoreBuilder.java:processTables(161)) - Using default column profile:DBProfile.DISK for Table:deletedTable
2019-09-04 22:36:37,522 [main] INFO  db.DBStoreBuilder (DBStoreBuilder.java:addTable(110)) - using custom profile for table: openKeyTable
2019-09-04 22:36:37,522 [main] INFO  db.DBStoreBuilder (DBStoreBuilder.java:processTables(161)) - Using default column profile:DBProfile.DISK for Table:openKeyTable
2019-09-04 22:36:37,523 [main] INFO  db.DBStoreBuilder (DBStoreBuilder.java:addTable(110)) - using custom profile for table: s3Table
2019-09-04 22:36:37,523 [main] INFO  db.DBStoreBuilder (DBStoreBuilder.java:processTables(161)) - Using default column profile:DBProfile.DISK for Table:s3Table
2019-09-04 22:36:37,523 [main] INFO  db.DBStoreBuilder (DBStoreBuilder.java:addTable(110)) - using custom profile for table: multipartInfoTable
2019-09-04 22:36:37,524 [main] INFO  db.DBStoreBuilder (DBStoreBuilder.java:processTables(161)) - Using default column profile:DBProfile.DISK for Table:multipartInfoTable
2019-09-04 22:36:37,524 [main] INFO  db.DBStoreBuilder (DBStoreBuilder.java:addTable(110)) - using custom profile for table: dTokenTable
2019-09-04 22:36:37,524 [main] INFO  db.DBStoreBuilder (DBStoreBuilder.java:processTables(161)) - Using default column profile:DBProfile.DISK for Table:dTokenTable
2019-09-04 22:36:37,524 [main] INFO  db.DBStoreBuilder (DBStoreBuilder.java:addTable(110)) - using custom profile for table: s3SecretTable
2019-09-04 22:36:37,525 [main] INFO  db.DBStoreBuilder (DBStoreBuilder.java:processTables(161)) - Using default column profile:DBProfile.DISK for Table:s3SecretTable
2019-09-04 22:36:37,525 [main] INFO  db.DBStoreBuilder (DBStoreBuilder.java:addTable(110)) - using custom profile for table: prefixTable
2019-09-04 22:36:37,525 [main] INFO  db.DBStoreBuilder (DBStoreBuilder.java:processTables(161)) - Using default column profile:DBProfile.DISK for Table:prefixTable
2019-09-04 22:36:37,525 [main] INFO  db.DBStoreBuilder (DBStoreBuilder.java:addTable(110)) - using custom profile for table: default
2019-09-04 22:36:37,526 [main] INFO  db.DBStoreBuilder (DBStoreBuilder.java:processTables(167)) - Using default column profile:DBProfile.DISK for Table:default
2019-09-04 22:36:37,526 [main] INFO  db.DBStoreBuilder (DBStoreBuilder.java:getDbProfile(198)) - Using default options. DBProfile.DISK
2019-09-04 22:36:38,013 [main] INFO  ipc.CallQueueManager (CallQueueManager.java:<init>(84)) - Using callQueue: class java.util.concurrent.LinkedBlockingQueue, queueCapacity: 2000, scheduler: class org.apache.hadoop.ipc.DefaultRpcScheduler, ipcBackoff: false.
2019-09-04 22:36:38,015 [Socket Reader #1 for port 41670] INFO  ipc.Server (Server.java:run(1074)) - Starting Socket Reader #1 for port 41670
2019-09-04 22:36:38,033 [main] INFO  om.OzoneManager (OzoneManager.java:start(1244)) - OzoneManager RPC server is listening at localhost/127.0.0.1:41670
2019-09-04 22:36:38,033 [main] INFO  impl.MetricsSystemImpl (MetricsSystemImpl.java:init(158)) - OzoneManager metrics system started (again)
2019-09-04 22:36:38,034 [IPC Server Responder] INFO  ipc.Server (Server.java:run(1314)) - IPC Server Responder: starting
2019-09-04 22:36:38,035 [IPC Server listener on 41670] INFO  ipc.Server (Server.java:run(1153)) - IPC Server listener on 41670: starting
2019-09-04 22:36:38,041 [main] INFO  hdfs.DFSUtil (DFSUtil.java:httpServerTemplateForNNAndJN(1641)) - Starting Web-server for ozoneManager at: http://0.0.0.0:0
2019-09-04 22:36:38,043 [main] INFO  server.AuthenticationFilter (AuthenticationFilter.java:constructSecretProvider(240)) - Unable to initialize FileSignerSecretProvider, falling back to use random secrets.
2019-09-04 22:36:38,044 [main] WARN  http.HttpRequestLog (HttpRequestLog.java:getRequestLog(97)) - Jetty request log can only be enabled using Log4j
2019-09-04 22:36:38,046 [main] INFO  http.HttpServer2 (HttpServer2.java:addGlobalFilter(975)) - Added global filter 'safety' (class=org.apache.hadoop.http.HttpServer2$QuotingInputFilter)
2019-09-04 22:36:38,047 [main] INFO  http.HttpServer2 (HttpServer2.java:addFilter(948)) - Added filter static_user_filter (class=org.apache.hadoop.http.lib.StaticUserWebFilter$StaticUserFilter) to context ozoneManager
2019-09-04 22:36:38,047 [main] INFO  http.HttpServer2 (HttpServer2.java:addFilter(958)) - Added filter static_user_filter (class=org.apache.hadoop.http.lib.StaticUserWebFilter$StaticUserFilter) to context logs
2019-09-04 22:36:38,047 [main] INFO  http.HttpServer2 (HttpServer2.java:addFilter(958)) - Added filter static_user_filter (class=org.apache.hadoop.http.lib.StaticUserWebFilter$StaticUserFilter) to context static
2019-09-04 22:36:38,048 [main] INFO  http.HttpServer2 (HttpServer2.java:bindListener(1191)) - Jetty bound to port 39335
2019-09-04 22:36:38,048 [main] INFO  server.Server (Server.java:doStart(351)) - jetty-9.3.24.v20180605, build timestamp: 2018-06-05T17:11:56Z, git hash: 84205aa28f11a4f31f2a3b86d1bba2cc8ab69827
2019-09-04 22:36:38,050 [main] INFO  handler.ContextHandler (ContextHandler.java:doStart(781)) - Started o.e.j.s.ServletContextHandler@76af34b5{/logs,file:///workdir/hadoop-ozone/integration-test/target/log,AVAILABLE}
2019-09-04 22:36:38,051 [main] INFO  handler.ContextHandler (ContextHandler.java:doStart(781)) - Started o.e.j.s.ServletContextHandler@9c0d0bd{/static,file:///workdir/hadoop-ozone/integration-test/target/test-classes/webapps/static,AVAILABLE}
2019-09-04 22:36:38,056 [main] INFO  handler.ContextHandler (ContextHandler.java:doStart(781)) - Started o.e.j.w.WebAppContext@47eaf55c{/,file:///workdir/hadoop-ozone/integration-test/target/test-classes/webapps/ozoneManager/,AVAILABLE}{/ozoneManager}
2019-09-04 22:36:38,056 [main] INFO  server.AbstractConnector (AbstractConnector.java:doStart(278)) - Started ServerConnector@2c0798bd{HTTP/1.1,[http/1.1]}{0.0.0.0:39335}
2019-09-04 22:36:38,058 [main] INFO  server.Server (Server.java:doStart(419)) - Started @709532ms
2019-09-04 22:36:38,058 [main] WARN  impl.MetricsSystemImpl (MetricsSystemImpl.java:register(276)) - Sink prometheus already exists!
2019-09-04 22:36:38,059 [main] INFO  server.BaseHttpServer (BaseHttpServer.java:updateConnectorAddress(215)) - HTTP server of OZONEMANAGER is listening at http://0.0.0.0:39335
2019-09-04 22:36:38,078 [main] INFO  impl.MetricsSystemImpl (MetricsSystemImpl.java:init(158)) - HddsDatanode metrics system started (again)
2019-09-04 22:36:38,083 [main] INFO  ozone.HddsDatanodeService (HddsDatanodeService.java:start(184)) - HddsDatanodeService host:pr-hdds-2064-6vxfq-1484162802 ip:192.168.5.151
2019-09-04 22:36:38,090 [main] INFO  volume.HddsVolume (HddsVolume.java:<init>(176)) - Creating Volume: /workdir/hadoop-ozone/integration-test/target/test-dir/MiniOzoneClusterImpl-3e5eae9d-fe1a-4239-a18b-95efd0d45629/datanode-0/data/containers/hdds of  storage type : DISK and capacity : 1482555576320
2019-09-04 22:36:38,090 [main] INFO  volume.VolumeSet (VolumeSet.java:initializeVolumeSet(170)) - Added Volume : /workdir/hadoop-ozone/integration-test/target/test-dir/MiniOzoneClusterImpl-3e5eae9d-fe1a-4239-a18b-95efd0d45629/datanode-0/data/containers/hdds to VolumeSet
2019-09-04 22:36:38,091 [main] INFO  volume.ThrottledAsyncChecker (ThrottledAsyncChecker.java:schedule(140)) - Scheduling a check for org.apache.hadoop.ozone.container.common.volume.HddsVolume@31f31b20
2019-09-04 22:36:38,091 [main] INFO  volume.HddsVolumeChecker (HddsVolumeChecker.java:checkAllVolumes(203)) - Scheduled health check for volume org.apache.hadoop.ozone.container.common.volume.HddsVolume@31f31b20
2019-09-04 22:36:38,110 [main] INFO  impl.RaftServerProxy (ConfUtils.java:logGet(43)) - raft.rpc.type = GRPC (default)
2019-09-04 22:36:38,110 [main] INFO  grpc.GrpcFactory (GrpcFactory.java:checkPooledByteBufAllocatorUseCacheForAllThreads(45)) - PERFORMANCE WARNING: useCacheForAllThreads is true that may cause Netty to create a lot garbage objects and, as a result, trigger GC.
	It is recommended to disable useCacheForAllThreads by setting -Dorg.apache.ratis.thirdparty.io.netty.allocator.useCacheForAllThreads=false in command line.
2019-09-04 22:36:38,110 [main] INFO  grpc.GrpcConfigKeys$Server (ConfUtils.java:logGet(43)) - raft.grpc.server.port = 0 (default)
2019-09-04 22:36:38,111 [main] INFO  server.GrpcService (ConfUtils.java:logGet(43)) - raft.grpc.message.size.max = 33570816 (custom)
2019-09-04 22:36:38,111 [main] INFO  server.RaftServerConfigKeys (ConfUtils.java:logGet(43)) - raft.server.log.appender.buffer.byte-limit = 33554432 (custom)
2019-09-04 22:36:38,111 [main] INFO  server.GrpcService (ConfUtils.java:logGet(43)) - raft.grpc.flow.control.window = 1MB (=1048576) (default)
2019-09-04 22:36:38,111 [main] INFO  server.RaftServerConfigKeys (ConfUtils.java:logGet(43)) - raft.server.rpc.request.timeout = 3000ms (default)
2019-09-04 22:36:38,112 [main] INFO  server.RaftServerConfigKeys (ConfUtils.java:logGet(43)) - raft.server.storage.dir = [/workdir/hadoop-ozone/integration-test/target/test-dir/MiniOzoneClusterImpl-3e5eae9d-fe1a-4239-a18b-95efd0d45629/datanode-0/data/ratis] (custom)
2019-09-04 22:36:38,113 [main] INFO  hdfs.DFSUtil (DFSUtil.java:httpServerTemplateForNNAndJN(1641)) - Starting Web-server for hddsDatanode at: http://0.0.0.0:0
2019-09-04 22:36:38,115 [main] INFO  server.AuthenticationFilter (AuthenticationFilter.java:constructSecretProvider(240)) - Unable to initialize FileSignerSecretProvider, falling back to use random secrets.
2019-09-04 22:36:38,115 [main] WARN  http.HttpRequestLog (HttpRequestLog.java:getRequestLog(97)) - Jetty request log can only be enabled using Log4j
2019-09-04 22:36:38,117 [main] INFO  http.HttpServer2 (HttpServer2.java:addGlobalFilter(975)) - Added global filter 'safety' (class=org.apache.hadoop.http.HttpServer2$QuotingInputFilter)
2019-09-04 22:36:38,118 [main] INFO  http.HttpServer2 (HttpServer2.java:addFilter(948)) - Added filter static_user_filter (class=org.apache.hadoop.http.lib.StaticUserWebFilter$StaticUserFilter) to context hddsDatanode
2019-09-04 22:36:38,118 [main] INFO  http.HttpServer2 (HttpServer2.java:addFilter(958)) - Added filter static_user_filter (class=org.apache.hadoop.http.lib.StaticUserWebFilter$StaticUserFilter) to context logs
2019-09-04 22:36:38,118 [main] INFO  http.HttpServer2 (HttpServer2.java:addFilter(958)) - Added filter static_user_filter (class=org.apache.hadoop.http.lib.StaticUserWebFilter$StaticUserFilter) to context static
2019-09-04 22:36:38,119 [main] INFO  http.HttpServer2 (HttpServer2.java:bindListener(1191)) - Jetty bound to port 40900
2019-09-04 22:36:38,119 [main] INFO  server.Server (Server.java:doStart(351)) - jetty-9.3.24.v20180605, build timestamp: 2018-06-05T17:11:56Z, git hash: 84205aa28f11a4f31f2a3b86d1bba2cc8ab69827
2019-09-04 22:36:38,121 [main] INFO  handler.ContextHandler (ContextHandler.java:doStart(781)) - Started o.e.j.s.ServletContextHandler@5486ee92{/logs,file:///workdir/hadoop-ozone/integration-test/target/log,AVAILABLE}
2019-09-04 22:36:38,121 [main] INFO  handler.ContextHandler (ContextHandler.java:doStart(781)) - Started o.e.j.s.ServletContextHandler@9e62fb{/static,jar:file:/home/user/.m2/repository/org/apache/hadoop/hadoop-hdds-container-service/0.5.0-SNAPSHOT/hadoop-hdds-container-service-0.5.0-SNAPSHOT.jar!/webapps/static,AVAILABLE}
2019-09-04 22:36:38,153 [main] INFO  handler.ContextHandler (ContextHandler.java:doStart(781)) - Started o.e.j.w.WebAppContext@379f9555{/,file:///tmp/jetty-0.0.0.0-40900-hddsDatanode-_-any-3963693592136241276.dir/webapp/,AVAILABLE}{/hddsDatanode}
2019-09-04 22:36:38,153 [main] INFO  server.AbstractConnector (AbstractConnector.java:doStart(278)) - Started ServerConnector@7e3ee128{HTTP/1.1,[http/1.1]}{0.0.0.0:40900}
2019-09-04 22:36:38,155 [main] INFO  server.Server (Server.java:doStart(419)) - Started @709629ms
2019-09-04 22:36:38,155 [main] WARN  impl.MetricsSystemImpl (MetricsSystemImpl.java:register(276)) - Sink prometheus already exists!
2019-09-04 22:36:38,156 [main] INFO  server.BaseHttpServer (BaseHttpServer.java:updateConnectorAddress(215)) - HTTP server of HDDSDATANODE is listening at http://0.0.0.0:40900
2019-09-04 22:36:38,156 [main] INFO  impl.MetricsSystemImpl (MetricsSystemImpl.java:init(158)) - HddsDatanode metrics system started (again)
2019-09-04 22:36:38,160 [org.apache.hadoop.util.JvmPauseMonitor$Monitor@7d046329] INFO  util.JvmPauseMonitor (JvmPauseMonitor.java:run(188)) - Starting JVM pause monitor
2019-09-04 22:36:38,160 [main] INFO  ozone.HddsDatanodeService (HddsDatanodeService.java:start(184)) - HddsDatanodeService host:pr-hdds-2064-6vxfq-1484162802 ip:192.168.5.151
2019-09-04 22:36:38,162 [Datanode State Machine Thread - 0] INFO  datanode.InitDatanodeState (InitDatanodeState.java:persistContainerDatanodeDetails(140)) - DatanodeDetails is persisted to /workdir/hadoop-ozone/integration-test/target/test-dir/MiniOzoneClusterImpl-3e5eae9d-fe1a-4239-a18b-95efd0d45629/datanode-0/meta/datanode.id
2019-09-04 22:36:38,167 [main] INFO  volume.HddsVolume (HddsVolume.java:<init>(176)) - Creating Volume: /workdir/hadoop-ozone/integration-test/target/test-dir/MiniOzoneClusterImpl-3e5eae9d-fe1a-4239-a18b-95efd0d45629/datanode-1/data/containers/hdds of  storage type : DISK and capacity : 1482555576320
2019-09-04 22:36:38,167 [main] INFO  volume.VolumeSet (VolumeSet.java:initializeVolumeSet(170)) - Added Volume : /workdir/hadoop-ozone/integration-test/target/test-dir/MiniOzoneClusterImpl-3e5eae9d-fe1a-4239-a18b-95efd0d45629/datanode-1/data/containers/hdds to VolumeSet
2019-09-04 22:36:38,168 [main] INFO  volume.ThrottledAsyncChecker (ThrottledAsyncChecker.java:schedule(140)) - Scheduling a check for org.apache.hadoop.ozone.container.common.volume.HddsVolume@4fe2dd02
2019-09-04 22:36:38,168 [main] INFO  volume.HddsVolumeChecker (HddsVolumeChecker.java:checkAllVolumes(203)) - Scheduled health check for volume org.apache.hadoop.ozone.container.common.volume.HddsVolume@4fe2dd02
2019-09-04 22:36:38,183 [main] INFO  impl.RaftServerProxy (ConfUtils.java:logGet(43)) - raft.rpc.type = GRPC (default)
2019-09-04 22:36:38,183 [main] INFO  grpc.GrpcFactory (GrpcFactory.java:checkPooledByteBufAllocatorUseCacheForAllThreads(45)) - PERFORMANCE WARNING: useCacheForAllThreads is true that may cause Netty to create a lot garbage objects and, as a result, trigger GC.
	It is recommended to disable useCacheForAllThreads by setting -Dorg.apache.ratis.thirdparty.io.netty.allocator.useCacheForAllThreads=false in command line.
2019-09-04 22:36:38,184 [main] INFO  grpc.GrpcConfigKeys$Server (ConfUtils.java:logGet(43)) - raft.grpc.server.port = 0 (default)
2019-09-04 22:36:38,184 [main] INFO  server.GrpcService (ConfUtils.java:logGet(43)) - raft.grpc.message.size.max = 33570816 (custom)
2019-09-04 22:36:38,184 [main] INFO  server.RaftServerConfigKeys (ConfUtils.java:logGet(43)) - raft.server.log.appender.buffer.byte-limit = 33554432 (custom)
2019-09-04 22:36:38,184 [main] INFO  server.GrpcService (ConfUtils.java:logGet(43)) - raft.grpc.flow.control.window = 1MB (=1048576) (default)
2019-09-04 22:36:38,185 [main] INFO  server.RaftServerConfigKeys (ConfUtils.java:logGet(43)) - raft.server.rpc.request.timeout = 3000ms (default)
2019-09-04 22:36:38,185 [main] INFO  server.RaftServerConfigKeys (ConfUtils.java:logGet(43)) - raft.server.storage.dir = [/workdir/hadoop-ozone/integration-test/target/test-dir/MiniOzoneClusterImpl-3e5eae9d-fe1a-4239-a18b-95efd0d45629/datanode-1/data/ratis] (custom)
2019-09-04 22:36:38,187 [main] INFO  hdfs.DFSUtil (DFSUtil.java:httpServerTemplateForNNAndJN(1641)) - Starting Web-server for hddsDatanode at: http://0.0.0.0:0
2019-09-04 22:36:38,188 [main] INFO  server.AuthenticationFilter (AuthenticationFilter.java:constructSecretProvider(240)) - Unable to initialize FileSignerSecretProvider, falling back to use random secrets.
2019-09-04 22:36:38,188 [main] WARN  http.HttpRequestLog (HttpRequestLog.java:getRequestLog(97)) - Jetty request log can only be enabled using Log4j
2019-09-04 22:36:38,190 [main] INFO  http.HttpServer2 (HttpServer2.java:addGlobalFilter(975)) - Added global filter 'safety' (class=org.apache.hadoop.http.HttpServer2$QuotingInputFilter)
2019-09-04 22:36:38,190 [main] INFO  http.HttpServer2 (HttpServer2.java:addFilter(948)) - Added filter static_user_filter (class=org.apache.hadoop.http.lib.StaticUserWebFilter$StaticUserFilter) to context hddsDatanode
2019-09-04 22:36:38,190 [main] INFO  http.HttpServer2 (HttpServer2.java:addFilter(958)) - Added filter static_user_filter (class=org.apache.hadoop.http.lib.StaticUserWebFilter$StaticUserFilter) to context static
2019-09-04 22:36:38,190 [main] INFO  http.HttpServer2 (HttpServer2.java:addFilter(958)) - Added filter static_user_filter (class=org.apache.hadoop.http.lib.StaticUserWebFilter$StaticUserFilter) to context logs
2019-09-04 22:36:38,191 [main] INFO  http.HttpServer2 (HttpServer2.java:bindListener(1191)) - Jetty bound to port 41601
2019-09-04 22:36:38,191 [main] INFO  server.Server (Server.java:doStart(351)) - jetty-9.3.24.v20180605, build timestamp: 2018-06-05T17:11:56Z, git hash: 84205aa28f11a4f31f2a3b86d1bba2cc8ab69827
2019-09-04 22:36:38,193 [main] INFO  handler.ContextHandler (ContextHandler.java:doStart(781)) - Started o.e.j.s.ServletContextHandler@18dd7767{/logs,file:///workdir/hadoop-ozone/integration-test/target/log,AVAILABLE}
2019-09-04 22:36:38,193 [main] INFO  handler.ContextHandler (ContextHandler.java:doStart(781)) - Started o.e.j.s.ServletContextHandler@bfe47a8{/static,jar:file:/home/user/.m2/repository/org/apache/hadoop/hadoop-hdds-container-service/0.5.0-SNAPSHOT/hadoop-hdds-container-service-0.5.0-SNAPSHOT.jar!/webapps/static,AVAILABLE}
2019-09-04 22:36:38,219 [main] INFO  handler.ContextHandler (ContextHandler.java:doStart(781)) - Started o.e.j.w.WebAppContext@59baf2c7{/,file:///tmp/jetty-0.0.0.0-41601-hddsDatanode-_-any-1488123392793267801.dir/webapp/,AVAILABLE}{/hddsDatanode}
2019-09-04 22:36:38,219 [main] INFO  server.AbstractConnector (AbstractConnector.java:doStart(278)) - Started ServerConnector@ce655b9{HTTP/1.1,[http/1.1]}{0.0.0.0:41601}
2019-09-04 22:36:38,222 [main] INFO  server.Server (Server.java:doStart(419)) - Started @709696ms
2019-09-04 22:36:38,222 [main] WARN  impl.MetricsSystemImpl (MetricsSystemImpl.java:register(276)) - Sink prometheus already exists!
2019-09-04 22:36:38,222 [main] INFO  server.BaseHttpServer (BaseHttpServer.java:updateConnectorAddress(215)) - HTTP server of HDDSDATANODE is listening at http://0.0.0.0:41601
2019-09-04 22:36:38,223 [main] INFO  impl.MetricsSystemImpl (MetricsSystemImpl.java:init(158)) - HddsDatanode metrics system started (again)
2019-09-04 22:36:38,228 [org.apache.hadoop.util.JvmPauseMonitor$Monitor@3f1d9c4f] INFO  util.JvmPauseMonitor (JvmPauseMonitor.java:run(188)) - Starting JVM pause monitor
2019-09-04 22:36:38,229 [main] INFO  ozone.HddsDatanodeService (HddsDatanodeService.java:start(184)) - HddsDatanodeService host:pr-hdds-2064-6vxfq-1484162802 ip:192.168.5.151
2019-09-04 22:36:38,229 [Datanode State Machine Thread - 0] INFO  datanode.InitDatanodeState (InitDatanodeState.java:persistContainerDatanodeDetails(140)) - DatanodeDetails is persisted to /workdir/hadoop-ozone/integration-test/target/test-dir/MiniOzoneClusterImpl-3e5eae9d-fe1a-4239-a18b-95efd0d45629/datanode-1/meta/datanode.id
2019-09-04 22:36:38,237 [main] INFO  volume.HddsVolume (HddsVolume.java:<init>(176)) - Creating Volume: /workdir/hadoop-ozone/integration-test/target/test-dir/MiniOzoneClusterImpl-3e5eae9d-fe1a-4239-a18b-95efd0d45629/datanode-2/data/containers/hdds of  storage type : DISK and capacity : 1482555576320
2019-09-04 22:36:38,237 [main] INFO  volume.VolumeSet (VolumeSet.java:initializeVolumeSet(170)) - Added Volume : /workdir/hadoop-ozone/integration-test/target/test-dir/MiniOzoneClusterImpl-3e5eae9d-fe1a-4239-a18b-95efd0d45629/datanode-2/data/containers/hdds to VolumeSet
2019-09-04 22:36:38,237 [main] INFO  volume.ThrottledAsyncChecker (ThrottledAsyncChecker.java:schedule(140)) - Scheduling a check for org.apache.hadoop.ozone.container.common.volume.HddsVolume@3866c96e
2019-09-04 22:36:38,238 [main] INFO  volume.HddsVolumeChecker (HddsVolumeChecker.java:checkAllVolumes(203)) - Scheduled health check for volume org.apache.hadoop.ozone.container.common.volume.HddsVolume@3866c96e
2019-09-04 22:36:38,256 [main] INFO  impl.RaftServerProxy (ConfUtils.java:logGet(43)) - raft.rpc.type = GRPC (default)
2019-09-04 22:36:38,257 [main] INFO  grpc.GrpcFactory (GrpcFactory.java:checkPooledByteBufAllocatorUseCacheForAllThreads(45)) - PERFORMANCE WARNING: useCacheForAllThreads is true that may cause Netty to create a lot garbage objects and, as a result, trigger GC.
	It is recommended to disable useCacheForAllThreads by setting -Dorg.apache.ratis.thirdparty.io.netty.allocator.useCacheForAllThreads=false in command line.
2019-09-04 22:36:38,257 [main] INFO  grpc.GrpcConfigKeys$Server (ConfUtils.java:logGet(43)) - raft.grpc.server.port = 0 (default)
2019-09-04 22:36:38,257 [main] INFO  server.GrpcService (ConfUtils.java:logGet(43)) - raft.grpc.message.size.max = 33570816 (custom)
2019-09-04 22:36:38,258 [main] INFO  server.RaftServerConfigKeys (ConfUtils.java:logGet(43)) - raft.server.log.appender.buffer.byte-limit = 33554432 (custom)
2019-09-04 22:36:38,258 [main] INFO  server.GrpcService (ConfUtils.java:logGet(43)) - raft.grpc.flow.control.window = 1MB (=1048576) (default)
2019-09-04 22:36:38,258 [main] INFO  server.RaftServerConfigKeys (ConfUtils.java:logGet(43)) - raft.server.rpc.request.timeout = 3000ms (default)
2019-09-04 22:36:38,259 [main] INFO  server.RaftServerConfigKeys (ConfUtils.java:logGet(43)) - raft.server.storage.dir = [/workdir/hadoop-ozone/integration-test/target/test-dir/MiniOzoneClusterImpl-3e5eae9d-fe1a-4239-a18b-95efd0d45629/datanode-2/data/ratis] (custom)
2019-09-04 22:36:38,260 [main] INFO  hdfs.DFSUtil (DFSUtil.java:httpServerTemplateForNNAndJN(1641)) - Starting Web-server for hddsDatanode at: http://0.0.0.0:0
2019-09-04 22:36:38,261 [main] INFO  server.AuthenticationFilter (AuthenticationFilter.java:constructSecretProvider(240)) - Unable to initialize FileSignerSecretProvider, falling back to use random secrets.
2019-09-04 22:36:38,261 [main] WARN  http.HttpRequestLog (HttpRequestLog.java:getRequestLog(97)) - Jetty request log can only be enabled using Log4j
2019-09-04 22:36:38,262 [main] INFO  http.HttpServer2 (HttpServer2.java:addGlobalFilter(975)) - Added global filter 'safety' (class=org.apache.hadoop.http.HttpServer2$QuotingInputFilter)
2019-09-04 22:36:38,263 [main] INFO  http.HttpServer2 (HttpServer2.java:addFilter(948)) - Added filter static_user_filter (class=org.apache.hadoop.http.lib.StaticUserWebFilter$StaticUserFilter) to context hddsDatanode
2019-09-04 22:36:38,263 [main] INFO  http.HttpServer2 (HttpServer2.java:addFilter(958)) - Added filter static_user_filter (class=org.apache.hadoop.http.lib.StaticUserWebFilter$StaticUserFilter) to context logs
2019-09-04 22:36:38,263 [main] INFO  http.HttpServer2 (HttpServer2.java:addFilter(958)) - Added filter static_user_filter (class=org.apache.hadoop.http.lib.StaticUserWebFilter$StaticUserFilter) to context static
2019-09-04 22:36:38,264 [main] INFO  http.HttpServer2 (HttpServer2.java:bindListener(1191)) - Jetty bound to port 33829
2019-09-04 22:36:38,264 [main] INFO  server.Server (Server.java:doStart(351)) - jetty-9.3.24.v20180605, build timestamp: 2018-06-05T17:11:56Z, git hash: 84205aa28f11a4f31f2a3b86d1bba2cc8ab69827
2019-09-04 22:36:38,265 [main] INFO  handler.ContextHandler (ContextHandler.java:doStart(781)) - Started o.e.j.s.ServletContextHandler@55044b34{/logs,file:///workdir/hadoop-ozone/integration-test/target/log,AVAILABLE}
2019-09-04 22:36:38,265 [main] INFO  handler.ContextHandler (ContextHandler.java:doStart(781)) - Started o.e.j.s.ServletContextHandler@300a38e7{/static,jar:file:/home/user/.m2/repository/org/apache/hadoop/hadoop-hdds-container-service/0.5.0-SNAPSHOT/hadoop-hdds-container-service-0.5.0-SNAPSHOT.jar!/webapps/static,AVAILABLE}
2019-09-04 22:36:38,291 [main] INFO  handler.ContextHandler (ContextHandler.java:doStart(781)) - Started o.e.j.w.WebAppContext@1209a0f{/,file:///tmp/jetty-0.0.0.0-33829-hddsDatanode-_-any-6931503033715778960.dir/webapp/,AVAILABLE}{/hddsDatanode}
2019-09-04 22:36:38,292 [main] INFO  server.AbstractConnector (AbstractConnector.java:doStart(278)) - Started ServerConnector@696174d3{HTTP/1.1,[http/1.1]}{0.0.0.0:33829}
2019-09-04 22:36:38,292 [main] INFO  server.Server (Server.java:doStart(419)) - Started @709766ms
2019-09-04 22:36:38,294 [main] WARN  impl.MetricsSystemImpl (MetricsSystemImpl.java:register(276)) - Sink prometheus already exists!
2019-09-04 22:36:38,295 [main] INFO  server.BaseHttpServer (BaseHttpServer.java:updateConnectorAddress(215)) - HTTP server of HDDSDATANODE is listening at http://0.0.0.0:33829
2019-09-04 22:36:38,295 [main] INFO  impl.MetricsSystemImpl (MetricsSystemImpl.java:init(158)) - HddsDatanode metrics system started (again)
2019-09-04 22:36:38,299 [org.apache.hadoop.util.JvmPauseMonitor$Monitor@37bdda6f] INFO  util.JvmPauseMonitor (JvmPauseMonitor.java:run(188)) - Starting JVM pause monitor
2019-09-04 22:36:38,299 [main] INFO  ozone.HddsDatanodeService (HddsDatanodeService.java:start(184)) - HddsDatanodeService host:pr-hdds-2064-6vxfq-1484162802 ip:192.168.5.151
2019-09-04 22:36:38,300 [Datanode State Machine Thread - 0] INFO  datanode.InitDatanodeState (InitDatanodeState.java:persistContainerDatanodeDetails(140)) - DatanodeDetails is persisted to /workdir/hadoop-ozone/integration-test/target/test-dir/MiniOzoneClusterImpl-3e5eae9d-fe1a-4239-a18b-95efd0d45629/datanode-2/meta/datanode.id
2019-09-04 22:36:38,307 [main] INFO  volume.HddsVolume (HddsVolume.java:<init>(176)) - Creating Volume: /workdir/hadoop-ozone/integration-test/target/test-dir/MiniOzoneClusterImpl-3e5eae9d-fe1a-4239-a18b-95efd0d45629/datanode-3/data/containers/hdds of  storage type : DISK and capacity : 1482555576320
2019-09-04 22:36:38,307 [main] INFO  volume.VolumeSet (VolumeSet.java:initializeVolumeSet(170)) - Added Volume : /workdir/hadoop-ozone/integration-test/target/test-dir/MiniOzoneClusterImpl-3e5eae9d-fe1a-4239-a18b-95efd0d45629/datanode-3/data/containers/hdds to VolumeSet
2019-09-04 22:36:38,307 [main] INFO  volume.ThrottledAsyncChecker (ThrottledAsyncChecker.java:schedule(140)) - Scheduling a check for org.apache.hadoop.ozone.container.common.volume.HddsVolume@156cfa20
2019-09-04 22:36:38,308 [main] INFO  volume.HddsVolumeChecker (HddsVolumeChecker.java:checkAllVolumes(203)) - Scheduled health check for volume org.apache.hadoop.ozone.container.common.volume.HddsVolume@156cfa20
2019-09-04 22:36:38,321 [main] INFO  impl.RaftServerProxy (ConfUtils.java:logGet(43)) - raft.rpc.type = GRPC (default)
2019-09-04 22:36:38,321 [main] INFO  grpc.GrpcFactory (GrpcFactory.java:checkPooledByteBufAllocatorUseCacheForAllThreads(45)) - PERFORMANCE WARNING: useCacheForAllThreads is true that may cause Netty to create a lot garbage objects and, as a result, trigger GC.
	It is recommended to disable useCacheForAllThreads by setting -Dorg.apache.ratis.thirdparty.io.netty.allocator.useCacheForAllThreads=false in command line.
2019-09-04 22:36:38,321 [main] INFO  grpc.GrpcConfigKeys$Server (ConfUtils.java:logGet(43)) - raft.grpc.server.port = 0 (default)
2019-09-04 22:36:38,322 [main] INFO  server.GrpcService (ConfUtils.java:logGet(43)) - raft.grpc.message.size.max = 33570816 (custom)
2019-09-04 22:36:38,322 [main] INFO  server.RaftServerConfigKeys (ConfUtils.java:logGet(43)) - raft.server.log.appender.buffer.byte-limit = 33554432 (custom)
2019-09-04 22:36:38,322 [main] INFO  server.GrpcService (ConfUtils.java:logGet(43)) - raft.grpc.flow.control.window = 1MB (=1048576) (default)
2019-09-04 22:36:38,322 [main] INFO  server.RaftServerConfigKeys (ConfUtils.java:logGet(43)) - raft.server.rpc.request.timeout = 3000ms (default)
2019-09-04 22:36:38,323 [main] INFO  server.RaftServerConfigKeys (ConfUtils.java:logGet(43)) - raft.server.storage.dir = [/workdir/hadoop-ozone/integration-test/target/test-dir/MiniOzoneClusterImpl-3e5eae9d-fe1a-4239-a18b-95efd0d45629/datanode-3/data/ratis] (custom)
2019-09-04 22:36:38,324 [main] INFO  hdfs.DFSUtil (DFSUtil.java:httpServerTemplateForNNAndJN(1641)) - Starting Web-server for hddsDatanode at: http://0.0.0.0:0
2019-09-04 22:36:38,325 [main] INFO  server.AuthenticationFilter (AuthenticationFilter.java:constructSecretProvider(240)) - Unable to initialize FileSignerSecretProvider, falling back to use random secrets.
2019-09-04 22:36:38,325 [main] WARN  http.HttpRequestLog (HttpRequestLog.java:getRequestLog(97)) - Jetty request log can only be enabled using Log4j
2019-09-04 22:36:38,326 [main] INFO  http.HttpServer2 (HttpServer2.java:addGlobalFilter(975)) - Added global filter 'safety' (class=org.apache.hadoop.http.HttpServer2$QuotingInputFilter)
2019-09-04 22:36:38,327 [main] INFO  http.HttpServer2 (HttpServer2.java:addFilter(948)) - Added filter static_user_filter (class=org.apache.hadoop.http.lib.StaticUserWebFilter$StaticUserFilter) to context hddsDatanode
2019-09-04 22:36:38,327 [main] INFO  http.HttpServer2 (HttpServer2.java:addFilter(958)) - Added filter static_user_filter (class=org.apache.hadoop.http.lib.StaticUserWebFilter$StaticUserFilter) to context static
2019-09-04 22:36:38,327 [main] INFO  http.HttpServer2 (HttpServer2.java:addFilter(958)) - Added filter static_user_filter (class=org.apache.hadoop.http.lib.StaticUserWebFilter$StaticUserFilter) to context logs
2019-09-04 22:36:38,328 [main] INFO  http.HttpServer2 (HttpServer2.java:bindListener(1191)) - Jetty bound to port 39627
2019-09-04 22:36:38,328 [main] INFO  server.Server (Server.java:doStart(351)) - jetty-9.3.24.v20180605, build timestamp: 2018-06-05T17:11:56Z, git hash: 84205aa28f11a4f31f2a3b86d1bba2cc8ab69827
2019-09-04 22:36:38,329 [main] INFO  handler.ContextHandler (ContextHandler.java:doStart(781)) - Started o.e.j.s.ServletContextHandler@74b97416{/logs,file:///workdir/hadoop-ozone/integration-test/target/log,AVAILABLE}
2019-09-04 22:36:38,330 [main] INFO  handler.ContextHandler (ContextHandler.java:doStart(781)) - Started o.e.j.s.ServletContextHandler@12c76d6e{/static,jar:file:/home/user/.m2/repository/org/apache/hadoop/hadoop-hdds-container-service/0.5.0-SNAPSHOT/hadoop-hdds-container-service-0.5.0-SNAPSHOT.jar!/webapps/static,AVAILABLE}
2019-09-04 22:36:38,356 [main] INFO  handler.ContextHandler (ContextHandler.java:doStart(781)) - Started o.e.j.w.WebAppContext@52909a97{/,file:///tmp/jetty-0.0.0.0-39627-hddsDatanode-_-any-3967105862725946105.dir/webapp/,AVAILABLE}{/hddsDatanode}
2019-09-04 22:36:38,356 [main] INFO  server.AbstractConnector (AbstractConnector.java:doStart(278)) - Started ServerConnector@36e409e0{HTTP/1.1,[http/1.1]}{0.0.0.0:39627}
2019-09-04 22:36:38,358 [main] INFO  server.Server (Server.java:doStart(419)) - Started @709831ms
2019-09-04 22:36:38,358 [main] WARN  impl.MetricsSystemImpl (MetricsSystemImpl.java:register(276)) - Sink prometheus already exists!
2019-09-04 22:36:38,359 [main] INFO  server.BaseHttpServer (BaseHttpServer.java:updateConnectorAddress(215)) - HTTP server of HDDSDATANODE is listening at http://0.0.0.0:39627
2019-09-04 22:36:38,359 [main] INFO  impl.MetricsSystemImpl (MetricsSystemImpl.java:init(158)) - HddsDatanode metrics system started (again)
2019-09-04 22:36:38,364 [org.apache.hadoop.util.JvmPauseMonitor$Monitor@7383ff81] INFO  util.JvmPauseMonitor (JvmPauseMonitor.java:run(188)) - Starting JVM pause monitor
2019-09-04 22:36:38,364 [main] INFO  ozone.HddsDatanodeService (HddsDatanodeService.java:start(184)) - HddsDatanodeService host:pr-hdds-2064-6vxfq-1484162802 ip:192.168.5.151
2019-09-04 22:36:38,365 [Datanode State Machine Thread - 0] INFO  datanode.InitDatanodeState (InitDatanodeState.java:persistContainerDatanodeDetails(140)) - DatanodeDetails is persisted to /workdir/hadoop-ozone/integration-test/target/test-dir/MiniOzoneClusterImpl-3e5eae9d-fe1a-4239-a18b-95efd0d45629/datanode-3/meta/datanode.id
2019-09-04 22:36:38,372 [main] INFO  volume.HddsVolume (HddsVolume.java:<init>(176)) - Creating Volume: /workdir/hadoop-ozone/integration-test/target/test-dir/MiniOzoneClusterImpl-3e5eae9d-fe1a-4239-a18b-95efd0d45629/datanode-4/data/containers/hdds of  storage type : DISK and capacity : 1482555576320
2019-09-04 22:36:38,372 [main] INFO  volume.VolumeSet (VolumeSet.java:initializeVolumeSet(170)) - Added Volume : /workdir/hadoop-ozone/integration-test/target/test-dir/MiniOzoneClusterImpl-3e5eae9d-fe1a-4239-a18b-95efd0d45629/datanode-4/data/containers/hdds to VolumeSet
2019-09-04 22:36:38,372 [main] INFO  volume.ThrottledAsyncChecker (ThrottledAsyncChecker.java:schedule(140)) - Scheduling a check for org.apache.hadoop.ozone.container.common.volume.HddsVolume@4a9bce99
2019-09-04 22:36:38,373 [main] INFO  volume.HddsVolumeChecker (HddsVolumeChecker.java:checkAllVolumes(203)) - Scheduled health check for volume org.apache.hadoop.ozone.container.common.volume.HddsVolume@4a9bce99
2019-09-04 22:36:38,386 [main] INFO  impl.RaftServerProxy (ConfUtils.java:logGet(43)) - raft.rpc.type = GRPC (default)
2019-09-04 22:36:38,387 [main] INFO  grpc.GrpcFactory (GrpcFactory.java:checkPooledByteBufAllocatorUseCacheForAllThreads(45)) - PERFORMANCE WARNING: useCacheForAllThreads is true that may cause Netty to create a lot garbage objects and, as a result, trigger GC.
	It is recommended to disable useCacheForAllThreads by setting -Dorg.apache.ratis.thirdparty.io.netty.allocator.useCacheForAllThreads=false in command line.
2019-09-04 22:36:38,387 [main] INFO  grpc.GrpcConfigKeys$Server (ConfUtils.java:logGet(43)) - raft.grpc.server.port = 0 (default)
2019-09-04 22:36:38,387 [main] INFO  server.GrpcService (ConfUtils.java:logGet(43)) - raft.grpc.message.size.max = 33570816 (custom)
2019-09-04 22:36:38,387 [main] INFO  server.RaftServerConfigKeys (ConfUtils.java:logGet(43)) - raft.server.log.appender.buffer.byte-limit = 33554432 (custom)
2019-09-04 22:36:38,387 [main] INFO  server.GrpcService (ConfUtils.java:logGet(43)) - raft.grpc.flow.control.window = 1MB (=1048576) (default)
2019-09-04 22:36:38,387 [main] INFO  server.RaftServerConfigKeys (ConfUtils.java:logGet(43)) - raft.server.rpc.request.timeout = 3000ms (default)
2019-09-04 22:36:38,388 [main] INFO  server.RaftServerConfigKeys (ConfUtils.java:logGet(43)) - raft.server.storage.dir = [/workdir/hadoop-ozone/integration-test/target/test-dir/MiniOzoneClusterImpl-3e5eae9d-fe1a-4239-a18b-95efd0d45629/datanode-4/data/ratis] (custom)
2019-09-04 22:36:38,389 [main] INFO  hdfs.DFSUtil (DFSUtil.java:httpServerTemplateForNNAndJN(1641)) - Starting Web-server for hddsDatanode at: http://0.0.0.0:0
2019-09-04 22:36:38,390 [main] INFO  server.AuthenticationFilter (AuthenticationFilter.java:constructSecretProvider(240)) - Unable to initialize FileSignerSecretProvider, falling back to use random secrets.
2019-09-04 22:36:38,390 [main] WARN  http.HttpRequestLog (HttpRequestLog.java:getRequestLog(97)) - Jetty request log can only be enabled using Log4j
2019-09-04 22:36:38,391 [main] INFO  http.HttpServer2 (HttpServer2.java:addGlobalFilter(975)) - Added global filter 'safety' (class=org.apache.hadoop.http.HttpServer2$QuotingInputFilter)
2019-09-04 22:36:38,392 [main] INFO  http.HttpServer2 (HttpServer2.java:addFilter(948)) - Added filter static_user_filter (class=org.apache.hadoop.http.lib.StaticUserWebFilter$StaticUserFilter) to context hddsDatanode
2019-09-04 22:36:38,392 [main] INFO  http.HttpServer2 (HttpServer2.java:addFilter(958)) - Added filter static_user_filter (class=org.apache.hadoop.http.lib.StaticUserWebFilter$StaticUserFilter) to context static
2019-09-04 22:36:38,392 [main] INFO  http.HttpServer2 (HttpServer2.java:addFilter(958)) - Added filter static_user_filter (class=org.apache.hadoop.http.lib.StaticUserWebFilter$StaticUserFilter) to context logs
2019-09-04 22:36:38,392 [main] INFO  http.HttpServer2 (HttpServer2.java:bindListener(1191)) - Jetty bound to port 39386
2019-09-04 22:36:38,393 [main] INFO  server.Server (Server.java:doStart(351)) - jetty-9.3.24.v20180605, build timestamp: 2018-06-05T17:11:56Z, git hash: 84205aa28f11a4f31f2a3b86d1bba2cc8ab69827
2019-09-04 22:36:38,394 [main] INFO  handler.ContextHandler (ContextHandler.java:doStart(781)) - Started o.e.j.s.ServletContextHandler@3193e21d{/logs,file:///workdir/hadoop-ozone/integration-test/target/log,AVAILABLE}
2019-09-04 22:36:38,394 [main] INFO  handler.ContextHandler (ContextHandler.java:doStart(781)) - Started o.e.j.s.ServletContextHandler@6b126187{/static,jar:file:/home/user/.m2/repository/org/apache/hadoop/hadoop-hdds-container-service/0.5.0-SNAPSHOT/hadoop-hdds-container-service-0.5.0-SNAPSHOT.jar!/webapps/static,AVAILABLE}
2019-09-04 22:36:38,421 [main] INFO  handler.ContextHandler (ContextHandler.java:doStart(781)) - Started o.e.j.w.WebAppContext@3e753289{/,file:///tmp/jetty-0.0.0.0-39386-hddsDatanode-_-any-1281457304299339565.dir/webapp/,AVAILABLE}{/hddsDatanode}
2019-09-04 22:36:38,422 [main] INFO  server.AbstractConnector (AbstractConnector.java:doStart(278)) - Started ServerConnector@1573e8a5{HTTP/1.1,[http/1.1]}{0.0.0.0:39386}
2019-09-04 22:36:38,422 [main] INFO  server.Server (Server.java:doStart(419)) - Started @709896ms
2019-09-04 22:36:38,424 [main] WARN  impl.MetricsSystemImpl (MetricsSystemImpl.java:register(276)) - Sink prometheus already exists!
2019-09-04 22:36:38,425 [main] INFO  server.BaseHttpServer (BaseHttpServer.java:updateConnectorAddress(215)) - HTTP server of HDDSDATANODE is listening at http://0.0.0.0:39386
2019-09-04 22:36:38,425 [main] INFO  impl.MetricsSystemImpl (MetricsSystemImpl.java:init(158)) - HddsDatanode metrics system started (again)
2019-09-04 22:36:38,430 [org.apache.hadoop.util.JvmPauseMonitor$Monitor@239329a8] INFO  util.JvmPauseMonitor (JvmPauseMonitor.java:run(188)) - Starting JVM pause monitor
2019-09-04 22:36:38,430 [main] INFO  ozone.HddsDatanodeService (HddsDatanodeService.java:start(184)) - HddsDatanodeService host:pr-hdds-2064-6vxfq-1484162802 ip:192.168.5.151
2019-09-04 22:36:38,432 [Datanode State Machine Thread - 0] INFO  datanode.InitDatanodeState (InitDatanodeState.java:persistContainerDatanodeDetails(140)) - DatanodeDetails is persisted to /workdir/hadoop-ozone/integration-test/target/test-dir/MiniOzoneClusterImpl-3e5eae9d-fe1a-4239-a18b-95efd0d45629/datanode-4/meta/datanode.id
2019-09-04 22:36:38,438 [main] INFO  volume.HddsVolume (HddsVolume.java:<init>(176)) - Creating Volume: /workdir/hadoop-ozone/integration-test/target/test-dir/MiniOzoneClusterImpl-3e5eae9d-fe1a-4239-a18b-95efd0d45629/datanode-5/data/containers/hdds of  storage type : DISK and capacity : 1482555576320
2019-09-04 22:36:38,438 [main] INFO  volume.VolumeSet (VolumeSet.java:initializeVolumeSet(170)) - Added Volume : /workdir/hadoop-ozone/integration-test/target/test-dir/MiniOzoneClusterImpl-3e5eae9d-fe1a-4239-a18b-95efd0d45629/datanode-5/data/containers/hdds to VolumeSet
2019-09-04 22:36:38,438 [main] INFO  volume.ThrottledAsyncChecker (ThrottledAsyncChecker.java:schedule(140)) - Scheduling a check for org.apache.hadoop.ozone.container.common.volume.HddsVolume@ae3c140
2019-09-04 22:36:38,439 [main] INFO  volume.HddsVolumeChecker (HddsVolumeChecker.java:checkAllVolumes(203)) - Scheduled health check for volume org.apache.hadoop.ozone.container.common.volume.HddsVolume@ae3c140
2019-09-04 22:36:38,453 [main] INFO  impl.RaftServerProxy (ConfUtils.java:logGet(43)) - raft.rpc.type = GRPC (default)
2019-09-04 22:36:38,453 [main] INFO  grpc.GrpcFactory (GrpcFactory.java:checkPooledByteBufAllocatorUseCacheForAllThreads(45)) - PERFORMANCE WARNING: useCacheForAllThreads is true that may cause Netty to create a lot garbage objects and, as a result, trigger GC.
	It is recommended to disable useCacheForAllThreads by setting -Dorg.apache.ratis.thirdparty.io.netty.allocator.useCacheForAllThreads=false in command line.
2019-09-04 22:36:38,453 [main] INFO  grpc.GrpcConfigKeys$Server (ConfUtils.java:logGet(43)) - raft.grpc.server.port = 0 (default)
2019-09-04 22:36:38,454 [main] INFO  server.GrpcService (ConfUtils.java:logGet(43)) - raft.grpc.message.size.max = 33570816 (custom)
2019-09-04 22:36:38,454 [main] INFO  server.RaftServerConfigKeys (ConfUtils.java:logGet(43)) - raft.server.log.appender.buffer.byte-limit = 33554432 (custom)
2019-09-04 22:36:38,454 [main] INFO  server.GrpcService (ConfUtils.java:logGet(43)) - raft.grpc.flow.control.window = 1MB (=1048576) (default)
2019-09-04 22:36:38,454 [main] INFO  server.RaftServerConfigKeys (ConfUtils.java:logGet(43)) - raft.server.rpc.request.timeout = 3000ms (default)
2019-09-04 22:36:38,455 [main] INFO  server.RaftServerConfigKeys (ConfUtils.java:logGet(43)) - raft.server.storage.dir = [/workdir/hadoop-ozone/integration-test/target/test-dir/MiniOzoneClusterImpl-3e5eae9d-fe1a-4239-a18b-95efd0d45629/datanode-5/data/ratis] (custom)
2019-09-04 22:36:38,456 [main] INFO  hdfs.DFSUtil (DFSUtil.java:httpServerTemplateForNNAndJN(1641)) - Starting Web-server for hddsDatanode at: http://0.0.0.0:0
2019-09-04 22:36:38,456 [main] INFO  server.AuthenticationFilter (AuthenticationFilter.java:constructSecretProvider(240)) - Unable to initialize FileSignerSecretProvider, falling back to use random secrets.
2019-09-04 22:36:38,457 [main] WARN  http.HttpRequestLog (HttpRequestLog.java:getRequestLog(97)) - Jetty request log can only be enabled using Log4j
2019-09-04 22:36:38,458 [main] INFO  http.HttpServer2 (HttpServer2.java:addGlobalFilter(975)) - Added global filter 'safety' (class=org.apache.hadoop.http.HttpServer2$QuotingInputFilter)
2019-09-04 22:36:38,458 [main] INFO  http.HttpServer2 (HttpServer2.java:addFilter(948)) - Added filter static_user_filter (class=org.apache.hadoop.http.lib.StaticUserWebFilter$StaticUserFilter) to context hddsDatanode
2019-09-04 22:36:38,458 [main] INFO  http.HttpServer2 (HttpServer2.java:addFilter(958)) - Added filter static_user_filter (class=org.apache.hadoop.http.lib.StaticUserWebFilter$StaticUserFilter) to context logs
2019-09-04 22:36:38,458 [main] INFO  http.HttpServer2 (HttpServer2.java:addFilter(958)) - Added filter static_user_filter (class=org.apache.hadoop.http.lib.StaticUserWebFilter$StaticUserFilter) to context static
2019-09-04 22:36:38,459 [main] INFO  http.HttpServer2 (HttpServer2.java:bindListener(1191)) - Jetty bound to port 41698
2019-09-04 22:36:38,459 [main] INFO  server.Server (Server.java:doStart(351)) - jetty-9.3.24.v20180605, build timestamp: 2018-06-05T17:11:56Z, git hash: 84205aa28f11a4f31f2a3b86d1bba2cc8ab69827
2019-09-04 22:36:38,460 [main] INFO  handler.ContextHandler (ContextHandler.java:doStart(781)) - Started o.e.j.s.ServletContextHandler@bb12f41{/logs,file:///workdir/hadoop-ozone/integration-test/target/log,AVAILABLE}
2019-09-04 22:36:38,461 [main] INFO  handler.ContextHandler (ContextHandler.java:doStart(781)) - Started o.e.j.s.ServletContextHandler@18989e0{/static,jar:file:/home/user/.m2/repository/org/apache/hadoop/hadoop-hdds-container-service/0.5.0-SNAPSHOT/hadoop-hdds-container-service-0.5.0-SNAPSHOT.jar!/webapps/static,AVAILABLE}
2019-09-04 22:36:38,487 [main] INFO  handler.ContextHandler (ContextHandler.java:doStart(781)) - Started o.e.j.w.WebAppContext@210a26b{/,file:///tmp/jetty-0.0.0.0-41698-hddsDatanode-_-any-3623397837770634833.dir/webapp/,AVAILABLE}{/hddsDatanode}
2019-09-04 22:36:38,487 [main] INFO  server.AbstractConnector (AbstractConnector.java:doStart(278)) - Started ServerConnector@2dc21583{HTTP/1.1,[http/1.1]}{0.0.0.0:41698}
2019-09-04 22:36:38,487 [main] INFO  server.Server (Server.java:doStart(419)) - Started @709962ms
2019-09-04 22:36:38,489 [main] WARN  impl.MetricsSystemImpl (MetricsSystemImpl.java:register(276)) - Sink prometheus already exists!
2019-09-04 22:36:38,490 [main] INFO  server.BaseHttpServer (BaseHttpServer.java:updateConnectorAddress(215)) - HTTP server of HDDSDATANODE is listening at http://0.0.0.0:41698
2019-09-04 22:36:38,490 [main] INFO  impl.MetricsSystemImpl (MetricsSystemImpl.java:init(158)) - HddsDatanode metrics system started (again)
2019-09-04 22:36:38,496 [org.apache.hadoop.util.JvmPauseMonitor$Monitor@2742c54b] INFO  util.JvmPauseMonitor (JvmPauseMonitor.java:run(188)) - Starting JVM pause monitor
2019-09-04 22:36:38,496 [main] INFO  ozone.HddsDatanodeService (HddsDatanodeService.java:start(184)) - HddsDatanodeService host:pr-hdds-2064-6vxfq-1484162802 ip:192.168.5.151
2019-09-04 22:36:38,497 [Datanode State Machine Thread - 0] INFO  datanode.InitDatanodeState (InitDatanodeState.java:persistContainerDatanodeDetails(140)) - DatanodeDetails is persisted to /workdir/hadoop-ozone/integration-test/target/test-dir/MiniOzoneClusterImpl-3e5eae9d-fe1a-4239-a18b-95efd0d45629/datanode-5/meta/datanode.id
2019-09-04 22:36:38,504 [main] INFO  volume.HddsVolume (HddsVolume.java:<init>(176)) - Creating Volume: /workdir/hadoop-ozone/integration-test/target/test-dir/MiniOzoneClusterImpl-3e5eae9d-fe1a-4239-a18b-95efd0d45629/datanode-6/data/containers/hdds of  storage type : DISK and capacity : 1482555576320
2019-09-04 22:36:38,504 [main] INFO  volume.VolumeSet (VolumeSet.java:initializeVolumeSet(170)) - Added Volume : /workdir/hadoop-ozone/integration-test/target/test-dir/MiniOzoneClusterImpl-3e5eae9d-fe1a-4239-a18b-95efd0d45629/datanode-6/data/containers/hdds to VolumeSet
2019-09-04 22:36:38,504 [main] INFO  volume.ThrottledAsyncChecker (ThrottledAsyncChecker.java:schedule(140)) - Scheduling a check for org.apache.hadoop.ozone.container.common.volume.HddsVolume@64ec1459
2019-09-04 22:36:38,505 [main] INFO  volume.HddsVolumeChecker (HddsVolumeChecker.java:checkAllVolumes(203)) - Scheduled health check for volume org.apache.hadoop.ozone.container.common.volume.HddsVolume@64ec1459
2019-09-04 22:36:38,518 [main] INFO  impl.RaftServerProxy (ConfUtils.java:logGet(43)) - raft.rpc.type = GRPC (default)
2019-09-04 22:36:38,519 [main] INFO  grpc.GrpcFactory (GrpcFactory.java:checkPooledByteBufAllocatorUseCacheForAllThreads(45)) - PERFORMANCE WARNING: useCacheForAllThreads is true that may cause Netty to create a lot garbage objects and, as a result, trigger GC.
	It is recommended to disable useCacheForAllThreads by setting -Dorg.apache.ratis.thirdparty.io.netty.allocator.useCacheForAllThreads=false in command line.
2019-09-04 22:36:38,519 [main] INFO  grpc.GrpcConfigKeys$Server (ConfUtils.java:logGet(43)) - raft.grpc.server.port = 0 (default)
2019-09-04 22:36:38,519 [main] INFO  server.GrpcService (ConfUtils.java:logGet(43)) - raft.grpc.message.size.max = 33570816 (custom)
2019-09-04 22:36:38,519 [main] INFO  server.RaftServerConfigKeys (ConfUtils.java:logGet(43)) - raft.server.log.appender.buffer.byte-limit = 33554432 (custom)
2019-09-04 22:36:38,519 [main] INFO  server.GrpcService (ConfUtils.java:logGet(43)) - raft.grpc.flow.control.window = 1MB (=1048576) (default)
2019-09-04 22:36:38,520 [main] INFO  server.RaftServerConfigKeys (ConfUtils.java:logGet(43)) - raft.server.rpc.request.timeout = 3000ms (default)
2019-09-04 22:36:38,520 [main] INFO  server.RaftServerConfigKeys (ConfUtils.java:logGet(43)) - raft.server.storage.dir = [/workdir/hadoop-ozone/integration-test/target/test-dir/MiniOzoneClusterImpl-3e5eae9d-fe1a-4239-a18b-95efd0d45629/datanode-6/data/ratis] (custom)
2019-09-04 22:36:38,521 [main] INFO  hdfs.DFSUtil (DFSUtil.java:httpServerTemplateForNNAndJN(1641)) - Starting Web-server for hddsDatanode at: http://0.0.0.0:0
2019-09-04 22:36:38,522 [main] INFO  server.AuthenticationFilter (AuthenticationFilter.java:constructSecretProvider(240)) - Unable to initialize FileSignerSecretProvider, falling back to use random secrets.
2019-09-04 22:36:38,522 [main] WARN  http.HttpRequestLog (HttpRequestLog.java:getRequestLog(97)) - Jetty request log can only be enabled using Log4j
2019-09-04 22:36:38,523 [main] INFO  http.HttpServer2 (HttpServer2.java:addGlobalFilter(975)) - Added global filter 'safety' (class=org.apache.hadoop.http.HttpServer2$QuotingInputFilter)
2019-09-04 22:36:38,524 [main] INFO  http.HttpServer2 (HttpServer2.java:addFilter(948)) - Added filter static_user_filter (class=org.apache.hadoop.http.lib.StaticUserWebFilter$StaticUserFilter) to context hddsDatanode
2019-09-04 22:36:38,524 [main] INFO  http.HttpServer2 (HttpServer2.java:addFilter(958)) - Added filter static_user_filter (class=org.apache.hadoop.http.lib.StaticUserWebFilter$StaticUserFilter) to context static
2019-09-04 22:36:38,524 [main] INFO  http.HttpServer2 (HttpServer2.java:addFilter(958)) - Added filter static_user_filter (class=org.apache.hadoop.http.lib.StaticUserWebFilter$StaticUserFilter) to context logs
2019-09-04 22:36:38,525 [main] INFO  http.HttpServer2 (HttpServer2.java:bindListener(1191)) - Jetty bound to port 44441
2019-09-04 22:36:38,525 [main] INFO  server.Server (Server.java:doStart(351)) - jetty-9.3.24.v20180605, build timestamp: 2018-06-05T17:11:56Z, git hash: 84205aa28f11a4f31f2a3b86d1bba2cc8ab69827
2019-09-04 22:36:38,526 [main] INFO  handler.ContextHandler (ContextHandler.java:doStart(781)) - Started o.e.j.s.ServletContextHandler@5ed65e4b{/logs,file:///workdir/hadoop-ozone/integration-test/target/log,AVAILABLE}
2019-09-04 22:36:38,526 [main] INFO  handler.ContextHandler (ContextHandler.java:doStart(781)) - Started o.e.j.s.ServletContextHandler@40cf6254{/static,jar:file:/home/user/.m2/repository/org/apache/hadoop/hadoop-hdds-container-service/0.5.0-SNAPSHOT/hadoop-hdds-container-service-0.5.0-SNAPSHOT.jar!/webapps/static,AVAILABLE}
2019-09-04 22:36:38,553 [main] INFO  handler.ContextHandler (ContextHandler.java:doStart(781)) - Started o.e.j.w.WebAppContext@7198ab9a{/,file:///tmp/jetty-0.0.0.0-44441-hddsDatanode-_-any-1928764755423422722.dir/webapp/,AVAILABLE}{/hddsDatanode}
2019-09-04 22:36:38,553 [main] INFO  server.AbstractConnector (AbstractConnector.java:doStart(278)) - Started ServerConnector@67d5ac2f{HTTP/1.1,[http/1.1]}{0.0.0.0:44441}
2019-09-04 22:36:38,553 [main] INFO  server.Server (Server.java:doStart(419)) - Started @710027ms
2019-09-04 22:36:38,555 [main] WARN  impl.MetricsSystemImpl (MetricsSystemImpl.java:register(276)) - Sink prometheus already exists!
2019-09-04 22:36:38,556 [main] INFO  server.BaseHttpServer (BaseHttpServer.java:updateConnectorAddress(215)) - HTTP server of HDDSDATANODE is listening at http://0.0.0.0:44441
2019-09-04 22:36:38,556 [main] INFO  ozone.MiniOzoneClusterImpl (MiniOzoneClusterImpl.java:lambda$waitForClusterToBeReady$0(140)) - Waiting for cluster to be ready. Got 0 of 7 DN Heartbeats.
2019-09-04 22:36:38,558 [org.apache.hadoop.util.JvmPauseMonitor$Monitor@70d0c37f] INFO  util.JvmPauseMonitor (JvmPauseMonitor.java:run(188)) - Starting JVM pause monitor
2019-09-04 22:36:38,559 [Datanode State Machine Thread - 0] INFO  datanode.InitDatanodeState (InitDatanodeState.java:persistContainerDatanodeDetails(140)) - DatanodeDetails is persisted to /workdir/hadoop-ozone/integration-test/target/test-dir/MiniOzoneClusterImpl-3e5eae9d-fe1a-4239-a18b-95efd0d45629/datanode-6/meta/datanode.id
2019-09-04 22:36:39,556 [main] INFO  ozone.MiniOzoneClusterImpl (MiniOzoneClusterImpl.java:lambda$waitForClusterToBeReady$0(140)) - Waiting for cluster to be ready. Got 0 of 7 DN Heartbeats.
2019-09-04 22:36:40,199 [Datanode State Machine Thread - 0] INFO  ozoneimpl.OzoneContainer (OzoneContainer.java:start(201)) - Attempting to start container services.
2019-09-04 22:36:40,199 [Datanode State Machine Thread - 0] INFO  ozoneimpl.OzoneContainer (OzoneContainer.java:startContainerScrub(175)) - Background container scrubber has been disabled by hdds.containerscrub.enabled
2019-09-04 22:36:40,199 [Datanode State Machine Thread - 0] INFO  ratis.XceiverServerRatis (XceiverServerRatis.java:start(393)) - Starting XceiverServerRatis e81b47d7-612c-4c3e-9b79-e98468129918 at port 0
2019-09-04 22:36:40,204 [Datanode State Machine Thread - 0] INFO  impl.RaftServerProxy (RaftServerProxy.java:lambda$start$3(299)) - e81b47d7-612c-4c3e-9b79-e98468129918: start RPC server
2019-09-04 22:36:40,205 [Datanode State Machine Thread - 0] INFO  server.GrpcService (GrpcService.java:startImpl(149)) - e81b47d7-612c-4c3e-9b79-e98468129918: GrpcService started, listening on 0.0.0.0/0.0.0.0:33048
2019-09-04 22:36:40,205 [Datanode State Machine Thread - 0] INFO  ratis.XceiverServerRatis (XceiverServerRatis.java:start(403)) - XceiverServerRatis e81b47d7-612c-4c3e-9b79-e98468129918 is started using port 33048
2019-09-04 22:36:40,205 [Datanode State Machine Thread - 0] INFO  server.XceiverServerGrpc (XceiverServerGrpc.java:start(163)) - XceiverServerGrpc e81b47d7-612c-4c3e-9b79-e98468129918 is started using port 37947
2019-09-04 22:36:40,246 [Datanode State Machine Thread - 0] INFO  ozoneimpl.OzoneContainer (OzoneContainer.java:start(201)) - Attempting to start container services.
2019-09-04 22:36:40,246 [Datanode State Machine Thread - 0] INFO  ozoneimpl.OzoneContainer (OzoneContainer.java:startContainerScrub(175)) - Background container scrubber has been disabled by hdds.containerscrub.enabled
2019-09-04 22:36:40,246 [Datanode State Machine Thread - 0] INFO  ratis.XceiverServerRatis (XceiverServerRatis.java:start(393)) - Starting XceiverServerRatis ee59736f-a24c-469d-882b-c2dc09ed928a at port 0
2019-09-04 22:36:40,251 [Datanode State Machine Thread - 0] INFO  impl.RaftServerProxy (RaftServerProxy.java:lambda$start$3(299)) - ee59736f-a24c-469d-882b-c2dc09ed928a: start RPC server
2019-09-04 22:36:40,251 [Datanode State Machine Thread - 0] INFO  server.GrpcService (GrpcService.java:startImpl(149)) - ee59736f-a24c-469d-882b-c2dc09ed928a: GrpcService started, listening on 0.0.0.0/0.0.0.0:38942
2019-09-04 22:36:40,251 [Datanode State Machine Thread - 0] INFO  ratis.XceiverServerRatis (XceiverServerRatis.java:start(403)) - XceiverServerRatis ee59736f-a24c-469d-882b-c2dc09ed928a is started using port 38942
2019-09-04 22:36:40,252 [Datanode State Machine Thread - 0] INFO  server.XceiverServerGrpc (XceiverServerGrpc.java:start(163)) - XceiverServerGrpc ee59736f-a24c-469d-882b-c2dc09ed928a is started using port 43268
2019-09-04 22:36:40,304 [Datanode State Machine Thread - 0] INFO  ozoneimpl.OzoneContainer (OzoneContainer.java:start(201)) - Attempting to start container services.
2019-09-04 22:36:40,304 [Datanode State Machine Thread - 0] INFO  ozoneimpl.OzoneContainer (OzoneContainer.java:startContainerScrub(175)) - Background container scrubber has been disabled by hdds.containerscrub.enabled
2019-09-04 22:36:40,305 [Datanode State Machine Thread - 0] INFO  ratis.XceiverServerRatis (XceiverServerRatis.java:start(393)) - Starting XceiverServerRatis 4eb339a3-18e9-42fa-b835-83c170646335 at port 0
2019-09-04 22:36:40,310 [Datanode State Machine Thread - 0] INFO  impl.RaftServerProxy (RaftServerProxy.java:lambda$start$3(299)) - 4eb339a3-18e9-42fa-b835-83c170646335: start RPC server
2019-09-04 22:36:40,312 [Datanode State Machine Thread - 0] INFO  server.GrpcService (GrpcService.java:startImpl(149)) - 4eb339a3-18e9-42fa-b835-83c170646335: GrpcService started, listening on 0.0.0.0/0.0.0.0:33092
2019-09-04 22:36:40,312 [Datanode State Machine Thread - 0] INFO  ratis.XceiverServerRatis (XceiverServerRatis.java:start(403)) - XceiverServerRatis 4eb339a3-18e9-42fa-b835-83c170646335 is started using port 33092
2019-09-04 22:36:40,314 [Datanode State Machine Thread - 0] INFO  server.XceiverServerGrpc (XceiverServerGrpc.java:start(163)) - XceiverServerGrpc 4eb339a3-18e9-42fa-b835-83c170646335 is started using port 35603
2019-09-04 22:36:40,377 [Datanode State Machine Thread - 0] INFO  ozoneimpl.OzoneContainer (OzoneContainer.java:start(201)) - Attempting to start container services.
2019-09-04 22:36:40,377 [Datanode State Machine Thread - 0] INFO  ozoneimpl.OzoneContainer (OzoneContainer.java:startContainerScrub(175)) - Background container scrubber has been disabled by hdds.containerscrub.enabled
2019-09-04 22:36:40,377 [Datanode State Machine Thread - 0] INFO  ratis.XceiverServerRatis (XceiverServerRatis.java:start(393)) - Starting XceiverServerRatis 16eb735d-ddfa-43a0-a958-0cc463b6ee1f at port 0
2019-09-04 22:36:40,383 [Datanode State Machine Thread - 0] INFO  impl.RaftServerProxy (RaftServerProxy.java:lambda$start$3(299)) - 16eb735d-ddfa-43a0-a958-0cc463b6ee1f: start RPC server
2019-09-04 22:36:40,384 [Datanode State Machine Thread - 0] INFO  server.GrpcService (GrpcService.java:startImpl(149)) - 16eb735d-ddfa-43a0-a958-0cc463b6ee1f: GrpcService started, listening on 0.0.0.0/0.0.0.0:42873
2019-09-04 22:36:40,384 [Datanode State Machine Thread - 0] INFO  ratis.XceiverServerRatis (XceiverServerRatis.java:start(403)) - XceiverServerRatis 16eb735d-ddfa-43a0-a958-0cc463b6ee1f is started using port 42873
2019-09-04 22:36:40,387 [Datanode State Machine Thread - 0] INFO  server.XceiverServerGrpc (XceiverServerGrpc.java:start(163)) - XceiverServerGrpc 16eb735d-ddfa-43a0-a958-0cc463b6ee1f is started using port 37766
2019-09-04 22:36:40,443 [Datanode State Machine Thread - 0] INFO  ozoneimpl.OzoneContainer (OzoneContainer.java:start(201)) - Attempting to start container services.
2019-09-04 22:36:40,443 [Datanode State Machine Thread - 0] INFO  ozoneimpl.OzoneContainer (OzoneContainer.java:startContainerScrub(175)) - Background container scrubber has been disabled by hdds.containerscrub.enabled
2019-09-04 22:36:40,443 [Datanode State Machine Thread - 0] INFO  ratis.XceiverServerRatis (XceiverServerRatis.java:start(393)) - Starting XceiverServerRatis 03c6856f-026f-444e-97d4-e408589c0526 at port 0
2019-09-04 22:36:40,449 [Datanode State Machine Thread - 0] INFO  impl.RaftServerProxy (RaftServerProxy.java:lambda$start$3(299)) - 03c6856f-026f-444e-97d4-e408589c0526: start RPC server
2019-09-04 22:36:40,449 [Datanode State Machine Thread - 0] INFO  server.GrpcService (GrpcService.java:startImpl(149)) - 03c6856f-026f-444e-97d4-e408589c0526: GrpcService started, listening on 0.0.0.0/0.0.0.0:33159
2019-09-04 22:36:40,450 [Datanode State Machine Thread - 0] INFO  ratis.XceiverServerRatis (XceiverServerRatis.java:start(403)) - XceiverServerRatis 03c6856f-026f-444e-97d4-e408589c0526 is started using port 33159
2019-09-04 22:36:40,450 [Datanode State Machine Thread - 0] INFO  server.XceiverServerGrpc (XceiverServerGrpc.java:start(163)) - XceiverServerGrpc 03c6856f-026f-444e-97d4-e408589c0526 is started using port 46609
2019-09-04 22:36:40,522 [Datanode State Machine Thread - 0] INFO  ozoneimpl.OzoneContainer (OzoneContainer.java:start(201)) - Attempting to start container services.
2019-09-04 22:36:40,522 [Datanode State Machine Thread - 0] INFO  ozoneimpl.OzoneContainer (OzoneContainer.java:startContainerScrub(175)) - Background container scrubber has been disabled by hdds.containerscrub.enabled
2019-09-04 22:36:40,522 [Datanode State Machine Thread - 0] INFO  ratis.XceiverServerRatis (XceiverServerRatis.java:start(393)) - Starting XceiverServerRatis dfe38629-739e-4f1a-92c4-47deec922a7c at port 0
2019-09-04 22:36:40,529 [Datanode State Machine Thread - 0] INFO  impl.RaftServerProxy (RaftServerProxy.java:lambda$start$3(299)) - dfe38629-739e-4f1a-92c4-47deec922a7c: start RPC server
2019-09-04 22:36:40,529 [Datanode State Machine Thread - 0] INFO  server.GrpcService (GrpcService.java:startImpl(149)) - dfe38629-739e-4f1a-92c4-47deec922a7c: GrpcService started, listening on 0.0.0.0/0.0.0.0:44807
2019-09-04 22:36:40,530 [Datanode State Machine Thread - 0] INFO  ratis.XceiverServerRatis (XceiverServerRatis.java:start(403)) - XceiverServerRatis dfe38629-739e-4f1a-92c4-47deec922a7c is started using port 44807
2019-09-04 22:36:40,530 [Datanode State Machine Thread - 0] INFO  server.XceiverServerGrpc (XceiverServerGrpc.java:start(163)) - XceiverServerGrpc dfe38629-739e-4f1a-92c4-47deec922a7c is started using port 44728
2019-09-04 22:36:40,557 [main] INFO  ozone.MiniOzoneClusterImpl (MiniOzoneClusterImpl.java:lambda$waitForClusterToBeReady$0(140)) - Waiting for cluster to be ready. Got 0 of 7 DN Heartbeats.
2019-09-04 22:36:40,571 [Datanode State Machine Thread - 0] INFO  ozoneimpl.OzoneContainer (OzoneContainer.java:start(201)) - Attempting to start container services.
2019-09-04 22:36:40,571 [Datanode State Machine Thread - 0] INFO  ozoneimpl.OzoneContainer (OzoneContainer.java:startContainerScrub(175)) - Background container scrubber has been disabled by hdds.containerscrub.enabled
2019-09-04 22:36:40,571 [Datanode State Machine Thread - 0] INFO  ratis.XceiverServerRatis (XceiverServerRatis.java:start(393)) - Starting XceiverServerRatis 27858f83-b177-46a0-be6d-5cc756b04b47 at port 0
2019-09-04 22:36:40,577 [Datanode State Machine Thread - 0] INFO  impl.RaftServerProxy (RaftServerProxy.java:lambda$start$3(299)) - 27858f83-b177-46a0-be6d-5cc756b04b47: start RPC server
2019-09-04 22:36:40,578 [Datanode State Machine Thread - 0] INFO  server.GrpcService (GrpcService.java:startImpl(149)) - 27858f83-b177-46a0-be6d-5cc756b04b47: GrpcService started, listening on 0.0.0.0/0.0.0.0:35008
2019-09-04 22:36:40,578 [Datanode State Machine Thread - 0] INFO  ratis.XceiverServerRatis (XceiverServerRatis.java:start(403)) - XceiverServerRatis 27858f83-b177-46a0-be6d-5cc756b04b47 is started using port 35008
2019-09-04 22:36:40,579 [Datanode State Machine Thread - 0] INFO  server.XceiverServerGrpc (XceiverServerGrpc.java:start(163)) - XceiverServerGrpc 27858f83-b177-46a0-be6d-5cc756b04b47 is started using port 41223
2019-09-04 22:36:41,557 [main] INFO  ozone.MiniOzoneClusterImpl (MiniOzoneClusterImpl.java:lambda$waitForClusterToBeReady$0(140)) - Waiting for cluster to be ready. Got 0 of 7 DN Heartbeats.
2019-09-04 22:36:42,166 [IPC Server handler 3 on 38630] INFO  net.NetworkTopology (NetworkTopologyImpl.java:add(110)) - Added a new node: /default-rack/e81b47d7-612c-4c3e-9b79-e98468129918
2019-09-04 22:36:42,168 [IPC Server handler 3 on 38630] INFO  node.SCMNodeManager (SCMNodeManager.java:register(266)) - Registered Data node : e81b47d7-612c-4c3e-9b79-e98468129918{ip: 192.168.5.151, host: pr-hdds-2064-6vxfq-1484162802, networkLocation: /default-rack, certSerialId: null}
2019-09-04 22:36:42,169 [EventQueue-NodeRegistrationContainerReportForDataNodeSafeModeRule] INFO  safemode.SCMSafeModeManager (DataNodeSafeModeRule.java:process(71)) - SCM in safe mode. 1 DataNodes registered, 1 required.
2019-09-04 22:36:42,172 [EventQueue-NodeRegistrationContainerReportForDataNodeSafeModeRule] INFO  safemode.SCMSafeModeManager (SCMSafeModeManager.java:validateSafeModeExitRules(177)) - ScmSafeModeManager, all rules are successfully validated
2019-09-04 22:36:42,172 [EventQueue-NodeRegistrationContainerReportForDataNodeSafeModeRule] INFO  safemode.SCMSafeModeManager (SCMSafeModeManager.java:exitSafeMode(193)) - SCM exiting safe mode.
2019-09-04 22:36:42,180 [grpc-default-executor-7] INFO  impl.RaftServerProxy (RaftServerProxy.java:addNew(89)) - e81b47d7-612c-4c3e-9b79-e98468129918: addNew group-D7AA56C83CB9:[e81b47d7-612c-4c3e-9b79-e98468129918:192.168.5.151:33048] returns group-D7AA56C83CB9:java.util.concurrent.CompletableFuture@13c971d3[Not completed]
2019-09-04 22:36:42,181 [pool-679-thread-1] INFO  impl.RaftServerImpl (RaftServerImpl.java:<init>(93)) - e81b47d7-612c-4c3e-9b79-e98468129918: new RaftServerImpl for group-D7AA56C83CB9:[e81b47d7-612c-4c3e-9b79-e98468129918:192.168.5.151:33048] with ContainerStateMachine:uninitialized
2019-09-04 22:36:42,182 [pool-679-thread-1] INFO  server.RaftServerConfigKeys (ConfUtils.java:logGet(43)) - raft.server.rpc.timeout.min = 5s (custom)
2019-09-04 22:36:42,182 [pool-679-thread-1] INFO  server.RaftServerConfigKeys (ConfUtils.java:logGet(43)) - raft.server.rpc.timeout.max = 5200ms (custom)
2019-09-04 22:36:42,182 [pool-679-thread-1] INFO  server.RaftServerConfigKeys (ConfUtils.java:logGet(43)) - raft.server.rpcslowness.timeout = 120s (custom)
2019-09-04 22:36:42,182 [pool-679-thread-1] INFO  server.RaftServerConfigKeys (ConfUtils.java:logGet(43)) - raft.server.sleep.deviation.threshold = 300 (default)
2019-09-04 22:36:42,182 [pool-679-thread-1] INFO  server.RaftServerConfigKeys (ConfUtils.java:logGet(43)) - raft.server.log.appender.install.snapshot.enabled = false (custom)
2019-09-04 22:36:42,183 [pool-679-thread-1] INFO  impl.RaftServerImpl (ServerState.java:<init>(105)) - e81b47d7-612c-4c3e-9b79-e98468129918:group-D7AA56C83CB9 ConfigurationManager, init=-1: [e81b47d7-612c-4c3e-9b79-e98468129918:192.168.5.151:33048], old=null, confs=<EMPTY_MAP>
2019-09-04 22:36:42,183 [pool-679-thread-1] INFO  server.RaftServerConfigKeys (ConfUtils.java:logGet(43)) - raft.server.storage.dir = [/workdir/hadoop-ozone/integration-test/target/test-dir/MiniOzoneClusterImpl-3e5eae9d-fe1a-4239-a18b-95efd0d45629/datanode-0/data/ratis] (custom)
2019-09-04 22:36:42,183 [pool-679-thread-1] INFO  storage.RaftStorageDirectory (RaftStorageDirectory.java:analyzeStorage(246)) - The storage directory /workdir/hadoop-ozone/integration-test/target/test-dir/MiniOzoneClusterImpl-3e5eae9d-fe1a-4239-a18b-95efd0d45629/datanode-0/data/ratis/7a7104fd-a288-43e4-92cb-d7aa56c83cb9 does not exist. Creating ...
2019-09-04 22:36:42,209 [pool-679-thread-1] INFO  storage.RaftStorageDirectory (RaftStorageDirectory.java:tryLock(328)) - Lock on /workdir/hadoop-ozone/integration-test/target/test-dir/MiniOzoneClusterImpl-3e5eae9d-fe1a-4239-a18b-95efd0d45629/datanode-0/data/ratis/7a7104fd-a288-43e4-92cb-d7aa56c83cb9/in_use.lock acquired by nodename 28777@pr-hdds-2064-6vxfq-1484162802
2019-09-04 22:36:42,221 [pool-679-thread-1] INFO  storage.RaftStorage (RaftStorage.java:format(72)) - Storage directory /workdir/hadoop-ozone/integration-test/target/test-dir/MiniOzoneClusterImpl-3e5eae9d-fe1a-4239-a18b-95efd0d45629/datanode-0/data/ratis/7a7104fd-a288-43e4-92cb-d7aa56c83cb9 has been successfully formatted.
2019-09-04 22:36:42,222 [pool-679-thread-1] INFO  ratis.ContainerStateMachine (ContainerStateMachine.java:loadSnapshot(227)) - group-D7AA56C83CB9: The snapshot info is null. Setting the last applied indexto:(t:0, i:~)
2019-09-04 22:36:42,222 [pool-679-thread-1] INFO  server.RaftServerConfigKeys (ConfUtils.java:logGet(43)) - raft.server.leader.election.timeout = 120s (custom)
2019-09-04 22:36:42,222 [pool-679-thread-1] INFO  server.RaftServerConfigKeys (ConfUtils.java:logGet(43)) - raft.server.log.use.memory = false (default)
2019-09-04 22:36:42,222 [pool-679-thread-1] INFO  server.RaftServerConfigKeys (ConfUtils.java:logGet(43)) - raft.server.log.purge.gap = 1000000 (custom)
2019-09-04 22:36:42,222 [pool-679-thread-1] INFO  server.RaftServerConfigKeys (ConfUtils.java:logGet(43)) - raft.server.log.appender.buffer.byte-limit = 33554432 (custom)
2019-09-04 22:36:42,223 [pool-679-thread-1] INFO  server.RaftServerConfigKeys (ConfUtils.java:logGet(43)) - raft.server.log.segment.size.max = 1048576 (custom)
2019-09-04 22:36:42,223 [pool-679-thread-1] INFO  server.RaftServerConfigKeys (ConfUtils.java:logGet(43)) - raft.server.log.segment.cache.num.max = 2 (custom)
2019-09-04 22:36:42,223 [pool-679-thread-1] INFO  segmented.SegmentedRaftLogWorker (SegmentedRaftLogWorker.java:<init>(172)) - new e81b47d7-612c-4c3e-9b79-e98468129918-SegmentedRaftLogWorker:Storage Directory /workdir/hadoop-ozone/integration-test/target/test-dir/MiniOzoneClusterImpl-3e5eae9d-fe1a-4239-a18b-95efd0d45629/datanode-0/data/ratis/7a7104fd-a288-43e4-92cb-d7aa56c83cb9 for RaftStorage:Storage Directory /workdir/hadoop-ozone/integration-test/target/test-dir/MiniOzoneClusterImpl-3e5eae9d-fe1a-4239-a18b-95efd0d45629/datanode-0/data/ratis/7a7104fd-a288-43e4-92cb-d7aa56c83cb9
2019-09-04 22:36:42,223 [pool-679-thread-1] INFO  server.RaftServerConfigKeys (ConfUtils.java:logGet(43)) - raft.server.log.queue.byte-limit = 2147483647 (custom)
2019-09-04 22:36:42,223 [pool-679-thread-1] INFO  server.RaftServerConfigKeys (ConfUtils.java:logGet(43)) - raft.server.log.queue.element-limit = 1024 (custom)
2019-09-04 22:36:42,224 [pool-679-thread-1] INFO  server.RaftServerConfigKeys (ConfUtils.java:logGet(43)) - raft.server.log.segment.size.max = 1048576 (custom)
2019-09-04 22:36:42,224 [pool-679-thread-1] INFO  server.RaftServerConfigKeys (ConfUtils.java:logGet(43)) - raft.server.log.preallocated.size = 16384 (custom)
2019-09-04 22:36:42,224 [pool-679-thread-1] INFO  server.RaftServerConfigKeys (ConfUtils.java:logGet(43)) - raft.server.log.write.buffer.size = 33554432 (custom)
2019-09-04 22:36:42,224 [pool-679-thread-1] INFO  server.RaftServerConfigKeys (ConfUtils.java:logGet(43)) - raft.server.log.force.sync.num = 128 (default)
2019-09-04 22:36:42,224 [pool-679-thread-1] INFO  server.RaftServerConfigKeys (ConfUtils.java:logGet(43)) - raft.server.log.statemachine.data.sync = true (default)
2019-09-04 22:36:42,224 [pool-679-thread-1] INFO  server.RaftServerConfigKeys (ConfUtils.java:logGet(43)) - raft.server.log.statemachine.data.sync.timeout = 10s (default)
2019-09-04 22:36:42,225 [pool-679-thread-1] INFO  server.RaftServerConfigKeys (ConfUtils.java:logGet(43)) - raft.server.log.statemachine.data.sync.timeout.retry = -1 (default)
2019-09-04 22:36:42,225 [pool-679-thread-1] INFO  server.RaftServerConfigKeys (ConfUtils.java:logGet(43)) - raft.server.log.statemachine.data.caching.enabled = true (custom)
2019-09-04 22:36:42,225 [pool-679-thread-1] INFO  segmented.SegmentedRaftLogWorker (SegmentedRaftLogWorker.java:lambda$new$0(132)) - e81b47d7-612c-4c3e-9b79-e98468129918-SegmentedRaftLogWorker:Storage Directory /workdir/hadoop-ozone/integration-test/target/test-dir/MiniOzoneClusterImpl-3e5eae9d-fe1a-4239-a18b-95efd0d45629/datanode-0/data/ratis/7a7104fd-a288-43e4-92cb-d7aa56c83cb9: flushIndex: setUnconditionally 0 -> -1
2019-09-04 22:36:42,226 [pool-679-thread-1] INFO  server.RaftServerConfigKeys (ConfUtils.java:logGet(43)) - raft.server.snapshot.auto.trigger.enabled = true (custom)
2019-09-04 22:36:42,226 [pool-679-thread-1] INFO  server.RaftServerConfigKeys (ConfUtils.java:logGet(43)) - raft.server.snapshot.auto.trigger.threshold = 10000 (custom)
2019-09-04 22:36:42,226 [pool-679-thread-1] INFO  server.RaftServerConfigKeys (ConfUtils.java:logGet(43)) - raft.server.retrycache.expirytime = 600000ms (custom)
2019-09-04 22:36:42,226 [pool-679-thread-1] INFO  impl.RaftServerImpl (RaftServerImpl.java:start(180)) - e81b47d7-612c-4c3e-9b79-e98468129918: start group-D7AA56C83CB9
2019-09-04 22:36:42,226 [pool-679-thread-1] INFO  impl.RaftServerImpl (RaftServerImpl.java:setRole(171)) - e81b47d7-612c-4c3e-9b79-e98468129918:group-D7AA56C83CB9 changes role from null to FOLLOWER at term 0 for startAsFollower
2019-09-04 22:36:42,227 [pool-679-thread-1] INFO  impl.RoleInfo (RoleInfo.java:updateAndGet(143)) - e81b47d7-612c-4c3e-9b79-e98468129918: start FollowerState
2019-09-04 22:36:42,227 [pool-679-thread-1] INFO  util.JmxRegister (JmxRegister.java:tryRegister(44)) - Successfully registered JMX Bean with object name Ratis:service=RaftServer,group=group-D7AA56C83CB9,id=e81b47d7-612c-4c3e-9b79-e98468129918
2019-09-04 22:36:42,229 [IPC Server handler 4 on 38630] INFO  net.NetworkTopology (NetworkTopologyImpl.java:add(110)) - Added a new node: /default-rack/ee59736f-a24c-469d-882b-c2dc09ed928a
2019-09-04 22:36:42,230 [IPC Server handler 4 on 38630] INFO  node.SCMNodeManager (SCMNodeManager.java:register(266)) - Registered Data node : ee59736f-a24c-469d-882b-c2dc09ed928a{ip: 192.168.5.151, host: pr-hdds-2064-6vxfq-1484162802, networkLocation: /default-rack, certSerialId: null}
2019-09-04 22:36:42,242 [RatisPipelineUtilsThread] INFO  pipeline.PipelineStateManager (PipelineStateManager.java:addPipeline(56)) - Created pipeline Pipeline[ Id: 7a7104fd-a288-43e4-92cb-d7aa56c83cb9, Nodes: e81b47d7-612c-4c3e-9b79-e98468129918{ip: 192.168.5.151, host: pr-hdds-2064-6vxfq-1484162802, networkLocation: /default-rack, certSerialId: null}, Type:RATIS, Factor:ONE, State:OPEN]
2019-09-04 22:36:42,251 [grpc-default-executor-7] INFO  impl.RaftServerProxy (RaftServerProxy.java:addNew(89)) - ee59736f-a24c-469d-882b-c2dc09ed928a: addNew group-310F33FD9B73:[ee59736f-a24c-469d-882b-c2dc09ed928a:192.168.5.151:38942] returns group-310F33FD9B73:java.util.concurrent.CompletableFuture@3a01b94e[Not completed]
2019-09-04 22:36:42,253 [pool-689-thread-1] INFO  impl.RaftServerImpl (RaftServerImpl.java:<init>(93)) - ee59736f-a24c-469d-882b-c2dc09ed928a: new RaftServerImpl for group-310F33FD9B73:[ee59736f-a24c-469d-882b-c2dc09ed928a:192.168.5.151:38942] with ContainerStateMachine:uninitialized
2019-09-04 22:36:42,253 [pool-689-thread-1] INFO  server.RaftServerConfigKeys (ConfUtils.java:logGet(43)) - raft.server.rpc.timeout.min = 5s (custom)
2019-09-04 22:36:42,253 [pool-689-thread-1] INFO  server.RaftServerConfigKeys (ConfUtils.java:logGet(43)) - raft.server.rpc.timeout.max = 5200ms (custom)
2019-09-04 22:36:42,253 [pool-689-thread-1] INFO  server.RaftServerConfigKeys (ConfUtils.java:logGet(43)) - raft.server.rpcslowness.timeout = 120s (custom)
2019-09-04 22:36:42,253 [pool-689-thread-1] INFO  server.RaftServerConfigKeys (ConfUtils.java:logGet(43)) - raft.server.sleep.deviation.threshold = 300 (default)
2019-09-04 22:36:42,253 [pool-689-thread-1] INFO  server.RaftServerConfigKeys (ConfUtils.java:logGet(43)) - raft.server.log.appender.install.snapshot.enabled = false (custom)
2019-09-04 22:36:42,254 [pool-689-thread-1] INFO  impl.RaftServerImpl (ServerState.java:<init>(105)) - ee59736f-a24c-469d-882b-c2dc09ed928a:group-310F33FD9B73 ConfigurationManager, init=-1: [ee59736f-a24c-469d-882b-c2dc09ed928a:192.168.5.151:38942], old=null, confs=<EMPTY_MAP>
2019-09-04 22:36:42,254 [pool-689-thread-1] INFO  server.RaftServerConfigKeys (ConfUtils.java:logGet(43)) - raft.server.storage.dir = [/workdir/hadoop-ozone/integration-test/target/test-dir/MiniOzoneClusterImpl-3e5eae9d-fe1a-4239-a18b-95efd0d45629/datanode-1/data/ratis] (custom)
2019-09-04 22:36:42,254 [pool-689-thread-1] INFO  storage.RaftStorageDirectory (RaftStorageDirectory.java:analyzeStorage(246)) - The storage directory /workdir/hadoop-ozone/integration-test/target/test-dir/MiniOzoneClusterImpl-3e5eae9d-fe1a-4239-a18b-95efd0d45629/datanode-1/data/ratis/87d5b3ca-19d4-47f9-a48f-310f33fd9b73 does not exist. Creating ...
2019-09-04 22:36:42,267 [pool-689-thread-1] INFO  storage.RaftStorageDirectory (RaftStorageDirectory.java:tryLock(328)) - Lock on /workdir/hadoop-ozone/integration-test/target/test-dir/MiniOzoneClusterImpl-3e5eae9d-fe1a-4239-a18b-95efd0d45629/datanode-1/data/ratis/87d5b3ca-19d4-47f9-a48f-310f33fd9b73/in_use.lock acquired by nodename 28777@pr-hdds-2064-6vxfq-1484162802
2019-09-04 22:36:42,280 [pool-689-thread-1] INFO  storage.RaftStorage (RaftStorage.java:format(72)) - Storage directory /workdir/hadoop-ozone/integration-test/target/test-dir/MiniOzoneClusterImpl-3e5eae9d-fe1a-4239-a18b-95efd0d45629/datanode-1/data/ratis/87d5b3ca-19d4-47f9-a48f-310f33fd9b73 has been successfully formatted.
2019-09-04 22:36:42,280 [pool-689-thread-1] INFO  ratis.ContainerStateMachine (ContainerStateMachine.java:loadSnapshot(227)) - group-310F33FD9B73: The snapshot info is null. Setting the last applied indexto:(t:0, i:~)
2019-09-04 22:36:42,280 [pool-689-thread-1] INFO  server.RaftServerConfigKeys (ConfUtils.java:logGet(43)) - raft.server.leader.election.timeout = 120s (custom)
2019-09-04 22:36:42,281 [pool-689-thread-1] INFO  server.RaftServerConfigKeys (ConfUtils.java:logGet(43)) - raft.server.log.use.memory = false (default)
2019-09-04 22:36:42,281 [pool-689-thread-1] INFO  server.RaftServerConfigKeys (ConfUtils.java:logGet(43)) - raft.server.log.purge.gap = 1000000 (custom)
2019-09-04 22:36:42,281 [pool-689-thread-1] INFO  server.RaftServerConfigKeys (ConfUtils.java:logGet(43)) - raft.server.log.appender.buffer.byte-limit = 33554432 (custom)
2019-09-04 22:36:42,281 [pool-689-thread-1] INFO  server.RaftServerConfigKeys (ConfUtils.java:logGet(43)) - raft.server.log.segment.size.max = 1048576 (custom)
2019-09-04 22:36:42,281 [pool-689-thread-1] INFO  server.RaftServerConfigKeys (ConfUtils.java:logGet(43)) - raft.server.log.segment.cache.num.max = 2 (custom)
2019-09-04 22:36:42,281 [pool-689-thread-1] INFO  segmented.SegmentedRaftLogWorker (SegmentedRaftLogWorker.java:<init>(172)) - new ee59736f-a24c-469d-882b-c2dc09ed928a-SegmentedRaftLogWorker:Storage Directory /workdir/hadoop-ozone/integration-test/target/test-dir/MiniOzoneClusterImpl-3e5eae9d-fe1a-4239-a18b-95efd0d45629/datanode-1/data/ratis/87d5b3ca-19d4-47f9-a48f-310f33fd9b73 for RaftStorage:Storage Directory /workdir/hadoop-ozone/integration-test/target/test-dir/MiniOzoneClusterImpl-3e5eae9d-fe1a-4239-a18b-95efd0d45629/datanode-1/data/ratis/87d5b3ca-19d4-47f9-a48f-310f33fd9b73
2019-09-04 22:36:42,282 [pool-689-thread-1] INFO  server.RaftServerConfigKeys (ConfUtils.java:logGet(43)) - raft.server.log.queue.byte-limit = 2147483647 (custom)
2019-09-04 22:36:42,282 [pool-689-thread-1] INFO  server.RaftServerConfigKeys (ConfUtils.java:logGet(43)) - raft.server.log.queue.element-limit = 1024 (custom)
2019-09-04 22:36:42,282 [pool-689-thread-1] INFO  server.RaftServerConfigKeys (ConfUtils.java:logGet(43)) - raft.server.log.segment.size.max = 1048576 (custom)
2019-09-04 22:36:42,282 [pool-689-thread-1] INFO  server.RaftServerConfigKeys (ConfUtils.java:logGet(43)) - raft.server.log.preallocated.size = 16384 (custom)
2019-09-04 22:36:42,283 [pool-689-thread-1] INFO  server.RaftServerConfigKeys (ConfUtils.java:logGet(43)) - raft.server.log.write.buffer.size = 33554432 (custom)
2019-09-04 22:36:42,283 [pool-689-thread-1] INFO  server.RaftServerConfigKeys (ConfUtils.java:logGet(43)) - raft.server.log.force.sync.num = 128 (default)
2019-09-04 22:36:42,283 [pool-689-thread-1] INFO  server.RaftServerConfigKeys (ConfUtils.java:logGet(43)) - raft.server.log.statemachine.data.sync = true (default)
2019-09-04 22:36:42,283 [pool-689-thread-1] INFO  server.RaftServerConfigKeys (ConfUtils.java:logGet(43)) - raft.server.log.statemachine.data.sync.timeout = 10s (default)
2019-09-04 22:36:42,283 [pool-689-thread-1] INFO  server.RaftServerConfigKeys (ConfUtils.java:logGet(43)) - raft.server.log.statemachine.data.sync.timeout.retry = -1 (default)
2019-09-04 22:36:42,284 [pool-689-thread-1] INFO  server.RaftServerConfigKeys (ConfUtils.java:logGet(43)) - raft.server.log.statemachine.data.caching.enabled = true (custom)
2019-09-04 22:36:42,284 [pool-689-thread-1] INFO  segmented.SegmentedRaftLogWorker (SegmentedRaftLogWorker.java:lambda$new$0(132)) - ee59736f-a24c-469d-882b-c2dc09ed928a-SegmentedRaftLogWorker:Storage Directory /workdir/hadoop-ozone/integration-test/target/test-dir/MiniOzoneClusterImpl-3e5eae9d-fe1a-4239-a18b-95efd0d45629/datanode-1/data/ratis/87d5b3ca-19d4-47f9-a48f-310f33fd9b73: flushIndex: setUnconditionally 0 -> -1
2019-09-04 22:36:42,285 [pool-689-thread-1] INFO  server.RaftServerConfigKeys (ConfUtils.java:logGet(43)) - raft.server.snapshot.auto.trigger.enabled = true (custom)
2019-09-04 22:36:42,285 [pool-689-thread-1] INFO  server.RaftServerConfigKeys (ConfUtils.java:logGet(43)) - raft.server.snapshot.auto.trigger.threshold = 10000 (custom)
2019-09-04 22:36:42,285 [pool-689-thread-1] INFO  server.RaftServerConfigKeys (ConfUtils.java:logGet(43)) - raft.server.retrycache.expirytime = 600000ms (custom)
2019-09-04 22:36:42,285 [pool-689-thread-1] INFO  impl.RaftServerImpl (RaftServerImpl.java:start(180)) - ee59736f-a24c-469d-882b-c2dc09ed928a: start group-310F33FD9B73
2019-09-04 22:36:42,285 [pool-689-thread-1] INFO  impl.RaftServerImpl (RaftServerImpl.java:setRole(171)) - ee59736f-a24c-469d-882b-c2dc09ed928a:group-310F33FD9B73 changes role from null to FOLLOWER at term 0 for startAsFollower
2019-09-04 22:36:42,285 [pool-689-thread-1] INFO  impl.RoleInfo (RoleInfo.java:updateAndGet(143)) - ee59736f-a24c-469d-882b-c2dc09ed928a: start FollowerState
2019-09-04 22:36:42,286 [pool-689-thread-1] INFO  util.JmxRegister (JmxRegister.java:tryRegister(44)) - Successfully registered JMX Bean with object name Ratis:service=RaftServer,group=group-310F33FD9B73,id=ee59736f-a24c-469d-882b-c2dc09ed928a
2019-09-04 22:36:42,288 [RatisPipelineUtilsThread] INFO  pipeline.PipelineStateManager (PipelineStateManager.java:addPipeline(56)) - Created pipeline Pipeline[ Id: 87d5b3ca-19d4-47f9-a48f-310f33fd9b73, Nodes: ee59736f-a24c-469d-882b-c2dc09ed928a{ip: 192.168.5.151, host: pr-hdds-2064-6vxfq-1484162802, networkLocation: /default-rack, certSerialId: null}, Type:RATIS, Factor:ONE, State:OPEN]
2019-09-04 22:36:42,300 [IPC Server handler 1 on 38630] INFO  net.NetworkTopology (NetworkTopologyImpl.java:add(110)) - Added a new node: /default-rack/4eb339a3-18e9-42fa-b835-83c170646335
2019-09-04 22:36:42,301 [IPC Server handler 1 on 38630] INFO  node.SCMNodeManager (SCMNodeManager.java:register(266)) - Registered Data node : 4eb339a3-18e9-42fa-b835-83c170646335{ip: 192.168.5.151, host: pr-hdds-2064-6vxfq-1484162802, networkLocation: /default-rack, certSerialId: null}
2019-09-04 22:36:42,307 [grpc-default-executor-7] INFO  impl.RaftServerProxy (RaftServerProxy.java:addNew(89)) - 4eb339a3-18e9-42fa-b835-83c170646335: addNew group-1F0FEAB9FAA3:[4eb339a3-18e9-42fa-b835-83c170646335:192.168.5.151:33092] returns group-1F0FEAB9FAA3:java.util.concurrent.CompletableFuture@a103b77[Not completed]
2019-09-04 22:36:42,309 [pool-699-thread-1] INFO  impl.RaftServerImpl (RaftServerImpl.java:<init>(93)) - 4eb339a3-18e9-42fa-b835-83c170646335: new RaftServerImpl for group-1F0FEAB9FAA3:[4eb339a3-18e9-42fa-b835-83c170646335:192.168.5.151:33092] with ContainerStateMachine:uninitialized
2019-09-04 22:36:42,309 [pool-699-thread-1] INFO  server.RaftServerConfigKeys (ConfUtils.java:logGet(43)) - raft.server.rpc.timeout.min = 5s (custom)
2019-09-04 22:36:42,309 [pool-699-thread-1] INFO  server.RaftServerConfigKeys (ConfUtils.java:logGet(43)) - raft.server.rpc.timeout.max = 5200ms (custom)
2019-09-04 22:36:42,309 [pool-699-thread-1] INFO  server.RaftServerConfigKeys (ConfUtils.java:logGet(43)) - raft.server.rpcslowness.timeout = 120s (custom)
2019-09-04 22:36:42,309 [pool-699-thread-1] INFO  server.RaftServerConfigKeys (ConfUtils.java:logGet(43)) - raft.server.sleep.deviation.threshold = 300 (default)
2019-09-04 22:36:42,309 [pool-699-thread-1] INFO  server.RaftServerConfigKeys (ConfUtils.java:logGet(43)) - raft.server.log.appender.install.snapshot.enabled = false (custom)
2019-09-04 22:36:42,310 [pool-699-thread-1] INFO  impl.RaftServerImpl (ServerState.java:<init>(105)) - 4eb339a3-18e9-42fa-b835-83c170646335:group-1F0FEAB9FAA3 ConfigurationManager, init=-1: [4eb339a3-18e9-42fa-b835-83c170646335:192.168.5.151:33092], old=null, confs=<EMPTY_MAP>
2019-09-04 22:36:42,310 [pool-699-thread-1] INFO  server.RaftServerConfigKeys (ConfUtils.java:logGet(43)) - raft.server.storage.dir = [/workdir/hadoop-ozone/integration-test/target/test-dir/MiniOzoneClusterImpl-3e5eae9d-fe1a-4239-a18b-95efd0d45629/datanode-2/data/ratis] (custom)
2019-09-04 22:36:42,310 [pool-699-thread-1] INFO  storage.RaftStorageDirectory (RaftStorageDirectory.java:analyzeStorage(246)) - The storage directory /workdir/hadoop-ozone/integration-test/target/test-dir/MiniOzoneClusterImpl-3e5eae9d-fe1a-4239-a18b-95efd0d45629/datanode-2/data/ratis/5c26b7ef-700e-4be1-9618-1f0feab9faa3 does not exist. Creating ...
2019-09-04 22:36:42,324 [pool-699-thread-1] INFO  storage.RaftStorageDirectory (RaftStorageDirectory.java:tryLock(328)) - Lock on /workdir/hadoop-ozone/integration-test/target/test-dir/MiniOzoneClusterImpl-3e5eae9d-fe1a-4239-a18b-95efd0d45629/datanode-2/data/ratis/5c26b7ef-700e-4be1-9618-1f0feab9faa3/in_use.lock acquired by nodename 28777@pr-hdds-2064-6vxfq-1484162802
2019-09-04 22:36:42,337 [pool-699-thread-1] INFO  storage.RaftStorage (RaftStorage.java:format(72)) - Storage directory /workdir/hadoop-ozone/integration-test/target/test-dir/MiniOzoneClusterImpl-3e5eae9d-fe1a-4239-a18b-95efd0d45629/datanode-2/data/ratis/5c26b7ef-700e-4be1-9618-1f0feab9faa3 has been successfully formatted.
2019-09-04 22:36:42,337 [pool-699-thread-1] INFO  ratis.ContainerStateMachine (ContainerStateMachine.java:loadSnapshot(227)) - group-1F0FEAB9FAA3: The snapshot info is null. Setting the last applied indexto:(t:0, i:~)
2019-09-04 22:36:42,337 [pool-699-thread-1] INFO  server.RaftServerConfigKeys (ConfUtils.java:logGet(43)) - raft.server.leader.election.timeout = 120s (custom)
2019-09-04 22:36:42,337 [pool-699-thread-1] INFO  server.RaftServerConfigKeys (ConfUtils.java:logGet(43)) - raft.server.log.use.memory = false (default)
2019-09-04 22:36:42,337 [pool-699-thread-1] INFO  server.RaftServerConfigKeys (ConfUtils.java:logGet(43)) - raft.server.log.purge.gap = 1000000 (custom)
2019-09-04 22:36:42,337 [pool-699-thread-1] INFO  server.RaftServerConfigKeys (ConfUtils.java:logGet(43)) - raft.server.log.appender.buffer.byte-limit = 33554432 (custom)
2019-09-04 22:36:42,338 [pool-699-thread-1] INFO  server.RaftServerConfigKeys (ConfUtils.java:logGet(43)) - raft.server.log.segment.size.max = 1048576 (custom)
2019-09-04 22:36:42,338 [pool-699-thread-1] INFO  server.RaftServerConfigKeys (ConfUtils.java:logGet(43)) - raft.server.log.segment.cache.num.max = 2 (custom)
2019-09-04 22:36:42,338 [pool-699-thread-1] INFO  segmented.SegmentedRaftLogWorker (SegmentedRaftLogWorker.java:<init>(172)) - new 4eb339a3-18e9-42fa-b835-83c170646335-SegmentedRaftLogWorker:Storage Directory /workdir/hadoop-ozone/integration-test/target/test-dir/MiniOzoneClusterImpl-3e5eae9d-fe1a-4239-a18b-95efd0d45629/datanode-2/data/ratis/5c26b7ef-700e-4be1-9618-1f0feab9faa3 for RaftStorage:Storage Directory /workdir/hadoop-ozone/integration-test/target/test-dir/MiniOzoneClusterImpl-3e5eae9d-fe1a-4239-a18b-95efd0d45629/datanode-2/data/ratis/5c26b7ef-700e-4be1-9618-1f0feab9faa3
2019-09-04 22:36:42,338 [pool-699-thread-1] INFO  server.RaftServerConfigKeys (ConfUtils.java:logGet(43)) - raft.server.log.queue.byte-limit = 2147483647 (custom)
2019-09-04 22:36:42,338 [pool-699-thread-1] INFO  server.RaftServerConfigKeys (ConfUtils.java:logGet(43)) - raft.server.log.queue.element-limit = 1024 (custom)
2019-09-04 22:36:42,338 [pool-699-thread-1] INFO  server.RaftServerConfigKeys (ConfUtils.java:logGet(43)) - raft.server.log.segment.size.max = 1048576 (custom)
2019-09-04 22:36:42,338 [pool-699-thread-1] INFO  server.RaftServerConfigKeys (ConfUtils.java:logGet(43)) - raft.server.log.preallocated.size = 16384 (custom)
2019-09-04 22:36:42,338 [pool-699-thread-1] INFO  server.RaftServerConfigKeys (ConfUtils.java:logGet(43)) - raft.server.log.write.buffer.size = 33554432 (custom)
2019-09-04 22:36:42,338 [pool-699-thread-1] INFO  server.RaftServerConfigKeys (ConfUtils.java:logGet(43)) - raft.server.log.force.sync.num = 128 (default)
2019-09-04 22:36:42,339 [pool-699-thread-1] INFO  server.RaftServerConfigKeys (ConfUtils.java:logGet(43)) - raft.server.log.statemachine.data.sync = true (default)
2019-09-04 22:36:42,339 [pool-699-thread-1] INFO  server.RaftServerConfigKeys (ConfUtils.java:logGet(43)) - raft.server.log.statemachine.data.sync.timeout = 10s (default)
2019-09-04 22:36:42,339 [pool-699-thread-1] INFO  server.RaftServerConfigKeys (ConfUtils.java:logGet(43)) - raft.server.log.statemachine.data.sync.timeout.retry = -1 (default)
2019-09-04 22:36:42,339 [pool-699-thread-1] INFO  server.RaftServerConfigKeys (ConfUtils.java:logGet(43)) - raft.server.log.statemachine.data.caching.enabled = true (custom)
2019-09-04 22:36:42,339 [pool-699-thread-1] INFO  segmented.SegmentedRaftLogWorker (SegmentedRaftLogWorker.java:lambda$new$0(132)) - 4eb339a3-18e9-42fa-b835-83c170646335-SegmentedRaftLogWorker:Storage Directory /workdir/hadoop-ozone/integration-test/target/test-dir/MiniOzoneClusterImpl-3e5eae9d-fe1a-4239-a18b-95efd0d45629/datanode-2/data/ratis/5c26b7ef-700e-4be1-9618-1f0feab9faa3: flushIndex: setUnconditionally 0 -> -1
2019-09-04 22:36:42,340 [pool-699-thread-1] INFO  server.RaftServerConfigKeys (ConfUtils.java:logGet(43)) - raft.server.snapshot.auto.trigger.enabled = true (custom)
2019-09-04 22:36:42,340 [pool-699-thread-1] INFO  server.RaftServerConfigKeys (ConfUtils.java:logGet(43)) - raft.server.snapshot.auto.trigger.threshold = 10000 (custom)
2019-09-04 22:36:42,340 [pool-699-thread-1] INFO  server.RaftServerConfigKeys (ConfUtils.java:logGet(43)) - raft.server.retrycache.expirytime = 600000ms (custom)
2019-09-04 22:36:42,340 [pool-699-thread-1] INFO  impl.RaftServerImpl (RaftServerImpl.java:start(180)) - 4eb339a3-18e9-42fa-b835-83c170646335: start group-1F0FEAB9FAA3
2019-09-04 22:36:42,340 [pool-699-thread-1] INFO  impl.RaftServerImpl (RaftServerImpl.java:setRole(171)) - 4eb339a3-18e9-42fa-b835-83c170646335:group-1F0FEAB9FAA3 changes role from null to FOLLOWER at term 0 for startAsFollower
2019-09-04 22:36:42,340 [pool-699-thread-1] INFO  impl.RoleInfo (RoleInfo.java:updateAndGet(143)) - 4eb339a3-18e9-42fa-b835-83c170646335: start FollowerState
2019-09-04 22:36:42,341 [pool-699-thread-1] INFO  util.JmxRegister (JmxRegister.java:tryRegister(44)) - Successfully registered JMX Bean with object name Ratis:service=RaftServer,group=group-1F0FEAB9FAA3,id=4eb339a3-18e9-42fa-b835-83c170646335
2019-09-04 22:36:42,342 [RatisPipelineUtilsThread] INFO  pipeline.PipelineStateManager (PipelineStateManager.java:addPipeline(56)) - Created pipeline Pipeline[ Id: 5c26b7ef-700e-4be1-9618-1f0feab9faa3, Nodes: 4eb339a3-18e9-42fa-b835-83c170646335{ip: 192.168.5.151, host: pr-hdds-2064-6vxfq-1484162802, networkLocation: /default-rack, certSerialId: null}, Type:RATIS, Factor:ONE, State:OPEN]
2019-09-04 22:36:42,353 [grpc-default-executor-7] INFO  impl.RaftServerProxy (RaftServerProxy.java:addNew(89)) - ee59736f-a24c-469d-882b-c2dc09ed928a: addNew group-E5F469940EF7:[ee59736f-a24c-469d-882b-c2dc09ed928a:192.168.5.151:38942, 4eb339a3-18e9-42fa-b835-83c170646335:192.168.5.151:33092, e81b47d7-612c-4c3e-9b79-e98468129918:192.168.5.151:33048] returns group-E5F469940EF7:java.util.concurrent.CompletableFuture@2f61908b[Not completed]
2019-09-04 22:36:42,353 [grpc-default-executor-5] INFO  impl.RaftServerProxy (RaftServerProxy.java:addNew(89)) - e81b47d7-612c-4c3e-9b79-e98468129918: addNew group-E5F469940EF7:[ee59736f-a24c-469d-882b-c2dc09ed928a:192.168.5.151:38942, 4eb339a3-18e9-42fa-b835-83c170646335:192.168.5.151:33092, e81b47d7-612c-4c3e-9b79-e98468129918:192.168.5.151:33048] returns group-E5F469940EF7:java.util.concurrent.CompletableFuture@1b0245eb[Not completed]
2019-09-04 22:36:42,353 [grpc-default-executor-8] INFO  impl.RaftServerProxy (RaftServerProxy.java:addNew(89)) - 4eb339a3-18e9-42fa-b835-83c170646335: addNew group-E5F469940EF7:[ee59736f-a24c-469d-882b-c2dc09ed928a:192.168.5.151:38942, 4eb339a3-18e9-42fa-b835-83c170646335:192.168.5.151:33092, e81b47d7-612c-4c3e-9b79-e98468129918:192.168.5.151:33048] returns group-E5F469940EF7:java.util.concurrent.CompletableFuture@1ad46b61[Not completed]
2019-09-04 22:36:42,354 [pool-689-thread-1] INFO  impl.RaftServerImpl (RaftServerImpl.java:<init>(93)) - ee59736f-a24c-469d-882b-c2dc09ed928a: new RaftServerImpl for group-E5F469940EF7:[ee59736f-a24c-469d-882b-c2dc09ed928a:192.168.5.151:38942, 4eb339a3-18e9-42fa-b835-83c170646335:192.168.5.151:33092, e81b47d7-612c-4c3e-9b79-e98468129918:192.168.5.151:33048] with ContainerStateMachine:uninitialized
2019-09-04 22:36:42,354 [pool-689-thread-1] INFO  server.RaftServerConfigKeys (ConfUtils.java:logGet(43)) - raft.server.rpc.timeout.min = 5s (custom)
2019-09-04 22:36:42,354 [pool-689-thread-1] INFO  server.RaftServerConfigKeys (ConfUtils.java:logGet(43)) - raft.server.rpc.timeout.max = 5200ms (custom)
2019-09-04 22:36:42,354 [pool-699-thread-1] INFO  impl.RaftServerImpl (RaftServerImpl.java:<init>(93)) - 4eb339a3-18e9-42fa-b835-83c170646335: new RaftServerImpl for group-E5F469940EF7:[ee59736f-a24c-469d-882b-c2dc09ed928a:192.168.5.151:38942, 4eb339a3-18e9-42fa-b835-83c170646335:192.168.5.151:33092, e81b47d7-612c-4c3e-9b79-e98468129918:192.168.5.151:33048] with ContainerStateMachine:uninitialized
2019-09-04 22:36:42,355 [pool-689-thread-1] INFO  server.RaftServerConfigKeys (ConfUtils.java:logGet(43)) - raft.server.rpcslowness.timeout = 120s (custom)
2019-09-04 22:36:42,355 [pool-699-thread-1] INFO  server.RaftServerConfigKeys (ConfUtils.java:logGet(43)) - raft.server.rpc.timeout.min = 5s (custom)
2019-09-04 22:36:42,355 [pool-689-thread-1] INFO  server.RaftServerConfigKeys (ConfUtils.java:logGet(43)) - raft.server.sleep.deviation.threshold = 300 (default)
2019-09-04 22:36:42,355 [pool-699-thread-1] INFO  server.RaftServerConfigKeys (ConfUtils.java:logGet(43)) - raft.server.rpc.timeout.max = 5200ms (custom)
2019-09-04 22:36:42,355 [pool-679-thread-1] INFO  impl.RaftServerImpl (RaftServerImpl.java:<init>(93)) - e81b47d7-612c-4c3e-9b79-e98468129918: new RaftServerImpl for group-E5F469940EF7:[ee59736f-a24c-469d-882b-c2dc09ed928a:192.168.5.151:38942, 4eb339a3-18e9-42fa-b835-83c170646335:192.168.5.151:33092, e81b47d7-612c-4c3e-9b79-e98468129918:192.168.5.151:33048] with ContainerStateMachine:uninitialized
2019-09-04 22:36:42,355 [pool-699-thread-1] INFO  server.RaftServerConfigKeys (ConfUtils.java:logGet(43)) - raft.server.rpcslowness.timeout = 120s (custom)
2019-09-04 22:36:42,355 [pool-689-thread-1] INFO  server.RaftServerConfigKeys (ConfUtils.java:logGet(43)) - raft.server.log.appender.install.snapshot.enabled = false (custom)
2019-09-04 22:36:42,355 [pool-699-thread-1] INFO  server.RaftServerConfigKeys (ConfUtils.java:logGet(43)) - raft.server.sleep.deviation.threshold = 300 (default)
2019-09-04 22:36:42,355 [pool-679-thread-1] INFO  server.RaftServerConfigKeys (ConfUtils.java:logGet(43)) - raft.server.rpc.timeout.min = 5s (custom)
2019-09-04 22:36:42,356 [pool-699-thread-1] INFO  server.RaftServerConfigKeys (ConfUtils.java:logGet(43)) - raft.server.log.appender.install.snapshot.enabled = false (custom)
2019-09-04 22:36:42,355 [pool-689-thread-1] INFO  impl.RaftServerImpl (ServerState.java:<init>(105)) - ee59736f-a24c-469d-882b-c2dc09ed928a:group-E5F469940EF7 ConfigurationManager, init=-1: [ee59736f-a24c-469d-882b-c2dc09ed928a:192.168.5.151:38942, 4eb339a3-18e9-42fa-b835-83c170646335:192.168.5.151:33092, e81b47d7-612c-4c3e-9b79-e98468129918:192.168.5.151:33048], old=null, confs=<EMPTY_MAP>
2019-09-04 22:36:42,356 [pool-699-thread-1] INFO  impl.RaftServerImpl (ServerState.java:<init>(105)) - 4eb339a3-18e9-42fa-b835-83c170646335:group-E5F469940EF7 ConfigurationManager, init=-1: [ee59736f-a24c-469d-882b-c2dc09ed928a:192.168.5.151:38942, 4eb339a3-18e9-42fa-b835-83c170646335:192.168.5.151:33092, e81b47d7-612c-4c3e-9b79-e98468129918:192.168.5.151:33048], old=null, confs=<EMPTY_MAP>
2019-09-04 22:36:42,356 [pool-679-thread-1] INFO  server.RaftServerConfigKeys (ConfUtils.java:logGet(43)) - raft.server.rpc.timeout.max = 5200ms (custom)
2019-09-04 22:36:42,356 [pool-699-thread-1] INFO  server.RaftServerConfigKeys (ConfUtils.java:logGet(43)) - raft.server.storage.dir = [/workdir/hadoop-ozone/integration-test/target/test-dir/MiniOzoneClusterImpl-3e5eae9d-fe1a-4239-a18b-95efd0d45629/datanode-2/data/ratis] (custom)
2019-09-04 22:36:42,356 [pool-689-thread-1] INFO  server.RaftServerConfigKeys (ConfUtils.java:logGet(43)) - raft.server.storage.dir = [/workdir/hadoop-ozone/integration-test/target/test-dir/MiniOzoneClusterImpl-3e5eae9d-fe1a-4239-a18b-95efd0d45629/datanode-1/data/ratis] (custom)
2019-09-04 22:36:42,356 [pool-679-thread-1] INFO  server.RaftServerConfigKeys (ConfUtils.java:logGet(43)) - raft.server.rpcslowness.timeout = 120s (custom)
2019-09-04 22:36:42,356 [pool-699-thread-1] INFO  storage.RaftStorageDirectory (RaftStorageDirectory.java:analyzeStorage(246)) - The storage directory /workdir/hadoop-ozone/integration-test/target/test-dir/MiniOzoneClusterImpl-3e5eae9d-fe1a-4239-a18b-95efd0d45629/datanode-2/data/ratis/5ee138b8-851a-4afb-af1f-e5f469940ef7 does not exist. Creating ...
2019-09-04 22:36:42,356 [pool-689-thread-1] INFO  storage.RaftStorageDirectory (RaftStorageDirectory.java:analyzeStorage(246)) - The storage directory /workdir/hadoop-ozone/integration-test/target/test-dir/MiniOzoneClusterImpl-3e5eae9d-fe1a-4239-a18b-95efd0d45629/datanode-1/data/ratis/5ee138b8-851a-4afb-af1f-e5f469940ef7 does not exist. Creating ...
2019-09-04 22:36:42,356 [pool-679-thread-1] INFO  server.RaftServerConfigKeys (ConfUtils.java:logGet(43)) - raft.server.sleep.deviation.threshold = 300 (default)
2019-09-04 22:36:42,357 [pool-679-thread-1] INFO  server.RaftServerConfigKeys (ConfUtils.java:logGet(43)) - raft.server.log.appender.install.snapshot.enabled = false (custom)
2019-09-04 22:36:42,357 [pool-679-thread-1] INFO  impl.RaftServerImpl (ServerState.java:<init>(105)) - e81b47d7-612c-4c3e-9b79-e98468129918:group-E5F469940EF7 ConfigurationManager, init=-1: [ee59736f-a24c-469d-882b-c2dc09ed928a:192.168.5.151:38942, 4eb339a3-18e9-42fa-b835-83c170646335:192.168.5.151:33092, e81b47d7-612c-4c3e-9b79-e98468129918:192.168.5.151:33048], old=null, confs=<EMPTY_MAP>
2019-09-04 22:36:42,357 [pool-679-thread-1] INFO  server.RaftServerConfigKeys (ConfUtils.java:logGet(43)) - raft.server.storage.dir = [/workdir/hadoop-ozone/integration-test/target/test-dir/MiniOzoneClusterImpl-3e5eae9d-fe1a-4239-a18b-95efd0d45629/datanode-0/data/ratis] (custom)
2019-09-04 22:36:42,357 [pool-679-thread-1] INFO  storage.RaftStorageDirectory (RaftStorageDirectory.java:analyzeStorage(246)) - The storage directory /workdir/hadoop-ozone/integration-test/target/test-dir/MiniOzoneClusterImpl-3e5eae9d-fe1a-4239-a18b-95efd0d45629/datanode-0/data/ratis/5ee138b8-851a-4afb-af1f-e5f469940ef7 does not exist. Creating ...
2019-09-04 22:36:42,366 [IPC Server handler 5 on 38630] INFO  net.NetworkTopology (NetworkTopologyImpl.java:add(110)) - Added a new node: /default-rack/16eb735d-ddfa-43a0-a958-0cc463b6ee1f
2019-09-04 22:36:42,366 [IPC Server handler 5 on 38630] INFO  node.SCMNodeManager (SCMNodeManager.java:register(266)) - Registered Data node : 16eb735d-ddfa-43a0-a958-0cc463b6ee1f{ip: 192.168.5.151, host: pr-hdds-2064-6vxfq-1484162802, networkLocation: /default-rack, certSerialId: null}
2019-09-04 22:36:42,381 [pool-689-thread-1] INFO  storage.RaftStorageDirectory (RaftStorageDirectory.java:tryLock(328)) - Lock on /workdir/hadoop-ozone/integration-test/target/test-dir/MiniOzoneClusterImpl-3e5eae9d-fe1a-4239-a18b-95efd0d45629/datanode-1/data/ratis/5ee138b8-851a-4afb-af1f-e5f469940ef7/in_use.lock acquired by nodename 28777@pr-hdds-2064-6vxfq-1484162802
2019-09-04 22:36:42,381 [pool-679-thread-1] INFO  storage.RaftStorageDirectory (RaftStorageDirectory.java:tryLock(328)) - Lock on /workdir/hadoop-ozone/integration-test/target/test-dir/MiniOzoneClusterImpl-3e5eae9d-fe1a-4239-a18b-95efd0d45629/datanode-0/data/ratis/5ee138b8-851a-4afb-af1f-e5f469940ef7/in_use.lock acquired by nodename 28777@pr-hdds-2064-6vxfq-1484162802
2019-09-04 22:36:42,381 [pool-699-thread-1] INFO  storage.RaftStorageDirectory (RaftStorageDirectory.java:tryLock(328)) - Lock on /workdir/hadoop-ozone/integration-test/target/test-dir/MiniOzoneClusterImpl-3e5eae9d-fe1a-4239-a18b-95efd0d45629/datanode-2/data/ratis/5ee138b8-851a-4afb-af1f-e5f469940ef7/in_use.lock acquired by nodename 28777@pr-hdds-2064-6vxfq-1484162802
2019-09-04 22:36:42,407 [pool-689-thread-1] INFO  storage.RaftStorage (RaftStorage.java:format(72)) - Storage directory /workdir/hadoop-ozone/integration-test/target/test-dir/MiniOzoneClusterImpl-3e5eae9d-fe1a-4239-a18b-95efd0d45629/datanode-1/data/ratis/5ee138b8-851a-4afb-af1f-e5f469940ef7 has been successfully formatted.
2019-09-04 22:36:42,407 [pool-679-thread-1] INFO  storage.RaftStorage (RaftStorage.java:format(72)) - Storage directory /workdir/hadoop-ozone/integration-test/target/test-dir/MiniOzoneClusterImpl-3e5eae9d-fe1a-4239-a18b-95efd0d45629/datanode-0/data/ratis/5ee138b8-851a-4afb-af1f-e5f469940ef7 has been successfully formatted.
2019-09-04 22:36:42,407 [pool-699-thread-1] INFO  storage.RaftStorage (RaftStorage.java:format(72)) - Storage directory /workdir/hadoop-ozone/integration-test/target/test-dir/MiniOzoneClusterImpl-3e5eae9d-fe1a-4239-a18b-95efd0d45629/datanode-2/data/ratis/5ee138b8-851a-4afb-af1f-e5f469940ef7 has been successfully formatted.
2019-09-04 22:36:42,407 [pool-689-thread-1] INFO  ratis.ContainerStateMachine (ContainerStateMachine.java:loadSnapshot(227)) - group-E5F469940EF7: The snapshot info is null. Setting the last applied indexto:(t:0, i:~)
2019-09-04 22:36:42,407 [pool-699-thread-1] INFO  ratis.ContainerStateMachine (ContainerStateMachine.java:loadSnapshot(227)) - group-E5F469940EF7: The snapshot info is null. Setting the last applied indexto:(t:0, i:~)
2019-09-04 22:36:42,407 [pool-689-thread-1] INFO  server.RaftServerConfigKeys (ConfUtils.java:logGet(43)) - raft.server.leader.election.timeout = 120s (custom)
2019-09-04 22:36:42,407 [pool-679-thread-1] INFO  ratis.ContainerStateMachine (ContainerStateMachine.java:loadSnapshot(227)) - group-E5F469940EF7: The snapshot info is null. Setting the last applied indexto:(t:0, i:~)
2019-09-04 22:36:42,407 [pool-689-thread-1] INFO  server.RaftServerConfigKeys (ConfUtils.java:logGet(43)) - raft.server.log.use.memory = false (default)
2019-09-04 22:36:42,407 [pool-699-thread-1] INFO  server.RaftServerConfigKeys (ConfUtils.java:logGet(43)) - raft.server.leader.election.timeout = 120s (custom)
2019-09-04 22:36:42,408 [pool-689-thread-1] INFO  server.RaftServerConfigKeys (ConfUtils.java:logGet(43)) - raft.server.log.purge.gap = 1000000 (custom)
2019-09-04 22:36:42,408 [pool-679-thread-1] INFO  server.RaftServerConfigKeys (ConfUtils.java:logGet(43)) - raft.server.leader.election.timeout = 120s (custom)
2019-09-04 22:36:42,408 [pool-689-thread-1] INFO  server.RaftServerConfigKeys (ConfUtils.java:logGet(43)) - raft.server.log.appender.buffer.byte-limit = 33554432 (custom)
2019-09-04 22:36:42,408 [pool-699-thread-1] INFO  server.RaftServerConfigKeys (ConfUtils.java:logGet(43)) - raft.server.log.use.memory = false (default)
2019-09-04 22:36:42,408 [pool-689-thread-1] INFO  server.RaftServerConfigKeys (ConfUtils.java:logGet(43)) - raft.server.log.segment.size.max = 1048576 (custom)
2019-09-04 22:36:42,408 [pool-679-thread-1] INFO  server.RaftServerConfigKeys (ConfUtils.java:logGet(43)) - raft.server.log.use.memory = false (default)
2019-09-04 22:36:42,408 [pool-689-thread-1] INFO  server.RaftServerConfigKeys (ConfUtils.java:logGet(43)) - raft.server.log.segment.cache.num.max = 2 (custom)
2019-09-04 22:36:42,408 [pool-699-thread-1] INFO  server.RaftServerConfigKeys (ConfUtils.java:logGet(43)) - raft.server.log.purge.gap = 1000000 (custom)
2019-09-04 22:36:42,409 [pool-689-thread-1] INFO  segmented.SegmentedRaftLogWorker (SegmentedRaftLogWorker.java:<init>(172)) - new ee59736f-a24c-469d-882b-c2dc09ed928a-SegmentedRaftLogWorker:Storage Directory /workdir/hadoop-ozone/integration-test/target/test-dir/MiniOzoneClusterImpl-3e5eae9d-fe1a-4239-a18b-95efd0d45629/datanode-1/data/ratis/5ee138b8-851a-4afb-af1f-e5f469940ef7 for RaftStorage:Storage Directory /workdir/hadoop-ozone/integration-test/target/test-dir/MiniOzoneClusterImpl-3e5eae9d-fe1a-4239-a18b-95efd0d45629/datanode-1/data/ratis/5ee138b8-851a-4afb-af1f-e5f469940ef7
2019-09-04 22:36:42,408 [pool-679-thread-1] INFO  server.RaftServerConfigKeys (ConfUtils.java:logGet(43)) - raft.server.log.purge.gap = 1000000 (custom)
2019-09-04 22:36:42,409 [pool-689-thread-1] INFO  server.RaftServerConfigKeys (ConfUtils.java:logGet(43)) - raft.server.log.queue.byte-limit = 2147483647 (custom)
2019-09-04 22:36:42,409 [pool-689-thread-1] INFO  server.RaftServerConfigKeys (ConfUtils.java:logGet(43)) - raft.server.log.queue.element-limit = 1024 (custom)
2019-09-04 22:36:42,409 [pool-699-thread-1] INFO  server.RaftServerConfigKeys (ConfUtils.java:logGet(43)) - raft.server.log.appender.buffer.byte-limit = 33554432 (custom)
2019-09-04 22:36:42,409 [pool-689-thread-1] INFO  server.RaftServerConfigKeys (ConfUtils.java:logGet(43)) - raft.server.log.segment.size.max = 1048576 (custom)
2019-09-04 22:36:42,409 [pool-689-thread-1] INFO  server.RaftServerConfigKeys (ConfUtils.java:logGet(43)) - raft.server.log.preallocated.size = 16384 (custom)
2019-09-04 22:36:42,409 [pool-679-thread-1] INFO  server.RaftServerConfigKeys (ConfUtils.java:logGet(43)) - raft.server.log.appender.buffer.byte-limit = 33554432 (custom)
2019-09-04 22:36:42,409 [pool-689-thread-1] INFO  server.RaftServerConfigKeys (ConfUtils.java:logGet(43)) - raft.server.log.write.buffer.size = 33554432 (custom)
2019-09-04 22:36:42,409 [pool-699-thread-1] INFO  server.RaftServerConfigKeys (ConfUtils.java:logGet(43)) - raft.server.log.segment.size.max = 1048576 (custom)
2019-09-04 22:36:42,410 [pool-689-thread-1] INFO  server.RaftServerConfigKeys (ConfUtils.java:logGet(43)) - raft.server.log.force.sync.num = 128 (default)
2019-09-04 22:36:42,410 [pool-679-thread-1] INFO  server.RaftServerConfigKeys (ConfUtils.java:logGet(43)) - raft.server.log.segment.size.max = 1048576 (custom)
2019-09-04 22:36:42,410 [pool-689-thread-1] INFO  server.RaftServerConfigKeys (ConfUtils.java:logGet(43)) - raft.server.log.statemachine.data.sync = true (default)
2019-09-04 22:36:42,410 [pool-699-thread-1] INFO  server.RaftServerConfigKeys (ConfUtils.java:logGet(43)) - raft.server.log.segment.cache.num.max = 2 (custom)
2019-09-04 22:36:42,410 [pool-689-thread-1] INFO  server.RaftServerConfigKeys (ConfUtils.java:logGet(43)) - raft.server.log.statemachine.data.sync.timeout = 10s (default)
2019-09-04 22:36:42,410 [pool-679-thread-1] INFO  server.RaftServerConfigKeys (ConfUtils.java:logGet(43)) - raft.server.log.segment.cache.num.max = 2 (custom)
2019-09-04 22:36:42,410 [pool-689-thread-1] INFO  server.RaftServerConfigKeys (ConfUtils.java:logGet(43)) - raft.server.log.statemachine.data.sync.timeout.retry = -1 (default)
2019-09-04 22:36:42,410 [pool-699-thread-1] INFO  segmented.SegmentedRaftLogWorker (SegmentedRaftLogWorker.java:<init>(172)) - new 4eb339a3-18e9-42fa-b835-83c170646335-SegmentedRaftLogWorker:Storage Directory /workdir/hadoop-ozone/integration-test/target/test-dir/MiniOzoneClusterImpl-3e5eae9d-fe1a-4239-a18b-95efd0d45629/datanode-2/data/ratis/5ee138b8-851a-4afb-af1f-e5f469940ef7 for RaftStorage:Storage Directory /workdir/hadoop-ozone/integration-test/target/test-dir/MiniOzoneClusterImpl-3e5eae9d-fe1a-4239-a18b-95efd0d45629/datanode-2/data/ratis/5ee138b8-851a-4afb-af1f-e5f469940ef7
2019-09-04 22:36:42,411 [pool-689-thread-1] INFO  server.RaftServerConfigKeys (ConfUtils.java:logGet(43)) - raft.server.log.statemachine.data.caching.enabled = true (custom)
2019-09-04 22:36:42,410 [pool-679-thread-1] INFO  segmented.SegmentedRaftLogWorker (SegmentedRaftLogWorker.java:<init>(172)) - new e81b47d7-612c-4c3e-9b79-e98468129918-SegmentedRaftLogWorker:Storage Directory /workdir/hadoop-ozone/integration-test/target/test-dir/MiniOzoneClusterImpl-3e5eae9d-fe1a-4239-a18b-95efd0d45629/datanode-0/data/ratis/5ee138b8-851a-4afb-af1f-e5f469940ef7 for RaftStorage:Storage Directory /workdir/hadoop-ozone/integration-test/target/test-dir/MiniOzoneClusterImpl-3e5eae9d-fe1a-4239-a18b-95efd0d45629/datanode-0/data/ratis/5ee138b8-851a-4afb-af1f-e5f469940ef7
2019-09-04 22:36:42,411 [pool-689-thread-1] INFO  segmented.SegmentedRaftLogWorker (SegmentedRaftLogWorker.java:lambda$new$0(132)) - ee59736f-a24c-469d-882b-c2dc09ed928a-SegmentedRaftLogWorker:Storage Directory /workdir/hadoop-ozone/integration-test/target/test-dir/MiniOzoneClusterImpl-3e5eae9d-fe1a-4239-a18b-95efd0d45629/datanode-1/data/ratis/5ee138b8-851a-4afb-af1f-e5f469940ef7: flushIndex: setUnconditionally 0 -> -1
2019-09-04 22:36:42,411 [pool-699-thread-1] INFO  server.RaftServerConfigKeys (ConfUtils.java:logGet(43)) - raft.server.log.queue.byte-limit = 2147483647 (custom)
2019-09-04 22:36:42,411 [pool-679-thread-1] INFO  server.RaftServerConfigKeys (ConfUtils.java:logGet(43)) - raft.server.log.queue.byte-limit = 2147483647 (custom)
2019-09-04 22:36:42,411 [pool-689-thread-1] INFO  server.RaftServerConfigKeys (ConfUtils.java:logGet(43)) - raft.server.snapshot.auto.trigger.enabled = true (custom)
2019-09-04 22:36:42,411 [pool-699-thread-1] INFO  server.RaftServerConfigKeys (ConfUtils.java:logGet(43)) - raft.server.log.queue.element-limit = 1024 (custom)
2019-09-04 22:36:42,411 [pool-689-thread-1] INFO  server.RaftServerConfigKeys (ConfUtils.java:logGet(43)) - raft.server.snapshot.auto.trigger.threshold = 10000 (custom)
2019-09-04 22:36:42,411 [pool-679-thread-1] INFO  server.RaftServerConfigKeys (ConfUtils.java:logGet(43)) - raft.server.log.queue.element-limit = 1024 (custom)
2019-09-04 22:36:42,411 [pool-689-thread-1] INFO  server.RaftServerConfigKeys (ConfUtils.java:logGet(43)) - raft.server.retrycache.expirytime = 600000ms (custom)
2019-09-04 22:36:42,411 [pool-699-thread-1] INFO  server.RaftServerConfigKeys (ConfUtils.java:logGet(43)) - raft.server.log.segment.size.max = 1048576 (custom)
2019-09-04 22:36:42,412 [pool-689-thread-1] INFO  impl.RaftServerImpl (RaftServerImpl.java:start(180)) - ee59736f-a24c-469d-882b-c2dc09ed928a: start group-E5F469940EF7
2019-09-04 22:36:42,412 [pool-679-thread-1] INFO  server.RaftServerConfigKeys (ConfUtils.java:logGet(43)) - raft.server.log.segment.size.max = 1048576 (custom)
2019-09-04 22:36:42,412 [pool-689-thread-1] INFO  impl.RaftServerImpl (RaftServerImpl.java:setRole(171)) - ee59736f-a24c-469d-882b-c2dc09ed928a:group-E5F469940EF7 changes role from null to FOLLOWER at term 0 for startAsFollower
2019-09-04 22:36:42,412 [pool-699-thread-1] INFO  server.RaftServerConfigKeys (ConfUtils.java:logGet(43)) - raft.server.log.preallocated.size = 16384 (custom)
2019-09-04 22:36:42,412 [pool-689-thread-1] INFO  impl.RoleInfo (RoleInfo.java:updateAndGet(143)) - ee59736f-a24c-469d-882b-c2dc09ed928a: start FollowerState
2019-09-04 22:36:42,412 [pool-679-thread-1] INFO  server.RaftServerConfigKeys (ConfUtils.java:logGet(43)) - raft.server.log.preallocated.size = 16384 (custom)
2019-09-04 22:36:42,412 [pool-699-thread-1] INFO  server.RaftServerConfigKeys (ConfUtils.java:logGet(43)) - raft.server.log.write.buffer.size = 33554432 (custom)
2019-09-04 22:36:42,413 [pool-689-thread-1] INFO  util.JmxRegister (JmxRegister.java:tryRegister(44)) - Successfully registered JMX Bean with object name Ratis:service=RaftServer,group=group-E5F469940EF7,id=ee59736f-a24c-469d-882b-c2dc09ed928a
2019-09-04 22:36:42,413 [pool-679-thread-1] INFO  server.RaftServerConfigKeys (ConfUtils.java:logGet(43)) - raft.server.log.write.buffer.size = 33554432 (custom)
2019-09-04 22:36:42,413 [pool-699-thread-1] INFO  server.RaftServerConfigKeys (ConfUtils.java:logGet(43)) - raft.server.log.force.sync.num = 128 (default)
2019-09-04 22:36:42,413 [pool-679-thread-1] INFO  server.RaftServerConfigKeys (ConfUtils.java:logGet(43)) - raft.server.log.force.sync.num = 128 (default)
2019-09-04 22:36:42,413 [pool-699-thread-1] INFO  server.RaftServerConfigKeys (ConfUtils.java:logGet(43)) - raft.server.log.statemachine.data.sync = true (default)
2019-09-04 22:36:42,413 [pool-679-thread-1] INFO  server.RaftServerConfigKeys (ConfUtils.java:logGet(43)) - raft.server.log.statemachine.data.sync = true (default)
2019-09-04 22:36:42,413 [pool-699-thread-1] INFO  server.RaftServerConfigKeys (ConfUtils.java:logGet(43)) - raft.server.log.statemachine.data.sync.timeout = 10s (default)
2019-09-04 22:36:42,414 [pool-679-thread-1] INFO  server.RaftServerConfigKeys (ConfUtils.java:logGet(43)) - raft.server.log.statemachine.data.sync.timeout = 10s (default)
2019-09-04 22:36:42,414 [pool-699-thread-1] INFO  server.RaftServerConfigKeys (ConfUtils.java:logGet(43)) - raft.server.log.statemachine.data.sync.timeout.retry = -1 (default)
2019-09-04 22:36:42,414 [pool-679-thread-1] INFO  server.RaftServerConfigKeys (ConfUtils.java:logGet(43)) - raft.server.log.statemachine.data.sync.timeout.retry = -1 (default)
2019-09-04 22:36:42,414 [pool-699-thread-1] INFO  server.RaftServerConfigKeys (ConfUtils.java:logGet(43)) - raft.server.log.statemachine.data.caching.enabled = true (custom)
2019-09-04 22:36:42,414 [pool-679-thread-1] INFO  server.RaftServerConfigKeys (ConfUtils.java:logGet(43)) - raft.server.log.statemachine.data.caching.enabled = true (custom)
2019-09-04 22:36:42,414 [pool-699-thread-1] INFO  segmented.SegmentedRaftLogWorker (SegmentedRaftLogWorker.java:lambda$new$0(132)) - 4eb339a3-18e9-42fa-b835-83c170646335-SegmentedRaftLogWorker:Storage Directory /workdir/hadoop-ozone/integration-test/target/test-dir/MiniOzoneClusterImpl-3e5eae9d-fe1a-4239-a18b-95efd0d45629/datanode-2/data/ratis/5ee138b8-851a-4afb-af1f-e5f469940ef7: flushIndex: setUnconditionally 0 -> -1
2019-09-04 22:36:42,432 [pool-679-thread-1] INFO  segmented.SegmentedRaftLogWorker (SegmentedRaftLogWorker.java:lambda$new$0(132)) - e81b47d7-612c-4c3e-9b79-e98468129918-SegmentedRaftLogWorker:Storage Directory /workdir/hadoop-ozone/integration-test/target/test-dir/MiniOzoneClusterImpl-3e5eae9d-fe1a-4239-a18b-95efd0d45629/datanode-0/data/ratis/5ee138b8-851a-4afb-af1f-e5f469940ef7: flushIndex: setUnconditionally 0 -> -1
2019-09-04 22:36:42,432 [pool-699-thread-1] INFO  server.RaftServerConfigKeys (ConfUtils.java:logGet(43)) - raft.server.snapshot.auto.trigger.enabled = true (custom)
2019-09-04 22:36:42,432 [pool-679-thread-1] INFO  server.RaftServerConfigKeys (ConfUtils.java:logGet(43)) - raft.server.snapshot.auto.trigger.enabled = true (custom)
2019-09-04 22:36:42,432 [pool-699-thread-1] INFO  server.RaftServerConfigKeys (ConfUtils.java:logGet(43)) - raft.server.snapshot.auto.trigger.threshold = 10000 (custom)
2019-09-04 22:36:42,432 [pool-679-thread-1] INFO  server.RaftServerConfigKeys (ConfUtils.java:logGet(43)) - raft.server.snapshot.auto.trigger.threshold = 10000 (custom)
2019-09-04 22:36:42,433 [pool-699-thread-1] INFO  server.RaftServerConfigKeys (ConfUtils.java:logGet(43)) - raft.server.retrycache.expirytime = 600000ms (custom)
2019-09-04 22:36:42,433 [IPC Server handler 6 on 38630] INFO  net.NetworkTopology (NetworkTopologyImpl.java:add(110)) - Added a new node: /default-rack/03c6856f-026f-444e-97d4-e408589c0526
2019-09-04 22:36:42,433 [pool-699-thread-1] INFO  impl.RaftServerImpl (RaftServerImpl.java:start(180)) - 4eb339a3-18e9-42fa-b835-83c170646335: start group-E5F469940EF7
2019-09-04 22:36:42,433 [pool-679-thread-1] INFO  server.RaftServerConfigKeys (ConfUtils.java:logGet(43)) - raft.server.retrycache.expirytime = 600000ms (custom)
2019-09-04 22:36:42,433 [pool-699-thread-1] INFO  impl.RaftServerImpl (RaftServerImpl.java:setRole(171)) - 4eb339a3-18e9-42fa-b835-83c170646335:group-E5F469940EF7 changes role from null to FOLLOWER at term 0 for startAsFollower
2019-09-04 22:36:42,433 [IPC Server handler 6 on 38630] INFO  node.SCMNodeManager (SCMNodeManager.java:register(266)) - Registered Data node : 03c6856f-026f-444e-97d4-e408589c0526{ip: 192.168.5.151, host: pr-hdds-2064-6vxfq-1484162802, networkLocation: /default-rack, certSerialId: null}
2019-09-04 22:36:42,433 [pool-699-thread-1] INFO  impl.RoleInfo (RoleInfo.java:updateAndGet(143)) - 4eb339a3-18e9-42fa-b835-83c170646335: start FollowerState
2019-09-04 22:36:42,433 [pool-679-thread-1] INFO  impl.RaftServerImpl (RaftServerImpl.java:start(180)) - e81b47d7-612c-4c3e-9b79-e98468129918: start group-E5F469940EF7
2019-09-04 22:36:42,434 [pool-679-thread-1] INFO  impl.RaftServerImpl (RaftServerImpl.java:setRole(171)) - e81b47d7-612c-4c3e-9b79-e98468129918:group-E5F469940EF7 changes role from null to FOLLOWER at term 0 for startAsFollower
2019-09-04 22:36:42,434 [pool-679-thread-1] INFO  impl.RoleInfo (RoleInfo.java:updateAndGet(143)) - e81b47d7-612c-4c3e-9b79-e98468129918: start FollowerState
2019-09-04 22:36:42,434 [pool-699-thread-1] INFO  util.JmxRegister (JmxRegister.java:tryRegister(44)) - Successfully registered JMX Bean with object name Ratis:service=RaftServer,group=group-E5F469940EF7,id=4eb339a3-18e9-42fa-b835-83c170646335
2019-09-04 22:36:42,434 [pool-679-thread-1] INFO  util.JmxRegister (JmxRegister.java:tryRegister(44)) - Successfully registered JMX Bean with object name Ratis:service=RaftServer,group=group-E5F469940EF7,id=e81b47d7-612c-4c3e-9b79-e98468129918
2019-09-04 22:36:42,436 [RatisPipelineUtilsThread] INFO  pipeline.PipelineStateManager (PipelineStateManager.java:addPipeline(56)) - Created pipeline Pipeline[ Id: 5ee138b8-851a-4afb-af1f-e5f469940ef7, Nodes: 4eb339a3-18e9-42fa-b835-83c170646335{ip: 192.168.5.151, host: pr-hdds-2064-6vxfq-1484162802, networkLocation: /default-rack, certSerialId: null}ee59736f-a24c-469d-882b-c2dc09ed928a{ip: 192.168.5.151, host: pr-hdds-2064-6vxfq-1484162802, networkLocation: /default-rack, certSerialId: null}e81b47d7-612c-4c3e-9b79-e98468129918{ip: 192.168.5.151, host: pr-hdds-2064-6vxfq-1484162802, networkLocation: /default-rack, certSerialId: null}, Type:RATIS, Factor:THREE, State:OPEN]
2019-09-04 22:36:42,497 [IPC Server handler 0 on 38630] INFO  net.NetworkTopology (NetworkTopologyImpl.java:add(110)) - Added a new node: /default-rack/dfe38629-739e-4f1a-92c4-47deec922a7c
2019-09-04 22:36:42,497 [IPC Server handler 0 on 38630] INFO  node.SCMNodeManager (SCMNodeManager.java:register(266)) - Registered Data node : dfe38629-739e-4f1a-92c4-47deec922a7c{ip: 192.168.5.151, host: pr-hdds-2064-6vxfq-1484162802, networkLocation: /default-rack, certSerialId: null}
2019-09-04 22:36:42,504 [grpc-default-executor-8] INFO  impl.RaftServerProxy (RaftServerProxy.java:addNew(89)) - 16eb735d-ddfa-43a0-a958-0cc463b6ee1f: addNew group-B4201672704A:[16eb735d-ddfa-43a0-a958-0cc463b6ee1f:192.168.5.151:42873] returns group-B4201672704A:java.util.concurrent.CompletableFuture@48ff20ee[Not completed]
2019-09-04 22:36:42,504 [pool-709-thread-1] INFO  impl.RaftServerImpl (RaftServerImpl.java:<init>(93)) - 16eb735d-ddfa-43a0-a958-0cc463b6ee1f: new RaftServerImpl for group-B4201672704A:[16eb735d-ddfa-43a0-a958-0cc463b6ee1f:192.168.5.151:42873] with ContainerStateMachine:uninitialized
2019-09-04 22:36:42,505 [pool-709-thread-1] INFO  server.RaftServerConfigKeys (ConfUtils.java:logGet(43)) - raft.server.rpc.timeout.min = 5s (custom)
2019-09-04 22:36:42,505 [pool-709-thread-1] INFO  server.RaftServerConfigKeys (ConfUtils.java:logGet(43)) - raft.server.rpc.timeout.max = 5200ms (custom)
2019-09-04 22:36:42,505 [pool-709-thread-1] INFO  server.RaftServerConfigKeys (ConfUtils.java:logGet(43)) - raft.server.rpcslowness.timeout = 120s (custom)
2019-09-04 22:36:42,505 [pool-709-thread-1] INFO  server.RaftServerConfigKeys (ConfUtils.java:logGet(43)) - raft.server.sleep.deviation.threshold = 300 (default)
2019-09-04 22:36:42,505 [pool-709-thread-1] INFO  server.RaftServerConfigKeys (ConfUtils.java:logGet(43)) - raft.server.log.appender.install.snapshot.enabled = false (custom)
2019-09-04 22:36:42,505 [pool-709-thread-1] INFO  impl.RaftServerImpl (ServerState.java:<init>(105)) - 16eb735d-ddfa-43a0-a958-0cc463b6ee1f:group-B4201672704A ConfigurationManager, init=-1: [16eb735d-ddfa-43a0-a958-0cc463b6ee1f:192.168.5.151:42873], old=null, confs=<EMPTY_MAP>
2019-09-04 22:36:42,505 [pool-709-thread-1] INFO  server.RaftServerConfigKeys (ConfUtils.java:logGet(43)) - raft.server.storage.dir = [/workdir/hadoop-ozone/integration-test/target/test-dir/MiniOzoneClusterImpl-3e5eae9d-fe1a-4239-a18b-95efd0d45629/datanode-3/data/ratis] (custom)
2019-09-04 22:36:42,505 [pool-709-thread-1] INFO  storage.RaftStorageDirectory (RaftStorageDirectory.java:analyzeStorage(246)) - The storage directory /workdir/hadoop-ozone/integration-test/target/test-dir/MiniOzoneClusterImpl-3e5eae9d-fe1a-4239-a18b-95efd0d45629/datanode-3/data/ratis/fc41af3c-ecc4-4546-8a7f-b4201672704a does not exist. Creating ...
2019-09-04 22:36:42,531 [pool-709-thread-1] INFO  storage.RaftStorageDirectory (RaftStorageDirectory.java:tryLock(328)) - Lock on /workdir/hadoop-ozone/integration-test/target/test-dir/MiniOzoneClusterImpl-3e5eae9d-fe1a-4239-a18b-95efd0d45629/datanode-3/data/ratis/fc41af3c-ecc4-4546-8a7f-b4201672704a/in_use.lock acquired by nodename 28777@pr-hdds-2064-6vxfq-1484162802
2019-09-04 22:36:42,544 [pool-709-thread-1] INFO  storage.RaftStorage (RaftStorage.java:format(72)) - Storage directory /workdir/hadoop-ozone/integration-test/target/test-dir/MiniOzoneClusterImpl-3e5eae9d-fe1a-4239-a18b-95efd0d45629/datanode-3/data/ratis/fc41af3c-ecc4-4546-8a7f-b4201672704a has been successfully formatted.
2019-09-04 22:36:42,545 [pool-709-thread-1] INFO  ratis.ContainerStateMachine (ContainerStateMachine.java:loadSnapshot(227)) - group-B4201672704A: The snapshot info is null. Setting the last applied indexto:(t:0, i:~)
2019-09-04 22:36:42,545 [pool-709-thread-1] INFO  server.RaftServerConfigKeys (ConfUtils.java:logGet(43)) - raft.server.leader.election.timeout = 120s (custom)
2019-09-04 22:36:42,545 [pool-709-thread-1] INFO  server.RaftServerConfigKeys (ConfUtils.java:logGet(43)) - raft.server.log.use.memory = false (default)
2019-09-04 22:36:42,545 [pool-709-thread-1] INFO  server.RaftServerConfigKeys (ConfUtils.java:logGet(43)) - raft.server.log.purge.gap = 1000000 (custom)
2019-09-04 22:36:42,545 [pool-709-thread-1] INFO  server.RaftServerConfigKeys (ConfUtils.java:logGet(43)) - raft.server.log.appender.buffer.byte-limit = 33554432 (custom)
2019-09-04 22:36:42,545 [pool-709-thread-1] INFO  server.RaftServerConfigKeys (ConfUtils.java:logGet(43)) - raft.server.log.segment.size.max = 1048576 (custom)
2019-09-04 22:36:42,546 [pool-709-thread-1] INFO  server.RaftServerConfigKeys (ConfUtils.java:logGet(43)) - raft.server.log.segment.cache.num.max = 2 (custom)
2019-09-04 22:36:42,546 [pool-709-thread-1] INFO  segmented.SegmentedRaftLogWorker (SegmentedRaftLogWorker.java:<init>(172)) - new 16eb735d-ddfa-43a0-a958-0cc463b6ee1f-SegmentedRaftLogWorker:Storage Directory /workdir/hadoop-ozone/integration-test/target/test-dir/MiniOzoneClusterImpl-3e5eae9d-fe1a-4239-a18b-95efd0d45629/datanode-3/data/ratis/fc41af3c-ecc4-4546-8a7f-b4201672704a for RaftStorage:Storage Directory /workdir/hadoop-ozone/integration-test/target/test-dir/MiniOzoneClusterImpl-3e5eae9d-fe1a-4239-a18b-95efd0d45629/datanode-3/data/ratis/fc41af3c-ecc4-4546-8a7f-b4201672704a
2019-09-04 22:36:42,546 [pool-709-thread-1] INFO  server.RaftServerConfigKeys (ConfUtils.java:logGet(43)) - raft.server.log.queue.byte-limit = 2147483647 (custom)
2019-09-04 22:36:42,546 [pool-709-thread-1] INFO  server.RaftServerConfigKeys (ConfUtils.java:logGet(43)) - raft.server.log.queue.element-limit = 1024 (custom)
2019-09-04 22:36:42,546 [pool-709-thread-1] INFO  server.RaftServerConfigKeys (ConfUtils.java:logGet(43)) - raft.server.log.segment.size.max = 1048576 (custom)
2019-09-04 22:36:42,546 [pool-709-thread-1] INFO  server.RaftServerConfigKeys (ConfUtils.java:logGet(43)) - raft.server.log.preallocated.size = 16384 (custom)
2019-09-04 22:36:42,547 [pool-709-thread-1] INFO  server.RaftServerConfigKeys (ConfUtils.java:logGet(43)) - raft.server.log.write.buffer.size = 33554432 (custom)
2019-09-04 22:36:42,547 [pool-709-thread-1] INFO  server.RaftServerConfigKeys (ConfUtils.java:logGet(43)) - raft.server.log.force.sync.num = 128 (default)
2019-09-04 22:36:42,547 [pool-709-thread-1] INFO  server.RaftServerConfigKeys (ConfUtils.java:logGet(43)) - raft.server.log.statemachine.data.sync = true (default)
2019-09-04 22:36:42,547 [pool-709-thread-1] INFO  server.RaftServerConfigKeys (ConfUtils.java:logGet(43)) - raft.server.log.statemachine.data.sync.timeout = 10s (default)
2019-09-04 22:36:42,547 [pool-709-thread-1] INFO  server.RaftServerConfigKeys (ConfUtils.java:logGet(43)) - raft.server.log.statemachine.data.sync.timeout.retry = -1 (default)
2019-09-04 22:36:42,547 [pool-709-thread-1] INFO  server.RaftServerConfigKeys (ConfUtils.java:logGet(43)) - raft.server.log.statemachine.data.caching.enabled = true (custom)
2019-09-04 22:36:42,548 [pool-709-thread-1] INFO  segmented.SegmentedRaftLogWorker (SegmentedRaftLogWorker.java:lambda$new$0(132)) - 16eb735d-ddfa-43a0-a958-0cc463b6ee1f-SegmentedRaftLogWorker:Storage Directory /workdir/hadoop-ozone/integration-test/target/test-dir/MiniOzoneClusterImpl-3e5eae9d-fe1a-4239-a18b-95efd0d45629/datanode-3/data/ratis/fc41af3c-ecc4-4546-8a7f-b4201672704a: flushIndex: setUnconditionally 0 -> -1
2019-09-04 22:36:42,548 [pool-709-thread-1] INFO  server.RaftServerConfigKeys (ConfUtils.java:logGet(43)) - raft.server.snapshot.auto.trigger.enabled = true (custom)
2019-09-04 22:36:42,548 [pool-709-thread-1] INFO  server.RaftServerConfigKeys (ConfUtils.java:logGet(43)) - raft.server.snapshot.auto.trigger.threshold = 10000 (custom)
2019-09-04 22:36:42,548 [pool-709-thread-1] INFO  server.RaftServerConfigKeys (ConfUtils.java:logGet(43)) - raft.server.retrycache.expirytime = 600000ms (custom)
2019-09-04 22:36:42,548 [pool-709-thread-1] INFO  impl.RaftServerImpl (RaftServerImpl.java:start(180)) - 16eb735d-ddfa-43a0-a958-0cc463b6ee1f: start group-B4201672704A
2019-09-04 22:36:42,549 [pool-709-thread-1] INFO  impl.RaftServerImpl (RaftServerImpl.java:setRole(171)) - 16eb735d-ddfa-43a0-a958-0cc463b6ee1f:group-B4201672704A changes role from null to FOLLOWER at term 0 for startAsFollower
2019-09-04 22:36:42,549 [pool-709-thread-1] INFO  impl.RoleInfo (RoleInfo.java:updateAndGet(143)) - 16eb735d-ddfa-43a0-a958-0cc463b6ee1f: start FollowerState
2019-09-04 22:36:42,549 [pool-709-thread-1] INFO  util.JmxRegister (JmxRegister.java:tryRegister(44)) - Successfully registered JMX Bean with object name Ratis:service=RaftServer,group=group-B4201672704A,id=16eb735d-ddfa-43a0-a958-0cc463b6ee1f
2019-09-04 22:36:42,551 [RatisPipelineUtilsThread] INFO  pipeline.PipelineStateManager (PipelineStateManager.java:addPipeline(56)) - Created pipeline Pipeline[ Id: fc41af3c-ecc4-4546-8a7f-b4201672704a, Nodes: 16eb735d-ddfa-43a0-a958-0cc463b6ee1f{ip: 192.168.5.151, host: pr-hdds-2064-6vxfq-1484162802, networkLocation: /default-rack, certSerialId: null}, Type:RATIS, Factor:ONE, State:OPEN]
2019-09-04 22:36:42,557 [grpc-default-executor-8] INFO  impl.RaftServerProxy (RaftServerProxy.java:addNew(89)) - dfe38629-739e-4f1a-92c4-47deec922a7c: addNew group-0A7D19A89248:[dfe38629-739e-4f1a-92c4-47deec922a7c:192.168.5.151:44807] returns group-0A7D19A89248:java.util.concurrent.CompletableFuture@179b7c4[Not completed]
2019-09-04 22:36:42,558 [main] INFO  ozone.MiniOzoneClusterImpl (MiniOzoneClusterImpl.java:lambda$waitForClusterToBeReady$0(140)) - Waiting for cluster to be ready. Got 6 of 7 DN Heartbeats.
2019-09-04 22:36:42,558 [IPC Server handler 2 on 38630] INFO  net.NetworkTopology (NetworkTopologyImpl.java:add(110)) - Added a new node: /default-rack/27858f83-b177-46a0-be6d-5cc756b04b47
2019-09-04 22:36:42,558 [IPC Server handler 2 on 38630] INFO  node.SCMNodeManager (SCMNodeManager.java:register(266)) - Registered Data node : 27858f83-b177-46a0-be6d-5cc756b04b47{ip: 192.168.5.151, host: pr-hdds-2064-6vxfq-1484162802, networkLocation: /default-rack, certSerialId: null}
2019-09-04 22:36:42,558 [pool-729-thread-1] INFO  impl.RaftServerImpl (RaftServerImpl.java:<init>(93)) - dfe38629-739e-4f1a-92c4-47deec922a7c: new RaftServerImpl for group-0A7D19A89248:[dfe38629-739e-4f1a-92c4-47deec922a7c:192.168.5.151:44807] with ContainerStateMachine:uninitialized
2019-09-04 22:36:42,558 [pool-729-thread-1] INFO  server.RaftServerConfigKeys (ConfUtils.java:logGet(43)) - raft.server.rpc.timeout.min = 5s (custom)
2019-09-04 22:36:42,559 [pool-729-thread-1] INFO  server.RaftServerConfigKeys (ConfUtils.java:logGet(43)) - raft.server.rpc.timeout.max = 5200ms (custom)
2019-09-04 22:36:42,559 [pool-729-thread-1] INFO  server.RaftServerConfigKeys (ConfUtils.java:logGet(43)) - raft.server.rpcslowness.timeout = 120s (custom)
2019-09-04 22:36:42,559 [pool-729-thread-1] INFO  server.RaftServerConfigKeys (ConfUtils.java:logGet(43)) - raft.server.sleep.deviation.threshold = 300 (default)
2019-09-04 22:36:42,559 [pool-729-thread-1] INFO  server.RaftServerConfigKeys (ConfUtils.java:logGet(43)) - raft.server.log.appender.install.snapshot.enabled = false (custom)
2019-09-04 22:36:42,559 [pool-729-thread-1] INFO  impl.RaftServerImpl (ServerState.java:<init>(105)) - dfe38629-739e-4f1a-92c4-47deec922a7c:group-0A7D19A89248 ConfigurationManager, init=-1: [dfe38629-739e-4f1a-92c4-47deec922a7c:192.168.5.151:44807], old=null, confs=<EMPTY_MAP>
2019-09-04 22:36:42,559 [pool-729-thread-1] INFO  server.RaftServerConfigKeys (ConfUtils.java:logGet(43)) - raft.server.storage.dir = [/workdir/hadoop-ozone/integration-test/target/test-dir/MiniOzoneClusterImpl-3e5eae9d-fe1a-4239-a18b-95efd0d45629/datanode-5/data/ratis] (custom)
2019-09-04 22:36:42,560 [pool-729-thread-1] INFO  storage.RaftStorageDirectory (RaftStorageDirectory.java:analyzeStorage(246)) - The storage directory /workdir/hadoop-ozone/integration-test/target/test-dir/MiniOzoneClusterImpl-3e5eae9d-fe1a-4239-a18b-95efd0d45629/datanode-5/data/ratis/e60f51d5-982a-4203-8022-0a7d19a89248 does not exist. Creating ...
2019-09-04 22:36:42,572 [pool-729-thread-1] INFO  storage.RaftStorageDirectory (RaftStorageDirectory.java:tryLock(328)) - Lock on /workdir/hadoop-ozone/integration-test/target/test-dir/MiniOzoneClusterImpl-3e5eae9d-fe1a-4239-a18b-95efd0d45629/datanode-5/data/ratis/e60f51d5-982a-4203-8022-0a7d19a89248/in_use.lock acquired by nodename 28777@pr-hdds-2064-6vxfq-1484162802
2019-09-04 22:36:42,585 [pool-729-thread-1] INFO  storage.RaftStorage (RaftStorage.java:format(72)) - Storage directory /workdir/hadoop-ozone/integration-test/target/test-dir/MiniOzoneClusterImpl-3e5eae9d-fe1a-4239-a18b-95efd0d45629/datanode-5/data/ratis/e60f51d5-982a-4203-8022-0a7d19a89248 has been successfully formatted.
2019-09-04 22:36:42,586 [pool-729-thread-1] INFO  ratis.ContainerStateMachine (ContainerStateMachine.java:loadSnapshot(227)) - group-0A7D19A89248: The snapshot info is null. Setting the last applied indexto:(t:0, i:~)
2019-09-04 22:36:42,586 [pool-729-thread-1] INFO  server.RaftServerConfigKeys (ConfUtils.java:logGet(43)) - raft.server.leader.election.timeout = 120s (custom)
2019-09-04 22:36:42,586 [pool-729-thread-1] INFO  server.RaftServerConfigKeys (ConfUtils.java:logGet(43)) - raft.server.log.use.memory = false (default)
2019-09-04 22:36:42,586 [pool-729-thread-1] INFO  server.RaftServerConfigKeys (ConfUtils.java:logGet(43)) - raft.server.log.purge.gap = 1000000 (custom)
2019-09-04 22:36:42,586 [pool-729-thread-1] INFO  server.RaftServerConfigKeys (ConfUtils.java:logGet(43)) - raft.server.log.appender.buffer.byte-limit = 33554432 (custom)
2019-09-04 22:36:42,586 [pool-729-thread-1] INFO  server.RaftServerConfigKeys (ConfUtils.java:logGet(43)) - raft.server.log.segment.size.max = 1048576 (custom)
2019-09-04 22:36:42,587 [pool-729-thread-1] INFO  server.RaftServerConfigKeys (ConfUtils.java:logGet(43)) - raft.server.log.segment.cache.num.max = 2 (custom)
2019-09-04 22:36:42,587 [pool-729-thread-1] INFO  segmented.SegmentedRaftLogWorker (SegmentedRaftLogWorker.java:<init>(172)) - new dfe38629-739e-4f1a-92c4-47deec922a7c-SegmentedRaftLogWorker:Storage Directory /workdir/hadoop-ozone/integration-test/target/test-dir/MiniOzoneClusterImpl-3e5eae9d-fe1a-4239-a18b-95efd0d45629/datanode-5/data/ratis/e60f51d5-982a-4203-8022-0a7d19a89248 for RaftStorage:Storage Directory /workdir/hadoop-ozone/integration-test/target/test-dir/MiniOzoneClusterImpl-3e5eae9d-fe1a-4239-a18b-95efd0d45629/datanode-5/data/ratis/e60f51d5-982a-4203-8022-0a7d19a89248
2019-09-04 22:36:42,587 [pool-729-thread-1] INFO  server.RaftServerConfigKeys (ConfUtils.java:logGet(43)) - raft.server.log.queue.byte-limit = 2147483647 (custom)
2019-09-04 22:36:42,587 [pool-729-thread-1] INFO  server.RaftServerConfigKeys (ConfUtils.java:logGet(43)) - raft.server.log.queue.element-limit = 1024 (custom)
2019-09-04 22:36:42,587 [pool-729-thread-1] INFO  server.RaftServerConfigKeys (ConfUtils.java:logGet(43)) - raft.server.log.segment.size.max = 1048576 (custom)
2019-09-04 22:36:42,587 [pool-729-thread-1] INFO  server.RaftServerConfigKeys (ConfUtils.java:logGet(43)) - raft.server.log.preallocated.size = 16384 (custom)
2019-09-04 22:36:42,588 [pool-729-thread-1] INFO  server.RaftServerConfigKeys (ConfUtils.java:logGet(43)) - raft.server.log.write.buffer.size = 33554432 (custom)
2019-09-04 22:36:42,588 [pool-729-thread-1] INFO  server.RaftServerConfigKeys (ConfUtils.java:logGet(43)) - raft.server.log.force.sync.num = 128 (default)
2019-09-04 22:36:42,588 [pool-729-thread-1] INFO  server.RaftServerConfigKeys (ConfUtils.java:logGet(43)) - raft.server.log.statemachine.data.sync = true (default)
2019-09-04 22:36:42,588 [pool-729-thread-1] INFO  server.RaftServerConfigKeys (ConfUtils.java:logGet(43)) - raft.server.log.statemachine.data.sync.timeout = 10s (default)
2019-09-04 22:36:42,588 [pool-729-thread-1] INFO  server.RaftServerConfigKeys (ConfUtils.java:logGet(43)) - raft.server.log.statemachine.data.sync.timeout.retry = -1 (default)
2019-09-04 22:36:42,588 [pool-729-thread-1] INFO  server.RaftServerConfigKeys (ConfUtils.java:logGet(43)) - raft.server.log.statemachine.data.caching.enabled = true (custom)
2019-09-04 22:36:42,589 [pool-729-thread-1] INFO  segmented.SegmentedRaftLogWorker (SegmentedRaftLogWorker.java:lambda$new$0(132)) - dfe38629-739e-4f1a-92c4-47deec922a7c-SegmentedRaftLogWorker:Storage Directory /workdir/hadoop-ozone/integration-test/target/test-dir/MiniOzoneClusterImpl-3e5eae9d-fe1a-4239-a18b-95efd0d45629/datanode-5/data/ratis/e60f51d5-982a-4203-8022-0a7d19a89248: flushIndex: setUnconditionally 0 -> -1
2019-09-04 22:36:42,589 [pool-729-thread-1] INFO  server.RaftServerConfigKeys (ConfUtils.java:logGet(43)) - raft.server.snapshot.auto.trigger.enabled = true (custom)
2019-09-04 22:36:42,589 [pool-729-thread-1] INFO  server.RaftServerConfigKeys (ConfUtils.java:logGet(43)) - raft.server.snapshot.auto.trigger.threshold = 10000 (custom)
2019-09-04 22:36:42,589 [pool-729-thread-1] INFO  server.RaftServerConfigKeys (ConfUtils.java:logGet(43)) - raft.server.retrycache.expirytime = 600000ms (custom)
2019-09-04 22:36:42,590 [pool-729-thread-1] INFO  impl.RaftServerImpl (RaftServerImpl.java:start(180)) - dfe38629-739e-4f1a-92c4-47deec922a7c: start group-0A7D19A89248
2019-09-04 22:36:42,590 [pool-729-thread-1] INFO  impl.RaftServerImpl (RaftServerImpl.java:setRole(171)) - dfe38629-739e-4f1a-92c4-47deec922a7c:group-0A7D19A89248 changes role from null to FOLLOWER at term 0 for startAsFollower
2019-09-04 22:36:42,590 [pool-729-thread-1] INFO  impl.RoleInfo (RoleInfo.java:updateAndGet(143)) - dfe38629-739e-4f1a-92c4-47deec922a7c: start FollowerState
2019-09-04 22:36:42,590 [pool-729-thread-1] INFO  util.JmxRegister (JmxRegister.java:tryRegister(44)) - Successfully registered JMX Bean with object name Ratis:service=RaftServer,group=group-0A7D19A89248,id=dfe38629-739e-4f1a-92c4-47deec922a7c
2019-09-04 22:36:42,592 [RatisPipelineUtilsThread] INFO  pipeline.PipelineStateManager (PipelineStateManager.java:addPipeline(56)) - Created pipeline Pipeline[ Id: e60f51d5-982a-4203-8022-0a7d19a89248, Nodes: dfe38629-739e-4f1a-92c4-47deec922a7c{ip: 192.168.5.151, host: pr-hdds-2064-6vxfq-1484162802, networkLocation: /default-rack, certSerialId: null}, Type:RATIS, Factor:ONE, State:OPEN]
2019-09-04 22:36:42,602 [grpc-default-executor-8] INFO  impl.RaftServerProxy (RaftServerProxy.java:addNew(89)) - 27858f83-b177-46a0-be6d-5cc756b04b47: addNew group-DCA02446C33C:[27858f83-b177-46a0-be6d-5cc756b04b47:192.168.5.151:35008] returns group-DCA02446C33C:java.util.concurrent.CompletableFuture@31f057c[Not completed]
2019-09-04 22:36:42,603 [pool-739-thread-1] INFO  impl.RaftServerImpl (RaftServerImpl.java:<init>(93)) - 27858f83-b177-46a0-be6d-5cc756b04b47: new RaftServerImpl for group-DCA02446C33C:[27858f83-b177-46a0-be6d-5cc756b04b47:192.168.5.151:35008] with ContainerStateMachine:uninitialized
2019-09-04 22:36:42,603 [pool-739-thread-1] INFO  server.RaftServerConfigKeys (ConfUtils.java:logGet(43)) - raft.server.rpc.timeout.min = 5s (custom)
2019-09-04 22:36:42,603 [pool-739-thread-1] INFO  server.RaftServerConfigKeys (ConfUtils.java:logGet(43)) - raft.server.rpc.timeout.max = 5200ms (custom)
2019-09-04 22:36:42,603 [pool-739-thread-1] INFO  server.RaftServerConfigKeys (ConfUtils.java:logGet(43)) - raft.server.rpcslowness.timeout = 120s (custom)
2019-09-04 22:36:42,603 [pool-739-thread-1] INFO  server.RaftServerConfigKeys (ConfUtils.java:logGet(43)) - raft.server.sleep.deviation.threshold = 300 (default)
2019-09-04 22:36:42,603 [pool-739-thread-1] INFO  server.RaftServerConfigKeys (ConfUtils.java:logGet(43)) - raft.server.log.appender.install.snapshot.enabled = false (custom)
2019-09-04 22:36:42,603 [pool-739-thread-1] INFO  impl.RaftServerImpl (ServerState.java:<init>(105)) - 27858f83-b177-46a0-be6d-5cc756b04b47:group-DCA02446C33C ConfigurationManager, init=-1: [27858f83-b177-46a0-be6d-5cc756b04b47:192.168.5.151:35008], old=null, confs=<EMPTY_MAP>
2019-09-04 22:36:42,604 [pool-739-thread-1] INFO  server.RaftServerConfigKeys (ConfUtils.java:logGet(43)) - raft.server.storage.dir = [/workdir/hadoop-ozone/integration-test/target/test-dir/MiniOzoneClusterImpl-3e5eae9d-fe1a-4239-a18b-95efd0d45629/datanode-6/data/ratis] (custom)
2019-09-04 22:36:42,604 [pool-739-thread-1] INFO  storage.RaftStorageDirectory (RaftStorageDirectory.java:analyzeStorage(246)) - The storage directory /workdir/hadoop-ozone/integration-test/target/test-dir/MiniOzoneClusterImpl-3e5eae9d-fe1a-4239-a18b-95efd0d45629/datanode-6/data/ratis/816c8112-12e4-4d0f-8e9d-dca02446c33c does not exist. Creating ...
2019-09-04 22:36:42,618 [pool-739-thread-1] INFO  storage.RaftStorageDirectory (RaftStorageDirectory.java:tryLock(328)) - Lock on /workdir/hadoop-ozone/integration-test/target/test-dir/MiniOzoneClusterImpl-3e5eae9d-fe1a-4239-a18b-95efd0d45629/datanode-6/data/ratis/816c8112-12e4-4d0f-8e9d-dca02446c33c/in_use.lock acquired by nodename 28777@pr-hdds-2064-6vxfq-1484162802
2019-09-04 22:36:42,631 [pool-739-thread-1] INFO  storage.RaftStorage (RaftStorage.java:format(72)) - Storage directory /workdir/hadoop-ozone/integration-test/target/test-dir/MiniOzoneClusterImpl-3e5eae9d-fe1a-4239-a18b-95efd0d45629/datanode-6/data/ratis/816c8112-12e4-4d0f-8e9d-dca02446c33c has been successfully formatted.
2019-09-04 22:36:42,631 [pool-739-thread-1] INFO  ratis.ContainerStateMachine (ContainerStateMachine.java:loadSnapshot(227)) - group-DCA02446C33C: The snapshot info is null. Setting the last applied indexto:(t:0, i:~)
2019-09-04 22:36:42,631 [pool-739-thread-1] INFO  server.RaftServerConfigKeys (ConfUtils.java:logGet(43)) - raft.server.leader.election.timeout = 120s (custom)
2019-09-04 22:36:42,632 [pool-739-thread-1] INFO  server.RaftServerConfigKeys (ConfUtils.java:logGet(43)) - raft.server.log.use.memory = false (default)
2019-09-04 22:36:42,632 [pool-739-thread-1] INFO  server.RaftServerConfigKeys (ConfUtils.java:logGet(43)) - raft.server.log.purge.gap = 1000000 (custom)
2019-09-04 22:36:42,632 [pool-739-thread-1] INFO  server.RaftServerConfigKeys (ConfUtils.java:logGet(43)) - raft.server.log.appender.buffer.byte-limit = 33554432 (custom)
2019-09-04 22:36:42,632 [pool-739-thread-1] INFO  server.RaftServerConfigKeys (ConfUtils.java:logGet(43)) - raft.server.log.segment.size.max = 1048576 (custom)
2019-09-04 22:36:42,632 [pool-739-thread-1] INFO  server.RaftServerConfigKeys (ConfUtils.java:logGet(43)) - raft.server.log.segment.cache.num.max = 2 (custom)
2019-09-04 22:36:42,633 [pool-739-thread-1] INFO  segmented.SegmentedRaftLogWorker (SegmentedRaftLogWorker.java:<init>(172)) - new 27858f83-b177-46a0-be6d-5cc756b04b47-SegmentedRaftLogWorker:Storage Directory /workdir/hadoop-ozone/integration-test/target/test-dir/MiniOzoneClusterImpl-3e5eae9d-fe1a-4239-a18b-95efd0d45629/datanode-6/data/ratis/816c8112-12e4-4d0f-8e9d-dca02446c33c for RaftStorage:Storage Directory /workdir/hadoop-ozone/integration-test/target/test-dir/MiniOzoneClusterImpl-3e5eae9d-fe1a-4239-a18b-95efd0d45629/datanode-6/data/ratis/816c8112-12e4-4d0f-8e9d-dca02446c33c
2019-09-04 22:36:42,633 [pool-739-thread-1] INFO  server.RaftServerConfigKeys (ConfUtils.java:logGet(43)) - raft.server.log.queue.byte-limit = 2147483647 (custom)
2019-09-04 22:36:42,633 [pool-739-thread-1] INFO  server.RaftServerConfigKeys (ConfUtils.java:logGet(43)) - raft.server.log.queue.element-limit = 1024 (custom)
2019-09-04 22:36:42,633 [pool-739-thread-1] INFO  server.RaftServerConfigKeys (ConfUtils.java:logGet(43)) - raft.server.log.segment.size.max = 1048576 (custom)
2019-09-04 22:36:42,633 [pool-739-thread-1] INFO  server.RaftServerConfigKeys (ConfUtils.java:logGet(43)) - raft.server.log.preallocated.size = 16384 (custom)
2019-09-04 22:36:42,634 [pool-739-thread-1] INFO  server.RaftServerConfigKeys (ConfUtils.java:logGet(43)) - raft.server.log.write.buffer.size = 33554432 (custom)
2019-09-04 22:36:42,634 [pool-739-thread-1] INFO  server.RaftServerConfigKeys (ConfUtils.java:logGet(43)) - raft.server.log.force.sync.num = 128 (default)
2019-09-04 22:36:42,634 [pool-739-thread-1] INFO  server.RaftServerConfigKeys (ConfUtils.java:logGet(43)) - raft.server.log.statemachine.data.sync = true (default)
2019-09-04 22:36:42,634 [pool-739-thread-1] INFO  server.RaftServerConfigKeys (ConfUtils.java:logGet(43)) - raft.server.log.statemachine.data.sync.timeout = 10s (default)
2019-09-04 22:36:42,634 [pool-739-thread-1] INFO  server.RaftServerConfigKeys (ConfUtils.java:logGet(43)) - raft.server.log.statemachine.data.sync.timeout.retry = -1 (default)
2019-09-04 22:36:42,635 [pool-739-thread-1] INFO  server.RaftServerConfigKeys (ConfUtils.java:logGet(43)) - raft.server.log.statemachine.data.caching.enabled = true (custom)
2019-09-04 22:36:42,635 [pool-739-thread-1] INFO  segmented.SegmentedRaftLogWorker (SegmentedRaftLogWorker.java:lambda$new$0(132)) - 27858f83-b177-46a0-be6d-5cc756b04b47-SegmentedRaftLogWorker:Storage Directory /workdir/hadoop-ozone/integration-test/target/test-dir/MiniOzoneClusterImpl-3e5eae9d-fe1a-4239-a18b-95efd0d45629/datanode-6/data/ratis/816c8112-12e4-4d0f-8e9d-dca02446c33c: flushIndex: setUnconditionally 0 -> -1
2019-09-04 22:36:42,635 [pool-739-thread-1] INFO  server.RaftServerConfigKeys (ConfUtils.java:logGet(43)) - raft.server.snapshot.auto.trigger.enabled = true (custom)
2019-09-04 22:36:42,636 [pool-739-thread-1] INFO  server.RaftServerConfigKeys (ConfUtils.java:logGet(43)) - raft.server.snapshot.auto.trigger.threshold = 10000 (custom)
2019-09-04 22:36:42,636 [pool-739-thread-1] INFO  server.RaftServerConfigKeys (ConfUtils.java:logGet(43)) - raft.server.retrycache.expirytime = 600000ms (custom)
2019-09-04 22:36:42,636 [pool-739-thread-1] INFO  impl.RaftServerImpl (RaftServerImpl.java:start(180)) - 27858f83-b177-46a0-be6d-5cc756b04b47: start group-DCA02446C33C
2019-09-04 22:36:42,636 [pool-739-thread-1] INFO  impl.RaftServerImpl (RaftServerImpl.java:setRole(171)) - 27858f83-b177-46a0-be6d-5cc756b04b47:group-DCA02446C33C changes role from null to FOLLOWER at term 0 for startAsFollower
2019-09-04 22:36:42,636 [pool-739-thread-1] INFO  impl.RoleInfo (RoleInfo.java:updateAndGet(143)) - 27858f83-b177-46a0-be6d-5cc756b04b47: start FollowerState
2019-09-04 22:36:42,637 [pool-739-thread-1] INFO  util.JmxRegister (JmxRegister.java:tryRegister(44)) - Successfully registered JMX Bean with object name Ratis:service=RaftServer,group=group-DCA02446C33C,id=27858f83-b177-46a0-be6d-5cc756b04b47
2019-09-04 22:36:42,639 [RatisPipelineUtilsThread] INFO  pipeline.PipelineStateManager (PipelineStateManager.java:addPipeline(56)) - Created pipeline Pipeline[ Id: 816c8112-12e4-4d0f-8e9d-dca02446c33c, Nodes: 27858f83-b177-46a0-be6d-5cc756b04b47{ip: 192.168.5.151, host: pr-hdds-2064-6vxfq-1484162802, networkLocation: /default-rack, certSerialId: null}, Type:RATIS, Factor:ONE, State:OPEN]
2019-09-04 22:36:42,646 [grpc-default-executor-8] INFO  impl.RaftServerProxy (RaftServerProxy.java:addNew(89)) - 03c6856f-026f-444e-97d4-e408589c0526: addNew group-13AF60BD5B20:[03c6856f-026f-444e-97d4-e408589c0526:192.168.5.151:33159] returns group-13AF60BD5B20:java.util.concurrent.CompletableFuture@3d528a16[Not completed]
2019-09-04 22:36:42,647 [pool-719-thread-1] INFO  impl.RaftServerImpl (RaftServerImpl.java:<init>(93)) - 03c6856f-026f-444e-97d4-e408589c0526: new RaftServerImpl for group-13AF60BD5B20:[03c6856f-026f-444e-97d4-e408589c0526:192.168.5.151:33159] with ContainerStateMachine:uninitialized
2019-09-04 22:36:42,647 [pool-719-thread-1] INFO  server.RaftServerConfigKeys (ConfUtils.java:logGet(43)) - raft.server.rpc.timeout.min = 5s (custom)
2019-09-04 22:36:42,648 [pool-719-thread-1] INFO  server.RaftServerConfigKeys (ConfUtils.java:logGet(43)) - raft.server.rpc.timeout.max = 5200ms (custom)
2019-09-04 22:36:42,648 [pool-719-thread-1] INFO  server.RaftServerConfigKeys (ConfUtils.java:logGet(43)) - raft.server.rpcslowness.timeout = 120s (custom)
2019-09-04 22:36:42,648 [pool-719-thread-1] INFO  server.RaftServerConfigKeys (ConfUtils.java:logGet(43)) - raft.server.sleep.deviation.threshold = 300 (default)
2019-09-04 22:36:42,648 [pool-719-thread-1] INFO  server.RaftServerConfigKeys (ConfUtils.java:logGet(43)) - raft.server.log.appender.install.snapshot.enabled = false (custom)
2019-09-04 22:36:42,648 [pool-719-thread-1] INFO  impl.RaftServerImpl (ServerState.java:<init>(105)) - 03c6856f-026f-444e-97d4-e408589c0526:group-13AF60BD5B20 ConfigurationManager, init=-1: [03c6856f-026f-444e-97d4-e408589c0526:192.168.5.151:33159], old=null, confs=<EMPTY_MAP>
2019-09-04 22:36:42,648 [pool-719-thread-1] INFO  server.RaftServerConfigKeys (ConfUtils.java:logGet(43)) - raft.server.storage.dir = [/workdir/hadoop-ozone/integration-test/target/test-dir/MiniOzoneClusterImpl-3e5eae9d-fe1a-4239-a18b-95efd0d45629/datanode-4/data/ratis] (custom)
2019-09-04 22:36:42,649 [pool-719-thread-1] INFO  storage.RaftStorageDirectory (RaftStorageDirectory.java:analyzeStorage(246)) - The storage directory /workdir/hadoop-ozone/integration-test/target/test-dir/MiniOzoneClusterImpl-3e5eae9d-fe1a-4239-a18b-95efd0d45629/datanode-4/data/ratis/79b58701-5de1-4afb-ba39-13af60bd5b20 does not exist. Creating ...
2019-09-04 22:36:42,661 [pool-719-thread-1] INFO  storage.RaftStorageDirectory (RaftStorageDirectory.java:tryLock(328)) - Lock on /workdir/hadoop-ozone/integration-test/target/test-dir/MiniOzoneClusterImpl-3e5eae9d-fe1a-4239-a18b-95efd0d45629/datanode-4/data/ratis/79b58701-5de1-4afb-ba39-13af60bd5b20/in_use.lock acquired by nodename 28777@pr-hdds-2064-6vxfq-1484162802
2019-09-04 22:36:42,674 [pool-719-thread-1] INFO  storage.RaftStorage (RaftStorage.java:format(72)) - Storage directory /workdir/hadoop-ozone/integration-test/target/test-dir/MiniOzoneClusterImpl-3e5eae9d-fe1a-4239-a18b-95efd0d45629/datanode-4/data/ratis/79b58701-5de1-4afb-ba39-13af60bd5b20 has been successfully formatted.
2019-09-04 22:36:42,675 [pool-719-thread-1] INFO  ratis.ContainerStateMachine (ContainerStateMachine.java:loadSnapshot(227)) - group-13AF60BD5B20: The snapshot info is null. Setting the last applied indexto:(t:0, i:~)
2019-09-04 22:36:42,675 [pool-719-thread-1] INFO  server.RaftServerConfigKeys (ConfUtils.java:logGet(43)) - raft.server.leader.election.timeout = 120s (custom)
2019-09-04 22:36:42,675 [pool-719-thread-1] INFO  server.RaftServerConfigKeys (ConfUtils.java:logGet(43)) - raft.server.log.use.memory = false (default)
2019-09-04 22:36:42,675 [pool-719-thread-1] INFO  server.RaftServerConfigKeys (ConfUtils.java:logGet(43)) - raft.server.log.purge.gap = 1000000 (custom)
2019-09-04 22:36:42,675 [pool-719-thread-1] INFO  server.RaftServerConfigKeys (ConfUtils.java:logGet(43)) - raft.server.log.appender.buffer.byte-limit = 33554432 (custom)
2019-09-04 22:36:42,675 [pool-719-thread-1] INFO  server.RaftServerConfigKeys (ConfUtils.java:logGet(43)) - raft.server.log.segment.size.max = 1048576 (custom)
2019-09-04 22:36:42,675 [pool-719-thread-1] INFO  server.RaftServerConfigKeys (ConfUtils.java:logGet(43)) - raft.server.log.segment.cache.num.max = 2 (custom)
2019-09-04 22:36:42,675 [pool-719-thread-1] INFO  segmented.SegmentedRaftLogWorker (SegmentedRaftLogWorker.java:<init>(172)) - new 03c6856f-026f-444e-97d4-e408589c0526-SegmentedRaftLogWorker:Storage Directory /workdir/hadoop-ozone/integration-test/target/test-dir/MiniOzoneClusterImpl-3e5eae9d-fe1a-4239-a18b-95efd0d45629/datanode-4/data/ratis/79b58701-5de1-4afb-ba39-13af60bd5b20 for RaftStorage:Storage Directory /workdir/hadoop-ozone/integration-test/target/test-dir/MiniOzoneClusterImpl-3e5eae9d-fe1a-4239-a18b-95efd0d45629/datanode-4/data/ratis/79b58701-5de1-4afb-ba39-13af60bd5b20
2019-09-04 22:36:42,676 [pool-719-thread-1] INFO  server.RaftServerConfigKeys (ConfUtils.java:logGet(43)) - raft.server.log.queue.byte-limit = 2147483647 (custom)
2019-09-04 22:36:42,676 [pool-719-thread-1] INFO  server.RaftServerConfigKeys (ConfUtils.java:logGet(43)) - raft.server.log.queue.element-limit = 1024 (custom)
2019-09-04 22:36:42,676 [pool-719-thread-1] INFO  server.RaftServerConfigKeys (ConfUtils.java:logGet(43)) - raft.server.log.segment.size.max = 1048576 (custom)
2019-09-04 22:36:42,676 [pool-719-thread-1] INFO  server.RaftServerConfigKeys (ConfUtils.java:logGet(43)) - raft.server.log.preallocated.size = 16384 (custom)
2019-09-04 22:36:42,676 [pool-719-thread-1] INFO  server.RaftServerConfigKeys (ConfUtils.java:logGet(43)) - raft.server.log.write.buffer.size = 33554432 (custom)
2019-09-04 22:36:42,676 [pool-719-thread-1] INFO  server.RaftServerConfigKeys (ConfUtils.java:logGet(43)) - raft.server.log.force.sync.num = 128 (default)
2019-09-04 22:36:42,677 [pool-719-thread-1] INFO  server.RaftServerConfigKeys (ConfUtils.java:logGet(43)) - raft.server.log.statemachine.data.sync = true (default)
2019-09-04 22:36:42,677 [pool-719-thread-1] INFO  server.RaftServerConfigKeys (ConfUtils.java:logGet(43)) - raft.server.log.statemachine.data.sync.timeout = 10s (default)
2019-09-04 22:36:42,677 [pool-719-thread-1] INFO  server.RaftServerConfigKeys (ConfUtils.java:logGet(43)) - raft.server.log.statemachine.data.sync.timeout.retry = -1 (default)
2019-09-04 22:36:42,677 [pool-719-thread-1] INFO  server.RaftServerConfigKeys (ConfUtils.java:logGet(43)) - raft.server.log.statemachine.data.caching.enabled = true (custom)
2019-09-04 22:36:42,678 [pool-719-thread-1] INFO  segmented.SegmentedRaftLogWorker (SegmentedRaftLogWorker.java:lambda$new$0(132)) - 03c6856f-026f-444e-97d4-e408589c0526-SegmentedRaftLogWorker:Storage Directory /workdir/hadoop-ozone/integration-test/target/test-dir/MiniOzoneClusterImpl-3e5eae9d-fe1a-4239-a18b-95efd0d45629/datanode-4/data/ratis/79b58701-5de1-4afb-ba39-13af60bd5b20: flushIndex: setUnconditionally 0 -> -1
2019-09-04 22:36:42,678 [pool-719-thread-1] INFO  server.RaftServerConfigKeys (ConfUtils.java:logGet(43)) - raft.server.snapshot.auto.trigger.enabled = true (custom)
2019-09-04 22:36:42,678 [pool-719-thread-1] INFO  server.RaftServerConfigKeys (ConfUtils.java:logGet(43)) - raft.server.snapshot.auto.trigger.threshold = 10000 (custom)
2019-09-04 22:36:42,678 [pool-719-thread-1] INFO  server.RaftServerConfigKeys (ConfUtils.java:logGet(43)) - raft.server.retrycache.expirytime = 600000ms (custom)
2019-09-04 22:36:42,678 [pool-719-thread-1] INFO  impl.RaftServerImpl (RaftServerImpl.java:start(180)) - 03c6856f-026f-444e-97d4-e408589c0526: start group-13AF60BD5B20
2019-09-04 22:36:42,679 [pool-719-thread-1] INFO  impl.RaftServerImpl (RaftServerImpl.java:setRole(171)) - 03c6856f-026f-444e-97d4-e408589c0526:group-13AF60BD5B20 changes role from null to FOLLOWER at term 0 for startAsFollower
2019-09-04 22:36:42,679 [pool-719-thread-1] INFO  impl.RoleInfo (RoleInfo.java:updateAndGet(143)) - 03c6856f-026f-444e-97d4-e408589c0526: start FollowerState
2019-09-04 22:36:42,679 [pool-719-thread-1] INFO  util.JmxRegister (JmxRegister.java:tryRegister(44)) - Successfully registered JMX Bean with object name Ratis:service=RaftServer,group=group-13AF60BD5B20,id=03c6856f-026f-444e-97d4-e408589c0526
2019-09-04 22:36:42,681 [RatisPipelineUtilsThread] INFO  pipeline.PipelineStateManager (PipelineStateManager.java:addPipeline(56)) - Created pipeline Pipeline[ Id: 79b58701-5de1-4afb-ba39-13af60bd5b20, Nodes: 03c6856f-026f-444e-97d4-e408589c0526{ip: 192.168.5.151, host: pr-hdds-2064-6vxfq-1484162802, networkLocation: /default-rack, certSerialId: null}, Type:RATIS, Factor:ONE, State:OPEN]
2019-09-04 22:36:42,693 [grpc-default-executor-5] INFO  impl.RaftServerProxy (RaftServerProxy.java:addNew(89)) - 16eb735d-ddfa-43a0-a958-0cc463b6ee1f: addNew group-83C4FC42E455:[27858f83-b177-46a0-be6d-5cc756b04b47:192.168.5.151:35008, 16eb735d-ddfa-43a0-a958-0cc463b6ee1f:192.168.5.151:42873, dfe38629-739e-4f1a-92c4-47deec922a7c:192.168.5.151:44807] returns group-83C4FC42E455:java.util.concurrent.CompletableFuture@329f5dd[Not completed]
2019-09-04 22:36:42,693 [grpc-default-executor-8] INFO  impl.RaftServerProxy (RaftServerProxy.java:addNew(89)) - dfe38629-739e-4f1a-92c4-47deec922a7c: addNew group-83C4FC42E455:[27858f83-b177-46a0-be6d-5cc756b04b47:192.168.5.151:35008, 16eb735d-ddfa-43a0-a958-0cc463b6ee1f:192.168.5.151:42873, dfe38629-739e-4f1a-92c4-47deec922a7c:192.168.5.151:44807] returns group-83C4FC42E455:java.util.concurrent.CompletableFuture@25a4fffb[Not completed]
2019-09-04 22:36:42,693 [grpc-default-executor-7] INFO  impl.RaftServerProxy (RaftServerProxy.java:addNew(89)) - 27858f83-b177-46a0-be6d-5cc756b04b47: addNew group-83C4FC42E455:[27858f83-b177-46a0-be6d-5cc756b04b47:192.168.5.151:35008, 16eb735d-ddfa-43a0-a958-0cc463b6ee1f:192.168.5.151:42873, dfe38629-739e-4f1a-92c4-47deec922a7c:192.168.5.151:44807] returns group-83C4FC42E455:java.util.concurrent.CompletableFuture@6e718fb0[Not completed]
2019-09-04 22:36:42,694 [pool-729-thread-1] INFO  impl.RaftServerImpl (RaftServerImpl.java:<init>(93)) - dfe38629-739e-4f1a-92c4-47deec922a7c: new RaftServerImpl for group-83C4FC42E455:[27858f83-b177-46a0-be6d-5cc756b04b47:192.168.5.151:35008, 16eb735d-ddfa-43a0-a958-0cc463b6ee1f:192.168.5.151:42873, dfe38629-739e-4f1a-92c4-47deec922a7c:192.168.5.151:44807] with ContainerStateMachine:uninitialized
2019-09-04 22:36:42,695 [pool-729-thread-1] INFO  server.RaftServerConfigKeys (ConfUtils.java:logGet(43)) - raft.server.rpc.timeout.min = 5s (custom)
2019-09-04 22:36:42,695 [pool-729-thread-1] INFO  server.RaftServerConfigKeys (ConfUtils.java:logGet(43)) - raft.server.rpc.timeout.max = 5200ms (custom)
2019-09-04 22:36:42,695 [pool-729-thread-1] INFO  server.RaftServerConfigKeys (ConfUtils.java:logGet(43)) - raft.server.rpcslowness.timeout = 120s (custom)
2019-09-04 22:36:42,695 [pool-709-thread-1] INFO  impl.RaftServerImpl (RaftServerImpl.java:<init>(93)) - 16eb735d-ddfa-43a0-a958-0cc463b6ee1f: new RaftServerImpl for group-83C4FC42E455:[27858f83-b177-46a0-be6d-5cc756b04b47:192.168.5.151:35008, 16eb735d-ddfa-43a0-a958-0cc463b6ee1f:192.168.5.151:42873, dfe38629-739e-4f1a-92c4-47deec922a7c:192.168.5.151:44807] with ContainerStateMachine:uninitialized
2019-09-04 22:36:42,695 [pool-729-thread-1] INFO  server.RaftServerConfigKeys (ConfUtils.java:logGet(43)) - raft.server.sleep.deviation.threshold = 300 (default)
2019-09-04 22:36:42,695 [pool-709-thread-1] INFO  server.RaftServerConfigKeys (ConfUtils.java:logGet(43)) - raft.server.rpc.timeout.min = 5s (custom)
2019-09-04 22:36:42,695 [pool-729-thread-1] INFO  server.RaftServerConfigKeys (ConfUtils.java:logGet(43)) - raft.server.log.appender.install.snapshot.enabled = false (custom)
2019-09-04 22:36:42,695 [pool-709-thread-1] INFO  server.RaftServerConfigKeys (ConfUtils.java:logGet(43)) - raft.server.rpc.timeout.max = 5200ms (custom)
2019-09-04 22:36:42,695 [pool-739-thread-1] INFO  impl.RaftServerImpl (RaftServerImpl.java:<init>(93)) - 27858f83-b177-46a0-be6d-5cc756b04b47: new RaftServerImpl for group-83C4FC42E455:[27858f83-b177-46a0-be6d-5cc756b04b47:192.168.5.151:35008, 16eb735d-ddfa-43a0-a958-0cc463b6ee1f:192.168.5.151:42873, dfe38629-739e-4f1a-92c4-47deec922a7c:192.168.5.151:44807] with ContainerStateMachine:uninitialized
2019-09-04 22:36:42,696 [pool-709-thread-1] INFO  server.RaftServerConfigKeys (ConfUtils.java:logGet(43)) - raft.server.rpcslowness.timeout = 120s (custom)
2019-09-04 22:36:42,695 [pool-729-thread-1] INFO  impl.RaftServerImpl (ServerState.java:<init>(105)) - dfe38629-739e-4f1a-92c4-47deec922a7c:group-83C4FC42E455 ConfigurationManager, init=-1: [27858f83-b177-46a0-be6d-5cc756b04b47:192.168.5.151:35008, 16eb735d-ddfa-43a0-a958-0cc463b6ee1f:192.168.5.151:42873, dfe38629-739e-4f1a-92c4-47deec922a7c:192.168.5.151:44807], old=null, confs=<EMPTY_MAP>
2019-09-04 22:36:42,696 [pool-709-thread-1] INFO  server.RaftServerConfigKeys (ConfUtils.java:logGet(43)) - raft.server.sleep.deviation.threshold = 300 (default)
2019-09-04 22:36:42,696 [pool-739-thread-1] INFO  server.RaftServerConfigKeys (ConfUtils.java:logGet(43)) - raft.server.rpc.timeout.min = 5s (custom)
2019-09-04 22:36:42,696 [pool-709-thread-1] INFO  server.RaftServerConfigKeys (ConfUtils.java:logGet(43)) - raft.server.log.appender.install.snapshot.enabled = false (custom)
2019-09-04 22:36:42,696 [pool-729-thread-1] INFO  server.RaftServerConfigKeys (ConfUtils.java:logGet(43)) - raft.server.storage.dir = [/workdir/hadoop-ozone/integration-test/target/test-dir/MiniOzoneClusterImpl-3e5eae9d-fe1a-4239-a18b-95efd0d45629/datanode-5/data/ratis] (custom)
2019-09-04 22:36:42,696 [pool-709-thread-1] INFO  impl.RaftServerImpl (ServerState.java:<init>(105)) - 16eb735d-ddfa-43a0-a958-0cc463b6ee1f:group-83C4FC42E455 ConfigurationManager, init=-1: [27858f83-b177-46a0-be6d-5cc756b04b47:192.168.5.151:35008, 16eb735d-ddfa-43a0-a958-0cc463b6ee1f:192.168.5.151:42873, dfe38629-739e-4f1a-92c4-47deec922a7c:192.168.5.151:44807], old=null, confs=<EMPTY_MAP>
2019-09-04 22:36:42,696 [pool-739-thread-1] INFO  server.RaftServerConfigKeys (ConfUtils.java:logGet(43)) - raft.server.rpc.timeout.max = 5200ms (custom)
2019-09-04 22:36:42,697 [pool-709-thread-1] INFO  server.RaftServerConfigKeys (ConfUtils.java:logGet(43)) - raft.server.storage.dir = [/workdir/hadoop-ozone/integration-test/target/test-dir/MiniOzoneClusterImpl-3e5eae9d-fe1a-4239-a18b-95efd0d45629/datanode-3/data/ratis] (custom)
2019-09-04 22:36:42,697 [pool-729-thread-1] INFO  storage.RaftStorageDirectory (RaftStorageDirectory.java:analyzeStorage(246)) - The storage directory /workdir/hadoop-ozone/integration-test/target/test-dir/MiniOzoneClusterImpl-3e5eae9d-fe1a-4239-a18b-95efd0d45629/datanode-5/data/ratis/4b290b70-0366-4bcc-b7a8-83c4fc42e455 does not exist. Creating ...
2019-09-04 22:36:42,697 [pool-739-thread-1] INFO  server.RaftServerConfigKeys (ConfUtils.java:logGet(43)) - raft.server.rpcslowness.timeout = 120s (custom)
2019-09-04 22:36:42,697 [pool-739-thread-1] INFO  server.RaftServerConfigKeys (ConfUtils.java:logGet(43)) - raft.server.sleep.deviation.threshold = 300 (default)
2019-09-04 22:36:42,697 [pool-709-thread-1] INFO  storage.RaftStorageDirectory (RaftStorageDirectory.java:analyzeStorage(246)) - The storage directory /workdir/hadoop-ozone/integration-test/target/test-dir/MiniOzoneClusterImpl-3e5eae9d-fe1a-4239-a18b-95efd0d45629/datanode-3/data/ratis/4b290b70-0366-4bcc-b7a8-83c4fc42e455 does not exist. Creating ...
2019-09-04 22:36:42,697 [pool-739-thread-1] INFO  server.RaftServerConfigKeys (ConfUtils.java:logGet(43)) - raft.server.log.appender.install.snapshot.enabled = false (custom)
2019-09-04 22:36:42,698 [pool-739-thread-1] INFO  impl.RaftServerImpl (ServerState.java:<init>(105)) - 27858f83-b177-46a0-be6d-5cc756b04b47:group-83C4FC42E455 ConfigurationManager, init=-1: [27858f83-b177-46a0-be6d-5cc756b04b47:192.168.5.151:35008, 16eb735d-ddfa-43a0-a958-0cc463b6ee1f:192.168.5.151:42873, dfe38629-739e-4f1a-92c4-47deec922a7c:192.168.5.151:44807], old=null, confs=<EMPTY_MAP>
2019-09-04 22:36:42,698 [pool-739-thread-1] INFO  server.RaftServerConfigKeys (ConfUtils.java:logGet(43)) - raft.server.storage.dir = [/workdir/hadoop-ozone/integration-test/target/test-dir/MiniOzoneClusterImpl-3e5eae9d-fe1a-4239-a18b-95efd0d45629/datanode-6/data/ratis] (custom)
2019-09-04 22:36:42,698 [pool-739-thread-1] INFO  storage.RaftStorageDirectory (RaftStorageDirectory.java:analyzeStorage(246)) - The storage directory /workdir/hadoop-ozone/integration-test/target/test-dir/MiniOzoneClusterImpl-3e5eae9d-fe1a-4239-a18b-95efd0d45629/datanode-6/data/ratis/4b290b70-0366-4bcc-b7a8-83c4fc42e455 does not exist. Creating ...
2019-09-04 22:36:42,713 [pool-739-thread-1] INFO  storage.RaftStorageDirectory (RaftStorageDirectory.java:tryLock(328)) - Lock on /workdir/hadoop-ozone/integration-test/target/test-dir/MiniOzoneClusterImpl-3e5eae9d-fe1a-4239-a18b-95efd0d45629/datanode-6/data/ratis/4b290b70-0366-4bcc-b7a8-83c4fc42e455/in_use.lock acquired by nodename 28777@pr-hdds-2064-6vxfq-1484162802
2019-09-04 22:36:42,713 [pool-709-thread-1] INFO  storage.RaftStorageDirectory (RaftStorageDirectory.java:tryLock(328)) - Lock on /workdir/hadoop-ozone/integration-test/target/test-dir/MiniOzoneClusterImpl-3e5eae9d-fe1a-4239-a18b-95efd0d45629/datanode-3/data/ratis/4b290b70-0366-4bcc-b7a8-83c4fc42e455/in_use.lock acquired by nodename 28777@pr-hdds-2064-6vxfq-1484162802
2019-09-04 22:36:42,713 [pool-729-thread-1] INFO  storage.RaftStorageDirectory (RaftStorageDirectory.java:tryLock(328)) - Lock on /workdir/hadoop-ozone/integration-test/target/test-dir/MiniOzoneClusterImpl-3e5eae9d-fe1a-4239-a18b-95efd0d45629/datanode-5/data/ratis/4b290b70-0366-4bcc-b7a8-83c4fc42e455/in_use.lock acquired by nodename 28777@pr-hdds-2064-6vxfq-1484162802
2019-09-04 22:36:42,737 [pool-739-thread-1] INFO  storage.RaftStorage (RaftStorage.java:format(72)) - Storage directory /workdir/hadoop-ozone/integration-test/target/test-dir/MiniOzoneClusterImpl-3e5eae9d-fe1a-4239-a18b-95efd0d45629/datanode-6/data/ratis/4b290b70-0366-4bcc-b7a8-83c4fc42e455 has been successfully formatted.
2019-09-04 22:36:42,737 [pool-729-thread-1] INFO  storage.RaftStorage (RaftStorage.java:format(72)) - Storage directory /workdir/hadoop-ozone/integration-test/target/test-dir/MiniOzoneClusterImpl-3e5eae9d-fe1a-4239-a18b-95efd0d45629/datanode-5/data/ratis/4b290b70-0366-4bcc-b7a8-83c4fc42e455 has been successfully formatted.
2019-09-04 22:36:42,737 [pool-709-thread-1] INFO  storage.RaftStorage (RaftStorage.java:format(72)) - Storage directory /workdir/hadoop-ozone/integration-test/target/test-dir/MiniOzoneClusterImpl-3e5eae9d-fe1a-4239-a18b-95efd0d45629/datanode-3/data/ratis/4b290b70-0366-4bcc-b7a8-83c4fc42e455 has been successfully formatted.
2019-09-04 22:36:42,737 [pool-739-thread-1] INFO  ratis.ContainerStateMachine (ContainerStateMachine.java:loadSnapshot(227)) - group-83C4FC42E455: The snapshot info is null. Setting the last applied indexto:(t:0, i:~)
2019-09-04 22:36:42,737 [pool-739-thread-1] INFO  server.RaftServerConfigKeys (ConfUtils.java:logGet(43)) - raft.server.leader.election.timeout = 120s (custom)
2019-09-04 22:36:42,737 [pool-739-thread-1] INFO  server.RaftServerConfigKeys (ConfUtils.java:logGet(43)) - raft.server.log.use.memory = false (default)
2019-09-04 22:36:42,738 [pool-729-thread-1] INFO  ratis.ContainerStateMachine (ContainerStateMachine.java:loadSnapshot(227)) - group-83C4FC42E455: The snapshot info is null. Setting the last applied indexto:(t:0, i:~)
2019-09-04 22:36:42,738 [pool-739-thread-1] INFO  server.RaftServerConfigKeys (ConfUtils.java:logGet(43)) - raft.server.log.purge.gap = 1000000 (custom)
2019-09-04 22:36:42,738 [pool-729-thread-1] INFO  server.RaftServerConfigKeys (ConfUtils.java:logGet(43)) - raft.server.leader.election.timeout = 120s (custom)
2019-09-04 22:36:42,738 [pool-739-thread-1] INFO  server.RaftServerConfigKeys (ConfUtils.java:logGet(43)) - raft.server.log.appender.buffer.byte-limit = 33554432 (custom)
2019-09-04 22:36:42,738 [pool-709-thread-1] INFO  ratis.ContainerStateMachine (ContainerStateMachine.java:loadSnapshot(227)) - group-83C4FC42E455: The snapshot info is null. Setting the last applied indexto:(t:0, i:~)
2019-09-04 22:36:42,738 [pool-729-thread-1] INFO  server.RaftServerConfigKeys (ConfUtils.java:logGet(43)) - raft.server.log.use.memory = false (default)
2019-09-04 22:36:42,738 [pool-739-thread-1] INFO  server.RaftServerConfigKeys (ConfUtils.java:logGet(43)) - raft.server.log.segment.size.max = 1048576 (custom)
2019-09-04 22:36:42,738 [pool-709-thread-1] INFO  server.RaftServerConfigKeys (ConfUtils.java:logGet(43)) - raft.server.leader.election.timeout = 120s (custom)
2019-09-04 22:36:42,738 [pool-729-thread-1] INFO  server.RaftServerConfigKeys (ConfUtils.java:logGet(43)) - raft.server.log.purge.gap = 1000000 (custom)
2019-09-04 22:36:42,739 [pool-709-thread-1] INFO  server.RaftServerConfigKeys (ConfUtils.java:logGet(43)) - raft.server.log.use.memory = false (default)
2019-09-04 22:36:42,739 [pool-739-thread-1] INFO  server.RaftServerConfigKeys (ConfUtils.java:logGet(43)) - raft.server.log.segment.cache.num.max = 2 (custom)
2019-09-04 22:36:42,739 [pool-709-thread-1] INFO  server.RaftServerConfigKeys (ConfUtils.java:logGet(43)) - raft.server.log.purge.gap = 1000000 (custom)
2019-09-04 22:36:42,739 [pool-729-thread-1] INFO  server.RaftServerConfigKeys (ConfUtils.java:logGet(43)) - raft.server.log.appender.buffer.byte-limit = 33554432 (custom)
2019-09-04 22:36:42,739 [pool-709-thread-1] INFO  server.RaftServerConfigKeys (ConfUtils.java:logGet(43)) - raft.server.log.appender.buffer.byte-limit = 33554432 (custom)
2019-09-04 22:36:42,739 [pool-739-thread-1] INFO  segmented.SegmentedRaftLogWorker (SegmentedRaftLogWorker.java:<init>(172)) - new 27858f83-b177-46a0-be6d-5cc756b04b47-SegmentedRaftLogWorker:Storage Directory /workdir/hadoop-ozone/integration-test/target/test-dir/MiniOzoneClusterImpl-3e5eae9d-fe1a-4239-a18b-95efd0d45629/datanode-6/data/ratis/4b290b70-0366-4bcc-b7a8-83c4fc42e455 for RaftStorage:Storage Directory /workdir/hadoop-ozone/integration-test/target/test-dir/MiniOzoneClusterImpl-3e5eae9d-fe1a-4239-a18b-95efd0d45629/datanode-6/data/ratis/4b290b70-0366-4bcc-b7a8-83c4fc42e455
2019-09-04 22:36:42,739 [pool-709-thread-1] INFO  server.RaftServerConfigKeys (ConfUtils.java:logGet(43)) - raft.server.log.segment.size.max = 1048576 (custom)
2019-09-04 22:36:42,739 [pool-729-thread-1] INFO  server.RaftServerConfigKeys (ConfUtils.java:logGet(43)) - raft.server.log.segment.size.max = 1048576 (custom)
2019-09-04 22:36:42,740 [pool-709-thread-1] INFO  server.RaftServerConfigKeys (ConfUtils.java:logGet(43)) - raft.server.log.segment.cache.num.max = 2 (custom)
2019-09-04 22:36:42,740 [pool-739-thread-1] INFO  server.RaftServerConfigKeys (ConfUtils.java:logGet(43)) - raft.server.log.queue.byte-limit = 2147483647 (custom)
2019-09-04 22:36:42,740 [pool-709-thread-1] INFO  segmented.SegmentedRaftLogWorker (SegmentedRaftLogWorker.java:<init>(172)) - new 16eb735d-ddfa-43a0-a958-0cc463b6ee1f-SegmentedRaftLogWorker:Storage Directory /workdir/hadoop-ozone/integration-test/target/test-dir/MiniOzoneClusterImpl-3e5eae9d-fe1a-4239-a18b-95efd0d45629/datanode-3/data/ratis/4b290b70-0366-4bcc-b7a8-83c4fc42e455 for RaftStorage:Storage Directory /workdir/hadoop-ozone/integration-test/target/test-dir/MiniOzoneClusterImpl-3e5eae9d-fe1a-4239-a18b-95efd0d45629/datanode-3/data/ratis/4b290b70-0366-4bcc-b7a8-83c4fc42e455
2019-09-04 22:36:42,740 [pool-729-thread-1] INFO  server.RaftServerConfigKeys (ConfUtils.java:logGet(43)) - raft.server.log.segment.cache.num.max = 2 (custom)
2019-09-04 22:36:42,740 [pool-709-thread-1] INFO  server.RaftServerConfigKeys (ConfUtils.java:logGet(43)) - raft.server.log.queue.byte-limit = 2147483647 (custom)
2019-09-04 22:36:42,740 [pool-709-thread-1] INFO  server.RaftServerConfigKeys (ConfUtils.java:logGet(43)) - raft.server.log.queue.element-limit = 1024 (custom)
2019-09-04 22:36:42,740 [pool-739-thread-1] INFO  server.RaftServerConfigKeys (ConfUtils.java:logGet(43)) - raft.server.log.queue.element-limit = 1024 (custom)
2019-09-04 22:36:42,741 [pool-709-thread-1] INFO  server.RaftServerConfigKeys (ConfUtils.java:logGet(43)) - raft.server.log.segment.size.max = 1048576 (custom)
2019-09-04 22:36:42,740 [pool-729-thread-1] INFO  segmented.SegmentedRaftLogWorker (SegmentedRaftLogWorker.java:<init>(172)) - new dfe38629-739e-4f1a-92c4-47deec922a7c-SegmentedRaftLogWorker:Storage Directory /workdir/hadoop-ozone/integration-test/target/test-dir/MiniOzoneClusterImpl-3e5eae9d-fe1a-4239-a18b-95efd0d45629/datanode-5/data/ratis/4b290b70-0366-4bcc-b7a8-83c4fc42e455 for RaftStorage:Storage Directory /workdir/hadoop-ozone/integration-test/target/test-dir/MiniOzoneClusterImpl-3e5eae9d-fe1a-4239-a18b-95efd0d45629/datanode-5/data/ratis/4b290b70-0366-4bcc-b7a8-83c4fc42e455
2019-09-04 22:36:42,741 [pool-709-thread-1] INFO  server.RaftServerConfigKeys (ConfUtils.java:logGet(43)) - raft.server.log.preallocated.size = 16384 (custom)
2019-09-04 22:36:42,741 [pool-739-thread-1] INFO  server.RaftServerConfigKeys (ConfUtils.java:logGet(43)) - raft.server.log.segment.size.max = 1048576 (custom)
2019-09-04 22:36:42,741 [pool-709-thread-1] INFO  server.RaftServerConfigKeys (ConfUtils.java:logGet(43)) - raft.server.log.write.buffer.size = 33554432 (custom)
2019-09-04 22:36:42,741 [pool-709-thread-1] INFO  server.RaftServerConfigKeys (ConfUtils.java:logGet(43)) - raft.server.log.force.sync.num = 128 (default)
2019-09-04 22:36:42,741 [pool-729-thread-1] INFO  server.RaftServerConfigKeys (ConfUtils.java:logGet(43)) - raft.server.log.queue.byte-limit = 2147483647 (custom)
2019-09-04 22:36:42,741 [pool-709-thread-1] INFO  server.RaftServerConfigKeys (ConfUtils.java:logGet(43)) - raft.server.log.statemachine.data.sync = true (default)
2019-09-04 22:36:42,741 [pool-739-thread-1] INFO  server.RaftServerConfigKeys (ConfUtils.java:logGet(43)) - raft.server.log.preallocated.size = 16384 (custom)
2019-09-04 22:36:42,742 [pool-709-thread-1] INFO  server.RaftServerConfigKeys (ConfUtils.java:logGet(43)) - raft.server.log.statemachine.data.sync.timeout = 10s (default)
2019-09-04 22:36:42,742 [pool-729-thread-1] INFO  server.RaftServerConfigKeys (ConfUtils.java:logGet(43)) - raft.server.log.queue.element-limit = 1024 (custom)
2019-09-04 22:36:42,742 [pool-709-thread-1] INFO  server.RaftServerConfigKeys (ConfUtils.java:logGet(43)) - raft.server.log.statemachine.data.sync.timeout.retry = -1 (default)
2019-09-04 22:36:42,742 [pool-739-thread-1] INFO  server.RaftServerConfigKeys (ConfUtils.java:logGet(43)) - raft.server.log.write.buffer.size = 33554432 (custom)
2019-09-04 22:36:42,742 [pool-709-thread-1] INFO  server.RaftServerConfigKeys (ConfUtils.java:logGet(43)) - raft.server.log.statemachine.data.caching.enabled = true (custom)
2019-09-04 22:36:42,742 [pool-729-thread-1] INFO  server.RaftServerConfigKeys (ConfUtils.java:logGet(43)) - raft.server.log.segment.size.max = 1048576 (custom)
2019-09-04 22:36:42,742 [pool-739-thread-1] INFO  server.RaftServerConfigKeys (ConfUtils.java:logGet(43)) - raft.server.log.force.sync.num = 128 (default)
2019-09-04 22:36:42,743 [pool-729-thread-1] INFO  server.RaftServerConfigKeys (ConfUtils.java:logGet(43)) - raft.server.log.preallocated.size = 16384 (custom)
2019-09-04 22:36:42,743 [pool-709-thread-1] INFO  segmented.SegmentedRaftLogWorker (SegmentedRaftLogWorker.java:lambda$new$0(132)) - 16eb735d-ddfa-43a0-a958-0cc463b6ee1f-SegmentedRaftLogWorker:Storage Directory /workdir/hadoop-ozone/integration-test/target/test-dir/MiniOzoneClusterImpl-3e5eae9d-fe1a-4239-a18b-95efd0d45629/datanode-3/data/ratis/4b290b70-0366-4bcc-b7a8-83c4fc42e455: flushIndex: setUnconditionally 0 -> -1
2019-09-04 22:36:42,743 [pool-739-thread-1] INFO  server.RaftServerConfigKeys (ConfUtils.java:logGet(43)) - raft.server.log.statemachine.data.sync = true (default)
2019-09-04 22:36:42,743 [pool-729-thread-1] INFO  server.RaftServerConfigKeys (ConfUtils.java:logGet(43)) - raft.server.log.write.buffer.size = 33554432 (custom)
2019-09-04 22:36:42,743 [pool-739-thread-1] INFO  server.RaftServerConfigKeys (ConfUtils.java:logGet(43)) - raft.server.log.statemachine.data.sync.timeout = 10s (default)
2019-09-04 22:36:42,743 [pool-709-thread-1] INFO  server.RaftServerConfigKeys (ConfUtils.java:logGet(43)) - raft.server.snapshot.auto.trigger.enabled = true (custom)
2019-09-04 22:36:42,743 [pool-739-thread-1] INFO  server.RaftServerConfigKeys (ConfUtils.java:logGet(43)) - raft.server.log.statemachine.data.sync.timeout.retry = -1 (default)
2019-09-04 22:36:42,743 [pool-729-thread-1] INFO  server.RaftServerConfigKeys (ConfUtils.java:logGet(43)) - raft.server.log.force.sync.num = 128 (default)
2019-09-04 22:36:42,744 [pool-739-thread-1] INFO  server.RaftServerConfigKeys (ConfUtils.java:logGet(43)) - raft.server.log.statemachine.data.caching.enabled = true (custom)
2019-09-04 22:36:42,743 [pool-709-thread-1] INFO  server.RaftServerConfigKeys (ConfUtils.java:logGet(43)) - raft.server.snapshot.auto.trigger.threshold = 10000 (custom)
2019-09-04 22:36:42,744 [pool-729-thread-1] INFO  server.RaftServerConfigKeys (ConfUtils.java:logGet(43)) - raft.server.log.statemachine.data.sync = true (default)
2019-09-04 22:36:42,744 [pool-709-thread-1] INFO  server.RaftServerConfigKeys (ConfUtils.java:logGet(43)) - raft.server.retrycache.expirytime = 600000ms (custom)
2019-09-04 22:36:42,744 [pool-739-thread-1] INFO  segmented.SegmentedRaftLogWorker (SegmentedRaftLogWorker.java:lambda$new$0(132)) - 27858f83-b177-46a0-be6d-5cc756b04b47-SegmentedRaftLogWorker:Storage Directory /workdir/hadoop-ozone/integration-test/target/test-dir/MiniOzoneClusterImpl-3e5eae9d-fe1a-4239-a18b-95efd0d45629/datanode-6/data/ratis/4b290b70-0366-4bcc-b7a8-83c4fc42e455: flushIndex: setUnconditionally 0 -> -1
2019-09-04 22:36:42,744 [pool-729-thread-1] INFO  server.RaftServerConfigKeys (ConfUtils.java:logGet(43)) - raft.server.log.statemachine.data.sync.timeout = 10s (default)
2019-09-04 22:36:42,744 [pool-709-thread-1] INFO  impl.RaftServerImpl (RaftServerImpl.java:start(180)) - 16eb735d-ddfa-43a0-a958-0cc463b6ee1f: start group-83C4FC42E455
2019-09-04 22:36:42,744 [pool-739-thread-1] INFO  server.RaftServerConfigKeys (ConfUtils.java:logGet(43)) - raft.server.snapshot.auto.trigger.enabled = true (custom)
2019-09-04 22:36:42,744 [pool-729-thread-1] INFO  server.RaftServerConfigKeys (ConfUtils.java:logGet(43)) - raft.server.log.statemachine.data.sync.timeout.retry = -1 (default)
2019-09-04 22:36:42,745 [pool-739-thread-1] INFO  server.RaftServerConfigKeys (ConfUtils.java:logGet(43)) - raft.server.snapshot.auto.trigger.threshold = 10000 (custom)
2019-09-04 22:36:42,745 [pool-709-thread-1] INFO  impl.RaftServerImpl (RaftServerImpl.java:setRole(171)) - 16eb735d-ddfa-43a0-a958-0cc463b6ee1f:group-83C4FC42E455 changes role from null to FOLLOWER at term 0 for startAsFollower
2019-09-04 22:36:42,745 [pool-739-thread-1] INFO  server.RaftServerConfigKeys (ConfUtils.java:logGet(43)) - raft.server.retrycache.expirytime = 600000ms (custom)
2019-09-04 22:36:42,745 [pool-729-thread-1] INFO  server.RaftServerConfigKeys (ConfUtils.java:logGet(43)) - raft.server.log.statemachine.data.caching.enabled = true (custom)
2019-09-04 22:36:42,745 [pool-739-thread-1] INFO  impl.RaftServerImpl (RaftServerImpl.java:start(180)) - 27858f83-b177-46a0-be6d-5cc756b04b47: start group-83C4FC42E455
2019-09-04 22:36:42,745 [pool-729-thread-1] INFO  segmented.SegmentedRaftLogWorker (SegmentedRaftLogWorker.java:lambda$new$0(132)) - dfe38629-739e-4f1a-92c4-47deec922a7c-SegmentedRaftLogWorker:Storage Directory /workdir/hadoop-ozone/integration-test/target/test-dir/MiniOzoneClusterImpl-3e5eae9d-fe1a-4239-a18b-95efd0d45629/datanode-5/data/ratis/4b290b70-0366-4bcc-b7a8-83c4fc42e455: flushIndex: setUnconditionally 0 -> -1
2019-09-04 22:36:42,745 [pool-709-thread-1] INFO  impl.RoleInfo (RoleInfo.java:updateAndGet(143)) - 16eb735d-ddfa-43a0-a958-0cc463b6ee1f: start FollowerState
2019-09-04 22:36:42,745 [pool-739-thread-1] INFO  impl.RaftServerImpl (RaftServerImpl.java:setRole(171)) - 27858f83-b177-46a0-be6d-5cc756b04b47:group-83C4FC42E455 changes role from null to FOLLOWER at term 0 for startAsFollower
2019-09-04 22:36:42,746 [pool-729-thread-1] INFO  server.RaftServerConfigKeys (ConfUtils.java:logGet(43)) - raft.server.snapshot.auto.trigger.enabled = true (custom)
2019-09-04 22:36:42,746 [pool-739-thread-1] INFO  impl.RoleInfo (RoleInfo.java:updateAndGet(143)) - 27858f83-b177-46a0-be6d-5cc756b04b47: start FollowerState
2019-09-04 22:36:42,746 [pool-709-thread-1] INFO  util.JmxRegister (JmxRegister.java:tryRegister(44)) - Successfully registered JMX Bean with object name Ratis:service=RaftServer,group=group-83C4FC42E455,id=16eb735d-ddfa-43a0-a958-0cc463b6ee1f
2019-09-04 22:36:42,746 [pool-729-thread-1] INFO  server.RaftServerConfigKeys (ConfUtils.java:logGet(43)) - raft.server.snapshot.auto.trigger.threshold = 10000 (custom)
2019-09-04 22:36:42,746 [pool-739-thread-1] INFO  util.JmxRegister (JmxRegister.java:tryRegister(44)) - Successfully registered JMX Bean with object name Ratis:service=RaftServer,group=group-83C4FC42E455,id=27858f83-b177-46a0-be6d-5cc756b04b47
2019-09-04 22:36:42,746 [pool-729-thread-1] INFO  server.RaftServerConfigKeys (ConfUtils.java:logGet(43)) - raft.server.retrycache.expirytime = 600000ms (custom)
2019-09-04 22:36:42,746 [pool-729-thread-1] INFO  impl.RaftServerImpl (RaftServerImpl.java:start(180)) - dfe38629-739e-4f1a-92c4-47deec922a7c: start group-83C4FC42E455
2019-09-04 22:36:42,747 [pool-729-thread-1] INFO  impl.RaftServerImpl (RaftServerImpl.java:setRole(171)) - dfe38629-739e-4f1a-92c4-47deec922a7c:group-83C4FC42E455 changes role from null to FOLLOWER at term 0 for startAsFollower
2019-09-04 22:36:42,747 [pool-729-thread-1] INFO  impl.RoleInfo (RoleInfo.java:updateAndGet(143)) - dfe38629-739e-4f1a-92c4-47deec922a7c: start FollowerState
2019-09-04 22:36:42,747 [pool-729-thread-1] INFO  util.JmxRegister (JmxRegister.java:tryRegister(44)) - Successfully registered JMX Bean with object name Ratis:service=RaftServer,group=group-83C4FC42E455,id=dfe38629-739e-4f1a-92c4-47deec922a7c
2019-09-04 22:36:42,749 [RatisPipelineUtilsThread] INFO  pipeline.PipelineStateManager (PipelineStateManager.java:addPipeline(56)) - Created pipeline Pipeline[ Id: 4b290b70-0366-4bcc-b7a8-83c4fc42e455, Nodes: 16eb735d-ddfa-43a0-a958-0cc463b6ee1f{ip: 192.168.5.151, host: pr-hdds-2064-6vxfq-1484162802, networkLocation: /default-rack, certSerialId: null}dfe38629-739e-4f1a-92c4-47deec922a7c{ip: 192.168.5.151, host: pr-hdds-2064-6vxfq-1484162802, networkLocation: /default-rack, certSerialId: null}27858f83-b177-46a0-be6d-5cc756b04b47{ip: 192.168.5.151, host: pr-hdds-2064-6vxfq-1484162802, networkLocation: /default-rack, certSerialId: null}, Type:RATIS, Factor:THREE, State:OPEN]
2019-09-04 22:36:43,558 [main] INFO  ozone.MiniOzoneClusterImpl (MiniOzoneClusterImpl.java:lambda$waitForClusterToBeReady$0(140)) - Cluster is ready. Got 7 of 7 DN Heartbeats.
2019-09-04 22:36:43,593 [main] INFO  rpc.RpcClient (RpcClient.java:createVolume(293)) - Creating Volume: testblockoutputstream, with jenkins1000 as owner.
2019-09-04 22:36:43,611 [main] INFO  rpc.RpcClient (RpcClient.java:createBucket(432)) - Creating Bucket: testblockoutputstream/testblockoutputstream, with Versioning false and Storage Type set to DISK and Encryption set to false 
2019-09-04 22:36:43,635 [grpc-default-executor-7] INFO  client.GrpcClientProtocolClient (GrpcClientProtocolClient.java:onNext(255)) - client-E02C7B5D2794->16eb735d-ddfa-43a0-a958-0cc463b6ee1f: receive RaftClientReply:client-E02C7B5D2794->16eb735d-ddfa-43a0-a958-0cc463b6ee1f@group-83C4FC42E455, cid=274, FAILED org.apache.ratis.protocol.NotLeaderException: Server 16eb735d-ddfa-43a0-a958-0cc463b6ee1f is not the leader (null). Request must be sent to leader., logIndex=0, commits[16eb735d-ddfa-43a0-a958-0cc463b6ee1f:c-1]
2019-09-04 22:36:44,647 [grpc-default-executor-5] INFO  client.GrpcClientProtocolClient (GrpcClientProtocolClient.java:onNext(255)) - client-E02C7B5D2794->dfe38629-739e-4f1a-92c4-47deec922a7c: receive RaftClientReply:client-E02C7B5D2794->dfe38629-739e-4f1a-92c4-47deec922a7c@group-83C4FC42E455, cid=274, FAILED org.apache.ratis.protocol.NotLeaderException: Server dfe38629-739e-4f1a-92c4-47deec922a7c is not the leader (null). Request must be sent to leader., logIndex=0, commits[dfe38629-739e-4f1a-92c4-47deec922a7c:c-1]
2019-09-04 22:36:45,174 [Thread-5214] INFO  container.ReplicationManager (ReplicationManager.java:start(162)) - Starting Replication Monitor Thread.
2019-09-04 22:36:45,178 [ReplicationMonitor] INFO  container.ReplicationManager (ReplicationManager.java:run(225)) - Replication Monitor Thread took 0 milliseconds for processing 1 containers.
2019-09-04 22:36:45,659 [grpc-default-executor-5] INFO  client.GrpcClientProtocolClient (GrpcClientProtocolClient.java:onNext(255)) - client-E02C7B5D2794->27858f83-b177-46a0-be6d-5cc756b04b47: receive RaftClientReply:client-E02C7B5D2794->27858f83-b177-46a0-be6d-5cc756b04b47@group-83C4FC42E455, cid=274, FAILED org.apache.ratis.protocol.NotLeaderException: Server 27858f83-b177-46a0-be6d-5cc756b04b47 is not the leader (null). Request must be sent to leader., logIndex=0, commits[27858f83-b177-46a0-be6d-5cc756b04b47:c-1]
2019-09-04 22:36:46,668 [grpc-default-executor-8] INFO  client.GrpcClientProtocolClient (GrpcClientProtocolClient.java:onNext(255)) - client-E02C7B5D2794->dfe38629-739e-4f1a-92c4-47deec922a7c: receive RaftClientReply:client-E02C7B5D2794->dfe38629-739e-4f1a-92c4-47deec922a7c@group-83C4FC42E455, cid=274, FAILED org.apache.ratis.protocol.NotLeaderException: Server dfe38629-739e-4f1a-92c4-47deec922a7c is not the leader (null). Request must be sent to leader., logIndex=0, commits[dfe38629-739e-4f1a-92c4-47deec922a7c:c-1]
2019-09-04 22:36:47,295 [Thread-5219] INFO  impl.FollowerState (FollowerState.java:run(106)) - ee59736f-a24c-469d-882b-c2dc09ed928a:group-310F33FD9B73 changes to CANDIDATE, lastRpcTime:5009, electionTimeout:5009ms
2019-09-04 22:36:47,295 [Thread-5219] INFO  impl.RoleInfo (RoleInfo.java:shutdownFollowerState(121)) - ee59736f-a24c-469d-882b-c2dc09ed928a: shutdown FollowerState
2019-09-04 22:36:47,295 [Thread-5219] INFO  impl.RaftServerImpl (RaftServerImpl.java:setRole(171)) - ee59736f-a24c-469d-882b-c2dc09ed928a:group-310F33FD9B73 changes role from FOLLOWER to CANDIDATE at term 0 for changeToCandidate
2019-09-04 22:36:47,296 [Thread-5219] INFO  impl.RoleInfo (RoleInfo.java:updateAndGet(143)) - ee59736f-a24c-469d-882b-c2dc09ed928a: start LeaderElection
2019-09-04 22:36:47,315 [ee59736f-a24c-469d-882b-c2dc09ed928a:group-310F33FD9B73:LeaderElection112] INFO  impl.LeaderElection (LeaderElection.java:askForVotes(181)) - ee59736f-a24c-469d-882b-c2dc09ed928a:group-310F33FD9B73:LeaderElection112: begin an election at term 1 for -1: [ee59736f-a24c-469d-882b-c2dc09ed928a:192.168.5.151:38942], old=null
2019-09-04 22:36:47,315 [ee59736f-a24c-469d-882b-c2dc09ed928a:group-310F33FD9B73:LeaderElection112] INFO  impl.RoleInfo (RoleInfo.java:shutdownLeaderElection(134)) - ee59736f-a24c-469d-882b-c2dc09ed928a: shutdown LeaderElection
2019-09-04 22:36:47,315 [ee59736f-a24c-469d-882b-c2dc09ed928a:group-310F33FD9B73:LeaderElection112] INFO  impl.RaftServerImpl (RaftServerImpl.java:setRole(171)) - ee59736f-a24c-469d-882b-c2dc09ed928a:group-310F33FD9B73 changes role from CANDIDATE to LEADER at term 1 for changeToLeader
2019-09-04 22:36:47,316 [ee59736f-a24c-469d-882b-c2dc09ed928a:group-310F33FD9B73:LeaderElection112] INFO  impl.RaftServerImpl (ServerState.java:setLeader(263)) - ee59736f-a24c-469d-882b-c2dc09ed928a:group-310F33FD9B73 change Leader from null to ee59736f-a24c-469d-882b-c2dc09ed928a at term 1 for becomeLeader, leader elected after 5035ms
2019-09-04 22:36:47,316 [ee59736f-a24c-469d-882b-c2dc09ed928a:group-310F33FD9B73:LeaderElection112] INFO  server.RaftServerConfigKeys (ConfUtils.java:logGet(43)) - raft.server.staging.catchup.gap = 1000 (default)
2019-09-04 22:36:47,316 [ee59736f-a24c-469d-882b-c2dc09ed928a:group-310F33FD9B73:LeaderElection112] INFO  server.RaftServerConfigKeys (ConfUtils.java:logGet(43)) - raft.server.rpc.sleep.time = 25ms (default)
2019-09-04 22:36:47,316 [ee59736f-a24c-469d-882b-c2dc09ed928a:group-310F33FD9B73:LeaderElection112] INFO  server.RaftServerConfigKeys (ConfUtils.java:logGet(43)) - raft.server.write.element-limit = 4096 (default)
2019-09-04 22:36:47,316 [ee59736f-a24c-469d-882b-c2dc09ed928a:group-310F33FD9B73:LeaderElection112] INFO  server.RaftServerConfigKeys (ConfUtils.java:logGet(43)) - raft.server.watch.timeout = 10s (default)
2019-09-04 22:36:47,316 [ee59736f-a24c-469d-882b-c2dc09ed928a:group-310F33FD9B73:LeaderElection112] INFO  server.RaftServerConfigKeys (ConfUtils.java:logGet(43)) - raft.server.watch.timeout.denomination = 1s (default)
2019-09-04 22:36:47,317 [ee59736f-a24c-469d-882b-c2dc09ed928a:group-310F33FD9B73:LeaderElection112] INFO  server.RaftServerConfigKeys (ConfUtils.java:logGet(43)) - raft.server.watch.element-limit = 65536 (default)
2019-09-04 22:36:47,317 [ee59736f-a24c-469d-882b-c2dc09ed928a:group-310F33FD9B73:LeaderElection112] INFO  impl.RoleInfo (RoleInfo.java:updateAndGet(143)) - ee59736f-a24c-469d-882b-c2dc09ed928a: start LeaderState
2019-09-04 22:36:47,317 [ee59736f-a24c-469d-882b-c2dc09ed928a:group-310F33FD9B73:LeaderElection112] INFO  segmented.SegmentedRaftLogWorker (SegmentedRaftLogWorker.java:startLogSegment(380)) - ee59736f-a24c-469d-882b-c2dc09ed928a-SegmentedRaftLogWorker:Storage Directory /workdir/hadoop-ozone/integration-test/target/test-dir/MiniOzoneClusterImpl-3e5eae9d-fe1a-4239-a18b-95efd0d45629/datanode-1/data/ratis/87d5b3ca-19d4-47f9-a48f-310f33fd9b73: Starting segment from index:0
2019-09-04 22:36:47,318 [ee59736f-a24c-469d-882b-c2dc09ed928a:group-310F33FD9B73:LeaderElection112] INFO  impl.RaftServerImpl (ServerState.java:setRaftConf(361)) - ee59736f-a24c-469d-882b-c2dc09ed928a:group-310F33FD9B73 set configuration 0: [ee59736f-a24c-469d-882b-c2dc09ed928a:192.168.5.151:38942], old=null at 0
2019-09-04 22:36:47,356 [ee59736f-a24c-469d-882b-c2dc09ed928a-SegmentedRaftLogWorker:Storage Directory /workdir/hadoop-ozone/integration-test/target/test-dir/MiniOzoneClusterImpl-3e5eae9d-fe1a-4239-a18b-95efd0d45629/datanode-1/data/ratis/87d5b3ca-19d4-47f9-a48f-310f33fd9b73] INFO  segmented.SegmentedRaftLogWorker (SegmentedRaftLogWorker.java:execute(569)) - ee59736f-a24c-469d-882b-c2dc09ed928a-SegmentedRaftLogWorker:Storage Directory /workdir/hadoop-ozone/integration-test/target/test-dir/MiniOzoneClusterImpl-3e5eae9d-fe1a-4239-a18b-95efd0d45629/datanode-1/data/ratis/87d5b3ca-19d4-47f9-a48f-310f33fd9b73: created new log segment /workdir/hadoop-ozone/integration-test/target/test-dir/MiniOzoneClusterImpl-3e5eae9d-fe1a-4239-a18b-95efd0d45629/datanode-1/data/ratis/87d5b3ca-19d4-47f9-a48f-310f33fd9b73/current/log_inprogress_0
2019-09-04 22:36:47,364 [Thread-5222] INFO  impl.FollowerState (FollowerState.java:run(106)) - 4eb339a3-18e9-42fa-b835-83c170646335:group-1F0FEAB9FAA3 changes to CANDIDATE, lastRpcTime:5023, electionTimeout:5023ms
2019-09-04 22:36:47,364 [Thread-5222] INFO  impl.RoleInfo (RoleInfo.java:shutdownFollowerState(121)) - 4eb339a3-18e9-42fa-b835-83c170646335: shutdown FollowerState
2019-09-04 22:36:47,364 [Thread-5222] INFO  impl.RaftServerImpl (RaftServerImpl.java:setRole(171)) - 4eb339a3-18e9-42fa-b835-83c170646335:group-1F0FEAB9FAA3 changes role from FOLLOWER to CANDIDATE at term 0 for changeToCandidate
2019-09-04 22:36:47,364 [Thread-5222] INFO  impl.RoleInfo (RoleInfo.java:updateAndGet(143)) - 4eb339a3-18e9-42fa-b835-83c170646335: start LeaderElection
2019-09-04 22:36:47,382 [4eb339a3-18e9-42fa-b835-83c170646335:group-1F0FEAB9FAA3:LeaderElection113] INFO  impl.LeaderElection (LeaderElection.java:askForVotes(181)) - 4eb339a3-18e9-42fa-b835-83c170646335:group-1F0FEAB9FAA3:LeaderElection113: begin an election at term 1 for -1: [4eb339a3-18e9-42fa-b835-83c170646335:192.168.5.151:33092], old=null
2019-09-04 22:36:47,382 [4eb339a3-18e9-42fa-b835-83c170646335:group-1F0FEAB9FAA3:LeaderElection113] INFO  impl.RoleInfo (RoleInfo.java:shutdownLeaderElection(134)) - 4eb339a3-18e9-42fa-b835-83c170646335: shutdown LeaderElection
2019-09-04 22:36:47,383 [4eb339a3-18e9-42fa-b835-83c170646335:group-1F0FEAB9FAA3:LeaderElection113] INFO  impl.RaftServerImpl (RaftServerImpl.java:setRole(171)) - 4eb339a3-18e9-42fa-b835-83c170646335:group-1F0FEAB9FAA3 changes role from CANDIDATE to LEADER at term 1 for changeToLeader
2019-09-04 22:36:47,383 [4eb339a3-18e9-42fa-b835-83c170646335:group-1F0FEAB9FAA3:LeaderElection113] INFO  impl.RaftServerImpl (ServerState.java:setLeader(263)) - 4eb339a3-18e9-42fa-b835-83c170646335:group-1F0FEAB9FAA3 change Leader from null to 4eb339a3-18e9-42fa-b835-83c170646335 at term 1 for becomeLeader, leader elected after 5045ms
2019-09-04 22:36:47,383 [4eb339a3-18e9-42fa-b835-83c170646335:group-1F0FEAB9FAA3:LeaderElection113] INFO  server.RaftServerConfigKeys (ConfUtils.java:logGet(43)) - raft.server.staging.catchup.gap = 1000 (default)
2019-09-04 22:36:47,383 [4eb339a3-18e9-42fa-b835-83c170646335:group-1F0FEAB9FAA3:LeaderElection113] INFO  server.RaftServerConfigKeys (ConfUtils.java:logGet(43)) - raft.server.rpc.sleep.time = 25ms (default)
2019-09-04 22:36:47,383 [4eb339a3-18e9-42fa-b835-83c170646335:group-1F0FEAB9FAA3:LeaderElection113] INFO  server.RaftServerConfigKeys (ConfUtils.java:logGet(43)) - raft.server.write.element-limit = 4096 (default)
2019-09-04 22:36:47,383 [4eb339a3-18e9-42fa-b835-83c170646335:group-1F0FEAB9FAA3:LeaderElection113] INFO  server.RaftServerConfigKeys (ConfUtils.java:logGet(43)) - raft.server.watch.timeout = 10s (default)
2019-09-04 22:36:47,383 [4eb339a3-18e9-42fa-b835-83c170646335:group-1F0FEAB9FAA3:LeaderElection113] INFO  server.RaftServerConfigKeys (ConfUtils.java:logGet(43)) - raft.server.watch.timeout.denomination = 1s (default)
2019-09-04 22:36:47,383 [4eb339a3-18e9-42fa-b835-83c170646335:group-1F0FEAB9FAA3:LeaderElection113] INFO  server.RaftServerConfigKeys (ConfUtils.java:logGet(43)) - raft.server.watch.element-limit = 65536 (default)
2019-09-04 22:36:47,384 [4eb339a3-18e9-42fa-b835-83c170646335:group-1F0FEAB9FAA3:LeaderElection113] INFO  impl.RoleInfo (RoleInfo.java:updateAndGet(143)) - 4eb339a3-18e9-42fa-b835-83c170646335: start LeaderState
2019-09-04 22:36:47,384 [4eb339a3-18e9-42fa-b835-83c170646335:group-1F0FEAB9FAA3:LeaderElection113] INFO  segmented.SegmentedRaftLogWorker (SegmentedRaftLogWorker.java:startLogSegment(380)) - 4eb339a3-18e9-42fa-b835-83c170646335-SegmentedRaftLogWorker:Storage Directory /workdir/hadoop-ozone/integration-test/target/test-dir/MiniOzoneClusterImpl-3e5eae9d-fe1a-4239-a18b-95efd0d45629/datanode-2/data/ratis/5c26b7ef-700e-4be1-9618-1f0feab9faa3: Starting segment from index:0
2019-09-04 22:36:47,384 [4eb339a3-18e9-42fa-b835-83c170646335:group-1F0FEAB9FAA3:LeaderElection113] INFO  impl.RaftServerImpl (ServerState.java:setRaftConf(361)) - 4eb339a3-18e9-42fa-b835-83c170646335:group-1F0FEAB9FAA3 set configuration 0: [4eb339a3-18e9-42fa-b835-83c170646335:192.168.5.151:33092], old=null at 0
2019-09-04 22:36:47,388 [Thread-5216] INFO  impl.FollowerState (FollowerState.java:run(106)) - e81b47d7-612c-4c3e-9b79-e98468129918:group-D7AA56C83CB9 changes to CANDIDATE, lastRpcTime:5161, electionTimeout:5161ms
2019-09-04 22:36:47,388 [Thread-5216] INFO  impl.RoleInfo (RoleInfo.java:shutdownFollowerState(121)) - e81b47d7-612c-4c3e-9b79-e98468129918: shutdown FollowerState
2019-09-04 22:36:47,388 [Thread-5216] INFO  impl.RaftServerImpl (RaftServerImpl.java:setRole(171)) - e81b47d7-612c-4c3e-9b79-e98468129918:group-D7AA56C83CB9 changes role from FOLLOWER to CANDIDATE at term 0 for changeToCandidate
2019-09-04 22:36:47,388 [Thread-5216] INFO  impl.RoleInfo (RoleInfo.java:updateAndGet(143)) - e81b47d7-612c-4c3e-9b79-e98468129918: start LeaderElection
2019-09-04 22:36:47,432 [4eb339a3-18e9-42fa-b835-83c170646335-SegmentedRaftLogWorker:Storage Directory /workdir/hadoop-ozone/integration-test/target/test-dir/MiniOzoneClusterImpl-3e5eae9d-fe1a-4239-a18b-95efd0d45629/datanode-2/data/ratis/5c26b7ef-700e-4be1-9618-1f0feab9faa3] INFO  segmented.SegmentedRaftLogWorker (SegmentedRaftLogWorker.java:execute(569)) - 4eb339a3-18e9-42fa-b835-83c170646335-SegmentedRaftLogWorker:Storage Directory /workdir/hadoop-ozone/integration-test/target/test-dir/MiniOzoneClusterImpl-3e5eae9d-fe1a-4239-a18b-95efd0d45629/datanode-2/data/ratis/5c26b7ef-700e-4be1-9618-1f0feab9faa3: created new log segment /workdir/hadoop-ozone/integration-test/target/test-dir/MiniOzoneClusterImpl-3e5eae9d-fe1a-4239-a18b-95efd0d45629/datanode-2/data/ratis/5c26b7ef-700e-4be1-9618-1f0feab9faa3/current/log_inprogress_0
2019-09-04 22:36:47,432 [e81b47d7-612c-4c3e-9b79-e98468129918:group-D7AA56C83CB9:LeaderElection114] INFO  impl.LeaderElection (LeaderElection.java:askForVotes(181)) - e81b47d7-612c-4c3e-9b79-e98468129918:group-D7AA56C83CB9:LeaderElection114: begin an election at term 1 for -1: [e81b47d7-612c-4c3e-9b79-e98468129918:192.168.5.151:33048], old=null
2019-09-04 22:36:47,432 [e81b47d7-612c-4c3e-9b79-e98468129918:group-D7AA56C83CB9:LeaderElection114] INFO  impl.RoleInfo (RoleInfo.java:shutdownLeaderElection(134)) - e81b47d7-612c-4c3e-9b79-e98468129918: shutdown LeaderElection
2019-09-04 22:36:47,432 [e81b47d7-612c-4c3e-9b79-e98468129918:group-D7AA56C83CB9:LeaderElection114] INFO  impl.RaftServerImpl (RaftServerImpl.java:setRole(171)) - e81b47d7-612c-4c3e-9b79-e98468129918:group-D7AA56C83CB9 changes role from CANDIDATE to LEADER at term 1 for changeToLeader
2019-09-04 22:36:47,432 [e81b47d7-612c-4c3e-9b79-e98468129918:group-D7AA56C83CB9:LeaderElection114] INFO  impl.RaftServerImpl (ServerState.java:setLeader(263)) - e81b47d7-612c-4c3e-9b79-e98468129918:group-D7AA56C83CB9 change Leader from null to e81b47d7-612c-4c3e-9b79-e98468129918 at term 1 for becomeLeader, leader elected after 5210ms
2019-09-04 22:36:47,433 [e81b47d7-612c-4c3e-9b79-e98468129918:group-D7AA56C83CB9:LeaderElection114] INFO  server.RaftServerConfigKeys (ConfUtils.java:logGet(43)) - raft.server.staging.catchup.gap = 1000 (default)
2019-09-04 22:36:47,433 [e81b47d7-612c-4c3e-9b79-e98468129918:group-D7AA56C83CB9:LeaderElection114] INFO  server.RaftServerConfigKeys (ConfUtils.java:logGet(43)) - raft.server.rpc.sleep.time = 25ms (default)
2019-09-04 22:36:47,433 [e81b47d7-612c-4c3e-9b79-e98468129918:group-D7AA56C83CB9:LeaderElection114] INFO  server.RaftServerConfigKeys (ConfUtils.java:logGet(43)) - raft.server.write.element-limit = 4096 (default)
2019-09-04 22:36:47,433 [e81b47d7-612c-4c3e-9b79-e98468129918:group-D7AA56C83CB9:LeaderElection114] INFO  server.RaftServerConfigKeys (ConfUtils.java:logGet(43)) - raft.server.watch.timeout = 10s (default)
2019-09-04 22:36:47,433 [e81b47d7-612c-4c3e-9b79-e98468129918:group-D7AA56C83CB9:LeaderElection114] INFO  server.RaftServerConfigKeys (ConfUtils.java:logGet(43)) - raft.server.watch.timeout.denomination = 1s (default)
2019-09-04 22:36:47,433 [e81b47d7-612c-4c3e-9b79-e98468129918:group-D7AA56C83CB9:LeaderElection114] INFO  server.RaftServerConfigKeys (ConfUtils.java:logGet(43)) - raft.server.watch.element-limit = 65536 (default)
2019-09-04 22:36:47,434 [e81b47d7-612c-4c3e-9b79-e98468129918:group-D7AA56C83CB9:LeaderElection114] INFO  impl.RoleInfo (RoleInfo.java:updateAndGet(143)) - e81b47d7-612c-4c3e-9b79-e98468129918: start LeaderState
2019-09-04 22:36:47,434 [e81b47d7-612c-4c3e-9b79-e98468129918:group-D7AA56C83CB9:LeaderElection114] INFO  segmented.SegmentedRaftLogWorker (SegmentedRaftLogWorker.java:startLogSegment(380)) - e81b47d7-612c-4c3e-9b79-e98468129918-SegmentedRaftLogWorker:Storage Directory /workdir/hadoop-ozone/integration-test/target/test-dir/MiniOzoneClusterImpl-3e5eae9d-fe1a-4239-a18b-95efd0d45629/datanode-0/data/ratis/7a7104fd-a288-43e4-92cb-d7aa56c83cb9: Starting segment from index:0
2019-09-04 22:36:47,434 [e81b47d7-612c-4c3e-9b79-e98468129918:group-D7AA56C83CB9:LeaderElection114] INFO  impl.RaftServerImpl (ServerState.java:setRaftConf(361)) - e81b47d7-612c-4c3e-9b79-e98468129918:group-D7AA56C83CB9 set configuration 0: [e81b47d7-612c-4c3e-9b79-e98468129918:192.168.5.151:33048], old=null at 0
2019-09-04 22:36:47,444 [Thread-5225] INFO  impl.FollowerState (FollowerState.java:run(106)) - ee59736f-a24c-469d-882b-c2dc09ed928a:group-E5F469940EF7 changes to CANDIDATE, lastRpcTime:5031, electionTimeout:5031ms
2019-09-04 22:36:47,444 [Thread-5225] INFO  impl.RoleInfo (RoleInfo.java:shutdownFollowerState(121)) - ee59736f-a24c-469d-882b-c2dc09ed928a: shutdown FollowerState
2019-09-04 22:36:47,444 [Thread-5225] INFO  impl.RaftServerImpl (RaftServerImpl.java:setRole(171)) - ee59736f-a24c-469d-882b-c2dc09ed928a:group-E5F469940EF7 changes role from FOLLOWER to CANDIDATE at term 0 for changeToCandidate
2019-09-04 22:36:47,444 [Thread-5225] INFO  impl.RoleInfo (RoleInfo.java:updateAndGet(143)) - ee59736f-a24c-469d-882b-c2dc09ed928a: start LeaderElection
2019-09-04 22:36:47,470 [e81b47d7-612c-4c3e-9b79-e98468129918-SegmentedRaftLogWorker:Storage Directory /workdir/hadoop-ozone/integration-test/target/test-dir/MiniOzoneClusterImpl-3e5eae9d-fe1a-4239-a18b-95efd0d45629/datanode-0/data/ratis/7a7104fd-a288-43e4-92cb-d7aa56c83cb9] INFO  segmented.SegmentedRaftLogWorker (SegmentedRaftLogWorker.java:execute(569)) - e81b47d7-612c-4c3e-9b79-e98468129918-SegmentedRaftLogWorker:Storage Directory /workdir/hadoop-ozone/integration-test/target/test-dir/MiniOzoneClusterImpl-3e5eae9d-fe1a-4239-a18b-95efd0d45629/datanode-0/data/ratis/7a7104fd-a288-43e4-92cb-d7aa56c83cb9: created new log segment /workdir/hadoop-ozone/integration-test/target/test-dir/MiniOzoneClusterImpl-3e5eae9d-fe1a-4239-a18b-95efd0d45629/datanode-0/data/ratis/7a7104fd-a288-43e4-92cb-d7aa56c83cb9/current/log_inprogress_0
2019-09-04 22:36:47,470 [ee59736f-a24c-469d-882b-c2dc09ed928a:group-E5F469940EF7:LeaderElection115] INFO  impl.LeaderElection (LeaderElection.java:askForVotes(181)) - ee59736f-a24c-469d-882b-c2dc09ed928a:group-E5F469940EF7:LeaderElection115: begin an election at term 1 for -1: [ee59736f-a24c-469d-882b-c2dc09ed928a:192.168.5.151:38942, 4eb339a3-18e9-42fa-b835-83c170646335:192.168.5.151:33092, e81b47d7-612c-4c3e-9b79-e98468129918:192.168.5.151:33048], old=null
2019-09-04 22:36:47,476 [grpc-default-executor-5] INFO  impl.RaftServerImpl (RaftServerImpl.java:setRole(171)) - 4eb339a3-18e9-42fa-b835-83c170646335:group-E5F469940EF7 changes role from FOLLOWER to FOLLOWER at term 1 for recognizeCandidate:ee59736f-a24c-469d-882b-c2dc09ed928a
2019-09-04 22:36:47,478 [grpc-default-executor-5] INFO  impl.RoleInfo (RoleInfo.java:shutdownFollowerState(121)) - 4eb339a3-18e9-42fa-b835-83c170646335: shutdown FollowerState
2019-09-04 22:36:47,478 [grpc-default-executor-7] INFO  impl.RaftServerImpl (RaftServerImpl.java:setRole(171)) - e81b47d7-612c-4c3e-9b79-e98468129918:group-E5F469940EF7 changes role from FOLLOWER to FOLLOWER at term 1 for recognizeCandidate:ee59736f-a24c-469d-882b-c2dc09ed928a
2019-09-04 22:36:47,478 [Thread-5229] INFO  impl.FollowerState (FollowerState.java:run(114)) - 4eb339a3-18e9-42fa-b835-83c170646335: FollowerState was interrupted: java.lang.InterruptedException: sleep interrupted
2019-09-04 22:36:47,478 [grpc-default-executor-5] INFO  impl.RoleInfo (RoleInfo.java:updateAndGet(143)) - 4eb339a3-18e9-42fa-b835-83c170646335: start FollowerState
2019-09-04 22:36:47,478 [grpc-default-executor-7] INFO  impl.RoleInfo (RoleInfo.java:shutdownFollowerState(121)) - e81b47d7-612c-4c3e-9b79-e98468129918: shutdown FollowerState
2019-09-04 22:36:47,479 [grpc-default-executor-7] INFO  impl.RoleInfo (RoleInfo.java:updateAndGet(143)) - e81b47d7-612c-4c3e-9b79-e98468129918: start FollowerState
2019-09-04 22:36:47,479 [Thread-5230] INFO  impl.FollowerState (FollowerState.java:run(114)) - e81b47d7-612c-4c3e-9b79-e98468129918: FollowerState was interrupted: java.lang.InterruptedException: sleep interrupted
2019-09-04 22:36:47,485 [ee59736f-a24c-469d-882b-c2dc09ed928a:group-E5F469940EF7:LeaderElection115] INFO  impl.LeaderElection (LeaderElection.java:logAndReturn(56)) - ee59736f-a24c-469d-882b-c2dc09ed928a:group-E5F469940EF7:LeaderElection115: Election PASSED; received 1 response(s) [ee59736f-a24c-469d-882b-c2dc09ed928a<-4eb339a3-18e9-42fa-b835-83c170646335#0:OK-t1] and 0 exception(s); ee59736f-a24c-469d-882b-c2dc09ed928a:t1, leader=null, voted=ee59736f-a24c-469d-882b-c2dc09ed928a, raftlog=ee59736f-a24c-469d-882b-c2dc09ed928a-SegmentedRaftLog:OPENED:c-1,f-1,i0, conf=-1: [ee59736f-a24c-469d-882b-c2dc09ed928a:192.168.5.151:38942, 4eb339a3-18e9-42fa-b835-83c170646335:192.168.5.151:33092, e81b47d7-612c-4c3e-9b79-e98468129918:192.168.5.151:33048], old=null
2019-09-04 22:36:47,485 [ee59736f-a24c-469d-882b-c2dc09ed928a:group-E5F469940EF7:LeaderElection115] INFO  impl.RoleInfo (RoleInfo.java:shutdownLeaderElection(134)) - ee59736f-a24c-469d-882b-c2dc09ed928a: shutdown LeaderElection
2019-09-04 22:36:47,485 [ee59736f-a24c-469d-882b-c2dc09ed928a:group-E5F469940EF7:LeaderElection115] INFO  impl.RaftServerImpl (RaftServerImpl.java:setRole(171)) - ee59736f-a24c-469d-882b-c2dc09ed928a:group-E5F469940EF7 changes role from CANDIDATE to LEADER at term 1 for changeToLeader
2019-09-04 22:36:47,485 [ee59736f-a24c-469d-882b-c2dc09ed928a:group-E5F469940EF7:LeaderElection115] INFO  impl.RaftServerImpl (ServerState.java:setLeader(263)) - ee59736f-a24c-469d-882b-c2dc09ed928a:group-E5F469940EF7 change Leader from null to ee59736f-a24c-469d-882b-c2dc09ed928a at term 1 for becomeLeader, leader elected after 5078ms
2019-09-04 22:36:47,485 [ee59736f-a24c-469d-882b-c2dc09ed928a:group-E5F469940EF7:LeaderElection115] INFO  server.RaftServerConfigKeys (ConfUtils.java:logGet(43)) - raft.server.staging.catchup.gap = 1000 (default)
2019-09-04 22:36:47,486 [ee59736f-a24c-469d-882b-c2dc09ed928a:group-E5F469940EF7:LeaderElection115] INFO  server.RaftServerConfigKeys (ConfUtils.java:logGet(43)) - raft.server.rpc.sleep.time = 25ms (default)
2019-09-04 22:36:47,486 [ee59736f-a24c-469d-882b-c2dc09ed928a:group-E5F469940EF7:LeaderElection115] INFO  server.RaftServerConfigKeys (ConfUtils.java:logGet(43)) - raft.server.write.element-limit = 4096 (default)
2019-09-04 22:36:47,486 [ee59736f-a24c-469d-882b-c2dc09ed928a:group-E5F469940EF7:LeaderElection115] INFO  server.RaftServerConfigKeys (ConfUtils.java:logGet(43)) - raft.server.watch.timeout = 10s (default)
2019-09-04 22:36:47,486 [ee59736f-a24c-469d-882b-c2dc09ed928a:group-E5F469940EF7:LeaderElection115] INFO  server.RaftServerConfigKeys (ConfUtils.java:logGet(43)) - raft.server.watch.timeout.denomination = 1s (default)
2019-09-04 22:36:47,486 [ee59736f-a24c-469d-882b-c2dc09ed928a:group-E5F469940EF7:LeaderElection115] INFO  server.RaftServerConfigKeys (ConfUtils.java:logGet(43)) - raft.server.watch.element-limit = 65536 (default)
2019-09-04 22:36:47,486 [ee59736f-a24c-469d-882b-c2dc09ed928a:group-E5F469940EF7:LeaderElection115] INFO  server.RaftServerConfigKeys (ConfUtils.java:logGet(43)) - raft.server.log.appender.snapshot.chunk.size.max = 16MB (=16777216) (default)
2019-09-04 22:36:47,487 [ee59736f-a24c-469d-882b-c2dc09ed928a:group-E5F469940EF7:LeaderElection115] INFO  server.RaftServerConfigKeys (ConfUtils.java:logGet(43)) - raft.server.log.appender.buffer.byte-limit = 33554432 (custom)
2019-09-04 22:36:47,487 [ee59736f-a24c-469d-882b-c2dc09ed928a:group-E5F469940EF7:LeaderElection115] INFO  server.RaftServerConfigKeys (ConfUtils.java:logGet(43)) - raft.server.log.appender.buffer.element-limit = 1 (custom)
2019-09-04 22:36:47,487 [ee59736f-a24c-469d-882b-c2dc09ed928a:group-E5F469940EF7:LeaderElection115] INFO  grpc.GrpcConfigKeys$Server (ConfUtils.java:logGet(43)) - raft.grpc.server.leader.outstanding.appends.max = 128 (default)
2019-09-04 22:36:47,487 [ee59736f-a24c-469d-882b-c2dc09ed928a:group-E5F469940EF7:LeaderElection115] INFO  server.RaftServerConfigKeys (ConfUtils.java:logGet(43)) - raft.server.rpc.request.timeout = 3000ms (default)
2019-09-04 22:36:47,487 [ee59736f-a24c-469d-882b-c2dc09ed928a:group-E5F469940EF7:LeaderElection115] INFO  server.RaftServerConfigKeys (ConfUtils.java:logGet(43)) - raft.server.log.appender.install.snapshot.enabled = false (custom)
2019-09-04 22:36:47,488 [ee59736f-a24c-469d-882b-c2dc09ed928a:group-E5F469940EF7:LeaderElection115] INFO  server.RaftServerConfigKeys (ConfUtils.java:logGet(43)) - raft.server.log.appender.snapshot.chunk.size.max = 16MB (=16777216) (default)
2019-09-04 22:36:47,488 [ee59736f-a24c-469d-882b-c2dc09ed928a:group-E5F469940EF7:LeaderElection115] INFO  server.RaftServerConfigKeys (ConfUtils.java:logGet(43)) - raft.server.log.appender.buffer.byte-limit = 33554432 (custom)
2019-09-04 22:36:47,488 [ee59736f-a24c-469d-882b-c2dc09ed928a:group-E5F469940EF7:LeaderElection115] INFO  server.RaftServerConfigKeys (ConfUtils.java:logGet(43)) - raft.server.log.appender.buffer.element-limit = 1 (custom)
2019-09-04 22:36:47,488 [ee59736f-a24c-469d-882b-c2dc09ed928a:group-E5F469940EF7:LeaderElection115] INFO  grpc.GrpcConfigKeys$Server (ConfUtils.java:logGet(43)) - raft.grpc.server.leader.outstanding.appends.max = 128 (default)
2019-09-04 22:36:47,488 [ee59736f-a24c-469d-882b-c2dc09ed928a:group-E5F469940EF7:LeaderElection115] INFO  server.RaftServerConfigKeys (ConfUtils.java:logGet(43)) - raft.server.rpc.request.timeout = 3000ms (default)
2019-09-04 22:36:47,489 [ee59736f-a24c-469d-882b-c2dc09ed928a:group-E5F469940EF7:LeaderElection115] INFO  server.RaftServerConfigKeys (ConfUtils.java:logGet(43)) - raft.server.log.appender.install.snapshot.enabled = false (custom)
2019-09-04 22:36:47,489 [ee59736f-a24c-469d-882b-c2dc09ed928a:group-E5F469940EF7:LeaderElection115] INFO  impl.RoleInfo (RoleInfo.java:updateAndGet(143)) - ee59736f-a24c-469d-882b-c2dc09ed928a: start LeaderState
2019-09-04 22:36:47,489 [ee59736f-a24c-469d-882b-c2dc09ed928a:group-E5F469940EF7:LeaderElection115] INFO  segmented.SegmentedRaftLogWorker (SegmentedRaftLogWorker.java:startLogSegment(380)) - ee59736f-a24c-469d-882b-c2dc09ed928a-SegmentedRaftLogWorker:Storage Directory /workdir/hadoop-ozone/integration-test/target/test-dir/MiniOzoneClusterImpl-3e5eae9d-fe1a-4239-a18b-95efd0d45629/datanode-1/data/ratis/5ee138b8-851a-4afb-af1f-e5f469940ef7: Starting segment from index:0
2019-09-04 22:36:47,490 [ee59736f-a24c-469d-882b-c2dc09ed928a:group-E5F469940EF7:LeaderElection115] INFO  impl.RaftServerImpl (ServerState.java:setRaftConf(361)) - ee59736f-a24c-469d-882b-c2dc09ed928a:group-E5F469940EF7 set configuration 0: [ee59736f-a24c-469d-882b-c2dc09ed928a:192.168.5.151:38942, 4eb339a3-18e9-42fa-b835-83c170646335:192.168.5.151:33092, e81b47d7-612c-4c3e-9b79-e98468129918:192.168.5.151:33048], old=null at 0
2019-09-04 22:36:47,526 [grpc-default-executor-7] INFO  impl.RaftServerImpl (ServerState.java:setLeader(263)) - 4eb339a3-18e9-42fa-b835-83c170646335:group-E5F469940EF7 change Leader from null to ee59736f-a24c-469d-882b-c2dc09ed928a at term 1 for appendEntries, leader elected after 5118ms
2019-09-04 22:36:47,528 [grpc-default-executor-5] INFO  impl.RaftServerImpl (ServerState.java:setLeader(263)) - e81b47d7-612c-4c3e-9b79-e98468129918:group-E5F469940EF7 change Leader from null to ee59736f-a24c-469d-882b-c2dc09ed928a at term 1 for appendEntries, leader elected after 5121ms
2019-09-04 22:36:47,528 [ee59736f-a24c-469d-882b-c2dc09ed928a-SegmentedRaftLogWorker:Storage Directory /workdir/hadoop-ozone/integration-test/target/test-dir/MiniOzoneClusterImpl-3e5eae9d-fe1a-4239-a18b-95efd0d45629/datanode-1/data/ratis/5ee138b8-851a-4afb-af1f-e5f469940ef7] INFO  segmented.SegmentedRaftLogWorker (SegmentedRaftLogWorker.java:execute(569)) - ee59736f-a24c-469d-882b-c2dc09ed928a-SegmentedRaftLogWorker:Storage Directory /workdir/hadoop-ozone/integration-test/target/test-dir/MiniOzoneClusterImpl-3e5eae9d-fe1a-4239-a18b-95efd0d45629/datanode-1/data/ratis/5ee138b8-851a-4afb-af1f-e5f469940ef7: created new log segment /workdir/hadoop-ozone/integration-test/target/test-dir/MiniOzoneClusterImpl-3e5eae9d-fe1a-4239-a18b-95efd0d45629/datanode-1/data/ratis/5ee138b8-851a-4afb-af1f-e5f469940ef7/current/log_inprogress_0
2019-09-04 22:36:47,530 [grpc-default-executor-5] INFO  impl.RaftServerImpl (ServerState.java:setRaftConf(361)) - 4eb339a3-18e9-42fa-b835-83c170646335:group-E5F469940EF7 set configuration 0: [ee59736f-a24c-469d-882b-c2dc09ed928a:192.168.5.151:38942, 4eb339a3-18e9-42fa-b835-83c170646335:192.168.5.151:33092, e81b47d7-612c-4c3e-9b79-e98468129918:192.168.5.151:33048], old=null at 0
2019-09-04 22:36:47,530 [grpc-default-executor-7] INFO  impl.RaftServerImpl (ServerState.java:setRaftConf(361)) - e81b47d7-612c-4c3e-9b79-e98468129918:group-E5F469940EF7 set configuration 0: [ee59736f-a24c-469d-882b-c2dc09ed928a:192.168.5.151:38942, 4eb339a3-18e9-42fa-b835-83c170646335:192.168.5.151:33092, e81b47d7-612c-4c3e-9b79-e98468129918:192.168.5.151:33048], old=null at 0
2019-09-04 22:36:47,531 [grpc-default-executor-5] INFO  segmented.SegmentedRaftLogWorker (SegmentedRaftLogWorker.java:startLogSegment(380)) - 4eb339a3-18e9-42fa-b835-83c170646335-SegmentedRaftLogWorker:Storage Directory /workdir/hadoop-ozone/integration-test/target/test-dir/MiniOzoneClusterImpl-3e5eae9d-fe1a-4239-a18b-95efd0d45629/datanode-2/data/ratis/5ee138b8-851a-4afb-af1f-e5f469940ef7: Starting segment from index:0
2019-09-04 22:36:47,531 [grpc-default-executor-7] INFO  segmented.SegmentedRaftLogWorker (SegmentedRaftLogWorker.java:startLogSegment(380)) - e81b47d7-612c-4c3e-9b79-e98468129918-SegmentedRaftLogWorker:Storage Directory /workdir/hadoop-ozone/integration-test/target/test-dir/MiniOzoneClusterImpl-3e5eae9d-fe1a-4239-a18b-95efd0d45629/datanode-0/data/ratis/5ee138b8-851a-4afb-af1f-e5f469940ef7: Starting segment from index:0
2019-09-04 22:36:47,566 [e81b47d7-612c-4c3e-9b79-e98468129918-SegmentedRaftLogWorker:Storage Directory /workdir/hadoop-ozone/integration-test/target/test-dir/MiniOzoneClusterImpl-3e5eae9d-fe1a-4239-a18b-95efd0d45629/datanode-0/data/ratis/5ee138b8-851a-4afb-af1f-e5f469940ef7] INFO  segmented.SegmentedRaftLogWorker (SegmentedRaftLogWorker.java:execute(569)) - e81b47d7-612c-4c3e-9b79-e98468129918-SegmentedRaftLogWorker:Storage Directory /workdir/hadoop-ozone/integration-test/target/test-dir/MiniOzoneClusterImpl-3e5eae9d-fe1a-4239-a18b-95efd0d45629/datanode-0/data/ratis/5ee138b8-851a-4afb-af1f-e5f469940ef7: created new log segment /workdir/hadoop-ozone/integration-test/target/test-dir/MiniOzoneClusterImpl-3e5eae9d-fe1a-4239-a18b-95efd0d45629/datanode-0/data/ratis/5ee138b8-851a-4afb-af1f-e5f469940ef7/current/log_inprogress_0
2019-09-04 22:36:47,570 [4eb339a3-18e9-42fa-b835-83c170646335-SegmentedRaftLogWorker:Storage Directory /workdir/hadoop-ozone/integration-test/target/test-dir/MiniOzoneClusterImpl-3e5eae9d-fe1a-4239-a18b-95efd0d45629/datanode-2/data/ratis/5ee138b8-851a-4afb-af1f-e5f469940ef7] INFO  segmented.SegmentedRaftLogWorker (SegmentedRaftLogWorker.java:execute(569)) - 4eb339a3-18e9-42fa-b835-83c170646335-SegmentedRaftLogWorker:Storage Directory /workdir/hadoop-ozone/integration-test/target/test-dir/MiniOzoneClusterImpl-3e5eae9d-fe1a-4239-a18b-95efd0d45629/datanode-2/data/ratis/5ee138b8-851a-4afb-af1f-e5f469940ef7: created new log segment /workdir/hadoop-ozone/integration-test/target/test-dir/MiniOzoneClusterImpl-3e5eae9d-fe1a-4239-a18b-95efd0d45629/datanode-2/data/ratis/5ee138b8-851a-4afb-af1f-e5f469940ef7/current/log_inprogress_0
2019-09-04 22:36:47,669 [Thread-5240] INFO  impl.FollowerState (FollowerState.java:run(106)) - 27858f83-b177-46a0-be6d-5cc756b04b47:group-DCA02446C33C changes to CANDIDATE, lastRpcTime:5032, electionTimeout:5032ms
2019-09-04 22:36:47,669 [Thread-5240] INFO  impl.RoleInfo (RoleInfo.java:shutdownFollowerState(121)) - 27858f83-b177-46a0-be6d-5cc756b04b47: shutdown FollowerState
2019-09-04 22:36:47,669 [Thread-5240] INFO  impl.RaftServerImpl (RaftServerImpl.java:setRole(171)) - 27858f83-b177-46a0-be6d-5cc756b04b47:group-DCA02446C33C changes role from FOLLOWER to CANDIDATE at term 0 for changeToCandidate
2019-09-04 22:36:47,669 [Thread-5240] INFO  impl.RoleInfo (RoleInfo.java:updateAndGet(143)) - 27858f83-b177-46a0-be6d-5cc756b04b47: start LeaderElection
2019-09-04 22:36:47,681 [Thread-5237] INFO  impl.FollowerState (FollowerState.java:run(106)) - dfe38629-739e-4f1a-92c4-47deec922a7c:group-0A7D19A89248 changes to CANDIDATE, lastRpcTime:5091, electionTimeout:5090ms
2019-09-04 22:36:47,681 [Thread-5237] INFO  impl.RoleInfo (RoleInfo.java:shutdownFollowerState(121)) - dfe38629-739e-4f1a-92c4-47deec922a7c: shutdown FollowerState
2019-09-04 22:36:47,681 [Thread-5237] INFO  impl.RaftServerImpl (RaftServerImpl.java:setRole(171)) - dfe38629-739e-4f1a-92c4-47deec922a7c:group-0A7D19A89248 changes role from FOLLOWER to CANDIDATE at term 0 for changeToCandidate
2019-09-04 22:36:47,682 [Thread-5237] INFO  impl.RoleInfo (RoleInfo.java:updateAndGet(143)) - dfe38629-739e-4f1a-92c4-47deec922a7c: start LeaderElection
2019-09-04 22:36:47,682 [grpc-default-executor-7] INFO  client.GrpcClientProtocolClient (GrpcClientProtocolClient.java:onNext(255)) - client-E02C7B5D2794->16eb735d-ddfa-43a0-a958-0cc463b6ee1f: receive RaftClientReply:client-E02C7B5D2794->16eb735d-ddfa-43a0-a958-0cc463b6ee1f@group-83C4FC42E455, cid=274, FAILED org.apache.ratis.protocol.NotLeaderException: Server 16eb735d-ddfa-43a0-a958-0cc463b6ee1f is not the leader (null). Request must be sent to leader., logIndex=0, commits[16eb735d-ddfa-43a0-a958-0cc463b6ee1f:c-1]
2019-09-04 22:36:47,687 [Thread-5234] INFO  impl.FollowerState (FollowerState.java:run(106)) - 16eb735d-ddfa-43a0-a958-0cc463b6ee1f:group-B4201672704A changes to CANDIDATE, lastRpcTime:5138, electionTimeout:5138ms
2019-09-04 22:36:47,687 [Thread-5234] INFO  impl.RoleInfo (RoleInfo.java:shutdownFollowerState(121)) - 16eb735d-ddfa-43a0-a958-0cc463b6ee1f: shutdown FollowerState
2019-09-04 22:36:47,690 [Thread-5234] INFO  impl.RaftServerImpl (RaftServerImpl.java:setRole(171)) - 16eb735d-ddfa-43a0-a958-0cc463b6ee1f:group-B4201672704A changes role from FOLLOWER to CANDIDATE at term 0 for changeToCandidate
2019-09-04 22:36:47,691 [Thread-5234] INFO  impl.RoleInfo (RoleInfo.java:updateAndGet(143)) - 16eb735d-ddfa-43a0-a958-0cc463b6ee1f: start LeaderElection
2019-09-04 22:36:47,698 [27858f83-b177-46a0-be6d-5cc756b04b47:group-DCA02446C33C:LeaderElection116] INFO  impl.LeaderElection (LeaderElection.java:askForVotes(181)) - 27858f83-b177-46a0-be6d-5cc756b04b47:group-DCA02446C33C:LeaderElection116: begin an election at term 1 for -1: [27858f83-b177-46a0-be6d-5cc756b04b47:192.168.5.151:35008], old=null
2019-09-04 22:36:47,698 [27858f83-b177-46a0-be6d-5cc756b04b47:group-DCA02446C33C:LeaderElection116] INFO  impl.RoleInfo (RoleInfo.java:shutdownLeaderElection(134)) - 27858f83-b177-46a0-be6d-5cc756b04b47: shutdown LeaderElection
2019-09-04 22:36:47,698 [27858f83-b177-46a0-be6d-5cc756b04b47:group-DCA02446C33C:LeaderElection116] INFO  impl.RaftServerImpl (RaftServerImpl.java:setRole(171)) - 27858f83-b177-46a0-be6d-5cc756b04b47:group-DCA02446C33C changes role from CANDIDATE to LEADER at term 1 for changeToLeader
2019-09-04 22:36:47,698 [27858f83-b177-46a0-be6d-5cc756b04b47:group-DCA02446C33C:LeaderElection116] INFO  impl.RaftServerImpl (ServerState.java:setLeader(263)) - 27858f83-b177-46a0-be6d-5cc756b04b47:group-DCA02446C33C change Leader from null to 27858f83-b177-46a0-be6d-5cc756b04b47 at term 1 for becomeLeader, leader elected after 5066ms
2019-09-04 22:36:47,698 [27858f83-b177-46a0-be6d-5cc756b04b47:group-DCA02446C33C:LeaderElection116] INFO  server.RaftServerConfigKeys (ConfUtils.java:logGet(43)) - raft.server.staging.catchup.gap = 1000 (default)
2019-09-04 22:36:47,699 [27858f83-b177-46a0-be6d-5cc756b04b47:group-DCA02446C33C:LeaderElection116] INFO  server.RaftServerConfigKeys (ConfUtils.java:logGet(43)) - raft.server.rpc.sleep.time = 25ms (default)
2019-09-04 22:36:47,699 [27858f83-b177-46a0-be6d-5cc756b04b47:group-DCA02446C33C:LeaderElection116] INFO  server.RaftServerConfigKeys (ConfUtils.java:logGet(43)) - raft.server.write.element-limit = 4096 (default)
2019-09-04 22:36:47,699 [27858f83-b177-46a0-be6d-5cc756b04b47:group-DCA02446C33C:LeaderElection116] INFO  server.RaftServerConfigKeys (ConfUtils.java:logGet(43)) - raft.server.watch.timeout = 10s (default)
2019-09-04 22:36:47,699 [27858f83-b177-46a0-be6d-5cc756b04b47:group-DCA02446C33C:LeaderElection116] INFO  server.RaftServerConfigKeys (ConfUtils.java:logGet(43)) - raft.server.watch.timeout.denomination = 1s (default)
2019-09-04 22:36:47,699 [27858f83-b177-46a0-be6d-5cc756b04b47:group-DCA02446C33C:LeaderElection116] INFO  server.RaftServerConfigKeys (ConfUtils.java:logGet(43)) - raft.server.watch.element-limit = 65536 (default)
2019-09-04 22:36:47,699 [27858f83-b177-46a0-be6d-5cc756b04b47:group-DCA02446C33C:LeaderElection116] INFO  impl.RoleInfo (RoleInfo.java:updateAndGet(143)) - 27858f83-b177-46a0-be6d-5cc756b04b47: start LeaderState
2019-09-04 22:36:47,700 [27858f83-b177-46a0-be6d-5cc756b04b47:group-DCA02446C33C:LeaderElection116] INFO  segmented.SegmentedRaftLogWorker (SegmentedRaftLogWorker.java:startLogSegment(380)) - 27858f83-b177-46a0-be6d-5cc756b04b47-SegmentedRaftLogWorker:Storage Directory /workdir/hadoop-ozone/integration-test/target/test-dir/MiniOzoneClusterImpl-3e5eae9d-fe1a-4239-a18b-95efd0d45629/datanode-6/data/ratis/816c8112-12e4-4d0f-8e9d-dca02446c33c: Starting segment from index:0
2019-09-04 22:36:47,700 [27858f83-b177-46a0-be6d-5cc756b04b47:group-DCA02446C33C:LeaderElection116] INFO  impl.RaftServerImpl (ServerState.java:setRaftConf(361)) - 27858f83-b177-46a0-be6d-5cc756b04b47:group-DCA02446C33C set configuration 0: [27858f83-b177-46a0-be6d-5cc756b04b47:192.168.5.151:35008], old=null at 0
2019-09-04 22:36:47,701 [dfe38629-739e-4f1a-92c4-47deec922a7c:group-0A7D19A89248:LeaderElection117] INFO  impl.LeaderElection (LeaderElection.java:askForVotes(181)) - dfe38629-739e-4f1a-92c4-47deec922a7c:group-0A7D19A89248:LeaderElection117: begin an election at term 1 for -1: [dfe38629-739e-4f1a-92c4-47deec922a7c:192.168.5.151:44807], old=null
2019-09-04 22:36:47,701 [16eb735d-ddfa-43a0-a958-0cc463b6ee1f:group-B4201672704A:LeaderElection118] INFO  impl.LeaderElection (LeaderElection.java:askForVotes(181)) - 16eb735d-ddfa-43a0-a958-0cc463b6ee1f:group-B4201672704A:LeaderElection118: begin an election at term 1 for -1: [16eb735d-ddfa-43a0-a958-0cc463b6ee1f:192.168.5.151:42873], old=null
2019-09-04 22:36:47,701 [dfe38629-739e-4f1a-92c4-47deec922a7c:group-0A7D19A89248:LeaderElection117] INFO  impl.RoleInfo (RoleInfo.java:shutdownLeaderElection(134)) - dfe38629-739e-4f1a-92c4-47deec922a7c: shutdown LeaderElection
2019-09-04 22:36:47,701 [16eb735d-ddfa-43a0-a958-0cc463b6ee1f:group-B4201672704A:LeaderElection118] INFO  impl.RoleInfo (RoleInfo.java:shutdownLeaderElection(134)) - 16eb735d-ddfa-43a0-a958-0cc463b6ee1f: shutdown LeaderElection
2019-09-04 22:36:47,701 [dfe38629-739e-4f1a-92c4-47deec922a7c:group-0A7D19A89248:LeaderElection117] INFO  impl.RaftServerImpl (RaftServerImpl.java:setRole(171)) - dfe38629-739e-4f1a-92c4-47deec922a7c:group-0A7D19A89248 changes role from CANDIDATE to LEADER at term 1 for changeToLeader
2019-09-04 22:36:47,701 [16eb735d-ddfa-43a0-a958-0cc463b6ee1f:group-B4201672704A:LeaderElection118] INFO  impl.RaftServerImpl (RaftServerImpl.java:setRole(171)) - 16eb735d-ddfa-43a0-a958-0cc463b6ee1f:group-B4201672704A changes role from CANDIDATE to LEADER at term 1 for changeToLeader
2019-09-04 22:36:47,701 [dfe38629-739e-4f1a-92c4-47deec922a7c:group-0A7D19A89248:LeaderElection117] INFO  impl.RaftServerImpl (ServerState.java:setLeader(263)) - dfe38629-739e-4f1a-92c4-47deec922a7c:group-0A7D19A89248 change Leader from null to dfe38629-739e-4f1a-92c4-47deec922a7c at term 1 for becomeLeader, leader elected after 5115ms
2019-09-04 22:36:47,701 [16eb735d-ddfa-43a0-a958-0cc463b6ee1f:group-B4201672704A:LeaderElection118] INFO  impl.RaftServerImpl (ServerState.java:setLeader(263)) - 16eb735d-ddfa-43a0-a958-0cc463b6ee1f:group-B4201672704A change Leader from null to 16eb735d-ddfa-43a0-a958-0cc463b6ee1f at term 1 for becomeLeader, leader elected after 5156ms
2019-09-04 22:36:47,701 [dfe38629-739e-4f1a-92c4-47deec922a7c:group-0A7D19A89248:LeaderElection117] INFO  server.RaftServerConfigKeys (ConfUtils.java:logGet(43)) - raft.server.staging.catchup.gap = 1000 (default)
2019-09-04 22:36:47,702 [16eb735d-ddfa-43a0-a958-0cc463b6ee1f:group-B4201672704A:LeaderElection118] INFO  server.RaftServerConfigKeys (ConfUtils.java:logGet(43)) - raft.server.staging.catchup.gap = 1000 (default)
2019-09-04 22:36:47,702 [dfe38629-739e-4f1a-92c4-47deec922a7c:group-0A7D19A89248:LeaderElection117] INFO  server.RaftServerConfigKeys (ConfUtils.java:logGet(43)) - raft.server.rpc.sleep.time = 25ms (default)
2019-09-04 22:36:47,702 [16eb735d-ddfa-43a0-a958-0cc463b6ee1f:group-B4201672704A:LeaderElection118] INFO  server.RaftServerConfigKeys (ConfUtils.java:logGet(43)) - raft.server.rpc.sleep.time = 25ms (default)
2019-09-04 22:36:47,702 [dfe38629-739e-4f1a-92c4-47deec922a7c:group-0A7D19A89248:LeaderElection117] INFO  server.RaftServerConfigKeys (ConfUtils.java:logGet(43)) - raft.server.write.element-limit = 4096 (default)
2019-09-04 22:36:47,702 [16eb735d-ddfa-43a0-a958-0cc463b6ee1f:group-B4201672704A:LeaderElection118] INFO  server.RaftServerConfigKeys (ConfUtils.java:logGet(43)) - raft.server.write.element-limit = 4096 (default)
2019-09-04 22:36:47,702 [dfe38629-739e-4f1a-92c4-47deec922a7c:group-0A7D19A89248:LeaderElection117] INFO  server.RaftServerConfigKeys (ConfUtils.java:logGet(43)) - raft.server.watch.timeout = 10s (default)
2019-09-04 22:36:47,702 [16eb735d-ddfa-43a0-a958-0cc463b6ee1f:group-B4201672704A:LeaderElection118] INFO  server.RaftServerConfigKeys (ConfUtils.java:logGet(43)) - raft.server.watch.timeout = 10s (default)
2019-09-04 22:36:47,702 [dfe38629-739e-4f1a-92c4-47deec922a7c:group-0A7D19A89248:LeaderElection117] INFO  server.RaftServerConfigKeys (ConfUtils.java:logGet(43)) - raft.server.watch.timeout.denomination = 1s (default)
2019-09-04 22:36:47,703 [16eb735d-ddfa-43a0-a958-0cc463b6ee1f:group-B4201672704A:LeaderElection118] INFO  server.RaftServerConfigKeys (ConfUtils.java:logGet(43)) - raft.server.watch.timeout.denomination = 1s (default)
2019-09-04 22:36:47,703 [dfe38629-739e-4f1a-92c4-47deec922a7c:group-0A7D19A89248:LeaderElection117] INFO  server.RaftServerConfigKeys (ConfUtils.java:logGet(43)) - raft.server.watch.element-limit = 65536 (default)
2019-09-04 22:36:47,703 [16eb735d-ddfa-43a0-a958-0cc463b6ee1f:group-B4201672704A:LeaderElection118] INFO  server.RaftServerConfigKeys (ConfUtils.java:logGet(43)) - raft.server.watch.element-limit = 65536 (default)
2019-09-04 22:36:47,703 [dfe38629-739e-4f1a-92c4-47deec922a7c:group-0A7D19A89248:LeaderElection117] INFO  impl.RoleInfo (RoleInfo.java:updateAndGet(143)) - dfe38629-739e-4f1a-92c4-47deec922a7c: start LeaderState
2019-09-04 22:36:47,703 [16eb735d-ddfa-43a0-a958-0cc463b6ee1f:group-B4201672704A:LeaderElection118] INFO  impl.RoleInfo (RoleInfo.java:updateAndGet(143)) - 16eb735d-ddfa-43a0-a958-0cc463b6ee1f: start LeaderState
2019-09-04 22:36:47,703 [dfe38629-739e-4f1a-92c4-47deec922a7c:group-0A7D19A89248:LeaderElection117] INFO  segmented.SegmentedRaftLogWorker (SegmentedRaftLogWorker.java:startLogSegment(380)) - dfe38629-739e-4f1a-92c4-47deec922a7c-SegmentedRaftLogWorker:Storage Directory /workdir/hadoop-ozone/integration-test/target/test-dir/MiniOzoneClusterImpl-3e5eae9d-fe1a-4239-a18b-95efd0d45629/datanode-5/data/ratis/e60f51d5-982a-4203-8022-0a7d19a89248: Starting segment from index:0
2019-09-04 22:36:47,703 [16eb735d-ddfa-43a0-a958-0cc463b6ee1f:group-B4201672704A:LeaderElection118] INFO  segmented.SegmentedRaftLogWorker (SegmentedRaftLogWorker.java:startLogSegment(380)) - 16eb735d-ddfa-43a0-a958-0cc463b6ee1f-SegmentedRaftLogWorker:Storage Directory /workdir/hadoop-ozone/integration-test/target/test-dir/MiniOzoneClusterImpl-3e5eae9d-fe1a-4239-a18b-95efd0d45629/datanode-3/data/ratis/fc41af3c-ecc4-4546-8a7f-b4201672704a: Starting segment from index:0
2019-09-04 22:36:47,704 [dfe38629-739e-4f1a-92c4-47deec922a7c:group-0A7D19A89248:LeaderElection117] INFO  impl.RaftServerImpl (ServerState.java:setRaftConf(361)) - dfe38629-739e-4f1a-92c4-47deec922a7c:group-0A7D19A89248 set configuration 0: [dfe38629-739e-4f1a-92c4-47deec922a7c:192.168.5.151:44807], old=null at 0
2019-09-04 22:36:47,704 [16eb735d-ddfa-43a0-a958-0cc463b6ee1f:group-B4201672704A:LeaderElection118] INFO  impl.RaftServerImpl (ServerState.java:setRaftConf(361)) - 16eb735d-ddfa-43a0-a958-0cc463b6ee1f:group-B4201672704A set configuration 0: [16eb735d-ddfa-43a0-a958-0cc463b6ee1f:192.168.5.151:42873], old=null at 0
2019-09-04 22:36:47,747 [16eb735d-ddfa-43a0-a958-0cc463b6ee1f-SegmentedRaftLogWorker:Storage Directory /workdir/hadoop-ozone/integration-test/target/test-dir/MiniOzoneClusterImpl-3e5eae9d-fe1a-4239-a18b-95efd0d45629/datanode-3/data/ratis/fc41af3c-ecc4-4546-8a7f-b4201672704a] INFO  segmented.SegmentedRaftLogWorker (SegmentedRaftLogWorker.java:execute(569)) - 16eb735d-ddfa-43a0-a958-0cc463b6ee1f-SegmentedRaftLogWorker:Storage Directory /workdir/hadoop-ozone/integration-test/target/test-dir/MiniOzoneClusterImpl-3e5eae9d-fe1a-4239-a18b-95efd0d45629/datanode-3/data/ratis/fc41af3c-ecc4-4546-8a7f-b4201672704a: created new log segment /workdir/hadoop-ozone/integration-test/target/test-dir/MiniOzoneClusterImpl-3e5eae9d-fe1a-4239-a18b-95efd0d45629/datanode-3/data/ratis/fc41af3c-ecc4-4546-8a7f-b4201672704a/current/log_inprogress_0
2019-09-04 22:36:47,747 [dfe38629-739e-4f1a-92c4-47deec922a7c-SegmentedRaftLogWorker:Storage Directory /workdir/hadoop-ozone/integration-test/target/test-dir/MiniOzoneClusterImpl-3e5eae9d-fe1a-4239-a18b-95efd0d45629/datanode-5/data/ratis/e60f51d5-982a-4203-8022-0a7d19a89248] INFO  segmented.SegmentedRaftLogWorker (SegmentedRaftLogWorker.java:execute(569)) - dfe38629-739e-4f1a-92c4-47deec922a7c-SegmentedRaftLogWorker:Storage Directory /workdir/hadoop-ozone/integration-test/target/test-dir/MiniOzoneClusterImpl-3e5eae9d-fe1a-4239-a18b-95efd0d45629/datanode-5/data/ratis/e60f51d5-982a-4203-8022-0a7d19a89248: created new log segment /workdir/hadoop-ozone/integration-test/target/test-dir/MiniOzoneClusterImpl-3e5eae9d-fe1a-4239-a18b-95efd0d45629/datanode-5/data/ratis/e60f51d5-982a-4203-8022-0a7d19a89248/current/log_inprogress_0
2019-09-04 22:36:47,747 [27858f83-b177-46a0-be6d-5cc756b04b47-SegmentedRaftLogWorker:Storage Directory /workdir/hadoop-ozone/integration-test/target/test-dir/MiniOzoneClusterImpl-3e5eae9d-fe1a-4239-a18b-95efd0d45629/datanode-6/data/ratis/816c8112-12e4-4d0f-8e9d-dca02446c33c] INFO  segmented.SegmentedRaftLogWorker (SegmentedRaftLogWorker.java:execute(569)) - 27858f83-b177-46a0-be6d-5cc756b04b47-SegmentedRaftLogWorker:Storage Directory /workdir/hadoop-ozone/integration-test/target/test-dir/MiniOzoneClusterImpl-3e5eae9d-fe1a-4239-a18b-95efd0d45629/datanode-6/data/ratis/816c8112-12e4-4d0f-8e9d-dca02446c33c: created new log segment /workdir/hadoop-ozone/integration-test/target/test-dir/MiniOzoneClusterImpl-3e5eae9d-fe1a-4239-a18b-95efd0d45629/datanode-6/data/ratis/816c8112-12e4-4d0f-8e9d-dca02446c33c/current/log_inprogress_0
2019-09-04 22:36:47,762 [Thread-5246] INFO  impl.FollowerState (FollowerState.java:run(106)) - 03c6856f-026f-444e-97d4-e408589c0526:group-13AF60BD5B20 changes to CANDIDATE, lastRpcTime:5083, electionTimeout:5083ms
2019-09-04 22:36:47,762 [Thread-5246] INFO  impl.RoleInfo (RoleInfo.java:shutdownFollowerState(121)) - 03c6856f-026f-444e-97d4-e408589c0526: shutdown FollowerState
2019-09-04 22:36:47,763 [Thread-5246] INFO  impl.RaftServerImpl (RaftServerImpl.java:setRole(171)) - 03c6856f-026f-444e-97d4-e408589c0526:group-13AF60BD5B20 changes role from FOLLOWER to CANDIDATE at term 0 for changeToCandidate
2019-09-04 22:36:47,763 [Thread-5246] INFO  impl.RoleInfo (RoleInfo.java:updateAndGet(143)) - 03c6856f-026f-444e-97d4-e408589c0526: start LeaderElection
2019-09-04 22:36:47,778 [Thread-5251] INFO  impl.FollowerState (FollowerState.java:run(106)) - 27858f83-b177-46a0-be6d-5cc756b04b47:group-83C4FC42E455 changes to CANDIDATE, lastRpcTime:5032, electionTimeout:5032ms
2019-09-04 22:36:47,779 [Thread-5251] INFO  impl.RoleInfo (RoleInfo.java:shutdownFollowerState(121)) - 27858f83-b177-46a0-be6d-5cc756b04b47: shutdown FollowerState
2019-09-04 22:36:47,779 [Thread-5251] INFO  impl.RaftServerImpl (RaftServerImpl.java:setRole(171)) - 27858f83-b177-46a0-be6d-5cc756b04b47:group-83C4FC42E455 changes role from FOLLOWER to CANDIDATE at term 0 for changeToCandidate
2019-09-04 22:36:47,779 [Thread-5251] INFO  impl.RoleInfo (RoleInfo.java:updateAndGet(143)) - 27858f83-b177-46a0-be6d-5cc756b04b47: start LeaderElection
2019-09-04 22:36:47,798 [03c6856f-026f-444e-97d4-e408589c0526:group-13AF60BD5B20:LeaderElection119] INFO  impl.LeaderElection (LeaderElection.java:askForVotes(181)) - 03c6856f-026f-444e-97d4-e408589c0526:group-13AF60BD5B20:LeaderElection119: begin an election at term 1 for -1: [03c6856f-026f-444e-97d4-e408589c0526:192.168.5.151:33159], old=null
2019-09-04 22:36:47,798 [27858f83-b177-46a0-be6d-5cc756b04b47:group-83C4FC42E455:LeaderElection120] INFO  impl.LeaderElection (LeaderElection.java:askForVotes(181)) - 27858f83-b177-46a0-be6d-5cc756b04b47:group-83C4FC42E455:LeaderElection120: begin an election at term 1 for -1: [27858f83-b177-46a0-be6d-5cc756b04b47:192.168.5.151:35008, 16eb735d-ddfa-43a0-a958-0cc463b6ee1f:192.168.5.151:42873, dfe38629-739e-4f1a-92c4-47deec922a7c:192.168.5.151:44807], old=null
2019-09-04 22:36:47,798 [03c6856f-026f-444e-97d4-e408589c0526:group-13AF60BD5B20:LeaderElection119] INFO  impl.RoleInfo (RoleInfo.java:shutdownLeaderElection(134)) - 03c6856f-026f-444e-97d4-e408589c0526: shutdown LeaderElection
2019-09-04 22:36:47,798 [03c6856f-026f-444e-97d4-e408589c0526:group-13AF60BD5B20:LeaderElection119] INFO  impl.RaftServerImpl (RaftServerImpl.java:setRole(171)) - 03c6856f-026f-444e-97d4-e408589c0526:group-13AF60BD5B20 changes role from CANDIDATE to LEADER at term 1 for changeToLeader
2019-09-04 22:36:47,799 [03c6856f-026f-444e-97d4-e408589c0526:group-13AF60BD5B20:LeaderElection119] INFO  impl.RaftServerImpl (ServerState.java:setLeader(263)) - 03c6856f-026f-444e-97d4-e408589c0526:group-13AF60BD5B20 change Leader from null to 03c6856f-026f-444e-97d4-e408589c0526 at term 1 for becomeLeader, leader elected after 5123ms
2019-09-04 22:36:47,799 [03c6856f-026f-444e-97d4-e408589c0526:group-13AF60BD5B20:LeaderElection119] INFO  server.RaftServerConfigKeys (ConfUtils.java:logGet(43)) - raft.server.staging.catchup.gap = 1000 (default)
2019-09-04 22:36:47,799 [03c6856f-026f-444e-97d4-e408589c0526:group-13AF60BD5B20:LeaderElection119] INFO  server.RaftServerConfigKeys (ConfUtils.java:logGet(43)) - raft.server.rpc.sleep.time = 25ms (default)
2019-09-04 22:36:47,799 [03c6856f-026f-444e-97d4-e408589c0526:group-13AF60BD5B20:LeaderElection119] INFO  server.RaftServerConfigKeys (ConfUtils.java:logGet(43)) - raft.server.write.element-limit = 4096 (default)
2019-09-04 22:36:47,800 [03c6856f-026f-444e-97d4-e408589c0526:group-13AF60BD5B20:LeaderElection119] INFO  server.RaftServerConfigKeys (ConfUtils.java:logGet(43)) - raft.server.watch.timeout = 10s (default)
2019-09-04 22:36:47,800 [03c6856f-026f-444e-97d4-e408589c0526:group-13AF60BD5B20:LeaderElection119] INFO  server.RaftServerConfigKeys (ConfUtils.java:logGet(43)) - raft.server.watch.timeout.denomination = 1s (default)
2019-09-04 22:36:47,800 [03c6856f-026f-444e-97d4-e408589c0526:group-13AF60BD5B20:LeaderElection119] INFO  server.RaftServerConfigKeys (ConfUtils.java:logGet(43)) - raft.server.watch.element-limit = 65536 (default)
2019-09-04 22:36:47,801 [03c6856f-026f-444e-97d4-e408589c0526:group-13AF60BD5B20:LeaderElection119] INFO  impl.RoleInfo (RoleInfo.java:updateAndGet(143)) - 03c6856f-026f-444e-97d4-e408589c0526: start LeaderState
2019-09-04 22:36:47,801 [03c6856f-026f-444e-97d4-e408589c0526:group-13AF60BD5B20:LeaderElection119] INFO  segmented.SegmentedRaftLogWorker (SegmentedRaftLogWorker.java:startLogSegment(380)) - 03c6856f-026f-444e-97d4-e408589c0526-SegmentedRaftLogWorker:Storage Directory /workdir/hadoop-ozone/integration-test/target/test-dir/MiniOzoneClusterImpl-3e5eae9d-fe1a-4239-a18b-95efd0d45629/datanode-4/data/ratis/79b58701-5de1-4afb-ba39-13af60bd5b20: Starting segment from index:0
2019-09-04 22:36:47,802 [03c6856f-026f-444e-97d4-e408589c0526:group-13AF60BD5B20:LeaderElection119] INFO  impl.RaftServerImpl (ServerState.java:setRaftConf(361)) - 03c6856f-026f-444e-97d4-e408589c0526:group-13AF60BD5B20 set configuration 0: [03c6856f-026f-444e-97d4-e408589c0526:192.168.5.151:33159], old=null at 0
2019-09-04 22:36:47,805 [grpc-default-executor-5] INFO  impl.RaftServerImpl (RaftServerImpl.java:setRole(171)) - 16eb735d-ddfa-43a0-a958-0cc463b6ee1f:group-83C4FC42E455 changes role from FOLLOWER to FOLLOWER at term 1 for recognizeCandidate:27858f83-b177-46a0-be6d-5cc756b04b47
2019-09-04 22:36:47,805 [grpc-default-executor-8] INFO  impl.RaftServerImpl (RaftServerImpl.java:setRole(171)) - dfe38629-739e-4f1a-92c4-47deec922a7c:group-83C4FC42E455 changes role from FOLLOWER to FOLLOWER at term 1 for recognizeCandidate:27858f83-b177-46a0-be6d-5cc756b04b47
2019-09-04 22:36:47,805 [grpc-default-executor-5] INFO  impl.RoleInfo (RoleInfo.java:shutdownFollowerState(121)) - 16eb735d-ddfa-43a0-a958-0cc463b6ee1f: shutdown FollowerState
2019-09-04 22:36:47,805 [grpc-default-executor-8] INFO  impl.RoleInfo (RoleInfo.java:shutdownFollowerState(121)) - dfe38629-739e-4f1a-92c4-47deec922a7c: shutdown FollowerState
2019-09-04 22:36:47,805 [grpc-default-executor-5] INFO  impl.RoleInfo (RoleInfo.java:updateAndGet(143)) - 16eb735d-ddfa-43a0-a958-0cc463b6ee1f: start FollowerState
2019-09-04 22:36:47,806 [Thread-5255] INFO  impl.FollowerState (FollowerState.java:run(114)) - dfe38629-739e-4f1a-92c4-47deec922a7c: FollowerState was interrupted: java.lang.InterruptedException: sleep interrupted
2019-09-04 22:36:47,806 [grpc-default-executor-8] INFO  impl.RoleInfo (RoleInfo.java:updateAndGet(143)) - dfe38629-739e-4f1a-92c4-47deec922a7c: start FollowerState
2019-09-04 22:36:47,806 [Thread-5250] INFO  impl.FollowerState (FollowerState.java:run(114)) - 16eb735d-ddfa-43a0-a958-0cc463b6ee1f: FollowerState was interrupted: java.lang.InterruptedException: sleep interrupted
2019-09-04 22:36:47,820 [27858f83-b177-46a0-be6d-5cc756b04b47:group-83C4FC42E455:LeaderElection120] INFO  impl.LeaderElection (LeaderElection.java:logAndReturn(56)) - 27858f83-b177-46a0-be6d-5cc756b04b47:group-83C4FC42E455:LeaderElection120: Election PASSED; received 1 response(s) [27858f83-b177-46a0-be6d-5cc756b04b47<-16eb735d-ddfa-43a0-a958-0cc463b6ee1f#0:OK-t1] and 0 exception(s); 27858f83-b177-46a0-be6d-5cc756b04b47:t1, leader=null, voted=27858f83-b177-46a0-be6d-5cc756b04b47, raftlog=27858f83-b177-46a0-be6d-5cc756b04b47-SegmentedRaftLog:OPENED:c-1,f-1,i0, conf=-1: [27858f83-b177-46a0-be6d-5cc756b04b47:192.168.5.151:35008, 16eb735d-ddfa-43a0-a958-0cc463b6ee1f:192.168.5.151:42873, dfe38629-739e-4f1a-92c4-47deec922a7c:192.168.5.151:44807], old=null
2019-09-04 22:36:47,821 [27858f83-b177-46a0-be6d-5cc756b04b47:group-83C4FC42E455:LeaderElection120] INFO  impl.RoleInfo (RoleInfo.java:shutdownLeaderElection(134)) - 27858f83-b177-46a0-be6d-5cc756b04b47: shutdown LeaderElection
2019-09-04 22:36:47,821 [27858f83-b177-46a0-be6d-5cc756b04b47:group-83C4FC42E455:LeaderElection120] INFO  impl.RaftServerImpl (RaftServerImpl.java:setRole(171)) - 27858f83-b177-46a0-be6d-5cc756b04b47:group-83C4FC42E455 changes role from CANDIDATE to LEADER at term 1 for changeToLeader
2019-09-04 22:36:47,821 [27858f83-b177-46a0-be6d-5cc756b04b47:group-83C4FC42E455:LeaderElection120] INFO  impl.RaftServerImpl (ServerState.java:setLeader(263)) - 27858f83-b177-46a0-be6d-5cc756b04b47:group-83C4FC42E455 change Leader from null to 27858f83-b177-46a0-be6d-5cc756b04b47 at term 1 for becomeLeader, leader elected after 5083ms
2019-09-04 22:36:47,821 [27858f83-b177-46a0-be6d-5cc756b04b47:group-83C4FC42E455:LeaderElection120] INFO  server.RaftServerConfigKeys (ConfUtils.java:logGet(43)) - raft.server.staging.catchup.gap = 1000 (default)
2019-09-04 22:36:47,821 [27858f83-b177-46a0-be6d-5cc756b04b47:group-83C4FC42E455:LeaderElection120] INFO  server.RaftServerConfigKeys (ConfUtils.java:logGet(43)) - raft.server.rpc.sleep.time = 25ms (default)
2019-09-04 22:36:47,821 [27858f83-b177-46a0-be6d-5cc756b04b47:group-83C4FC42E455:LeaderElection120] INFO  server.RaftServerConfigKeys (ConfUtils.java:logGet(43)) - raft.server.write.element-limit = 4096 (default)
2019-09-04 22:36:47,821 [27858f83-b177-46a0-be6d-5cc756b04b47:group-83C4FC42E455:LeaderElection120] INFO  server.RaftServerConfigKeys (ConfUtils.java:logGet(43)) - raft.server.watch.timeout = 10s (default)
2019-09-04 22:36:47,821 [27858f83-b177-46a0-be6d-5cc756b04b47:group-83C4FC42E455:LeaderElection120] INFO  server.RaftServerConfigKeys (ConfUtils.java:logGet(43)) - raft.server.watch.timeout.denomination = 1s (default)
2019-09-04 22:36:47,821 [27858f83-b177-46a0-be6d-5cc756b04b47:group-83C4FC42E455:LeaderElection120] INFO  server.RaftServerConfigKeys (ConfUtils.java:logGet(43)) - raft.server.watch.element-limit = 65536 (default)
2019-09-04 22:36:47,822 [27858f83-b177-46a0-be6d-5cc756b04b47:group-83C4FC42E455:LeaderElection120] INFO  server.RaftServerConfigKeys (ConfUtils.java:logGet(43)) - raft.server.log.appender.snapshot.chunk.size.max = 16MB (=16777216) (default)
2019-09-04 22:36:47,822 [27858f83-b177-46a0-be6d-5cc756b04b47:group-83C4FC42E455:LeaderElection120] INFO  server.RaftServerConfigKeys (ConfUtils.java:logGet(43)) - raft.server.log.appender.buffer.byte-limit = 33554432 (custom)
2019-09-04 22:36:47,822 [27858f83-b177-46a0-be6d-5cc756b04b47:group-83C4FC42E455:LeaderElection120] INFO  server.RaftServerConfigKeys (ConfUtils.java:logGet(43)) - raft.server.log.appender.buffer.element-limit = 1 (custom)
2019-09-04 22:36:47,822 [27858f83-b177-46a0-be6d-5cc756b04b47:group-83C4FC42E455:LeaderElection120] INFO  grpc.GrpcConfigKeys$Server (ConfUtils.java:logGet(43)) - raft.grpc.server.leader.outstanding.appends.max = 128 (default)
2019-09-04 22:36:47,822 [27858f83-b177-46a0-be6d-5cc756b04b47:group-83C4FC42E455:LeaderElection120] INFO  server.RaftServerConfigKeys (ConfUtils.java:logGet(43)) - raft.server.rpc.request.timeout = 3000ms (default)
2019-09-04 22:36:47,823 [27858f83-b177-46a0-be6d-5cc756b04b47:group-83C4FC42E455:LeaderElection120] INFO  server.RaftServerConfigKeys (ConfUtils.java:logGet(43)) - raft.server.log.appender.install.snapshot.enabled = false (custom)
2019-09-04 22:36:47,823 [27858f83-b177-46a0-be6d-5cc756b04b47:group-83C4FC42E455:LeaderElection120] INFO  server.RaftServerConfigKeys (ConfUtils.java:logGet(43)) - raft.server.log.appender.snapshot.chunk.size.max = 16MB (=16777216) (default)
2019-09-04 22:36:47,823 [27858f83-b177-46a0-be6d-5cc756b04b47:group-83C4FC42E455:LeaderElection120] INFO  server.RaftServerConfigKeys (ConfUtils.java:logGet(43)) - raft.server.log.appender.buffer.byte-limit = 33554432 (custom)
2019-09-04 22:36:47,823 [27858f83-b177-46a0-be6d-5cc756b04b47:group-83C4FC42E455:LeaderElection120] INFO  server.RaftServerConfigKeys (ConfUtils.java:logGet(43)) - raft.server.log.appender.buffer.element-limit = 1 (custom)
2019-09-04 22:36:47,823 [27858f83-b177-46a0-be6d-5cc756b04b47:group-83C4FC42E455:LeaderElection120] INFO  grpc.GrpcConfigKeys$Server (ConfUtils.java:logGet(43)) - raft.grpc.server.leader.outstanding.appends.max = 128 (default)
2019-09-04 22:36:47,823 [27858f83-b177-46a0-be6d-5cc756b04b47:group-83C4FC42E455:LeaderElection120] INFO  server.RaftServerConfigKeys (ConfUtils.java:logGet(43)) - raft.server.rpc.request.timeout = 3000ms (default)
2019-09-04 22:36:47,823 [27858f83-b177-46a0-be6d-5cc756b04b47:group-83C4FC42E455:LeaderElection120] INFO  server.RaftServerConfigKeys (ConfUtils.java:logGet(43)) - raft.server.log.appender.install.snapshot.enabled = false (custom)
2019-09-04 22:36:47,824 [27858f83-b177-46a0-be6d-5cc756b04b47:group-83C4FC42E455:LeaderElection120] INFO  impl.RoleInfo (RoleInfo.java:updateAndGet(143)) - 27858f83-b177-46a0-be6d-5cc756b04b47: start LeaderState
2019-09-04 22:36:47,824 [27858f83-b177-46a0-be6d-5cc756b04b47:group-83C4FC42E455:LeaderElection120] INFO  segmented.SegmentedRaftLogWorker (SegmentedRaftLogWorker.java:startLogSegment(380)) - 27858f83-b177-46a0-be6d-5cc756b04b47-SegmentedRaftLogWorker:Storage Directory /workdir/hadoop-ozone/integration-test/target/test-dir/MiniOzoneClusterImpl-3e5eae9d-fe1a-4239-a18b-95efd0d45629/datanode-6/data/ratis/4b290b70-0366-4bcc-b7a8-83c4fc42e455: Starting segment from index:0
2019-09-04 22:36:47,824 [27858f83-b177-46a0-be6d-5cc756b04b47:group-83C4FC42E455:LeaderElection120] INFO  impl.RaftServerImpl (ServerState.java:setRaftConf(361)) - 27858f83-b177-46a0-be6d-5cc756b04b47:group-83C4FC42E455 set configuration 0: [27858f83-b177-46a0-be6d-5cc756b04b47:192.168.5.151:35008, 16eb735d-ddfa-43a0-a958-0cc463b6ee1f:192.168.5.151:42873, dfe38629-739e-4f1a-92c4-47deec922a7c:192.168.5.151:44807], old=null at 0
2019-09-04 22:36:47,862 [grpc-default-executor-8] INFO  impl.RaftServerImpl (ServerState.java:setLeader(263)) - 16eb735d-ddfa-43a0-a958-0cc463b6ee1f:group-83C4FC42E455 change Leader from null to 27858f83-b177-46a0-be6d-5cc756b04b47 at term 1 for appendEntries, leader elected after 5124ms
2019-09-04 22:36:47,862 [grpc-default-executor-5] INFO  impl.RaftServerImpl (ServerState.java:setLeader(263)) - dfe38629-739e-4f1a-92c4-47deec922a7c:group-83C4FC42E455 change Leader from null to 27858f83-b177-46a0-be6d-5cc756b04b47 at term 1 for appendEntries, leader elected after 5124ms
2019-09-04 22:36:47,865 [grpc-default-executor-5] INFO  impl.RaftServerImpl (ServerState.java:setRaftConf(361)) - 16eb735d-ddfa-43a0-a958-0cc463b6ee1f:group-83C4FC42E455 set configuration 0: [27858f83-b177-46a0-be6d-5cc756b04b47:192.168.5.151:35008, 16eb735d-ddfa-43a0-a958-0cc463b6ee1f:192.168.5.151:42873, dfe38629-739e-4f1a-92c4-47deec922a7c:192.168.5.151:44807], old=null at 0
2019-09-04 22:36:47,865 [grpc-default-executor-8] INFO  impl.RaftServerImpl (ServerState.java:setRaftConf(361)) - dfe38629-739e-4f1a-92c4-47deec922a7c:group-83C4FC42E455 set configuration 0: [27858f83-b177-46a0-be6d-5cc756b04b47:192.168.5.151:35008, 16eb735d-ddfa-43a0-a958-0cc463b6ee1f:192.168.5.151:42873, dfe38629-739e-4f1a-92c4-47deec922a7c:192.168.5.151:44807], old=null at 0
2019-09-04 22:36:47,865 [grpc-default-executor-5] INFO  segmented.SegmentedRaftLogWorker (SegmentedRaftLogWorker.java:startLogSegment(380)) - 16eb735d-ddfa-43a0-a958-0cc463b6ee1f-SegmentedRaftLogWorker:Storage Directory /workdir/hadoop-ozone/integration-test/target/test-dir/MiniOzoneClusterImpl-3e5eae9d-fe1a-4239-a18b-95efd0d45629/datanode-3/data/ratis/4b290b70-0366-4bcc-b7a8-83c4fc42e455: Starting segment from index:0
2019-09-04 22:36:47,865 [grpc-default-executor-8] INFO  segmented.SegmentedRaftLogWorker (SegmentedRaftLogWorker.java:startLogSegment(380)) - dfe38629-739e-4f1a-92c4-47deec922a7c-SegmentedRaftLogWorker:Storage Directory /workdir/hadoop-ozone/integration-test/target/test-dir/MiniOzoneClusterImpl-3e5eae9d-fe1a-4239-a18b-95efd0d45629/datanode-5/data/ratis/4b290b70-0366-4bcc-b7a8-83c4fc42e455: Starting segment from index:0
2019-09-04 22:36:47,871 [27858f83-b177-46a0-be6d-5cc756b04b47-SegmentedRaftLogWorker:Storage Directory /workdir/hadoop-ozone/integration-test/target/test-dir/MiniOzoneClusterImpl-3e5eae9d-fe1a-4239-a18b-95efd0d45629/datanode-6/data/ratis/4b290b70-0366-4bcc-b7a8-83c4fc42e455] INFO  segmented.SegmentedRaftLogWorker (SegmentedRaftLogWorker.java:execute(569)) - 27858f83-b177-46a0-be6d-5cc756b04b47-SegmentedRaftLogWorker:Storage Directory /workdir/hadoop-ozone/integration-test/target/test-dir/MiniOzoneClusterImpl-3e5eae9d-fe1a-4239-a18b-95efd0d45629/datanode-6/data/ratis/4b290b70-0366-4bcc-b7a8-83c4fc42e455: created new log segment /workdir/hadoop-ozone/integration-test/target/test-dir/MiniOzoneClusterImpl-3e5eae9d-fe1a-4239-a18b-95efd0d45629/datanode-6/data/ratis/4b290b70-0366-4bcc-b7a8-83c4fc42e455/current/log_inprogress_0
2019-09-04 22:36:47,871 [03c6856f-026f-444e-97d4-e408589c0526-SegmentedRaftLogWorker:Storage Directory /workdir/hadoop-ozone/integration-test/target/test-dir/MiniOzoneClusterImpl-3e5eae9d-fe1a-4239-a18b-95efd0d45629/datanode-4/data/ratis/79b58701-5de1-4afb-ba39-13af60bd5b20] INFO  segmented.SegmentedRaftLogWorker (SegmentedRaftLogWorker.java:execute(569)) - 03c6856f-026f-444e-97d4-e408589c0526-SegmentedRaftLogWorker:Storage Directory /workdir/hadoop-ozone/integration-test/target/test-dir/MiniOzoneClusterImpl-3e5eae9d-fe1a-4239-a18b-95efd0d45629/datanode-4/data/ratis/79b58701-5de1-4afb-ba39-13af60bd5b20: created new log segment /workdir/hadoop-ozone/integration-test/target/test-dir/MiniOzoneClusterImpl-3e5eae9d-fe1a-4239-a18b-95efd0d45629/datanode-4/data/ratis/79b58701-5de1-4afb-ba39-13af60bd5b20/current/log_inprogress_0
2019-09-04 22:36:47,904 [16eb735d-ddfa-43a0-a958-0cc463b6ee1f-SegmentedRaftLogWorker:Storage Directory /workdir/hadoop-ozone/integration-test/target/test-dir/MiniOzoneClusterImpl-3e5eae9d-fe1a-4239-a18b-95efd0d45629/datanode-3/data/ratis/4b290b70-0366-4bcc-b7a8-83c4fc42e455] INFO  segmented.SegmentedRaftLogWorker (SegmentedRaftLogWorker.java:execute(569)) - 16eb735d-ddfa-43a0-a958-0cc463b6ee1f-SegmentedRaftLogWorker:Storage Directory /workdir/hadoop-ozone/integration-test/target/test-dir/MiniOzoneClusterImpl-3e5eae9d-fe1a-4239-a18b-95efd0d45629/datanode-3/data/ratis/4b290b70-0366-4bcc-b7a8-83c4fc42e455: created new log segment /workdir/hadoop-ozone/integration-test/target/test-dir/MiniOzoneClusterImpl-3e5eae9d-fe1a-4239-a18b-95efd0d45629/datanode-3/data/ratis/4b290b70-0366-4bcc-b7a8-83c4fc42e455/current/log_inprogress_0
2019-09-04 22:36:47,904 [dfe38629-739e-4f1a-92c4-47deec922a7c-SegmentedRaftLogWorker:Storage Directory /workdir/hadoop-ozone/integration-test/target/test-dir/MiniOzoneClusterImpl-3e5eae9d-fe1a-4239-a18b-95efd0d45629/datanode-5/data/ratis/4b290b70-0366-4bcc-b7a8-83c4fc42e455] INFO  segmented.SegmentedRaftLogWorker (SegmentedRaftLogWorker.java:execute(569)) - dfe38629-739e-4f1a-92c4-47deec922a7c-SegmentedRaftLogWorker:Storage Directory /workdir/hadoop-ozone/integration-test/target/test-dir/MiniOzoneClusterImpl-3e5eae9d-fe1a-4239-a18b-95efd0d45629/datanode-5/data/ratis/4b290b70-0366-4bcc-b7a8-83c4fc42e455: created new log segment /workdir/hadoop-ozone/integration-test/target/test-dir/MiniOzoneClusterImpl-3e5eae9d-fe1a-4239-a18b-95efd0d45629/datanode-5/data/ratis/4b290b70-0366-4bcc-b7a8-83c4fc42e455/current/log_inprogress_0
2019-09-04 22:36:48,875 [grpc-default-executor-5] INFO  client.GrpcClientProtocolClient (GrpcClientProtocolClient.java:onNext(255)) - client-E02C7B5D2794->27858f83-b177-46a0-be6d-5cc756b04b47: receive RaftClientReply:client-E02C7B5D2794->27858f83-b177-46a0-be6d-5cc756b04b47@group-83C4FC42E455, cid=274, SUCCESS, logIndex=1, commits[27858f83-b177-46a0-be6d-5cc756b04b47:c1, 16eb735d-ddfa-43a0-a958-0cc463b6ee1f:c0, dfe38629-739e-4f1a-92c4-47deec922a7c:c0]
2019-09-04 22:36:48,901 [grpc-default-executor-5] INFO  client.GrpcClientProtocolClient (GrpcClientProtocolClient.java:onNext(255)) - client-E02C7B5D2794->27858f83-b177-46a0-be6d-5cc756b04b47: receive RaftClientReply:client-E02C7B5D2794->27858f83-b177-46a0-be6d-5cc756b04b47@group-83C4FC42E455, cid=275, SUCCESS, logIndex=3, commits[27858f83-b177-46a0-be6d-5cc756b04b47:c3, 16eb735d-ddfa-43a0-a958-0cc463b6ee1f:c1, dfe38629-739e-4f1a-92c4-47deec922a7c:c1]
2019-09-04 22:36:48,953 [grpc-default-executor-8] INFO  client.GrpcClientProtocolClient (GrpcClientProtocolClient.java:onNext(255)) - client-E02C7B5D2794->27858f83-b177-46a0-be6d-5cc756b04b47: receive RaftClientReply:client-E02C7B5D2794->27858f83-b177-46a0-be6d-5cc756b04b47@group-83C4FC42E455, cid=276, SUCCESS, logIndex=4, commits[27858f83-b177-46a0-be6d-5cc756b04b47:c6, 16eb735d-ddfa-43a0-a958-0cc463b6ee1f:c3, dfe38629-739e-4f1a-92c4-47deec922a7c:c3]
2019-09-04 22:36:49,955 [main] WARN  scm.XceiverClientRatis (XceiverClientRatis.java:watchForCommit(262)) - 3 way commit failed on pipeline Pipeline[ Id: 4b290b70-0366-4bcc-b7a8-83c4fc42e455, Nodes: 16eb735d-ddfa-43a0-a958-0cc463b6ee1f{ip: 192.168.5.151, host: pr-hdds-2064-6vxfq-1484162802, networkLocation: /default-rack, certSerialId: null}dfe38629-739e-4f1a-92c4-47deec922a7c{ip: 192.168.5.151, host: pr-hdds-2064-6vxfq-1484162802, networkLocation: /default-rack, certSerialId: null}27858f83-b177-46a0-be6d-5cc756b04b47{ip: 192.168.5.151, host: pr-hdds-2064-6vxfq-1484162802, networkLocation: /default-rack, certSerialId: null}, Type:RATIS, Factor:THREE, State:OPEN]
java.util.concurrent.TimeoutException
	at java.util.concurrent.CompletableFuture.timedGet(CompletableFuture.java:1771)
	at java.util.concurrent.CompletableFuture.get(CompletableFuture.java:1915)
	at org.apache.hadoop.hdds.scm.XceiverClientRatis.watchForCommit(XceiverClientRatis.java:259)
	at org.apache.hadoop.hdds.scm.storage.CommitWatcher.watchForCommit(CommitWatcher.java:194)
	at org.apache.hadoop.hdds.scm.storage.CommitWatcher.watchOnLastIndex(CommitWatcher.java:157)
	at org.apache.hadoop.hdds.scm.storage.BlockOutputStream.watchForCommit(BlockOutputStream.java:347)
	at org.apache.hadoop.hdds.scm.storage.BlockOutputStream.handleFlush(BlockOutputStream.java:479)
	at org.apache.hadoop.hdds.scm.storage.BlockOutputStream.flush(BlockOutputStream.java:428)
	at org.apache.hadoop.ozone.client.io.BlockOutputStreamEntry.flush(BlockOutputStreamEntry.java:136)
	at org.apache.hadoop.ozone.client.io.KeyOutputStream.handleFlushOrClose(KeyOutputStream.java:442)
	at org.apache.hadoop.ozone.client.io.KeyOutputStream.flush(KeyOutputStream.java:396)
	at org.apache.hadoop.ozone.client.io.OzoneOutputStream.flush(OzoneOutputStream.java:54)
	at org.apache.hadoop.ozone.client.rpc.TestBlockOutputStreamWithFailures.testExceptionDuringClose(TestBlockOutputStreamWithFailures.java:720)
	at sun.reflect.NativeMethodAccessorImpl.invoke0(Native Method)
	at sun.reflect.NativeMethodAccessorImpl.invoke(NativeMethodAccessorImpl.java:62)
	at sun.reflect.DelegatingMethodAccessorImpl.invoke(DelegatingMethodAccessorImpl.java:43)
	at java.lang.reflect.Method.invoke(Method.java:498)
	at org.junit.runners.model.FrameworkMethod$1.runReflectiveCall(FrameworkMethod.java:47)
	at org.junit.internal.runners.model.ReflectiveCallable.run(ReflectiveCallable.java:12)
	at org.junit.runners.model.FrameworkMethod.invokeExplosively(FrameworkMethod.java:44)
	at org.junit.internal.runners.statements.InvokeMethod.evaluate(InvokeMethod.java:17)
	at org.junit.internal.runners.statements.RunBefores.evaluate(RunBefores.java:26)
	at org.junit.internal.runners.statements.RunAfters.evaluate(RunAfters.java:27)
	at org.junit.runners.ParentRunner.runLeaf(ParentRunner.java:271)
	at org.junit.runners.BlockJUnit4ClassRunner.runChild(BlockJUnit4ClassRunner.java:70)
	at org.junit.runners.BlockJUnit4ClassRunner.runChild(BlockJUnit4ClassRunner.java:50)
	at org.junit.runners.ParentRunner$3.run(ParentRunner.java:238)
	at org.junit.runners.ParentRunner$1.schedule(ParentRunner.java:63)
	at org.junit.runners.ParentRunner.runChildren(ParentRunner.java:236)
	at org.junit.runners.ParentRunner.access$000(ParentRunner.java:53)
	at org.junit.runners.ParentRunner$2.evaluate(ParentRunner.java:229)
	at org.junit.runners.ParentRunner.run(ParentRunner.java:309)
	at org.apache.maven.surefire.junit4.JUnit4Provider.execute(JUnit4Provider.java:365)
	at org.apache.maven.surefire.junit4.JUnit4Provider.executeWithRerun(JUnit4Provider.java:273)
	at org.apache.maven.surefire.junit4.JUnit4Provider.executeTestSet(JUnit4Provider.java:238)
	at org.apache.maven.surefire.junit4.JUnit4Provider.invoke(JUnit4Provider.java:159)
	at org.apache.maven.surefire.booter.ForkedBooter.invokeProviderInSameClassLoader(ForkedBooter.java:384)
	at org.apache.maven.surefire.booter.ForkedBooter.runSuitesInProcess(ForkedBooter.java:345)
	at org.apache.maven.surefire.booter.ForkedBooter.execute(ForkedBooter.java:126)
	at org.apache.maven.surefire.booter.ForkedBooter.main(ForkedBooter.java:418)
2019-09-04 22:36:50,957 [main] WARN  storage.CommitWatcher (CommitWatcher.java:watchForCommit(203)) - watchForCommit failed for index 4
java.util.concurrent.TimeoutException
	at java.util.concurrent.CompletableFuture.timedGet(CompletableFuture.java:1771)
	at java.util.concurrent.CompletableFuture.get(CompletableFuture.java:1915)
	at org.apache.hadoop.hdds.scm.XceiverClientRatis.watchForCommit(XceiverClientRatis.java:268)
	at org.apache.hadoop.hdds.scm.storage.CommitWatcher.watchForCommit(CommitWatcher.java:194)
	at org.apache.hadoop.hdds.scm.storage.CommitWatcher.watchOnLastIndex(CommitWatcher.java:157)
	at org.apache.hadoop.hdds.scm.storage.BlockOutputStream.watchForCommit(BlockOutputStream.java:347)
	at org.apache.hadoop.hdds.scm.storage.BlockOutputStream.handleFlush(BlockOutputStream.java:479)
	at org.apache.hadoop.hdds.scm.storage.BlockOutputStream.flush(BlockOutputStream.java:428)
	at org.apache.hadoop.ozone.client.io.BlockOutputStreamEntry.flush(BlockOutputStreamEntry.java:136)
	at org.apache.hadoop.ozone.client.io.KeyOutputStream.handleFlushOrClose(KeyOutputStream.java:442)
	at org.apache.hadoop.ozone.client.io.KeyOutputStream.flush(KeyOutputStream.java:396)
	at org.apache.hadoop.ozone.client.io.OzoneOutputStream.flush(OzoneOutputStream.java:54)
	at org.apache.hadoop.ozone.client.rpc.TestBlockOutputStreamWithFailures.testExceptionDuringClose(TestBlockOutputStreamWithFailures.java:720)
	at sun.reflect.NativeMethodAccessorImpl.invoke0(Native Method)
	at sun.reflect.NativeMethodAccessorImpl.invoke(NativeMethodAccessorImpl.java:62)
	at sun.reflect.DelegatingMethodAccessorImpl.invoke(DelegatingMethodAccessorImpl.java:43)
	at java.lang.reflect.Method.invoke(Method.java:498)
	at org.junit.runners.model.FrameworkMethod$1.runReflectiveCall(FrameworkMethod.java:47)
	at org.junit.internal.runners.model.ReflectiveCallable.run(ReflectiveCallable.java:12)
	at org.junit.runners.model.FrameworkMethod.invokeExplosively(FrameworkMethod.java:44)
	at org.junit.internal.runners.statements.InvokeMethod.evaluate(InvokeMethod.java:17)
	at org.junit.internal.runners.statements.RunBefores.evaluate(RunBefores.java:26)
	at org.junit.internal.runners.statements.RunAfters.evaluate(RunAfters.java:27)
	at org.junit.runners.ParentRunner.runLeaf(ParentRunner.java:271)
	at org.junit.runners.BlockJUnit4ClassRunner.runChild(BlockJUnit4ClassRunner.java:70)
	at org.junit.runners.BlockJUnit4ClassRunner.runChild(BlockJUnit4ClassRunner.java:50)
	at org.junit.runners.ParentRunner$3.run(ParentRunner.java:238)
	at org.junit.runners.ParentRunner$1.schedule(ParentRunner.java:63)
	at org.junit.runners.ParentRunner.runChildren(ParentRunner.java:236)
	at org.junit.runners.ParentRunner.access$000(ParentRunner.java:53)
	at org.junit.runners.ParentRunner$2.evaluate(ParentRunner.java:229)
	at org.junit.runners.ParentRunner.run(ParentRunner.java:309)
	at org.apache.maven.surefire.junit4.JUnit4Provider.execute(JUnit4Provider.java:365)
	at org.apache.maven.surefire.junit4.JUnit4Provider.executeWithRerun(JUnit4Provider.java:273)
	at org.apache.maven.surefire.junit4.JUnit4Provider.executeTestSet(JUnit4Provider.java:238)
	at org.apache.maven.surefire.junit4.JUnit4Provider.invoke(JUnit4Provider.java:159)
	at org.apache.maven.surefire.booter.ForkedBooter.invokeProviderInSameClassLoader(ForkedBooter.java:384)
	at org.apache.maven.surefire.booter.ForkedBooter.runSuitesInProcess(ForkedBooter.java:345)
	at org.apache.maven.surefire.booter.ForkedBooter.execute(ForkedBooter.java:126)
	at org.apache.maven.surefire.booter.ForkedBooter.main(ForkedBooter.java:418)
2019-09-04 22:36:50,958 [main] WARN  io.KeyOutputStream (KeyOutputStream.java:handleException(276)) - Encountered exception java.io.IOException: Unexpected Storage Container Exception: java.io.IOException: Unexpected Storage Container Exception: java.util.concurrent.TimeoutException on the pipeline Pipeline[ Id: 4b290b70-0366-4bcc-b7a8-83c4fc42e455, Nodes: 16eb735d-ddfa-43a0-a958-0cc463b6ee1f{ip: 192.168.5.151, host: pr-hdds-2064-6vxfq-1484162802, networkLocation: /default-rack, certSerialId: null}dfe38629-739e-4f1a-92c4-47deec922a7c{ip: 192.168.5.151, host: pr-hdds-2064-6vxfq-1484162802, networkLocation: /default-rack, certSerialId: null}27858f83-b177-46a0-be6d-5cc756b04b47{ip: 192.168.5.151, host: pr-hdds-2064-6vxfq-1484162802, networkLocation: /default-rack, certSerialId: null}, Type:RATIS, Factor:THREE, State:OPEN]. The last committed block length is 0, uncommitted data length is 167 retry count 0
2019-09-04 22:36:50,973 [grpc-default-executor-8] INFO  client.GrpcClientProtocolClient (GrpcClientProtocolClient.java:onNext(255)) - client-131B2E754D43->4eb339a3-18e9-42fa-b835-83c170646335: receive RaftClientReply:client-131B2E754D43->4eb339a3-18e9-42fa-b835-83c170646335@group-E5F469940EF7, cid=279, FAILED org.apache.ratis.protocol.NotLeaderException: Server 4eb339a3-18e9-42fa-b835-83c170646335 is not the leader (ee59736f-a24c-469d-882b-c2dc09ed928a:192.168.5.151:38942). Request must be sent to leader., logIndex=0, commits[4eb339a3-18e9-42fa-b835-83c170646335:c0, ee59736f-a24c-469d-882b-c2dc09ed928a:c0, e81b47d7-612c-4c3e-9b79-e98468129918:c0]
2019-09-04 22:36:51,177 [grpc-default-executor-5] INFO  client.GrpcClientProtocolClient (GrpcClientProtocolClient.java:onNext(255)) - client-131B2E754D43->ee59736f-a24c-469d-882b-c2dc09ed928a: receive RaftClientReply:client-131B2E754D43->ee59736f-a24c-469d-882b-c2dc09ed928a@group-E5F469940EF7, cid=279, SUCCESS, logIndex=1, commits[ee59736f-a24c-469d-882b-c2dc09ed928a:c1, 4eb339a3-18e9-42fa-b835-83c170646335:c0, e81b47d7-612c-4c3e-9b79-e98468129918:c0]
2019-09-04 22:36:51,203 [grpc-default-executor-5] INFO  client.GrpcClientProtocolClient (GrpcClientProtocolClient.java:onNext(255)) - client-131B2E754D43->ee59736f-a24c-469d-882b-c2dc09ed928a: receive RaftClientReply:client-131B2E754D43->ee59736f-a24c-469d-882b-c2dc09ed928a@group-E5F469940EF7, cid=280, SUCCESS, logIndex=3, commits[ee59736f-a24c-469d-882b-c2dc09ed928a:c4, 4eb339a3-18e9-42fa-b835-83c170646335:c1, e81b47d7-612c-4c3e-9b79-e98468129918:c1]
2019-09-04 22:36:51,244 [grpc-default-executor-7] INFO  client.GrpcClientProtocolClient (GrpcClientProtocolClient.java:onNext(255)) - client-131B2E754D43->ee59736f-a24c-469d-882b-c2dc09ed928a: receive RaftClientReply:client-131B2E754D43->ee59736f-a24c-469d-882b-c2dc09ed928a@group-E5F469940EF7, cid=281, SUCCESS, logIndex=4, commits[ee59736f-a24c-469d-882b-c2dc09ed928a:c6, 4eb339a3-18e9-42fa-b835-83c170646335:c4, e81b47d7-612c-4c3e-9b79-e98468129918:c4]
2019-09-04 22:36:51,245 [main] INFO  ozone.MiniOzoneClusterImpl (MiniOzoneClusterImpl.java:shutdown(307)) - Shutting down the Mini Ozone Cluster
2019-09-04 22:36:51,246 [main] INFO  ozone.MiniOzoneClusterImpl (MiniOzoneClusterImpl.java:stop(322)) - Stopping the Mini Ozone Cluster
2019-09-04 22:36:51,246 [main] INFO  ozone.MiniOzoneClusterImpl (MiniOzoneClusterImpl.java:stop(324)) - Stopping the OzoneManager
2019-09-04 22:36:51,246 [main] INFO  ipc.Server (Server.java:stop(3082)) - Stopping server on 41670
2019-09-04 22:36:51,264 [main] INFO  ratis.OzoneManagerDoubleBuffer (OzoneManagerDoubleBuffer.java:stop(248)) - Stopping OMDoubleBuffer flush thread
2019-09-04 22:36:51,266 [IPC Server Responder] INFO  ipc.Server (Server.java:run(1319)) - Stopping IPC Server Responder
2019-09-04 22:36:51,264 [IPC Server listener on 41670] INFO  ipc.Server (Server.java:run(1185)) - Stopping IPC Server listener on 41670
2019-09-04 22:36:51,273 [OMDoubleBufferFlushThread] INFO  ratis.OzoneManagerDoubleBuffer (OzoneManagerDoubleBuffer.java:flushTransactions(191)) - OMDoubleBuffer flush thread OMDoubleBufferFlushThread is interrupted and will exit. OMDoubleBufferFlushThread
2019-09-04 22:36:51,293 [main] INFO  utils.BackgroundService (BackgroundService.java:shutdown(148)) - Shutting down service KeyDeletingService
2019-09-04 22:36:51,297 [main] INFO  handler.ContextHandler (ContextHandler.java:doStop(910)) - Stopped o.e.j.w.WebAppContext@47eaf55c{/,null,UNAVAILABLE}{/ozoneManager}
2019-09-04 22:36:51,297 [main] INFO  server.AbstractConnector (AbstractConnector.java:doStop(318)) - Stopped ServerConnector@2c0798bd{HTTP/1.1,[http/1.1]}{0.0.0.0:0}
2019-09-04 22:36:51,298 [main] INFO  handler.ContextHandler (ContextHandler.java:doStop(910)) - Stopped o.e.j.s.ServletContextHandler@9c0d0bd{/static,file:///workdir/hadoop-ozone/integration-test/target/test-classes/webapps/static,UNAVAILABLE}
2019-09-04 22:36:51,298 [main] INFO  handler.ContextHandler (ContextHandler.java:doStop(910)) - Stopped o.e.j.s.ServletContextHandler@76af34b5{/logs,file:///workdir/hadoop-ozone/integration-test/target/log,UNAVAILABLE}
2019-09-04 22:36:51,300 [main] INFO  ozone.MiniOzoneClusterImpl (MiniOzoneClusterImpl.java:stop(330)) - Shutting the HddsDatanodes
2019-09-04 22:36:51,428 [grpc-default-executor-5] INFO  client.GrpcClientProtocolClient (GrpcClientProtocolClient.java:onNext(255)) - client-E02C7B5D2794->27858f83-b177-46a0-be6d-5cc756b04b47: receive RaftClientReply:client-E02C7B5D2794->27858f83-b177-46a0-be6d-5cc756b04b47@group-83C4FC42E455, cid=278, SUCCESS, logIndex=0, commits[27858f83-b177-46a0-be6d-5cc756b04b47:c6, 16eb735d-ddfa-43a0-a958-0cc463b6ee1f:c3, dfe38629-739e-4f1a-92c4-47deec922a7c:c6]
2019-09-04 22:36:51,428 [grpc-default-executor-5] INFO  client.GrpcClientProtocolClient (GrpcClientProtocolClient.java:onNext(255)) - client-E02C7B5D2794->27858f83-b177-46a0-be6d-5cc756b04b47: receive RaftClientReply:client-E02C7B5D2794->27858f83-b177-46a0-be6d-5cc756b04b47@group-83C4FC42E455, cid=277, SUCCESS, logIndex=0, commits[27858f83-b177-46a0-be6d-5cc756b04b47:c6, 16eb735d-ddfa-43a0-a958-0cc463b6ee1f:c6, dfe38629-739e-4f1a-92c4-47deec922a7c:c6]
2019-09-04 22:36:51,431 [Datanode State Machine Thread - 0] INFO  statemachine.DatanodeStateMachine (DatanodeStateMachine.java:lambda$startDaemon$0(350)) - Ozone container server started.
2019-09-04 22:36:52,161 [Datanode State Machine Thread - 0] INFO  statemachine.DatanodeStateMachine (DatanodeStateMachine.java:lambda$startDaemon$0(350)) - Ozone container server started.
2019-09-04 22:36:55,533 [EventQueue-StaleNodeForStaleNodeHandler] INFO  node.StaleNodeHandler (StaleNodeHandler.java:onMessage(58)) - Datanode 03c6856f-026f-444e-97d4-e408589c0526{ip: 192.168.5.151, host: pr-hdds-2064-6vxfq-1484162802, networkLocation: /default-rack, certSerialId: null} moved to stale state. Finalizing its pipelines [PipelineID=79b58701-5de1-4afb-ba39-13af60bd5b20]
2019-09-04 22:36:55,533 [EventQueue-StaleNodeForStaleNodeHandler] INFO  pipeline.SCMPipelineManager (SCMPipelineManager.java:finalizeAndDestroyPipeline(309)) - destroying pipeline:Pipeline[ Id: 79b58701-5de1-4afb-ba39-13af60bd5b20, Nodes: 03c6856f-026f-444e-97d4-e408589c0526{ip: 192.168.5.151, host: pr-hdds-2064-6vxfq-1484162802, networkLocation: /default-rack, certSerialId: null}, Type:RATIS, Factor:ONE, State:OPEN]
2019-09-04 22:36:55,533 [EventQueue-StaleNodeForStaleNodeHandler] INFO  pipeline.PipelineStateManager (PipelineStateManager.java:finalizePipeline(123)) - Pipeline Pipeline[ Id: 79b58701-5de1-4afb-ba39-13af60bd5b20, Nodes: 03c6856f-026f-444e-97d4-e408589c0526{ip: 192.168.5.151, host: pr-hdds-2064-6vxfq-1484162802, networkLocation: /default-rack, certSerialId: null}, Type:RATIS, Factor:ONE, State:CLOSED] moved to CLOSED state
2019-09-04 22:36:56,234 [EventQueue-StaleNodeForStaleNodeHandler] INFO  node.StaleNodeHandler (StaleNodeHandler.java:onMessage(58)) - Datanode ee59736f-a24c-469d-882b-c2dc09ed928a{ip: 192.168.5.151, host: pr-hdds-2064-6vxfq-1484162802, networkLocation: /default-rack, certSerialId: null} moved to stale state. Finalizing its pipelines [PipelineID=5ee138b8-851a-4afb-af1f-e5f469940ef7, PipelineID=87d5b3ca-19d4-47f9-a48f-310f33fd9b73]
2019-09-04 22:36:56,234 [EventQueue-StaleNodeForStaleNodeHandler] INFO  pipeline.SCMPipelineManager (SCMPipelineManager.java:finalizeAndDestroyPipeline(309)) - destroying pipeline:Pipeline[ Id: 5ee138b8-851a-4afb-af1f-e5f469940ef7, Nodes: 4eb339a3-18e9-42fa-b835-83c170646335{ip: 192.168.5.151, host: pr-hdds-2064-6vxfq-1484162802, networkLocation: /default-rack, certSerialId: null}ee59736f-a24c-469d-882b-c2dc09ed928a{ip: 192.168.5.151, host: pr-hdds-2064-6vxfq-1484162802, networkLocation: /default-rack, certSerialId: null}e81b47d7-612c-4c3e-9b79-e98468129918{ip: 192.168.5.151, host: pr-hdds-2064-6vxfq-1484162802, networkLocation: /default-rack, certSerialId: null}, Type:RATIS, Factor:THREE, State:OPEN]
2019-09-04 22:36:56,234 [EventQueue-StaleNodeForStaleNodeHandler] INFO  pipeline.PipelineStateManager (PipelineStateManager.java:finalizePipeline(123)) - Pipeline Pipeline[ Id: 5ee138b8-851a-4afb-af1f-e5f469940ef7, Nodes: 4eb339a3-18e9-42fa-b835-83c170646335{ip: 192.168.5.151, host: pr-hdds-2064-6vxfq-1484162802, networkLocation: /default-rack, certSerialId: null}ee59736f-a24c-469d-882b-c2dc09ed928a{ip: 192.168.5.151, host: pr-hdds-2064-6vxfq-1484162802, networkLocation: /default-rack, certSerialId: null}e81b47d7-612c-4c3e-9b79-e98468129918{ip: 192.168.5.151, host: pr-hdds-2064-6vxfq-1484162802, networkLocation: /default-rack, certSerialId: null}, Type:RATIS, Factor:THREE, State:CLOSED] moved to CLOSED state
2019-09-04 22:36:56,235 [EventQueue-StaleNodeForStaleNodeHandler] INFO  pipeline.SCMPipelineManager (SCMPipelineManager.java:finalizeAndDestroyPipeline(309)) - destroying pipeline:Pipeline[ Id: 87d5b3ca-19d4-47f9-a48f-310f33fd9b73, Nodes: ee59736f-a24c-469d-882b-c2dc09ed928a{ip: 192.168.5.151, host: pr-hdds-2064-6vxfq-1484162802, networkLocation: /default-rack, certSerialId: null}, Type:RATIS, Factor:ONE, State:OPEN]
2019-09-04 22:36:56,235 [EventQueue-CloseContainerForCloseContainerEventHandler] INFO  container.CloseContainerEventHandler (CloseContainerEventHandler.java:onMessage(61)) - Close container Event triggered for container : #2
2019-09-04 22:36:56,235 [EventQueue-StaleNodeForStaleNodeHandler] INFO  pipeline.PipelineStateManager (PipelineStateManager.java:finalizePipeline(123)) - Pipeline Pipeline[ Id: 87d5b3ca-19d4-47f9-a48f-310f33fd9b73, Nodes: ee59736f-a24c-469d-882b-c2dc09ed928a{ip: 192.168.5.151, host: pr-hdds-2064-6vxfq-1484162802, networkLocation: /default-rack, certSerialId: null}, Type:RATIS, Factor:ONE, State:CLOSED] moved to CLOSED state
2019-09-04 22:36:56,300 [main] INFO  ozoneimpl.OzoneContainer (OzoneContainer.java:stop(215)) - Attempting to stop container services.
2019-09-04 22:36:56,300 [ForkJoinPool.commonPool-worker-1] INFO  ozoneimpl.OzoneContainer (OzoneContainer.java:stop(215)) - Attempting to stop container services.
2019-09-04 22:36:56,301 [main] INFO  impl.RaftServerProxy (RaftServerProxy.java:lambda$close$4(314)) - 03c6856f-026f-444e-97d4-e408589c0526: close
2019-09-04 22:36:56,301 [ForkJoinPool.commonPool-worker-1] INFO  impl.RaftServerProxy (RaftServerProxy.java:lambda$close$4(314)) - ee59736f-a24c-469d-882b-c2dc09ed928a: close
2019-09-04 22:36:56,302 [main] INFO  impl.RaftServerImpl (RaftServerImpl.java:lambda$shutdown$3(245)) - 03c6856f-026f-444e-97d4-e408589c0526: shutdown group-13AF60BD5B20
2019-09-04 22:36:56,302 [ForkJoinPool.commonPool-worker-1] INFO  impl.RaftServerImpl (RaftServerImpl.java:lambda$shutdown$3(245)) - ee59736f-a24c-469d-882b-c2dc09ed928a: shutdown group-E5F469940EF7
2019-09-04 22:36:56,302 [main] INFO  util.JmxRegister (JmxRegister.java:unregister(73)) - Successfully un-registered JMX Bean with object name Ratis:service=RaftServer,group=group-13AF60BD5B20,id=03c6856f-026f-444e-97d4-e408589c0526
2019-09-04 22:36:56,303 [ForkJoinPool.commonPool-worker-1] INFO  util.JmxRegister (JmxRegister.java:unregister(73)) - Successfully un-registered JMX Bean with object name Ratis:service=RaftServer,group=group-E5F469940EF7,id=ee59736f-a24c-469d-882b-c2dc09ed928a
2019-09-04 22:36:56,303 [main] INFO  impl.RoleInfo (RoleInfo.java:shutdownLeaderState(104)) - 03c6856f-026f-444e-97d4-e408589c0526: shutdown LeaderState
2019-09-04 22:36:56,303 [ForkJoinPool.commonPool-worker-1] INFO  impl.RoleInfo (RoleInfo.java:shutdownLeaderState(104)) - ee59736f-a24c-469d-882b-c2dc09ed928a: shutdown LeaderState
2019-09-04 22:36:56,304 [main] INFO  impl.PendingRequests (PendingRequests.java:sendNotLeaderResponses(202)) - 03c6856f-026f-444e-97d4-e408589c0526-PendingRequests: sendNotLeaderResponses
2019-09-04 22:36:56,310 [org.apache.ratis.server.impl.LogAppender$AppenderDaemon$$Lambda$520/1835622507@9b218a7] WARN  server.GrpcLogAppender (GrpcLogAppender.java:mayWait(143)) - GrpcLogAppender(ee59736f-a24c-469d-882b-c2dc09ed928a->4eb339a3-18e9-42fa-b835-83c170646335): Wait interrupted by java.lang.InterruptedException
2019-09-04 22:36:56,310 [main] INFO  impl.StateMachineUpdater (StateMachineUpdater.java:stopAndJoin(115)) - StateMachineUpdater:03c6856f-026f-444e-97d4-e408589c0526:group-13AF60BD5B20: set stopIndex = 0
2019-09-04 22:36:56,310 [org.apache.ratis.server.impl.LogAppender$AppenderDaemon$$Lambda$520/1835622507@4cb087f5] WARN  server.GrpcLogAppender (GrpcLogAppender.java:mayWait(143)) - GrpcLogAppender(ee59736f-a24c-469d-882b-c2dc09ed928a->e81b47d7-612c-4c3e-9b79-e98468129918): Wait interrupted by java.lang.InterruptedException
2019-09-04 22:36:56,310 [ForkJoinPool.commonPool-worker-1] INFO  impl.PendingRequests (PendingRequests.java:sendNotLeaderResponses(202)) - ee59736f-a24c-469d-882b-c2dc09ed928a-PendingRequests: sendNotLeaderResponses
2019-09-04 22:36:56,311 [grpc-default-executor-5] INFO  server.GrpcServerProtocolService (GrpcServerProtocolService.java:onCompleted(104)) - e81b47d7-612c-4c3e-9b79-e98468129918: appendEntries completed
2019-09-04 22:36:56,311 [grpc-default-executor-7] INFO  server.GrpcServerProtocolService (GrpcServerProtocolService.java:onCompleted(104)) - 4eb339a3-18e9-42fa-b835-83c170646335: appendEntries completed
2019-09-04 22:36:56,311 [main] INFO  impl.RaftServerImpl (ServerState.java:close(394)) - 03c6856f-026f-444e-97d4-e408589c0526:group-13AF60BD5B20 closes. The last applied log index is 0
2019-09-04 22:36:56,316 [grpc-default-executor-5] INFO  server.GrpcLogAppender (GrpcLogAppender.java:onCompleted(292)) - ee59736f-a24c-469d-882b-c2dc09ed928a->e81b47d7-612c-4c3e-9b79-e98468129918: follower responses appendEntries COMPLETED
2019-09-04 22:36:56,316 [StateMachineUpdater:ee59736f-a24c-469d-882b-c2dc09ed928a:group-E5F469940EF7] INFO  ratis.ContainerStateMachine (ContainerStateMachine.java:takeSnapshot(284)) - group-E5F469940EF7: Taking a snapshot at:(t:1, i:6) file /workdir/hadoop-ozone/integration-test/target/test-dir/MiniOzoneClusterImpl-3e5eae9d-fe1a-4239-a18b-95efd0d45629/datanode-1/data/ratis/5ee138b8-851a-4afb-af1f-e5f469940ef7/sm/snapshot.1_6
2019-09-04 22:36:56,317 [grpc-default-executor-5] INFO  impl.FollowerInfo (FollowerInfo.java:lambda$new$0(50)) - ee59736f-a24c-469d-882b-c2dc09ed928a->e81b47d7-612c-4c3e-9b79-e98468129918: nextIndex: updateUnconditionally 7 -> 6
2019-09-04 22:36:56,315 [ForkJoinPool.commonPool-worker-1] INFO  impl.StateMachineUpdater (StateMachineUpdater.java:stopAndJoin(115)) - StateMachineUpdater:ee59736f-a24c-469d-882b-c2dc09ed928a:group-E5F469940EF7: set stopIndex = 6
2019-09-04 22:36:56,316 [03c6856f-026f-444e-97d4-e408589c0526-SegmentedRaftLogWorker:Storage Directory /workdir/hadoop-ozone/integration-test/target/test-dir/MiniOzoneClusterImpl-3e5eae9d-fe1a-4239-a18b-95efd0d45629/datanode-4/data/ratis/79b58701-5de1-4afb-ba39-13af60bd5b20] INFO  segmented.SegmentedRaftLogWorker (SegmentedRaftLogWorker.java:run(313)) - 03c6856f-026f-444e-97d4-e408589c0526-SegmentedRaftLogWorker:Storage Directory /workdir/hadoop-ozone/integration-test/target/test-dir/MiniOzoneClusterImpl-3e5eae9d-fe1a-4239-a18b-95efd0d45629/datanode-4/data/ratis/79b58701-5de1-4afb-ba39-13af60bd5b20 was interrupted, exiting. There are 0 tasks remaining in the queue.
2019-09-04 22:36:56,316 [grpc-default-executor-7] INFO  server.GrpcLogAppender (GrpcLogAppender.java:onCompleted(292)) - ee59736f-a24c-469d-882b-c2dc09ed928a->4eb339a3-18e9-42fa-b835-83c170646335: follower responses appendEntries COMPLETED
2019-09-04 22:36:56,320 [main] INFO  segmented.SegmentedRaftLogWorker (SegmentedRaftLogWorker.java:close(228)) - 03c6856f-026f-444e-97d4-e408589c0526-SegmentedRaftLogWorker:Storage Directory /workdir/hadoop-ozone/integration-test/target/test-dir/MiniOzoneClusterImpl-3e5eae9d-fe1a-4239-a18b-95efd0d45629/datanode-4/data/ratis/79b58701-5de1-4afb-ba39-13af60bd5b20 close()
2019-09-04 22:36:56,320 [grpc-default-executor-7] INFO  impl.FollowerInfo (FollowerInfo.java:lambda$new$0(50)) - ee59736f-a24c-469d-882b-c2dc09ed928a->4eb339a3-18e9-42fa-b835-83c170646335: nextIndex: updateUnconditionally 7 -> 6
2019-09-04 22:36:56,324 [main] INFO  server.GrpcService (GrpcService.java:closeImpl(155)) - 03c6856f-026f-444e-97d4-e408589c0526: shutdown server with port 33159 now
2019-09-04 22:36:56,325 [main] INFO  server.GrpcService (GrpcService.java:closeImpl(163)) - 03c6856f-026f-444e-97d4-e408589c0526: shutdown server with port 33159 successfully
2019-09-04 22:36:56,330 [refreshUsed-/workdir/hadoop-ozone/integration-test/target/test-dir/MiniOzoneClusterImpl-3e5eae9d-fe1a-4239-a18b-95efd0d45629/datanode-4/data/containers] WARN  fs.CachingGetSpaceUsed (CachingGetSpaceUsed.java:run(183)) - Thread Interrupted waiting to refresh disk information: sleep interrupted
2019-09-04 22:36:56,331 [StateMachineUpdater:ee59736f-a24c-469d-882b-c2dc09ed928a:group-E5F469940EF7] INFO  ratis.ContainerStateMachine (ContainerStateMachine.java:takeSnapshot(295)) - group-E5F469940EF7: Finished taking a snapshot at:(t:1, i:6) file:/workdir/hadoop-ozone/integration-test/target/test-dir/MiniOzoneClusterImpl-3e5eae9d-fe1a-4239-a18b-95efd0d45629/datanode-1/data/ratis/5ee138b8-851a-4afb-af1f-e5f469940ef7/sm/snapshot.1_6 time:15
2019-09-04 22:36:56,331 [StateMachineUpdater:ee59736f-a24c-469d-882b-c2dc09ed928a:group-E5F469940EF7] INFO  impl.StateMachineUpdater (StateMachineUpdater.java:takeSnapshot(242)) - StateMachineUpdater:ee59736f-a24c-469d-882b-c2dc09ed928a:group-E5F469940EF7: Took a snapshot at index 6
2019-09-04 22:36:56,331 [StateMachineUpdater:ee59736f-a24c-469d-882b-c2dc09ed928a:group-E5F469940EF7] INFO  impl.StateMachineUpdater (StateMachineUpdater.java:lambda$new$0(80)) - StateMachineUpdater:ee59736f-a24c-469d-882b-c2dc09ed928a:group-E5F469940EF7: snapshotIndex: updateIncreasingly -1 -> 6
2019-09-04 22:36:56,331 [ForkJoinPool.commonPool-worker-1] INFO  impl.RaftServerImpl (ServerState.java:close(394)) - ee59736f-a24c-469d-882b-c2dc09ed928a:group-E5F469940EF7 closes. The last applied log index is 6
2019-09-04 22:36:56,332 [ee59736f-a24c-469d-882b-c2dc09ed928a-SegmentedRaftLogWorker:Storage Directory /workdir/hadoop-ozone/integration-test/target/test-dir/MiniOzoneClusterImpl-3e5eae9d-fe1a-4239-a18b-95efd0d45629/datanode-1/data/ratis/5ee138b8-851a-4afb-af1f-e5f469940ef7] INFO  segmented.SegmentedRaftLogWorker (SegmentedRaftLogWorker.java:run(313)) - ee59736f-a24c-469d-882b-c2dc09ed928a-SegmentedRaftLogWorker:Storage Directory /workdir/hadoop-ozone/integration-test/target/test-dir/MiniOzoneClusterImpl-3e5eae9d-fe1a-4239-a18b-95efd0d45629/datanode-1/data/ratis/5ee138b8-851a-4afb-af1f-e5f469940ef7 was interrupted, exiting. There are 0 tasks remaining in the queue.
2019-09-04 22:36:56,334 [ForkJoinPool.commonPool-worker-1] INFO  segmented.SegmentedRaftLogWorker (SegmentedRaftLogWorker.java:close(228)) - ee59736f-a24c-469d-882b-c2dc09ed928a-SegmentedRaftLogWorker:Storage Directory /workdir/hadoop-ozone/integration-test/target/test-dir/MiniOzoneClusterImpl-3e5eae9d-fe1a-4239-a18b-95efd0d45629/datanode-1/data/ratis/5ee138b8-851a-4afb-af1f-e5f469940ef7 close()
2019-09-04 22:36:56,338 [ForkJoinPool.commonPool-worker-1] INFO  impl.RaftServerImpl (RaftServerImpl.java:lambda$shutdown$3(245)) - ee59736f-a24c-469d-882b-c2dc09ed928a: shutdown group-310F33FD9B73
2019-09-04 22:36:56,339 [ForkJoinPool.commonPool-worker-1] INFO  util.JmxRegister (JmxRegister.java:unregister(73)) - Successfully un-registered JMX Bean with object name Ratis:service=RaftServer,group=group-310F33FD9B73,id=ee59736f-a24c-469d-882b-c2dc09ed928a
2019-09-04 22:36:56,339 [ForkJoinPool.commonPool-worker-1] INFO  impl.RoleInfo (RoleInfo.java:shutdownLeaderState(104)) - ee59736f-a24c-469d-882b-c2dc09ed928a: shutdown LeaderState
2019-09-04 22:36:56,339 [ForkJoinPool.commonPool-worker-1] INFO  impl.PendingRequests (PendingRequests.java:sendNotLeaderResponses(202)) - ee59736f-a24c-469d-882b-c2dc09ed928a-PendingRequests: sendNotLeaderResponses
2019-09-04 22:36:56,339 [ForkJoinPool.commonPool-worker-1] INFO  impl.StateMachineUpdater (StateMachineUpdater.java:stopAndJoin(115)) - StateMachineUpdater:ee59736f-a24c-469d-882b-c2dc09ed928a:group-310F33FD9B73: set stopIndex = 0
2019-09-04 22:36:56,340 [ForkJoinPool.commonPool-worker-1] INFO  impl.RaftServerImpl (ServerState.java:close(394)) - ee59736f-a24c-469d-882b-c2dc09ed928a:group-310F33FD9B73 closes. The last applied log index is 0
2019-09-04 22:36:56,340 [ee59736f-a24c-469d-882b-c2dc09ed928a-SegmentedRaftLogWorker:Storage Directory /workdir/hadoop-ozone/integration-test/target/test-dir/MiniOzoneClusterImpl-3e5eae9d-fe1a-4239-a18b-95efd0d45629/datanode-1/data/ratis/87d5b3ca-19d4-47f9-a48f-310f33fd9b73] INFO  segmented.SegmentedRaftLogWorker (SegmentedRaftLogWorker.java:run(313)) - ee59736f-a24c-469d-882b-c2dc09ed928a-SegmentedRaftLogWorker:Storage Directory /workdir/hadoop-ozone/integration-test/target/test-dir/MiniOzoneClusterImpl-3e5eae9d-fe1a-4239-a18b-95efd0d45629/datanode-1/data/ratis/87d5b3ca-19d4-47f9-a48f-310f33fd9b73 was interrupted, exiting. There are 0 tasks remaining in the queue.
2019-09-04 22:36:56,342 [ForkJoinPool.commonPool-worker-1] INFO  segmented.SegmentedRaftLogWorker (SegmentedRaftLogWorker.java:close(228)) - ee59736f-a24c-469d-882b-c2dc09ed928a-SegmentedRaftLogWorker:Storage Directory /workdir/hadoop-ozone/integration-test/target/test-dir/MiniOzoneClusterImpl-3e5eae9d-fe1a-4239-a18b-95efd0d45629/datanode-1/data/ratis/87d5b3ca-19d4-47f9-a48f-310f33fd9b73 close()
2019-09-04 22:36:56,346 [ForkJoinPool.commonPool-worker-1] INFO  server.GrpcService (GrpcService.java:closeImpl(155)) - ee59736f-a24c-469d-882b-c2dc09ed928a: shutdown server with port 38942 now
2019-09-04 22:36:56,348 [ForkJoinPool.commonPool-worker-1] INFO  server.GrpcService (GrpcService.java:closeImpl(163)) - ee59736f-a24c-469d-882b-c2dc09ed928a: shutdown server with port 38942 successfully
2019-09-04 22:36:56,352 [refreshUsed-/workdir/hadoop-ozone/integration-test/target/test-dir/MiniOzoneClusterImpl-3e5eae9d-fe1a-4239-a18b-95efd0d45629/datanode-1/data/containers] WARN  fs.CachingGetSpaceUsed (CachingGetSpaceUsed.java:run(183)) - Thread Interrupted waiting to refresh disk information: sleep interrupted
2019-09-04 22:36:56,365 [main] INFO  utils.BackgroundService (BackgroundService.java:shutdown(148)) - Shutting down service BlockDeletingService
2019-09-04 22:36:56,373 [main] INFO  statemachine.DatanodeStateMachine (DatanodeStateMachine.java:stopDaemon(395)) - Ozone container server stopped.
2019-09-04 22:36:56,375 [main] INFO  handler.ContextHandler (ContextHandler.java:doStop(910)) - Stopped o.e.j.w.WebAppContext@3e753289{/,null,UNAVAILABLE}{/hddsDatanode}
2019-09-04 22:36:56,376 [ForkJoinPool.commonPool-worker-1] INFO  utils.BackgroundService (BackgroundService.java:shutdown(148)) - Shutting down service BlockDeletingService
2019-09-04 22:36:56,376 [main] INFO  server.AbstractConnector (AbstractConnector.java:doStop(318)) - Stopped ServerConnector@1573e8a5{HTTP/1.1,[http/1.1]}{0.0.0.0:0}
2019-09-04 22:36:56,379 [main] INFO  handler.ContextHandler (ContextHandler.java:doStop(910)) - Stopped o.e.j.s.ServletContextHandler@6b126187{/static,jar:file:/home/user/.m2/repository/org/apache/hadoop/hadoop-hdds-container-service/0.5.0-SNAPSHOT/hadoop-hdds-container-service-0.5.0-SNAPSHOT.jar!/webapps/static,UNAVAILABLE}
2019-09-04 22:36:56,381 [ForkJoinPool.commonPool-worker-1] INFO  statemachine.DatanodeStateMachine (DatanodeStateMachine.java:stopDaemon(395)) - Ozone container server stopped.
2019-09-04 22:36:56,381 [main] INFO  handler.ContextHandler (ContextHandler.java:doStop(910)) - Stopped o.e.j.s.ServletContextHandler@3193e21d{/logs,file:///workdir/hadoop-ozone/integration-test/target/log,UNAVAILABLE}
2019-09-04 22:36:56,387 [ForkJoinPool.commonPool-worker-1] INFO  handler.ContextHandler (ContextHandler.java:doStop(910)) - Stopped o.e.j.w.WebAppContext@59baf2c7{/,null,UNAVAILABLE}{/hddsDatanode}
2019-09-04 22:36:56,387 [ForkJoinPool.commonPool-worker-1] INFO  server.AbstractConnector (AbstractConnector.java:doStop(318)) - Stopped ServerConnector@ce655b9{HTTP/1.1,[http/1.1]}{0.0.0.0:0}
2019-09-04 22:36:56,397 [ForkJoinPool.commonPool-worker-1] INFO  handler.ContextHandler (ContextHandler.java:doStop(910)) - Stopped o.e.j.s.ServletContextHandler@bfe47a8{/static,jar:file:/home/user/.m2/repository/org/apache/hadoop/hadoop-hdds-container-service/0.5.0-SNAPSHOT/hadoop-hdds-container-service-0.5.0-SNAPSHOT.jar!/webapps/static,UNAVAILABLE}
2019-09-04 22:36:56,397 [ForkJoinPool.commonPool-worker-1] INFO  handler.ContextHandler (ContextHandler.java:doStop(910)) - Stopped o.e.j.s.ServletContextHandler@18dd7767{/logs,file:///workdir/hadoop-ozone/integration-test/target/log,UNAVAILABLE}
2019-09-04 22:36:56,853 [Datanode State Machine Thread - 0] INFO  statemachine.DatanodeStateMachine (DatanodeStateMachine.java:lambda$startDaemon$0(350)) - Ozone container server started.
2019-09-04 22:36:57,161 [Datanode State Machine Thread - 0] INFO  statemachine.DatanodeStateMachine (DatanodeStateMachine.java:lambda$startDaemon$0(350)) - Ozone container server started.
2019-09-04 22:37:00,940 [EventQueue-StaleNodeForStaleNodeHandler] INFO  node.StaleNodeHandler (StaleNodeHandler.java:onMessage(58)) - Datanode 16eb735d-ddfa-43a0-a958-0cc463b6ee1f{ip: 192.168.5.151, host: pr-hdds-2064-6vxfq-1484162802, networkLocation: /default-rack, certSerialId: null} moved to stale state. Finalizing its pipelines [PipelineID=fc41af3c-ecc4-4546-8a7f-b4201672704a, PipelineID=4b290b70-0366-4bcc-b7a8-83c4fc42e455]
2019-09-04 22:37:00,940 [EventQueue-StaleNodeForStaleNodeHandler] INFO  pipeline.SCMPipelineManager (SCMPipelineManager.java:finalizeAndDestroyPipeline(309)) - destroying pipeline:Pipeline[ Id: fc41af3c-ecc4-4546-8a7f-b4201672704a, Nodes: 16eb735d-ddfa-43a0-a958-0cc463b6ee1f{ip: 192.168.5.151, host: pr-hdds-2064-6vxfq-1484162802, networkLocation: /default-rack, certSerialId: null}, Type:RATIS, Factor:ONE, State:OPEN]
2019-09-04 22:37:00,940 [EventQueue-StaleNodeForStaleNodeHandler] INFO  pipeline.PipelineStateManager (PipelineStateManager.java:finalizePipeline(123)) - Pipeline Pipeline[ Id: fc41af3c-ecc4-4546-8a7f-b4201672704a, Nodes: 16eb735d-ddfa-43a0-a958-0cc463b6ee1f{ip: 192.168.5.151, host: pr-hdds-2064-6vxfq-1484162802, networkLocation: /default-rack, certSerialId: null}, Type:RATIS, Factor:ONE, State:CLOSED] moved to CLOSED state
2019-09-04 22:37:00,941 [EventQueue-StaleNodeForStaleNodeHandler] INFO  pipeline.SCMPipelineManager (SCMPipelineManager.java:finalizeAndDestroyPipeline(309)) - destroying pipeline:Pipeline[ Id: 4b290b70-0366-4bcc-b7a8-83c4fc42e455, Nodes: 16eb735d-ddfa-43a0-a958-0cc463b6ee1f{ip: 192.168.5.151, host: pr-hdds-2064-6vxfq-1484162802, networkLocation: /default-rack, certSerialId: null}dfe38629-739e-4f1a-92c4-47deec922a7c{ip: 192.168.5.151, host: pr-hdds-2064-6vxfq-1484162802, networkLocation: /default-rack, certSerialId: null}27858f83-b177-46a0-be6d-5cc756b04b47{ip: 192.168.5.151, host: pr-hdds-2064-6vxfq-1484162802, networkLocation: /default-rack, certSerialId: null}, Type:RATIS, Factor:THREE, State:OPEN]
2019-09-04 22:37:00,941 [EventQueue-StaleNodeForStaleNodeHandler] INFO  pipeline.PipelineStateManager (PipelineStateManager.java:finalizePipeline(123)) - Pipeline Pipeline[ Id: 4b290b70-0366-4bcc-b7a8-83c4fc42e455, Nodes: 16eb735d-ddfa-43a0-a958-0cc463b6ee1f{ip: 192.168.5.151, host: pr-hdds-2064-6vxfq-1484162802, networkLocation: /default-rack, certSerialId: null}dfe38629-739e-4f1a-92c4-47deec922a7c{ip: 192.168.5.151, host: pr-hdds-2064-6vxfq-1484162802, networkLocation: /default-rack, certSerialId: null}27858f83-b177-46a0-be6d-5cc756b04b47{ip: 192.168.5.151, host: pr-hdds-2064-6vxfq-1484162802, networkLocation: /default-rack, certSerialId: null}, Type:RATIS, Factor:THREE, State:CLOSED] moved to CLOSED state
2019-09-04 22:37:00,941 [EventQueue-CloseContainerForCloseContainerEventHandler] INFO  container.CloseContainerEventHandler (CloseContainerEventHandler.java:onMessage(61)) - Close container Event triggered for container : #1
2019-09-04 22:37:01,240 [EventQueue-StaleNodeForStaleNodeHandler] INFO  node.StaleNodeHandler (StaleNodeHandler.java:onMessage(58)) - Datanode 4eb339a3-18e9-42fa-b835-83c170646335{ip: 192.168.5.151, host: pr-hdds-2064-6vxfq-1484162802, networkLocation: /default-rack, certSerialId: null} moved to stale state. Finalizing its pipelines [PipelineID=5ee138b8-851a-4afb-af1f-e5f469940ef7, PipelineID=5c26b7ef-700e-4be1-9618-1f0feab9faa3]
2019-09-04 22:37:01,241 [EventQueue-StaleNodeForStaleNodeHandler] INFO  pipeline.SCMPipelineManager (SCMPipelineManager.java:finalizeAndDestroyPipeline(309)) - destroying pipeline:Pipeline[ Id: 5ee138b8-851a-4afb-af1f-e5f469940ef7, Nodes: 4eb339a3-18e9-42fa-b835-83c170646335{ip: 192.168.5.151, host: pr-hdds-2064-6vxfq-1484162802, networkLocation: /default-rack, certSerialId: null}ee59736f-a24c-469d-882b-c2dc09ed928a{ip: 192.168.5.151, host: pr-hdds-2064-6vxfq-1484162802, networkLocation: /default-rack, certSerialId: null}e81b47d7-612c-4c3e-9b79-e98468129918{ip: 192.168.5.151, host: pr-hdds-2064-6vxfq-1484162802, networkLocation: /default-rack, certSerialId: null}, Type:RATIS, Factor:THREE, State:CLOSED]
2019-09-04 22:37:01,241 [EventQueue-StaleNodeForStaleNodeHandler] INFO  pipeline.SCMPipelineManager (SCMPipelineManager.java:finalizeAndDestroyPipeline(309)) - destroying pipeline:Pipeline[ Id: 5c26b7ef-700e-4be1-9618-1f0feab9faa3, Nodes: 4eb339a3-18e9-42fa-b835-83c170646335{ip: 192.168.5.151, host: pr-hdds-2064-6vxfq-1484162802, networkLocation: /default-rack, certSerialId: null}, Type:RATIS, Factor:ONE, State:OPEN]
2019-09-04 22:37:01,241 [EventQueue-StaleNodeForStaleNodeHandler] INFO  pipeline.PipelineStateManager (PipelineStateManager.java:finalizePipeline(123)) - Pipeline Pipeline[ Id: 5c26b7ef-700e-4be1-9618-1f0feab9faa3, Nodes: 4eb339a3-18e9-42fa-b835-83c170646335{ip: 192.168.5.151, host: pr-hdds-2064-6vxfq-1484162802, networkLocation: /default-rack, certSerialId: null}, Type:RATIS, Factor:ONE, State:CLOSED] moved to CLOSED state
2019-09-04 22:37:01,387 [main] INFO  ozoneimpl.OzoneContainer (OzoneContainer.java:stop(215)) - Attempting to stop container services.
2019-09-04 22:37:01,387 [main] INFO  impl.RaftServerProxy (RaftServerProxy.java:lambda$close$4(314)) - 16eb735d-ddfa-43a0-a958-0cc463b6ee1f: close
2019-09-04 22:37:01,388 [main] INFO  impl.RaftServerImpl (RaftServerImpl.java:lambda$shutdown$3(245)) - 16eb735d-ddfa-43a0-a958-0cc463b6ee1f: shutdown group-B4201672704A
2019-09-04 22:37:01,388 [main] INFO  util.JmxRegister (JmxRegister.java:unregister(73)) - Successfully un-registered JMX Bean with object name Ratis:service=RaftServer,group=group-B4201672704A,id=16eb735d-ddfa-43a0-a958-0cc463b6ee1f
2019-09-04 22:37:01,388 [main] INFO  impl.RoleInfo (RoleInfo.java:shutdownLeaderState(104)) - 16eb735d-ddfa-43a0-a958-0cc463b6ee1f: shutdown LeaderState
2019-09-04 22:37:01,388 [main] INFO  impl.PendingRequests (PendingRequests.java:sendNotLeaderResponses(202)) - 16eb735d-ddfa-43a0-a958-0cc463b6ee1f-PendingRequests: sendNotLeaderResponses
2019-09-04 22:37:01,389 [main] INFO  impl.StateMachineUpdater (StateMachineUpdater.java:stopAndJoin(115)) - StateMachineUpdater:16eb735d-ddfa-43a0-a958-0cc463b6ee1f:group-B4201672704A: set stopIndex = 0
2019-09-04 22:37:01,389 [main] INFO  impl.RaftServerImpl (ServerState.java:close(394)) - 16eb735d-ddfa-43a0-a958-0cc463b6ee1f:group-B4201672704A closes. The last applied log index is 0
2019-09-04 22:37:01,389 [16eb735d-ddfa-43a0-a958-0cc463b6ee1f-SegmentedRaftLogWorker:Storage Directory /workdir/hadoop-ozone/integration-test/target/test-dir/MiniOzoneClusterImpl-3e5eae9d-fe1a-4239-a18b-95efd0d45629/datanode-3/data/ratis/fc41af3c-ecc4-4546-8a7f-b4201672704a] INFO  segmented.SegmentedRaftLogWorker (SegmentedRaftLogWorker.java:run(313)) - 16eb735d-ddfa-43a0-a958-0cc463b6ee1f-SegmentedRaftLogWorker:Storage Directory /workdir/hadoop-ozone/integration-test/target/test-dir/MiniOzoneClusterImpl-3e5eae9d-fe1a-4239-a18b-95efd0d45629/datanode-3/data/ratis/fc41af3c-ecc4-4546-8a7f-b4201672704a was interrupted, exiting. There are 0 tasks remaining in the queue.
2019-09-04 22:37:01,393 [main] INFO  segmented.SegmentedRaftLogWorker (SegmentedRaftLogWorker.java:close(228)) - 16eb735d-ddfa-43a0-a958-0cc463b6ee1f-SegmentedRaftLogWorker:Storage Directory /workdir/hadoop-ozone/integration-test/target/test-dir/MiniOzoneClusterImpl-3e5eae9d-fe1a-4239-a18b-95efd0d45629/datanode-3/data/ratis/fc41af3c-ecc4-4546-8a7f-b4201672704a close()
2019-09-04 22:37:01,397 [main] INFO  impl.RaftServerImpl (RaftServerImpl.java:lambda$shutdown$3(245)) - 16eb735d-ddfa-43a0-a958-0cc463b6ee1f: shutdown group-83C4FC42E455
2019-09-04 22:37:01,397 [main] INFO  util.JmxRegister (JmxRegister.java:unregister(73)) - Successfully un-registered JMX Bean with object name Ratis:service=RaftServer,group=group-83C4FC42E455,id=16eb735d-ddfa-43a0-a958-0cc463b6ee1f
2019-09-04 22:37:01,398 [main] INFO  impl.RoleInfo (RoleInfo.java:shutdownFollowerState(121)) - 16eb735d-ddfa-43a0-a958-0cc463b6ee1f: shutdown FollowerState
2019-09-04 22:37:01,398 [main] INFO  impl.StateMachineUpdater (StateMachineUpdater.java:stopAndJoin(115)) - StateMachineUpdater:16eb735d-ddfa-43a0-a958-0cc463b6ee1f:group-83C4FC42E455: set stopIndex = 6
2019-09-04 22:37:01,398 [StateMachineUpdater:16eb735d-ddfa-43a0-a958-0cc463b6ee1f:group-83C4FC42E455] INFO  ratis.ContainerStateMachine (ContainerStateMachine.java:takeSnapshot(284)) - group-83C4FC42E455: Taking a snapshot at:(t:1, i:6) file /workdir/hadoop-ozone/integration-test/target/test-dir/MiniOzoneClusterImpl-3e5eae9d-fe1a-4239-a18b-95efd0d45629/datanode-3/data/ratis/4b290b70-0366-4bcc-b7a8-83c4fc42e455/sm/snapshot.1_6
2019-09-04 22:37:01,398 [Thread-5321] INFO  impl.FollowerState (FollowerState.java:run(114)) - 16eb735d-ddfa-43a0-a958-0cc463b6ee1f: FollowerState was interrupted: java.lang.InterruptedException: sleep interrupted
2019-09-04 22:37:01,398 [ForkJoinPool.commonPool-worker-1] INFO  ozoneimpl.OzoneContainer (OzoneContainer.java:stop(215)) - Attempting to stop container services.
2019-09-04 22:37:01,399 [ForkJoinPool.commonPool-worker-1] INFO  impl.RaftServerProxy (RaftServerProxy.java:lambda$close$4(314)) - 4eb339a3-18e9-42fa-b835-83c170646335: close
2019-09-04 22:37:01,399 [ForkJoinPool.commonPool-worker-1] INFO  impl.RaftServerImpl (RaftServerImpl.java:lambda$shutdown$3(245)) - 4eb339a3-18e9-42fa-b835-83c170646335: shutdown group-E5F469940EF7
2019-09-04 22:37:01,399 [ForkJoinPool.commonPool-worker-1] INFO  util.JmxRegister (JmxRegister.java:unregister(73)) - Successfully un-registered JMX Bean with object name Ratis:service=RaftServer,group=group-E5F469940EF7,id=4eb339a3-18e9-42fa-b835-83c170646335
2019-09-04 22:37:01,400 [ForkJoinPool.commonPool-worker-1] INFO  impl.RoleInfo (RoleInfo.java:shutdownFollowerState(121)) - 4eb339a3-18e9-42fa-b835-83c170646335: shutdown FollowerState
2019-09-04 22:37:01,400 [ForkJoinPool.commonPool-worker-1] INFO  impl.StateMachineUpdater (StateMachineUpdater.java:stopAndJoin(115)) - StateMachineUpdater:4eb339a3-18e9-42fa-b835-83c170646335:group-E5F469940EF7: set stopIndex = 6
2019-09-04 22:37:01,400 [StateMachineUpdater:4eb339a3-18e9-42fa-b835-83c170646335:group-E5F469940EF7] INFO  ratis.ContainerStateMachine (ContainerStateMachine.java:takeSnapshot(284)) - group-E5F469940EF7: Taking a snapshot at:(t:1, i:4) file /workdir/hadoop-ozone/integration-test/target/test-dir/MiniOzoneClusterImpl-3e5eae9d-fe1a-4239-a18b-95efd0d45629/datanode-2/data/ratis/5ee138b8-851a-4afb-af1f-e5f469940ef7/sm/snapshot.1_4
2019-09-04 22:37:01,400 [Thread-5293] INFO  impl.FollowerState (FollowerState.java:run(114)) - 4eb339a3-18e9-42fa-b835-83c170646335: FollowerState was interrupted: java.lang.InterruptedException: sleep interrupted
2019-09-04 22:37:01,423 [StateMachineUpdater:16eb735d-ddfa-43a0-a958-0cc463b6ee1f:group-83C4FC42E455] INFO  ratis.ContainerStateMachine (ContainerStateMachine.java:takeSnapshot(295)) - group-83C4FC42E455: Finished taking a snapshot at:(t:1, i:6) file:/workdir/hadoop-ozone/integration-test/target/test-dir/MiniOzoneClusterImpl-3e5eae9d-fe1a-4239-a18b-95efd0d45629/datanode-3/data/ratis/4b290b70-0366-4bcc-b7a8-83c4fc42e455/sm/snapshot.1_6 time:25
2019-09-04 22:37:01,423 [StateMachineUpdater:4eb339a3-18e9-42fa-b835-83c170646335:group-E5F469940EF7] INFO  ratis.ContainerStateMachine (ContainerStateMachine.java:takeSnapshot(295)) - group-E5F469940EF7: Finished taking a snapshot at:(t:1, i:4) file:/workdir/hadoop-ozone/integration-test/target/test-dir/MiniOzoneClusterImpl-3e5eae9d-fe1a-4239-a18b-95efd0d45629/datanode-2/data/ratis/5ee138b8-851a-4afb-af1f-e5f469940ef7/sm/snapshot.1_4 time:23
2019-09-04 22:37:01,424 [StateMachineUpdater:16eb735d-ddfa-43a0-a958-0cc463b6ee1f:group-83C4FC42E455] INFO  impl.StateMachineUpdater (StateMachineUpdater.java:takeSnapshot(242)) - StateMachineUpdater:16eb735d-ddfa-43a0-a958-0cc463b6ee1f:group-83C4FC42E455: Took a snapshot at index 6
2019-09-04 22:37:01,424 [StateMachineUpdater:4eb339a3-18e9-42fa-b835-83c170646335:group-E5F469940EF7] INFO  impl.StateMachineUpdater (StateMachineUpdater.java:takeSnapshot(242)) - StateMachineUpdater:4eb339a3-18e9-42fa-b835-83c170646335:group-E5F469940EF7: Took a snapshot at index 4
2019-09-04 22:37:01,424 [StateMachineUpdater:16eb735d-ddfa-43a0-a958-0cc463b6ee1f:group-83C4FC42E455] INFO  impl.StateMachineUpdater (StateMachineUpdater.java:lambda$new$0(80)) - StateMachineUpdater:16eb735d-ddfa-43a0-a958-0cc463b6ee1f:group-83C4FC42E455: snapshotIndex: updateIncreasingly -1 -> 6
2019-09-04 22:37:01,424 [StateMachineUpdater:4eb339a3-18e9-42fa-b835-83c170646335:group-E5F469940EF7] INFO  impl.StateMachineUpdater (StateMachineUpdater.java:lambda$new$0(80)) - StateMachineUpdater:4eb339a3-18e9-42fa-b835-83c170646335:group-E5F469940EF7: snapshotIndex: updateIncreasingly -1 -> 4
2019-09-04 22:37:01,424 [ForkJoinPool.commonPool-worker-1] INFO  impl.RaftServerImpl (ServerState.java:close(394)) - 4eb339a3-18e9-42fa-b835-83c170646335:group-E5F469940EF7 closes. The last applied log index is 6
2019-09-04 22:37:01,424 [main] INFO  impl.RaftServerImpl (ServerState.java:close(394)) - 16eb735d-ddfa-43a0-a958-0cc463b6ee1f:group-83C4FC42E455 closes. The last applied log index is 6
2019-09-04 22:37:01,425 [4eb339a3-18e9-42fa-b835-83c170646335-SegmentedRaftLogWorker:Storage Directory /workdir/hadoop-ozone/integration-test/target/test-dir/MiniOzoneClusterImpl-3e5eae9d-fe1a-4239-a18b-95efd0d45629/datanode-2/data/ratis/5ee138b8-851a-4afb-af1f-e5f469940ef7] INFO  segmented.SegmentedRaftLogWorker (SegmentedRaftLogWorker.java:run(313)) - 4eb339a3-18e9-42fa-b835-83c170646335-SegmentedRaftLogWorker:Storage Directory /workdir/hadoop-ozone/integration-test/target/test-dir/MiniOzoneClusterImpl-3e5eae9d-fe1a-4239-a18b-95efd0d45629/datanode-2/data/ratis/5ee138b8-851a-4afb-af1f-e5f469940ef7 was interrupted, exiting. There are 0 tasks remaining in the queue.
2019-09-04 22:37:01,428 [16eb735d-ddfa-43a0-a958-0cc463b6ee1f-SegmentedRaftLogWorker:Storage Directory /workdir/hadoop-ozone/integration-test/target/test-dir/MiniOzoneClusterImpl-3e5eae9d-fe1a-4239-a18b-95efd0d45629/datanode-3/data/ratis/4b290b70-0366-4bcc-b7a8-83c4fc42e455] INFO  segmented.SegmentedRaftLogWorker (SegmentedRaftLogWorker.java:run(313)) - 16eb735d-ddfa-43a0-a958-0cc463b6ee1f-SegmentedRaftLogWorker:Storage Directory /workdir/hadoop-ozone/integration-test/target/test-dir/MiniOzoneClusterImpl-3e5eae9d-fe1a-4239-a18b-95efd0d45629/datanode-3/data/ratis/4b290b70-0366-4bcc-b7a8-83c4fc42e455 was interrupted, exiting. There are 0 tasks remaining in the queue.
2019-09-04 22:37:01,428 [ForkJoinPool.commonPool-worker-1] INFO  segmented.SegmentedRaftLogWorker (SegmentedRaftLogWorker.java:close(228)) - 4eb339a3-18e9-42fa-b835-83c170646335-SegmentedRaftLogWorker:Storage Directory /workdir/hadoop-ozone/integration-test/target/test-dir/MiniOzoneClusterImpl-3e5eae9d-fe1a-4239-a18b-95efd0d45629/datanode-2/data/ratis/5ee138b8-851a-4afb-af1f-e5f469940ef7 close()
2019-09-04 22:37:01,430 [main] INFO  segmented.SegmentedRaftLogWorker (SegmentedRaftLogWorker.java:close(228)) - 16eb735d-ddfa-43a0-a958-0cc463b6ee1f-SegmentedRaftLogWorker:Storage Directory /workdir/hadoop-ozone/integration-test/target/test-dir/MiniOzoneClusterImpl-3e5eae9d-fe1a-4239-a18b-95efd0d45629/datanode-3/data/ratis/4b290b70-0366-4bcc-b7a8-83c4fc42e455 close()
2019-09-04 22:37:01,434 [ForkJoinPool.commonPool-worker-1] INFO  impl.RaftServerImpl (RaftServerImpl.java:lambda$shutdown$3(245)) - 4eb339a3-18e9-42fa-b835-83c170646335: shutdown group-1F0FEAB9FAA3
2019-09-04 22:37:01,437 [main] INFO  server.GrpcService (GrpcService.java:closeImpl(155)) - 16eb735d-ddfa-43a0-a958-0cc463b6ee1f: shutdown server with port 42873 now
2019-09-04 22:37:01,437 [ForkJoinPool.commonPool-worker-1] INFO  util.JmxRegister (JmxRegister.java:unregister(73)) - Successfully un-registered JMX Bean with object name Ratis:service=RaftServer,group=group-1F0FEAB9FAA3,id=4eb339a3-18e9-42fa-b835-83c170646335
2019-09-04 22:37:01,438 [ForkJoinPool.commonPool-worker-1] INFO  impl.RoleInfo (RoleInfo.java:shutdownLeaderState(104)) - 4eb339a3-18e9-42fa-b835-83c170646335: shutdown LeaderState
2019-09-04 22:37:01,438 [grpc-default-executor-5] WARN  server.GrpcServerProtocolService (LogUtils.java:warn(134)) - 16eb735d-ddfa-43a0-a958-0cc463b6ee1f: appendEntries onError: org.apache.ratis.thirdparty.io.grpc.StatusRuntimeException: CANCELLED: cancelled before receiving half close
2019-09-04 22:37:01,438 [main] INFO  server.GrpcService (GrpcService.java:closeImpl(163)) - 16eb735d-ddfa-43a0-a958-0cc463b6ee1f: shutdown server with port 42873 successfully
2019-09-04 22:37:01,438 [ForkJoinPool.commonPool-worker-1] INFO  impl.PendingRequests (PendingRequests.java:sendNotLeaderResponses(202)) - 4eb339a3-18e9-42fa-b835-83c170646335-PendingRequests: sendNotLeaderResponses
2019-09-04 22:37:01,438 [grpc-default-executor-6] WARN  server.GrpcLogAppender (LogUtils.java:warn(134)) - 27858f83-b177-46a0-be6d-5cc756b04b47->16eb735d-ddfa-43a0-a958-0cc463b6ee1f: Failed appendEntries: org.apache.ratis.thirdparty.io.grpc.StatusRuntimeException: CANCELLED: HTTP/2 error code: CANCEL
Received Rst Stream
2019-09-04 22:37:01,439 [ForkJoinPool.commonPool-worker-1] INFO  impl.StateMachineUpdater (StateMachineUpdater.java:stopAndJoin(115)) - StateMachineUpdater:4eb339a3-18e9-42fa-b835-83c170646335:group-1F0FEAB9FAA3: set stopIndex = 0
2019-09-04 22:37:01,439 [grpc-default-executor-6] INFO  impl.FollowerInfo (FollowerInfo.java:lambda$new$0(50)) - 27858f83-b177-46a0-be6d-5cc756b04b47->16eb735d-ddfa-43a0-a958-0cc463b6ee1f: nextIndex: updateUnconditionally 7 -> 6
2019-09-04 22:37:01,439 [ForkJoinPool.commonPool-worker-1] INFO  impl.RaftServerImpl (ServerState.java:close(394)) - 4eb339a3-18e9-42fa-b835-83c170646335:group-1F0FEAB9FAA3 closes. The last applied log index is 0
2019-09-04 22:37:01,440 [4eb339a3-18e9-42fa-b835-83c170646335-SegmentedRaftLogWorker:Storage Directory /workdir/hadoop-ozone/integration-test/target/test-dir/MiniOzoneClusterImpl-3e5eae9d-fe1a-4239-a18b-95efd0d45629/datanode-2/data/ratis/5c26b7ef-700e-4be1-9618-1f0feab9faa3] INFO  segmented.SegmentedRaftLogWorker (SegmentedRaftLogWorker.java:run(313)) - 4eb339a3-18e9-42fa-b835-83c170646335-SegmentedRaftLogWorker:Storage Directory /workdir/hadoop-ozone/integration-test/target/test-dir/MiniOzoneClusterImpl-3e5eae9d-fe1a-4239-a18b-95efd0d45629/datanode-2/data/ratis/5c26b7ef-700e-4be1-9618-1f0feab9faa3 was interrupted, exiting. There are 0 tasks remaining in the queue.
2019-09-04 22:37:01,442 [ForkJoinPool.commonPool-worker-1] INFO  segmented.SegmentedRaftLogWorker (SegmentedRaftLogWorker.java:close(228)) - 4eb339a3-18e9-42fa-b835-83c170646335-SegmentedRaftLogWorker:Storage Directory /workdir/hadoop-ozone/integration-test/target/test-dir/MiniOzoneClusterImpl-3e5eae9d-fe1a-4239-a18b-95efd0d45629/datanode-2/data/ratis/5c26b7ef-700e-4be1-9618-1f0feab9faa3 close()
2019-09-04 22:37:01,456 [ForkJoinPool.commonPool-worker-1] INFO  server.GrpcService (GrpcService.java:closeImpl(155)) - 4eb339a3-18e9-42fa-b835-83c170646335: shutdown server with port 33092 now
2019-09-04 22:37:01,456 [ForkJoinPool.commonPool-worker-1] INFO  server.GrpcService (GrpcService.java:closeImpl(163)) - 4eb339a3-18e9-42fa-b835-83c170646335: shutdown server with port 33092 successfully
2019-09-04 22:37:01,458 [refreshUsed-/workdir/hadoop-ozone/integration-test/target/test-dir/MiniOzoneClusterImpl-3e5eae9d-fe1a-4239-a18b-95efd0d45629/datanode-3/data/containers] WARN  fs.CachingGetSpaceUsed (CachingGetSpaceUsed.java:run(183)) - Thread Interrupted waiting to refresh disk information: sleep interrupted
2019-09-04 22:37:01,459 [refreshUsed-/workdir/hadoop-ozone/integration-test/target/test-dir/MiniOzoneClusterImpl-3e5eae9d-fe1a-4239-a18b-95efd0d45629/datanode-2/data/containers] WARN  fs.CachingGetSpaceUsed (CachingGetSpaceUsed.java:run(183)) - Thread Interrupted waiting to refresh disk information: sleep interrupted
2019-09-04 22:37:01,474 [main] INFO  utils.BackgroundService (BackgroundService.java:shutdown(148)) - Shutting down service BlockDeletingService
2019-09-04 22:37:01,475 [ForkJoinPool.commonPool-worker-1] INFO  utils.BackgroundService (BackgroundService.java:shutdown(148)) - Shutting down service BlockDeletingService
2019-09-04 22:37:01,480 [main] INFO  statemachine.DatanodeStateMachine (DatanodeStateMachine.java:stopDaemon(395)) - Ozone container server stopped.
2019-09-04 22:37:01,482 [ForkJoinPool.commonPool-worker-1] INFO  statemachine.DatanodeStateMachine (DatanodeStateMachine.java:stopDaemon(395)) - Ozone container server stopped.
2019-09-04 22:37:01,484 [main] INFO  handler.ContextHandler (ContextHandler.java:doStop(910)) - Stopped o.e.j.w.WebAppContext@52909a97{/,null,UNAVAILABLE}{/hddsDatanode}
2019-09-04 22:37:01,485 [ForkJoinPool.commonPool-worker-1] INFO  handler.ContextHandler (ContextHandler.java:doStop(910)) - Stopped o.e.j.w.WebAppContext@1209a0f{/,null,UNAVAILABLE}{/hddsDatanode}
2019-09-04 22:37:01,486 [main] INFO  server.AbstractConnector (AbstractConnector.java:doStop(318)) - Stopped ServerConnector@36e409e0{HTTP/1.1,[http/1.1]}{0.0.0.0:0}
2019-09-04 22:37:01,486 [ForkJoinPool.commonPool-worker-1] INFO  server.AbstractConnector (AbstractConnector.java:doStop(318)) - Stopped ServerConnector@696174d3{HTTP/1.1,[http/1.1]}{0.0.0.0:0}
2019-09-04 22:37:01,486 [main] INFO  handler.ContextHandler (ContextHandler.java:doStop(910)) - Stopped o.e.j.s.ServletContextHandler@12c76d6e{/static,jar:file:/home/user/.m2/repository/org/apache/hadoop/hadoop-hdds-container-service/0.5.0-SNAPSHOT/hadoop-hdds-container-service-0.5.0-SNAPSHOT.jar!/webapps/static,UNAVAILABLE}
2019-09-04 22:37:01,486 [ForkJoinPool.commonPool-worker-1] INFO  handler.ContextHandler (ContextHandler.java:doStop(910)) - Stopped o.e.j.s.ServletContextHandler@300a38e7{/static,jar:file:/home/user/.m2/repository/org/apache/hadoop/hadoop-hdds-container-service/0.5.0-SNAPSHOT/hadoop-hdds-container-service-0.5.0-SNAPSHOT.jar!/webapps/static,UNAVAILABLE}
2019-09-04 22:37:01,487 [main] INFO  handler.ContextHandler (ContextHandler.java:doStop(910)) - Stopped o.e.j.s.ServletContextHandler@74b97416{/logs,file:///workdir/hadoop-ozone/integration-test/target/log,UNAVAILABLE}
2019-09-04 22:37:01,487 [ForkJoinPool.commonPool-worker-1] INFO  handler.ContextHandler (ContextHandler.java:doStop(910)) - Stopped o.e.j.s.ServletContextHandler@55044b34{/logs,file:///workdir/hadoop-ozone/integration-test/target/log,UNAVAILABLE}
2019-09-04 22:37:01,854 [Datanode State Machine Thread - 0] INFO  statemachine.DatanodeStateMachine (DatanodeStateMachine.java:lambda$startDaemon$0(350)) - Ozone container server started.
2019-09-04 22:37:02,178 [Datanode State Machine Thread - 0] INFO  statemachine.DatanodeStateMachine (DatanodeStateMachine.java:lambda$startDaemon$0(350)) - Ozone container server started.
2019-09-04 22:37:02,722 [Thread-5294] INFO  impl.FollowerState (FollowerState.java:run(106)) - e81b47d7-612c-4c3e-9b79-e98468129918:group-E5F469940EF7 changes to CANDIDATE, lastRpcTime:6500, electionTimeout:5076ms
2019-09-04 22:37:02,723 [Thread-5294] INFO  impl.RoleInfo (RoleInfo.java:shutdownFollowerState(121)) - e81b47d7-612c-4c3e-9b79-e98468129918: shutdown FollowerState
2019-09-04 22:37:02,723 [Thread-5294] INFO  impl.RaftServerImpl (RaftServerImpl.java:setRole(171)) - e81b47d7-612c-4c3e-9b79-e98468129918:group-E5F469940EF7 changes role from FOLLOWER to CANDIDATE at term 1 for changeToCandidate
2019-09-04 22:37:02,723 [Thread-5294] INFO  impl.RoleInfo (RoleInfo.java:updateAndGet(143)) - e81b47d7-612c-4c3e-9b79-e98468129918: start LeaderElection
2019-09-04 22:37:02,723 [e81b47d7-612c-4c3e-9b79-e98468129918:group-E5F469940EF7:LeaderElection121] INFO  impl.RaftServerImpl (ServerState.java:setLeader(263)) - e81b47d7-612c-4c3e-9b79-e98468129918:group-E5F469940EF7 change Leader from ee59736f-a24c-469d-882b-c2dc09ed928a to null at term 1 for initElection
2019-09-04 22:37:02,749 [e81b47d7-612c-4c3e-9b79-e98468129918:group-E5F469940EF7:LeaderElection121] INFO  impl.LeaderElection (LeaderElection.java:askForVotes(181)) - e81b47d7-612c-4c3e-9b79-e98468129918:group-E5F469940EF7:LeaderElection121: begin an election at term 2 for 0: [ee59736f-a24c-469d-882b-c2dc09ed928a:192.168.5.151:38942, 4eb339a3-18e9-42fa-b835-83c170646335:192.168.5.151:33092, e81b47d7-612c-4c3e-9b79-e98468129918:192.168.5.151:33048], old=null
2019-09-04 22:37:02,752 [e81b47d7-612c-4c3e-9b79-e98468129918:group-E5F469940EF7:LeaderElection121] INFO  impl.LeaderElection (LogUtils.java:infoOrTrace(149)) - e81b47d7-612c-4c3e-9b79-e98468129918:group-E5F469940EF7:LeaderElection121 got exception when requesting votes: {}
java.util.concurrent.ExecutionException: org.apache.ratis.thirdparty.io.grpc.StatusRuntimeException: UNAVAILABLE: io exception
	at java.util.concurrent.FutureTask.report(FutureTask.java:122)
	at java.util.concurrent.FutureTask.get(FutureTask.java:192)
	at org.apache.ratis.server.impl.LeaderElection.waitForResults(LeaderElection.java:262)
	at org.apache.ratis.server.impl.LeaderElection.askForVotes(LeaderElection.java:200)
	at org.apache.ratis.server.impl.LeaderElection.run(LeaderElection.java:130)
	at java.lang.Thread.run(Thread.java:748)
Caused by: org.apache.ratis.thirdparty.io.grpc.StatusRuntimeException: UNAVAILABLE: io exception
	at org.apache.ratis.thirdparty.io.grpc.stub.ClientCalls.toStatusRuntimeException(ClientCalls.java:233)
	at org.apache.ratis.thirdparty.io.grpc.stub.ClientCalls.getUnchecked(ClientCalls.java:214)
	at org.apache.ratis.thirdparty.io.grpc.stub.ClientCalls.blockingUnaryCall(ClientCalls.java:139)
	at org.apache.ratis.proto.grpc.RaftServerProtocolServiceGrpc$RaftServerProtocolServiceBlockingStub.requestVote(RaftServerProtocolServiceGrpc.java:265)
	at org.apache.ratis.grpc.server.GrpcServerProtocolClient.requestVote(GrpcServerProtocolClient.java:83)
	at org.apache.ratis.grpc.server.GrpcService.requestVote(GrpcService.java:195)
	at org.apache.ratis.server.impl.LeaderElection.lambda$submitRequests$1(LeaderElection.java:237)
	at java.util.concurrent.FutureTask.run(FutureTask.java:266)
	at java.util.concurrent.Executors$RunnableAdapter.call(Executors.java:511)
	at java.util.concurrent.FutureTask.run(FutureTask.java:266)
	at java.util.concurrent.ThreadPoolExecutor.runWorker(ThreadPoolExecutor.java:1149)
	at java.util.concurrent.ThreadPoolExecutor$Worker.run(ThreadPoolExecutor.java:624)
	... 1 more
Caused by: org.apache.ratis.thirdparty.io.netty.channel.AbstractChannel$AnnotatedConnectException: Connection refused: /192.168.5.151:38942
	at sun.nio.ch.SocketChannelImpl.checkConnect(Native Method)
	at sun.nio.ch.SocketChannelImpl.finishConnect(SocketChannelImpl.java:717)
	at org.apache.ratis.thirdparty.io.netty.channel.socket.nio.NioSocketChannel.doFinishConnect(NioSocketChannel.java:327)
	at org.apache.ratis.thirdparty.io.netty.channel.nio.AbstractNioChannel$AbstractNioUnsafe.finishConnect(AbstractNioChannel.java:340)
	at org.apache.ratis.thirdparty.io.netty.channel.nio.NioEventLoop.processSelectedKey(NioEventLoop.java:632)
	at org.apache.ratis.thirdparty.io.netty.channel.nio.NioEventLoop.processSelectedKeysOptimized(NioEventLoop.java:579)
	at org.apache.ratis.thirdparty.io.netty.channel.nio.NioEventLoop.processSelectedKeys(NioEventLoop.java:496)
	at org.apache.ratis.thirdparty.io.netty.channel.nio.NioEventLoop.run(NioEventLoop.java:458)
	at org.apache.ratis.thirdparty.io.netty.util.concurrent.SingleThreadEventExecutor$5.run(SingleThreadEventExecutor.java:897)
	at org.apache.ratis.thirdparty.io.netty.util.concurrent.FastThreadLocalRunnable.run(FastThreadLocalRunnable.java:30)
	... 1 more
Caused by: java.net.ConnectException: Connection refused
	... 11 more
2019-09-04 22:37:02,755 [e81b47d7-612c-4c3e-9b79-e98468129918:group-E5F469940EF7:LeaderElection121] INFO  impl.LeaderElection (LogUtils.java:infoOrTrace(149)) - e81b47d7-612c-4c3e-9b79-e98468129918:group-E5F469940EF7:LeaderElection121 got exception when requesting votes: {}
java.util.concurrent.ExecutionException: org.apache.ratis.thirdparty.io.grpc.StatusRuntimeException: UNAVAILABLE: io exception
	at java.util.concurrent.FutureTask.report(FutureTask.java:122)
	at java.util.concurrent.FutureTask.get(FutureTask.java:192)
	at org.apache.ratis.server.impl.LeaderElection.waitForResults(LeaderElection.java:262)
	at org.apache.ratis.server.impl.LeaderElection.askForVotes(LeaderElection.java:200)
	at org.apache.ratis.server.impl.LeaderElection.run(LeaderElection.java:130)
	at java.lang.Thread.run(Thread.java:748)
Caused by: org.apache.ratis.thirdparty.io.grpc.StatusRuntimeException: UNAVAILABLE: io exception
	at org.apache.ratis.thirdparty.io.grpc.stub.ClientCalls.toStatusRuntimeException(ClientCalls.java:233)
	at org.apache.ratis.thirdparty.io.grpc.stub.ClientCalls.getUnchecked(ClientCalls.java:214)
	at org.apache.ratis.thirdparty.io.grpc.stub.ClientCalls.blockingUnaryCall(ClientCalls.java:139)
	at org.apache.ratis.proto.grpc.RaftServerProtocolServiceGrpc$RaftServerProtocolServiceBlockingStub.requestVote(RaftServerProtocolServiceGrpc.java:265)
	at org.apache.ratis.grpc.server.GrpcServerProtocolClient.requestVote(GrpcServerProtocolClient.java:83)
	at org.apache.ratis.grpc.server.GrpcService.requestVote(GrpcService.java:195)
	at org.apache.ratis.server.impl.LeaderElection.lambda$submitRequests$1(LeaderElection.java:237)
	at java.util.concurrent.FutureTask.run(FutureTask.java:266)
	at java.util.concurrent.Executors$RunnableAdapter.call(Executors.java:511)
	at java.util.concurrent.FutureTask.run(FutureTask.java:266)
	at java.util.concurrent.ThreadPoolExecutor.runWorker(ThreadPoolExecutor.java:1149)
	at java.util.concurrent.ThreadPoolExecutor$Worker.run(ThreadPoolExecutor.java:624)
	... 1 more
Caused by: org.apache.ratis.thirdparty.io.netty.channel.AbstractChannel$AnnotatedConnectException: Connection refused: /192.168.5.151:33092
	at sun.nio.ch.SocketChannelImpl.checkConnect(Native Method)
	at sun.nio.ch.SocketChannelImpl.finishConnect(SocketChannelImpl.java:717)
	at org.apache.ratis.thirdparty.io.netty.channel.socket.nio.NioSocketChannel.doFinishConnect(NioSocketChannel.java:327)
	at org.apache.ratis.thirdparty.io.netty.channel.nio.AbstractNioChannel$AbstractNioUnsafe.finishConnect(AbstractNioChannel.java:340)
	at org.apache.ratis.thirdparty.io.netty.channel.nio.NioEventLoop.processSelectedKey(NioEventLoop.java:632)
	at org.apache.ratis.thirdparty.io.netty.channel.nio.NioEventLoop.processSelectedKeysOptimized(NioEventLoop.java:579)
	at org.apache.ratis.thirdparty.io.netty.channel.nio.NioEventLoop.processSelectedKeys(NioEventLoop.java:496)
	at org.apache.ratis.thirdparty.io.netty.channel.nio.NioEventLoop.run(NioEventLoop.java:458)
	at org.apache.ratis.thirdparty.io.netty.util.concurrent.SingleThreadEventExecutor$5.run(SingleThreadEventExecutor.java:897)
	at org.apache.ratis.thirdparty.io.netty.util.concurrent.FastThreadLocalRunnable.run(FastThreadLocalRunnable.java:30)
	... 1 more
Caused by: java.net.ConnectException: Connection refused
	... 11 more
2019-09-04 22:37:02,757 [e81b47d7-612c-4c3e-9b79-e98468129918:group-E5F469940EF7:LeaderElection121] INFO  impl.LeaderElection (LeaderElection.java:logAndReturn(56)) - e81b47d7-612c-4c3e-9b79-e98468129918:group-E5F469940EF7:LeaderElection121: Election REJECTED; received 0 response(s) [] and 2 exception(s); e81b47d7-612c-4c3e-9b79-e98468129918:t2, leader=null, voted=e81b47d7-612c-4c3e-9b79-e98468129918, raftlog=e81b47d7-612c-4c3e-9b79-e98468129918-SegmentedRaftLog:OPENED:c6,f6,i6, conf=0: [ee59736f-a24c-469d-882b-c2dc09ed928a:192.168.5.151:38942, 4eb339a3-18e9-42fa-b835-83c170646335:192.168.5.151:33092, e81b47d7-612c-4c3e-9b79-e98468129918:192.168.5.151:33048], old=null
2019-09-04 22:37:02,757 [e81b47d7-612c-4c3e-9b79-e98468129918:group-E5F469940EF7:LeaderElection121] INFO  impl.LeaderElection (LogUtils.java:infoOrTrace(149)) -   Exception 0: {}
java.util.concurrent.ExecutionException: org.apache.ratis.thirdparty.io.grpc.StatusRuntimeException: UNAVAILABLE: io exception
	at java.util.concurrent.FutureTask.report(FutureTask.java:122)
	at java.util.concurrent.FutureTask.get(FutureTask.java:192)
	at org.apache.ratis.server.impl.LeaderElection.waitForResults(LeaderElection.java:262)
	at org.apache.ratis.server.impl.LeaderElection.askForVotes(LeaderElection.java:200)
	at org.apache.ratis.server.impl.LeaderElection.run(LeaderElection.java:130)
	at java.lang.Thread.run(Thread.java:748)
Caused by: org.apache.ratis.thirdparty.io.grpc.StatusRuntimeException: UNAVAILABLE: io exception
	at org.apache.ratis.thirdparty.io.grpc.stub.ClientCalls.toStatusRuntimeException(ClientCalls.java:233)
	at org.apache.ratis.thirdparty.io.grpc.stub.ClientCalls.getUnchecked(ClientCalls.java:214)
	at org.apache.ratis.thirdparty.io.grpc.stub.ClientCalls.blockingUnaryCall(ClientCalls.java:139)
	at org.apache.ratis.proto.grpc.RaftServerProtocolServiceGrpc$RaftServerProtocolServiceBlockingStub.requestVote(RaftServerProtocolServiceGrpc.java:265)
	at org.apache.ratis.grpc.server.GrpcServerProtocolClient.requestVote(GrpcServerProtocolClient.java:83)
	at org.apache.ratis.grpc.server.GrpcService.requestVote(GrpcService.java:195)
	at org.apache.ratis.server.impl.LeaderElection.lambda$submitRequests$1(LeaderElection.java:237)
	at java.util.concurrent.FutureTask.run(FutureTask.java:266)
	at java.util.concurrent.Executors$RunnableAdapter.call(Executors.java:511)
	at java.util.concurrent.FutureTask.run(FutureTask.java:266)
	at java.util.concurrent.ThreadPoolExecutor.runWorker(ThreadPoolExecutor.java:1149)
	at java.util.concurrent.ThreadPoolExecutor$Worker.run(ThreadPoolExecutor.java:624)
	... 1 more
Caused by: org.apache.ratis.thirdparty.io.netty.channel.AbstractChannel$AnnotatedConnectException: Connection refused: /192.168.5.151:38942
	at sun.nio.ch.SocketChannelImpl.checkConnect(Native Method)
	at sun.nio.ch.SocketChannelImpl.finishConnect(SocketChannelImpl.java:717)
	at org.apache.ratis.thirdparty.io.netty.channel.socket.nio.NioSocketChannel.doFinishConnect(NioSocketChannel.java:327)
	at org.apache.ratis.thirdparty.io.netty.channel.nio.AbstractNioChannel$AbstractNioUnsafe.finishConnect(AbstractNioChannel.java:340)
	at org.apache.ratis.thirdparty.io.netty.channel.nio.NioEventLoop.processSelectedKey(NioEventLoop.java:632)
	at org.apache.ratis.thirdparty.io.netty.channel.nio.NioEventLoop.processSelectedKeysOptimized(NioEventLoop.java:579)
	at org.apache.ratis.thirdparty.io.netty.channel.nio.NioEventLoop.processSelectedKeys(NioEventLoop.java:496)
	at org.apache.ratis.thirdparty.io.netty.channel.nio.NioEventLoop.run(NioEventLoop.java:458)
	at org.apache.ratis.thirdparty.io.netty.util.concurrent.SingleThreadEventExecutor$5.run(SingleThreadEventExecutor.java:897)
	at org.apache.ratis.thirdparty.io.netty.util.concurrent.FastThreadLocalRunnable.run(FastThreadLocalRunnable.java:30)
	... 1 more
Caused by: java.net.ConnectException: Connection refused
	... 11 more
2019-09-04 22:37:02,757 [e81b47d7-612c-4c3e-9b79-e98468129918:group-E5F469940EF7:LeaderElection121] INFO  impl.LeaderElection (LogUtils.java:infoOrTrace(149)) -   Exception 1: {}
java.util.concurrent.ExecutionException: org.apache.ratis.thirdparty.io.grpc.StatusRuntimeException: UNAVAILABLE: io exception
	at java.util.concurrent.FutureTask.report(FutureTask.java:122)
	at java.util.concurrent.FutureTask.get(FutureTask.java:192)
	at org.apache.ratis.server.impl.LeaderElection.waitForResults(LeaderElection.java:262)
	at org.apache.ratis.server.impl.LeaderElection.askForVotes(LeaderElection.java:200)
	at org.apache.ratis.server.impl.LeaderElection.run(LeaderElection.java:130)
	at java.lang.Thread.run(Thread.java:748)
Caused by: org.apache.ratis.thirdparty.io.grpc.StatusRuntimeException: UNAVAILABLE: io exception
	at org.apache.ratis.thirdparty.io.grpc.stub.ClientCalls.toStatusRuntimeException(ClientCalls.java:233)
	at org.apache.ratis.thirdparty.io.grpc.stub.ClientCalls.getUnchecked(ClientCalls.java:214)
	at org.apache.ratis.thirdparty.io.grpc.stub.ClientCalls.blockingUnaryCall(ClientCalls.java:139)
	at org.apache.ratis.proto.grpc.RaftServerProtocolServiceGrpc$RaftServerProtocolServiceBlockingStub.requestVote(RaftServerProtocolServiceGrpc.java:265)
	at org.apache.ratis.grpc.server.GrpcServerProtocolClient.requestVote(GrpcServerProtocolClient.java:83)
	at org.apache.ratis.grpc.server.GrpcService.requestVote(GrpcService.java:195)
	at org.apache.ratis.server.impl.LeaderElection.lambda$submitRequests$1(LeaderElection.java:237)
	at java.util.concurrent.FutureTask.run(FutureTask.java:266)
	at java.util.concurrent.Executors$RunnableAdapter.call(Executors.java:511)
	at java.util.concurrent.FutureTask.run(FutureTask.java:266)
	at java.util.concurrent.ThreadPoolExecutor.runWorker(ThreadPoolExecutor.java:1149)
	at java.util.concurrent.ThreadPoolExecutor$Worker.run(ThreadPoolExecutor.java:624)
	... 1 more
Caused by: org.apache.ratis.thirdparty.io.netty.channel.AbstractChannel$AnnotatedConnectException: Connection refused: /192.168.5.151:33092
	at sun.nio.ch.SocketChannelImpl.checkConnect(Native Method)
	at sun.nio.ch.SocketChannelImpl.finishConnect(SocketChannelImpl.java:717)
	at org.apache.ratis.thirdparty.io.netty.channel.socket.nio.NioSocketChannel.doFinishConnect(NioSocketChannel.java:327)
	at org.apache.ratis.thirdparty.io.netty.channel.nio.AbstractNioChannel$AbstractNioUnsafe.finishConnect(AbstractNioChannel.java:340)
	at org.apache.ratis.thirdparty.io.netty.channel.nio.NioEventLoop.processSelectedKey(NioEventLoop.java:632)
	at org.apache.ratis.thirdparty.io.netty.channel.nio.NioEventLoop.processSelectedKeysOptimized(NioEventLoop.java:579)
	at org.apache.ratis.thirdparty.io.netty.channel.nio.NioEventLoop.processSelectedKeys(NioEventLoop.java:496)
	at org.apache.ratis.thirdparty.io.netty.channel.nio.NioEventLoop.run(NioEventLoop.java:458)
	at org.apache.ratis.thirdparty.io.netty.util.concurrent.SingleThreadEventExecutor$5.run(SingleThreadEventExecutor.java:897)
	at org.apache.ratis.thirdparty.io.netty.util.concurrent.FastThreadLocalRunnable.run(FastThreadLocalRunnable.java:30)
	... 1 more
Caused by: java.net.ConnectException: Connection refused
	... 11 more
2019-09-04 22:37:02,758 [e81b47d7-612c-4c3e-9b79-e98468129918:group-E5F469940EF7:LeaderElection121] INFO  impl.RaftServerImpl (RaftServerImpl.java:setRole(171)) - e81b47d7-612c-4c3e-9b79-e98468129918:group-E5F469940EF7 changes role from CANDIDATE to FOLLOWER at term 2 for DISCOVERED_A_NEW_TERM
2019-09-04 22:37:02,758 [e81b47d7-612c-4c3e-9b79-e98468129918:group-E5F469940EF7:LeaderElection121] INFO  impl.RoleInfo (RoleInfo.java:shutdownLeaderElection(134)) - e81b47d7-612c-4c3e-9b79-e98468129918: shutdown LeaderElection
2019-09-04 22:37:02,758 [e81b47d7-612c-4c3e-9b79-e98468129918:group-E5F469940EF7:LeaderElection121] INFO  impl.RoleInfo (RoleInfo.java:updateAndGet(143)) - e81b47d7-612c-4c3e-9b79-e98468129918: start FollowerState
2019-09-04 22:37:03,936 [grpc-default-executor-7] WARN  server.GrpcLogAppender (LogUtils.java:warn(134)) - 27858f83-b177-46a0-be6d-5cc756b04b47->16eb735d-ddfa-43a0-a958-0cc463b6ee1f: Failed appendEntries: org.apache.ratis.thirdparty.io.grpc.StatusRuntimeException: UNAVAILABLE: io exception
2019-09-04 22:37:03,936 [grpc-default-executor-7] INFO  impl.FollowerInfo (FollowerInfo.java:lambda$new$0(50)) - 27858f83-b177-46a0-be6d-5cc756b04b47->16eb735d-ddfa-43a0-a958-0cc463b6ee1f: nextIndex: updateUnconditionally 6 -> 5
2019-09-04 22:37:05,946 [EventQueue-StaleNodeForStaleNodeHandler] INFO  node.StaleNodeHandler (StaleNodeHandler.java:onMessage(58)) - Datanode 27858f83-b177-46a0-be6d-5cc756b04b47{ip: 192.168.5.151, host: pr-hdds-2064-6vxfq-1484162802, networkLocation: /default-rack, certSerialId: null} moved to stale state. Finalizing its pipelines [PipelineID=816c8112-12e4-4d0f-8e9d-dca02446c33c, PipelineID=4b290b70-0366-4bcc-b7a8-83c4fc42e455]
2019-09-04 22:37:05,947 [EventQueue-StaleNodeForStaleNodeHandler] INFO  pipeline.SCMPipelineManager (SCMPipelineManager.java:finalizeAndDestroyPipeline(309)) - destroying pipeline:Pipeline[ Id: 816c8112-12e4-4d0f-8e9d-dca02446c33c, Nodes: 27858f83-b177-46a0-be6d-5cc756b04b47{ip: 192.168.5.151, host: pr-hdds-2064-6vxfq-1484162802, networkLocation: /default-rack, certSerialId: null}, Type:RATIS, Factor:ONE, State:OPEN]
2019-09-04 22:37:05,947 [EventQueue-StaleNodeForStaleNodeHandler] INFO  pipeline.PipelineStateManager (PipelineStateManager.java:finalizePipeline(123)) - Pipeline Pipeline[ Id: 816c8112-12e4-4d0f-8e9d-dca02446c33c, Nodes: 27858f83-b177-46a0-be6d-5cc756b04b47{ip: 192.168.5.151, host: pr-hdds-2064-6vxfq-1484162802, networkLocation: /default-rack, certSerialId: null}, Type:RATIS, Factor:ONE, State:CLOSED] moved to CLOSED state
2019-09-04 22:37:05,947 [EventQueue-StaleNodeForStaleNodeHandler] INFO  pipeline.SCMPipelineManager (SCMPipelineManager.java:finalizeAndDestroyPipeline(309)) - destroying pipeline:Pipeline[ Id: 4b290b70-0366-4bcc-b7a8-83c4fc42e455, Nodes: 16eb735d-ddfa-43a0-a958-0cc463b6ee1f{ip: 192.168.5.151, host: pr-hdds-2064-6vxfq-1484162802, networkLocation: /default-rack, certSerialId: null}dfe38629-739e-4f1a-92c4-47deec922a7c{ip: 192.168.5.151, host: pr-hdds-2064-6vxfq-1484162802, networkLocation: /default-rack, certSerialId: null}27858f83-b177-46a0-be6d-5cc756b04b47{ip: 192.168.5.151, host: pr-hdds-2064-6vxfq-1484162802, networkLocation: /default-rack, certSerialId: null}, Type:RATIS, Factor:THREE, State:CLOSED]
2019-09-04 22:37:06,247 [EventQueue-StaleNodeForStaleNodeHandler] INFO  node.StaleNodeHandler (StaleNodeHandler.java:onMessage(58)) - Datanode e81b47d7-612c-4c3e-9b79-e98468129918{ip: 192.168.5.151, host: pr-hdds-2064-6vxfq-1484162802, networkLocation: /default-rack, certSerialId: null} moved to stale state. Finalizing its pipelines [PipelineID=7a7104fd-a288-43e4-92cb-d7aa56c83cb9, PipelineID=5ee138b8-851a-4afb-af1f-e5f469940ef7]
2019-09-04 22:37:06,247 [EventQueue-StaleNodeForStaleNodeHandler] INFO  pipeline.SCMPipelineManager (SCMPipelineManager.java:finalizeAndDestroyPipeline(309)) - destroying pipeline:Pipeline[ Id: 7a7104fd-a288-43e4-92cb-d7aa56c83cb9, Nodes: e81b47d7-612c-4c3e-9b79-e98468129918{ip: 192.168.5.151, host: pr-hdds-2064-6vxfq-1484162802, networkLocation: /default-rack, certSerialId: null}, Type:RATIS, Factor:ONE, State:OPEN]
2019-09-04 22:37:06,247 [EventQueue-StaleNodeForStaleNodeHandler] INFO  pipeline.PipelineStateManager (PipelineStateManager.java:finalizePipeline(123)) - Pipeline Pipeline[ Id: 7a7104fd-a288-43e4-92cb-d7aa56c83cb9, Nodes: e81b47d7-612c-4c3e-9b79-e98468129918{ip: 192.168.5.151, host: pr-hdds-2064-6vxfq-1484162802, networkLocation: /default-rack, certSerialId: null}, Type:RATIS, Factor:ONE, State:CLOSED] moved to CLOSED state
2019-09-04 22:37:06,247 [EventQueue-StaleNodeForStaleNodeHandler] INFO  pipeline.SCMPipelineManager (SCMPipelineManager.java:finalizeAndDestroyPipeline(309)) - destroying pipeline:Pipeline[ Id: 5ee138b8-851a-4afb-af1f-e5f469940ef7, Nodes: 4eb339a3-18e9-42fa-b835-83c170646335{ip: 192.168.5.151, host: pr-hdds-2064-6vxfq-1484162802, networkLocation: /default-rack, certSerialId: null}ee59736f-a24c-469d-882b-c2dc09ed928a{ip: 192.168.5.151, host: pr-hdds-2064-6vxfq-1484162802, networkLocation: /default-rack, certSerialId: null}e81b47d7-612c-4c3e-9b79-e98468129918{ip: 192.168.5.151, host: pr-hdds-2064-6vxfq-1484162802, networkLocation: /default-rack, certSerialId: null}, Type:RATIS, Factor:THREE, State:CLOSED]
2019-09-04 22:37:06,436 [grpc-default-executor-7] WARN  server.GrpcLogAppender (LogUtils.java:warn(134)) - 27858f83-b177-46a0-be6d-5cc756b04b47->16eb735d-ddfa-43a0-a958-0cc463b6ee1f: Failed appendEntries: org.apache.ratis.thirdparty.io.grpc.StatusRuntimeException: UNAVAILABLE: io exception
2019-09-04 22:37:06,437 [grpc-default-executor-7] INFO  impl.FollowerInfo (FollowerInfo.java:lambda$new$0(50)) - 27858f83-b177-46a0-be6d-5cc756b04b47->16eb735d-ddfa-43a0-a958-0cc463b6ee1f: nextIndex: updateUnconditionally 5 -> 4
2019-09-04 22:37:06,488 [main] INFO  ozoneimpl.OzoneContainer (OzoneContainer.java:stop(215)) - Attempting to stop container services.
2019-09-04 22:37:06,488 [ForkJoinPool.commonPool-worker-1] INFO  ozoneimpl.OzoneContainer (OzoneContainer.java:stop(215)) - Attempting to stop container services.
2019-09-04 22:37:06,488 [main] INFO  impl.RaftServerProxy (RaftServerProxy.java:lambda$close$4(314)) - 27858f83-b177-46a0-be6d-5cc756b04b47: close
2019-09-04 22:37:06,489 [ForkJoinPool.commonPool-worker-1] INFO  impl.RaftServerProxy (RaftServerProxy.java:lambda$close$4(314)) - e81b47d7-612c-4c3e-9b79-e98468129918: close
2019-09-04 22:37:06,489 [main] INFO  impl.RaftServerImpl (RaftServerImpl.java:lambda$shutdown$3(245)) - 27858f83-b177-46a0-be6d-5cc756b04b47: shutdown group-DCA02446C33C
2019-09-04 22:37:06,489 [ForkJoinPool.commonPool-worker-1] INFO  impl.RaftServerImpl (RaftServerImpl.java:lambda$shutdown$3(245)) - e81b47d7-612c-4c3e-9b79-e98468129918: shutdown group-D7AA56C83CB9
2019-09-04 22:37:06,490 [main] INFO  util.JmxRegister (JmxRegister.java:unregister(73)) - Successfully un-registered JMX Bean with object name Ratis:service=RaftServer,group=group-DCA02446C33C,id=27858f83-b177-46a0-be6d-5cc756b04b47
2019-09-04 22:37:06,490 [main] INFO  impl.RoleInfo (RoleInfo.java:shutdownLeaderState(104)) - 27858f83-b177-46a0-be6d-5cc756b04b47: shutdown LeaderState
2019-09-04 22:37:06,490 [ForkJoinPool.commonPool-worker-1] INFO  util.JmxRegister (JmxRegister.java:unregister(73)) - Successfully un-registered JMX Bean with object name Ratis:service=RaftServer,group=group-D7AA56C83CB9,id=e81b47d7-612c-4c3e-9b79-e98468129918
2019-09-04 22:37:06,491 [main] INFO  impl.PendingRequests (PendingRequests.java:sendNotLeaderResponses(202)) - 27858f83-b177-46a0-be6d-5cc756b04b47-PendingRequests: sendNotLeaderResponses
2019-09-04 22:37:06,491 [ForkJoinPool.commonPool-worker-1] INFO  impl.RoleInfo (RoleInfo.java:shutdownLeaderState(104)) - e81b47d7-612c-4c3e-9b79-e98468129918: shutdown LeaderState
2019-09-04 22:37:06,492 [main] INFO  impl.StateMachineUpdater (StateMachineUpdater.java:stopAndJoin(115)) - StateMachineUpdater:27858f83-b177-46a0-be6d-5cc756b04b47:group-DCA02446C33C: set stopIndex = 0
2019-09-04 22:37:06,492 [ForkJoinPool.commonPool-worker-1] INFO  impl.PendingRequests (PendingRequests.java:sendNotLeaderResponses(202)) - e81b47d7-612c-4c3e-9b79-e98468129918-PendingRequests: sendNotLeaderResponses
2019-09-04 22:37:06,492 [main] INFO  impl.RaftServerImpl (ServerState.java:close(394)) - 27858f83-b177-46a0-be6d-5cc756b04b47:group-DCA02446C33C closes. The last applied log index is 0
2019-09-04 22:37:06,493 [ForkJoinPool.commonPool-worker-1] INFO  impl.StateMachineUpdater (StateMachineUpdater.java:stopAndJoin(115)) - StateMachineUpdater:e81b47d7-612c-4c3e-9b79-e98468129918:group-D7AA56C83CB9: set stopIndex = 0
2019-09-04 22:37:06,493 [27858f83-b177-46a0-be6d-5cc756b04b47-SegmentedRaftLogWorker:Storage Directory /workdir/hadoop-ozone/integration-test/target/test-dir/MiniOzoneClusterImpl-3e5eae9d-fe1a-4239-a18b-95efd0d45629/datanode-6/data/ratis/816c8112-12e4-4d0f-8e9d-dca02446c33c] INFO  segmented.SegmentedRaftLogWorker (SegmentedRaftLogWorker.java:run(313)) - 27858f83-b177-46a0-be6d-5cc756b04b47-SegmentedRaftLogWorker:Storage Directory /workdir/hadoop-ozone/integration-test/target/test-dir/MiniOzoneClusterImpl-3e5eae9d-fe1a-4239-a18b-95efd0d45629/datanode-6/data/ratis/816c8112-12e4-4d0f-8e9d-dca02446c33c was interrupted, exiting. There are 0 tasks remaining in the queue.
2019-09-04 22:37:06,493 [ForkJoinPool.commonPool-worker-1] INFO  impl.RaftServerImpl (ServerState.java:close(394)) - e81b47d7-612c-4c3e-9b79-e98468129918:group-D7AA56C83CB9 closes. The last applied log index is 0
2019-09-04 22:37:06,496 [main] INFO  segmented.SegmentedRaftLogWorker (SegmentedRaftLogWorker.java:close(228)) - 27858f83-b177-46a0-be6d-5cc756b04b47-SegmentedRaftLogWorker:Storage Directory /workdir/hadoop-ozone/integration-test/target/test-dir/MiniOzoneClusterImpl-3e5eae9d-fe1a-4239-a18b-95efd0d45629/datanode-6/data/ratis/816c8112-12e4-4d0f-8e9d-dca02446c33c close()
2019-09-04 22:37:06,496 [e81b47d7-612c-4c3e-9b79-e98468129918-SegmentedRaftLogWorker:Storage Directory /workdir/hadoop-ozone/integration-test/target/test-dir/MiniOzoneClusterImpl-3e5eae9d-fe1a-4239-a18b-95efd0d45629/datanode-0/data/ratis/7a7104fd-a288-43e4-92cb-d7aa56c83cb9] INFO  segmented.SegmentedRaftLogWorker (SegmentedRaftLogWorker.java:run(313)) - e81b47d7-612c-4c3e-9b79-e98468129918-SegmentedRaftLogWorker:Storage Directory /workdir/hadoop-ozone/integration-test/target/test-dir/MiniOzoneClusterImpl-3e5eae9d-fe1a-4239-a18b-95efd0d45629/datanode-0/data/ratis/7a7104fd-a288-43e4-92cb-d7aa56c83cb9 was interrupted, exiting. There are 0 tasks remaining in the queue.
2019-09-04 22:37:06,498 [main] INFO  impl.RaftServerImpl (RaftServerImpl.java:lambda$shutdown$3(245)) - 27858f83-b177-46a0-be6d-5cc756b04b47: shutdown group-83C4FC42E455
2019-09-04 22:37:06,500 [ForkJoinPool.commonPool-worker-1] INFO  segmented.SegmentedRaftLogWorker (SegmentedRaftLogWorker.java:close(228)) - e81b47d7-612c-4c3e-9b79-e98468129918-SegmentedRaftLogWorker:Storage Directory /workdir/hadoop-ozone/integration-test/target/test-dir/MiniOzoneClusterImpl-3e5eae9d-fe1a-4239-a18b-95efd0d45629/datanode-0/data/ratis/7a7104fd-a288-43e4-92cb-d7aa56c83cb9 close()
2019-09-04 22:37:06,500 [main] INFO  util.JmxRegister (JmxRegister.java:unregister(73)) - Successfully un-registered JMX Bean with object name Ratis:service=RaftServer,group=group-83C4FC42E455,id=27858f83-b177-46a0-be6d-5cc756b04b47
2019-09-04 22:37:06,502 [ForkJoinPool.commonPool-worker-1] INFO  impl.RaftServerImpl (RaftServerImpl.java:lambda$shutdown$3(245)) - e81b47d7-612c-4c3e-9b79-e98468129918: shutdown group-E5F469940EF7
2019-09-04 22:37:06,503 [main] INFO  impl.RoleInfo (RoleInfo.java:shutdownLeaderState(104)) - 27858f83-b177-46a0-be6d-5cc756b04b47: shutdown LeaderState
2019-09-04 22:37:06,503 [ForkJoinPool.commonPool-worker-1] INFO  util.JmxRegister (JmxRegister.java:unregister(73)) - Successfully un-registered JMX Bean with object name Ratis:service=RaftServer,group=group-E5F469940EF7,id=e81b47d7-612c-4c3e-9b79-e98468129918
2019-09-04 22:37:06,507 [org.apache.ratis.server.impl.LogAppender$AppenderDaemon$$Lambda$520/1835622507@3a6f88d0] WARN  server.GrpcLogAppender (GrpcLogAppender.java:mayWait(143)) - GrpcLogAppender(27858f83-b177-46a0-be6d-5cc756b04b47->16eb735d-ddfa-43a0-a958-0cc463b6ee1f): Wait interrupted by java.lang.InterruptedException
2019-09-04 22:37:06,507 [main] INFO  impl.PendingRequests (PendingRequests.java:sendNotLeaderResponses(202)) - 27858f83-b177-46a0-be6d-5cc756b04b47-PendingRequests: sendNotLeaderResponses
2019-09-04 22:37:06,507 [org.apache.ratis.server.impl.LogAppender$AppenderDaemon$$Lambda$520/1835622507@7f6d01f9] WARN  server.GrpcLogAppender (GrpcLogAppender.java:mayWait(143)) - GrpcLogAppender(27858f83-b177-46a0-be6d-5cc756b04b47->dfe38629-739e-4f1a-92c4-47deec922a7c): Wait interrupted by java.lang.InterruptedException
2019-09-04 22:37:06,511 [main] INFO  impl.StateMachineUpdater (StateMachineUpdater.java:stopAndJoin(115)) - StateMachineUpdater:27858f83-b177-46a0-be6d-5cc756b04b47:group-83C4FC42E455: set stopIndex = 6
2019-09-04 22:37:06,507 [ForkJoinPool.commonPool-worker-1] INFO  impl.RoleInfo (RoleInfo.java:shutdownFollowerState(121)) - e81b47d7-612c-4c3e-9b79-e98468129918: shutdown FollowerState
2019-09-04 22:37:06,511 [ForkJoinPool.commonPool-worker-1] INFO  impl.StateMachineUpdater (StateMachineUpdater.java:stopAndJoin(115)) - StateMachineUpdater:e81b47d7-612c-4c3e-9b79-e98468129918:group-E5F469940EF7: set stopIndex = 6
2019-09-04 22:37:06,511 [grpc-default-executor-6] INFO  server.GrpcServerProtocolService (GrpcServerProtocolService.java:onCompleted(104)) - dfe38629-739e-4f1a-92c4-47deec922a7c: appendEntries completed
2019-09-04 22:37:06,511 [StateMachineUpdater:27858f83-b177-46a0-be6d-5cc756b04b47:group-83C4FC42E455] INFO  ratis.ContainerStateMachine (ContainerStateMachine.java:takeSnapshot(284)) - group-83C4FC42E455: Taking a snapshot at:(t:1, i:6) file /workdir/hadoop-ozone/integration-test/target/test-dir/MiniOzoneClusterImpl-3e5eae9d-fe1a-4239-a18b-95efd0d45629/datanode-6/data/ratis/4b290b70-0366-4bcc-b7a8-83c4fc42e455/sm/snapshot.1_6
2019-09-04 22:37:06,512 [Thread-5455] INFO  impl.FollowerState (FollowerState.java:run(114)) - e81b47d7-612c-4c3e-9b79-e98468129918: FollowerState was interrupted: java.lang.InterruptedException: sleep interrupted
2019-09-04 22:37:06,512 [grpc-default-executor-7] INFO  server.GrpcLogAppender (GrpcLogAppender.java:onCompleted(292)) - 27858f83-b177-46a0-be6d-5cc756b04b47->dfe38629-739e-4f1a-92c4-47deec922a7c: follower responses appendEntries COMPLETED
2019-09-04 22:37:06,512 [StateMachineUpdater:e81b47d7-612c-4c3e-9b79-e98468129918:group-E5F469940EF7] INFO  ratis.ContainerStateMachine (ContainerStateMachine.java:takeSnapshot(284)) - group-E5F469940EF7: Taking a snapshot at:(t:1, i:4) file /workdir/hadoop-ozone/integration-test/target/test-dir/MiniOzoneClusterImpl-3e5eae9d-fe1a-4239-a18b-95efd0d45629/datanode-0/data/ratis/5ee138b8-851a-4afb-af1f-e5f469940ef7/sm/snapshot.1_4
2019-09-04 22:37:06,513 [grpc-default-executor-7] INFO  impl.FollowerInfo (FollowerInfo.java:lambda$new$0(50)) - 27858f83-b177-46a0-be6d-5cc756b04b47->dfe38629-739e-4f1a-92c4-47deec922a7c: nextIndex: updateUnconditionally 7 -> 6
2019-09-04 22:37:06,537 [StateMachineUpdater:27858f83-b177-46a0-be6d-5cc756b04b47:group-83C4FC42E455] INFO  ratis.ContainerStateMachine (ContainerStateMachine.java:takeSnapshot(295)) - group-83C4FC42E455: Finished taking a snapshot at:(t:1, i:6) file:/workdir/hadoop-ozone/integration-test/target/test-dir/MiniOzoneClusterImpl-3e5eae9d-fe1a-4239-a18b-95efd0d45629/datanode-6/data/ratis/4b290b70-0366-4bcc-b7a8-83c4fc42e455/sm/snapshot.1_6 time:27
2019-09-04 22:37:06,537 [StateMachineUpdater:27858f83-b177-46a0-be6d-5cc756b04b47:group-83C4FC42E455] INFO  impl.StateMachineUpdater (StateMachineUpdater.java:takeSnapshot(242)) - StateMachineUpdater:27858f83-b177-46a0-be6d-5cc756b04b47:group-83C4FC42E455: Took a snapshot at index 6
2019-09-04 22:37:06,537 [StateMachineUpdater:e81b47d7-612c-4c3e-9b79-e98468129918:group-E5F469940EF7] INFO  ratis.ContainerStateMachine (ContainerStateMachine.java:takeSnapshot(295)) - group-E5F469940EF7: Finished taking a snapshot at:(t:1, i:4) file:/workdir/hadoop-ozone/integration-test/target/test-dir/MiniOzoneClusterImpl-3e5eae9d-fe1a-4239-a18b-95efd0d45629/datanode-0/data/ratis/5ee138b8-851a-4afb-af1f-e5f469940ef7/sm/snapshot.1_4 time:26
2019-09-04 22:37:06,537 [StateMachineUpdater:27858f83-b177-46a0-be6d-5cc756b04b47:group-83C4FC42E455] INFO  impl.StateMachineUpdater (StateMachineUpdater.java:lambda$new$0(80)) - StateMachineUpdater:27858f83-b177-46a0-be6d-5cc756b04b47:group-83C4FC42E455: snapshotIndex: updateIncreasingly -1 -> 6
2019-09-04 22:37:06,538 [StateMachineUpdater:e81b47d7-612c-4c3e-9b79-e98468129918:group-E5F469940EF7] INFO  impl.StateMachineUpdater (StateMachineUpdater.java:takeSnapshot(242)) - StateMachineUpdater:e81b47d7-612c-4c3e-9b79-e98468129918:group-E5F469940EF7: Took a snapshot at index 4
2019-09-04 22:37:06,538 [StateMachineUpdater:e81b47d7-612c-4c3e-9b79-e98468129918:group-E5F469940EF7] INFO  impl.StateMachineUpdater (StateMachineUpdater.java:lambda$new$0(80)) - StateMachineUpdater:e81b47d7-612c-4c3e-9b79-e98468129918:group-E5F469940EF7: snapshotIndex: updateIncreasingly -1 -> 4
2019-09-04 22:37:06,538 [main] INFO  impl.RaftServerImpl (ServerState.java:close(394)) - 27858f83-b177-46a0-be6d-5cc756b04b47:group-83C4FC42E455 closes. The last applied log index is 6
2019-09-04 22:37:06,538 [ForkJoinPool.commonPool-worker-1] INFO  impl.RaftServerImpl (ServerState.java:close(394)) - e81b47d7-612c-4c3e-9b79-e98468129918:group-E5F469940EF7 closes. The last applied log index is 6
2019-09-04 22:37:06,539 [27858f83-b177-46a0-be6d-5cc756b04b47-SegmentedRaftLogWorker:Storage Directory /workdir/hadoop-ozone/integration-test/target/test-dir/MiniOzoneClusterImpl-3e5eae9d-fe1a-4239-a18b-95efd0d45629/datanode-6/data/ratis/4b290b70-0366-4bcc-b7a8-83c4fc42e455] INFO  segmented.SegmentedRaftLogWorker (SegmentedRaftLogWorker.java:run(313)) - 27858f83-b177-46a0-be6d-5cc756b04b47-SegmentedRaftLogWorker:Storage Directory /workdir/hadoop-ozone/integration-test/target/test-dir/MiniOzoneClusterImpl-3e5eae9d-fe1a-4239-a18b-95efd0d45629/datanode-6/data/ratis/4b290b70-0366-4bcc-b7a8-83c4fc42e455 was interrupted, exiting. There are 0 tasks remaining in the queue.
2019-09-04 22:37:06,539 [e81b47d7-612c-4c3e-9b79-e98468129918-SegmentedRaftLogWorker:Storage Directory /workdir/hadoop-ozone/integration-test/target/test-dir/MiniOzoneClusterImpl-3e5eae9d-fe1a-4239-a18b-95efd0d45629/datanode-0/data/ratis/5ee138b8-851a-4afb-af1f-e5f469940ef7] INFO  segmented.SegmentedRaftLogWorker (SegmentedRaftLogWorker.java:run(313)) - e81b47d7-612c-4c3e-9b79-e98468129918-SegmentedRaftLogWorker:Storage Directory /workdir/hadoop-ozone/integration-test/target/test-dir/MiniOzoneClusterImpl-3e5eae9d-fe1a-4239-a18b-95efd0d45629/datanode-0/data/ratis/5ee138b8-851a-4afb-af1f-e5f469940ef7 was interrupted, exiting. There are 0 tasks remaining in the queue.
2019-09-04 22:37:06,541 [main] INFO  segmented.SegmentedRaftLogWorker (SegmentedRaftLogWorker.java:close(228)) - 27858f83-b177-46a0-be6d-5cc756b04b47-SegmentedRaftLogWorker:Storage Directory /workdir/hadoop-ozone/integration-test/target/test-dir/MiniOzoneClusterImpl-3e5eae9d-fe1a-4239-a18b-95efd0d45629/datanode-6/data/ratis/4b290b70-0366-4bcc-b7a8-83c4fc42e455 close()
2019-09-04 22:37:06,543 [ForkJoinPool.commonPool-worker-1] INFO  segmented.SegmentedRaftLogWorker (SegmentedRaftLogWorker.java:close(228)) - e81b47d7-612c-4c3e-9b79-e98468129918-SegmentedRaftLogWorker:Storage Directory /workdir/hadoop-ozone/integration-test/target/test-dir/MiniOzoneClusterImpl-3e5eae9d-fe1a-4239-a18b-95efd0d45629/datanode-0/data/ratis/5ee138b8-851a-4afb-af1f-e5f469940ef7 close()
2019-09-04 22:37:06,544 [main] INFO  server.GrpcService (GrpcService.java:closeImpl(155)) - 27858f83-b177-46a0-be6d-5cc756b04b47: shutdown server with port 35008 now
2019-09-04 22:37:06,546 [ForkJoinPool.commonPool-worker-1] INFO  server.GrpcService (GrpcService.java:closeImpl(155)) - e81b47d7-612c-4c3e-9b79-e98468129918: shutdown server with port 33048 now
2019-09-04 22:37:06,547 [ForkJoinPool.commonPool-worker-1] INFO  server.GrpcService (GrpcService.java:closeImpl(163)) - e81b47d7-612c-4c3e-9b79-e98468129918: shutdown server with port 33048 successfully
2019-09-04 22:37:06,547 [main] INFO  server.GrpcService (GrpcService.java:closeImpl(163)) - 27858f83-b177-46a0-be6d-5cc756b04b47: shutdown server with port 35008 successfully
2019-09-04 22:37:06,547 [grpc-default-executor-6] WARN  client.GrpcClientProtocolService (LogUtils.java:warn(134)) - 2-UnorderedRequestStreamObserver2: onError: org.apache.ratis.thirdparty.io.grpc.StatusRuntimeException: CANCELLED: cancelled before receiving half close
2019-09-04 22:37:06,548 [refreshUsed-/workdir/hadoop-ozone/integration-test/target/test-dir/MiniOzoneClusterImpl-3e5eae9d-fe1a-4239-a18b-95efd0d45629/datanode-0/data/containers] WARN  fs.CachingGetSpaceUsed (CachingGetSpaceUsed.java:run(183)) - Thread Interrupted waiting to refresh disk information: sleep interrupted
2019-09-04 22:37:06,554 [refreshUsed-/workdir/hadoop-ozone/integration-test/target/test-dir/MiniOzoneClusterImpl-3e5eae9d-fe1a-4239-a18b-95efd0d45629/datanode-6/data/containers] WARN  fs.CachingGetSpaceUsed (CachingGetSpaceUsed.java:run(183)) - Thread Interrupted waiting to refresh disk information: sleep interrupted
2019-09-04 22:37:06,571 [ForkJoinPool.commonPool-worker-1] INFO  utils.BackgroundService (BackgroundService.java:shutdown(148)) - Shutting down service BlockDeletingService
2019-09-04 22:37:06,571 [main] INFO  utils.BackgroundService (BackgroundService.java:shutdown(148)) - Shutting down service BlockDeletingService
2019-09-04 22:37:06,578 [ForkJoinPool.commonPool-worker-1] INFO  statemachine.DatanodeStateMachine (DatanodeStateMachine.java:stopDaemon(395)) - Ozone container server stopped.
2019-09-04 22:37:06,579 [main] INFO  statemachine.DatanodeStateMachine (DatanodeStateMachine.java:stopDaemon(395)) - Ozone container server stopped.
2019-09-04 22:37:06,583 [main] INFO  handler.ContextHandler (ContextHandler.java:doStop(910)) - Stopped o.e.j.w.WebAppContext@7198ab9a{/,null,UNAVAILABLE}{/hddsDatanode}
2019-09-04 22:37:06,583 [ForkJoinPool.commonPool-worker-1] INFO  handler.ContextHandler (ContextHandler.java:doStop(910)) - Stopped o.e.j.w.WebAppContext@379f9555{/,null,UNAVAILABLE}{/hddsDatanode}
2019-09-04 22:37:06,584 [main] INFO  server.AbstractConnector (AbstractConnector.java:doStop(318)) - Stopped ServerConnector@67d5ac2f{HTTP/1.1,[http/1.1]}{0.0.0.0:0}
2019-09-04 22:37:06,584 [ForkJoinPool.commonPool-worker-1] INFO  server.AbstractConnector (AbstractConnector.java:doStop(318)) - Stopped ServerConnector@7e3ee128{HTTP/1.1,[http/1.1]}{0.0.0.0:0}
2019-09-04 22:37:06,584 [main] INFO  handler.ContextHandler (ContextHandler.java:doStop(910)) - Stopped o.e.j.s.ServletContextHandler@40cf6254{/static,jar:file:/home/user/.m2/repository/org/apache/hadoop/hadoop-hdds-container-service/0.5.0-SNAPSHOT/hadoop-hdds-container-service-0.5.0-SNAPSHOT.jar!/webapps/static,UNAVAILABLE}
2019-09-04 22:37:06,584 [ForkJoinPool.commonPool-worker-1] INFO  handler.ContextHandler (ContextHandler.java:doStop(910)) - Stopped o.e.j.s.ServletContextHandler@9e62fb{/static,jar:file:/home/user/.m2/repository/org/apache/hadoop/hadoop-hdds-container-service/0.5.0-SNAPSHOT/hadoop-hdds-container-service-0.5.0-SNAPSHOT.jar!/webapps/static,UNAVAILABLE}
2019-09-04 22:37:06,584 [main] INFO  handler.ContextHandler (ContextHandler.java:doStop(910)) - Stopped o.e.j.s.ServletContextHandler@5ed65e4b{/logs,file:///workdir/hadoop-ozone/integration-test/target/log,UNAVAILABLE}
2019-09-04 22:37:06,585 [ForkJoinPool.commonPool-worker-1] INFO  handler.ContextHandler (ContextHandler.java:doStop(910)) - Stopped o.e.j.s.ServletContextHandler@5486ee92{/logs,file:///workdir/hadoop-ozone/integration-test/target/log,UNAVAILABLE}
2019-09-04 22:37:06,878 [Datanode State Machine Thread - 0] INFO  statemachine.DatanodeStateMachine (DatanodeStateMachine.java:lambda$startDaemon$0(350)) - Ozone container server started.
2019-09-04 22:37:10,953 [EventQueue-StaleNodeForStaleNodeHandler] INFO  node.StaleNodeHandler (StaleNodeHandler.java:onMessage(58)) - Datanode dfe38629-739e-4f1a-92c4-47deec922a7c{ip: 192.168.5.151, host: pr-hdds-2064-6vxfq-1484162802, networkLocation: /default-rack, certSerialId: null} moved to stale state. Finalizing its pipelines [PipelineID=4b290b70-0366-4bcc-b7a8-83c4fc42e455, PipelineID=e60f51d5-982a-4203-8022-0a7d19a89248]
2019-09-04 22:37:10,953 [EventQueue-StaleNodeForStaleNodeHandler] INFO  pipeline.SCMPipelineManager (SCMPipelineManager.java:finalizeAndDestroyPipeline(309)) - destroying pipeline:Pipeline[ Id: 4b290b70-0366-4bcc-b7a8-83c4fc42e455, Nodes: 16eb735d-ddfa-43a0-a958-0cc463b6ee1f{ip: 192.168.5.151, host: pr-hdds-2064-6vxfq-1484162802, networkLocation: /default-rack, certSerialId: null}dfe38629-739e-4f1a-92c4-47deec922a7c{ip: 192.168.5.151, host: pr-hdds-2064-6vxfq-1484162802, networkLocation: /default-rack, certSerialId: null}27858f83-b177-46a0-be6d-5cc756b04b47{ip: 192.168.5.151, host: pr-hdds-2064-6vxfq-1484162802, networkLocation: /default-rack, certSerialId: null}, Type:RATIS, Factor:THREE, State:CLOSED]
2019-09-04 22:37:10,953 [EventQueue-StaleNodeForStaleNodeHandler] INFO  pipeline.SCMPipelineManager (SCMPipelineManager.java:finalizeAndDestroyPipeline(309)) - destroying pipeline:Pipeline[ Id: e60f51d5-982a-4203-8022-0a7d19a89248, Nodes: dfe38629-739e-4f1a-92c4-47deec922a7c{ip: 192.168.5.151, host: pr-hdds-2064-6vxfq-1484162802, networkLocation: /default-rack, certSerialId: null}, Type:RATIS, Factor:ONE, State:OPEN]
2019-09-04 22:37:10,953 [EventQueue-StaleNodeForStaleNodeHandler] INFO  pipeline.PipelineStateManager (PipelineStateManager.java:finalizePipeline(123)) - Pipeline Pipeline[ Id: e60f51d5-982a-4203-8022-0a7d19a89248, Nodes: dfe38629-739e-4f1a-92c4-47deec922a7c{ip: 192.168.5.151, host: pr-hdds-2064-6vxfq-1484162802, networkLocation: /default-rack, certSerialId: null}, Type:RATIS, Factor:ONE, State:CLOSED] moved to CLOSED state
2019-09-04 22:37:11,586 [main] INFO  ozoneimpl.OzoneContainer (OzoneContainer.java:stop(215)) - Attempting to stop container services.
2019-09-04 22:37:11,587 [main] INFO  impl.RaftServerProxy (RaftServerProxy.java:lambda$close$4(314)) - dfe38629-739e-4f1a-92c4-47deec922a7c: close
2019-09-04 22:37:11,587 [main] INFO  impl.RaftServerImpl (RaftServerImpl.java:lambda$shutdown$3(245)) - dfe38629-739e-4f1a-92c4-47deec922a7c: shutdown group-83C4FC42E455
2019-09-04 22:37:11,588 [main] INFO  util.JmxRegister (JmxRegister.java:unregister(73)) - Successfully un-registered JMX Bean with object name Ratis:service=RaftServer,group=group-83C4FC42E455,id=dfe38629-739e-4f1a-92c4-47deec922a7c
2019-09-04 22:37:11,588 [main] INFO  impl.RoleInfo (RoleInfo.java:shutdownFollowerState(121)) - dfe38629-739e-4f1a-92c4-47deec922a7c: shutdown FollowerState
2019-09-04 22:37:11,589 [main] INFO  impl.StateMachineUpdater (StateMachineUpdater.java:stopAndJoin(115)) - StateMachineUpdater:dfe38629-739e-4f1a-92c4-47deec922a7c:group-83C4FC42E455: set stopIndex = 6
2019-09-04 22:37:11,589 [StateMachineUpdater:dfe38629-739e-4f1a-92c4-47deec922a7c:group-83C4FC42E455] INFO  ratis.ContainerStateMachine (ContainerStateMachine.java:takeSnapshot(284)) - group-83C4FC42E455: Taking a snapshot at:(t:1, i:6) file /workdir/hadoop-ozone/integration-test/target/test-dir/MiniOzoneClusterImpl-3e5eae9d-fe1a-4239-a18b-95efd0d45629/datanode-5/data/ratis/4b290b70-0366-4bcc-b7a8-83c4fc42e455/sm/snapshot.1_6
2019-09-04 22:37:11,589 [Thread-5322] INFO  impl.FollowerState (FollowerState.java:run(114)) - dfe38629-739e-4f1a-92c4-47deec922a7c: FollowerState was interrupted: java.lang.InterruptedException: sleep interrupted
2019-09-04 22:37:11,602 [StateMachineUpdater:dfe38629-739e-4f1a-92c4-47deec922a7c:group-83C4FC42E455] INFO  ratis.ContainerStateMachine (ContainerStateMachine.java:takeSnapshot(295)) - group-83C4FC42E455: Finished taking a snapshot at:(t:1, i:6) file:/workdir/hadoop-ozone/integration-test/target/test-dir/MiniOzoneClusterImpl-3e5eae9d-fe1a-4239-a18b-95efd0d45629/datanode-5/data/ratis/4b290b70-0366-4bcc-b7a8-83c4fc42e455/sm/snapshot.1_6 time:14
2019-09-04 22:37:11,603 [StateMachineUpdater:dfe38629-739e-4f1a-92c4-47deec922a7c:group-83C4FC42E455] INFO  impl.StateMachineUpdater (StateMachineUpdater.java:takeSnapshot(242)) - StateMachineUpdater:dfe38629-739e-4f1a-92c4-47deec922a7c:group-83C4FC42E455: Took a snapshot at index 6
2019-09-04 22:37:11,603 [StateMachineUpdater:dfe38629-739e-4f1a-92c4-47deec922a7c:group-83C4FC42E455] INFO  impl.StateMachineUpdater (StateMachineUpdater.java:lambda$new$0(80)) - StateMachineUpdater:dfe38629-739e-4f1a-92c4-47deec922a7c:group-83C4FC42E455: snapshotIndex: updateIncreasingly -1 -> 6
2019-09-04 22:37:11,603 [main] INFO  impl.RaftServerImpl (ServerState.java:close(394)) - dfe38629-739e-4f1a-92c4-47deec922a7c:group-83C4FC42E455 closes. The last applied log index is 6
2019-09-04 22:37:11,604 [dfe38629-739e-4f1a-92c4-47deec922a7c-SegmentedRaftLogWorker:Storage Directory /workdir/hadoop-ozone/integration-test/target/test-dir/MiniOzoneClusterImpl-3e5eae9d-fe1a-4239-a18b-95efd0d45629/datanode-5/data/ratis/4b290b70-0366-4bcc-b7a8-83c4fc42e455] INFO  segmented.SegmentedRaftLogWorker (SegmentedRaftLogWorker.java:run(313)) - dfe38629-739e-4f1a-92c4-47deec922a7c-SegmentedRaftLogWorker:Storage Directory /workdir/hadoop-ozone/integration-test/target/test-dir/MiniOzoneClusterImpl-3e5eae9d-fe1a-4239-a18b-95efd0d45629/datanode-5/data/ratis/4b290b70-0366-4bcc-b7a8-83c4fc42e455 was interrupted, exiting. There are 0 tasks remaining in the queue.
2019-09-04 22:37:11,606 [main] INFO  segmented.SegmentedRaftLogWorker (SegmentedRaftLogWorker.java:close(228)) - dfe38629-739e-4f1a-92c4-47deec922a7c-SegmentedRaftLogWorker:Storage Directory /workdir/hadoop-ozone/integration-test/target/test-dir/MiniOzoneClusterImpl-3e5eae9d-fe1a-4239-a18b-95efd0d45629/datanode-5/data/ratis/4b290b70-0366-4bcc-b7a8-83c4fc42e455 close()
2019-09-04 22:37:11,608 [main] INFO  impl.RaftServerImpl (RaftServerImpl.java:lambda$shutdown$3(245)) - dfe38629-739e-4f1a-92c4-47deec922a7c: shutdown group-0A7D19A89248
2019-09-04 22:37:11,608 [main] INFO  util.JmxRegister (JmxRegister.java:unregister(73)) - Successfully un-registered JMX Bean with object name Ratis:service=RaftServer,group=group-0A7D19A89248,id=dfe38629-739e-4f1a-92c4-47deec922a7c
2019-09-04 22:37:11,608 [main] INFO  impl.RoleInfo (RoleInfo.java:shutdownLeaderState(104)) - dfe38629-739e-4f1a-92c4-47deec922a7c: shutdown LeaderState
2019-09-04 22:37:11,609 [main] INFO  impl.PendingRequests (PendingRequests.java:sendNotLeaderResponses(202)) - dfe38629-739e-4f1a-92c4-47deec922a7c-PendingRequests: sendNotLeaderResponses
2019-09-04 22:37:11,609 [main] INFO  impl.StateMachineUpdater (StateMachineUpdater.java:stopAndJoin(115)) - StateMachineUpdater:dfe38629-739e-4f1a-92c4-47deec922a7c:group-0A7D19A89248: set stopIndex = 0
2019-09-04 22:37:11,610 [main] INFO  impl.RaftServerImpl (ServerState.java:close(394)) - dfe38629-739e-4f1a-92c4-47deec922a7c:group-0A7D19A89248 closes. The last applied log index is 0
2019-09-04 22:37:11,610 [dfe38629-739e-4f1a-92c4-47deec922a7c-SegmentedRaftLogWorker:Storage Directory /workdir/hadoop-ozone/integration-test/target/test-dir/MiniOzoneClusterImpl-3e5eae9d-fe1a-4239-a18b-95efd0d45629/datanode-5/data/ratis/e60f51d5-982a-4203-8022-0a7d19a89248] INFO  segmented.SegmentedRaftLogWorker (SegmentedRaftLogWorker.java:run(313)) - dfe38629-739e-4f1a-92c4-47deec922a7c-SegmentedRaftLogWorker:Storage Directory /workdir/hadoop-ozone/integration-test/target/test-dir/MiniOzoneClusterImpl-3e5eae9d-fe1a-4239-a18b-95efd0d45629/datanode-5/data/ratis/e60f51d5-982a-4203-8022-0a7d19a89248 was interrupted, exiting. There are 0 tasks remaining in the queue.
2019-09-04 22:37:11,612 [main] INFO  segmented.SegmentedRaftLogWorker (SegmentedRaftLogWorker.java:close(228)) - dfe38629-739e-4f1a-92c4-47deec922a7c-SegmentedRaftLogWorker:Storage Directory /workdir/hadoop-ozone/integration-test/target/test-dir/MiniOzoneClusterImpl-3e5eae9d-fe1a-4239-a18b-95efd0d45629/datanode-5/data/ratis/e60f51d5-982a-4203-8022-0a7d19a89248 close()
2019-09-04 22:37:11,613 [main] INFO  server.GrpcService (GrpcService.java:closeImpl(155)) - dfe38629-739e-4f1a-92c4-47deec922a7c: shutdown server with port 44807 now
2019-09-04 22:37:11,614 [main] INFO  server.GrpcService (GrpcService.java:closeImpl(163)) - dfe38629-739e-4f1a-92c4-47deec922a7c: shutdown server with port 44807 successfully
2019-09-04 22:37:11,816 [refreshUsed-/workdir/hadoop-ozone/integration-test/target/test-dir/MiniOzoneClusterImpl-3e5eae9d-fe1a-4239-a18b-95efd0d45629/datanode-5/data/containers] WARN  fs.CachingGetSpaceUsed (CachingGetSpaceUsed.java:run(183)) - Thread Interrupted waiting to refresh disk information: sleep interrupted
2019-09-04 22:37:12,069 [main] INFO  utils.BackgroundService (BackgroundService.java:shutdown(148)) - Shutting down service BlockDeletingService
2019-09-04 22:37:12,072 [main] INFO  statemachine.DatanodeStateMachine (DatanodeStateMachine.java:stopDaemon(395)) - Ozone container server stopped.
2019-09-04 22:37:12,073 [main] INFO  handler.ContextHandler (ContextHandler.java:doStop(910)) - Stopped o.e.j.w.WebAppContext@210a26b{/,null,UNAVAILABLE}{/hddsDatanode}
2019-09-04 22:37:12,074 [main] INFO  server.AbstractConnector (AbstractConnector.java:doStop(318)) - Stopped ServerConnector@2dc21583{HTTP/1.1,[http/1.1]}{0.0.0.0:0}
2019-09-04 22:37:12,075 [main] INFO  handler.ContextHandler (ContextHandler.java:doStop(910)) - Stopped o.e.j.s.ServletContextHandler@18989e0{/static,jar:file:/home/user/.m2/repository/org/apache/hadoop/hadoop-hdds-container-service/0.5.0-SNAPSHOT/hadoop-hdds-container-service-0.5.0-SNAPSHOT.jar!/webapps/static,UNAVAILABLE}
2019-09-04 22:37:12,075 [main] INFO  handler.ContextHandler (ContextHandler.java:doStop(910)) - Stopped o.e.j.s.ServletContextHandler@bb12f41{/logs,file:///workdir/hadoop-ozone/integration-test/target/log,UNAVAILABLE}
2019-09-04 22:37:12,075 [main] INFO  ozone.MiniOzoneClusterImpl (MiniOzoneClusterImpl.java:stop(339)) - Stopping the StorageContainerManager
2019-09-04 22:37:12,076 [main] INFO  server.StorageContainerManager (StorageContainerManager.java:stop(797)) - Stopping Replication Manager Service.
2019-09-04 22:37:12,076 [main] INFO  container.ReplicationManager (ReplicationManager.java:stop(203)) - Stopping Replication Monitor Thread.
2019-09-04 22:37:12,076 [main] INFO  server.StorageContainerManager (StorageContainerManager.java:stop(804)) - Stopping Lease Manager of the command watchers
2019-09-04 22:37:12,076 [main] INFO  server.StorageContainerManager (StorageContainerManager.java:stop(811)) - Stopping datanode service RPC server
2019-09-04 22:37:12,076 [main] INFO  server.SCMDatanodeProtocolServer (SCMDatanodeProtocolServer.java:stop(367)) - Stopping the RPC server for DataNodes
2019-09-04 22:37:12,076 [main] INFO  ipc.Server (Server.java:stop(3082)) - Stopping server on 38630
2019-09-04 22:37:12,078 [IPC Server listener on 38630] INFO  ipc.Server (Server.java:run(1185)) - Stopping IPC Server listener on 38630
2019-09-04 22:37:12,079 [IPC Server Responder] INFO  ipc.Server (Server.java:run(1319)) - Stopping IPC Server Responder
2019-09-04 22:37:12,116 [SCM Heartbeat Processing Thread - 0] WARN  node.NodeStateManager (NodeStateManager.java:scheduleNextHealthCheck(646)) - Current Thread is interrupted, shutting down HB processing thread for Node Manager.
2019-09-04 22:37:12,117 [main] INFO  server.StorageContainerManager (StorageContainerManager.java:stop(819)) - Stopping block service RPC server
2019-09-04 22:37:12,117 [main] INFO  server.SCMBlockProtocolServer (SCMBlockProtocolServer.java:stop(155)) - Stopping the RPC server for Block Protocol
2019-09-04 22:37:12,117 [main] INFO  ipc.Server (Server.java:stop(3082)) - Stopping server on 44798
2019-09-04 22:37:12,119 [main] INFO  server.StorageContainerManager (StorageContainerManager.java:stop(826)) - Stopping the StorageContainerLocationProtocol RPC server
2019-09-04 22:37:12,119 [IPC Server listener on 44798] INFO  ipc.Server (Server.java:run(1185)) - Stopping IPC Server listener on 44798
2019-09-04 22:37:12,119 [main] INFO  server.SCMClientProtocolServer (SCMClientProtocolServer.java:stop(159)) - Stopping the RPC server for Client Protocol
2019-09-04 22:37:12,123 [main] INFO  ipc.Server (Server.java:stop(3082)) - Stopping server on 44062
2019-09-04 22:37:12,119 [IPC Server Responder] INFO  ipc.Server (Server.java:run(1319)) - Stopping IPC Server Responder
2019-09-04 22:37:12,125 [IPC Server listener on 44062] INFO  ipc.Server (Server.java:run(1185)) - Stopping IPC Server listener on 44062
2019-09-04 22:37:12,125 [main] INFO  server.StorageContainerManager (StorageContainerManager.java:stop(833)) - Stopping Storage Container Manager HTTP server.
2019-09-04 22:37:12,126 [IPC Server Responder] INFO  ipc.Server (Server.java:run(1319)) - Stopping IPC Server Responder
2019-09-04 22:37:12,127 [main] INFO  handler.ContextHandler (ContextHandler.java:doStop(910)) - Stopped o.e.j.w.WebAppContext@12f9f896{/,null,UNAVAILABLE}{/scm}
2019-09-04 22:37:12,128 [main] INFO  server.AbstractConnector (AbstractConnector.java:doStop(318)) - Stopped ServerConnector@7548e1fb{HTTP/1.1,[http/1.1]}{0.0.0.0:0}
2019-09-04 22:37:12,128 [main] INFO  handler.ContextHandler (ContextHandler.java:doStop(910)) - Stopped o.e.j.s.ServletContextHandler@49889154{/static,file:///workdir/hadoop-ozone/integration-test/target/test-classes/webapps/static,UNAVAILABLE}
2019-09-04 22:37:12,129 [main] INFO  handler.ContextHandler (ContextHandler.java:doStop(910)) - Stopped o.e.j.s.ServletContextHandler@a826ff8{/logs,file:///workdir/hadoop-ozone/integration-test/target/log,UNAVAILABLE}
2019-09-04 22:37:12,129 [main] INFO  server.StorageContainerManager (StorageContainerManager.java:stop(844)) - Stopping Block Manager Service.
2019-09-04 22:37:12,130 [main] INFO  utils.BackgroundService (BackgroundService.java:shutdown(148)) - Shutting down service SCMBlockDeletingService
2019-09-04 22:37:12,130 [main] INFO  utils.BackgroundService (BackgroundService.java:shutdown(148)) - Shutting down service SCMBlockDeletingService
2019-09-04 22:37:12,130 [main] INFO  server.StorageContainerManager (StorageContainerManager.java:stop(866)) - Stopping SCM Event Queue.
2019-09-04 22:37:12,134 [main] INFO  impl.MetricsSystemImpl (MetricsSystemImpl.java:stop(210)) - Stopping HddsDatanode metrics system...
2019-09-04 22:37:12,149 [main] INFO  impl.MetricsSystemImpl (MetricsSystemImpl.java:stop(216)) - HddsDatanode metrics system stopped.
]]></system-out>
  </testcase>
</testsuite>