<?xml version="1.0" encoding="UTF-8"?>
<testsuite xmlns:xsi="http://www.w3.org/2001/XMLSchema-instance" xsi:noNamespaceSchemaLocation="https://maven.apache.org/surefire/maven-surefire-plugin/xsd/surefire-test-report.xsd" name="org.apache.hadoop.ozone.TestStorageContainerManager" time="75.786" tests="8" errors="3" skipped="0" failures="0">
  <properties>
    <property name="awt.toolkit" value="sun.awt.X11.XToolkit"/>
    <property name="file.encoding.pkg" value="sun.io"/>
    <property name="java.specification.version" value="1.8"/>
    <property name="sun.cpu.isalist" value=""/>
    <property name="sun.jnu.encoding" value="UTF-8"/>
    <property name="java.class.path" value="/workdir/hadoop-ozone/integration-test/target/test-classes:/workdir/hadoop-ozone/integration-test/target/classes:/home/user/.m2/repository/org/apache/hadoop/hadoop-ozone-common/0.5.0-SNAPSHOT/hadoop-ozone-common-0.5.0-SNAPSHOT.jar:/home/user/.m2/repository/org/apache/commons/commons-compress/1.4.1/commons-compress-1.4.1.jar:/home/user/.m2/repository/org/tukaani/xz/1.0/xz-1.0.jar:/home/user/.m2/repository/org/apache/hadoop/hadoop-common/3.2.0/hadoop-common-3.2.0.jar:/home/user/.m2/repository/org/apache/hadoop/hadoop-hdfs/3.2.0/hadoop-hdfs-3.2.0.jar:/home/user/.m2/repository/org/apache/hadoop/hadoop-hdfs-client/3.2.0/hadoop-hdfs-client-3.2.0.jar:/home/user/.m2/repository/com/fasterxml/jackson/core/jackson-annotations/2.9.5/jackson-annotations-2.9.5.jar:/home/user/.m2/repository/org/apache/hadoop/hadoop-hdds-common/0.5.0-SNAPSHOT/hadoop-hdds-common-0.5.0-SNAPSHOT.jar:/home/user/.m2/repository/javax/annotation/javax.annotation-api/1.2/javax.annotation-api-1.2.jar:/home/user/.m2/repository/org/apache/ratis/ratis-server/0.4.0-2337318-SNAPSHOT/ratis-server-0.4.0-2337318-SNAPSHOT.jar:/home/user/.m2/repository/org/apache/ratis/ratis-thirdparty-misc/0.2.0/ratis-thirdparty-misc-0.2.0.jar:/home/user/.m2/repository/org/apache/ratis/ratis-proto/0.4.0-2337318-SNAPSHOT/ratis-proto-0.4.0-2337318-SNAPSHOT.jar:/home/user/.m2/repository/org/apache/ratis/ratis-common/0.4.0-2337318-SNAPSHOT/ratis-common-0.4.0-2337318-SNAPSHOT.jar:/home/user/.m2/repository/org/apache/ratis/ratis-client/0.4.0-2337318-SNAPSHOT/ratis-client-0.4.0-2337318-SNAPSHOT.jar:/home/user/.m2/repository/org/apache/ratis/ratis-metrics/0.4.0-2337318-SNAPSHOT/ratis-metrics-0.4.0-2337318-SNAPSHOT.jar:/home/user/.m2/repository/org/apache/ratis/ratis-netty/0.4.0-2337318-SNAPSHOT/ratis-netty-0.4.0-2337318-SNAPSHOT.jar:/home/user/.m2/repository/org/apache/ratis/ratis-grpc/0.4.0-2337318-SNAPSHOT/ratis-grpc-0.4.0-2337318-SNAPSHOT.jar:/home/user/.m2/repository/org/rocksdb/rocksdbjni/6.0.1/rocksdbjni-6.0.1.jar:/home/user/.m2/repository/org/apache/logging/log4j/log4j-api/2.11.0/log4j-api-2.11.0.jar:/home/user/.m2/repository/org/apache/logging/log4j/log4j-core/2.11.0/log4j-core-2.11.0.jar:/home/user/.m2/repository/com/lmax/disruptor/3.4.2/disruptor-3.4.2.jar:/home/user/.m2/repository/org/apache/commons/commons-pool2/2.6.0/commons-pool2-2.6.0.jar:/home/user/.m2/repository/org/bouncycastle/bcpkix-jdk15on/1.60/bcpkix-jdk15on-1.60.jar:/home/user/.m2/repository/commons-validator/commons-validator/1.6/commons-validator-1.6.jar:/home/user/.m2/repository/commons-digester/commons-digester/1.8.1/commons-digester-1.8.1.jar:/home/user/.m2/repository/io/jaegertracing/jaeger-client/0.33.1/jaeger-client-0.33.1.jar:/home/user/.m2/repository/io/jaegertracing/jaeger-thrift/0.33.1/jaeger-thrift-0.33.1.jar:/home/user/.m2/repository/org/apache/thrift/libthrift/0.11.0/libthrift-0.11.0.jar:/home/user/.m2/repository/com/squareup/okhttp3/okhttp/3.9.0/okhttp-3.9.0.jar:/home/user/.m2/repository/com/squareup/okio/okio/1.13.0/okio-1.13.0.jar:/home/user/.m2/repository/io/jaegertracing/jaeger-core/0.33.1/jaeger-core-0.33.1.jar:/home/user/.m2/repository/io/jaegertracing/jaeger-tracerresolver/0.33.1/jaeger-tracerresolver-0.33.1.jar:/home/user/.m2/repository/io/opentracing/contrib/opentracing-tracerresolver/0.1.5/opentracing-tracerresolver-0.1.5.jar:/home/user/.m2/repository/io/opentracing/opentracing-util/0.31.0/opentracing-util-0.31.0.jar:/home/user/.m2/repository/io/opentracing/opentracing-api/0.31.0/opentracing-api-0.31.0.jar:/home/user/.m2/repository/io/opentracing/opentracing-noop/0.31.0/opentracing-noop-0.31.0.jar:/home/user/.m2/repository/org/apache/hadoop/hadoop-hdds-server-framework/0.5.0-SNAPSHOT/hadoop-hdds-server-framework-0.5.0-SNAPSHOT.jar:/home/user/.m2/repository/org/apache/hadoop/hadoop-hdds-container-service/0.5.0-SNAPSHOT/hadoop-hdds-container-service-0.5.0-SNAPSHOT.jar:/home/user/.m2/repository/org/apache/hadoop/hadoop-hdds-client/0.5.0-SNAPSHOT/hadoop-hdds-client-0.5.0-SNAPSHOT.jar:/home/user/.m2/repository/org/apache/hadoop/hadoop-hdds-tools/0.5.0-SNAPSHOT/hadoop-hdds-tools-0.5.0-SNAPSHOT.jar:/home/user/.m2/repository/org/apache/hadoop/hadoop-hdds-server-scm/0.5.0-SNAPSHOT/hadoop-hdds-server-scm-0.5.0-SNAPSHOT.jar:/home/user/.m2/repository/org/apache/hadoop/hadoop-hdds-docs/0.5.0-SNAPSHOT/hadoop-hdds-docs-0.5.0-SNAPSHOT.jar:/home/user/.m2/repository/io/dropwizard/metrics/metrics-core/3.2.4/metrics-core-3.2.4.jar:/home/user/.m2/repository/org/hamcrest/hamcrest-all/1.3/hamcrest-all-1.3.jar:/home/user/.m2/repository/org/bouncycastle/bcprov-jdk15on/1.60/bcprov-jdk15on-1.60.jar:/home/user/.m2/repository/info/picocli/picocli/3.9.6/picocli-3.9.6.jar:/home/user/.m2/repository/com/google/protobuf/protobuf-java/2.5.0/protobuf-java-2.5.0.jar:/home/user/.m2/repository/com/google/guava/guava/11.0.2/guava-11.0.2.jar:/home/user/.m2/repository/org/apache/hadoop/hadoop-ozone-ozone-manager/0.5.0-SNAPSHOT/hadoop-ozone-ozone-manager-0.5.0-SNAPSHOT.jar:/home/user/.m2/repository/org/apache/hadoop/hadoop-minikdc/3.2.0/hadoop-minikdc-3.2.0.jar:/home/user/.m2/repository/commons-io/commons-io/2.5/commons-io-2.5.jar:/home/user/.m2/repository/org/apache/kerby/kerb-simplekdc/1.0.1/kerb-simplekdc-1.0.1.jar:/home/user/.m2/repository/org/apache/kerby/kerb-client/1.0.1/kerb-client-1.0.1.jar:/home/user/.m2/repository/org/apache/kerby/kerby-config/1.0.1/kerby-config-1.0.1.jar:/home/user/.m2/repository/org/apache/kerby/kerb-core/1.0.1/kerb-core-1.0.1.jar:/home/user/.m2/repository/org/apache/kerby/kerby-pkix/1.0.1/kerby-pkix-1.0.1.jar:/home/user/.m2/repository/org/apache/kerby/kerby-asn1/1.0.1/kerby-asn1-1.0.1.jar:/home/user/.m2/repository/org/apache/kerby/kerby-util/1.0.1/kerby-util-1.0.1.jar:/home/user/.m2/repository/org/apache/kerby/kerb-common/1.0.1/kerb-common-1.0.1.jar:/home/user/.m2/repository/org/apache/kerby/kerb-crypto/1.0.1/kerb-crypto-1.0.1.jar:/home/user/.m2/repository/org/apache/kerby/kerb-util/1.0.1/kerb-util-1.0.1.jar:/home/user/.m2/repository/org/apache/kerby/token-provider/1.0.1/token-provider-1.0.1.jar:/home/user/.m2/repository/org/apache/kerby/kerb-admin/1.0.1/kerb-admin-1.0.1.jar:/home/user/.m2/repository/org/apache/kerby/kerb-server/1.0.1/kerb-server-1.0.1.jar:/home/user/.m2/repository/org/apache/kerby/kerb-identity/1.0.1/kerb-identity-1.0.1.jar:/home/user/.m2/repository/org/apache/kerby/kerby-xdr/1.0.1/kerby-xdr-1.0.1.jar:/home/user/.m2/repository/org/slf4j/slf4j-log4j12/1.7.25/slf4j-log4j12-1.7.25.jar:/home/user/.m2/repository/org/apache/hadoop/hadoop-ozone-objectstore-service/0.5.0-SNAPSHOT/hadoop-ozone-objectstore-service-0.5.0-SNAPSHOT.jar:/home/user/.m2/repository/org/apache/hadoop/hadoop-ozone-s3gateway/0.5.0-SNAPSHOT/hadoop-ozone-s3gateway-0.5.0-SNAPSHOT.jar:/home/user/.m2/repository/org/jboss/weld/servlet/weld-servlet/2.4.7.Final/weld-servlet-2.4.7.Final.jar:/home/user/.m2/repository/org/glassfish/jersey/containers/jersey-container-servlet-core/2.27/jersey-container-servlet-core-2.27.jar:/home/user/.m2/repository/org/glassfish/hk2/external/javax.inject/2.5.0-b42/javax.inject-2.5.0-b42.jar:/home/user/.m2/repository/org/glassfish/jersey/core/jersey-common/2.27/jersey-common-2.27.jar:/home/user/.m2/repository/org/glassfish/hk2/osgi-resource-locator/1.0.1/osgi-resource-locator-1.0.1.jar:/home/user/.m2/repository/javax/ws/rs/javax.ws.rs-api/2.1/javax.ws.rs-api-2.1.jar:/home/user/.m2/repository/org/glassfish/jersey/ext/cdi/jersey-cdi1x/2.27/jersey-cdi1x-2.27.jar:/home/user/.m2/repository/org/glassfish/jersey/inject/jersey-hk2/2.27/jersey-hk2-2.27.jar:/home/user/.m2/repository/org/glassfish/hk2/hk2-locator/2.5.0-b42/hk2-locator-2.5.0-b42.jar:/home/user/.m2/repository/org/javassist/javassist/3.22.0-CR2/javassist-3.22.0-CR2.jar:/home/user/.m2/repository/org/glassfish/hk2/hk2-api/2.5.0/hk2-api-2.5.0.jar:/home/user/.m2/repository/org/glassfish/hk2/external/jakarta.inject/2.5.0/jakarta.inject-2.5.0.jar:/home/user/.m2/repository/org/glassfish/hk2/hk2-utils/2.5.0/hk2-utils-2.5.0.jar:/home/user/.m2/repository/jakarta/annotation/jakarta.annotation-api/1.3.4/jakarta.annotation-api-1.3.4.jar:/home/user/.m2/repository/org/glassfish/hk2/external/aopalliance-repackaged/2.5.0/aopalliance-repackaged-2.5.0.jar:/home/user/.m2/repository/com/fasterxml/jackson/dataformat/jackson-dataformat-xml/2.9.0/jackson-dataformat-xml-2.9.0.jar:/home/user/.m2/repository/com/fasterxml/jackson/core/jackson-core/2.9.5/jackson-core-2.9.5.jar:/home/user/.m2/repository/com/fasterxml/jackson/module/jackson-module-jaxb-annotations/2.9.5/jackson-module-jaxb-annotations-2.9.5.jar:/home/user/.m2/repository/javax/enterprise/cdi-api/1.2/cdi-api-1.2.jar:/home/user/.m2/repository/javax/el/javax.el-api/3.0.0/javax.el-api-3.0.0.jar:/home/user/.m2/repository/javax/interceptor/javax.interceptor-api/1.2/javax.interceptor-api-1.2.jar:/home/user/.m2/repository/javax/inject/javax.inject/1/javax.inject-1.jar:/home/user/.m2/repository/com/sun/xml/bind/jaxb-impl/2.3.0.1/jaxb-impl-2.3.0.1.jar:/home/user/.m2/repository/com/sun/xml/bind/jaxb-core/2.3.0.1/jaxb-core-2.3.0.1.jar:/home/user/.m2/repository/javax/xml/bind/jaxb-api/2.3.0/jaxb-api-2.3.0.jar:/home/user/.m2/repository/javax/activation/activation/1.1.1/activation-1.1.1.jar:/home/user/.m2/repository/org/apache/hadoop/hadoop-ozone-csi/0.5.0-SNAPSHOT/hadoop-ozone-csi-0.5.0-SNAPSHOT.jar:/home/user/.m2/repository/com/google/protobuf/protobuf-java-util/3.5.1/protobuf-java-util-3.5.1.jar:/home/user/.m2/repository/org/apache/hadoop/hadoop-hdds-config/0.5.0-SNAPSHOT/hadoop-hdds-config-0.5.0-SNAPSHOT.jar:/home/user/.m2/repository/io/grpc/grpc-netty/1.17.1/grpc-netty-1.17.1.jar:/home/user/.m2/repository/io/grpc/grpc-core/1.17.1/grpc-core-1.17.1.jar:/home/user/.m2/repository/io/grpc/grpc-context/1.17.1/grpc-context-1.17.1.jar:/home/user/.m2/repository/com/google/errorprone/error_prone_annotations/2.2.0/error_prone_annotations-2.2.0.jar:/home/user/.m2/repository/org/codehaus/mojo/animal-sniffer-annotations/1.17/animal-sniffer-annotations-1.17.jar:/home/user/.m2/repository/io/opencensus/opencensus-api/0.17.0/opencensus-api-0.17.0.jar:/home/user/.m2/repository/io/opencensus/opencensus-contrib-grpc-metrics/0.17.0/opencensus-contrib-grpc-metrics-0.17.0.jar:/home/user/.m2/repository/io/netty/netty-codec-http2/4.1.30.Final/netty-codec-http2-4.1.30.Final.jar:/home/user/.m2/repository/io/netty/netty-codec-http/4.1.30.Final/netty-codec-http-4.1.30.Final.jar:/home/user/.m2/repository/io/netty/netty-codec/4.1.30.Final/netty-codec-4.1.30.Final.jar:/home/user/.m2/repository/io/netty/netty-handler/4.1.30.Final/netty-handler-4.1.30.Final.jar:/home/user/.m2/repository/io/netty/netty-handler-proxy/4.1.30.Final/netty-handler-proxy-4.1.30.Final.jar:/home/user/.m2/repository/io/netty/netty-codec-socks/4.1.30.Final/netty-codec-socks-4.1.30.Final.jar:/home/user/.m2/repository/io/netty/netty-transport-native-epoll/4.1.30.Final/netty-transport-native-epoll-4.1.30.Final.jar:/home/user/.m2/repository/io/netty/netty-common/4.1.30.Final/netty-common-4.1.30.Final.jar:/home/user/.m2/repository/io/netty/netty-buffer/4.1.30.Final/netty-buffer-4.1.30.Final.jar:/home/user/.m2/repository/io/netty/netty-transport/4.1.30.Final/netty-transport-4.1.30.Final.jar:/home/user/.m2/repository/io/netty/netty-resolver/4.1.30.Final/netty-resolver-4.1.30.Final.jar:/home/user/.m2/repository/io/netty/netty-transport-native-unix-common/4.1.30.Final/netty-transport-native-unix-common-4.1.30.Final.jar:/home/user/.m2/repository/io/grpc/grpc-protobuf/1.17.1/grpc-protobuf-1.17.1.jar:/home/user/.m2/repository/com/google/api/grpc/proto-google-common-protos/1.0.0/proto-google-common-protos-1.0.0.jar:/home/user/.m2/repository/io/grpc/grpc-protobuf-lite/1.17.1/grpc-protobuf-lite-1.17.1.jar:/home/user/.m2/repository/io/grpc/grpc-stub/1.17.1/grpc-stub-1.17.1.jar:/home/user/.m2/repository/org/apache/hadoop/hadoop-ozone-recon/0.5.0-SNAPSHOT/hadoop-ozone-recon-0.5.0-SNAPSHOT.jar:/home/user/.m2/repository/org/apache/hadoop/hadoop-ozone-reconcodegen/0.5.0-SNAPSHOT/hadoop-ozone-reconcodegen-0.5.0-SNAPSHOT.jar:/home/user/.m2/repository/com/google/inject/extensions/guice-multibindings/4.0/guice-multibindings-4.0.jar:/home/user/.m2/repository/com/google/inject/guice/4.0/guice-4.0.jar:/home/user/.m2/repository/aopalliance/aopalliance/1.0/aopalliance-1.0.jar:/home/user/.m2/repository/com/google/inject/extensions/guice-servlet/4.0/guice-servlet-4.0.jar:/home/user/.m2/repository/org/glassfish/jersey/containers/jersey-container-servlet/2.27/jersey-container-servlet-2.27.jar:/home/user/.m2/repository/org/glassfish/hk2/guice-bridge/2.5.0/guice-bridge-2.5.0.jar:/home/user/.m2/repository/org/glassfish/jersey/core/jersey-server/2.27/jersey-server-2.27.jar:/home/user/.m2/repository/org/glassfish/jersey/core/jersey-client/2.27/jersey-client-2.27.jar:/home/user/.m2/repository/org/glassfish/jersey/media/jersey-media-jaxb/2.27/jersey-media-jaxb-2.27.jar:/home/user/.m2/repository/javax/validation/validation-api/1.1.0.Final/validation-api-1.1.0.Final.jar:/home/user/.m2/repository/org/glassfish/jersey/media/jersey-media-json-jackson/2.27/jersey-media-json-jackson-2.27.jar:/home/user/.m2/repository/org/glassfish/jersey/ext/jersey-entity-filtering/2.27/jersey-entity-filtering-2.27.jar:/home/user/.m2/repository/com/google/inject/extensions/guice-assistedinject/4.0/guice-assistedinject-4.0.jar:/home/user/.m2/repository/org/jooq/jooq/3.11.10/jooq-3.11.10.jar:/home/user/.m2/repository/org/jooq/jooq-meta/3.11.10/jooq-meta-3.11.10.jar:/home/user/.m2/repository/org/jooq/jooq-codegen/3.11.10/jooq-codegen-3.11.10.jar:/home/user/.m2/repository/com/jolbox/bonecp/0.8.0.RELEASE/bonecp-0.8.0.RELEASE.jar:/home/user/.m2/repository/org/xerial/sqlite-jdbc/3.25.2/sqlite-jdbc-3.25.2.jar:/home/user/.m2/repository/org/springframework/spring-jdbc/5.1.3.RELEASE/spring-jdbc-5.1.3.RELEASE.jar:/home/user/.m2/repository/org/springframework/spring-beans/5.1.3.RELEASE/spring-beans-5.1.3.RELEASE.jar:/home/user/.m2/repository/org/springframework/spring-core/5.1.3.RELEASE/spring-core-5.1.3.RELEASE.jar:/home/user/.m2/repository/org/springframework/spring-jcl/5.1.3.RELEASE/spring-jcl-5.1.3.RELEASE.jar:/home/user/.m2/repository/org/springframework/spring-tx/5.1.3.RELEASE/spring-tx-5.1.3.RELEASE.jar:/home/user/.m2/repository/org/apache/hadoop/hadoop-ozone-client/0.5.0-SNAPSHOT/hadoop-ozone-client-0.5.0-SNAPSHOT.jar:/home/user/.m2/repository/commons-lang/commons-lang/2.6/commons-lang-2.6.jar:/home/user/.m2/repository/org/apache/hadoop/hadoop-ozone-ozone-manager/0.5.0-SNAPSHOT/hadoop-ozone-ozone-manager-0.5.0-SNAPSHOT-tests.jar:/home/user/.m2/repository/junit/junit/4.11/junit-4.11.jar:/home/user/.m2/repository/org/hamcrest/hamcrest-core/1.3/hamcrest-core-1.3.jar:/home/user/.m2/repository/org/openjdk/jmh/jmh-core/1.19/jmh-core-1.19.jar:/home/user/.m2/repository/net/sf/jopt-simple/jopt-simple/4.6/jopt-simple-4.6.jar:/home/user/.m2/repository/org/apache/commons/commons-math3/3.1.1/commons-math3-3.1.1.jar:/home/user/.m2/repository/org/openjdk/jmh/jmh-generator-annprocess/1.19/jmh-generator-annprocess-1.19.jar:/home/user/.m2/repository/org/mockito/mockito-all/1.8.5/mockito-all-1.8.5.jar:/home/user/.m2/repository/org/apache/hadoop/hadoop-kms/3.2.0/hadoop-kms-3.2.0.jar:/home/user/.m2/repository/org/apache/hadoop/hadoop-auth/3.2.0/hadoop-auth-3.2.0.jar:/home/user/.m2/repository/com/nimbusds/nimbus-jose-jwt/4.41.1/nimbus-jose-jwt-4.41.1.jar:/home/user/.m2/repository/com/github/stephenc/jcip/jcip-annotations/1.0-1/jcip-annotations-1.0-1.jar:/home/user/.m2/repository/net/minidev/json-smart/2.3/json-smart-2.3.jar:/home/user/.m2/repository/net/minidev/accessors-smart/1.2/accessors-smart-1.2.jar:/home/user/.m2/repository/org/ow2/asm/asm/5.0.4/asm-5.0.4.jar:/home/user/.m2/repository/org/apache/curator/curator-framework/2.12.0/curator-framework-2.12.0.jar:/home/user/.m2/repository/com/sun/jersey/jersey-core/1.19/jersey-core-1.19.jar:/home/user/.m2/repository/javax/ws/rs/jsr311-api/1.1.1/jsr311-api-1.1.1.jar:/home/user/.m2/repository/com/sun/jersey/jersey-server/1.19/jersey-server-1.19.jar:/home/user/.m2/repository/javax/servlet/javax.servlet-api/3.1.0/javax.servlet-api-3.1.0.jar:/home/user/.m2/repository/org/eclipse/jetty/jetty-server/9.3.24.v20180605/jetty-server-9.3.24.v20180605.jar:/home/user/.m2/repository/org/eclipse/jetty/jetty-http/9.3.24.v20180605/jetty-http-9.3.24.v20180605.jar:/home/user/.m2/repository/org/eclipse/jetty/jetty-io/9.3.24.v20180605/jetty-io-9.3.24.v20180605.jar:/home/user/.m2/repository/org/eclipse/jetty/jetty-webapp/9.3.24.v20180605/jetty-webapp-9.3.24.v20180605.jar:/home/user/.m2/repository/org/eclipse/jetty/jetty-xml/9.3.24.v20180605/jetty-xml-9.3.24.v20180605.jar:/home/user/.m2/repository/log4j/log4j/1.2.17/log4j-1.2.17.jar:/home/user/.m2/repository/org/slf4j/slf4j-api/1.7.25/slf4j-api-1.7.25.jar:/home/user/.m2/repository/org/slf4j/jul-to-slf4j/1.7.25/jul-to-slf4j-1.7.25.jar:/home/user/.m2/repository/org/eclipse/jetty/jetty-util/9.3.24.v20180605/jetty-util-9.3.24.v20180605.jar:/home/user/.m2/repository/com/fasterxml/jackson/core/jackson-databind/2.9.5/jackson-databind-2.9.5.jar:/home/user/.m2/repository/org/apache/hadoop/hadoop-kms/3.2.0/hadoop-kms-3.2.0-tests.jar:/home/user/.m2/repository/org/apache/hadoop/hadoop-hdds-server-scm/0.5.0-SNAPSHOT/hadoop-hdds-server-scm-0.5.0-SNAPSHOT-tests.jar:/home/user/.m2/repository/org/apache/hadoop/hadoop-hdds-container-service/0.5.0-SNAPSHOT/hadoop-hdds-container-service-0.5.0-SNAPSHOT-tests.jar:/home/user/.m2/repository/org/yaml/snakeyaml/1.16/snakeyaml-1.16.jar:/home/user/.m2/repository/org/apache/hadoop/hadoop-common/3.2.0/hadoop-common-3.2.0-tests.jar:/home/user/.m2/repository/org/apache/hadoop/hadoop-annotations/3.2.0/hadoop-annotations-3.2.0.jar:/usr/lib/jvm/java-1.8-openjdk/jre/../lib/tools.jar:/home/user/.m2/repository/commons-cli/commons-cli/1.2/commons-cli-1.2.jar:/home/user/.m2/repository/org/apache/httpcomponents/httpclient/4.5.2/httpclient-4.5.2.jar:/home/user/.m2/repository/org/apache/httpcomponents/httpcore/4.4.4/httpcore-4.4.4.jar:/home/user/.m2/repository/commons-codec/commons-codec/1.11/commons-codec-1.11.jar:/home/user/.m2/repository/commons-net/commons-net/3.6/commons-net-3.6.jar:/home/user/.m2/repository/commons-collections/commons-collections/3.2.2/commons-collections-3.2.2.jar:/home/user/.m2/repository/org/eclipse/jetty/jetty-servlet/9.3.24.v20180605/jetty-servlet-9.3.24.v20180605.jar:/home/user/.m2/repository/org/eclipse/jetty/jetty-security/9.3.24.v20180605/jetty-security-9.3.24.v20180605.jar:/home/user/.m2/repository/javax/servlet/jsp/jsp-api/2.1/jsp-api-2.1.jar:/home/user/.m2/repository/com/sun/jersey/jersey-servlet/1.19/jersey-servlet-1.19.jar:/home/user/.m2/repository/com/sun/jersey/jersey-json/1.19/jersey-json-1.19.jar:/home/user/.m2/repository/org/codehaus/jettison/jettison/1.1/jettison-1.1.jar:/home/user/.m2/repository/org/codehaus/jackson/jackson-core-asl/1.9.13/jackson-core-asl-1.9.13.jar:/home/user/.m2/repository/org/codehaus/jackson/jackson-mapper-asl/1.9.13/jackson-mapper-asl-1.9.13.jar:/home/user/.m2/repository/org/codehaus/jackson/jackson-jaxrs/1.9.13/jackson-jaxrs-1.9.13.jar:/home/user/.m2/repository/org/codehaus/jackson/jackson-xc/1.9.13/jackson-xc-1.9.13.jar:/home/user/.m2/repository/commons-logging/commons-logging/1.1.3/commons-logging-1.1.3.jar:/home/user/.m2/repository/commons-beanutils/commons-beanutils/1.9.3/commons-beanutils-1.9.3.jar:/home/user/.m2/repository/org/apache/commons/commons-configuration2/2.1.1/commons-configuration2-2.1.1.jar:/home/user/.m2/repository/org/apache/commons/commons-lang3/3.7/commons-lang3-3.7.jar:/home/user/.m2/repository/org/apache/commons/commons-text/1.4/commons-text-1.4.jar:/home/user/.m2/repository/org/apache/avro/avro/1.7.7/avro-1.7.7.jar:/home/user/.m2/repository/com/thoughtworks/paranamer/paranamer/2.3/paranamer-2.3.jar:/home/user/.m2/repository/org/xerial/snappy/snappy-java/1.0.5/snappy-java-1.0.5.jar:/home/user/.m2/repository/com/google/re2j/re2j/1.1/re2j-1.1.jar:/home/user/.m2/repository/com/google/code/gson/gson/2.2.4/gson-2.2.4.jar:/home/user/.m2/repository/com/jcraft/jsch/0.1.54/jsch-0.1.54.jar:/home/user/.m2/repository/org/apache/curator/curator-client/2.12.0/curator-client-2.12.0.jar:/home/user/.m2/repository/org/apache/curator/curator-recipes/2.12.0/curator-recipes-2.12.0.jar:/home/user/.m2/repository/com/google/code/findbugs/jsr305/3.0.0/jsr305-3.0.0.jar:/home/user/.m2/repository/org/apache/htrace/htrace-core4/4.1.0-incubating/htrace-core4-4.1.0-incubating.jar:/home/user/.m2/repository/org/apache/zookeeper/zookeeper/3.4.13/zookeeper-3.4.13.jar:/home/user/.m2/repository/org/apache/yetus/audience-annotations/0.5.0/audience-annotations-0.5.0.jar:/home/user/.m2/repository/org/codehaus/woodstox/stax2-api/3.1.4/stax2-api-3.1.4.jar:/home/user/.m2/repository/com/fasterxml/woodstox/woodstox-core/5.0.3/woodstox-core-5.0.3.jar:/home/user/.m2/repository/dnsjava/dnsjava/2.1.7/dnsjava-2.1.7.jar:/home/user/.m2/repository/org/apache/hadoop/hadoop-hdfs/3.2.0/hadoop-hdfs-3.2.0-tests.jar:/home/user/.m2/repository/org/eclipse/jetty/jetty-util-ajax/9.3.24.v20180605/jetty-util-ajax-9.3.24.v20180605.jar:/home/user/.m2/repository/commons-daemon/commons-daemon/1.0.13/commons-daemon-1.0.13.jar:/home/user/.m2/repository/io/netty/netty/3.10.5.Final/netty-3.10.5.Final.jar:/home/user/.m2/repository/io/netty/netty-all/4.0.52.Final/netty-all-4.0.52.Final.jar:/home/user/.m2/repository/org/fusesource/leveldbjni/leveldbjni-all/1.8/leveldbjni-all-1.8.jar:"/>
    <property name="java.vm.vendor" value="IcedTea"/>
    <property name="sun.arch.data.model" value="64"/>
    <property name="test.build.dir" value="/workdir/hadoop-ozone/integration-test/target/test-dir"/>
    <property name="test.cache.data" value=""/>
    <property name="java.vendor.url" value="https://icedtea.classpath.org"/>
    <property name="user.timezone" value=""/>
    <property name="java.vm.specification.version" value="1.8"/>
    <property name="os.name" value="Linux"/>
    <property name="test.build.data" value="/workdir/hadoop-ozone/integration-test/target/test-dir"/>
    <property name="user.country" value="US"/>
    <property name="sun.java.launcher" value="SUN_STANDARD"/>
    <property name="sun.boot.library.path" value="/usr/lib/jvm/java-1.8-openjdk/jre/lib/amd64"/>
    <property name="sun.java.command" value="/workdir/hadoop-ozone/integration-test/target/surefire/surefirebooter1425452718318472439.jar /workdir/hadoop-ozone/integration-test/target/surefire 2019-07-16T14-41-30_152-jvmRun1 surefire8346919049699539754tmp surefire_824642249392523020511tmp"/>
    <property name="surefire.test.class.path" value="/workdir/hadoop-ozone/integration-test/target/test-classes:/workdir/hadoop-ozone/integration-test/target/classes:/home/user/.m2/repository/org/apache/hadoop/hadoop-ozone-common/0.5.0-SNAPSHOT/hadoop-ozone-common-0.5.0-SNAPSHOT.jar:/home/user/.m2/repository/org/apache/commons/commons-compress/1.4.1/commons-compress-1.4.1.jar:/home/user/.m2/repository/org/tukaani/xz/1.0/xz-1.0.jar:/home/user/.m2/repository/org/apache/hadoop/hadoop-common/3.2.0/hadoop-common-3.2.0.jar:/home/user/.m2/repository/org/apache/hadoop/hadoop-hdfs/3.2.0/hadoop-hdfs-3.2.0.jar:/home/user/.m2/repository/org/apache/hadoop/hadoop-hdfs-client/3.2.0/hadoop-hdfs-client-3.2.0.jar:/home/user/.m2/repository/com/fasterxml/jackson/core/jackson-annotations/2.9.5/jackson-annotations-2.9.5.jar:/home/user/.m2/repository/org/apache/hadoop/hadoop-hdds-common/0.5.0-SNAPSHOT/hadoop-hdds-common-0.5.0-SNAPSHOT.jar:/home/user/.m2/repository/javax/annotation/javax.annotation-api/1.2/javax.annotation-api-1.2.jar:/home/user/.m2/repository/org/apache/ratis/ratis-server/0.4.0-2337318-SNAPSHOT/ratis-server-0.4.0-2337318-SNAPSHOT.jar:/home/user/.m2/repository/org/apache/ratis/ratis-thirdparty-misc/0.2.0/ratis-thirdparty-misc-0.2.0.jar:/home/user/.m2/repository/org/apache/ratis/ratis-proto/0.4.0-2337318-SNAPSHOT/ratis-proto-0.4.0-2337318-SNAPSHOT.jar:/home/user/.m2/repository/org/apache/ratis/ratis-common/0.4.0-2337318-SNAPSHOT/ratis-common-0.4.0-2337318-SNAPSHOT.jar:/home/user/.m2/repository/org/apache/ratis/ratis-client/0.4.0-2337318-SNAPSHOT/ratis-client-0.4.0-2337318-SNAPSHOT.jar:/home/user/.m2/repository/org/apache/ratis/ratis-metrics/0.4.0-2337318-SNAPSHOT/ratis-metrics-0.4.0-2337318-SNAPSHOT.jar:/home/user/.m2/repository/org/apache/ratis/ratis-netty/0.4.0-2337318-SNAPSHOT/ratis-netty-0.4.0-2337318-SNAPSHOT.jar:/home/user/.m2/repository/org/apache/ratis/ratis-grpc/0.4.0-2337318-SNAPSHOT/ratis-grpc-0.4.0-2337318-SNAPSHOT.jar:/home/user/.m2/repository/org/rocksdb/rocksdbjni/6.0.1/rocksdbjni-6.0.1.jar:/home/user/.m2/repository/org/apache/logging/log4j/log4j-api/2.11.0/log4j-api-2.11.0.jar:/home/user/.m2/repository/org/apache/logging/log4j/log4j-core/2.11.0/log4j-core-2.11.0.jar:/home/user/.m2/repository/com/lmax/disruptor/3.4.2/disruptor-3.4.2.jar:/home/user/.m2/repository/org/apache/commons/commons-pool2/2.6.0/commons-pool2-2.6.0.jar:/home/user/.m2/repository/org/bouncycastle/bcpkix-jdk15on/1.60/bcpkix-jdk15on-1.60.jar:/home/user/.m2/repository/commons-validator/commons-validator/1.6/commons-validator-1.6.jar:/home/user/.m2/repository/commons-digester/commons-digester/1.8.1/commons-digester-1.8.1.jar:/home/user/.m2/repository/io/jaegertracing/jaeger-client/0.33.1/jaeger-client-0.33.1.jar:/home/user/.m2/repository/io/jaegertracing/jaeger-thrift/0.33.1/jaeger-thrift-0.33.1.jar:/home/user/.m2/repository/org/apache/thrift/libthrift/0.11.0/libthrift-0.11.0.jar:/home/user/.m2/repository/com/squareup/okhttp3/okhttp/3.9.0/okhttp-3.9.0.jar:/home/user/.m2/repository/com/squareup/okio/okio/1.13.0/okio-1.13.0.jar:/home/user/.m2/repository/io/jaegertracing/jaeger-core/0.33.1/jaeger-core-0.33.1.jar:/home/user/.m2/repository/io/jaegertracing/jaeger-tracerresolver/0.33.1/jaeger-tracerresolver-0.33.1.jar:/home/user/.m2/repository/io/opentracing/contrib/opentracing-tracerresolver/0.1.5/opentracing-tracerresolver-0.1.5.jar:/home/user/.m2/repository/io/opentracing/opentracing-util/0.31.0/opentracing-util-0.31.0.jar:/home/user/.m2/repository/io/opentracing/opentracing-api/0.31.0/opentracing-api-0.31.0.jar:/home/user/.m2/repository/io/opentracing/opentracing-noop/0.31.0/opentracing-noop-0.31.0.jar:/home/user/.m2/repository/org/apache/hadoop/hadoop-hdds-server-framework/0.5.0-SNAPSHOT/hadoop-hdds-server-framework-0.5.0-SNAPSHOT.jar:/home/user/.m2/repository/org/apache/hadoop/hadoop-hdds-container-service/0.5.0-SNAPSHOT/hadoop-hdds-container-service-0.5.0-SNAPSHOT.jar:/home/user/.m2/repository/org/apache/hadoop/hadoop-hdds-client/0.5.0-SNAPSHOT/hadoop-hdds-client-0.5.0-SNAPSHOT.jar:/home/user/.m2/repository/org/apache/hadoop/hadoop-hdds-tools/0.5.0-SNAPSHOT/hadoop-hdds-tools-0.5.0-SNAPSHOT.jar:/home/user/.m2/repository/org/apache/hadoop/hadoop-hdds-server-scm/0.5.0-SNAPSHOT/hadoop-hdds-server-scm-0.5.0-SNAPSHOT.jar:/home/user/.m2/repository/org/apache/hadoop/hadoop-hdds-docs/0.5.0-SNAPSHOT/hadoop-hdds-docs-0.5.0-SNAPSHOT.jar:/home/user/.m2/repository/io/dropwizard/metrics/metrics-core/3.2.4/metrics-core-3.2.4.jar:/home/user/.m2/repository/org/hamcrest/hamcrest-all/1.3/hamcrest-all-1.3.jar:/home/user/.m2/repository/org/bouncycastle/bcprov-jdk15on/1.60/bcprov-jdk15on-1.60.jar:/home/user/.m2/repository/info/picocli/picocli/3.9.6/picocli-3.9.6.jar:/home/user/.m2/repository/com/google/protobuf/protobuf-java/2.5.0/protobuf-java-2.5.0.jar:/home/user/.m2/repository/com/google/guava/guava/11.0.2/guava-11.0.2.jar:/home/user/.m2/repository/org/apache/hadoop/hadoop-ozone-ozone-manager/0.5.0-SNAPSHOT/hadoop-ozone-ozone-manager-0.5.0-SNAPSHOT.jar:/home/user/.m2/repository/org/apache/hadoop/hadoop-minikdc/3.2.0/hadoop-minikdc-3.2.0.jar:/home/user/.m2/repository/commons-io/commons-io/2.5/commons-io-2.5.jar:/home/user/.m2/repository/org/apache/kerby/kerb-simplekdc/1.0.1/kerb-simplekdc-1.0.1.jar:/home/user/.m2/repository/org/apache/kerby/kerb-client/1.0.1/kerb-client-1.0.1.jar:/home/user/.m2/repository/org/apache/kerby/kerby-config/1.0.1/kerby-config-1.0.1.jar:/home/user/.m2/repository/org/apache/kerby/kerb-core/1.0.1/kerb-core-1.0.1.jar:/home/user/.m2/repository/org/apache/kerby/kerby-pkix/1.0.1/kerby-pkix-1.0.1.jar:/home/user/.m2/repository/org/apache/kerby/kerby-asn1/1.0.1/kerby-asn1-1.0.1.jar:/home/user/.m2/repository/org/apache/kerby/kerby-util/1.0.1/kerby-util-1.0.1.jar:/home/user/.m2/repository/org/apache/kerby/kerb-common/1.0.1/kerb-common-1.0.1.jar:/home/user/.m2/repository/org/apache/kerby/kerb-crypto/1.0.1/kerb-crypto-1.0.1.jar:/home/user/.m2/repository/org/apache/kerby/kerb-util/1.0.1/kerb-util-1.0.1.jar:/home/user/.m2/repository/org/apache/kerby/token-provider/1.0.1/token-provider-1.0.1.jar:/home/user/.m2/repository/org/apache/kerby/kerb-admin/1.0.1/kerb-admin-1.0.1.jar:/home/user/.m2/repository/org/apache/kerby/kerb-server/1.0.1/kerb-server-1.0.1.jar:/home/user/.m2/repository/org/apache/kerby/kerb-identity/1.0.1/kerb-identity-1.0.1.jar:/home/user/.m2/repository/org/apache/kerby/kerby-xdr/1.0.1/kerby-xdr-1.0.1.jar:/home/user/.m2/repository/org/slf4j/slf4j-log4j12/1.7.25/slf4j-log4j12-1.7.25.jar:/home/user/.m2/repository/org/apache/hadoop/hadoop-ozone-objectstore-service/0.5.0-SNAPSHOT/hadoop-ozone-objectstore-service-0.5.0-SNAPSHOT.jar:/home/user/.m2/repository/org/apache/hadoop/hadoop-ozone-s3gateway/0.5.0-SNAPSHOT/hadoop-ozone-s3gateway-0.5.0-SNAPSHOT.jar:/home/user/.m2/repository/org/jboss/weld/servlet/weld-servlet/2.4.7.Final/weld-servlet-2.4.7.Final.jar:/home/user/.m2/repository/org/glassfish/jersey/containers/jersey-container-servlet-core/2.27/jersey-container-servlet-core-2.27.jar:/home/user/.m2/repository/org/glassfish/hk2/external/javax.inject/2.5.0-b42/javax.inject-2.5.0-b42.jar:/home/user/.m2/repository/org/glassfish/jersey/core/jersey-common/2.27/jersey-common-2.27.jar:/home/user/.m2/repository/org/glassfish/hk2/osgi-resource-locator/1.0.1/osgi-resource-locator-1.0.1.jar:/home/user/.m2/repository/javax/ws/rs/javax.ws.rs-api/2.1/javax.ws.rs-api-2.1.jar:/home/user/.m2/repository/org/glassfish/jersey/ext/cdi/jersey-cdi1x/2.27/jersey-cdi1x-2.27.jar:/home/user/.m2/repository/org/glassfish/jersey/inject/jersey-hk2/2.27/jersey-hk2-2.27.jar:/home/user/.m2/repository/org/glassfish/hk2/hk2-locator/2.5.0-b42/hk2-locator-2.5.0-b42.jar:/home/user/.m2/repository/org/javassist/javassist/3.22.0-CR2/javassist-3.22.0-CR2.jar:/home/user/.m2/repository/org/glassfish/hk2/hk2-api/2.5.0/hk2-api-2.5.0.jar:/home/user/.m2/repository/org/glassfish/hk2/external/jakarta.inject/2.5.0/jakarta.inject-2.5.0.jar:/home/user/.m2/repository/org/glassfish/hk2/hk2-utils/2.5.0/hk2-utils-2.5.0.jar:/home/user/.m2/repository/jakarta/annotation/jakarta.annotation-api/1.3.4/jakarta.annotation-api-1.3.4.jar:/home/user/.m2/repository/org/glassfish/hk2/external/aopalliance-repackaged/2.5.0/aopalliance-repackaged-2.5.0.jar:/home/user/.m2/repository/com/fasterxml/jackson/dataformat/jackson-dataformat-xml/2.9.0/jackson-dataformat-xml-2.9.0.jar:/home/user/.m2/repository/com/fasterxml/jackson/core/jackson-core/2.9.5/jackson-core-2.9.5.jar:/home/user/.m2/repository/com/fasterxml/jackson/module/jackson-module-jaxb-annotations/2.9.5/jackson-module-jaxb-annotations-2.9.5.jar:/home/user/.m2/repository/javax/enterprise/cdi-api/1.2/cdi-api-1.2.jar:/home/user/.m2/repository/javax/el/javax.el-api/3.0.0/javax.el-api-3.0.0.jar:/home/user/.m2/repository/javax/interceptor/javax.interceptor-api/1.2/javax.interceptor-api-1.2.jar:/home/user/.m2/repository/javax/inject/javax.inject/1/javax.inject-1.jar:/home/user/.m2/repository/com/sun/xml/bind/jaxb-impl/2.3.0.1/jaxb-impl-2.3.0.1.jar:/home/user/.m2/repository/com/sun/xml/bind/jaxb-core/2.3.0.1/jaxb-core-2.3.0.1.jar:/home/user/.m2/repository/javax/xml/bind/jaxb-api/2.3.0/jaxb-api-2.3.0.jar:/home/user/.m2/repository/javax/activation/activation/1.1.1/activation-1.1.1.jar:/home/user/.m2/repository/org/apache/hadoop/hadoop-ozone-csi/0.5.0-SNAPSHOT/hadoop-ozone-csi-0.5.0-SNAPSHOT.jar:/home/user/.m2/repository/com/google/protobuf/protobuf-java-util/3.5.1/protobuf-java-util-3.5.1.jar:/home/user/.m2/repository/org/apache/hadoop/hadoop-hdds-config/0.5.0-SNAPSHOT/hadoop-hdds-config-0.5.0-SNAPSHOT.jar:/home/user/.m2/repository/io/grpc/grpc-netty/1.17.1/grpc-netty-1.17.1.jar:/home/user/.m2/repository/io/grpc/grpc-core/1.17.1/grpc-core-1.17.1.jar:/home/user/.m2/repository/io/grpc/grpc-context/1.17.1/grpc-context-1.17.1.jar:/home/user/.m2/repository/com/google/errorprone/error_prone_annotations/2.2.0/error_prone_annotations-2.2.0.jar:/home/user/.m2/repository/org/codehaus/mojo/animal-sniffer-annotations/1.17/animal-sniffer-annotations-1.17.jar:/home/user/.m2/repository/io/opencensus/opencensus-api/0.17.0/opencensus-api-0.17.0.jar:/home/user/.m2/repository/io/opencensus/opencensus-contrib-grpc-metrics/0.17.0/opencensus-contrib-grpc-metrics-0.17.0.jar:/home/user/.m2/repository/io/netty/netty-codec-http2/4.1.30.Final/netty-codec-http2-4.1.30.Final.jar:/home/user/.m2/repository/io/netty/netty-codec-http/4.1.30.Final/netty-codec-http-4.1.30.Final.jar:/home/user/.m2/repository/io/netty/netty-codec/4.1.30.Final/netty-codec-4.1.30.Final.jar:/home/user/.m2/repository/io/netty/netty-handler/4.1.30.Final/netty-handler-4.1.30.Final.jar:/home/user/.m2/repository/io/netty/netty-handler-proxy/4.1.30.Final/netty-handler-proxy-4.1.30.Final.jar:/home/user/.m2/repository/io/netty/netty-codec-socks/4.1.30.Final/netty-codec-socks-4.1.30.Final.jar:/home/user/.m2/repository/io/netty/netty-transport-native-epoll/4.1.30.Final/netty-transport-native-epoll-4.1.30.Final.jar:/home/user/.m2/repository/io/netty/netty-common/4.1.30.Final/netty-common-4.1.30.Final.jar:/home/user/.m2/repository/io/netty/netty-buffer/4.1.30.Final/netty-buffer-4.1.30.Final.jar:/home/user/.m2/repository/io/netty/netty-transport/4.1.30.Final/netty-transport-4.1.30.Final.jar:/home/user/.m2/repository/io/netty/netty-resolver/4.1.30.Final/netty-resolver-4.1.30.Final.jar:/home/user/.m2/repository/io/netty/netty-transport-native-unix-common/4.1.30.Final/netty-transport-native-unix-common-4.1.30.Final.jar:/home/user/.m2/repository/io/grpc/grpc-protobuf/1.17.1/grpc-protobuf-1.17.1.jar:/home/user/.m2/repository/com/google/api/grpc/proto-google-common-protos/1.0.0/proto-google-common-protos-1.0.0.jar:/home/user/.m2/repository/io/grpc/grpc-protobuf-lite/1.17.1/grpc-protobuf-lite-1.17.1.jar:/home/user/.m2/repository/io/grpc/grpc-stub/1.17.1/grpc-stub-1.17.1.jar:/home/user/.m2/repository/org/apache/hadoop/hadoop-ozone-recon/0.5.0-SNAPSHOT/hadoop-ozone-recon-0.5.0-SNAPSHOT.jar:/home/user/.m2/repository/org/apache/hadoop/hadoop-ozone-reconcodegen/0.5.0-SNAPSHOT/hadoop-ozone-reconcodegen-0.5.0-SNAPSHOT.jar:/home/user/.m2/repository/com/google/inject/extensions/guice-multibindings/4.0/guice-multibindings-4.0.jar:/home/user/.m2/repository/com/google/inject/guice/4.0/guice-4.0.jar:/home/user/.m2/repository/aopalliance/aopalliance/1.0/aopalliance-1.0.jar:/home/user/.m2/repository/com/google/inject/extensions/guice-servlet/4.0/guice-servlet-4.0.jar:/home/user/.m2/repository/org/glassfish/jersey/containers/jersey-container-servlet/2.27/jersey-container-servlet-2.27.jar:/home/user/.m2/repository/org/glassfish/hk2/guice-bridge/2.5.0/guice-bridge-2.5.0.jar:/home/user/.m2/repository/org/glassfish/jersey/core/jersey-server/2.27/jersey-server-2.27.jar:/home/user/.m2/repository/org/glassfish/jersey/core/jersey-client/2.27/jersey-client-2.27.jar:/home/user/.m2/repository/org/glassfish/jersey/media/jersey-media-jaxb/2.27/jersey-media-jaxb-2.27.jar:/home/user/.m2/repository/javax/validation/validation-api/1.1.0.Final/validation-api-1.1.0.Final.jar:/home/user/.m2/repository/org/glassfish/jersey/media/jersey-media-json-jackson/2.27/jersey-media-json-jackson-2.27.jar:/home/user/.m2/repository/org/glassfish/jersey/ext/jersey-entity-filtering/2.27/jersey-entity-filtering-2.27.jar:/home/user/.m2/repository/com/google/inject/extensions/guice-assistedinject/4.0/guice-assistedinject-4.0.jar:/home/user/.m2/repository/org/jooq/jooq/3.11.10/jooq-3.11.10.jar:/home/user/.m2/repository/org/jooq/jooq-meta/3.11.10/jooq-meta-3.11.10.jar:/home/user/.m2/repository/org/jooq/jooq-codegen/3.11.10/jooq-codegen-3.11.10.jar:/home/user/.m2/repository/com/jolbox/bonecp/0.8.0.RELEASE/bonecp-0.8.0.RELEASE.jar:/home/user/.m2/repository/org/xerial/sqlite-jdbc/3.25.2/sqlite-jdbc-3.25.2.jar:/home/user/.m2/repository/org/springframework/spring-jdbc/5.1.3.RELEASE/spring-jdbc-5.1.3.RELEASE.jar:/home/user/.m2/repository/org/springframework/spring-beans/5.1.3.RELEASE/spring-beans-5.1.3.RELEASE.jar:/home/user/.m2/repository/org/springframework/spring-core/5.1.3.RELEASE/spring-core-5.1.3.RELEASE.jar:/home/user/.m2/repository/org/springframework/spring-jcl/5.1.3.RELEASE/spring-jcl-5.1.3.RELEASE.jar:/home/user/.m2/repository/org/springframework/spring-tx/5.1.3.RELEASE/spring-tx-5.1.3.RELEASE.jar:/home/user/.m2/repository/org/apache/hadoop/hadoop-ozone-client/0.5.0-SNAPSHOT/hadoop-ozone-client-0.5.0-SNAPSHOT.jar:/home/user/.m2/repository/commons-lang/commons-lang/2.6/commons-lang-2.6.jar:/home/user/.m2/repository/org/apache/hadoop/hadoop-ozone-ozone-manager/0.5.0-SNAPSHOT/hadoop-ozone-ozone-manager-0.5.0-SNAPSHOT-tests.jar:/home/user/.m2/repository/junit/junit/4.11/junit-4.11.jar:/home/user/.m2/repository/org/hamcrest/hamcrest-core/1.3/hamcrest-core-1.3.jar:/home/user/.m2/repository/org/openjdk/jmh/jmh-core/1.19/jmh-core-1.19.jar:/home/user/.m2/repository/net/sf/jopt-simple/jopt-simple/4.6/jopt-simple-4.6.jar:/home/user/.m2/repository/org/apache/commons/commons-math3/3.1.1/commons-math3-3.1.1.jar:/home/user/.m2/repository/org/openjdk/jmh/jmh-generator-annprocess/1.19/jmh-generator-annprocess-1.19.jar:/home/user/.m2/repository/org/mockito/mockito-all/1.8.5/mockito-all-1.8.5.jar:/home/user/.m2/repository/org/apache/hadoop/hadoop-kms/3.2.0/hadoop-kms-3.2.0.jar:/home/user/.m2/repository/org/apache/hadoop/hadoop-auth/3.2.0/hadoop-auth-3.2.0.jar:/home/user/.m2/repository/com/nimbusds/nimbus-jose-jwt/4.41.1/nimbus-jose-jwt-4.41.1.jar:/home/user/.m2/repository/com/github/stephenc/jcip/jcip-annotations/1.0-1/jcip-annotations-1.0-1.jar:/home/user/.m2/repository/net/minidev/json-smart/2.3/json-smart-2.3.jar:/home/user/.m2/repository/net/minidev/accessors-smart/1.2/accessors-smart-1.2.jar:/home/user/.m2/repository/org/ow2/asm/asm/5.0.4/asm-5.0.4.jar:/home/user/.m2/repository/org/apache/curator/curator-framework/2.12.0/curator-framework-2.12.0.jar:/home/user/.m2/repository/com/sun/jersey/jersey-core/1.19/jersey-core-1.19.jar:/home/user/.m2/repository/javax/ws/rs/jsr311-api/1.1.1/jsr311-api-1.1.1.jar:/home/user/.m2/repository/com/sun/jersey/jersey-server/1.19/jersey-server-1.19.jar:/home/user/.m2/repository/javax/servlet/javax.servlet-api/3.1.0/javax.servlet-api-3.1.0.jar:/home/user/.m2/repository/org/eclipse/jetty/jetty-server/9.3.24.v20180605/jetty-server-9.3.24.v20180605.jar:/home/user/.m2/repository/org/eclipse/jetty/jetty-http/9.3.24.v20180605/jetty-http-9.3.24.v20180605.jar:/home/user/.m2/repository/org/eclipse/jetty/jetty-io/9.3.24.v20180605/jetty-io-9.3.24.v20180605.jar:/home/user/.m2/repository/org/eclipse/jetty/jetty-webapp/9.3.24.v20180605/jetty-webapp-9.3.24.v20180605.jar:/home/user/.m2/repository/org/eclipse/jetty/jetty-xml/9.3.24.v20180605/jetty-xml-9.3.24.v20180605.jar:/home/user/.m2/repository/log4j/log4j/1.2.17/log4j-1.2.17.jar:/home/user/.m2/repository/org/slf4j/slf4j-api/1.7.25/slf4j-api-1.7.25.jar:/home/user/.m2/repository/org/slf4j/jul-to-slf4j/1.7.25/jul-to-slf4j-1.7.25.jar:/home/user/.m2/repository/org/eclipse/jetty/jetty-util/9.3.24.v20180605/jetty-util-9.3.24.v20180605.jar:/home/user/.m2/repository/com/fasterxml/jackson/core/jackson-databind/2.9.5/jackson-databind-2.9.5.jar:/home/user/.m2/repository/org/apache/hadoop/hadoop-kms/3.2.0/hadoop-kms-3.2.0-tests.jar:/home/user/.m2/repository/org/apache/hadoop/hadoop-hdds-server-scm/0.5.0-SNAPSHOT/hadoop-hdds-server-scm-0.5.0-SNAPSHOT-tests.jar:/home/user/.m2/repository/org/apache/hadoop/hadoop-hdds-container-service/0.5.0-SNAPSHOT/hadoop-hdds-container-service-0.5.0-SNAPSHOT-tests.jar:/home/user/.m2/repository/org/yaml/snakeyaml/1.16/snakeyaml-1.16.jar:/home/user/.m2/repository/org/apache/hadoop/hadoop-common/3.2.0/hadoop-common-3.2.0-tests.jar:/home/user/.m2/repository/org/apache/hadoop/hadoop-annotations/3.2.0/hadoop-annotations-3.2.0.jar:/usr/lib/jvm/java-1.8-openjdk/jre/../lib/tools.jar:/home/user/.m2/repository/commons-cli/commons-cli/1.2/commons-cli-1.2.jar:/home/user/.m2/repository/org/apache/httpcomponents/httpclient/4.5.2/httpclient-4.5.2.jar:/home/user/.m2/repository/org/apache/httpcomponents/httpcore/4.4.4/httpcore-4.4.4.jar:/home/user/.m2/repository/commons-codec/commons-codec/1.11/commons-codec-1.11.jar:/home/user/.m2/repository/commons-net/commons-net/3.6/commons-net-3.6.jar:/home/user/.m2/repository/commons-collections/commons-collections/3.2.2/commons-collections-3.2.2.jar:/home/user/.m2/repository/org/eclipse/jetty/jetty-servlet/9.3.24.v20180605/jetty-servlet-9.3.24.v20180605.jar:/home/user/.m2/repository/org/eclipse/jetty/jetty-security/9.3.24.v20180605/jetty-security-9.3.24.v20180605.jar:/home/user/.m2/repository/javax/servlet/jsp/jsp-api/2.1/jsp-api-2.1.jar:/home/user/.m2/repository/com/sun/jersey/jersey-servlet/1.19/jersey-servlet-1.19.jar:/home/user/.m2/repository/com/sun/jersey/jersey-json/1.19/jersey-json-1.19.jar:/home/user/.m2/repository/org/codehaus/jettison/jettison/1.1/jettison-1.1.jar:/home/user/.m2/repository/org/codehaus/jackson/jackson-core-asl/1.9.13/jackson-core-asl-1.9.13.jar:/home/user/.m2/repository/org/codehaus/jackson/jackson-mapper-asl/1.9.13/jackson-mapper-asl-1.9.13.jar:/home/user/.m2/repository/org/codehaus/jackson/jackson-jaxrs/1.9.13/jackson-jaxrs-1.9.13.jar:/home/user/.m2/repository/org/codehaus/jackson/jackson-xc/1.9.13/jackson-xc-1.9.13.jar:/home/user/.m2/repository/commons-logging/commons-logging/1.1.3/commons-logging-1.1.3.jar:/home/user/.m2/repository/commons-beanutils/commons-beanutils/1.9.3/commons-beanutils-1.9.3.jar:/home/user/.m2/repository/org/apache/commons/commons-configuration2/2.1.1/commons-configuration2-2.1.1.jar:/home/user/.m2/repository/org/apache/commons/commons-lang3/3.7/commons-lang3-3.7.jar:/home/user/.m2/repository/org/apache/commons/commons-text/1.4/commons-text-1.4.jar:/home/user/.m2/repository/org/apache/avro/avro/1.7.7/avro-1.7.7.jar:/home/user/.m2/repository/com/thoughtworks/paranamer/paranamer/2.3/paranamer-2.3.jar:/home/user/.m2/repository/org/xerial/snappy/snappy-java/1.0.5/snappy-java-1.0.5.jar:/home/user/.m2/repository/com/google/re2j/re2j/1.1/re2j-1.1.jar:/home/user/.m2/repository/com/google/code/gson/gson/2.2.4/gson-2.2.4.jar:/home/user/.m2/repository/com/jcraft/jsch/0.1.54/jsch-0.1.54.jar:/home/user/.m2/repository/org/apache/curator/curator-client/2.12.0/curator-client-2.12.0.jar:/home/user/.m2/repository/org/apache/curator/curator-recipes/2.12.0/curator-recipes-2.12.0.jar:/home/user/.m2/repository/com/google/code/findbugs/jsr305/3.0.0/jsr305-3.0.0.jar:/home/user/.m2/repository/org/apache/htrace/htrace-core4/4.1.0-incubating/htrace-core4-4.1.0-incubating.jar:/home/user/.m2/repository/org/apache/zookeeper/zookeeper/3.4.13/zookeeper-3.4.13.jar:/home/user/.m2/repository/org/apache/yetus/audience-annotations/0.5.0/audience-annotations-0.5.0.jar:/home/user/.m2/repository/org/codehaus/woodstox/stax2-api/3.1.4/stax2-api-3.1.4.jar:/home/user/.m2/repository/com/fasterxml/woodstox/woodstox-core/5.0.3/woodstox-core-5.0.3.jar:/home/user/.m2/repository/dnsjava/dnsjava/2.1.7/dnsjava-2.1.7.jar:/home/user/.m2/repository/org/apache/hadoop/hadoop-hdfs/3.2.0/hadoop-hdfs-3.2.0-tests.jar:/home/user/.m2/repository/org/eclipse/jetty/jetty-util-ajax/9.3.24.v20180605/jetty-util-ajax-9.3.24.v20180605.jar:/home/user/.m2/repository/commons-daemon/commons-daemon/1.0.13/commons-daemon-1.0.13.jar:/home/user/.m2/repository/io/netty/netty/3.10.5.Final/netty-3.10.5.Final.jar:/home/user/.m2/repository/io/netty/netty-all/4.0.52.Final/netty-all-4.0.52.Final.jar:/home/user/.m2/repository/org/fusesource/leveldbjni/leveldbjni-all/1.8/leveldbjni-all-1.8.jar:"/>
    <property name="sun.cpu.endian" value="little"/>
    <property name="user.home" value="/home/user"/>
    <property name="user.language" value="en"/>
    <property name="java.specification.vendor" value="Oracle Corporation"/>
    <property name="java.home" value="/usr/lib/jvm/java-1.8-openjdk/jre"/>
    <property name="java.security.krb5.conf" value="/workdir/hadoop-ozone/integration-test/target/test-classes/krb5.conf"/>
    <property name="basedir" value="/workdir/hadoop-ozone/integration-test"/>
    <property name="file.separator" value="/"/>
    <property name="line.separator" value="&#10;"/>
    <property name="java.vm.specification.vendor" value="Oracle Corporation"/>
    <property name="java.specification.name" value="Java Platform API Specification"/>
    <property name="java.awt.graphicsenv" value="sun.awt.X11GraphicsEnvironment"/>
    <property name="surefire.real.class.path" value="/workdir/hadoop-ozone/integration-test/target/surefire/surefirebooter1425452718318472439.jar"/>
    <property name="hadoop.log.dir" value="/workdir/hadoop-ozone/integration-test/target/log"/>
    <property name="sun.boot.class.path" value="/usr/lib/jvm/java-1.8-openjdk/jre/lib/resources.jar:/usr/lib/jvm/java-1.8-openjdk/jre/lib/rt.jar:/usr/lib/jvm/java-1.8-openjdk/jre/lib/sunrsasign.jar:/usr/lib/jvm/java-1.8-openjdk/jre/lib/jsse.jar:/usr/lib/jvm/java-1.8-openjdk/jre/lib/jce.jar:/usr/lib/jvm/java-1.8-openjdk/jre/lib/charsets.jar:/usr/lib/jvm/java-1.8-openjdk/jre/lib/jfr.jar:/usr/lib/jvm/java-1.8-openjdk/jre/classes"/>
    <property name="sun.management.compiler" value="HotSpot 64-Bit Tiered Compilers"/>
    <property name="java.runtime.version" value="1.8.0_212-b04"/>
    <property name="java.net.preferIPv4Stack" value="true"/>
    <property name="user.name" value="jenkins1000"/>
    <property name="path.separator" value=":"/>
    <property name="java.security.egd" value="file:///dev/urandom"/>
    <property name="os.version" value="3.10.0-957.12.2.el7.x86_64"/>
    <property name="java.endorsed.dirs" value="/usr/lib/jvm/java-1.8-openjdk/jre/lib/endorsed"/>
    <property name="java.runtime.name" value="OpenJDK Runtime Environment"/>
    <property name="file.encoding" value="UTF-8"/>
    <property name="java.vm.name" value="OpenJDK 64-Bit Server VM"/>
    <property name="test.build.webapps" value=""/>
    <property name="localRepository" value="/home/user/.m2/repository"/>
    <property name="java.vendor.url.bug" value="https://icedtea.classpath.org/bugzilla"/>
    <property name="java.io.tmpdir" value="/tmp"/>
    <property name="require.test.libhadoop" value=""/>
    <property name="java.version" value="1.8.0_212"/>
    <property name="user.dir" value="/workdir/hadoop-ozone/integration-test"/>
    <property name="os.arch" value="amd64"/>
    <property name="java.vm.specification.name" value="Java Virtual Machine Specification"/>
    <property name="test.build.classes" value="/workdir/hadoop-ozone/integration-test/target/test-classes"/>
    <property name="java.awt.printerjob" value="sun.print.PSPrinterJob"/>
    <property name="sun.os.patch.level" value="unknown"/>
    <property name="hadoop.tmp.dir" value="/workdir/hadoop-ozone/integration-test/target/tmp"/>
    <property name="java.library.path" value="/usr/lib/jvm/java-1.8-openjdk/jre/lib/amd64/server:/usr/lib/jvm/java-1.8-openjdk/jre/lib/amd64:/usr/lib/jvm/java-1.8-openjdk/jre/../lib/amd64:/workdir/hadoop-ozone/integration-test/target/native/target/usr/local/lib:/workdir/hadoop-ozone/integration-test/../../hadoop-common-project/hadoop-common/target/native/target/usr/local/lib:/usr/java/packages/lib/amd64:/usr/lib64:/lib64:/lib:/usr/lib"/>
    <property name="java.vm.info" value="mixed mode"/>
    <property name="java.vendor" value="IcedTea"/>
    <property name="java.vm.version" value="25.212-b04"/>
    <property name="java.ext.dirs" value="/usr/lib/jvm/java-1.8-openjdk/jre/lib/ext:/usr/java/packages/lib/ext"/>
    <property name="sun.io.unicode.encoding" value="UnicodeLittle"/>
    <property name="java.class.version" value="52.0"/>
  </properties>
  <testcase name="testBlockDeletionTransactions" classname="org.apache.hadoop.ozone.TestStorageContainerManager" time="16.201">
    <error message="Unexpected Storage Container Exception: org.apache.hadoop.hdds.scm.container.common.helpers.StorageContainerException: ContainerID 2 creation failed" type="java.io.IOException">java.io.IOException: Unexpected Storage Container Exception: org.apache.hadoop.hdds.scm.container.common.helpers.StorageContainerException: ContainerID 2 creation failed
	at org.apache.hadoop.hdds.scm.storage.BlockOutputStream.setIoException(BlockOutputStream.java:542)
	at org.apache.hadoop.hdds.scm.storage.BlockOutputStream.validateResponse(BlockOutputStream.java:533)
	at org.apache.hadoop.hdds.scm.storage.BlockOutputStream.lambda$writeChunkToContainer$2(BlockOutputStream.java:607)
	at java.util.concurrent.CompletableFuture.uniApply(CompletableFuture.java:602)
	at java.util.concurrent.CompletableFuture$UniApply.tryFire(CompletableFuture.java:577)
	at java.util.concurrent.CompletableFuture$Completion.run(CompletableFuture.java:442)
	at java.util.concurrent.ThreadPoolExecutor.runWorker(ThreadPoolExecutor.java:1149)
	at java.util.concurrent.ThreadPoolExecutor$Worker.run(ThreadPoolExecutor.java:624)
	at java.lang.Thread.run(Thread.java:748)
Caused by: org.apache.hadoop.hdds.scm.container.common.helpers.StorageContainerException: ContainerID 2 creation failed
	at org.apache.hadoop.hdds.scm.storage.ContainerProtocolCalls.validateContainerResponse(ContainerProtocolCalls.java:536)
	at org.apache.hadoop.hdds.scm.storage.BlockOutputStream.validateResponse(BlockOutputStream.java:530)
	... 7 more
</error>
    <system-out><![CDATA[2019-07-16 15:55:39,094 WARN  server.ServerUtils (ServerUtils.java:getScmDbDir(145)) - ozone.scm.db.dirs is not configured. We recommend adding this setting. Falling back to ozone.metadata.dirs instead.
2019-07-16 15:55:39,155 WARN  server.ServerUtils (ServerUtils.java:getScmDbDir(145)) - ozone.scm.db.dirs is not configured. We recommend adding this setting. Falling back to ozone.metadata.dirs instead.
2019-07-16 15:55:39,158 WARN  server.ServerUtils (ServerUtils.java:getScmDbDir(145)) - ozone.scm.db.dirs is not configured. We recommend adding this setting. Falling back to ozone.metadata.dirs instead.
2019-07-16 15:55:39,175 INFO  util.log (Log.java:initialized(192)) - Logging initialized @888ms
2019-07-16 15:55:39,276 INFO  db.DBStoreBuilder (DBStoreBuilder.java:addTable(110)) - using custom profile for table: deletedBlocks
2019-07-16 15:55:39,276 INFO  db.DBStoreBuilder (DBStoreBuilder.java:processTables(161)) - Using default column profile:DBProfile.DISK for Table:deletedBlocks
2019-07-16 15:55:39,276 INFO  db.DBStoreBuilder (DBStoreBuilder.java:addTable(110)) - using custom profile for table: validCerts
2019-07-16 15:55:39,277 INFO  db.DBStoreBuilder (DBStoreBuilder.java:processTables(161)) - Using default column profile:DBProfile.DISK for Table:validCerts
2019-07-16 15:55:39,277 INFO  db.DBStoreBuilder (DBStoreBuilder.java:addTable(110)) - using custom profile for table: revokedCerts
2019-07-16 15:55:39,277 INFO  db.DBStoreBuilder (DBStoreBuilder.java:processTables(161)) - Using default column profile:DBProfile.DISK for Table:revokedCerts
2019-07-16 15:55:39,289 INFO  db.DBStoreBuilder (DBStoreBuilder.java:addTable(110)) - using custom profile for table: default
2019-07-16 15:55:39,289 INFO  db.DBStoreBuilder (DBStoreBuilder.java:processTables(167)) - Using default column profile:DBProfile.DISK for Table:default
2019-07-16 15:55:39,290 INFO  db.DBStoreBuilder (DBStoreBuilder.java:getDbProfile(198)) - Using default options. DBProfile.DISK
2019-07-16 15:55:39,464 INFO  net.NodeSchemaLoader (NodeSchemaLoader.java:loadSchemaFromFile(125)) - Loading file from sun.misc.CompoundEnumeration@2c4adb31
2019-07-16 15:55:39,465 INFO  net.NodeSchemaLoader (NodeSchemaLoader.java:loadSchema(171)) - Loading network topology layer schema file
2019-07-16 15:55:39,536 WARN  server.ServerUtils (ServerUtils.java:sanitizeUserArgs(70)) - ozone.scm.stale.node.interval value = 300000 is larger than max = 100000 based on the key value of ozone.scm.heartbeat.thread.interval, reset to the max value 100000.
2019-07-16 15:55:39,538 WARN  server.ServerUtils (ServerUtils.java:sanitizeUserArgs(70)) - ozone.scm.stale.node.interval value = 300000 is larger than max = 100000 based on the key value of ozone.scm.heartbeat.thread.interval, reset to the max value 100000.
2019-07-16 15:55:39,540 INFO  node.SCMNodeManager (SCMNodeManager.java:<init>(119)) - Entering startup safe mode.
2019-07-16 15:55:39,625 WARN  server.ServerUtils (ServerUtils.java:getScmDbDir(145)) - ozone.scm.db.dirs is not configured. We recommend adding this setting. Falling back to ozone.metadata.dirs instead.
2019-07-16 15:55:39,749 INFO  pipeline.SCMPipelineManager (SCMPipelineManager.java:initializePipelineState(126)) - No pipeline exists in current db
2019-07-16 15:55:39,752 WARN  server.ServerUtils (ServerUtils.java:getScmDbDir(145)) - ozone.scm.db.dirs is not configured. We recommend adding this setting. Falling back to ozone.metadata.dirs instead.
2019-07-16 15:55:39,872 WARN  events.EventQueue (EventQueue.java:fireEvent(175)) - No event handler registered for event TypedEvent{payloadType=SafeModeStatus, name='SafeModeStatus'}
2019-07-16 15:55:40,193 INFO  ipc.CallQueueManager (CallQueueManager.java:<init>(84)) - Using callQueue: class java.util.concurrent.LinkedBlockingQueue, queueCapacity: 2000, scheduler: class org.apache.hadoop.ipc.DefaultRpcScheduler, ipcBackoff: false.
2019-07-16 15:55:40,220 INFO  ipc.Server (Server.java:run(1074)) - Starting Socket Reader #1 for port 43516
2019-07-16 15:55:40,243 INFO  ipc.CallQueueManager (CallQueueManager.java:<init>(84)) - Using callQueue: class java.util.concurrent.LinkedBlockingQueue, queueCapacity: 2000, scheduler: class org.apache.hadoop.ipc.DefaultRpcScheduler, ipcBackoff: false.
2019-07-16 15:55:40,244 INFO  ipc.Server (Server.java:run(1074)) - Starting Socket Reader #1 for port 41771
2019-07-16 15:55:40,251 INFO  ipc.CallQueueManager (CallQueueManager.java:<init>(84)) - Using callQueue: class java.util.concurrent.LinkedBlockingQueue, queueCapacity: 2000, scheduler: class org.apache.hadoop.ipc.DefaultRpcScheduler, ipcBackoff: false.
2019-07-16 15:55:40,252 INFO  ipc.Server (Server.java:run(1074)) - Starting Socket Reader #1 for port 40893
2019-07-16 15:55:40,356 INFO  hdfs.DFSUtil (DFSUtil.java:httpServerTemplateForNNAndJN(1641)) - Starting Web-server for scm at: http://0.0.0.0:0
2019-07-16 15:55:40,498 INFO  server.AuthenticationFilter (AuthenticationFilter.java:constructSecretProvider(240)) - Unable to initialize FileSignerSecretProvider, falling back to use random secrets.
2019-07-16 15:55:40,506 WARN  http.HttpRequestLog (HttpRequestLog.java:getRequestLog(97)) - Jetty request log can only be enabled using Log4j
2019-07-16 15:55:40,514 INFO  http.HttpServer2 (HttpServer2.java:addGlobalFilter(975)) - Added global filter 'safety' (class=org.apache.hadoop.http.HttpServer2$QuotingInputFilter)
2019-07-16 15:55:40,516 INFO  http.HttpServer2 (HttpServer2.java:addFilter(948)) - Added filter static_user_filter (class=org.apache.hadoop.http.lib.StaticUserWebFilter$StaticUserFilter) to context scm
2019-07-16 15:55:40,517 INFO  http.HttpServer2 (HttpServer2.java:addFilter(958)) - Added filter static_user_filter (class=org.apache.hadoop.http.lib.StaticUserWebFilter$StaticUserFilter) to context logs
2019-07-16 15:55:40,517 INFO  http.HttpServer2 (HttpServer2.java:addFilter(958)) - Added filter static_user_filter (class=org.apache.hadoop.http.lib.StaticUserWebFilter$StaticUserFilter) to context static
2019-07-16 15:55:40,543 INFO  server.StorageContainerManager (StorageContainerManager.java:start(759)) - StorageContainerLocationProtocol RPC server is listening at /0.0.0.0:40893
2019-07-16 15:55:40,600 WARN  impl.MetricsConfig (MetricsConfig.java:loadFirst(134)) - Cannot locate configuration: tried hadoop-metrics2-storagecontainermanager.properties,hadoop-metrics2.properties
2019-07-16 15:55:40,613 INFO  impl.MetricsSystemImpl (MetricsSystemImpl.java:startTimer(374)) - Scheduled Metric snapshot period at 10 second(s).
2019-07-16 15:55:40,613 INFO  impl.MetricsSystemImpl (MetricsSystemImpl.java:start(191)) - StorageContainerManager metrics system started
2019-07-16 15:55:40,825 INFO  server.SCMClientProtocolServer (SCMClientProtocolServer.java:start(149)) - RPC server for Client  is listening at /0.0.0.0:40893
2019-07-16 15:55:40,825 INFO  ipc.Server (Server.java:run(1314)) - IPC Server Responder: starting
2019-07-16 15:55:40,825 INFO  ipc.Server (Server.java:run(1153)) - IPC Server listener on 40893: starting
2019-07-16 15:55:40,832 INFO  server.StorageContainerManager (StorageContainerManager.java:start(768)) - ScmBlockLocationProtocol RPC server is listening at /0.0.0.0:41771
2019-07-16 15:55:40,832 INFO  server.SCMBlockProtocolServer (SCMBlockProtocolServer.java:start(140)) - RPC server for Block Protocol is listening at /0.0.0.0:41771
2019-07-16 15:55:40,833 INFO  ipc.Server (Server.java:run(1153)) - IPC Server listener on 41771: starting
2019-07-16 15:55:40,833 INFO  ipc.Server (Server.java:run(1314)) - IPC Server Responder: starting
2019-07-16 15:55:40,835 INFO  server.StorageContainerManager (StorageContainerManager.java:start(772)) - ScmDatanodeProtocl RPC server is listening at /0.0.0.0:43516
2019-07-16 15:55:40,835 INFO  server.SCMDatanodeProtocolServer (SCMDatanodeProtocolServer.java:start(191)) - RPC server for DataNodes is listening at /0.0.0.0:43516
2019-07-16 15:55:40,836 INFO  ipc.Server (Server.java:run(1314)) - IPC Server Responder: starting
2019-07-16 15:55:40,836 INFO  ipc.Server (Server.java:run(1153)) - IPC Server listener on 43516: starting
2019-07-16 15:55:40,846 INFO  http.HttpServer2 (HttpServer2.java:bindListener(1191)) - Jetty bound to port 42155
2019-07-16 15:55:40,848 INFO  server.Server (Server.java:doStart(351)) - jetty-9.3.24.v20180605, build timestamp: 2018-06-05T17:11:56Z, git hash: 84205aa28f11a4f31f2a3b86d1bba2cc8ab69827
2019-07-16 15:55:40,886 INFO  handler.ContextHandler (ContextHandler.java:doStart(781)) - Started o.e.j.s.ServletContextHandler@4aaba499{/logs,file:///workdir/hadoop-ozone/integration-test/target/log,AVAILABLE}
2019-07-16 15:55:40,887 INFO  handler.ContextHandler (ContextHandler.java:doStart(781)) - Started o.e.j.s.ServletContextHandler@3f353a93{/static,file:///workdir/hadoop-ozone/integration-test/target/test-classes/webapps/static,AVAILABLE}
2019-07-16 15:55:40,917 INFO  handler.ContextHandler (ContextHandler.java:doStart(781)) - Started o.e.j.w.WebAppContext@72033f1b{/,file:///workdir/hadoop-ozone/integration-test/target/test-classes/webapps/scm/,AVAILABLE}{/scm}
2019-07-16 15:55:40,922 INFO  server.AbstractConnector (AbstractConnector.java:doStart(278)) - Started ServerConnector@18acf033{HTTP/1.1,[http/1.1]}{0.0.0.0:42155}
2019-07-16 15:55:40,922 INFO  server.Server (Server.java:doStart(419)) - Started @2635ms
2019-07-16 15:55:40,923 INFO  server.BaseHttpServer (BaseHttpServer.java:updateConnectorAddress(207)) - HTTP server of SCM is listening at http://0.0.0.0:42155
2019-07-16 15:55:40,929 INFO  util.JvmPauseMonitor (JvmPauseMonitor.java:run(188)) - Starting JVM pause monitor
2019-07-16 15:55:40,931 WARN  server.ServerUtils (ServerUtils.java:getDBPath(222)) - ozone.om.db.dirs is not configured. We recommend adding this setting. Falling back to ozone.metadata.dirs instead.
2019-07-16 15:55:41,043 WARN  server.ServerUtils (ServerUtils.java:getDBPath(222)) - ozone.om.db.dirs is not configured. We recommend adding this setting. Falling back to ozone.metadata.dirs instead.
2019-07-16 15:55:41,045 INFO  om.OzoneManager (OzoneManager.java:setOMNodeDetails(626)) - OM Service ID is not set. Setting it to the default ID: omServiceIdDefault
2019-07-16 15:55:41,045 INFO  om.OzoneManager (OzoneManager.java:setOMNodeDetails(632)) - OM Node ID is not set. Setting it to the OmStorage's OmID: 2fe939c5-d7b8-4af4-83a8-6a0711380457
2019-07-16 15:55:41,046 INFO  om.OzoneManager (OzoneManager.java:loadOMHAConfigs(583)) - Found matching OM address with OMServiceId: null, OMNodeId: null, RPC Address: localhost:0 and Ratis port: 9872
2019-07-16 15:55:41,301 WARN  server.ServerUtils (ServerUtils.java:getDBPath(222)) - ozone.om.db.dirs is not configured. We recommend adding this setting. Falling back to ozone.metadata.dirs instead.
2019-07-16 15:55:41,308 INFO  db.DBStoreBuilder (DBStoreBuilder.java:addTable(110)) - using custom profile for table: userTable
2019-07-16 15:55:41,308 INFO  db.DBStoreBuilder (DBStoreBuilder.java:processTables(161)) - Using default column profile:DBProfile.DISK for Table:userTable
2019-07-16 15:55:41,308 INFO  db.DBStoreBuilder (DBStoreBuilder.java:addTable(110)) - using custom profile for table: volumeTable
2019-07-16 15:55:41,308 INFO  db.DBStoreBuilder (DBStoreBuilder.java:processTables(161)) - Using default column profile:DBProfile.DISK for Table:volumeTable
2019-07-16 15:55:41,309 INFO  db.DBStoreBuilder (DBStoreBuilder.java:addTable(110)) - using custom profile for table: bucketTable
2019-07-16 15:55:41,309 INFO  db.DBStoreBuilder (DBStoreBuilder.java:processTables(161)) - Using default column profile:DBProfile.DISK for Table:bucketTable
2019-07-16 15:55:41,309 INFO  db.DBStoreBuilder (DBStoreBuilder.java:addTable(110)) - using custom profile for table: keyTable
2019-07-16 15:55:41,309 INFO  db.DBStoreBuilder (DBStoreBuilder.java:processTables(161)) - Using default column profile:DBProfile.DISK for Table:keyTable
2019-07-16 15:55:41,309 INFO  db.DBStoreBuilder (DBStoreBuilder.java:addTable(110)) - using custom profile for table: deletedTable
2019-07-16 15:55:41,310 INFO  db.DBStoreBuilder (DBStoreBuilder.java:processTables(161)) - Using default column profile:DBProfile.DISK for Table:deletedTable
2019-07-16 15:55:41,310 INFO  db.DBStoreBuilder (DBStoreBuilder.java:addTable(110)) - using custom profile for table: openKeyTable
2019-07-16 15:55:41,310 INFO  db.DBStoreBuilder (DBStoreBuilder.java:processTables(161)) - Using default column profile:DBProfile.DISK for Table:openKeyTable
2019-07-16 15:55:41,311 INFO  db.DBStoreBuilder (DBStoreBuilder.java:addTable(110)) - using custom profile for table: s3Table
2019-07-16 15:55:41,311 INFO  db.DBStoreBuilder (DBStoreBuilder.java:processTables(161)) - Using default column profile:DBProfile.DISK for Table:s3Table
2019-07-16 15:55:41,311 INFO  db.DBStoreBuilder (DBStoreBuilder.java:addTable(110)) - using custom profile for table: multipartInfoTable
2019-07-16 15:55:41,311 INFO  db.DBStoreBuilder (DBStoreBuilder.java:processTables(161)) - Using default column profile:DBProfile.DISK for Table:multipartInfoTable
2019-07-16 15:55:41,311 INFO  db.DBStoreBuilder (DBStoreBuilder.java:addTable(110)) - using custom profile for table: dTokenTable
2019-07-16 15:55:41,312 INFO  db.DBStoreBuilder (DBStoreBuilder.java:processTables(161)) - Using default column profile:DBProfile.DISK for Table:dTokenTable
2019-07-16 15:55:41,312 INFO  db.DBStoreBuilder (DBStoreBuilder.java:addTable(110)) - using custom profile for table: s3SecretTable
2019-07-16 15:55:41,312 INFO  db.DBStoreBuilder (DBStoreBuilder.java:processTables(161)) - Using default column profile:DBProfile.DISK for Table:s3SecretTable
2019-07-16 15:55:41,312 INFO  db.DBStoreBuilder (DBStoreBuilder.java:addTable(110)) - using custom profile for table: prefixTable
2019-07-16 15:55:41,312 INFO  db.DBStoreBuilder (DBStoreBuilder.java:processTables(161)) - Using default column profile:DBProfile.DISK for Table:prefixTable
2019-07-16 15:55:41,313 INFO  db.DBStoreBuilder (DBStoreBuilder.java:addTable(110)) - using custom profile for table: default
2019-07-16 15:55:41,313 INFO  db.DBStoreBuilder (DBStoreBuilder.java:processTables(167)) - Using default column profile:DBProfile.DISK for Table:default
2019-07-16 15:55:41,313 INFO  db.DBStoreBuilder (DBStoreBuilder.java:getDbProfile(198)) - Using default options. DBProfile.DISK
2019-07-16 15:55:42,256 INFO  ipc.CallQueueManager (CallQueueManager.java:<init>(84)) - Using callQueue: class java.util.concurrent.LinkedBlockingQueue, queueCapacity: 2000, scheduler: class org.apache.hadoop.ipc.DefaultRpcScheduler, ipcBackoff: false.
2019-07-16 15:55:42,257 INFO  ipc.Server (Server.java:run(1074)) - Starting Socket Reader #1 for port 41451
2019-07-16 15:55:42,278 WARN  server.ServerUtils (ServerUtils.java:getDBPath(222)) - ozone.om.db.dirs is not configured. We recommend adding this setting. Falling back to ozone.metadata.dirs instead.
2019-07-16 15:55:42,278 INFO  om.OzoneManager (OzoneManager.java:start(1224)) - OzoneManager RPC server is listening at localhost/127.0.0.1:41451
2019-07-16 15:55:42,278 INFO  impl.MetricsSystemImpl (MetricsSystemImpl.java:init(158)) - OzoneManager metrics system started (again)
2019-07-16 15:55:42,280 INFO  ipc.Server (Server.java:run(1314)) - IPC Server Responder: starting
2019-07-16 15:55:42,280 INFO  ipc.Server (Server.java:run(1153)) - IPC Server listener on 41451: starting
2019-07-16 15:55:42,291 INFO  hdfs.DFSUtil (DFSUtil.java:httpServerTemplateForNNAndJN(1641)) - Starting Web-server for ozoneManager at: http://0.0.0.0:0
2019-07-16 15:55:42,293 INFO  server.AuthenticationFilter (AuthenticationFilter.java:constructSecretProvider(240)) - Unable to initialize FileSignerSecretProvider, falling back to use random secrets.
2019-07-16 15:55:42,293 WARN  http.HttpRequestLog (HttpRequestLog.java:getRequestLog(97)) - Jetty request log can only be enabled using Log4j
2019-07-16 15:55:42,295 INFO  http.HttpServer2 (HttpServer2.java:addGlobalFilter(975)) - Added global filter 'safety' (class=org.apache.hadoop.http.HttpServer2$QuotingInputFilter)
2019-07-16 15:55:42,295 INFO  http.HttpServer2 (HttpServer2.java:addFilter(948)) - Added filter static_user_filter (class=org.apache.hadoop.http.lib.StaticUserWebFilter$StaticUserFilter) to context ozoneManager
2019-07-16 15:55:42,296 INFO  http.HttpServer2 (HttpServer2.java:addFilter(958)) - Added filter static_user_filter (class=org.apache.hadoop.http.lib.StaticUserWebFilter$StaticUserFilter) to context static
2019-07-16 15:55:42,296 INFO  http.HttpServer2 (HttpServer2.java:addFilter(958)) - Added filter static_user_filter (class=org.apache.hadoop.http.lib.StaticUserWebFilter$StaticUserFilter) to context logs
2019-07-16 15:55:42,297 INFO  http.HttpServer2 (HttpServer2.java:bindListener(1191)) - Jetty bound to port 43011
2019-07-16 15:55:42,298 INFO  server.Server (Server.java:doStart(351)) - jetty-9.3.24.v20180605, build timestamp: 2018-06-05T17:11:56Z, git hash: 84205aa28f11a4f31f2a3b86d1bba2cc8ab69827
2019-07-16 15:55:42,299 INFO  handler.ContextHandler (ContextHandler.java:doStart(781)) - Started o.e.j.s.ServletContextHandler@787ab60d{/logs,file:///workdir/hadoop-ozone/integration-test/target/log,AVAILABLE}
2019-07-16 15:55:42,300 INFO  handler.ContextHandler (ContextHandler.java:doStart(781)) - Started o.e.j.s.ServletContextHandler@6eab302d{/static,file:///workdir/hadoop-ozone/integration-test/target/test-classes/webapps/static,AVAILABLE}
2019-07-16 15:55:42,304 INFO  handler.ContextHandler (ContextHandler.java:doStart(781)) - Started o.e.j.w.WebAppContext@4d8440fe{/,file:///workdir/hadoop-ozone/integration-test/target/test-classes/webapps/ozoneManager/,AVAILABLE}{/ozoneManager}
2019-07-16 15:55:42,304 INFO  server.AbstractConnector (AbstractConnector.java:doStart(278)) - Started ServerConnector@5af86d7a{HTTP/1.1,[http/1.1]}{0.0.0.0:43011}
2019-07-16 15:55:42,304 INFO  server.Server (Server.java:doStart(419)) - Started @4017ms
2019-07-16 15:55:42,305 INFO  server.BaseHttpServer (BaseHttpServer.java:updateConnectorAddress(207)) - HTTP server of OZONEMANAGER is listening at http://0.0.0.0:43011
2019-07-16 15:55:42,568 INFO  impl.MetricsSystemImpl (MetricsSystemImpl.java:init(158)) - HddsDatanode metrics system started (again)
2019-07-16 15:55:42,648 INFO  ozone.HddsDatanodeService (HddsDatanodeService.java:start(185)) - HddsDatanodeService host:trunk-nightly-kgw5x-1882989438 ip:192.168.69.88
2019-07-16 15:55:42,677 INFO  volume.HddsVolume (HddsVolume.java:<init>(176)) - Creating Volume: /workdir/hadoop-ozone/integration-test/target/test-dir/MiniOzoneClusterImpl-bf5191ed-eb03-4e9b-971f-358896a05083/datanode-0/data/containers/hdds of  storage type : DISK and capacity : 52710309888
2019-07-16 15:55:42,679 INFO  volume.VolumeSet (VolumeSet.java:initializeVolumeSet(170)) - Added Volume : /workdir/hadoop-ozone/integration-test/target/test-dir/MiniOzoneClusterImpl-bf5191ed-eb03-4e9b-971f-358896a05083/datanode-0/data/containers/hdds to VolumeSet
2019-07-16 15:55:42,682 INFO  volume.ThrottledAsyncChecker (ThrottledAsyncChecker.java:schedule(140)) - Scheduling a check for org.apache.hadoop.ozone.container.common.volume.HddsVolume@2c385565
2019-07-16 15:55:42,699 INFO  volume.HddsVolumeChecker (HddsVolumeChecker.java:checkAllVolumes(203)) - Scheduled health check for volume org.apache.hadoop.ozone.container.common.volume.HddsVolume@2c385565
2019-07-16 15:55:42,814 INFO  impl.RaftServerProxy (ConfUtils.java:logGet(43)) - raft.rpc.type = GRPC (default)
2019-07-16 15:55:42,879 INFO  grpc.GrpcFactory (GrpcFactory.java:checkPooledByteBufAllocatorUseCacheForAllThreads(45)) - PERFORMANCE WARNING: useCacheForAllThreads is true that may cause Netty to create a lot garbage objects and, as a result, trigger GC.
	It is recommended to disable useCacheForAllThreads by setting -Dorg.apache.ratis.thirdparty.io.netty.allocator.useCacheForAllThreads=false in command line.
2019-07-16 15:55:42,883 INFO  grpc.GrpcConfigKeys$Server (ConfUtils.java:logGet(43)) - raft.grpc.server.port = 0 (default)
2019-07-16 15:55:42,884 INFO  server.GrpcService (ConfUtils.java:logGet(43)) - raft.grpc.message.size.max = 33570816 (custom)
2019-07-16 15:55:42,885 INFO  server.RaftServerConfigKeys (ConfUtils.java:logGet(43)) - raft.server.log.appender.buffer.byte-limit = 33554432 (custom)
2019-07-16 15:55:42,886 INFO  server.GrpcService (ConfUtils.java:logGet(43)) - raft.grpc.flow.control.window = 1MB (=1048576) (default)
2019-07-16 15:55:42,887 INFO  server.RaftServerConfigKeys (ConfUtils.java:logGet(43)) - raft.server.rpc.request.timeout = 3000ms (default)
2019-07-16 15:55:43,040 INFO  server.RaftServerConfigKeys (ConfUtils.java:logGet(43)) - raft.server.storage.dir = [/workdir/hadoop-ozone/integration-test/target/test-dir/MiniOzoneClusterImpl-bf5191ed-eb03-4e9b-971f-358896a05083/datanode-0/data/ratis] (custom)
2019-07-16 15:55:43,077 INFO  replication.SimpleContainerDownloader (SimpleContainerDownloader.java:<init>(72)) - Starting container downloader service to copy containers to replicate.
2019-07-16 15:55:43,090 INFO  hdfs.DFSUtil (DFSUtil.java:httpServerTemplateForNNAndJN(1641)) - Starting Web-server for hddsDatanode at: http://0.0.0.0:0
2019-07-16 15:55:43,092 INFO  server.AuthenticationFilter (AuthenticationFilter.java:constructSecretProvider(240)) - Unable to initialize FileSignerSecretProvider, falling back to use random secrets.
2019-07-16 15:55:43,093 WARN  http.HttpRequestLog (HttpRequestLog.java:getRequestLog(97)) - Jetty request log can only be enabled using Log4j
2019-07-16 15:55:43,095 INFO  http.HttpServer2 (HttpServer2.java:addGlobalFilter(975)) - Added global filter 'safety' (class=org.apache.hadoop.http.HttpServer2$QuotingInputFilter)
2019-07-16 15:55:43,096 INFO  http.HttpServer2 (HttpServer2.java:addFilter(948)) - Added filter static_user_filter (class=org.apache.hadoop.http.lib.StaticUserWebFilter$StaticUserFilter) to context hddsDatanode
2019-07-16 15:55:43,096 INFO  http.HttpServer2 (HttpServer2.java:addFilter(958)) - Added filter static_user_filter (class=org.apache.hadoop.http.lib.StaticUserWebFilter$StaticUserFilter) to context static
2019-07-16 15:55:43,096 INFO  http.HttpServer2 (HttpServer2.java:addFilter(958)) - Added filter static_user_filter (class=org.apache.hadoop.http.lib.StaticUserWebFilter$StaticUserFilter) to context logs
2019-07-16 15:55:43,097 INFO  http.HttpServer2 (HttpServer2.java:bindListener(1191)) - Jetty bound to port 40094
2019-07-16 15:55:43,097 INFO  server.Server (Server.java:doStart(351)) - jetty-9.3.24.v20180605, build timestamp: 2018-06-05T17:11:56Z, git hash: 84205aa28f11a4f31f2a3b86d1bba2cc8ab69827
2019-07-16 15:55:43,099 INFO  handler.ContextHandler (ContextHandler.java:doStart(781)) - Started o.e.j.s.ServletContextHandler@9420a9e{/logs,file:///workdir/hadoop-ozone/integration-test/target/log,AVAILABLE}
2019-07-16 15:55:43,100 INFO  handler.ContextHandler (ContextHandler.java:doStart(781)) - Started o.e.j.s.ServletContextHandler@379e01a5{/static,jar:file:/home/user/.m2/repository/org/apache/hadoop/hadoop-hdds-container-service/0.5.0-SNAPSHOT/hadoop-hdds-container-service-0.5.0-SNAPSHOT.jar!/webapps/static,AVAILABLE}
2019-07-16 15:55:43,138 INFO  handler.ContextHandler (ContextHandler.java:doStart(781)) - Started o.e.j.w.WebAppContext@54df41b5{/,file:///tmp/jetty-0.0.0.0-40094-hddsDatanode-_-any-4033785746937084678.dir/webapp/,AVAILABLE}{/hddsDatanode}
2019-07-16 15:55:43,139 INFO  server.AbstractConnector (AbstractConnector.java:doStart(278)) - Started ServerConnector@43b64429{HTTP/1.1,[http/1.1]}{0.0.0.0:40094}
2019-07-16 15:55:43,140 INFO  server.Server (Server.java:doStart(419)) - Started @4853ms
2019-07-16 15:55:43,142 INFO  server.BaseHttpServer (BaseHttpServer.java:updateConnectorAddress(207)) - HTTP server of HDDSDATANODE is listening at http://0.0.0.0:40094
2019-07-16 15:55:44,141 INFO  ozone.HddsDatanodeService (HddsDatanodeService.java:startPlugins(396)) - Started plug-in org.apache.hadoop.ozone.web.OzoneHddsDatanodeService@22588c58
2019-07-16 15:55:44,143 INFO  ozone.MiniOzoneClusterImpl (MiniOzoneClusterImpl.java:lambda$waitForClusterToBeReady$0(142)) - Waiting for cluster to be ready. Got 0 of 1 DN Heartbeats.
2019-07-16 15:55:44,146 INFO  util.JvmPauseMonitor (JvmPauseMonitor.java:run(188)) - Starting JVM pause monitor
2019-07-16 15:55:44,226 INFO  datanode.InitDatanodeState (InitDatanodeState.java:persistContainerDatanodeDetails(140)) - DatanodeDetails is persisted to /workdir/hadoop-ozone/integration-test/target/test-dir/MiniOzoneClusterImpl-bf5191ed-eb03-4e9b-971f-358896a05083/datanode-0/meta/datanode.id
2019-07-16 15:55:45,143 INFO  ozone.MiniOzoneClusterImpl (MiniOzoneClusterImpl.java:lambda$waitForClusterToBeReady$0(142)) - Waiting for cluster to be ready. Got 0 of 1 DN Heartbeats.
2019-07-16 15:55:46,144 INFO  ozone.MiniOzoneClusterImpl (MiniOzoneClusterImpl.java:lambda$waitForClusterToBeReady$0(142)) - Waiting for cluster to be ready. Got 0 of 1 DN Heartbeats.
2019-07-16 15:55:46,197 INFO  ozoneimpl.OzoneContainer (OzoneContainer.java:start(186)) - Attempting to start container services.
2019-07-16 15:55:46,198 INFO  ozoneimpl.OzoneContainer (OzoneContainer.java:startContainerScrub(160)) - Background container scrubber has been disabled by hdds.containerscrub.enabled
2019-07-16 15:55:46,198 INFO  ratis.XceiverServerRatis (XceiverServerRatis.java:start(418)) - Starting XceiverServerRatis eecf1697-1ca7-4c91-a759-a28665515fc8 at port 0
2019-07-16 15:55:46,213 INFO  impl.RaftServerProxy (RaftServerProxy.java:lambda$start$3(299)) - eecf1697-1ca7-4c91-a759-a28665515fc8: start RPC server
2019-07-16 15:55:46,316 INFO  server.GrpcService (GrpcService.java:startImpl(149)) - eecf1697-1ca7-4c91-a759-a28665515fc8: GrpcService started, listening on 0.0.0.0/0.0.0.0:43484
2019-07-16 15:55:46,317 INFO  ratis.XceiverServerRatis (XceiverServerRatis.java:start(428)) - XceiverServerRatis eecf1697-1ca7-4c91-a759-a28665515fc8 is started using port 43484
2019-07-16 15:55:46,319 INFO  server.XceiverServerGrpc (XceiverServerGrpc.java:start(161)) - XceiverServerGrpc eecf1697-1ca7-4c91-a759-a28665515fc8 is started using port 34609
2019-07-16 15:55:47,144 INFO  ozone.MiniOzoneClusterImpl (MiniOzoneClusterImpl.java:lambda$waitForClusterToBeReady$0(142)) - Waiting for cluster to be ready. Got 0 of 1 DN Heartbeats.
2019-07-16 15:55:48,145 INFO  ozone.MiniOzoneClusterImpl (MiniOzoneClusterImpl.java:lambda$waitForClusterToBeReady$0(142)) - Waiting for cluster to be ready. Got 0 of 1 DN Heartbeats.
2019-07-16 15:55:48,180 INFO  net.NetworkTopology (NetworkTopologyImpl.java:add(110)) - Added a new node: /default-rack/192.168.69.88
2019-07-16 15:55:48,180 INFO  node.SCMNodeManager (SCMNodeManager.java:register(269)) - Registered Data node : eecf1697-1ca7-4c91-a759-a28665515fc8{ip: 192.168.69.88, host: trunk-nightly-kgw5x-1882989438, networkLocation: /default-rack, certSerialId: null}
2019-07-16 15:55:48,184 INFO  safemode.SCMSafeModeManager (DataNodeSafeModeRule.java:process(71)) - SCM in safe mode. 1 DataNodes registered, 1 required.
2019-07-16 15:55:48,184 INFO  safemode.SCMSafeModeManager (SCMSafeModeManager.java:validateSafeModeExitRules(177)) - ScmSafeModeManager, all rules are successfully validated
2019-07-16 15:55:48,184 INFO  safemode.SCMSafeModeManager (SCMSafeModeManager.java:exitSafeMode(193)) - SCM exiting safe mode.
2019-07-16 15:55:48,619 INFO  impl.RaftServerProxy (RaftServerProxy.java:addNew(89)) - eecf1697-1ca7-4c91-a759-a28665515fc8: addNew group-0E6B0075D46C:[eecf1697-1ca7-4c91-a759-a28665515fc8:192.168.69.88:43484] returns group-0E6B0075D46C:java.util.concurrent.CompletableFuture@59cf316[Not completed]
2019-07-16 15:55:48,632 INFO  impl.RaftServerImpl (RaftServerImpl.java:<init>(93)) - eecf1697-1ca7-4c91-a759-a28665515fc8: new RaftServerImpl for group-0E6B0075D46C:[eecf1697-1ca7-4c91-a759-a28665515fc8:192.168.69.88:43484] with ContainerStateMachine:uninitialized
2019-07-16 15:55:48,634 INFO  server.RaftServerConfigKeys (ConfUtils.java:logGet(43)) - raft.server.rpc.timeout.min = 5s (custom)
2019-07-16 15:55:48,635 INFO  server.RaftServerConfigKeys (ConfUtils.java:logGet(43)) - raft.server.rpc.timeout.max = 5200ms (custom)
2019-07-16 15:55:48,635 INFO  server.RaftServerConfigKeys (ConfUtils.java:logGet(43)) - raft.server.rpcslowness.timeout = 120s (custom)
2019-07-16 15:55:48,637 INFO  server.RaftServerConfigKeys (ConfUtils.java:logGet(43)) - raft.server.sleep.deviation.threshold = 300 (default)
2019-07-16 15:55:48,638 INFO  server.RaftServerConfigKeys (ConfUtils.java:logGet(43)) - raft.server.log.appender.install.snapshot.enabled = false (custom)
2019-07-16 15:55:48,646 INFO  impl.RaftServerImpl (ServerState.java:<init>(105)) - eecf1697-1ca7-4c91-a759-a28665515fc8:group-0E6B0075D46C ConfigurationManager, init=-1: [eecf1697-1ca7-4c91-a759-a28665515fc8:192.168.69.88:43484], old=null, confs=<EMPTY_MAP>
2019-07-16 15:55:48,646 INFO  server.RaftServerConfigKeys (ConfUtils.java:logGet(43)) - raft.server.storage.dir = [/workdir/hadoop-ozone/integration-test/target/test-dir/MiniOzoneClusterImpl-bf5191ed-eb03-4e9b-971f-358896a05083/datanode-0/data/ratis] (custom)
2019-07-16 15:55:48,656 INFO  storage.RaftStorageDirectory (RaftStorageDirectory.java:analyzeStorage(246)) - The storage directory /workdir/hadoop-ozone/integration-test/target/test-dir/MiniOzoneClusterImpl-bf5191ed-eb03-4e9b-971f-358896a05083/datanode-0/data/ratis/39402009-edbd-4539-83c4-0e6b0075d46c does not exist. Creating ...
2019-07-16 15:55:48,687 INFO  storage.RaftStorageDirectory (RaftStorageDirectory.java:tryLock(328)) - Lock on /workdir/hadoop-ozone/integration-test/target/test-dir/MiniOzoneClusterImpl-bf5191ed-eb03-4e9b-971f-358896a05083/datanode-0/data/ratis/39402009-edbd-4539-83c4-0e6b0075d46c/in_use.lock acquired by nodename 22166@trunk-nightly-kgw5x-1882989438
2019-07-16 15:55:48,702 INFO  storage.RaftStorage (RaftStorage.java:format(72)) - Storage directory /workdir/hadoop-ozone/integration-test/target/test-dir/MiniOzoneClusterImpl-bf5191ed-eb03-4e9b-971f-358896a05083/datanode-0/data/ratis/39402009-edbd-4539-83c4-0e6b0075d46c has been successfully formatted.
2019-07-16 15:55:48,704 INFO  ratis.ContainerStateMachine (ContainerStateMachine.java:loadSnapshot(200)) - group-0E6B0075D46C: The snapshot info is null. Setting the last applied indexto:(t:0, i:~)
2019-07-16 15:55:48,704 INFO  server.RaftServerConfigKeys (ConfUtils.java:logGet(43)) - raft.server.leader.election.timeout = 120s (custom)
2019-07-16 15:55:48,706 INFO  server.RaftServerConfigKeys (ConfUtils.java:logGet(43)) - raft.server.log.use.memory = false (default)
2019-07-16 15:55:48,711 INFO  server.RaftServerConfigKeys (ConfUtils.java:logGet(43)) - raft.server.log.purge.gap = 1000000000 (custom)
2019-07-16 15:55:48,712 INFO  server.RaftServerConfigKeys (ConfUtils.java:logGet(43)) - raft.server.log.appender.buffer.byte-limit = 33554432 (custom)
2019-07-16 15:55:48,713 INFO  server.RaftServerConfigKeys (ConfUtils.java:logGet(43)) - raft.server.log.segment.size.max = 1048576 (custom)
2019-07-16 15:55:48,719 INFO  server.RaftServerConfigKeys (ConfUtils.java:logGet(43)) - raft.server.log.segment.cache.num.max = 2 (custom)
2019-07-16 15:55:48,928 INFO  segmented.SegmentedRaftLogWorker (SegmentedRaftLogWorker.java:<init>(172)) - new eecf1697-1ca7-4c91-a759-a28665515fc8-SegmentedRaftLogWorker:Storage Directory /workdir/hadoop-ozone/integration-test/target/test-dir/MiniOzoneClusterImpl-bf5191ed-eb03-4e9b-971f-358896a05083/datanode-0/data/ratis/39402009-edbd-4539-83c4-0e6b0075d46c for RaftStorage:Storage Directory /workdir/hadoop-ozone/integration-test/target/test-dir/MiniOzoneClusterImpl-bf5191ed-eb03-4e9b-971f-358896a05083/datanode-0/data/ratis/39402009-edbd-4539-83c4-0e6b0075d46c
2019-07-16 15:55:48,941 INFO  server.RaftServerConfigKeys (ConfUtils.java:logGet(43)) - raft.server.log.queue.byte-limit = 2147483647 (custom)
2019-07-16 15:55:48,942 INFO  server.RaftServerConfigKeys (ConfUtils.java:logGet(43)) - raft.server.log.queue.element-limit = 1024 (custom)
2019-07-16 15:55:48,946 INFO  server.RaftServerConfigKeys (ConfUtils.java:logGet(43)) - raft.server.log.segment.size.max = 1048576 (custom)
2019-07-16 15:55:48,946 INFO  server.RaftServerConfigKeys (ConfUtils.java:logGet(43)) - raft.server.log.preallocated.size = 16384 (custom)
2019-07-16 15:55:48,946 INFO  server.RaftServerConfigKeys (ConfUtils.java:logGet(43)) - raft.server.log.write.buffer.size = 33554432 (custom)
2019-07-16 15:55:48,947 INFO  server.RaftServerConfigKeys (ConfUtils.java:logGet(43)) - raft.server.log.force.sync.num = 128 (default)
2019-07-16 15:55:48,948 INFO  server.RaftServerConfigKeys (ConfUtils.java:logGet(43)) - raft.server.log.statemachine.data.sync = true (default)
2019-07-16 15:55:48,948 INFO  server.RaftServerConfigKeys (ConfUtils.java:logGet(43)) - raft.server.log.statemachine.data.sync.timeout = 10s (default)
2019-07-16 15:55:48,949 INFO  server.RaftServerConfigKeys (ConfUtils.java:logGet(43)) - raft.server.log.statemachine.data.sync.timeout.retry = -1 (default)
2019-07-16 15:55:48,956 INFO  server.RaftServerConfigKeys (ConfUtils.java:logGet(43)) - raft.server.log.statemachine.data.caching.enabled = true (custom)
2019-07-16 15:55:48,960 INFO  segmented.SegmentedRaftLogWorker (SegmentedRaftLogWorker.java:lambda$new$0(132)) - eecf1697-1ca7-4c91-a759-a28665515fc8-SegmentedRaftLogWorker:Storage Directory /workdir/hadoop-ozone/integration-test/target/test-dir/MiniOzoneClusterImpl-bf5191ed-eb03-4e9b-971f-358896a05083/datanode-0/data/ratis/39402009-edbd-4539-83c4-0e6b0075d46c: flushIndex: setUnconditionally 0 -> -1
2019-07-16 15:55:48,964 INFO  server.RaftServerConfigKeys (ConfUtils.java:logGet(43)) - raft.server.snapshot.auto.trigger.enabled = true (custom)
2019-07-16 15:55:48,965 INFO  server.RaftServerConfigKeys (ConfUtils.java:logGet(43)) - raft.server.snapshot.auto.trigger.threshold = 10000 (custom)
2019-07-16 15:55:48,965 INFO  server.RaftServerConfigKeys (ConfUtils.java:logGet(43)) - raft.server.retrycache.expirytime = 600000ms (custom)
2019-07-16 15:55:48,983 INFO  impl.RaftServerImpl (RaftServerImpl.java:start(180)) - eecf1697-1ca7-4c91-a759-a28665515fc8: start group-0E6B0075D46C
2019-07-16 15:55:48,984 INFO  impl.RaftServerImpl (RaftServerImpl.java:setRole(171)) - eecf1697-1ca7-4c91-a759-a28665515fc8:group-0E6B0075D46C changes role from null to FOLLOWER at term 0 for startAsFollower
2019-07-16 15:55:48,985 INFO  impl.RoleInfo (RoleInfo.java:updateAndGet(143)) - eecf1697-1ca7-4c91-a759-a28665515fc8: start FollowerState
2019-07-16 15:55:48,986 INFO  util.JmxRegister (JmxRegister.java:tryRegister(44)) - Successfully registered JMX Bean with object name Ratis:service=RaftServer,group=group-0E6B0075D46C,id=eecf1697-1ca7-4c91-a759-a28665515fc8
2019-07-16 15:55:49,041 INFO  pipeline.PipelineStateManager (PipelineStateManager.java:addPipeline(56)) - Created pipeline Pipeline[ Id: 39402009-edbd-4539-83c4-0e6b0075d46c, Nodes: eecf1697-1ca7-4c91-a759-a28665515fc8{ip: 192.168.69.88, host: trunk-nightly-kgw5x-1882989438, networkLocation: /default-rack, certSerialId: null}, Type:RATIS, Factor:ONE, State:OPEN]
2019-07-16 15:55:49,146 INFO  ozone.MiniOzoneClusterImpl (MiniOzoneClusterImpl.java:lambda$waitForClusterToBeReady$0(142)) - Cluster is ready. Got 1 of 1 DN Heartbeats.
2019-07-16 15:55:49,510 INFO  pipeline.PipelineStateManager (PipelineStateManager.java:addPipeline(56)) - Created pipeline Pipeline[ Id: cffabb4e-9323-434c-a0d7-1d0b9ee5fc99, Nodes: eecf1697-1ca7-4c91-a759-a28665515fc8{ip: 192.168.69.88, host: trunk-nightly-kgw5x-1882989438, networkLocation: /default-rack, certSerialId: null}, Type:STAND_ALONE, Factor:ONE, State:OPEN]
2019-07-16 15:55:49,966 INFO  keyvalue.KeyValueHandler (ContainerUtils.java:logAndReturnError(146)) - Operation: CreateContainer : Trace ID: 4ec75ded332efab8:4ec75ded332efab8:0:0 : Message: Container creation failed, due to disk out of space : Result: DISK_OUT_OF_SPACE
15:55:49.968 [grpc-default-executor-1] ERROR DNAudit - user=null | ip=null | op=WRITE_CHUNK {blockData=conID: 2 locID: 102451940549722115 bcsId: 0} | ret=FAILURE
org.apache.hadoop.hdds.scm.container.common.helpers.StorageContainerException: ContainerID 2 creation failed
	at org.apache.hadoop.ozone.container.common.impl.HddsDispatcher.dispatchRequest(HddsDispatcher.java:227) [hadoop-hdds-container-service-0.5.0-SNAPSHOT.jar:?]
	at org.apache.hadoop.ozone.container.common.impl.HddsDispatcher.dispatch(HddsDispatcher.java:148) [hadoop-hdds-container-service-0.5.0-SNAPSHOT.jar:?]
	at org.apache.hadoop.ozone.container.common.transport.server.GrpcXceiverService$1.onNext(GrpcXceiverService.java:73) [hadoop-hdds-container-service-0.5.0-SNAPSHOT.jar:?]
	at org.apache.hadoop.ozone.container.common.transport.server.GrpcXceiverService$1.onNext(GrpcXceiverService.java:61) [hadoop-hdds-container-service-0.5.0-SNAPSHOT.jar:?]
	at org.apache.ratis.thirdparty.io.grpc.stub.ServerCalls$StreamingServerCallHandler$StreamingServerCallListener.onMessage(ServerCalls.java:248) [ratis-thirdparty-misc-0.2.0.jar:0.2.0]
	at org.apache.ratis.thirdparty.io.grpc.ForwardingServerCallListener.onMessage(ForwardingServerCallListener.java:33) [ratis-thirdparty-misc-0.2.0.jar:0.2.0]
	at org.apache.ratis.thirdparty.io.grpc.Contexts$ContextualizedServerCallListener.onMessage(Contexts.java:76) [ratis-thirdparty-misc-0.2.0.jar:0.2.0]
	at org.apache.ratis.thirdparty.io.grpc.ForwardingServerCallListener.onMessage(ForwardingServerCallListener.java:33) [ratis-thirdparty-misc-0.2.0.jar:0.2.0]
	at org.apache.hadoop.hdds.tracing.GrpcServerInterceptor$1.onMessage(GrpcServerInterceptor.java:46) [hadoop-hdds-common-0.5.0-SNAPSHOT.jar:?]
	at org.apache.ratis.thirdparty.io.grpc.internal.ServerCallImpl$ServerStreamListenerImpl.messagesAvailable(ServerCallImpl.java:263) [ratis-thirdparty-misc-0.2.0.jar:0.2.0]
	at org.apache.ratis.thirdparty.io.grpc.internal.ServerImpl$JumpToApplicationThreadServerStreamListener$1MessagesAvailable.runInContext(ServerImpl.java:686) [ratis-thirdparty-misc-0.2.0.jar:0.2.0]
	at org.apache.ratis.thirdparty.io.grpc.internal.ContextRunnable.run(ContextRunnable.java:37) [ratis-thirdparty-misc-0.2.0.jar:0.2.0]
	at org.apache.ratis.thirdparty.io.grpc.internal.SerializingExecutor.run(SerializingExecutor.java:123) [ratis-thirdparty-misc-0.2.0.jar:0.2.0]
	at java.util.concurrent.ThreadPoolExecutor.runWorker(ThreadPoolExecutor.java:1149) [?:1.8.0_212]
	at java.util.concurrent.ThreadPoolExecutor$Worker.run(ThreadPoolExecutor.java:624) [?:1.8.0_212]
	at java.lang.Thread.run(Thread.java:748) [?:1.8.0_212]
2019-07-16 15:55:49,977 INFO  impl.HddsDispatcher (ContainerUtils.java:logAndReturnError(146)) - Operation: WriteChunk : Trace ID: 4ec75ded332efab8:4ec75ded332efab8:0:0 : Message: ContainerID 2 creation failed : Result: DISK_OUT_OF_SPACE
2019-07-16 15:55:49,980 ERROR storage.BlockOutputStream (BlockOutputStream.java:validateResponse(532)) - Unexpected Storage Container Exception: 
org.apache.hadoop.hdds.scm.container.common.helpers.StorageContainerException: ContainerID 2 creation failed
	at org.apache.hadoop.hdds.scm.storage.ContainerProtocolCalls.validateContainerResponse(ContainerProtocolCalls.java:536)
	at org.apache.hadoop.hdds.scm.storage.BlockOutputStream.validateResponse(BlockOutputStream.java:530)
	at org.apache.hadoop.hdds.scm.storage.BlockOutputStream.lambda$writeChunkToContainer$2(BlockOutputStream.java:607)
	at java.util.concurrent.CompletableFuture.uniApply(CompletableFuture.java:602)
	at java.util.concurrent.CompletableFuture$UniApply.tryFire(CompletableFuture.java:577)
	at java.util.concurrent.CompletableFuture$Completion.run(CompletableFuture.java:442)
	at java.util.concurrent.ThreadPoolExecutor.runWorker(ThreadPoolExecutor.java:1149)
	at java.util.concurrent.ThreadPoolExecutor$Worker.run(ThreadPoolExecutor.java:624)
	at java.lang.Thread.run(Thread.java:748)
15:55:49.985 [grpc-default-executor-1] ERROR DNAudit - user=null | ip=null | op=PUT_BLOCK {blockData=[blockId=conID: 2 locID: 102451940549722115 bcsId: 0,size=5]} | ret=FAILURE
org.apache.hadoop.hdds.scm.container.common.helpers.StorageContainerException: ContainerID 2 does not exist
	at org.apache.hadoop.ozone.container.common.impl.HddsDispatcher.dispatchRequest(HddsDispatcher.java:242) [hadoop-hdds-container-service-0.5.0-SNAPSHOT.jar:?]
	at org.apache.hadoop.ozone.container.common.impl.HddsDispatcher.dispatch(HddsDispatcher.java:148) [hadoop-hdds-container-service-0.5.0-SNAPSHOT.jar:?]
	at org.apache.hadoop.ozone.container.common.transport.server.GrpcXceiverService$1.onNext(GrpcXceiverService.java:73) [hadoop-hdds-container-service-0.5.0-SNAPSHOT.jar:?]
	at org.apache.hadoop.ozone.container.common.transport.server.GrpcXceiverService$1.onNext(GrpcXceiverService.java:61) [hadoop-hdds-container-service-0.5.0-SNAPSHOT.jar:?]
	at org.apache.ratis.thirdparty.io.grpc.stub.ServerCalls$StreamingServerCallHandler$StreamingServerCallListener.onMessage(ServerCalls.java:248) [ratis-thirdparty-misc-0.2.0.jar:0.2.0]
	at org.apache.ratis.thirdparty.io.grpc.ForwardingServerCallListener.onMessage(ForwardingServerCallListener.java:33) [ratis-thirdparty-misc-0.2.0.jar:0.2.0]
	at org.apache.ratis.thirdparty.io.grpc.Contexts$ContextualizedServerCallListener.onMessage(Contexts.java:76) [ratis-thirdparty-misc-0.2.0.jar:0.2.0]
	at org.apache.ratis.thirdparty.io.grpc.ForwardingServerCallListener.onMessage(ForwardingServerCallListener.java:33) [ratis-thirdparty-misc-0.2.0.jar:0.2.0]
	at org.apache.hadoop.hdds.tracing.GrpcServerInterceptor$1.onMessage(GrpcServerInterceptor.java:46) [hadoop-hdds-common-0.5.0-SNAPSHOT.jar:?]
	at org.apache.ratis.thirdparty.io.grpc.internal.ServerCallImpl$ServerStreamListenerImpl.messagesAvailable(ServerCallImpl.java:263) [ratis-thirdparty-misc-0.2.0.jar:0.2.0]
	at org.apache.ratis.thirdparty.io.grpc.internal.ServerImpl$JumpToApplicationThreadServerStreamListener$1MessagesAvailable.runInContext(ServerImpl.java:686) [ratis-thirdparty-misc-0.2.0.jar:0.2.0]
	at org.apache.ratis.thirdparty.io.grpc.internal.ContextRunnable.run(ContextRunnable.java:37) [ratis-thirdparty-misc-0.2.0.jar:0.2.0]
	at org.apache.ratis.thirdparty.io.grpc.internal.SerializingExecutor.run(SerializingExecutor.java:123) [ratis-thirdparty-misc-0.2.0.jar:0.2.0]
	at java.util.concurrent.ThreadPoolExecutor.runWorker(ThreadPoolExecutor.java:1149) [?:1.8.0_212]
	at java.util.concurrent.ThreadPoolExecutor$Worker.run(ThreadPoolExecutor.java:624) [?:1.8.0_212]
	at java.lang.Thread.run(Thread.java:748) [?:1.8.0_212]
2019-07-16 15:55:49,986 INFO  impl.HddsDispatcher (ContainerUtils.java:logAndReturnError(146)) - Operation: PutBlock : Trace ID: 2f34f9cc37926417:2f34f9cc37926417:0:0 : Message: ContainerID 2 does not exist : Result: CONTAINER_NOT_FOUND
2019-07-16 15:55:49,990 INFO  ozone.MiniOzoneClusterImpl (MiniOzoneClusterImpl.java:shutdown(321)) - Shutting down the Mini Ozone Cluster
2019-07-16 15:55:49,990 INFO  ozone.MiniOzoneClusterImpl (MiniOzoneClusterImpl.java:stop(336)) - Stopping the Mini Ozone Cluster
2019-07-16 15:55:49,991 INFO  ozone.MiniOzoneClusterImpl (MiniOzoneClusterImpl.java:stop(338)) - Stopping the OzoneManager
2019-07-16 15:55:49,991 INFO  ipc.Server (Server.java:stop(3082)) - Stopping server on 41451
2019-07-16 15:55:49,992 INFO  ipc.Server (Server.java:run(1185)) - Stopping IPC Server listener on 41451
2019-07-16 15:55:49,992 INFO  utils.BackgroundService (BackgroundService.java:shutdown(148)) - Shutting down service KeyDeletingService
2019-07-16 15:55:49,992 INFO  ipc.Server (Server.java:run(1319)) - Stopping IPC Server Responder
2019-07-16 15:55:49,995 INFO  handler.ContextHandler (ContextHandler.java:doStop(910)) - Stopped o.e.j.w.WebAppContext@4d8440fe{/,null,UNAVAILABLE}{/ozoneManager}
2019-07-16 15:55:50,000 INFO  server.AbstractConnector (AbstractConnector.java:doStop(318)) - Stopped ServerConnector@5af86d7a{HTTP/1.1,[http/1.1]}{0.0.0.0:0}
2019-07-16 15:55:50,000 INFO  handler.ContextHandler (ContextHandler.java:doStop(910)) - Stopped o.e.j.s.ServletContextHandler@6eab302d{/static,file:///workdir/hadoop-ozone/integration-test/target/test-classes/webapps/static,UNAVAILABLE}
2019-07-16 15:55:50,001 INFO  handler.ContextHandler (ContextHandler.java:doStop(910)) - Stopped o.e.j.s.ServletContextHandler@787ab60d{/logs,file:///workdir/hadoop-ozone/integration-test/target/log,UNAVAILABLE}
2019-07-16 15:55:50,013 INFO  ozone.MiniOzoneClusterImpl (MiniOzoneClusterImpl.java:stop(344)) - Shutting the HddsDatanodes
2019-07-16 15:55:50,013 INFO  datanode.ObjectStoreHandler (ObjectStoreHandler.java:close(155)) - Closing ObjectStoreHandler.
2019-07-16 15:55:50,014 INFO  ozone.HddsDatanodeService (HddsDatanodeService.java:stop(452)) - Stopped plug-in org.apache.hadoop.ozone.web.OzoneHddsDatanodeService@22588c58
2019-07-16 15:55:50,053 INFO  statemachine.DatanodeStateMachine (DatanodeStateMachine.java:lambda$startDaemon$0(350)) - Ozone container server started.
2019-07-16 15:55:51,185 INFO  container.ReplicationManager (ReplicationManager.java:start(155)) - Starting Replication Monitor Thread.
2019-07-16 15:55:51,188 INFO  container.ReplicationManager (ReplicationManager.java:run(207)) - Replication Monitor Thread took 1 milliseconds for processing 2 containers.
2019-07-16 15:55:54,145 INFO  impl.FollowerState (FollowerState.java:run(106)) - eecf1697-1ca7-4c91-a759-a28665515fc8:group-0E6B0075D46C changes to CANDIDATE, lastRpcTime:5160, electionTimeout:5160ms
2019-07-16 15:55:54,146 INFO  impl.RoleInfo (RoleInfo.java:shutdownFollowerState(121)) - eecf1697-1ca7-4c91-a759-a28665515fc8: shutdown FollowerState
2019-07-16 15:55:54,147 INFO  impl.RaftServerImpl (RaftServerImpl.java:setRole(171)) - eecf1697-1ca7-4c91-a759-a28665515fc8:group-0E6B0075D46C changes role from FOLLOWER to CANDIDATE at term 0 for changeToCandidate
2019-07-16 15:55:54,152 INFO  impl.RoleInfo (RoleInfo.java:updateAndGet(143)) - eecf1697-1ca7-4c91-a759-a28665515fc8: start LeaderElection
2019-07-16 15:55:54,171 INFO  impl.LeaderElection (LeaderElection.java:askForVotes(181)) - eecf1697-1ca7-4c91-a759-a28665515fc8:group-0E6B0075D46C:LeaderElection1: begin an election at term 1 for -1: [eecf1697-1ca7-4c91-a759-a28665515fc8:192.168.69.88:43484], old=null
2019-07-16 15:55:54,172 INFO  impl.RoleInfo (RoleInfo.java:shutdownLeaderElection(134)) - eecf1697-1ca7-4c91-a759-a28665515fc8: shutdown LeaderElection
2019-07-16 15:55:54,172 INFO  impl.RaftServerImpl (RaftServerImpl.java:setRole(171)) - eecf1697-1ca7-4c91-a759-a28665515fc8:group-0E6B0075D46C changes role from CANDIDATE to LEADER at term 1 for changeToLeader
2019-07-16 15:55:54,173 INFO  impl.RaftServerImpl (ServerState.java:setLeader(263)) - eecf1697-1ca7-4c91-a759-a28665515fc8:group-0E6B0075D46C change Leader from null to eecf1697-1ca7-4c91-a759-a28665515fc8 at term 1 for becomeLeader, leader elected after 5468ms
2019-07-16 15:55:54,179 INFO  server.RaftServerConfigKeys (ConfUtils.java:logGet(43)) - raft.server.staging.catchup.gap = 1000 (default)
2019-07-16 15:55:54,180 INFO  server.RaftServerConfigKeys (ConfUtils.java:logGet(43)) - raft.server.rpc.sleep.time = 25ms (default)
2019-07-16 15:55:54,182 INFO  server.RaftServerConfigKeys (ConfUtils.java:logGet(43)) - raft.server.write.element-limit = 4096 (default)
2019-07-16 15:55:54,185 INFO  server.RaftServerConfigKeys (ConfUtils.java:logGet(43)) - raft.server.watch.timeout = 10s (default)
2019-07-16 15:55:54,185 INFO  server.RaftServerConfigKeys (ConfUtils.java:logGet(43)) - raft.server.watch.timeout.denomination = 1s (default)
2019-07-16 15:55:54,186 INFO  server.RaftServerConfigKeys (ConfUtils.java:logGet(43)) - raft.server.watch.element-limit = 65536 (default)
2019-07-16 15:55:54,194 INFO  impl.RoleInfo (RoleInfo.java:updateAndGet(143)) - eecf1697-1ca7-4c91-a759-a28665515fc8: start LeaderState
2019-07-16 15:55:54,213 INFO  segmented.SegmentedRaftLogWorker (SegmentedRaftLogWorker.java:startLogSegment(380)) - eecf1697-1ca7-4c91-a759-a28665515fc8-SegmentedRaftLogWorker:Storage Directory /workdir/hadoop-ozone/integration-test/target/test-dir/MiniOzoneClusterImpl-bf5191ed-eb03-4e9b-971f-358896a05083/datanode-0/data/ratis/39402009-edbd-4539-83c4-0e6b0075d46c: Starting segment from index:0
2019-07-16 15:55:54,224 INFO  impl.RaftServerImpl (ServerState.java:setRaftConf(361)) - eecf1697-1ca7-4c91-a759-a28665515fc8:group-0E6B0075D46C set configuration 0: [eecf1697-1ca7-4c91-a759-a28665515fc8:192.168.69.88:43484], old=null at 0
2019-07-16 15:55:54,367 INFO  segmented.SegmentedRaftLogWorker (SegmentedRaftLogWorker.java:execute(569)) - eecf1697-1ca7-4c91-a759-a28665515fc8-SegmentedRaftLogWorker:Storage Directory /workdir/hadoop-ozone/integration-test/target/test-dir/MiniOzoneClusterImpl-bf5191ed-eb03-4e9b-971f-358896a05083/datanode-0/data/ratis/39402009-edbd-4539-83c4-0e6b0075d46c: created new log segment /workdir/hadoop-ozone/integration-test/target/test-dir/MiniOzoneClusterImpl-bf5191ed-eb03-4e9b-971f-358896a05083/datanode-0/data/ratis/39402009-edbd-4539-83c4-0e6b0075d46c/current/log_inprogress_0
2019-07-16 15:55:55,016 INFO  ozoneimpl.OzoneContainer (OzoneContainer.java:stop(199)) - Attempting to stop container services.
2019-07-16 15:55:55,018 INFO  impl.RaftServerProxy (RaftServerProxy.java:lambda$close$4(314)) - eecf1697-1ca7-4c91-a759-a28665515fc8: close
2019-07-16 15:55:55,020 INFO  impl.RaftServerImpl (RaftServerImpl.java:lambda$shutdown$3(245)) - eecf1697-1ca7-4c91-a759-a28665515fc8: shutdown group-0E6B0075D46C
2019-07-16 15:55:55,020 INFO  util.JmxRegister (JmxRegister.java:unregister(73)) - Successfully un-registered JMX Bean with object name Ratis:service=RaftServer,group=group-0E6B0075D46C,id=eecf1697-1ca7-4c91-a759-a28665515fc8
2019-07-16 15:55:55,021 INFO  impl.RoleInfo (RoleInfo.java:shutdownLeaderState(104)) - eecf1697-1ca7-4c91-a759-a28665515fc8: shutdown LeaderState
2019-07-16 15:55:55,023 INFO  impl.PendingRequests (PendingRequests.java:sendNotLeaderResponses(202)) - eecf1697-1ca7-4c91-a759-a28665515fc8-PendingRequests: sendNotLeaderResponses
2019-07-16 15:55:55,024 INFO  impl.StateMachineUpdater (StateMachineUpdater.java:stopAndJoin(115)) - StateMachineUpdater:eecf1697-1ca7-4c91-a759-a28665515fc8:group-0E6B0075D46C: set stopIndex = 0
2019-07-16 15:55:55,025 INFO  impl.RaftServerImpl (ServerState.java:close(394)) - eecf1697-1ca7-4c91-a759-a28665515fc8:group-0E6B0075D46C closes. The last applied log index is 0
2019-07-16 15:55:55,027 INFO  segmented.SegmentedRaftLogWorker (SegmentedRaftLogWorker.java:run(313)) - eecf1697-1ca7-4c91-a759-a28665515fc8-SegmentedRaftLogWorker:Storage Directory /workdir/hadoop-ozone/integration-test/target/test-dir/MiniOzoneClusterImpl-bf5191ed-eb03-4e9b-971f-358896a05083/datanode-0/data/ratis/39402009-edbd-4539-83c4-0e6b0075d46c was interrupted, exiting. There are 0 tasks remaining in the queue.
2019-07-16 15:55:55,029 INFO  segmented.SegmentedRaftLogWorker (SegmentedRaftLogWorker.java:close(228)) - eecf1697-1ca7-4c91-a759-a28665515fc8-SegmentedRaftLogWorker:Storage Directory /workdir/hadoop-ozone/integration-test/target/test-dir/MiniOzoneClusterImpl-bf5191ed-eb03-4e9b-971f-358896a05083/datanode-0/data/ratis/39402009-edbd-4539-83c4-0e6b0075d46c close()
2019-07-16 15:55:55,031 INFO  server.GrpcService (GrpcService.java:closeImpl(155)) - eecf1697-1ca7-4c91-a759-a28665515fc8: shutdown server with port 43484 now
2019-07-16 15:55:55,034 INFO  server.GrpcService (GrpcService.java:closeImpl(163)) - eecf1697-1ca7-4c91-a759-a28665515fc8: shutdown server with port 43484 successfully
2019-07-16 15:55:55,039 INFO  utils.BackgroundService (BackgroundService.java:shutdown(148)) - Shutting down service BlockDeletingService
2019-07-16 15:55:55,042 WARN  fs.CachingGetSpaceUsed (CachingGetSpaceUsed.java:run(183)) - Thread Interrupted waiting to refresh disk information: sleep interrupted
2019-07-16 15:55:55,053 INFO  statemachine.DatanodeStateMachine (DatanodeStateMachine.java:stopDaemon(395)) - Ozone container server stopped.
2019-07-16 15:55:55,054 INFO  handler.ContextHandler (ContextHandler.java:doStop(910)) - Stopped o.e.j.w.WebAppContext@54df41b5{/,null,UNAVAILABLE}{/hddsDatanode}
2019-07-16 15:55:55,055 INFO  server.AbstractConnector (AbstractConnector.java:doStop(318)) - Stopped ServerConnector@43b64429{HTTP/1.1,[http/1.1]}{0.0.0.0:0}
2019-07-16 15:55:55,055 INFO  handler.ContextHandler (ContextHandler.java:doStop(910)) - Stopped o.e.j.s.ServletContextHandler@379e01a5{/static,jar:file:/home/user/.m2/repository/org/apache/hadoop/hadoop-hdds-container-service/0.5.0-SNAPSHOT/hadoop-hdds-container-service-0.5.0-SNAPSHOT.jar!/webapps/static,UNAVAILABLE}
2019-07-16 15:55:55,055 INFO  handler.ContextHandler (ContextHandler.java:doStop(910)) - Stopped o.e.j.s.ServletContextHandler@9420a9e{/logs,file:///workdir/hadoop-ozone/integration-test/target/log,UNAVAILABLE}
2019-07-16 15:55:55,057 INFO  ozone.MiniOzoneClusterImpl (MiniOzoneClusterImpl.java:stop(353)) - Stopping the StorageContainerManager
2019-07-16 15:55:55,057 INFO  server.StorageContainerManager (StorageContainerManager.java:stop(796)) - Stopping Replication Manager Service.
2019-07-16 15:55:55,057 INFO  container.ReplicationManager (ReplicationManager.java:stop(187)) - Stopping Replication Monitor Thread.
2019-07-16 15:55:55,057 INFO  server.StorageContainerManager (StorageContainerManager.java:stop(803)) - Stopping Lease Manager of the command watchers
2019-07-16 15:55:55,058 INFO  server.StorageContainerManager (StorageContainerManager.java:stop(810)) - Stopping datanode service RPC server
2019-07-16 15:55:55,058 INFO  server.SCMDatanodeProtocolServer (SCMDatanodeProtocolServer.java:stop(375)) - Stopping the RPC server for DataNodes
2019-07-16 15:55:55,058 INFO  ipc.Server (Server.java:stop(3082)) - Stopping server on 43516
2019-07-16 15:55:55,058 INFO  ipc.Server (Server.java:run(1185)) - Stopping IPC Server listener on 43516
2019-07-16 15:55:55,059 INFO  ipc.Server (Server.java:run(1319)) - Stopping IPC Server Responder
2019-07-16 15:55:55,131 WARN  node.NodeStateManager (NodeStateManager.java:scheduleNextHealthCheck(631)) - Current Thread is interrupted, shutting down HB processing thread for Node Manager.
2019-07-16 15:55:55,131 INFO  server.StorageContainerManager (StorageContainerManager.java:stop(818)) - Stopping block service RPC server
2019-07-16 15:55:55,131 INFO  server.SCMBlockProtocolServer (SCMBlockProtocolServer.java:stop(148)) - Stopping the RPC server for Block Protocol
2019-07-16 15:55:55,131 INFO  ipc.Server (Server.java:stop(3082)) - Stopping server on 41771
2019-07-16 15:55:55,133 INFO  server.StorageContainerManager (StorageContainerManager.java:stop(825)) - Stopping the StorageContainerLocationProtocol RPC server
2019-07-16 15:55:55,133 INFO  server.SCMClientProtocolServer (SCMClientProtocolServer.java:stop(157)) - Stopping the RPC server for Client Protocol
2019-07-16 15:55:55,133 INFO  ipc.Server (Server.java:stop(3082)) - Stopping server on 40893
2019-07-16 15:55:55,133 INFO  ipc.Server (Server.java:run(1185)) - Stopping IPC Server listener on 41771
2019-07-16 15:55:55,135 INFO  ipc.Server (Server.java:run(1319)) - Stopping IPC Server Responder
2019-07-16 15:55:55,135 INFO  ipc.Server (Server.java:run(1185)) - Stopping IPC Server listener on 40893
2019-07-16 15:55:55,135 INFO  server.StorageContainerManager (StorageContainerManager.java:stop(832)) - Stopping Storage Container Manager HTTP server.
2019-07-16 15:55:55,135 INFO  ipc.Server (Server.java:run(1319)) - Stopping IPC Server Responder
2019-07-16 15:55:55,137 INFO  handler.ContextHandler (ContextHandler.java:doStop(910)) - Stopped o.e.j.w.WebAppContext@72033f1b{/,null,UNAVAILABLE}{/scm}
2019-07-16 15:55:55,138 INFO  server.AbstractConnector (AbstractConnector.java:doStop(318)) - Stopped ServerConnector@18acf033{HTTP/1.1,[http/1.1]}{0.0.0.0:0}
2019-07-16 15:55:55,138 INFO  handler.ContextHandler (ContextHandler.java:doStop(910)) - Stopped o.e.j.s.ServletContextHandler@3f353a93{/static,file:///workdir/hadoop-ozone/integration-test/target/test-classes/webapps/static,UNAVAILABLE}
2019-07-16 15:55:55,139 INFO  handler.ContextHandler (ContextHandler.java:doStop(910)) - Stopped o.e.j.s.ServletContextHandler@4aaba499{/logs,file:///workdir/hadoop-ozone/integration-test/target/log,UNAVAILABLE}
2019-07-16 15:55:55,141 INFO  server.StorageContainerManager (StorageContainerManager.java:stop(843)) - Stopping Block Manager Service.
2019-07-16 15:55:55,141 INFO  utils.BackgroundService (BackgroundService.java:shutdown(148)) - Shutting down service SCMBlockDeletingService
2019-07-16 15:55:55,142 INFO  utils.BackgroundService (BackgroundService.java:shutdown(148)) - Shutting down service SCMBlockDeletingService
2019-07-16 15:55:55,142 INFO  server.StorageContainerManager (StorageContainerManager.java:stop(865)) - Stopping SCM Event Queue.
2019-07-16 15:55:55,174 INFO  impl.MetricsSystemImpl (MetricsSystemImpl.java:stop(210)) - Stopping HddsDatanode metrics system...
2019-07-16 15:55:55,175 INFO  impl.MetricsSystemImpl (MetricsSystemImpl.java:stop(216)) - HddsDatanode metrics system stopped.
]]></system-out>
    <system-err><![CDATA[ERROR StatusLogger No Log4j 2 configuration file found. Using default configuration (logging only errors to the console), or user programmatically provided configurations. Set system property 'log4j2.debug' to show Log4j 2 internal initialization logging. See https://logging.apache.org/log4j/2.x/manual/configuration.html for instructions on how to configure Log4j 2
Jul 16, 2019 3:55:43 PM com.sun.jersey.server.impl.application.WebApplicationImpl _initiate
INFO: Initiating Jersey application, version 'Jersey: 1.19 02/11/2015 03:25 AM'
Jul 16, 2019 3:55:49 PM com.sun.jersey.server.impl.application.WebApplicationImpl _initiate
INFO: Initiating Jersey application, version 'Jersey: 1.19 02/11/2015 03:25 AM'
]]></system-err>
  </testcase>
  <testcase name="testBlockDeletingThrottling" classname="org.apache.hadoop.ozone.TestStorageContainerManager" time="6.467">
    <error message="Unexpected Storage Container Exception: org.apache.hadoop.hdds.scm.container.common.helpers.StorageContainerException: ContainerID 2 creation failed" type="java.io.IOException">java.io.IOException: Unexpected Storage Container Exception: org.apache.hadoop.hdds.scm.container.common.helpers.StorageContainerException: ContainerID 2 creation failed
	at org.apache.hadoop.hdds.scm.storage.BlockOutputStream.setIoException(BlockOutputStream.java:542)
	at org.apache.hadoop.hdds.scm.storage.BlockOutputStream.validateResponse(BlockOutputStream.java:533)
	at org.apache.hadoop.hdds.scm.storage.BlockOutputStream.lambda$writeChunkToContainer$2(BlockOutputStream.java:607)
	at java.util.concurrent.CompletableFuture.uniApply(CompletableFuture.java:602)
	at java.util.concurrent.CompletableFuture$UniApply.tryFire(CompletableFuture.java:577)
	at java.util.concurrent.CompletableFuture$Completion.run(CompletableFuture.java:442)
	at java.util.concurrent.ThreadPoolExecutor.runWorker(ThreadPoolExecutor.java:1149)
	at java.util.concurrent.ThreadPoolExecutor$Worker.run(ThreadPoolExecutor.java:624)
	at java.lang.Thread.run(Thread.java:748)
Caused by: org.apache.hadoop.hdds.scm.container.common.helpers.StorageContainerException: ContainerID 2 creation failed
	at org.apache.hadoop.hdds.scm.storage.ContainerProtocolCalls.validateContainerResponse(ContainerProtocolCalls.java:536)
	at org.apache.hadoop.hdds.scm.storage.BlockOutputStream.validateResponse(BlockOutputStream.java:530)
	... 7 more
</error>
    <system-out><![CDATA[2019-07-16 15:55:55,226 WARN  server.ServerUtils (ServerUtils.java:getScmDbDir(145)) - ozone.scm.db.dirs is not configured. We recommend adding this setting. Falling back to ozone.metadata.dirs instead.
2019-07-16 15:55:55,253 WARN  server.ServerUtils (ServerUtils.java:getScmDbDir(145)) - ozone.scm.db.dirs is not configured. We recommend adding this setting. Falling back to ozone.metadata.dirs instead.
2019-07-16 15:55:55,253 WARN  server.ServerUtils (ServerUtils.java:getScmDbDir(145)) - ozone.scm.db.dirs is not configured. We recommend adding this setting. Falling back to ozone.metadata.dirs instead.
2019-07-16 15:55:55,254 INFO  db.DBStoreBuilder (DBStoreBuilder.java:addTable(110)) - using custom profile for table: deletedBlocks
2019-07-16 15:55:55,254 INFO  db.DBStoreBuilder (DBStoreBuilder.java:processTables(161)) - Using default column profile:DBProfile.DISK for Table:deletedBlocks
2019-07-16 15:55:55,254 INFO  db.DBStoreBuilder (DBStoreBuilder.java:addTable(110)) - using custom profile for table: validCerts
2019-07-16 15:55:55,254 INFO  db.DBStoreBuilder (DBStoreBuilder.java:processTables(161)) - Using default column profile:DBProfile.DISK for Table:validCerts
2019-07-16 15:55:55,254 INFO  db.DBStoreBuilder (DBStoreBuilder.java:addTable(110)) - using custom profile for table: revokedCerts
2019-07-16 15:55:55,254 INFO  db.DBStoreBuilder (DBStoreBuilder.java:processTables(161)) - Using default column profile:DBProfile.DISK for Table:revokedCerts
2019-07-16 15:55:55,255 INFO  db.DBStoreBuilder (DBStoreBuilder.java:addTable(110)) - using custom profile for table: default
2019-07-16 15:55:55,255 INFO  db.DBStoreBuilder (DBStoreBuilder.java:processTables(167)) - Using default column profile:DBProfile.DISK for Table:default
2019-07-16 15:55:55,255 INFO  db.DBStoreBuilder (DBStoreBuilder.java:getDbProfile(198)) - Using default options. DBProfile.DISK
2019-07-16 15:55:55,398 INFO  net.NodeSchemaLoader (NodeSchemaLoader.java:loadSchemaFromFile(125)) - Loading file from sun.misc.CompoundEnumeration@5a1894e
2019-07-16 15:55:55,398 INFO  net.NodeSchemaLoader (NodeSchemaLoader.java:loadSchema(171)) - Loading network topology layer schema file
2019-07-16 15:55:55,402 INFO  node.SCMNodeManager (SCMNodeManager.java:<init>(119)) - Entering startup safe mode.
2019-07-16 15:55:55,402 WARN  server.ServerUtils (ServerUtils.java:getScmDbDir(145)) - ozone.scm.db.dirs is not configured. We recommend adding this setting. Falling back to ozone.metadata.dirs instead.
2019-07-16 15:55:55,448 INFO  pipeline.SCMPipelineManager (SCMPipelineManager.java:initializePipelineState(126)) - No pipeline exists in current db
2019-07-16 15:55:55,448 WARN  server.ServerUtils (ServerUtils.java:getScmDbDir(145)) - ozone.scm.db.dirs is not configured. We recommend adding this setting. Falling back to ozone.metadata.dirs instead.
2019-07-16 15:55:55,513 WARN  events.EventQueue (EventQueue.java:fireEvent(175)) - No event handler registered for event TypedEvent{payloadType=SafeModeStatus, name='SafeModeStatus'}
2019-07-16 15:55:55,514 INFO  ipc.CallQueueManager (CallQueueManager.java:<init>(84)) - Using callQueue: class java.util.concurrent.LinkedBlockingQueue, queueCapacity: 2000, scheduler: class org.apache.hadoop.ipc.DefaultRpcScheduler, ipcBackoff: false.
2019-07-16 15:55:55,515 INFO  ipc.Server (Server.java:run(1074)) - Starting Socket Reader #1 for port 36036
2019-07-16 15:55:55,516 INFO  ipc.CallQueueManager (CallQueueManager.java:<init>(84)) - Using callQueue: class java.util.concurrent.LinkedBlockingQueue, queueCapacity: 2000, scheduler: class org.apache.hadoop.ipc.DefaultRpcScheduler, ipcBackoff: false.
2019-07-16 15:55:55,516 INFO  ipc.Server (Server.java:run(1074)) - Starting Socket Reader #1 for port 40066
2019-07-16 15:55:55,517 INFO  ipc.CallQueueManager (CallQueueManager.java:<init>(84)) - Using callQueue: class java.util.concurrent.LinkedBlockingQueue, queueCapacity: 2000, scheduler: class org.apache.hadoop.ipc.DefaultRpcScheduler, ipcBackoff: false.
2019-07-16 15:55:55,517 INFO  ipc.Server (Server.java:run(1074)) - Starting Socket Reader #1 for port 39997
2019-07-16 15:55:55,519 INFO  hdfs.DFSUtil (DFSUtil.java:httpServerTemplateForNNAndJN(1641)) - Starting Web-server for scm at: http://0.0.0.0:0
2019-07-16 15:55:55,520 INFO  server.AuthenticationFilter (AuthenticationFilter.java:constructSecretProvider(240)) - Unable to initialize FileSignerSecretProvider, falling back to use random secrets.
2019-07-16 15:55:55,521 WARN  http.HttpRequestLog (HttpRequestLog.java:getRequestLog(97)) - Jetty request log can only be enabled using Log4j
2019-07-16 15:55:55,522 INFO  http.HttpServer2 (HttpServer2.java:addGlobalFilter(975)) - Added global filter 'safety' (class=org.apache.hadoop.http.HttpServer2$QuotingInputFilter)
2019-07-16 15:55:55,523 INFO  http.HttpServer2 (HttpServer2.java:addFilter(948)) - Added filter static_user_filter (class=org.apache.hadoop.http.lib.StaticUserWebFilter$StaticUserFilter) to context scm
2019-07-16 15:55:55,523 INFO  http.HttpServer2 (HttpServer2.java:addFilter(958)) - Added filter static_user_filter (class=org.apache.hadoop.http.lib.StaticUserWebFilter$StaticUserFilter) to context static
2019-07-16 15:55:55,523 INFO  http.HttpServer2 (HttpServer2.java:addFilter(958)) - Added filter static_user_filter (class=org.apache.hadoop.http.lib.StaticUserWebFilter$StaticUserFilter) to context logs
2019-07-16 15:55:55,525 INFO  server.StorageContainerManager (StorageContainerManager.java:start(759)) - StorageContainerLocationProtocol RPC server is listening at /0.0.0.0:39997
2019-07-16 15:55:55,527 WARN  impl.MetricsConfig (MetricsConfig.java:loadFirst(134)) - Cannot locate configuration: tried hadoop-metrics2-storagecontainermanager.properties,hadoop-metrics2.properties
2019-07-16 15:55:55,528 INFO  impl.MetricsSystemImpl (MetricsSystemImpl.java:startTimer(374)) - Scheduled Metric snapshot period at 10 second(s).
2019-07-16 15:55:55,528 INFO  impl.MetricsSystemImpl (MetricsSystemImpl.java:start(191)) - StorageContainerManager metrics system started
2019-07-16 15:55:55,545 INFO  server.SCMClientProtocolServer (SCMClientProtocolServer.java:start(149)) - RPC server for Client  is listening at /0.0.0.0:39997
2019-07-16 15:55:55,545 INFO  ipc.Server (Server.java:run(1314)) - IPC Server Responder: starting
2019-07-16 15:55:55,545 INFO  ipc.Server (Server.java:run(1153)) - IPC Server listener on 39997: starting
2019-07-16 15:55:55,548 INFO  server.StorageContainerManager (StorageContainerManager.java:start(768)) - ScmBlockLocationProtocol RPC server is listening at /0.0.0.0:40066
2019-07-16 15:55:55,548 INFO  server.SCMBlockProtocolServer (SCMBlockProtocolServer.java:start(140)) - RPC server for Block Protocol is listening at /0.0.0.0:40066
2019-07-16 15:55:55,548 INFO  ipc.Server (Server.java:run(1314)) - IPC Server Responder: starting
2019-07-16 15:55:55,548 INFO  ipc.Server (Server.java:run(1153)) - IPC Server listener on 40066: starting
2019-07-16 15:55:55,550 INFO  server.StorageContainerManager (StorageContainerManager.java:start(772)) - ScmDatanodeProtocl RPC server is listening at /0.0.0.0:36036
2019-07-16 15:55:55,551 INFO  server.SCMDatanodeProtocolServer (SCMDatanodeProtocolServer.java:start(191)) - RPC server for DataNodes is listening at /0.0.0.0:36036
2019-07-16 15:55:55,551 INFO  ipc.Server (Server.java:run(1314)) - IPC Server Responder: starting
2019-07-16 15:55:55,551 INFO  ipc.Server (Server.java:run(1153)) - IPC Server listener on 36036: starting
2019-07-16 15:55:55,553 INFO  http.HttpServer2 (HttpServer2.java:bindListener(1191)) - Jetty bound to port 38217
2019-07-16 15:55:55,553 INFO  server.Server (Server.java:doStart(351)) - jetty-9.3.24.v20180605, build timestamp: 2018-06-05T17:11:56Z, git hash: 84205aa28f11a4f31f2a3b86d1bba2cc8ab69827
2019-07-16 15:55:55,555 INFO  handler.ContextHandler (ContextHandler.java:doStart(781)) - Started o.e.j.s.ServletContextHandler@5a2529f{/logs,file:///workdir/hadoop-ozone/integration-test/target/log,AVAILABLE}
2019-07-16 15:55:55,556 INFO  handler.ContextHandler (ContextHandler.java:doStart(781)) - Started o.e.j.s.ServletContextHandler@253c79da{/static,file:///workdir/hadoop-ozone/integration-test/target/test-classes/webapps/static,AVAILABLE}
2019-07-16 15:55:55,561 INFO  handler.ContextHandler (ContextHandler.java:doStart(781)) - Started o.e.j.w.WebAppContext@2f293106{/,file:///workdir/hadoop-ozone/integration-test/target/test-classes/webapps/scm/,AVAILABLE}{/scm}
2019-07-16 15:55:55,562 INFO  server.AbstractConnector (AbstractConnector.java:doStart(278)) - Started ServerConnector@196a7811{HTTP/1.1,[http/1.1]}{0.0.0.0:38217}
2019-07-16 15:55:55,562 INFO  server.Server (Server.java:doStart(419)) - Started @17276ms
2019-07-16 15:55:55,563 INFO  server.BaseHttpServer (BaseHttpServer.java:updateConnectorAddress(207)) - HTTP server of SCM is listening at http://0.0.0.0:38217
2019-07-16 15:55:55,564 WARN  server.ServerUtils (ServerUtils.java:getDBPath(222)) - ozone.om.db.dirs is not configured. We recommend adding this setting. Falling back to ozone.metadata.dirs instead.
2019-07-16 15:55:55,564 INFO  util.JvmPauseMonitor (JvmPauseMonitor.java:run(188)) - Starting JVM pause monitor
2019-07-16 15:55:55,577 WARN  server.ServerUtils (ServerUtils.java:getDBPath(222)) - ozone.om.db.dirs is not configured. We recommend adding this setting. Falling back to ozone.metadata.dirs instead.
2019-07-16 15:55:55,578 INFO  om.OzoneManager (OzoneManager.java:setOMNodeDetails(626)) - OM Service ID is not set. Setting it to the default ID: omServiceIdDefault
2019-07-16 15:55:55,578 INFO  om.OzoneManager (OzoneManager.java:setOMNodeDetails(632)) - OM Node ID is not set. Setting it to the OmStorage's OmID: 95bd56b2-ffbf-44bb-8e49-490031a2a343
2019-07-16 15:55:55,578 INFO  om.OzoneManager (OzoneManager.java:loadOMHAConfigs(583)) - Found matching OM address with OMServiceId: null, OMNodeId: null, RPC Address: localhost:0 and Ratis port: 9872
2019-07-16 15:55:55,585 WARN  server.ServerUtils (ServerUtils.java:getDBPath(222)) - ozone.om.db.dirs is not configured. We recommend adding this setting. Falling back to ozone.metadata.dirs instead.
2019-07-16 15:55:55,586 INFO  db.DBStoreBuilder (DBStoreBuilder.java:addTable(110)) - using custom profile for table: userTable
2019-07-16 15:55:55,586 INFO  db.DBStoreBuilder (DBStoreBuilder.java:processTables(161)) - Using default column profile:DBProfile.DISK for Table:userTable
2019-07-16 15:55:55,586 INFO  db.DBStoreBuilder (DBStoreBuilder.java:addTable(110)) - using custom profile for table: volumeTable
2019-07-16 15:55:55,586 INFO  db.DBStoreBuilder (DBStoreBuilder.java:processTables(161)) - Using default column profile:DBProfile.DISK for Table:volumeTable
2019-07-16 15:55:55,586 INFO  db.DBStoreBuilder (DBStoreBuilder.java:addTable(110)) - using custom profile for table: bucketTable
2019-07-16 15:55:55,587 INFO  db.DBStoreBuilder (DBStoreBuilder.java:processTables(161)) - Using default column profile:DBProfile.DISK for Table:bucketTable
2019-07-16 15:55:55,587 INFO  db.DBStoreBuilder (DBStoreBuilder.java:addTable(110)) - using custom profile for table: keyTable
2019-07-16 15:55:55,587 INFO  db.DBStoreBuilder (DBStoreBuilder.java:processTables(161)) - Using default column profile:DBProfile.DISK for Table:keyTable
2019-07-16 15:55:55,588 INFO  db.DBStoreBuilder (DBStoreBuilder.java:addTable(110)) - using custom profile for table: deletedTable
2019-07-16 15:55:55,588 INFO  db.DBStoreBuilder (DBStoreBuilder.java:processTables(161)) - Using default column profile:DBProfile.DISK for Table:deletedTable
2019-07-16 15:55:55,588 INFO  db.DBStoreBuilder (DBStoreBuilder.java:addTable(110)) - using custom profile for table: openKeyTable
2019-07-16 15:55:55,589 INFO  db.DBStoreBuilder (DBStoreBuilder.java:processTables(161)) - Using default column profile:DBProfile.DISK for Table:openKeyTable
2019-07-16 15:55:55,589 INFO  db.DBStoreBuilder (DBStoreBuilder.java:addTable(110)) - using custom profile for table: s3Table
2019-07-16 15:55:55,589 INFO  db.DBStoreBuilder (DBStoreBuilder.java:processTables(161)) - Using default column profile:DBProfile.DISK for Table:s3Table
2019-07-16 15:55:55,589 INFO  db.DBStoreBuilder (DBStoreBuilder.java:addTable(110)) - using custom profile for table: multipartInfoTable
2019-07-16 15:55:55,589 INFO  db.DBStoreBuilder (DBStoreBuilder.java:processTables(161)) - Using default column profile:DBProfile.DISK for Table:multipartInfoTable
2019-07-16 15:55:55,589 INFO  db.DBStoreBuilder (DBStoreBuilder.java:addTable(110)) - using custom profile for table: dTokenTable
2019-07-16 15:55:55,590 INFO  db.DBStoreBuilder (DBStoreBuilder.java:processTables(161)) - Using default column profile:DBProfile.DISK for Table:dTokenTable
2019-07-16 15:55:55,590 INFO  db.DBStoreBuilder (DBStoreBuilder.java:addTable(110)) - using custom profile for table: s3SecretTable
2019-07-16 15:55:55,590 INFO  db.DBStoreBuilder (DBStoreBuilder.java:processTables(161)) - Using default column profile:DBProfile.DISK for Table:s3SecretTable
2019-07-16 15:55:55,590 INFO  db.DBStoreBuilder (DBStoreBuilder.java:addTable(110)) - using custom profile for table: prefixTable
2019-07-16 15:55:55,590 INFO  db.DBStoreBuilder (DBStoreBuilder.java:processTables(161)) - Using default column profile:DBProfile.DISK for Table:prefixTable
2019-07-16 15:55:55,590 INFO  db.DBStoreBuilder (DBStoreBuilder.java:addTable(110)) - using custom profile for table: default
2019-07-16 15:55:55,590 INFO  db.DBStoreBuilder (DBStoreBuilder.java:processTables(167)) - Using default column profile:DBProfile.DISK for Table:default
2019-07-16 15:55:55,591 INFO  db.DBStoreBuilder (DBStoreBuilder.java:getDbProfile(198)) - Using default options. DBProfile.DISK
2019-07-16 15:55:56,082 INFO  ipc.CallQueueManager (CallQueueManager.java:<init>(84)) - Using callQueue: class java.util.concurrent.LinkedBlockingQueue, queueCapacity: 2000, scheduler: class org.apache.hadoop.ipc.DefaultRpcScheduler, ipcBackoff: false.
2019-07-16 15:55:56,083 INFO  ipc.Server (Server.java:run(1074)) - Starting Socket Reader #1 for port 33741
2019-07-16 15:55:56,096 WARN  server.ServerUtils (ServerUtils.java:getDBPath(222)) - ozone.om.db.dirs is not configured. We recommend adding this setting. Falling back to ozone.metadata.dirs instead.
2019-07-16 15:55:56,096 INFO  om.OzoneManager (OzoneManager.java:start(1224)) - OzoneManager RPC server is listening at localhost/127.0.0.1:33741
2019-07-16 15:55:56,096 INFO  impl.MetricsSystemImpl (MetricsSystemImpl.java:init(158)) - OzoneManager metrics system started (again)
2019-07-16 15:55:56,097 INFO  ipc.Server (Server.java:run(1314)) - IPC Server Responder: starting
2019-07-16 15:55:56,097 INFO  ipc.Server (Server.java:run(1153)) - IPC Server listener on 33741: starting
2019-07-16 15:55:56,100 INFO  hdfs.DFSUtil (DFSUtil.java:httpServerTemplateForNNAndJN(1641)) - Starting Web-server for ozoneManager at: http://0.0.0.0:0
2019-07-16 15:55:56,102 INFO  server.AuthenticationFilter (AuthenticationFilter.java:constructSecretProvider(240)) - Unable to initialize FileSignerSecretProvider, falling back to use random secrets.
2019-07-16 15:55:56,103 WARN  http.HttpRequestLog (HttpRequestLog.java:getRequestLog(97)) - Jetty request log can only be enabled using Log4j
2019-07-16 15:55:56,105 INFO  http.HttpServer2 (HttpServer2.java:addGlobalFilter(975)) - Added global filter 'safety' (class=org.apache.hadoop.http.HttpServer2$QuotingInputFilter)
2019-07-16 15:55:56,106 INFO  http.HttpServer2 (HttpServer2.java:addFilter(948)) - Added filter static_user_filter (class=org.apache.hadoop.http.lib.StaticUserWebFilter$StaticUserFilter) to context ozoneManager
2019-07-16 15:55:56,106 INFO  http.HttpServer2 (HttpServer2.java:addFilter(958)) - Added filter static_user_filter (class=org.apache.hadoop.http.lib.StaticUserWebFilter$StaticUserFilter) to context logs
2019-07-16 15:55:56,106 INFO  http.HttpServer2 (HttpServer2.java:addFilter(958)) - Added filter static_user_filter (class=org.apache.hadoop.http.lib.StaticUserWebFilter$StaticUserFilter) to context static
2019-07-16 15:55:56,107 INFO  http.HttpServer2 (HttpServer2.java:bindListener(1191)) - Jetty bound to port 42945
2019-07-16 15:55:56,107 INFO  server.Server (Server.java:doStart(351)) - jetty-9.3.24.v20180605, build timestamp: 2018-06-05T17:11:56Z, git hash: 84205aa28f11a4f31f2a3b86d1bba2cc8ab69827
2019-07-16 15:55:56,109 INFO  handler.ContextHandler (ContextHandler.java:doStart(781)) - Started o.e.j.s.ServletContextHandler@72b3fe35{/logs,file:///workdir/hadoop-ozone/integration-test/target/log,AVAILABLE}
2019-07-16 15:55:56,110 INFO  handler.ContextHandler (ContextHandler.java:doStart(781)) - Started o.e.j.s.ServletContextHandler@68470ac{/static,file:///workdir/hadoop-ozone/integration-test/target/test-classes/webapps/static,AVAILABLE}
2019-07-16 15:55:56,114 INFO  handler.ContextHandler (ContextHandler.java:doStart(781)) - Started o.e.j.w.WebAppContext@78c8d6b4{/,file:///workdir/hadoop-ozone/integration-test/target/test-classes/webapps/ozoneManager/,AVAILABLE}{/ozoneManager}
2019-07-16 15:55:56,115 INFO  server.AbstractConnector (AbstractConnector.java:doStart(278)) - Started ServerConnector@60a3da8c{HTTP/1.1,[http/1.1]}{0.0.0.0:42945}
2019-07-16 15:55:56,115 INFO  server.Server (Server.java:doStart(419)) - Started @17829ms
2019-07-16 15:55:56,116 INFO  server.BaseHttpServer (BaseHttpServer.java:updateConnectorAddress(207)) - HTTP server of OZONEMANAGER is listening at http://0.0.0.0:42945
2019-07-16 15:55:56,128 INFO  impl.MetricsSystemImpl (MetricsSystemImpl.java:init(158)) - HddsDatanode metrics system started (again)
2019-07-16 15:55:56,128 INFO  ozone.HddsDatanodeService (HddsDatanodeService.java:start(185)) - HddsDatanodeService host:trunk-nightly-kgw5x-1882989438 ip:192.168.69.88
2019-07-16 15:55:56,134 INFO  volume.HddsVolume (HddsVolume.java:<init>(176)) - Creating Volume: /workdir/hadoop-ozone/integration-test/target/test-dir/MiniOzoneClusterImpl-ee984316-0b0c-41d7-8307-b20627a4106c/datanode-0/data/containers/hdds of  storage type : DISK and capacity : 52710309888
2019-07-16 15:55:56,134 INFO  volume.VolumeSet (VolumeSet.java:initializeVolumeSet(170)) - Added Volume : /workdir/hadoop-ozone/integration-test/target/test-dir/MiniOzoneClusterImpl-ee984316-0b0c-41d7-8307-b20627a4106c/datanode-0/data/containers/hdds to VolumeSet
2019-07-16 15:55:56,135 INFO  volume.ThrottledAsyncChecker (ThrottledAsyncChecker.java:schedule(140)) - Scheduling a check for org.apache.hadoop.ozone.container.common.volume.HddsVolume@25a34c47
2019-07-16 15:55:56,135 INFO  volume.HddsVolumeChecker (HddsVolumeChecker.java:checkAllVolumes(203)) - Scheduled health check for volume org.apache.hadoop.ozone.container.common.volume.HddsVolume@25a34c47
2019-07-16 15:55:56,151 INFO  impl.RaftServerProxy (ConfUtils.java:logGet(43)) - raft.rpc.type = GRPC (default)
2019-07-16 15:55:56,152 INFO  grpc.GrpcFactory (GrpcFactory.java:checkPooledByteBufAllocatorUseCacheForAllThreads(45)) - PERFORMANCE WARNING: useCacheForAllThreads is true that may cause Netty to create a lot garbage objects and, as a result, trigger GC.
	It is recommended to disable useCacheForAllThreads by setting -Dorg.apache.ratis.thirdparty.io.netty.allocator.useCacheForAllThreads=false in command line.
2019-07-16 15:55:56,152 INFO  grpc.GrpcConfigKeys$Server (ConfUtils.java:logGet(43)) - raft.grpc.server.port = 0 (default)
2019-07-16 15:55:56,153 INFO  server.GrpcService (ConfUtils.java:logGet(43)) - raft.grpc.message.size.max = 33570816 (custom)
2019-07-16 15:55:56,153 INFO  server.RaftServerConfigKeys (ConfUtils.java:logGet(43)) - raft.server.log.appender.buffer.byte-limit = 33554432 (custom)
2019-07-16 15:55:56,153 INFO  server.GrpcService (ConfUtils.java:logGet(43)) - raft.grpc.flow.control.window = 1MB (=1048576) (default)
2019-07-16 15:55:56,153 INFO  server.RaftServerConfigKeys (ConfUtils.java:logGet(43)) - raft.server.rpc.request.timeout = 3000ms (default)
2019-07-16 15:55:56,154 INFO  server.RaftServerConfigKeys (ConfUtils.java:logGet(43)) - raft.server.storage.dir = [/workdir/hadoop-ozone/integration-test/target/test-dir/MiniOzoneClusterImpl-ee984316-0b0c-41d7-8307-b20627a4106c/datanode-0/data/ratis] (custom)
2019-07-16 15:55:56,154 INFO  replication.SimpleContainerDownloader (SimpleContainerDownloader.java:<init>(72)) - Starting container downloader service to copy containers to replicate.
2019-07-16 15:55:56,156 INFO  hdfs.DFSUtil (DFSUtil.java:httpServerTemplateForNNAndJN(1641)) - Starting Web-server for hddsDatanode at: http://0.0.0.0:0
2019-07-16 15:55:56,159 INFO  server.AuthenticationFilter (AuthenticationFilter.java:constructSecretProvider(240)) - Unable to initialize FileSignerSecretProvider, falling back to use random secrets.
2019-07-16 15:55:56,160 WARN  http.HttpRequestLog (HttpRequestLog.java:getRequestLog(97)) - Jetty request log can only be enabled using Log4j
2019-07-16 15:55:56,163 INFO  http.HttpServer2 (HttpServer2.java:addGlobalFilter(975)) - Added global filter 'safety' (class=org.apache.hadoop.http.HttpServer2$QuotingInputFilter)
2019-07-16 15:55:56,164 INFO  http.HttpServer2 (HttpServer2.java:addFilter(948)) - Added filter static_user_filter (class=org.apache.hadoop.http.lib.StaticUserWebFilter$StaticUserFilter) to context hddsDatanode
2019-07-16 15:55:56,164 INFO  http.HttpServer2 (HttpServer2.java:addFilter(958)) - Added filter static_user_filter (class=org.apache.hadoop.http.lib.StaticUserWebFilter$StaticUserFilter) to context logs
2019-07-16 15:55:56,164 INFO  http.HttpServer2 (HttpServer2.java:addFilter(958)) - Added filter static_user_filter (class=org.apache.hadoop.http.lib.StaticUserWebFilter$StaticUserFilter) to context static
2019-07-16 15:55:56,165 INFO  http.HttpServer2 (HttpServer2.java:bindListener(1191)) - Jetty bound to port 38250
2019-07-16 15:55:56,165 INFO  server.Server (Server.java:doStart(351)) - jetty-9.3.24.v20180605, build timestamp: 2018-06-05T17:11:56Z, git hash: 84205aa28f11a4f31f2a3b86d1bba2cc8ab69827
2019-07-16 15:55:56,169 INFO  handler.ContextHandler (ContextHandler.java:doStart(781)) - Started o.e.j.s.ServletContextHandler@7aa91981{/logs,file:///workdir/hadoop-ozone/integration-test/target/log,AVAILABLE}
2019-07-16 15:55:56,170 INFO  handler.ContextHandler (ContextHandler.java:doStart(781)) - Started o.e.j.s.ServletContextHandler@78ae1bb1{/static,jar:file:/home/user/.m2/repository/org/apache/hadoop/hadoop-hdds-container-service/0.5.0-SNAPSHOT/hadoop-hdds-container-service-0.5.0-SNAPSHOT.jar!/webapps/static,AVAILABLE}
2019-07-16 15:55:56,199 INFO  handler.ContextHandler (ContextHandler.java:doStart(781)) - Started o.e.j.w.WebAppContext@dd2d96a{/,file:///tmp/jetty-0.0.0.0-38250-hddsDatanode-_-any-4919564146922366487.dir/webapp/,AVAILABLE}{/hddsDatanode}
2019-07-16 15:55:56,200 INFO  server.AbstractConnector (AbstractConnector.java:doStart(278)) - Started ServerConnector@5bb4b1c7{HTTP/1.1,[http/1.1]}{0.0.0.0:38250}
2019-07-16 15:55:56,200 INFO  server.Server (Server.java:doStart(419)) - Started @17913ms
2019-07-16 15:55:56,201 INFO  server.BaseHttpServer (BaseHttpServer.java:updateConnectorAddress(207)) - HTTP server of HDDSDATANODE is listening at http://0.0.0.0:38250
2019-07-16 15:55:56,346 INFO  ozone.HddsDatanodeService (HddsDatanodeService.java:startPlugins(396)) - Started plug-in org.apache.hadoop.ozone.web.OzoneHddsDatanodeService@1d287cbe
2019-07-16 15:55:56,347 INFO  ozone.MiniOzoneClusterImpl (MiniOzoneClusterImpl.java:lambda$waitForClusterToBeReady$0(142)) - Waiting for cluster to be ready. Got 0 of 1 DN Heartbeats.
2019-07-16 15:55:56,349 INFO  util.JvmPauseMonitor (JvmPauseMonitor.java:run(188)) - Starting JVM pause monitor
2019-07-16 15:55:56,354 INFO  datanode.InitDatanodeState (InitDatanodeState.java:persistContainerDatanodeDetails(140)) - DatanodeDetails is persisted to /workdir/hadoop-ozone/integration-test/target/test-dir/MiniOzoneClusterImpl-ee984316-0b0c-41d7-8307-b20627a4106c/datanode-0/meta/datanode.id
2019-07-16 15:55:57,348 INFO  ozone.MiniOzoneClusterImpl (MiniOzoneClusterImpl.java:lambda$waitForClusterToBeReady$0(142)) - Waiting for cluster to be ready. Got 0 of 1 DN Heartbeats.
2019-07-16 15:55:58,348 INFO  ozone.MiniOzoneClusterImpl (MiniOzoneClusterImpl.java:lambda$waitForClusterToBeReady$0(142)) - Waiting for cluster to be ready. Got 0 of 1 DN Heartbeats.
2019-07-16 15:55:58,366 INFO  ozoneimpl.OzoneContainer (OzoneContainer.java:start(186)) - Attempting to start container services.
2019-07-16 15:55:58,366 INFO  ozoneimpl.OzoneContainer (OzoneContainer.java:startContainerScrub(160)) - Background container scrubber has been disabled by hdds.containerscrub.enabled
2019-07-16 15:55:58,366 INFO  ratis.XceiverServerRatis (XceiverServerRatis.java:start(418)) - Starting XceiverServerRatis 6bea4469-3b2f-4cbb-b703-de290638cfdb at port 0
2019-07-16 15:55:58,372 INFO  impl.RaftServerProxy (RaftServerProxy.java:lambda$start$3(299)) - 6bea4469-3b2f-4cbb-b703-de290638cfdb: start RPC server
2019-07-16 15:55:58,374 INFO  server.GrpcService (GrpcService.java:startImpl(149)) - 6bea4469-3b2f-4cbb-b703-de290638cfdb: GrpcService started, listening on 0.0.0.0/0.0.0.0:45283
2019-07-16 15:55:58,374 INFO  ratis.XceiverServerRatis (XceiverServerRatis.java:start(428)) - XceiverServerRatis 6bea4469-3b2f-4cbb-b703-de290638cfdb is started using port 45283
2019-07-16 15:55:58,375 INFO  server.XceiverServerGrpc (XceiverServerGrpc.java:start(161)) - XceiverServerGrpc 6bea4469-3b2f-4cbb-b703-de290638cfdb is started using port 42129
2019-07-16 15:55:59,349 INFO  ozone.MiniOzoneClusterImpl (MiniOzoneClusterImpl.java:lambda$waitForClusterToBeReady$0(142)) - Waiting for cluster to be ready. Got 0 of 1 DN Heartbeats.
2019-07-16 15:56:00,349 INFO  ozone.MiniOzoneClusterImpl (MiniOzoneClusterImpl.java:lambda$waitForClusterToBeReady$0(142)) - Waiting for cluster to be ready. Got 0 of 1 DN Heartbeats.
2019-07-16 15:56:00,353 INFO  net.NetworkTopology (NetworkTopologyImpl.java:add(110)) - Added a new node: /default-rack/192.168.69.88
2019-07-16 15:56:00,353 INFO  node.SCMNodeManager (SCMNodeManager.java:register(269)) - Registered Data node : 6bea4469-3b2f-4cbb-b703-de290638cfdb{ip: 192.168.69.88, host: trunk-nightly-kgw5x-1882989438, networkLocation: /default-rack, certSerialId: null}
2019-07-16 15:56:00,355 INFO  safemode.SCMSafeModeManager (DataNodeSafeModeRule.java:process(71)) - SCM in safe mode. 1 DataNodes registered, 1 required.
2019-07-16 15:56:00,356 INFO  safemode.SCMSafeModeManager (SCMSafeModeManager.java:validateSafeModeExitRules(177)) - ScmSafeModeManager, all rules are successfully validated
2019-07-16 15:56:00,357 INFO  safemode.SCMSafeModeManager (SCMSafeModeManager.java:exitSafeMode(193)) - SCM exiting safe mode.
2019-07-16 15:56:00,370 INFO  impl.RaftServerProxy (RaftServerProxy.java:addNew(89)) - 6bea4469-3b2f-4cbb-b703-de290638cfdb: addNew group-22BC2319727E:[6bea4469-3b2f-4cbb-b703-de290638cfdb:192.168.69.88:45283] returns group-22BC2319727E:java.util.concurrent.CompletableFuture@29b3eba9[Not completed]
2019-07-16 15:56:00,371 INFO  impl.RaftServerImpl (RaftServerImpl.java:<init>(93)) - 6bea4469-3b2f-4cbb-b703-de290638cfdb: new RaftServerImpl for group-22BC2319727E:[6bea4469-3b2f-4cbb-b703-de290638cfdb:192.168.69.88:45283] with ContainerStateMachine:uninitialized
2019-07-16 15:56:00,372 INFO  server.RaftServerConfigKeys (ConfUtils.java:logGet(43)) - raft.server.rpc.timeout.min = 5s (custom)
2019-07-16 15:56:00,372 INFO  server.RaftServerConfigKeys (ConfUtils.java:logGet(43)) - raft.server.rpc.timeout.max = 5200ms (custom)
2019-07-16 15:56:00,372 INFO  server.RaftServerConfigKeys (ConfUtils.java:logGet(43)) - raft.server.rpcslowness.timeout = 120s (custom)
2019-07-16 15:56:00,372 INFO  server.RaftServerConfigKeys (ConfUtils.java:logGet(43)) - raft.server.sleep.deviation.threshold = 300 (default)
2019-07-16 15:56:00,372 INFO  server.RaftServerConfigKeys (ConfUtils.java:logGet(43)) - raft.server.log.appender.install.snapshot.enabled = false (custom)
2019-07-16 15:56:00,373 INFO  impl.RaftServerImpl (ServerState.java:<init>(105)) - 6bea4469-3b2f-4cbb-b703-de290638cfdb:group-22BC2319727E ConfigurationManager, init=-1: [6bea4469-3b2f-4cbb-b703-de290638cfdb:192.168.69.88:45283], old=null, confs=<EMPTY_MAP>
2019-07-16 15:56:00,373 INFO  server.RaftServerConfigKeys (ConfUtils.java:logGet(43)) - raft.server.storage.dir = [/workdir/hadoop-ozone/integration-test/target/test-dir/MiniOzoneClusterImpl-ee984316-0b0c-41d7-8307-b20627a4106c/datanode-0/data/ratis] (custom)
2019-07-16 15:56:00,373 INFO  storage.RaftStorageDirectory (RaftStorageDirectory.java:analyzeStorage(246)) - The storage directory /workdir/hadoop-ozone/integration-test/target/test-dir/MiniOzoneClusterImpl-ee984316-0b0c-41d7-8307-b20627a4106c/datanode-0/data/ratis/035b2a06-d270-4984-bb58-22bc2319727e does not exist. Creating ...
2019-07-16 15:56:00,398 INFO  storage.RaftStorageDirectory (RaftStorageDirectory.java:tryLock(328)) - Lock on /workdir/hadoop-ozone/integration-test/target/test-dir/MiniOzoneClusterImpl-ee984316-0b0c-41d7-8307-b20627a4106c/datanode-0/data/ratis/035b2a06-d270-4984-bb58-22bc2319727e/in_use.lock acquired by nodename 22166@trunk-nightly-kgw5x-1882989438
2019-07-16 15:56:00,411 INFO  storage.RaftStorage (RaftStorage.java:format(72)) - Storage directory /workdir/hadoop-ozone/integration-test/target/test-dir/MiniOzoneClusterImpl-ee984316-0b0c-41d7-8307-b20627a4106c/datanode-0/data/ratis/035b2a06-d270-4984-bb58-22bc2319727e has been successfully formatted.
2019-07-16 15:56:00,412 INFO  ratis.ContainerStateMachine (ContainerStateMachine.java:loadSnapshot(200)) - group-22BC2319727E: The snapshot info is null. Setting the last applied indexto:(t:0, i:~)
2019-07-16 15:56:00,412 INFO  server.RaftServerConfigKeys (ConfUtils.java:logGet(43)) - raft.server.leader.election.timeout = 120s (custom)
2019-07-16 15:56:00,412 INFO  server.RaftServerConfigKeys (ConfUtils.java:logGet(43)) - raft.server.log.use.memory = false (default)
2019-07-16 15:56:00,412 INFO  server.RaftServerConfigKeys (ConfUtils.java:logGet(43)) - raft.server.log.purge.gap = 1000000000 (custom)
2019-07-16 15:56:00,412 INFO  server.RaftServerConfigKeys (ConfUtils.java:logGet(43)) - raft.server.log.appender.buffer.byte-limit = 33554432 (custom)
2019-07-16 15:56:00,412 INFO  server.RaftServerConfigKeys (ConfUtils.java:logGet(43)) - raft.server.log.segment.size.max = 1048576 (custom)
2019-07-16 15:56:00,412 INFO  server.RaftServerConfigKeys (ConfUtils.java:logGet(43)) - raft.server.log.segment.cache.num.max = 2 (custom)
2019-07-16 15:56:00,413 INFO  segmented.SegmentedRaftLogWorker (SegmentedRaftLogWorker.java:<init>(172)) - new 6bea4469-3b2f-4cbb-b703-de290638cfdb-SegmentedRaftLogWorker:Storage Directory /workdir/hadoop-ozone/integration-test/target/test-dir/MiniOzoneClusterImpl-ee984316-0b0c-41d7-8307-b20627a4106c/datanode-0/data/ratis/035b2a06-d270-4984-bb58-22bc2319727e for RaftStorage:Storage Directory /workdir/hadoop-ozone/integration-test/target/test-dir/MiniOzoneClusterImpl-ee984316-0b0c-41d7-8307-b20627a4106c/datanode-0/data/ratis/035b2a06-d270-4984-bb58-22bc2319727e
2019-07-16 15:56:00,413 INFO  server.RaftServerConfigKeys (ConfUtils.java:logGet(43)) - raft.server.log.queue.byte-limit = 2147483647 (custom)
2019-07-16 15:56:00,413 INFO  server.RaftServerConfigKeys (ConfUtils.java:logGet(43)) - raft.server.log.queue.element-limit = 1024 (custom)
2019-07-16 15:56:00,413 INFO  server.RaftServerConfigKeys (ConfUtils.java:logGet(43)) - raft.server.log.segment.size.max = 1048576 (custom)
2019-07-16 15:56:00,413 INFO  server.RaftServerConfigKeys (ConfUtils.java:logGet(43)) - raft.server.log.preallocated.size = 16384 (custom)
2019-07-16 15:56:00,413 INFO  server.RaftServerConfigKeys (ConfUtils.java:logGet(43)) - raft.server.log.write.buffer.size = 33554432 (custom)
2019-07-16 15:56:00,413 INFO  server.RaftServerConfigKeys (ConfUtils.java:logGet(43)) - raft.server.log.force.sync.num = 128 (default)
2019-07-16 15:56:00,413 INFO  server.RaftServerConfigKeys (ConfUtils.java:logGet(43)) - raft.server.log.statemachine.data.sync = true (default)
2019-07-16 15:56:00,414 INFO  server.RaftServerConfigKeys (ConfUtils.java:logGet(43)) - raft.server.log.statemachine.data.sync.timeout = 10s (default)
2019-07-16 15:56:00,414 INFO  server.RaftServerConfigKeys (ConfUtils.java:logGet(43)) - raft.server.log.statemachine.data.sync.timeout.retry = -1 (default)
2019-07-16 15:56:00,414 INFO  server.RaftServerConfigKeys (ConfUtils.java:logGet(43)) - raft.server.log.statemachine.data.caching.enabled = true (custom)
2019-07-16 15:56:00,415 INFO  segmented.SegmentedRaftLogWorker (SegmentedRaftLogWorker.java:lambda$new$0(132)) - 6bea4469-3b2f-4cbb-b703-de290638cfdb-SegmentedRaftLogWorker:Storage Directory /workdir/hadoop-ozone/integration-test/target/test-dir/MiniOzoneClusterImpl-ee984316-0b0c-41d7-8307-b20627a4106c/datanode-0/data/ratis/035b2a06-d270-4984-bb58-22bc2319727e: flushIndex: setUnconditionally 0 -> -1
2019-07-16 15:56:00,415 INFO  server.RaftServerConfigKeys (ConfUtils.java:logGet(43)) - raft.server.snapshot.auto.trigger.enabled = true (custom)
2019-07-16 15:56:00,415 INFO  server.RaftServerConfigKeys (ConfUtils.java:logGet(43)) - raft.server.snapshot.auto.trigger.threshold = 10000 (custom)
2019-07-16 15:56:00,415 INFO  server.RaftServerConfigKeys (ConfUtils.java:logGet(43)) - raft.server.retrycache.expirytime = 600000ms (custom)
2019-07-16 15:56:00,415 INFO  impl.RaftServerImpl (RaftServerImpl.java:start(180)) - 6bea4469-3b2f-4cbb-b703-de290638cfdb: start group-22BC2319727E
2019-07-16 15:56:00,415 INFO  impl.RaftServerImpl (RaftServerImpl.java:setRole(171)) - 6bea4469-3b2f-4cbb-b703-de290638cfdb:group-22BC2319727E changes role from null to FOLLOWER at term 0 for startAsFollower
2019-07-16 15:56:00,416 INFO  impl.RoleInfo (RoleInfo.java:updateAndGet(143)) - 6bea4469-3b2f-4cbb-b703-de290638cfdb: start FollowerState
2019-07-16 15:56:00,416 INFO  util.JmxRegister (JmxRegister.java:tryRegister(44)) - Successfully registered JMX Bean with object name Ratis:service=RaftServer,group=group-22BC2319727E,id=6bea4469-3b2f-4cbb-b703-de290638cfdb
2019-07-16 15:56:00,423 INFO  pipeline.PipelineStateManager (PipelineStateManager.java:addPipeline(56)) - Created pipeline Pipeline[ Id: 035b2a06-d270-4984-bb58-22bc2319727e, Nodes: 6bea4469-3b2f-4cbb-b703-de290638cfdb{ip: 192.168.69.88, host: trunk-nightly-kgw5x-1882989438, networkLocation: /default-rack, certSerialId: null}, Type:RATIS, Factor:ONE, State:OPEN]
2019-07-16 15:56:01,352 INFO  ozone.MiniOzoneClusterImpl (MiniOzoneClusterImpl.java:lambda$waitForClusterToBeReady$0(142)) - Cluster is ready. Got 1 of 1 DN Heartbeats.
2019-07-16 15:56:01,492 INFO  pipeline.PipelineStateManager (PipelineStateManager.java:addPipeline(56)) - Created pipeline Pipeline[ Id: 353e0ee6-e8c4-4956-b402-9ed20fb804ae, Nodes: 6bea4469-3b2f-4cbb-b703-de290638cfdb{ip: 192.168.69.88, host: trunk-nightly-kgw5x-1882989438, networkLocation: /default-rack, certSerialId: null}, Type:STAND_ALONE, Factor:ONE, State:OPEN]
2019-07-16 15:56:01,672 INFO  keyvalue.KeyValueHandler (ContainerUtils.java:logAndReturnError(146)) - Operation: CreateContainer : Trace ID: 7e8b5e72556d36e7:7e8b5e72556d36e7:0:0 : Message: Container creation failed, due to disk out of space : Result: DISK_OUT_OF_SPACE
15:56:01.672 [grpc-default-executor-0] ERROR DNAudit - user=null | ip=null | op=WRITE_CHUNK {blockData=conID: 2 locID: 102451941321277447 bcsId: 0} | ret=FAILURE
org.apache.hadoop.hdds.scm.container.common.helpers.StorageContainerException: ContainerID 2 creation failed
	at org.apache.hadoop.ozone.container.common.impl.HddsDispatcher.dispatchRequest(HddsDispatcher.java:227) [hadoop-hdds-container-service-0.5.0-SNAPSHOT.jar:?]
	at org.apache.hadoop.ozone.container.common.impl.HddsDispatcher.dispatch(HddsDispatcher.java:148) [hadoop-hdds-container-service-0.5.0-SNAPSHOT.jar:?]
	at org.apache.hadoop.ozone.container.common.transport.server.GrpcXceiverService$1.onNext(GrpcXceiverService.java:73) [hadoop-hdds-container-service-0.5.0-SNAPSHOT.jar:?]
	at org.apache.hadoop.ozone.container.common.transport.server.GrpcXceiverService$1.onNext(GrpcXceiverService.java:61) [hadoop-hdds-container-service-0.5.0-SNAPSHOT.jar:?]
	at org.apache.ratis.thirdparty.io.grpc.stub.ServerCalls$StreamingServerCallHandler$StreamingServerCallListener.onMessage(ServerCalls.java:248) [ratis-thirdparty-misc-0.2.0.jar:0.2.0]
	at org.apache.ratis.thirdparty.io.grpc.ForwardingServerCallListener.onMessage(ForwardingServerCallListener.java:33) [ratis-thirdparty-misc-0.2.0.jar:0.2.0]
	at org.apache.ratis.thirdparty.io.grpc.Contexts$ContextualizedServerCallListener.onMessage(Contexts.java:76) [ratis-thirdparty-misc-0.2.0.jar:0.2.0]
	at org.apache.ratis.thirdparty.io.grpc.ForwardingServerCallListener.onMessage(ForwardingServerCallListener.java:33) [ratis-thirdparty-misc-0.2.0.jar:0.2.0]
	at org.apache.hadoop.hdds.tracing.GrpcServerInterceptor$1.onMessage(GrpcServerInterceptor.java:46) [hadoop-hdds-common-0.5.0-SNAPSHOT.jar:?]
	at org.apache.ratis.thirdparty.io.grpc.internal.ServerCallImpl$ServerStreamListenerImpl.messagesAvailable(ServerCallImpl.java:263) [ratis-thirdparty-misc-0.2.0.jar:0.2.0]
	at org.apache.ratis.thirdparty.io.grpc.internal.ServerImpl$JumpToApplicationThreadServerStreamListener$1MessagesAvailable.runInContext(ServerImpl.java:686) [ratis-thirdparty-misc-0.2.0.jar:0.2.0]
	at org.apache.ratis.thirdparty.io.grpc.internal.ContextRunnable.run(ContextRunnable.java:37) [ratis-thirdparty-misc-0.2.0.jar:0.2.0]
	at org.apache.ratis.thirdparty.io.grpc.internal.SerializingExecutor.run(SerializingExecutor.java:123) [ratis-thirdparty-misc-0.2.0.jar:0.2.0]
	at java.util.concurrent.ThreadPoolExecutor.runWorker(ThreadPoolExecutor.java:1149) [?:1.8.0_212]
	at java.util.concurrent.ThreadPoolExecutor$Worker.run(ThreadPoolExecutor.java:624) [?:1.8.0_212]
	at java.lang.Thread.run(Thread.java:748) [?:1.8.0_212]
2019-07-16 15:56:01,673 INFO  impl.HddsDispatcher (ContainerUtils.java:logAndReturnError(146)) - Operation: WriteChunk : Trace ID: 7e8b5e72556d36e7:7e8b5e72556d36e7:0:0 : Message: ContainerID 2 creation failed : Result: DISK_OUT_OF_SPACE
2019-07-16 15:56:01,674 ERROR storage.BlockOutputStream (BlockOutputStream.java:validateResponse(532)) - Unexpected Storage Container Exception: 
org.apache.hadoop.hdds.scm.container.common.helpers.StorageContainerException: ContainerID 2 creation failed
	at org.apache.hadoop.hdds.scm.storage.ContainerProtocolCalls.validateContainerResponse(ContainerProtocolCalls.java:536)
	at org.apache.hadoop.hdds.scm.storage.BlockOutputStream.validateResponse(BlockOutputStream.java:530)
	at org.apache.hadoop.hdds.scm.storage.BlockOutputStream.lambda$writeChunkToContainer$2(BlockOutputStream.java:607)
	at java.util.concurrent.CompletableFuture.uniApply(CompletableFuture.java:602)
	at java.util.concurrent.CompletableFuture$UniApply.tryFire(CompletableFuture.java:577)
	at java.util.concurrent.CompletableFuture$Completion.run(CompletableFuture.java:442)
	at java.util.concurrent.ThreadPoolExecutor.runWorker(ThreadPoolExecutor.java:1149)
	at java.util.concurrent.ThreadPoolExecutor$Worker.run(ThreadPoolExecutor.java:624)
	at java.lang.Thread.run(Thread.java:748)
15:56:01.676 [grpc-default-executor-1] ERROR DNAudit - user=null | ip=null | op=PUT_BLOCK {blockData=[blockId=conID: 2 locID: 102451941321277447 bcsId: 0,size=5]} | ret=FAILURE
org.apache.hadoop.hdds.scm.container.common.helpers.StorageContainerException: ContainerID 2 does not exist
	at org.apache.hadoop.ozone.container.common.impl.HddsDispatcher.dispatchRequest(HddsDispatcher.java:242) [hadoop-hdds-container-service-0.5.0-SNAPSHOT.jar:?]
	at org.apache.hadoop.ozone.container.common.impl.HddsDispatcher.dispatch(HddsDispatcher.java:148) [hadoop-hdds-container-service-0.5.0-SNAPSHOT.jar:?]
	at org.apache.hadoop.ozone.container.common.transport.server.GrpcXceiverService$1.onNext(GrpcXceiverService.java:73) [hadoop-hdds-container-service-0.5.0-SNAPSHOT.jar:?]
	at org.apache.hadoop.ozone.container.common.transport.server.GrpcXceiverService$1.onNext(GrpcXceiverService.java:61) [hadoop-hdds-container-service-0.5.0-SNAPSHOT.jar:?]
	at org.apache.ratis.thirdparty.io.grpc.stub.ServerCalls$StreamingServerCallHandler$StreamingServerCallListener.onMessage(ServerCalls.java:248) [ratis-thirdparty-misc-0.2.0.jar:0.2.0]
	at org.apache.ratis.thirdparty.io.grpc.ForwardingServerCallListener.onMessage(ForwardingServerCallListener.java:33) [ratis-thirdparty-misc-0.2.0.jar:0.2.0]
	at org.apache.ratis.thirdparty.io.grpc.Contexts$ContextualizedServerCallListener.onMessage(Contexts.java:76) [ratis-thirdparty-misc-0.2.0.jar:0.2.0]
	at org.apache.ratis.thirdparty.io.grpc.ForwardingServerCallListener.onMessage(ForwardingServerCallListener.java:33) [ratis-thirdparty-misc-0.2.0.jar:0.2.0]
	at org.apache.hadoop.hdds.tracing.GrpcServerInterceptor$1.onMessage(GrpcServerInterceptor.java:46) [hadoop-hdds-common-0.5.0-SNAPSHOT.jar:?]
	at org.apache.ratis.thirdparty.io.grpc.internal.ServerCallImpl$ServerStreamListenerImpl.messagesAvailable(ServerCallImpl.java:263) [ratis-thirdparty-misc-0.2.0.jar:0.2.0]
	at org.apache.ratis.thirdparty.io.grpc.internal.ServerImpl$JumpToApplicationThreadServerStreamListener$1MessagesAvailable.runInContext(ServerImpl.java:686) [ratis-thirdparty-misc-0.2.0.jar:0.2.0]
	at org.apache.ratis.thirdparty.io.grpc.internal.ContextRunnable.run(ContextRunnable.java:37) [ratis-thirdparty-misc-0.2.0.jar:0.2.0]
	at org.apache.ratis.thirdparty.io.grpc.internal.SerializingExecutor.run(SerializingExecutor.java:123) [ratis-thirdparty-misc-0.2.0.jar:0.2.0]
	at java.util.concurrent.ThreadPoolExecutor.runWorker(ThreadPoolExecutor.java:1149) [?:1.8.0_212]
	at java.util.concurrent.ThreadPoolExecutor$Worker.run(ThreadPoolExecutor.java:624) [?:1.8.0_212]
	at java.lang.Thread.run(Thread.java:748) [?:1.8.0_212]
2019-07-16 15:56:01,677 INFO  impl.HddsDispatcher (ContainerUtils.java:logAndReturnError(146)) - Operation: PutBlock : Trace ID: 2db03a1115f52a05:2db03a1115f52a05:0:0 : Message: ContainerID 2 does not exist : Result: CONTAINER_NOT_FOUND
]]></system-out>
    <system-err><![CDATA[Jul 16, 2019 3:55:56 PM com.sun.jersey.server.impl.application.WebApplicationImpl _initiate
INFO: Initiating Jersey application, version 'Jersey: 1.19 02/11/2015 03:25 AM'
Jul 16, 2019 3:56:01 PM com.sun.jersey.server.impl.application.WebApplicationImpl _initiate
INFO: Initiating Jersey application, version 'Jersey: 1.19 02/11/2015 03:25 AM'
]]></system-err>
  </testcase>
  <testcase name="testSCMReinitialization" classname="org.apache.hadoop.ozone.TestStorageContainerManager" time="11.311"/>
  <testcase name="testCloseContainerCommandOnRestart" classname="org.apache.hadoop.ozone.TestStorageContainerManager" time="6.467">
    <error message="Unexpected Storage Container Exception: org.apache.hadoop.hdds.scm.container.common.helpers.StorageContainerException: ContainerID 2 creation failed" type="java.io.IOException">java.io.IOException: Unexpected Storage Container Exception: org.apache.hadoop.hdds.scm.container.common.helpers.StorageContainerException: ContainerID 2 creation failed
	at org.apache.hadoop.hdds.scm.storage.BlockOutputStream.setIoException(BlockOutputStream.java:542)
	at org.apache.hadoop.hdds.scm.storage.BlockOutputStream.validateResponse(BlockOutputStream.java:533)
	at org.apache.hadoop.hdds.scm.storage.BlockOutputStream.lambda$writeChunkToContainer$2(BlockOutputStream.java:607)
	at java.util.concurrent.CompletableFuture.uniApply(CompletableFuture.java:602)
	at java.util.concurrent.CompletableFuture$UniApply.tryFire(CompletableFuture.java:577)
	at java.util.concurrent.CompletableFuture$Completion.run(CompletableFuture.java:442)
	at java.util.concurrent.ThreadPoolExecutor.runWorker(ThreadPoolExecutor.java:1149)
	at java.util.concurrent.ThreadPoolExecutor$Worker.run(ThreadPoolExecutor.java:624)
	at java.lang.Thread.run(Thread.java:748)
Caused by: org.apache.hadoop.hdds.scm.container.common.helpers.StorageContainerException: ContainerID 2 creation failed
	at org.apache.hadoop.hdds.scm.storage.ContainerProtocolCalls.validateContainerResponse(ContainerProtocolCalls.java:536)
	at org.apache.hadoop.hdds.scm.storage.BlockOutputStream.validateResponse(BlockOutputStream.java:530)
	... 7 more
</error>
    <system-out><![CDATA[2019-07-16 15:56:13,005 WARN  server.ServerUtils (ServerUtils.java:getScmDbDir(145)) - ozone.scm.db.dirs is not configured. We recommend adding this setting. Falling back to ozone.metadata.dirs instead.
2019-07-16 15:56:13,020 WARN  server.ServerUtils (ServerUtils.java:getScmDbDir(145)) - ozone.scm.db.dirs is not configured. We recommend adding this setting. Falling back to ozone.metadata.dirs instead.
2019-07-16 15:56:13,021 WARN  server.ServerUtils (ServerUtils.java:getScmDbDir(145)) - ozone.scm.db.dirs is not configured. We recommend adding this setting. Falling back to ozone.metadata.dirs instead.
2019-07-16 15:56:13,021 INFO  db.DBStoreBuilder (DBStoreBuilder.java:addTable(110)) - using custom profile for table: deletedBlocks
2019-07-16 15:56:13,021 INFO  db.DBStoreBuilder (DBStoreBuilder.java:processTables(161)) - Using default column profile:DBProfile.DISK for Table:deletedBlocks
2019-07-16 15:56:13,021 INFO  db.DBStoreBuilder (DBStoreBuilder.java:addTable(110)) - using custom profile for table: validCerts
2019-07-16 15:56:13,021 INFO  db.DBStoreBuilder (DBStoreBuilder.java:processTables(161)) - Using default column profile:DBProfile.DISK for Table:validCerts
2019-07-16 15:56:13,022 INFO  db.DBStoreBuilder (DBStoreBuilder.java:addTable(110)) - using custom profile for table: revokedCerts
2019-07-16 15:56:13,022 INFO  db.DBStoreBuilder (DBStoreBuilder.java:processTables(161)) - Using default column profile:DBProfile.DISK for Table:revokedCerts
2019-07-16 15:56:13,022 INFO  db.DBStoreBuilder (DBStoreBuilder.java:addTable(110)) - using custom profile for table: default
2019-07-16 15:56:13,022 INFO  db.DBStoreBuilder (DBStoreBuilder.java:processTables(167)) - Using default column profile:DBProfile.DISK for Table:default
2019-07-16 15:56:13,022 INFO  db.DBStoreBuilder (DBStoreBuilder.java:getDbProfile(198)) - Using default options. DBProfile.DISK
2019-07-16 15:56:13,179 INFO  net.NodeSchemaLoader (NodeSchemaLoader.java:loadSchemaFromFile(125)) - Loading file from sun.misc.CompoundEnumeration@1b9ca468
2019-07-16 15:56:13,180 INFO  net.NodeSchemaLoader (NodeSchemaLoader.java:loadSchema(171)) - Loading network topology layer schema file
2019-07-16 15:56:13,183 INFO  node.SCMNodeManager (SCMNodeManager.java:<init>(119)) - Entering startup safe mode.
2019-07-16 15:56:13,184 WARN  server.ServerUtils (ServerUtils.java:getScmDbDir(145)) - ozone.scm.db.dirs is not configured. We recommend adding this setting. Falling back to ozone.metadata.dirs instead.
2019-07-16 15:56:13,204 INFO  pipeline.SCMPipelineManager (SCMPipelineManager.java:initializePipelineState(126)) - No pipeline exists in current db
2019-07-16 15:56:13,204 WARN  server.ServerUtils (ServerUtils.java:getScmDbDir(145)) - ozone.scm.db.dirs is not configured. We recommend adding this setting. Falling back to ozone.metadata.dirs instead.
2019-07-16 15:56:13,264 WARN  events.EventQueue (EventQueue.java:fireEvent(175)) - No event handler registered for event TypedEvent{payloadType=SafeModeStatus, name='SafeModeStatus'}
2019-07-16 15:56:13,264 INFO  ipc.CallQueueManager (CallQueueManager.java:<init>(84)) - Using callQueue: class java.util.concurrent.LinkedBlockingQueue, queueCapacity: 2000, scheduler: class org.apache.hadoop.ipc.DefaultRpcScheduler, ipcBackoff: false.
2019-07-16 15:56:13,265 INFO  ipc.Server (Server.java:run(1074)) - Starting Socket Reader #1 for port 37022
2019-07-16 15:56:13,268 INFO  ipc.CallQueueManager (CallQueueManager.java:<init>(84)) - Using callQueue: class java.util.concurrent.LinkedBlockingQueue, queueCapacity: 2000, scheduler: class org.apache.hadoop.ipc.DefaultRpcScheduler, ipcBackoff: false.
2019-07-16 15:56:13,268 INFO  ipc.Server (Server.java:run(1074)) - Starting Socket Reader #1 for port 35411
2019-07-16 15:56:13,270 INFO  ipc.CallQueueManager (CallQueueManager.java:<init>(84)) - Using callQueue: class java.util.concurrent.LinkedBlockingQueue, queueCapacity: 2000, scheduler: class org.apache.hadoop.ipc.DefaultRpcScheduler, ipcBackoff: false.
2019-07-16 15:56:13,271 INFO  ipc.Server (Server.java:run(1074)) - Starting Socket Reader #1 for port 42318
2019-07-16 15:56:13,274 INFO  hdfs.DFSUtil (DFSUtil.java:httpServerTemplateForNNAndJN(1641)) - Starting Web-server for scm at: http://0.0.0.0:0
2019-07-16 15:56:13,275 INFO  server.AuthenticationFilter (AuthenticationFilter.java:constructSecretProvider(240)) - Unable to initialize FileSignerSecretProvider, falling back to use random secrets.
2019-07-16 15:56:13,276 WARN  http.HttpRequestLog (HttpRequestLog.java:getRequestLog(97)) - Jetty request log can only be enabled using Log4j
2019-07-16 15:56:13,277 INFO  http.HttpServer2 (HttpServer2.java:addGlobalFilter(975)) - Added global filter 'safety' (class=org.apache.hadoop.http.HttpServer2$QuotingInputFilter)
2019-07-16 15:56:13,278 INFO  http.HttpServer2 (HttpServer2.java:addFilter(948)) - Added filter static_user_filter (class=org.apache.hadoop.http.lib.StaticUserWebFilter$StaticUserFilter) to context scm
2019-07-16 15:56:13,278 INFO  http.HttpServer2 (HttpServer2.java:addFilter(958)) - Added filter static_user_filter (class=org.apache.hadoop.http.lib.StaticUserWebFilter$StaticUserFilter) to context static
2019-07-16 15:56:13,278 INFO  http.HttpServer2 (HttpServer2.java:addFilter(958)) - Added filter static_user_filter (class=org.apache.hadoop.http.lib.StaticUserWebFilter$StaticUserFilter) to context logs
2019-07-16 15:56:13,281 INFO  server.StorageContainerManager (StorageContainerManager.java:start(759)) - StorageContainerLocationProtocol RPC server is listening at /0.0.0.0:42318
2019-07-16 15:56:13,283 WARN  impl.MetricsConfig (MetricsConfig.java:loadFirst(134)) - Cannot locate configuration: tried hadoop-metrics2-storagecontainermanager.properties,hadoop-metrics2.properties
2019-07-16 15:56:13,284 INFO  impl.MetricsSystemImpl (MetricsSystemImpl.java:startTimer(374)) - Scheduled Metric snapshot period at 10 second(s).
2019-07-16 15:56:13,284 INFO  impl.MetricsSystemImpl (MetricsSystemImpl.java:start(191)) - StorageContainerManager metrics system started
2019-07-16 15:56:13,334 INFO  server.SCMClientProtocolServer (SCMClientProtocolServer.java:start(149)) - RPC server for Client  is listening at /0.0.0.0:42318
2019-07-16 15:56:13,334 INFO  ipc.Server (Server.java:run(1314)) - IPC Server Responder: starting
2019-07-16 15:56:13,335 INFO  ipc.Server (Server.java:run(1153)) - IPC Server listener on 42318: starting
2019-07-16 15:56:13,338 INFO  server.StorageContainerManager (StorageContainerManager.java:start(768)) - ScmBlockLocationProtocol RPC server is listening at /0.0.0.0:35411
2019-07-16 15:56:13,338 INFO  server.SCMBlockProtocolServer (SCMBlockProtocolServer.java:start(140)) - RPC server for Block Protocol is listening at /0.0.0.0:35411
2019-07-16 15:56:13,338 INFO  ipc.Server (Server.java:run(1314)) - IPC Server Responder: starting
2019-07-16 15:56:13,338 INFO  ipc.Server (Server.java:run(1153)) - IPC Server listener on 35411: starting
2019-07-16 15:56:13,342 INFO  server.StorageContainerManager (StorageContainerManager.java:start(772)) - ScmDatanodeProtocl RPC server is listening at /0.0.0.0:37022
2019-07-16 15:56:13,342 INFO  server.SCMDatanodeProtocolServer (SCMDatanodeProtocolServer.java:start(191)) - RPC server for DataNodes is listening at /0.0.0.0:37022
2019-07-16 15:56:13,342 INFO  ipc.Server (Server.java:run(1314)) - IPC Server Responder: starting
2019-07-16 15:56:13,342 INFO  ipc.Server (Server.java:run(1153)) - IPC Server listener on 37022: starting
2019-07-16 15:56:13,346 INFO  http.HttpServer2 (HttpServer2.java:bindListener(1191)) - Jetty bound to port 36543
2019-07-16 15:56:13,346 INFO  server.Server (Server.java:doStart(351)) - jetty-9.3.24.v20180605, build timestamp: 2018-06-05T17:11:56Z, git hash: 84205aa28f11a4f31f2a3b86d1bba2cc8ab69827
2019-07-16 15:56:13,348 INFO  handler.ContextHandler (ContextHandler.java:doStart(781)) - Started o.e.j.s.ServletContextHandler@2671caf8{/logs,file:///workdir/hadoop-ozone/integration-test/target/log,AVAILABLE}
2019-07-16 15:56:13,348 INFO  handler.ContextHandler (ContextHandler.java:doStart(781)) - Started o.e.j.s.ServletContextHandler@6e367b73{/static,file:///workdir/hadoop-ozone/integration-test/target/test-classes/webapps/static,AVAILABLE}
2019-07-16 15:56:13,352 INFO  handler.ContextHandler (ContextHandler.java:doStart(781)) - Started o.e.j.w.WebAppContext@708cc693{/,file:///workdir/hadoop-ozone/integration-test/target/test-classes/webapps/scm/,AVAILABLE}{/scm}
2019-07-16 15:56:13,353 INFO  server.AbstractConnector (AbstractConnector.java:doStart(278)) - Started ServerConnector@3c3f3e3{HTTP/1.1,[http/1.1]}{0.0.0.0:36543}
2019-07-16 15:56:13,353 INFO  server.Server (Server.java:doStart(419)) - Started @35067ms
2019-07-16 15:56:13,355 INFO  server.BaseHttpServer (BaseHttpServer.java:updateConnectorAddress(207)) - HTTP server of SCM is listening at http://0.0.0.0:36543
2019-07-16 15:56:13,356 WARN  server.ServerUtils (ServerUtils.java:getDBPath(222)) - ozone.om.db.dirs is not configured. We recommend adding this setting. Falling back to ozone.metadata.dirs instead.
2019-07-16 15:56:13,356 INFO  util.JvmPauseMonitor (JvmPauseMonitor.java:run(188)) - Starting JVM pause monitor
2019-07-16 15:56:13,370 WARN  server.ServerUtils (ServerUtils.java:getDBPath(222)) - ozone.om.db.dirs is not configured. We recommend adding this setting. Falling back to ozone.metadata.dirs instead.
2019-07-16 15:56:13,371 INFO  om.OzoneManager (OzoneManager.java:setOMNodeDetails(626)) - OM Service ID is not set. Setting it to the default ID: omServiceIdDefault
2019-07-16 15:56:13,371 INFO  om.OzoneManager (OzoneManager.java:setOMNodeDetails(632)) - OM Node ID is not set. Setting it to the OmStorage's OmID: 53610618-fbfe-46c5-ae1c-cc7bb70e79bb
2019-07-16 15:56:13,371 INFO  om.OzoneManager (OzoneManager.java:loadOMHAConfigs(583)) - Found matching OM address with OMServiceId: null, OMNodeId: null, RPC Address: localhost:0 and Ratis port: 9872
2019-07-16 15:56:13,380 WARN  server.ServerUtils (ServerUtils.java:getDBPath(222)) - ozone.om.db.dirs is not configured. We recommend adding this setting. Falling back to ozone.metadata.dirs instead.
2019-07-16 15:56:13,380 INFO  db.DBStoreBuilder (DBStoreBuilder.java:addTable(110)) - using custom profile for table: userTable
2019-07-16 15:56:13,381 INFO  db.DBStoreBuilder (DBStoreBuilder.java:processTables(161)) - Using default column profile:DBProfile.DISK for Table:userTable
2019-07-16 15:56:13,381 INFO  db.DBStoreBuilder (DBStoreBuilder.java:addTable(110)) - using custom profile for table: volumeTable
2019-07-16 15:56:13,381 INFO  db.DBStoreBuilder (DBStoreBuilder.java:processTables(161)) - Using default column profile:DBProfile.DISK for Table:volumeTable
2019-07-16 15:56:13,382 INFO  db.DBStoreBuilder (DBStoreBuilder.java:addTable(110)) - using custom profile for table: bucketTable
2019-07-16 15:56:13,382 INFO  db.DBStoreBuilder (DBStoreBuilder.java:processTables(161)) - Using default column profile:DBProfile.DISK for Table:bucketTable
2019-07-16 15:56:13,382 INFO  db.DBStoreBuilder (DBStoreBuilder.java:addTable(110)) - using custom profile for table: keyTable
2019-07-16 15:56:13,382 INFO  db.DBStoreBuilder (DBStoreBuilder.java:processTables(161)) - Using default column profile:DBProfile.DISK for Table:keyTable
2019-07-16 15:56:13,383 INFO  db.DBStoreBuilder (DBStoreBuilder.java:addTable(110)) - using custom profile for table: deletedTable
2019-07-16 15:56:13,383 INFO  db.DBStoreBuilder (DBStoreBuilder.java:processTables(161)) - Using default column profile:DBProfile.DISK for Table:deletedTable
2019-07-16 15:56:13,383 INFO  db.DBStoreBuilder (DBStoreBuilder.java:addTable(110)) - using custom profile for table: openKeyTable
2019-07-16 15:56:13,383 INFO  db.DBStoreBuilder (DBStoreBuilder.java:processTables(161)) - Using default column profile:DBProfile.DISK for Table:openKeyTable
2019-07-16 15:56:13,384 INFO  db.DBStoreBuilder (DBStoreBuilder.java:addTable(110)) - using custom profile for table: s3Table
2019-07-16 15:56:13,384 INFO  db.DBStoreBuilder (DBStoreBuilder.java:processTables(161)) - Using default column profile:DBProfile.DISK for Table:s3Table
2019-07-16 15:56:13,384 INFO  db.DBStoreBuilder (DBStoreBuilder.java:addTable(110)) - using custom profile for table: multipartInfoTable
2019-07-16 15:56:13,385 INFO  db.DBStoreBuilder (DBStoreBuilder.java:processTables(161)) - Using default column profile:DBProfile.DISK for Table:multipartInfoTable
2019-07-16 15:56:13,385 INFO  db.DBStoreBuilder (DBStoreBuilder.java:addTable(110)) - using custom profile for table: dTokenTable
2019-07-16 15:56:13,385 INFO  db.DBStoreBuilder (DBStoreBuilder.java:processTables(161)) - Using default column profile:DBProfile.DISK for Table:dTokenTable
2019-07-16 15:56:13,386 INFO  db.DBStoreBuilder (DBStoreBuilder.java:addTable(110)) - using custom profile for table: s3SecretTable
2019-07-16 15:56:13,386 INFO  db.DBStoreBuilder (DBStoreBuilder.java:processTables(161)) - Using default column profile:DBProfile.DISK for Table:s3SecretTable
2019-07-16 15:56:13,386 INFO  db.DBStoreBuilder (DBStoreBuilder.java:addTable(110)) - using custom profile for table: prefixTable
2019-07-16 15:56:13,387 INFO  db.DBStoreBuilder (DBStoreBuilder.java:processTables(161)) - Using default column profile:DBProfile.DISK for Table:prefixTable
2019-07-16 15:56:13,388 INFO  db.DBStoreBuilder (DBStoreBuilder.java:addTable(110)) - using custom profile for table: default
2019-07-16 15:56:13,388 INFO  db.DBStoreBuilder (DBStoreBuilder.java:processTables(167)) - Using default column profile:DBProfile.DISK for Table:default
2019-07-16 15:56:13,388 INFO  db.DBStoreBuilder (DBStoreBuilder.java:getDbProfile(198)) - Using default options. DBProfile.DISK
2019-07-16 15:56:13,876 INFO  ipc.CallQueueManager (CallQueueManager.java:<init>(84)) - Using callQueue: class java.util.concurrent.LinkedBlockingQueue, queueCapacity: 2000, scheduler: class org.apache.hadoop.ipc.DefaultRpcScheduler, ipcBackoff: false.
2019-07-16 15:56:13,876 INFO  ipc.Server (Server.java:run(1074)) - Starting Socket Reader #1 for port 39568
2019-07-16 15:56:13,890 WARN  server.ServerUtils (ServerUtils.java:getDBPath(222)) - ozone.om.db.dirs is not configured. We recommend adding this setting. Falling back to ozone.metadata.dirs instead.
2019-07-16 15:56:13,891 INFO  om.OzoneManager (OzoneManager.java:start(1224)) - OzoneManager RPC server is listening at localhost/127.0.0.1:39568
2019-07-16 15:56:13,891 INFO  impl.MetricsSystemImpl (MetricsSystemImpl.java:init(158)) - OzoneManager metrics system started (again)
2019-07-16 15:56:13,891 INFO  ipc.Server (Server.java:run(1314)) - IPC Server Responder: starting
2019-07-16 15:56:13,891 INFO  ipc.Server (Server.java:run(1153)) - IPC Server listener on 39568: starting
2019-07-16 15:56:13,897 INFO  hdfs.DFSUtil (DFSUtil.java:httpServerTemplateForNNAndJN(1641)) - Starting Web-server for ozoneManager at: http://0.0.0.0:0
2019-07-16 15:56:13,898 INFO  server.AuthenticationFilter (AuthenticationFilter.java:constructSecretProvider(240)) - Unable to initialize FileSignerSecretProvider, falling back to use random secrets.
2019-07-16 15:56:13,899 WARN  http.HttpRequestLog (HttpRequestLog.java:getRequestLog(97)) - Jetty request log can only be enabled using Log4j
2019-07-16 15:56:13,900 INFO  http.HttpServer2 (HttpServer2.java:addGlobalFilter(975)) - Added global filter 'safety' (class=org.apache.hadoop.http.HttpServer2$QuotingInputFilter)
2019-07-16 15:56:13,901 INFO  http.HttpServer2 (HttpServer2.java:addFilter(948)) - Added filter static_user_filter (class=org.apache.hadoop.http.lib.StaticUserWebFilter$StaticUserFilter) to context ozoneManager
2019-07-16 15:56:13,901 INFO  http.HttpServer2 (HttpServer2.java:addFilter(958)) - Added filter static_user_filter (class=org.apache.hadoop.http.lib.StaticUserWebFilter$StaticUserFilter) to context logs
2019-07-16 15:56:13,901 INFO  http.HttpServer2 (HttpServer2.java:addFilter(958)) - Added filter static_user_filter (class=org.apache.hadoop.http.lib.StaticUserWebFilter$StaticUserFilter) to context static
2019-07-16 15:56:13,902 INFO  http.HttpServer2 (HttpServer2.java:bindListener(1191)) - Jetty bound to port 33268
2019-07-16 15:56:13,902 INFO  server.Server (Server.java:doStart(351)) - jetty-9.3.24.v20180605, build timestamp: 2018-06-05T17:11:56Z, git hash: 84205aa28f11a4f31f2a3b86d1bba2cc8ab69827
2019-07-16 15:56:13,904 INFO  handler.ContextHandler (ContextHandler.java:doStart(781)) - Started o.e.j.s.ServletContextHandler@165554{/logs,file:///workdir/hadoop-ozone/integration-test/target/log,AVAILABLE}
2019-07-16 15:56:13,905 INFO  handler.ContextHandler (ContextHandler.java:doStart(781)) - Started o.e.j.s.ServletContextHandler@71c74c23{/static,file:///workdir/hadoop-ozone/integration-test/target/test-classes/webapps/static,AVAILABLE}
2019-07-16 15:56:13,909 INFO  handler.ContextHandler (ContextHandler.java:doStart(781)) - Started o.e.j.w.WebAppContext@3b4d2383{/,file:///workdir/hadoop-ozone/integration-test/target/test-classes/webapps/ozoneManager/,AVAILABLE}{/ozoneManager}
2019-07-16 15:56:13,909 INFO  server.AbstractConnector (AbstractConnector.java:doStart(278)) - Started ServerConnector@484bac9b{HTTP/1.1,[http/1.1]}{0.0.0.0:33268}
2019-07-16 15:56:13,911 INFO  server.Server (Server.java:doStart(419)) - Started @35624ms
2019-07-16 15:56:13,911 INFO  server.BaseHttpServer (BaseHttpServer.java:updateConnectorAddress(207)) - HTTP server of OZONEMANAGER is listening at http://0.0.0.0:33268
2019-07-16 15:56:13,915 INFO  impl.MetricsSystemImpl (MetricsSystemImpl.java:init(158)) - HddsDatanode metrics system started (again)
2019-07-16 15:56:13,915 INFO  ozone.HddsDatanodeService (HddsDatanodeService.java:start(185)) - HddsDatanodeService host:trunk-nightly-kgw5x-1882989438 ip:192.168.69.88
2019-07-16 15:56:13,927 INFO  volume.HddsVolume (HddsVolume.java:<init>(176)) - Creating Volume: /workdir/hadoop-ozone/integration-test/target/test-dir/MiniOzoneClusterImpl-c6908d8a-8b59-4de3-8a70-7a211177ff54/datanode-0/data/containers/hdds of  storage type : DISK and capacity : 52710309888
2019-07-16 15:56:13,927 INFO  volume.VolumeSet (VolumeSet.java:initializeVolumeSet(170)) - Added Volume : /workdir/hadoop-ozone/integration-test/target/test-dir/MiniOzoneClusterImpl-c6908d8a-8b59-4de3-8a70-7a211177ff54/datanode-0/data/containers/hdds to VolumeSet
2019-07-16 15:56:13,927 INFO  volume.ThrottledAsyncChecker (ThrottledAsyncChecker.java:schedule(140)) - Scheduling a check for org.apache.hadoop.ozone.container.common.volume.HddsVolume@3aac9599
2019-07-16 15:56:13,928 INFO  volume.HddsVolumeChecker (HddsVolumeChecker.java:checkAllVolumes(203)) - Scheduled health check for volume org.apache.hadoop.ozone.container.common.volume.HddsVolume@3aac9599
2019-07-16 15:56:13,944 INFO  impl.RaftServerProxy (ConfUtils.java:logGet(43)) - raft.rpc.type = GRPC (default)
2019-07-16 15:56:13,944 INFO  grpc.GrpcFactory (GrpcFactory.java:checkPooledByteBufAllocatorUseCacheForAllThreads(45)) - PERFORMANCE WARNING: useCacheForAllThreads is true that may cause Netty to create a lot garbage objects and, as a result, trigger GC.
	It is recommended to disable useCacheForAllThreads by setting -Dorg.apache.ratis.thirdparty.io.netty.allocator.useCacheForAllThreads=false in command line.
2019-07-16 15:56:13,945 INFO  grpc.GrpcConfigKeys$Server (ConfUtils.java:logGet(43)) - raft.grpc.server.port = 0 (default)
2019-07-16 15:56:13,945 INFO  server.GrpcService (ConfUtils.java:logGet(43)) - raft.grpc.message.size.max = 33570816 (custom)
2019-07-16 15:56:13,945 INFO  server.RaftServerConfigKeys (ConfUtils.java:logGet(43)) - raft.server.log.appender.buffer.byte-limit = 33554432 (custom)
2019-07-16 15:56:13,945 INFO  server.GrpcService (ConfUtils.java:logGet(43)) - raft.grpc.flow.control.window = 1MB (=1048576) (default)
2019-07-16 15:56:13,946 INFO  server.RaftServerConfigKeys (ConfUtils.java:logGet(43)) - raft.server.rpc.request.timeout = 3000ms (default)
2019-07-16 15:56:13,946 INFO  server.RaftServerConfigKeys (ConfUtils.java:logGet(43)) - raft.server.storage.dir = [/workdir/hadoop-ozone/integration-test/target/test-dir/MiniOzoneClusterImpl-c6908d8a-8b59-4de3-8a70-7a211177ff54/datanode-0/data/ratis] (custom)
2019-07-16 15:56:13,947 INFO  replication.SimpleContainerDownloader (SimpleContainerDownloader.java:<init>(72)) - Starting container downloader service to copy containers to replicate.
2019-07-16 15:56:13,948 INFO  hdfs.DFSUtil (DFSUtil.java:httpServerTemplateForNNAndJN(1641)) - Starting Web-server for hddsDatanode at: http://0.0.0.0:0
2019-07-16 15:56:13,949 INFO  server.AuthenticationFilter (AuthenticationFilter.java:constructSecretProvider(240)) - Unable to initialize FileSignerSecretProvider, falling back to use random secrets.
2019-07-16 15:56:13,950 WARN  http.HttpRequestLog (HttpRequestLog.java:getRequestLog(97)) - Jetty request log can only be enabled using Log4j
2019-07-16 15:56:13,951 INFO  http.HttpServer2 (HttpServer2.java:addGlobalFilter(975)) - Added global filter 'safety' (class=org.apache.hadoop.http.HttpServer2$QuotingInputFilter)
2019-07-16 15:56:13,951 INFO  http.HttpServer2 (HttpServer2.java:addFilter(948)) - Added filter static_user_filter (class=org.apache.hadoop.http.lib.StaticUserWebFilter$StaticUserFilter) to context hddsDatanode
2019-07-16 15:56:13,951 INFO  http.HttpServer2 (HttpServer2.java:addFilter(958)) - Added filter static_user_filter (class=org.apache.hadoop.http.lib.StaticUserWebFilter$StaticUserFilter) to context static
2019-07-16 15:56:13,952 INFO  http.HttpServer2 (HttpServer2.java:addFilter(958)) - Added filter static_user_filter (class=org.apache.hadoop.http.lib.StaticUserWebFilter$StaticUserFilter) to context logs
2019-07-16 15:56:13,952 INFO  http.HttpServer2 (HttpServer2.java:bindListener(1191)) - Jetty bound to port 39651
2019-07-16 15:56:13,952 INFO  server.Server (Server.java:doStart(351)) - jetty-9.3.24.v20180605, build timestamp: 2018-06-05T17:11:56Z, git hash: 84205aa28f11a4f31f2a3b86d1bba2cc8ab69827
2019-07-16 15:56:13,956 INFO  handler.ContextHandler (ContextHandler.java:doStart(781)) - Started o.e.j.s.ServletContextHandler@a2e82b2{/logs,file:///workdir/hadoop-ozone/integration-test/target/log,AVAILABLE}
2019-07-16 15:56:13,957 INFO  handler.ContextHandler (ContextHandler.java:doStart(781)) - Started o.e.j.s.ServletContextHandler@6fe4ce32{/static,jar:file:/home/user/.m2/repository/org/apache/hadoop/hadoop-hdds-container-service/0.5.0-SNAPSHOT/hadoop-hdds-container-service-0.5.0-SNAPSHOT.jar!/webapps/static,AVAILABLE}
2019-07-16 15:56:13,986 INFO  handler.ContextHandler (ContextHandler.java:doStart(781)) - Started o.e.j.w.WebAppContext@64eaa4bf{/,file:///tmp/jetty-0.0.0.0-39651-hddsDatanode-_-any-7186160509144840079.dir/webapp/,AVAILABLE}{/hddsDatanode}
2019-07-16 15:56:13,987 INFO  server.AbstractConnector (AbstractConnector.java:doStart(278)) - Started ServerConnector@351d1c2c{HTTP/1.1,[http/1.1]}{0.0.0.0:39651}
2019-07-16 15:56:13,988 INFO  server.Server (Server.java:doStart(419)) - Started @35701ms
2019-07-16 15:56:13,989 INFO  server.BaseHttpServer (BaseHttpServer.java:updateConnectorAddress(207)) - HTTP server of HDDSDATANODE is listening at http://0.0.0.0:39651
2019-07-16 15:56:14,123 INFO  ozone.HddsDatanodeService (HddsDatanodeService.java:startPlugins(396)) - Started plug-in org.apache.hadoop.ozone.web.OzoneHddsDatanodeService@5e2bb843
2019-07-16 15:56:14,124 INFO  ozone.MiniOzoneClusterImpl (MiniOzoneClusterImpl.java:lambda$waitForClusterToBeReady$0(142)) - Waiting for cluster to be ready. Got 0 of 1 DN Heartbeats.
2019-07-16 15:56:14,126 INFO  util.JvmPauseMonitor (JvmPauseMonitor.java:run(188)) - Starting JVM pause monitor
2019-07-16 15:56:14,128 INFO  datanode.InitDatanodeState (InitDatanodeState.java:persistContainerDatanodeDetails(140)) - DatanodeDetails is persisted to /workdir/hadoop-ozone/integration-test/target/test-dir/MiniOzoneClusterImpl-c6908d8a-8b59-4de3-8a70-7a211177ff54/datanode-0/meta/datanode.id
2019-07-16 15:56:15,124 INFO  ozone.MiniOzoneClusterImpl (MiniOzoneClusterImpl.java:lambda$waitForClusterToBeReady$0(142)) - Waiting for cluster to be ready. Got 0 of 1 DN Heartbeats.
2019-07-16 15:56:16,125 INFO  ozone.MiniOzoneClusterImpl (MiniOzoneClusterImpl.java:lambda$waitForClusterToBeReady$0(142)) - Waiting for cluster to be ready. Got 0 of 1 DN Heartbeats.
2019-07-16 15:56:16,143 INFO  ozoneimpl.OzoneContainer (OzoneContainer.java:start(186)) - Attempting to start container services.
2019-07-16 15:56:16,145 INFO  ozoneimpl.OzoneContainer (OzoneContainer.java:startContainerScrub(160)) - Background container scrubber has been disabled by hdds.containerscrub.enabled
2019-07-16 15:56:16,145 INFO  ratis.XceiverServerRatis (XceiverServerRatis.java:start(418)) - Starting XceiverServerRatis 47fdba0c-6569-4a2e-8a20-679e125453f3 at port 0
2019-07-16 15:56:16,152 INFO  impl.RaftServerProxy (RaftServerProxy.java:lambda$start$3(299)) - 47fdba0c-6569-4a2e-8a20-679e125453f3: start RPC server
2019-07-16 15:56:16,155 INFO  server.GrpcService (GrpcService.java:startImpl(149)) - 47fdba0c-6569-4a2e-8a20-679e125453f3: GrpcService started, listening on 0.0.0.0/0.0.0.0:40207
2019-07-16 15:56:16,155 INFO  ratis.XceiverServerRatis (XceiverServerRatis.java:start(428)) - XceiverServerRatis 47fdba0c-6569-4a2e-8a20-679e125453f3 is started using port 40207
2019-07-16 15:56:16,158 INFO  server.XceiverServerGrpc (XceiverServerGrpc.java:start(161)) - XceiverServerGrpc 47fdba0c-6569-4a2e-8a20-679e125453f3 is started using port 40931
2019-07-16 15:56:17,125 INFO  ozone.MiniOzoneClusterImpl (MiniOzoneClusterImpl.java:lambda$waitForClusterToBeReady$0(142)) - Waiting for cluster to be ready. Got 0 of 1 DN Heartbeats.
2019-07-16 15:56:18,126 INFO  ozone.MiniOzoneClusterImpl (MiniOzoneClusterImpl.java:lambda$waitForClusterToBeReady$0(142)) - Waiting for cluster to be ready. Got 0 of 1 DN Heartbeats.
2019-07-16 15:56:18,129 INFO  net.NetworkTopology (NetworkTopologyImpl.java:add(110)) - Added a new node: /default-rack/192.168.69.88
2019-07-16 15:56:18,131 INFO  node.SCMNodeManager (SCMNodeManager.java:register(269)) - Registered Data node : 47fdba0c-6569-4a2e-8a20-679e125453f3{ip: 192.168.69.88, host: trunk-nightly-kgw5x-1882989438, networkLocation: /default-rack, certSerialId: null}
2019-07-16 15:56:18,133 INFO  safemode.SCMSafeModeManager (DataNodeSafeModeRule.java:process(71)) - SCM in safe mode. 1 DataNodes registered, 1 required.
2019-07-16 15:56:18,134 INFO  safemode.SCMSafeModeManager (SCMSafeModeManager.java:validateSafeModeExitRules(177)) - ScmSafeModeManager, all rules are successfully validated
2019-07-16 15:56:18,134 INFO  safemode.SCMSafeModeManager (SCMSafeModeManager.java:exitSafeMode(193)) - SCM exiting safe mode.
2019-07-16 15:56:18,150 INFO  impl.RaftServerProxy (RaftServerProxy.java:addNew(89)) - 47fdba0c-6569-4a2e-8a20-679e125453f3: addNew group-12790FCA8B7E:[47fdba0c-6569-4a2e-8a20-679e125453f3:192.168.69.88:40207] returns group-12790FCA8B7E:java.util.concurrent.CompletableFuture@e384fea[Not completed]
2019-07-16 15:56:18,151 INFO  impl.RaftServerImpl (RaftServerImpl.java:<init>(93)) - 47fdba0c-6569-4a2e-8a20-679e125453f3: new RaftServerImpl for group-12790FCA8B7E:[47fdba0c-6569-4a2e-8a20-679e125453f3:192.168.69.88:40207] with ContainerStateMachine:uninitialized
2019-07-16 15:56:18,152 INFO  server.RaftServerConfigKeys (ConfUtils.java:logGet(43)) - raft.server.rpc.timeout.min = 5s (custom)
2019-07-16 15:56:18,152 INFO  server.RaftServerConfigKeys (ConfUtils.java:logGet(43)) - raft.server.rpc.timeout.max = 5200ms (custom)
2019-07-16 15:56:18,153 INFO  server.RaftServerConfigKeys (ConfUtils.java:logGet(43)) - raft.server.rpcslowness.timeout = 120s (custom)
2019-07-16 15:56:18,153 INFO  server.RaftServerConfigKeys (ConfUtils.java:logGet(43)) - raft.server.sleep.deviation.threshold = 300 (default)
2019-07-16 15:56:18,153 INFO  server.RaftServerConfigKeys (ConfUtils.java:logGet(43)) - raft.server.log.appender.install.snapshot.enabled = false (custom)
2019-07-16 15:56:18,153 INFO  impl.RaftServerImpl (ServerState.java:<init>(105)) - 47fdba0c-6569-4a2e-8a20-679e125453f3:group-12790FCA8B7E ConfigurationManager, init=-1: [47fdba0c-6569-4a2e-8a20-679e125453f3:192.168.69.88:40207], old=null, confs=<EMPTY_MAP>
2019-07-16 15:56:18,153 INFO  server.RaftServerConfigKeys (ConfUtils.java:logGet(43)) - raft.server.storage.dir = [/workdir/hadoop-ozone/integration-test/target/test-dir/MiniOzoneClusterImpl-c6908d8a-8b59-4de3-8a70-7a211177ff54/datanode-0/data/ratis] (custom)
2019-07-16 15:56:18,154 INFO  storage.RaftStorageDirectory (RaftStorageDirectory.java:analyzeStorage(246)) - The storage directory /workdir/hadoop-ozone/integration-test/target/test-dir/MiniOzoneClusterImpl-c6908d8a-8b59-4de3-8a70-7a211177ff54/datanode-0/data/ratis/fb8c2afe-3e1b-47f6-be6b-12790fca8b7e does not exist. Creating ...
2019-07-16 15:56:18,169 INFO  storage.RaftStorageDirectory (RaftStorageDirectory.java:tryLock(328)) - Lock on /workdir/hadoop-ozone/integration-test/target/test-dir/MiniOzoneClusterImpl-c6908d8a-8b59-4de3-8a70-7a211177ff54/datanode-0/data/ratis/fb8c2afe-3e1b-47f6-be6b-12790fca8b7e/in_use.lock acquired by nodename 22166@trunk-nightly-kgw5x-1882989438
2019-07-16 15:56:18,182 INFO  storage.RaftStorage (RaftStorage.java:format(72)) - Storage directory /workdir/hadoop-ozone/integration-test/target/test-dir/MiniOzoneClusterImpl-c6908d8a-8b59-4de3-8a70-7a211177ff54/datanode-0/data/ratis/fb8c2afe-3e1b-47f6-be6b-12790fca8b7e has been successfully formatted.
2019-07-16 15:56:18,182 INFO  ratis.ContainerStateMachine (ContainerStateMachine.java:loadSnapshot(200)) - group-12790FCA8B7E: The snapshot info is null. Setting the last applied indexto:(t:0, i:~)
2019-07-16 15:56:18,182 INFO  server.RaftServerConfigKeys (ConfUtils.java:logGet(43)) - raft.server.leader.election.timeout = 120s (custom)
2019-07-16 15:56:18,182 INFO  server.RaftServerConfigKeys (ConfUtils.java:logGet(43)) - raft.server.log.use.memory = false (default)
2019-07-16 15:56:18,183 INFO  server.RaftServerConfigKeys (ConfUtils.java:logGet(43)) - raft.server.log.purge.gap = 1000000000 (custom)
2019-07-16 15:56:18,183 INFO  server.RaftServerConfigKeys (ConfUtils.java:logGet(43)) - raft.server.log.appender.buffer.byte-limit = 33554432 (custom)
2019-07-16 15:56:18,183 INFO  server.RaftServerConfigKeys (ConfUtils.java:logGet(43)) - raft.server.log.segment.size.max = 1048576 (custom)
2019-07-16 15:56:18,183 INFO  server.RaftServerConfigKeys (ConfUtils.java:logGet(43)) - raft.server.log.segment.cache.num.max = 2 (custom)
2019-07-16 15:56:18,183 INFO  segmented.SegmentedRaftLogWorker (SegmentedRaftLogWorker.java:<init>(172)) - new 47fdba0c-6569-4a2e-8a20-679e125453f3-SegmentedRaftLogWorker:Storage Directory /workdir/hadoop-ozone/integration-test/target/test-dir/MiniOzoneClusterImpl-c6908d8a-8b59-4de3-8a70-7a211177ff54/datanode-0/data/ratis/fb8c2afe-3e1b-47f6-be6b-12790fca8b7e for RaftStorage:Storage Directory /workdir/hadoop-ozone/integration-test/target/test-dir/MiniOzoneClusterImpl-c6908d8a-8b59-4de3-8a70-7a211177ff54/datanode-0/data/ratis/fb8c2afe-3e1b-47f6-be6b-12790fca8b7e
2019-07-16 15:56:18,183 INFO  server.RaftServerConfigKeys (ConfUtils.java:logGet(43)) - raft.server.log.queue.byte-limit = 2147483647 (custom)
2019-07-16 15:56:18,183 INFO  server.RaftServerConfigKeys (ConfUtils.java:logGet(43)) - raft.server.log.queue.element-limit = 1024 (custom)
2019-07-16 15:56:18,184 INFO  server.RaftServerConfigKeys (ConfUtils.java:logGet(43)) - raft.server.log.segment.size.max = 1048576 (custom)
2019-07-16 15:56:18,184 INFO  server.RaftServerConfigKeys (ConfUtils.java:logGet(43)) - raft.server.log.preallocated.size = 16384 (custom)
2019-07-16 15:56:18,184 INFO  server.RaftServerConfigKeys (ConfUtils.java:logGet(43)) - raft.server.log.write.buffer.size = 33554432 (custom)
2019-07-16 15:56:18,184 INFO  server.RaftServerConfigKeys (ConfUtils.java:logGet(43)) - raft.server.log.force.sync.num = 128 (default)
2019-07-16 15:56:18,184 INFO  server.RaftServerConfigKeys (ConfUtils.java:logGet(43)) - raft.server.log.statemachine.data.sync = true (default)
2019-07-16 15:56:18,184 INFO  server.RaftServerConfigKeys (ConfUtils.java:logGet(43)) - raft.server.log.statemachine.data.sync.timeout = 10s (default)
2019-07-16 15:56:18,184 INFO  server.RaftServerConfigKeys (ConfUtils.java:logGet(43)) - raft.server.log.statemachine.data.sync.timeout.retry = -1 (default)
2019-07-16 15:56:18,185 INFO  server.RaftServerConfigKeys (ConfUtils.java:logGet(43)) - raft.server.log.statemachine.data.caching.enabled = true (custom)
2019-07-16 15:56:18,185 INFO  segmented.SegmentedRaftLogWorker (SegmentedRaftLogWorker.java:lambda$new$0(132)) - 47fdba0c-6569-4a2e-8a20-679e125453f3-SegmentedRaftLogWorker:Storage Directory /workdir/hadoop-ozone/integration-test/target/test-dir/MiniOzoneClusterImpl-c6908d8a-8b59-4de3-8a70-7a211177ff54/datanode-0/data/ratis/fb8c2afe-3e1b-47f6-be6b-12790fca8b7e: flushIndex: setUnconditionally 0 -> -1
2019-07-16 15:56:18,185 INFO  server.RaftServerConfigKeys (ConfUtils.java:logGet(43)) - raft.server.snapshot.auto.trigger.enabled = true (custom)
2019-07-16 15:56:18,185 INFO  server.RaftServerConfigKeys (ConfUtils.java:logGet(43)) - raft.server.snapshot.auto.trigger.threshold = 10000 (custom)
2019-07-16 15:56:18,186 INFO  server.RaftServerConfigKeys (ConfUtils.java:logGet(43)) - raft.server.retrycache.expirytime = 600000ms (custom)
2019-07-16 15:56:18,186 INFO  impl.RaftServerImpl (RaftServerImpl.java:start(180)) - 47fdba0c-6569-4a2e-8a20-679e125453f3: start group-12790FCA8B7E
2019-07-16 15:56:18,186 INFO  impl.RaftServerImpl (RaftServerImpl.java:setRole(171)) - 47fdba0c-6569-4a2e-8a20-679e125453f3:group-12790FCA8B7E changes role from null to FOLLOWER at term 0 for startAsFollower
2019-07-16 15:56:18,186 INFO  impl.RoleInfo (RoleInfo.java:updateAndGet(143)) - 47fdba0c-6569-4a2e-8a20-679e125453f3: start FollowerState
2019-07-16 15:56:18,187 INFO  util.JmxRegister (JmxRegister.java:tryRegister(44)) - Successfully registered JMX Bean with object name Ratis:service=RaftServer,group=group-12790FCA8B7E,id=47fdba0c-6569-4a2e-8a20-679e125453f3
2019-07-16 15:56:18,194 INFO  pipeline.PipelineStateManager (PipelineStateManager.java:addPipeline(56)) - Created pipeline Pipeline[ Id: fb8c2afe-3e1b-47f6-be6b-12790fca8b7e, Nodes: 47fdba0c-6569-4a2e-8a20-679e125453f3{ip: 192.168.69.88, host: trunk-nightly-kgw5x-1882989438, networkLocation: /default-rack, certSerialId: null}, Type:RATIS, Factor:ONE, State:OPEN]
2019-07-16 15:56:19,126 INFO  ozone.MiniOzoneClusterImpl (MiniOzoneClusterImpl.java:lambda$waitForClusterToBeReady$0(142)) - Cluster is ready. Got 1 of 1 DN Heartbeats.
2019-07-16 15:56:19,275 INFO  pipeline.PipelineStateManager (PipelineStateManager.java:addPipeline(56)) - Created pipeline Pipeline[ Id: ae96b77b-6368-40c6-865d-189bcf9bb64c, Nodes: 47fdba0c-6569-4a2e-8a20-679e125453f3{ip: 192.168.69.88, host: trunk-nightly-kgw5x-1882989438, networkLocation: /default-rack, certSerialId: null}, Type:STAND_ALONE, Factor:ONE, State:OPEN]
2019-07-16 15:56:19,448 INFO  keyvalue.KeyValueHandler (ContainerUtils.java:logAndReturnError(146)) - Operation: CreateContainer : Trace ID: 720be29a09be11ca:720be29a09be11ca:0:0 : Message: Container creation failed, due to disk out of space : Result: DISK_OUT_OF_SPACE
15:56:19.449 [grpc-default-executor-1] ERROR DNAudit - user=null | ip=null | op=WRITE_CHUNK {blockData=conID: 2 locID: 102451942486310923 bcsId: 0} | ret=FAILURE
org.apache.hadoop.hdds.scm.container.common.helpers.StorageContainerException: ContainerID 2 creation failed
	at org.apache.hadoop.ozone.container.common.impl.HddsDispatcher.dispatchRequest(HddsDispatcher.java:227) [hadoop-hdds-container-service-0.5.0-SNAPSHOT.jar:?]
	at org.apache.hadoop.ozone.container.common.impl.HddsDispatcher.dispatch(HddsDispatcher.java:148) [hadoop-hdds-container-service-0.5.0-SNAPSHOT.jar:?]
	at org.apache.hadoop.ozone.container.common.transport.server.GrpcXceiverService$1.onNext(GrpcXceiverService.java:73) [hadoop-hdds-container-service-0.5.0-SNAPSHOT.jar:?]
	at org.apache.hadoop.ozone.container.common.transport.server.GrpcXceiverService$1.onNext(GrpcXceiverService.java:61) [hadoop-hdds-container-service-0.5.0-SNAPSHOT.jar:?]
	at org.apache.ratis.thirdparty.io.grpc.stub.ServerCalls$StreamingServerCallHandler$StreamingServerCallListener.onMessage(ServerCalls.java:248) [ratis-thirdparty-misc-0.2.0.jar:0.2.0]
	at org.apache.ratis.thirdparty.io.grpc.ForwardingServerCallListener.onMessage(ForwardingServerCallListener.java:33) [ratis-thirdparty-misc-0.2.0.jar:0.2.0]
	at org.apache.ratis.thirdparty.io.grpc.Contexts$ContextualizedServerCallListener.onMessage(Contexts.java:76) [ratis-thirdparty-misc-0.2.0.jar:0.2.0]
	at org.apache.ratis.thirdparty.io.grpc.ForwardingServerCallListener.onMessage(ForwardingServerCallListener.java:33) [ratis-thirdparty-misc-0.2.0.jar:0.2.0]
	at org.apache.hadoop.hdds.tracing.GrpcServerInterceptor$1.onMessage(GrpcServerInterceptor.java:46) [hadoop-hdds-common-0.5.0-SNAPSHOT.jar:?]
	at org.apache.ratis.thirdparty.io.grpc.internal.ServerCallImpl$ServerStreamListenerImpl.messagesAvailable(ServerCallImpl.java:263) [ratis-thirdparty-misc-0.2.0.jar:0.2.0]
	at org.apache.ratis.thirdparty.io.grpc.internal.ServerImpl$JumpToApplicationThreadServerStreamListener$1MessagesAvailable.runInContext(ServerImpl.java:686) [ratis-thirdparty-misc-0.2.0.jar:0.2.0]
	at org.apache.ratis.thirdparty.io.grpc.internal.ContextRunnable.run(ContextRunnable.java:37) [ratis-thirdparty-misc-0.2.0.jar:0.2.0]
	at org.apache.ratis.thirdparty.io.grpc.internal.SerializingExecutor.run(SerializingExecutor.java:123) [ratis-thirdparty-misc-0.2.0.jar:0.2.0]
	at java.util.concurrent.ThreadPoolExecutor.runWorker(ThreadPoolExecutor.java:1149) [?:1.8.0_212]
	at java.util.concurrent.ThreadPoolExecutor$Worker.run(ThreadPoolExecutor.java:624) [?:1.8.0_212]
	at java.lang.Thread.run(Thread.java:748) [?:1.8.0_212]
2019-07-16 15:56:19,450 INFO  impl.HddsDispatcher (ContainerUtils.java:logAndReturnError(146)) - Operation: WriteChunk : Trace ID: 720be29a09be11ca:720be29a09be11ca:0:0 : Message: ContainerID 2 creation failed : Result: DISK_OUT_OF_SPACE
2019-07-16 15:56:19,451 ERROR storage.BlockOutputStream (BlockOutputStream.java:validateResponse(532)) - Unexpected Storage Container Exception: 
org.apache.hadoop.hdds.scm.container.common.helpers.StorageContainerException: ContainerID 2 creation failed
	at org.apache.hadoop.hdds.scm.storage.ContainerProtocolCalls.validateContainerResponse(ContainerProtocolCalls.java:536)
	at org.apache.hadoop.hdds.scm.storage.BlockOutputStream.validateResponse(BlockOutputStream.java:530)
	at org.apache.hadoop.hdds.scm.storage.BlockOutputStream.lambda$writeChunkToContainer$2(BlockOutputStream.java:607)
	at java.util.concurrent.CompletableFuture.uniApply(CompletableFuture.java:602)
	at java.util.concurrent.CompletableFuture$UniApply.tryFire(CompletableFuture.java:577)
	at java.util.concurrent.CompletableFuture$Completion.run(CompletableFuture.java:442)
	at java.util.concurrent.ThreadPoolExecutor.runWorker(ThreadPoolExecutor.java:1149)
	at java.util.concurrent.ThreadPoolExecutor$Worker.run(ThreadPoolExecutor.java:624)
	at java.lang.Thread.run(Thread.java:748)
15:56:19.454 [grpc-default-executor-1] ERROR DNAudit - user=null | ip=null | op=PUT_BLOCK {blockData=[blockId=conID: 2 locID: 102451942486310923 bcsId: 0,size=5]} | ret=FAILURE
org.apache.hadoop.hdds.scm.container.common.helpers.StorageContainerException: ContainerID 2 does not exist
	at org.apache.hadoop.ozone.container.common.impl.HddsDispatcher.dispatchRequest(HddsDispatcher.java:242) [hadoop-hdds-container-service-0.5.0-SNAPSHOT.jar:?]
	at org.apache.hadoop.ozone.container.common.impl.HddsDispatcher.dispatch(HddsDispatcher.java:148) [hadoop-hdds-container-service-0.5.0-SNAPSHOT.jar:?]
	at org.apache.hadoop.ozone.container.common.transport.server.GrpcXceiverService$1.onNext(GrpcXceiverService.java:73) [hadoop-hdds-container-service-0.5.0-SNAPSHOT.jar:?]
	at org.apache.hadoop.ozone.container.common.transport.server.GrpcXceiverService$1.onNext(GrpcXceiverService.java:61) [hadoop-hdds-container-service-0.5.0-SNAPSHOT.jar:?]
	at org.apache.ratis.thirdparty.io.grpc.stub.ServerCalls$StreamingServerCallHandler$StreamingServerCallListener.onMessage(ServerCalls.java:248) [ratis-thirdparty-misc-0.2.0.jar:0.2.0]
	at org.apache.ratis.thirdparty.io.grpc.ForwardingServerCallListener.onMessage(ForwardingServerCallListener.java:33) [ratis-thirdparty-misc-0.2.0.jar:0.2.0]
	at org.apache.ratis.thirdparty.io.grpc.Contexts$ContextualizedServerCallListener.onMessage(Contexts.java:76) [ratis-thirdparty-misc-0.2.0.jar:0.2.0]
	at org.apache.ratis.thirdparty.io.grpc.ForwardingServerCallListener.onMessage(ForwardingServerCallListener.java:33) [ratis-thirdparty-misc-0.2.0.jar:0.2.0]
	at org.apache.hadoop.hdds.tracing.GrpcServerInterceptor$1.onMessage(GrpcServerInterceptor.java:46) [hadoop-hdds-common-0.5.0-SNAPSHOT.jar:?]
	at org.apache.ratis.thirdparty.io.grpc.internal.ServerCallImpl$ServerStreamListenerImpl.messagesAvailable(ServerCallImpl.java:263) [ratis-thirdparty-misc-0.2.0.jar:0.2.0]
	at org.apache.ratis.thirdparty.io.grpc.internal.ServerImpl$JumpToApplicationThreadServerStreamListener$1MessagesAvailable.runInContext(ServerImpl.java:686) [ratis-thirdparty-misc-0.2.0.jar:0.2.0]
	at org.apache.ratis.thirdparty.io.grpc.internal.ContextRunnable.run(ContextRunnable.java:37) [ratis-thirdparty-misc-0.2.0.jar:0.2.0]
	at org.apache.ratis.thirdparty.io.grpc.internal.SerializingExecutor.run(SerializingExecutor.java:123) [ratis-thirdparty-misc-0.2.0.jar:0.2.0]
	at java.util.concurrent.ThreadPoolExecutor.runWorker(ThreadPoolExecutor.java:1149) [?:1.8.0_212]
	at java.util.concurrent.ThreadPoolExecutor$Worker.run(ThreadPoolExecutor.java:624) [?:1.8.0_212]
	at java.lang.Thread.run(Thread.java:748) [?:1.8.0_212]
2019-07-16 15:56:19,454 INFO  impl.HddsDispatcher (ContainerUtils.java:logAndReturnError(146)) - Operation: PutBlock : Trace ID: 6fcad4509d27b06d:6fcad4509d27b06d:0:0 : Message: ContainerID 2 does not exist : Result: CONTAINER_NOT_FOUND
]]></system-out>
    <system-err><![CDATA[Jul 16, 2019 3:56:13 PM com.sun.jersey.server.impl.application.WebApplicationImpl _initiate
INFO: Initiating Jersey application, version 'Jersey: 1.19 02/11/2015 03:25 AM'
Jul 16, 2019 3:56:19 PM com.sun.jersey.server.impl.application.WebApplicationImpl _initiate
INFO: Initiating Jersey application, version 'Jersey: 1.19 02/11/2015 03:25 AM'
]]></system-err>
  </testcase>
  <testcase name="testRpcPermission" classname="org.apache.hadoop.ozone.TestStorageContainerManager" time="34.571"/>
  <testcase name="testSCMInitializationFailure" classname="org.apache.hadoop.ozone.TestStorageContainerManager" time="0.022"/>
  <testcase name="testSCMInitialization" classname="org.apache.hadoop.ozone.TestStorageContainerManager" time="0.041"/>
  <testcase name="testScmInfo" classname="org.apache.hadoop.ozone.TestStorageContainerManager" time="0.313"/>
</testsuite>