<?xml version="1.0" encoding="UTF-8"?>
<testsuite xmlns:xsi="http://www.w3.org/2001/XMLSchema-instance" xsi:noNamespaceSchemaLocation="https://maven.apache.org/surefire/maven-surefire-plugin/xsd/surefire-test-report.xsd" name="org.apache.hadoop.ozone.client.rpc.TestBlockOutputStreamWithFailures" time="728.539" tests="8" errors="4" skipped="0" failures="1">
  <properties>
    <property name="awt.toolkit" value="sun.awt.X11.XToolkit"/>
    <property name="file.encoding.pkg" value="sun.io"/>
    <property name="java.specification.version" value="1.8"/>
    <property name="sun.cpu.isalist" value=""/>
    <property name="sun.jnu.encoding" value="UTF-8"/>
    <property name="java.class.path" value="/workdir/hadoop-ozone/integration-test/target/test-classes:/workdir/hadoop-ozone/integration-test/target/classes:/home/user/.m2/repository/org/apache/hadoop/hadoop-ozone-common/0.5.0-SNAPSHOT/hadoop-ozone-common-0.5.0-SNAPSHOT.jar:/home/user/.m2/repository/org/apache/commons/commons-compress/1.4.1/commons-compress-1.4.1.jar:/home/user/.m2/repository/org/tukaani/xz/1.0/xz-1.0.jar:/home/user/.m2/repository/org/apache/hadoop/hadoop-common/3.2.0/hadoop-common-3.2.0.jar:/home/user/.m2/repository/org/apache/hadoop/hadoop-hdfs/3.2.0/hadoop-hdfs-3.2.0.jar:/home/user/.m2/repository/org/apache/hadoop/hadoop-hdfs-client/3.2.0/hadoop-hdfs-client-3.2.0.jar:/home/user/.m2/repository/com/fasterxml/jackson/core/jackson-annotations/2.9.5/jackson-annotations-2.9.5.jar:/home/user/.m2/repository/org/apache/hadoop/hadoop-hdds-common/0.5.0-SNAPSHOT/hadoop-hdds-common-0.5.0-SNAPSHOT.jar:/home/user/.m2/repository/javax/annotation/javax.annotation-api/1.2/javax.annotation-api-1.2.jar:/home/user/.m2/repository/org/apache/ratis/ratis-server/0.4.0-2337318-SNAPSHOT/ratis-server-0.4.0-2337318-SNAPSHOT.jar:/home/user/.m2/repository/org/apache/ratis/ratis-thirdparty-misc/0.2.0/ratis-thirdparty-misc-0.2.0.jar:/home/user/.m2/repository/org/apache/ratis/ratis-proto/0.4.0-2337318-SNAPSHOT/ratis-proto-0.4.0-2337318-SNAPSHOT.jar:/home/user/.m2/repository/org/apache/ratis/ratis-common/0.4.0-2337318-SNAPSHOT/ratis-common-0.4.0-2337318-SNAPSHOT.jar:/home/user/.m2/repository/org/apache/ratis/ratis-client/0.4.0-2337318-SNAPSHOT/ratis-client-0.4.0-2337318-SNAPSHOT.jar:/home/user/.m2/repository/org/apache/ratis/ratis-metrics/0.4.0-2337318-SNAPSHOT/ratis-metrics-0.4.0-2337318-SNAPSHOT.jar:/home/user/.m2/repository/org/apache/ratis/ratis-netty/0.4.0-2337318-SNAPSHOT/ratis-netty-0.4.0-2337318-SNAPSHOT.jar:/home/user/.m2/repository/org/apache/ratis/ratis-grpc/0.4.0-2337318-SNAPSHOT/ratis-grpc-0.4.0-2337318-SNAPSHOT.jar:/home/user/.m2/repository/org/rocksdb/rocksdbjni/6.0.1/rocksdbjni-6.0.1.jar:/home/user/.m2/repository/org/apache/logging/log4j/log4j-api/2.11.0/log4j-api-2.11.0.jar:/home/user/.m2/repository/org/apache/logging/log4j/log4j-core/2.11.0/log4j-core-2.11.0.jar:/home/user/.m2/repository/com/lmax/disruptor/3.4.2/disruptor-3.4.2.jar:/home/user/.m2/repository/org/apache/commons/commons-pool2/2.6.0/commons-pool2-2.6.0.jar:/home/user/.m2/repository/org/bouncycastle/bcpkix-jdk15on/1.60/bcpkix-jdk15on-1.60.jar:/home/user/.m2/repository/commons-validator/commons-validator/1.6/commons-validator-1.6.jar:/home/user/.m2/repository/commons-digester/commons-digester/1.8.1/commons-digester-1.8.1.jar:/home/user/.m2/repository/io/jaegertracing/jaeger-client/0.33.1/jaeger-client-0.33.1.jar:/home/user/.m2/repository/io/jaegertracing/jaeger-thrift/0.33.1/jaeger-thrift-0.33.1.jar:/home/user/.m2/repository/org/apache/thrift/libthrift/0.11.0/libthrift-0.11.0.jar:/home/user/.m2/repository/com/squareup/okhttp3/okhttp/3.9.0/okhttp-3.9.0.jar:/home/user/.m2/repository/com/squareup/okio/okio/1.13.0/okio-1.13.0.jar:/home/user/.m2/repository/io/jaegertracing/jaeger-core/0.33.1/jaeger-core-0.33.1.jar:/home/user/.m2/repository/io/jaegertracing/jaeger-tracerresolver/0.33.1/jaeger-tracerresolver-0.33.1.jar:/home/user/.m2/repository/io/opentracing/contrib/opentracing-tracerresolver/0.1.5/opentracing-tracerresolver-0.1.5.jar:/home/user/.m2/repository/io/opentracing/opentracing-util/0.31.0/opentracing-util-0.31.0.jar:/home/user/.m2/repository/io/opentracing/opentracing-api/0.31.0/opentracing-api-0.31.0.jar:/home/user/.m2/repository/io/opentracing/opentracing-noop/0.31.0/opentracing-noop-0.31.0.jar:/home/user/.m2/repository/org/apache/hadoop/hadoop-hdds-server-framework/0.5.0-SNAPSHOT/hadoop-hdds-server-framework-0.5.0-SNAPSHOT.jar:/home/user/.m2/repository/org/apache/hadoop/hadoop-hdds-container-service/0.5.0-SNAPSHOT/hadoop-hdds-container-service-0.5.0-SNAPSHOT.jar:/home/user/.m2/repository/org/apache/hadoop/hadoop-hdds-client/0.5.0-SNAPSHOT/hadoop-hdds-client-0.5.0-SNAPSHOT.jar:/home/user/.m2/repository/org/apache/hadoop/hadoop-hdds-tools/0.5.0-SNAPSHOT/hadoop-hdds-tools-0.5.0-SNAPSHOT.jar:/home/user/.m2/repository/org/apache/hadoop/hadoop-hdds-server-scm/0.5.0-SNAPSHOT/hadoop-hdds-server-scm-0.5.0-SNAPSHOT.jar:/home/user/.m2/repository/org/apache/hadoop/hadoop-hdds-docs/0.5.0-SNAPSHOT/hadoop-hdds-docs-0.5.0-SNAPSHOT.jar:/home/user/.m2/repository/io/dropwizard/metrics/metrics-core/3.2.4/metrics-core-3.2.4.jar:/home/user/.m2/repository/org/hamcrest/hamcrest-all/1.3/hamcrest-all-1.3.jar:/home/user/.m2/repository/org/bouncycastle/bcprov-jdk15on/1.60/bcprov-jdk15on-1.60.jar:/home/user/.m2/repository/info/picocli/picocli/3.9.6/picocli-3.9.6.jar:/home/user/.m2/repository/com/google/protobuf/protobuf-java/2.5.0/protobuf-java-2.5.0.jar:/home/user/.m2/repository/com/google/guava/guava/11.0.2/guava-11.0.2.jar:/home/user/.m2/repository/org/apache/hadoop/hadoop-ozone-ozone-manager/0.5.0-SNAPSHOT/hadoop-ozone-ozone-manager-0.5.0-SNAPSHOT.jar:/home/user/.m2/repository/org/apache/hadoop/hadoop-minikdc/3.2.0/hadoop-minikdc-3.2.0.jar:/home/user/.m2/repository/commons-io/commons-io/2.5/commons-io-2.5.jar:/home/user/.m2/repository/org/apache/kerby/kerb-simplekdc/1.0.1/kerb-simplekdc-1.0.1.jar:/home/user/.m2/repository/org/apache/kerby/kerb-client/1.0.1/kerb-client-1.0.1.jar:/home/user/.m2/repository/org/apache/kerby/kerby-config/1.0.1/kerby-config-1.0.1.jar:/home/user/.m2/repository/org/apache/kerby/kerb-core/1.0.1/kerb-core-1.0.1.jar:/home/user/.m2/repository/org/apache/kerby/kerby-pkix/1.0.1/kerby-pkix-1.0.1.jar:/home/user/.m2/repository/org/apache/kerby/kerby-asn1/1.0.1/kerby-asn1-1.0.1.jar:/home/user/.m2/repository/org/apache/kerby/kerby-util/1.0.1/kerby-util-1.0.1.jar:/home/user/.m2/repository/org/apache/kerby/kerb-common/1.0.1/kerb-common-1.0.1.jar:/home/user/.m2/repository/org/apache/kerby/kerb-crypto/1.0.1/kerb-crypto-1.0.1.jar:/home/user/.m2/repository/org/apache/kerby/kerb-util/1.0.1/kerb-util-1.0.1.jar:/home/user/.m2/repository/org/apache/kerby/token-provider/1.0.1/token-provider-1.0.1.jar:/home/user/.m2/repository/org/apache/kerby/kerb-admin/1.0.1/kerb-admin-1.0.1.jar:/home/user/.m2/repository/org/apache/kerby/kerb-server/1.0.1/kerb-server-1.0.1.jar:/home/user/.m2/repository/org/apache/kerby/kerb-identity/1.0.1/kerb-identity-1.0.1.jar:/home/user/.m2/repository/org/apache/kerby/kerby-xdr/1.0.1/kerby-xdr-1.0.1.jar:/home/user/.m2/repository/org/slf4j/slf4j-log4j12/1.7.25/slf4j-log4j12-1.7.25.jar:/home/user/.m2/repository/org/apache/hadoop/hadoop-ozone-objectstore-service/0.5.0-SNAPSHOT/hadoop-ozone-objectstore-service-0.5.0-SNAPSHOT.jar:/home/user/.m2/repository/org/apache/hadoop/hadoop-ozone-s3gateway/0.5.0-SNAPSHOT/hadoop-ozone-s3gateway-0.5.0-SNAPSHOT.jar:/home/user/.m2/repository/org/jboss/weld/servlet/weld-servlet/2.4.7.Final/weld-servlet-2.4.7.Final.jar:/home/user/.m2/repository/org/glassfish/jersey/containers/jersey-container-servlet-core/2.27/jersey-container-servlet-core-2.27.jar:/home/user/.m2/repository/org/glassfish/hk2/external/javax.inject/2.5.0-b42/javax.inject-2.5.0-b42.jar:/home/user/.m2/repository/org/glassfish/jersey/core/jersey-common/2.27/jersey-common-2.27.jar:/home/user/.m2/repository/org/glassfish/hk2/osgi-resource-locator/1.0.1/osgi-resource-locator-1.0.1.jar:/home/user/.m2/repository/javax/ws/rs/javax.ws.rs-api/2.1/javax.ws.rs-api-2.1.jar:/home/user/.m2/repository/org/glassfish/jersey/ext/cdi/jersey-cdi1x/2.27/jersey-cdi1x-2.27.jar:/home/user/.m2/repository/org/glassfish/jersey/inject/jersey-hk2/2.27/jersey-hk2-2.27.jar:/home/user/.m2/repository/org/glassfish/hk2/hk2-locator/2.5.0-b42/hk2-locator-2.5.0-b42.jar:/home/user/.m2/repository/org/javassist/javassist/3.22.0-CR2/javassist-3.22.0-CR2.jar:/home/user/.m2/repository/org/glassfish/hk2/hk2-api/2.5.0/hk2-api-2.5.0.jar:/home/user/.m2/repository/org/glassfish/hk2/external/jakarta.inject/2.5.0/jakarta.inject-2.5.0.jar:/home/user/.m2/repository/org/glassfish/hk2/hk2-utils/2.5.0/hk2-utils-2.5.0.jar:/home/user/.m2/repository/jakarta/annotation/jakarta.annotation-api/1.3.4/jakarta.annotation-api-1.3.4.jar:/home/user/.m2/repository/org/glassfish/hk2/external/aopalliance-repackaged/2.5.0/aopalliance-repackaged-2.5.0.jar:/home/user/.m2/repository/com/fasterxml/jackson/dataformat/jackson-dataformat-xml/2.9.0/jackson-dataformat-xml-2.9.0.jar:/home/user/.m2/repository/com/fasterxml/jackson/core/jackson-core/2.9.5/jackson-core-2.9.5.jar:/home/user/.m2/repository/com/fasterxml/jackson/module/jackson-module-jaxb-annotations/2.9.5/jackson-module-jaxb-annotations-2.9.5.jar:/home/user/.m2/repository/javax/enterprise/cdi-api/1.2/cdi-api-1.2.jar:/home/user/.m2/repository/javax/el/javax.el-api/3.0.0/javax.el-api-3.0.0.jar:/home/user/.m2/repository/javax/interceptor/javax.interceptor-api/1.2/javax.interceptor-api-1.2.jar:/home/user/.m2/repository/javax/inject/javax.inject/1/javax.inject-1.jar:/home/user/.m2/repository/com/sun/xml/bind/jaxb-impl/2.3.0.1/jaxb-impl-2.3.0.1.jar:/home/user/.m2/repository/com/sun/xml/bind/jaxb-core/2.3.0.1/jaxb-core-2.3.0.1.jar:/home/user/.m2/repository/javax/xml/bind/jaxb-api/2.3.0/jaxb-api-2.3.0.jar:/home/user/.m2/repository/javax/activation/activation/1.1.1/activation-1.1.1.jar:/home/user/.m2/repository/org/apache/hadoop/hadoop-ozone-csi/0.5.0-SNAPSHOT/hadoop-ozone-csi-0.5.0-SNAPSHOT.jar:/home/user/.m2/repository/com/google/protobuf/protobuf-java-util/3.5.1/protobuf-java-util-3.5.1.jar:/home/user/.m2/repository/org/apache/hadoop/hadoop-hdds-config/0.5.0-SNAPSHOT/hadoop-hdds-config-0.5.0-SNAPSHOT.jar:/home/user/.m2/repository/io/grpc/grpc-netty/1.17.1/grpc-netty-1.17.1.jar:/home/user/.m2/repository/io/grpc/grpc-core/1.17.1/grpc-core-1.17.1.jar:/home/user/.m2/repository/io/grpc/grpc-context/1.17.1/grpc-context-1.17.1.jar:/home/user/.m2/repository/com/google/errorprone/error_prone_annotations/2.2.0/error_prone_annotations-2.2.0.jar:/home/user/.m2/repository/org/codehaus/mojo/animal-sniffer-annotations/1.17/animal-sniffer-annotations-1.17.jar:/home/user/.m2/repository/io/opencensus/opencensus-api/0.17.0/opencensus-api-0.17.0.jar:/home/user/.m2/repository/io/opencensus/opencensus-contrib-grpc-metrics/0.17.0/opencensus-contrib-grpc-metrics-0.17.0.jar:/home/user/.m2/repository/io/netty/netty-codec-http2/4.1.30.Final/netty-codec-http2-4.1.30.Final.jar:/home/user/.m2/repository/io/netty/netty-codec-http/4.1.30.Final/netty-codec-http-4.1.30.Final.jar:/home/user/.m2/repository/io/netty/netty-codec/4.1.30.Final/netty-codec-4.1.30.Final.jar:/home/user/.m2/repository/io/netty/netty-handler/4.1.30.Final/netty-handler-4.1.30.Final.jar:/home/user/.m2/repository/io/netty/netty-handler-proxy/4.1.30.Final/netty-handler-proxy-4.1.30.Final.jar:/home/user/.m2/repository/io/netty/netty-codec-socks/4.1.30.Final/netty-codec-socks-4.1.30.Final.jar:/home/user/.m2/repository/io/netty/netty-transport-native-epoll/4.1.30.Final/netty-transport-native-epoll-4.1.30.Final.jar:/home/user/.m2/repository/io/netty/netty-common/4.1.30.Final/netty-common-4.1.30.Final.jar:/home/user/.m2/repository/io/netty/netty-buffer/4.1.30.Final/netty-buffer-4.1.30.Final.jar:/home/user/.m2/repository/io/netty/netty-transport/4.1.30.Final/netty-transport-4.1.30.Final.jar:/home/user/.m2/repository/io/netty/netty-resolver/4.1.30.Final/netty-resolver-4.1.30.Final.jar:/home/user/.m2/repository/io/netty/netty-transport-native-unix-common/4.1.30.Final/netty-transport-native-unix-common-4.1.30.Final.jar:/home/user/.m2/repository/io/grpc/grpc-protobuf/1.17.1/grpc-protobuf-1.17.1.jar:/home/user/.m2/repository/com/google/api/grpc/proto-google-common-protos/1.0.0/proto-google-common-protos-1.0.0.jar:/home/user/.m2/repository/io/grpc/grpc-protobuf-lite/1.17.1/grpc-protobuf-lite-1.17.1.jar:/home/user/.m2/repository/io/grpc/grpc-stub/1.17.1/grpc-stub-1.17.1.jar:/home/user/.m2/repository/org/apache/hadoop/hadoop-ozone-recon/0.5.0-SNAPSHOT/hadoop-ozone-recon-0.5.0-SNAPSHOT.jar:/home/user/.m2/repository/org/apache/hadoop/hadoop-ozone-reconcodegen/0.5.0-SNAPSHOT/hadoop-ozone-reconcodegen-0.5.0-SNAPSHOT.jar:/home/user/.m2/repository/com/google/inject/extensions/guice-multibindings/4.0/guice-multibindings-4.0.jar:/home/user/.m2/repository/com/google/inject/guice/4.0/guice-4.0.jar:/home/user/.m2/repository/aopalliance/aopalliance/1.0/aopalliance-1.0.jar:/home/user/.m2/repository/com/google/inject/extensions/guice-servlet/4.0/guice-servlet-4.0.jar:/home/user/.m2/repository/org/glassfish/jersey/containers/jersey-container-servlet/2.27/jersey-container-servlet-2.27.jar:/home/user/.m2/repository/org/glassfish/hk2/guice-bridge/2.5.0/guice-bridge-2.5.0.jar:/home/user/.m2/repository/org/glassfish/jersey/core/jersey-server/2.27/jersey-server-2.27.jar:/home/user/.m2/repository/org/glassfish/jersey/core/jersey-client/2.27/jersey-client-2.27.jar:/home/user/.m2/repository/org/glassfish/jersey/media/jersey-media-jaxb/2.27/jersey-media-jaxb-2.27.jar:/home/user/.m2/repository/javax/validation/validation-api/1.1.0.Final/validation-api-1.1.0.Final.jar:/home/user/.m2/repository/org/glassfish/jersey/media/jersey-media-json-jackson/2.27/jersey-media-json-jackson-2.27.jar:/home/user/.m2/repository/org/glassfish/jersey/ext/jersey-entity-filtering/2.27/jersey-entity-filtering-2.27.jar:/home/user/.m2/repository/com/google/inject/extensions/guice-assistedinject/4.0/guice-assistedinject-4.0.jar:/home/user/.m2/repository/org/jooq/jooq/3.11.10/jooq-3.11.10.jar:/home/user/.m2/repository/org/jooq/jooq-meta/3.11.10/jooq-meta-3.11.10.jar:/home/user/.m2/repository/org/jooq/jooq-codegen/3.11.10/jooq-codegen-3.11.10.jar:/home/user/.m2/repository/com/jolbox/bonecp/0.8.0.RELEASE/bonecp-0.8.0.RELEASE.jar:/home/user/.m2/repository/org/xerial/sqlite-jdbc/3.25.2/sqlite-jdbc-3.25.2.jar:/home/user/.m2/repository/org/springframework/spring-jdbc/5.1.3.RELEASE/spring-jdbc-5.1.3.RELEASE.jar:/home/user/.m2/repository/org/springframework/spring-beans/5.1.3.RELEASE/spring-beans-5.1.3.RELEASE.jar:/home/user/.m2/repository/org/springframework/spring-core/5.1.3.RELEASE/spring-core-5.1.3.RELEASE.jar:/home/user/.m2/repository/org/springframework/spring-jcl/5.1.3.RELEASE/spring-jcl-5.1.3.RELEASE.jar:/home/user/.m2/repository/org/springframework/spring-tx/5.1.3.RELEASE/spring-tx-5.1.3.RELEASE.jar:/home/user/.m2/repository/org/apache/hadoop/hadoop-ozone-client/0.5.0-SNAPSHOT/hadoop-ozone-client-0.5.0-SNAPSHOT.jar:/home/user/.m2/repository/commons-lang/commons-lang/2.6/commons-lang-2.6.jar:/home/user/.m2/repository/org/apache/hadoop/hadoop-ozone-ozone-manager/0.5.0-SNAPSHOT/hadoop-ozone-ozone-manager-0.5.0-SNAPSHOT-tests.jar:/home/user/.m2/repository/junit/junit/4.11/junit-4.11.jar:/home/user/.m2/repository/org/hamcrest/hamcrest-core/1.3/hamcrest-core-1.3.jar:/home/user/.m2/repository/org/openjdk/jmh/jmh-core/1.19/jmh-core-1.19.jar:/home/user/.m2/repository/net/sf/jopt-simple/jopt-simple/4.6/jopt-simple-4.6.jar:/home/user/.m2/repository/org/apache/commons/commons-math3/3.1.1/commons-math3-3.1.1.jar:/home/user/.m2/repository/org/openjdk/jmh/jmh-generator-annprocess/1.19/jmh-generator-annprocess-1.19.jar:/home/user/.m2/repository/org/mockito/mockito-all/1.8.5/mockito-all-1.8.5.jar:/home/user/.m2/repository/org/apache/hadoop/hadoop-kms/3.2.0/hadoop-kms-3.2.0.jar:/home/user/.m2/repository/org/apache/hadoop/hadoop-auth/3.2.0/hadoop-auth-3.2.0.jar:/home/user/.m2/repository/com/nimbusds/nimbus-jose-jwt/4.41.1/nimbus-jose-jwt-4.41.1.jar:/home/user/.m2/repository/com/github/stephenc/jcip/jcip-annotations/1.0-1/jcip-annotations-1.0-1.jar:/home/user/.m2/repository/net/minidev/json-smart/2.3/json-smart-2.3.jar:/home/user/.m2/repository/net/minidev/accessors-smart/1.2/accessors-smart-1.2.jar:/home/user/.m2/repository/org/ow2/asm/asm/5.0.4/asm-5.0.4.jar:/home/user/.m2/repository/org/apache/curator/curator-framework/2.12.0/curator-framework-2.12.0.jar:/home/user/.m2/repository/com/sun/jersey/jersey-core/1.19/jersey-core-1.19.jar:/home/user/.m2/repository/javax/ws/rs/jsr311-api/1.1.1/jsr311-api-1.1.1.jar:/home/user/.m2/repository/com/sun/jersey/jersey-server/1.19/jersey-server-1.19.jar:/home/user/.m2/repository/javax/servlet/javax.servlet-api/3.1.0/javax.servlet-api-3.1.0.jar:/home/user/.m2/repository/org/eclipse/jetty/jetty-server/9.3.24.v20180605/jetty-server-9.3.24.v20180605.jar:/home/user/.m2/repository/org/eclipse/jetty/jetty-http/9.3.24.v20180605/jetty-http-9.3.24.v20180605.jar:/home/user/.m2/repository/org/eclipse/jetty/jetty-io/9.3.24.v20180605/jetty-io-9.3.24.v20180605.jar:/home/user/.m2/repository/org/eclipse/jetty/jetty-webapp/9.3.24.v20180605/jetty-webapp-9.3.24.v20180605.jar:/home/user/.m2/repository/org/eclipse/jetty/jetty-xml/9.3.24.v20180605/jetty-xml-9.3.24.v20180605.jar:/home/user/.m2/repository/log4j/log4j/1.2.17/log4j-1.2.17.jar:/home/user/.m2/repository/org/slf4j/slf4j-api/1.7.25/slf4j-api-1.7.25.jar:/home/user/.m2/repository/org/slf4j/jul-to-slf4j/1.7.25/jul-to-slf4j-1.7.25.jar:/home/user/.m2/repository/org/eclipse/jetty/jetty-util/9.3.24.v20180605/jetty-util-9.3.24.v20180605.jar:/home/user/.m2/repository/com/fasterxml/jackson/core/jackson-databind/2.9.5/jackson-databind-2.9.5.jar:/home/user/.m2/repository/org/apache/hadoop/hadoop-kms/3.2.0/hadoop-kms-3.2.0-tests.jar:/home/user/.m2/repository/org/apache/hadoop/hadoop-hdds-server-scm/0.5.0-SNAPSHOT/hadoop-hdds-server-scm-0.5.0-SNAPSHOT-tests.jar:/home/user/.m2/repository/org/apache/hadoop/hadoop-hdds-container-service/0.5.0-SNAPSHOT/hadoop-hdds-container-service-0.5.0-SNAPSHOT-tests.jar:/home/user/.m2/repository/org/yaml/snakeyaml/1.16/snakeyaml-1.16.jar:/home/user/.m2/repository/org/apache/hadoop/hadoop-common/3.2.0/hadoop-common-3.2.0-tests.jar:/home/user/.m2/repository/org/apache/hadoop/hadoop-annotations/3.2.0/hadoop-annotations-3.2.0.jar:/usr/lib/jvm/java-1.8-openjdk/jre/../lib/tools.jar:/home/user/.m2/repository/commons-cli/commons-cli/1.2/commons-cli-1.2.jar:/home/user/.m2/repository/org/apache/httpcomponents/httpclient/4.5.2/httpclient-4.5.2.jar:/home/user/.m2/repository/org/apache/httpcomponents/httpcore/4.4.4/httpcore-4.4.4.jar:/home/user/.m2/repository/commons-codec/commons-codec/1.11/commons-codec-1.11.jar:/home/user/.m2/repository/commons-net/commons-net/3.6/commons-net-3.6.jar:/home/user/.m2/repository/commons-collections/commons-collections/3.2.2/commons-collections-3.2.2.jar:/home/user/.m2/repository/org/eclipse/jetty/jetty-servlet/9.3.24.v20180605/jetty-servlet-9.3.24.v20180605.jar:/home/user/.m2/repository/org/eclipse/jetty/jetty-security/9.3.24.v20180605/jetty-security-9.3.24.v20180605.jar:/home/user/.m2/repository/javax/servlet/jsp/jsp-api/2.1/jsp-api-2.1.jar:/home/user/.m2/repository/com/sun/jersey/jersey-servlet/1.19/jersey-servlet-1.19.jar:/home/user/.m2/repository/com/sun/jersey/jersey-json/1.19/jersey-json-1.19.jar:/home/user/.m2/repository/org/codehaus/jettison/jettison/1.1/jettison-1.1.jar:/home/user/.m2/repository/org/codehaus/jackson/jackson-core-asl/1.9.13/jackson-core-asl-1.9.13.jar:/home/user/.m2/repository/org/codehaus/jackson/jackson-mapper-asl/1.9.13/jackson-mapper-asl-1.9.13.jar:/home/user/.m2/repository/org/codehaus/jackson/jackson-jaxrs/1.9.13/jackson-jaxrs-1.9.13.jar:/home/user/.m2/repository/org/codehaus/jackson/jackson-xc/1.9.13/jackson-xc-1.9.13.jar:/home/user/.m2/repository/commons-logging/commons-logging/1.1.3/commons-logging-1.1.3.jar:/home/user/.m2/repository/commons-beanutils/commons-beanutils/1.9.3/commons-beanutils-1.9.3.jar:/home/user/.m2/repository/org/apache/commons/commons-configuration2/2.1.1/commons-configuration2-2.1.1.jar:/home/user/.m2/repository/org/apache/commons/commons-lang3/3.7/commons-lang3-3.7.jar:/home/user/.m2/repository/org/apache/commons/commons-text/1.4/commons-text-1.4.jar:/home/user/.m2/repository/org/apache/avro/avro/1.7.7/avro-1.7.7.jar:/home/user/.m2/repository/com/thoughtworks/paranamer/paranamer/2.3/paranamer-2.3.jar:/home/user/.m2/repository/org/xerial/snappy/snappy-java/1.0.5/snappy-java-1.0.5.jar:/home/user/.m2/repository/com/google/re2j/re2j/1.1/re2j-1.1.jar:/home/user/.m2/repository/com/google/code/gson/gson/2.2.4/gson-2.2.4.jar:/home/user/.m2/repository/com/jcraft/jsch/0.1.54/jsch-0.1.54.jar:/home/user/.m2/repository/org/apache/curator/curator-client/2.12.0/curator-client-2.12.0.jar:/home/user/.m2/repository/org/apache/curator/curator-recipes/2.12.0/curator-recipes-2.12.0.jar:/home/user/.m2/repository/com/google/code/findbugs/jsr305/3.0.0/jsr305-3.0.0.jar:/home/user/.m2/repository/org/apache/htrace/htrace-core4/4.1.0-incubating/htrace-core4-4.1.0-incubating.jar:/home/user/.m2/repository/org/apache/zookeeper/zookeeper/3.4.13/zookeeper-3.4.13.jar:/home/user/.m2/repository/org/apache/yetus/audience-annotations/0.5.0/audience-annotations-0.5.0.jar:/home/user/.m2/repository/org/codehaus/woodstox/stax2-api/3.1.4/stax2-api-3.1.4.jar:/home/user/.m2/repository/com/fasterxml/woodstox/woodstox-core/5.0.3/woodstox-core-5.0.3.jar:/home/user/.m2/repository/dnsjava/dnsjava/2.1.7/dnsjava-2.1.7.jar:/home/user/.m2/repository/org/apache/hadoop/hadoop-hdfs/3.2.0/hadoop-hdfs-3.2.0-tests.jar:/home/user/.m2/repository/org/eclipse/jetty/jetty-util-ajax/9.3.24.v20180605/jetty-util-ajax-9.3.24.v20180605.jar:/home/user/.m2/repository/commons-daemon/commons-daemon/1.0.13/commons-daemon-1.0.13.jar:/home/user/.m2/repository/io/netty/netty/3.10.5.Final/netty-3.10.5.Final.jar:/home/user/.m2/repository/io/netty/netty-all/4.0.52.Final/netty-all-4.0.52.Final.jar:/home/user/.m2/repository/org/fusesource/leveldbjni/leveldbjni-all/1.8/leveldbjni-all-1.8.jar:"/>
    <property name="java.vm.vendor" value="IcedTea"/>
    <property name="sun.arch.data.model" value="64"/>
    <property name="test.build.dir" value="/workdir/hadoop-ozone/integration-test/target/test-dir"/>
    <property name="test.cache.data" value=""/>
    <property name="java.vendor.url" value="https://icedtea.classpath.org"/>
    <property name="user.timezone" value=""/>
    <property name="java.vm.specification.version" value="1.8"/>
    <property name="os.name" value="Linux"/>
    <property name="test.build.data" value="/workdir/hadoop-ozone/integration-test/target/test-dir"/>
    <property name="user.country" value="US"/>
    <property name="sun.java.launcher" value="SUN_STANDARD"/>
    <property name="sun.boot.library.path" value="/usr/lib/jvm/java-1.8-openjdk/jre/lib/amd64"/>
    <property name="sun.java.command" value="/workdir/hadoop-ozone/integration-test/target/surefire/surefirebooter1891038900133663237.jar /workdir/hadoop-ozone/integration-test/target/surefire 2019-07-16T14-41-30_152-jvmRun1 surefire5683992387786700990tmp surefire_691991558067270194845tmp"/>
    <property name="surefire.test.class.path" value="/workdir/hadoop-ozone/integration-test/target/test-classes:/workdir/hadoop-ozone/integration-test/target/classes:/home/user/.m2/repository/org/apache/hadoop/hadoop-ozone-common/0.5.0-SNAPSHOT/hadoop-ozone-common-0.5.0-SNAPSHOT.jar:/home/user/.m2/repository/org/apache/commons/commons-compress/1.4.1/commons-compress-1.4.1.jar:/home/user/.m2/repository/org/tukaani/xz/1.0/xz-1.0.jar:/home/user/.m2/repository/org/apache/hadoop/hadoop-common/3.2.0/hadoop-common-3.2.0.jar:/home/user/.m2/repository/org/apache/hadoop/hadoop-hdfs/3.2.0/hadoop-hdfs-3.2.0.jar:/home/user/.m2/repository/org/apache/hadoop/hadoop-hdfs-client/3.2.0/hadoop-hdfs-client-3.2.0.jar:/home/user/.m2/repository/com/fasterxml/jackson/core/jackson-annotations/2.9.5/jackson-annotations-2.9.5.jar:/home/user/.m2/repository/org/apache/hadoop/hadoop-hdds-common/0.5.0-SNAPSHOT/hadoop-hdds-common-0.5.0-SNAPSHOT.jar:/home/user/.m2/repository/javax/annotation/javax.annotation-api/1.2/javax.annotation-api-1.2.jar:/home/user/.m2/repository/org/apache/ratis/ratis-server/0.4.0-2337318-SNAPSHOT/ratis-server-0.4.0-2337318-SNAPSHOT.jar:/home/user/.m2/repository/org/apache/ratis/ratis-thirdparty-misc/0.2.0/ratis-thirdparty-misc-0.2.0.jar:/home/user/.m2/repository/org/apache/ratis/ratis-proto/0.4.0-2337318-SNAPSHOT/ratis-proto-0.4.0-2337318-SNAPSHOT.jar:/home/user/.m2/repository/org/apache/ratis/ratis-common/0.4.0-2337318-SNAPSHOT/ratis-common-0.4.0-2337318-SNAPSHOT.jar:/home/user/.m2/repository/org/apache/ratis/ratis-client/0.4.0-2337318-SNAPSHOT/ratis-client-0.4.0-2337318-SNAPSHOT.jar:/home/user/.m2/repository/org/apache/ratis/ratis-metrics/0.4.0-2337318-SNAPSHOT/ratis-metrics-0.4.0-2337318-SNAPSHOT.jar:/home/user/.m2/repository/org/apache/ratis/ratis-netty/0.4.0-2337318-SNAPSHOT/ratis-netty-0.4.0-2337318-SNAPSHOT.jar:/home/user/.m2/repository/org/apache/ratis/ratis-grpc/0.4.0-2337318-SNAPSHOT/ratis-grpc-0.4.0-2337318-SNAPSHOT.jar:/home/user/.m2/repository/org/rocksdb/rocksdbjni/6.0.1/rocksdbjni-6.0.1.jar:/home/user/.m2/repository/org/apache/logging/log4j/log4j-api/2.11.0/log4j-api-2.11.0.jar:/home/user/.m2/repository/org/apache/logging/log4j/log4j-core/2.11.0/log4j-core-2.11.0.jar:/home/user/.m2/repository/com/lmax/disruptor/3.4.2/disruptor-3.4.2.jar:/home/user/.m2/repository/org/apache/commons/commons-pool2/2.6.0/commons-pool2-2.6.0.jar:/home/user/.m2/repository/org/bouncycastle/bcpkix-jdk15on/1.60/bcpkix-jdk15on-1.60.jar:/home/user/.m2/repository/commons-validator/commons-validator/1.6/commons-validator-1.6.jar:/home/user/.m2/repository/commons-digester/commons-digester/1.8.1/commons-digester-1.8.1.jar:/home/user/.m2/repository/io/jaegertracing/jaeger-client/0.33.1/jaeger-client-0.33.1.jar:/home/user/.m2/repository/io/jaegertracing/jaeger-thrift/0.33.1/jaeger-thrift-0.33.1.jar:/home/user/.m2/repository/org/apache/thrift/libthrift/0.11.0/libthrift-0.11.0.jar:/home/user/.m2/repository/com/squareup/okhttp3/okhttp/3.9.0/okhttp-3.9.0.jar:/home/user/.m2/repository/com/squareup/okio/okio/1.13.0/okio-1.13.0.jar:/home/user/.m2/repository/io/jaegertracing/jaeger-core/0.33.1/jaeger-core-0.33.1.jar:/home/user/.m2/repository/io/jaegertracing/jaeger-tracerresolver/0.33.1/jaeger-tracerresolver-0.33.1.jar:/home/user/.m2/repository/io/opentracing/contrib/opentracing-tracerresolver/0.1.5/opentracing-tracerresolver-0.1.5.jar:/home/user/.m2/repository/io/opentracing/opentracing-util/0.31.0/opentracing-util-0.31.0.jar:/home/user/.m2/repository/io/opentracing/opentracing-api/0.31.0/opentracing-api-0.31.0.jar:/home/user/.m2/repository/io/opentracing/opentracing-noop/0.31.0/opentracing-noop-0.31.0.jar:/home/user/.m2/repository/org/apache/hadoop/hadoop-hdds-server-framework/0.5.0-SNAPSHOT/hadoop-hdds-server-framework-0.5.0-SNAPSHOT.jar:/home/user/.m2/repository/org/apache/hadoop/hadoop-hdds-container-service/0.5.0-SNAPSHOT/hadoop-hdds-container-service-0.5.0-SNAPSHOT.jar:/home/user/.m2/repository/org/apache/hadoop/hadoop-hdds-client/0.5.0-SNAPSHOT/hadoop-hdds-client-0.5.0-SNAPSHOT.jar:/home/user/.m2/repository/org/apache/hadoop/hadoop-hdds-tools/0.5.0-SNAPSHOT/hadoop-hdds-tools-0.5.0-SNAPSHOT.jar:/home/user/.m2/repository/org/apache/hadoop/hadoop-hdds-server-scm/0.5.0-SNAPSHOT/hadoop-hdds-server-scm-0.5.0-SNAPSHOT.jar:/home/user/.m2/repository/org/apache/hadoop/hadoop-hdds-docs/0.5.0-SNAPSHOT/hadoop-hdds-docs-0.5.0-SNAPSHOT.jar:/home/user/.m2/repository/io/dropwizard/metrics/metrics-core/3.2.4/metrics-core-3.2.4.jar:/home/user/.m2/repository/org/hamcrest/hamcrest-all/1.3/hamcrest-all-1.3.jar:/home/user/.m2/repository/org/bouncycastle/bcprov-jdk15on/1.60/bcprov-jdk15on-1.60.jar:/home/user/.m2/repository/info/picocli/picocli/3.9.6/picocli-3.9.6.jar:/home/user/.m2/repository/com/google/protobuf/protobuf-java/2.5.0/protobuf-java-2.5.0.jar:/home/user/.m2/repository/com/google/guava/guava/11.0.2/guava-11.0.2.jar:/home/user/.m2/repository/org/apache/hadoop/hadoop-ozone-ozone-manager/0.5.0-SNAPSHOT/hadoop-ozone-ozone-manager-0.5.0-SNAPSHOT.jar:/home/user/.m2/repository/org/apache/hadoop/hadoop-minikdc/3.2.0/hadoop-minikdc-3.2.0.jar:/home/user/.m2/repository/commons-io/commons-io/2.5/commons-io-2.5.jar:/home/user/.m2/repository/org/apache/kerby/kerb-simplekdc/1.0.1/kerb-simplekdc-1.0.1.jar:/home/user/.m2/repository/org/apache/kerby/kerb-client/1.0.1/kerb-client-1.0.1.jar:/home/user/.m2/repository/org/apache/kerby/kerby-config/1.0.1/kerby-config-1.0.1.jar:/home/user/.m2/repository/org/apache/kerby/kerb-core/1.0.1/kerb-core-1.0.1.jar:/home/user/.m2/repository/org/apache/kerby/kerby-pkix/1.0.1/kerby-pkix-1.0.1.jar:/home/user/.m2/repository/org/apache/kerby/kerby-asn1/1.0.1/kerby-asn1-1.0.1.jar:/home/user/.m2/repository/org/apache/kerby/kerby-util/1.0.1/kerby-util-1.0.1.jar:/home/user/.m2/repository/org/apache/kerby/kerb-common/1.0.1/kerb-common-1.0.1.jar:/home/user/.m2/repository/org/apache/kerby/kerb-crypto/1.0.1/kerb-crypto-1.0.1.jar:/home/user/.m2/repository/org/apache/kerby/kerb-util/1.0.1/kerb-util-1.0.1.jar:/home/user/.m2/repository/org/apache/kerby/token-provider/1.0.1/token-provider-1.0.1.jar:/home/user/.m2/repository/org/apache/kerby/kerb-admin/1.0.1/kerb-admin-1.0.1.jar:/home/user/.m2/repository/org/apache/kerby/kerb-server/1.0.1/kerb-server-1.0.1.jar:/home/user/.m2/repository/org/apache/kerby/kerb-identity/1.0.1/kerb-identity-1.0.1.jar:/home/user/.m2/repository/org/apache/kerby/kerby-xdr/1.0.1/kerby-xdr-1.0.1.jar:/home/user/.m2/repository/org/slf4j/slf4j-log4j12/1.7.25/slf4j-log4j12-1.7.25.jar:/home/user/.m2/repository/org/apache/hadoop/hadoop-ozone-objectstore-service/0.5.0-SNAPSHOT/hadoop-ozone-objectstore-service-0.5.0-SNAPSHOT.jar:/home/user/.m2/repository/org/apache/hadoop/hadoop-ozone-s3gateway/0.5.0-SNAPSHOT/hadoop-ozone-s3gateway-0.5.0-SNAPSHOT.jar:/home/user/.m2/repository/org/jboss/weld/servlet/weld-servlet/2.4.7.Final/weld-servlet-2.4.7.Final.jar:/home/user/.m2/repository/org/glassfish/jersey/containers/jersey-container-servlet-core/2.27/jersey-container-servlet-core-2.27.jar:/home/user/.m2/repository/org/glassfish/hk2/external/javax.inject/2.5.0-b42/javax.inject-2.5.0-b42.jar:/home/user/.m2/repository/org/glassfish/jersey/core/jersey-common/2.27/jersey-common-2.27.jar:/home/user/.m2/repository/org/glassfish/hk2/osgi-resource-locator/1.0.1/osgi-resource-locator-1.0.1.jar:/home/user/.m2/repository/javax/ws/rs/javax.ws.rs-api/2.1/javax.ws.rs-api-2.1.jar:/home/user/.m2/repository/org/glassfish/jersey/ext/cdi/jersey-cdi1x/2.27/jersey-cdi1x-2.27.jar:/home/user/.m2/repository/org/glassfish/jersey/inject/jersey-hk2/2.27/jersey-hk2-2.27.jar:/home/user/.m2/repository/org/glassfish/hk2/hk2-locator/2.5.0-b42/hk2-locator-2.5.0-b42.jar:/home/user/.m2/repository/org/javassist/javassist/3.22.0-CR2/javassist-3.22.0-CR2.jar:/home/user/.m2/repository/org/glassfish/hk2/hk2-api/2.5.0/hk2-api-2.5.0.jar:/home/user/.m2/repository/org/glassfish/hk2/external/jakarta.inject/2.5.0/jakarta.inject-2.5.0.jar:/home/user/.m2/repository/org/glassfish/hk2/hk2-utils/2.5.0/hk2-utils-2.5.0.jar:/home/user/.m2/repository/jakarta/annotation/jakarta.annotation-api/1.3.4/jakarta.annotation-api-1.3.4.jar:/home/user/.m2/repository/org/glassfish/hk2/external/aopalliance-repackaged/2.5.0/aopalliance-repackaged-2.5.0.jar:/home/user/.m2/repository/com/fasterxml/jackson/dataformat/jackson-dataformat-xml/2.9.0/jackson-dataformat-xml-2.9.0.jar:/home/user/.m2/repository/com/fasterxml/jackson/core/jackson-core/2.9.5/jackson-core-2.9.5.jar:/home/user/.m2/repository/com/fasterxml/jackson/module/jackson-module-jaxb-annotations/2.9.5/jackson-module-jaxb-annotations-2.9.5.jar:/home/user/.m2/repository/javax/enterprise/cdi-api/1.2/cdi-api-1.2.jar:/home/user/.m2/repository/javax/el/javax.el-api/3.0.0/javax.el-api-3.0.0.jar:/home/user/.m2/repository/javax/interceptor/javax.interceptor-api/1.2/javax.interceptor-api-1.2.jar:/home/user/.m2/repository/javax/inject/javax.inject/1/javax.inject-1.jar:/home/user/.m2/repository/com/sun/xml/bind/jaxb-impl/2.3.0.1/jaxb-impl-2.3.0.1.jar:/home/user/.m2/repository/com/sun/xml/bind/jaxb-core/2.3.0.1/jaxb-core-2.3.0.1.jar:/home/user/.m2/repository/javax/xml/bind/jaxb-api/2.3.0/jaxb-api-2.3.0.jar:/home/user/.m2/repository/javax/activation/activation/1.1.1/activation-1.1.1.jar:/home/user/.m2/repository/org/apache/hadoop/hadoop-ozone-csi/0.5.0-SNAPSHOT/hadoop-ozone-csi-0.5.0-SNAPSHOT.jar:/home/user/.m2/repository/com/google/protobuf/protobuf-java-util/3.5.1/protobuf-java-util-3.5.1.jar:/home/user/.m2/repository/org/apache/hadoop/hadoop-hdds-config/0.5.0-SNAPSHOT/hadoop-hdds-config-0.5.0-SNAPSHOT.jar:/home/user/.m2/repository/io/grpc/grpc-netty/1.17.1/grpc-netty-1.17.1.jar:/home/user/.m2/repository/io/grpc/grpc-core/1.17.1/grpc-core-1.17.1.jar:/home/user/.m2/repository/io/grpc/grpc-context/1.17.1/grpc-context-1.17.1.jar:/home/user/.m2/repository/com/google/errorprone/error_prone_annotations/2.2.0/error_prone_annotations-2.2.0.jar:/home/user/.m2/repository/org/codehaus/mojo/animal-sniffer-annotations/1.17/animal-sniffer-annotations-1.17.jar:/home/user/.m2/repository/io/opencensus/opencensus-api/0.17.0/opencensus-api-0.17.0.jar:/home/user/.m2/repository/io/opencensus/opencensus-contrib-grpc-metrics/0.17.0/opencensus-contrib-grpc-metrics-0.17.0.jar:/home/user/.m2/repository/io/netty/netty-codec-http2/4.1.30.Final/netty-codec-http2-4.1.30.Final.jar:/home/user/.m2/repository/io/netty/netty-codec-http/4.1.30.Final/netty-codec-http-4.1.30.Final.jar:/home/user/.m2/repository/io/netty/netty-codec/4.1.30.Final/netty-codec-4.1.30.Final.jar:/home/user/.m2/repository/io/netty/netty-handler/4.1.30.Final/netty-handler-4.1.30.Final.jar:/home/user/.m2/repository/io/netty/netty-handler-proxy/4.1.30.Final/netty-handler-proxy-4.1.30.Final.jar:/home/user/.m2/repository/io/netty/netty-codec-socks/4.1.30.Final/netty-codec-socks-4.1.30.Final.jar:/home/user/.m2/repository/io/netty/netty-transport-native-epoll/4.1.30.Final/netty-transport-native-epoll-4.1.30.Final.jar:/home/user/.m2/repository/io/netty/netty-common/4.1.30.Final/netty-common-4.1.30.Final.jar:/home/user/.m2/repository/io/netty/netty-buffer/4.1.30.Final/netty-buffer-4.1.30.Final.jar:/home/user/.m2/repository/io/netty/netty-transport/4.1.30.Final/netty-transport-4.1.30.Final.jar:/home/user/.m2/repository/io/netty/netty-resolver/4.1.30.Final/netty-resolver-4.1.30.Final.jar:/home/user/.m2/repository/io/netty/netty-transport-native-unix-common/4.1.30.Final/netty-transport-native-unix-common-4.1.30.Final.jar:/home/user/.m2/repository/io/grpc/grpc-protobuf/1.17.1/grpc-protobuf-1.17.1.jar:/home/user/.m2/repository/com/google/api/grpc/proto-google-common-protos/1.0.0/proto-google-common-protos-1.0.0.jar:/home/user/.m2/repository/io/grpc/grpc-protobuf-lite/1.17.1/grpc-protobuf-lite-1.17.1.jar:/home/user/.m2/repository/io/grpc/grpc-stub/1.17.1/grpc-stub-1.17.1.jar:/home/user/.m2/repository/org/apache/hadoop/hadoop-ozone-recon/0.5.0-SNAPSHOT/hadoop-ozone-recon-0.5.0-SNAPSHOT.jar:/home/user/.m2/repository/org/apache/hadoop/hadoop-ozone-reconcodegen/0.5.0-SNAPSHOT/hadoop-ozone-reconcodegen-0.5.0-SNAPSHOT.jar:/home/user/.m2/repository/com/google/inject/extensions/guice-multibindings/4.0/guice-multibindings-4.0.jar:/home/user/.m2/repository/com/google/inject/guice/4.0/guice-4.0.jar:/home/user/.m2/repository/aopalliance/aopalliance/1.0/aopalliance-1.0.jar:/home/user/.m2/repository/com/google/inject/extensions/guice-servlet/4.0/guice-servlet-4.0.jar:/home/user/.m2/repository/org/glassfish/jersey/containers/jersey-container-servlet/2.27/jersey-container-servlet-2.27.jar:/home/user/.m2/repository/org/glassfish/hk2/guice-bridge/2.5.0/guice-bridge-2.5.0.jar:/home/user/.m2/repository/org/glassfish/jersey/core/jersey-server/2.27/jersey-server-2.27.jar:/home/user/.m2/repository/org/glassfish/jersey/core/jersey-client/2.27/jersey-client-2.27.jar:/home/user/.m2/repository/org/glassfish/jersey/media/jersey-media-jaxb/2.27/jersey-media-jaxb-2.27.jar:/home/user/.m2/repository/javax/validation/validation-api/1.1.0.Final/validation-api-1.1.0.Final.jar:/home/user/.m2/repository/org/glassfish/jersey/media/jersey-media-json-jackson/2.27/jersey-media-json-jackson-2.27.jar:/home/user/.m2/repository/org/glassfish/jersey/ext/jersey-entity-filtering/2.27/jersey-entity-filtering-2.27.jar:/home/user/.m2/repository/com/google/inject/extensions/guice-assistedinject/4.0/guice-assistedinject-4.0.jar:/home/user/.m2/repository/org/jooq/jooq/3.11.10/jooq-3.11.10.jar:/home/user/.m2/repository/org/jooq/jooq-meta/3.11.10/jooq-meta-3.11.10.jar:/home/user/.m2/repository/org/jooq/jooq-codegen/3.11.10/jooq-codegen-3.11.10.jar:/home/user/.m2/repository/com/jolbox/bonecp/0.8.0.RELEASE/bonecp-0.8.0.RELEASE.jar:/home/user/.m2/repository/org/xerial/sqlite-jdbc/3.25.2/sqlite-jdbc-3.25.2.jar:/home/user/.m2/repository/org/springframework/spring-jdbc/5.1.3.RELEASE/spring-jdbc-5.1.3.RELEASE.jar:/home/user/.m2/repository/org/springframework/spring-beans/5.1.3.RELEASE/spring-beans-5.1.3.RELEASE.jar:/home/user/.m2/repository/org/springframework/spring-core/5.1.3.RELEASE/spring-core-5.1.3.RELEASE.jar:/home/user/.m2/repository/org/springframework/spring-jcl/5.1.3.RELEASE/spring-jcl-5.1.3.RELEASE.jar:/home/user/.m2/repository/org/springframework/spring-tx/5.1.3.RELEASE/spring-tx-5.1.3.RELEASE.jar:/home/user/.m2/repository/org/apache/hadoop/hadoop-ozone-client/0.5.0-SNAPSHOT/hadoop-ozone-client-0.5.0-SNAPSHOT.jar:/home/user/.m2/repository/commons-lang/commons-lang/2.6/commons-lang-2.6.jar:/home/user/.m2/repository/org/apache/hadoop/hadoop-ozone-ozone-manager/0.5.0-SNAPSHOT/hadoop-ozone-ozone-manager-0.5.0-SNAPSHOT-tests.jar:/home/user/.m2/repository/junit/junit/4.11/junit-4.11.jar:/home/user/.m2/repository/org/hamcrest/hamcrest-core/1.3/hamcrest-core-1.3.jar:/home/user/.m2/repository/org/openjdk/jmh/jmh-core/1.19/jmh-core-1.19.jar:/home/user/.m2/repository/net/sf/jopt-simple/jopt-simple/4.6/jopt-simple-4.6.jar:/home/user/.m2/repository/org/apache/commons/commons-math3/3.1.1/commons-math3-3.1.1.jar:/home/user/.m2/repository/org/openjdk/jmh/jmh-generator-annprocess/1.19/jmh-generator-annprocess-1.19.jar:/home/user/.m2/repository/org/mockito/mockito-all/1.8.5/mockito-all-1.8.5.jar:/home/user/.m2/repository/org/apache/hadoop/hadoop-kms/3.2.0/hadoop-kms-3.2.0.jar:/home/user/.m2/repository/org/apache/hadoop/hadoop-auth/3.2.0/hadoop-auth-3.2.0.jar:/home/user/.m2/repository/com/nimbusds/nimbus-jose-jwt/4.41.1/nimbus-jose-jwt-4.41.1.jar:/home/user/.m2/repository/com/github/stephenc/jcip/jcip-annotations/1.0-1/jcip-annotations-1.0-1.jar:/home/user/.m2/repository/net/minidev/json-smart/2.3/json-smart-2.3.jar:/home/user/.m2/repository/net/minidev/accessors-smart/1.2/accessors-smart-1.2.jar:/home/user/.m2/repository/org/ow2/asm/asm/5.0.4/asm-5.0.4.jar:/home/user/.m2/repository/org/apache/curator/curator-framework/2.12.0/curator-framework-2.12.0.jar:/home/user/.m2/repository/com/sun/jersey/jersey-core/1.19/jersey-core-1.19.jar:/home/user/.m2/repository/javax/ws/rs/jsr311-api/1.1.1/jsr311-api-1.1.1.jar:/home/user/.m2/repository/com/sun/jersey/jersey-server/1.19/jersey-server-1.19.jar:/home/user/.m2/repository/javax/servlet/javax.servlet-api/3.1.0/javax.servlet-api-3.1.0.jar:/home/user/.m2/repository/org/eclipse/jetty/jetty-server/9.3.24.v20180605/jetty-server-9.3.24.v20180605.jar:/home/user/.m2/repository/org/eclipse/jetty/jetty-http/9.3.24.v20180605/jetty-http-9.3.24.v20180605.jar:/home/user/.m2/repository/org/eclipse/jetty/jetty-io/9.3.24.v20180605/jetty-io-9.3.24.v20180605.jar:/home/user/.m2/repository/org/eclipse/jetty/jetty-webapp/9.3.24.v20180605/jetty-webapp-9.3.24.v20180605.jar:/home/user/.m2/repository/org/eclipse/jetty/jetty-xml/9.3.24.v20180605/jetty-xml-9.3.24.v20180605.jar:/home/user/.m2/repository/log4j/log4j/1.2.17/log4j-1.2.17.jar:/home/user/.m2/repository/org/slf4j/slf4j-api/1.7.25/slf4j-api-1.7.25.jar:/home/user/.m2/repository/org/slf4j/jul-to-slf4j/1.7.25/jul-to-slf4j-1.7.25.jar:/home/user/.m2/repository/org/eclipse/jetty/jetty-util/9.3.24.v20180605/jetty-util-9.3.24.v20180605.jar:/home/user/.m2/repository/com/fasterxml/jackson/core/jackson-databind/2.9.5/jackson-databind-2.9.5.jar:/home/user/.m2/repository/org/apache/hadoop/hadoop-kms/3.2.0/hadoop-kms-3.2.0-tests.jar:/home/user/.m2/repository/org/apache/hadoop/hadoop-hdds-server-scm/0.5.0-SNAPSHOT/hadoop-hdds-server-scm-0.5.0-SNAPSHOT-tests.jar:/home/user/.m2/repository/org/apache/hadoop/hadoop-hdds-container-service/0.5.0-SNAPSHOT/hadoop-hdds-container-service-0.5.0-SNAPSHOT-tests.jar:/home/user/.m2/repository/org/yaml/snakeyaml/1.16/snakeyaml-1.16.jar:/home/user/.m2/repository/org/apache/hadoop/hadoop-common/3.2.0/hadoop-common-3.2.0-tests.jar:/home/user/.m2/repository/org/apache/hadoop/hadoop-annotations/3.2.0/hadoop-annotations-3.2.0.jar:/usr/lib/jvm/java-1.8-openjdk/jre/../lib/tools.jar:/home/user/.m2/repository/commons-cli/commons-cli/1.2/commons-cli-1.2.jar:/home/user/.m2/repository/org/apache/httpcomponents/httpclient/4.5.2/httpclient-4.5.2.jar:/home/user/.m2/repository/org/apache/httpcomponents/httpcore/4.4.4/httpcore-4.4.4.jar:/home/user/.m2/repository/commons-codec/commons-codec/1.11/commons-codec-1.11.jar:/home/user/.m2/repository/commons-net/commons-net/3.6/commons-net-3.6.jar:/home/user/.m2/repository/commons-collections/commons-collections/3.2.2/commons-collections-3.2.2.jar:/home/user/.m2/repository/org/eclipse/jetty/jetty-servlet/9.3.24.v20180605/jetty-servlet-9.3.24.v20180605.jar:/home/user/.m2/repository/org/eclipse/jetty/jetty-security/9.3.24.v20180605/jetty-security-9.3.24.v20180605.jar:/home/user/.m2/repository/javax/servlet/jsp/jsp-api/2.1/jsp-api-2.1.jar:/home/user/.m2/repository/com/sun/jersey/jersey-servlet/1.19/jersey-servlet-1.19.jar:/home/user/.m2/repository/com/sun/jersey/jersey-json/1.19/jersey-json-1.19.jar:/home/user/.m2/repository/org/codehaus/jettison/jettison/1.1/jettison-1.1.jar:/home/user/.m2/repository/org/codehaus/jackson/jackson-core-asl/1.9.13/jackson-core-asl-1.9.13.jar:/home/user/.m2/repository/org/codehaus/jackson/jackson-mapper-asl/1.9.13/jackson-mapper-asl-1.9.13.jar:/home/user/.m2/repository/org/codehaus/jackson/jackson-jaxrs/1.9.13/jackson-jaxrs-1.9.13.jar:/home/user/.m2/repository/org/codehaus/jackson/jackson-xc/1.9.13/jackson-xc-1.9.13.jar:/home/user/.m2/repository/commons-logging/commons-logging/1.1.3/commons-logging-1.1.3.jar:/home/user/.m2/repository/commons-beanutils/commons-beanutils/1.9.3/commons-beanutils-1.9.3.jar:/home/user/.m2/repository/org/apache/commons/commons-configuration2/2.1.1/commons-configuration2-2.1.1.jar:/home/user/.m2/repository/org/apache/commons/commons-lang3/3.7/commons-lang3-3.7.jar:/home/user/.m2/repository/org/apache/commons/commons-text/1.4/commons-text-1.4.jar:/home/user/.m2/repository/org/apache/avro/avro/1.7.7/avro-1.7.7.jar:/home/user/.m2/repository/com/thoughtworks/paranamer/paranamer/2.3/paranamer-2.3.jar:/home/user/.m2/repository/org/xerial/snappy/snappy-java/1.0.5/snappy-java-1.0.5.jar:/home/user/.m2/repository/com/google/re2j/re2j/1.1/re2j-1.1.jar:/home/user/.m2/repository/com/google/code/gson/gson/2.2.4/gson-2.2.4.jar:/home/user/.m2/repository/com/jcraft/jsch/0.1.54/jsch-0.1.54.jar:/home/user/.m2/repository/org/apache/curator/curator-client/2.12.0/curator-client-2.12.0.jar:/home/user/.m2/repository/org/apache/curator/curator-recipes/2.12.0/curator-recipes-2.12.0.jar:/home/user/.m2/repository/com/google/code/findbugs/jsr305/3.0.0/jsr305-3.0.0.jar:/home/user/.m2/repository/org/apache/htrace/htrace-core4/4.1.0-incubating/htrace-core4-4.1.0-incubating.jar:/home/user/.m2/repository/org/apache/zookeeper/zookeeper/3.4.13/zookeeper-3.4.13.jar:/home/user/.m2/repository/org/apache/yetus/audience-annotations/0.5.0/audience-annotations-0.5.0.jar:/home/user/.m2/repository/org/codehaus/woodstox/stax2-api/3.1.4/stax2-api-3.1.4.jar:/home/user/.m2/repository/com/fasterxml/woodstox/woodstox-core/5.0.3/woodstox-core-5.0.3.jar:/home/user/.m2/repository/dnsjava/dnsjava/2.1.7/dnsjava-2.1.7.jar:/home/user/.m2/repository/org/apache/hadoop/hadoop-hdfs/3.2.0/hadoop-hdfs-3.2.0-tests.jar:/home/user/.m2/repository/org/eclipse/jetty/jetty-util-ajax/9.3.24.v20180605/jetty-util-ajax-9.3.24.v20180605.jar:/home/user/.m2/repository/commons-daemon/commons-daemon/1.0.13/commons-daemon-1.0.13.jar:/home/user/.m2/repository/io/netty/netty/3.10.5.Final/netty-3.10.5.Final.jar:/home/user/.m2/repository/io/netty/netty-all/4.0.52.Final/netty-all-4.0.52.Final.jar:/home/user/.m2/repository/org/fusesource/leveldbjni/leveldbjni-all/1.8/leveldbjni-all-1.8.jar:"/>
    <property name="sun.cpu.endian" value="little"/>
    <property name="user.home" value="/home/user"/>
    <property name="user.language" value="en"/>
    <property name="java.specification.vendor" value="Oracle Corporation"/>
    <property name="java.home" value="/usr/lib/jvm/java-1.8-openjdk/jre"/>
    <property name="java.security.krb5.conf" value="/workdir/hadoop-ozone/integration-test/target/test-classes/krb5.conf"/>
    <property name="basedir" value="/workdir/hadoop-ozone/integration-test"/>
    <property name="file.separator" value="/"/>
    <property name="line.separator" value="&#10;"/>
    <property name="java.vm.specification.vendor" value="Oracle Corporation"/>
    <property name="java.specification.name" value="Java Platform API Specification"/>
    <property name="java.awt.graphicsenv" value="sun.awt.X11GraphicsEnvironment"/>
    <property name="surefire.real.class.path" value="/workdir/hadoop-ozone/integration-test/target/surefire/surefirebooter1891038900133663237.jar"/>
    <property name="hadoop.log.dir" value="/workdir/hadoop-ozone/integration-test/target/log"/>
    <property name="sun.boot.class.path" value="/usr/lib/jvm/java-1.8-openjdk/jre/lib/resources.jar:/usr/lib/jvm/java-1.8-openjdk/jre/lib/rt.jar:/usr/lib/jvm/java-1.8-openjdk/jre/lib/sunrsasign.jar:/usr/lib/jvm/java-1.8-openjdk/jre/lib/jsse.jar:/usr/lib/jvm/java-1.8-openjdk/jre/lib/jce.jar:/usr/lib/jvm/java-1.8-openjdk/jre/lib/charsets.jar:/usr/lib/jvm/java-1.8-openjdk/jre/lib/jfr.jar:/usr/lib/jvm/java-1.8-openjdk/jre/classes"/>
    <property name="sun.management.compiler" value="HotSpot 64-Bit Tiered Compilers"/>
    <property name="java.runtime.version" value="1.8.0_212-b04"/>
    <property name="java.net.preferIPv4Stack" value="true"/>
    <property name="user.name" value="jenkins1000"/>
    <property name="path.separator" value=":"/>
    <property name="java.security.egd" value="file:///dev/urandom"/>
    <property name="os.version" value="3.10.0-957.12.2.el7.x86_64"/>
    <property name="java.endorsed.dirs" value="/usr/lib/jvm/java-1.8-openjdk/jre/lib/endorsed"/>
    <property name="java.runtime.name" value="OpenJDK Runtime Environment"/>
    <property name="file.encoding" value="UTF-8"/>
    <property name="java.vm.name" value="OpenJDK 64-Bit Server VM"/>
    <property name="test.build.webapps" value=""/>
    <property name="localRepository" value="/home/user/.m2/repository"/>
    <property name="java.vendor.url.bug" value="https://icedtea.classpath.org/bugzilla"/>
    <property name="java.io.tmpdir" value="/tmp"/>
    <property name="require.test.libhadoop" value=""/>
    <property name="java.version" value="1.8.0_212"/>
    <property name="user.dir" value="/workdir/hadoop-ozone/integration-test"/>
    <property name="os.arch" value="amd64"/>
    <property name="java.vm.specification.name" value="Java Virtual Machine Specification"/>
    <property name="test.build.classes" value="/workdir/hadoop-ozone/integration-test/target/test-classes"/>
    <property name="java.awt.printerjob" value="sun.print.PSPrinterJob"/>
    <property name="sun.os.patch.level" value="unknown"/>
    <property name="hadoop.tmp.dir" value="/workdir/hadoop-ozone/integration-test/target/tmp"/>
    <property name="java.library.path" value="/usr/lib/jvm/java-1.8-openjdk/jre/lib/amd64/server:/usr/lib/jvm/java-1.8-openjdk/jre/lib/amd64:/usr/lib/jvm/java-1.8-openjdk/jre/../lib/amd64:/workdir/hadoop-ozone/integration-test/target/native/target/usr/local/lib:/workdir/hadoop-ozone/integration-test/../../hadoop-common-project/hadoop-common/target/native/target/usr/local/lib:/usr/java/packages/lib/amd64:/usr/lib64:/lib64:/lib:/usr/lib"/>
    <property name="java.vm.info" value="mixed mode"/>
    <property name="java.vendor" value="IcedTea"/>
    <property name="java.vm.version" value="25.212-b04"/>
    <property name="java.ext.dirs" value="/usr/lib/jvm/java-1.8-openjdk/jre/lib/ext:/usr/java/packages/lib/ext"/>
    <property name="sun.io.unicode.encoding" value="UnicodeLittle"/>
    <property name="java.class.version" value="52.0"/>
  </properties>
  <testcase name="test2DatanodesFailure" classname="org.apache.hadoop.ozone.client.rpc.TestBlockOutputStreamWithFailures" time="105.551"/>
  <testcase name="testDatanodeFailureWithPreAllocation" classname="org.apache.hadoop.ozone.client.rpc.TestBlockOutputStreamWithFailures" time="224.867"/>
  <testcase name="testDatanodeFailureWithSingleNodeRatis" classname="org.apache.hadoop.ozone.client.rpc.TestBlockOutputStreamWithFailures" time="226.581"/>
  <testcase name="testWatchForCommitWithSingleNodeRatis" classname="org.apache.hadoop.ozone.client.rpc.TestBlockOutputStreamWithFailures" time="34.201">
    <error type="java.lang.IllegalArgumentException">java.lang.IllegalArgumentException
	at com.google.common.base.Preconditions.checkArgument(Preconditions.java:72)
	at org.apache.hadoop.hdds.scm.XceiverClientManager.acquireClient(XceiverClientManager.java:150)
	at org.apache.hadoop.hdds.scm.XceiverClientManager.acquireClientForReadData(XceiverClientManager.java:143)
	at org.apache.hadoop.hdds.scm.storage.BlockInputStream.getChunkInfos(BlockInputStream.java:154)
	at org.apache.hadoop.hdds.scm.storage.BlockInputStream.initialize(BlockInputStream.java:118)
	at org.apache.hadoop.hdds.scm.storage.BlockInputStream.read(BlockInputStream.java:222)
	at org.apache.hadoop.ozone.client.io.KeyInputStream.read(KeyInputStream.java:171)
	at org.apache.hadoop.ozone.client.io.OzoneInputStream.read(OzoneInputStream.java:47)
	at java.io.InputStream.read(InputStream.java:101)
	at org.apache.hadoop.ozone.container.ContainerTestHelper.validateData(ContainerTestHelper.java:709)
	at org.apache.hadoop.ozone.client.rpc.TestBlockOutputStreamWithFailures.validateData(TestBlockOutputStreamWithFailures.java:1212)
	at org.apache.hadoop.ozone.client.rpc.TestBlockOutputStreamWithFailures.testWatchForCommitWithSingleNodeRatis(TestBlockOutputStreamWithFailures.java:914)
	at sun.reflect.NativeMethodAccessorImpl.invoke0(Native Method)
	at sun.reflect.NativeMethodAccessorImpl.invoke(NativeMethodAccessorImpl.java:62)
	at sun.reflect.DelegatingMethodAccessorImpl.invoke(DelegatingMethodAccessorImpl.java:43)
	at java.lang.reflect.Method.invoke(Method.java:498)
	at org.junit.runners.model.FrameworkMethod$1.runReflectiveCall(FrameworkMethod.java:47)
	at org.junit.internal.runners.model.ReflectiveCallable.run(ReflectiveCallable.java:12)
	at org.junit.runners.model.FrameworkMethod.invokeExplosively(FrameworkMethod.java:44)
	at org.junit.internal.runners.statements.InvokeMethod.evaluate(InvokeMethod.java:17)
	at org.junit.internal.runners.statements.RunBefores.evaluate(RunBefores.java:26)
	at org.junit.internal.runners.statements.RunAfters.evaluate(RunAfters.java:27)
	at org.junit.runners.ParentRunner.runLeaf(ParentRunner.java:271)
	at org.junit.runners.BlockJUnit4ClassRunner.runChild(BlockJUnit4ClassRunner.java:70)
	at org.junit.runners.BlockJUnit4ClassRunner.runChild(BlockJUnit4ClassRunner.java:50)
	at org.junit.runners.ParentRunner$3.run(ParentRunner.java:238)
	at org.junit.runners.ParentRunner$1.schedule(ParentRunner.java:63)
	at org.junit.runners.ParentRunner.runChildren(ParentRunner.java:236)
	at org.junit.runners.ParentRunner.access$000(ParentRunner.java:53)
	at org.junit.runners.ParentRunner$2.evaluate(ParentRunner.java:229)
	at org.junit.runners.ParentRunner.run(ParentRunner.java:309)
	at org.apache.maven.surefire.junit4.JUnit4Provider.execute(JUnit4Provider.java:365)
	at org.apache.maven.surefire.junit4.JUnit4Provider.executeWithRerun(JUnit4Provider.java:273)
	at org.apache.maven.surefire.junit4.JUnit4Provider.executeTestSet(JUnit4Provider.java:238)
	at org.apache.maven.surefire.junit4.JUnit4Provider.invoke(JUnit4Provider.java:159)
	at org.apache.maven.surefire.booter.ForkedBooter.invokeProviderInSameClassLoader(ForkedBooter.java:384)
	at org.apache.maven.surefire.booter.ForkedBooter.runSuitesInProcess(ForkedBooter.java:345)
	at org.apache.maven.surefire.booter.ForkedBooter.execute(ForkedBooter.java:126)
	at org.apache.maven.surefire.booter.ForkedBooter.main(ForkedBooter.java:418)
</error>
    <system-out><![CDATA[2019-07-16 15:40:39,315 WARN  server.ServerUtils (ServerUtils.java:getScmDbDir(145)) - ozone.scm.db.dirs is not configured. We recommend adding this setting. Falling back to ozone.metadata.dirs instead.
2019-07-16 15:40:39,340 WARN  server.ServerUtils (ServerUtils.java:getScmDbDir(145)) - ozone.scm.db.dirs is not configured. We recommend adding this setting. Falling back to ozone.metadata.dirs instead.
2019-07-16 15:40:39,340 WARN  server.ServerUtils (ServerUtils.java:getScmDbDir(145)) - ozone.scm.db.dirs is not configured. We recommend adding this setting. Falling back to ozone.metadata.dirs instead.
2019-07-16 15:40:39,341 INFO  db.DBStoreBuilder (DBStoreBuilder.java:addTable(110)) - using custom profile for table: deletedBlocks
2019-07-16 15:40:39,341 INFO  db.DBStoreBuilder (DBStoreBuilder.java:processTables(161)) - Using default column profile:DBProfile.DISK for Table:deletedBlocks
2019-07-16 15:40:39,341 INFO  db.DBStoreBuilder (DBStoreBuilder.java:addTable(110)) - using custom profile for table: validCerts
2019-07-16 15:40:39,342 INFO  db.DBStoreBuilder (DBStoreBuilder.java:processTables(161)) - Using default column profile:DBProfile.DISK for Table:validCerts
2019-07-16 15:40:39,342 INFO  db.DBStoreBuilder (DBStoreBuilder.java:addTable(110)) - using custom profile for table: revokedCerts
2019-07-16 15:40:39,342 INFO  db.DBStoreBuilder (DBStoreBuilder.java:processTables(161)) - Using default column profile:DBProfile.DISK for Table:revokedCerts
2019-07-16 15:40:39,343 INFO  db.DBStoreBuilder (DBStoreBuilder.java:addTable(110)) - using custom profile for table: default
2019-07-16 15:40:39,343 INFO  db.DBStoreBuilder (DBStoreBuilder.java:processTables(167)) - Using default column profile:DBProfile.DISK for Table:default
2019-07-16 15:40:39,343 INFO  db.DBStoreBuilder (DBStoreBuilder.java:getDbProfile(198)) - Using default options. DBProfile.DISK
2019-07-16 15:40:39,479 INFO  net.NodeSchemaLoader (NodeSchemaLoader.java:loadSchemaFromFile(125)) - Loading file from sun.misc.CompoundEnumeration@468eff41
2019-07-16 15:40:39,479 INFO  net.NodeSchemaLoader (NodeSchemaLoader.java:loadSchema(171)) - Loading network topology layer schema file
2019-07-16 15:40:39,485 INFO  node.SCMNodeManager (SCMNodeManager.java:<init>(119)) - Entering startup safe mode.
2019-07-16 15:40:39,486 WARN  server.ServerUtils (ServerUtils.java:getScmDbDir(145)) - ozone.scm.db.dirs is not configured. We recommend adding this setting. Falling back to ozone.metadata.dirs instead.
2019-07-16 15:40:39,530 INFO  pipeline.SCMPipelineManager (SCMPipelineManager.java:initializePipelineState(126)) - No pipeline exists in current db
2019-07-16 15:40:39,531 WARN  server.ServerUtils (ServerUtils.java:getScmDbDir(145)) - ozone.scm.db.dirs is not configured. We recommend adding this setting. Falling back to ozone.metadata.dirs instead.
2019-07-16 15:40:39,582 WARN  events.EventQueue (EventQueue.java:fireEvent(175)) - No event handler registered for event TypedEvent{payloadType=SafeModeStatus, name='SafeModeStatus'}
2019-07-16 15:40:39,583 INFO  ipc.CallQueueManager (CallQueueManager.java:<init>(84)) - Using callQueue: class java.util.concurrent.LinkedBlockingQueue, queueCapacity: 2000, scheduler: class org.apache.hadoop.ipc.DefaultRpcScheduler, ipcBackoff: false.
2019-07-16 15:40:39,584 INFO  ipc.Server (Server.java:run(1074)) - Starting Socket Reader #1 for port 37998
2019-07-16 15:40:39,586 INFO  ipc.CallQueueManager (CallQueueManager.java:<init>(84)) - Using callQueue: class java.util.concurrent.LinkedBlockingQueue, queueCapacity: 2000, scheduler: class org.apache.hadoop.ipc.DefaultRpcScheduler, ipcBackoff: false.
2019-07-16 15:40:39,587 INFO  ipc.Server (Server.java:run(1074)) - Starting Socket Reader #1 for port 38863
2019-07-16 15:40:39,589 INFO  ipc.CallQueueManager (CallQueueManager.java:<init>(84)) - Using callQueue: class java.util.concurrent.LinkedBlockingQueue, queueCapacity: 2000, scheduler: class org.apache.hadoop.ipc.DefaultRpcScheduler, ipcBackoff: false.
2019-07-16 15:40:39,590 INFO  ipc.Server (Server.java:run(1074)) - Starting Socket Reader #1 for port 35907
2019-07-16 15:40:39,592 INFO  hdfs.DFSUtil (DFSUtil.java:httpServerTemplateForNNAndJN(1641)) - Starting Web-server for scm at: http://0.0.0.0:0
2019-07-16 15:40:39,595 INFO  server.AuthenticationFilter (AuthenticationFilter.java:constructSecretProvider(240)) - Unable to initialize FileSignerSecretProvider, falling back to use random secrets.
2019-07-16 15:40:39,596 WARN  http.HttpRequestLog (HttpRequestLog.java:getRequestLog(97)) - Jetty request log can only be enabled using Log4j
2019-07-16 15:40:39,599 INFO  http.HttpServer2 (HttpServer2.java:addGlobalFilter(975)) - Added global filter 'safety' (class=org.apache.hadoop.http.HttpServer2$QuotingInputFilter)
2019-07-16 15:40:39,600 INFO  http.HttpServer2 (HttpServer2.java:addFilter(948)) - Added filter static_user_filter (class=org.apache.hadoop.http.lib.StaticUserWebFilter$StaticUserFilter) to context scm
2019-07-16 15:40:39,601 INFO  http.HttpServer2 (HttpServer2.java:addFilter(958)) - Added filter static_user_filter (class=org.apache.hadoop.http.lib.StaticUserWebFilter$StaticUserFilter) to context logs
2019-07-16 15:40:39,601 INFO  http.HttpServer2 (HttpServer2.java:addFilter(958)) - Added filter static_user_filter (class=org.apache.hadoop.http.lib.StaticUserWebFilter$StaticUserFilter) to context static
2019-07-16 15:40:39,604 INFO  server.StorageContainerManager (StorageContainerManager.java:start(759)) - StorageContainerLocationProtocol RPC server is listening at /0.0.0.0:35907
2019-07-16 15:40:39,607 WARN  impl.MetricsConfig (MetricsConfig.java:loadFirst(134)) - Cannot locate configuration: tried hadoop-metrics2-storagecontainermanager.properties,hadoop-metrics2.properties
2019-07-16 15:40:39,608 INFO  impl.MetricsSystemImpl (MetricsSystemImpl.java:startTimer(374)) - Scheduled Metric snapshot period at 10 second(s).
2019-07-16 15:40:39,608 INFO  impl.MetricsSystemImpl (MetricsSystemImpl.java:start(191)) - StorageContainerManager metrics system started
2019-07-16 15:40:39,679 INFO  server.SCMClientProtocolServer (SCMClientProtocolServer.java:start(149)) - RPC server for Client  is listening at /0.0.0.0:35907
2019-07-16 15:40:39,680 INFO  ipc.Server (Server.java:run(1314)) - IPC Server Responder: starting
2019-07-16 15:40:39,681 INFO  ipc.Server (Server.java:run(1153)) - IPC Server listener on 35907: starting
2019-07-16 15:40:39,684 INFO  server.StorageContainerManager (StorageContainerManager.java:start(768)) - ScmBlockLocationProtocol RPC server is listening at /0.0.0.0:38863
2019-07-16 15:40:39,685 INFO  server.SCMBlockProtocolServer (SCMBlockProtocolServer.java:start(140)) - RPC server for Block Protocol is listening at /0.0.0.0:38863
2019-07-16 15:40:39,685 INFO  ipc.Server (Server.java:run(1314)) - IPC Server Responder: starting
2019-07-16 15:40:39,685 INFO  ipc.Server (Server.java:run(1153)) - IPC Server listener on 38863: starting
2019-07-16 15:40:39,689 INFO  server.StorageContainerManager (StorageContainerManager.java:start(772)) - ScmDatanodeProtocl RPC server is listening at /0.0.0.0:37998
2019-07-16 15:40:39,689 INFO  server.SCMDatanodeProtocolServer (SCMDatanodeProtocolServer.java:start(191)) - RPC server for DataNodes is listening at /0.0.0.0:37998
2019-07-16 15:40:39,690 INFO  ipc.Server (Server.java:run(1314)) - IPC Server Responder: starting
2019-07-16 15:40:39,690 INFO  ipc.Server (Server.java:run(1153)) - IPC Server listener on 37998: starting
2019-07-16 15:40:39,694 INFO  http.HttpServer2 (HttpServer2.java:bindListener(1191)) - Jetty bound to port 39301
2019-07-16 15:40:39,695 INFO  server.Server (Server.java:doStart(351)) - jetty-9.3.24.v20180605, build timestamp: 2018-06-05T17:11:56Z, git hash: 84205aa28f11a4f31f2a3b86d1bba2cc8ab69827
2019-07-16 15:40:39,696 INFO  handler.ContextHandler (ContextHandler.java:doStart(781)) - Started o.e.j.s.ServletContextHandler@2cd31214{/logs,file:///workdir/hadoop-ozone/integration-test/target/log,AVAILABLE}
2019-07-16 15:40:39,697 INFO  handler.ContextHandler (ContextHandler.java:doStart(781)) - Started o.e.j.s.ServletContextHandler@6b6939e1{/static,file:///workdir/hadoop-ozone/integration-test/target/test-classes/webapps/static,AVAILABLE}
2019-07-16 15:40:39,702 INFO  handler.ContextHandler (ContextHandler.java:doStart(781)) - Started o.e.j.w.WebAppContext@2c9aeec6{/,file:///workdir/hadoop-ozone/integration-test/target/test-classes/webapps/scm/,AVAILABLE}{/scm}
2019-07-16 15:40:39,702 INFO  server.AbstractConnector (AbstractConnector.java:doStart(278)) - Started ServerConnector@1a1e38ab{HTTP/1.1,[http/1.1]}{0.0.0.0:39301}
2019-07-16 15:40:39,703 INFO  server.Server (Server.java:doStart(419)) - Started @557982ms
2019-07-16 15:40:39,704 INFO  server.BaseHttpServer (BaseHttpServer.java:updateConnectorAddress(207)) - HTTP server of SCM is listening at http://0.0.0.0:39301
2019-07-16 15:40:39,704 WARN  server.ServerUtils (ServerUtils.java:getDBPath(222)) - ozone.om.db.dirs is not configured. We recommend adding this setting. Falling back to ozone.metadata.dirs instead.
2019-07-16 15:40:39,705 INFO  util.JvmPauseMonitor (JvmPauseMonitor.java:run(188)) - Starting JVM pause monitor
2019-07-16 15:40:39,719 WARN  server.ServerUtils (ServerUtils.java:getDBPath(222)) - ozone.om.db.dirs is not configured. We recommend adding this setting. Falling back to ozone.metadata.dirs instead.
2019-07-16 15:40:39,719 INFO  om.OzoneManager (OzoneManager.java:setOMNodeDetails(626)) - OM Service ID is not set. Setting it to the default ID: omServiceIdDefault
2019-07-16 15:40:39,719 INFO  om.OzoneManager (OzoneManager.java:setOMNodeDetails(632)) - OM Node ID is not set. Setting it to the OmStorage's OmID: 4f1d821a-f0bf-461c-b98d-19fe06ff12ac
2019-07-16 15:40:39,719 INFO  om.OzoneManager (OzoneManager.java:loadOMHAConfigs(583)) - Found matching OM address with OMServiceId: null, OMNodeId: null, RPC Address: localhost:0 and Ratis port: 9872
2019-07-16 15:40:39,726 WARN  server.ServerUtils (ServerUtils.java:getDBPath(222)) - ozone.om.db.dirs is not configured. We recommend adding this setting. Falling back to ozone.metadata.dirs instead.
2019-07-16 15:40:39,726 INFO  db.DBStoreBuilder (DBStoreBuilder.java:addTable(110)) - using custom profile for table: userTable
2019-07-16 15:40:39,727 INFO  db.DBStoreBuilder (DBStoreBuilder.java:processTables(161)) - Using default column profile:DBProfile.DISK for Table:userTable
2019-07-16 15:40:39,727 INFO  db.DBStoreBuilder (DBStoreBuilder.java:addTable(110)) - using custom profile for table: volumeTable
2019-07-16 15:40:39,727 INFO  db.DBStoreBuilder (DBStoreBuilder.java:processTables(161)) - Using default column profile:DBProfile.DISK for Table:volumeTable
2019-07-16 15:40:39,727 INFO  db.DBStoreBuilder (DBStoreBuilder.java:addTable(110)) - using custom profile for table: bucketTable
2019-07-16 15:40:39,727 INFO  db.DBStoreBuilder (DBStoreBuilder.java:processTables(161)) - Using default column profile:DBProfile.DISK for Table:bucketTable
2019-07-16 15:40:39,728 INFO  db.DBStoreBuilder (DBStoreBuilder.java:addTable(110)) - using custom profile for table: keyTable
2019-07-16 15:40:39,728 INFO  db.DBStoreBuilder (DBStoreBuilder.java:processTables(161)) - Using default column profile:DBProfile.DISK for Table:keyTable
2019-07-16 15:40:39,728 INFO  db.DBStoreBuilder (DBStoreBuilder.java:addTable(110)) - using custom profile for table: deletedTable
2019-07-16 15:40:39,728 INFO  db.DBStoreBuilder (DBStoreBuilder.java:processTables(161)) - Using default column profile:DBProfile.DISK for Table:deletedTable
2019-07-16 15:40:39,728 INFO  db.DBStoreBuilder (DBStoreBuilder.java:addTable(110)) - using custom profile for table: openKeyTable
2019-07-16 15:40:39,729 INFO  db.DBStoreBuilder (DBStoreBuilder.java:processTables(161)) - Using default column profile:DBProfile.DISK for Table:openKeyTable
2019-07-16 15:40:39,729 INFO  db.DBStoreBuilder (DBStoreBuilder.java:addTable(110)) - using custom profile for table: s3Table
2019-07-16 15:40:39,729 INFO  db.DBStoreBuilder (DBStoreBuilder.java:processTables(161)) - Using default column profile:DBProfile.DISK for Table:s3Table
2019-07-16 15:40:39,729 INFO  db.DBStoreBuilder (DBStoreBuilder.java:addTable(110)) - using custom profile for table: multipartInfoTable
2019-07-16 15:40:39,729 INFO  db.DBStoreBuilder (DBStoreBuilder.java:processTables(161)) - Using default column profile:DBProfile.DISK for Table:multipartInfoTable
2019-07-16 15:40:39,730 INFO  db.DBStoreBuilder (DBStoreBuilder.java:addTable(110)) - using custom profile for table: dTokenTable
2019-07-16 15:40:39,730 INFO  db.DBStoreBuilder (DBStoreBuilder.java:processTables(161)) - Using default column profile:DBProfile.DISK for Table:dTokenTable
2019-07-16 15:40:39,730 INFO  db.DBStoreBuilder (DBStoreBuilder.java:addTable(110)) - using custom profile for table: s3SecretTable
2019-07-16 15:40:39,730 INFO  db.DBStoreBuilder (DBStoreBuilder.java:processTables(161)) - Using default column profile:DBProfile.DISK for Table:s3SecretTable
2019-07-16 15:40:39,730 INFO  db.DBStoreBuilder (DBStoreBuilder.java:addTable(110)) - using custom profile for table: prefixTable
2019-07-16 15:40:39,730 INFO  db.DBStoreBuilder (DBStoreBuilder.java:processTables(161)) - Using default column profile:DBProfile.DISK for Table:prefixTable
2019-07-16 15:40:39,731 INFO  db.DBStoreBuilder (DBStoreBuilder.java:addTable(110)) - using custom profile for table: default
2019-07-16 15:40:39,731 INFO  db.DBStoreBuilder (DBStoreBuilder.java:processTables(167)) - Using default column profile:DBProfile.DISK for Table:default
2019-07-16 15:40:39,731 INFO  db.DBStoreBuilder (DBStoreBuilder.java:getDbProfile(198)) - Using default options. DBProfile.DISK
2019-07-16 15:40:40,266 INFO  ipc.CallQueueManager (CallQueueManager.java:<init>(84)) - Using callQueue: class java.util.concurrent.LinkedBlockingQueue, queueCapacity: 2000, scheduler: class org.apache.hadoop.ipc.DefaultRpcScheduler, ipcBackoff: false.
2019-07-16 15:40:40,267 INFO  ipc.Server (Server.java:run(1074)) - Starting Socket Reader #1 for port 33558
2019-07-16 15:40:40,285 WARN  server.ServerUtils (ServerUtils.java:getDBPath(222)) - ozone.om.db.dirs is not configured. We recommend adding this setting. Falling back to ozone.metadata.dirs instead.
2019-07-16 15:40:40,285 INFO  om.OzoneManager (OzoneManager.java:start(1224)) - OzoneManager RPC server is listening at localhost/127.0.0.1:33558
2019-07-16 15:40:40,285 INFO  impl.MetricsSystemImpl (MetricsSystemImpl.java:init(158)) - OzoneManager metrics system started (again)
2019-07-16 15:40:40,289 INFO  ipc.Server (Server.java:run(1314)) - IPC Server Responder: starting
2019-07-16 15:40:40,290 INFO  ipc.Server (Server.java:run(1153)) - IPC Server listener on 33558: starting
2019-07-16 15:40:40,296 INFO  hdfs.DFSUtil (DFSUtil.java:httpServerTemplateForNNAndJN(1641)) - Starting Web-server for ozoneManager at: http://0.0.0.0:0
2019-07-16 15:40:40,298 INFO  server.AuthenticationFilter (AuthenticationFilter.java:constructSecretProvider(240)) - Unable to initialize FileSignerSecretProvider, falling back to use random secrets.
2019-07-16 15:40:40,298 WARN  http.HttpRequestLog (HttpRequestLog.java:getRequestLog(97)) - Jetty request log can only be enabled using Log4j
2019-07-16 15:40:40,300 INFO  http.HttpServer2 (HttpServer2.java:addGlobalFilter(975)) - Added global filter 'safety' (class=org.apache.hadoop.http.HttpServer2$QuotingInputFilter)
2019-07-16 15:40:40,301 INFO  http.HttpServer2 (HttpServer2.java:addFilter(948)) - Added filter static_user_filter (class=org.apache.hadoop.http.lib.StaticUserWebFilter$StaticUserFilter) to context ozoneManager
2019-07-16 15:40:40,301 INFO  http.HttpServer2 (HttpServer2.java:addFilter(958)) - Added filter static_user_filter (class=org.apache.hadoop.http.lib.StaticUserWebFilter$StaticUserFilter) to context static
2019-07-16 15:40:40,301 INFO  http.HttpServer2 (HttpServer2.java:addFilter(958)) - Added filter static_user_filter (class=org.apache.hadoop.http.lib.StaticUserWebFilter$StaticUserFilter) to context logs
2019-07-16 15:40:40,302 INFO  http.HttpServer2 (HttpServer2.java:bindListener(1191)) - Jetty bound to port 32961
2019-07-16 15:40:40,302 INFO  server.Server (Server.java:doStart(351)) - jetty-9.3.24.v20180605, build timestamp: 2018-06-05T17:11:56Z, git hash: 84205aa28f11a4f31f2a3b86d1bba2cc8ab69827
2019-07-16 15:40:40,305 INFO  handler.ContextHandler (ContextHandler.java:doStart(781)) - Started o.e.j.s.ServletContextHandler@7e764e5c{/logs,file:///workdir/hadoop-ozone/integration-test/target/log,AVAILABLE}
2019-07-16 15:40:40,305 INFO  handler.ContextHandler (ContextHandler.java:doStart(781)) - Started o.e.j.s.ServletContextHandler@92de794{/static,file:///workdir/hadoop-ozone/integration-test/target/test-classes/webapps/static,AVAILABLE}
2019-07-16 15:40:40,311 INFO  handler.ContextHandler (ContextHandler.java:doStart(781)) - Started o.e.j.w.WebAppContext@71ce19ee{/,file:///workdir/hadoop-ozone/integration-test/target/test-classes/webapps/ozoneManager/,AVAILABLE}{/ozoneManager}
2019-07-16 15:40:40,311 INFO  server.AbstractConnector (AbstractConnector.java:doStart(278)) - Started ServerConnector@48ba37dc{HTTP/1.1,[http/1.1]}{0.0.0.0:32961}
2019-07-16 15:40:40,313 INFO  server.Server (Server.java:doStart(419)) - Started @558591ms
2019-07-16 15:40:40,315 INFO  server.BaseHttpServer (BaseHttpServer.java:updateConnectorAddress(207)) - HTTP server of OZONEMANAGER is listening at http://0.0.0.0:32961
2019-07-16 15:40:40,333 INFO  impl.MetricsSystemImpl (MetricsSystemImpl.java:init(158)) - HddsDatanode metrics system started (again)
2019-07-16 15:40:40,333 INFO  ozone.HddsDatanodeService (HddsDatanodeService.java:start(185)) - HddsDatanodeService host:trunk-nightly-kgw5x-1882989438 ip:192.168.69.88
2019-07-16 15:40:40,343 INFO  volume.HddsVolume (HddsVolume.java:<init>(176)) - Creating Volume: /workdir/hadoop-ozone/integration-test/target/test-dir/MiniOzoneClusterImpl-386b5208-f273-4a43-a586-80facaa1f908/datanode-0/data/containers/hdds of  storage type : DISK and capacity : 52710309888
2019-07-16 15:40:40,344 INFO  volume.VolumeSet (VolumeSet.java:initializeVolumeSet(170)) - Added Volume : /workdir/hadoop-ozone/integration-test/target/test-dir/MiniOzoneClusterImpl-386b5208-f273-4a43-a586-80facaa1f908/datanode-0/data/containers/hdds to VolumeSet
2019-07-16 15:40:40,344 INFO  volume.ThrottledAsyncChecker (ThrottledAsyncChecker.java:schedule(140)) - Scheduling a check for org.apache.hadoop.ozone.container.common.volume.HddsVolume@1e489957
2019-07-16 15:40:40,344 INFO  volume.HddsVolumeChecker (HddsVolumeChecker.java:checkAllVolumes(203)) - Scheduled health check for volume org.apache.hadoop.ozone.container.common.volume.HddsVolume@1e489957
2019-07-16 15:40:40,360 INFO  impl.RaftServerProxy (ConfUtils.java:logGet(43)) - raft.rpc.type = GRPC (default)
2019-07-16 15:40:40,361 INFO  grpc.GrpcFactory (GrpcFactory.java:checkPooledByteBufAllocatorUseCacheForAllThreads(45)) - PERFORMANCE WARNING: useCacheForAllThreads is true that may cause Netty to create a lot garbage objects and, as a result, trigger GC.
	It is recommended to disable useCacheForAllThreads by setting -Dorg.apache.ratis.thirdparty.io.netty.allocator.useCacheForAllThreads=false in command line.
2019-07-16 15:40:40,361 INFO  grpc.GrpcConfigKeys$Server (ConfUtils.java:logGet(43)) - raft.grpc.server.port = 0 (default)
2019-07-16 15:40:40,361 INFO  server.GrpcService (ConfUtils.java:logGet(43)) - raft.grpc.message.size.max = 33570816 (custom)
2019-07-16 15:40:40,361 INFO  server.RaftServerConfigKeys (ConfUtils.java:logGet(43)) - raft.server.log.appender.buffer.byte-limit = 33554432 (custom)
2019-07-16 15:40:40,362 INFO  server.GrpcService (ConfUtils.java:logGet(43)) - raft.grpc.flow.control.window = 1MB (=1048576) (default)
2019-07-16 15:40:40,362 INFO  server.RaftServerConfigKeys (ConfUtils.java:logGet(43)) - raft.server.rpc.request.timeout = 3000ms (default)
2019-07-16 15:40:40,362 INFO  server.RaftServerConfigKeys (ConfUtils.java:logGet(43)) - raft.server.storage.dir = [/workdir/hadoop-ozone/integration-test/target/test-dir/MiniOzoneClusterImpl-386b5208-f273-4a43-a586-80facaa1f908/datanode-0/data/ratis] (custom)
2019-07-16 15:40:40,363 INFO  replication.SimpleContainerDownloader (SimpleContainerDownloader.java:<init>(72)) - Starting container downloader service to copy containers to replicate.
2019-07-16 15:40:40,364 INFO  hdfs.DFSUtil (DFSUtil.java:httpServerTemplateForNNAndJN(1641)) - Starting Web-server for hddsDatanode at: http://0.0.0.0:0
2019-07-16 15:40:40,365 INFO  server.AuthenticationFilter (AuthenticationFilter.java:constructSecretProvider(240)) - Unable to initialize FileSignerSecretProvider, falling back to use random secrets.
2019-07-16 15:40:40,366 WARN  http.HttpRequestLog (HttpRequestLog.java:getRequestLog(97)) - Jetty request log can only be enabled using Log4j
2019-07-16 15:40:40,367 INFO  http.HttpServer2 (HttpServer2.java:addGlobalFilter(975)) - Added global filter 'safety' (class=org.apache.hadoop.http.HttpServer2$QuotingInputFilter)
2019-07-16 15:40:40,368 INFO  http.HttpServer2 (HttpServer2.java:addFilter(948)) - Added filter static_user_filter (class=org.apache.hadoop.http.lib.StaticUserWebFilter$StaticUserFilter) to context hddsDatanode
2019-07-16 15:40:40,368 INFO  http.HttpServer2 (HttpServer2.java:addFilter(958)) - Added filter static_user_filter (class=org.apache.hadoop.http.lib.StaticUserWebFilter$StaticUserFilter) to context static
2019-07-16 15:40:40,368 INFO  http.HttpServer2 (HttpServer2.java:addFilter(958)) - Added filter static_user_filter (class=org.apache.hadoop.http.lib.StaticUserWebFilter$StaticUserFilter) to context logs
2019-07-16 15:40:40,369 INFO  http.HttpServer2 (HttpServer2.java:bindListener(1191)) - Jetty bound to port 44373
2019-07-16 15:40:40,369 INFO  server.Server (Server.java:doStart(351)) - jetty-9.3.24.v20180605, build timestamp: 2018-06-05T17:11:56Z, git hash: 84205aa28f11a4f31f2a3b86d1bba2cc8ab69827
2019-07-16 15:40:40,371 INFO  handler.ContextHandler (ContextHandler.java:doStart(781)) - Started o.e.j.s.ServletContextHandler@143900a6{/logs,file:///workdir/hadoop-ozone/integration-test/target/log,AVAILABLE}
2019-07-16 15:40:40,371 INFO  handler.ContextHandler (ContextHandler.java:doStart(781)) - Started o.e.j.s.ServletContextHandler@30a4a111{/static,jar:file:/home/user/.m2/repository/org/apache/hadoop/hadoop-hdds-container-service/0.5.0-SNAPSHOT/hadoop-hdds-container-service-0.5.0-SNAPSHOT.jar!/webapps/static,AVAILABLE}
2019-07-16 15:40:40,403 INFO  handler.ContextHandler (ContextHandler.java:doStart(781)) - Started o.e.j.w.WebAppContext@629cf53c{/,file:///tmp/jetty-0.0.0.0-44373-hddsDatanode-_-any-8416266120907397025.dir/webapp/,AVAILABLE}{/hddsDatanode}
2019-07-16 15:40:40,403 INFO  server.AbstractConnector (AbstractConnector.java:doStart(278)) - Started ServerConnector@6d84ab90{HTTP/1.1,[http/1.1]}{0.0.0.0:44373}
2019-07-16 15:40:40,405 INFO  server.Server (Server.java:doStart(419)) - Started @558684ms
2019-07-16 15:40:40,405 INFO  server.BaseHttpServer (BaseHttpServer.java:updateConnectorAddress(207)) - HTTP server of HDDSDATANODE is listening at http://0.0.0.0:44373
2019-07-16 15:40:40,710 INFO  ozone.HddsDatanodeService (HddsDatanodeService.java:startPlugins(396)) - Started plug-in org.apache.hadoop.ozone.web.OzoneHddsDatanodeService@628f0936
2019-07-16 15:40:40,711 INFO  impl.MetricsSystemImpl (MetricsSystemImpl.java:init(158)) - HddsDatanode metrics system started (again)
2019-07-16 15:40:40,713 INFO  ozone.HddsDatanodeService (HddsDatanodeService.java:start(185)) - HddsDatanodeService host:trunk-nightly-kgw5x-1882989438 ip:192.168.69.88
2019-07-16 15:40:40,714 INFO  util.JvmPauseMonitor (JvmPauseMonitor.java:run(188)) - Starting JVM pause monitor
2019-07-16 15:40:40,715 INFO  datanode.InitDatanodeState (InitDatanodeState.java:persistContainerDatanodeDetails(140)) - DatanodeDetails is persisted to /workdir/hadoop-ozone/integration-test/target/test-dir/MiniOzoneClusterImpl-386b5208-f273-4a43-a586-80facaa1f908/datanode-0/meta/datanode.id
2019-07-16 15:40:40,722 INFO  volume.HddsVolume (HddsVolume.java:<init>(176)) - Creating Volume: /workdir/hadoop-ozone/integration-test/target/test-dir/MiniOzoneClusterImpl-386b5208-f273-4a43-a586-80facaa1f908/datanode-1/data/containers/hdds of  storage type : DISK and capacity : 52710309888
2019-07-16 15:40:40,723 INFO  volume.VolumeSet (VolumeSet.java:initializeVolumeSet(170)) - Added Volume : /workdir/hadoop-ozone/integration-test/target/test-dir/MiniOzoneClusterImpl-386b5208-f273-4a43-a586-80facaa1f908/datanode-1/data/containers/hdds to VolumeSet
2019-07-16 15:40:40,723 INFO  volume.ThrottledAsyncChecker (ThrottledAsyncChecker.java:schedule(140)) - Scheduling a check for org.apache.hadoop.ozone.container.common.volume.HddsVolume@7dcc0296
2019-07-16 15:40:40,723 INFO  volume.HddsVolumeChecker (HddsVolumeChecker.java:checkAllVolumes(203)) - Scheduled health check for volume org.apache.hadoop.ozone.container.common.volume.HddsVolume@7dcc0296
2019-07-16 15:40:40,737 INFO  impl.RaftServerProxy (ConfUtils.java:logGet(43)) - raft.rpc.type = GRPC (default)
2019-07-16 15:40:40,737 INFO  grpc.GrpcFactory (GrpcFactory.java:checkPooledByteBufAllocatorUseCacheForAllThreads(45)) - PERFORMANCE WARNING: useCacheForAllThreads is true that may cause Netty to create a lot garbage objects and, as a result, trigger GC.
	It is recommended to disable useCacheForAllThreads by setting -Dorg.apache.ratis.thirdparty.io.netty.allocator.useCacheForAllThreads=false in command line.
2019-07-16 15:40:40,737 INFO  grpc.GrpcConfigKeys$Server (ConfUtils.java:logGet(43)) - raft.grpc.server.port = 0 (default)
2019-07-16 15:40:40,738 INFO  server.GrpcService (ConfUtils.java:logGet(43)) - raft.grpc.message.size.max = 33570816 (custom)
2019-07-16 15:40:40,738 INFO  server.RaftServerConfigKeys (ConfUtils.java:logGet(43)) - raft.server.log.appender.buffer.byte-limit = 33554432 (custom)
2019-07-16 15:40:40,738 INFO  server.GrpcService (ConfUtils.java:logGet(43)) - raft.grpc.flow.control.window = 1MB (=1048576) (default)
2019-07-16 15:40:40,738 INFO  server.RaftServerConfigKeys (ConfUtils.java:logGet(43)) - raft.server.rpc.request.timeout = 3000ms (default)
2019-07-16 15:40:40,739 INFO  server.RaftServerConfigKeys (ConfUtils.java:logGet(43)) - raft.server.storage.dir = [/workdir/hadoop-ozone/integration-test/target/test-dir/MiniOzoneClusterImpl-386b5208-f273-4a43-a586-80facaa1f908/datanode-1/data/ratis] (custom)
2019-07-16 15:40:40,739 INFO  replication.SimpleContainerDownloader (SimpleContainerDownloader.java:<init>(72)) - Starting container downloader service to copy containers to replicate.
2019-07-16 15:40:40,740 INFO  hdfs.DFSUtil (DFSUtil.java:httpServerTemplateForNNAndJN(1641)) - Starting Web-server for hddsDatanode at: http://0.0.0.0:0
2019-07-16 15:40:40,741 INFO  server.AuthenticationFilter (AuthenticationFilter.java:constructSecretProvider(240)) - Unable to initialize FileSignerSecretProvider, falling back to use random secrets.
2019-07-16 15:40:40,742 WARN  http.HttpRequestLog (HttpRequestLog.java:getRequestLog(97)) - Jetty request log can only be enabled using Log4j
2019-07-16 15:40:40,743 INFO  http.HttpServer2 (HttpServer2.java:addGlobalFilter(975)) - Added global filter 'safety' (class=org.apache.hadoop.http.HttpServer2$QuotingInputFilter)
2019-07-16 15:40:40,743 INFO  http.HttpServer2 (HttpServer2.java:addFilter(948)) - Added filter static_user_filter (class=org.apache.hadoop.http.lib.StaticUserWebFilter$StaticUserFilter) to context hddsDatanode
2019-07-16 15:40:40,743 INFO  http.HttpServer2 (HttpServer2.java:addFilter(958)) - Added filter static_user_filter (class=org.apache.hadoop.http.lib.StaticUserWebFilter$StaticUserFilter) to context logs
2019-07-16 15:40:40,744 INFO  http.HttpServer2 (HttpServer2.java:addFilter(958)) - Added filter static_user_filter (class=org.apache.hadoop.http.lib.StaticUserWebFilter$StaticUserFilter) to context static
2019-07-16 15:40:40,744 INFO  http.HttpServer2 (HttpServer2.java:bindListener(1191)) - Jetty bound to port 33887
2019-07-16 15:40:40,744 INFO  server.Server (Server.java:doStart(351)) - jetty-9.3.24.v20180605, build timestamp: 2018-06-05T17:11:56Z, git hash: 84205aa28f11a4f31f2a3b86d1bba2cc8ab69827
2019-07-16 15:40:40,746 INFO  handler.ContextHandler (ContextHandler.java:doStart(781)) - Started o.e.j.s.ServletContextHandler@3555d804{/logs,file:///workdir/hadoop-ozone/integration-test/target/log,AVAILABLE}
2019-07-16 15:40:40,747 INFO  handler.ContextHandler (ContextHandler.java:doStart(781)) - Started o.e.j.s.ServletContextHandler@46a9c368{/static,jar:file:/home/user/.m2/repository/org/apache/hadoop/hadoop-hdds-container-service/0.5.0-SNAPSHOT/hadoop-hdds-container-service-0.5.0-SNAPSHOT.jar!/webapps/static,AVAILABLE}
2019-07-16 15:40:40,774 INFO  handler.ContextHandler (ContextHandler.java:doStart(781)) - Started o.e.j.w.WebAppContext@2ecf4b3e{/,file:///tmp/jetty-0.0.0.0-33887-hddsDatanode-_-any-6454695358071140317.dir/webapp/,AVAILABLE}{/hddsDatanode}
2019-07-16 15:40:40,774 INFO  server.AbstractConnector (AbstractConnector.java:doStart(278)) - Started ServerConnector@5f1c406e{HTTP/1.1,[http/1.1]}{0.0.0.0:33887}
2019-07-16 15:40:40,775 INFO  server.Server (Server.java:doStart(419)) - Started @559054ms
2019-07-16 15:40:40,776 INFO  server.BaseHttpServer (BaseHttpServer.java:updateConnectorAddress(207)) - HTTP server of HDDSDATANODE is listening at http://0.0.0.0:33887
2019-07-16 15:40:40,874 INFO  ozone.HddsDatanodeService (HddsDatanodeService.java:startPlugins(396)) - Started plug-in org.apache.hadoop.ozone.web.OzoneHddsDatanodeService@32eb38e5
2019-07-16 15:40:40,874 INFO  impl.MetricsSystemImpl (MetricsSystemImpl.java:init(158)) - HddsDatanode metrics system started (again)
2019-07-16 15:40:40,877 INFO  ozone.HddsDatanodeService (HddsDatanodeService.java:start(185)) - HddsDatanodeService host:trunk-nightly-kgw5x-1882989438 ip:192.168.69.88
2019-07-16 15:40:40,878 INFO  util.JvmPauseMonitor (JvmPauseMonitor.java:run(188)) - Starting JVM pause monitor
2019-07-16 15:40:40,879 INFO  datanode.InitDatanodeState (InitDatanodeState.java:persistContainerDatanodeDetails(140)) - DatanodeDetails is persisted to /workdir/hadoop-ozone/integration-test/target/test-dir/MiniOzoneClusterImpl-386b5208-f273-4a43-a586-80facaa1f908/datanode-1/meta/datanode.id
2019-07-16 15:40:40,886 INFO  volume.HddsVolume (HddsVolume.java:<init>(176)) - Creating Volume: /workdir/hadoop-ozone/integration-test/target/test-dir/MiniOzoneClusterImpl-386b5208-f273-4a43-a586-80facaa1f908/datanode-2/data/containers/hdds of  storage type : DISK and capacity : 52710309888
2019-07-16 15:40:40,887 INFO  volume.VolumeSet (VolumeSet.java:initializeVolumeSet(170)) - Added Volume : /workdir/hadoop-ozone/integration-test/target/test-dir/MiniOzoneClusterImpl-386b5208-f273-4a43-a586-80facaa1f908/datanode-2/data/containers/hdds to VolumeSet
2019-07-16 15:40:40,887 INFO  volume.ThrottledAsyncChecker (ThrottledAsyncChecker.java:schedule(140)) - Scheduling a check for org.apache.hadoop.ozone.container.common.volume.HddsVolume@3e984100
2019-07-16 15:40:40,887 INFO  volume.HddsVolumeChecker (HddsVolumeChecker.java:checkAllVolumes(203)) - Scheduled health check for volume org.apache.hadoop.ozone.container.common.volume.HddsVolume@3e984100
2019-07-16 15:40:40,901 INFO  impl.RaftServerProxy (ConfUtils.java:logGet(43)) - raft.rpc.type = GRPC (default)
2019-07-16 15:40:40,902 INFO  grpc.GrpcFactory (GrpcFactory.java:checkPooledByteBufAllocatorUseCacheForAllThreads(45)) - PERFORMANCE WARNING: useCacheForAllThreads is true that may cause Netty to create a lot garbage objects and, as a result, trigger GC.
	It is recommended to disable useCacheForAllThreads by setting -Dorg.apache.ratis.thirdparty.io.netty.allocator.useCacheForAllThreads=false in command line.
2019-07-16 15:40:40,902 INFO  grpc.GrpcConfigKeys$Server (ConfUtils.java:logGet(43)) - raft.grpc.server.port = 0 (default)
2019-07-16 15:40:40,902 INFO  server.GrpcService (ConfUtils.java:logGet(43)) - raft.grpc.message.size.max = 33570816 (custom)
2019-07-16 15:40:40,902 INFO  server.RaftServerConfigKeys (ConfUtils.java:logGet(43)) - raft.server.log.appender.buffer.byte-limit = 33554432 (custom)
2019-07-16 15:40:40,902 INFO  server.GrpcService (ConfUtils.java:logGet(43)) - raft.grpc.flow.control.window = 1MB (=1048576) (default)
2019-07-16 15:40:40,903 INFO  server.RaftServerConfigKeys (ConfUtils.java:logGet(43)) - raft.server.rpc.request.timeout = 3000ms (default)
2019-07-16 15:40:40,903 INFO  server.RaftServerConfigKeys (ConfUtils.java:logGet(43)) - raft.server.storage.dir = [/workdir/hadoop-ozone/integration-test/target/test-dir/MiniOzoneClusterImpl-386b5208-f273-4a43-a586-80facaa1f908/datanode-2/data/ratis] (custom)
2019-07-16 15:40:40,903 INFO  replication.SimpleContainerDownloader (SimpleContainerDownloader.java:<init>(72)) - Starting container downloader service to copy containers to replicate.
2019-07-16 15:40:40,904 INFO  hdfs.DFSUtil (DFSUtil.java:httpServerTemplateForNNAndJN(1641)) - Starting Web-server for hddsDatanode at: http://0.0.0.0:0
2019-07-16 15:40:40,905 INFO  server.AuthenticationFilter (AuthenticationFilter.java:constructSecretProvider(240)) - Unable to initialize FileSignerSecretProvider, falling back to use random secrets.
2019-07-16 15:40:40,906 WARN  http.HttpRequestLog (HttpRequestLog.java:getRequestLog(97)) - Jetty request log can only be enabled using Log4j
2019-07-16 15:40:40,907 INFO  http.HttpServer2 (HttpServer2.java:addGlobalFilter(975)) - Added global filter 'safety' (class=org.apache.hadoop.http.HttpServer2$QuotingInputFilter)
2019-07-16 15:40:40,907 INFO  http.HttpServer2 (HttpServer2.java:addFilter(948)) - Added filter static_user_filter (class=org.apache.hadoop.http.lib.StaticUserWebFilter$StaticUserFilter) to context hddsDatanode
2019-07-16 15:40:40,908 INFO  http.HttpServer2 (HttpServer2.java:addFilter(958)) - Added filter static_user_filter (class=org.apache.hadoop.http.lib.StaticUserWebFilter$StaticUserFilter) to context logs
2019-07-16 15:40:40,908 INFO  http.HttpServer2 (HttpServer2.java:addFilter(958)) - Added filter static_user_filter (class=org.apache.hadoop.http.lib.StaticUserWebFilter$StaticUserFilter) to context static
2019-07-16 15:40:40,908 INFO  http.HttpServer2 (HttpServer2.java:bindListener(1191)) - Jetty bound to port 39629
2019-07-16 15:40:40,908 INFO  server.Server (Server.java:doStart(351)) - jetty-9.3.24.v20180605, build timestamp: 2018-06-05T17:11:56Z, git hash: 84205aa28f11a4f31f2a3b86d1bba2cc8ab69827
2019-07-16 15:40:40,910 INFO  handler.ContextHandler (ContextHandler.java:doStart(781)) - Started o.e.j.s.ServletContextHandler@7dc963be{/logs,file:///workdir/hadoop-ozone/integration-test/target/log,AVAILABLE}
2019-07-16 15:40:40,910 INFO  handler.ContextHandler (ContextHandler.java:doStart(781)) - Started o.e.j.s.ServletContextHandler@6f9999f6{/static,jar:file:/home/user/.m2/repository/org/apache/hadoop/hadoop-hdds-container-service/0.5.0-SNAPSHOT/hadoop-hdds-container-service-0.5.0-SNAPSHOT.jar!/webapps/static,AVAILABLE}
2019-07-16 15:40:40,938 INFO  handler.ContextHandler (ContextHandler.java:doStart(781)) - Started o.e.j.w.WebAppContext@22fe90df{/,file:///tmp/jetty-0.0.0.0-39629-hddsDatanode-_-any-4896327130304033024.dir/webapp/,AVAILABLE}{/hddsDatanode}
2019-07-16 15:40:40,938 INFO  server.AbstractConnector (AbstractConnector.java:doStart(278)) - Started ServerConnector@2604940{HTTP/1.1,[http/1.1]}{0.0.0.0:39629}
2019-07-16 15:40:40,939 INFO  server.Server (Server.java:doStart(419)) - Started @559218ms
2019-07-16 15:40:40,940 INFO  server.BaseHttpServer (BaseHttpServer.java:updateConnectorAddress(207)) - HTTP server of HDDSDATANODE is listening at http://0.0.0.0:39629
2019-07-16 15:40:41,037 INFO  ozone.HddsDatanodeService (HddsDatanodeService.java:startPlugins(396)) - Started plug-in org.apache.hadoop.ozone.web.OzoneHddsDatanodeService@224e7aa5
2019-07-16 15:40:41,038 INFO  impl.MetricsSystemImpl (MetricsSystemImpl.java:init(158)) - HddsDatanode metrics system started (again)
2019-07-16 15:40:41,039 INFO  ozone.HddsDatanodeService (HddsDatanodeService.java:start(185)) - HddsDatanodeService host:trunk-nightly-kgw5x-1882989438 ip:192.168.69.88
2019-07-16 15:40:41,041 INFO  util.JvmPauseMonitor (JvmPauseMonitor.java:run(188)) - Starting JVM pause monitor
2019-07-16 15:40:41,043 INFO  datanode.InitDatanodeState (InitDatanodeState.java:persistContainerDatanodeDetails(140)) - DatanodeDetails is persisted to /workdir/hadoop-ozone/integration-test/target/test-dir/MiniOzoneClusterImpl-386b5208-f273-4a43-a586-80facaa1f908/datanode-2/meta/datanode.id
2019-07-16 15:40:41,050 INFO  volume.HddsVolume (HddsVolume.java:<init>(176)) - Creating Volume: /workdir/hadoop-ozone/integration-test/target/test-dir/MiniOzoneClusterImpl-386b5208-f273-4a43-a586-80facaa1f908/datanode-3/data/containers/hdds of  storage type : DISK and capacity : 52710309888
2019-07-16 15:40:41,050 INFO  volume.VolumeSet (VolumeSet.java:initializeVolumeSet(170)) - Added Volume : /workdir/hadoop-ozone/integration-test/target/test-dir/MiniOzoneClusterImpl-386b5208-f273-4a43-a586-80facaa1f908/datanode-3/data/containers/hdds to VolumeSet
2019-07-16 15:40:41,050 INFO  volume.ThrottledAsyncChecker (ThrottledAsyncChecker.java:schedule(140)) - Scheduling a check for org.apache.hadoop.ozone.container.common.volume.HddsVolume@5687ade6
2019-07-16 15:40:41,050 INFO  volume.HddsVolumeChecker (HddsVolumeChecker.java:checkAllVolumes(203)) - Scheduled health check for volume org.apache.hadoop.ozone.container.common.volume.HddsVolume@5687ade6
2019-07-16 15:40:41,064 INFO  impl.RaftServerProxy (ConfUtils.java:logGet(43)) - raft.rpc.type = GRPC (default)
2019-07-16 15:40:41,064 INFO  grpc.GrpcFactory (GrpcFactory.java:checkPooledByteBufAllocatorUseCacheForAllThreads(45)) - PERFORMANCE WARNING: useCacheForAllThreads is true that may cause Netty to create a lot garbage objects and, as a result, trigger GC.
	It is recommended to disable useCacheForAllThreads by setting -Dorg.apache.ratis.thirdparty.io.netty.allocator.useCacheForAllThreads=false in command line.
2019-07-16 15:40:41,065 INFO  grpc.GrpcConfigKeys$Server (ConfUtils.java:logGet(43)) - raft.grpc.server.port = 0 (default)
2019-07-16 15:40:41,065 INFO  server.GrpcService (ConfUtils.java:logGet(43)) - raft.grpc.message.size.max = 33570816 (custom)
2019-07-16 15:40:41,065 INFO  server.RaftServerConfigKeys (ConfUtils.java:logGet(43)) - raft.server.log.appender.buffer.byte-limit = 33554432 (custom)
2019-07-16 15:40:41,065 INFO  server.GrpcService (ConfUtils.java:logGet(43)) - raft.grpc.flow.control.window = 1MB (=1048576) (default)
2019-07-16 15:40:41,065 INFO  server.RaftServerConfigKeys (ConfUtils.java:logGet(43)) - raft.server.rpc.request.timeout = 3000ms (default)
2019-07-16 15:40:41,066 INFO  server.RaftServerConfigKeys (ConfUtils.java:logGet(43)) - raft.server.storage.dir = [/workdir/hadoop-ozone/integration-test/target/test-dir/MiniOzoneClusterImpl-386b5208-f273-4a43-a586-80facaa1f908/datanode-3/data/ratis] (custom)
2019-07-16 15:40:41,066 INFO  replication.SimpleContainerDownloader (SimpleContainerDownloader.java:<init>(72)) - Starting container downloader service to copy containers to replicate.
2019-07-16 15:40:41,067 INFO  hdfs.DFSUtil (DFSUtil.java:httpServerTemplateForNNAndJN(1641)) - Starting Web-server for hddsDatanode at: http://0.0.0.0:0
2019-07-16 15:40:41,068 INFO  server.AuthenticationFilter (AuthenticationFilter.java:constructSecretProvider(240)) - Unable to initialize FileSignerSecretProvider, falling back to use random secrets.
2019-07-16 15:40:41,068 WARN  http.HttpRequestLog (HttpRequestLog.java:getRequestLog(97)) - Jetty request log can only be enabled using Log4j
2019-07-16 15:40:41,070 INFO  http.HttpServer2 (HttpServer2.java:addGlobalFilter(975)) - Added global filter 'safety' (class=org.apache.hadoop.http.HttpServer2$QuotingInputFilter)
2019-07-16 15:40:41,070 INFO  http.HttpServer2 (HttpServer2.java:addFilter(948)) - Added filter static_user_filter (class=org.apache.hadoop.http.lib.StaticUserWebFilter$StaticUserFilter) to context hddsDatanode
2019-07-16 15:40:41,070 INFO  http.HttpServer2 (HttpServer2.java:addFilter(958)) - Added filter static_user_filter (class=org.apache.hadoop.http.lib.StaticUserWebFilter$StaticUserFilter) to context static
2019-07-16 15:40:41,070 INFO  http.HttpServer2 (HttpServer2.java:addFilter(958)) - Added filter static_user_filter (class=org.apache.hadoop.http.lib.StaticUserWebFilter$StaticUserFilter) to context logs
2019-07-16 15:40:41,071 INFO  http.HttpServer2 (HttpServer2.java:bindListener(1191)) - Jetty bound to port 44822
2019-07-16 15:40:41,071 INFO  server.Server (Server.java:doStart(351)) - jetty-9.3.24.v20180605, build timestamp: 2018-06-05T17:11:56Z, git hash: 84205aa28f11a4f31f2a3b86d1bba2cc8ab69827
2019-07-16 15:40:41,073 INFO  handler.ContextHandler (ContextHandler.java:doStart(781)) - Started o.e.j.s.ServletContextHandler@445c693{/logs,file:///workdir/hadoop-ozone/integration-test/target/log,AVAILABLE}
2019-07-16 15:40:41,073 INFO  handler.ContextHandler (ContextHandler.java:doStart(781)) - Started o.e.j.s.ServletContextHandler@272485a6{/static,jar:file:/home/user/.m2/repository/org/apache/hadoop/hadoop-hdds-container-service/0.5.0-SNAPSHOT/hadoop-hdds-container-service-0.5.0-SNAPSHOT.jar!/webapps/static,AVAILABLE}
2019-07-16 15:40:41,099 INFO  handler.ContextHandler (ContextHandler.java:doStart(781)) - Started o.e.j.w.WebAppContext@47bbf44d{/,file:///tmp/jetty-0.0.0.0-44822-hddsDatanode-_-any-3630706501218509593.dir/webapp/,AVAILABLE}{/hddsDatanode}
2019-07-16 15:40:41,100 INFO  server.AbstractConnector (AbstractConnector.java:doStart(278)) - Started ServerConnector@35c9f527{HTTP/1.1,[http/1.1]}{0.0.0.0:44822}
2019-07-16 15:40:41,102 INFO  server.Server (Server.java:doStart(419)) - Started @559381ms
2019-07-16 15:40:41,103 INFO  server.BaseHttpServer (BaseHttpServer.java:updateConnectorAddress(207)) - HTTP server of HDDSDATANODE is listening at http://0.0.0.0:44822
2019-07-16 15:40:41,228 INFO  ozone.HddsDatanodeService (HddsDatanodeService.java:startPlugins(396)) - Started plug-in org.apache.hadoop.ozone.web.OzoneHddsDatanodeService@53cb9b1
2019-07-16 15:40:41,228 INFO  impl.MetricsSystemImpl (MetricsSystemImpl.java:init(158)) - HddsDatanode metrics system started (again)
2019-07-16 15:40:41,231 INFO  ozone.HddsDatanodeService (HddsDatanodeService.java:start(185)) - HddsDatanodeService host:trunk-nightly-kgw5x-1882989438 ip:192.168.69.88
2019-07-16 15:40:41,232 INFO  util.JvmPauseMonitor (JvmPauseMonitor.java:run(188)) - Starting JVM pause monitor
2019-07-16 15:40:41,233 INFO  datanode.InitDatanodeState (InitDatanodeState.java:persistContainerDatanodeDetails(140)) - DatanodeDetails is persisted to /workdir/hadoop-ozone/integration-test/target/test-dir/MiniOzoneClusterImpl-386b5208-f273-4a43-a586-80facaa1f908/datanode-3/meta/datanode.id
2019-07-16 15:40:41,240 INFO  volume.HddsVolume (HddsVolume.java:<init>(176)) - Creating Volume: /workdir/hadoop-ozone/integration-test/target/test-dir/MiniOzoneClusterImpl-386b5208-f273-4a43-a586-80facaa1f908/datanode-4/data/containers/hdds of  storage type : DISK and capacity : 52710309888
2019-07-16 15:40:41,241 INFO  volume.VolumeSet (VolumeSet.java:initializeVolumeSet(170)) - Added Volume : /workdir/hadoop-ozone/integration-test/target/test-dir/MiniOzoneClusterImpl-386b5208-f273-4a43-a586-80facaa1f908/datanode-4/data/containers/hdds to VolumeSet
2019-07-16 15:40:41,241 INFO  volume.ThrottledAsyncChecker (ThrottledAsyncChecker.java:schedule(140)) - Scheduling a check for org.apache.hadoop.ozone.container.common.volume.HddsVolume@28ffa527
2019-07-16 15:40:41,241 INFO  volume.HddsVolumeChecker (HddsVolumeChecker.java:checkAllVolumes(203)) - Scheduled health check for volume org.apache.hadoop.ozone.container.common.volume.HddsVolume@28ffa527
2019-07-16 15:40:41,256 INFO  impl.RaftServerProxy (ConfUtils.java:logGet(43)) - raft.rpc.type = GRPC (default)
2019-07-16 15:40:41,256 INFO  grpc.GrpcFactory (GrpcFactory.java:checkPooledByteBufAllocatorUseCacheForAllThreads(45)) - PERFORMANCE WARNING: useCacheForAllThreads is true that may cause Netty to create a lot garbage objects and, as a result, trigger GC.
	It is recommended to disable useCacheForAllThreads by setting -Dorg.apache.ratis.thirdparty.io.netty.allocator.useCacheForAllThreads=false in command line.
2019-07-16 15:40:41,256 INFO  grpc.GrpcConfigKeys$Server (ConfUtils.java:logGet(43)) - raft.grpc.server.port = 0 (default)
2019-07-16 15:40:41,256 INFO  server.GrpcService (ConfUtils.java:logGet(43)) - raft.grpc.message.size.max = 33570816 (custom)
2019-07-16 15:40:41,256 INFO  server.RaftServerConfigKeys (ConfUtils.java:logGet(43)) - raft.server.log.appender.buffer.byte-limit = 33554432 (custom)
2019-07-16 15:40:41,257 INFO  server.GrpcService (ConfUtils.java:logGet(43)) - raft.grpc.flow.control.window = 1MB (=1048576) (default)
2019-07-16 15:40:41,257 INFO  server.RaftServerConfigKeys (ConfUtils.java:logGet(43)) - raft.server.rpc.request.timeout = 3000ms (default)
2019-07-16 15:40:41,257 INFO  server.RaftServerConfigKeys (ConfUtils.java:logGet(43)) - raft.server.storage.dir = [/workdir/hadoop-ozone/integration-test/target/test-dir/MiniOzoneClusterImpl-386b5208-f273-4a43-a586-80facaa1f908/datanode-4/data/ratis] (custom)
2019-07-16 15:40:41,258 INFO  replication.SimpleContainerDownloader (SimpleContainerDownloader.java:<init>(72)) - Starting container downloader service to copy containers to replicate.
2019-07-16 15:40:41,259 INFO  hdfs.DFSUtil (DFSUtil.java:httpServerTemplateForNNAndJN(1641)) - Starting Web-server for hddsDatanode at: http://0.0.0.0:0
2019-07-16 15:40:41,261 INFO  server.AuthenticationFilter (AuthenticationFilter.java:constructSecretProvider(240)) - Unable to initialize FileSignerSecretProvider, falling back to use random secrets.
2019-07-16 15:40:41,262 WARN  http.HttpRequestLog (HttpRequestLog.java:getRequestLog(97)) - Jetty request log can only be enabled using Log4j
2019-07-16 15:40:41,264 INFO  http.HttpServer2 (HttpServer2.java:addGlobalFilter(975)) - Added global filter 'safety' (class=org.apache.hadoop.http.HttpServer2$QuotingInputFilter)
2019-07-16 15:40:41,264 INFO  http.HttpServer2 (HttpServer2.java:addFilter(948)) - Added filter static_user_filter (class=org.apache.hadoop.http.lib.StaticUserWebFilter$StaticUserFilter) to context hddsDatanode
2019-07-16 15:40:41,265 INFO  http.HttpServer2 (HttpServer2.java:addFilter(958)) - Added filter static_user_filter (class=org.apache.hadoop.http.lib.StaticUserWebFilter$StaticUserFilter) to context static
2019-07-16 15:40:41,265 INFO  http.HttpServer2 (HttpServer2.java:addFilter(958)) - Added filter static_user_filter (class=org.apache.hadoop.http.lib.StaticUserWebFilter$StaticUserFilter) to context logs
2019-07-16 15:40:41,266 INFO  http.HttpServer2 (HttpServer2.java:bindListener(1191)) - Jetty bound to port 37945
2019-07-16 15:40:41,266 INFO  server.Server (Server.java:doStart(351)) - jetty-9.3.24.v20180605, build timestamp: 2018-06-05T17:11:56Z, git hash: 84205aa28f11a4f31f2a3b86d1bba2cc8ab69827
2019-07-16 15:40:41,268 INFO  handler.ContextHandler (ContextHandler.java:doStart(781)) - Started o.e.j.s.ServletContextHandler@662b199{/logs,file:///workdir/hadoop-ozone/integration-test/target/log,AVAILABLE}
2019-07-16 15:40:41,269 INFO  handler.ContextHandler (ContextHandler.java:doStart(781)) - Started o.e.j.s.ServletContextHandler@222dc36c{/static,jar:file:/home/user/.m2/repository/org/apache/hadoop/hadoop-hdds-container-service/0.5.0-SNAPSHOT/hadoop-hdds-container-service-0.5.0-SNAPSHOT.jar!/webapps/static,AVAILABLE}
2019-07-16 15:40:41,313 INFO  handler.ContextHandler (ContextHandler.java:doStart(781)) - Started o.e.j.w.WebAppContext@4a7427f9{/,file:///tmp/jetty-0.0.0.0-37945-hddsDatanode-_-any-4888991635996767185.dir/webapp/,AVAILABLE}{/hddsDatanode}
2019-07-16 15:40:41,313 INFO  server.AbstractConnector (AbstractConnector.java:doStart(278)) - Started ServerConnector@155767a7{HTTP/1.1,[http/1.1]}{0.0.0.0:37945}
2019-07-16 15:40:41,314 INFO  server.Server (Server.java:doStart(419)) - Started @559593ms
2019-07-16 15:40:41,315 INFO  server.BaseHttpServer (BaseHttpServer.java:updateConnectorAddress(207)) - HTTP server of HDDSDATANODE is listening at http://0.0.0.0:37945
2019-07-16 15:40:41,424 INFO  ozone.HddsDatanodeService (HddsDatanodeService.java:startPlugins(396)) - Started plug-in org.apache.hadoop.ozone.web.OzoneHddsDatanodeService@723081a2
2019-07-16 15:40:41,425 INFO  impl.MetricsSystemImpl (MetricsSystemImpl.java:init(158)) - HddsDatanode metrics system started (again)
2019-07-16 15:40:41,426 INFO  ozone.HddsDatanodeService (HddsDatanodeService.java:start(185)) - HddsDatanodeService host:trunk-nightly-kgw5x-1882989438 ip:192.168.69.88
2019-07-16 15:40:41,429 INFO  util.JvmPauseMonitor (JvmPauseMonitor.java:run(188)) - Starting JVM pause monitor
2019-07-16 15:40:41,430 INFO  datanode.InitDatanodeState (InitDatanodeState.java:persistContainerDatanodeDetails(140)) - DatanodeDetails is persisted to /workdir/hadoop-ozone/integration-test/target/test-dir/MiniOzoneClusterImpl-386b5208-f273-4a43-a586-80facaa1f908/datanode-4/meta/datanode.id
2019-07-16 15:40:41,439 INFO  volume.HddsVolume (HddsVolume.java:<init>(176)) - Creating Volume: /workdir/hadoop-ozone/integration-test/target/test-dir/MiniOzoneClusterImpl-386b5208-f273-4a43-a586-80facaa1f908/datanode-5/data/containers/hdds of  storage type : DISK and capacity : 52710309888
2019-07-16 15:40:41,439 INFO  volume.VolumeSet (VolumeSet.java:initializeVolumeSet(170)) - Added Volume : /workdir/hadoop-ozone/integration-test/target/test-dir/MiniOzoneClusterImpl-386b5208-f273-4a43-a586-80facaa1f908/datanode-5/data/containers/hdds to VolumeSet
2019-07-16 15:40:41,439 INFO  volume.ThrottledAsyncChecker (ThrottledAsyncChecker.java:schedule(140)) - Scheduling a check for org.apache.hadoop.ozone.container.common.volume.HddsVolume@356cb230
2019-07-16 15:40:41,440 INFO  volume.HddsVolumeChecker (HddsVolumeChecker.java:checkAllVolumes(203)) - Scheduled health check for volume org.apache.hadoop.ozone.container.common.volume.HddsVolume@356cb230
2019-07-16 15:40:41,453 INFO  impl.RaftServerProxy (ConfUtils.java:logGet(43)) - raft.rpc.type = GRPC (default)
2019-07-16 15:40:41,453 INFO  grpc.GrpcFactory (GrpcFactory.java:checkPooledByteBufAllocatorUseCacheForAllThreads(45)) - PERFORMANCE WARNING: useCacheForAllThreads is true that may cause Netty to create a lot garbage objects and, as a result, trigger GC.
	It is recommended to disable useCacheForAllThreads by setting -Dorg.apache.ratis.thirdparty.io.netty.allocator.useCacheForAllThreads=false in command line.
2019-07-16 15:40:41,454 INFO  grpc.GrpcConfigKeys$Server (ConfUtils.java:logGet(43)) - raft.grpc.server.port = 0 (default)
2019-07-16 15:40:41,454 INFO  server.GrpcService (ConfUtils.java:logGet(43)) - raft.grpc.message.size.max = 33570816 (custom)
2019-07-16 15:40:41,454 INFO  server.RaftServerConfigKeys (ConfUtils.java:logGet(43)) - raft.server.log.appender.buffer.byte-limit = 33554432 (custom)
2019-07-16 15:40:41,454 INFO  server.GrpcService (ConfUtils.java:logGet(43)) - raft.grpc.flow.control.window = 1MB (=1048576) (default)
2019-07-16 15:40:41,454 INFO  server.RaftServerConfigKeys (ConfUtils.java:logGet(43)) - raft.server.rpc.request.timeout = 3000ms (default)
2019-07-16 15:40:41,455 INFO  server.RaftServerConfigKeys (ConfUtils.java:logGet(43)) - raft.server.storage.dir = [/workdir/hadoop-ozone/integration-test/target/test-dir/MiniOzoneClusterImpl-386b5208-f273-4a43-a586-80facaa1f908/datanode-5/data/ratis] (custom)
2019-07-16 15:40:41,455 INFO  replication.SimpleContainerDownloader (SimpleContainerDownloader.java:<init>(72)) - Starting container downloader service to copy containers to replicate.
2019-07-16 15:40:41,457 INFO  hdfs.DFSUtil (DFSUtil.java:httpServerTemplateForNNAndJN(1641)) - Starting Web-server for hddsDatanode at: http://0.0.0.0:0
2019-07-16 15:40:41,458 INFO  server.AuthenticationFilter (AuthenticationFilter.java:constructSecretProvider(240)) - Unable to initialize FileSignerSecretProvider, falling back to use random secrets.
2019-07-16 15:40:41,459 WARN  http.HttpRequestLog (HttpRequestLog.java:getRequestLog(97)) - Jetty request log can only be enabled using Log4j
2019-07-16 15:40:41,460 INFO  http.HttpServer2 (HttpServer2.java:addGlobalFilter(975)) - Added global filter 'safety' (class=org.apache.hadoop.http.HttpServer2$QuotingInputFilter)
2019-07-16 15:40:41,460 INFO  http.HttpServer2 (HttpServer2.java:addFilter(948)) - Added filter static_user_filter (class=org.apache.hadoop.http.lib.StaticUserWebFilter$StaticUserFilter) to context hddsDatanode
2019-07-16 15:40:41,460 INFO  http.HttpServer2 (HttpServer2.java:addFilter(958)) - Added filter static_user_filter (class=org.apache.hadoop.http.lib.StaticUserWebFilter$StaticUserFilter) to context static
2019-07-16 15:40:41,460 INFO  http.HttpServer2 (HttpServer2.java:addFilter(958)) - Added filter static_user_filter (class=org.apache.hadoop.http.lib.StaticUserWebFilter$StaticUserFilter) to context logs
2019-07-16 15:40:41,461 INFO  http.HttpServer2 (HttpServer2.java:bindListener(1191)) - Jetty bound to port 34378
2019-07-16 15:40:41,461 INFO  server.Server (Server.java:doStart(351)) - jetty-9.3.24.v20180605, build timestamp: 2018-06-05T17:11:56Z, git hash: 84205aa28f11a4f31f2a3b86d1bba2cc8ab69827
2019-07-16 15:40:41,462 INFO  handler.ContextHandler (ContextHandler.java:doStart(781)) - Started o.e.j.s.ServletContextHandler@3bf4b018{/logs,file:///workdir/hadoop-ozone/integration-test/target/log,AVAILABLE}
2019-07-16 15:40:41,463 INFO  handler.ContextHandler (ContextHandler.java:doStart(781)) - Started o.e.j.s.ServletContextHandler@55d98bbb{/static,jar:file:/home/user/.m2/repository/org/apache/hadoop/hadoop-hdds-container-service/0.5.0-SNAPSHOT/hadoop-hdds-container-service-0.5.0-SNAPSHOT.jar!/webapps/static,AVAILABLE}
2019-07-16 15:40:41,489 INFO  handler.ContextHandler (ContextHandler.java:doStart(781)) - Started o.e.j.w.WebAppContext@6a3c1b56{/,file:///tmp/jetty-0.0.0.0-34378-hddsDatanode-_-any-4269298698139617981.dir/webapp/,AVAILABLE}{/hddsDatanode}
2019-07-16 15:40:41,489 INFO  server.AbstractConnector (AbstractConnector.java:doStart(278)) - Started ServerConnector@3b8ce72{HTTP/1.1,[http/1.1]}{0.0.0.0:34378}
2019-07-16 15:40:41,491 INFO  server.Server (Server.java:doStart(419)) - Started @559769ms
2019-07-16 15:40:41,491 INFO  server.BaseHttpServer (BaseHttpServer.java:updateConnectorAddress(207)) - HTTP server of HDDSDATANODE is listening at http://0.0.0.0:34378
2019-07-16 15:40:41,589 INFO  ozone.HddsDatanodeService (HddsDatanodeService.java:startPlugins(396)) - Started plug-in org.apache.hadoop.ozone.web.OzoneHddsDatanodeService@711261c7
2019-07-16 15:40:41,589 INFO  impl.MetricsSystemImpl (MetricsSystemImpl.java:init(158)) - HddsDatanode metrics system started (again)
2019-07-16 15:40:41,592 INFO  ozone.HddsDatanodeService (HddsDatanodeService.java:start(185)) - HddsDatanodeService host:trunk-nightly-kgw5x-1882989438 ip:192.168.69.88
2019-07-16 15:40:41,593 INFO  util.JvmPauseMonitor (JvmPauseMonitor.java:run(188)) - Starting JVM pause monitor
2019-07-16 15:40:41,594 INFO  datanode.InitDatanodeState (InitDatanodeState.java:persistContainerDatanodeDetails(140)) - DatanodeDetails is persisted to /workdir/hadoop-ozone/integration-test/target/test-dir/MiniOzoneClusterImpl-386b5208-f273-4a43-a586-80facaa1f908/datanode-5/meta/datanode.id
2019-07-16 15:40:41,603 INFO  volume.HddsVolume (HddsVolume.java:<init>(176)) - Creating Volume: /workdir/hadoop-ozone/integration-test/target/test-dir/MiniOzoneClusterImpl-386b5208-f273-4a43-a586-80facaa1f908/datanode-6/data/containers/hdds of  storage type : DISK and capacity : 52710309888
2019-07-16 15:40:41,603 INFO  volume.VolumeSet (VolumeSet.java:initializeVolumeSet(170)) - Added Volume : /workdir/hadoop-ozone/integration-test/target/test-dir/MiniOzoneClusterImpl-386b5208-f273-4a43-a586-80facaa1f908/datanode-6/data/containers/hdds to VolumeSet
2019-07-16 15:40:41,603 INFO  volume.ThrottledAsyncChecker (ThrottledAsyncChecker.java:schedule(140)) - Scheduling a check for org.apache.hadoop.ozone.container.common.volume.HddsVolume@42a89cef
2019-07-16 15:40:41,604 INFO  volume.HddsVolumeChecker (HddsVolumeChecker.java:checkAllVolumes(203)) - Scheduled health check for volume org.apache.hadoop.ozone.container.common.volume.HddsVolume@42a89cef
2019-07-16 15:40:41,623 INFO  impl.RaftServerProxy (ConfUtils.java:logGet(43)) - raft.rpc.type = GRPC (default)
2019-07-16 15:40:41,623 INFO  grpc.GrpcFactory (GrpcFactory.java:checkPooledByteBufAllocatorUseCacheForAllThreads(45)) - PERFORMANCE WARNING: useCacheForAllThreads is true that may cause Netty to create a lot garbage objects and, as a result, trigger GC.
	It is recommended to disable useCacheForAllThreads by setting -Dorg.apache.ratis.thirdparty.io.netty.allocator.useCacheForAllThreads=false in command line.
2019-07-16 15:40:41,624 INFO  grpc.GrpcConfigKeys$Server (ConfUtils.java:logGet(43)) - raft.grpc.server.port = 0 (default)
2019-07-16 15:40:41,624 INFO  server.GrpcService (ConfUtils.java:logGet(43)) - raft.grpc.message.size.max = 33570816 (custom)
2019-07-16 15:40:41,624 INFO  server.RaftServerConfigKeys (ConfUtils.java:logGet(43)) - raft.server.log.appender.buffer.byte-limit = 33554432 (custom)
2019-07-16 15:40:41,624 INFO  server.GrpcService (ConfUtils.java:logGet(43)) - raft.grpc.flow.control.window = 1MB (=1048576) (default)
2019-07-16 15:40:41,624 INFO  server.RaftServerConfigKeys (ConfUtils.java:logGet(43)) - raft.server.rpc.request.timeout = 3000ms (default)
2019-07-16 15:40:41,625 INFO  server.RaftServerConfigKeys (ConfUtils.java:logGet(43)) - raft.server.storage.dir = [/workdir/hadoop-ozone/integration-test/target/test-dir/MiniOzoneClusterImpl-386b5208-f273-4a43-a586-80facaa1f908/datanode-6/data/ratis] (custom)
2019-07-16 15:40:41,625 INFO  replication.SimpleContainerDownloader (SimpleContainerDownloader.java:<init>(72)) - Starting container downloader service to copy containers to replicate.
2019-07-16 15:40:41,626 INFO  hdfs.DFSUtil (DFSUtil.java:httpServerTemplateForNNAndJN(1641)) - Starting Web-server for hddsDatanode at: http://0.0.0.0:0
2019-07-16 15:40:41,628 INFO  server.AuthenticationFilter (AuthenticationFilter.java:constructSecretProvider(240)) - Unable to initialize FileSignerSecretProvider, falling back to use random secrets.
2019-07-16 15:40:41,628 WARN  http.HttpRequestLog (HttpRequestLog.java:getRequestLog(97)) - Jetty request log can only be enabled using Log4j
2019-07-16 15:40:41,630 INFO  http.HttpServer2 (HttpServer2.java:addGlobalFilter(975)) - Added global filter 'safety' (class=org.apache.hadoop.http.HttpServer2$QuotingInputFilter)
2019-07-16 15:40:41,630 INFO  http.HttpServer2 (HttpServer2.java:addFilter(948)) - Added filter static_user_filter (class=org.apache.hadoop.http.lib.StaticUserWebFilter$StaticUserFilter) to context hddsDatanode
2019-07-16 15:40:41,630 INFO  http.HttpServer2 (HttpServer2.java:addFilter(958)) - Added filter static_user_filter (class=org.apache.hadoop.http.lib.StaticUserWebFilter$StaticUserFilter) to context logs
2019-07-16 15:40:41,630 INFO  http.HttpServer2 (HttpServer2.java:addFilter(958)) - Added filter static_user_filter (class=org.apache.hadoop.http.lib.StaticUserWebFilter$StaticUserFilter) to context static
2019-07-16 15:40:41,631 INFO  http.HttpServer2 (HttpServer2.java:bindListener(1191)) - Jetty bound to port 35776
2019-07-16 15:40:41,631 INFO  server.Server (Server.java:doStart(351)) - jetty-9.3.24.v20180605, build timestamp: 2018-06-05T17:11:56Z, git hash: 84205aa28f11a4f31f2a3b86d1bba2cc8ab69827
2019-07-16 15:40:41,633 INFO  handler.ContextHandler (ContextHandler.java:doStart(781)) - Started o.e.j.s.ServletContextHandler@2220c5f7{/logs,file:///workdir/hadoop-ozone/integration-test/target/log,AVAILABLE}
2019-07-16 15:40:41,634 INFO  handler.ContextHandler (ContextHandler.java:doStart(781)) - Started o.e.j.s.ServletContextHandler@10b0dd3a{/static,jar:file:/home/user/.m2/repository/org/apache/hadoop/hadoop-hdds-container-service/0.5.0-SNAPSHOT/hadoop-hdds-container-service-0.5.0-SNAPSHOT.jar!/webapps/static,AVAILABLE}
2019-07-16 15:40:41,669 INFO  handler.ContextHandler (ContextHandler.java:doStart(781)) - Started o.e.j.w.WebAppContext@25814d3c{/,file:///tmp/jetty-0.0.0.0-35776-hddsDatanode-_-any-133192478492271369.dir/webapp/,AVAILABLE}{/hddsDatanode}
2019-07-16 15:40:41,670 INFO  server.AbstractConnector (AbstractConnector.java:doStart(278)) - Started ServerConnector@436103b1{HTTP/1.1,[http/1.1]}{0.0.0.0:35776}
2019-07-16 15:40:41,672 INFO  server.Server (Server.java:doStart(419)) - Started @559950ms
2019-07-16 15:40:41,672 INFO  server.BaseHttpServer (BaseHttpServer.java:updateConnectorAddress(207)) - HTTP server of HDDSDATANODE is listening at http://0.0.0.0:35776
2019-07-16 15:40:41,801 INFO  ozone.HddsDatanodeService (HddsDatanodeService.java:startPlugins(396)) - Started plug-in org.apache.hadoop.ozone.web.OzoneHddsDatanodeService@7c045627
2019-07-16 15:40:41,802 INFO  ozone.MiniOzoneClusterImpl (MiniOzoneClusterImpl.java:lambda$waitForClusterToBeReady$0(142)) - Waiting for cluster to be ready. Got 0 of 7 DN Heartbeats.
2019-07-16 15:40:41,809 INFO  util.JvmPauseMonitor (JvmPauseMonitor.java:run(188)) - Starting JVM pause monitor
2019-07-16 15:40:41,811 INFO  datanode.InitDatanodeState (InitDatanodeState.java:persistContainerDatanodeDetails(140)) - DatanodeDetails is persisted to /workdir/hadoop-ozone/integration-test/target/test-dir/MiniOzoneClusterImpl-386b5208-f273-4a43-a586-80facaa1f908/datanode-6/meta/datanode.id
2019-07-16 15:40:42,738 INFO  ozoneimpl.OzoneContainer (OzoneContainer.java:start(186)) - Attempting to start container services.
2019-07-16 15:40:42,738 INFO  ozoneimpl.OzoneContainer (OzoneContainer.java:startContainerScrub(160)) - Background container scrubber has been disabled by hdds.containerscrub.enabled
2019-07-16 15:40:42,738 INFO  ratis.XceiverServerRatis (XceiverServerRatis.java:start(418)) - Starting XceiverServerRatis b5c8bad0-1112-4930-b2f1-9816bb67ecb4 at port 0
2019-07-16 15:40:42,747 INFO  impl.RaftServerProxy (RaftServerProxy.java:lambda$start$3(299)) - b5c8bad0-1112-4930-b2f1-9816bb67ecb4: start RPC server
2019-07-16 15:40:42,749 INFO  server.GrpcService (GrpcService.java:startImpl(149)) - b5c8bad0-1112-4930-b2f1-9816bb67ecb4: GrpcService started, listening on 0.0.0.0/0.0.0.0:38133
2019-07-16 15:40:42,749 INFO  ratis.XceiverServerRatis (XceiverServerRatis.java:start(428)) - XceiverServerRatis b5c8bad0-1112-4930-b2f1-9816bb67ecb4 is started using port 38133
2019-07-16 15:40:42,755 INFO  server.XceiverServerGrpc (XceiverServerGrpc.java:start(161)) - XceiverServerGrpc b5c8bad0-1112-4930-b2f1-9816bb67ecb4 is started using port 37776
2019-07-16 15:40:42,802 INFO  ozone.MiniOzoneClusterImpl (MiniOzoneClusterImpl.java:lambda$waitForClusterToBeReady$0(142)) - Waiting for cluster to be ready. Got 0 of 7 DN Heartbeats.
2019-07-16 15:40:42,892 INFO  ozoneimpl.OzoneContainer (OzoneContainer.java:start(186)) - Attempting to start container services.
2019-07-16 15:40:42,892 INFO  ozoneimpl.OzoneContainer (OzoneContainer.java:startContainerScrub(160)) - Background container scrubber has been disabled by hdds.containerscrub.enabled
2019-07-16 15:40:42,892 INFO  ratis.XceiverServerRatis (XceiverServerRatis.java:start(418)) - Starting XceiverServerRatis a6d13e46-f00f-4c8a-a728-0b006a12ecd7 at port 0
2019-07-16 15:40:42,903 INFO  impl.RaftServerProxy (RaftServerProxy.java:lambda$start$3(299)) - a6d13e46-f00f-4c8a-a728-0b006a12ecd7: start RPC server
2019-07-16 15:40:42,903 INFO  server.GrpcService (GrpcService.java:startImpl(149)) - a6d13e46-f00f-4c8a-a728-0b006a12ecd7: GrpcService started, listening on 0.0.0.0/0.0.0.0:45853
2019-07-16 15:40:42,904 INFO  ratis.XceiverServerRatis (XceiverServerRatis.java:start(428)) - XceiverServerRatis a6d13e46-f00f-4c8a-a728-0b006a12ecd7 is started using port 45853
2019-07-16 15:40:42,904 INFO  server.XceiverServerGrpc (XceiverServerGrpc.java:start(161)) - XceiverServerGrpc a6d13e46-f00f-4c8a-a728-0b006a12ecd7 is started using port 45384
2019-07-16 15:40:43,054 INFO  ozoneimpl.OzoneContainer (OzoneContainer.java:start(186)) - Attempting to start container services.
2019-07-16 15:40:43,054 INFO  ozoneimpl.OzoneContainer (OzoneContainer.java:startContainerScrub(160)) - Background container scrubber has been disabled by hdds.containerscrub.enabled
2019-07-16 15:40:43,054 INFO  ratis.XceiverServerRatis (XceiverServerRatis.java:start(418)) - Starting XceiverServerRatis 9a22207e-ca6a-47bd-b084-7f19b158376f at port 0
2019-07-16 15:40:43,064 INFO  impl.RaftServerProxy (RaftServerProxy.java:lambda$start$3(299)) - 9a22207e-ca6a-47bd-b084-7f19b158376f: start RPC server
2019-07-16 15:40:43,065 INFO  server.GrpcService (GrpcService.java:startImpl(149)) - 9a22207e-ca6a-47bd-b084-7f19b158376f: GrpcService started, listening on 0.0.0.0/0.0.0.0:45156
2019-07-16 15:40:43,065 INFO  ratis.XceiverServerRatis (XceiverServerRatis.java:start(428)) - XceiverServerRatis 9a22207e-ca6a-47bd-b084-7f19b158376f is started using port 45156
2019-07-16 15:40:43,065 INFO  server.XceiverServerGrpc (XceiverServerGrpc.java:start(161)) - XceiverServerGrpc 9a22207e-ca6a-47bd-b084-7f19b158376f is started using port 46871
2019-07-16 15:40:43,284 INFO  ozoneimpl.OzoneContainer (OzoneContainer.java:start(186)) - Attempting to start container services.
2019-07-16 15:40:43,285 INFO  ozoneimpl.OzoneContainer (OzoneContainer.java:startContainerScrub(160)) - Background container scrubber has been disabled by hdds.containerscrub.enabled
2019-07-16 15:40:43,285 INFO  ratis.XceiverServerRatis (XceiverServerRatis.java:start(418)) - Starting XceiverServerRatis 7dff2f0e-a604-4fea-a429-db6e8d850676 at port 0
2019-07-16 15:40:43,294 INFO  impl.RaftServerProxy (RaftServerProxy.java:lambda$start$3(299)) - 7dff2f0e-a604-4fea-a429-db6e8d850676: start RPC server
2019-07-16 15:40:43,295 INFO  server.GrpcService (GrpcService.java:startImpl(149)) - 7dff2f0e-a604-4fea-a429-db6e8d850676: GrpcService started, listening on 0.0.0.0/0.0.0.0:42313
2019-07-16 15:40:43,295 INFO  ratis.XceiverServerRatis (XceiverServerRatis.java:start(428)) - XceiverServerRatis 7dff2f0e-a604-4fea-a429-db6e8d850676 is started using port 42313
2019-07-16 15:40:43,298 INFO  server.XceiverServerGrpc (XceiverServerGrpc.java:start(161)) - XceiverServerGrpc 7dff2f0e-a604-4fea-a429-db6e8d850676 is started using port 43154
2019-07-16 15:40:43,444 INFO  ozoneimpl.OzoneContainer (OzoneContainer.java:start(186)) - Attempting to start container services.
2019-07-16 15:40:43,444 INFO  ozoneimpl.OzoneContainer (OzoneContainer.java:startContainerScrub(160)) - Background container scrubber has been disabled by hdds.containerscrub.enabled
2019-07-16 15:40:43,444 INFO  ratis.XceiverServerRatis (XceiverServerRatis.java:start(418)) - Starting XceiverServerRatis 99aac624-90ba-45b0-8630-5cc530133441 at port 0
2019-07-16 15:40:43,453 INFO  impl.RaftServerProxy (RaftServerProxy.java:lambda$start$3(299)) - 99aac624-90ba-45b0-8630-5cc530133441: start RPC server
2019-07-16 15:40:43,454 INFO  server.GrpcService (GrpcService.java:startImpl(149)) - 99aac624-90ba-45b0-8630-5cc530133441: GrpcService started, listening on 0.0.0.0/0.0.0.0:36312
2019-07-16 15:40:43,454 INFO  ratis.XceiverServerRatis (XceiverServerRatis.java:start(428)) - XceiverServerRatis 99aac624-90ba-45b0-8630-5cc530133441 is started using port 36312
2019-07-16 15:40:43,454 INFO  server.XceiverServerGrpc (XceiverServerGrpc.java:start(161)) - XceiverServerGrpc 99aac624-90ba-45b0-8630-5cc530133441 is started using port 41197
2019-07-16 15:40:43,607 INFO  ozoneimpl.OzoneContainer (OzoneContainer.java:start(186)) - Attempting to start container services.
2019-07-16 15:40:43,607 INFO  ozoneimpl.OzoneContainer (OzoneContainer.java:startContainerScrub(160)) - Background container scrubber has been disabled by hdds.containerscrub.enabled
2019-07-16 15:40:43,607 INFO  ratis.XceiverServerRatis (XceiverServerRatis.java:start(418)) - Starting XceiverServerRatis c06e5ee5-4e1f-439c-a23c-76ab36500eb0 at port 0
2019-07-16 15:40:43,617 INFO  impl.RaftServerProxy (RaftServerProxy.java:lambda$start$3(299)) - c06e5ee5-4e1f-439c-a23c-76ab36500eb0: start RPC server
2019-07-16 15:40:43,633 INFO  server.GrpcService (GrpcService.java:startImpl(149)) - c06e5ee5-4e1f-439c-a23c-76ab36500eb0: GrpcService started, listening on 0.0.0.0/0.0.0.0:41700
2019-07-16 15:40:43,633 INFO  ratis.XceiverServerRatis (XceiverServerRatis.java:start(428)) - XceiverServerRatis c06e5ee5-4e1f-439c-a23c-76ab36500eb0 is started using port 41700
2019-07-16 15:40:43,637 INFO  server.XceiverServerGrpc (XceiverServerGrpc.java:start(161)) - XceiverServerGrpc c06e5ee5-4e1f-439c-a23c-76ab36500eb0 is started using port 32795
2019-07-16 15:40:43,803 INFO  ozone.MiniOzoneClusterImpl (MiniOzoneClusterImpl.java:lambda$waitForClusterToBeReady$0(142)) - Waiting for cluster to be ready. Got 0 of 7 DN Heartbeats.
2019-07-16 15:40:43,824 INFO  ozoneimpl.OzoneContainer (OzoneContainer.java:start(186)) - Attempting to start container services.
2019-07-16 15:40:43,824 INFO  ozoneimpl.OzoneContainer (OzoneContainer.java:startContainerScrub(160)) - Background container scrubber has been disabled by hdds.containerscrub.enabled
2019-07-16 15:40:43,825 INFO  ratis.XceiverServerRatis (XceiverServerRatis.java:start(418)) - Starting XceiverServerRatis dccbc6c7-1500-4991-a951-250918556bc3 at port 0
2019-07-16 15:40:43,834 INFO  impl.RaftServerProxy (RaftServerProxy.java:lambda$start$3(299)) - dccbc6c7-1500-4991-a951-250918556bc3: start RPC server
2019-07-16 15:40:43,834 INFO  server.GrpcService (GrpcService.java:startImpl(149)) - dccbc6c7-1500-4991-a951-250918556bc3: GrpcService started, listening on 0.0.0.0/0.0.0.0:44000
2019-07-16 15:40:43,835 INFO  ratis.XceiverServerRatis (XceiverServerRatis.java:start(428)) - XceiverServerRatis dccbc6c7-1500-4991-a951-250918556bc3 is started using port 44000
2019-07-16 15:40:43,835 INFO  server.XceiverServerGrpc (XceiverServerGrpc.java:start(161)) - XceiverServerGrpc dccbc6c7-1500-4991-a951-250918556bc3 is started using port 45416
2019-07-16 15:40:44,720 INFO  net.NetworkTopology (NetworkTopologyImpl.java:add(110)) - Added a new node: /default-rack/192.168.69.88
2019-07-16 15:40:44,723 INFO  node.SCMNodeManager (SCMNodeManager.java:register(269)) - Registered Data node : b5c8bad0-1112-4930-b2f1-9816bb67ecb4{ip: 192.168.69.88, host: trunk-nightly-kgw5x-1882989438, networkLocation: /default-rack, certSerialId: null}
2019-07-16 15:40:44,724 INFO  safemode.SCMSafeModeManager (DataNodeSafeModeRule.java:process(71)) - SCM in safe mode. 1 DataNodes registered, 1 required.
2019-07-16 15:40:44,727 INFO  safemode.SCMSafeModeManager (SCMSafeModeManager.java:validateSafeModeExitRules(177)) - ScmSafeModeManager, all rules are successfully validated
2019-07-16 15:40:44,727 INFO  safemode.SCMSafeModeManager (SCMSafeModeManager.java:exitSafeMode(193)) - SCM exiting safe mode.
2019-07-16 15:40:44,753 INFO  impl.RaftServerProxy (RaftServerProxy.java:addNew(89)) - b5c8bad0-1112-4930-b2f1-9816bb67ecb4: addNew group-5ED0B60E427F:[b5c8bad0-1112-4930-b2f1-9816bb67ecb4:192.168.69.88:38133] returns group-5ED0B60E427F:java.util.concurrent.CompletableFuture@21fcd65d[Not completed]
2019-07-16 15:40:44,754 INFO  impl.RaftServerImpl (RaftServerImpl.java:<init>(93)) - b5c8bad0-1112-4930-b2f1-9816bb67ecb4: new RaftServerImpl for group-5ED0B60E427F:[b5c8bad0-1112-4930-b2f1-9816bb67ecb4:192.168.69.88:38133] with ContainerStateMachine:uninitialized
2019-07-16 15:40:44,754 INFO  server.RaftServerConfigKeys (ConfUtils.java:logGet(43)) - raft.server.rpc.timeout.min = 5s (custom)
2019-07-16 15:40:44,754 INFO  server.RaftServerConfigKeys (ConfUtils.java:logGet(43)) - raft.server.rpc.timeout.max = 5200ms (custom)
2019-07-16 15:40:44,754 INFO  server.RaftServerConfigKeys (ConfUtils.java:logGet(43)) - raft.server.rpcslowness.timeout = 120s (custom)
2019-07-16 15:40:44,755 INFO  server.RaftServerConfigKeys (ConfUtils.java:logGet(43)) - raft.server.sleep.deviation.threshold = 300 (default)
2019-07-16 15:40:44,755 INFO  server.RaftServerConfigKeys (ConfUtils.java:logGet(43)) - raft.server.log.appender.install.snapshot.enabled = false (custom)
2019-07-16 15:40:44,755 INFO  impl.RaftServerImpl (ServerState.java:<init>(105)) - b5c8bad0-1112-4930-b2f1-9816bb67ecb4:group-5ED0B60E427F ConfigurationManager, init=-1: [b5c8bad0-1112-4930-b2f1-9816bb67ecb4:192.168.69.88:38133], old=null, confs=<EMPTY_MAP>
2019-07-16 15:40:44,755 INFO  server.RaftServerConfigKeys (ConfUtils.java:logGet(43)) - raft.server.storage.dir = [/workdir/hadoop-ozone/integration-test/target/test-dir/MiniOzoneClusterImpl-386b5208-f273-4a43-a586-80facaa1f908/datanode-0/data/ratis] (custom)
2019-07-16 15:40:44,756 INFO  storage.RaftStorageDirectory (RaftStorageDirectory.java:analyzeStorage(246)) - The storage directory /workdir/hadoop-ozone/integration-test/target/test-dir/MiniOzoneClusterImpl-386b5208-f273-4a43-a586-80facaa1f908/datanode-0/data/ratis/bd80b79a-5ded-427f-9e33-5ed0b60e427f does not exist. Creating ...
2019-07-16 15:40:44,781 INFO  storage.RaftStorageDirectory (RaftStorageDirectory.java:tryLock(328)) - Lock on /workdir/hadoop-ozone/integration-test/target/test-dir/MiniOzoneClusterImpl-386b5208-f273-4a43-a586-80facaa1f908/datanode-0/data/ratis/bd80b79a-5ded-427f-9e33-5ed0b60e427f/in_use.lock acquired by nodename 18277@trunk-nightly-kgw5x-1882989438
2019-07-16 15:40:44,803 INFO  ozone.MiniOzoneClusterImpl (MiniOzoneClusterImpl.java:lambda$waitForClusterToBeReady$0(142)) - Waiting for cluster to be ready. Got 1 of 7 DN Heartbeats.
2019-07-16 15:40:44,806 INFO  storage.RaftStorage (RaftStorage.java:format(72)) - Storage directory /workdir/hadoop-ozone/integration-test/target/test-dir/MiniOzoneClusterImpl-386b5208-f273-4a43-a586-80facaa1f908/datanode-0/data/ratis/bd80b79a-5ded-427f-9e33-5ed0b60e427f has been successfully formatted.
2019-07-16 15:40:44,806 INFO  ratis.ContainerStateMachine (ContainerStateMachine.java:loadSnapshot(200)) - group-5ED0B60E427F: The snapshot info is null. Setting the last applied indexto:(t:0, i:~)
2019-07-16 15:40:44,807 INFO  server.RaftServerConfigKeys (ConfUtils.java:logGet(43)) - raft.server.leader.election.timeout = 120s (custom)
2019-07-16 15:40:44,807 INFO  server.RaftServerConfigKeys (ConfUtils.java:logGet(43)) - raft.server.log.use.memory = false (default)
2019-07-16 15:40:44,807 INFO  server.RaftServerConfigKeys (ConfUtils.java:logGet(43)) - raft.server.log.purge.gap = 1000000000 (custom)
2019-07-16 15:40:44,807 INFO  server.RaftServerConfigKeys (ConfUtils.java:logGet(43)) - raft.server.log.appender.buffer.byte-limit = 33554432 (custom)
2019-07-16 15:40:44,808 INFO  server.RaftServerConfigKeys (ConfUtils.java:logGet(43)) - raft.server.log.segment.size.max = 1048576 (custom)
2019-07-16 15:40:44,808 INFO  server.RaftServerConfigKeys (ConfUtils.java:logGet(43)) - raft.server.log.segment.cache.num.max = 2 (custom)
2019-07-16 15:40:44,808 INFO  segmented.SegmentedRaftLogWorker (SegmentedRaftLogWorker.java:<init>(172)) - new b5c8bad0-1112-4930-b2f1-9816bb67ecb4-SegmentedRaftLogWorker:Storage Directory /workdir/hadoop-ozone/integration-test/target/test-dir/MiniOzoneClusterImpl-386b5208-f273-4a43-a586-80facaa1f908/datanode-0/data/ratis/bd80b79a-5ded-427f-9e33-5ed0b60e427f for RaftStorage:Storage Directory /workdir/hadoop-ozone/integration-test/target/test-dir/MiniOzoneClusterImpl-386b5208-f273-4a43-a586-80facaa1f908/datanode-0/data/ratis/bd80b79a-5ded-427f-9e33-5ed0b60e427f
2019-07-16 15:40:44,808 INFO  server.RaftServerConfigKeys (ConfUtils.java:logGet(43)) - raft.server.log.queue.byte-limit = 2147483647 (custom)
2019-07-16 15:40:44,808 INFO  server.RaftServerConfigKeys (ConfUtils.java:logGet(43)) - raft.server.log.queue.element-limit = 1024 (custom)
2019-07-16 15:40:44,809 INFO  server.RaftServerConfigKeys (ConfUtils.java:logGet(43)) - raft.server.log.segment.size.max = 1048576 (custom)
2019-07-16 15:40:44,809 INFO  server.RaftServerConfigKeys (ConfUtils.java:logGet(43)) - raft.server.log.preallocated.size = 16384 (custom)
2019-07-16 15:40:44,809 INFO  server.RaftServerConfigKeys (ConfUtils.java:logGet(43)) - raft.server.log.write.buffer.size = 33554432 (custom)
2019-07-16 15:40:44,810 INFO  server.RaftServerConfigKeys (ConfUtils.java:logGet(43)) - raft.server.log.force.sync.num = 128 (default)
2019-07-16 15:40:44,810 INFO  server.RaftServerConfigKeys (ConfUtils.java:logGet(43)) - raft.server.log.statemachine.data.sync = true (default)
2019-07-16 15:40:44,810 INFO  server.RaftServerConfigKeys (ConfUtils.java:logGet(43)) - raft.server.log.statemachine.data.sync.timeout = 10s (default)
2019-07-16 15:40:44,810 INFO  server.RaftServerConfigKeys (ConfUtils.java:logGet(43)) - raft.server.log.statemachine.data.sync.timeout.retry = -1 (default)
2019-07-16 15:40:44,811 INFO  server.RaftServerConfigKeys (ConfUtils.java:logGet(43)) - raft.server.log.statemachine.data.caching.enabled = true (custom)
2019-07-16 15:40:44,811 INFO  segmented.SegmentedRaftLogWorker (SegmentedRaftLogWorker.java:lambda$new$0(132)) - b5c8bad0-1112-4930-b2f1-9816bb67ecb4-SegmentedRaftLogWorker:Storage Directory /workdir/hadoop-ozone/integration-test/target/test-dir/MiniOzoneClusterImpl-386b5208-f273-4a43-a586-80facaa1f908/datanode-0/data/ratis/bd80b79a-5ded-427f-9e33-5ed0b60e427f: flushIndex: setUnconditionally 0 -> -1
2019-07-16 15:40:44,812 INFO  server.RaftServerConfigKeys (ConfUtils.java:logGet(43)) - raft.server.snapshot.auto.trigger.enabled = true (custom)
2019-07-16 15:40:44,812 INFO  server.RaftServerConfigKeys (ConfUtils.java:logGet(43)) - raft.server.snapshot.auto.trigger.threshold = 10000 (custom)
2019-07-16 15:40:44,812 INFO  server.RaftServerConfigKeys (ConfUtils.java:logGet(43)) - raft.server.retrycache.expirytime = 600000ms (custom)
2019-07-16 15:40:44,812 INFO  impl.RaftServerImpl (RaftServerImpl.java:start(180)) - b5c8bad0-1112-4930-b2f1-9816bb67ecb4: start group-5ED0B60E427F
2019-07-16 15:40:44,812 INFO  impl.RaftServerImpl (RaftServerImpl.java:setRole(171)) - b5c8bad0-1112-4930-b2f1-9816bb67ecb4:group-5ED0B60E427F changes role from null to FOLLOWER at term 0 for startAsFollower
2019-07-16 15:40:44,813 INFO  impl.RoleInfo (RoleInfo.java:updateAndGet(143)) - b5c8bad0-1112-4930-b2f1-9816bb67ecb4: start FollowerState
2019-07-16 15:40:44,814 INFO  util.JmxRegister (JmxRegister.java:tryRegister(44)) - Successfully registered JMX Bean with object name Ratis:service=RaftServer,group=group-5ED0B60E427F,id=b5c8bad0-1112-4930-b2f1-9816bb67ecb4
2019-07-16 15:40:44,821 INFO  pipeline.PipelineStateManager (PipelineStateManager.java:addPipeline(56)) - Created pipeline Pipeline[ Id: bd80b79a-5ded-427f-9e33-5ed0b60e427f, Nodes: b5c8bad0-1112-4930-b2f1-9816bb67ecb4{ip: 192.168.69.88, host: trunk-nightly-kgw5x-1882989438, networkLocation: /default-rack, certSerialId: null}, Type:RATIS, Factor:ONE, State:OPEN]
2019-07-16 15:40:44,879 INFO  node.SCMNodeManager (SCMNodeManager.java:register(269)) - Registered Data node : a6d13e46-f00f-4c8a-a728-0b006a12ecd7{ip: 192.168.69.88, host: trunk-nightly-kgw5x-1882989438, networkLocation: /default-rack, certSerialId: null}
2019-07-16 15:40:44,886 INFO  impl.RaftServerProxy (RaftServerProxy.java:addNew(89)) - a6d13e46-f00f-4c8a-a728-0b006a12ecd7: addNew group-61280E4F8AA4:[a6d13e46-f00f-4c8a-a728-0b006a12ecd7:192.168.69.88:45853] returns group-61280E4F8AA4:java.util.concurrent.CompletableFuture@606396e3[Not completed]
2019-07-16 15:40:44,887 INFO  impl.RaftServerImpl (RaftServerImpl.java:<init>(93)) - a6d13e46-f00f-4c8a-a728-0b006a12ecd7: new RaftServerImpl for group-61280E4F8AA4:[a6d13e46-f00f-4c8a-a728-0b006a12ecd7:192.168.69.88:45853] with ContainerStateMachine:uninitialized
2019-07-16 15:40:44,887 INFO  server.RaftServerConfigKeys (ConfUtils.java:logGet(43)) - raft.server.rpc.timeout.min = 5s (custom)
2019-07-16 15:40:44,887 INFO  server.RaftServerConfigKeys (ConfUtils.java:logGet(43)) - raft.server.rpc.timeout.max = 5200ms (custom)
2019-07-16 15:40:44,887 INFO  server.RaftServerConfigKeys (ConfUtils.java:logGet(43)) - raft.server.rpcslowness.timeout = 120s (custom)
2019-07-16 15:40:44,887 INFO  server.RaftServerConfigKeys (ConfUtils.java:logGet(43)) - raft.server.sleep.deviation.threshold = 300 (default)
2019-07-16 15:40:44,887 INFO  server.RaftServerConfigKeys (ConfUtils.java:logGet(43)) - raft.server.log.appender.install.snapshot.enabled = false (custom)
2019-07-16 15:40:44,888 INFO  impl.RaftServerImpl (ServerState.java:<init>(105)) - a6d13e46-f00f-4c8a-a728-0b006a12ecd7:group-61280E4F8AA4 ConfigurationManager, init=-1: [a6d13e46-f00f-4c8a-a728-0b006a12ecd7:192.168.69.88:45853], old=null, confs=<EMPTY_MAP>
2019-07-16 15:40:44,888 INFO  server.RaftServerConfigKeys (ConfUtils.java:logGet(43)) - raft.server.storage.dir = [/workdir/hadoop-ozone/integration-test/target/test-dir/MiniOzoneClusterImpl-386b5208-f273-4a43-a586-80facaa1f908/datanode-1/data/ratis] (custom)
2019-07-16 15:40:44,888 INFO  storage.RaftStorageDirectory (RaftStorageDirectory.java:analyzeStorage(246)) - The storage directory /workdir/hadoop-ozone/integration-test/target/test-dir/MiniOzoneClusterImpl-386b5208-f273-4a43-a586-80facaa1f908/datanode-1/data/ratis/3c38abe6-4699-4b33-81f4-61280e4f8aa4 does not exist. Creating ...
2019-07-16 15:40:44,913 INFO  storage.RaftStorageDirectory (RaftStorageDirectory.java:tryLock(328)) - Lock on /workdir/hadoop-ozone/integration-test/target/test-dir/MiniOzoneClusterImpl-386b5208-f273-4a43-a586-80facaa1f908/datanode-1/data/ratis/3c38abe6-4699-4b33-81f4-61280e4f8aa4/in_use.lock acquired by nodename 18277@trunk-nightly-kgw5x-1882989438
2019-07-16 15:40:44,928 INFO  storage.RaftStorage (RaftStorage.java:format(72)) - Storage directory /workdir/hadoop-ozone/integration-test/target/test-dir/MiniOzoneClusterImpl-386b5208-f273-4a43-a586-80facaa1f908/datanode-1/data/ratis/3c38abe6-4699-4b33-81f4-61280e4f8aa4 has been successfully formatted.
2019-07-16 15:40:44,929 INFO  ratis.ContainerStateMachine (ContainerStateMachine.java:loadSnapshot(200)) - group-61280E4F8AA4: The snapshot info is null. Setting the last applied indexto:(t:0, i:~)
2019-07-16 15:40:44,929 INFO  server.RaftServerConfigKeys (ConfUtils.java:logGet(43)) - raft.server.leader.election.timeout = 120s (custom)
2019-07-16 15:40:44,929 INFO  server.RaftServerConfigKeys (ConfUtils.java:logGet(43)) - raft.server.log.use.memory = false (default)
2019-07-16 15:40:44,929 INFO  server.RaftServerConfigKeys (ConfUtils.java:logGet(43)) - raft.server.log.purge.gap = 1000000000 (custom)
2019-07-16 15:40:44,929 INFO  server.RaftServerConfigKeys (ConfUtils.java:logGet(43)) - raft.server.log.appender.buffer.byte-limit = 33554432 (custom)
2019-07-16 15:40:44,929 INFO  server.RaftServerConfigKeys (ConfUtils.java:logGet(43)) - raft.server.log.segment.size.max = 1048576 (custom)
2019-07-16 15:40:44,930 INFO  server.RaftServerConfigKeys (ConfUtils.java:logGet(43)) - raft.server.log.segment.cache.num.max = 2 (custom)
2019-07-16 15:40:44,930 INFO  segmented.SegmentedRaftLogWorker (SegmentedRaftLogWorker.java:<init>(172)) - new a6d13e46-f00f-4c8a-a728-0b006a12ecd7-SegmentedRaftLogWorker:Storage Directory /workdir/hadoop-ozone/integration-test/target/test-dir/MiniOzoneClusterImpl-386b5208-f273-4a43-a586-80facaa1f908/datanode-1/data/ratis/3c38abe6-4699-4b33-81f4-61280e4f8aa4 for RaftStorage:Storage Directory /workdir/hadoop-ozone/integration-test/target/test-dir/MiniOzoneClusterImpl-386b5208-f273-4a43-a586-80facaa1f908/datanode-1/data/ratis/3c38abe6-4699-4b33-81f4-61280e4f8aa4
2019-07-16 15:40:44,930 INFO  server.RaftServerConfigKeys (ConfUtils.java:logGet(43)) - raft.server.log.queue.byte-limit = 2147483647 (custom)
2019-07-16 15:40:44,930 INFO  server.RaftServerConfigKeys (ConfUtils.java:logGet(43)) - raft.server.log.queue.element-limit = 1024 (custom)
2019-07-16 15:40:44,930 INFO  server.RaftServerConfigKeys (ConfUtils.java:logGet(43)) - raft.server.log.segment.size.max = 1048576 (custom)
2019-07-16 15:40:44,931 INFO  server.RaftServerConfigKeys (ConfUtils.java:logGet(43)) - raft.server.log.preallocated.size = 16384 (custom)
2019-07-16 15:40:44,931 INFO  server.RaftServerConfigKeys (ConfUtils.java:logGet(43)) - raft.server.log.write.buffer.size = 33554432 (custom)
2019-07-16 15:40:44,931 INFO  server.RaftServerConfigKeys (ConfUtils.java:logGet(43)) - raft.server.log.force.sync.num = 128 (default)
2019-07-16 15:40:44,931 INFO  server.RaftServerConfigKeys (ConfUtils.java:logGet(43)) - raft.server.log.statemachine.data.sync = true (default)
2019-07-16 15:40:44,931 INFO  server.RaftServerConfigKeys (ConfUtils.java:logGet(43)) - raft.server.log.statemachine.data.sync.timeout = 10s (default)
2019-07-16 15:40:44,931 INFO  server.RaftServerConfigKeys (ConfUtils.java:logGet(43)) - raft.server.log.statemachine.data.sync.timeout.retry = -1 (default)
2019-07-16 15:40:44,932 INFO  server.RaftServerConfigKeys (ConfUtils.java:logGet(43)) - raft.server.log.statemachine.data.caching.enabled = true (custom)
2019-07-16 15:40:44,932 INFO  segmented.SegmentedRaftLogWorker (SegmentedRaftLogWorker.java:lambda$new$0(132)) - a6d13e46-f00f-4c8a-a728-0b006a12ecd7-SegmentedRaftLogWorker:Storage Directory /workdir/hadoop-ozone/integration-test/target/test-dir/MiniOzoneClusterImpl-386b5208-f273-4a43-a586-80facaa1f908/datanode-1/data/ratis/3c38abe6-4699-4b33-81f4-61280e4f8aa4: flushIndex: setUnconditionally 0 -> -1
2019-07-16 15:40:44,933 INFO  server.RaftServerConfigKeys (ConfUtils.java:logGet(43)) - raft.server.snapshot.auto.trigger.enabled = true (custom)
2019-07-16 15:40:44,933 INFO  server.RaftServerConfigKeys (ConfUtils.java:logGet(43)) - raft.server.snapshot.auto.trigger.threshold = 10000 (custom)
2019-07-16 15:40:44,933 INFO  server.RaftServerConfigKeys (ConfUtils.java:logGet(43)) - raft.server.retrycache.expirytime = 600000ms (custom)
2019-07-16 15:40:44,933 INFO  impl.RaftServerImpl (RaftServerImpl.java:start(180)) - a6d13e46-f00f-4c8a-a728-0b006a12ecd7: start group-61280E4F8AA4
2019-07-16 15:40:44,933 INFO  impl.RaftServerImpl (RaftServerImpl.java:setRole(171)) - a6d13e46-f00f-4c8a-a728-0b006a12ecd7:group-61280E4F8AA4 changes role from null to FOLLOWER at term 0 for startAsFollower
2019-07-16 15:40:44,933 INFO  impl.RoleInfo (RoleInfo.java:updateAndGet(143)) - a6d13e46-f00f-4c8a-a728-0b006a12ecd7: start FollowerState
2019-07-16 15:40:44,934 INFO  util.JmxRegister (JmxRegister.java:tryRegister(44)) - Successfully registered JMX Bean with object name Ratis:service=RaftServer,group=group-61280E4F8AA4,id=a6d13e46-f00f-4c8a-a728-0b006a12ecd7
2019-07-16 15:40:44,939 INFO  pipeline.PipelineStateManager (PipelineStateManager.java:addPipeline(56)) - Created pipeline Pipeline[ Id: 3c38abe6-4699-4b33-81f4-61280e4f8aa4, Nodes: a6d13e46-f00f-4c8a-a728-0b006a12ecd7{ip: 192.168.69.88, host: trunk-nightly-kgw5x-1882989438, networkLocation: /default-rack, certSerialId: null}, Type:RATIS, Factor:ONE, State:OPEN]
2019-07-16 15:40:45,044 INFO  node.SCMNodeManager (SCMNodeManager.java:register(269)) - Registered Data node : 9a22207e-ca6a-47bd-b084-7f19b158376f{ip: 192.168.69.88, host: trunk-nightly-kgw5x-1882989438, networkLocation: /default-rack, certSerialId: null}
2019-07-16 15:40:45,053 INFO  impl.RaftServerProxy (RaftServerProxy.java:addNew(89)) - 9a22207e-ca6a-47bd-b084-7f19b158376f: addNew group-F4825D1F502B:[9a22207e-ca6a-47bd-b084-7f19b158376f:192.168.69.88:45156] returns group-F4825D1F502B:java.util.concurrent.CompletableFuture@65fa1666[Not completed]
2019-07-16 15:40:45,055 INFO  impl.RaftServerImpl (RaftServerImpl.java:<init>(93)) - 9a22207e-ca6a-47bd-b084-7f19b158376f: new RaftServerImpl for group-F4825D1F502B:[9a22207e-ca6a-47bd-b084-7f19b158376f:192.168.69.88:45156] with ContainerStateMachine:uninitialized
2019-07-16 15:40:45,055 INFO  server.RaftServerConfigKeys (ConfUtils.java:logGet(43)) - raft.server.rpc.timeout.min = 5s (custom)
2019-07-16 15:40:45,055 INFO  server.RaftServerConfigKeys (ConfUtils.java:logGet(43)) - raft.server.rpc.timeout.max = 5200ms (custom)
2019-07-16 15:40:45,055 INFO  server.RaftServerConfigKeys (ConfUtils.java:logGet(43)) - raft.server.rpcslowness.timeout = 120s (custom)
2019-07-16 15:40:45,055 INFO  server.RaftServerConfigKeys (ConfUtils.java:logGet(43)) - raft.server.sleep.deviation.threshold = 300 (default)
2019-07-16 15:40:45,055 INFO  server.RaftServerConfigKeys (ConfUtils.java:logGet(43)) - raft.server.log.appender.install.snapshot.enabled = false (custom)
2019-07-16 15:40:45,055 INFO  impl.RaftServerImpl (ServerState.java:<init>(105)) - 9a22207e-ca6a-47bd-b084-7f19b158376f:group-F4825D1F502B ConfigurationManager, init=-1: [9a22207e-ca6a-47bd-b084-7f19b158376f:192.168.69.88:45156], old=null, confs=<EMPTY_MAP>
2019-07-16 15:40:45,056 INFO  server.RaftServerConfigKeys (ConfUtils.java:logGet(43)) - raft.server.storage.dir = [/workdir/hadoop-ozone/integration-test/target/test-dir/MiniOzoneClusterImpl-386b5208-f273-4a43-a586-80facaa1f908/datanode-2/data/ratis] (custom)
2019-07-16 15:40:45,056 INFO  storage.RaftStorageDirectory (RaftStorageDirectory.java:analyzeStorage(246)) - The storage directory /workdir/hadoop-ozone/integration-test/target/test-dir/MiniOzoneClusterImpl-386b5208-f273-4a43-a586-80facaa1f908/datanode-2/data/ratis/a1c4eb96-1107-4c77-9d48-f4825d1f502b does not exist. Creating ...
2019-07-16 15:40:45,069 INFO  storage.RaftStorageDirectory (RaftStorageDirectory.java:tryLock(328)) - Lock on /workdir/hadoop-ozone/integration-test/target/test-dir/MiniOzoneClusterImpl-386b5208-f273-4a43-a586-80facaa1f908/datanode-2/data/ratis/a1c4eb96-1107-4c77-9d48-f4825d1f502b/in_use.lock acquired by nodename 18277@trunk-nightly-kgw5x-1882989438
2019-07-16 15:40:45,082 INFO  storage.RaftStorage (RaftStorage.java:format(72)) - Storage directory /workdir/hadoop-ozone/integration-test/target/test-dir/MiniOzoneClusterImpl-386b5208-f273-4a43-a586-80facaa1f908/datanode-2/data/ratis/a1c4eb96-1107-4c77-9d48-f4825d1f502b has been successfully formatted.
2019-07-16 15:40:45,082 INFO  ratis.ContainerStateMachine (ContainerStateMachine.java:loadSnapshot(200)) - group-F4825D1F502B: The snapshot info is null. Setting the last applied indexto:(t:0, i:~)
2019-07-16 15:40:45,082 INFO  server.RaftServerConfigKeys (ConfUtils.java:logGet(43)) - raft.server.leader.election.timeout = 120s (custom)
2019-07-16 15:40:45,083 INFO  server.RaftServerConfigKeys (ConfUtils.java:logGet(43)) - raft.server.log.use.memory = false (default)
2019-07-16 15:40:45,083 INFO  server.RaftServerConfigKeys (ConfUtils.java:logGet(43)) - raft.server.log.purge.gap = 1000000000 (custom)
2019-07-16 15:40:45,083 INFO  server.RaftServerConfigKeys (ConfUtils.java:logGet(43)) - raft.server.log.appender.buffer.byte-limit = 33554432 (custom)
2019-07-16 15:40:45,083 INFO  server.RaftServerConfigKeys (ConfUtils.java:logGet(43)) - raft.server.log.segment.size.max = 1048576 (custom)
2019-07-16 15:40:45,083 INFO  server.RaftServerConfigKeys (ConfUtils.java:logGet(43)) - raft.server.log.segment.cache.num.max = 2 (custom)
2019-07-16 15:40:45,083 INFO  segmented.SegmentedRaftLogWorker (SegmentedRaftLogWorker.java:<init>(172)) - new 9a22207e-ca6a-47bd-b084-7f19b158376f-SegmentedRaftLogWorker:Storage Directory /workdir/hadoop-ozone/integration-test/target/test-dir/MiniOzoneClusterImpl-386b5208-f273-4a43-a586-80facaa1f908/datanode-2/data/ratis/a1c4eb96-1107-4c77-9d48-f4825d1f502b for RaftStorage:Storage Directory /workdir/hadoop-ozone/integration-test/target/test-dir/MiniOzoneClusterImpl-386b5208-f273-4a43-a586-80facaa1f908/datanode-2/data/ratis/a1c4eb96-1107-4c77-9d48-f4825d1f502b
2019-07-16 15:40:45,083 INFO  server.RaftServerConfigKeys (ConfUtils.java:logGet(43)) - raft.server.log.queue.byte-limit = 2147483647 (custom)
2019-07-16 15:40:45,084 INFO  server.RaftServerConfigKeys (ConfUtils.java:logGet(43)) - raft.server.log.queue.element-limit = 1024 (custom)
2019-07-16 15:40:45,084 INFO  server.RaftServerConfigKeys (ConfUtils.java:logGet(43)) - raft.server.log.segment.size.max = 1048576 (custom)
2019-07-16 15:40:45,084 INFO  server.RaftServerConfigKeys (ConfUtils.java:logGet(43)) - raft.server.log.preallocated.size = 16384 (custom)
2019-07-16 15:40:45,084 INFO  server.RaftServerConfigKeys (ConfUtils.java:logGet(43)) - raft.server.log.write.buffer.size = 33554432 (custom)
2019-07-16 15:40:45,084 INFO  server.RaftServerConfigKeys (ConfUtils.java:logGet(43)) - raft.server.log.force.sync.num = 128 (default)
2019-07-16 15:40:45,084 INFO  server.RaftServerConfigKeys (ConfUtils.java:logGet(43)) - raft.server.log.statemachine.data.sync = true (default)
2019-07-16 15:40:45,084 INFO  server.RaftServerConfigKeys (ConfUtils.java:logGet(43)) - raft.server.log.statemachine.data.sync.timeout = 10s (default)
2019-07-16 15:40:45,085 INFO  server.RaftServerConfigKeys (ConfUtils.java:logGet(43)) - raft.server.log.statemachine.data.sync.timeout.retry = -1 (default)
2019-07-16 15:40:45,085 INFO  server.RaftServerConfigKeys (ConfUtils.java:logGet(43)) - raft.server.log.statemachine.data.caching.enabled = true (custom)
2019-07-16 15:40:45,085 INFO  segmented.SegmentedRaftLogWorker (SegmentedRaftLogWorker.java:lambda$new$0(132)) - 9a22207e-ca6a-47bd-b084-7f19b158376f-SegmentedRaftLogWorker:Storage Directory /workdir/hadoop-ozone/integration-test/target/test-dir/MiniOzoneClusterImpl-386b5208-f273-4a43-a586-80facaa1f908/datanode-2/data/ratis/a1c4eb96-1107-4c77-9d48-f4825d1f502b: flushIndex: setUnconditionally 0 -> -1
2019-07-16 15:40:45,085 INFO  server.RaftServerConfigKeys (ConfUtils.java:logGet(43)) - raft.server.snapshot.auto.trigger.enabled = true (custom)
2019-07-16 15:40:45,086 INFO  server.RaftServerConfigKeys (ConfUtils.java:logGet(43)) - raft.server.snapshot.auto.trigger.threshold = 10000 (custom)
2019-07-16 15:40:45,086 INFO  server.RaftServerConfigKeys (ConfUtils.java:logGet(43)) - raft.server.retrycache.expirytime = 600000ms (custom)
2019-07-16 15:40:45,086 INFO  impl.RaftServerImpl (RaftServerImpl.java:start(180)) - 9a22207e-ca6a-47bd-b084-7f19b158376f: start group-F4825D1F502B
2019-07-16 15:40:45,086 INFO  impl.RaftServerImpl (RaftServerImpl.java:setRole(171)) - 9a22207e-ca6a-47bd-b084-7f19b158376f:group-F4825D1F502B changes role from null to FOLLOWER at term 0 for startAsFollower
2019-07-16 15:40:45,086 INFO  impl.RoleInfo (RoleInfo.java:updateAndGet(143)) - 9a22207e-ca6a-47bd-b084-7f19b158376f: start FollowerState
2019-07-16 15:40:45,087 INFO  util.JmxRegister (JmxRegister.java:tryRegister(44)) - Successfully registered JMX Bean with object name Ratis:service=RaftServer,group=group-F4825D1F502B,id=9a22207e-ca6a-47bd-b084-7f19b158376f
2019-07-16 15:40:45,091 INFO  pipeline.PipelineStateManager (PipelineStateManager.java:addPipeline(56)) - Created pipeline Pipeline[ Id: a1c4eb96-1107-4c77-9d48-f4825d1f502b, Nodes: 9a22207e-ca6a-47bd-b084-7f19b158376f{ip: 192.168.69.88, host: trunk-nightly-kgw5x-1882989438, networkLocation: /default-rack, certSerialId: null}, Type:RATIS, Factor:ONE, State:OPEN]
2019-07-16 15:40:45,104 INFO  impl.RaftServerProxy (RaftServerProxy.java:addNew(89)) - 9a22207e-ca6a-47bd-b084-7f19b158376f: addNew group-FFC12EDE79BA:[9a22207e-ca6a-47bd-b084-7f19b158376f:192.168.69.88:45156, a6d13e46-f00f-4c8a-a728-0b006a12ecd7:192.168.69.88:45853, b5c8bad0-1112-4930-b2f1-9816bb67ecb4:192.168.69.88:38133] returns group-FFC12EDE79BA:java.util.concurrent.CompletableFuture@229dc4d6[Not completed]
2019-07-16 15:40:45,104 INFO  impl.RaftServerProxy (RaftServerProxy.java:addNew(89)) - b5c8bad0-1112-4930-b2f1-9816bb67ecb4: addNew group-FFC12EDE79BA:[9a22207e-ca6a-47bd-b084-7f19b158376f:192.168.69.88:45156, a6d13e46-f00f-4c8a-a728-0b006a12ecd7:192.168.69.88:45853, b5c8bad0-1112-4930-b2f1-9816bb67ecb4:192.168.69.88:38133] returns group-FFC12EDE79BA:java.util.concurrent.CompletableFuture@691c7798[Not completed]
2019-07-16 15:40:45,104 INFO  impl.RaftServerProxy (RaftServerProxy.java:addNew(89)) - a6d13e46-f00f-4c8a-a728-0b006a12ecd7: addNew group-FFC12EDE79BA:[9a22207e-ca6a-47bd-b084-7f19b158376f:192.168.69.88:45156, a6d13e46-f00f-4c8a-a728-0b006a12ecd7:192.168.69.88:45853, b5c8bad0-1112-4930-b2f1-9816bb67ecb4:192.168.69.88:38133] returns group-FFC12EDE79BA:java.util.concurrent.CompletableFuture@256433e4[Not completed]
2019-07-16 15:40:45,105 INFO  impl.RaftServerImpl (RaftServerImpl.java:<init>(93)) - b5c8bad0-1112-4930-b2f1-9816bb67ecb4: new RaftServerImpl for group-FFC12EDE79BA:[9a22207e-ca6a-47bd-b084-7f19b158376f:192.168.69.88:45156, a6d13e46-f00f-4c8a-a728-0b006a12ecd7:192.168.69.88:45853, b5c8bad0-1112-4930-b2f1-9816bb67ecb4:192.168.69.88:38133] with ContainerStateMachine:uninitialized
2019-07-16 15:40:45,105 INFO  server.RaftServerConfigKeys (ConfUtils.java:logGet(43)) - raft.server.rpc.timeout.min = 5s (custom)
2019-07-16 15:40:45,105 INFO  server.RaftServerConfigKeys (ConfUtils.java:logGet(43)) - raft.server.rpc.timeout.max = 5200ms (custom)
2019-07-16 15:40:45,106 INFO  server.RaftServerConfigKeys (ConfUtils.java:logGet(43)) - raft.server.rpcslowness.timeout = 120s (custom)
2019-07-16 15:40:45,106 INFO  impl.RaftServerImpl (RaftServerImpl.java:<init>(93)) - 9a22207e-ca6a-47bd-b084-7f19b158376f: new RaftServerImpl for group-FFC12EDE79BA:[9a22207e-ca6a-47bd-b084-7f19b158376f:192.168.69.88:45156, a6d13e46-f00f-4c8a-a728-0b006a12ecd7:192.168.69.88:45853, b5c8bad0-1112-4930-b2f1-9816bb67ecb4:192.168.69.88:38133] with ContainerStateMachine:uninitialized
2019-07-16 15:40:45,106 INFO  server.RaftServerConfigKeys (ConfUtils.java:logGet(43)) - raft.server.sleep.deviation.threshold = 300 (default)
2019-07-16 15:40:45,106 INFO  server.RaftServerConfigKeys (ConfUtils.java:logGet(43)) - raft.server.rpc.timeout.min = 5s (custom)
2019-07-16 15:40:45,106 INFO  impl.RaftServerImpl (RaftServerImpl.java:<init>(93)) - a6d13e46-f00f-4c8a-a728-0b006a12ecd7: new RaftServerImpl for group-FFC12EDE79BA:[9a22207e-ca6a-47bd-b084-7f19b158376f:192.168.69.88:45156, a6d13e46-f00f-4c8a-a728-0b006a12ecd7:192.168.69.88:45853, b5c8bad0-1112-4930-b2f1-9816bb67ecb4:192.168.69.88:38133] with ContainerStateMachine:uninitialized
2019-07-16 15:40:45,106 INFO  server.RaftServerConfigKeys (ConfUtils.java:logGet(43)) - raft.server.log.appender.install.snapshot.enabled = false (custom)
2019-07-16 15:40:45,106 INFO  server.RaftServerConfigKeys (ConfUtils.java:logGet(43)) - raft.server.rpc.timeout.min = 5s (custom)
2019-07-16 15:40:45,106 INFO  server.RaftServerConfigKeys (ConfUtils.java:logGet(43)) - raft.server.rpc.timeout.max = 5200ms (custom)
2019-07-16 15:40:45,106 INFO  server.RaftServerConfigKeys (ConfUtils.java:logGet(43)) - raft.server.rpc.timeout.max = 5200ms (custom)
2019-07-16 15:40:45,106 INFO  impl.RaftServerImpl (ServerState.java:<init>(105)) - b5c8bad0-1112-4930-b2f1-9816bb67ecb4:group-FFC12EDE79BA ConfigurationManager, init=-1: [9a22207e-ca6a-47bd-b084-7f19b158376f:192.168.69.88:45156, a6d13e46-f00f-4c8a-a728-0b006a12ecd7:192.168.69.88:45853, b5c8bad0-1112-4930-b2f1-9816bb67ecb4:192.168.69.88:38133], old=null, confs=<EMPTY_MAP>
2019-07-16 15:40:45,107 INFO  server.RaftServerConfigKeys (ConfUtils.java:logGet(43)) - raft.server.rpcslowness.timeout = 120s (custom)
2019-07-16 15:40:45,107 INFO  server.RaftServerConfigKeys (ConfUtils.java:logGet(43)) - raft.server.sleep.deviation.threshold = 300 (default)
2019-07-16 15:40:45,107 INFO  server.RaftServerConfigKeys (ConfUtils.java:logGet(43)) - raft.server.rpcslowness.timeout = 120s (custom)
2019-07-16 15:40:45,107 INFO  server.RaftServerConfigKeys (ConfUtils.java:logGet(43)) - raft.server.log.appender.install.snapshot.enabled = false (custom)
2019-07-16 15:40:45,107 INFO  server.RaftServerConfigKeys (ConfUtils.java:logGet(43)) - raft.server.storage.dir = [/workdir/hadoop-ozone/integration-test/target/test-dir/MiniOzoneClusterImpl-386b5208-f273-4a43-a586-80facaa1f908/datanode-0/data/ratis] (custom)
2019-07-16 15:40:45,107 INFO  impl.RaftServerImpl (ServerState.java:<init>(105)) - a6d13e46-f00f-4c8a-a728-0b006a12ecd7:group-FFC12EDE79BA ConfigurationManager, init=-1: [9a22207e-ca6a-47bd-b084-7f19b158376f:192.168.69.88:45156, a6d13e46-f00f-4c8a-a728-0b006a12ecd7:192.168.69.88:45853, b5c8bad0-1112-4930-b2f1-9816bb67ecb4:192.168.69.88:38133], old=null, confs=<EMPTY_MAP>
2019-07-16 15:40:45,107 INFO  server.RaftServerConfigKeys (ConfUtils.java:logGet(43)) - raft.server.sleep.deviation.threshold = 300 (default)
2019-07-16 15:40:45,108 INFO  server.RaftServerConfigKeys (ConfUtils.java:logGet(43)) - raft.server.storage.dir = [/workdir/hadoop-ozone/integration-test/target/test-dir/MiniOzoneClusterImpl-386b5208-f273-4a43-a586-80facaa1f908/datanode-1/data/ratis] (custom)
2019-07-16 15:40:45,108 INFO  storage.RaftStorageDirectory (RaftStorageDirectory.java:analyzeStorage(246)) - The storage directory /workdir/hadoop-ozone/integration-test/target/test-dir/MiniOzoneClusterImpl-386b5208-f273-4a43-a586-80facaa1f908/datanode-0/data/ratis/747c91ed-9c76-4729-94fa-ffc12ede79ba does not exist. Creating ...
2019-07-16 15:40:45,108 INFO  server.RaftServerConfigKeys (ConfUtils.java:logGet(43)) - raft.server.log.appender.install.snapshot.enabled = false (custom)
2019-07-16 15:40:45,108 INFO  storage.RaftStorageDirectory (RaftStorageDirectory.java:analyzeStorage(246)) - The storage directory /workdir/hadoop-ozone/integration-test/target/test-dir/MiniOzoneClusterImpl-386b5208-f273-4a43-a586-80facaa1f908/datanode-1/data/ratis/747c91ed-9c76-4729-94fa-ffc12ede79ba does not exist. Creating ...
2019-07-16 15:40:45,108 INFO  impl.RaftServerImpl (ServerState.java:<init>(105)) - 9a22207e-ca6a-47bd-b084-7f19b158376f:group-FFC12EDE79BA ConfigurationManager, init=-1: [9a22207e-ca6a-47bd-b084-7f19b158376f:192.168.69.88:45156, a6d13e46-f00f-4c8a-a728-0b006a12ecd7:192.168.69.88:45853, b5c8bad0-1112-4930-b2f1-9816bb67ecb4:192.168.69.88:38133], old=null, confs=<EMPTY_MAP>
2019-07-16 15:40:45,109 INFO  server.RaftServerConfigKeys (ConfUtils.java:logGet(43)) - raft.server.storage.dir = [/workdir/hadoop-ozone/integration-test/target/test-dir/MiniOzoneClusterImpl-386b5208-f273-4a43-a586-80facaa1f908/datanode-2/data/ratis] (custom)
2019-07-16 15:40:45,109 INFO  storage.RaftStorageDirectory (RaftStorageDirectory.java:analyzeStorage(246)) - The storage directory /workdir/hadoop-ozone/integration-test/target/test-dir/MiniOzoneClusterImpl-386b5208-f273-4a43-a586-80facaa1f908/datanode-2/data/ratis/747c91ed-9c76-4729-94fa-ffc12ede79ba does not exist. Creating ...
2019-07-16 15:40:45,134 INFO  storage.RaftStorageDirectory (RaftStorageDirectory.java:tryLock(328)) - Lock on /workdir/hadoop-ozone/integration-test/target/test-dir/MiniOzoneClusterImpl-386b5208-f273-4a43-a586-80facaa1f908/datanode-2/data/ratis/747c91ed-9c76-4729-94fa-ffc12ede79ba/in_use.lock acquired by nodename 18277@trunk-nightly-kgw5x-1882989438
2019-07-16 15:40:45,134 INFO  storage.RaftStorageDirectory (RaftStorageDirectory.java:tryLock(328)) - Lock on /workdir/hadoop-ozone/integration-test/target/test-dir/MiniOzoneClusterImpl-386b5208-f273-4a43-a586-80facaa1f908/datanode-0/data/ratis/747c91ed-9c76-4729-94fa-ffc12ede79ba/in_use.lock acquired by nodename 18277@trunk-nightly-kgw5x-1882989438
2019-07-16 15:40:45,134 INFO  storage.RaftStorageDirectory (RaftStorageDirectory.java:tryLock(328)) - Lock on /workdir/hadoop-ozone/integration-test/target/test-dir/MiniOzoneClusterImpl-386b5208-f273-4a43-a586-80facaa1f908/datanode-1/data/ratis/747c91ed-9c76-4729-94fa-ffc12ede79ba/in_use.lock acquired by nodename 18277@trunk-nightly-kgw5x-1882989438
2019-07-16 15:40:45,148 INFO  storage.RaftStorage (RaftStorage.java:format(72)) - Storage directory /workdir/hadoop-ozone/integration-test/target/test-dir/MiniOzoneClusterImpl-386b5208-f273-4a43-a586-80facaa1f908/datanode-1/data/ratis/747c91ed-9c76-4729-94fa-ffc12ede79ba has been successfully formatted.
2019-07-16 15:40:45,148 INFO  storage.RaftStorage (RaftStorage.java:format(72)) - Storage directory /workdir/hadoop-ozone/integration-test/target/test-dir/MiniOzoneClusterImpl-386b5208-f273-4a43-a586-80facaa1f908/datanode-2/data/ratis/747c91ed-9c76-4729-94fa-ffc12ede79ba has been successfully formatted.
2019-07-16 15:40:45,148 INFO  ratis.ContainerStateMachine (ContainerStateMachine.java:loadSnapshot(200)) - group-FFC12EDE79BA: The snapshot info is null. Setting the last applied indexto:(t:0, i:~)
2019-07-16 15:40:45,149 INFO  ratis.ContainerStateMachine (ContainerStateMachine.java:loadSnapshot(200)) - group-FFC12EDE79BA: The snapshot info is null. Setting the last applied indexto:(t:0, i:~)
2019-07-16 15:40:45,148 INFO  storage.RaftStorage (RaftStorage.java:format(72)) - Storage directory /workdir/hadoop-ozone/integration-test/target/test-dir/MiniOzoneClusterImpl-386b5208-f273-4a43-a586-80facaa1f908/datanode-0/data/ratis/747c91ed-9c76-4729-94fa-ffc12ede79ba has been successfully formatted.
2019-07-16 15:40:45,149 INFO  server.RaftServerConfigKeys (ConfUtils.java:logGet(43)) - raft.server.leader.election.timeout = 120s (custom)
2019-07-16 15:40:45,149 INFO  server.RaftServerConfigKeys (ConfUtils.java:logGet(43)) - raft.server.leader.election.timeout = 120s (custom)
2019-07-16 15:40:45,149 INFO  ratis.ContainerStateMachine (ContainerStateMachine.java:loadSnapshot(200)) - group-FFC12EDE79BA: The snapshot info is null. Setting the last applied indexto:(t:0, i:~)
2019-07-16 15:40:45,149 INFO  server.RaftServerConfigKeys (ConfUtils.java:logGet(43)) - raft.server.log.use.memory = false (default)
2019-07-16 15:40:45,149 INFO  server.RaftServerConfigKeys (ConfUtils.java:logGet(43)) - raft.server.leader.election.timeout = 120s (custom)
2019-07-16 15:40:45,149 INFO  server.RaftServerConfigKeys (ConfUtils.java:logGet(43)) - raft.server.log.use.memory = false (default)
2019-07-16 15:40:45,150 INFO  server.RaftServerConfigKeys (ConfUtils.java:logGet(43)) - raft.server.log.use.memory = false (default)
2019-07-16 15:40:45,150 INFO  server.RaftServerConfigKeys (ConfUtils.java:logGet(43)) - raft.server.log.purge.gap = 1000000000 (custom)
2019-07-16 15:40:45,150 INFO  server.RaftServerConfigKeys (ConfUtils.java:logGet(43)) - raft.server.log.purge.gap = 1000000000 (custom)
2019-07-16 15:40:45,150 INFO  server.RaftServerConfigKeys (ConfUtils.java:logGet(43)) - raft.server.log.purge.gap = 1000000000 (custom)
2019-07-16 15:40:45,150 INFO  server.RaftServerConfigKeys (ConfUtils.java:logGet(43)) - raft.server.log.appender.buffer.byte-limit = 33554432 (custom)
2019-07-16 15:40:45,150 INFO  server.RaftServerConfigKeys (ConfUtils.java:logGet(43)) - raft.server.log.appender.buffer.byte-limit = 33554432 (custom)
2019-07-16 15:40:45,151 INFO  server.RaftServerConfigKeys (ConfUtils.java:logGet(43)) - raft.server.log.segment.size.max = 1048576 (custom)
2019-07-16 15:40:45,151 INFO  server.RaftServerConfigKeys (ConfUtils.java:logGet(43)) - raft.server.log.appender.buffer.byte-limit = 33554432 (custom)
2019-07-16 15:40:45,151 INFO  server.RaftServerConfigKeys (ConfUtils.java:logGet(43)) - raft.server.log.segment.cache.num.max = 2 (custom)
2019-07-16 15:40:45,151 INFO  server.RaftServerConfigKeys (ConfUtils.java:logGet(43)) - raft.server.log.segment.size.max = 1048576 (custom)
2019-07-16 15:40:45,151 INFO  segmented.SegmentedRaftLogWorker (SegmentedRaftLogWorker.java:<init>(172)) - new b5c8bad0-1112-4930-b2f1-9816bb67ecb4-SegmentedRaftLogWorker:Storage Directory /workdir/hadoop-ozone/integration-test/target/test-dir/MiniOzoneClusterImpl-386b5208-f273-4a43-a586-80facaa1f908/datanode-0/data/ratis/747c91ed-9c76-4729-94fa-ffc12ede79ba for RaftStorage:Storage Directory /workdir/hadoop-ozone/integration-test/target/test-dir/MiniOzoneClusterImpl-386b5208-f273-4a43-a586-80facaa1f908/datanode-0/data/ratis/747c91ed-9c76-4729-94fa-ffc12ede79ba
2019-07-16 15:40:45,151 INFO  server.RaftServerConfigKeys (ConfUtils.java:logGet(43)) - raft.server.log.segment.size.max = 1048576 (custom)
2019-07-16 15:40:45,152 INFO  server.RaftServerConfigKeys (ConfUtils.java:logGet(43)) - raft.server.log.queue.byte-limit = 2147483647 (custom)
2019-07-16 15:40:45,152 INFO  server.RaftServerConfigKeys (ConfUtils.java:logGet(43)) - raft.server.log.segment.cache.num.max = 2 (custom)
2019-07-16 15:40:45,152 INFO  server.RaftServerConfigKeys (ConfUtils.java:logGet(43)) - raft.server.log.queue.element-limit = 1024 (custom)
2019-07-16 15:40:45,152 INFO  server.RaftServerConfigKeys (ConfUtils.java:logGet(43)) - raft.server.log.segment.cache.num.max = 2 (custom)
2019-07-16 15:40:45,153 INFO  server.RaftServerConfigKeys (ConfUtils.java:logGet(43)) - raft.server.log.segment.size.max = 1048576 (custom)
2019-07-16 15:40:45,152 INFO  segmented.SegmentedRaftLogWorker (SegmentedRaftLogWorker.java:<init>(172)) - new 9a22207e-ca6a-47bd-b084-7f19b158376f-SegmentedRaftLogWorker:Storage Directory /workdir/hadoop-ozone/integration-test/target/test-dir/MiniOzoneClusterImpl-386b5208-f273-4a43-a586-80facaa1f908/datanode-2/data/ratis/747c91ed-9c76-4729-94fa-ffc12ede79ba for RaftStorage:Storage Directory /workdir/hadoop-ozone/integration-test/target/test-dir/MiniOzoneClusterImpl-386b5208-f273-4a43-a586-80facaa1f908/datanode-2/data/ratis/747c91ed-9c76-4729-94fa-ffc12ede79ba
2019-07-16 15:40:45,153 INFO  server.RaftServerConfigKeys (ConfUtils.java:logGet(43)) - raft.server.log.preallocated.size = 16384 (custom)
2019-07-16 15:40:45,153 INFO  server.RaftServerConfigKeys (ConfUtils.java:logGet(43)) - raft.server.log.write.buffer.size = 33554432 (custom)
2019-07-16 15:40:45,153 INFO  segmented.SegmentedRaftLogWorker (SegmentedRaftLogWorker.java:<init>(172)) - new a6d13e46-f00f-4c8a-a728-0b006a12ecd7-SegmentedRaftLogWorker:Storage Directory /workdir/hadoop-ozone/integration-test/target/test-dir/MiniOzoneClusterImpl-386b5208-f273-4a43-a586-80facaa1f908/datanode-1/data/ratis/747c91ed-9c76-4729-94fa-ffc12ede79ba for RaftStorage:Storage Directory /workdir/hadoop-ozone/integration-test/target/test-dir/MiniOzoneClusterImpl-386b5208-f273-4a43-a586-80facaa1f908/datanode-1/data/ratis/747c91ed-9c76-4729-94fa-ffc12ede79ba
2019-07-16 15:40:45,153 INFO  server.RaftServerConfigKeys (ConfUtils.java:logGet(43)) - raft.server.log.force.sync.num = 128 (default)
2019-07-16 15:40:45,153 INFO  server.RaftServerConfigKeys (ConfUtils.java:logGet(43)) - raft.server.log.queue.byte-limit = 2147483647 (custom)
2019-07-16 15:40:45,154 INFO  server.RaftServerConfigKeys (ConfUtils.java:logGet(43)) - raft.server.log.statemachine.data.sync = true (default)
2019-07-16 15:40:45,154 INFO  server.RaftServerConfigKeys (ConfUtils.java:logGet(43)) - raft.server.log.queue.byte-limit = 2147483647 (custom)
2019-07-16 15:40:45,154 INFO  server.RaftServerConfigKeys (ConfUtils.java:logGet(43)) - raft.server.log.statemachine.data.sync.timeout = 10s (default)
2019-07-16 15:40:45,154 INFO  server.RaftServerConfigKeys (ConfUtils.java:logGet(43)) - raft.server.log.queue.element-limit = 1024 (custom)
2019-07-16 15:40:45,154 INFO  server.RaftServerConfigKeys (ConfUtils.java:logGet(43)) - raft.server.log.statemachine.data.sync.timeout.retry = -1 (default)
2019-07-16 15:40:45,154 INFO  server.RaftServerConfigKeys (ConfUtils.java:logGet(43)) - raft.server.log.queue.element-limit = 1024 (custom)
2019-07-16 15:40:45,155 INFO  server.RaftServerConfigKeys (ConfUtils.java:logGet(43)) - raft.server.log.statemachine.data.caching.enabled = true (custom)
2019-07-16 15:40:45,155 INFO  server.RaftServerConfigKeys (ConfUtils.java:logGet(43)) - raft.server.log.segment.size.max = 1048576 (custom)
2019-07-16 15:40:45,155 INFO  server.RaftServerConfigKeys (ConfUtils.java:logGet(43)) - raft.server.log.segment.size.max = 1048576 (custom)
2019-07-16 15:40:45,155 INFO  segmented.SegmentedRaftLogWorker (SegmentedRaftLogWorker.java:lambda$new$0(132)) - b5c8bad0-1112-4930-b2f1-9816bb67ecb4-SegmentedRaftLogWorker:Storage Directory /workdir/hadoop-ozone/integration-test/target/test-dir/MiniOzoneClusterImpl-386b5208-f273-4a43-a586-80facaa1f908/datanode-0/data/ratis/747c91ed-9c76-4729-94fa-ffc12ede79ba: flushIndex: setUnconditionally 0 -> -1
2019-07-16 15:40:45,155 INFO  server.RaftServerConfigKeys (ConfUtils.java:logGet(43)) - raft.server.log.preallocated.size = 16384 (custom)
2019-07-16 15:40:45,155 INFO  server.RaftServerConfigKeys (ConfUtils.java:logGet(43)) - raft.server.log.preallocated.size = 16384 (custom)
2019-07-16 15:40:45,156 INFO  server.RaftServerConfigKeys (ConfUtils.java:logGet(43)) - raft.server.snapshot.auto.trigger.enabled = true (custom)
2019-07-16 15:40:45,156 INFO  server.RaftServerConfigKeys (ConfUtils.java:logGet(43)) - raft.server.log.write.buffer.size = 33554432 (custom)
2019-07-16 15:40:45,156 INFO  server.RaftServerConfigKeys (ConfUtils.java:logGet(43)) - raft.server.snapshot.auto.trigger.threshold = 10000 (custom)
2019-07-16 15:40:45,156 INFO  server.RaftServerConfigKeys (ConfUtils.java:logGet(43)) - raft.server.log.write.buffer.size = 33554432 (custom)
2019-07-16 15:40:45,156 INFO  server.RaftServerConfigKeys (ConfUtils.java:logGet(43)) - raft.server.retrycache.expirytime = 600000ms (custom)
2019-07-16 15:40:45,156 INFO  server.RaftServerConfigKeys (ConfUtils.java:logGet(43)) - raft.server.log.force.sync.num = 128 (default)
2019-07-16 15:40:45,157 INFO  impl.RaftServerImpl (RaftServerImpl.java:start(180)) - b5c8bad0-1112-4930-b2f1-9816bb67ecb4: start group-FFC12EDE79BA
2019-07-16 15:40:45,156 INFO  server.RaftServerConfigKeys (ConfUtils.java:logGet(43)) - raft.server.log.force.sync.num = 128 (default)
2019-07-16 15:40:45,157 INFO  impl.RaftServerImpl (RaftServerImpl.java:setRole(171)) - b5c8bad0-1112-4930-b2f1-9816bb67ecb4:group-FFC12EDE79BA changes role from null to FOLLOWER at term 0 for startAsFollower
2019-07-16 15:40:45,157 INFO  server.RaftServerConfigKeys (ConfUtils.java:logGet(43)) - raft.server.log.statemachine.data.sync = true (default)
2019-07-16 15:40:45,157 INFO  impl.RoleInfo (RoleInfo.java:updateAndGet(143)) - b5c8bad0-1112-4930-b2f1-9816bb67ecb4: start FollowerState
2019-07-16 15:40:45,157 INFO  server.RaftServerConfigKeys (ConfUtils.java:logGet(43)) - raft.server.log.statemachine.data.sync = true (default)
2019-07-16 15:40:45,158 INFO  server.RaftServerConfigKeys (ConfUtils.java:logGet(43)) - raft.server.log.statemachine.data.sync.timeout = 10s (default)
2019-07-16 15:40:45,158 INFO  util.JmxRegister (JmxRegister.java:tryRegister(44)) - Successfully registered JMX Bean with object name Ratis:service=RaftServer,group=group-FFC12EDE79BA,id=b5c8bad0-1112-4930-b2f1-9816bb67ecb4
2019-07-16 15:40:45,158 INFO  server.RaftServerConfigKeys (ConfUtils.java:logGet(43)) - raft.server.log.statemachine.data.sync.timeout = 10s (default)
2019-07-16 15:40:45,158 INFO  server.RaftServerConfigKeys (ConfUtils.java:logGet(43)) - raft.server.log.statemachine.data.sync.timeout.retry = -1 (default)
2019-07-16 15:40:45,158 INFO  server.RaftServerConfigKeys (ConfUtils.java:logGet(43)) - raft.server.log.statemachine.data.sync.timeout.retry = -1 (default)
2019-07-16 15:40:45,159 INFO  server.RaftServerConfigKeys (ConfUtils.java:logGet(43)) - raft.server.log.statemachine.data.caching.enabled = true (custom)
2019-07-16 15:40:45,159 INFO  server.RaftServerConfigKeys (ConfUtils.java:logGet(43)) - raft.server.log.statemachine.data.caching.enabled = true (custom)
2019-07-16 15:40:45,159 INFO  segmented.SegmentedRaftLogWorker (SegmentedRaftLogWorker.java:lambda$new$0(132)) - 9a22207e-ca6a-47bd-b084-7f19b158376f-SegmentedRaftLogWorker:Storage Directory /workdir/hadoop-ozone/integration-test/target/test-dir/MiniOzoneClusterImpl-386b5208-f273-4a43-a586-80facaa1f908/datanode-2/data/ratis/747c91ed-9c76-4729-94fa-ffc12ede79ba: flushIndex: setUnconditionally 0 -> -1
2019-07-16 15:40:45,159 INFO  segmented.SegmentedRaftLogWorker (SegmentedRaftLogWorker.java:lambda$new$0(132)) - a6d13e46-f00f-4c8a-a728-0b006a12ecd7-SegmentedRaftLogWorker:Storage Directory /workdir/hadoop-ozone/integration-test/target/test-dir/MiniOzoneClusterImpl-386b5208-f273-4a43-a586-80facaa1f908/datanode-1/data/ratis/747c91ed-9c76-4729-94fa-ffc12ede79ba: flushIndex: setUnconditionally 0 -> -1
2019-07-16 15:40:45,160 INFO  server.RaftServerConfigKeys (ConfUtils.java:logGet(43)) - raft.server.snapshot.auto.trigger.enabled = true (custom)
2019-07-16 15:40:45,162 INFO  server.RaftServerConfigKeys (ConfUtils.java:logGet(43)) - raft.server.snapshot.auto.trigger.threshold = 10000 (custom)
2019-07-16 15:40:45,162 INFO  server.RaftServerConfigKeys (ConfUtils.java:logGet(43)) - raft.server.snapshot.auto.trigger.enabled = true (custom)
2019-07-16 15:40:45,163 INFO  server.RaftServerConfigKeys (ConfUtils.java:logGet(43)) - raft.server.retrycache.expirytime = 600000ms (custom)
2019-07-16 15:40:45,163 INFO  server.RaftServerConfigKeys (ConfUtils.java:logGet(43)) - raft.server.snapshot.auto.trigger.threshold = 10000 (custom)
2019-07-16 15:40:45,163 INFO  impl.RaftServerImpl (RaftServerImpl.java:start(180)) - 9a22207e-ca6a-47bd-b084-7f19b158376f: start group-FFC12EDE79BA
2019-07-16 15:40:45,163 INFO  server.RaftServerConfigKeys (ConfUtils.java:logGet(43)) - raft.server.retrycache.expirytime = 600000ms (custom)
2019-07-16 15:40:45,163 INFO  impl.RaftServerImpl (RaftServerImpl.java:setRole(171)) - 9a22207e-ca6a-47bd-b084-7f19b158376f:group-FFC12EDE79BA changes role from null to FOLLOWER at term 0 for startAsFollower
2019-07-16 15:40:45,163 INFO  impl.RaftServerImpl (RaftServerImpl.java:start(180)) - a6d13e46-f00f-4c8a-a728-0b006a12ecd7: start group-FFC12EDE79BA
2019-07-16 15:40:45,163 INFO  impl.RoleInfo (RoleInfo.java:updateAndGet(143)) - 9a22207e-ca6a-47bd-b084-7f19b158376f: start FollowerState
2019-07-16 15:40:45,164 INFO  impl.RaftServerImpl (RaftServerImpl.java:setRole(171)) - a6d13e46-f00f-4c8a-a728-0b006a12ecd7:group-FFC12EDE79BA changes role from null to FOLLOWER at term 0 for startAsFollower
2019-07-16 15:40:45,164 INFO  impl.RoleInfo (RoleInfo.java:updateAndGet(143)) - a6d13e46-f00f-4c8a-a728-0b006a12ecd7: start FollowerState
2019-07-16 15:40:45,164 INFO  util.JmxRegister (JmxRegister.java:tryRegister(44)) - Successfully registered JMX Bean with object name Ratis:service=RaftServer,group=group-FFC12EDE79BA,id=9a22207e-ca6a-47bd-b084-7f19b158376f
2019-07-16 15:40:45,164 INFO  util.JmxRegister (JmxRegister.java:tryRegister(44)) - Successfully registered JMX Bean with object name Ratis:service=RaftServer,group=group-FFC12EDE79BA,id=a6d13e46-f00f-4c8a-a728-0b006a12ecd7
2019-07-16 15:40:45,169 INFO  pipeline.PipelineStateManager (PipelineStateManager.java:addPipeline(56)) - Created pipeline Pipeline[ Id: 747c91ed-9c76-4729-94fa-ffc12ede79ba, Nodes: 9a22207e-ca6a-47bd-b084-7f19b158376f{ip: 192.168.69.88, host: trunk-nightly-kgw5x-1882989438, networkLocation: /default-rack, certSerialId: null}b5c8bad0-1112-4930-b2f1-9816bb67ecb4{ip: 192.168.69.88, host: trunk-nightly-kgw5x-1882989438, networkLocation: /default-rack, certSerialId: null}a6d13e46-f00f-4c8a-a728-0b006a12ecd7{ip: 192.168.69.88, host: trunk-nightly-kgw5x-1882989438, networkLocation: /default-rack, certSerialId: null}, Type:RATIS, Factor:THREE, State:OPEN]
2019-07-16 15:40:45,232 INFO  node.SCMNodeManager (SCMNodeManager.java:register(269)) - Registered Data node : 7dff2f0e-a604-4fea-a429-db6e8d850676{ip: 192.168.69.88, host: trunk-nightly-kgw5x-1882989438, networkLocation: /default-rack, certSerialId: null}
2019-07-16 15:40:45,240 INFO  impl.RaftServerProxy (RaftServerProxy.java:addNew(89)) - 7dff2f0e-a604-4fea-a429-db6e8d850676: addNew group-4A5A158E4C8D:[7dff2f0e-a604-4fea-a429-db6e8d850676:192.168.69.88:42313] returns group-4A5A158E4C8D:java.util.concurrent.CompletableFuture@2180bc48[Not completed]
2019-07-16 15:40:45,241 INFO  impl.RaftServerImpl (RaftServerImpl.java:<init>(93)) - 7dff2f0e-a604-4fea-a429-db6e8d850676: new RaftServerImpl for group-4A5A158E4C8D:[7dff2f0e-a604-4fea-a429-db6e8d850676:192.168.69.88:42313] with ContainerStateMachine:uninitialized
2019-07-16 15:40:45,242 INFO  server.RaftServerConfigKeys (ConfUtils.java:logGet(43)) - raft.server.rpc.timeout.min = 5s (custom)
2019-07-16 15:40:45,242 INFO  server.RaftServerConfigKeys (ConfUtils.java:logGet(43)) - raft.server.rpc.timeout.max = 5200ms (custom)
2019-07-16 15:40:45,242 INFO  server.RaftServerConfigKeys (ConfUtils.java:logGet(43)) - raft.server.rpcslowness.timeout = 120s (custom)
2019-07-16 15:40:45,242 INFO  server.RaftServerConfigKeys (ConfUtils.java:logGet(43)) - raft.server.sleep.deviation.threshold = 300 (default)
2019-07-16 15:40:45,242 INFO  server.RaftServerConfigKeys (ConfUtils.java:logGet(43)) - raft.server.log.appender.install.snapshot.enabled = false (custom)
2019-07-16 15:40:45,242 INFO  impl.RaftServerImpl (ServerState.java:<init>(105)) - 7dff2f0e-a604-4fea-a429-db6e8d850676:group-4A5A158E4C8D ConfigurationManager, init=-1: [7dff2f0e-a604-4fea-a429-db6e8d850676:192.168.69.88:42313], old=null, confs=<EMPTY_MAP>
2019-07-16 15:40:45,242 INFO  server.RaftServerConfigKeys (ConfUtils.java:logGet(43)) - raft.server.storage.dir = [/workdir/hadoop-ozone/integration-test/target/test-dir/MiniOzoneClusterImpl-386b5208-f273-4a43-a586-80facaa1f908/datanode-3/data/ratis] (custom)
2019-07-16 15:40:45,243 INFO  storage.RaftStorageDirectory (RaftStorageDirectory.java:analyzeStorage(246)) - The storage directory /workdir/hadoop-ozone/integration-test/target/test-dir/MiniOzoneClusterImpl-386b5208-f273-4a43-a586-80facaa1f908/datanode-3/data/ratis/d1720570-3a94-44e1-9df9-4a5a158e4c8d does not exist. Creating ...
2019-07-16 15:40:45,256 INFO  storage.RaftStorageDirectory (RaftStorageDirectory.java:tryLock(328)) - Lock on /workdir/hadoop-ozone/integration-test/target/test-dir/MiniOzoneClusterImpl-386b5208-f273-4a43-a586-80facaa1f908/datanode-3/data/ratis/d1720570-3a94-44e1-9df9-4a5a158e4c8d/in_use.lock acquired by nodename 18277@trunk-nightly-kgw5x-1882989438
2019-07-16 15:40:45,269 INFO  storage.RaftStorage (RaftStorage.java:format(72)) - Storage directory /workdir/hadoop-ozone/integration-test/target/test-dir/MiniOzoneClusterImpl-386b5208-f273-4a43-a586-80facaa1f908/datanode-3/data/ratis/d1720570-3a94-44e1-9df9-4a5a158e4c8d has been successfully formatted.
2019-07-16 15:40:45,270 INFO  ratis.ContainerStateMachine (ContainerStateMachine.java:loadSnapshot(200)) - group-4A5A158E4C8D: The snapshot info is null. Setting the last applied indexto:(t:0, i:~)
2019-07-16 15:40:45,270 INFO  server.RaftServerConfigKeys (ConfUtils.java:logGet(43)) - raft.server.leader.election.timeout = 120s (custom)
2019-07-16 15:40:45,270 INFO  server.RaftServerConfigKeys (ConfUtils.java:logGet(43)) - raft.server.log.use.memory = false (default)
2019-07-16 15:40:45,270 INFO  server.RaftServerConfigKeys (ConfUtils.java:logGet(43)) - raft.server.log.purge.gap = 1000000000 (custom)
2019-07-16 15:40:45,270 INFO  server.RaftServerConfigKeys (ConfUtils.java:logGet(43)) - raft.server.log.appender.buffer.byte-limit = 33554432 (custom)
2019-07-16 15:40:45,270 INFO  server.RaftServerConfigKeys (ConfUtils.java:logGet(43)) - raft.server.log.segment.size.max = 1048576 (custom)
2019-07-16 15:40:45,271 INFO  server.RaftServerConfigKeys (ConfUtils.java:logGet(43)) - raft.server.log.segment.cache.num.max = 2 (custom)
2019-07-16 15:40:45,271 INFO  segmented.SegmentedRaftLogWorker (SegmentedRaftLogWorker.java:<init>(172)) - new 7dff2f0e-a604-4fea-a429-db6e8d850676-SegmentedRaftLogWorker:Storage Directory /workdir/hadoop-ozone/integration-test/target/test-dir/MiniOzoneClusterImpl-386b5208-f273-4a43-a586-80facaa1f908/datanode-3/data/ratis/d1720570-3a94-44e1-9df9-4a5a158e4c8d for RaftStorage:Storage Directory /workdir/hadoop-ozone/integration-test/target/test-dir/MiniOzoneClusterImpl-386b5208-f273-4a43-a586-80facaa1f908/datanode-3/data/ratis/d1720570-3a94-44e1-9df9-4a5a158e4c8d
2019-07-16 15:40:45,271 INFO  server.RaftServerConfigKeys (ConfUtils.java:logGet(43)) - raft.server.log.queue.byte-limit = 2147483647 (custom)
2019-07-16 15:40:45,271 INFO  server.RaftServerConfigKeys (ConfUtils.java:logGet(43)) - raft.server.log.queue.element-limit = 1024 (custom)
2019-07-16 15:40:45,271 INFO  server.RaftServerConfigKeys (ConfUtils.java:logGet(43)) - raft.server.log.segment.size.max = 1048576 (custom)
2019-07-16 15:40:45,272 INFO  server.RaftServerConfigKeys (ConfUtils.java:logGet(43)) - raft.server.log.preallocated.size = 16384 (custom)
2019-07-16 15:40:45,272 INFO  server.RaftServerConfigKeys (ConfUtils.java:logGet(43)) - raft.server.log.write.buffer.size = 33554432 (custom)
2019-07-16 15:40:45,272 INFO  server.RaftServerConfigKeys (ConfUtils.java:logGet(43)) - raft.server.log.force.sync.num = 128 (default)
2019-07-16 15:40:45,272 INFO  server.RaftServerConfigKeys (ConfUtils.java:logGet(43)) - raft.server.log.statemachine.data.sync = true (default)
2019-07-16 15:40:45,272 INFO  server.RaftServerConfigKeys (ConfUtils.java:logGet(43)) - raft.server.log.statemachine.data.sync.timeout = 10s (default)
2019-07-16 15:40:45,272 INFO  server.RaftServerConfigKeys (ConfUtils.java:logGet(43)) - raft.server.log.statemachine.data.sync.timeout.retry = -1 (default)
2019-07-16 15:40:45,273 INFO  server.RaftServerConfigKeys (ConfUtils.java:logGet(43)) - raft.server.log.statemachine.data.caching.enabled = true (custom)
2019-07-16 15:40:45,273 INFO  segmented.SegmentedRaftLogWorker (SegmentedRaftLogWorker.java:lambda$new$0(132)) - 7dff2f0e-a604-4fea-a429-db6e8d850676-SegmentedRaftLogWorker:Storage Directory /workdir/hadoop-ozone/integration-test/target/test-dir/MiniOzoneClusterImpl-386b5208-f273-4a43-a586-80facaa1f908/datanode-3/data/ratis/d1720570-3a94-44e1-9df9-4a5a158e4c8d: flushIndex: setUnconditionally 0 -> -1
2019-07-16 15:40:45,273 INFO  server.RaftServerConfigKeys (ConfUtils.java:logGet(43)) - raft.server.snapshot.auto.trigger.enabled = true (custom)
2019-07-16 15:40:45,273 INFO  server.RaftServerConfigKeys (ConfUtils.java:logGet(43)) - raft.server.snapshot.auto.trigger.threshold = 10000 (custom)
2019-07-16 15:40:45,274 INFO  server.RaftServerConfigKeys (ConfUtils.java:logGet(43)) - raft.server.retrycache.expirytime = 600000ms (custom)
2019-07-16 15:40:45,274 INFO  impl.RaftServerImpl (RaftServerImpl.java:start(180)) - 7dff2f0e-a604-4fea-a429-db6e8d850676: start group-4A5A158E4C8D
2019-07-16 15:40:45,274 INFO  impl.RaftServerImpl (RaftServerImpl.java:setRole(171)) - 7dff2f0e-a604-4fea-a429-db6e8d850676:group-4A5A158E4C8D changes role from null to FOLLOWER at term 0 for startAsFollower
2019-07-16 15:40:45,274 INFO  impl.RoleInfo (RoleInfo.java:updateAndGet(143)) - 7dff2f0e-a604-4fea-a429-db6e8d850676: start FollowerState
2019-07-16 15:40:45,275 INFO  util.JmxRegister (JmxRegister.java:tryRegister(44)) - Successfully registered JMX Bean with object name Ratis:service=RaftServer,group=group-4A5A158E4C8D,id=7dff2f0e-a604-4fea-a429-db6e8d850676
2019-07-16 15:40:45,279 INFO  pipeline.PipelineStateManager (PipelineStateManager.java:addPipeline(56)) - Created pipeline Pipeline[ Id: d1720570-3a94-44e1-9df9-4a5a158e4c8d, Nodes: 7dff2f0e-a604-4fea-a429-db6e8d850676{ip: 192.168.69.88, host: trunk-nightly-kgw5x-1882989438, networkLocation: /default-rack, certSerialId: null}, Type:RATIS, Factor:ONE, State:OPEN]
2019-07-16 15:40:45,430 INFO  node.SCMNodeManager (SCMNodeManager.java:register(269)) - Registered Data node : 99aac624-90ba-45b0-8630-5cc530133441{ip: 192.168.69.88, host: trunk-nightly-kgw5x-1882989438, networkLocation: /default-rack, certSerialId: null}
2019-07-16 15:40:45,440 INFO  impl.RaftServerProxy (RaftServerProxy.java:addNew(89)) - 99aac624-90ba-45b0-8630-5cc530133441: addNew group-0D10D085F4E0:[99aac624-90ba-45b0-8630-5cc530133441:192.168.69.88:36312] returns group-0D10D085F4E0:java.util.concurrent.CompletableFuture@5cadf4ef[Not completed]
2019-07-16 15:40:45,442 INFO  impl.RaftServerImpl (RaftServerImpl.java:<init>(93)) - 99aac624-90ba-45b0-8630-5cc530133441: new RaftServerImpl for group-0D10D085F4E0:[99aac624-90ba-45b0-8630-5cc530133441:192.168.69.88:36312] with ContainerStateMachine:uninitialized
2019-07-16 15:40:45,442 INFO  server.RaftServerConfigKeys (ConfUtils.java:logGet(43)) - raft.server.rpc.timeout.min = 5s (custom)
2019-07-16 15:40:45,442 INFO  server.RaftServerConfigKeys (ConfUtils.java:logGet(43)) - raft.server.rpc.timeout.max = 5200ms (custom)
2019-07-16 15:40:45,443 INFO  server.RaftServerConfigKeys (ConfUtils.java:logGet(43)) - raft.server.rpcslowness.timeout = 120s (custom)
2019-07-16 15:40:45,443 INFO  server.RaftServerConfigKeys (ConfUtils.java:logGet(43)) - raft.server.sleep.deviation.threshold = 300 (default)
2019-07-16 15:40:45,443 INFO  server.RaftServerConfigKeys (ConfUtils.java:logGet(43)) - raft.server.log.appender.install.snapshot.enabled = false (custom)
2019-07-16 15:40:45,443 INFO  impl.RaftServerImpl (ServerState.java:<init>(105)) - 99aac624-90ba-45b0-8630-5cc530133441:group-0D10D085F4E0 ConfigurationManager, init=-1: [99aac624-90ba-45b0-8630-5cc530133441:192.168.69.88:36312], old=null, confs=<EMPTY_MAP>
2019-07-16 15:40:45,443 INFO  server.RaftServerConfigKeys (ConfUtils.java:logGet(43)) - raft.server.storage.dir = [/workdir/hadoop-ozone/integration-test/target/test-dir/MiniOzoneClusterImpl-386b5208-f273-4a43-a586-80facaa1f908/datanode-4/data/ratis] (custom)
2019-07-16 15:40:45,444 INFO  storage.RaftStorageDirectory (RaftStorageDirectory.java:analyzeStorage(246)) - The storage directory /workdir/hadoop-ozone/integration-test/target/test-dir/MiniOzoneClusterImpl-386b5208-f273-4a43-a586-80facaa1f908/datanode-4/data/ratis/1b2dd6f9-e7d0-4939-9ef8-0d10d085f4e0 does not exist. Creating ...
2019-07-16 15:40:45,457 INFO  storage.RaftStorageDirectory (RaftStorageDirectory.java:tryLock(328)) - Lock on /workdir/hadoop-ozone/integration-test/target/test-dir/MiniOzoneClusterImpl-386b5208-f273-4a43-a586-80facaa1f908/datanode-4/data/ratis/1b2dd6f9-e7d0-4939-9ef8-0d10d085f4e0/in_use.lock acquired by nodename 18277@trunk-nightly-kgw5x-1882989438
2019-07-16 15:40:45,470 INFO  storage.RaftStorage (RaftStorage.java:format(72)) - Storage directory /workdir/hadoop-ozone/integration-test/target/test-dir/MiniOzoneClusterImpl-386b5208-f273-4a43-a586-80facaa1f908/datanode-4/data/ratis/1b2dd6f9-e7d0-4939-9ef8-0d10d085f4e0 has been successfully formatted.
2019-07-16 15:40:45,471 INFO  ratis.ContainerStateMachine (ContainerStateMachine.java:loadSnapshot(200)) - group-0D10D085F4E0: The snapshot info is null. Setting the last applied indexto:(t:0, i:~)
2019-07-16 15:40:45,471 INFO  server.RaftServerConfigKeys (ConfUtils.java:logGet(43)) - raft.server.leader.election.timeout = 120s (custom)
2019-07-16 15:40:45,471 INFO  server.RaftServerConfigKeys (ConfUtils.java:logGet(43)) - raft.server.log.use.memory = false (default)
2019-07-16 15:40:45,471 INFO  server.RaftServerConfigKeys (ConfUtils.java:logGet(43)) - raft.server.log.purge.gap = 1000000000 (custom)
2019-07-16 15:40:45,471 INFO  server.RaftServerConfigKeys (ConfUtils.java:logGet(43)) - raft.server.log.appender.buffer.byte-limit = 33554432 (custom)
2019-07-16 15:40:45,472 INFO  server.RaftServerConfigKeys (ConfUtils.java:logGet(43)) - raft.server.log.segment.size.max = 1048576 (custom)
2019-07-16 15:40:45,472 INFO  server.RaftServerConfigKeys (ConfUtils.java:logGet(43)) - raft.server.log.segment.cache.num.max = 2 (custom)
2019-07-16 15:40:45,472 INFO  segmented.SegmentedRaftLogWorker (SegmentedRaftLogWorker.java:<init>(172)) - new 99aac624-90ba-45b0-8630-5cc530133441-SegmentedRaftLogWorker:Storage Directory /workdir/hadoop-ozone/integration-test/target/test-dir/MiniOzoneClusterImpl-386b5208-f273-4a43-a586-80facaa1f908/datanode-4/data/ratis/1b2dd6f9-e7d0-4939-9ef8-0d10d085f4e0 for RaftStorage:Storage Directory /workdir/hadoop-ozone/integration-test/target/test-dir/MiniOzoneClusterImpl-386b5208-f273-4a43-a586-80facaa1f908/datanode-4/data/ratis/1b2dd6f9-e7d0-4939-9ef8-0d10d085f4e0
2019-07-16 15:40:45,472 INFO  server.RaftServerConfigKeys (ConfUtils.java:logGet(43)) - raft.server.log.queue.byte-limit = 2147483647 (custom)
2019-07-16 15:40:45,472 INFO  server.RaftServerConfigKeys (ConfUtils.java:logGet(43)) - raft.server.log.queue.element-limit = 1024 (custom)
2019-07-16 15:40:45,473 INFO  server.RaftServerConfigKeys (ConfUtils.java:logGet(43)) - raft.server.log.segment.size.max = 1048576 (custom)
2019-07-16 15:40:45,473 INFO  server.RaftServerConfigKeys (ConfUtils.java:logGet(43)) - raft.server.log.preallocated.size = 16384 (custom)
2019-07-16 15:40:45,473 INFO  server.RaftServerConfigKeys (ConfUtils.java:logGet(43)) - raft.server.log.write.buffer.size = 33554432 (custom)
2019-07-16 15:40:45,473 INFO  server.RaftServerConfigKeys (ConfUtils.java:logGet(43)) - raft.server.log.force.sync.num = 128 (default)
2019-07-16 15:40:45,473 INFO  server.RaftServerConfigKeys (ConfUtils.java:logGet(43)) - raft.server.log.statemachine.data.sync = true (default)
2019-07-16 15:40:45,473 INFO  server.RaftServerConfigKeys (ConfUtils.java:logGet(43)) - raft.server.log.statemachine.data.sync.timeout = 10s (default)
2019-07-16 15:40:45,474 INFO  server.RaftServerConfigKeys (ConfUtils.java:logGet(43)) - raft.server.log.statemachine.data.sync.timeout.retry = -1 (default)
2019-07-16 15:40:45,474 INFO  server.RaftServerConfigKeys (ConfUtils.java:logGet(43)) - raft.server.log.statemachine.data.caching.enabled = true (custom)
2019-07-16 15:40:45,474 INFO  segmented.SegmentedRaftLogWorker (SegmentedRaftLogWorker.java:lambda$new$0(132)) - 99aac624-90ba-45b0-8630-5cc530133441-SegmentedRaftLogWorker:Storage Directory /workdir/hadoop-ozone/integration-test/target/test-dir/MiniOzoneClusterImpl-386b5208-f273-4a43-a586-80facaa1f908/datanode-4/data/ratis/1b2dd6f9-e7d0-4939-9ef8-0d10d085f4e0: flushIndex: setUnconditionally 0 -> -1
2019-07-16 15:40:45,475 INFO  server.RaftServerConfigKeys (ConfUtils.java:logGet(43)) - raft.server.snapshot.auto.trigger.enabled = true (custom)
2019-07-16 15:40:45,475 INFO  server.RaftServerConfigKeys (ConfUtils.java:logGet(43)) - raft.server.snapshot.auto.trigger.threshold = 10000 (custom)
2019-07-16 15:40:45,475 INFO  server.RaftServerConfigKeys (ConfUtils.java:logGet(43)) - raft.server.retrycache.expirytime = 600000ms (custom)
2019-07-16 15:40:45,475 INFO  impl.RaftServerImpl (RaftServerImpl.java:start(180)) - 99aac624-90ba-45b0-8630-5cc530133441: start group-0D10D085F4E0
2019-07-16 15:40:45,475 INFO  impl.RaftServerImpl (RaftServerImpl.java:setRole(171)) - 99aac624-90ba-45b0-8630-5cc530133441:group-0D10D085F4E0 changes role from null to FOLLOWER at term 0 for startAsFollower
2019-07-16 15:40:45,476 INFO  impl.RoleInfo (RoleInfo.java:updateAndGet(143)) - 99aac624-90ba-45b0-8630-5cc530133441: start FollowerState
2019-07-16 15:40:45,476 INFO  util.JmxRegister (JmxRegister.java:tryRegister(44)) - Successfully registered JMX Bean with object name Ratis:service=RaftServer,group=group-0D10D085F4E0,id=99aac624-90ba-45b0-8630-5cc530133441
2019-07-16 15:40:45,482 INFO  pipeline.PipelineStateManager (PipelineStateManager.java:addPipeline(56)) - Created pipeline Pipeline[ Id: 1b2dd6f9-e7d0-4939-9ef8-0d10d085f4e0, Nodes: 99aac624-90ba-45b0-8630-5cc530133441{ip: 192.168.69.88, host: trunk-nightly-kgw5x-1882989438, networkLocation: /default-rack, certSerialId: null}, Type:RATIS, Factor:ONE, State:OPEN]
2019-07-16 15:40:45,596 INFO  node.SCMNodeManager (SCMNodeManager.java:register(269)) - Registered Data node : c06e5ee5-4e1f-439c-a23c-76ab36500eb0{ip: 192.168.69.88, host: trunk-nightly-kgw5x-1882989438, networkLocation: /default-rack, certSerialId: null}
2019-07-16 15:40:45,604 INFO  impl.RaftServerProxy (RaftServerProxy.java:addNew(89)) - c06e5ee5-4e1f-439c-a23c-76ab36500eb0: addNew group-F40FBBD1FEB8:[c06e5ee5-4e1f-439c-a23c-76ab36500eb0:192.168.69.88:41700] returns group-F40FBBD1FEB8:java.util.concurrent.CompletableFuture@5cb0450f[Not completed]
2019-07-16 15:40:45,605 INFO  impl.RaftServerImpl (RaftServerImpl.java:<init>(93)) - c06e5ee5-4e1f-439c-a23c-76ab36500eb0: new RaftServerImpl for group-F40FBBD1FEB8:[c06e5ee5-4e1f-439c-a23c-76ab36500eb0:192.168.69.88:41700] with ContainerStateMachine:uninitialized
2019-07-16 15:40:45,605 INFO  server.RaftServerConfigKeys (ConfUtils.java:logGet(43)) - raft.server.rpc.timeout.min = 5s (custom)
2019-07-16 15:40:45,605 INFO  server.RaftServerConfigKeys (ConfUtils.java:logGet(43)) - raft.server.rpc.timeout.max = 5200ms (custom)
2019-07-16 15:40:45,605 INFO  server.RaftServerConfigKeys (ConfUtils.java:logGet(43)) - raft.server.rpcslowness.timeout = 120s (custom)
2019-07-16 15:40:45,605 INFO  server.RaftServerConfigKeys (ConfUtils.java:logGet(43)) - raft.server.sleep.deviation.threshold = 300 (default)
2019-07-16 15:40:45,605 INFO  server.RaftServerConfigKeys (ConfUtils.java:logGet(43)) - raft.server.log.appender.install.snapshot.enabled = false (custom)
2019-07-16 15:40:45,606 INFO  impl.RaftServerImpl (ServerState.java:<init>(105)) - c06e5ee5-4e1f-439c-a23c-76ab36500eb0:group-F40FBBD1FEB8 ConfigurationManager, init=-1: [c06e5ee5-4e1f-439c-a23c-76ab36500eb0:192.168.69.88:41700], old=null, confs=<EMPTY_MAP>
2019-07-16 15:40:45,606 INFO  server.RaftServerConfigKeys (ConfUtils.java:logGet(43)) - raft.server.storage.dir = [/workdir/hadoop-ozone/integration-test/target/test-dir/MiniOzoneClusterImpl-386b5208-f273-4a43-a586-80facaa1f908/datanode-5/data/ratis] (custom)
2019-07-16 15:40:45,606 INFO  storage.RaftStorageDirectory (RaftStorageDirectory.java:analyzeStorage(246)) - The storage directory /workdir/hadoop-ozone/integration-test/target/test-dir/MiniOzoneClusterImpl-386b5208-f273-4a43-a586-80facaa1f908/datanode-5/data/ratis/b18c402a-414d-438b-ad93-f40fbbd1feb8 does not exist. Creating ...
2019-07-16 15:40:45,619 INFO  storage.RaftStorageDirectory (RaftStorageDirectory.java:tryLock(328)) - Lock on /workdir/hadoop-ozone/integration-test/target/test-dir/MiniOzoneClusterImpl-386b5208-f273-4a43-a586-80facaa1f908/datanode-5/data/ratis/b18c402a-414d-438b-ad93-f40fbbd1feb8/in_use.lock acquired by nodename 18277@trunk-nightly-kgw5x-1882989438
2019-07-16 15:40:45,639 INFO  storage.RaftStorage (RaftStorage.java:format(72)) - Storage directory /workdir/hadoop-ozone/integration-test/target/test-dir/MiniOzoneClusterImpl-386b5208-f273-4a43-a586-80facaa1f908/datanode-5/data/ratis/b18c402a-414d-438b-ad93-f40fbbd1feb8 has been successfully formatted.
2019-07-16 15:40:45,639 INFO  ratis.ContainerStateMachine (ContainerStateMachine.java:loadSnapshot(200)) - group-F40FBBD1FEB8: The snapshot info is null. Setting the last applied indexto:(t:0, i:~)
2019-07-16 15:40:45,639 INFO  server.RaftServerConfigKeys (ConfUtils.java:logGet(43)) - raft.server.leader.election.timeout = 120s (custom)
2019-07-16 15:40:45,639 INFO  server.RaftServerConfigKeys (ConfUtils.java:logGet(43)) - raft.server.log.use.memory = false (default)
2019-07-16 15:40:45,639 INFO  server.RaftServerConfigKeys (ConfUtils.java:logGet(43)) - raft.server.log.purge.gap = 1000000000 (custom)
2019-07-16 15:40:45,640 INFO  server.RaftServerConfigKeys (ConfUtils.java:logGet(43)) - raft.server.log.appender.buffer.byte-limit = 33554432 (custom)
2019-07-16 15:40:45,640 INFO  server.RaftServerConfigKeys (ConfUtils.java:logGet(43)) - raft.server.log.segment.size.max = 1048576 (custom)
2019-07-16 15:40:45,640 INFO  server.RaftServerConfigKeys (ConfUtils.java:logGet(43)) - raft.server.log.segment.cache.num.max = 2 (custom)
2019-07-16 15:40:45,640 INFO  segmented.SegmentedRaftLogWorker (SegmentedRaftLogWorker.java:<init>(172)) - new c06e5ee5-4e1f-439c-a23c-76ab36500eb0-SegmentedRaftLogWorker:Storage Directory /workdir/hadoop-ozone/integration-test/target/test-dir/MiniOzoneClusterImpl-386b5208-f273-4a43-a586-80facaa1f908/datanode-5/data/ratis/b18c402a-414d-438b-ad93-f40fbbd1feb8 for RaftStorage:Storage Directory /workdir/hadoop-ozone/integration-test/target/test-dir/MiniOzoneClusterImpl-386b5208-f273-4a43-a586-80facaa1f908/datanode-5/data/ratis/b18c402a-414d-438b-ad93-f40fbbd1feb8
2019-07-16 15:40:45,640 INFO  server.RaftServerConfigKeys (ConfUtils.java:logGet(43)) - raft.server.log.queue.byte-limit = 2147483647 (custom)
2019-07-16 15:40:45,640 INFO  server.RaftServerConfigKeys (ConfUtils.java:logGet(43)) - raft.server.log.queue.element-limit = 1024 (custom)
2019-07-16 15:40:45,641 INFO  server.RaftServerConfigKeys (ConfUtils.java:logGet(43)) - raft.server.log.segment.size.max = 1048576 (custom)
2019-07-16 15:40:45,641 INFO  server.RaftServerConfigKeys (ConfUtils.java:logGet(43)) - raft.server.log.preallocated.size = 16384 (custom)
2019-07-16 15:40:45,641 INFO  server.RaftServerConfigKeys (ConfUtils.java:logGet(43)) - raft.server.log.write.buffer.size = 33554432 (custom)
2019-07-16 15:40:45,641 INFO  server.RaftServerConfigKeys (ConfUtils.java:logGet(43)) - raft.server.log.force.sync.num = 128 (default)
2019-07-16 15:40:45,641 INFO  server.RaftServerConfigKeys (ConfUtils.java:logGet(43)) - raft.server.log.statemachine.data.sync = true (default)
2019-07-16 15:40:45,641 INFO  server.RaftServerConfigKeys (ConfUtils.java:logGet(43)) - raft.server.log.statemachine.data.sync.timeout = 10s (default)
2019-07-16 15:40:45,642 INFO  server.RaftServerConfigKeys (ConfUtils.java:logGet(43)) - raft.server.log.statemachine.data.sync.timeout.retry = -1 (default)
2019-07-16 15:40:45,642 INFO  server.RaftServerConfigKeys (ConfUtils.java:logGet(43)) - raft.server.log.statemachine.data.caching.enabled = true (custom)
2019-07-16 15:40:45,642 INFO  segmented.SegmentedRaftLogWorker (SegmentedRaftLogWorker.java:lambda$new$0(132)) - c06e5ee5-4e1f-439c-a23c-76ab36500eb0-SegmentedRaftLogWorker:Storage Directory /workdir/hadoop-ozone/integration-test/target/test-dir/MiniOzoneClusterImpl-386b5208-f273-4a43-a586-80facaa1f908/datanode-5/data/ratis/b18c402a-414d-438b-ad93-f40fbbd1feb8: flushIndex: setUnconditionally 0 -> -1
2019-07-16 15:40:45,643 INFO  server.RaftServerConfigKeys (ConfUtils.java:logGet(43)) - raft.server.snapshot.auto.trigger.enabled = true (custom)
2019-07-16 15:40:45,643 INFO  server.RaftServerConfigKeys (ConfUtils.java:logGet(43)) - raft.server.snapshot.auto.trigger.threshold = 10000 (custom)
2019-07-16 15:40:45,643 INFO  server.RaftServerConfigKeys (ConfUtils.java:logGet(43)) - raft.server.retrycache.expirytime = 600000ms (custom)
2019-07-16 15:40:45,643 INFO  impl.RaftServerImpl (RaftServerImpl.java:start(180)) - c06e5ee5-4e1f-439c-a23c-76ab36500eb0: start group-F40FBBD1FEB8
2019-07-16 15:40:45,643 INFO  impl.RaftServerImpl (RaftServerImpl.java:setRole(171)) - c06e5ee5-4e1f-439c-a23c-76ab36500eb0:group-F40FBBD1FEB8 changes role from null to FOLLOWER at term 0 for startAsFollower
2019-07-16 15:40:45,643 INFO  impl.RoleInfo (RoleInfo.java:updateAndGet(143)) - c06e5ee5-4e1f-439c-a23c-76ab36500eb0: start FollowerState
2019-07-16 15:40:45,644 INFO  util.JmxRegister (JmxRegister.java:tryRegister(44)) - Successfully registered JMX Bean with object name Ratis:service=RaftServer,group=group-F40FBBD1FEB8,id=c06e5ee5-4e1f-439c-a23c-76ab36500eb0
2019-07-16 15:40:45,657 INFO  pipeline.PipelineStateManager (PipelineStateManager.java:addPipeline(56)) - Created pipeline Pipeline[ Id: b18c402a-414d-438b-ad93-f40fbbd1feb8, Nodes: c06e5ee5-4e1f-439c-a23c-76ab36500eb0{ip: 192.168.69.88, host: trunk-nightly-kgw5x-1882989438, networkLocation: /default-rack, certSerialId: null}, Type:RATIS, Factor:ONE, State:OPEN]
2019-07-16 15:40:45,667 INFO  impl.RaftServerProxy (RaftServerProxy.java:addNew(89)) - 99aac624-90ba-45b0-8630-5cc530133441: addNew group-8838F5CCAD23:[99aac624-90ba-45b0-8630-5cc530133441:192.168.69.88:36312, 7dff2f0e-a604-4fea-a429-db6e8d850676:192.168.69.88:42313, c06e5ee5-4e1f-439c-a23c-76ab36500eb0:192.168.69.88:41700] returns group-8838F5CCAD23:java.util.concurrent.CompletableFuture@147615c5[Not completed]
2019-07-16 15:40:45,667 INFO  impl.RaftServerProxy (RaftServerProxy.java:addNew(89)) - 7dff2f0e-a604-4fea-a429-db6e8d850676: addNew group-8838F5CCAD23:[99aac624-90ba-45b0-8630-5cc530133441:192.168.69.88:36312, 7dff2f0e-a604-4fea-a429-db6e8d850676:192.168.69.88:42313, c06e5ee5-4e1f-439c-a23c-76ab36500eb0:192.168.69.88:41700] returns group-8838F5CCAD23:java.util.concurrent.CompletableFuture@e15d350[Not completed]
2019-07-16 15:40:45,667 INFO  impl.RaftServerProxy (RaftServerProxy.java:addNew(89)) - c06e5ee5-4e1f-439c-a23c-76ab36500eb0: addNew group-8838F5CCAD23:[99aac624-90ba-45b0-8630-5cc530133441:192.168.69.88:36312, 7dff2f0e-a604-4fea-a429-db6e8d850676:192.168.69.88:42313, c06e5ee5-4e1f-439c-a23c-76ab36500eb0:192.168.69.88:41700] returns group-8838F5CCAD23:java.util.concurrent.CompletableFuture@4ccfb1d4[Not completed]
2019-07-16 15:40:45,668 INFO  impl.RaftServerImpl (RaftServerImpl.java:<init>(93)) - 7dff2f0e-a604-4fea-a429-db6e8d850676: new RaftServerImpl for group-8838F5CCAD23:[99aac624-90ba-45b0-8630-5cc530133441:192.168.69.88:36312, 7dff2f0e-a604-4fea-a429-db6e8d850676:192.168.69.88:42313, c06e5ee5-4e1f-439c-a23c-76ab36500eb0:192.168.69.88:41700] with ContainerStateMachine:uninitialized
2019-07-16 15:40:45,668 INFO  server.RaftServerConfigKeys (ConfUtils.java:logGet(43)) - raft.server.rpc.timeout.min = 5s (custom)
2019-07-16 15:40:45,668 INFO  server.RaftServerConfigKeys (ConfUtils.java:logGet(43)) - raft.server.rpc.timeout.max = 5200ms (custom)
2019-07-16 15:40:45,668 INFO  impl.RaftServerImpl (RaftServerImpl.java:<init>(93)) - c06e5ee5-4e1f-439c-a23c-76ab36500eb0: new RaftServerImpl for group-8838F5CCAD23:[99aac624-90ba-45b0-8630-5cc530133441:192.168.69.88:36312, 7dff2f0e-a604-4fea-a429-db6e8d850676:192.168.69.88:42313, c06e5ee5-4e1f-439c-a23c-76ab36500eb0:192.168.69.88:41700] with ContainerStateMachine:uninitialized
2019-07-16 15:40:45,669 INFO  server.RaftServerConfigKeys (ConfUtils.java:logGet(43)) - raft.server.rpcslowness.timeout = 120s (custom)
2019-07-16 15:40:45,669 INFO  server.RaftServerConfigKeys (ConfUtils.java:logGet(43)) - raft.server.rpc.timeout.min = 5s (custom)
2019-07-16 15:40:45,669 INFO  server.RaftServerConfigKeys (ConfUtils.java:logGet(43)) - raft.server.sleep.deviation.threshold = 300 (default)
2019-07-16 15:40:45,669 INFO  impl.RaftServerImpl (RaftServerImpl.java:<init>(93)) - 99aac624-90ba-45b0-8630-5cc530133441: new RaftServerImpl for group-8838F5CCAD23:[99aac624-90ba-45b0-8630-5cc530133441:192.168.69.88:36312, 7dff2f0e-a604-4fea-a429-db6e8d850676:192.168.69.88:42313, c06e5ee5-4e1f-439c-a23c-76ab36500eb0:192.168.69.88:41700] with ContainerStateMachine:uninitialized
2019-07-16 15:40:45,669 INFO  server.RaftServerConfigKeys (ConfUtils.java:logGet(43)) - raft.server.rpc.timeout.max = 5200ms (custom)
2019-07-16 15:40:45,669 INFO  server.RaftServerConfigKeys (ConfUtils.java:logGet(43)) - raft.server.rpc.timeout.min = 5s (custom)
2019-07-16 15:40:45,669 INFO  server.RaftServerConfigKeys (ConfUtils.java:logGet(43)) - raft.server.log.appender.install.snapshot.enabled = false (custom)
2019-07-16 15:40:45,670 INFO  server.RaftServerConfigKeys (ConfUtils.java:logGet(43)) - raft.server.rpc.timeout.max = 5200ms (custom)
2019-07-16 15:40:45,670 INFO  server.RaftServerConfigKeys (ConfUtils.java:logGet(43)) - raft.server.rpcslowness.timeout = 120s (custom)
2019-07-16 15:40:45,669 INFO  server.RaftServerConfigKeys (ConfUtils.java:logGet(43)) - raft.server.rpcslowness.timeout = 120s (custom)
2019-07-16 15:40:45,670 INFO  server.RaftServerConfigKeys (ConfUtils.java:logGet(43)) - raft.server.sleep.deviation.threshold = 300 (default)
2019-07-16 15:40:45,670 INFO  impl.RaftServerImpl (ServerState.java:<init>(105)) - 7dff2f0e-a604-4fea-a429-db6e8d850676:group-8838F5CCAD23 ConfigurationManager, init=-1: [99aac624-90ba-45b0-8630-5cc530133441:192.168.69.88:36312, 7dff2f0e-a604-4fea-a429-db6e8d850676:192.168.69.88:42313, c06e5ee5-4e1f-439c-a23c-76ab36500eb0:192.168.69.88:41700], old=null, confs=<EMPTY_MAP>
2019-07-16 15:40:45,670 INFO  server.RaftServerConfigKeys (ConfUtils.java:logGet(43)) - raft.server.log.appender.install.snapshot.enabled = false (custom)
2019-07-16 15:40:45,670 INFO  server.RaftServerConfigKeys (ConfUtils.java:logGet(43)) - raft.server.sleep.deviation.threshold = 300 (default)
2019-07-16 15:40:45,671 INFO  impl.RaftServerImpl (ServerState.java:<init>(105)) - 99aac624-90ba-45b0-8630-5cc530133441:group-8838F5CCAD23 ConfigurationManager, init=-1: [99aac624-90ba-45b0-8630-5cc530133441:192.168.69.88:36312, 7dff2f0e-a604-4fea-a429-db6e8d850676:192.168.69.88:42313, c06e5ee5-4e1f-439c-a23c-76ab36500eb0:192.168.69.88:41700], old=null, confs=<EMPTY_MAP>
2019-07-16 15:40:45,670 INFO  server.RaftServerConfigKeys (ConfUtils.java:logGet(43)) - raft.server.storage.dir = [/workdir/hadoop-ozone/integration-test/target/test-dir/MiniOzoneClusterImpl-386b5208-f273-4a43-a586-80facaa1f908/datanode-3/data/ratis] (custom)
2019-07-16 15:40:45,671 INFO  server.RaftServerConfigKeys (ConfUtils.java:logGet(43)) - raft.server.storage.dir = [/workdir/hadoop-ozone/integration-test/target/test-dir/MiniOzoneClusterImpl-386b5208-f273-4a43-a586-80facaa1f908/datanode-4/data/ratis] (custom)
2019-07-16 15:40:45,671 INFO  server.RaftServerConfigKeys (ConfUtils.java:logGet(43)) - raft.server.log.appender.install.snapshot.enabled = false (custom)
2019-07-16 15:40:45,671 INFO  impl.RaftServerImpl (ServerState.java:<init>(105)) - c06e5ee5-4e1f-439c-a23c-76ab36500eb0:group-8838F5CCAD23 ConfigurationManager, init=-1: [99aac624-90ba-45b0-8630-5cc530133441:192.168.69.88:36312, 7dff2f0e-a604-4fea-a429-db6e8d850676:192.168.69.88:42313, c06e5ee5-4e1f-439c-a23c-76ab36500eb0:192.168.69.88:41700], old=null, confs=<EMPTY_MAP>
2019-07-16 15:40:45,671 INFO  storage.RaftStorageDirectory (RaftStorageDirectory.java:analyzeStorage(246)) - The storage directory /workdir/hadoop-ozone/integration-test/target/test-dir/MiniOzoneClusterImpl-386b5208-f273-4a43-a586-80facaa1f908/datanode-3/data/ratis/7829c7c6-d2b7-46bc-96e5-8838f5ccad23 does not exist. Creating ...
2019-07-16 15:40:45,672 INFO  server.RaftServerConfigKeys (ConfUtils.java:logGet(43)) - raft.server.storage.dir = [/workdir/hadoop-ozone/integration-test/target/test-dir/MiniOzoneClusterImpl-386b5208-f273-4a43-a586-80facaa1f908/datanode-5/data/ratis] (custom)
2019-07-16 15:40:45,671 INFO  storage.RaftStorageDirectory (RaftStorageDirectory.java:analyzeStorage(246)) - The storage directory /workdir/hadoop-ozone/integration-test/target/test-dir/MiniOzoneClusterImpl-386b5208-f273-4a43-a586-80facaa1f908/datanode-4/data/ratis/7829c7c6-d2b7-46bc-96e5-8838f5ccad23 does not exist. Creating ...
2019-07-16 15:40:45,672 INFO  storage.RaftStorageDirectory (RaftStorageDirectory.java:analyzeStorage(246)) - The storage directory /workdir/hadoop-ozone/integration-test/target/test-dir/MiniOzoneClusterImpl-386b5208-f273-4a43-a586-80facaa1f908/datanode-5/data/ratis/7829c7c6-d2b7-46bc-96e5-8838f5ccad23 does not exist. Creating ...
2019-07-16 15:40:45,694 INFO  storage.RaftStorageDirectory (RaftStorageDirectory.java:tryLock(328)) - Lock on /workdir/hadoop-ozone/integration-test/target/test-dir/MiniOzoneClusterImpl-386b5208-f273-4a43-a586-80facaa1f908/datanode-5/data/ratis/7829c7c6-d2b7-46bc-96e5-8838f5ccad23/in_use.lock acquired by nodename 18277@trunk-nightly-kgw5x-1882989438
2019-07-16 15:40:45,694 INFO  storage.RaftStorageDirectory (RaftStorageDirectory.java:tryLock(328)) - Lock on /workdir/hadoop-ozone/integration-test/target/test-dir/MiniOzoneClusterImpl-386b5208-f273-4a43-a586-80facaa1f908/datanode-3/data/ratis/7829c7c6-d2b7-46bc-96e5-8838f5ccad23/in_use.lock acquired by nodename 18277@trunk-nightly-kgw5x-1882989438
2019-07-16 15:40:45,694 INFO  storage.RaftStorageDirectory (RaftStorageDirectory.java:tryLock(328)) - Lock on /workdir/hadoop-ozone/integration-test/target/test-dir/MiniOzoneClusterImpl-386b5208-f273-4a43-a586-80facaa1f908/datanode-4/data/ratis/7829c7c6-d2b7-46bc-96e5-8838f5ccad23/in_use.lock acquired by nodename 18277@trunk-nightly-kgw5x-1882989438
2019-07-16 15:40:45,708 INFO  storage.RaftStorage (RaftStorage.java:format(72)) - Storage directory /workdir/hadoop-ozone/integration-test/target/test-dir/MiniOzoneClusterImpl-386b5208-f273-4a43-a586-80facaa1f908/datanode-4/data/ratis/7829c7c6-d2b7-46bc-96e5-8838f5ccad23 has been successfully formatted.
2019-07-16 15:40:45,708 INFO  storage.RaftStorage (RaftStorage.java:format(72)) - Storage directory /workdir/hadoop-ozone/integration-test/target/test-dir/MiniOzoneClusterImpl-386b5208-f273-4a43-a586-80facaa1f908/datanode-5/data/ratis/7829c7c6-d2b7-46bc-96e5-8838f5ccad23 has been successfully formatted.
2019-07-16 15:40:45,708 INFO  storage.RaftStorage (RaftStorage.java:format(72)) - Storage directory /workdir/hadoop-ozone/integration-test/target/test-dir/MiniOzoneClusterImpl-386b5208-f273-4a43-a586-80facaa1f908/datanode-3/data/ratis/7829c7c6-d2b7-46bc-96e5-8838f5ccad23 has been successfully formatted.
2019-07-16 15:40:45,709 INFO  ratis.ContainerStateMachine (ContainerStateMachine.java:loadSnapshot(200)) - group-8838F5CCAD23: The snapshot info is null. Setting the last applied indexto:(t:0, i:~)
2019-07-16 15:40:45,708 INFO  ratis.ContainerStateMachine (ContainerStateMachine.java:loadSnapshot(200)) - group-8838F5CCAD23: The snapshot info is null. Setting the last applied indexto:(t:0, i:~)
2019-07-16 15:40:45,709 INFO  server.RaftServerConfigKeys (ConfUtils.java:logGet(43)) - raft.server.leader.election.timeout = 120s (custom)
2019-07-16 15:40:45,709 INFO  server.RaftServerConfigKeys (ConfUtils.java:logGet(43)) - raft.server.log.use.memory = false (default)
2019-07-16 15:40:45,709 INFO  ratis.ContainerStateMachine (ContainerStateMachine.java:loadSnapshot(200)) - group-8838F5CCAD23: The snapshot info is null. Setting the last applied indexto:(t:0, i:~)
2019-07-16 15:40:45,709 INFO  server.RaftServerConfigKeys (ConfUtils.java:logGet(43)) - raft.server.log.purge.gap = 1000000000 (custom)
2019-07-16 15:40:45,710 INFO  server.RaftServerConfigKeys (ConfUtils.java:logGet(43)) - raft.server.log.appender.buffer.byte-limit = 33554432 (custom)
2019-07-16 15:40:45,709 INFO  server.RaftServerConfigKeys (ConfUtils.java:logGet(43)) - raft.server.leader.election.timeout = 120s (custom)
2019-07-16 15:40:45,710 INFO  server.RaftServerConfigKeys (ConfUtils.java:logGet(43)) - raft.server.log.segment.size.max = 1048576 (custom)
2019-07-16 15:40:45,710 INFO  server.RaftServerConfigKeys (ConfUtils.java:logGet(43)) - raft.server.leader.election.timeout = 120s (custom)
2019-07-16 15:40:45,710 INFO  server.RaftServerConfigKeys (ConfUtils.java:logGet(43)) - raft.server.log.segment.cache.num.max = 2 (custom)
2019-07-16 15:40:45,710 INFO  server.RaftServerConfigKeys (ConfUtils.java:logGet(43)) - raft.server.log.use.memory = false (default)
2019-07-16 15:40:45,711 INFO  segmented.SegmentedRaftLogWorker (SegmentedRaftLogWorker.java:<init>(172)) - new c06e5ee5-4e1f-439c-a23c-76ab36500eb0-SegmentedRaftLogWorker:Storage Directory /workdir/hadoop-ozone/integration-test/target/test-dir/MiniOzoneClusterImpl-386b5208-f273-4a43-a586-80facaa1f908/datanode-5/data/ratis/7829c7c6-d2b7-46bc-96e5-8838f5ccad23 for RaftStorage:Storage Directory /workdir/hadoop-ozone/integration-test/target/test-dir/MiniOzoneClusterImpl-386b5208-f273-4a43-a586-80facaa1f908/datanode-5/data/ratis/7829c7c6-d2b7-46bc-96e5-8838f5ccad23
2019-07-16 15:40:45,710 INFO  server.RaftServerConfigKeys (ConfUtils.java:logGet(43)) - raft.server.log.use.memory = false (default)
2019-07-16 15:40:45,711 INFO  server.RaftServerConfigKeys (ConfUtils.java:logGet(43)) - raft.server.log.queue.byte-limit = 2147483647 (custom)
2019-07-16 15:40:45,711 INFO  server.RaftServerConfigKeys (ConfUtils.java:logGet(43)) - raft.server.log.queue.element-limit = 1024 (custom)
2019-07-16 15:40:45,711 INFO  server.RaftServerConfigKeys (ConfUtils.java:logGet(43)) - raft.server.log.purge.gap = 1000000000 (custom)
2019-07-16 15:40:45,711 INFO  server.RaftServerConfigKeys (ConfUtils.java:logGet(43)) - raft.server.log.segment.size.max = 1048576 (custom)
2019-07-16 15:40:45,712 INFO  server.RaftServerConfigKeys (ConfUtils.java:logGet(43)) - raft.server.log.preallocated.size = 16384 (custom)
2019-07-16 15:40:45,711 INFO  server.RaftServerConfigKeys (ConfUtils.java:logGet(43)) - raft.server.log.purge.gap = 1000000000 (custom)
2019-07-16 15:40:45,712 INFO  server.RaftServerConfigKeys (ConfUtils.java:logGet(43)) - raft.server.log.write.buffer.size = 33554432 (custom)
2019-07-16 15:40:45,712 INFO  server.RaftServerConfigKeys (ConfUtils.java:logGet(43)) - raft.server.log.force.sync.num = 128 (default)
2019-07-16 15:40:45,712 INFO  server.RaftServerConfigKeys (ConfUtils.java:logGet(43)) - raft.server.log.appender.buffer.byte-limit = 33554432 (custom)
2019-07-16 15:40:45,712 INFO  server.RaftServerConfigKeys (ConfUtils.java:logGet(43)) - raft.server.log.statemachine.data.sync = true (default)
2019-07-16 15:40:45,712 INFO  server.RaftServerConfigKeys (ConfUtils.java:logGet(43)) - raft.server.log.appender.buffer.byte-limit = 33554432 (custom)
2019-07-16 15:40:45,713 INFO  server.RaftServerConfigKeys (ConfUtils.java:logGet(43)) - raft.server.log.statemachine.data.sync.timeout = 10s (default)
2019-07-16 15:40:45,713 INFO  server.RaftServerConfigKeys (ConfUtils.java:logGet(43)) - raft.server.log.statemachine.data.sync.timeout.retry = -1 (default)
2019-07-16 15:40:45,713 INFO  server.RaftServerConfigKeys (ConfUtils.java:logGet(43)) - raft.server.log.segment.size.max = 1048576 (custom)
2019-07-16 15:40:45,713 INFO  server.RaftServerConfigKeys (ConfUtils.java:logGet(43)) - raft.server.log.statemachine.data.caching.enabled = true (custom)
2019-07-16 15:40:45,713 INFO  server.RaftServerConfigKeys (ConfUtils.java:logGet(43)) - raft.server.log.segment.size.max = 1048576 (custom)
2019-07-16 15:40:45,714 INFO  server.RaftServerConfigKeys (ConfUtils.java:logGet(43)) - raft.server.log.segment.cache.num.max = 2 (custom)
2019-07-16 15:40:45,714 INFO  segmented.SegmentedRaftLogWorker (SegmentedRaftLogWorker.java:lambda$new$0(132)) - c06e5ee5-4e1f-439c-a23c-76ab36500eb0-SegmentedRaftLogWorker:Storage Directory /workdir/hadoop-ozone/integration-test/target/test-dir/MiniOzoneClusterImpl-386b5208-f273-4a43-a586-80facaa1f908/datanode-5/data/ratis/7829c7c6-d2b7-46bc-96e5-8838f5ccad23: flushIndex: setUnconditionally 0 -> -1
2019-07-16 15:40:45,714 INFO  server.RaftServerConfigKeys (ConfUtils.java:logGet(43)) - raft.server.log.segment.cache.num.max = 2 (custom)
2019-07-16 15:40:45,714 INFO  server.RaftServerConfigKeys (ConfUtils.java:logGet(43)) - raft.server.snapshot.auto.trigger.enabled = true (custom)
2019-07-16 15:40:45,714 INFO  segmented.SegmentedRaftLogWorker (SegmentedRaftLogWorker.java:<init>(172)) - new 99aac624-90ba-45b0-8630-5cc530133441-SegmentedRaftLogWorker:Storage Directory /workdir/hadoop-ozone/integration-test/target/test-dir/MiniOzoneClusterImpl-386b5208-f273-4a43-a586-80facaa1f908/datanode-4/data/ratis/7829c7c6-d2b7-46bc-96e5-8838f5ccad23 for RaftStorage:Storage Directory /workdir/hadoop-ozone/integration-test/target/test-dir/MiniOzoneClusterImpl-386b5208-f273-4a43-a586-80facaa1f908/datanode-4/data/ratis/7829c7c6-d2b7-46bc-96e5-8838f5ccad23
2019-07-16 15:40:45,715 INFO  server.RaftServerConfigKeys (ConfUtils.java:logGet(43)) - raft.server.snapshot.auto.trigger.threshold = 10000 (custom)
2019-07-16 15:40:45,714 INFO  segmented.SegmentedRaftLogWorker (SegmentedRaftLogWorker.java:<init>(172)) - new 7dff2f0e-a604-4fea-a429-db6e8d850676-SegmentedRaftLogWorker:Storage Directory /workdir/hadoop-ozone/integration-test/target/test-dir/MiniOzoneClusterImpl-386b5208-f273-4a43-a586-80facaa1f908/datanode-3/data/ratis/7829c7c6-d2b7-46bc-96e5-8838f5ccad23 for RaftStorage:Storage Directory /workdir/hadoop-ozone/integration-test/target/test-dir/MiniOzoneClusterImpl-386b5208-f273-4a43-a586-80facaa1f908/datanode-3/data/ratis/7829c7c6-d2b7-46bc-96e5-8838f5ccad23
2019-07-16 15:40:45,715 INFO  server.RaftServerConfigKeys (ConfUtils.java:logGet(43)) - raft.server.retrycache.expirytime = 600000ms (custom)
2019-07-16 15:40:45,715 INFO  server.RaftServerConfigKeys (ConfUtils.java:logGet(43)) - raft.server.log.queue.byte-limit = 2147483647 (custom)
2019-07-16 15:40:45,715 INFO  impl.RaftServerImpl (RaftServerImpl.java:start(180)) - c06e5ee5-4e1f-439c-a23c-76ab36500eb0: start group-8838F5CCAD23
2019-07-16 15:40:45,716 INFO  impl.RaftServerImpl (RaftServerImpl.java:setRole(171)) - c06e5ee5-4e1f-439c-a23c-76ab36500eb0:group-8838F5CCAD23 changes role from null to FOLLOWER at term 0 for startAsFollower
2019-07-16 15:40:45,715 INFO  server.RaftServerConfigKeys (ConfUtils.java:logGet(43)) - raft.server.log.queue.byte-limit = 2147483647 (custom)
2019-07-16 15:40:45,716 INFO  impl.RoleInfo (RoleInfo.java:updateAndGet(143)) - c06e5ee5-4e1f-439c-a23c-76ab36500eb0: start FollowerState
2019-07-16 15:40:45,716 INFO  server.RaftServerConfigKeys (ConfUtils.java:logGet(43)) - raft.server.log.queue.element-limit = 1024 (custom)
2019-07-16 15:40:45,716 INFO  server.RaftServerConfigKeys (ConfUtils.java:logGet(43)) - raft.server.log.queue.element-limit = 1024 (custom)
2019-07-16 15:40:45,716 INFO  util.JmxRegister (JmxRegister.java:tryRegister(44)) - Successfully registered JMX Bean with object name Ratis:service=RaftServer,group=group-8838F5CCAD23,id=c06e5ee5-4e1f-439c-a23c-76ab36500eb0
2019-07-16 15:40:45,716 INFO  server.RaftServerConfigKeys (ConfUtils.java:logGet(43)) - raft.server.log.segment.size.max = 1048576 (custom)
2019-07-16 15:40:45,717 INFO  server.RaftServerConfigKeys (ConfUtils.java:logGet(43)) - raft.server.log.segment.size.max = 1048576 (custom)
2019-07-16 15:40:45,717 INFO  server.RaftServerConfigKeys (ConfUtils.java:logGet(43)) - raft.server.log.preallocated.size = 16384 (custom)
2019-07-16 15:40:45,717 INFO  server.RaftServerConfigKeys (ConfUtils.java:logGet(43)) - raft.server.log.preallocated.size = 16384 (custom)
2019-07-16 15:40:45,717 INFO  server.RaftServerConfigKeys (ConfUtils.java:logGet(43)) - raft.server.log.write.buffer.size = 33554432 (custom)
2019-07-16 15:40:45,717 INFO  server.RaftServerConfigKeys (ConfUtils.java:logGet(43)) - raft.server.log.write.buffer.size = 33554432 (custom)
2019-07-16 15:40:45,717 INFO  server.RaftServerConfigKeys (ConfUtils.java:logGet(43)) - raft.server.log.force.sync.num = 128 (default)
2019-07-16 15:40:45,720 INFO  server.RaftServerConfigKeys (ConfUtils.java:logGet(43)) - raft.server.log.statemachine.data.sync = true (default)
2019-07-16 15:40:45,718 INFO  server.RaftServerConfigKeys (ConfUtils.java:logGet(43)) - raft.server.log.force.sync.num = 128 (default)
2019-07-16 15:40:45,721 INFO  server.RaftServerConfigKeys (ConfUtils.java:logGet(43)) - raft.server.log.statemachine.data.sync = true (default)
2019-07-16 15:40:45,721 INFO  server.RaftServerConfigKeys (ConfUtils.java:logGet(43)) - raft.server.log.statemachine.data.sync.timeout = 10s (default)
2019-07-16 15:40:45,721 INFO  server.RaftServerConfigKeys (ConfUtils.java:logGet(43)) - raft.server.log.statemachine.data.sync.timeout = 10s (default)
2019-07-16 15:40:45,721 INFO  server.RaftServerConfigKeys (ConfUtils.java:logGet(43)) - raft.server.log.statemachine.data.sync.timeout.retry = -1 (default)
2019-07-16 15:40:45,721 INFO  server.RaftServerConfigKeys (ConfUtils.java:logGet(43)) - raft.server.log.statemachine.data.sync.timeout.retry = -1 (default)
2019-07-16 15:40:45,722 INFO  server.RaftServerConfigKeys (ConfUtils.java:logGet(43)) - raft.server.log.statemachine.data.caching.enabled = true (custom)
2019-07-16 15:40:45,722 INFO  server.RaftServerConfigKeys (ConfUtils.java:logGet(43)) - raft.server.log.statemachine.data.caching.enabled = true (custom)
2019-07-16 15:40:45,722 INFO  segmented.SegmentedRaftLogWorker (SegmentedRaftLogWorker.java:lambda$new$0(132)) - 99aac624-90ba-45b0-8630-5cc530133441-SegmentedRaftLogWorker:Storage Directory /workdir/hadoop-ozone/integration-test/target/test-dir/MiniOzoneClusterImpl-386b5208-f273-4a43-a586-80facaa1f908/datanode-4/data/ratis/7829c7c6-d2b7-46bc-96e5-8838f5ccad23: flushIndex: setUnconditionally 0 -> -1
2019-07-16 15:40:45,722 INFO  segmented.SegmentedRaftLogWorker (SegmentedRaftLogWorker.java:lambda$new$0(132)) - 7dff2f0e-a604-4fea-a429-db6e8d850676-SegmentedRaftLogWorker:Storage Directory /workdir/hadoop-ozone/integration-test/target/test-dir/MiniOzoneClusterImpl-386b5208-f273-4a43-a586-80facaa1f908/datanode-3/data/ratis/7829c7c6-d2b7-46bc-96e5-8838f5ccad23: flushIndex: setUnconditionally 0 -> -1
2019-07-16 15:40:45,722 INFO  server.RaftServerConfigKeys (ConfUtils.java:logGet(43)) - raft.server.snapshot.auto.trigger.enabled = true (custom)
2019-07-16 15:40:45,722 INFO  server.RaftServerConfigKeys (ConfUtils.java:logGet(43)) - raft.server.snapshot.auto.trigger.threshold = 10000 (custom)
2019-07-16 15:40:45,723 INFO  server.RaftServerConfigKeys (ConfUtils.java:logGet(43)) - raft.server.snapshot.auto.trigger.enabled = true (custom)
2019-07-16 15:40:45,723 INFO  server.RaftServerConfigKeys (ConfUtils.java:logGet(43)) - raft.server.retrycache.expirytime = 600000ms (custom)
2019-07-16 15:40:45,723 INFO  server.RaftServerConfigKeys (ConfUtils.java:logGet(43)) - raft.server.snapshot.auto.trigger.threshold = 10000 (custom)
2019-07-16 15:40:45,723 INFO  impl.RaftServerImpl (RaftServerImpl.java:start(180)) - 99aac624-90ba-45b0-8630-5cc530133441: start group-8838F5CCAD23
2019-07-16 15:40:45,723 INFO  server.RaftServerConfigKeys (ConfUtils.java:logGet(43)) - raft.server.retrycache.expirytime = 600000ms (custom)
2019-07-16 15:40:45,723 INFO  impl.RaftServerImpl (RaftServerImpl.java:setRole(171)) - 99aac624-90ba-45b0-8630-5cc530133441:group-8838F5CCAD23 changes role from null to FOLLOWER at term 0 for startAsFollower
2019-07-16 15:40:45,723 INFO  impl.RaftServerImpl (RaftServerImpl.java:start(180)) - 7dff2f0e-a604-4fea-a429-db6e8d850676: start group-8838F5CCAD23
2019-07-16 15:40:45,723 INFO  impl.RoleInfo (RoleInfo.java:updateAndGet(143)) - 99aac624-90ba-45b0-8630-5cc530133441: start FollowerState
2019-07-16 15:40:45,724 INFO  impl.RaftServerImpl (RaftServerImpl.java:setRole(171)) - 7dff2f0e-a604-4fea-a429-db6e8d850676:group-8838F5CCAD23 changes role from null to FOLLOWER at term 0 for startAsFollower
2019-07-16 15:40:45,724 INFO  impl.RoleInfo (RoleInfo.java:updateAndGet(143)) - 7dff2f0e-a604-4fea-a429-db6e8d850676: start FollowerState
2019-07-16 15:40:45,724 INFO  util.JmxRegister (JmxRegister.java:tryRegister(44)) - Successfully registered JMX Bean with object name Ratis:service=RaftServer,group=group-8838F5CCAD23,id=99aac624-90ba-45b0-8630-5cc530133441
2019-07-16 15:40:45,724 INFO  util.JmxRegister (JmxRegister.java:tryRegister(44)) - Successfully registered JMX Bean with object name Ratis:service=RaftServer,group=group-8838F5CCAD23,id=7dff2f0e-a604-4fea-a429-db6e8d850676
2019-07-16 15:40:45,731 INFO  pipeline.PipelineStateManager (PipelineStateManager.java:addPipeline(56)) - Created pipeline Pipeline[ Id: 7829c7c6-d2b7-46bc-96e5-8838f5ccad23, Nodes: 99aac624-90ba-45b0-8630-5cc530133441{ip: 192.168.69.88, host: trunk-nightly-kgw5x-1882989438, networkLocation: /default-rack, certSerialId: null}7dff2f0e-a604-4fea-a429-db6e8d850676{ip: 192.168.69.88, host: trunk-nightly-kgw5x-1882989438, networkLocation: /default-rack, certSerialId: null}c06e5ee5-4e1f-439c-a23c-76ab36500eb0{ip: 192.168.69.88, host: trunk-nightly-kgw5x-1882989438, networkLocation: /default-rack, certSerialId: null}, Type:RATIS, Factor:THREE, State:OPEN]
2019-07-16 15:40:45,804 INFO  ozone.MiniOzoneClusterImpl (MiniOzoneClusterImpl.java:lambda$waitForClusterToBeReady$0(142)) - Waiting for cluster to be ready. Got 6 of 7 DN Heartbeats.
2019-07-16 15:40:45,811 INFO  node.SCMNodeManager (SCMNodeManager.java:register(269)) - Registered Data node : dccbc6c7-1500-4991-a951-250918556bc3{ip: 192.168.69.88, host: trunk-nightly-kgw5x-1882989438, networkLocation: /default-rack, certSerialId: null}
2019-07-16 15:40:45,829 INFO  impl.RaftServerProxy (RaftServerProxy.java:addNew(89)) - dccbc6c7-1500-4991-a951-250918556bc3: addNew group-C652CA604B36:[dccbc6c7-1500-4991-a951-250918556bc3:192.168.69.88:44000] returns group-C652CA604B36:java.util.concurrent.CompletableFuture@6918693c[Not completed]
2019-07-16 15:40:45,830 INFO  impl.RaftServerImpl (RaftServerImpl.java:<init>(93)) - dccbc6c7-1500-4991-a951-250918556bc3: new RaftServerImpl for group-C652CA604B36:[dccbc6c7-1500-4991-a951-250918556bc3:192.168.69.88:44000] with ContainerStateMachine:uninitialized
2019-07-16 15:40:45,830 INFO  server.RaftServerConfigKeys (ConfUtils.java:logGet(43)) - raft.server.rpc.timeout.min = 5s (custom)
2019-07-16 15:40:45,830 INFO  server.RaftServerConfigKeys (ConfUtils.java:logGet(43)) - raft.server.rpc.timeout.max = 5200ms (custom)
2019-07-16 15:40:45,830 INFO  server.RaftServerConfigKeys (ConfUtils.java:logGet(43)) - raft.server.rpcslowness.timeout = 120s (custom)
2019-07-16 15:40:45,830 INFO  server.RaftServerConfigKeys (ConfUtils.java:logGet(43)) - raft.server.sleep.deviation.threshold = 300 (default)
2019-07-16 15:40:45,831 INFO  server.RaftServerConfigKeys (ConfUtils.java:logGet(43)) - raft.server.log.appender.install.snapshot.enabled = false (custom)
2019-07-16 15:40:45,831 INFO  impl.RaftServerImpl (ServerState.java:<init>(105)) - dccbc6c7-1500-4991-a951-250918556bc3:group-C652CA604B36 ConfigurationManager, init=-1: [dccbc6c7-1500-4991-a951-250918556bc3:192.168.69.88:44000], old=null, confs=<EMPTY_MAP>
2019-07-16 15:40:45,831 INFO  server.RaftServerConfigKeys (ConfUtils.java:logGet(43)) - raft.server.storage.dir = [/workdir/hadoop-ozone/integration-test/target/test-dir/MiniOzoneClusterImpl-386b5208-f273-4a43-a586-80facaa1f908/datanode-6/data/ratis] (custom)
2019-07-16 15:40:45,831 INFO  storage.RaftStorageDirectory (RaftStorageDirectory.java:analyzeStorage(246)) - The storage directory /workdir/hadoop-ozone/integration-test/target/test-dir/MiniOzoneClusterImpl-386b5208-f273-4a43-a586-80facaa1f908/datanode-6/data/ratis/092c32be-9e18-46f7-8bc9-c652ca604b36 does not exist. Creating ...
2019-07-16 15:40:45,844 INFO  storage.RaftStorageDirectory (RaftStorageDirectory.java:tryLock(328)) - Lock on /workdir/hadoop-ozone/integration-test/target/test-dir/MiniOzoneClusterImpl-386b5208-f273-4a43-a586-80facaa1f908/datanode-6/data/ratis/092c32be-9e18-46f7-8bc9-c652ca604b36/in_use.lock acquired by nodename 18277@trunk-nightly-kgw5x-1882989438
2019-07-16 15:40:45,858 INFO  storage.RaftStorage (RaftStorage.java:format(72)) - Storage directory /workdir/hadoop-ozone/integration-test/target/test-dir/MiniOzoneClusterImpl-386b5208-f273-4a43-a586-80facaa1f908/datanode-6/data/ratis/092c32be-9e18-46f7-8bc9-c652ca604b36 has been successfully formatted.
2019-07-16 15:40:45,860 INFO  ratis.ContainerStateMachine (ContainerStateMachine.java:loadSnapshot(200)) - group-C652CA604B36: The snapshot info is null. Setting the last applied indexto:(t:0, i:~)
2019-07-16 15:40:45,861 INFO  server.RaftServerConfigKeys (ConfUtils.java:logGet(43)) - raft.server.leader.election.timeout = 120s (custom)
2019-07-16 15:40:45,861 INFO  server.RaftServerConfigKeys (ConfUtils.java:logGet(43)) - raft.server.log.use.memory = false (default)
2019-07-16 15:40:45,862 INFO  server.RaftServerConfigKeys (ConfUtils.java:logGet(43)) - raft.server.log.purge.gap = 1000000000 (custom)
2019-07-16 15:40:45,862 INFO  server.RaftServerConfigKeys (ConfUtils.java:logGet(43)) - raft.server.log.appender.buffer.byte-limit = 33554432 (custom)
2019-07-16 15:40:45,862 INFO  server.RaftServerConfigKeys (ConfUtils.java:logGet(43)) - raft.server.log.segment.size.max = 1048576 (custom)
2019-07-16 15:40:45,862 INFO  server.RaftServerConfigKeys (ConfUtils.java:logGet(43)) - raft.server.log.segment.cache.num.max = 2 (custom)
2019-07-16 15:40:45,863 INFO  segmented.SegmentedRaftLogWorker (SegmentedRaftLogWorker.java:<init>(172)) - new dccbc6c7-1500-4991-a951-250918556bc3-SegmentedRaftLogWorker:Storage Directory /workdir/hadoop-ozone/integration-test/target/test-dir/MiniOzoneClusterImpl-386b5208-f273-4a43-a586-80facaa1f908/datanode-6/data/ratis/092c32be-9e18-46f7-8bc9-c652ca604b36 for RaftStorage:Storage Directory /workdir/hadoop-ozone/integration-test/target/test-dir/MiniOzoneClusterImpl-386b5208-f273-4a43-a586-80facaa1f908/datanode-6/data/ratis/092c32be-9e18-46f7-8bc9-c652ca604b36
2019-07-16 15:40:45,863 INFO  server.RaftServerConfigKeys (ConfUtils.java:logGet(43)) - raft.server.log.queue.byte-limit = 2147483647 (custom)
2019-07-16 15:40:45,863 INFO  server.RaftServerConfigKeys (ConfUtils.java:logGet(43)) - raft.server.log.queue.element-limit = 1024 (custom)
2019-07-16 15:40:45,864 INFO  server.RaftServerConfigKeys (ConfUtils.java:logGet(43)) - raft.server.log.segment.size.max = 1048576 (custom)
2019-07-16 15:40:45,864 INFO  server.RaftServerConfigKeys (ConfUtils.java:logGet(43)) - raft.server.log.preallocated.size = 16384 (custom)
2019-07-16 15:40:45,864 INFO  server.RaftServerConfigKeys (ConfUtils.java:logGet(43)) - raft.server.log.write.buffer.size = 33554432 (custom)
2019-07-16 15:40:45,865 INFO  server.RaftServerConfigKeys (ConfUtils.java:logGet(43)) - raft.server.log.force.sync.num = 128 (default)
2019-07-16 15:40:45,865 INFO  server.RaftServerConfigKeys (ConfUtils.java:logGet(43)) - raft.server.log.statemachine.data.sync = true (default)
2019-07-16 15:40:45,865 INFO  server.RaftServerConfigKeys (ConfUtils.java:logGet(43)) - raft.server.log.statemachine.data.sync.timeout = 10s (default)
2019-07-16 15:40:45,865 INFO  server.RaftServerConfigKeys (ConfUtils.java:logGet(43)) - raft.server.log.statemachine.data.sync.timeout.retry = -1 (default)
2019-07-16 15:40:45,866 INFO  server.RaftServerConfigKeys (ConfUtils.java:logGet(43)) - raft.server.log.statemachine.data.caching.enabled = true (custom)
2019-07-16 15:40:45,866 INFO  segmented.SegmentedRaftLogWorker (SegmentedRaftLogWorker.java:lambda$new$0(132)) - dccbc6c7-1500-4991-a951-250918556bc3-SegmentedRaftLogWorker:Storage Directory /workdir/hadoop-ozone/integration-test/target/test-dir/MiniOzoneClusterImpl-386b5208-f273-4a43-a586-80facaa1f908/datanode-6/data/ratis/092c32be-9e18-46f7-8bc9-c652ca604b36: flushIndex: setUnconditionally 0 -> -1
2019-07-16 15:40:45,867 INFO  server.RaftServerConfigKeys (ConfUtils.java:logGet(43)) - raft.server.snapshot.auto.trigger.enabled = true (custom)
2019-07-16 15:40:45,867 INFO  server.RaftServerConfigKeys (ConfUtils.java:logGet(43)) - raft.server.snapshot.auto.trigger.threshold = 10000 (custom)
2019-07-16 15:40:45,867 INFO  server.RaftServerConfigKeys (ConfUtils.java:logGet(43)) - raft.server.retrycache.expirytime = 600000ms (custom)
2019-07-16 15:40:45,867 INFO  impl.RaftServerImpl (RaftServerImpl.java:start(180)) - dccbc6c7-1500-4991-a951-250918556bc3: start group-C652CA604B36
2019-07-16 15:40:45,868 INFO  impl.RaftServerImpl (RaftServerImpl.java:setRole(171)) - dccbc6c7-1500-4991-a951-250918556bc3:group-C652CA604B36 changes role from null to FOLLOWER at term 0 for startAsFollower
2019-07-16 15:40:45,868 INFO  impl.RoleInfo (RoleInfo.java:updateAndGet(143)) - dccbc6c7-1500-4991-a951-250918556bc3: start FollowerState
2019-07-16 15:40:45,868 INFO  util.JmxRegister (JmxRegister.java:tryRegister(44)) - Successfully registered JMX Bean with object name Ratis:service=RaftServer,group=group-C652CA604B36,id=dccbc6c7-1500-4991-a951-250918556bc3
2019-07-16 15:40:45,878 INFO  pipeline.PipelineStateManager (PipelineStateManager.java:addPipeline(56)) - Created pipeline Pipeline[ Id: 092c32be-9e18-46f7-8bc9-c652ca604b36, Nodes: dccbc6c7-1500-4991-a951-250918556bc3{ip: 192.168.69.88, host: trunk-nightly-kgw5x-1882989438, networkLocation: /default-rack, certSerialId: null}, Type:RATIS, Factor:ONE, State:OPEN]
2019-07-16 15:40:46,804 INFO  ozone.MiniOzoneClusterImpl (MiniOzoneClusterImpl.java:lambda$waitForClusterToBeReady$0(142)) - Cluster is ready. Got 7 of 7 DN Heartbeats.
2019-07-16 15:40:46,846 INFO  rpc.RpcClient (RpcClient.java:createVolume(287)) - Creating Volume: testblockoutputstream, with jenkins1000 as owner.
2019-07-16 15:40:46,872 INFO  rpc.RpcClient (RpcClient.java:createBucket(424)) - Creating Bucket: testblockoutputstream/testblockoutputstream, with Versioning false and Storage Type set to DISK and Encryption set to false 
2019-07-16 15:40:46,909 INFO  client.GrpcClientProtocolClient (GrpcClientProtocolClient.java:onNext(255)) - client-D597427CF0BC->7dff2f0e-a604-4fea-a429-db6e8d850676: receive RaftClientReply:client-D597427CF0BC->7dff2f0e-a604-4fea-a429-db6e8d850676@group-4A5A158E4C8D, cid=141, FAILED org.apache.ratis.protocol.NotLeaderException: Server 7dff2f0e-a604-4fea-a429-db6e8d850676 is not the leader (null). Request must be sent to leader., logIndex=0, commits[7dff2f0e-a604-4fea-a429-db6e8d850676:c-1]
2019-07-16 15:40:47,733 INFO  container.ReplicationManager (ReplicationManager.java:start(155)) - Starting Replication Monitor Thread.
2019-07-16 15:40:47,738 INFO  container.ReplicationManager (ReplicationManager.java:run(207)) - Replication Monitor Thread took 0 milliseconds for processing 1 containers.
2019-07-16 15:40:48,928 INFO  client.GrpcClientProtocolClient (GrpcClientProtocolClient.java:onNext(255)) - client-D597427CF0BC->7dff2f0e-a604-4fea-a429-db6e8d850676: receive RaftClientReply:client-D597427CF0BC->7dff2f0e-a604-4fea-a429-db6e8d850676@group-4A5A158E4C8D, cid=141, FAILED org.apache.ratis.protocol.NotLeaderException: Server 7dff2f0e-a604-4fea-a429-db6e8d850676 is not the leader (null). Request must be sent to leader., logIndex=0, commits[7dff2f0e-a604-4fea-a429-db6e8d850676:c-1]
2019-07-16 15:40:50,011 INFO  impl.FollowerState (FollowerState.java:run(106)) - b5c8bad0-1112-4930-b2f1-9816bb67ecb4:group-5ED0B60E427F changes to CANDIDATE, lastRpcTime:5198, electionTimeout:5198ms
2019-07-16 15:40:50,012 INFO  impl.RoleInfo (RoleInfo.java:shutdownFollowerState(121)) - b5c8bad0-1112-4930-b2f1-9816bb67ecb4: shutdown FollowerState
2019-07-16 15:40:50,012 INFO  impl.RaftServerImpl (RaftServerImpl.java:setRole(171)) - b5c8bad0-1112-4930-b2f1-9816bb67ecb4:group-5ED0B60E427F changes role from FOLLOWER to CANDIDATE at term 0 for changeToCandidate
2019-07-16 15:40:50,012 INFO  impl.RoleInfo (RoleInfo.java:updateAndGet(143)) - b5c8bad0-1112-4930-b2f1-9816bb67ecb4: start LeaderElection
2019-07-16 15:40:50,044 INFO  impl.FollowerState (FollowerState.java:run(106)) - a6d13e46-f00f-4c8a-a728-0b006a12ecd7:group-61280E4F8AA4 changes to CANDIDATE, lastRpcTime:5110, electionTimeout:5110ms
2019-07-16 15:40:50,044 INFO  impl.RoleInfo (RoleInfo.java:shutdownFollowerState(121)) - a6d13e46-f00f-4c8a-a728-0b006a12ecd7: shutdown FollowerState
2019-07-16 15:40:50,044 INFO  impl.RaftServerImpl (RaftServerImpl.java:setRole(171)) - a6d13e46-f00f-4c8a-a728-0b006a12ecd7:group-61280E4F8AA4 changes role from FOLLOWER to CANDIDATE at term 0 for changeToCandidate
2019-07-16 15:40:50,045 INFO  impl.RoleInfo (RoleInfo.java:updateAndGet(143)) - a6d13e46-f00f-4c8a-a728-0b006a12ecd7: start LeaderElection
2019-07-16 15:40:50,047 INFO  impl.LeaderElection (LeaderElection.java:askForVotes(181)) - b5c8bad0-1112-4930-b2f1-9816bb67ecb4:group-5ED0B60E427F:LeaderElection60: begin an election at term 1 for -1: [b5c8bad0-1112-4930-b2f1-9816bb67ecb4:192.168.69.88:38133], old=null
2019-07-16 15:40:50,063 INFO  impl.RoleInfo (RoleInfo.java:shutdownLeaderElection(134)) - b5c8bad0-1112-4930-b2f1-9816bb67ecb4: shutdown LeaderElection
2019-07-16 15:40:50,063 INFO  impl.RaftServerImpl (RaftServerImpl.java:setRole(171)) - b5c8bad0-1112-4930-b2f1-9816bb67ecb4:group-5ED0B60E427F changes role from CANDIDATE to LEADER at term 1 for changeToLeader
2019-07-16 15:40:50,063 INFO  impl.RaftServerImpl (ServerState.java:setLeader(263)) - b5c8bad0-1112-4930-b2f1-9816bb67ecb4:group-5ED0B60E427F change Leader from null to b5c8bad0-1112-4930-b2f1-9816bb67ecb4 at term 1 for becomeLeader, leader elected after 5256ms
2019-07-16 15:40:50,066 INFO  server.RaftServerConfigKeys (ConfUtils.java:logGet(43)) - raft.server.staging.catchup.gap = 1000 (default)
2019-07-16 15:40:50,066 INFO  server.RaftServerConfigKeys (ConfUtils.java:logGet(43)) - raft.server.rpc.sleep.time = 25ms (default)
2019-07-16 15:40:50,066 INFO  server.RaftServerConfigKeys (ConfUtils.java:logGet(43)) - raft.server.write.element-limit = 4096 (default)
2019-07-16 15:40:50,067 INFO  server.RaftServerConfigKeys (ConfUtils.java:logGet(43)) - raft.server.watch.timeout = 10s (default)
2019-07-16 15:40:50,067 INFO  server.RaftServerConfigKeys (ConfUtils.java:logGet(43)) - raft.server.watch.timeout.denomination = 1s (default)
2019-07-16 15:40:50,067 INFO  server.RaftServerConfigKeys (ConfUtils.java:logGet(43)) - raft.server.watch.element-limit = 65536 (default)
2019-07-16 15:40:50,067 INFO  impl.RoleInfo (RoleInfo.java:updateAndGet(143)) - b5c8bad0-1112-4930-b2f1-9816bb67ecb4: start LeaderState
2019-07-16 15:40:50,068 INFO  segmented.SegmentedRaftLogWorker (SegmentedRaftLogWorker.java:startLogSegment(380)) - b5c8bad0-1112-4930-b2f1-9816bb67ecb4-SegmentedRaftLogWorker:Storage Directory /workdir/hadoop-ozone/integration-test/target/test-dir/MiniOzoneClusterImpl-386b5208-f273-4a43-a586-80facaa1f908/datanode-0/data/ratis/bd80b79a-5ded-427f-9e33-5ed0b60e427f: Starting segment from index:0
2019-07-16 15:40:50,069 INFO  impl.RaftServerImpl (ServerState.java:setRaftConf(361)) - b5c8bad0-1112-4930-b2f1-9816bb67ecb4:group-5ED0B60E427F set configuration 0: [b5c8bad0-1112-4930-b2f1-9816bb67ecb4:192.168.69.88:38133], old=null at 0
2019-07-16 15:40:50,079 INFO  impl.LeaderElection (LeaderElection.java:askForVotes(181)) - a6d13e46-f00f-4c8a-a728-0b006a12ecd7:group-61280E4F8AA4:LeaderElection61: begin an election at term 1 for -1: [a6d13e46-f00f-4c8a-a728-0b006a12ecd7:192.168.69.88:45853], old=null
2019-07-16 15:40:50,079 INFO  impl.RoleInfo (RoleInfo.java:shutdownLeaderElection(134)) - a6d13e46-f00f-4c8a-a728-0b006a12ecd7: shutdown LeaderElection
2019-07-16 15:40:50,079 INFO  impl.RaftServerImpl (RaftServerImpl.java:setRole(171)) - a6d13e46-f00f-4c8a-a728-0b006a12ecd7:group-61280E4F8AA4 changes role from CANDIDATE to LEADER at term 1 for changeToLeader
2019-07-16 15:40:50,079 INFO  impl.RaftServerImpl (ServerState.java:setLeader(263)) - a6d13e46-f00f-4c8a-a728-0b006a12ecd7:group-61280E4F8AA4 change Leader from null to a6d13e46-f00f-4c8a-a728-0b006a12ecd7 at term 1 for becomeLeader, leader elected after 5150ms
2019-07-16 15:40:50,088 INFO  server.RaftServerConfigKeys (ConfUtils.java:logGet(43)) - raft.server.staging.catchup.gap = 1000 (default)
2019-07-16 15:40:50,088 INFO  server.RaftServerConfigKeys (ConfUtils.java:logGet(43)) - raft.server.rpc.sleep.time = 25ms (default)
2019-07-16 15:40:50,089 INFO  server.RaftServerConfigKeys (ConfUtils.java:logGet(43)) - raft.server.write.element-limit = 4096 (default)
2019-07-16 15:40:50,089 INFO  server.RaftServerConfigKeys (ConfUtils.java:logGet(43)) - raft.server.watch.timeout = 10s (default)
2019-07-16 15:40:50,089 INFO  server.RaftServerConfigKeys (ConfUtils.java:logGet(43)) - raft.server.watch.timeout.denomination = 1s (default)
2019-07-16 15:40:50,089 INFO  server.RaftServerConfigKeys (ConfUtils.java:logGet(43)) - raft.server.watch.element-limit = 65536 (default)
2019-07-16 15:40:50,089 INFO  impl.RoleInfo (RoleInfo.java:updateAndGet(143)) - a6d13e46-f00f-4c8a-a728-0b006a12ecd7: start LeaderState
2019-07-16 15:40:50,090 INFO  segmented.SegmentedRaftLogWorker (SegmentedRaftLogWorker.java:startLogSegment(380)) - a6d13e46-f00f-4c8a-a728-0b006a12ecd7-SegmentedRaftLogWorker:Storage Directory /workdir/hadoop-ozone/integration-test/target/test-dir/MiniOzoneClusterImpl-386b5208-f273-4a43-a586-80facaa1f908/datanode-1/data/ratis/3c38abe6-4699-4b33-81f4-61280e4f8aa4: Starting segment from index:0
2019-07-16 15:40:50,090 INFO  impl.RaftServerImpl (ServerState.java:setRaftConf(361)) - a6d13e46-f00f-4c8a-a728-0b006a12ecd7:group-61280E4F8AA4 set configuration 0: [a6d13e46-f00f-4c8a-a728-0b006a12ecd7:192.168.69.88:45853], old=null at 0
2019-07-16 15:40:50,111 INFO  impl.FollowerState (FollowerState.java:run(106)) - 9a22207e-ca6a-47bd-b084-7f19b158376f:group-F4825D1F502B changes to CANDIDATE, lastRpcTime:5024, electionTimeout:5007ms
2019-07-16 15:40:50,111 INFO  impl.RoleInfo (RoleInfo.java:shutdownFollowerState(121)) - 9a22207e-ca6a-47bd-b084-7f19b158376f: shutdown FollowerState
2019-07-16 15:40:50,111 INFO  segmented.SegmentedRaftLogWorker (SegmentedRaftLogWorker.java:execute(569)) - b5c8bad0-1112-4930-b2f1-9816bb67ecb4-SegmentedRaftLogWorker:Storage Directory /workdir/hadoop-ozone/integration-test/target/test-dir/MiniOzoneClusterImpl-386b5208-f273-4a43-a586-80facaa1f908/datanode-0/data/ratis/bd80b79a-5ded-427f-9e33-5ed0b60e427f: created new log segment /workdir/hadoop-ozone/integration-test/target/test-dir/MiniOzoneClusterImpl-386b5208-f273-4a43-a586-80facaa1f908/datanode-0/data/ratis/bd80b79a-5ded-427f-9e33-5ed0b60e427f/current/log_inprogress_0
2019-07-16 15:40:50,111 INFO  impl.RaftServerImpl (RaftServerImpl.java:setRole(171)) - 9a22207e-ca6a-47bd-b084-7f19b158376f:group-F4825D1F502B changes role from FOLLOWER to CANDIDATE at term 0 for changeToCandidate
2019-07-16 15:40:50,112 INFO  impl.RoleInfo (RoleInfo.java:updateAndGet(143)) - 9a22207e-ca6a-47bd-b084-7f19b158376f: start LeaderElection
2019-07-16 15:40:50,124 INFO  segmented.SegmentedRaftLogWorker (SegmentedRaftLogWorker.java:execute(569)) - a6d13e46-f00f-4c8a-a728-0b006a12ecd7-SegmentedRaftLogWorker:Storage Directory /workdir/hadoop-ozone/integration-test/target/test-dir/MiniOzoneClusterImpl-386b5208-f273-4a43-a586-80facaa1f908/datanode-1/data/ratis/3c38abe6-4699-4b33-81f4-61280e4f8aa4: created new log segment /workdir/hadoop-ozone/integration-test/target/test-dir/MiniOzoneClusterImpl-386b5208-f273-4a43-a586-80facaa1f908/datanode-1/data/ratis/3c38abe6-4699-4b33-81f4-61280e4f8aa4/current/log_inprogress_0
2019-07-16 15:40:50,124 INFO  impl.LeaderElection (LeaderElection.java:askForVotes(181)) - 9a22207e-ca6a-47bd-b084-7f19b158376f:group-F4825D1F502B:LeaderElection62: begin an election at term 1 for -1: [9a22207e-ca6a-47bd-b084-7f19b158376f:192.168.69.88:45156], old=null
2019-07-16 15:40:50,124 INFO  impl.RoleInfo (RoleInfo.java:shutdownLeaderElection(134)) - 9a22207e-ca6a-47bd-b084-7f19b158376f: shutdown LeaderElection
2019-07-16 15:40:50,124 INFO  impl.RaftServerImpl (RaftServerImpl.java:setRole(171)) - 9a22207e-ca6a-47bd-b084-7f19b158376f:group-F4825D1F502B changes role from CANDIDATE to LEADER at term 1 for changeToLeader
2019-07-16 15:40:50,124 INFO  impl.RaftServerImpl (ServerState.java:setLeader(263)) - 9a22207e-ca6a-47bd-b084-7f19b158376f:group-F4825D1F502B change Leader from null to 9a22207e-ca6a-47bd-b084-7f19b158376f at term 1 for becomeLeader, leader elected after 5042ms
2019-07-16 15:40:50,127 INFO  server.RaftServerConfigKeys (ConfUtils.java:logGet(43)) - raft.server.staging.catchup.gap = 1000 (default)
2019-07-16 15:40:50,127 INFO  server.RaftServerConfigKeys (ConfUtils.java:logGet(43)) - raft.server.rpc.sleep.time = 25ms (default)
2019-07-16 15:40:50,127 INFO  server.RaftServerConfigKeys (ConfUtils.java:logGet(43)) - raft.server.write.element-limit = 4096 (default)
2019-07-16 15:40:50,127 INFO  server.RaftServerConfigKeys (ConfUtils.java:logGet(43)) - raft.server.watch.timeout = 10s (default)
2019-07-16 15:40:50,128 INFO  server.RaftServerConfigKeys (ConfUtils.java:logGet(43)) - raft.server.watch.timeout.denomination = 1s (default)
2019-07-16 15:40:50,128 INFO  server.RaftServerConfigKeys (ConfUtils.java:logGet(43)) - raft.server.watch.element-limit = 65536 (default)
2019-07-16 15:40:50,128 INFO  impl.RoleInfo (RoleInfo.java:updateAndGet(143)) - 9a22207e-ca6a-47bd-b084-7f19b158376f: start LeaderState
2019-07-16 15:40:50,128 INFO  segmented.SegmentedRaftLogWorker (SegmentedRaftLogWorker.java:startLogSegment(380)) - 9a22207e-ca6a-47bd-b084-7f19b158376f-SegmentedRaftLogWorker:Storage Directory /workdir/hadoop-ozone/integration-test/target/test-dir/MiniOzoneClusterImpl-386b5208-f273-4a43-a586-80facaa1f908/datanode-2/data/ratis/a1c4eb96-1107-4c77-9d48-f4825d1f502b: Starting segment from index:0
2019-07-16 15:40:50,129 INFO  impl.RaftServerImpl (ServerState.java:setRaftConf(361)) - 9a22207e-ca6a-47bd-b084-7f19b158376f:group-F4825D1F502B set configuration 0: [9a22207e-ca6a-47bd-b084-7f19b158376f:192.168.69.88:45156], old=null at 0
2019-07-16 15:40:50,158 INFO  segmented.SegmentedRaftLogWorker (SegmentedRaftLogWorker.java:execute(569)) - 9a22207e-ca6a-47bd-b084-7f19b158376f-SegmentedRaftLogWorker:Storage Directory /workdir/hadoop-ozone/integration-test/target/test-dir/MiniOzoneClusterImpl-386b5208-f273-4a43-a586-80facaa1f908/datanode-2/data/ratis/a1c4eb96-1107-4c77-9d48-f4825d1f502b: created new log segment /workdir/hadoop-ozone/integration-test/target/test-dir/MiniOzoneClusterImpl-386b5208-f273-4a43-a586-80facaa1f908/datanode-2/data/ratis/a1c4eb96-1107-4c77-9d48-f4825d1f502b/current/log_inprogress_0
2019-07-16 15:40:50,166 INFO  impl.FollowerState (FollowerState.java:run(106)) - b5c8bad0-1112-4930-b2f1-9816bb67ecb4:group-FFC12EDE79BA changes to CANDIDATE, lastRpcTime:5008, electionTimeout:5008ms
2019-07-16 15:40:50,166 INFO  impl.RoleInfo (RoleInfo.java:shutdownFollowerState(121)) - b5c8bad0-1112-4930-b2f1-9816bb67ecb4: shutdown FollowerState
2019-07-16 15:40:50,166 INFO  impl.RaftServerImpl (RaftServerImpl.java:setRole(171)) - b5c8bad0-1112-4930-b2f1-9816bb67ecb4:group-FFC12EDE79BA changes role from FOLLOWER to CANDIDATE at term 0 for changeToCandidate
2019-07-16 15:40:50,167 INFO  impl.RoleInfo (RoleInfo.java:updateAndGet(143)) - b5c8bad0-1112-4930-b2f1-9816bb67ecb4: start LeaderElection
2019-07-16 15:40:50,188 INFO  impl.LeaderElection (LeaderElection.java:askForVotes(181)) - b5c8bad0-1112-4930-b2f1-9816bb67ecb4:group-FFC12EDE79BA:LeaderElection63: begin an election at term 1 for -1: [9a22207e-ca6a-47bd-b084-7f19b158376f:192.168.69.88:45156, a6d13e46-f00f-4c8a-a728-0b006a12ecd7:192.168.69.88:45853, b5c8bad0-1112-4930-b2f1-9816bb67ecb4:192.168.69.88:38133], old=null
2019-07-16 15:40:50,199 INFO  impl.RaftServerImpl (RaftServerImpl.java:setRole(171)) - 9a22207e-ca6a-47bd-b084-7f19b158376f:group-FFC12EDE79BA changes role from FOLLOWER to FOLLOWER at term 1 for recognizeCandidate:b5c8bad0-1112-4930-b2f1-9816bb67ecb4
2019-07-16 15:40:50,199 INFO  impl.RaftServerImpl (RaftServerImpl.java:setRole(171)) - a6d13e46-f00f-4c8a-a728-0b006a12ecd7:group-FFC12EDE79BA changes role from FOLLOWER to FOLLOWER at term 1 for recognizeCandidate:b5c8bad0-1112-4930-b2f1-9816bb67ecb4
2019-07-16 15:40:50,199 INFO  impl.RoleInfo (RoleInfo.java:shutdownFollowerState(121)) - 9a22207e-ca6a-47bd-b084-7f19b158376f: shutdown FollowerState
2019-07-16 15:40:50,199 INFO  impl.RoleInfo (RoleInfo.java:shutdownFollowerState(121)) - a6d13e46-f00f-4c8a-a728-0b006a12ecd7: shutdown FollowerState
2019-07-16 15:40:50,200 INFO  impl.FollowerState (FollowerState.java:run(114)) - 9a22207e-ca6a-47bd-b084-7f19b158376f: FollowerState was interrupted: java.lang.InterruptedException: sleep interrupted
2019-07-16 15:40:50,200 INFO  impl.RoleInfo (RoleInfo.java:updateAndGet(143)) - 9a22207e-ca6a-47bd-b084-7f19b158376f: start FollowerState
2019-07-16 15:40:50,200 INFO  impl.FollowerState (FollowerState.java:run(114)) - a6d13e46-f00f-4c8a-a728-0b006a12ecd7: FollowerState was interrupted: java.lang.InterruptedException: sleep interrupted
2019-07-16 15:40:50,200 INFO  impl.RoleInfo (RoleInfo.java:updateAndGet(143)) - a6d13e46-f00f-4c8a-a728-0b006a12ecd7: start FollowerState
2019-07-16 15:40:50,223 INFO  impl.LeaderElection (LeaderElection.java:logAndReturn(56)) - b5c8bad0-1112-4930-b2f1-9816bb67ecb4:group-FFC12EDE79BA:LeaderElection63: Election PASSED; received 1 response(s) [b5c8bad0-1112-4930-b2f1-9816bb67ecb4<-a6d13e46-f00f-4c8a-a728-0b006a12ecd7#0:OK-t1] and 0 exception(s); b5c8bad0-1112-4930-b2f1-9816bb67ecb4:t1, leader=null, voted=b5c8bad0-1112-4930-b2f1-9816bb67ecb4, raftlog=b5c8bad0-1112-4930-b2f1-9816bb67ecb4-SegmentedRaftLog:OPENED:c-1,f-1,i0, conf=-1: [9a22207e-ca6a-47bd-b084-7f19b158376f:192.168.69.88:45156, a6d13e46-f00f-4c8a-a728-0b006a12ecd7:192.168.69.88:45853, b5c8bad0-1112-4930-b2f1-9816bb67ecb4:192.168.69.88:38133], old=null
2019-07-16 15:40:50,223 INFO  impl.RoleInfo (RoleInfo.java:shutdownLeaderElection(134)) - b5c8bad0-1112-4930-b2f1-9816bb67ecb4: shutdown LeaderElection
2019-07-16 15:40:50,223 INFO  impl.RaftServerImpl (RaftServerImpl.java:setRole(171)) - b5c8bad0-1112-4930-b2f1-9816bb67ecb4:group-FFC12EDE79BA changes role from CANDIDATE to LEADER at term 1 for changeToLeader
2019-07-16 15:40:50,224 INFO  impl.RaftServerImpl (ServerState.java:setLeader(263)) - b5c8bad0-1112-4930-b2f1-9816bb67ecb4:group-FFC12EDE79BA change Leader from null to b5c8bad0-1112-4930-b2f1-9816bb67ecb4 at term 1 for becomeLeader, leader elected after 5074ms
2019-07-16 15:40:50,224 INFO  server.RaftServerConfigKeys (ConfUtils.java:logGet(43)) - raft.server.staging.catchup.gap = 1000 (default)
2019-07-16 15:40:50,224 INFO  server.RaftServerConfigKeys (ConfUtils.java:logGet(43)) - raft.server.rpc.sleep.time = 25ms (default)
2019-07-16 15:40:50,224 INFO  server.RaftServerConfigKeys (ConfUtils.java:logGet(43)) - raft.server.write.element-limit = 4096 (default)
2019-07-16 15:40:50,224 INFO  server.RaftServerConfigKeys (ConfUtils.java:logGet(43)) - raft.server.watch.timeout = 10s (default)
2019-07-16 15:40:50,224 INFO  server.RaftServerConfigKeys (ConfUtils.java:logGet(43)) - raft.server.watch.timeout.denomination = 1s (default)
2019-07-16 15:40:50,224 INFO  server.RaftServerConfigKeys (ConfUtils.java:logGet(43)) - raft.server.watch.element-limit = 65536 (default)
2019-07-16 15:40:50,225 INFO  server.RaftServerConfigKeys (ConfUtils.java:logGet(43)) - raft.server.log.appender.snapshot.chunk.size.max = 16MB (=16777216) (default)
2019-07-16 15:40:50,225 INFO  server.RaftServerConfigKeys (ConfUtils.java:logGet(43)) - raft.server.log.appender.buffer.byte-limit = 33554432 (custom)
2019-07-16 15:40:50,225 INFO  server.RaftServerConfigKeys (ConfUtils.java:logGet(43)) - raft.server.log.appender.buffer.element-limit = 1 (custom)
2019-07-16 15:40:50,225 INFO  grpc.GrpcConfigKeys$Server (ConfUtils.java:logGet(43)) - raft.grpc.server.leader.outstanding.appends.max = 128 (default)
2019-07-16 15:40:50,226 INFO  server.RaftServerConfigKeys (ConfUtils.java:logGet(43)) - raft.server.rpc.request.timeout = 3000ms (default)
2019-07-16 15:40:50,226 INFO  server.RaftServerConfigKeys (ConfUtils.java:logGet(43)) - raft.server.log.appender.install.snapshot.enabled = false (custom)
2019-07-16 15:40:50,226 INFO  server.RaftServerConfigKeys (ConfUtils.java:logGet(43)) - raft.server.log.appender.snapshot.chunk.size.max = 16MB (=16777216) (default)
2019-07-16 15:40:50,226 INFO  server.RaftServerConfigKeys (ConfUtils.java:logGet(43)) - raft.server.log.appender.buffer.byte-limit = 33554432 (custom)
2019-07-16 15:40:50,226 INFO  server.RaftServerConfigKeys (ConfUtils.java:logGet(43)) - raft.server.log.appender.buffer.element-limit = 1 (custom)
2019-07-16 15:40:50,226 INFO  grpc.GrpcConfigKeys$Server (ConfUtils.java:logGet(43)) - raft.grpc.server.leader.outstanding.appends.max = 128 (default)
2019-07-16 15:40:50,227 INFO  server.RaftServerConfigKeys (ConfUtils.java:logGet(43)) - raft.server.rpc.request.timeout = 3000ms (default)
2019-07-16 15:40:50,227 INFO  server.RaftServerConfigKeys (ConfUtils.java:logGet(43)) - raft.server.log.appender.install.snapshot.enabled = false (custom)
2019-07-16 15:40:50,227 INFO  impl.RoleInfo (RoleInfo.java:updateAndGet(143)) - b5c8bad0-1112-4930-b2f1-9816bb67ecb4: start LeaderState
2019-07-16 15:40:50,227 INFO  segmented.SegmentedRaftLogWorker (SegmentedRaftLogWorker.java:startLogSegment(380)) - b5c8bad0-1112-4930-b2f1-9816bb67ecb4-SegmentedRaftLogWorker:Storage Directory /workdir/hadoop-ozone/integration-test/target/test-dir/MiniOzoneClusterImpl-386b5208-f273-4a43-a586-80facaa1f908/datanode-0/data/ratis/747c91ed-9c76-4729-94fa-ffc12ede79ba: Starting segment from index:0
2019-07-16 15:40:50,228 INFO  impl.RaftServerImpl (ServerState.java:setRaftConf(361)) - b5c8bad0-1112-4930-b2f1-9816bb67ecb4:group-FFC12EDE79BA set configuration 0: [9a22207e-ca6a-47bd-b084-7f19b158376f:192.168.69.88:45156, a6d13e46-f00f-4c8a-a728-0b006a12ecd7:192.168.69.88:45853, b5c8bad0-1112-4930-b2f1-9816bb67ecb4:192.168.69.88:38133], old=null at 0
2019-07-16 15:40:50,249 INFO  impl.RaftServerImpl (ServerState.java:setLeader(263)) - 9a22207e-ca6a-47bd-b084-7f19b158376f:group-FFC12EDE79BA change Leader from null to b5c8bad0-1112-4930-b2f1-9816bb67ecb4 at term 1 for appendEntries, leader elected after 5100ms
2019-07-16 15:40:50,249 INFO  impl.RaftServerImpl (ServerState.java:setLeader(263)) - a6d13e46-f00f-4c8a-a728-0b006a12ecd7:group-FFC12EDE79BA change Leader from null to b5c8bad0-1112-4930-b2f1-9816bb67ecb4 at term 1 for appendEntries, leader elected after 5100ms
2019-07-16 15:40:50,253 INFO  impl.RaftServerImpl (ServerState.java:setRaftConf(361)) - a6d13e46-f00f-4c8a-a728-0b006a12ecd7:group-FFC12EDE79BA set configuration 0: [9a22207e-ca6a-47bd-b084-7f19b158376f:192.168.69.88:45156, a6d13e46-f00f-4c8a-a728-0b006a12ecd7:192.168.69.88:45853, b5c8bad0-1112-4930-b2f1-9816bb67ecb4:192.168.69.88:38133], old=null at 0
2019-07-16 15:40:50,253 INFO  impl.RaftServerImpl (ServerState.java:setRaftConf(361)) - 9a22207e-ca6a-47bd-b084-7f19b158376f:group-FFC12EDE79BA set configuration 0: [9a22207e-ca6a-47bd-b084-7f19b158376f:192.168.69.88:45156, a6d13e46-f00f-4c8a-a728-0b006a12ecd7:192.168.69.88:45853, b5c8bad0-1112-4930-b2f1-9816bb67ecb4:192.168.69.88:38133], old=null at 0
2019-07-16 15:40:50,253 INFO  segmented.SegmentedRaftLogWorker (SegmentedRaftLogWorker.java:startLogSegment(380)) - a6d13e46-f00f-4c8a-a728-0b006a12ecd7-SegmentedRaftLogWorker:Storage Directory /workdir/hadoop-ozone/integration-test/target/test-dir/MiniOzoneClusterImpl-386b5208-f273-4a43-a586-80facaa1f908/datanode-1/data/ratis/747c91ed-9c76-4729-94fa-ffc12ede79ba: Starting segment from index:0
2019-07-16 15:40:50,253 INFO  segmented.SegmentedRaftLogWorker (SegmentedRaftLogWorker.java:startLogSegment(380)) - 9a22207e-ca6a-47bd-b084-7f19b158376f-SegmentedRaftLogWorker:Storage Directory /workdir/hadoop-ozone/integration-test/target/test-dir/MiniOzoneClusterImpl-386b5208-f273-4a43-a586-80facaa1f908/datanode-2/data/ratis/747c91ed-9c76-4729-94fa-ffc12ede79ba: Starting segment from index:0
2019-07-16 15:40:50,262 INFO  segmented.SegmentedRaftLogWorker (SegmentedRaftLogWorker.java:execute(569)) - b5c8bad0-1112-4930-b2f1-9816bb67ecb4-SegmentedRaftLogWorker:Storage Directory /workdir/hadoop-ozone/integration-test/target/test-dir/MiniOzoneClusterImpl-386b5208-f273-4a43-a586-80facaa1f908/datanode-0/data/ratis/747c91ed-9c76-4729-94fa-ffc12ede79ba: created new log segment /workdir/hadoop-ozone/integration-test/target/test-dir/MiniOzoneClusterImpl-386b5208-f273-4a43-a586-80facaa1f908/datanode-0/data/ratis/747c91ed-9c76-4729-94fa-ffc12ede79ba/current/log_inprogress_0
2019-07-16 15:40:50,284 INFO  segmented.SegmentedRaftLogWorker (SegmentedRaftLogWorker.java:execute(569)) - 9a22207e-ca6a-47bd-b084-7f19b158376f-SegmentedRaftLogWorker:Storage Directory /workdir/hadoop-ozone/integration-test/target/test-dir/MiniOzoneClusterImpl-386b5208-f273-4a43-a586-80facaa1f908/datanode-2/data/ratis/747c91ed-9c76-4729-94fa-ffc12ede79ba: created new log segment /workdir/hadoop-ozone/integration-test/target/test-dir/MiniOzoneClusterImpl-386b5208-f273-4a43-a586-80facaa1f908/datanode-2/data/ratis/747c91ed-9c76-4729-94fa-ffc12ede79ba/current/log_inprogress_0
2019-07-16 15:40:50,284 INFO  segmented.SegmentedRaftLogWorker (SegmentedRaftLogWorker.java:execute(569)) - a6d13e46-f00f-4c8a-a728-0b006a12ecd7-SegmentedRaftLogWorker:Storage Directory /workdir/hadoop-ozone/integration-test/target/test-dir/MiniOzoneClusterImpl-386b5208-f273-4a43-a586-80facaa1f908/datanode-1/data/ratis/747c91ed-9c76-4729-94fa-ffc12ede79ba: created new log segment /workdir/hadoop-ozone/integration-test/target/test-dir/MiniOzoneClusterImpl-386b5208-f273-4a43-a586-80facaa1f908/datanode-1/data/ratis/747c91ed-9c76-4729-94fa-ffc12ede79ba/current/log_inprogress_0
2019-07-16 15:40:50,402 INFO  impl.FollowerState (FollowerState.java:run(106)) - 7dff2f0e-a604-4fea-a429-db6e8d850676:group-4A5A158E4C8D changes to CANDIDATE, lastRpcTime:5127, electionTimeout:5127ms
2019-07-16 15:40:50,402 INFO  impl.RoleInfo (RoleInfo.java:shutdownFollowerState(121)) - 7dff2f0e-a604-4fea-a429-db6e8d850676: shutdown FollowerState
2019-07-16 15:40:50,402 INFO  impl.RaftServerImpl (RaftServerImpl.java:setRole(171)) - 7dff2f0e-a604-4fea-a429-db6e8d850676:group-4A5A158E4C8D changes role from FOLLOWER to CANDIDATE at term 0 for changeToCandidate
2019-07-16 15:40:50,402 INFO  impl.RoleInfo (RoleInfo.java:updateAndGet(143)) - 7dff2f0e-a604-4fea-a429-db6e8d850676: start LeaderElection
2019-07-16 15:40:50,422 INFO  impl.LeaderElection (LeaderElection.java:askForVotes(181)) - 7dff2f0e-a604-4fea-a429-db6e8d850676:group-4A5A158E4C8D:LeaderElection64: begin an election at term 1 for -1: [7dff2f0e-a604-4fea-a429-db6e8d850676:192.168.69.88:42313], old=null
2019-07-16 15:40:50,422 INFO  impl.RoleInfo (RoleInfo.java:shutdownLeaderElection(134)) - 7dff2f0e-a604-4fea-a429-db6e8d850676: shutdown LeaderElection
2019-07-16 15:40:50,422 INFO  impl.RaftServerImpl (RaftServerImpl.java:setRole(171)) - 7dff2f0e-a604-4fea-a429-db6e8d850676:group-4A5A158E4C8D changes role from CANDIDATE to LEADER at term 1 for changeToLeader
2019-07-16 15:40:50,422 INFO  impl.RaftServerImpl (ServerState.java:setLeader(263)) - 7dff2f0e-a604-4fea-a429-db6e8d850676:group-4A5A158E4C8D change Leader from null to 7dff2f0e-a604-4fea-a429-db6e8d850676 at term 1 for becomeLeader, leader elected after 5152ms
2019-07-16 15:40:50,425 INFO  server.RaftServerConfigKeys (ConfUtils.java:logGet(43)) - raft.server.staging.catchup.gap = 1000 (default)
2019-07-16 15:40:50,425 INFO  server.RaftServerConfigKeys (ConfUtils.java:logGet(43)) - raft.server.rpc.sleep.time = 25ms (default)
2019-07-16 15:40:50,425 INFO  server.RaftServerConfigKeys (ConfUtils.java:logGet(43)) - raft.server.write.element-limit = 4096 (default)
2019-07-16 15:40:50,425 INFO  server.RaftServerConfigKeys (ConfUtils.java:logGet(43)) - raft.server.watch.timeout = 10s (default)
2019-07-16 15:40:50,426 INFO  server.RaftServerConfigKeys (ConfUtils.java:logGet(43)) - raft.server.watch.timeout.denomination = 1s (default)
2019-07-16 15:40:50,426 INFO  server.RaftServerConfigKeys (ConfUtils.java:logGet(43)) - raft.server.watch.element-limit = 65536 (default)
2019-07-16 15:40:50,426 INFO  impl.RoleInfo (RoleInfo.java:updateAndGet(143)) - 7dff2f0e-a604-4fea-a429-db6e8d850676: start LeaderState
2019-07-16 15:40:50,426 INFO  segmented.SegmentedRaftLogWorker (SegmentedRaftLogWorker.java:startLogSegment(380)) - 7dff2f0e-a604-4fea-a429-db6e8d850676-SegmentedRaftLogWorker:Storage Directory /workdir/hadoop-ozone/integration-test/target/test-dir/MiniOzoneClusterImpl-386b5208-f273-4a43-a586-80facaa1f908/datanode-3/data/ratis/d1720570-3a94-44e1-9df9-4a5a158e4c8d: Starting segment from index:0
2019-07-16 15:40:50,427 INFO  impl.RaftServerImpl (ServerState.java:setRaftConf(361)) - 7dff2f0e-a604-4fea-a429-db6e8d850676:group-4A5A158E4C8D set configuration 0: [7dff2f0e-a604-4fea-a429-db6e8d850676:192.168.69.88:42313], old=null at 0
2019-07-16 15:40:50,470 INFO  segmented.SegmentedRaftLogWorker (SegmentedRaftLogWorker.java:execute(569)) - 7dff2f0e-a604-4fea-a429-db6e8d850676-SegmentedRaftLogWorker:Storage Directory /workdir/hadoop-ozone/integration-test/target/test-dir/MiniOzoneClusterImpl-386b5208-f273-4a43-a586-80facaa1f908/datanode-3/data/ratis/d1720570-3a94-44e1-9df9-4a5a158e4c8d: created new log segment /workdir/hadoop-ozone/integration-test/target/test-dir/MiniOzoneClusterImpl-386b5208-f273-4a43-a586-80facaa1f908/datanode-3/data/ratis/d1720570-3a94-44e1-9df9-4a5a158e4c8d/current/log_inprogress_0
2019-07-16 15:40:50,538 INFO  impl.FollowerState (FollowerState.java:run(106)) - 99aac624-90ba-45b0-8630-5cc530133441:group-0D10D085F4E0 changes to CANDIDATE, lastRpcTime:5062, electionTimeout:5062ms
2019-07-16 15:40:50,538 INFO  impl.RoleInfo (RoleInfo.java:shutdownFollowerState(121)) - 99aac624-90ba-45b0-8630-5cc530133441: shutdown FollowerState
2019-07-16 15:40:50,539 INFO  impl.RaftServerImpl (RaftServerImpl.java:setRole(171)) - 99aac624-90ba-45b0-8630-5cc530133441:group-0D10D085F4E0 changes role from FOLLOWER to CANDIDATE at term 0 for changeToCandidate
2019-07-16 15:40:50,539 INFO  impl.RoleInfo (RoleInfo.java:updateAndGet(143)) - 99aac624-90ba-45b0-8630-5cc530133441: start LeaderElection
2019-07-16 15:40:50,559 INFO  impl.LeaderElection (LeaderElection.java:askForVotes(181)) - 99aac624-90ba-45b0-8630-5cc530133441:group-0D10D085F4E0:LeaderElection65: begin an election at term 1 for -1: [99aac624-90ba-45b0-8630-5cc530133441:192.168.69.88:36312], old=null
2019-07-16 15:40:50,559 INFO  impl.RoleInfo (RoleInfo.java:shutdownLeaderElection(134)) - 99aac624-90ba-45b0-8630-5cc530133441: shutdown LeaderElection
2019-07-16 15:40:50,559 INFO  impl.RaftServerImpl (RaftServerImpl.java:setRole(171)) - 99aac624-90ba-45b0-8630-5cc530133441:group-0D10D085F4E0 changes role from CANDIDATE to LEADER at term 1 for changeToLeader
2019-07-16 15:40:50,559 INFO  impl.RaftServerImpl (ServerState.java:setLeader(263)) - 99aac624-90ba-45b0-8630-5cc530133441:group-0D10D085F4E0 change Leader from null to 99aac624-90ba-45b0-8630-5cc530133441 at term 1 for becomeLeader, leader elected after 5088ms
2019-07-16 15:40:50,562 INFO  server.RaftServerConfigKeys (ConfUtils.java:logGet(43)) - raft.server.staging.catchup.gap = 1000 (default)
2019-07-16 15:40:50,562 INFO  server.RaftServerConfigKeys (ConfUtils.java:logGet(43)) - raft.server.rpc.sleep.time = 25ms (default)
2019-07-16 15:40:50,562 INFO  server.RaftServerConfigKeys (ConfUtils.java:logGet(43)) - raft.server.write.element-limit = 4096 (default)
2019-07-16 15:40:50,562 INFO  server.RaftServerConfigKeys (ConfUtils.java:logGet(43)) - raft.server.watch.timeout = 10s (default)
2019-07-16 15:40:50,562 INFO  server.RaftServerConfigKeys (ConfUtils.java:logGet(43)) - raft.server.watch.timeout.denomination = 1s (default)
2019-07-16 15:40:50,563 INFO  server.RaftServerConfigKeys (ConfUtils.java:logGet(43)) - raft.server.watch.element-limit = 65536 (default)
2019-07-16 15:40:50,563 INFO  impl.RoleInfo (RoleInfo.java:updateAndGet(143)) - 99aac624-90ba-45b0-8630-5cc530133441: start LeaderState
2019-07-16 15:40:50,563 INFO  segmented.SegmentedRaftLogWorker (SegmentedRaftLogWorker.java:startLogSegment(380)) - 99aac624-90ba-45b0-8630-5cc530133441-SegmentedRaftLogWorker:Storage Directory /workdir/hadoop-ozone/integration-test/target/test-dir/MiniOzoneClusterImpl-386b5208-f273-4a43-a586-80facaa1f908/datanode-4/data/ratis/1b2dd6f9-e7d0-4939-9ef8-0d10d085f4e0: Starting segment from index:0
2019-07-16 15:40:50,564 INFO  impl.RaftServerImpl (ServerState.java:setRaftConf(361)) - 99aac624-90ba-45b0-8630-5cc530133441:group-0D10D085F4E0 set configuration 0: [99aac624-90ba-45b0-8630-5cc530133441:192.168.69.88:36312], old=null at 0
2019-07-16 15:40:50,590 INFO  segmented.SegmentedRaftLogWorker (SegmentedRaftLogWorker.java:execute(569)) - 99aac624-90ba-45b0-8630-5cc530133441-SegmentedRaftLogWorker:Storage Directory /workdir/hadoop-ozone/integration-test/target/test-dir/MiniOzoneClusterImpl-386b5208-f273-4a43-a586-80facaa1f908/datanode-4/data/ratis/1b2dd6f9-e7d0-4939-9ef8-0d10d085f4e0: created new log segment /workdir/hadoop-ozone/integration-test/target/test-dir/MiniOzoneClusterImpl-386b5208-f273-4a43-a586-80facaa1f908/datanode-4/data/ratis/1b2dd6f9-e7d0-4939-9ef8-0d10d085f4e0/current/log_inprogress_0
2019-07-16 15:40:50,737 INFO  impl.FollowerState (FollowerState.java:run(106)) - 7dff2f0e-a604-4fea-a429-db6e8d850676:group-8838F5CCAD23 changes to CANDIDATE, lastRpcTime:5013, electionTimeout:5013ms
2019-07-16 15:40:50,738 INFO  impl.RoleInfo (RoleInfo.java:shutdownFollowerState(121)) - 7dff2f0e-a604-4fea-a429-db6e8d850676: shutdown FollowerState
2019-07-16 15:40:50,738 INFO  impl.RaftServerImpl (RaftServerImpl.java:setRole(171)) - 7dff2f0e-a604-4fea-a429-db6e8d850676:group-8838F5CCAD23 changes role from FOLLOWER to CANDIDATE at term 0 for changeToCandidate
2019-07-16 15:40:50,738 INFO  impl.RoleInfo (RoleInfo.java:updateAndGet(143)) - 7dff2f0e-a604-4fea-a429-db6e8d850676: start LeaderElection
2019-07-16 15:40:50,773 INFO  impl.LeaderElection (LeaderElection.java:askForVotes(181)) - 7dff2f0e-a604-4fea-a429-db6e8d850676:group-8838F5CCAD23:LeaderElection66: begin an election at term 1 for -1: [99aac624-90ba-45b0-8630-5cc530133441:192.168.69.88:36312, 7dff2f0e-a604-4fea-a429-db6e8d850676:192.168.69.88:42313, c06e5ee5-4e1f-439c-a23c-76ab36500eb0:192.168.69.88:41700], old=null
2019-07-16 15:40:50,782 INFO  impl.RaftServerImpl (RaftServerImpl.java:setRole(171)) - c06e5ee5-4e1f-439c-a23c-76ab36500eb0:group-8838F5CCAD23 changes role from FOLLOWER to FOLLOWER at term 1 for recognizeCandidate:7dff2f0e-a604-4fea-a429-db6e8d850676
2019-07-16 15:40:50,782 INFO  impl.RaftServerImpl (RaftServerImpl.java:setRole(171)) - 99aac624-90ba-45b0-8630-5cc530133441:group-8838F5CCAD23 changes role from FOLLOWER to FOLLOWER at term 1 for recognizeCandidate:7dff2f0e-a604-4fea-a429-db6e8d850676
2019-07-16 15:40:50,782 INFO  impl.RoleInfo (RoleInfo.java:shutdownFollowerState(121)) - c06e5ee5-4e1f-439c-a23c-76ab36500eb0: shutdown FollowerState
2019-07-16 15:40:50,782 INFO  impl.RoleInfo (RoleInfo.java:shutdownFollowerState(121)) - 99aac624-90ba-45b0-8630-5cc530133441: shutdown FollowerState
2019-07-16 15:40:50,783 INFO  impl.FollowerState (FollowerState.java:run(114)) - c06e5ee5-4e1f-439c-a23c-76ab36500eb0: FollowerState was interrupted: java.lang.InterruptedException: sleep interrupted
2019-07-16 15:40:50,783 INFO  impl.RoleInfo (RoleInfo.java:updateAndGet(143)) - c06e5ee5-4e1f-439c-a23c-76ab36500eb0: start FollowerState
2019-07-16 15:40:50,783 INFO  impl.FollowerState (FollowerState.java:run(114)) - 99aac624-90ba-45b0-8630-5cc530133441: FollowerState was interrupted: java.lang.InterruptedException: sleep interrupted
2019-07-16 15:40:50,783 INFO  impl.RoleInfo (RoleInfo.java:updateAndGet(143)) - 99aac624-90ba-45b0-8630-5cc530133441: start FollowerState
2019-07-16 15:40:50,811 INFO  impl.LeaderElection (LeaderElection.java:logAndReturn(56)) - 7dff2f0e-a604-4fea-a429-db6e8d850676:group-8838F5CCAD23:LeaderElection66: Election PASSED; received 1 response(s) [7dff2f0e-a604-4fea-a429-db6e8d850676<-99aac624-90ba-45b0-8630-5cc530133441#0:OK-t1] and 0 exception(s); 7dff2f0e-a604-4fea-a429-db6e8d850676:t1, leader=null, voted=7dff2f0e-a604-4fea-a429-db6e8d850676, raftlog=7dff2f0e-a604-4fea-a429-db6e8d850676-SegmentedRaftLog:OPENED:c-1,f-1,i0, conf=-1: [99aac624-90ba-45b0-8630-5cc530133441:192.168.69.88:36312, 7dff2f0e-a604-4fea-a429-db6e8d850676:192.168.69.88:42313, c06e5ee5-4e1f-439c-a23c-76ab36500eb0:192.168.69.88:41700], old=null
2019-07-16 15:40:50,812 INFO  impl.RoleInfo (RoleInfo.java:shutdownLeaderElection(134)) - 7dff2f0e-a604-4fea-a429-db6e8d850676: shutdown LeaderElection
2019-07-16 15:40:50,812 INFO  impl.RaftServerImpl (RaftServerImpl.java:setRole(171)) - 7dff2f0e-a604-4fea-a429-db6e8d850676:group-8838F5CCAD23 changes role from CANDIDATE to LEADER at term 1 for changeToLeader
2019-07-16 15:40:50,812 INFO  impl.RaftServerImpl (ServerState.java:setLeader(263)) - 7dff2f0e-a604-4fea-a429-db6e8d850676:group-8838F5CCAD23 change Leader from null to 7dff2f0e-a604-4fea-a429-db6e8d850676 at term 1 for becomeLeader, leader elected after 5102ms
2019-07-16 15:40:50,812 INFO  server.RaftServerConfigKeys (ConfUtils.java:logGet(43)) - raft.server.staging.catchup.gap = 1000 (default)
2019-07-16 15:40:50,812 INFO  server.RaftServerConfigKeys (ConfUtils.java:logGet(43)) - raft.server.rpc.sleep.time = 25ms (default)
2019-07-16 15:40:50,812 INFO  server.RaftServerConfigKeys (ConfUtils.java:logGet(43)) - raft.server.write.element-limit = 4096 (default)
2019-07-16 15:40:50,812 INFO  server.RaftServerConfigKeys (ConfUtils.java:logGet(43)) - raft.server.watch.timeout = 10s (default)
2019-07-16 15:40:50,813 INFO  server.RaftServerConfigKeys (ConfUtils.java:logGet(43)) - raft.server.watch.timeout.denomination = 1s (default)
2019-07-16 15:40:50,813 INFO  server.RaftServerConfigKeys (ConfUtils.java:logGet(43)) - raft.server.watch.element-limit = 65536 (default)
2019-07-16 15:40:50,813 INFO  server.RaftServerConfigKeys (ConfUtils.java:logGet(43)) - raft.server.log.appender.snapshot.chunk.size.max = 16MB (=16777216) (default)
2019-07-16 15:40:50,813 INFO  server.RaftServerConfigKeys (ConfUtils.java:logGet(43)) - raft.server.log.appender.buffer.byte-limit = 33554432 (custom)
2019-07-16 15:40:50,813 INFO  server.RaftServerConfigKeys (ConfUtils.java:logGet(43)) - raft.server.log.appender.buffer.element-limit = 1 (custom)
2019-07-16 15:40:50,813 INFO  grpc.GrpcConfigKeys$Server (ConfUtils.java:logGet(43)) - raft.grpc.server.leader.outstanding.appends.max = 128 (default)
2019-07-16 15:40:50,814 INFO  server.RaftServerConfigKeys (ConfUtils.java:logGet(43)) - raft.server.rpc.request.timeout = 3000ms (default)
2019-07-16 15:40:50,814 INFO  server.RaftServerConfigKeys (ConfUtils.java:logGet(43)) - raft.server.log.appender.install.snapshot.enabled = false (custom)
2019-07-16 15:40:50,814 INFO  server.RaftServerConfigKeys (ConfUtils.java:logGet(43)) - raft.server.log.appender.snapshot.chunk.size.max = 16MB (=16777216) (default)
2019-07-16 15:40:50,814 INFO  server.RaftServerConfigKeys (ConfUtils.java:logGet(43)) - raft.server.log.appender.buffer.byte-limit = 33554432 (custom)
2019-07-16 15:40:50,814 INFO  server.RaftServerConfigKeys (ConfUtils.java:logGet(43)) - raft.server.log.appender.buffer.element-limit = 1 (custom)
2019-07-16 15:40:50,814 INFO  grpc.GrpcConfigKeys$Server (ConfUtils.java:logGet(43)) - raft.grpc.server.leader.outstanding.appends.max = 128 (default)
2019-07-16 15:40:50,814 INFO  server.RaftServerConfigKeys (ConfUtils.java:logGet(43)) - raft.server.rpc.request.timeout = 3000ms (default)
2019-07-16 15:40:50,815 INFO  server.RaftServerConfigKeys (ConfUtils.java:logGet(43)) - raft.server.log.appender.install.snapshot.enabled = false (custom)
2019-07-16 15:40:50,815 INFO  impl.RoleInfo (RoleInfo.java:updateAndGet(143)) - 7dff2f0e-a604-4fea-a429-db6e8d850676: start LeaderState
2019-07-16 15:40:50,815 INFO  segmented.SegmentedRaftLogWorker (SegmentedRaftLogWorker.java:startLogSegment(380)) - 7dff2f0e-a604-4fea-a429-db6e8d850676-SegmentedRaftLogWorker:Storage Directory /workdir/hadoop-ozone/integration-test/target/test-dir/MiniOzoneClusterImpl-386b5208-f273-4a43-a586-80facaa1f908/datanode-3/data/ratis/7829c7c6-d2b7-46bc-96e5-8838f5ccad23: Starting segment from index:0
2019-07-16 15:40:50,816 INFO  impl.RaftServerImpl (ServerState.java:setRaftConf(361)) - 7dff2f0e-a604-4fea-a429-db6e8d850676:group-8838F5CCAD23 set configuration 0: [99aac624-90ba-45b0-8630-5cc530133441:192.168.69.88:36312, 7dff2f0e-a604-4fea-a429-db6e8d850676:192.168.69.88:42313, c06e5ee5-4e1f-439c-a23c-76ab36500eb0:192.168.69.88:41700], old=null at 0
2019-07-16 15:40:50,841 INFO  impl.FollowerState (FollowerState.java:run(106)) - c06e5ee5-4e1f-439c-a23c-76ab36500eb0:group-F40FBBD1FEB8 changes to CANDIDATE, lastRpcTime:5197, electionTimeout:5174ms
2019-07-16 15:40:50,841 INFO  impl.RoleInfo (RoleInfo.java:shutdownFollowerState(121)) - c06e5ee5-4e1f-439c-a23c-76ab36500eb0: shutdown FollowerState
2019-07-16 15:40:50,841 INFO  impl.RaftServerImpl (ServerState.java:setLeader(263)) - 99aac624-90ba-45b0-8630-5cc530133441:group-8838F5CCAD23 change Leader from null to 7dff2f0e-a604-4fea-a429-db6e8d850676 at term 1 for appendEntries, leader elected after 5132ms
2019-07-16 15:40:50,841 INFO  impl.RaftServerImpl (ServerState.java:setLeader(263)) - c06e5ee5-4e1f-439c-a23c-76ab36500eb0:group-8838F5CCAD23 change Leader from null to 7dff2f0e-a604-4fea-a429-db6e8d850676 at term 1 for appendEntries, leader elected after 5132ms
2019-07-16 15:40:50,841 INFO  impl.RaftServerImpl (RaftServerImpl.java:setRole(171)) - c06e5ee5-4e1f-439c-a23c-76ab36500eb0:group-F40FBBD1FEB8 changes role from FOLLOWER to CANDIDATE at term 0 for changeToCandidate
2019-07-16 15:40:50,846 INFO  impl.RoleInfo (RoleInfo.java:updateAndGet(143)) - c06e5ee5-4e1f-439c-a23c-76ab36500eb0: start LeaderElection
2019-07-16 15:40:50,852 INFO  impl.RaftServerImpl (ServerState.java:setRaftConf(361)) - 99aac624-90ba-45b0-8630-5cc530133441:group-8838F5CCAD23 set configuration 0: [99aac624-90ba-45b0-8630-5cc530133441:192.168.69.88:36312, 7dff2f0e-a604-4fea-a429-db6e8d850676:192.168.69.88:42313, c06e5ee5-4e1f-439c-a23c-76ab36500eb0:192.168.69.88:41700], old=null at 0
2019-07-16 15:40:50,852 INFO  impl.RaftServerImpl (ServerState.java:setRaftConf(361)) - c06e5ee5-4e1f-439c-a23c-76ab36500eb0:group-8838F5CCAD23 set configuration 0: [99aac624-90ba-45b0-8630-5cc530133441:192.168.69.88:36312, 7dff2f0e-a604-4fea-a429-db6e8d850676:192.168.69.88:42313, c06e5ee5-4e1f-439c-a23c-76ab36500eb0:192.168.69.88:41700], old=null at 0
2019-07-16 15:40:50,852 INFO  segmented.SegmentedRaftLogWorker (SegmentedRaftLogWorker.java:startLogSegment(380)) - 99aac624-90ba-45b0-8630-5cc530133441-SegmentedRaftLogWorker:Storage Directory /workdir/hadoop-ozone/integration-test/target/test-dir/MiniOzoneClusterImpl-386b5208-f273-4a43-a586-80facaa1f908/datanode-4/data/ratis/7829c7c6-d2b7-46bc-96e5-8838f5ccad23: Starting segment from index:0
2019-07-16 15:40:50,852 INFO  segmented.SegmentedRaftLogWorker (SegmentedRaftLogWorker.java:startLogSegment(380)) - c06e5ee5-4e1f-439c-a23c-76ab36500eb0-SegmentedRaftLogWorker:Storage Directory /workdir/hadoop-ozone/integration-test/target/test-dir/MiniOzoneClusterImpl-386b5208-f273-4a43-a586-80facaa1f908/datanode-5/data/ratis/7829c7c6-d2b7-46bc-96e5-8838f5ccad23: Starting segment from index:0
2019-07-16 15:40:50,907 INFO  segmented.SegmentedRaftLogWorker (SegmentedRaftLogWorker.java:execute(569)) - 99aac624-90ba-45b0-8630-5cc530133441-SegmentedRaftLogWorker:Storage Directory /workdir/hadoop-ozone/integration-test/target/test-dir/MiniOzoneClusterImpl-386b5208-f273-4a43-a586-80facaa1f908/datanode-4/data/ratis/7829c7c6-d2b7-46bc-96e5-8838f5ccad23: created new log segment /workdir/hadoop-ozone/integration-test/target/test-dir/MiniOzoneClusterImpl-386b5208-f273-4a43-a586-80facaa1f908/datanode-4/data/ratis/7829c7c6-d2b7-46bc-96e5-8838f5ccad23/current/log_inprogress_0
2019-07-16 15:40:50,907 INFO  impl.LeaderElection (LeaderElection.java:askForVotes(181)) - c06e5ee5-4e1f-439c-a23c-76ab36500eb0:group-F40FBBD1FEB8:LeaderElection67: begin an election at term 1 for -1: [c06e5ee5-4e1f-439c-a23c-76ab36500eb0:192.168.69.88:41700], old=null
2019-07-16 15:40:50,907 INFO  segmented.SegmentedRaftLogWorker (SegmentedRaftLogWorker.java:execute(569)) - c06e5ee5-4e1f-439c-a23c-76ab36500eb0-SegmentedRaftLogWorker:Storage Directory /workdir/hadoop-ozone/integration-test/target/test-dir/MiniOzoneClusterImpl-386b5208-f273-4a43-a586-80facaa1f908/datanode-5/data/ratis/7829c7c6-d2b7-46bc-96e5-8838f5ccad23: created new log segment /workdir/hadoop-ozone/integration-test/target/test-dir/MiniOzoneClusterImpl-386b5208-f273-4a43-a586-80facaa1f908/datanode-5/data/ratis/7829c7c6-d2b7-46bc-96e5-8838f5ccad23/current/log_inprogress_0
2019-07-16 15:40:50,907 INFO  segmented.SegmentedRaftLogWorker (SegmentedRaftLogWorker.java:execute(569)) - 7dff2f0e-a604-4fea-a429-db6e8d850676-SegmentedRaftLogWorker:Storage Directory /workdir/hadoop-ozone/integration-test/target/test-dir/MiniOzoneClusterImpl-386b5208-f273-4a43-a586-80facaa1f908/datanode-3/data/ratis/7829c7c6-d2b7-46bc-96e5-8838f5ccad23: created new log segment /workdir/hadoop-ozone/integration-test/target/test-dir/MiniOzoneClusterImpl-386b5208-f273-4a43-a586-80facaa1f908/datanode-3/data/ratis/7829c7c6-d2b7-46bc-96e5-8838f5ccad23/current/log_inprogress_0
2019-07-16 15:40:50,907 INFO  impl.RoleInfo (RoleInfo.java:shutdownLeaderElection(134)) - c06e5ee5-4e1f-439c-a23c-76ab36500eb0: shutdown LeaderElection
2019-07-16 15:40:50,908 INFO  impl.RaftServerImpl (RaftServerImpl.java:setRole(171)) - c06e5ee5-4e1f-439c-a23c-76ab36500eb0:group-F40FBBD1FEB8 changes role from CANDIDATE to LEADER at term 1 for changeToLeader
2019-07-16 15:40:50,908 INFO  impl.RaftServerImpl (ServerState.java:setLeader(263)) - c06e5ee5-4e1f-439c-a23c-76ab36500eb0:group-F40FBBD1FEB8 change Leader from null to c06e5ee5-4e1f-439c-a23c-76ab36500eb0 at term 1 for becomeLeader, leader elected after 5268ms
2019-07-16 15:40:50,910 INFO  server.RaftServerConfigKeys (ConfUtils.java:logGet(43)) - raft.server.staging.catchup.gap = 1000 (default)
2019-07-16 15:40:50,910 INFO  server.RaftServerConfigKeys (ConfUtils.java:logGet(43)) - raft.server.rpc.sleep.time = 25ms (default)
2019-07-16 15:40:50,910 INFO  server.RaftServerConfigKeys (ConfUtils.java:logGet(43)) - raft.server.write.element-limit = 4096 (default)
2019-07-16 15:40:50,910 INFO  server.RaftServerConfigKeys (ConfUtils.java:logGet(43)) - raft.server.watch.timeout = 10s (default)
2019-07-16 15:40:50,911 INFO  server.RaftServerConfigKeys (ConfUtils.java:logGet(43)) - raft.server.watch.timeout.denomination = 1s (default)
2019-07-16 15:40:50,911 INFO  server.RaftServerConfigKeys (ConfUtils.java:logGet(43)) - raft.server.watch.element-limit = 65536 (default)
2019-07-16 15:40:50,911 INFO  impl.RoleInfo (RoleInfo.java:updateAndGet(143)) - c06e5ee5-4e1f-439c-a23c-76ab36500eb0: start LeaderState
2019-07-16 15:40:50,911 INFO  segmented.SegmentedRaftLogWorker (SegmentedRaftLogWorker.java:startLogSegment(380)) - c06e5ee5-4e1f-439c-a23c-76ab36500eb0-SegmentedRaftLogWorker:Storage Directory /workdir/hadoop-ozone/integration-test/target/test-dir/MiniOzoneClusterImpl-386b5208-f273-4a43-a586-80facaa1f908/datanode-5/data/ratis/b18c402a-414d-438b-ad93-f40fbbd1feb8: Starting segment from index:0
2019-07-16 15:40:50,912 INFO  impl.RaftServerImpl (ServerState.java:setRaftConf(361)) - c06e5ee5-4e1f-439c-a23c-76ab36500eb0:group-F40FBBD1FEB8 set configuration 0: [c06e5ee5-4e1f-439c-a23c-76ab36500eb0:192.168.69.88:41700], old=null at 0
2019-07-16 15:40:50,943 INFO  segmented.SegmentedRaftLogWorker (SegmentedRaftLogWorker.java:execute(569)) - c06e5ee5-4e1f-439c-a23c-76ab36500eb0-SegmentedRaftLogWorker:Storage Directory /workdir/hadoop-ozone/integration-test/target/test-dir/MiniOzoneClusterImpl-386b5208-f273-4a43-a586-80facaa1f908/datanode-5/data/ratis/b18c402a-414d-438b-ad93-f40fbbd1feb8: created new log segment /workdir/hadoop-ozone/integration-test/target/test-dir/MiniOzoneClusterImpl-386b5208-f273-4a43-a586-80facaa1f908/datanode-5/data/ratis/b18c402a-414d-438b-ad93-f40fbbd1feb8/current/log_inprogress_0
2019-07-16 15:40:50,985 INFO  impl.FollowerState (FollowerState.java:run(106)) - dccbc6c7-1500-4991-a951-250918556bc3:group-C652CA604B36 changes to CANDIDATE, lastRpcTime:5117, electionTimeout:5117ms
2019-07-16 15:40:50,986 INFO  impl.RoleInfo (RoleInfo.java:shutdownFollowerState(121)) - dccbc6c7-1500-4991-a951-250918556bc3: shutdown FollowerState
2019-07-16 15:40:50,986 INFO  impl.RaftServerImpl (RaftServerImpl.java:setRole(171)) - dccbc6c7-1500-4991-a951-250918556bc3:group-C652CA604B36 changes role from FOLLOWER to CANDIDATE at term 0 for changeToCandidate
2019-07-16 15:40:50,986 INFO  impl.RoleInfo (RoleInfo.java:updateAndGet(143)) - dccbc6c7-1500-4991-a951-250918556bc3: start LeaderElection
2019-07-16 15:40:51,050 INFO  impl.LeaderElection (LeaderElection.java:askForVotes(181)) - dccbc6c7-1500-4991-a951-250918556bc3:group-C652CA604B36:LeaderElection68: begin an election at term 1 for -1: [dccbc6c7-1500-4991-a951-250918556bc3:192.168.69.88:44000], old=null
2019-07-16 15:40:51,050 INFO  impl.RoleInfo (RoleInfo.java:shutdownLeaderElection(134)) - dccbc6c7-1500-4991-a951-250918556bc3: shutdown LeaderElection
2019-07-16 15:40:51,050 INFO  impl.RaftServerImpl (RaftServerImpl.java:setRole(171)) - dccbc6c7-1500-4991-a951-250918556bc3:group-C652CA604B36 changes role from CANDIDATE to LEADER at term 1 for changeToLeader
2019-07-16 15:40:51,051 INFO  impl.RaftServerImpl (ServerState.java:setLeader(263)) - dccbc6c7-1500-4991-a951-250918556bc3:group-C652CA604B36 change Leader from null to dccbc6c7-1500-4991-a951-250918556bc3 at term 1 for becomeLeader, leader elected after 5189ms
2019-07-16 15:40:51,053 INFO  server.RaftServerConfigKeys (ConfUtils.java:logGet(43)) - raft.server.staging.catchup.gap = 1000 (default)
2019-07-16 15:40:51,053 INFO  server.RaftServerConfigKeys (ConfUtils.java:logGet(43)) - raft.server.rpc.sleep.time = 25ms (default)
2019-07-16 15:40:51,053 INFO  server.RaftServerConfigKeys (ConfUtils.java:logGet(43)) - raft.server.write.element-limit = 4096 (default)
2019-07-16 15:40:51,053 INFO  server.RaftServerConfigKeys (ConfUtils.java:logGet(43)) - raft.server.watch.timeout = 10s (default)
2019-07-16 15:40:51,054 INFO  server.RaftServerConfigKeys (ConfUtils.java:logGet(43)) - raft.server.watch.timeout.denomination = 1s (default)
2019-07-16 15:40:51,054 INFO  server.RaftServerConfigKeys (ConfUtils.java:logGet(43)) - raft.server.watch.element-limit = 65536 (default)
2019-07-16 15:40:51,054 INFO  impl.RoleInfo (RoleInfo.java:updateAndGet(143)) - dccbc6c7-1500-4991-a951-250918556bc3: start LeaderState
2019-07-16 15:40:51,054 INFO  segmented.SegmentedRaftLogWorker (SegmentedRaftLogWorker.java:startLogSegment(380)) - dccbc6c7-1500-4991-a951-250918556bc3-SegmentedRaftLogWorker:Storage Directory /workdir/hadoop-ozone/integration-test/target/test-dir/MiniOzoneClusterImpl-386b5208-f273-4a43-a586-80facaa1f908/datanode-6/data/ratis/092c32be-9e18-46f7-8bc9-c652ca604b36: Starting segment from index:0
2019-07-16 15:40:51,055 INFO  impl.RaftServerImpl (ServerState.java:setRaftConf(361)) - dccbc6c7-1500-4991-a951-250918556bc3:group-C652CA604B36 set configuration 0: [dccbc6c7-1500-4991-a951-250918556bc3:192.168.69.88:44000], old=null at 0
2019-07-16 15:40:51,091 INFO  segmented.SegmentedRaftLogWorker (SegmentedRaftLogWorker.java:execute(569)) - dccbc6c7-1500-4991-a951-250918556bc3-SegmentedRaftLogWorker:Storage Directory /workdir/hadoop-ozone/integration-test/target/test-dir/MiniOzoneClusterImpl-386b5208-f273-4a43-a586-80facaa1f908/datanode-6/data/ratis/092c32be-9e18-46f7-8bc9-c652ca604b36: created new log segment /workdir/hadoop-ozone/integration-test/target/test-dir/MiniOzoneClusterImpl-386b5208-f273-4a43-a586-80facaa1f908/datanode-6/data/ratis/092c32be-9e18-46f7-8bc9-c652ca604b36/current/log_inprogress_0
2019-07-16 15:40:51,099 INFO  client.GrpcClientProtocolClient (GrpcClientProtocolClient.java:onNext(255)) - client-D597427CF0BC->7dff2f0e-a604-4fea-a429-db6e8d850676: receive RaftClientReply:client-D597427CF0BC->7dff2f0e-a604-4fea-a429-db6e8d850676@group-4A5A158E4C8D, cid=141, SUCCESS, logIndex=1, commits[7dff2f0e-a604-4fea-a429-db6e8d850676:c1]
2019-07-16 15:40:51,120 INFO  client.GrpcClientProtocolClient (GrpcClientProtocolClient.java:onNext(255)) - client-D597427CF0BC->7dff2f0e-a604-4fea-a429-db6e8d850676: receive RaftClientReply:client-D597427CF0BC->7dff2f0e-a604-4fea-a429-db6e8d850676@group-4A5A158E4C8D, cid=142, SUCCESS, logIndex=3, commits[7dff2f0e-a604-4fea-a429-db6e8d850676:c7]
2019-07-16 15:40:51,175 INFO  client.GrpcClientProtocolClient (GrpcClientProtocolClient.java:onNext(255)) - client-D597427CF0BC->7dff2f0e-a604-4fea-a429-db6e8d850676: receive RaftClientReply:client-D597427CF0BC->7dff2f0e-a604-4fea-a429-db6e8d850676@group-4A5A158E4C8D, cid=143, SUCCESS, logIndex=4, commits[7dff2f0e-a604-4fea-a429-db6e8d850676:c9]
2019-07-16 15:40:51,176 INFO  client.GrpcClientProtocolClient (GrpcClientProtocolClient.java:onNext(255)) - client-D597427CF0BC->7dff2f0e-a604-4fea-a429-db6e8d850676: receive RaftClientReply:client-D597427CF0BC->7dff2f0e-a604-4fea-a429-db6e8d850676@group-4A5A158E4C8D, cid=144, SUCCESS, logIndex=5, commits[7dff2f0e-a604-4fea-a429-db6e8d850676:c9]
2019-07-16 15:40:51,176 INFO  client.GrpcClientProtocolClient (GrpcClientProtocolClient.java:onNext(255)) - client-D597427CF0BC->7dff2f0e-a604-4fea-a429-db6e8d850676: receive RaftClientReply:client-D597427CF0BC->7dff2f0e-a604-4fea-a429-db6e8d850676@group-4A5A158E4C8D, cid=145, SUCCESS, logIndex=6, commits[7dff2f0e-a604-4fea-a429-db6e8d850676:c9]
2019-07-16 15:40:51,177 INFO  client.GrpcClientProtocolClient (GrpcClientProtocolClient.java:onNext(255)) - client-D597427CF0BC->7dff2f0e-a604-4fea-a429-db6e8d850676: receive RaftClientReply:client-D597427CF0BC->7dff2f0e-a604-4fea-a429-db6e8d850676@group-4A5A158E4C8D, cid=146, SUCCESS, logIndex=7, commits[7dff2f0e-a604-4fea-a429-db6e8d850676:c9]
2019-07-16 15:40:51,194 INFO  client.GrpcClientProtocolClient (GrpcClientProtocolClient.java:onNext(255)) - client-D597427CF0BC->7dff2f0e-a604-4fea-a429-db6e8d850676: receive RaftClientReply:client-D597427CF0BC->7dff2f0e-a604-4fea-a429-db6e8d850676@group-4A5A158E4C8D, cid=147, SUCCESS, logIndex=10, commits[7dff2f0e-a604-4fea-a429-db6e8d850676:c11]
2019-07-16 15:40:51,194 INFO  client.GrpcClientProtocolClient (GrpcClientProtocolClient.java:onNext(255)) - client-D597427CF0BC->7dff2f0e-a604-4fea-a429-db6e8d850676: receive RaftClientReply:client-D597427CF0BC->7dff2f0e-a604-4fea-a429-db6e8d850676@group-4A5A158E4C8D, cid=148, SUCCESS, logIndex=11, commits[7dff2f0e-a604-4fea-a429-db6e8d850676:c12]
2019-07-16 15:40:51,197 INFO  container.CloseContainerEventHandler (CloseContainerEventHandler.java:onMessage(61)) - Close container Event triggered for container : #1
2019-07-16 15:40:52,314 INFO  interfaces.Container (KeyValueContainer.java:compactDB(356)) - Container 1 is closed with bcsId 11.
15:40:52.701 [grpc-default-executor-0] ERROR DNAudit - user=null | ip=null | op=WRITE_CHUNK {blockData=conID: 1 locID: 102451881370320907 bcsId: 11} | ret=FAILURE
org.apache.hadoop.hdds.scm.container.common.helpers.ContainerNotOpenException: Container 1 in CLOSED state
	at org.apache.hadoop.ozone.container.common.impl.HddsDispatcher.validateContainerCommand(HddsDispatcher.java:408) ~[hadoop-hdds-container-service-0.5.0-SNAPSHOT.jar:?]
	at org.apache.hadoop.ozone.container.common.transport.server.ratis.ContainerStateMachine.startTransaction(ContainerStateMachine.java:272) ~[hadoop-hdds-container-service-0.5.0-SNAPSHOT.jar:?]
	at org.apache.ratis.server.impl.RaftServerImpl.submitClientRequestAsync(RaftServerImpl.java:566) ~[ratis-server-0.4.0-2337318-SNAPSHOT.jar:0.4.0-2337318-SNAPSHOT]
	at org.apache.ratis.server.impl.RaftServerProxy.lambda$submitClientRequestAsync$7(RaftServerProxy.java:333) ~[ratis-server-0.4.0-2337318-SNAPSHOT.jar:0.4.0-2337318-SNAPSHOT]
	at org.apache.ratis.server.impl.RaftServerProxy.lambda$null$5(RaftServerProxy.java:328) ~[ratis-server-0.4.0-2337318-SNAPSHOT.jar:0.4.0-2337318-SNAPSHOT]
	at org.apache.ratis.util.JavaUtils.callAsUnchecked(JavaUtils.java:109) ~[ratis-common-0.4.0-2337318-SNAPSHOT.jar:0.4.0-2337318-SNAPSHOT]
	at org.apache.ratis.server.impl.RaftServerProxy.lambda$submitRequest$6(RaftServerProxy.java:328) ~[ratis-server-0.4.0-2337318-SNAPSHOT.jar:0.4.0-2337318-SNAPSHOT]
	at java.util.concurrent.CompletableFuture.uniComposeStage(CompletableFuture.java:981) ~[?:1.8.0_212]
	at java.util.concurrent.CompletableFuture.thenCompose(CompletableFuture.java:2124) ~[?:1.8.0_212]
	at org.apache.ratis.server.impl.RaftServerProxy.submitRequest(RaftServerProxy.java:327) ~[ratis-server-0.4.0-2337318-SNAPSHOT.jar:0.4.0-2337318-SNAPSHOT]
	at org.apache.ratis.server.impl.RaftServerProxy.submitClientRequestAsync(RaftServerProxy.java:333) ~[ratis-server-0.4.0-2337318-SNAPSHOT.jar:0.4.0-2337318-SNAPSHOT]
	at org.apache.ratis.grpc.client.GrpcClientProtocolService$RequestStreamObserver.processClientRequest(GrpcClientProtocolService.java:220) ~[ratis-grpc-0.4.0-2337318-SNAPSHOT.jar:0.4.0-2337318-SNAPSHOT]
	at org.apache.ratis.grpc.client.GrpcClientProtocolService$OrderedRequestStreamObserver.processClientRequest(GrpcClientProtocolService.java:326) ~[ratis-grpc-0.4.0-2337318-SNAPSHOT.jar:0.4.0-2337318-SNAPSHOT]
	at org.apache.ratis.util.SlidingWindow$Server.processRequestsFromHead(SlidingWindow.java:429) [ratis-common-0.4.0-2337318-SNAPSHOT.jar:0.4.0-2337318-SNAPSHOT]
	at org.apache.ratis.util.SlidingWindow$Server.receivedRequest(SlidingWindow.java:421) [ratis-common-0.4.0-2337318-SNAPSHOT.jar:0.4.0-2337318-SNAPSHOT]
	at org.apache.ratis.grpc.client.GrpcClientProtocolService$OrderedRequestStreamObserver.processClientRequest(GrpcClientProtocolService.java:345) [ratis-grpc-0.4.0-2337318-SNAPSHOT.jar:0.4.0-2337318-SNAPSHOT]
	at org.apache.ratis.grpc.client.GrpcClientProtocolService$RequestStreamObserver.onNext(GrpcClientProtocolService.java:240) [ratis-grpc-0.4.0-2337318-SNAPSHOT.jar:0.4.0-2337318-SNAPSHOT]
	at org.apache.ratis.grpc.client.GrpcClientProtocolService$RequestStreamObserver.onNext(GrpcClientProtocolService.java:168) [ratis-grpc-0.4.0-2337318-SNAPSHOT.jar:0.4.0-2337318-SNAPSHOT]
	at org.apache.ratis.thirdparty.io.grpc.stub.ServerCalls$StreamingServerCallHandler$StreamingServerCallListener.onMessage(ServerCalls.java:248) [ratis-thirdparty-misc-0.2.0.jar:0.2.0]
	at org.apache.ratis.thirdparty.io.grpc.internal.ServerCallImpl$ServerStreamListenerImpl.messagesAvailable(ServerCallImpl.java:263) [ratis-thirdparty-misc-0.2.0.jar:0.2.0]
	at org.apache.ratis.thirdparty.io.grpc.internal.ServerImpl$JumpToApplicationThreadServerStreamListener$1MessagesAvailable.runInContext(ServerImpl.java:686) [ratis-thirdparty-misc-0.2.0.jar:0.2.0]
	at org.apache.ratis.thirdparty.io.grpc.internal.ContextRunnable.run(ContextRunnable.java:37) [ratis-thirdparty-misc-0.2.0.jar:0.2.0]
	at org.apache.ratis.thirdparty.io.grpc.internal.SerializingExecutor.run(SerializingExecutor.java:123) [ratis-thirdparty-misc-0.2.0.jar:0.2.0]
	at java.util.concurrent.ThreadPoolExecutor.runWorker(ThreadPoolExecutor.java:1149) [?:1.8.0_212]
	at java.util.concurrent.ThreadPoolExecutor$Worker.run(ThreadPoolExecutor.java:624) [?:1.8.0_212]
	at java.lang.Thread.run(Thread.java:748) [?:1.8.0_212]
15:40:52.718 [grpc-default-executor-0] ERROR DNAudit - user=null | ip=null | op=WRITE_CHUNK {blockData=conID: 1 locID: 102451881370320907 bcsId: 11} | ret=FAILURE
org.apache.hadoop.hdds.scm.container.common.helpers.ContainerNotOpenException: Container 1 in CLOSED state
	at org.apache.hadoop.ozone.container.common.impl.HddsDispatcher.validateContainerCommand(HddsDispatcher.java:408) ~[hadoop-hdds-container-service-0.5.0-SNAPSHOT.jar:?]
	at org.apache.hadoop.ozone.container.common.transport.server.ratis.ContainerStateMachine.startTransaction(ContainerStateMachine.java:272) ~[hadoop-hdds-container-service-0.5.0-SNAPSHOT.jar:?]
	at org.apache.ratis.server.impl.RaftServerImpl.submitClientRequestAsync(RaftServerImpl.java:566) ~[ratis-server-0.4.0-2337318-SNAPSHOT.jar:0.4.0-2337318-SNAPSHOT]
	at org.apache.ratis.server.impl.RaftServerProxy.lambda$submitClientRequestAsync$7(RaftServerProxy.java:333) ~[ratis-server-0.4.0-2337318-SNAPSHOT.jar:0.4.0-2337318-SNAPSHOT]
	at org.apache.ratis.server.impl.RaftServerProxy.lambda$null$5(RaftServerProxy.java:328) ~[ratis-server-0.4.0-2337318-SNAPSHOT.jar:0.4.0-2337318-SNAPSHOT]
	at org.apache.ratis.util.JavaUtils.callAsUnchecked(JavaUtils.java:109) ~[ratis-common-0.4.0-2337318-SNAPSHOT.jar:0.4.0-2337318-SNAPSHOT]
	at org.apache.ratis.server.impl.RaftServerProxy.lambda$submitRequest$6(RaftServerProxy.java:328) ~[ratis-server-0.4.0-2337318-SNAPSHOT.jar:0.4.0-2337318-SNAPSHOT]
	at java.util.concurrent.CompletableFuture.uniComposeStage(CompletableFuture.java:981) ~[?:1.8.0_212]
	at java.util.concurrent.CompletableFuture.thenCompose(CompletableFuture.java:2124) ~[?:1.8.0_212]
	at org.apache.ratis.server.impl.RaftServerProxy.submitRequest(RaftServerProxy.java:327) ~[ratis-server-0.4.0-2337318-SNAPSHOT.jar:0.4.0-2337318-SNAPSHOT]
	at org.apache.ratis.server.impl.RaftServerProxy.submitClientRequestAsync(RaftServerProxy.java:333) ~[ratis-server-0.4.0-2337318-SNAPSHOT.jar:0.4.0-2337318-SNAPSHOT]
	at org.apache.ratis.grpc.client.GrpcClientProtocolService$RequestStreamObserver.processClientRequest(GrpcClientProtocolService.java:220) ~[ratis-grpc-0.4.0-2337318-SNAPSHOT.jar:0.4.0-2337318-SNAPSHOT]
	at org.apache.ratis.grpc.client.GrpcClientProtocolService$OrderedRequestStreamObserver.processClientRequest(GrpcClientProtocolService.java:326) ~[ratis-grpc-0.4.0-2337318-SNAPSHOT.jar:0.4.0-2337318-SNAPSHOT]
	at org.apache.ratis.util.SlidingWindow$Server.processRequestsFromHead(SlidingWindow.java:429) [ratis-common-0.4.0-2337318-SNAPSHOT.jar:0.4.0-2337318-SNAPSHOT]
	at org.apache.ratis.util.SlidingWindow$Server.receivedRequest(SlidingWindow.java:421) [ratis-common-0.4.0-2337318-SNAPSHOT.jar:0.4.0-2337318-SNAPSHOT]
	at org.apache.ratis.grpc.client.GrpcClientProtocolService$OrderedRequestStreamObserver.processClientRequest(GrpcClientProtocolService.java:345) [ratis-grpc-0.4.0-2337318-SNAPSHOT.jar:0.4.0-2337318-SNAPSHOT]
	at org.apache.ratis.grpc.client.GrpcClientProtocolService$RequestStreamObserver.onNext(GrpcClientProtocolService.java:240) [ratis-grpc-0.4.0-2337318-SNAPSHOT.jar:0.4.0-2337318-SNAPSHOT]
	at org.apache.ratis.grpc.client.GrpcClientProtocolService$RequestStreamObserver.onNext(GrpcClientProtocolService.java:168) [ratis-grpc-0.4.0-2337318-SNAPSHOT.jar:0.4.0-2337318-SNAPSHOT]
	at org.apache.ratis.thirdparty.io.grpc.stub.ServerCalls$StreamingServerCallHandler$StreamingServerCallListener.onMessage(ServerCalls.java:248) [ratis-thirdparty-misc-0.2.0.jar:0.2.0]
	at org.apache.ratis.thirdparty.io.grpc.internal.ServerCallImpl$ServerStreamListenerImpl.messagesAvailable(ServerCallImpl.java:263) [ratis-thirdparty-misc-0.2.0.jar:0.2.0]
	at org.apache.ratis.thirdparty.io.grpc.internal.ServerImpl$JumpToApplicationThreadServerStreamListener$1MessagesAvailable.runInContext(ServerImpl.java:686) [ratis-thirdparty-misc-0.2.0.jar:0.2.0]
	at org.apache.ratis.thirdparty.io.grpc.internal.ContextRunnable.run(ContextRunnable.java:37) [ratis-thirdparty-misc-0.2.0.jar:0.2.0]
	at org.apache.ratis.thirdparty.io.grpc.internal.SerializingExecutor.run(SerializingExecutor.java:123) [ratis-thirdparty-misc-0.2.0.jar:0.2.0]
	at java.util.concurrent.ThreadPoolExecutor.runWorker(ThreadPoolExecutor.java:1149) [?:1.8.0_212]
	at java.util.concurrent.ThreadPoolExecutor$Worker.run(ThreadPoolExecutor.java:624) [?:1.8.0_212]
	at java.lang.Thread.run(Thread.java:748) [?:1.8.0_212]
2019-07-16 15:40:52,724 INFO  client.GrpcClientProtocolClient (GrpcClientProtocolClient.java:onNext(255)) - client-D597427CF0BC->7dff2f0e-a604-4fea-a429-db6e8d850676: receive RaftClientReply:client-D597427CF0BC->7dff2f0e-a604-4fea-a429-db6e8d850676@group-4A5A158E4C8D, cid=149, FAILED org.apache.ratis.protocol.StateMachineException: org.apache.hadoop.hdds.scm.container.common.helpers.ContainerNotOpenException from Server 7dff2f0e-a604-4fea-a429-db6e8d850676: Container 1 in CLOSED state, logIndex=0, commits[7dff2f0e-a604-4fea-a429-db6e8d850676:c15]
15:40:52.726 [grpc-default-executor-0] ERROR DNAudit - user=null | ip=null | op=PUT_BLOCK {blockData=[blockId=conID: 1 locID: 102451881370320907 bcsId: 0,size=650]} | ret=FAILURE
org.apache.hadoop.hdds.scm.container.common.helpers.ContainerNotOpenException: Container 1 in CLOSED state
	at org.apache.hadoop.ozone.container.common.impl.HddsDispatcher.validateContainerCommand(HddsDispatcher.java:408) ~[hadoop-hdds-container-service-0.5.0-SNAPSHOT.jar:?]
	at org.apache.hadoop.ozone.container.common.transport.server.ratis.ContainerStateMachine.startTransaction(ContainerStateMachine.java:272) ~[hadoop-hdds-container-service-0.5.0-SNAPSHOT.jar:?]
	at org.apache.ratis.server.impl.RaftServerImpl.submitClientRequestAsync(RaftServerImpl.java:566) ~[ratis-server-0.4.0-2337318-SNAPSHOT.jar:0.4.0-2337318-SNAPSHOT]
	at org.apache.ratis.server.impl.RaftServerProxy.lambda$submitClientRequestAsync$7(RaftServerProxy.java:333) ~[ratis-server-0.4.0-2337318-SNAPSHOT.jar:0.4.0-2337318-SNAPSHOT]
	at org.apache.ratis.server.impl.RaftServerProxy.lambda$null$5(RaftServerProxy.java:328) ~[ratis-server-0.4.0-2337318-SNAPSHOT.jar:0.4.0-2337318-SNAPSHOT]
	at org.apache.ratis.util.JavaUtils.callAsUnchecked(JavaUtils.java:109) ~[ratis-common-0.4.0-2337318-SNAPSHOT.jar:0.4.0-2337318-SNAPSHOT]
	at org.apache.ratis.server.impl.RaftServerProxy.lambda$submitRequest$6(RaftServerProxy.java:328) ~[ratis-server-0.4.0-2337318-SNAPSHOT.jar:0.4.0-2337318-SNAPSHOT]
	at java.util.concurrent.CompletableFuture.uniComposeStage(CompletableFuture.java:981) ~[?:1.8.0_212]
	at java.util.concurrent.CompletableFuture.thenCompose(CompletableFuture.java:2124) ~[?:1.8.0_212]
	at org.apache.ratis.server.impl.RaftServerProxy.submitRequest(RaftServerProxy.java:327) ~[ratis-server-0.4.0-2337318-SNAPSHOT.jar:0.4.0-2337318-SNAPSHOT]
	at org.apache.ratis.server.impl.RaftServerProxy.submitClientRequestAsync(RaftServerProxy.java:333) ~[ratis-server-0.4.0-2337318-SNAPSHOT.jar:0.4.0-2337318-SNAPSHOT]
	at org.apache.ratis.grpc.client.GrpcClientProtocolService$RequestStreamObserver.processClientRequest(GrpcClientProtocolService.java:220) ~[ratis-grpc-0.4.0-2337318-SNAPSHOT.jar:0.4.0-2337318-SNAPSHOT]
	at org.apache.ratis.grpc.client.GrpcClientProtocolService$OrderedRequestStreamObserver.processClientRequest(GrpcClientProtocolService.java:326) ~[ratis-grpc-0.4.0-2337318-SNAPSHOT.jar:0.4.0-2337318-SNAPSHOT]
	at org.apache.ratis.util.SlidingWindow$Server.processRequestsFromHead(SlidingWindow.java:429) [ratis-common-0.4.0-2337318-SNAPSHOT.jar:0.4.0-2337318-SNAPSHOT]
	at org.apache.ratis.util.SlidingWindow$Server.receivedRequest(SlidingWindow.java:421) [ratis-common-0.4.0-2337318-SNAPSHOT.jar:0.4.0-2337318-SNAPSHOT]
	at org.apache.ratis.grpc.client.GrpcClientProtocolService$OrderedRequestStreamObserver.processClientRequest(GrpcClientProtocolService.java:345) [ratis-grpc-0.4.0-2337318-SNAPSHOT.jar:0.4.0-2337318-SNAPSHOT]
	at org.apache.ratis.grpc.client.GrpcClientProtocolService$RequestStreamObserver.onNext(GrpcClientProtocolService.java:240) [ratis-grpc-0.4.0-2337318-SNAPSHOT.jar:0.4.0-2337318-SNAPSHOT]
	at org.apache.ratis.grpc.client.GrpcClientProtocolService$RequestStreamObserver.onNext(GrpcClientProtocolService.java:168) [ratis-grpc-0.4.0-2337318-SNAPSHOT.jar:0.4.0-2337318-SNAPSHOT]
	at org.apache.ratis.thirdparty.io.grpc.stub.ServerCalls$StreamingServerCallHandler$StreamingServerCallListener.onMessage(ServerCalls.java:248) [ratis-thirdparty-misc-0.2.0.jar:0.2.0]
	at org.apache.ratis.thirdparty.io.grpc.internal.ServerCallImpl$ServerStreamListenerImpl.messagesAvailable(ServerCallImpl.java:263) [ratis-thirdparty-misc-0.2.0.jar:0.2.0]
	at org.apache.ratis.thirdparty.io.grpc.internal.ServerImpl$JumpToApplicationThreadServerStreamListener$1MessagesAvailable.runInContext(ServerImpl.java:686) [ratis-thirdparty-misc-0.2.0.jar:0.2.0]
	at org.apache.ratis.thirdparty.io.grpc.internal.ContextRunnable.run(ContextRunnable.java:37) [ratis-thirdparty-misc-0.2.0.jar:0.2.0]
	at org.apache.ratis.thirdparty.io.grpc.internal.SerializingExecutor.run(SerializingExecutor.java:123) [ratis-thirdparty-misc-0.2.0.jar:0.2.0]
	at java.util.concurrent.ThreadPoolExecutor.runWorker(ThreadPoolExecutor.java:1149) [?:1.8.0_212]
	at java.util.concurrent.ThreadPoolExecutor$Worker.run(ThreadPoolExecutor.java:624) [?:1.8.0_212]
	at java.lang.Thread.run(Thread.java:748) [?:1.8.0_212]
2019-07-16 15:40:52,727 INFO  client.GrpcClientProtocolClient (GrpcClientProtocolClient.java:onNext(255)) - client-D597427CF0BC->7dff2f0e-a604-4fea-a429-db6e8d850676: receive RaftClientReply:client-D597427CF0BC->7dff2f0e-a604-4fea-a429-db6e8d850676@group-4A5A158E4C8D, cid=150, FAILED org.apache.ratis.protocol.StateMachineException: org.apache.hadoop.hdds.scm.container.common.helpers.ContainerNotOpenException from Server 7dff2f0e-a604-4fea-a429-db6e8d850676: Container 1 in CLOSED state, logIndex=0, commits[7dff2f0e-a604-4fea-a429-db6e8d850676:c15]
15:40:52.733 [grpc-default-executor-0] ERROR DNAudit - user=null | ip=null | op=WRITE_CHUNK {blockData=conID: 1 locID: 102451881370320907 bcsId: 11} | ret=FAILURE
org.apache.hadoop.hdds.scm.container.common.helpers.ContainerNotOpenException: Container 1 in CLOSED state
	at org.apache.hadoop.ozone.container.common.impl.HddsDispatcher.validateContainerCommand(HddsDispatcher.java:408) ~[hadoop-hdds-container-service-0.5.0-SNAPSHOT.jar:?]
	at org.apache.hadoop.ozone.container.common.transport.server.ratis.ContainerStateMachine.startTransaction(ContainerStateMachine.java:272) ~[hadoop-hdds-container-service-0.5.0-SNAPSHOT.jar:?]
	at org.apache.ratis.server.impl.RaftServerImpl.submitClientRequestAsync(RaftServerImpl.java:566) ~[ratis-server-0.4.0-2337318-SNAPSHOT.jar:0.4.0-2337318-SNAPSHOT]
	at org.apache.ratis.server.impl.RaftServerProxy.lambda$submitClientRequestAsync$7(RaftServerProxy.java:333) ~[ratis-server-0.4.0-2337318-SNAPSHOT.jar:0.4.0-2337318-SNAPSHOT]
	at org.apache.ratis.server.impl.RaftServerProxy.lambda$null$5(RaftServerProxy.java:328) ~[ratis-server-0.4.0-2337318-SNAPSHOT.jar:0.4.0-2337318-SNAPSHOT]
	at org.apache.ratis.util.JavaUtils.callAsUnchecked(JavaUtils.java:109) ~[ratis-common-0.4.0-2337318-SNAPSHOT.jar:0.4.0-2337318-SNAPSHOT]
	at org.apache.ratis.server.impl.RaftServerProxy.lambda$submitRequest$6(RaftServerProxy.java:328) ~[ratis-server-0.4.0-2337318-SNAPSHOT.jar:0.4.0-2337318-SNAPSHOT]
	at java.util.concurrent.CompletableFuture.uniComposeStage(CompletableFuture.java:981) ~[?:1.8.0_212]
	at java.util.concurrent.CompletableFuture.thenCompose(CompletableFuture.java:2124) ~[?:1.8.0_212]
	at org.apache.ratis.server.impl.RaftServerProxy.submitRequest(RaftServerProxy.java:327) ~[ratis-server-0.4.0-2337318-SNAPSHOT.jar:0.4.0-2337318-SNAPSHOT]
	at org.apache.ratis.server.impl.RaftServerProxy.submitClientRequestAsync(RaftServerProxy.java:333) ~[ratis-server-0.4.0-2337318-SNAPSHOT.jar:0.4.0-2337318-SNAPSHOT]
	at org.apache.ratis.grpc.client.GrpcClientProtocolService$RequestStreamObserver.processClientRequest(GrpcClientProtocolService.java:220) ~[ratis-grpc-0.4.0-2337318-SNAPSHOT.jar:0.4.0-2337318-SNAPSHOT]
	at org.apache.ratis.grpc.client.GrpcClientProtocolService$OrderedRequestStreamObserver.processClientRequest(GrpcClientProtocolService.java:326) ~[ratis-grpc-0.4.0-2337318-SNAPSHOT.jar:0.4.0-2337318-SNAPSHOT]
	at org.apache.ratis.util.SlidingWindow$Server.processRequestsFromHead(SlidingWindow.java:429) [ratis-common-0.4.0-2337318-SNAPSHOT.jar:0.4.0-2337318-SNAPSHOT]
	at org.apache.ratis.util.SlidingWindow$Server.receivedRequest(SlidingWindow.java:421) [ratis-common-0.4.0-2337318-SNAPSHOT.jar:0.4.0-2337318-SNAPSHOT]
	at org.apache.ratis.grpc.client.GrpcClientProtocolService$OrderedRequestStreamObserver.processClientRequest(GrpcClientProtocolService.java:345) [ratis-grpc-0.4.0-2337318-SNAPSHOT.jar:0.4.0-2337318-SNAPSHOT]
	at org.apache.ratis.grpc.client.GrpcClientProtocolService$RequestStreamObserver.onNext(GrpcClientProtocolService.java:240) [ratis-grpc-0.4.0-2337318-SNAPSHOT.jar:0.4.0-2337318-SNAPSHOT]
	at org.apache.ratis.grpc.client.GrpcClientProtocolService$RequestStreamObserver.onNext(GrpcClientProtocolService.java:168) [ratis-grpc-0.4.0-2337318-SNAPSHOT.jar:0.4.0-2337318-SNAPSHOT]
	at org.apache.ratis.thirdparty.io.grpc.stub.ServerCalls$StreamingServerCallHandler$StreamingServerCallListener.onMessage(ServerCalls.java:248) [ratis-thirdparty-misc-0.2.0.jar:0.2.0]
	at org.apache.ratis.thirdparty.io.grpc.internal.ServerCallImpl$ServerStreamListenerImpl.messagesAvailable(ServerCallImpl.java:263) [ratis-thirdparty-misc-0.2.0.jar:0.2.0]
	at org.apache.ratis.thirdparty.io.grpc.internal.ServerImpl$JumpToApplicationThreadServerStreamListener$1MessagesAvailable.runInContext(ServerImpl.java:686) [ratis-thirdparty-misc-0.2.0.jar:0.2.0]
	at org.apache.ratis.thirdparty.io.grpc.internal.ContextRunnable.run(ContextRunnable.java:37) [ratis-thirdparty-misc-0.2.0.jar:0.2.0]
	at org.apache.ratis.thirdparty.io.grpc.internal.SerializingExecutor.run(SerializingExecutor.java:123) [ratis-thirdparty-misc-0.2.0.jar:0.2.0]
	at java.util.concurrent.ThreadPoolExecutor.runWorker(ThreadPoolExecutor.java:1149) [?:1.8.0_212]
	at java.util.concurrent.ThreadPoolExecutor$Worker.run(ThreadPoolExecutor.java:624) [?:1.8.0_212]
	at java.lang.Thread.run(Thread.java:748) [?:1.8.0_212]
2019-07-16 15:40:52,739 INFO  client.GrpcClientProtocolClient (GrpcClientProtocolClient.java:onNext(255)) - client-D597427CF0BC->7dff2f0e-a604-4fea-a429-db6e8d850676: receive RaftClientReply:client-D597427CF0BC->7dff2f0e-a604-4fea-a429-db6e8d850676@group-4A5A158E4C8D, cid=151, FAILED org.apache.ratis.protocol.StateMachineException: org.apache.hadoop.hdds.scm.container.common.helpers.ContainerNotOpenException from Server 7dff2f0e-a604-4fea-a429-db6e8d850676: Container 1 in CLOSED state, logIndex=0, commits[7dff2f0e-a604-4fea-a429-db6e8d850676:c15]
15:40:52.740 [grpc-default-executor-0] ERROR DNAudit - user=null | ip=null | op=WRITE_CHUNK {blockData=conID: 1 locID: 102451881370320907 bcsId: 11} | ret=FAILURE
org.apache.hadoop.hdds.scm.container.common.helpers.ContainerNotOpenException: Container 1 in CLOSED state
	at org.apache.hadoop.ozone.container.common.impl.HddsDispatcher.validateContainerCommand(HddsDispatcher.java:408) ~[hadoop-hdds-container-service-0.5.0-SNAPSHOT.jar:?]
	at org.apache.hadoop.ozone.container.common.transport.server.ratis.ContainerStateMachine.startTransaction(ContainerStateMachine.java:272) ~[hadoop-hdds-container-service-0.5.0-SNAPSHOT.jar:?]
	at org.apache.ratis.server.impl.RaftServerImpl.submitClientRequestAsync(RaftServerImpl.java:566) ~[ratis-server-0.4.0-2337318-SNAPSHOT.jar:0.4.0-2337318-SNAPSHOT]
	at org.apache.ratis.server.impl.RaftServerProxy.lambda$submitClientRequestAsync$7(RaftServerProxy.java:333) ~[ratis-server-0.4.0-2337318-SNAPSHOT.jar:0.4.0-2337318-SNAPSHOT]
	at org.apache.ratis.server.impl.RaftServerProxy.lambda$null$5(RaftServerProxy.java:328) ~[ratis-server-0.4.0-2337318-SNAPSHOT.jar:0.4.0-2337318-SNAPSHOT]
	at org.apache.ratis.util.JavaUtils.callAsUnchecked(JavaUtils.java:109) ~[ratis-common-0.4.0-2337318-SNAPSHOT.jar:0.4.0-2337318-SNAPSHOT]
	at org.apache.ratis.server.impl.RaftServerProxy.lambda$submitRequest$6(RaftServerProxy.java:328) ~[ratis-server-0.4.0-2337318-SNAPSHOT.jar:0.4.0-2337318-SNAPSHOT]
	at java.util.concurrent.CompletableFuture.uniComposeStage(CompletableFuture.java:981) ~[?:1.8.0_212]
	at java.util.concurrent.CompletableFuture.thenCompose(CompletableFuture.java:2124) ~[?:1.8.0_212]
	at org.apache.ratis.server.impl.RaftServerProxy.submitRequest(RaftServerProxy.java:327) ~[ratis-server-0.4.0-2337318-SNAPSHOT.jar:0.4.0-2337318-SNAPSHOT]
	at org.apache.ratis.server.impl.RaftServerProxy.submitClientRequestAsync(RaftServerProxy.java:333) ~[ratis-server-0.4.0-2337318-SNAPSHOT.jar:0.4.0-2337318-SNAPSHOT]
	at org.apache.ratis.grpc.client.GrpcClientProtocolService$RequestStreamObserver.processClientRequest(GrpcClientProtocolService.java:220) ~[ratis-grpc-0.4.0-2337318-SNAPSHOT.jar:0.4.0-2337318-SNAPSHOT]
	at org.apache.ratis.grpc.client.GrpcClientProtocolService$OrderedRequestStreamObserver.processClientRequest(GrpcClientProtocolService.java:326) ~[ratis-grpc-0.4.0-2337318-SNAPSHOT.jar:0.4.0-2337318-SNAPSHOT]
	at org.apache.ratis.util.SlidingWindow$Server.processRequestsFromHead(SlidingWindow.java:429) [ratis-common-0.4.0-2337318-SNAPSHOT.jar:0.4.0-2337318-SNAPSHOT]
	at org.apache.ratis.util.SlidingWindow$Server.receivedRequest(SlidingWindow.java:421) [ratis-common-0.4.0-2337318-SNAPSHOT.jar:0.4.0-2337318-SNAPSHOT]
	at org.apache.ratis.grpc.client.GrpcClientProtocolService$OrderedRequestStreamObserver.processClientRequest(GrpcClientProtocolService.java:345) [ratis-grpc-0.4.0-2337318-SNAPSHOT.jar:0.4.0-2337318-SNAPSHOT]
	at org.apache.ratis.grpc.client.GrpcClientProtocolService$RequestStreamObserver.onNext(GrpcClientProtocolService.java:240) [ratis-grpc-0.4.0-2337318-SNAPSHOT.jar:0.4.0-2337318-SNAPSHOT]
	at org.apache.ratis.grpc.client.GrpcClientProtocolService$RequestStreamObserver.onNext(GrpcClientProtocolService.java:168) [ratis-grpc-0.4.0-2337318-SNAPSHOT.jar:0.4.0-2337318-SNAPSHOT]
	at org.apache.ratis.thirdparty.io.grpc.stub.ServerCalls$StreamingServerCallHandler$StreamingServerCallListener.onMessage(ServerCalls.java:248) [ratis-thirdparty-misc-0.2.0.jar:0.2.0]
	at org.apache.ratis.thirdparty.io.grpc.internal.ServerCallImpl$ServerStreamListenerImpl.messagesAvailable(ServerCallImpl.java:263) [ratis-thirdparty-misc-0.2.0.jar:0.2.0]
	at org.apache.ratis.thirdparty.io.grpc.internal.ServerImpl$JumpToApplicationThreadServerStreamListener$1MessagesAvailable.runInContext(ServerImpl.java:686) [ratis-thirdparty-misc-0.2.0.jar:0.2.0]
	at org.apache.ratis.thirdparty.io.grpc.internal.ContextRunnable.run(ContextRunnable.java:37) [ratis-thirdparty-misc-0.2.0.jar:0.2.0]
	at org.apache.ratis.thirdparty.io.grpc.internal.SerializingExecutor.run(SerializingExecutor.java:123) [ratis-thirdparty-misc-0.2.0.jar:0.2.0]
	at java.util.concurrent.ThreadPoolExecutor.runWorker(ThreadPoolExecutor.java:1149) [?:1.8.0_212]
	at java.util.concurrent.ThreadPoolExecutor$Worker.run(ThreadPoolExecutor.java:624) [?:1.8.0_212]
	at java.lang.Thread.run(Thread.java:748) [?:1.8.0_212]
2019-07-16 15:40:52,746 INFO  client.GrpcClientProtocolClient (GrpcClientProtocolClient.java:onNext(255)) - client-D597427CF0BC->7dff2f0e-a604-4fea-a429-db6e8d850676: receive RaftClientReply:client-D597427CF0BC->7dff2f0e-a604-4fea-a429-db6e8d850676@group-4A5A158E4C8D, cid=152, FAILED org.apache.ratis.protocol.StateMachineException: org.apache.hadoop.hdds.scm.container.common.helpers.ContainerNotOpenException from Server 7dff2f0e-a604-4fea-a429-db6e8d850676: Container 1 in CLOSED state, logIndex=0, commits[7dff2f0e-a604-4fea-a429-db6e8d850676:c15]
15:40:52.748 [grpc-default-executor-0] ERROR DNAudit - user=null | ip=null | op=PUT_BLOCK {blockData=[blockId=conID: 1 locID: 102451881370320907 bcsId: 0,size=800]} | ret=FAILURE
org.apache.hadoop.hdds.scm.container.common.helpers.ContainerNotOpenException: Container 1 in CLOSED state
	at org.apache.hadoop.ozone.container.common.impl.HddsDispatcher.validateContainerCommand(HddsDispatcher.java:408) ~[hadoop-hdds-container-service-0.5.0-SNAPSHOT.jar:?]
	at org.apache.hadoop.ozone.container.common.transport.server.ratis.ContainerStateMachine.startTransaction(ContainerStateMachine.java:272) ~[hadoop-hdds-container-service-0.5.0-SNAPSHOT.jar:?]
	at org.apache.ratis.server.impl.RaftServerImpl.submitClientRequestAsync(RaftServerImpl.java:566) ~[ratis-server-0.4.0-2337318-SNAPSHOT.jar:0.4.0-2337318-SNAPSHOT]
	at org.apache.ratis.server.impl.RaftServerProxy.lambda$submitClientRequestAsync$7(RaftServerProxy.java:333) ~[ratis-server-0.4.0-2337318-SNAPSHOT.jar:0.4.0-2337318-SNAPSHOT]
	at org.apache.ratis.server.impl.RaftServerProxy.lambda$null$5(RaftServerProxy.java:328) ~[ratis-server-0.4.0-2337318-SNAPSHOT.jar:0.4.0-2337318-SNAPSHOT]
	at org.apache.ratis.util.JavaUtils.callAsUnchecked(JavaUtils.java:109) ~[ratis-common-0.4.0-2337318-SNAPSHOT.jar:0.4.0-2337318-SNAPSHOT]
	at org.apache.ratis.server.impl.RaftServerProxy.lambda$submitRequest$6(RaftServerProxy.java:328) ~[ratis-server-0.4.0-2337318-SNAPSHOT.jar:0.4.0-2337318-SNAPSHOT]
	at java.util.concurrent.CompletableFuture.uniComposeStage(CompletableFuture.java:981) ~[?:1.8.0_212]
	at java.util.concurrent.CompletableFuture.thenCompose(CompletableFuture.java:2124) ~[?:1.8.0_212]
	at org.apache.ratis.server.impl.RaftServerProxy.submitRequest(RaftServerProxy.java:327) ~[ratis-server-0.4.0-2337318-SNAPSHOT.jar:0.4.0-2337318-SNAPSHOT]
	at org.apache.ratis.server.impl.RaftServerProxy.submitClientRequestAsync(RaftServerProxy.java:333) ~[ratis-server-0.4.0-2337318-SNAPSHOT.jar:0.4.0-2337318-SNAPSHOT]
	at org.apache.ratis.grpc.client.GrpcClientProtocolService$RequestStreamObserver.processClientRequest(GrpcClientProtocolService.java:220) ~[ratis-grpc-0.4.0-2337318-SNAPSHOT.jar:0.4.0-2337318-SNAPSHOT]
	at org.apache.ratis.grpc.client.GrpcClientProtocolService$OrderedRequestStreamObserver.processClientRequest(GrpcClientProtocolService.java:326) ~[ratis-grpc-0.4.0-2337318-SNAPSHOT.jar:0.4.0-2337318-SNAPSHOT]
	at org.apache.ratis.util.SlidingWindow$Server.processRequestsFromHead(SlidingWindow.java:429) [ratis-common-0.4.0-2337318-SNAPSHOT.jar:0.4.0-2337318-SNAPSHOT]
	at org.apache.ratis.util.SlidingWindow$Server.receivedRequest(SlidingWindow.java:421) [ratis-common-0.4.0-2337318-SNAPSHOT.jar:0.4.0-2337318-SNAPSHOT]
	at org.apache.ratis.grpc.client.GrpcClientProtocolService$OrderedRequestStreamObserver.processClientRequest(GrpcClientProtocolService.java:345) [ratis-grpc-0.4.0-2337318-SNAPSHOT.jar:0.4.0-2337318-SNAPSHOT]
	at org.apache.ratis.grpc.client.GrpcClientProtocolService$RequestStreamObserver.onNext(GrpcClientProtocolService.java:240) [ratis-grpc-0.4.0-2337318-SNAPSHOT.jar:0.4.0-2337318-SNAPSHOT]
	at org.apache.ratis.grpc.client.GrpcClientProtocolService$RequestStreamObserver.onNext(GrpcClientProtocolService.java:168) [ratis-grpc-0.4.0-2337318-SNAPSHOT.jar:0.4.0-2337318-SNAPSHOT]
	at org.apache.ratis.thirdparty.io.grpc.stub.ServerCalls$StreamingServerCallHandler$StreamingServerCallListener.onMessage(ServerCalls.java:248) [ratis-thirdparty-misc-0.2.0.jar:0.2.0]
	at org.apache.ratis.thirdparty.io.grpc.internal.ServerCallImpl$ServerStreamListenerImpl.messagesAvailable(ServerCallImpl.java:263) [ratis-thirdparty-misc-0.2.0.jar:0.2.0]
	at org.apache.ratis.thirdparty.io.grpc.internal.ServerImpl$JumpToApplicationThreadServerStreamListener$1MessagesAvailable.runInContext(ServerImpl.java:686) [ratis-thirdparty-misc-0.2.0.jar:0.2.0]
	at org.apache.ratis.thirdparty.io.grpc.internal.ContextRunnable.run(ContextRunnable.java:37) [ratis-thirdparty-misc-0.2.0.jar:0.2.0]
	at org.apache.ratis.thirdparty.io.grpc.internal.SerializingExecutor.run(SerializingExecutor.java:123) [ratis-thirdparty-misc-0.2.0.jar:0.2.0]
	at java.util.concurrent.ThreadPoolExecutor.runWorker(ThreadPoolExecutor.java:1149) [?:1.8.0_212]
	at java.util.concurrent.ThreadPoolExecutor$Worker.run(ThreadPoolExecutor.java:624) [?:1.8.0_212]
	at java.lang.Thread.run(Thread.java:748) [?:1.8.0_212]
2019-07-16 15:40:52,753 INFO  client.GrpcClientProtocolClient (GrpcClientProtocolClient.java:onNext(255)) - client-D597427CF0BC->7dff2f0e-a604-4fea-a429-db6e8d850676: receive RaftClientReply:client-D597427CF0BC->7dff2f0e-a604-4fea-a429-db6e8d850676@group-4A5A158E4C8D, cid=153, FAILED org.apache.ratis.protocol.StateMachineException: org.apache.hadoop.hdds.scm.container.common.helpers.ContainerNotOpenException from Server 7dff2f0e-a604-4fea-a429-db6e8d850676: Container 1 in CLOSED state, logIndex=0, commits[7dff2f0e-a604-4fea-a429-db6e8d850676:c15]
2019-07-16 15:40:52,756 INFO  client.GrpcClientProtocolClient (GrpcClientProtocolClient.java:onNext(255)) - client-D597427CF0BC->7dff2f0e-a604-4fea-a429-db6e8d850676: receive RaftClientReply:client-D597427CF0BC->7dff2f0e-a604-4fea-a429-db6e8d850676@group-4A5A158E4C8D, cid=154, FAILED org.apache.ratis.protocol.StateMachineException: org.apache.hadoop.hdds.scm.container.common.helpers.ContainerNotOpenException from Server 7dff2f0e-a604-4fea-a429-db6e8d850676: Container 1 in CLOSED state, logIndex=0, commits[7dff2f0e-a604-4fea-a429-db6e8d850676:c15]
2019-07-16 15:40:52,907 INFO  client.GrpcClientProtocolClient (GrpcClientProtocolClient.java:onNext(255)) - client-EBC698C03321->99aac624-90ba-45b0-8630-5cc530133441: receive RaftClientReply:client-EBC698C03321->99aac624-90ba-45b0-8630-5cc530133441@group-0D10D085F4E0, cid=155, SUCCESS, logIndex=1, commits[99aac624-90ba-45b0-8630-5cc530133441:c1]
2019-07-16 15:40:52,928 INFO  client.GrpcClientProtocolClient (GrpcClientProtocolClient.java:onNext(255)) - client-EBC698C03321->99aac624-90ba-45b0-8630-5cc530133441: receive RaftClientReply:client-EBC698C03321->99aac624-90ba-45b0-8630-5cc530133441@group-0D10D085F4E0, cid=156, SUCCESS, logIndex=3, commits[99aac624-90ba-45b0-8630-5cc530133441:c3]
2019-07-16 15:40:52,981 INFO  client.GrpcClientProtocolClient (GrpcClientProtocolClient.java:onNext(255)) - client-EBC698C03321->99aac624-90ba-45b0-8630-5cc530133441: receive RaftClientReply:client-EBC698C03321->99aac624-90ba-45b0-8630-5cc530133441@group-0D10D085F4E0, cid=157, SUCCESS, logIndex=4, commits[99aac624-90ba-45b0-8630-5cc530133441:c9]
2019-07-16 15:40:52,981 INFO  client.GrpcClientProtocolClient (GrpcClientProtocolClient.java:onNext(255)) - client-EBC698C03321->99aac624-90ba-45b0-8630-5cc530133441: receive RaftClientReply:client-EBC698C03321->99aac624-90ba-45b0-8630-5cc530133441@group-0D10D085F4E0, cid=158, SUCCESS, logIndex=5, commits[99aac624-90ba-45b0-8630-5cc530133441:c9]
2019-07-16 15:40:52,982 INFO  client.GrpcClientProtocolClient (GrpcClientProtocolClient.java:onNext(255)) - client-EBC698C03321->99aac624-90ba-45b0-8630-5cc530133441: receive RaftClientReply:client-EBC698C03321->99aac624-90ba-45b0-8630-5cc530133441@group-0D10D085F4E0, cid=159, SUCCESS, logIndex=6, commits[99aac624-90ba-45b0-8630-5cc530133441:c9]
2019-07-16 15:40:52,983 INFO  client.GrpcClientProtocolClient (GrpcClientProtocolClient.java:onNext(255)) - client-EBC698C03321->99aac624-90ba-45b0-8630-5cc530133441: receive RaftClientReply:client-EBC698C03321->99aac624-90ba-45b0-8630-5cc530133441@group-0D10D085F4E0, cid=160, SUCCESS, logIndex=7, commits[99aac624-90ba-45b0-8630-5cc530133441:c9]
2019-07-16 15:40:52,998 INFO  client.GrpcClientProtocolClient (GrpcClientProtocolClient.java:onNext(255)) - client-EBC698C03321->99aac624-90ba-45b0-8630-5cc530133441: receive RaftClientReply:client-EBC698C03321->99aac624-90ba-45b0-8630-5cc530133441@group-0D10D085F4E0, cid=161, SUCCESS, logIndex=10, commits[99aac624-90ba-45b0-8630-5cc530133441:c11]
2019-07-16 15:40:52,999 INFO  client.GrpcClientProtocolClient (GrpcClientProtocolClient.java:onNext(255)) - client-EBC698C03321->99aac624-90ba-45b0-8630-5cc530133441: receive RaftClientReply:client-EBC698C03321->99aac624-90ba-45b0-8630-5cc530133441@group-0D10D085F4E0, cid=162, SUCCESS, logIndex=11, commits[99aac624-90ba-45b0-8630-5cc530133441:c11]
2019-07-16 15:40:53,031 INFO  pipeline.Pipeline (Pipeline.java:getProtobufMessage(195)) - Serialize pipeline PipelineID=1b2dd6f9-e7d0-4939-9ef8-0d10d085f4e0 with nodesInOrder{ }
2019-07-16 15:40:53,032 INFO  ozone.MiniOzoneClusterImpl (MiniOzoneClusterImpl.java:shutdown(321)) - Shutting down the Mini Ozone Cluster
2019-07-16 15:40:53,033 INFO  ozone.MiniOzoneClusterImpl (MiniOzoneClusterImpl.java:stop(336)) - Stopping the Mini Ozone Cluster
2019-07-16 15:40:53,033 INFO  ozone.MiniOzoneClusterImpl (MiniOzoneClusterImpl.java:stop(338)) - Stopping the OzoneManager
2019-07-16 15:40:53,033 INFO  ipc.Server (Server.java:stop(3082)) - Stopping server on 33558
2019-07-16 15:40:53,055 INFO  ipc.Server (Server.java:run(1185)) - Stopping IPC Server listener on 33558
2019-07-16 15:40:53,063 INFO  utils.BackgroundService (BackgroundService.java:shutdown(148)) - Shutting down service KeyDeletingService
2019-07-16 15:40:53,070 INFO  ipc.Server (Server.java:run(1319)) - Stopping IPC Server Responder
2019-07-16 15:40:53,087 INFO  handler.ContextHandler (ContextHandler.java:doStop(910)) - Stopped o.e.j.w.WebAppContext@71ce19ee{/,null,UNAVAILABLE}{/ozoneManager}
2019-07-16 15:40:53,088 INFO  server.AbstractConnector (AbstractConnector.java:doStop(318)) - Stopped ServerConnector@48ba37dc{HTTP/1.1,[http/1.1]}{0.0.0.0:0}
2019-07-16 15:40:53,088 INFO  handler.ContextHandler (ContextHandler.java:doStop(910)) - Stopped o.e.j.s.ServletContextHandler@92de794{/static,file:///workdir/hadoop-ozone/integration-test/target/test-classes/webapps/static,UNAVAILABLE}
2019-07-16 15:40:53,089 INFO  handler.ContextHandler (ContextHandler.java:doStop(910)) - Stopped o.e.j.s.ServletContextHandler@7e764e5c{/logs,file:///workdir/hadoop-ozone/integration-test/target/log,UNAVAILABLE}
2019-07-16 15:40:53,104 INFO  ozone.MiniOzoneClusterImpl (MiniOzoneClusterImpl.java:stop(344)) - Shutting the HddsDatanodes
2019-07-16 15:40:53,104 INFO  datanode.ObjectStoreHandler (ObjectStoreHandler.java:close(155)) - Closing ObjectStoreHandler.
2019-07-16 15:40:53,104 INFO  datanode.ObjectStoreHandler (ObjectStoreHandler.java:close(155)) - Closing ObjectStoreHandler.
2019-07-16 15:40:53,105 INFO  ozone.HddsDatanodeService (HddsDatanodeService.java:stop(452)) - Stopped plug-in org.apache.hadoop.ozone.web.OzoneHddsDatanodeService@723081a2
2019-07-16 15:40:53,105 INFO  ozone.HddsDatanodeService (HddsDatanodeService.java:stop(452)) - Stopped plug-in org.apache.hadoop.ozone.web.OzoneHddsDatanodeService@32eb38e5
2019-07-16 15:40:53,882 INFO  statemachine.DatanodeStateMachine (DatanodeStateMachine.java:lambda$startDaemon$0(350)) - Ozone container server started.
2019-07-16 15:40:53,886 INFO  statemachine.DatanodeStateMachine (DatanodeStateMachine.java:lambda$startDaemon$0(350)) - Ozone container server started.
2019-07-16 15:40:57,905 INFO  node.StaleNodeHandler (StaleNodeHandler.java:onMessage(58)) - Datanode 99aac624-90ba-45b0-8630-5cc530133441{ip: 192.168.69.88, host: trunk-nightly-kgw5x-1882989438, networkLocation: /default-rack, certSerialId: null} moved to stale state. Finalizing its pipelines [PipelineID=1b2dd6f9-e7d0-4939-9ef8-0d10d085f4e0, PipelineID=7829c7c6-d2b7-46bc-96e5-8838f5ccad23]
2019-07-16 15:40:57,906 INFO  pipeline.SCMPipelineManager (SCMPipelineManager.java:finalizeAndDestroyPipeline(309)) - destroying pipeline:Pipeline[ Id: 1b2dd6f9-e7d0-4939-9ef8-0d10d085f4e0, Nodes: 99aac624-90ba-45b0-8630-5cc530133441{ip: 192.168.69.88, host: trunk-nightly-kgw5x-1882989438, networkLocation: /default-rack, certSerialId: null}, Type:RATIS, Factor:ONE, State:OPEN]
2019-07-16 15:40:57,906 INFO  pipeline.PipelineStateManager (PipelineStateManager.java:finalizePipeline(123)) - Pipeline Pipeline[ Id: 1b2dd6f9-e7d0-4939-9ef8-0d10d085f4e0, Nodes: 99aac624-90ba-45b0-8630-5cc530133441{ip: 192.168.69.88, host: trunk-nightly-kgw5x-1882989438, networkLocation: /default-rack, certSerialId: null}, Type:RATIS, Factor:ONE, State:CLOSED] moved to CLOSED state
2019-07-16 15:40:57,906 INFO  container.CloseContainerEventHandler (CloseContainerEventHandler.java:onMessage(61)) - Close container Event triggered for container : #2
2019-07-16 15:40:57,906 INFO  pipeline.SCMPipelineManager (SCMPipelineManager.java:finalizeAndDestroyPipeline(309)) - destroying pipeline:Pipeline[ Id: 7829c7c6-d2b7-46bc-96e5-8838f5ccad23, Nodes: 99aac624-90ba-45b0-8630-5cc530133441{ip: 192.168.69.88, host: trunk-nightly-kgw5x-1882989438, networkLocation: /default-rack, certSerialId: null}7dff2f0e-a604-4fea-a429-db6e8d850676{ip: 192.168.69.88, host: trunk-nightly-kgw5x-1882989438, networkLocation: /default-rack, certSerialId: null}c06e5ee5-4e1f-439c-a23c-76ab36500eb0{ip: 192.168.69.88, host: trunk-nightly-kgw5x-1882989438, networkLocation: /default-rack, certSerialId: null}, Type:RATIS, Factor:THREE, State:OPEN]
2019-07-16 15:40:57,907 INFO  pipeline.PipelineStateManager (PipelineStateManager.java:finalizePipeline(123)) - Pipeline Pipeline[ Id: 7829c7c6-d2b7-46bc-96e5-8838f5ccad23, Nodes: 99aac624-90ba-45b0-8630-5cc530133441{ip: 192.168.69.88, host: trunk-nightly-kgw5x-1882989438, networkLocation: /default-rack, certSerialId: null}7dff2f0e-a604-4fea-a429-db6e8d850676{ip: 192.168.69.88, host: trunk-nightly-kgw5x-1882989438, networkLocation: /default-rack, certSerialId: null}c06e5ee5-4e1f-439c-a23c-76ab36500eb0{ip: 192.168.69.88, host: trunk-nightly-kgw5x-1882989438, networkLocation: /default-rack, certSerialId: null}, Type:RATIS, Factor:THREE, State:CLOSED] moved to CLOSED state
2019-07-16 15:40:57,907 INFO  node.StaleNodeHandler (StaleNodeHandler.java:onMessage(58)) - Datanode a6d13e46-f00f-4c8a-a728-0b006a12ecd7{ip: 192.168.69.88, host: trunk-nightly-kgw5x-1882989438, networkLocation: /default-rack, certSerialId: null} moved to stale state. Finalizing its pipelines [PipelineID=747c91ed-9c76-4729-94fa-ffc12ede79ba, PipelineID=3c38abe6-4699-4b33-81f4-61280e4f8aa4]
2019-07-16 15:40:57,907 INFO  pipeline.SCMPipelineManager (SCMPipelineManager.java:finalizeAndDestroyPipeline(309)) - destroying pipeline:Pipeline[ Id: 747c91ed-9c76-4729-94fa-ffc12ede79ba, Nodes: 9a22207e-ca6a-47bd-b084-7f19b158376f{ip: 192.168.69.88, host: trunk-nightly-kgw5x-1882989438, networkLocation: /default-rack, certSerialId: null}b5c8bad0-1112-4930-b2f1-9816bb67ecb4{ip: 192.168.69.88, host: trunk-nightly-kgw5x-1882989438, networkLocation: /default-rack, certSerialId: null}a6d13e46-f00f-4c8a-a728-0b006a12ecd7{ip: 192.168.69.88, host: trunk-nightly-kgw5x-1882989438, networkLocation: /default-rack, certSerialId: null}, Type:RATIS, Factor:THREE, State:OPEN]
2019-07-16 15:40:57,907 INFO  pipeline.PipelineStateManager (PipelineStateManager.java:finalizePipeline(123)) - Pipeline Pipeline[ Id: 747c91ed-9c76-4729-94fa-ffc12ede79ba, Nodes: 9a22207e-ca6a-47bd-b084-7f19b158376f{ip: 192.168.69.88, host: trunk-nightly-kgw5x-1882989438, networkLocation: /default-rack, certSerialId: null}b5c8bad0-1112-4930-b2f1-9816bb67ecb4{ip: 192.168.69.88, host: trunk-nightly-kgw5x-1882989438, networkLocation: /default-rack, certSerialId: null}a6d13e46-f00f-4c8a-a728-0b006a12ecd7{ip: 192.168.69.88, host: trunk-nightly-kgw5x-1882989438, networkLocation: /default-rack, certSerialId: null}, Type:RATIS, Factor:THREE, State:CLOSED] moved to CLOSED state
2019-07-16 15:40:57,907 INFO  pipeline.SCMPipelineManager (SCMPipelineManager.java:finalizeAndDestroyPipeline(309)) - destroying pipeline:Pipeline[ Id: 3c38abe6-4699-4b33-81f4-61280e4f8aa4, Nodes: a6d13e46-f00f-4c8a-a728-0b006a12ecd7{ip: 192.168.69.88, host: trunk-nightly-kgw5x-1882989438, networkLocation: /default-rack, certSerialId: null}, Type:RATIS, Factor:ONE, State:OPEN]
2019-07-16 15:40:57,908 INFO  pipeline.PipelineStateManager (PipelineStateManager.java:finalizePipeline(123)) - Pipeline Pipeline[ Id: 3c38abe6-4699-4b33-81f4-61280e4f8aa4, Nodes: a6d13e46-f00f-4c8a-a728-0b006a12ecd7{ip: 192.168.69.88, host: trunk-nightly-kgw5x-1882989438, networkLocation: /default-rack, certSerialId: null}, Type:RATIS, Factor:ONE, State:CLOSED] moved to CLOSED state
2019-07-16 15:40:58,106 INFO  ozoneimpl.OzoneContainer (OzoneContainer.java:stop(199)) - Attempting to stop container services.
2019-07-16 15:40:58,106 INFO  ozoneimpl.OzoneContainer (OzoneContainer.java:stop(199)) - Attempting to stop container services.
2019-07-16 15:40:58,106 INFO  impl.RaftServerProxy (RaftServerProxy.java:lambda$close$4(314)) - 99aac624-90ba-45b0-8630-5cc530133441: close
2019-07-16 15:40:58,106 INFO  impl.RaftServerProxy (RaftServerProxy.java:lambda$close$4(314)) - a6d13e46-f00f-4c8a-a728-0b006a12ecd7: close
2019-07-16 15:40:58,106 INFO  impl.RaftServerImpl (RaftServerImpl.java:lambda$shutdown$3(245)) - 99aac624-90ba-45b0-8630-5cc530133441: shutdown group-0D10D085F4E0
2019-07-16 15:40:58,107 INFO  impl.RaftServerImpl (RaftServerImpl.java:lambda$shutdown$3(245)) - a6d13e46-f00f-4c8a-a728-0b006a12ecd7: shutdown group-FFC12EDE79BA
2019-07-16 15:40:58,107 INFO  util.JmxRegister (JmxRegister.java:unregister(73)) - Successfully un-registered JMX Bean with object name Ratis:service=RaftServer,group=group-0D10D085F4E0,id=99aac624-90ba-45b0-8630-5cc530133441
2019-07-16 15:40:58,107 INFO  util.JmxRegister (JmxRegister.java:unregister(73)) - Successfully un-registered JMX Bean with object name Ratis:service=RaftServer,group=group-FFC12EDE79BA,id=a6d13e46-f00f-4c8a-a728-0b006a12ecd7
2019-07-16 15:40:58,107 INFO  impl.RoleInfo (RoleInfo.java:shutdownLeaderState(104)) - 99aac624-90ba-45b0-8630-5cc530133441: shutdown LeaderState
2019-07-16 15:40:58,108 INFO  impl.RoleInfo (RoleInfo.java:shutdownFollowerState(121)) - a6d13e46-f00f-4c8a-a728-0b006a12ecd7: shutdown FollowerState
2019-07-16 15:40:58,108 INFO  impl.PendingRequests (PendingRequests.java:sendNotLeaderResponses(202)) - 99aac624-90ba-45b0-8630-5cc530133441-PendingRequests: sendNotLeaderResponses
2019-07-16 15:40:58,108 INFO  impl.FollowerState (FollowerState.java:run(114)) - a6d13e46-f00f-4c8a-a728-0b006a12ecd7: FollowerState was interrupted: java.lang.InterruptedException: sleep interrupted
2019-07-16 15:40:58,108 INFO  impl.StateMachineUpdater (StateMachineUpdater.java:stopAndJoin(115)) - StateMachineUpdater:a6d13e46-f00f-4c8a-a728-0b006a12ecd7:group-FFC12EDE79BA: set stopIndex = 0
2019-07-16 15:40:58,120 INFO  impl.StateMachineUpdater (StateMachineUpdater.java:stopAndJoin(115)) - StateMachineUpdater:99aac624-90ba-45b0-8630-5cc530133441:group-0D10D085F4E0: set stopIndex = 12
2019-07-16 15:40:58,120 INFO  ratis.ContainerStateMachine (ContainerStateMachine.java:takeSnapshot(249)) - group-0D10D085F4E0: Taking a snapshot at:(t:1, i:11) file /workdir/hadoop-ozone/integration-test/target/test-dir/MiniOzoneClusterImpl-386b5208-f273-4a43-a586-80facaa1f908/datanode-4/data/ratis/1b2dd6f9-e7d0-4939-9ef8-0d10d085f4e0/sm/snapshot.1_11
2019-07-16 15:40:58,120 INFO  impl.RaftServerImpl (ServerState.java:close(394)) - a6d13e46-f00f-4c8a-a728-0b006a12ecd7:group-FFC12EDE79BA closes. The last applied log index is 0
2019-07-16 15:40:58,121 INFO  ratis.ContainerStateMachine (ContainerStateMachine.java:takeSnapshot(257)) - group-0D10D085F4E0: Finished taking a snapshot at:(t:1, i:11) file:/workdir/hadoop-ozone/integration-test/target/test-dir/MiniOzoneClusterImpl-386b5208-f273-4a43-a586-80facaa1f908/datanode-4/data/ratis/1b2dd6f9-e7d0-4939-9ef8-0d10d085f4e0/sm/snapshot.1_11 time:1
2019-07-16 15:40:58,121 INFO  impl.StateMachineUpdater (StateMachineUpdater.java:takeSnapshot(242)) - StateMachineUpdater:99aac624-90ba-45b0-8630-5cc530133441:group-0D10D085F4E0: Took a snapshot at index 11
2019-07-16 15:40:58,121 INFO  impl.StateMachineUpdater (StateMachineUpdater.java:lambda$new$0(80)) - StateMachineUpdater:99aac624-90ba-45b0-8630-5cc530133441:group-0D10D085F4E0: snapshotIndex: updateIncreasingly -1 -> 11
2019-07-16 15:40:58,121 INFO  segmented.SegmentedRaftLogWorker (SegmentedRaftLogWorker.java:run(313)) - a6d13e46-f00f-4c8a-a728-0b006a12ecd7-SegmentedRaftLogWorker:Storage Directory /workdir/hadoop-ozone/integration-test/target/test-dir/MiniOzoneClusterImpl-386b5208-f273-4a43-a586-80facaa1f908/datanode-1/data/ratis/747c91ed-9c76-4729-94fa-ffc12ede79ba was interrupted, exiting. There are 0 tasks remaining in the queue.
2019-07-16 15:40:58,123 INFO  impl.RaftServerImpl (ServerState.java:close(394)) - 99aac624-90ba-45b0-8630-5cc530133441:group-0D10D085F4E0 closes. The last applied log index is 12
2019-07-16 15:40:58,124 INFO  segmented.SegmentedRaftLogWorker (SegmentedRaftLogWorker.java:close(228)) - a6d13e46-f00f-4c8a-a728-0b006a12ecd7-SegmentedRaftLogWorker:Storage Directory /workdir/hadoop-ozone/integration-test/target/test-dir/MiniOzoneClusterImpl-386b5208-f273-4a43-a586-80facaa1f908/datanode-1/data/ratis/747c91ed-9c76-4729-94fa-ffc12ede79ba close()
2019-07-16 15:40:58,124 INFO  segmented.SegmentedRaftLogWorker (SegmentedRaftLogWorker.java:run(313)) - 99aac624-90ba-45b0-8630-5cc530133441-SegmentedRaftLogWorker:Storage Directory /workdir/hadoop-ozone/integration-test/target/test-dir/MiniOzoneClusterImpl-386b5208-f273-4a43-a586-80facaa1f908/datanode-4/data/ratis/1b2dd6f9-e7d0-4939-9ef8-0d10d085f4e0 was interrupted, exiting. There are 0 tasks remaining in the queue.
2019-07-16 15:40:58,128 INFO  impl.RaftServerImpl (RaftServerImpl.java:lambda$shutdown$3(245)) - a6d13e46-f00f-4c8a-a728-0b006a12ecd7: shutdown group-61280E4F8AA4
2019-07-16 15:40:58,130 INFO  segmented.SegmentedRaftLogWorker (SegmentedRaftLogWorker.java:close(228)) - 99aac624-90ba-45b0-8630-5cc530133441-SegmentedRaftLogWorker:Storage Directory /workdir/hadoop-ozone/integration-test/target/test-dir/MiniOzoneClusterImpl-386b5208-f273-4a43-a586-80facaa1f908/datanode-4/data/ratis/1b2dd6f9-e7d0-4939-9ef8-0d10d085f4e0 close()
2019-07-16 15:40:58,130 INFO  util.JmxRegister (JmxRegister.java:unregister(73)) - Successfully un-registered JMX Bean with object name Ratis:service=RaftServer,group=group-61280E4F8AA4,id=a6d13e46-f00f-4c8a-a728-0b006a12ecd7
2019-07-16 15:40:58,134 INFO  impl.RaftServerImpl (RaftServerImpl.java:lambda$shutdown$3(245)) - 99aac624-90ba-45b0-8630-5cc530133441: shutdown group-8838F5CCAD23
2019-07-16 15:40:58,134 INFO  impl.RoleInfo (RoleInfo.java:shutdownLeaderState(104)) - a6d13e46-f00f-4c8a-a728-0b006a12ecd7: shutdown LeaderState
2019-07-16 15:40:58,134 INFO  util.JmxRegister (JmxRegister.java:unregister(73)) - Successfully un-registered JMX Bean with object name Ratis:service=RaftServer,group=group-8838F5CCAD23,id=99aac624-90ba-45b0-8630-5cc530133441
2019-07-16 15:40:58,135 INFO  impl.PendingRequests (PendingRequests.java:sendNotLeaderResponses(202)) - a6d13e46-f00f-4c8a-a728-0b006a12ecd7-PendingRequests: sendNotLeaderResponses
2019-07-16 15:40:58,135 INFO  impl.RoleInfo (RoleInfo.java:shutdownFollowerState(121)) - 99aac624-90ba-45b0-8630-5cc530133441: shutdown FollowerState
2019-07-16 15:40:58,135 INFO  impl.StateMachineUpdater (StateMachineUpdater.java:stopAndJoin(115)) - StateMachineUpdater:a6d13e46-f00f-4c8a-a728-0b006a12ecd7:group-61280E4F8AA4: set stopIndex = 0
2019-07-16 15:40:58,136 INFO  impl.FollowerState (FollowerState.java:run(114)) - 99aac624-90ba-45b0-8630-5cc530133441: FollowerState was interrupted: java.lang.InterruptedException: sleep interrupted
2019-07-16 15:40:58,136 INFO  impl.StateMachineUpdater (StateMachineUpdater.java:stopAndJoin(115)) - StateMachineUpdater:99aac624-90ba-45b0-8630-5cc530133441:group-8838F5CCAD23: set stopIndex = 0
2019-07-16 15:40:58,138 INFO  impl.RaftServerImpl (ServerState.java:close(394)) - 99aac624-90ba-45b0-8630-5cc530133441:group-8838F5CCAD23 closes. The last applied log index is 0
2019-07-16 15:40:58,136 INFO  impl.RaftServerImpl (ServerState.java:close(394)) - a6d13e46-f00f-4c8a-a728-0b006a12ecd7:group-61280E4F8AA4 closes. The last applied log index is 0
2019-07-16 15:40:58,138 INFO  segmented.SegmentedRaftLogWorker (SegmentedRaftLogWorker.java:run(313)) - 99aac624-90ba-45b0-8630-5cc530133441-SegmentedRaftLogWorker:Storage Directory /workdir/hadoop-ozone/integration-test/target/test-dir/MiniOzoneClusterImpl-386b5208-f273-4a43-a586-80facaa1f908/datanode-4/data/ratis/7829c7c6-d2b7-46bc-96e5-8838f5ccad23 was interrupted, exiting. There are 0 tasks remaining in the queue.
2019-07-16 15:40:58,139 INFO  segmented.SegmentedRaftLogWorker (SegmentedRaftLogWorker.java:run(313)) - a6d13e46-f00f-4c8a-a728-0b006a12ecd7-SegmentedRaftLogWorker:Storage Directory /workdir/hadoop-ozone/integration-test/target/test-dir/MiniOzoneClusterImpl-386b5208-f273-4a43-a586-80facaa1f908/datanode-1/data/ratis/3c38abe6-4699-4b33-81f4-61280e4f8aa4 was interrupted, exiting. There are 0 tasks remaining in the queue.
2019-07-16 15:40:58,141 INFO  segmented.SegmentedRaftLogWorker (SegmentedRaftLogWorker.java:close(228)) - 99aac624-90ba-45b0-8630-5cc530133441-SegmentedRaftLogWorker:Storage Directory /workdir/hadoop-ozone/integration-test/target/test-dir/MiniOzoneClusterImpl-386b5208-f273-4a43-a586-80facaa1f908/datanode-4/data/ratis/7829c7c6-d2b7-46bc-96e5-8838f5ccad23 close()
2019-07-16 15:40:58,143 INFO  segmented.SegmentedRaftLogWorker (SegmentedRaftLogWorker.java:close(228)) - a6d13e46-f00f-4c8a-a728-0b006a12ecd7-SegmentedRaftLogWorker:Storage Directory /workdir/hadoop-ozone/integration-test/target/test-dir/MiniOzoneClusterImpl-386b5208-f273-4a43-a586-80facaa1f908/datanode-1/data/ratis/3c38abe6-4699-4b33-81f4-61280e4f8aa4 close()
2019-07-16 15:40:58,148 INFO  server.GrpcService (GrpcService.java:closeImpl(155)) - 99aac624-90ba-45b0-8630-5cc530133441: shutdown server with port 36312 now
2019-07-16 15:40:58,152 INFO  server.GrpcService (GrpcService.java:closeImpl(155)) - a6d13e46-f00f-4c8a-a728-0b006a12ecd7: shutdown server with port 45853 now
2019-07-16 15:40:58,153 WARN  server.GrpcServerProtocolService (LogUtils.java:warn(134)) - 99aac624-90ba-45b0-8630-5cc530133441: appendEntries onError: org.apache.ratis.thirdparty.io.grpc.StatusRuntimeException: CANCELLED: cancelled before receiving half close
2019-07-16 15:40:58,153 INFO  server.GrpcService (GrpcService.java:closeImpl(163)) - 99aac624-90ba-45b0-8630-5cc530133441: shutdown server with port 36312 successfully
2019-07-16 15:40:58,153 INFO  server.GrpcService (GrpcService.java:closeImpl(163)) - a6d13e46-f00f-4c8a-a728-0b006a12ecd7: shutdown server with port 45853 successfully
2019-07-16 15:40:58,153 WARN  server.GrpcLogAppender (LogUtils.java:warn(134)) - 7dff2f0e-a604-4fea-a429-db6e8d850676->99aac624-90ba-45b0-8630-5cc530133441: Failed appendEntries: org.apache.ratis.thirdparty.io.grpc.StatusRuntimeException: CANCELLED: HTTP/2 error code: CANCEL
Received Rst Stream
2019-07-16 15:40:58,153 WARN  server.GrpcServerProtocolService (LogUtils.java:warn(134)) - a6d13e46-f00f-4c8a-a728-0b006a12ecd7: appendEntries onError: org.apache.ratis.thirdparty.io.grpc.StatusRuntimeException: CANCELLED: cancelled before receiving half close
2019-07-16 15:40:58,154 INFO  impl.FollowerInfo (FollowerInfo.java:lambda$new$0(50)) - 7dff2f0e-a604-4fea-a429-db6e8d850676->99aac624-90ba-45b0-8630-5cc530133441: nextIndex: updateUnconditionally 1 -> 0
2019-07-16 15:40:58,154 WARN  server.GrpcLogAppender (LogUtils.java:warn(134)) - b5c8bad0-1112-4930-b2f1-9816bb67ecb4->a6d13e46-f00f-4c8a-a728-0b006a12ecd7: Failed appendEntries: org.apache.ratis.thirdparty.io.grpc.StatusRuntimeException: CANCELLED: HTTP/2 error code: CANCEL
Received Rst Stream
2019-07-16 15:40:58,155 INFO  impl.FollowerInfo (FollowerInfo.java:lambda$new$0(50)) - b5c8bad0-1112-4930-b2f1-9816bb67ecb4->a6d13e46-f00f-4c8a-a728-0b006a12ecd7: nextIndex: updateUnconditionally 1 -> 0
2019-07-16 15:40:58,155 INFO  utils.BackgroundService (BackgroundService.java:shutdown(148)) - Shutting down service BlockDeletingService
2019-07-16 15:40:58,156 INFO  utils.BackgroundService (BackgroundService.java:shutdown(148)) - Shutting down service BlockDeletingService
2019-07-16 15:40:58,162 WARN  fs.CachingGetSpaceUsed (CachingGetSpaceUsed.java:run(183)) - Thread Interrupted waiting to refresh disk information: sleep interrupted
2019-07-16 15:40:58,163 WARN  fs.CachingGetSpaceUsed (CachingGetSpaceUsed.java:run(183)) - Thread Interrupted waiting to refresh disk information: sleep interrupted
2019-07-16 15:40:58,179 INFO  statemachine.DatanodeStateMachine (DatanodeStateMachine.java:stopDaemon(395)) - Ozone container server stopped.
2019-07-16 15:40:58,185 INFO  handler.ContextHandler (ContextHandler.java:doStop(910)) - Stopped o.e.j.w.WebAppContext@2ecf4b3e{/,null,UNAVAILABLE}{/hddsDatanode}
2019-07-16 15:40:58,187 INFO  server.AbstractConnector (AbstractConnector.java:doStop(318)) - Stopped ServerConnector@5f1c406e{HTTP/1.1,[http/1.1]}{0.0.0.0:0}
2019-07-16 15:40:58,191 INFO  statemachine.DatanodeStateMachine (DatanodeStateMachine.java:stopDaemon(395)) - Ozone container server stopped.
2019-07-16 15:40:58,191 INFO  handler.ContextHandler (ContextHandler.java:doStop(910)) - Stopped o.e.j.s.ServletContextHandler@46a9c368{/static,jar:file:/home/user/.m2/repository/org/apache/hadoop/hadoop-hdds-container-service/0.5.0-SNAPSHOT/hadoop-hdds-container-service-0.5.0-SNAPSHOT.jar!/webapps/static,UNAVAILABLE}
2019-07-16 15:40:58,193 INFO  handler.ContextHandler (ContextHandler.java:doStop(910)) - Stopped o.e.j.s.ServletContextHandler@3555d804{/logs,file:///workdir/hadoop-ozone/integration-test/target/log,UNAVAILABLE}
2019-07-16 15:40:58,193 INFO  handler.ContextHandler (ContextHandler.java:doStop(910)) - Stopped o.e.j.w.WebAppContext@4a7427f9{/,null,UNAVAILABLE}{/hddsDatanode}
2019-07-16 15:40:58,194 INFO  datanode.ObjectStoreHandler (ObjectStoreHandler.java:close(155)) - Closing ObjectStoreHandler.
2019-07-16 15:40:58,194 INFO  server.AbstractConnector (AbstractConnector.java:doStop(318)) - Stopped ServerConnector@155767a7{HTTP/1.1,[http/1.1]}{0.0.0.0:0}
2019-07-16 15:40:58,194 INFO  ozone.HddsDatanodeService (HddsDatanodeService.java:stop(452)) - Stopped plug-in org.apache.hadoop.ozone.web.OzoneHddsDatanodeService@224e7aa5
2019-07-16 15:40:58,194 INFO  handler.ContextHandler (ContextHandler.java:doStop(910)) - Stopped o.e.j.s.ServletContextHandler@222dc36c{/static,jar:file:/home/user/.m2/repository/org/apache/hadoop/hadoop-hdds-container-service/0.5.0-SNAPSHOT/hadoop-hdds-container-service-0.5.0-SNAPSHOT.jar!/webapps/static,UNAVAILABLE}
2019-07-16 15:40:58,195 INFO  handler.ContextHandler (ContextHandler.java:doStop(910)) - Stopped o.e.j.s.ServletContextHandler@662b199{/logs,file:///workdir/hadoop-ozone/integration-test/target/log,UNAVAILABLE}
2019-07-16 15:40:58,196 INFO  datanode.ObjectStoreHandler (ObjectStoreHandler.java:close(155)) - Closing ObjectStoreHandler.
2019-07-16 15:40:58,196 INFO  ozone.HddsDatanodeService (HddsDatanodeService.java:stop(452)) - Stopped plug-in org.apache.hadoop.ozone.web.OzoneHddsDatanodeService@53cb9b1
2019-07-16 15:40:58,315 INFO  statemachine.DatanodeStateMachine (DatanodeStateMachine.java:lambda$startDaemon$0(350)) - Ozone container server started.
2019-07-16 15:40:58,428 WARN  server.GrpcLogAppender (LogUtils.java:warn(134)) - 7dff2f0e-a604-4fea-a429-db6e8d850676->99aac624-90ba-45b0-8630-5cc530133441: Failed appendEntries: org.apache.ratis.thirdparty.io.grpc.StatusRuntimeException: UNAVAILABLE: io exception
2019-07-16 15:40:58,429 INFO  impl.FollowerInfo (FollowerInfo.java:lambda$new$0(50)) - 7dff2f0e-a604-4fea-a429-db6e8d850676->99aac624-90ba-45b0-8630-5cc530133441: nextIndex: updateUnconditionally 0 -> 0
2019-07-16 15:40:59,050 INFO  statemachine.DatanodeStateMachine (DatanodeStateMachine.java:lambda$startDaemon$0(350)) - Ozone container server started.
2019-07-16 15:41:00,306 WARN  server.GrpcLogAppender (LogUtils.java:warn(134)) - b5c8bad0-1112-4930-b2f1-9816bb67ecb4->a6d13e46-f00f-4c8a-a728-0b006a12ecd7: Failed appendEntries: org.apache.ratis.thirdparty.io.grpc.StatusRuntimeException: UNAVAILABLE: io exception
2019-07-16 15:41:00,307 INFO  impl.FollowerInfo (FollowerInfo.java:lambda$new$0(50)) - b5c8bad0-1112-4930-b2f1-9816bb67ecb4->a6d13e46-f00f-4c8a-a728-0b006a12ecd7: nextIndex: updateUnconditionally 0 -> 0
2019-07-16 15:41:00,929 WARN  server.GrpcLogAppender (LogUtils.java:warn(134)) - 7dff2f0e-a604-4fea-a429-db6e8d850676->99aac624-90ba-45b0-8630-5cc530133441: Failed appendEntries: org.apache.ratis.thirdparty.io.grpc.StatusRuntimeException: UNAVAILABLE: io exception
2019-07-16 15:41:00,929 INFO  impl.FollowerInfo (FollowerInfo.java:lambda$new$0(50)) - 7dff2f0e-a604-4fea-a429-db6e8d850676->99aac624-90ba-45b0-8630-5cc530133441: nextIndex: updateUnconditionally 0 -> 0
2019-07-16 15:41:02,411 INFO  node.StaleNodeHandler (StaleNodeHandler.java:onMessage(58)) - Datanode 7dff2f0e-a604-4fea-a429-db6e8d850676{ip: 192.168.69.88, host: trunk-nightly-kgw5x-1882989438, networkLocation: /default-rack, certSerialId: null} moved to stale state. Finalizing its pipelines [PipelineID=7829c7c6-d2b7-46bc-96e5-8838f5ccad23, PipelineID=d1720570-3a94-44e1-9df9-4a5a158e4c8d]
2019-07-16 15:41:02,412 INFO  pipeline.SCMPipelineManager (SCMPipelineManager.java:finalizeAndDestroyPipeline(309)) - destroying pipeline:Pipeline[ Id: 7829c7c6-d2b7-46bc-96e5-8838f5ccad23, Nodes: 99aac624-90ba-45b0-8630-5cc530133441{ip: 192.168.69.88, host: trunk-nightly-kgw5x-1882989438, networkLocation: /default-rack, certSerialId: null}7dff2f0e-a604-4fea-a429-db6e8d850676{ip: 192.168.69.88, host: trunk-nightly-kgw5x-1882989438, networkLocation: /default-rack, certSerialId: null}c06e5ee5-4e1f-439c-a23c-76ab36500eb0{ip: 192.168.69.88, host: trunk-nightly-kgw5x-1882989438, networkLocation: /default-rack, certSerialId: null}, Type:RATIS, Factor:THREE, State:CLOSED]
2019-07-16 15:41:02,412 INFO  pipeline.SCMPipelineManager (SCMPipelineManager.java:finalizeAndDestroyPipeline(309)) - destroying pipeline:Pipeline[ Id: d1720570-3a94-44e1-9df9-4a5a158e4c8d, Nodes: 7dff2f0e-a604-4fea-a429-db6e8d850676{ip: 192.168.69.88, host: trunk-nightly-kgw5x-1882989438, networkLocation: /default-rack, certSerialId: null}, Type:RATIS, Factor:ONE, State:OPEN]
2019-07-16 15:41:02,412 INFO  pipeline.PipelineStateManager (PipelineStateManager.java:finalizePipeline(123)) - Pipeline Pipeline[ Id: d1720570-3a94-44e1-9df9-4a5a158e4c8d, Nodes: 7dff2f0e-a604-4fea-a429-db6e8d850676{ip: 192.168.69.88, host: trunk-nightly-kgw5x-1882989438, networkLocation: /default-rack, certSerialId: null}, Type:RATIS, Factor:ONE, State:CLOSED] moved to CLOSED state
2019-07-16 15:41:02,807 WARN  server.GrpcLogAppender (LogUtils.java:warn(134)) - b5c8bad0-1112-4930-b2f1-9816bb67ecb4->a6d13e46-f00f-4c8a-a728-0b006a12ecd7: Failed appendEntries: org.apache.ratis.thirdparty.io.grpc.StatusRuntimeException: UNAVAILABLE: io exception
2019-07-16 15:41:02,807 INFO  impl.FollowerInfo (FollowerInfo.java:lambda$new$0(50)) - b5c8bad0-1112-4930-b2f1-9816bb67ecb4->a6d13e46-f00f-4c8a-a728-0b006a12ecd7: nextIndex: updateUnconditionally 0 -> 0
2019-07-16 15:41:03,112 INFO  node.StaleNodeHandler (StaleNodeHandler.java:onMessage(58)) - Datanode 9a22207e-ca6a-47bd-b084-7f19b158376f{ip: 192.168.69.88, host: trunk-nightly-kgw5x-1882989438, networkLocation: /default-rack, certSerialId: null} moved to stale state. Finalizing its pipelines [PipelineID=747c91ed-9c76-4729-94fa-ffc12ede79ba, PipelineID=a1c4eb96-1107-4c77-9d48-f4825d1f502b]
2019-07-16 15:41:03,113 INFO  pipeline.SCMPipelineManager (SCMPipelineManager.java:finalizeAndDestroyPipeline(309)) - destroying pipeline:Pipeline[ Id: 747c91ed-9c76-4729-94fa-ffc12ede79ba, Nodes: 9a22207e-ca6a-47bd-b084-7f19b158376f{ip: 192.168.69.88, host: trunk-nightly-kgw5x-1882989438, networkLocation: /default-rack, certSerialId: null}b5c8bad0-1112-4930-b2f1-9816bb67ecb4{ip: 192.168.69.88, host: trunk-nightly-kgw5x-1882989438, networkLocation: /default-rack, certSerialId: null}a6d13e46-f00f-4c8a-a728-0b006a12ecd7{ip: 192.168.69.88, host: trunk-nightly-kgw5x-1882989438, networkLocation: /default-rack, certSerialId: null}, Type:RATIS, Factor:THREE, State:CLOSED]
2019-07-16 15:41:03,113 INFO  pipeline.SCMPipelineManager (SCMPipelineManager.java:finalizeAndDestroyPipeline(309)) - destroying pipeline:Pipeline[ Id: a1c4eb96-1107-4c77-9d48-f4825d1f502b, Nodes: 9a22207e-ca6a-47bd-b084-7f19b158376f{ip: 192.168.69.88, host: trunk-nightly-kgw5x-1882989438, networkLocation: /default-rack, certSerialId: null}, Type:RATIS, Factor:ONE, State:OPEN]
2019-07-16 15:41:03,113 INFO  pipeline.PipelineStateManager (PipelineStateManager.java:finalizePipeline(123)) - Pipeline Pipeline[ Id: a1c4eb96-1107-4c77-9d48-f4825d1f502b, Nodes: 9a22207e-ca6a-47bd-b084-7f19b158376f{ip: 192.168.69.88, host: trunk-nightly-kgw5x-1882989438, networkLocation: /default-rack, certSerialId: null}, Type:RATIS, Factor:ONE, State:CLOSED] moved to CLOSED state
2019-07-16 15:41:03,195 INFO  ozoneimpl.OzoneContainer (OzoneContainer.java:stop(199)) - Attempting to stop container services.
2019-07-16 15:41:03,195 INFO  impl.RaftServerProxy (RaftServerProxy.java:lambda$close$4(314)) - 9a22207e-ca6a-47bd-b084-7f19b158376f: close
2019-07-16 15:41:03,196 INFO  impl.RaftServerImpl (RaftServerImpl.java:lambda$shutdown$3(245)) - 9a22207e-ca6a-47bd-b084-7f19b158376f: shutdown group-FFC12EDE79BA
2019-07-16 15:41:03,196 INFO  util.JmxRegister (JmxRegister.java:unregister(73)) - Successfully un-registered JMX Bean with object name Ratis:service=RaftServer,group=group-FFC12EDE79BA,id=9a22207e-ca6a-47bd-b084-7f19b158376f
2019-07-16 15:41:03,196 INFO  impl.RoleInfo (RoleInfo.java:shutdownFollowerState(121)) - 9a22207e-ca6a-47bd-b084-7f19b158376f: shutdown FollowerState
2019-07-16 15:41:03,197 INFO  ozoneimpl.OzoneContainer (OzoneContainer.java:stop(199)) - Attempting to stop container services.
2019-07-16 15:41:03,197 INFO  impl.FollowerState (FollowerState.java:run(114)) - 9a22207e-ca6a-47bd-b084-7f19b158376f: FollowerState was interrupted: java.lang.InterruptedException: sleep interrupted
2019-07-16 15:41:03,197 INFO  impl.StateMachineUpdater (StateMachineUpdater.java:stopAndJoin(115)) - StateMachineUpdater:9a22207e-ca6a-47bd-b084-7f19b158376f:group-FFC12EDE79BA: set stopIndex = 0
2019-07-16 15:41:03,197 INFO  impl.RaftServerProxy (RaftServerProxy.java:lambda$close$4(314)) - 7dff2f0e-a604-4fea-a429-db6e8d850676: close
2019-07-16 15:41:03,198 INFO  impl.RaftServerImpl (ServerState.java:close(394)) - 9a22207e-ca6a-47bd-b084-7f19b158376f:group-FFC12EDE79BA closes. The last applied log index is 0
2019-07-16 15:41:03,198 INFO  impl.RaftServerImpl (RaftServerImpl.java:lambda$shutdown$3(245)) - 7dff2f0e-a604-4fea-a429-db6e8d850676: shutdown group-8838F5CCAD23
2019-07-16 15:41:03,198 INFO  segmented.SegmentedRaftLogWorker (SegmentedRaftLogWorker.java:run(313)) - 9a22207e-ca6a-47bd-b084-7f19b158376f-SegmentedRaftLogWorker:Storage Directory /workdir/hadoop-ozone/integration-test/target/test-dir/MiniOzoneClusterImpl-386b5208-f273-4a43-a586-80facaa1f908/datanode-2/data/ratis/747c91ed-9c76-4729-94fa-ffc12ede79ba was interrupted, exiting. There are 0 tasks remaining in the queue.
2019-07-16 15:41:03,199 INFO  util.JmxRegister (JmxRegister.java:unregister(73)) - Successfully un-registered JMX Bean with object name Ratis:service=RaftServer,group=group-8838F5CCAD23,id=7dff2f0e-a604-4fea-a429-db6e8d850676
2019-07-16 15:41:03,202 INFO  segmented.SegmentedRaftLogWorker (SegmentedRaftLogWorker.java:close(228)) - 9a22207e-ca6a-47bd-b084-7f19b158376f-SegmentedRaftLogWorker:Storage Directory /workdir/hadoop-ozone/integration-test/target/test-dir/MiniOzoneClusterImpl-386b5208-f273-4a43-a586-80facaa1f908/datanode-2/data/ratis/747c91ed-9c76-4729-94fa-ffc12ede79ba close()
2019-07-16 15:41:03,202 INFO  impl.RoleInfo (RoleInfo.java:shutdownLeaderState(104)) - 7dff2f0e-a604-4fea-a429-db6e8d850676: shutdown LeaderState
2019-07-16 15:41:03,215 INFO  impl.RaftServerImpl (RaftServerImpl.java:lambda$shutdown$3(245)) - 9a22207e-ca6a-47bd-b084-7f19b158376f: shutdown group-F4825D1F502B
2019-07-16 15:41:03,218 WARN  server.GrpcLogAppender (GrpcLogAppender.java:mayWait(143)) - GrpcLogAppender(7dff2f0e-a604-4fea-a429-db6e8d850676->c06e5ee5-4e1f-439c-a23c-76ab36500eb0): Wait interrupted by java.lang.InterruptedException
2019-07-16 15:41:03,218 WARN  server.GrpcLogAppender (GrpcLogAppender.java:mayWait(143)) - GrpcLogAppender(7dff2f0e-a604-4fea-a429-db6e8d850676->99aac624-90ba-45b0-8630-5cc530133441): Wait interrupted by java.lang.InterruptedException
2019-07-16 15:41:03,218 INFO  impl.PendingRequests (PendingRequests.java:sendNotLeaderResponses(202)) - 7dff2f0e-a604-4fea-a429-db6e8d850676-PendingRequests: sendNotLeaderResponses
2019-07-16 15:41:03,219 INFO  server.GrpcServerProtocolService (GrpcServerProtocolService.java:onCompleted(104)) - c06e5ee5-4e1f-439c-a23c-76ab36500eb0: appendEntries completed
2019-07-16 15:41:03,219 INFO  util.JmxRegister (JmxRegister.java:unregister(73)) - Successfully un-registered JMX Bean with object name Ratis:service=RaftServer,group=group-F4825D1F502B,id=9a22207e-ca6a-47bd-b084-7f19b158376f
2019-07-16 15:41:03,220 INFO  impl.RoleInfo (RoleInfo.java:shutdownLeaderState(104)) - 9a22207e-ca6a-47bd-b084-7f19b158376f: shutdown LeaderState
2019-07-16 15:41:03,220 INFO  impl.StateMachineUpdater (StateMachineUpdater.java:stopAndJoin(115)) - StateMachineUpdater:7dff2f0e-a604-4fea-a429-db6e8d850676:group-8838F5CCAD23: set stopIndex = 0
2019-07-16 15:41:03,221 INFO  impl.PendingRequests (PendingRequests.java:sendNotLeaderResponses(202)) - 9a22207e-ca6a-47bd-b084-7f19b158376f-PendingRequests: sendNotLeaderResponses
2019-07-16 15:41:03,220 INFO  server.GrpcLogAppender (GrpcLogAppender.java:onCompleted(292)) - 7dff2f0e-a604-4fea-a429-db6e8d850676->c06e5ee5-4e1f-439c-a23c-76ab36500eb0: follower responses appendEntries COMPLETED
2019-07-16 15:41:03,221 INFO  impl.StateMachineUpdater (StateMachineUpdater.java:stopAndJoin(115)) - StateMachineUpdater:9a22207e-ca6a-47bd-b084-7f19b158376f:group-F4825D1F502B: set stopIndex = 0
2019-07-16 15:41:03,222 INFO  impl.RaftServerImpl (ServerState.java:close(394)) - 9a22207e-ca6a-47bd-b084-7f19b158376f:group-F4825D1F502B closes. The last applied log index is 0
2019-07-16 15:41:03,221 INFO  impl.RaftServerImpl (ServerState.java:close(394)) - 7dff2f0e-a604-4fea-a429-db6e8d850676:group-8838F5CCAD23 closes. The last applied log index is 0
2019-07-16 15:41:03,222 INFO  segmented.SegmentedRaftLogWorker (SegmentedRaftLogWorker.java:run(313)) - 9a22207e-ca6a-47bd-b084-7f19b158376f-SegmentedRaftLogWorker:Storage Directory /workdir/hadoop-ozone/integration-test/target/test-dir/MiniOzoneClusterImpl-386b5208-f273-4a43-a586-80facaa1f908/datanode-2/data/ratis/a1c4eb96-1107-4c77-9d48-f4825d1f502b was interrupted, exiting. There are 0 tasks remaining in the queue.
2019-07-16 15:41:03,222 INFO  impl.FollowerInfo (FollowerInfo.java:lambda$new$0(50)) - 7dff2f0e-a604-4fea-a429-db6e8d850676->c06e5ee5-4e1f-439c-a23c-76ab36500eb0: nextIndex: updateUnconditionally 1 -> 0
2019-07-16 15:41:03,225 INFO  segmented.SegmentedRaftLogWorker (SegmentedRaftLogWorker.java:close(228)) - 9a22207e-ca6a-47bd-b084-7f19b158376f-SegmentedRaftLogWorker:Storage Directory /workdir/hadoop-ozone/integration-test/target/test-dir/MiniOzoneClusterImpl-386b5208-f273-4a43-a586-80facaa1f908/datanode-2/data/ratis/a1c4eb96-1107-4c77-9d48-f4825d1f502b close()
2019-07-16 15:41:03,223 INFO  segmented.SegmentedRaftLogWorker (SegmentedRaftLogWorker.java:run(313)) - 7dff2f0e-a604-4fea-a429-db6e8d850676-SegmentedRaftLogWorker:Storage Directory /workdir/hadoop-ozone/integration-test/target/test-dir/MiniOzoneClusterImpl-386b5208-f273-4a43-a586-80facaa1f908/datanode-3/data/ratis/7829c7c6-d2b7-46bc-96e5-8838f5ccad23 was interrupted, exiting. There are 0 tasks remaining in the queue.
2019-07-16 15:41:03,227 INFO  server.GrpcService (GrpcService.java:closeImpl(155)) - 9a22207e-ca6a-47bd-b084-7f19b158376f: shutdown server with port 45156 now
2019-07-16 15:41:03,228 INFO  segmented.SegmentedRaftLogWorker (SegmentedRaftLogWorker.java:close(228)) - 7dff2f0e-a604-4fea-a429-db6e8d850676-SegmentedRaftLogWorker:Storage Directory /workdir/hadoop-ozone/integration-test/target/test-dir/MiniOzoneClusterImpl-386b5208-f273-4a43-a586-80facaa1f908/datanode-3/data/ratis/7829c7c6-d2b7-46bc-96e5-8838f5ccad23 close()
2019-07-16 15:41:03,229 WARN  server.GrpcServerProtocolService (LogUtils.java:warn(134)) - 9a22207e-ca6a-47bd-b084-7f19b158376f: appendEntries onError: org.apache.ratis.thirdparty.io.grpc.StatusRuntimeException: CANCELLED: cancelled before receiving half close
2019-07-16 15:41:03,231 INFO  server.GrpcService (GrpcService.java:closeImpl(163)) - 9a22207e-ca6a-47bd-b084-7f19b158376f: shutdown server with port 45156 successfully
2019-07-16 15:41:03,231 INFO  impl.RaftServerImpl (RaftServerImpl.java:lambda$shutdown$3(245)) - 7dff2f0e-a604-4fea-a429-db6e8d850676: shutdown group-4A5A158E4C8D
2019-07-16 15:41:03,231 WARN  server.GrpcLogAppender (LogUtils.java:warn(134)) - b5c8bad0-1112-4930-b2f1-9816bb67ecb4->9a22207e-ca6a-47bd-b084-7f19b158376f: Failed appendEntries: org.apache.ratis.thirdparty.io.grpc.StatusRuntimeException: CANCELLED: HTTP/2 error code: CANCEL
Received Rst Stream
2019-07-16 15:41:03,232 INFO  util.JmxRegister (JmxRegister.java:unregister(73)) - Successfully un-registered JMX Bean with object name Ratis:service=RaftServer,group=group-4A5A158E4C8D,id=7dff2f0e-a604-4fea-a429-db6e8d850676
2019-07-16 15:41:03,232 INFO  impl.FollowerInfo (FollowerInfo.java:lambda$new$0(50)) - b5c8bad0-1112-4930-b2f1-9816bb67ecb4->9a22207e-ca6a-47bd-b084-7f19b158376f: nextIndex: updateUnconditionally 1 -> 0
2019-07-16 15:41:03,233 INFO  utils.BackgroundService (BackgroundService.java:shutdown(148)) - Shutting down service BlockDeletingService
2019-07-16 15:41:03,233 INFO  impl.RoleInfo (RoleInfo.java:shutdownLeaderState(104)) - 7dff2f0e-a604-4fea-a429-db6e8d850676: shutdown LeaderState
2019-07-16 15:41:03,234 INFO  impl.PendingRequests (PendingRequests.java:sendNotLeaderResponses(202)) - 7dff2f0e-a604-4fea-a429-db6e8d850676-PendingRequests: sendNotLeaderResponses
2019-07-16 15:41:03,241 WARN  fs.CachingGetSpaceUsed (CachingGetSpaceUsed.java:run(183)) - Thread Interrupted waiting to refresh disk information: sleep interrupted
2019-07-16 15:41:03,242 INFO  impl.StateMachineUpdater (StateMachineUpdater.java:stopAndJoin(115)) - StateMachineUpdater:7dff2f0e-a604-4fea-a429-db6e8d850676:group-4A5A158E4C8D: set stopIndex = 15
2019-07-16 15:41:03,242 INFO  ratis.ContainerStateMachine (ContainerStateMachine.java:takeSnapshot(249)) - group-4A5A158E4C8D: Taking a snapshot at:(t:1, i:15) file /workdir/hadoop-ozone/integration-test/target/test-dir/MiniOzoneClusterImpl-386b5208-f273-4a43-a586-80facaa1f908/datanode-3/data/ratis/d1720570-3a94-44e1-9df9-4a5a158e4c8d/sm/snapshot.1_15
2019-07-16 15:41:03,243 INFO  ratis.ContainerStateMachine (ContainerStateMachine.java:takeSnapshot(257)) - group-4A5A158E4C8D: Finished taking a snapshot at:(t:1, i:15) file:/workdir/hadoop-ozone/integration-test/target/test-dir/MiniOzoneClusterImpl-386b5208-f273-4a43-a586-80facaa1f908/datanode-3/data/ratis/d1720570-3a94-44e1-9df9-4a5a158e4c8d/sm/snapshot.1_15 time:1
2019-07-16 15:41:03,243 INFO  impl.StateMachineUpdater (StateMachineUpdater.java:takeSnapshot(242)) - StateMachineUpdater:7dff2f0e-a604-4fea-a429-db6e8d850676:group-4A5A158E4C8D: Took a snapshot at index 15
2019-07-16 15:41:03,243 INFO  impl.StateMachineUpdater (StateMachineUpdater.java:lambda$new$0(80)) - StateMachineUpdater:7dff2f0e-a604-4fea-a429-db6e8d850676:group-4A5A158E4C8D: snapshotIndex: updateIncreasingly -1 -> 15
2019-07-16 15:41:03,243 INFO  impl.RaftServerImpl (ServerState.java:close(394)) - 7dff2f0e-a604-4fea-a429-db6e8d850676:group-4A5A158E4C8D closes. The last applied log index is 15
2019-07-16 15:41:03,244 INFO  segmented.SegmentedRaftLogWorker (SegmentedRaftLogWorker.java:run(313)) - 7dff2f0e-a604-4fea-a429-db6e8d850676-SegmentedRaftLogWorker:Storage Directory /workdir/hadoop-ozone/integration-test/target/test-dir/MiniOzoneClusterImpl-386b5208-f273-4a43-a586-80facaa1f908/datanode-3/data/ratis/d1720570-3a94-44e1-9df9-4a5a158e4c8d was interrupted, exiting. There are 0 tasks remaining in the queue.
2019-07-16 15:41:03,246 INFO  segmented.SegmentedRaftLogWorker (SegmentedRaftLogWorker.java:close(228)) - 7dff2f0e-a604-4fea-a429-db6e8d850676-SegmentedRaftLogWorker:Storage Directory /workdir/hadoop-ozone/integration-test/target/test-dir/MiniOzoneClusterImpl-386b5208-f273-4a43-a586-80facaa1f908/datanode-3/data/ratis/d1720570-3a94-44e1-9df9-4a5a158e4c8d close()
2019-07-16 15:41:03,248 INFO  server.GrpcService (GrpcService.java:closeImpl(155)) - 7dff2f0e-a604-4fea-a429-db6e8d850676: shutdown server with port 42313 now
2019-07-16 15:41:03,249 INFO  server.GrpcService (GrpcService.java:closeImpl(163)) - 7dff2f0e-a604-4fea-a429-db6e8d850676: shutdown server with port 42313 successfully
2019-07-16 15:41:03,251 INFO  utils.BackgroundService (BackgroundService.java:shutdown(148)) - Shutting down service BlockDeletingService
2019-07-16 15:41:03,252 WARN  fs.CachingGetSpaceUsed (CachingGetSpaceUsed.java:run(183)) - Thread Interrupted waiting to refresh disk information: sleep interrupted
2019-07-16 15:41:03,269 INFO  statemachine.DatanodeStateMachine (DatanodeStateMachine.java:stopDaemon(395)) - Ozone container server stopped.
2019-07-16 15:41:03,274 INFO  statemachine.DatanodeStateMachine (DatanodeStateMachine.java:stopDaemon(395)) - Ozone container server stopped.
2019-07-16 15:41:03,278 INFO  handler.ContextHandler (ContextHandler.java:doStop(910)) - Stopped o.e.j.w.WebAppContext@47bbf44d{/,null,UNAVAILABLE}{/hddsDatanode}
2019-07-16 15:41:03,280 INFO  handler.ContextHandler (ContextHandler.java:doStop(910)) - Stopped o.e.j.w.WebAppContext@22fe90df{/,null,UNAVAILABLE}{/hddsDatanode}
2019-07-16 15:41:03,280 INFO  server.AbstractConnector (AbstractConnector.java:doStop(318)) - Stopped ServerConnector@35c9f527{HTTP/1.1,[http/1.1]}{0.0.0.0:0}
2019-07-16 15:41:03,281 INFO  handler.ContextHandler (ContextHandler.java:doStop(910)) - Stopped o.e.j.s.ServletContextHandler@272485a6{/static,jar:file:/home/user/.m2/repository/org/apache/hadoop/hadoop-hdds-container-service/0.5.0-SNAPSHOT/hadoop-hdds-container-service-0.5.0-SNAPSHOT.jar!/webapps/static,UNAVAILABLE}
2019-07-16 15:41:03,281 INFO  server.AbstractConnector (AbstractConnector.java:doStop(318)) - Stopped ServerConnector@2604940{HTTP/1.1,[http/1.1]}{0.0.0.0:0}
2019-07-16 15:41:03,281 INFO  handler.ContextHandler (ContextHandler.java:doStop(910)) - Stopped o.e.j.s.ServletContextHandler@445c693{/logs,file:///workdir/hadoop-ozone/integration-test/target/log,UNAVAILABLE}
2019-07-16 15:41:03,283 INFO  handler.ContextHandler (ContextHandler.java:doStop(910)) - Stopped o.e.j.s.ServletContextHandler@6f9999f6{/static,jar:file:/home/user/.m2/repository/org/apache/hadoop/hadoop-hdds-container-service/0.5.0-SNAPSHOT/hadoop-hdds-container-service-0.5.0-SNAPSHOT.jar!/webapps/static,UNAVAILABLE}
2019-07-16 15:41:03,285 INFO  handler.ContextHandler (ContextHandler.java:doStop(910)) - Stopped o.e.j.s.ServletContextHandler@7dc963be{/logs,file:///workdir/hadoop-ozone/integration-test/target/log,UNAVAILABLE}
2019-07-16 15:41:03,285 INFO  datanode.ObjectStoreHandler (ObjectStoreHandler.java:close(155)) - Closing ObjectStoreHandler.
2019-07-16 15:41:03,287 INFO  datanode.ObjectStoreHandler (ObjectStoreHandler.java:close(155)) - Closing ObjectStoreHandler.
2019-07-16 15:41:03,287 INFO  ozone.HddsDatanodeService (HddsDatanodeService.java:stop(452)) - Stopped plug-in org.apache.hadoop.ozone.web.OzoneHddsDatanodeService@7c045627
2019-07-16 15:41:03,287 INFO  ozone.HddsDatanodeService (HddsDatanodeService.java:stop(452)) - Stopped plug-in org.apache.hadoop.ozone.web.OzoneHddsDatanodeService@628f0936
2019-07-16 15:41:03,716 INFO  statemachine.DatanodeStateMachine (DatanodeStateMachine.java:lambda$startDaemon$0(350)) - Ozone container server started.
2019-07-16 15:41:03,812 INFO  statemachine.DatanodeStateMachine (DatanodeStateMachine.java:lambda$startDaemon$0(350)) - Ozone container server started.
2019-07-16 15:41:05,307 WARN  server.GrpcLogAppender (LogUtils.java:warn(134)) - b5c8bad0-1112-4930-b2f1-9816bb67ecb4->a6d13e46-f00f-4c8a-a728-0b006a12ecd7: Failed appendEntries: org.apache.ratis.thirdparty.io.grpc.StatusRuntimeException: UNAVAILABLE: io exception
2019-07-16 15:41:05,308 INFO  impl.FollowerInfo (FollowerInfo.java:lambda$new$0(50)) - b5c8bad0-1112-4930-b2f1-9816bb67ecb4->a6d13e46-f00f-4c8a-a728-0b006a12ecd7: nextIndex: updateUnconditionally 0 -> 0
2019-07-16 15:41:05,309 WARN  server.GrpcLogAppender (LogUtils.java:warn(134)) - b5c8bad0-1112-4930-b2f1-9816bb67ecb4->9a22207e-ca6a-47bd-b084-7f19b158376f: Failed appendEntries: org.apache.ratis.thirdparty.io.grpc.StatusRuntimeException: UNAVAILABLE: io exception
2019-07-16 15:41:05,309 INFO  impl.FollowerInfo (FollowerInfo.java:lambda$new$0(50)) - b5c8bad0-1112-4930-b2f1-9816bb67ecb4->9a22207e-ca6a-47bd-b084-7f19b158376f: nextIndex: updateUnconditionally 0 -> 0
2019-07-16 15:41:06,048 INFO  impl.FollowerState (FollowerState.java:run(106)) - c06e5ee5-4e1f-439c-a23c-76ab36500eb0:group-8838F5CCAD23 changes to CANDIDATE, lastRpcTime:5117, electionTimeout:5095ms
2019-07-16 15:41:06,048 INFO  impl.RoleInfo (RoleInfo.java:shutdownFollowerState(121)) - c06e5ee5-4e1f-439c-a23c-76ab36500eb0: shutdown FollowerState
2019-07-16 15:41:06,048 INFO  impl.RaftServerImpl (RaftServerImpl.java:setRole(171)) - c06e5ee5-4e1f-439c-a23c-76ab36500eb0:group-8838F5CCAD23 changes role from FOLLOWER to CANDIDATE at term 1 for changeToCandidate
2019-07-16 15:41:06,048 INFO  impl.RoleInfo (RoleInfo.java:updateAndGet(143)) - c06e5ee5-4e1f-439c-a23c-76ab36500eb0: start LeaderElection
2019-07-16 15:41:06,049 INFO  impl.RaftServerImpl (ServerState.java:setLeader(263)) - c06e5ee5-4e1f-439c-a23c-76ab36500eb0:group-8838F5CCAD23 change Leader from 7dff2f0e-a604-4fea-a429-db6e8d850676 to null at term 1 for initElection
2019-07-16 15:41:06,063 INFO  impl.LeaderElection (LeaderElection.java:askForVotes(181)) - c06e5ee5-4e1f-439c-a23c-76ab36500eb0:group-8838F5CCAD23:LeaderElection69: begin an election at term 2 for 0: [99aac624-90ba-45b0-8630-5cc530133441:192.168.69.88:36312, 7dff2f0e-a604-4fea-a429-db6e8d850676:192.168.69.88:42313, c06e5ee5-4e1f-439c-a23c-76ab36500eb0:192.168.69.88:41700], old=null
2019-07-16 15:41:06,065 INFO  impl.LeaderElection (LogUtils.java:infoOrTrace(149)) - c06e5ee5-4e1f-439c-a23c-76ab36500eb0:group-8838F5CCAD23:LeaderElection69 got exception when requesting votes: {}
java.util.concurrent.ExecutionException: org.apache.ratis.thirdparty.io.grpc.StatusRuntimeException: UNAVAILABLE: io exception
	at java.util.concurrent.FutureTask.report(FutureTask.java:122)
	at java.util.concurrent.FutureTask.get(FutureTask.java:192)
	at org.apache.ratis.server.impl.LeaderElection.waitForResults(LeaderElection.java:262)
	at org.apache.ratis.server.impl.LeaderElection.askForVotes(LeaderElection.java:200)
	at org.apache.ratis.server.impl.LeaderElection.run(LeaderElection.java:130)
	at java.lang.Thread.run(Thread.java:748)
Caused by: org.apache.ratis.thirdparty.io.grpc.StatusRuntimeException: UNAVAILABLE: io exception
	at org.apache.ratis.thirdparty.io.grpc.stub.ClientCalls.toStatusRuntimeException(ClientCalls.java:233)
	at org.apache.ratis.thirdparty.io.grpc.stub.ClientCalls.getUnchecked(ClientCalls.java:214)
	at org.apache.ratis.thirdparty.io.grpc.stub.ClientCalls.blockingUnaryCall(ClientCalls.java:139)
	at org.apache.ratis.proto.grpc.RaftServerProtocolServiceGrpc$RaftServerProtocolServiceBlockingStub.requestVote(RaftServerProtocolServiceGrpc.java:265)
	at org.apache.ratis.grpc.server.GrpcServerProtocolClient.requestVote(GrpcServerProtocolClient.java:83)
	at org.apache.ratis.grpc.server.GrpcService.requestVote(GrpcService.java:195)
	at org.apache.ratis.server.impl.LeaderElection.lambda$submitRequests$1(LeaderElection.java:237)
	at java.util.concurrent.FutureTask.run(FutureTask.java:266)
	at java.util.concurrent.Executors$RunnableAdapter.call(Executors.java:511)
	at java.util.concurrent.FutureTask.run(FutureTask.java:266)
	at java.util.concurrent.ThreadPoolExecutor.runWorker(ThreadPoolExecutor.java:1149)
	at java.util.concurrent.ThreadPoolExecutor$Worker.run(ThreadPoolExecutor.java:624)
	... 1 more
Caused by: org.apache.ratis.thirdparty.io.netty.channel.AbstractChannel$AnnotatedConnectException: Connection refused: /192.168.69.88:36312
	at sun.nio.ch.SocketChannelImpl.checkConnect(Native Method)
	at sun.nio.ch.SocketChannelImpl.finishConnect(SocketChannelImpl.java:717)
	at org.apache.ratis.thirdparty.io.netty.channel.socket.nio.NioSocketChannel.doFinishConnect(NioSocketChannel.java:327)
	at org.apache.ratis.thirdparty.io.netty.channel.nio.AbstractNioChannel$AbstractNioUnsafe.finishConnect(AbstractNioChannel.java:340)
	at org.apache.ratis.thirdparty.io.netty.channel.nio.NioEventLoop.processSelectedKey(NioEventLoop.java:632)
	at org.apache.ratis.thirdparty.io.netty.channel.nio.NioEventLoop.processSelectedKeysOptimized(NioEventLoop.java:579)
	at org.apache.ratis.thirdparty.io.netty.channel.nio.NioEventLoop.processSelectedKeys(NioEventLoop.java:496)
	at org.apache.ratis.thirdparty.io.netty.channel.nio.NioEventLoop.run(NioEventLoop.java:458)
	at org.apache.ratis.thirdparty.io.netty.util.concurrent.SingleThreadEventExecutor$5.run(SingleThreadEventExecutor.java:897)
	at org.apache.ratis.thirdparty.io.netty.util.concurrent.FastThreadLocalRunnable.run(FastThreadLocalRunnable.java:30)
	... 1 more
Caused by: java.net.ConnectException: Connection refused
	... 11 more
2019-07-16 15:41:06,067 INFO  impl.LeaderElection (LogUtils.java:infoOrTrace(149)) - c06e5ee5-4e1f-439c-a23c-76ab36500eb0:group-8838F5CCAD23:LeaderElection69 got exception when requesting votes: {}
java.util.concurrent.ExecutionException: org.apache.ratis.thirdparty.io.grpc.StatusRuntimeException: UNAVAILABLE: io exception
	at java.util.concurrent.FutureTask.report(FutureTask.java:122)
	at java.util.concurrent.FutureTask.get(FutureTask.java:192)
	at org.apache.ratis.server.impl.LeaderElection.waitForResults(LeaderElection.java:262)
	at org.apache.ratis.server.impl.LeaderElection.askForVotes(LeaderElection.java:200)
	at org.apache.ratis.server.impl.LeaderElection.run(LeaderElection.java:130)
	at java.lang.Thread.run(Thread.java:748)
Caused by: org.apache.ratis.thirdparty.io.grpc.StatusRuntimeException: UNAVAILABLE: io exception
	at org.apache.ratis.thirdparty.io.grpc.stub.ClientCalls.toStatusRuntimeException(ClientCalls.java:233)
	at org.apache.ratis.thirdparty.io.grpc.stub.ClientCalls.getUnchecked(ClientCalls.java:214)
	at org.apache.ratis.thirdparty.io.grpc.stub.ClientCalls.blockingUnaryCall(ClientCalls.java:139)
	at org.apache.ratis.proto.grpc.RaftServerProtocolServiceGrpc$RaftServerProtocolServiceBlockingStub.requestVote(RaftServerProtocolServiceGrpc.java:265)
	at org.apache.ratis.grpc.server.GrpcServerProtocolClient.requestVote(GrpcServerProtocolClient.java:83)
	at org.apache.ratis.grpc.server.GrpcService.requestVote(GrpcService.java:195)
	at org.apache.ratis.server.impl.LeaderElection.lambda$submitRequests$1(LeaderElection.java:237)
	at java.util.concurrent.FutureTask.run(FutureTask.java:266)
	at java.util.concurrent.Executors$RunnableAdapter.call(Executors.java:511)
	at java.util.concurrent.FutureTask.run(FutureTask.java:266)
	at java.util.concurrent.ThreadPoolExecutor.runWorker(ThreadPoolExecutor.java:1149)
	at java.util.concurrent.ThreadPoolExecutor$Worker.run(ThreadPoolExecutor.java:624)
	... 1 more
Caused by: org.apache.ratis.thirdparty.io.netty.channel.AbstractChannel$AnnotatedConnectException: Connection refused: /192.168.69.88:42313
	at sun.nio.ch.SocketChannelImpl.checkConnect(Native Method)
	at sun.nio.ch.SocketChannelImpl.finishConnect(SocketChannelImpl.java:717)
	at org.apache.ratis.thirdparty.io.netty.channel.socket.nio.NioSocketChannel.doFinishConnect(NioSocketChannel.java:327)
	at org.apache.ratis.thirdparty.io.netty.channel.nio.AbstractNioChannel$AbstractNioUnsafe.finishConnect(AbstractNioChannel.java:340)
	at org.apache.ratis.thirdparty.io.netty.channel.nio.NioEventLoop.processSelectedKey(NioEventLoop.java:632)
	at org.apache.ratis.thirdparty.io.netty.channel.nio.NioEventLoop.processSelectedKeysOptimized(NioEventLoop.java:579)
	at org.apache.ratis.thirdparty.io.netty.channel.nio.NioEventLoop.processSelectedKeys(NioEventLoop.java:496)
	at org.apache.ratis.thirdparty.io.netty.channel.nio.NioEventLoop.run(NioEventLoop.java:458)
	at org.apache.ratis.thirdparty.io.netty.util.concurrent.SingleThreadEventExecutor$5.run(SingleThreadEventExecutor.java:897)
	at org.apache.ratis.thirdparty.io.netty.util.concurrent.FastThreadLocalRunnable.run(FastThreadLocalRunnable.java:30)
	... 1 more
Caused by: java.net.ConnectException: Connection refused
	... 11 more
2019-07-16 15:41:06,069 INFO  impl.LeaderElection (LeaderElection.java:logAndReturn(56)) - c06e5ee5-4e1f-439c-a23c-76ab36500eb0:group-8838F5CCAD23:LeaderElection69: Election REJECTED; received 0 response(s) [] and 2 exception(s); c06e5ee5-4e1f-439c-a23c-76ab36500eb0:t2, leader=null, voted=c06e5ee5-4e1f-439c-a23c-76ab36500eb0, raftlog=c06e5ee5-4e1f-439c-a23c-76ab36500eb0-SegmentedRaftLog:OPENED:c0,f0,i0, conf=0: [99aac624-90ba-45b0-8630-5cc530133441:192.168.69.88:36312, 7dff2f0e-a604-4fea-a429-db6e8d850676:192.168.69.88:42313, c06e5ee5-4e1f-439c-a23c-76ab36500eb0:192.168.69.88:41700], old=null
2019-07-16 15:41:06,069 INFO  impl.LeaderElection (LogUtils.java:infoOrTrace(149)) -   Exception 0: {}
java.util.concurrent.ExecutionException: org.apache.ratis.thirdparty.io.grpc.StatusRuntimeException: UNAVAILABLE: io exception
	at java.util.concurrent.FutureTask.report(FutureTask.java:122)
	at java.util.concurrent.FutureTask.get(FutureTask.java:192)
	at org.apache.ratis.server.impl.LeaderElection.waitForResults(LeaderElection.java:262)
	at org.apache.ratis.server.impl.LeaderElection.askForVotes(LeaderElection.java:200)
	at org.apache.ratis.server.impl.LeaderElection.run(LeaderElection.java:130)
	at java.lang.Thread.run(Thread.java:748)
Caused by: org.apache.ratis.thirdparty.io.grpc.StatusRuntimeException: UNAVAILABLE: io exception
	at org.apache.ratis.thirdparty.io.grpc.stub.ClientCalls.toStatusRuntimeException(ClientCalls.java:233)
	at org.apache.ratis.thirdparty.io.grpc.stub.ClientCalls.getUnchecked(ClientCalls.java:214)
	at org.apache.ratis.thirdparty.io.grpc.stub.ClientCalls.blockingUnaryCall(ClientCalls.java:139)
	at org.apache.ratis.proto.grpc.RaftServerProtocolServiceGrpc$RaftServerProtocolServiceBlockingStub.requestVote(RaftServerProtocolServiceGrpc.java:265)
	at org.apache.ratis.grpc.server.GrpcServerProtocolClient.requestVote(GrpcServerProtocolClient.java:83)
	at org.apache.ratis.grpc.server.GrpcService.requestVote(GrpcService.java:195)
	at org.apache.ratis.server.impl.LeaderElection.lambda$submitRequests$1(LeaderElection.java:237)
	at java.util.concurrent.FutureTask.run(FutureTask.java:266)
	at java.util.concurrent.Executors$RunnableAdapter.call(Executors.java:511)
	at java.util.concurrent.FutureTask.run(FutureTask.java:266)
	at java.util.concurrent.ThreadPoolExecutor.runWorker(ThreadPoolExecutor.java:1149)
	at java.util.concurrent.ThreadPoolExecutor$Worker.run(ThreadPoolExecutor.java:624)
	... 1 more
Caused by: org.apache.ratis.thirdparty.io.netty.channel.AbstractChannel$AnnotatedConnectException: Connection refused: /192.168.69.88:36312
	at sun.nio.ch.SocketChannelImpl.checkConnect(Native Method)
	at sun.nio.ch.SocketChannelImpl.finishConnect(SocketChannelImpl.java:717)
	at org.apache.ratis.thirdparty.io.netty.channel.socket.nio.NioSocketChannel.doFinishConnect(NioSocketChannel.java:327)
	at org.apache.ratis.thirdparty.io.netty.channel.nio.AbstractNioChannel$AbstractNioUnsafe.finishConnect(AbstractNioChannel.java:340)
	at org.apache.ratis.thirdparty.io.netty.channel.nio.NioEventLoop.processSelectedKey(NioEventLoop.java:632)
	at org.apache.ratis.thirdparty.io.netty.channel.nio.NioEventLoop.processSelectedKeysOptimized(NioEventLoop.java:579)
	at org.apache.ratis.thirdparty.io.netty.channel.nio.NioEventLoop.processSelectedKeys(NioEventLoop.java:496)
	at org.apache.ratis.thirdparty.io.netty.channel.nio.NioEventLoop.run(NioEventLoop.java:458)
	at org.apache.ratis.thirdparty.io.netty.util.concurrent.SingleThreadEventExecutor$5.run(SingleThreadEventExecutor.java:897)
	at org.apache.ratis.thirdparty.io.netty.util.concurrent.FastThreadLocalRunnable.run(FastThreadLocalRunnable.java:30)
	... 1 more
Caused by: java.net.ConnectException: Connection refused
	... 11 more
2019-07-16 15:41:06,069 INFO  impl.LeaderElection (LogUtils.java:infoOrTrace(149)) -   Exception 1: {}
java.util.concurrent.ExecutionException: org.apache.ratis.thirdparty.io.grpc.StatusRuntimeException: UNAVAILABLE: io exception
	at java.util.concurrent.FutureTask.report(FutureTask.java:122)
	at java.util.concurrent.FutureTask.get(FutureTask.java:192)
	at org.apache.ratis.server.impl.LeaderElection.waitForResults(LeaderElection.java:262)
	at org.apache.ratis.server.impl.LeaderElection.askForVotes(LeaderElection.java:200)
	at org.apache.ratis.server.impl.LeaderElection.run(LeaderElection.java:130)
	at java.lang.Thread.run(Thread.java:748)
Caused by: org.apache.ratis.thirdparty.io.grpc.StatusRuntimeException: UNAVAILABLE: io exception
	at org.apache.ratis.thirdparty.io.grpc.stub.ClientCalls.toStatusRuntimeException(ClientCalls.java:233)
	at org.apache.ratis.thirdparty.io.grpc.stub.ClientCalls.getUnchecked(ClientCalls.java:214)
	at org.apache.ratis.thirdparty.io.grpc.stub.ClientCalls.blockingUnaryCall(ClientCalls.java:139)
	at org.apache.ratis.proto.grpc.RaftServerProtocolServiceGrpc$RaftServerProtocolServiceBlockingStub.requestVote(RaftServerProtocolServiceGrpc.java:265)
	at org.apache.ratis.grpc.server.GrpcServerProtocolClient.requestVote(GrpcServerProtocolClient.java:83)
	at org.apache.ratis.grpc.server.GrpcService.requestVote(GrpcService.java:195)
	at org.apache.ratis.server.impl.LeaderElection.lambda$submitRequests$1(LeaderElection.java:237)
	at java.util.concurrent.FutureTask.run(FutureTask.java:266)
	at java.util.concurrent.Executors$RunnableAdapter.call(Executors.java:511)
	at java.util.concurrent.FutureTask.run(FutureTask.java:266)
	at java.util.concurrent.ThreadPoolExecutor.runWorker(ThreadPoolExecutor.java:1149)
	at java.util.concurrent.ThreadPoolExecutor$Worker.run(ThreadPoolExecutor.java:624)
	... 1 more
Caused by: org.apache.ratis.thirdparty.io.netty.channel.AbstractChannel$AnnotatedConnectException: Connection refused: /192.168.69.88:42313
	at sun.nio.ch.SocketChannelImpl.checkConnect(Native Method)
	at sun.nio.ch.SocketChannelImpl.finishConnect(SocketChannelImpl.java:717)
	at org.apache.ratis.thirdparty.io.netty.channel.socket.nio.NioSocketChannel.doFinishConnect(NioSocketChannel.java:327)
	at org.apache.ratis.thirdparty.io.netty.channel.nio.AbstractNioChannel$AbstractNioUnsafe.finishConnect(AbstractNioChannel.java:340)
	at org.apache.ratis.thirdparty.io.netty.channel.nio.NioEventLoop.processSelectedKey(NioEventLoop.java:632)
	at org.apache.ratis.thirdparty.io.netty.channel.nio.NioEventLoop.processSelectedKeysOptimized(NioEventLoop.java:579)
	at org.apache.ratis.thirdparty.io.netty.channel.nio.NioEventLoop.processSelectedKeys(NioEventLoop.java:496)
	at org.apache.ratis.thirdparty.io.netty.channel.nio.NioEventLoop.run(NioEventLoop.java:458)
	at org.apache.ratis.thirdparty.io.netty.util.concurrent.SingleThreadEventExecutor$5.run(SingleThreadEventExecutor.java:897)
	at org.apache.ratis.thirdparty.io.netty.util.concurrent.FastThreadLocalRunnable.run(FastThreadLocalRunnable.java:30)
	... 1 more
Caused by: java.net.ConnectException: Connection refused
	... 11 more
2019-07-16 15:41:06,069 INFO  impl.RaftServerImpl (RaftServerImpl.java:setRole(171)) - c06e5ee5-4e1f-439c-a23c-76ab36500eb0:group-8838F5CCAD23 changes role from CANDIDATE to FOLLOWER at term 2 for DISCOVERED_A_NEW_TERM
2019-07-16 15:41:06,069 INFO  impl.RoleInfo (RoleInfo.java:shutdownLeaderElection(134)) - c06e5ee5-4e1f-439c-a23c-76ab36500eb0: shutdown LeaderElection
2019-07-16 15:41:06,069 INFO  impl.RoleInfo (RoleInfo.java:updateAndGet(143)) - c06e5ee5-4e1f-439c-a23c-76ab36500eb0: start FollowerState
2019-07-16 15:41:07,721 INFO  node.StaleNodeHandler (StaleNodeHandler.java:onMessage(58)) - Datanode b5c8bad0-1112-4930-b2f1-9816bb67ecb4{ip: 192.168.69.88, host: trunk-nightly-kgw5x-1882989438, networkLocation: /default-rack, certSerialId: null} moved to stale state. Finalizing its pipelines [PipelineID=747c91ed-9c76-4729-94fa-ffc12ede79ba, PipelineID=bd80b79a-5ded-427f-9e33-5ed0b60e427f]
2019-07-16 15:41:07,721 INFO  pipeline.SCMPipelineManager (SCMPipelineManager.java:finalizeAndDestroyPipeline(309)) - destroying pipeline:Pipeline[ Id: 747c91ed-9c76-4729-94fa-ffc12ede79ba, Nodes: 9a22207e-ca6a-47bd-b084-7f19b158376f{ip: 192.168.69.88, host: trunk-nightly-kgw5x-1882989438, networkLocation: /default-rack, certSerialId: null}b5c8bad0-1112-4930-b2f1-9816bb67ecb4{ip: 192.168.69.88, host: trunk-nightly-kgw5x-1882989438, networkLocation: /default-rack, certSerialId: null}a6d13e46-f00f-4c8a-a728-0b006a12ecd7{ip: 192.168.69.88, host: trunk-nightly-kgw5x-1882989438, networkLocation: /default-rack, certSerialId: null}, Type:RATIS, Factor:THREE, State:CLOSED]
2019-07-16 15:41:07,721 INFO  pipeline.SCMPipelineManager (SCMPipelineManager.java:finalizeAndDestroyPipeline(309)) - destroying pipeline:Pipeline[ Id: bd80b79a-5ded-427f-9e33-5ed0b60e427f, Nodes: b5c8bad0-1112-4930-b2f1-9816bb67ecb4{ip: 192.168.69.88, host: trunk-nightly-kgw5x-1882989438, networkLocation: /default-rack, certSerialId: null}, Type:RATIS, Factor:ONE, State:OPEN]
2019-07-16 15:41:07,722 INFO  pipeline.PipelineStateManager (PipelineStateManager.java:finalizePipeline(123)) - Pipeline Pipeline[ Id: bd80b79a-5ded-427f-9e33-5ed0b60e427f, Nodes: b5c8bad0-1112-4930-b2f1-9816bb67ecb4{ip: 192.168.69.88, host: trunk-nightly-kgw5x-1882989438, networkLocation: /default-rack, certSerialId: null}, Type:RATIS, Factor:ONE, State:CLOSED] moved to CLOSED state
2019-07-16 15:41:07,808 WARN  server.GrpcLogAppender (LogUtils.java:warn(134)) - b5c8bad0-1112-4930-b2f1-9816bb67ecb4->a6d13e46-f00f-4c8a-a728-0b006a12ecd7: Failed appendEntries: org.apache.ratis.thirdparty.io.grpc.StatusRuntimeException: UNAVAILABLE: io exception
2019-07-16 15:41:07,808 INFO  impl.FollowerInfo (FollowerInfo.java:lambda$new$0(50)) - b5c8bad0-1112-4930-b2f1-9816bb67ecb4->a6d13e46-f00f-4c8a-a728-0b006a12ecd7: nextIndex: updateUnconditionally 0 -> 0
2019-07-16 15:41:07,810 WARN  server.GrpcLogAppender (LogUtils.java:warn(134)) - b5c8bad0-1112-4930-b2f1-9816bb67ecb4->9a22207e-ca6a-47bd-b084-7f19b158376f: Failed appendEntries: org.apache.ratis.thirdparty.io.grpc.StatusRuntimeException: UNAVAILABLE: io exception
2019-07-16 15:41:07,810 INFO  impl.FollowerInfo (FollowerInfo.java:lambda$new$0(50)) - b5c8bad0-1112-4930-b2f1-9816bb67ecb4->9a22207e-ca6a-47bd-b084-7f19b158376f: nextIndex: updateUnconditionally 0 -> 0
2019-07-16 15:41:07,821 INFO  node.StaleNodeHandler (StaleNodeHandler.java:onMessage(58)) - Datanode dccbc6c7-1500-4991-a951-250918556bc3{ip: 192.168.69.88, host: trunk-nightly-kgw5x-1882989438, networkLocation: /default-rack, certSerialId: null} moved to stale state. Finalizing its pipelines [PipelineID=092c32be-9e18-46f7-8bc9-c652ca604b36]
2019-07-16 15:41:07,821 INFO  pipeline.SCMPipelineManager (SCMPipelineManager.java:finalizeAndDestroyPipeline(309)) - destroying pipeline:Pipeline[ Id: 092c32be-9e18-46f7-8bc9-c652ca604b36, Nodes: dccbc6c7-1500-4991-a951-250918556bc3{ip: 192.168.69.88, host: trunk-nightly-kgw5x-1882989438, networkLocation: /default-rack, certSerialId: null}, Type:RATIS, Factor:ONE, State:OPEN]
2019-07-16 15:41:07,821 INFO  pipeline.PipelineStateManager (PipelineStateManager.java:finalizePipeline(123)) - Pipeline Pipeline[ Id: 092c32be-9e18-46f7-8bc9-c652ca604b36, Nodes: dccbc6c7-1500-4991-a951-250918556bc3{ip: 192.168.69.88, host: trunk-nightly-kgw5x-1882989438, networkLocation: /default-rack, certSerialId: null}, Type:RATIS, Factor:ONE, State:CLOSED] moved to CLOSED state
2019-07-16 15:41:08,288 INFO  ozoneimpl.OzoneContainer (OzoneContainer.java:stop(199)) - Attempting to stop container services.
2019-07-16 15:41:08,288 INFO  ozoneimpl.OzoneContainer (OzoneContainer.java:stop(199)) - Attempting to stop container services.
2019-07-16 15:41:08,288 INFO  impl.RaftServerProxy (RaftServerProxy.java:lambda$close$4(314)) - dccbc6c7-1500-4991-a951-250918556bc3: close
2019-07-16 15:41:08,289 INFO  impl.RaftServerProxy (RaftServerProxy.java:lambda$close$4(314)) - b5c8bad0-1112-4930-b2f1-9816bb67ecb4: close
2019-07-16 15:41:08,289 INFO  impl.RaftServerImpl (RaftServerImpl.java:lambda$shutdown$3(245)) - dccbc6c7-1500-4991-a951-250918556bc3: shutdown group-C652CA604B36
2019-07-16 15:41:08,290 INFO  impl.RaftServerImpl (RaftServerImpl.java:lambda$shutdown$3(245)) - b5c8bad0-1112-4930-b2f1-9816bb67ecb4: shutdown group-FFC12EDE79BA
2019-07-16 15:41:08,290 INFO  util.JmxRegister (JmxRegister.java:unregister(73)) - Successfully un-registered JMX Bean with object name Ratis:service=RaftServer,group=group-C652CA604B36,id=dccbc6c7-1500-4991-a951-250918556bc3
2019-07-16 15:41:08,290 INFO  util.JmxRegister (JmxRegister.java:unregister(73)) - Successfully un-registered JMX Bean with object name Ratis:service=RaftServer,group=group-FFC12EDE79BA,id=b5c8bad0-1112-4930-b2f1-9816bb67ecb4
2019-07-16 15:41:08,291 INFO  impl.RoleInfo (RoleInfo.java:shutdownLeaderState(104)) - dccbc6c7-1500-4991-a951-250918556bc3: shutdown LeaderState
2019-07-16 15:41:08,291 INFO  impl.RoleInfo (RoleInfo.java:shutdownLeaderState(104)) - b5c8bad0-1112-4930-b2f1-9816bb67ecb4: shutdown LeaderState
2019-07-16 15:41:08,292 INFO  impl.PendingRequests (PendingRequests.java:sendNotLeaderResponses(202)) - dccbc6c7-1500-4991-a951-250918556bc3-PendingRequests: sendNotLeaderResponses
2019-07-16 15:41:08,301 INFO  impl.PendingRequests (PendingRequests.java:sendNotLeaderResponses(202)) - b5c8bad0-1112-4930-b2f1-9816bb67ecb4-PendingRequests: sendNotLeaderResponses
2019-07-16 15:41:08,301 WARN  server.GrpcLogAppender (GrpcLogAppender.java:mayWait(143)) - GrpcLogAppender(b5c8bad0-1112-4930-b2f1-9816bb67ecb4->a6d13e46-f00f-4c8a-a728-0b006a12ecd7): Wait interrupted by java.lang.InterruptedException
2019-07-16 15:41:08,302 INFO  impl.StateMachineUpdater (StateMachineUpdater.java:stopAndJoin(115)) - StateMachineUpdater:b5c8bad0-1112-4930-b2f1-9816bb67ecb4:group-FFC12EDE79BA: set stopIndex = 0
2019-07-16 15:41:08,301 WARN  server.GrpcLogAppender (GrpcLogAppender.java:mayWait(143)) - GrpcLogAppender(b5c8bad0-1112-4930-b2f1-9816bb67ecb4->9a22207e-ca6a-47bd-b084-7f19b158376f): Wait interrupted by java.lang.InterruptedException
2019-07-16 15:41:08,302 INFO  impl.RaftServerImpl (ServerState.java:close(394)) - b5c8bad0-1112-4930-b2f1-9816bb67ecb4:group-FFC12EDE79BA closes. The last applied log index is 0
2019-07-16 15:41:08,301 INFO  impl.StateMachineUpdater (StateMachineUpdater.java:stopAndJoin(115)) - StateMachineUpdater:dccbc6c7-1500-4991-a951-250918556bc3:group-C652CA604B36: set stopIndex = 0
2019-07-16 15:41:08,303 INFO  impl.RaftServerImpl (ServerState.java:close(394)) - dccbc6c7-1500-4991-a951-250918556bc3:group-C652CA604B36 closes. The last applied log index is 0
2019-07-16 15:41:08,302 INFO  segmented.SegmentedRaftLogWorker (SegmentedRaftLogWorker.java:run(313)) - b5c8bad0-1112-4930-b2f1-9816bb67ecb4-SegmentedRaftLogWorker:Storage Directory /workdir/hadoop-ozone/integration-test/target/test-dir/MiniOzoneClusterImpl-386b5208-f273-4a43-a586-80facaa1f908/datanode-0/data/ratis/747c91ed-9c76-4729-94fa-ffc12ede79ba was interrupted, exiting. There are 0 tasks remaining in the queue.
2019-07-16 15:41:08,303 INFO  segmented.SegmentedRaftLogWorker (SegmentedRaftLogWorker.java:run(313)) - dccbc6c7-1500-4991-a951-250918556bc3-SegmentedRaftLogWorker:Storage Directory /workdir/hadoop-ozone/integration-test/target/test-dir/MiniOzoneClusterImpl-386b5208-f273-4a43-a586-80facaa1f908/datanode-6/data/ratis/092c32be-9e18-46f7-8bc9-c652ca604b36 was interrupted, exiting. There are 0 tasks remaining in the queue.
2019-07-16 15:41:08,306 INFO  segmented.SegmentedRaftLogWorker (SegmentedRaftLogWorker.java:close(228)) - b5c8bad0-1112-4930-b2f1-9816bb67ecb4-SegmentedRaftLogWorker:Storage Directory /workdir/hadoop-ozone/integration-test/target/test-dir/MiniOzoneClusterImpl-386b5208-f273-4a43-a586-80facaa1f908/datanode-0/data/ratis/747c91ed-9c76-4729-94fa-ffc12ede79ba close()
2019-07-16 15:41:08,306 INFO  segmented.SegmentedRaftLogWorker (SegmentedRaftLogWorker.java:close(228)) - dccbc6c7-1500-4991-a951-250918556bc3-SegmentedRaftLogWorker:Storage Directory /workdir/hadoop-ozone/integration-test/target/test-dir/MiniOzoneClusterImpl-386b5208-f273-4a43-a586-80facaa1f908/datanode-6/data/ratis/092c32be-9e18-46f7-8bc9-c652ca604b36 close()
2019-07-16 15:41:08,307 INFO  impl.RaftServerImpl (RaftServerImpl.java:lambda$shutdown$3(245)) - b5c8bad0-1112-4930-b2f1-9816bb67ecb4: shutdown group-5ED0B60E427F
2019-07-16 15:41:08,312 INFO  server.GrpcService (GrpcService.java:closeImpl(155)) - dccbc6c7-1500-4991-a951-250918556bc3: shutdown server with port 44000 now
2019-07-16 15:41:08,312 INFO  util.JmxRegister (JmxRegister.java:unregister(73)) - Successfully un-registered JMX Bean with object name Ratis:service=RaftServer,group=group-5ED0B60E427F,id=b5c8bad0-1112-4930-b2f1-9816bb67ecb4
2019-07-16 15:41:08,314 INFO  impl.RoleInfo (RoleInfo.java:shutdownLeaderState(104)) - b5c8bad0-1112-4930-b2f1-9816bb67ecb4: shutdown LeaderState
2019-07-16 15:41:08,314 INFO  server.GrpcService (GrpcService.java:closeImpl(163)) - dccbc6c7-1500-4991-a951-250918556bc3: shutdown server with port 44000 successfully
2019-07-16 15:41:08,314 INFO  impl.PendingRequests (PendingRequests.java:sendNotLeaderResponses(202)) - b5c8bad0-1112-4930-b2f1-9816bb67ecb4-PendingRequests: sendNotLeaderResponses
2019-07-16 15:41:08,315 INFO  impl.StateMachineUpdater (StateMachineUpdater.java:stopAndJoin(115)) - StateMachineUpdater:b5c8bad0-1112-4930-b2f1-9816bb67ecb4:group-5ED0B60E427F: set stopIndex = 0
2019-07-16 15:41:08,315 INFO  impl.RaftServerImpl (ServerState.java:close(394)) - b5c8bad0-1112-4930-b2f1-9816bb67ecb4:group-5ED0B60E427F closes. The last applied log index is 0
2019-07-16 15:41:08,315 INFO  segmented.SegmentedRaftLogWorker (SegmentedRaftLogWorker.java:run(313)) - b5c8bad0-1112-4930-b2f1-9816bb67ecb4-SegmentedRaftLogWorker:Storage Directory /workdir/hadoop-ozone/integration-test/target/test-dir/MiniOzoneClusterImpl-386b5208-f273-4a43-a586-80facaa1f908/datanode-0/data/ratis/bd80b79a-5ded-427f-9e33-5ed0b60e427f was interrupted, exiting. There are 0 tasks remaining in the queue.
2019-07-16 15:41:08,316 INFO  segmented.SegmentedRaftLogWorker (SegmentedRaftLogWorker.java:close(228)) - b5c8bad0-1112-4930-b2f1-9816bb67ecb4-SegmentedRaftLogWorker:Storage Directory /workdir/hadoop-ozone/integration-test/target/test-dir/MiniOzoneClusterImpl-386b5208-f273-4a43-a586-80facaa1f908/datanode-0/data/ratis/bd80b79a-5ded-427f-9e33-5ed0b60e427f close()
2019-07-16 15:41:08,316 INFO  server.GrpcService (GrpcService.java:closeImpl(155)) - b5c8bad0-1112-4930-b2f1-9816bb67ecb4: shutdown server with port 38133 now
2019-07-16 15:41:08,316 INFO  server.GrpcService (GrpcService.java:closeImpl(163)) - b5c8bad0-1112-4930-b2f1-9816bb67ecb4: shutdown server with port 38133 successfully
2019-07-16 15:41:08,318 INFO  utils.BackgroundService (BackgroundService.java:shutdown(148)) - Shutting down service BlockDeletingService
2019-07-16 15:41:08,319 INFO  utils.BackgroundService (BackgroundService.java:shutdown(148)) - Shutting down service BlockDeletingService
2019-07-16 15:41:08,321 WARN  fs.CachingGetSpaceUsed (CachingGetSpaceUsed.java:run(183)) - Thread Interrupted waiting to refresh disk information: sleep interrupted
2019-07-16 15:41:08,324 WARN  fs.CachingGetSpaceUsed (CachingGetSpaceUsed.java:run(183)) - Thread Interrupted waiting to refresh disk information: sleep interrupted
2019-07-16 15:41:08,335 INFO  statemachine.DatanodeStateMachine (DatanodeStateMachine.java:stopDaemon(395)) - Ozone container server stopped.
2019-07-16 15:41:08,338 INFO  handler.ContextHandler (ContextHandler.java:doStop(910)) - Stopped o.e.j.w.WebAppContext@629cf53c{/,null,UNAVAILABLE}{/hddsDatanode}
2019-07-16 15:41:08,339 INFO  server.AbstractConnector (AbstractConnector.java:doStop(318)) - Stopped ServerConnector@6d84ab90{HTTP/1.1,[http/1.1]}{0.0.0.0:0}
2019-07-16 15:41:08,341 INFO  handler.ContextHandler (ContextHandler.java:doStop(910)) - Stopped o.e.j.s.ServletContextHandler@30a4a111{/static,jar:file:/home/user/.m2/repository/org/apache/hadoop/hadoop-hdds-container-service/0.5.0-SNAPSHOT/hadoop-hdds-container-service-0.5.0-SNAPSHOT.jar!/webapps/static,UNAVAILABLE}
2019-07-16 15:41:08,342 INFO  handler.ContextHandler (ContextHandler.java:doStop(910)) - Stopped o.e.j.s.ServletContextHandler@143900a6{/logs,file:///workdir/hadoop-ozone/integration-test/target/log,UNAVAILABLE}
2019-07-16 15:41:08,345 INFO  datanode.ObjectStoreHandler (ObjectStoreHandler.java:close(155)) - Closing ObjectStoreHandler.
2019-07-16 15:41:08,346 INFO  statemachine.DatanodeStateMachine (DatanodeStateMachine.java:stopDaemon(395)) - Ozone container server stopped.
2019-07-16 15:41:08,346 INFO  ozone.HddsDatanodeService (HddsDatanodeService.java:stop(452)) - Stopped plug-in org.apache.hadoop.ozone.web.OzoneHddsDatanodeService@711261c7
2019-07-16 15:41:08,347 INFO  handler.ContextHandler (ContextHandler.java:doStop(910)) - Stopped o.e.j.w.WebAppContext@25814d3c{/,null,UNAVAILABLE}{/hddsDatanode}
2019-07-16 15:41:08,348 INFO  server.AbstractConnector (AbstractConnector.java:doStop(318)) - Stopped ServerConnector@436103b1{HTTP/1.1,[http/1.1]}{0.0.0.0:0}
2019-07-16 15:41:08,348 INFO  handler.ContextHandler (ContextHandler.java:doStop(910)) - Stopped o.e.j.s.ServletContextHandler@10b0dd3a{/static,jar:file:/home/user/.m2/repository/org/apache/hadoop/hadoop-hdds-container-service/0.5.0-SNAPSHOT/hadoop-hdds-container-service-0.5.0-SNAPSHOT.jar!/webapps/static,UNAVAILABLE}
2019-07-16 15:41:08,349 INFO  handler.ContextHandler (ContextHandler.java:doStop(910)) - Stopped o.e.j.s.ServletContextHandler@2220c5f7{/logs,file:///workdir/hadoop-ozone/integration-test/target/log,UNAVAILABLE}
2019-07-16 15:41:08,596 INFO  statemachine.DatanodeStateMachine (DatanodeStateMachine.java:lambda$startDaemon$0(350)) - Ozone container server started.
2019-07-16 15:41:11,197 INFO  impl.FollowerState (FollowerState.java:run(106)) - c06e5ee5-4e1f-439c-a23c-76ab36500eb0:group-8838F5CCAD23 changes to CANDIDATE, lastRpcTime:5127, electionTimeout:5127ms
2019-07-16 15:41:11,197 INFO  impl.RoleInfo (RoleInfo.java:shutdownFollowerState(121)) - c06e5ee5-4e1f-439c-a23c-76ab36500eb0: shutdown FollowerState
2019-07-16 15:41:11,197 INFO  impl.RaftServerImpl (RaftServerImpl.java:setRole(171)) - c06e5ee5-4e1f-439c-a23c-76ab36500eb0:group-8838F5CCAD23 changes role from FOLLOWER to CANDIDATE at term 2 for changeToCandidate
2019-07-16 15:41:11,197 INFO  impl.RoleInfo (RoleInfo.java:updateAndGet(143)) - c06e5ee5-4e1f-439c-a23c-76ab36500eb0: start LeaderElection
2019-07-16 15:41:11,225 INFO  impl.LeaderElection (LeaderElection.java:askForVotes(181)) - c06e5ee5-4e1f-439c-a23c-76ab36500eb0:group-8838F5CCAD23:LeaderElection70: begin an election at term 3 for 0: [99aac624-90ba-45b0-8630-5cc530133441:192.168.69.88:36312, 7dff2f0e-a604-4fea-a429-db6e8d850676:192.168.69.88:42313, c06e5ee5-4e1f-439c-a23c-76ab36500eb0:192.168.69.88:41700], old=null
2019-07-16 15:41:11,226 INFO  impl.LeaderElection (LogUtils.java:infoOrTrace(149)) - c06e5ee5-4e1f-439c-a23c-76ab36500eb0:group-8838F5CCAD23:LeaderElection70 got exception when requesting votes: {}
java.util.concurrent.ExecutionException: org.apache.ratis.thirdparty.io.grpc.StatusRuntimeException: UNAVAILABLE: io exception
	at java.util.concurrent.FutureTask.report(FutureTask.java:122)
	at java.util.concurrent.FutureTask.get(FutureTask.java:192)
	at org.apache.ratis.server.impl.LeaderElection.waitForResults(LeaderElection.java:262)
	at org.apache.ratis.server.impl.LeaderElection.askForVotes(LeaderElection.java:200)
	at org.apache.ratis.server.impl.LeaderElection.run(LeaderElection.java:130)
	at java.lang.Thread.run(Thread.java:748)
Caused by: org.apache.ratis.thirdparty.io.grpc.StatusRuntimeException: UNAVAILABLE: io exception
	at org.apache.ratis.thirdparty.io.grpc.stub.ClientCalls.toStatusRuntimeException(ClientCalls.java:233)
	at org.apache.ratis.thirdparty.io.grpc.stub.ClientCalls.getUnchecked(ClientCalls.java:214)
	at org.apache.ratis.thirdparty.io.grpc.stub.ClientCalls.blockingUnaryCall(ClientCalls.java:139)
	at org.apache.ratis.proto.grpc.RaftServerProtocolServiceGrpc$RaftServerProtocolServiceBlockingStub.requestVote(RaftServerProtocolServiceGrpc.java:265)
	at org.apache.ratis.grpc.server.GrpcServerProtocolClient.requestVote(GrpcServerProtocolClient.java:83)
	at org.apache.ratis.grpc.server.GrpcService.requestVote(GrpcService.java:195)
	at org.apache.ratis.server.impl.LeaderElection.lambda$submitRequests$1(LeaderElection.java:237)
	at java.util.concurrent.FutureTask.run(FutureTask.java:266)
	at java.util.concurrent.Executors$RunnableAdapter.call(Executors.java:511)
	at java.util.concurrent.FutureTask.run(FutureTask.java:266)
	at java.util.concurrent.ThreadPoolExecutor.runWorker(ThreadPoolExecutor.java:1149)
	at java.util.concurrent.ThreadPoolExecutor$Worker.run(ThreadPoolExecutor.java:624)
	... 1 more
Caused by: org.apache.ratis.thirdparty.io.netty.channel.AbstractChannel$AnnotatedConnectException: Connection refused: /192.168.69.88:36312
	at sun.nio.ch.SocketChannelImpl.checkConnect(Native Method)
	at sun.nio.ch.SocketChannelImpl.finishConnect(SocketChannelImpl.java:717)
	at org.apache.ratis.thirdparty.io.netty.channel.socket.nio.NioSocketChannel.doFinishConnect(NioSocketChannel.java:327)
	at org.apache.ratis.thirdparty.io.netty.channel.nio.AbstractNioChannel$AbstractNioUnsafe.finishConnect(AbstractNioChannel.java:340)
	at org.apache.ratis.thirdparty.io.netty.channel.nio.NioEventLoop.processSelectedKey(NioEventLoop.java:632)
	at org.apache.ratis.thirdparty.io.netty.channel.nio.NioEventLoop.processSelectedKeysOptimized(NioEventLoop.java:579)
	at org.apache.ratis.thirdparty.io.netty.channel.nio.NioEventLoop.processSelectedKeys(NioEventLoop.java:496)
	at org.apache.ratis.thirdparty.io.netty.channel.nio.NioEventLoop.run(NioEventLoop.java:458)
	at org.apache.ratis.thirdparty.io.netty.util.concurrent.SingleThreadEventExecutor$5.run(SingleThreadEventExecutor.java:897)
	at org.apache.ratis.thirdparty.io.netty.util.concurrent.FastThreadLocalRunnable.run(FastThreadLocalRunnable.java:30)
	... 1 more
Caused by: java.net.ConnectException: Connection refused
	... 11 more
2019-07-16 15:41:11,228 INFO  impl.LeaderElection (LogUtils.java:infoOrTrace(149)) - c06e5ee5-4e1f-439c-a23c-76ab36500eb0:group-8838F5CCAD23:LeaderElection70 got exception when requesting votes: {}
java.util.concurrent.ExecutionException: org.apache.ratis.thirdparty.io.grpc.StatusRuntimeException: UNAVAILABLE: io exception
	at java.util.concurrent.FutureTask.report(FutureTask.java:122)
	at java.util.concurrent.FutureTask.get(FutureTask.java:192)
	at org.apache.ratis.server.impl.LeaderElection.waitForResults(LeaderElection.java:262)
	at org.apache.ratis.server.impl.LeaderElection.askForVotes(LeaderElection.java:200)
	at org.apache.ratis.server.impl.LeaderElection.run(LeaderElection.java:130)
	at java.lang.Thread.run(Thread.java:748)
Caused by: org.apache.ratis.thirdparty.io.grpc.StatusRuntimeException: UNAVAILABLE: io exception
	at org.apache.ratis.thirdparty.io.grpc.stub.ClientCalls.toStatusRuntimeException(ClientCalls.java:233)
	at org.apache.ratis.thirdparty.io.grpc.stub.ClientCalls.getUnchecked(ClientCalls.java:214)
	at org.apache.ratis.thirdparty.io.grpc.stub.ClientCalls.blockingUnaryCall(ClientCalls.java:139)
	at org.apache.ratis.proto.grpc.RaftServerProtocolServiceGrpc$RaftServerProtocolServiceBlockingStub.requestVote(RaftServerProtocolServiceGrpc.java:265)
	at org.apache.ratis.grpc.server.GrpcServerProtocolClient.requestVote(GrpcServerProtocolClient.java:83)
	at org.apache.ratis.grpc.server.GrpcService.requestVote(GrpcService.java:195)
	at org.apache.ratis.server.impl.LeaderElection.lambda$submitRequests$1(LeaderElection.java:237)
	at java.util.concurrent.FutureTask.run(FutureTask.java:266)
	at java.util.concurrent.Executors$RunnableAdapter.call(Executors.java:511)
	at java.util.concurrent.FutureTask.run(FutureTask.java:266)
	at java.util.concurrent.ThreadPoolExecutor.runWorker(ThreadPoolExecutor.java:1149)
	at java.util.concurrent.ThreadPoolExecutor$Worker.run(ThreadPoolExecutor.java:624)
	... 1 more
Caused by: org.apache.ratis.thirdparty.io.netty.channel.AbstractChannel$AnnotatedConnectException: Connection refused: /192.168.69.88:42313
	at sun.nio.ch.SocketChannelImpl.checkConnect(Native Method)
	at sun.nio.ch.SocketChannelImpl.finishConnect(SocketChannelImpl.java:717)
	at org.apache.ratis.thirdparty.io.netty.channel.socket.nio.NioSocketChannel.doFinishConnect(NioSocketChannel.java:327)
	at org.apache.ratis.thirdparty.io.netty.channel.nio.AbstractNioChannel$AbstractNioUnsafe.finishConnect(AbstractNioChannel.java:340)
	at org.apache.ratis.thirdparty.io.netty.channel.nio.NioEventLoop.processSelectedKey(NioEventLoop.java:632)
	at org.apache.ratis.thirdparty.io.netty.channel.nio.NioEventLoop.processSelectedKeysOptimized(NioEventLoop.java:579)
	at org.apache.ratis.thirdparty.io.netty.channel.nio.NioEventLoop.processSelectedKeys(NioEventLoop.java:496)
	at org.apache.ratis.thirdparty.io.netty.channel.nio.NioEventLoop.run(NioEventLoop.java:458)
	at org.apache.ratis.thirdparty.io.netty.util.concurrent.SingleThreadEventExecutor$5.run(SingleThreadEventExecutor.java:897)
	at org.apache.ratis.thirdparty.io.netty.util.concurrent.FastThreadLocalRunnable.run(FastThreadLocalRunnable.java:30)
	... 1 more
Caused by: java.net.ConnectException: Connection refused
	... 11 more
2019-07-16 15:41:11,235 INFO  impl.LeaderElection (LeaderElection.java:logAndReturn(56)) - c06e5ee5-4e1f-439c-a23c-76ab36500eb0:group-8838F5CCAD23:LeaderElection70: Election REJECTED; received 0 response(s) [] and 2 exception(s); c06e5ee5-4e1f-439c-a23c-76ab36500eb0:t3, leader=null, voted=c06e5ee5-4e1f-439c-a23c-76ab36500eb0, raftlog=c06e5ee5-4e1f-439c-a23c-76ab36500eb0-SegmentedRaftLog:OPENED:c0,f0,i0, conf=0: [99aac624-90ba-45b0-8630-5cc530133441:192.168.69.88:36312, 7dff2f0e-a604-4fea-a429-db6e8d850676:192.168.69.88:42313, c06e5ee5-4e1f-439c-a23c-76ab36500eb0:192.168.69.88:41700], old=null
2019-07-16 15:41:11,235 INFO  impl.LeaderElection (LogUtils.java:infoOrTrace(149)) -   Exception 0: {}
java.util.concurrent.ExecutionException: org.apache.ratis.thirdparty.io.grpc.StatusRuntimeException: UNAVAILABLE: io exception
	at java.util.concurrent.FutureTask.report(FutureTask.java:122)
	at java.util.concurrent.FutureTask.get(FutureTask.java:192)
	at org.apache.ratis.server.impl.LeaderElection.waitForResults(LeaderElection.java:262)
	at org.apache.ratis.server.impl.LeaderElection.askForVotes(LeaderElection.java:200)
	at org.apache.ratis.server.impl.LeaderElection.run(LeaderElection.java:130)
	at java.lang.Thread.run(Thread.java:748)
Caused by: org.apache.ratis.thirdparty.io.grpc.StatusRuntimeException: UNAVAILABLE: io exception
	at org.apache.ratis.thirdparty.io.grpc.stub.ClientCalls.toStatusRuntimeException(ClientCalls.java:233)
	at org.apache.ratis.thirdparty.io.grpc.stub.ClientCalls.getUnchecked(ClientCalls.java:214)
	at org.apache.ratis.thirdparty.io.grpc.stub.ClientCalls.blockingUnaryCall(ClientCalls.java:139)
	at org.apache.ratis.proto.grpc.RaftServerProtocolServiceGrpc$RaftServerProtocolServiceBlockingStub.requestVote(RaftServerProtocolServiceGrpc.java:265)
	at org.apache.ratis.grpc.server.GrpcServerProtocolClient.requestVote(GrpcServerProtocolClient.java:83)
	at org.apache.ratis.grpc.server.GrpcService.requestVote(GrpcService.java:195)
	at org.apache.ratis.server.impl.LeaderElection.lambda$submitRequests$1(LeaderElection.java:237)
	at java.util.concurrent.FutureTask.run(FutureTask.java:266)
	at java.util.concurrent.Executors$RunnableAdapter.call(Executors.java:511)
	at java.util.concurrent.FutureTask.run(FutureTask.java:266)
	at java.util.concurrent.ThreadPoolExecutor.runWorker(ThreadPoolExecutor.java:1149)
	at java.util.concurrent.ThreadPoolExecutor$Worker.run(ThreadPoolExecutor.java:624)
	... 1 more
Caused by: org.apache.ratis.thirdparty.io.netty.channel.AbstractChannel$AnnotatedConnectException: Connection refused: /192.168.69.88:36312
	at sun.nio.ch.SocketChannelImpl.checkConnect(Native Method)
	at sun.nio.ch.SocketChannelImpl.finishConnect(SocketChannelImpl.java:717)
	at org.apache.ratis.thirdparty.io.netty.channel.socket.nio.NioSocketChannel.doFinishConnect(NioSocketChannel.java:327)
	at org.apache.ratis.thirdparty.io.netty.channel.nio.AbstractNioChannel$AbstractNioUnsafe.finishConnect(AbstractNioChannel.java:340)
	at org.apache.ratis.thirdparty.io.netty.channel.nio.NioEventLoop.processSelectedKey(NioEventLoop.java:632)
	at org.apache.ratis.thirdparty.io.netty.channel.nio.NioEventLoop.processSelectedKeysOptimized(NioEventLoop.java:579)
	at org.apache.ratis.thirdparty.io.netty.channel.nio.NioEventLoop.processSelectedKeys(NioEventLoop.java:496)
	at org.apache.ratis.thirdparty.io.netty.channel.nio.NioEventLoop.run(NioEventLoop.java:458)
	at org.apache.ratis.thirdparty.io.netty.util.concurrent.SingleThreadEventExecutor$5.run(SingleThreadEventExecutor.java:897)
	at org.apache.ratis.thirdparty.io.netty.util.concurrent.FastThreadLocalRunnable.run(FastThreadLocalRunnable.java:30)
	... 1 more
Caused by: java.net.ConnectException: Connection refused
	... 11 more
2019-07-16 15:41:11,235 INFO  impl.LeaderElection (LogUtils.java:infoOrTrace(149)) -   Exception 1: {}
java.util.concurrent.ExecutionException: org.apache.ratis.thirdparty.io.grpc.StatusRuntimeException: UNAVAILABLE: io exception
	at java.util.concurrent.FutureTask.report(FutureTask.java:122)
	at java.util.concurrent.FutureTask.get(FutureTask.java:192)
	at org.apache.ratis.server.impl.LeaderElection.waitForResults(LeaderElection.java:262)
	at org.apache.ratis.server.impl.LeaderElection.askForVotes(LeaderElection.java:200)
	at org.apache.ratis.server.impl.LeaderElection.run(LeaderElection.java:130)
	at java.lang.Thread.run(Thread.java:748)
Caused by: org.apache.ratis.thirdparty.io.grpc.StatusRuntimeException: UNAVAILABLE: io exception
	at org.apache.ratis.thirdparty.io.grpc.stub.ClientCalls.toStatusRuntimeException(ClientCalls.java:233)
	at org.apache.ratis.thirdparty.io.grpc.stub.ClientCalls.getUnchecked(ClientCalls.java:214)
	at org.apache.ratis.thirdparty.io.grpc.stub.ClientCalls.blockingUnaryCall(ClientCalls.java:139)
	at org.apache.ratis.proto.grpc.RaftServerProtocolServiceGrpc$RaftServerProtocolServiceBlockingStub.requestVote(RaftServerProtocolServiceGrpc.java:265)
	at org.apache.ratis.grpc.server.GrpcServerProtocolClient.requestVote(GrpcServerProtocolClient.java:83)
	at org.apache.ratis.grpc.server.GrpcService.requestVote(GrpcService.java:195)
	at org.apache.ratis.server.impl.LeaderElection.lambda$submitRequests$1(LeaderElection.java:237)
	at java.util.concurrent.FutureTask.run(FutureTask.java:266)
	at java.util.concurrent.Executors$RunnableAdapter.call(Executors.java:511)
	at java.util.concurrent.FutureTask.run(FutureTask.java:266)
	at java.util.concurrent.ThreadPoolExecutor.runWorker(ThreadPoolExecutor.java:1149)
	at java.util.concurrent.ThreadPoolExecutor$Worker.run(ThreadPoolExecutor.java:624)
	... 1 more
Caused by: org.apache.ratis.thirdparty.io.netty.channel.AbstractChannel$AnnotatedConnectException: Connection refused: /192.168.69.88:42313
	at sun.nio.ch.SocketChannelImpl.checkConnect(Native Method)
	at sun.nio.ch.SocketChannelImpl.finishConnect(SocketChannelImpl.java:717)
	at org.apache.ratis.thirdparty.io.netty.channel.socket.nio.NioSocketChannel.doFinishConnect(NioSocketChannel.java:327)
	at org.apache.ratis.thirdparty.io.netty.channel.nio.AbstractNioChannel$AbstractNioUnsafe.finishConnect(AbstractNioChannel.java:340)
	at org.apache.ratis.thirdparty.io.netty.channel.nio.NioEventLoop.processSelectedKey(NioEventLoop.java:632)
	at org.apache.ratis.thirdparty.io.netty.channel.nio.NioEventLoop.processSelectedKeysOptimized(NioEventLoop.java:579)
	at org.apache.ratis.thirdparty.io.netty.channel.nio.NioEventLoop.processSelectedKeys(NioEventLoop.java:496)
	at org.apache.ratis.thirdparty.io.netty.channel.nio.NioEventLoop.run(NioEventLoop.java:458)
	at org.apache.ratis.thirdparty.io.netty.util.concurrent.SingleThreadEventExecutor$5.run(SingleThreadEventExecutor.java:897)
	at org.apache.ratis.thirdparty.io.netty.util.concurrent.FastThreadLocalRunnable.run(FastThreadLocalRunnable.java:30)
	... 1 more
Caused by: java.net.ConnectException: Connection refused
	... 11 more
2019-07-16 15:41:11,236 INFO  impl.RaftServerImpl (RaftServerImpl.java:setRole(171)) - c06e5ee5-4e1f-439c-a23c-76ab36500eb0:group-8838F5CCAD23 changes role from CANDIDATE to FOLLOWER at term 3 for DISCOVERED_A_NEW_TERM
2019-07-16 15:41:11,236 INFO  impl.RoleInfo (RoleInfo.java:shutdownLeaderElection(134)) - c06e5ee5-4e1f-439c-a23c-76ab36500eb0: shutdown LeaderElection
2019-07-16 15:41:11,236 INFO  impl.RoleInfo (RoleInfo.java:updateAndGet(143)) - c06e5ee5-4e1f-439c-a23c-76ab36500eb0: start FollowerState
2019-07-16 15:41:12,628 INFO  node.StaleNodeHandler (StaleNodeHandler.java:onMessage(58)) - Datanode c06e5ee5-4e1f-439c-a23c-76ab36500eb0{ip: 192.168.69.88, host: trunk-nightly-kgw5x-1882989438, networkLocation: /default-rack, certSerialId: null} moved to stale state. Finalizing its pipelines [PipelineID=b18c402a-414d-438b-ad93-f40fbbd1feb8, PipelineID=7829c7c6-d2b7-46bc-96e5-8838f5ccad23]
2019-07-16 15:41:12,628 INFO  pipeline.SCMPipelineManager (SCMPipelineManager.java:finalizeAndDestroyPipeline(309)) - destroying pipeline:Pipeline[ Id: b18c402a-414d-438b-ad93-f40fbbd1feb8, Nodes: c06e5ee5-4e1f-439c-a23c-76ab36500eb0{ip: 192.168.69.88, host: trunk-nightly-kgw5x-1882989438, networkLocation: /default-rack, certSerialId: null}, Type:RATIS, Factor:ONE, State:OPEN]
2019-07-16 15:41:12,628 INFO  pipeline.PipelineStateManager (PipelineStateManager.java:finalizePipeline(123)) - Pipeline Pipeline[ Id: b18c402a-414d-438b-ad93-f40fbbd1feb8, Nodes: c06e5ee5-4e1f-439c-a23c-76ab36500eb0{ip: 192.168.69.88, host: trunk-nightly-kgw5x-1882989438, networkLocation: /default-rack, certSerialId: null}, Type:RATIS, Factor:ONE, State:CLOSED] moved to CLOSED state
2019-07-16 15:41:12,628 INFO  pipeline.SCMPipelineManager (SCMPipelineManager.java:finalizeAndDestroyPipeline(309)) - destroying pipeline:Pipeline[ Id: 7829c7c6-d2b7-46bc-96e5-8838f5ccad23, Nodes: 99aac624-90ba-45b0-8630-5cc530133441{ip: 192.168.69.88, host: trunk-nightly-kgw5x-1882989438, networkLocation: /default-rack, certSerialId: null}7dff2f0e-a604-4fea-a429-db6e8d850676{ip: 192.168.69.88, host: trunk-nightly-kgw5x-1882989438, networkLocation: /default-rack, certSerialId: null}c06e5ee5-4e1f-439c-a23c-76ab36500eb0{ip: 192.168.69.88, host: trunk-nightly-kgw5x-1882989438, networkLocation: /default-rack, certSerialId: null}, Type:RATIS, Factor:THREE, State:CLOSED]
2019-07-16 15:41:13,347 INFO  ozoneimpl.OzoneContainer (OzoneContainer.java:stop(199)) - Attempting to stop container services.
2019-07-16 15:41:13,347 INFO  impl.RaftServerProxy (RaftServerProxy.java:lambda$close$4(314)) - c06e5ee5-4e1f-439c-a23c-76ab36500eb0: close
2019-07-16 15:41:13,348 INFO  impl.RaftServerImpl (RaftServerImpl.java:lambda$shutdown$3(245)) - c06e5ee5-4e1f-439c-a23c-76ab36500eb0: shutdown group-F40FBBD1FEB8
2019-07-16 15:41:13,348 INFO  util.JmxRegister (JmxRegister.java:unregister(73)) - Successfully un-registered JMX Bean with object name Ratis:service=RaftServer,group=group-F40FBBD1FEB8,id=c06e5ee5-4e1f-439c-a23c-76ab36500eb0
2019-07-16 15:41:13,348 INFO  impl.RoleInfo (RoleInfo.java:shutdownLeaderState(104)) - c06e5ee5-4e1f-439c-a23c-76ab36500eb0: shutdown LeaderState
2019-07-16 15:41:13,349 INFO  impl.PendingRequests (PendingRequests.java:sendNotLeaderResponses(202)) - c06e5ee5-4e1f-439c-a23c-76ab36500eb0-PendingRequests: sendNotLeaderResponses
2019-07-16 15:41:13,349 INFO  impl.StateMachineUpdater (StateMachineUpdater.java:stopAndJoin(115)) - StateMachineUpdater:c06e5ee5-4e1f-439c-a23c-76ab36500eb0:group-F40FBBD1FEB8: set stopIndex = 0
2019-07-16 15:41:13,349 INFO  impl.RaftServerImpl (ServerState.java:close(394)) - c06e5ee5-4e1f-439c-a23c-76ab36500eb0:group-F40FBBD1FEB8 closes. The last applied log index is 0
2019-07-16 15:41:13,350 INFO  segmented.SegmentedRaftLogWorker (SegmentedRaftLogWorker.java:run(313)) - c06e5ee5-4e1f-439c-a23c-76ab36500eb0-SegmentedRaftLogWorker:Storage Directory /workdir/hadoop-ozone/integration-test/target/test-dir/MiniOzoneClusterImpl-386b5208-f273-4a43-a586-80facaa1f908/datanode-5/data/ratis/b18c402a-414d-438b-ad93-f40fbbd1feb8 was interrupted, exiting. There are 0 tasks remaining in the queue.
2019-07-16 15:41:13,373 INFO  segmented.SegmentedRaftLogWorker (SegmentedRaftLogWorker.java:close(228)) - c06e5ee5-4e1f-439c-a23c-76ab36500eb0-SegmentedRaftLogWorker:Storage Directory /workdir/hadoop-ozone/integration-test/target/test-dir/MiniOzoneClusterImpl-386b5208-f273-4a43-a586-80facaa1f908/datanode-5/data/ratis/b18c402a-414d-438b-ad93-f40fbbd1feb8 close()
2019-07-16 15:41:13,373 INFO  impl.RaftServerImpl (RaftServerImpl.java:lambda$shutdown$3(245)) - c06e5ee5-4e1f-439c-a23c-76ab36500eb0: shutdown group-8838F5CCAD23
2019-07-16 15:41:13,374 INFO  util.JmxRegister (JmxRegister.java:unregister(73)) - Successfully un-registered JMX Bean with object name Ratis:service=RaftServer,group=group-8838F5CCAD23,id=c06e5ee5-4e1f-439c-a23c-76ab36500eb0
2019-07-16 15:41:13,374 INFO  impl.RoleInfo (RoleInfo.java:shutdownFollowerState(121)) - c06e5ee5-4e1f-439c-a23c-76ab36500eb0: shutdown FollowerState
2019-07-16 15:41:13,374 INFO  impl.StateMachineUpdater (StateMachineUpdater.java:stopAndJoin(115)) - StateMachineUpdater:c06e5ee5-4e1f-439c-a23c-76ab36500eb0:group-8838F5CCAD23: set stopIndex = 0
2019-07-16 15:41:13,374 INFO  impl.FollowerState (FollowerState.java:run(114)) - c06e5ee5-4e1f-439c-a23c-76ab36500eb0: FollowerState was interrupted: java.lang.InterruptedException: sleep interrupted
2019-07-16 15:41:13,374 INFO  impl.RaftServerImpl (ServerState.java:close(394)) - c06e5ee5-4e1f-439c-a23c-76ab36500eb0:group-8838F5CCAD23 closes. The last applied log index is 0
2019-07-16 15:41:13,376 INFO  segmented.SegmentedRaftLogWorker (SegmentedRaftLogWorker.java:run(313)) - c06e5ee5-4e1f-439c-a23c-76ab36500eb0-SegmentedRaftLogWorker:Storage Directory /workdir/hadoop-ozone/integration-test/target/test-dir/MiniOzoneClusterImpl-386b5208-f273-4a43-a586-80facaa1f908/datanode-5/data/ratis/7829c7c6-d2b7-46bc-96e5-8838f5ccad23 was interrupted, exiting. There are 0 tasks remaining in the queue.
2019-07-16 15:41:13,376 INFO  segmented.SegmentedRaftLogWorker (SegmentedRaftLogWorker.java:close(228)) - c06e5ee5-4e1f-439c-a23c-76ab36500eb0-SegmentedRaftLogWorker:Storage Directory /workdir/hadoop-ozone/integration-test/target/test-dir/MiniOzoneClusterImpl-386b5208-f273-4a43-a586-80facaa1f908/datanode-5/data/ratis/7829c7c6-d2b7-46bc-96e5-8838f5ccad23 close()
2019-07-16 15:41:13,377 INFO  server.GrpcService (GrpcService.java:closeImpl(155)) - c06e5ee5-4e1f-439c-a23c-76ab36500eb0: shutdown server with port 41700 now
2019-07-16 15:41:13,377 INFO  server.GrpcService (GrpcService.java:closeImpl(163)) - c06e5ee5-4e1f-439c-a23c-76ab36500eb0: shutdown server with port 41700 successfully
2019-07-16 15:41:13,378 INFO  utils.BackgroundService (BackgroundService.java:shutdown(148)) - Shutting down service BlockDeletingService
2019-07-16 15:41:13,382 WARN  fs.CachingGetSpaceUsed (CachingGetSpaceUsed.java:run(183)) - Thread Interrupted waiting to refresh disk information: sleep interrupted
2019-07-16 15:41:13,397 INFO  statemachine.DatanodeStateMachine (DatanodeStateMachine.java:stopDaemon(395)) - Ozone container server stopped.
2019-07-16 15:41:13,400 INFO  handler.ContextHandler (ContextHandler.java:doStop(910)) - Stopped o.e.j.w.WebAppContext@6a3c1b56{/,null,UNAVAILABLE}{/hddsDatanode}
2019-07-16 15:41:13,400 INFO  server.AbstractConnector (AbstractConnector.java:doStop(318)) - Stopped ServerConnector@3b8ce72{HTTP/1.1,[http/1.1]}{0.0.0.0:0}
2019-07-16 15:41:13,401 INFO  handler.ContextHandler (ContextHandler.java:doStop(910)) - Stopped o.e.j.s.ServletContextHandler@55d98bbb{/static,jar:file:/home/user/.m2/repository/org/apache/hadoop/hadoop-hdds-container-service/0.5.0-SNAPSHOT/hadoop-hdds-container-service-0.5.0-SNAPSHOT.jar!/webapps/static,UNAVAILABLE}
2019-07-16 15:41:13,403 INFO  handler.ContextHandler (ContextHandler.java:doStop(910)) - Stopped o.e.j.s.ServletContextHandler@3bf4b018{/logs,file:///workdir/hadoop-ozone/integration-test/target/log,UNAVAILABLE}
2019-07-16 15:41:13,403 INFO  ozone.MiniOzoneClusterImpl (MiniOzoneClusterImpl.java:stop(353)) - Stopping the StorageContainerManager
2019-07-16 15:41:13,404 INFO  server.StorageContainerManager (StorageContainerManager.java:stop(796)) - Stopping Replication Manager Service.
2019-07-16 15:41:13,404 INFO  container.ReplicationManager (ReplicationManager.java:stop(187)) - Stopping Replication Monitor Thread.
2019-07-16 15:41:13,404 INFO  server.StorageContainerManager (StorageContainerManager.java:stop(803)) - Stopping Lease Manager of the command watchers
2019-07-16 15:41:13,404 INFO  server.StorageContainerManager (StorageContainerManager.java:stop(810)) - Stopping datanode service RPC server
2019-07-16 15:41:13,405 INFO  server.SCMDatanodeProtocolServer (SCMDatanodeProtocolServer.java:stop(375)) - Stopping the RPC server for DataNodes
2019-07-16 15:41:13,405 INFO  ipc.Server (Server.java:stop(3082)) - Stopping server on 37998
2019-07-16 15:41:13,408 INFO  ipc.Server (Server.java:run(1319)) - Stopping IPC Server Responder
2019-07-16 15:41:13,408 INFO  ipc.Server (Server.java:run(1185)) - Stopping IPC Server listener on 37998
2019-07-16 15:41:13,429 WARN  node.NodeStateManager (NodeStateManager.java:scheduleNextHealthCheck(631)) - Current Thread is interrupted, shutting down HB processing thread for Node Manager.
2019-07-16 15:41:13,429 INFO  server.StorageContainerManager (StorageContainerManager.java:stop(818)) - Stopping block service RPC server
2019-07-16 15:41:13,429 INFO  server.SCMBlockProtocolServer (SCMBlockProtocolServer.java:stop(148)) - Stopping the RPC server for Block Protocol
2019-07-16 15:41:13,429 INFO  ipc.Server (Server.java:stop(3082)) - Stopping server on 38863
2019-07-16 15:41:13,431 INFO  server.StorageContainerManager (StorageContainerManager.java:stop(825)) - Stopping the StorageContainerLocationProtocol RPC server
2019-07-16 15:41:13,431 INFO  server.SCMClientProtocolServer (SCMClientProtocolServer.java:stop(157)) - Stopping the RPC server for Client Protocol
2019-07-16 15:41:13,431 INFO  ipc.Server (Server.java:stop(3082)) - Stopping server on 35907
2019-07-16 15:41:13,433 INFO  ipc.Server (Server.java:run(1185)) - Stopping IPC Server listener on 35907
2019-07-16 15:41:13,433 INFO  server.StorageContainerManager (StorageContainerManager.java:stop(832)) - Stopping Storage Container Manager HTTP server.
2019-07-16 15:41:13,435 INFO  ipc.Server (Server.java:run(1185)) - Stopping IPC Server listener on 38863
2019-07-16 15:41:13,435 INFO  ipc.Server (Server.java:run(1319)) - Stopping IPC Server Responder
2019-07-16 15:41:13,436 INFO  ipc.Server (Server.java:run(1319)) - Stopping IPC Server Responder
2019-07-16 15:41:13,436 INFO  handler.ContextHandler (ContextHandler.java:doStop(910)) - Stopped o.e.j.w.WebAppContext@2c9aeec6{/,null,UNAVAILABLE}{/scm}
2019-07-16 15:41:13,437 INFO  server.AbstractConnector (AbstractConnector.java:doStop(318)) - Stopped ServerConnector@1a1e38ab{HTTP/1.1,[http/1.1]}{0.0.0.0:0}
2019-07-16 15:41:13,437 INFO  handler.ContextHandler (ContextHandler.java:doStop(910)) - Stopped o.e.j.s.ServletContextHandler@6b6939e1{/static,file:///workdir/hadoop-ozone/integration-test/target/test-classes/webapps/static,UNAVAILABLE}
2019-07-16 15:41:13,438 INFO  handler.ContextHandler (ContextHandler.java:doStop(910)) - Stopped o.e.j.s.ServletContextHandler@2cd31214{/logs,file:///workdir/hadoop-ozone/integration-test/target/log,UNAVAILABLE}
2019-07-16 15:41:13,439 INFO  server.StorageContainerManager (StorageContainerManager.java:stop(843)) - Stopping Block Manager Service.
2019-07-16 15:41:13,439 INFO  utils.BackgroundService (BackgroundService.java:shutdown(148)) - Shutting down service SCMBlockDeletingService
2019-07-16 15:41:13,440 INFO  utils.BackgroundService (BackgroundService.java:shutdown(148)) - Shutting down service SCMBlockDeletingService
2019-07-16 15:41:13,440 INFO  server.StorageContainerManager (StorageContainerManager.java:stop(865)) - Stopping SCM Event Queue.
2019-07-16 15:41:13,452 INFO  impl.MetricsSystemImpl (MetricsSystemImpl.java:stop(210)) - Stopping HddsDatanode metrics system...
2019-07-16 15:41:13,457 INFO  impl.MetricsSystemImpl (MetricsSystemImpl.java:stop(216)) - HddsDatanode metrics system stopped.
]]></system-out>
    <system-err><![CDATA[Jul 16, 2019 3:40:40 PM com.sun.jersey.server.impl.application.WebApplicationImpl _initiate
INFO: Initiating Jersey application, version 'Jersey: 1.19 02/11/2015 03:25 AM'
Jul 16, 2019 3:40:40 PM com.sun.jersey.server.impl.application.WebApplicationImpl _initiate
INFO: Initiating Jersey application, version 'Jersey: 1.19 02/11/2015 03:25 AM'
Jul 16, 2019 3:40:40 PM com.sun.jersey.server.impl.application.WebApplicationImpl _initiate
INFO: Initiating Jersey application, version 'Jersey: 1.19 02/11/2015 03:25 AM'
Jul 16, 2019 3:40:41 PM com.sun.jersey.server.impl.application.WebApplicationImpl _initiate
INFO: Initiating Jersey application, version 'Jersey: 1.19 02/11/2015 03:25 AM'
Jul 16, 2019 3:40:41 PM com.sun.jersey.server.impl.application.WebApplicationImpl _initiate
INFO: Initiating Jersey application, version 'Jersey: 1.19 02/11/2015 03:25 AM'
Jul 16, 2019 3:40:41 PM com.sun.jersey.server.impl.application.WebApplicationImpl _initiate
INFO: Initiating Jersey application, version 'Jersey: 1.19 02/11/2015 03:25 AM'
Jul 16, 2019 3:40:41 PM com.sun.jersey.server.impl.application.WebApplicationImpl _initiate
INFO: Initiating Jersey application, version 'Jersey: 1.19 02/11/2015 03:25 AM'
Jul 16, 2019 3:40:44 PM org.apache.ratis.thirdparty.io.grpc.internal.ManagedChannelOrphanWrapper$ManagedChannelReference cleanQueue
SEVERE: *~*~*~ Channel ManagedChannelImpl{logId=2531, target=192.168.69.88:45896} was not shutdown properly!!! ~*~*~*
    Make sure to call shutdown()/shutdownNow() and wait until awaitTermination() returns true.
java.lang.RuntimeException: ManagedChannel allocation site
	at org.apache.ratis.thirdparty.io.grpc.internal.ManagedChannelOrphanWrapper$ManagedChannelReference.<init>(ManagedChannelOrphanWrapper.java:103)
	at org.apache.ratis.thirdparty.io.grpc.internal.ManagedChannelOrphanWrapper.<init>(ManagedChannelOrphanWrapper.java:53)
	at org.apache.ratis.thirdparty.io.grpc.internal.ManagedChannelOrphanWrapper.<init>(ManagedChannelOrphanWrapper.java:44)
	at org.apache.ratis.thirdparty.io.grpc.internal.AbstractManagedChannelImplBuilder.build(AbstractManagedChannelImplBuilder.java:411)
	at org.apache.hadoop.hdds.scm.XceiverClientGrpc.connectToDatanode(XceiverClientGrpc.java:172)
	at org.apache.hadoop.hdds.scm.XceiverClientGrpc.reconnect(XceiverClientGrpc.java:417)
	at org.apache.hadoop.hdds.scm.XceiverClientGrpc.sendCommandAsync(XceiverClientGrpc.java:366)
	at org.apache.hadoop.hdds.scm.XceiverClientGrpc.sendCommandWithRetry(XceiverClientGrpc.java:279)
	at org.apache.hadoop.hdds.scm.XceiverClientGrpc.sendCommandWithTraceIDAndRetry(XceiverClientGrpc.java:248)
	at org.apache.hadoop.hdds.scm.XceiverClientGrpc.sendCommand(XceiverClientGrpc.java:231)
	at org.apache.hadoop.hdds.scm.storage.ContainerProtocolCalls.getBlock(ContainerProtocolCalls.java:118)
	at org.apache.hadoop.hdds.scm.storage.BlockInputStream.getChunkInfos(BlockInputStream.java:167)
	at org.apache.hadoop.hdds.scm.storage.BlockInputStream.initialize(BlockInputStream.java:118)
	at org.apache.hadoop.hdds.scm.storage.BlockInputStream.read(BlockInputStream.java:222)
	at org.apache.hadoop.ozone.client.io.KeyInputStream.read(KeyInputStream.java:171)
	at org.apache.hadoop.ozone.client.io.OzoneInputStream.read(OzoneInputStream.java:47)
	at java.io.InputStream.read(InputStream.java:101)
	at org.apache.hadoop.ozone.container.ContainerTestHelper.validateData(ContainerTestHelper.java:709)
	at org.apache.hadoop.ozone.client.rpc.TestBlockOutputStreamWithFailures.validateData(TestBlockOutputStreamWithFailures.java:1212)
	at org.apache.hadoop.ozone.client.rpc.TestBlockOutputStreamWithFailures.testDatanodeFailureWithSingleNodeRatis(TestBlockOutputStreamWithFailures.java:1054)
	at sun.reflect.NativeMethodAccessorImpl.invoke0(Native Method)
	at sun.reflect.NativeMethodAccessorImpl.invoke(NativeMethodAccessorImpl.java:62)
	at sun.reflect.DelegatingMethodAccessorImpl.invoke(DelegatingMethodAccessorImpl.java:43)
	at java.lang.reflect.Method.invoke(Method.java:498)
	at org.junit.runners.model.FrameworkMethod$1.runReflectiveCall(FrameworkMethod.java:47)
	at org.junit.internal.runners.model.ReflectiveCallable.run(ReflectiveCallable.java:12)
	at org.junit.runners.model.FrameworkMethod.invokeExplosively(FrameworkMethod.java:44)
	at org.junit.internal.runners.statements.InvokeMethod.evaluate(InvokeMethod.java:17)
	at org.junit.internal.runners.statements.RunBefores.evaluate(RunBefores.java:26)
	at org.junit.internal.runners.statements.RunAfters.evaluate(RunAfters.java:27)
	at org.junit.runners.ParentRunner.runLeaf(ParentRunner.java:271)
	at org.junit.runners.BlockJUnit4ClassRunner.runChild(BlockJUnit4ClassRunner.java:70)
	at org.junit.runners.BlockJUnit4ClassRunner.runChild(BlockJUnit4ClassRunner.java:50)
	at org.junit.runners.ParentRunner$3.run(ParentRunner.java:238)
	at org.junit.runners.ParentRunner$1.schedule(ParentRunner.java:63)
	at org.junit.runners.ParentRunner.runChildren(ParentRunner.java:236)
	at org.junit.runners.ParentRunner.access$000(ParentRunner.java:53)
	at org.junit.runners.ParentRunner$2.evaluate(ParentRunner.java:229)
	at org.junit.runners.ParentRunner.run(ParentRunner.java:309)
	at org.apache.maven.surefire.junit4.JUnit4Provider.execute(JUnit4Provider.java:365)
	at org.apache.maven.surefire.junit4.JUnit4Provider.executeWithRerun(JUnit4Provider.java:273)
	at org.apache.maven.surefire.junit4.JUnit4Provider.executeTestSet(JUnit4Provider.java:238)
	at org.apache.maven.surefire.junit4.JUnit4Provider.invoke(JUnit4Provider.java:159)
	at org.apache.maven.surefire.booter.ForkedBooter.invokeProviderInSameClassLoader(ForkedBooter.java:384)
	at org.apache.maven.surefire.booter.ForkedBooter.runSuitesInProcess(ForkedBooter.java:345)
	at org.apache.maven.surefire.booter.ForkedBooter.execute(ForkedBooter.java:126)
	at org.apache.maven.surefire.booter.ForkedBooter.main(ForkedBooter.java:418)

Jul 16, 2019 3:40:44 PM org.apache.ratis.thirdparty.io.grpc.internal.ManagedChannelOrphanWrapper$ManagedChannelReference cleanQueue
SEVERE: *~*~*~ Channel ManagedChannelImpl{logId=2501, target=192.168.69.88:44734} was not shutdown properly!!! ~*~*~*
    Make sure to call shutdown()/shutdownNow() and wait until awaitTermination() returns true.
java.lang.RuntimeException: ManagedChannel allocation site
	at org.apache.ratis.thirdparty.io.grpc.internal.ManagedChannelOrphanWrapper$ManagedChannelReference.<init>(ManagedChannelOrphanWrapper.java:103)
	at org.apache.ratis.thirdparty.io.grpc.internal.ManagedChannelOrphanWrapper.<init>(ManagedChannelOrphanWrapper.java:53)
	at org.apache.ratis.thirdparty.io.grpc.internal.ManagedChannelOrphanWrapper.<init>(ManagedChannelOrphanWrapper.java:44)
	at org.apache.ratis.thirdparty.io.grpc.internal.AbstractManagedChannelImplBuilder.build(AbstractManagedChannelImplBuilder.java:411)
	at org.apache.ratis.grpc.client.GrpcClientProtocolClient.<init>(GrpcClientProtocolClient.java:119)
	at org.apache.ratis.grpc.client.GrpcClientRpc.lambda$new$0(GrpcClientRpc.java:55)
	at org.apache.ratis.util.PeerProxyMap$PeerAndProxy.lambda$getProxy$0(PeerProxyMap.java:61)
	at org.apache.ratis.util.LifeCycle.startAndTransition(LifeCycle.java:202)
	at org.apache.ratis.util.PeerProxyMap$PeerAndProxy.getProxy(PeerProxyMap.java:60)
	at org.apache.ratis.util.PeerProxyMap.getProxy(PeerProxyMap.java:107)
	at org.apache.ratis.grpc.client.GrpcClientRpc.sendRequestAsync(GrpcClientRpc.java:66)
	at org.apache.ratis.client.impl.OrderedAsync.sendRequest(OrderedAsync.java:208)
	at org.apache.ratis.client.impl.OrderedAsync.sendRequestWithRetry(OrderedAsync.java:169)
	at org.apache.ratis.util.SlidingWindow$Client.sendOrDelayRequest(SlidingWindow.java:278)
	at org.apache.ratis.util.SlidingWindow$Client.submitNewRequest(SlidingWindow.java:257)
	at org.apache.ratis.client.impl.OrderedAsync.send(OrderedAsync.java:155)
	at org.apache.ratis.client.impl.RaftClientImpl.sendAsync(RaftClientImpl.java:145)
	at org.apache.ratis.client.impl.RaftClientImpl.sendAsync(RaftClientImpl.java:125)
	at org.apache.hadoop.hdds.scm.XceiverClientRatis.sendRequestAsync(XceiverClientRatis.java:224)
	at org.apache.hadoop.hdds.scm.XceiverClientRatis.sendCommandAsync(XceiverClientRatis.java:302)
	at org.apache.hadoop.hdds.scm.storage.ContainerProtocolCalls.writeChunkAsync(ContainerProtocolCalls.java:310)
	at org.apache.hadoop.hdds.scm.storage.BlockOutputStream.writeChunkToContainer(BlockOutputStream.java:602)
	at org.apache.hadoop.hdds.scm.storage.BlockOutputStream.writeChunk(BlockOutputStream.java:460)
	at org.apache.hadoop.hdds.scm.storage.BlockOutputStream.writeOnRetry(BlockOutputStream.java:286)
	at org.apache.hadoop.ozone.client.io.BlockOutputStreamEntry.writeOnRetry(BlockOutputStreamEntry.java:200)
	at org.apache.hadoop.ozone.client.io.KeyOutputStream.handleWrite(KeyOutputStream.java:209)
	at org.apache.hadoop.ozone.client.io.KeyOutputStream.handleRetry(KeyOutputStream.java:376)
	at org.apache.hadoop.ozone.client.io.KeyOutputStream.handleException(KeyOutputStream.java:325)
	at org.apache.hadoop.ozone.client.io.KeyOutputStream.handleFlushOrClose(KeyOutputStream.java:448)
	at org.apache.hadoop.ozone.client.io.KeyOutputStream.handleWrite(KeyOutputStream.java:235)
	at org.apache.hadoop.ozone.client.io.KeyOutputStream.write(KeyOutputStream.java:193)
	at org.apache.hadoop.ozone.client.io.OzoneOutputStream.write(OzoneOutputStream.java:49)
	at java.io.OutputStream.write(OutputStream.java:75)
	at org.apache.hadoop.ozone.client.rpc.TestBlockOutputStreamWithFailures.testDatanodeFailureWithSingleNodeRatis(TestBlockOutputStreamWithFailures.java:1017)
	at sun.reflect.NativeMethodAccessorImpl.invoke0(Native Method)
	at sun.reflect.NativeMethodAccessorImpl.invoke(NativeMethodAccessorImpl.java:62)
	at sun.reflect.DelegatingMethodAccessorImpl.invoke(DelegatingMethodAccessorImpl.java:43)
	at java.lang.reflect.Method.invoke(Method.java:498)
	at org.junit.runners.model.FrameworkMethod$1.runReflectiveCall(FrameworkMethod.java:47)
	at org.junit.internal.runners.model.ReflectiveCallable.run(ReflectiveCallable.java:12)
	at org.junit.runners.model.FrameworkMethod.invokeExplosively(FrameworkMethod.java:44)
	at org.junit.internal.runners.statements.InvokeMethod.evaluate(InvokeMethod.java:17)
	at org.junit.internal.runners.statements.RunBefores.evaluate(RunBefores.java:26)
	at org.junit.internal.runners.statements.RunAfters.evaluate(RunAfters.java:27)
	at org.junit.runners.ParentRunner.runLeaf(ParentRunner.java:271)
	at org.junit.runners.BlockJUnit4ClassRunner.runChild(BlockJUnit4ClassRunner.java:70)
	at org.junit.runners.BlockJUnit4ClassRunner.runChild(BlockJUnit4ClassRunner.java:50)
	at org.junit.runners.ParentRunner$3.run(ParentRunner.java:238)
	at org.junit.runners.ParentRunner$1.schedule(ParentRunner.java:63)
	at org.junit.runners.ParentRunner.runChildren(ParentRunner.java:236)
	at org.junit.runners.ParentRunner.access$000(ParentRunner.java:53)
	at org.junit.runners.ParentRunner$2.evaluate(ParentRunner.java:229)
	at org.junit.runners.ParentRunner.run(ParentRunner.java:309)
	at org.apache.maven.surefire.junit4.JUnit4Provider.execute(JUnit4Provider.java:365)
	at org.apache.maven.surefire.junit4.JUnit4Provider.executeWithRerun(JUnit4Provider.java:273)
	at org.apache.maven.surefire.junit4.JUnit4Provider.executeTestSet(JUnit4Provider.java:238)
	at org.apache.maven.surefire.junit4.JUnit4Provider.invoke(JUnit4Provider.java:159)
	at org.apache.maven.surefire.booter.ForkedBooter.invokeProviderInSameClassLoader(ForkedBooter.java:384)
	at org.apache.maven.surefire.booter.ForkedBooter.runSuitesInProcess(ForkedBooter.java:345)
	at org.apache.maven.surefire.booter.ForkedBooter.execute(ForkedBooter.java:126)
	at org.apache.maven.surefire.booter.ForkedBooter.main(ForkedBooter.java:418)

Jul 16, 2019 3:40:44 PM org.apache.ratis.thirdparty.io.grpc.internal.ManagedChannelOrphanWrapper$ManagedChannelReference cleanQueue
SEVERE: *~*~*~ Channel ManagedChannelImpl{logId=2526, target=192.168.69.88:39795} was not shutdown properly!!! ~*~*~*
    Make sure to call shutdown()/shutdownNow() and wait until awaitTermination() returns true.
java.lang.RuntimeException: ManagedChannel allocation site
	at org.apache.ratis.thirdparty.io.grpc.internal.ManagedChannelOrphanWrapper$ManagedChannelReference.<init>(ManagedChannelOrphanWrapper.java:103)
	at org.apache.ratis.thirdparty.io.grpc.internal.ManagedChannelOrphanWrapper.<init>(ManagedChannelOrphanWrapper.java:53)
	at org.apache.ratis.thirdparty.io.grpc.internal.ManagedChannelOrphanWrapper.<init>(ManagedChannelOrphanWrapper.java:44)
	at org.apache.ratis.thirdparty.io.grpc.internal.AbstractManagedChannelImplBuilder.build(AbstractManagedChannelImplBuilder.java:411)
	at org.apache.hadoop.hdds.scm.XceiverClientGrpc.connectToDatanode(XceiverClientGrpc.java:172)
	at org.apache.hadoop.hdds.scm.XceiverClientGrpc.reconnect(XceiverClientGrpc.java:417)
	at org.apache.hadoop.hdds.scm.XceiverClientGrpc.sendCommandAsync(XceiverClientGrpc.java:366)
	at org.apache.hadoop.hdds.scm.XceiverClientGrpc.sendCommandWithRetry(XceiverClientGrpc.java:279)
	at org.apache.hadoop.hdds.scm.XceiverClientGrpc.sendCommandWithTraceIDAndRetry(XceiverClientGrpc.java:248)
	at org.apache.hadoop.hdds.scm.XceiverClientGrpc.sendCommand(XceiverClientGrpc.java:231)
	at org.apache.hadoop.hdds.scm.storage.ContainerProtocolCalls.getBlock(ContainerProtocolCalls.java:118)
	at org.apache.hadoop.hdds.scm.storage.BlockInputStream.getChunkInfos(BlockInputStream.java:167)
	at org.apache.hadoop.hdds.scm.storage.BlockInputStream.initialize(BlockInputStream.java:118)
	at org.apache.hadoop.hdds.scm.storage.BlockInputStream.read(BlockInputStream.java:222)
	at org.apache.hadoop.ozone.client.io.KeyInputStream.read(KeyInputStream.java:171)
	at org.apache.hadoop.ozone.client.io.OzoneInputStream.read(OzoneInputStream.java:47)
	at java.io.InputStream.read(InputStream.java:101)
	at org.apache.hadoop.ozone.container.ContainerTestHelper.validateData(ContainerTestHelper.java:709)
	at org.apache.hadoop.ozone.client.rpc.TestBlockOutputStreamWithFailures.validateData(TestBlockOutputStreamWithFailures.java:1212)
	at org.apache.hadoop.ozone.client.rpc.TestBlockOutputStreamWithFailures.testDatanodeFailureWithSingleNodeRatis(TestBlockOutputStreamWithFailures.java:1054)
	at sun.reflect.NativeMethodAccessorImpl.invoke0(Native Method)
	at sun.reflect.NativeMethodAccessorImpl.invoke(NativeMethodAccessorImpl.java:62)
	at sun.reflect.DelegatingMethodAccessorImpl.invoke(DelegatingMethodAccessorImpl.java:43)
	at java.lang.reflect.Method.invoke(Method.java:498)
	at org.junit.runners.model.FrameworkMethod$1.runReflectiveCall(FrameworkMethod.java:47)
	at org.junit.internal.runners.model.ReflectiveCallable.run(ReflectiveCallable.java:12)
	at org.junit.runners.model.FrameworkMethod.invokeExplosively(FrameworkMethod.java:44)
	at org.junit.internal.runners.statements.InvokeMethod.evaluate(InvokeMethod.java:17)
	at org.junit.internal.runners.statements.RunBefores.evaluate(RunBefores.java:26)
	at org.junit.internal.runners.statements.RunAfters.evaluate(RunAfters.java:27)
	at org.junit.runners.ParentRunner.runLeaf(ParentRunner.java:271)
	at org.junit.runners.BlockJUnit4ClassRunner.runChild(BlockJUnit4ClassRunner.java:70)
	at org.junit.runners.BlockJUnit4ClassRunner.runChild(BlockJUnit4ClassRunner.java:50)
	at org.junit.runners.ParentRunner$3.run(ParentRunner.java:238)
	at org.junit.runners.ParentRunner$1.schedule(ParentRunner.java:63)
	at org.junit.runners.ParentRunner.runChildren(ParentRunner.java:236)
	at org.junit.runners.ParentRunner.access$000(ParentRunner.java:53)
	at org.junit.runners.ParentRunner$2.evaluate(ParentRunner.java:229)
	at org.junit.runners.ParentRunner.run(ParentRunner.java:309)
	at org.apache.maven.surefire.junit4.JUnit4Provider.execute(JUnit4Provider.java:365)
	at org.apache.maven.surefire.junit4.JUnit4Provider.executeWithRerun(JUnit4Provider.java:273)
	at org.apache.maven.surefire.junit4.JUnit4Provider.executeTestSet(JUnit4Provider.java:238)
	at org.apache.maven.surefire.junit4.JUnit4Provider.invoke(JUnit4Provider.java:159)
	at org.apache.maven.surefire.booter.ForkedBooter.invokeProviderInSameClassLoader(ForkedBooter.java:384)
	at org.apache.maven.surefire.booter.ForkedBooter.runSuitesInProcess(ForkedBooter.java:345)
	at org.apache.maven.surefire.booter.ForkedBooter.execute(ForkedBooter.java:126)
	at org.apache.maven.surefire.booter.ForkedBooter.main(ForkedBooter.java:418)

]]></system-err>
  </testcase>
  <testcase name="testWatchForCommitDatanodeFailure" classname="org.apache.hadoop.ozone.client.rpc.TestBlockOutputStreamWithFailures" time="33.538">
    <error type="java.lang.UnsupportedOperationException">java.lang.UnsupportedOperationException
	at java.util.AbstractList.add(AbstractList.java:148)
	at java.util.AbstractList.add(AbstractList.java:108)
	at java.util.AbstractCollection.addAll(AbstractCollection.java:344)
	at org.apache.hadoop.hdds.scm.storage.BlockOutputStream.watchForCommit(BlockOutputStream.java:356)
	at org.apache.hadoop.hdds.scm.storage.BlockOutputStream.handleFlush(BlockOutputStream.java:480)
	at org.apache.hadoop.hdds.scm.storage.BlockOutputStream.close(BlockOutputStream.java:494)
	at org.apache.hadoop.ozone.client.io.BlockOutputStreamEntry.close(BlockOutputStreamEntry.java:143)
	at org.apache.hadoop.ozone.client.io.KeyOutputStream.handleFlushOrClose(KeyOutputStream.java:438)
	at org.apache.hadoop.ozone.client.io.KeyOutputStream.handleWrite(KeyOutputStream.java:235)
	at org.apache.hadoop.ozone.client.io.KeyOutputStream.write(KeyOutputStream.java:193)
	at org.apache.hadoop.ozone.client.io.OzoneOutputStream.write(OzoneOutputStream.java:49)
	at java.io.OutputStream.write(OutputStream.java:75)
	at org.apache.hadoop.ozone.client.rpc.TestBlockOutputStreamWithFailures.testWatchForCommitDatanodeFailure(TestBlockOutputStreamWithFailures.java:363)
	at sun.reflect.NativeMethodAccessorImpl.invoke0(Native Method)
	at sun.reflect.NativeMethodAccessorImpl.invoke(NativeMethodAccessorImpl.java:62)
	at sun.reflect.DelegatingMethodAccessorImpl.invoke(DelegatingMethodAccessorImpl.java:43)
	at java.lang.reflect.Method.invoke(Method.java:498)
	at org.junit.runners.model.FrameworkMethod$1.runReflectiveCall(FrameworkMethod.java:47)
	at org.junit.internal.runners.model.ReflectiveCallable.run(ReflectiveCallable.java:12)
	at org.junit.runners.model.FrameworkMethod.invokeExplosively(FrameworkMethod.java:44)
	at org.junit.internal.runners.statements.InvokeMethod.evaluate(InvokeMethod.java:17)
	at org.junit.internal.runners.statements.RunBefores.evaluate(RunBefores.java:26)
	at org.junit.internal.runners.statements.RunAfters.evaluate(RunAfters.java:27)
	at org.junit.runners.ParentRunner.runLeaf(ParentRunner.java:271)
	at org.junit.runners.BlockJUnit4ClassRunner.runChild(BlockJUnit4ClassRunner.java:70)
	at org.junit.runners.BlockJUnit4ClassRunner.runChild(BlockJUnit4ClassRunner.java:50)
	at org.junit.runners.ParentRunner$3.run(ParentRunner.java:238)
	at org.junit.runners.ParentRunner$1.schedule(ParentRunner.java:63)
	at org.junit.runners.ParentRunner.runChildren(ParentRunner.java:236)
	at org.junit.runners.ParentRunner.access$000(ParentRunner.java:53)
	at org.junit.runners.ParentRunner$2.evaluate(ParentRunner.java:229)
	at org.junit.runners.ParentRunner.run(ParentRunner.java:309)
	at org.apache.maven.surefire.junit4.JUnit4Provider.execute(JUnit4Provider.java:365)
	at org.apache.maven.surefire.junit4.JUnit4Provider.executeWithRerun(JUnit4Provider.java:273)
	at org.apache.maven.surefire.junit4.JUnit4Provider.executeTestSet(JUnit4Provider.java:238)
	at org.apache.maven.surefire.junit4.JUnit4Provider.invoke(JUnit4Provider.java:159)
	at org.apache.maven.surefire.booter.ForkedBooter.invokeProviderInSameClassLoader(ForkedBooter.java:384)
	at org.apache.maven.surefire.booter.ForkedBooter.runSuitesInProcess(ForkedBooter.java:345)
	at org.apache.maven.surefire.booter.ForkedBooter.execute(ForkedBooter.java:126)
	at org.apache.maven.surefire.booter.ForkedBooter.main(ForkedBooter.java:418)
</error>
    <system-out><![CDATA[2019-07-16 15:41:13,517 WARN  server.ServerUtils (ServerUtils.java:getScmDbDir(145)) - ozone.scm.db.dirs is not configured. We recommend adding this setting. Falling back to ozone.metadata.dirs instead.
2019-07-16 15:41:13,531 WARN  server.ServerUtils (ServerUtils.java:getScmDbDir(145)) - ozone.scm.db.dirs is not configured. We recommend adding this setting. Falling back to ozone.metadata.dirs instead.
2019-07-16 15:41:13,531 WARN  server.ServerUtils (ServerUtils.java:getScmDbDir(145)) - ozone.scm.db.dirs is not configured. We recommend adding this setting. Falling back to ozone.metadata.dirs instead.
2019-07-16 15:41:13,532 INFO  db.DBStoreBuilder (DBStoreBuilder.java:addTable(110)) - using custom profile for table: deletedBlocks
2019-07-16 15:41:13,532 INFO  db.DBStoreBuilder (DBStoreBuilder.java:processTables(161)) - Using default column profile:DBProfile.DISK for Table:deletedBlocks
2019-07-16 15:41:13,532 INFO  db.DBStoreBuilder (DBStoreBuilder.java:addTable(110)) - using custom profile for table: validCerts
2019-07-16 15:41:13,533 INFO  db.DBStoreBuilder (DBStoreBuilder.java:processTables(161)) - Using default column profile:DBProfile.DISK for Table:validCerts
2019-07-16 15:41:13,533 INFO  db.DBStoreBuilder (DBStoreBuilder.java:addTable(110)) - using custom profile for table: revokedCerts
2019-07-16 15:41:13,533 INFO  db.DBStoreBuilder (DBStoreBuilder.java:processTables(161)) - Using default column profile:DBProfile.DISK for Table:revokedCerts
2019-07-16 15:41:13,533 INFO  db.DBStoreBuilder (DBStoreBuilder.java:addTable(110)) - using custom profile for table: default
2019-07-16 15:41:13,533 INFO  db.DBStoreBuilder (DBStoreBuilder.java:processTables(167)) - Using default column profile:DBProfile.DISK for Table:default
2019-07-16 15:41:13,534 INFO  db.DBStoreBuilder (DBStoreBuilder.java:getDbProfile(198)) - Using default options. DBProfile.DISK
2019-07-16 15:41:13,756 INFO  net.NodeSchemaLoader (NodeSchemaLoader.java:loadSchemaFromFile(125)) - Loading file from sun.misc.CompoundEnumeration@4ea4290f
2019-07-16 15:41:13,757 INFO  net.NodeSchemaLoader (NodeSchemaLoader.java:loadSchema(171)) - Loading network topology layer schema file
2019-07-16 15:41:13,763 INFO  node.SCMNodeManager (SCMNodeManager.java:<init>(119)) - Entering startup safe mode.
2019-07-16 15:41:13,764 WARN  server.ServerUtils (ServerUtils.java:getScmDbDir(145)) - ozone.scm.db.dirs is not configured. We recommend adding this setting. Falling back to ozone.metadata.dirs instead.
2019-07-16 15:41:13,799 INFO  pipeline.SCMPipelineManager (SCMPipelineManager.java:initializePipelineState(126)) - No pipeline exists in current db
2019-07-16 15:41:13,799 WARN  server.ServerUtils (ServerUtils.java:getScmDbDir(145)) - ozone.scm.db.dirs is not configured. We recommend adding this setting. Falling back to ozone.metadata.dirs instead.
2019-07-16 15:41:13,878 WARN  events.EventQueue (EventQueue.java:fireEvent(175)) - No event handler registered for event TypedEvent{payloadType=SafeModeStatus, name='SafeModeStatus'}
2019-07-16 15:41:13,879 INFO  ipc.CallQueueManager (CallQueueManager.java:<init>(84)) - Using callQueue: class java.util.concurrent.LinkedBlockingQueue, queueCapacity: 2000, scheduler: class org.apache.hadoop.ipc.DefaultRpcScheduler, ipcBackoff: false.
2019-07-16 15:41:13,880 INFO  ipc.Server (Server.java:run(1074)) - Starting Socket Reader #1 for port 36630
2019-07-16 15:41:13,882 INFO  ipc.CallQueueManager (CallQueueManager.java:<init>(84)) - Using callQueue: class java.util.concurrent.LinkedBlockingQueue, queueCapacity: 2000, scheduler: class org.apache.hadoop.ipc.DefaultRpcScheduler, ipcBackoff: false.
2019-07-16 15:41:13,883 INFO  ipc.Server (Server.java:run(1074)) - Starting Socket Reader #1 for port 41244
2019-07-16 15:41:13,884 INFO  ipc.CallQueueManager (CallQueueManager.java:<init>(84)) - Using callQueue: class java.util.concurrent.LinkedBlockingQueue, queueCapacity: 2000, scheduler: class org.apache.hadoop.ipc.DefaultRpcScheduler, ipcBackoff: false.
2019-07-16 15:41:13,885 INFO  ipc.Server (Server.java:run(1074)) - Starting Socket Reader #1 for port 46878
2019-07-16 15:41:13,889 INFO  hdfs.DFSUtil (DFSUtil.java:httpServerTemplateForNNAndJN(1641)) - Starting Web-server for scm at: http://0.0.0.0:0
2019-07-16 15:41:13,891 INFO  server.AuthenticationFilter (AuthenticationFilter.java:constructSecretProvider(240)) - Unable to initialize FileSignerSecretProvider, falling back to use random secrets.
2019-07-16 15:41:13,892 WARN  http.HttpRequestLog (HttpRequestLog.java:getRequestLog(97)) - Jetty request log can only be enabled using Log4j
2019-07-16 15:41:13,894 INFO  http.HttpServer2 (HttpServer2.java:addGlobalFilter(975)) - Added global filter 'safety' (class=org.apache.hadoop.http.HttpServer2$QuotingInputFilter)
2019-07-16 15:41:13,895 INFO  http.HttpServer2 (HttpServer2.java:addFilter(948)) - Added filter static_user_filter (class=org.apache.hadoop.http.lib.StaticUserWebFilter$StaticUserFilter) to context scm
2019-07-16 15:41:13,895 INFO  http.HttpServer2 (HttpServer2.java:addFilter(958)) - Added filter static_user_filter (class=org.apache.hadoop.http.lib.StaticUserWebFilter$StaticUserFilter) to context static
2019-07-16 15:41:13,895 INFO  http.HttpServer2 (HttpServer2.java:addFilter(958)) - Added filter static_user_filter (class=org.apache.hadoop.http.lib.StaticUserWebFilter$StaticUserFilter) to context logs
2019-07-16 15:41:13,897 INFO  server.StorageContainerManager (StorageContainerManager.java:start(759)) - StorageContainerLocationProtocol RPC server is listening at /0.0.0.0:46878
2019-07-16 15:41:13,900 WARN  impl.MetricsConfig (MetricsConfig.java:loadFirst(134)) - Cannot locate configuration: tried hadoop-metrics2-storagecontainermanager.properties,hadoop-metrics2.properties
2019-07-16 15:41:13,901 INFO  impl.MetricsSystemImpl (MetricsSystemImpl.java:startTimer(374)) - Scheduled Metric snapshot period at 10 second(s).
2019-07-16 15:41:13,901 INFO  impl.MetricsSystemImpl (MetricsSystemImpl.java:start(191)) - StorageContainerManager metrics system started
2019-07-16 15:41:13,949 INFO  server.SCMClientProtocolServer (SCMClientProtocolServer.java:start(149)) - RPC server for Client  is listening at /0.0.0.0:46878
2019-07-16 15:41:13,950 INFO  ipc.Server (Server.java:run(1314)) - IPC Server Responder: starting
2019-07-16 15:41:13,950 INFO  ipc.Server (Server.java:run(1153)) - IPC Server listener on 46878: starting
2019-07-16 15:41:13,954 INFO  server.StorageContainerManager (StorageContainerManager.java:start(768)) - ScmBlockLocationProtocol RPC server is listening at /0.0.0.0:41244
2019-07-16 15:41:13,955 INFO  server.SCMBlockProtocolServer (SCMBlockProtocolServer.java:start(140)) - RPC server for Block Protocol is listening at /0.0.0.0:41244
2019-07-16 15:41:13,955 INFO  ipc.Server (Server.java:run(1314)) - IPC Server Responder: starting
2019-07-16 15:41:13,955 INFO  ipc.Server (Server.java:run(1153)) - IPC Server listener on 41244: starting
2019-07-16 15:41:13,958 INFO  server.StorageContainerManager (StorageContainerManager.java:start(772)) - ScmDatanodeProtocl RPC server is listening at /0.0.0.0:36630
2019-07-16 15:41:13,958 INFO  server.SCMDatanodeProtocolServer (SCMDatanodeProtocolServer.java:start(191)) - RPC server for DataNodes is listening at /0.0.0.0:36630
2019-07-16 15:41:13,959 INFO  ipc.Server (Server.java:run(1314)) - IPC Server Responder: starting
2019-07-16 15:41:13,959 INFO  ipc.Server (Server.java:run(1153)) - IPC Server listener on 36630: starting
2019-07-16 15:41:13,962 INFO  http.HttpServer2 (HttpServer2.java:bindListener(1191)) - Jetty bound to port 38913
2019-07-16 15:41:13,962 INFO  server.Server (Server.java:doStart(351)) - jetty-9.3.24.v20180605, build timestamp: 2018-06-05T17:11:56Z, git hash: 84205aa28f11a4f31f2a3b86d1bba2cc8ab69827
2019-07-16 15:41:13,964 INFO  handler.ContextHandler (ContextHandler.java:doStart(781)) - Started o.e.j.s.ServletContextHandler@27f8f1cc{/logs,file:///workdir/hadoop-ozone/integration-test/target/log,AVAILABLE}
2019-07-16 15:41:13,965 INFO  handler.ContextHandler (ContextHandler.java:doStart(781)) - Started o.e.j.s.ServletContextHandler@3ede428e{/static,file:///workdir/hadoop-ozone/integration-test/target/test-classes/webapps/static,AVAILABLE}
2019-07-16 15:41:13,969 INFO  handler.ContextHandler (ContextHandler.java:doStart(781)) - Started o.e.j.w.WebAppContext@23ee31b8{/,file:///workdir/hadoop-ozone/integration-test/target/test-classes/webapps/scm/,AVAILABLE}{/scm}
2019-07-16 15:41:13,970 INFO  server.AbstractConnector (AbstractConnector.java:doStart(278)) - Started ServerConnector@5fc42998{HTTP/1.1,[http/1.1]}{0.0.0.0:38913}
2019-07-16 15:41:13,970 INFO  server.Server (Server.java:doStart(419)) - Started @592249ms
2019-07-16 15:41:13,972 INFO  server.BaseHttpServer (BaseHttpServer.java:updateConnectorAddress(207)) - HTTP server of SCM is listening at http://0.0.0.0:38913
2019-07-16 15:41:13,973 WARN  server.ServerUtils (ServerUtils.java:getDBPath(222)) - ozone.om.db.dirs is not configured. We recommend adding this setting. Falling back to ozone.metadata.dirs instead.
2019-07-16 15:41:13,973 INFO  util.JvmPauseMonitor (JvmPauseMonitor.java:run(188)) - Starting JVM pause monitor
2019-07-16 15:41:13,987 WARN  server.ServerUtils (ServerUtils.java:getDBPath(222)) - ozone.om.db.dirs is not configured. We recommend adding this setting. Falling back to ozone.metadata.dirs instead.
2019-07-16 15:41:13,987 INFO  om.OzoneManager (OzoneManager.java:setOMNodeDetails(626)) - OM Service ID is not set. Setting it to the default ID: omServiceIdDefault
2019-07-16 15:41:13,987 INFO  om.OzoneManager (OzoneManager.java:setOMNodeDetails(632)) - OM Node ID is not set. Setting it to the OmStorage's OmID: 88260724-6dab-4830-b069-ab702fb66b82
2019-07-16 15:41:13,988 INFO  om.OzoneManager (OzoneManager.java:loadOMHAConfigs(583)) - Found matching OM address with OMServiceId: null, OMNodeId: null, RPC Address: localhost:0 and Ratis port: 9872
2019-07-16 15:41:13,994 WARN  server.ServerUtils (ServerUtils.java:getDBPath(222)) - ozone.om.db.dirs is not configured. We recommend adding this setting. Falling back to ozone.metadata.dirs instead.
2019-07-16 15:41:13,994 INFO  db.DBStoreBuilder (DBStoreBuilder.java:addTable(110)) - using custom profile for table: userTable
2019-07-16 15:41:13,994 INFO  db.DBStoreBuilder (DBStoreBuilder.java:processTables(161)) - Using default column profile:DBProfile.DISK for Table:userTable
2019-07-16 15:41:13,995 INFO  db.DBStoreBuilder (DBStoreBuilder.java:addTable(110)) - using custom profile for table: volumeTable
2019-07-16 15:41:13,995 INFO  db.DBStoreBuilder (DBStoreBuilder.java:processTables(161)) - Using default column profile:DBProfile.DISK for Table:volumeTable
2019-07-16 15:41:13,995 INFO  db.DBStoreBuilder (DBStoreBuilder.java:addTable(110)) - using custom profile for table: bucketTable
2019-07-16 15:41:13,995 INFO  db.DBStoreBuilder (DBStoreBuilder.java:processTables(161)) - Using default column profile:DBProfile.DISK for Table:bucketTable
2019-07-16 15:41:13,995 INFO  db.DBStoreBuilder (DBStoreBuilder.java:addTable(110)) - using custom profile for table: keyTable
2019-07-16 15:41:13,996 INFO  db.DBStoreBuilder (DBStoreBuilder.java:processTables(161)) - Using default column profile:DBProfile.DISK for Table:keyTable
2019-07-16 15:41:13,996 INFO  db.DBStoreBuilder (DBStoreBuilder.java:addTable(110)) - using custom profile for table: deletedTable
2019-07-16 15:41:13,996 INFO  db.DBStoreBuilder (DBStoreBuilder.java:processTables(161)) - Using default column profile:DBProfile.DISK for Table:deletedTable
2019-07-16 15:41:13,996 INFO  db.DBStoreBuilder (DBStoreBuilder.java:addTable(110)) - using custom profile for table: openKeyTable
2019-07-16 15:41:13,996 INFO  db.DBStoreBuilder (DBStoreBuilder.java:processTables(161)) - Using default column profile:DBProfile.DISK for Table:openKeyTable
2019-07-16 15:41:13,997 INFO  db.DBStoreBuilder (DBStoreBuilder.java:addTable(110)) - using custom profile for table: s3Table
2019-07-16 15:41:13,997 INFO  db.DBStoreBuilder (DBStoreBuilder.java:processTables(161)) - Using default column profile:DBProfile.DISK for Table:s3Table
2019-07-16 15:41:13,997 INFO  db.DBStoreBuilder (DBStoreBuilder.java:addTable(110)) - using custom profile for table: multipartInfoTable
2019-07-16 15:41:13,997 INFO  db.DBStoreBuilder (DBStoreBuilder.java:processTables(161)) - Using default column profile:DBProfile.DISK for Table:multipartInfoTable
2019-07-16 15:41:13,997 INFO  db.DBStoreBuilder (DBStoreBuilder.java:addTable(110)) - using custom profile for table: dTokenTable
2019-07-16 15:41:13,998 INFO  db.DBStoreBuilder (DBStoreBuilder.java:processTables(161)) - Using default column profile:DBProfile.DISK for Table:dTokenTable
2019-07-16 15:41:13,998 INFO  db.DBStoreBuilder (DBStoreBuilder.java:addTable(110)) - using custom profile for table: s3SecretTable
2019-07-16 15:41:13,998 INFO  db.DBStoreBuilder (DBStoreBuilder.java:processTables(161)) - Using default column profile:DBProfile.DISK for Table:s3SecretTable
2019-07-16 15:41:13,998 INFO  db.DBStoreBuilder (DBStoreBuilder.java:addTable(110)) - using custom profile for table: prefixTable
2019-07-16 15:41:13,998 INFO  db.DBStoreBuilder (DBStoreBuilder.java:processTables(161)) - Using default column profile:DBProfile.DISK for Table:prefixTable
2019-07-16 15:41:13,998 INFO  db.DBStoreBuilder (DBStoreBuilder.java:addTable(110)) - using custom profile for table: default
2019-07-16 15:41:13,999 INFO  db.DBStoreBuilder (DBStoreBuilder.java:processTables(167)) - Using default column profile:DBProfile.DISK for Table:default
2019-07-16 15:41:13,999 INFO  db.DBStoreBuilder (DBStoreBuilder.java:getDbProfile(198)) - Using default options. DBProfile.DISK
2019-07-16 15:41:14,590 INFO  ipc.CallQueueManager (CallQueueManager.java:<init>(84)) - Using callQueue: class java.util.concurrent.LinkedBlockingQueue, queueCapacity: 2000, scheduler: class org.apache.hadoop.ipc.DefaultRpcScheduler, ipcBackoff: false.
2019-07-16 15:41:14,591 INFO  ipc.Server (Server.java:run(1074)) - Starting Socket Reader #1 for port 43694
2019-07-16 15:41:14,611 WARN  server.ServerUtils (ServerUtils.java:getDBPath(222)) - ozone.om.db.dirs is not configured. We recommend adding this setting. Falling back to ozone.metadata.dirs instead.
2019-07-16 15:41:14,611 INFO  om.OzoneManager (OzoneManager.java:start(1224)) - OzoneManager RPC server is listening at localhost/127.0.0.1:43694
2019-07-16 15:41:14,612 INFO  impl.MetricsSystemImpl (MetricsSystemImpl.java:init(158)) - OzoneManager metrics system started (again)
2019-07-16 15:41:14,612 INFO  ipc.Server (Server.java:run(1314)) - IPC Server Responder: starting
2019-07-16 15:41:14,614 INFO  ipc.Server (Server.java:run(1153)) - IPC Server listener on 43694: starting
2019-07-16 15:41:14,619 INFO  hdfs.DFSUtil (DFSUtil.java:httpServerTemplateForNNAndJN(1641)) - Starting Web-server for ozoneManager at: http://0.0.0.0:0
2019-07-16 15:41:14,621 INFO  server.AuthenticationFilter (AuthenticationFilter.java:constructSecretProvider(240)) - Unable to initialize FileSignerSecretProvider, falling back to use random secrets.
2019-07-16 15:41:14,621 WARN  http.HttpRequestLog (HttpRequestLog.java:getRequestLog(97)) - Jetty request log can only be enabled using Log4j
2019-07-16 15:41:14,623 INFO  http.HttpServer2 (HttpServer2.java:addGlobalFilter(975)) - Added global filter 'safety' (class=org.apache.hadoop.http.HttpServer2$QuotingInputFilter)
2019-07-16 15:41:14,624 INFO  http.HttpServer2 (HttpServer2.java:addFilter(948)) - Added filter static_user_filter (class=org.apache.hadoop.http.lib.StaticUserWebFilter$StaticUserFilter) to context ozoneManager
2019-07-16 15:41:14,624 INFO  http.HttpServer2 (HttpServer2.java:addFilter(958)) - Added filter static_user_filter (class=org.apache.hadoop.http.lib.StaticUserWebFilter$StaticUserFilter) to context static
2019-07-16 15:41:14,625 INFO  http.HttpServer2 (HttpServer2.java:addFilter(958)) - Added filter static_user_filter (class=org.apache.hadoop.http.lib.StaticUserWebFilter$StaticUserFilter) to context logs
2019-07-16 15:41:14,625 INFO  http.HttpServer2 (HttpServer2.java:bindListener(1191)) - Jetty bound to port 33495
2019-07-16 15:41:14,626 INFO  server.Server (Server.java:doStart(351)) - jetty-9.3.24.v20180605, build timestamp: 2018-06-05T17:11:56Z, git hash: 84205aa28f11a4f31f2a3b86d1bba2cc8ab69827
2019-07-16 15:41:14,628 INFO  handler.ContextHandler (ContextHandler.java:doStart(781)) - Started o.e.j.s.ServletContextHandler@5f815f93{/logs,file:///workdir/hadoop-ozone/integration-test/target/log,AVAILABLE}
2019-07-16 15:41:14,628 INFO  handler.ContextHandler (ContextHandler.java:doStart(781)) - Started o.e.j.s.ServletContextHandler@643f8ebe{/static,file:///workdir/hadoop-ozone/integration-test/target/test-classes/webapps/static,AVAILABLE}
2019-07-16 15:41:14,634 INFO  handler.ContextHandler (ContextHandler.java:doStart(781)) - Started o.e.j.w.WebAppContext@6b23897a{/,file:///workdir/hadoop-ozone/integration-test/target/test-classes/webapps/ozoneManager/,AVAILABLE}{/ozoneManager}
2019-07-16 15:41:14,634 INFO  server.AbstractConnector (AbstractConnector.java:doStart(278)) - Started ServerConnector@40dd2cfe{HTTP/1.1,[http/1.1]}{0.0.0.0:33495}
2019-07-16 15:41:14,636 INFO  server.Server (Server.java:doStart(419)) - Started @592914ms
2019-07-16 15:41:14,636 INFO  server.BaseHttpServer (BaseHttpServer.java:updateConnectorAddress(207)) - HTTP server of OZONEMANAGER is listening at http://0.0.0.0:33495
2019-07-16 15:41:14,654 INFO  impl.MetricsSystemImpl (MetricsSystemImpl.java:init(158)) - HddsDatanode metrics system started (again)
2019-07-16 15:41:14,654 INFO  ozone.HddsDatanodeService (HddsDatanodeService.java:start(185)) - HddsDatanodeService host:trunk-nightly-kgw5x-1882989438 ip:192.168.69.88
2019-07-16 15:41:14,667 INFO  volume.HddsVolume (HddsVolume.java:<init>(176)) - Creating Volume: /workdir/hadoop-ozone/integration-test/target/test-dir/MiniOzoneClusterImpl-c63d3b4f-5676-42d9-a01a-77c7ca3a5d27/datanode-0/data/containers/hdds of  storage type : DISK and capacity : 52710309888
2019-07-16 15:41:14,667 INFO  volume.VolumeSet (VolumeSet.java:initializeVolumeSet(170)) - Added Volume : /workdir/hadoop-ozone/integration-test/target/test-dir/MiniOzoneClusterImpl-c63d3b4f-5676-42d9-a01a-77c7ca3a5d27/datanode-0/data/containers/hdds to VolumeSet
2019-07-16 15:41:14,667 INFO  volume.ThrottledAsyncChecker (ThrottledAsyncChecker.java:schedule(140)) - Scheduling a check for org.apache.hadoop.ozone.container.common.volume.HddsVolume@760ac834
2019-07-16 15:41:14,669 INFO  volume.HddsVolumeChecker (HddsVolumeChecker.java:checkAllVolumes(203)) - Scheduled health check for volume org.apache.hadoop.ozone.container.common.volume.HddsVolume@760ac834
2019-07-16 15:41:14,684 INFO  impl.RaftServerProxy (ConfUtils.java:logGet(43)) - raft.rpc.type = GRPC (default)
2019-07-16 15:41:14,684 INFO  grpc.GrpcFactory (GrpcFactory.java:checkPooledByteBufAllocatorUseCacheForAllThreads(45)) - PERFORMANCE WARNING: useCacheForAllThreads is true that may cause Netty to create a lot garbage objects and, as a result, trigger GC.
	It is recommended to disable useCacheForAllThreads by setting -Dorg.apache.ratis.thirdparty.io.netty.allocator.useCacheForAllThreads=false in command line.
2019-07-16 15:41:14,685 INFO  grpc.GrpcConfigKeys$Server (ConfUtils.java:logGet(43)) - raft.grpc.server.port = 0 (default)
2019-07-16 15:41:14,685 INFO  server.GrpcService (ConfUtils.java:logGet(43)) - raft.grpc.message.size.max = 33570816 (custom)
2019-07-16 15:41:14,685 INFO  server.RaftServerConfigKeys (ConfUtils.java:logGet(43)) - raft.server.log.appender.buffer.byte-limit = 33554432 (custom)
2019-07-16 15:41:14,685 INFO  server.GrpcService (ConfUtils.java:logGet(43)) - raft.grpc.flow.control.window = 1MB (=1048576) (default)
2019-07-16 15:41:14,685 INFO  server.RaftServerConfigKeys (ConfUtils.java:logGet(43)) - raft.server.rpc.request.timeout = 3000ms (default)
2019-07-16 15:41:14,686 INFO  server.RaftServerConfigKeys (ConfUtils.java:logGet(43)) - raft.server.storage.dir = [/workdir/hadoop-ozone/integration-test/target/test-dir/MiniOzoneClusterImpl-c63d3b4f-5676-42d9-a01a-77c7ca3a5d27/datanode-0/data/ratis] (custom)
2019-07-16 15:41:14,686 INFO  replication.SimpleContainerDownloader (SimpleContainerDownloader.java:<init>(72)) - Starting container downloader service to copy containers to replicate.
2019-07-16 15:41:14,688 INFO  hdfs.DFSUtil (DFSUtil.java:httpServerTemplateForNNAndJN(1641)) - Starting Web-server for hddsDatanode at: http://0.0.0.0:0
2019-07-16 15:41:14,689 INFO  server.AuthenticationFilter (AuthenticationFilter.java:constructSecretProvider(240)) - Unable to initialize FileSignerSecretProvider, falling back to use random secrets.
2019-07-16 15:41:14,690 WARN  http.HttpRequestLog (HttpRequestLog.java:getRequestLog(97)) - Jetty request log can only be enabled using Log4j
2019-07-16 15:41:14,691 INFO  http.HttpServer2 (HttpServer2.java:addGlobalFilter(975)) - Added global filter 'safety' (class=org.apache.hadoop.http.HttpServer2$QuotingInputFilter)
2019-07-16 15:41:14,692 INFO  http.HttpServer2 (HttpServer2.java:addFilter(948)) - Added filter static_user_filter (class=org.apache.hadoop.http.lib.StaticUserWebFilter$StaticUserFilter) to context hddsDatanode
2019-07-16 15:41:14,692 INFO  http.HttpServer2 (HttpServer2.java:addFilter(958)) - Added filter static_user_filter (class=org.apache.hadoop.http.lib.StaticUserWebFilter$StaticUserFilter) to context static
2019-07-16 15:41:14,692 INFO  http.HttpServer2 (HttpServer2.java:addFilter(958)) - Added filter static_user_filter (class=org.apache.hadoop.http.lib.StaticUserWebFilter$StaticUserFilter) to context logs
2019-07-16 15:41:14,693 INFO  http.HttpServer2 (HttpServer2.java:bindListener(1191)) - Jetty bound to port 45000
2019-07-16 15:41:14,693 INFO  server.Server (Server.java:doStart(351)) - jetty-9.3.24.v20180605, build timestamp: 2018-06-05T17:11:56Z, git hash: 84205aa28f11a4f31f2a3b86d1bba2cc8ab69827
2019-07-16 15:41:14,695 INFO  handler.ContextHandler (ContextHandler.java:doStart(781)) - Started o.e.j.s.ServletContextHandler@5924ea91{/logs,file:///workdir/hadoop-ozone/integration-test/target/log,AVAILABLE}
2019-07-16 15:41:14,695 INFO  handler.ContextHandler (ContextHandler.java:doStart(781)) - Started o.e.j.s.ServletContextHandler@709c6768{/static,jar:file:/home/user/.m2/repository/org/apache/hadoop/hadoop-hdds-container-service/0.5.0-SNAPSHOT/hadoop-hdds-container-service-0.5.0-SNAPSHOT.jar!/webapps/static,AVAILABLE}
2019-07-16 15:41:14,729 INFO  handler.ContextHandler (ContextHandler.java:doStart(781)) - Started o.e.j.w.WebAppContext@60cbba57{/,file:///tmp/jetty-0.0.0.0-45000-hddsDatanode-_-any-5211506459947965957.dir/webapp/,AVAILABLE}{/hddsDatanode}
2019-07-16 15:41:14,729 INFO  server.AbstractConnector (AbstractConnector.java:doStart(278)) - Started ServerConnector@614d01b{HTTP/1.1,[http/1.1]}{0.0.0.0:45000}
2019-07-16 15:41:14,731 INFO  server.Server (Server.java:doStart(419)) - Started @593009ms
2019-07-16 15:41:14,731 INFO  server.BaseHttpServer (BaseHttpServer.java:updateConnectorAddress(207)) - HTTP server of HDDSDATANODE is listening at http://0.0.0.0:45000
2019-07-16 15:41:14,834 INFO  ozone.HddsDatanodeService (HddsDatanodeService.java:startPlugins(396)) - Started plug-in org.apache.hadoop.ozone.web.OzoneHddsDatanodeService@58dd1d0c
2019-07-16 15:41:14,835 INFO  impl.MetricsSystemImpl (MetricsSystemImpl.java:init(158)) - HddsDatanode metrics system started (again)
2019-07-16 15:41:14,836 INFO  ozone.HddsDatanodeService (HddsDatanodeService.java:start(185)) - HddsDatanodeService host:trunk-nightly-kgw5x-1882989438 ip:192.168.69.88
2019-07-16 15:41:14,837 INFO  util.JvmPauseMonitor (JvmPauseMonitor.java:run(188)) - Starting JVM pause monitor
2019-07-16 15:41:14,839 INFO  datanode.InitDatanodeState (InitDatanodeState.java:persistContainerDatanodeDetails(140)) - DatanodeDetails is persisted to /workdir/hadoop-ozone/integration-test/target/test-dir/MiniOzoneClusterImpl-c63d3b4f-5676-42d9-a01a-77c7ca3a5d27/datanode-0/meta/datanode.id
2019-07-16 15:41:14,847 INFO  volume.HddsVolume (HddsVolume.java:<init>(176)) - Creating Volume: /workdir/hadoop-ozone/integration-test/target/test-dir/MiniOzoneClusterImpl-c63d3b4f-5676-42d9-a01a-77c7ca3a5d27/datanode-1/data/containers/hdds of  storage type : DISK and capacity : 52710309888
2019-07-16 15:41:14,847 INFO  volume.VolumeSet (VolumeSet.java:initializeVolumeSet(170)) - Added Volume : /workdir/hadoop-ozone/integration-test/target/test-dir/MiniOzoneClusterImpl-c63d3b4f-5676-42d9-a01a-77c7ca3a5d27/datanode-1/data/containers/hdds to VolumeSet
2019-07-16 15:41:14,847 INFO  volume.ThrottledAsyncChecker (ThrottledAsyncChecker.java:schedule(140)) - Scheduling a check for org.apache.hadoop.ozone.container.common.volume.HddsVolume@cd9ce76
2019-07-16 15:41:14,847 INFO  volume.HddsVolumeChecker (HddsVolumeChecker.java:checkAllVolumes(203)) - Scheduled health check for volume org.apache.hadoop.ozone.container.common.volume.HddsVolume@cd9ce76
2019-07-16 15:41:14,860 INFO  impl.RaftServerProxy (ConfUtils.java:logGet(43)) - raft.rpc.type = GRPC (default)
2019-07-16 15:41:14,860 INFO  grpc.GrpcFactory (GrpcFactory.java:checkPooledByteBufAllocatorUseCacheForAllThreads(45)) - PERFORMANCE WARNING: useCacheForAllThreads is true that may cause Netty to create a lot garbage objects and, as a result, trigger GC.
	It is recommended to disable useCacheForAllThreads by setting -Dorg.apache.ratis.thirdparty.io.netty.allocator.useCacheForAllThreads=false in command line.
2019-07-16 15:41:14,860 INFO  grpc.GrpcConfigKeys$Server (ConfUtils.java:logGet(43)) - raft.grpc.server.port = 0 (default)
2019-07-16 15:41:14,860 INFO  server.GrpcService (ConfUtils.java:logGet(43)) - raft.grpc.message.size.max = 33570816 (custom)
2019-07-16 15:41:14,860 INFO  server.RaftServerConfigKeys (ConfUtils.java:logGet(43)) - raft.server.log.appender.buffer.byte-limit = 33554432 (custom)
2019-07-16 15:41:14,861 INFO  server.GrpcService (ConfUtils.java:logGet(43)) - raft.grpc.flow.control.window = 1MB (=1048576) (default)
2019-07-16 15:41:14,861 INFO  server.RaftServerConfigKeys (ConfUtils.java:logGet(43)) - raft.server.rpc.request.timeout = 3000ms (default)
2019-07-16 15:41:14,861 INFO  server.RaftServerConfigKeys (ConfUtils.java:logGet(43)) - raft.server.storage.dir = [/workdir/hadoop-ozone/integration-test/target/test-dir/MiniOzoneClusterImpl-c63d3b4f-5676-42d9-a01a-77c7ca3a5d27/datanode-1/data/ratis] (custom)
2019-07-16 15:41:14,862 INFO  replication.SimpleContainerDownloader (SimpleContainerDownloader.java:<init>(72)) - Starting container downloader service to copy containers to replicate.
2019-07-16 15:41:14,862 INFO  hdfs.DFSUtil (DFSUtil.java:httpServerTemplateForNNAndJN(1641)) - Starting Web-server for hddsDatanode at: http://0.0.0.0:0
2019-07-16 15:41:14,863 INFO  server.AuthenticationFilter (AuthenticationFilter.java:constructSecretProvider(240)) - Unable to initialize FileSignerSecretProvider, falling back to use random secrets.
2019-07-16 15:41:14,864 WARN  http.HttpRequestLog (HttpRequestLog.java:getRequestLog(97)) - Jetty request log can only be enabled using Log4j
2019-07-16 15:41:14,865 INFO  http.HttpServer2 (HttpServer2.java:addGlobalFilter(975)) - Added global filter 'safety' (class=org.apache.hadoop.http.HttpServer2$QuotingInputFilter)
2019-07-16 15:41:14,865 INFO  http.HttpServer2 (HttpServer2.java:addFilter(948)) - Added filter static_user_filter (class=org.apache.hadoop.http.lib.StaticUserWebFilter$StaticUserFilter) to context hddsDatanode
2019-07-16 15:41:14,865 INFO  http.HttpServer2 (HttpServer2.java:addFilter(958)) - Added filter static_user_filter (class=org.apache.hadoop.http.lib.StaticUserWebFilter$StaticUserFilter) to context static
2019-07-16 15:41:14,866 INFO  http.HttpServer2 (HttpServer2.java:addFilter(958)) - Added filter static_user_filter (class=org.apache.hadoop.http.lib.StaticUserWebFilter$StaticUserFilter) to context logs
2019-07-16 15:41:14,866 INFO  http.HttpServer2 (HttpServer2.java:bindListener(1191)) - Jetty bound to port 43337
2019-07-16 15:41:14,866 INFO  server.Server (Server.java:doStart(351)) - jetty-9.3.24.v20180605, build timestamp: 2018-06-05T17:11:56Z, git hash: 84205aa28f11a4f31f2a3b86d1bba2cc8ab69827
2019-07-16 15:41:14,868 INFO  handler.ContextHandler (ContextHandler.java:doStart(781)) - Started o.e.j.s.ServletContextHandler@6557dcea{/logs,file:///workdir/hadoop-ozone/integration-test/target/log,AVAILABLE}
2019-07-16 15:41:14,868 INFO  handler.ContextHandler (ContextHandler.java:doStart(781)) - Started o.e.j.s.ServletContextHandler@569d6e0d{/static,jar:file:/home/user/.m2/repository/org/apache/hadoop/hadoop-hdds-container-service/0.5.0-SNAPSHOT/hadoop-hdds-container-service-0.5.0-SNAPSHOT.jar!/webapps/static,AVAILABLE}
2019-07-16 15:41:14,895 INFO  handler.ContextHandler (ContextHandler.java:doStart(781)) - Started o.e.j.w.WebAppContext@549b26d7{/,file:///tmp/jetty-0.0.0.0-43337-hddsDatanode-_-any-4140818729938868627.dir/webapp/,AVAILABLE}{/hddsDatanode}
2019-07-16 15:41:14,895 INFO  server.AbstractConnector (AbstractConnector.java:doStart(278)) - Started ServerConnector@2c9430c6{HTTP/1.1,[http/1.1]}{0.0.0.0:43337}
2019-07-16 15:41:14,896 INFO  server.Server (Server.java:doStart(419)) - Started @593175ms
2019-07-16 15:41:14,896 INFO  server.BaseHttpServer (BaseHttpServer.java:updateConnectorAddress(207)) - HTTP server of HDDSDATANODE is listening at http://0.0.0.0:43337
2019-07-16 15:41:14,993 INFO  ozone.HddsDatanodeService (HddsDatanodeService.java:startPlugins(396)) - Started plug-in org.apache.hadoop.ozone.web.OzoneHddsDatanodeService@5fc76532
2019-07-16 15:41:14,994 INFO  impl.MetricsSystemImpl (MetricsSystemImpl.java:init(158)) - HddsDatanode metrics system started (again)
2019-07-16 15:41:14,995 INFO  ozone.HddsDatanodeService (HddsDatanodeService.java:start(185)) - HddsDatanodeService host:trunk-nightly-kgw5x-1882989438 ip:192.168.69.88
2019-07-16 15:41:14,996 INFO  util.JvmPauseMonitor (JvmPauseMonitor.java:run(188)) - Starting JVM pause monitor
2019-07-16 15:41:14,999 INFO  datanode.InitDatanodeState (InitDatanodeState.java:persistContainerDatanodeDetails(140)) - DatanodeDetails is persisted to /workdir/hadoop-ozone/integration-test/target/test-dir/MiniOzoneClusterImpl-c63d3b4f-5676-42d9-a01a-77c7ca3a5d27/datanode-1/meta/datanode.id
2019-07-16 15:41:15,005 INFO  volume.HddsVolume (HddsVolume.java:<init>(176)) - Creating Volume: /workdir/hadoop-ozone/integration-test/target/test-dir/MiniOzoneClusterImpl-c63d3b4f-5676-42d9-a01a-77c7ca3a5d27/datanode-2/data/containers/hdds of  storage type : DISK and capacity : 52710309888
2019-07-16 15:41:15,005 INFO  volume.VolumeSet (VolumeSet.java:initializeVolumeSet(170)) - Added Volume : /workdir/hadoop-ozone/integration-test/target/test-dir/MiniOzoneClusterImpl-c63d3b4f-5676-42d9-a01a-77c7ca3a5d27/datanode-2/data/containers/hdds to VolumeSet
2019-07-16 15:41:15,005 INFO  volume.ThrottledAsyncChecker (ThrottledAsyncChecker.java:schedule(140)) - Scheduling a check for org.apache.hadoop.ozone.container.common.volume.HddsVolume@4bfaff23
2019-07-16 15:41:15,006 INFO  volume.HddsVolumeChecker (HddsVolumeChecker.java:checkAllVolumes(203)) - Scheduled health check for volume org.apache.hadoop.ozone.container.common.volume.HddsVolume@4bfaff23
2019-07-16 15:41:15,019 INFO  impl.RaftServerProxy (ConfUtils.java:logGet(43)) - raft.rpc.type = GRPC (default)
2019-07-16 15:41:15,019 INFO  grpc.GrpcFactory (GrpcFactory.java:checkPooledByteBufAllocatorUseCacheForAllThreads(45)) - PERFORMANCE WARNING: useCacheForAllThreads is true that may cause Netty to create a lot garbage objects and, as a result, trigger GC.
	It is recommended to disable useCacheForAllThreads by setting -Dorg.apache.ratis.thirdparty.io.netty.allocator.useCacheForAllThreads=false in command line.
2019-07-16 15:41:15,019 INFO  grpc.GrpcConfigKeys$Server (ConfUtils.java:logGet(43)) - raft.grpc.server.port = 0 (default)
2019-07-16 15:41:15,019 INFO  server.GrpcService (ConfUtils.java:logGet(43)) - raft.grpc.message.size.max = 33570816 (custom)
2019-07-16 15:41:15,019 INFO  server.RaftServerConfigKeys (ConfUtils.java:logGet(43)) - raft.server.log.appender.buffer.byte-limit = 33554432 (custom)
2019-07-16 15:41:15,019 INFO  server.GrpcService (ConfUtils.java:logGet(43)) - raft.grpc.flow.control.window = 1MB (=1048576) (default)
2019-07-16 15:41:15,020 INFO  server.RaftServerConfigKeys (ConfUtils.java:logGet(43)) - raft.server.rpc.request.timeout = 3000ms (default)
2019-07-16 15:41:15,020 INFO  server.RaftServerConfigKeys (ConfUtils.java:logGet(43)) - raft.server.storage.dir = [/workdir/hadoop-ozone/integration-test/target/test-dir/MiniOzoneClusterImpl-c63d3b4f-5676-42d9-a01a-77c7ca3a5d27/datanode-2/data/ratis] (custom)
2019-07-16 15:41:15,020 INFO  replication.SimpleContainerDownloader (SimpleContainerDownloader.java:<init>(72)) - Starting container downloader service to copy containers to replicate.
2019-07-16 15:41:15,021 INFO  hdfs.DFSUtil (DFSUtil.java:httpServerTemplateForNNAndJN(1641)) - Starting Web-server for hddsDatanode at: http://0.0.0.0:0
2019-07-16 15:41:15,022 INFO  server.AuthenticationFilter (AuthenticationFilter.java:constructSecretProvider(240)) - Unable to initialize FileSignerSecretProvider, falling back to use random secrets.
2019-07-16 15:41:15,023 WARN  http.HttpRequestLog (HttpRequestLog.java:getRequestLog(97)) - Jetty request log can only be enabled using Log4j
2019-07-16 15:41:15,024 INFO  http.HttpServer2 (HttpServer2.java:addGlobalFilter(975)) - Added global filter 'safety' (class=org.apache.hadoop.http.HttpServer2$QuotingInputFilter)
2019-07-16 15:41:15,024 INFO  http.HttpServer2 (HttpServer2.java:addFilter(948)) - Added filter static_user_filter (class=org.apache.hadoop.http.lib.StaticUserWebFilter$StaticUserFilter) to context hddsDatanode
2019-07-16 15:41:15,024 INFO  http.HttpServer2 (HttpServer2.java:addFilter(958)) - Added filter static_user_filter (class=org.apache.hadoop.http.lib.StaticUserWebFilter$StaticUserFilter) to context logs
2019-07-16 15:41:15,025 INFO  http.HttpServer2 (HttpServer2.java:addFilter(958)) - Added filter static_user_filter (class=org.apache.hadoop.http.lib.StaticUserWebFilter$StaticUserFilter) to context static
2019-07-16 15:41:15,025 INFO  http.HttpServer2 (HttpServer2.java:bindListener(1191)) - Jetty bound to port 44691
2019-07-16 15:41:15,025 INFO  server.Server (Server.java:doStart(351)) - jetty-9.3.24.v20180605, build timestamp: 2018-06-05T17:11:56Z, git hash: 84205aa28f11a4f31f2a3b86d1bba2cc8ab69827
2019-07-16 15:41:15,027 INFO  handler.ContextHandler (ContextHandler.java:doStart(781)) - Started o.e.j.s.ServletContextHandler@365eaef{/logs,file:///workdir/hadoop-ozone/integration-test/target/log,AVAILABLE}
2019-07-16 15:41:15,027 INFO  handler.ContextHandler (ContextHandler.java:doStart(781)) - Started o.e.j.s.ServletContextHandler@9e2b199{/static,jar:file:/home/user/.m2/repository/org/apache/hadoop/hadoop-hdds-container-service/0.5.0-SNAPSHOT/hadoop-hdds-container-service-0.5.0-SNAPSHOT.jar!/webapps/static,AVAILABLE}
2019-07-16 15:41:15,054 INFO  handler.ContextHandler (ContextHandler.java:doStart(781)) - Started o.e.j.w.WebAppContext@7a458c73{/,file:///tmp/jetty-0.0.0.0-44691-hddsDatanode-_-any-2824337068055424921.dir/webapp/,AVAILABLE}{/hddsDatanode}
2019-07-16 15:41:15,054 INFO  server.AbstractConnector (AbstractConnector.java:doStart(278)) - Started ServerConnector@47a72c32{HTTP/1.1,[http/1.1]}{0.0.0.0:44691}
2019-07-16 15:41:15,055 INFO  server.Server (Server.java:doStart(419)) - Started @593334ms
2019-07-16 15:41:15,056 INFO  server.BaseHttpServer (BaseHttpServer.java:updateConnectorAddress(207)) - HTTP server of HDDSDATANODE is listening at http://0.0.0.0:44691
2019-07-16 15:41:15,154 INFO  ozone.HddsDatanodeService (HddsDatanodeService.java:startPlugins(396)) - Started plug-in org.apache.hadoop.ozone.web.OzoneHddsDatanodeService@7df994ec
2019-07-16 15:41:15,154 INFO  impl.MetricsSystemImpl (MetricsSystemImpl.java:init(158)) - HddsDatanode metrics system started (again)
2019-07-16 15:41:15,156 INFO  ozone.HddsDatanodeService (HddsDatanodeService.java:start(185)) - HddsDatanodeService host:trunk-nightly-kgw5x-1882989438 ip:192.168.69.88
2019-07-16 15:41:15,158 INFO  util.JvmPauseMonitor (JvmPauseMonitor.java:run(188)) - Starting JVM pause monitor
2019-07-16 15:41:15,159 INFO  datanode.InitDatanodeState (InitDatanodeState.java:persistContainerDatanodeDetails(140)) - DatanodeDetails is persisted to /workdir/hadoop-ozone/integration-test/target/test-dir/MiniOzoneClusterImpl-c63d3b4f-5676-42d9-a01a-77c7ca3a5d27/datanode-2/meta/datanode.id
2019-07-16 15:41:15,167 INFO  volume.HddsVolume (HddsVolume.java:<init>(176)) - Creating Volume: /workdir/hadoop-ozone/integration-test/target/test-dir/MiniOzoneClusterImpl-c63d3b4f-5676-42d9-a01a-77c7ca3a5d27/datanode-3/data/containers/hdds of  storage type : DISK and capacity : 52710309888
2019-07-16 15:41:15,168 INFO  volume.VolumeSet (VolumeSet.java:initializeVolumeSet(170)) - Added Volume : /workdir/hadoop-ozone/integration-test/target/test-dir/MiniOzoneClusterImpl-c63d3b4f-5676-42d9-a01a-77c7ca3a5d27/datanode-3/data/containers/hdds to VolumeSet
2019-07-16 15:41:15,168 INFO  volume.ThrottledAsyncChecker (ThrottledAsyncChecker.java:schedule(140)) - Scheduling a check for org.apache.hadoop.ozone.container.common.volume.HddsVolume@17796f47
2019-07-16 15:41:15,168 INFO  volume.HddsVolumeChecker (HddsVolumeChecker.java:checkAllVolumes(203)) - Scheduled health check for volume org.apache.hadoop.ozone.container.common.volume.HddsVolume@17796f47
2019-07-16 15:41:15,186 INFO  impl.RaftServerProxy (ConfUtils.java:logGet(43)) - raft.rpc.type = GRPC (default)
2019-07-16 15:41:15,186 INFO  grpc.GrpcFactory (GrpcFactory.java:checkPooledByteBufAllocatorUseCacheForAllThreads(45)) - PERFORMANCE WARNING: useCacheForAllThreads is true that may cause Netty to create a lot garbage objects and, as a result, trigger GC.
	It is recommended to disable useCacheForAllThreads by setting -Dorg.apache.ratis.thirdparty.io.netty.allocator.useCacheForAllThreads=false in command line.
2019-07-16 15:41:15,186 INFO  grpc.GrpcConfigKeys$Server (ConfUtils.java:logGet(43)) - raft.grpc.server.port = 0 (default)
2019-07-16 15:41:15,186 INFO  server.GrpcService (ConfUtils.java:logGet(43)) - raft.grpc.message.size.max = 33570816 (custom)
2019-07-16 15:41:15,186 INFO  server.RaftServerConfigKeys (ConfUtils.java:logGet(43)) - raft.server.log.appender.buffer.byte-limit = 33554432 (custom)
2019-07-16 15:41:15,187 INFO  server.GrpcService (ConfUtils.java:logGet(43)) - raft.grpc.flow.control.window = 1MB (=1048576) (default)
2019-07-16 15:41:15,187 INFO  server.RaftServerConfigKeys (ConfUtils.java:logGet(43)) - raft.server.rpc.request.timeout = 3000ms (default)
2019-07-16 15:41:15,187 INFO  server.RaftServerConfigKeys (ConfUtils.java:logGet(43)) - raft.server.storage.dir = [/workdir/hadoop-ozone/integration-test/target/test-dir/MiniOzoneClusterImpl-c63d3b4f-5676-42d9-a01a-77c7ca3a5d27/datanode-3/data/ratis] (custom)
2019-07-16 15:41:15,188 INFO  replication.SimpleContainerDownloader (SimpleContainerDownloader.java:<init>(72)) - Starting container downloader service to copy containers to replicate.
2019-07-16 15:41:15,189 INFO  hdfs.DFSUtil (DFSUtil.java:httpServerTemplateForNNAndJN(1641)) - Starting Web-server for hddsDatanode at: http://0.0.0.0:0
2019-07-16 15:41:15,190 INFO  server.AuthenticationFilter (AuthenticationFilter.java:constructSecretProvider(240)) - Unable to initialize FileSignerSecretProvider, falling back to use random secrets.
2019-07-16 15:41:15,190 WARN  http.HttpRequestLog (HttpRequestLog.java:getRequestLog(97)) - Jetty request log can only be enabled using Log4j
2019-07-16 15:41:15,191 INFO  http.HttpServer2 (HttpServer2.java:addGlobalFilter(975)) - Added global filter 'safety' (class=org.apache.hadoop.http.HttpServer2$QuotingInputFilter)
2019-07-16 15:41:15,192 INFO  http.HttpServer2 (HttpServer2.java:addFilter(948)) - Added filter static_user_filter (class=org.apache.hadoop.http.lib.StaticUserWebFilter$StaticUserFilter) to context hddsDatanode
2019-07-16 15:41:15,192 INFO  http.HttpServer2 (HttpServer2.java:addFilter(958)) - Added filter static_user_filter (class=org.apache.hadoop.http.lib.StaticUserWebFilter$StaticUserFilter) to context logs
2019-07-16 15:41:15,192 INFO  http.HttpServer2 (HttpServer2.java:addFilter(958)) - Added filter static_user_filter (class=org.apache.hadoop.http.lib.StaticUserWebFilter$StaticUserFilter) to context static
2019-07-16 15:41:15,193 INFO  http.HttpServer2 (HttpServer2.java:bindListener(1191)) - Jetty bound to port 45969
2019-07-16 15:41:15,193 INFO  server.Server (Server.java:doStart(351)) - jetty-9.3.24.v20180605, build timestamp: 2018-06-05T17:11:56Z, git hash: 84205aa28f11a4f31f2a3b86d1bba2cc8ab69827
2019-07-16 15:41:15,194 INFO  handler.ContextHandler (ContextHandler.java:doStart(781)) - Started o.e.j.s.ServletContextHandler@29b61bb{/logs,file:///workdir/hadoop-ozone/integration-test/target/log,AVAILABLE}
2019-07-16 15:41:15,195 INFO  handler.ContextHandler (ContextHandler.java:doStart(781)) - Started o.e.j.s.ServletContextHandler@6f959640{/static,jar:file:/home/user/.m2/repository/org/apache/hadoop/hadoop-hdds-container-service/0.5.0-SNAPSHOT/hadoop-hdds-container-service-0.5.0-SNAPSHOT.jar!/webapps/static,AVAILABLE}
2019-07-16 15:41:15,222 INFO  handler.ContextHandler (ContextHandler.java:doStart(781)) - Started o.e.j.w.WebAppContext@3f54fabc{/,file:///tmp/jetty-0.0.0.0-45969-hddsDatanode-_-any-1804701735559235867.dir/webapp/,AVAILABLE}{/hddsDatanode}
2019-07-16 15:41:15,222 INFO  server.AbstractConnector (AbstractConnector.java:doStart(278)) - Started ServerConnector@719e8f9f{HTTP/1.1,[http/1.1]}{0.0.0.0:45969}
2019-07-16 15:41:15,223 INFO  server.Server (Server.java:doStart(419)) - Started @593502ms
2019-07-16 15:41:15,224 INFO  server.BaseHttpServer (BaseHttpServer.java:updateConnectorAddress(207)) - HTTP server of HDDSDATANODE is listening at http://0.0.0.0:45969
2019-07-16 15:41:15,478 INFO  ozone.HddsDatanodeService (HddsDatanodeService.java:startPlugins(396)) - Started plug-in org.apache.hadoop.ozone.web.OzoneHddsDatanodeService@6bea0866
2019-07-16 15:41:15,478 INFO  impl.MetricsSystemImpl (MetricsSystemImpl.java:init(158)) - HddsDatanode metrics system started (again)
2019-07-16 15:41:15,480 INFO  ozone.HddsDatanodeService (HddsDatanodeService.java:start(185)) - HddsDatanodeService host:trunk-nightly-kgw5x-1882989438 ip:192.168.69.88
2019-07-16 15:41:15,482 INFO  util.JvmPauseMonitor (JvmPauseMonitor.java:run(188)) - Starting JVM pause monitor
2019-07-16 15:41:15,483 INFO  datanode.InitDatanodeState (InitDatanodeState.java:persistContainerDatanodeDetails(140)) - DatanodeDetails is persisted to /workdir/hadoop-ozone/integration-test/target/test-dir/MiniOzoneClusterImpl-c63d3b4f-5676-42d9-a01a-77c7ca3a5d27/datanode-3/meta/datanode.id
2019-07-16 15:41:15,493 INFO  volume.HddsVolume (HddsVolume.java:<init>(176)) - Creating Volume: /workdir/hadoop-ozone/integration-test/target/test-dir/MiniOzoneClusterImpl-c63d3b4f-5676-42d9-a01a-77c7ca3a5d27/datanode-4/data/containers/hdds of  storage type : DISK and capacity : 52710309888
2019-07-16 15:41:15,493 INFO  volume.VolumeSet (VolumeSet.java:initializeVolumeSet(170)) - Added Volume : /workdir/hadoop-ozone/integration-test/target/test-dir/MiniOzoneClusterImpl-c63d3b4f-5676-42d9-a01a-77c7ca3a5d27/datanode-4/data/containers/hdds to VolumeSet
2019-07-16 15:41:15,493 INFO  volume.ThrottledAsyncChecker (ThrottledAsyncChecker.java:schedule(140)) - Scheduling a check for org.apache.hadoop.ozone.container.common.volume.HddsVolume@33da0fad
2019-07-16 15:41:15,494 INFO  volume.HddsVolumeChecker (HddsVolumeChecker.java:checkAllVolumes(203)) - Scheduled health check for volume org.apache.hadoop.ozone.container.common.volume.HddsVolume@33da0fad
2019-07-16 15:41:15,510 INFO  impl.RaftServerProxy (ConfUtils.java:logGet(43)) - raft.rpc.type = GRPC (default)
2019-07-16 15:41:15,510 INFO  grpc.GrpcFactory (GrpcFactory.java:checkPooledByteBufAllocatorUseCacheForAllThreads(45)) - PERFORMANCE WARNING: useCacheForAllThreads is true that may cause Netty to create a lot garbage objects and, as a result, trigger GC.
	It is recommended to disable useCacheForAllThreads by setting -Dorg.apache.ratis.thirdparty.io.netty.allocator.useCacheForAllThreads=false in command line.
2019-07-16 15:41:15,511 INFO  grpc.GrpcConfigKeys$Server (ConfUtils.java:logGet(43)) - raft.grpc.server.port = 0 (default)
2019-07-16 15:41:15,511 INFO  server.GrpcService (ConfUtils.java:logGet(43)) - raft.grpc.message.size.max = 33570816 (custom)
2019-07-16 15:41:15,511 INFO  server.RaftServerConfigKeys (ConfUtils.java:logGet(43)) - raft.server.log.appender.buffer.byte-limit = 33554432 (custom)
2019-07-16 15:41:15,511 INFO  server.GrpcService (ConfUtils.java:logGet(43)) - raft.grpc.flow.control.window = 1MB (=1048576) (default)
2019-07-16 15:41:15,512 INFO  server.RaftServerConfigKeys (ConfUtils.java:logGet(43)) - raft.server.rpc.request.timeout = 3000ms (default)
2019-07-16 15:41:15,512 INFO  server.RaftServerConfigKeys (ConfUtils.java:logGet(43)) - raft.server.storage.dir = [/workdir/hadoop-ozone/integration-test/target/test-dir/MiniOzoneClusterImpl-c63d3b4f-5676-42d9-a01a-77c7ca3a5d27/datanode-4/data/ratis] (custom)
2019-07-16 15:41:15,513 INFO  replication.SimpleContainerDownloader (SimpleContainerDownloader.java:<init>(72)) - Starting container downloader service to copy containers to replicate.
2019-07-16 15:41:15,514 INFO  hdfs.DFSUtil (DFSUtil.java:httpServerTemplateForNNAndJN(1641)) - Starting Web-server for hddsDatanode at: http://0.0.0.0:0
2019-07-16 15:41:15,516 INFO  server.AuthenticationFilter (AuthenticationFilter.java:constructSecretProvider(240)) - Unable to initialize FileSignerSecretProvider, falling back to use random secrets.
2019-07-16 15:41:15,516 WARN  http.HttpRequestLog (HttpRequestLog.java:getRequestLog(97)) - Jetty request log can only be enabled using Log4j
2019-07-16 15:41:15,518 INFO  http.HttpServer2 (HttpServer2.java:addGlobalFilter(975)) - Added global filter 'safety' (class=org.apache.hadoop.http.HttpServer2$QuotingInputFilter)
2019-07-16 15:41:15,519 INFO  http.HttpServer2 (HttpServer2.java:addFilter(948)) - Added filter static_user_filter (class=org.apache.hadoop.http.lib.StaticUserWebFilter$StaticUserFilter) to context hddsDatanode
2019-07-16 15:41:15,519 INFO  http.HttpServer2 (HttpServer2.java:addFilter(958)) - Added filter static_user_filter (class=org.apache.hadoop.http.lib.StaticUserWebFilter$StaticUserFilter) to context logs
2019-07-16 15:41:15,519 INFO  http.HttpServer2 (HttpServer2.java:addFilter(958)) - Added filter static_user_filter (class=org.apache.hadoop.http.lib.StaticUserWebFilter$StaticUserFilter) to context static
2019-07-16 15:41:15,520 INFO  http.HttpServer2 (HttpServer2.java:bindListener(1191)) - Jetty bound to port 39972
2019-07-16 15:41:15,520 INFO  server.Server (Server.java:doStart(351)) - jetty-9.3.24.v20180605, build timestamp: 2018-06-05T17:11:56Z, git hash: 84205aa28f11a4f31f2a3b86d1bba2cc8ab69827
2019-07-16 15:41:15,522 INFO  handler.ContextHandler (ContextHandler.java:doStart(781)) - Started o.e.j.s.ServletContextHandler@59fa5a39{/logs,file:///workdir/hadoop-ozone/integration-test/target/log,AVAILABLE}
2019-07-16 15:41:15,523 INFO  handler.ContextHandler (ContextHandler.java:doStart(781)) - Started o.e.j.s.ServletContextHandler@59456e1{/static,jar:file:/home/user/.m2/repository/org/apache/hadoop/hadoop-hdds-container-service/0.5.0-SNAPSHOT/hadoop-hdds-container-service-0.5.0-SNAPSHOT.jar!/webapps/static,AVAILABLE}
2019-07-16 15:41:15,560 INFO  handler.ContextHandler (ContextHandler.java:doStart(781)) - Started o.e.j.w.WebAppContext@5d28e108{/,file:///tmp/jetty-0.0.0.0-39972-hddsDatanode-_-any-373861303079354838.dir/webapp/,AVAILABLE}{/hddsDatanode}
2019-07-16 15:41:15,560 INFO  server.AbstractConnector (AbstractConnector.java:doStart(278)) - Started ServerConnector@4d2bcca8{HTTP/1.1,[http/1.1]}{0.0.0.0:39972}
2019-07-16 15:41:15,562 INFO  server.Server (Server.java:doStart(419)) - Started @593841ms
2019-07-16 15:41:15,563 INFO  server.BaseHttpServer (BaseHttpServer.java:updateConnectorAddress(207)) - HTTP server of HDDSDATANODE is listening at http://0.0.0.0:39972
2019-07-16 15:41:15,666 INFO  ozone.HddsDatanodeService (HddsDatanodeService.java:startPlugins(396)) - Started plug-in org.apache.hadoop.ozone.web.OzoneHddsDatanodeService@58178b69
2019-07-16 15:41:15,667 INFO  impl.MetricsSystemImpl (MetricsSystemImpl.java:init(158)) - HddsDatanode metrics system started (again)
2019-07-16 15:41:15,669 INFO  ozone.HddsDatanodeService (HddsDatanodeService.java:start(185)) - HddsDatanodeService host:trunk-nightly-kgw5x-1882989438 ip:192.168.69.88
2019-07-16 15:41:15,670 INFO  util.JvmPauseMonitor (JvmPauseMonitor.java:run(188)) - Starting JVM pause monitor
2019-07-16 15:41:15,672 INFO  datanode.InitDatanodeState (InitDatanodeState.java:persistContainerDatanodeDetails(140)) - DatanodeDetails is persisted to /workdir/hadoop-ozone/integration-test/target/test-dir/MiniOzoneClusterImpl-c63d3b4f-5676-42d9-a01a-77c7ca3a5d27/datanode-4/meta/datanode.id
2019-07-16 15:41:15,681 INFO  volume.HddsVolume (HddsVolume.java:<init>(176)) - Creating Volume: /workdir/hadoop-ozone/integration-test/target/test-dir/MiniOzoneClusterImpl-c63d3b4f-5676-42d9-a01a-77c7ca3a5d27/datanode-5/data/containers/hdds of  storage type : DISK and capacity : 52710309888
2019-07-16 15:41:15,681 INFO  volume.VolumeSet (VolumeSet.java:initializeVolumeSet(170)) - Added Volume : /workdir/hadoop-ozone/integration-test/target/test-dir/MiniOzoneClusterImpl-c63d3b4f-5676-42d9-a01a-77c7ca3a5d27/datanode-5/data/containers/hdds to VolumeSet
2019-07-16 15:41:15,681 INFO  volume.ThrottledAsyncChecker (ThrottledAsyncChecker.java:schedule(140)) - Scheduling a check for org.apache.hadoop.ozone.container.common.volume.HddsVolume@26864891
2019-07-16 15:41:15,682 INFO  volume.HddsVolumeChecker (HddsVolumeChecker.java:checkAllVolumes(203)) - Scheduled health check for volume org.apache.hadoop.ozone.container.common.volume.HddsVolume@26864891
2019-07-16 15:41:15,695 INFO  impl.RaftServerProxy (ConfUtils.java:logGet(43)) - raft.rpc.type = GRPC (default)
2019-07-16 15:41:15,696 INFO  grpc.GrpcFactory (GrpcFactory.java:checkPooledByteBufAllocatorUseCacheForAllThreads(45)) - PERFORMANCE WARNING: useCacheForAllThreads is true that may cause Netty to create a lot garbage objects and, as a result, trigger GC.
	It is recommended to disable useCacheForAllThreads by setting -Dorg.apache.ratis.thirdparty.io.netty.allocator.useCacheForAllThreads=false in command line.
2019-07-16 15:41:15,696 INFO  grpc.GrpcConfigKeys$Server (ConfUtils.java:logGet(43)) - raft.grpc.server.port = 0 (default)
2019-07-16 15:41:15,696 INFO  server.GrpcService (ConfUtils.java:logGet(43)) - raft.grpc.message.size.max = 33570816 (custom)
2019-07-16 15:41:15,696 INFO  server.RaftServerConfigKeys (ConfUtils.java:logGet(43)) - raft.server.log.appender.buffer.byte-limit = 33554432 (custom)
2019-07-16 15:41:15,696 INFO  server.GrpcService (ConfUtils.java:logGet(43)) - raft.grpc.flow.control.window = 1MB (=1048576) (default)
2019-07-16 15:41:15,697 INFO  server.RaftServerConfigKeys (ConfUtils.java:logGet(43)) - raft.server.rpc.request.timeout = 3000ms (default)
2019-07-16 15:41:15,697 INFO  server.RaftServerConfigKeys (ConfUtils.java:logGet(43)) - raft.server.storage.dir = [/workdir/hadoop-ozone/integration-test/target/test-dir/MiniOzoneClusterImpl-c63d3b4f-5676-42d9-a01a-77c7ca3a5d27/datanode-5/data/ratis] (custom)
2019-07-16 15:41:15,697 INFO  replication.SimpleContainerDownloader (SimpleContainerDownloader.java:<init>(72)) - Starting container downloader service to copy containers to replicate.
2019-07-16 15:41:15,698 INFO  hdfs.DFSUtil (DFSUtil.java:httpServerTemplateForNNAndJN(1641)) - Starting Web-server for hddsDatanode at: http://0.0.0.0:0
2019-07-16 15:41:15,699 INFO  server.AuthenticationFilter (AuthenticationFilter.java:constructSecretProvider(240)) - Unable to initialize FileSignerSecretProvider, falling back to use random secrets.
2019-07-16 15:41:15,700 WARN  http.HttpRequestLog (HttpRequestLog.java:getRequestLog(97)) - Jetty request log can only be enabled using Log4j
2019-07-16 15:41:15,701 INFO  http.HttpServer2 (HttpServer2.java:addGlobalFilter(975)) - Added global filter 'safety' (class=org.apache.hadoop.http.HttpServer2$QuotingInputFilter)
2019-07-16 15:41:15,701 INFO  http.HttpServer2 (HttpServer2.java:addFilter(948)) - Added filter static_user_filter (class=org.apache.hadoop.http.lib.StaticUserWebFilter$StaticUserFilter) to context hddsDatanode
2019-07-16 15:41:15,701 INFO  http.HttpServer2 (HttpServer2.java:addFilter(958)) - Added filter static_user_filter (class=org.apache.hadoop.http.lib.StaticUserWebFilter$StaticUserFilter) to context logs
2019-07-16 15:41:15,701 INFO  http.HttpServer2 (HttpServer2.java:addFilter(958)) - Added filter static_user_filter (class=org.apache.hadoop.http.lib.StaticUserWebFilter$StaticUserFilter) to context static
2019-07-16 15:41:15,702 INFO  http.HttpServer2 (HttpServer2.java:bindListener(1191)) - Jetty bound to port 37460
2019-07-16 15:41:15,702 INFO  server.Server (Server.java:doStart(351)) - jetty-9.3.24.v20180605, build timestamp: 2018-06-05T17:11:56Z, git hash: 84205aa28f11a4f31f2a3b86d1bba2cc8ab69827
2019-07-16 15:41:15,704 INFO  handler.ContextHandler (ContextHandler.java:doStart(781)) - Started o.e.j.s.ServletContextHandler@7c52df60{/logs,file:///workdir/hadoop-ozone/integration-test/target/log,AVAILABLE}
2019-07-16 15:41:15,704 INFO  handler.ContextHandler (ContextHandler.java:doStart(781)) - Started o.e.j.s.ServletContextHandler@678a7489{/static,jar:file:/home/user/.m2/repository/org/apache/hadoop/hadoop-hdds-container-service/0.5.0-SNAPSHOT/hadoop-hdds-container-service-0.5.0-SNAPSHOT.jar!/webapps/static,AVAILABLE}
2019-07-16 15:41:15,731 INFO  handler.ContextHandler (ContextHandler.java:doStart(781)) - Started o.e.j.w.WebAppContext@6db160b4{/,file:///tmp/jetty-0.0.0.0-37460-hddsDatanode-_-any-648691738523760065.dir/webapp/,AVAILABLE}{/hddsDatanode}
2019-07-16 15:41:15,731 INFO  server.AbstractConnector (AbstractConnector.java:doStart(278)) - Started ServerConnector@64ee9290{HTTP/1.1,[http/1.1]}{0.0.0.0:37460}
2019-07-16 15:41:15,732 INFO  server.Server (Server.java:doStart(419)) - Started @594011ms
2019-07-16 15:41:15,733 INFO  server.BaseHttpServer (BaseHttpServer.java:updateConnectorAddress(207)) - HTTP server of HDDSDATANODE is listening at http://0.0.0.0:37460
2019-07-16 15:41:15,833 INFO  ozone.HddsDatanodeService (HddsDatanodeService.java:startPlugins(396)) - Started plug-in org.apache.hadoop.ozone.web.OzoneHddsDatanodeService@213d5189
2019-07-16 15:41:15,833 INFO  impl.MetricsSystemImpl (MetricsSystemImpl.java:init(158)) - HddsDatanode metrics system started (again)
2019-07-16 15:41:15,834 INFO  ozone.HddsDatanodeService (HddsDatanodeService.java:start(185)) - HddsDatanodeService host:trunk-nightly-kgw5x-1882989438 ip:192.168.69.88
2019-07-16 15:41:15,836 INFO  util.JvmPauseMonitor (JvmPauseMonitor.java:run(188)) - Starting JVM pause monitor
2019-07-16 15:41:15,838 INFO  datanode.InitDatanodeState (InitDatanodeState.java:persistContainerDatanodeDetails(140)) - DatanodeDetails is persisted to /workdir/hadoop-ozone/integration-test/target/test-dir/MiniOzoneClusterImpl-c63d3b4f-5676-42d9-a01a-77c7ca3a5d27/datanode-5/meta/datanode.id
2019-07-16 15:41:15,847 INFO  volume.HddsVolume (HddsVolume.java:<init>(176)) - Creating Volume: /workdir/hadoop-ozone/integration-test/target/test-dir/MiniOzoneClusterImpl-c63d3b4f-5676-42d9-a01a-77c7ca3a5d27/datanode-6/data/containers/hdds of  storage type : DISK and capacity : 52710309888
2019-07-16 15:41:15,847 INFO  volume.VolumeSet (VolumeSet.java:initializeVolumeSet(170)) - Added Volume : /workdir/hadoop-ozone/integration-test/target/test-dir/MiniOzoneClusterImpl-c63d3b4f-5676-42d9-a01a-77c7ca3a5d27/datanode-6/data/containers/hdds to VolumeSet
2019-07-16 15:41:15,847 INFO  volume.ThrottledAsyncChecker (ThrottledAsyncChecker.java:schedule(140)) - Scheduling a check for org.apache.hadoop.ozone.container.common.volume.HddsVolume@1da53092
2019-07-16 15:41:15,848 INFO  volume.HddsVolumeChecker (HddsVolumeChecker.java:checkAllVolumes(203)) - Scheduled health check for volume org.apache.hadoop.ozone.container.common.volume.HddsVolume@1da53092
2019-07-16 15:41:15,864 INFO  impl.RaftServerProxy (ConfUtils.java:logGet(43)) - raft.rpc.type = GRPC (default)
2019-07-16 15:41:15,865 INFO  grpc.GrpcFactory (GrpcFactory.java:checkPooledByteBufAllocatorUseCacheForAllThreads(45)) - PERFORMANCE WARNING: useCacheForAllThreads is true that may cause Netty to create a lot garbage objects and, as a result, trigger GC.
	It is recommended to disable useCacheForAllThreads by setting -Dorg.apache.ratis.thirdparty.io.netty.allocator.useCacheForAllThreads=false in command line.
2019-07-16 15:41:15,865 INFO  grpc.GrpcConfigKeys$Server (ConfUtils.java:logGet(43)) - raft.grpc.server.port = 0 (default)
2019-07-16 15:41:15,865 INFO  server.GrpcService (ConfUtils.java:logGet(43)) - raft.grpc.message.size.max = 33570816 (custom)
2019-07-16 15:41:15,865 INFO  server.RaftServerConfigKeys (ConfUtils.java:logGet(43)) - raft.server.log.appender.buffer.byte-limit = 33554432 (custom)
2019-07-16 15:41:15,865 INFO  server.GrpcService (ConfUtils.java:logGet(43)) - raft.grpc.flow.control.window = 1MB (=1048576) (default)
2019-07-16 15:41:15,866 INFO  server.RaftServerConfigKeys (ConfUtils.java:logGet(43)) - raft.server.rpc.request.timeout = 3000ms (default)
2019-07-16 15:41:15,866 INFO  server.RaftServerConfigKeys (ConfUtils.java:logGet(43)) - raft.server.storage.dir = [/workdir/hadoop-ozone/integration-test/target/test-dir/MiniOzoneClusterImpl-c63d3b4f-5676-42d9-a01a-77c7ca3a5d27/datanode-6/data/ratis] (custom)
2019-07-16 15:41:15,867 INFO  replication.SimpleContainerDownloader (SimpleContainerDownloader.java:<init>(72)) - Starting container downloader service to copy containers to replicate.
2019-07-16 15:41:15,868 INFO  hdfs.DFSUtil (DFSUtil.java:httpServerTemplateForNNAndJN(1641)) - Starting Web-server for hddsDatanode at: http://0.0.0.0:0
2019-07-16 15:41:15,869 INFO  server.AuthenticationFilter (AuthenticationFilter.java:constructSecretProvider(240)) - Unable to initialize FileSignerSecretProvider, falling back to use random secrets.
2019-07-16 15:41:15,870 WARN  http.HttpRequestLog (HttpRequestLog.java:getRequestLog(97)) - Jetty request log can only be enabled using Log4j
2019-07-16 15:41:15,871 INFO  http.HttpServer2 (HttpServer2.java:addGlobalFilter(975)) - Added global filter 'safety' (class=org.apache.hadoop.http.HttpServer2$QuotingInputFilter)
2019-07-16 15:41:15,871 INFO  http.HttpServer2 (HttpServer2.java:addFilter(948)) - Added filter static_user_filter (class=org.apache.hadoop.http.lib.StaticUserWebFilter$StaticUserFilter) to context hddsDatanode
2019-07-16 15:41:15,872 INFO  http.HttpServer2 (HttpServer2.java:addFilter(958)) - Added filter static_user_filter (class=org.apache.hadoop.http.lib.StaticUserWebFilter$StaticUserFilter) to context static
2019-07-16 15:41:15,872 INFO  http.HttpServer2 (HttpServer2.java:addFilter(958)) - Added filter static_user_filter (class=org.apache.hadoop.http.lib.StaticUserWebFilter$StaticUserFilter) to context logs
2019-07-16 15:41:15,872 INFO  http.HttpServer2 (HttpServer2.java:bindListener(1191)) - Jetty bound to port 35093
2019-07-16 15:41:15,873 INFO  server.Server (Server.java:doStart(351)) - jetty-9.3.24.v20180605, build timestamp: 2018-06-05T17:11:56Z, git hash: 84205aa28f11a4f31f2a3b86d1bba2cc8ab69827
2019-07-16 15:41:15,874 INFO  handler.ContextHandler (ContextHandler.java:doStart(781)) - Started o.e.j.s.ServletContextHandler@544faa01{/logs,file:///workdir/hadoop-ozone/integration-test/target/log,AVAILABLE}
2019-07-16 15:41:15,875 INFO  handler.ContextHandler (ContextHandler.java:doStart(781)) - Started o.e.j.s.ServletContextHandler@b7952d2{/static,jar:file:/home/user/.m2/repository/org/apache/hadoop/hadoop-hdds-container-service/0.5.0-SNAPSHOT/hadoop-hdds-container-service-0.5.0-SNAPSHOT.jar!/webapps/static,AVAILABLE}
2019-07-16 15:41:15,902 INFO  handler.ContextHandler (ContextHandler.java:doStart(781)) - Started o.e.j.w.WebAppContext@105e8710{/,file:///tmp/jetty-0.0.0.0-35093-hddsDatanode-_-any-1214457999563186310.dir/webapp/,AVAILABLE}{/hddsDatanode}
2019-07-16 15:41:15,902 INFO  server.AbstractConnector (AbstractConnector.java:doStart(278)) - Started ServerConnector@7442be61{HTTP/1.1,[http/1.1]}{0.0.0.0:35093}
2019-07-16 15:41:15,906 INFO  server.Server (Server.java:doStart(419)) - Started @594185ms
2019-07-16 15:41:15,907 INFO  server.BaseHttpServer (BaseHttpServer.java:updateConnectorAddress(207)) - HTTP server of HDDSDATANODE is listening at http://0.0.0.0:35093
2019-07-16 15:41:16,019 INFO  ozone.HddsDatanodeService (HddsDatanodeService.java:startPlugins(396)) - Started plug-in org.apache.hadoop.ozone.web.OzoneHddsDatanodeService@29ff84fa
2019-07-16 15:41:16,020 INFO  ozone.MiniOzoneClusterImpl (MiniOzoneClusterImpl.java:lambda$waitForClusterToBeReady$0(142)) - Waiting for cluster to be ready. Got 0 of 7 DN Heartbeats.
2019-07-16 15:41:16,023 INFO  util.JvmPauseMonitor (JvmPauseMonitor.java:run(188)) - Starting JVM pause monitor
2019-07-16 15:41:16,024 INFO  datanode.InitDatanodeState (InitDatanodeState.java:persistContainerDatanodeDetails(140)) - DatanodeDetails is persisted to /workdir/hadoop-ozone/integration-test/target/test-dir/MiniOzoneClusterImpl-c63d3b4f-5676-42d9-a01a-77c7ca3a5d27/datanode-6/meta/datanode.id
2019-07-16 15:41:16,861 INFO  ozoneimpl.OzoneContainer (OzoneContainer.java:start(186)) - Attempting to start container services.
2019-07-16 15:41:16,863 INFO  ozoneimpl.OzoneContainer (OzoneContainer.java:startContainerScrub(160)) - Background container scrubber has been disabled by hdds.containerscrub.enabled
2019-07-16 15:41:16,863 INFO  ratis.XceiverServerRatis (XceiverServerRatis.java:start(418)) - Starting XceiverServerRatis 0eb04ce9-1058-4e4d-94ed-8d96a31c84bb at port 0
2019-07-16 15:41:16,870 INFO  impl.RaftServerProxy (RaftServerProxy.java:lambda$start$3(299)) - 0eb04ce9-1058-4e4d-94ed-8d96a31c84bb: start RPC server
2019-07-16 15:41:16,872 INFO  server.GrpcService (GrpcService.java:startImpl(149)) - 0eb04ce9-1058-4e4d-94ed-8d96a31c84bb: GrpcService started, listening on 0.0.0.0/0.0.0.0:42184
2019-07-16 15:41:16,873 INFO  ratis.XceiverServerRatis (XceiverServerRatis.java:start(428)) - XceiverServerRatis 0eb04ce9-1058-4e4d-94ed-8d96a31c84bb is started using port 42184
2019-07-16 15:41:16,873 INFO  server.XceiverServerGrpc (XceiverServerGrpc.java:start(161)) - XceiverServerGrpc 0eb04ce9-1058-4e4d-94ed-8d96a31c84bb is started using port 37414
2019-07-16 15:41:17,022 INFO  ozone.MiniOzoneClusterImpl (MiniOzoneClusterImpl.java:lambda$waitForClusterToBeReady$0(142)) - Waiting for cluster to be ready. Got 0 of 7 DN Heartbeats.
2019-07-16 15:41:17,024 INFO  ozoneimpl.OzoneContainer (OzoneContainer.java:start(186)) - Attempting to start container services.
2019-07-16 15:41:17,027 INFO  ozoneimpl.OzoneContainer (OzoneContainer.java:startContainerScrub(160)) - Background container scrubber has been disabled by hdds.containerscrub.enabled
2019-07-16 15:41:17,027 INFO  ratis.XceiverServerRatis (XceiverServerRatis.java:start(418)) - Starting XceiverServerRatis ec28991f-41af-4bab-b94e-cc6842716d21 at port 0
2019-07-16 15:41:17,033 INFO  impl.RaftServerProxy (RaftServerProxy.java:lambda$start$3(299)) - ec28991f-41af-4bab-b94e-cc6842716d21: start RPC server
2019-07-16 15:41:17,034 INFO  server.GrpcService (GrpcService.java:startImpl(149)) - ec28991f-41af-4bab-b94e-cc6842716d21: GrpcService started, listening on 0.0.0.0/0.0.0.0:45993
2019-07-16 15:41:17,034 INFO  ratis.XceiverServerRatis (XceiverServerRatis.java:start(428)) - XceiverServerRatis ec28991f-41af-4bab-b94e-cc6842716d21 is started using port 45993
2019-07-16 15:41:17,034 INFO  server.XceiverServerGrpc (XceiverServerGrpc.java:start(161)) - XceiverServerGrpc ec28991f-41af-4bab-b94e-cc6842716d21 is started using port 38574
2019-07-16 15:41:17,175 INFO  ozoneimpl.OzoneContainer (OzoneContainer.java:start(186)) - Attempting to start container services.
2019-07-16 15:41:17,181 INFO  ozoneimpl.OzoneContainer (OzoneContainer.java:startContainerScrub(160)) - Background container scrubber has been disabled by hdds.containerscrub.enabled
2019-07-16 15:41:17,181 INFO  ratis.XceiverServerRatis (XceiverServerRatis.java:start(418)) - Starting XceiverServerRatis 2e125096-a5e6-465f-8d6a-192e832ef6ee at port 0
2019-07-16 15:41:17,188 INFO  impl.RaftServerProxy (RaftServerProxy.java:lambda$start$3(299)) - 2e125096-a5e6-465f-8d6a-192e832ef6ee: start RPC server
2019-07-16 15:41:17,189 INFO  server.GrpcService (GrpcService.java:startImpl(149)) - 2e125096-a5e6-465f-8d6a-192e832ef6ee: GrpcService started, listening on 0.0.0.0/0.0.0.0:45462
2019-07-16 15:41:17,189 INFO  ratis.XceiverServerRatis (XceiverServerRatis.java:start(428)) - XceiverServerRatis 2e125096-a5e6-465f-8d6a-192e832ef6ee is started using port 45462
2019-07-16 15:41:17,190 INFO  server.XceiverServerGrpc (XceiverServerGrpc.java:start(161)) - XceiverServerGrpc 2e125096-a5e6-465f-8d6a-192e832ef6ee is started using port 33709
2019-07-16 15:41:17,509 INFO  ozoneimpl.OzoneContainer (OzoneContainer.java:start(186)) - Attempting to start container services.
2019-07-16 15:41:17,509 INFO  ozoneimpl.OzoneContainer (OzoneContainer.java:startContainerScrub(160)) - Background container scrubber has been disabled by hdds.containerscrub.enabled
2019-07-16 15:41:17,509 INFO  ratis.XceiverServerRatis (XceiverServerRatis.java:start(418)) - Starting XceiverServerRatis 8e01f55d-2d91-4239-a1ac-cab51f2f2414 at port 0
2019-07-16 15:41:17,516 INFO  impl.RaftServerProxy (RaftServerProxy.java:lambda$start$3(299)) - 8e01f55d-2d91-4239-a1ac-cab51f2f2414: start RPC server
2019-07-16 15:41:17,517 INFO  server.GrpcService (GrpcService.java:startImpl(149)) - 8e01f55d-2d91-4239-a1ac-cab51f2f2414: GrpcService started, listening on 0.0.0.0/0.0.0.0:38465
2019-07-16 15:41:17,517 INFO  ratis.XceiverServerRatis (XceiverServerRatis.java:start(428)) - XceiverServerRatis 8e01f55d-2d91-4239-a1ac-cab51f2f2414 is started using port 38465
2019-07-16 15:41:17,518 INFO  server.XceiverServerGrpc (XceiverServerGrpc.java:start(161)) - XceiverServerGrpc 8e01f55d-2d91-4239-a1ac-cab51f2f2414 is started using port 35728
2019-07-16 15:41:17,697 INFO  ozoneimpl.OzoneContainer (OzoneContainer.java:start(186)) - Attempting to start container services.
2019-07-16 15:41:17,698 INFO  ozoneimpl.OzoneContainer (OzoneContainer.java:startContainerScrub(160)) - Background container scrubber has been disabled by hdds.containerscrub.enabled
2019-07-16 15:41:17,698 INFO  ratis.XceiverServerRatis (XceiverServerRatis.java:start(418)) - Starting XceiverServerRatis bc6d3eca-a563-4611-a7d6-3473bb87d697 at port 0
2019-07-16 15:41:17,705 INFO  impl.RaftServerProxy (RaftServerProxy.java:lambda$start$3(299)) - bc6d3eca-a563-4611-a7d6-3473bb87d697: start RPC server
2019-07-16 15:41:17,709 INFO  server.GrpcService (GrpcService.java:startImpl(149)) - bc6d3eca-a563-4611-a7d6-3473bb87d697: GrpcService started, listening on 0.0.0.0/0.0.0.0:42525
2019-07-16 15:41:17,709 INFO  ratis.XceiverServerRatis (XceiverServerRatis.java:start(428)) - XceiverServerRatis bc6d3eca-a563-4611-a7d6-3473bb87d697 is started using port 42525
2019-07-16 15:41:17,711 INFO  server.XceiverServerGrpc (XceiverServerGrpc.java:start(161)) - XceiverServerGrpc bc6d3eca-a563-4611-a7d6-3473bb87d697 is started using port 41527
2019-07-16 15:41:17,863 INFO  ozoneimpl.OzoneContainer (OzoneContainer.java:start(186)) - Attempting to start container services.
2019-07-16 15:41:17,863 INFO  ozoneimpl.OzoneContainer (OzoneContainer.java:startContainerScrub(160)) - Background container scrubber has been disabled by hdds.containerscrub.enabled
2019-07-16 15:41:17,864 INFO  ratis.XceiverServerRatis (XceiverServerRatis.java:start(418)) - Starting XceiverServerRatis bd7a86f3-0120-41ac-839d-e07433dd6dc7 at port 0
2019-07-16 15:41:17,871 INFO  impl.RaftServerProxy (RaftServerProxy.java:lambda$start$3(299)) - bd7a86f3-0120-41ac-839d-e07433dd6dc7: start RPC server
2019-07-16 15:41:17,872 INFO  server.GrpcService (GrpcService.java:startImpl(149)) - bd7a86f3-0120-41ac-839d-e07433dd6dc7: GrpcService started, listening on 0.0.0.0/0.0.0.0:44304
2019-07-16 15:41:17,872 INFO  ratis.XceiverServerRatis (XceiverServerRatis.java:start(428)) - XceiverServerRatis bd7a86f3-0120-41ac-839d-e07433dd6dc7 is started using port 44304
2019-07-16 15:41:17,873 INFO  server.XceiverServerGrpc (XceiverServerGrpc.java:start(161)) - XceiverServerGrpc bd7a86f3-0120-41ac-839d-e07433dd6dc7 is started using port 39136
2019-07-16 15:41:18,023 INFO  ozone.MiniOzoneClusterImpl (MiniOzoneClusterImpl.java:lambda$waitForClusterToBeReady$0(142)) - Waiting for cluster to be ready. Got 0 of 7 DN Heartbeats.
2019-07-16 15:41:18,038 INFO  ozoneimpl.OzoneContainer (OzoneContainer.java:start(186)) - Attempting to start container services.
2019-07-16 15:41:18,038 INFO  ozoneimpl.OzoneContainer (OzoneContainer.java:startContainerScrub(160)) - Background container scrubber has been disabled by hdds.containerscrub.enabled
2019-07-16 15:41:18,039 INFO  ratis.XceiverServerRatis (XceiverServerRatis.java:start(418)) - Starting XceiverServerRatis c4d38425-d0a6-411b-b1ec-c66c070bc26a at port 0
2019-07-16 15:41:18,045 INFO  impl.RaftServerProxy (RaftServerProxy.java:lambda$start$3(299)) - c4d38425-d0a6-411b-b1ec-c66c070bc26a: start RPC server
2019-07-16 15:41:18,056 INFO  server.GrpcService (GrpcService.java:startImpl(149)) - c4d38425-d0a6-411b-b1ec-c66c070bc26a: GrpcService started, listening on 0.0.0.0/0.0.0.0:42797
2019-07-16 15:41:18,056 INFO  ratis.XceiverServerRatis (XceiverServerRatis.java:start(428)) - XceiverServerRatis c4d38425-d0a6-411b-b1ec-c66c070bc26a is started using port 42797
2019-07-16 15:41:18,057 INFO  server.XceiverServerGrpc (XceiverServerGrpc.java:start(161)) - XceiverServerGrpc c4d38425-d0a6-411b-b1ec-c66c070bc26a is started using port 36313
2019-07-16 15:41:18,844 INFO  net.NetworkTopology (NetworkTopologyImpl.java:add(110)) - Added a new node: /default-rack/192.168.69.88
2019-07-16 15:41:18,847 INFO  node.SCMNodeManager (SCMNodeManager.java:register(269)) - Registered Data node : 0eb04ce9-1058-4e4d-94ed-8d96a31c84bb{ip: 192.168.69.88, host: trunk-nightly-kgw5x-1882989438, networkLocation: /default-rack, certSerialId: null}
2019-07-16 15:41:18,848 INFO  safemode.SCMSafeModeManager (DataNodeSafeModeRule.java:process(71)) - SCM in safe mode. 1 DataNodes registered, 1 required.
2019-07-16 15:41:18,863 INFO  safemode.SCMSafeModeManager (SCMSafeModeManager.java:validateSafeModeExitRules(177)) - ScmSafeModeManager, all rules are successfully validated
2019-07-16 15:41:18,863 INFO  safemode.SCMSafeModeManager (SCMSafeModeManager.java:exitSafeMode(193)) - SCM exiting safe mode.
2019-07-16 15:41:18,880 INFO  impl.RaftServerProxy (RaftServerProxy.java:addNew(89)) - 0eb04ce9-1058-4e4d-94ed-8d96a31c84bb: addNew group-53ECC1987DE2:[0eb04ce9-1058-4e4d-94ed-8d96a31c84bb:192.168.69.88:42184] returns group-53ECC1987DE2:java.util.concurrent.CompletableFuture@77b67542[Not completed]
2019-07-16 15:41:18,882 INFO  impl.RaftServerImpl (RaftServerImpl.java:<init>(93)) - 0eb04ce9-1058-4e4d-94ed-8d96a31c84bb: new RaftServerImpl for group-53ECC1987DE2:[0eb04ce9-1058-4e4d-94ed-8d96a31c84bb:192.168.69.88:42184] with ContainerStateMachine:uninitialized
2019-07-16 15:41:18,882 INFO  server.RaftServerConfigKeys (ConfUtils.java:logGet(43)) - raft.server.rpc.timeout.min = 5s (custom)
2019-07-16 15:41:18,882 INFO  server.RaftServerConfigKeys (ConfUtils.java:logGet(43)) - raft.server.rpc.timeout.max = 5200ms (custom)
2019-07-16 15:41:18,882 INFO  server.RaftServerConfigKeys (ConfUtils.java:logGet(43)) - raft.server.rpcslowness.timeout = 120s (custom)
2019-07-16 15:41:18,882 INFO  server.RaftServerConfigKeys (ConfUtils.java:logGet(43)) - raft.server.sleep.deviation.threshold = 300 (default)
2019-07-16 15:41:18,882 INFO  server.RaftServerConfigKeys (ConfUtils.java:logGet(43)) - raft.server.log.appender.install.snapshot.enabled = false (custom)
2019-07-16 15:41:18,883 INFO  impl.RaftServerImpl (ServerState.java:<init>(105)) - 0eb04ce9-1058-4e4d-94ed-8d96a31c84bb:group-53ECC1987DE2 ConfigurationManager, init=-1: [0eb04ce9-1058-4e4d-94ed-8d96a31c84bb:192.168.69.88:42184], old=null, confs=<EMPTY_MAP>
2019-07-16 15:41:18,883 INFO  server.RaftServerConfigKeys (ConfUtils.java:logGet(43)) - raft.server.storage.dir = [/workdir/hadoop-ozone/integration-test/target/test-dir/MiniOzoneClusterImpl-c63d3b4f-5676-42d9-a01a-77c7ca3a5d27/datanode-0/data/ratis] (custom)
2019-07-16 15:41:18,883 INFO  storage.RaftStorageDirectory (RaftStorageDirectory.java:analyzeStorage(246)) - The storage directory /workdir/hadoop-ozone/integration-test/target/test-dir/MiniOzoneClusterImpl-c63d3b4f-5676-42d9-a01a-77c7ca3a5d27/datanode-0/data/ratis/dcb96188-cb0c-4ccf-87a0-53ecc1987de2 does not exist. Creating ...
2019-07-16 15:41:18,898 INFO  storage.RaftStorageDirectory (RaftStorageDirectory.java:tryLock(328)) - Lock on /workdir/hadoop-ozone/integration-test/target/test-dir/MiniOzoneClusterImpl-c63d3b4f-5676-42d9-a01a-77c7ca3a5d27/datanode-0/data/ratis/dcb96188-cb0c-4ccf-87a0-53ecc1987de2/in_use.lock acquired by nodename 18277@trunk-nightly-kgw5x-1882989438
2019-07-16 15:41:18,912 INFO  storage.RaftStorage (RaftStorage.java:format(72)) - Storage directory /workdir/hadoop-ozone/integration-test/target/test-dir/MiniOzoneClusterImpl-c63d3b4f-5676-42d9-a01a-77c7ca3a5d27/datanode-0/data/ratis/dcb96188-cb0c-4ccf-87a0-53ecc1987de2 has been successfully formatted.
2019-07-16 15:41:18,912 INFO  ratis.ContainerStateMachine (ContainerStateMachine.java:loadSnapshot(200)) - group-53ECC1987DE2: The snapshot info is null. Setting the last applied indexto:(t:0, i:~)
2019-07-16 15:41:18,912 INFO  server.RaftServerConfigKeys (ConfUtils.java:logGet(43)) - raft.server.leader.election.timeout = 120s (custom)
2019-07-16 15:41:18,912 INFO  server.RaftServerConfigKeys (ConfUtils.java:logGet(43)) - raft.server.log.use.memory = false (default)
2019-07-16 15:41:18,912 INFO  server.RaftServerConfigKeys (ConfUtils.java:logGet(43)) - raft.server.log.purge.gap = 1000000000 (custom)
2019-07-16 15:41:18,912 INFO  server.RaftServerConfigKeys (ConfUtils.java:logGet(43)) - raft.server.log.appender.buffer.byte-limit = 33554432 (custom)
2019-07-16 15:41:18,913 INFO  server.RaftServerConfigKeys (ConfUtils.java:logGet(43)) - raft.server.log.segment.size.max = 1048576 (custom)
2019-07-16 15:41:18,913 INFO  server.RaftServerConfigKeys (ConfUtils.java:logGet(43)) - raft.server.log.segment.cache.num.max = 2 (custom)
2019-07-16 15:41:18,913 INFO  segmented.SegmentedRaftLogWorker (SegmentedRaftLogWorker.java:<init>(172)) - new 0eb04ce9-1058-4e4d-94ed-8d96a31c84bb-SegmentedRaftLogWorker:Storage Directory /workdir/hadoop-ozone/integration-test/target/test-dir/MiniOzoneClusterImpl-c63d3b4f-5676-42d9-a01a-77c7ca3a5d27/datanode-0/data/ratis/dcb96188-cb0c-4ccf-87a0-53ecc1987de2 for RaftStorage:Storage Directory /workdir/hadoop-ozone/integration-test/target/test-dir/MiniOzoneClusterImpl-c63d3b4f-5676-42d9-a01a-77c7ca3a5d27/datanode-0/data/ratis/dcb96188-cb0c-4ccf-87a0-53ecc1987de2
2019-07-16 15:41:18,913 INFO  server.RaftServerConfigKeys (ConfUtils.java:logGet(43)) - raft.server.log.queue.byte-limit = 2147483647 (custom)
2019-07-16 15:41:18,913 INFO  server.RaftServerConfigKeys (ConfUtils.java:logGet(43)) - raft.server.log.queue.element-limit = 1024 (custom)
2019-07-16 15:41:18,914 INFO  server.RaftServerConfigKeys (ConfUtils.java:logGet(43)) - raft.server.log.segment.size.max = 1048576 (custom)
2019-07-16 15:41:18,914 INFO  server.RaftServerConfigKeys (ConfUtils.java:logGet(43)) - raft.server.log.preallocated.size = 16384 (custom)
2019-07-16 15:41:18,914 INFO  server.RaftServerConfigKeys (ConfUtils.java:logGet(43)) - raft.server.log.write.buffer.size = 33554432 (custom)
2019-07-16 15:41:18,914 INFO  server.RaftServerConfigKeys (ConfUtils.java:logGet(43)) - raft.server.log.force.sync.num = 128 (default)
2019-07-16 15:41:18,914 INFO  server.RaftServerConfigKeys (ConfUtils.java:logGet(43)) - raft.server.log.statemachine.data.sync = true (default)
2019-07-16 15:41:18,914 INFO  server.RaftServerConfigKeys (ConfUtils.java:logGet(43)) - raft.server.log.statemachine.data.sync.timeout = 10s (default)
2019-07-16 15:41:18,914 INFO  server.RaftServerConfigKeys (ConfUtils.java:logGet(43)) - raft.server.log.statemachine.data.sync.timeout.retry = -1 (default)
2019-07-16 15:41:18,915 INFO  server.RaftServerConfigKeys (ConfUtils.java:logGet(43)) - raft.server.log.statemachine.data.caching.enabled = true (custom)
2019-07-16 15:41:18,915 INFO  segmented.SegmentedRaftLogWorker (SegmentedRaftLogWorker.java:lambda$new$0(132)) - 0eb04ce9-1058-4e4d-94ed-8d96a31c84bb-SegmentedRaftLogWorker:Storage Directory /workdir/hadoop-ozone/integration-test/target/test-dir/MiniOzoneClusterImpl-c63d3b4f-5676-42d9-a01a-77c7ca3a5d27/datanode-0/data/ratis/dcb96188-cb0c-4ccf-87a0-53ecc1987de2: flushIndex: setUnconditionally 0 -> -1
2019-07-16 15:41:18,915 INFO  server.RaftServerConfigKeys (ConfUtils.java:logGet(43)) - raft.server.snapshot.auto.trigger.enabled = true (custom)
2019-07-16 15:41:18,916 INFO  server.RaftServerConfigKeys (ConfUtils.java:logGet(43)) - raft.server.snapshot.auto.trigger.threshold = 10000 (custom)
2019-07-16 15:41:18,916 INFO  server.RaftServerConfigKeys (ConfUtils.java:logGet(43)) - raft.server.retrycache.expirytime = 600000ms (custom)
2019-07-16 15:41:18,916 INFO  impl.RaftServerImpl (RaftServerImpl.java:start(180)) - 0eb04ce9-1058-4e4d-94ed-8d96a31c84bb: start group-53ECC1987DE2
2019-07-16 15:41:18,916 INFO  impl.RaftServerImpl (RaftServerImpl.java:setRole(171)) - 0eb04ce9-1058-4e4d-94ed-8d96a31c84bb:group-53ECC1987DE2 changes role from null to FOLLOWER at term 0 for startAsFollower
2019-07-16 15:41:18,916 INFO  impl.RoleInfo (RoleInfo.java:updateAndGet(143)) - 0eb04ce9-1058-4e4d-94ed-8d96a31c84bb: start FollowerState
2019-07-16 15:41:18,917 INFO  util.JmxRegister (JmxRegister.java:tryRegister(44)) - Successfully registered JMX Bean with object name Ratis:service=RaftServer,group=group-53ECC1987DE2,id=0eb04ce9-1058-4e4d-94ed-8d96a31c84bb
2019-07-16 15:41:18,923 INFO  pipeline.PipelineStateManager (PipelineStateManager.java:addPipeline(56)) - Created pipeline Pipeline[ Id: dcb96188-cb0c-4ccf-87a0-53ecc1987de2, Nodes: 0eb04ce9-1058-4e4d-94ed-8d96a31c84bb{ip: 192.168.69.88, host: trunk-nightly-kgw5x-1882989438, networkLocation: /default-rack, certSerialId: null}, Type:RATIS, Factor:ONE, State:OPEN]
2019-07-16 15:41:18,999 INFO  node.SCMNodeManager (SCMNodeManager.java:register(269)) - Registered Data node : ec28991f-41af-4bab-b94e-cc6842716d21{ip: 192.168.69.88, host: trunk-nightly-kgw5x-1882989438, networkLocation: /default-rack, certSerialId: null}
2019-07-16 15:41:19,006 INFO  impl.RaftServerProxy (RaftServerProxy.java:addNew(89)) - ec28991f-41af-4bab-b94e-cc6842716d21: addNew group-4E1D22B37395:[ec28991f-41af-4bab-b94e-cc6842716d21:192.168.69.88:45993] returns group-4E1D22B37395:java.util.concurrent.CompletableFuture@37a09186[Not completed]
2019-07-16 15:41:19,006 INFO  impl.RaftServerImpl (RaftServerImpl.java:<init>(93)) - ec28991f-41af-4bab-b94e-cc6842716d21: new RaftServerImpl for group-4E1D22B37395:[ec28991f-41af-4bab-b94e-cc6842716d21:192.168.69.88:45993] with ContainerStateMachine:uninitialized
2019-07-16 15:41:19,007 INFO  server.RaftServerConfigKeys (ConfUtils.java:logGet(43)) - raft.server.rpc.timeout.min = 5s (custom)
2019-07-16 15:41:19,007 INFO  server.RaftServerConfigKeys (ConfUtils.java:logGet(43)) - raft.server.rpc.timeout.max = 5200ms (custom)
2019-07-16 15:41:19,007 INFO  server.RaftServerConfigKeys (ConfUtils.java:logGet(43)) - raft.server.rpcslowness.timeout = 120s (custom)
2019-07-16 15:41:19,007 INFO  server.RaftServerConfigKeys (ConfUtils.java:logGet(43)) - raft.server.sleep.deviation.threshold = 300 (default)
2019-07-16 15:41:19,007 INFO  server.RaftServerConfigKeys (ConfUtils.java:logGet(43)) - raft.server.log.appender.install.snapshot.enabled = false (custom)
2019-07-16 15:41:19,007 INFO  impl.RaftServerImpl (ServerState.java:<init>(105)) - ec28991f-41af-4bab-b94e-cc6842716d21:group-4E1D22B37395 ConfigurationManager, init=-1: [ec28991f-41af-4bab-b94e-cc6842716d21:192.168.69.88:45993], old=null, confs=<EMPTY_MAP>
2019-07-16 15:41:19,007 INFO  server.RaftServerConfigKeys (ConfUtils.java:logGet(43)) - raft.server.storage.dir = [/workdir/hadoop-ozone/integration-test/target/test-dir/MiniOzoneClusterImpl-c63d3b4f-5676-42d9-a01a-77c7ca3a5d27/datanode-1/data/ratis] (custom)
2019-07-16 15:41:19,008 INFO  storage.RaftStorageDirectory (RaftStorageDirectory.java:analyzeStorage(246)) - The storage directory /workdir/hadoop-ozone/integration-test/target/test-dir/MiniOzoneClusterImpl-c63d3b4f-5676-42d9-a01a-77c7ca3a5d27/datanode-1/data/ratis/21fd405f-fa41-4021-a578-4e1d22b37395 does not exist. Creating ...
2019-07-16 15:41:19,021 INFO  storage.RaftStorageDirectory (RaftStorageDirectory.java:tryLock(328)) - Lock on /workdir/hadoop-ozone/integration-test/target/test-dir/MiniOzoneClusterImpl-c63d3b4f-5676-42d9-a01a-77c7ca3a5d27/datanode-1/data/ratis/21fd405f-fa41-4021-a578-4e1d22b37395/in_use.lock acquired by nodename 18277@trunk-nightly-kgw5x-1882989438
2019-07-16 15:41:19,023 INFO  ozone.MiniOzoneClusterImpl (MiniOzoneClusterImpl.java:lambda$waitForClusterToBeReady$0(142)) - Waiting for cluster to be ready. Got 2 of 7 DN Heartbeats.
2019-07-16 15:41:19,047 INFO  storage.RaftStorage (RaftStorage.java:format(72)) - Storage directory /workdir/hadoop-ozone/integration-test/target/test-dir/MiniOzoneClusterImpl-c63d3b4f-5676-42d9-a01a-77c7ca3a5d27/datanode-1/data/ratis/21fd405f-fa41-4021-a578-4e1d22b37395 has been successfully formatted.
2019-07-16 15:41:19,047 INFO  ratis.ContainerStateMachine (ContainerStateMachine.java:loadSnapshot(200)) - group-4E1D22B37395: The snapshot info is null. Setting the last applied indexto:(t:0, i:~)
2019-07-16 15:41:19,047 INFO  server.RaftServerConfigKeys (ConfUtils.java:logGet(43)) - raft.server.leader.election.timeout = 120s (custom)
2019-07-16 15:41:19,048 INFO  server.RaftServerConfigKeys (ConfUtils.java:logGet(43)) - raft.server.log.use.memory = false (default)
2019-07-16 15:41:19,048 INFO  server.RaftServerConfigKeys (ConfUtils.java:logGet(43)) - raft.server.log.purge.gap = 1000000000 (custom)
2019-07-16 15:41:19,048 INFO  server.RaftServerConfigKeys (ConfUtils.java:logGet(43)) - raft.server.log.appender.buffer.byte-limit = 33554432 (custom)
2019-07-16 15:41:19,048 INFO  server.RaftServerConfigKeys (ConfUtils.java:logGet(43)) - raft.server.log.segment.size.max = 1048576 (custom)
2019-07-16 15:41:19,048 INFO  server.RaftServerConfigKeys (ConfUtils.java:logGet(43)) - raft.server.log.segment.cache.num.max = 2 (custom)
2019-07-16 15:41:19,048 INFO  segmented.SegmentedRaftLogWorker (SegmentedRaftLogWorker.java:<init>(172)) - new ec28991f-41af-4bab-b94e-cc6842716d21-SegmentedRaftLogWorker:Storage Directory /workdir/hadoop-ozone/integration-test/target/test-dir/MiniOzoneClusterImpl-c63d3b4f-5676-42d9-a01a-77c7ca3a5d27/datanode-1/data/ratis/21fd405f-fa41-4021-a578-4e1d22b37395 for RaftStorage:Storage Directory /workdir/hadoop-ozone/integration-test/target/test-dir/MiniOzoneClusterImpl-c63d3b4f-5676-42d9-a01a-77c7ca3a5d27/datanode-1/data/ratis/21fd405f-fa41-4021-a578-4e1d22b37395
2019-07-16 15:41:19,049 INFO  server.RaftServerConfigKeys (ConfUtils.java:logGet(43)) - raft.server.log.queue.byte-limit = 2147483647 (custom)
2019-07-16 15:41:19,049 INFO  server.RaftServerConfigKeys (ConfUtils.java:logGet(43)) - raft.server.log.queue.element-limit = 1024 (custom)
2019-07-16 15:41:19,049 INFO  server.RaftServerConfigKeys (ConfUtils.java:logGet(43)) - raft.server.log.segment.size.max = 1048576 (custom)
2019-07-16 15:41:19,049 INFO  server.RaftServerConfigKeys (ConfUtils.java:logGet(43)) - raft.server.log.preallocated.size = 16384 (custom)
2019-07-16 15:41:19,049 INFO  server.RaftServerConfigKeys (ConfUtils.java:logGet(43)) - raft.server.log.write.buffer.size = 33554432 (custom)
2019-07-16 15:41:19,049 INFO  server.RaftServerConfigKeys (ConfUtils.java:logGet(43)) - raft.server.log.force.sync.num = 128 (default)
2019-07-16 15:41:19,049 INFO  server.RaftServerConfigKeys (ConfUtils.java:logGet(43)) - raft.server.log.statemachine.data.sync = true (default)
2019-07-16 15:41:19,050 INFO  server.RaftServerConfigKeys (ConfUtils.java:logGet(43)) - raft.server.log.statemachine.data.sync.timeout = 10s (default)
2019-07-16 15:41:19,050 INFO  server.RaftServerConfigKeys (ConfUtils.java:logGet(43)) - raft.server.log.statemachine.data.sync.timeout.retry = -1 (default)
2019-07-16 15:41:19,050 INFO  server.RaftServerConfigKeys (ConfUtils.java:logGet(43)) - raft.server.log.statemachine.data.caching.enabled = true (custom)
2019-07-16 15:41:19,050 INFO  segmented.SegmentedRaftLogWorker (SegmentedRaftLogWorker.java:lambda$new$0(132)) - ec28991f-41af-4bab-b94e-cc6842716d21-SegmentedRaftLogWorker:Storage Directory /workdir/hadoop-ozone/integration-test/target/test-dir/MiniOzoneClusterImpl-c63d3b4f-5676-42d9-a01a-77c7ca3a5d27/datanode-1/data/ratis/21fd405f-fa41-4021-a578-4e1d22b37395: flushIndex: setUnconditionally 0 -> -1
2019-07-16 15:41:19,051 INFO  server.RaftServerConfigKeys (ConfUtils.java:logGet(43)) - raft.server.snapshot.auto.trigger.enabled = true (custom)
2019-07-16 15:41:19,051 INFO  server.RaftServerConfigKeys (ConfUtils.java:logGet(43)) - raft.server.snapshot.auto.trigger.threshold = 10000 (custom)
2019-07-16 15:41:19,051 INFO  server.RaftServerConfigKeys (ConfUtils.java:logGet(43)) - raft.server.retrycache.expirytime = 600000ms (custom)
2019-07-16 15:41:19,051 INFO  impl.RaftServerImpl (RaftServerImpl.java:start(180)) - ec28991f-41af-4bab-b94e-cc6842716d21: start group-4E1D22B37395
2019-07-16 15:41:19,051 INFO  impl.RaftServerImpl (RaftServerImpl.java:setRole(171)) - ec28991f-41af-4bab-b94e-cc6842716d21:group-4E1D22B37395 changes role from null to FOLLOWER at term 0 for startAsFollower
2019-07-16 15:41:19,051 INFO  impl.RoleInfo (RoleInfo.java:updateAndGet(143)) - ec28991f-41af-4bab-b94e-cc6842716d21: start FollowerState
2019-07-16 15:41:19,052 INFO  util.JmxRegister (JmxRegister.java:tryRegister(44)) - Successfully registered JMX Bean with object name Ratis:service=RaftServer,group=group-4E1D22B37395,id=ec28991f-41af-4bab-b94e-cc6842716d21
2019-07-16 15:41:19,056 INFO  pipeline.PipelineStateManager (PipelineStateManager.java:addPipeline(56)) - Created pipeline Pipeline[ Id: 21fd405f-fa41-4021-a578-4e1d22b37395, Nodes: ec28991f-41af-4bab-b94e-cc6842716d21{ip: 192.168.69.88, host: trunk-nightly-kgw5x-1882989438, networkLocation: /default-rack, certSerialId: null}, Type:RATIS, Factor:ONE, State:OPEN]
2019-07-16 15:41:19,160 INFO  node.SCMNodeManager (SCMNodeManager.java:register(269)) - Registered Data node : 2e125096-a5e6-465f-8d6a-192e832ef6ee{ip: 192.168.69.88, host: trunk-nightly-kgw5x-1882989438, networkLocation: /default-rack, certSerialId: null}
2019-07-16 15:41:19,167 INFO  impl.RaftServerProxy (RaftServerProxy.java:addNew(89)) - 2e125096-a5e6-465f-8d6a-192e832ef6ee: addNew group-7D0FEE95D190:[2e125096-a5e6-465f-8d6a-192e832ef6ee:192.168.69.88:45462] returns group-7D0FEE95D190:java.util.concurrent.CompletableFuture@3ce80c9e[Not completed]
2019-07-16 15:41:19,168 INFO  impl.RaftServerImpl (RaftServerImpl.java:<init>(93)) - 2e125096-a5e6-465f-8d6a-192e832ef6ee: new RaftServerImpl for group-7D0FEE95D190:[2e125096-a5e6-465f-8d6a-192e832ef6ee:192.168.69.88:45462] with ContainerStateMachine:uninitialized
2019-07-16 15:41:19,168 INFO  server.RaftServerConfigKeys (ConfUtils.java:logGet(43)) - raft.server.rpc.timeout.min = 5s (custom)
2019-07-16 15:41:19,168 INFO  server.RaftServerConfigKeys (ConfUtils.java:logGet(43)) - raft.server.rpc.timeout.max = 5200ms (custom)
2019-07-16 15:41:19,169 INFO  server.RaftServerConfigKeys (ConfUtils.java:logGet(43)) - raft.server.rpcslowness.timeout = 120s (custom)
2019-07-16 15:41:19,169 INFO  server.RaftServerConfigKeys (ConfUtils.java:logGet(43)) - raft.server.sleep.deviation.threshold = 300 (default)
2019-07-16 15:41:19,169 INFO  server.RaftServerConfigKeys (ConfUtils.java:logGet(43)) - raft.server.log.appender.install.snapshot.enabled = false (custom)
2019-07-16 15:41:19,169 INFO  impl.RaftServerImpl (ServerState.java:<init>(105)) - 2e125096-a5e6-465f-8d6a-192e832ef6ee:group-7D0FEE95D190 ConfigurationManager, init=-1: [2e125096-a5e6-465f-8d6a-192e832ef6ee:192.168.69.88:45462], old=null, confs=<EMPTY_MAP>
2019-07-16 15:41:19,169 INFO  server.RaftServerConfigKeys (ConfUtils.java:logGet(43)) - raft.server.storage.dir = [/workdir/hadoop-ozone/integration-test/target/test-dir/MiniOzoneClusterImpl-c63d3b4f-5676-42d9-a01a-77c7ca3a5d27/datanode-2/data/ratis] (custom)
2019-07-16 15:41:19,169 INFO  storage.RaftStorageDirectory (RaftStorageDirectory.java:analyzeStorage(246)) - The storage directory /workdir/hadoop-ozone/integration-test/target/test-dir/MiniOzoneClusterImpl-c63d3b4f-5676-42d9-a01a-77c7ca3a5d27/datanode-2/data/ratis/604fedd1-28b4-468e-adb5-7d0fee95d190 does not exist. Creating ...
2019-07-16 15:41:19,183 INFO  storage.RaftStorageDirectory (RaftStorageDirectory.java:tryLock(328)) - Lock on /workdir/hadoop-ozone/integration-test/target/test-dir/MiniOzoneClusterImpl-c63d3b4f-5676-42d9-a01a-77c7ca3a5d27/datanode-2/data/ratis/604fedd1-28b4-468e-adb5-7d0fee95d190/in_use.lock acquired by nodename 18277@trunk-nightly-kgw5x-1882989438
2019-07-16 15:41:19,196 INFO  storage.RaftStorage (RaftStorage.java:format(72)) - Storage directory /workdir/hadoop-ozone/integration-test/target/test-dir/MiniOzoneClusterImpl-c63d3b4f-5676-42d9-a01a-77c7ca3a5d27/datanode-2/data/ratis/604fedd1-28b4-468e-adb5-7d0fee95d190 has been successfully formatted.
2019-07-16 15:41:19,196 INFO  ratis.ContainerStateMachine (ContainerStateMachine.java:loadSnapshot(200)) - group-7D0FEE95D190: The snapshot info is null. Setting the last applied indexto:(t:0, i:~)
2019-07-16 15:41:19,197 INFO  server.RaftServerConfigKeys (ConfUtils.java:logGet(43)) - raft.server.leader.election.timeout = 120s (custom)
2019-07-16 15:41:19,197 INFO  server.RaftServerConfigKeys (ConfUtils.java:logGet(43)) - raft.server.log.use.memory = false (default)
2019-07-16 15:41:19,197 INFO  server.RaftServerConfigKeys (ConfUtils.java:logGet(43)) - raft.server.log.purge.gap = 1000000000 (custom)
2019-07-16 15:41:19,197 INFO  server.RaftServerConfigKeys (ConfUtils.java:logGet(43)) - raft.server.log.appender.buffer.byte-limit = 33554432 (custom)
2019-07-16 15:41:19,197 INFO  server.RaftServerConfigKeys (ConfUtils.java:logGet(43)) - raft.server.log.segment.size.max = 1048576 (custom)
2019-07-16 15:41:19,197 INFO  server.RaftServerConfigKeys (ConfUtils.java:logGet(43)) - raft.server.log.segment.cache.num.max = 2 (custom)
2019-07-16 15:41:19,197 INFO  segmented.SegmentedRaftLogWorker (SegmentedRaftLogWorker.java:<init>(172)) - new 2e125096-a5e6-465f-8d6a-192e832ef6ee-SegmentedRaftLogWorker:Storage Directory /workdir/hadoop-ozone/integration-test/target/test-dir/MiniOzoneClusterImpl-c63d3b4f-5676-42d9-a01a-77c7ca3a5d27/datanode-2/data/ratis/604fedd1-28b4-468e-adb5-7d0fee95d190 for RaftStorage:Storage Directory /workdir/hadoop-ozone/integration-test/target/test-dir/MiniOzoneClusterImpl-c63d3b4f-5676-42d9-a01a-77c7ca3a5d27/datanode-2/data/ratis/604fedd1-28b4-468e-adb5-7d0fee95d190
2019-07-16 15:41:19,198 INFO  server.RaftServerConfigKeys (ConfUtils.java:logGet(43)) - raft.server.log.queue.byte-limit = 2147483647 (custom)
2019-07-16 15:41:19,198 INFO  server.RaftServerConfigKeys (ConfUtils.java:logGet(43)) - raft.server.log.queue.element-limit = 1024 (custom)
2019-07-16 15:41:19,198 INFO  server.RaftServerConfigKeys (ConfUtils.java:logGet(43)) - raft.server.log.segment.size.max = 1048576 (custom)
2019-07-16 15:41:19,198 INFO  server.RaftServerConfigKeys (ConfUtils.java:logGet(43)) - raft.server.log.preallocated.size = 16384 (custom)
2019-07-16 15:41:19,198 INFO  server.RaftServerConfigKeys (ConfUtils.java:logGet(43)) - raft.server.log.write.buffer.size = 33554432 (custom)
2019-07-16 15:41:19,199 INFO  server.RaftServerConfigKeys (ConfUtils.java:logGet(43)) - raft.server.log.force.sync.num = 128 (default)
2019-07-16 15:41:19,199 INFO  server.RaftServerConfigKeys (ConfUtils.java:logGet(43)) - raft.server.log.statemachine.data.sync = true (default)
2019-07-16 15:41:19,199 INFO  server.RaftServerConfigKeys (ConfUtils.java:logGet(43)) - raft.server.log.statemachine.data.sync.timeout = 10s (default)
2019-07-16 15:41:19,199 INFO  server.RaftServerConfigKeys (ConfUtils.java:logGet(43)) - raft.server.log.statemachine.data.sync.timeout.retry = -1 (default)
2019-07-16 15:41:19,199 INFO  server.RaftServerConfigKeys (ConfUtils.java:logGet(43)) - raft.server.log.statemachine.data.caching.enabled = true (custom)
2019-07-16 15:41:19,200 INFO  segmented.SegmentedRaftLogWorker (SegmentedRaftLogWorker.java:lambda$new$0(132)) - 2e125096-a5e6-465f-8d6a-192e832ef6ee-SegmentedRaftLogWorker:Storage Directory /workdir/hadoop-ozone/integration-test/target/test-dir/MiniOzoneClusterImpl-c63d3b4f-5676-42d9-a01a-77c7ca3a5d27/datanode-2/data/ratis/604fedd1-28b4-468e-adb5-7d0fee95d190: flushIndex: setUnconditionally 0 -> -1
2019-07-16 15:41:19,200 INFO  server.RaftServerConfigKeys (ConfUtils.java:logGet(43)) - raft.server.snapshot.auto.trigger.enabled = true (custom)
2019-07-16 15:41:19,200 INFO  server.RaftServerConfigKeys (ConfUtils.java:logGet(43)) - raft.server.snapshot.auto.trigger.threshold = 10000 (custom)
2019-07-16 15:41:19,200 INFO  server.RaftServerConfigKeys (ConfUtils.java:logGet(43)) - raft.server.retrycache.expirytime = 600000ms (custom)
2019-07-16 15:41:19,201 INFO  impl.RaftServerImpl (RaftServerImpl.java:start(180)) - 2e125096-a5e6-465f-8d6a-192e832ef6ee: start group-7D0FEE95D190
2019-07-16 15:41:19,201 INFO  impl.RaftServerImpl (RaftServerImpl.java:setRole(171)) - 2e125096-a5e6-465f-8d6a-192e832ef6ee:group-7D0FEE95D190 changes role from null to FOLLOWER at term 0 for startAsFollower
2019-07-16 15:41:19,201 INFO  impl.RoleInfo (RoleInfo.java:updateAndGet(143)) - 2e125096-a5e6-465f-8d6a-192e832ef6ee: start FollowerState
2019-07-16 15:41:19,201 INFO  util.JmxRegister (JmxRegister.java:tryRegister(44)) - Successfully registered JMX Bean with object name Ratis:service=RaftServer,group=group-7D0FEE95D190,id=2e125096-a5e6-465f-8d6a-192e832ef6ee
2019-07-16 15:41:19,206 INFO  pipeline.PipelineStateManager (PipelineStateManager.java:addPipeline(56)) - Created pipeline Pipeline[ Id: 604fedd1-28b4-468e-adb5-7d0fee95d190, Nodes: 2e125096-a5e6-465f-8d6a-192e832ef6ee{ip: 192.168.69.88, host: trunk-nightly-kgw5x-1882989438, networkLocation: /default-rack, certSerialId: null}, Type:RATIS, Factor:ONE, State:OPEN]
2019-07-16 15:41:19,218 INFO  impl.RaftServerProxy (RaftServerProxy.java:addNew(89)) - ec28991f-41af-4bab-b94e-cc6842716d21: addNew group-ACF236F30308:[0eb04ce9-1058-4e4d-94ed-8d96a31c84bb:192.168.69.88:42184, 2e125096-a5e6-465f-8d6a-192e832ef6ee:192.168.69.88:45462, ec28991f-41af-4bab-b94e-cc6842716d21:192.168.69.88:45993] returns group-ACF236F30308:java.util.concurrent.CompletableFuture@6825ebd6[Not completed]
2019-07-16 15:41:19,218 INFO  impl.RaftServerProxy (RaftServerProxy.java:addNew(89)) - 2e125096-a5e6-465f-8d6a-192e832ef6ee: addNew group-ACF236F30308:[0eb04ce9-1058-4e4d-94ed-8d96a31c84bb:192.168.69.88:42184, 2e125096-a5e6-465f-8d6a-192e832ef6ee:192.168.69.88:45462, ec28991f-41af-4bab-b94e-cc6842716d21:192.168.69.88:45993] returns group-ACF236F30308:java.util.concurrent.CompletableFuture@7f67f724[Not completed]
2019-07-16 15:41:19,218 INFO  impl.RaftServerProxy (RaftServerProxy.java:addNew(89)) - 0eb04ce9-1058-4e4d-94ed-8d96a31c84bb: addNew group-ACF236F30308:[0eb04ce9-1058-4e4d-94ed-8d96a31c84bb:192.168.69.88:42184, 2e125096-a5e6-465f-8d6a-192e832ef6ee:192.168.69.88:45462, ec28991f-41af-4bab-b94e-cc6842716d21:192.168.69.88:45993] returns group-ACF236F30308:java.util.concurrent.CompletableFuture@3bc94bc9[Not completed]
2019-07-16 15:41:19,219 INFO  impl.RaftServerImpl (RaftServerImpl.java:<init>(93)) - ec28991f-41af-4bab-b94e-cc6842716d21: new RaftServerImpl for group-ACF236F30308:[0eb04ce9-1058-4e4d-94ed-8d96a31c84bb:192.168.69.88:42184, 2e125096-a5e6-465f-8d6a-192e832ef6ee:192.168.69.88:45462, ec28991f-41af-4bab-b94e-cc6842716d21:192.168.69.88:45993] with ContainerStateMachine:uninitialized
2019-07-16 15:41:19,219 INFO  server.RaftServerConfigKeys (ConfUtils.java:logGet(43)) - raft.server.rpc.timeout.min = 5s (custom)
2019-07-16 15:41:19,219 INFO  server.RaftServerConfigKeys (ConfUtils.java:logGet(43)) - raft.server.rpc.timeout.max = 5200ms (custom)
2019-07-16 15:41:19,219 INFO  server.RaftServerConfigKeys (ConfUtils.java:logGet(43)) - raft.server.rpcslowness.timeout = 120s (custom)
2019-07-16 15:41:19,219 INFO  server.RaftServerConfigKeys (ConfUtils.java:logGet(43)) - raft.server.sleep.deviation.threshold = 300 (default)
2019-07-16 15:41:19,219 INFO  impl.RaftServerImpl (RaftServerImpl.java:<init>(93)) - 2e125096-a5e6-465f-8d6a-192e832ef6ee: new RaftServerImpl for group-ACF236F30308:[0eb04ce9-1058-4e4d-94ed-8d96a31c84bb:192.168.69.88:42184, 2e125096-a5e6-465f-8d6a-192e832ef6ee:192.168.69.88:45462, ec28991f-41af-4bab-b94e-cc6842716d21:192.168.69.88:45993] with ContainerStateMachine:uninitialized
2019-07-16 15:41:19,219 INFO  server.RaftServerConfigKeys (ConfUtils.java:logGet(43)) - raft.server.log.appender.install.snapshot.enabled = false (custom)
2019-07-16 15:41:19,220 INFO  server.RaftServerConfigKeys (ConfUtils.java:logGet(43)) - raft.server.rpc.timeout.min = 5s (custom)
2019-07-16 15:41:19,220 INFO  impl.RaftServerImpl (ServerState.java:<init>(105)) - ec28991f-41af-4bab-b94e-cc6842716d21:group-ACF236F30308 ConfigurationManager, init=-1: [0eb04ce9-1058-4e4d-94ed-8d96a31c84bb:192.168.69.88:42184, 2e125096-a5e6-465f-8d6a-192e832ef6ee:192.168.69.88:45462, ec28991f-41af-4bab-b94e-cc6842716d21:192.168.69.88:45993], old=null, confs=<EMPTY_MAP>
2019-07-16 15:41:19,220 INFO  impl.RaftServerImpl (RaftServerImpl.java:<init>(93)) - 0eb04ce9-1058-4e4d-94ed-8d96a31c84bb: new RaftServerImpl for group-ACF236F30308:[0eb04ce9-1058-4e4d-94ed-8d96a31c84bb:192.168.69.88:42184, 2e125096-a5e6-465f-8d6a-192e832ef6ee:192.168.69.88:45462, ec28991f-41af-4bab-b94e-cc6842716d21:192.168.69.88:45993] with ContainerStateMachine:uninitialized
2019-07-16 15:41:19,220 INFO  server.RaftServerConfigKeys (ConfUtils.java:logGet(43)) - raft.server.storage.dir = [/workdir/hadoop-ozone/integration-test/target/test-dir/MiniOzoneClusterImpl-c63d3b4f-5676-42d9-a01a-77c7ca3a5d27/datanode-1/data/ratis] (custom)
2019-07-16 15:41:19,220 INFO  server.RaftServerConfigKeys (ConfUtils.java:logGet(43)) - raft.server.rpc.timeout.max = 5200ms (custom)
2019-07-16 15:41:19,220 INFO  server.RaftServerConfigKeys (ConfUtils.java:logGet(43)) - raft.server.rpc.timeout.min = 5s (custom)
2019-07-16 15:41:19,221 INFO  storage.RaftStorageDirectory (RaftStorageDirectory.java:analyzeStorage(246)) - The storage directory /workdir/hadoop-ozone/integration-test/target/test-dir/MiniOzoneClusterImpl-c63d3b4f-5676-42d9-a01a-77c7ca3a5d27/datanode-1/data/ratis/8ef74166-50e8-4af1-be1c-acf236f30308 does not exist. Creating ...
2019-07-16 15:41:19,221 INFO  server.RaftServerConfigKeys (ConfUtils.java:logGet(43)) - raft.server.rpcslowness.timeout = 120s (custom)
2019-07-16 15:41:19,221 INFO  server.RaftServerConfigKeys (ConfUtils.java:logGet(43)) - raft.server.rpc.timeout.max = 5200ms (custom)
2019-07-16 15:41:19,221 INFO  server.RaftServerConfigKeys (ConfUtils.java:logGet(43)) - raft.server.sleep.deviation.threshold = 300 (default)
2019-07-16 15:41:19,221 INFO  server.RaftServerConfigKeys (ConfUtils.java:logGet(43)) - raft.server.rpcslowness.timeout = 120s (custom)
2019-07-16 15:41:19,221 INFO  server.RaftServerConfigKeys (ConfUtils.java:logGet(43)) - raft.server.log.appender.install.snapshot.enabled = false (custom)
2019-07-16 15:41:19,221 INFO  server.RaftServerConfigKeys (ConfUtils.java:logGet(43)) - raft.server.sleep.deviation.threshold = 300 (default)
2019-07-16 15:41:19,222 INFO  impl.RaftServerImpl (ServerState.java:<init>(105)) - 2e125096-a5e6-465f-8d6a-192e832ef6ee:group-ACF236F30308 ConfigurationManager, init=-1: [0eb04ce9-1058-4e4d-94ed-8d96a31c84bb:192.168.69.88:42184, 2e125096-a5e6-465f-8d6a-192e832ef6ee:192.168.69.88:45462, ec28991f-41af-4bab-b94e-cc6842716d21:192.168.69.88:45993], old=null, confs=<EMPTY_MAP>
2019-07-16 15:41:19,222 INFO  server.RaftServerConfigKeys (ConfUtils.java:logGet(43)) - raft.server.log.appender.install.snapshot.enabled = false (custom)
2019-07-16 15:41:19,222 INFO  server.RaftServerConfigKeys (ConfUtils.java:logGet(43)) - raft.server.storage.dir = [/workdir/hadoop-ozone/integration-test/target/test-dir/MiniOzoneClusterImpl-c63d3b4f-5676-42d9-a01a-77c7ca3a5d27/datanode-2/data/ratis] (custom)
2019-07-16 15:41:19,222 INFO  impl.RaftServerImpl (ServerState.java:<init>(105)) - 0eb04ce9-1058-4e4d-94ed-8d96a31c84bb:group-ACF236F30308 ConfigurationManager, init=-1: [0eb04ce9-1058-4e4d-94ed-8d96a31c84bb:192.168.69.88:42184, 2e125096-a5e6-465f-8d6a-192e832ef6ee:192.168.69.88:45462, ec28991f-41af-4bab-b94e-cc6842716d21:192.168.69.88:45993], old=null, confs=<EMPTY_MAP>
2019-07-16 15:41:19,222 INFO  server.RaftServerConfigKeys (ConfUtils.java:logGet(43)) - raft.server.storage.dir = [/workdir/hadoop-ozone/integration-test/target/test-dir/MiniOzoneClusterImpl-c63d3b4f-5676-42d9-a01a-77c7ca3a5d27/datanode-0/data/ratis] (custom)
2019-07-16 15:41:19,222 INFO  storage.RaftStorageDirectory (RaftStorageDirectory.java:analyzeStorage(246)) - The storage directory /workdir/hadoop-ozone/integration-test/target/test-dir/MiniOzoneClusterImpl-c63d3b4f-5676-42d9-a01a-77c7ca3a5d27/datanode-2/data/ratis/8ef74166-50e8-4af1-be1c-acf236f30308 does not exist. Creating ...
2019-07-16 15:41:19,223 INFO  storage.RaftStorageDirectory (RaftStorageDirectory.java:analyzeStorage(246)) - The storage directory /workdir/hadoop-ozone/integration-test/target/test-dir/MiniOzoneClusterImpl-c63d3b4f-5676-42d9-a01a-77c7ca3a5d27/datanode-0/data/ratis/8ef74166-50e8-4af1-be1c-acf236f30308 does not exist. Creating ...
2019-07-16 15:41:19,234 INFO  storage.RaftStorageDirectory (RaftStorageDirectory.java:tryLock(328)) - Lock on /workdir/hadoop-ozone/integration-test/target/test-dir/MiniOzoneClusterImpl-c63d3b4f-5676-42d9-a01a-77c7ca3a5d27/datanode-2/data/ratis/8ef74166-50e8-4af1-be1c-acf236f30308/in_use.lock acquired by nodename 18277@trunk-nightly-kgw5x-1882989438
2019-07-16 15:41:19,234 INFO  storage.RaftStorageDirectory (RaftStorageDirectory.java:tryLock(328)) - Lock on /workdir/hadoop-ozone/integration-test/target/test-dir/MiniOzoneClusterImpl-c63d3b4f-5676-42d9-a01a-77c7ca3a5d27/datanode-1/data/ratis/8ef74166-50e8-4af1-be1c-acf236f30308/in_use.lock acquired by nodename 18277@trunk-nightly-kgw5x-1882989438
2019-07-16 15:41:19,234 INFO  storage.RaftStorageDirectory (RaftStorageDirectory.java:tryLock(328)) - Lock on /workdir/hadoop-ozone/integration-test/target/test-dir/MiniOzoneClusterImpl-c63d3b4f-5676-42d9-a01a-77c7ca3a5d27/datanode-0/data/ratis/8ef74166-50e8-4af1-be1c-acf236f30308/in_use.lock acquired by nodename 18277@trunk-nightly-kgw5x-1882989438
2019-07-16 15:41:19,249 INFO  storage.RaftStorage (RaftStorage.java:format(72)) - Storage directory /workdir/hadoop-ozone/integration-test/target/test-dir/MiniOzoneClusterImpl-c63d3b4f-5676-42d9-a01a-77c7ca3a5d27/datanode-0/data/ratis/8ef74166-50e8-4af1-be1c-acf236f30308 has been successfully formatted.
2019-07-16 15:41:19,249 INFO  storage.RaftStorage (RaftStorage.java:format(72)) - Storage directory /workdir/hadoop-ozone/integration-test/target/test-dir/MiniOzoneClusterImpl-c63d3b4f-5676-42d9-a01a-77c7ca3a5d27/datanode-2/data/ratis/8ef74166-50e8-4af1-be1c-acf236f30308 has been successfully formatted.
2019-07-16 15:41:19,249 INFO  storage.RaftStorage (RaftStorage.java:format(72)) - Storage directory /workdir/hadoop-ozone/integration-test/target/test-dir/MiniOzoneClusterImpl-c63d3b4f-5676-42d9-a01a-77c7ca3a5d27/datanode-1/data/ratis/8ef74166-50e8-4af1-be1c-acf236f30308 has been successfully formatted.
2019-07-16 15:41:19,249 INFO  ratis.ContainerStateMachine (ContainerStateMachine.java:loadSnapshot(200)) - group-ACF236F30308: The snapshot info is null. Setting the last applied indexto:(t:0, i:~)
2019-07-16 15:41:19,249 INFO  ratis.ContainerStateMachine (ContainerStateMachine.java:loadSnapshot(200)) - group-ACF236F30308: The snapshot info is null. Setting the last applied indexto:(t:0, i:~)
2019-07-16 15:41:19,249 INFO  server.RaftServerConfigKeys (ConfUtils.java:logGet(43)) - raft.server.leader.election.timeout = 120s (custom)
2019-07-16 15:41:19,249 INFO  ratis.ContainerStateMachine (ContainerStateMachine.java:loadSnapshot(200)) - group-ACF236F30308: The snapshot info is null. Setting the last applied indexto:(t:0, i:~)
2019-07-16 15:41:19,250 INFO  server.RaftServerConfigKeys (ConfUtils.java:logGet(43)) - raft.server.log.use.memory = false (default)
2019-07-16 15:41:19,249 INFO  server.RaftServerConfigKeys (ConfUtils.java:logGet(43)) - raft.server.leader.election.timeout = 120s (custom)
2019-07-16 15:41:19,250 INFO  server.RaftServerConfigKeys (ConfUtils.java:logGet(43)) - raft.server.log.purge.gap = 1000000000 (custom)
2019-07-16 15:41:19,250 INFO  server.RaftServerConfigKeys (ConfUtils.java:logGet(43)) - raft.server.log.appender.buffer.byte-limit = 33554432 (custom)
2019-07-16 15:41:19,250 INFO  server.RaftServerConfigKeys (ConfUtils.java:logGet(43)) - raft.server.leader.election.timeout = 120s (custom)
2019-07-16 15:41:19,250 INFO  server.RaftServerConfigKeys (ConfUtils.java:logGet(43)) - raft.server.log.segment.size.max = 1048576 (custom)
2019-07-16 15:41:19,250 INFO  server.RaftServerConfigKeys (ConfUtils.java:logGet(43)) - raft.server.log.use.memory = false (default)
2019-07-16 15:41:19,251 INFO  server.RaftServerConfigKeys (ConfUtils.java:logGet(43)) - raft.server.log.segment.cache.num.max = 2 (custom)
2019-07-16 15:41:19,251 INFO  server.RaftServerConfigKeys (ConfUtils.java:logGet(43)) - raft.server.log.use.memory = false (default)
2019-07-16 15:41:19,251 INFO  segmented.SegmentedRaftLogWorker (SegmentedRaftLogWorker.java:<init>(172)) - new 2e125096-a5e6-465f-8d6a-192e832ef6ee-SegmentedRaftLogWorker:Storage Directory /workdir/hadoop-ozone/integration-test/target/test-dir/MiniOzoneClusterImpl-c63d3b4f-5676-42d9-a01a-77c7ca3a5d27/datanode-2/data/ratis/8ef74166-50e8-4af1-be1c-acf236f30308 for RaftStorage:Storage Directory /workdir/hadoop-ozone/integration-test/target/test-dir/MiniOzoneClusterImpl-c63d3b4f-5676-42d9-a01a-77c7ca3a5d27/datanode-2/data/ratis/8ef74166-50e8-4af1-be1c-acf236f30308
2019-07-16 15:41:19,251 INFO  server.RaftServerConfigKeys (ConfUtils.java:logGet(43)) - raft.server.log.purge.gap = 1000000000 (custom)
2019-07-16 15:41:19,251 INFO  server.RaftServerConfigKeys (ConfUtils.java:logGet(43)) - raft.server.log.queue.byte-limit = 2147483647 (custom)
2019-07-16 15:41:19,252 INFO  server.RaftServerConfigKeys (ConfUtils.java:logGet(43)) - raft.server.log.queue.element-limit = 1024 (custom)
2019-07-16 15:41:19,251 INFO  server.RaftServerConfigKeys (ConfUtils.java:logGet(43)) - raft.server.log.purge.gap = 1000000000 (custom)
2019-07-16 15:41:19,252 INFO  server.RaftServerConfigKeys (ConfUtils.java:logGet(43)) - raft.server.log.appender.buffer.byte-limit = 33554432 (custom)
2019-07-16 15:41:19,252 INFO  server.RaftServerConfigKeys (ConfUtils.java:logGet(43)) - raft.server.log.segment.size.max = 1048576 (custom)
2019-07-16 15:41:19,252 INFO  server.RaftServerConfigKeys (ConfUtils.java:logGet(43)) - raft.server.log.appender.buffer.byte-limit = 33554432 (custom)
2019-07-16 15:41:19,252 INFO  server.RaftServerConfigKeys (ConfUtils.java:logGet(43)) - raft.server.log.preallocated.size = 16384 (custom)
2019-07-16 15:41:19,252 INFO  server.RaftServerConfigKeys (ConfUtils.java:logGet(43)) - raft.server.log.segment.size.max = 1048576 (custom)
2019-07-16 15:41:19,253 INFO  server.RaftServerConfigKeys (ConfUtils.java:logGet(43)) - raft.server.log.write.buffer.size = 33554432 (custom)
2019-07-16 15:41:19,253 INFO  server.RaftServerConfigKeys (ConfUtils.java:logGet(43)) - raft.server.log.force.sync.num = 128 (default)
2019-07-16 15:41:19,253 INFO  server.RaftServerConfigKeys (ConfUtils.java:logGet(43)) - raft.server.log.segment.size.max = 1048576 (custom)
2019-07-16 15:41:19,253 INFO  server.RaftServerConfigKeys (ConfUtils.java:logGet(43)) - raft.server.log.statemachine.data.sync = true (default)
2019-07-16 15:41:19,253 INFO  server.RaftServerConfigKeys (ConfUtils.java:logGet(43)) - raft.server.log.segment.cache.num.max = 2 (custom)
2019-07-16 15:41:19,254 INFO  server.RaftServerConfigKeys (ConfUtils.java:logGet(43)) - raft.server.log.statemachine.data.sync.timeout = 10s (default)
2019-07-16 15:41:19,254 INFO  server.RaftServerConfigKeys (ConfUtils.java:logGet(43)) - raft.server.log.segment.cache.num.max = 2 (custom)
2019-07-16 15:41:19,254 INFO  server.RaftServerConfigKeys (ConfUtils.java:logGet(43)) - raft.server.log.statemachine.data.sync.timeout.retry = -1 (default)
2019-07-16 15:41:19,254 INFO  segmented.SegmentedRaftLogWorker (SegmentedRaftLogWorker.java:<init>(172)) - new ec28991f-41af-4bab-b94e-cc6842716d21-SegmentedRaftLogWorker:Storage Directory /workdir/hadoop-ozone/integration-test/target/test-dir/MiniOzoneClusterImpl-c63d3b4f-5676-42d9-a01a-77c7ca3a5d27/datanode-1/data/ratis/8ef74166-50e8-4af1-be1c-acf236f30308 for RaftStorage:Storage Directory /workdir/hadoop-ozone/integration-test/target/test-dir/MiniOzoneClusterImpl-c63d3b4f-5676-42d9-a01a-77c7ca3a5d27/datanode-1/data/ratis/8ef74166-50e8-4af1-be1c-acf236f30308
2019-07-16 15:41:19,255 INFO  server.RaftServerConfigKeys (ConfUtils.java:logGet(43)) - raft.server.log.statemachine.data.caching.enabled = true (custom)
2019-07-16 15:41:19,254 INFO  segmented.SegmentedRaftLogWorker (SegmentedRaftLogWorker.java:<init>(172)) - new 0eb04ce9-1058-4e4d-94ed-8d96a31c84bb-SegmentedRaftLogWorker:Storage Directory /workdir/hadoop-ozone/integration-test/target/test-dir/MiniOzoneClusterImpl-c63d3b4f-5676-42d9-a01a-77c7ca3a5d27/datanode-0/data/ratis/8ef74166-50e8-4af1-be1c-acf236f30308 for RaftStorage:Storage Directory /workdir/hadoop-ozone/integration-test/target/test-dir/MiniOzoneClusterImpl-c63d3b4f-5676-42d9-a01a-77c7ca3a5d27/datanode-0/data/ratis/8ef74166-50e8-4af1-be1c-acf236f30308
2019-07-16 15:41:19,255 INFO  server.RaftServerConfigKeys (ConfUtils.java:logGet(43)) - raft.server.log.queue.byte-limit = 2147483647 (custom)
2019-07-16 15:41:19,255 INFO  segmented.SegmentedRaftLogWorker (SegmentedRaftLogWorker.java:lambda$new$0(132)) - 2e125096-a5e6-465f-8d6a-192e832ef6ee-SegmentedRaftLogWorker:Storage Directory /workdir/hadoop-ozone/integration-test/target/test-dir/MiniOzoneClusterImpl-c63d3b4f-5676-42d9-a01a-77c7ca3a5d27/datanode-2/data/ratis/8ef74166-50e8-4af1-be1c-acf236f30308: flushIndex: setUnconditionally 0 -> -1
2019-07-16 15:41:19,255 INFO  server.RaftServerConfigKeys (ConfUtils.java:logGet(43)) - raft.server.log.queue.byte-limit = 2147483647 (custom)
2019-07-16 15:41:19,256 INFO  server.RaftServerConfigKeys (ConfUtils.java:logGet(43)) - raft.server.log.queue.element-limit = 1024 (custom)
2019-07-16 15:41:19,255 INFO  server.RaftServerConfigKeys (ConfUtils.java:logGet(43)) - raft.server.log.queue.element-limit = 1024 (custom)
2019-07-16 15:41:19,256 INFO  server.RaftServerConfigKeys (ConfUtils.java:logGet(43)) - raft.server.log.segment.size.max = 1048576 (custom)
2019-07-16 15:41:19,256 INFO  server.RaftServerConfigKeys (ConfUtils.java:logGet(43)) - raft.server.log.preallocated.size = 16384 (custom)
2019-07-16 15:41:19,256 INFO  server.RaftServerConfigKeys (ConfUtils.java:logGet(43)) - raft.server.snapshot.auto.trigger.enabled = true (custom)
2019-07-16 15:41:19,256 INFO  server.RaftServerConfigKeys (ConfUtils.java:logGet(43)) - raft.server.log.write.buffer.size = 33554432 (custom)
2019-07-16 15:41:19,257 INFO  server.RaftServerConfigKeys (ConfUtils.java:logGet(43)) - raft.server.log.force.sync.num = 128 (default)
2019-07-16 15:41:19,256 INFO  server.RaftServerConfigKeys (ConfUtils.java:logGet(43)) - raft.server.log.segment.size.max = 1048576 (custom)
2019-07-16 15:41:19,257 INFO  server.RaftServerConfigKeys (ConfUtils.java:logGet(43)) - raft.server.log.statemachine.data.sync = true (default)
2019-07-16 15:41:19,256 INFO  server.RaftServerConfigKeys (ConfUtils.java:logGet(43)) - raft.server.snapshot.auto.trigger.threshold = 10000 (custom)
2019-07-16 15:41:19,257 INFO  server.RaftServerConfigKeys (ConfUtils.java:logGet(43)) - raft.server.log.statemachine.data.sync.timeout = 10s (default)
2019-07-16 15:41:19,258 INFO  server.RaftServerConfigKeys (ConfUtils.java:logGet(43)) - raft.server.log.statemachine.data.sync.timeout.retry = -1 (default)
2019-07-16 15:41:19,257 INFO  server.RaftServerConfigKeys (ConfUtils.java:logGet(43)) - raft.server.log.preallocated.size = 16384 (custom)
2019-07-16 15:41:19,258 INFO  server.RaftServerConfigKeys (ConfUtils.java:logGet(43)) - raft.server.log.statemachine.data.caching.enabled = true (custom)
2019-07-16 15:41:19,257 INFO  server.RaftServerConfigKeys (ConfUtils.java:logGet(43)) - raft.server.retrycache.expirytime = 600000ms (custom)
2019-07-16 15:41:19,258 INFO  server.RaftServerConfigKeys (ConfUtils.java:logGet(43)) - raft.server.log.write.buffer.size = 33554432 (custom)
2019-07-16 15:41:19,258 INFO  impl.RaftServerImpl (RaftServerImpl.java:start(180)) - 2e125096-a5e6-465f-8d6a-192e832ef6ee: start group-ACF236F30308
2019-07-16 15:41:19,258 INFO  segmented.SegmentedRaftLogWorker (SegmentedRaftLogWorker.java:lambda$new$0(132)) - 0eb04ce9-1058-4e4d-94ed-8d96a31c84bb-SegmentedRaftLogWorker:Storage Directory /workdir/hadoop-ozone/integration-test/target/test-dir/MiniOzoneClusterImpl-c63d3b4f-5676-42d9-a01a-77c7ca3a5d27/datanode-0/data/ratis/8ef74166-50e8-4af1-be1c-acf236f30308: flushIndex: setUnconditionally 0 -> -1
2019-07-16 15:41:19,259 INFO  impl.RaftServerImpl (RaftServerImpl.java:setRole(171)) - 2e125096-a5e6-465f-8d6a-192e832ef6ee:group-ACF236F30308 changes role from null to FOLLOWER at term 0 for startAsFollower
2019-07-16 15:41:19,258 INFO  server.RaftServerConfigKeys (ConfUtils.java:logGet(43)) - raft.server.log.force.sync.num = 128 (default)
2019-07-16 15:41:19,259 INFO  server.RaftServerConfigKeys (ConfUtils.java:logGet(43)) - raft.server.snapshot.auto.trigger.enabled = true (custom)
2019-07-16 15:41:19,259 INFO  impl.RoleInfo (RoleInfo.java:updateAndGet(143)) - 2e125096-a5e6-465f-8d6a-192e832ef6ee: start FollowerState
2019-07-16 15:41:19,259 INFO  server.RaftServerConfigKeys (ConfUtils.java:logGet(43)) - raft.server.snapshot.auto.trigger.threshold = 10000 (custom)
2019-07-16 15:41:19,259 INFO  server.RaftServerConfigKeys (ConfUtils.java:logGet(43)) - raft.server.log.statemachine.data.sync = true (default)
2019-07-16 15:41:19,260 INFO  util.JmxRegister (JmxRegister.java:tryRegister(44)) - Successfully registered JMX Bean with object name Ratis:service=RaftServer,group=group-ACF236F30308,id=2e125096-a5e6-465f-8d6a-192e832ef6ee
2019-07-16 15:41:19,260 INFO  server.RaftServerConfigKeys (ConfUtils.java:logGet(43)) - raft.server.retrycache.expirytime = 600000ms (custom)
2019-07-16 15:41:19,260 INFO  server.RaftServerConfigKeys (ConfUtils.java:logGet(43)) - raft.server.log.statemachine.data.sync.timeout = 10s (default)
2019-07-16 15:41:19,260 INFO  impl.RaftServerImpl (RaftServerImpl.java:start(180)) - 0eb04ce9-1058-4e4d-94ed-8d96a31c84bb: start group-ACF236F30308
2019-07-16 15:41:19,260 INFO  server.RaftServerConfigKeys (ConfUtils.java:logGet(43)) - raft.server.log.statemachine.data.sync.timeout.retry = -1 (default)
2019-07-16 15:41:19,260 INFO  impl.RaftServerImpl (RaftServerImpl.java:setRole(171)) - 0eb04ce9-1058-4e4d-94ed-8d96a31c84bb:group-ACF236F30308 changes role from null to FOLLOWER at term 0 for startAsFollower
2019-07-16 15:41:19,261 INFO  server.RaftServerConfigKeys (ConfUtils.java:logGet(43)) - raft.server.log.statemachine.data.caching.enabled = true (custom)
2019-07-16 15:41:19,261 INFO  impl.RoleInfo (RoleInfo.java:updateAndGet(143)) - 0eb04ce9-1058-4e4d-94ed-8d96a31c84bb: start FollowerState
2019-07-16 15:41:19,261 INFO  segmented.SegmentedRaftLogWorker (SegmentedRaftLogWorker.java:lambda$new$0(132)) - ec28991f-41af-4bab-b94e-cc6842716d21-SegmentedRaftLogWorker:Storage Directory /workdir/hadoop-ozone/integration-test/target/test-dir/MiniOzoneClusterImpl-c63d3b4f-5676-42d9-a01a-77c7ca3a5d27/datanode-1/data/ratis/8ef74166-50e8-4af1-be1c-acf236f30308: flushIndex: setUnconditionally 0 -> -1
2019-07-16 15:41:19,264 INFO  util.JmxRegister (JmxRegister.java:tryRegister(44)) - Successfully registered JMX Bean with object name Ratis:service=RaftServer,group=group-ACF236F30308,id=0eb04ce9-1058-4e4d-94ed-8d96a31c84bb
2019-07-16 15:41:19,264 INFO  server.RaftServerConfigKeys (ConfUtils.java:logGet(43)) - raft.server.snapshot.auto.trigger.enabled = true (custom)
2019-07-16 15:41:19,264 INFO  server.RaftServerConfigKeys (ConfUtils.java:logGet(43)) - raft.server.snapshot.auto.trigger.threshold = 10000 (custom)
2019-07-16 15:41:19,264 INFO  server.RaftServerConfigKeys (ConfUtils.java:logGet(43)) - raft.server.retrycache.expirytime = 600000ms (custom)
2019-07-16 15:41:19,265 INFO  impl.RaftServerImpl (RaftServerImpl.java:start(180)) - ec28991f-41af-4bab-b94e-cc6842716d21: start group-ACF236F30308
2019-07-16 15:41:19,265 INFO  impl.RaftServerImpl (RaftServerImpl.java:setRole(171)) - ec28991f-41af-4bab-b94e-cc6842716d21:group-ACF236F30308 changes role from null to FOLLOWER at term 0 for startAsFollower
2019-07-16 15:41:19,265 INFO  impl.RoleInfo (RoleInfo.java:updateAndGet(143)) - ec28991f-41af-4bab-b94e-cc6842716d21: start FollowerState
2019-07-16 15:41:19,268 INFO  util.JmxRegister (JmxRegister.java:tryRegister(44)) - Successfully registered JMX Bean with object name Ratis:service=RaftServer,group=group-ACF236F30308,id=ec28991f-41af-4bab-b94e-cc6842716d21
2019-07-16 15:41:19,272 INFO  pipeline.PipelineStateManager (PipelineStateManager.java:addPipeline(56)) - Created pipeline Pipeline[ Id: 8ef74166-50e8-4af1-be1c-acf236f30308, Nodes: 0eb04ce9-1058-4e4d-94ed-8d96a31c84bb{ip: 192.168.69.88, host: trunk-nightly-kgw5x-1882989438, networkLocation: /default-rack, certSerialId: null}ec28991f-41af-4bab-b94e-cc6842716d21{ip: 192.168.69.88, host: trunk-nightly-kgw5x-1882989438, networkLocation: /default-rack, certSerialId: null}2e125096-a5e6-465f-8d6a-192e832ef6ee{ip: 192.168.69.88, host: trunk-nightly-kgw5x-1882989438, networkLocation: /default-rack, certSerialId: null}, Type:RATIS, Factor:THREE, State:OPEN]
2019-07-16 15:41:19,482 INFO  node.SCMNodeManager (SCMNodeManager.java:register(269)) - Registered Data node : 8e01f55d-2d91-4239-a1ac-cab51f2f2414{ip: 192.168.69.88, host: trunk-nightly-kgw5x-1882989438, networkLocation: /default-rack, certSerialId: null}
2019-07-16 15:41:19,492 INFO  impl.RaftServerProxy (RaftServerProxy.java:addNew(89)) - 8e01f55d-2d91-4239-a1ac-cab51f2f2414: addNew group-A0831A1BBA6D:[8e01f55d-2d91-4239-a1ac-cab51f2f2414:192.168.69.88:38465] returns group-A0831A1BBA6D:java.util.concurrent.CompletableFuture@2461a2d9[Not completed]
2019-07-16 15:41:19,493 INFO  impl.RaftServerImpl (RaftServerImpl.java:<init>(93)) - 8e01f55d-2d91-4239-a1ac-cab51f2f2414: new RaftServerImpl for group-A0831A1BBA6D:[8e01f55d-2d91-4239-a1ac-cab51f2f2414:192.168.69.88:38465] with ContainerStateMachine:uninitialized
2019-07-16 15:41:19,493 INFO  server.RaftServerConfigKeys (ConfUtils.java:logGet(43)) - raft.server.rpc.timeout.min = 5s (custom)
2019-07-16 15:41:19,493 INFO  server.RaftServerConfigKeys (ConfUtils.java:logGet(43)) - raft.server.rpc.timeout.max = 5200ms (custom)
2019-07-16 15:41:19,494 INFO  server.RaftServerConfigKeys (ConfUtils.java:logGet(43)) - raft.server.rpcslowness.timeout = 120s (custom)
2019-07-16 15:41:19,494 INFO  server.RaftServerConfigKeys (ConfUtils.java:logGet(43)) - raft.server.sleep.deviation.threshold = 300 (default)
2019-07-16 15:41:19,494 INFO  server.RaftServerConfigKeys (ConfUtils.java:logGet(43)) - raft.server.log.appender.install.snapshot.enabled = false (custom)
2019-07-16 15:41:19,494 INFO  impl.RaftServerImpl (ServerState.java:<init>(105)) - 8e01f55d-2d91-4239-a1ac-cab51f2f2414:group-A0831A1BBA6D ConfigurationManager, init=-1: [8e01f55d-2d91-4239-a1ac-cab51f2f2414:192.168.69.88:38465], old=null, confs=<EMPTY_MAP>
2019-07-16 15:41:19,494 INFO  server.RaftServerConfigKeys (ConfUtils.java:logGet(43)) - raft.server.storage.dir = [/workdir/hadoop-ozone/integration-test/target/test-dir/MiniOzoneClusterImpl-c63d3b4f-5676-42d9-a01a-77c7ca3a5d27/datanode-3/data/ratis] (custom)
2019-07-16 15:41:19,495 INFO  storage.RaftStorageDirectory (RaftStorageDirectory.java:analyzeStorage(246)) - The storage directory /workdir/hadoop-ozone/integration-test/target/test-dir/MiniOzoneClusterImpl-c63d3b4f-5676-42d9-a01a-77c7ca3a5d27/datanode-3/data/ratis/a1fd69fa-0b13-4ee2-8a7f-a0831a1bba6d does not exist. Creating ...
2019-07-16 15:41:19,508 INFO  storage.RaftStorageDirectory (RaftStorageDirectory.java:tryLock(328)) - Lock on /workdir/hadoop-ozone/integration-test/target/test-dir/MiniOzoneClusterImpl-c63d3b4f-5676-42d9-a01a-77c7ca3a5d27/datanode-3/data/ratis/a1fd69fa-0b13-4ee2-8a7f-a0831a1bba6d/in_use.lock acquired by nodename 18277@trunk-nightly-kgw5x-1882989438
2019-07-16 15:41:19,521 INFO  storage.RaftStorage (RaftStorage.java:format(72)) - Storage directory /workdir/hadoop-ozone/integration-test/target/test-dir/MiniOzoneClusterImpl-c63d3b4f-5676-42d9-a01a-77c7ca3a5d27/datanode-3/data/ratis/a1fd69fa-0b13-4ee2-8a7f-a0831a1bba6d has been successfully formatted.
2019-07-16 15:41:19,521 INFO  ratis.ContainerStateMachine (ContainerStateMachine.java:loadSnapshot(200)) - group-A0831A1BBA6D: The snapshot info is null. Setting the last applied indexto:(t:0, i:~)
2019-07-16 15:41:19,521 INFO  server.RaftServerConfigKeys (ConfUtils.java:logGet(43)) - raft.server.leader.election.timeout = 120s (custom)
2019-07-16 15:41:19,522 INFO  server.RaftServerConfigKeys (ConfUtils.java:logGet(43)) - raft.server.log.use.memory = false (default)
2019-07-16 15:41:19,522 INFO  server.RaftServerConfigKeys (ConfUtils.java:logGet(43)) - raft.server.log.purge.gap = 1000000000 (custom)
2019-07-16 15:41:19,522 INFO  server.RaftServerConfigKeys (ConfUtils.java:logGet(43)) - raft.server.log.appender.buffer.byte-limit = 33554432 (custom)
2019-07-16 15:41:19,522 INFO  server.RaftServerConfigKeys (ConfUtils.java:logGet(43)) - raft.server.log.segment.size.max = 1048576 (custom)
2019-07-16 15:41:19,522 INFO  server.RaftServerConfigKeys (ConfUtils.java:logGet(43)) - raft.server.log.segment.cache.num.max = 2 (custom)
2019-07-16 15:41:19,522 INFO  segmented.SegmentedRaftLogWorker (SegmentedRaftLogWorker.java:<init>(172)) - new 8e01f55d-2d91-4239-a1ac-cab51f2f2414-SegmentedRaftLogWorker:Storage Directory /workdir/hadoop-ozone/integration-test/target/test-dir/MiniOzoneClusterImpl-c63d3b4f-5676-42d9-a01a-77c7ca3a5d27/datanode-3/data/ratis/a1fd69fa-0b13-4ee2-8a7f-a0831a1bba6d for RaftStorage:Storage Directory /workdir/hadoop-ozone/integration-test/target/test-dir/MiniOzoneClusterImpl-c63d3b4f-5676-42d9-a01a-77c7ca3a5d27/datanode-3/data/ratis/a1fd69fa-0b13-4ee2-8a7f-a0831a1bba6d
2019-07-16 15:41:19,522 INFO  server.RaftServerConfigKeys (ConfUtils.java:logGet(43)) - raft.server.log.queue.byte-limit = 2147483647 (custom)
2019-07-16 15:41:19,523 INFO  server.RaftServerConfigKeys (ConfUtils.java:logGet(43)) - raft.server.log.queue.element-limit = 1024 (custom)
2019-07-16 15:41:19,523 INFO  server.RaftServerConfigKeys (ConfUtils.java:logGet(43)) - raft.server.log.segment.size.max = 1048576 (custom)
2019-07-16 15:41:19,523 INFO  server.RaftServerConfigKeys (ConfUtils.java:logGet(43)) - raft.server.log.preallocated.size = 16384 (custom)
2019-07-16 15:41:19,523 INFO  server.RaftServerConfigKeys (ConfUtils.java:logGet(43)) - raft.server.log.write.buffer.size = 33554432 (custom)
2019-07-16 15:41:19,523 INFO  server.RaftServerConfigKeys (ConfUtils.java:logGet(43)) - raft.server.log.force.sync.num = 128 (default)
2019-07-16 15:41:19,523 INFO  server.RaftServerConfigKeys (ConfUtils.java:logGet(43)) - raft.server.log.statemachine.data.sync = true (default)
2019-07-16 15:41:19,524 INFO  server.RaftServerConfigKeys (ConfUtils.java:logGet(43)) - raft.server.log.statemachine.data.sync.timeout = 10s (default)
2019-07-16 15:41:19,524 INFO  server.RaftServerConfigKeys (ConfUtils.java:logGet(43)) - raft.server.log.statemachine.data.sync.timeout.retry = -1 (default)
2019-07-16 15:41:19,524 INFO  server.RaftServerConfigKeys (ConfUtils.java:logGet(43)) - raft.server.log.statemachine.data.caching.enabled = true (custom)
2019-07-16 15:41:19,524 INFO  segmented.SegmentedRaftLogWorker (SegmentedRaftLogWorker.java:lambda$new$0(132)) - 8e01f55d-2d91-4239-a1ac-cab51f2f2414-SegmentedRaftLogWorker:Storage Directory /workdir/hadoop-ozone/integration-test/target/test-dir/MiniOzoneClusterImpl-c63d3b4f-5676-42d9-a01a-77c7ca3a5d27/datanode-3/data/ratis/a1fd69fa-0b13-4ee2-8a7f-a0831a1bba6d: flushIndex: setUnconditionally 0 -> -1
2019-07-16 15:41:19,525 INFO  server.RaftServerConfigKeys (ConfUtils.java:logGet(43)) - raft.server.snapshot.auto.trigger.enabled = true (custom)
2019-07-16 15:41:19,525 INFO  server.RaftServerConfigKeys (ConfUtils.java:logGet(43)) - raft.server.snapshot.auto.trigger.threshold = 10000 (custom)
2019-07-16 15:41:19,525 INFO  server.RaftServerConfigKeys (ConfUtils.java:logGet(43)) - raft.server.retrycache.expirytime = 600000ms (custom)
2019-07-16 15:41:19,525 INFO  impl.RaftServerImpl (RaftServerImpl.java:start(180)) - 8e01f55d-2d91-4239-a1ac-cab51f2f2414: start group-A0831A1BBA6D
2019-07-16 15:41:19,525 INFO  impl.RaftServerImpl (RaftServerImpl.java:setRole(171)) - 8e01f55d-2d91-4239-a1ac-cab51f2f2414:group-A0831A1BBA6D changes role from null to FOLLOWER at term 0 for startAsFollower
2019-07-16 15:41:19,525 INFO  impl.RoleInfo (RoleInfo.java:updateAndGet(143)) - 8e01f55d-2d91-4239-a1ac-cab51f2f2414: start FollowerState
2019-07-16 15:41:19,536 INFO  util.JmxRegister (JmxRegister.java:tryRegister(44)) - Successfully registered JMX Bean with object name Ratis:service=RaftServer,group=group-A0831A1BBA6D,id=8e01f55d-2d91-4239-a1ac-cab51f2f2414
2019-07-16 15:41:19,548 INFO  pipeline.PipelineStateManager (PipelineStateManager.java:addPipeline(56)) - Created pipeline Pipeline[ Id: a1fd69fa-0b13-4ee2-8a7f-a0831a1bba6d, Nodes: 8e01f55d-2d91-4239-a1ac-cab51f2f2414{ip: 192.168.69.88, host: trunk-nightly-kgw5x-1882989438, networkLocation: /default-rack, certSerialId: null}, Type:RATIS, Factor:ONE, State:OPEN]
2019-07-16 15:41:19,671 INFO  node.SCMNodeManager (SCMNodeManager.java:register(269)) - Registered Data node : bc6d3eca-a563-4611-a7d6-3473bb87d697{ip: 192.168.69.88, host: trunk-nightly-kgw5x-1882989438, networkLocation: /default-rack, certSerialId: null}
2019-07-16 15:41:19,680 INFO  impl.RaftServerProxy (RaftServerProxy.java:addNew(89)) - bc6d3eca-a563-4611-a7d6-3473bb87d697: addNew group-8BF8A8AA6D97:[bc6d3eca-a563-4611-a7d6-3473bb87d697:192.168.69.88:42525] returns group-8BF8A8AA6D97:java.util.concurrent.CompletableFuture@2a602ec4[Not completed]
2019-07-16 15:41:19,681 INFO  impl.RaftServerImpl (RaftServerImpl.java:<init>(93)) - bc6d3eca-a563-4611-a7d6-3473bb87d697: new RaftServerImpl for group-8BF8A8AA6D97:[bc6d3eca-a563-4611-a7d6-3473bb87d697:192.168.69.88:42525] with ContainerStateMachine:uninitialized
2019-07-16 15:41:19,681 INFO  server.RaftServerConfigKeys (ConfUtils.java:logGet(43)) - raft.server.rpc.timeout.min = 5s (custom)
2019-07-16 15:41:19,681 INFO  server.RaftServerConfigKeys (ConfUtils.java:logGet(43)) - raft.server.rpc.timeout.max = 5200ms (custom)
2019-07-16 15:41:19,681 INFO  server.RaftServerConfigKeys (ConfUtils.java:logGet(43)) - raft.server.rpcslowness.timeout = 120s (custom)
2019-07-16 15:41:19,682 INFO  server.RaftServerConfigKeys (ConfUtils.java:logGet(43)) - raft.server.sleep.deviation.threshold = 300 (default)
2019-07-16 15:41:19,682 INFO  server.RaftServerConfigKeys (ConfUtils.java:logGet(43)) - raft.server.log.appender.install.snapshot.enabled = false (custom)
2019-07-16 15:41:19,682 INFO  impl.RaftServerImpl (ServerState.java:<init>(105)) - bc6d3eca-a563-4611-a7d6-3473bb87d697:group-8BF8A8AA6D97 ConfigurationManager, init=-1: [bc6d3eca-a563-4611-a7d6-3473bb87d697:192.168.69.88:42525], old=null, confs=<EMPTY_MAP>
2019-07-16 15:41:19,682 INFO  server.RaftServerConfigKeys (ConfUtils.java:logGet(43)) - raft.server.storage.dir = [/workdir/hadoop-ozone/integration-test/target/test-dir/MiniOzoneClusterImpl-c63d3b4f-5676-42d9-a01a-77c7ca3a5d27/datanode-4/data/ratis] (custom)
2019-07-16 15:41:19,683 INFO  storage.RaftStorageDirectory (RaftStorageDirectory.java:analyzeStorage(246)) - The storage directory /workdir/hadoop-ozone/integration-test/target/test-dir/MiniOzoneClusterImpl-c63d3b4f-5676-42d9-a01a-77c7ca3a5d27/datanode-4/data/ratis/bbd8d2fa-c902-47b1-bd2c-8bf8a8aa6d97 does not exist. Creating ...
2019-07-16 15:41:19,708 INFO  storage.RaftStorageDirectory (RaftStorageDirectory.java:tryLock(328)) - Lock on /workdir/hadoop-ozone/integration-test/target/test-dir/MiniOzoneClusterImpl-c63d3b4f-5676-42d9-a01a-77c7ca3a5d27/datanode-4/data/ratis/bbd8d2fa-c902-47b1-bd2c-8bf8a8aa6d97/in_use.lock acquired by nodename 18277@trunk-nightly-kgw5x-1882989438
2019-07-16 15:41:19,723 INFO  storage.RaftStorage (RaftStorage.java:format(72)) - Storage directory /workdir/hadoop-ozone/integration-test/target/test-dir/MiniOzoneClusterImpl-c63d3b4f-5676-42d9-a01a-77c7ca3a5d27/datanode-4/data/ratis/bbd8d2fa-c902-47b1-bd2c-8bf8a8aa6d97 has been successfully formatted.
2019-07-16 15:41:19,723 INFO  ratis.ContainerStateMachine (ContainerStateMachine.java:loadSnapshot(200)) - group-8BF8A8AA6D97: The snapshot info is null. Setting the last applied indexto:(t:0, i:~)
2019-07-16 15:41:19,724 INFO  server.RaftServerConfigKeys (ConfUtils.java:logGet(43)) - raft.server.leader.election.timeout = 120s (custom)
2019-07-16 15:41:19,724 INFO  server.RaftServerConfigKeys (ConfUtils.java:logGet(43)) - raft.server.log.use.memory = false (default)
2019-07-16 15:41:19,724 INFO  server.RaftServerConfigKeys (ConfUtils.java:logGet(43)) - raft.server.log.purge.gap = 1000000000 (custom)
2019-07-16 15:41:19,724 INFO  server.RaftServerConfigKeys (ConfUtils.java:logGet(43)) - raft.server.log.appender.buffer.byte-limit = 33554432 (custom)
2019-07-16 15:41:19,724 INFO  server.RaftServerConfigKeys (ConfUtils.java:logGet(43)) - raft.server.log.segment.size.max = 1048576 (custom)
2019-07-16 15:41:19,724 INFO  server.RaftServerConfigKeys (ConfUtils.java:logGet(43)) - raft.server.log.segment.cache.num.max = 2 (custom)
2019-07-16 15:41:19,725 INFO  segmented.SegmentedRaftLogWorker (SegmentedRaftLogWorker.java:<init>(172)) - new bc6d3eca-a563-4611-a7d6-3473bb87d697-SegmentedRaftLogWorker:Storage Directory /workdir/hadoop-ozone/integration-test/target/test-dir/MiniOzoneClusterImpl-c63d3b4f-5676-42d9-a01a-77c7ca3a5d27/datanode-4/data/ratis/bbd8d2fa-c902-47b1-bd2c-8bf8a8aa6d97 for RaftStorage:Storage Directory /workdir/hadoop-ozone/integration-test/target/test-dir/MiniOzoneClusterImpl-c63d3b4f-5676-42d9-a01a-77c7ca3a5d27/datanode-4/data/ratis/bbd8d2fa-c902-47b1-bd2c-8bf8a8aa6d97
2019-07-16 15:41:19,725 INFO  server.RaftServerConfigKeys (ConfUtils.java:logGet(43)) - raft.server.log.queue.byte-limit = 2147483647 (custom)
2019-07-16 15:41:19,725 INFO  server.RaftServerConfigKeys (ConfUtils.java:logGet(43)) - raft.server.log.queue.element-limit = 1024 (custom)
2019-07-16 15:41:19,725 INFO  server.RaftServerConfigKeys (ConfUtils.java:logGet(43)) - raft.server.log.segment.size.max = 1048576 (custom)
2019-07-16 15:41:19,725 INFO  server.RaftServerConfigKeys (ConfUtils.java:logGet(43)) - raft.server.log.preallocated.size = 16384 (custom)
2019-07-16 15:41:19,726 INFO  server.RaftServerConfigKeys (ConfUtils.java:logGet(43)) - raft.server.log.write.buffer.size = 33554432 (custom)
2019-07-16 15:41:19,726 INFO  server.RaftServerConfigKeys (ConfUtils.java:logGet(43)) - raft.server.log.force.sync.num = 128 (default)
2019-07-16 15:41:19,726 INFO  server.RaftServerConfigKeys (ConfUtils.java:logGet(43)) - raft.server.log.statemachine.data.sync = true (default)
2019-07-16 15:41:19,726 INFO  server.RaftServerConfigKeys (ConfUtils.java:logGet(43)) - raft.server.log.statemachine.data.sync.timeout = 10s (default)
2019-07-16 15:41:19,726 INFO  server.RaftServerConfigKeys (ConfUtils.java:logGet(43)) - raft.server.log.statemachine.data.sync.timeout.retry = -1 (default)
2019-07-16 15:41:19,727 INFO  server.RaftServerConfigKeys (ConfUtils.java:logGet(43)) - raft.server.log.statemachine.data.caching.enabled = true (custom)
2019-07-16 15:41:19,727 INFO  segmented.SegmentedRaftLogWorker (SegmentedRaftLogWorker.java:lambda$new$0(132)) - bc6d3eca-a563-4611-a7d6-3473bb87d697-SegmentedRaftLogWorker:Storage Directory /workdir/hadoop-ozone/integration-test/target/test-dir/MiniOzoneClusterImpl-c63d3b4f-5676-42d9-a01a-77c7ca3a5d27/datanode-4/data/ratis/bbd8d2fa-c902-47b1-bd2c-8bf8a8aa6d97: flushIndex: setUnconditionally 0 -> -1
2019-07-16 15:41:19,727 INFO  server.RaftServerConfigKeys (ConfUtils.java:logGet(43)) - raft.server.snapshot.auto.trigger.enabled = true (custom)
2019-07-16 15:41:19,727 INFO  server.RaftServerConfigKeys (ConfUtils.java:logGet(43)) - raft.server.snapshot.auto.trigger.threshold = 10000 (custom)
2019-07-16 15:41:19,728 INFO  server.RaftServerConfigKeys (ConfUtils.java:logGet(43)) - raft.server.retrycache.expirytime = 600000ms (custom)
2019-07-16 15:41:19,728 INFO  impl.RaftServerImpl (RaftServerImpl.java:start(180)) - bc6d3eca-a563-4611-a7d6-3473bb87d697: start group-8BF8A8AA6D97
2019-07-16 15:41:19,728 INFO  impl.RaftServerImpl (RaftServerImpl.java:setRole(171)) - bc6d3eca-a563-4611-a7d6-3473bb87d697:group-8BF8A8AA6D97 changes role from null to FOLLOWER at term 0 for startAsFollower
2019-07-16 15:41:19,728 INFO  impl.RoleInfo (RoleInfo.java:updateAndGet(143)) - bc6d3eca-a563-4611-a7d6-3473bb87d697: start FollowerState
2019-07-16 15:41:19,729 INFO  util.JmxRegister (JmxRegister.java:tryRegister(44)) - Successfully registered JMX Bean with object name Ratis:service=RaftServer,group=group-8BF8A8AA6D97,id=bc6d3eca-a563-4611-a7d6-3473bb87d697
2019-07-16 15:41:19,734 INFO  pipeline.PipelineStateManager (PipelineStateManager.java:addPipeline(56)) - Created pipeline Pipeline[ Id: bbd8d2fa-c902-47b1-bd2c-8bf8a8aa6d97, Nodes: bc6d3eca-a563-4611-a7d6-3473bb87d697{ip: 192.168.69.88, host: trunk-nightly-kgw5x-1882989438, networkLocation: /default-rack, certSerialId: null}, Type:RATIS, Factor:ONE, State:OPEN]
2019-07-16 15:41:19,838 INFO  node.SCMNodeManager (SCMNodeManager.java:register(269)) - Registered Data node : bd7a86f3-0120-41ac-839d-e07433dd6dc7{ip: 192.168.69.88, host: trunk-nightly-kgw5x-1882989438, networkLocation: /default-rack, certSerialId: null}
2019-07-16 15:41:19,845 INFO  impl.RaftServerProxy (RaftServerProxy.java:addNew(89)) - bd7a86f3-0120-41ac-839d-e07433dd6dc7: addNew group-9B5F9499B7AD:[bd7a86f3-0120-41ac-839d-e07433dd6dc7:192.168.69.88:44304] returns group-9B5F9499B7AD:java.util.concurrent.CompletableFuture@71bfdeb0[Not completed]
2019-07-16 15:41:19,846 INFO  impl.RaftServerImpl (RaftServerImpl.java:<init>(93)) - bd7a86f3-0120-41ac-839d-e07433dd6dc7: new RaftServerImpl for group-9B5F9499B7AD:[bd7a86f3-0120-41ac-839d-e07433dd6dc7:192.168.69.88:44304] with ContainerStateMachine:uninitialized
2019-07-16 15:41:19,847 INFO  server.RaftServerConfigKeys (ConfUtils.java:logGet(43)) - raft.server.rpc.timeout.min = 5s (custom)
2019-07-16 15:41:19,847 INFO  server.RaftServerConfigKeys (ConfUtils.java:logGet(43)) - raft.server.rpc.timeout.max = 5200ms (custom)
2019-07-16 15:41:19,847 INFO  server.RaftServerConfigKeys (ConfUtils.java:logGet(43)) - raft.server.rpcslowness.timeout = 120s (custom)
2019-07-16 15:41:19,847 INFO  server.RaftServerConfigKeys (ConfUtils.java:logGet(43)) - raft.server.sleep.deviation.threshold = 300 (default)
2019-07-16 15:41:19,847 INFO  server.RaftServerConfigKeys (ConfUtils.java:logGet(43)) - raft.server.log.appender.install.snapshot.enabled = false (custom)
2019-07-16 15:41:19,847 INFO  impl.RaftServerImpl (ServerState.java:<init>(105)) - bd7a86f3-0120-41ac-839d-e07433dd6dc7:group-9B5F9499B7AD ConfigurationManager, init=-1: [bd7a86f3-0120-41ac-839d-e07433dd6dc7:192.168.69.88:44304], old=null, confs=<EMPTY_MAP>
2019-07-16 15:41:19,847 INFO  server.RaftServerConfigKeys (ConfUtils.java:logGet(43)) - raft.server.storage.dir = [/workdir/hadoop-ozone/integration-test/target/test-dir/MiniOzoneClusterImpl-c63d3b4f-5676-42d9-a01a-77c7ca3a5d27/datanode-5/data/ratis] (custom)
2019-07-16 15:41:19,848 INFO  storage.RaftStorageDirectory (RaftStorageDirectory.java:analyzeStorage(246)) - The storage directory /workdir/hadoop-ozone/integration-test/target/test-dir/MiniOzoneClusterImpl-c63d3b4f-5676-42d9-a01a-77c7ca3a5d27/datanode-5/data/ratis/29b6ea0a-b4b7-47d7-9f1c-9b5f9499b7ad does not exist. Creating ...
2019-07-16 15:41:19,860 INFO  storage.RaftStorageDirectory (RaftStorageDirectory.java:tryLock(328)) - Lock on /workdir/hadoop-ozone/integration-test/target/test-dir/MiniOzoneClusterImpl-c63d3b4f-5676-42d9-a01a-77c7ca3a5d27/datanode-5/data/ratis/29b6ea0a-b4b7-47d7-9f1c-9b5f9499b7ad/in_use.lock acquired by nodename 18277@trunk-nightly-kgw5x-1882989438
2019-07-16 15:41:19,953 INFO  storage.RaftStorage (RaftStorage.java:format(72)) - Storage directory /workdir/hadoop-ozone/integration-test/target/test-dir/MiniOzoneClusterImpl-c63d3b4f-5676-42d9-a01a-77c7ca3a5d27/datanode-5/data/ratis/29b6ea0a-b4b7-47d7-9f1c-9b5f9499b7ad has been successfully formatted.
2019-07-16 15:41:19,953 INFO  ratis.ContainerStateMachine (ContainerStateMachine.java:loadSnapshot(200)) - group-9B5F9499B7AD: The snapshot info is null. Setting the last applied indexto:(t:0, i:~)
2019-07-16 15:41:19,953 INFO  server.RaftServerConfigKeys (ConfUtils.java:logGet(43)) - raft.server.leader.election.timeout = 120s (custom)
2019-07-16 15:41:19,954 INFO  server.RaftServerConfigKeys (ConfUtils.java:logGet(43)) - raft.server.log.use.memory = false (default)
2019-07-16 15:41:19,954 INFO  server.RaftServerConfigKeys (ConfUtils.java:logGet(43)) - raft.server.log.purge.gap = 1000000000 (custom)
2019-07-16 15:41:19,954 INFO  server.RaftServerConfigKeys (ConfUtils.java:logGet(43)) - raft.server.log.appender.buffer.byte-limit = 33554432 (custom)
2019-07-16 15:41:19,954 INFO  server.RaftServerConfigKeys (ConfUtils.java:logGet(43)) - raft.server.log.segment.size.max = 1048576 (custom)
2019-07-16 15:41:19,954 INFO  server.RaftServerConfigKeys (ConfUtils.java:logGet(43)) - raft.server.log.segment.cache.num.max = 2 (custom)
2019-07-16 15:41:19,955 INFO  segmented.SegmentedRaftLogWorker (SegmentedRaftLogWorker.java:<init>(172)) - new bd7a86f3-0120-41ac-839d-e07433dd6dc7-SegmentedRaftLogWorker:Storage Directory /workdir/hadoop-ozone/integration-test/target/test-dir/MiniOzoneClusterImpl-c63d3b4f-5676-42d9-a01a-77c7ca3a5d27/datanode-5/data/ratis/29b6ea0a-b4b7-47d7-9f1c-9b5f9499b7ad for RaftStorage:Storage Directory /workdir/hadoop-ozone/integration-test/target/test-dir/MiniOzoneClusterImpl-c63d3b4f-5676-42d9-a01a-77c7ca3a5d27/datanode-5/data/ratis/29b6ea0a-b4b7-47d7-9f1c-9b5f9499b7ad
2019-07-16 15:41:19,955 INFO  server.RaftServerConfigKeys (ConfUtils.java:logGet(43)) - raft.server.log.queue.byte-limit = 2147483647 (custom)
2019-07-16 15:41:19,955 INFO  server.RaftServerConfigKeys (ConfUtils.java:logGet(43)) - raft.server.log.queue.element-limit = 1024 (custom)
2019-07-16 15:41:19,955 INFO  server.RaftServerConfigKeys (ConfUtils.java:logGet(43)) - raft.server.log.segment.size.max = 1048576 (custom)
2019-07-16 15:41:19,955 INFO  server.RaftServerConfigKeys (ConfUtils.java:logGet(43)) - raft.server.log.preallocated.size = 16384 (custom)
2019-07-16 15:41:19,955 INFO  server.RaftServerConfigKeys (ConfUtils.java:logGet(43)) - raft.server.log.write.buffer.size = 33554432 (custom)
2019-07-16 15:41:19,956 INFO  server.RaftServerConfigKeys (ConfUtils.java:logGet(43)) - raft.server.log.force.sync.num = 128 (default)
2019-07-16 15:41:19,956 INFO  server.RaftServerConfigKeys (ConfUtils.java:logGet(43)) - raft.server.log.statemachine.data.sync = true (default)
2019-07-16 15:41:19,956 INFO  server.RaftServerConfigKeys (ConfUtils.java:logGet(43)) - raft.server.log.statemachine.data.sync.timeout = 10s (default)
2019-07-16 15:41:19,956 INFO  server.RaftServerConfigKeys (ConfUtils.java:logGet(43)) - raft.server.log.statemachine.data.sync.timeout.retry = -1 (default)
2019-07-16 15:41:19,956 INFO  server.RaftServerConfigKeys (ConfUtils.java:logGet(43)) - raft.server.log.statemachine.data.caching.enabled = true (custom)
2019-07-16 15:41:19,957 INFO  segmented.SegmentedRaftLogWorker (SegmentedRaftLogWorker.java:lambda$new$0(132)) - bd7a86f3-0120-41ac-839d-e07433dd6dc7-SegmentedRaftLogWorker:Storage Directory /workdir/hadoop-ozone/integration-test/target/test-dir/MiniOzoneClusterImpl-c63d3b4f-5676-42d9-a01a-77c7ca3a5d27/datanode-5/data/ratis/29b6ea0a-b4b7-47d7-9f1c-9b5f9499b7ad: flushIndex: setUnconditionally 0 -> -1
2019-07-16 15:41:19,957 INFO  server.RaftServerConfigKeys (ConfUtils.java:logGet(43)) - raft.server.snapshot.auto.trigger.enabled = true (custom)
2019-07-16 15:41:19,957 INFO  server.RaftServerConfigKeys (ConfUtils.java:logGet(43)) - raft.server.snapshot.auto.trigger.threshold = 10000 (custom)
2019-07-16 15:41:19,958 INFO  server.RaftServerConfigKeys (ConfUtils.java:logGet(43)) - raft.server.retrycache.expirytime = 600000ms (custom)
2019-07-16 15:41:19,958 INFO  impl.RaftServerImpl (RaftServerImpl.java:start(180)) - bd7a86f3-0120-41ac-839d-e07433dd6dc7: start group-9B5F9499B7AD
2019-07-16 15:41:19,958 INFO  impl.RaftServerImpl (RaftServerImpl.java:setRole(171)) - bd7a86f3-0120-41ac-839d-e07433dd6dc7:group-9B5F9499B7AD changes role from null to FOLLOWER at term 0 for startAsFollower
2019-07-16 15:41:19,958 INFO  impl.RoleInfo (RoleInfo.java:updateAndGet(143)) - bd7a86f3-0120-41ac-839d-e07433dd6dc7: start FollowerState
2019-07-16 15:41:19,959 INFO  util.JmxRegister (JmxRegister.java:tryRegister(44)) - Successfully registered JMX Bean with object name Ratis:service=RaftServer,group=group-9B5F9499B7AD,id=bd7a86f3-0120-41ac-839d-e07433dd6dc7
2019-07-16 15:41:19,963 INFO  pipeline.PipelineStateManager (PipelineStateManager.java:addPipeline(56)) - Created pipeline Pipeline[ Id: 29b6ea0a-b4b7-47d7-9f1c-9b5f9499b7ad, Nodes: bd7a86f3-0120-41ac-839d-e07433dd6dc7{ip: 192.168.69.88, host: trunk-nightly-kgw5x-1882989438, networkLocation: /default-rack, certSerialId: null}, Type:RATIS, Factor:ONE, State:OPEN]
2019-07-16 15:41:19,982 INFO  impl.RaftServerProxy (RaftServerProxy.java:addNew(89)) - 8e01f55d-2d91-4239-a1ac-cab51f2f2414: addNew group-FD16606C79B4:[bd7a86f3-0120-41ac-839d-e07433dd6dc7:192.168.69.88:44304, 8e01f55d-2d91-4239-a1ac-cab51f2f2414:192.168.69.88:38465, bc6d3eca-a563-4611-a7d6-3473bb87d697:192.168.69.88:42525] returns group-FD16606C79B4:java.util.concurrent.CompletableFuture@72369a9c[Not completed]
2019-07-16 15:41:19,982 INFO  impl.RaftServerProxy (RaftServerProxy.java:addNew(89)) - bd7a86f3-0120-41ac-839d-e07433dd6dc7: addNew group-FD16606C79B4:[bd7a86f3-0120-41ac-839d-e07433dd6dc7:192.168.69.88:44304, 8e01f55d-2d91-4239-a1ac-cab51f2f2414:192.168.69.88:38465, bc6d3eca-a563-4611-a7d6-3473bb87d697:192.168.69.88:42525] returns group-FD16606C79B4:java.util.concurrent.CompletableFuture@28ffa2c8[Not completed]
2019-07-16 15:41:19,982 INFO  impl.RaftServerProxy (RaftServerProxy.java:addNew(89)) - bc6d3eca-a563-4611-a7d6-3473bb87d697: addNew group-FD16606C79B4:[bd7a86f3-0120-41ac-839d-e07433dd6dc7:192.168.69.88:44304, 8e01f55d-2d91-4239-a1ac-cab51f2f2414:192.168.69.88:38465, bc6d3eca-a563-4611-a7d6-3473bb87d697:192.168.69.88:42525] returns group-FD16606C79B4:java.util.concurrent.CompletableFuture@4d2e8324[Not completed]
2019-07-16 15:41:19,984 INFO  impl.RaftServerImpl (RaftServerImpl.java:<init>(93)) - bd7a86f3-0120-41ac-839d-e07433dd6dc7: new RaftServerImpl for group-FD16606C79B4:[bd7a86f3-0120-41ac-839d-e07433dd6dc7:192.168.69.88:44304, 8e01f55d-2d91-4239-a1ac-cab51f2f2414:192.168.69.88:38465, bc6d3eca-a563-4611-a7d6-3473bb87d697:192.168.69.88:42525] with ContainerStateMachine:uninitialized
2019-07-16 15:41:19,984 INFO  server.RaftServerConfigKeys (ConfUtils.java:logGet(43)) - raft.server.rpc.timeout.min = 5s (custom)
2019-07-16 15:41:19,984 INFO  server.RaftServerConfigKeys (ConfUtils.java:logGet(43)) - raft.server.rpc.timeout.max = 5200ms (custom)
2019-07-16 15:41:19,984 INFO  impl.RaftServerImpl (RaftServerImpl.java:<init>(93)) - bc6d3eca-a563-4611-a7d6-3473bb87d697: new RaftServerImpl for group-FD16606C79B4:[bd7a86f3-0120-41ac-839d-e07433dd6dc7:192.168.69.88:44304, 8e01f55d-2d91-4239-a1ac-cab51f2f2414:192.168.69.88:38465, bc6d3eca-a563-4611-a7d6-3473bb87d697:192.168.69.88:42525] with ContainerStateMachine:uninitialized
2019-07-16 15:41:19,984 INFO  server.RaftServerConfigKeys (ConfUtils.java:logGet(43)) - raft.server.rpcslowness.timeout = 120s (custom)
2019-07-16 15:41:19,984 INFO  server.RaftServerConfigKeys (ConfUtils.java:logGet(43)) - raft.server.rpc.timeout.min = 5s (custom)
2019-07-16 15:41:19,984 INFO  impl.RaftServerImpl (RaftServerImpl.java:<init>(93)) - 8e01f55d-2d91-4239-a1ac-cab51f2f2414: new RaftServerImpl for group-FD16606C79B4:[bd7a86f3-0120-41ac-839d-e07433dd6dc7:192.168.69.88:44304, 8e01f55d-2d91-4239-a1ac-cab51f2f2414:192.168.69.88:38465, bc6d3eca-a563-4611-a7d6-3473bb87d697:192.168.69.88:42525] with ContainerStateMachine:uninitialized
2019-07-16 15:41:19,984 INFO  server.RaftServerConfigKeys (ConfUtils.java:logGet(43)) - raft.server.sleep.deviation.threshold = 300 (default)
2019-07-16 15:41:19,985 INFO  server.RaftServerConfigKeys (ConfUtils.java:logGet(43)) - raft.server.rpc.timeout.min = 5s (custom)
2019-07-16 15:41:19,984 INFO  server.RaftServerConfigKeys (ConfUtils.java:logGet(43)) - raft.server.rpc.timeout.max = 5200ms (custom)
2019-07-16 15:41:19,985 INFO  server.RaftServerConfigKeys (ConfUtils.java:logGet(43)) - raft.server.rpc.timeout.max = 5200ms (custom)
2019-07-16 15:41:19,985 INFO  server.RaftServerConfigKeys (ConfUtils.java:logGet(43)) - raft.server.log.appender.install.snapshot.enabled = false (custom)
2019-07-16 15:41:19,985 INFO  server.RaftServerConfigKeys (ConfUtils.java:logGet(43)) - raft.server.rpcslowness.timeout = 120s (custom)
2019-07-16 15:41:19,986 INFO  server.RaftServerConfigKeys (ConfUtils.java:logGet(43)) - raft.server.sleep.deviation.threshold = 300 (default)
2019-07-16 15:41:19,985 INFO  server.RaftServerConfigKeys (ConfUtils.java:logGet(43)) - raft.server.rpcslowness.timeout = 120s (custom)
2019-07-16 15:41:19,986 INFO  server.RaftServerConfigKeys (ConfUtils.java:logGet(43)) - raft.server.log.appender.install.snapshot.enabled = false (custom)
2019-07-16 15:41:19,985 INFO  impl.RaftServerImpl (ServerState.java:<init>(105)) - bd7a86f3-0120-41ac-839d-e07433dd6dc7:group-FD16606C79B4 ConfigurationManager, init=-1: [bd7a86f3-0120-41ac-839d-e07433dd6dc7:192.168.69.88:44304, 8e01f55d-2d91-4239-a1ac-cab51f2f2414:192.168.69.88:38465, bc6d3eca-a563-4611-a7d6-3473bb87d697:192.168.69.88:42525], old=null, confs=<EMPTY_MAP>
2019-07-16 15:41:19,986 INFO  impl.RaftServerImpl (ServerState.java:<init>(105)) - 8e01f55d-2d91-4239-a1ac-cab51f2f2414:group-FD16606C79B4 ConfigurationManager, init=-1: [bd7a86f3-0120-41ac-839d-e07433dd6dc7:192.168.69.88:44304, 8e01f55d-2d91-4239-a1ac-cab51f2f2414:192.168.69.88:38465, bc6d3eca-a563-4611-a7d6-3473bb87d697:192.168.69.88:42525], old=null, confs=<EMPTY_MAP>
2019-07-16 15:41:19,986 INFO  server.RaftServerConfigKeys (ConfUtils.java:logGet(43)) - raft.server.sleep.deviation.threshold = 300 (default)
2019-07-16 15:41:19,986 INFO  server.RaftServerConfigKeys (ConfUtils.java:logGet(43)) - raft.server.storage.dir = [/workdir/hadoop-ozone/integration-test/target/test-dir/MiniOzoneClusterImpl-c63d3b4f-5676-42d9-a01a-77c7ca3a5d27/datanode-3/data/ratis] (custom)
2019-07-16 15:41:19,986 INFO  server.RaftServerConfigKeys (ConfUtils.java:logGet(43)) - raft.server.storage.dir = [/workdir/hadoop-ozone/integration-test/target/test-dir/MiniOzoneClusterImpl-c63d3b4f-5676-42d9-a01a-77c7ca3a5d27/datanode-5/data/ratis] (custom)
2019-07-16 15:41:19,986 INFO  server.RaftServerConfigKeys (ConfUtils.java:logGet(43)) - raft.server.log.appender.install.snapshot.enabled = false (custom)
2019-07-16 15:41:19,987 INFO  storage.RaftStorageDirectory (RaftStorageDirectory.java:analyzeStorage(246)) - The storage directory /workdir/hadoop-ozone/integration-test/target/test-dir/MiniOzoneClusterImpl-c63d3b4f-5676-42d9-a01a-77c7ca3a5d27/datanode-3/data/ratis/fda325b2-ba48-4adb-85b7-fd16606c79b4 does not exist. Creating ...
2019-07-16 15:41:19,987 INFO  storage.RaftStorageDirectory (RaftStorageDirectory.java:analyzeStorage(246)) - The storage directory /workdir/hadoop-ozone/integration-test/target/test-dir/MiniOzoneClusterImpl-c63d3b4f-5676-42d9-a01a-77c7ca3a5d27/datanode-5/data/ratis/fda325b2-ba48-4adb-85b7-fd16606c79b4 does not exist. Creating ...
2019-07-16 15:41:19,987 INFO  impl.RaftServerImpl (ServerState.java:<init>(105)) - bc6d3eca-a563-4611-a7d6-3473bb87d697:group-FD16606C79B4 ConfigurationManager, init=-1: [bd7a86f3-0120-41ac-839d-e07433dd6dc7:192.168.69.88:44304, 8e01f55d-2d91-4239-a1ac-cab51f2f2414:192.168.69.88:38465, bc6d3eca-a563-4611-a7d6-3473bb87d697:192.168.69.88:42525], old=null, confs=<EMPTY_MAP>
2019-07-16 15:41:19,987 INFO  server.RaftServerConfigKeys (ConfUtils.java:logGet(43)) - raft.server.storage.dir = [/workdir/hadoop-ozone/integration-test/target/test-dir/MiniOzoneClusterImpl-c63d3b4f-5676-42d9-a01a-77c7ca3a5d27/datanode-4/data/ratis] (custom)
2019-07-16 15:41:19,988 INFO  storage.RaftStorageDirectory (RaftStorageDirectory.java:analyzeStorage(246)) - The storage directory /workdir/hadoop-ozone/integration-test/target/test-dir/MiniOzoneClusterImpl-c63d3b4f-5676-42d9-a01a-77c7ca3a5d27/datanode-4/data/ratis/fda325b2-ba48-4adb-85b7-fd16606c79b4 does not exist. Creating ...
2019-07-16 15:41:20,001 INFO  storage.RaftStorageDirectory (RaftStorageDirectory.java:tryLock(328)) - Lock on /workdir/hadoop-ozone/integration-test/target/test-dir/MiniOzoneClusterImpl-c63d3b4f-5676-42d9-a01a-77c7ca3a5d27/datanode-5/data/ratis/fda325b2-ba48-4adb-85b7-fd16606c79b4/in_use.lock acquired by nodename 18277@trunk-nightly-kgw5x-1882989438
2019-07-16 15:41:20,001 INFO  storage.RaftStorageDirectory (RaftStorageDirectory.java:tryLock(328)) - Lock on /workdir/hadoop-ozone/integration-test/target/test-dir/MiniOzoneClusterImpl-c63d3b4f-5676-42d9-a01a-77c7ca3a5d27/datanode-3/data/ratis/fda325b2-ba48-4adb-85b7-fd16606c79b4/in_use.lock acquired by nodename 18277@trunk-nightly-kgw5x-1882989438
2019-07-16 15:41:20,001 INFO  storage.RaftStorageDirectory (RaftStorageDirectory.java:tryLock(328)) - Lock on /workdir/hadoop-ozone/integration-test/target/test-dir/MiniOzoneClusterImpl-c63d3b4f-5676-42d9-a01a-77c7ca3a5d27/datanode-4/data/ratis/fda325b2-ba48-4adb-85b7-fd16606c79b4/in_use.lock acquired by nodename 18277@trunk-nightly-kgw5x-1882989438
2019-07-16 15:41:20,015 INFO  storage.RaftStorage (RaftStorage.java:format(72)) - Storage directory /workdir/hadoop-ozone/integration-test/target/test-dir/MiniOzoneClusterImpl-c63d3b4f-5676-42d9-a01a-77c7ca3a5d27/datanode-5/data/ratis/fda325b2-ba48-4adb-85b7-fd16606c79b4 has been successfully formatted.
2019-07-16 15:41:20,015 INFO  storage.RaftStorage (RaftStorage.java:format(72)) - Storage directory /workdir/hadoop-ozone/integration-test/target/test-dir/MiniOzoneClusterImpl-c63d3b4f-5676-42d9-a01a-77c7ca3a5d27/datanode-4/data/ratis/fda325b2-ba48-4adb-85b7-fd16606c79b4 has been successfully formatted.
2019-07-16 15:41:20,015 INFO  storage.RaftStorage (RaftStorage.java:format(72)) - Storage directory /workdir/hadoop-ozone/integration-test/target/test-dir/MiniOzoneClusterImpl-c63d3b4f-5676-42d9-a01a-77c7ca3a5d27/datanode-3/data/ratis/fda325b2-ba48-4adb-85b7-fd16606c79b4 has been successfully formatted.
2019-07-16 15:41:20,015 INFO  ratis.ContainerStateMachine (ContainerStateMachine.java:loadSnapshot(200)) - group-FD16606C79B4: The snapshot info is null. Setting the last applied indexto:(t:0, i:~)
2019-07-16 15:41:20,016 INFO  ratis.ContainerStateMachine (ContainerStateMachine.java:loadSnapshot(200)) - group-FD16606C79B4: The snapshot info is null. Setting the last applied indexto:(t:0, i:~)
2019-07-16 15:41:20,015 INFO  ratis.ContainerStateMachine (ContainerStateMachine.java:loadSnapshot(200)) - group-FD16606C79B4: The snapshot info is null. Setting the last applied indexto:(t:0, i:~)
2019-07-16 15:41:20,016 INFO  server.RaftServerConfigKeys (ConfUtils.java:logGet(43)) - raft.server.leader.election.timeout = 120s (custom)
2019-07-16 15:41:20,016 INFO  server.RaftServerConfigKeys (ConfUtils.java:logGet(43)) - raft.server.leader.election.timeout = 120s (custom)
2019-07-16 15:41:20,016 INFO  server.RaftServerConfigKeys (ConfUtils.java:logGet(43)) - raft.server.log.use.memory = false (default)
2019-07-16 15:41:20,016 INFO  server.RaftServerConfigKeys (ConfUtils.java:logGet(43)) - raft.server.leader.election.timeout = 120s (custom)
2019-07-16 15:41:20,016 INFO  server.RaftServerConfigKeys (ConfUtils.java:logGet(43)) - raft.server.log.purge.gap = 1000000000 (custom)
2019-07-16 15:41:20,016 INFO  server.RaftServerConfigKeys (ConfUtils.java:logGet(43)) - raft.server.log.use.memory = false (default)
2019-07-16 15:41:20,017 INFO  server.RaftServerConfigKeys (ConfUtils.java:logGet(43)) - raft.server.log.appender.buffer.byte-limit = 33554432 (custom)
2019-07-16 15:41:20,016 INFO  server.RaftServerConfigKeys (ConfUtils.java:logGet(43)) - raft.server.log.use.memory = false (default)
2019-07-16 15:41:20,017 INFO  server.RaftServerConfigKeys (ConfUtils.java:logGet(43)) - raft.server.log.segment.size.max = 1048576 (custom)
2019-07-16 15:41:20,017 INFO  server.RaftServerConfigKeys (ConfUtils.java:logGet(43)) - raft.server.log.purge.gap = 1000000000 (custom)
2019-07-16 15:41:20,017 INFO  server.RaftServerConfigKeys (ConfUtils.java:logGet(43)) - raft.server.log.segment.cache.num.max = 2 (custom)
2019-07-16 15:41:20,017 INFO  server.RaftServerConfigKeys (ConfUtils.java:logGet(43)) - raft.server.log.purge.gap = 1000000000 (custom)
2019-07-16 15:41:20,017 INFO  segmented.SegmentedRaftLogWorker (SegmentedRaftLogWorker.java:<init>(172)) - new 8e01f55d-2d91-4239-a1ac-cab51f2f2414-SegmentedRaftLogWorker:Storage Directory /workdir/hadoop-ozone/integration-test/target/test-dir/MiniOzoneClusterImpl-c63d3b4f-5676-42d9-a01a-77c7ca3a5d27/datanode-3/data/ratis/fda325b2-ba48-4adb-85b7-fd16606c79b4 for RaftStorage:Storage Directory /workdir/hadoop-ozone/integration-test/target/test-dir/MiniOzoneClusterImpl-c63d3b4f-5676-42d9-a01a-77c7ca3a5d27/datanode-3/data/ratis/fda325b2-ba48-4adb-85b7-fd16606c79b4
2019-07-16 15:41:20,017 INFO  server.RaftServerConfigKeys (ConfUtils.java:logGet(43)) - raft.server.log.appender.buffer.byte-limit = 33554432 (custom)
2019-07-16 15:41:20,018 INFO  server.RaftServerConfigKeys (ConfUtils.java:logGet(43)) - raft.server.log.queue.byte-limit = 2147483647 (custom)
2019-07-16 15:41:20,018 INFO  server.RaftServerConfigKeys (ConfUtils.java:logGet(43)) - raft.server.log.appender.buffer.byte-limit = 33554432 (custom)
2019-07-16 15:41:20,018 INFO  server.RaftServerConfigKeys (ConfUtils.java:logGet(43)) - raft.server.log.queue.element-limit = 1024 (custom)
2019-07-16 15:41:20,018 INFO  server.RaftServerConfigKeys (ConfUtils.java:logGet(43)) - raft.server.log.segment.size.max = 1048576 (custom)
2019-07-16 15:41:20,018 INFO  server.RaftServerConfigKeys (ConfUtils.java:logGet(43)) - raft.server.log.segment.size.max = 1048576 (custom)
2019-07-16 15:41:20,018 INFO  server.RaftServerConfigKeys (ConfUtils.java:logGet(43)) - raft.server.log.preallocated.size = 16384 (custom)
2019-07-16 15:41:20,018 INFO  server.RaftServerConfigKeys (ConfUtils.java:logGet(43)) - raft.server.log.segment.size.max = 1048576 (custom)
2019-07-16 15:41:20,019 INFO  server.RaftServerConfigKeys (ConfUtils.java:logGet(43)) - raft.server.log.write.buffer.size = 33554432 (custom)
2019-07-16 15:41:20,018 INFO  server.RaftServerConfigKeys (ConfUtils.java:logGet(43)) - raft.server.log.segment.cache.num.max = 2 (custom)
2019-07-16 15:41:20,019 INFO  server.RaftServerConfigKeys (ConfUtils.java:logGet(43)) - raft.server.log.force.sync.num = 128 (default)
2019-07-16 15:41:20,019 INFO  server.RaftServerConfigKeys (ConfUtils.java:logGet(43)) - raft.server.log.segment.cache.num.max = 2 (custom)
2019-07-16 15:41:20,019 INFO  server.RaftServerConfigKeys (ConfUtils.java:logGet(43)) - raft.server.log.statemachine.data.sync = true (default)
2019-07-16 15:41:20,019 INFO  segmented.SegmentedRaftLogWorker (SegmentedRaftLogWorker.java:<init>(172)) - new bd7a86f3-0120-41ac-839d-e07433dd6dc7-SegmentedRaftLogWorker:Storage Directory /workdir/hadoop-ozone/integration-test/target/test-dir/MiniOzoneClusterImpl-c63d3b4f-5676-42d9-a01a-77c7ca3a5d27/datanode-5/data/ratis/fda325b2-ba48-4adb-85b7-fd16606c79b4 for RaftStorage:Storage Directory /workdir/hadoop-ozone/integration-test/target/test-dir/MiniOzoneClusterImpl-c63d3b4f-5676-42d9-a01a-77c7ca3a5d27/datanode-5/data/ratis/fda325b2-ba48-4adb-85b7-fd16606c79b4
2019-07-16 15:41:20,020 INFO  server.RaftServerConfigKeys (ConfUtils.java:logGet(43)) - raft.server.log.statemachine.data.sync.timeout = 10s (default)
2019-07-16 15:41:20,019 INFO  segmented.SegmentedRaftLogWorker (SegmentedRaftLogWorker.java:<init>(172)) - new bc6d3eca-a563-4611-a7d6-3473bb87d697-SegmentedRaftLogWorker:Storage Directory /workdir/hadoop-ozone/integration-test/target/test-dir/MiniOzoneClusterImpl-c63d3b4f-5676-42d9-a01a-77c7ca3a5d27/datanode-4/data/ratis/fda325b2-ba48-4adb-85b7-fd16606c79b4 for RaftStorage:Storage Directory /workdir/hadoop-ozone/integration-test/target/test-dir/MiniOzoneClusterImpl-c63d3b4f-5676-42d9-a01a-77c7ca3a5d27/datanode-4/data/ratis/fda325b2-ba48-4adb-85b7-fd16606c79b4
2019-07-16 15:41:20,020 INFO  server.RaftServerConfigKeys (ConfUtils.java:logGet(43)) - raft.server.log.statemachine.data.sync.timeout.retry = -1 (default)
2019-07-16 15:41:20,020 INFO  server.RaftServerConfigKeys (ConfUtils.java:logGet(43)) - raft.server.log.queue.byte-limit = 2147483647 (custom)
2019-07-16 15:41:20,020 INFO  server.RaftServerConfigKeys (ConfUtils.java:logGet(43)) - raft.server.log.statemachine.data.caching.enabled = true (custom)
2019-07-16 15:41:20,020 INFO  server.RaftServerConfigKeys (ConfUtils.java:logGet(43)) - raft.server.log.queue.byte-limit = 2147483647 (custom)
2019-07-16 15:41:20,020 INFO  server.RaftServerConfigKeys (ConfUtils.java:logGet(43)) - raft.server.log.queue.element-limit = 1024 (custom)
2019-07-16 15:41:20,021 INFO  server.RaftServerConfigKeys (ConfUtils.java:logGet(43)) - raft.server.log.queue.element-limit = 1024 (custom)
2019-07-16 15:41:20,021 INFO  segmented.SegmentedRaftLogWorker (SegmentedRaftLogWorker.java:lambda$new$0(132)) - 8e01f55d-2d91-4239-a1ac-cab51f2f2414-SegmentedRaftLogWorker:Storage Directory /workdir/hadoop-ozone/integration-test/target/test-dir/MiniOzoneClusterImpl-c63d3b4f-5676-42d9-a01a-77c7ca3a5d27/datanode-3/data/ratis/fda325b2-ba48-4adb-85b7-fd16606c79b4: flushIndex: setUnconditionally 0 -> -1
2019-07-16 15:41:20,021 INFO  server.RaftServerConfigKeys (ConfUtils.java:logGet(43)) - raft.server.log.segment.size.max = 1048576 (custom)
2019-07-16 15:41:20,021 INFO  server.RaftServerConfigKeys (ConfUtils.java:logGet(43)) - raft.server.log.segment.size.max = 1048576 (custom)
2019-07-16 15:41:20,021 INFO  server.RaftServerConfigKeys (ConfUtils.java:logGet(43)) - raft.server.snapshot.auto.trigger.enabled = true (custom)
2019-07-16 15:41:20,021 INFO  server.RaftServerConfigKeys (ConfUtils.java:logGet(43)) - raft.server.log.preallocated.size = 16384 (custom)
2019-07-16 15:41:20,021 INFO  server.RaftServerConfigKeys (ConfUtils.java:logGet(43)) - raft.server.snapshot.auto.trigger.threshold = 10000 (custom)
2019-07-16 15:41:20,021 INFO  server.RaftServerConfigKeys (ConfUtils.java:logGet(43)) - raft.server.log.preallocated.size = 16384 (custom)
2019-07-16 15:41:20,022 INFO  server.RaftServerConfigKeys (ConfUtils.java:logGet(43)) - raft.server.retrycache.expirytime = 600000ms (custom)
2019-07-16 15:41:20,022 INFO  server.RaftServerConfigKeys (ConfUtils.java:logGet(43)) - raft.server.log.write.buffer.size = 33554432 (custom)
2019-07-16 15:41:20,022 INFO  impl.RaftServerImpl (RaftServerImpl.java:start(180)) - 8e01f55d-2d91-4239-a1ac-cab51f2f2414: start group-FD16606C79B4
2019-07-16 15:41:20,022 INFO  server.RaftServerConfigKeys (ConfUtils.java:logGet(43)) - raft.server.log.write.buffer.size = 33554432 (custom)
2019-07-16 15:41:20,022 INFO  impl.RaftServerImpl (RaftServerImpl.java:setRole(171)) - 8e01f55d-2d91-4239-a1ac-cab51f2f2414:group-FD16606C79B4 changes role from null to FOLLOWER at term 0 for startAsFollower
2019-07-16 15:41:20,022 INFO  server.RaftServerConfigKeys (ConfUtils.java:logGet(43)) - raft.server.log.force.sync.num = 128 (default)
2019-07-16 15:41:20,023 INFO  impl.RoleInfo (RoleInfo.java:updateAndGet(143)) - 8e01f55d-2d91-4239-a1ac-cab51f2f2414: start FollowerState
2019-07-16 15:41:20,022 INFO  server.RaftServerConfigKeys (ConfUtils.java:logGet(43)) - raft.server.log.force.sync.num = 128 (default)
2019-07-16 15:41:20,023 INFO  server.RaftServerConfigKeys (ConfUtils.java:logGet(43)) - raft.server.log.statemachine.data.sync = true (default)
2019-07-16 15:41:20,023 INFO  server.RaftServerConfigKeys (ConfUtils.java:logGet(43)) - raft.server.log.statemachine.data.sync = true (default)
2019-07-16 15:41:20,023 INFO  node.SCMNodeManager (SCMNodeManager.java:register(269)) - Registered Data node : c4d38425-d0a6-411b-b1ec-c66c070bc26a{ip: 192.168.69.88, host: trunk-nightly-kgw5x-1882989438, networkLocation: /default-rack, certSerialId: null}
2019-07-16 15:41:20,023 INFO  server.RaftServerConfigKeys (ConfUtils.java:logGet(43)) - raft.server.log.statemachine.data.sync.timeout = 10s (default)
2019-07-16 15:41:20,023 INFO  util.JmxRegister (JmxRegister.java:tryRegister(44)) - Successfully registered JMX Bean with object name Ratis:service=RaftServer,group=group-FD16606C79B4,id=8e01f55d-2d91-4239-a1ac-cab51f2f2414
2019-07-16 15:41:20,024 INFO  server.RaftServerConfigKeys (ConfUtils.java:logGet(43)) - raft.server.log.statemachine.data.sync.timeout.retry = -1 (default)
2019-07-16 15:41:20,023 INFO  ozone.MiniOzoneClusterImpl (MiniOzoneClusterImpl.java:lambda$waitForClusterToBeReady$0(142)) - Cluster is ready. Got 7 of 7 DN Heartbeats.
2019-07-16 15:41:20,023 INFO  server.RaftServerConfigKeys (ConfUtils.java:logGet(43)) - raft.server.log.statemachine.data.sync.timeout = 10s (default)
2019-07-16 15:41:20,024 INFO  server.RaftServerConfigKeys (ConfUtils.java:logGet(43)) - raft.server.log.statemachine.data.caching.enabled = true (custom)
2019-07-16 15:41:20,025 INFO  server.RaftServerConfigKeys (ConfUtils.java:logGet(43)) - raft.server.log.statemachine.data.sync.timeout.retry = -1 (default)
2019-07-16 15:41:20,025 INFO  segmented.SegmentedRaftLogWorker (SegmentedRaftLogWorker.java:lambda$new$0(132)) - bc6d3eca-a563-4611-a7d6-3473bb87d697-SegmentedRaftLogWorker:Storage Directory /workdir/hadoop-ozone/integration-test/target/test-dir/MiniOzoneClusterImpl-c63d3b4f-5676-42d9-a01a-77c7ca3a5d27/datanode-4/data/ratis/fda325b2-ba48-4adb-85b7-fd16606c79b4: flushIndex: setUnconditionally 0 -> -1
2019-07-16 15:41:20,027 INFO  server.RaftServerConfigKeys (ConfUtils.java:logGet(43)) - raft.server.log.statemachine.data.caching.enabled = true (custom)
2019-07-16 15:41:20,028 INFO  server.RaftServerConfigKeys (ConfUtils.java:logGet(43)) - raft.server.snapshot.auto.trigger.enabled = true (custom)
2019-07-16 15:41:20,028 INFO  segmented.SegmentedRaftLogWorker (SegmentedRaftLogWorker.java:lambda$new$0(132)) - bd7a86f3-0120-41ac-839d-e07433dd6dc7-SegmentedRaftLogWorker:Storage Directory /workdir/hadoop-ozone/integration-test/target/test-dir/MiniOzoneClusterImpl-c63d3b4f-5676-42d9-a01a-77c7ca3a5d27/datanode-5/data/ratis/fda325b2-ba48-4adb-85b7-fd16606c79b4: flushIndex: setUnconditionally 0 -> -1
2019-07-16 15:41:20,028 INFO  server.RaftServerConfigKeys (ConfUtils.java:logGet(43)) - raft.server.snapshot.auto.trigger.threshold = 10000 (custom)
2019-07-16 15:41:20,028 INFO  server.RaftServerConfigKeys (ConfUtils.java:logGet(43)) - raft.server.retrycache.expirytime = 600000ms (custom)
2019-07-16 15:41:20,028 INFO  server.RaftServerConfigKeys (ConfUtils.java:logGet(43)) - raft.server.snapshot.auto.trigger.enabled = true (custom)
2019-07-16 15:41:20,029 INFO  impl.RaftServerImpl (RaftServerImpl.java:start(180)) - bc6d3eca-a563-4611-a7d6-3473bb87d697: start group-FD16606C79B4
2019-07-16 15:41:20,029 INFO  server.RaftServerConfigKeys (ConfUtils.java:logGet(43)) - raft.server.snapshot.auto.trigger.threshold = 10000 (custom)
2019-07-16 15:41:20,029 INFO  impl.RaftServerImpl (RaftServerImpl.java:setRole(171)) - bc6d3eca-a563-4611-a7d6-3473bb87d697:group-FD16606C79B4 changes role from null to FOLLOWER at term 0 for startAsFollower
2019-07-16 15:41:20,036 INFO  server.RaftServerConfigKeys (ConfUtils.java:logGet(43)) - raft.server.retrycache.expirytime = 600000ms (custom)
2019-07-16 15:41:20,036 INFO  impl.RoleInfo (RoleInfo.java:updateAndGet(143)) - bc6d3eca-a563-4611-a7d6-3473bb87d697: start FollowerState
2019-07-16 15:41:20,036 INFO  impl.RaftServerImpl (RaftServerImpl.java:start(180)) - bd7a86f3-0120-41ac-839d-e07433dd6dc7: start group-FD16606C79B4
2019-07-16 15:41:20,036 INFO  impl.RaftServerImpl (RaftServerImpl.java:setRole(171)) - bd7a86f3-0120-41ac-839d-e07433dd6dc7:group-FD16606C79B4 changes role from null to FOLLOWER at term 0 for startAsFollower
2019-07-16 15:41:20,037 INFO  impl.RoleInfo (RoleInfo.java:updateAndGet(143)) - bd7a86f3-0120-41ac-839d-e07433dd6dc7: start FollowerState
2019-07-16 15:41:20,037 INFO  util.JmxRegister (JmxRegister.java:tryRegister(44)) - Successfully registered JMX Bean with object name Ratis:service=RaftServer,group=group-FD16606C79B4,id=bc6d3eca-a563-4611-a7d6-3473bb87d697
2019-07-16 15:41:20,037 INFO  util.JmxRegister (JmxRegister.java:tryRegister(44)) - Successfully registered JMX Bean with object name Ratis:service=RaftServer,group=group-FD16606C79B4,id=bd7a86f3-0120-41ac-839d-e07433dd6dc7
2019-07-16 15:41:20,065 INFO  pipeline.PipelineStateManager (PipelineStateManager.java:addPipeline(56)) - Created pipeline Pipeline[ Id: fda325b2-ba48-4adb-85b7-fd16606c79b4, Nodes: bc6d3eca-a563-4611-a7d6-3473bb87d697{ip: 192.168.69.88, host: trunk-nightly-kgw5x-1882989438, networkLocation: /default-rack, certSerialId: null}8e01f55d-2d91-4239-a1ac-cab51f2f2414{ip: 192.168.69.88, host: trunk-nightly-kgw5x-1882989438, networkLocation: /default-rack, certSerialId: null}bd7a86f3-0120-41ac-839d-e07433dd6dc7{ip: 192.168.69.88, host: trunk-nightly-kgw5x-1882989438, networkLocation: /default-rack, certSerialId: null}, Type:RATIS, Factor:THREE, State:OPEN]
2019-07-16 15:41:20,070 INFO  rpc.RpcClient (RpcClient.java:createVolume(287)) - Creating Volume: testblockoutputstream, with jenkins1000 as owner.
2019-07-16 15:41:20,084 INFO  rpc.RpcClient (RpcClient.java:createBucket(424)) - Creating Bucket: testblockoutputstream/testblockoutputstream, with Versioning false and Storage Type set to DISK and Encryption set to false 
2019-07-16 15:41:20,110 INFO  client.GrpcClientProtocolClient (GrpcClientProtocolClient.java:onNext(255)) - client-8DE2CA139D9F->0eb04ce9-1058-4e4d-94ed-8d96a31c84bb: receive RaftClientReply:client-8DE2CA139D9F->0eb04ce9-1058-4e4d-94ed-8d96a31c84bb@group-ACF236F30308, cid=175, FAILED org.apache.ratis.protocol.NotLeaderException: Server 0eb04ce9-1058-4e4d-94ed-8d96a31c84bb is not the leader (null). Request must be sent to leader., logIndex=0, commits[0eb04ce9-1058-4e4d-94ed-8d96a31c84bb:c-1]
2019-07-16 15:41:21,131 INFO  client.GrpcClientProtocolClient (GrpcClientProtocolClient.java:onNext(255)) - client-8DE2CA139D9F->2e125096-a5e6-465f-8d6a-192e832ef6ee: receive RaftClientReply:client-8DE2CA139D9F->2e125096-a5e6-465f-8d6a-192e832ef6ee@group-ACF236F30308, cid=175, FAILED org.apache.ratis.protocol.NotLeaderException: Server 2e125096-a5e6-465f-8d6a-192e832ef6ee is not the leader (null). Request must be sent to leader., logIndex=0, commits[2e125096-a5e6-465f-8d6a-192e832ef6ee:c-1]
2019-07-16 15:41:21,869 INFO  container.ReplicationManager (ReplicationManager.java:start(155)) - Starting Replication Monitor Thread.
2019-07-16 15:41:21,873 INFO  container.ReplicationManager (ReplicationManager.java:run(207)) - Replication Monitor Thread took 0 milliseconds for processing 1 containers.
2019-07-16 15:41:22,141 INFO  client.GrpcClientProtocolClient (GrpcClientProtocolClient.java:onNext(255)) - client-8DE2CA139D9F->0eb04ce9-1058-4e4d-94ed-8d96a31c84bb: receive RaftClientReply:client-8DE2CA139D9F->0eb04ce9-1058-4e4d-94ed-8d96a31c84bb@group-ACF236F30308, cid=175, FAILED org.apache.ratis.protocol.NotLeaderException: Server 0eb04ce9-1058-4e4d-94ed-8d96a31c84bb is not the leader (null). Request must be sent to leader., logIndex=0, commits[0eb04ce9-1058-4e4d-94ed-8d96a31c84bb:c-1]
2019-07-16 15:41:23,153 INFO  client.GrpcClientProtocolClient (GrpcClientProtocolClient.java:onNext(255)) - client-8DE2CA139D9F->2e125096-a5e6-465f-8d6a-192e832ef6ee: receive RaftClientReply:client-8DE2CA139D9F->2e125096-a5e6-465f-8d6a-192e832ef6ee@group-ACF236F30308, cid=175, FAILED org.apache.ratis.protocol.NotLeaderException: Server 2e125096-a5e6-465f-8d6a-192e832ef6ee is not the leader (null). Request must be sent to leader., logIndex=0, commits[2e125096-a5e6-465f-8d6a-192e832ef6ee:c-1]
2019-07-16 15:41:24,015 INFO  impl.FollowerState (FollowerState.java:run(106)) - 0eb04ce9-1058-4e4d-94ed-8d96a31c84bb:group-53ECC1987DE2 changes to CANDIDATE, lastRpcTime:5098, electionTimeout:5098ms
2019-07-16 15:41:24,016 INFO  impl.RoleInfo (RoleInfo.java:shutdownFollowerState(121)) - 0eb04ce9-1058-4e4d-94ed-8d96a31c84bb: shutdown FollowerState
2019-07-16 15:41:24,016 INFO  impl.RaftServerImpl (RaftServerImpl.java:setRole(171)) - 0eb04ce9-1058-4e4d-94ed-8d96a31c84bb:group-53ECC1987DE2 changes role from FOLLOWER to CANDIDATE at term 0 for changeToCandidate
2019-07-16 15:41:24,016 INFO  impl.RoleInfo (RoleInfo.java:updateAndGet(143)) - 0eb04ce9-1058-4e4d-94ed-8d96a31c84bb: start LeaderElection
2019-07-16 15:41:24,041 INFO  impl.LeaderElection (LeaderElection.java:askForVotes(181)) - 0eb04ce9-1058-4e4d-94ed-8d96a31c84bb:group-53ECC1987DE2:LeaderElection71: begin an election at term 1 for -1: [0eb04ce9-1058-4e4d-94ed-8d96a31c84bb:192.168.69.88:42184], old=null
2019-07-16 15:41:24,041 INFO  impl.RoleInfo (RoleInfo.java:shutdownLeaderElection(134)) - 0eb04ce9-1058-4e4d-94ed-8d96a31c84bb: shutdown LeaderElection
2019-07-16 15:41:24,041 INFO  impl.RaftServerImpl (RaftServerImpl.java:setRole(171)) - 0eb04ce9-1058-4e4d-94ed-8d96a31c84bb:group-53ECC1987DE2 changes role from CANDIDATE to LEADER at term 1 for changeToLeader
2019-07-16 15:41:24,041 INFO  impl.RaftServerImpl (ServerState.java:setLeader(263)) - 0eb04ce9-1058-4e4d-94ed-8d96a31c84bb:group-53ECC1987DE2 change Leader from null to 0eb04ce9-1058-4e4d-94ed-8d96a31c84bb at term 1 for becomeLeader, leader elected after 5129ms
2019-07-16 15:41:24,043 INFO  server.RaftServerConfigKeys (ConfUtils.java:logGet(43)) - raft.server.staging.catchup.gap = 1000 (default)
2019-07-16 15:41:24,044 INFO  server.RaftServerConfigKeys (ConfUtils.java:logGet(43)) - raft.server.rpc.sleep.time = 25ms (default)
2019-07-16 15:41:24,044 INFO  server.RaftServerConfigKeys (ConfUtils.java:logGet(43)) - raft.server.write.element-limit = 4096 (default)
2019-07-16 15:41:24,044 INFO  server.RaftServerConfigKeys (ConfUtils.java:logGet(43)) - raft.server.watch.timeout = 10s (default)
2019-07-16 15:41:24,044 INFO  server.RaftServerConfigKeys (ConfUtils.java:logGet(43)) - raft.server.watch.timeout.denomination = 1s (default)
2019-07-16 15:41:24,044 INFO  server.RaftServerConfigKeys (ConfUtils.java:logGet(43)) - raft.server.watch.element-limit = 65536 (default)
2019-07-16 15:41:24,045 INFO  impl.RoleInfo (RoleInfo.java:updateAndGet(143)) - 0eb04ce9-1058-4e4d-94ed-8d96a31c84bb: start LeaderState
2019-07-16 15:41:24,045 INFO  segmented.SegmentedRaftLogWorker (SegmentedRaftLogWorker.java:startLogSegment(380)) - 0eb04ce9-1058-4e4d-94ed-8d96a31c84bb-SegmentedRaftLogWorker:Storage Directory /workdir/hadoop-ozone/integration-test/target/test-dir/MiniOzoneClusterImpl-c63d3b4f-5676-42d9-a01a-77c7ca3a5d27/datanode-0/data/ratis/dcb96188-cb0c-4ccf-87a0-53ecc1987de2: Starting segment from index:0
2019-07-16 15:41:24,046 INFO  impl.RaftServerImpl (ServerState.java:setRaftConf(361)) - 0eb04ce9-1058-4e4d-94ed-8d96a31c84bb:group-53ECC1987DE2 set configuration 0: [0eb04ce9-1058-4e4d-94ed-8d96a31c84bb:192.168.69.88:42184], old=null at 0
2019-07-16 15:41:24,065 INFO  segmented.SegmentedRaftLogWorker (SegmentedRaftLogWorker.java:execute(569)) - 0eb04ce9-1058-4e4d-94ed-8d96a31c84bb-SegmentedRaftLogWorker:Storage Directory /workdir/hadoop-ozone/integration-test/target/test-dir/MiniOzoneClusterImpl-c63d3b4f-5676-42d9-a01a-77c7ca3a5d27/datanode-0/data/ratis/dcb96188-cb0c-4ccf-87a0-53ecc1987de2: created new log segment /workdir/hadoop-ozone/integration-test/target/test-dir/MiniOzoneClusterImpl-c63d3b4f-5676-42d9-a01a-77c7ca3a5d27/datanode-0/data/ratis/dcb96188-cb0c-4ccf-87a0-53ecc1987de2/current/log_inprogress_0
2019-07-16 15:41:24,076 INFO  impl.FollowerState (FollowerState.java:run(106)) - ec28991f-41af-4bab-b94e-cc6842716d21:group-4E1D22B37395 changes to CANDIDATE, lastRpcTime:5024, electionTimeout:5024ms
2019-07-16 15:41:24,076 INFO  impl.RoleInfo (RoleInfo.java:shutdownFollowerState(121)) - ec28991f-41af-4bab-b94e-cc6842716d21: shutdown FollowerState
2019-07-16 15:41:24,076 INFO  impl.RaftServerImpl (RaftServerImpl.java:setRole(171)) - ec28991f-41af-4bab-b94e-cc6842716d21:group-4E1D22B37395 changes role from FOLLOWER to CANDIDATE at term 0 for changeToCandidate
2019-07-16 15:41:24,076 INFO  impl.RoleInfo (RoleInfo.java:updateAndGet(143)) - ec28991f-41af-4bab-b94e-cc6842716d21: start LeaderElection
2019-07-16 15:41:24,088 INFO  impl.LeaderElection (LeaderElection.java:askForVotes(181)) - ec28991f-41af-4bab-b94e-cc6842716d21:group-4E1D22B37395:LeaderElection72: begin an election at term 1 for -1: [ec28991f-41af-4bab-b94e-cc6842716d21:192.168.69.88:45993], old=null
2019-07-16 15:41:24,089 INFO  impl.RoleInfo (RoleInfo.java:shutdownLeaderElection(134)) - ec28991f-41af-4bab-b94e-cc6842716d21: shutdown LeaderElection
2019-07-16 15:41:24,089 INFO  impl.RaftServerImpl (RaftServerImpl.java:setRole(171)) - ec28991f-41af-4bab-b94e-cc6842716d21:group-4E1D22B37395 changes role from CANDIDATE to LEADER at term 1 for changeToLeader
2019-07-16 15:41:24,089 INFO  impl.RaftServerImpl (ServerState.java:setLeader(263)) - ec28991f-41af-4bab-b94e-cc6842716d21:group-4E1D22B37395 change Leader from null to ec28991f-41af-4bab-b94e-cc6842716d21 at term 1 for becomeLeader, leader elected after 5041ms
2019-07-16 15:41:24,091 INFO  server.RaftServerConfigKeys (ConfUtils.java:logGet(43)) - raft.server.staging.catchup.gap = 1000 (default)
2019-07-16 15:41:24,091 INFO  server.RaftServerConfigKeys (ConfUtils.java:logGet(43)) - raft.server.rpc.sleep.time = 25ms (default)
2019-07-16 15:41:24,092 INFO  server.RaftServerConfigKeys (ConfUtils.java:logGet(43)) - raft.server.write.element-limit = 4096 (default)
2019-07-16 15:41:24,092 INFO  server.RaftServerConfigKeys (ConfUtils.java:logGet(43)) - raft.server.watch.timeout = 10s (default)
2019-07-16 15:41:24,092 INFO  server.RaftServerConfigKeys (ConfUtils.java:logGet(43)) - raft.server.watch.timeout.denomination = 1s (default)
2019-07-16 15:41:24,092 INFO  server.RaftServerConfigKeys (ConfUtils.java:logGet(43)) - raft.server.watch.element-limit = 65536 (default)
2019-07-16 15:41:24,092 INFO  impl.RoleInfo (RoleInfo.java:updateAndGet(143)) - ec28991f-41af-4bab-b94e-cc6842716d21: start LeaderState
2019-07-16 15:41:24,092 INFO  segmented.SegmentedRaftLogWorker (SegmentedRaftLogWorker.java:startLogSegment(380)) - ec28991f-41af-4bab-b94e-cc6842716d21-SegmentedRaftLogWorker:Storage Directory /workdir/hadoop-ozone/integration-test/target/test-dir/MiniOzoneClusterImpl-c63d3b4f-5676-42d9-a01a-77c7ca3a5d27/datanode-1/data/ratis/21fd405f-fa41-4021-a578-4e1d22b37395: Starting segment from index:0
2019-07-16 15:41:24,093 INFO  impl.RaftServerImpl (ServerState.java:setRaftConf(361)) - ec28991f-41af-4bab-b94e-cc6842716d21:group-4E1D22B37395 set configuration 0: [ec28991f-41af-4bab-b94e-cc6842716d21:192.168.69.88:45993], old=null at 0
2019-07-16 15:41:24,111 INFO  segmented.SegmentedRaftLogWorker (SegmentedRaftLogWorker.java:execute(569)) - ec28991f-41af-4bab-b94e-cc6842716d21-SegmentedRaftLogWorker:Storage Directory /workdir/hadoop-ozone/integration-test/target/test-dir/MiniOzoneClusterImpl-c63d3b4f-5676-42d9-a01a-77c7ca3a5d27/datanode-1/data/ratis/21fd405f-fa41-4021-a578-4e1d22b37395: created new log segment /workdir/hadoop-ozone/integration-test/target/test-dir/MiniOzoneClusterImpl-c63d3b4f-5676-42d9-a01a-77c7ca3a5d27/datanode-1/data/ratis/21fd405f-fa41-4021-a578-4e1d22b37395/current/log_inprogress_0
2019-07-16 15:41:24,169 INFO  client.GrpcClientProtocolClient (GrpcClientProtocolClient.java:onNext(255)) - client-8DE2CA139D9F->ec28991f-41af-4bab-b94e-cc6842716d21: receive RaftClientReply:client-8DE2CA139D9F->ec28991f-41af-4bab-b94e-cc6842716d21@group-ACF236F30308, cid=175, FAILED org.apache.ratis.protocol.NotLeaderException: Server ec28991f-41af-4bab-b94e-cc6842716d21 is not the leader (null). Request must be sent to leader., logIndex=0, commits[ec28991f-41af-4bab-b94e-cc6842716d21:c-1]
2019-07-16 15:41:24,305 INFO  impl.FollowerState (FollowerState.java:run(106)) - ec28991f-41af-4bab-b94e-cc6842716d21:group-ACF236F30308 changes to CANDIDATE, lastRpcTime:5039, electionTimeout:5037ms
2019-07-16 15:41:24,305 INFO  impl.RoleInfo (RoleInfo.java:shutdownFollowerState(121)) - ec28991f-41af-4bab-b94e-cc6842716d21: shutdown FollowerState
2019-07-16 15:41:24,305 INFO  impl.RaftServerImpl (RaftServerImpl.java:setRole(171)) - ec28991f-41af-4bab-b94e-cc6842716d21:group-ACF236F30308 changes role from FOLLOWER to CANDIDATE at term 0 for changeToCandidate
2019-07-16 15:41:24,305 INFO  impl.RoleInfo (RoleInfo.java:updateAndGet(143)) - ec28991f-41af-4bab-b94e-cc6842716d21: start LeaderElection
2019-07-16 15:41:24,324 INFO  impl.LeaderElection (LeaderElection.java:askForVotes(181)) - ec28991f-41af-4bab-b94e-cc6842716d21:group-ACF236F30308:LeaderElection73: begin an election at term 1 for -1: [0eb04ce9-1058-4e4d-94ed-8d96a31c84bb:192.168.69.88:42184, 2e125096-a5e6-465f-8d6a-192e832ef6ee:192.168.69.88:45462, ec28991f-41af-4bab-b94e-cc6842716d21:192.168.69.88:45993], old=null
2019-07-16 15:41:24,328 INFO  impl.RaftServerImpl (RaftServerImpl.java:setRole(171)) - 2e125096-a5e6-465f-8d6a-192e832ef6ee:group-ACF236F30308 changes role from FOLLOWER to FOLLOWER at term 1 for recognizeCandidate:ec28991f-41af-4bab-b94e-cc6842716d21
2019-07-16 15:41:24,328 INFO  impl.RaftServerImpl (RaftServerImpl.java:setRole(171)) - 0eb04ce9-1058-4e4d-94ed-8d96a31c84bb:group-ACF236F30308 changes role from FOLLOWER to FOLLOWER at term 1 for recognizeCandidate:ec28991f-41af-4bab-b94e-cc6842716d21
2019-07-16 15:41:24,328 INFO  impl.RoleInfo (RoleInfo.java:shutdownFollowerState(121)) - 2e125096-a5e6-465f-8d6a-192e832ef6ee: shutdown FollowerState
2019-07-16 15:41:24,328 INFO  impl.RoleInfo (RoleInfo.java:shutdownFollowerState(121)) - 0eb04ce9-1058-4e4d-94ed-8d96a31c84bb: shutdown FollowerState
2019-07-16 15:41:24,329 INFO  impl.FollowerState (FollowerState.java:run(114)) - 2e125096-a5e6-465f-8d6a-192e832ef6ee: FollowerState was interrupted: java.lang.InterruptedException: sleep interrupted
2019-07-16 15:41:24,329 INFO  impl.RoleInfo (RoleInfo.java:updateAndGet(143)) - 2e125096-a5e6-465f-8d6a-192e832ef6ee: start FollowerState
2019-07-16 15:41:24,329 INFO  impl.FollowerState (FollowerState.java:run(114)) - 0eb04ce9-1058-4e4d-94ed-8d96a31c84bb: FollowerState was interrupted: java.lang.InterruptedException: sleep interrupted
2019-07-16 15:41:24,329 INFO  impl.RoleInfo (RoleInfo.java:updateAndGet(143)) - 0eb04ce9-1058-4e4d-94ed-8d96a31c84bb: start FollowerState
2019-07-16 15:41:24,351 INFO  impl.LeaderElection (LeaderElection.java:logAndReturn(56)) - ec28991f-41af-4bab-b94e-cc6842716d21:group-ACF236F30308:LeaderElection73: Election PASSED; received 1 response(s) [ec28991f-41af-4bab-b94e-cc6842716d21<-0eb04ce9-1058-4e4d-94ed-8d96a31c84bb#0:OK-t1] and 0 exception(s); ec28991f-41af-4bab-b94e-cc6842716d21:t1, leader=null, voted=ec28991f-41af-4bab-b94e-cc6842716d21, raftlog=ec28991f-41af-4bab-b94e-cc6842716d21-SegmentedRaftLog:OPENED:c-1,f-1,i0, conf=-1: [0eb04ce9-1058-4e4d-94ed-8d96a31c84bb:192.168.69.88:42184, 2e125096-a5e6-465f-8d6a-192e832ef6ee:192.168.69.88:45462, ec28991f-41af-4bab-b94e-cc6842716d21:192.168.69.88:45993], old=null
2019-07-16 15:41:24,351 INFO  impl.RoleInfo (RoleInfo.java:shutdownLeaderElection(134)) - ec28991f-41af-4bab-b94e-cc6842716d21: shutdown LeaderElection
2019-07-16 15:41:24,351 INFO  impl.RaftServerImpl (RaftServerImpl.java:setRole(171)) - ec28991f-41af-4bab-b94e-cc6842716d21:group-ACF236F30308 changes role from CANDIDATE to LEADER at term 1 for changeToLeader
2019-07-16 15:41:24,351 INFO  impl.RaftServerImpl (ServerState.java:setLeader(263)) - ec28991f-41af-4bab-b94e-cc6842716d21:group-ACF236F30308 change Leader from null to ec28991f-41af-4bab-b94e-cc6842716d21 at term 1 for becomeLeader, leader elected after 5101ms
2019-07-16 15:41:24,351 INFO  server.RaftServerConfigKeys (ConfUtils.java:logGet(43)) - raft.server.staging.catchup.gap = 1000 (default)
2019-07-16 15:41:24,351 INFO  server.RaftServerConfigKeys (ConfUtils.java:logGet(43)) - raft.server.rpc.sleep.time = 25ms (default)
2019-07-16 15:41:24,352 INFO  server.RaftServerConfigKeys (ConfUtils.java:logGet(43)) - raft.server.write.element-limit = 4096 (default)
2019-07-16 15:41:24,352 INFO  server.RaftServerConfigKeys (ConfUtils.java:logGet(43)) - raft.server.watch.timeout = 10s (default)
2019-07-16 15:41:24,352 INFO  server.RaftServerConfigKeys (ConfUtils.java:logGet(43)) - raft.server.watch.timeout.denomination = 1s (default)
2019-07-16 15:41:24,352 INFO  server.RaftServerConfigKeys (ConfUtils.java:logGet(43)) - raft.server.watch.element-limit = 65536 (default)
2019-07-16 15:41:24,352 INFO  server.RaftServerConfigKeys (ConfUtils.java:logGet(43)) - raft.server.log.appender.snapshot.chunk.size.max = 16MB (=16777216) (default)
2019-07-16 15:41:24,353 INFO  server.RaftServerConfigKeys (ConfUtils.java:logGet(43)) - raft.server.log.appender.buffer.byte-limit = 33554432 (custom)
2019-07-16 15:41:24,353 INFO  server.RaftServerConfigKeys (ConfUtils.java:logGet(43)) - raft.server.log.appender.buffer.element-limit = 1 (custom)
2019-07-16 15:41:24,353 INFO  grpc.GrpcConfigKeys$Server (ConfUtils.java:logGet(43)) - raft.grpc.server.leader.outstanding.appends.max = 128 (default)
2019-07-16 15:41:24,353 INFO  server.RaftServerConfigKeys (ConfUtils.java:logGet(43)) - raft.server.rpc.request.timeout = 3000ms (default)
2019-07-16 15:41:24,353 INFO  server.RaftServerConfigKeys (ConfUtils.java:logGet(43)) - raft.server.log.appender.install.snapshot.enabled = false (custom)
2019-07-16 15:41:24,353 INFO  server.RaftServerConfigKeys (ConfUtils.java:logGet(43)) - raft.server.log.appender.snapshot.chunk.size.max = 16MB (=16777216) (default)
2019-07-16 15:41:24,354 INFO  server.RaftServerConfigKeys (ConfUtils.java:logGet(43)) - raft.server.log.appender.buffer.byte-limit = 33554432 (custom)
2019-07-16 15:41:24,354 INFO  server.RaftServerConfigKeys (ConfUtils.java:logGet(43)) - raft.server.log.appender.buffer.element-limit = 1 (custom)
2019-07-16 15:41:24,354 INFO  grpc.GrpcConfigKeys$Server (ConfUtils.java:logGet(43)) - raft.grpc.server.leader.outstanding.appends.max = 128 (default)
2019-07-16 15:41:24,354 INFO  server.RaftServerConfigKeys (ConfUtils.java:logGet(43)) - raft.server.rpc.request.timeout = 3000ms (default)
2019-07-16 15:41:24,354 INFO  server.RaftServerConfigKeys (ConfUtils.java:logGet(43)) - raft.server.log.appender.install.snapshot.enabled = false (custom)
2019-07-16 15:41:24,355 INFO  impl.RoleInfo (RoleInfo.java:updateAndGet(143)) - ec28991f-41af-4bab-b94e-cc6842716d21: start LeaderState
2019-07-16 15:41:24,355 INFO  segmented.SegmentedRaftLogWorker (SegmentedRaftLogWorker.java:startLogSegment(380)) - ec28991f-41af-4bab-b94e-cc6842716d21-SegmentedRaftLogWorker:Storage Directory /workdir/hadoop-ozone/integration-test/target/test-dir/MiniOzoneClusterImpl-c63d3b4f-5676-42d9-a01a-77c7ca3a5d27/datanode-1/data/ratis/8ef74166-50e8-4af1-be1c-acf236f30308: Starting segment from index:0
2019-07-16 15:41:24,356 INFO  impl.RaftServerImpl (ServerState.java:setRaftConf(361)) - ec28991f-41af-4bab-b94e-cc6842716d21:group-ACF236F30308 set configuration 0: [0eb04ce9-1058-4e4d-94ed-8d96a31c84bb:192.168.69.88:42184, 2e125096-a5e6-465f-8d6a-192e832ef6ee:192.168.69.88:45462, ec28991f-41af-4bab-b94e-cc6842716d21:192.168.69.88:45993], old=null at 0
2019-07-16 15:41:24,373 INFO  impl.RaftServerImpl (ServerState.java:setLeader(263)) - 0eb04ce9-1058-4e4d-94ed-8d96a31c84bb:group-ACF236F30308 change Leader from null to ec28991f-41af-4bab-b94e-cc6842716d21 at term 1 for appendEntries, leader elected after 5123ms
2019-07-16 15:41:24,373 INFO  impl.RaftServerImpl (ServerState.java:setLeader(263)) - 2e125096-a5e6-465f-8d6a-192e832ef6ee:group-ACF236F30308 change Leader from null to ec28991f-41af-4bab-b94e-cc6842716d21 at term 1 for appendEntries, leader elected after 5124ms
2019-07-16 15:41:24,376 INFO  impl.RaftServerImpl (ServerState.java:setRaftConf(361)) - 2e125096-a5e6-465f-8d6a-192e832ef6ee:group-ACF236F30308 set configuration 0: [0eb04ce9-1058-4e4d-94ed-8d96a31c84bb:192.168.69.88:42184, 2e125096-a5e6-465f-8d6a-192e832ef6ee:192.168.69.88:45462, ec28991f-41af-4bab-b94e-cc6842716d21:192.168.69.88:45993], old=null at 0
2019-07-16 15:41:24,376 INFO  segmented.SegmentedRaftLogWorker (SegmentedRaftLogWorker.java:startLogSegment(380)) - 2e125096-a5e6-465f-8d6a-192e832ef6ee-SegmentedRaftLogWorker:Storage Directory /workdir/hadoop-ozone/integration-test/target/test-dir/MiniOzoneClusterImpl-c63d3b4f-5676-42d9-a01a-77c7ca3a5d27/datanode-2/data/ratis/8ef74166-50e8-4af1-be1c-acf236f30308: Starting segment from index:0
2019-07-16 15:41:24,376 INFO  impl.RaftServerImpl (ServerState.java:setRaftConf(361)) - 0eb04ce9-1058-4e4d-94ed-8d96a31c84bb:group-ACF236F30308 set configuration 0: [0eb04ce9-1058-4e4d-94ed-8d96a31c84bb:192.168.69.88:42184, 2e125096-a5e6-465f-8d6a-192e832ef6ee:192.168.69.88:45462, ec28991f-41af-4bab-b94e-cc6842716d21:192.168.69.88:45993], old=null at 0
2019-07-16 15:41:24,377 INFO  segmented.SegmentedRaftLogWorker (SegmentedRaftLogWorker.java:startLogSegment(380)) - 0eb04ce9-1058-4e4d-94ed-8d96a31c84bb-SegmentedRaftLogWorker:Storage Directory /workdir/hadoop-ozone/integration-test/target/test-dir/MiniOzoneClusterImpl-c63d3b4f-5676-42d9-a01a-77c7ca3a5d27/datanode-0/data/ratis/8ef74166-50e8-4af1-be1c-acf236f30308: Starting segment from index:0
2019-07-16 15:41:24,386 INFO  segmented.SegmentedRaftLogWorker (SegmentedRaftLogWorker.java:execute(569)) - ec28991f-41af-4bab-b94e-cc6842716d21-SegmentedRaftLogWorker:Storage Directory /workdir/hadoop-ozone/integration-test/target/test-dir/MiniOzoneClusterImpl-c63d3b4f-5676-42d9-a01a-77c7ca3a5d27/datanode-1/data/ratis/8ef74166-50e8-4af1-be1c-acf236f30308: created new log segment /workdir/hadoop-ozone/integration-test/target/test-dir/MiniOzoneClusterImpl-c63d3b4f-5676-42d9-a01a-77c7ca3a5d27/datanode-1/data/ratis/8ef74166-50e8-4af1-be1c-acf236f30308/current/log_inprogress_0
2019-07-16 15:41:24,389 INFO  impl.FollowerState (FollowerState.java:run(106)) - 2e125096-a5e6-465f-8d6a-192e832ef6ee:group-7D0FEE95D190 changes to CANDIDATE, lastRpcTime:5188, electionTimeout:5188ms
2019-07-16 15:41:24,389 INFO  impl.RoleInfo (RoleInfo.java:shutdownFollowerState(121)) - 2e125096-a5e6-465f-8d6a-192e832ef6ee: shutdown FollowerState
2019-07-16 15:41:24,389 INFO  impl.RaftServerImpl (RaftServerImpl.java:setRole(171)) - 2e125096-a5e6-465f-8d6a-192e832ef6ee:group-7D0FEE95D190 changes role from FOLLOWER to CANDIDATE at term 0 for changeToCandidate
2019-07-16 15:41:24,390 INFO  impl.RoleInfo (RoleInfo.java:updateAndGet(143)) - 2e125096-a5e6-465f-8d6a-192e832ef6ee: start LeaderElection
2019-07-16 15:41:24,412 INFO  segmented.SegmentedRaftLogWorker (SegmentedRaftLogWorker.java:execute(569)) - 2e125096-a5e6-465f-8d6a-192e832ef6ee-SegmentedRaftLogWorker:Storage Directory /workdir/hadoop-ozone/integration-test/target/test-dir/MiniOzoneClusterImpl-c63d3b4f-5676-42d9-a01a-77c7ca3a5d27/datanode-2/data/ratis/8ef74166-50e8-4af1-be1c-acf236f30308: created new log segment /workdir/hadoop-ozone/integration-test/target/test-dir/MiniOzoneClusterImpl-c63d3b4f-5676-42d9-a01a-77c7ca3a5d27/datanode-2/data/ratis/8ef74166-50e8-4af1-be1c-acf236f30308/current/log_inprogress_0
2019-07-16 15:41:24,412 INFO  segmented.SegmentedRaftLogWorker (SegmentedRaftLogWorker.java:execute(569)) - 0eb04ce9-1058-4e4d-94ed-8d96a31c84bb-SegmentedRaftLogWorker:Storage Directory /workdir/hadoop-ozone/integration-test/target/test-dir/MiniOzoneClusterImpl-c63d3b4f-5676-42d9-a01a-77c7ca3a5d27/datanode-0/data/ratis/8ef74166-50e8-4af1-be1c-acf236f30308: created new log segment /workdir/hadoop-ozone/integration-test/target/test-dir/MiniOzoneClusterImpl-c63d3b4f-5676-42d9-a01a-77c7ca3a5d27/datanode-0/data/ratis/8ef74166-50e8-4af1-be1c-acf236f30308/current/log_inprogress_0
2019-07-16 15:41:24,414 INFO  impl.LeaderElection (LeaderElection.java:askForVotes(181)) - 2e125096-a5e6-465f-8d6a-192e832ef6ee:group-7D0FEE95D190:LeaderElection74: begin an election at term 1 for -1: [2e125096-a5e6-465f-8d6a-192e832ef6ee:192.168.69.88:45462], old=null
2019-07-16 15:41:24,414 INFO  impl.RoleInfo (RoleInfo.java:shutdownLeaderElection(134)) - 2e125096-a5e6-465f-8d6a-192e832ef6ee: shutdown LeaderElection
2019-07-16 15:41:24,414 INFO  impl.RaftServerImpl (RaftServerImpl.java:setRole(171)) - 2e125096-a5e6-465f-8d6a-192e832ef6ee:group-7D0FEE95D190 changes role from CANDIDATE to LEADER at term 1 for changeToLeader
2019-07-16 15:41:24,415 INFO  impl.RaftServerImpl (ServerState.java:setLeader(263)) - 2e125096-a5e6-465f-8d6a-192e832ef6ee:group-7D0FEE95D190 change Leader from null to 2e125096-a5e6-465f-8d6a-192e832ef6ee at term 1 for becomeLeader, leader elected after 5218ms
2019-07-16 15:41:24,417 INFO  server.RaftServerConfigKeys (ConfUtils.java:logGet(43)) - raft.server.staging.catchup.gap = 1000 (default)
2019-07-16 15:41:24,417 INFO  server.RaftServerConfigKeys (ConfUtils.java:logGet(43)) - raft.server.rpc.sleep.time = 25ms (default)
2019-07-16 15:41:24,417 INFO  server.RaftServerConfigKeys (ConfUtils.java:logGet(43)) - raft.server.write.element-limit = 4096 (default)
2019-07-16 15:41:24,417 INFO  server.RaftServerConfigKeys (ConfUtils.java:logGet(43)) - raft.server.watch.timeout = 10s (default)
2019-07-16 15:41:24,418 INFO  server.RaftServerConfigKeys (ConfUtils.java:logGet(43)) - raft.server.watch.timeout.denomination = 1s (default)
2019-07-16 15:41:24,418 INFO  server.RaftServerConfigKeys (ConfUtils.java:logGet(43)) - raft.server.watch.element-limit = 65536 (default)
2019-07-16 15:41:24,418 INFO  impl.RoleInfo (RoleInfo.java:updateAndGet(143)) - 2e125096-a5e6-465f-8d6a-192e832ef6ee: start LeaderState
2019-07-16 15:41:24,418 INFO  segmented.SegmentedRaftLogWorker (SegmentedRaftLogWorker.java:startLogSegment(380)) - 2e125096-a5e6-465f-8d6a-192e832ef6ee-SegmentedRaftLogWorker:Storage Directory /workdir/hadoop-ozone/integration-test/target/test-dir/MiniOzoneClusterImpl-c63d3b4f-5676-42d9-a01a-77c7ca3a5d27/datanode-2/data/ratis/604fedd1-28b4-468e-adb5-7d0fee95d190: Starting segment from index:0
2019-07-16 15:41:24,419 INFO  impl.RaftServerImpl (ServerState.java:setRaftConf(361)) - 2e125096-a5e6-465f-8d6a-192e832ef6ee:group-7D0FEE95D190 set configuration 0: [2e125096-a5e6-465f-8d6a-192e832ef6ee:192.168.69.88:45462], old=null at 0
2019-07-16 15:41:24,458 INFO  segmented.SegmentedRaftLogWorker (SegmentedRaftLogWorker.java:execute(569)) - 2e125096-a5e6-465f-8d6a-192e832ef6ee-SegmentedRaftLogWorker:Storage Directory /workdir/hadoop-ozone/integration-test/target/test-dir/MiniOzoneClusterImpl-c63d3b4f-5676-42d9-a01a-77c7ca3a5d27/datanode-2/data/ratis/604fedd1-28b4-468e-adb5-7d0fee95d190: created new log segment /workdir/hadoop-ozone/integration-test/target/test-dir/MiniOzoneClusterImpl-c63d3b4f-5676-42d9-a01a-77c7ca3a5d27/datanode-2/data/ratis/604fedd1-28b4-468e-adb5-7d0fee95d190/current/log_inprogress_0
2019-07-16 15:41:24,633 INFO  impl.FollowerState (FollowerState.java:run(106)) - 8e01f55d-2d91-4239-a1ac-cab51f2f2414:group-A0831A1BBA6D changes to CANDIDATE, lastRpcTime:5107, electionTimeout:5097ms
2019-07-16 15:41:24,633 INFO  impl.RoleInfo (RoleInfo.java:shutdownFollowerState(121)) - 8e01f55d-2d91-4239-a1ac-cab51f2f2414: shutdown FollowerState
2019-07-16 15:41:24,633 INFO  impl.RaftServerImpl (RaftServerImpl.java:setRole(171)) - 8e01f55d-2d91-4239-a1ac-cab51f2f2414:group-A0831A1BBA6D changes role from FOLLOWER to CANDIDATE at term 0 for changeToCandidate
2019-07-16 15:41:24,633 INFO  impl.RoleInfo (RoleInfo.java:updateAndGet(143)) - 8e01f55d-2d91-4239-a1ac-cab51f2f2414: start LeaderElection
2019-07-16 15:41:24,676 INFO  impl.LeaderElection (LeaderElection.java:askForVotes(181)) - 8e01f55d-2d91-4239-a1ac-cab51f2f2414:group-A0831A1BBA6D:LeaderElection75: begin an election at term 1 for -1: [8e01f55d-2d91-4239-a1ac-cab51f2f2414:192.168.69.88:38465], old=null
2019-07-16 15:41:24,677 INFO  impl.RoleInfo (RoleInfo.java:shutdownLeaderElection(134)) - 8e01f55d-2d91-4239-a1ac-cab51f2f2414: shutdown LeaderElection
2019-07-16 15:41:24,677 INFO  impl.RaftServerImpl (RaftServerImpl.java:setRole(171)) - 8e01f55d-2d91-4239-a1ac-cab51f2f2414:group-A0831A1BBA6D changes role from CANDIDATE to LEADER at term 1 for changeToLeader
2019-07-16 15:41:24,677 INFO  impl.RaftServerImpl (ServerState.java:setLeader(263)) - 8e01f55d-2d91-4239-a1ac-cab51f2f2414:group-A0831A1BBA6D change Leader from null to 8e01f55d-2d91-4239-a1ac-cab51f2f2414 at term 1 for becomeLeader, leader elected after 5155ms
2019-07-16 15:41:24,680 INFO  server.RaftServerConfigKeys (ConfUtils.java:logGet(43)) - raft.server.staging.catchup.gap = 1000 (default)
2019-07-16 15:41:24,680 INFO  server.RaftServerConfigKeys (ConfUtils.java:logGet(43)) - raft.server.rpc.sleep.time = 25ms (default)
2019-07-16 15:41:24,680 INFO  server.RaftServerConfigKeys (ConfUtils.java:logGet(43)) - raft.server.write.element-limit = 4096 (default)
2019-07-16 15:41:24,681 INFO  server.RaftServerConfigKeys (ConfUtils.java:logGet(43)) - raft.server.watch.timeout = 10s (default)
2019-07-16 15:41:24,681 INFO  server.RaftServerConfigKeys (ConfUtils.java:logGet(43)) - raft.server.watch.timeout.denomination = 1s (default)
2019-07-16 15:41:24,681 INFO  server.RaftServerConfigKeys (ConfUtils.java:logGet(43)) - raft.server.watch.element-limit = 65536 (default)
2019-07-16 15:41:24,681 INFO  impl.RoleInfo (RoleInfo.java:updateAndGet(143)) - 8e01f55d-2d91-4239-a1ac-cab51f2f2414: start LeaderState
2019-07-16 15:41:24,681 INFO  segmented.SegmentedRaftLogWorker (SegmentedRaftLogWorker.java:startLogSegment(380)) - 8e01f55d-2d91-4239-a1ac-cab51f2f2414-SegmentedRaftLogWorker:Storage Directory /workdir/hadoop-ozone/integration-test/target/test-dir/MiniOzoneClusterImpl-c63d3b4f-5676-42d9-a01a-77c7ca3a5d27/datanode-3/data/ratis/a1fd69fa-0b13-4ee2-8a7f-a0831a1bba6d: Starting segment from index:0
2019-07-16 15:41:24,682 INFO  impl.RaftServerImpl (ServerState.java:setRaftConf(361)) - 8e01f55d-2d91-4239-a1ac-cab51f2f2414:group-A0831A1BBA6D set configuration 0: [8e01f55d-2d91-4239-a1ac-cab51f2f2414:192.168.69.88:38465], old=null at 0
2019-07-16 15:41:24,728 INFO  segmented.SegmentedRaftLogWorker (SegmentedRaftLogWorker.java:execute(569)) - 8e01f55d-2d91-4239-a1ac-cab51f2f2414-SegmentedRaftLogWorker:Storage Directory /workdir/hadoop-ozone/integration-test/target/test-dir/MiniOzoneClusterImpl-c63d3b4f-5676-42d9-a01a-77c7ca3a5d27/datanode-3/data/ratis/a1fd69fa-0b13-4ee2-8a7f-a0831a1bba6d: created new log segment /workdir/hadoop-ozone/integration-test/target/test-dir/MiniOzoneClusterImpl-c63d3b4f-5676-42d9-a01a-77c7ca3a5d27/datanode-3/data/ratis/a1fd69fa-0b13-4ee2-8a7f-a0831a1bba6d/current/log_inprogress_0
2019-07-16 15:41:24,867 INFO  impl.FollowerState (FollowerState.java:run(106)) - bc6d3eca-a563-4611-a7d6-3473bb87d697:group-8BF8A8AA6D97 changes to CANDIDATE, lastRpcTime:5138, electionTimeout:5138ms
2019-07-16 15:41:24,867 INFO  impl.RoleInfo (RoleInfo.java:shutdownFollowerState(121)) - bc6d3eca-a563-4611-a7d6-3473bb87d697: shutdown FollowerState
2019-07-16 15:41:24,867 INFO  impl.RaftServerImpl (RaftServerImpl.java:setRole(171)) - bc6d3eca-a563-4611-a7d6-3473bb87d697:group-8BF8A8AA6D97 changes role from FOLLOWER to CANDIDATE at term 0 for changeToCandidate
2019-07-16 15:41:24,867 INFO  impl.RoleInfo (RoleInfo.java:updateAndGet(143)) - bc6d3eca-a563-4611-a7d6-3473bb87d697: start LeaderElection
2019-07-16 15:41:24,885 INFO  impl.LeaderElection (LeaderElection.java:askForVotes(181)) - bc6d3eca-a563-4611-a7d6-3473bb87d697:group-8BF8A8AA6D97:LeaderElection76: begin an election at term 1 for -1: [bc6d3eca-a563-4611-a7d6-3473bb87d697:192.168.69.88:42525], old=null
2019-07-16 15:41:24,885 INFO  impl.RoleInfo (RoleInfo.java:shutdownLeaderElection(134)) - bc6d3eca-a563-4611-a7d6-3473bb87d697: shutdown LeaderElection
2019-07-16 15:41:24,886 INFO  impl.RaftServerImpl (RaftServerImpl.java:setRole(171)) - bc6d3eca-a563-4611-a7d6-3473bb87d697:group-8BF8A8AA6D97 changes role from CANDIDATE to LEADER at term 1 for changeToLeader
2019-07-16 15:41:24,886 INFO  impl.RaftServerImpl (ServerState.java:setLeader(263)) - bc6d3eca-a563-4611-a7d6-3473bb87d697:group-8BF8A8AA6D97 change Leader from null to bc6d3eca-a563-4611-a7d6-3473bb87d697 at term 1 for becomeLeader, leader elected after 5162ms
2019-07-16 15:41:24,888 INFO  server.RaftServerConfigKeys (ConfUtils.java:logGet(43)) - raft.server.staging.catchup.gap = 1000 (default)
2019-07-16 15:41:24,888 INFO  server.RaftServerConfigKeys (ConfUtils.java:logGet(43)) - raft.server.rpc.sleep.time = 25ms (default)
2019-07-16 15:41:24,888 INFO  server.RaftServerConfigKeys (ConfUtils.java:logGet(43)) - raft.server.write.element-limit = 4096 (default)
2019-07-16 15:41:24,888 INFO  server.RaftServerConfigKeys (ConfUtils.java:logGet(43)) - raft.server.watch.timeout = 10s (default)
2019-07-16 15:41:24,888 INFO  server.RaftServerConfigKeys (ConfUtils.java:logGet(43)) - raft.server.watch.timeout.denomination = 1s (default)
2019-07-16 15:41:24,889 INFO  server.RaftServerConfigKeys (ConfUtils.java:logGet(43)) - raft.server.watch.element-limit = 65536 (default)
2019-07-16 15:41:24,889 INFO  impl.RoleInfo (RoleInfo.java:updateAndGet(143)) - bc6d3eca-a563-4611-a7d6-3473bb87d697: start LeaderState
2019-07-16 15:41:24,889 INFO  segmented.SegmentedRaftLogWorker (SegmentedRaftLogWorker.java:startLogSegment(380)) - bc6d3eca-a563-4611-a7d6-3473bb87d697-SegmentedRaftLogWorker:Storage Directory /workdir/hadoop-ozone/integration-test/target/test-dir/MiniOzoneClusterImpl-c63d3b4f-5676-42d9-a01a-77c7ca3a5d27/datanode-4/data/ratis/bbd8d2fa-c902-47b1-bd2c-8bf8a8aa6d97: Starting segment from index:0
2019-07-16 15:41:24,890 INFO  impl.RaftServerImpl (ServerState.java:setRaftConf(361)) - bc6d3eca-a563-4611-a7d6-3473bb87d697:group-8BF8A8AA6D97 set configuration 0: [bc6d3eca-a563-4611-a7d6-3473bb87d697:192.168.69.88:42525], old=null at 0
2019-07-16 15:41:24,923 INFO  segmented.SegmentedRaftLogWorker (SegmentedRaftLogWorker.java:execute(569)) - bc6d3eca-a563-4611-a7d6-3473bb87d697-SegmentedRaftLogWorker:Storage Directory /workdir/hadoop-ozone/integration-test/target/test-dir/MiniOzoneClusterImpl-c63d3b4f-5676-42d9-a01a-77c7ca3a5d27/datanode-4/data/ratis/bbd8d2fa-c902-47b1-bd2c-8bf8a8aa6d97: created new log segment /workdir/hadoop-ozone/integration-test/target/test-dir/MiniOzoneClusterImpl-c63d3b4f-5676-42d9-a01a-77c7ca3a5d27/datanode-4/data/ratis/bbd8d2fa-c902-47b1-bd2c-8bf8a8aa6d97/current/log_inprogress_0
2019-07-16 15:41:25,022 INFO  impl.FollowerState (FollowerState.java:run(106)) - bd7a86f3-0120-41ac-839d-e07433dd6dc7:group-9B5F9499B7AD changes to CANDIDATE, lastRpcTime:5063, electionTimeout:5063ms
2019-07-16 15:41:25,022 INFO  impl.RoleInfo (RoleInfo.java:shutdownFollowerState(121)) - bd7a86f3-0120-41ac-839d-e07433dd6dc7: shutdown FollowerState
2019-07-16 15:41:25,022 INFO  impl.RaftServerImpl (RaftServerImpl.java:setRole(171)) - bd7a86f3-0120-41ac-839d-e07433dd6dc7:group-9B5F9499B7AD changes role from FOLLOWER to CANDIDATE at term 0 for changeToCandidate
2019-07-16 15:41:25,022 INFO  impl.RoleInfo (RoleInfo.java:updateAndGet(143)) - bd7a86f3-0120-41ac-839d-e07433dd6dc7: start LeaderElection
2019-07-16 15:41:25,041 INFO  impl.LeaderElection (LeaderElection.java:askForVotes(181)) - bd7a86f3-0120-41ac-839d-e07433dd6dc7:group-9B5F9499B7AD:LeaderElection77: begin an election at term 1 for -1: [bd7a86f3-0120-41ac-839d-e07433dd6dc7:192.168.69.88:44304], old=null
2019-07-16 15:41:25,041 INFO  impl.RoleInfo (RoleInfo.java:shutdownLeaderElection(134)) - bd7a86f3-0120-41ac-839d-e07433dd6dc7: shutdown LeaderElection
2019-07-16 15:41:25,041 INFO  impl.RaftServerImpl (RaftServerImpl.java:setRole(171)) - bd7a86f3-0120-41ac-839d-e07433dd6dc7:group-9B5F9499B7AD changes role from CANDIDATE to LEADER at term 1 for changeToLeader
2019-07-16 15:41:25,041 INFO  impl.RaftServerImpl (ServerState.java:setLeader(263)) - bd7a86f3-0120-41ac-839d-e07433dd6dc7:group-9B5F9499B7AD change Leader from null to bd7a86f3-0120-41ac-839d-e07433dd6dc7 at term 1 for becomeLeader, leader elected after 5087ms
2019-07-16 15:41:25,044 INFO  server.RaftServerConfigKeys (ConfUtils.java:logGet(43)) - raft.server.staging.catchup.gap = 1000 (default)
2019-07-16 15:41:25,044 INFO  server.RaftServerConfigKeys (ConfUtils.java:logGet(43)) - raft.server.rpc.sleep.time = 25ms (default)
2019-07-16 15:41:25,044 INFO  server.RaftServerConfigKeys (ConfUtils.java:logGet(43)) - raft.server.write.element-limit = 4096 (default)
2019-07-16 15:41:25,044 INFO  server.RaftServerConfigKeys (ConfUtils.java:logGet(43)) - raft.server.watch.timeout = 10s (default)
2019-07-16 15:41:25,044 INFO  server.RaftServerConfigKeys (ConfUtils.java:logGet(43)) - raft.server.watch.timeout.denomination = 1s (default)
2019-07-16 15:41:25,044 INFO  server.RaftServerConfigKeys (ConfUtils.java:logGet(43)) - raft.server.watch.element-limit = 65536 (default)
2019-07-16 15:41:25,045 INFO  impl.RoleInfo (RoleInfo.java:updateAndGet(143)) - bd7a86f3-0120-41ac-839d-e07433dd6dc7: start LeaderState
2019-07-16 15:41:25,045 INFO  segmented.SegmentedRaftLogWorker (SegmentedRaftLogWorker.java:startLogSegment(380)) - bd7a86f3-0120-41ac-839d-e07433dd6dc7-SegmentedRaftLogWorker:Storage Directory /workdir/hadoop-ozone/integration-test/target/test-dir/MiniOzoneClusterImpl-c63d3b4f-5676-42d9-a01a-77c7ca3a5d27/datanode-5/data/ratis/29b6ea0a-b4b7-47d7-9f1c-9b5f9499b7ad: Starting segment from index:0
2019-07-16 15:41:25,045 INFO  impl.RaftServerImpl (ServerState.java:setRaftConf(361)) - bd7a86f3-0120-41ac-839d-e07433dd6dc7:group-9B5F9499B7AD set configuration 0: [bd7a86f3-0120-41ac-839d-e07433dd6dc7:192.168.69.88:44304], old=null at 0
2019-07-16 15:41:25,064 INFO  impl.FollowerState (FollowerState.java:run(106)) - 8e01f55d-2d91-4239-a1ac-cab51f2f2414:group-FD16606C79B4 changes to CANDIDATE, lastRpcTime:5041, electionTimeout:5027ms
2019-07-16 15:41:25,064 INFO  impl.RoleInfo (RoleInfo.java:shutdownFollowerState(121)) - 8e01f55d-2d91-4239-a1ac-cab51f2f2414: shutdown FollowerState
2019-07-16 15:41:25,064 INFO  impl.RaftServerImpl (RaftServerImpl.java:setRole(171)) - 8e01f55d-2d91-4239-a1ac-cab51f2f2414:group-FD16606C79B4 changes role from FOLLOWER to CANDIDATE at term 0 for changeToCandidate
2019-07-16 15:41:25,064 INFO  impl.RoleInfo (RoleInfo.java:updateAndGet(143)) - 8e01f55d-2d91-4239-a1ac-cab51f2f2414: start LeaderElection
2019-07-16 15:41:25,078 INFO  segmented.SegmentedRaftLogWorker (SegmentedRaftLogWorker.java:execute(569)) - bd7a86f3-0120-41ac-839d-e07433dd6dc7-SegmentedRaftLogWorker:Storage Directory /workdir/hadoop-ozone/integration-test/target/test-dir/MiniOzoneClusterImpl-c63d3b4f-5676-42d9-a01a-77c7ca3a5d27/datanode-5/data/ratis/29b6ea0a-b4b7-47d7-9f1c-9b5f9499b7ad: created new log segment /workdir/hadoop-ozone/integration-test/target/test-dir/MiniOzoneClusterImpl-c63d3b4f-5676-42d9-a01a-77c7ca3a5d27/datanode-5/data/ratis/29b6ea0a-b4b7-47d7-9f1c-9b5f9499b7ad/current/log_inprogress_0
2019-07-16 15:41:25,078 INFO  impl.LeaderElection (LeaderElection.java:askForVotes(181)) - 8e01f55d-2d91-4239-a1ac-cab51f2f2414:group-FD16606C79B4:LeaderElection78: begin an election at term 1 for -1: [bd7a86f3-0120-41ac-839d-e07433dd6dc7:192.168.69.88:44304, 8e01f55d-2d91-4239-a1ac-cab51f2f2414:192.168.69.88:38465, bc6d3eca-a563-4611-a7d6-3473bb87d697:192.168.69.88:42525], old=null
2019-07-16 15:41:25,085 INFO  impl.RaftServerImpl (RaftServerImpl.java:setRole(171)) - bc6d3eca-a563-4611-a7d6-3473bb87d697:group-FD16606C79B4 changes role from FOLLOWER to FOLLOWER at term 1 for recognizeCandidate:8e01f55d-2d91-4239-a1ac-cab51f2f2414
2019-07-16 15:41:25,085 INFO  impl.RaftServerImpl (RaftServerImpl.java:setRole(171)) - bd7a86f3-0120-41ac-839d-e07433dd6dc7:group-FD16606C79B4 changes role from FOLLOWER to FOLLOWER at term 1 for recognizeCandidate:8e01f55d-2d91-4239-a1ac-cab51f2f2414
2019-07-16 15:41:25,085 INFO  impl.RoleInfo (RoleInfo.java:shutdownFollowerState(121)) - bc6d3eca-a563-4611-a7d6-3473bb87d697: shutdown FollowerState
2019-07-16 15:41:25,085 INFO  impl.RoleInfo (RoleInfo.java:shutdownFollowerState(121)) - bd7a86f3-0120-41ac-839d-e07433dd6dc7: shutdown FollowerState
2019-07-16 15:41:25,086 INFO  impl.FollowerState (FollowerState.java:run(114)) - bc6d3eca-a563-4611-a7d6-3473bb87d697: FollowerState was interrupted: java.lang.InterruptedException: sleep interrupted
2019-07-16 15:41:25,086 INFO  impl.FollowerState (FollowerState.java:run(114)) - bd7a86f3-0120-41ac-839d-e07433dd6dc7: FollowerState was interrupted: java.lang.InterruptedException: sleep interrupted
2019-07-16 15:41:25,085 INFO  impl.RoleInfo (RoleInfo.java:updateAndGet(143)) - bc6d3eca-a563-4611-a7d6-3473bb87d697: start FollowerState
2019-07-16 15:41:25,086 INFO  impl.RoleInfo (RoleInfo.java:updateAndGet(143)) - bd7a86f3-0120-41ac-839d-e07433dd6dc7: start FollowerState
2019-07-16 15:41:25,127 INFO  impl.LeaderElection (LeaderElection.java:logAndReturn(56)) - 8e01f55d-2d91-4239-a1ac-cab51f2f2414:group-FD16606C79B4:LeaderElection78: Election PASSED; received 1 response(s) [8e01f55d-2d91-4239-a1ac-cab51f2f2414<-bc6d3eca-a563-4611-a7d6-3473bb87d697#0:OK-t1] and 0 exception(s); 8e01f55d-2d91-4239-a1ac-cab51f2f2414:t1, leader=null, voted=8e01f55d-2d91-4239-a1ac-cab51f2f2414, raftlog=8e01f55d-2d91-4239-a1ac-cab51f2f2414-SegmentedRaftLog:OPENED:c-1,f-1,i0, conf=-1: [bd7a86f3-0120-41ac-839d-e07433dd6dc7:192.168.69.88:44304, 8e01f55d-2d91-4239-a1ac-cab51f2f2414:192.168.69.88:38465, bc6d3eca-a563-4611-a7d6-3473bb87d697:192.168.69.88:42525], old=null
2019-07-16 15:41:25,127 INFO  impl.RoleInfo (RoleInfo.java:shutdownLeaderElection(134)) - 8e01f55d-2d91-4239-a1ac-cab51f2f2414: shutdown LeaderElection
2019-07-16 15:41:25,127 INFO  impl.RaftServerImpl (RaftServerImpl.java:setRole(171)) - 8e01f55d-2d91-4239-a1ac-cab51f2f2414:group-FD16606C79B4 changes role from CANDIDATE to LEADER at term 1 for changeToLeader
2019-07-16 15:41:25,127 INFO  impl.RaftServerImpl (ServerState.java:setLeader(263)) - 8e01f55d-2d91-4239-a1ac-cab51f2f2414:group-FD16606C79B4 change Leader from null to 8e01f55d-2d91-4239-a1ac-cab51f2f2414 at term 1 for becomeLeader, leader elected after 5111ms
2019-07-16 15:41:25,127 INFO  server.RaftServerConfigKeys (ConfUtils.java:logGet(43)) - raft.server.staging.catchup.gap = 1000 (default)
2019-07-16 15:41:25,127 INFO  server.RaftServerConfigKeys (ConfUtils.java:logGet(43)) - raft.server.rpc.sleep.time = 25ms (default)
2019-07-16 15:41:25,127 INFO  server.RaftServerConfigKeys (ConfUtils.java:logGet(43)) - raft.server.write.element-limit = 4096 (default)
2019-07-16 15:41:25,128 INFO  server.RaftServerConfigKeys (ConfUtils.java:logGet(43)) - raft.server.watch.timeout = 10s (default)
2019-07-16 15:41:25,128 INFO  server.RaftServerConfigKeys (ConfUtils.java:logGet(43)) - raft.server.watch.timeout.denomination = 1s (default)
2019-07-16 15:41:25,128 INFO  server.RaftServerConfigKeys (ConfUtils.java:logGet(43)) - raft.server.watch.element-limit = 65536 (default)
2019-07-16 15:41:25,128 INFO  server.RaftServerConfigKeys (ConfUtils.java:logGet(43)) - raft.server.log.appender.snapshot.chunk.size.max = 16MB (=16777216) (default)
2019-07-16 15:41:25,128 INFO  server.RaftServerConfigKeys (ConfUtils.java:logGet(43)) - raft.server.log.appender.buffer.byte-limit = 33554432 (custom)
2019-07-16 15:41:25,128 INFO  server.RaftServerConfigKeys (ConfUtils.java:logGet(43)) - raft.server.log.appender.buffer.element-limit = 1 (custom)
2019-07-16 15:41:25,129 INFO  grpc.GrpcConfigKeys$Server (ConfUtils.java:logGet(43)) - raft.grpc.server.leader.outstanding.appends.max = 128 (default)
2019-07-16 15:41:25,129 INFO  server.RaftServerConfigKeys (ConfUtils.java:logGet(43)) - raft.server.rpc.request.timeout = 3000ms (default)
2019-07-16 15:41:25,129 INFO  server.RaftServerConfigKeys (ConfUtils.java:logGet(43)) - raft.server.log.appender.install.snapshot.enabled = false (custom)
2019-07-16 15:41:25,129 INFO  server.RaftServerConfigKeys (ConfUtils.java:logGet(43)) - raft.server.log.appender.snapshot.chunk.size.max = 16MB (=16777216) (default)
2019-07-16 15:41:25,129 INFO  server.RaftServerConfigKeys (ConfUtils.java:logGet(43)) - raft.server.log.appender.buffer.byte-limit = 33554432 (custom)
2019-07-16 15:41:25,130 INFO  server.RaftServerConfigKeys (ConfUtils.java:logGet(43)) - raft.server.log.appender.buffer.element-limit = 1 (custom)
2019-07-16 15:41:25,130 INFO  grpc.GrpcConfigKeys$Server (ConfUtils.java:logGet(43)) - raft.grpc.server.leader.outstanding.appends.max = 128 (default)
2019-07-16 15:41:25,130 INFO  server.RaftServerConfigKeys (ConfUtils.java:logGet(43)) - raft.server.rpc.request.timeout = 3000ms (default)
2019-07-16 15:41:25,130 INFO  server.RaftServerConfigKeys (ConfUtils.java:logGet(43)) - raft.server.log.appender.install.snapshot.enabled = false (custom)
2019-07-16 15:41:25,130 INFO  impl.RoleInfo (RoleInfo.java:updateAndGet(143)) - 8e01f55d-2d91-4239-a1ac-cab51f2f2414: start LeaderState
2019-07-16 15:41:25,131 INFO  segmented.SegmentedRaftLogWorker (SegmentedRaftLogWorker.java:startLogSegment(380)) - 8e01f55d-2d91-4239-a1ac-cab51f2f2414-SegmentedRaftLogWorker:Storage Directory /workdir/hadoop-ozone/integration-test/target/test-dir/MiniOzoneClusterImpl-c63d3b4f-5676-42d9-a01a-77c7ca3a5d27/datanode-3/data/ratis/fda325b2-ba48-4adb-85b7-fd16606c79b4: Starting segment from index:0
2019-07-16 15:41:25,131 INFO  impl.RaftServerImpl (ServerState.java:setRaftConf(361)) - 8e01f55d-2d91-4239-a1ac-cab51f2f2414:group-FD16606C79B4 set configuration 0: [bd7a86f3-0120-41ac-839d-e07433dd6dc7:192.168.69.88:44304, 8e01f55d-2d91-4239-a1ac-cab51f2f2414:192.168.69.88:38465, bc6d3eca-a563-4611-a7d6-3473bb87d697:192.168.69.88:42525], old=null at 0
2019-07-16 15:41:25,153 INFO  impl.RaftServerImpl (ServerState.java:setLeader(263)) - bd7a86f3-0120-41ac-839d-e07433dd6dc7:group-FD16606C79B4 change Leader from null to 8e01f55d-2d91-4239-a1ac-cab51f2f2414 at term 1 for appendEntries, leader elected after 5137ms
2019-07-16 15:41:25,155 INFO  impl.RaftServerImpl (ServerState.java:setLeader(263)) - bc6d3eca-a563-4611-a7d6-3473bb87d697:group-FD16606C79B4 change Leader from null to 8e01f55d-2d91-4239-a1ac-cab51f2f2414 at term 1 for appendEntries, leader elected after 5139ms
2019-07-16 15:41:25,157 INFO  impl.RaftServerImpl (ServerState.java:setRaftConf(361)) - bd7a86f3-0120-41ac-839d-e07433dd6dc7:group-FD16606C79B4 set configuration 0: [bd7a86f3-0120-41ac-839d-e07433dd6dc7:192.168.69.88:44304, 8e01f55d-2d91-4239-a1ac-cab51f2f2414:192.168.69.88:38465, bc6d3eca-a563-4611-a7d6-3473bb87d697:192.168.69.88:42525], old=null at 0
2019-07-16 15:41:25,158 INFO  segmented.SegmentedRaftLogWorker (SegmentedRaftLogWorker.java:startLogSegment(380)) - bd7a86f3-0120-41ac-839d-e07433dd6dc7-SegmentedRaftLogWorker:Storage Directory /workdir/hadoop-ozone/integration-test/target/test-dir/MiniOzoneClusterImpl-c63d3b4f-5676-42d9-a01a-77c7ca3a5d27/datanode-5/data/ratis/fda325b2-ba48-4adb-85b7-fd16606c79b4: Starting segment from index:0
2019-07-16 15:41:25,158 INFO  impl.RaftServerImpl (ServerState.java:setRaftConf(361)) - bc6d3eca-a563-4611-a7d6-3473bb87d697:group-FD16606C79B4 set configuration 0: [bd7a86f3-0120-41ac-839d-e07433dd6dc7:192.168.69.88:44304, 8e01f55d-2d91-4239-a1ac-cab51f2f2414:192.168.69.88:38465, bc6d3eca-a563-4611-a7d6-3473bb87d697:192.168.69.88:42525], old=null at 0
2019-07-16 15:41:25,158 INFO  segmented.SegmentedRaftLogWorker (SegmentedRaftLogWorker.java:startLogSegment(380)) - bc6d3eca-a563-4611-a7d6-3473bb87d697-SegmentedRaftLogWorker:Storage Directory /workdir/hadoop-ozone/integration-test/target/test-dir/MiniOzoneClusterImpl-c63d3b4f-5676-42d9-a01a-77c7ca3a5d27/datanode-4/data/ratis/fda325b2-ba48-4adb-85b7-fd16606c79b4: Starting segment from index:0
2019-07-16 15:41:25,163 INFO  segmented.SegmentedRaftLogWorker (SegmentedRaftLogWorker.java:execute(569)) - 8e01f55d-2d91-4239-a1ac-cab51f2f2414-SegmentedRaftLogWorker:Storage Directory /workdir/hadoop-ozone/integration-test/target/test-dir/MiniOzoneClusterImpl-c63d3b4f-5676-42d9-a01a-77c7ca3a5d27/datanode-3/data/ratis/fda325b2-ba48-4adb-85b7-fd16606c79b4: created new log segment /workdir/hadoop-ozone/integration-test/target/test-dir/MiniOzoneClusterImpl-c63d3b4f-5676-42d9-a01a-77c7ca3a5d27/datanode-3/data/ratis/fda325b2-ba48-4adb-85b7-fd16606c79b4/current/log_inprogress_0
2019-07-16 15:41:25,182 INFO  client.GrpcClientProtocolClient (GrpcClientProtocolClient.java:onNext(255)) - client-8DE2CA139D9F->2e125096-a5e6-465f-8d6a-192e832ef6ee: receive RaftClientReply:client-8DE2CA139D9F->2e125096-a5e6-465f-8d6a-192e832ef6ee@group-ACF236F30308, cid=175, FAILED org.apache.ratis.protocol.NotLeaderException: Server 2e125096-a5e6-465f-8d6a-192e832ef6ee is not the leader (ec28991f-41af-4bab-b94e-cc6842716d21:192.168.69.88:45993). Request must be sent to leader., logIndex=0, commits[2e125096-a5e6-465f-8d6a-192e832ef6ee:c-1, 0eb04ce9-1058-4e4d-94ed-8d96a31c84bb:c-1, ec28991f-41af-4bab-b94e-cc6842716d21:c-1]
2019-07-16 15:41:25,187 INFO  segmented.SegmentedRaftLogWorker (SegmentedRaftLogWorker.java:execute(569)) - bc6d3eca-a563-4611-a7d6-3473bb87d697-SegmentedRaftLogWorker:Storage Directory /workdir/hadoop-ozone/integration-test/target/test-dir/MiniOzoneClusterImpl-c63d3b4f-5676-42d9-a01a-77c7ca3a5d27/datanode-4/data/ratis/fda325b2-ba48-4adb-85b7-fd16606c79b4: created new log segment /workdir/hadoop-ozone/integration-test/target/test-dir/MiniOzoneClusterImpl-c63d3b4f-5676-42d9-a01a-77c7ca3a5d27/datanode-4/data/ratis/fda325b2-ba48-4adb-85b7-fd16606c79b4/current/log_inprogress_0
2019-07-16 15:41:25,187 INFO  segmented.SegmentedRaftLogWorker (SegmentedRaftLogWorker.java:execute(569)) - bd7a86f3-0120-41ac-839d-e07433dd6dc7-SegmentedRaftLogWorker:Storage Directory /workdir/hadoop-ozone/integration-test/target/test-dir/MiniOzoneClusterImpl-c63d3b4f-5676-42d9-a01a-77c7ca3a5d27/datanode-5/data/ratis/fda325b2-ba48-4adb-85b7-fd16606c79b4: created new log segment /workdir/hadoop-ozone/integration-test/target/test-dir/MiniOzoneClusterImpl-c63d3b4f-5676-42d9-a01a-77c7ca3a5d27/datanode-5/data/ratis/fda325b2-ba48-4adb-85b7-fd16606c79b4/current/log_inprogress_0
2019-07-16 15:41:25,313 INFO  client.GrpcClientProtocolClient (GrpcClientProtocolClient.java:onNext(255)) - client-8DE2CA139D9F->ec28991f-41af-4bab-b94e-cc6842716d21: receive RaftClientReply:client-8DE2CA139D9F->ec28991f-41af-4bab-b94e-cc6842716d21@group-ACF236F30308, cid=175, SUCCESS, logIndex=1, commits[ec28991f-41af-4bab-b94e-cc6842716d21:c1, 0eb04ce9-1058-4e4d-94ed-8d96a31c84bb:c0, 2e125096-a5e6-465f-8d6a-192e832ef6ee:c0]
2019-07-16 15:41:25,347 INFO  client.GrpcClientProtocolClient (GrpcClientProtocolClient.java:onNext(255)) - client-8DE2CA139D9F->ec28991f-41af-4bab-b94e-cc6842716d21: receive RaftClientReply:client-8DE2CA139D9F->ec28991f-41af-4bab-b94e-cc6842716d21@group-ACF236F30308, cid=176, SUCCESS, logIndex=3, commits[ec28991f-41af-4bab-b94e-cc6842716d21:c4, 0eb04ce9-1058-4e4d-94ed-8d96a31c84bb:c2, 2e125096-a5e6-465f-8d6a-192e832ef6ee:c2]
2019-07-16 15:41:25,379 INFO  client.GrpcClientProtocolClient (GrpcClientProtocolClient.java:onNext(255)) - client-8DE2CA139D9F->ec28991f-41af-4bab-b94e-cc6842716d21: receive RaftClientReply:client-8DE2CA139D9F->ec28991f-41af-4bab-b94e-cc6842716d21@group-ACF236F30308, cid=177, SUCCESS, logIndex=4, commits[ec28991f-41af-4bab-b94e-cc6842716d21:c11, 0eb04ce9-1058-4e4d-94ed-8d96a31c84bb:c8, 2e125096-a5e6-465f-8d6a-192e832ef6ee:c8]
2019-07-16 15:41:25,380 INFO  client.GrpcClientProtocolClient (GrpcClientProtocolClient.java:onNext(255)) - client-8DE2CA139D9F->ec28991f-41af-4bab-b94e-cc6842716d21: receive RaftClientReply:client-8DE2CA139D9F->ec28991f-41af-4bab-b94e-cc6842716d21@group-ACF236F30308, cid=178, SUCCESS, logIndex=5, commits[ec28991f-41af-4bab-b94e-cc6842716d21:c11, 0eb04ce9-1058-4e4d-94ed-8d96a31c84bb:c8, 2e125096-a5e6-465f-8d6a-192e832ef6ee:c8]
2019-07-16 15:41:25,381 INFO  client.GrpcClientProtocolClient (GrpcClientProtocolClient.java:onNext(255)) - client-8DE2CA139D9F->ec28991f-41af-4bab-b94e-cc6842716d21: receive RaftClientReply:client-8DE2CA139D9F->ec28991f-41af-4bab-b94e-cc6842716d21@group-ACF236F30308, cid=179, SUCCESS, logIndex=6, commits[ec28991f-41af-4bab-b94e-cc6842716d21:c11, 0eb04ce9-1058-4e4d-94ed-8d96a31c84bb:c8, 2e125096-a5e6-465f-8d6a-192e832ef6ee:c8]
2019-07-16 15:41:25,483 INFO  client.GrpcClientProtocolClient (GrpcClientProtocolClient.java:onNext(255)) - client-8DE2CA139D9F->ec28991f-41af-4bab-b94e-cc6842716d21: receive RaftClientReply:client-8DE2CA139D9F->ec28991f-41af-4bab-b94e-cc6842716d21@group-ACF236F30308, cid=180, SUCCESS, logIndex=7, commits[ec28991f-41af-4bab-b94e-cc6842716d21:c11, 0eb04ce9-1058-4e4d-94ed-8d96a31c84bb:c8, 2e125096-a5e6-465f-8d6a-192e832ef6ee:c8]
2019-07-16 15:41:25,506 INFO  client.GrpcClientProtocolClient (GrpcClientProtocolClient.java:onNext(255)) - client-8DE2CA139D9F->ec28991f-41af-4bab-b94e-cc6842716d21: receive RaftClientReply:client-8DE2CA139D9F->ec28991f-41af-4bab-b94e-cc6842716d21@group-ACF236F30308, cid=181, SUCCESS, logIndex=12, commits[ec28991f-41af-4bab-b94e-cc6842716d21:c13, 0eb04ce9-1058-4e4d-94ed-8d96a31c84bb:c11, 2e125096-a5e6-465f-8d6a-192e832ef6ee:c11]
2019-07-16 15:41:25,507 INFO  client.GrpcClientProtocolClient (GrpcClientProtocolClient.java:onNext(255)) - client-8DE2CA139D9F->ec28991f-41af-4bab-b94e-cc6842716d21: receive RaftClientReply:client-8DE2CA139D9F->ec28991f-41af-4bab-b94e-cc6842716d21@group-ACF236F30308, cid=182, SUCCESS, logIndex=13, commits[ec28991f-41af-4bab-b94e-cc6842716d21:c13, 0eb04ce9-1058-4e4d-94ed-8d96a31c84bb:c11, 2e125096-a5e6-465f-8d6a-192e832ef6ee:c11]
2019-07-16 15:41:25,524 INFO  client.GrpcClientProtocolClient (GrpcClientProtocolClient.java:onNext(255)) - client-8DE2CA139D9F->ec28991f-41af-4bab-b94e-cc6842716d21: receive RaftClientReply:client-8DE2CA139D9F->ec28991f-41af-4bab-b94e-cc6842716d21@group-ACF236F30308, cid=183, SUCCESS, logIndex=0, commits[ec28991f-41af-4bab-b94e-cc6842716d21:c14, 0eb04ce9-1058-4e4d-94ed-8d96a31c84bb:c13, 2e125096-a5e6-465f-8d6a-192e832ef6ee:c13]
2019-07-16 15:41:25,524 INFO  datanode.ObjectStoreHandler (ObjectStoreHandler.java:close(155)) - Closing ObjectStoreHandler.
2019-07-16 15:41:25,525 INFO  ozone.HddsDatanodeService (HddsDatanodeService.java:stop(452)) - Stopped plug-in org.apache.hadoop.ozone.web.OzoneHddsDatanodeService@58dd1d0c
2019-07-16 15:41:26,291 INFO  statemachine.DatanodeStateMachine (DatanodeStateMachine.java:lambda$startDaemon$0(350)) - Ozone container server started.
2019-07-16 15:41:30,317 INFO  node.StaleNodeHandler (StaleNodeHandler.java:onMessage(58)) - Datanode 0eb04ce9-1058-4e4d-94ed-8d96a31c84bb{ip: 192.168.69.88, host: trunk-nightly-kgw5x-1882989438, networkLocation: /default-rack, certSerialId: null} moved to stale state. Finalizing its pipelines [PipelineID=dcb96188-cb0c-4ccf-87a0-53ecc1987de2, PipelineID=8ef74166-50e8-4af1-be1c-acf236f30308]
2019-07-16 15:41:30,317 INFO  pipeline.SCMPipelineManager (SCMPipelineManager.java:finalizeAndDestroyPipeline(309)) - destroying pipeline:Pipeline[ Id: dcb96188-cb0c-4ccf-87a0-53ecc1987de2, Nodes: 0eb04ce9-1058-4e4d-94ed-8d96a31c84bb{ip: 192.168.69.88, host: trunk-nightly-kgw5x-1882989438, networkLocation: /default-rack, certSerialId: null}, Type:RATIS, Factor:ONE, State:OPEN]
2019-07-16 15:41:30,317 INFO  pipeline.PipelineStateManager (PipelineStateManager.java:finalizePipeline(123)) - Pipeline Pipeline[ Id: dcb96188-cb0c-4ccf-87a0-53ecc1987de2, Nodes: 0eb04ce9-1058-4e4d-94ed-8d96a31c84bb{ip: 192.168.69.88, host: trunk-nightly-kgw5x-1882989438, networkLocation: /default-rack, certSerialId: null}, Type:RATIS, Factor:ONE, State:CLOSED] moved to CLOSED state
2019-07-16 15:41:30,317 INFO  pipeline.SCMPipelineManager (SCMPipelineManager.java:finalizeAndDestroyPipeline(309)) - destroying pipeline:Pipeline[ Id: 8ef74166-50e8-4af1-be1c-acf236f30308, Nodes: 0eb04ce9-1058-4e4d-94ed-8d96a31c84bb{ip: 192.168.69.88, host: trunk-nightly-kgw5x-1882989438, networkLocation: /default-rack, certSerialId: null}ec28991f-41af-4bab-b94e-cc6842716d21{ip: 192.168.69.88, host: trunk-nightly-kgw5x-1882989438, networkLocation: /default-rack, certSerialId: null}2e125096-a5e6-465f-8d6a-192e832ef6ee{ip: 192.168.69.88, host: trunk-nightly-kgw5x-1882989438, networkLocation: /default-rack, certSerialId: null}, Type:RATIS, Factor:THREE, State:OPEN]
2019-07-16 15:41:30,318 INFO  pipeline.PipelineStateManager (PipelineStateManager.java:finalizePipeline(123)) - Pipeline Pipeline[ Id: 8ef74166-50e8-4af1-be1c-acf236f30308, Nodes: 0eb04ce9-1058-4e4d-94ed-8d96a31c84bb{ip: 192.168.69.88, host: trunk-nightly-kgw5x-1882989438, networkLocation: /default-rack, certSerialId: null}ec28991f-41af-4bab-b94e-cc6842716d21{ip: 192.168.69.88, host: trunk-nightly-kgw5x-1882989438, networkLocation: /default-rack, certSerialId: null}2e125096-a5e6-465f-8d6a-192e832ef6ee{ip: 192.168.69.88, host: trunk-nightly-kgw5x-1882989438, networkLocation: /default-rack, certSerialId: null}, Type:RATIS, Factor:THREE, State:CLOSED] moved to CLOSED state
2019-07-16 15:41:30,318 INFO  container.CloseContainerEventHandler (CloseContainerEventHandler.java:onMessage(61)) - Close container Event triggered for container : #1
2019-07-16 15:41:30,526 INFO  ozoneimpl.OzoneContainer (OzoneContainer.java:stop(199)) - Attempting to stop container services.
2019-07-16 15:41:30,526 INFO  impl.RaftServerProxy (RaftServerProxy.java:lambda$close$4(314)) - 0eb04ce9-1058-4e4d-94ed-8d96a31c84bb: close
2019-07-16 15:41:30,527 INFO  impl.RaftServerImpl (RaftServerImpl.java:lambda$shutdown$3(245)) - 0eb04ce9-1058-4e4d-94ed-8d96a31c84bb: shutdown group-53ECC1987DE2
2019-07-16 15:41:30,527 INFO  util.JmxRegister (JmxRegister.java:unregister(73)) - Successfully un-registered JMX Bean with object name Ratis:service=RaftServer,group=group-53ECC1987DE2,id=0eb04ce9-1058-4e4d-94ed-8d96a31c84bb
2019-07-16 15:41:30,527 INFO  impl.RaftServerImpl (RaftServerImpl.java:lambda$shutdown$3(245)) - 0eb04ce9-1058-4e4d-94ed-8d96a31c84bb: shutdown group-ACF236F30308
2019-07-16 15:41:30,528 INFO  impl.RoleInfo (RoleInfo.java:shutdownLeaderState(104)) - 0eb04ce9-1058-4e4d-94ed-8d96a31c84bb: shutdown LeaderState
2019-07-16 15:41:30,528 INFO  util.JmxRegister (JmxRegister.java:unregister(73)) - Successfully un-registered JMX Bean with object name Ratis:service=RaftServer,group=group-ACF236F30308,id=0eb04ce9-1058-4e4d-94ed-8d96a31c84bb
2019-07-16 15:41:30,532 INFO  impl.PendingRequests (PendingRequests.java:sendNotLeaderResponses(202)) - 0eb04ce9-1058-4e4d-94ed-8d96a31c84bb-PendingRequests: sendNotLeaderResponses
2019-07-16 15:41:30,532 INFO  impl.RoleInfo (RoleInfo.java:shutdownFollowerState(121)) - 0eb04ce9-1058-4e4d-94ed-8d96a31c84bb: shutdown FollowerState
2019-07-16 15:41:30,533 INFO  impl.StateMachineUpdater (StateMachineUpdater.java:stopAndJoin(115)) - StateMachineUpdater:0eb04ce9-1058-4e4d-94ed-8d96a31c84bb:group-53ECC1987DE2: set stopIndex = 0
2019-07-16 15:41:30,533 INFO  impl.FollowerState (FollowerState.java:run(114)) - 0eb04ce9-1058-4e4d-94ed-8d96a31c84bb: FollowerState was interrupted: java.lang.InterruptedException: sleep interrupted
2019-07-16 15:41:30,533 INFO  ratis.ContainerStateMachine (ContainerStateMachine.java:takeSnapshot(249)) - group-ACF236F30308: Taking a snapshot at:(t:1, i:13) file /workdir/hadoop-ozone/integration-test/target/test-dir/MiniOzoneClusterImpl-c63d3b4f-5676-42d9-a01a-77c7ca3a5d27/datanode-0/data/ratis/8ef74166-50e8-4af1-be1c-acf236f30308/sm/snapshot.1_13
2019-07-16 15:41:30,533 INFO  impl.StateMachineUpdater (StateMachineUpdater.java:stopAndJoin(115)) - StateMachineUpdater:0eb04ce9-1058-4e4d-94ed-8d96a31c84bb:group-ACF236F30308: set stopIndex = 15
2019-07-16 15:41:30,533 INFO  impl.RaftServerImpl (ServerState.java:close(394)) - 0eb04ce9-1058-4e4d-94ed-8d96a31c84bb:group-53ECC1987DE2 closes. The last applied log index is 0
2019-07-16 15:41:30,537 INFO  ratis.ContainerStateMachine (ContainerStateMachine.java:takeSnapshot(257)) - group-ACF236F30308: Finished taking a snapshot at:(t:1, i:13) file:/workdir/hadoop-ozone/integration-test/target/test-dir/MiniOzoneClusterImpl-c63d3b4f-5676-42d9-a01a-77c7ca3a5d27/datanode-0/data/ratis/8ef74166-50e8-4af1-be1c-acf236f30308/sm/snapshot.1_13 time:3
2019-07-16 15:41:30,537 INFO  impl.StateMachineUpdater (StateMachineUpdater.java:takeSnapshot(242)) - StateMachineUpdater:0eb04ce9-1058-4e4d-94ed-8d96a31c84bb:group-ACF236F30308: Took a snapshot at index 13
2019-07-16 15:41:30,537 INFO  impl.StateMachineUpdater (StateMachineUpdater.java:lambda$new$0(80)) - StateMachineUpdater:0eb04ce9-1058-4e4d-94ed-8d96a31c84bb:group-ACF236F30308: snapshotIndex: updateIncreasingly -1 -> 13
2019-07-16 15:41:30,537 INFO  segmented.SegmentedRaftLogWorker (SegmentedRaftLogWorker.java:run(313)) - 0eb04ce9-1058-4e4d-94ed-8d96a31c84bb-SegmentedRaftLogWorker:Storage Directory /workdir/hadoop-ozone/integration-test/target/test-dir/MiniOzoneClusterImpl-c63d3b4f-5676-42d9-a01a-77c7ca3a5d27/datanode-0/data/ratis/dcb96188-cb0c-4ccf-87a0-53ecc1987de2 was interrupted, exiting. There are 0 tasks remaining in the queue.
2019-07-16 15:41:30,537 INFO  impl.RaftServerImpl (ServerState.java:close(394)) - 0eb04ce9-1058-4e4d-94ed-8d96a31c84bb:group-ACF236F30308 closes. The last applied log index is 15
2019-07-16 15:41:30,540 INFO  segmented.SegmentedRaftLogWorker (SegmentedRaftLogWorker.java:close(228)) - 0eb04ce9-1058-4e4d-94ed-8d96a31c84bb-SegmentedRaftLogWorker:Storage Directory /workdir/hadoop-ozone/integration-test/target/test-dir/MiniOzoneClusterImpl-c63d3b4f-5676-42d9-a01a-77c7ca3a5d27/datanode-0/data/ratis/dcb96188-cb0c-4ccf-87a0-53ecc1987de2 close()
2019-07-16 15:41:30,540 INFO  segmented.SegmentedRaftLogWorker (SegmentedRaftLogWorker.java:run(313)) - 0eb04ce9-1058-4e4d-94ed-8d96a31c84bb-SegmentedRaftLogWorker:Storage Directory /workdir/hadoop-ozone/integration-test/target/test-dir/MiniOzoneClusterImpl-c63d3b4f-5676-42d9-a01a-77c7ca3a5d27/datanode-0/data/ratis/8ef74166-50e8-4af1-be1c-acf236f30308 was interrupted, exiting. There are 0 tasks remaining in the queue.
2019-07-16 15:41:30,547 INFO  segmented.SegmentedRaftLogWorker (SegmentedRaftLogWorker.java:close(228)) - 0eb04ce9-1058-4e4d-94ed-8d96a31c84bb-SegmentedRaftLogWorker:Storage Directory /workdir/hadoop-ozone/integration-test/target/test-dir/MiniOzoneClusterImpl-c63d3b4f-5676-42d9-a01a-77c7ca3a5d27/datanode-0/data/ratis/8ef74166-50e8-4af1-be1c-acf236f30308 close()
2019-07-16 15:41:30,551 INFO  server.GrpcService (GrpcService.java:closeImpl(155)) - 0eb04ce9-1058-4e4d-94ed-8d96a31c84bb: shutdown server with port 42184 now
2019-07-16 15:41:30,552 WARN  server.GrpcServerProtocolService (LogUtils.java:warn(134)) - 0eb04ce9-1058-4e4d-94ed-8d96a31c84bb: appendEntries onError: org.apache.ratis.thirdparty.io.grpc.StatusRuntimeException: CANCELLED: cancelled before receiving half close
2019-07-16 15:41:30,552 INFO  server.GrpcService (GrpcService.java:closeImpl(163)) - 0eb04ce9-1058-4e4d-94ed-8d96a31c84bb: shutdown server with port 42184 successfully
2019-07-16 15:41:30,553 WARN  server.GrpcLogAppender (LogUtils.java:warn(134)) - ec28991f-41af-4bab-b94e-cc6842716d21->0eb04ce9-1058-4e4d-94ed-8d96a31c84bb: Failed appendEntries: org.apache.ratis.thirdparty.io.grpc.StatusRuntimeException: CANCELLED: HTTP/2 error code: CANCEL
Received Rst Stream
2019-07-16 15:41:30,553 INFO  impl.FollowerInfo (FollowerInfo.java:lambda$new$0(50)) - ec28991f-41af-4bab-b94e-cc6842716d21->0eb04ce9-1058-4e4d-94ed-8d96a31c84bb: nextIndex: updateUnconditionally 16 -> 15
2019-07-16 15:41:30,554 INFO  utils.BackgroundService (BackgroundService.java:shutdown(148)) - Shutting down service BlockDeletingService
2019-07-16 15:41:30,555 WARN  fs.CachingGetSpaceUsed (CachingGetSpaceUsed.java:run(183)) - Thread Interrupted waiting to refresh disk information: sleep interrupted
2019-07-16 15:41:30,576 INFO  statemachine.DatanodeStateMachine (DatanodeStateMachine.java:stopDaemon(395)) - Ozone container server stopped.
2019-07-16 15:41:30,578 INFO  handler.ContextHandler (ContextHandler.java:doStop(910)) - Stopped o.e.j.w.WebAppContext@60cbba57{/,null,UNAVAILABLE}{/hddsDatanode}
2019-07-16 15:41:30,578 INFO  server.AbstractConnector (AbstractConnector.java:doStop(318)) - Stopped ServerConnector@614d01b{HTTP/1.1,[http/1.1]}{0.0.0.0:0}
2019-07-16 15:41:30,579 INFO  handler.ContextHandler (ContextHandler.java:doStop(910)) - Stopped o.e.j.s.ServletContextHandler@709c6768{/static,jar:file:/home/user/.m2/repository/org/apache/hadoop/hadoop-hdds-container-service/0.5.0-SNAPSHOT/hadoop-hdds-container-service-0.5.0-SNAPSHOT.jar!/webapps/static,UNAVAILABLE}
2019-07-16 15:41:30,579 INFO  handler.ContextHandler (ContextHandler.java:doStop(910)) - Stopped o.e.j.s.ServletContextHandler@5924ea91{/logs,file:///workdir/hadoop-ozone/integration-test/target/log,UNAVAILABLE}
2019-07-16 15:41:30,587 WARN  server.GrpcLogAppender (LogUtils.java:warn(134)) - ec28991f-41af-4bab-b94e-cc6842716d21->0eb04ce9-1058-4e4d-94ed-8d96a31c84bb: Failed appendEntries: org.apache.ratis.thirdparty.io.grpc.StatusRuntimeException: UNAVAILABLE: io exception
2019-07-16 15:41:30,587 INFO  impl.FollowerInfo (FollowerInfo.java:lambda$new$0(50)) - ec28991f-41af-4bab-b94e-cc6842716d21->0eb04ce9-1058-4e4d-94ed-8d96a31c84bb: nextIndex: updateUnconditionally 16 -> 15
2019-07-16 15:41:30,589 WARN  server.GrpcLogAppender (LogUtils.java:warn(134)) - ec28991f-41af-4bab-b94e-cc6842716d21->0eb04ce9-1058-4e4d-94ed-8d96a31c84bb: Failed appendEntries: org.apache.ratis.thirdparty.io.grpc.StatusRuntimeException: UNAVAILABLE: io exception
2019-07-16 15:41:30,589 INFO  impl.FollowerInfo (FollowerInfo.java:lambda$new$0(50)) - ec28991f-41af-4bab-b94e-cc6842716d21->0eb04ce9-1058-4e4d-94ed-8d96a31c84bb: nextIndex: updateUnconditionally 16 -> 15
2019-07-16 15:41:30,598 WARN  server.GrpcLogAppender (LogUtils.java:warn(134)) - ec28991f-41af-4bab-b94e-cc6842716d21->0eb04ce9-1058-4e4d-94ed-8d96a31c84bb: Failed appendEntries: org.apache.ratis.thirdparty.io.grpc.StatusRuntimeException: UNAVAILABLE: io exception
2019-07-16 15:41:30,598 INFO  client.GrpcClientProtocolClient (GrpcClientProtocolClient.java:onNext(255)) - client-8DE2CA139D9F->ec28991f-41af-4bab-b94e-cc6842716d21: receive RaftClientReply:client-8DE2CA139D9F->ec28991f-41af-4bab-b94e-cc6842716d21@group-ACF236F30308, cid=184, SUCCESS, logIndex=16, commits[ec28991f-41af-4bab-b94e-cc6842716d21:c17, 0eb04ce9-1058-4e4d-94ed-8d96a31c84bb:c15, 2e125096-a5e6-465f-8d6a-192e832ef6ee:c15]
2019-07-16 15:41:30,598 INFO  impl.FollowerInfo (FollowerInfo.java:lambda$new$0(50)) - ec28991f-41af-4bab-b94e-cc6842716d21->0eb04ce9-1058-4e4d-94ed-8d96a31c84bb: nextIndex: updateUnconditionally 16 -> 15
2019-07-16 15:41:30,615 INFO  client.GrpcClientProtocolClient (GrpcClientProtocolClient.java:onNext(255)) - client-8DE2CA139D9F->ec28991f-41af-4bab-b94e-cc6842716d21: receive RaftClientReply:client-8DE2CA139D9F->ec28991f-41af-4bab-b94e-cc6842716d21@group-ACF236F30308, cid=185, SUCCESS, logIndex=17, commits[ec28991f-41af-4bab-b94e-cc6842716d21:c17, 0eb04ce9-1058-4e4d-94ed-8d96a31c84bb:c15, 2e125096-a5e6-465f-8d6a-192e832ef6ee:c15]
2019-07-16 15:41:30,616 WARN  server.GrpcLogAppender (LogUtils.java:warn(134)) - ec28991f-41af-4bab-b94e-cc6842716d21->0eb04ce9-1058-4e4d-94ed-8d96a31c84bb: Failed appendEntries: org.apache.ratis.thirdparty.io.grpc.StatusRuntimeException: UNAVAILABLE: io exception
2019-07-16 15:41:30,617 INFO  client.GrpcClientProtocolClient (GrpcClientProtocolClient.java:onNext(255)) - client-8DE2CA139D9F->ec28991f-41af-4bab-b94e-cc6842716d21: receive RaftClientReply:client-8DE2CA139D9F->ec28991f-41af-4bab-b94e-cc6842716d21@group-ACF236F30308, cid=186, SUCCESS, logIndex=18, commits[ec28991f-41af-4bab-b94e-cc6842716d21:c20, 0eb04ce9-1058-4e4d-94ed-8d96a31c84bb:c15, 2e125096-a5e6-465f-8d6a-192e832ef6ee:c15]
2019-07-16 15:41:30,617 INFO  impl.FollowerInfo (FollowerInfo.java:lambda$new$0(50)) - ec28991f-41af-4bab-b94e-cc6842716d21->0eb04ce9-1058-4e4d-94ed-8d96a31c84bb: nextIndex: updateUnconditionally 16 -> 15
2019-07-16 15:41:30,617 INFO  client.GrpcClientProtocolClient (GrpcClientProtocolClient.java:onNext(255)) - client-8DE2CA139D9F->ec28991f-41af-4bab-b94e-cc6842716d21: receive RaftClientReply:client-8DE2CA139D9F->ec28991f-41af-4bab-b94e-cc6842716d21@group-ACF236F30308, cid=187, SUCCESS, logIndex=19, commits[ec28991f-41af-4bab-b94e-cc6842716d21:c23, 0eb04ce9-1058-4e4d-94ed-8d96a31c84bb:c15, 2e125096-a5e6-465f-8d6a-192e832ef6ee:c17]
2019-07-16 15:41:30,618 INFO  client.GrpcClientProtocolClient (GrpcClientProtocolClient.java:onNext(255)) - client-8DE2CA139D9F->ec28991f-41af-4bab-b94e-cc6842716d21: receive RaftClientReply:client-8DE2CA139D9F->ec28991f-41af-4bab-b94e-cc6842716d21@group-ACF236F30308, cid=188, SUCCESS, logIndex=20, commits[ec28991f-41af-4bab-b94e-cc6842716d21:c23, 0eb04ce9-1058-4e4d-94ed-8d96a31c84bb:c15, 2e125096-a5e6-465f-8d6a-192e832ef6ee:c17]
2019-07-16 15:41:30,618 INFO  client.GrpcClientProtocolClient (GrpcClientProtocolClient.java:onNext(255)) - client-8DE2CA139D9F->ec28991f-41af-4bab-b94e-cc6842716d21: receive RaftClientReply:client-8DE2CA139D9F->ec28991f-41af-4bab-b94e-cc6842716d21@group-ACF236F30308, cid=189, SUCCESS, logIndex=21, commits[ec28991f-41af-4bab-b94e-cc6842716d21:c23, 0eb04ce9-1058-4e4d-94ed-8d96a31c84bb:c15, 2e125096-a5e6-465f-8d6a-192e832ef6ee:c17]
2019-07-16 15:41:30,629 WARN  server.GrpcLogAppender (LogUtils.java:warn(134)) - ec28991f-41af-4bab-b94e-cc6842716d21->0eb04ce9-1058-4e4d-94ed-8d96a31c84bb: Failed appendEntries: org.apache.ratis.thirdparty.io.grpc.StatusRuntimeException: UNAVAILABLE: io exception
2019-07-16 15:41:30,629 INFO  impl.FollowerInfo (FollowerInfo.java:lambda$new$0(50)) - ec28991f-41af-4bab-b94e-cc6842716d21->0eb04ce9-1058-4e4d-94ed-8d96a31c84bb: nextIndex: updateUnconditionally 16 -> 15
2019-07-16 15:41:31,619 WARN  scm.XceiverClientRatis (XceiverClientRatis.java:watchForCommit(262)) - 3 way commit failed on pipeline Pipeline[ Id: 8ef74166-50e8-4af1-be1c-acf236f30308, Nodes: 0eb04ce9-1058-4e4d-94ed-8d96a31c84bb{ip: 192.168.69.88, host: trunk-nightly-kgw5x-1882989438, networkLocation: /default-rack, certSerialId: null}ec28991f-41af-4bab-b94e-cc6842716d21{ip: 192.168.69.88, host: trunk-nightly-kgw5x-1882989438, networkLocation: /default-rack, certSerialId: null}2e125096-a5e6-465f-8d6a-192e832ef6ee{ip: 192.168.69.88, host: trunk-nightly-kgw5x-1882989438, networkLocation: /default-rack, certSerialId: null}, Type:RATIS, Factor:THREE, State:OPEN]
java.util.concurrent.TimeoutException
	at java.util.concurrent.CompletableFuture.timedGet(CompletableFuture.java:1771)
	at java.util.concurrent.CompletableFuture.get(CompletableFuture.java:1915)
	at org.apache.hadoop.hdds.scm.XceiverClientRatis.watchForCommit(XceiverClientRatis.java:259)
	at org.apache.hadoop.hdds.scm.storage.CommitWatcher.watchForCommit(CommitWatcher.java:194)
	at org.apache.hadoop.hdds.scm.storage.CommitWatcher.watchOnLastIndex(CommitWatcher.java:157)
	at org.apache.hadoop.hdds.scm.storage.BlockOutputStream.watchForCommit(BlockOutputStream.java:348)
	at org.apache.hadoop.hdds.scm.storage.BlockOutputStream.handleFlush(BlockOutputStream.java:480)
	at org.apache.hadoop.hdds.scm.storage.BlockOutputStream.close(BlockOutputStream.java:494)
	at org.apache.hadoop.ozone.client.io.BlockOutputStreamEntry.close(BlockOutputStreamEntry.java:143)
	at org.apache.hadoop.ozone.client.io.KeyOutputStream.handleFlushOrClose(KeyOutputStream.java:438)
	at org.apache.hadoop.ozone.client.io.KeyOutputStream.handleWrite(KeyOutputStream.java:235)
	at org.apache.hadoop.ozone.client.io.KeyOutputStream.write(KeyOutputStream.java:193)
	at org.apache.hadoop.ozone.client.io.OzoneOutputStream.write(OzoneOutputStream.java:49)
	at java.io.OutputStream.write(OutputStream.java:75)
	at org.apache.hadoop.ozone.client.rpc.TestBlockOutputStreamWithFailures.testWatchForCommitDatanodeFailure(TestBlockOutputStreamWithFailures.java:363)
	at sun.reflect.NativeMethodAccessorImpl.invoke0(Native Method)
	at sun.reflect.NativeMethodAccessorImpl.invoke(NativeMethodAccessorImpl.java:62)
	at sun.reflect.DelegatingMethodAccessorImpl.invoke(DelegatingMethodAccessorImpl.java:43)
	at java.lang.reflect.Method.invoke(Method.java:498)
	at org.junit.runners.model.FrameworkMethod$1.runReflectiveCall(FrameworkMethod.java:47)
	at org.junit.internal.runners.model.ReflectiveCallable.run(ReflectiveCallable.java:12)
	at org.junit.runners.model.FrameworkMethod.invokeExplosively(FrameworkMethod.java:44)
	at org.junit.internal.runners.statements.InvokeMethod.evaluate(InvokeMethod.java:17)
	at org.junit.internal.runners.statements.RunBefores.evaluate(RunBefores.java:26)
	at org.junit.internal.runners.statements.RunAfters.evaluate(RunAfters.java:27)
	at org.junit.runners.ParentRunner.runLeaf(ParentRunner.java:271)
	at org.junit.runners.BlockJUnit4ClassRunner.runChild(BlockJUnit4ClassRunner.java:70)
	at org.junit.runners.BlockJUnit4ClassRunner.runChild(BlockJUnit4ClassRunner.java:50)
	at org.junit.runners.ParentRunner$3.run(ParentRunner.java:238)
	at org.junit.runners.ParentRunner$1.schedule(ParentRunner.java:63)
	at org.junit.runners.ParentRunner.runChildren(ParentRunner.java:236)
	at org.junit.runners.ParentRunner.access$000(ParentRunner.java:53)
	at org.junit.runners.ParentRunner$2.evaluate(ParentRunner.java:229)
	at org.junit.runners.ParentRunner.run(ParentRunner.java:309)
	at org.apache.maven.surefire.junit4.JUnit4Provider.execute(JUnit4Provider.java:365)
	at org.apache.maven.surefire.junit4.JUnit4Provider.executeWithRerun(JUnit4Provider.java:273)
	at org.apache.maven.surefire.junit4.JUnit4Provider.executeTestSet(JUnit4Provider.java:238)
	at org.apache.maven.surefire.junit4.JUnit4Provider.invoke(JUnit4Provider.java:159)
	at org.apache.maven.surefire.booter.ForkedBooter.invokeProviderInSameClassLoader(ForkedBooter.java:384)
	at org.apache.maven.surefire.booter.ForkedBooter.runSuitesInProcess(ForkedBooter.java:345)
	at org.apache.maven.surefire.booter.ForkedBooter.execute(ForkedBooter.java:126)
	at org.apache.maven.surefire.booter.ForkedBooter.main(ForkedBooter.java:418)
2019-07-16 15:41:31,623 INFO  client.GrpcClientProtocolClient (GrpcClientProtocolClient.java:onNext(255)) - client-8DE2CA139D9F->ec28991f-41af-4bab-b94e-cc6842716d21: receive RaftClientReply:client-8DE2CA139D9F->ec28991f-41af-4bab-b94e-cc6842716d21@group-ACF236F30308, cid=191, SUCCESS, logIndex=0, commits[ec28991f-41af-4bab-b94e-cc6842716d21:c26, 0eb04ce9-1058-4e4d-94ed-8d96a31c84bb:c15, 2e125096-a5e6-465f-8d6a-192e832ef6ee:c21]
2019-07-16 15:41:31,626 INFO  scm.XceiverClientRatis (XceiverClientRatis.java:lambda$watchForCommit$7(280)) - Could not commit index 21 on pipeline Pipeline[ Id: 8ef74166-50e8-4af1-be1c-acf236f30308, Nodes: 0eb04ce9-1058-4e4d-94ed-8d96a31c84bb{ip: 192.168.69.88, host: trunk-nightly-kgw5x-1882989438, networkLocation: /default-rack, certSerialId: null}ec28991f-41af-4bab-b94e-cc6842716d21{ip: 192.168.69.88, host: trunk-nightly-kgw5x-1882989438, networkLocation: /default-rack, certSerialId: null}2e125096-a5e6-465f-8d6a-192e832ef6ee{ip: 192.168.69.88, host: trunk-nightly-kgw5x-1882989438, networkLocation: /default-rack, certSerialId: null}, Type:RATIS, Factor:THREE, State:OPEN] to all the nodes. Server 0eb04ce9-1058-4e4d-94ed-8d96a31c84bb has failed. Committed by majority.
2019-07-16 15:41:31,627 WARN  storage.BlockOutputStream (BlockOutputStream.java:watchForCommit(354)) - Failed to commit BlockId conID: 1 locID: 102451883546771470 bcsId: 21 on Pipeline[ Id: 8ef74166-50e8-4af1-be1c-acf236f30308, Nodes: 0eb04ce9-1058-4e4d-94ed-8d96a31c84bb{ip: 192.168.69.88, host: trunk-nightly-kgw5x-1882989438, networkLocation: /default-rack, certSerialId: null}ec28991f-41af-4bab-b94e-cc6842716d21{ip: 192.168.69.88, host: trunk-nightly-kgw5x-1882989438, networkLocation: /default-rack, certSerialId: null}2e125096-a5e6-465f-8d6a-192e832ef6ee{ip: 192.168.69.88, host: trunk-nightly-kgw5x-1882989438, networkLocation: /default-rack, certSerialId: null}, Type:RATIS, Factor:THREE, State:OPEN]. Failed nodes: [0eb04ce9-1058-4e4d-94ed-8d96a31c84bb{ip: null, host: null, networkLocation: /default-rack, certSerialId: null}]
2019-07-16 15:41:31,627 INFO  ozone.MiniOzoneClusterImpl (MiniOzoneClusterImpl.java:shutdown(321)) - Shutting down the Mini Ozone Cluster
2019-07-16 15:41:31,628 INFO  ozone.MiniOzoneClusterImpl (MiniOzoneClusterImpl.java:stop(336)) - Stopping the Mini Ozone Cluster
2019-07-16 15:41:31,628 INFO  ozone.MiniOzoneClusterImpl (MiniOzoneClusterImpl.java:stop(338)) - Stopping the OzoneManager
2019-07-16 15:41:31,628 INFO  ipc.Server (Server.java:stop(3082)) - Stopping server on 43694
2019-07-16 15:41:31,638 INFO  ipc.Server (Server.java:run(1185)) - Stopping IPC Server listener on 43694
2019-07-16 15:41:31,640 INFO  utils.BackgroundService (BackgroundService.java:shutdown(148)) - Shutting down service KeyDeletingService
2019-07-16 15:41:31,640 INFO  ipc.Server (Server.java:run(1319)) - Stopping IPC Server Responder
2019-07-16 15:41:31,670 INFO  handler.ContextHandler (ContextHandler.java:doStop(910)) - Stopped o.e.j.w.WebAppContext@6b23897a{/,null,UNAVAILABLE}{/ozoneManager}
2019-07-16 15:41:31,671 INFO  server.AbstractConnector (AbstractConnector.java:doStop(318)) - Stopped ServerConnector@40dd2cfe{HTTP/1.1,[http/1.1]}{0.0.0.0:0}
2019-07-16 15:41:31,671 INFO  handler.ContextHandler (ContextHandler.java:doStop(910)) - Stopped o.e.j.s.ServletContextHandler@643f8ebe{/static,file:///workdir/hadoop-ozone/integration-test/target/test-classes/webapps/static,UNAVAILABLE}
2019-07-16 15:41:31,672 INFO  handler.ContextHandler (ContextHandler.java:doStop(910)) - Stopped o.e.j.s.ServletContextHandler@5f815f93{/logs,file:///workdir/hadoop-ozone/integration-test/target/log,UNAVAILABLE}
2019-07-16 15:41:31,685 INFO  ozone.MiniOzoneClusterImpl (MiniOzoneClusterImpl.java:stop(344)) - Shutting the HddsDatanodes
2019-07-16 15:41:31,685 INFO  datanode.ObjectStoreHandler (ObjectStoreHandler.java:close(155)) - Closing ObjectStoreHandler.
2019-07-16 15:41:31,686 INFO  datanode.ObjectStoreHandler (ObjectStoreHandler.java:close(155)) - Closing ObjectStoreHandler.
2019-07-16 15:41:31,686 INFO  ozone.HddsDatanodeService (HddsDatanodeService.java:stop(452)) - Stopped plug-in org.apache.hadoop.ozone.web.OzoneHddsDatanodeService@58178b69
2019-07-16 15:41:31,686 INFO  ozone.HddsDatanodeService (HddsDatanodeService.java:stop(452)) - Stopped plug-in org.apache.hadoop.ozone.web.OzoneHddsDatanodeService@5fc76532
2019-07-16 15:41:32,291 INFO  statemachine.DatanodeStateMachine (DatanodeStateMachine.java:lambda$startDaemon$0(350)) - Ozone container server started.
2019-07-16 15:41:32,671 INFO  statemachine.DatanodeStateMachine (DatanodeStateMachine.java:lambda$startDaemon$0(350)) - Ozone container server started.
2019-07-16 15:41:33,131 WARN  server.GrpcLogAppender (LogUtils.java:warn(134)) - ec28991f-41af-4bab-b94e-cc6842716d21->0eb04ce9-1058-4e4d-94ed-8d96a31c84bb: Failed appendEntries: org.apache.ratis.thirdparty.io.grpc.StatusRuntimeException: UNAVAILABLE: io exception
2019-07-16 15:41:33,131 INFO  impl.FollowerInfo (FollowerInfo.java:lambda$new$0(50)) - ec28991f-41af-4bab-b94e-cc6842716d21->0eb04ce9-1058-4e4d-94ed-8d96a31c84bb: nextIndex: updateUnconditionally 15 -> 14
2019-07-16 15:41:35,631 WARN  server.GrpcLogAppender (LogUtils.java:warn(134)) - ec28991f-41af-4bab-b94e-cc6842716d21->0eb04ce9-1058-4e4d-94ed-8d96a31c84bb: Failed appendEntries: org.apache.ratis.thirdparty.io.grpc.StatusRuntimeException: UNAVAILABLE: io exception
2019-07-16 15:41:35,632 INFO  impl.FollowerInfo (FollowerInfo.java:lambda$new$0(50)) - ec28991f-41af-4bab-b94e-cc6842716d21->0eb04ce9-1058-4e4d-94ed-8d96a31c84bb: nextIndex: updateUnconditionally 14 -> 13
2019-07-16 15:41:36,327 INFO  node.StaleNodeHandler (StaleNodeHandler.java:onMessage(58)) - Datanode ec28991f-41af-4bab-b94e-cc6842716d21{ip: 192.168.69.88, host: trunk-nightly-kgw5x-1882989438, networkLocation: /default-rack, certSerialId: null} moved to stale state. Finalizing its pipelines [PipelineID=21fd405f-fa41-4021-a578-4e1d22b37395, PipelineID=8ef74166-50e8-4af1-be1c-acf236f30308]
2019-07-16 15:41:36,327 INFO  pipeline.SCMPipelineManager (SCMPipelineManager.java:finalizeAndDestroyPipeline(309)) - destroying pipeline:Pipeline[ Id: 21fd405f-fa41-4021-a578-4e1d22b37395, Nodes: ec28991f-41af-4bab-b94e-cc6842716d21{ip: 192.168.69.88, host: trunk-nightly-kgw5x-1882989438, networkLocation: /default-rack, certSerialId: null}, Type:RATIS, Factor:ONE, State:OPEN]
2019-07-16 15:41:36,327 INFO  pipeline.PipelineStateManager (PipelineStateManager.java:finalizePipeline(123)) - Pipeline Pipeline[ Id: 21fd405f-fa41-4021-a578-4e1d22b37395, Nodes: ec28991f-41af-4bab-b94e-cc6842716d21{ip: 192.168.69.88, host: trunk-nightly-kgw5x-1882989438, networkLocation: /default-rack, certSerialId: null}, Type:RATIS, Factor:ONE, State:CLOSED] moved to CLOSED state
2019-07-16 15:41:36,328 INFO  pipeline.SCMPipelineManager (SCMPipelineManager.java:finalizeAndDestroyPipeline(309)) - destroying pipeline:Pipeline[ Id: 8ef74166-50e8-4af1-be1c-acf236f30308, Nodes: 0eb04ce9-1058-4e4d-94ed-8d96a31c84bb{ip: 192.168.69.88, host: trunk-nightly-kgw5x-1882989438, networkLocation: /default-rack, certSerialId: null}ec28991f-41af-4bab-b94e-cc6842716d21{ip: 192.168.69.88, host: trunk-nightly-kgw5x-1882989438, networkLocation: /default-rack, certSerialId: null}2e125096-a5e6-465f-8d6a-192e832ef6ee{ip: 192.168.69.88, host: trunk-nightly-kgw5x-1882989438, networkLocation: /default-rack, certSerialId: null}, Type:RATIS, Factor:THREE, State:CLOSED]
2019-07-16 15:41:36,687 INFO  ozoneimpl.OzoneContainer (OzoneContainer.java:stop(199)) - Attempting to stop container services.
2019-07-16 15:41:36,687 INFO  ozoneimpl.OzoneContainer (OzoneContainer.java:stop(199)) - Attempting to stop container services.
2019-07-16 15:41:36,688 INFO  impl.RaftServerProxy (RaftServerProxy.java:lambda$close$4(314)) - bc6d3eca-a563-4611-a7d6-3473bb87d697: close
2019-07-16 15:41:36,688 INFO  impl.RaftServerProxy (RaftServerProxy.java:lambda$close$4(314)) - ec28991f-41af-4bab-b94e-cc6842716d21: close
2019-07-16 15:41:36,688 INFO  impl.RaftServerImpl (RaftServerImpl.java:lambda$shutdown$3(245)) - bc6d3eca-a563-4611-a7d6-3473bb87d697: shutdown group-8BF8A8AA6D97
2019-07-16 15:41:36,688 INFO  impl.RaftServerImpl (RaftServerImpl.java:lambda$shutdown$3(245)) - ec28991f-41af-4bab-b94e-cc6842716d21: shutdown group-4E1D22B37395
2019-07-16 15:41:36,689 INFO  util.JmxRegister (JmxRegister.java:unregister(73)) - Successfully un-registered JMX Bean with object name Ratis:service=RaftServer,group=group-8BF8A8AA6D97,id=bc6d3eca-a563-4611-a7d6-3473bb87d697
2019-07-16 15:41:36,689 INFO  util.JmxRegister (JmxRegister.java:unregister(73)) - Successfully un-registered JMX Bean with object name Ratis:service=RaftServer,group=group-4E1D22B37395,id=ec28991f-41af-4bab-b94e-cc6842716d21
2019-07-16 15:41:36,689 INFO  impl.RoleInfo (RoleInfo.java:shutdownLeaderState(104)) - bc6d3eca-a563-4611-a7d6-3473bb87d697: shutdown LeaderState
2019-07-16 15:41:36,690 INFO  impl.RoleInfo (RoleInfo.java:shutdownLeaderState(104)) - ec28991f-41af-4bab-b94e-cc6842716d21: shutdown LeaderState
2019-07-16 15:41:36,690 INFO  impl.PendingRequests (PendingRequests.java:sendNotLeaderResponses(202)) - bc6d3eca-a563-4611-a7d6-3473bb87d697-PendingRequests: sendNotLeaderResponses
2019-07-16 15:41:36,690 INFO  impl.PendingRequests (PendingRequests.java:sendNotLeaderResponses(202)) - ec28991f-41af-4bab-b94e-cc6842716d21-PendingRequests: sendNotLeaderResponses
2019-07-16 15:41:36,691 INFO  impl.StateMachineUpdater (StateMachineUpdater.java:stopAndJoin(115)) - StateMachineUpdater:bc6d3eca-a563-4611-a7d6-3473bb87d697:group-8BF8A8AA6D97: set stopIndex = 0
2019-07-16 15:41:36,691 INFO  impl.StateMachineUpdater (StateMachineUpdater.java:stopAndJoin(115)) - StateMachineUpdater:ec28991f-41af-4bab-b94e-cc6842716d21:group-4E1D22B37395: set stopIndex = 0
2019-07-16 15:41:36,691 INFO  impl.RaftServerImpl (ServerState.java:close(394)) - bc6d3eca-a563-4611-a7d6-3473bb87d697:group-8BF8A8AA6D97 closes. The last applied log index is 0
2019-07-16 15:41:36,692 INFO  impl.RaftServerImpl (ServerState.java:close(394)) - ec28991f-41af-4bab-b94e-cc6842716d21:group-4E1D22B37395 closes. The last applied log index is 0
2019-07-16 15:41:36,692 INFO  segmented.SegmentedRaftLogWorker (SegmentedRaftLogWorker.java:run(313)) - bc6d3eca-a563-4611-a7d6-3473bb87d697-SegmentedRaftLogWorker:Storage Directory /workdir/hadoop-ozone/integration-test/target/test-dir/MiniOzoneClusterImpl-c63d3b4f-5676-42d9-a01a-77c7ca3a5d27/datanode-4/data/ratis/bbd8d2fa-c902-47b1-bd2c-8bf8a8aa6d97 was interrupted, exiting. There are 0 tasks remaining in the queue.
2019-07-16 15:41:36,693 INFO  segmented.SegmentedRaftLogWorker (SegmentedRaftLogWorker.java:run(313)) - ec28991f-41af-4bab-b94e-cc6842716d21-SegmentedRaftLogWorker:Storage Directory /workdir/hadoop-ozone/integration-test/target/test-dir/MiniOzoneClusterImpl-c63d3b4f-5676-42d9-a01a-77c7ca3a5d27/datanode-1/data/ratis/21fd405f-fa41-4021-a578-4e1d22b37395 was interrupted, exiting. There are 0 tasks remaining in the queue.
2019-07-16 15:41:36,698 INFO  segmented.SegmentedRaftLogWorker (SegmentedRaftLogWorker.java:close(228)) - bc6d3eca-a563-4611-a7d6-3473bb87d697-SegmentedRaftLogWorker:Storage Directory /workdir/hadoop-ozone/integration-test/target/test-dir/MiniOzoneClusterImpl-c63d3b4f-5676-42d9-a01a-77c7ca3a5d27/datanode-4/data/ratis/bbd8d2fa-c902-47b1-bd2c-8bf8a8aa6d97 close()
2019-07-16 15:41:36,698 INFO  segmented.SegmentedRaftLogWorker (SegmentedRaftLogWorker.java:close(228)) - ec28991f-41af-4bab-b94e-cc6842716d21-SegmentedRaftLogWorker:Storage Directory /workdir/hadoop-ozone/integration-test/target/test-dir/MiniOzoneClusterImpl-c63d3b4f-5676-42d9-a01a-77c7ca3a5d27/datanode-1/data/ratis/21fd405f-fa41-4021-a578-4e1d22b37395 close()
2019-07-16 15:41:36,702 INFO  impl.RaftServerImpl (RaftServerImpl.java:lambda$shutdown$3(245)) - bc6d3eca-a563-4611-a7d6-3473bb87d697: shutdown group-FD16606C79B4
2019-07-16 15:41:36,706 INFO  impl.RaftServerImpl (RaftServerImpl.java:lambda$shutdown$3(245)) - ec28991f-41af-4bab-b94e-cc6842716d21: shutdown group-ACF236F30308
2019-07-16 15:41:36,706 INFO  util.JmxRegister (JmxRegister.java:unregister(73)) - Successfully un-registered JMX Bean with object name Ratis:service=RaftServer,group=group-FD16606C79B4,id=bc6d3eca-a563-4611-a7d6-3473bb87d697
2019-07-16 15:41:36,707 INFO  impl.RoleInfo (RoleInfo.java:shutdownFollowerState(121)) - bc6d3eca-a563-4611-a7d6-3473bb87d697: shutdown FollowerState
2019-07-16 15:41:36,707 INFO  util.JmxRegister (JmxRegister.java:unregister(73)) - Successfully un-registered JMX Bean with object name Ratis:service=RaftServer,group=group-ACF236F30308,id=ec28991f-41af-4bab-b94e-cc6842716d21
2019-07-16 15:41:36,708 INFO  impl.FollowerState (FollowerState.java:run(114)) - bc6d3eca-a563-4611-a7d6-3473bb87d697: FollowerState was interrupted: java.lang.InterruptedException: sleep interrupted
2019-07-16 15:41:36,708 INFO  impl.StateMachineUpdater (StateMachineUpdater.java:stopAndJoin(115)) - StateMachineUpdater:bc6d3eca-a563-4611-a7d6-3473bb87d697:group-FD16606C79B4: set stopIndex = 0
2019-07-16 15:41:36,708 INFO  impl.RoleInfo (RoleInfo.java:shutdownLeaderState(104)) - ec28991f-41af-4bab-b94e-cc6842716d21: shutdown LeaderState
2019-07-16 15:41:36,710 INFO  impl.RaftServerImpl (ServerState.java:close(394)) - bc6d3eca-a563-4611-a7d6-3473bb87d697:group-FD16606C79B4 closes. The last applied log index is 0
2019-07-16 15:41:36,714 WARN  server.GrpcLogAppender (GrpcLogAppender.java:mayWait(143)) - GrpcLogAppender(ec28991f-41af-4bab-b94e-cc6842716d21->0eb04ce9-1058-4e4d-94ed-8d96a31c84bb): Wait interrupted by java.lang.InterruptedException
2019-07-16 15:41:36,714 WARN  server.GrpcLogAppender (GrpcLogAppender.java:mayWait(143)) - GrpcLogAppender(ec28991f-41af-4bab-b94e-cc6842716d21->2e125096-a5e6-465f-8d6a-192e832ef6ee): Wait interrupted by java.lang.InterruptedException
2019-07-16 15:41:36,714 INFO  impl.PendingRequests (PendingRequests.java:sendNotLeaderResponses(202)) - ec28991f-41af-4bab-b94e-cc6842716d21-PendingRequests: sendNotLeaderResponses
2019-07-16 15:41:36,715 INFO  segmented.SegmentedRaftLogWorker (SegmentedRaftLogWorker.java:run(313)) - bc6d3eca-a563-4611-a7d6-3473bb87d697-SegmentedRaftLogWorker:Storage Directory /workdir/hadoop-ozone/integration-test/target/test-dir/MiniOzoneClusterImpl-c63d3b4f-5676-42d9-a01a-77c7ca3a5d27/datanode-4/data/ratis/fda325b2-ba48-4adb-85b7-fd16606c79b4 was interrupted, exiting. There are 0 tasks remaining in the queue.
2019-07-16 15:41:36,719 INFO  server.GrpcServerProtocolService (GrpcServerProtocolService.java:onCompleted(104)) - 2e125096-a5e6-465f-8d6a-192e832ef6ee: appendEntries completed
2019-07-16 15:41:36,721 INFO  segmented.SegmentedRaftLogWorker (SegmentedRaftLogWorker.java:close(228)) - bc6d3eca-a563-4611-a7d6-3473bb87d697-SegmentedRaftLogWorker:Storage Directory /workdir/hadoop-ozone/integration-test/target/test-dir/MiniOzoneClusterImpl-c63d3b4f-5676-42d9-a01a-77c7ca3a5d27/datanode-4/data/ratis/fda325b2-ba48-4adb-85b7-fd16606c79b4 close()
2019-07-16 15:41:36,721 INFO  server.GrpcLogAppender (GrpcLogAppender.java:onCompleted(292)) - ec28991f-41af-4bab-b94e-cc6842716d21->2e125096-a5e6-465f-8d6a-192e832ef6ee: follower responses appendEntries COMPLETED
2019-07-16 15:41:36,725 INFO  ratis.ContainerStateMachine (ContainerStateMachine.java:takeSnapshot(249)) - group-ACF236F30308: Taking a snapshot at:(t:1, i:23) file /workdir/hadoop-ozone/integration-test/target/test-dir/MiniOzoneClusterImpl-c63d3b4f-5676-42d9-a01a-77c7ca3a5d27/datanode-1/data/ratis/8ef74166-50e8-4af1-be1c-acf236f30308/sm/snapshot.1_23
2019-07-16 15:41:36,726 INFO  client.GrpcClientProtocolService (GrpcClientProtocolService.java:lambda$processClientRequest$0(278)) - Failed RaftClientRequest:client-8DE2CA139D9F->ec28991f-41af-4bab-b94e-cc6842716d21@group-ACF236F30308, cid=190, seq=0, Watch-ALL_COMMITTED(21), Message:<EMPTY>, reply=RaftClientReply:client-8DE2CA139D9F->ec28991f-41af-4bab-b94e-cc6842716d21@group-ACF236F30308, cid=190, FAILED org.apache.ratis.protocol.NotLeaderException: Server ec28991f-41af-4bab-b94e-cc6842716d21 is not the leader (null). Request must be sent to leader., logIndex=0, commits[ec28991f-41af-4bab-b94e-cc6842716d21:c26]
2019-07-16 15:41:36,725 INFO  impl.StateMachineUpdater (StateMachineUpdater.java:stopAndJoin(115)) - StateMachineUpdater:ec28991f-41af-4bab-b94e-cc6842716d21:group-ACF236F30308: set stopIndex = 26
2019-07-16 15:41:36,725 INFO  server.GrpcService (GrpcService.java:closeImpl(155)) - bc6d3eca-a563-4611-a7d6-3473bb87d697: shutdown server with port 42525 now
2019-07-16 15:41:36,723 INFO  client.GrpcClientProtocolService (GrpcClientProtocolService.java:lambda$processClientRequest$0(278)) - Failed RaftClientRequest:client-8DE2CA139D9F->ec28991f-41af-4bab-b94e-cc6842716d21@group-ACF236F30308, cid=190, seq=0, Watch-ALL_COMMITTED(21), Message:<EMPTY>, reply=RaftClientReply:client-8DE2CA139D9F->ec28991f-41af-4bab-b94e-cc6842716d21@group-ACF236F30308, cid=190, FAILED org.apache.ratis.protocol.NotLeaderException: Server ec28991f-41af-4bab-b94e-cc6842716d21 is not the leader (null). Request must be sent to leader., logIndex=0, commits[ec28991f-41af-4bab-b94e-cc6842716d21:c26]
2019-07-16 15:41:36,727 INFO  client.GrpcClientProtocolClient (GrpcClientProtocolClient.java:onNext(255)) - client-8DE2CA139D9F->ec28991f-41af-4bab-b94e-cc6842716d21: receive RaftClientReply:client-8DE2CA139D9F->ec28991f-41af-4bab-b94e-cc6842716d21@group-ACF236F30308, cid=190, FAILED org.apache.ratis.protocol.NotLeaderException: Server ec28991f-41af-4bab-b94e-cc6842716d21 is not the leader (null). Request must be sent to leader., logIndex=0, commits[ec28991f-41af-4bab-b94e-cc6842716d21:c26]
2019-07-16 15:41:36,726 INFO  ratis.ContainerStateMachine (ContainerStateMachine.java:takeSnapshot(257)) - group-ACF236F30308: Finished taking a snapshot at:(t:1, i:23) file:/workdir/hadoop-ozone/integration-test/target/test-dir/MiniOzoneClusterImpl-c63d3b4f-5676-42d9-a01a-77c7ca3a5d27/datanode-1/data/ratis/8ef74166-50e8-4af1-be1c-acf236f30308/sm/snapshot.1_23 time:1
2019-07-16 15:41:36,726 INFO  impl.FollowerInfo (FollowerInfo.java:lambda$new$0(50)) - ec28991f-41af-4bab-b94e-cc6842716d21->2e125096-a5e6-465f-8d6a-192e832ef6ee: nextIndex: updateUnconditionally 27 -> 26
2019-07-16 15:41:36,727 INFO  server.GrpcService (GrpcService.java:closeImpl(163)) - bc6d3eca-a563-4611-a7d6-3473bb87d697: shutdown server with port 42525 successfully
2019-07-16 15:41:36,727 WARN  server.GrpcServerProtocolService (LogUtils.java:warn(134)) - bc6d3eca-a563-4611-a7d6-3473bb87d697: appendEntries onError: org.apache.ratis.thirdparty.io.grpc.StatusRuntimeException: CANCELLED: cancelled before receiving half close
2019-07-16 15:41:36,727 INFO  node.StaleNodeHandler (StaleNodeHandler.java:onMessage(58)) - Datanode bc6d3eca-a563-4611-a7d6-3473bb87d697{ip: 192.168.69.88, host: trunk-nightly-kgw5x-1882989438, networkLocation: /default-rack, certSerialId: null} moved to stale state. Finalizing its pipelines [PipelineID=bbd8d2fa-c902-47b1-bd2c-8bf8a8aa6d97, PipelineID=fda325b2-ba48-4adb-85b7-fd16606c79b4]
2019-07-16 15:41:36,727 INFO  impl.StateMachineUpdater (StateMachineUpdater.java:takeSnapshot(242)) - StateMachineUpdater:ec28991f-41af-4bab-b94e-cc6842716d21:group-ACF236F30308: Took a snapshot at index 23
2019-07-16 15:41:36,728 INFO  pipeline.SCMPipelineManager (SCMPipelineManager.java:finalizeAndDestroyPipeline(309)) - destroying pipeline:Pipeline[ Id: bbd8d2fa-c902-47b1-bd2c-8bf8a8aa6d97, Nodes: bc6d3eca-a563-4611-a7d6-3473bb87d697{ip: 192.168.69.88, host: trunk-nightly-kgw5x-1882989438, networkLocation: /default-rack, certSerialId: null}, Type:RATIS, Factor:ONE, State:OPEN]
2019-07-16 15:41:36,728 INFO  client.GrpcClientProtocolClient (GrpcClientProtocolClient.java:onNext(255)) - client-8DE2CA139D9F->ec28991f-41af-4bab-b94e-cc6842716d21: receive RaftClientReply:client-8DE2CA139D9F->ec28991f-41af-4bab-b94e-cc6842716d21@group-ACF236F30308, cid=190, FAILED org.apache.ratis.protocol.NotLeaderException: Server ec28991f-41af-4bab-b94e-cc6842716d21 is not the leader (null). Request must be sent to leader., logIndex=0, commits[ec28991f-41af-4bab-b94e-cc6842716d21:c26]
2019-07-16 15:41:36,728 WARN  server.GrpcLogAppender (LogUtils.java:warn(134)) - 8e01f55d-2d91-4239-a1ac-cab51f2f2414->bc6d3eca-a563-4611-a7d6-3473bb87d697: Failed appendEntries: org.apache.ratis.thirdparty.io.grpc.StatusRuntimeException: CANCELLED: HTTP/2 error code: CANCEL
Received Rst Stream
2019-07-16 15:41:36,728 INFO  pipeline.PipelineStateManager (PipelineStateManager.java:finalizePipeline(123)) - Pipeline Pipeline[ Id: bbd8d2fa-c902-47b1-bd2c-8bf8a8aa6d97, Nodes: bc6d3eca-a563-4611-a7d6-3473bb87d697{ip: 192.168.69.88, host: trunk-nightly-kgw5x-1882989438, networkLocation: /default-rack, certSerialId: null}, Type:RATIS, Factor:ONE, State:CLOSED] moved to CLOSED state
2019-07-16 15:41:36,728 INFO  utils.BackgroundService (BackgroundService.java:shutdown(148)) - Shutting down service BlockDeletingService
2019-07-16 15:41:36,728 INFO  impl.StateMachineUpdater (StateMachineUpdater.java:lambda$new$0(80)) - StateMachineUpdater:ec28991f-41af-4bab-b94e-cc6842716d21:group-ACF236F30308: snapshotIndex: updateIncreasingly -1 -> 23
2019-07-16 15:41:36,729 INFO  pipeline.SCMPipelineManager (SCMPipelineManager.java:finalizeAndDestroyPipeline(309)) - destroying pipeline:Pipeline[ Id: fda325b2-ba48-4adb-85b7-fd16606c79b4, Nodes: bc6d3eca-a563-4611-a7d6-3473bb87d697{ip: 192.168.69.88, host: trunk-nightly-kgw5x-1882989438, networkLocation: /default-rack, certSerialId: null}8e01f55d-2d91-4239-a1ac-cab51f2f2414{ip: 192.168.69.88, host: trunk-nightly-kgw5x-1882989438, networkLocation: /default-rack, certSerialId: null}bd7a86f3-0120-41ac-839d-e07433dd6dc7{ip: 192.168.69.88, host: trunk-nightly-kgw5x-1882989438, networkLocation: /default-rack, certSerialId: null}, Type:RATIS, Factor:THREE, State:OPEN]
2019-07-16 15:41:36,729 INFO  impl.FollowerInfo (FollowerInfo.java:lambda$new$0(50)) - 8e01f55d-2d91-4239-a1ac-cab51f2f2414->bc6d3eca-a563-4611-a7d6-3473bb87d697: nextIndex: updateUnconditionally 1 -> 0
2019-07-16 15:41:36,730 INFO  pipeline.PipelineStateManager (PipelineStateManager.java:finalizePipeline(123)) - Pipeline Pipeline[ Id: fda325b2-ba48-4adb-85b7-fd16606c79b4, Nodes: bc6d3eca-a563-4611-a7d6-3473bb87d697{ip: 192.168.69.88, host: trunk-nightly-kgw5x-1882989438, networkLocation: /default-rack, certSerialId: null}8e01f55d-2d91-4239-a1ac-cab51f2f2414{ip: 192.168.69.88, host: trunk-nightly-kgw5x-1882989438, networkLocation: /default-rack, certSerialId: null}bd7a86f3-0120-41ac-839d-e07433dd6dc7{ip: 192.168.69.88, host: trunk-nightly-kgw5x-1882989438, networkLocation: /default-rack, certSerialId: null}, Type:RATIS, Factor:THREE, State:CLOSED] moved to CLOSED state
2019-07-16 15:41:36,730 INFO  impl.RaftServerImpl (ServerState.java:close(394)) - ec28991f-41af-4bab-b94e-cc6842716d21:group-ACF236F30308 closes. The last applied log index is 26
2019-07-16 15:41:36,730 WARN  fs.CachingGetSpaceUsed (CachingGetSpaceUsed.java:run(183)) - Thread Interrupted waiting to refresh disk information: sleep interrupted
2019-07-16 15:41:36,730 INFO  segmented.SegmentedRaftLogWorker (SegmentedRaftLogWorker.java:run(313)) - ec28991f-41af-4bab-b94e-cc6842716d21-SegmentedRaftLogWorker:Storage Directory /workdir/hadoop-ozone/integration-test/target/test-dir/MiniOzoneClusterImpl-c63d3b4f-5676-42d9-a01a-77c7ca3a5d27/datanode-1/data/ratis/8ef74166-50e8-4af1-be1c-acf236f30308 was interrupted, exiting. There are 0 tasks remaining in the queue.
2019-07-16 15:41:36,733 INFO  segmented.SegmentedRaftLogWorker (SegmentedRaftLogWorker.java:close(228)) - ec28991f-41af-4bab-b94e-cc6842716d21-SegmentedRaftLogWorker:Storage Directory /workdir/hadoop-ozone/integration-test/target/test-dir/MiniOzoneClusterImpl-c63d3b4f-5676-42d9-a01a-77c7ca3a5d27/datanode-1/data/ratis/8ef74166-50e8-4af1-be1c-acf236f30308 close()
2019-07-16 15:41:36,737 INFO  server.GrpcService (GrpcService.java:closeImpl(155)) - ec28991f-41af-4bab-b94e-cc6842716d21: shutdown server with port 45993 now
2019-07-16 15:41:36,738 INFO  server.GrpcService (GrpcService.java:closeImpl(163)) - ec28991f-41af-4bab-b94e-cc6842716d21: shutdown server with port 45993 successfully
2019-07-16 15:41:36,739 INFO  utils.BackgroundService (BackgroundService.java:shutdown(148)) - Shutting down service BlockDeletingService
2019-07-16 15:41:36,740 WARN  fs.CachingGetSpaceUsed (CachingGetSpaceUsed.java:run(183)) - Thread Interrupted waiting to refresh disk information: sleep interrupted
2019-07-16 15:41:36,754 INFO  statemachine.DatanodeStateMachine (DatanodeStateMachine.java:stopDaemon(395)) - Ozone container server stopped.
2019-07-16 15:41:36,759 INFO  statemachine.DatanodeStateMachine (DatanodeStateMachine.java:stopDaemon(395)) - Ozone container server stopped.
2019-07-16 15:41:36,759 INFO  handler.ContextHandler (ContextHandler.java:doStop(910)) - Stopped o.e.j.w.WebAppContext@5d28e108{/,null,UNAVAILABLE}{/hddsDatanode}
2019-07-16 15:41:36,765 INFO  handler.ContextHandler (ContextHandler.java:doStop(910)) - Stopped o.e.j.w.WebAppContext@549b26d7{/,null,UNAVAILABLE}{/hddsDatanode}
2019-07-16 15:41:36,765 INFO  server.AbstractConnector (AbstractConnector.java:doStop(318)) - Stopped ServerConnector@4d2bcca8{HTTP/1.1,[http/1.1]}{0.0.0.0:0}
2019-07-16 15:41:36,765 INFO  server.AbstractConnector (AbstractConnector.java:doStop(318)) - Stopped ServerConnector@2c9430c6{HTTP/1.1,[http/1.1]}{0.0.0.0:0}
2019-07-16 15:41:36,765 INFO  handler.ContextHandler (ContextHandler.java:doStop(910)) - Stopped o.e.j.s.ServletContextHandler@59456e1{/static,jar:file:/home/user/.m2/repository/org/apache/hadoop/hadoop-hdds-container-service/0.5.0-SNAPSHOT/hadoop-hdds-container-service-0.5.0-SNAPSHOT.jar!/webapps/static,UNAVAILABLE}
2019-07-16 15:41:36,767 INFO  handler.ContextHandler (ContextHandler.java:doStop(910)) - Stopped o.e.j.s.ServletContextHandler@569d6e0d{/static,jar:file:/home/user/.m2/repository/org/apache/hadoop/hadoop-hdds-container-service/0.5.0-SNAPSHOT/hadoop-hdds-container-service-0.5.0-SNAPSHOT.jar!/webapps/static,UNAVAILABLE}
2019-07-16 15:41:36,767 INFO  handler.ContextHandler (ContextHandler.java:doStop(910)) - Stopped o.e.j.s.ServletContextHandler@59fa5a39{/logs,file:///workdir/hadoop-ozone/integration-test/target/log,UNAVAILABLE}
2019-07-16 15:41:36,769 INFO  handler.ContextHandler (ContextHandler.java:doStop(910)) - Stopped o.e.j.s.ServletContextHandler@6557dcea{/logs,file:///workdir/hadoop-ozone/integration-test/target/log,UNAVAILABLE}
2019-07-16 15:41:36,769 INFO  datanode.ObjectStoreHandler (ObjectStoreHandler.java:close(155)) - Closing ObjectStoreHandler.
2019-07-16 15:41:36,770 INFO  datanode.ObjectStoreHandler (ObjectStoreHandler.java:close(155)) - Closing ObjectStoreHandler.
2019-07-16 15:41:36,770 INFO  ozone.HddsDatanodeService (HddsDatanodeService.java:stop(452)) - Stopped plug-in org.apache.hadoop.ozone.web.OzoneHddsDatanodeService@6bea0866
2019-07-16 15:41:36,770 INFO  ozone.HddsDatanodeService (HddsDatanodeService.java:stop(452)) - Stopped plug-in org.apache.hadoop.ozone.web.OzoneHddsDatanodeService@7df994ec
2019-07-16 15:41:37,295 INFO  statemachine.DatanodeStateMachine (DatanodeStateMachine.java:lambda$startDaemon$0(350)) - Ozone container server started.
2019-07-16 15:41:37,482 INFO  statemachine.DatanodeStateMachine (DatanodeStateMachine.java:lambda$startDaemon$0(350)) - Ozone container server started.
2019-07-16 15:41:37,710 WARN  server.GrpcLogAppender (LogUtils.java:warn(134)) - 8e01f55d-2d91-4239-a1ac-cab51f2f2414->bc6d3eca-a563-4611-a7d6-3473bb87d697: Failed appendEntries: org.apache.ratis.thirdparty.io.grpc.StatusRuntimeException: UNAVAILABLE: io exception
2019-07-16 15:41:37,710 INFO  impl.FollowerInfo (FollowerInfo.java:lambda$new$0(50)) - 8e01f55d-2d91-4239-a1ac-cab51f2f2414->bc6d3eca-a563-4611-a7d6-3473bb87d697: nextIndex: updateUnconditionally 0 -> 0
2019-07-16 15:41:37,732 INFO  client.GrpcClientProtocolService (GrpcClientProtocolService.java:lambda$processClientRequest$0(278)) - Failed RaftClientRequest:client-8DE2CA139D9F->2e125096-a5e6-465f-8d6a-192e832ef6ee@group-ACF236F30308, cid=190, seq=0, Watch-ALL_COMMITTED(21), Message:<EMPTY>, reply=RaftClientReply:client-8DE2CA139D9F->2e125096-a5e6-465f-8d6a-192e832ef6ee@group-ACF236F30308, cid=190, FAILED org.apache.ratis.protocol.NotLeaderException: Server 2e125096-a5e6-465f-8d6a-192e832ef6ee is not the leader (ec28991f-41af-4bab-b94e-cc6842716d21:192.168.69.88:45993). Request must be sent to leader., logIndex=0, commits[2e125096-a5e6-465f-8d6a-192e832ef6ee:c26, 0eb04ce9-1058-4e4d-94ed-8d96a31c84bb:c15, ec28991f-41af-4bab-b94e-cc6842716d21:c26]
2019-07-16 15:41:37,738 INFO  client.GrpcClientProtocolClient (GrpcClientProtocolClient.java:onNext(255)) - client-8DE2CA139D9F->2e125096-a5e6-465f-8d6a-192e832ef6ee: receive RaftClientReply:client-8DE2CA139D9F->2e125096-a5e6-465f-8d6a-192e832ef6ee@group-ACF236F30308, cid=190, FAILED org.apache.ratis.protocol.NotLeaderException: Server 2e125096-a5e6-465f-8d6a-192e832ef6ee is not the leader (ec28991f-41af-4bab-b94e-cc6842716d21:192.168.69.88:45993). Request must be sent to leader., logIndex=0, commits[2e125096-a5e6-465f-8d6a-192e832ef6ee:c26, 0eb04ce9-1058-4e4d-94ed-8d96a31c84bb:c15, ec28991f-41af-4bab-b94e-cc6842716d21:c26]
2019-07-16 15:41:40,211 WARN  server.GrpcLogAppender (LogUtils.java:warn(134)) - 8e01f55d-2d91-4239-a1ac-cab51f2f2414->bc6d3eca-a563-4611-a7d6-3473bb87d697: Failed appendEntries: org.apache.ratis.thirdparty.io.grpc.StatusRuntimeException: UNAVAILABLE: io exception
2019-07-16 15:41:40,211 INFO  impl.FollowerInfo (FollowerInfo.java:lambda$new$0(50)) - 8e01f55d-2d91-4239-a1ac-cab51f2f2414->bc6d3eca-a563-4611-a7d6-3473bb87d697: nextIndex: updateUnconditionally 0 -> 0
2019-07-16 15:41:40,752 INFO  client.GrpcClientProtocolService (GrpcClientProtocolService.java:lambda$processClientRequest$0(278)) - Failed RaftClientRequest:client-8DE2CA139D9F->2e125096-a5e6-465f-8d6a-192e832ef6ee@group-ACF236F30308, cid=190, seq=0, Watch-ALL_COMMITTED(21), Message:<EMPTY>, reply=RaftClientReply:client-8DE2CA139D9F->2e125096-a5e6-465f-8d6a-192e832ef6ee@group-ACF236F30308, cid=190, FAILED org.apache.ratis.protocol.NotLeaderException: Server 2e125096-a5e6-465f-8d6a-192e832ef6ee is not the leader (ec28991f-41af-4bab-b94e-cc6842716d21:192.168.69.88:45993). Request must be sent to leader., logIndex=0, commits[2e125096-a5e6-465f-8d6a-192e832ef6ee:c26, 0eb04ce9-1058-4e4d-94ed-8d96a31c84bb:c15, ec28991f-41af-4bab-b94e-cc6842716d21:c26]
2019-07-16 15:41:40,757 INFO  client.GrpcClientProtocolClient (GrpcClientProtocolClient.java:onNext(255)) - client-8DE2CA139D9F->2e125096-a5e6-465f-8d6a-192e832ef6ee: receive RaftClientReply:client-8DE2CA139D9F->2e125096-a5e6-465f-8d6a-192e832ef6ee@group-ACF236F30308, cid=190, FAILED org.apache.ratis.protocol.NotLeaderException: Server 2e125096-a5e6-465f-8d6a-192e832ef6ee is not the leader (ec28991f-41af-4bab-b94e-cc6842716d21:192.168.69.88:45993). Request must be sent to leader., logIndex=0, commits[2e125096-a5e6-465f-8d6a-192e832ef6ee:c26, 0eb04ce9-1058-4e4d-94ed-8d96a31c84bb:c15, ec28991f-41af-4bab-b94e-cc6842716d21:c26]
2019-07-16 15:41:41,333 INFO  node.StaleNodeHandler (StaleNodeHandler.java:onMessage(58)) - Datanode 2e125096-a5e6-465f-8d6a-192e832ef6ee{ip: 192.168.69.88, host: trunk-nightly-kgw5x-1882989438, networkLocation: /default-rack, certSerialId: null} moved to stale state. Finalizing its pipelines [PipelineID=604fedd1-28b4-468e-adb5-7d0fee95d190, PipelineID=8ef74166-50e8-4af1-be1c-acf236f30308]
2019-07-16 15:41:41,334 INFO  pipeline.SCMPipelineManager (SCMPipelineManager.java:finalizeAndDestroyPipeline(309)) - destroying pipeline:Pipeline[ Id: 604fedd1-28b4-468e-adb5-7d0fee95d190, Nodes: 2e125096-a5e6-465f-8d6a-192e832ef6ee{ip: 192.168.69.88, host: trunk-nightly-kgw5x-1882989438, networkLocation: /default-rack, certSerialId: null}, Type:RATIS, Factor:ONE, State:OPEN]
2019-07-16 15:41:41,334 INFO  pipeline.PipelineStateManager (PipelineStateManager.java:finalizePipeline(123)) - Pipeline Pipeline[ Id: 604fedd1-28b4-468e-adb5-7d0fee95d190, Nodes: 2e125096-a5e6-465f-8d6a-192e832ef6ee{ip: 192.168.69.88, host: trunk-nightly-kgw5x-1882989438, networkLocation: /default-rack, certSerialId: null}, Type:RATIS, Factor:ONE, State:CLOSED] moved to CLOSED state
2019-07-16 15:41:41,334 INFO  pipeline.SCMPipelineManager (SCMPipelineManager.java:finalizeAndDestroyPipeline(309)) - destroying pipeline:Pipeline[ Id: 8ef74166-50e8-4af1-be1c-acf236f30308, Nodes: 0eb04ce9-1058-4e4d-94ed-8d96a31c84bb{ip: 192.168.69.88, host: trunk-nightly-kgw5x-1882989438, networkLocation: /default-rack, certSerialId: null}ec28991f-41af-4bab-b94e-cc6842716d21{ip: 192.168.69.88, host: trunk-nightly-kgw5x-1882989438, networkLocation: /default-rack, certSerialId: null}2e125096-a5e6-465f-8d6a-192e832ef6ee{ip: 192.168.69.88, host: trunk-nightly-kgw5x-1882989438, networkLocation: /default-rack, certSerialId: null}, Type:RATIS, Factor:THREE, State:CLOSED]
2019-07-16 15:41:41,534 INFO  node.StaleNodeHandler (StaleNodeHandler.java:onMessage(58)) - Datanode 8e01f55d-2d91-4239-a1ac-cab51f2f2414{ip: 192.168.69.88, host: trunk-nightly-kgw5x-1882989438, networkLocation: /default-rack, certSerialId: null} moved to stale state. Finalizing its pipelines [PipelineID=fda325b2-ba48-4adb-85b7-fd16606c79b4, PipelineID=a1fd69fa-0b13-4ee2-8a7f-a0831a1bba6d]
2019-07-16 15:41:41,534 INFO  pipeline.SCMPipelineManager (SCMPipelineManager.java:finalizeAndDestroyPipeline(309)) - destroying pipeline:Pipeline[ Id: fda325b2-ba48-4adb-85b7-fd16606c79b4, Nodes: bc6d3eca-a563-4611-a7d6-3473bb87d697{ip: 192.168.69.88, host: trunk-nightly-kgw5x-1882989438, networkLocation: /default-rack, certSerialId: null}8e01f55d-2d91-4239-a1ac-cab51f2f2414{ip: 192.168.69.88, host: trunk-nightly-kgw5x-1882989438, networkLocation: /default-rack, certSerialId: null}bd7a86f3-0120-41ac-839d-e07433dd6dc7{ip: 192.168.69.88, host: trunk-nightly-kgw5x-1882989438, networkLocation: /default-rack, certSerialId: null}, Type:RATIS, Factor:THREE, State:CLOSED]
2019-07-16 15:41:41,534 INFO  pipeline.SCMPipelineManager (SCMPipelineManager.java:finalizeAndDestroyPipeline(309)) - destroying pipeline:Pipeline[ Id: a1fd69fa-0b13-4ee2-8a7f-a0831a1bba6d, Nodes: 8e01f55d-2d91-4239-a1ac-cab51f2f2414{ip: 192.168.69.88, host: trunk-nightly-kgw5x-1882989438, networkLocation: /default-rack, certSerialId: null}, Type:RATIS, Factor:ONE, State:OPEN]
2019-07-16 15:41:41,534 INFO  pipeline.PipelineStateManager (PipelineStateManager.java:finalizePipeline(123)) - Pipeline Pipeline[ Id: a1fd69fa-0b13-4ee2-8a7f-a0831a1bba6d, Nodes: 8e01f55d-2d91-4239-a1ac-cab51f2f2414{ip: 192.168.69.88, host: trunk-nightly-kgw5x-1882989438, networkLocation: /default-rack, certSerialId: null}, Type:RATIS, Factor:ONE, State:CLOSED] moved to CLOSED state
2019-07-16 15:41:41,764 INFO  client.GrpcClientProtocolService (GrpcClientProtocolService.java:lambda$processClientRequest$0(278)) - Failed RaftClientRequest:client-8DE2CA139D9F->2e125096-a5e6-465f-8d6a-192e832ef6ee@group-ACF236F30308, cid=190, seq=0, Watch-ALL_COMMITTED(21), Message:<EMPTY>, reply=RaftClientReply:client-8DE2CA139D9F->2e125096-a5e6-465f-8d6a-192e832ef6ee@group-ACF236F30308, cid=190, FAILED org.apache.ratis.protocol.NotLeaderException: Server 2e125096-a5e6-465f-8d6a-192e832ef6ee is not the leader (ec28991f-41af-4bab-b94e-cc6842716d21:192.168.69.88:45993). Request must be sent to leader., logIndex=0, commits[2e125096-a5e6-465f-8d6a-192e832ef6ee:c26, 0eb04ce9-1058-4e4d-94ed-8d96a31c84bb:c15, ec28991f-41af-4bab-b94e-cc6842716d21:c26]
2019-07-16 15:41:41,770 INFO  client.GrpcClientProtocolClient (GrpcClientProtocolClient.java:onNext(255)) - client-8DE2CA139D9F->2e125096-a5e6-465f-8d6a-192e832ef6ee: receive RaftClientReply:client-8DE2CA139D9F->2e125096-a5e6-465f-8d6a-192e832ef6ee@group-ACF236F30308, cid=190, FAILED org.apache.ratis.protocol.NotLeaderException: Server 2e125096-a5e6-465f-8d6a-192e832ef6ee is not the leader (ec28991f-41af-4bab-b94e-cc6842716d21:192.168.69.88:45993). Request must be sent to leader., logIndex=0, commits[2e125096-a5e6-465f-8d6a-192e832ef6ee:c26, 0eb04ce9-1058-4e4d-94ed-8d96a31c84bb:c15, ec28991f-41af-4bab-b94e-cc6842716d21:c26]
2019-07-16 15:41:41,770 INFO  ozoneimpl.OzoneContainer (OzoneContainer.java:stop(199)) - Attempting to stop container services.
2019-07-16 15:41:41,771 INFO  ozoneimpl.OzoneContainer (OzoneContainer.java:stop(199)) - Attempting to stop container services.
2019-07-16 15:41:41,774 INFO  impl.RaftServerProxy (RaftServerProxy.java:lambda$close$4(314)) - 8e01f55d-2d91-4239-a1ac-cab51f2f2414: close
2019-07-16 15:41:41,775 INFO  impl.RaftServerProxy (RaftServerProxy.java:lambda$close$4(314)) - 2e125096-a5e6-465f-8d6a-192e832ef6ee: close
2019-07-16 15:41:41,776 INFO  impl.RaftServerImpl (RaftServerImpl.java:lambda$shutdown$3(245)) - 2e125096-a5e6-465f-8d6a-192e832ef6ee: shutdown group-7D0FEE95D190
2019-07-16 15:41:41,776 INFO  impl.RaftServerImpl (RaftServerImpl.java:lambda$shutdown$3(245)) - 8e01f55d-2d91-4239-a1ac-cab51f2f2414: shutdown group-FD16606C79B4
2019-07-16 15:41:41,777 INFO  util.JmxRegister (JmxRegister.java:unregister(73)) - Successfully un-registered JMX Bean with object name Ratis:service=RaftServer,group=group-7D0FEE95D190,id=2e125096-a5e6-465f-8d6a-192e832ef6ee
2019-07-16 15:41:41,777 INFO  util.JmxRegister (JmxRegister.java:unregister(73)) - Successfully un-registered JMX Bean with object name Ratis:service=RaftServer,group=group-FD16606C79B4,id=8e01f55d-2d91-4239-a1ac-cab51f2f2414
2019-07-16 15:41:41,778 INFO  impl.RoleInfo (RoleInfo.java:shutdownLeaderState(104)) - 8e01f55d-2d91-4239-a1ac-cab51f2f2414: shutdown LeaderState
2019-07-16 15:41:41,777 INFO  impl.RoleInfo (RoleInfo.java:shutdownLeaderState(104)) - 2e125096-a5e6-465f-8d6a-192e832ef6ee: shutdown LeaderState
2019-07-16 15:41:41,784 WARN  server.GrpcLogAppender (GrpcLogAppender.java:mayWait(143)) - GrpcLogAppender(8e01f55d-2d91-4239-a1ac-cab51f2f2414->bd7a86f3-0120-41ac-839d-e07433dd6dc7): Wait interrupted by java.lang.InterruptedException
2019-07-16 15:41:41,784 INFO  impl.PendingRequests (PendingRequests.java:sendNotLeaderResponses(202)) - 8e01f55d-2d91-4239-a1ac-cab51f2f2414-PendingRequests: sendNotLeaderResponses
2019-07-16 15:41:41,784 INFO  impl.PendingRequests (PendingRequests.java:sendNotLeaderResponses(202)) - 2e125096-a5e6-465f-8d6a-192e832ef6ee-PendingRequests: sendNotLeaderResponses
2019-07-16 15:41:41,784 WARN  server.GrpcLogAppender (GrpcLogAppender.java:mayWait(143)) - GrpcLogAppender(8e01f55d-2d91-4239-a1ac-cab51f2f2414->bc6d3eca-a563-4611-a7d6-3473bb87d697): Wait interrupted by java.lang.InterruptedException
2019-07-16 15:41:41,785 INFO  impl.StateMachineUpdater (StateMachineUpdater.java:stopAndJoin(115)) - StateMachineUpdater:2e125096-a5e6-465f-8d6a-192e832ef6ee:group-7D0FEE95D190: set stopIndex = 0
2019-07-16 15:41:41,785 INFO  impl.StateMachineUpdater (StateMachineUpdater.java:stopAndJoin(115)) - StateMachineUpdater:8e01f55d-2d91-4239-a1ac-cab51f2f2414:group-FD16606C79B4: set stopIndex = 0
2019-07-16 15:41:41,785 INFO  server.GrpcServerProtocolService (GrpcServerProtocolService.java:onCompleted(104)) - bd7a86f3-0120-41ac-839d-e07433dd6dc7: appendEntries completed
2019-07-16 15:41:41,786 INFO  impl.RaftServerImpl (ServerState.java:close(394)) - 8e01f55d-2d91-4239-a1ac-cab51f2f2414:group-FD16606C79B4 closes. The last applied log index is 0
2019-07-16 15:41:41,786 INFO  server.GrpcLogAppender (GrpcLogAppender.java:onCompleted(292)) - 8e01f55d-2d91-4239-a1ac-cab51f2f2414->bd7a86f3-0120-41ac-839d-e07433dd6dc7: follower responses appendEntries COMPLETED
2019-07-16 15:41:41,785 INFO  impl.RaftServerImpl (ServerState.java:close(394)) - 2e125096-a5e6-465f-8d6a-192e832ef6ee:group-7D0FEE95D190 closes. The last applied log index is 0
2019-07-16 15:41:41,787 INFO  impl.FollowerInfo (FollowerInfo.java:lambda$new$0(50)) - 8e01f55d-2d91-4239-a1ac-cab51f2f2414->bd7a86f3-0120-41ac-839d-e07433dd6dc7: nextIndex: updateUnconditionally 1 -> 0
2019-07-16 15:41:41,787 INFO  segmented.SegmentedRaftLogWorker (SegmentedRaftLogWorker.java:run(313)) - 8e01f55d-2d91-4239-a1ac-cab51f2f2414-SegmentedRaftLogWorker:Storage Directory /workdir/hadoop-ozone/integration-test/target/test-dir/MiniOzoneClusterImpl-c63d3b4f-5676-42d9-a01a-77c7ca3a5d27/datanode-3/data/ratis/fda325b2-ba48-4adb-85b7-fd16606c79b4 was interrupted, exiting. There are 0 tasks remaining in the queue.
2019-07-16 15:41:41,787 INFO  segmented.SegmentedRaftLogWorker (SegmentedRaftLogWorker.java:run(313)) - 2e125096-a5e6-465f-8d6a-192e832ef6ee-SegmentedRaftLogWorker:Storage Directory /workdir/hadoop-ozone/integration-test/target/test-dir/MiniOzoneClusterImpl-c63d3b4f-5676-42d9-a01a-77c7ca3a5d27/datanode-2/data/ratis/604fedd1-28b4-468e-adb5-7d0fee95d190 was interrupted, exiting. There are 0 tasks remaining in the queue.
2019-07-16 15:41:41,789 INFO  segmented.SegmentedRaftLogWorker (SegmentedRaftLogWorker.java:close(228)) - 8e01f55d-2d91-4239-a1ac-cab51f2f2414-SegmentedRaftLogWorker:Storage Directory /workdir/hadoop-ozone/integration-test/target/test-dir/MiniOzoneClusterImpl-c63d3b4f-5676-42d9-a01a-77c7ca3a5d27/datanode-3/data/ratis/fda325b2-ba48-4adb-85b7-fd16606c79b4 close()
2019-07-16 15:41:41,791 INFO  segmented.SegmentedRaftLogWorker (SegmentedRaftLogWorker.java:close(228)) - 2e125096-a5e6-465f-8d6a-192e832ef6ee-SegmentedRaftLogWorker:Storage Directory /workdir/hadoop-ozone/integration-test/target/test-dir/MiniOzoneClusterImpl-c63d3b4f-5676-42d9-a01a-77c7ca3a5d27/datanode-2/data/ratis/604fedd1-28b4-468e-adb5-7d0fee95d190 close()
2019-07-16 15:41:41,794 INFO  impl.RaftServerImpl (RaftServerImpl.java:lambda$shutdown$3(245)) - 8e01f55d-2d91-4239-a1ac-cab51f2f2414: shutdown group-A0831A1BBA6D
2019-07-16 15:41:41,797 INFO  impl.RaftServerImpl (RaftServerImpl.java:lambda$shutdown$3(245)) - 2e125096-a5e6-465f-8d6a-192e832ef6ee: shutdown group-ACF236F30308
2019-07-16 15:41:41,797 INFO  util.JmxRegister (JmxRegister.java:unregister(73)) - Successfully un-registered JMX Bean with object name Ratis:service=RaftServer,group=group-A0831A1BBA6D,id=8e01f55d-2d91-4239-a1ac-cab51f2f2414
2019-07-16 15:41:41,798 INFO  impl.RoleInfo (RoleInfo.java:shutdownLeaderState(104)) - 8e01f55d-2d91-4239-a1ac-cab51f2f2414: shutdown LeaderState
2019-07-16 15:41:41,797 INFO  util.JmxRegister (JmxRegister.java:unregister(73)) - Successfully un-registered JMX Bean with object name Ratis:service=RaftServer,group=group-ACF236F30308,id=2e125096-a5e6-465f-8d6a-192e832ef6ee
2019-07-16 15:41:41,798 INFO  impl.PendingRequests (PendingRequests.java:sendNotLeaderResponses(202)) - 8e01f55d-2d91-4239-a1ac-cab51f2f2414-PendingRequests: sendNotLeaderResponses
2019-07-16 15:41:41,799 INFO  impl.RoleInfo (RoleInfo.java:shutdownFollowerState(121)) - 2e125096-a5e6-465f-8d6a-192e832ef6ee: shutdown FollowerState
2019-07-16 15:41:41,799 INFO  impl.StateMachineUpdater (StateMachineUpdater.java:stopAndJoin(115)) - StateMachineUpdater:8e01f55d-2d91-4239-a1ac-cab51f2f2414:group-A0831A1BBA6D: set stopIndex = 0
2019-07-16 15:41:41,800 INFO  impl.RaftServerImpl (ServerState.java:close(394)) - 8e01f55d-2d91-4239-a1ac-cab51f2f2414:group-A0831A1BBA6D closes. The last applied log index is 0
2019-07-16 15:41:41,799 INFO  impl.FollowerState (FollowerState.java:run(114)) - 2e125096-a5e6-465f-8d6a-192e832ef6ee: FollowerState was interrupted: java.lang.InterruptedException: sleep interrupted
2019-07-16 15:41:41,799 INFO  ratis.ContainerStateMachine (ContainerStateMachine.java:takeSnapshot(249)) - group-ACF236F30308: Taking a snapshot at:(t:1, i:21) file /workdir/hadoop-ozone/integration-test/target/test-dir/MiniOzoneClusterImpl-c63d3b4f-5676-42d9-a01a-77c7ca3a5d27/datanode-2/data/ratis/8ef74166-50e8-4af1-be1c-acf236f30308/sm/snapshot.1_21
2019-07-16 15:41:41,799 INFO  impl.StateMachineUpdater (StateMachineUpdater.java:stopAndJoin(115)) - StateMachineUpdater:2e125096-a5e6-465f-8d6a-192e832ef6ee:group-ACF236F30308: set stopIndex = 26
2019-07-16 15:41:41,800 INFO  segmented.SegmentedRaftLogWorker (SegmentedRaftLogWorker.java:run(313)) - 8e01f55d-2d91-4239-a1ac-cab51f2f2414-SegmentedRaftLogWorker:Storage Directory /workdir/hadoop-ozone/integration-test/target/test-dir/MiniOzoneClusterImpl-c63d3b4f-5676-42d9-a01a-77c7ca3a5d27/datanode-3/data/ratis/a1fd69fa-0b13-4ee2-8a7f-a0831a1bba6d was interrupted, exiting. There are 0 tasks remaining in the queue.
2019-07-16 15:41:41,802 INFO  ratis.ContainerStateMachine (ContainerStateMachine.java:takeSnapshot(257)) - group-ACF236F30308: Finished taking a snapshot at:(t:1, i:21) file:/workdir/hadoop-ozone/integration-test/target/test-dir/MiniOzoneClusterImpl-c63d3b4f-5676-42d9-a01a-77c7ca3a5d27/datanode-2/data/ratis/8ef74166-50e8-4af1-be1c-acf236f30308/sm/snapshot.1_21 time:3
2019-07-16 15:41:41,802 INFO  impl.StateMachineUpdater (StateMachineUpdater.java:takeSnapshot(242)) - StateMachineUpdater:2e125096-a5e6-465f-8d6a-192e832ef6ee:group-ACF236F30308: Took a snapshot at index 21
2019-07-16 15:41:41,804 INFO  segmented.SegmentedRaftLogWorker (SegmentedRaftLogWorker.java:close(228)) - 8e01f55d-2d91-4239-a1ac-cab51f2f2414-SegmentedRaftLogWorker:Storage Directory /workdir/hadoop-ozone/integration-test/target/test-dir/MiniOzoneClusterImpl-c63d3b4f-5676-42d9-a01a-77c7ca3a5d27/datanode-3/data/ratis/a1fd69fa-0b13-4ee2-8a7f-a0831a1bba6d close()
2019-07-16 15:41:41,804 INFO  impl.StateMachineUpdater (StateMachineUpdater.java:lambda$new$0(80)) - StateMachineUpdater:2e125096-a5e6-465f-8d6a-192e832ef6ee:group-ACF236F30308: snapshotIndex: updateIncreasingly -1 -> 21
2019-07-16 15:41:41,807 INFO  server.GrpcService (GrpcService.java:closeImpl(155)) - 8e01f55d-2d91-4239-a1ac-cab51f2f2414: shutdown server with port 38465 now
2019-07-16 15:41:41,807 INFO  impl.RaftServerImpl (ServerState.java:close(394)) - 2e125096-a5e6-465f-8d6a-192e832ef6ee:group-ACF236F30308 closes. The last applied log index is 26
2019-07-16 15:41:41,808 INFO  server.GrpcService (GrpcService.java:closeImpl(163)) - 8e01f55d-2d91-4239-a1ac-cab51f2f2414: shutdown server with port 38465 successfully
2019-07-16 15:41:41,808 INFO  segmented.SegmentedRaftLogWorker (SegmentedRaftLogWorker.java:run(313)) - 2e125096-a5e6-465f-8d6a-192e832ef6ee-SegmentedRaftLogWorker:Storage Directory /workdir/hadoop-ozone/integration-test/target/test-dir/MiniOzoneClusterImpl-c63d3b4f-5676-42d9-a01a-77c7ca3a5d27/datanode-2/data/ratis/8ef74166-50e8-4af1-be1c-acf236f30308 was interrupted, exiting. There are 0 tasks remaining in the queue.
2019-07-16 15:41:41,810 INFO  segmented.SegmentedRaftLogWorker (SegmentedRaftLogWorker.java:close(228)) - 2e125096-a5e6-465f-8d6a-192e832ef6ee-SegmentedRaftLogWorker:Storage Directory /workdir/hadoop-ozone/integration-test/target/test-dir/MiniOzoneClusterImpl-c63d3b4f-5676-42d9-a01a-77c7ca3a5d27/datanode-2/data/ratis/8ef74166-50e8-4af1-be1c-acf236f30308 close()
2019-07-16 15:41:41,813 INFO  server.GrpcService (GrpcService.java:closeImpl(155)) - 2e125096-a5e6-465f-8d6a-192e832ef6ee: shutdown server with port 45462 now
2019-07-16 15:41:41,816 INFO  server.GrpcService (GrpcService.java:closeImpl(163)) - 2e125096-a5e6-465f-8d6a-192e832ef6ee: shutdown server with port 45462 successfully
2019-07-16 15:41:41,816 INFO  utils.BackgroundService (BackgroundService.java:shutdown(148)) - Shutting down service BlockDeletingService
2019-07-16 15:41:41,818 INFO  utils.BackgroundService (BackgroundService.java:shutdown(148)) - Shutting down service BlockDeletingService
2019-07-16 15:41:41,819 WARN  fs.CachingGetSpaceUsed (CachingGetSpaceUsed.java:run(183)) - Thread Interrupted waiting to refresh disk information: sleep interrupted
2019-07-16 15:41:41,820 WARN  fs.CachingGetSpaceUsed (CachingGetSpaceUsed.java:run(183)) - Thread Interrupted waiting to refresh disk information: sleep interrupted
2019-07-16 15:41:41,845 INFO  statemachine.DatanodeStateMachine (DatanodeStateMachine.java:stopDaemon(395)) - Ozone container server stopped.
2019-07-16 15:41:41,845 INFO  statemachine.DatanodeStateMachine (DatanodeStateMachine.java:stopDaemon(395)) - Ozone container server stopped.
2019-07-16 15:41:41,850 INFO  handler.ContextHandler (ContextHandler.java:doStop(910)) - Stopped o.e.j.w.WebAppContext@7a458c73{/,null,UNAVAILABLE}{/hddsDatanode}
2019-07-16 15:41:41,851 INFO  handler.ContextHandler (ContextHandler.java:doStop(910)) - Stopped o.e.j.w.WebAppContext@3f54fabc{/,null,UNAVAILABLE}{/hddsDatanode}
2019-07-16 15:41:41,851 INFO  server.AbstractConnector (AbstractConnector.java:doStop(318)) - Stopped ServerConnector@47a72c32{HTTP/1.1,[http/1.1]}{0.0.0.0:0}
2019-07-16 15:41:41,853 INFO  server.AbstractConnector (AbstractConnector.java:doStop(318)) - Stopped ServerConnector@719e8f9f{HTTP/1.1,[http/1.1]}{0.0.0.0:0}
2019-07-16 15:41:41,853 INFO  handler.ContextHandler (ContextHandler.java:doStop(910)) - Stopped o.e.j.s.ServletContextHandler@9e2b199{/static,jar:file:/home/user/.m2/repository/org/apache/hadoop/hadoop-hdds-container-service/0.5.0-SNAPSHOT/hadoop-hdds-container-service-0.5.0-SNAPSHOT.jar!/webapps/static,UNAVAILABLE}
2019-07-16 15:41:41,853 INFO  handler.ContextHandler (ContextHandler.java:doStop(910)) - Stopped o.e.j.s.ServletContextHandler@6f959640{/static,jar:file:/home/user/.m2/repository/org/apache/hadoop/hadoop-hdds-container-service/0.5.0-SNAPSHOT/hadoop-hdds-container-service-0.5.0-SNAPSHOT.jar!/webapps/static,UNAVAILABLE}
2019-07-16 15:41:41,854 INFO  handler.ContextHandler (ContextHandler.java:doStop(910)) - Stopped o.e.j.s.ServletContextHandler@365eaef{/logs,file:///workdir/hadoop-ozone/integration-test/target/log,UNAVAILABLE}
2019-07-16 15:41:41,855 INFO  handler.ContextHandler (ContextHandler.java:doStop(910)) - Stopped o.e.j.s.ServletContextHandler@29b61bb{/logs,file:///workdir/hadoop-ozone/integration-test/target/log,UNAVAILABLE}
2019-07-16 15:41:41,856 INFO  datanode.ObjectStoreHandler (ObjectStoreHandler.java:close(155)) - Closing ObjectStoreHandler.
2019-07-16 15:41:41,856 INFO  datanode.ObjectStoreHandler (ObjectStoreHandler.java:close(155)) - Closing ObjectStoreHandler.
2019-07-16 15:41:41,857 INFO  ozone.HddsDatanodeService (HddsDatanodeService.java:stop(452)) - Stopped plug-in org.apache.hadoop.ozone.web.OzoneHddsDatanodeService@29ff84fa
2019-07-16 15:41:41,857 INFO  ozone.HddsDatanodeService (HddsDatanodeService.java:stop(452)) - Stopped plug-in org.apache.hadoop.ozone.web.OzoneHddsDatanodeService@213d5189
2019-07-16 15:41:42,028 INFO  statemachine.DatanodeStateMachine (DatanodeStateMachine.java:lambda$startDaemon$0(350)) - Ozone container server started.
2019-07-16 15:41:42,843 INFO  statemachine.DatanodeStateMachine (DatanodeStateMachine.java:lambda$startDaemon$0(350)) - Ozone container server started.
2019-07-16 15:41:45,444 INFO  impl.FollowerState (FollowerState.java:run(106)) - bd7a86f3-0120-41ac-839d-e07433dd6dc7:group-FD16606C79B4 changes to CANDIDATE, lastRpcTime:5232, electionTimeout:5021ms
2019-07-16 15:41:45,445 INFO  impl.RoleInfo (RoleInfo.java:shutdownFollowerState(121)) - bd7a86f3-0120-41ac-839d-e07433dd6dc7: shutdown FollowerState
2019-07-16 15:41:45,445 INFO  impl.RaftServerImpl (RaftServerImpl.java:setRole(171)) - bd7a86f3-0120-41ac-839d-e07433dd6dc7:group-FD16606C79B4 changes role from FOLLOWER to CANDIDATE at term 1 for changeToCandidate
2019-07-16 15:41:45,445 INFO  impl.RoleInfo (RoleInfo.java:updateAndGet(143)) - bd7a86f3-0120-41ac-839d-e07433dd6dc7: start LeaderElection
2019-07-16 15:41:45,445 INFO  impl.RaftServerImpl (ServerState.java:setLeader(263)) - bd7a86f3-0120-41ac-839d-e07433dd6dc7:group-FD16606C79B4 change Leader from 8e01f55d-2d91-4239-a1ac-cab51f2f2414 to null at term 1 for initElection
2019-07-16 15:41:45,475 INFO  impl.LeaderElection (LeaderElection.java:askForVotes(181)) - bd7a86f3-0120-41ac-839d-e07433dd6dc7:group-FD16606C79B4:LeaderElection79: begin an election at term 2 for 0: [bd7a86f3-0120-41ac-839d-e07433dd6dc7:192.168.69.88:44304, 8e01f55d-2d91-4239-a1ac-cab51f2f2414:192.168.69.88:38465, bc6d3eca-a563-4611-a7d6-3473bb87d697:192.168.69.88:42525], old=null
2019-07-16 15:41:45,478 INFO  impl.LeaderElection (LogUtils.java:infoOrTrace(149)) - bd7a86f3-0120-41ac-839d-e07433dd6dc7:group-FD16606C79B4:LeaderElection79 got exception when requesting votes: {}
java.util.concurrent.ExecutionException: org.apache.ratis.thirdparty.io.grpc.StatusRuntimeException: UNAVAILABLE: io exception
	at java.util.concurrent.FutureTask.report(FutureTask.java:122)
	at java.util.concurrent.FutureTask.get(FutureTask.java:192)
	at org.apache.ratis.server.impl.LeaderElection.waitForResults(LeaderElection.java:262)
	at org.apache.ratis.server.impl.LeaderElection.askForVotes(LeaderElection.java:200)
	at org.apache.ratis.server.impl.LeaderElection.run(LeaderElection.java:130)
	at java.lang.Thread.run(Thread.java:748)
Caused by: org.apache.ratis.thirdparty.io.grpc.StatusRuntimeException: UNAVAILABLE: io exception
	at org.apache.ratis.thirdparty.io.grpc.stub.ClientCalls.toStatusRuntimeException(ClientCalls.java:233)
	at org.apache.ratis.thirdparty.io.grpc.stub.ClientCalls.getUnchecked(ClientCalls.java:214)
	at org.apache.ratis.thirdparty.io.grpc.stub.ClientCalls.blockingUnaryCall(ClientCalls.java:139)
	at org.apache.ratis.proto.grpc.RaftServerProtocolServiceGrpc$RaftServerProtocolServiceBlockingStub.requestVote(RaftServerProtocolServiceGrpc.java:265)
	at org.apache.ratis.grpc.server.GrpcServerProtocolClient.requestVote(GrpcServerProtocolClient.java:83)
	at org.apache.ratis.grpc.server.GrpcService.requestVote(GrpcService.java:195)
	at org.apache.ratis.server.impl.LeaderElection.lambda$submitRequests$1(LeaderElection.java:237)
	at java.util.concurrent.FutureTask.run(FutureTask.java:266)
	at java.util.concurrent.Executors$RunnableAdapter.call(Executors.java:511)
	at java.util.concurrent.FutureTask.run(FutureTask.java:266)
	at java.util.concurrent.ThreadPoolExecutor.runWorker(ThreadPoolExecutor.java:1149)
	at java.util.concurrent.ThreadPoolExecutor$Worker.run(ThreadPoolExecutor.java:624)
	... 1 more
Caused by: org.apache.ratis.thirdparty.io.netty.channel.AbstractChannel$AnnotatedConnectException: Connection refused: /192.168.69.88:38465
	at sun.nio.ch.SocketChannelImpl.checkConnect(Native Method)
	at sun.nio.ch.SocketChannelImpl.finishConnect(SocketChannelImpl.java:717)
	at org.apache.ratis.thirdparty.io.netty.channel.socket.nio.NioSocketChannel.doFinishConnect(NioSocketChannel.java:327)
	at org.apache.ratis.thirdparty.io.netty.channel.nio.AbstractNioChannel$AbstractNioUnsafe.finishConnect(AbstractNioChannel.java:340)
	at org.apache.ratis.thirdparty.io.netty.channel.nio.NioEventLoop.processSelectedKey(NioEventLoop.java:632)
	at org.apache.ratis.thirdparty.io.netty.channel.nio.NioEventLoop.processSelectedKeysOptimized(NioEventLoop.java:579)
	at org.apache.ratis.thirdparty.io.netty.channel.nio.NioEventLoop.processSelectedKeys(NioEventLoop.java:496)
	at org.apache.ratis.thirdparty.io.netty.channel.nio.NioEventLoop.run(NioEventLoop.java:458)
	at org.apache.ratis.thirdparty.io.netty.util.concurrent.SingleThreadEventExecutor$5.run(SingleThreadEventExecutor.java:897)
	at org.apache.ratis.thirdparty.io.netty.util.concurrent.FastThreadLocalRunnable.run(FastThreadLocalRunnable.java:30)
	... 1 more
Caused by: java.net.ConnectException: Connection refused
	... 11 more
2019-07-16 15:41:45,479 INFO  impl.LeaderElection (LogUtils.java:infoOrTrace(149)) - bd7a86f3-0120-41ac-839d-e07433dd6dc7:group-FD16606C79B4:LeaderElection79 got exception when requesting votes: {}
java.util.concurrent.ExecutionException: org.apache.ratis.thirdparty.io.grpc.StatusRuntimeException: UNAVAILABLE: io exception
	at java.util.concurrent.FutureTask.report(FutureTask.java:122)
	at java.util.concurrent.FutureTask.get(FutureTask.java:192)
	at org.apache.ratis.server.impl.LeaderElection.waitForResults(LeaderElection.java:262)
	at org.apache.ratis.server.impl.LeaderElection.askForVotes(LeaderElection.java:200)
	at org.apache.ratis.server.impl.LeaderElection.run(LeaderElection.java:130)
	at java.lang.Thread.run(Thread.java:748)
Caused by: org.apache.ratis.thirdparty.io.grpc.StatusRuntimeException: UNAVAILABLE: io exception
	at org.apache.ratis.thirdparty.io.grpc.stub.ClientCalls.toStatusRuntimeException(ClientCalls.java:233)
	at org.apache.ratis.thirdparty.io.grpc.stub.ClientCalls.getUnchecked(ClientCalls.java:214)
	at org.apache.ratis.thirdparty.io.grpc.stub.ClientCalls.blockingUnaryCall(ClientCalls.java:139)
	at org.apache.ratis.proto.grpc.RaftServerProtocolServiceGrpc$RaftServerProtocolServiceBlockingStub.requestVote(RaftServerProtocolServiceGrpc.java:265)
	at org.apache.ratis.grpc.server.GrpcServerProtocolClient.requestVote(GrpcServerProtocolClient.java:83)
	at org.apache.ratis.grpc.server.GrpcService.requestVote(GrpcService.java:195)
	at org.apache.ratis.server.impl.LeaderElection.lambda$submitRequests$1(LeaderElection.java:237)
	at java.util.concurrent.FutureTask.run(FutureTask.java:266)
	at java.util.concurrent.Executors$RunnableAdapter.call(Executors.java:511)
	at java.util.concurrent.FutureTask.run(FutureTask.java:266)
	at java.util.concurrent.ThreadPoolExecutor.runWorker(ThreadPoolExecutor.java:1149)
	at java.util.concurrent.ThreadPoolExecutor$Worker.run(ThreadPoolExecutor.java:624)
	... 1 more
Caused by: org.apache.ratis.thirdparty.io.netty.channel.AbstractChannel$AnnotatedConnectException: Connection refused: /192.168.69.88:42525
	at sun.nio.ch.SocketChannelImpl.checkConnect(Native Method)
	at sun.nio.ch.SocketChannelImpl.finishConnect(SocketChannelImpl.java:717)
	at org.apache.ratis.thirdparty.io.netty.channel.socket.nio.NioSocketChannel.doFinishConnect(NioSocketChannel.java:327)
	at org.apache.ratis.thirdparty.io.netty.channel.nio.AbstractNioChannel$AbstractNioUnsafe.finishConnect(AbstractNioChannel.java:340)
	at org.apache.ratis.thirdparty.io.netty.channel.nio.NioEventLoop.processSelectedKey(NioEventLoop.java:632)
	at org.apache.ratis.thirdparty.io.netty.channel.nio.NioEventLoop.processSelectedKeysOptimized(NioEventLoop.java:579)
	at org.apache.ratis.thirdparty.io.netty.channel.nio.NioEventLoop.processSelectedKeys(NioEventLoop.java:496)
	at org.apache.ratis.thirdparty.io.netty.channel.nio.NioEventLoop.run(NioEventLoop.java:458)
	at org.apache.ratis.thirdparty.io.netty.util.concurrent.SingleThreadEventExecutor$5.run(SingleThreadEventExecutor.java:897)
	at org.apache.ratis.thirdparty.io.netty.util.concurrent.FastThreadLocalRunnable.run(FastThreadLocalRunnable.java:30)
	... 1 more
Caused by: java.net.ConnectException: Connection refused
	... 11 more
2019-07-16 15:41:45,481 INFO  impl.LeaderElection (LeaderElection.java:logAndReturn(56)) - bd7a86f3-0120-41ac-839d-e07433dd6dc7:group-FD16606C79B4:LeaderElection79: Election REJECTED; received 0 response(s) [] and 2 exception(s); bd7a86f3-0120-41ac-839d-e07433dd6dc7:t2, leader=null, voted=bd7a86f3-0120-41ac-839d-e07433dd6dc7, raftlog=bd7a86f3-0120-41ac-839d-e07433dd6dc7-SegmentedRaftLog:OPENED:c0,f0,i0, conf=0: [bd7a86f3-0120-41ac-839d-e07433dd6dc7:192.168.69.88:44304, 8e01f55d-2d91-4239-a1ac-cab51f2f2414:192.168.69.88:38465, bc6d3eca-a563-4611-a7d6-3473bb87d697:192.168.69.88:42525], old=null
2019-07-16 15:41:45,481 INFO  impl.LeaderElection (LogUtils.java:infoOrTrace(149)) -   Exception 0: {}
java.util.concurrent.ExecutionException: org.apache.ratis.thirdparty.io.grpc.StatusRuntimeException: UNAVAILABLE: io exception
	at java.util.concurrent.FutureTask.report(FutureTask.java:122)
	at java.util.concurrent.FutureTask.get(FutureTask.java:192)
	at org.apache.ratis.server.impl.LeaderElection.waitForResults(LeaderElection.java:262)
	at org.apache.ratis.server.impl.LeaderElection.askForVotes(LeaderElection.java:200)
	at org.apache.ratis.server.impl.LeaderElection.run(LeaderElection.java:130)
	at java.lang.Thread.run(Thread.java:748)
Caused by: org.apache.ratis.thirdparty.io.grpc.StatusRuntimeException: UNAVAILABLE: io exception
	at org.apache.ratis.thirdparty.io.grpc.stub.ClientCalls.toStatusRuntimeException(ClientCalls.java:233)
	at org.apache.ratis.thirdparty.io.grpc.stub.ClientCalls.getUnchecked(ClientCalls.java:214)
	at org.apache.ratis.thirdparty.io.grpc.stub.ClientCalls.blockingUnaryCall(ClientCalls.java:139)
	at org.apache.ratis.proto.grpc.RaftServerProtocolServiceGrpc$RaftServerProtocolServiceBlockingStub.requestVote(RaftServerProtocolServiceGrpc.java:265)
	at org.apache.ratis.grpc.server.GrpcServerProtocolClient.requestVote(GrpcServerProtocolClient.java:83)
	at org.apache.ratis.grpc.server.GrpcService.requestVote(GrpcService.java:195)
	at org.apache.ratis.server.impl.LeaderElection.lambda$submitRequests$1(LeaderElection.java:237)
	at java.util.concurrent.FutureTask.run(FutureTask.java:266)
	at java.util.concurrent.Executors$RunnableAdapter.call(Executors.java:511)
	at java.util.concurrent.FutureTask.run(FutureTask.java:266)
	at java.util.concurrent.ThreadPoolExecutor.runWorker(ThreadPoolExecutor.java:1149)
	at java.util.concurrent.ThreadPoolExecutor$Worker.run(ThreadPoolExecutor.java:624)
	... 1 more
Caused by: org.apache.ratis.thirdparty.io.netty.channel.AbstractChannel$AnnotatedConnectException: Connection refused: /192.168.69.88:38465
	at sun.nio.ch.SocketChannelImpl.checkConnect(Native Method)
	at sun.nio.ch.SocketChannelImpl.finishConnect(SocketChannelImpl.java:717)
	at org.apache.ratis.thirdparty.io.netty.channel.socket.nio.NioSocketChannel.doFinishConnect(NioSocketChannel.java:327)
	at org.apache.ratis.thirdparty.io.netty.channel.nio.AbstractNioChannel$AbstractNioUnsafe.finishConnect(AbstractNioChannel.java:340)
	at org.apache.ratis.thirdparty.io.netty.channel.nio.NioEventLoop.processSelectedKey(NioEventLoop.java:632)
	at org.apache.ratis.thirdparty.io.netty.channel.nio.NioEventLoop.processSelectedKeysOptimized(NioEventLoop.java:579)
	at org.apache.ratis.thirdparty.io.netty.channel.nio.NioEventLoop.processSelectedKeys(NioEventLoop.java:496)
	at org.apache.ratis.thirdparty.io.netty.channel.nio.NioEventLoop.run(NioEventLoop.java:458)
	at org.apache.ratis.thirdparty.io.netty.util.concurrent.SingleThreadEventExecutor$5.run(SingleThreadEventExecutor.java:897)
	at org.apache.ratis.thirdparty.io.netty.util.concurrent.FastThreadLocalRunnable.run(FastThreadLocalRunnable.java:30)
	... 1 more
Caused by: java.net.ConnectException: Connection refused
	... 11 more
2019-07-16 15:41:45,482 INFO  impl.LeaderElection (LogUtils.java:infoOrTrace(149)) -   Exception 1: {}
java.util.concurrent.ExecutionException: org.apache.ratis.thirdparty.io.grpc.StatusRuntimeException: UNAVAILABLE: io exception
	at java.util.concurrent.FutureTask.report(FutureTask.java:122)
	at java.util.concurrent.FutureTask.get(FutureTask.java:192)
	at org.apache.ratis.server.impl.LeaderElection.waitForResults(LeaderElection.java:262)
	at org.apache.ratis.server.impl.LeaderElection.askForVotes(LeaderElection.java:200)
	at org.apache.ratis.server.impl.LeaderElection.run(LeaderElection.java:130)
	at java.lang.Thread.run(Thread.java:748)
Caused by: org.apache.ratis.thirdparty.io.grpc.StatusRuntimeException: UNAVAILABLE: io exception
	at org.apache.ratis.thirdparty.io.grpc.stub.ClientCalls.toStatusRuntimeException(ClientCalls.java:233)
	at org.apache.ratis.thirdparty.io.grpc.stub.ClientCalls.getUnchecked(ClientCalls.java:214)
	at org.apache.ratis.thirdparty.io.grpc.stub.ClientCalls.blockingUnaryCall(ClientCalls.java:139)
	at org.apache.ratis.proto.grpc.RaftServerProtocolServiceGrpc$RaftServerProtocolServiceBlockingStub.requestVote(RaftServerProtocolServiceGrpc.java:265)
	at org.apache.ratis.grpc.server.GrpcServerProtocolClient.requestVote(GrpcServerProtocolClient.java:83)
	at org.apache.ratis.grpc.server.GrpcService.requestVote(GrpcService.java:195)
	at org.apache.ratis.server.impl.LeaderElection.lambda$submitRequests$1(LeaderElection.java:237)
	at java.util.concurrent.FutureTask.run(FutureTask.java:266)
	at java.util.concurrent.Executors$RunnableAdapter.call(Executors.java:511)
	at java.util.concurrent.FutureTask.run(FutureTask.java:266)
	at java.util.concurrent.ThreadPoolExecutor.runWorker(ThreadPoolExecutor.java:1149)
	at java.util.concurrent.ThreadPoolExecutor$Worker.run(ThreadPoolExecutor.java:624)
	... 1 more
Caused by: org.apache.ratis.thirdparty.io.netty.channel.AbstractChannel$AnnotatedConnectException: Connection refused: /192.168.69.88:42525
	at sun.nio.ch.SocketChannelImpl.checkConnect(Native Method)
	at sun.nio.ch.SocketChannelImpl.finishConnect(SocketChannelImpl.java:717)
	at org.apache.ratis.thirdparty.io.netty.channel.socket.nio.NioSocketChannel.doFinishConnect(NioSocketChannel.java:327)
	at org.apache.ratis.thirdparty.io.netty.channel.nio.AbstractNioChannel$AbstractNioUnsafe.finishConnect(AbstractNioChannel.java:340)
	at org.apache.ratis.thirdparty.io.netty.channel.nio.NioEventLoop.processSelectedKey(NioEventLoop.java:632)
	at org.apache.ratis.thirdparty.io.netty.channel.nio.NioEventLoop.processSelectedKeysOptimized(NioEventLoop.java:579)
	at org.apache.ratis.thirdparty.io.netty.channel.nio.NioEventLoop.processSelectedKeys(NioEventLoop.java:496)
	at org.apache.ratis.thirdparty.io.netty.channel.nio.NioEventLoop.run(NioEventLoop.java:458)
	at org.apache.ratis.thirdparty.io.netty.util.concurrent.SingleThreadEventExecutor$5.run(SingleThreadEventExecutor.java:897)
	at org.apache.ratis.thirdparty.io.netty.util.concurrent.FastThreadLocalRunnable.run(FastThreadLocalRunnable.java:30)
	... 1 more
Caused by: java.net.ConnectException: Connection refused
	... 11 more
2019-07-16 15:41:45,482 INFO  impl.RaftServerImpl (RaftServerImpl.java:setRole(171)) - bd7a86f3-0120-41ac-839d-e07433dd6dc7:group-FD16606C79B4 changes role from CANDIDATE to FOLLOWER at term 2 for DISCOVERED_A_NEW_TERM
2019-07-16 15:41:45,482 INFO  impl.RoleInfo (RoleInfo.java:shutdownLeaderElection(134)) - bd7a86f3-0120-41ac-839d-e07433dd6dc7: shutdown LeaderElection
2019-07-16 15:41:45,482 INFO  impl.RoleInfo (RoleInfo.java:updateAndGet(143)) - bd7a86f3-0120-41ac-839d-e07433dd6dc7: start FollowerState
2019-07-16 15:41:46,039 INFO  node.StaleNodeHandler (StaleNodeHandler.java:onMessage(58)) - Datanode c4d38425-d0a6-411b-b1ec-c66c070bc26a{ip: 192.168.69.88, host: trunk-nightly-kgw5x-1882989438, networkLocation: /default-rack, certSerialId: null} moved to stale state. Finalizing its pipelines []
2019-07-16 15:41:46,857 INFO  ozoneimpl.OzoneContainer (OzoneContainer.java:stop(199)) - Attempting to stop container services.
2019-07-16 15:41:46,858 INFO  ozoneimpl.OzoneContainer (OzoneContainer.java:stop(199)) - Attempting to stop container services.
2019-07-16 15:41:46,858 INFO  impl.RaftServerProxy (RaftServerProxy.java:lambda$close$4(314)) - c4d38425-d0a6-411b-b1ec-c66c070bc26a: close
2019-07-16 15:41:46,858 INFO  impl.RaftServerProxy (RaftServerProxy.java:lambda$close$4(314)) - bd7a86f3-0120-41ac-839d-e07433dd6dc7: close
2019-07-16 15:41:46,860 INFO  server.GrpcService (GrpcService.java:closeImpl(155)) - c4d38425-d0a6-411b-b1ec-c66c070bc26a: shutdown server with port 42797 now
2019-07-16 15:41:46,860 INFO  impl.RaftServerImpl (RaftServerImpl.java:lambda$shutdown$3(245)) - bd7a86f3-0120-41ac-839d-e07433dd6dc7: shutdown group-9B5F9499B7AD
2019-07-16 15:41:46,861 INFO  server.GrpcService (GrpcService.java:closeImpl(163)) - c4d38425-d0a6-411b-b1ec-c66c070bc26a: shutdown server with port 42797 successfully
2019-07-16 15:41:46,861 INFO  util.JmxRegister (JmxRegister.java:unregister(73)) - Successfully un-registered JMX Bean with object name Ratis:service=RaftServer,group=group-9B5F9499B7AD,id=bd7a86f3-0120-41ac-839d-e07433dd6dc7
2019-07-16 15:41:46,862 INFO  impl.RoleInfo (RoleInfo.java:shutdownLeaderState(104)) - bd7a86f3-0120-41ac-839d-e07433dd6dc7: shutdown LeaderState
2019-07-16 15:41:46,862 INFO  impl.PendingRequests (PendingRequests.java:sendNotLeaderResponses(202)) - bd7a86f3-0120-41ac-839d-e07433dd6dc7-PendingRequests: sendNotLeaderResponses
2019-07-16 15:41:46,863 INFO  impl.StateMachineUpdater (StateMachineUpdater.java:stopAndJoin(115)) - StateMachineUpdater:bd7a86f3-0120-41ac-839d-e07433dd6dc7:group-9B5F9499B7AD: set stopIndex = 0
2019-07-16 15:41:46,864 INFO  impl.RaftServerImpl (ServerState.java:close(394)) - bd7a86f3-0120-41ac-839d-e07433dd6dc7:group-9B5F9499B7AD closes. The last applied log index is 0
2019-07-16 15:41:46,864 INFO  segmented.SegmentedRaftLogWorker (SegmentedRaftLogWorker.java:run(313)) - bd7a86f3-0120-41ac-839d-e07433dd6dc7-SegmentedRaftLogWorker:Storage Directory /workdir/hadoop-ozone/integration-test/target/test-dir/MiniOzoneClusterImpl-c63d3b4f-5676-42d9-a01a-77c7ca3a5d27/datanode-5/data/ratis/29b6ea0a-b4b7-47d7-9f1c-9b5f9499b7ad was interrupted, exiting. There are 0 tasks remaining in the queue.
2019-07-16 15:41:46,866 INFO  segmented.SegmentedRaftLogWorker (SegmentedRaftLogWorker.java:close(228)) - bd7a86f3-0120-41ac-839d-e07433dd6dc7-SegmentedRaftLogWorker:Storage Directory /workdir/hadoop-ozone/integration-test/target/test-dir/MiniOzoneClusterImpl-c63d3b4f-5676-42d9-a01a-77c7ca3a5d27/datanode-5/data/ratis/29b6ea0a-b4b7-47d7-9f1c-9b5f9499b7ad close()
2019-07-16 15:41:46,869 INFO  impl.RaftServerImpl (RaftServerImpl.java:lambda$shutdown$3(245)) - bd7a86f3-0120-41ac-839d-e07433dd6dc7: shutdown group-FD16606C79B4
2019-07-16 15:41:46,869 INFO  utils.BackgroundService (BackgroundService.java:shutdown(148)) - Shutting down service BlockDeletingService
2019-07-16 15:41:46,870 INFO  util.JmxRegister (JmxRegister.java:unregister(73)) - Successfully un-registered JMX Bean with object name Ratis:service=RaftServer,group=group-FD16606C79B4,id=bd7a86f3-0120-41ac-839d-e07433dd6dc7
2019-07-16 15:41:46,872 INFO  impl.RoleInfo (RoleInfo.java:shutdownFollowerState(121)) - bd7a86f3-0120-41ac-839d-e07433dd6dc7: shutdown FollowerState
2019-07-16 15:41:46,872 INFO  impl.StateMachineUpdater (StateMachineUpdater.java:stopAndJoin(115)) - StateMachineUpdater:bd7a86f3-0120-41ac-839d-e07433dd6dc7:group-FD16606C79B4: set stopIndex = 0
2019-07-16 15:41:46,872 INFO  impl.FollowerState (FollowerState.java:run(114)) - bd7a86f3-0120-41ac-839d-e07433dd6dc7: FollowerState was interrupted: java.lang.InterruptedException: sleep interrupted
2019-07-16 15:41:46,872 WARN  fs.CachingGetSpaceUsed (CachingGetSpaceUsed.java:run(183)) - Thread Interrupted waiting to refresh disk information: sleep interrupted
2019-07-16 15:41:46,872 INFO  impl.RaftServerImpl (ServerState.java:close(394)) - bd7a86f3-0120-41ac-839d-e07433dd6dc7:group-FD16606C79B4 closes. The last applied log index is 0
2019-07-16 15:41:46,874 INFO  segmented.SegmentedRaftLogWorker (SegmentedRaftLogWorker.java:run(313)) - bd7a86f3-0120-41ac-839d-e07433dd6dc7-SegmentedRaftLogWorker:Storage Directory /workdir/hadoop-ozone/integration-test/target/test-dir/MiniOzoneClusterImpl-c63d3b4f-5676-42d9-a01a-77c7ca3a5d27/datanode-5/data/ratis/fda325b2-ba48-4adb-85b7-fd16606c79b4 was interrupted, exiting. There are 0 tasks remaining in the queue.
2019-07-16 15:41:46,876 INFO  segmented.SegmentedRaftLogWorker (SegmentedRaftLogWorker.java:close(228)) - bd7a86f3-0120-41ac-839d-e07433dd6dc7-SegmentedRaftLogWorker:Storage Directory /workdir/hadoop-ozone/integration-test/target/test-dir/MiniOzoneClusterImpl-c63d3b4f-5676-42d9-a01a-77c7ca3a5d27/datanode-5/data/ratis/fda325b2-ba48-4adb-85b7-fd16606c79b4 close()
2019-07-16 15:41:46,883 INFO  server.GrpcService (GrpcService.java:closeImpl(155)) - bd7a86f3-0120-41ac-839d-e07433dd6dc7: shutdown server with port 44304 now
2019-07-16 15:41:46,884 INFO  server.GrpcService (GrpcService.java:closeImpl(163)) - bd7a86f3-0120-41ac-839d-e07433dd6dc7: shutdown server with port 44304 successfully
2019-07-16 15:41:46,885 INFO  utils.BackgroundService (BackgroundService.java:shutdown(148)) - Shutting down service BlockDeletingService
2019-07-16 15:41:46,887 WARN  fs.CachingGetSpaceUsed (CachingGetSpaceUsed.java:run(183)) - Thread Interrupted waiting to refresh disk information: sleep interrupted
2019-07-16 15:41:46,900 INFO  statemachine.DatanodeStateMachine (DatanodeStateMachine.java:stopDaemon(395)) - Ozone container server stopped.
2019-07-16 15:41:46,903 INFO  handler.ContextHandler (ContextHandler.java:doStop(910)) - Stopped o.e.j.w.WebAppContext@105e8710{/,null,UNAVAILABLE}{/hddsDatanode}
2019-07-16 15:41:46,905 INFO  server.AbstractConnector (AbstractConnector.java:doStop(318)) - Stopped ServerConnector@7442be61{HTTP/1.1,[http/1.1]}{0.0.0.0:0}
2019-07-16 15:41:46,909 INFO  handler.ContextHandler (ContextHandler.java:doStop(910)) - Stopped o.e.j.s.ServletContextHandler@b7952d2{/static,jar:file:/home/user/.m2/repository/org/apache/hadoop/hadoop-hdds-container-service/0.5.0-SNAPSHOT/hadoop-hdds-container-service-0.5.0-SNAPSHOT.jar!/webapps/static,UNAVAILABLE}
2019-07-16 15:41:46,909 INFO  handler.ContextHandler (ContextHandler.java:doStop(910)) - Stopped o.e.j.s.ServletContextHandler@544faa01{/logs,file:///workdir/hadoop-ozone/integration-test/target/log,UNAVAILABLE}
2019-07-16 15:41:46,917 INFO  statemachine.DatanodeStateMachine (DatanodeStateMachine.java:stopDaemon(395)) - Ozone container server stopped.
2019-07-16 15:41:46,918 INFO  handler.ContextHandler (ContextHandler.java:doStop(910)) - Stopped o.e.j.w.WebAppContext@6db160b4{/,null,UNAVAILABLE}{/hddsDatanode}
2019-07-16 15:41:46,918 INFO  server.AbstractConnector (AbstractConnector.java:doStop(318)) - Stopped ServerConnector@64ee9290{HTTP/1.1,[http/1.1]}{0.0.0.0:0}
2019-07-16 15:41:46,919 INFO  handler.ContextHandler (ContextHandler.java:doStop(910)) - Stopped o.e.j.s.ServletContextHandler@678a7489{/static,jar:file:/home/user/.m2/repository/org/apache/hadoop/hadoop-hdds-container-service/0.5.0-SNAPSHOT/hadoop-hdds-container-service-0.5.0-SNAPSHOT.jar!/webapps/static,UNAVAILABLE}
2019-07-16 15:41:46,919 INFO  handler.ContextHandler (ContextHandler.java:doStop(910)) - Stopped o.e.j.s.ServletContextHandler@7c52df60{/logs,file:///workdir/hadoop-ozone/integration-test/target/log,UNAVAILABLE}
2019-07-16 15:41:46,920 INFO  ozone.MiniOzoneClusterImpl (MiniOzoneClusterImpl.java:stop(353)) - Stopping the StorageContainerManager
2019-07-16 15:41:46,920 INFO  server.StorageContainerManager (StorageContainerManager.java:stop(796)) - Stopping Replication Manager Service.
2019-07-16 15:41:46,920 INFO  container.ReplicationManager (ReplicationManager.java:stop(187)) - Stopping Replication Monitor Thread.
2019-07-16 15:41:46,921 INFO  server.StorageContainerManager (StorageContainerManager.java:stop(803)) - Stopping Lease Manager of the command watchers
2019-07-16 15:41:46,921 INFO  server.StorageContainerManager (StorageContainerManager.java:stop(810)) - Stopping datanode service RPC server
2019-07-16 15:41:46,921 INFO  server.SCMDatanodeProtocolServer (SCMDatanodeProtocolServer.java:stop(375)) - Stopping the RPC server for DataNodes
2019-07-16 15:41:46,921 INFO  ipc.Server (Server.java:stop(3082)) - Stopping server on 36630
2019-07-16 15:41:46,923 INFO  ipc.Server (Server.java:run(1185)) - Stopping IPC Server listener on 36630
2019-07-16 15:41:46,923 INFO  ipc.Server (Server.java:run(1319)) - Stopping IPC Server Responder
2019-07-16 15:41:46,940 WARN  node.NodeStateManager (NodeStateManager.java:scheduleNextHealthCheck(631)) - Current Thread is interrupted, shutting down HB processing thread for Node Manager.
2019-07-16 15:41:46,941 INFO  node.StaleNodeHandler (StaleNodeHandler.java:onMessage(58)) - Datanode bd7a86f3-0120-41ac-839d-e07433dd6dc7{ip: 192.168.69.88, host: trunk-nightly-kgw5x-1882989438, networkLocation: /default-rack, certSerialId: null} moved to stale state. Finalizing its pipelines [PipelineID=29b6ea0a-b4b7-47d7-9f1c-9b5f9499b7ad, PipelineID=fda325b2-ba48-4adb-85b7-fd16606c79b4]
2019-07-16 15:41:46,941 INFO  server.StorageContainerManager (StorageContainerManager.java:stop(818)) - Stopping block service RPC server
2019-07-16 15:41:46,941 INFO  pipeline.SCMPipelineManager (SCMPipelineManager.java:finalizeAndDestroyPipeline(309)) - destroying pipeline:Pipeline[ Id: 29b6ea0a-b4b7-47d7-9f1c-9b5f9499b7ad, Nodes: bd7a86f3-0120-41ac-839d-e07433dd6dc7{ip: 192.168.69.88, host: trunk-nightly-kgw5x-1882989438, networkLocation: /default-rack, certSerialId: null}, Type:RATIS, Factor:ONE, State:OPEN]
2019-07-16 15:41:46,941 INFO  server.SCMBlockProtocolServer (SCMBlockProtocolServer.java:stop(148)) - Stopping the RPC server for Block Protocol
2019-07-16 15:41:46,941 INFO  ipc.Server (Server.java:stop(3082)) - Stopping server on 41244
2019-07-16 15:41:46,941 INFO  pipeline.PipelineStateManager (PipelineStateManager.java:finalizePipeline(123)) - Pipeline Pipeline[ Id: 29b6ea0a-b4b7-47d7-9f1c-9b5f9499b7ad, Nodes: bd7a86f3-0120-41ac-839d-e07433dd6dc7{ip: 192.168.69.88, host: trunk-nightly-kgw5x-1882989438, networkLocation: /default-rack, certSerialId: null}, Type:RATIS, Factor:ONE, State:CLOSED] moved to CLOSED state
2019-07-16 15:41:46,942 INFO  pipeline.SCMPipelineManager (SCMPipelineManager.java:finalizeAndDestroyPipeline(309)) - destroying pipeline:Pipeline[ Id: fda325b2-ba48-4adb-85b7-fd16606c79b4, Nodes: bc6d3eca-a563-4611-a7d6-3473bb87d697{ip: 192.168.69.88, host: trunk-nightly-kgw5x-1882989438, networkLocation: /default-rack, certSerialId: null}8e01f55d-2d91-4239-a1ac-cab51f2f2414{ip: 192.168.69.88, host: trunk-nightly-kgw5x-1882989438, networkLocation: /default-rack, certSerialId: null}bd7a86f3-0120-41ac-839d-e07433dd6dc7{ip: 192.168.69.88, host: trunk-nightly-kgw5x-1882989438, networkLocation: /default-rack, certSerialId: null}, Type:RATIS, Factor:THREE, State:CLOSED]
2019-07-16 15:41:46,943 INFO  ipc.Server (Server.java:run(1185)) - Stopping IPC Server listener on 41244
2019-07-16 15:41:46,943 INFO  server.StorageContainerManager (StorageContainerManager.java:stop(825)) - Stopping the StorageContainerLocationProtocol RPC server
2019-07-16 15:41:46,943 INFO  server.SCMClientProtocolServer (SCMClientProtocolServer.java:stop(157)) - Stopping the RPC server for Client Protocol
2019-07-16 15:41:46,943 INFO  ipc.Server (Server.java:stop(3082)) - Stopping server on 46878
2019-07-16 15:41:46,943 INFO  ipc.Server (Server.java:run(1319)) - Stopping IPC Server Responder
2019-07-16 15:41:46,945 INFO  ipc.Server (Server.java:run(1185)) - Stopping IPC Server listener on 46878
2019-07-16 15:41:46,945 INFO  server.StorageContainerManager (StorageContainerManager.java:stop(832)) - Stopping Storage Container Manager HTTP server.
2019-07-16 15:41:46,946 INFO  ipc.Server (Server.java:run(1319)) - Stopping IPC Server Responder
2019-07-16 15:41:46,948 INFO  handler.ContextHandler (ContextHandler.java:doStop(910)) - Stopped o.e.j.w.WebAppContext@23ee31b8{/,null,UNAVAILABLE}{/scm}
2019-07-16 15:41:46,948 INFO  server.AbstractConnector (AbstractConnector.java:doStop(318)) - Stopped ServerConnector@5fc42998{HTTP/1.1,[http/1.1]}{0.0.0.0:0}
2019-07-16 15:41:46,948 INFO  handler.ContextHandler (ContextHandler.java:doStop(910)) - Stopped o.e.j.s.ServletContextHandler@3ede428e{/static,file:///workdir/hadoop-ozone/integration-test/target/test-classes/webapps/static,UNAVAILABLE}
2019-07-16 15:41:46,949 INFO  handler.ContextHandler (ContextHandler.java:doStop(910)) - Stopped o.e.j.s.ServletContextHandler@27f8f1cc{/logs,file:///workdir/hadoop-ozone/integration-test/target/log,UNAVAILABLE}
2019-07-16 15:41:46,949 INFO  server.StorageContainerManager (StorageContainerManager.java:stop(843)) - Stopping Block Manager Service.
2019-07-16 15:41:46,950 INFO  utils.BackgroundService (BackgroundService.java:shutdown(148)) - Shutting down service SCMBlockDeletingService
2019-07-16 15:41:46,950 INFO  utils.BackgroundService (BackgroundService.java:shutdown(148)) - Shutting down service SCMBlockDeletingService
2019-07-16 15:41:46,950 INFO  server.StorageContainerManager (StorageContainerManager.java:stop(865)) - Stopping SCM Event Queue.
2019-07-16 15:41:46,977 INFO  impl.MetricsSystemImpl (MetricsSystemImpl.java:stop(210)) - Stopping HddsDatanode metrics system...
2019-07-16 15:41:46,986 INFO  impl.MetricsSystemImpl (MetricsSystemImpl.java:stop(216)) - HddsDatanode metrics system stopped.
]]></system-out>
    <system-err><![CDATA[Jul 16, 2019 3:41:14 PM com.sun.jersey.server.impl.application.WebApplicationImpl _initiate
INFO: Initiating Jersey application, version 'Jersey: 1.19 02/11/2015 03:25 AM'
Jul 16, 2019 3:41:14 PM com.sun.jersey.server.impl.application.WebApplicationImpl _initiate
INFO: Initiating Jersey application, version 'Jersey: 1.19 02/11/2015 03:25 AM'
Jul 16, 2019 3:41:15 PM com.sun.jersey.server.impl.application.WebApplicationImpl _initiate
INFO: Initiating Jersey application, version 'Jersey: 1.19 02/11/2015 03:25 AM'
Jul 16, 2019 3:41:15 PM com.sun.jersey.server.impl.application.WebApplicationImpl _initiate
INFO: Initiating Jersey application, version 'Jersey: 1.19 02/11/2015 03:25 AM'
Jul 16, 2019 3:41:15 PM com.sun.jersey.server.impl.application.WebApplicationImpl _initiate
INFO: Initiating Jersey application, version 'Jersey: 1.19 02/11/2015 03:25 AM'
Jul 16, 2019 3:41:15 PM com.sun.jersey.server.impl.application.WebApplicationImpl _initiate
INFO: Initiating Jersey application, version 'Jersey: 1.19 02/11/2015 03:25 AM'
Jul 16, 2019 3:41:15 PM com.sun.jersey.server.impl.application.WebApplicationImpl _initiate
INFO: Initiating Jersey application, version 'Jersey: 1.19 02/11/2015 03:25 AM'
Jul 16, 2019 3:41:18 PM org.apache.ratis.thirdparty.io.grpc.internal.ManagedChannelOrphanWrapper$ManagedChannelReference cleanQueue
SEVERE: *~*~*~ Channel ManagedChannelImpl{logId=2711, target=192.168.69.88:42313} was not shutdown properly!!! ~*~*~*
    Make sure to call shutdown()/shutdownNow() and wait until awaitTermination() returns true.
java.lang.RuntimeException: ManagedChannel allocation site
	at org.apache.ratis.thirdparty.io.grpc.internal.ManagedChannelOrphanWrapper$ManagedChannelReference.<init>(ManagedChannelOrphanWrapper.java:103)
	at org.apache.ratis.thirdparty.io.grpc.internal.ManagedChannelOrphanWrapper.<init>(ManagedChannelOrphanWrapper.java:53)
	at org.apache.ratis.thirdparty.io.grpc.internal.ManagedChannelOrphanWrapper.<init>(ManagedChannelOrphanWrapper.java:44)
	at org.apache.ratis.thirdparty.io.grpc.internal.AbstractManagedChannelImplBuilder.build(AbstractManagedChannelImplBuilder.java:411)
	at org.apache.ratis.grpc.client.GrpcClientProtocolClient.<init>(GrpcClientProtocolClient.java:119)
	at org.apache.ratis.grpc.client.GrpcClientRpc.lambda$new$0(GrpcClientRpc.java:55)
	at org.apache.ratis.util.PeerProxyMap$PeerAndProxy.lambda$getProxy$0(PeerProxyMap.java:61)
	at org.apache.ratis.util.LifeCycle.startAndTransition(LifeCycle.java:202)
	at org.apache.ratis.util.PeerProxyMap$PeerAndProxy.getProxy(PeerProxyMap.java:60)
	at org.apache.ratis.util.PeerProxyMap.getProxy(PeerProxyMap.java:107)
	at org.apache.ratis.grpc.client.GrpcClientRpc.sendRequestAsync(GrpcClientRpc.java:66)
	at org.apache.ratis.client.impl.OrderedAsync.sendRequest(OrderedAsync.java:208)
	at org.apache.ratis.client.impl.OrderedAsync.sendRequestWithRetry(OrderedAsync.java:169)
	at org.apache.ratis.util.SlidingWindow$Client.sendOrDelayRequest(SlidingWindow.java:278)
	at org.apache.ratis.util.SlidingWindow$Client.retry(SlidingWindow.java:294)
	at org.apache.ratis.client.impl.OrderedAsync.lambda$scheduleWithTimeout$7(OrderedAsync.java:195)
	at org.apache.ratis.util.TimeoutScheduler.lambda$onTimeout$0(TimeoutScheduler.java:85)
	at org.apache.ratis.util.TimeoutScheduler.lambda$onTimeout$1(TimeoutScheduler.java:104)
	at org.apache.ratis.util.LogUtils.runAndLog(LogUtils.java:50)
	at org.apache.ratis.util.LogUtils$1.run(LogUtils.java:91)
	at java.util.concurrent.Executors$RunnableAdapter.call(Executors.java:511)
	at java.util.concurrent.FutureTask.run(FutureTask.java:266)
	at java.util.concurrent.ScheduledThreadPoolExecutor$ScheduledFutureTask.access$201(ScheduledThreadPoolExecutor.java:180)
	at java.util.concurrent.ScheduledThreadPoolExecutor$ScheduledFutureTask.run(ScheduledThreadPoolExecutor.java:293)
	at java.util.concurrent.ThreadPoolExecutor.runWorker(ThreadPoolExecutor.java:1149)
	at java.util.concurrent.ThreadPoolExecutor$Worker.run(ThreadPoolExecutor.java:624)
	at java.lang.Thread.run(Thread.java:748)

Jul 16, 2019 3:41:18 PM org.apache.ratis.thirdparty.io.grpc.internal.ManagedChannelOrphanWrapper$ManagedChannelReference cleanQueue
SEVERE: *~*~*~ Channel ManagedChannelImpl{logId=2716, target=192.168.69.88:36312} was not shutdown properly!!! ~*~*~*
    Make sure to call shutdown()/shutdownNow() and wait until awaitTermination() returns true.
java.lang.RuntimeException: ManagedChannel allocation site
	at org.apache.ratis.thirdparty.io.grpc.internal.ManagedChannelOrphanWrapper$ManagedChannelReference.<init>(ManagedChannelOrphanWrapper.java:103)
	at org.apache.ratis.thirdparty.io.grpc.internal.ManagedChannelOrphanWrapper.<init>(ManagedChannelOrphanWrapper.java:53)
	at org.apache.ratis.thirdparty.io.grpc.internal.ManagedChannelOrphanWrapper.<init>(ManagedChannelOrphanWrapper.java:44)
	at org.apache.ratis.thirdparty.io.grpc.internal.AbstractManagedChannelImplBuilder.build(AbstractManagedChannelImplBuilder.java:411)
	at org.apache.ratis.grpc.client.GrpcClientProtocolClient.<init>(GrpcClientProtocolClient.java:119)
	at org.apache.ratis.grpc.client.GrpcClientRpc.lambda$new$0(GrpcClientRpc.java:55)
	at org.apache.ratis.util.PeerProxyMap$PeerAndProxy.lambda$getProxy$0(PeerProxyMap.java:61)
	at org.apache.ratis.util.LifeCycle.startAndTransition(LifeCycle.java:202)
	at org.apache.ratis.util.PeerProxyMap$PeerAndProxy.getProxy(PeerProxyMap.java:60)
	at org.apache.ratis.util.PeerProxyMap.getProxy(PeerProxyMap.java:107)
	at org.apache.ratis.grpc.client.GrpcClientRpc.sendRequestAsync(GrpcClientRpc.java:66)
	at org.apache.ratis.client.impl.OrderedAsync.sendRequest(OrderedAsync.java:208)
	at org.apache.ratis.client.impl.OrderedAsync.sendRequestWithRetry(OrderedAsync.java:169)
	at org.apache.ratis.util.SlidingWindow$Client.sendOrDelayRequest(SlidingWindow.java:278)
	at org.apache.ratis.util.SlidingWindow$Client.submitNewRequest(SlidingWindow.java:257)
	at org.apache.ratis.client.impl.OrderedAsync.send(OrderedAsync.java:155)
	at org.apache.ratis.client.impl.RaftClientImpl.sendAsync(RaftClientImpl.java:145)
	at org.apache.ratis.client.impl.RaftClientImpl.sendAsync(RaftClientImpl.java:125)
	at org.apache.hadoop.hdds.scm.XceiverClientRatis.sendRequestAsync(XceiverClientRatis.java:224)
	at org.apache.hadoop.hdds.scm.XceiverClientRatis.sendCommandAsync(XceiverClientRatis.java:302)
	at org.apache.hadoop.hdds.scm.storage.ContainerProtocolCalls.writeChunkAsync(ContainerProtocolCalls.java:310)
	at org.apache.hadoop.hdds.scm.storage.BlockOutputStream.writeChunkToContainer(BlockOutputStream.java:602)
	at org.apache.hadoop.hdds.scm.storage.BlockOutputStream.writeChunk(BlockOutputStream.java:460)
	at org.apache.hadoop.hdds.scm.storage.BlockOutputStream.writeOnRetry(BlockOutputStream.java:286)
	at org.apache.hadoop.ozone.client.io.BlockOutputStreamEntry.writeOnRetry(BlockOutputStreamEntry.java:200)
	at org.apache.hadoop.ozone.client.io.KeyOutputStream.handleWrite(KeyOutputStream.java:209)
	at org.apache.hadoop.ozone.client.io.KeyOutputStream.handleRetry(KeyOutputStream.java:376)
	at org.apache.hadoop.ozone.client.io.KeyOutputStream.handleException(KeyOutputStream.java:325)
	at org.apache.hadoop.ozone.client.io.KeyOutputStream.handleFlushOrClose(KeyOutputStream.java:448)
	at org.apache.hadoop.ozone.client.io.KeyOutputStream.handleWrite(KeyOutputStream.java:235)
	at org.apache.hadoop.ozone.client.io.KeyOutputStream.write(KeyOutputStream.java:193)
	at org.apache.hadoop.ozone.client.io.OzoneOutputStream.write(OzoneOutputStream.java:49)
	at java.io.OutputStream.write(OutputStream.java:75)
	at org.apache.hadoop.ozone.client.rpc.TestBlockOutputStreamWithFailures.testWatchForCommitWithSingleNodeRatis(TestBlockOutputStreamWithFailures.java:881)
	at sun.reflect.NativeMethodAccessorImpl.invoke0(Native Method)
	at sun.reflect.NativeMethodAccessorImpl.invoke(NativeMethodAccessorImpl.java:62)
	at sun.reflect.DelegatingMethodAccessorImpl.invoke(DelegatingMethodAccessorImpl.java:43)
	at java.lang.reflect.Method.invoke(Method.java:498)
	at org.junit.runners.model.FrameworkMethod$1.runReflectiveCall(FrameworkMethod.java:47)
	at org.junit.internal.runners.model.ReflectiveCallable.run(ReflectiveCallable.java:12)
	at org.junit.runners.model.FrameworkMethod.invokeExplosively(FrameworkMethod.java:44)
	at org.junit.internal.runners.statements.InvokeMethod.evaluate(InvokeMethod.java:17)
	at org.junit.internal.runners.statements.RunBefores.evaluate(RunBefores.java:26)
	at org.junit.internal.runners.statements.RunAfters.evaluate(RunAfters.java:27)
	at org.junit.runners.ParentRunner.runLeaf(ParentRunner.java:271)
	at org.junit.runners.BlockJUnit4ClassRunner.runChild(BlockJUnit4ClassRunner.java:70)
	at org.junit.runners.BlockJUnit4ClassRunner.runChild(BlockJUnit4ClassRunner.java:50)
	at org.junit.runners.ParentRunner$3.run(ParentRunner.java:238)
	at org.junit.runners.ParentRunner$1.schedule(ParentRunner.java:63)
	at org.junit.runners.ParentRunner.runChildren(ParentRunner.java:236)
	at org.junit.runners.ParentRunner.access$000(ParentRunner.java:53)
	at org.junit.runners.ParentRunner$2.evaluate(ParentRunner.java:229)
	at org.junit.runners.ParentRunner.run(ParentRunner.java:309)
	at org.apache.maven.surefire.junit4.JUnit4Provider.execute(JUnit4Provider.java:365)
	at org.apache.maven.surefire.junit4.JUnit4Provider.executeWithRerun(JUnit4Provider.java:273)
	at org.apache.maven.surefire.junit4.JUnit4Provider.executeTestSet(JUnit4Provider.java:238)
	at org.apache.maven.surefire.junit4.JUnit4Provider.invoke(JUnit4Provider.java:159)
	at org.apache.maven.surefire.booter.ForkedBooter.invokeProviderInSameClassLoader(ForkedBooter.java:384)
	at org.apache.maven.surefire.booter.ForkedBooter.runSuitesInProcess(ForkedBooter.java:345)
	at org.apache.maven.surefire.booter.ForkedBooter.execute(ForkedBooter.java:126)
	at org.apache.maven.surefire.booter.ForkedBooter.main(ForkedBooter.java:418)

]]></system-err>
  </testcase>
  <testcase name="testFailureWithPrimeSizedData" classname="org.apache.hadoop.ozone.client.rpc.TestBlockOutputStreamWithFailures" time="34.627">
    <failure message="expected:&lt;67&gt; but was:&lt;69&gt;" type="java.lang.AssertionError"><![CDATA[java.lang.AssertionError: expected:<67> but was:<69>
	at org.junit.Assert.fail(Assert.java:88)
	at org.junit.Assert.failNotEquals(Assert.java:743)
	at org.junit.Assert.assertEquals(Assert.java:118)
	at org.junit.Assert.assertEquals(Assert.java:555)
	at org.junit.Assert.assertEquals(Assert.java:542)
	at org.apache.hadoop.ozone.client.rpc.TestBlockOutputStreamWithFailures.testFailureWithPrimeSizedData(TestBlockOutputStreamWithFailures.java:601)
	at sun.reflect.NativeMethodAccessorImpl.invoke0(Native Method)
	at sun.reflect.NativeMethodAccessorImpl.invoke(NativeMethodAccessorImpl.java:62)
	at sun.reflect.DelegatingMethodAccessorImpl.invoke(DelegatingMethodAccessorImpl.java:43)
	at java.lang.reflect.Method.invoke(Method.java:498)
	at org.junit.runners.model.FrameworkMethod$1.runReflectiveCall(FrameworkMethod.java:47)
	at org.junit.internal.runners.model.ReflectiveCallable.run(ReflectiveCallable.java:12)
	at org.junit.runners.model.FrameworkMethod.invokeExplosively(FrameworkMethod.java:44)
	at org.junit.internal.runners.statements.InvokeMethod.evaluate(InvokeMethod.java:17)
	at org.junit.internal.runners.statements.RunBefores.evaluate(RunBefores.java:26)
	at org.junit.internal.runners.statements.RunAfters.evaluate(RunAfters.java:27)
	at org.junit.runners.ParentRunner.runLeaf(ParentRunner.java:271)
	at org.junit.runners.BlockJUnit4ClassRunner.runChild(BlockJUnit4ClassRunner.java:70)
	at org.junit.runners.BlockJUnit4ClassRunner.runChild(BlockJUnit4ClassRunner.java:50)
	at org.junit.runners.ParentRunner$3.run(ParentRunner.java:238)
	at org.junit.runners.ParentRunner$1.schedule(ParentRunner.java:63)
	at org.junit.runners.ParentRunner.runChildren(ParentRunner.java:236)
	at org.junit.runners.ParentRunner.access$000(ParentRunner.java:53)
	at org.junit.runners.ParentRunner$2.evaluate(ParentRunner.java:229)
	at org.junit.runners.ParentRunner.run(ParentRunner.java:309)
	at org.apache.maven.surefire.junit4.JUnit4Provider.execute(JUnit4Provider.java:365)
	at org.apache.maven.surefire.junit4.JUnit4Provider.executeWithRerun(JUnit4Provider.java:273)
	at org.apache.maven.surefire.junit4.JUnit4Provider.executeTestSet(JUnit4Provider.java:238)
	at org.apache.maven.surefire.junit4.JUnit4Provider.invoke(JUnit4Provider.java:159)
	at org.apache.maven.surefire.booter.ForkedBooter.invokeProviderInSameClassLoader(ForkedBooter.java:384)
	at org.apache.maven.surefire.booter.ForkedBooter.runSuitesInProcess(ForkedBooter.java:345)
	at org.apache.maven.surefire.booter.ForkedBooter.execute(ForkedBooter.java:126)
	at org.apache.maven.surefire.booter.ForkedBooter.main(ForkedBooter.java:418)
]]></failure>
    <system-out><![CDATA[2019-07-16 15:41:47,060 WARN  server.ServerUtils (ServerUtils.java:getScmDbDir(145)) - ozone.scm.db.dirs is not configured. We recommend adding this setting. Falling back to ozone.metadata.dirs instead.
2019-07-16 15:41:47,086 WARN  server.ServerUtils (ServerUtils.java:getScmDbDir(145)) - ozone.scm.db.dirs is not configured. We recommend adding this setting. Falling back to ozone.metadata.dirs instead.
2019-07-16 15:41:47,086 WARN  server.ServerUtils (ServerUtils.java:getScmDbDir(145)) - ozone.scm.db.dirs is not configured. We recommend adding this setting. Falling back to ozone.metadata.dirs instead.
2019-07-16 15:41:47,087 INFO  db.DBStoreBuilder (DBStoreBuilder.java:addTable(110)) - using custom profile for table: deletedBlocks
2019-07-16 15:41:47,087 INFO  db.DBStoreBuilder (DBStoreBuilder.java:processTables(161)) - Using default column profile:DBProfile.DISK for Table:deletedBlocks
2019-07-16 15:41:47,087 INFO  db.DBStoreBuilder (DBStoreBuilder.java:addTable(110)) - using custom profile for table: validCerts
2019-07-16 15:41:47,087 INFO  db.DBStoreBuilder (DBStoreBuilder.java:processTables(161)) - Using default column profile:DBProfile.DISK for Table:validCerts
2019-07-16 15:41:47,087 INFO  db.DBStoreBuilder (DBStoreBuilder.java:addTable(110)) - using custom profile for table: revokedCerts
2019-07-16 15:41:47,088 INFO  db.DBStoreBuilder (DBStoreBuilder.java:processTables(161)) - Using default column profile:DBProfile.DISK for Table:revokedCerts
2019-07-16 15:41:47,088 INFO  db.DBStoreBuilder (DBStoreBuilder.java:addTable(110)) - using custom profile for table: default
2019-07-16 15:41:47,088 INFO  db.DBStoreBuilder (DBStoreBuilder.java:processTables(167)) - Using default column profile:DBProfile.DISK for Table:default
2019-07-16 15:41:47,088 INFO  db.DBStoreBuilder (DBStoreBuilder.java:getDbProfile(198)) - Using default options. DBProfile.DISK
2019-07-16 15:41:47,159 INFO  net.NodeSchemaLoader (NodeSchemaLoader.java:loadSchemaFromFile(125)) - Loading file from sun.misc.CompoundEnumeration@24eb71f6
2019-07-16 15:41:47,159 INFO  net.NodeSchemaLoader (NodeSchemaLoader.java:loadSchema(171)) - Loading network topology layer schema file
2019-07-16 15:41:47,163 INFO  node.SCMNodeManager (SCMNodeManager.java:<init>(119)) - Entering startup safe mode.
2019-07-16 15:41:47,164 WARN  server.ServerUtils (ServerUtils.java:getScmDbDir(145)) - ozone.scm.db.dirs is not configured. We recommend adding this setting. Falling back to ozone.metadata.dirs instead.
2019-07-16 15:41:47,184 INFO  pipeline.SCMPipelineManager (SCMPipelineManager.java:initializePipelineState(126)) - No pipeline exists in current db
2019-07-16 15:41:47,184 WARN  server.ServerUtils (ServerUtils.java:getScmDbDir(145)) - ozone.scm.db.dirs is not configured. We recommend adding this setting. Falling back to ozone.metadata.dirs instead.
2019-07-16 15:41:47,205 WARN  events.EventQueue (EventQueue.java:fireEvent(175)) - No event handler registered for event TypedEvent{payloadType=SafeModeStatus, name='SafeModeStatus'}
2019-07-16 15:41:47,206 INFO  ipc.CallQueueManager (CallQueueManager.java:<init>(84)) - Using callQueue: class java.util.concurrent.LinkedBlockingQueue, queueCapacity: 2000, scheduler: class org.apache.hadoop.ipc.DefaultRpcScheduler, ipcBackoff: false.
2019-07-16 15:41:47,206 INFO  ipc.Server (Server.java:run(1074)) - Starting Socket Reader #1 for port 46222
2019-07-16 15:41:47,208 INFO  ipc.CallQueueManager (CallQueueManager.java:<init>(84)) - Using callQueue: class java.util.concurrent.LinkedBlockingQueue, queueCapacity: 2000, scheduler: class org.apache.hadoop.ipc.DefaultRpcScheduler, ipcBackoff: false.
2019-07-16 15:41:47,209 INFO  ipc.Server (Server.java:run(1074)) - Starting Socket Reader #1 for port 41940
2019-07-16 15:41:47,209 INFO  ipc.CallQueueManager (CallQueueManager.java:<init>(84)) - Using callQueue: class java.util.concurrent.LinkedBlockingQueue, queueCapacity: 2000, scheduler: class org.apache.hadoop.ipc.DefaultRpcScheduler, ipcBackoff: false.
2019-07-16 15:41:47,210 INFO  ipc.Server (Server.java:run(1074)) - Starting Socket Reader #1 for port 44331
2019-07-16 15:41:47,211 INFO  hdfs.DFSUtil (DFSUtil.java:httpServerTemplateForNNAndJN(1641)) - Starting Web-server for scm at: http://0.0.0.0:0
2019-07-16 15:41:47,214 INFO  server.AuthenticationFilter (AuthenticationFilter.java:constructSecretProvider(240)) - Unable to initialize FileSignerSecretProvider, falling back to use random secrets.
2019-07-16 15:41:47,215 WARN  http.HttpRequestLog (HttpRequestLog.java:getRequestLog(97)) - Jetty request log can only be enabled using Log4j
2019-07-16 15:41:47,216 INFO  http.HttpServer2 (HttpServer2.java:addGlobalFilter(975)) - Added global filter 'safety' (class=org.apache.hadoop.http.HttpServer2$QuotingInputFilter)
2019-07-16 15:41:47,216 INFO  http.HttpServer2 (HttpServer2.java:addFilter(948)) - Added filter static_user_filter (class=org.apache.hadoop.http.lib.StaticUserWebFilter$StaticUserFilter) to context scm
2019-07-16 15:41:47,217 INFO  http.HttpServer2 (HttpServer2.java:addFilter(958)) - Added filter static_user_filter (class=org.apache.hadoop.http.lib.StaticUserWebFilter$StaticUserFilter) to context static
2019-07-16 15:41:47,217 INFO  http.HttpServer2 (HttpServer2.java:addFilter(958)) - Added filter static_user_filter (class=org.apache.hadoop.http.lib.StaticUserWebFilter$StaticUserFilter) to context logs
2019-07-16 15:41:47,218 INFO  server.StorageContainerManager (StorageContainerManager.java:start(759)) - StorageContainerLocationProtocol RPC server is listening at /0.0.0.0:44331
2019-07-16 15:41:47,220 WARN  impl.MetricsConfig (MetricsConfig.java:loadFirst(134)) - Cannot locate configuration: tried hadoop-metrics2-storagecontainermanager.properties,hadoop-metrics2.properties
2019-07-16 15:41:47,220 INFO  impl.MetricsSystemImpl (MetricsSystemImpl.java:startTimer(374)) - Scheduled Metric snapshot period at 10 second(s).
2019-07-16 15:41:47,220 INFO  impl.MetricsSystemImpl (MetricsSystemImpl.java:start(191)) - StorageContainerManager metrics system started
2019-07-16 15:41:47,257 INFO  server.SCMClientProtocolServer (SCMClientProtocolServer.java:start(149)) - RPC server for Client  is listening at /0.0.0.0:44331
2019-07-16 15:41:47,258 INFO  ipc.Server (Server.java:run(1314)) - IPC Server Responder: starting
2019-07-16 15:41:47,258 INFO  ipc.Server (Server.java:run(1153)) - IPC Server listener on 44331: starting
2019-07-16 15:41:47,261 INFO  server.StorageContainerManager (StorageContainerManager.java:start(768)) - ScmBlockLocationProtocol RPC server is listening at /0.0.0.0:41940
2019-07-16 15:41:47,261 INFO  server.SCMBlockProtocolServer (SCMBlockProtocolServer.java:start(140)) - RPC server for Block Protocol is listening at /0.0.0.0:41940
2019-07-16 15:41:47,262 INFO  ipc.Server (Server.java:run(1314)) - IPC Server Responder: starting
2019-07-16 15:41:47,262 INFO  ipc.Server (Server.java:run(1153)) - IPC Server listener on 41940: starting
2019-07-16 15:41:47,265 INFO  server.StorageContainerManager (StorageContainerManager.java:start(772)) - ScmDatanodeProtocl RPC server is listening at /0.0.0.0:46222
2019-07-16 15:41:47,265 INFO  server.SCMDatanodeProtocolServer (SCMDatanodeProtocolServer.java:start(191)) - RPC server for DataNodes is listening at /0.0.0.0:46222
2019-07-16 15:41:47,266 INFO  ipc.Server (Server.java:run(1153)) - IPC Server listener on 46222: starting
2019-07-16 15:41:47,266 INFO  ipc.Server (Server.java:run(1314)) - IPC Server Responder: starting
2019-07-16 15:41:47,268 INFO  http.HttpServer2 (HttpServer2.java:bindListener(1191)) - Jetty bound to port 33931
2019-07-16 15:41:47,269 INFO  server.Server (Server.java:doStart(351)) - jetty-9.3.24.v20180605, build timestamp: 2018-06-05T17:11:56Z, git hash: 84205aa28f11a4f31f2a3b86d1bba2cc8ab69827
2019-07-16 15:41:47,270 INFO  handler.ContextHandler (ContextHandler.java:doStart(781)) - Started o.e.j.s.ServletContextHandler@77227b1f{/logs,file:///workdir/hadoop-ozone/integration-test/target/log,AVAILABLE}
2019-07-16 15:41:47,271 INFO  handler.ContextHandler (ContextHandler.java:doStart(781)) - Started o.e.j.s.ServletContextHandler@34e4a136{/static,file:///workdir/hadoop-ozone/integration-test/target/test-classes/webapps/static,AVAILABLE}
2019-07-16 15:41:47,274 INFO  handler.ContextHandler (ContextHandler.java:doStart(781)) - Started o.e.j.w.WebAppContext@643bef2a{/,file:///workdir/hadoop-ozone/integration-test/target/test-classes/webapps/scm/,AVAILABLE}{/scm}
2019-07-16 15:41:47,275 INFO  server.AbstractConnector (AbstractConnector.java:doStart(278)) - Started ServerConnector@6049b4c9{HTTP/1.1,[http/1.1]}{0.0.0.0:33931}
2019-07-16 15:41:47,275 INFO  server.Server (Server.java:doStart(419)) - Started @625554ms
2019-07-16 15:41:47,276 INFO  server.BaseHttpServer (BaseHttpServer.java:updateConnectorAddress(207)) - HTTP server of SCM is listening at http://0.0.0.0:33931
2019-07-16 15:41:47,277 WARN  server.ServerUtils (ServerUtils.java:getDBPath(222)) - ozone.om.db.dirs is not configured. We recommend adding this setting. Falling back to ozone.metadata.dirs instead.
2019-07-16 15:41:47,277 INFO  util.JvmPauseMonitor (JvmPauseMonitor.java:run(188)) - Starting JVM pause monitor
2019-07-16 15:41:47,290 WARN  server.ServerUtils (ServerUtils.java:getDBPath(222)) - ozone.om.db.dirs is not configured. We recommend adding this setting. Falling back to ozone.metadata.dirs instead.
2019-07-16 15:41:47,291 INFO  om.OzoneManager (OzoneManager.java:setOMNodeDetails(626)) - OM Service ID is not set. Setting it to the default ID: omServiceIdDefault
2019-07-16 15:41:47,291 INFO  om.OzoneManager (OzoneManager.java:setOMNodeDetails(632)) - OM Node ID is not set. Setting it to the OmStorage's OmID: 40bcd33c-2060-41b1-bc77-006e97765aa2
2019-07-16 15:41:47,291 INFO  om.OzoneManager (OzoneManager.java:loadOMHAConfigs(583)) - Found matching OM address with OMServiceId: null, OMNodeId: null, RPC Address: localhost:0 and Ratis port: 9872
2019-07-16 15:41:47,297 WARN  server.ServerUtils (ServerUtils.java:getDBPath(222)) - ozone.om.db.dirs is not configured. We recommend adding this setting. Falling back to ozone.metadata.dirs instead.
2019-07-16 15:41:47,297 INFO  db.DBStoreBuilder (DBStoreBuilder.java:addTable(110)) - using custom profile for table: userTable
2019-07-16 15:41:47,297 INFO  db.DBStoreBuilder (DBStoreBuilder.java:processTables(161)) - Using default column profile:DBProfile.DISK for Table:userTable
2019-07-16 15:41:47,297 INFO  db.DBStoreBuilder (DBStoreBuilder.java:addTable(110)) - using custom profile for table: volumeTable
2019-07-16 15:41:47,298 INFO  db.DBStoreBuilder (DBStoreBuilder.java:processTables(161)) - Using default column profile:DBProfile.DISK for Table:volumeTable
2019-07-16 15:41:47,298 INFO  db.DBStoreBuilder (DBStoreBuilder.java:addTable(110)) - using custom profile for table: bucketTable
2019-07-16 15:41:47,298 INFO  db.DBStoreBuilder (DBStoreBuilder.java:processTables(161)) - Using default column profile:DBProfile.DISK for Table:bucketTable
2019-07-16 15:41:47,298 INFO  db.DBStoreBuilder (DBStoreBuilder.java:addTable(110)) - using custom profile for table: keyTable
2019-07-16 15:41:47,298 INFO  db.DBStoreBuilder (DBStoreBuilder.java:processTables(161)) - Using default column profile:DBProfile.DISK for Table:keyTable
2019-07-16 15:41:47,298 INFO  db.DBStoreBuilder (DBStoreBuilder.java:addTable(110)) - using custom profile for table: deletedTable
2019-07-16 15:41:47,298 INFO  db.DBStoreBuilder (DBStoreBuilder.java:processTables(161)) - Using default column profile:DBProfile.DISK for Table:deletedTable
2019-07-16 15:41:47,299 INFO  db.DBStoreBuilder (DBStoreBuilder.java:addTable(110)) - using custom profile for table: openKeyTable
2019-07-16 15:41:47,299 INFO  db.DBStoreBuilder (DBStoreBuilder.java:processTables(161)) - Using default column profile:DBProfile.DISK for Table:openKeyTable
2019-07-16 15:41:47,299 INFO  db.DBStoreBuilder (DBStoreBuilder.java:addTable(110)) - using custom profile for table: s3Table
2019-07-16 15:41:47,299 INFO  db.DBStoreBuilder (DBStoreBuilder.java:processTables(161)) - Using default column profile:DBProfile.DISK for Table:s3Table
2019-07-16 15:41:47,299 INFO  db.DBStoreBuilder (DBStoreBuilder.java:addTable(110)) - using custom profile for table: multipartInfoTable
2019-07-16 15:41:47,299 INFO  db.DBStoreBuilder (DBStoreBuilder.java:processTables(161)) - Using default column profile:DBProfile.DISK for Table:multipartInfoTable
2019-07-16 15:41:47,300 INFO  db.DBStoreBuilder (DBStoreBuilder.java:addTable(110)) - using custom profile for table: dTokenTable
2019-07-16 15:41:47,300 INFO  db.DBStoreBuilder (DBStoreBuilder.java:processTables(161)) - Using default column profile:DBProfile.DISK for Table:dTokenTable
2019-07-16 15:41:47,300 INFO  db.DBStoreBuilder (DBStoreBuilder.java:addTable(110)) - using custom profile for table: s3SecretTable
2019-07-16 15:41:47,300 INFO  db.DBStoreBuilder (DBStoreBuilder.java:processTables(161)) - Using default column profile:DBProfile.DISK for Table:s3SecretTable
2019-07-16 15:41:47,300 INFO  db.DBStoreBuilder (DBStoreBuilder.java:addTable(110)) - using custom profile for table: prefixTable
2019-07-16 15:41:47,300 INFO  db.DBStoreBuilder (DBStoreBuilder.java:processTables(161)) - Using default column profile:DBProfile.DISK for Table:prefixTable
2019-07-16 15:41:47,300 INFO  db.DBStoreBuilder (DBStoreBuilder.java:addTable(110)) - using custom profile for table: default
2019-07-16 15:41:47,301 INFO  db.DBStoreBuilder (DBStoreBuilder.java:processTables(167)) - Using default column profile:DBProfile.DISK for Table:default
2019-07-16 15:41:47,301 INFO  db.DBStoreBuilder (DBStoreBuilder.java:getDbProfile(198)) - Using default options. DBProfile.DISK
2019-07-16 15:41:47,738 INFO  ipc.CallQueueManager (CallQueueManager.java:<init>(84)) - Using callQueue: class java.util.concurrent.LinkedBlockingQueue, queueCapacity: 2000, scheduler: class org.apache.hadoop.ipc.DefaultRpcScheduler, ipcBackoff: false.
2019-07-16 15:41:47,740 INFO  ipc.Server (Server.java:run(1074)) - Starting Socket Reader #1 for port 46263
2019-07-16 15:41:47,764 WARN  server.ServerUtils (ServerUtils.java:getDBPath(222)) - ozone.om.db.dirs is not configured. We recommend adding this setting. Falling back to ozone.metadata.dirs instead.
2019-07-16 15:41:47,765 INFO  om.OzoneManager (OzoneManager.java:start(1224)) - OzoneManager RPC server is listening at localhost/127.0.0.1:46263
2019-07-16 15:41:47,765 INFO  impl.MetricsSystemImpl (MetricsSystemImpl.java:init(158)) - OzoneManager metrics system started (again)
2019-07-16 15:41:47,766 INFO  ipc.Server (Server.java:run(1314)) - IPC Server Responder: starting
2019-07-16 15:41:47,766 INFO  ipc.Server (Server.java:run(1153)) - IPC Server listener on 46263: starting
2019-07-16 15:41:47,775 INFO  hdfs.DFSUtil (DFSUtil.java:httpServerTemplateForNNAndJN(1641)) - Starting Web-server for ozoneManager at: http://0.0.0.0:0
2019-07-16 15:41:47,778 INFO  server.AuthenticationFilter (AuthenticationFilter.java:constructSecretProvider(240)) - Unable to initialize FileSignerSecretProvider, falling back to use random secrets.
2019-07-16 15:41:47,778 WARN  http.HttpRequestLog (HttpRequestLog.java:getRequestLog(97)) - Jetty request log can only be enabled using Log4j
2019-07-16 15:41:47,781 INFO  http.HttpServer2 (HttpServer2.java:addGlobalFilter(975)) - Added global filter 'safety' (class=org.apache.hadoop.http.HttpServer2$QuotingInputFilter)
2019-07-16 15:41:47,781 INFO  http.HttpServer2 (HttpServer2.java:addFilter(948)) - Added filter static_user_filter (class=org.apache.hadoop.http.lib.StaticUserWebFilter$StaticUserFilter) to context ozoneManager
2019-07-16 15:41:47,781 INFO  http.HttpServer2 (HttpServer2.java:addFilter(958)) - Added filter static_user_filter (class=org.apache.hadoop.http.lib.StaticUserWebFilter$StaticUserFilter) to context logs
2019-07-16 15:41:47,782 INFO  http.HttpServer2 (HttpServer2.java:addFilter(958)) - Added filter static_user_filter (class=org.apache.hadoop.http.lib.StaticUserWebFilter$StaticUserFilter) to context static
2019-07-16 15:41:47,783 INFO  http.HttpServer2 (HttpServer2.java:bindListener(1191)) - Jetty bound to port 37507
2019-07-16 15:41:47,783 INFO  server.Server (Server.java:doStart(351)) - jetty-9.3.24.v20180605, build timestamp: 2018-06-05T17:11:56Z, git hash: 84205aa28f11a4f31f2a3b86d1bba2cc8ab69827
2019-07-16 15:41:47,785 INFO  handler.ContextHandler (ContextHandler.java:doStart(781)) - Started o.e.j.s.ServletContextHandler@3edc999f{/logs,file:///workdir/hadoop-ozone/integration-test/target/log,AVAILABLE}
2019-07-16 15:41:47,786 INFO  handler.ContextHandler (ContextHandler.java:doStart(781)) - Started o.e.j.s.ServletContextHandler@3a8ae302{/static,file:///workdir/hadoop-ozone/integration-test/target/test-classes/webapps/static,AVAILABLE}
2019-07-16 15:41:47,790 INFO  handler.ContextHandler (ContextHandler.java:doStart(781)) - Started o.e.j.w.WebAppContext@63f093a{/,file:///workdir/hadoop-ozone/integration-test/target/test-classes/webapps/ozoneManager/,AVAILABLE}{/ozoneManager}
2019-07-16 15:41:47,790 INFO  server.AbstractConnector (AbstractConnector.java:doStart(278)) - Started ServerConnector@21132086{HTTP/1.1,[http/1.1]}{0.0.0.0:37507}
2019-07-16 15:41:47,791 INFO  server.Server (Server.java:doStart(419)) - Started @626070ms
2019-07-16 15:41:47,792 INFO  server.BaseHttpServer (BaseHttpServer.java:updateConnectorAddress(207)) - HTTP server of OZONEMANAGER is listening at http://0.0.0.0:37507
2019-07-16 15:41:47,813 INFO  impl.MetricsSystemImpl (MetricsSystemImpl.java:init(158)) - HddsDatanode metrics system started (again)
2019-07-16 15:41:47,813 INFO  ozone.HddsDatanodeService (HddsDatanodeService.java:start(185)) - HddsDatanodeService host:trunk-nightly-kgw5x-1882989438 ip:192.168.69.88
2019-07-16 15:41:47,826 INFO  volume.HddsVolume (HddsVolume.java:<init>(176)) - Creating Volume: /workdir/hadoop-ozone/integration-test/target/test-dir/MiniOzoneClusterImpl-d0ea49d4-3ec4-4341-b33c-276464736bc4/datanode-0/data/containers/hdds of  storage type : DISK and capacity : 52710309888
2019-07-16 15:41:47,826 INFO  volume.VolumeSet (VolumeSet.java:initializeVolumeSet(170)) - Added Volume : /workdir/hadoop-ozone/integration-test/target/test-dir/MiniOzoneClusterImpl-d0ea49d4-3ec4-4341-b33c-276464736bc4/datanode-0/data/containers/hdds to VolumeSet
2019-07-16 15:41:47,827 INFO  volume.ThrottledAsyncChecker (ThrottledAsyncChecker.java:schedule(140)) - Scheduling a check for org.apache.hadoop.ozone.container.common.volume.HddsVolume@41628b4f
2019-07-16 15:41:47,828 INFO  volume.HddsVolumeChecker (HddsVolumeChecker.java:checkAllVolumes(203)) - Scheduled health check for volume org.apache.hadoop.ozone.container.common.volume.HddsVolume@41628b4f
2019-07-16 15:41:47,848 INFO  impl.RaftServerProxy (ConfUtils.java:logGet(43)) - raft.rpc.type = GRPC (default)
2019-07-16 15:41:47,849 INFO  grpc.GrpcFactory (GrpcFactory.java:checkPooledByteBufAllocatorUseCacheForAllThreads(45)) - PERFORMANCE WARNING: useCacheForAllThreads is true that may cause Netty to create a lot garbage objects and, as a result, trigger GC.
	It is recommended to disable useCacheForAllThreads by setting -Dorg.apache.ratis.thirdparty.io.netty.allocator.useCacheForAllThreads=false in command line.
2019-07-16 15:41:47,849 INFO  grpc.GrpcConfigKeys$Server (ConfUtils.java:logGet(43)) - raft.grpc.server.port = 0 (default)
2019-07-16 15:41:47,849 INFO  server.GrpcService (ConfUtils.java:logGet(43)) - raft.grpc.message.size.max = 33570816 (custom)
2019-07-16 15:41:47,850 INFO  server.RaftServerConfigKeys (ConfUtils.java:logGet(43)) - raft.server.log.appender.buffer.byte-limit = 33554432 (custom)
2019-07-16 15:41:47,850 INFO  server.GrpcService (ConfUtils.java:logGet(43)) - raft.grpc.flow.control.window = 1MB (=1048576) (default)
2019-07-16 15:41:47,850 INFO  server.RaftServerConfigKeys (ConfUtils.java:logGet(43)) - raft.server.rpc.request.timeout = 3000ms (default)
2019-07-16 15:41:47,851 INFO  server.RaftServerConfigKeys (ConfUtils.java:logGet(43)) - raft.server.storage.dir = [/workdir/hadoop-ozone/integration-test/target/test-dir/MiniOzoneClusterImpl-d0ea49d4-3ec4-4341-b33c-276464736bc4/datanode-0/data/ratis] (custom)
2019-07-16 15:41:47,852 INFO  replication.SimpleContainerDownloader (SimpleContainerDownloader.java:<init>(72)) - Starting container downloader service to copy containers to replicate.
2019-07-16 15:41:47,854 INFO  hdfs.DFSUtil (DFSUtil.java:httpServerTemplateForNNAndJN(1641)) - Starting Web-server for hddsDatanode at: http://0.0.0.0:0
2019-07-16 15:41:47,856 INFO  server.AuthenticationFilter (AuthenticationFilter.java:constructSecretProvider(240)) - Unable to initialize FileSignerSecretProvider, falling back to use random secrets.
2019-07-16 15:41:47,857 WARN  http.HttpRequestLog (HttpRequestLog.java:getRequestLog(97)) - Jetty request log can only be enabled using Log4j
2019-07-16 15:41:47,859 INFO  http.HttpServer2 (HttpServer2.java:addGlobalFilter(975)) - Added global filter 'safety' (class=org.apache.hadoop.http.HttpServer2$QuotingInputFilter)
2019-07-16 15:41:47,860 INFO  http.HttpServer2 (HttpServer2.java:addFilter(948)) - Added filter static_user_filter (class=org.apache.hadoop.http.lib.StaticUserWebFilter$StaticUserFilter) to context hddsDatanode
2019-07-16 15:41:47,860 INFO  http.HttpServer2 (HttpServer2.java:addFilter(958)) - Added filter static_user_filter (class=org.apache.hadoop.http.lib.StaticUserWebFilter$StaticUserFilter) to context logs
2019-07-16 15:41:47,861 INFO  http.HttpServer2 (HttpServer2.java:addFilter(958)) - Added filter static_user_filter (class=org.apache.hadoop.http.lib.StaticUserWebFilter$StaticUserFilter) to context static
2019-07-16 15:41:47,862 INFO  http.HttpServer2 (HttpServer2.java:bindListener(1191)) - Jetty bound to port 32838
2019-07-16 15:41:47,862 INFO  server.Server (Server.java:doStart(351)) - jetty-9.3.24.v20180605, build timestamp: 2018-06-05T17:11:56Z, git hash: 84205aa28f11a4f31f2a3b86d1bba2cc8ab69827
2019-07-16 15:41:47,864 INFO  handler.ContextHandler (ContextHandler.java:doStart(781)) - Started o.e.j.s.ServletContextHandler@633328d3{/logs,file:///workdir/hadoop-ozone/integration-test/target/log,AVAILABLE}
2019-07-16 15:41:47,865 INFO  handler.ContextHandler (ContextHandler.java:doStart(781)) - Started o.e.j.s.ServletContextHandler@406cf37f{/static,jar:file:/home/user/.m2/repository/org/apache/hadoop/hadoop-hdds-container-service/0.5.0-SNAPSHOT/hadoop-hdds-container-service-0.5.0-SNAPSHOT.jar!/webapps/static,AVAILABLE}
2019-07-16 15:41:47,907 INFO  handler.ContextHandler (ContextHandler.java:doStart(781)) - Started o.e.j.w.WebAppContext@6c418f0b{/,file:///tmp/jetty-0.0.0.0-32838-hddsDatanode-_-any-1218136124827122793.dir/webapp/,AVAILABLE}{/hddsDatanode}
2019-07-16 15:41:47,908 INFO  server.AbstractConnector (AbstractConnector.java:doStart(278)) - Started ServerConnector@38950138{HTTP/1.1,[http/1.1]}{0.0.0.0:32838}
2019-07-16 15:41:47,909 INFO  server.Server (Server.java:doStart(419)) - Started @626188ms
2019-07-16 15:41:47,910 INFO  server.BaseHttpServer (BaseHttpServer.java:updateConnectorAddress(207)) - HTTP server of HDDSDATANODE is listening at http://0.0.0.0:32838
2019-07-16 15:41:48,022 INFO  ozone.HddsDatanodeService (HddsDatanodeService.java:startPlugins(396)) - Started plug-in org.apache.hadoop.ozone.web.OzoneHddsDatanodeService@322f6283
2019-07-16 15:41:48,022 INFO  impl.MetricsSystemImpl (MetricsSystemImpl.java:init(158)) - HddsDatanode metrics system started (again)
2019-07-16 15:41:48,024 INFO  ozone.HddsDatanodeService (HddsDatanodeService.java:start(185)) - HddsDatanodeService host:trunk-nightly-kgw5x-1882989438 ip:192.168.69.88
2019-07-16 15:41:48,025 INFO  util.JvmPauseMonitor (JvmPauseMonitor.java:run(188)) - Starting JVM pause monitor
2019-07-16 15:41:48,028 INFO  datanode.InitDatanodeState (InitDatanodeState.java:persistContainerDatanodeDetails(140)) - DatanodeDetails is persisted to /workdir/hadoop-ozone/integration-test/target/test-dir/MiniOzoneClusterImpl-d0ea49d4-3ec4-4341-b33c-276464736bc4/datanode-0/meta/datanode.id
2019-07-16 15:41:48,035 INFO  volume.HddsVolume (HddsVolume.java:<init>(176)) - Creating Volume: /workdir/hadoop-ozone/integration-test/target/test-dir/MiniOzoneClusterImpl-d0ea49d4-3ec4-4341-b33c-276464736bc4/datanode-1/data/containers/hdds of  storage type : DISK and capacity : 52710309888
2019-07-16 15:41:48,036 INFO  volume.VolumeSet (VolumeSet.java:initializeVolumeSet(170)) - Added Volume : /workdir/hadoop-ozone/integration-test/target/test-dir/MiniOzoneClusterImpl-d0ea49d4-3ec4-4341-b33c-276464736bc4/datanode-1/data/containers/hdds to VolumeSet
2019-07-16 15:41:48,036 INFO  volume.ThrottledAsyncChecker (ThrottledAsyncChecker.java:schedule(140)) - Scheduling a check for org.apache.hadoop.ozone.container.common.volume.HddsVolume@681ba763
2019-07-16 15:41:48,037 INFO  volume.HddsVolumeChecker (HddsVolumeChecker.java:checkAllVolumes(203)) - Scheduled health check for volume org.apache.hadoop.ozone.container.common.volume.HddsVolume@681ba763
2019-07-16 15:41:48,056 INFO  impl.RaftServerProxy (ConfUtils.java:logGet(43)) - raft.rpc.type = GRPC (default)
2019-07-16 15:41:48,057 INFO  grpc.GrpcFactory (GrpcFactory.java:checkPooledByteBufAllocatorUseCacheForAllThreads(45)) - PERFORMANCE WARNING: useCacheForAllThreads is true that may cause Netty to create a lot garbage objects and, as a result, trigger GC.
	It is recommended to disable useCacheForAllThreads by setting -Dorg.apache.ratis.thirdparty.io.netty.allocator.useCacheForAllThreads=false in command line.
2019-07-16 15:41:48,057 INFO  grpc.GrpcConfigKeys$Server (ConfUtils.java:logGet(43)) - raft.grpc.server.port = 0 (default)
2019-07-16 15:41:48,057 INFO  server.GrpcService (ConfUtils.java:logGet(43)) - raft.grpc.message.size.max = 33570816 (custom)
2019-07-16 15:41:48,057 INFO  server.RaftServerConfigKeys (ConfUtils.java:logGet(43)) - raft.server.log.appender.buffer.byte-limit = 33554432 (custom)
2019-07-16 15:41:48,058 INFO  server.GrpcService (ConfUtils.java:logGet(43)) - raft.grpc.flow.control.window = 1MB (=1048576) (default)
2019-07-16 15:41:48,058 INFO  server.RaftServerConfigKeys (ConfUtils.java:logGet(43)) - raft.server.rpc.request.timeout = 3000ms (default)
2019-07-16 15:41:48,059 INFO  server.RaftServerConfigKeys (ConfUtils.java:logGet(43)) - raft.server.storage.dir = [/workdir/hadoop-ozone/integration-test/target/test-dir/MiniOzoneClusterImpl-d0ea49d4-3ec4-4341-b33c-276464736bc4/datanode-1/data/ratis] (custom)
2019-07-16 15:41:48,059 INFO  replication.SimpleContainerDownloader (SimpleContainerDownloader.java:<init>(72)) - Starting container downloader service to copy containers to replicate.
2019-07-16 15:41:48,060 INFO  hdfs.DFSUtil (DFSUtil.java:httpServerTemplateForNNAndJN(1641)) - Starting Web-server for hddsDatanode at: http://0.0.0.0:0
2019-07-16 15:41:48,061 INFO  server.AuthenticationFilter (AuthenticationFilter.java:constructSecretProvider(240)) - Unable to initialize FileSignerSecretProvider, falling back to use random secrets.
2019-07-16 15:41:48,062 WARN  http.HttpRequestLog (HttpRequestLog.java:getRequestLog(97)) - Jetty request log can only be enabled using Log4j
2019-07-16 15:41:48,063 INFO  http.HttpServer2 (HttpServer2.java:addGlobalFilter(975)) - Added global filter 'safety' (class=org.apache.hadoop.http.HttpServer2$QuotingInputFilter)
2019-07-16 15:41:48,063 INFO  http.HttpServer2 (HttpServer2.java:addFilter(948)) - Added filter static_user_filter (class=org.apache.hadoop.http.lib.StaticUserWebFilter$StaticUserFilter) to context hddsDatanode
2019-07-16 15:41:48,063 INFO  http.HttpServer2 (HttpServer2.java:addFilter(958)) - Added filter static_user_filter (class=org.apache.hadoop.http.lib.StaticUserWebFilter$StaticUserFilter) to context logs
2019-07-16 15:41:48,064 INFO  http.HttpServer2 (HttpServer2.java:addFilter(958)) - Added filter static_user_filter (class=org.apache.hadoop.http.lib.StaticUserWebFilter$StaticUserFilter) to context static
2019-07-16 15:41:48,064 INFO  http.HttpServer2 (HttpServer2.java:bindListener(1191)) - Jetty bound to port 40184
2019-07-16 15:41:48,064 INFO  server.Server (Server.java:doStart(351)) - jetty-9.3.24.v20180605, build timestamp: 2018-06-05T17:11:56Z, git hash: 84205aa28f11a4f31f2a3b86d1bba2cc8ab69827
2019-07-16 15:41:48,066 INFO  handler.ContextHandler (ContextHandler.java:doStart(781)) - Started o.e.j.s.ServletContextHandler@2c634c0{/logs,file:///workdir/hadoop-ozone/integration-test/target/log,AVAILABLE}
2019-07-16 15:41:48,066 INFO  handler.ContextHandler (ContextHandler.java:doStart(781)) - Started o.e.j.s.ServletContextHandler@71d2bc34{/static,jar:file:/home/user/.m2/repository/org/apache/hadoop/hadoop-hdds-container-service/0.5.0-SNAPSHOT/hadoop-hdds-container-service-0.5.0-SNAPSHOT.jar!/webapps/static,AVAILABLE}
2019-07-16 15:41:48,093 INFO  handler.ContextHandler (ContextHandler.java:doStart(781)) - Started o.e.j.w.WebAppContext@62e55482{/,file:///tmp/jetty-0.0.0.0-40184-hddsDatanode-_-any-484917079800318172.dir/webapp/,AVAILABLE}{/hddsDatanode}
2019-07-16 15:41:48,093 INFO  server.AbstractConnector (AbstractConnector.java:doStart(278)) - Started ServerConnector@5ceb6796{HTTP/1.1,[http/1.1]}{0.0.0.0:40184}
2019-07-16 15:41:48,095 INFO  server.Server (Server.java:doStart(419)) - Started @626374ms
2019-07-16 15:41:48,096 INFO  server.BaseHttpServer (BaseHttpServer.java:updateConnectorAddress(207)) - HTTP server of HDDSDATANODE is listening at http://0.0.0.0:40184
2019-07-16 15:41:48,195 INFO  ozone.HddsDatanodeService (HddsDatanodeService.java:startPlugins(396)) - Started plug-in org.apache.hadoop.ozone.web.OzoneHddsDatanodeService@3a649f9a
2019-07-16 15:41:48,195 INFO  impl.MetricsSystemImpl (MetricsSystemImpl.java:init(158)) - HddsDatanode metrics system started (again)
2019-07-16 15:41:48,199 INFO  ozone.HddsDatanodeService (HddsDatanodeService.java:start(185)) - HddsDatanodeService host:trunk-nightly-kgw5x-1882989438 ip:192.168.69.88
2019-07-16 15:41:48,200 INFO  util.JvmPauseMonitor (JvmPauseMonitor.java:run(188)) - Starting JVM pause monitor
2019-07-16 15:41:48,201 INFO  datanode.InitDatanodeState (InitDatanodeState.java:persistContainerDatanodeDetails(140)) - DatanodeDetails is persisted to /workdir/hadoop-ozone/integration-test/target/test-dir/MiniOzoneClusterImpl-d0ea49d4-3ec4-4341-b33c-276464736bc4/datanode-1/meta/datanode.id
2019-07-16 15:41:48,209 INFO  volume.HddsVolume (HddsVolume.java:<init>(176)) - Creating Volume: /workdir/hadoop-ozone/integration-test/target/test-dir/MiniOzoneClusterImpl-d0ea49d4-3ec4-4341-b33c-276464736bc4/datanode-2/data/containers/hdds of  storage type : DISK and capacity : 52710309888
2019-07-16 15:41:48,209 INFO  volume.VolumeSet (VolumeSet.java:initializeVolumeSet(170)) - Added Volume : /workdir/hadoop-ozone/integration-test/target/test-dir/MiniOzoneClusterImpl-d0ea49d4-3ec4-4341-b33c-276464736bc4/datanode-2/data/containers/hdds to VolumeSet
2019-07-16 15:41:48,209 INFO  volume.ThrottledAsyncChecker (ThrottledAsyncChecker.java:schedule(140)) - Scheduling a check for org.apache.hadoop.ozone.container.common.volume.HddsVolume@14f05ca0
2019-07-16 15:41:48,210 INFO  volume.HddsVolumeChecker (HddsVolumeChecker.java:checkAllVolumes(203)) - Scheduled health check for volume org.apache.hadoop.ozone.container.common.volume.HddsVolume@14f05ca0
2019-07-16 15:41:48,222 INFO  impl.RaftServerProxy (ConfUtils.java:logGet(43)) - raft.rpc.type = GRPC (default)
2019-07-16 15:41:48,223 INFO  grpc.GrpcFactory (GrpcFactory.java:checkPooledByteBufAllocatorUseCacheForAllThreads(45)) - PERFORMANCE WARNING: useCacheForAllThreads is true that may cause Netty to create a lot garbage objects and, as a result, trigger GC.
	It is recommended to disable useCacheForAllThreads by setting -Dorg.apache.ratis.thirdparty.io.netty.allocator.useCacheForAllThreads=false in command line.
2019-07-16 15:41:48,223 INFO  grpc.GrpcConfigKeys$Server (ConfUtils.java:logGet(43)) - raft.grpc.server.port = 0 (default)
2019-07-16 15:41:48,223 INFO  server.GrpcService (ConfUtils.java:logGet(43)) - raft.grpc.message.size.max = 33570816 (custom)
2019-07-16 15:41:48,223 INFO  server.RaftServerConfigKeys (ConfUtils.java:logGet(43)) - raft.server.log.appender.buffer.byte-limit = 33554432 (custom)
2019-07-16 15:41:48,223 INFO  server.GrpcService (ConfUtils.java:logGet(43)) - raft.grpc.flow.control.window = 1MB (=1048576) (default)
2019-07-16 15:41:48,223 INFO  server.RaftServerConfigKeys (ConfUtils.java:logGet(43)) - raft.server.rpc.request.timeout = 3000ms (default)
2019-07-16 15:41:48,224 INFO  server.RaftServerConfigKeys (ConfUtils.java:logGet(43)) - raft.server.storage.dir = [/workdir/hadoop-ozone/integration-test/target/test-dir/MiniOzoneClusterImpl-d0ea49d4-3ec4-4341-b33c-276464736bc4/datanode-2/data/ratis] (custom)
2019-07-16 15:41:48,224 INFO  replication.SimpleContainerDownloader (SimpleContainerDownloader.java:<init>(72)) - Starting container downloader service to copy containers to replicate.
2019-07-16 15:41:48,225 INFO  hdfs.DFSUtil (DFSUtil.java:httpServerTemplateForNNAndJN(1641)) - Starting Web-server for hddsDatanode at: http://0.0.0.0:0
2019-07-16 15:41:48,226 INFO  server.AuthenticationFilter (AuthenticationFilter.java:constructSecretProvider(240)) - Unable to initialize FileSignerSecretProvider, falling back to use random secrets.
2019-07-16 15:41:48,227 WARN  http.HttpRequestLog (HttpRequestLog.java:getRequestLog(97)) - Jetty request log can only be enabled using Log4j
2019-07-16 15:41:48,228 INFO  http.HttpServer2 (HttpServer2.java:addGlobalFilter(975)) - Added global filter 'safety' (class=org.apache.hadoop.http.HttpServer2$QuotingInputFilter)
2019-07-16 15:41:48,228 INFO  http.HttpServer2 (HttpServer2.java:addFilter(948)) - Added filter static_user_filter (class=org.apache.hadoop.http.lib.StaticUserWebFilter$StaticUserFilter) to context hddsDatanode
2019-07-16 15:41:48,228 INFO  http.HttpServer2 (HttpServer2.java:addFilter(958)) - Added filter static_user_filter (class=org.apache.hadoop.http.lib.StaticUserWebFilter$StaticUserFilter) to context logs
2019-07-16 15:41:48,229 INFO  http.HttpServer2 (HttpServer2.java:addFilter(958)) - Added filter static_user_filter (class=org.apache.hadoop.http.lib.StaticUserWebFilter$StaticUserFilter) to context static
2019-07-16 15:41:48,229 INFO  http.HttpServer2 (HttpServer2.java:bindListener(1191)) - Jetty bound to port 40335
2019-07-16 15:41:48,229 INFO  server.Server (Server.java:doStart(351)) - jetty-9.3.24.v20180605, build timestamp: 2018-06-05T17:11:56Z, git hash: 84205aa28f11a4f31f2a3b86d1bba2cc8ab69827
2019-07-16 15:41:48,231 INFO  handler.ContextHandler (ContextHandler.java:doStart(781)) - Started o.e.j.s.ServletContextHandler@4f142cbd{/logs,file:///workdir/hadoop-ozone/integration-test/target/log,AVAILABLE}
2019-07-16 15:41:48,231 INFO  handler.ContextHandler (ContextHandler.java:doStart(781)) - Started o.e.j.s.ServletContextHandler@4f1cb802{/static,jar:file:/home/user/.m2/repository/org/apache/hadoop/hadoop-hdds-container-service/0.5.0-SNAPSHOT/hadoop-hdds-container-service-0.5.0-SNAPSHOT.jar!/webapps/static,AVAILABLE}
2019-07-16 15:41:48,267 INFO  handler.ContextHandler (ContextHandler.java:doStart(781)) - Started o.e.j.w.WebAppContext@2771e501{/,file:///tmp/jetty-0.0.0.0-40335-hddsDatanode-_-any-447416583053144490.dir/webapp/,AVAILABLE}{/hddsDatanode}
2019-07-16 15:41:48,267 INFO  server.AbstractConnector (AbstractConnector.java:doStart(278)) - Started ServerConnector@3a7abd4{HTTP/1.1,[http/1.1]}{0.0.0.0:40335}
2019-07-16 15:41:48,269 INFO  server.Server (Server.java:doStart(419)) - Started @626548ms
2019-07-16 15:41:48,270 INFO  server.BaseHttpServer (BaseHttpServer.java:updateConnectorAddress(207)) - HTTP server of HDDSDATANODE is listening at http://0.0.0.0:40335
2019-07-16 15:41:48,398 INFO  ozone.HddsDatanodeService (HddsDatanodeService.java:startPlugins(396)) - Started plug-in org.apache.hadoop.ozone.web.OzoneHddsDatanodeService@24c9a52a
2019-07-16 15:41:48,398 INFO  impl.MetricsSystemImpl (MetricsSystemImpl.java:init(158)) - HddsDatanode metrics system started (again)
2019-07-16 15:41:48,400 INFO  ozone.HddsDatanodeService (HddsDatanodeService.java:start(185)) - HddsDatanodeService host:trunk-nightly-kgw5x-1882989438 ip:192.168.69.88
2019-07-16 15:41:48,402 INFO  util.JvmPauseMonitor (JvmPauseMonitor.java:run(188)) - Starting JVM pause monitor
2019-07-16 15:41:48,403 INFO  datanode.InitDatanodeState (InitDatanodeState.java:persistContainerDatanodeDetails(140)) - DatanodeDetails is persisted to /workdir/hadoop-ozone/integration-test/target/test-dir/MiniOzoneClusterImpl-d0ea49d4-3ec4-4341-b33c-276464736bc4/datanode-2/meta/datanode.id
2019-07-16 15:41:48,412 INFO  volume.HddsVolume (HddsVolume.java:<init>(176)) - Creating Volume: /workdir/hadoop-ozone/integration-test/target/test-dir/MiniOzoneClusterImpl-d0ea49d4-3ec4-4341-b33c-276464736bc4/datanode-3/data/containers/hdds of  storage type : DISK and capacity : 52710309888
2019-07-16 15:41:48,412 INFO  volume.VolumeSet (VolumeSet.java:initializeVolumeSet(170)) - Added Volume : /workdir/hadoop-ozone/integration-test/target/test-dir/MiniOzoneClusterImpl-d0ea49d4-3ec4-4341-b33c-276464736bc4/datanode-3/data/containers/hdds to VolumeSet
2019-07-16 15:41:48,412 INFO  volume.ThrottledAsyncChecker (ThrottledAsyncChecker.java:schedule(140)) - Scheduling a check for org.apache.hadoop.ozone.container.common.volume.HddsVolume@2cf93603
2019-07-16 15:41:48,413 INFO  volume.HddsVolumeChecker (HddsVolumeChecker.java:checkAllVolumes(203)) - Scheduled health check for volume org.apache.hadoop.ozone.container.common.volume.HddsVolume@2cf93603
2019-07-16 15:41:48,426 INFO  impl.RaftServerProxy (ConfUtils.java:logGet(43)) - raft.rpc.type = GRPC (default)
2019-07-16 15:41:48,426 INFO  grpc.GrpcFactory (GrpcFactory.java:checkPooledByteBufAllocatorUseCacheForAllThreads(45)) - PERFORMANCE WARNING: useCacheForAllThreads is true that may cause Netty to create a lot garbage objects and, as a result, trigger GC.
	It is recommended to disable useCacheForAllThreads by setting -Dorg.apache.ratis.thirdparty.io.netty.allocator.useCacheForAllThreads=false in command line.
2019-07-16 15:41:48,426 INFO  grpc.GrpcConfigKeys$Server (ConfUtils.java:logGet(43)) - raft.grpc.server.port = 0 (default)
2019-07-16 15:41:48,426 INFO  server.GrpcService (ConfUtils.java:logGet(43)) - raft.grpc.message.size.max = 33570816 (custom)
2019-07-16 15:41:48,426 INFO  server.RaftServerConfigKeys (ConfUtils.java:logGet(43)) - raft.server.log.appender.buffer.byte-limit = 33554432 (custom)
2019-07-16 15:41:48,427 INFO  server.GrpcService (ConfUtils.java:logGet(43)) - raft.grpc.flow.control.window = 1MB (=1048576) (default)
2019-07-16 15:41:48,427 INFO  server.RaftServerConfigKeys (ConfUtils.java:logGet(43)) - raft.server.rpc.request.timeout = 3000ms (default)
2019-07-16 15:41:48,427 INFO  server.RaftServerConfigKeys (ConfUtils.java:logGet(43)) - raft.server.storage.dir = [/workdir/hadoop-ozone/integration-test/target/test-dir/MiniOzoneClusterImpl-d0ea49d4-3ec4-4341-b33c-276464736bc4/datanode-3/data/ratis] (custom)
2019-07-16 15:41:48,428 INFO  replication.SimpleContainerDownloader (SimpleContainerDownloader.java:<init>(72)) - Starting container downloader service to copy containers to replicate.
2019-07-16 15:41:48,429 INFO  hdfs.DFSUtil (DFSUtil.java:httpServerTemplateForNNAndJN(1641)) - Starting Web-server for hddsDatanode at: http://0.0.0.0:0
2019-07-16 15:41:48,430 INFO  server.AuthenticationFilter (AuthenticationFilter.java:constructSecretProvider(240)) - Unable to initialize FileSignerSecretProvider, falling back to use random secrets.
2019-07-16 15:41:48,430 WARN  http.HttpRequestLog (HttpRequestLog.java:getRequestLog(97)) - Jetty request log can only be enabled using Log4j
2019-07-16 15:41:48,431 INFO  http.HttpServer2 (HttpServer2.java:addGlobalFilter(975)) - Added global filter 'safety' (class=org.apache.hadoop.http.HttpServer2$QuotingInputFilter)
2019-07-16 15:41:48,431 INFO  http.HttpServer2 (HttpServer2.java:addFilter(948)) - Added filter static_user_filter (class=org.apache.hadoop.http.lib.StaticUserWebFilter$StaticUserFilter) to context hddsDatanode
2019-07-16 15:41:48,432 INFO  http.HttpServer2 (HttpServer2.java:addFilter(958)) - Added filter static_user_filter (class=org.apache.hadoop.http.lib.StaticUserWebFilter$StaticUserFilter) to context static
2019-07-16 15:41:48,432 INFO  http.HttpServer2 (HttpServer2.java:addFilter(958)) - Added filter static_user_filter (class=org.apache.hadoop.http.lib.StaticUserWebFilter$StaticUserFilter) to context logs
2019-07-16 15:41:48,432 INFO  http.HttpServer2 (HttpServer2.java:bindListener(1191)) - Jetty bound to port 38967
2019-07-16 15:41:48,432 INFO  server.Server (Server.java:doStart(351)) - jetty-9.3.24.v20180605, build timestamp: 2018-06-05T17:11:56Z, git hash: 84205aa28f11a4f31f2a3b86d1bba2cc8ab69827
2019-07-16 15:41:48,434 INFO  handler.ContextHandler (ContextHandler.java:doStart(781)) - Started o.e.j.s.ServletContextHandler@743167c7{/logs,file:///workdir/hadoop-ozone/integration-test/target/log,AVAILABLE}
2019-07-16 15:41:48,434 INFO  handler.ContextHandler (ContextHandler.java:doStart(781)) - Started o.e.j.s.ServletContextHandler@5710f755{/static,jar:file:/home/user/.m2/repository/org/apache/hadoop/hadoop-hdds-container-service/0.5.0-SNAPSHOT/hadoop-hdds-container-service-0.5.0-SNAPSHOT.jar!/webapps/static,AVAILABLE}
2019-07-16 15:41:48,460 INFO  handler.ContextHandler (ContextHandler.java:doStart(781)) - Started o.e.j.w.WebAppContext@7ae88df1{/,file:///tmp/jetty-0.0.0.0-38967-hddsDatanode-_-any-4589827327138795382.dir/webapp/,AVAILABLE}{/hddsDatanode}
2019-07-16 15:41:48,461 INFO  server.AbstractConnector (AbstractConnector.java:doStart(278)) - Started ServerConnector@502a9b30{HTTP/1.1,[http/1.1]}{0.0.0.0:38967}
2019-07-16 15:41:48,462 INFO  server.Server (Server.java:doStart(419)) - Started @626741ms
2019-07-16 15:41:48,462 INFO  server.BaseHttpServer (BaseHttpServer.java:updateConnectorAddress(207)) - HTTP server of HDDSDATANODE is listening at http://0.0.0.0:38967
2019-07-16 15:41:48,557 INFO  ozone.HddsDatanodeService (HddsDatanodeService.java:startPlugins(396)) - Started plug-in org.apache.hadoop.ozone.web.OzoneHddsDatanodeService@22b8eaf0
2019-07-16 15:41:48,557 INFO  impl.MetricsSystemImpl (MetricsSystemImpl.java:init(158)) - HddsDatanode metrics system started (again)
2019-07-16 15:41:48,559 INFO  ozone.HddsDatanodeService (HddsDatanodeService.java:start(185)) - HddsDatanodeService host:trunk-nightly-kgw5x-1882989438 ip:192.168.69.88
2019-07-16 15:41:48,561 INFO  util.JvmPauseMonitor (JvmPauseMonitor.java:run(188)) - Starting JVM pause monitor
2019-07-16 15:41:48,562 INFO  datanode.InitDatanodeState (InitDatanodeState.java:persistContainerDatanodeDetails(140)) - DatanodeDetails is persisted to /workdir/hadoop-ozone/integration-test/target/test-dir/MiniOzoneClusterImpl-d0ea49d4-3ec4-4341-b33c-276464736bc4/datanode-3/meta/datanode.id
2019-07-16 15:41:48,571 INFO  volume.HddsVolume (HddsVolume.java:<init>(176)) - Creating Volume: /workdir/hadoop-ozone/integration-test/target/test-dir/MiniOzoneClusterImpl-d0ea49d4-3ec4-4341-b33c-276464736bc4/datanode-4/data/containers/hdds of  storage type : DISK and capacity : 52710309888
2019-07-16 15:41:48,571 INFO  volume.VolumeSet (VolumeSet.java:initializeVolumeSet(170)) - Added Volume : /workdir/hadoop-ozone/integration-test/target/test-dir/MiniOzoneClusterImpl-d0ea49d4-3ec4-4341-b33c-276464736bc4/datanode-4/data/containers/hdds to VolumeSet
2019-07-16 15:41:48,572 INFO  volume.ThrottledAsyncChecker (ThrottledAsyncChecker.java:schedule(140)) - Scheduling a check for org.apache.hadoop.ozone.container.common.volume.HddsVolume@5679e464
2019-07-16 15:41:48,572 INFO  volume.HddsVolumeChecker (HddsVolumeChecker.java:checkAllVolumes(203)) - Scheduled health check for volume org.apache.hadoop.ozone.container.common.volume.HddsVolume@5679e464
2019-07-16 15:41:48,585 INFO  impl.RaftServerProxy (ConfUtils.java:logGet(43)) - raft.rpc.type = GRPC (default)
2019-07-16 15:41:48,585 INFO  grpc.GrpcFactory (GrpcFactory.java:checkPooledByteBufAllocatorUseCacheForAllThreads(45)) - PERFORMANCE WARNING: useCacheForAllThreads is true that may cause Netty to create a lot garbage objects and, as a result, trigger GC.
	It is recommended to disable useCacheForAllThreads by setting -Dorg.apache.ratis.thirdparty.io.netty.allocator.useCacheForAllThreads=false in command line.
2019-07-16 15:41:48,585 INFO  grpc.GrpcConfigKeys$Server (ConfUtils.java:logGet(43)) - raft.grpc.server.port = 0 (default)
2019-07-16 15:41:48,585 INFO  server.GrpcService (ConfUtils.java:logGet(43)) - raft.grpc.message.size.max = 33570816 (custom)
2019-07-16 15:41:48,585 INFO  server.RaftServerConfigKeys (ConfUtils.java:logGet(43)) - raft.server.log.appender.buffer.byte-limit = 33554432 (custom)
2019-07-16 15:41:48,586 INFO  server.GrpcService (ConfUtils.java:logGet(43)) - raft.grpc.flow.control.window = 1MB (=1048576) (default)
2019-07-16 15:41:48,586 INFO  server.RaftServerConfigKeys (ConfUtils.java:logGet(43)) - raft.server.rpc.request.timeout = 3000ms (default)
2019-07-16 15:41:48,586 INFO  server.RaftServerConfigKeys (ConfUtils.java:logGet(43)) - raft.server.storage.dir = [/workdir/hadoop-ozone/integration-test/target/test-dir/MiniOzoneClusterImpl-d0ea49d4-3ec4-4341-b33c-276464736bc4/datanode-4/data/ratis] (custom)
2019-07-16 15:41:48,586 INFO  replication.SimpleContainerDownloader (SimpleContainerDownloader.java:<init>(72)) - Starting container downloader service to copy containers to replicate.
2019-07-16 15:41:48,587 INFO  hdfs.DFSUtil (DFSUtil.java:httpServerTemplateForNNAndJN(1641)) - Starting Web-server for hddsDatanode at: http://0.0.0.0:0
2019-07-16 15:41:48,588 INFO  server.AuthenticationFilter (AuthenticationFilter.java:constructSecretProvider(240)) - Unable to initialize FileSignerSecretProvider, falling back to use random secrets.
2019-07-16 15:41:48,589 WARN  http.HttpRequestLog (HttpRequestLog.java:getRequestLog(97)) - Jetty request log can only be enabled using Log4j
2019-07-16 15:41:48,590 INFO  http.HttpServer2 (HttpServer2.java:addGlobalFilter(975)) - Added global filter 'safety' (class=org.apache.hadoop.http.HttpServer2$QuotingInputFilter)
2019-07-16 15:41:48,590 INFO  http.HttpServer2 (HttpServer2.java:addFilter(948)) - Added filter static_user_filter (class=org.apache.hadoop.http.lib.StaticUserWebFilter$StaticUserFilter) to context hddsDatanode
2019-07-16 15:41:48,590 INFO  http.HttpServer2 (HttpServer2.java:addFilter(958)) - Added filter static_user_filter (class=org.apache.hadoop.http.lib.StaticUserWebFilter$StaticUserFilter) to context logs
2019-07-16 15:41:48,590 INFO  http.HttpServer2 (HttpServer2.java:addFilter(958)) - Added filter static_user_filter (class=org.apache.hadoop.http.lib.StaticUserWebFilter$StaticUserFilter) to context static
2019-07-16 15:41:48,591 INFO  http.HttpServer2 (HttpServer2.java:bindListener(1191)) - Jetty bound to port 37815
2019-07-16 15:41:48,591 INFO  server.Server (Server.java:doStart(351)) - jetty-9.3.24.v20180605, build timestamp: 2018-06-05T17:11:56Z, git hash: 84205aa28f11a4f31f2a3b86d1bba2cc8ab69827
2019-07-16 15:41:48,592 INFO  handler.ContextHandler (ContextHandler.java:doStart(781)) - Started o.e.j.s.ServletContextHandler@561494af{/logs,file:///workdir/hadoop-ozone/integration-test/target/log,AVAILABLE}
2019-07-16 15:41:48,593 INFO  handler.ContextHandler (ContextHandler.java:doStart(781)) - Started o.e.j.s.ServletContextHandler@79beb8a0{/static,jar:file:/home/user/.m2/repository/org/apache/hadoop/hadoop-hdds-container-service/0.5.0-SNAPSHOT/hadoop-hdds-container-service-0.5.0-SNAPSHOT.jar!/webapps/static,AVAILABLE}
2019-07-16 15:41:48,619 INFO  handler.ContextHandler (ContextHandler.java:doStart(781)) - Started o.e.j.w.WebAppContext@51a3e3b4{/,file:///tmp/jetty-0.0.0.0-37815-hddsDatanode-_-any-877628919875615543.dir/webapp/,AVAILABLE}{/hddsDatanode}
2019-07-16 15:41:48,619 INFO  server.AbstractConnector (AbstractConnector.java:doStart(278)) - Started ServerConnector@27e0906f{HTTP/1.1,[http/1.1]}{0.0.0.0:37815}
2019-07-16 15:41:48,619 INFO  server.Server (Server.java:doStart(419)) - Started @626898ms
2019-07-16 15:41:48,621 INFO  server.BaseHttpServer (BaseHttpServer.java:updateConnectorAddress(207)) - HTTP server of HDDSDATANODE is listening at http://0.0.0.0:37815
2019-07-16 15:41:48,755 INFO  ozone.HddsDatanodeService (HddsDatanodeService.java:startPlugins(396)) - Started plug-in org.apache.hadoop.ozone.web.OzoneHddsDatanodeService@6dd0d9a2
2019-07-16 15:41:48,755 INFO  impl.MetricsSystemImpl (MetricsSystemImpl.java:init(158)) - HddsDatanode metrics system started (again)
2019-07-16 15:41:48,757 INFO  ozone.HddsDatanodeService (HddsDatanodeService.java:start(185)) - HddsDatanodeService host:trunk-nightly-kgw5x-1882989438 ip:192.168.69.88
2019-07-16 15:41:48,758 INFO  util.JvmPauseMonitor (JvmPauseMonitor.java:run(188)) - Starting JVM pause monitor
2019-07-16 15:41:48,760 INFO  datanode.InitDatanodeState (InitDatanodeState.java:persistContainerDatanodeDetails(140)) - DatanodeDetails is persisted to /workdir/hadoop-ozone/integration-test/target/test-dir/MiniOzoneClusterImpl-d0ea49d4-3ec4-4341-b33c-276464736bc4/datanode-4/meta/datanode.id
2019-07-16 15:41:48,772 INFO  volume.HddsVolume (HddsVolume.java:<init>(176)) - Creating Volume: /workdir/hadoop-ozone/integration-test/target/test-dir/MiniOzoneClusterImpl-d0ea49d4-3ec4-4341-b33c-276464736bc4/datanode-5/data/containers/hdds of  storage type : DISK and capacity : 52710309888
2019-07-16 15:41:48,773 INFO  volume.VolumeSet (VolumeSet.java:initializeVolumeSet(170)) - Added Volume : /workdir/hadoop-ozone/integration-test/target/test-dir/MiniOzoneClusterImpl-d0ea49d4-3ec4-4341-b33c-276464736bc4/datanode-5/data/containers/hdds to VolumeSet
2019-07-16 15:41:48,773 INFO  volume.ThrottledAsyncChecker (ThrottledAsyncChecker.java:schedule(140)) - Scheduling a check for org.apache.hadoop.ozone.container.common.volume.HddsVolume@69f35d31
2019-07-16 15:41:48,773 INFO  volume.HddsVolumeChecker (HddsVolumeChecker.java:checkAllVolumes(203)) - Scheduled health check for volume org.apache.hadoop.ozone.container.common.volume.HddsVolume@69f35d31
2019-07-16 15:41:48,790 INFO  impl.RaftServerProxy (ConfUtils.java:logGet(43)) - raft.rpc.type = GRPC (default)
2019-07-16 15:41:48,790 INFO  grpc.GrpcFactory (GrpcFactory.java:checkPooledByteBufAllocatorUseCacheForAllThreads(45)) - PERFORMANCE WARNING: useCacheForAllThreads is true that may cause Netty to create a lot garbage objects and, as a result, trigger GC.
	It is recommended to disable useCacheForAllThreads by setting -Dorg.apache.ratis.thirdparty.io.netty.allocator.useCacheForAllThreads=false in command line.
2019-07-16 15:41:48,791 INFO  grpc.GrpcConfigKeys$Server (ConfUtils.java:logGet(43)) - raft.grpc.server.port = 0 (default)
2019-07-16 15:41:48,791 INFO  server.GrpcService (ConfUtils.java:logGet(43)) - raft.grpc.message.size.max = 33570816 (custom)
2019-07-16 15:41:48,791 INFO  server.RaftServerConfigKeys (ConfUtils.java:logGet(43)) - raft.server.log.appender.buffer.byte-limit = 33554432 (custom)
2019-07-16 15:41:48,791 INFO  server.GrpcService (ConfUtils.java:logGet(43)) - raft.grpc.flow.control.window = 1MB (=1048576) (default)
2019-07-16 15:41:48,792 INFO  server.RaftServerConfigKeys (ConfUtils.java:logGet(43)) - raft.server.rpc.request.timeout = 3000ms (default)
2019-07-16 15:41:48,792 INFO  server.RaftServerConfigKeys (ConfUtils.java:logGet(43)) - raft.server.storage.dir = [/workdir/hadoop-ozone/integration-test/target/test-dir/MiniOzoneClusterImpl-d0ea49d4-3ec4-4341-b33c-276464736bc4/datanode-5/data/ratis] (custom)
2019-07-16 15:41:48,793 INFO  replication.SimpleContainerDownloader (SimpleContainerDownloader.java:<init>(72)) - Starting container downloader service to copy containers to replicate.
2019-07-16 15:41:48,794 INFO  hdfs.DFSUtil (DFSUtil.java:httpServerTemplateForNNAndJN(1641)) - Starting Web-server for hddsDatanode at: http://0.0.0.0:0
2019-07-16 15:41:48,795 INFO  server.AuthenticationFilter (AuthenticationFilter.java:constructSecretProvider(240)) - Unable to initialize FileSignerSecretProvider, falling back to use random secrets.
2019-07-16 15:41:48,795 WARN  http.HttpRequestLog (HttpRequestLog.java:getRequestLog(97)) - Jetty request log can only be enabled using Log4j
2019-07-16 15:41:48,797 INFO  http.HttpServer2 (HttpServer2.java:addGlobalFilter(975)) - Added global filter 'safety' (class=org.apache.hadoop.http.HttpServer2$QuotingInputFilter)
2019-07-16 15:41:48,797 INFO  http.HttpServer2 (HttpServer2.java:addFilter(948)) - Added filter static_user_filter (class=org.apache.hadoop.http.lib.StaticUserWebFilter$StaticUserFilter) to context hddsDatanode
2019-07-16 15:41:48,798 INFO  http.HttpServer2 (HttpServer2.java:addFilter(958)) - Added filter static_user_filter (class=org.apache.hadoop.http.lib.StaticUserWebFilter$StaticUserFilter) to context static
2019-07-16 15:41:48,798 INFO  http.HttpServer2 (HttpServer2.java:addFilter(958)) - Added filter static_user_filter (class=org.apache.hadoop.http.lib.StaticUserWebFilter$StaticUserFilter) to context logs
2019-07-16 15:41:48,798 INFO  http.HttpServer2 (HttpServer2.java:bindListener(1191)) - Jetty bound to port 40232
2019-07-16 15:41:48,799 INFO  server.Server (Server.java:doStart(351)) - jetty-9.3.24.v20180605, build timestamp: 2018-06-05T17:11:56Z, git hash: 84205aa28f11a4f31f2a3b86d1bba2cc8ab69827
2019-07-16 15:41:48,800 INFO  handler.ContextHandler (ContextHandler.java:doStart(781)) - Started o.e.j.s.ServletContextHandler@51a7ee4e{/logs,file:///workdir/hadoop-ozone/integration-test/target/log,AVAILABLE}
2019-07-16 15:41:48,801 INFO  handler.ContextHandler (ContextHandler.java:doStart(781)) - Started o.e.j.s.ServletContextHandler@7bb3cbb4{/static,jar:file:/home/user/.m2/repository/org/apache/hadoop/hadoop-hdds-container-service/0.5.0-SNAPSHOT/hadoop-hdds-container-service-0.5.0-SNAPSHOT.jar!/webapps/static,AVAILABLE}
2019-07-16 15:41:48,836 INFO  handler.ContextHandler (ContextHandler.java:doStart(781)) - Started o.e.j.w.WebAppContext@31e08c61{/,file:///tmp/jetty-0.0.0.0-40232-hddsDatanode-_-any-7835673745822441246.dir/webapp/,AVAILABLE}{/hddsDatanode}
2019-07-16 15:41:48,837 INFO  server.AbstractConnector (AbstractConnector.java:doStart(278)) - Started ServerConnector@69eb88a7{HTTP/1.1,[http/1.1]}{0.0.0.0:40232}
2019-07-16 15:41:48,838 INFO  server.Server (Server.java:doStart(419)) - Started @627117ms
2019-07-16 15:41:48,839 INFO  server.BaseHttpServer (BaseHttpServer.java:updateConnectorAddress(207)) - HTTP server of HDDSDATANODE is listening at http://0.0.0.0:40232
2019-07-16 15:41:49,078 INFO  ozone.HddsDatanodeService (HddsDatanodeService.java:startPlugins(396)) - Started plug-in org.apache.hadoop.ozone.web.OzoneHddsDatanodeService@3c320c8b
2019-07-16 15:41:49,079 INFO  impl.MetricsSystemImpl (MetricsSystemImpl.java:init(158)) - HddsDatanode metrics system started (again)
2019-07-16 15:41:49,081 INFO  ozone.HddsDatanodeService (HddsDatanodeService.java:start(185)) - HddsDatanodeService host:trunk-nightly-kgw5x-1882989438 ip:192.168.69.88
2019-07-16 15:41:49,082 INFO  util.JvmPauseMonitor (JvmPauseMonitor.java:run(188)) - Starting JVM pause monitor
2019-07-16 15:41:49,084 INFO  datanode.InitDatanodeState (InitDatanodeState.java:persistContainerDatanodeDetails(140)) - DatanodeDetails is persisted to /workdir/hadoop-ozone/integration-test/target/test-dir/MiniOzoneClusterImpl-d0ea49d4-3ec4-4341-b33c-276464736bc4/datanode-5/meta/datanode.id
2019-07-16 15:41:49,094 INFO  volume.HddsVolume (HddsVolume.java:<init>(176)) - Creating Volume: /workdir/hadoop-ozone/integration-test/target/test-dir/MiniOzoneClusterImpl-d0ea49d4-3ec4-4341-b33c-276464736bc4/datanode-6/data/containers/hdds of  storage type : DISK and capacity : 52710309888
2019-07-16 15:41:49,094 INFO  volume.VolumeSet (VolumeSet.java:initializeVolumeSet(170)) - Added Volume : /workdir/hadoop-ozone/integration-test/target/test-dir/MiniOzoneClusterImpl-d0ea49d4-3ec4-4341-b33c-276464736bc4/datanode-6/data/containers/hdds to VolumeSet
2019-07-16 15:41:49,095 INFO  volume.ThrottledAsyncChecker (ThrottledAsyncChecker.java:schedule(140)) - Scheduling a check for org.apache.hadoop.ozone.container.common.volume.HddsVolume@76b35c38
2019-07-16 15:41:49,095 INFO  volume.HddsVolumeChecker (HddsVolumeChecker.java:checkAllVolumes(203)) - Scheduled health check for volume org.apache.hadoop.ozone.container.common.volume.HddsVolume@76b35c38
2019-07-16 15:41:49,114 INFO  impl.RaftServerProxy (ConfUtils.java:logGet(43)) - raft.rpc.type = GRPC (default)
2019-07-16 15:41:49,115 INFO  grpc.GrpcFactory (GrpcFactory.java:checkPooledByteBufAllocatorUseCacheForAllThreads(45)) - PERFORMANCE WARNING: useCacheForAllThreads is true that may cause Netty to create a lot garbage objects and, as a result, trigger GC.
	It is recommended to disable useCacheForAllThreads by setting -Dorg.apache.ratis.thirdparty.io.netty.allocator.useCacheForAllThreads=false in command line.
2019-07-16 15:41:49,115 INFO  grpc.GrpcConfigKeys$Server (ConfUtils.java:logGet(43)) - raft.grpc.server.port = 0 (default)
2019-07-16 15:41:49,115 INFO  server.GrpcService (ConfUtils.java:logGet(43)) - raft.grpc.message.size.max = 33570816 (custom)
2019-07-16 15:41:49,116 INFO  server.RaftServerConfigKeys (ConfUtils.java:logGet(43)) - raft.server.log.appender.buffer.byte-limit = 33554432 (custom)
2019-07-16 15:41:49,116 INFO  server.GrpcService (ConfUtils.java:logGet(43)) - raft.grpc.flow.control.window = 1MB (=1048576) (default)
2019-07-16 15:41:49,116 INFO  server.RaftServerConfigKeys (ConfUtils.java:logGet(43)) - raft.server.rpc.request.timeout = 3000ms (default)
2019-07-16 15:41:49,117 INFO  server.RaftServerConfigKeys (ConfUtils.java:logGet(43)) - raft.server.storage.dir = [/workdir/hadoop-ozone/integration-test/target/test-dir/MiniOzoneClusterImpl-d0ea49d4-3ec4-4341-b33c-276464736bc4/datanode-6/data/ratis] (custom)
2019-07-16 15:41:49,117 INFO  replication.SimpleContainerDownloader (SimpleContainerDownloader.java:<init>(72)) - Starting container downloader service to copy containers to replicate.
2019-07-16 15:41:49,119 INFO  hdfs.DFSUtil (DFSUtil.java:httpServerTemplateForNNAndJN(1641)) - Starting Web-server for hddsDatanode at: http://0.0.0.0:0
2019-07-16 15:41:49,120 INFO  server.AuthenticationFilter (AuthenticationFilter.java:constructSecretProvider(240)) - Unable to initialize FileSignerSecretProvider, falling back to use random secrets.
2019-07-16 15:41:49,121 WARN  http.HttpRequestLog (HttpRequestLog.java:getRequestLog(97)) - Jetty request log can only be enabled using Log4j
2019-07-16 15:41:49,123 INFO  http.HttpServer2 (HttpServer2.java:addGlobalFilter(975)) - Added global filter 'safety' (class=org.apache.hadoop.http.HttpServer2$QuotingInputFilter)
2019-07-16 15:41:49,124 INFO  http.HttpServer2 (HttpServer2.java:addFilter(948)) - Added filter static_user_filter (class=org.apache.hadoop.http.lib.StaticUserWebFilter$StaticUserFilter) to context hddsDatanode
2019-07-16 15:41:49,124 INFO  http.HttpServer2 (HttpServer2.java:addFilter(958)) - Added filter static_user_filter (class=org.apache.hadoop.http.lib.StaticUserWebFilter$StaticUserFilter) to context logs
2019-07-16 15:41:49,124 INFO  http.HttpServer2 (HttpServer2.java:addFilter(958)) - Added filter static_user_filter (class=org.apache.hadoop.http.lib.StaticUserWebFilter$StaticUserFilter) to context static
2019-07-16 15:41:49,125 INFO  http.HttpServer2 (HttpServer2.java:bindListener(1191)) - Jetty bound to port 42714
2019-07-16 15:41:49,125 INFO  server.Server (Server.java:doStart(351)) - jetty-9.3.24.v20180605, build timestamp: 2018-06-05T17:11:56Z, git hash: 84205aa28f11a4f31f2a3b86d1bba2cc8ab69827
2019-07-16 15:41:49,127 INFO  handler.ContextHandler (ContextHandler.java:doStart(781)) - Started o.e.j.s.ServletContextHandler@2662997a{/logs,file:///workdir/hadoop-ozone/integration-test/target/log,AVAILABLE}
2019-07-16 15:41:49,128 INFO  handler.ContextHandler (ContextHandler.java:doStart(781)) - Started o.e.j.s.ServletContextHandler@26204f8f{/static,jar:file:/home/user/.m2/repository/org/apache/hadoop/hadoop-hdds-container-service/0.5.0-SNAPSHOT/hadoop-hdds-container-service-0.5.0-SNAPSHOT.jar!/webapps/static,AVAILABLE}
2019-07-16 15:41:49,181 INFO  handler.ContextHandler (ContextHandler.java:doStart(781)) - Started o.e.j.w.WebAppContext@311683ea{/,file:///tmp/jetty-0.0.0.0-42714-hddsDatanode-_-any-3017270692016025016.dir/webapp/,AVAILABLE}{/hddsDatanode}
2019-07-16 15:41:49,181 INFO  server.AbstractConnector (AbstractConnector.java:doStart(278)) - Started ServerConnector@5d5ad1e2{HTTP/1.1,[http/1.1]}{0.0.0.0:42714}
2019-07-16 15:41:49,183 INFO  server.Server (Server.java:doStart(419)) - Started @627461ms
2019-07-16 15:41:49,184 INFO  server.BaseHttpServer (BaseHttpServer.java:updateConnectorAddress(207)) - HTTP server of HDDSDATANODE is listening at http://0.0.0.0:42714
2019-07-16 15:41:49,329 INFO  ozone.HddsDatanodeService (HddsDatanodeService.java:startPlugins(396)) - Started plug-in org.apache.hadoop.ozone.web.OzoneHddsDatanodeService@1694cbc
2019-07-16 15:41:49,329 INFO  ozone.MiniOzoneClusterImpl (MiniOzoneClusterImpl.java:lambda$waitForClusterToBeReady$0(142)) - Waiting for cluster to be ready. Got 0 of 7 DN Heartbeats.
2019-07-16 15:41:49,334 INFO  util.JvmPauseMonitor (JvmPauseMonitor.java:run(188)) - Starting JVM pause monitor
2019-07-16 15:41:49,335 INFO  datanode.InitDatanodeState (InitDatanodeState.java:persistContainerDatanodeDetails(140)) - DatanodeDetails is persisted to /workdir/hadoop-ozone/integration-test/target/test-dir/MiniOzoneClusterImpl-d0ea49d4-3ec4-4341-b33c-276464736bc4/datanode-6/meta/datanode.id
2019-07-16 15:41:50,051 INFO  ozoneimpl.OzoneContainer (OzoneContainer.java:start(186)) - Attempting to start container services.
2019-07-16 15:41:50,054 INFO  ozoneimpl.OzoneContainer (OzoneContainer.java:startContainerScrub(160)) - Background container scrubber has been disabled by hdds.containerscrub.enabled
2019-07-16 15:41:50,054 INFO  ratis.XceiverServerRatis (XceiverServerRatis.java:start(418)) - Starting XceiverServerRatis e7960c47-8f9e-4a5b-a966-2b5bf1679925 at port 0
2019-07-16 15:41:50,061 INFO  impl.RaftServerProxy (RaftServerProxy.java:lambda$start$3(299)) - e7960c47-8f9e-4a5b-a966-2b5bf1679925: start RPC server
2019-07-16 15:41:50,063 INFO  server.GrpcService (GrpcService.java:startImpl(149)) - e7960c47-8f9e-4a5b-a966-2b5bf1679925: GrpcService started, listening on 0.0.0.0/0.0.0.0:46587
2019-07-16 15:41:50,063 INFO  ratis.XceiverServerRatis (XceiverServerRatis.java:start(428)) - XceiverServerRatis e7960c47-8f9e-4a5b-a966-2b5bf1679925 is started using port 46587
2019-07-16 15:41:50,065 INFO  server.XceiverServerGrpc (XceiverServerGrpc.java:start(161)) - XceiverServerGrpc e7960c47-8f9e-4a5b-a966-2b5bf1679925 is started using port 38080
2019-07-16 15:41:50,227 INFO  ozoneimpl.OzoneContainer (OzoneContainer.java:start(186)) - Attempting to start container services.
2019-07-16 15:41:50,230 INFO  ozoneimpl.OzoneContainer (OzoneContainer.java:startContainerScrub(160)) - Background container scrubber has been disabled by hdds.containerscrub.enabled
2019-07-16 15:41:50,230 INFO  ratis.XceiverServerRatis (XceiverServerRatis.java:start(418)) - Starting XceiverServerRatis f234ebe8-b51f-4c9e-910e-977eba04df35 at port 0
2019-07-16 15:41:50,238 INFO  impl.RaftServerProxy (RaftServerProxy.java:lambda$start$3(299)) - f234ebe8-b51f-4c9e-910e-977eba04df35: start RPC server
2019-07-16 15:41:50,239 INFO  server.GrpcService (GrpcService.java:startImpl(149)) - f234ebe8-b51f-4c9e-910e-977eba04df35: GrpcService started, listening on 0.0.0.0/0.0.0.0:33397
2019-07-16 15:41:50,239 INFO  ratis.XceiverServerRatis (XceiverServerRatis.java:start(428)) - XceiverServerRatis f234ebe8-b51f-4c9e-910e-977eba04df35 is started using port 33397
2019-07-16 15:41:50,240 INFO  server.XceiverServerGrpc (XceiverServerGrpc.java:start(161)) - XceiverServerGrpc f234ebe8-b51f-4c9e-910e-977eba04df35 is started using port 38270
2019-07-16 15:41:50,331 INFO  ozone.MiniOzoneClusterImpl (MiniOzoneClusterImpl.java:lambda$waitForClusterToBeReady$0(142)) - Waiting for cluster to be ready. Got 0 of 7 DN Heartbeats.
2019-07-16 15:41:50,415 INFO  ozoneimpl.OzoneContainer (OzoneContainer.java:start(186)) - Attempting to start container services.
2019-07-16 15:41:50,423 INFO  ozoneimpl.OzoneContainer (OzoneContainer.java:startContainerScrub(160)) - Background container scrubber has been disabled by hdds.containerscrub.enabled
2019-07-16 15:41:50,423 INFO  ratis.XceiverServerRatis (XceiverServerRatis.java:start(418)) - Starting XceiverServerRatis af18e082-789a-4136-9fd8-e6ee9c588402 at port 0
2019-07-16 15:41:50,430 INFO  impl.RaftServerProxy (RaftServerProxy.java:lambda$start$3(299)) - af18e082-789a-4136-9fd8-e6ee9c588402: start RPC server
2019-07-16 15:41:50,431 INFO  server.GrpcService (GrpcService.java:startImpl(149)) - af18e082-789a-4136-9fd8-e6ee9c588402: GrpcService started, listening on 0.0.0.0/0.0.0.0:40120
2019-07-16 15:41:50,431 INFO  ratis.XceiverServerRatis (XceiverServerRatis.java:start(428)) - XceiverServerRatis af18e082-789a-4136-9fd8-e6ee9c588402 is started using port 40120
2019-07-16 15:41:50,440 INFO  server.XceiverServerGrpc (XceiverServerGrpc.java:start(161)) - XceiverServerGrpc af18e082-789a-4136-9fd8-e6ee9c588402 is started using port 46686
2019-07-16 15:41:50,587 INFO  ozoneimpl.OzoneContainer (OzoneContainer.java:start(186)) - Attempting to start container services.
2019-07-16 15:41:50,587 INFO  ozoneimpl.OzoneContainer (OzoneContainer.java:startContainerScrub(160)) - Background container scrubber has been disabled by hdds.containerscrub.enabled
2019-07-16 15:41:50,587 INFO  ratis.XceiverServerRatis (XceiverServerRatis.java:start(418)) - Starting XceiverServerRatis 50cd2cc6-2eab-4672-88f1-28c6d10bd0d3 at port 0
2019-07-16 15:41:50,594 INFO  impl.RaftServerProxy (RaftServerProxy.java:lambda$start$3(299)) - 50cd2cc6-2eab-4672-88f1-28c6d10bd0d3: start RPC server
2019-07-16 15:41:50,597 INFO  server.GrpcService (GrpcService.java:startImpl(149)) - 50cd2cc6-2eab-4672-88f1-28c6d10bd0d3: GrpcService started, listening on 0.0.0.0/0.0.0.0:37014
2019-07-16 15:41:50,597 INFO  ratis.XceiverServerRatis (XceiverServerRatis.java:start(428)) - XceiverServerRatis 50cd2cc6-2eab-4672-88f1-28c6d10bd0d3 is started using port 37014
2019-07-16 15:41:50,598 INFO  server.XceiverServerGrpc (XceiverServerGrpc.java:start(161)) - XceiverServerGrpc 50cd2cc6-2eab-4672-88f1-28c6d10bd0d3 is started using port 34433
2019-07-16 15:41:50,785 INFO  ozoneimpl.OzoneContainer (OzoneContainer.java:start(186)) - Attempting to start container services.
2019-07-16 15:41:50,785 INFO  ozoneimpl.OzoneContainer (OzoneContainer.java:startContainerScrub(160)) - Background container scrubber has been disabled by hdds.containerscrub.enabled
2019-07-16 15:41:50,785 INFO  ratis.XceiverServerRatis (XceiverServerRatis.java:start(418)) - Starting XceiverServerRatis c9bb5354-5abf-405d-b889-0b02555d43bf at port 0
2019-07-16 15:41:50,792 INFO  impl.RaftServerProxy (RaftServerProxy.java:lambda$start$3(299)) - c9bb5354-5abf-405d-b889-0b02555d43bf: start RPC server
2019-07-16 15:41:50,795 INFO  server.GrpcService (GrpcService.java:startImpl(149)) - c9bb5354-5abf-405d-b889-0b02555d43bf: GrpcService started, listening on 0.0.0.0/0.0.0.0:45668
2019-07-16 15:41:50,796 INFO  ratis.XceiverServerRatis (XceiverServerRatis.java:start(428)) - XceiverServerRatis c9bb5354-5abf-405d-b889-0b02555d43bf is started using port 45668
2019-07-16 15:41:50,796 INFO  server.XceiverServerGrpc (XceiverServerGrpc.java:start(161)) - XceiverServerGrpc c9bb5354-5abf-405d-b889-0b02555d43bf is started using port 37148
2019-07-16 15:41:51,097 INFO  ozoneimpl.OzoneContainer (OzoneContainer.java:start(186)) - Attempting to start container services.
2019-07-16 15:41:51,097 INFO  ozoneimpl.OzoneContainer (OzoneContainer.java:startContainerScrub(160)) - Background container scrubber has been disabled by hdds.containerscrub.enabled
2019-07-16 15:41:51,097 INFO  ratis.XceiverServerRatis (XceiverServerRatis.java:start(418)) - Starting XceiverServerRatis a98a8c88-1df8-4294-be4b-d265116ec286 at port 0
2019-07-16 15:41:51,104 INFO  impl.RaftServerProxy (RaftServerProxy.java:lambda$start$3(299)) - a98a8c88-1df8-4294-be4b-d265116ec286: start RPC server
2019-07-16 15:41:51,105 INFO  server.GrpcService (GrpcService.java:startImpl(149)) - a98a8c88-1df8-4294-be4b-d265116ec286: GrpcService started, listening on 0.0.0.0/0.0.0.0:34462
2019-07-16 15:41:51,105 INFO  ratis.XceiverServerRatis (XceiverServerRatis.java:start(428)) - XceiverServerRatis a98a8c88-1df8-4294-be4b-d265116ec286 is started using port 34462
2019-07-16 15:41:51,106 INFO  server.XceiverServerGrpc (XceiverServerGrpc.java:start(161)) - XceiverServerGrpc a98a8c88-1df8-4294-be4b-d265116ec286 is started using port 43918
2019-07-16 15:41:51,332 INFO  ozone.MiniOzoneClusterImpl (MiniOzoneClusterImpl.java:lambda$waitForClusterToBeReady$0(142)) - Waiting for cluster to be ready. Got 0 of 7 DN Heartbeats.
2019-07-16 15:41:51,373 INFO  ozoneimpl.OzoneContainer (OzoneContainer.java:start(186)) - Attempting to start container services.
2019-07-16 15:41:51,374 INFO  ozoneimpl.OzoneContainer (OzoneContainer.java:startContainerScrub(160)) - Background container scrubber has been disabled by hdds.containerscrub.enabled
2019-07-16 15:41:51,374 INFO  ratis.XceiverServerRatis (XceiverServerRatis.java:start(418)) - Starting XceiverServerRatis 923333b2-77ca-4b35-8a10-2f76fd49465e at port 0
2019-07-16 15:41:51,383 INFO  impl.RaftServerProxy (RaftServerProxy.java:lambda$start$3(299)) - 923333b2-77ca-4b35-8a10-2f76fd49465e: start RPC server
2019-07-16 15:41:51,384 INFO  server.GrpcService (GrpcService.java:startImpl(149)) - 923333b2-77ca-4b35-8a10-2f76fd49465e: GrpcService started, listening on 0.0.0.0/0.0.0.0:40565
2019-07-16 15:41:51,384 INFO  ratis.XceiverServerRatis (XceiverServerRatis.java:start(428)) - XceiverServerRatis 923333b2-77ca-4b35-8a10-2f76fd49465e is started using port 40565
2019-07-16 15:41:51,397 INFO  server.XceiverServerGrpc (XceiverServerGrpc.java:start(161)) - XceiverServerGrpc 923333b2-77ca-4b35-8a10-2f76fd49465e is started using port 37600
2019-07-16 15:41:52,034 INFO  net.NetworkTopology (NetworkTopologyImpl.java:add(110)) - Added a new node: /default-rack/192.168.69.88
2019-07-16 15:41:52,038 INFO  node.SCMNodeManager (SCMNodeManager.java:register(269)) - Registered Data node : e7960c47-8f9e-4a5b-a966-2b5bf1679925{ip: 192.168.69.88, host: trunk-nightly-kgw5x-1882989438, networkLocation: /default-rack, certSerialId: null}
2019-07-16 15:41:52,038 INFO  safemode.SCMSafeModeManager (DataNodeSafeModeRule.java:process(71)) - SCM in safe mode. 1 DataNodes registered, 1 required.
2019-07-16 15:41:52,041 INFO  safemode.SCMSafeModeManager (SCMSafeModeManager.java:validateSafeModeExitRules(177)) - ScmSafeModeManager, all rules are successfully validated
2019-07-16 15:41:52,041 INFO  safemode.SCMSafeModeManager (SCMSafeModeManager.java:exitSafeMode(193)) - SCM exiting safe mode.
2019-07-16 15:41:52,056 INFO  impl.RaftServerProxy (RaftServerProxy.java:addNew(89)) - e7960c47-8f9e-4a5b-a966-2b5bf1679925: addNew group-9D5AC3F141C4:[e7960c47-8f9e-4a5b-a966-2b5bf1679925:192.168.69.88:46587] returns group-9D5AC3F141C4:java.util.concurrent.CompletableFuture@3376cb80[Not completed]
2019-07-16 15:41:52,057 INFO  impl.RaftServerImpl (RaftServerImpl.java:<init>(93)) - e7960c47-8f9e-4a5b-a966-2b5bf1679925: new RaftServerImpl for group-9D5AC3F141C4:[e7960c47-8f9e-4a5b-a966-2b5bf1679925:192.168.69.88:46587] with ContainerStateMachine:uninitialized
2019-07-16 15:41:52,057 INFO  server.RaftServerConfigKeys (ConfUtils.java:logGet(43)) - raft.server.rpc.timeout.min = 5s (custom)
2019-07-16 15:41:52,057 INFO  server.RaftServerConfigKeys (ConfUtils.java:logGet(43)) - raft.server.rpc.timeout.max = 5200ms (custom)
2019-07-16 15:41:52,057 INFO  server.RaftServerConfigKeys (ConfUtils.java:logGet(43)) - raft.server.rpcslowness.timeout = 120s (custom)
2019-07-16 15:41:52,057 INFO  server.RaftServerConfigKeys (ConfUtils.java:logGet(43)) - raft.server.sleep.deviation.threshold = 300 (default)
2019-07-16 15:41:52,058 INFO  server.RaftServerConfigKeys (ConfUtils.java:logGet(43)) - raft.server.log.appender.install.snapshot.enabled = false (custom)
2019-07-16 15:41:52,058 INFO  impl.RaftServerImpl (ServerState.java:<init>(105)) - e7960c47-8f9e-4a5b-a966-2b5bf1679925:group-9D5AC3F141C4 ConfigurationManager, init=-1: [e7960c47-8f9e-4a5b-a966-2b5bf1679925:192.168.69.88:46587], old=null, confs=<EMPTY_MAP>
2019-07-16 15:41:52,058 INFO  server.RaftServerConfigKeys (ConfUtils.java:logGet(43)) - raft.server.storage.dir = [/workdir/hadoop-ozone/integration-test/target/test-dir/MiniOzoneClusterImpl-d0ea49d4-3ec4-4341-b33c-276464736bc4/datanode-0/data/ratis] (custom)
2019-07-16 15:41:52,060 INFO  storage.RaftStorageDirectory (RaftStorageDirectory.java:analyzeStorage(246)) - The storage directory /workdir/hadoop-ozone/integration-test/target/test-dir/MiniOzoneClusterImpl-d0ea49d4-3ec4-4341-b33c-276464736bc4/datanode-0/data/ratis/a0463d76-ea6a-46f8-8fa8-9d5ac3f141c4 does not exist. Creating ...
2019-07-16 15:41:52,074 INFO  storage.RaftStorageDirectory (RaftStorageDirectory.java:tryLock(328)) - Lock on /workdir/hadoop-ozone/integration-test/target/test-dir/MiniOzoneClusterImpl-d0ea49d4-3ec4-4341-b33c-276464736bc4/datanode-0/data/ratis/a0463d76-ea6a-46f8-8fa8-9d5ac3f141c4/in_use.lock acquired by nodename 18277@trunk-nightly-kgw5x-1882989438
2019-07-16 15:41:52,088 INFO  storage.RaftStorage (RaftStorage.java:format(72)) - Storage directory /workdir/hadoop-ozone/integration-test/target/test-dir/MiniOzoneClusterImpl-d0ea49d4-3ec4-4341-b33c-276464736bc4/datanode-0/data/ratis/a0463d76-ea6a-46f8-8fa8-9d5ac3f141c4 has been successfully formatted.
2019-07-16 15:41:52,089 INFO  ratis.ContainerStateMachine (ContainerStateMachine.java:loadSnapshot(200)) - group-9D5AC3F141C4: The snapshot info is null. Setting the last applied indexto:(t:0, i:~)
2019-07-16 15:41:52,089 INFO  server.RaftServerConfigKeys (ConfUtils.java:logGet(43)) - raft.server.leader.election.timeout = 120s (custom)
2019-07-16 15:41:52,089 INFO  server.RaftServerConfigKeys (ConfUtils.java:logGet(43)) - raft.server.log.use.memory = false (default)
2019-07-16 15:41:52,089 INFO  server.RaftServerConfigKeys (ConfUtils.java:logGet(43)) - raft.server.log.purge.gap = 1000000000 (custom)
2019-07-16 15:41:52,089 INFO  server.RaftServerConfigKeys (ConfUtils.java:logGet(43)) - raft.server.log.appender.buffer.byte-limit = 33554432 (custom)
2019-07-16 15:41:52,089 INFO  server.RaftServerConfigKeys (ConfUtils.java:logGet(43)) - raft.server.log.segment.size.max = 1048576 (custom)
2019-07-16 15:41:52,090 INFO  server.RaftServerConfigKeys (ConfUtils.java:logGet(43)) - raft.server.log.segment.cache.num.max = 2 (custom)
2019-07-16 15:41:52,090 INFO  segmented.SegmentedRaftLogWorker (SegmentedRaftLogWorker.java:<init>(172)) - new e7960c47-8f9e-4a5b-a966-2b5bf1679925-SegmentedRaftLogWorker:Storage Directory /workdir/hadoop-ozone/integration-test/target/test-dir/MiniOzoneClusterImpl-d0ea49d4-3ec4-4341-b33c-276464736bc4/datanode-0/data/ratis/a0463d76-ea6a-46f8-8fa8-9d5ac3f141c4 for RaftStorage:Storage Directory /workdir/hadoop-ozone/integration-test/target/test-dir/MiniOzoneClusterImpl-d0ea49d4-3ec4-4341-b33c-276464736bc4/datanode-0/data/ratis/a0463d76-ea6a-46f8-8fa8-9d5ac3f141c4
2019-07-16 15:41:52,090 INFO  server.RaftServerConfigKeys (ConfUtils.java:logGet(43)) - raft.server.log.queue.byte-limit = 2147483647 (custom)
2019-07-16 15:41:52,090 INFO  server.RaftServerConfigKeys (ConfUtils.java:logGet(43)) - raft.server.log.queue.element-limit = 1024 (custom)
2019-07-16 15:41:52,091 INFO  server.RaftServerConfigKeys (ConfUtils.java:logGet(43)) - raft.server.log.segment.size.max = 1048576 (custom)
2019-07-16 15:41:52,091 INFO  server.RaftServerConfigKeys (ConfUtils.java:logGet(43)) - raft.server.log.preallocated.size = 16384 (custom)
2019-07-16 15:41:52,091 INFO  server.RaftServerConfigKeys (ConfUtils.java:logGet(43)) - raft.server.log.write.buffer.size = 33554432 (custom)
2019-07-16 15:41:52,091 INFO  server.RaftServerConfigKeys (ConfUtils.java:logGet(43)) - raft.server.log.force.sync.num = 128 (default)
2019-07-16 15:41:52,091 INFO  server.RaftServerConfigKeys (ConfUtils.java:logGet(43)) - raft.server.log.statemachine.data.sync = true (default)
2019-07-16 15:41:52,091 INFO  server.RaftServerConfigKeys (ConfUtils.java:logGet(43)) - raft.server.log.statemachine.data.sync.timeout = 10s (default)
2019-07-16 15:41:52,092 INFO  server.RaftServerConfigKeys (ConfUtils.java:logGet(43)) - raft.server.log.statemachine.data.sync.timeout.retry = -1 (default)
2019-07-16 15:41:52,092 INFO  server.RaftServerConfigKeys (ConfUtils.java:logGet(43)) - raft.server.log.statemachine.data.caching.enabled = true (custom)
2019-07-16 15:41:52,092 INFO  segmented.SegmentedRaftLogWorker (SegmentedRaftLogWorker.java:lambda$new$0(132)) - e7960c47-8f9e-4a5b-a966-2b5bf1679925-SegmentedRaftLogWorker:Storage Directory /workdir/hadoop-ozone/integration-test/target/test-dir/MiniOzoneClusterImpl-d0ea49d4-3ec4-4341-b33c-276464736bc4/datanode-0/data/ratis/a0463d76-ea6a-46f8-8fa8-9d5ac3f141c4: flushIndex: setUnconditionally 0 -> -1
2019-07-16 15:41:52,093 INFO  server.RaftServerConfigKeys (ConfUtils.java:logGet(43)) - raft.server.snapshot.auto.trigger.enabled = true (custom)
2019-07-16 15:41:52,093 INFO  server.RaftServerConfigKeys (ConfUtils.java:logGet(43)) - raft.server.snapshot.auto.trigger.threshold = 10000 (custom)
2019-07-16 15:41:52,093 INFO  server.RaftServerConfigKeys (ConfUtils.java:logGet(43)) - raft.server.retrycache.expirytime = 600000ms (custom)
2019-07-16 15:41:52,094 INFO  impl.RaftServerImpl (RaftServerImpl.java:start(180)) - e7960c47-8f9e-4a5b-a966-2b5bf1679925: start group-9D5AC3F141C4
2019-07-16 15:41:52,094 INFO  impl.RaftServerImpl (RaftServerImpl.java:setRole(171)) - e7960c47-8f9e-4a5b-a966-2b5bf1679925:group-9D5AC3F141C4 changes role from null to FOLLOWER at term 0 for startAsFollower
2019-07-16 15:41:52,094 INFO  impl.RoleInfo (RoleInfo.java:updateAndGet(143)) - e7960c47-8f9e-4a5b-a966-2b5bf1679925: start FollowerState
2019-07-16 15:41:52,095 INFO  util.JmxRegister (JmxRegister.java:tryRegister(44)) - Successfully registered JMX Bean with object name Ratis:service=RaftServer,group=group-9D5AC3F141C4,id=e7960c47-8f9e-4a5b-a966-2b5bf1679925
2019-07-16 15:41:52,102 INFO  pipeline.PipelineStateManager (PipelineStateManager.java:addPipeline(56)) - Created pipeline Pipeline[ Id: a0463d76-ea6a-46f8-8fa8-9d5ac3f141c4, Nodes: e7960c47-8f9e-4a5b-a966-2b5bf1679925{ip: 192.168.69.88, host: trunk-nightly-kgw5x-1882989438, networkLocation: /default-rack, certSerialId: null}, Type:RATIS, Factor:ONE, State:OPEN]
2019-07-16 15:41:52,200 INFO  node.SCMNodeManager (SCMNodeManager.java:register(269)) - Registered Data node : f234ebe8-b51f-4c9e-910e-977eba04df35{ip: 192.168.69.88, host: trunk-nightly-kgw5x-1882989438, networkLocation: /default-rack, certSerialId: null}
2019-07-16 15:41:52,209 INFO  impl.RaftServerProxy (RaftServerProxy.java:addNew(89)) - f234ebe8-b51f-4c9e-910e-977eba04df35: addNew group-E904B9402CF3:[f234ebe8-b51f-4c9e-910e-977eba04df35:192.168.69.88:33397] returns group-E904B9402CF3:java.util.concurrent.CompletableFuture@3c95a083[Not completed]
2019-07-16 15:41:52,210 INFO  impl.RaftServerImpl (RaftServerImpl.java:<init>(93)) - f234ebe8-b51f-4c9e-910e-977eba04df35: new RaftServerImpl for group-E904B9402CF3:[f234ebe8-b51f-4c9e-910e-977eba04df35:192.168.69.88:33397] with ContainerStateMachine:uninitialized
2019-07-16 15:41:52,210 INFO  server.RaftServerConfigKeys (ConfUtils.java:logGet(43)) - raft.server.rpc.timeout.min = 5s (custom)
2019-07-16 15:41:52,210 INFO  server.RaftServerConfigKeys (ConfUtils.java:logGet(43)) - raft.server.rpc.timeout.max = 5200ms (custom)
2019-07-16 15:41:52,210 INFO  server.RaftServerConfigKeys (ConfUtils.java:logGet(43)) - raft.server.rpcslowness.timeout = 120s (custom)
2019-07-16 15:41:52,210 INFO  server.RaftServerConfigKeys (ConfUtils.java:logGet(43)) - raft.server.sleep.deviation.threshold = 300 (default)
2019-07-16 15:41:52,211 INFO  server.RaftServerConfigKeys (ConfUtils.java:logGet(43)) - raft.server.log.appender.install.snapshot.enabled = false (custom)
2019-07-16 15:41:52,211 INFO  impl.RaftServerImpl (ServerState.java:<init>(105)) - f234ebe8-b51f-4c9e-910e-977eba04df35:group-E904B9402CF3 ConfigurationManager, init=-1: [f234ebe8-b51f-4c9e-910e-977eba04df35:192.168.69.88:33397], old=null, confs=<EMPTY_MAP>
2019-07-16 15:41:52,211 INFO  server.RaftServerConfigKeys (ConfUtils.java:logGet(43)) - raft.server.storage.dir = [/workdir/hadoop-ozone/integration-test/target/test-dir/MiniOzoneClusterImpl-d0ea49d4-3ec4-4341-b33c-276464736bc4/datanode-1/data/ratis] (custom)
2019-07-16 15:41:52,211 INFO  storage.RaftStorageDirectory (RaftStorageDirectory.java:analyzeStorage(246)) - The storage directory /workdir/hadoop-ozone/integration-test/target/test-dir/MiniOzoneClusterImpl-d0ea49d4-3ec4-4341-b33c-276464736bc4/datanode-1/data/ratis/3f98f541-1f9c-4fdd-912e-e904b9402cf3 does not exist. Creating ...
2019-07-16 15:41:52,237 INFO  storage.RaftStorageDirectory (RaftStorageDirectory.java:tryLock(328)) - Lock on /workdir/hadoop-ozone/integration-test/target/test-dir/MiniOzoneClusterImpl-d0ea49d4-3ec4-4341-b33c-276464736bc4/datanode-1/data/ratis/3f98f541-1f9c-4fdd-912e-e904b9402cf3/in_use.lock acquired by nodename 18277@trunk-nightly-kgw5x-1882989438
2019-07-16 15:41:52,260 INFO  storage.RaftStorage (RaftStorage.java:format(72)) - Storage directory /workdir/hadoop-ozone/integration-test/target/test-dir/MiniOzoneClusterImpl-d0ea49d4-3ec4-4341-b33c-276464736bc4/datanode-1/data/ratis/3f98f541-1f9c-4fdd-912e-e904b9402cf3 has been successfully formatted.
2019-07-16 15:41:52,261 INFO  ratis.ContainerStateMachine (ContainerStateMachine.java:loadSnapshot(200)) - group-E904B9402CF3: The snapshot info is null. Setting the last applied indexto:(t:0, i:~)
2019-07-16 15:41:52,261 INFO  server.RaftServerConfigKeys (ConfUtils.java:logGet(43)) - raft.server.leader.election.timeout = 120s (custom)
2019-07-16 15:41:52,261 INFO  server.RaftServerConfigKeys (ConfUtils.java:logGet(43)) - raft.server.log.use.memory = false (default)
2019-07-16 15:41:52,261 INFO  server.RaftServerConfigKeys (ConfUtils.java:logGet(43)) - raft.server.log.purge.gap = 1000000000 (custom)
2019-07-16 15:41:52,261 INFO  server.RaftServerConfigKeys (ConfUtils.java:logGet(43)) - raft.server.log.appender.buffer.byte-limit = 33554432 (custom)
2019-07-16 15:41:52,261 INFO  server.RaftServerConfigKeys (ConfUtils.java:logGet(43)) - raft.server.log.segment.size.max = 1048576 (custom)
2019-07-16 15:41:52,262 INFO  server.RaftServerConfigKeys (ConfUtils.java:logGet(43)) - raft.server.log.segment.cache.num.max = 2 (custom)
2019-07-16 15:41:52,262 INFO  segmented.SegmentedRaftLogWorker (SegmentedRaftLogWorker.java:<init>(172)) - new f234ebe8-b51f-4c9e-910e-977eba04df35-SegmentedRaftLogWorker:Storage Directory /workdir/hadoop-ozone/integration-test/target/test-dir/MiniOzoneClusterImpl-d0ea49d4-3ec4-4341-b33c-276464736bc4/datanode-1/data/ratis/3f98f541-1f9c-4fdd-912e-e904b9402cf3 for RaftStorage:Storage Directory /workdir/hadoop-ozone/integration-test/target/test-dir/MiniOzoneClusterImpl-d0ea49d4-3ec4-4341-b33c-276464736bc4/datanode-1/data/ratis/3f98f541-1f9c-4fdd-912e-e904b9402cf3
2019-07-16 15:41:52,262 INFO  server.RaftServerConfigKeys (ConfUtils.java:logGet(43)) - raft.server.log.queue.byte-limit = 2147483647 (custom)
2019-07-16 15:41:52,262 INFO  server.RaftServerConfigKeys (ConfUtils.java:logGet(43)) - raft.server.log.queue.element-limit = 1024 (custom)
2019-07-16 15:41:52,262 INFO  server.RaftServerConfigKeys (ConfUtils.java:logGet(43)) - raft.server.log.segment.size.max = 1048576 (custom)
2019-07-16 15:41:52,262 INFO  server.RaftServerConfigKeys (ConfUtils.java:logGet(43)) - raft.server.log.preallocated.size = 16384 (custom)
2019-07-16 15:41:52,263 INFO  server.RaftServerConfigKeys (ConfUtils.java:logGet(43)) - raft.server.log.write.buffer.size = 33554432 (custom)
2019-07-16 15:41:52,263 INFO  server.RaftServerConfigKeys (ConfUtils.java:logGet(43)) - raft.server.log.force.sync.num = 128 (default)
2019-07-16 15:41:52,263 INFO  server.RaftServerConfigKeys (ConfUtils.java:logGet(43)) - raft.server.log.statemachine.data.sync = true (default)
2019-07-16 15:41:52,263 INFO  server.RaftServerConfigKeys (ConfUtils.java:logGet(43)) - raft.server.log.statemachine.data.sync.timeout = 10s (default)
2019-07-16 15:41:52,263 INFO  server.RaftServerConfigKeys (ConfUtils.java:logGet(43)) - raft.server.log.statemachine.data.sync.timeout.retry = -1 (default)
2019-07-16 15:41:52,263 INFO  server.RaftServerConfigKeys (ConfUtils.java:logGet(43)) - raft.server.log.statemachine.data.caching.enabled = true (custom)
2019-07-16 15:41:52,264 INFO  segmented.SegmentedRaftLogWorker (SegmentedRaftLogWorker.java:lambda$new$0(132)) - f234ebe8-b51f-4c9e-910e-977eba04df35-SegmentedRaftLogWorker:Storage Directory /workdir/hadoop-ozone/integration-test/target/test-dir/MiniOzoneClusterImpl-d0ea49d4-3ec4-4341-b33c-276464736bc4/datanode-1/data/ratis/3f98f541-1f9c-4fdd-912e-e904b9402cf3: flushIndex: setUnconditionally 0 -> -1
2019-07-16 15:41:52,264 INFO  server.RaftServerConfigKeys (ConfUtils.java:logGet(43)) - raft.server.snapshot.auto.trigger.enabled = true (custom)
2019-07-16 15:41:52,264 INFO  server.RaftServerConfigKeys (ConfUtils.java:logGet(43)) - raft.server.snapshot.auto.trigger.threshold = 10000 (custom)
2019-07-16 15:41:52,264 INFO  server.RaftServerConfigKeys (ConfUtils.java:logGet(43)) - raft.server.retrycache.expirytime = 600000ms (custom)
2019-07-16 15:41:52,265 INFO  impl.RaftServerImpl (RaftServerImpl.java:start(180)) - f234ebe8-b51f-4c9e-910e-977eba04df35: start group-E904B9402CF3
2019-07-16 15:41:52,265 INFO  impl.RaftServerImpl (RaftServerImpl.java:setRole(171)) - f234ebe8-b51f-4c9e-910e-977eba04df35:group-E904B9402CF3 changes role from null to FOLLOWER at term 0 for startAsFollower
2019-07-16 15:41:52,265 INFO  impl.RoleInfo (RoleInfo.java:updateAndGet(143)) - f234ebe8-b51f-4c9e-910e-977eba04df35: start FollowerState
2019-07-16 15:41:52,265 INFO  util.JmxRegister (JmxRegister.java:tryRegister(44)) - Successfully registered JMX Bean with object name Ratis:service=RaftServer,group=group-E904B9402CF3,id=f234ebe8-b51f-4c9e-910e-977eba04df35
2019-07-16 15:41:52,270 INFO  pipeline.PipelineStateManager (PipelineStateManager.java:addPipeline(56)) - Created pipeline Pipeline[ Id: 3f98f541-1f9c-4fdd-912e-e904b9402cf3, Nodes: f234ebe8-b51f-4c9e-910e-977eba04df35{ip: 192.168.69.88, host: trunk-nightly-kgw5x-1882989438, networkLocation: /default-rack, certSerialId: null}, Type:RATIS, Factor:ONE, State:OPEN]
2019-07-16 15:41:52,332 INFO  ozone.MiniOzoneClusterImpl (MiniOzoneClusterImpl.java:lambda$waitForClusterToBeReady$0(142)) - Waiting for cluster to be ready. Got 2 of 7 DN Heartbeats.
2019-07-16 15:41:52,402 INFO  node.SCMNodeManager (SCMNodeManager.java:register(269)) - Registered Data node : af18e082-789a-4136-9fd8-e6ee9c588402{ip: 192.168.69.88, host: trunk-nightly-kgw5x-1882989438, networkLocation: /default-rack, certSerialId: null}
2019-07-16 15:41:52,413 INFO  impl.RaftServerProxy (RaftServerProxy.java:addNew(89)) - af18e082-789a-4136-9fd8-e6ee9c588402: addNew group-0B5D3C32EC2A:[af18e082-789a-4136-9fd8-e6ee9c588402:192.168.69.88:40120] returns group-0B5D3C32EC2A:java.util.concurrent.CompletableFuture@4e4ed216[Not completed]
2019-07-16 15:41:52,414 INFO  impl.RaftServerImpl (RaftServerImpl.java:<init>(93)) - af18e082-789a-4136-9fd8-e6ee9c588402: new RaftServerImpl for group-0B5D3C32EC2A:[af18e082-789a-4136-9fd8-e6ee9c588402:192.168.69.88:40120] with ContainerStateMachine:uninitialized
2019-07-16 15:41:52,414 INFO  server.RaftServerConfigKeys (ConfUtils.java:logGet(43)) - raft.server.rpc.timeout.min = 5s (custom)
2019-07-16 15:41:52,414 INFO  server.RaftServerConfigKeys (ConfUtils.java:logGet(43)) - raft.server.rpc.timeout.max = 5200ms (custom)
2019-07-16 15:41:52,414 INFO  server.RaftServerConfigKeys (ConfUtils.java:logGet(43)) - raft.server.rpcslowness.timeout = 120s (custom)
2019-07-16 15:41:52,414 INFO  server.RaftServerConfigKeys (ConfUtils.java:logGet(43)) - raft.server.sleep.deviation.threshold = 300 (default)
2019-07-16 15:41:52,414 INFO  server.RaftServerConfigKeys (ConfUtils.java:logGet(43)) - raft.server.log.appender.install.snapshot.enabled = false (custom)
2019-07-16 15:41:52,414 INFO  impl.RaftServerImpl (ServerState.java:<init>(105)) - af18e082-789a-4136-9fd8-e6ee9c588402:group-0B5D3C32EC2A ConfigurationManager, init=-1: [af18e082-789a-4136-9fd8-e6ee9c588402:192.168.69.88:40120], old=null, confs=<EMPTY_MAP>
2019-07-16 15:41:52,414 INFO  server.RaftServerConfigKeys (ConfUtils.java:logGet(43)) - raft.server.storage.dir = [/workdir/hadoop-ozone/integration-test/target/test-dir/MiniOzoneClusterImpl-d0ea49d4-3ec4-4341-b33c-276464736bc4/datanode-2/data/ratis] (custom)
2019-07-16 15:41:52,415 INFO  storage.RaftStorageDirectory (RaftStorageDirectory.java:analyzeStorage(246)) - The storage directory /workdir/hadoop-ozone/integration-test/target/test-dir/MiniOzoneClusterImpl-d0ea49d4-3ec4-4341-b33c-276464736bc4/datanode-2/data/ratis/05b068e2-614d-403e-b5e2-0b5d3c32ec2a does not exist. Creating ...
2019-07-16 15:41:52,428 INFO  storage.RaftStorageDirectory (RaftStorageDirectory.java:tryLock(328)) - Lock on /workdir/hadoop-ozone/integration-test/target/test-dir/MiniOzoneClusterImpl-d0ea49d4-3ec4-4341-b33c-276464736bc4/datanode-2/data/ratis/05b068e2-614d-403e-b5e2-0b5d3c32ec2a/in_use.lock acquired by nodename 18277@trunk-nightly-kgw5x-1882989438
2019-07-16 15:41:52,474 INFO  storage.RaftStorage (RaftStorage.java:format(72)) - Storage directory /workdir/hadoop-ozone/integration-test/target/test-dir/MiniOzoneClusterImpl-d0ea49d4-3ec4-4341-b33c-276464736bc4/datanode-2/data/ratis/05b068e2-614d-403e-b5e2-0b5d3c32ec2a has been successfully formatted.
2019-07-16 15:41:52,474 INFO  ratis.ContainerStateMachine (ContainerStateMachine.java:loadSnapshot(200)) - group-0B5D3C32EC2A: The snapshot info is null. Setting the last applied indexto:(t:0, i:~)
2019-07-16 15:41:52,474 INFO  server.RaftServerConfigKeys (ConfUtils.java:logGet(43)) - raft.server.leader.election.timeout = 120s (custom)
2019-07-16 15:41:52,474 INFO  server.RaftServerConfigKeys (ConfUtils.java:logGet(43)) - raft.server.log.use.memory = false (default)
2019-07-16 15:41:52,475 INFO  server.RaftServerConfigKeys (ConfUtils.java:logGet(43)) - raft.server.log.purge.gap = 1000000000 (custom)
2019-07-16 15:41:52,475 INFO  server.RaftServerConfigKeys (ConfUtils.java:logGet(43)) - raft.server.log.appender.buffer.byte-limit = 33554432 (custom)
2019-07-16 15:41:52,475 INFO  server.RaftServerConfigKeys (ConfUtils.java:logGet(43)) - raft.server.log.segment.size.max = 1048576 (custom)
2019-07-16 15:41:52,475 INFO  server.RaftServerConfigKeys (ConfUtils.java:logGet(43)) - raft.server.log.segment.cache.num.max = 2 (custom)
2019-07-16 15:41:52,475 INFO  segmented.SegmentedRaftLogWorker (SegmentedRaftLogWorker.java:<init>(172)) - new af18e082-789a-4136-9fd8-e6ee9c588402-SegmentedRaftLogWorker:Storage Directory /workdir/hadoop-ozone/integration-test/target/test-dir/MiniOzoneClusterImpl-d0ea49d4-3ec4-4341-b33c-276464736bc4/datanode-2/data/ratis/05b068e2-614d-403e-b5e2-0b5d3c32ec2a for RaftStorage:Storage Directory /workdir/hadoop-ozone/integration-test/target/test-dir/MiniOzoneClusterImpl-d0ea49d4-3ec4-4341-b33c-276464736bc4/datanode-2/data/ratis/05b068e2-614d-403e-b5e2-0b5d3c32ec2a
2019-07-16 15:41:52,475 INFO  server.RaftServerConfigKeys (ConfUtils.java:logGet(43)) - raft.server.log.queue.byte-limit = 2147483647 (custom)
2019-07-16 15:41:52,476 INFO  server.RaftServerConfigKeys (ConfUtils.java:logGet(43)) - raft.server.log.queue.element-limit = 1024 (custom)
2019-07-16 15:41:52,476 INFO  server.RaftServerConfigKeys (ConfUtils.java:logGet(43)) - raft.server.log.segment.size.max = 1048576 (custom)
2019-07-16 15:41:52,476 INFO  server.RaftServerConfigKeys (ConfUtils.java:logGet(43)) - raft.server.log.preallocated.size = 16384 (custom)
2019-07-16 15:41:52,476 INFO  server.RaftServerConfigKeys (ConfUtils.java:logGet(43)) - raft.server.log.write.buffer.size = 33554432 (custom)
2019-07-16 15:41:52,476 INFO  server.RaftServerConfigKeys (ConfUtils.java:logGet(43)) - raft.server.log.force.sync.num = 128 (default)
2019-07-16 15:41:52,476 INFO  server.RaftServerConfigKeys (ConfUtils.java:logGet(43)) - raft.server.log.statemachine.data.sync = true (default)
2019-07-16 15:41:52,477 INFO  server.RaftServerConfigKeys (ConfUtils.java:logGet(43)) - raft.server.log.statemachine.data.sync.timeout = 10s (default)
2019-07-16 15:41:52,477 INFO  server.RaftServerConfigKeys (ConfUtils.java:logGet(43)) - raft.server.log.statemachine.data.sync.timeout.retry = -1 (default)
2019-07-16 15:41:52,477 INFO  server.RaftServerConfigKeys (ConfUtils.java:logGet(43)) - raft.server.log.statemachine.data.caching.enabled = true (custom)
2019-07-16 15:41:52,477 INFO  segmented.SegmentedRaftLogWorker (SegmentedRaftLogWorker.java:lambda$new$0(132)) - af18e082-789a-4136-9fd8-e6ee9c588402-SegmentedRaftLogWorker:Storage Directory /workdir/hadoop-ozone/integration-test/target/test-dir/MiniOzoneClusterImpl-d0ea49d4-3ec4-4341-b33c-276464736bc4/datanode-2/data/ratis/05b068e2-614d-403e-b5e2-0b5d3c32ec2a: flushIndex: setUnconditionally 0 -> -1
2019-07-16 15:41:52,478 INFO  server.RaftServerConfigKeys (ConfUtils.java:logGet(43)) - raft.server.snapshot.auto.trigger.enabled = true (custom)
2019-07-16 15:41:52,478 INFO  server.RaftServerConfigKeys (ConfUtils.java:logGet(43)) - raft.server.snapshot.auto.trigger.threshold = 10000 (custom)
2019-07-16 15:41:52,478 INFO  server.RaftServerConfigKeys (ConfUtils.java:logGet(43)) - raft.server.retrycache.expirytime = 600000ms (custom)
2019-07-16 15:41:52,478 INFO  impl.RaftServerImpl (RaftServerImpl.java:start(180)) - af18e082-789a-4136-9fd8-e6ee9c588402: start group-0B5D3C32EC2A
2019-07-16 15:41:52,478 INFO  impl.RaftServerImpl (RaftServerImpl.java:setRole(171)) - af18e082-789a-4136-9fd8-e6ee9c588402:group-0B5D3C32EC2A changes role from null to FOLLOWER at term 0 for startAsFollower
2019-07-16 15:41:52,479 INFO  impl.RoleInfo (RoleInfo.java:updateAndGet(143)) - af18e082-789a-4136-9fd8-e6ee9c588402: start FollowerState
2019-07-16 15:41:52,479 INFO  util.JmxRegister (JmxRegister.java:tryRegister(44)) - Successfully registered JMX Bean with object name Ratis:service=RaftServer,group=group-0B5D3C32EC2A,id=af18e082-789a-4136-9fd8-e6ee9c588402
2019-07-16 15:41:52,483 INFO  pipeline.PipelineStateManager (PipelineStateManager.java:addPipeline(56)) - Created pipeline Pipeline[ Id: 05b068e2-614d-403e-b5e2-0b5d3c32ec2a, Nodes: af18e082-789a-4136-9fd8-e6ee9c588402{ip: 192.168.69.88, host: trunk-nightly-kgw5x-1882989438, networkLocation: /default-rack, certSerialId: null}, Type:RATIS, Factor:ONE, State:OPEN]
2019-07-16 15:41:52,495 INFO  impl.RaftServerProxy (RaftServerProxy.java:addNew(89)) - af18e082-789a-4136-9fd8-e6ee9c588402: addNew group-1FF22355E4B8:[f234ebe8-b51f-4c9e-910e-977eba04df35:192.168.69.88:33397, af18e082-789a-4136-9fd8-e6ee9c588402:192.168.69.88:40120, e7960c47-8f9e-4a5b-a966-2b5bf1679925:192.168.69.88:46587] returns group-1FF22355E4B8:java.util.concurrent.CompletableFuture@42f95664[Not completed]
2019-07-16 15:41:52,495 INFO  impl.RaftServerProxy (RaftServerProxy.java:addNew(89)) - e7960c47-8f9e-4a5b-a966-2b5bf1679925: addNew group-1FF22355E4B8:[f234ebe8-b51f-4c9e-910e-977eba04df35:192.168.69.88:33397, af18e082-789a-4136-9fd8-e6ee9c588402:192.168.69.88:40120, e7960c47-8f9e-4a5b-a966-2b5bf1679925:192.168.69.88:46587] returns group-1FF22355E4B8:java.util.concurrent.CompletableFuture@70127170[Not completed]
2019-07-16 15:41:52,495 INFO  impl.RaftServerProxy (RaftServerProxy.java:addNew(89)) - f234ebe8-b51f-4c9e-910e-977eba04df35: addNew group-1FF22355E4B8:[f234ebe8-b51f-4c9e-910e-977eba04df35:192.168.69.88:33397, af18e082-789a-4136-9fd8-e6ee9c588402:192.168.69.88:40120, e7960c47-8f9e-4a5b-a966-2b5bf1679925:192.168.69.88:46587] returns group-1FF22355E4B8:java.util.concurrent.CompletableFuture@34ad77c1[Not completed]
2019-07-16 15:41:52,496 INFO  impl.RaftServerImpl (RaftServerImpl.java:<init>(93)) - af18e082-789a-4136-9fd8-e6ee9c588402: new RaftServerImpl for group-1FF22355E4B8:[f234ebe8-b51f-4c9e-910e-977eba04df35:192.168.69.88:33397, af18e082-789a-4136-9fd8-e6ee9c588402:192.168.69.88:40120, e7960c47-8f9e-4a5b-a966-2b5bf1679925:192.168.69.88:46587] with ContainerStateMachine:uninitialized
2019-07-16 15:41:52,496 INFO  server.RaftServerConfigKeys (ConfUtils.java:logGet(43)) - raft.server.rpc.timeout.min = 5s (custom)
2019-07-16 15:41:52,496 INFO  server.RaftServerConfigKeys (ConfUtils.java:logGet(43)) - raft.server.rpc.timeout.max = 5200ms (custom)
2019-07-16 15:41:52,496 INFO  server.RaftServerConfigKeys (ConfUtils.java:logGet(43)) - raft.server.rpcslowness.timeout = 120s (custom)
2019-07-16 15:41:52,497 INFO  impl.RaftServerImpl (RaftServerImpl.java:<init>(93)) - e7960c47-8f9e-4a5b-a966-2b5bf1679925: new RaftServerImpl for group-1FF22355E4B8:[f234ebe8-b51f-4c9e-910e-977eba04df35:192.168.69.88:33397, af18e082-789a-4136-9fd8-e6ee9c588402:192.168.69.88:40120, e7960c47-8f9e-4a5b-a966-2b5bf1679925:192.168.69.88:46587] with ContainerStateMachine:uninitialized
2019-07-16 15:41:52,497 INFO  server.RaftServerConfigKeys (ConfUtils.java:logGet(43)) - raft.server.sleep.deviation.threshold = 300 (default)
2019-07-16 15:41:52,497 INFO  server.RaftServerConfigKeys (ConfUtils.java:logGet(43)) - raft.server.rpc.timeout.min = 5s (custom)
2019-07-16 15:41:52,497 INFO  impl.RaftServerImpl (RaftServerImpl.java:<init>(93)) - f234ebe8-b51f-4c9e-910e-977eba04df35: new RaftServerImpl for group-1FF22355E4B8:[f234ebe8-b51f-4c9e-910e-977eba04df35:192.168.69.88:33397, af18e082-789a-4136-9fd8-e6ee9c588402:192.168.69.88:40120, e7960c47-8f9e-4a5b-a966-2b5bf1679925:192.168.69.88:46587] with ContainerStateMachine:uninitialized
2019-07-16 15:41:52,497 INFO  server.RaftServerConfigKeys (ConfUtils.java:logGet(43)) - raft.server.log.appender.install.snapshot.enabled = false (custom)
2019-07-16 15:41:52,497 INFO  server.RaftServerConfigKeys (ConfUtils.java:logGet(43)) - raft.server.rpc.timeout.min = 5s (custom)
2019-07-16 15:41:52,497 INFO  server.RaftServerConfigKeys (ConfUtils.java:logGet(43)) - raft.server.rpc.timeout.max = 5200ms (custom)
2019-07-16 15:41:52,497 INFO  server.RaftServerConfigKeys (ConfUtils.java:logGet(43)) - raft.server.rpc.timeout.max = 5200ms (custom)
2019-07-16 15:41:52,498 INFO  server.RaftServerConfigKeys (ConfUtils.java:logGet(43)) - raft.server.rpcslowness.timeout = 120s (custom)
2019-07-16 15:41:52,498 INFO  server.RaftServerConfigKeys (ConfUtils.java:logGet(43)) - raft.server.sleep.deviation.threshold = 300 (default)
2019-07-16 15:41:52,497 INFO  impl.RaftServerImpl (ServerState.java:<init>(105)) - af18e082-789a-4136-9fd8-e6ee9c588402:group-1FF22355E4B8 ConfigurationManager, init=-1: [f234ebe8-b51f-4c9e-910e-977eba04df35:192.168.69.88:33397, af18e082-789a-4136-9fd8-e6ee9c588402:192.168.69.88:40120, e7960c47-8f9e-4a5b-a966-2b5bf1679925:192.168.69.88:46587], old=null, confs=<EMPTY_MAP>
2019-07-16 15:41:52,498 INFO  server.RaftServerConfigKeys (ConfUtils.java:logGet(43)) - raft.server.log.appender.install.snapshot.enabled = false (custom)
2019-07-16 15:41:52,498 INFO  server.RaftServerConfigKeys (ConfUtils.java:logGet(43)) - raft.server.rpcslowness.timeout = 120s (custom)
2019-07-16 15:41:52,498 INFO  impl.RaftServerImpl (ServerState.java:<init>(105)) - f234ebe8-b51f-4c9e-910e-977eba04df35:group-1FF22355E4B8 ConfigurationManager, init=-1: [f234ebe8-b51f-4c9e-910e-977eba04df35:192.168.69.88:33397, af18e082-789a-4136-9fd8-e6ee9c588402:192.168.69.88:40120, e7960c47-8f9e-4a5b-a966-2b5bf1679925:192.168.69.88:46587], old=null, confs=<EMPTY_MAP>
2019-07-16 15:41:52,498 INFO  server.RaftServerConfigKeys (ConfUtils.java:logGet(43)) - raft.server.storage.dir = [/workdir/hadoop-ozone/integration-test/target/test-dir/MiniOzoneClusterImpl-d0ea49d4-3ec4-4341-b33c-276464736bc4/datanode-2/data/ratis] (custom)
2019-07-16 15:41:52,498 INFO  server.RaftServerConfigKeys (ConfUtils.java:logGet(43)) - raft.server.storage.dir = [/workdir/hadoop-ozone/integration-test/target/test-dir/MiniOzoneClusterImpl-d0ea49d4-3ec4-4341-b33c-276464736bc4/datanode-1/data/ratis] (custom)
2019-07-16 15:41:52,498 INFO  server.RaftServerConfigKeys (ConfUtils.java:logGet(43)) - raft.server.sleep.deviation.threshold = 300 (default)
2019-07-16 15:41:52,499 INFO  storage.RaftStorageDirectory (RaftStorageDirectory.java:analyzeStorage(246)) - The storage directory /workdir/hadoop-ozone/integration-test/target/test-dir/MiniOzoneClusterImpl-d0ea49d4-3ec4-4341-b33c-276464736bc4/datanode-2/data/ratis/739d21b4-988a-413d-80e1-1ff22355e4b8 does not exist. Creating ...
2019-07-16 15:41:52,499 INFO  server.RaftServerConfigKeys (ConfUtils.java:logGet(43)) - raft.server.log.appender.install.snapshot.enabled = false (custom)
2019-07-16 15:41:52,499 INFO  storage.RaftStorageDirectory (RaftStorageDirectory.java:analyzeStorage(246)) - The storage directory /workdir/hadoop-ozone/integration-test/target/test-dir/MiniOzoneClusterImpl-d0ea49d4-3ec4-4341-b33c-276464736bc4/datanode-1/data/ratis/739d21b4-988a-413d-80e1-1ff22355e4b8 does not exist. Creating ...
2019-07-16 15:41:52,499 INFO  impl.RaftServerImpl (ServerState.java:<init>(105)) - e7960c47-8f9e-4a5b-a966-2b5bf1679925:group-1FF22355E4B8 ConfigurationManager, init=-1: [f234ebe8-b51f-4c9e-910e-977eba04df35:192.168.69.88:33397, af18e082-789a-4136-9fd8-e6ee9c588402:192.168.69.88:40120, e7960c47-8f9e-4a5b-a966-2b5bf1679925:192.168.69.88:46587], old=null, confs=<EMPTY_MAP>
2019-07-16 15:41:52,499 INFO  server.RaftServerConfigKeys (ConfUtils.java:logGet(43)) - raft.server.storage.dir = [/workdir/hadoop-ozone/integration-test/target/test-dir/MiniOzoneClusterImpl-d0ea49d4-3ec4-4341-b33c-276464736bc4/datanode-0/data/ratis] (custom)
2019-07-16 15:41:52,500 INFO  storage.RaftStorageDirectory (RaftStorageDirectory.java:analyzeStorage(246)) - The storage directory /workdir/hadoop-ozone/integration-test/target/test-dir/MiniOzoneClusterImpl-d0ea49d4-3ec4-4341-b33c-276464736bc4/datanode-0/data/ratis/739d21b4-988a-413d-80e1-1ff22355e4b8 does not exist. Creating ...
2019-07-16 15:41:52,525 INFO  storage.RaftStorageDirectory (RaftStorageDirectory.java:tryLock(328)) - Lock on /workdir/hadoop-ozone/integration-test/target/test-dir/MiniOzoneClusterImpl-d0ea49d4-3ec4-4341-b33c-276464736bc4/datanode-1/data/ratis/739d21b4-988a-413d-80e1-1ff22355e4b8/in_use.lock acquired by nodename 18277@trunk-nightly-kgw5x-1882989438
2019-07-16 15:41:52,525 INFO  storage.RaftStorageDirectory (RaftStorageDirectory.java:tryLock(328)) - Lock on /workdir/hadoop-ozone/integration-test/target/test-dir/MiniOzoneClusterImpl-d0ea49d4-3ec4-4341-b33c-276464736bc4/datanode-0/data/ratis/739d21b4-988a-413d-80e1-1ff22355e4b8/in_use.lock acquired by nodename 18277@trunk-nightly-kgw5x-1882989438
2019-07-16 15:41:52,525 INFO  storage.RaftStorageDirectory (RaftStorageDirectory.java:tryLock(328)) - Lock on /workdir/hadoop-ozone/integration-test/target/test-dir/MiniOzoneClusterImpl-d0ea49d4-3ec4-4341-b33c-276464736bc4/datanode-2/data/ratis/739d21b4-988a-413d-80e1-1ff22355e4b8/in_use.lock acquired by nodename 18277@trunk-nightly-kgw5x-1882989438
2019-07-16 15:41:52,551 INFO  storage.RaftStorage (RaftStorage.java:format(72)) - Storage directory /workdir/hadoop-ozone/integration-test/target/test-dir/MiniOzoneClusterImpl-d0ea49d4-3ec4-4341-b33c-276464736bc4/datanode-2/data/ratis/739d21b4-988a-413d-80e1-1ff22355e4b8 has been successfully formatted.
2019-07-16 15:41:52,551 INFO  storage.RaftStorage (RaftStorage.java:format(72)) - Storage directory /workdir/hadoop-ozone/integration-test/target/test-dir/MiniOzoneClusterImpl-d0ea49d4-3ec4-4341-b33c-276464736bc4/datanode-0/data/ratis/739d21b4-988a-413d-80e1-1ff22355e4b8 has been successfully formatted.
2019-07-16 15:41:52,551 INFO  storage.RaftStorage (RaftStorage.java:format(72)) - Storage directory /workdir/hadoop-ozone/integration-test/target/test-dir/MiniOzoneClusterImpl-d0ea49d4-3ec4-4341-b33c-276464736bc4/datanode-1/data/ratis/739d21b4-988a-413d-80e1-1ff22355e4b8 has been successfully formatted.
2019-07-16 15:41:52,551 INFO  ratis.ContainerStateMachine (ContainerStateMachine.java:loadSnapshot(200)) - group-1FF22355E4B8: The snapshot info is null. Setting the last applied indexto:(t:0, i:~)
2019-07-16 15:41:52,552 INFO  ratis.ContainerStateMachine (ContainerStateMachine.java:loadSnapshot(200)) - group-1FF22355E4B8: The snapshot info is null. Setting the last applied indexto:(t:0, i:~)
2019-07-16 15:41:52,551 INFO  ratis.ContainerStateMachine (ContainerStateMachine.java:loadSnapshot(200)) - group-1FF22355E4B8: The snapshot info is null. Setting the last applied indexto:(t:0, i:~)
2019-07-16 15:41:52,552 INFO  server.RaftServerConfigKeys (ConfUtils.java:logGet(43)) - raft.server.leader.election.timeout = 120s (custom)
2019-07-16 15:41:52,552 INFO  server.RaftServerConfigKeys (ConfUtils.java:logGet(43)) - raft.server.leader.election.timeout = 120s (custom)
2019-07-16 15:41:52,552 INFO  server.RaftServerConfigKeys (ConfUtils.java:logGet(43)) - raft.server.log.use.memory = false (default)
2019-07-16 15:41:52,552 INFO  server.RaftServerConfigKeys (ConfUtils.java:logGet(43)) - raft.server.leader.election.timeout = 120s (custom)
2019-07-16 15:41:52,552 INFO  server.RaftServerConfigKeys (ConfUtils.java:logGet(43)) - raft.server.log.purge.gap = 1000000000 (custom)
2019-07-16 15:41:52,553 INFO  server.RaftServerConfigKeys (ConfUtils.java:logGet(43)) - raft.server.log.appender.buffer.byte-limit = 33554432 (custom)
2019-07-16 15:41:52,552 INFO  server.RaftServerConfigKeys (ConfUtils.java:logGet(43)) - raft.server.log.use.memory = false (default)
2019-07-16 15:41:52,553 INFO  server.RaftServerConfigKeys (ConfUtils.java:logGet(43)) - raft.server.log.segment.size.max = 1048576 (custom)
2019-07-16 15:41:52,552 INFO  server.RaftServerConfigKeys (ConfUtils.java:logGet(43)) - raft.server.log.use.memory = false (default)
2019-07-16 15:41:52,553 INFO  server.RaftServerConfigKeys (ConfUtils.java:logGet(43)) - raft.server.log.segment.cache.num.max = 2 (custom)
2019-07-16 15:41:52,553 INFO  server.RaftServerConfigKeys (ConfUtils.java:logGet(43)) - raft.server.log.purge.gap = 1000000000 (custom)
2019-07-16 15:41:52,553 INFO  segmented.SegmentedRaftLogWorker (SegmentedRaftLogWorker.java:<init>(172)) - new f234ebe8-b51f-4c9e-910e-977eba04df35-SegmentedRaftLogWorker:Storage Directory /workdir/hadoop-ozone/integration-test/target/test-dir/MiniOzoneClusterImpl-d0ea49d4-3ec4-4341-b33c-276464736bc4/datanode-1/data/ratis/739d21b4-988a-413d-80e1-1ff22355e4b8 for RaftStorage:Storage Directory /workdir/hadoop-ozone/integration-test/target/test-dir/MiniOzoneClusterImpl-d0ea49d4-3ec4-4341-b33c-276464736bc4/datanode-1/data/ratis/739d21b4-988a-413d-80e1-1ff22355e4b8
2019-07-16 15:41:52,553 INFO  server.RaftServerConfigKeys (ConfUtils.java:logGet(43)) - raft.server.log.purge.gap = 1000000000 (custom)
2019-07-16 15:41:52,554 INFO  server.RaftServerConfigKeys (ConfUtils.java:logGet(43)) - raft.server.log.queue.byte-limit = 2147483647 (custom)
2019-07-16 15:41:52,554 INFO  server.RaftServerConfigKeys (ConfUtils.java:logGet(43)) - raft.server.log.appender.buffer.byte-limit = 33554432 (custom)
2019-07-16 15:41:52,554 INFO  server.RaftServerConfigKeys (ConfUtils.java:logGet(43)) - raft.server.log.queue.element-limit = 1024 (custom)
2019-07-16 15:41:52,554 INFO  server.RaftServerConfigKeys (ConfUtils.java:logGet(43)) - raft.server.log.appender.buffer.byte-limit = 33554432 (custom)
2019-07-16 15:41:52,554 INFO  server.RaftServerConfigKeys (ConfUtils.java:logGet(43)) - raft.server.log.segment.size.max = 1048576 (custom)
2019-07-16 15:41:52,554 INFO  server.RaftServerConfigKeys (ConfUtils.java:logGet(43)) - raft.server.log.segment.size.max = 1048576 (custom)
2019-07-16 15:41:52,555 INFO  server.RaftServerConfigKeys (ConfUtils.java:logGet(43)) - raft.server.log.preallocated.size = 16384 (custom)
2019-07-16 15:41:52,555 INFO  server.RaftServerConfigKeys (ConfUtils.java:logGet(43)) - raft.server.log.segment.size.max = 1048576 (custom)
2019-07-16 15:41:52,555 INFO  server.RaftServerConfigKeys (ConfUtils.java:logGet(43)) - raft.server.log.write.buffer.size = 33554432 (custom)
2019-07-16 15:41:52,555 INFO  server.RaftServerConfigKeys (ConfUtils.java:logGet(43)) - raft.server.log.force.sync.num = 128 (default)
2019-07-16 15:41:52,555 INFO  server.RaftServerConfigKeys (ConfUtils.java:logGet(43)) - raft.server.log.segment.cache.num.max = 2 (custom)
2019-07-16 15:41:52,555 INFO  server.RaftServerConfigKeys (ConfUtils.java:logGet(43)) - raft.server.log.statemachine.data.sync = true (default)
2019-07-16 15:41:52,556 INFO  server.RaftServerConfigKeys (ConfUtils.java:logGet(43)) - raft.server.log.statemachine.data.sync.timeout = 10s (default)
2019-07-16 15:41:52,555 INFO  server.RaftServerConfigKeys (ConfUtils.java:logGet(43)) - raft.server.log.segment.cache.num.max = 2 (custom)
2019-07-16 15:41:52,556 INFO  server.RaftServerConfigKeys (ConfUtils.java:logGet(43)) - raft.server.log.statemachine.data.sync.timeout.retry = -1 (default)
2019-07-16 15:41:52,556 INFO  segmented.SegmentedRaftLogWorker (SegmentedRaftLogWorker.java:<init>(172)) - new af18e082-789a-4136-9fd8-e6ee9c588402-SegmentedRaftLogWorker:Storage Directory /workdir/hadoop-ozone/integration-test/target/test-dir/MiniOzoneClusterImpl-d0ea49d4-3ec4-4341-b33c-276464736bc4/datanode-2/data/ratis/739d21b4-988a-413d-80e1-1ff22355e4b8 for RaftStorage:Storage Directory /workdir/hadoop-ozone/integration-test/target/test-dir/MiniOzoneClusterImpl-d0ea49d4-3ec4-4341-b33c-276464736bc4/datanode-2/data/ratis/739d21b4-988a-413d-80e1-1ff22355e4b8
2019-07-16 15:41:52,556 INFO  server.RaftServerConfigKeys (ConfUtils.java:logGet(43)) - raft.server.log.statemachine.data.caching.enabled = true (custom)
2019-07-16 15:41:52,556 INFO  segmented.SegmentedRaftLogWorker (SegmentedRaftLogWorker.java:<init>(172)) - new e7960c47-8f9e-4a5b-a966-2b5bf1679925-SegmentedRaftLogWorker:Storage Directory /workdir/hadoop-ozone/integration-test/target/test-dir/MiniOzoneClusterImpl-d0ea49d4-3ec4-4341-b33c-276464736bc4/datanode-0/data/ratis/739d21b4-988a-413d-80e1-1ff22355e4b8 for RaftStorage:Storage Directory /workdir/hadoop-ozone/integration-test/target/test-dir/MiniOzoneClusterImpl-d0ea49d4-3ec4-4341-b33c-276464736bc4/datanode-0/data/ratis/739d21b4-988a-413d-80e1-1ff22355e4b8
2019-07-16 15:41:52,557 INFO  server.RaftServerConfigKeys (ConfUtils.java:logGet(43)) - raft.server.log.queue.byte-limit = 2147483647 (custom)
2019-07-16 15:41:52,557 INFO  segmented.SegmentedRaftLogWorker (SegmentedRaftLogWorker.java:lambda$new$0(132)) - f234ebe8-b51f-4c9e-910e-977eba04df35-SegmentedRaftLogWorker:Storage Directory /workdir/hadoop-ozone/integration-test/target/test-dir/MiniOzoneClusterImpl-d0ea49d4-3ec4-4341-b33c-276464736bc4/datanode-1/data/ratis/739d21b4-988a-413d-80e1-1ff22355e4b8: flushIndex: setUnconditionally 0 -> -1
2019-07-16 15:41:52,557 INFO  server.RaftServerConfigKeys (ConfUtils.java:logGet(43)) - raft.server.log.queue.byte-limit = 2147483647 (custom)
2019-07-16 15:41:52,557 INFO  server.RaftServerConfigKeys (ConfUtils.java:logGet(43)) - raft.server.snapshot.auto.trigger.enabled = true (custom)
2019-07-16 15:41:52,557 INFO  server.RaftServerConfigKeys (ConfUtils.java:logGet(43)) - raft.server.log.queue.element-limit = 1024 (custom)
2019-07-16 15:41:52,558 INFO  server.RaftServerConfigKeys (ConfUtils.java:logGet(43)) - raft.server.snapshot.auto.trigger.threshold = 10000 (custom)
2019-07-16 15:41:52,557 INFO  server.RaftServerConfigKeys (ConfUtils.java:logGet(43)) - raft.server.log.queue.element-limit = 1024 (custom)
2019-07-16 15:41:52,558 INFO  server.RaftServerConfigKeys (ConfUtils.java:logGet(43)) - raft.server.retrycache.expirytime = 600000ms (custom)
2019-07-16 15:41:52,558 INFO  server.RaftServerConfigKeys (ConfUtils.java:logGet(43)) - raft.server.log.segment.size.max = 1048576 (custom)
2019-07-16 15:41:52,558 INFO  impl.RaftServerImpl (RaftServerImpl.java:start(180)) - f234ebe8-b51f-4c9e-910e-977eba04df35: start group-1FF22355E4B8
2019-07-16 15:41:52,558 INFO  server.RaftServerConfigKeys (ConfUtils.java:logGet(43)) - raft.server.log.segment.size.max = 1048576 (custom)
2019-07-16 15:41:52,558 INFO  impl.RaftServerImpl (RaftServerImpl.java:setRole(171)) - f234ebe8-b51f-4c9e-910e-977eba04df35:group-1FF22355E4B8 changes role from null to FOLLOWER at term 0 for startAsFollower
2019-07-16 15:41:52,558 INFO  server.RaftServerConfigKeys (ConfUtils.java:logGet(43)) - raft.server.log.preallocated.size = 16384 (custom)
2019-07-16 15:41:52,559 INFO  impl.RoleInfo (RoleInfo.java:updateAndGet(143)) - f234ebe8-b51f-4c9e-910e-977eba04df35: start FollowerState
2019-07-16 15:41:52,559 INFO  server.RaftServerConfigKeys (ConfUtils.java:logGet(43)) - raft.server.log.preallocated.size = 16384 (custom)
2019-07-16 15:41:52,559 INFO  server.RaftServerConfigKeys (ConfUtils.java:logGet(43)) - raft.server.log.write.buffer.size = 33554432 (custom)
2019-07-16 15:41:52,559 INFO  util.JmxRegister (JmxRegister.java:tryRegister(44)) - Successfully registered JMX Bean with object name Ratis:service=RaftServer,group=group-1FF22355E4B8,id=f234ebe8-b51f-4c9e-910e-977eba04df35
2019-07-16 15:41:52,559 INFO  server.RaftServerConfigKeys (ConfUtils.java:logGet(43)) - raft.server.log.force.sync.num = 128 (default)
2019-07-16 15:41:52,560 INFO  server.RaftServerConfigKeys (ConfUtils.java:logGet(43)) - raft.server.log.statemachine.data.sync = true (default)
2019-07-16 15:41:52,559 INFO  server.RaftServerConfigKeys (ConfUtils.java:logGet(43)) - raft.server.log.write.buffer.size = 33554432 (custom)
2019-07-16 15:41:52,560 INFO  server.RaftServerConfigKeys (ConfUtils.java:logGet(43)) - raft.server.log.statemachine.data.sync.timeout = 10s (default)
2019-07-16 15:41:52,560 INFO  server.RaftServerConfigKeys (ConfUtils.java:logGet(43)) - raft.server.log.force.sync.num = 128 (default)
2019-07-16 15:41:52,560 INFO  server.RaftServerConfigKeys (ConfUtils.java:logGet(43)) - raft.server.log.statemachine.data.sync.timeout.retry = -1 (default)
2019-07-16 15:41:52,560 INFO  server.RaftServerConfigKeys (ConfUtils.java:logGet(43)) - raft.server.log.statemachine.data.sync = true (default)
2019-07-16 15:41:52,561 INFO  server.RaftServerConfigKeys (ConfUtils.java:logGet(43)) - raft.server.log.statemachine.data.caching.enabled = true (custom)
2019-07-16 15:41:52,561 INFO  server.RaftServerConfigKeys (ConfUtils.java:logGet(43)) - raft.server.log.statemachine.data.sync.timeout = 10s (default)
2019-07-16 15:41:52,564 INFO  segmented.SegmentedRaftLogWorker (SegmentedRaftLogWorker.java:lambda$new$0(132)) - af18e082-789a-4136-9fd8-e6ee9c588402-SegmentedRaftLogWorker:Storage Directory /workdir/hadoop-ozone/integration-test/target/test-dir/MiniOzoneClusterImpl-d0ea49d4-3ec4-4341-b33c-276464736bc4/datanode-2/data/ratis/739d21b4-988a-413d-80e1-1ff22355e4b8: flushIndex: setUnconditionally 0 -> -1
2019-07-16 15:41:52,564 INFO  server.RaftServerConfigKeys (ConfUtils.java:logGet(43)) - raft.server.log.statemachine.data.sync.timeout.retry = -1 (default)
2019-07-16 15:41:52,564 INFO  server.RaftServerConfigKeys (ConfUtils.java:logGet(43)) - raft.server.snapshot.auto.trigger.enabled = true (custom)
2019-07-16 15:41:52,564 INFO  node.SCMNodeManager (SCMNodeManager.java:register(269)) - Registered Data node : 50cd2cc6-2eab-4672-88f1-28c6d10bd0d3{ip: 192.168.69.88, host: trunk-nightly-kgw5x-1882989438, networkLocation: /default-rack, certSerialId: null}
2019-07-16 15:41:52,564 INFO  server.RaftServerConfigKeys (ConfUtils.java:logGet(43)) - raft.server.log.statemachine.data.caching.enabled = true (custom)
2019-07-16 15:41:52,564 INFO  server.RaftServerConfigKeys (ConfUtils.java:logGet(43)) - raft.server.snapshot.auto.trigger.threshold = 10000 (custom)
2019-07-16 15:41:52,565 INFO  segmented.SegmentedRaftLogWorker (SegmentedRaftLogWorker.java:lambda$new$0(132)) - e7960c47-8f9e-4a5b-a966-2b5bf1679925-SegmentedRaftLogWorker:Storage Directory /workdir/hadoop-ozone/integration-test/target/test-dir/MiniOzoneClusterImpl-d0ea49d4-3ec4-4341-b33c-276464736bc4/datanode-0/data/ratis/739d21b4-988a-413d-80e1-1ff22355e4b8: flushIndex: setUnconditionally 0 -> -1
2019-07-16 15:41:52,565 INFO  server.RaftServerConfigKeys (ConfUtils.java:logGet(43)) - raft.server.retrycache.expirytime = 600000ms (custom)
2019-07-16 15:41:52,565 INFO  impl.RaftServerImpl (RaftServerImpl.java:start(180)) - af18e082-789a-4136-9fd8-e6ee9c588402: start group-1FF22355E4B8
2019-07-16 15:41:52,565 INFO  server.RaftServerConfigKeys (ConfUtils.java:logGet(43)) - raft.server.snapshot.auto.trigger.enabled = true (custom)
2019-07-16 15:41:52,565 INFO  impl.RaftServerImpl (RaftServerImpl.java:setRole(171)) - af18e082-789a-4136-9fd8-e6ee9c588402:group-1FF22355E4B8 changes role from null to FOLLOWER at term 0 for startAsFollower
2019-07-16 15:41:52,566 INFO  server.RaftServerConfigKeys (ConfUtils.java:logGet(43)) - raft.server.snapshot.auto.trigger.threshold = 10000 (custom)
2019-07-16 15:41:52,566 INFO  impl.RoleInfo (RoleInfo.java:updateAndGet(143)) - af18e082-789a-4136-9fd8-e6ee9c588402: start FollowerState
2019-07-16 15:41:52,566 INFO  server.RaftServerConfigKeys (ConfUtils.java:logGet(43)) - raft.server.retrycache.expirytime = 600000ms (custom)
2019-07-16 15:41:52,566 INFO  impl.RaftServerImpl (RaftServerImpl.java:start(180)) - e7960c47-8f9e-4a5b-a966-2b5bf1679925: start group-1FF22355E4B8
2019-07-16 15:41:52,566 INFO  util.JmxRegister (JmxRegister.java:tryRegister(44)) - Successfully registered JMX Bean with object name Ratis:service=RaftServer,group=group-1FF22355E4B8,id=af18e082-789a-4136-9fd8-e6ee9c588402
2019-07-16 15:41:52,566 INFO  impl.RaftServerImpl (RaftServerImpl.java:setRole(171)) - e7960c47-8f9e-4a5b-a966-2b5bf1679925:group-1FF22355E4B8 changes role from null to FOLLOWER at term 0 for startAsFollower
2019-07-16 15:41:52,567 INFO  impl.RoleInfo (RoleInfo.java:updateAndGet(143)) - e7960c47-8f9e-4a5b-a966-2b5bf1679925: start FollowerState
2019-07-16 15:41:52,567 INFO  util.JmxRegister (JmxRegister.java:tryRegister(44)) - Successfully registered JMX Bean with object name Ratis:service=RaftServer,group=group-1FF22355E4B8,id=e7960c47-8f9e-4a5b-a966-2b5bf1679925
2019-07-16 15:41:52,574 INFO  pipeline.PipelineStateManager (PipelineStateManager.java:addPipeline(56)) - Created pipeline Pipeline[ Id: 739d21b4-988a-413d-80e1-1ff22355e4b8, Nodes: af18e082-789a-4136-9fd8-e6ee9c588402{ip: 192.168.69.88, host: trunk-nightly-kgw5x-1882989438, networkLocation: /default-rack, certSerialId: null}e7960c47-8f9e-4a5b-a966-2b5bf1679925{ip: 192.168.69.88, host: trunk-nightly-kgw5x-1882989438, networkLocation: /default-rack, certSerialId: null}f234ebe8-b51f-4c9e-910e-977eba04df35{ip: 192.168.69.88, host: trunk-nightly-kgw5x-1882989438, networkLocation: /default-rack, certSerialId: null}, Type:RATIS, Factor:THREE, State:OPEN]
2019-07-16 15:41:52,760 INFO  node.SCMNodeManager (SCMNodeManager.java:register(269)) - Registered Data node : c9bb5354-5abf-405d-b889-0b02555d43bf{ip: 192.168.69.88, host: trunk-nightly-kgw5x-1882989438, networkLocation: /default-rack, certSerialId: null}
2019-07-16 15:41:52,781 INFO  impl.RaftServerProxy (RaftServerProxy.java:addNew(89)) - c9bb5354-5abf-405d-b889-0b02555d43bf: addNew group-214E94180942:[c9bb5354-5abf-405d-b889-0b02555d43bf:192.168.69.88:45668] returns group-214E94180942:java.util.concurrent.CompletableFuture@33c58c2b[Not completed]
2019-07-16 15:41:52,782 INFO  impl.RaftServerImpl (RaftServerImpl.java:<init>(93)) - c9bb5354-5abf-405d-b889-0b02555d43bf: new RaftServerImpl for group-214E94180942:[c9bb5354-5abf-405d-b889-0b02555d43bf:192.168.69.88:45668] with ContainerStateMachine:uninitialized
2019-07-16 15:41:52,782 INFO  server.RaftServerConfigKeys (ConfUtils.java:logGet(43)) - raft.server.rpc.timeout.min = 5s (custom)
2019-07-16 15:41:52,783 INFO  server.RaftServerConfigKeys (ConfUtils.java:logGet(43)) - raft.server.rpc.timeout.max = 5200ms (custom)
2019-07-16 15:41:52,783 INFO  server.RaftServerConfigKeys (ConfUtils.java:logGet(43)) - raft.server.rpcslowness.timeout = 120s (custom)
2019-07-16 15:41:52,783 INFO  server.RaftServerConfigKeys (ConfUtils.java:logGet(43)) - raft.server.sleep.deviation.threshold = 300 (default)
2019-07-16 15:41:52,783 INFO  server.RaftServerConfigKeys (ConfUtils.java:logGet(43)) - raft.server.log.appender.install.snapshot.enabled = false (custom)
2019-07-16 15:41:52,783 INFO  impl.RaftServerImpl (ServerState.java:<init>(105)) - c9bb5354-5abf-405d-b889-0b02555d43bf:group-214E94180942 ConfigurationManager, init=-1: [c9bb5354-5abf-405d-b889-0b02555d43bf:192.168.69.88:45668], old=null, confs=<EMPTY_MAP>
2019-07-16 15:41:52,783 INFO  server.RaftServerConfigKeys (ConfUtils.java:logGet(43)) - raft.server.storage.dir = [/workdir/hadoop-ozone/integration-test/target/test-dir/MiniOzoneClusterImpl-d0ea49d4-3ec4-4341-b33c-276464736bc4/datanode-4/data/ratis] (custom)
2019-07-16 15:41:52,784 INFO  storage.RaftStorageDirectory (RaftStorageDirectory.java:analyzeStorage(246)) - The storage directory /workdir/hadoop-ozone/integration-test/target/test-dir/MiniOzoneClusterImpl-d0ea49d4-3ec4-4341-b33c-276464736bc4/datanode-4/data/ratis/ac50d4fb-0201-48ae-8f87-214e94180942 does not exist. Creating ...
2019-07-16 15:41:52,805 INFO  storage.RaftStorageDirectory (RaftStorageDirectory.java:tryLock(328)) - Lock on /workdir/hadoop-ozone/integration-test/target/test-dir/MiniOzoneClusterImpl-d0ea49d4-3ec4-4341-b33c-276464736bc4/datanode-4/data/ratis/ac50d4fb-0201-48ae-8f87-214e94180942/in_use.lock acquired by nodename 18277@trunk-nightly-kgw5x-1882989438
2019-07-16 15:41:52,818 INFO  storage.RaftStorage (RaftStorage.java:format(72)) - Storage directory /workdir/hadoop-ozone/integration-test/target/test-dir/MiniOzoneClusterImpl-d0ea49d4-3ec4-4341-b33c-276464736bc4/datanode-4/data/ratis/ac50d4fb-0201-48ae-8f87-214e94180942 has been successfully formatted.
2019-07-16 15:41:52,819 INFO  ratis.ContainerStateMachine (ContainerStateMachine.java:loadSnapshot(200)) - group-214E94180942: The snapshot info is null. Setting the last applied indexto:(t:0, i:~)
2019-07-16 15:41:52,819 INFO  server.RaftServerConfigKeys (ConfUtils.java:logGet(43)) - raft.server.leader.election.timeout = 120s (custom)
2019-07-16 15:41:52,819 INFO  server.RaftServerConfigKeys (ConfUtils.java:logGet(43)) - raft.server.log.use.memory = false (default)
2019-07-16 15:41:52,819 INFO  server.RaftServerConfigKeys (ConfUtils.java:logGet(43)) - raft.server.log.purge.gap = 1000000000 (custom)
2019-07-16 15:41:52,819 INFO  server.RaftServerConfigKeys (ConfUtils.java:logGet(43)) - raft.server.log.appender.buffer.byte-limit = 33554432 (custom)
2019-07-16 15:41:52,819 INFO  server.RaftServerConfigKeys (ConfUtils.java:logGet(43)) - raft.server.log.segment.size.max = 1048576 (custom)
2019-07-16 15:41:52,820 INFO  server.RaftServerConfigKeys (ConfUtils.java:logGet(43)) - raft.server.log.segment.cache.num.max = 2 (custom)
2019-07-16 15:41:52,820 INFO  segmented.SegmentedRaftLogWorker (SegmentedRaftLogWorker.java:<init>(172)) - new c9bb5354-5abf-405d-b889-0b02555d43bf-SegmentedRaftLogWorker:Storage Directory /workdir/hadoop-ozone/integration-test/target/test-dir/MiniOzoneClusterImpl-d0ea49d4-3ec4-4341-b33c-276464736bc4/datanode-4/data/ratis/ac50d4fb-0201-48ae-8f87-214e94180942 for RaftStorage:Storage Directory /workdir/hadoop-ozone/integration-test/target/test-dir/MiniOzoneClusterImpl-d0ea49d4-3ec4-4341-b33c-276464736bc4/datanode-4/data/ratis/ac50d4fb-0201-48ae-8f87-214e94180942
2019-07-16 15:41:52,820 INFO  server.RaftServerConfigKeys (ConfUtils.java:logGet(43)) - raft.server.log.queue.byte-limit = 2147483647 (custom)
2019-07-16 15:41:52,820 INFO  server.RaftServerConfigKeys (ConfUtils.java:logGet(43)) - raft.server.log.queue.element-limit = 1024 (custom)
2019-07-16 15:41:52,820 INFO  server.RaftServerConfigKeys (ConfUtils.java:logGet(43)) - raft.server.log.segment.size.max = 1048576 (custom)
2019-07-16 15:41:52,821 INFO  server.RaftServerConfigKeys (ConfUtils.java:logGet(43)) - raft.server.log.preallocated.size = 16384 (custom)
2019-07-16 15:41:52,821 INFO  server.RaftServerConfigKeys (ConfUtils.java:logGet(43)) - raft.server.log.write.buffer.size = 33554432 (custom)
2019-07-16 15:41:52,821 INFO  server.RaftServerConfigKeys (ConfUtils.java:logGet(43)) - raft.server.log.force.sync.num = 128 (default)
2019-07-16 15:41:52,821 INFO  server.RaftServerConfigKeys (ConfUtils.java:logGet(43)) - raft.server.log.statemachine.data.sync = true (default)
2019-07-16 15:41:52,821 INFO  server.RaftServerConfigKeys (ConfUtils.java:logGet(43)) - raft.server.log.statemachine.data.sync.timeout = 10s (default)
2019-07-16 15:41:52,821 INFO  server.RaftServerConfigKeys (ConfUtils.java:logGet(43)) - raft.server.log.statemachine.data.sync.timeout.retry = -1 (default)
2019-07-16 15:41:52,822 INFO  server.RaftServerConfigKeys (ConfUtils.java:logGet(43)) - raft.server.log.statemachine.data.caching.enabled = true (custom)
2019-07-16 15:41:52,822 INFO  segmented.SegmentedRaftLogWorker (SegmentedRaftLogWorker.java:lambda$new$0(132)) - c9bb5354-5abf-405d-b889-0b02555d43bf-SegmentedRaftLogWorker:Storage Directory /workdir/hadoop-ozone/integration-test/target/test-dir/MiniOzoneClusterImpl-d0ea49d4-3ec4-4341-b33c-276464736bc4/datanode-4/data/ratis/ac50d4fb-0201-48ae-8f87-214e94180942: flushIndex: setUnconditionally 0 -> -1
2019-07-16 15:41:52,822 INFO  server.RaftServerConfigKeys (ConfUtils.java:logGet(43)) - raft.server.snapshot.auto.trigger.enabled = true (custom)
2019-07-16 15:41:52,822 INFO  server.RaftServerConfigKeys (ConfUtils.java:logGet(43)) - raft.server.snapshot.auto.trigger.threshold = 10000 (custom)
2019-07-16 15:41:52,823 INFO  server.RaftServerConfigKeys (ConfUtils.java:logGet(43)) - raft.server.retrycache.expirytime = 600000ms (custom)
2019-07-16 15:41:52,823 INFO  impl.RaftServerImpl (RaftServerImpl.java:start(180)) - c9bb5354-5abf-405d-b889-0b02555d43bf: start group-214E94180942
2019-07-16 15:41:52,823 INFO  impl.RaftServerImpl (RaftServerImpl.java:setRole(171)) - c9bb5354-5abf-405d-b889-0b02555d43bf:group-214E94180942 changes role from null to FOLLOWER at term 0 for startAsFollower
2019-07-16 15:41:52,823 INFO  impl.RoleInfo (RoleInfo.java:updateAndGet(143)) - c9bb5354-5abf-405d-b889-0b02555d43bf: start FollowerState
2019-07-16 15:41:52,824 INFO  util.JmxRegister (JmxRegister.java:tryRegister(44)) - Successfully registered JMX Bean with object name Ratis:service=RaftServer,group=group-214E94180942,id=c9bb5354-5abf-405d-b889-0b02555d43bf
2019-07-16 15:41:52,828 INFO  pipeline.PipelineStateManager (PipelineStateManager.java:addPipeline(56)) - Created pipeline Pipeline[ Id: ac50d4fb-0201-48ae-8f87-214e94180942, Nodes: c9bb5354-5abf-405d-b889-0b02555d43bf{ip: 192.168.69.88, host: trunk-nightly-kgw5x-1882989438, networkLocation: /default-rack, certSerialId: null}, Type:RATIS, Factor:ONE, State:OPEN]
2019-07-16 15:41:52,842 INFO  impl.RaftServerProxy (RaftServerProxy.java:addNew(89)) - 50cd2cc6-2eab-4672-88f1-28c6d10bd0d3: addNew group-FDA7AAE3DEBE:[50cd2cc6-2eab-4672-88f1-28c6d10bd0d3:192.168.69.88:37014] returns group-FDA7AAE3DEBE:java.util.concurrent.CompletableFuture@4b3401bb[Not completed]
2019-07-16 15:41:52,843 INFO  impl.RaftServerImpl (RaftServerImpl.java:<init>(93)) - 50cd2cc6-2eab-4672-88f1-28c6d10bd0d3: new RaftServerImpl for group-FDA7AAE3DEBE:[50cd2cc6-2eab-4672-88f1-28c6d10bd0d3:192.168.69.88:37014] with ContainerStateMachine:uninitialized
2019-07-16 15:41:52,843 INFO  server.RaftServerConfigKeys (ConfUtils.java:logGet(43)) - raft.server.rpc.timeout.min = 5s (custom)
2019-07-16 15:41:52,843 INFO  server.RaftServerConfigKeys (ConfUtils.java:logGet(43)) - raft.server.rpc.timeout.max = 5200ms (custom)
2019-07-16 15:41:52,843 INFO  server.RaftServerConfigKeys (ConfUtils.java:logGet(43)) - raft.server.rpcslowness.timeout = 120s (custom)
2019-07-16 15:41:52,843 INFO  server.RaftServerConfigKeys (ConfUtils.java:logGet(43)) - raft.server.sleep.deviation.threshold = 300 (default)
2019-07-16 15:41:52,843 INFO  server.RaftServerConfigKeys (ConfUtils.java:logGet(43)) - raft.server.log.appender.install.snapshot.enabled = false (custom)
2019-07-16 15:41:52,843 INFO  impl.RaftServerImpl (ServerState.java:<init>(105)) - 50cd2cc6-2eab-4672-88f1-28c6d10bd0d3:group-FDA7AAE3DEBE ConfigurationManager, init=-1: [50cd2cc6-2eab-4672-88f1-28c6d10bd0d3:192.168.69.88:37014], old=null, confs=<EMPTY_MAP>
2019-07-16 15:41:52,844 INFO  server.RaftServerConfigKeys (ConfUtils.java:logGet(43)) - raft.server.storage.dir = [/workdir/hadoop-ozone/integration-test/target/test-dir/MiniOzoneClusterImpl-d0ea49d4-3ec4-4341-b33c-276464736bc4/datanode-3/data/ratis] (custom)
2019-07-16 15:41:52,844 INFO  storage.RaftStorageDirectory (RaftStorageDirectory.java:analyzeStorage(246)) - The storage directory /workdir/hadoop-ozone/integration-test/target/test-dir/MiniOzoneClusterImpl-d0ea49d4-3ec4-4341-b33c-276464736bc4/datanode-3/data/ratis/bfdfec82-08c8-4909-b851-fda7aae3debe does not exist. Creating ...
2019-07-16 15:41:52,857 INFO  storage.RaftStorageDirectory (RaftStorageDirectory.java:tryLock(328)) - Lock on /workdir/hadoop-ozone/integration-test/target/test-dir/MiniOzoneClusterImpl-d0ea49d4-3ec4-4341-b33c-276464736bc4/datanode-3/data/ratis/bfdfec82-08c8-4909-b851-fda7aae3debe/in_use.lock acquired by nodename 18277@trunk-nightly-kgw5x-1882989438
2019-07-16 15:41:52,870 INFO  storage.RaftStorage (RaftStorage.java:format(72)) - Storage directory /workdir/hadoop-ozone/integration-test/target/test-dir/MiniOzoneClusterImpl-d0ea49d4-3ec4-4341-b33c-276464736bc4/datanode-3/data/ratis/bfdfec82-08c8-4909-b851-fda7aae3debe has been successfully formatted.
2019-07-16 15:41:52,870 INFO  ratis.ContainerStateMachine (ContainerStateMachine.java:loadSnapshot(200)) - group-FDA7AAE3DEBE: The snapshot info is null. Setting the last applied indexto:(t:0, i:~)
2019-07-16 15:41:52,870 INFO  server.RaftServerConfigKeys (ConfUtils.java:logGet(43)) - raft.server.leader.election.timeout = 120s (custom)
2019-07-16 15:41:52,870 INFO  server.RaftServerConfigKeys (ConfUtils.java:logGet(43)) - raft.server.log.use.memory = false (default)
2019-07-16 15:41:52,870 INFO  server.RaftServerConfigKeys (ConfUtils.java:logGet(43)) - raft.server.log.purge.gap = 1000000000 (custom)
2019-07-16 15:41:52,871 INFO  server.RaftServerConfigKeys (ConfUtils.java:logGet(43)) - raft.server.log.appender.buffer.byte-limit = 33554432 (custom)
2019-07-16 15:41:52,871 INFO  server.RaftServerConfigKeys (ConfUtils.java:logGet(43)) - raft.server.log.segment.size.max = 1048576 (custom)
2019-07-16 15:41:52,871 INFO  server.RaftServerConfigKeys (ConfUtils.java:logGet(43)) - raft.server.log.segment.cache.num.max = 2 (custom)
2019-07-16 15:41:52,871 INFO  segmented.SegmentedRaftLogWorker (SegmentedRaftLogWorker.java:<init>(172)) - new 50cd2cc6-2eab-4672-88f1-28c6d10bd0d3-SegmentedRaftLogWorker:Storage Directory /workdir/hadoop-ozone/integration-test/target/test-dir/MiniOzoneClusterImpl-d0ea49d4-3ec4-4341-b33c-276464736bc4/datanode-3/data/ratis/bfdfec82-08c8-4909-b851-fda7aae3debe for RaftStorage:Storage Directory /workdir/hadoop-ozone/integration-test/target/test-dir/MiniOzoneClusterImpl-d0ea49d4-3ec4-4341-b33c-276464736bc4/datanode-3/data/ratis/bfdfec82-08c8-4909-b851-fda7aae3debe
2019-07-16 15:41:52,871 INFO  server.RaftServerConfigKeys (ConfUtils.java:logGet(43)) - raft.server.log.queue.byte-limit = 2147483647 (custom)
2019-07-16 15:41:52,871 INFO  server.RaftServerConfigKeys (ConfUtils.java:logGet(43)) - raft.server.log.queue.element-limit = 1024 (custom)
2019-07-16 15:41:52,872 INFO  server.RaftServerConfigKeys (ConfUtils.java:logGet(43)) - raft.server.log.segment.size.max = 1048576 (custom)
2019-07-16 15:41:52,872 INFO  server.RaftServerConfigKeys (ConfUtils.java:logGet(43)) - raft.server.log.preallocated.size = 16384 (custom)
2019-07-16 15:41:52,872 INFO  server.RaftServerConfigKeys (ConfUtils.java:logGet(43)) - raft.server.log.write.buffer.size = 33554432 (custom)
2019-07-16 15:41:52,872 INFO  server.RaftServerConfigKeys (ConfUtils.java:logGet(43)) - raft.server.log.force.sync.num = 128 (default)
2019-07-16 15:41:52,872 INFO  server.RaftServerConfigKeys (ConfUtils.java:logGet(43)) - raft.server.log.statemachine.data.sync = true (default)
2019-07-16 15:41:52,872 INFO  server.RaftServerConfigKeys (ConfUtils.java:logGet(43)) - raft.server.log.statemachine.data.sync.timeout = 10s (default)
2019-07-16 15:41:52,872 INFO  server.RaftServerConfigKeys (ConfUtils.java:logGet(43)) - raft.server.log.statemachine.data.sync.timeout.retry = -1 (default)
2019-07-16 15:41:52,873 INFO  server.RaftServerConfigKeys (ConfUtils.java:logGet(43)) - raft.server.log.statemachine.data.caching.enabled = true (custom)
2019-07-16 15:41:52,873 INFO  segmented.SegmentedRaftLogWorker (SegmentedRaftLogWorker.java:lambda$new$0(132)) - 50cd2cc6-2eab-4672-88f1-28c6d10bd0d3-SegmentedRaftLogWorker:Storage Directory /workdir/hadoop-ozone/integration-test/target/test-dir/MiniOzoneClusterImpl-d0ea49d4-3ec4-4341-b33c-276464736bc4/datanode-3/data/ratis/bfdfec82-08c8-4909-b851-fda7aae3debe: flushIndex: setUnconditionally 0 -> -1
2019-07-16 15:41:52,873 INFO  server.RaftServerConfigKeys (ConfUtils.java:logGet(43)) - raft.server.snapshot.auto.trigger.enabled = true (custom)
2019-07-16 15:41:52,873 INFO  server.RaftServerConfigKeys (ConfUtils.java:logGet(43)) - raft.server.snapshot.auto.trigger.threshold = 10000 (custom)
2019-07-16 15:41:52,874 INFO  server.RaftServerConfigKeys (ConfUtils.java:logGet(43)) - raft.server.retrycache.expirytime = 600000ms (custom)
2019-07-16 15:41:52,874 INFO  impl.RaftServerImpl (RaftServerImpl.java:start(180)) - 50cd2cc6-2eab-4672-88f1-28c6d10bd0d3: start group-FDA7AAE3DEBE
2019-07-16 15:41:52,874 INFO  impl.RaftServerImpl (RaftServerImpl.java:setRole(171)) - 50cd2cc6-2eab-4672-88f1-28c6d10bd0d3:group-FDA7AAE3DEBE changes role from null to FOLLOWER at term 0 for startAsFollower
2019-07-16 15:41:52,874 INFO  impl.RoleInfo (RoleInfo.java:updateAndGet(143)) - 50cd2cc6-2eab-4672-88f1-28c6d10bd0d3: start FollowerState
2019-07-16 15:41:52,874 INFO  util.JmxRegister (JmxRegister.java:tryRegister(44)) - Successfully registered JMX Bean with object name Ratis:service=RaftServer,group=group-FDA7AAE3DEBE,id=50cd2cc6-2eab-4672-88f1-28c6d10bd0d3
2019-07-16 15:41:52,879 INFO  pipeline.PipelineStateManager (PipelineStateManager.java:addPipeline(56)) - Created pipeline Pipeline[ Id: bfdfec82-08c8-4909-b851-fda7aae3debe, Nodes: 50cd2cc6-2eab-4672-88f1-28c6d10bd0d3{ip: 192.168.69.88, host: trunk-nightly-kgw5x-1882989438, networkLocation: /default-rack, certSerialId: null}, Type:RATIS, Factor:ONE, State:OPEN]
2019-07-16 15:41:53,083 INFO  node.SCMNodeManager (SCMNodeManager.java:register(269)) - Registered Data node : a98a8c88-1df8-4294-be4b-d265116ec286{ip: 192.168.69.88, host: trunk-nightly-kgw5x-1882989438, networkLocation: /default-rack, certSerialId: null}
2019-07-16 15:41:53,090 INFO  impl.RaftServerProxy (RaftServerProxy.java:addNew(89)) - a98a8c88-1df8-4294-be4b-d265116ec286: addNew group-F39A792ED7DC:[a98a8c88-1df8-4294-be4b-d265116ec286:192.168.69.88:34462] returns group-F39A792ED7DC:java.util.concurrent.CompletableFuture@4f9d03e0[Not completed]
2019-07-16 15:41:53,091 INFO  impl.RaftServerImpl (RaftServerImpl.java:<init>(93)) - a98a8c88-1df8-4294-be4b-d265116ec286: new RaftServerImpl for group-F39A792ED7DC:[a98a8c88-1df8-4294-be4b-d265116ec286:192.168.69.88:34462] with ContainerStateMachine:uninitialized
2019-07-16 15:41:53,091 INFO  server.RaftServerConfigKeys (ConfUtils.java:logGet(43)) - raft.server.rpc.timeout.min = 5s (custom)
2019-07-16 15:41:53,091 INFO  server.RaftServerConfigKeys (ConfUtils.java:logGet(43)) - raft.server.rpc.timeout.max = 5200ms (custom)
2019-07-16 15:41:53,092 INFO  server.RaftServerConfigKeys (ConfUtils.java:logGet(43)) - raft.server.rpcslowness.timeout = 120s (custom)
2019-07-16 15:41:53,092 INFO  server.RaftServerConfigKeys (ConfUtils.java:logGet(43)) - raft.server.sleep.deviation.threshold = 300 (default)
2019-07-16 15:41:53,092 INFO  server.RaftServerConfigKeys (ConfUtils.java:logGet(43)) - raft.server.log.appender.install.snapshot.enabled = false (custom)
2019-07-16 15:41:53,092 INFO  impl.RaftServerImpl (ServerState.java:<init>(105)) - a98a8c88-1df8-4294-be4b-d265116ec286:group-F39A792ED7DC ConfigurationManager, init=-1: [a98a8c88-1df8-4294-be4b-d265116ec286:192.168.69.88:34462], old=null, confs=<EMPTY_MAP>
2019-07-16 15:41:53,092 INFO  server.RaftServerConfigKeys (ConfUtils.java:logGet(43)) - raft.server.storage.dir = [/workdir/hadoop-ozone/integration-test/target/test-dir/MiniOzoneClusterImpl-d0ea49d4-3ec4-4341-b33c-276464736bc4/datanode-5/data/ratis] (custom)
2019-07-16 15:41:53,092 INFO  storage.RaftStorageDirectory (RaftStorageDirectory.java:analyzeStorage(246)) - The storage directory /workdir/hadoop-ozone/integration-test/target/test-dir/MiniOzoneClusterImpl-d0ea49d4-3ec4-4341-b33c-276464736bc4/datanode-5/data/ratis/364b4fe0-4524-4fb8-ad2b-f39a792ed7dc does not exist. Creating ...
2019-07-16 15:41:53,114 INFO  storage.RaftStorageDirectory (RaftStorageDirectory.java:tryLock(328)) - Lock on /workdir/hadoop-ozone/integration-test/target/test-dir/MiniOzoneClusterImpl-d0ea49d4-3ec4-4341-b33c-276464736bc4/datanode-5/data/ratis/364b4fe0-4524-4fb8-ad2b-f39a792ed7dc/in_use.lock acquired by nodename 18277@trunk-nightly-kgw5x-1882989438
2019-07-16 15:41:53,128 INFO  storage.RaftStorage (RaftStorage.java:format(72)) - Storage directory /workdir/hadoop-ozone/integration-test/target/test-dir/MiniOzoneClusterImpl-d0ea49d4-3ec4-4341-b33c-276464736bc4/datanode-5/data/ratis/364b4fe0-4524-4fb8-ad2b-f39a792ed7dc has been successfully formatted.
2019-07-16 15:41:53,128 INFO  ratis.ContainerStateMachine (ContainerStateMachine.java:loadSnapshot(200)) - group-F39A792ED7DC: The snapshot info is null. Setting the last applied indexto:(t:0, i:~)
2019-07-16 15:41:53,128 INFO  server.RaftServerConfigKeys (ConfUtils.java:logGet(43)) - raft.server.leader.election.timeout = 120s (custom)
2019-07-16 15:41:53,128 INFO  server.RaftServerConfigKeys (ConfUtils.java:logGet(43)) - raft.server.log.use.memory = false (default)
2019-07-16 15:41:53,128 INFO  server.RaftServerConfigKeys (ConfUtils.java:logGet(43)) - raft.server.log.purge.gap = 1000000000 (custom)
2019-07-16 15:41:53,129 INFO  server.RaftServerConfigKeys (ConfUtils.java:logGet(43)) - raft.server.log.appender.buffer.byte-limit = 33554432 (custom)
2019-07-16 15:41:53,129 INFO  server.RaftServerConfigKeys (ConfUtils.java:logGet(43)) - raft.server.log.segment.size.max = 1048576 (custom)
2019-07-16 15:41:53,129 INFO  server.RaftServerConfigKeys (ConfUtils.java:logGet(43)) - raft.server.log.segment.cache.num.max = 2 (custom)
2019-07-16 15:41:53,129 INFO  segmented.SegmentedRaftLogWorker (SegmentedRaftLogWorker.java:<init>(172)) - new a98a8c88-1df8-4294-be4b-d265116ec286-SegmentedRaftLogWorker:Storage Directory /workdir/hadoop-ozone/integration-test/target/test-dir/MiniOzoneClusterImpl-d0ea49d4-3ec4-4341-b33c-276464736bc4/datanode-5/data/ratis/364b4fe0-4524-4fb8-ad2b-f39a792ed7dc for RaftStorage:Storage Directory /workdir/hadoop-ozone/integration-test/target/test-dir/MiniOzoneClusterImpl-d0ea49d4-3ec4-4341-b33c-276464736bc4/datanode-5/data/ratis/364b4fe0-4524-4fb8-ad2b-f39a792ed7dc
2019-07-16 15:41:53,129 INFO  server.RaftServerConfigKeys (ConfUtils.java:logGet(43)) - raft.server.log.queue.byte-limit = 2147483647 (custom)
2019-07-16 15:41:53,129 INFO  server.RaftServerConfigKeys (ConfUtils.java:logGet(43)) - raft.server.log.queue.element-limit = 1024 (custom)
2019-07-16 15:41:53,130 INFO  server.RaftServerConfigKeys (ConfUtils.java:logGet(43)) - raft.server.log.segment.size.max = 1048576 (custom)
2019-07-16 15:41:53,130 INFO  server.RaftServerConfigKeys (ConfUtils.java:logGet(43)) - raft.server.log.preallocated.size = 16384 (custom)
2019-07-16 15:41:53,130 INFO  server.RaftServerConfigKeys (ConfUtils.java:logGet(43)) - raft.server.log.write.buffer.size = 33554432 (custom)
2019-07-16 15:41:53,130 INFO  server.RaftServerConfigKeys (ConfUtils.java:logGet(43)) - raft.server.log.force.sync.num = 128 (default)
2019-07-16 15:41:53,130 INFO  server.RaftServerConfigKeys (ConfUtils.java:logGet(43)) - raft.server.log.statemachine.data.sync = true (default)
2019-07-16 15:41:53,130 INFO  server.RaftServerConfigKeys (ConfUtils.java:logGet(43)) - raft.server.log.statemachine.data.sync.timeout = 10s (default)
2019-07-16 15:41:53,130 INFO  server.RaftServerConfigKeys (ConfUtils.java:logGet(43)) - raft.server.log.statemachine.data.sync.timeout.retry = -1 (default)
2019-07-16 15:41:53,131 INFO  server.RaftServerConfigKeys (ConfUtils.java:logGet(43)) - raft.server.log.statemachine.data.caching.enabled = true (custom)
2019-07-16 15:41:53,131 INFO  segmented.SegmentedRaftLogWorker (SegmentedRaftLogWorker.java:lambda$new$0(132)) - a98a8c88-1df8-4294-be4b-d265116ec286-SegmentedRaftLogWorker:Storage Directory /workdir/hadoop-ozone/integration-test/target/test-dir/MiniOzoneClusterImpl-d0ea49d4-3ec4-4341-b33c-276464736bc4/datanode-5/data/ratis/364b4fe0-4524-4fb8-ad2b-f39a792ed7dc: flushIndex: setUnconditionally 0 -> -1
2019-07-16 15:41:53,131 INFO  server.RaftServerConfigKeys (ConfUtils.java:logGet(43)) - raft.server.snapshot.auto.trigger.enabled = true (custom)
2019-07-16 15:41:53,131 INFO  server.RaftServerConfigKeys (ConfUtils.java:logGet(43)) - raft.server.snapshot.auto.trigger.threshold = 10000 (custom)
2019-07-16 15:41:53,131 INFO  server.RaftServerConfigKeys (ConfUtils.java:logGet(43)) - raft.server.retrycache.expirytime = 600000ms (custom)
2019-07-16 15:41:53,132 INFO  impl.RaftServerImpl (RaftServerImpl.java:start(180)) - a98a8c88-1df8-4294-be4b-d265116ec286: start group-F39A792ED7DC
2019-07-16 15:41:53,132 INFO  impl.RaftServerImpl (RaftServerImpl.java:setRole(171)) - a98a8c88-1df8-4294-be4b-d265116ec286:group-F39A792ED7DC changes role from null to FOLLOWER at term 0 for startAsFollower
2019-07-16 15:41:53,132 INFO  impl.RoleInfo (RoleInfo.java:updateAndGet(143)) - a98a8c88-1df8-4294-be4b-d265116ec286: start FollowerState
2019-07-16 15:41:53,132 INFO  util.JmxRegister (JmxRegister.java:tryRegister(44)) - Successfully registered JMX Bean with object name Ratis:service=RaftServer,group=group-F39A792ED7DC,id=a98a8c88-1df8-4294-be4b-d265116ec286
2019-07-16 15:41:53,137 INFO  pipeline.PipelineStateManager (PipelineStateManager.java:addPipeline(56)) - Created pipeline Pipeline[ Id: 364b4fe0-4524-4fb8-ad2b-f39a792ed7dc, Nodes: a98a8c88-1df8-4294-be4b-d265116ec286{ip: 192.168.69.88, host: trunk-nightly-kgw5x-1882989438, networkLocation: /default-rack, certSerialId: null}, Type:RATIS, Factor:ONE, State:OPEN]
2019-07-16 15:41:53,155 INFO  impl.RaftServerProxy (RaftServerProxy.java:addNew(89)) - c9bb5354-5abf-405d-b889-0b02555d43bf: addNew group-828B3725BC79:[a98a8c88-1df8-4294-be4b-d265116ec286:192.168.69.88:34462, 50cd2cc6-2eab-4672-88f1-28c6d10bd0d3:192.168.69.88:37014, c9bb5354-5abf-405d-b889-0b02555d43bf:192.168.69.88:45668] returns group-828B3725BC79:java.util.concurrent.CompletableFuture@67444ed0[Not completed]
2019-07-16 15:41:53,155 INFO  impl.RaftServerProxy (RaftServerProxy.java:addNew(89)) - a98a8c88-1df8-4294-be4b-d265116ec286: addNew group-828B3725BC79:[a98a8c88-1df8-4294-be4b-d265116ec286:192.168.69.88:34462, 50cd2cc6-2eab-4672-88f1-28c6d10bd0d3:192.168.69.88:37014, c9bb5354-5abf-405d-b889-0b02555d43bf:192.168.69.88:45668] returns group-828B3725BC79:java.util.concurrent.CompletableFuture@61a29e7b[Not completed]
2019-07-16 15:41:53,155 INFO  impl.RaftServerProxy (RaftServerProxy.java:addNew(89)) - 50cd2cc6-2eab-4672-88f1-28c6d10bd0d3: addNew group-828B3725BC79:[a98a8c88-1df8-4294-be4b-d265116ec286:192.168.69.88:34462, 50cd2cc6-2eab-4672-88f1-28c6d10bd0d3:192.168.69.88:37014, c9bb5354-5abf-405d-b889-0b02555d43bf:192.168.69.88:45668] returns group-828B3725BC79:java.util.concurrent.CompletableFuture@566de27b[Not completed]
2019-07-16 15:41:53,155 INFO  impl.RaftServerImpl (RaftServerImpl.java:<init>(93)) - c9bb5354-5abf-405d-b889-0b02555d43bf: new RaftServerImpl for group-828B3725BC79:[a98a8c88-1df8-4294-be4b-d265116ec286:192.168.69.88:34462, 50cd2cc6-2eab-4672-88f1-28c6d10bd0d3:192.168.69.88:37014, c9bb5354-5abf-405d-b889-0b02555d43bf:192.168.69.88:45668] with ContainerStateMachine:uninitialized
2019-07-16 15:41:53,156 INFO  server.RaftServerConfigKeys (ConfUtils.java:logGet(43)) - raft.server.rpc.timeout.min = 5s (custom)
2019-07-16 15:41:53,156 INFO  server.RaftServerConfigKeys (ConfUtils.java:logGet(43)) - raft.server.rpc.timeout.max = 5200ms (custom)
2019-07-16 15:41:53,156 INFO  server.RaftServerConfigKeys (ConfUtils.java:logGet(43)) - raft.server.rpcslowness.timeout = 120s (custom)
2019-07-16 15:41:53,156 INFO  impl.RaftServerImpl (RaftServerImpl.java:<init>(93)) - 50cd2cc6-2eab-4672-88f1-28c6d10bd0d3: new RaftServerImpl for group-828B3725BC79:[a98a8c88-1df8-4294-be4b-d265116ec286:192.168.69.88:34462, 50cd2cc6-2eab-4672-88f1-28c6d10bd0d3:192.168.69.88:37014, c9bb5354-5abf-405d-b889-0b02555d43bf:192.168.69.88:45668] with ContainerStateMachine:uninitialized
2019-07-16 15:41:53,156 INFO  server.RaftServerConfigKeys (ConfUtils.java:logGet(43)) - raft.server.sleep.deviation.threshold = 300 (default)
2019-07-16 15:41:53,156 INFO  server.RaftServerConfigKeys (ConfUtils.java:logGet(43)) - raft.server.rpc.timeout.min = 5s (custom)
2019-07-16 15:41:53,156 INFO  impl.RaftServerImpl (RaftServerImpl.java:<init>(93)) - a98a8c88-1df8-4294-be4b-d265116ec286: new RaftServerImpl for group-828B3725BC79:[a98a8c88-1df8-4294-be4b-d265116ec286:192.168.69.88:34462, 50cd2cc6-2eab-4672-88f1-28c6d10bd0d3:192.168.69.88:37014, c9bb5354-5abf-405d-b889-0b02555d43bf:192.168.69.88:45668] with ContainerStateMachine:uninitialized
2019-07-16 15:41:53,156 INFO  server.RaftServerConfigKeys (ConfUtils.java:logGet(43)) - raft.server.log.appender.install.snapshot.enabled = false (custom)
2019-07-16 15:41:53,157 INFO  server.RaftServerConfigKeys (ConfUtils.java:logGet(43)) - raft.server.rpc.timeout.min = 5s (custom)
2019-07-16 15:41:53,157 INFO  server.RaftServerConfigKeys (ConfUtils.java:logGet(43)) - raft.server.rpc.timeout.max = 5200ms (custom)
2019-07-16 15:41:53,156 INFO  server.RaftServerConfigKeys (ConfUtils.java:logGet(43)) - raft.server.rpc.timeout.max = 5200ms (custom)
2019-07-16 15:41:53,157 INFO  server.RaftServerConfigKeys (ConfUtils.java:logGet(43)) - raft.server.rpcslowness.timeout = 120s (custom)
2019-07-16 15:41:53,157 INFO  server.RaftServerConfigKeys (ConfUtils.java:logGet(43)) - raft.server.sleep.deviation.threshold = 300 (default)
2019-07-16 15:41:53,157 INFO  impl.RaftServerImpl (ServerState.java:<init>(105)) - c9bb5354-5abf-405d-b889-0b02555d43bf:group-828B3725BC79 ConfigurationManager, init=-1: [a98a8c88-1df8-4294-be4b-d265116ec286:192.168.69.88:34462, 50cd2cc6-2eab-4672-88f1-28c6d10bd0d3:192.168.69.88:37014, c9bb5354-5abf-405d-b889-0b02555d43bf:192.168.69.88:45668], old=null, confs=<EMPTY_MAP>
2019-07-16 15:41:53,157 INFO  server.RaftServerConfigKeys (ConfUtils.java:logGet(43)) - raft.server.log.appender.install.snapshot.enabled = false (custom)
2019-07-16 15:41:53,157 INFO  server.RaftServerConfigKeys (ConfUtils.java:logGet(43)) - raft.server.rpcslowness.timeout = 120s (custom)
2019-07-16 15:41:53,158 INFO  impl.RaftServerImpl (ServerState.java:<init>(105)) - a98a8c88-1df8-4294-be4b-d265116ec286:group-828B3725BC79 ConfigurationManager, init=-1: [a98a8c88-1df8-4294-be4b-d265116ec286:192.168.69.88:34462, 50cd2cc6-2eab-4672-88f1-28c6d10bd0d3:192.168.69.88:37014, c9bb5354-5abf-405d-b889-0b02555d43bf:192.168.69.88:45668], old=null, confs=<EMPTY_MAP>
2019-07-16 15:41:53,157 INFO  server.RaftServerConfigKeys (ConfUtils.java:logGet(43)) - raft.server.storage.dir = [/workdir/hadoop-ozone/integration-test/target/test-dir/MiniOzoneClusterImpl-d0ea49d4-3ec4-4341-b33c-276464736bc4/datanode-4/data/ratis] (custom)
2019-07-16 15:41:53,158 INFO  server.RaftServerConfigKeys (ConfUtils.java:logGet(43)) - raft.server.storage.dir = [/workdir/hadoop-ozone/integration-test/target/test-dir/MiniOzoneClusterImpl-d0ea49d4-3ec4-4341-b33c-276464736bc4/datanode-5/data/ratis] (custom)
2019-07-16 15:41:53,158 INFO  server.RaftServerConfigKeys (ConfUtils.java:logGet(43)) - raft.server.sleep.deviation.threshold = 300 (default)
2019-07-16 15:41:53,158 INFO  storage.RaftStorageDirectory (RaftStorageDirectory.java:analyzeStorage(246)) - The storage directory /workdir/hadoop-ozone/integration-test/target/test-dir/MiniOzoneClusterImpl-d0ea49d4-3ec4-4341-b33c-276464736bc4/datanode-4/data/ratis/b2803414-1cd1-4b54-a243-828b3725bc79 does not exist. Creating ...
2019-07-16 15:41:53,158 INFO  storage.RaftStorageDirectory (RaftStorageDirectory.java:analyzeStorage(246)) - The storage directory /workdir/hadoop-ozone/integration-test/target/test-dir/MiniOzoneClusterImpl-d0ea49d4-3ec4-4341-b33c-276464736bc4/datanode-5/data/ratis/b2803414-1cd1-4b54-a243-828b3725bc79 does not exist. Creating ...
2019-07-16 15:41:53,158 INFO  server.RaftServerConfigKeys (ConfUtils.java:logGet(43)) - raft.server.log.appender.install.snapshot.enabled = false (custom)
2019-07-16 15:41:53,159 INFO  impl.RaftServerImpl (ServerState.java:<init>(105)) - 50cd2cc6-2eab-4672-88f1-28c6d10bd0d3:group-828B3725BC79 ConfigurationManager, init=-1: [a98a8c88-1df8-4294-be4b-d265116ec286:192.168.69.88:34462, 50cd2cc6-2eab-4672-88f1-28c6d10bd0d3:192.168.69.88:37014, c9bb5354-5abf-405d-b889-0b02555d43bf:192.168.69.88:45668], old=null, confs=<EMPTY_MAP>
2019-07-16 15:41:53,159 INFO  server.RaftServerConfigKeys (ConfUtils.java:logGet(43)) - raft.server.storage.dir = [/workdir/hadoop-ozone/integration-test/target/test-dir/MiniOzoneClusterImpl-d0ea49d4-3ec4-4341-b33c-276464736bc4/datanode-3/data/ratis] (custom)
2019-07-16 15:41:53,159 INFO  storage.RaftStorageDirectory (RaftStorageDirectory.java:analyzeStorage(246)) - The storage directory /workdir/hadoop-ozone/integration-test/target/test-dir/MiniOzoneClusterImpl-d0ea49d4-3ec4-4341-b33c-276464736bc4/datanode-3/data/ratis/b2803414-1cd1-4b54-a243-828b3725bc79 does not exist. Creating ...
2019-07-16 15:41:53,174 INFO  storage.RaftStorageDirectory (RaftStorageDirectory.java:tryLock(328)) - Lock on /workdir/hadoop-ozone/integration-test/target/test-dir/MiniOzoneClusterImpl-d0ea49d4-3ec4-4341-b33c-276464736bc4/datanode-5/data/ratis/b2803414-1cd1-4b54-a243-828b3725bc79/in_use.lock acquired by nodename 18277@trunk-nightly-kgw5x-1882989438
2019-07-16 15:41:53,174 INFO  storage.RaftStorageDirectory (RaftStorageDirectory.java:tryLock(328)) - Lock on /workdir/hadoop-ozone/integration-test/target/test-dir/MiniOzoneClusterImpl-d0ea49d4-3ec4-4341-b33c-276464736bc4/datanode-3/data/ratis/b2803414-1cd1-4b54-a243-828b3725bc79/in_use.lock acquired by nodename 18277@trunk-nightly-kgw5x-1882989438
2019-07-16 15:41:53,174 INFO  storage.RaftStorageDirectory (RaftStorageDirectory.java:tryLock(328)) - Lock on /workdir/hadoop-ozone/integration-test/target/test-dir/MiniOzoneClusterImpl-d0ea49d4-3ec4-4341-b33c-276464736bc4/datanode-4/data/ratis/b2803414-1cd1-4b54-a243-828b3725bc79/in_use.lock acquired by nodename 18277@trunk-nightly-kgw5x-1882989438
2019-07-16 15:41:53,199 INFO  storage.RaftStorage (RaftStorage.java:format(72)) - Storage directory /workdir/hadoop-ozone/integration-test/target/test-dir/MiniOzoneClusterImpl-d0ea49d4-3ec4-4341-b33c-276464736bc4/datanode-4/data/ratis/b2803414-1cd1-4b54-a243-828b3725bc79 has been successfully formatted.
2019-07-16 15:41:53,199 INFO  storage.RaftStorage (RaftStorage.java:format(72)) - Storage directory /workdir/hadoop-ozone/integration-test/target/test-dir/MiniOzoneClusterImpl-d0ea49d4-3ec4-4341-b33c-276464736bc4/datanode-3/data/ratis/b2803414-1cd1-4b54-a243-828b3725bc79 has been successfully formatted.
2019-07-16 15:41:53,199 INFO  storage.RaftStorage (RaftStorage.java:format(72)) - Storage directory /workdir/hadoop-ozone/integration-test/target/test-dir/MiniOzoneClusterImpl-d0ea49d4-3ec4-4341-b33c-276464736bc4/datanode-5/data/ratis/b2803414-1cd1-4b54-a243-828b3725bc79 has been successfully formatted.
2019-07-16 15:41:53,200 INFO  ratis.ContainerStateMachine (ContainerStateMachine.java:loadSnapshot(200)) - group-828B3725BC79: The snapshot info is null. Setting the last applied indexto:(t:0, i:~)
2019-07-16 15:41:53,199 INFO  ratis.ContainerStateMachine (ContainerStateMachine.java:loadSnapshot(200)) - group-828B3725BC79: The snapshot info is null. Setting the last applied indexto:(t:0, i:~)
2019-07-16 15:41:53,200 INFO  server.RaftServerConfigKeys (ConfUtils.java:logGet(43)) - raft.server.leader.election.timeout = 120s (custom)
2019-07-16 15:41:53,200 INFO  server.RaftServerConfigKeys (ConfUtils.java:logGet(43)) - raft.server.log.use.memory = false (default)
2019-07-16 15:41:53,200 INFO  ratis.ContainerStateMachine (ContainerStateMachine.java:loadSnapshot(200)) - group-828B3725BC79: The snapshot info is null. Setting the last applied indexto:(t:0, i:~)
2019-07-16 15:41:53,200 INFO  server.RaftServerConfigKeys (ConfUtils.java:logGet(43)) - raft.server.log.purge.gap = 1000000000 (custom)
2019-07-16 15:41:53,200 INFO  server.RaftServerConfigKeys (ConfUtils.java:logGet(43)) - raft.server.leader.election.timeout = 120s (custom)
2019-07-16 15:41:53,201 INFO  server.RaftServerConfigKeys (ConfUtils.java:logGet(43)) - raft.server.log.appender.buffer.byte-limit = 33554432 (custom)
2019-07-16 15:41:53,201 INFO  server.RaftServerConfigKeys (ConfUtils.java:logGet(43)) - raft.server.leader.election.timeout = 120s (custom)
2019-07-16 15:41:53,201 INFO  server.RaftServerConfigKeys (ConfUtils.java:logGet(43)) - raft.server.log.segment.size.max = 1048576 (custom)
2019-07-16 15:41:53,201 INFO  server.RaftServerConfigKeys (ConfUtils.java:logGet(43)) - raft.server.log.segment.cache.num.max = 2 (custom)
2019-07-16 15:41:53,201 INFO  server.RaftServerConfigKeys (ConfUtils.java:logGet(43)) - raft.server.log.use.memory = false (default)
2019-07-16 15:41:53,201 INFO  segmented.SegmentedRaftLogWorker (SegmentedRaftLogWorker.java:<init>(172)) - new 50cd2cc6-2eab-4672-88f1-28c6d10bd0d3-SegmentedRaftLogWorker:Storage Directory /workdir/hadoop-ozone/integration-test/target/test-dir/MiniOzoneClusterImpl-d0ea49d4-3ec4-4341-b33c-276464736bc4/datanode-3/data/ratis/b2803414-1cd1-4b54-a243-828b3725bc79 for RaftStorage:Storage Directory /workdir/hadoop-ozone/integration-test/target/test-dir/MiniOzoneClusterImpl-d0ea49d4-3ec4-4341-b33c-276464736bc4/datanode-3/data/ratis/b2803414-1cd1-4b54-a243-828b3725bc79
2019-07-16 15:41:53,201 INFO  server.RaftServerConfigKeys (ConfUtils.java:logGet(43)) - raft.server.log.use.memory = false (default)
2019-07-16 15:41:53,202 INFO  server.RaftServerConfigKeys (ConfUtils.java:logGet(43)) - raft.server.log.queue.byte-limit = 2147483647 (custom)
2019-07-16 15:41:53,202 INFO  server.RaftServerConfigKeys (ConfUtils.java:logGet(43)) - raft.server.log.purge.gap = 1000000000 (custom)
2019-07-16 15:41:53,202 INFO  server.RaftServerConfigKeys (ConfUtils.java:logGet(43)) - raft.server.log.queue.element-limit = 1024 (custom)
2019-07-16 15:41:53,202 INFO  server.RaftServerConfigKeys (ConfUtils.java:logGet(43)) - raft.server.log.purge.gap = 1000000000 (custom)
2019-07-16 15:41:53,202 INFO  server.RaftServerConfigKeys (ConfUtils.java:logGet(43)) - raft.server.log.segment.size.max = 1048576 (custom)
2019-07-16 15:41:53,202 INFO  server.RaftServerConfigKeys (ConfUtils.java:logGet(43)) - raft.server.log.appender.buffer.byte-limit = 33554432 (custom)
2019-07-16 15:41:53,203 INFO  server.RaftServerConfigKeys (ConfUtils.java:logGet(43)) - raft.server.log.preallocated.size = 16384 (custom)
2019-07-16 15:41:53,203 INFO  server.RaftServerConfigKeys (ConfUtils.java:logGet(43)) - raft.server.log.appender.buffer.byte-limit = 33554432 (custom)
2019-07-16 15:41:53,203 INFO  server.RaftServerConfigKeys (ConfUtils.java:logGet(43)) - raft.server.log.write.buffer.size = 33554432 (custom)
2019-07-16 15:41:53,203 INFO  server.RaftServerConfigKeys (ConfUtils.java:logGet(43)) - raft.server.log.segment.size.max = 1048576 (custom)
2019-07-16 15:41:53,203 INFO  server.RaftServerConfigKeys (ConfUtils.java:logGet(43)) - raft.server.log.force.sync.num = 128 (default)
2019-07-16 15:41:53,204 INFO  server.RaftServerConfigKeys (ConfUtils.java:logGet(43)) - raft.server.log.statemachine.data.sync = true (default)
2019-07-16 15:41:53,203 INFO  server.RaftServerConfigKeys (ConfUtils.java:logGet(43)) - raft.server.log.segment.size.max = 1048576 (custom)
2019-07-16 15:41:53,204 INFO  server.RaftServerConfigKeys (ConfUtils.java:logGet(43)) - raft.server.log.statemachine.data.sync.timeout = 10s (default)
2019-07-16 15:41:53,204 INFO  server.RaftServerConfigKeys (ConfUtils.java:logGet(43)) - raft.server.log.statemachine.data.sync.timeout.retry = -1 (default)
2019-07-16 15:41:53,204 INFO  server.RaftServerConfigKeys (ConfUtils.java:logGet(43)) - raft.server.log.segment.cache.num.max = 2 (custom)
2019-07-16 15:41:53,204 INFO  server.RaftServerConfigKeys (ConfUtils.java:logGet(43)) - raft.server.log.statemachine.data.caching.enabled = true (custom)
2019-07-16 15:41:53,204 INFO  server.RaftServerConfigKeys (ConfUtils.java:logGet(43)) - raft.server.log.segment.cache.num.max = 2 (custom)
2019-07-16 15:41:53,205 INFO  segmented.SegmentedRaftLogWorker (SegmentedRaftLogWorker.java:<init>(172)) - new c9bb5354-5abf-405d-b889-0b02555d43bf-SegmentedRaftLogWorker:Storage Directory /workdir/hadoop-ozone/integration-test/target/test-dir/MiniOzoneClusterImpl-d0ea49d4-3ec4-4341-b33c-276464736bc4/datanode-4/data/ratis/b2803414-1cd1-4b54-a243-828b3725bc79 for RaftStorage:Storage Directory /workdir/hadoop-ozone/integration-test/target/test-dir/MiniOzoneClusterImpl-d0ea49d4-3ec4-4341-b33c-276464736bc4/datanode-4/data/ratis/b2803414-1cd1-4b54-a243-828b3725bc79
2019-07-16 15:41:53,205 INFO  segmented.SegmentedRaftLogWorker (SegmentedRaftLogWorker.java:lambda$new$0(132)) - 50cd2cc6-2eab-4672-88f1-28c6d10bd0d3-SegmentedRaftLogWorker:Storage Directory /workdir/hadoop-ozone/integration-test/target/test-dir/MiniOzoneClusterImpl-d0ea49d4-3ec4-4341-b33c-276464736bc4/datanode-3/data/ratis/b2803414-1cd1-4b54-a243-828b3725bc79: flushIndex: setUnconditionally 0 -> -1
2019-07-16 15:41:53,205 INFO  segmented.SegmentedRaftLogWorker (SegmentedRaftLogWorker.java:<init>(172)) - new a98a8c88-1df8-4294-be4b-d265116ec286-SegmentedRaftLogWorker:Storage Directory /workdir/hadoop-ozone/integration-test/target/test-dir/MiniOzoneClusterImpl-d0ea49d4-3ec4-4341-b33c-276464736bc4/datanode-5/data/ratis/b2803414-1cd1-4b54-a243-828b3725bc79 for RaftStorage:Storage Directory /workdir/hadoop-ozone/integration-test/target/test-dir/MiniOzoneClusterImpl-d0ea49d4-3ec4-4341-b33c-276464736bc4/datanode-5/data/ratis/b2803414-1cd1-4b54-a243-828b3725bc79
2019-07-16 15:41:53,205 INFO  server.RaftServerConfigKeys (ConfUtils.java:logGet(43)) - raft.server.log.queue.byte-limit = 2147483647 (custom)
2019-07-16 15:41:53,205 INFO  server.RaftServerConfigKeys (ConfUtils.java:logGet(43)) - raft.server.log.queue.byte-limit = 2147483647 (custom)
2019-07-16 15:41:53,205 INFO  server.RaftServerConfigKeys (ConfUtils.java:logGet(43)) - raft.server.snapshot.auto.trigger.enabled = true (custom)
2019-07-16 15:41:53,206 INFO  server.RaftServerConfigKeys (ConfUtils.java:logGet(43)) - raft.server.log.queue.element-limit = 1024 (custom)
2019-07-16 15:41:53,205 INFO  server.RaftServerConfigKeys (ConfUtils.java:logGet(43)) - raft.server.log.queue.element-limit = 1024 (custom)
2019-07-16 15:41:53,206 INFO  server.RaftServerConfigKeys (ConfUtils.java:logGet(43)) - raft.server.log.segment.size.max = 1048576 (custom)
2019-07-16 15:41:53,206 INFO  server.RaftServerConfigKeys (ConfUtils.java:logGet(43)) - raft.server.log.preallocated.size = 16384 (custom)
2019-07-16 15:41:53,206 INFO  server.RaftServerConfigKeys (ConfUtils.java:logGet(43)) - raft.server.snapshot.auto.trigger.threshold = 10000 (custom)
2019-07-16 15:41:53,206 INFO  server.RaftServerConfigKeys (ConfUtils.java:logGet(43)) - raft.server.log.write.buffer.size = 33554432 (custom)
2019-07-16 15:41:53,206 INFO  server.RaftServerConfigKeys (ConfUtils.java:logGet(43)) - raft.server.log.segment.size.max = 1048576 (custom)
2019-07-16 15:41:53,207 INFO  server.RaftServerConfigKeys (ConfUtils.java:logGet(43)) - raft.server.log.force.sync.num = 128 (default)
2019-07-16 15:41:53,207 INFO  server.RaftServerConfigKeys (ConfUtils.java:logGet(43)) - raft.server.retrycache.expirytime = 600000ms (custom)
2019-07-16 15:41:53,207 INFO  server.RaftServerConfigKeys (ConfUtils.java:logGet(43)) - raft.server.log.statemachine.data.sync = true (default)
2019-07-16 15:41:53,207 INFO  server.RaftServerConfigKeys (ConfUtils.java:logGet(43)) - raft.server.log.statemachine.data.sync.timeout = 10s (default)
2019-07-16 15:41:53,207 INFO  server.RaftServerConfigKeys (ConfUtils.java:logGet(43)) - raft.server.log.preallocated.size = 16384 (custom)
2019-07-16 15:41:53,207 INFO  server.RaftServerConfigKeys (ConfUtils.java:logGet(43)) - raft.server.log.statemachine.data.sync.timeout.retry = -1 (default)
2019-07-16 15:41:53,207 INFO  impl.RaftServerImpl (RaftServerImpl.java:start(180)) - 50cd2cc6-2eab-4672-88f1-28c6d10bd0d3: start group-828B3725BC79
2019-07-16 15:41:53,208 INFO  server.RaftServerConfigKeys (ConfUtils.java:logGet(43)) - raft.server.log.statemachine.data.caching.enabled = true (custom)
2019-07-16 15:41:53,208 INFO  server.RaftServerConfigKeys (ConfUtils.java:logGet(43)) - raft.server.log.write.buffer.size = 33554432 (custom)
2019-07-16 15:41:53,208 INFO  segmented.SegmentedRaftLogWorker (SegmentedRaftLogWorker.java:lambda$new$0(132)) - a98a8c88-1df8-4294-be4b-d265116ec286-SegmentedRaftLogWorker:Storage Directory /workdir/hadoop-ozone/integration-test/target/test-dir/MiniOzoneClusterImpl-d0ea49d4-3ec4-4341-b33c-276464736bc4/datanode-5/data/ratis/b2803414-1cd1-4b54-a243-828b3725bc79: flushIndex: setUnconditionally 0 -> -1
2019-07-16 15:41:53,208 INFO  impl.RaftServerImpl (RaftServerImpl.java:setRole(171)) - 50cd2cc6-2eab-4672-88f1-28c6d10bd0d3:group-828B3725BC79 changes role from null to FOLLOWER at term 0 for startAsFollower
2019-07-16 15:41:53,208 INFO  server.RaftServerConfigKeys (ConfUtils.java:logGet(43)) - raft.server.log.force.sync.num = 128 (default)
2019-07-16 15:41:53,209 INFO  server.RaftServerConfigKeys (ConfUtils.java:logGet(43)) - raft.server.snapshot.auto.trigger.enabled = true (custom)
2019-07-16 15:41:53,209 INFO  impl.RoleInfo (RoleInfo.java:updateAndGet(143)) - 50cd2cc6-2eab-4672-88f1-28c6d10bd0d3: start FollowerState
2019-07-16 15:41:53,209 INFO  server.RaftServerConfigKeys (ConfUtils.java:logGet(43)) - raft.server.snapshot.auto.trigger.threshold = 10000 (custom)
2019-07-16 15:41:53,209 INFO  server.RaftServerConfigKeys (ConfUtils.java:logGet(43)) - raft.server.log.statemachine.data.sync = true (default)
2019-07-16 15:41:53,209 INFO  server.RaftServerConfigKeys (ConfUtils.java:logGet(43)) - raft.server.retrycache.expirytime = 600000ms (custom)
2019-07-16 15:41:53,209 INFO  util.JmxRegister (JmxRegister.java:tryRegister(44)) - Successfully registered JMX Bean with object name Ratis:service=RaftServer,group=group-828B3725BC79,id=50cd2cc6-2eab-4672-88f1-28c6d10bd0d3
2019-07-16 15:41:53,209 INFO  server.RaftServerConfigKeys (ConfUtils.java:logGet(43)) - raft.server.log.statemachine.data.sync.timeout = 10s (default)
2019-07-16 15:41:53,210 INFO  impl.RaftServerImpl (RaftServerImpl.java:start(180)) - a98a8c88-1df8-4294-be4b-d265116ec286: start group-828B3725BC79
2019-07-16 15:41:53,210 INFO  server.RaftServerConfigKeys (ConfUtils.java:logGet(43)) - raft.server.log.statemachine.data.sync.timeout.retry = -1 (default)
2019-07-16 15:41:53,210 INFO  impl.RaftServerImpl (RaftServerImpl.java:setRole(171)) - a98a8c88-1df8-4294-be4b-d265116ec286:group-828B3725BC79 changes role from null to FOLLOWER at term 0 for startAsFollower
2019-07-16 15:41:53,210 INFO  server.RaftServerConfigKeys (ConfUtils.java:logGet(43)) - raft.server.log.statemachine.data.caching.enabled = true (custom)
2019-07-16 15:41:53,210 INFO  impl.RoleInfo (RoleInfo.java:updateAndGet(143)) - a98a8c88-1df8-4294-be4b-d265116ec286: start FollowerState
2019-07-16 15:41:53,211 INFO  segmented.SegmentedRaftLogWorker (SegmentedRaftLogWorker.java:lambda$new$0(132)) - c9bb5354-5abf-405d-b889-0b02555d43bf-SegmentedRaftLogWorker:Storage Directory /workdir/hadoop-ozone/integration-test/target/test-dir/MiniOzoneClusterImpl-d0ea49d4-3ec4-4341-b33c-276464736bc4/datanode-4/data/ratis/b2803414-1cd1-4b54-a243-828b3725bc79: flushIndex: setUnconditionally 0 -> -1
2019-07-16 15:41:53,214 INFO  server.RaftServerConfigKeys (ConfUtils.java:logGet(43)) - raft.server.snapshot.auto.trigger.enabled = true (custom)
2019-07-16 15:41:53,214 INFO  util.JmxRegister (JmxRegister.java:tryRegister(44)) - Successfully registered JMX Bean with object name Ratis:service=RaftServer,group=group-828B3725BC79,id=a98a8c88-1df8-4294-be4b-d265116ec286
2019-07-16 15:41:53,214 INFO  server.RaftServerConfigKeys (ConfUtils.java:logGet(43)) - raft.server.snapshot.auto.trigger.threshold = 10000 (custom)
2019-07-16 15:41:53,214 INFO  server.RaftServerConfigKeys (ConfUtils.java:logGet(43)) - raft.server.retrycache.expirytime = 600000ms (custom)
2019-07-16 15:41:53,215 INFO  impl.RaftServerImpl (RaftServerImpl.java:start(180)) - c9bb5354-5abf-405d-b889-0b02555d43bf: start group-828B3725BC79
2019-07-16 15:41:53,215 INFO  impl.RaftServerImpl (RaftServerImpl.java:setRole(171)) - c9bb5354-5abf-405d-b889-0b02555d43bf:group-828B3725BC79 changes role from null to FOLLOWER at term 0 for startAsFollower
2019-07-16 15:41:53,215 INFO  impl.RoleInfo (RoleInfo.java:updateAndGet(143)) - c9bb5354-5abf-405d-b889-0b02555d43bf: start FollowerState
2019-07-16 15:41:53,218 INFO  util.JmxRegister (JmxRegister.java:tryRegister(44)) - Successfully registered JMX Bean with object name Ratis:service=RaftServer,group=group-828B3725BC79,id=c9bb5354-5abf-405d-b889-0b02555d43bf
2019-07-16 15:41:53,222 INFO  pipeline.PipelineStateManager (PipelineStateManager.java:addPipeline(56)) - Created pipeline Pipeline[ Id: b2803414-1cd1-4b54-a243-828b3725bc79, Nodes: c9bb5354-5abf-405d-b889-0b02555d43bf{ip: 192.168.69.88, host: trunk-nightly-kgw5x-1882989438, networkLocation: /default-rack, certSerialId: null}a98a8c88-1df8-4294-be4b-d265116ec286{ip: 192.168.69.88, host: trunk-nightly-kgw5x-1882989438, networkLocation: /default-rack, certSerialId: null}50cd2cc6-2eab-4672-88f1-28c6d10bd0d3{ip: 192.168.69.88, host: trunk-nightly-kgw5x-1882989438, networkLocation: /default-rack, certSerialId: null}, Type:RATIS, Factor:THREE, State:OPEN]
2019-07-16 15:41:53,333 INFO  ozone.MiniOzoneClusterImpl (MiniOzoneClusterImpl.java:lambda$waitForClusterToBeReady$0(142)) - Waiting for cluster to be ready. Got 6 of 7 DN Heartbeats.
2019-07-16 15:41:53,334 INFO  node.SCMNodeManager (SCMNodeManager.java:register(269)) - Registered Data node : 923333b2-77ca-4b35-8a10-2f76fd49465e{ip: 192.168.69.88, host: trunk-nightly-kgw5x-1882989438, networkLocation: /default-rack, certSerialId: null}
2019-07-16 15:41:53,344 INFO  impl.RaftServerProxy (RaftServerProxy.java:addNew(89)) - 923333b2-77ca-4b35-8a10-2f76fd49465e: addNew group-F58CD8C50954:[923333b2-77ca-4b35-8a10-2f76fd49465e:192.168.69.88:40565] returns group-F58CD8C50954:java.util.concurrent.CompletableFuture@3164fc05[Not completed]
2019-07-16 15:41:53,346 INFO  impl.RaftServerImpl (RaftServerImpl.java:<init>(93)) - 923333b2-77ca-4b35-8a10-2f76fd49465e: new RaftServerImpl for group-F58CD8C50954:[923333b2-77ca-4b35-8a10-2f76fd49465e:192.168.69.88:40565] with ContainerStateMachine:uninitialized
2019-07-16 15:41:53,346 INFO  server.RaftServerConfigKeys (ConfUtils.java:logGet(43)) - raft.server.rpc.timeout.min = 5s (custom)
2019-07-16 15:41:53,346 INFO  server.RaftServerConfigKeys (ConfUtils.java:logGet(43)) - raft.server.rpc.timeout.max = 5200ms (custom)
2019-07-16 15:41:53,346 INFO  server.RaftServerConfigKeys (ConfUtils.java:logGet(43)) - raft.server.rpcslowness.timeout = 120s (custom)
2019-07-16 15:41:53,346 INFO  server.RaftServerConfigKeys (ConfUtils.java:logGet(43)) - raft.server.sleep.deviation.threshold = 300 (default)
2019-07-16 15:41:53,346 INFO  server.RaftServerConfigKeys (ConfUtils.java:logGet(43)) - raft.server.log.appender.install.snapshot.enabled = false (custom)
2019-07-16 15:41:53,347 INFO  impl.RaftServerImpl (ServerState.java:<init>(105)) - 923333b2-77ca-4b35-8a10-2f76fd49465e:group-F58CD8C50954 ConfigurationManager, init=-1: [923333b2-77ca-4b35-8a10-2f76fd49465e:192.168.69.88:40565], old=null, confs=<EMPTY_MAP>
2019-07-16 15:41:53,347 INFO  server.RaftServerConfigKeys (ConfUtils.java:logGet(43)) - raft.server.storage.dir = [/workdir/hadoop-ozone/integration-test/target/test-dir/MiniOzoneClusterImpl-d0ea49d4-3ec4-4341-b33c-276464736bc4/datanode-6/data/ratis] (custom)
2019-07-16 15:41:53,347 INFO  storage.RaftStorageDirectory (RaftStorageDirectory.java:analyzeStorage(246)) - The storage directory /workdir/hadoop-ozone/integration-test/target/test-dir/MiniOzoneClusterImpl-d0ea49d4-3ec4-4341-b33c-276464736bc4/datanode-6/data/ratis/1ad43536-cc18-403d-924f-f58cd8c50954 does not exist. Creating ...
2019-07-16 15:41:53,369 INFO  storage.RaftStorageDirectory (RaftStorageDirectory.java:tryLock(328)) - Lock on /workdir/hadoop-ozone/integration-test/target/test-dir/MiniOzoneClusterImpl-d0ea49d4-3ec4-4341-b33c-276464736bc4/datanode-6/data/ratis/1ad43536-cc18-403d-924f-f58cd8c50954/in_use.lock acquired by nodename 18277@trunk-nightly-kgw5x-1882989438
2019-07-16 15:41:53,395 INFO  storage.RaftStorage (RaftStorage.java:format(72)) - Storage directory /workdir/hadoop-ozone/integration-test/target/test-dir/MiniOzoneClusterImpl-d0ea49d4-3ec4-4341-b33c-276464736bc4/datanode-6/data/ratis/1ad43536-cc18-403d-924f-f58cd8c50954 has been successfully formatted.
2019-07-16 15:41:53,396 INFO  ratis.ContainerStateMachine (ContainerStateMachine.java:loadSnapshot(200)) - group-F58CD8C50954: The snapshot info is null. Setting the last applied indexto:(t:0, i:~)
2019-07-16 15:41:53,396 INFO  server.RaftServerConfigKeys (ConfUtils.java:logGet(43)) - raft.server.leader.election.timeout = 120s (custom)
2019-07-16 15:41:53,396 INFO  server.RaftServerConfigKeys (ConfUtils.java:logGet(43)) - raft.server.log.use.memory = false (default)
2019-07-16 15:41:53,396 INFO  server.RaftServerConfigKeys (ConfUtils.java:logGet(43)) - raft.server.log.purge.gap = 1000000000 (custom)
2019-07-16 15:41:53,396 INFO  server.RaftServerConfigKeys (ConfUtils.java:logGet(43)) - raft.server.log.appender.buffer.byte-limit = 33554432 (custom)
2019-07-16 15:41:53,396 INFO  server.RaftServerConfigKeys (ConfUtils.java:logGet(43)) - raft.server.log.segment.size.max = 1048576 (custom)
2019-07-16 15:41:53,397 INFO  server.RaftServerConfigKeys (ConfUtils.java:logGet(43)) - raft.server.log.segment.cache.num.max = 2 (custom)
2019-07-16 15:41:53,397 INFO  segmented.SegmentedRaftLogWorker (SegmentedRaftLogWorker.java:<init>(172)) - new 923333b2-77ca-4b35-8a10-2f76fd49465e-SegmentedRaftLogWorker:Storage Directory /workdir/hadoop-ozone/integration-test/target/test-dir/MiniOzoneClusterImpl-d0ea49d4-3ec4-4341-b33c-276464736bc4/datanode-6/data/ratis/1ad43536-cc18-403d-924f-f58cd8c50954 for RaftStorage:Storage Directory /workdir/hadoop-ozone/integration-test/target/test-dir/MiniOzoneClusterImpl-d0ea49d4-3ec4-4341-b33c-276464736bc4/datanode-6/data/ratis/1ad43536-cc18-403d-924f-f58cd8c50954
2019-07-16 15:41:53,397 INFO  server.RaftServerConfigKeys (ConfUtils.java:logGet(43)) - raft.server.log.queue.byte-limit = 2147483647 (custom)
2019-07-16 15:41:53,397 INFO  server.RaftServerConfigKeys (ConfUtils.java:logGet(43)) - raft.server.log.queue.element-limit = 1024 (custom)
2019-07-16 15:41:53,397 INFO  server.RaftServerConfigKeys (ConfUtils.java:logGet(43)) - raft.server.log.segment.size.max = 1048576 (custom)
2019-07-16 15:41:53,397 INFO  server.RaftServerConfigKeys (ConfUtils.java:logGet(43)) - raft.server.log.preallocated.size = 16384 (custom)
2019-07-16 15:41:53,398 INFO  server.RaftServerConfigKeys (ConfUtils.java:logGet(43)) - raft.server.log.write.buffer.size = 33554432 (custom)
2019-07-16 15:41:53,398 INFO  server.RaftServerConfigKeys (ConfUtils.java:logGet(43)) - raft.server.log.force.sync.num = 128 (default)
2019-07-16 15:41:53,398 INFO  server.RaftServerConfigKeys (ConfUtils.java:logGet(43)) - raft.server.log.statemachine.data.sync = true (default)
2019-07-16 15:41:53,398 INFO  server.RaftServerConfigKeys (ConfUtils.java:logGet(43)) - raft.server.log.statemachine.data.sync.timeout = 10s (default)
2019-07-16 15:41:53,398 INFO  server.RaftServerConfigKeys (ConfUtils.java:logGet(43)) - raft.server.log.statemachine.data.sync.timeout.retry = -1 (default)
2019-07-16 15:41:53,398 INFO  server.RaftServerConfigKeys (ConfUtils.java:logGet(43)) - raft.server.log.statemachine.data.caching.enabled = true (custom)
2019-07-16 15:41:53,399 INFO  segmented.SegmentedRaftLogWorker (SegmentedRaftLogWorker.java:lambda$new$0(132)) - 923333b2-77ca-4b35-8a10-2f76fd49465e-SegmentedRaftLogWorker:Storage Directory /workdir/hadoop-ozone/integration-test/target/test-dir/MiniOzoneClusterImpl-d0ea49d4-3ec4-4341-b33c-276464736bc4/datanode-6/data/ratis/1ad43536-cc18-403d-924f-f58cd8c50954: flushIndex: setUnconditionally 0 -> -1
2019-07-16 15:41:53,399 INFO  server.RaftServerConfigKeys (ConfUtils.java:logGet(43)) - raft.server.snapshot.auto.trigger.enabled = true (custom)
2019-07-16 15:41:53,399 INFO  server.RaftServerConfigKeys (ConfUtils.java:logGet(43)) - raft.server.snapshot.auto.trigger.threshold = 10000 (custom)
2019-07-16 15:41:53,400 INFO  server.RaftServerConfigKeys (ConfUtils.java:logGet(43)) - raft.server.retrycache.expirytime = 600000ms (custom)
2019-07-16 15:41:53,400 INFO  impl.RaftServerImpl (RaftServerImpl.java:start(180)) - 923333b2-77ca-4b35-8a10-2f76fd49465e: start group-F58CD8C50954
2019-07-16 15:41:53,400 INFO  impl.RaftServerImpl (RaftServerImpl.java:setRole(171)) - 923333b2-77ca-4b35-8a10-2f76fd49465e:group-F58CD8C50954 changes role from null to FOLLOWER at term 0 for startAsFollower
2019-07-16 15:41:53,400 INFO  impl.RoleInfo (RoleInfo.java:updateAndGet(143)) - 923333b2-77ca-4b35-8a10-2f76fd49465e: start FollowerState
2019-07-16 15:41:53,400 INFO  util.JmxRegister (JmxRegister.java:tryRegister(44)) - Successfully registered JMX Bean with object name Ratis:service=RaftServer,group=group-F58CD8C50954,id=923333b2-77ca-4b35-8a10-2f76fd49465e
2019-07-16 15:41:53,406 INFO  pipeline.PipelineStateManager (PipelineStateManager.java:addPipeline(56)) - Created pipeline Pipeline[ Id: 1ad43536-cc18-403d-924f-f58cd8c50954, Nodes: 923333b2-77ca-4b35-8a10-2f76fd49465e{ip: 192.168.69.88, host: trunk-nightly-kgw5x-1882989438, networkLocation: /default-rack, certSerialId: null}, Type:RATIS, Factor:ONE, State:OPEN]
2019-07-16 15:41:54,333 INFO  ozone.MiniOzoneClusterImpl (MiniOzoneClusterImpl.java:lambda$waitForClusterToBeReady$0(142)) - Cluster is ready. Got 7 of 7 DN Heartbeats.
2019-07-16 15:41:54,371 INFO  rpc.RpcClient (RpcClient.java:createVolume(287)) - Creating Volume: testblockoutputstream, with jenkins1000 as owner.
2019-07-16 15:41:54,387 INFO  rpc.RpcClient (RpcClient.java:createBucket(424)) - Creating Bucket: testblockoutputstream/testblockoutputstream, with Versioning false and Storage Type set to DISK and Encryption set to false 
2019-07-16 15:41:54,422 INFO  client.GrpcClientProtocolClient (GrpcClientProtocolClient.java:onNext(255)) - client-B838B9EA1AE1->c9bb5354-5abf-405d-b889-0b02555d43bf: receive RaftClientReply:client-B838B9EA1AE1->c9bb5354-5abf-405d-b889-0b02555d43bf@group-828B3725BC79, cid=205, FAILED org.apache.ratis.protocol.NotLeaderException: Server c9bb5354-5abf-405d-b889-0b02555d43bf is not the leader (null). Request must be sent to leader., logIndex=0, commits[c9bb5354-5abf-405d-b889-0b02555d43bf:c-1]
2019-07-16 15:41:55,048 INFO  container.ReplicationManager (ReplicationManager.java:start(155)) - Starting Replication Monitor Thread.
2019-07-16 15:41:55,052 INFO  container.ReplicationManager (ReplicationManager.java:run(207)) - Replication Monitor Thread took 0 milliseconds for processing 1 containers.
2019-07-16 15:41:55,440 INFO  client.GrpcClientProtocolClient (GrpcClientProtocolClient.java:onNext(255)) - client-B838B9EA1AE1->50cd2cc6-2eab-4672-88f1-28c6d10bd0d3: receive RaftClientReply:client-B838B9EA1AE1->50cd2cc6-2eab-4672-88f1-28c6d10bd0d3@group-828B3725BC79, cid=205, FAILED org.apache.ratis.protocol.NotLeaderException: Server 50cd2cc6-2eab-4672-88f1-28c6d10bd0d3 is not the leader (null). Request must be sent to leader., logIndex=0, commits[50cd2cc6-2eab-4672-88f1-28c6d10bd0d3:c-1]
2019-07-16 15:41:56,453 INFO  client.GrpcClientProtocolClient (GrpcClientProtocolClient.java:onNext(255)) - client-B838B9EA1AE1->c9bb5354-5abf-405d-b889-0b02555d43bf: receive RaftClientReply:client-B838B9EA1AE1->c9bb5354-5abf-405d-b889-0b02555d43bf@group-828B3725BC79, cid=205, FAILED org.apache.ratis.protocol.NotLeaderException: Server c9bb5354-5abf-405d-b889-0b02555d43bf is not the leader (null). Request must be sent to leader., logIndex=0, commits[c9bb5354-5abf-405d-b889-0b02555d43bf:c-1]
2019-07-16 15:41:57,239 INFO  impl.FollowerState (FollowerState.java:run(106)) - e7960c47-8f9e-4a5b-a966-2b5bf1679925:group-9D5AC3F141C4 changes to CANDIDATE, lastRpcTime:5145, electionTimeout:5145ms
2019-07-16 15:41:57,240 INFO  impl.RoleInfo (RoleInfo.java:shutdownFollowerState(121)) - e7960c47-8f9e-4a5b-a966-2b5bf1679925: shutdown FollowerState
2019-07-16 15:41:57,240 INFO  impl.RaftServerImpl (RaftServerImpl.java:setRole(171)) - e7960c47-8f9e-4a5b-a966-2b5bf1679925:group-9D5AC3F141C4 changes role from FOLLOWER to CANDIDATE at term 0 for changeToCandidate
2019-07-16 15:41:57,240 INFO  impl.RoleInfo (RoleInfo.java:updateAndGet(143)) - e7960c47-8f9e-4a5b-a966-2b5bf1679925: start LeaderElection
2019-07-16 15:41:57,276 INFO  impl.LeaderElection (LeaderElection.java:askForVotes(181)) - e7960c47-8f9e-4a5b-a966-2b5bf1679925:group-9D5AC3F141C4:LeaderElection80: begin an election at term 1 for -1: [e7960c47-8f9e-4a5b-a966-2b5bf1679925:192.168.69.88:46587], old=null
2019-07-16 15:41:57,277 INFO  impl.RoleInfo (RoleInfo.java:shutdownLeaderElection(134)) - e7960c47-8f9e-4a5b-a966-2b5bf1679925: shutdown LeaderElection
2019-07-16 15:41:57,277 INFO  impl.RaftServerImpl (RaftServerImpl.java:setRole(171)) - e7960c47-8f9e-4a5b-a966-2b5bf1679925:group-9D5AC3F141C4 changes role from CANDIDATE to LEADER at term 1 for changeToLeader
2019-07-16 15:41:57,277 INFO  impl.RaftServerImpl (ServerState.java:setLeader(263)) - e7960c47-8f9e-4a5b-a966-2b5bf1679925:group-9D5AC3F141C4 change Leader from null to e7960c47-8f9e-4a5b-a966-2b5bf1679925 at term 1 for becomeLeader, leader elected after 5188ms
2019-07-16 15:41:57,280 INFO  server.RaftServerConfigKeys (ConfUtils.java:logGet(43)) - raft.server.staging.catchup.gap = 1000 (default)
2019-07-16 15:41:57,280 INFO  server.RaftServerConfigKeys (ConfUtils.java:logGet(43)) - raft.server.rpc.sleep.time = 25ms (default)
2019-07-16 15:41:57,280 INFO  server.RaftServerConfigKeys (ConfUtils.java:logGet(43)) - raft.server.write.element-limit = 4096 (default)
2019-07-16 15:41:57,280 INFO  server.RaftServerConfigKeys (ConfUtils.java:logGet(43)) - raft.server.watch.timeout = 10s (default)
2019-07-16 15:41:57,281 INFO  server.RaftServerConfigKeys (ConfUtils.java:logGet(43)) - raft.server.watch.timeout.denomination = 1s (default)
2019-07-16 15:41:57,281 INFO  server.RaftServerConfigKeys (ConfUtils.java:logGet(43)) - raft.server.watch.element-limit = 65536 (default)
2019-07-16 15:41:57,281 INFO  impl.RoleInfo (RoleInfo.java:updateAndGet(143)) - e7960c47-8f9e-4a5b-a966-2b5bf1679925: start LeaderState
2019-07-16 15:41:57,282 INFO  segmented.SegmentedRaftLogWorker (SegmentedRaftLogWorker.java:startLogSegment(380)) - e7960c47-8f9e-4a5b-a966-2b5bf1679925-SegmentedRaftLogWorker:Storage Directory /workdir/hadoop-ozone/integration-test/target/test-dir/MiniOzoneClusterImpl-d0ea49d4-3ec4-4341-b33c-276464736bc4/datanode-0/data/ratis/a0463d76-ea6a-46f8-8fa8-9d5ac3f141c4: Starting segment from index:0
2019-07-16 15:41:57,283 INFO  impl.RaftServerImpl (ServerState.java:setRaftConf(361)) - e7960c47-8f9e-4a5b-a966-2b5bf1679925:group-9D5AC3F141C4 set configuration 0: [e7960c47-8f9e-4a5b-a966-2b5bf1679925:192.168.69.88:46587], old=null at 0
2019-07-16 15:41:57,325 INFO  segmented.SegmentedRaftLogWorker (SegmentedRaftLogWorker.java:execute(569)) - e7960c47-8f9e-4a5b-a966-2b5bf1679925-SegmentedRaftLogWorker:Storage Directory /workdir/hadoop-ozone/integration-test/target/test-dir/MiniOzoneClusterImpl-d0ea49d4-3ec4-4341-b33c-276464736bc4/datanode-0/data/ratis/a0463d76-ea6a-46f8-8fa8-9d5ac3f141c4: created new log segment /workdir/hadoop-ozone/integration-test/target/test-dir/MiniOzoneClusterImpl-d0ea49d4-3ec4-4341-b33c-276464736bc4/datanode-0/data/ratis/a0463d76-ea6a-46f8-8fa8-9d5ac3f141c4/current/log_inprogress_0
2019-07-16 15:41:57,419 INFO  impl.FollowerState (FollowerState.java:run(106)) - f234ebe8-b51f-4c9e-910e-977eba04df35:group-E904B9402CF3 changes to CANDIDATE, lastRpcTime:5154, electionTimeout:5154ms
2019-07-16 15:41:57,419 INFO  impl.RoleInfo (RoleInfo.java:shutdownFollowerState(121)) - f234ebe8-b51f-4c9e-910e-977eba04df35: shutdown FollowerState
2019-07-16 15:41:57,420 INFO  impl.RaftServerImpl (RaftServerImpl.java:setRole(171)) - f234ebe8-b51f-4c9e-910e-977eba04df35:group-E904B9402CF3 changes role from FOLLOWER to CANDIDATE at term 0 for changeToCandidate
2019-07-16 15:41:57,420 INFO  impl.RoleInfo (RoleInfo.java:updateAndGet(143)) - f234ebe8-b51f-4c9e-910e-977eba04df35: start LeaderElection
2019-07-16 15:41:57,441 INFO  impl.LeaderElection (LeaderElection.java:askForVotes(181)) - f234ebe8-b51f-4c9e-910e-977eba04df35:group-E904B9402CF3:LeaderElection81: begin an election at term 1 for -1: [f234ebe8-b51f-4c9e-910e-977eba04df35:192.168.69.88:33397], old=null
2019-07-16 15:41:57,442 INFO  impl.RoleInfo (RoleInfo.java:shutdownLeaderElection(134)) - f234ebe8-b51f-4c9e-910e-977eba04df35: shutdown LeaderElection
2019-07-16 15:41:57,442 INFO  impl.RaftServerImpl (RaftServerImpl.java:setRole(171)) - f234ebe8-b51f-4c9e-910e-977eba04df35:group-E904B9402CF3 changes role from CANDIDATE to LEADER at term 1 for changeToLeader
2019-07-16 15:41:57,442 INFO  impl.RaftServerImpl (ServerState.java:setLeader(263)) - f234ebe8-b51f-4c9e-910e-977eba04df35:group-E904B9402CF3 change Leader from null to f234ebe8-b51f-4c9e-910e-977eba04df35 at term 1 for becomeLeader, leader elected after 5181ms
2019-07-16 15:41:57,444 INFO  server.RaftServerConfigKeys (ConfUtils.java:logGet(43)) - raft.server.staging.catchup.gap = 1000 (default)
2019-07-16 15:41:57,444 INFO  server.RaftServerConfigKeys (ConfUtils.java:logGet(43)) - raft.server.rpc.sleep.time = 25ms (default)
2019-07-16 15:41:57,444 INFO  server.RaftServerConfigKeys (ConfUtils.java:logGet(43)) - raft.server.write.element-limit = 4096 (default)
2019-07-16 15:41:57,445 INFO  server.RaftServerConfigKeys (ConfUtils.java:logGet(43)) - raft.server.watch.timeout = 10s (default)
2019-07-16 15:41:57,445 INFO  server.RaftServerConfigKeys (ConfUtils.java:logGet(43)) - raft.server.watch.timeout.denomination = 1s (default)
2019-07-16 15:41:57,445 INFO  server.RaftServerConfigKeys (ConfUtils.java:logGet(43)) - raft.server.watch.element-limit = 65536 (default)
2019-07-16 15:41:57,445 INFO  impl.RoleInfo (RoleInfo.java:updateAndGet(143)) - f234ebe8-b51f-4c9e-910e-977eba04df35: start LeaderState
2019-07-16 15:41:57,445 INFO  segmented.SegmentedRaftLogWorker (SegmentedRaftLogWorker.java:startLogSegment(380)) - f234ebe8-b51f-4c9e-910e-977eba04df35-SegmentedRaftLogWorker:Storage Directory /workdir/hadoop-ozone/integration-test/target/test-dir/MiniOzoneClusterImpl-d0ea49d4-3ec4-4341-b33c-276464736bc4/datanode-1/data/ratis/3f98f541-1f9c-4fdd-912e-e904b9402cf3: Starting segment from index:0
2019-07-16 15:41:57,446 INFO  impl.RaftServerImpl (ServerState.java:setRaftConf(361)) - f234ebe8-b51f-4c9e-910e-977eba04df35:group-E904B9402CF3 set configuration 0: [f234ebe8-b51f-4c9e-910e-977eba04df35:192.168.69.88:33397], old=null at 0
2019-07-16 15:41:57,471 INFO  client.GrpcClientProtocolClient (GrpcClientProtocolClient.java:onNext(255)) - client-B838B9EA1AE1->50cd2cc6-2eab-4672-88f1-28c6d10bd0d3: receive RaftClientReply:client-B838B9EA1AE1->50cd2cc6-2eab-4672-88f1-28c6d10bd0d3@group-828B3725BC79, cid=205, FAILED org.apache.ratis.protocol.NotLeaderException: Server 50cd2cc6-2eab-4672-88f1-28c6d10bd0d3 is not the leader (null). Request must be sent to leader., logIndex=0, commits[50cd2cc6-2eab-4672-88f1-28c6d10bd0d3:c-1]
2019-07-16 15:41:57,481 INFO  segmented.SegmentedRaftLogWorker (SegmentedRaftLogWorker.java:execute(569)) - f234ebe8-b51f-4c9e-910e-977eba04df35-SegmentedRaftLogWorker:Storage Directory /workdir/hadoop-ozone/integration-test/target/test-dir/MiniOzoneClusterImpl-d0ea49d4-3ec4-4341-b33c-276464736bc4/datanode-1/data/ratis/3f98f541-1f9c-4fdd-912e-e904b9402cf3: created new log segment /workdir/hadoop-ozone/integration-test/target/test-dir/MiniOzoneClusterImpl-d0ea49d4-3ec4-4341-b33c-276464736bc4/datanode-1/data/ratis/3f98f541-1f9c-4fdd-912e-e904b9402cf3/current/log_inprogress_0
2019-07-16 15:41:57,534 INFO  impl.FollowerState (FollowerState.java:run(106)) - af18e082-789a-4136-9fd8-e6ee9c588402:group-0B5D3C32EC2A changes to CANDIDATE, lastRpcTime:5055, electionTimeout:5055ms
2019-07-16 15:41:57,534 INFO  impl.RoleInfo (RoleInfo.java:shutdownFollowerState(121)) - af18e082-789a-4136-9fd8-e6ee9c588402: shutdown FollowerState
2019-07-16 15:41:57,534 INFO  impl.RaftServerImpl (RaftServerImpl.java:setRole(171)) - af18e082-789a-4136-9fd8-e6ee9c588402:group-0B5D3C32EC2A changes role from FOLLOWER to CANDIDATE at term 0 for changeToCandidate
2019-07-16 15:41:57,534 INFO  impl.RoleInfo (RoleInfo.java:updateAndGet(143)) - af18e082-789a-4136-9fd8-e6ee9c588402: start LeaderElection
2019-07-16 15:41:57,574 INFO  impl.FollowerState (FollowerState.java:run(106)) - af18e082-789a-4136-9fd8-e6ee9c588402:group-1FF22355E4B8 changes to CANDIDATE, lastRpcTime:5008, electionTimeout:5008ms
2019-07-16 15:41:57,575 INFO  impl.RoleInfo (RoleInfo.java:shutdownFollowerState(121)) - af18e082-789a-4136-9fd8-e6ee9c588402: shutdown FollowerState
2019-07-16 15:41:57,575 INFO  impl.RaftServerImpl (RaftServerImpl.java:setRole(171)) - af18e082-789a-4136-9fd8-e6ee9c588402:group-1FF22355E4B8 changes role from FOLLOWER to CANDIDATE at term 0 for changeToCandidate
2019-07-16 15:41:57,575 INFO  impl.RoleInfo (RoleInfo.java:updateAndGet(143)) - af18e082-789a-4136-9fd8-e6ee9c588402: start LeaderElection
2019-07-16 15:41:57,580 INFO  impl.LeaderElection (LeaderElection.java:askForVotes(181)) - af18e082-789a-4136-9fd8-e6ee9c588402:group-0B5D3C32EC2A:LeaderElection82: begin an election at term 1 for -1: [af18e082-789a-4136-9fd8-e6ee9c588402:192.168.69.88:40120], old=null
2019-07-16 15:41:57,581 INFO  impl.RoleInfo (RoleInfo.java:shutdownLeaderElection(134)) - af18e082-789a-4136-9fd8-e6ee9c588402: shutdown LeaderElection
2019-07-16 15:41:57,581 INFO  impl.RaftServerImpl (RaftServerImpl.java:setRole(171)) - af18e082-789a-4136-9fd8-e6ee9c588402:group-0B5D3C32EC2A changes role from CANDIDATE to LEADER at term 1 for changeToLeader
2019-07-16 15:41:57,581 INFO  impl.RaftServerImpl (ServerState.java:setLeader(263)) - af18e082-789a-4136-9fd8-e6ee9c588402:group-0B5D3C32EC2A change Leader from null to af18e082-789a-4136-9fd8-e6ee9c588402 at term 1 for becomeLeader, leader elected after 5106ms
2019-07-16 15:41:57,583 INFO  server.RaftServerConfigKeys (ConfUtils.java:logGet(43)) - raft.server.staging.catchup.gap = 1000 (default)
2019-07-16 15:41:57,583 INFO  server.RaftServerConfigKeys (ConfUtils.java:logGet(43)) - raft.server.rpc.sleep.time = 25ms (default)
2019-07-16 15:41:57,584 INFO  server.RaftServerConfigKeys (ConfUtils.java:logGet(43)) - raft.server.write.element-limit = 4096 (default)
2019-07-16 15:41:57,584 INFO  server.RaftServerConfigKeys (ConfUtils.java:logGet(43)) - raft.server.watch.timeout = 10s (default)
2019-07-16 15:41:57,584 INFO  server.RaftServerConfigKeys (ConfUtils.java:logGet(43)) - raft.server.watch.timeout.denomination = 1s (default)
2019-07-16 15:41:57,584 INFO  server.RaftServerConfigKeys (ConfUtils.java:logGet(43)) - raft.server.watch.element-limit = 65536 (default)
2019-07-16 15:41:57,584 INFO  impl.RoleInfo (RoleInfo.java:updateAndGet(143)) - af18e082-789a-4136-9fd8-e6ee9c588402: start LeaderState
2019-07-16 15:41:57,585 INFO  segmented.SegmentedRaftLogWorker (SegmentedRaftLogWorker.java:startLogSegment(380)) - af18e082-789a-4136-9fd8-e6ee9c588402-SegmentedRaftLogWorker:Storage Directory /workdir/hadoop-ozone/integration-test/target/test-dir/MiniOzoneClusterImpl-d0ea49d4-3ec4-4341-b33c-276464736bc4/datanode-2/data/ratis/05b068e2-614d-403e-b5e2-0b5d3c32ec2a: Starting segment from index:0
2019-07-16 15:41:57,585 INFO  impl.RaftServerImpl (ServerState.java:setRaftConf(361)) - af18e082-789a-4136-9fd8-e6ee9c588402:group-0B5D3C32EC2A set configuration 0: [af18e082-789a-4136-9fd8-e6ee9c588402:192.168.69.88:40120], old=null at 0
2019-07-16 15:41:57,608 INFO  impl.LeaderElection (LeaderElection.java:askForVotes(181)) - af18e082-789a-4136-9fd8-e6ee9c588402:group-1FF22355E4B8:LeaderElection83: begin an election at term 1 for -1: [f234ebe8-b51f-4c9e-910e-977eba04df35:192.168.69.88:33397, af18e082-789a-4136-9fd8-e6ee9c588402:192.168.69.88:40120, e7960c47-8f9e-4a5b-a966-2b5bf1679925:192.168.69.88:46587], old=null
2019-07-16 15:41:57,611 INFO  segmented.SegmentedRaftLogWorker (SegmentedRaftLogWorker.java:execute(569)) - af18e082-789a-4136-9fd8-e6ee9c588402-SegmentedRaftLogWorker:Storage Directory /workdir/hadoop-ozone/integration-test/target/test-dir/MiniOzoneClusterImpl-d0ea49d4-3ec4-4341-b33c-276464736bc4/datanode-2/data/ratis/05b068e2-614d-403e-b5e2-0b5d3c32ec2a: created new log segment /workdir/hadoop-ozone/integration-test/target/test-dir/MiniOzoneClusterImpl-d0ea49d4-3ec4-4341-b33c-276464736bc4/datanode-2/data/ratis/05b068e2-614d-403e-b5e2-0b5d3c32ec2a/current/log_inprogress_0
2019-07-16 15:41:57,616 INFO  impl.RaftServerImpl (RaftServerImpl.java:setRole(171)) - e7960c47-8f9e-4a5b-a966-2b5bf1679925:group-1FF22355E4B8 changes role from FOLLOWER to FOLLOWER at term 1 for recognizeCandidate:af18e082-789a-4136-9fd8-e6ee9c588402
2019-07-16 15:41:57,617 INFO  impl.RoleInfo (RoleInfo.java:shutdownFollowerState(121)) - e7960c47-8f9e-4a5b-a966-2b5bf1679925: shutdown FollowerState
2019-07-16 15:41:57,616 INFO  impl.RaftServerImpl (RaftServerImpl.java:setRole(171)) - f234ebe8-b51f-4c9e-910e-977eba04df35:group-1FF22355E4B8 changes role from FOLLOWER to FOLLOWER at term 1 for recognizeCandidate:af18e082-789a-4136-9fd8-e6ee9c588402
2019-07-16 15:41:57,617 INFO  impl.FollowerState (FollowerState.java:run(114)) - e7960c47-8f9e-4a5b-a966-2b5bf1679925: FollowerState was interrupted: java.lang.InterruptedException: sleep interrupted
2019-07-16 15:41:57,617 INFO  impl.RoleInfo (RoleInfo.java:updateAndGet(143)) - e7960c47-8f9e-4a5b-a966-2b5bf1679925: start FollowerState
2019-07-16 15:41:57,617 INFO  impl.RoleInfo (RoleInfo.java:shutdownFollowerState(121)) - f234ebe8-b51f-4c9e-910e-977eba04df35: shutdown FollowerState
2019-07-16 15:41:57,618 INFO  impl.RoleInfo (RoleInfo.java:updateAndGet(143)) - f234ebe8-b51f-4c9e-910e-977eba04df35: start FollowerState
2019-07-16 15:41:57,618 INFO  impl.FollowerState (FollowerState.java:run(114)) - f234ebe8-b51f-4c9e-910e-977eba04df35: FollowerState was interrupted: java.lang.InterruptedException: sleep interrupted
2019-07-16 15:41:57,640 INFO  impl.LeaderElection (LeaderElection.java:logAndReturn(56)) - af18e082-789a-4136-9fd8-e6ee9c588402:group-1FF22355E4B8:LeaderElection83: Election PASSED; received 1 response(s) [af18e082-789a-4136-9fd8-e6ee9c588402<-f234ebe8-b51f-4c9e-910e-977eba04df35#0:OK-t1] and 0 exception(s); af18e082-789a-4136-9fd8-e6ee9c588402:t1, leader=null, voted=af18e082-789a-4136-9fd8-e6ee9c588402, raftlog=af18e082-789a-4136-9fd8-e6ee9c588402-SegmentedRaftLog:OPENED:c-1,f-1,i0, conf=-1: [f234ebe8-b51f-4c9e-910e-977eba04df35:192.168.69.88:33397, af18e082-789a-4136-9fd8-e6ee9c588402:192.168.69.88:40120, e7960c47-8f9e-4a5b-a966-2b5bf1679925:192.168.69.88:46587], old=null
2019-07-16 15:41:57,640 INFO  impl.RoleInfo (RoleInfo.java:shutdownLeaderElection(134)) - af18e082-789a-4136-9fd8-e6ee9c588402: shutdown LeaderElection
2019-07-16 15:41:57,640 INFO  impl.RaftServerImpl (RaftServerImpl.java:setRole(171)) - af18e082-789a-4136-9fd8-e6ee9c588402:group-1FF22355E4B8 changes role from CANDIDATE to LEADER at term 1 for changeToLeader
2019-07-16 15:41:57,641 INFO  impl.RaftServerImpl (ServerState.java:setLeader(263)) - af18e082-789a-4136-9fd8-e6ee9c588402:group-1FF22355E4B8 change Leader from null to af18e082-789a-4136-9fd8-e6ee9c588402 at term 1 for becomeLeader, leader elected after 5088ms
2019-07-16 15:41:57,641 INFO  server.RaftServerConfigKeys (ConfUtils.java:logGet(43)) - raft.server.staging.catchup.gap = 1000 (default)
2019-07-16 15:41:57,641 INFO  server.RaftServerConfigKeys (ConfUtils.java:logGet(43)) - raft.server.rpc.sleep.time = 25ms (default)
2019-07-16 15:41:57,641 INFO  server.RaftServerConfigKeys (ConfUtils.java:logGet(43)) - raft.server.write.element-limit = 4096 (default)
2019-07-16 15:41:57,641 INFO  server.RaftServerConfigKeys (ConfUtils.java:logGet(43)) - raft.server.watch.timeout = 10s (default)
2019-07-16 15:41:57,641 INFO  server.RaftServerConfigKeys (ConfUtils.java:logGet(43)) - raft.server.watch.timeout.denomination = 1s (default)
2019-07-16 15:41:57,641 INFO  server.RaftServerConfigKeys (ConfUtils.java:logGet(43)) - raft.server.watch.element-limit = 65536 (default)
2019-07-16 15:41:57,642 INFO  server.RaftServerConfigKeys (ConfUtils.java:logGet(43)) - raft.server.log.appender.snapshot.chunk.size.max = 16MB (=16777216) (default)
2019-07-16 15:41:57,642 INFO  server.RaftServerConfigKeys (ConfUtils.java:logGet(43)) - raft.server.log.appender.buffer.byte-limit = 33554432 (custom)
2019-07-16 15:41:57,642 INFO  server.RaftServerConfigKeys (ConfUtils.java:logGet(43)) - raft.server.log.appender.buffer.element-limit = 1 (custom)
2019-07-16 15:41:57,642 INFO  grpc.GrpcConfigKeys$Server (ConfUtils.java:logGet(43)) - raft.grpc.server.leader.outstanding.appends.max = 128 (default)
2019-07-16 15:41:57,643 INFO  server.RaftServerConfigKeys (ConfUtils.java:logGet(43)) - raft.server.rpc.request.timeout = 3000ms (default)
2019-07-16 15:41:57,643 INFO  server.RaftServerConfigKeys (ConfUtils.java:logGet(43)) - raft.server.log.appender.install.snapshot.enabled = false (custom)
2019-07-16 15:41:57,643 INFO  server.RaftServerConfigKeys (ConfUtils.java:logGet(43)) - raft.server.log.appender.snapshot.chunk.size.max = 16MB (=16777216) (default)
2019-07-16 15:41:57,643 INFO  server.RaftServerConfigKeys (ConfUtils.java:logGet(43)) - raft.server.log.appender.buffer.byte-limit = 33554432 (custom)
2019-07-16 15:41:57,643 INFO  server.RaftServerConfigKeys (ConfUtils.java:logGet(43)) - raft.server.log.appender.buffer.element-limit = 1 (custom)
2019-07-16 15:41:57,644 INFO  grpc.GrpcConfigKeys$Server (ConfUtils.java:logGet(43)) - raft.grpc.server.leader.outstanding.appends.max = 128 (default)
2019-07-16 15:41:57,644 INFO  server.RaftServerConfigKeys (ConfUtils.java:logGet(43)) - raft.server.rpc.request.timeout = 3000ms (default)
2019-07-16 15:41:57,644 INFO  server.RaftServerConfigKeys (ConfUtils.java:logGet(43)) - raft.server.log.appender.install.snapshot.enabled = false (custom)
2019-07-16 15:41:57,644 INFO  impl.RoleInfo (RoleInfo.java:updateAndGet(143)) - af18e082-789a-4136-9fd8-e6ee9c588402: start LeaderState
2019-07-16 15:41:57,644 INFO  segmented.SegmentedRaftLogWorker (SegmentedRaftLogWorker.java:startLogSegment(380)) - af18e082-789a-4136-9fd8-e6ee9c588402-SegmentedRaftLogWorker:Storage Directory /workdir/hadoop-ozone/integration-test/target/test-dir/MiniOzoneClusterImpl-d0ea49d4-3ec4-4341-b33c-276464736bc4/datanode-2/data/ratis/739d21b4-988a-413d-80e1-1ff22355e4b8: Starting segment from index:0
2019-07-16 15:41:57,645 INFO  impl.RaftServerImpl (ServerState.java:setRaftConf(361)) - af18e082-789a-4136-9fd8-e6ee9c588402:group-1FF22355E4B8 set configuration 0: [f234ebe8-b51f-4c9e-910e-977eba04df35:192.168.69.88:33397, af18e082-789a-4136-9fd8-e6ee9c588402:192.168.69.88:40120, e7960c47-8f9e-4a5b-a966-2b5bf1679925:192.168.69.88:46587], old=null at 0
2019-07-16 15:41:57,670 INFO  impl.RaftServerImpl (ServerState.java:setLeader(263)) - e7960c47-8f9e-4a5b-a966-2b5bf1679925:group-1FF22355E4B8 change Leader from null to af18e082-789a-4136-9fd8-e6ee9c588402 at term 1 for appendEntries, leader elected after 5118ms
2019-07-16 15:41:57,670 INFO  impl.RaftServerImpl (ServerState.java:setLeader(263)) - f234ebe8-b51f-4c9e-910e-977eba04df35:group-1FF22355E4B8 change Leader from null to af18e082-789a-4136-9fd8-e6ee9c588402 at term 1 for appendEntries, leader elected after 5118ms
2019-07-16 15:41:57,673 INFO  impl.RaftServerImpl (ServerState.java:setRaftConf(361)) - f234ebe8-b51f-4c9e-910e-977eba04df35:group-1FF22355E4B8 set configuration 0: [f234ebe8-b51f-4c9e-910e-977eba04df35:192.168.69.88:33397, af18e082-789a-4136-9fd8-e6ee9c588402:192.168.69.88:40120, e7960c47-8f9e-4a5b-a966-2b5bf1679925:192.168.69.88:46587], old=null at 0
2019-07-16 15:41:57,673 INFO  impl.RaftServerImpl (ServerState.java:setRaftConf(361)) - e7960c47-8f9e-4a5b-a966-2b5bf1679925:group-1FF22355E4B8 set configuration 0: [f234ebe8-b51f-4c9e-910e-977eba04df35:192.168.69.88:33397, af18e082-789a-4136-9fd8-e6ee9c588402:192.168.69.88:40120, e7960c47-8f9e-4a5b-a966-2b5bf1679925:192.168.69.88:46587], old=null at 0
2019-07-16 15:41:57,674 INFO  segmented.SegmentedRaftLogWorker (SegmentedRaftLogWorker.java:startLogSegment(380)) - f234ebe8-b51f-4c9e-910e-977eba04df35-SegmentedRaftLogWorker:Storage Directory /workdir/hadoop-ozone/integration-test/target/test-dir/MiniOzoneClusterImpl-d0ea49d4-3ec4-4341-b33c-276464736bc4/datanode-1/data/ratis/739d21b4-988a-413d-80e1-1ff22355e4b8: Starting segment from index:0
2019-07-16 15:41:57,674 INFO  segmented.SegmentedRaftLogWorker (SegmentedRaftLogWorker.java:startLogSegment(380)) - e7960c47-8f9e-4a5b-a966-2b5bf1679925-SegmentedRaftLogWorker:Storage Directory /workdir/hadoop-ozone/integration-test/target/test-dir/MiniOzoneClusterImpl-d0ea49d4-3ec4-4341-b33c-276464736bc4/datanode-0/data/ratis/739d21b4-988a-413d-80e1-1ff22355e4b8: Starting segment from index:0
2019-07-16 15:41:57,690 INFO  segmented.SegmentedRaftLogWorker (SegmentedRaftLogWorker.java:execute(569)) - af18e082-789a-4136-9fd8-e6ee9c588402-SegmentedRaftLogWorker:Storage Directory /workdir/hadoop-ozone/integration-test/target/test-dir/MiniOzoneClusterImpl-d0ea49d4-3ec4-4341-b33c-276464736bc4/datanode-2/data/ratis/739d21b4-988a-413d-80e1-1ff22355e4b8: created new log segment /workdir/hadoop-ozone/integration-test/target/test-dir/MiniOzoneClusterImpl-d0ea49d4-3ec4-4341-b33c-276464736bc4/datanode-2/data/ratis/739d21b4-988a-413d-80e1-1ff22355e4b8/current/log_inprogress_0
2019-07-16 15:41:57,716 INFO  segmented.SegmentedRaftLogWorker (SegmentedRaftLogWorker.java:execute(569)) - f234ebe8-b51f-4c9e-910e-977eba04df35-SegmentedRaftLogWorker:Storage Directory /workdir/hadoop-ozone/integration-test/target/test-dir/MiniOzoneClusterImpl-d0ea49d4-3ec4-4341-b33c-276464736bc4/datanode-1/data/ratis/739d21b4-988a-413d-80e1-1ff22355e4b8: created new log segment /workdir/hadoop-ozone/integration-test/target/test-dir/MiniOzoneClusterImpl-d0ea49d4-3ec4-4341-b33c-276464736bc4/datanode-1/data/ratis/739d21b4-988a-413d-80e1-1ff22355e4b8/current/log_inprogress_0
2019-07-16 15:41:57,716 INFO  segmented.SegmentedRaftLogWorker (SegmentedRaftLogWorker.java:execute(569)) - e7960c47-8f9e-4a5b-a966-2b5bf1679925-SegmentedRaftLogWorker:Storage Directory /workdir/hadoop-ozone/integration-test/target/test-dir/MiniOzoneClusterImpl-d0ea49d4-3ec4-4341-b33c-276464736bc4/datanode-0/data/ratis/739d21b4-988a-413d-80e1-1ff22355e4b8: created new log segment /workdir/hadoop-ozone/integration-test/target/test-dir/MiniOzoneClusterImpl-d0ea49d4-3ec4-4341-b33c-276464736bc4/datanode-0/data/ratis/739d21b4-988a-413d-80e1-1ff22355e4b8/current/log_inprogress_0
2019-07-16 15:41:57,963 INFO  impl.FollowerState (FollowerState.java:run(106)) - c9bb5354-5abf-405d-b889-0b02555d43bf:group-214E94180942 changes to CANDIDATE, lastRpcTime:5139, electionTimeout:5139ms
2019-07-16 15:41:57,963 INFO  impl.RoleInfo (RoleInfo.java:shutdownFollowerState(121)) - c9bb5354-5abf-405d-b889-0b02555d43bf: shutdown FollowerState
2019-07-16 15:41:57,963 INFO  impl.RaftServerImpl (RaftServerImpl.java:setRole(171)) - c9bb5354-5abf-405d-b889-0b02555d43bf:group-214E94180942 changes role from FOLLOWER to CANDIDATE at term 0 for changeToCandidate
2019-07-16 15:41:57,963 INFO  impl.RoleInfo (RoleInfo.java:updateAndGet(143)) - c9bb5354-5abf-405d-b889-0b02555d43bf: start LeaderElection
2019-07-16 15:41:57,993 INFO  impl.LeaderElection (LeaderElection.java:askForVotes(181)) - c9bb5354-5abf-405d-b889-0b02555d43bf:group-214E94180942:LeaderElection84: begin an election at term 1 for -1: [c9bb5354-5abf-405d-b889-0b02555d43bf:192.168.69.88:45668], old=null
2019-07-16 15:41:57,993 INFO  impl.RoleInfo (RoleInfo.java:shutdownLeaderElection(134)) - c9bb5354-5abf-405d-b889-0b02555d43bf: shutdown LeaderElection
2019-07-16 15:41:57,994 INFO  impl.RaftServerImpl (RaftServerImpl.java:setRole(171)) - c9bb5354-5abf-405d-b889-0b02555d43bf:group-214E94180942 changes role from CANDIDATE to LEADER at term 1 for changeToLeader
2019-07-16 15:41:57,994 INFO  impl.RaftServerImpl (ServerState.java:setLeader(263)) - c9bb5354-5abf-405d-b889-0b02555d43bf:group-214E94180942 change Leader from null to c9bb5354-5abf-405d-b889-0b02555d43bf at term 1 for becomeLeader, leader elected after 5174ms
2019-07-16 15:41:57,998 INFO  server.RaftServerConfigKeys (ConfUtils.java:logGet(43)) - raft.server.staging.catchup.gap = 1000 (default)
2019-07-16 15:41:57,998 INFO  server.RaftServerConfigKeys (ConfUtils.java:logGet(43)) - raft.server.rpc.sleep.time = 25ms (default)
2019-07-16 15:41:57,998 INFO  server.RaftServerConfigKeys (ConfUtils.java:logGet(43)) - raft.server.write.element-limit = 4096 (default)
2019-07-16 15:41:57,998 INFO  server.RaftServerConfigKeys (ConfUtils.java:logGet(43)) - raft.server.watch.timeout = 10s (default)
2019-07-16 15:41:57,998 INFO  server.RaftServerConfigKeys (ConfUtils.java:logGet(43)) - raft.server.watch.timeout.denomination = 1s (default)
2019-07-16 15:41:57,998 INFO  server.RaftServerConfigKeys (ConfUtils.java:logGet(43)) - raft.server.watch.element-limit = 65536 (default)
2019-07-16 15:41:57,999 INFO  impl.RoleInfo (RoleInfo.java:updateAndGet(143)) - c9bb5354-5abf-405d-b889-0b02555d43bf: start LeaderState
2019-07-16 15:41:57,999 INFO  segmented.SegmentedRaftLogWorker (SegmentedRaftLogWorker.java:startLogSegment(380)) - c9bb5354-5abf-405d-b889-0b02555d43bf-SegmentedRaftLogWorker:Storage Directory /workdir/hadoop-ozone/integration-test/target/test-dir/MiniOzoneClusterImpl-d0ea49d4-3ec4-4341-b33c-276464736bc4/datanode-4/data/ratis/ac50d4fb-0201-48ae-8f87-214e94180942: Starting segment from index:0
2019-07-16 15:41:58,000 INFO  impl.RaftServerImpl (ServerState.java:setRaftConf(361)) - c9bb5354-5abf-405d-b889-0b02555d43bf:group-214E94180942 set configuration 0: [c9bb5354-5abf-405d-b889-0b02555d43bf:192.168.69.88:45668], old=null at 0
2019-07-16 15:41:58,022 INFO  impl.FollowerState (FollowerState.java:run(106)) - 50cd2cc6-2eab-4672-88f1-28c6d10bd0d3:group-FDA7AAE3DEBE changes to CANDIDATE, lastRpcTime:5147, electionTimeout:5147ms
2019-07-16 15:41:58,022 INFO  impl.RoleInfo (RoleInfo.java:shutdownFollowerState(121)) - 50cd2cc6-2eab-4672-88f1-28c6d10bd0d3: shutdown FollowerState
2019-07-16 15:41:58,022 INFO  impl.RaftServerImpl (RaftServerImpl.java:setRole(171)) - 50cd2cc6-2eab-4672-88f1-28c6d10bd0d3:group-FDA7AAE3DEBE changes role from FOLLOWER to CANDIDATE at term 0 for changeToCandidate
2019-07-16 15:41:58,022 INFO  impl.RoleInfo (RoleInfo.java:updateAndGet(143)) - 50cd2cc6-2eab-4672-88f1-28c6d10bd0d3: start LeaderElection
2019-07-16 15:41:58,038 INFO  segmented.SegmentedRaftLogWorker (SegmentedRaftLogWorker.java:execute(569)) - c9bb5354-5abf-405d-b889-0b02555d43bf-SegmentedRaftLogWorker:Storage Directory /workdir/hadoop-ozone/integration-test/target/test-dir/MiniOzoneClusterImpl-d0ea49d4-3ec4-4341-b33c-276464736bc4/datanode-4/data/ratis/ac50d4fb-0201-48ae-8f87-214e94180942: created new log segment /workdir/hadoop-ozone/integration-test/target/test-dir/MiniOzoneClusterImpl-d0ea49d4-3ec4-4341-b33c-276464736bc4/datanode-4/data/ratis/ac50d4fb-0201-48ae-8f87-214e94180942/current/log_inprogress_0
2019-07-16 15:41:58,053 INFO  impl.LeaderElection (LeaderElection.java:askForVotes(181)) - 50cd2cc6-2eab-4672-88f1-28c6d10bd0d3:group-FDA7AAE3DEBE:LeaderElection85: begin an election at term 1 for -1: [50cd2cc6-2eab-4672-88f1-28c6d10bd0d3:192.168.69.88:37014], old=null
2019-07-16 15:41:58,053 INFO  impl.RoleInfo (RoleInfo.java:shutdownLeaderElection(134)) - 50cd2cc6-2eab-4672-88f1-28c6d10bd0d3: shutdown LeaderElection
2019-07-16 15:41:58,053 INFO  impl.RaftServerImpl (RaftServerImpl.java:setRole(171)) - 50cd2cc6-2eab-4672-88f1-28c6d10bd0d3:group-FDA7AAE3DEBE changes role from CANDIDATE to LEADER at term 1 for changeToLeader
2019-07-16 15:41:58,053 INFO  impl.RaftServerImpl (ServerState.java:setLeader(263)) - 50cd2cc6-2eab-4672-88f1-28c6d10bd0d3:group-FDA7AAE3DEBE change Leader from null to 50cd2cc6-2eab-4672-88f1-28c6d10bd0d3 at term 1 for becomeLeader, leader elected after 5182ms
2019-07-16 15:41:58,056 INFO  server.RaftServerConfigKeys (ConfUtils.java:logGet(43)) - raft.server.staging.catchup.gap = 1000 (default)
2019-07-16 15:41:58,057 INFO  server.RaftServerConfigKeys (ConfUtils.java:logGet(43)) - raft.server.rpc.sleep.time = 25ms (default)
2019-07-16 15:41:58,057 INFO  server.RaftServerConfigKeys (ConfUtils.java:logGet(43)) - raft.server.write.element-limit = 4096 (default)
2019-07-16 15:41:58,057 INFO  server.RaftServerConfigKeys (ConfUtils.java:logGet(43)) - raft.server.watch.timeout = 10s (default)
2019-07-16 15:41:58,057 INFO  server.RaftServerConfigKeys (ConfUtils.java:logGet(43)) - raft.server.watch.timeout.denomination = 1s (default)
2019-07-16 15:41:58,057 INFO  server.RaftServerConfigKeys (ConfUtils.java:logGet(43)) - raft.server.watch.element-limit = 65536 (default)
2019-07-16 15:41:58,058 INFO  impl.RoleInfo (RoleInfo.java:updateAndGet(143)) - 50cd2cc6-2eab-4672-88f1-28c6d10bd0d3: start LeaderState
2019-07-16 15:41:58,058 INFO  segmented.SegmentedRaftLogWorker (SegmentedRaftLogWorker.java:startLogSegment(380)) - 50cd2cc6-2eab-4672-88f1-28c6d10bd0d3-SegmentedRaftLogWorker:Storage Directory /workdir/hadoop-ozone/integration-test/target/test-dir/MiniOzoneClusterImpl-d0ea49d4-3ec4-4341-b33c-276464736bc4/datanode-3/data/ratis/bfdfec82-08c8-4909-b851-fda7aae3debe: Starting segment from index:0
2019-07-16 15:41:58,058 INFO  impl.RaftServerImpl (ServerState.java:setRaftConf(361)) - 50cd2cc6-2eab-4672-88f1-28c6d10bd0d3:group-FDA7AAE3DEBE set configuration 0: [50cd2cc6-2eab-4672-88f1-28c6d10bd0d3:192.168.69.88:37014], old=null at 0
2019-07-16 15:41:58,090 INFO  segmented.SegmentedRaftLogWorker (SegmentedRaftLogWorker.java:execute(569)) - 50cd2cc6-2eab-4672-88f1-28c6d10bd0d3-SegmentedRaftLogWorker:Storage Directory /workdir/hadoop-ozone/integration-test/target/test-dir/MiniOzoneClusterImpl-d0ea49d4-3ec4-4341-b33c-276464736bc4/datanode-3/data/ratis/bfdfec82-08c8-4909-b851-fda7aae3debe: created new log segment /workdir/hadoop-ozone/integration-test/target/test-dir/MiniOzoneClusterImpl-d0ea49d4-3ec4-4341-b33c-276464736bc4/datanode-3/data/ratis/bfdfec82-08c8-4909-b851-fda7aae3debe/current/log_inprogress_0
2019-07-16 15:41:58,199 INFO  impl.FollowerState (FollowerState.java:run(106)) - a98a8c88-1df8-4294-be4b-d265116ec286:group-F39A792ED7DC changes to CANDIDATE, lastRpcTime:5067, electionTimeout:5067ms
2019-07-16 15:41:58,200 INFO  impl.RoleInfo (RoleInfo.java:shutdownFollowerState(121)) - a98a8c88-1df8-4294-be4b-d265116ec286: shutdown FollowerState
2019-07-16 15:41:58,200 INFO  impl.RaftServerImpl (RaftServerImpl.java:setRole(171)) - a98a8c88-1df8-4294-be4b-d265116ec286:group-F39A792ED7DC changes role from FOLLOWER to CANDIDATE at term 0 for changeToCandidate
2019-07-16 15:41:58,200 INFO  impl.RoleInfo (RoleInfo.java:updateAndGet(143)) - a98a8c88-1df8-4294-be4b-d265116ec286: start LeaderElection
2019-07-16 15:41:58,220 INFO  impl.LeaderElection (LeaderElection.java:askForVotes(181)) - a98a8c88-1df8-4294-be4b-d265116ec286:group-F39A792ED7DC:LeaderElection86: begin an election at term 1 for -1: [a98a8c88-1df8-4294-be4b-d265116ec286:192.168.69.88:34462], old=null
2019-07-16 15:41:58,220 INFO  impl.RoleInfo (RoleInfo.java:shutdownLeaderElection(134)) - a98a8c88-1df8-4294-be4b-d265116ec286: shutdown LeaderElection
2019-07-16 15:41:58,220 INFO  impl.RaftServerImpl (RaftServerImpl.java:setRole(171)) - a98a8c88-1df8-4294-be4b-d265116ec286:group-F39A792ED7DC changes role from CANDIDATE to LEADER at term 1 for changeToLeader
2019-07-16 15:41:58,220 INFO  impl.RaftServerImpl (ServerState.java:setLeader(263)) - a98a8c88-1df8-4294-be4b-d265116ec286:group-F39A792ED7DC change Leader from null to a98a8c88-1df8-4294-be4b-d265116ec286 at term 1 for becomeLeader, leader elected after 5092ms
2019-07-16 15:41:58,222 INFO  server.RaftServerConfigKeys (ConfUtils.java:logGet(43)) - raft.server.staging.catchup.gap = 1000 (default)
2019-07-16 15:41:58,222 INFO  server.RaftServerConfigKeys (ConfUtils.java:logGet(43)) - raft.server.rpc.sleep.time = 25ms (default)
2019-07-16 15:41:58,223 INFO  server.RaftServerConfigKeys (ConfUtils.java:logGet(43)) - raft.server.write.element-limit = 4096 (default)
2019-07-16 15:41:58,223 INFO  server.RaftServerConfigKeys (ConfUtils.java:logGet(43)) - raft.server.watch.timeout = 10s (default)
2019-07-16 15:41:58,223 INFO  server.RaftServerConfigKeys (ConfUtils.java:logGet(43)) - raft.server.watch.timeout.denomination = 1s (default)
2019-07-16 15:41:58,223 INFO  server.RaftServerConfigKeys (ConfUtils.java:logGet(43)) - raft.server.watch.element-limit = 65536 (default)
2019-07-16 15:41:58,223 INFO  impl.RoleInfo (RoleInfo.java:updateAndGet(143)) - a98a8c88-1df8-4294-be4b-d265116ec286: start LeaderState
2019-07-16 15:41:58,223 INFO  segmented.SegmentedRaftLogWorker (SegmentedRaftLogWorker.java:startLogSegment(380)) - a98a8c88-1df8-4294-be4b-d265116ec286-SegmentedRaftLogWorker:Storage Directory /workdir/hadoop-ozone/integration-test/target/test-dir/MiniOzoneClusterImpl-d0ea49d4-3ec4-4341-b33c-276464736bc4/datanode-5/data/ratis/364b4fe0-4524-4fb8-ad2b-f39a792ed7dc: Starting segment from index:0
2019-07-16 15:41:58,224 INFO  impl.RaftServerImpl (ServerState.java:setRaftConf(361)) - a98a8c88-1df8-4294-be4b-d265116ec286:group-F39A792ED7DC set configuration 0: [a98a8c88-1df8-4294-be4b-d265116ec286:192.168.69.88:34462], old=null at 0
2019-07-16 15:41:58,260 INFO  segmented.SegmentedRaftLogWorker (SegmentedRaftLogWorker.java:execute(569)) - a98a8c88-1df8-4294-be4b-d265116ec286-SegmentedRaftLogWorker:Storage Directory /workdir/hadoop-ozone/integration-test/target/test-dir/MiniOzoneClusterImpl-d0ea49d4-3ec4-4341-b33c-276464736bc4/datanode-5/data/ratis/364b4fe0-4524-4fb8-ad2b-f39a792ed7dc: created new log segment /workdir/hadoop-ozone/integration-test/target/test-dir/MiniOzoneClusterImpl-d0ea49d4-3ec4-4341-b33c-276464736bc4/datanode-5/data/ratis/364b4fe0-4524-4fb8-ad2b-f39a792ed7dc/current/log_inprogress_0
2019-07-16 15:41:58,324 INFO  impl.FollowerState (FollowerState.java:run(106)) - 50cd2cc6-2eab-4672-88f1-28c6d10bd0d3:group-828B3725BC79 changes to CANDIDATE, lastRpcTime:5115, electionTimeout:5115ms
2019-07-16 15:41:58,325 INFO  impl.RoleInfo (RoleInfo.java:shutdownFollowerState(121)) - 50cd2cc6-2eab-4672-88f1-28c6d10bd0d3: shutdown FollowerState
2019-07-16 15:41:58,325 INFO  impl.RaftServerImpl (RaftServerImpl.java:setRole(171)) - 50cd2cc6-2eab-4672-88f1-28c6d10bd0d3:group-828B3725BC79 changes role from FOLLOWER to CANDIDATE at term 0 for changeToCandidate
2019-07-16 15:41:58,325 INFO  impl.RoleInfo (RoleInfo.java:updateAndGet(143)) - 50cd2cc6-2eab-4672-88f1-28c6d10bd0d3: start LeaderElection
2019-07-16 15:41:58,343 INFO  impl.LeaderElection (LeaderElection.java:askForVotes(181)) - 50cd2cc6-2eab-4672-88f1-28c6d10bd0d3:group-828B3725BC79:LeaderElection87: begin an election at term 1 for -1: [a98a8c88-1df8-4294-be4b-d265116ec286:192.168.69.88:34462, 50cd2cc6-2eab-4672-88f1-28c6d10bd0d3:192.168.69.88:37014, c9bb5354-5abf-405d-b889-0b02555d43bf:192.168.69.88:45668], old=null
2019-07-16 15:41:58,347 INFO  impl.RaftServerImpl (RaftServerImpl.java:setRole(171)) - c9bb5354-5abf-405d-b889-0b02555d43bf:group-828B3725BC79 changes role from FOLLOWER to FOLLOWER at term 1 for recognizeCandidate:50cd2cc6-2eab-4672-88f1-28c6d10bd0d3
2019-07-16 15:41:58,352 INFO  impl.RaftServerImpl (RaftServerImpl.java:setRole(171)) - a98a8c88-1df8-4294-be4b-d265116ec286:group-828B3725BC79 changes role from FOLLOWER to FOLLOWER at term 1 for recognizeCandidate:50cd2cc6-2eab-4672-88f1-28c6d10bd0d3
2019-07-16 15:41:58,352 INFO  impl.RoleInfo (RoleInfo.java:shutdownFollowerState(121)) - c9bb5354-5abf-405d-b889-0b02555d43bf: shutdown FollowerState
2019-07-16 15:41:58,352 INFO  impl.RoleInfo (RoleInfo.java:shutdownFollowerState(121)) - a98a8c88-1df8-4294-be4b-d265116ec286: shutdown FollowerState
2019-07-16 15:41:58,353 INFO  impl.RoleInfo (RoleInfo.java:updateAndGet(143)) - c9bb5354-5abf-405d-b889-0b02555d43bf: start FollowerState
2019-07-16 15:41:58,353 INFO  impl.FollowerState (FollowerState.java:run(114)) - c9bb5354-5abf-405d-b889-0b02555d43bf: FollowerState was interrupted: java.lang.InterruptedException: sleep interrupted
2019-07-16 15:41:58,353 INFO  impl.RoleInfo (RoleInfo.java:updateAndGet(143)) - a98a8c88-1df8-4294-be4b-d265116ec286: start FollowerState
2019-07-16 15:41:58,377 INFO  impl.LeaderElection (LeaderElection.java:logAndReturn(56)) - 50cd2cc6-2eab-4672-88f1-28c6d10bd0d3:group-828B3725BC79:LeaderElection87: Election PASSED; received 1 response(s) [50cd2cc6-2eab-4672-88f1-28c6d10bd0d3<-c9bb5354-5abf-405d-b889-0b02555d43bf#0:OK-t1] and 0 exception(s); 50cd2cc6-2eab-4672-88f1-28c6d10bd0d3:t1, leader=null, voted=50cd2cc6-2eab-4672-88f1-28c6d10bd0d3, raftlog=50cd2cc6-2eab-4672-88f1-28c6d10bd0d3-SegmentedRaftLog:OPENED:c-1,f-1,i0, conf=-1: [a98a8c88-1df8-4294-be4b-d265116ec286:192.168.69.88:34462, 50cd2cc6-2eab-4672-88f1-28c6d10bd0d3:192.168.69.88:37014, c9bb5354-5abf-405d-b889-0b02555d43bf:192.168.69.88:45668], old=null
2019-07-16 15:41:58,377 INFO  impl.RoleInfo (RoleInfo.java:shutdownLeaderElection(134)) - 50cd2cc6-2eab-4672-88f1-28c6d10bd0d3: shutdown LeaderElection
2019-07-16 15:41:58,378 INFO  impl.RaftServerImpl (RaftServerImpl.java:setRole(171)) - 50cd2cc6-2eab-4672-88f1-28c6d10bd0d3:group-828B3725BC79 changes role from CANDIDATE to LEADER at term 1 for changeToLeader
2019-07-16 15:41:58,378 INFO  impl.RaftServerImpl (ServerState.java:setLeader(263)) - 50cd2cc6-2eab-4672-88f1-28c6d10bd0d3:group-828B3725BC79 change Leader from null to 50cd2cc6-2eab-4672-88f1-28c6d10bd0d3 at term 1 for becomeLeader, leader elected after 5177ms
2019-07-16 15:41:58,378 INFO  server.RaftServerConfigKeys (ConfUtils.java:logGet(43)) - raft.server.staging.catchup.gap = 1000 (default)
2019-07-16 15:41:58,378 INFO  server.RaftServerConfigKeys (ConfUtils.java:logGet(43)) - raft.server.rpc.sleep.time = 25ms (default)
2019-07-16 15:41:58,378 INFO  server.RaftServerConfigKeys (ConfUtils.java:logGet(43)) - raft.server.write.element-limit = 4096 (default)
2019-07-16 15:41:58,378 INFO  server.RaftServerConfigKeys (ConfUtils.java:logGet(43)) - raft.server.watch.timeout = 10s (default)
2019-07-16 15:41:58,378 INFO  server.RaftServerConfigKeys (ConfUtils.java:logGet(43)) - raft.server.watch.timeout.denomination = 1s (default)
2019-07-16 15:41:58,379 INFO  server.RaftServerConfigKeys (ConfUtils.java:logGet(43)) - raft.server.watch.element-limit = 65536 (default)
2019-07-16 15:41:58,379 INFO  server.RaftServerConfigKeys (ConfUtils.java:logGet(43)) - raft.server.log.appender.snapshot.chunk.size.max = 16MB (=16777216) (default)
2019-07-16 15:41:58,379 INFO  server.RaftServerConfigKeys (ConfUtils.java:logGet(43)) - raft.server.log.appender.buffer.byte-limit = 33554432 (custom)
2019-07-16 15:41:58,379 INFO  server.RaftServerConfigKeys (ConfUtils.java:logGet(43)) - raft.server.log.appender.buffer.element-limit = 1 (custom)
2019-07-16 15:41:58,379 INFO  grpc.GrpcConfigKeys$Server (ConfUtils.java:logGet(43)) - raft.grpc.server.leader.outstanding.appends.max = 128 (default)
2019-07-16 15:41:58,380 INFO  server.RaftServerConfigKeys (ConfUtils.java:logGet(43)) - raft.server.rpc.request.timeout = 3000ms (default)
2019-07-16 15:41:58,380 INFO  server.RaftServerConfigKeys (ConfUtils.java:logGet(43)) - raft.server.log.appender.install.snapshot.enabled = false (custom)
2019-07-16 15:41:58,380 INFO  server.RaftServerConfigKeys (ConfUtils.java:logGet(43)) - raft.server.log.appender.snapshot.chunk.size.max = 16MB (=16777216) (default)
2019-07-16 15:41:58,380 INFO  server.RaftServerConfigKeys (ConfUtils.java:logGet(43)) - raft.server.log.appender.buffer.byte-limit = 33554432 (custom)
2019-07-16 15:41:58,380 INFO  server.RaftServerConfigKeys (ConfUtils.java:logGet(43)) - raft.server.log.appender.buffer.element-limit = 1 (custom)
2019-07-16 15:41:58,380 INFO  grpc.GrpcConfigKeys$Server (ConfUtils.java:logGet(43)) - raft.grpc.server.leader.outstanding.appends.max = 128 (default)
2019-07-16 15:41:58,381 INFO  server.RaftServerConfigKeys (ConfUtils.java:logGet(43)) - raft.server.rpc.request.timeout = 3000ms (default)
2019-07-16 15:41:58,381 INFO  server.RaftServerConfigKeys (ConfUtils.java:logGet(43)) - raft.server.log.appender.install.snapshot.enabled = false (custom)
2019-07-16 15:41:58,381 INFO  impl.RoleInfo (RoleInfo.java:updateAndGet(143)) - 50cd2cc6-2eab-4672-88f1-28c6d10bd0d3: start LeaderState
2019-07-16 15:41:58,381 INFO  segmented.SegmentedRaftLogWorker (SegmentedRaftLogWorker.java:startLogSegment(380)) - 50cd2cc6-2eab-4672-88f1-28c6d10bd0d3-SegmentedRaftLogWorker:Storage Directory /workdir/hadoop-ozone/integration-test/target/test-dir/MiniOzoneClusterImpl-d0ea49d4-3ec4-4341-b33c-276464736bc4/datanode-3/data/ratis/b2803414-1cd1-4b54-a243-828b3725bc79: Starting segment from index:0
2019-07-16 15:41:58,382 INFO  impl.RaftServerImpl (ServerState.java:setRaftConf(361)) - 50cd2cc6-2eab-4672-88f1-28c6d10bd0d3:group-828B3725BC79 set configuration 0: [a98a8c88-1df8-4294-be4b-d265116ec286:192.168.69.88:34462, 50cd2cc6-2eab-4672-88f1-28c6d10bd0d3:192.168.69.88:37014, c9bb5354-5abf-405d-b889-0b02555d43bf:192.168.69.88:45668], old=null at 0
2019-07-16 15:41:58,383 INFO  impl.RaftServerImpl (ServerState.java:setLeader(263)) - a98a8c88-1df8-4294-be4b-d265116ec286:group-828B3725BC79 change Leader from null to 50cd2cc6-2eab-4672-88f1-28c6d10bd0d3 at term 1 for appendEntries, leader elected after 5182ms
2019-07-16 15:41:58,401 INFO  impl.RaftServerImpl (ServerState.java:setLeader(263)) - c9bb5354-5abf-405d-b889-0b02555d43bf:group-828B3725BC79 change Leader from null to 50cd2cc6-2eab-4672-88f1-28c6d10bd0d3 at term 1 for appendEntries, leader elected after 5201ms
2019-07-16 15:41:58,404 INFO  impl.RaftServerImpl (ServerState.java:setRaftConf(361)) - a98a8c88-1df8-4294-be4b-d265116ec286:group-828B3725BC79 set configuration 0: [a98a8c88-1df8-4294-be4b-d265116ec286:192.168.69.88:34462, 50cd2cc6-2eab-4672-88f1-28c6d10bd0d3:192.168.69.88:37014, c9bb5354-5abf-405d-b889-0b02555d43bf:192.168.69.88:45668], old=null at 0
2019-07-16 15:41:58,404 INFO  impl.RaftServerImpl (ServerState.java:setRaftConf(361)) - c9bb5354-5abf-405d-b889-0b02555d43bf:group-828B3725BC79 set configuration 0: [a98a8c88-1df8-4294-be4b-d265116ec286:192.168.69.88:34462, 50cd2cc6-2eab-4672-88f1-28c6d10bd0d3:192.168.69.88:37014, c9bb5354-5abf-405d-b889-0b02555d43bf:192.168.69.88:45668], old=null at 0
2019-07-16 15:41:58,404 INFO  segmented.SegmentedRaftLogWorker (SegmentedRaftLogWorker.java:startLogSegment(380)) - a98a8c88-1df8-4294-be4b-d265116ec286-SegmentedRaftLogWorker:Storage Directory /workdir/hadoop-ozone/integration-test/target/test-dir/MiniOzoneClusterImpl-d0ea49d4-3ec4-4341-b33c-276464736bc4/datanode-5/data/ratis/b2803414-1cd1-4b54-a243-828b3725bc79: Starting segment from index:0
2019-07-16 15:41:58,405 INFO  segmented.SegmentedRaftLogWorker (SegmentedRaftLogWorker.java:startLogSegment(380)) - c9bb5354-5abf-405d-b889-0b02555d43bf-SegmentedRaftLogWorker:Storage Directory /workdir/hadoop-ozone/integration-test/target/test-dir/MiniOzoneClusterImpl-d0ea49d4-3ec4-4341-b33c-276464736bc4/datanode-4/data/ratis/b2803414-1cd1-4b54-a243-828b3725bc79: Starting segment from index:0
2019-07-16 15:41:58,414 INFO  segmented.SegmentedRaftLogWorker (SegmentedRaftLogWorker.java:execute(569)) - 50cd2cc6-2eab-4672-88f1-28c6d10bd0d3-SegmentedRaftLogWorker:Storage Directory /workdir/hadoop-ozone/integration-test/target/test-dir/MiniOzoneClusterImpl-d0ea49d4-3ec4-4341-b33c-276464736bc4/datanode-3/data/ratis/b2803414-1cd1-4b54-a243-828b3725bc79: created new log segment /workdir/hadoop-ozone/integration-test/target/test-dir/MiniOzoneClusterImpl-d0ea49d4-3ec4-4341-b33c-276464736bc4/datanode-3/data/ratis/b2803414-1cd1-4b54-a243-828b3725bc79/current/log_inprogress_0
2019-07-16 15:41:58,429 INFO  segmented.SegmentedRaftLogWorker (SegmentedRaftLogWorker.java:execute(569)) - a98a8c88-1df8-4294-be4b-d265116ec286-SegmentedRaftLogWorker:Storage Directory /workdir/hadoop-ozone/integration-test/target/test-dir/MiniOzoneClusterImpl-d0ea49d4-3ec4-4341-b33c-276464736bc4/datanode-5/data/ratis/b2803414-1cd1-4b54-a243-828b3725bc79: created new log segment /workdir/hadoop-ozone/integration-test/target/test-dir/MiniOzoneClusterImpl-d0ea49d4-3ec4-4341-b33c-276464736bc4/datanode-5/data/ratis/b2803414-1cd1-4b54-a243-828b3725bc79/current/log_inprogress_0
2019-07-16 15:41:58,429 INFO  segmented.SegmentedRaftLogWorker (SegmentedRaftLogWorker.java:execute(569)) - c9bb5354-5abf-405d-b889-0b02555d43bf-SegmentedRaftLogWorker:Storage Directory /workdir/hadoop-ozone/integration-test/target/test-dir/MiniOzoneClusterImpl-d0ea49d4-3ec4-4341-b33c-276464736bc4/datanode-4/data/ratis/b2803414-1cd1-4b54-a243-828b3725bc79: created new log segment /workdir/hadoop-ozone/integration-test/target/test-dir/MiniOzoneClusterImpl-d0ea49d4-3ec4-4341-b33c-276464736bc4/datanode-4/data/ratis/b2803414-1cd1-4b54-a243-828b3725bc79/current/log_inprogress_0
2019-07-16 15:41:58,484 INFO  client.GrpcClientProtocolClient (GrpcClientProtocolClient.java:onNext(255)) - client-B838B9EA1AE1->a98a8c88-1df8-4294-be4b-d265116ec286: receive RaftClientReply:client-B838B9EA1AE1->a98a8c88-1df8-4294-be4b-d265116ec286@group-828B3725BC79, cid=205, FAILED org.apache.ratis.protocol.NotLeaderException: Server a98a8c88-1df8-4294-be4b-d265116ec286 is not the leader (50cd2cc6-2eab-4672-88f1-28c6d10bd0d3:192.168.69.88:37014). Request must be sent to leader., logIndex=0, commits[a98a8c88-1df8-4294-be4b-d265116ec286:c-1, 50cd2cc6-2eab-4672-88f1-28c6d10bd0d3:c-1, c9bb5354-5abf-405d-b889-0b02555d43bf:c-1]
2019-07-16 15:41:58,577 INFO  impl.FollowerState (FollowerState.java:run(106)) - 923333b2-77ca-4b35-8a10-2f76fd49465e:group-F58CD8C50954 changes to CANDIDATE, lastRpcTime:5176, electionTimeout:5176ms
2019-07-16 15:41:58,577 INFO  impl.RoleInfo (RoleInfo.java:shutdownFollowerState(121)) - 923333b2-77ca-4b35-8a10-2f76fd49465e: shutdown FollowerState
2019-07-16 15:41:58,577 INFO  impl.RaftServerImpl (RaftServerImpl.java:setRole(171)) - 923333b2-77ca-4b35-8a10-2f76fd49465e:group-F58CD8C50954 changes role from FOLLOWER to CANDIDATE at term 0 for changeToCandidate
2019-07-16 15:41:58,577 INFO  impl.RoleInfo (RoleInfo.java:updateAndGet(143)) - 923333b2-77ca-4b35-8a10-2f76fd49465e: start LeaderElection
2019-07-16 15:41:58,590 INFO  impl.LeaderElection (LeaderElection.java:askForVotes(181)) - 923333b2-77ca-4b35-8a10-2f76fd49465e:group-F58CD8C50954:LeaderElection88: begin an election at term 1 for -1: [923333b2-77ca-4b35-8a10-2f76fd49465e:192.168.69.88:40565], old=null
2019-07-16 15:41:58,590 INFO  impl.RoleInfo (RoleInfo.java:shutdownLeaderElection(134)) - 923333b2-77ca-4b35-8a10-2f76fd49465e: shutdown LeaderElection
2019-07-16 15:41:58,591 INFO  impl.RaftServerImpl (RaftServerImpl.java:setRole(171)) - 923333b2-77ca-4b35-8a10-2f76fd49465e:group-F58CD8C50954 changes role from CANDIDATE to LEADER at term 1 for changeToLeader
2019-07-16 15:41:58,591 INFO  impl.RaftServerImpl (ServerState.java:setLeader(263)) - 923333b2-77ca-4b35-8a10-2f76fd49465e:group-F58CD8C50954 change Leader from null to 923333b2-77ca-4b35-8a10-2f76fd49465e at term 1 for becomeLeader, leader elected after 5195ms
2019-07-16 15:41:58,594 INFO  server.RaftServerConfigKeys (ConfUtils.java:logGet(43)) - raft.server.staging.catchup.gap = 1000 (default)
2019-07-16 15:41:58,594 INFO  server.RaftServerConfigKeys (ConfUtils.java:logGet(43)) - raft.server.rpc.sleep.time = 25ms (default)
2019-07-16 15:41:58,594 INFO  server.RaftServerConfigKeys (ConfUtils.java:logGet(43)) - raft.server.write.element-limit = 4096 (default)
2019-07-16 15:41:58,594 INFO  server.RaftServerConfigKeys (ConfUtils.java:logGet(43)) - raft.server.watch.timeout = 10s (default)
2019-07-16 15:41:58,595 INFO  server.RaftServerConfigKeys (ConfUtils.java:logGet(43)) - raft.server.watch.timeout.denomination = 1s (default)
2019-07-16 15:41:58,595 INFO  server.RaftServerConfigKeys (ConfUtils.java:logGet(43)) - raft.server.watch.element-limit = 65536 (default)
2019-07-16 15:41:58,595 INFO  impl.RoleInfo (RoleInfo.java:updateAndGet(143)) - 923333b2-77ca-4b35-8a10-2f76fd49465e: start LeaderState
2019-07-16 15:41:58,595 INFO  segmented.SegmentedRaftLogWorker (SegmentedRaftLogWorker.java:startLogSegment(380)) - 923333b2-77ca-4b35-8a10-2f76fd49465e-SegmentedRaftLogWorker:Storage Directory /workdir/hadoop-ozone/integration-test/target/test-dir/MiniOzoneClusterImpl-d0ea49d4-3ec4-4341-b33c-276464736bc4/datanode-6/data/ratis/1ad43536-cc18-403d-924f-f58cd8c50954: Starting segment from index:0
2019-07-16 15:41:58,596 INFO  impl.RaftServerImpl (ServerState.java:setRaftConf(361)) - 923333b2-77ca-4b35-8a10-2f76fd49465e:group-F58CD8C50954 set configuration 0: [923333b2-77ca-4b35-8a10-2f76fd49465e:192.168.69.88:40565], old=null at 0
2019-07-16 15:41:58,634 INFO  segmented.SegmentedRaftLogWorker (SegmentedRaftLogWorker.java:execute(569)) - 923333b2-77ca-4b35-8a10-2f76fd49465e-SegmentedRaftLogWorker:Storage Directory /workdir/hadoop-ozone/integration-test/target/test-dir/MiniOzoneClusterImpl-d0ea49d4-3ec4-4341-b33c-276464736bc4/datanode-6/data/ratis/1ad43536-cc18-403d-924f-f58cd8c50954: created new log segment /workdir/hadoop-ozone/integration-test/target/test-dir/MiniOzoneClusterImpl-d0ea49d4-3ec4-4341-b33c-276464736bc4/datanode-6/data/ratis/1ad43536-cc18-403d-924f-f58cd8c50954/current/log_inprogress_0
2019-07-16 15:41:58,669 INFO  client.GrpcClientProtocolClient (GrpcClientProtocolClient.java:onNext(255)) - client-B838B9EA1AE1->50cd2cc6-2eab-4672-88f1-28c6d10bd0d3: receive RaftClientReply:client-B838B9EA1AE1->50cd2cc6-2eab-4672-88f1-28c6d10bd0d3@group-828B3725BC79, cid=205, SUCCESS, logIndex=1, commits[50cd2cc6-2eab-4672-88f1-28c6d10bd0d3:c1, a98a8c88-1df8-4294-be4b-d265116ec286:c0, c9bb5354-5abf-405d-b889-0b02555d43bf:c0]
2019-07-16 15:41:58,696 INFO  client.GrpcClientProtocolClient (GrpcClientProtocolClient.java:onNext(255)) - client-B838B9EA1AE1->50cd2cc6-2eab-4672-88f1-28c6d10bd0d3: receive RaftClientReply:client-B838B9EA1AE1->50cd2cc6-2eab-4672-88f1-28c6d10bd0d3@group-828B3725BC79, cid=206, SUCCESS, logIndex=3, commits[50cd2cc6-2eab-4672-88f1-28c6d10bd0d3:c3, a98a8c88-1df8-4294-be4b-d265116ec286:c2, c9bb5354-5abf-405d-b889-0b02555d43bf:c2]
2019-07-16 15:41:58,749 INFO  client.GrpcClientProtocolClient (GrpcClientProtocolClient.java:onNext(255)) - client-B838B9EA1AE1->50cd2cc6-2eab-4672-88f1-28c6d10bd0d3: receive RaftClientReply:client-B838B9EA1AE1->50cd2cc6-2eab-4672-88f1-28c6d10bd0d3@group-828B3725BC79, cid=207, SUCCESS, logIndex=4, commits[50cd2cc6-2eab-4672-88f1-28c6d10bd0d3:c6, a98a8c88-1df8-4294-be4b-d265116ec286:c3, c9bb5354-5abf-405d-b889-0b02555d43bf:c3]
2019-07-16 15:41:59,750 WARN  scm.XceiverClientRatis (XceiverClientRatis.java:watchForCommit(262)) - 3 way commit failed on pipeline Pipeline[ Id: b2803414-1cd1-4b54-a243-828b3725bc79, Nodes: c9bb5354-5abf-405d-b889-0b02555d43bf{ip: 192.168.69.88, host: trunk-nightly-kgw5x-1882989438, networkLocation: /default-rack, certSerialId: null}a98a8c88-1df8-4294-be4b-d265116ec286{ip: 192.168.69.88, host: trunk-nightly-kgw5x-1882989438, networkLocation: /default-rack, certSerialId: null}50cd2cc6-2eab-4672-88f1-28c6d10bd0d3{ip: 192.168.69.88, host: trunk-nightly-kgw5x-1882989438, networkLocation: /default-rack, certSerialId: null}, Type:RATIS, Factor:THREE, State:OPEN]
java.util.concurrent.TimeoutException
	at java.util.concurrent.CompletableFuture.timedGet(CompletableFuture.java:1771)
	at java.util.concurrent.CompletableFuture.get(CompletableFuture.java:1915)
	at org.apache.hadoop.hdds.scm.XceiverClientRatis.watchForCommit(XceiverClientRatis.java:259)
	at org.apache.hadoop.hdds.scm.storage.CommitWatcher.watchForCommit(CommitWatcher.java:194)
	at org.apache.hadoop.hdds.scm.storage.CommitWatcher.watchOnLastIndex(CommitWatcher.java:157)
	at org.apache.hadoop.hdds.scm.storage.BlockOutputStream.watchForCommit(BlockOutputStream.java:348)
	at org.apache.hadoop.hdds.scm.storage.BlockOutputStream.handleFlush(BlockOutputStream.java:480)
	at org.apache.hadoop.hdds.scm.storage.BlockOutputStream.flush(BlockOutputStream.java:429)
	at org.apache.hadoop.ozone.client.io.BlockOutputStreamEntry.flush(BlockOutputStreamEntry.java:136)
	at org.apache.hadoop.ozone.client.io.KeyOutputStream.handleFlushOrClose(KeyOutputStream.java:442)
	at org.apache.hadoop.ozone.client.io.KeyOutputStream.flush(KeyOutputStream.java:396)
	at org.apache.hadoop.ozone.client.io.OzoneOutputStream.flush(OzoneOutputStream.java:54)
	at org.apache.hadoop.ozone.client.rpc.TestBlockOutputStreamWithFailures.testFailureWithPrimeSizedData(TestBlockOutputStreamWithFailures.java:595)
	at sun.reflect.NativeMethodAccessorImpl.invoke0(Native Method)
	at sun.reflect.NativeMethodAccessorImpl.invoke(NativeMethodAccessorImpl.java:62)
	at sun.reflect.DelegatingMethodAccessorImpl.invoke(DelegatingMethodAccessorImpl.java:43)
	at java.lang.reflect.Method.invoke(Method.java:498)
	at org.junit.runners.model.FrameworkMethod$1.runReflectiveCall(FrameworkMethod.java:47)
	at org.junit.internal.runners.model.ReflectiveCallable.run(ReflectiveCallable.java:12)
	at org.junit.runners.model.FrameworkMethod.invokeExplosively(FrameworkMethod.java:44)
	at org.junit.internal.runners.statements.InvokeMethod.evaluate(InvokeMethod.java:17)
	at org.junit.internal.runners.statements.RunBefores.evaluate(RunBefores.java:26)
	at org.junit.internal.runners.statements.RunAfters.evaluate(RunAfters.java:27)
	at org.junit.runners.ParentRunner.runLeaf(ParentRunner.java:271)
	at org.junit.runners.BlockJUnit4ClassRunner.runChild(BlockJUnit4ClassRunner.java:70)
	at org.junit.runners.BlockJUnit4ClassRunner.runChild(BlockJUnit4ClassRunner.java:50)
	at org.junit.runners.ParentRunner$3.run(ParentRunner.java:238)
	at org.junit.runners.ParentRunner$1.schedule(ParentRunner.java:63)
	at org.junit.runners.ParentRunner.runChildren(ParentRunner.java:236)
	at org.junit.runners.ParentRunner.access$000(ParentRunner.java:53)
	at org.junit.runners.ParentRunner$2.evaluate(ParentRunner.java:229)
	at org.junit.runners.ParentRunner.run(ParentRunner.java:309)
	at org.apache.maven.surefire.junit4.JUnit4Provider.execute(JUnit4Provider.java:365)
	at org.apache.maven.surefire.junit4.JUnit4Provider.executeWithRerun(JUnit4Provider.java:273)
	at org.apache.maven.surefire.junit4.JUnit4Provider.executeTestSet(JUnit4Provider.java:238)
	at org.apache.maven.surefire.junit4.JUnit4Provider.invoke(JUnit4Provider.java:159)
	at org.apache.maven.surefire.booter.ForkedBooter.invokeProviderInSameClassLoader(ForkedBooter.java:384)
	at org.apache.maven.surefire.booter.ForkedBooter.runSuitesInProcess(ForkedBooter.java:345)
	at org.apache.maven.surefire.booter.ForkedBooter.execute(ForkedBooter.java:126)
	at org.apache.maven.surefire.booter.ForkedBooter.main(ForkedBooter.java:418)
2019-07-16 15:42:00,754 WARN  storage.CommitWatcher (CommitWatcher.java:watchForCommit(203)) - watchForCommit failed for index 4
java.util.concurrent.TimeoutException
	at java.util.concurrent.CompletableFuture.timedGet(CompletableFuture.java:1771)
	at java.util.concurrent.CompletableFuture.get(CompletableFuture.java:1915)
	at org.apache.hadoop.hdds.scm.XceiverClientRatis.watchForCommit(XceiverClientRatis.java:268)
	at org.apache.hadoop.hdds.scm.storage.CommitWatcher.watchForCommit(CommitWatcher.java:194)
	at org.apache.hadoop.hdds.scm.storage.CommitWatcher.watchOnLastIndex(CommitWatcher.java:157)
	at org.apache.hadoop.hdds.scm.storage.BlockOutputStream.watchForCommit(BlockOutputStream.java:348)
	at org.apache.hadoop.hdds.scm.storage.BlockOutputStream.handleFlush(BlockOutputStream.java:480)
	at org.apache.hadoop.hdds.scm.storage.BlockOutputStream.flush(BlockOutputStream.java:429)
	at org.apache.hadoop.ozone.client.io.BlockOutputStreamEntry.flush(BlockOutputStreamEntry.java:136)
	at org.apache.hadoop.ozone.client.io.KeyOutputStream.handleFlushOrClose(KeyOutputStream.java:442)
	at org.apache.hadoop.ozone.client.io.KeyOutputStream.flush(KeyOutputStream.java:396)
	at org.apache.hadoop.ozone.client.io.OzoneOutputStream.flush(OzoneOutputStream.java:54)
	at org.apache.hadoop.ozone.client.rpc.TestBlockOutputStreamWithFailures.testFailureWithPrimeSizedData(TestBlockOutputStreamWithFailures.java:595)
	at sun.reflect.NativeMethodAccessorImpl.invoke0(Native Method)
	at sun.reflect.NativeMethodAccessorImpl.invoke(NativeMethodAccessorImpl.java:62)
	at sun.reflect.DelegatingMethodAccessorImpl.invoke(DelegatingMethodAccessorImpl.java:43)
	at java.lang.reflect.Method.invoke(Method.java:498)
	at org.junit.runners.model.FrameworkMethod$1.runReflectiveCall(FrameworkMethod.java:47)
	at org.junit.internal.runners.model.ReflectiveCallable.run(ReflectiveCallable.java:12)
	at org.junit.runners.model.FrameworkMethod.invokeExplosively(FrameworkMethod.java:44)
	at org.junit.internal.runners.statements.InvokeMethod.evaluate(InvokeMethod.java:17)
	at org.junit.internal.runners.statements.RunBefores.evaluate(RunBefores.java:26)
	at org.junit.internal.runners.statements.RunAfters.evaluate(RunAfters.java:27)
	at org.junit.runners.ParentRunner.runLeaf(ParentRunner.java:271)
	at org.junit.runners.BlockJUnit4ClassRunner.runChild(BlockJUnit4ClassRunner.java:70)
	at org.junit.runners.BlockJUnit4ClassRunner.runChild(BlockJUnit4ClassRunner.java:50)
	at org.junit.runners.ParentRunner$3.run(ParentRunner.java:238)
	at org.junit.runners.ParentRunner$1.schedule(ParentRunner.java:63)
	at org.junit.runners.ParentRunner.runChildren(ParentRunner.java:236)
	at org.junit.runners.ParentRunner.access$000(ParentRunner.java:53)
	at org.junit.runners.ParentRunner$2.evaluate(ParentRunner.java:229)
	at org.junit.runners.ParentRunner.run(ParentRunner.java:309)
	at org.apache.maven.surefire.junit4.JUnit4Provider.execute(JUnit4Provider.java:365)
	at org.apache.maven.surefire.junit4.JUnit4Provider.executeWithRerun(JUnit4Provider.java:273)
	at org.apache.maven.surefire.junit4.JUnit4Provider.executeTestSet(JUnit4Provider.java:238)
	at org.apache.maven.surefire.junit4.JUnit4Provider.invoke(JUnit4Provider.java:159)
	at org.apache.maven.surefire.booter.ForkedBooter.invokeProviderInSameClassLoader(ForkedBooter.java:384)
	at org.apache.maven.surefire.booter.ForkedBooter.runSuitesInProcess(ForkedBooter.java:345)
	at org.apache.maven.surefire.booter.ForkedBooter.execute(ForkedBooter.java:126)
	at org.apache.maven.surefire.booter.ForkedBooter.main(ForkedBooter.java:418)
2019-07-16 15:42:00,756 WARN  io.KeyOutputStream (KeyOutputStream.java:handleException(276)) - Encountered exception java.io.IOException: Unexpected Storage Container Exception: java.io.IOException: Unexpected Storage Container Exception: java.util.concurrent.TimeoutException on the pipeline Pipeline[ Id: b2803414-1cd1-4b54-a243-828b3725bc79, Nodes: c9bb5354-5abf-405d-b889-0b02555d43bf{ip: 192.168.69.88, host: trunk-nightly-kgw5x-1882989438, networkLocation: /default-rack, certSerialId: null}a98a8c88-1df8-4294-be4b-d265116ec286{ip: 192.168.69.88, host: trunk-nightly-kgw5x-1882989438, networkLocation: /default-rack, certSerialId: null}50cd2cc6-2eab-4672-88f1-28c6d10bd0d3{ip: 192.168.69.88, host: trunk-nightly-kgw5x-1882989438, networkLocation: /default-rack, certSerialId: null}, Type:RATIS, Factor:THREE, State:OPEN]. The last committed block length is 0, uncommitted data length is 167 retry count 0
2019-07-16 15:42:00,980 INFO  client.GrpcClientProtocolClient (GrpcClientProtocolClient.java:onNext(255)) - client-D0297336939C->af18e082-789a-4136-9fd8-e6ee9c588402: receive RaftClientReply:client-D0297336939C->af18e082-789a-4136-9fd8-e6ee9c588402@group-1FF22355E4B8, cid=210, SUCCESS, logIndex=1, commits[af18e082-789a-4136-9fd8-e6ee9c588402:c1, f234ebe8-b51f-4c9e-910e-977eba04df35:c0, e7960c47-8f9e-4a5b-a966-2b5bf1679925:c0]
2019-07-16 15:42:01,016 INFO  client.GrpcClientProtocolClient (GrpcClientProtocolClient.java:onNext(255)) - client-D0297336939C->af18e082-789a-4136-9fd8-e6ee9c588402: receive RaftClientReply:client-D0297336939C->af18e082-789a-4136-9fd8-e6ee9c588402@group-1FF22355E4B8, cid=211, SUCCESS, logIndex=3, commits[af18e082-789a-4136-9fd8-e6ee9c588402:c4, f234ebe8-b51f-4c9e-910e-977eba04df35:c2, e7960c47-8f9e-4a5b-a966-2b5bf1679925:c2]
2019-07-16 15:42:01,073 INFO  client.GrpcClientProtocolClient (GrpcClientProtocolClient.java:onNext(255)) - client-D0297336939C->af18e082-789a-4136-9fd8-e6ee9c588402: receive RaftClientReply:client-D0297336939C->af18e082-789a-4136-9fd8-e6ee9c588402@group-1FF22355E4B8, cid=212, SUCCESS, logIndex=4, commits[af18e082-789a-4136-9fd8-e6ee9c588402:c6, f234ebe8-b51f-4c9e-910e-977eba04df35:c4, e7960c47-8f9e-4a5b-a966-2b5bf1679925:c4]
2019-07-16 15:42:01,074 INFO  ozone.MiniOzoneClusterImpl (MiniOzoneClusterImpl.java:shutdown(321)) - Shutting down the Mini Ozone Cluster
2019-07-16 15:42:01,074 INFO  ozone.MiniOzoneClusterImpl (MiniOzoneClusterImpl.java:stop(336)) - Stopping the Mini Ozone Cluster
2019-07-16 15:42:01,074 INFO  ozone.MiniOzoneClusterImpl (MiniOzoneClusterImpl.java:stop(338)) - Stopping the OzoneManager
2019-07-16 15:42:01,075 INFO  ipc.Server (Server.java:stop(3082)) - Stopping server on 46263
2019-07-16 15:42:01,081 INFO  ipc.Server (Server.java:run(1185)) - Stopping IPC Server listener on 46263
2019-07-16 15:42:01,099 INFO  ipc.Server (Server.java:run(1319)) - Stopping IPC Server Responder
2019-07-16 15:42:01,099 INFO  utils.BackgroundService (BackgroundService.java:shutdown(148)) - Shutting down service KeyDeletingService
2019-07-16 15:42:01,115 INFO  handler.ContextHandler (ContextHandler.java:doStop(910)) - Stopped o.e.j.w.WebAppContext@63f093a{/,null,UNAVAILABLE}{/ozoneManager}
2019-07-16 15:42:01,116 INFO  server.AbstractConnector (AbstractConnector.java:doStop(318)) - Stopped ServerConnector@21132086{HTTP/1.1,[http/1.1]}{0.0.0.0:0}
2019-07-16 15:42:01,117 INFO  handler.ContextHandler (ContextHandler.java:doStop(910)) - Stopped o.e.j.s.ServletContextHandler@3a8ae302{/static,file:///workdir/hadoop-ozone/integration-test/target/test-classes/webapps/static,UNAVAILABLE}
2019-07-16 15:42:01,117 INFO  handler.ContextHandler (ContextHandler.java:doStop(910)) - Stopped o.e.j.s.ServletContextHandler@3edc999f{/logs,file:///workdir/hadoop-ozone/integration-test/target/log,UNAVAILABLE}
2019-07-16 15:42:01,132 INFO  ozone.MiniOzoneClusterImpl (MiniOzoneClusterImpl.java:stop(344)) - Shutting the HddsDatanodes
2019-07-16 15:42:01,132 INFO  datanode.ObjectStoreHandler (ObjectStoreHandler.java:close(155)) - Closing ObjectStoreHandler.
2019-07-16 15:42:01,132 INFO  datanode.ObjectStoreHandler (ObjectStoreHandler.java:close(155)) - Closing ObjectStoreHandler.
2019-07-16 15:42:01,132 INFO  ozone.HddsDatanodeService (HddsDatanodeService.java:stop(452)) - Stopped plug-in org.apache.hadoop.ozone.web.OzoneHddsDatanodeService@6dd0d9a2
2019-07-16 15:42:01,133 INFO  ozone.HddsDatanodeService (HddsDatanodeService.java:stop(452)) - Stopped plug-in org.apache.hadoop.ozone.web.OzoneHddsDatanodeService@3a649f9a
2019-07-16 15:42:01,217 INFO  client.GrpcClientProtocolClient (GrpcClientProtocolClient.java:onNext(255)) - client-B838B9EA1AE1->50cd2cc6-2eab-4672-88f1-28c6d10bd0d3: receive RaftClientReply:client-B838B9EA1AE1->50cd2cc6-2eab-4672-88f1-28c6d10bd0d3@group-828B3725BC79, cid=209, SUCCESS, logIndex=0, commits[50cd2cc6-2eab-4672-88f1-28c6d10bd0d3:c6, a98a8c88-1df8-4294-be4b-d265116ec286:c3, c9bb5354-5abf-405d-b889-0b02555d43bf:c6]
2019-07-16 15:42:01,218 INFO  client.GrpcClientProtocolClient (GrpcClientProtocolClient.java:onNext(255)) - client-B838B9EA1AE1->50cd2cc6-2eab-4672-88f1-28c6d10bd0d3: receive RaftClientReply:client-B838B9EA1AE1->50cd2cc6-2eab-4672-88f1-28c6d10bd0d3@group-828B3725BC79, cid=208, SUCCESS, logIndex=0, commits[50cd2cc6-2eab-4672-88f1-28c6d10bd0d3:c6, a98a8c88-1df8-4294-be4b-d265116ec286:c6, c9bb5354-5abf-405d-b889-0b02555d43bf:c6]
2019-07-16 15:42:01,617 INFO  statemachine.DatanodeStateMachine (DatanodeStateMachine.java:lambda$startDaemon$0(350)) - Ozone container server started.
2019-07-16 15:42:01,956 INFO  statemachine.DatanodeStateMachine (DatanodeStateMachine.java:lambda$startDaemon$0(350)) - Ozone container server started.
2019-07-16 15:42:05,693 INFO  node.StaleNodeHandler (StaleNodeHandler.java:onMessage(58)) - Datanode c9bb5354-5abf-405d-b889-0b02555d43bf{ip: 192.168.69.88, host: trunk-nightly-kgw5x-1882989438, networkLocation: /default-rack, certSerialId: null} moved to stale state. Finalizing its pipelines [PipelineID=b2803414-1cd1-4b54-a243-828b3725bc79, PipelineID=ac50d4fb-0201-48ae-8f87-214e94180942]
2019-07-16 15:42:05,694 INFO  pipeline.SCMPipelineManager (SCMPipelineManager.java:finalizeAndDestroyPipeline(309)) - destroying pipeline:Pipeline[ Id: b2803414-1cd1-4b54-a243-828b3725bc79, Nodes: c9bb5354-5abf-405d-b889-0b02555d43bf{ip: 192.168.69.88, host: trunk-nightly-kgw5x-1882989438, networkLocation: /default-rack, certSerialId: null}a98a8c88-1df8-4294-be4b-d265116ec286{ip: 192.168.69.88, host: trunk-nightly-kgw5x-1882989438, networkLocation: /default-rack, certSerialId: null}50cd2cc6-2eab-4672-88f1-28c6d10bd0d3{ip: 192.168.69.88, host: trunk-nightly-kgw5x-1882989438, networkLocation: /default-rack, certSerialId: null}, Type:RATIS, Factor:THREE, State:OPEN]
2019-07-16 15:42:05,694 INFO  pipeline.PipelineStateManager (PipelineStateManager.java:finalizePipeline(123)) - Pipeline Pipeline[ Id: b2803414-1cd1-4b54-a243-828b3725bc79, Nodes: c9bb5354-5abf-405d-b889-0b02555d43bf{ip: 192.168.69.88, host: trunk-nightly-kgw5x-1882989438, networkLocation: /default-rack, certSerialId: null}a98a8c88-1df8-4294-be4b-d265116ec286{ip: 192.168.69.88, host: trunk-nightly-kgw5x-1882989438, networkLocation: /default-rack, certSerialId: null}50cd2cc6-2eab-4672-88f1-28c6d10bd0d3{ip: 192.168.69.88, host: trunk-nightly-kgw5x-1882989438, networkLocation: /default-rack, certSerialId: null}, Type:RATIS, Factor:THREE, State:CLOSED] moved to CLOSED state
2019-07-16 15:42:05,694 INFO  pipeline.SCMPipelineManager (SCMPipelineManager.java:finalizeAndDestroyPipeline(309)) - destroying pipeline:Pipeline[ Id: ac50d4fb-0201-48ae-8f87-214e94180942, Nodes: c9bb5354-5abf-405d-b889-0b02555d43bf{ip: 192.168.69.88, host: trunk-nightly-kgw5x-1882989438, networkLocation: /default-rack, certSerialId: null}, Type:RATIS, Factor:ONE, State:OPEN]
2019-07-16 15:42:05,694 INFO  container.CloseContainerEventHandler (CloseContainerEventHandler.java:onMessage(61)) - Close container Event triggered for container : #1
2019-07-16 15:42:05,695 INFO  pipeline.PipelineStateManager (PipelineStateManager.java:finalizePipeline(123)) - Pipeline Pipeline[ Id: ac50d4fb-0201-48ae-8f87-214e94180942, Nodes: c9bb5354-5abf-405d-b889-0b02555d43bf{ip: 192.168.69.88, host: trunk-nightly-kgw5x-1882989438, networkLocation: /default-rack, certSerialId: null}, Type:RATIS, Factor:ONE, State:CLOSED] moved to CLOSED state
2019-07-16 15:42:05,994 INFO  node.StaleNodeHandler (StaleNodeHandler.java:onMessage(58)) - Datanode f234ebe8-b51f-4c9e-910e-977eba04df35{ip: 192.168.69.88, host: trunk-nightly-kgw5x-1882989438, networkLocation: /default-rack, certSerialId: null} moved to stale state. Finalizing its pipelines [PipelineID=739d21b4-988a-413d-80e1-1ff22355e4b8, PipelineID=3f98f541-1f9c-4fdd-912e-e904b9402cf3]
2019-07-16 15:42:05,994 INFO  pipeline.SCMPipelineManager (SCMPipelineManager.java:finalizeAndDestroyPipeline(309)) - destroying pipeline:Pipeline[ Id: 739d21b4-988a-413d-80e1-1ff22355e4b8, Nodes: af18e082-789a-4136-9fd8-e6ee9c588402{ip: 192.168.69.88, host: trunk-nightly-kgw5x-1882989438, networkLocation: /default-rack, certSerialId: null}e7960c47-8f9e-4a5b-a966-2b5bf1679925{ip: 192.168.69.88, host: trunk-nightly-kgw5x-1882989438, networkLocation: /default-rack, certSerialId: null}f234ebe8-b51f-4c9e-910e-977eba04df35{ip: 192.168.69.88, host: trunk-nightly-kgw5x-1882989438, networkLocation: /default-rack, certSerialId: null}, Type:RATIS, Factor:THREE, State:OPEN]
2019-07-16 15:42:05,994 INFO  pipeline.PipelineStateManager (PipelineStateManager.java:finalizePipeline(123)) - Pipeline Pipeline[ Id: 739d21b4-988a-413d-80e1-1ff22355e4b8, Nodes: af18e082-789a-4136-9fd8-e6ee9c588402{ip: 192.168.69.88, host: trunk-nightly-kgw5x-1882989438, networkLocation: /default-rack, certSerialId: null}e7960c47-8f9e-4a5b-a966-2b5bf1679925{ip: 192.168.69.88, host: trunk-nightly-kgw5x-1882989438, networkLocation: /default-rack, certSerialId: null}f234ebe8-b51f-4c9e-910e-977eba04df35{ip: 192.168.69.88, host: trunk-nightly-kgw5x-1882989438, networkLocation: /default-rack, certSerialId: null}, Type:RATIS, Factor:THREE, State:CLOSED] moved to CLOSED state
2019-07-16 15:42:05,994 INFO  pipeline.SCMPipelineManager (SCMPipelineManager.java:finalizeAndDestroyPipeline(309)) - destroying pipeline:Pipeline[ Id: 3f98f541-1f9c-4fdd-912e-e904b9402cf3, Nodes: f234ebe8-b51f-4c9e-910e-977eba04df35{ip: 192.168.69.88, host: trunk-nightly-kgw5x-1882989438, networkLocation: /default-rack, certSerialId: null}, Type:RATIS, Factor:ONE, State:OPEN]
2019-07-16 15:42:05,994 INFO  container.CloseContainerEventHandler (CloseContainerEventHandler.java:onMessage(61)) - Close container Event triggered for container : #2
2019-07-16 15:42:05,995 INFO  pipeline.PipelineStateManager (PipelineStateManager.java:finalizePipeline(123)) - Pipeline Pipeline[ Id: 3f98f541-1f9c-4fdd-912e-e904b9402cf3, Nodes: f234ebe8-b51f-4c9e-910e-977eba04df35{ip: 192.168.69.88, host: trunk-nightly-kgw5x-1882989438, networkLocation: /default-rack, certSerialId: null}, Type:RATIS, Factor:ONE, State:CLOSED] moved to CLOSED state
2019-07-16 15:42:06,133 INFO  ozoneimpl.OzoneContainer (OzoneContainer.java:stop(199)) - Attempting to stop container services.
2019-07-16 15:42:06,133 INFO  ozoneimpl.OzoneContainer (OzoneContainer.java:stop(199)) - Attempting to stop container services.
2019-07-16 15:42:06,134 INFO  impl.RaftServerProxy (RaftServerProxy.java:lambda$close$4(314)) - f234ebe8-b51f-4c9e-910e-977eba04df35: close
2019-07-16 15:42:06,134 INFO  impl.RaftServerProxy (RaftServerProxy.java:lambda$close$4(314)) - c9bb5354-5abf-405d-b889-0b02555d43bf: close
2019-07-16 15:42:06,135 INFO  impl.RaftServerImpl (RaftServerImpl.java:lambda$shutdown$3(245)) - f234ebe8-b51f-4c9e-910e-977eba04df35: shutdown group-1FF22355E4B8
2019-07-16 15:42:06,135 INFO  impl.RaftServerImpl (RaftServerImpl.java:lambda$shutdown$3(245)) - c9bb5354-5abf-405d-b889-0b02555d43bf: shutdown group-828B3725BC79
2019-07-16 15:42:06,135 INFO  util.JmxRegister (JmxRegister.java:unregister(73)) - Successfully un-registered JMX Bean with object name Ratis:service=RaftServer,group=group-1FF22355E4B8,id=f234ebe8-b51f-4c9e-910e-977eba04df35
2019-07-16 15:42:06,136 INFO  util.JmxRegister (JmxRegister.java:unregister(73)) - Successfully un-registered JMX Bean with object name Ratis:service=RaftServer,group=group-828B3725BC79,id=c9bb5354-5abf-405d-b889-0b02555d43bf
2019-07-16 15:42:06,136 INFO  impl.RoleInfo (RoleInfo.java:shutdownFollowerState(121)) - f234ebe8-b51f-4c9e-910e-977eba04df35: shutdown FollowerState
2019-07-16 15:42:06,136 INFO  impl.RoleInfo (RoleInfo.java:shutdownFollowerState(121)) - c9bb5354-5abf-405d-b889-0b02555d43bf: shutdown FollowerState
2019-07-16 15:42:06,137 INFO  ratis.ContainerStateMachine (ContainerStateMachine.java:takeSnapshot(249)) - group-1FF22355E4B8: Taking a snapshot at:(t:1, i:4) file /workdir/hadoop-ozone/integration-test/target/test-dir/MiniOzoneClusterImpl-d0ea49d4-3ec4-4341-b33c-276464736bc4/datanode-1/data/ratis/739d21b4-988a-413d-80e1-1ff22355e4b8/sm/snapshot.1_4
2019-07-16 15:42:06,137 INFO  impl.FollowerState (FollowerState.java:run(114)) - f234ebe8-b51f-4c9e-910e-977eba04df35: FollowerState was interrupted: java.lang.InterruptedException: sleep interrupted
2019-07-16 15:42:06,137 INFO  impl.StateMachineUpdater (StateMachineUpdater.java:stopAndJoin(115)) - StateMachineUpdater:f234ebe8-b51f-4c9e-910e-977eba04df35:group-1FF22355E4B8: set stopIndex = 6
2019-07-16 15:42:06,141 INFO  ratis.ContainerStateMachine (ContainerStateMachine.java:takeSnapshot(257)) - group-1FF22355E4B8: Finished taking a snapshot at:(t:1, i:4) file:/workdir/hadoop-ozone/integration-test/target/test-dir/MiniOzoneClusterImpl-d0ea49d4-3ec4-4341-b33c-276464736bc4/datanode-1/data/ratis/739d21b4-988a-413d-80e1-1ff22355e4b8/sm/snapshot.1_4 time:5
2019-07-16 15:42:06,142 INFO  impl.StateMachineUpdater (StateMachineUpdater.java:takeSnapshot(242)) - StateMachineUpdater:f234ebe8-b51f-4c9e-910e-977eba04df35:group-1FF22355E4B8: Took a snapshot at index 4
2019-07-16 15:42:06,137 INFO  ratis.ContainerStateMachine (ContainerStateMachine.java:takeSnapshot(249)) - group-828B3725BC79: Taking a snapshot at:(t:1, i:6) file /workdir/hadoop-ozone/integration-test/target/test-dir/MiniOzoneClusterImpl-d0ea49d4-3ec4-4341-b33c-276464736bc4/datanode-4/data/ratis/b2803414-1cd1-4b54-a243-828b3725bc79/sm/snapshot.1_6
2019-07-16 15:42:06,137 INFO  impl.FollowerState (FollowerState.java:run(114)) - c9bb5354-5abf-405d-b889-0b02555d43bf: FollowerState was interrupted: java.lang.InterruptedException: sleep interrupted
2019-07-16 15:42:06,137 INFO  impl.StateMachineUpdater (StateMachineUpdater.java:stopAndJoin(115)) - StateMachineUpdater:c9bb5354-5abf-405d-b889-0b02555d43bf:group-828B3725BC79: set stopIndex = 6
2019-07-16 15:42:06,145 INFO  ratis.ContainerStateMachine (ContainerStateMachine.java:takeSnapshot(257)) - group-828B3725BC79: Finished taking a snapshot at:(t:1, i:6) file:/workdir/hadoop-ozone/integration-test/target/test-dir/MiniOzoneClusterImpl-d0ea49d4-3ec4-4341-b33c-276464736bc4/datanode-4/data/ratis/b2803414-1cd1-4b54-a243-828b3725bc79/sm/snapshot.1_6 time:7
2019-07-16 15:42:06,145 INFO  impl.StateMachineUpdater (StateMachineUpdater.java:takeSnapshot(242)) - StateMachineUpdater:c9bb5354-5abf-405d-b889-0b02555d43bf:group-828B3725BC79: Took a snapshot at index 6
2019-07-16 15:42:06,142 INFO  impl.StateMachineUpdater (StateMachineUpdater.java:lambda$new$0(80)) - StateMachineUpdater:f234ebe8-b51f-4c9e-910e-977eba04df35:group-1FF22355E4B8: snapshotIndex: updateIncreasingly -1 -> 4
2019-07-16 15:42:06,145 INFO  impl.StateMachineUpdater (StateMachineUpdater.java:lambda$new$0(80)) - StateMachineUpdater:c9bb5354-5abf-405d-b889-0b02555d43bf:group-828B3725BC79: snapshotIndex: updateIncreasingly -1 -> 6
2019-07-16 15:42:06,146 INFO  impl.RaftServerImpl (ServerState.java:close(394)) - f234ebe8-b51f-4c9e-910e-977eba04df35:group-1FF22355E4B8 closes. The last applied log index is 6
2019-07-16 15:42:06,146 INFO  impl.RaftServerImpl (ServerState.java:close(394)) - c9bb5354-5abf-405d-b889-0b02555d43bf:group-828B3725BC79 closes. The last applied log index is 6
2019-07-16 15:42:06,146 INFO  segmented.SegmentedRaftLogWorker (SegmentedRaftLogWorker.java:run(313)) - f234ebe8-b51f-4c9e-910e-977eba04df35-SegmentedRaftLogWorker:Storage Directory /workdir/hadoop-ozone/integration-test/target/test-dir/MiniOzoneClusterImpl-d0ea49d4-3ec4-4341-b33c-276464736bc4/datanode-1/data/ratis/739d21b4-988a-413d-80e1-1ff22355e4b8 was interrupted, exiting. There are 0 tasks remaining in the queue.
2019-07-16 15:42:06,147 INFO  segmented.SegmentedRaftLogWorker (SegmentedRaftLogWorker.java:run(313)) - c9bb5354-5abf-405d-b889-0b02555d43bf-SegmentedRaftLogWorker:Storage Directory /workdir/hadoop-ozone/integration-test/target/test-dir/MiniOzoneClusterImpl-d0ea49d4-3ec4-4341-b33c-276464736bc4/datanode-4/data/ratis/b2803414-1cd1-4b54-a243-828b3725bc79 was interrupted, exiting. There are 0 tasks remaining in the queue.
2019-07-16 15:42:06,149 INFO  segmented.SegmentedRaftLogWorker (SegmentedRaftLogWorker.java:close(228)) - f234ebe8-b51f-4c9e-910e-977eba04df35-SegmentedRaftLogWorker:Storage Directory /workdir/hadoop-ozone/integration-test/target/test-dir/MiniOzoneClusterImpl-d0ea49d4-3ec4-4341-b33c-276464736bc4/datanode-1/data/ratis/739d21b4-988a-413d-80e1-1ff22355e4b8 close()
2019-07-16 15:42:06,152 INFO  segmented.SegmentedRaftLogWorker (SegmentedRaftLogWorker.java:close(228)) - c9bb5354-5abf-405d-b889-0b02555d43bf-SegmentedRaftLogWorker:Storage Directory /workdir/hadoop-ozone/integration-test/target/test-dir/MiniOzoneClusterImpl-d0ea49d4-3ec4-4341-b33c-276464736bc4/datanode-4/data/ratis/b2803414-1cd1-4b54-a243-828b3725bc79 close()
2019-07-16 15:42:06,157 INFO  impl.RaftServerImpl (RaftServerImpl.java:lambda$shutdown$3(245)) - f234ebe8-b51f-4c9e-910e-977eba04df35: shutdown group-E904B9402CF3
2019-07-16 15:42:06,161 INFO  impl.RaftServerImpl (RaftServerImpl.java:lambda$shutdown$3(245)) - c9bb5354-5abf-405d-b889-0b02555d43bf: shutdown group-214E94180942
2019-07-16 15:42:06,161 INFO  util.JmxRegister (JmxRegister.java:unregister(73)) - Successfully un-registered JMX Bean with object name Ratis:service=RaftServer,group=group-E904B9402CF3,id=f234ebe8-b51f-4c9e-910e-977eba04df35
2019-07-16 15:42:06,162 INFO  util.JmxRegister (JmxRegister.java:unregister(73)) - Successfully un-registered JMX Bean with object name Ratis:service=RaftServer,group=group-214E94180942,id=c9bb5354-5abf-405d-b889-0b02555d43bf
2019-07-16 15:42:06,162 INFO  impl.RoleInfo (RoleInfo.java:shutdownLeaderState(104)) - f234ebe8-b51f-4c9e-910e-977eba04df35: shutdown LeaderState
2019-07-16 15:42:06,163 INFO  impl.RoleInfo (RoleInfo.java:shutdownLeaderState(104)) - c9bb5354-5abf-405d-b889-0b02555d43bf: shutdown LeaderState
2019-07-16 15:42:06,163 INFO  impl.PendingRequests (PendingRequests.java:sendNotLeaderResponses(202)) - f234ebe8-b51f-4c9e-910e-977eba04df35-PendingRequests: sendNotLeaderResponses
2019-07-16 15:42:06,163 INFO  impl.PendingRequests (PendingRequests.java:sendNotLeaderResponses(202)) - c9bb5354-5abf-405d-b889-0b02555d43bf-PendingRequests: sendNotLeaderResponses
2019-07-16 15:42:06,164 INFO  impl.StateMachineUpdater (StateMachineUpdater.java:stopAndJoin(115)) - StateMachineUpdater:f234ebe8-b51f-4c9e-910e-977eba04df35:group-E904B9402CF3: set stopIndex = 0
2019-07-16 15:42:06,164 INFO  impl.StateMachineUpdater (StateMachineUpdater.java:stopAndJoin(115)) - StateMachineUpdater:c9bb5354-5abf-405d-b889-0b02555d43bf:group-214E94180942: set stopIndex = 0
2019-07-16 15:42:06,165 INFO  impl.RaftServerImpl (ServerState.java:close(394)) - c9bb5354-5abf-405d-b889-0b02555d43bf:group-214E94180942 closes. The last applied log index is 0
2019-07-16 15:42:06,164 INFO  impl.RaftServerImpl (ServerState.java:close(394)) - f234ebe8-b51f-4c9e-910e-977eba04df35:group-E904B9402CF3 closes. The last applied log index is 0
2019-07-16 15:42:06,165 INFO  segmented.SegmentedRaftLogWorker (SegmentedRaftLogWorker.java:run(313)) - c9bb5354-5abf-405d-b889-0b02555d43bf-SegmentedRaftLogWorker:Storage Directory /workdir/hadoop-ozone/integration-test/target/test-dir/MiniOzoneClusterImpl-d0ea49d4-3ec4-4341-b33c-276464736bc4/datanode-4/data/ratis/ac50d4fb-0201-48ae-8f87-214e94180942 was interrupted, exiting. There are 0 tasks remaining in the queue.
2019-07-16 15:42:06,165 INFO  segmented.SegmentedRaftLogWorker (SegmentedRaftLogWorker.java:run(313)) - f234ebe8-b51f-4c9e-910e-977eba04df35-SegmentedRaftLogWorker:Storage Directory /workdir/hadoop-ozone/integration-test/target/test-dir/MiniOzoneClusterImpl-d0ea49d4-3ec4-4341-b33c-276464736bc4/datanode-1/data/ratis/3f98f541-1f9c-4fdd-912e-e904b9402cf3 was interrupted, exiting. There are 0 tasks remaining in the queue.
2019-07-16 15:42:06,170 INFO  segmented.SegmentedRaftLogWorker (SegmentedRaftLogWorker.java:close(228)) - c9bb5354-5abf-405d-b889-0b02555d43bf-SegmentedRaftLogWorker:Storage Directory /workdir/hadoop-ozone/integration-test/target/test-dir/MiniOzoneClusterImpl-d0ea49d4-3ec4-4341-b33c-276464736bc4/datanode-4/data/ratis/ac50d4fb-0201-48ae-8f87-214e94180942 close()
2019-07-16 15:42:06,170 INFO  segmented.SegmentedRaftLogWorker (SegmentedRaftLogWorker.java:close(228)) - f234ebe8-b51f-4c9e-910e-977eba04df35-SegmentedRaftLogWorker:Storage Directory /workdir/hadoop-ozone/integration-test/target/test-dir/MiniOzoneClusterImpl-d0ea49d4-3ec4-4341-b33c-276464736bc4/datanode-1/data/ratis/3f98f541-1f9c-4fdd-912e-e904b9402cf3 close()
2019-07-16 15:42:06,175 INFO  server.GrpcService (GrpcService.java:closeImpl(155)) - c9bb5354-5abf-405d-b889-0b02555d43bf: shutdown server with port 45668 now
2019-07-16 15:42:06,179 INFO  server.GrpcService (GrpcService.java:closeImpl(155)) - f234ebe8-b51f-4c9e-910e-977eba04df35: shutdown server with port 33397 now
2019-07-16 15:42:06,180 WARN  server.GrpcServerProtocolService (LogUtils.java:warn(134)) - c9bb5354-5abf-405d-b889-0b02555d43bf: appendEntries onError: org.apache.ratis.thirdparty.io.grpc.StatusRuntimeException: CANCELLED: cancelled before receiving half close
2019-07-16 15:42:06,180 INFO  server.GrpcService (GrpcService.java:closeImpl(163)) - f234ebe8-b51f-4c9e-910e-977eba04df35: shutdown server with port 33397 successfully
2019-07-16 15:42:06,180 WARN  server.GrpcServerProtocolService (LogUtils.java:warn(134)) - f234ebe8-b51f-4c9e-910e-977eba04df35: appendEntries onError: org.apache.ratis.thirdparty.io.grpc.StatusRuntimeException: CANCELLED: cancelled before receiving half close
2019-07-16 15:42:06,180 WARN  server.GrpcLogAppender (LogUtils.java:warn(134)) - 50cd2cc6-2eab-4672-88f1-28c6d10bd0d3->c9bb5354-5abf-405d-b889-0b02555d43bf: Failed appendEntries: org.apache.ratis.thirdparty.io.grpc.StatusRuntimeException: CANCELLED: HTTP/2 error code: CANCEL
Received Rst Stream
2019-07-16 15:42:06,180 INFO  server.GrpcService (GrpcService.java:closeImpl(163)) - c9bb5354-5abf-405d-b889-0b02555d43bf: shutdown server with port 45668 successfully
2019-07-16 15:42:06,180 WARN  server.GrpcLogAppender (LogUtils.java:warn(134)) - af18e082-789a-4136-9fd8-e6ee9c588402->f234ebe8-b51f-4c9e-910e-977eba04df35: Failed appendEntries: org.apache.ratis.thirdparty.io.grpc.StatusRuntimeException: CANCELLED: HTTP/2 error code: CANCEL
Received Rst Stream
2019-07-16 15:42:06,181 INFO  utils.BackgroundService (BackgroundService.java:shutdown(148)) - Shutting down service BlockDeletingService
2019-07-16 15:42:06,181 INFO  impl.FollowerInfo (FollowerInfo.java:lambda$new$0(50)) - 50cd2cc6-2eab-4672-88f1-28c6d10bd0d3->c9bb5354-5abf-405d-b889-0b02555d43bf: nextIndex: updateUnconditionally 7 -> 6
2019-07-16 15:42:06,182 INFO  impl.FollowerInfo (FollowerInfo.java:lambda$new$0(50)) - af18e082-789a-4136-9fd8-e6ee9c588402->f234ebe8-b51f-4c9e-910e-977eba04df35: nextIndex: updateUnconditionally 7 -> 6
2019-07-16 15:42:06,183 INFO  utils.BackgroundService (BackgroundService.java:shutdown(148)) - Shutting down service BlockDeletingService
2019-07-16 15:42:06,183 WARN  fs.CachingGetSpaceUsed (CachingGetSpaceUsed.java:run(183)) - Thread Interrupted waiting to refresh disk information: sleep interrupted
2019-07-16 15:42:06,185 WARN  fs.CachingGetSpaceUsed (CachingGetSpaceUsed.java:run(183)) - Thread Interrupted waiting to refresh disk information: sleep interrupted
2019-07-16 15:42:06,203 INFO  statemachine.DatanodeStateMachine (DatanodeStateMachine.java:stopDaemon(395)) - Ozone container server stopped.
2019-07-16 15:42:06,205 INFO  statemachine.DatanodeStateMachine (DatanodeStateMachine.java:stopDaemon(395)) - Ozone container server stopped.
2019-07-16 15:42:06,220 INFO  handler.ContextHandler (ContextHandler.java:doStop(910)) - Stopped o.e.j.w.WebAppContext@62e55482{/,null,UNAVAILABLE}{/hddsDatanode}
2019-07-16 15:42:06,220 INFO  handler.ContextHandler (ContextHandler.java:doStop(910)) - Stopped o.e.j.w.WebAppContext@51a3e3b4{/,null,UNAVAILABLE}{/hddsDatanode}
2019-07-16 15:42:06,221 INFO  server.AbstractConnector (AbstractConnector.java:doStop(318)) - Stopped ServerConnector@5ceb6796{HTTP/1.1,[http/1.1]}{0.0.0.0:0}
2019-07-16 15:42:06,223 INFO  handler.ContextHandler (ContextHandler.java:doStop(910)) - Stopped o.e.j.s.ServletContextHandler@71d2bc34{/static,jar:file:/home/user/.m2/repository/org/apache/hadoop/hadoop-hdds-container-service/0.5.0-SNAPSHOT/hadoop-hdds-container-service-0.5.0-SNAPSHOT.jar!/webapps/static,UNAVAILABLE}
2019-07-16 15:42:06,224 INFO  handler.ContextHandler (ContextHandler.java:doStop(910)) - Stopped o.e.j.s.ServletContextHandler@2c634c0{/logs,file:///workdir/hadoop-ozone/integration-test/target/log,UNAVAILABLE}
2019-07-16 15:42:06,225 WARN  server.GrpcLogAppender (LogUtils.java:warn(134)) - 50cd2cc6-2eab-4672-88f1-28c6d10bd0d3->c9bb5354-5abf-405d-b889-0b02555d43bf: Failed appendEntries: org.apache.ratis.thirdparty.io.grpc.StatusRuntimeException: UNAVAILABLE: io exception
2019-07-16 15:42:06,225 INFO  server.AbstractConnector (AbstractConnector.java:doStop(318)) - Stopped ServerConnector@27e0906f{HTTP/1.1,[http/1.1]}{0.0.0.0:0}
2019-07-16 15:42:06,225 INFO  impl.FollowerInfo (FollowerInfo.java:lambda$new$0(50)) - 50cd2cc6-2eab-4672-88f1-28c6d10bd0d3->c9bb5354-5abf-405d-b889-0b02555d43bf: nextIndex: updateUnconditionally 6 -> 5
2019-07-16 15:42:06,225 INFO  datanode.ObjectStoreHandler (ObjectStoreHandler.java:close(155)) - Closing ObjectStoreHandler.
2019-07-16 15:42:06,225 INFO  handler.ContextHandler (ContextHandler.java:doStop(910)) - Stopped o.e.j.s.ServletContextHandler@79beb8a0{/static,jar:file:/home/user/.m2/repository/org/apache/hadoop/hadoop-hdds-container-service/0.5.0-SNAPSHOT/hadoop-hdds-container-service-0.5.0-SNAPSHOT.jar!/webapps/static,UNAVAILABLE}
2019-07-16 15:42:06,226 INFO  ozone.HddsDatanodeService (HddsDatanodeService.java:stop(452)) - Stopped plug-in org.apache.hadoop.ozone.web.OzoneHddsDatanodeService@24c9a52a
2019-07-16 15:42:06,226 INFO  handler.ContextHandler (ContextHandler.java:doStop(910)) - Stopped o.e.j.s.ServletContextHandler@561494af{/logs,file:///workdir/hadoop-ozone/integration-test/target/log,UNAVAILABLE}
2019-07-16 15:42:06,227 INFO  datanode.ObjectStoreHandler (ObjectStoreHandler.java:close(155)) - Closing ObjectStoreHandler.
2019-07-16 15:42:06,227 INFO  ozone.HddsDatanodeService (HddsDatanodeService.java:stop(452)) - Stopped plug-in org.apache.hadoop.ozone.web.OzoneHddsDatanodeService@22b8eaf0
2019-07-16 15:42:06,647 INFO  statemachine.DatanodeStateMachine (DatanodeStateMachine.java:lambda$startDaemon$0(350)) - Ozone container server started.
2019-07-16 15:42:06,954 INFO  statemachine.DatanodeStateMachine (DatanodeStateMachine.java:lambda$startDaemon$0(350)) - Ozone container server started.
2019-07-16 15:42:08,535 WARN  server.GrpcLogAppender (LogUtils.java:warn(134)) - af18e082-789a-4136-9fd8-e6ee9c588402->f234ebe8-b51f-4c9e-910e-977eba04df35: Failed appendEntries: org.apache.ratis.thirdparty.io.grpc.StatusRuntimeException: UNAVAILABLE: io exception
2019-07-16 15:42:08,536 INFO  impl.FollowerInfo (FollowerInfo.java:lambda$new$0(50)) - af18e082-789a-4136-9fd8-e6ee9c588402->f234ebe8-b51f-4c9e-910e-977eba04df35: nextIndex: updateUnconditionally 6 -> 5
2019-07-16 15:42:08,722 WARN  server.GrpcLogAppender (LogUtils.java:warn(134)) - 50cd2cc6-2eab-4672-88f1-28c6d10bd0d3->c9bb5354-5abf-405d-b889-0b02555d43bf: Failed appendEntries: org.apache.ratis.thirdparty.io.grpc.StatusRuntimeException: UNAVAILABLE: io exception
2019-07-16 15:42:08,723 INFO  impl.FollowerInfo (FollowerInfo.java:lambda$new$0(50)) - 50cd2cc6-2eab-4672-88f1-28c6d10bd0d3->c9bb5354-5abf-405d-b889-0b02555d43bf: nextIndex: updateUnconditionally 5 -> 4
2019-07-16 15:42:10,701 INFO  node.StaleNodeHandler (StaleNodeHandler.java:onMessage(58)) - Datanode 50cd2cc6-2eab-4672-88f1-28c6d10bd0d3{ip: 192.168.69.88, host: trunk-nightly-kgw5x-1882989438, networkLocation: /default-rack, certSerialId: null} moved to stale state. Finalizing its pipelines [PipelineID=b2803414-1cd1-4b54-a243-828b3725bc79, PipelineID=bfdfec82-08c8-4909-b851-fda7aae3debe]
2019-07-16 15:42:10,702 INFO  pipeline.SCMPipelineManager (SCMPipelineManager.java:finalizeAndDestroyPipeline(309)) - destroying pipeline:Pipeline[ Id: b2803414-1cd1-4b54-a243-828b3725bc79, Nodes: c9bb5354-5abf-405d-b889-0b02555d43bf{ip: 192.168.69.88, host: trunk-nightly-kgw5x-1882989438, networkLocation: /default-rack, certSerialId: null}a98a8c88-1df8-4294-be4b-d265116ec286{ip: 192.168.69.88, host: trunk-nightly-kgw5x-1882989438, networkLocation: /default-rack, certSerialId: null}50cd2cc6-2eab-4672-88f1-28c6d10bd0d3{ip: 192.168.69.88, host: trunk-nightly-kgw5x-1882989438, networkLocation: /default-rack, certSerialId: null}, Type:RATIS, Factor:THREE, State:CLOSED]
2019-07-16 15:42:10,702 INFO  pipeline.SCMPipelineManager (SCMPipelineManager.java:finalizeAndDestroyPipeline(309)) - destroying pipeline:Pipeline[ Id: bfdfec82-08c8-4909-b851-fda7aae3debe, Nodes: 50cd2cc6-2eab-4672-88f1-28c6d10bd0d3{ip: 192.168.69.88, host: trunk-nightly-kgw5x-1882989438, networkLocation: /default-rack, certSerialId: null}, Type:RATIS, Factor:ONE, State:OPEN]
2019-07-16 15:42:10,702 INFO  pipeline.PipelineStateManager (PipelineStateManager.java:finalizePipeline(123)) - Pipeline Pipeline[ Id: bfdfec82-08c8-4909-b851-fda7aae3debe, Nodes: 50cd2cc6-2eab-4672-88f1-28c6d10bd0d3{ip: 192.168.69.88, host: trunk-nightly-kgw5x-1882989438, networkLocation: /default-rack, certSerialId: null}, Type:RATIS, Factor:ONE, State:CLOSED] moved to CLOSED state
2019-07-16 15:42:11,002 INFO  node.StaleNodeHandler (StaleNodeHandler.java:onMessage(58)) - Datanode af18e082-789a-4136-9fd8-e6ee9c588402{ip: 192.168.69.88, host: trunk-nightly-kgw5x-1882989438, networkLocation: /default-rack, certSerialId: null} moved to stale state. Finalizing its pipelines [PipelineID=739d21b4-988a-413d-80e1-1ff22355e4b8, PipelineID=05b068e2-614d-403e-b5e2-0b5d3c32ec2a]
2019-07-16 15:42:11,002 INFO  pipeline.SCMPipelineManager (SCMPipelineManager.java:finalizeAndDestroyPipeline(309)) - destroying pipeline:Pipeline[ Id: 739d21b4-988a-413d-80e1-1ff22355e4b8, Nodes: af18e082-789a-4136-9fd8-e6ee9c588402{ip: 192.168.69.88, host: trunk-nightly-kgw5x-1882989438, networkLocation: /default-rack, certSerialId: null}e7960c47-8f9e-4a5b-a966-2b5bf1679925{ip: 192.168.69.88, host: trunk-nightly-kgw5x-1882989438, networkLocation: /default-rack, certSerialId: null}f234ebe8-b51f-4c9e-910e-977eba04df35{ip: 192.168.69.88, host: trunk-nightly-kgw5x-1882989438, networkLocation: /default-rack, certSerialId: null}, Type:RATIS, Factor:THREE, State:CLOSED]
2019-07-16 15:42:11,002 INFO  pipeline.SCMPipelineManager (SCMPipelineManager.java:finalizeAndDestroyPipeline(309)) - destroying pipeline:Pipeline[ Id: 05b068e2-614d-403e-b5e2-0b5d3c32ec2a, Nodes: af18e082-789a-4136-9fd8-e6ee9c588402{ip: 192.168.69.88, host: trunk-nightly-kgw5x-1882989438, networkLocation: /default-rack, certSerialId: null}, Type:RATIS, Factor:ONE, State:OPEN]
2019-07-16 15:42:11,002 INFO  pipeline.PipelineStateManager (PipelineStateManager.java:finalizePipeline(123)) - Pipeline Pipeline[ Id: 05b068e2-614d-403e-b5e2-0b5d3c32ec2a, Nodes: af18e082-789a-4136-9fd8-e6ee9c588402{ip: 192.168.69.88, host: trunk-nightly-kgw5x-1882989438, networkLocation: /default-rack, certSerialId: null}, Type:RATIS, Factor:ONE, State:CLOSED] moved to CLOSED state
2019-07-16 15:42:11,035 WARN  server.GrpcLogAppender (LogUtils.java:warn(134)) - af18e082-789a-4136-9fd8-e6ee9c588402->f234ebe8-b51f-4c9e-910e-977eba04df35: Failed appendEntries: org.apache.ratis.thirdparty.io.grpc.StatusRuntimeException: UNAVAILABLE: io exception
2019-07-16 15:42:11,036 INFO  impl.FollowerInfo (FollowerInfo.java:lambda$new$0(50)) - af18e082-789a-4136-9fd8-e6ee9c588402->f234ebe8-b51f-4c9e-910e-977eba04df35: nextIndex: updateUnconditionally 5 -> 4
2019-07-16 15:42:11,223 WARN  server.GrpcLogAppender (LogUtils.java:warn(134)) - 50cd2cc6-2eab-4672-88f1-28c6d10bd0d3->c9bb5354-5abf-405d-b889-0b02555d43bf: Failed appendEntries: org.apache.ratis.thirdparty.io.grpc.StatusRuntimeException: UNAVAILABLE: io exception
2019-07-16 15:42:11,223 INFO  impl.FollowerInfo (FollowerInfo.java:lambda$new$0(50)) - 50cd2cc6-2eab-4672-88f1-28c6d10bd0d3->c9bb5354-5abf-405d-b889-0b02555d43bf: nextIndex: updateUnconditionally 4 -> 3
2019-07-16 15:42:11,227 INFO  ozoneimpl.OzoneContainer (OzoneContainer.java:stop(199)) - Attempting to stop container services.
2019-07-16 15:42:11,227 INFO  impl.RaftServerProxy (RaftServerProxy.java:lambda$close$4(314)) - af18e082-789a-4136-9fd8-e6ee9c588402: close
2019-07-16 15:42:11,228 INFO  impl.RaftServerImpl (RaftServerImpl.java:lambda$shutdown$3(245)) - af18e082-789a-4136-9fd8-e6ee9c588402: shutdown group-1FF22355E4B8
2019-07-16 15:42:11,228 INFO  util.JmxRegister (JmxRegister.java:unregister(73)) - Successfully un-registered JMX Bean with object name Ratis:service=RaftServer,group=group-1FF22355E4B8,id=af18e082-789a-4136-9fd8-e6ee9c588402
2019-07-16 15:42:11,228 INFO  ozoneimpl.OzoneContainer (OzoneContainer.java:stop(199)) - Attempting to stop container services.
2019-07-16 15:42:11,228 INFO  impl.RoleInfo (RoleInfo.java:shutdownLeaderState(104)) - af18e082-789a-4136-9fd8-e6ee9c588402: shutdown LeaderState
2019-07-16 15:42:11,229 INFO  impl.RaftServerProxy (RaftServerProxy.java:lambda$close$4(314)) - 50cd2cc6-2eab-4672-88f1-28c6d10bd0d3: close
2019-07-16 15:42:11,235 WARN  server.GrpcLogAppender (GrpcLogAppender.java:mayWait(143)) - GrpcLogAppender(af18e082-789a-4136-9fd8-e6ee9c588402->f234ebe8-b51f-4c9e-910e-977eba04df35): Wait interrupted by java.lang.InterruptedException
2019-07-16 15:42:11,235 WARN  server.GrpcLogAppender (GrpcLogAppender.java:mayWait(143)) - GrpcLogAppender(af18e082-789a-4136-9fd8-e6ee9c588402->e7960c47-8f9e-4a5b-a966-2b5bf1679925): Wait interrupted by java.lang.InterruptedException
2019-07-16 15:42:11,235 INFO  impl.PendingRequests (PendingRequests.java:sendNotLeaderResponses(202)) - af18e082-789a-4136-9fd8-e6ee9c588402-PendingRequests: sendNotLeaderResponses
2019-07-16 15:42:11,237 INFO  impl.RaftServerImpl (RaftServerImpl.java:lambda$shutdown$3(245)) - 50cd2cc6-2eab-4672-88f1-28c6d10bd0d3: shutdown group-828B3725BC79
2019-07-16 15:42:11,242 INFO  ratis.ContainerStateMachine (ContainerStateMachine.java:takeSnapshot(249)) - group-1FF22355E4B8: Taking a snapshot at:(t:1, i:6) file /workdir/hadoop-ozone/integration-test/target/test-dir/MiniOzoneClusterImpl-d0ea49d4-3ec4-4341-b33c-276464736bc4/datanode-2/data/ratis/739d21b4-988a-413d-80e1-1ff22355e4b8/sm/snapshot.1_6
2019-07-16 15:42:11,242 INFO  impl.StateMachineUpdater (StateMachineUpdater.java:stopAndJoin(115)) - StateMachineUpdater:af18e082-789a-4136-9fd8-e6ee9c588402:group-1FF22355E4B8: set stopIndex = 6
2019-07-16 15:42:11,238 INFO  server.GrpcServerProtocolService (GrpcServerProtocolService.java:onCompleted(104)) - e7960c47-8f9e-4a5b-a966-2b5bf1679925: appendEntries completed
2019-07-16 15:42:11,243 INFO  ratis.ContainerStateMachine (ContainerStateMachine.java:takeSnapshot(257)) - group-1FF22355E4B8: Finished taking a snapshot at:(t:1, i:6) file:/workdir/hadoop-ozone/integration-test/target/test-dir/MiniOzoneClusterImpl-d0ea49d4-3ec4-4341-b33c-276464736bc4/datanode-2/data/ratis/739d21b4-988a-413d-80e1-1ff22355e4b8/sm/snapshot.1_6 time:1
2019-07-16 15:42:11,243 INFO  impl.StateMachineUpdater (StateMachineUpdater.java:takeSnapshot(242)) - StateMachineUpdater:af18e082-789a-4136-9fd8-e6ee9c588402:group-1FF22355E4B8: Took a snapshot at index 6
2019-07-16 15:42:11,242 INFO  util.JmxRegister (JmxRegister.java:unregister(73)) - Successfully un-registered JMX Bean with object name Ratis:service=RaftServer,group=group-828B3725BC79,id=50cd2cc6-2eab-4672-88f1-28c6d10bd0d3
2019-07-16 15:42:11,243 INFO  server.GrpcLogAppender (GrpcLogAppender.java:onCompleted(292)) - af18e082-789a-4136-9fd8-e6ee9c588402->e7960c47-8f9e-4a5b-a966-2b5bf1679925: follower responses appendEntries COMPLETED
2019-07-16 15:42:11,243 INFO  impl.StateMachineUpdater (StateMachineUpdater.java:lambda$new$0(80)) - StateMachineUpdater:af18e082-789a-4136-9fd8-e6ee9c588402:group-1FF22355E4B8: snapshotIndex: updateIncreasingly -1 -> 6
2019-07-16 15:42:11,244 INFO  impl.FollowerInfo (FollowerInfo.java:lambda$new$0(50)) - af18e082-789a-4136-9fd8-e6ee9c588402->e7960c47-8f9e-4a5b-a966-2b5bf1679925: nextIndex: updateUnconditionally 7 -> 6
2019-07-16 15:42:11,244 INFO  impl.RoleInfo (RoleInfo.java:shutdownLeaderState(104)) - 50cd2cc6-2eab-4672-88f1-28c6d10bd0d3: shutdown LeaderState
2019-07-16 15:42:11,244 INFO  impl.RaftServerImpl (ServerState.java:close(394)) - af18e082-789a-4136-9fd8-e6ee9c588402:group-1FF22355E4B8 closes. The last applied log index is 6
2019-07-16 15:42:11,250 INFO  impl.PendingRequests (PendingRequests.java:sendNotLeaderResponses(202)) - 50cd2cc6-2eab-4672-88f1-28c6d10bd0d3-PendingRequests: sendNotLeaderResponses
2019-07-16 15:42:11,250 WARN  server.GrpcLogAppender (GrpcLogAppender.java:mayWait(143)) - GrpcLogAppender(50cd2cc6-2eab-4672-88f1-28c6d10bd0d3->c9bb5354-5abf-405d-b889-0b02555d43bf): Wait interrupted by java.lang.InterruptedException
2019-07-16 15:42:11,250 WARN  server.GrpcLogAppender (GrpcLogAppender.java:mayWait(143)) - GrpcLogAppender(50cd2cc6-2eab-4672-88f1-28c6d10bd0d3->a98a8c88-1df8-4294-be4b-d265116ec286): Wait interrupted by java.lang.InterruptedException
2019-07-16 15:42:11,250 INFO  ratis.ContainerStateMachine (ContainerStateMachine.java:takeSnapshot(249)) - group-828B3725BC79: Taking a snapshot at:(t:1, i:6) file /workdir/hadoop-ozone/integration-test/target/test-dir/MiniOzoneClusterImpl-d0ea49d4-3ec4-4341-b33c-276464736bc4/datanode-3/data/ratis/b2803414-1cd1-4b54-a243-828b3725bc79/sm/snapshot.1_6
2019-07-16 15:42:11,250 INFO  impl.StateMachineUpdater (StateMachineUpdater.java:stopAndJoin(115)) - StateMachineUpdater:50cd2cc6-2eab-4672-88f1-28c6d10bd0d3:group-828B3725BC79: set stopIndex = 6
2019-07-16 15:42:11,250 INFO  segmented.SegmentedRaftLogWorker (SegmentedRaftLogWorker.java:run(313)) - af18e082-789a-4136-9fd8-e6ee9c588402-SegmentedRaftLogWorker:Storage Directory /workdir/hadoop-ozone/integration-test/target/test-dir/MiniOzoneClusterImpl-d0ea49d4-3ec4-4341-b33c-276464736bc4/datanode-2/data/ratis/739d21b4-988a-413d-80e1-1ff22355e4b8 was interrupted, exiting. There are 0 tasks remaining in the queue.
2019-07-16 15:42:11,251 INFO  server.GrpcServerProtocolService (GrpcServerProtocolService.java:onCompleted(104)) - a98a8c88-1df8-4294-be4b-d265116ec286: appendEntries completed
2019-07-16 15:42:11,251 INFO  ratis.ContainerStateMachine (ContainerStateMachine.java:takeSnapshot(257)) - group-828B3725BC79: Finished taking a snapshot at:(t:1, i:6) file:/workdir/hadoop-ozone/integration-test/target/test-dir/MiniOzoneClusterImpl-d0ea49d4-3ec4-4341-b33c-276464736bc4/datanode-3/data/ratis/b2803414-1cd1-4b54-a243-828b3725bc79/sm/snapshot.1_6 time:0
2019-07-16 15:42:11,254 INFO  segmented.SegmentedRaftLogWorker (SegmentedRaftLogWorker.java:close(228)) - af18e082-789a-4136-9fd8-e6ee9c588402-SegmentedRaftLogWorker:Storage Directory /workdir/hadoop-ozone/integration-test/target/test-dir/MiniOzoneClusterImpl-d0ea49d4-3ec4-4341-b33c-276464736bc4/datanode-2/data/ratis/739d21b4-988a-413d-80e1-1ff22355e4b8 close()
2019-07-16 15:42:11,254 INFO  server.GrpcLogAppender (GrpcLogAppender.java:onCompleted(292)) - 50cd2cc6-2eab-4672-88f1-28c6d10bd0d3->a98a8c88-1df8-4294-be4b-d265116ec286: follower responses appendEntries COMPLETED
2019-07-16 15:42:11,254 INFO  impl.StateMachineUpdater (StateMachineUpdater.java:takeSnapshot(242)) - StateMachineUpdater:50cd2cc6-2eab-4672-88f1-28c6d10bd0d3:group-828B3725BC79: Took a snapshot at index 6
2019-07-16 15:42:11,259 INFO  impl.FollowerInfo (FollowerInfo.java:lambda$new$0(50)) - 50cd2cc6-2eab-4672-88f1-28c6d10bd0d3->a98a8c88-1df8-4294-be4b-d265116ec286: nextIndex: updateUnconditionally 7 -> 6
2019-07-16 15:42:11,259 INFO  impl.RaftServerImpl (RaftServerImpl.java:lambda$shutdown$3(245)) - af18e082-789a-4136-9fd8-e6ee9c588402: shutdown group-0B5D3C32EC2A
2019-07-16 15:42:11,259 INFO  impl.StateMachineUpdater (StateMachineUpdater.java:lambda$new$0(80)) - StateMachineUpdater:50cd2cc6-2eab-4672-88f1-28c6d10bd0d3:group-828B3725BC79: snapshotIndex: updateIncreasingly -1 -> 6
2019-07-16 15:42:11,260 INFO  util.JmxRegister (JmxRegister.java:unregister(73)) - Successfully un-registered JMX Bean with object name Ratis:service=RaftServer,group=group-0B5D3C32EC2A,id=af18e082-789a-4136-9fd8-e6ee9c588402
2019-07-16 15:42:11,260 INFO  impl.RaftServerImpl (ServerState.java:close(394)) - 50cd2cc6-2eab-4672-88f1-28c6d10bd0d3:group-828B3725BC79 closes. The last applied log index is 6
2019-07-16 15:42:11,260 INFO  impl.RoleInfo (RoleInfo.java:shutdownLeaderState(104)) - af18e082-789a-4136-9fd8-e6ee9c588402: shutdown LeaderState
2019-07-16 15:42:11,261 INFO  segmented.SegmentedRaftLogWorker (SegmentedRaftLogWorker.java:run(313)) - 50cd2cc6-2eab-4672-88f1-28c6d10bd0d3-SegmentedRaftLogWorker:Storage Directory /workdir/hadoop-ozone/integration-test/target/test-dir/MiniOzoneClusterImpl-d0ea49d4-3ec4-4341-b33c-276464736bc4/datanode-3/data/ratis/b2803414-1cd1-4b54-a243-828b3725bc79 was interrupted, exiting. There are 0 tasks remaining in the queue.
2019-07-16 15:42:11,261 INFO  impl.PendingRequests (PendingRequests.java:sendNotLeaderResponses(202)) - af18e082-789a-4136-9fd8-e6ee9c588402-PendingRequests: sendNotLeaderResponses
2019-07-16 15:42:11,264 INFO  segmented.SegmentedRaftLogWorker (SegmentedRaftLogWorker.java:close(228)) - 50cd2cc6-2eab-4672-88f1-28c6d10bd0d3-SegmentedRaftLogWorker:Storage Directory /workdir/hadoop-ozone/integration-test/target/test-dir/MiniOzoneClusterImpl-d0ea49d4-3ec4-4341-b33c-276464736bc4/datanode-3/data/ratis/b2803414-1cd1-4b54-a243-828b3725bc79 close()
2019-07-16 15:42:11,264 INFO  impl.StateMachineUpdater (StateMachineUpdater.java:stopAndJoin(115)) - StateMachineUpdater:af18e082-789a-4136-9fd8-e6ee9c588402:group-0B5D3C32EC2A: set stopIndex = 0
2019-07-16 15:42:11,269 INFO  impl.RaftServerImpl (RaftServerImpl.java:lambda$shutdown$3(245)) - 50cd2cc6-2eab-4672-88f1-28c6d10bd0d3: shutdown group-FDA7AAE3DEBE
2019-07-16 15:42:11,269 INFO  impl.RaftServerImpl (ServerState.java:close(394)) - af18e082-789a-4136-9fd8-e6ee9c588402:group-0B5D3C32EC2A closes. The last applied log index is 0
2019-07-16 15:42:11,269 INFO  util.JmxRegister (JmxRegister.java:unregister(73)) - Successfully un-registered JMX Bean with object name Ratis:service=RaftServer,group=group-FDA7AAE3DEBE,id=50cd2cc6-2eab-4672-88f1-28c6d10bd0d3
2019-07-16 15:42:11,270 INFO  impl.RoleInfo (RoleInfo.java:shutdownLeaderState(104)) - 50cd2cc6-2eab-4672-88f1-28c6d10bd0d3: shutdown LeaderState
2019-07-16 15:42:11,270 INFO  segmented.SegmentedRaftLogWorker (SegmentedRaftLogWorker.java:run(313)) - af18e082-789a-4136-9fd8-e6ee9c588402-SegmentedRaftLogWorker:Storage Directory /workdir/hadoop-ozone/integration-test/target/test-dir/MiniOzoneClusterImpl-d0ea49d4-3ec4-4341-b33c-276464736bc4/datanode-2/data/ratis/05b068e2-614d-403e-b5e2-0b5d3c32ec2a was interrupted, exiting. There are 0 tasks remaining in the queue.
2019-07-16 15:42:11,271 INFO  impl.PendingRequests (PendingRequests.java:sendNotLeaderResponses(202)) - 50cd2cc6-2eab-4672-88f1-28c6d10bd0d3-PendingRequests: sendNotLeaderResponses
2019-07-16 15:42:11,273 INFO  segmented.SegmentedRaftLogWorker (SegmentedRaftLogWorker.java:close(228)) - af18e082-789a-4136-9fd8-e6ee9c588402-SegmentedRaftLogWorker:Storage Directory /workdir/hadoop-ozone/integration-test/target/test-dir/MiniOzoneClusterImpl-d0ea49d4-3ec4-4341-b33c-276464736bc4/datanode-2/data/ratis/05b068e2-614d-403e-b5e2-0b5d3c32ec2a close()
2019-07-16 15:42:11,273 INFO  impl.StateMachineUpdater (StateMachineUpdater.java:stopAndJoin(115)) - StateMachineUpdater:50cd2cc6-2eab-4672-88f1-28c6d10bd0d3:group-FDA7AAE3DEBE: set stopIndex = 0
2019-07-16 15:42:11,278 INFO  impl.RaftServerImpl (ServerState.java:close(394)) - 50cd2cc6-2eab-4672-88f1-28c6d10bd0d3:group-FDA7AAE3DEBE closes. The last applied log index is 0
2019-07-16 15:42:11,278 INFO  server.GrpcService (GrpcService.java:closeImpl(155)) - af18e082-789a-4136-9fd8-e6ee9c588402: shutdown server with port 40120 now
2019-07-16 15:42:11,279 INFO  segmented.SegmentedRaftLogWorker (SegmentedRaftLogWorker.java:run(313)) - 50cd2cc6-2eab-4672-88f1-28c6d10bd0d3-SegmentedRaftLogWorker:Storage Directory /workdir/hadoop-ozone/integration-test/target/test-dir/MiniOzoneClusterImpl-d0ea49d4-3ec4-4341-b33c-276464736bc4/datanode-3/data/ratis/bfdfec82-08c8-4909-b851-fda7aae3debe was interrupted, exiting. There are 0 tasks remaining in the queue.
2019-07-16 15:42:11,281 INFO  segmented.SegmentedRaftLogWorker (SegmentedRaftLogWorker.java:close(228)) - 50cd2cc6-2eab-4672-88f1-28c6d10bd0d3-SegmentedRaftLogWorker:Storage Directory /workdir/hadoop-ozone/integration-test/target/test-dir/MiniOzoneClusterImpl-d0ea49d4-3ec4-4341-b33c-276464736bc4/datanode-3/data/ratis/bfdfec82-08c8-4909-b851-fda7aae3debe close()
2019-07-16 15:42:11,281 INFO  server.GrpcService (GrpcService.java:closeImpl(163)) - af18e082-789a-4136-9fd8-e6ee9c588402: shutdown server with port 40120 successfully
2019-07-16 15:42:11,295 INFO  server.GrpcService (GrpcService.java:closeImpl(155)) - 50cd2cc6-2eab-4672-88f1-28c6d10bd0d3: shutdown server with port 37014 now
2019-07-16 15:42:11,296 WARN  client.GrpcClientProtocolService (LogUtils.java:warn(134)) - 3-UnorderedRequestStreamObserver3: onError: org.apache.ratis.thirdparty.io.grpc.StatusRuntimeException: CANCELLED: cancelled before receiving half close
2019-07-16 15:42:11,296 INFO  server.GrpcService (GrpcService.java:closeImpl(163)) - 50cd2cc6-2eab-4672-88f1-28c6d10bd0d3: shutdown server with port 37014 successfully
2019-07-16 15:42:11,297 INFO  utils.BackgroundService (BackgroundService.java:shutdown(148)) - Shutting down service BlockDeletingService
2019-07-16 15:42:11,298 WARN  fs.CachingGetSpaceUsed (CachingGetSpaceUsed.java:run(183)) - Thread Interrupted waiting to refresh disk information: sleep interrupted
2019-07-16 15:42:11,300 INFO  utils.BackgroundService (BackgroundService.java:shutdown(148)) - Shutting down service BlockDeletingService
2019-07-16 15:42:11,304 WARN  fs.CachingGetSpaceUsed (CachingGetSpaceUsed.java:run(183)) - Thread Interrupted waiting to refresh disk information: sleep interrupted
2019-07-16 15:42:11,326 INFO  statemachine.DatanodeStateMachine (DatanodeStateMachine.java:stopDaemon(395)) - Ozone container server stopped.
2019-07-16 15:42:11,333 INFO  statemachine.DatanodeStateMachine (DatanodeStateMachine.java:stopDaemon(395)) - Ozone container server stopped.
2019-07-16 15:42:11,350 INFO  handler.ContextHandler (ContextHandler.java:doStop(910)) - Stopped o.e.j.w.WebAppContext@2771e501{/,null,UNAVAILABLE}{/hddsDatanode}
2019-07-16 15:42:11,350 INFO  handler.ContextHandler (ContextHandler.java:doStop(910)) - Stopped o.e.j.w.WebAppContext@7ae88df1{/,null,UNAVAILABLE}{/hddsDatanode}
2019-07-16 15:42:11,351 INFO  server.AbstractConnector (AbstractConnector.java:doStop(318)) - Stopped ServerConnector@3a7abd4{HTTP/1.1,[http/1.1]}{0.0.0.0:0}
2019-07-16 15:42:11,353 INFO  handler.ContextHandler (ContextHandler.java:doStop(910)) - Stopped o.e.j.s.ServletContextHandler@4f1cb802{/static,jar:file:/home/user/.m2/repository/org/apache/hadoop/hadoop-hdds-container-service/0.5.0-SNAPSHOT/hadoop-hdds-container-service-0.5.0-SNAPSHOT.jar!/webapps/static,UNAVAILABLE}
2019-07-16 15:42:11,353 INFO  server.AbstractConnector (AbstractConnector.java:doStop(318)) - Stopped ServerConnector@502a9b30{HTTP/1.1,[http/1.1]}{0.0.0.0:0}
2019-07-16 15:42:11,355 INFO  handler.ContextHandler (ContextHandler.java:doStop(910)) - Stopped o.e.j.s.ServletContextHandler@4f142cbd{/logs,file:///workdir/hadoop-ozone/integration-test/target/log,UNAVAILABLE}
2019-07-16 15:42:11,355 INFO  handler.ContextHandler (ContextHandler.java:doStop(910)) - Stopped o.e.j.s.ServletContextHandler@5710f755{/static,jar:file:/home/user/.m2/repository/org/apache/hadoop/hadoop-hdds-container-service/0.5.0-SNAPSHOT/hadoop-hdds-container-service-0.5.0-SNAPSHOT.jar!/webapps/static,UNAVAILABLE}
2019-07-16 15:42:11,356 INFO  datanode.ObjectStoreHandler (ObjectStoreHandler.java:close(155)) - Closing ObjectStoreHandler.
2019-07-16 15:42:11,356 INFO  handler.ContextHandler (ContextHandler.java:doStop(910)) - Stopped o.e.j.s.ServletContextHandler@743167c7{/logs,file:///workdir/hadoop-ozone/integration-test/target/log,UNAVAILABLE}
2019-07-16 15:42:11,356 INFO  ozone.HddsDatanodeService (HddsDatanodeService.java:stop(452)) - Stopped plug-in org.apache.hadoop.ozone.web.OzoneHddsDatanodeService@322f6283
2019-07-16 15:42:11,357 INFO  datanode.ObjectStoreHandler (ObjectStoreHandler.java:close(155)) - Closing ObjectStoreHandler.
2019-07-16 15:42:11,358 INFO  ozone.HddsDatanodeService (HddsDatanodeService.java:stop(452)) - Stopped plug-in org.apache.hadoop.ozone.web.OzoneHddsDatanodeService@1694cbc
2019-07-16 15:42:11,963 INFO  statemachine.DatanodeStateMachine (DatanodeStateMachine.java:lambda$startDaemon$0(350)) - Ozone container server started.
2019-07-16 15:42:12,337 INFO  statemachine.DatanodeStateMachine (DatanodeStateMachine.java:lambda$startDaemon$0(350)) - Ozone container server started.
2019-07-16 15:42:16,009 INFO  node.StaleNodeHandler (StaleNodeHandler.java:onMessage(58)) - Datanode e7960c47-8f9e-4a5b-a966-2b5bf1679925{ip: 192.168.69.88, host: trunk-nightly-kgw5x-1882989438, networkLocation: /default-rack, certSerialId: null} moved to stale state. Finalizing its pipelines [PipelineID=739d21b4-988a-413d-80e1-1ff22355e4b8, PipelineID=a0463d76-ea6a-46f8-8fa8-9d5ac3f141c4]
2019-07-16 15:42:16,009 INFO  pipeline.SCMPipelineManager (SCMPipelineManager.java:finalizeAndDestroyPipeline(309)) - destroying pipeline:Pipeline[ Id: 739d21b4-988a-413d-80e1-1ff22355e4b8, Nodes: af18e082-789a-4136-9fd8-e6ee9c588402{ip: 192.168.69.88, host: trunk-nightly-kgw5x-1882989438, networkLocation: /default-rack, certSerialId: null}e7960c47-8f9e-4a5b-a966-2b5bf1679925{ip: 192.168.69.88, host: trunk-nightly-kgw5x-1882989438, networkLocation: /default-rack, certSerialId: null}f234ebe8-b51f-4c9e-910e-977eba04df35{ip: 192.168.69.88, host: trunk-nightly-kgw5x-1882989438, networkLocation: /default-rack, certSerialId: null}, Type:RATIS, Factor:THREE, State:CLOSED]
2019-07-16 15:42:16,009 INFO  pipeline.SCMPipelineManager (SCMPipelineManager.java:finalizeAndDestroyPipeline(309)) - destroying pipeline:Pipeline[ Id: a0463d76-ea6a-46f8-8fa8-9d5ac3f141c4, Nodes: e7960c47-8f9e-4a5b-a966-2b5bf1679925{ip: 192.168.69.88, host: trunk-nightly-kgw5x-1882989438, networkLocation: /default-rack, certSerialId: null}, Type:RATIS, Factor:ONE, State:OPEN]
2019-07-16 15:42:16,009 INFO  pipeline.PipelineStateManager (PipelineStateManager.java:finalizePipeline(123)) - Pipeline Pipeline[ Id: a0463d76-ea6a-46f8-8fa8-9d5ac3f141c4, Nodes: e7960c47-8f9e-4a5b-a966-2b5bf1679925{ip: 192.168.69.88, host: trunk-nightly-kgw5x-1882989438, networkLocation: /default-rack, certSerialId: null}, Type:RATIS, Factor:ONE, State:CLOSED] moved to CLOSED state
2019-07-16 15:42:16,357 INFO  ozoneimpl.OzoneContainer (OzoneContainer.java:stop(199)) - Attempting to stop container services.
2019-07-16 15:42:16,358 INFO  impl.RaftServerProxy (RaftServerProxy.java:lambda$close$4(314)) - e7960c47-8f9e-4a5b-a966-2b5bf1679925: close
2019-07-16 15:42:16,358 INFO  impl.RaftServerImpl (RaftServerImpl.java:lambda$shutdown$3(245)) - e7960c47-8f9e-4a5b-a966-2b5bf1679925: shutdown group-1FF22355E4B8
2019-07-16 15:42:16,358 INFO  util.JmxRegister (JmxRegister.java:unregister(73)) - Successfully un-registered JMX Bean with object name Ratis:service=RaftServer,group=group-1FF22355E4B8,id=e7960c47-8f9e-4a5b-a966-2b5bf1679925
2019-07-16 15:42:16,358 INFO  ozoneimpl.OzoneContainer (OzoneContainer.java:stop(199)) - Attempting to stop container services.
2019-07-16 15:42:16,359 INFO  impl.RoleInfo (RoleInfo.java:shutdownFollowerState(121)) - e7960c47-8f9e-4a5b-a966-2b5bf1679925: shutdown FollowerState
2019-07-16 15:42:16,359 INFO  impl.RaftServerProxy (RaftServerProxy.java:lambda$close$4(314)) - 923333b2-77ca-4b35-8a10-2f76fd49465e: close
2019-07-16 15:42:16,360 INFO  impl.FollowerState (FollowerState.java:run(114)) - e7960c47-8f9e-4a5b-a966-2b5bf1679925: FollowerState was interrupted: java.lang.InterruptedException: sleep interrupted
2019-07-16 15:42:16,360 INFO  ratis.ContainerStateMachine (ContainerStateMachine.java:takeSnapshot(249)) - group-1FF22355E4B8: Taking a snapshot at:(t:1, i:4) file /workdir/hadoop-ozone/integration-test/target/test-dir/MiniOzoneClusterImpl-d0ea49d4-3ec4-4341-b33c-276464736bc4/datanode-0/data/ratis/739d21b4-988a-413d-80e1-1ff22355e4b8/sm/snapshot.1_4
2019-07-16 15:42:16,359 INFO  impl.StateMachineUpdater (StateMachineUpdater.java:stopAndJoin(115)) - StateMachineUpdater:e7960c47-8f9e-4a5b-a966-2b5bf1679925:group-1FF22355E4B8: set stopIndex = 6
2019-07-16 15:42:16,360 INFO  impl.RaftServerImpl (RaftServerImpl.java:lambda$shutdown$3(245)) - 923333b2-77ca-4b35-8a10-2f76fd49465e: shutdown group-F58CD8C50954
2019-07-16 15:42:16,363 INFO  ratis.ContainerStateMachine (ContainerStateMachine.java:takeSnapshot(257)) - group-1FF22355E4B8: Finished taking a snapshot at:(t:1, i:4) file:/workdir/hadoop-ozone/integration-test/target/test-dir/MiniOzoneClusterImpl-d0ea49d4-3ec4-4341-b33c-276464736bc4/datanode-0/data/ratis/739d21b4-988a-413d-80e1-1ff22355e4b8/sm/snapshot.1_4 time:4
2019-07-16 15:42:16,364 INFO  util.JmxRegister (JmxRegister.java:unregister(73)) - Successfully un-registered JMX Bean with object name Ratis:service=RaftServer,group=group-F58CD8C50954,id=923333b2-77ca-4b35-8a10-2f76fd49465e
2019-07-16 15:42:16,364 INFO  impl.StateMachineUpdater (StateMachineUpdater.java:takeSnapshot(242)) - StateMachineUpdater:e7960c47-8f9e-4a5b-a966-2b5bf1679925:group-1FF22355E4B8: Took a snapshot at index 4
2019-07-16 15:42:16,364 INFO  impl.RoleInfo (RoleInfo.java:shutdownLeaderState(104)) - 923333b2-77ca-4b35-8a10-2f76fd49465e: shutdown LeaderState
2019-07-16 15:42:16,364 INFO  impl.StateMachineUpdater (StateMachineUpdater.java:lambda$new$0(80)) - StateMachineUpdater:e7960c47-8f9e-4a5b-a966-2b5bf1679925:group-1FF22355E4B8: snapshotIndex: updateIncreasingly -1 -> 4
2019-07-16 15:42:16,365 INFO  impl.PendingRequests (PendingRequests.java:sendNotLeaderResponses(202)) - 923333b2-77ca-4b35-8a10-2f76fd49465e-PendingRequests: sendNotLeaderResponses
2019-07-16 15:42:16,365 INFO  impl.RaftServerImpl (ServerState.java:close(394)) - e7960c47-8f9e-4a5b-a966-2b5bf1679925:group-1FF22355E4B8 closes. The last applied log index is 6
2019-07-16 15:42:16,366 INFO  impl.StateMachineUpdater (StateMachineUpdater.java:stopAndJoin(115)) - StateMachineUpdater:923333b2-77ca-4b35-8a10-2f76fd49465e:group-F58CD8C50954: set stopIndex = 0
2019-07-16 15:42:16,366 INFO  impl.RaftServerImpl (ServerState.java:close(394)) - 923333b2-77ca-4b35-8a10-2f76fd49465e:group-F58CD8C50954 closes. The last applied log index is 0
2019-07-16 15:42:16,366 INFO  segmented.SegmentedRaftLogWorker (SegmentedRaftLogWorker.java:run(313)) - e7960c47-8f9e-4a5b-a966-2b5bf1679925-SegmentedRaftLogWorker:Storage Directory /workdir/hadoop-ozone/integration-test/target/test-dir/MiniOzoneClusterImpl-d0ea49d4-3ec4-4341-b33c-276464736bc4/datanode-0/data/ratis/739d21b4-988a-413d-80e1-1ff22355e4b8 was interrupted, exiting. There are 0 tasks remaining in the queue.
2019-07-16 15:42:16,367 INFO  segmented.SegmentedRaftLogWorker (SegmentedRaftLogWorker.java:run(313)) - 923333b2-77ca-4b35-8a10-2f76fd49465e-SegmentedRaftLogWorker:Storage Directory /workdir/hadoop-ozone/integration-test/target/test-dir/MiniOzoneClusterImpl-d0ea49d4-3ec4-4341-b33c-276464736bc4/datanode-6/data/ratis/1ad43536-cc18-403d-924f-f58cd8c50954 was interrupted, exiting. There are 0 tasks remaining in the queue.
2019-07-16 15:42:16,371 INFO  segmented.SegmentedRaftLogWorker (SegmentedRaftLogWorker.java:close(228)) - e7960c47-8f9e-4a5b-a966-2b5bf1679925-SegmentedRaftLogWorker:Storage Directory /workdir/hadoop-ozone/integration-test/target/test-dir/MiniOzoneClusterImpl-d0ea49d4-3ec4-4341-b33c-276464736bc4/datanode-0/data/ratis/739d21b4-988a-413d-80e1-1ff22355e4b8 close()
2019-07-16 15:42:16,371 INFO  segmented.SegmentedRaftLogWorker (SegmentedRaftLogWorker.java:close(228)) - 923333b2-77ca-4b35-8a10-2f76fd49465e-SegmentedRaftLogWorker:Storage Directory /workdir/hadoop-ozone/integration-test/target/test-dir/MiniOzoneClusterImpl-d0ea49d4-3ec4-4341-b33c-276464736bc4/datanode-6/data/ratis/1ad43536-cc18-403d-924f-f58cd8c50954 close()
2019-07-16 15:42:16,373 INFO  impl.RaftServerImpl (RaftServerImpl.java:lambda$shutdown$3(245)) - e7960c47-8f9e-4a5b-a966-2b5bf1679925: shutdown group-9D5AC3F141C4
2019-07-16 15:42:16,375 INFO  server.GrpcService (GrpcService.java:closeImpl(155)) - 923333b2-77ca-4b35-8a10-2f76fd49465e: shutdown server with port 40565 now
2019-07-16 15:42:16,375 INFO  util.JmxRegister (JmxRegister.java:unregister(73)) - Successfully un-registered JMX Bean with object name Ratis:service=RaftServer,group=group-9D5AC3F141C4,id=e7960c47-8f9e-4a5b-a966-2b5bf1679925
2019-07-16 15:42:16,378 INFO  server.GrpcService (GrpcService.java:closeImpl(163)) - 923333b2-77ca-4b35-8a10-2f76fd49465e: shutdown server with port 40565 successfully
2019-07-16 15:42:16,378 INFO  impl.RoleInfo (RoleInfo.java:shutdownLeaderState(104)) - e7960c47-8f9e-4a5b-a966-2b5bf1679925: shutdown LeaderState
2019-07-16 15:42:16,379 INFO  impl.PendingRequests (PendingRequests.java:sendNotLeaderResponses(202)) - e7960c47-8f9e-4a5b-a966-2b5bf1679925-PendingRequests: sendNotLeaderResponses
2019-07-16 15:42:16,379 INFO  impl.StateMachineUpdater (StateMachineUpdater.java:stopAndJoin(115)) - StateMachineUpdater:e7960c47-8f9e-4a5b-a966-2b5bf1679925:group-9D5AC3F141C4: set stopIndex = 0
2019-07-16 15:42:16,379 INFO  utils.BackgroundService (BackgroundService.java:shutdown(148)) - Shutting down service BlockDeletingService
2019-07-16 15:42:16,379 INFO  impl.RaftServerImpl (ServerState.java:close(394)) - e7960c47-8f9e-4a5b-a966-2b5bf1679925:group-9D5AC3F141C4 closes. The last applied log index is 0
2019-07-16 15:42:16,380 INFO  segmented.SegmentedRaftLogWorker (SegmentedRaftLogWorker.java:run(313)) - e7960c47-8f9e-4a5b-a966-2b5bf1679925-SegmentedRaftLogWorker:Storage Directory /workdir/hadoop-ozone/integration-test/target/test-dir/MiniOzoneClusterImpl-d0ea49d4-3ec4-4341-b33c-276464736bc4/datanode-0/data/ratis/a0463d76-ea6a-46f8-8fa8-9d5ac3f141c4 was interrupted, exiting. There are 0 tasks remaining in the queue.
2019-07-16 15:42:16,382 INFO  segmented.SegmentedRaftLogWorker (SegmentedRaftLogWorker.java:close(228)) - e7960c47-8f9e-4a5b-a966-2b5bf1679925-SegmentedRaftLogWorker:Storage Directory /workdir/hadoop-ozone/integration-test/target/test-dir/MiniOzoneClusterImpl-d0ea49d4-3ec4-4341-b33c-276464736bc4/datanode-0/data/ratis/a0463d76-ea6a-46f8-8fa8-9d5ac3f141c4 close()
2019-07-16 15:42:16,383 WARN  fs.CachingGetSpaceUsed (CachingGetSpaceUsed.java:run(183)) - Thread Interrupted waiting to refresh disk information: sleep interrupted
2019-07-16 15:42:16,384 INFO  server.GrpcService (GrpcService.java:closeImpl(155)) - e7960c47-8f9e-4a5b-a966-2b5bf1679925: shutdown server with port 46587 now
2019-07-16 15:42:16,385 INFO  server.GrpcService (GrpcService.java:closeImpl(163)) - e7960c47-8f9e-4a5b-a966-2b5bf1679925: shutdown server with port 46587 successfully
2019-07-16 15:42:16,387 INFO  utils.BackgroundService (BackgroundService.java:shutdown(148)) - Shutting down service BlockDeletingService
2019-07-16 15:42:16,389 WARN  fs.CachingGetSpaceUsed (CachingGetSpaceUsed.java:run(183)) - Thread Interrupted waiting to refresh disk information: sleep interrupted
2019-07-16 15:42:16,404 INFO  statemachine.DatanodeStateMachine (DatanodeStateMachine.java:stopDaemon(395)) - Ozone container server stopped.
2019-07-16 15:42:16,412 INFO  node.StaleNodeHandler (StaleNodeHandler.java:onMessage(58)) - Datanode 923333b2-77ca-4b35-8a10-2f76fd49465e{ip: 192.168.69.88, host: trunk-nightly-kgw5x-1882989438, networkLocation: /default-rack, certSerialId: null} moved to stale state. Finalizing its pipelines [PipelineID=1ad43536-cc18-403d-924f-f58cd8c50954]
2019-07-16 15:42:16,416 INFO  statemachine.DatanodeStateMachine (DatanodeStateMachine.java:stopDaemon(395)) - Ozone container server stopped.
2019-07-16 15:42:16,416 INFO  pipeline.SCMPipelineManager (SCMPipelineManager.java:finalizeAndDestroyPipeline(309)) - destroying pipeline:Pipeline[ Id: 1ad43536-cc18-403d-924f-f58cd8c50954, Nodes: 923333b2-77ca-4b35-8a10-2f76fd49465e{ip: 192.168.69.88, host: trunk-nightly-kgw5x-1882989438, networkLocation: /default-rack, certSerialId: null}, Type:RATIS, Factor:ONE, State:OPEN]
2019-07-16 15:42:16,419 INFO  pipeline.PipelineStateManager (PipelineStateManager.java:finalizePipeline(123)) - Pipeline Pipeline[ Id: 1ad43536-cc18-403d-924f-f58cd8c50954, Nodes: 923333b2-77ca-4b35-8a10-2f76fd49465e{ip: 192.168.69.88, host: trunk-nightly-kgw5x-1882989438, networkLocation: /default-rack, certSerialId: null}, Type:RATIS, Factor:ONE, State:CLOSED] moved to CLOSED state
2019-07-16 15:42:16,419 INFO  handler.ContextHandler (ContextHandler.java:doStop(910)) - Stopped o.e.j.w.WebAppContext@311683ea{/,null,UNAVAILABLE}{/hddsDatanode}
2019-07-16 15:42:16,421 INFO  handler.ContextHandler (ContextHandler.java:doStop(910)) - Stopped o.e.j.w.WebAppContext@6c418f0b{/,null,UNAVAILABLE}{/hddsDatanode}
2019-07-16 15:42:16,421 INFO  server.AbstractConnector (AbstractConnector.java:doStop(318)) - Stopped ServerConnector@5d5ad1e2{HTTP/1.1,[http/1.1]}{0.0.0.0:0}
2019-07-16 15:42:16,421 INFO  server.AbstractConnector (AbstractConnector.java:doStop(318)) - Stopped ServerConnector@38950138{HTTP/1.1,[http/1.1]}{0.0.0.0:0}
2019-07-16 15:42:16,422 INFO  handler.ContextHandler (ContextHandler.java:doStop(910)) - Stopped o.e.j.s.ServletContextHandler@26204f8f{/static,jar:file:/home/user/.m2/repository/org/apache/hadoop/hadoop-hdds-container-service/0.5.0-SNAPSHOT/hadoop-hdds-container-service-0.5.0-SNAPSHOT.jar!/webapps/static,UNAVAILABLE}
2019-07-16 15:42:16,423 INFO  handler.ContextHandler (ContextHandler.java:doStop(910)) - Stopped o.e.j.s.ServletContextHandler@406cf37f{/static,jar:file:/home/user/.m2/repository/org/apache/hadoop/hadoop-hdds-container-service/0.5.0-SNAPSHOT/hadoop-hdds-container-service-0.5.0-SNAPSHOT.jar!/webapps/static,UNAVAILABLE}
2019-07-16 15:42:16,424 INFO  handler.ContextHandler (ContextHandler.java:doStop(910)) - Stopped o.e.j.s.ServletContextHandler@2662997a{/logs,file:///workdir/hadoop-ozone/integration-test/target/log,UNAVAILABLE}
2019-07-16 15:42:16,425 INFO  handler.ContextHandler (ContextHandler.java:doStop(910)) - Stopped o.e.j.s.ServletContextHandler@633328d3{/logs,file:///workdir/hadoop-ozone/integration-test/target/log,UNAVAILABLE}
2019-07-16 15:42:16,426 INFO  datanode.ObjectStoreHandler (ObjectStoreHandler.java:close(155)) - Closing ObjectStoreHandler.
2019-07-16 15:42:16,426 INFO  ozone.HddsDatanodeService (HddsDatanodeService.java:stop(452)) - Stopped plug-in org.apache.hadoop.ozone.web.OzoneHddsDatanodeService@3c320c8b
2019-07-16 15:42:16,646 INFO  statemachine.DatanodeStateMachine (DatanodeStateMachine.java:lambda$startDaemon$0(350)) - Ozone container server started.
2019-07-16 15:42:18,723 INFO  impl.FollowerState (FollowerState.java:run(106)) - a98a8c88-1df8-4294-be4b-d265116ec286:group-828B3725BC79 changes to CANDIDATE, lastRpcTime:7494, electionTimeout:5093ms
2019-07-16 15:42:18,723 INFO  impl.RoleInfo (RoleInfo.java:shutdownFollowerState(121)) - a98a8c88-1df8-4294-be4b-d265116ec286: shutdown FollowerState
2019-07-16 15:42:18,724 INFO  impl.RaftServerImpl (RaftServerImpl.java:setRole(171)) - a98a8c88-1df8-4294-be4b-d265116ec286:group-828B3725BC79 changes role from FOLLOWER to CANDIDATE at term 1 for changeToCandidate
2019-07-16 15:42:18,724 INFO  impl.RoleInfo (RoleInfo.java:updateAndGet(143)) - a98a8c88-1df8-4294-be4b-d265116ec286: start LeaderElection
2019-07-16 15:42:18,727 INFO  impl.RaftServerImpl (ServerState.java:setLeader(263)) - a98a8c88-1df8-4294-be4b-d265116ec286:group-828B3725BC79 change Leader from 50cd2cc6-2eab-4672-88f1-28c6d10bd0d3 to null at term 1 for initElection
2019-07-16 15:42:18,741 INFO  impl.LeaderElection (LeaderElection.java:askForVotes(181)) - a98a8c88-1df8-4294-be4b-d265116ec286:group-828B3725BC79:LeaderElection89: begin an election at term 2 for 0: [a98a8c88-1df8-4294-be4b-d265116ec286:192.168.69.88:34462, 50cd2cc6-2eab-4672-88f1-28c6d10bd0d3:192.168.69.88:37014, c9bb5354-5abf-405d-b889-0b02555d43bf:192.168.69.88:45668], old=null
2019-07-16 15:42:18,744 INFO  impl.LeaderElection (LogUtils.java:infoOrTrace(149)) - a98a8c88-1df8-4294-be4b-d265116ec286:group-828B3725BC79:LeaderElection89 got exception when requesting votes: {}
java.util.concurrent.ExecutionException: org.apache.ratis.thirdparty.io.grpc.StatusRuntimeException: UNAVAILABLE: io exception
	at java.util.concurrent.FutureTask.report(FutureTask.java:122)
	at java.util.concurrent.FutureTask.get(FutureTask.java:192)
	at org.apache.ratis.server.impl.LeaderElection.waitForResults(LeaderElection.java:262)
	at org.apache.ratis.server.impl.LeaderElection.askForVotes(LeaderElection.java:200)
	at org.apache.ratis.server.impl.LeaderElection.run(LeaderElection.java:130)
	at java.lang.Thread.run(Thread.java:748)
Caused by: org.apache.ratis.thirdparty.io.grpc.StatusRuntimeException: UNAVAILABLE: io exception
	at org.apache.ratis.thirdparty.io.grpc.stub.ClientCalls.toStatusRuntimeException(ClientCalls.java:233)
	at org.apache.ratis.thirdparty.io.grpc.stub.ClientCalls.getUnchecked(ClientCalls.java:214)
	at org.apache.ratis.thirdparty.io.grpc.stub.ClientCalls.blockingUnaryCall(ClientCalls.java:139)
	at org.apache.ratis.proto.grpc.RaftServerProtocolServiceGrpc$RaftServerProtocolServiceBlockingStub.requestVote(RaftServerProtocolServiceGrpc.java:265)
	at org.apache.ratis.grpc.server.GrpcServerProtocolClient.requestVote(GrpcServerProtocolClient.java:83)
	at org.apache.ratis.grpc.server.GrpcService.requestVote(GrpcService.java:195)
	at org.apache.ratis.server.impl.LeaderElection.lambda$submitRequests$1(LeaderElection.java:237)
	at java.util.concurrent.FutureTask.run(FutureTask.java:266)
	at java.util.concurrent.Executors$RunnableAdapter.call(Executors.java:511)
	at java.util.concurrent.FutureTask.run(FutureTask.java:266)
	at java.util.concurrent.ThreadPoolExecutor.runWorker(ThreadPoolExecutor.java:1149)
	at java.util.concurrent.ThreadPoolExecutor$Worker.run(ThreadPoolExecutor.java:624)
	... 1 more
Caused by: org.apache.ratis.thirdparty.io.netty.channel.AbstractChannel$AnnotatedConnectException: Connection refused: /192.168.69.88:45668
	at sun.nio.ch.SocketChannelImpl.checkConnect(Native Method)
	at sun.nio.ch.SocketChannelImpl.finishConnect(SocketChannelImpl.java:717)
	at org.apache.ratis.thirdparty.io.netty.channel.socket.nio.NioSocketChannel.doFinishConnect(NioSocketChannel.java:327)
	at org.apache.ratis.thirdparty.io.netty.channel.nio.AbstractNioChannel$AbstractNioUnsafe.finishConnect(AbstractNioChannel.java:340)
	at org.apache.ratis.thirdparty.io.netty.channel.nio.NioEventLoop.processSelectedKey(NioEventLoop.java:632)
	at org.apache.ratis.thirdparty.io.netty.channel.nio.NioEventLoop.processSelectedKeysOptimized(NioEventLoop.java:579)
	at org.apache.ratis.thirdparty.io.netty.channel.nio.NioEventLoop.processSelectedKeys(NioEventLoop.java:496)
	at org.apache.ratis.thirdparty.io.netty.channel.nio.NioEventLoop.run(NioEventLoop.java:458)
	at org.apache.ratis.thirdparty.io.netty.util.concurrent.SingleThreadEventExecutor$5.run(SingleThreadEventExecutor.java:897)
	at org.apache.ratis.thirdparty.io.netty.util.concurrent.FastThreadLocalRunnable.run(FastThreadLocalRunnable.java:30)
	... 1 more
Caused by: java.net.ConnectException: Connection refused
	... 11 more
2019-07-16 15:42:18,746 INFO  impl.LeaderElection (LogUtils.java:infoOrTrace(149)) - a98a8c88-1df8-4294-be4b-d265116ec286:group-828B3725BC79:LeaderElection89 got exception when requesting votes: {}
java.util.concurrent.ExecutionException: org.apache.ratis.thirdparty.io.grpc.StatusRuntimeException: UNAVAILABLE: io exception
	at java.util.concurrent.FutureTask.report(FutureTask.java:122)
	at java.util.concurrent.FutureTask.get(FutureTask.java:192)
	at org.apache.ratis.server.impl.LeaderElection.waitForResults(LeaderElection.java:262)
	at org.apache.ratis.server.impl.LeaderElection.askForVotes(LeaderElection.java:200)
	at org.apache.ratis.server.impl.LeaderElection.run(LeaderElection.java:130)
	at java.lang.Thread.run(Thread.java:748)
Caused by: org.apache.ratis.thirdparty.io.grpc.StatusRuntimeException: UNAVAILABLE: io exception
	at org.apache.ratis.thirdparty.io.grpc.stub.ClientCalls.toStatusRuntimeException(ClientCalls.java:233)
	at org.apache.ratis.thirdparty.io.grpc.stub.ClientCalls.getUnchecked(ClientCalls.java:214)
	at org.apache.ratis.thirdparty.io.grpc.stub.ClientCalls.blockingUnaryCall(ClientCalls.java:139)
	at org.apache.ratis.proto.grpc.RaftServerProtocolServiceGrpc$RaftServerProtocolServiceBlockingStub.requestVote(RaftServerProtocolServiceGrpc.java:265)
	at org.apache.ratis.grpc.server.GrpcServerProtocolClient.requestVote(GrpcServerProtocolClient.java:83)
	at org.apache.ratis.grpc.server.GrpcService.requestVote(GrpcService.java:195)
	at org.apache.ratis.server.impl.LeaderElection.lambda$submitRequests$1(LeaderElection.java:237)
	at java.util.concurrent.FutureTask.run(FutureTask.java:266)
	at java.util.concurrent.Executors$RunnableAdapter.call(Executors.java:511)
	at java.util.concurrent.FutureTask.run(FutureTask.java:266)
	at java.util.concurrent.ThreadPoolExecutor.runWorker(ThreadPoolExecutor.java:1149)
	at java.util.concurrent.ThreadPoolExecutor$Worker.run(ThreadPoolExecutor.java:624)
	... 1 more
Caused by: org.apache.ratis.thirdparty.io.netty.channel.AbstractChannel$AnnotatedConnectException: Connection refused: /192.168.69.88:37014
	at sun.nio.ch.SocketChannelImpl.checkConnect(Native Method)
	at sun.nio.ch.SocketChannelImpl.finishConnect(SocketChannelImpl.java:717)
	at org.apache.ratis.thirdparty.io.netty.channel.socket.nio.NioSocketChannel.doFinishConnect(NioSocketChannel.java:327)
	at org.apache.ratis.thirdparty.io.netty.channel.nio.AbstractNioChannel$AbstractNioUnsafe.finishConnect(AbstractNioChannel.java:340)
	at org.apache.ratis.thirdparty.io.netty.channel.nio.NioEventLoop.processSelectedKey(NioEventLoop.java:632)
	at org.apache.ratis.thirdparty.io.netty.channel.nio.NioEventLoop.processSelectedKeysOptimized(NioEventLoop.java:579)
	at org.apache.ratis.thirdparty.io.netty.channel.nio.NioEventLoop.processSelectedKeys(NioEventLoop.java:496)
	at org.apache.ratis.thirdparty.io.netty.channel.nio.NioEventLoop.run(NioEventLoop.java:458)
	at org.apache.ratis.thirdparty.io.netty.util.concurrent.SingleThreadEventExecutor$5.run(SingleThreadEventExecutor.java:897)
	at org.apache.ratis.thirdparty.io.netty.util.concurrent.FastThreadLocalRunnable.run(FastThreadLocalRunnable.java:30)
	... 1 more
Caused by: java.net.ConnectException: Connection refused
	... 11 more
2019-07-16 15:42:18,747 INFO  impl.LeaderElection (LeaderElection.java:logAndReturn(56)) - a98a8c88-1df8-4294-be4b-d265116ec286:group-828B3725BC79:LeaderElection89: Election REJECTED; received 0 response(s) [] and 2 exception(s); a98a8c88-1df8-4294-be4b-d265116ec286:t2, leader=null, voted=a98a8c88-1df8-4294-be4b-d265116ec286, raftlog=a98a8c88-1df8-4294-be4b-d265116ec286-SegmentedRaftLog:OPENED:c6,f6,i6, conf=0: [a98a8c88-1df8-4294-be4b-d265116ec286:192.168.69.88:34462, 50cd2cc6-2eab-4672-88f1-28c6d10bd0d3:192.168.69.88:37014, c9bb5354-5abf-405d-b889-0b02555d43bf:192.168.69.88:45668], old=null
2019-07-16 15:42:18,747 INFO  impl.LeaderElection (LogUtils.java:infoOrTrace(149)) -   Exception 0: {}
java.util.concurrent.ExecutionException: org.apache.ratis.thirdparty.io.grpc.StatusRuntimeException: UNAVAILABLE: io exception
	at java.util.concurrent.FutureTask.report(FutureTask.java:122)
	at java.util.concurrent.FutureTask.get(FutureTask.java:192)
	at org.apache.ratis.server.impl.LeaderElection.waitForResults(LeaderElection.java:262)
	at org.apache.ratis.server.impl.LeaderElection.askForVotes(LeaderElection.java:200)
	at org.apache.ratis.server.impl.LeaderElection.run(LeaderElection.java:130)
	at java.lang.Thread.run(Thread.java:748)
Caused by: org.apache.ratis.thirdparty.io.grpc.StatusRuntimeException: UNAVAILABLE: io exception
	at org.apache.ratis.thirdparty.io.grpc.stub.ClientCalls.toStatusRuntimeException(ClientCalls.java:233)
	at org.apache.ratis.thirdparty.io.grpc.stub.ClientCalls.getUnchecked(ClientCalls.java:214)
	at org.apache.ratis.thirdparty.io.grpc.stub.ClientCalls.blockingUnaryCall(ClientCalls.java:139)
	at org.apache.ratis.proto.grpc.RaftServerProtocolServiceGrpc$RaftServerProtocolServiceBlockingStub.requestVote(RaftServerProtocolServiceGrpc.java:265)
	at org.apache.ratis.grpc.server.GrpcServerProtocolClient.requestVote(GrpcServerProtocolClient.java:83)
	at org.apache.ratis.grpc.server.GrpcService.requestVote(GrpcService.java:195)
	at org.apache.ratis.server.impl.LeaderElection.lambda$submitRequests$1(LeaderElection.java:237)
	at java.util.concurrent.FutureTask.run(FutureTask.java:266)
	at java.util.concurrent.Executors$RunnableAdapter.call(Executors.java:511)
	at java.util.concurrent.FutureTask.run(FutureTask.java:266)
	at java.util.concurrent.ThreadPoolExecutor.runWorker(ThreadPoolExecutor.java:1149)
	at java.util.concurrent.ThreadPoolExecutor$Worker.run(ThreadPoolExecutor.java:624)
	... 1 more
Caused by: org.apache.ratis.thirdparty.io.netty.channel.AbstractChannel$AnnotatedConnectException: Connection refused: /192.168.69.88:45668
	at sun.nio.ch.SocketChannelImpl.checkConnect(Native Method)
	at sun.nio.ch.SocketChannelImpl.finishConnect(SocketChannelImpl.java:717)
	at org.apache.ratis.thirdparty.io.netty.channel.socket.nio.NioSocketChannel.doFinishConnect(NioSocketChannel.java:327)
	at org.apache.ratis.thirdparty.io.netty.channel.nio.AbstractNioChannel$AbstractNioUnsafe.finishConnect(AbstractNioChannel.java:340)
	at org.apache.ratis.thirdparty.io.netty.channel.nio.NioEventLoop.processSelectedKey(NioEventLoop.java:632)
	at org.apache.ratis.thirdparty.io.netty.channel.nio.NioEventLoop.processSelectedKeysOptimized(NioEventLoop.java:579)
	at org.apache.ratis.thirdparty.io.netty.channel.nio.NioEventLoop.processSelectedKeys(NioEventLoop.java:496)
	at org.apache.ratis.thirdparty.io.netty.channel.nio.NioEventLoop.run(NioEventLoop.java:458)
	at org.apache.ratis.thirdparty.io.netty.util.concurrent.SingleThreadEventExecutor$5.run(SingleThreadEventExecutor.java:897)
	at org.apache.ratis.thirdparty.io.netty.util.concurrent.FastThreadLocalRunnable.run(FastThreadLocalRunnable.java:30)
	... 1 more
Caused by: java.net.ConnectException: Connection refused
	... 11 more
2019-07-16 15:42:18,748 INFO  impl.LeaderElection (LogUtils.java:infoOrTrace(149)) -   Exception 1: {}
java.util.concurrent.ExecutionException: org.apache.ratis.thirdparty.io.grpc.StatusRuntimeException: UNAVAILABLE: io exception
	at java.util.concurrent.FutureTask.report(FutureTask.java:122)
	at java.util.concurrent.FutureTask.get(FutureTask.java:192)
	at org.apache.ratis.server.impl.LeaderElection.waitForResults(LeaderElection.java:262)
	at org.apache.ratis.server.impl.LeaderElection.askForVotes(LeaderElection.java:200)
	at org.apache.ratis.server.impl.LeaderElection.run(LeaderElection.java:130)
	at java.lang.Thread.run(Thread.java:748)
Caused by: org.apache.ratis.thirdparty.io.grpc.StatusRuntimeException: UNAVAILABLE: io exception
	at org.apache.ratis.thirdparty.io.grpc.stub.ClientCalls.toStatusRuntimeException(ClientCalls.java:233)
	at org.apache.ratis.thirdparty.io.grpc.stub.ClientCalls.getUnchecked(ClientCalls.java:214)
	at org.apache.ratis.thirdparty.io.grpc.stub.ClientCalls.blockingUnaryCall(ClientCalls.java:139)
	at org.apache.ratis.proto.grpc.RaftServerProtocolServiceGrpc$RaftServerProtocolServiceBlockingStub.requestVote(RaftServerProtocolServiceGrpc.java:265)
	at org.apache.ratis.grpc.server.GrpcServerProtocolClient.requestVote(GrpcServerProtocolClient.java:83)
	at org.apache.ratis.grpc.server.GrpcService.requestVote(GrpcService.java:195)
	at org.apache.ratis.server.impl.LeaderElection.lambda$submitRequests$1(LeaderElection.java:237)
	at java.util.concurrent.FutureTask.run(FutureTask.java:266)
	at java.util.concurrent.Executors$RunnableAdapter.call(Executors.java:511)
	at java.util.concurrent.FutureTask.run(FutureTask.java:266)
	at java.util.concurrent.ThreadPoolExecutor.runWorker(ThreadPoolExecutor.java:1149)
	at java.util.concurrent.ThreadPoolExecutor$Worker.run(ThreadPoolExecutor.java:624)
	... 1 more
Caused by: org.apache.ratis.thirdparty.io.netty.channel.AbstractChannel$AnnotatedConnectException: Connection refused: /192.168.69.88:37014
	at sun.nio.ch.SocketChannelImpl.checkConnect(Native Method)
	at sun.nio.ch.SocketChannelImpl.finishConnect(SocketChannelImpl.java:717)
	at org.apache.ratis.thirdparty.io.netty.channel.socket.nio.NioSocketChannel.doFinishConnect(NioSocketChannel.java:327)
	at org.apache.ratis.thirdparty.io.netty.channel.nio.AbstractNioChannel$AbstractNioUnsafe.finishConnect(AbstractNioChannel.java:340)
	at org.apache.ratis.thirdparty.io.netty.channel.nio.NioEventLoop.processSelectedKey(NioEventLoop.java:632)
	at org.apache.ratis.thirdparty.io.netty.channel.nio.NioEventLoop.processSelectedKeysOptimized(NioEventLoop.java:579)
	at org.apache.ratis.thirdparty.io.netty.channel.nio.NioEventLoop.processSelectedKeys(NioEventLoop.java:496)
	at org.apache.ratis.thirdparty.io.netty.channel.nio.NioEventLoop.run(NioEventLoop.java:458)
	at org.apache.ratis.thirdparty.io.netty.util.concurrent.SingleThreadEventExecutor$5.run(SingleThreadEventExecutor.java:897)
	at org.apache.ratis.thirdparty.io.netty.util.concurrent.FastThreadLocalRunnable.run(FastThreadLocalRunnable.java:30)
	... 1 more
Caused by: java.net.ConnectException: Connection refused
	... 11 more
2019-07-16 15:42:18,748 INFO  impl.RaftServerImpl (RaftServerImpl.java:setRole(171)) - a98a8c88-1df8-4294-be4b-d265116ec286:group-828B3725BC79 changes role from CANDIDATE to FOLLOWER at term 2 for DISCOVERED_A_NEW_TERM
2019-07-16 15:42:18,748 INFO  impl.RoleInfo (RoleInfo.java:shutdownLeaderElection(134)) - a98a8c88-1df8-4294-be4b-d265116ec286: shutdown LeaderElection
2019-07-16 15:42:18,748 INFO  impl.RoleInfo (RoleInfo.java:updateAndGet(143)) - a98a8c88-1df8-4294-be4b-d265116ec286: start FollowerState
2019-07-16 15:42:20,718 INFO  node.StaleNodeHandler (StaleNodeHandler.java:onMessage(58)) - Datanode a98a8c88-1df8-4294-be4b-d265116ec286{ip: 192.168.69.88, host: trunk-nightly-kgw5x-1882989438, networkLocation: /default-rack, certSerialId: null} moved to stale state. Finalizing its pipelines [PipelineID=364b4fe0-4524-4fb8-ad2b-f39a792ed7dc, PipelineID=b2803414-1cd1-4b54-a243-828b3725bc79]
2019-07-16 15:42:20,718 INFO  pipeline.SCMPipelineManager (SCMPipelineManager.java:finalizeAndDestroyPipeline(309)) - destroying pipeline:Pipeline[ Id: 364b4fe0-4524-4fb8-ad2b-f39a792ed7dc, Nodes: a98a8c88-1df8-4294-be4b-d265116ec286{ip: 192.168.69.88, host: trunk-nightly-kgw5x-1882989438, networkLocation: /default-rack, certSerialId: null}, Type:RATIS, Factor:ONE, State:OPEN]
2019-07-16 15:42:20,718 INFO  pipeline.PipelineStateManager (PipelineStateManager.java:finalizePipeline(123)) - Pipeline Pipeline[ Id: 364b4fe0-4524-4fb8-ad2b-f39a792ed7dc, Nodes: a98a8c88-1df8-4294-be4b-d265116ec286{ip: 192.168.69.88, host: trunk-nightly-kgw5x-1882989438, networkLocation: /default-rack, certSerialId: null}, Type:RATIS, Factor:ONE, State:CLOSED] moved to CLOSED state
2019-07-16 15:42:20,719 INFO  pipeline.SCMPipelineManager (SCMPipelineManager.java:finalizeAndDestroyPipeline(309)) - destroying pipeline:Pipeline[ Id: b2803414-1cd1-4b54-a243-828b3725bc79, Nodes: c9bb5354-5abf-405d-b889-0b02555d43bf{ip: 192.168.69.88, host: trunk-nightly-kgw5x-1882989438, networkLocation: /default-rack, certSerialId: null}a98a8c88-1df8-4294-be4b-d265116ec286{ip: 192.168.69.88, host: trunk-nightly-kgw5x-1882989438, networkLocation: /default-rack, certSerialId: null}50cd2cc6-2eab-4672-88f1-28c6d10bd0d3{ip: 192.168.69.88, host: trunk-nightly-kgw5x-1882989438, networkLocation: /default-rack, certSerialId: null}, Type:RATIS, Factor:THREE, State:CLOSED]
2019-07-16 15:42:21,427 INFO  ozoneimpl.OzoneContainer (OzoneContainer.java:stop(199)) - Attempting to stop container services.
2019-07-16 15:42:21,428 INFO  impl.RaftServerProxy (RaftServerProxy.java:lambda$close$4(314)) - a98a8c88-1df8-4294-be4b-d265116ec286: close
2019-07-16 15:42:21,428 INFO  impl.RaftServerImpl (RaftServerImpl.java:lambda$shutdown$3(245)) - a98a8c88-1df8-4294-be4b-d265116ec286: shutdown group-F39A792ED7DC
2019-07-16 15:42:21,429 INFO  util.JmxRegister (JmxRegister.java:unregister(73)) - Successfully un-registered JMX Bean with object name Ratis:service=RaftServer,group=group-F39A792ED7DC,id=a98a8c88-1df8-4294-be4b-d265116ec286
2019-07-16 15:42:21,429 INFO  impl.RoleInfo (RoleInfo.java:shutdownLeaderState(104)) - a98a8c88-1df8-4294-be4b-d265116ec286: shutdown LeaderState
2019-07-16 15:42:21,430 INFO  impl.PendingRequests (PendingRequests.java:sendNotLeaderResponses(202)) - a98a8c88-1df8-4294-be4b-d265116ec286-PendingRequests: sendNotLeaderResponses
2019-07-16 15:42:21,430 INFO  impl.StateMachineUpdater (StateMachineUpdater.java:stopAndJoin(115)) - StateMachineUpdater:a98a8c88-1df8-4294-be4b-d265116ec286:group-F39A792ED7DC: set stopIndex = 0
2019-07-16 15:42:21,431 INFO  impl.RaftServerImpl (ServerState.java:close(394)) - a98a8c88-1df8-4294-be4b-d265116ec286:group-F39A792ED7DC closes. The last applied log index is 0
2019-07-16 15:42:21,431 INFO  segmented.SegmentedRaftLogWorker (SegmentedRaftLogWorker.java:run(313)) - a98a8c88-1df8-4294-be4b-d265116ec286-SegmentedRaftLogWorker:Storage Directory /workdir/hadoop-ozone/integration-test/target/test-dir/MiniOzoneClusterImpl-d0ea49d4-3ec4-4341-b33c-276464736bc4/datanode-5/data/ratis/364b4fe0-4524-4fb8-ad2b-f39a792ed7dc was interrupted, exiting. There are 0 tasks remaining in the queue.
2019-07-16 15:42:21,434 INFO  segmented.SegmentedRaftLogWorker (SegmentedRaftLogWorker.java:close(228)) - a98a8c88-1df8-4294-be4b-d265116ec286-SegmentedRaftLogWorker:Storage Directory /workdir/hadoop-ozone/integration-test/target/test-dir/MiniOzoneClusterImpl-d0ea49d4-3ec4-4341-b33c-276464736bc4/datanode-5/data/ratis/364b4fe0-4524-4fb8-ad2b-f39a792ed7dc close()
2019-07-16 15:42:21,436 INFO  impl.RaftServerImpl (RaftServerImpl.java:lambda$shutdown$3(245)) - a98a8c88-1df8-4294-be4b-d265116ec286: shutdown group-828B3725BC79
2019-07-16 15:42:21,436 INFO  util.JmxRegister (JmxRegister.java:unregister(73)) - Successfully un-registered JMX Bean with object name Ratis:service=RaftServer,group=group-828B3725BC79,id=a98a8c88-1df8-4294-be4b-d265116ec286
2019-07-16 15:42:21,437 INFO  impl.RoleInfo (RoleInfo.java:shutdownFollowerState(121)) - a98a8c88-1df8-4294-be4b-d265116ec286: shutdown FollowerState
2019-07-16 15:42:21,437 INFO  impl.StateMachineUpdater (StateMachineUpdater.java:stopAndJoin(115)) - StateMachineUpdater:a98a8c88-1df8-4294-be4b-d265116ec286:group-828B3725BC79: set stopIndex = 6
2019-07-16 15:42:21,437 INFO  impl.FollowerState (FollowerState.java:run(114)) - a98a8c88-1df8-4294-be4b-d265116ec286: FollowerState was interrupted: java.lang.InterruptedException: sleep interrupted
2019-07-16 15:42:21,437 INFO  ratis.ContainerStateMachine (ContainerStateMachine.java:takeSnapshot(249)) - group-828B3725BC79: Taking a snapshot at:(t:1, i:6) file /workdir/hadoop-ozone/integration-test/target/test-dir/MiniOzoneClusterImpl-d0ea49d4-3ec4-4341-b33c-276464736bc4/datanode-5/data/ratis/b2803414-1cd1-4b54-a243-828b3725bc79/sm/snapshot.1_6
2019-07-16 15:42:21,440 INFO  ratis.ContainerStateMachine (ContainerStateMachine.java:takeSnapshot(257)) - group-828B3725BC79: Finished taking a snapshot at:(t:1, i:6) file:/workdir/hadoop-ozone/integration-test/target/test-dir/MiniOzoneClusterImpl-d0ea49d4-3ec4-4341-b33c-276464736bc4/datanode-5/data/ratis/b2803414-1cd1-4b54-a243-828b3725bc79/sm/snapshot.1_6 time:2
2019-07-16 15:42:21,440 INFO  impl.StateMachineUpdater (StateMachineUpdater.java:takeSnapshot(242)) - StateMachineUpdater:a98a8c88-1df8-4294-be4b-d265116ec286:group-828B3725BC79: Took a snapshot at index 6
2019-07-16 15:42:21,440 INFO  impl.StateMachineUpdater (StateMachineUpdater.java:lambda$new$0(80)) - StateMachineUpdater:a98a8c88-1df8-4294-be4b-d265116ec286:group-828B3725BC79: snapshotIndex: updateIncreasingly -1 -> 6
2019-07-16 15:42:21,440 INFO  impl.RaftServerImpl (ServerState.java:close(394)) - a98a8c88-1df8-4294-be4b-d265116ec286:group-828B3725BC79 closes. The last applied log index is 6
2019-07-16 15:42:21,441 INFO  segmented.SegmentedRaftLogWorker (SegmentedRaftLogWorker.java:run(313)) - a98a8c88-1df8-4294-be4b-d265116ec286-SegmentedRaftLogWorker:Storage Directory /workdir/hadoop-ozone/integration-test/target/test-dir/MiniOzoneClusterImpl-d0ea49d4-3ec4-4341-b33c-276464736bc4/datanode-5/data/ratis/b2803414-1cd1-4b54-a243-828b3725bc79 was interrupted, exiting. There are 0 tasks remaining in the queue.
2019-07-16 15:42:21,442 INFO  segmented.SegmentedRaftLogWorker (SegmentedRaftLogWorker.java:close(228)) - a98a8c88-1df8-4294-be4b-d265116ec286-SegmentedRaftLogWorker:Storage Directory /workdir/hadoop-ozone/integration-test/target/test-dir/MiniOzoneClusterImpl-d0ea49d4-3ec4-4341-b33c-276464736bc4/datanode-5/data/ratis/b2803414-1cd1-4b54-a243-828b3725bc79 close()
2019-07-16 15:42:21,444 INFO  server.GrpcService (GrpcService.java:closeImpl(155)) - a98a8c88-1df8-4294-be4b-d265116ec286: shutdown server with port 34462 now
2019-07-16 15:42:21,445 INFO  server.GrpcService (GrpcService.java:closeImpl(163)) - a98a8c88-1df8-4294-be4b-d265116ec286: shutdown server with port 34462 successfully
2019-07-16 15:42:21,446 INFO  utils.BackgroundService (BackgroundService.java:shutdown(148)) - Shutting down service BlockDeletingService
2019-07-16 15:42:21,448 WARN  fs.CachingGetSpaceUsed (CachingGetSpaceUsed.java:run(183)) - Thread Interrupted waiting to refresh disk information: sleep interrupted
2019-07-16 15:42:21,461 INFO  statemachine.DatanodeStateMachine (DatanodeStateMachine.java:stopDaemon(395)) - Ozone container server stopped.
2019-07-16 15:42:21,474 INFO  handler.ContextHandler (ContextHandler.java:doStop(910)) - Stopped o.e.j.w.WebAppContext@31e08c61{/,null,UNAVAILABLE}{/hddsDatanode}
2019-07-16 15:42:21,475 INFO  server.AbstractConnector (AbstractConnector.java:doStop(318)) - Stopped ServerConnector@69eb88a7{HTTP/1.1,[http/1.1]}{0.0.0.0:0}
2019-07-16 15:42:21,475 INFO  handler.ContextHandler (ContextHandler.java:doStop(910)) - Stopped o.e.j.s.ServletContextHandler@7bb3cbb4{/static,jar:file:/home/user/.m2/repository/org/apache/hadoop/hadoop-hdds-container-service/0.5.0-SNAPSHOT/hadoop-hdds-container-service-0.5.0-SNAPSHOT.jar!/webapps/static,UNAVAILABLE}
2019-07-16 15:42:21,476 INFO  handler.ContextHandler (ContextHandler.java:doStop(910)) - Stopped o.e.j.s.ServletContextHandler@51a7ee4e{/logs,file:///workdir/hadoop-ozone/integration-test/target/log,UNAVAILABLE}
2019-07-16 15:42:21,477 INFO  ozone.MiniOzoneClusterImpl (MiniOzoneClusterImpl.java:stop(353)) - Stopping the StorageContainerManager
2019-07-16 15:42:21,477 INFO  server.StorageContainerManager (StorageContainerManager.java:stop(796)) - Stopping Replication Manager Service.
2019-07-16 15:42:21,477 INFO  container.ReplicationManager (ReplicationManager.java:stop(187)) - Stopping Replication Monitor Thread.
2019-07-16 15:42:21,477 INFO  server.StorageContainerManager (StorageContainerManager.java:stop(803)) - Stopping Lease Manager of the command watchers
2019-07-16 15:42:21,478 INFO  server.StorageContainerManager (StorageContainerManager.java:stop(810)) - Stopping datanode service RPC server
2019-07-16 15:42:21,478 INFO  server.SCMDatanodeProtocolServer (SCMDatanodeProtocolServer.java:stop(375)) - Stopping the RPC server for DataNodes
2019-07-16 15:42:21,478 INFO  ipc.Server (Server.java:stop(3082)) - Stopping server on 46222
2019-07-16 15:42:21,480 INFO  ipc.Server (Server.java:run(1185)) - Stopping IPC Server listener on 46222
2019-07-16 15:42:21,483 INFO  ipc.Server (Server.java:run(1319)) - Stopping IPC Server Responder
2019-07-16 15:42:21,519 WARN  node.NodeStateManager (NodeStateManager.java:scheduleNextHealthCheck(631)) - Current Thread is interrupted, shutting down HB processing thread for Node Manager.
2019-07-16 15:42:21,519 INFO  server.StorageContainerManager (StorageContainerManager.java:stop(818)) - Stopping block service RPC server
2019-07-16 15:42:21,519 INFO  server.SCMBlockProtocolServer (SCMBlockProtocolServer.java:stop(148)) - Stopping the RPC server for Block Protocol
2019-07-16 15:42:21,520 INFO  ipc.Server (Server.java:stop(3082)) - Stopping server on 41940
2019-07-16 15:42:21,522 INFO  server.StorageContainerManager (StorageContainerManager.java:stop(825)) - Stopping the StorageContainerLocationProtocol RPC server
2019-07-16 15:42:21,523 INFO  server.SCMClientProtocolServer (SCMClientProtocolServer.java:stop(157)) - Stopping the RPC server for Client Protocol
2019-07-16 15:42:21,523 INFO  ipc.Server (Server.java:stop(3082)) - Stopping server on 44331
2019-07-16 15:42:21,523 INFO  ipc.Server (Server.java:run(1319)) - Stopping IPC Server Responder
2019-07-16 15:42:21,525 INFO  ipc.Server (Server.java:run(1185)) - Stopping IPC Server listener on 41940
2019-07-16 15:42:21,530 INFO  server.StorageContainerManager (StorageContainerManager.java:stop(832)) - Stopping Storage Container Manager HTTP server.
2019-07-16 15:42:21,531 INFO  ipc.Server (Server.java:run(1319)) - Stopping IPC Server Responder
2019-07-16 15:42:21,525 INFO  ipc.Server (Server.java:run(1185)) - Stopping IPC Server listener on 44331
2019-07-16 15:42:21,533 INFO  handler.ContextHandler (ContextHandler.java:doStop(910)) - Stopped o.e.j.w.WebAppContext@643bef2a{/,null,UNAVAILABLE}{/scm}
2019-07-16 15:42:21,534 INFO  server.AbstractConnector (AbstractConnector.java:doStop(318)) - Stopped ServerConnector@6049b4c9{HTTP/1.1,[http/1.1]}{0.0.0.0:0}
2019-07-16 15:42:21,534 INFO  handler.ContextHandler (ContextHandler.java:doStop(910)) - Stopped o.e.j.s.ServletContextHandler@34e4a136{/static,file:///workdir/hadoop-ozone/integration-test/target/test-classes/webapps/static,UNAVAILABLE}
2019-07-16 15:42:21,534 INFO  handler.ContextHandler (ContextHandler.java:doStop(910)) - Stopped o.e.j.s.ServletContextHandler@77227b1f{/logs,file:///workdir/hadoop-ozone/integration-test/target/log,UNAVAILABLE}
2019-07-16 15:42:21,536 INFO  server.StorageContainerManager (StorageContainerManager.java:stop(843)) - Stopping Block Manager Service.
2019-07-16 15:42:21,536 INFO  utils.BackgroundService (BackgroundService.java:shutdown(148)) - Shutting down service SCMBlockDeletingService
2019-07-16 15:42:21,536 INFO  utils.BackgroundService (BackgroundService.java:shutdown(148)) - Shutting down service SCMBlockDeletingService
2019-07-16 15:42:21,537 INFO  server.StorageContainerManager (StorageContainerManager.java:stop(865)) - Stopping SCM Event Queue.
2019-07-16 15:42:21,561 INFO  impl.MetricsSystemImpl (MetricsSystemImpl.java:stop(210)) - Stopping HddsDatanode metrics system...
2019-07-16 15:42:21,573 INFO  impl.MetricsSystemImpl (MetricsSystemImpl.java:stop(216)) - HddsDatanode metrics system stopped.
]]></system-out>
    <system-err><![CDATA[Jul 16, 2019 3:41:47 PM com.sun.jersey.server.impl.application.WebApplicationImpl _initiate
INFO: Initiating Jersey application, version 'Jersey: 1.19 02/11/2015 03:25 AM'
Jul 16, 2019 3:41:48 PM com.sun.jersey.server.impl.application.WebApplicationImpl _initiate
INFO: Initiating Jersey application, version 'Jersey: 1.19 02/11/2015 03:25 AM'
Jul 16, 2019 3:41:48 PM com.sun.jersey.server.impl.application.WebApplicationImpl _initiate
INFO: Initiating Jersey application, version 'Jersey: 1.19 02/11/2015 03:25 AM'
Jul 16, 2019 3:41:48 PM com.sun.jersey.server.impl.application.WebApplicationImpl _initiate
INFO: Initiating Jersey application, version 'Jersey: 1.19 02/11/2015 03:25 AM'
Jul 16, 2019 3:41:48 PM com.sun.jersey.server.impl.application.WebApplicationImpl _initiate
INFO: Initiating Jersey application, version 'Jersey: 1.19 02/11/2015 03:25 AM'
Jul 16, 2019 3:41:48 PM com.sun.jersey.server.impl.application.WebApplicationImpl _initiate
INFO: Initiating Jersey application, version 'Jersey: 1.19 02/11/2015 03:25 AM'
Jul 16, 2019 3:41:49 PM com.sun.jersey.server.impl.application.WebApplicationImpl _initiate
INFO: Initiating Jersey application, version 'Jersey: 1.19 02/11/2015 03:25 AM'
]]></system-err>
  </testcase>
  <testcase name="testWatchForCommitWithCloseContainerException" classname="org.apache.hadoop.ozone.client.rpc.TestBlockOutputStreamWithFailures" time="33.92">
    <error type="java.lang.IllegalArgumentException">java.lang.IllegalArgumentException
	at com.google.common.base.Preconditions.checkArgument(Preconditions.java:72)
	at org.apache.hadoop.hdds.scm.XceiverClientManager.acquireClient(XceiverClientManager.java:150)
	at org.apache.hadoop.hdds.scm.XceiverClientManager.acquireClientForReadData(XceiverClientManager.java:143)
	at org.apache.hadoop.hdds.scm.storage.BlockInputStream.getChunkInfos(BlockInputStream.java:154)
	at org.apache.hadoop.hdds.scm.storage.BlockInputStream.initialize(BlockInputStream.java:118)
	at org.apache.hadoop.hdds.scm.storage.BlockInputStream.read(BlockInputStream.java:222)
	at org.apache.hadoop.ozone.client.io.KeyInputStream.read(KeyInputStream.java:171)
	at org.apache.hadoop.ozone.client.io.OzoneInputStream.read(OzoneInputStream.java:47)
	at java.io.InputStream.read(InputStream.java:101)
	at org.apache.hadoop.ozone.container.ContainerTestHelper.validateData(ContainerTestHelper.java:709)
	at org.apache.hadoop.ozone.client.rpc.TestBlockOutputStreamWithFailures.validateData(TestBlockOutputStreamWithFailures.java:1212)
	at org.apache.hadoop.ozone.client.rpc.TestBlockOutputStreamWithFailures.testWatchForCommitWithCloseContainerException(TestBlockOutputStreamWithFailures.java:260)
	at sun.reflect.NativeMethodAccessorImpl.invoke0(Native Method)
	at sun.reflect.NativeMethodAccessorImpl.invoke(NativeMethodAccessorImpl.java:62)
	at sun.reflect.DelegatingMethodAccessorImpl.invoke(DelegatingMethodAccessorImpl.java:43)
	at java.lang.reflect.Method.invoke(Method.java:498)
	at org.junit.runners.model.FrameworkMethod$1.runReflectiveCall(FrameworkMethod.java:47)
	at org.junit.internal.runners.model.ReflectiveCallable.run(ReflectiveCallable.java:12)
	at org.junit.runners.model.FrameworkMethod.invokeExplosively(FrameworkMethod.java:44)
	at org.junit.internal.runners.statements.InvokeMethod.evaluate(InvokeMethod.java:17)
	at org.junit.internal.runners.statements.RunBefores.evaluate(RunBefores.java:26)
	at org.junit.internal.runners.statements.RunAfters.evaluate(RunAfters.java:27)
	at org.junit.runners.ParentRunner.runLeaf(ParentRunner.java:271)
	at org.junit.runners.BlockJUnit4ClassRunner.runChild(BlockJUnit4ClassRunner.java:70)
	at org.junit.runners.BlockJUnit4ClassRunner.runChild(BlockJUnit4ClassRunner.java:50)
	at org.junit.runners.ParentRunner$3.run(ParentRunner.java:238)
	at org.junit.runners.ParentRunner$1.schedule(ParentRunner.java:63)
	at org.junit.runners.ParentRunner.runChildren(ParentRunner.java:236)
	at org.junit.runners.ParentRunner.access$000(ParentRunner.java:53)
	at org.junit.runners.ParentRunner$2.evaluate(ParentRunner.java:229)
	at org.junit.runners.ParentRunner.run(ParentRunner.java:309)
	at org.apache.maven.surefire.junit4.JUnit4Provider.execute(JUnit4Provider.java:365)
	at org.apache.maven.surefire.junit4.JUnit4Provider.executeWithRerun(JUnit4Provider.java:273)
	at org.apache.maven.surefire.junit4.JUnit4Provider.executeTestSet(JUnit4Provider.java:238)
	at org.apache.maven.surefire.junit4.JUnit4Provider.invoke(JUnit4Provider.java:159)
	at org.apache.maven.surefire.booter.ForkedBooter.invokeProviderInSameClassLoader(ForkedBooter.java:384)
	at org.apache.maven.surefire.booter.ForkedBooter.runSuitesInProcess(ForkedBooter.java:345)
	at org.apache.maven.surefire.booter.ForkedBooter.execute(ForkedBooter.java:126)
	at org.apache.maven.surefire.booter.ForkedBooter.main(ForkedBooter.java:418)
</error>
    <system-out><![CDATA[2019-07-16 15:42:21,684 WARN  server.ServerUtils (ServerUtils.java:getScmDbDir(145)) - ozone.scm.db.dirs is not configured. We recommend adding this setting. Falling back to ozone.metadata.dirs instead.
2019-07-16 15:42:21,712 WARN  server.ServerUtils (ServerUtils.java:getScmDbDir(145)) - ozone.scm.db.dirs is not configured. We recommend adding this setting. Falling back to ozone.metadata.dirs instead.
2019-07-16 15:42:21,713 WARN  server.ServerUtils (ServerUtils.java:getScmDbDir(145)) - ozone.scm.db.dirs is not configured. We recommend adding this setting. Falling back to ozone.metadata.dirs instead.
2019-07-16 15:42:21,713 INFO  db.DBStoreBuilder (DBStoreBuilder.java:addTable(110)) - using custom profile for table: deletedBlocks
2019-07-16 15:42:21,714 INFO  db.DBStoreBuilder (DBStoreBuilder.java:processTables(161)) - Using default column profile:DBProfile.DISK for Table:deletedBlocks
2019-07-16 15:42:21,714 INFO  db.DBStoreBuilder (DBStoreBuilder.java:addTable(110)) - using custom profile for table: validCerts
2019-07-16 15:42:21,714 INFO  db.DBStoreBuilder (DBStoreBuilder.java:processTables(161)) - Using default column profile:DBProfile.DISK for Table:validCerts
2019-07-16 15:42:21,714 INFO  db.DBStoreBuilder (DBStoreBuilder.java:addTable(110)) - using custom profile for table: revokedCerts
2019-07-16 15:42:21,715 INFO  db.DBStoreBuilder (DBStoreBuilder.java:processTables(161)) - Using default column profile:DBProfile.DISK for Table:revokedCerts
2019-07-16 15:42:21,715 INFO  db.DBStoreBuilder (DBStoreBuilder.java:addTable(110)) - using custom profile for table: default
2019-07-16 15:42:21,715 INFO  db.DBStoreBuilder (DBStoreBuilder.java:processTables(167)) - Using default column profile:DBProfile.DISK for Table:default
2019-07-16 15:42:21,716 INFO  db.DBStoreBuilder (DBStoreBuilder.java:getDbProfile(198)) - Using default options. DBProfile.DISK
2019-07-16 15:42:21,791 INFO  net.NodeSchemaLoader (NodeSchemaLoader.java:loadSchemaFromFile(125)) - Loading file from sun.misc.CompoundEnumeration@3d0c88f4
2019-07-16 15:42:21,791 INFO  net.NodeSchemaLoader (NodeSchemaLoader.java:loadSchema(171)) - Loading network topology layer schema file
2019-07-16 15:42:21,797 INFO  node.SCMNodeManager (SCMNodeManager.java:<init>(119)) - Entering startup safe mode.
2019-07-16 15:42:21,797 WARN  server.ServerUtils (ServerUtils.java:getScmDbDir(145)) - ozone.scm.db.dirs is not configured. We recommend adding this setting. Falling back to ozone.metadata.dirs instead.
2019-07-16 15:42:21,845 INFO  pipeline.SCMPipelineManager (SCMPipelineManager.java:initializePipelineState(126)) - No pipeline exists in current db
2019-07-16 15:42:21,845 WARN  server.ServerUtils (ServerUtils.java:getScmDbDir(145)) - ozone.scm.db.dirs is not configured. We recommend adding this setting. Falling back to ozone.metadata.dirs instead.
2019-07-16 15:42:21,898 WARN  events.EventQueue (EventQueue.java:fireEvent(175)) - No event handler registered for event TypedEvent{payloadType=SafeModeStatus, name='SafeModeStatus'}
2019-07-16 15:42:21,899 INFO  ipc.CallQueueManager (CallQueueManager.java:<init>(84)) - Using callQueue: class java.util.concurrent.LinkedBlockingQueue, queueCapacity: 2000, scheduler: class org.apache.hadoop.ipc.DefaultRpcScheduler, ipcBackoff: false.
2019-07-16 15:42:21,900 INFO  ipc.Server (Server.java:run(1074)) - Starting Socket Reader #1 for port 39810
2019-07-16 15:42:21,902 INFO  ipc.CallQueueManager (CallQueueManager.java:<init>(84)) - Using callQueue: class java.util.concurrent.LinkedBlockingQueue, queueCapacity: 2000, scheduler: class org.apache.hadoop.ipc.DefaultRpcScheduler, ipcBackoff: false.
2019-07-16 15:42:21,903 INFO  ipc.Server (Server.java:run(1074)) - Starting Socket Reader #1 for port 39266
2019-07-16 15:42:21,905 INFO  ipc.CallQueueManager (CallQueueManager.java:<init>(84)) - Using callQueue: class java.util.concurrent.LinkedBlockingQueue, queueCapacity: 2000, scheduler: class org.apache.hadoop.ipc.DefaultRpcScheduler, ipcBackoff: false.
2019-07-16 15:42:21,906 INFO  ipc.Server (Server.java:run(1074)) - Starting Socket Reader #1 for port 35472
2019-07-16 15:42:21,911 INFO  hdfs.DFSUtil (DFSUtil.java:httpServerTemplateForNNAndJN(1641)) - Starting Web-server for scm at: http://0.0.0.0:0
2019-07-16 15:42:21,913 INFO  server.AuthenticationFilter (AuthenticationFilter.java:constructSecretProvider(240)) - Unable to initialize FileSignerSecretProvider, falling back to use random secrets.
2019-07-16 15:42:21,914 WARN  http.HttpRequestLog (HttpRequestLog.java:getRequestLog(97)) - Jetty request log can only be enabled using Log4j
2019-07-16 15:42:21,916 INFO  http.HttpServer2 (HttpServer2.java:addGlobalFilter(975)) - Added global filter 'safety' (class=org.apache.hadoop.http.HttpServer2$QuotingInputFilter)
2019-07-16 15:42:21,917 INFO  http.HttpServer2 (HttpServer2.java:addFilter(948)) - Added filter static_user_filter (class=org.apache.hadoop.http.lib.StaticUserWebFilter$StaticUserFilter) to context scm
2019-07-16 15:42:21,917 INFO  http.HttpServer2 (HttpServer2.java:addFilter(958)) - Added filter static_user_filter (class=org.apache.hadoop.http.lib.StaticUserWebFilter$StaticUserFilter) to context static
2019-07-16 15:42:21,917 INFO  http.HttpServer2 (HttpServer2.java:addFilter(958)) - Added filter static_user_filter (class=org.apache.hadoop.http.lib.StaticUserWebFilter$StaticUserFilter) to context logs
2019-07-16 15:42:21,919 INFO  server.StorageContainerManager (StorageContainerManager.java:start(759)) - StorageContainerLocationProtocol RPC server is listening at /0.0.0.0:35472
2019-07-16 15:42:21,921 WARN  impl.MetricsConfig (MetricsConfig.java:loadFirst(134)) - Cannot locate configuration: tried hadoop-metrics2-storagecontainermanager.properties,hadoop-metrics2.properties
2019-07-16 15:42:21,922 INFO  impl.MetricsSystemImpl (MetricsSystemImpl.java:startTimer(374)) - Scheduled Metric snapshot period at 10 second(s).
2019-07-16 15:42:21,923 INFO  impl.MetricsSystemImpl (MetricsSystemImpl.java:start(191)) - StorageContainerManager metrics system started
2019-07-16 15:42:21,990 INFO  server.SCMClientProtocolServer (SCMClientProtocolServer.java:start(149)) - RPC server for Client  is listening at /0.0.0.0:35472
2019-07-16 15:42:21,991 INFO  ipc.Server (Server.java:run(1314)) - IPC Server Responder: starting
2019-07-16 15:42:21,991 INFO  ipc.Server (Server.java:run(1153)) - IPC Server listener on 35472: starting
2019-07-16 15:42:21,996 INFO  server.StorageContainerManager (StorageContainerManager.java:start(768)) - ScmBlockLocationProtocol RPC server is listening at /0.0.0.0:39266
2019-07-16 15:42:21,996 INFO  server.SCMBlockProtocolServer (SCMBlockProtocolServer.java:start(140)) - RPC server for Block Protocol is listening at /0.0.0.0:39266
2019-07-16 15:42:21,997 INFO  ipc.Server (Server.java:run(1314)) - IPC Server Responder: starting
2019-07-16 15:42:21,997 INFO  ipc.Server (Server.java:run(1153)) - IPC Server listener on 39266: starting
2019-07-16 15:42:22,002 INFO  server.StorageContainerManager (StorageContainerManager.java:start(772)) - ScmDatanodeProtocl RPC server is listening at /0.0.0.0:39810
2019-07-16 15:42:22,002 INFO  server.SCMDatanodeProtocolServer (SCMDatanodeProtocolServer.java:start(191)) - RPC server for DataNodes is listening at /0.0.0.0:39810
2019-07-16 15:42:22,002 INFO  ipc.Server (Server.java:run(1314)) - IPC Server Responder: starting
2019-07-16 15:42:22,004 INFO  ipc.Server (Server.java:run(1153)) - IPC Server listener on 39810: starting
2019-07-16 15:42:22,008 INFO  http.HttpServer2 (HttpServer2.java:bindListener(1191)) - Jetty bound to port 43529
2019-07-16 15:42:22,008 INFO  server.Server (Server.java:doStart(351)) - jetty-9.3.24.v20180605, build timestamp: 2018-06-05T17:11:56Z, git hash: 84205aa28f11a4f31f2a3b86d1bba2cc8ab69827
2019-07-16 15:42:22,010 INFO  handler.ContextHandler (ContextHandler.java:doStart(781)) - Started o.e.j.s.ServletContextHandler@72e4905c{/logs,file:///workdir/hadoop-ozone/integration-test/target/log,AVAILABLE}
2019-07-16 15:42:22,010 INFO  handler.ContextHandler (ContextHandler.java:doStart(781)) - Started o.e.j.s.ServletContextHandler@7f9083b4{/static,file:///workdir/hadoop-ozone/integration-test/target/test-classes/webapps/static,AVAILABLE}
2019-07-16 15:42:22,015 INFO  handler.ContextHandler (ContextHandler.java:doStart(781)) - Started o.e.j.w.WebAppContext@19e552a3{/,file:///workdir/hadoop-ozone/integration-test/target/test-classes/webapps/scm/,AVAILABLE}{/scm}
2019-07-16 15:42:22,016 INFO  server.AbstractConnector (AbstractConnector.java:doStart(278)) - Started ServerConnector@5091456c{HTTP/1.1,[http/1.1]}{0.0.0.0:43529}
2019-07-16 15:42:22,017 INFO  server.Server (Server.java:doStart(419)) - Started @660296ms
2019-07-16 15:42:22,019 INFO  server.BaseHttpServer (BaseHttpServer.java:updateConnectorAddress(207)) - HTTP server of SCM is listening at http://0.0.0.0:43529
2019-07-16 15:42:22,020 WARN  server.ServerUtils (ServerUtils.java:getDBPath(222)) - ozone.om.db.dirs is not configured. We recommend adding this setting. Falling back to ozone.metadata.dirs instead.
2019-07-16 15:42:22,022 INFO  util.JvmPauseMonitor (JvmPauseMonitor.java:run(188)) - Starting JVM pause monitor
2019-07-16 15:42:22,034 WARN  server.ServerUtils (ServerUtils.java:getDBPath(222)) - ozone.om.db.dirs is not configured. We recommend adding this setting. Falling back to ozone.metadata.dirs instead.
2019-07-16 15:42:22,035 INFO  om.OzoneManager (OzoneManager.java:setOMNodeDetails(626)) - OM Service ID is not set. Setting it to the default ID: omServiceIdDefault
2019-07-16 15:42:22,035 INFO  om.OzoneManager (OzoneManager.java:setOMNodeDetails(632)) - OM Node ID is not set. Setting it to the OmStorage's OmID: e5732c59-5c53-4291-bab8-98d51a4f3bfc
2019-07-16 15:42:22,035 INFO  om.OzoneManager (OzoneManager.java:loadOMHAConfigs(583)) - Found matching OM address with OMServiceId: null, OMNodeId: null, RPC Address: localhost:0 and Ratis port: 9872
2019-07-16 15:42:22,043 WARN  server.ServerUtils (ServerUtils.java:getDBPath(222)) - ozone.om.db.dirs is not configured. We recommend adding this setting. Falling back to ozone.metadata.dirs instead.
2019-07-16 15:42:22,043 INFO  db.DBStoreBuilder (DBStoreBuilder.java:addTable(110)) - using custom profile for table: userTable
2019-07-16 15:42:22,043 INFO  db.DBStoreBuilder (DBStoreBuilder.java:processTables(161)) - Using default column profile:DBProfile.DISK for Table:userTable
2019-07-16 15:42:22,044 INFO  db.DBStoreBuilder (DBStoreBuilder.java:addTable(110)) - using custom profile for table: volumeTable
2019-07-16 15:42:22,044 INFO  db.DBStoreBuilder (DBStoreBuilder.java:processTables(161)) - Using default column profile:DBProfile.DISK for Table:volumeTable
2019-07-16 15:42:22,044 INFO  db.DBStoreBuilder (DBStoreBuilder.java:addTable(110)) - using custom profile for table: bucketTable
2019-07-16 15:42:22,044 INFO  db.DBStoreBuilder (DBStoreBuilder.java:processTables(161)) - Using default column profile:DBProfile.DISK for Table:bucketTable
2019-07-16 15:42:22,044 INFO  db.DBStoreBuilder (DBStoreBuilder.java:addTable(110)) - using custom profile for table: keyTable
2019-07-16 15:42:22,045 INFO  db.DBStoreBuilder (DBStoreBuilder.java:processTables(161)) - Using default column profile:DBProfile.DISK for Table:keyTable
2019-07-16 15:42:22,045 INFO  db.DBStoreBuilder (DBStoreBuilder.java:addTable(110)) - using custom profile for table: deletedTable
2019-07-16 15:42:22,045 INFO  db.DBStoreBuilder (DBStoreBuilder.java:processTables(161)) - Using default column profile:DBProfile.DISK for Table:deletedTable
2019-07-16 15:42:22,045 INFO  db.DBStoreBuilder (DBStoreBuilder.java:addTable(110)) - using custom profile for table: openKeyTable
2019-07-16 15:42:22,045 INFO  db.DBStoreBuilder (DBStoreBuilder.java:processTables(161)) - Using default column profile:DBProfile.DISK for Table:openKeyTable
2019-07-16 15:42:22,046 INFO  db.DBStoreBuilder (DBStoreBuilder.java:addTable(110)) - using custom profile for table: s3Table
2019-07-16 15:42:22,046 INFO  db.DBStoreBuilder (DBStoreBuilder.java:processTables(161)) - Using default column profile:DBProfile.DISK for Table:s3Table
2019-07-16 15:42:22,046 INFO  db.DBStoreBuilder (DBStoreBuilder.java:addTable(110)) - using custom profile for table: multipartInfoTable
2019-07-16 15:42:22,046 INFO  db.DBStoreBuilder (DBStoreBuilder.java:processTables(161)) - Using default column profile:DBProfile.DISK for Table:multipartInfoTable
2019-07-16 15:42:22,046 INFO  db.DBStoreBuilder (DBStoreBuilder.java:addTable(110)) - using custom profile for table: dTokenTable
2019-07-16 15:42:22,046 INFO  db.DBStoreBuilder (DBStoreBuilder.java:processTables(161)) - Using default column profile:DBProfile.DISK for Table:dTokenTable
2019-07-16 15:42:22,047 INFO  db.DBStoreBuilder (DBStoreBuilder.java:addTable(110)) - using custom profile for table: s3SecretTable
2019-07-16 15:42:22,047 INFO  db.DBStoreBuilder (DBStoreBuilder.java:processTables(161)) - Using default column profile:DBProfile.DISK for Table:s3SecretTable
2019-07-16 15:42:22,047 INFO  db.DBStoreBuilder (DBStoreBuilder.java:addTable(110)) - using custom profile for table: prefixTable
2019-07-16 15:42:22,047 INFO  db.DBStoreBuilder (DBStoreBuilder.java:processTables(161)) - Using default column profile:DBProfile.DISK for Table:prefixTable
2019-07-16 15:42:22,047 INFO  db.DBStoreBuilder (DBStoreBuilder.java:addTable(110)) - using custom profile for table: default
2019-07-16 15:42:22,048 INFO  db.DBStoreBuilder (DBStoreBuilder.java:processTables(167)) - Using default column profile:DBProfile.DISK for Table:default
2019-07-16 15:42:22,048 INFO  db.DBStoreBuilder (DBStoreBuilder.java:getDbProfile(198)) - Using default options. DBProfile.DISK
2019-07-16 15:42:22,649 INFO  ipc.CallQueueManager (CallQueueManager.java:<init>(84)) - Using callQueue: class java.util.concurrent.LinkedBlockingQueue, queueCapacity: 2000, scheduler: class org.apache.hadoop.ipc.DefaultRpcScheduler, ipcBackoff: false.
2019-07-16 15:42:22,650 INFO  ipc.Server (Server.java:run(1074)) - Starting Socket Reader #1 for port 37603
2019-07-16 15:42:22,668 WARN  server.ServerUtils (ServerUtils.java:getDBPath(222)) - ozone.om.db.dirs is not configured. We recommend adding this setting. Falling back to ozone.metadata.dirs instead.
2019-07-16 15:42:22,668 INFO  om.OzoneManager (OzoneManager.java:start(1224)) - OzoneManager RPC server is listening at localhost/127.0.0.1:37603
2019-07-16 15:42:22,669 INFO  impl.MetricsSystemImpl (MetricsSystemImpl.java:init(158)) - OzoneManager metrics system started (again)
2019-07-16 15:42:22,669 INFO  ipc.Server (Server.java:run(1314)) - IPC Server Responder: starting
2019-07-16 15:42:22,671 INFO  ipc.Server (Server.java:run(1153)) - IPC Server listener on 37603: starting
2019-07-16 15:42:22,676 INFO  hdfs.DFSUtil (DFSUtil.java:httpServerTemplateForNNAndJN(1641)) - Starting Web-server for ozoneManager at: http://0.0.0.0:0
2019-07-16 15:42:22,678 INFO  server.AuthenticationFilter (AuthenticationFilter.java:constructSecretProvider(240)) - Unable to initialize FileSignerSecretProvider, falling back to use random secrets.
2019-07-16 15:42:22,679 WARN  http.HttpRequestLog (HttpRequestLog.java:getRequestLog(97)) - Jetty request log can only be enabled using Log4j
2019-07-16 15:42:22,680 INFO  http.HttpServer2 (HttpServer2.java:addGlobalFilter(975)) - Added global filter 'safety' (class=org.apache.hadoop.http.HttpServer2$QuotingInputFilter)
2019-07-16 15:42:22,681 INFO  http.HttpServer2 (HttpServer2.java:addFilter(948)) - Added filter static_user_filter (class=org.apache.hadoop.http.lib.StaticUserWebFilter$StaticUserFilter) to context ozoneManager
2019-07-16 15:42:22,681 INFO  http.HttpServer2 (HttpServer2.java:addFilter(958)) - Added filter static_user_filter (class=org.apache.hadoop.http.lib.StaticUserWebFilter$StaticUserFilter) to context logs
2019-07-16 15:42:22,681 INFO  http.HttpServer2 (HttpServer2.java:addFilter(958)) - Added filter static_user_filter (class=org.apache.hadoop.http.lib.StaticUserWebFilter$StaticUserFilter) to context static
2019-07-16 15:42:22,682 INFO  http.HttpServer2 (HttpServer2.java:bindListener(1191)) - Jetty bound to port 38970
2019-07-16 15:42:22,682 INFO  server.Server (Server.java:doStart(351)) - jetty-9.3.24.v20180605, build timestamp: 2018-06-05T17:11:56Z, git hash: 84205aa28f11a4f31f2a3b86d1bba2cc8ab69827
2019-07-16 15:42:22,684 INFO  handler.ContextHandler (ContextHandler.java:doStart(781)) - Started o.e.j.s.ServletContextHandler@79c514e4{/logs,file:///workdir/hadoop-ozone/integration-test/target/log,AVAILABLE}
2019-07-16 15:42:22,685 INFO  handler.ContextHandler (ContextHandler.java:doStart(781)) - Started o.e.j.s.ServletContextHandler@2f6bb6d8{/static,file:///workdir/hadoop-ozone/integration-test/target/test-classes/webapps/static,AVAILABLE}
2019-07-16 15:42:22,689 INFO  handler.ContextHandler (ContextHandler.java:doStart(781)) - Started o.e.j.w.WebAppContext@541c32de{/,file:///workdir/hadoop-ozone/integration-test/target/test-classes/webapps/ozoneManager/,AVAILABLE}{/ozoneManager}
2019-07-16 15:42:22,689 INFO  server.AbstractConnector (AbstractConnector.java:doStart(278)) - Started ServerConnector@22120799{HTTP/1.1,[http/1.1]}{0.0.0.0:38970}
2019-07-16 15:42:22,691 INFO  server.Server (Server.java:doStart(419)) - Started @660970ms
2019-07-16 15:42:22,692 INFO  server.BaseHttpServer (BaseHttpServer.java:updateConnectorAddress(207)) - HTTP server of OZONEMANAGER is listening at http://0.0.0.0:38970
2019-07-16 15:42:22,705 INFO  impl.MetricsSystemImpl (MetricsSystemImpl.java:init(158)) - HddsDatanode metrics system started (again)
2019-07-16 15:42:22,705 INFO  ozone.HddsDatanodeService (HddsDatanodeService.java:start(185)) - HddsDatanodeService host:trunk-nightly-kgw5x-1882989438 ip:192.168.69.88
2019-07-16 15:42:22,719 INFO  volume.HddsVolume (HddsVolume.java:<init>(176)) - Creating Volume: /workdir/hadoop-ozone/integration-test/target/test-dir/MiniOzoneClusterImpl-b07bb8e2-099d-4112-93c2-49344ba21f2d/datanode-0/data/containers/hdds of  storage type : DISK and capacity : 52710309888
2019-07-16 15:42:22,719 INFO  volume.VolumeSet (VolumeSet.java:initializeVolumeSet(170)) - Added Volume : /workdir/hadoop-ozone/integration-test/target/test-dir/MiniOzoneClusterImpl-b07bb8e2-099d-4112-93c2-49344ba21f2d/datanode-0/data/containers/hdds to VolumeSet
2019-07-16 15:42:22,719 INFO  volume.ThrottledAsyncChecker (ThrottledAsyncChecker.java:schedule(140)) - Scheduling a check for org.apache.hadoop.ozone.container.common.volume.HddsVolume@23df16cf
2019-07-16 15:42:22,720 INFO  volume.HddsVolumeChecker (HddsVolumeChecker.java:checkAllVolumes(203)) - Scheduled health check for volume org.apache.hadoop.ozone.container.common.volume.HddsVolume@23df16cf
2019-07-16 15:42:22,734 INFO  impl.RaftServerProxy (ConfUtils.java:logGet(43)) - raft.rpc.type = GRPC (default)
2019-07-16 15:42:22,734 INFO  grpc.GrpcFactory (GrpcFactory.java:checkPooledByteBufAllocatorUseCacheForAllThreads(45)) - PERFORMANCE WARNING: useCacheForAllThreads is true that may cause Netty to create a lot garbage objects and, as a result, trigger GC.
	It is recommended to disable useCacheForAllThreads by setting -Dorg.apache.ratis.thirdparty.io.netty.allocator.useCacheForAllThreads=false in command line.
2019-07-16 15:42:22,735 INFO  grpc.GrpcConfigKeys$Server (ConfUtils.java:logGet(43)) - raft.grpc.server.port = 0 (default)
2019-07-16 15:42:22,735 INFO  server.GrpcService (ConfUtils.java:logGet(43)) - raft.grpc.message.size.max = 33570816 (custom)
2019-07-16 15:42:22,735 INFO  server.RaftServerConfigKeys (ConfUtils.java:logGet(43)) - raft.server.log.appender.buffer.byte-limit = 33554432 (custom)
2019-07-16 15:42:22,735 INFO  server.GrpcService (ConfUtils.java:logGet(43)) - raft.grpc.flow.control.window = 1MB (=1048576) (default)
2019-07-16 15:42:22,735 INFO  server.RaftServerConfigKeys (ConfUtils.java:logGet(43)) - raft.server.rpc.request.timeout = 3000ms (default)
2019-07-16 15:42:22,736 INFO  server.RaftServerConfigKeys (ConfUtils.java:logGet(43)) - raft.server.storage.dir = [/workdir/hadoop-ozone/integration-test/target/test-dir/MiniOzoneClusterImpl-b07bb8e2-099d-4112-93c2-49344ba21f2d/datanode-0/data/ratis] (custom)
2019-07-16 15:42:22,736 INFO  replication.SimpleContainerDownloader (SimpleContainerDownloader.java:<init>(72)) - Starting container downloader service to copy containers to replicate.
2019-07-16 15:42:22,737 INFO  hdfs.DFSUtil (DFSUtil.java:httpServerTemplateForNNAndJN(1641)) - Starting Web-server for hddsDatanode at: http://0.0.0.0:0
2019-07-16 15:42:22,739 INFO  server.AuthenticationFilter (AuthenticationFilter.java:constructSecretProvider(240)) - Unable to initialize FileSignerSecretProvider, falling back to use random secrets.
2019-07-16 15:42:22,739 WARN  http.HttpRequestLog (HttpRequestLog.java:getRequestLog(97)) - Jetty request log can only be enabled using Log4j
2019-07-16 15:42:22,740 INFO  http.HttpServer2 (HttpServer2.java:addGlobalFilter(975)) - Added global filter 'safety' (class=org.apache.hadoop.http.HttpServer2$QuotingInputFilter)
2019-07-16 15:42:22,741 INFO  http.HttpServer2 (HttpServer2.java:addFilter(948)) - Added filter static_user_filter (class=org.apache.hadoop.http.lib.StaticUserWebFilter$StaticUserFilter) to context hddsDatanode
2019-07-16 15:42:22,741 INFO  http.HttpServer2 (HttpServer2.java:addFilter(958)) - Added filter static_user_filter (class=org.apache.hadoop.http.lib.StaticUserWebFilter$StaticUserFilter) to context static
2019-07-16 15:42:22,741 INFO  http.HttpServer2 (HttpServer2.java:addFilter(958)) - Added filter static_user_filter (class=org.apache.hadoop.http.lib.StaticUserWebFilter$StaticUserFilter) to context logs
2019-07-16 15:42:22,741 INFO  http.HttpServer2 (HttpServer2.java:bindListener(1191)) - Jetty bound to port 36471
2019-07-16 15:42:22,742 INFO  server.Server (Server.java:doStart(351)) - jetty-9.3.24.v20180605, build timestamp: 2018-06-05T17:11:56Z, git hash: 84205aa28f11a4f31f2a3b86d1bba2cc8ab69827
2019-07-16 15:42:22,743 INFO  handler.ContextHandler (ContextHandler.java:doStart(781)) - Started o.e.j.s.ServletContextHandler@54980154{/logs,file:///workdir/hadoop-ozone/integration-test/target/log,AVAILABLE}
2019-07-16 15:42:22,744 INFO  handler.ContextHandler (ContextHandler.java:doStart(781)) - Started o.e.j.s.ServletContextHandler@7335414e{/static,jar:file:/home/user/.m2/repository/org/apache/hadoop/hadoop-hdds-container-service/0.5.0-SNAPSHOT/hadoop-hdds-container-service-0.5.0-SNAPSHOT.jar!/webapps/static,AVAILABLE}
2019-07-16 15:42:22,771 INFO  handler.ContextHandler (ContextHandler.java:doStart(781)) - Started o.e.j.w.WebAppContext@71cf6e8c{/,file:///tmp/jetty-0.0.0.0-36471-hddsDatanode-_-any-6237255321858098209.dir/webapp/,AVAILABLE}{/hddsDatanode}
2019-07-16 15:42:22,772 INFO  server.AbstractConnector (AbstractConnector.java:doStart(278)) - Started ServerConnector@7545cb17{HTTP/1.1,[http/1.1]}{0.0.0.0:36471}
2019-07-16 15:42:22,772 INFO  server.Server (Server.java:doStart(419)) - Started @661051ms
2019-07-16 15:42:22,774 INFO  server.BaseHttpServer (BaseHttpServer.java:updateConnectorAddress(207)) - HTTP server of HDDSDATANODE is listening at http://0.0.0.0:36471
2019-07-16 15:42:22,873 INFO  ozone.HddsDatanodeService (HddsDatanodeService.java:startPlugins(396)) - Started plug-in org.apache.hadoop.ozone.web.OzoneHddsDatanodeService@447cdbaa
2019-07-16 15:42:22,874 INFO  impl.MetricsSystemImpl (MetricsSystemImpl.java:init(158)) - HddsDatanode metrics system started (again)
2019-07-16 15:42:22,877 INFO  ozone.HddsDatanodeService (HddsDatanodeService.java:start(185)) - HddsDatanodeService host:trunk-nightly-kgw5x-1882989438 ip:192.168.69.88
2019-07-16 15:42:22,878 INFO  util.JvmPauseMonitor (JvmPauseMonitor.java:run(188)) - Starting JVM pause monitor
2019-07-16 15:42:22,879 INFO  datanode.InitDatanodeState (InitDatanodeState.java:persistContainerDatanodeDetails(140)) - DatanodeDetails is persisted to /workdir/hadoop-ozone/integration-test/target/test-dir/MiniOzoneClusterImpl-b07bb8e2-099d-4112-93c2-49344ba21f2d/datanode-0/meta/datanode.id
2019-07-16 15:42:22,889 INFO  volume.HddsVolume (HddsVolume.java:<init>(176)) - Creating Volume: /workdir/hadoop-ozone/integration-test/target/test-dir/MiniOzoneClusterImpl-b07bb8e2-099d-4112-93c2-49344ba21f2d/datanode-1/data/containers/hdds of  storage type : DISK and capacity : 52710309888
2019-07-16 15:42:22,889 INFO  volume.VolumeSet (VolumeSet.java:initializeVolumeSet(170)) - Added Volume : /workdir/hadoop-ozone/integration-test/target/test-dir/MiniOzoneClusterImpl-b07bb8e2-099d-4112-93c2-49344ba21f2d/datanode-1/data/containers/hdds to VolumeSet
2019-07-16 15:42:22,889 INFO  volume.ThrottledAsyncChecker (ThrottledAsyncChecker.java:schedule(140)) - Scheduling a check for org.apache.hadoop.ozone.container.common.volume.HddsVolume@2004f99
2019-07-16 15:42:22,890 INFO  volume.HddsVolumeChecker (HddsVolumeChecker.java:checkAllVolumes(203)) - Scheduled health check for volume org.apache.hadoop.ozone.container.common.volume.HddsVolume@2004f99
2019-07-16 15:42:22,906 INFO  impl.RaftServerProxy (ConfUtils.java:logGet(43)) - raft.rpc.type = GRPC (default)
2019-07-16 15:42:22,906 INFO  grpc.GrpcFactory (GrpcFactory.java:checkPooledByteBufAllocatorUseCacheForAllThreads(45)) - PERFORMANCE WARNING: useCacheForAllThreads is true that may cause Netty to create a lot garbage objects and, as a result, trigger GC.
	It is recommended to disable useCacheForAllThreads by setting -Dorg.apache.ratis.thirdparty.io.netty.allocator.useCacheForAllThreads=false in command line.
2019-07-16 15:42:22,906 INFO  grpc.GrpcConfigKeys$Server (ConfUtils.java:logGet(43)) - raft.grpc.server.port = 0 (default)
2019-07-16 15:42:22,906 INFO  server.GrpcService (ConfUtils.java:logGet(43)) - raft.grpc.message.size.max = 33570816 (custom)
2019-07-16 15:42:22,906 INFO  server.RaftServerConfigKeys (ConfUtils.java:logGet(43)) - raft.server.log.appender.buffer.byte-limit = 33554432 (custom)
2019-07-16 15:42:22,907 INFO  server.GrpcService (ConfUtils.java:logGet(43)) - raft.grpc.flow.control.window = 1MB (=1048576) (default)
2019-07-16 15:42:22,907 INFO  server.RaftServerConfigKeys (ConfUtils.java:logGet(43)) - raft.server.rpc.request.timeout = 3000ms (default)
2019-07-16 15:42:22,907 INFO  server.RaftServerConfigKeys (ConfUtils.java:logGet(43)) - raft.server.storage.dir = [/workdir/hadoop-ozone/integration-test/target/test-dir/MiniOzoneClusterImpl-b07bb8e2-099d-4112-93c2-49344ba21f2d/datanode-1/data/ratis] (custom)
2019-07-16 15:42:22,908 INFO  replication.SimpleContainerDownloader (SimpleContainerDownloader.java:<init>(72)) - Starting container downloader service to copy containers to replicate.
2019-07-16 15:42:22,908 INFO  hdfs.DFSUtil (DFSUtil.java:httpServerTemplateForNNAndJN(1641)) - Starting Web-server for hddsDatanode at: http://0.0.0.0:0
2019-07-16 15:42:22,910 INFO  server.AuthenticationFilter (AuthenticationFilter.java:constructSecretProvider(240)) - Unable to initialize FileSignerSecretProvider, falling back to use random secrets.
2019-07-16 15:42:22,910 WARN  http.HttpRequestLog (HttpRequestLog.java:getRequestLog(97)) - Jetty request log can only be enabled using Log4j
2019-07-16 15:42:22,911 INFO  http.HttpServer2 (HttpServer2.java:addGlobalFilter(975)) - Added global filter 'safety' (class=org.apache.hadoop.http.HttpServer2$QuotingInputFilter)
2019-07-16 15:42:22,912 INFO  http.HttpServer2 (HttpServer2.java:addFilter(948)) - Added filter static_user_filter (class=org.apache.hadoop.http.lib.StaticUserWebFilter$StaticUserFilter) to context hddsDatanode
2019-07-16 15:42:22,912 INFO  http.HttpServer2 (HttpServer2.java:addFilter(958)) - Added filter static_user_filter (class=org.apache.hadoop.http.lib.StaticUserWebFilter$StaticUserFilter) to context logs
2019-07-16 15:42:22,912 INFO  http.HttpServer2 (HttpServer2.java:addFilter(958)) - Added filter static_user_filter (class=org.apache.hadoop.http.lib.StaticUserWebFilter$StaticUserFilter) to context static
2019-07-16 15:42:22,913 INFO  http.HttpServer2 (HttpServer2.java:bindListener(1191)) - Jetty bound to port 35477
2019-07-16 15:42:22,913 INFO  server.Server (Server.java:doStart(351)) - jetty-9.3.24.v20180605, build timestamp: 2018-06-05T17:11:56Z, git hash: 84205aa28f11a4f31f2a3b86d1bba2cc8ab69827
2019-07-16 15:42:22,914 INFO  handler.ContextHandler (ContextHandler.java:doStart(781)) - Started o.e.j.s.ServletContextHandler@545bc8e1{/logs,file:///workdir/hadoop-ozone/integration-test/target/log,AVAILABLE}
2019-07-16 15:42:22,915 INFO  handler.ContextHandler (ContextHandler.java:doStart(781)) - Started o.e.j.s.ServletContextHandler@8872669{/static,jar:file:/home/user/.m2/repository/org/apache/hadoop/hadoop-hdds-container-service/0.5.0-SNAPSHOT/hadoop-hdds-container-service-0.5.0-SNAPSHOT.jar!/webapps/static,AVAILABLE}
2019-07-16 15:42:22,942 INFO  handler.ContextHandler (ContextHandler.java:doStart(781)) - Started o.e.j.w.WebAppContext@3d2ec8b2{/,file:///tmp/jetty-0.0.0.0-35477-hddsDatanode-_-any-9050021293420064693.dir/webapp/,AVAILABLE}{/hddsDatanode}
2019-07-16 15:42:22,943 INFO  server.AbstractConnector (AbstractConnector.java:doStart(278)) - Started ServerConnector@43905ade{HTTP/1.1,[http/1.1]}{0.0.0.0:35477}
2019-07-16 15:42:22,943 INFO  server.Server (Server.java:doStart(419)) - Started @661221ms
2019-07-16 15:42:22,945 INFO  server.BaseHttpServer (BaseHttpServer.java:updateConnectorAddress(207)) - HTTP server of HDDSDATANODE is listening at http://0.0.0.0:35477
2019-07-16 15:42:23,039 INFO  ozone.HddsDatanodeService (HddsDatanodeService.java:startPlugins(396)) - Started plug-in org.apache.hadoop.ozone.web.OzoneHddsDatanodeService@3f31ccef
2019-07-16 15:42:23,040 INFO  impl.MetricsSystemImpl (MetricsSystemImpl.java:init(158)) - HddsDatanode metrics system started (again)
2019-07-16 15:42:23,043 INFO  ozone.HddsDatanodeService (HddsDatanodeService.java:start(185)) - HddsDatanodeService host:trunk-nightly-kgw5x-1882989438 ip:192.168.69.88
2019-07-16 15:42:23,044 INFO  util.JvmPauseMonitor (JvmPauseMonitor.java:run(188)) - Starting JVM pause monitor
2019-07-16 15:42:23,045 INFO  datanode.InitDatanodeState (InitDatanodeState.java:persistContainerDatanodeDetails(140)) - DatanodeDetails is persisted to /workdir/hadoop-ozone/integration-test/target/test-dir/MiniOzoneClusterImpl-b07bb8e2-099d-4112-93c2-49344ba21f2d/datanode-1/meta/datanode.id
2019-07-16 15:42:23,055 INFO  volume.HddsVolume (HddsVolume.java:<init>(176)) - Creating Volume: /workdir/hadoop-ozone/integration-test/target/test-dir/MiniOzoneClusterImpl-b07bb8e2-099d-4112-93c2-49344ba21f2d/datanode-2/data/containers/hdds of  storage type : DISK and capacity : 52710309888
2019-07-16 15:42:23,056 INFO  volume.VolumeSet (VolumeSet.java:initializeVolumeSet(170)) - Added Volume : /workdir/hadoop-ozone/integration-test/target/test-dir/MiniOzoneClusterImpl-b07bb8e2-099d-4112-93c2-49344ba21f2d/datanode-2/data/containers/hdds to VolumeSet
2019-07-16 15:42:23,056 INFO  volume.ThrottledAsyncChecker (ThrottledAsyncChecker.java:schedule(140)) - Scheduling a check for org.apache.hadoop.ozone.container.common.volume.HddsVolume@5127de08
2019-07-16 15:42:23,056 INFO  volume.HddsVolumeChecker (HddsVolumeChecker.java:checkAllVolumes(203)) - Scheduled health check for volume org.apache.hadoop.ozone.container.common.volume.HddsVolume@5127de08
2019-07-16 15:42:23,070 INFO  impl.RaftServerProxy (ConfUtils.java:logGet(43)) - raft.rpc.type = GRPC (default)
2019-07-16 15:42:23,070 INFO  grpc.GrpcFactory (GrpcFactory.java:checkPooledByteBufAllocatorUseCacheForAllThreads(45)) - PERFORMANCE WARNING: useCacheForAllThreads is true that may cause Netty to create a lot garbage objects and, as a result, trigger GC.
	It is recommended to disable useCacheForAllThreads by setting -Dorg.apache.ratis.thirdparty.io.netty.allocator.useCacheForAllThreads=false in command line.
2019-07-16 15:42:23,070 INFO  grpc.GrpcConfigKeys$Server (ConfUtils.java:logGet(43)) - raft.grpc.server.port = 0 (default)
2019-07-16 15:42:23,071 INFO  server.GrpcService (ConfUtils.java:logGet(43)) - raft.grpc.message.size.max = 33570816 (custom)
2019-07-16 15:42:23,071 INFO  server.RaftServerConfigKeys (ConfUtils.java:logGet(43)) - raft.server.log.appender.buffer.byte-limit = 33554432 (custom)
2019-07-16 15:42:23,071 INFO  server.GrpcService (ConfUtils.java:logGet(43)) - raft.grpc.flow.control.window = 1MB (=1048576) (default)
2019-07-16 15:42:23,071 INFO  server.RaftServerConfigKeys (ConfUtils.java:logGet(43)) - raft.server.rpc.request.timeout = 3000ms (default)
2019-07-16 15:42:23,072 INFO  server.RaftServerConfigKeys (ConfUtils.java:logGet(43)) - raft.server.storage.dir = [/workdir/hadoop-ozone/integration-test/target/test-dir/MiniOzoneClusterImpl-b07bb8e2-099d-4112-93c2-49344ba21f2d/datanode-2/data/ratis] (custom)
2019-07-16 15:42:23,072 INFO  replication.SimpleContainerDownloader (SimpleContainerDownloader.java:<init>(72)) - Starting container downloader service to copy containers to replicate.
2019-07-16 15:42:23,073 INFO  hdfs.DFSUtil (DFSUtil.java:httpServerTemplateForNNAndJN(1641)) - Starting Web-server for hddsDatanode at: http://0.0.0.0:0
2019-07-16 15:42:23,074 INFO  server.AuthenticationFilter (AuthenticationFilter.java:constructSecretProvider(240)) - Unable to initialize FileSignerSecretProvider, falling back to use random secrets.
2019-07-16 15:42:23,074 WARN  http.HttpRequestLog (HttpRequestLog.java:getRequestLog(97)) - Jetty request log can only be enabled using Log4j
2019-07-16 15:42:23,076 INFO  http.HttpServer2 (HttpServer2.java:addGlobalFilter(975)) - Added global filter 'safety' (class=org.apache.hadoop.http.HttpServer2$QuotingInputFilter)
2019-07-16 15:42:23,076 INFO  http.HttpServer2 (HttpServer2.java:addFilter(948)) - Added filter static_user_filter (class=org.apache.hadoop.http.lib.StaticUserWebFilter$StaticUserFilter) to context hddsDatanode
2019-07-16 15:42:23,076 INFO  http.HttpServer2 (HttpServer2.java:addFilter(958)) - Added filter static_user_filter (class=org.apache.hadoop.http.lib.StaticUserWebFilter$StaticUserFilter) to context static
2019-07-16 15:42:23,076 INFO  http.HttpServer2 (HttpServer2.java:addFilter(958)) - Added filter static_user_filter (class=org.apache.hadoop.http.lib.StaticUserWebFilter$StaticUserFilter) to context logs
2019-07-16 15:42:23,077 INFO  http.HttpServer2 (HttpServer2.java:bindListener(1191)) - Jetty bound to port 46078
2019-07-16 15:42:23,077 INFO  server.Server (Server.java:doStart(351)) - jetty-9.3.24.v20180605, build timestamp: 2018-06-05T17:11:56Z, git hash: 84205aa28f11a4f31f2a3b86d1bba2cc8ab69827
2019-07-16 15:42:23,078 INFO  handler.ContextHandler (ContextHandler.java:doStart(781)) - Started o.e.j.s.ServletContextHandler@7307e418{/logs,file:///workdir/hadoop-ozone/integration-test/target/log,AVAILABLE}
2019-07-16 15:42:23,079 INFO  handler.ContextHandler (ContextHandler.java:doStart(781)) - Started o.e.j.s.ServletContextHandler@2769d577{/static,jar:file:/home/user/.m2/repository/org/apache/hadoop/hadoop-hdds-container-service/0.5.0-SNAPSHOT/hadoop-hdds-container-service-0.5.0-SNAPSHOT.jar!/webapps/static,AVAILABLE}
2019-07-16 15:42:23,104 INFO  handler.ContextHandler (ContextHandler.java:doStart(781)) - Started o.e.j.w.WebAppContext@22bf2a0d{/,file:///tmp/jetty-0.0.0.0-46078-hddsDatanode-_-any-8309241790767239656.dir/webapp/,AVAILABLE}{/hddsDatanode}
2019-07-16 15:42:23,105 INFO  server.AbstractConnector (AbstractConnector.java:doStart(278)) - Started ServerConnector@61774805{HTTP/1.1,[http/1.1]}{0.0.0.0:46078}
2019-07-16 15:42:23,107 INFO  server.Server (Server.java:doStart(419)) - Started @661386ms
2019-07-16 15:42:23,108 INFO  server.BaseHttpServer (BaseHttpServer.java:updateConnectorAddress(207)) - HTTP server of HDDSDATANODE is listening at http://0.0.0.0:46078
2019-07-16 15:42:23,203 INFO  ozone.HddsDatanodeService (HddsDatanodeService.java:startPlugins(396)) - Started plug-in org.apache.hadoop.ozone.web.OzoneHddsDatanodeService@79ae2d13
2019-07-16 15:42:23,204 INFO  impl.MetricsSystemImpl (MetricsSystemImpl.java:init(158)) - HddsDatanode metrics system started (again)
2019-07-16 15:42:23,204 INFO  ozone.HddsDatanodeService (HddsDatanodeService.java:start(185)) - HddsDatanodeService host:trunk-nightly-kgw5x-1882989438 ip:192.168.69.88
2019-07-16 15:42:23,208 INFO  util.JvmPauseMonitor (JvmPauseMonitor.java:run(188)) - Starting JVM pause monitor
2019-07-16 15:42:23,209 INFO  datanode.InitDatanodeState (InitDatanodeState.java:persistContainerDatanodeDetails(140)) - DatanodeDetails is persisted to /workdir/hadoop-ozone/integration-test/target/test-dir/MiniOzoneClusterImpl-b07bb8e2-099d-4112-93c2-49344ba21f2d/datanode-2/meta/datanode.id
2019-07-16 15:42:23,220 INFO  volume.HddsVolume (HddsVolume.java:<init>(176)) - Creating Volume: /workdir/hadoop-ozone/integration-test/target/test-dir/MiniOzoneClusterImpl-b07bb8e2-099d-4112-93c2-49344ba21f2d/datanode-3/data/containers/hdds of  storage type : DISK and capacity : 52710309888
2019-07-16 15:42:23,220 INFO  volume.VolumeSet (VolumeSet.java:initializeVolumeSet(170)) - Added Volume : /workdir/hadoop-ozone/integration-test/target/test-dir/MiniOzoneClusterImpl-b07bb8e2-099d-4112-93c2-49344ba21f2d/datanode-3/data/containers/hdds to VolumeSet
2019-07-16 15:42:23,220 INFO  volume.ThrottledAsyncChecker (ThrottledAsyncChecker.java:schedule(140)) - Scheduling a check for org.apache.hadoop.ozone.container.common.volume.HddsVolume@77ec911
2019-07-16 15:42:23,221 INFO  volume.HddsVolumeChecker (HddsVolumeChecker.java:checkAllVolumes(203)) - Scheduled health check for volume org.apache.hadoop.ozone.container.common.volume.HddsVolume@77ec911
2019-07-16 15:42:23,234 INFO  impl.RaftServerProxy (ConfUtils.java:logGet(43)) - raft.rpc.type = GRPC (default)
2019-07-16 15:42:23,235 INFO  grpc.GrpcFactory (GrpcFactory.java:checkPooledByteBufAllocatorUseCacheForAllThreads(45)) - PERFORMANCE WARNING: useCacheForAllThreads is true that may cause Netty to create a lot garbage objects and, as a result, trigger GC.
	It is recommended to disable useCacheForAllThreads by setting -Dorg.apache.ratis.thirdparty.io.netty.allocator.useCacheForAllThreads=false in command line.
2019-07-16 15:42:23,235 INFO  grpc.GrpcConfigKeys$Server (ConfUtils.java:logGet(43)) - raft.grpc.server.port = 0 (default)
2019-07-16 15:42:23,235 INFO  server.GrpcService (ConfUtils.java:logGet(43)) - raft.grpc.message.size.max = 33570816 (custom)
2019-07-16 15:42:23,235 INFO  server.RaftServerConfigKeys (ConfUtils.java:logGet(43)) - raft.server.log.appender.buffer.byte-limit = 33554432 (custom)
2019-07-16 15:42:23,235 INFO  server.GrpcService (ConfUtils.java:logGet(43)) - raft.grpc.flow.control.window = 1MB (=1048576) (default)
2019-07-16 15:42:23,236 INFO  server.RaftServerConfigKeys (ConfUtils.java:logGet(43)) - raft.server.rpc.request.timeout = 3000ms (default)
2019-07-16 15:42:23,236 INFO  server.RaftServerConfigKeys (ConfUtils.java:logGet(43)) - raft.server.storage.dir = [/workdir/hadoop-ozone/integration-test/target/test-dir/MiniOzoneClusterImpl-b07bb8e2-099d-4112-93c2-49344ba21f2d/datanode-3/data/ratis] (custom)
2019-07-16 15:42:23,236 INFO  replication.SimpleContainerDownloader (SimpleContainerDownloader.java:<init>(72)) - Starting container downloader service to copy containers to replicate.
2019-07-16 15:42:23,238 INFO  hdfs.DFSUtil (DFSUtil.java:httpServerTemplateForNNAndJN(1641)) - Starting Web-server for hddsDatanode at: http://0.0.0.0:0
2019-07-16 15:42:23,239 INFO  server.AuthenticationFilter (AuthenticationFilter.java:constructSecretProvider(240)) - Unable to initialize FileSignerSecretProvider, falling back to use random secrets.
2019-07-16 15:42:23,239 WARN  http.HttpRequestLog (HttpRequestLog.java:getRequestLog(97)) - Jetty request log can only be enabled using Log4j
2019-07-16 15:42:23,240 INFO  http.HttpServer2 (HttpServer2.java:addGlobalFilter(975)) - Added global filter 'safety' (class=org.apache.hadoop.http.HttpServer2$QuotingInputFilter)
2019-07-16 15:42:23,240 INFO  http.HttpServer2 (HttpServer2.java:addFilter(948)) - Added filter static_user_filter (class=org.apache.hadoop.http.lib.StaticUserWebFilter$StaticUserFilter) to context hddsDatanode
2019-07-16 15:42:23,241 INFO  http.HttpServer2 (HttpServer2.java:addFilter(958)) - Added filter static_user_filter (class=org.apache.hadoop.http.lib.StaticUserWebFilter$StaticUserFilter) to context logs
2019-07-16 15:42:23,241 INFO  http.HttpServer2 (HttpServer2.java:addFilter(958)) - Added filter static_user_filter (class=org.apache.hadoop.http.lib.StaticUserWebFilter$StaticUserFilter) to context static
2019-07-16 15:42:23,241 INFO  http.HttpServer2 (HttpServer2.java:bindListener(1191)) - Jetty bound to port 40041
2019-07-16 15:42:23,241 INFO  server.Server (Server.java:doStart(351)) - jetty-9.3.24.v20180605, build timestamp: 2018-06-05T17:11:56Z, git hash: 84205aa28f11a4f31f2a3b86d1bba2cc8ab69827
2019-07-16 15:42:23,243 INFO  handler.ContextHandler (ContextHandler.java:doStart(781)) - Started o.e.j.s.ServletContextHandler@12f4b3a2{/logs,file:///workdir/hadoop-ozone/integration-test/target/log,AVAILABLE}
2019-07-16 15:42:23,243 INFO  handler.ContextHandler (ContextHandler.java:doStart(781)) - Started o.e.j.s.ServletContextHandler@5d7807b0{/static,jar:file:/home/user/.m2/repository/org/apache/hadoop/hadoop-hdds-container-service/0.5.0-SNAPSHOT/hadoop-hdds-container-service-0.5.0-SNAPSHOT.jar!/webapps/static,AVAILABLE}
2019-07-16 15:42:23,271 INFO  handler.ContextHandler (ContextHandler.java:doStart(781)) - Started o.e.j.w.WebAppContext@2f3ba597{/,file:///tmp/jetty-0.0.0.0-40041-hddsDatanode-_-any-1129168994791889605.dir/webapp/,AVAILABLE}{/hddsDatanode}
2019-07-16 15:42:23,271 INFO  server.AbstractConnector (AbstractConnector.java:doStart(278)) - Started ServerConnector@4d555b85{HTTP/1.1,[http/1.1]}{0.0.0.0:40041}
2019-07-16 15:42:23,272 INFO  server.Server (Server.java:doStart(419)) - Started @661551ms
2019-07-16 15:42:23,273 INFO  server.BaseHttpServer (BaseHttpServer.java:updateConnectorAddress(207)) - HTTP server of HDDSDATANODE is listening at http://0.0.0.0:40041
2019-07-16 15:42:23,367 INFO  ozone.HddsDatanodeService (HddsDatanodeService.java:startPlugins(396)) - Started plug-in org.apache.hadoop.ozone.web.OzoneHddsDatanodeService@59b78925
2019-07-16 15:42:23,367 INFO  impl.MetricsSystemImpl (MetricsSystemImpl.java:init(158)) - HddsDatanode metrics system started (again)
2019-07-16 15:42:23,369 INFO  ozone.HddsDatanodeService (HddsDatanodeService.java:start(185)) - HddsDatanodeService host:trunk-nightly-kgw5x-1882989438 ip:192.168.69.88
2019-07-16 15:42:23,370 INFO  util.JvmPauseMonitor (JvmPauseMonitor.java:run(188)) - Starting JVM pause monitor
2019-07-16 15:42:23,372 INFO  datanode.InitDatanodeState (InitDatanodeState.java:persistContainerDatanodeDetails(140)) - DatanodeDetails is persisted to /workdir/hadoop-ozone/integration-test/target/test-dir/MiniOzoneClusterImpl-b07bb8e2-099d-4112-93c2-49344ba21f2d/datanode-3/meta/datanode.id
2019-07-16 15:42:23,382 INFO  volume.HddsVolume (HddsVolume.java:<init>(176)) - Creating Volume: /workdir/hadoop-ozone/integration-test/target/test-dir/MiniOzoneClusterImpl-b07bb8e2-099d-4112-93c2-49344ba21f2d/datanode-4/data/containers/hdds of  storage type : DISK and capacity : 52710309888
2019-07-16 15:42:23,383 INFO  volume.VolumeSet (VolumeSet.java:initializeVolumeSet(170)) - Added Volume : /workdir/hadoop-ozone/integration-test/target/test-dir/MiniOzoneClusterImpl-b07bb8e2-099d-4112-93c2-49344ba21f2d/datanode-4/data/containers/hdds to VolumeSet
2019-07-16 15:42:23,383 INFO  volume.ThrottledAsyncChecker (ThrottledAsyncChecker.java:schedule(140)) - Scheduling a check for org.apache.hadoop.ozone.container.common.volume.HddsVolume@4dcb8e8b
2019-07-16 15:42:23,383 INFO  volume.HddsVolumeChecker (HddsVolumeChecker.java:checkAllVolumes(203)) - Scheduled health check for volume org.apache.hadoop.ozone.container.common.volume.HddsVolume@4dcb8e8b
2019-07-16 15:42:23,398 INFO  impl.RaftServerProxy (ConfUtils.java:logGet(43)) - raft.rpc.type = GRPC (default)
2019-07-16 15:42:23,398 INFO  grpc.GrpcFactory (GrpcFactory.java:checkPooledByteBufAllocatorUseCacheForAllThreads(45)) - PERFORMANCE WARNING: useCacheForAllThreads is true that may cause Netty to create a lot garbage objects and, as a result, trigger GC.
	It is recommended to disable useCacheForAllThreads by setting -Dorg.apache.ratis.thirdparty.io.netty.allocator.useCacheForAllThreads=false in command line.
2019-07-16 15:42:23,398 INFO  grpc.GrpcConfigKeys$Server (ConfUtils.java:logGet(43)) - raft.grpc.server.port = 0 (default)
2019-07-16 15:42:23,398 INFO  server.GrpcService (ConfUtils.java:logGet(43)) - raft.grpc.message.size.max = 33570816 (custom)
2019-07-16 15:42:23,399 INFO  server.RaftServerConfigKeys (ConfUtils.java:logGet(43)) - raft.server.log.appender.buffer.byte-limit = 33554432 (custom)
2019-07-16 15:42:23,399 INFO  server.GrpcService (ConfUtils.java:logGet(43)) - raft.grpc.flow.control.window = 1MB (=1048576) (default)
2019-07-16 15:42:23,399 INFO  server.RaftServerConfigKeys (ConfUtils.java:logGet(43)) - raft.server.rpc.request.timeout = 3000ms (default)
2019-07-16 15:42:23,399 INFO  server.RaftServerConfigKeys (ConfUtils.java:logGet(43)) - raft.server.storage.dir = [/workdir/hadoop-ozone/integration-test/target/test-dir/MiniOzoneClusterImpl-b07bb8e2-099d-4112-93c2-49344ba21f2d/datanode-4/data/ratis] (custom)
2019-07-16 15:42:23,400 INFO  replication.SimpleContainerDownloader (SimpleContainerDownloader.java:<init>(72)) - Starting container downloader service to copy containers to replicate.
2019-07-16 15:42:23,401 INFO  hdfs.DFSUtil (DFSUtil.java:httpServerTemplateForNNAndJN(1641)) - Starting Web-server for hddsDatanode at: http://0.0.0.0:0
2019-07-16 15:42:23,402 INFO  server.AuthenticationFilter (AuthenticationFilter.java:constructSecretProvider(240)) - Unable to initialize FileSignerSecretProvider, falling back to use random secrets.
2019-07-16 15:42:23,402 WARN  http.HttpRequestLog (HttpRequestLog.java:getRequestLog(97)) - Jetty request log can only be enabled using Log4j
2019-07-16 15:42:23,403 INFO  http.HttpServer2 (HttpServer2.java:addGlobalFilter(975)) - Added global filter 'safety' (class=org.apache.hadoop.http.HttpServer2$QuotingInputFilter)
2019-07-16 15:42:23,404 INFO  http.HttpServer2 (HttpServer2.java:addFilter(948)) - Added filter static_user_filter (class=org.apache.hadoop.http.lib.StaticUserWebFilter$StaticUserFilter) to context hddsDatanode
2019-07-16 15:42:23,404 INFO  http.HttpServer2 (HttpServer2.java:addFilter(958)) - Added filter static_user_filter (class=org.apache.hadoop.http.lib.StaticUserWebFilter$StaticUserFilter) to context static
2019-07-16 15:42:23,404 INFO  http.HttpServer2 (HttpServer2.java:addFilter(958)) - Added filter static_user_filter (class=org.apache.hadoop.http.lib.StaticUserWebFilter$StaticUserFilter) to context logs
2019-07-16 15:42:23,405 INFO  http.HttpServer2 (HttpServer2.java:bindListener(1191)) - Jetty bound to port 38363
2019-07-16 15:42:23,405 INFO  server.Server (Server.java:doStart(351)) - jetty-9.3.24.v20180605, build timestamp: 2018-06-05T17:11:56Z, git hash: 84205aa28f11a4f31f2a3b86d1bba2cc8ab69827
2019-07-16 15:42:23,406 INFO  handler.ContextHandler (ContextHandler.java:doStart(781)) - Started o.e.j.s.ServletContextHandler@4c33450c{/logs,file:///workdir/hadoop-ozone/integration-test/target/log,AVAILABLE}
2019-07-16 15:42:23,407 INFO  handler.ContextHandler (ContextHandler.java:doStart(781)) - Started o.e.j.s.ServletContextHandler@6e1787ba{/static,jar:file:/home/user/.m2/repository/org/apache/hadoop/hadoop-hdds-container-service/0.5.0-SNAPSHOT/hadoop-hdds-container-service-0.5.0-SNAPSHOT.jar!/webapps/static,AVAILABLE}
2019-07-16 15:42:23,436 INFO  handler.ContextHandler (ContextHandler.java:doStart(781)) - Started o.e.j.w.WebAppContext@54fb9c08{/,file:///tmp/jetty-0.0.0.0-38363-hddsDatanode-_-any-1850035239819362188.dir/webapp/,AVAILABLE}{/hddsDatanode}
2019-07-16 15:42:23,437 INFO  server.AbstractConnector (AbstractConnector.java:doStart(278)) - Started ServerConnector@8941d98{HTTP/1.1,[http/1.1]}{0.0.0.0:38363}
2019-07-16 15:42:23,438 INFO  server.Server (Server.java:doStart(419)) - Started @661717ms
2019-07-16 15:42:23,439 INFO  server.BaseHttpServer (BaseHttpServer.java:updateConnectorAddress(207)) - HTTP server of HDDSDATANODE is listening at http://0.0.0.0:38363
2019-07-16 15:42:23,535 INFO  ozone.HddsDatanodeService (HddsDatanodeService.java:startPlugins(396)) - Started plug-in org.apache.hadoop.ozone.web.OzoneHddsDatanodeService@3dad8926
2019-07-16 15:42:23,535 INFO  impl.MetricsSystemImpl (MetricsSystemImpl.java:init(158)) - HddsDatanode metrics system started (again)
2019-07-16 15:42:23,537 INFO  ozone.HddsDatanodeService (HddsDatanodeService.java:start(185)) - HddsDatanodeService host:trunk-nightly-kgw5x-1882989438 ip:192.168.69.88
2019-07-16 15:42:23,539 INFO  util.JvmPauseMonitor (JvmPauseMonitor.java:run(188)) - Starting JVM pause monitor
2019-07-16 15:42:23,541 INFO  datanode.InitDatanodeState (InitDatanodeState.java:persistContainerDatanodeDetails(140)) - DatanodeDetails is persisted to /workdir/hadoop-ozone/integration-test/target/test-dir/MiniOzoneClusterImpl-b07bb8e2-099d-4112-93c2-49344ba21f2d/datanode-4/meta/datanode.id
2019-07-16 15:42:23,553 INFO  volume.HddsVolume (HddsVolume.java:<init>(176)) - Creating Volume: /workdir/hadoop-ozone/integration-test/target/test-dir/MiniOzoneClusterImpl-b07bb8e2-099d-4112-93c2-49344ba21f2d/datanode-5/data/containers/hdds of  storage type : DISK and capacity : 52710309888
2019-07-16 15:42:23,553 INFO  volume.VolumeSet (VolumeSet.java:initializeVolumeSet(170)) - Added Volume : /workdir/hadoop-ozone/integration-test/target/test-dir/MiniOzoneClusterImpl-b07bb8e2-099d-4112-93c2-49344ba21f2d/datanode-5/data/containers/hdds to VolumeSet
2019-07-16 15:42:23,553 INFO  volume.ThrottledAsyncChecker (ThrottledAsyncChecker.java:schedule(140)) - Scheduling a check for org.apache.hadoop.ozone.container.common.volume.HddsVolume@4d768435
2019-07-16 15:42:23,553 INFO  volume.HddsVolumeChecker (HddsVolumeChecker.java:checkAllVolumes(203)) - Scheduled health check for volume org.apache.hadoop.ozone.container.common.volume.HddsVolume@4d768435
2019-07-16 15:42:23,566 INFO  impl.RaftServerProxy (ConfUtils.java:logGet(43)) - raft.rpc.type = GRPC (default)
2019-07-16 15:42:23,567 INFO  grpc.GrpcFactory (GrpcFactory.java:checkPooledByteBufAllocatorUseCacheForAllThreads(45)) - PERFORMANCE WARNING: useCacheForAllThreads is true that may cause Netty to create a lot garbage objects and, as a result, trigger GC.
	It is recommended to disable useCacheForAllThreads by setting -Dorg.apache.ratis.thirdparty.io.netty.allocator.useCacheForAllThreads=false in command line.
2019-07-16 15:42:23,567 INFO  grpc.GrpcConfigKeys$Server (ConfUtils.java:logGet(43)) - raft.grpc.server.port = 0 (default)
2019-07-16 15:42:23,567 INFO  server.GrpcService (ConfUtils.java:logGet(43)) - raft.grpc.message.size.max = 33570816 (custom)
2019-07-16 15:42:23,567 INFO  server.RaftServerConfigKeys (ConfUtils.java:logGet(43)) - raft.server.log.appender.buffer.byte-limit = 33554432 (custom)
2019-07-16 15:42:23,567 INFO  server.GrpcService (ConfUtils.java:logGet(43)) - raft.grpc.flow.control.window = 1MB (=1048576) (default)
2019-07-16 15:42:23,568 INFO  server.RaftServerConfigKeys (ConfUtils.java:logGet(43)) - raft.server.rpc.request.timeout = 3000ms (default)
2019-07-16 15:42:23,568 INFO  server.RaftServerConfigKeys (ConfUtils.java:logGet(43)) - raft.server.storage.dir = [/workdir/hadoop-ozone/integration-test/target/test-dir/MiniOzoneClusterImpl-b07bb8e2-099d-4112-93c2-49344ba21f2d/datanode-5/data/ratis] (custom)
2019-07-16 15:42:23,568 INFO  replication.SimpleContainerDownloader (SimpleContainerDownloader.java:<init>(72)) - Starting container downloader service to copy containers to replicate.
2019-07-16 15:42:23,569 INFO  hdfs.DFSUtil (DFSUtil.java:httpServerTemplateForNNAndJN(1641)) - Starting Web-server for hddsDatanode at: http://0.0.0.0:0
2019-07-16 15:42:23,570 INFO  server.AuthenticationFilter (AuthenticationFilter.java:constructSecretProvider(240)) - Unable to initialize FileSignerSecretProvider, falling back to use random secrets.
2019-07-16 15:42:23,571 WARN  http.HttpRequestLog (HttpRequestLog.java:getRequestLog(97)) - Jetty request log can only be enabled using Log4j
2019-07-16 15:42:23,572 INFO  http.HttpServer2 (HttpServer2.java:addGlobalFilter(975)) - Added global filter 'safety' (class=org.apache.hadoop.http.HttpServer2$QuotingInputFilter)
2019-07-16 15:42:23,572 INFO  http.HttpServer2 (HttpServer2.java:addFilter(948)) - Added filter static_user_filter (class=org.apache.hadoop.http.lib.StaticUserWebFilter$StaticUserFilter) to context hddsDatanode
2019-07-16 15:42:23,572 INFO  http.HttpServer2 (HttpServer2.java:addFilter(958)) - Added filter static_user_filter (class=org.apache.hadoop.http.lib.StaticUserWebFilter$StaticUserFilter) to context logs
2019-07-16 15:42:23,573 INFO  http.HttpServer2 (HttpServer2.java:addFilter(958)) - Added filter static_user_filter (class=org.apache.hadoop.http.lib.StaticUserWebFilter$StaticUserFilter) to context static
2019-07-16 15:42:23,573 INFO  http.HttpServer2 (HttpServer2.java:bindListener(1191)) - Jetty bound to port 33175
2019-07-16 15:42:23,573 INFO  server.Server (Server.java:doStart(351)) - jetty-9.3.24.v20180605, build timestamp: 2018-06-05T17:11:56Z, git hash: 84205aa28f11a4f31f2a3b86d1bba2cc8ab69827
2019-07-16 15:42:23,575 INFO  handler.ContextHandler (ContextHandler.java:doStart(781)) - Started o.e.j.s.ServletContextHandler@329f649d{/logs,file:///workdir/hadoop-ozone/integration-test/target/log,AVAILABLE}
2019-07-16 15:42:23,575 INFO  handler.ContextHandler (ContextHandler.java:doStart(781)) - Started o.e.j.s.ServletContextHandler@e2bdc58{/static,jar:file:/home/user/.m2/repository/org/apache/hadoop/hadoop-hdds-container-service/0.5.0-SNAPSHOT/hadoop-hdds-container-service-0.5.0-SNAPSHOT.jar!/webapps/static,AVAILABLE}
2019-07-16 15:42:23,602 INFO  handler.ContextHandler (ContextHandler.java:doStart(781)) - Started o.e.j.w.WebAppContext@3943c449{/,file:///tmp/jetty-0.0.0.0-33175-hddsDatanode-_-any-4188168194986545769.dir/webapp/,AVAILABLE}{/hddsDatanode}
2019-07-16 15:42:23,602 INFO  server.AbstractConnector (AbstractConnector.java:doStart(278)) - Started ServerConnector@26c09f3f{HTTP/1.1,[http/1.1]}{0.0.0.0:33175}
2019-07-16 15:42:23,602 INFO  server.Server (Server.java:doStart(419)) - Started @661881ms
2019-07-16 15:42:23,604 INFO  server.BaseHttpServer (BaseHttpServer.java:updateConnectorAddress(207)) - HTTP server of HDDSDATANODE is listening at http://0.0.0.0:33175
2019-07-16 15:42:23,699 INFO  ozone.HddsDatanodeService (HddsDatanodeService.java:startPlugins(396)) - Started plug-in org.apache.hadoop.ozone.web.OzoneHddsDatanodeService@497746ea
2019-07-16 15:42:23,699 INFO  impl.MetricsSystemImpl (MetricsSystemImpl.java:init(158)) - HddsDatanode metrics system started (again)
2019-07-16 15:42:23,702 INFO  ozone.HddsDatanodeService (HddsDatanodeService.java:start(185)) - HddsDatanodeService host:trunk-nightly-kgw5x-1882989438 ip:192.168.69.88
2019-07-16 15:42:23,703 INFO  util.JvmPauseMonitor (JvmPauseMonitor.java:run(188)) - Starting JVM pause monitor
2019-07-16 15:42:23,705 INFO  datanode.InitDatanodeState (InitDatanodeState.java:persistContainerDatanodeDetails(140)) - DatanodeDetails is persisted to /workdir/hadoop-ozone/integration-test/target/test-dir/MiniOzoneClusterImpl-b07bb8e2-099d-4112-93c2-49344ba21f2d/datanode-5/meta/datanode.id
2019-07-16 15:42:23,716 INFO  volume.HddsVolume (HddsVolume.java:<init>(176)) - Creating Volume: /workdir/hadoop-ozone/integration-test/target/test-dir/MiniOzoneClusterImpl-b07bb8e2-099d-4112-93c2-49344ba21f2d/datanode-6/data/containers/hdds of  storage type : DISK and capacity : 52710309888
2019-07-16 15:42:23,717 INFO  volume.VolumeSet (VolumeSet.java:initializeVolumeSet(170)) - Added Volume : /workdir/hadoop-ozone/integration-test/target/test-dir/MiniOzoneClusterImpl-b07bb8e2-099d-4112-93c2-49344ba21f2d/datanode-6/data/containers/hdds to VolumeSet
2019-07-16 15:42:23,717 INFO  volume.ThrottledAsyncChecker (ThrottledAsyncChecker.java:schedule(140)) - Scheduling a check for org.apache.hadoop.ozone.container.common.volume.HddsVolume@64d711b0
2019-07-16 15:42:23,717 INFO  volume.HddsVolumeChecker (HddsVolumeChecker.java:checkAllVolumes(203)) - Scheduled health check for volume org.apache.hadoop.ozone.container.common.volume.HddsVolume@64d711b0
2019-07-16 15:42:23,735 INFO  impl.RaftServerProxy (ConfUtils.java:logGet(43)) - raft.rpc.type = GRPC (default)
2019-07-16 15:42:23,735 INFO  grpc.GrpcFactory (GrpcFactory.java:checkPooledByteBufAllocatorUseCacheForAllThreads(45)) - PERFORMANCE WARNING: useCacheForAllThreads is true that may cause Netty to create a lot garbage objects and, as a result, trigger GC.
	It is recommended to disable useCacheForAllThreads by setting -Dorg.apache.ratis.thirdparty.io.netty.allocator.useCacheForAllThreads=false in command line.
2019-07-16 15:42:23,735 INFO  grpc.GrpcConfigKeys$Server (ConfUtils.java:logGet(43)) - raft.grpc.server.port = 0 (default)
2019-07-16 15:42:23,735 INFO  server.GrpcService (ConfUtils.java:logGet(43)) - raft.grpc.message.size.max = 33570816 (custom)
2019-07-16 15:42:23,735 INFO  server.RaftServerConfigKeys (ConfUtils.java:logGet(43)) - raft.server.log.appender.buffer.byte-limit = 33554432 (custom)
2019-07-16 15:42:23,736 INFO  server.GrpcService (ConfUtils.java:logGet(43)) - raft.grpc.flow.control.window = 1MB (=1048576) (default)
2019-07-16 15:42:23,736 INFO  server.RaftServerConfigKeys (ConfUtils.java:logGet(43)) - raft.server.rpc.request.timeout = 3000ms (default)
2019-07-16 15:42:23,736 INFO  server.RaftServerConfigKeys (ConfUtils.java:logGet(43)) - raft.server.storage.dir = [/workdir/hadoop-ozone/integration-test/target/test-dir/MiniOzoneClusterImpl-b07bb8e2-099d-4112-93c2-49344ba21f2d/datanode-6/data/ratis] (custom)
2019-07-16 15:42:23,737 INFO  replication.SimpleContainerDownloader (SimpleContainerDownloader.java:<init>(72)) - Starting container downloader service to copy containers to replicate.
2019-07-16 15:42:23,738 INFO  hdfs.DFSUtil (DFSUtil.java:httpServerTemplateForNNAndJN(1641)) - Starting Web-server for hddsDatanode at: http://0.0.0.0:0
2019-07-16 15:42:23,739 INFO  server.AuthenticationFilter (AuthenticationFilter.java:constructSecretProvider(240)) - Unable to initialize FileSignerSecretProvider, falling back to use random secrets.
2019-07-16 15:42:23,739 WARN  http.HttpRequestLog (HttpRequestLog.java:getRequestLog(97)) - Jetty request log can only be enabled using Log4j
2019-07-16 15:42:23,741 INFO  http.HttpServer2 (HttpServer2.java:addGlobalFilter(975)) - Added global filter 'safety' (class=org.apache.hadoop.http.HttpServer2$QuotingInputFilter)
2019-07-16 15:42:23,741 INFO  http.HttpServer2 (HttpServer2.java:addFilter(948)) - Added filter static_user_filter (class=org.apache.hadoop.http.lib.StaticUserWebFilter$StaticUserFilter) to context hddsDatanode
2019-07-16 15:42:23,741 INFO  http.HttpServer2 (HttpServer2.java:addFilter(958)) - Added filter static_user_filter (class=org.apache.hadoop.http.lib.StaticUserWebFilter$StaticUserFilter) to context logs
2019-07-16 15:42:23,741 INFO  http.HttpServer2 (HttpServer2.java:addFilter(958)) - Added filter static_user_filter (class=org.apache.hadoop.http.lib.StaticUserWebFilter$StaticUserFilter) to context static
2019-07-16 15:42:23,742 INFO  http.HttpServer2 (HttpServer2.java:bindListener(1191)) - Jetty bound to port 35686
2019-07-16 15:42:23,742 INFO  server.Server (Server.java:doStart(351)) - jetty-9.3.24.v20180605, build timestamp: 2018-06-05T17:11:56Z, git hash: 84205aa28f11a4f31f2a3b86d1bba2cc8ab69827
2019-07-16 15:42:23,744 INFO  handler.ContextHandler (ContextHandler.java:doStart(781)) - Started o.e.j.s.ServletContextHandler@652a16a8{/logs,file:///workdir/hadoop-ozone/integration-test/target/log,AVAILABLE}
2019-07-16 15:42:23,745 INFO  handler.ContextHandler (ContextHandler.java:doStart(781)) - Started o.e.j.s.ServletContextHandler@104861ff{/static,jar:file:/home/user/.m2/repository/org/apache/hadoop/hadoop-hdds-container-service/0.5.0-SNAPSHOT/hadoop-hdds-container-service-0.5.0-SNAPSHOT.jar!/webapps/static,AVAILABLE}
2019-07-16 15:42:23,784 INFO  handler.ContextHandler (ContextHandler.java:doStart(781)) - Started o.e.j.w.WebAppContext@41019971{/,file:///tmp/jetty-0.0.0.0-35686-hddsDatanode-_-any-706266075230329078.dir/webapp/,AVAILABLE}{/hddsDatanode}
2019-07-16 15:42:23,785 INFO  server.AbstractConnector (AbstractConnector.java:doStart(278)) - Started ServerConnector@83ec0b0{HTTP/1.1,[http/1.1]}{0.0.0.0:35686}
2019-07-16 15:42:23,787 INFO  server.Server (Server.java:doStart(419)) - Started @662065ms
2019-07-16 15:42:23,788 INFO  server.BaseHttpServer (BaseHttpServer.java:updateConnectorAddress(207)) - HTTP server of HDDSDATANODE is listening at http://0.0.0.0:35686
2019-07-16 15:42:23,891 INFO  ozone.HddsDatanodeService (HddsDatanodeService.java:startPlugins(396)) - Started plug-in org.apache.hadoop.ozone.web.OzoneHddsDatanodeService@364bbba9
2019-07-16 15:42:23,892 INFO  ozone.MiniOzoneClusterImpl (MiniOzoneClusterImpl.java:lambda$waitForClusterToBeReady$0(142)) - Waiting for cluster to be ready. Got 0 of 7 DN Heartbeats.
2019-07-16 15:42:23,896 INFO  util.JvmPauseMonitor (JvmPauseMonitor.java:run(188)) - Starting JVM pause monitor
2019-07-16 15:42:23,897 INFO  datanode.InitDatanodeState (InitDatanodeState.java:persistContainerDatanodeDetails(140)) - DatanodeDetails is persisted to /workdir/hadoop-ozone/integration-test/target/test-dir/MiniOzoneClusterImpl-b07bb8e2-099d-4112-93c2-49344ba21f2d/datanode-6/meta/datanode.id
2019-07-16 15:42:24,892 INFO  ozone.MiniOzoneClusterImpl (MiniOzoneClusterImpl.java:lambda$waitForClusterToBeReady$0(142)) - Waiting for cluster to be ready. Got 0 of 7 DN Heartbeats.
2019-07-16 15:42:24,903 INFO  ozoneimpl.OzoneContainer (OzoneContainer.java:start(186)) - Attempting to start container services.
2019-07-16 15:42:24,906 INFO  ozoneimpl.OzoneContainer (OzoneContainer.java:startContainerScrub(160)) - Background container scrubber has been disabled by hdds.containerscrub.enabled
2019-07-16 15:42:24,906 INFO  ratis.XceiverServerRatis (XceiverServerRatis.java:start(418)) - Starting XceiverServerRatis 1d28faee-d621-49d2-9605-69824b6a2a71 at port 0
2019-07-16 15:42:24,914 INFO  impl.RaftServerProxy (RaftServerProxy.java:lambda$start$3(299)) - 1d28faee-d621-49d2-9605-69824b6a2a71: start RPC server
2019-07-16 15:42:24,915 INFO  server.GrpcService (GrpcService.java:startImpl(149)) - 1d28faee-d621-49d2-9605-69824b6a2a71: GrpcService started, listening on 0.0.0.0/0.0.0.0:44963
2019-07-16 15:42:24,915 INFO  ratis.XceiverServerRatis (XceiverServerRatis.java:start(428)) - XceiverServerRatis 1d28faee-d621-49d2-9605-69824b6a2a71 is started using port 44963
2019-07-16 15:42:24,916 INFO  server.XceiverServerGrpc (XceiverServerGrpc.java:start(161)) - XceiverServerGrpc 1d28faee-d621-49d2-9605-69824b6a2a71 is started using port 32817
2019-07-16 15:42:25,058 INFO  ozoneimpl.OzoneContainer (OzoneContainer.java:start(186)) - Attempting to start container services.
2019-07-16 15:42:25,062 INFO  ozoneimpl.OzoneContainer (OzoneContainer.java:startContainerScrub(160)) - Background container scrubber has been disabled by hdds.containerscrub.enabled
2019-07-16 15:42:25,062 INFO  ratis.XceiverServerRatis (XceiverServerRatis.java:start(418)) - Starting XceiverServerRatis b6cabe97-db9a-4a69-907a-1cb6b9206666 at port 0
2019-07-16 15:42:25,070 INFO  impl.RaftServerProxy (RaftServerProxy.java:lambda$start$3(299)) - b6cabe97-db9a-4a69-907a-1cb6b9206666: start RPC server
2019-07-16 15:42:25,071 INFO  server.GrpcService (GrpcService.java:startImpl(149)) - b6cabe97-db9a-4a69-907a-1cb6b9206666: GrpcService started, listening on 0.0.0.0/0.0.0.0:39102
2019-07-16 15:42:25,071 INFO  ratis.XceiverServerRatis (XceiverServerRatis.java:start(428)) - XceiverServerRatis b6cabe97-db9a-4a69-907a-1cb6b9206666 is started using port 39102
2019-07-16 15:42:25,071 INFO  server.XceiverServerGrpc (XceiverServerGrpc.java:start(161)) - XceiverServerGrpc b6cabe97-db9a-4a69-907a-1cb6b9206666 is started using port 43712
2019-07-16 15:42:25,225 INFO  ozoneimpl.OzoneContainer (OzoneContainer.java:start(186)) - Attempting to start container services.
2019-07-16 15:42:25,234 INFO  ozoneimpl.OzoneContainer (OzoneContainer.java:startContainerScrub(160)) - Background container scrubber has been disabled by hdds.containerscrub.enabled
2019-07-16 15:42:25,234 INFO  ratis.XceiverServerRatis (XceiverServerRatis.java:start(418)) - Starting XceiverServerRatis eab4b452-7cde-48e1-ad5f-93aada3f67c1 at port 0
2019-07-16 15:42:25,241 INFO  impl.RaftServerProxy (RaftServerProxy.java:lambda$start$3(299)) - eab4b452-7cde-48e1-ad5f-93aada3f67c1: start RPC server
2019-07-16 15:42:25,242 INFO  server.GrpcService (GrpcService.java:startImpl(149)) - eab4b452-7cde-48e1-ad5f-93aada3f67c1: GrpcService started, listening on 0.0.0.0/0.0.0.0:35899
2019-07-16 15:42:25,242 INFO  ratis.XceiverServerRatis (XceiverServerRatis.java:start(428)) - XceiverServerRatis eab4b452-7cde-48e1-ad5f-93aada3f67c1 is started using port 35899
2019-07-16 15:42:25,243 INFO  server.XceiverServerGrpc (XceiverServerGrpc.java:start(161)) - XceiverServerGrpc eab4b452-7cde-48e1-ad5f-93aada3f67c1 is started using port 34674
2019-07-16 15:42:25,397 INFO  ozoneimpl.OzoneContainer (OzoneContainer.java:start(186)) - Attempting to start container services.
2019-07-16 15:42:25,397 INFO  ozoneimpl.OzoneContainer (OzoneContainer.java:startContainerScrub(160)) - Background container scrubber has been disabled by hdds.containerscrub.enabled
2019-07-16 15:42:25,397 INFO  ratis.XceiverServerRatis (XceiverServerRatis.java:start(418)) - Starting XceiverServerRatis 249489b4-a9bf-4bb8-b6bf-665e94975bf6 at port 0
2019-07-16 15:42:25,405 INFO  impl.RaftServerProxy (RaftServerProxy.java:lambda$start$3(299)) - 249489b4-a9bf-4bb8-b6bf-665e94975bf6: start RPC server
2019-07-16 15:42:25,410 INFO  server.GrpcService (GrpcService.java:startImpl(149)) - 249489b4-a9bf-4bb8-b6bf-665e94975bf6: GrpcService started, listening on 0.0.0.0/0.0.0.0:36950
2019-07-16 15:42:25,411 INFO  ratis.XceiverServerRatis (XceiverServerRatis.java:start(428)) - XceiverServerRatis 249489b4-a9bf-4bb8-b6bf-665e94975bf6 is started using port 36950
2019-07-16 15:42:25,411 INFO  server.XceiverServerGrpc (XceiverServerGrpc.java:start(161)) - XceiverServerGrpc 249489b4-a9bf-4bb8-b6bf-665e94975bf6 is started using port 41666
2019-07-16 15:42:25,554 INFO  ozoneimpl.OzoneContainer (OzoneContainer.java:start(186)) - Attempting to start container services.
2019-07-16 15:42:25,555 INFO  ozoneimpl.OzoneContainer (OzoneContainer.java:startContainerScrub(160)) - Background container scrubber has been disabled by hdds.containerscrub.enabled
2019-07-16 15:42:25,555 INFO  ratis.XceiverServerRatis (XceiverServerRatis.java:start(418)) - Starting XceiverServerRatis 9313a0f7-98a1-461c-840d-c36ea641d6aa at port 0
2019-07-16 15:42:25,562 INFO  impl.RaftServerProxy (RaftServerProxy.java:lambda$start$3(299)) - 9313a0f7-98a1-461c-840d-c36ea641d6aa: start RPC server
2019-07-16 15:42:25,563 INFO  server.GrpcService (GrpcService.java:startImpl(149)) - 9313a0f7-98a1-461c-840d-c36ea641d6aa: GrpcService started, listening on 0.0.0.0/0.0.0.0:40707
2019-07-16 15:42:25,563 INFO  ratis.XceiverServerRatis (XceiverServerRatis.java:start(428)) - XceiverServerRatis 9313a0f7-98a1-461c-840d-c36ea641d6aa is started using port 40707
2019-07-16 15:42:25,563 INFO  server.XceiverServerGrpc (XceiverServerGrpc.java:start(161)) - XceiverServerGrpc 9313a0f7-98a1-461c-840d-c36ea641d6aa is started using port 44923
2019-07-16 15:42:25,727 INFO  ozoneimpl.OzoneContainer (OzoneContainer.java:start(186)) - Attempting to start container services.
2019-07-16 15:42:25,727 INFO  ozoneimpl.OzoneContainer (OzoneContainer.java:startContainerScrub(160)) - Background container scrubber has been disabled by hdds.containerscrub.enabled
2019-07-16 15:42:25,727 INFO  ratis.XceiverServerRatis (XceiverServerRatis.java:start(418)) - Starting XceiverServerRatis 77e4f8b7-d59d-497c-bbb1-675dab87ac04 at port 0
2019-07-16 15:42:25,735 INFO  impl.RaftServerProxy (RaftServerProxy.java:lambda$start$3(299)) - 77e4f8b7-d59d-497c-bbb1-675dab87ac04: start RPC server
2019-07-16 15:42:25,736 INFO  server.GrpcService (GrpcService.java:startImpl(149)) - 77e4f8b7-d59d-497c-bbb1-675dab87ac04: GrpcService started, listening on 0.0.0.0/0.0.0.0:43059
2019-07-16 15:42:25,736 INFO  ratis.XceiverServerRatis (XceiverServerRatis.java:start(428)) - XceiverServerRatis 77e4f8b7-d59d-497c-bbb1-675dab87ac04 is started using port 43059
2019-07-16 15:42:25,737 INFO  server.XceiverServerGrpc (XceiverServerGrpc.java:start(161)) - XceiverServerGrpc 77e4f8b7-d59d-497c-bbb1-675dab87ac04 is started using port 45655
2019-07-16 15:42:25,892 INFO  ozone.MiniOzoneClusterImpl (MiniOzoneClusterImpl.java:lambda$waitForClusterToBeReady$0(142)) - Waiting for cluster to be ready. Got 0 of 7 DN Heartbeats.
2019-07-16 15:42:25,926 INFO  ozoneimpl.OzoneContainer (OzoneContainer.java:start(186)) - Attempting to start container services.
2019-07-16 15:42:25,926 INFO  ozoneimpl.OzoneContainer (OzoneContainer.java:startContainerScrub(160)) - Background container scrubber has been disabled by hdds.containerscrub.enabled
2019-07-16 15:42:25,926 INFO  ratis.XceiverServerRatis (XceiverServerRatis.java:start(418)) - Starting XceiverServerRatis 697284a1-d11d-418f-a126-0a1702dcd3f0 at port 0
2019-07-16 15:42:25,934 INFO  impl.RaftServerProxy (RaftServerProxy.java:lambda$start$3(299)) - 697284a1-d11d-418f-a126-0a1702dcd3f0: start RPC server
2019-07-16 15:42:25,934 INFO  server.GrpcService (GrpcService.java:startImpl(149)) - 697284a1-d11d-418f-a126-0a1702dcd3f0: GrpcService started, listening on 0.0.0.0/0.0.0.0:36863
2019-07-16 15:42:25,935 INFO  ratis.XceiverServerRatis (XceiverServerRatis.java:start(428)) - XceiverServerRatis 697284a1-d11d-418f-a126-0a1702dcd3f0 is started using port 36863
2019-07-16 15:42:25,935 INFO  server.XceiverServerGrpc (XceiverServerGrpc.java:start(161)) - XceiverServerGrpc 697284a1-d11d-418f-a126-0a1702dcd3f0 is started using port 35697
2019-07-16 15:42:26,884 INFO  net.NetworkTopology (NetworkTopologyImpl.java:add(110)) - Added a new node: /default-rack/192.168.69.88
2019-07-16 15:42:26,885 INFO  node.SCMNodeManager (SCMNodeManager.java:register(269)) - Registered Data node : 1d28faee-d621-49d2-9605-69824b6a2a71{ip: 192.168.69.88, host: trunk-nightly-kgw5x-1882989438, networkLocation: /default-rack, certSerialId: null}
2019-07-16 15:42:26,888 INFO  safemode.SCMSafeModeManager (DataNodeSafeModeRule.java:process(71)) - SCM in safe mode. 1 DataNodes registered, 1 required.
2019-07-16 15:42:26,891 INFO  safemode.SCMSafeModeManager (SCMSafeModeManager.java:validateSafeModeExitRules(177)) - ScmSafeModeManager, all rules are successfully validated
2019-07-16 15:42:26,892 INFO  safemode.SCMSafeModeManager (SCMSafeModeManager.java:exitSafeMode(193)) - SCM exiting safe mode.
2019-07-16 15:42:26,897 INFO  ozone.MiniOzoneClusterImpl (MiniOzoneClusterImpl.java:lambda$waitForClusterToBeReady$0(142)) - Waiting for cluster to be ready. Got 1 of 7 DN Heartbeats.
2019-07-16 15:42:26,904 INFO  impl.RaftServerProxy (RaftServerProxy.java:addNew(89)) - 1d28faee-d621-49d2-9605-69824b6a2a71: addNew group-09F825896C10:[1d28faee-d621-49d2-9605-69824b6a2a71:192.168.69.88:44963] returns group-09F825896C10:java.util.concurrent.CompletableFuture@2bd2ec42[Not completed]
2019-07-16 15:42:26,906 INFO  impl.RaftServerImpl (RaftServerImpl.java:<init>(93)) - 1d28faee-d621-49d2-9605-69824b6a2a71: new RaftServerImpl for group-09F825896C10:[1d28faee-d621-49d2-9605-69824b6a2a71:192.168.69.88:44963] with ContainerStateMachine:uninitialized
2019-07-16 15:42:26,906 INFO  server.RaftServerConfigKeys (ConfUtils.java:logGet(43)) - raft.server.rpc.timeout.min = 5s (custom)
2019-07-16 15:42:26,906 INFO  server.RaftServerConfigKeys (ConfUtils.java:logGet(43)) - raft.server.rpc.timeout.max = 5200ms (custom)
2019-07-16 15:42:26,906 INFO  server.RaftServerConfigKeys (ConfUtils.java:logGet(43)) - raft.server.rpcslowness.timeout = 120s (custom)
2019-07-16 15:42:26,906 INFO  server.RaftServerConfigKeys (ConfUtils.java:logGet(43)) - raft.server.sleep.deviation.threshold = 300 (default)
2019-07-16 15:42:26,906 INFO  server.RaftServerConfigKeys (ConfUtils.java:logGet(43)) - raft.server.log.appender.install.snapshot.enabled = false (custom)
2019-07-16 15:42:26,907 INFO  impl.RaftServerImpl (ServerState.java:<init>(105)) - 1d28faee-d621-49d2-9605-69824b6a2a71:group-09F825896C10 ConfigurationManager, init=-1: [1d28faee-d621-49d2-9605-69824b6a2a71:192.168.69.88:44963], old=null, confs=<EMPTY_MAP>
2019-07-16 15:42:26,907 INFO  server.RaftServerConfigKeys (ConfUtils.java:logGet(43)) - raft.server.storage.dir = [/workdir/hadoop-ozone/integration-test/target/test-dir/MiniOzoneClusterImpl-b07bb8e2-099d-4112-93c2-49344ba21f2d/datanode-0/data/ratis] (custom)
2019-07-16 15:42:26,907 INFO  storage.RaftStorageDirectory (RaftStorageDirectory.java:analyzeStorage(246)) - The storage directory /workdir/hadoop-ozone/integration-test/target/test-dir/MiniOzoneClusterImpl-b07bb8e2-099d-4112-93c2-49344ba21f2d/datanode-0/data/ratis/e2e6c36b-473e-431b-ad3b-09f825896c10 does not exist. Creating ...
2019-07-16 15:42:26,921 INFO  storage.RaftStorageDirectory (RaftStorageDirectory.java:tryLock(328)) - Lock on /workdir/hadoop-ozone/integration-test/target/test-dir/MiniOzoneClusterImpl-b07bb8e2-099d-4112-93c2-49344ba21f2d/datanode-0/data/ratis/e2e6c36b-473e-431b-ad3b-09f825896c10/in_use.lock acquired by nodename 18277@trunk-nightly-kgw5x-1882989438
2019-07-16 15:42:26,936 INFO  storage.RaftStorage (RaftStorage.java:format(72)) - Storage directory /workdir/hadoop-ozone/integration-test/target/test-dir/MiniOzoneClusterImpl-b07bb8e2-099d-4112-93c2-49344ba21f2d/datanode-0/data/ratis/e2e6c36b-473e-431b-ad3b-09f825896c10 has been successfully formatted.
2019-07-16 15:42:26,936 INFO  ratis.ContainerStateMachine (ContainerStateMachine.java:loadSnapshot(200)) - group-09F825896C10: The snapshot info is null. Setting the last applied indexto:(t:0, i:~)
2019-07-16 15:42:26,936 INFO  server.RaftServerConfigKeys (ConfUtils.java:logGet(43)) - raft.server.leader.election.timeout = 120s (custom)
2019-07-16 15:42:26,936 INFO  server.RaftServerConfigKeys (ConfUtils.java:logGet(43)) - raft.server.log.use.memory = false (default)
2019-07-16 15:42:26,937 INFO  server.RaftServerConfigKeys (ConfUtils.java:logGet(43)) - raft.server.log.purge.gap = 1000000000 (custom)
2019-07-16 15:42:26,937 INFO  server.RaftServerConfigKeys (ConfUtils.java:logGet(43)) - raft.server.log.appender.buffer.byte-limit = 33554432 (custom)
2019-07-16 15:42:26,937 INFO  server.RaftServerConfigKeys (ConfUtils.java:logGet(43)) - raft.server.log.segment.size.max = 1048576 (custom)
2019-07-16 15:42:26,937 INFO  server.RaftServerConfigKeys (ConfUtils.java:logGet(43)) - raft.server.log.segment.cache.num.max = 2 (custom)
2019-07-16 15:42:26,937 INFO  segmented.SegmentedRaftLogWorker (SegmentedRaftLogWorker.java:<init>(172)) - new 1d28faee-d621-49d2-9605-69824b6a2a71-SegmentedRaftLogWorker:Storage Directory /workdir/hadoop-ozone/integration-test/target/test-dir/MiniOzoneClusterImpl-b07bb8e2-099d-4112-93c2-49344ba21f2d/datanode-0/data/ratis/e2e6c36b-473e-431b-ad3b-09f825896c10 for RaftStorage:Storage Directory /workdir/hadoop-ozone/integration-test/target/test-dir/MiniOzoneClusterImpl-b07bb8e2-099d-4112-93c2-49344ba21f2d/datanode-0/data/ratis/e2e6c36b-473e-431b-ad3b-09f825896c10
2019-07-16 15:42:26,938 INFO  server.RaftServerConfigKeys (ConfUtils.java:logGet(43)) - raft.server.log.queue.byte-limit = 2147483647 (custom)
2019-07-16 15:42:26,938 INFO  server.RaftServerConfigKeys (ConfUtils.java:logGet(43)) - raft.server.log.queue.element-limit = 1024 (custom)
2019-07-16 15:42:26,938 INFO  server.RaftServerConfigKeys (ConfUtils.java:logGet(43)) - raft.server.log.segment.size.max = 1048576 (custom)
2019-07-16 15:42:26,938 INFO  server.RaftServerConfigKeys (ConfUtils.java:logGet(43)) - raft.server.log.preallocated.size = 16384 (custom)
2019-07-16 15:42:26,938 INFO  server.RaftServerConfigKeys (ConfUtils.java:logGet(43)) - raft.server.log.write.buffer.size = 33554432 (custom)
2019-07-16 15:42:26,939 INFO  server.RaftServerConfigKeys (ConfUtils.java:logGet(43)) - raft.server.log.force.sync.num = 128 (default)
2019-07-16 15:42:26,939 INFO  server.RaftServerConfigKeys (ConfUtils.java:logGet(43)) - raft.server.log.statemachine.data.sync = true (default)
2019-07-16 15:42:26,939 INFO  server.RaftServerConfigKeys (ConfUtils.java:logGet(43)) - raft.server.log.statemachine.data.sync.timeout = 10s (default)
2019-07-16 15:42:26,939 INFO  server.RaftServerConfigKeys (ConfUtils.java:logGet(43)) - raft.server.log.statemachine.data.sync.timeout.retry = -1 (default)
2019-07-16 15:42:26,939 INFO  server.RaftServerConfigKeys (ConfUtils.java:logGet(43)) - raft.server.log.statemachine.data.caching.enabled = true (custom)
2019-07-16 15:42:26,940 INFO  segmented.SegmentedRaftLogWorker (SegmentedRaftLogWorker.java:lambda$new$0(132)) - 1d28faee-d621-49d2-9605-69824b6a2a71-SegmentedRaftLogWorker:Storage Directory /workdir/hadoop-ozone/integration-test/target/test-dir/MiniOzoneClusterImpl-b07bb8e2-099d-4112-93c2-49344ba21f2d/datanode-0/data/ratis/e2e6c36b-473e-431b-ad3b-09f825896c10: flushIndex: setUnconditionally 0 -> -1
2019-07-16 15:42:26,940 INFO  server.RaftServerConfigKeys (ConfUtils.java:logGet(43)) - raft.server.snapshot.auto.trigger.enabled = true (custom)
2019-07-16 15:42:26,940 INFO  server.RaftServerConfigKeys (ConfUtils.java:logGet(43)) - raft.server.snapshot.auto.trigger.threshold = 10000 (custom)
2019-07-16 15:42:26,940 INFO  server.RaftServerConfigKeys (ConfUtils.java:logGet(43)) - raft.server.retrycache.expirytime = 600000ms (custom)
2019-07-16 15:42:26,941 INFO  impl.RaftServerImpl (RaftServerImpl.java:start(180)) - 1d28faee-d621-49d2-9605-69824b6a2a71: start group-09F825896C10
2019-07-16 15:42:26,941 INFO  impl.RaftServerImpl (RaftServerImpl.java:setRole(171)) - 1d28faee-d621-49d2-9605-69824b6a2a71:group-09F825896C10 changes role from null to FOLLOWER at term 0 for startAsFollower
2019-07-16 15:42:26,941 INFO  impl.RoleInfo (RoleInfo.java:updateAndGet(143)) - 1d28faee-d621-49d2-9605-69824b6a2a71: start FollowerState
2019-07-16 15:42:26,941 INFO  util.JmxRegister (JmxRegister.java:tryRegister(44)) - Successfully registered JMX Bean with object name Ratis:service=RaftServer,group=group-09F825896C10,id=1d28faee-d621-49d2-9605-69824b6a2a71
2019-07-16 15:42:26,947 INFO  pipeline.PipelineStateManager (PipelineStateManager.java:addPipeline(56)) - Created pipeline Pipeline[ Id: e2e6c36b-473e-431b-ad3b-09f825896c10, Nodes: 1d28faee-d621-49d2-9605-69824b6a2a71{ip: 192.168.69.88, host: trunk-nightly-kgw5x-1882989438, networkLocation: /default-rack, certSerialId: null}, Type:RATIS, Factor:ONE, State:OPEN]
2019-07-16 15:42:27,045 INFO  node.SCMNodeManager (SCMNodeManager.java:register(269)) - Registered Data node : b6cabe97-db9a-4a69-907a-1cb6b9206666{ip: 192.168.69.88, host: trunk-nightly-kgw5x-1882989438, networkLocation: /default-rack, certSerialId: null}
2019-07-16 15:42:27,053 INFO  impl.RaftServerProxy (RaftServerProxy.java:addNew(89)) - b6cabe97-db9a-4a69-907a-1cb6b9206666: addNew group-A105104C633D:[b6cabe97-db9a-4a69-907a-1cb6b9206666:192.168.69.88:39102] returns group-A105104C633D:java.util.concurrent.CompletableFuture@60184f12[Not completed]
2019-07-16 15:42:27,054 INFO  impl.RaftServerImpl (RaftServerImpl.java:<init>(93)) - b6cabe97-db9a-4a69-907a-1cb6b9206666: new RaftServerImpl for group-A105104C633D:[b6cabe97-db9a-4a69-907a-1cb6b9206666:192.168.69.88:39102] with ContainerStateMachine:uninitialized
2019-07-16 15:42:27,054 INFO  server.RaftServerConfigKeys (ConfUtils.java:logGet(43)) - raft.server.rpc.timeout.min = 5s (custom)
2019-07-16 15:42:27,054 INFO  server.RaftServerConfigKeys (ConfUtils.java:logGet(43)) - raft.server.rpc.timeout.max = 5200ms (custom)
2019-07-16 15:42:27,054 INFO  server.RaftServerConfigKeys (ConfUtils.java:logGet(43)) - raft.server.rpcslowness.timeout = 120s (custom)
2019-07-16 15:42:27,054 INFO  server.RaftServerConfigKeys (ConfUtils.java:logGet(43)) - raft.server.sleep.deviation.threshold = 300 (default)
2019-07-16 15:42:27,055 INFO  server.RaftServerConfigKeys (ConfUtils.java:logGet(43)) - raft.server.log.appender.install.snapshot.enabled = false (custom)
2019-07-16 15:42:27,055 INFO  impl.RaftServerImpl (ServerState.java:<init>(105)) - b6cabe97-db9a-4a69-907a-1cb6b9206666:group-A105104C633D ConfigurationManager, init=-1: [b6cabe97-db9a-4a69-907a-1cb6b9206666:192.168.69.88:39102], old=null, confs=<EMPTY_MAP>
2019-07-16 15:42:27,055 INFO  server.RaftServerConfigKeys (ConfUtils.java:logGet(43)) - raft.server.storage.dir = [/workdir/hadoop-ozone/integration-test/target/test-dir/MiniOzoneClusterImpl-b07bb8e2-099d-4112-93c2-49344ba21f2d/datanode-1/data/ratis] (custom)
2019-07-16 15:42:27,055 INFO  storage.RaftStorageDirectory (RaftStorageDirectory.java:analyzeStorage(246)) - The storage directory /workdir/hadoop-ozone/integration-test/target/test-dir/MiniOzoneClusterImpl-b07bb8e2-099d-4112-93c2-49344ba21f2d/datanode-1/data/ratis/61bc89f6-d7ee-4604-a6a1-a105104c633d does not exist. Creating ...
2019-07-16 15:42:27,071 INFO  storage.RaftStorageDirectory (RaftStorageDirectory.java:tryLock(328)) - Lock on /workdir/hadoop-ozone/integration-test/target/test-dir/MiniOzoneClusterImpl-b07bb8e2-099d-4112-93c2-49344ba21f2d/datanode-1/data/ratis/61bc89f6-d7ee-4604-a6a1-a105104c633d/in_use.lock acquired by nodename 18277@trunk-nightly-kgw5x-1882989438
2019-07-16 15:42:27,084 INFO  storage.RaftStorage (RaftStorage.java:format(72)) - Storage directory /workdir/hadoop-ozone/integration-test/target/test-dir/MiniOzoneClusterImpl-b07bb8e2-099d-4112-93c2-49344ba21f2d/datanode-1/data/ratis/61bc89f6-d7ee-4604-a6a1-a105104c633d has been successfully formatted.
2019-07-16 15:42:27,084 INFO  ratis.ContainerStateMachine (ContainerStateMachine.java:loadSnapshot(200)) - group-A105104C633D: The snapshot info is null. Setting the last applied indexto:(t:0, i:~)
2019-07-16 15:42:27,084 INFO  server.RaftServerConfigKeys (ConfUtils.java:logGet(43)) - raft.server.leader.election.timeout = 120s (custom)
2019-07-16 15:42:27,084 INFO  server.RaftServerConfigKeys (ConfUtils.java:logGet(43)) - raft.server.log.use.memory = false (default)
2019-07-16 15:42:27,085 INFO  server.RaftServerConfigKeys (ConfUtils.java:logGet(43)) - raft.server.log.purge.gap = 1000000000 (custom)
2019-07-16 15:42:27,085 INFO  server.RaftServerConfigKeys (ConfUtils.java:logGet(43)) - raft.server.log.appender.buffer.byte-limit = 33554432 (custom)
2019-07-16 15:42:27,085 INFO  server.RaftServerConfigKeys (ConfUtils.java:logGet(43)) - raft.server.log.segment.size.max = 1048576 (custom)
2019-07-16 15:42:27,085 INFO  server.RaftServerConfigKeys (ConfUtils.java:logGet(43)) - raft.server.log.segment.cache.num.max = 2 (custom)
2019-07-16 15:42:27,085 INFO  segmented.SegmentedRaftLogWorker (SegmentedRaftLogWorker.java:<init>(172)) - new b6cabe97-db9a-4a69-907a-1cb6b9206666-SegmentedRaftLogWorker:Storage Directory /workdir/hadoop-ozone/integration-test/target/test-dir/MiniOzoneClusterImpl-b07bb8e2-099d-4112-93c2-49344ba21f2d/datanode-1/data/ratis/61bc89f6-d7ee-4604-a6a1-a105104c633d for RaftStorage:Storage Directory /workdir/hadoop-ozone/integration-test/target/test-dir/MiniOzoneClusterImpl-b07bb8e2-099d-4112-93c2-49344ba21f2d/datanode-1/data/ratis/61bc89f6-d7ee-4604-a6a1-a105104c633d
2019-07-16 15:42:27,085 INFO  server.RaftServerConfigKeys (ConfUtils.java:logGet(43)) - raft.server.log.queue.byte-limit = 2147483647 (custom)
2019-07-16 15:42:27,086 INFO  server.RaftServerConfigKeys (ConfUtils.java:logGet(43)) - raft.server.log.queue.element-limit = 1024 (custom)
2019-07-16 15:42:27,086 INFO  server.RaftServerConfigKeys (ConfUtils.java:logGet(43)) - raft.server.log.segment.size.max = 1048576 (custom)
2019-07-16 15:42:27,086 INFO  server.RaftServerConfigKeys (ConfUtils.java:logGet(43)) - raft.server.log.preallocated.size = 16384 (custom)
2019-07-16 15:42:27,086 INFO  server.RaftServerConfigKeys (ConfUtils.java:logGet(43)) - raft.server.log.write.buffer.size = 33554432 (custom)
2019-07-16 15:42:27,086 INFO  server.RaftServerConfigKeys (ConfUtils.java:logGet(43)) - raft.server.log.force.sync.num = 128 (default)
2019-07-16 15:42:27,086 INFO  server.RaftServerConfigKeys (ConfUtils.java:logGet(43)) - raft.server.log.statemachine.data.sync = true (default)
2019-07-16 15:42:27,087 INFO  server.RaftServerConfigKeys (ConfUtils.java:logGet(43)) - raft.server.log.statemachine.data.sync.timeout = 10s (default)
2019-07-16 15:42:27,087 INFO  server.RaftServerConfigKeys (ConfUtils.java:logGet(43)) - raft.server.log.statemachine.data.sync.timeout.retry = -1 (default)
2019-07-16 15:42:27,087 INFO  server.RaftServerConfigKeys (ConfUtils.java:logGet(43)) - raft.server.log.statemachine.data.caching.enabled = true (custom)
2019-07-16 15:42:27,087 INFO  segmented.SegmentedRaftLogWorker (SegmentedRaftLogWorker.java:lambda$new$0(132)) - b6cabe97-db9a-4a69-907a-1cb6b9206666-SegmentedRaftLogWorker:Storage Directory /workdir/hadoop-ozone/integration-test/target/test-dir/MiniOzoneClusterImpl-b07bb8e2-099d-4112-93c2-49344ba21f2d/datanode-1/data/ratis/61bc89f6-d7ee-4604-a6a1-a105104c633d: flushIndex: setUnconditionally 0 -> -1
2019-07-16 15:42:27,088 INFO  server.RaftServerConfigKeys (ConfUtils.java:logGet(43)) - raft.server.snapshot.auto.trigger.enabled = true (custom)
2019-07-16 15:42:27,088 INFO  server.RaftServerConfigKeys (ConfUtils.java:logGet(43)) - raft.server.snapshot.auto.trigger.threshold = 10000 (custom)
2019-07-16 15:42:27,088 INFO  server.RaftServerConfigKeys (ConfUtils.java:logGet(43)) - raft.server.retrycache.expirytime = 600000ms (custom)
2019-07-16 15:42:27,088 INFO  impl.RaftServerImpl (RaftServerImpl.java:start(180)) - b6cabe97-db9a-4a69-907a-1cb6b9206666: start group-A105104C633D
2019-07-16 15:42:27,088 INFO  impl.RaftServerImpl (RaftServerImpl.java:setRole(171)) - b6cabe97-db9a-4a69-907a-1cb6b9206666:group-A105104C633D changes role from null to FOLLOWER at term 0 for startAsFollower
2019-07-16 15:42:27,088 INFO  impl.RoleInfo (RoleInfo.java:updateAndGet(143)) - b6cabe97-db9a-4a69-907a-1cb6b9206666: start FollowerState
2019-07-16 15:42:27,089 INFO  util.JmxRegister (JmxRegister.java:tryRegister(44)) - Successfully registered JMX Bean with object name Ratis:service=RaftServer,group=group-A105104C633D,id=b6cabe97-db9a-4a69-907a-1cb6b9206666
2019-07-16 15:42:27,094 INFO  pipeline.PipelineStateManager (PipelineStateManager.java:addPipeline(56)) - Created pipeline Pipeline[ Id: 61bc89f6-d7ee-4604-a6a1-a105104c633d, Nodes: b6cabe97-db9a-4a69-907a-1cb6b9206666{ip: 192.168.69.88, host: trunk-nightly-kgw5x-1882989438, networkLocation: /default-rack, certSerialId: null}, Type:RATIS, Factor:ONE, State:OPEN]
2019-07-16 15:42:27,209 INFO  node.SCMNodeManager (SCMNodeManager.java:register(269)) - Registered Data node : eab4b452-7cde-48e1-ad5f-93aada3f67c1{ip: 192.168.69.88, host: trunk-nightly-kgw5x-1882989438, networkLocation: /default-rack, certSerialId: null}
2019-07-16 15:42:27,217 INFO  impl.RaftServerProxy (RaftServerProxy.java:addNew(89)) - eab4b452-7cde-48e1-ad5f-93aada3f67c1: addNew group-8642B740A51F:[eab4b452-7cde-48e1-ad5f-93aada3f67c1:192.168.69.88:35899] returns group-8642B740A51F:java.util.concurrent.CompletableFuture@13860de6[Not completed]
2019-07-16 15:42:27,219 INFO  impl.RaftServerImpl (RaftServerImpl.java:<init>(93)) - eab4b452-7cde-48e1-ad5f-93aada3f67c1: new RaftServerImpl for group-8642B740A51F:[eab4b452-7cde-48e1-ad5f-93aada3f67c1:192.168.69.88:35899] with ContainerStateMachine:uninitialized
2019-07-16 15:42:27,219 INFO  server.RaftServerConfigKeys (ConfUtils.java:logGet(43)) - raft.server.rpc.timeout.min = 5s (custom)
2019-07-16 15:42:27,219 INFO  server.RaftServerConfigKeys (ConfUtils.java:logGet(43)) - raft.server.rpc.timeout.max = 5200ms (custom)
2019-07-16 15:42:27,219 INFO  server.RaftServerConfigKeys (ConfUtils.java:logGet(43)) - raft.server.rpcslowness.timeout = 120s (custom)
2019-07-16 15:42:27,219 INFO  server.RaftServerConfigKeys (ConfUtils.java:logGet(43)) - raft.server.sleep.deviation.threshold = 300 (default)
2019-07-16 15:42:27,219 INFO  server.RaftServerConfigKeys (ConfUtils.java:logGet(43)) - raft.server.log.appender.install.snapshot.enabled = false (custom)
2019-07-16 15:42:27,219 INFO  impl.RaftServerImpl (ServerState.java:<init>(105)) - eab4b452-7cde-48e1-ad5f-93aada3f67c1:group-8642B740A51F ConfigurationManager, init=-1: [eab4b452-7cde-48e1-ad5f-93aada3f67c1:192.168.69.88:35899], old=null, confs=<EMPTY_MAP>
2019-07-16 15:42:27,220 INFO  server.RaftServerConfigKeys (ConfUtils.java:logGet(43)) - raft.server.storage.dir = [/workdir/hadoop-ozone/integration-test/target/test-dir/MiniOzoneClusterImpl-b07bb8e2-099d-4112-93c2-49344ba21f2d/datanode-2/data/ratis] (custom)
2019-07-16 15:42:27,220 INFO  storage.RaftStorageDirectory (RaftStorageDirectory.java:analyzeStorage(246)) - The storage directory /workdir/hadoop-ozone/integration-test/target/test-dir/MiniOzoneClusterImpl-b07bb8e2-099d-4112-93c2-49344ba21f2d/datanode-2/data/ratis/b7714ba3-9a81-4bb3-8410-8642b740a51f does not exist. Creating ...
2019-07-16 15:42:27,245 INFO  storage.RaftStorageDirectory (RaftStorageDirectory.java:tryLock(328)) - Lock on /workdir/hadoop-ozone/integration-test/target/test-dir/MiniOzoneClusterImpl-b07bb8e2-099d-4112-93c2-49344ba21f2d/datanode-2/data/ratis/b7714ba3-9a81-4bb3-8410-8642b740a51f/in_use.lock acquired by nodename 18277@trunk-nightly-kgw5x-1882989438
2019-07-16 15:42:27,259 INFO  storage.RaftStorage (RaftStorage.java:format(72)) - Storage directory /workdir/hadoop-ozone/integration-test/target/test-dir/MiniOzoneClusterImpl-b07bb8e2-099d-4112-93c2-49344ba21f2d/datanode-2/data/ratis/b7714ba3-9a81-4bb3-8410-8642b740a51f has been successfully formatted.
2019-07-16 15:42:27,259 INFO  ratis.ContainerStateMachine (ContainerStateMachine.java:loadSnapshot(200)) - group-8642B740A51F: The snapshot info is null. Setting the last applied indexto:(t:0, i:~)
2019-07-16 15:42:27,259 INFO  server.RaftServerConfigKeys (ConfUtils.java:logGet(43)) - raft.server.leader.election.timeout = 120s (custom)
2019-07-16 15:42:27,259 INFO  server.RaftServerConfigKeys (ConfUtils.java:logGet(43)) - raft.server.log.use.memory = false (default)
2019-07-16 15:42:27,259 INFO  server.RaftServerConfigKeys (ConfUtils.java:logGet(43)) - raft.server.log.purge.gap = 1000000000 (custom)
2019-07-16 15:42:27,259 INFO  server.RaftServerConfigKeys (ConfUtils.java:logGet(43)) - raft.server.log.appender.buffer.byte-limit = 33554432 (custom)
2019-07-16 15:42:27,260 INFO  server.RaftServerConfigKeys (ConfUtils.java:logGet(43)) - raft.server.log.segment.size.max = 1048576 (custom)
2019-07-16 15:42:27,260 INFO  server.RaftServerConfigKeys (ConfUtils.java:logGet(43)) - raft.server.log.segment.cache.num.max = 2 (custom)
2019-07-16 15:42:27,260 INFO  segmented.SegmentedRaftLogWorker (SegmentedRaftLogWorker.java:<init>(172)) - new eab4b452-7cde-48e1-ad5f-93aada3f67c1-SegmentedRaftLogWorker:Storage Directory /workdir/hadoop-ozone/integration-test/target/test-dir/MiniOzoneClusterImpl-b07bb8e2-099d-4112-93c2-49344ba21f2d/datanode-2/data/ratis/b7714ba3-9a81-4bb3-8410-8642b740a51f for RaftStorage:Storage Directory /workdir/hadoop-ozone/integration-test/target/test-dir/MiniOzoneClusterImpl-b07bb8e2-099d-4112-93c2-49344ba21f2d/datanode-2/data/ratis/b7714ba3-9a81-4bb3-8410-8642b740a51f
2019-07-16 15:42:27,260 INFO  server.RaftServerConfigKeys (ConfUtils.java:logGet(43)) - raft.server.log.queue.byte-limit = 2147483647 (custom)
2019-07-16 15:42:27,260 INFO  server.RaftServerConfigKeys (ConfUtils.java:logGet(43)) - raft.server.log.queue.element-limit = 1024 (custom)
2019-07-16 15:42:27,261 INFO  server.RaftServerConfigKeys (ConfUtils.java:logGet(43)) - raft.server.log.segment.size.max = 1048576 (custom)
2019-07-16 15:42:27,261 INFO  server.RaftServerConfigKeys (ConfUtils.java:logGet(43)) - raft.server.log.preallocated.size = 16384 (custom)
2019-07-16 15:42:27,261 INFO  server.RaftServerConfigKeys (ConfUtils.java:logGet(43)) - raft.server.log.write.buffer.size = 33554432 (custom)
2019-07-16 15:42:27,261 INFO  server.RaftServerConfigKeys (ConfUtils.java:logGet(43)) - raft.server.log.force.sync.num = 128 (default)
2019-07-16 15:42:27,261 INFO  server.RaftServerConfigKeys (ConfUtils.java:logGet(43)) - raft.server.log.statemachine.data.sync = true (default)
2019-07-16 15:42:27,261 INFO  server.RaftServerConfigKeys (ConfUtils.java:logGet(43)) - raft.server.log.statemachine.data.sync.timeout = 10s (default)
2019-07-16 15:42:27,261 INFO  server.RaftServerConfigKeys (ConfUtils.java:logGet(43)) - raft.server.log.statemachine.data.sync.timeout.retry = -1 (default)
2019-07-16 15:42:27,262 INFO  server.RaftServerConfigKeys (ConfUtils.java:logGet(43)) - raft.server.log.statemachine.data.caching.enabled = true (custom)
2019-07-16 15:42:27,262 INFO  segmented.SegmentedRaftLogWorker (SegmentedRaftLogWorker.java:lambda$new$0(132)) - eab4b452-7cde-48e1-ad5f-93aada3f67c1-SegmentedRaftLogWorker:Storage Directory /workdir/hadoop-ozone/integration-test/target/test-dir/MiniOzoneClusterImpl-b07bb8e2-099d-4112-93c2-49344ba21f2d/datanode-2/data/ratis/b7714ba3-9a81-4bb3-8410-8642b740a51f: flushIndex: setUnconditionally 0 -> -1
2019-07-16 15:42:27,262 INFO  server.RaftServerConfigKeys (ConfUtils.java:logGet(43)) - raft.server.snapshot.auto.trigger.enabled = true (custom)
2019-07-16 15:42:27,263 INFO  server.RaftServerConfigKeys (ConfUtils.java:logGet(43)) - raft.server.snapshot.auto.trigger.threshold = 10000 (custom)
2019-07-16 15:42:27,263 INFO  server.RaftServerConfigKeys (ConfUtils.java:logGet(43)) - raft.server.retrycache.expirytime = 600000ms (custom)
2019-07-16 15:42:27,263 INFO  impl.RaftServerImpl (RaftServerImpl.java:start(180)) - eab4b452-7cde-48e1-ad5f-93aada3f67c1: start group-8642B740A51F
2019-07-16 15:42:27,263 INFO  impl.RaftServerImpl (RaftServerImpl.java:setRole(171)) - eab4b452-7cde-48e1-ad5f-93aada3f67c1:group-8642B740A51F changes role from null to FOLLOWER at term 0 for startAsFollower
2019-07-16 15:42:27,263 INFO  impl.RoleInfo (RoleInfo.java:updateAndGet(143)) - eab4b452-7cde-48e1-ad5f-93aada3f67c1: start FollowerState
2019-07-16 15:42:27,264 INFO  util.JmxRegister (JmxRegister.java:tryRegister(44)) - Successfully registered JMX Bean with object name Ratis:service=RaftServer,group=group-8642B740A51F,id=eab4b452-7cde-48e1-ad5f-93aada3f67c1
2019-07-16 15:42:27,269 INFO  pipeline.PipelineStateManager (PipelineStateManager.java:addPipeline(56)) - Created pipeline Pipeline[ Id: b7714ba3-9a81-4bb3-8410-8642b740a51f, Nodes: eab4b452-7cde-48e1-ad5f-93aada3f67c1{ip: 192.168.69.88, host: trunk-nightly-kgw5x-1882989438, networkLocation: /default-rack, certSerialId: null}, Type:RATIS, Factor:ONE, State:OPEN]
2019-07-16 15:42:27,283 INFO  impl.RaftServerProxy (RaftServerProxy.java:addNew(89)) - b6cabe97-db9a-4a69-907a-1cb6b9206666: addNew group-85568D8F1DA0:[eab4b452-7cde-48e1-ad5f-93aada3f67c1:192.168.69.88:35899, b6cabe97-db9a-4a69-907a-1cb6b9206666:192.168.69.88:39102, 1d28faee-d621-49d2-9605-69824b6a2a71:192.168.69.88:44963] returns group-85568D8F1DA0:java.util.concurrent.CompletableFuture@6444c7e4[Not completed]
2019-07-16 15:42:27,283 INFO  impl.RaftServerProxy (RaftServerProxy.java:addNew(89)) - eab4b452-7cde-48e1-ad5f-93aada3f67c1: addNew group-85568D8F1DA0:[eab4b452-7cde-48e1-ad5f-93aada3f67c1:192.168.69.88:35899, b6cabe97-db9a-4a69-907a-1cb6b9206666:192.168.69.88:39102, 1d28faee-d621-49d2-9605-69824b6a2a71:192.168.69.88:44963] returns group-85568D8F1DA0:java.util.concurrent.CompletableFuture@3c6a5c17[Not completed]
2019-07-16 15:42:27,283 INFO  impl.RaftServerProxy (RaftServerProxy.java:addNew(89)) - 1d28faee-d621-49d2-9605-69824b6a2a71: addNew group-85568D8F1DA0:[eab4b452-7cde-48e1-ad5f-93aada3f67c1:192.168.69.88:35899, b6cabe97-db9a-4a69-907a-1cb6b9206666:192.168.69.88:39102, 1d28faee-d621-49d2-9605-69824b6a2a71:192.168.69.88:44963] returns group-85568D8F1DA0:java.util.concurrent.CompletableFuture@73bfde62[Not completed]
2019-07-16 15:42:27,284 INFO  impl.RaftServerImpl (RaftServerImpl.java:<init>(93)) - b6cabe97-db9a-4a69-907a-1cb6b9206666: new RaftServerImpl for group-85568D8F1DA0:[eab4b452-7cde-48e1-ad5f-93aada3f67c1:192.168.69.88:35899, b6cabe97-db9a-4a69-907a-1cb6b9206666:192.168.69.88:39102, 1d28faee-d621-49d2-9605-69824b6a2a71:192.168.69.88:44963] with ContainerStateMachine:uninitialized
2019-07-16 15:42:27,284 INFO  server.RaftServerConfigKeys (ConfUtils.java:logGet(43)) - raft.server.rpc.timeout.min = 5s (custom)
2019-07-16 15:42:27,284 INFO  server.RaftServerConfigKeys (ConfUtils.java:logGet(43)) - raft.server.rpc.timeout.max = 5200ms (custom)
2019-07-16 15:42:27,284 INFO  impl.RaftServerImpl (RaftServerImpl.java:<init>(93)) - eab4b452-7cde-48e1-ad5f-93aada3f67c1: new RaftServerImpl for group-85568D8F1DA0:[eab4b452-7cde-48e1-ad5f-93aada3f67c1:192.168.69.88:35899, b6cabe97-db9a-4a69-907a-1cb6b9206666:192.168.69.88:39102, 1d28faee-d621-49d2-9605-69824b6a2a71:192.168.69.88:44963] with ContainerStateMachine:uninitialized
2019-07-16 15:42:27,284 INFO  server.RaftServerConfigKeys (ConfUtils.java:logGet(43)) - raft.server.rpcslowness.timeout = 120s (custom)
2019-07-16 15:42:27,284 INFO  server.RaftServerConfigKeys (ConfUtils.java:logGet(43)) - raft.server.rpc.timeout.min = 5s (custom)
2019-07-16 15:42:27,285 INFO  server.RaftServerConfigKeys (ConfUtils.java:logGet(43)) - raft.server.sleep.deviation.threshold = 300 (default)
2019-07-16 15:42:27,285 INFO  impl.RaftServerImpl (RaftServerImpl.java:<init>(93)) - 1d28faee-d621-49d2-9605-69824b6a2a71: new RaftServerImpl for group-85568D8F1DA0:[eab4b452-7cde-48e1-ad5f-93aada3f67c1:192.168.69.88:35899, b6cabe97-db9a-4a69-907a-1cb6b9206666:192.168.69.88:39102, 1d28faee-d621-49d2-9605-69824b6a2a71:192.168.69.88:44963] with ContainerStateMachine:uninitialized
2019-07-16 15:42:27,285 INFO  server.RaftServerConfigKeys (ConfUtils.java:logGet(43)) - raft.server.rpc.timeout.max = 5200ms (custom)
2019-07-16 15:42:27,285 INFO  server.RaftServerConfigKeys (ConfUtils.java:logGet(43)) - raft.server.rpc.timeout.min = 5s (custom)
2019-07-16 15:42:27,285 INFO  server.RaftServerConfigKeys (ConfUtils.java:logGet(43)) - raft.server.rpc.timeout.max = 5200ms (custom)
2019-07-16 15:42:27,285 INFO  server.RaftServerConfigKeys (ConfUtils.java:logGet(43)) - raft.server.log.appender.install.snapshot.enabled = false (custom)
2019-07-16 15:42:27,285 INFO  server.RaftServerConfigKeys (ConfUtils.java:logGet(43)) - raft.server.rpcslowness.timeout = 120s (custom)
2019-07-16 15:42:27,286 INFO  server.RaftServerConfigKeys (ConfUtils.java:logGet(43)) - raft.server.sleep.deviation.threshold = 300 (default)
2019-07-16 15:42:27,285 INFO  server.RaftServerConfigKeys (ConfUtils.java:logGet(43)) - raft.server.rpcslowness.timeout = 120s (custom)
2019-07-16 15:42:27,286 INFO  server.RaftServerConfigKeys (ConfUtils.java:logGet(43)) - raft.server.log.appender.install.snapshot.enabled = false (custom)
2019-07-16 15:42:27,286 INFO  impl.RaftServerImpl (ServerState.java:<init>(105)) - b6cabe97-db9a-4a69-907a-1cb6b9206666:group-85568D8F1DA0 ConfigurationManager, init=-1: [eab4b452-7cde-48e1-ad5f-93aada3f67c1:192.168.69.88:35899, b6cabe97-db9a-4a69-907a-1cb6b9206666:192.168.69.88:39102, 1d28faee-d621-49d2-9605-69824b6a2a71:192.168.69.88:44963], old=null, confs=<EMPTY_MAP>
2019-07-16 15:42:27,286 INFO  impl.RaftServerImpl (ServerState.java:<init>(105)) - 1d28faee-d621-49d2-9605-69824b6a2a71:group-85568D8F1DA0 ConfigurationManager, init=-1: [eab4b452-7cde-48e1-ad5f-93aada3f67c1:192.168.69.88:35899, b6cabe97-db9a-4a69-907a-1cb6b9206666:192.168.69.88:39102, 1d28faee-d621-49d2-9605-69824b6a2a71:192.168.69.88:44963], old=null, confs=<EMPTY_MAP>
2019-07-16 15:42:27,286 INFO  server.RaftServerConfigKeys (ConfUtils.java:logGet(43)) - raft.server.sleep.deviation.threshold = 300 (default)
2019-07-16 15:42:27,287 INFO  server.RaftServerConfigKeys (ConfUtils.java:logGet(43)) - raft.server.storage.dir = [/workdir/hadoop-ozone/integration-test/target/test-dir/MiniOzoneClusterImpl-b07bb8e2-099d-4112-93c2-49344ba21f2d/datanode-0/data/ratis] (custom)
2019-07-16 15:42:27,286 INFO  server.RaftServerConfigKeys (ConfUtils.java:logGet(43)) - raft.server.storage.dir = [/workdir/hadoop-ozone/integration-test/target/test-dir/MiniOzoneClusterImpl-b07bb8e2-099d-4112-93c2-49344ba21f2d/datanode-1/data/ratis] (custom)
2019-07-16 15:42:27,287 INFO  server.RaftServerConfigKeys (ConfUtils.java:logGet(43)) - raft.server.log.appender.install.snapshot.enabled = false (custom)
2019-07-16 15:42:27,287 INFO  impl.RaftServerImpl (ServerState.java:<init>(105)) - eab4b452-7cde-48e1-ad5f-93aada3f67c1:group-85568D8F1DA0 ConfigurationManager, init=-1: [eab4b452-7cde-48e1-ad5f-93aada3f67c1:192.168.69.88:35899, b6cabe97-db9a-4a69-907a-1cb6b9206666:192.168.69.88:39102, 1d28faee-d621-49d2-9605-69824b6a2a71:192.168.69.88:44963], old=null, confs=<EMPTY_MAP>
2019-07-16 15:42:27,287 INFO  storage.RaftStorageDirectory (RaftStorageDirectory.java:analyzeStorage(246)) - The storage directory /workdir/hadoop-ozone/integration-test/target/test-dir/MiniOzoneClusterImpl-b07bb8e2-099d-4112-93c2-49344ba21f2d/datanode-1/data/ratis/6870142d-fae1-436e-9f72-85568d8f1da0 does not exist. Creating ...
2019-07-16 15:42:27,287 INFO  storage.RaftStorageDirectory (RaftStorageDirectory.java:analyzeStorage(246)) - The storage directory /workdir/hadoop-ozone/integration-test/target/test-dir/MiniOzoneClusterImpl-b07bb8e2-099d-4112-93c2-49344ba21f2d/datanode-0/data/ratis/6870142d-fae1-436e-9f72-85568d8f1da0 does not exist. Creating ...
2019-07-16 15:42:27,287 INFO  server.RaftServerConfigKeys (ConfUtils.java:logGet(43)) - raft.server.storage.dir = [/workdir/hadoop-ozone/integration-test/target/test-dir/MiniOzoneClusterImpl-b07bb8e2-099d-4112-93c2-49344ba21f2d/datanode-2/data/ratis] (custom)
2019-07-16 15:42:27,288 INFO  storage.RaftStorageDirectory (RaftStorageDirectory.java:analyzeStorage(246)) - The storage directory /workdir/hadoop-ozone/integration-test/target/test-dir/MiniOzoneClusterImpl-b07bb8e2-099d-4112-93c2-49344ba21f2d/datanode-2/data/ratis/6870142d-fae1-436e-9f72-85568d8f1da0 does not exist. Creating ...
2019-07-16 15:42:27,300 INFO  storage.RaftStorageDirectory (RaftStorageDirectory.java:tryLock(328)) - Lock on /workdir/hadoop-ozone/integration-test/target/test-dir/MiniOzoneClusterImpl-b07bb8e2-099d-4112-93c2-49344ba21f2d/datanode-0/data/ratis/6870142d-fae1-436e-9f72-85568d8f1da0/in_use.lock acquired by nodename 18277@trunk-nightly-kgw5x-1882989438
2019-07-16 15:42:27,300 INFO  storage.RaftStorageDirectory (RaftStorageDirectory.java:tryLock(328)) - Lock on /workdir/hadoop-ozone/integration-test/target/test-dir/MiniOzoneClusterImpl-b07bb8e2-099d-4112-93c2-49344ba21f2d/datanode-2/data/ratis/6870142d-fae1-436e-9f72-85568d8f1da0/in_use.lock acquired by nodename 18277@trunk-nightly-kgw5x-1882989438
2019-07-16 15:42:27,300 INFO  storage.RaftStorageDirectory (RaftStorageDirectory.java:tryLock(328)) - Lock on /workdir/hadoop-ozone/integration-test/target/test-dir/MiniOzoneClusterImpl-b07bb8e2-099d-4112-93c2-49344ba21f2d/datanode-1/data/ratis/6870142d-fae1-436e-9f72-85568d8f1da0/in_use.lock acquired by nodename 18277@trunk-nightly-kgw5x-1882989438
2019-07-16 15:42:27,318 INFO  storage.RaftStorage (RaftStorage.java:format(72)) - Storage directory /workdir/hadoop-ozone/integration-test/target/test-dir/MiniOzoneClusterImpl-b07bb8e2-099d-4112-93c2-49344ba21f2d/datanode-0/data/ratis/6870142d-fae1-436e-9f72-85568d8f1da0 has been successfully formatted.
2019-07-16 15:42:27,318 INFO  storage.RaftStorage (RaftStorage.java:format(72)) - Storage directory /workdir/hadoop-ozone/integration-test/target/test-dir/MiniOzoneClusterImpl-b07bb8e2-099d-4112-93c2-49344ba21f2d/datanode-1/data/ratis/6870142d-fae1-436e-9f72-85568d8f1da0 has been successfully formatted.
2019-07-16 15:42:27,318 INFO  storage.RaftStorage (RaftStorage.java:format(72)) - Storage directory /workdir/hadoop-ozone/integration-test/target/test-dir/MiniOzoneClusterImpl-b07bb8e2-099d-4112-93c2-49344ba21f2d/datanode-2/data/ratis/6870142d-fae1-436e-9f72-85568d8f1da0 has been successfully formatted.
2019-07-16 15:42:27,319 INFO  ratis.ContainerStateMachine (ContainerStateMachine.java:loadSnapshot(200)) - group-85568D8F1DA0: The snapshot info is null. Setting the last applied indexto:(t:0, i:~)
2019-07-16 15:42:27,318 INFO  ratis.ContainerStateMachine (ContainerStateMachine.java:loadSnapshot(200)) - group-85568D8F1DA0: The snapshot info is null. Setting the last applied indexto:(t:0, i:~)
2019-07-16 15:42:27,319 INFO  server.RaftServerConfigKeys (ConfUtils.java:logGet(43)) - raft.server.leader.election.timeout = 120s (custom)
2019-07-16 15:42:27,319 INFO  ratis.ContainerStateMachine (ContainerStateMachine.java:loadSnapshot(200)) - group-85568D8F1DA0: The snapshot info is null. Setting the last applied indexto:(t:0, i:~)
2019-07-16 15:42:27,319 INFO  server.RaftServerConfigKeys (ConfUtils.java:logGet(43)) - raft.server.log.use.memory = false (default)
2019-07-16 15:42:27,319 INFO  server.RaftServerConfigKeys (ConfUtils.java:logGet(43)) - raft.server.leader.election.timeout = 120s (custom)
2019-07-16 15:42:27,319 INFO  server.RaftServerConfigKeys (ConfUtils.java:logGet(43)) - raft.server.log.purge.gap = 1000000000 (custom)
2019-07-16 15:42:27,319 INFO  server.RaftServerConfigKeys (ConfUtils.java:logGet(43)) - raft.server.leader.election.timeout = 120s (custom)
2019-07-16 15:42:27,320 INFO  server.RaftServerConfigKeys (ConfUtils.java:logGet(43)) - raft.server.log.appender.buffer.byte-limit = 33554432 (custom)
2019-07-16 15:42:27,320 INFO  server.RaftServerConfigKeys (ConfUtils.java:logGet(43)) - raft.server.log.use.memory = false (default)
2019-07-16 15:42:27,320 INFO  server.RaftServerConfigKeys (ConfUtils.java:logGet(43)) - raft.server.log.segment.size.max = 1048576 (custom)
2019-07-16 15:42:27,320 INFO  server.RaftServerConfigKeys (ConfUtils.java:logGet(43)) - raft.server.log.use.memory = false (default)
2019-07-16 15:42:27,320 INFO  server.RaftServerConfigKeys (ConfUtils.java:logGet(43)) - raft.server.log.segment.cache.num.max = 2 (custom)
2019-07-16 15:42:27,320 INFO  server.RaftServerConfigKeys (ConfUtils.java:logGet(43)) - raft.server.log.purge.gap = 1000000000 (custom)
2019-07-16 15:42:27,321 INFO  segmented.SegmentedRaftLogWorker (SegmentedRaftLogWorker.java:<init>(172)) - new b6cabe97-db9a-4a69-907a-1cb6b9206666-SegmentedRaftLogWorker:Storage Directory /workdir/hadoop-ozone/integration-test/target/test-dir/MiniOzoneClusterImpl-b07bb8e2-099d-4112-93c2-49344ba21f2d/datanode-1/data/ratis/6870142d-fae1-436e-9f72-85568d8f1da0 for RaftStorage:Storage Directory /workdir/hadoop-ozone/integration-test/target/test-dir/MiniOzoneClusterImpl-b07bb8e2-099d-4112-93c2-49344ba21f2d/datanode-1/data/ratis/6870142d-fae1-436e-9f72-85568d8f1da0
2019-07-16 15:42:27,321 INFO  server.RaftServerConfigKeys (ConfUtils.java:logGet(43)) - raft.server.log.purge.gap = 1000000000 (custom)
2019-07-16 15:42:27,321 INFO  server.RaftServerConfigKeys (ConfUtils.java:logGet(43)) - raft.server.log.queue.byte-limit = 2147483647 (custom)
2019-07-16 15:42:27,321 INFO  server.RaftServerConfigKeys (ConfUtils.java:logGet(43)) - raft.server.log.appender.buffer.byte-limit = 33554432 (custom)
2019-07-16 15:42:27,321 INFO  server.RaftServerConfigKeys (ConfUtils.java:logGet(43)) - raft.server.log.queue.element-limit = 1024 (custom)
2019-07-16 15:42:27,321 INFO  server.RaftServerConfigKeys (ConfUtils.java:logGet(43)) - raft.server.log.appender.buffer.byte-limit = 33554432 (custom)
2019-07-16 15:42:27,322 INFO  server.RaftServerConfigKeys (ConfUtils.java:logGet(43)) - raft.server.log.segment.size.max = 1048576 (custom)
2019-07-16 15:42:27,322 INFO  server.RaftServerConfigKeys (ConfUtils.java:logGet(43)) - raft.server.log.segment.size.max = 1048576 (custom)
2019-07-16 15:42:27,322 INFO  server.RaftServerConfigKeys (ConfUtils.java:logGet(43)) - raft.server.log.preallocated.size = 16384 (custom)
2019-07-16 15:42:27,322 INFO  server.RaftServerConfigKeys (ConfUtils.java:logGet(43)) - raft.server.log.write.buffer.size = 33554432 (custom)
2019-07-16 15:42:27,322 INFO  server.RaftServerConfigKeys (ConfUtils.java:logGet(43)) - raft.server.log.segment.size.max = 1048576 (custom)
2019-07-16 15:42:27,322 INFO  server.RaftServerConfigKeys (ConfUtils.java:logGet(43)) - raft.server.log.force.sync.num = 128 (default)
2019-07-16 15:42:27,323 INFO  server.RaftServerConfigKeys (ConfUtils.java:logGet(43)) - raft.server.log.statemachine.data.sync = true (default)
2019-07-16 15:42:27,322 INFO  server.RaftServerConfigKeys (ConfUtils.java:logGet(43)) - raft.server.log.segment.cache.num.max = 2 (custom)
2019-07-16 15:42:27,323 INFO  server.RaftServerConfigKeys (ConfUtils.java:logGet(43)) - raft.server.log.statemachine.data.sync.timeout = 10s (default)
2019-07-16 15:42:27,323 INFO  server.RaftServerConfigKeys (ConfUtils.java:logGet(43)) - raft.server.log.statemachine.data.sync.timeout.retry = -1 (default)
2019-07-16 15:42:27,323 INFO  server.RaftServerConfigKeys (ConfUtils.java:logGet(43)) - raft.server.log.segment.cache.num.max = 2 (custom)
2019-07-16 15:42:27,323 INFO  server.RaftServerConfigKeys (ConfUtils.java:logGet(43)) - raft.server.log.statemachine.data.caching.enabled = true (custom)
2019-07-16 15:42:27,323 INFO  segmented.SegmentedRaftLogWorker (SegmentedRaftLogWorker.java:<init>(172)) - new 1d28faee-d621-49d2-9605-69824b6a2a71-SegmentedRaftLogWorker:Storage Directory /workdir/hadoop-ozone/integration-test/target/test-dir/MiniOzoneClusterImpl-b07bb8e2-099d-4112-93c2-49344ba21f2d/datanode-0/data/ratis/6870142d-fae1-436e-9f72-85568d8f1da0 for RaftStorage:Storage Directory /workdir/hadoop-ozone/integration-test/target/test-dir/MiniOzoneClusterImpl-b07bb8e2-099d-4112-93c2-49344ba21f2d/datanode-0/data/ratis/6870142d-fae1-436e-9f72-85568d8f1da0
2019-07-16 15:42:27,324 INFO  segmented.SegmentedRaftLogWorker (SegmentedRaftLogWorker.java:lambda$new$0(132)) - b6cabe97-db9a-4a69-907a-1cb6b9206666-SegmentedRaftLogWorker:Storage Directory /workdir/hadoop-ozone/integration-test/target/test-dir/MiniOzoneClusterImpl-b07bb8e2-099d-4112-93c2-49344ba21f2d/datanode-1/data/ratis/6870142d-fae1-436e-9f72-85568d8f1da0: flushIndex: setUnconditionally 0 -> -1
2019-07-16 15:42:27,324 INFO  segmented.SegmentedRaftLogWorker (SegmentedRaftLogWorker.java:<init>(172)) - new eab4b452-7cde-48e1-ad5f-93aada3f67c1-SegmentedRaftLogWorker:Storage Directory /workdir/hadoop-ozone/integration-test/target/test-dir/MiniOzoneClusterImpl-b07bb8e2-099d-4112-93c2-49344ba21f2d/datanode-2/data/ratis/6870142d-fae1-436e-9f72-85568d8f1da0 for RaftStorage:Storage Directory /workdir/hadoop-ozone/integration-test/target/test-dir/MiniOzoneClusterImpl-b07bb8e2-099d-4112-93c2-49344ba21f2d/datanode-2/data/ratis/6870142d-fae1-436e-9f72-85568d8f1da0
2019-07-16 15:42:27,324 INFO  server.RaftServerConfigKeys (ConfUtils.java:logGet(43)) - raft.server.log.queue.byte-limit = 2147483647 (custom)
2019-07-16 15:42:27,324 INFO  server.RaftServerConfigKeys (ConfUtils.java:logGet(43)) - raft.server.snapshot.auto.trigger.enabled = true (custom)
2019-07-16 15:42:27,324 INFO  server.RaftServerConfigKeys (ConfUtils.java:logGet(43)) - raft.server.log.queue.byte-limit = 2147483647 (custom)
2019-07-16 15:42:27,325 INFO  server.RaftServerConfigKeys (ConfUtils.java:logGet(43)) - raft.server.snapshot.auto.trigger.threshold = 10000 (custom)
2019-07-16 15:42:27,325 INFO  server.RaftServerConfigKeys (ConfUtils.java:logGet(43)) - raft.server.retrycache.expirytime = 600000ms (custom)
2019-07-16 15:42:27,325 INFO  server.RaftServerConfigKeys (ConfUtils.java:logGet(43)) - raft.server.log.queue.element-limit = 1024 (custom)
2019-07-16 15:42:27,325 INFO  impl.RaftServerImpl (RaftServerImpl.java:start(180)) - b6cabe97-db9a-4a69-907a-1cb6b9206666: start group-85568D8F1DA0
2019-07-16 15:42:27,326 INFO  impl.RaftServerImpl (RaftServerImpl.java:setRole(171)) - b6cabe97-db9a-4a69-907a-1cb6b9206666:group-85568D8F1DA0 changes role from null to FOLLOWER at term 0 for startAsFollower
2019-07-16 15:42:27,325 INFO  server.RaftServerConfigKeys (ConfUtils.java:logGet(43)) - raft.server.log.queue.element-limit = 1024 (custom)
2019-07-16 15:42:27,326 INFO  impl.RoleInfo (RoleInfo.java:updateAndGet(143)) - b6cabe97-db9a-4a69-907a-1cb6b9206666: start FollowerState
2019-07-16 15:42:27,326 INFO  server.RaftServerConfigKeys (ConfUtils.java:logGet(43)) - raft.server.log.segment.size.max = 1048576 (custom)
2019-07-16 15:42:27,326 INFO  server.RaftServerConfigKeys (ConfUtils.java:logGet(43)) - raft.server.log.segment.size.max = 1048576 (custom)
2019-07-16 15:42:27,326 INFO  server.RaftServerConfigKeys (ConfUtils.java:logGet(43)) - raft.server.log.preallocated.size = 16384 (custom)
2019-07-16 15:42:27,326 INFO  util.JmxRegister (JmxRegister.java:tryRegister(44)) - Successfully registered JMX Bean with object name Ratis:service=RaftServer,group=group-85568D8F1DA0,id=b6cabe97-db9a-4a69-907a-1cb6b9206666
2019-07-16 15:42:27,327 INFO  server.RaftServerConfigKeys (ConfUtils.java:logGet(43)) - raft.server.log.write.buffer.size = 33554432 (custom)
2019-07-16 15:42:27,327 INFO  server.RaftServerConfigKeys (ConfUtils.java:logGet(43)) - raft.server.log.preallocated.size = 16384 (custom)
2019-07-16 15:42:27,327 INFO  server.RaftServerConfigKeys (ConfUtils.java:logGet(43)) - raft.server.log.force.sync.num = 128 (default)
2019-07-16 15:42:27,327 INFO  server.RaftServerConfigKeys (ConfUtils.java:logGet(43)) - raft.server.log.write.buffer.size = 33554432 (custom)
2019-07-16 15:42:27,328 INFO  server.RaftServerConfigKeys (ConfUtils.java:logGet(43)) - raft.server.log.statemachine.data.sync = true (default)
2019-07-16 15:42:27,328 INFO  server.RaftServerConfigKeys (ConfUtils.java:logGet(43)) - raft.server.log.force.sync.num = 128 (default)
2019-07-16 15:42:27,328 INFO  server.RaftServerConfigKeys (ConfUtils.java:logGet(43)) - raft.server.log.statemachine.data.sync.timeout = 10s (default)
2019-07-16 15:42:27,328 INFO  server.RaftServerConfigKeys (ConfUtils.java:logGet(43)) - raft.server.log.statemachine.data.sync = true (default)
2019-07-16 15:42:27,332 INFO  server.RaftServerConfigKeys (ConfUtils.java:logGet(43)) - raft.server.log.statemachine.data.sync.timeout.retry = -1 (default)
2019-07-16 15:42:27,332 INFO  server.RaftServerConfigKeys (ConfUtils.java:logGet(43)) - raft.server.log.statemachine.data.sync.timeout = 10s (default)
2019-07-16 15:42:27,332 INFO  server.RaftServerConfigKeys (ConfUtils.java:logGet(43)) - raft.server.log.statemachine.data.caching.enabled = true (custom)
2019-07-16 15:42:27,332 INFO  server.RaftServerConfigKeys (ConfUtils.java:logGet(43)) - raft.server.log.statemachine.data.sync.timeout.retry = -1 (default)
2019-07-16 15:42:27,333 INFO  segmented.SegmentedRaftLogWorker (SegmentedRaftLogWorker.java:lambda$new$0(132)) - 1d28faee-d621-49d2-9605-69824b6a2a71-SegmentedRaftLogWorker:Storage Directory /workdir/hadoop-ozone/integration-test/target/test-dir/MiniOzoneClusterImpl-b07bb8e2-099d-4112-93c2-49344ba21f2d/datanode-0/data/ratis/6870142d-fae1-436e-9f72-85568d8f1da0: flushIndex: setUnconditionally 0 -> -1
2019-07-16 15:42:27,333 INFO  server.RaftServerConfigKeys (ConfUtils.java:logGet(43)) - raft.server.log.statemachine.data.caching.enabled = true (custom)
2019-07-16 15:42:27,333 INFO  server.RaftServerConfigKeys (ConfUtils.java:logGet(43)) - raft.server.snapshot.auto.trigger.enabled = true (custom)
2019-07-16 15:42:27,333 INFO  segmented.SegmentedRaftLogWorker (SegmentedRaftLogWorker.java:lambda$new$0(132)) - eab4b452-7cde-48e1-ad5f-93aada3f67c1-SegmentedRaftLogWorker:Storage Directory /workdir/hadoop-ozone/integration-test/target/test-dir/MiniOzoneClusterImpl-b07bb8e2-099d-4112-93c2-49344ba21f2d/datanode-2/data/ratis/6870142d-fae1-436e-9f72-85568d8f1da0: flushIndex: setUnconditionally 0 -> -1
2019-07-16 15:42:27,333 INFO  server.RaftServerConfigKeys (ConfUtils.java:logGet(43)) - raft.server.snapshot.auto.trigger.threshold = 10000 (custom)
2019-07-16 15:42:27,333 INFO  server.RaftServerConfigKeys (ConfUtils.java:logGet(43)) - raft.server.retrycache.expirytime = 600000ms (custom)
2019-07-16 15:42:27,333 INFO  server.RaftServerConfigKeys (ConfUtils.java:logGet(43)) - raft.server.snapshot.auto.trigger.enabled = true (custom)
2019-07-16 15:42:27,334 INFO  impl.RaftServerImpl (RaftServerImpl.java:start(180)) - 1d28faee-d621-49d2-9605-69824b6a2a71: start group-85568D8F1DA0
2019-07-16 15:42:27,334 INFO  server.RaftServerConfigKeys (ConfUtils.java:logGet(43)) - raft.server.snapshot.auto.trigger.threshold = 10000 (custom)
2019-07-16 15:42:27,334 INFO  impl.RaftServerImpl (RaftServerImpl.java:setRole(171)) - 1d28faee-d621-49d2-9605-69824b6a2a71:group-85568D8F1DA0 changes role from null to FOLLOWER at term 0 for startAsFollower
2019-07-16 15:42:27,334 INFO  server.RaftServerConfigKeys (ConfUtils.java:logGet(43)) - raft.server.retrycache.expirytime = 600000ms (custom)
2019-07-16 15:42:27,334 INFO  impl.RoleInfo (RoleInfo.java:updateAndGet(143)) - 1d28faee-d621-49d2-9605-69824b6a2a71: start FollowerState
2019-07-16 15:42:27,334 INFO  impl.RaftServerImpl (RaftServerImpl.java:start(180)) - eab4b452-7cde-48e1-ad5f-93aada3f67c1: start group-85568D8F1DA0
2019-07-16 15:42:27,335 INFO  impl.RaftServerImpl (RaftServerImpl.java:setRole(171)) - eab4b452-7cde-48e1-ad5f-93aada3f67c1:group-85568D8F1DA0 changes role from null to FOLLOWER at term 0 for startAsFollower
2019-07-16 15:42:27,335 INFO  impl.RoleInfo (RoleInfo.java:updateAndGet(143)) - eab4b452-7cde-48e1-ad5f-93aada3f67c1: start FollowerState
2019-07-16 15:42:27,335 INFO  util.JmxRegister (JmxRegister.java:tryRegister(44)) - Successfully registered JMX Bean with object name Ratis:service=RaftServer,group=group-85568D8F1DA0,id=1d28faee-d621-49d2-9605-69824b6a2a71
2019-07-16 15:42:27,335 INFO  util.JmxRegister (JmxRegister.java:tryRegister(44)) - Successfully registered JMX Bean with object name Ratis:service=RaftServer,group=group-85568D8F1DA0,id=eab4b452-7cde-48e1-ad5f-93aada3f67c1
2019-07-16 15:42:27,341 INFO  pipeline.PipelineStateManager (PipelineStateManager.java:addPipeline(56)) - Created pipeline Pipeline[ Id: 6870142d-fae1-436e-9f72-85568d8f1da0, Nodes: eab4b452-7cde-48e1-ad5f-93aada3f67c1{ip: 192.168.69.88, host: trunk-nightly-kgw5x-1882989438, networkLocation: /default-rack, certSerialId: null}b6cabe97-db9a-4a69-907a-1cb6b9206666{ip: 192.168.69.88, host: trunk-nightly-kgw5x-1882989438, networkLocation: /default-rack, certSerialId: null}1d28faee-d621-49d2-9605-69824b6a2a71{ip: 192.168.69.88, host: trunk-nightly-kgw5x-1882989438, networkLocation: /default-rack, certSerialId: null}, Type:RATIS, Factor:THREE, State:OPEN]
2019-07-16 15:42:27,372 INFO  node.SCMNodeManager (SCMNodeManager.java:register(269)) - Registered Data node : 249489b4-a9bf-4bb8-b6bf-665e94975bf6{ip: 192.168.69.88, host: trunk-nightly-kgw5x-1882989438, networkLocation: /default-rack, certSerialId: null}
2019-07-16 15:42:27,379 INFO  impl.RaftServerProxy (RaftServerProxy.java:addNew(89)) - 249489b4-a9bf-4bb8-b6bf-665e94975bf6: addNew group-C331CF0AF1AC:[249489b4-a9bf-4bb8-b6bf-665e94975bf6:192.168.69.88:36950] returns group-C331CF0AF1AC:java.util.concurrent.CompletableFuture@1fa95e95[Not completed]
2019-07-16 15:42:27,380 INFO  impl.RaftServerImpl (RaftServerImpl.java:<init>(93)) - 249489b4-a9bf-4bb8-b6bf-665e94975bf6: new RaftServerImpl for group-C331CF0AF1AC:[249489b4-a9bf-4bb8-b6bf-665e94975bf6:192.168.69.88:36950] with ContainerStateMachine:uninitialized
2019-07-16 15:42:27,380 INFO  server.RaftServerConfigKeys (ConfUtils.java:logGet(43)) - raft.server.rpc.timeout.min = 5s (custom)
2019-07-16 15:42:27,380 INFO  server.RaftServerConfigKeys (ConfUtils.java:logGet(43)) - raft.server.rpc.timeout.max = 5200ms (custom)
2019-07-16 15:42:27,380 INFO  server.RaftServerConfigKeys (ConfUtils.java:logGet(43)) - raft.server.rpcslowness.timeout = 120s (custom)
2019-07-16 15:42:27,381 INFO  server.RaftServerConfigKeys (ConfUtils.java:logGet(43)) - raft.server.sleep.deviation.threshold = 300 (default)
2019-07-16 15:42:27,381 INFO  server.RaftServerConfigKeys (ConfUtils.java:logGet(43)) - raft.server.log.appender.install.snapshot.enabled = false (custom)
2019-07-16 15:42:27,381 INFO  impl.RaftServerImpl (ServerState.java:<init>(105)) - 249489b4-a9bf-4bb8-b6bf-665e94975bf6:group-C331CF0AF1AC ConfigurationManager, init=-1: [249489b4-a9bf-4bb8-b6bf-665e94975bf6:192.168.69.88:36950], old=null, confs=<EMPTY_MAP>
2019-07-16 15:42:27,381 INFO  server.RaftServerConfigKeys (ConfUtils.java:logGet(43)) - raft.server.storage.dir = [/workdir/hadoop-ozone/integration-test/target/test-dir/MiniOzoneClusterImpl-b07bb8e2-099d-4112-93c2-49344ba21f2d/datanode-3/data/ratis] (custom)
2019-07-16 15:42:27,382 INFO  storage.RaftStorageDirectory (RaftStorageDirectory.java:analyzeStorage(246)) - The storage directory /workdir/hadoop-ozone/integration-test/target/test-dir/MiniOzoneClusterImpl-b07bb8e2-099d-4112-93c2-49344ba21f2d/datanode-3/data/ratis/1e1497f8-bcc9-496c-ab4a-c331cf0af1ac does not exist. Creating ...
2019-07-16 15:42:27,404 INFO  storage.RaftStorageDirectory (RaftStorageDirectory.java:tryLock(328)) - Lock on /workdir/hadoop-ozone/integration-test/target/test-dir/MiniOzoneClusterImpl-b07bb8e2-099d-4112-93c2-49344ba21f2d/datanode-3/data/ratis/1e1497f8-bcc9-496c-ab4a-c331cf0af1ac/in_use.lock acquired by nodename 18277@trunk-nightly-kgw5x-1882989438
2019-07-16 15:42:27,426 INFO  storage.RaftStorage (RaftStorage.java:format(72)) - Storage directory /workdir/hadoop-ozone/integration-test/target/test-dir/MiniOzoneClusterImpl-b07bb8e2-099d-4112-93c2-49344ba21f2d/datanode-3/data/ratis/1e1497f8-bcc9-496c-ab4a-c331cf0af1ac has been successfully formatted.
2019-07-16 15:42:27,426 INFO  ratis.ContainerStateMachine (ContainerStateMachine.java:loadSnapshot(200)) - group-C331CF0AF1AC: The snapshot info is null. Setting the last applied indexto:(t:0, i:~)
2019-07-16 15:42:27,426 INFO  server.RaftServerConfigKeys (ConfUtils.java:logGet(43)) - raft.server.leader.election.timeout = 120s (custom)
2019-07-16 15:42:27,426 INFO  server.RaftServerConfigKeys (ConfUtils.java:logGet(43)) - raft.server.log.use.memory = false (default)
2019-07-16 15:42:27,426 INFO  server.RaftServerConfigKeys (ConfUtils.java:logGet(43)) - raft.server.log.purge.gap = 1000000000 (custom)
2019-07-16 15:42:27,426 INFO  server.RaftServerConfigKeys (ConfUtils.java:logGet(43)) - raft.server.log.appender.buffer.byte-limit = 33554432 (custom)
2019-07-16 15:42:27,427 INFO  server.RaftServerConfigKeys (ConfUtils.java:logGet(43)) - raft.server.log.segment.size.max = 1048576 (custom)
2019-07-16 15:42:27,427 INFO  server.RaftServerConfigKeys (ConfUtils.java:logGet(43)) - raft.server.log.segment.cache.num.max = 2 (custom)
2019-07-16 15:42:27,427 INFO  segmented.SegmentedRaftLogWorker (SegmentedRaftLogWorker.java:<init>(172)) - new 249489b4-a9bf-4bb8-b6bf-665e94975bf6-SegmentedRaftLogWorker:Storage Directory /workdir/hadoop-ozone/integration-test/target/test-dir/MiniOzoneClusterImpl-b07bb8e2-099d-4112-93c2-49344ba21f2d/datanode-3/data/ratis/1e1497f8-bcc9-496c-ab4a-c331cf0af1ac for RaftStorage:Storage Directory /workdir/hadoop-ozone/integration-test/target/test-dir/MiniOzoneClusterImpl-b07bb8e2-099d-4112-93c2-49344ba21f2d/datanode-3/data/ratis/1e1497f8-bcc9-496c-ab4a-c331cf0af1ac
2019-07-16 15:42:27,427 INFO  server.RaftServerConfigKeys (ConfUtils.java:logGet(43)) - raft.server.log.queue.byte-limit = 2147483647 (custom)
2019-07-16 15:42:27,427 INFO  server.RaftServerConfigKeys (ConfUtils.java:logGet(43)) - raft.server.log.queue.element-limit = 1024 (custom)
2019-07-16 15:42:27,427 INFO  server.RaftServerConfigKeys (ConfUtils.java:logGet(43)) - raft.server.log.segment.size.max = 1048576 (custom)
2019-07-16 15:42:27,428 INFO  server.RaftServerConfigKeys (ConfUtils.java:logGet(43)) - raft.server.log.preallocated.size = 16384 (custom)
2019-07-16 15:42:27,428 INFO  server.RaftServerConfigKeys (ConfUtils.java:logGet(43)) - raft.server.log.write.buffer.size = 33554432 (custom)
2019-07-16 15:42:27,428 INFO  server.RaftServerConfigKeys (ConfUtils.java:logGet(43)) - raft.server.log.force.sync.num = 128 (default)
2019-07-16 15:42:27,428 INFO  server.RaftServerConfigKeys (ConfUtils.java:logGet(43)) - raft.server.log.statemachine.data.sync = true (default)
2019-07-16 15:42:27,428 INFO  server.RaftServerConfigKeys (ConfUtils.java:logGet(43)) - raft.server.log.statemachine.data.sync.timeout = 10s (default)
2019-07-16 15:42:27,428 INFO  server.RaftServerConfigKeys (ConfUtils.java:logGet(43)) - raft.server.log.statemachine.data.sync.timeout.retry = -1 (default)
2019-07-16 15:42:27,429 INFO  server.RaftServerConfigKeys (ConfUtils.java:logGet(43)) - raft.server.log.statemachine.data.caching.enabled = true (custom)
2019-07-16 15:42:27,429 INFO  segmented.SegmentedRaftLogWorker (SegmentedRaftLogWorker.java:lambda$new$0(132)) - 249489b4-a9bf-4bb8-b6bf-665e94975bf6-SegmentedRaftLogWorker:Storage Directory /workdir/hadoop-ozone/integration-test/target/test-dir/MiniOzoneClusterImpl-b07bb8e2-099d-4112-93c2-49344ba21f2d/datanode-3/data/ratis/1e1497f8-bcc9-496c-ab4a-c331cf0af1ac: flushIndex: setUnconditionally 0 -> -1
2019-07-16 15:42:27,429 INFO  server.RaftServerConfigKeys (ConfUtils.java:logGet(43)) - raft.server.snapshot.auto.trigger.enabled = true (custom)
2019-07-16 15:42:27,429 INFO  server.RaftServerConfigKeys (ConfUtils.java:logGet(43)) - raft.server.snapshot.auto.trigger.threshold = 10000 (custom)
2019-07-16 15:42:27,430 INFO  server.RaftServerConfigKeys (ConfUtils.java:logGet(43)) - raft.server.retrycache.expirytime = 600000ms (custom)
2019-07-16 15:42:27,430 INFO  impl.RaftServerImpl (RaftServerImpl.java:start(180)) - 249489b4-a9bf-4bb8-b6bf-665e94975bf6: start group-C331CF0AF1AC
2019-07-16 15:42:27,430 INFO  impl.RaftServerImpl (RaftServerImpl.java:setRole(171)) - 249489b4-a9bf-4bb8-b6bf-665e94975bf6:group-C331CF0AF1AC changes role from null to FOLLOWER at term 0 for startAsFollower
2019-07-16 15:42:27,430 INFO  impl.RoleInfo (RoleInfo.java:updateAndGet(143)) - 249489b4-a9bf-4bb8-b6bf-665e94975bf6: start FollowerState
2019-07-16 15:42:27,446 INFO  util.JmxRegister (JmxRegister.java:tryRegister(44)) - Successfully registered JMX Bean with object name Ratis:service=RaftServer,group=group-C331CF0AF1AC,id=249489b4-a9bf-4bb8-b6bf-665e94975bf6
2019-07-16 15:42:27,460 INFO  pipeline.PipelineStateManager (PipelineStateManager.java:addPipeline(56)) - Created pipeline Pipeline[ Id: 1e1497f8-bcc9-496c-ab4a-c331cf0af1ac, Nodes: 249489b4-a9bf-4bb8-b6bf-665e94975bf6{ip: 192.168.69.88, host: trunk-nightly-kgw5x-1882989438, networkLocation: /default-rack, certSerialId: null}, Type:RATIS, Factor:ONE, State:OPEN]
2019-07-16 15:42:27,541 INFO  node.SCMNodeManager (SCMNodeManager.java:register(269)) - Registered Data node : 9313a0f7-98a1-461c-840d-c36ea641d6aa{ip: 192.168.69.88, host: trunk-nightly-kgw5x-1882989438, networkLocation: /default-rack, certSerialId: null}
2019-07-16 15:42:27,549 INFO  impl.RaftServerProxy (RaftServerProxy.java:addNew(89)) - 9313a0f7-98a1-461c-840d-c36ea641d6aa: addNew group-68CAA7D86BF3:[9313a0f7-98a1-461c-840d-c36ea641d6aa:192.168.69.88:40707] returns group-68CAA7D86BF3:java.util.concurrent.CompletableFuture@6759361a[Not completed]
2019-07-16 15:42:27,550 INFO  impl.RaftServerImpl (RaftServerImpl.java:<init>(93)) - 9313a0f7-98a1-461c-840d-c36ea641d6aa: new RaftServerImpl for group-68CAA7D86BF3:[9313a0f7-98a1-461c-840d-c36ea641d6aa:192.168.69.88:40707] with ContainerStateMachine:uninitialized
2019-07-16 15:42:27,550 INFO  server.RaftServerConfigKeys (ConfUtils.java:logGet(43)) - raft.server.rpc.timeout.min = 5s (custom)
2019-07-16 15:42:27,550 INFO  server.RaftServerConfigKeys (ConfUtils.java:logGet(43)) - raft.server.rpc.timeout.max = 5200ms (custom)
2019-07-16 15:42:27,550 INFO  server.RaftServerConfigKeys (ConfUtils.java:logGet(43)) - raft.server.rpcslowness.timeout = 120s (custom)
2019-07-16 15:42:27,550 INFO  server.RaftServerConfigKeys (ConfUtils.java:logGet(43)) - raft.server.sleep.deviation.threshold = 300 (default)
2019-07-16 15:42:27,551 INFO  server.RaftServerConfigKeys (ConfUtils.java:logGet(43)) - raft.server.log.appender.install.snapshot.enabled = false (custom)
2019-07-16 15:42:27,551 INFO  impl.RaftServerImpl (ServerState.java:<init>(105)) - 9313a0f7-98a1-461c-840d-c36ea641d6aa:group-68CAA7D86BF3 ConfigurationManager, init=-1: [9313a0f7-98a1-461c-840d-c36ea641d6aa:192.168.69.88:40707], old=null, confs=<EMPTY_MAP>
2019-07-16 15:42:27,551 INFO  server.RaftServerConfigKeys (ConfUtils.java:logGet(43)) - raft.server.storage.dir = [/workdir/hadoop-ozone/integration-test/target/test-dir/MiniOzoneClusterImpl-b07bb8e2-099d-4112-93c2-49344ba21f2d/datanode-4/data/ratis] (custom)
2019-07-16 15:42:27,551 INFO  storage.RaftStorageDirectory (RaftStorageDirectory.java:analyzeStorage(246)) - The storage directory /workdir/hadoop-ozone/integration-test/target/test-dir/MiniOzoneClusterImpl-b07bb8e2-099d-4112-93c2-49344ba21f2d/datanode-4/data/ratis/0aa3cdef-62b7-4f25-8fe0-68caa7d86bf3 does not exist. Creating ...
2019-07-16 15:42:27,577 INFO  storage.RaftStorageDirectory (RaftStorageDirectory.java:tryLock(328)) - Lock on /workdir/hadoop-ozone/integration-test/target/test-dir/MiniOzoneClusterImpl-b07bb8e2-099d-4112-93c2-49344ba21f2d/datanode-4/data/ratis/0aa3cdef-62b7-4f25-8fe0-68caa7d86bf3/in_use.lock acquired by nodename 18277@trunk-nightly-kgw5x-1882989438
2019-07-16 15:42:27,602 INFO  storage.RaftStorage (RaftStorage.java:format(72)) - Storage directory /workdir/hadoop-ozone/integration-test/target/test-dir/MiniOzoneClusterImpl-b07bb8e2-099d-4112-93c2-49344ba21f2d/datanode-4/data/ratis/0aa3cdef-62b7-4f25-8fe0-68caa7d86bf3 has been successfully formatted.
2019-07-16 15:42:27,603 INFO  ratis.ContainerStateMachine (ContainerStateMachine.java:loadSnapshot(200)) - group-68CAA7D86BF3: The snapshot info is null. Setting the last applied indexto:(t:0, i:~)
2019-07-16 15:42:27,603 INFO  server.RaftServerConfigKeys (ConfUtils.java:logGet(43)) - raft.server.leader.election.timeout = 120s (custom)
2019-07-16 15:42:27,603 INFO  server.RaftServerConfigKeys (ConfUtils.java:logGet(43)) - raft.server.log.use.memory = false (default)
2019-07-16 15:42:27,603 INFO  server.RaftServerConfigKeys (ConfUtils.java:logGet(43)) - raft.server.log.purge.gap = 1000000000 (custom)
2019-07-16 15:42:27,603 INFO  server.RaftServerConfigKeys (ConfUtils.java:logGet(43)) - raft.server.log.appender.buffer.byte-limit = 33554432 (custom)
2019-07-16 15:42:27,604 INFO  server.RaftServerConfigKeys (ConfUtils.java:logGet(43)) - raft.server.log.segment.size.max = 1048576 (custom)
2019-07-16 15:42:27,604 INFO  server.RaftServerConfigKeys (ConfUtils.java:logGet(43)) - raft.server.log.segment.cache.num.max = 2 (custom)
2019-07-16 15:42:27,604 INFO  segmented.SegmentedRaftLogWorker (SegmentedRaftLogWorker.java:<init>(172)) - new 9313a0f7-98a1-461c-840d-c36ea641d6aa-SegmentedRaftLogWorker:Storage Directory /workdir/hadoop-ozone/integration-test/target/test-dir/MiniOzoneClusterImpl-b07bb8e2-099d-4112-93c2-49344ba21f2d/datanode-4/data/ratis/0aa3cdef-62b7-4f25-8fe0-68caa7d86bf3 for RaftStorage:Storage Directory /workdir/hadoop-ozone/integration-test/target/test-dir/MiniOzoneClusterImpl-b07bb8e2-099d-4112-93c2-49344ba21f2d/datanode-4/data/ratis/0aa3cdef-62b7-4f25-8fe0-68caa7d86bf3
2019-07-16 15:42:27,604 INFO  server.RaftServerConfigKeys (ConfUtils.java:logGet(43)) - raft.server.log.queue.byte-limit = 2147483647 (custom)
2019-07-16 15:42:27,604 INFO  server.RaftServerConfigKeys (ConfUtils.java:logGet(43)) - raft.server.log.queue.element-limit = 1024 (custom)
2019-07-16 15:42:27,605 INFO  server.RaftServerConfigKeys (ConfUtils.java:logGet(43)) - raft.server.log.segment.size.max = 1048576 (custom)
2019-07-16 15:42:27,605 INFO  server.RaftServerConfigKeys (ConfUtils.java:logGet(43)) - raft.server.log.preallocated.size = 16384 (custom)
2019-07-16 15:42:27,605 INFO  server.RaftServerConfigKeys (ConfUtils.java:logGet(43)) - raft.server.log.write.buffer.size = 33554432 (custom)
2019-07-16 15:42:27,605 INFO  server.RaftServerConfigKeys (ConfUtils.java:logGet(43)) - raft.server.log.force.sync.num = 128 (default)
2019-07-16 15:42:27,605 INFO  server.RaftServerConfigKeys (ConfUtils.java:logGet(43)) - raft.server.log.statemachine.data.sync = true (default)
2019-07-16 15:42:27,606 INFO  server.RaftServerConfigKeys (ConfUtils.java:logGet(43)) - raft.server.log.statemachine.data.sync.timeout = 10s (default)
2019-07-16 15:42:27,606 INFO  server.RaftServerConfigKeys (ConfUtils.java:logGet(43)) - raft.server.log.statemachine.data.sync.timeout.retry = -1 (default)
2019-07-16 15:42:27,606 INFO  server.RaftServerConfigKeys (ConfUtils.java:logGet(43)) - raft.server.log.statemachine.data.caching.enabled = true (custom)
2019-07-16 15:42:27,606 INFO  segmented.SegmentedRaftLogWorker (SegmentedRaftLogWorker.java:lambda$new$0(132)) - 9313a0f7-98a1-461c-840d-c36ea641d6aa-SegmentedRaftLogWorker:Storage Directory /workdir/hadoop-ozone/integration-test/target/test-dir/MiniOzoneClusterImpl-b07bb8e2-099d-4112-93c2-49344ba21f2d/datanode-4/data/ratis/0aa3cdef-62b7-4f25-8fe0-68caa7d86bf3: flushIndex: setUnconditionally 0 -> -1
2019-07-16 15:42:27,607 INFO  server.RaftServerConfigKeys (ConfUtils.java:logGet(43)) - raft.server.snapshot.auto.trigger.enabled = true (custom)
2019-07-16 15:42:27,607 INFO  server.RaftServerConfigKeys (ConfUtils.java:logGet(43)) - raft.server.snapshot.auto.trigger.threshold = 10000 (custom)
2019-07-16 15:42:27,607 INFO  server.RaftServerConfigKeys (ConfUtils.java:logGet(43)) - raft.server.retrycache.expirytime = 600000ms (custom)
2019-07-16 15:42:27,607 INFO  impl.RaftServerImpl (RaftServerImpl.java:start(180)) - 9313a0f7-98a1-461c-840d-c36ea641d6aa: start group-68CAA7D86BF3
2019-07-16 15:42:27,607 INFO  impl.RaftServerImpl (RaftServerImpl.java:setRole(171)) - 9313a0f7-98a1-461c-840d-c36ea641d6aa:group-68CAA7D86BF3 changes role from null to FOLLOWER at term 0 for startAsFollower
2019-07-16 15:42:27,608 INFO  impl.RoleInfo (RoleInfo.java:updateAndGet(143)) - 9313a0f7-98a1-461c-840d-c36ea641d6aa: start FollowerState
2019-07-16 15:42:27,608 INFO  util.JmxRegister (JmxRegister.java:tryRegister(44)) - Successfully registered JMX Bean with object name Ratis:service=RaftServer,group=group-68CAA7D86BF3,id=9313a0f7-98a1-461c-840d-c36ea641d6aa
2019-07-16 15:42:27,613 INFO  pipeline.PipelineStateManager (PipelineStateManager.java:addPipeline(56)) - Created pipeline Pipeline[ Id: 0aa3cdef-62b7-4f25-8fe0-68caa7d86bf3, Nodes: 9313a0f7-98a1-461c-840d-c36ea641d6aa{ip: 192.168.69.88, host: trunk-nightly-kgw5x-1882989438, networkLocation: /default-rack, certSerialId: null}, Type:RATIS, Factor:ONE, State:OPEN]
2019-07-16 15:42:27,705 INFO  node.SCMNodeManager (SCMNodeManager.java:register(269)) - Registered Data node : 77e4f8b7-d59d-497c-bbb1-675dab87ac04{ip: 192.168.69.88, host: trunk-nightly-kgw5x-1882989438, networkLocation: /default-rack, certSerialId: null}
2019-07-16 15:42:27,713 INFO  impl.RaftServerProxy (RaftServerProxy.java:addNew(89)) - 77e4f8b7-d59d-497c-bbb1-675dab87ac04: addNew group-1F68B065A156:[77e4f8b7-d59d-497c-bbb1-675dab87ac04:192.168.69.88:43059] returns group-1F68B065A156:java.util.concurrent.CompletableFuture@36df7a38[Not completed]
2019-07-16 15:42:27,714 INFO  impl.RaftServerImpl (RaftServerImpl.java:<init>(93)) - 77e4f8b7-d59d-497c-bbb1-675dab87ac04: new RaftServerImpl for group-1F68B065A156:[77e4f8b7-d59d-497c-bbb1-675dab87ac04:192.168.69.88:43059] with ContainerStateMachine:uninitialized
2019-07-16 15:42:27,714 INFO  server.RaftServerConfigKeys (ConfUtils.java:logGet(43)) - raft.server.rpc.timeout.min = 5s (custom)
2019-07-16 15:42:27,714 INFO  server.RaftServerConfigKeys (ConfUtils.java:logGet(43)) - raft.server.rpc.timeout.max = 5200ms (custom)
2019-07-16 15:42:27,715 INFO  server.RaftServerConfigKeys (ConfUtils.java:logGet(43)) - raft.server.rpcslowness.timeout = 120s (custom)
2019-07-16 15:42:27,715 INFO  server.RaftServerConfigKeys (ConfUtils.java:logGet(43)) - raft.server.sleep.deviation.threshold = 300 (default)
2019-07-16 15:42:27,715 INFO  server.RaftServerConfigKeys (ConfUtils.java:logGet(43)) - raft.server.log.appender.install.snapshot.enabled = false (custom)
2019-07-16 15:42:27,715 INFO  impl.RaftServerImpl (ServerState.java:<init>(105)) - 77e4f8b7-d59d-497c-bbb1-675dab87ac04:group-1F68B065A156 ConfigurationManager, init=-1: [77e4f8b7-d59d-497c-bbb1-675dab87ac04:192.168.69.88:43059], old=null, confs=<EMPTY_MAP>
2019-07-16 15:42:27,715 INFO  server.RaftServerConfigKeys (ConfUtils.java:logGet(43)) - raft.server.storage.dir = [/workdir/hadoop-ozone/integration-test/target/test-dir/MiniOzoneClusterImpl-b07bb8e2-099d-4112-93c2-49344ba21f2d/datanode-5/data/ratis] (custom)
2019-07-16 15:42:27,716 INFO  storage.RaftStorageDirectory (RaftStorageDirectory.java:analyzeStorage(246)) - The storage directory /workdir/hadoop-ozone/integration-test/target/test-dir/MiniOzoneClusterImpl-b07bb8e2-099d-4112-93c2-49344ba21f2d/datanode-5/data/ratis/29824497-ec30-4d9b-91d1-1f68b065a156 does not exist. Creating ...
2019-07-16 15:42:27,740 INFO  storage.RaftStorageDirectory (RaftStorageDirectory.java:tryLock(328)) - Lock on /workdir/hadoop-ozone/integration-test/target/test-dir/MiniOzoneClusterImpl-b07bb8e2-099d-4112-93c2-49344ba21f2d/datanode-5/data/ratis/29824497-ec30-4d9b-91d1-1f68b065a156/in_use.lock acquired by nodename 18277@trunk-nightly-kgw5x-1882989438
2019-07-16 15:42:27,755 INFO  storage.RaftStorage (RaftStorage.java:format(72)) - Storage directory /workdir/hadoop-ozone/integration-test/target/test-dir/MiniOzoneClusterImpl-b07bb8e2-099d-4112-93c2-49344ba21f2d/datanode-5/data/ratis/29824497-ec30-4d9b-91d1-1f68b065a156 has been successfully formatted.
2019-07-16 15:42:27,755 INFO  ratis.ContainerStateMachine (ContainerStateMachine.java:loadSnapshot(200)) - group-1F68B065A156: The snapshot info is null. Setting the last applied indexto:(t:0, i:~)
2019-07-16 15:42:27,755 INFO  server.RaftServerConfigKeys (ConfUtils.java:logGet(43)) - raft.server.leader.election.timeout = 120s (custom)
2019-07-16 15:42:27,756 INFO  server.RaftServerConfigKeys (ConfUtils.java:logGet(43)) - raft.server.log.use.memory = false (default)
2019-07-16 15:42:27,756 INFO  server.RaftServerConfigKeys (ConfUtils.java:logGet(43)) - raft.server.log.purge.gap = 1000000000 (custom)
2019-07-16 15:42:27,756 INFO  server.RaftServerConfigKeys (ConfUtils.java:logGet(43)) - raft.server.log.appender.buffer.byte-limit = 33554432 (custom)
2019-07-16 15:42:27,756 INFO  server.RaftServerConfigKeys (ConfUtils.java:logGet(43)) - raft.server.log.segment.size.max = 1048576 (custom)
2019-07-16 15:42:27,756 INFO  server.RaftServerConfigKeys (ConfUtils.java:logGet(43)) - raft.server.log.segment.cache.num.max = 2 (custom)
2019-07-16 15:42:27,756 INFO  segmented.SegmentedRaftLogWorker (SegmentedRaftLogWorker.java:<init>(172)) - new 77e4f8b7-d59d-497c-bbb1-675dab87ac04-SegmentedRaftLogWorker:Storage Directory /workdir/hadoop-ozone/integration-test/target/test-dir/MiniOzoneClusterImpl-b07bb8e2-099d-4112-93c2-49344ba21f2d/datanode-5/data/ratis/29824497-ec30-4d9b-91d1-1f68b065a156 for RaftStorage:Storage Directory /workdir/hadoop-ozone/integration-test/target/test-dir/MiniOzoneClusterImpl-b07bb8e2-099d-4112-93c2-49344ba21f2d/datanode-5/data/ratis/29824497-ec30-4d9b-91d1-1f68b065a156
2019-07-16 15:42:27,756 INFO  server.RaftServerConfigKeys (ConfUtils.java:logGet(43)) - raft.server.log.queue.byte-limit = 2147483647 (custom)
2019-07-16 15:42:27,757 INFO  server.RaftServerConfigKeys (ConfUtils.java:logGet(43)) - raft.server.log.queue.element-limit = 1024 (custom)
2019-07-16 15:42:27,757 INFO  server.RaftServerConfigKeys (ConfUtils.java:logGet(43)) - raft.server.log.segment.size.max = 1048576 (custom)
2019-07-16 15:42:27,757 INFO  server.RaftServerConfigKeys (ConfUtils.java:logGet(43)) - raft.server.log.preallocated.size = 16384 (custom)
2019-07-16 15:42:27,757 INFO  server.RaftServerConfigKeys (ConfUtils.java:logGet(43)) - raft.server.log.write.buffer.size = 33554432 (custom)
2019-07-16 15:42:27,757 INFO  server.RaftServerConfigKeys (ConfUtils.java:logGet(43)) - raft.server.log.force.sync.num = 128 (default)
2019-07-16 15:42:27,757 INFO  server.RaftServerConfigKeys (ConfUtils.java:logGet(43)) - raft.server.log.statemachine.data.sync = true (default)
2019-07-16 15:42:27,757 INFO  server.RaftServerConfigKeys (ConfUtils.java:logGet(43)) - raft.server.log.statemachine.data.sync.timeout = 10s (default)
2019-07-16 15:42:27,758 INFO  server.RaftServerConfigKeys (ConfUtils.java:logGet(43)) - raft.server.log.statemachine.data.sync.timeout.retry = -1 (default)
2019-07-16 15:42:27,758 INFO  server.RaftServerConfigKeys (ConfUtils.java:logGet(43)) - raft.server.log.statemachine.data.caching.enabled = true (custom)
2019-07-16 15:42:27,758 INFO  segmented.SegmentedRaftLogWorker (SegmentedRaftLogWorker.java:lambda$new$0(132)) - 77e4f8b7-d59d-497c-bbb1-675dab87ac04-SegmentedRaftLogWorker:Storage Directory /workdir/hadoop-ozone/integration-test/target/test-dir/MiniOzoneClusterImpl-b07bb8e2-099d-4112-93c2-49344ba21f2d/datanode-5/data/ratis/29824497-ec30-4d9b-91d1-1f68b065a156: flushIndex: setUnconditionally 0 -> -1
2019-07-16 15:42:27,759 INFO  server.RaftServerConfigKeys (ConfUtils.java:logGet(43)) - raft.server.snapshot.auto.trigger.enabled = true (custom)
2019-07-16 15:42:27,759 INFO  server.RaftServerConfigKeys (ConfUtils.java:logGet(43)) - raft.server.snapshot.auto.trigger.threshold = 10000 (custom)
2019-07-16 15:42:27,759 INFO  server.RaftServerConfigKeys (ConfUtils.java:logGet(43)) - raft.server.retrycache.expirytime = 600000ms (custom)
2019-07-16 15:42:27,759 INFO  impl.RaftServerImpl (RaftServerImpl.java:start(180)) - 77e4f8b7-d59d-497c-bbb1-675dab87ac04: start group-1F68B065A156
2019-07-16 15:42:27,759 INFO  impl.RaftServerImpl (RaftServerImpl.java:setRole(171)) - 77e4f8b7-d59d-497c-bbb1-675dab87ac04:group-1F68B065A156 changes role from null to FOLLOWER at term 0 for startAsFollower
2019-07-16 15:42:27,759 INFO  impl.RoleInfo (RoleInfo.java:updateAndGet(143)) - 77e4f8b7-d59d-497c-bbb1-675dab87ac04: start FollowerState
2019-07-16 15:42:27,760 INFO  util.JmxRegister (JmxRegister.java:tryRegister(44)) - Successfully registered JMX Bean with object name Ratis:service=RaftServer,group=group-1F68B065A156,id=77e4f8b7-d59d-497c-bbb1-675dab87ac04
2019-07-16 15:42:27,765 INFO  pipeline.PipelineStateManager (PipelineStateManager.java:addPipeline(56)) - Created pipeline Pipeline[ Id: 29824497-ec30-4d9b-91d1-1f68b065a156, Nodes: 77e4f8b7-d59d-497c-bbb1-675dab87ac04{ip: 192.168.69.88, host: trunk-nightly-kgw5x-1882989438, networkLocation: /default-rack, certSerialId: null}, Type:RATIS, Factor:ONE, State:OPEN]
2019-07-16 15:42:27,778 INFO  impl.RaftServerProxy (RaftServerProxy.java:addNew(89)) - 77e4f8b7-d59d-497c-bbb1-675dab87ac04: addNew group-7F3E606E73C1:[249489b4-a9bf-4bb8-b6bf-665e94975bf6:192.168.69.88:36950, 9313a0f7-98a1-461c-840d-c36ea641d6aa:192.168.69.88:40707, 77e4f8b7-d59d-497c-bbb1-675dab87ac04:192.168.69.88:43059] returns group-7F3E606E73C1:java.util.concurrent.CompletableFuture@267b3c9f[Not completed]
2019-07-16 15:42:27,778 INFO  impl.RaftServerProxy (RaftServerProxy.java:addNew(89)) - 9313a0f7-98a1-461c-840d-c36ea641d6aa: addNew group-7F3E606E73C1:[249489b4-a9bf-4bb8-b6bf-665e94975bf6:192.168.69.88:36950, 9313a0f7-98a1-461c-840d-c36ea641d6aa:192.168.69.88:40707, 77e4f8b7-d59d-497c-bbb1-675dab87ac04:192.168.69.88:43059] returns group-7F3E606E73C1:java.util.concurrent.CompletableFuture@6cb65dcd[Not completed]
2019-07-16 15:42:27,778 INFO  impl.RaftServerProxy (RaftServerProxy.java:addNew(89)) - 249489b4-a9bf-4bb8-b6bf-665e94975bf6: addNew group-7F3E606E73C1:[249489b4-a9bf-4bb8-b6bf-665e94975bf6:192.168.69.88:36950, 9313a0f7-98a1-461c-840d-c36ea641d6aa:192.168.69.88:40707, 77e4f8b7-d59d-497c-bbb1-675dab87ac04:192.168.69.88:43059] returns group-7F3E606E73C1:java.util.concurrent.CompletableFuture@af29315[Not completed]
2019-07-16 15:42:27,779 INFO  impl.RaftServerImpl (RaftServerImpl.java:<init>(93)) - 77e4f8b7-d59d-497c-bbb1-675dab87ac04: new RaftServerImpl for group-7F3E606E73C1:[249489b4-a9bf-4bb8-b6bf-665e94975bf6:192.168.69.88:36950, 9313a0f7-98a1-461c-840d-c36ea641d6aa:192.168.69.88:40707, 77e4f8b7-d59d-497c-bbb1-675dab87ac04:192.168.69.88:43059] with ContainerStateMachine:uninitialized
2019-07-16 15:42:27,779 INFO  server.RaftServerConfigKeys (ConfUtils.java:logGet(43)) - raft.server.rpc.timeout.min = 5s (custom)
2019-07-16 15:42:27,779 INFO  server.RaftServerConfigKeys (ConfUtils.java:logGet(43)) - raft.server.rpc.timeout.max = 5200ms (custom)
2019-07-16 15:42:27,779 INFO  impl.RaftServerImpl (RaftServerImpl.java:<init>(93)) - 9313a0f7-98a1-461c-840d-c36ea641d6aa: new RaftServerImpl for group-7F3E606E73C1:[249489b4-a9bf-4bb8-b6bf-665e94975bf6:192.168.69.88:36950, 9313a0f7-98a1-461c-840d-c36ea641d6aa:192.168.69.88:40707, 77e4f8b7-d59d-497c-bbb1-675dab87ac04:192.168.69.88:43059] with ContainerStateMachine:uninitialized
2019-07-16 15:42:27,779 INFO  server.RaftServerConfigKeys (ConfUtils.java:logGet(43)) - raft.server.rpcslowness.timeout = 120s (custom)
2019-07-16 15:42:27,779 INFO  server.RaftServerConfigKeys (ConfUtils.java:logGet(43)) - raft.server.rpc.timeout.min = 5s (custom)
2019-07-16 15:42:27,779 INFO  impl.RaftServerImpl (RaftServerImpl.java:<init>(93)) - 249489b4-a9bf-4bb8-b6bf-665e94975bf6: new RaftServerImpl for group-7F3E606E73C1:[249489b4-a9bf-4bb8-b6bf-665e94975bf6:192.168.69.88:36950, 9313a0f7-98a1-461c-840d-c36ea641d6aa:192.168.69.88:40707, 77e4f8b7-d59d-497c-bbb1-675dab87ac04:192.168.69.88:43059] with ContainerStateMachine:uninitialized
2019-07-16 15:42:27,779 INFO  server.RaftServerConfigKeys (ConfUtils.java:logGet(43)) - raft.server.sleep.deviation.threshold = 300 (default)
2019-07-16 15:42:27,780 INFO  server.RaftServerConfigKeys (ConfUtils.java:logGet(43)) - raft.server.rpc.timeout.min = 5s (custom)
2019-07-16 15:42:27,780 INFO  server.RaftServerConfigKeys (ConfUtils.java:logGet(43)) - raft.server.rpc.timeout.max = 5200ms (custom)
2019-07-16 15:42:27,780 INFO  server.RaftServerConfigKeys (ConfUtils.java:logGet(43)) - raft.server.rpc.timeout.max = 5200ms (custom)
2019-07-16 15:42:27,780 INFO  server.RaftServerConfigKeys (ConfUtils.java:logGet(43)) - raft.server.rpcslowness.timeout = 120s (custom)
2019-07-16 15:42:27,780 INFO  server.RaftServerConfigKeys (ConfUtils.java:logGet(43)) - raft.server.log.appender.install.snapshot.enabled = false (custom)
2019-07-16 15:42:27,780 INFO  server.RaftServerConfigKeys (ConfUtils.java:logGet(43)) - raft.server.sleep.deviation.threshold = 300 (default)
2019-07-16 15:42:27,780 INFO  server.RaftServerConfigKeys (ConfUtils.java:logGet(43)) - raft.server.rpcslowness.timeout = 120s (custom)
2019-07-16 15:42:27,781 INFO  server.RaftServerConfigKeys (ConfUtils.java:logGet(43)) - raft.server.log.appender.install.snapshot.enabled = false (custom)
2019-07-16 15:42:27,780 INFO  impl.RaftServerImpl (ServerState.java:<init>(105)) - 77e4f8b7-d59d-497c-bbb1-675dab87ac04:group-7F3E606E73C1 ConfigurationManager, init=-1: [249489b4-a9bf-4bb8-b6bf-665e94975bf6:192.168.69.88:36950, 9313a0f7-98a1-461c-840d-c36ea641d6aa:192.168.69.88:40707, 77e4f8b7-d59d-497c-bbb1-675dab87ac04:192.168.69.88:43059], old=null, confs=<EMPTY_MAP>
2019-07-16 15:42:27,781 INFO  impl.RaftServerImpl (ServerState.java:<init>(105)) - 249489b4-a9bf-4bb8-b6bf-665e94975bf6:group-7F3E606E73C1 ConfigurationManager, init=-1: [249489b4-a9bf-4bb8-b6bf-665e94975bf6:192.168.69.88:36950, 9313a0f7-98a1-461c-840d-c36ea641d6aa:192.168.69.88:40707, 77e4f8b7-d59d-497c-bbb1-675dab87ac04:192.168.69.88:43059], old=null, confs=<EMPTY_MAP>
2019-07-16 15:42:27,781 INFO  server.RaftServerConfigKeys (ConfUtils.java:logGet(43)) - raft.server.storage.dir = [/workdir/hadoop-ozone/integration-test/target/test-dir/MiniOzoneClusterImpl-b07bb8e2-099d-4112-93c2-49344ba21f2d/datanode-5/data/ratis] (custom)
2019-07-16 15:42:27,781 INFO  server.RaftServerConfigKeys (ConfUtils.java:logGet(43)) - raft.server.sleep.deviation.threshold = 300 (default)
2019-07-16 15:42:27,781 INFO  server.RaftServerConfigKeys (ConfUtils.java:logGet(43)) - raft.server.storage.dir = [/workdir/hadoop-ozone/integration-test/target/test-dir/MiniOzoneClusterImpl-b07bb8e2-099d-4112-93c2-49344ba21f2d/datanode-3/data/ratis] (custom)
2019-07-16 15:42:27,781 INFO  storage.RaftStorageDirectory (RaftStorageDirectory.java:analyzeStorage(246)) - The storage directory /workdir/hadoop-ozone/integration-test/target/test-dir/MiniOzoneClusterImpl-b07bb8e2-099d-4112-93c2-49344ba21f2d/datanode-5/data/ratis/a4e36e6d-cdb8-43a5-893c-7f3e606e73c1 does not exist. Creating ...
2019-07-16 15:42:27,781 INFO  server.RaftServerConfigKeys (ConfUtils.java:logGet(43)) - raft.server.log.appender.install.snapshot.enabled = false (custom)
2019-07-16 15:42:27,782 INFO  storage.RaftStorageDirectory (RaftStorageDirectory.java:analyzeStorage(246)) - The storage directory /workdir/hadoop-ozone/integration-test/target/test-dir/MiniOzoneClusterImpl-b07bb8e2-099d-4112-93c2-49344ba21f2d/datanode-3/data/ratis/a4e36e6d-cdb8-43a5-893c-7f3e606e73c1 does not exist. Creating ...
2019-07-16 15:42:27,782 INFO  impl.RaftServerImpl (ServerState.java:<init>(105)) - 9313a0f7-98a1-461c-840d-c36ea641d6aa:group-7F3E606E73C1 ConfigurationManager, init=-1: [249489b4-a9bf-4bb8-b6bf-665e94975bf6:192.168.69.88:36950, 9313a0f7-98a1-461c-840d-c36ea641d6aa:192.168.69.88:40707, 77e4f8b7-d59d-497c-bbb1-675dab87ac04:192.168.69.88:43059], old=null, confs=<EMPTY_MAP>
2019-07-16 15:42:27,782 INFO  server.RaftServerConfigKeys (ConfUtils.java:logGet(43)) - raft.server.storage.dir = [/workdir/hadoop-ozone/integration-test/target/test-dir/MiniOzoneClusterImpl-b07bb8e2-099d-4112-93c2-49344ba21f2d/datanode-4/data/ratis] (custom)
2019-07-16 15:42:27,782 INFO  storage.RaftStorageDirectory (RaftStorageDirectory.java:analyzeStorage(246)) - The storage directory /workdir/hadoop-ozone/integration-test/target/test-dir/MiniOzoneClusterImpl-b07bb8e2-099d-4112-93c2-49344ba21f2d/datanode-4/data/ratis/a4e36e6d-cdb8-43a5-893c-7f3e606e73c1 does not exist. Creating ...
2019-07-16 15:42:27,807 INFO  storage.RaftStorageDirectory (RaftStorageDirectory.java:tryLock(328)) - Lock on /workdir/hadoop-ozone/integration-test/target/test-dir/MiniOzoneClusterImpl-b07bb8e2-099d-4112-93c2-49344ba21f2d/datanode-4/data/ratis/a4e36e6d-cdb8-43a5-893c-7f3e606e73c1/in_use.lock acquired by nodename 18277@trunk-nightly-kgw5x-1882989438
2019-07-16 15:42:27,807 INFO  storage.RaftStorageDirectory (RaftStorageDirectory.java:tryLock(328)) - Lock on /workdir/hadoop-ozone/integration-test/target/test-dir/MiniOzoneClusterImpl-b07bb8e2-099d-4112-93c2-49344ba21f2d/datanode-5/data/ratis/a4e36e6d-cdb8-43a5-893c-7f3e606e73c1/in_use.lock acquired by nodename 18277@trunk-nightly-kgw5x-1882989438
2019-07-16 15:42:27,807 INFO  storage.RaftStorageDirectory (RaftStorageDirectory.java:tryLock(328)) - Lock on /workdir/hadoop-ozone/integration-test/target/test-dir/MiniOzoneClusterImpl-b07bb8e2-099d-4112-93c2-49344ba21f2d/datanode-3/data/ratis/a4e36e6d-cdb8-43a5-893c-7f3e606e73c1/in_use.lock acquired by nodename 18277@trunk-nightly-kgw5x-1882989438
2019-07-16 15:42:27,826 INFO  storage.RaftStorage (RaftStorage.java:format(72)) - Storage directory /workdir/hadoop-ozone/integration-test/target/test-dir/MiniOzoneClusterImpl-b07bb8e2-099d-4112-93c2-49344ba21f2d/datanode-5/data/ratis/a4e36e6d-cdb8-43a5-893c-7f3e606e73c1 has been successfully formatted.
2019-07-16 15:42:27,826 INFO  storage.RaftStorage (RaftStorage.java:format(72)) - Storage directory /workdir/hadoop-ozone/integration-test/target/test-dir/MiniOzoneClusterImpl-b07bb8e2-099d-4112-93c2-49344ba21f2d/datanode-3/data/ratis/a4e36e6d-cdb8-43a5-893c-7f3e606e73c1 has been successfully formatted.
2019-07-16 15:42:27,826 INFO  ratis.ContainerStateMachine (ContainerStateMachine.java:loadSnapshot(200)) - group-7F3E606E73C1: The snapshot info is null. Setting the last applied indexto:(t:0, i:~)
2019-07-16 15:42:27,826 INFO  storage.RaftStorage (RaftStorage.java:format(72)) - Storage directory /workdir/hadoop-ozone/integration-test/target/test-dir/MiniOzoneClusterImpl-b07bb8e2-099d-4112-93c2-49344ba21f2d/datanode-4/data/ratis/a4e36e6d-cdb8-43a5-893c-7f3e606e73c1 has been successfully formatted.
2019-07-16 15:42:27,826 INFO  server.RaftServerConfigKeys (ConfUtils.java:logGet(43)) - raft.server.leader.election.timeout = 120s (custom)
2019-07-16 15:42:27,827 INFO  ratis.ContainerStateMachine (ContainerStateMachine.java:loadSnapshot(200)) - group-7F3E606E73C1: The snapshot info is null. Setting the last applied indexto:(t:0, i:~)
2019-07-16 15:42:27,826 INFO  ratis.ContainerStateMachine (ContainerStateMachine.java:loadSnapshot(200)) - group-7F3E606E73C1: The snapshot info is null. Setting the last applied indexto:(t:0, i:~)
2019-07-16 15:42:27,827 INFO  server.RaftServerConfigKeys (ConfUtils.java:logGet(43)) - raft.server.leader.election.timeout = 120s (custom)
2019-07-16 15:42:27,827 INFO  server.RaftServerConfigKeys (ConfUtils.java:logGet(43)) - raft.server.log.use.memory = false (default)
2019-07-16 15:42:27,827 INFO  server.RaftServerConfigKeys (ConfUtils.java:logGet(43)) - raft.server.log.use.memory = false (default)
2019-07-16 15:42:27,827 INFO  server.RaftServerConfigKeys (ConfUtils.java:logGet(43)) - raft.server.leader.election.timeout = 120s (custom)
2019-07-16 15:42:27,827 INFO  server.RaftServerConfigKeys (ConfUtils.java:logGet(43)) - raft.server.log.purge.gap = 1000000000 (custom)
2019-07-16 15:42:27,827 INFO  server.RaftServerConfigKeys (ConfUtils.java:logGet(43)) - raft.server.log.purge.gap = 1000000000 (custom)
2019-07-16 15:42:27,828 INFO  server.RaftServerConfigKeys (ConfUtils.java:logGet(43)) - raft.server.log.appender.buffer.byte-limit = 33554432 (custom)
2019-07-16 15:42:27,827 INFO  server.RaftServerConfigKeys (ConfUtils.java:logGet(43)) - raft.server.log.use.memory = false (default)
2019-07-16 15:42:27,828 INFO  server.RaftServerConfigKeys (ConfUtils.java:logGet(43)) - raft.server.log.segment.size.max = 1048576 (custom)
2019-07-16 15:42:27,828 INFO  server.RaftServerConfigKeys (ConfUtils.java:logGet(43)) - raft.server.log.appender.buffer.byte-limit = 33554432 (custom)
2019-07-16 15:42:27,828 INFO  server.RaftServerConfigKeys (ConfUtils.java:logGet(43)) - raft.server.log.segment.cache.num.max = 2 (custom)
2019-07-16 15:42:27,828 INFO  server.RaftServerConfigKeys (ConfUtils.java:logGet(43)) - raft.server.log.purge.gap = 1000000000 (custom)
2019-07-16 15:42:27,829 INFO  segmented.SegmentedRaftLogWorker (SegmentedRaftLogWorker.java:<init>(172)) - new 9313a0f7-98a1-461c-840d-c36ea641d6aa-SegmentedRaftLogWorker:Storage Directory /workdir/hadoop-ozone/integration-test/target/test-dir/MiniOzoneClusterImpl-b07bb8e2-099d-4112-93c2-49344ba21f2d/datanode-4/data/ratis/a4e36e6d-cdb8-43a5-893c-7f3e606e73c1 for RaftStorage:Storage Directory /workdir/hadoop-ozone/integration-test/target/test-dir/MiniOzoneClusterImpl-b07bb8e2-099d-4112-93c2-49344ba21f2d/datanode-4/data/ratis/a4e36e6d-cdb8-43a5-893c-7f3e606e73c1
2019-07-16 15:42:27,828 INFO  server.RaftServerConfigKeys (ConfUtils.java:logGet(43)) - raft.server.log.segment.size.max = 1048576 (custom)
2019-07-16 15:42:27,829 INFO  server.RaftServerConfigKeys (ConfUtils.java:logGet(43)) - raft.server.log.queue.byte-limit = 2147483647 (custom)
2019-07-16 15:42:27,829 INFO  server.RaftServerConfigKeys (ConfUtils.java:logGet(43)) - raft.server.log.appender.buffer.byte-limit = 33554432 (custom)
2019-07-16 15:42:27,829 INFO  server.RaftServerConfigKeys (ConfUtils.java:logGet(43)) - raft.server.log.queue.element-limit = 1024 (custom)
2019-07-16 15:42:27,829 INFO  server.RaftServerConfigKeys (ConfUtils.java:logGet(43)) - raft.server.log.segment.cache.num.max = 2 (custom)
2019-07-16 15:42:27,830 INFO  server.RaftServerConfigKeys (ConfUtils.java:logGet(43)) - raft.server.log.segment.size.max = 1048576 (custom)
2019-07-16 15:42:27,830 INFO  server.RaftServerConfigKeys (ConfUtils.java:logGet(43)) - raft.server.log.preallocated.size = 16384 (custom)
2019-07-16 15:42:27,829 INFO  server.RaftServerConfigKeys (ConfUtils.java:logGet(43)) - raft.server.log.segment.size.max = 1048576 (custom)
2019-07-16 15:42:27,830 INFO  server.RaftServerConfigKeys (ConfUtils.java:logGet(43)) - raft.server.log.write.buffer.size = 33554432 (custom)
2019-07-16 15:42:27,830 INFO  server.RaftServerConfigKeys (ConfUtils.java:logGet(43)) - raft.server.log.force.sync.num = 128 (default)
2019-07-16 15:42:27,830 INFO  segmented.SegmentedRaftLogWorker (SegmentedRaftLogWorker.java:<init>(172)) - new 77e4f8b7-d59d-497c-bbb1-675dab87ac04-SegmentedRaftLogWorker:Storage Directory /workdir/hadoop-ozone/integration-test/target/test-dir/MiniOzoneClusterImpl-b07bb8e2-099d-4112-93c2-49344ba21f2d/datanode-5/data/ratis/a4e36e6d-cdb8-43a5-893c-7f3e606e73c1 for RaftStorage:Storage Directory /workdir/hadoop-ozone/integration-test/target/test-dir/MiniOzoneClusterImpl-b07bb8e2-099d-4112-93c2-49344ba21f2d/datanode-5/data/ratis/a4e36e6d-cdb8-43a5-893c-7f3e606e73c1
2019-07-16 15:42:27,830 INFO  server.RaftServerConfigKeys (ConfUtils.java:logGet(43)) - raft.server.log.statemachine.data.sync = true (default)
2019-07-16 15:42:27,830 INFO  server.RaftServerConfigKeys (ConfUtils.java:logGet(43)) - raft.server.log.segment.cache.num.max = 2 (custom)
2019-07-16 15:42:27,831 INFO  server.RaftServerConfigKeys (ConfUtils.java:logGet(43)) - raft.server.log.statemachine.data.sync.timeout = 10s (default)
2019-07-16 15:42:27,831 INFO  server.RaftServerConfigKeys (ConfUtils.java:logGet(43)) - raft.server.log.queue.byte-limit = 2147483647 (custom)
2019-07-16 15:42:27,831 INFO  server.RaftServerConfigKeys (ConfUtils.java:logGet(43)) - raft.server.log.statemachine.data.sync.timeout.retry = -1 (default)
2019-07-16 15:42:27,831 INFO  segmented.SegmentedRaftLogWorker (SegmentedRaftLogWorker.java:<init>(172)) - new 249489b4-a9bf-4bb8-b6bf-665e94975bf6-SegmentedRaftLogWorker:Storage Directory /workdir/hadoop-ozone/integration-test/target/test-dir/MiniOzoneClusterImpl-b07bb8e2-099d-4112-93c2-49344ba21f2d/datanode-3/data/ratis/a4e36e6d-cdb8-43a5-893c-7f3e606e73c1 for RaftStorage:Storage Directory /workdir/hadoop-ozone/integration-test/target/test-dir/MiniOzoneClusterImpl-b07bb8e2-099d-4112-93c2-49344ba21f2d/datanode-3/data/ratis/a4e36e6d-cdb8-43a5-893c-7f3e606e73c1
2019-07-16 15:42:27,831 INFO  server.RaftServerConfigKeys (ConfUtils.java:logGet(43)) - raft.server.log.statemachine.data.caching.enabled = true (custom)
2019-07-16 15:42:27,831 INFO  server.RaftServerConfigKeys (ConfUtils.java:logGet(43)) - raft.server.log.queue.element-limit = 1024 (custom)
2019-07-16 15:42:27,831 INFO  server.RaftServerConfigKeys (ConfUtils.java:logGet(43)) - raft.server.log.queue.byte-limit = 2147483647 (custom)
2019-07-16 15:42:27,832 INFO  segmented.SegmentedRaftLogWorker (SegmentedRaftLogWorker.java:lambda$new$0(132)) - 9313a0f7-98a1-461c-840d-c36ea641d6aa-SegmentedRaftLogWorker:Storage Directory /workdir/hadoop-ozone/integration-test/target/test-dir/MiniOzoneClusterImpl-b07bb8e2-099d-4112-93c2-49344ba21f2d/datanode-4/data/ratis/a4e36e6d-cdb8-43a5-893c-7f3e606e73c1: flushIndex: setUnconditionally 0 -> -1
2019-07-16 15:42:27,832 INFO  server.RaftServerConfigKeys (ConfUtils.java:logGet(43)) - raft.server.log.segment.size.max = 1048576 (custom)
2019-07-16 15:42:27,832 INFO  server.RaftServerConfigKeys (ConfUtils.java:logGet(43)) - raft.server.log.queue.element-limit = 1024 (custom)
2019-07-16 15:42:27,832 INFO  server.RaftServerConfigKeys (ConfUtils.java:logGet(43)) - raft.server.snapshot.auto.trigger.enabled = true (custom)
2019-07-16 15:42:27,832 INFO  server.RaftServerConfigKeys (ConfUtils.java:logGet(43)) - raft.server.log.preallocated.size = 16384 (custom)
2019-07-16 15:42:27,833 INFO  server.RaftServerConfigKeys (ConfUtils.java:logGet(43)) - raft.server.snapshot.auto.trigger.threshold = 10000 (custom)
2019-07-16 15:42:27,832 INFO  server.RaftServerConfigKeys (ConfUtils.java:logGet(43)) - raft.server.log.segment.size.max = 1048576 (custom)
2019-07-16 15:42:27,833 INFO  server.RaftServerConfigKeys (ConfUtils.java:logGet(43)) - raft.server.retrycache.expirytime = 600000ms (custom)
2019-07-16 15:42:27,833 INFO  server.RaftServerConfigKeys (ConfUtils.java:logGet(43)) - raft.server.log.write.buffer.size = 33554432 (custom)
2019-07-16 15:42:27,833 INFO  impl.RaftServerImpl (RaftServerImpl.java:start(180)) - 9313a0f7-98a1-461c-840d-c36ea641d6aa: start group-7F3E606E73C1
2019-07-16 15:42:27,833 INFO  server.RaftServerConfigKeys (ConfUtils.java:logGet(43)) - raft.server.log.preallocated.size = 16384 (custom)
2019-07-16 15:42:27,833 INFO  impl.RaftServerImpl (RaftServerImpl.java:setRole(171)) - 9313a0f7-98a1-461c-840d-c36ea641d6aa:group-7F3E606E73C1 changes role from null to FOLLOWER at term 0 for startAsFollower
2019-07-16 15:42:27,833 INFO  server.RaftServerConfigKeys (ConfUtils.java:logGet(43)) - raft.server.log.force.sync.num = 128 (default)
2019-07-16 15:42:27,834 INFO  server.RaftServerConfigKeys (ConfUtils.java:logGet(43)) - raft.server.log.statemachine.data.sync = true (default)
2019-07-16 15:42:27,834 INFO  server.RaftServerConfigKeys (ConfUtils.java:logGet(43)) - raft.server.log.statemachine.data.sync.timeout = 10s (default)
2019-07-16 15:42:27,834 INFO  impl.RoleInfo (RoleInfo.java:updateAndGet(143)) - 9313a0f7-98a1-461c-840d-c36ea641d6aa: start FollowerState
2019-07-16 15:42:27,833 INFO  server.RaftServerConfigKeys (ConfUtils.java:logGet(43)) - raft.server.log.write.buffer.size = 33554432 (custom)
2019-07-16 15:42:27,834 INFO  server.RaftServerConfigKeys (ConfUtils.java:logGet(43)) - raft.server.log.statemachine.data.sync.timeout.retry = -1 (default)
2019-07-16 15:42:27,835 INFO  util.JmxRegister (JmxRegister.java:tryRegister(44)) - Successfully registered JMX Bean with object name Ratis:service=RaftServer,group=group-7F3E606E73C1,id=9313a0f7-98a1-461c-840d-c36ea641d6aa
2019-07-16 15:42:27,834 INFO  server.RaftServerConfigKeys (ConfUtils.java:logGet(43)) - raft.server.log.force.sync.num = 128 (default)
2019-07-16 15:42:27,835 INFO  server.RaftServerConfigKeys (ConfUtils.java:logGet(43)) - raft.server.log.statemachine.data.caching.enabled = true (custom)
2019-07-16 15:42:27,835 INFO  server.RaftServerConfigKeys (ConfUtils.java:logGet(43)) - raft.server.log.statemachine.data.sync = true (default)
2019-07-16 15:42:27,835 INFO  server.RaftServerConfigKeys (ConfUtils.java:logGet(43)) - raft.server.log.statemachine.data.sync.timeout = 10s (default)
2019-07-16 15:42:27,835 INFO  segmented.SegmentedRaftLogWorker (SegmentedRaftLogWorker.java:lambda$new$0(132)) - 77e4f8b7-d59d-497c-bbb1-675dab87ac04-SegmentedRaftLogWorker:Storage Directory /workdir/hadoop-ozone/integration-test/target/test-dir/MiniOzoneClusterImpl-b07bb8e2-099d-4112-93c2-49344ba21f2d/datanode-5/data/ratis/a4e36e6d-cdb8-43a5-893c-7f3e606e73c1: flushIndex: setUnconditionally 0 -> -1
2019-07-16 15:42:27,835 INFO  server.RaftServerConfigKeys (ConfUtils.java:logGet(43)) - raft.server.log.statemachine.data.sync.timeout.retry = -1 (default)
2019-07-16 15:42:27,839 INFO  server.RaftServerConfigKeys (ConfUtils.java:logGet(43)) - raft.server.snapshot.auto.trigger.enabled = true (custom)
2019-07-16 15:42:27,839 INFO  server.RaftServerConfigKeys (ConfUtils.java:logGet(43)) - raft.server.log.statemachine.data.caching.enabled = true (custom)
2019-07-16 15:42:27,839 INFO  server.RaftServerConfigKeys (ConfUtils.java:logGet(43)) - raft.server.snapshot.auto.trigger.threshold = 10000 (custom)
2019-07-16 15:42:27,839 INFO  segmented.SegmentedRaftLogWorker (SegmentedRaftLogWorker.java:lambda$new$0(132)) - 249489b4-a9bf-4bb8-b6bf-665e94975bf6-SegmentedRaftLogWorker:Storage Directory /workdir/hadoop-ozone/integration-test/target/test-dir/MiniOzoneClusterImpl-b07bb8e2-099d-4112-93c2-49344ba21f2d/datanode-3/data/ratis/a4e36e6d-cdb8-43a5-893c-7f3e606e73c1: flushIndex: setUnconditionally 0 -> -1
2019-07-16 15:42:27,839 INFO  server.RaftServerConfigKeys (ConfUtils.java:logGet(43)) - raft.server.retrycache.expirytime = 600000ms (custom)
2019-07-16 15:42:27,840 INFO  server.RaftServerConfigKeys (ConfUtils.java:logGet(43)) - raft.server.snapshot.auto.trigger.enabled = true (custom)
2019-07-16 15:42:27,840 INFO  impl.RaftServerImpl (RaftServerImpl.java:start(180)) - 77e4f8b7-d59d-497c-bbb1-675dab87ac04: start group-7F3E606E73C1
2019-07-16 15:42:27,840 INFO  server.RaftServerConfigKeys (ConfUtils.java:logGet(43)) - raft.server.snapshot.auto.trigger.threshold = 10000 (custom)
2019-07-16 15:42:27,840 INFO  impl.RaftServerImpl (RaftServerImpl.java:setRole(171)) - 77e4f8b7-d59d-497c-bbb1-675dab87ac04:group-7F3E606E73C1 changes role from null to FOLLOWER at term 0 for startAsFollower
2019-07-16 15:42:27,840 INFO  server.RaftServerConfigKeys (ConfUtils.java:logGet(43)) - raft.server.retrycache.expirytime = 600000ms (custom)
2019-07-16 15:42:27,840 INFO  impl.RoleInfo (RoleInfo.java:updateAndGet(143)) - 77e4f8b7-d59d-497c-bbb1-675dab87ac04: start FollowerState
2019-07-16 15:42:27,840 INFO  impl.RaftServerImpl (RaftServerImpl.java:start(180)) - 249489b4-a9bf-4bb8-b6bf-665e94975bf6: start group-7F3E606E73C1
2019-07-16 15:42:27,840 INFO  impl.RaftServerImpl (RaftServerImpl.java:setRole(171)) - 249489b4-a9bf-4bb8-b6bf-665e94975bf6:group-7F3E606E73C1 changes role from null to FOLLOWER at term 0 for startAsFollower
2019-07-16 15:42:27,841 INFO  impl.RoleInfo (RoleInfo.java:updateAndGet(143)) - 249489b4-a9bf-4bb8-b6bf-665e94975bf6: start FollowerState
2019-07-16 15:42:27,841 INFO  util.JmxRegister (JmxRegister.java:tryRegister(44)) - Successfully registered JMX Bean with object name Ratis:service=RaftServer,group=group-7F3E606E73C1,id=77e4f8b7-d59d-497c-bbb1-675dab87ac04
2019-07-16 15:42:27,841 INFO  util.JmxRegister (JmxRegister.java:tryRegister(44)) - Successfully registered JMX Bean with object name Ratis:service=RaftServer,group=group-7F3E606E73C1,id=249489b4-a9bf-4bb8-b6bf-665e94975bf6
2019-07-16 15:42:27,846 INFO  pipeline.PipelineStateManager (PipelineStateManager.java:addPipeline(56)) - Created pipeline Pipeline[ Id: a4e36e6d-cdb8-43a5-893c-7f3e606e73c1, Nodes: 9313a0f7-98a1-461c-840d-c36ea641d6aa{ip: 192.168.69.88, host: trunk-nightly-kgw5x-1882989438, networkLocation: /default-rack, certSerialId: null}249489b4-a9bf-4bb8-b6bf-665e94975bf6{ip: 192.168.69.88, host: trunk-nightly-kgw5x-1882989438, networkLocation: /default-rack, certSerialId: null}77e4f8b7-d59d-497c-bbb1-675dab87ac04{ip: 192.168.69.88, host: trunk-nightly-kgw5x-1882989438, networkLocation: /default-rack, certSerialId: null}, Type:RATIS, Factor:THREE, State:OPEN]
2019-07-16 15:42:27,897 INFO  node.SCMNodeManager (SCMNodeManager.java:register(269)) - Registered Data node : 697284a1-d11d-418f-a126-0a1702dcd3f0{ip: 192.168.69.88, host: trunk-nightly-kgw5x-1882989438, networkLocation: /default-rack, certSerialId: null}
2019-07-16 15:42:27,897 INFO  ozone.MiniOzoneClusterImpl (MiniOzoneClusterImpl.java:lambda$waitForClusterToBeReady$0(142)) - Cluster is ready. Got 7 of 7 DN Heartbeats.
2019-07-16 15:42:27,915 INFO  impl.RaftServerProxy (RaftServerProxy.java:addNew(89)) - 697284a1-d11d-418f-a126-0a1702dcd3f0: addNew group-737E008C2202:[697284a1-d11d-418f-a126-0a1702dcd3f0:192.168.69.88:36863] returns group-737E008C2202:java.util.concurrent.CompletableFuture@14210723[Not completed]
2019-07-16 15:42:27,930 INFO  impl.RaftServerImpl (RaftServerImpl.java:<init>(93)) - 697284a1-d11d-418f-a126-0a1702dcd3f0: new RaftServerImpl for group-737E008C2202:[697284a1-d11d-418f-a126-0a1702dcd3f0:192.168.69.88:36863] with ContainerStateMachine:uninitialized
2019-07-16 15:42:27,930 INFO  server.RaftServerConfigKeys (ConfUtils.java:logGet(43)) - raft.server.rpc.timeout.min = 5s (custom)
2019-07-16 15:42:27,930 INFO  server.RaftServerConfigKeys (ConfUtils.java:logGet(43)) - raft.server.rpc.timeout.max = 5200ms (custom)
2019-07-16 15:42:27,930 INFO  server.RaftServerConfigKeys (ConfUtils.java:logGet(43)) - raft.server.rpcslowness.timeout = 120s (custom)
2019-07-16 15:42:27,930 INFO  server.RaftServerConfigKeys (ConfUtils.java:logGet(43)) - raft.server.sleep.deviation.threshold = 300 (default)
2019-07-16 15:42:27,931 INFO  server.RaftServerConfigKeys (ConfUtils.java:logGet(43)) - raft.server.log.appender.install.snapshot.enabled = false (custom)
2019-07-16 15:42:27,931 INFO  impl.RaftServerImpl (ServerState.java:<init>(105)) - 697284a1-d11d-418f-a126-0a1702dcd3f0:group-737E008C2202 ConfigurationManager, init=-1: [697284a1-d11d-418f-a126-0a1702dcd3f0:192.168.69.88:36863], old=null, confs=<EMPTY_MAP>
2019-07-16 15:42:27,931 INFO  server.RaftServerConfigKeys (ConfUtils.java:logGet(43)) - raft.server.storage.dir = [/workdir/hadoop-ozone/integration-test/target/test-dir/MiniOzoneClusterImpl-b07bb8e2-099d-4112-93c2-49344ba21f2d/datanode-6/data/ratis] (custom)
2019-07-16 15:42:27,931 INFO  storage.RaftStorageDirectory (RaftStorageDirectory.java:analyzeStorage(246)) - The storage directory /workdir/hadoop-ozone/integration-test/target/test-dir/MiniOzoneClusterImpl-b07bb8e2-099d-4112-93c2-49344ba21f2d/datanode-6/data/ratis/fe1c721e-caa3-49f9-8c3f-737e008c2202 does not exist. Creating ...
2019-07-16 15:42:27,943 INFO  storage.RaftStorageDirectory (RaftStorageDirectory.java:tryLock(328)) - Lock on /workdir/hadoop-ozone/integration-test/target/test-dir/MiniOzoneClusterImpl-b07bb8e2-099d-4112-93c2-49344ba21f2d/datanode-6/data/ratis/fe1c721e-caa3-49f9-8c3f-737e008c2202/in_use.lock acquired by nodename 18277@trunk-nightly-kgw5x-1882989438
2019-07-16 15:42:27,955 INFO  rpc.RpcClient (RpcClient.java:createVolume(287)) - Creating Volume: testblockoutputstream, with jenkins1000 as owner.
2019-07-16 15:42:27,957 INFO  storage.RaftStorage (RaftStorage.java:format(72)) - Storage directory /workdir/hadoop-ozone/integration-test/target/test-dir/MiniOzoneClusterImpl-b07bb8e2-099d-4112-93c2-49344ba21f2d/datanode-6/data/ratis/fe1c721e-caa3-49f9-8c3f-737e008c2202 has been successfully formatted.
2019-07-16 15:42:27,957 INFO  ratis.ContainerStateMachine (ContainerStateMachine.java:loadSnapshot(200)) - group-737E008C2202: The snapshot info is null. Setting the last applied indexto:(t:0, i:~)
2019-07-16 15:42:27,957 INFO  server.RaftServerConfigKeys (ConfUtils.java:logGet(43)) - raft.server.leader.election.timeout = 120s (custom)
2019-07-16 15:42:27,957 INFO  server.RaftServerConfigKeys (ConfUtils.java:logGet(43)) - raft.server.log.use.memory = false (default)
2019-07-16 15:42:27,957 INFO  server.RaftServerConfigKeys (ConfUtils.java:logGet(43)) - raft.server.log.purge.gap = 1000000000 (custom)
2019-07-16 15:42:27,958 INFO  server.RaftServerConfigKeys (ConfUtils.java:logGet(43)) - raft.server.log.appender.buffer.byte-limit = 33554432 (custom)
2019-07-16 15:42:27,958 INFO  server.RaftServerConfigKeys (ConfUtils.java:logGet(43)) - raft.server.log.segment.size.max = 1048576 (custom)
2019-07-16 15:42:27,960 INFO  server.RaftServerConfigKeys (ConfUtils.java:logGet(43)) - raft.server.log.segment.cache.num.max = 2 (custom)
2019-07-16 15:42:27,960 INFO  segmented.SegmentedRaftLogWorker (SegmentedRaftLogWorker.java:<init>(172)) - new 697284a1-d11d-418f-a126-0a1702dcd3f0-SegmentedRaftLogWorker:Storage Directory /workdir/hadoop-ozone/integration-test/target/test-dir/MiniOzoneClusterImpl-b07bb8e2-099d-4112-93c2-49344ba21f2d/datanode-6/data/ratis/fe1c721e-caa3-49f9-8c3f-737e008c2202 for RaftStorage:Storage Directory /workdir/hadoop-ozone/integration-test/target/test-dir/MiniOzoneClusterImpl-b07bb8e2-099d-4112-93c2-49344ba21f2d/datanode-6/data/ratis/fe1c721e-caa3-49f9-8c3f-737e008c2202
2019-07-16 15:42:27,960 INFO  server.RaftServerConfigKeys (ConfUtils.java:logGet(43)) - raft.server.log.queue.byte-limit = 2147483647 (custom)
2019-07-16 15:42:27,960 INFO  server.RaftServerConfigKeys (ConfUtils.java:logGet(43)) - raft.server.log.queue.element-limit = 1024 (custom)
2019-07-16 15:42:27,961 INFO  server.RaftServerConfigKeys (ConfUtils.java:logGet(43)) - raft.server.log.segment.size.max = 1048576 (custom)
2019-07-16 15:42:27,961 INFO  server.RaftServerConfigKeys (ConfUtils.java:logGet(43)) - raft.server.log.preallocated.size = 16384 (custom)
2019-07-16 15:42:27,967 INFO  server.RaftServerConfigKeys (ConfUtils.java:logGet(43)) - raft.server.log.write.buffer.size = 33554432 (custom)
2019-07-16 15:42:27,969 INFO  server.RaftServerConfigKeys (ConfUtils.java:logGet(43)) - raft.server.log.force.sync.num = 128 (default)
2019-07-16 15:42:27,969 INFO  server.RaftServerConfigKeys (ConfUtils.java:logGet(43)) - raft.server.log.statemachine.data.sync = true (default)
2019-07-16 15:42:27,969 INFO  server.RaftServerConfigKeys (ConfUtils.java:logGet(43)) - raft.server.log.statemachine.data.sync.timeout = 10s (default)
2019-07-16 15:42:27,969 INFO  server.RaftServerConfigKeys (ConfUtils.java:logGet(43)) - raft.server.log.statemachine.data.sync.timeout.retry = -1 (default)
2019-07-16 15:42:27,969 INFO  rpc.RpcClient (RpcClient.java:createBucket(424)) - Creating Bucket: testblockoutputstream/testblockoutputstream, with Versioning false and Storage Type set to DISK and Encryption set to false 
2019-07-16 15:42:27,969 INFO  server.RaftServerConfigKeys (ConfUtils.java:logGet(43)) - raft.server.log.statemachine.data.caching.enabled = true (custom)
2019-07-16 15:42:27,970 INFO  segmented.SegmentedRaftLogWorker (SegmentedRaftLogWorker.java:lambda$new$0(132)) - 697284a1-d11d-418f-a126-0a1702dcd3f0-SegmentedRaftLogWorker:Storage Directory /workdir/hadoop-ozone/integration-test/target/test-dir/MiniOzoneClusterImpl-b07bb8e2-099d-4112-93c2-49344ba21f2d/datanode-6/data/ratis/fe1c721e-caa3-49f9-8c3f-737e008c2202: flushIndex: setUnconditionally 0 -> -1
2019-07-16 15:42:27,970 INFO  server.RaftServerConfigKeys (ConfUtils.java:logGet(43)) - raft.server.snapshot.auto.trigger.enabled = true (custom)
2019-07-16 15:42:27,970 INFO  server.RaftServerConfigKeys (ConfUtils.java:logGet(43)) - raft.server.snapshot.auto.trigger.threshold = 10000 (custom)
2019-07-16 15:42:27,970 INFO  server.RaftServerConfigKeys (ConfUtils.java:logGet(43)) - raft.server.retrycache.expirytime = 600000ms (custom)
2019-07-16 15:42:27,972 INFO  impl.RaftServerImpl (RaftServerImpl.java:start(180)) - 697284a1-d11d-418f-a126-0a1702dcd3f0: start group-737E008C2202
2019-07-16 15:42:27,973 INFO  impl.RaftServerImpl (RaftServerImpl.java:setRole(171)) - 697284a1-d11d-418f-a126-0a1702dcd3f0:group-737E008C2202 changes role from null to FOLLOWER at term 0 for startAsFollower
2019-07-16 15:42:27,973 INFO  impl.RoleInfo (RoleInfo.java:updateAndGet(143)) - 697284a1-d11d-418f-a126-0a1702dcd3f0: start FollowerState
2019-07-16 15:42:27,973 INFO  util.JmxRegister (JmxRegister.java:tryRegister(44)) - Successfully registered JMX Bean with object name Ratis:service=RaftServer,group=group-737E008C2202,id=697284a1-d11d-418f-a126-0a1702dcd3f0
2019-07-16 15:42:27,977 INFO  pipeline.PipelineStateManager (PipelineStateManager.java:addPipeline(56)) - Created pipeline Pipeline[ Id: fe1c721e-caa3-49f9-8c3f-737e008c2202, Nodes: 697284a1-d11d-418f-a126-0a1702dcd3f0{ip: 192.168.69.88, host: trunk-nightly-kgw5x-1882989438, networkLocation: /default-rack, certSerialId: null}, Type:RATIS, Factor:ONE, State:OPEN]
2019-07-16 15:42:27,996 INFO  client.GrpcClientProtocolClient (GrpcClientProtocolClient.java:onNext(255)) - client-7901533A499A->9313a0f7-98a1-461c-840d-c36ea641d6aa: receive RaftClientReply:client-7901533A499A->9313a0f7-98a1-461c-840d-c36ea641d6aa@group-7F3E606E73C1, cid=226, FAILED org.apache.ratis.protocol.NotLeaderException: Server 9313a0f7-98a1-461c-840d-c36ea641d6aa is not the leader (null). Request must be sent to leader., logIndex=0, commits[9313a0f7-98a1-461c-840d-c36ea641d6aa:c-1]
2019-07-16 15:42:29,017 INFO  client.GrpcClientProtocolClient (GrpcClientProtocolClient.java:onNext(255)) - client-7901533A499A->77e4f8b7-d59d-497c-bbb1-675dab87ac04: receive RaftClientReply:client-7901533A499A->77e4f8b7-d59d-497c-bbb1-675dab87ac04@group-7F3E606E73C1, cid=226, FAILED org.apache.ratis.protocol.NotLeaderException: Server 77e4f8b7-d59d-497c-bbb1-675dab87ac04 is not the leader (null). Request must be sent to leader., logIndex=0, commits[77e4f8b7-d59d-497c-bbb1-675dab87ac04:c-1]
2019-07-16 15:42:29,898 INFO  container.ReplicationManager (ReplicationManager.java:start(155)) - Starting Replication Monitor Thread.
2019-07-16 15:42:29,903 INFO  container.ReplicationManager (ReplicationManager.java:run(207)) - Replication Monitor Thread took 0 milliseconds for processing 1 containers.
2019-07-16 15:42:30,043 INFO  client.GrpcClientProtocolClient (GrpcClientProtocolClient.java:onNext(255)) - client-7901533A499A->9313a0f7-98a1-461c-840d-c36ea641d6aa: receive RaftClientReply:client-7901533A499A->9313a0f7-98a1-461c-840d-c36ea641d6aa@group-7F3E606E73C1, cid=226, FAILED org.apache.ratis.protocol.NotLeaderException: Server 9313a0f7-98a1-461c-840d-c36ea641d6aa is not the leader (null). Request must be sent to leader., logIndex=0, commits[9313a0f7-98a1-461c-840d-c36ea641d6aa:c-1]
2019-07-16 15:42:31,061 INFO  client.GrpcClientProtocolClient (GrpcClientProtocolClient.java:onNext(255)) - client-7901533A499A->249489b4-a9bf-4bb8-b6bf-665e94975bf6: receive RaftClientReply:client-7901533A499A->249489b4-a9bf-4bb8-b6bf-665e94975bf6@group-7F3E606E73C1, cid=226, FAILED org.apache.ratis.protocol.NotLeaderException: Server 249489b4-a9bf-4bb8-b6bf-665e94975bf6 is not the leader (null). Request must be sent to leader., logIndex=0, commits[249489b4-a9bf-4bb8-b6bf-665e94975bf6:c-1]
2019-07-16 15:42:32,022 INFO  impl.FollowerState (FollowerState.java:run(106)) - 1d28faee-d621-49d2-9605-69824b6a2a71:group-09F825896C10 changes to CANDIDATE, lastRpcTime:5081, electionTimeout:5081ms
2019-07-16 15:42:32,023 INFO  impl.RoleInfo (RoleInfo.java:shutdownFollowerState(121)) - 1d28faee-d621-49d2-9605-69824b6a2a71: shutdown FollowerState
2019-07-16 15:42:32,023 INFO  impl.RaftServerImpl (RaftServerImpl.java:setRole(171)) - 1d28faee-d621-49d2-9605-69824b6a2a71:group-09F825896C10 changes role from FOLLOWER to CANDIDATE at term 0 for changeToCandidate
2019-07-16 15:42:32,023 INFO  impl.RoleInfo (RoleInfo.java:updateAndGet(143)) - 1d28faee-d621-49d2-9605-69824b6a2a71: start LeaderElection
2019-07-16 15:42:32,048 INFO  impl.LeaderElection (LeaderElection.java:askForVotes(181)) - 1d28faee-d621-49d2-9605-69824b6a2a71:group-09F825896C10:LeaderElection90: begin an election at term 1 for -1: [1d28faee-d621-49d2-9605-69824b6a2a71:192.168.69.88:44963], old=null
2019-07-16 15:42:32,048 INFO  impl.RoleInfo (RoleInfo.java:shutdownLeaderElection(134)) - 1d28faee-d621-49d2-9605-69824b6a2a71: shutdown LeaderElection
2019-07-16 15:42:32,048 INFO  impl.RaftServerImpl (RaftServerImpl.java:setRole(171)) - 1d28faee-d621-49d2-9605-69824b6a2a71:group-09F825896C10 changes role from CANDIDATE to LEADER at term 1 for changeToLeader
2019-07-16 15:42:32,048 INFO  impl.RaftServerImpl (ServerState.java:setLeader(263)) - 1d28faee-d621-49d2-9605-69824b6a2a71:group-09F825896C10 change Leader from null to 1d28faee-d621-49d2-9605-69824b6a2a71 at term 1 for becomeLeader, leader elected after 5112ms
2019-07-16 15:42:32,051 INFO  server.RaftServerConfigKeys (ConfUtils.java:logGet(43)) - raft.server.staging.catchup.gap = 1000 (default)
2019-07-16 15:42:32,051 INFO  server.RaftServerConfigKeys (ConfUtils.java:logGet(43)) - raft.server.rpc.sleep.time = 25ms (default)
2019-07-16 15:42:32,051 INFO  server.RaftServerConfigKeys (ConfUtils.java:logGet(43)) - raft.server.write.element-limit = 4096 (default)
2019-07-16 15:42:32,051 INFO  server.RaftServerConfigKeys (ConfUtils.java:logGet(43)) - raft.server.watch.timeout = 10s (default)
2019-07-16 15:42:32,052 INFO  server.RaftServerConfigKeys (ConfUtils.java:logGet(43)) - raft.server.watch.timeout.denomination = 1s (default)
2019-07-16 15:42:32,052 INFO  server.RaftServerConfigKeys (ConfUtils.java:logGet(43)) - raft.server.watch.element-limit = 65536 (default)
2019-07-16 15:42:32,052 INFO  impl.RoleInfo (RoleInfo.java:updateAndGet(143)) - 1d28faee-d621-49d2-9605-69824b6a2a71: start LeaderState
2019-07-16 15:42:32,052 INFO  segmented.SegmentedRaftLogWorker (SegmentedRaftLogWorker.java:startLogSegment(380)) - 1d28faee-d621-49d2-9605-69824b6a2a71-SegmentedRaftLogWorker:Storage Directory /workdir/hadoop-ozone/integration-test/target/test-dir/MiniOzoneClusterImpl-b07bb8e2-099d-4112-93c2-49344ba21f2d/datanode-0/data/ratis/e2e6c36b-473e-431b-ad3b-09f825896c10: Starting segment from index:0
2019-07-16 15:42:32,053 INFO  impl.RaftServerImpl (ServerState.java:setRaftConf(361)) - 1d28faee-d621-49d2-9605-69824b6a2a71:group-09F825896C10 set configuration 0: [1d28faee-d621-49d2-9605-69824b6a2a71:192.168.69.88:44963], old=null at 0
2019-07-16 15:42:32,078 INFO  client.GrpcClientProtocolClient (GrpcClientProtocolClient.java:onNext(255)) - client-7901533A499A->9313a0f7-98a1-461c-840d-c36ea641d6aa: receive RaftClientReply:client-7901533A499A->9313a0f7-98a1-461c-840d-c36ea641d6aa@group-7F3E606E73C1, cid=226, FAILED org.apache.ratis.protocol.NotLeaderException: Server 9313a0f7-98a1-461c-840d-c36ea641d6aa is not the leader (null). Request must be sent to leader., logIndex=0, commits[9313a0f7-98a1-461c-840d-c36ea641d6aa:c-1]
2019-07-16 15:42:32,099 INFO  segmented.SegmentedRaftLogWorker (SegmentedRaftLogWorker.java:execute(569)) - 1d28faee-d621-49d2-9605-69824b6a2a71-SegmentedRaftLogWorker:Storage Directory /workdir/hadoop-ozone/integration-test/target/test-dir/MiniOzoneClusterImpl-b07bb8e2-099d-4112-93c2-49344ba21f2d/datanode-0/data/ratis/e2e6c36b-473e-431b-ad3b-09f825896c10: created new log segment /workdir/hadoop-ozone/integration-test/target/test-dir/MiniOzoneClusterImpl-b07bb8e2-099d-4112-93c2-49344ba21f2d/datanode-0/data/ratis/e2e6c36b-473e-431b-ad3b-09f825896c10/current/log_inprogress_0
2019-07-16 15:42:32,120 INFO  impl.FollowerState (FollowerState.java:run(106)) - b6cabe97-db9a-4a69-907a-1cb6b9206666:group-A105104C633D changes to CANDIDATE, lastRpcTime:5031, electionTimeout:5031ms
2019-07-16 15:42:32,120 INFO  impl.RoleInfo (RoleInfo.java:shutdownFollowerState(121)) - b6cabe97-db9a-4a69-907a-1cb6b9206666: shutdown FollowerState
2019-07-16 15:42:32,120 INFO  impl.RaftServerImpl (RaftServerImpl.java:setRole(171)) - b6cabe97-db9a-4a69-907a-1cb6b9206666:group-A105104C633D changes role from FOLLOWER to CANDIDATE at term 0 for changeToCandidate
2019-07-16 15:42:32,120 INFO  impl.RoleInfo (RoleInfo.java:updateAndGet(143)) - b6cabe97-db9a-4a69-907a-1cb6b9206666: start LeaderElection
2019-07-16 15:42:32,142 INFO  impl.LeaderElection (LeaderElection.java:askForVotes(181)) - b6cabe97-db9a-4a69-907a-1cb6b9206666:group-A105104C633D:LeaderElection91: begin an election at term 1 for -1: [b6cabe97-db9a-4a69-907a-1cb6b9206666:192.168.69.88:39102], old=null
2019-07-16 15:42:32,142 INFO  impl.RoleInfo (RoleInfo.java:shutdownLeaderElection(134)) - b6cabe97-db9a-4a69-907a-1cb6b9206666: shutdown LeaderElection
2019-07-16 15:42:32,142 INFO  impl.RaftServerImpl (RaftServerImpl.java:setRole(171)) - b6cabe97-db9a-4a69-907a-1cb6b9206666:group-A105104C633D changes role from CANDIDATE to LEADER at term 1 for changeToLeader
2019-07-16 15:42:32,142 INFO  impl.RaftServerImpl (ServerState.java:setLeader(263)) - b6cabe97-db9a-4a69-907a-1cb6b9206666:group-A105104C633D change Leader from null to b6cabe97-db9a-4a69-907a-1cb6b9206666 at term 1 for becomeLeader, leader elected after 5058ms
2019-07-16 15:42:32,146 INFO  server.RaftServerConfigKeys (ConfUtils.java:logGet(43)) - raft.server.staging.catchup.gap = 1000 (default)
2019-07-16 15:42:32,146 INFO  server.RaftServerConfigKeys (ConfUtils.java:logGet(43)) - raft.server.rpc.sleep.time = 25ms (default)
2019-07-16 15:42:32,146 INFO  server.RaftServerConfigKeys (ConfUtils.java:logGet(43)) - raft.server.write.element-limit = 4096 (default)
2019-07-16 15:42:32,146 INFO  server.RaftServerConfigKeys (ConfUtils.java:logGet(43)) - raft.server.watch.timeout = 10s (default)
2019-07-16 15:42:32,146 INFO  server.RaftServerConfigKeys (ConfUtils.java:logGet(43)) - raft.server.watch.timeout.denomination = 1s (default)
2019-07-16 15:42:32,146 INFO  server.RaftServerConfigKeys (ConfUtils.java:logGet(43)) - raft.server.watch.element-limit = 65536 (default)
2019-07-16 15:42:32,147 INFO  impl.RoleInfo (RoleInfo.java:updateAndGet(143)) - b6cabe97-db9a-4a69-907a-1cb6b9206666: start LeaderState
2019-07-16 15:42:32,147 INFO  segmented.SegmentedRaftLogWorker (SegmentedRaftLogWorker.java:startLogSegment(380)) - b6cabe97-db9a-4a69-907a-1cb6b9206666-SegmentedRaftLogWorker:Storage Directory /workdir/hadoop-ozone/integration-test/target/test-dir/MiniOzoneClusterImpl-b07bb8e2-099d-4112-93c2-49344ba21f2d/datanode-1/data/ratis/61bc89f6-d7ee-4604-a6a1-a105104c633d: Starting segment from index:0
2019-07-16 15:42:32,147 INFO  impl.RaftServerImpl (ServerState.java:setRaftConf(361)) - b6cabe97-db9a-4a69-907a-1cb6b9206666:group-A105104C633D set configuration 0: [b6cabe97-db9a-4a69-907a-1cb6b9206666:192.168.69.88:39102], old=null at 0
2019-07-16 15:42:32,180 INFO  segmented.SegmentedRaftLogWorker (SegmentedRaftLogWorker.java:execute(569)) - b6cabe97-db9a-4a69-907a-1cb6b9206666-SegmentedRaftLogWorker:Storage Directory /workdir/hadoop-ozone/integration-test/target/test-dir/MiniOzoneClusterImpl-b07bb8e2-099d-4112-93c2-49344ba21f2d/datanode-1/data/ratis/61bc89f6-d7ee-4604-a6a1-a105104c633d: created new log segment /workdir/hadoop-ozone/integration-test/target/test-dir/MiniOzoneClusterImpl-b07bb8e2-099d-4112-93c2-49344ba21f2d/datanode-1/data/ratis/61bc89f6-d7ee-4604-a6a1-a105104c633d/current/log_inprogress_0
2019-07-16 15:42:32,294 INFO  impl.FollowerState (FollowerState.java:run(106)) - eab4b452-7cde-48e1-ad5f-93aada3f67c1:group-8642B740A51F changes to CANDIDATE, lastRpcTime:5030, electionTimeout:5030ms
2019-07-16 15:42:32,294 INFO  impl.RoleInfo (RoleInfo.java:shutdownFollowerState(121)) - eab4b452-7cde-48e1-ad5f-93aada3f67c1: shutdown FollowerState
2019-07-16 15:42:32,294 INFO  impl.RaftServerImpl (RaftServerImpl.java:setRole(171)) - eab4b452-7cde-48e1-ad5f-93aada3f67c1:group-8642B740A51F changes role from FOLLOWER to CANDIDATE at term 0 for changeToCandidate
2019-07-16 15:42:32,294 INFO  impl.RoleInfo (RoleInfo.java:updateAndGet(143)) - eab4b452-7cde-48e1-ad5f-93aada3f67c1: start LeaderElection
2019-07-16 15:42:32,315 INFO  impl.LeaderElection (LeaderElection.java:askForVotes(181)) - eab4b452-7cde-48e1-ad5f-93aada3f67c1:group-8642B740A51F:LeaderElection92: begin an election at term 1 for -1: [eab4b452-7cde-48e1-ad5f-93aada3f67c1:192.168.69.88:35899], old=null
2019-07-16 15:42:32,315 INFO  impl.RoleInfo (RoleInfo.java:shutdownLeaderElection(134)) - eab4b452-7cde-48e1-ad5f-93aada3f67c1: shutdown LeaderElection
2019-07-16 15:42:32,315 INFO  impl.RaftServerImpl (RaftServerImpl.java:setRole(171)) - eab4b452-7cde-48e1-ad5f-93aada3f67c1:group-8642B740A51F changes role from CANDIDATE to LEADER at term 1 for changeToLeader
2019-07-16 15:42:32,316 INFO  impl.RaftServerImpl (ServerState.java:setLeader(263)) - eab4b452-7cde-48e1-ad5f-93aada3f67c1:group-8642B740A51F change Leader from null to eab4b452-7cde-48e1-ad5f-93aada3f67c1 at term 1 for becomeLeader, leader elected after 5056ms
2019-07-16 15:42:32,318 INFO  server.RaftServerConfigKeys (ConfUtils.java:logGet(43)) - raft.server.staging.catchup.gap = 1000 (default)
2019-07-16 15:42:32,318 INFO  server.RaftServerConfigKeys (ConfUtils.java:logGet(43)) - raft.server.rpc.sleep.time = 25ms (default)
2019-07-16 15:42:32,318 INFO  server.RaftServerConfigKeys (ConfUtils.java:logGet(43)) - raft.server.write.element-limit = 4096 (default)
2019-07-16 15:42:32,319 INFO  server.RaftServerConfigKeys (ConfUtils.java:logGet(43)) - raft.server.watch.timeout = 10s (default)
2019-07-16 15:42:32,319 INFO  server.RaftServerConfigKeys (ConfUtils.java:logGet(43)) - raft.server.watch.timeout.denomination = 1s (default)
2019-07-16 15:42:32,319 INFO  server.RaftServerConfigKeys (ConfUtils.java:logGet(43)) - raft.server.watch.element-limit = 65536 (default)
2019-07-16 15:42:32,319 INFO  impl.RoleInfo (RoleInfo.java:updateAndGet(143)) - eab4b452-7cde-48e1-ad5f-93aada3f67c1: start LeaderState
2019-07-16 15:42:32,319 INFO  segmented.SegmentedRaftLogWorker (SegmentedRaftLogWorker.java:startLogSegment(380)) - eab4b452-7cde-48e1-ad5f-93aada3f67c1-SegmentedRaftLogWorker:Storage Directory /workdir/hadoop-ozone/integration-test/target/test-dir/MiniOzoneClusterImpl-b07bb8e2-099d-4112-93c2-49344ba21f2d/datanode-2/data/ratis/b7714ba3-9a81-4bb3-8410-8642b740a51f: Starting segment from index:0
2019-07-16 15:42:32,320 INFO  impl.RaftServerImpl (ServerState.java:setRaftConf(361)) - eab4b452-7cde-48e1-ad5f-93aada3f67c1:group-8642B740A51F set configuration 0: [eab4b452-7cde-48e1-ad5f-93aada3f67c1:192.168.69.88:35899], old=null at 0
2019-07-16 15:42:32,342 INFO  segmented.SegmentedRaftLogWorker (SegmentedRaftLogWorker.java:execute(569)) - eab4b452-7cde-48e1-ad5f-93aada3f67c1-SegmentedRaftLogWorker:Storage Directory /workdir/hadoop-ozone/integration-test/target/test-dir/MiniOzoneClusterImpl-b07bb8e2-099d-4112-93c2-49344ba21f2d/datanode-2/data/ratis/b7714ba3-9a81-4bb3-8410-8642b740a51f: created new log segment /workdir/hadoop-ozone/integration-test/target/test-dir/MiniOzoneClusterImpl-b07bb8e2-099d-4112-93c2-49344ba21f2d/datanode-2/data/ratis/b7714ba3-9a81-4bb3-8410-8642b740a51f/current/log_inprogress_0
2019-07-16 15:42:32,350 INFO  impl.FollowerState (FollowerState.java:run(106)) - 1d28faee-d621-49d2-9605-69824b6a2a71:group-85568D8F1DA0 changes to CANDIDATE, lastRpcTime:5015, electionTimeout:5015ms
2019-07-16 15:42:32,350 INFO  impl.RoleInfo (RoleInfo.java:shutdownFollowerState(121)) - 1d28faee-d621-49d2-9605-69824b6a2a71: shutdown FollowerState
2019-07-16 15:42:32,350 INFO  impl.RaftServerImpl (RaftServerImpl.java:setRole(171)) - 1d28faee-d621-49d2-9605-69824b6a2a71:group-85568D8F1DA0 changes role from FOLLOWER to CANDIDATE at term 0 for changeToCandidate
2019-07-16 15:42:32,350 INFO  impl.RoleInfo (RoleInfo.java:updateAndGet(143)) - 1d28faee-d621-49d2-9605-69824b6a2a71: start LeaderElection
2019-07-16 15:42:32,389 INFO  impl.LeaderElection (LeaderElection.java:askForVotes(181)) - 1d28faee-d621-49d2-9605-69824b6a2a71:group-85568D8F1DA0:LeaderElection93: begin an election at term 1 for -1: [eab4b452-7cde-48e1-ad5f-93aada3f67c1:192.168.69.88:35899, b6cabe97-db9a-4a69-907a-1cb6b9206666:192.168.69.88:39102, 1d28faee-d621-49d2-9605-69824b6a2a71:192.168.69.88:44963], old=null
2019-07-16 15:42:32,398 INFO  impl.RaftServerImpl (RaftServerImpl.java:setRole(171)) - b6cabe97-db9a-4a69-907a-1cb6b9206666:group-85568D8F1DA0 changes role from FOLLOWER to FOLLOWER at term 1 for recognizeCandidate:1d28faee-d621-49d2-9605-69824b6a2a71
2019-07-16 15:42:32,398 INFO  impl.RaftServerImpl (RaftServerImpl.java:setRole(171)) - eab4b452-7cde-48e1-ad5f-93aada3f67c1:group-85568D8F1DA0 changes role from FOLLOWER to FOLLOWER at term 1 for recognizeCandidate:1d28faee-d621-49d2-9605-69824b6a2a71
2019-07-16 15:42:32,398 INFO  impl.RoleInfo (RoleInfo.java:shutdownFollowerState(121)) - b6cabe97-db9a-4a69-907a-1cb6b9206666: shutdown FollowerState
2019-07-16 15:42:32,398 INFO  impl.RoleInfo (RoleInfo.java:shutdownFollowerState(121)) - eab4b452-7cde-48e1-ad5f-93aada3f67c1: shutdown FollowerState
2019-07-16 15:42:32,398 INFO  impl.FollowerState (FollowerState.java:run(114)) - b6cabe97-db9a-4a69-907a-1cb6b9206666: FollowerState was interrupted: java.lang.InterruptedException: sleep interrupted
2019-07-16 15:42:32,398 INFO  impl.RoleInfo (RoleInfo.java:updateAndGet(143)) - b6cabe97-db9a-4a69-907a-1cb6b9206666: start FollowerState
2019-07-16 15:42:32,399 INFO  impl.FollowerState (FollowerState.java:run(114)) - eab4b452-7cde-48e1-ad5f-93aada3f67c1: FollowerState was interrupted: java.lang.InterruptedException: sleep interrupted
2019-07-16 15:42:32,398 INFO  impl.RoleInfo (RoleInfo.java:updateAndGet(143)) - eab4b452-7cde-48e1-ad5f-93aada3f67c1: start FollowerState
2019-07-16 15:42:32,424 INFO  impl.LeaderElection (LeaderElection.java:logAndReturn(56)) - 1d28faee-d621-49d2-9605-69824b6a2a71:group-85568D8F1DA0:LeaderElection93: Election PASSED; received 1 response(s) [1d28faee-d621-49d2-9605-69824b6a2a71<-b6cabe97-db9a-4a69-907a-1cb6b9206666#0:OK-t1] and 0 exception(s); 1d28faee-d621-49d2-9605-69824b6a2a71:t1, leader=null, voted=1d28faee-d621-49d2-9605-69824b6a2a71, raftlog=1d28faee-d621-49d2-9605-69824b6a2a71-SegmentedRaftLog:OPENED:c-1,f-1,i0, conf=-1: [eab4b452-7cde-48e1-ad5f-93aada3f67c1:192.168.69.88:35899, b6cabe97-db9a-4a69-907a-1cb6b9206666:192.168.69.88:39102, 1d28faee-d621-49d2-9605-69824b6a2a71:192.168.69.88:44963], old=null
2019-07-16 15:42:32,425 INFO  impl.RoleInfo (RoleInfo.java:shutdownLeaderElection(134)) - 1d28faee-d621-49d2-9605-69824b6a2a71: shutdown LeaderElection
2019-07-16 15:42:32,425 INFO  impl.RaftServerImpl (RaftServerImpl.java:setRole(171)) - 1d28faee-d621-49d2-9605-69824b6a2a71:group-85568D8F1DA0 changes role from CANDIDATE to LEADER at term 1 for changeToLeader
2019-07-16 15:42:32,425 INFO  impl.RaftServerImpl (ServerState.java:setLeader(263)) - 1d28faee-d621-49d2-9605-69824b6a2a71:group-85568D8F1DA0 change Leader from null to 1d28faee-d621-49d2-9605-69824b6a2a71 at term 1 for becomeLeader, leader elected after 5105ms
2019-07-16 15:42:32,425 INFO  server.RaftServerConfigKeys (ConfUtils.java:logGet(43)) - raft.server.staging.catchup.gap = 1000 (default)
2019-07-16 15:42:32,425 INFO  server.RaftServerConfigKeys (ConfUtils.java:logGet(43)) - raft.server.rpc.sleep.time = 25ms (default)
2019-07-16 15:42:32,425 INFO  server.RaftServerConfigKeys (ConfUtils.java:logGet(43)) - raft.server.write.element-limit = 4096 (default)
2019-07-16 15:42:32,426 INFO  server.RaftServerConfigKeys (ConfUtils.java:logGet(43)) - raft.server.watch.timeout = 10s (default)
2019-07-16 15:42:32,426 INFO  server.RaftServerConfigKeys (ConfUtils.java:logGet(43)) - raft.server.watch.timeout.denomination = 1s (default)
2019-07-16 15:42:32,426 INFO  server.RaftServerConfigKeys (ConfUtils.java:logGet(43)) - raft.server.watch.element-limit = 65536 (default)
2019-07-16 15:42:32,426 INFO  server.RaftServerConfigKeys (ConfUtils.java:logGet(43)) - raft.server.log.appender.snapshot.chunk.size.max = 16MB (=16777216) (default)
2019-07-16 15:42:32,426 INFO  server.RaftServerConfigKeys (ConfUtils.java:logGet(43)) - raft.server.log.appender.buffer.byte-limit = 33554432 (custom)
2019-07-16 15:42:32,426 INFO  server.RaftServerConfigKeys (ConfUtils.java:logGet(43)) - raft.server.log.appender.buffer.element-limit = 1 (custom)
2019-07-16 15:42:32,427 INFO  grpc.GrpcConfigKeys$Server (ConfUtils.java:logGet(43)) - raft.grpc.server.leader.outstanding.appends.max = 128 (default)
2019-07-16 15:42:32,427 INFO  server.RaftServerConfigKeys (ConfUtils.java:logGet(43)) - raft.server.rpc.request.timeout = 3000ms (default)
2019-07-16 15:42:32,427 INFO  server.RaftServerConfigKeys (ConfUtils.java:logGet(43)) - raft.server.log.appender.install.snapshot.enabled = false (custom)
2019-07-16 15:42:32,427 INFO  server.RaftServerConfigKeys (ConfUtils.java:logGet(43)) - raft.server.log.appender.snapshot.chunk.size.max = 16MB (=16777216) (default)
2019-07-16 15:42:32,427 INFO  server.RaftServerConfigKeys (ConfUtils.java:logGet(43)) - raft.server.log.appender.buffer.byte-limit = 33554432 (custom)
2019-07-16 15:42:32,428 INFO  server.RaftServerConfigKeys (ConfUtils.java:logGet(43)) - raft.server.log.appender.buffer.element-limit = 1 (custom)
2019-07-16 15:42:32,428 INFO  grpc.GrpcConfigKeys$Server (ConfUtils.java:logGet(43)) - raft.grpc.server.leader.outstanding.appends.max = 128 (default)
2019-07-16 15:42:32,428 INFO  server.RaftServerConfigKeys (ConfUtils.java:logGet(43)) - raft.server.rpc.request.timeout = 3000ms (default)
2019-07-16 15:42:32,428 INFO  server.RaftServerConfigKeys (ConfUtils.java:logGet(43)) - raft.server.log.appender.install.snapshot.enabled = false (custom)
2019-07-16 15:42:32,428 INFO  impl.RoleInfo (RoleInfo.java:updateAndGet(143)) - 1d28faee-d621-49d2-9605-69824b6a2a71: start LeaderState
2019-07-16 15:42:32,429 INFO  segmented.SegmentedRaftLogWorker (SegmentedRaftLogWorker.java:startLogSegment(380)) - 1d28faee-d621-49d2-9605-69824b6a2a71-SegmentedRaftLogWorker:Storage Directory /workdir/hadoop-ozone/integration-test/target/test-dir/MiniOzoneClusterImpl-b07bb8e2-099d-4112-93c2-49344ba21f2d/datanode-0/data/ratis/6870142d-fae1-436e-9f72-85568d8f1da0: Starting segment from index:0
2019-07-16 15:42:32,431 INFO  impl.RaftServerImpl (ServerState.java:setRaftConf(361)) - 1d28faee-d621-49d2-9605-69824b6a2a71:group-85568D8F1DA0 set configuration 0: [eab4b452-7cde-48e1-ad5f-93aada3f67c1:192.168.69.88:35899, b6cabe97-db9a-4a69-907a-1cb6b9206666:192.168.69.88:39102, 1d28faee-d621-49d2-9605-69824b6a2a71:192.168.69.88:44963], old=null at 0
2019-07-16 15:42:32,454 INFO  impl.RaftServerImpl (ServerState.java:setLeader(263)) - eab4b452-7cde-48e1-ad5f-93aada3f67c1:group-85568D8F1DA0 change Leader from null to 1d28faee-d621-49d2-9605-69824b6a2a71 at term 1 for appendEntries, leader elected after 5134ms
2019-07-16 15:42:32,457 INFO  impl.RaftServerImpl (ServerState.java:setLeader(263)) - b6cabe97-db9a-4a69-907a-1cb6b9206666:group-85568D8F1DA0 change Leader from null to 1d28faee-d621-49d2-9605-69824b6a2a71 at term 1 for appendEntries, leader elected after 5138ms
2019-07-16 15:42:32,458 INFO  impl.RaftServerImpl (ServerState.java:setRaftConf(361)) - eab4b452-7cde-48e1-ad5f-93aada3f67c1:group-85568D8F1DA0 set configuration 0: [eab4b452-7cde-48e1-ad5f-93aada3f67c1:192.168.69.88:35899, b6cabe97-db9a-4a69-907a-1cb6b9206666:192.168.69.88:39102, 1d28faee-d621-49d2-9605-69824b6a2a71:192.168.69.88:44963], old=null at 0
2019-07-16 15:42:32,459 INFO  impl.RaftServerImpl (ServerState.java:setRaftConf(361)) - b6cabe97-db9a-4a69-907a-1cb6b9206666:group-85568D8F1DA0 set configuration 0: [eab4b452-7cde-48e1-ad5f-93aada3f67c1:192.168.69.88:35899, b6cabe97-db9a-4a69-907a-1cb6b9206666:192.168.69.88:39102, 1d28faee-d621-49d2-9605-69824b6a2a71:192.168.69.88:44963], old=null at 0
2019-07-16 15:42:32,459 INFO  segmented.SegmentedRaftLogWorker (SegmentedRaftLogWorker.java:startLogSegment(380)) - eab4b452-7cde-48e1-ad5f-93aada3f67c1-SegmentedRaftLogWorker:Storage Directory /workdir/hadoop-ozone/integration-test/target/test-dir/MiniOzoneClusterImpl-b07bb8e2-099d-4112-93c2-49344ba21f2d/datanode-2/data/ratis/6870142d-fae1-436e-9f72-85568d8f1da0: Starting segment from index:0
2019-07-16 15:42:32,459 INFO  segmented.SegmentedRaftLogWorker (SegmentedRaftLogWorker.java:startLogSegment(380)) - b6cabe97-db9a-4a69-907a-1cb6b9206666-SegmentedRaftLogWorker:Storage Directory /workdir/hadoop-ozone/integration-test/target/test-dir/MiniOzoneClusterImpl-b07bb8e2-099d-4112-93c2-49344ba21f2d/datanode-1/data/ratis/6870142d-fae1-436e-9f72-85568d8f1da0: Starting segment from index:0
2019-07-16 15:42:32,462 INFO  segmented.SegmentedRaftLogWorker (SegmentedRaftLogWorker.java:execute(569)) - 1d28faee-d621-49d2-9605-69824b6a2a71-SegmentedRaftLogWorker:Storage Directory /workdir/hadoop-ozone/integration-test/target/test-dir/MiniOzoneClusterImpl-b07bb8e2-099d-4112-93c2-49344ba21f2d/datanode-0/data/ratis/6870142d-fae1-436e-9f72-85568d8f1da0: created new log segment /workdir/hadoop-ozone/integration-test/target/test-dir/MiniOzoneClusterImpl-b07bb8e2-099d-4112-93c2-49344ba21f2d/datanode-0/data/ratis/6870142d-fae1-436e-9f72-85568d8f1da0/current/log_inprogress_0
2019-07-16 15:42:32,491 INFO  segmented.SegmentedRaftLogWorker (SegmentedRaftLogWorker.java:execute(569)) - eab4b452-7cde-48e1-ad5f-93aada3f67c1-SegmentedRaftLogWorker:Storage Directory /workdir/hadoop-ozone/integration-test/target/test-dir/MiniOzoneClusterImpl-b07bb8e2-099d-4112-93c2-49344ba21f2d/datanode-2/data/ratis/6870142d-fae1-436e-9f72-85568d8f1da0: created new log segment /workdir/hadoop-ozone/integration-test/target/test-dir/MiniOzoneClusterImpl-b07bb8e2-099d-4112-93c2-49344ba21f2d/datanode-2/data/ratis/6870142d-fae1-436e-9f72-85568d8f1da0/current/log_inprogress_0
2019-07-16 15:42:32,491 INFO  segmented.SegmentedRaftLogWorker (SegmentedRaftLogWorker.java:execute(569)) - b6cabe97-db9a-4a69-907a-1cb6b9206666-SegmentedRaftLogWorker:Storage Directory /workdir/hadoop-ozone/integration-test/target/test-dir/MiniOzoneClusterImpl-b07bb8e2-099d-4112-93c2-49344ba21f2d/datanode-1/data/ratis/6870142d-fae1-436e-9f72-85568d8f1da0: created new log segment /workdir/hadoop-ozone/integration-test/target/test-dir/MiniOzoneClusterImpl-b07bb8e2-099d-4112-93c2-49344ba21f2d/datanode-1/data/ratis/6870142d-fae1-436e-9f72-85568d8f1da0/current/log_inprogress_0
2019-07-16 15:42:32,573 INFO  impl.FollowerState (FollowerState.java:run(106)) - 249489b4-a9bf-4bb8-b6bf-665e94975bf6:group-C331CF0AF1AC changes to CANDIDATE, lastRpcTime:5143, electionTimeout:5127ms
2019-07-16 15:42:32,573 INFO  impl.RoleInfo (RoleInfo.java:shutdownFollowerState(121)) - 249489b4-a9bf-4bb8-b6bf-665e94975bf6: shutdown FollowerState
2019-07-16 15:42:32,573 INFO  impl.RaftServerImpl (RaftServerImpl.java:setRole(171)) - 249489b4-a9bf-4bb8-b6bf-665e94975bf6:group-C331CF0AF1AC changes role from FOLLOWER to CANDIDATE at term 0 for changeToCandidate
2019-07-16 15:42:32,574 INFO  impl.RoleInfo (RoleInfo.java:updateAndGet(143)) - 249489b4-a9bf-4bb8-b6bf-665e94975bf6: start LeaderElection
2019-07-16 15:42:32,755 INFO  impl.FollowerState (FollowerState.java:run(106)) - 9313a0f7-98a1-461c-840d-c36ea641d6aa:group-68CAA7D86BF3 changes to CANDIDATE, lastRpcTime:5145, electionTimeout:5074ms
2019-07-16 15:42:32,756 INFO  impl.RoleInfo (RoleInfo.java:shutdownFollowerState(121)) - 9313a0f7-98a1-461c-840d-c36ea641d6aa: shutdown FollowerState
2019-07-16 15:42:32,757 INFO  impl.RaftServerImpl (RaftServerImpl.java:setRole(171)) - 9313a0f7-98a1-461c-840d-c36ea641d6aa:group-68CAA7D86BF3 changes role from FOLLOWER to CANDIDATE at term 0 for changeToCandidate
2019-07-16 15:42:32,757 INFO  impl.RoleInfo (RoleInfo.java:updateAndGet(143)) - 9313a0f7-98a1-461c-840d-c36ea641d6aa: start LeaderElection
2019-07-16 15:42:32,779 INFO  impl.LeaderElection (LeaderElection.java:askForVotes(181)) - 249489b4-a9bf-4bb8-b6bf-665e94975bf6:group-C331CF0AF1AC:LeaderElection94: begin an election at term 1 for -1: [249489b4-a9bf-4bb8-b6bf-665e94975bf6:192.168.69.88:36950], old=null
2019-07-16 15:42:32,779 INFO  impl.RoleInfo (RoleInfo.java:shutdownLeaderElection(134)) - 249489b4-a9bf-4bb8-b6bf-665e94975bf6: shutdown LeaderElection
2019-07-16 15:42:32,779 INFO  impl.RaftServerImpl (RaftServerImpl.java:setRole(171)) - 249489b4-a9bf-4bb8-b6bf-665e94975bf6:group-C331CF0AF1AC changes role from CANDIDATE to LEADER at term 1 for changeToLeader
2019-07-16 15:42:32,779 INFO  impl.RaftServerImpl (ServerState.java:setLeader(263)) - 249489b4-a9bf-4bb8-b6bf-665e94975bf6:group-C331CF0AF1AC change Leader from null to 249489b4-a9bf-4bb8-b6bf-665e94975bf6 at term 1 for becomeLeader, leader elected after 5353ms
2019-07-16 15:42:32,782 INFO  server.RaftServerConfigKeys (ConfUtils.java:logGet(43)) - raft.server.staging.catchup.gap = 1000 (default)
2019-07-16 15:42:32,782 INFO  impl.LeaderElection (LeaderElection.java:askForVotes(181)) - 9313a0f7-98a1-461c-840d-c36ea641d6aa:group-68CAA7D86BF3:LeaderElection95: begin an election at term 1 for -1: [9313a0f7-98a1-461c-840d-c36ea641d6aa:192.168.69.88:40707], old=null
2019-07-16 15:42:32,782 INFO  server.RaftServerConfigKeys (ConfUtils.java:logGet(43)) - raft.server.rpc.sleep.time = 25ms (default)
2019-07-16 15:42:32,782 INFO  impl.RoleInfo (RoleInfo.java:shutdownLeaderElection(134)) - 9313a0f7-98a1-461c-840d-c36ea641d6aa: shutdown LeaderElection
2019-07-16 15:42:32,782 INFO  server.RaftServerConfigKeys (ConfUtils.java:logGet(43)) - raft.server.write.element-limit = 4096 (default)
2019-07-16 15:42:32,782 INFO  impl.RaftServerImpl (RaftServerImpl.java:setRole(171)) - 9313a0f7-98a1-461c-840d-c36ea641d6aa:group-68CAA7D86BF3 changes role from CANDIDATE to LEADER at term 1 for changeToLeader
2019-07-16 15:42:32,782 INFO  server.RaftServerConfigKeys (ConfUtils.java:logGet(43)) - raft.server.watch.timeout = 10s (default)
2019-07-16 15:42:32,783 INFO  impl.RaftServerImpl (ServerState.java:setLeader(263)) - 9313a0f7-98a1-461c-840d-c36ea641d6aa:group-68CAA7D86BF3 change Leader from null to 9313a0f7-98a1-461c-840d-c36ea641d6aa at term 1 for becomeLeader, leader elected after 5179ms
2019-07-16 15:42:32,783 INFO  server.RaftServerConfigKeys (ConfUtils.java:logGet(43)) - raft.server.watch.timeout.denomination = 1s (default)
2019-07-16 15:42:32,785 INFO  server.RaftServerConfigKeys (ConfUtils.java:logGet(43)) - raft.server.staging.catchup.gap = 1000 (default)
2019-07-16 15:42:32,785 INFO  server.RaftServerConfigKeys (ConfUtils.java:logGet(43)) - raft.server.watch.element-limit = 65536 (default)
2019-07-16 15:42:32,785 INFO  server.RaftServerConfigKeys (ConfUtils.java:logGet(43)) - raft.server.rpc.sleep.time = 25ms (default)
2019-07-16 15:42:32,785 INFO  impl.RoleInfo (RoleInfo.java:updateAndGet(143)) - 249489b4-a9bf-4bb8-b6bf-665e94975bf6: start LeaderState
2019-07-16 15:42:32,786 INFO  server.RaftServerConfigKeys (ConfUtils.java:logGet(43)) - raft.server.write.element-limit = 4096 (default)
2019-07-16 15:42:32,786 INFO  segmented.SegmentedRaftLogWorker (SegmentedRaftLogWorker.java:startLogSegment(380)) - 249489b4-a9bf-4bb8-b6bf-665e94975bf6-SegmentedRaftLogWorker:Storage Directory /workdir/hadoop-ozone/integration-test/target/test-dir/MiniOzoneClusterImpl-b07bb8e2-099d-4112-93c2-49344ba21f2d/datanode-3/data/ratis/1e1497f8-bcc9-496c-ab4a-c331cf0af1ac: Starting segment from index:0
2019-07-16 15:42:32,786 INFO  server.RaftServerConfigKeys (ConfUtils.java:logGet(43)) - raft.server.watch.timeout = 10s (default)
2019-07-16 15:42:32,786 INFO  server.RaftServerConfigKeys (ConfUtils.java:logGet(43)) - raft.server.watch.timeout.denomination = 1s (default)
2019-07-16 15:42:32,786 INFO  server.RaftServerConfigKeys (ConfUtils.java:logGet(43)) - raft.server.watch.element-limit = 65536 (default)
2019-07-16 15:42:32,786 INFO  impl.RaftServerImpl (ServerState.java:setRaftConf(361)) - 249489b4-a9bf-4bb8-b6bf-665e94975bf6:group-C331CF0AF1AC set configuration 0: [249489b4-a9bf-4bb8-b6bf-665e94975bf6:192.168.69.88:36950], old=null at 0
2019-07-16 15:42:32,786 INFO  impl.RoleInfo (RoleInfo.java:updateAndGet(143)) - 9313a0f7-98a1-461c-840d-c36ea641d6aa: start LeaderState
2019-07-16 15:42:32,806 INFO  segmented.SegmentedRaftLogWorker (SegmentedRaftLogWorker.java:startLogSegment(380)) - 9313a0f7-98a1-461c-840d-c36ea641d6aa-SegmentedRaftLogWorker:Storage Directory /workdir/hadoop-ozone/integration-test/target/test-dir/MiniOzoneClusterImpl-b07bb8e2-099d-4112-93c2-49344ba21f2d/datanode-4/data/ratis/0aa3cdef-62b7-4f25-8fe0-68caa7d86bf3: Starting segment from index:0
2019-07-16 15:42:32,807 INFO  impl.RaftServerImpl (ServerState.java:setRaftConf(361)) - 9313a0f7-98a1-461c-840d-c36ea641d6aa:group-68CAA7D86BF3 set configuration 0: [9313a0f7-98a1-461c-840d-c36ea641d6aa:192.168.69.88:40707], old=null at 0
2019-07-16 15:42:32,828 INFO  segmented.SegmentedRaftLogWorker (SegmentedRaftLogWorker.java:execute(569)) - 249489b4-a9bf-4bb8-b6bf-665e94975bf6-SegmentedRaftLogWorker:Storage Directory /workdir/hadoop-ozone/integration-test/target/test-dir/MiniOzoneClusterImpl-b07bb8e2-099d-4112-93c2-49344ba21f2d/datanode-3/data/ratis/1e1497f8-bcc9-496c-ab4a-c331cf0af1ac: created new log segment /workdir/hadoop-ozone/integration-test/target/test-dir/MiniOzoneClusterImpl-b07bb8e2-099d-4112-93c2-49344ba21f2d/datanode-3/data/ratis/1e1497f8-bcc9-496c-ab4a-c331cf0af1ac/current/log_inprogress_0
2019-07-16 15:42:32,840 INFO  segmented.SegmentedRaftLogWorker (SegmentedRaftLogWorker.java:execute(569)) - 9313a0f7-98a1-461c-840d-c36ea641d6aa-SegmentedRaftLogWorker:Storage Directory /workdir/hadoop-ozone/integration-test/target/test-dir/MiniOzoneClusterImpl-b07bb8e2-099d-4112-93c2-49344ba21f2d/datanode-4/data/ratis/0aa3cdef-62b7-4f25-8fe0-68caa7d86bf3: created new log segment /workdir/hadoop-ozone/integration-test/target/test-dir/MiniOzoneClusterImpl-b07bb8e2-099d-4112-93c2-49344ba21f2d/datanode-4/data/ratis/0aa3cdef-62b7-4f25-8fe0-68caa7d86bf3/current/log_inprogress_0
2019-07-16 15:42:32,849 INFO  impl.FollowerState (FollowerState.java:run(106)) - 249489b4-a9bf-4bb8-b6bf-665e94975bf6:group-7F3E606E73C1 changes to CANDIDATE, lastRpcTime:5008, electionTimeout:5008ms
2019-07-16 15:42:32,849 INFO  impl.RoleInfo (RoleInfo.java:shutdownFollowerState(121)) - 249489b4-a9bf-4bb8-b6bf-665e94975bf6: shutdown FollowerState
2019-07-16 15:42:32,849 INFO  impl.RaftServerImpl (RaftServerImpl.java:setRole(171)) - 249489b4-a9bf-4bb8-b6bf-665e94975bf6:group-7F3E606E73C1 changes role from FOLLOWER to CANDIDATE at term 0 for changeToCandidate
2019-07-16 15:42:32,849 INFO  impl.RoleInfo (RoleInfo.java:updateAndGet(143)) - 249489b4-a9bf-4bb8-b6bf-665e94975bf6: start LeaderElection
2019-07-16 15:42:32,861 INFO  impl.LeaderElection (LeaderElection.java:askForVotes(181)) - 249489b4-a9bf-4bb8-b6bf-665e94975bf6:group-7F3E606E73C1:LeaderElection96: begin an election at term 1 for -1: [249489b4-a9bf-4bb8-b6bf-665e94975bf6:192.168.69.88:36950, 9313a0f7-98a1-461c-840d-c36ea641d6aa:192.168.69.88:40707, 77e4f8b7-d59d-497c-bbb1-675dab87ac04:192.168.69.88:43059], old=null
2019-07-16 15:42:32,881 INFO  impl.RaftServerImpl (RaftServerImpl.java:setRole(171)) - 77e4f8b7-d59d-497c-bbb1-675dab87ac04:group-7F3E606E73C1 changes role from FOLLOWER to FOLLOWER at term 1 for recognizeCandidate:249489b4-a9bf-4bb8-b6bf-665e94975bf6
2019-07-16 15:42:32,881 INFO  impl.RaftServerImpl (RaftServerImpl.java:setRole(171)) - 9313a0f7-98a1-461c-840d-c36ea641d6aa:group-7F3E606E73C1 changes role from FOLLOWER to FOLLOWER at term 1 for recognizeCandidate:249489b4-a9bf-4bb8-b6bf-665e94975bf6
2019-07-16 15:42:32,881 INFO  impl.RoleInfo (RoleInfo.java:shutdownFollowerState(121)) - 77e4f8b7-d59d-497c-bbb1-675dab87ac04: shutdown FollowerState
2019-07-16 15:42:32,882 INFO  impl.RoleInfo (RoleInfo.java:shutdownFollowerState(121)) - 9313a0f7-98a1-461c-840d-c36ea641d6aa: shutdown FollowerState
2019-07-16 15:42:32,882 INFO  impl.FollowerState (FollowerState.java:run(114)) - 77e4f8b7-d59d-497c-bbb1-675dab87ac04: FollowerState was interrupted: java.lang.InterruptedException: sleep interrupted
2019-07-16 15:42:32,882 INFO  impl.RoleInfo (RoleInfo.java:updateAndGet(143)) - 77e4f8b7-d59d-497c-bbb1-675dab87ac04: start FollowerState
2019-07-16 15:42:32,882 INFO  impl.FollowerState (FollowerState.java:run(114)) - 9313a0f7-98a1-461c-840d-c36ea641d6aa: FollowerState was interrupted: java.lang.InterruptedException: sleep interrupted
2019-07-16 15:42:32,882 INFO  impl.RoleInfo (RoleInfo.java:updateAndGet(143)) - 9313a0f7-98a1-461c-840d-c36ea641d6aa: start FollowerState
2019-07-16 15:42:32,905 INFO  impl.LeaderElection (LeaderElection.java:logAndReturn(56)) - 249489b4-a9bf-4bb8-b6bf-665e94975bf6:group-7F3E606E73C1:LeaderElection96: Election PASSED; received 1 response(s) [249489b4-a9bf-4bb8-b6bf-665e94975bf6<-77e4f8b7-d59d-497c-bbb1-675dab87ac04#0:OK-t1] and 0 exception(s); 249489b4-a9bf-4bb8-b6bf-665e94975bf6:t1, leader=null, voted=249489b4-a9bf-4bb8-b6bf-665e94975bf6, raftlog=249489b4-a9bf-4bb8-b6bf-665e94975bf6-SegmentedRaftLog:OPENED:c-1,f-1,i0, conf=-1: [249489b4-a9bf-4bb8-b6bf-665e94975bf6:192.168.69.88:36950, 9313a0f7-98a1-461c-840d-c36ea641d6aa:192.168.69.88:40707, 77e4f8b7-d59d-497c-bbb1-675dab87ac04:192.168.69.88:43059], old=null
2019-07-16 15:42:32,905 INFO  impl.RoleInfo (RoleInfo.java:shutdownLeaderElection(134)) - 249489b4-a9bf-4bb8-b6bf-665e94975bf6: shutdown LeaderElection
2019-07-16 15:42:32,905 INFO  impl.RaftServerImpl (RaftServerImpl.java:setRole(171)) - 249489b4-a9bf-4bb8-b6bf-665e94975bf6:group-7F3E606E73C1 changes role from CANDIDATE to LEADER at term 1 for changeToLeader
2019-07-16 15:42:32,905 INFO  impl.RaftServerImpl (ServerState.java:setLeader(263)) - 249489b4-a9bf-4bb8-b6bf-665e94975bf6:group-7F3E606E73C1 change Leader from null to 249489b4-a9bf-4bb8-b6bf-665e94975bf6 at term 1 for becomeLeader, leader elected after 5078ms
2019-07-16 15:42:32,905 INFO  server.RaftServerConfigKeys (ConfUtils.java:logGet(43)) - raft.server.staging.catchup.gap = 1000 (default)
2019-07-16 15:42:32,905 INFO  server.RaftServerConfigKeys (ConfUtils.java:logGet(43)) - raft.server.rpc.sleep.time = 25ms (default)
2019-07-16 15:42:32,906 INFO  server.RaftServerConfigKeys (ConfUtils.java:logGet(43)) - raft.server.write.element-limit = 4096 (default)
2019-07-16 15:42:32,906 INFO  server.RaftServerConfigKeys (ConfUtils.java:logGet(43)) - raft.server.watch.timeout = 10s (default)
2019-07-16 15:42:32,906 INFO  server.RaftServerConfigKeys (ConfUtils.java:logGet(43)) - raft.server.watch.timeout.denomination = 1s (default)
2019-07-16 15:42:32,906 INFO  server.RaftServerConfigKeys (ConfUtils.java:logGet(43)) - raft.server.watch.element-limit = 65536 (default)
2019-07-16 15:42:32,906 INFO  server.RaftServerConfigKeys (ConfUtils.java:logGet(43)) - raft.server.log.appender.snapshot.chunk.size.max = 16MB (=16777216) (default)
2019-07-16 15:42:32,907 INFO  server.RaftServerConfigKeys (ConfUtils.java:logGet(43)) - raft.server.log.appender.buffer.byte-limit = 33554432 (custom)
2019-07-16 15:42:32,907 INFO  server.RaftServerConfigKeys (ConfUtils.java:logGet(43)) - raft.server.log.appender.buffer.element-limit = 1 (custom)
2019-07-16 15:42:32,907 INFO  grpc.GrpcConfigKeys$Server (ConfUtils.java:logGet(43)) - raft.grpc.server.leader.outstanding.appends.max = 128 (default)
2019-07-16 15:42:32,907 INFO  server.RaftServerConfigKeys (ConfUtils.java:logGet(43)) - raft.server.rpc.request.timeout = 3000ms (default)
2019-07-16 15:42:32,907 INFO  server.RaftServerConfigKeys (ConfUtils.java:logGet(43)) - raft.server.log.appender.install.snapshot.enabled = false (custom)
2019-07-16 15:42:32,908 INFO  server.RaftServerConfigKeys (ConfUtils.java:logGet(43)) - raft.server.log.appender.snapshot.chunk.size.max = 16MB (=16777216) (default)
2019-07-16 15:42:32,908 INFO  server.RaftServerConfigKeys (ConfUtils.java:logGet(43)) - raft.server.log.appender.buffer.byte-limit = 33554432 (custom)
2019-07-16 15:42:32,908 INFO  server.RaftServerConfigKeys (ConfUtils.java:logGet(43)) - raft.server.log.appender.buffer.element-limit = 1 (custom)
2019-07-16 15:42:32,908 INFO  grpc.GrpcConfigKeys$Server (ConfUtils.java:logGet(43)) - raft.grpc.server.leader.outstanding.appends.max = 128 (default)
2019-07-16 15:42:32,908 INFO  server.RaftServerConfigKeys (ConfUtils.java:logGet(43)) - raft.server.rpc.request.timeout = 3000ms (default)
2019-07-16 15:42:32,909 INFO  server.RaftServerConfigKeys (ConfUtils.java:logGet(43)) - raft.server.log.appender.install.snapshot.enabled = false (custom)
2019-07-16 15:42:32,909 INFO  impl.RoleInfo (RoleInfo.java:updateAndGet(143)) - 249489b4-a9bf-4bb8-b6bf-665e94975bf6: start LeaderState
2019-07-16 15:42:32,909 INFO  segmented.SegmentedRaftLogWorker (SegmentedRaftLogWorker.java:startLogSegment(380)) - 249489b4-a9bf-4bb8-b6bf-665e94975bf6-SegmentedRaftLogWorker:Storage Directory /workdir/hadoop-ozone/integration-test/target/test-dir/MiniOzoneClusterImpl-b07bb8e2-099d-4112-93c2-49344ba21f2d/datanode-3/data/ratis/a4e36e6d-cdb8-43a5-893c-7f3e606e73c1: Starting segment from index:0
2019-07-16 15:42:32,910 INFO  impl.RaftServerImpl (ServerState.java:setRaftConf(361)) - 249489b4-a9bf-4bb8-b6bf-665e94975bf6:group-7F3E606E73C1 set configuration 0: [249489b4-a9bf-4bb8-b6bf-665e94975bf6:192.168.69.88:36950, 9313a0f7-98a1-461c-840d-c36ea641d6aa:192.168.69.88:40707, 77e4f8b7-d59d-497c-bbb1-675dab87ac04:192.168.69.88:43059], old=null at 0
2019-07-16 15:42:32,930 INFO  impl.FollowerState (FollowerState.java:run(106)) - 77e4f8b7-d59d-497c-bbb1-675dab87ac04:group-1F68B065A156 changes to CANDIDATE, lastRpcTime:5170, electionTimeout:5167ms
2019-07-16 15:42:32,931 INFO  impl.RoleInfo (RoleInfo.java:shutdownFollowerState(121)) - 77e4f8b7-d59d-497c-bbb1-675dab87ac04: shutdown FollowerState
2019-07-16 15:42:32,931 INFO  impl.RaftServerImpl (RaftServerImpl.java:setRole(171)) - 77e4f8b7-d59d-497c-bbb1-675dab87ac04:group-1F68B065A156 changes role from FOLLOWER to CANDIDATE at term 0 for changeToCandidate
2019-07-16 15:42:32,931 INFO  impl.RoleInfo (RoleInfo.java:updateAndGet(143)) - 77e4f8b7-d59d-497c-bbb1-675dab87ac04: start LeaderElection
2019-07-16 15:42:32,932 INFO  impl.RaftServerImpl (ServerState.java:setLeader(263)) - 9313a0f7-98a1-461c-840d-c36ea641d6aa:group-7F3E606E73C1 change Leader from null to 249489b4-a9bf-4bb8-b6bf-665e94975bf6 at term 1 for appendEntries, leader elected after 5105ms
2019-07-16 15:42:32,932 INFO  impl.RaftServerImpl (ServerState.java:setLeader(263)) - 77e4f8b7-d59d-497c-bbb1-675dab87ac04:group-7F3E606E73C1 change Leader from null to 249489b4-a9bf-4bb8-b6bf-665e94975bf6 at term 1 for appendEntries, leader elected after 5105ms
2019-07-16 15:42:32,941 INFO  impl.RaftServerImpl (ServerState.java:setRaftConf(361)) - 9313a0f7-98a1-461c-840d-c36ea641d6aa:group-7F3E606E73C1 set configuration 0: [249489b4-a9bf-4bb8-b6bf-665e94975bf6:192.168.69.88:36950, 9313a0f7-98a1-461c-840d-c36ea641d6aa:192.168.69.88:40707, 77e4f8b7-d59d-497c-bbb1-675dab87ac04:192.168.69.88:43059], old=null at 0
2019-07-16 15:42:32,942 INFO  segmented.SegmentedRaftLogWorker (SegmentedRaftLogWorker.java:startLogSegment(380)) - 9313a0f7-98a1-461c-840d-c36ea641d6aa-SegmentedRaftLogWorker:Storage Directory /workdir/hadoop-ozone/integration-test/target/test-dir/MiniOzoneClusterImpl-b07bb8e2-099d-4112-93c2-49344ba21f2d/datanode-4/data/ratis/a4e36e6d-cdb8-43a5-893c-7f3e606e73c1: Starting segment from index:0
2019-07-16 15:42:32,942 INFO  impl.RaftServerImpl (ServerState.java:setRaftConf(361)) - 77e4f8b7-d59d-497c-bbb1-675dab87ac04:group-7F3E606E73C1 set configuration 0: [249489b4-a9bf-4bb8-b6bf-665e94975bf6:192.168.69.88:36950, 9313a0f7-98a1-461c-840d-c36ea641d6aa:192.168.69.88:40707, 77e4f8b7-d59d-497c-bbb1-675dab87ac04:192.168.69.88:43059], old=null at 0
2019-07-16 15:42:32,942 INFO  segmented.SegmentedRaftLogWorker (SegmentedRaftLogWorker.java:startLogSegment(380)) - 77e4f8b7-d59d-497c-bbb1-675dab87ac04-SegmentedRaftLogWorker:Storage Directory /workdir/hadoop-ozone/integration-test/target/test-dir/MiniOzoneClusterImpl-b07bb8e2-099d-4112-93c2-49344ba21f2d/datanode-5/data/ratis/a4e36e6d-cdb8-43a5-893c-7f3e606e73c1: Starting segment from index:0
2019-07-16 15:42:32,944 INFO  segmented.SegmentedRaftLogWorker (SegmentedRaftLogWorker.java:execute(569)) - 249489b4-a9bf-4bb8-b6bf-665e94975bf6-SegmentedRaftLogWorker:Storage Directory /workdir/hadoop-ozone/integration-test/target/test-dir/MiniOzoneClusterImpl-b07bb8e2-099d-4112-93c2-49344ba21f2d/datanode-3/data/ratis/a4e36e6d-cdb8-43a5-893c-7f3e606e73c1: created new log segment /workdir/hadoop-ozone/integration-test/target/test-dir/MiniOzoneClusterImpl-b07bb8e2-099d-4112-93c2-49344ba21f2d/datanode-3/data/ratis/a4e36e6d-cdb8-43a5-893c-7f3e606e73c1/current/log_inprogress_0
2019-07-16 15:42:32,944 INFO  impl.LeaderElection (LeaderElection.java:askForVotes(181)) - 77e4f8b7-d59d-497c-bbb1-675dab87ac04:group-1F68B065A156:LeaderElection97: begin an election at term 1 for -1: [77e4f8b7-d59d-497c-bbb1-675dab87ac04:192.168.69.88:43059], old=null
2019-07-16 15:42:32,944 INFO  impl.RoleInfo (RoleInfo.java:shutdownLeaderElection(134)) - 77e4f8b7-d59d-497c-bbb1-675dab87ac04: shutdown LeaderElection
2019-07-16 15:42:32,944 INFO  impl.RaftServerImpl (RaftServerImpl.java:setRole(171)) - 77e4f8b7-d59d-497c-bbb1-675dab87ac04:group-1F68B065A156 changes role from CANDIDATE to LEADER at term 1 for changeToLeader
2019-07-16 15:42:32,944 INFO  impl.RaftServerImpl (ServerState.java:setLeader(263)) - 77e4f8b7-d59d-497c-bbb1-675dab87ac04:group-1F68B065A156 change Leader from null to 77e4f8b7-d59d-497c-bbb1-675dab87ac04 at term 1 for becomeLeader, leader elected after 5189ms
2019-07-16 15:42:32,966 INFO  server.RaftServerConfigKeys (ConfUtils.java:logGet(43)) - raft.server.staging.catchup.gap = 1000 (default)
2019-07-16 15:42:32,966 INFO  server.RaftServerConfigKeys (ConfUtils.java:logGet(43)) - raft.server.rpc.sleep.time = 25ms (default)
2019-07-16 15:42:32,966 INFO  server.RaftServerConfigKeys (ConfUtils.java:logGet(43)) - raft.server.write.element-limit = 4096 (default)
2019-07-16 15:42:32,966 INFO  server.RaftServerConfigKeys (ConfUtils.java:logGet(43)) - raft.server.watch.timeout = 10s (default)
2019-07-16 15:42:32,966 INFO  server.RaftServerConfigKeys (ConfUtils.java:logGet(43)) - raft.server.watch.timeout.denomination = 1s (default)
2019-07-16 15:42:32,967 INFO  server.RaftServerConfigKeys (ConfUtils.java:logGet(43)) - raft.server.watch.element-limit = 65536 (default)
2019-07-16 15:42:32,967 INFO  impl.RoleInfo (RoleInfo.java:updateAndGet(143)) - 77e4f8b7-d59d-497c-bbb1-675dab87ac04: start LeaderState
2019-07-16 15:42:32,967 INFO  segmented.SegmentedRaftLogWorker (SegmentedRaftLogWorker.java:startLogSegment(380)) - 77e4f8b7-d59d-497c-bbb1-675dab87ac04-SegmentedRaftLogWorker:Storage Directory /workdir/hadoop-ozone/integration-test/target/test-dir/MiniOzoneClusterImpl-b07bb8e2-099d-4112-93c2-49344ba21f2d/datanode-5/data/ratis/29824497-ec30-4d9b-91d1-1f68b065a156: Starting segment from index:0
2019-07-16 15:42:32,968 INFO  impl.RaftServerImpl (ServerState.java:setRaftConf(361)) - 77e4f8b7-d59d-497c-bbb1-675dab87ac04:group-1F68B065A156 set configuration 0: [77e4f8b7-d59d-497c-bbb1-675dab87ac04:192.168.69.88:43059], old=null at 0
2019-07-16 15:42:32,990 INFO  segmented.SegmentedRaftLogWorker (SegmentedRaftLogWorker.java:execute(569)) - 9313a0f7-98a1-461c-840d-c36ea641d6aa-SegmentedRaftLogWorker:Storage Directory /workdir/hadoop-ozone/integration-test/target/test-dir/MiniOzoneClusterImpl-b07bb8e2-099d-4112-93c2-49344ba21f2d/datanode-4/data/ratis/a4e36e6d-cdb8-43a5-893c-7f3e606e73c1: created new log segment /workdir/hadoop-ozone/integration-test/target/test-dir/MiniOzoneClusterImpl-b07bb8e2-099d-4112-93c2-49344ba21f2d/datanode-4/data/ratis/a4e36e6d-cdb8-43a5-893c-7f3e606e73c1/current/log_inprogress_0
2019-07-16 15:42:32,990 INFO  segmented.SegmentedRaftLogWorker (SegmentedRaftLogWorker.java:execute(569)) - 77e4f8b7-d59d-497c-bbb1-675dab87ac04-SegmentedRaftLogWorker:Storage Directory /workdir/hadoop-ozone/integration-test/target/test-dir/MiniOzoneClusterImpl-b07bb8e2-099d-4112-93c2-49344ba21f2d/datanode-5/data/ratis/a4e36e6d-cdb8-43a5-893c-7f3e606e73c1: created new log segment /workdir/hadoop-ozone/integration-test/target/test-dir/MiniOzoneClusterImpl-b07bb8e2-099d-4112-93c2-49344ba21f2d/datanode-5/data/ratis/a4e36e6d-cdb8-43a5-893c-7f3e606e73c1/current/log_inprogress_0
2019-07-16 15:42:33,002 INFO  segmented.SegmentedRaftLogWorker (SegmentedRaftLogWorker.java:execute(569)) - 77e4f8b7-d59d-497c-bbb1-675dab87ac04-SegmentedRaftLogWorker:Storage Directory /workdir/hadoop-ozone/integration-test/target/test-dir/MiniOzoneClusterImpl-b07bb8e2-099d-4112-93c2-49344ba21f2d/datanode-5/data/ratis/29824497-ec30-4d9b-91d1-1f68b065a156: created new log segment /workdir/hadoop-ozone/integration-test/target/test-dir/MiniOzoneClusterImpl-b07bb8e2-099d-4112-93c2-49344ba21f2d/datanode-5/data/ratis/29824497-ec30-4d9b-91d1-1f68b065a156/current/log_inprogress_0
2019-07-16 15:42:33,082 INFO  impl.FollowerState (FollowerState.java:run(106)) - 697284a1-d11d-418f-a126-0a1702dcd3f0:group-737E008C2202 changes to CANDIDATE, lastRpcTime:5109, electionTimeout:5109ms
2019-07-16 15:42:33,082 INFO  impl.RoleInfo (RoleInfo.java:shutdownFollowerState(121)) - 697284a1-d11d-418f-a126-0a1702dcd3f0: shutdown FollowerState
2019-07-16 15:42:33,082 INFO  impl.RaftServerImpl (RaftServerImpl.java:setRole(171)) - 697284a1-d11d-418f-a126-0a1702dcd3f0:group-737E008C2202 changes role from FOLLOWER to CANDIDATE at term 0 for changeToCandidate
2019-07-16 15:42:33,083 INFO  impl.RoleInfo (RoleInfo.java:updateAndGet(143)) - 697284a1-d11d-418f-a126-0a1702dcd3f0: start LeaderElection
2019-07-16 15:42:33,116 INFO  impl.LeaderElection (LeaderElection.java:askForVotes(181)) - 697284a1-d11d-418f-a126-0a1702dcd3f0:group-737E008C2202:LeaderElection98: begin an election at term 1 for -1: [697284a1-d11d-418f-a126-0a1702dcd3f0:192.168.69.88:36863], old=null
2019-07-16 15:42:33,116 INFO  impl.RoleInfo (RoleInfo.java:shutdownLeaderElection(134)) - 697284a1-d11d-418f-a126-0a1702dcd3f0: shutdown LeaderElection
2019-07-16 15:42:33,116 INFO  impl.RaftServerImpl (RaftServerImpl.java:setRole(171)) - 697284a1-d11d-418f-a126-0a1702dcd3f0:group-737E008C2202 changes role from CANDIDATE to LEADER at term 1 for changeToLeader
2019-07-16 15:42:33,116 INFO  impl.RaftServerImpl (ServerState.java:setLeader(263)) - 697284a1-d11d-418f-a126-0a1702dcd3f0:group-737E008C2202 change Leader from null to 697284a1-d11d-418f-a126-0a1702dcd3f0 at term 1 for becomeLeader, leader elected after 5159ms
2019-07-16 15:42:33,119 INFO  server.RaftServerConfigKeys (ConfUtils.java:logGet(43)) - raft.server.staging.catchup.gap = 1000 (default)
2019-07-16 15:42:33,119 INFO  server.RaftServerConfigKeys (ConfUtils.java:logGet(43)) - raft.server.rpc.sleep.time = 25ms (default)
2019-07-16 15:42:33,119 INFO  server.RaftServerConfigKeys (ConfUtils.java:logGet(43)) - raft.server.write.element-limit = 4096 (default)
2019-07-16 15:42:33,120 INFO  server.RaftServerConfigKeys (ConfUtils.java:logGet(43)) - raft.server.watch.timeout = 10s (default)
2019-07-16 15:42:33,120 INFO  server.RaftServerConfigKeys (ConfUtils.java:logGet(43)) - raft.server.watch.timeout.denomination = 1s (default)
2019-07-16 15:42:33,120 INFO  server.RaftServerConfigKeys (ConfUtils.java:logGet(43)) - raft.server.watch.element-limit = 65536 (default)
2019-07-16 15:42:33,120 INFO  impl.RoleInfo (RoleInfo.java:updateAndGet(143)) - 697284a1-d11d-418f-a126-0a1702dcd3f0: start LeaderState
2019-07-16 15:42:33,120 INFO  segmented.SegmentedRaftLogWorker (SegmentedRaftLogWorker.java:startLogSegment(380)) - 697284a1-d11d-418f-a126-0a1702dcd3f0-SegmentedRaftLogWorker:Storage Directory /workdir/hadoop-ozone/integration-test/target/test-dir/MiniOzoneClusterImpl-b07bb8e2-099d-4112-93c2-49344ba21f2d/datanode-6/data/ratis/fe1c721e-caa3-49f9-8c3f-737e008c2202: Starting segment from index:0
2019-07-16 15:42:33,121 INFO  impl.RaftServerImpl (ServerState.java:setRaftConf(361)) - 697284a1-d11d-418f-a126-0a1702dcd3f0:group-737E008C2202 set configuration 0: [697284a1-d11d-418f-a126-0a1702dcd3f0:192.168.69.88:36863], old=null at 0
2019-07-16 15:42:33,146 INFO  segmented.SegmentedRaftLogWorker (SegmentedRaftLogWorker.java:execute(569)) - 697284a1-d11d-418f-a126-0a1702dcd3f0-SegmentedRaftLogWorker:Storage Directory /workdir/hadoop-ozone/integration-test/target/test-dir/MiniOzoneClusterImpl-b07bb8e2-099d-4112-93c2-49344ba21f2d/datanode-6/data/ratis/fe1c721e-caa3-49f9-8c3f-737e008c2202: created new log segment /workdir/hadoop-ozone/integration-test/target/test-dir/MiniOzoneClusterImpl-b07bb8e2-099d-4112-93c2-49344ba21f2d/datanode-6/data/ratis/fe1c721e-caa3-49f9-8c3f-737e008c2202/current/log_inprogress_0
2019-07-16 15:42:33,214 INFO  client.GrpcClientProtocolClient (GrpcClientProtocolClient.java:onNext(255)) - client-7901533A499A->249489b4-a9bf-4bb8-b6bf-665e94975bf6: receive RaftClientReply:client-7901533A499A->249489b4-a9bf-4bb8-b6bf-665e94975bf6@group-7F3E606E73C1, cid=226, SUCCESS, logIndex=1, commits[249489b4-a9bf-4bb8-b6bf-665e94975bf6:c1, 9313a0f7-98a1-461c-840d-c36ea641d6aa:c0, 77e4f8b7-d59d-497c-bbb1-675dab87ac04:c0]
2019-07-16 15:42:33,241 INFO  client.GrpcClientProtocolClient (GrpcClientProtocolClient.java:onNext(255)) - client-7901533A499A->249489b4-a9bf-4bb8-b6bf-665e94975bf6: receive RaftClientReply:client-7901533A499A->249489b4-a9bf-4bb8-b6bf-665e94975bf6@group-7F3E606E73C1, cid=227, SUCCESS, logIndex=3, commits[249489b4-a9bf-4bb8-b6bf-665e94975bf6:c4, 9313a0f7-98a1-461c-840d-c36ea641d6aa:c2, 77e4f8b7-d59d-497c-bbb1-675dab87ac04:c2]
2019-07-16 15:42:33,296 INFO  client.GrpcClientProtocolClient (GrpcClientProtocolClient.java:onNext(255)) - client-7901533A499A->249489b4-a9bf-4bb8-b6bf-665e94975bf6: receive RaftClientReply:client-7901533A499A->249489b4-a9bf-4bb8-b6bf-665e94975bf6@group-7F3E606E73C1, cid=228, SUCCESS, logIndex=4, commits[249489b4-a9bf-4bb8-b6bf-665e94975bf6:c10, 9313a0f7-98a1-461c-840d-c36ea641d6aa:c7, 77e4f8b7-d59d-497c-bbb1-675dab87ac04:c7]
2019-07-16 15:42:33,297 INFO  client.GrpcClientProtocolClient (GrpcClientProtocolClient.java:onNext(255)) - client-7901533A499A->249489b4-a9bf-4bb8-b6bf-665e94975bf6: receive RaftClientReply:client-7901533A499A->249489b4-a9bf-4bb8-b6bf-665e94975bf6@group-7F3E606E73C1, cid=229, SUCCESS, logIndex=5, commits[249489b4-a9bf-4bb8-b6bf-665e94975bf6:c10, 9313a0f7-98a1-461c-840d-c36ea641d6aa:c7, 77e4f8b7-d59d-497c-bbb1-675dab87ac04:c7]
2019-07-16 15:42:33,298 INFO  client.GrpcClientProtocolClient (GrpcClientProtocolClient.java:onNext(255)) - client-7901533A499A->249489b4-a9bf-4bb8-b6bf-665e94975bf6: receive RaftClientReply:client-7901533A499A->249489b4-a9bf-4bb8-b6bf-665e94975bf6@group-7F3E606E73C1, cid=230, SUCCESS, logIndex=6, commits[249489b4-a9bf-4bb8-b6bf-665e94975bf6:c10, 9313a0f7-98a1-461c-840d-c36ea641d6aa:c7, 77e4f8b7-d59d-497c-bbb1-675dab87ac04:c7]
2019-07-16 15:42:33,442 INFO  client.GrpcClientProtocolClient (GrpcClientProtocolClient.java:onNext(255)) - client-7901533A499A->249489b4-a9bf-4bb8-b6bf-665e94975bf6: receive RaftClientReply:client-7901533A499A->249489b4-a9bf-4bb8-b6bf-665e94975bf6@group-7F3E606E73C1, cid=231, SUCCESS, logIndex=7, commits[249489b4-a9bf-4bb8-b6bf-665e94975bf6:c10, 9313a0f7-98a1-461c-840d-c36ea641d6aa:c7, 77e4f8b7-d59d-497c-bbb1-675dab87ac04:c7]
2019-07-16 15:42:33,462 INFO  client.GrpcClientProtocolClient (GrpcClientProtocolClient.java:onNext(255)) - client-7901533A499A->249489b4-a9bf-4bb8-b6bf-665e94975bf6: receive RaftClientReply:client-7901533A499A->249489b4-a9bf-4bb8-b6bf-665e94975bf6@group-7F3E606E73C1, cid=232, SUCCESS, logIndex=11, commits[249489b4-a9bf-4bb8-b6bf-665e94975bf6:c12, 9313a0f7-98a1-461c-840d-c36ea641d6aa:c10, 77e4f8b7-d59d-497c-bbb1-675dab87ac04:c10]
2019-07-16 15:42:33,463 INFO  client.GrpcClientProtocolClient (GrpcClientProtocolClient.java:onNext(255)) - client-7901533A499A->249489b4-a9bf-4bb8-b6bf-665e94975bf6: receive RaftClientReply:client-7901533A499A->249489b4-a9bf-4bb8-b6bf-665e94975bf6@group-7F3E606E73C1, cid=233, SUCCESS, logIndex=12, commits[249489b4-a9bf-4bb8-b6bf-665e94975bf6:c12, 9313a0f7-98a1-461c-840d-c36ea641d6aa:c10, 77e4f8b7-d59d-497c-bbb1-675dab87ac04:c10]
2019-07-16 15:42:33,476 INFO  client.GrpcClientProtocolClient (GrpcClientProtocolClient.java:onNext(255)) - client-7901533A499A->249489b4-a9bf-4bb8-b6bf-665e94975bf6: receive RaftClientReply:client-7901533A499A->249489b4-a9bf-4bb8-b6bf-665e94975bf6@group-7F3E606E73C1, cid=234, SUCCESS, logIndex=0, commits[249489b4-a9bf-4bb8-b6bf-665e94975bf6:c13, 9313a0f7-98a1-461c-840d-c36ea641d6aa:c12, 77e4f8b7-d59d-497c-bbb1-675dab87ac04:c12]
2019-07-16 15:42:33,477 INFO  container.CloseContainerEventHandler (CloseContainerEventHandler.java:onMessage(61)) - Close container Event triggered for container : #1
2019-07-16 15:42:33,478 INFO  container.CloseContainerEventHandler (CloseContainerEventHandler.java:onMessage(61)) - Close container Event triggered for container : #1
2019-07-16 15:42:33,478 INFO  container.CloseContainerEventHandler (CloseContainerEventHandler.java:onMessage(61)) - Close container Event triggered for container : #1
2019-07-16 15:42:34,438 INFO  interfaces.Container (KeyValueContainer.java:compactDB(356)) - Container 1 is closed with bcsId 12.
2019-07-16 15:42:34,455 INFO  interfaces.Container (KeyValueContainer.java:compactDB(356)) - Container 1 is closed with bcsId 12.
2019-07-16 15:42:34,469 INFO  interfaces.Container (KeyValueContainer.java:compactDB(356)) - Container 1 is closed with bcsId 12.
15:42:34.483 [grpc-default-executor-8] ERROR DNAudit - user=null | ip=null | op=WRITE_CHUNK {blockData=conID: 1 locID: 102451887995748371 bcsId: 12} | ret=FAILURE
org.apache.hadoop.hdds.scm.container.common.helpers.ContainerNotOpenException: Container 1 in CLOSED state
	at org.apache.hadoop.ozone.container.common.impl.HddsDispatcher.validateContainerCommand(HddsDispatcher.java:408) ~[hadoop-hdds-container-service-0.5.0-SNAPSHOT.jar:?]
	at org.apache.hadoop.ozone.container.common.transport.server.ratis.ContainerStateMachine.startTransaction(ContainerStateMachine.java:272) ~[hadoop-hdds-container-service-0.5.0-SNAPSHOT.jar:?]
	at org.apache.ratis.server.impl.RaftServerImpl.submitClientRequestAsync(RaftServerImpl.java:566) ~[ratis-server-0.4.0-2337318-SNAPSHOT.jar:0.4.0-2337318-SNAPSHOT]
	at org.apache.ratis.server.impl.RaftServerProxy.lambda$submitClientRequestAsync$7(RaftServerProxy.java:333) ~[ratis-server-0.4.0-2337318-SNAPSHOT.jar:0.4.0-2337318-SNAPSHOT]
	at org.apache.ratis.server.impl.RaftServerProxy.lambda$null$5(RaftServerProxy.java:328) ~[ratis-server-0.4.0-2337318-SNAPSHOT.jar:0.4.0-2337318-SNAPSHOT]
	at org.apache.ratis.util.JavaUtils.callAsUnchecked(JavaUtils.java:109) ~[ratis-common-0.4.0-2337318-SNAPSHOT.jar:0.4.0-2337318-SNAPSHOT]
	at org.apache.ratis.server.impl.RaftServerProxy.lambda$submitRequest$6(RaftServerProxy.java:328) ~[ratis-server-0.4.0-2337318-SNAPSHOT.jar:0.4.0-2337318-SNAPSHOT]
	at java.util.concurrent.CompletableFuture.uniComposeStage(CompletableFuture.java:981) ~[?:1.8.0_212]
	at java.util.concurrent.CompletableFuture.thenCompose(CompletableFuture.java:2124) ~[?:1.8.0_212]
	at org.apache.ratis.server.impl.RaftServerProxy.submitRequest(RaftServerProxy.java:327) ~[ratis-server-0.4.0-2337318-SNAPSHOT.jar:0.4.0-2337318-SNAPSHOT]
	at org.apache.ratis.server.impl.RaftServerProxy.submitClientRequestAsync(RaftServerProxy.java:333) ~[ratis-server-0.4.0-2337318-SNAPSHOT.jar:0.4.0-2337318-SNAPSHOT]
	at org.apache.ratis.grpc.client.GrpcClientProtocolService$RequestStreamObserver.processClientRequest(GrpcClientProtocolService.java:220) ~[ratis-grpc-0.4.0-2337318-SNAPSHOT.jar:0.4.0-2337318-SNAPSHOT]
	at org.apache.ratis.grpc.client.GrpcClientProtocolService$OrderedRequestStreamObserver.processClientRequest(GrpcClientProtocolService.java:326) ~[ratis-grpc-0.4.0-2337318-SNAPSHOT.jar:0.4.0-2337318-SNAPSHOT]
	at org.apache.ratis.util.SlidingWindow$Server.processRequestsFromHead(SlidingWindow.java:429) [ratis-common-0.4.0-2337318-SNAPSHOT.jar:0.4.0-2337318-SNAPSHOT]
	at org.apache.ratis.util.SlidingWindow$Server.receivedRequest(SlidingWindow.java:421) [ratis-common-0.4.0-2337318-SNAPSHOT.jar:0.4.0-2337318-SNAPSHOT]
	at org.apache.ratis.grpc.client.GrpcClientProtocolService$OrderedRequestStreamObserver.processClientRequest(GrpcClientProtocolService.java:345) [ratis-grpc-0.4.0-2337318-SNAPSHOT.jar:0.4.0-2337318-SNAPSHOT]
	at org.apache.ratis.grpc.client.GrpcClientProtocolService$RequestStreamObserver.onNext(GrpcClientProtocolService.java:240) [ratis-grpc-0.4.0-2337318-SNAPSHOT.jar:0.4.0-2337318-SNAPSHOT]
	at org.apache.ratis.grpc.client.GrpcClientProtocolService$RequestStreamObserver.onNext(GrpcClientProtocolService.java:168) [ratis-grpc-0.4.0-2337318-SNAPSHOT.jar:0.4.0-2337318-SNAPSHOT]
	at org.apache.ratis.thirdparty.io.grpc.stub.ServerCalls$StreamingServerCallHandler$StreamingServerCallListener.onMessage(ServerCalls.java:248) [ratis-thirdparty-misc-0.2.0.jar:0.2.0]
	at org.apache.ratis.thirdparty.io.grpc.internal.ServerCallImpl$ServerStreamListenerImpl.messagesAvailable(ServerCallImpl.java:263) [ratis-thirdparty-misc-0.2.0.jar:0.2.0]
	at org.apache.ratis.thirdparty.io.grpc.internal.ServerImpl$JumpToApplicationThreadServerStreamListener$1MessagesAvailable.runInContext(ServerImpl.java:686) [ratis-thirdparty-misc-0.2.0.jar:0.2.0]
	at org.apache.ratis.thirdparty.io.grpc.internal.ContextRunnable.run(ContextRunnable.java:37) [ratis-thirdparty-misc-0.2.0.jar:0.2.0]
	at org.apache.ratis.thirdparty.io.grpc.internal.SerializingExecutor.run(SerializingExecutor.java:123) [ratis-thirdparty-misc-0.2.0.jar:0.2.0]
	at java.util.concurrent.ThreadPoolExecutor.runWorker(ThreadPoolExecutor.java:1149) [?:1.8.0_212]
	at java.util.concurrent.ThreadPoolExecutor$Worker.run(ThreadPoolExecutor.java:624) [?:1.8.0_212]
	at java.lang.Thread.run(Thread.java:748) [?:1.8.0_212]
15:42:34.492 [grpc-default-executor-8] ERROR DNAudit - user=null | ip=null | op=WRITE_CHUNK {blockData=conID: 1 locID: 102451887995748371 bcsId: 12} | ret=FAILURE
org.apache.hadoop.hdds.scm.container.common.helpers.ContainerNotOpenException: Container 1 in CLOSED state
	at org.apache.hadoop.ozone.container.common.impl.HddsDispatcher.validateContainerCommand(HddsDispatcher.java:408) ~[hadoop-hdds-container-service-0.5.0-SNAPSHOT.jar:?]
	at org.apache.hadoop.ozone.container.common.transport.server.ratis.ContainerStateMachine.startTransaction(ContainerStateMachine.java:272) ~[hadoop-hdds-container-service-0.5.0-SNAPSHOT.jar:?]
	at org.apache.ratis.server.impl.RaftServerImpl.submitClientRequestAsync(RaftServerImpl.java:566) ~[ratis-server-0.4.0-2337318-SNAPSHOT.jar:0.4.0-2337318-SNAPSHOT]
	at org.apache.ratis.server.impl.RaftServerProxy.lambda$submitClientRequestAsync$7(RaftServerProxy.java:333) ~[ratis-server-0.4.0-2337318-SNAPSHOT.jar:0.4.0-2337318-SNAPSHOT]
	at org.apache.ratis.server.impl.RaftServerProxy.lambda$null$5(RaftServerProxy.java:328) ~[ratis-server-0.4.0-2337318-SNAPSHOT.jar:0.4.0-2337318-SNAPSHOT]
	at org.apache.ratis.util.JavaUtils.callAsUnchecked(JavaUtils.java:109) ~[ratis-common-0.4.0-2337318-SNAPSHOT.jar:0.4.0-2337318-SNAPSHOT]
	at org.apache.ratis.server.impl.RaftServerProxy.lambda$submitRequest$6(RaftServerProxy.java:328) ~[ratis-server-0.4.0-2337318-SNAPSHOT.jar:0.4.0-2337318-SNAPSHOT]
	at java.util.concurrent.CompletableFuture.uniComposeStage(CompletableFuture.java:981) ~[?:1.8.0_212]
	at java.util.concurrent.CompletableFuture.thenCompose(CompletableFuture.java:2124) ~[?:1.8.0_212]
	at org.apache.ratis.server.impl.RaftServerProxy.submitRequest(RaftServerProxy.java:327) ~[ratis-server-0.4.0-2337318-SNAPSHOT.jar:0.4.0-2337318-SNAPSHOT]
	at org.apache.ratis.server.impl.RaftServerProxy.submitClientRequestAsync(RaftServerProxy.java:333) ~[ratis-server-0.4.0-2337318-SNAPSHOT.jar:0.4.0-2337318-SNAPSHOT]
	at org.apache.ratis.grpc.client.GrpcClientProtocolService$RequestStreamObserver.processClientRequest(GrpcClientProtocolService.java:220) ~[ratis-grpc-0.4.0-2337318-SNAPSHOT.jar:0.4.0-2337318-SNAPSHOT]
	at org.apache.ratis.grpc.client.GrpcClientProtocolService$OrderedRequestStreamObserver.processClientRequest(GrpcClientProtocolService.java:326) ~[ratis-grpc-0.4.0-2337318-SNAPSHOT.jar:0.4.0-2337318-SNAPSHOT]
	at org.apache.ratis.util.SlidingWindow$Server.processRequestsFromHead(SlidingWindow.java:429) [ratis-common-0.4.0-2337318-SNAPSHOT.jar:0.4.0-2337318-SNAPSHOT]
	at org.apache.ratis.util.SlidingWindow$Server.receivedRequest(SlidingWindow.java:421) [ratis-common-0.4.0-2337318-SNAPSHOT.jar:0.4.0-2337318-SNAPSHOT]
	at org.apache.ratis.grpc.client.GrpcClientProtocolService$OrderedRequestStreamObserver.processClientRequest(GrpcClientProtocolService.java:345) [ratis-grpc-0.4.0-2337318-SNAPSHOT.jar:0.4.0-2337318-SNAPSHOT]
	at org.apache.ratis.grpc.client.GrpcClientProtocolService$RequestStreamObserver.onNext(GrpcClientProtocolService.java:240) [ratis-grpc-0.4.0-2337318-SNAPSHOT.jar:0.4.0-2337318-SNAPSHOT]
	at org.apache.ratis.grpc.client.GrpcClientProtocolService$RequestStreamObserver.onNext(GrpcClientProtocolService.java:168) [ratis-grpc-0.4.0-2337318-SNAPSHOT.jar:0.4.0-2337318-SNAPSHOT]
	at org.apache.ratis.thirdparty.io.grpc.stub.ServerCalls$StreamingServerCallHandler$StreamingServerCallListener.onMessage(ServerCalls.java:248) [ratis-thirdparty-misc-0.2.0.jar:0.2.0]
	at org.apache.ratis.thirdparty.io.grpc.internal.ServerCallImpl$ServerStreamListenerImpl.messagesAvailable(ServerCallImpl.java:263) [ratis-thirdparty-misc-0.2.0.jar:0.2.0]
	at org.apache.ratis.thirdparty.io.grpc.internal.ServerImpl$JumpToApplicationThreadServerStreamListener$1MessagesAvailable.runInContext(ServerImpl.java:686) [ratis-thirdparty-misc-0.2.0.jar:0.2.0]
	at org.apache.ratis.thirdparty.io.grpc.internal.ContextRunnable.run(ContextRunnable.java:37) [ratis-thirdparty-misc-0.2.0.jar:0.2.0]
	at org.apache.ratis.thirdparty.io.grpc.internal.SerializingExecutor.run(SerializingExecutor.java:123) [ratis-thirdparty-misc-0.2.0.jar:0.2.0]
	at java.util.concurrent.ThreadPoolExecutor.runWorker(ThreadPoolExecutor.java:1149) [?:1.8.0_212]
	at java.util.concurrent.ThreadPoolExecutor$Worker.run(ThreadPoolExecutor.java:624) [?:1.8.0_212]
	at java.lang.Thread.run(Thread.java:748) [?:1.8.0_212]
2019-07-16 15:42:34,498 INFO  client.GrpcClientProtocolClient (GrpcClientProtocolClient.java:onNext(255)) - client-7901533A499A->249489b4-a9bf-4bb8-b6bf-665e94975bf6: receive RaftClientReply:client-7901533A499A->249489b4-a9bf-4bb8-b6bf-665e94975bf6@group-7F3E606E73C1, cid=235, FAILED org.apache.ratis.protocol.StateMachineException: org.apache.hadoop.hdds.scm.container.common.helpers.ContainerNotOpenException from Server 249489b4-a9bf-4bb8-b6bf-665e94975bf6: Container 1 in CLOSED state, logIndex=0, commits[249489b4-a9bf-4bb8-b6bf-665e94975bf6:c16, 9313a0f7-98a1-461c-840d-c36ea641d6aa:c15, 77e4f8b7-d59d-497c-bbb1-675dab87ac04:c15]
15:42:34.500 [grpc-default-executor-8] ERROR DNAudit - user=null | ip=null | op=PUT_BLOCK {blockData=[blockId=conID: 1 locID: 102451887995748371 bcsId: 0,size=650]} | ret=FAILURE
org.apache.hadoop.hdds.scm.container.common.helpers.ContainerNotOpenException: Container 1 in CLOSED state
	at org.apache.hadoop.ozone.container.common.impl.HddsDispatcher.validateContainerCommand(HddsDispatcher.java:408) ~[hadoop-hdds-container-service-0.5.0-SNAPSHOT.jar:?]
	at org.apache.hadoop.ozone.container.common.transport.server.ratis.ContainerStateMachine.startTransaction(ContainerStateMachine.java:272) ~[hadoop-hdds-container-service-0.5.0-SNAPSHOT.jar:?]
	at org.apache.ratis.server.impl.RaftServerImpl.submitClientRequestAsync(RaftServerImpl.java:566) ~[ratis-server-0.4.0-2337318-SNAPSHOT.jar:0.4.0-2337318-SNAPSHOT]
	at org.apache.ratis.server.impl.RaftServerProxy.lambda$submitClientRequestAsync$7(RaftServerProxy.java:333) ~[ratis-server-0.4.0-2337318-SNAPSHOT.jar:0.4.0-2337318-SNAPSHOT]
	at org.apache.ratis.server.impl.RaftServerProxy.lambda$null$5(RaftServerProxy.java:328) ~[ratis-server-0.4.0-2337318-SNAPSHOT.jar:0.4.0-2337318-SNAPSHOT]
	at org.apache.ratis.util.JavaUtils.callAsUnchecked(JavaUtils.java:109) ~[ratis-common-0.4.0-2337318-SNAPSHOT.jar:0.4.0-2337318-SNAPSHOT]
	at org.apache.ratis.server.impl.RaftServerProxy.lambda$submitRequest$6(RaftServerProxy.java:328) ~[ratis-server-0.4.0-2337318-SNAPSHOT.jar:0.4.0-2337318-SNAPSHOT]
	at java.util.concurrent.CompletableFuture.uniComposeStage(CompletableFuture.java:981) ~[?:1.8.0_212]
	at java.util.concurrent.CompletableFuture.thenCompose(CompletableFuture.java:2124) ~[?:1.8.0_212]
	at org.apache.ratis.server.impl.RaftServerProxy.submitRequest(RaftServerProxy.java:327) ~[ratis-server-0.4.0-2337318-SNAPSHOT.jar:0.4.0-2337318-SNAPSHOT]
	at org.apache.ratis.server.impl.RaftServerProxy.submitClientRequestAsync(RaftServerProxy.java:333) ~[ratis-server-0.4.0-2337318-SNAPSHOT.jar:0.4.0-2337318-SNAPSHOT]
	at org.apache.ratis.grpc.client.GrpcClientProtocolService$RequestStreamObserver.processClientRequest(GrpcClientProtocolService.java:220) ~[ratis-grpc-0.4.0-2337318-SNAPSHOT.jar:0.4.0-2337318-SNAPSHOT]
	at org.apache.ratis.grpc.client.GrpcClientProtocolService$OrderedRequestStreamObserver.processClientRequest(GrpcClientProtocolService.java:326) ~[ratis-grpc-0.4.0-2337318-SNAPSHOT.jar:0.4.0-2337318-SNAPSHOT]
	at org.apache.ratis.util.SlidingWindow$Server.processRequestsFromHead(SlidingWindow.java:429) [ratis-common-0.4.0-2337318-SNAPSHOT.jar:0.4.0-2337318-SNAPSHOT]
	at org.apache.ratis.util.SlidingWindow$Server.receivedRequest(SlidingWindow.java:421) [ratis-common-0.4.0-2337318-SNAPSHOT.jar:0.4.0-2337318-SNAPSHOT]
	at org.apache.ratis.grpc.client.GrpcClientProtocolService$OrderedRequestStreamObserver.processClientRequest(GrpcClientProtocolService.java:345) [ratis-grpc-0.4.0-2337318-SNAPSHOT.jar:0.4.0-2337318-SNAPSHOT]
	at org.apache.ratis.grpc.client.GrpcClientProtocolService$RequestStreamObserver.onNext(GrpcClientProtocolService.java:240) [ratis-grpc-0.4.0-2337318-SNAPSHOT.jar:0.4.0-2337318-SNAPSHOT]
	at org.apache.ratis.grpc.client.GrpcClientProtocolService$RequestStreamObserver.onNext(GrpcClientProtocolService.java:168) [ratis-grpc-0.4.0-2337318-SNAPSHOT.jar:0.4.0-2337318-SNAPSHOT]
	at org.apache.ratis.thirdparty.io.grpc.stub.ServerCalls$StreamingServerCallHandler$StreamingServerCallListener.onMessage(ServerCalls.java:248) [ratis-thirdparty-misc-0.2.0.jar:0.2.0]
	at org.apache.ratis.thirdparty.io.grpc.internal.ServerCallImpl$ServerStreamListenerImpl.messagesAvailable(ServerCallImpl.java:263) [ratis-thirdparty-misc-0.2.0.jar:0.2.0]
	at org.apache.ratis.thirdparty.io.grpc.internal.ServerImpl$JumpToApplicationThreadServerStreamListener$1MessagesAvailable.runInContext(ServerImpl.java:686) [ratis-thirdparty-misc-0.2.0.jar:0.2.0]
	at org.apache.ratis.thirdparty.io.grpc.internal.ContextRunnable.run(ContextRunnable.java:37) [ratis-thirdparty-misc-0.2.0.jar:0.2.0]
	at org.apache.ratis.thirdparty.io.grpc.internal.SerializingExecutor.run(SerializingExecutor.java:123) [ratis-thirdparty-misc-0.2.0.jar:0.2.0]
	at java.util.concurrent.ThreadPoolExecutor.runWorker(ThreadPoolExecutor.java:1149) [?:1.8.0_212]
	at java.util.concurrent.ThreadPoolExecutor$Worker.run(ThreadPoolExecutor.java:624) [?:1.8.0_212]
	at java.lang.Thread.run(Thread.java:748) [?:1.8.0_212]
2019-07-16 15:42:34,501 INFO  client.GrpcClientProtocolClient (GrpcClientProtocolClient.java:onNext(255)) - client-7901533A499A->249489b4-a9bf-4bb8-b6bf-665e94975bf6: receive RaftClientReply:client-7901533A499A->249489b4-a9bf-4bb8-b6bf-665e94975bf6@group-7F3E606E73C1, cid=236, FAILED org.apache.ratis.protocol.StateMachineException: org.apache.hadoop.hdds.scm.container.common.helpers.ContainerNotOpenException from Server 249489b4-a9bf-4bb8-b6bf-665e94975bf6: Container 1 in CLOSED state, logIndex=0, commits[249489b4-a9bf-4bb8-b6bf-665e94975bf6:c16, 9313a0f7-98a1-461c-840d-c36ea641d6aa:c15, 77e4f8b7-d59d-497c-bbb1-675dab87ac04:c15]
15:42:34.506 [grpc-default-executor-8] ERROR DNAudit - user=null | ip=null | op=WRITE_CHUNK {blockData=conID: 1 locID: 102451887995748371 bcsId: 12} | ret=FAILURE
org.apache.hadoop.hdds.scm.container.common.helpers.ContainerNotOpenException: Container 1 in CLOSED state
	at org.apache.hadoop.ozone.container.common.impl.HddsDispatcher.validateContainerCommand(HddsDispatcher.java:408) ~[hadoop-hdds-container-service-0.5.0-SNAPSHOT.jar:?]
	at org.apache.hadoop.ozone.container.common.transport.server.ratis.ContainerStateMachine.startTransaction(ContainerStateMachine.java:272) ~[hadoop-hdds-container-service-0.5.0-SNAPSHOT.jar:?]
	at org.apache.ratis.server.impl.RaftServerImpl.submitClientRequestAsync(RaftServerImpl.java:566) ~[ratis-server-0.4.0-2337318-SNAPSHOT.jar:0.4.0-2337318-SNAPSHOT]
	at org.apache.ratis.server.impl.RaftServerProxy.lambda$submitClientRequestAsync$7(RaftServerProxy.java:333) ~[ratis-server-0.4.0-2337318-SNAPSHOT.jar:0.4.0-2337318-SNAPSHOT]
	at org.apache.ratis.server.impl.RaftServerProxy.lambda$null$5(RaftServerProxy.java:328) ~[ratis-server-0.4.0-2337318-SNAPSHOT.jar:0.4.0-2337318-SNAPSHOT]
	at org.apache.ratis.util.JavaUtils.callAsUnchecked(JavaUtils.java:109) ~[ratis-common-0.4.0-2337318-SNAPSHOT.jar:0.4.0-2337318-SNAPSHOT]
	at org.apache.ratis.server.impl.RaftServerProxy.lambda$submitRequest$6(RaftServerProxy.java:328) ~[ratis-server-0.4.0-2337318-SNAPSHOT.jar:0.4.0-2337318-SNAPSHOT]
	at java.util.concurrent.CompletableFuture.uniComposeStage(CompletableFuture.java:981) ~[?:1.8.0_212]
	at java.util.concurrent.CompletableFuture.thenCompose(CompletableFuture.java:2124) ~[?:1.8.0_212]
	at org.apache.ratis.server.impl.RaftServerProxy.submitRequest(RaftServerProxy.java:327) ~[ratis-server-0.4.0-2337318-SNAPSHOT.jar:0.4.0-2337318-SNAPSHOT]
	at org.apache.ratis.server.impl.RaftServerProxy.submitClientRequestAsync(RaftServerProxy.java:333) ~[ratis-server-0.4.0-2337318-SNAPSHOT.jar:0.4.0-2337318-SNAPSHOT]
	at org.apache.ratis.grpc.client.GrpcClientProtocolService$RequestStreamObserver.processClientRequest(GrpcClientProtocolService.java:220) ~[ratis-grpc-0.4.0-2337318-SNAPSHOT.jar:0.4.0-2337318-SNAPSHOT]
	at org.apache.ratis.grpc.client.GrpcClientProtocolService$OrderedRequestStreamObserver.processClientRequest(GrpcClientProtocolService.java:326) ~[ratis-grpc-0.4.0-2337318-SNAPSHOT.jar:0.4.0-2337318-SNAPSHOT]
	at org.apache.ratis.util.SlidingWindow$Server.processRequestsFromHead(SlidingWindow.java:429) [ratis-common-0.4.0-2337318-SNAPSHOT.jar:0.4.0-2337318-SNAPSHOT]
	at org.apache.ratis.util.SlidingWindow$Server.receivedRequest(SlidingWindow.java:421) [ratis-common-0.4.0-2337318-SNAPSHOT.jar:0.4.0-2337318-SNAPSHOT]
	at org.apache.ratis.grpc.client.GrpcClientProtocolService$OrderedRequestStreamObserver.processClientRequest(GrpcClientProtocolService.java:345) [ratis-grpc-0.4.0-2337318-SNAPSHOT.jar:0.4.0-2337318-SNAPSHOT]
	at org.apache.ratis.grpc.client.GrpcClientProtocolService$RequestStreamObserver.onNext(GrpcClientProtocolService.java:240) [ratis-grpc-0.4.0-2337318-SNAPSHOT.jar:0.4.0-2337318-SNAPSHOT]
	at org.apache.ratis.grpc.client.GrpcClientProtocolService$RequestStreamObserver.onNext(GrpcClientProtocolService.java:168) [ratis-grpc-0.4.0-2337318-SNAPSHOT.jar:0.4.0-2337318-SNAPSHOT]
	at org.apache.ratis.thirdparty.io.grpc.stub.ServerCalls$StreamingServerCallHandler$StreamingServerCallListener.onMessage(ServerCalls.java:248) [ratis-thirdparty-misc-0.2.0.jar:0.2.0]
	at org.apache.ratis.thirdparty.io.grpc.internal.ServerCallImpl$ServerStreamListenerImpl.messagesAvailable(ServerCallImpl.java:263) [ratis-thirdparty-misc-0.2.0.jar:0.2.0]
	at org.apache.ratis.thirdparty.io.grpc.internal.ServerImpl$JumpToApplicationThreadServerStreamListener$1MessagesAvailable.runInContext(ServerImpl.java:686) [ratis-thirdparty-misc-0.2.0.jar:0.2.0]
	at org.apache.ratis.thirdparty.io.grpc.internal.ContextRunnable.run(ContextRunnable.java:37) [ratis-thirdparty-misc-0.2.0.jar:0.2.0]
	at org.apache.ratis.thirdparty.io.grpc.internal.SerializingExecutor.run(SerializingExecutor.java:123) [ratis-thirdparty-misc-0.2.0.jar:0.2.0]
	at java.util.concurrent.ThreadPoolExecutor.runWorker(ThreadPoolExecutor.java:1149) [?:1.8.0_212]
	at java.util.concurrent.ThreadPoolExecutor$Worker.run(ThreadPoolExecutor.java:624) [?:1.8.0_212]
	at java.lang.Thread.run(Thread.java:748) [?:1.8.0_212]
2019-07-16 15:42:34,508 INFO  client.GrpcClientProtocolClient (GrpcClientProtocolClient.java:onNext(255)) - client-7901533A499A->249489b4-a9bf-4bb8-b6bf-665e94975bf6: receive RaftClientReply:client-7901533A499A->249489b4-a9bf-4bb8-b6bf-665e94975bf6@group-7F3E606E73C1, cid=237, FAILED org.apache.ratis.protocol.StateMachineException: org.apache.hadoop.hdds.scm.container.common.helpers.ContainerNotOpenException from Server 249489b4-a9bf-4bb8-b6bf-665e94975bf6: Container 1 in CLOSED state, logIndex=0, commits[249489b4-a9bf-4bb8-b6bf-665e94975bf6:c16, 9313a0f7-98a1-461c-840d-c36ea641d6aa:c15, 77e4f8b7-d59d-497c-bbb1-675dab87ac04:c15]
15:42:34.513 [grpc-default-executor-8] ERROR DNAudit - user=null | ip=null | op=WRITE_CHUNK {blockData=conID: 1 locID: 102451887995748371 bcsId: 12} | ret=FAILURE
org.apache.hadoop.hdds.scm.container.common.helpers.ContainerNotOpenException: Container 1 in CLOSED state
	at org.apache.hadoop.ozone.container.common.impl.HddsDispatcher.validateContainerCommand(HddsDispatcher.java:408) ~[hadoop-hdds-container-service-0.5.0-SNAPSHOT.jar:?]
	at org.apache.hadoop.ozone.container.common.transport.server.ratis.ContainerStateMachine.startTransaction(ContainerStateMachine.java:272) ~[hadoop-hdds-container-service-0.5.0-SNAPSHOT.jar:?]
	at org.apache.ratis.server.impl.RaftServerImpl.submitClientRequestAsync(RaftServerImpl.java:566) ~[ratis-server-0.4.0-2337318-SNAPSHOT.jar:0.4.0-2337318-SNAPSHOT]
	at org.apache.ratis.server.impl.RaftServerProxy.lambda$submitClientRequestAsync$7(RaftServerProxy.java:333) ~[ratis-server-0.4.0-2337318-SNAPSHOT.jar:0.4.0-2337318-SNAPSHOT]
	at org.apache.ratis.server.impl.RaftServerProxy.lambda$null$5(RaftServerProxy.java:328) ~[ratis-server-0.4.0-2337318-SNAPSHOT.jar:0.4.0-2337318-SNAPSHOT]
	at org.apache.ratis.util.JavaUtils.callAsUnchecked(JavaUtils.java:109) ~[ratis-common-0.4.0-2337318-SNAPSHOT.jar:0.4.0-2337318-SNAPSHOT]
	at org.apache.ratis.server.impl.RaftServerProxy.lambda$submitRequest$6(RaftServerProxy.java:328) ~[ratis-server-0.4.0-2337318-SNAPSHOT.jar:0.4.0-2337318-SNAPSHOT]
	at java.util.concurrent.CompletableFuture.uniComposeStage(CompletableFuture.java:981) ~[?:1.8.0_212]
	at java.util.concurrent.CompletableFuture.thenCompose(CompletableFuture.java:2124) ~[?:1.8.0_212]
	at org.apache.ratis.server.impl.RaftServerProxy.submitRequest(RaftServerProxy.java:327) ~[ratis-server-0.4.0-2337318-SNAPSHOT.jar:0.4.0-2337318-SNAPSHOT]
	at org.apache.ratis.server.impl.RaftServerProxy.submitClientRequestAsync(RaftServerProxy.java:333) ~[ratis-server-0.4.0-2337318-SNAPSHOT.jar:0.4.0-2337318-SNAPSHOT]
	at org.apache.ratis.grpc.client.GrpcClientProtocolService$RequestStreamObserver.processClientRequest(GrpcClientProtocolService.java:220) ~[ratis-grpc-0.4.0-2337318-SNAPSHOT.jar:0.4.0-2337318-SNAPSHOT]
	at org.apache.ratis.grpc.client.GrpcClientProtocolService$OrderedRequestStreamObserver.processClientRequest(GrpcClientProtocolService.java:326) ~[ratis-grpc-0.4.0-2337318-SNAPSHOT.jar:0.4.0-2337318-SNAPSHOT]
	at org.apache.ratis.util.SlidingWindow$Server.processRequestsFromHead(SlidingWindow.java:429) [ratis-common-0.4.0-2337318-SNAPSHOT.jar:0.4.0-2337318-SNAPSHOT]
	at org.apache.ratis.util.SlidingWindow$Server.receivedRequest(SlidingWindow.java:421) [ratis-common-0.4.0-2337318-SNAPSHOT.jar:0.4.0-2337318-SNAPSHOT]
	at org.apache.ratis.grpc.client.GrpcClientProtocolService$OrderedRequestStreamObserver.processClientRequest(GrpcClientProtocolService.java:345) [ratis-grpc-0.4.0-2337318-SNAPSHOT.jar:0.4.0-2337318-SNAPSHOT]
	at org.apache.ratis.grpc.client.GrpcClientProtocolService$RequestStreamObserver.onNext(GrpcClientProtocolService.java:240) [ratis-grpc-0.4.0-2337318-SNAPSHOT.jar:0.4.0-2337318-SNAPSHOT]
	at org.apache.ratis.grpc.client.GrpcClientProtocolService$RequestStreamObserver.onNext(GrpcClientProtocolService.java:168) [ratis-grpc-0.4.0-2337318-SNAPSHOT.jar:0.4.0-2337318-SNAPSHOT]
	at org.apache.ratis.thirdparty.io.grpc.stub.ServerCalls$StreamingServerCallHandler$StreamingServerCallListener.onMessage(ServerCalls.java:248) [ratis-thirdparty-misc-0.2.0.jar:0.2.0]
	at org.apache.ratis.thirdparty.io.grpc.internal.ServerCallImpl$ServerStreamListenerImpl.messagesAvailable(ServerCallImpl.java:263) [ratis-thirdparty-misc-0.2.0.jar:0.2.0]
	at org.apache.ratis.thirdparty.io.grpc.internal.ServerImpl$JumpToApplicationThreadServerStreamListener$1MessagesAvailable.runInContext(ServerImpl.java:686) [ratis-thirdparty-misc-0.2.0.jar:0.2.0]
	at org.apache.ratis.thirdparty.io.grpc.internal.ContextRunnable.run(ContextRunnable.java:37) [ratis-thirdparty-misc-0.2.0.jar:0.2.0]
	at org.apache.ratis.thirdparty.io.grpc.internal.SerializingExecutor.run(SerializingExecutor.java:123) [ratis-thirdparty-misc-0.2.0.jar:0.2.0]
	at java.util.concurrent.ThreadPoolExecutor.runWorker(ThreadPoolExecutor.java:1149) [?:1.8.0_212]
	at java.util.concurrent.ThreadPoolExecutor$Worker.run(ThreadPoolExecutor.java:624) [?:1.8.0_212]
	at java.lang.Thread.run(Thread.java:748) [?:1.8.0_212]
2019-07-16 15:42:34,514 INFO  client.GrpcClientProtocolClient (GrpcClientProtocolClient.java:onNext(255)) - client-7901533A499A->249489b4-a9bf-4bb8-b6bf-665e94975bf6: receive RaftClientReply:client-7901533A499A->249489b4-a9bf-4bb8-b6bf-665e94975bf6@group-7F3E606E73C1, cid=238, FAILED org.apache.ratis.protocol.StateMachineException: org.apache.hadoop.hdds.scm.container.common.helpers.ContainerNotOpenException from Server 249489b4-a9bf-4bb8-b6bf-665e94975bf6: Container 1 in CLOSED state, logIndex=0, commits[249489b4-a9bf-4bb8-b6bf-665e94975bf6:c16, 9313a0f7-98a1-461c-840d-c36ea641d6aa:c15, 77e4f8b7-d59d-497c-bbb1-675dab87ac04:c15]
15:42:34.515 [grpc-default-executor-8] ERROR DNAudit - user=null | ip=null | op=PUT_BLOCK {blockData=[blockId=conID: 1 locID: 102451887995748371 bcsId: 0,size=800]} | ret=FAILURE
org.apache.hadoop.hdds.scm.container.common.helpers.ContainerNotOpenException: Container 1 in CLOSED state
	at org.apache.hadoop.ozone.container.common.impl.HddsDispatcher.validateContainerCommand(HddsDispatcher.java:408) ~[hadoop-hdds-container-service-0.5.0-SNAPSHOT.jar:?]
	at org.apache.hadoop.ozone.container.common.transport.server.ratis.ContainerStateMachine.startTransaction(ContainerStateMachine.java:272) ~[hadoop-hdds-container-service-0.5.0-SNAPSHOT.jar:?]
	at org.apache.ratis.server.impl.RaftServerImpl.submitClientRequestAsync(RaftServerImpl.java:566) ~[ratis-server-0.4.0-2337318-SNAPSHOT.jar:0.4.0-2337318-SNAPSHOT]
	at org.apache.ratis.server.impl.RaftServerProxy.lambda$submitClientRequestAsync$7(RaftServerProxy.java:333) ~[ratis-server-0.4.0-2337318-SNAPSHOT.jar:0.4.0-2337318-SNAPSHOT]
	at org.apache.ratis.server.impl.RaftServerProxy.lambda$null$5(RaftServerProxy.java:328) ~[ratis-server-0.4.0-2337318-SNAPSHOT.jar:0.4.0-2337318-SNAPSHOT]
	at org.apache.ratis.util.JavaUtils.callAsUnchecked(JavaUtils.java:109) ~[ratis-common-0.4.0-2337318-SNAPSHOT.jar:0.4.0-2337318-SNAPSHOT]
	at org.apache.ratis.server.impl.RaftServerProxy.lambda$submitRequest$6(RaftServerProxy.java:328) ~[ratis-server-0.4.0-2337318-SNAPSHOT.jar:0.4.0-2337318-SNAPSHOT]
	at java.util.concurrent.CompletableFuture.uniComposeStage(CompletableFuture.java:981) ~[?:1.8.0_212]
	at java.util.concurrent.CompletableFuture.thenCompose(CompletableFuture.java:2124) ~[?:1.8.0_212]
	at org.apache.ratis.server.impl.RaftServerProxy.submitRequest(RaftServerProxy.java:327) ~[ratis-server-0.4.0-2337318-SNAPSHOT.jar:0.4.0-2337318-SNAPSHOT]
	at org.apache.ratis.server.impl.RaftServerProxy.submitClientRequestAsync(RaftServerProxy.java:333) ~[ratis-server-0.4.0-2337318-SNAPSHOT.jar:0.4.0-2337318-SNAPSHOT]
	at org.apache.ratis.grpc.client.GrpcClientProtocolService$RequestStreamObserver.processClientRequest(GrpcClientProtocolService.java:220) ~[ratis-grpc-0.4.0-2337318-SNAPSHOT.jar:0.4.0-2337318-SNAPSHOT]
	at org.apache.ratis.grpc.client.GrpcClientProtocolService$OrderedRequestStreamObserver.processClientRequest(GrpcClientProtocolService.java:326) ~[ratis-grpc-0.4.0-2337318-SNAPSHOT.jar:0.4.0-2337318-SNAPSHOT]
	at org.apache.ratis.util.SlidingWindow$Server.processRequestsFromHead(SlidingWindow.java:429) [ratis-common-0.4.0-2337318-SNAPSHOT.jar:0.4.0-2337318-SNAPSHOT]
	at org.apache.ratis.util.SlidingWindow$Server.receivedRequest(SlidingWindow.java:421) [ratis-common-0.4.0-2337318-SNAPSHOT.jar:0.4.0-2337318-SNAPSHOT]
	at org.apache.ratis.grpc.client.GrpcClientProtocolService$OrderedRequestStreamObserver.processClientRequest(GrpcClientProtocolService.java:345) [ratis-grpc-0.4.0-2337318-SNAPSHOT.jar:0.4.0-2337318-SNAPSHOT]
	at org.apache.ratis.grpc.client.GrpcClientProtocolService$RequestStreamObserver.onNext(GrpcClientProtocolService.java:240) [ratis-grpc-0.4.0-2337318-SNAPSHOT.jar:0.4.0-2337318-SNAPSHOT]
	at org.apache.ratis.grpc.client.GrpcClientProtocolService$RequestStreamObserver.onNext(GrpcClientProtocolService.java:168) [ratis-grpc-0.4.0-2337318-SNAPSHOT.jar:0.4.0-2337318-SNAPSHOT]
	at org.apache.ratis.thirdparty.io.grpc.stub.ServerCalls$StreamingServerCallHandler$StreamingServerCallListener.onMessage(ServerCalls.java:248) [ratis-thirdparty-misc-0.2.0.jar:0.2.0]
	at org.apache.ratis.thirdparty.io.grpc.internal.ServerCallImpl$ServerStreamListenerImpl.messagesAvailable(ServerCallImpl.java:263) [ratis-thirdparty-misc-0.2.0.jar:0.2.0]
	at org.apache.ratis.thirdparty.io.grpc.internal.ServerImpl$JumpToApplicationThreadServerStreamListener$1MessagesAvailable.runInContext(ServerImpl.java:686) [ratis-thirdparty-misc-0.2.0.jar:0.2.0]
	at org.apache.ratis.thirdparty.io.grpc.internal.ContextRunnable.run(ContextRunnable.java:37) [ratis-thirdparty-misc-0.2.0.jar:0.2.0]
	at org.apache.ratis.thirdparty.io.grpc.internal.SerializingExecutor.run(SerializingExecutor.java:123) [ratis-thirdparty-misc-0.2.0.jar:0.2.0]
	at java.util.concurrent.ThreadPoolExecutor.runWorker(ThreadPoolExecutor.java:1149) [?:1.8.0_212]
	at java.util.concurrent.ThreadPoolExecutor$Worker.run(ThreadPoolExecutor.java:624) [?:1.8.0_212]
	at java.lang.Thread.run(Thread.java:748) [?:1.8.0_212]
2019-07-16 15:42:34,529 INFO  client.GrpcClientProtocolClient (GrpcClientProtocolClient.java:onNext(255)) - client-7901533A499A->249489b4-a9bf-4bb8-b6bf-665e94975bf6: receive RaftClientReply:client-7901533A499A->249489b4-a9bf-4bb8-b6bf-665e94975bf6@group-7F3E606E73C1, cid=239, FAILED org.apache.ratis.protocol.StateMachineException: org.apache.hadoop.hdds.scm.container.common.helpers.ContainerNotOpenException from Server 249489b4-a9bf-4bb8-b6bf-665e94975bf6: Container 1 in CLOSED state, logIndex=0, commits[249489b4-a9bf-4bb8-b6bf-665e94975bf6:c16, 9313a0f7-98a1-461c-840d-c36ea641d6aa:c15, 77e4f8b7-d59d-497c-bbb1-675dab87ac04:c15]
2019-07-16 15:42:34,530 INFO  client.GrpcClientProtocolClient (GrpcClientProtocolClient.java:onNext(255)) - client-7901533A499A->249489b4-a9bf-4bb8-b6bf-665e94975bf6: receive RaftClientReply:client-7901533A499A->249489b4-a9bf-4bb8-b6bf-665e94975bf6@group-7F3E606E73C1, cid=240, FAILED org.apache.ratis.protocol.StateMachineException: org.apache.hadoop.hdds.scm.container.common.helpers.ContainerNotOpenException from Server 249489b4-a9bf-4bb8-b6bf-665e94975bf6: Container 1 in CLOSED state, logIndex=0, commits[249489b4-a9bf-4bb8-b6bf-665e94975bf6:c16, 9313a0f7-98a1-461c-840d-c36ea641d6aa:c15, 77e4f8b7-d59d-497c-bbb1-675dab87ac04:c15]
2019-07-16 15:42:34,562 INFO  client.GrpcClientProtocolClient (GrpcClientProtocolClient.java:onNext(255)) - client-5F82E4B1DC62->eab4b452-7cde-48e1-ad5f-93aada3f67c1: receive RaftClientReply:client-5F82E4B1DC62->eab4b452-7cde-48e1-ad5f-93aada3f67c1@group-85568D8F1DA0, cid=241, FAILED org.apache.ratis.protocol.NotLeaderException: Server eab4b452-7cde-48e1-ad5f-93aada3f67c1 is not the leader (1d28faee-d621-49d2-9605-69824b6a2a71:192.168.69.88:44963). Request must be sent to leader., logIndex=0, commits[eab4b452-7cde-48e1-ad5f-93aada3f67c1:c-1, b6cabe97-db9a-4a69-907a-1cb6b9206666:c-1, 1d28faee-d621-49d2-9605-69824b6a2a71:c-1]
2019-07-16 15:42:34,751 INFO  client.GrpcClientProtocolClient (GrpcClientProtocolClient.java:onNext(255)) - client-5F82E4B1DC62->1d28faee-d621-49d2-9605-69824b6a2a71: receive RaftClientReply:client-5F82E4B1DC62->1d28faee-d621-49d2-9605-69824b6a2a71@group-85568D8F1DA0, cid=241, SUCCESS, logIndex=1, commits[1d28faee-d621-49d2-9605-69824b6a2a71:c1, eab4b452-7cde-48e1-ad5f-93aada3f67c1:c0, b6cabe97-db9a-4a69-907a-1cb6b9206666:c0]
2019-07-16 15:42:34,778 INFO  client.GrpcClientProtocolClient (GrpcClientProtocolClient.java:onNext(255)) - client-5F82E4B1DC62->1d28faee-d621-49d2-9605-69824b6a2a71: receive RaftClientReply:client-5F82E4B1DC62->1d28faee-d621-49d2-9605-69824b6a2a71@group-85568D8F1DA0, cid=242, SUCCESS, logIndex=3, commits[1d28faee-d621-49d2-9605-69824b6a2a71:c4, eab4b452-7cde-48e1-ad5f-93aada3f67c1:c1, b6cabe97-db9a-4a69-907a-1cb6b9206666:c1]
2019-07-16 15:42:34,835 INFO  client.GrpcClientProtocolClient (GrpcClientProtocolClient.java:onNext(255)) - client-5F82E4B1DC62->1d28faee-d621-49d2-9605-69824b6a2a71: receive RaftClientReply:client-5F82E4B1DC62->1d28faee-d621-49d2-9605-69824b6a2a71@group-85568D8F1DA0, cid=243, SUCCESS, logIndex=4, commits[1d28faee-d621-49d2-9605-69824b6a2a71:c12, eab4b452-7cde-48e1-ad5f-93aada3f67c1:c7, b6cabe97-db9a-4a69-907a-1cb6b9206666:c8]
2019-07-16 15:42:34,836 INFO  client.GrpcClientProtocolClient (GrpcClientProtocolClient.java:onNext(255)) - client-5F82E4B1DC62->1d28faee-d621-49d2-9605-69824b6a2a71: receive RaftClientReply:client-5F82E4B1DC62->1d28faee-d621-49d2-9605-69824b6a2a71@group-85568D8F1DA0, cid=244, SUCCESS, logIndex=5, commits[1d28faee-d621-49d2-9605-69824b6a2a71:c12, eab4b452-7cde-48e1-ad5f-93aada3f67c1:c7, b6cabe97-db9a-4a69-907a-1cb6b9206666:c8]
2019-07-16 15:42:34,837 INFO  client.GrpcClientProtocolClient (GrpcClientProtocolClient.java:onNext(255)) - client-5F82E4B1DC62->1d28faee-d621-49d2-9605-69824b6a2a71: receive RaftClientReply:client-5F82E4B1DC62->1d28faee-d621-49d2-9605-69824b6a2a71@group-85568D8F1DA0, cid=245, SUCCESS, logIndex=6, commits[1d28faee-d621-49d2-9605-69824b6a2a71:c12, eab4b452-7cde-48e1-ad5f-93aada3f67c1:c7, b6cabe97-db9a-4a69-907a-1cb6b9206666:c8]
2019-07-16 15:42:34,959 INFO  client.GrpcClientProtocolClient (GrpcClientProtocolClient.java:onNext(255)) - client-5F82E4B1DC62->1d28faee-d621-49d2-9605-69824b6a2a71: receive RaftClientReply:client-5F82E4B1DC62->1d28faee-d621-49d2-9605-69824b6a2a71@group-85568D8F1DA0, cid=246, SUCCESS, logIndex=7, commits[1d28faee-d621-49d2-9605-69824b6a2a71:c12, eab4b452-7cde-48e1-ad5f-93aada3f67c1:c7, b6cabe97-db9a-4a69-907a-1cb6b9206666:c8]
2019-07-16 15:42:34,977 INFO  client.GrpcClientProtocolClient (GrpcClientProtocolClient.java:onNext(255)) - client-5F82E4B1DC62->1d28faee-d621-49d2-9605-69824b6a2a71: receive RaftClientReply:client-5F82E4B1DC62->1d28faee-d621-49d2-9605-69824b6a2a71@group-85568D8F1DA0, cid=247, SUCCESS, logIndex=13, commits[1d28faee-d621-49d2-9605-69824b6a2a71:c14, eab4b452-7cde-48e1-ad5f-93aada3f67c1:c12, b6cabe97-db9a-4a69-907a-1cb6b9206666:c12]
2019-07-16 15:42:34,978 INFO  client.GrpcClientProtocolClient (GrpcClientProtocolClient.java:onNext(255)) - client-5F82E4B1DC62->1d28faee-d621-49d2-9605-69824b6a2a71: receive RaftClientReply:client-5F82E4B1DC62->1d28faee-d621-49d2-9605-69824b6a2a71@group-85568D8F1DA0, cid=248, SUCCESS, logIndex=14, commits[1d28faee-d621-49d2-9605-69824b6a2a71:c14, eab4b452-7cde-48e1-ad5f-93aada3f67c1:c12, b6cabe97-db9a-4a69-907a-1cb6b9206666:c12]
2019-07-16 15:42:34,994 INFO  client.GrpcClientProtocolClient (GrpcClientProtocolClient.java:onNext(255)) - client-5F82E4B1DC62->1d28faee-d621-49d2-9605-69824b6a2a71: receive RaftClientReply:client-5F82E4B1DC62->1d28faee-d621-49d2-9605-69824b6a2a71@group-85568D8F1DA0, cid=249, SUCCESS, logIndex=0, commits[1d28faee-d621-49d2-9605-69824b6a2a71:c16, eab4b452-7cde-48e1-ad5f-93aada3f67c1:c14, b6cabe97-db9a-4a69-907a-1cb6b9206666:c14]
2019-07-16 15:42:35,012 INFO  pipeline.Pipeline (Pipeline.java:getProtobufMessage(195)) - Serialize pipeline PipelineID=6870142d-fae1-436e-9f72-85568d8f1da0 with nodesInOrder{ }
2019-07-16 15:42:35,014 INFO  ozone.MiniOzoneClusterImpl (MiniOzoneClusterImpl.java:shutdown(321)) - Shutting down the Mini Ozone Cluster
2019-07-16 15:42:35,014 INFO  ozone.MiniOzoneClusterImpl (MiniOzoneClusterImpl.java:stop(336)) - Stopping the Mini Ozone Cluster
2019-07-16 15:42:35,014 INFO  ozone.MiniOzoneClusterImpl (MiniOzoneClusterImpl.java:stop(338)) - Stopping the OzoneManager
2019-07-16 15:42:35,014 INFO  ipc.Server (Server.java:stop(3082)) - Stopping server on 37603
2019-07-16 15:42:35,030 INFO  ipc.Server (Server.java:run(1185)) - Stopping IPC Server listener on 37603
2019-07-16 15:42:35,030 INFO  ipc.Server (Server.java:run(1319)) - Stopping IPC Server Responder
2019-07-16 15:42:35,030 INFO  utils.BackgroundService (BackgroundService.java:shutdown(148)) - Shutting down service KeyDeletingService
2019-07-16 15:42:35,047 INFO  handler.ContextHandler (ContextHandler.java:doStop(910)) - Stopped o.e.j.w.WebAppContext@541c32de{/,null,UNAVAILABLE}{/ozoneManager}
2019-07-16 15:42:35,048 INFO  server.AbstractConnector (AbstractConnector.java:doStop(318)) - Stopped ServerConnector@22120799{HTTP/1.1,[http/1.1]}{0.0.0.0:0}
2019-07-16 15:42:35,048 INFO  handler.ContextHandler (ContextHandler.java:doStop(910)) - Stopped o.e.j.s.ServletContextHandler@2f6bb6d8{/static,file:///workdir/hadoop-ozone/integration-test/target/test-classes/webapps/static,UNAVAILABLE}
2019-07-16 15:42:35,049 INFO  handler.ContextHandler (ContextHandler.java:doStop(910)) - Stopped o.e.j.s.ServletContextHandler@79c514e4{/logs,file:///workdir/hadoop-ozone/integration-test/target/log,UNAVAILABLE}
2019-07-16 15:42:35,063 INFO  ozone.MiniOzoneClusterImpl (MiniOzoneClusterImpl.java:stop(344)) - Shutting the HddsDatanodes
2019-07-16 15:42:35,064 INFO  datanode.ObjectStoreHandler (ObjectStoreHandler.java:close(155)) - Closing ObjectStoreHandler.
2019-07-16 15:42:35,064 INFO  datanode.ObjectStoreHandler (ObjectStoreHandler.java:close(155)) - Closing ObjectStoreHandler.
2019-07-16 15:42:35,064 INFO  ozone.HddsDatanodeService (HddsDatanodeService.java:stop(452)) - Stopped plug-in org.apache.hadoop.ozone.web.OzoneHddsDatanodeService@3dad8926
2019-07-16 15:42:35,064 INFO  ozone.HddsDatanodeService (HddsDatanodeService.java:stop(452)) - Stopped plug-in org.apache.hadoop.ozone.web.OzoneHddsDatanodeService@3f31ccef
2019-07-16 15:42:35,456 INFO  statemachine.DatanodeStateMachine (DatanodeStateMachine.java:lambda$startDaemon$0(350)) - Ozone container server started.
2019-07-16 15:42:35,703 INFO  statemachine.DatanodeStateMachine (DatanodeStateMachine.java:lambda$startDaemon$0(350)) - Ozone container server started.
2019-07-16 15:42:39,477 INFO  node.StaleNodeHandler (StaleNodeHandler.java:onMessage(58)) - Datanode 9313a0f7-98a1-461c-840d-c36ea641d6aa{ip: 192.168.69.88, host: trunk-nightly-kgw5x-1882989438, networkLocation: /default-rack, certSerialId: null} moved to stale state. Finalizing its pipelines [PipelineID=a4e36e6d-cdb8-43a5-893c-7f3e606e73c1, PipelineID=0aa3cdef-62b7-4f25-8fe0-68caa7d86bf3]
2019-07-16 15:42:39,477 INFO  pipeline.SCMPipelineManager (SCMPipelineManager.java:finalizeAndDestroyPipeline(309)) - destroying pipeline:Pipeline[ Id: a4e36e6d-cdb8-43a5-893c-7f3e606e73c1, Nodes: 9313a0f7-98a1-461c-840d-c36ea641d6aa{ip: 192.168.69.88, host: trunk-nightly-kgw5x-1882989438, networkLocation: /default-rack, certSerialId: null}249489b4-a9bf-4bb8-b6bf-665e94975bf6{ip: 192.168.69.88, host: trunk-nightly-kgw5x-1882989438, networkLocation: /default-rack, certSerialId: null}77e4f8b7-d59d-497c-bbb1-675dab87ac04{ip: 192.168.69.88, host: trunk-nightly-kgw5x-1882989438, networkLocation: /default-rack, certSerialId: null}, Type:RATIS, Factor:THREE, State:OPEN]
2019-07-16 15:42:39,477 INFO  pipeline.PipelineStateManager (PipelineStateManager.java:finalizePipeline(123)) - Pipeline Pipeline[ Id: a4e36e6d-cdb8-43a5-893c-7f3e606e73c1, Nodes: 9313a0f7-98a1-461c-840d-c36ea641d6aa{ip: 192.168.69.88, host: trunk-nightly-kgw5x-1882989438, networkLocation: /default-rack, certSerialId: null}249489b4-a9bf-4bb8-b6bf-665e94975bf6{ip: 192.168.69.88, host: trunk-nightly-kgw5x-1882989438, networkLocation: /default-rack, certSerialId: null}77e4f8b7-d59d-497c-bbb1-675dab87ac04{ip: 192.168.69.88, host: trunk-nightly-kgw5x-1882989438, networkLocation: /default-rack, certSerialId: null}, Type:RATIS, Factor:THREE, State:CLOSED] moved to CLOSED state
2019-07-16 15:42:39,478 INFO  pipeline.SCMPipelineManager (SCMPipelineManager.java:finalizeAndDestroyPipeline(309)) - destroying pipeline:Pipeline[ Id: 0aa3cdef-62b7-4f25-8fe0-68caa7d86bf3, Nodes: 9313a0f7-98a1-461c-840d-c36ea641d6aa{ip: 192.168.69.88, host: trunk-nightly-kgw5x-1882989438, networkLocation: /default-rack, certSerialId: null}, Type:RATIS, Factor:ONE, State:OPEN]
2019-07-16 15:42:39,478 INFO  pipeline.PipelineStateManager (PipelineStateManager.java:finalizePipeline(123)) - Pipeline Pipeline[ Id: 0aa3cdef-62b7-4f25-8fe0-68caa7d86bf3, Nodes: 9313a0f7-98a1-461c-840d-c36ea641d6aa{ip: 192.168.69.88, host: trunk-nightly-kgw5x-1882989438, networkLocation: /default-rack, certSerialId: null}, Type:RATIS, Factor:ONE, State:CLOSED] moved to CLOSED state
2019-07-16 15:42:39,777 INFO  node.StaleNodeHandler (StaleNodeHandler.java:onMessage(58)) - Datanode b6cabe97-db9a-4a69-907a-1cb6b9206666{ip: 192.168.69.88, host: trunk-nightly-kgw5x-1882989438, networkLocation: /default-rack, certSerialId: null} moved to stale state. Finalizing its pipelines [PipelineID=61bc89f6-d7ee-4604-a6a1-a105104c633d, PipelineID=6870142d-fae1-436e-9f72-85568d8f1da0]
2019-07-16 15:42:39,777 INFO  pipeline.SCMPipelineManager (SCMPipelineManager.java:finalizeAndDestroyPipeline(309)) - destroying pipeline:Pipeline[ Id: 61bc89f6-d7ee-4604-a6a1-a105104c633d, Nodes: b6cabe97-db9a-4a69-907a-1cb6b9206666{ip: 192.168.69.88, host: trunk-nightly-kgw5x-1882989438, networkLocation: /default-rack, certSerialId: null}, Type:RATIS, Factor:ONE, State:OPEN]
2019-07-16 15:42:39,778 INFO  pipeline.PipelineStateManager (PipelineStateManager.java:finalizePipeline(123)) - Pipeline Pipeline[ Id: 61bc89f6-d7ee-4604-a6a1-a105104c633d, Nodes: b6cabe97-db9a-4a69-907a-1cb6b9206666{ip: 192.168.69.88, host: trunk-nightly-kgw5x-1882989438, networkLocation: /default-rack, certSerialId: null}, Type:RATIS, Factor:ONE, State:CLOSED] moved to CLOSED state
2019-07-16 15:42:39,778 INFO  pipeline.SCMPipelineManager (SCMPipelineManager.java:finalizeAndDestroyPipeline(309)) - destroying pipeline:Pipeline[ Id: 6870142d-fae1-436e-9f72-85568d8f1da0, Nodes: eab4b452-7cde-48e1-ad5f-93aada3f67c1{ip: 192.168.69.88, host: trunk-nightly-kgw5x-1882989438, networkLocation: /default-rack, certSerialId: null}b6cabe97-db9a-4a69-907a-1cb6b9206666{ip: 192.168.69.88, host: trunk-nightly-kgw5x-1882989438, networkLocation: /default-rack, certSerialId: null}1d28faee-d621-49d2-9605-69824b6a2a71{ip: 192.168.69.88, host: trunk-nightly-kgw5x-1882989438, networkLocation: /default-rack, certSerialId: null}, Type:RATIS, Factor:THREE, State:OPEN]
2019-07-16 15:42:39,778 INFO  pipeline.PipelineStateManager (PipelineStateManager.java:finalizePipeline(123)) - Pipeline Pipeline[ Id: 6870142d-fae1-436e-9f72-85568d8f1da0, Nodes: eab4b452-7cde-48e1-ad5f-93aada3f67c1{ip: 192.168.69.88, host: trunk-nightly-kgw5x-1882989438, networkLocation: /default-rack, certSerialId: null}b6cabe97-db9a-4a69-907a-1cb6b9206666{ip: 192.168.69.88, host: trunk-nightly-kgw5x-1882989438, networkLocation: /default-rack, certSerialId: null}1d28faee-d621-49d2-9605-69824b6a2a71{ip: 192.168.69.88, host: trunk-nightly-kgw5x-1882989438, networkLocation: /default-rack, certSerialId: null}, Type:RATIS, Factor:THREE, State:CLOSED] moved to CLOSED state
2019-07-16 15:42:39,778 INFO  container.CloseContainerEventHandler (CloseContainerEventHandler.java:onMessage(61)) - Close container Event triggered for container : #2
2019-07-16 15:42:40,065 INFO  ozoneimpl.OzoneContainer (OzoneContainer.java:stop(199)) - Attempting to stop container services.
2019-07-16 15:42:40,065 INFO  ozoneimpl.OzoneContainer (OzoneContainer.java:stop(199)) - Attempting to stop container services.
2019-07-16 15:42:40,066 INFO  impl.RaftServerProxy (RaftServerProxy.java:lambda$close$4(314)) - 9313a0f7-98a1-461c-840d-c36ea641d6aa: close
2019-07-16 15:42:40,066 INFO  impl.RaftServerProxy (RaftServerProxy.java:lambda$close$4(314)) - b6cabe97-db9a-4a69-907a-1cb6b9206666: close
2019-07-16 15:42:40,066 INFO  impl.RaftServerImpl (RaftServerImpl.java:lambda$shutdown$3(245)) - 9313a0f7-98a1-461c-840d-c36ea641d6aa: shutdown group-7F3E606E73C1
2019-07-16 15:42:40,067 INFO  impl.RaftServerImpl (RaftServerImpl.java:lambda$shutdown$3(245)) - b6cabe97-db9a-4a69-907a-1cb6b9206666: shutdown group-A105104C633D
2019-07-16 15:42:40,067 INFO  util.JmxRegister (JmxRegister.java:unregister(73)) - Successfully un-registered JMX Bean with object name Ratis:service=RaftServer,group=group-7F3E606E73C1,id=9313a0f7-98a1-461c-840d-c36ea641d6aa
2019-07-16 15:42:40,067 INFO  util.JmxRegister (JmxRegister.java:unregister(73)) - Successfully un-registered JMX Bean with object name Ratis:service=RaftServer,group=group-A105104C633D,id=b6cabe97-db9a-4a69-907a-1cb6b9206666
2019-07-16 15:42:40,068 INFO  impl.RoleInfo (RoleInfo.java:shutdownFollowerState(121)) - 9313a0f7-98a1-461c-840d-c36ea641d6aa: shutdown FollowerState
2019-07-16 15:42:40,068 INFO  impl.RoleInfo (RoleInfo.java:shutdownLeaderState(104)) - b6cabe97-db9a-4a69-907a-1cb6b9206666: shutdown LeaderState
2019-07-16 15:42:40,069 INFO  impl.FollowerState (FollowerState.java:run(114)) - 9313a0f7-98a1-461c-840d-c36ea641d6aa: FollowerState was interrupted: java.lang.InterruptedException: sleep interrupted
2019-07-16 15:42:40,069 INFO  ratis.ContainerStateMachine (ContainerStateMachine.java:takeSnapshot(249)) - group-7F3E606E73C1: Taking a snapshot at:(t:1, i:15) file /workdir/hadoop-ozone/integration-test/target/test-dir/MiniOzoneClusterImpl-b07bb8e2-099d-4112-93c2-49344ba21f2d/datanode-4/data/ratis/a4e36e6d-cdb8-43a5-893c-7f3e606e73c1/sm/snapshot.1_15
2019-07-16 15:42:40,069 INFO  impl.StateMachineUpdater (StateMachineUpdater.java:stopAndJoin(115)) - StateMachineUpdater:9313a0f7-98a1-461c-840d-c36ea641d6aa:group-7F3E606E73C1: set stopIndex = 16
2019-07-16 15:42:40,069 INFO  impl.PendingRequests (PendingRequests.java:sendNotLeaderResponses(202)) - b6cabe97-db9a-4a69-907a-1cb6b9206666-PendingRequests: sendNotLeaderResponses
2019-07-16 15:42:40,073 INFO  impl.StateMachineUpdater (StateMachineUpdater.java:stopAndJoin(115)) - StateMachineUpdater:b6cabe97-db9a-4a69-907a-1cb6b9206666:group-A105104C633D: set stopIndex = 0
2019-07-16 15:42:40,074 INFO  impl.RaftServerImpl (ServerState.java:close(394)) - b6cabe97-db9a-4a69-907a-1cb6b9206666:group-A105104C633D closes. The last applied log index is 0
2019-07-16 15:42:40,074 INFO  segmented.SegmentedRaftLogWorker (SegmentedRaftLogWorker.java:run(313)) - b6cabe97-db9a-4a69-907a-1cb6b9206666-SegmentedRaftLogWorker:Storage Directory /workdir/hadoop-ozone/integration-test/target/test-dir/MiniOzoneClusterImpl-b07bb8e2-099d-4112-93c2-49344ba21f2d/datanode-1/data/ratis/61bc89f6-d7ee-4604-a6a1-a105104c633d was interrupted, exiting. There are 0 tasks remaining in the queue.
2019-07-16 15:42:40,086 INFO  ratis.ContainerStateMachine (ContainerStateMachine.java:takeSnapshot(257)) - group-7F3E606E73C1: Finished taking a snapshot at:(t:1, i:15) file:/workdir/hadoop-ozone/integration-test/target/test-dir/MiniOzoneClusterImpl-b07bb8e2-099d-4112-93c2-49344ba21f2d/datanode-4/data/ratis/a4e36e6d-cdb8-43a5-893c-7f3e606e73c1/sm/snapshot.1_15 time:17
2019-07-16 15:42:40,086 INFO  segmented.SegmentedRaftLogWorker (SegmentedRaftLogWorker.java:close(228)) - b6cabe97-db9a-4a69-907a-1cb6b9206666-SegmentedRaftLogWorker:Storage Directory /workdir/hadoop-ozone/integration-test/target/test-dir/MiniOzoneClusterImpl-b07bb8e2-099d-4112-93c2-49344ba21f2d/datanode-1/data/ratis/61bc89f6-d7ee-4604-a6a1-a105104c633d close()
2019-07-16 15:42:40,086 INFO  impl.StateMachineUpdater (StateMachineUpdater.java:takeSnapshot(242)) - StateMachineUpdater:9313a0f7-98a1-461c-840d-c36ea641d6aa:group-7F3E606E73C1: Took a snapshot at index 15
2019-07-16 15:42:40,092 INFO  impl.StateMachineUpdater (StateMachineUpdater.java:lambda$new$0(80)) - StateMachineUpdater:9313a0f7-98a1-461c-840d-c36ea641d6aa:group-7F3E606E73C1: snapshotIndex: updateIncreasingly -1 -> 15
2019-07-16 15:42:40,092 INFO  impl.RaftServerImpl (RaftServerImpl.java:lambda$shutdown$3(245)) - b6cabe97-db9a-4a69-907a-1cb6b9206666: shutdown group-85568D8F1DA0
2019-07-16 15:42:40,092 INFO  impl.RaftServerImpl (ServerState.java:close(394)) - 9313a0f7-98a1-461c-840d-c36ea641d6aa:group-7F3E606E73C1 closes. The last applied log index is 16
2019-07-16 15:42:40,092 INFO  util.JmxRegister (JmxRegister.java:unregister(73)) - Successfully un-registered JMX Bean with object name Ratis:service=RaftServer,group=group-85568D8F1DA0,id=b6cabe97-db9a-4a69-907a-1cb6b9206666
2019-07-16 15:42:40,093 INFO  impl.RoleInfo (RoleInfo.java:shutdownFollowerState(121)) - b6cabe97-db9a-4a69-907a-1cb6b9206666: shutdown FollowerState
2019-07-16 15:42:40,093 INFO  segmented.SegmentedRaftLogWorker (SegmentedRaftLogWorker.java:run(313)) - 9313a0f7-98a1-461c-840d-c36ea641d6aa-SegmentedRaftLogWorker:Storage Directory /workdir/hadoop-ozone/integration-test/target/test-dir/MiniOzoneClusterImpl-b07bb8e2-099d-4112-93c2-49344ba21f2d/datanode-4/data/ratis/a4e36e6d-cdb8-43a5-893c-7f3e606e73c1 was interrupted, exiting. There are 0 tasks remaining in the queue.
2019-07-16 15:42:40,093 INFO  ratis.ContainerStateMachine (ContainerStateMachine.java:takeSnapshot(249)) - group-85568D8F1DA0: Taking a snapshot at:(t:1, i:14) file /workdir/hadoop-ozone/integration-test/target/test-dir/MiniOzoneClusterImpl-b07bb8e2-099d-4112-93c2-49344ba21f2d/datanode-1/data/ratis/6870142d-fae1-436e-9f72-85568d8f1da0/sm/snapshot.1_14
2019-07-16 15:42:40,093 INFO  impl.StateMachineUpdater (StateMachineUpdater.java:stopAndJoin(115)) - StateMachineUpdater:b6cabe97-db9a-4a69-907a-1cb6b9206666:group-85568D8F1DA0: set stopIndex = 16
2019-07-16 15:42:40,097 INFO  ratis.ContainerStateMachine (ContainerStateMachine.java:takeSnapshot(257)) - group-85568D8F1DA0: Finished taking a snapshot at:(t:1, i:14) file:/workdir/hadoop-ozone/integration-test/target/test-dir/MiniOzoneClusterImpl-b07bb8e2-099d-4112-93c2-49344ba21f2d/datanode-1/data/ratis/6870142d-fae1-436e-9f72-85568d8f1da0/sm/snapshot.1_14 time:3
2019-07-16 15:42:40,097 INFO  impl.StateMachineUpdater (StateMachineUpdater.java:takeSnapshot(242)) - StateMachineUpdater:b6cabe97-db9a-4a69-907a-1cb6b9206666:group-85568D8F1DA0: Took a snapshot at index 14
2019-07-16 15:42:40,096 INFO  segmented.SegmentedRaftLogWorker (SegmentedRaftLogWorker.java:close(228)) - 9313a0f7-98a1-461c-840d-c36ea641d6aa-SegmentedRaftLogWorker:Storage Directory /workdir/hadoop-ozone/integration-test/target/test-dir/MiniOzoneClusterImpl-b07bb8e2-099d-4112-93c2-49344ba21f2d/datanode-4/data/ratis/a4e36e6d-cdb8-43a5-893c-7f3e606e73c1 close()
2019-07-16 15:42:40,093 INFO  impl.FollowerState (FollowerState.java:run(114)) - b6cabe97-db9a-4a69-907a-1cb6b9206666: FollowerState was interrupted: java.lang.InterruptedException: sleep interrupted
2019-07-16 15:42:40,103 INFO  impl.RaftServerImpl (RaftServerImpl.java:lambda$shutdown$3(245)) - 9313a0f7-98a1-461c-840d-c36ea641d6aa: shutdown group-68CAA7D86BF3
2019-07-16 15:42:40,097 INFO  impl.StateMachineUpdater (StateMachineUpdater.java:lambda$new$0(80)) - StateMachineUpdater:b6cabe97-db9a-4a69-907a-1cb6b9206666:group-85568D8F1DA0: snapshotIndex: updateIncreasingly -1 -> 14
2019-07-16 15:42:40,106 INFO  util.JmxRegister (JmxRegister.java:unregister(73)) - Successfully un-registered JMX Bean with object name Ratis:service=RaftServer,group=group-68CAA7D86BF3,id=9313a0f7-98a1-461c-840d-c36ea641d6aa
2019-07-16 15:42:40,107 INFO  impl.RaftServerImpl (ServerState.java:close(394)) - b6cabe97-db9a-4a69-907a-1cb6b9206666:group-85568D8F1DA0 closes. The last applied log index is 16
2019-07-16 15:42:40,107 INFO  impl.RoleInfo (RoleInfo.java:shutdownLeaderState(104)) - 9313a0f7-98a1-461c-840d-c36ea641d6aa: shutdown LeaderState
2019-07-16 15:42:40,107 INFO  segmented.SegmentedRaftLogWorker (SegmentedRaftLogWorker.java:run(313)) - b6cabe97-db9a-4a69-907a-1cb6b9206666-SegmentedRaftLogWorker:Storage Directory /workdir/hadoop-ozone/integration-test/target/test-dir/MiniOzoneClusterImpl-b07bb8e2-099d-4112-93c2-49344ba21f2d/datanode-1/data/ratis/6870142d-fae1-436e-9f72-85568d8f1da0 was interrupted, exiting. There are 0 tasks remaining in the queue.
2019-07-16 15:42:40,108 INFO  impl.PendingRequests (PendingRequests.java:sendNotLeaderResponses(202)) - 9313a0f7-98a1-461c-840d-c36ea641d6aa-PendingRequests: sendNotLeaderResponses
2019-07-16 15:42:40,111 INFO  segmented.SegmentedRaftLogWorker (SegmentedRaftLogWorker.java:close(228)) - b6cabe97-db9a-4a69-907a-1cb6b9206666-SegmentedRaftLogWorker:Storage Directory /workdir/hadoop-ozone/integration-test/target/test-dir/MiniOzoneClusterImpl-b07bb8e2-099d-4112-93c2-49344ba21f2d/datanode-1/data/ratis/6870142d-fae1-436e-9f72-85568d8f1da0 close()
2019-07-16 15:42:40,111 INFO  impl.StateMachineUpdater (StateMachineUpdater.java:stopAndJoin(115)) - StateMachineUpdater:9313a0f7-98a1-461c-840d-c36ea641d6aa:group-68CAA7D86BF3: set stopIndex = 0
2019-07-16 15:42:40,116 INFO  server.GrpcService (GrpcService.java:closeImpl(155)) - b6cabe97-db9a-4a69-907a-1cb6b9206666: shutdown server with port 39102 now
2019-07-16 15:42:40,117 INFO  impl.RaftServerImpl (ServerState.java:close(394)) - 9313a0f7-98a1-461c-840d-c36ea641d6aa:group-68CAA7D86BF3 closes. The last applied log index is 0
2019-07-16 15:42:40,117 INFO  segmented.SegmentedRaftLogWorker (SegmentedRaftLogWorker.java:run(313)) - 9313a0f7-98a1-461c-840d-c36ea641d6aa-SegmentedRaftLogWorker:Storage Directory /workdir/hadoop-ozone/integration-test/target/test-dir/MiniOzoneClusterImpl-b07bb8e2-099d-4112-93c2-49344ba21f2d/datanode-4/data/ratis/0aa3cdef-62b7-4f25-8fe0-68caa7d86bf3 was interrupted, exiting. There are 0 tasks remaining in the queue.
2019-07-16 15:42:40,118 INFO  server.GrpcService (GrpcService.java:closeImpl(163)) - b6cabe97-db9a-4a69-907a-1cb6b9206666: shutdown server with port 39102 successfully
2019-07-16 15:42:40,120 WARN  server.GrpcLogAppender (LogUtils.java:warn(134)) - 1d28faee-d621-49d2-9605-69824b6a2a71->b6cabe97-db9a-4a69-907a-1cb6b9206666: Failed appendEntries: org.apache.ratis.thirdparty.io.grpc.StatusRuntimeException: CANCELLED: HTTP/2 error code: CANCEL
Received Rst Stream
2019-07-16 15:42:40,118 WARN  server.GrpcServerProtocolService (LogUtils.java:warn(134)) - b6cabe97-db9a-4a69-907a-1cb6b9206666: appendEntries onError: org.apache.ratis.thirdparty.io.grpc.StatusRuntimeException: CANCELLED: cancelled before receiving half close
2019-07-16 15:42:40,121 INFO  impl.FollowerInfo (FollowerInfo.java:lambda$new$0(50)) - 1d28faee-d621-49d2-9605-69824b6a2a71->b6cabe97-db9a-4a69-907a-1cb6b9206666: nextIndex: updateUnconditionally 17 -> 16
2019-07-16 15:42:40,121 INFO  segmented.SegmentedRaftLogWorker (SegmentedRaftLogWorker.java:close(228)) - 9313a0f7-98a1-461c-840d-c36ea641d6aa-SegmentedRaftLogWorker:Storage Directory /workdir/hadoop-ozone/integration-test/target/test-dir/MiniOzoneClusterImpl-b07bb8e2-099d-4112-93c2-49344ba21f2d/datanode-4/data/ratis/0aa3cdef-62b7-4f25-8fe0-68caa7d86bf3 close()
2019-07-16 15:42:40,122 INFO  utils.BackgroundService (BackgroundService.java:shutdown(148)) - Shutting down service BlockDeletingService
2019-07-16 15:42:40,127 INFO  server.GrpcService (GrpcService.java:closeImpl(155)) - 9313a0f7-98a1-461c-840d-c36ea641d6aa: shutdown server with port 40707 now
2019-07-16 15:42:40,129 WARN  server.GrpcServerProtocolService (LogUtils.java:warn(134)) - 9313a0f7-98a1-461c-840d-c36ea641d6aa: appendEntries onError: org.apache.ratis.thirdparty.io.grpc.StatusRuntimeException: CANCELLED: cancelled before receiving half close
2019-07-16 15:42:40,129 WARN  server.GrpcLogAppender (LogUtils.java:warn(134)) - 249489b4-a9bf-4bb8-b6bf-665e94975bf6->9313a0f7-98a1-461c-840d-c36ea641d6aa: Failed appendEntries: org.apache.ratis.thirdparty.io.grpc.StatusRuntimeException: CANCELLED: HTTP/2 error code: CANCEL
Received Rst Stream
2019-07-16 15:42:40,129 INFO  server.GrpcService (GrpcService.java:closeImpl(163)) - 9313a0f7-98a1-461c-840d-c36ea641d6aa: shutdown server with port 40707 successfully
2019-07-16 15:42:40,129 WARN  fs.CachingGetSpaceUsed (CachingGetSpaceUsed.java:run(183)) - Thread Interrupted waiting to refresh disk information: sleep interrupted
2019-07-16 15:42:40,129 INFO  impl.FollowerInfo (FollowerInfo.java:lambda$new$0(50)) - 249489b4-a9bf-4bb8-b6bf-665e94975bf6->9313a0f7-98a1-461c-840d-c36ea641d6aa: nextIndex: updateUnconditionally 17 -> 16
2019-07-16 15:42:40,131 INFO  utils.BackgroundService (BackgroundService.java:shutdown(148)) - Shutting down service BlockDeletingService
2019-07-16 15:42:40,137 WARN  fs.CachingGetSpaceUsed (CachingGetSpaceUsed.java:run(183)) - Thread Interrupted waiting to refresh disk information: sleep interrupted
2019-07-16 15:42:40,156 INFO  statemachine.DatanodeStateMachine (DatanodeStateMachine.java:stopDaemon(395)) - Ozone container server stopped.
2019-07-16 15:42:40,162 INFO  statemachine.DatanodeStateMachine (DatanodeStateMachine.java:stopDaemon(395)) - Ozone container server stopped.
2019-07-16 15:42:40,186 INFO  handler.ContextHandler (ContextHandler.java:doStop(910)) - Stopped o.e.j.w.WebAppContext@54fb9c08{/,null,UNAVAILABLE}{/hddsDatanode}
2019-07-16 15:42:40,192 INFO  handler.ContextHandler (ContextHandler.java:doStop(910)) - Stopped o.e.j.w.WebAppContext@3d2ec8b2{/,null,UNAVAILABLE}{/hddsDatanode}
2019-07-16 15:42:40,192 INFO  server.AbstractConnector (AbstractConnector.java:doStop(318)) - Stopped ServerConnector@8941d98{HTTP/1.1,[http/1.1]}{0.0.0.0:0}
2019-07-16 15:42:40,192 INFO  server.AbstractConnector (AbstractConnector.java:doStop(318)) - Stopped ServerConnector@43905ade{HTTP/1.1,[http/1.1]}{0.0.0.0:0}
2019-07-16 15:42:40,193 INFO  handler.ContextHandler (ContextHandler.java:doStop(910)) - Stopped o.e.j.s.ServletContextHandler@6e1787ba{/static,jar:file:/home/user/.m2/repository/org/apache/hadoop/hadoop-hdds-container-service/0.5.0-SNAPSHOT/hadoop-hdds-container-service-0.5.0-SNAPSHOT.jar!/webapps/static,UNAVAILABLE}
2019-07-16 15:42:40,195 INFO  handler.ContextHandler (ContextHandler.java:doStop(910)) - Stopped o.e.j.s.ServletContextHandler@8872669{/static,jar:file:/home/user/.m2/repository/org/apache/hadoop/hadoop-hdds-container-service/0.5.0-SNAPSHOT/hadoop-hdds-container-service-0.5.0-SNAPSHOT.jar!/webapps/static,UNAVAILABLE}
2019-07-16 15:42:40,195 INFO  handler.ContextHandler (ContextHandler.java:doStop(910)) - Stopped o.e.j.s.ServletContextHandler@4c33450c{/logs,file:///workdir/hadoop-ozone/integration-test/target/log,UNAVAILABLE}
2019-07-16 15:42:40,197 INFO  handler.ContextHandler (ContextHandler.java:doStop(910)) - Stopped o.e.j.s.ServletContextHandler@545bc8e1{/logs,file:///workdir/hadoop-ozone/integration-test/target/log,UNAVAILABLE}
2019-07-16 15:42:40,197 INFO  datanode.ObjectStoreHandler (ObjectStoreHandler.java:close(155)) - Closing ObjectStoreHandler.
2019-07-16 15:42:40,198 INFO  ozone.HddsDatanodeService (HddsDatanodeService.java:stop(452)) - Stopped plug-in org.apache.hadoop.ozone.web.OzoneHddsDatanodeService@59b78925
2019-07-16 15:42:40,198 INFO  datanode.ObjectStoreHandler (ObjectStoreHandler.java:close(155)) - Closing ObjectStoreHandler.
2019-07-16 15:42:40,199 INFO  ozone.HddsDatanodeService (HddsDatanodeService.java:stop(452)) - Stopped plug-in org.apache.hadoop.ozone.web.OzoneHddsDatanodeService@79ae2d13
2019-07-16 15:42:40,444 INFO  statemachine.DatanodeStateMachine (DatanodeStateMachine.java:lambda$startDaemon$0(350)) - Ozone container server started.
2019-07-16 15:42:40,707 INFO  statemachine.DatanodeStateMachine (DatanodeStateMachine.java:lambda$startDaemon$0(350)) - Ozone container server started.
2019-07-16 15:42:41,733 WARN  server.GrpcLogAppender (LogUtils.java:warn(134)) - 1d28faee-d621-49d2-9605-69824b6a2a71->b6cabe97-db9a-4a69-907a-1cb6b9206666: Failed appendEntries: org.apache.ratis.thirdparty.io.grpc.StatusRuntimeException: UNAVAILABLE: io exception
2019-07-16 15:42:41,733 INFO  impl.FollowerInfo (FollowerInfo.java:lambda$new$0(50)) - 1d28faee-d621-49d2-9605-69824b6a2a71->b6cabe97-db9a-4a69-907a-1cb6b9206666: nextIndex: updateUnconditionally 17 -> 16
2019-07-16 15:42:41,744 WARN  server.GrpcLogAppender (LogUtils.java:warn(134)) - 1d28faee-d621-49d2-9605-69824b6a2a71->b6cabe97-db9a-4a69-907a-1cb6b9206666: Failed appendEntries: org.apache.ratis.thirdparty.io.grpc.StatusRuntimeException: UNAVAILABLE: io exception
2019-07-16 15:42:41,744 INFO  impl.FollowerInfo (FollowerInfo.java:lambda$new$0(50)) - 1d28faee-d621-49d2-9605-69824b6a2a71->b6cabe97-db9a-4a69-907a-1cb6b9206666: nextIndex: updateUnconditionally 17 -> 16
2019-07-16 15:42:41,757 WARN  server.GrpcLogAppender (LogUtils.java:warn(134)) - 1d28faee-d621-49d2-9605-69824b6a2a71->b6cabe97-db9a-4a69-907a-1cb6b9206666: Failed appendEntries: org.apache.ratis.thirdparty.io.grpc.StatusRuntimeException: UNAVAILABLE: io exception
2019-07-16 15:42:41,757 INFO  impl.FollowerInfo (FollowerInfo.java:lambda$new$0(50)) - 1d28faee-d621-49d2-9605-69824b6a2a71->b6cabe97-db9a-4a69-907a-1cb6b9206666: nextIndex: updateUnconditionally 17 -> 16
2019-07-16 15:42:41,787 INFO  interfaces.Container (KeyValueContainer.java:compactDB(356)) - Container 2 is closed with bcsId 14.
2019-07-16 15:42:41,791 INFO  interfaces.Container (KeyValueContainer.java:compactDB(356)) - Container 2 is closed with bcsId 14.
2019-07-16 15:42:41,904 WARN  server.GrpcLogAppender (LogUtils.java:warn(134)) - 249489b4-a9bf-4bb8-b6bf-665e94975bf6->9313a0f7-98a1-461c-840d-c36ea641d6aa: Failed appendEntries: org.apache.ratis.thirdparty.io.grpc.StatusRuntimeException: UNAVAILABLE: io exception
2019-07-16 15:42:41,905 INFO  impl.FollowerInfo (FollowerInfo.java:lambda$new$0(50)) - 249489b4-a9bf-4bb8-b6bf-665e94975bf6->9313a0f7-98a1-461c-840d-c36ea641d6aa: nextIndex: updateUnconditionally 16 -> 15
2019-07-16 15:42:44,258 WARN  server.GrpcLogAppender (LogUtils.java:warn(134)) - 1d28faee-d621-49d2-9605-69824b6a2a71->b6cabe97-db9a-4a69-907a-1cb6b9206666: Failed appendEntries: org.apache.ratis.thirdparty.io.grpc.StatusRuntimeException: UNAVAILABLE: io exception
2019-07-16 15:42:44,259 INFO  impl.FollowerInfo (FollowerInfo.java:lambda$new$0(50)) - 1d28faee-d621-49d2-9605-69824b6a2a71->b6cabe97-db9a-4a69-907a-1cb6b9206666: nextIndex: updateUnconditionally 16 -> 15
2019-07-16 15:42:44,405 WARN  server.GrpcLogAppender (LogUtils.java:warn(134)) - 249489b4-a9bf-4bb8-b6bf-665e94975bf6->9313a0f7-98a1-461c-840d-c36ea641d6aa: Failed appendEntries: org.apache.ratis.thirdparty.io.grpc.StatusRuntimeException: UNAVAILABLE: io exception
2019-07-16 15:42:44,405 INFO  impl.FollowerInfo (FollowerInfo.java:lambda$new$0(50)) - 249489b4-a9bf-4bb8-b6bf-665e94975bf6->9313a0f7-98a1-461c-840d-c36ea641d6aa: nextIndex: updateUnconditionally 15 -> 14
2019-07-16 15:42:44,483 INFO  node.StaleNodeHandler (StaleNodeHandler.java:onMessage(58)) - Datanode 249489b4-a9bf-4bb8-b6bf-665e94975bf6{ip: 192.168.69.88, host: trunk-nightly-kgw5x-1882989438, networkLocation: /default-rack, certSerialId: null} moved to stale state. Finalizing its pipelines [PipelineID=1e1497f8-bcc9-496c-ab4a-c331cf0af1ac, PipelineID=a4e36e6d-cdb8-43a5-893c-7f3e606e73c1]
2019-07-16 15:42:44,483 INFO  pipeline.SCMPipelineManager (SCMPipelineManager.java:finalizeAndDestroyPipeline(309)) - destroying pipeline:Pipeline[ Id: 1e1497f8-bcc9-496c-ab4a-c331cf0af1ac, Nodes: 249489b4-a9bf-4bb8-b6bf-665e94975bf6{ip: 192.168.69.88, host: trunk-nightly-kgw5x-1882989438, networkLocation: /default-rack, certSerialId: null}, Type:RATIS, Factor:ONE, State:OPEN]
2019-07-16 15:42:44,483 INFO  pipeline.PipelineStateManager (PipelineStateManager.java:finalizePipeline(123)) - Pipeline Pipeline[ Id: 1e1497f8-bcc9-496c-ab4a-c331cf0af1ac, Nodes: 249489b4-a9bf-4bb8-b6bf-665e94975bf6{ip: 192.168.69.88, host: trunk-nightly-kgw5x-1882989438, networkLocation: /default-rack, certSerialId: null}, Type:RATIS, Factor:ONE, State:CLOSED] moved to CLOSED state
2019-07-16 15:42:44,484 INFO  pipeline.SCMPipelineManager (SCMPipelineManager.java:finalizeAndDestroyPipeline(309)) - destroying pipeline:Pipeline[ Id: a4e36e6d-cdb8-43a5-893c-7f3e606e73c1, Nodes: 9313a0f7-98a1-461c-840d-c36ea641d6aa{ip: 192.168.69.88, host: trunk-nightly-kgw5x-1882989438, networkLocation: /default-rack, certSerialId: null}249489b4-a9bf-4bb8-b6bf-665e94975bf6{ip: 192.168.69.88, host: trunk-nightly-kgw5x-1882989438, networkLocation: /default-rack, certSerialId: null}77e4f8b7-d59d-497c-bbb1-675dab87ac04{ip: 192.168.69.88, host: trunk-nightly-kgw5x-1882989438, networkLocation: /default-rack, certSerialId: null}, Type:RATIS, Factor:THREE, State:CLOSED]
2019-07-16 15:42:44,783 INFO  node.StaleNodeHandler (StaleNodeHandler.java:onMessage(58)) - Datanode eab4b452-7cde-48e1-ad5f-93aada3f67c1{ip: 192.168.69.88, host: trunk-nightly-kgw5x-1882989438, networkLocation: /default-rack, certSerialId: null} moved to stale state. Finalizing its pipelines [PipelineID=6870142d-fae1-436e-9f72-85568d8f1da0, PipelineID=b7714ba3-9a81-4bb3-8410-8642b740a51f]
2019-07-16 15:42:44,784 INFO  pipeline.SCMPipelineManager (SCMPipelineManager.java:finalizeAndDestroyPipeline(309)) - destroying pipeline:Pipeline[ Id: 6870142d-fae1-436e-9f72-85568d8f1da0, Nodes: eab4b452-7cde-48e1-ad5f-93aada3f67c1{ip: 192.168.69.88, host: trunk-nightly-kgw5x-1882989438, networkLocation: /default-rack, certSerialId: null}b6cabe97-db9a-4a69-907a-1cb6b9206666{ip: 192.168.69.88, host: trunk-nightly-kgw5x-1882989438, networkLocation: /default-rack, certSerialId: null}1d28faee-d621-49d2-9605-69824b6a2a71{ip: 192.168.69.88, host: trunk-nightly-kgw5x-1882989438, networkLocation: /default-rack, certSerialId: null}, Type:RATIS, Factor:THREE, State:CLOSED]
2019-07-16 15:42:44,784 INFO  pipeline.SCMPipelineManager (SCMPipelineManager.java:finalizeAndDestroyPipeline(309)) - destroying pipeline:Pipeline[ Id: b7714ba3-9a81-4bb3-8410-8642b740a51f, Nodes: eab4b452-7cde-48e1-ad5f-93aada3f67c1{ip: 192.168.69.88, host: trunk-nightly-kgw5x-1882989438, networkLocation: /default-rack, certSerialId: null}, Type:RATIS, Factor:ONE, State:OPEN]
2019-07-16 15:42:44,784 INFO  pipeline.PipelineStateManager (PipelineStateManager.java:finalizePipeline(123)) - Pipeline Pipeline[ Id: b7714ba3-9a81-4bb3-8410-8642b740a51f, Nodes: eab4b452-7cde-48e1-ad5f-93aada3f67c1{ip: 192.168.69.88, host: trunk-nightly-kgw5x-1882989438, networkLocation: /default-rack, certSerialId: null}, Type:RATIS, Factor:ONE, State:CLOSED] moved to CLOSED state
2019-07-16 15:42:45,199 INFO  ozoneimpl.OzoneContainer (OzoneContainer.java:stop(199)) - Attempting to stop container services.
2019-07-16 15:42:45,199 INFO  ozoneimpl.OzoneContainer (OzoneContainer.java:stop(199)) - Attempting to stop container services.
2019-07-16 15:42:45,200 INFO  impl.RaftServerProxy (RaftServerProxy.java:lambda$close$4(314)) - eab4b452-7cde-48e1-ad5f-93aada3f67c1: close
2019-07-16 15:42:45,200 INFO  impl.RaftServerProxy (RaftServerProxy.java:lambda$close$4(314)) - 249489b4-a9bf-4bb8-b6bf-665e94975bf6: close
2019-07-16 15:42:45,200 INFO  impl.RaftServerImpl (RaftServerImpl.java:lambda$shutdown$3(245)) - eab4b452-7cde-48e1-ad5f-93aada3f67c1: shutdown group-85568D8F1DA0
2019-07-16 15:42:45,200 INFO  impl.RaftServerImpl (RaftServerImpl.java:lambda$shutdown$3(245)) - 249489b4-a9bf-4bb8-b6bf-665e94975bf6: shutdown group-C331CF0AF1AC
2019-07-16 15:42:45,201 INFO  util.JmxRegister (JmxRegister.java:unregister(73)) - Successfully un-registered JMX Bean with object name Ratis:service=RaftServer,group=group-85568D8F1DA0,id=eab4b452-7cde-48e1-ad5f-93aada3f67c1
2019-07-16 15:42:45,201 INFO  util.JmxRegister (JmxRegister.java:unregister(73)) - Successfully un-registered JMX Bean with object name Ratis:service=RaftServer,group=group-C331CF0AF1AC,id=249489b4-a9bf-4bb8-b6bf-665e94975bf6
2019-07-16 15:42:45,202 INFO  impl.RoleInfo (RoleInfo.java:shutdownLeaderState(104)) - 249489b4-a9bf-4bb8-b6bf-665e94975bf6: shutdown LeaderState
2019-07-16 15:42:45,201 INFO  impl.RoleInfo (RoleInfo.java:shutdownFollowerState(121)) - eab4b452-7cde-48e1-ad5f-93aada3f67c1: shutdown FollowerState
2019-07-16 15:42:45,202 INFO  impl.PendingRequests (PendingRequests.java:sendNotLeaderResponses(202)) - 249489b4-a9bf-4bb8-b6bf-665e94975bf6-PendingRequests: sendNotLeaderResponses
2019-07-16 15:42:45,203 INFO  impl.FollowerState (FollowerState.java:run(114)) - eab4b452-7cde-48e1-ad5f-93aada3f67c1: FollowerState was interrupted: java.lang.InterruptedException: sleep interrupted
2019-07-16 15:42:45,203 INFO  ratis.ContainerStateMachine (ContainerStateMachine.java:takeSnapshot(249)) - group-85568D8F1DA0: Taking a snapshot at:(t:1, i:17) file /workdir/hadoop-ozone/integration-test/target/test-dir/MiniOzoneClusterImpl-b07bb8e2-099d-4112-93c2-49344ba21f2d/datanode-2/data/ratis/6870142d-fae1-436e-9f72-85568d8f1da0/sm/snapshot.1_17
2019-07-16 15:42:45,203 INFO  impl.StateMachineUpdater (StateMachineUpdater.java:stopAndJoin(115)) - StateMachineUpdater:eab4b452-7cde-48e1-ad5f-93aada3f67c1:group-85568D8F1DA0: set stopIndex = 18
2019-07-16 15:42:45,203 INFO  impl.StateMachineUpdater (StateMachineUpdater.java:stopAndJoin(115)) - StateMachineUpdater:249489b4-a9bf-4bb8-b6bf-665e94975bf6:group-C331CF0AF1AC: set stopIndex = 0
2019-07-16 15:42:45,207 INFO  ratis.ContainerStateMachine (ContainerStateMachine.java:takeSnapshot(257)) - group-85568D8F1DA0: Finished taking a snapshot at:(t:1, i:17) file:/workdir/hadoop-ozone/integration-test/target/test-dir/MiniOzoneClusterImpl-b07bb8e2-099d-4112-93c2-49344ba21f2d/datanode-2/data/ratis/6870142d-fae1-436e-9f72-85568d8f1da0/sm/snapshot.1_17 time:5
2019-07-16 15:42:45,208 INFO  impl.RaftServerImpl (ServerState.java:close(394)) - 249489b4-a9bf-4bb8-b6bf-665e94975bf6:group-C331CF0AF1AC closes. The last applied log index is 0
2019-07-16 15:42:45,208 INFO  impl.StateMachineUpdater (StateMachineUpdater.java:takeSnapshot(242)) - StateMachineUpdater:eab4b452-7cde-48e1-ad5f-93aada3f67c1:group-85568D8F1DA0: Took a snapshot at index 17
2019-07-16 15:42:45,209 INFO  impl.StateMachineUpdater (StateMachineUpdater.java:lambda$new$0(80)) - StateMachineUpdater:eab4b452-7cde-48e1-ad5f-93aada3f67c1:group-85568D8F1DA0: snapshotIndex: updateIncreasingly -1 -> 17
2019-07-16 15:42:45,209 INFO  segmented.SegmentedRaftLogWorker (SegmentedRaftLogWorker.java:run(313)) - 249489b4-a9bf-4bb8-b6bf-665e94975bf6-SegmentedRaftLogWorker:Storage Directory /workdir/hadoop-ozone/integration-test/target/test-dir/MiniOzoneClusterImpl-b07bb8e2-099d-4112-93c2-49344ba21f2d/datanode-3/data/ratis/1e1497f8-bcc9-496c-ab4a-c331cf0af1ac was interrupted, exiting. There are 0 tasks remaining in the queue.
2019-07-16 15:42:45,211 INFO  impl.RaftServerImpl (ServerState.java:close(394)) - eab4b452-7cde-48e1-ad5f-93aada3f67c1:group-85568D8F1DA0 closes. The last applied log index is 18
2019-07-16 15:42:45,211 INFO  segmented.SegmentedRaftLogWorker (SegmentedRaftLogWorker.java:close(228)) - 249489b4-a9bf-4bb8-b6bf-665e94975bf6-SegmentedRaftLogWorker:Storage Directory /workdir/hadoop-ozone/integration-test/target/test-dir/MiniOzoneClusterImpl-b07bb8e2-099d-4112-93c2-49344ba21f2d/datanode-3/data/ratis/1e1497f8-bcc9-496c-ab4a-c331cf0af1ac close()
2019-07-16 15:42:45,212 INFO  segmented.SegmentedRaftLogWorker (SegmentedRaftLogWorker.java:run(313)) - eab4b452-7cde-48e1-ad5f-93aada3f67c1-SegmentedRaftLogWorker:Storage Directory /workdir/hadoop-ozone/integration-test/target/test-dir/MiniOzoneClusterImpl-b07bb8e2-099d-4112-93c2-49344ba21f2d/datanode-2/data/ratis/6870142d-fae1-436e-9f72-85568d8f1da0 was interrupted, exiting. There are 0 tasks remaining in the queue.
2019-07-16 15:42:45,227 INFO  impl.RaftServerImpl (RaftServerImpl.java:lambda$shutdown$3(245)) - 249489b4-a9bf-4bb8-b6bf-665e94975bf6: shutdown group-7F3E606E73C1
2019-07-16 15:42:45,228 INFO  util.JmxRegister (JmxRegister.java:unregister(73)) - Successfully un-registered JMX Bean with object name Ratis:service=RaftServer,group=group-7F3E606E73C1,id=249489b4-a9bf-4bb8-b6bf-665e94975bf6
2019-07-16 15:42:45,227 INFO  segmented.SegmentedRaftLogWorker (SegmentedRaftLogWorker.java:close(228)) - eab4b452-7cde-48e1-ad5f-93aada3f67c1-SegmentedRaftLogWorker:Storage Directory /workdir/hadoop-ozone/integration-test/target/test-dir/MiniOzoneClusterImpl-b07bb8e2-099d-4112-93c2-49344ba21f2d/datanode-2/data/ratis/6870142d-fae1-436e-9f72-85568d8f1da0 close()
2019-07-16 15:42:45,228 INFO  impl.RoleInfo (RoleInfo.java:shutdownLeaderState(104)) - 249489b4-a9bf-4bb8-b6bf-665e94975bf6: shutdown LeaderState
2019-07-16 15:42:45,230 INFO  impl.RaftServerImpl (RaftServerImpl.java:lambda$shutdown$3(245)) - eab4b452-7cde-48e1-ad5f-93aada3f67c1: shutdown group-8642B740A51F
2019-07-16 15:42:45,235 WARN  server.GrpcLogAppender (GrpcLogAppender.java:mayWait(143)) - GrpcLogAppender(249489b4-a9bf-4bb8-b6bf-665e94975bf6->77e4f8b7-d59d-497c-bbb1-675dab87ac04): Wait interrupted by java.lang.InterruptedException
2019-07-16 15:42:45,235 INFO  impl.PendingRequests (PendingRequests.java:sendNotLeaderResponses(202)) - 249489b4-a9bf-4bb8-b6bf-665e94975bf6-PendingRequests: sendNotLeaderResponses
2019-07-16 15:42:45,235 WARN  server.GrpcLogAppender (GrpcLogAppender.java:mayWait(143)) - GrpcLogAppender(249489b4-a9bf-4bb8-b6bf-665e94975bf6->9313a0f7-98a1-461c-840d-c36ea641d6aa): Wait interrupted by java.lang.InterruptedException
2019-07-16 15:42:45,236 INFO  server.GrpcServerProtocolService (GrpcServerProtocolService.java:onCompleted(104)) - 77e4f8b7-d59d-497c-bbb1-675dab87ac04: appendEntries completed
2019-07-16 15:42:45,235 INFO  util.JmxRegister (JmxRegister.java:unregister(73)) - Successfully un-registered JMX Bean with object name Ratis:service=RaftServer,group=group-8642B740A51F,id=eab4b452-7cde-48e1-ad5f-93aada3f67c1
2019-07-16 15:42:45,240 INFO  ratis.ContainerStateMachine (ContainerStateMachine.java:takeSnapshot(249)) - group-7F3E606E73C1: Taking a snapshot at:(t:1, i:16) file /workdir/hadoop-ozone/integration-test/target/test-dir/MiniOzoneClusterImpl-b07bb8e2-099d-4112-93c2-49344ba21f2d/datanode-3/data/ratis/a4e36e6d-cdb8-43a5-893c-7f3e606e73c1/sm/snapshot.1_16
2019-07-16 15:42:45,240 INFO  impl.StateMachineUpdater (StateMachineUpdater.java:stopAndJoin(115)) - StateMachineUpdater:249489b4-a9bf-4bb8-b6bf-665e94975bf6:group-7F3E606E73C1: set stopIndex = 16
2019-07-16 15:42:45,240 INFO  ratis.ContainerStateMachine (ContainerStateMachine.java:takeSnapshot(257)) - group-7F3E606E73C1: Finished taking a snapshot at:(t:1, i:16) file:/workdir/hadoop-ozone/integration-test/target/test-dir/MiniOzoneClusterImpl-b07bb8e2-099d-4112-93c2-49344ba21f2d/datanode-3/data/ratis/a4e36e6d-cdb8-43a5-893c-7f3e606e73c1/sm/snapshot.1_16 time:1
2019-07-16 15:42:45,241 INFO  impl.StateMachineUpdater (StateMachineUpdater.java:takeSnapshot(242)) - StateMachineUpdater:249489b4-a9bf-4bb8-b6bf-665e94975bf6:group-7F3E606E73C1: Took a snapshot at index 16
2019-07-16 15:42:45,240 INFO  server.GrpcLogAppender (GrpcLogAppender.java:onCompleted(292)) - 249489b4-a9bf-4bb8-b6bf-665e94975bf6->77e4f8b7-d59d-497c-bbb1-675dab87ac04: follower responses appendEntries COMPLETED
2019-07-16 15:42:45,240 INFO  impl.RoleInfo (RoleInfo.java:shutdownLeaderState(104)) - eab4b452-7cde-48e1-ad5f-93aada3f67c1: shutdown LeaderState
2019-07-16 15:42:45,241 INFO  impl.FollowerInfo (FollowerInfo.java:lambda$new$0(50)) - 249489b4-a9bf-4bb8-b6bf-665e94975bf6->77e4f8b7-d59d-497c-bbb1-675dab87ac04: nextIndex: updateUnconditionally 17 -> 16
2019-07-16 15:42:45,241 INFO  impl.StateMachineUpdater (StateMachineUpdater.java:lambda$new$0(80)) - StateMachineUpdater:249489b4-a9bf-4bb8-b6bf-665e94975bf6:group-7F3E606E73C1: snapshotIndex: updateIncreasingly -1 -> 16
2019-07-16 15:42:45,241 INFO  impl.PendingRequests (PendingRequests.java:sendNotLeaderResponses(202)) - eab4b452-7cde-48e1-ad5f-93aada3f67c1-PendingRequests: sendNotLeaderResponses
2019-07-16 15:42:45,242 INFO  impl.RaftServerImpl (ServerState.java:close(394)) - 249489b4-a9bf-4bb8-b6bf-665e94975bf6:group-7F3E606E73C1 closes. The last applied log index is 16
2019-07-16 15:42:45,242 INFO  impl.StateMachineUpdater (StateMachineUpdater.java:stopAndJoin(115)) - StateMachineUpdater:eab4b452-7cde-48e1-ad5f-93aada3f67c1:group-8642B740A51F: set stopIndex = 0
2019-07-16 15:42:45,243 INFO  segmented.SegmentedRaftLogWorker (SegmentedRaftLogWorker.java:run(313)) - 249489b4-a9bf-4bb8-b6bf-665e94975bf6-SegmentedRaftLogWorker:Storage Directory /workdir/hadoop-ozone/integration-test/target/test-dir/MiniOzoneClusterImpl-b07bb8e2-099d-4112-93c2-49344ba21f2d/datanode-3/data/ratis/a4e36e6d-cdb8-43a5-893c-7f3e606e73c1 was interrupted, exiting. There are 0 tasks remaining in the queue.
2019-07-16 15:42:45,243 INFO  impl.RaftServerImpl (ServerState.java:close(394)) - eab4b452-7cde-48e1-ad5f-93aada3f67c1:group-8642B740A51F closes. The last applied log index is 0
2019-07-16 15:42:45,243 INFO  segmented.SegmentedRaftLogWorker (SegmentedRaftLogWorker.java:close(228)) - 249489b4-a9bf-4bb8-b6bf-665e94975bf6-SegmentedRaftLogWorker:Storage Directory /workdir/hadoop-ozone/integration-test/target/test-dir/MiniOzoneClusterImpl-b07bb8e2-099d-4112-93c2-49344ba21f2d/datanode-3/data/ratis/a4e36e6d-cdb8-43a5-893c-7f3e606e73c1 close()
2019-07-16 15:42:45,243 INFO  segmented.SegmentedRaftLogWorker (SegmentedRaftLogWorker.java:run(313)) - eab4b452-7cde-48e1-ad5f-93aada3f67c1-SegmentedRaftLogWorker:Storage Directory /workdir/hadoop-ozone/integration-test/target/test-dir/MiniOzoneClusterImpl-b07bb8e2-099d-4112-93c2-49344ba21f2d/datanode-2/data/ratis/b7714ba3-9a81-4bb3-8410-8642b740a51f was interrupted, exiting. There are 0 tasks remaining in the queue.
2019-07-16 15:42:45,246 INFO  server.GrpcService (GrpcService.java:closeImpl(155)) - 249489b4-a9bf-4bb8-b6bf-665e94975bf6: shutdown server with port 36950 now
2019-07-16 15:42:45,246 INFO  segmented.SegmentedRaftLogWorker (SegmentedRaftLogWorker.java:close(228)) - eab4b452-7cde-48e1-ad5f-93aada3f67c1-SegmentedRaftLogWorker:Storage Directory /workdir/hadoop-ozone/integration-test/target/test-dir/MiniOzoneClusterImpl-b07bb8e2-099d-4112-93c2-49344ba21f2d/datanode-2/data/ratis/b7714ba3-9a81-4bb3-8410-8642b740a51f close()
2019-07-16 15:42:45,250 INFO  server.GrpcService (GrpcService.java:closeImpl(155)) - eab4b452-7cde-48e1-ad5f-93aada3f67c1: shutdown server with port 35899 now
2019-07-16 15:42:45,250 WARN  client.GrpcClientProtocolService (LogUtils.java:warn(134)) - 2-UnorderedRequestStreamObserver2: onError: org.apache.ratis.thirdparty.io.grpc.StatusRuntimeException: CANCELLED: cancelled before receiving half close
2019-07-16 15:42:45,251 INFO  server.GrpcService (GrpcService.java:closeImpl(163)) - 249489b4-a9bf-4bb8-b6bf-665e94975bf6: shutdown server with port 36950 successfully
2019-07-16 15:42:45,251 INFO  server.GrpcService (GrpcService.java:closeImpl(163)) - eab4b452-7cde-48e1-ad5f-93aada3f67c1: shutdown server with port 35899 successfully
2019-07-16 15:42:45,251 WARN  server.GrpcServerProtocolService (LogUtils.java:warn(134)) - eab4b452-7cde-48e1-ad5f-93aada3f67c1: appendEntries onError: org.apache.ratis.thirdparty.io.grpc.StatusRuntimeException: CANCELLED: cancelled before receiving half close
2019-07-16 15:42:45,251 WARN  server.GrpcLogAppender (LogUtils.java:warn(134)) - 1d28faee-d621-49d2-9605-69824b6a2a71->eab4b452-7cde-48e1-ad5f-93aada3f67c1: Failed appendEntries: org.apache.ratis.thirdparty.io.grpc.StatusRuntimeException: CANCELLED: HTTP/2 error code: CANCEL
Received Rst Stream
2019-07-16 15:42:45,252 INFO  impl.FollowerInfo (FollowerInfo.java:lambda$new$0(50)) - 1d28faee-d621-49d2-9605-69824b6a2a71->eab4b452-7cde-48e1-ad5f-93aada3f67c1: nextIndex: updateUnconditionally 19 -> 18
2019-07-16 15:42:45,253 INFO  utils.BackgroundService (BackgroundService.java:shutdown(148)) - Shutting down service BlockDeletingService
2019-07-16 15:42:45,254 INFO  utils.BackgroundService (BackgroundService.java:shutdown(148)) - Shutting down service BlockDeletingService
2019-07-16 15:42:45,255 WARN  fs.CachingGetSpaceUsed (CachingGetSpaceUsed.java:run(183)) - Thread Interrupted waiting to refresh disk information: sleep interrupted
2019-07-16 15:42:45,255 WARN  fs.CachingGetSpaceUsed (CachingGetSpaceUsed.java:run(183)) - Thread Interrupted waiting to refresh disk information: sleep interrupted
2019-07-16 15:42:45,277 INFO  statemachine.DatanodeStateMachine (DatanodeStateMachine.java:stopDaemon(395)) - Ozone container server stopped.
2019-07-16 15:42:45,277 INFO  statemachine.DatanodeStateMachine (DatanodeStateMachine.java:stopDaemon(395)) - Ozone container server stopped.
2019-07-16 15:42:45,291 INFO  handler.ContextHandler (ContextHandler.java:doStop(910)) - Stopped o.e.j.w.WebAppContext@22bf2a0d{/,null,UNAVAILABLE}{/hddsDatanode}
2019-07-16 15:42:45,291 INFO  handler.ContextHandler (ContextHandler.java:doStop(910)) - Stopped o.e.j.w.WebAppContext@2f3ba597{/,null,UNAVAILABLE}{/hddsDatanode}
2019-07-16 15:42:45,292 INFO  server.AbstractConnector (AbstractConnector.java:doStop(318)) - Stopped ServerConnector@61774805{HTTP/1.1,[http/1.1]}{0.0.0.0:0}
2019-07-16 15:42:45,294 INFO  handler.ContextHandler (ContextHandler.java:doStop(910)) - Stopped o.e.j.s.ServletContextHandler@2769d577{/static,jar:file:/home/user/.m2/repository/org/apache/hadoop/hadoop-hdds-container-service/0.5.0-SNAPSHOT/hadoop-hdds-container-service-0.5.0-SNAPSHOT.jar!/webapps/static,UNAVAILABLE}
2019-07-16 15:42:45,294 INFO  server.AbstractConnector (AbstractConnector.java:doStop(318)) - Stopped ServerConnector@4d555b85{HTTP/1.1,[http/1.1]}{0.0.0.0:0}
2019-07-16 15:42:45,296 INFO  handler.ContextHandler (ContextHandler.java:doStop(910)) - Stopped o.e.j.s.ServletContextHandler@7307e418{/logs,file:///workdir/hadoop-ozone/integration-test/target/log,UNAVAILABLE}
2019-07-16 15:42:45,297 INFO  handler.ContextHandler (ContextHandler.java:doStop(910)) - Stopped o.e.j.s.ServletContextHandler@5d7807b0{/static,jar:file:/home/user/.m2/repository/org/apache/hadoop/hadoop-hdds-container-service/0.5.0-SNAPSHOT/hadoop-hdds-container-service-0.5.0-SNAPSHOT.jar!/webapps/static,UNAVAILABLE}
2019-07-16 15:42:45,298 INFO  handler.ContextHandler (ContextHandler.java:doStop(910)) - Stopped o.e.j.s.ServletContextHandler@12f4b3a2{/logs,file:///workdir/hadoop-ozone/integration-test/target/log,UNAVAILABLE}
2019-07-16 15:42:45,298 INFO  datanode.ObjectStoreHandler (ObjectStoreHandler.java:close(155)) - Closing ObjectStoreHandler.
2019-07-16 15:42:45,298 INFO  ozone.HddsDatanodeService (HddsDatanodeService.java:stop(452)) - Stopped plug-in org.apache.hadoop.ozone.web.OzoneHddsDatanodeService@447cdbaa
2019-07-16 15:42:45,298 INFO  datanode.ObjectStoreHandler (ObjectStoreHandler.java:close(155)) - Closing ObjectStoreHandler.
2019-07-16 15:42:45,299 INFO  ozone.HddsDatanodeService (HddsDatanodeService.java:stop(452)) - Stopped plug-in org.apache.hadoop.ozone.web.OzoneHddsDatanodeService@364bbba9
2019-07-16 15:42:45,788 INFO  statemachine.DatanodeStateMachine (DatanodeStateMachine.java:lambda$startDaemon$0(350)) - Ozone container server started.
2019-07-16 15:42:45,899 INFO  statemachine.DatanodeStateMachine (DatanodeStateMachine.java:lambda$startDaemon$0(350)) - Ozone container server started.
2019-07-16 15:42:46,759 WARN  server.GrpcLogAppender (LogUtils.java:warn(134)) - 1d28faee-d621-49d2-9605-69824b6a2a71->b6cabe97-db9a-4a69-907a-1cb6b9206666: Failed appendEntries: org.apache.ratis.thirdparty.io.grpc.StatusRuntimeException: UNAVAILABLE: io exception
2019-07-16 15:42:46,760 INFO  impl.FollowerInfo (FollowerInfo.java:lambda$new$0(50)) - 1d28faee-d621-49d2-9605-69824b6a2a71->b6cabe97-db9a-4a69-907a-1cb6b9206666: nextIndex: updateUnconditionally 15 -> 14
2019-07-16 15:42:46,760 WARN  server.GrpcLogAppender (LogUtils.java:warn(134)) - 1d28faee-d621-49d2-9605-69824b6a2a71->eab4b452-7cde-48e1-ad5f-93aada3f67c1: Failed appendEntries: org.apache.ratis.thirdparty.io.grpc.StatusRuntimeException: UNAVAILABLE: io exception
2019-07-16 15:42:46,760 INFO  impl.FollowerInfo (FollowerInfo.java:lambda$new$0(50)) - 1d28faee-d621-49d2-9605-69824b6a2a71->eab4b452-7cde-48e1-ad5f-93aada3f67c1: nextIndex: updateUnconditionally 18 -> 17
2019-07-16 15:42:49,259 WARN  server.GrpcLogAppender (LogUtils.java:warn(134)) - 1d28faee-d621-49d2-9605-69824b6a2a71->b6cabe97-db9a-4a69-907a-1cb6b9206666: Failed appendEntries: org.apache.ratis.thirdparty.io.grpc.StatusRuntimeException: UNAVAILABLE: io exception
2019-07-16 15:42:49,260 INFO  impl.FollowerInfo (FollowerInfo.java:lambda$new$0(50)) - 1d28faee-d621-49d2-9605-69824b6a2a71->b6cabe97-db9a-4a69-907a-1cb6b9206666: nextIndex: updateUnconditionally 14 -> 13
2019-07-16 15:42:49,260 WARN  server.GrpcLogAppender (LogUtils.java:warn(134)) - 1d28faee-d621-49d2-9605-69824b6a2a71->eab4b452-7cde-48e1-ad5f-93aada3f67c1: Failed appendEntries: org.apache.ratis.thirdparty.io.grpc.StatusRuntimeException: UNAVAILABLE: io exception
2019-07-16 15:42:49,261 INFO  impl.FollowerInfo (FollowerInfo.java:lambda$new$0(50)) - 1d28faee-d621-49d2-9605-69824b6a2a71->eab4b452-7cde-48e1-ad5f-93aada3f67c1: nextIndex: updateUnconditionally 17 -> 16
2019-07-16 15:42:49,790 INFO  node.StaleNodeHandler (StaleNodeHandler.java:onMessage(58)) - Datanode 1d28faee-d621-49d2-9605-69824b6a2a71{ip: 192.168.69.88, host: trunk-nightly-kgw5x-1882989438, networkLocation: /default-rack, certSerialId: null} moved to stale state. Finalizing its pipelines [PipelineID=e2e6c36b-473e-431b-ad3b-09f825896c10, PipelineID=6870142d-fae1-436e-9f72-85568d8f1da0]
2019-07-16 15:42:49,790 INFO  pipeline.SCMPipelineManager (SCMPipelineManager.java:finalizeAndDestroyPipeline(309)) - destroying pipeline:Pipeline[ Id: e2e6c36b-473e-431b-ad3b-09f825896c10, Nodes: 1d28faee-d621-49d2-9605-69824b6a2a71{ip: 192.168.69.88, host: trunk-nightly-kgw5x-1882989438, networkLocation: /default-rack, certSerialId: null}, Type:RATIS, Factor:ONE, State:OPEN]
2019-07-16 15:42:49,790 INFO  pipeline.PipelineStateManager (PipelineStateManager.java:finalizePipeline(123)) - Pipeline Pipeline[ Id: e2e6c36b-473e-431b-ad3b-09f825896c10, Nodes: 1d28faee-d621-49d2-9605-69824b6a2a71{ip: 192.168.69.88, host: trunk-nightly-kgw5x-1882989438, networkLocation: /default-rack, certSerialId: null}, Type:RATIS, Factor:ONE, State:CLOSED] moved to CLOSED state
2019-07-16 15:42:49,790 INFO  pipeline.SCMPipelineManager (SCMPipelineManager.java:finalizeAndDestroyPipeline(309)) - destroying pipeline:Pipeline[ Id: 6870142d-fae1-436e-9f72-85568d8f1da0, Nodes: eab4b452-7cde-48e1-ad5f-93aada3f67c1{ip: 192.168.69.88, host: trunk-nightly-kgw5x-1882989438, networkLocation: /default-rack, certSerialId: null}b6cabe97-db9a-4a69-907a-1cb6b9206666{ip: 192.168.69.88, host: trunk-nightly-kgw5x-1882989438, networkLocation: /default-rack, certSerialId: null}1d28faee-d621-49d2-9605-69824b6a2a71{ip: 192.168.69.88, host: trunk-nightly-kgw5x-1882989438, networkLocation: /default-rack, certSerialId: null}, Type:RATIS, Factor:THREE, State:CLOSED]
2019-07-16 15:42:49,990 INFO  node.StaleNodeHandler (StaleNodeHandler.java:onMessage(58)) - Datanode 697284a1-d11d-418f-a126-0a1702dcd3f0{ip: 192.168.69.88, host: trunk-nightly-kgw5x-1882989438, networkLocation: /default-rack, certSerialId: null} moved to stale state. Finalizing its pipelines [PipelineID=fe1c721e-caa3-49f9-8c3f-737e008c2202]
2019-07-16 15:42:49,990 INFO  pipeline.SCMPipelineManager (SCMPipelineManager.java:finalizeAndDestroyPipeline(309)) - destroying pipeline:Pipeline[ Id: fe1c721e-caa3-49f9-8c3f-737e008c2202, Nodes: 697284a1-d11d-418f-a126-0a1702dcd3f0{ip: 192.168.69.88, host: trunk-nightly-kgw5x-1882989438, networkLocation: /default-rack, certSerialId: null}, Type:RATIS, Factor:ONE, State:OPEN]
2019-07-16 15:42:49,990 INFO  pipeline.PipelineStateManager (PipelineStateManager.java:finalizePipeline(123)) - Pipeline Pipeline[ Id: fe1c721e-caa3-49f9-8c3f-737e008c2202, Nodes: 697284a1-d11d-418f-a126-0a1702dcd3f0{ip: 192.168.69.88, host: trunk-nightly-kgw5x-1882989438, networkLocation: /default-rack, certSerialId: null}, Type:RATIS, Factor:ONE, State:CLOSED] moved to CLOSED state
2019-07-16 15:42:50,299 INFO  ozoneimpl.OzoneContainer (OzoneContainer.java:stop(199)) - Attempting to stop container services.
2019-07-16 15:42:50,299 INFO  impl.RaftServerProxy (RaftServerProxy.java:lambda$close$4(314)) - 1d28faee-d621-49d2-9605-69824b6a2a71: close
2019-07-16 15:42:50,299 INFO  ozoneimpl.OzoneContainer (OzoneContainer.java:stop(199)) - Attempting to stop container services.
2019-07-16 15:42:50,300 INFO  impl.RaftServerImpl (RaftServerImpl.java:lambda$shutdown$3(245)) - 1d28faee-d621-49d2-9605-69824b6a2a71: shutdown group-09F825896C10
2019-07-16 15:42:50,300 INFO  impl.RaftServerProxy (RaftServerProxy.java:lambda$close$4(314)) - 697284a1-d11d-418f-a126-0a1702dcd3f0: close
2019-07-16 15:42:50,300 INFO  util.JmxRegister (JmxRegister.java:unregister(73)) - Successfully un-registered JMX Bean with object name Ratis:service=RaftServer,group=group-09F825896C10,id=1d28faee-d621-49d2-9605-69824b6a2a71
2019-07-16 15:42:50,301 INFO  impl.RaftServerImpl (RaftServerImpl.java:lambda$shutdown$3(245)) - 697284a1-d11d-418f-a126-0a1702dcd3f0: shutdown group-737E008C2202
2019-07-16 15:42:50,301 INFO  impl.RoleInfo (RoleInfo.java:shutdownLeaderState(104)) - 1d28faee-d621-49d2-9605-69824b6a2a71: shutdown LeaderState
2019-07-16 15:42:50,302 INFO  util.JmxRegister (JmxRegister.java:unregister(73)) - Successfully un-registered JMX Bean with object name Ratis:service=RaftServer,group=group-737E008C2202,id=697284a1-d11d-418f-a126-0a1702dcd3f0
2019-07-16 15:42:50,302 INFO  impl.PendingRequests (PendingRequests.java:sendNotLeaderResponses(202)) - 1d28faee-d621-49d2-9605-69824b6a2a71-PendingRequests: sendNotLeaderResponses
2019-07-16 15:42:50,302 INFO  impl.RoleInfo (RoleInfo.java:shutdownLeaderState(104)) - 697284a1-d11d-418f-a126-0a1702dcd3f0: shutdown LeaderState
2019-07-16 15:42:50,303 INFO  impl.StateMachineUpdater (StateMachineUpdater.java:stopAndJoin(115)) - StateMachineUpdater:1d28faee-d621-49d2-9605-69824b6a2a71:group-09F825896C10: set stopIndex = 0
2019-07-16 15:42:50,303 INFO  impl.PendingRequests (PendingRequests.java:sendNotLeaderResponses(202)) - 697284a1-d11d-418f-a126-0a1702dcd3f0-PendingRequests: sendNotLeaderResponses
2019-07-16 15:42:50,304 INFO  impl.RaftServerImpl (ServerState.java:close(394)) - 1d28faee-d621-49d2-9605-69824b6a2a71:group-09F825896C10 closes. The last applied log index is 0
2019-07-16 15:42:50,304 INFO  impl.StateMachineUpdater (StateMachineUpdater.java:stopAndJoin(115)) - StateMachineUpdater:697284a1-d11d-418f-a126-0a1702dcd3f0:group-737E008C2202: set stopIndex = 0
2019-07-16 15:42:50,305 INFO  segmented.SegmentedRaftLogWorker (SegmentedRaftLogWorker.java:run(313)) - 1d28faee-d621-49d2-9605-69824b6a2a71-SegmentedRaftLogWorker:Storage Directory /workdir/hadoop-ozone/integration-test/target/test-dir/MiniOzoneClusterImpl-b07bb8e2-099d-4112-93c2-49344ba21f2d/datanode-0/data/ratis/e2e6c36b-473e-431b-ad3b-09f825896c10 was interrupted, exiting. There are 0 tasks remaining in the queue.
2019-07-16 15:42:50,305 INFO  impl.RaftServerImpl (ServerState.java:close(394)) - 697284a1-d11d-418f-a126-0a1702dcd3f0:group-737E008C2202 closes. The last applied log index is 0
2019-07-16 15:42:50,305 INFO  segmented.SegmentedRaftLogWorker (SegmentedRaftLogWorker.java:close(228)) - 1d28faee-d621-49d2-9605-69824b6a2a71-SegmentedRaftLogWorker:Storage Directory /workdir/hadoop-ozone/integration-test/target/test-dir/MiniOzoneClusterImpl-b07bb8e2-099d-4112-93c2-49344ba21f2d/datanode-0/data/ratis/e2e6c36b-473e-431b-ad3b-09f825896c10 close()
2019-07-16 15:42:50,306 INFO  segmented.SegmentedRaftLogWorker (SegmentedRaftLogWorker.java:run(313)) - 697284a1-d11d-418f-a126-0a1702dcd3f0-SegmentedRaftLogWorker:Storage Directory /workdir/hadoop-ozone/integration-test/target/test-dir/MiniOzoneClusterImpl-b07bb8e2-099d-4112-93c2-49344ba21f2d/datanode-6/data/ratis/fe1c721e-caa3-49f9-8c3f-737e008c2202 was interrupted, exiting. There are 0 tasks remaining in the queue.
2019-07-16 15:42:50,308 INFO  impl.RaftServerImpl (RaftServerImpl.java:lambda$shutdown$3(245)) - 1d28faee-d621-49d2-9605-69824b6a2a71: shutdown group-85568D8F1DA0
2019-07-16 15:42:50,308 INFO  segmented.SegmentedRaftLogWorker (SegmentedRaftLogWorker.java:close(228)) - 697284a1-d11d-418f-a126-0a1702dcd3f0-SegmentedRaftLogWorker:Storage Directory /workdir/hadoop-ozone/integration-test/target/test-dir/MiniOzoneClusterImpl-b07bb8e2-099d-4112-93c2-49344ba21f2d/datanode-6/data/ratis/fe1c721e-caa3-49f9-8c3f-737e008c2202 close()
2019-07-16 15:42:50,308 INFO  util.JmxRegister (JmxRegister.java:unregister(73)) - Successfully un-registered JMX Bean with object name Ratis:service=RaftServer,group=group-85568D8F1DA0,id=1d28faee-d621-49d2-9605-69824b6a2a71
2019-07-16 15:42:50,311 INFO  server.GrpcService (GrpcService.java:closeImpl(155)) - 697284a1-d11d-418f-a126-0a1702dcd3f0: shutdown server with port 36863 now
2019-07-16 15:42:50,311 INFO  impl.RoleInfo (RoleInfo.java:shutdownLeaderState(104)) - 1d28faee-d621-49d2-9605-69824b6a2a71: shutdown LeaderState
2019-07-16 15:42:50,318 INFO  server.GrpcService (GrpcService.java:closeImpl(163)) - 697284a1-d11d-418f-a126-0a1702dcd3f0: shutdown server with port 36863 successfully
2019-07-16 15:42:50,318 WARN  server.GrpcLogAppender (GrpcLogAppender.java:mayWait(143)) - GrpcLogAppender(1d28faee-d621-49d2-9605-69824b6a2a71->eab4b452-7cde-48e1-ad5f-93aada3f67c1): Wait interrupted by java.lang.InterruptedException
2019-07-16 15:42:50,318 WARN  server.GrpcLogAppender (GrpcLogAppender.java:mayWait(143)) - GrpcLogAppender(1d28faee-d621-49d2-9605-69824b6a2a71->b6cabe97-db9a-4a69-907a-1cb6b9206666): Wait interrupted by java.lang.InterruptedException
2019-07-16 15:42:50,318 INFO  impl.PendingRequests (PendingRequests.java:sendNotLeaderResponses(202)) - 1d28faee-d621-49d2-9605-69824b6a2a71-PendingRequests: sendNotLeaderResponses
2019-07-16 15:42:50,323 INFO  impl.StateMachineUpdater (StateMachineUpdater.java:stopAndJoin(115)) - StateMachineUpdater:1d28faee-d621-49d2-9605-69824b6a2a71:group-85568D8F1DA0: set stopIndex = 18
2019-07-16 15:42:50,323 INFO  ratis.ContainerStateMachine (ContainerStateMachine.java:takeSnapshot(249)) - group-85568D8F1DA0: Taking a snapshot at:(t:1, i:18) file /workdir/hadoop-ozone/integration-test/target/test-dir/MiniOzoneClusterImpl-b07bb8e2-099d-4112-93c2-49344ba21f2d/datanode-0/data/ratis/6870142d-fae1-436e-9f72-85568d8f1da0/sm/snapshot.1_18
2019-07-16 15:42:50,323 INFO  utils.BackgroundService (BackgroundService.java:shutdown(148)) - Shutting down service BlockDeletingService
2019-07-16 15:42:50,324 INFO  ratis.ContainerStateMachine (ContainerStateMachine.java:takeSnapshot(257)) - group-85568D8F1DA0: Finished taking a snapshot at:(t:1, i:18) file:/workdir/hadoop-ozone/integration-test/target/test-dir/MiniOzoneClusterImpl-b07bb8e2-099d-4112-93c2-49344ba21f2d/datanode-0/data/ratis/6870142d-fae1-436e-9f72-85568d8f1da0/sm/snapshot.1_18 time:0
2019-07-16 15:42:50,324 INFO  impl.StateMachineUpdater (StateMachineUpdater.java:takeSnapshot(242)) - StateMachineUpdater:1d28faee-d621-49d2-9605-69824b6a2a71:group-85568D8F1DA0: Took a snapshot at index 18
2019-07-16 15:42:50,324 INFO  impl.StateMachineUpdater (StateMachineUpdater.java:lambda$new$0(80)) - StateMachineUpdater:1d28faee-d621-49d2-9605-69824b6a2a71:group-85568D8F1DA0: snapshotIndex: updateIncreasingly -1 -> 18
2019-07-16 15:42:50,325 INFO  impl.RaftServerImpl (ServerState.java:close(394)) - 1d28faee-d621-49d2-9605-69824b6a2a71:group-85568D8F1DA0 closes. The last applied log index is 18
2019-07-16 15:42:50,325 INFO  segmented.SegmentedRaftLogWorker (SegmentedRaftLogWorker.java:run(313)) - 1d28faee-d621-49d2-9605-69824b6a2a71-SegmentedRaftLogWorker:Storage Directory /workdir/hadoop-ozone/integration-test/target/test-dir/MiniOzoneClusterImpl-b07bb8e2-099d-4112-93c2-49344ba21f2d/datanode-0/data/ratis/6870142d-fae1-436e-9f72-85568d8f1da0 was interrupted, exiting. There are 0 tasks remaining in the queue.
2019-07-16 15:42:50,325 INFO  segmented.SegmentedRaftLogWorker (SegmentedRaftLogWorker.java:close(228)) - 1d28faee-d621-49d2-9605-69824b6a2a71-SegmentedRaftLogWorker:Storage Directory /workdir/hadoop-ozone/integration-test/target/test-dir/MiniOzoneClusterImpl-b07bb8e2-099d-4112-93c2-49344ba21f2d/datanode-0/data/ratis/6870142d-fae1-436e-9f72-85568d8f1da0 close()
2019-07-16 15:42:50,325 WARN  fs.CachingGetSpaceUsed (CachingGetSpaceUsed.java:run(183)) - Thread Interrupted waiting to refresh disk information: sleep interrupted
2019-07-16 15:42:50,328 INFO  server.GrpcService (GrpcService.java:closeImpl(155)) - 1d28faee-d621-49d2-9605-69824b6a2a71: shutdown server with port 44963 now
2019-07-16 15:42:50,330 WARN  client.GrpcClientProtocolService (LogUtils.java:warn(134)) - 1-UnorderedRequestStreamObserver1: onError: org.apache.ratis.thirdparty.io.grpc.StatusRuntimeException: CANCELLED: cancelled before receiving half close
2019-07-16 15:42:50,330 INFO  server.GrpcService (GrpcService.java:closeImpl(163)) - 1d28faee-d621-49d2-9605-69824b6a2a71: shutdown server with port 44963 successfully
2019-07-16 15:42:50,333 INFO  utils.BackgroundService (BackgroundService.java:shutdown(148)) - Shutting down service BlockDeletingService
2019-07-16 15:42:50,335 WARN  fs.CachingGetSpaceUsed (CachingGetSpaceUsed.java:run(183)) - Thread Interrupted waiting to refresh disk information: sleep interrupted
2019-07-16 15:42:50,350 INFO  statemachine.DatanodeStateMachine (DatanodeStateMachine.java:stopDaemon(395)) - Ozone container server stopped.
2019-07-16 15:42:50,359 INFO  statemachine.DatanodeStateMachine (DatanodeStateMachine.java:stopDaemon(395)) - Ozone container server stopped.
2019-07-16 15:42:50,363 INFO  handler.ContextHandler (ContextHandler.java:doStop(910)) - Stopped o.e.j.w.WebAppContext@41019971{/,null,UNAVAILABLE}{/hddsDatanode}
2019-07-16 15:42:50,363 INFO  handler.ContextHandler (ContextHandler.java:doStop(910)) - Stopped o.e.j.w.WebAppContext@71cf6e8c{/,null,UNAVAILABLE}{/hddsDatanode}
2019-07-16 15:42:50,364 INFO  server.AbstractConnector (AbstractConnector.java:doStop(318)) - Stopped ServerConnector@83ec0b0{HTTP/1.1,[http/1.1]}{0.0.0.0:0}
2019-07-16 15:42:50,364 INFO  server.AbstractConnector (AbstractConnector.java:doStop(318)) - Stopped ServerConnector@7545cb17{HTTP/1.1,[http/1.1]}{0.0.0.0:0}
2019-07-16 15:42:50,364 INFO  handler.ContextHandler (ContextHandler.java:doStop(910)) - Stopped o.e.j.s.ServletContextHandler@104861ff{/static,jar:file:/home/user/.m2/repository/org/apache/hadoop/hadoop-hdds-container-service/0.5.0-SNAPSHOT/hadoop-hdds-container-service-0.5.0-SNAPSHOT.jar!/webapps/static,UNAVAILABLE}
2019-07-16 15:42:50,366 INFO  handler.ContextHandler (ContextHandler.java:doStop(910)) - Stopped o.e.j.s.ServletContextHandler@7335414e{/static,jar:file:/home/user/.m2/repository/org/apache/hadoop/hadoop-hdds-container-service/0.5.0-SNAPSHOT/hadoop-hdds-container-service-0.5.0-SNAPSHOT.jar!/webapps/static,UNAVAILABLE}
2019-07-16 15:42:50,366 INFO  handler.ContextHandler (ContextHandler.java:doStop(910)) - Stopped o.e.j.s.ServletContextHandler@652a16a8{/logs,file:///workdir/hadoop-ozone/integration-test/target/log,UNAVAILABLE}
2019-07-16 15:42:50,368 INFO  handler.ContextHandler (ContextHandler.java:doStop(910)) - Stopped o.e.j.s.ServletContextHandler@54980154{/logs,file:///workdir/hadoop-ozone/integration-test/target/log,UNAVAILABLE}
2019-07-16 15:42:50,369 INFO  datanode.ObjectStoreHandler (ObjectStoreHandler.java:close(155)) - Closing ObjectStoreHandler.
2019-07-16 15:42:50,370 INFO  ozone.HddsDatanodeService (HddsDatanodeService.java:stop(452)) - Stopped plug-in org.apache.hadoop.ozone.web.OzoneHddsDatanodeService@497746ea
2019-07-16 15:42:50,473 INFO  statemachine.DatanodeStateMachine (DatanodeStateMachine.java:lambda$startDaemon$0(350)) - Ozone container server started.
2019-07-16 15:42:53,320 INFO  impl.FollowerState (FollowerState.java:run(106)) - 77e4f8b7-d59d-497c-bbb1-675dab87ac04:group-7F3E606E73C1 changes to CANDIDATE, lastRpcTime:8914, electionTimeout:5176ms
2019-07-16 15:42:53,320 INFO  impl.RoleInfo (RoleInfo.java:shutdownFollowerState(121)) - 77e4f8b7-d59d-497c-bbb1-675dab87ac04: shutdown FollowerState
2019-07-16 15:42:53,320 INFO  impl.RaftServerImpl (RaftServerImpl.java:setRole(171)) - 77e4f8b7-d59d-497c-bbb1-675dab87ac04:group-7F3E606E73C1 changes role from FOLLOWER to CANDIDATE at term 1 for changeToCandidate
2019-07-16 15:42:53,320 INFO  impl.RoleInfo (RoleInfo.java:updateAndGet(143)) - 77e4f8b7-d59d-497c-bbb1-675dab87ac04: start LeaderElection
2019-07-16 15:42:53,323 INFO  impl.RaftServerImpl (ServerState.java:setLeader(263)) - 77e4f8b7-d59d-497c-bbb1-675dab87ac04:group-7F3E606E73C1 change Leader from 249489b4-a9bf-4bb8-b6bf-665e94975bf6 to null at term 1 for initElection
2019-07-16 15:42:53,336 INFO  impl.LeaderElection (LeaderElection.java:askForVotes(181)) - 77e4f8b7-d59d-497c-bbb1-675dab87ac04:group-7F3E606E73C1:LeaderElection99: begin an election at term 2 for 0: [249489b4-a9bf-4bb8-b6bf-665e94975bf6:192.168.69.88:36950, 9313a0f7-98a1-461c-840d-c36ea641d6aa:192.168.69.88:40707, 77e4f8b7-d59d-497c-bbb1-675dab87ac04:192.168.69.88:43059], old=null
2019-07-16 15:42:53,338 INFO  impl.LeaderElection (LogUtils.java:infoOrTrace(149)) - 77e4f8b7-d59d-497c-bbb1-675dab87ac04:group-7F3E606E73C1:LeaderElection99 got exception when requesting votes: {}
java.util.concurrent.ExecutionException: org.apache.ratis.thirdparty.io.grpc.StatusRuntimeException: UNAVAILABLE: io exception
	at java.util.concurrent.FutureTask.report(FutureTask.java:122)
	at java.util.concurrent.FutureTask.get(FutureTask.java:192)
	at org.apache.ratis.server.impl.LeaderElection.waitForResults(LeaderElection.java:262)
	at org.apache.ratis.server.impl.LeaderElection.askForVotes(LeaderElection.java:200)
	at org.apache.ratis.server.impl.LeaderElection.run(LeaderElection.java:130)
	at java.lang.Thread.run(Thread.java:748)
Caused by: org.apache.ratis.thirdparty.io.grpc.StatusRuntimeException: UNAVAILABLE: io exception
	at org.apache.ratis.thirdparty.io.grpc.stub.ClientCalls.toStatusRuntimeException(ClientCalls.java:233)
	at org.apache.ratis.thirdparty.io.grpc.stub.ClientCalls.getUnchecked(ClientCalls.java:214)
	at org.apache.ratis.thirdparty.io.grpc.stub.ClientCalls.blockingUnaryCall(ClientCalls.java:139)
	at org.apache.ratis.proto.grpc.RaftServerProtocolServiceGrpc$RaftServerProtocolServiceBlockingStub.requestVote(RaftServerProtocolServiceGrpc.java:265)
	at org.apache.ratis.grpc.server.GrpcServerProtocolClient.requestVote(GrpcServerProtocolClient.java:83)
	at org.apache.ratis.grpc.server.GrpcService.requestVote(GrpcService.java:195)
	at org.apache.ratis.server.impl.LeaderElection.lambda$submitRequests$1(LeaderElection.java:237)
	at java.util.concurrent.FutureTask.run(FutureTask.java:266)
	at java.util.concurrent.Executors$RunnableAdapter.call(Executors.java:511)
	at java.util.concurrent.FutureTask.run(FutureTask.java:266)
	at java.util.concurrent.ThreadPoolExecutor.runWorker(ThreadPoolExecutor.java:1149)
	at java.util.concurrent.ThreadPoolExecutor$Worker.run(ThreadPoolExecutor.java:624)
	... 1 more
Caused by: org.apache.ratis.thirdparty.io.netty.channel.AbstractChannel$AnnotatedConnectException: Connection refused: /192.168.69.88:40707
	at sun.nio.ch.SocketChannelImpl.checkConnect(Native Method)
	at sun.nio.ch.SocketChannelImpl.finishConnect(SocketChannelImpl.java:717)
	at org.apache.ratis.thirdparty.io.netty.channel.socket.nio.NioSocketChannel.doFinishConnect(NioSocketChannel.java:327)
	at org.apache.ratis.thirdparty.io.netty.channel.nio.AbstractNioChannel$AbstractNioUnsafe.finishConnect(AbstractNioChannel.java:340)
	at org.apache.ratis.thirdparty.io.netty.channel.nio.NioEventLoop.processSelectedKey(NioEventLoop.java:632)
	at org.apache.ratis.thirdparty.io.netty.channel.nio.NioEventLoop.processSelectedKeysOptimized(NioEventLoop.java:579)
	at org.apache.ratis.thirdparty.io.netty.channel.nio.NioEventLoop.processSelectedKeys(NioEventLoop.java:496)
	at org.apache.ratis.thirdparty.io.netty.channel.nio.NioEventLoop.run(NioEventLoop.java:458)
	at org.apache.ratis.thirdparty.io.netty.util.concurrent.SingleThreadEventExecutor$5.run(SingleThreadEventExecutor.java:897)
	at org.apache.ratis.thirdparty.io.netty.util.concurrent.FastThreadLocalRunnable.run(FastThreadLocalRunnable.java:30)
	... 1 more
Caused by: java.net.ConnectException: Connection refused
	... 11 more
2019-07-16 15:42:53,340 INFO  impl.LeaderElection (LogUtils.java:infoOrTrace(149)) - 77e4f8b7-d59d-497c-bbb1-675dab87ac04:group-7F3E606E73C1:LeaderElection99 got exception when requesting votes: {}
java.util.concurrent.ExecutionException: org.apache.ratis.thirdparty.io.grpc.StatusRuntimeException: UNAVAILABLE: io exception
	at java.util.concurrent.FutureTask.report(FutureTask.java:122)
	at java.util.concurrent.FutureTask.get(FutureTask.java:192)
	at org.apache.ratis.server.impl.LeaderElection.waitForResults(LeaderElection.java:262)
	at org.apache.ratis.server.impl.LeaderElection.askForVotes(LeaderElection.java:200)
	at org.apache.ratis.server.impl.LeaderElection.run(LeaderElection.java:130)
	at java.lang.Thread.run(Thread.java:748)
Caused by: org.apache.ratis.thirdparty.io.grpc.StatusRuntimeException: UNAVAILABLE: io exception
	at org.apache.ratis.thirdparty.io.grpc.stub.ClientCalls.toStatusRuntimeException(ClientCalls.java:233)
	at org.apache.ratis.thirdparty.io.grpc.stub.ClientCalls.getUnchecked(ClientCalls.java:214)
	at org.apache.ratis.thirdparty.io.grpc.stub.ClientCalls.blockingUnaryCall(ClientCalls.java:139)
	at org.apache.ratis.proto.grpc.RaftServerProtocolServiceGrpc$RaftServerProtocolServiceBlockingStub.requestVote(RaftServerProtocolServiceGrpc.java:265)
	at org.apache.ratis.grpc.server.GrpcServerProtocolClient.requestVote(GrpcServerProtocolClient.java:83)
	at org.apache.ratis.grpc.server.GrpcService.requestVote(GrpcService.java:195)
	at org.apache.ratis.server.impl.LeaderElection.lambda$submitRequests$1(LeaderElection.java:237)
	at java.util.concurrent.FutureTask.run(FutureTask.java:266)
	at java.util.concurrent.Executors$RunnableAdapter.call(Executors.java:511)
	at java.util.concurrent.FutureTask.run(FutureTask.java:266)
	at java.util.concurrent.ThreadPoolExecutor.runWorker(ThreadPoolExecutor.java:1149)
	at java.util.concurrent.ThreadPoolExecutor$Worker.run(ThreadPoolExecutor.java:624)
	... 1 more
Caused by: org.apache.ratis.thirdparty.io.netty.channel.AbstractChannel$AnnotatedConnectException: Connection refused: /192.168.69.88:36950
	at sun.nio.ch.SocketChannelImpl.checkConnect(Native Method)
	at sun.nio.ch.SocketChannelImpl.finishConnect(SocketChannelImpl.java:717)
	at org.apache.ratis.thirdparty.io.netty.channel.socket.nio.NioSocketChannel.doFinishConnect(NioSocketChannel.java:327)
	at org.apache.ratis.thirdparty.io.netty.channel.nio.AbstractNioChannel$AbstractNioUnsafe.finishConnect(AbstractNioChannel.java:340)
	at org.apache.ratis.thirdparty.io.netty.channel.nio.NioEventLoop.processSelectedKey(NioEventLoop.java:632)
	at org.apache.ratis.thirdparty.io.netty.channel.nio.NioEventLoop.processSelectedKeysOptimized(NioEventLoop.java:579)
	at org.apache.ratis.thirdparty.io.netty.channel.nio.NioEventLoop.processSelectedKeys(NioEventLoop.java:496)
	at org.apache.ratis.thirdparty.io.netty.channel.nio.NioEventLoop.run(NioEventLoop.java:458)
	at org.apache.ratis.thirdparty.io.netty.util.concurrent.SingleThreadEventExecutor$5.run(SingleThreadEventExecutor.java:897)
	at org.apache.ratis.thirdparty.io.netty.util.concurrent.FastThreadLocalRunnable.run(FastThreadLocalRunnable.java:30)
	... 1 more
Caused by: java.net.ConnectException: Connection refused
	... 11 more
2019-07-16 15:42:53,342 INFO  impl.LeaderElection (LeaderElection.java:logAndReturn(56)) - 77e4f8b7-d59d-497c-bbb1-675dab87ac04:group-7F3E606E73C1:LeaderElection99: Election REJECTED; received 0 response(s) [] and 2 exception(s); 77e4f8b7-d59d-497c-bbb1-675dab87ac04:t2, leader=null, voted=77e4f8b7-d59d-497c-bbb1-675dab87ac04, raftlog=77e4f8b7-d59d-497c-bbb1-675dab87ac04-SegmentedRaftLog:OPENED:c16,f16,i16, conf=0: [249489b4-a9bf-4bb8-b6bf-665e94975bf6:192.168.69.88:36950, 9313a0f7-98a1-461c-840d-c36ea641d6aa:192.168.69.88:40707, 77e4f8b7-d59d-497c-bbb1-675dab87ac04:192.168.69.88:43059], old=null
2019-07-16 15:42:53,342 INFO  impl.LeaderElection (LogUtils.java:infoOrTrace(149)) -   Exception 0: {}
java.util.concurrent.ExecutionException: org.apache.ratis.thirdparty.io.grpc.StatusRuntimeException: UNAVAILABLE: io exception
	at java.util.concurrent.FutureTask.report(FutureTask.java:122)
	at java.util.concurrent.FutureTask.get(FutureTask.java:192)
	at org.apache.ratis.server.impl.LeaderElection.waitForResults(LeaderElection.java:262)
	at org.apache.ratis.server.impl.LeaderElection.askForVotes(LeaderElection.java:200)
	at org.apache.ratis.server.impl.LeaderElection.run(LeaderElection.java:130)
	at java.lang.Thread.run(Thread.java:748)
Caused by: org.apache.ratis.thirdparty.io.grpc.StatusRuntimeException: UNAVAILABLE: io exception
	at org.apache.ratis.thirdparty.io.grpc.stub.ClientCalls.toStatusRuntimeException(ClientCalls.java:233)
	at org.apache.ratis.thirdparty.io.grpc.stub.ClientCalls.getUnchecked(ClientCalls.java:214)
	at org.apache.ratis.thirdparty.io.grpc.stub.ClientCalls.blockingUnaryCall(ClientCalls.java:139)
	at org.apache.ratis.proto.grpc.RaftServerProtocolServiceGrpc$RaftServerProtocolServiceBlockingStub.requestVote(RaftServerProtocolServiceGrpc.java:265)
	at org.apache.ratis.grpc.server.GrpcServerProtocolClient.requestVote(GrpcServerProtocolClient.java:83)
	at org.apache.ratis.grpc.server.GrpcService.requestVote(GrpcService.java:195)
	at org.apache.ratis.server.impl.LeaderElection.lambda$submitRequests$1(LeaderElection.java:237)
	at java.util.concurrent.FutureTask.run(FutureTask.java:266)
	at java.util.concurrent.Executors$RunnableAdapter.call(Executors.java:511)
	at java.util.concurrent.FutureTask.run(FutureTask.java:266)
	at java.util.concurrent.ThreadPoolExecutor.runWorker(ThreadPoolExecutor.java:1149)
	at java.util.concurrent.ThreadPoolExecutor$Worker.run(ThreadPoolExecutor.java:624)
	... 1 more
Caused by: org.apache.ratis.thirdparty.io.netty.channel.AbstractChannel$AnnotatedConnectException: Connection refused: /192.168.69.88:40707
	at sun.nio.ch.SocketChannelImpl.checkConnect(Native Method)
	at sun.nio.ch.SocketChannelImpl.finishConnect(SocketChannelImpl.java:717)
	at org.apache.ratis.thirdparty.io.netty.channel.socket.nio.NioSocketChannel.doFinishConnect(NioSocketChannel.java:327)
	at org.apache.ratis.thirdparty.io.netty.channel.nio.AbstractNioChannel$AbstractNioUnsafe.finishConnect(AbstractNioChannel.java:340)
	at org.apache.ratis.thirdparty.io.netty.channel.nio.NioEventLoop.processSelectedKey(NioEventLoop.java:632)
	at org.apache.ratis.thirdparty.io.netty.channel.nio.NioEventLoop.processSelectedKeysOptimized(NioEventLoop.java:579)
	at org.apache.ratis.thirdparty.io.netty.channel.nio.NioEventLoop.processSelectedKeys(NioEventLoop.java:496)
	at org.apache.ratis.thirdparty.io.netty.channel.nio.NioEventLoop.run(NioEventLoop.java:458)
	at org.apache.ratis.thirdparty.io.netty.util.concurrent.SingleThreadEventExecutor$5.run(SingleThreadEventExecutor.java:897)
	at org.apache.ratis.thirdparty.io.netty.util.concurrent.FastThreadLocalRunnable.run(FastThreadLocalRunnable.java:30)
	... 1 more
Caused by: java.net.ConnectException: Connection refused
	... 11 more
2019-07-16 15:42:53,343 INFO  impl.LeaderElection (LogUtils.java:infoOrTrace(149)) -   Exception 1: {}
java.util.concurrent.ExecutionException: org.apache.ratis.thirdparty.io.grpc.StatusRuntimeException: UNAVAILABLE: io exception
	at java.util.concurrent.FutureTask.report(FutureTask.java:122)
	at java.util.concurrent.FutureTask.get(FutureTask.java:192)
	at org.apache.ratis.server.impl.LeaderElection.waitForResults(LeaderElection.java:262)
	at org.apache.ratis.server.impl.LeaderElection.askForVotes(LeaderElection.java:200)
	at org.apache.ratis.server.impl.LeaderElection.run(LeaderElection.java:130)
	at java.lang.Thread.run(Thread.java:748)
Caused by: org.apache.ratis.thirdparty.io.grpc.StatusRuntimeException: UNAVAILABLE: io exception
	at org.apache.ratis.thirdparty.io.grpc.stub.ClientCalls.toStatusRuntimeException(ClientCalls.java:233)
	at org.apache.ratis.thirdparty.io.grpc.stub.ClientCalls.getUnchecked(ClientCalls.java:214)
	at org.apache.ratis.thirdparty.io.grpc.stub.ClientCalls.blockingUnaryCall(ClientCalls.java:139)
	at org.apache.ratis.proto.grpc.RaftServerProtocolServiceGrpc$RaftServerProtocolServiceBlockingStub.requestVote(RaftServerProtocolServiceGrpc.java:265)
	at org.apache.ratis.grpc.server.GrpcServerProtocolClient.requestVote(GrpcServerProtocolClient.java:83)
	at org.apache.ratis.grpc.server.GrpcService.requestVote(GrpcService.java:195)
	at org.apache.ratis.server.impl.LeaderElection.lambda$submitRequests$1(LeaderElection.java:237)
	at java.util.concurrent.FutureTask.run(FutureTask.java:266)
	at java.util.concurrent.Executors$RunnableAdapter.call(Executors.java:511)
	at java.util.concurrent.FutureTask.run(FutureTask.java:266)
	at java.util.concurrent.ThreadPoolExecutor.runWorker(ThreadPoolExecutor.java:1149)
	at java.util.concurrent.ThreadPoolExecutor$Worker.run(ThreadPoolExecutor.java:624)
	... 1 more
Caused by: org.apache.ratis.thirdparty.io.netty.channel.AbstractChannel$AnnotatedConnectException: Connection refused: /192.168.69.88:36950
	at sun.nio.ch.SocketChannelImpl.checkConnect(Native Method)
	at sun.nio.ch.SocketChannelImpl.finishConnect(SocketChannelImpl.java:717)
	at org.apache.ratis.thirdparty.io.netty.channel.socket.nio.NioSocketChannel.doFinishConnect(NioSocketChannel.java:327)
	at org.apache.ratis.thirdparty.io.netty.channel.nio.AbstractNioChannel$AbstractNioUnsafe.finishConnect(AbstractNioChannel.java:340)
	at org.apache.ratis.thirdparty.io.netty.channel.nio.NioEventLoop.processSelectedKey(NioEventLoop.java:632)
	at org.apache.ratis.thirdparty.io.netty.channel.nio.NioEventLoop.processSelectedKeysOptimized(NioEventLoop.java:579)
	at org.apache.ratis.thirdparty.io.netty.channel.nio.NioEventLoop.processSelectedKeys(NioEventLoop.java:496)
	at org.apache.ratis.thirdparty.io.netty.channel.nio.NioEventLoop.run(NioEventLoop.java:458)
	at org.apache.ratis.thirdparty.io.netty.util.concurrent.SingleThreadEventExecutor$5.run(SingleThreadEventExecutor.java:897)
	at org.apache.ratis.thirdparty.io.netty.util.concurrent.FastThreadLocalRunnable.run(FastThreadLocalRunnable.java:30)
	... 1 more
Caused by: java.net.ConnectException: Connection refused
	... 11 more
2019-07-16 15:42:53,343 INFO  impl.RaftServerImpl (RaftServerImpl.java:setRole(171)) - 77e4f8b7-d59d-497c-bbb1-675dab87ac04:group-7F3E606E73C1 changes role from CANDIDATE to FOLLOWER at term 2 for DISCOVERED_A_NEW_TERM
2019-07-16 15:42:53,343 INFO  impl.RoleInfo (RoleInfo.java:shutdownLeaderElection(134)) - 77e4f8b7-d59d-497c-bbb1-675dab87ac04: shutdown LeaderElection
2019-07-16 15:42:53,343 INFO  impl.RoleInfo (RoleInfo.java:updateAndGet(143)) - 77e4f8b7-d59d-497c-bbb1-675dab87ac04: start FollowerState
2019-07-16 15:42:54,496 INFO  node.StaleNodeHandler (StaleNodeHandler.java:onMessage(58)) - Datanode 77e4f8b7-d59d-497c-bbb1-675dab87ac04{ip: 192.168.69.88, host: trunk-nightly-kgw5x-1882989438, networkLocation: /default-rack, certSerialId: null} moved to stale state. Finalizing its pipelines [PipelineID=29824497-ec30-4d9b-91d1-1f68b065a156, PipelineID=a4e36e6d-cdb8-43a5-893c-7f3e606e73c1]
2019-07-16 15:42:54,496 INFO  pipeline.SCMPipelineManager (SCMPipelineManager.java:finalizeAndDestroyPipeline(309)) - destroying pipeline:Pipeline[ Id: 29824497-ec30-4d9b-91d1-1f68b065a156, Nodes: 77e4f8b7-d59d-497c-bbb1-675dab87ac04{ip: 192.168.69.88, host: trunk-nightly-kgw5x-1882989438, networkLocation: /default-rack, certSerialId: null}, Type:RATIS, Factor:ONE, State:OPEN]
2019-07-16 15:42:54,496 INFO  pipeline.PipelineStateManager (PipelineStateManager.java:finalizePipeline(123)) - Pipeline Pipeline[ Id: 29824497-ec30-4d9b-91d1-1f68b065a156, Nodes: 77e4f8b7-d59d-497c-bbb1-675dab87ac04{ip: 192.168.69.88, host: trunk-nightly-kgw5x-1882989438, networkLocation: /default-rack, certSerialId: null}, Type:RATIS, Factor:ONE, State:CLOSED] moved to CLOSED state
2019-07-16 15:42:54,497 INFO  pipeline.SCMPipelineManager (SCMPipelineManager.java:finalizeAndDestroyPipeline(309)) - destroying pipeline:Pipeline[ Id: a4e36e6d-cdb8-43a5-893c-7f3e606e73c1, Nodes: 9313a0f7-98a1-461c-840d-c36ea641d6aa{ip: 192.168.69.88, host: trunk-nightly-kgw5x-1882989438, networkLocation: /default-rack, certSerialId: null}249489b4-a9bf-4bb8-b6bf-665e94975bf6{ip: 192.168.69.88, host: trunk-nightly-kgw5x-1882989438, networkLocation: /default-rack, certSerialId: null}77e4f8b7-d59d-497c-bbb1-675dab87ac04{ip: 192.168.69.88, host: trunk-nightly-kgw5x-1882989438, networkLocation: /default-rack, certSerialId: null}, Type:RATIS, Factor:THREE, State:CLOSED]
2019-07-16 15:42:55,371 INFO  ozoneimpl.OzoneContainer (OzoneContainer.java:stop(199)) - Attempting to stop container services.
2019-07-16 15:42:55,372 INFO  impl.RaftServerProxy (RaftServerProxy.java:lambda$close$4(314)) - 77e4f8b7-d59d-497c-bbb1-675dab87ac04: close
2019-07-16 15:42:55,372 INFO  impl.RaftServerImpl (RaftServerImpl.java:lambda$shutdown$3(245)) - 77e4f8b7-d59d-497c-bbb1-675dab87ac04: shutdown group-1F68B065A156
2019-07-16 15:42:55,373 INFO  impl.RaftServerImpl (RaftServerImpl.java:lambda$shutdown$3(245)) - 77e4f8b7-d59d-497c-bbb1-675dab87ac04: shutdown group-7F3E606E73C1
2019-07-16 15:42:55,373 INFO  util.JmxRegister (JmxRegister.java:unregister(73)) - Successfully un-registered JMX Bean with object name Ratis:service=RaftServer,group=group-1F68B065A156,id=77e4f8b7-d59d-497c-bbb1-675dab87ac04
2019-07-16 15:42:55,373 INFO  util.JmxRegister (JmxRegister.java:unregister(73)) - Successfully un-registered JMX Bean with object name Ratis:service=RaftServer,group=group-7F3E606E73C1,id=77e4f8b7-d59d-497c-bbb1-675dab87ac04
2019-07-16 15:42:55,374 INFO  impl.RoleInfo (RoleInfo.java:shutdownLeaderState(104)) - 77e4f8b7-d59d-497c-bbb1-675dab87ac04: shutdown LeaderState
2019-07-16 15:42:55,374 INFO  impl.RoleInfo (RoleInfo.java:shutdownFollowerState(121)) - 77e4f8b7-d59d-497c-bbb1-675dab87ac04: shutdown FollowerState
2019-07-16 15:42:55,374 INFO  impl.PendingRequests (PendingRequests.java:sendNotLeaderResponses(202)) - 77e4f8b7-d59d-497c-bbb1-675dab87ac04-PendingRequests: sendNotLeaderResponses
2019-07-16 15:42:55,375 INFO  impl.FollowerState (FollowerState.java:run(114)) - 77e4f8b7-d59d-497c-bbb1-675dab87ac04: FollowerState was interrupted: java.lang.InterruptedException: sleep interrupted
2019-07-16 15:42:55,375 INFO  impl.StateMachineUpdater (StateMachineUpdater.java:stopAndJoin(115)) - StateMachineUpdater:77e4f8b7-d59d-497c-bbb1-675dab87ac04:group-1F68B065A156: set stopIndex = 0
2019-07-16 15:42:55,378 INFO  impl.RaftServerImpl (ServerState.java:close(394)) - 77e4f8b7-d59d-497c-bbb1-675dab87ac04:group-1F68B065A156 closes. The last applied log index is 0
2019-07-16 15:42:55,375 INFO  ratis.ContainerStateMachine (ContainerStateMachine.java:takeSnapshot(249)) - group-7F3E606E73C1: Taking a snapshot at:(t:1, i:15) file /workdir/hadoop-ozone/integration-test/target/test-dir/MiniOzoneClusterImpl-b07bb8e2-099d-4112-93c2-49344ba21f2d/datanode-5/data/ratis/a4e36e6d-cdb8-43a5-893c-7f3e606e73c1/sm/snapshot.1_15
2019-07-16 15:42:55,379 INFO  segmented.SegmentedRaftLogWorker (SegmentedRaftLogWorker.java:run(313)) - 77e4f8b7-d59d-497c-bbb1-675dab87ac04-SegmentedRaftLogWorker:Storage Directory /workdir/hadoop-ozone/integration-test/target/test-dir/MiniOzoneClusterImpl-b07bb8e2-099d-4112-93c2-49344ba21f2d/datanode-5/data/ratis/29824497-ec30-4d9b-91d1-1f68b065a156 was interrupted, exiting. There are 0 tasks remaining in the queue.
2019-07-16 15:42:55,374 INFO  impl.StateMachineUpdater (StateMachineUpdater.java:stopAndJoin(115)) - StateMachineUpdater:77e4f8b7-d59d-497c-bbb1-675dab87ac04:group-7F3E606E73C1: set stopIndex = 16
2019-07-16 15:42:55,379 INFO  ratis.ContainerStateMachine (ContainerStateMachine.java:takeSnapshot(257)) - group-7F3E606E73C1: Finished taking a snapshot at:(t:1, i:15) file:/workdir/hadoop-ozone/integration-test/target/test-dir/MiniOzoneClusterImpl-b07bb8e2-099d-4112-93c2-49344ba21f2d/datanode-5/data/ratis/a4e36e6d-cdb8-43a5-893c-7f3e606e73c1/sm/snapshot.1_15 time:5
2019-07-16 15:42:55,379 INFO  impl.StateMachineUpdater (StateMachineUpdater.java:takeSnapshot(242)) - StateMachineUpdater:77e4f8b7-d59d-497c-bbb1-675dab87ac04:group-7F3E606E73C1: Took a snapshot at index 15
2019-07-16 15:42:55,379 INFO  segmented.SegmentedRaftLogWorker (SegmentedRaftLogWorker.java:close(228)) - 77e4f8b7-d59d-497c-bbb1-675dab87ac04-SegmentedRaftLogWorker:Storage Directory /workdir/hadoop-ozone/integration-test/target/test-dir/MiniOzoneClusterImpl-b07bb8e2-099d-4112-93c2-49344ba21f2d/datanode-5/data/ratis/29824497-ec30-4d9b-91d1-1f68b065a156 close()
2019-07-16 15:42:55,379 INFO  impl.StateMachineUpdater (StateMachineUpdater.java:lambda$new$0(80)) - StateMachineUpdater:77e4f8b7-d59d-497c-bbb1-675dab87ac04:group-7F3E606E73C1: snapshotIndex: updateIncreasingly -1 -> 15
2019-07-16 15:42:55,382 INFO  impl.RaftServerImpl (ServerState.java:close(394)) - 77e4f8b7-d59d-497c-bbb1-675dab87ac04:group-7F3E606E73C1 closes. The last applied log index is 16
2019-07-16 15:42:55,382 INFO  segmented.SegmentedRaftLogWorker (SegmentedRaftLogWorker.java:run(313)) - 77e4f8b7-d59d-497c-bbb1-675dab87ac04-SegmentedRaftLogWorker:Storage Directory /workdir/hadoop-ozone/integration-test/target/test-dir/MiniOzoneClusterImpl-b07bb8e2-099d-4112-93c2-49344ba21f2d/datanode-5/data/ratis/a4e36e6d-cdb8-43a5-893c-7f3e606e73c1 was interrupted, exiting. There are 0 tasks remaining in the queue.
2019-07-16 15:42:55,383 INFO  segmented.SegmentedRaftLogWorker (SegmentedRaftLogWorker.java:close(228)) - 77e4f8b7-d59d-497c-bbb1-675dab87ac04-SegmentedRaftLogWorker:Storage Directory /workdir/hadoop-ozone/integration-test/target/test-dir/MiniOzoneClusterImpl-b07bb8e2-099d-4112-93c2-49344ba21f2d/datanode-5/data/ratis/a4e36e6d-cdb8-43a5-893c-7f3e606e73c1 close()
2019-07-16 15:42:55,384 INFO  server.GrpcService (GrpcService.java:closeImpl(155)) - 77e4f8b7-d59d-497c-bbb1-675dab87ac04: shutdown server with port 43059 now
2019-07-16 15:42:55,385 INFO  server.GrpcService (GrpcService.java:closeImpl(163)) - 77e4f8b7-d59d-497c-bbb1-675dab87ac04: shutdown server with port 43059 successfully
2019-07-16 15:42:55,389 INFO  utils.BackgroundService (BackgroundService.java:shutdown(148)) - Shutting down service BlockDeletingService
2019-07-16 15:42:55,392 WARN  fs.CachingGetSpaceUsed (CachingGetSpaceUsed.java:run(183)) - Thread Interrupted waiting to refresh disk information: sleep interrupted
2019-07-16 15:42:55,413 INFO  statemachine.DatanodeStateMachine (DatanodeStateMachine.java:stopDaemon(395)) - Ozone container server stopped.
2019-07-16 15:42:55,426 INFO  handler.ContextHandler (ContextHandler.java:doStop(910)) - Stopped o.e.j.w.WebAppContext@3943c449{/,null,UNAVAILABLE}{/hddsDatanode}
2019-07-16 15:42:55,427 INFO  server.AbstractConnector (AbstractConnector.java:doStop(318)) - Stopped ServerConnector@26c09f3f{HTTP/1.1,[http/1.1]}{0.0.0.0:0}
2019-07-16 15:42:55,428 INFO  handler.ContextHandler (ContextHandler.java:doStop(910)) - Stopped o.e.j.s.ServletContextHandler@e2bdc58{/static,jar:file:/home/user/.m2/repository/org/apache/hadoop/hadoop-hdds-container-service/0.5.0-SNAPSHOT/hadoop-hdds-container-service-0.5.0-SNAPSHOT.jar!/webapps/static,UNAVAILABLE}
2019-07-16 15:42:55,428 INFO  handler.ContextHandler (ContextHandler.java:doStop(910)) - Stopped o.e.j.s.ServletContextHandler@329f649d{/logs,file:///workdir/hadoop-ozone/integration-test/target/log,UNAVAILABLE}
2019-07-16 15:42:55,429 INFO  ozone.MiniOzoneClusterImpl (MiniOzoneClusterImpl.java:stop(353)) - Stopping the StorageContainerManager
2019-07-16 15:42:55,429 INFO  server.StorageContainerManager (StorageContainerManager.java:stop(796)) - Stopping Replication Manager Service.
2019-07-16 15:42:55,429 INFO  container.ReplicationManager (ReplicationManager.java:stop(187)) - Stopping Replication Monitor Thread.
2019-07-16 15:42:55,430 INFO  server.StorageContainerManager (StorageContainerManager.java:stop(803)) - Stopping Lease Manager of the command watchers
2019-07-16 15:42:55,430 INFO  server.StorageContainerManager (StorageContainerManager.java:stop(810)) - Stopping datanode service RPC server
2019-07-16 15:42:55,430 INFO  server.SCMDatanodeProtocolServer (SCMDatanodeProtocolServer.java:stop(375)) - Stopping the RPC server for DataNodes
2019-07-16 15:42:55,430 INFO  ipc.Server (Server.java:stop(3082)) - Stopping server on 39810
2019-07-16 15:42:55,435 INFO  ipc.Server (Server.java:run(1319)) - Stopping IPC Server Responder
2019-07-16 15:42:55,435 INFO  ipc.Server (Server.java:run(1185)) - Stopping IPC Server listener on 39810
2019-07-16 15:42:55,497 WARN  node.NodeStateManager (NodeStateManager.java:scheduleNextHealthCheck(631)) - Current Thread is interrupted, shutting down HB processing thread for Node Manager.
2019-07-16 15:42:55,497 INFO  server.StorageContainerManager (StorageContainerManager.java:stop(818)) - Stopping block service RPC server
2019-07-16 15:42:55,497 INFO  server.SCMBlockProtocolServer (SCMBlockProtocolServer.java:stop(148)) - Stopping the RPC server for Block Protocol
2019-07-16 15:42:55,498 INFO  ipc.Server (Server.java:stop(3082)) - Stopping server on 39266
2019-07-16 15:42:55,500 INFO  ipc.Server (Server.java:run(1185)) - Stopping IPC Server listener on 39266
2019-07-16 15:42:55,500 INFO  server.StorageContainerManager (StorageContainerManager.java:stop(825)) - Stopping the StorageContainerLocationProtocol RPC server
2019-07-16 15:42:55,503 INFO  server.SCMClientProtocolServer (SCMClientProtocolServer.java:stop(157)) - Stopping the RPC server for Client Protocol
2019-07-16 15:42:55,503 INFO  ipc.Server (Server.java:stop(3082)) - Stopping server on 35472
2019-07-16 15:42:55,501 INFO  ipc.Server (Server.java:run(1319)) - Stopping IPC Server Responder
2019-07-16 15:42:55,505 INFO  ipc.Server (Server.java:run(1185)) - Stopping IPC Server listener on 35472
2019-07-16 15:42:55,505 INFO  server.StorageContainerManager (StorageContainerManager.java:stop(832)) - Stopping Storage Container Manager HTTP server.
2019-07-16 15:42:55,506 INFO  ipc.Server (Server.java:run(1319)) - Stopping IPC Server Responder
2019-07-16 15:42:55,509 INFO  handler.ContextHandler (ContextHandler.java:doStop(910)) - Stopped o.e.j.w.WebAppContext@19e552a3{/,null,UNAVAILABLE}{/scm}
2019-07-16 15:42:55,510 INFO  server.AbstractConnector (AbstractConnector.java:doStop(318)) - Stopped ServerConnector@5091456c{HTTP/1.1,[http/1.1]}{0.0.0.0:0}
2019-07-16 15:42:55,510 INFO  handler.ContextHandler (ContextHandler.java:doStop(910)) - Stopped o.e.j.s.ServletContextHandler@7f9083b4{/static,file:///workdir/hadoop-ozone/integration-test/target/test-classes/webapps/static,UNAVAILABLE}
2019-07-16 15:42:55,511 INFO  handler.ContextHandler (ContextHandler.java:doStop(910)) - Stopped o.e.j.s.ServletContextHandler@72e4905c{/logs,file:///workdir/hadoop-ozone/integration-test/target/log,UNAVAILABLE}
2019-07-16 15:42:55,512 INFO  server.StorageContainerManager (StorageContainerManager.java:stop(843)) - Stopping Block Manager Service.
2019-07-16 15:42:55,512 INFO  utils.BackgroundService (BackgroundService.java:shutdown(148)) - Shutting down service SCMBlockDeletingService
2019-07-16 15:42:55,512 INFO  utils.BackgroundService (BackgroundService.java:shutdown(148)) - Shutting down service SCMBlockDeletingService
2019-07-16 15:42:55,513 INFO  server.StorageContainerManager (StorageContainerManager.java:stop(865)) - Stopping SCM Event Queue.
2019-07-16 15:42:55,529 INFO  impl.MetricsSystemImpl (MetricsSystemImpl.java:stop(210)) - Stopping HddsDatanode metrics system...
2019-07-16 15:42:55,546 INFO  impl.MetricsSystemImpl (MetricsSystemImpl.java:stop(216)) - HddsDatanode metrics system stopped.
]]></system-out>
    <system-err><![CDATA[Jul 16, 2019 3:42:22 PM com.sun.jersey.server.impl.application.WebApplicationImpl _initiate
INFO: Initiating Jersey application, version 'Jersey: 1.19 02/11/2015 03:25 AM'
Jul 16, 2019 3:42:22 PM com.sun.jersey.server.impl.application.WebApplicationImpl _initiate
INFO: Initiating Jersey application, version 'Jersey: 1.19 02/11/2015 03:25 AM'
Jul 16, 2019 3:42:23 PM com.sun.jersey.server.impl.application.WebApplicationImpl _initiate
INFO: Initiating Jersey application, version 'Jersey: 1.19 02/11/2015 03:25 AM'
Jul 16, 2019 3:42:23 PM com.sun.jersey.server.impl.application.WebApplicationImpl _initiate
INFO: Initiating Jersey application, version 'Jersey: 1.19 02/11/2015 03:25 AM'
Jul 16, 2019 3:42:23 PM com.sun.jersey.server.impl.application.WebApplicationImpl _initiate
INFO: Initiating Jersey application, version 'Jersey: 1.19 02/11/2015 03:25 AM'
Jul 16, 2019 3:42:23 PM com.sun.jersey.server.impl.application.WebApplicationImpl _initiate
INFO: Initiating Jersey application, version 'Jersey: 1.19 02/11/2015 03:25 AM'
Jul 16, 2019 3:42:23 PM com.sun.jersey.server.impl.application.WebApplicationImpl _initiate
INFO: Initiating Jersey application, version 'Jersey: 1.19 02/11/2015 03:25 AM'
Jul 16, 2019 3:42:32 PM org.apache.ratis.thirdparty.io.grpc.internal.ManagedChannelOrphanWrapper$ManagedChannelReference cleanQueue
SEVERE: *~*~*~ Channel ManagedChannelImpl{logId=3234, target=192.168.69.88:40120} was not shutdown properly!!! ~*~*~*
    Make sure to call shutdown()/shutdownNow() and wait until awaitTermination() returns true.
java.lang.RuntimeException: ManagedChannel allocation site
	at org.apache.ratis.thirdparty.io.grpc.internal.ManagedChannelOrphanWrapper$ManagedChannelReference.<init>(ManagedChannelOrphanWrapper.java:103)
	at org.apache.ratis.thirdparty.io.grpc.internal.ManagedChannelOrphanWrapper.<init>(ManagedChannelOrphanWrapper.java:53)
	at org.apache.ratis.thirdparty.io.grpc.internal.ManagedChannelOrphanWrapper.<init>(ManagedChannelOrphanWrapper.java:44)
	at org.apache.ratis.thirdparty.io.grpc.internal.AbstractManagedChannelImplBuilder.build(AbstractManagedChannelImplBuilder.java:411)
	at org.apache.ratis.grpc.client.GrpcClientProtocolClient.<init>(GrpcClientProtocolClient.java:119)
	at org.apache.ratis.grpc.client.GrpcClientRpc.lambda$new$0(GrpcClientRpc.java:55)
	at org.apache.ratis.util.PeerProxyMap$PeerAndProxy.lambda$getProxy$0(PeerProxyMap.java:61)
	at org.apache.ratis.util.LifeCycle.startAndTransition(LifeCycle.java:202)
	at org.apache.ratis.util.PeerProxyMap$PeerAndProxy.getProxy(PeerProxyMap.java:60)
	at org.apache.ratis.util.PeerProxyMap.getProxy(PeerProxyMap.java:107)
	at org.apache.ratis.grpc.client.GrpcClientRpc.sendRequestAsync(GrpcClientRpc.java:66)
	at org.apache.ratis.client.impl.OrderedAsync.sendRequest(OrderedAsync.java:208)
	at org.apache.ratis.client.impl.OrderedAsync.sendRequestWithRetry(OrderedAsync.java:169)
	at org.apache.ratis.util.SlidingWindow$Client.sendOrDelayRequest(SlidingWindow.java:278)
	at org.apache.ratis.util.SlidingWindow$Client.submitNewRequest(SlidingWindow.java:257)
	at org.apache.ratis.client.impl.OrderedAsync.send(OrderedAsync.java:155)
	at org.apache.ratis.client.impl.RaftClientImpl.sendAsync(RaftClientImpl.java:145)
	at org.apache.ratis.client.impl.RaftClientImpl.sendAsync(RaftClientImpl.java:125)
	at org.apache.hadoop.hdds.scm.XceiverClientRatis.sendRequestAsync(XceiverClientRatis.java:224)
	at org.apache.hadoop.hdds.scm.XceiverClientRatis.sendCommandAsync(XceiverClientRatis.java:302)
	at org.apache.hadoop.hdds.scm.storage.ContainerProtocolCalls.writeChunkAsync(ContainerProtocolCalls.java:310)
	at org.apache.hadoop.hdds.scm.storage.BlockOutputStream.writeChunkToContainer(BlockOutputStream.java:602)
	at org.apache.hadoop.hdds.scm.storage.BlockOutputStream.writeChunk(BlockOutputStream.java:460)
	at org.apache.hadoop.hdds.scm.storage.BlockOutputStream.writeOnRetry(BlockOutputStream.java:286)
	at org.apache.hadoop.ozone.client.io.BlockOutputStreamEntry.writeOnRetry(BlockOutputStreamEntry.java:200)
	at org.apache.hadoop.ozone.client.io.KeyOutputStream.handleWrite(KeyOutputStream.java:209)
	at org.apache.hadoop.ozone.client.io.KeyOutputStream.handleRetry(KeyOutputStream.java:376)
	at org.apache.hadoop.ozone.client.io.KeyOutputStream.handleException(KeyOutputStream.java:325)
	at org.apache.hadoop.ozone.client.io.KeyOutputStream.handleFlushOrClose(KeyOutputStream.java:448)
	at org.apache.hadoop.ozone.client.io.KeyOutputStream.flush(KeyOutputStream.java:396)
	at org.apache.hadoop.ozone.client.io.OzoneOutputStream.flush(OzoneOutputStream.java:54)
	at org.apache.hadoop.ozone.client.rpc.TestBlockOutputStreamWithFailures.testFailureWithPrimeSizedData(TestBlockOutputStreamWithFailures.java:595)
	at sun.reflect.NativeMethodAccessorImpl.invoke0(Native Method)
	at sun.reflect.NativeMethodAccessorImpl.invoke(NativeMethodAccessorImpl.java:62)
	at sun.reflect.DelegatingMethodAccessorImpl.invoke(DelegatingMethodAccessorImpl.java:43)
	at java.lang.reflect.Method.invoke(Method.java:498)
	at org.junit.runners.model.FrameworkMethod$1.runReflectiveCall(FrameworkMethod.java:47)
	at org.junit.internal.runners.model.ReflectiveCallable.run(ReflectiveCallable.java:12)
	at org.junit.runners.model.FrameworkMethod.invokeExplosively(FrameworkMethod.java:44)
	at org.junit.internal.runners.statements.InvokeMethod.evaluate(InvokeMethod.java:17)
	at org.junit.internal.runners.statements.RunBefores.evaluate(RunBefores.java:26)
	at org.junit.internal.runners.statements.RunAfters.evaluate(RunAfters.java:27)
	at org.junit.runners.ParentRunner.runLeaf(ParentRunner.java:271)
	at org.junit.runners.BlockJUnit4ClassRunner.runChild(BlockJUnit4ClassRunner.java:70)
	at org.junit.runners.BlockJUnit4ClassRunner.runChild(BlockJUnit4ClassRunner.java:50)
	at org.junit.runners.ParentRunner$3.run(ParentRunner.java:238)
	at org.junit.runners.ParentRunner$1.schedule(ParentRunner.java:63)
	at org.junit.runners.ParentRunner.runChildren(ParentRunner.java:236)
	at org.junit.runners.ParentRunner.access$000(ParentRunner.java:53)
	at org.junit.runners.ParentRunner$2.evaluate(ParentRunner.java:229)
	at org.junit.runners.ParentRunner.run(ParentRunner.java:309)
	at org.apache.maven.surefire.junit4.JUnit4Provider.execute(JUnit4Provider.java:365)
	at org.apache.maven.surefire.junit4.JUnit4Provider.executeWithRerun(JUnit4Provider.java:273)
	at org.apache.maven.surefire.junit4.JUnit4Provider.executeTestSet(JUnit4Provider.java:238)
	at org.apache.maven.surefire.junit4.JUnit4Provider.invoke(JUnit4Provider.java:159)
	at org.apache.maven.surefire.booter.ForkedBooter.invokeProviderInSameClassLoader(ForkedBooter.java:384)
	at org.apache.maven.surefire.booter.ForkedBooter.runSuitesInProcess(ForkedBooter.java:345)
	at org.apache.maven.surefire.booter.ForkedBooter.execute(ForkedBooter.java:126)
	at org.apache.maven.surefire.booter.ForkedBooter.main(ForkedBooter.java:418)

Jul 16, 2019 3:42:32 PM org.apache.ratis.thirdparty.io.grpc.internal.ManagedChannelOrphanWrapper$ManagedChannelReference cleanQueue
SEVERE: *~*~*~ Channel ManagedChannelImpl{logId=3221, target=192.168.69.88:37014} was not shutdown properly!!! ~*~*~*
    Make sure to call shutdown()/shutdownNow() and wait until awaitTermination() returns true.
java.lang.RuntimeException: ManagedChannel allocation site
	at org.apache.ratis.thirdparty.io.grpc.internal.ManagedChannelOrphanWrapper$ManagedChannelReference.<init>(ManagedChannelOrphanWrapper.java:103)
	at org.apache.ratis.thirdparty.io.grpc.internal.ManagedChannelOrphanWrapper.<init>(ManagedChannelOrphanWrapper.java:53)
	at org.apache.ratis.thirdparty.io.grpc.internal.ManagedChannelOrphanWrapper.<init>(ManagedChannelOrphanWrapper.java:44)
	at org.apache.ratis.thirdparty.io.grpc.internal.AbstractManagedChannelImplBuilder.build(AbstractManagedChannelImplBuilder.java:411)
	at org.apache.ratis.grpc.client.GrpcClientProtocolClient.<init>(GrpcClientProtocolClient.java:119)
	at org.apache.ratis.grpc.client.GrpcClientRpc.lambda$new$0(GrpcClientRpc.java:55)
	at org.apache.ratis.util.PeerProxyMap$PeerAndProxy.lambda$getProxy$0(PeerProxyMap.java:61)
	at org.apache.ratis.util.LifeCycle.startAndTransition(LifeCycle.java:202)
	at org.apache.ratis.util.PeerProxyMap$PeerAndProxy.getProxy(PeerProxyMap.java:60)
	at org.apache.ratis.util.PeerProxyMap.getProxy(PeerProxyMap.java:107)
	at org.apache.ratis.grpc.client.GrpcClientRpc.sendRequestAsync(GrpcClientRpc.java:66)
	at org.apache.ratis.client.impl.OrderedAsync.sendRequest(OrderedAsync.java:208)
	at org.apache.ratis.client.impl.OrderedAsync.sendRequestWithRetry(OrderedAsync.java:169)
	at org.apache.ratis.util.SlidingWindow$Client.sendOrDelayRequest(SlidingWindow.java:278)
	at org.apache.ratis.util.SlidingWindow$Client.retry(SlidingWindow.java:294)
	at org.apache.ratis.client.impl.OrderedAsync.lambda$scheduleWithTimeout$7(OrderedAsync.java:195)
	at org.apache.ratis.util.TimeoutScheduler.lambda$onTimeout$0(TimeoutScheduler.java:85)
	at org.apache.ratis.util.TimeoutScheduler.lambda$onTimeout$1(TimeoutScheduler.java:104)
	at org.apache.ratis.util.LogUtils.runAndLog(LogUtils.java:50)
	at org.apache.ratis.util.LogUtils$1.run(LogUtils.java:91)
	at java.util.concurrent.Executors$RunnableAdapter.call(Executors.java:511)
	at java.util.concurrent.FutureTask.run(FutureTask.java:266)
	at java.util.concurrent.ScheduledThreadPoolExecutor$ScheduledFutureTask.access$201(ScheduledThreadPoolExecutor.java:180)
	at java.util.concurrent.ScheduledThreadPoolExecutor$ScheduledFutureTask.run(ScheduledThreadPoolExecutor.java:293)
	at java.util.concurrent.ThreadPoolExecutor.runWorker(ThreadPoolExecutor.java:1149)
	at java.util.concurrent.ThreadPoolExecutor$Worker.run(ThreadPoolExecutor.java:624)
	at java.lang.Thread.run(Thread.java:748)

]]></system-err>
  </testcase>
  <testcase name="testExceptionDuringClose" classname="org.apache.hadoop.ozone.client.rpc.TestBlockOutputStreamWithFailures" time="34.999">
    <error type="java.lang.IllegalArgumentException">java.lang.IllegalArgumentException
	at com.google.common.base.Preconditions.checkArgument(Preconditions.java:72)
	at org.apache.hadoop.hdds.scm.XceiverClientManager.acquireClient(XceiverClientManager.java:150)
	at org.apache.hadoop.hdds.scm.XceiverClientManager.acquireClientForReadData(XceiverClientManager.java:143)
	at org.apache.hadoop.hdds.scm.storage.BlockInputStream.getChunkInfos(BlockInputStream.java:154)
	at org.apache.hadoop.hdds.scm.storage.BlockInputStream.initialize(BlockInputStream.java:118)
	at org.apache.hadoop.hdds.scm.storage.BlockInputStream.read(BlockInputStream.java:222)
	at org.apache.hadoop.ozone.client.io.KeyInputStream.read(KeyInputStream.java:171)
	at org.apache.hadoop.ozone.client.io.OzoneInputStream.read(OzoneInputStream.java:47)
	at java.io.InputStream.read(InputStream.java:101)
	at org.apache.hadoop.ozone.container.ContainerTestHelper.validateData(ContainerTestHelper.java:709)
	at org.apache.hadoop.ozone.client.rpc.TestBlockOutputStreamWithFailures.validateData(TestBlockOutputStreamWithFailures.java:1212)
	at org.apache.hadoop.ozone.client.rpc.TestBlockOutputStreamWithFailures.testExceptionDuringClose(TestBlockOutputStreamWithFailures.java:773)
	at sun.reflect.NativeMethodAccessorImpl.invoke0(Native Method)
	at sun.reflect.NativeMethodAccessorImpl.invoke(NativeMethodAccessorImpl.java:62)
	at sun.reflect.DelegatingMethodAccessorImpl.invoke(DelegatingMethodAccessorImpl.java:43)
	at java.lang.reflect.Method.invoke(Method.java:498)
	at org.junit.runners.model.FrameworkMethod$1.runReflectiveCall(FrameworkMethod.java:47)
	at org.junit.internal.runners.model.ReflectiveCallable.run(ReflectiveCallable.java:12)
	at org.junit.runners.model.FrameworkMethod.invokeExplosively(FrameworkMethod.java:44)
	at org.junit.internal.runners.statements.InvokeMethod.evaluate(InvokeMethod.java:17)
	at org.junit.internal.runners.statements.RunBefores.evaluate(RunBefores.java:26)
	at org.junit.internal.runners.statements.RunAfters.evaluate(RunAfters.java:27)
	at org.junit.runners.ParentRunner.runLeaf(ParentRunner.java:271)
	at org.junit.runners.BlockJUnit4ClassRunner.runChild(BlockJUnit4ClassRunner.java:70)
	at org.junit.runners.BlockJUnit4ClassRunner.runChild(BlockJUnit4ClassRunner.java:50)
	at org.junit.runners.ParentRunner$3.run(ParentRunner.java:238)
	at org.junit.runners.ParentRunner$1.schedule(ParentRunner.java:63)
	at org.junit.runners.ParentRunner.runChildren(ParentRunner.java:236)
	at org.junit.runners.ParentRunner.access$000(ParentRunner.java:53)
	at org.junit.runners.ParentRunner$2.evaluate(ParentRunner.java:229)
	at org.junit.runners.ParentRunner.run(ParentRunner.java:309)
	at org.apache.maven.surefire.junit4.JUnit4Provider.execute(JUnit4Provider.java:365)
	at org.apache.maven.surefire.junit4.JUnit4Provider.executeWithRerun(JUnit4Provider.java:273)
	at org.apache.maven.surefire.junit4.JUnit4Provider.executeTestSet(JUnit4Provider.java:238)
	at org.apache.maven.surefire.junit4.JUnit4Provider.invoke(JUnit4Provider.java:159)
	at org.apache.maven.surefire.booter.ForkedBooter.invokeProviderInSameClassLoader(ForkedBooter.java:384)
	at org.apache.maven.surefire.booter.ForkedBooter.runSuitesInProcess(ForkedBooter.java:345)
	at org.apache.maven.surefire.booter.ForkedBooter.execute(ForkedBooter.java:126)
	at org.apache.maven.surefire.booter.ForkedBooter.main(ForkedBooter.java:418)
</error>
    <system-out><![CDATA[2019-07-16 15:42:55,609 WARN  server.ServerUtils (ServerUtils.java:getScmDbDir(145)) - ozone.scm.db.dirs is not configured. We recommend adding this setting. Falling back to ozone.metadata.dirs instead.
2019-07-16 15:42:55,638 WARN  server.ServerUtils (ServerUtils.java:getScmDbDir(145)) - ozone.scm.db.dirs is not configured. We recommend adding this setting. Falling back to ozone.metadata.dirs instead.
2019-07-16 15:42:55,638 WARN  server.ServerUtils (ServerUtils.java:getScmDbDir(145)) - ozone.scm.db.dirs is not configured. We recommend adding this setting. Falling back to ozone.metadata.dirs instead.
2019-07-16 15:42:55,639 INFO  db.DBStoreBuilder (DBStoreBuilder.java:addTable(110)) - using custom profile for table: deletedBlocks
2019-07-16 15:42:55,639 INFO  db.DBStoreBuilder (DBStoreBuilder.java:processTables(161)) - Using default column profile:DBProfile.DISK for Table:deletedBlocks
2019-07-16 15:42:55,639 INFO  db.DBStoreBuilder (DBStoreBuilder.java:addTable(110)) - using custom profile for table: validCerts
2019-07-16 15:42:55,640 INFO  db.DBStoreBuilder (DBStoreBuilder.java:processTables(161)) - Using default column profile:DBProfile.DISK for Table:validCerts
2019-07-16 15:42:55,640 INFO  db.DBStoreBuilder (DBStoreBuilder.java:addTable(110)) - using custom profile for table: revokedCerts
2019-07-16 15:42:55,640 INFO  db.DBStoreBuilder (DBStoreBuilder.java:processTables(161)) - Using default column profile:DBProfile.DISK for Table:revokedCerts
2019-07-16 15:42:55,640 INFO  db.DBStoreBuilder (DBStoreBuilder.java:addTable(110)) - using custom profile for table: default
2019-07-16 15:42:55,640 INFO  db.DBStoreBuilder (DBStoreBuilder.java:processTables(167)) - Using default column profile:DBProfile.DISK for Table:default
2019-07-16 15:42:55,641 INFO  db.DBStoreBuilder (DBStoreBuilder.java:getDbProfile(198)) - Using default options. DBProfile.DISK
2019-07-16 15:42:55,812 INFO  net.NodeSchemaLoader (NodeSchemaLoader.java:loadSchemaFromFile(125)) - Loading file from sun.misc.CompoundEnumeration@fb74661
2019-07-16 15:42:55,813 INFO  net.NodeSchemaLoader (NodeSchemaLoader.java:loadSchema(171)) - Loading network topology layer schema file
2019-07-16 15:42:55,817 INFO  node.SCMNodeManager (SCMNodeManager.java:<init>(119)) - Entering startup safe mode.
2019-07-16 15:42:55,818 WARN  server.ServerUtils (ServerUtils.java:getScmDbDir(145)) - ozone.scm.db.dirs is not configured. We recommend adding this setting. Falling back to ozone.metadata.dirs instead.
2019-07-16 15:42:55,868 INFO  pipeline.SCMPipelineManager (SCMPipelineManager.java:initializePipelineState(126)) - No pipeline exists in current db
2019-07-16 15:42:55,868 WARN  server.ServerUtils (ServerUtils.java:getScmDbDir(145)) - ozone.scm.db.dirs is not configured. We recommend adding this setting. Falling back to ozone.metadata.dirs instead.
2019-07-16 15:42:55,921 WARN  events.EventQueue (EventQueue.java:fireEvent(175)) - No event handler registered for event TypedEvent{payloadType=SafeModeStatus, name='SafeModeStatus'}
2019-07-16 15:42:55,922 INFO  ipc.CallQueueManager (CallQueueManager.java:<init>(84)) - Using callQueue: class java.util.concurrent.LinkedBlockingQueue, queueCapacity: 2000, scheduler: class org.apache.hadoop.ipc.DefaultRpcScheduler, ipcBackoff: false.
2019-07-16 15:42:55,923 INFO  ipc.Server (Server.java:run(1074)) - Starting Socket Reader #1 for port 32941
2019-07-16 15:42:55,925 INFO  ipc.CallQueueManager (CallQueueManager.java:<init>(84)) - Using callQueue: class java.util.concurrent.LinkedBlockingQueue, queueCapacity: 2000, scheduler: class org.apache.hadoop.ipc.DefaultRpcScheduler, ipcBackoff: false.
2019-07-16 15:42:55,926 INFO  ipc.Server (Server.java:run(1074)) - Starting Socket Reader #1 for port 43265
2019-07-16 15:42:55,932 INFO  ipc.CallQueueManager (CallQueueManager.java:<init>(84)) - Using callQueue: class java.util.concurrent.LinkedBlockingQueue, queueCapacity: 2000, scheduler: class org.apache.hadoop.ipc.DefaultRpcScheduler, ipcBackoff: false.
2019-07-16 15:42:55,933 INFO  ipc.Server (Server.java:run(1074)) - Starting Socket Reader #1 for port 45355
2019-07-16 15:42:55,937 INFO  hdfs.DFSUtil (DFSUtil.java:httpServerTemplateForNNAndJN(1641)) - Starting Web-server for scm at: http://0.0.0.0:0
2019-07-16 15:42:55,940 INFO  server.AuthenticationFilter (AuthenticationFilter.java:constructSecretProvider(240)) - Unable to initialize FileSignerSecretProvider, falling back to use random secrets.
2019-07-16 15:42:55,941 WARN  http.HttpRequestLog (HttpRequestLog.java:getRequestLog(97)) - Jetty request log can only be enabled using Log4j
2019-07-16 15:42:55,943 INFO  http.HttpServer2 (HttpServer2.java:addGlobalFilter(975)) - Added global filter 'safety' (class=org.apache.hadoop.http.HttpServer2$QuotingInputFilter)
2019-07-16 15:42:55,943 INFO  http.HttpServer2 (HttpServer2.java:addFilter(948)) - Added filter static_user_filter (class=org.apache.hadoop.http.lib.StaticUserWebFilter$StaticUserFilter) to context scm
2019-07-16 15:42:55,944 INFO  http.HttpServer2 (HttpServer2.java:addFilter(958)) - Added filter static_user_filter (class=org.apache.hadoop.http.lib.StaticUserWebFilter$StaticUserFilter) to context static
2019-07-16 15:42:55,944 INFO  http.HttpServer2 (HttpServer2.java:addFilter(958)) - Added filter static_user_filter (class=org.apache.hadoop.http.lib.StaticUserWebFilter$StaticUserFilter) to context logs
2019-07-16 15:42:55,946 INFO  server.StorageContainerManager (StorageContainerManager.java:start(759)) - StorageContainerLocationProtocol RPC server is listening at /0.0.0.0:45355
2019-07-16 15:42:55,948 WARN  impl.MetricsConfig (MetricsConfig.java:loadFirst(134)) - Cannot locate configuration: tried hadoop-metrics2-storagecontainermanager.properties,hadoop-metrics2.properties
2019-07-16 15:42:55,949 INFO  impl.MetricsSystemImpl (MetricsSystemImpl.java:startTimer(374)) - Scheduled Metric snapshot period at 10 second(s).
2019-07-16 15:42:55,949 INFO  impl.MetricsSystemImpl (MetricsSystemImpl.java:start(191)) - StorageContainerManager metrics system started
2019-07-16 15:42:56,034 INFO  server.SCMClientProtocolServer (SCMClientProtocolServer.java:start(149)) - RPC server for Client  is listening at /0.0.0.0:45355
2019-07-16 15:42:56,035 INFO  ipc.Server (Server.java:run(1314)) - IPC Server Responder: starting
2019-07-16 15:42:56,035 INFO  ipc.Server (Server.java:run(1153)) - IPC Server listener on 45355: starting
2019-07-16 15:42:56,041 INFO  server.StorageContainerManager (StorageContainerManager.java:start(768)) - ScmBlockLocationProtocol RPC server is listening at /0.0.0.0:43265
2019-07-16 15:42:56,041 INFO  server.SCMBlockProtocolServer (SCMBlockProtocolServer.java:start(140)) - RPC server for Block Protocol is listening at /0.0.0.0:43265
2019-07-16 15:42:56,042 INFO  ipc.Server (Server.java:run(1314)) - IPC Server Responder: starting
2019-07-16 15:42:56,042 INFO  ipc.Server (Server.java:run(1153)) - IPC Server listener on 43265: starting
2019-07-16 15:42:56,047 INFO  server.StorageContainerManager (StorageContainerManager.java:start(772)) - ScmDatanodeProtocl RPC server is listening at /0.0.0.0:32941
2019-07-16 15:42:56,047 INFO  server.SCMDatanodeProtocolServer (SCMDatanodeProtocolServer.java:start(191)) - RPC server for DataNodes is listening at /0.0.0.0:32941
2019-07-16 15:42:56,048 INFO  ipc.Server (Server.java:run(1314)) - IPC Server Responder: starting
2019-07-16 15:42:56,048 INFO  ipc.Server (Server.java:run(1153)) - IPC Server listener on 32941: starting
2019-07-16 15:42:56,053 INFO  http.HttpServer2 (HttpServer2.java:bindListener(1191)) - Jetty bound to port 34113
2019-07-16 15:42:56,053 INFO  server.Server (Server.java:doStart(351)) - jetty-9.3.24.v20180605, build timestamp: 2018-06-05T17:11:56Z, git hash: 84205aa28f11a4f31f2a3b86d1bba2cc8ab69827
2019-07-16 15:42:56,056 INFO  handler.ContextHandler (ContextHandler.java:doStart(781)) - Started o.e.j.s.ServletContextHandler@c9f1951{/logs,file:///workdir/hadoop-ozone/integration-test/target/log,AVAILABLE}
2019-07-16 15:42:56,057 INFO  handler.ContextHandler (ContextHandler.java:doStart(781)) - Started o.e.j.s.ServletContextHandler@3532f633{/static,file:///workdir/hadoop-ozone/integration-test/target/test-classes/webapps/static,AVAILABLE}
2019-07-16 15:42:56,062 INFO  handler.ContextHandler (ContextHandler.java:doStart(781)) - Started o.e.j.w.WebAppContext@523d6b45{/,file:///workdir/hadoop-ozone/integration-test/target/test-classes/webapps/scm/,AVAILABLE}{/scm}
2019-07-16 15:42:56,063 INFO  server.AbstractConnector (AbstractConnector.java:doStart(278)) - Started ServerConnector@6e8e1a98{HTTP/1.1,[http/1.1]}{0.0.0.0:34113}
2019-07-16 15:42:56,067 INFO  server.Server (Server.java:doStart(419)) - Started @694346ms
2019-07-16 15:42:56,069 INFO  server.BaseHttpServer (BaseHttpServer.java:updateConnectorAddress(207)) - HTTP server of SCM is listening at http://0.0.0.0:34113
2019-07-16 15:42:56,073 WARN  server.ServerUtils (ServerUtils.java:getDBPath(222)) - ozone.om.db.dirs is not configured. We recommend adding this setting. Falling back to ozone.metadata.dirs instead.
2019-07-16 15:42:56,073 INFO  util.JvmPauseMonitor (JvmPauseMonitor.java:run(188)) - Starting JVM pause monitor
2019-07-16 15:42:56,087 WARN  server.ServerUtils (ServerUtils.java:getDBPath(222)) - ozone.om.db.dirs is not configured. We recommend adding this setting. Falling back to ozone.metadata.dirs instead.
2019-07-16 15:42:56,087 INFO  om.OzoneManager (OzoneManager.java:setOMNodeDetails(626)) - OM Service ID is not set. Setting it to the default ID: omServiceIdDefault
2019-07-16 15:42:56,087 INFO  om.OzoneManager (OzoneManager.java:setOMNodeDetails(632)) - OM Node ID is not set. Setting it to the OmStorage's OmID: 1536880a-8e2f-40a4-83fe-c80498046153
2019-07-16 15:42:56,088 INFO  om.OzoneManager (OzoneManager.java:loadOMHAConfigs(583)) - Found matching OM address with OMServiceId: null, OMNodeId: null, RPC Address: localhost:0 and Ratis port: 9872
2019-07-16 15:42:56,098 WARN  server.ServerUtils (ServerUtils.java:getDBPath(222)) - ozone.om.db.dirs is not configured. We recommend adding this setting. Falling back to ozone.metadata.dirs instead.
2019-07-16 15:42:56,098 INFO  db.DBStoreBuilder (DBStoreBuilder.java:addTable(110)) - using custom profile for table: userTable
2019-07-16 15:42:56,099 INFO  db.DBStoreBuilder (DBStoreBuilder.java:processTables(161)) - Using default column profile:DBProfile.DISK for Table:userTable
2019-07-16 15:42:56,099 INFO  db.DBStoreBuilder (DBStoreBuilder.java:addTable(110)) - using custom profile for table: volumeTable
2019-07-16 15:42:56,099 INFO  db.DBStoreBuilder (DBStoreBuilder.java:processTables(161)) - Using default column profile:DBProfile.DISK for Table:volumeTable
2019-07-16 15:42:56,099 INFO  db.DBStoreBuilder (DBStoreBuilder.java:addTable(110)) - using custom profile for table: bucketTable
2019-07-16 15:42:56,100 INFO  db.DBStoreBuilder (DBStoreBuilder.java:processTables(161)) - Using default column profile:DBProfile.DISK for Table:bucketTable
2019-07-16 15:42:56,100 INFO  db.DBStoreBuilder (DBStoreBuilder.java:addTable(110)) - using custom profile for table: keyTable
2019-07-16 15:42:56,100 INFO  db.DBStoreBuilder (DBStoreBuilder.java:processTables(161)) - Using default column profile:DBProfile.DISK for Table:keyTable
2019-07-16 15:42:56,100 INFO  db.DBStoreBuilder (DBStoreBuilder.java:addTable(110)) - using custom profile for table: deletedTable
2019-07-16 15:42:56,101 INFO  db.DBStoreBuilder (DBStoreBuilder.java:processTables(161)) - Using default column profile:DBProfile.DISK for Table:deletedTable
2019-07-16 15:42:56,101 INFO  db.DBStoreBuilder (DBStoreBuilder.java:addTable(110)) - using custom profile for table: openKeyTable
2019-07-16 15:42:56,101 INFO  db.DBStoreBuilder (DBStoreBuilder.java:processTables(161)) - Using default column profile:DBProfile.DISK for Table:openKeyTable
2019-07-16 15:42:56,101 INFO  db.DBStoreBuilder (DBStoreBuilder.java:addTable(110)) - using custom profile for table: s3Table
2019-07-16 15:42:56,101 INFO  db.DBStoreBuilder (DBStoreBuilder.java:processTables(161)) - Using default column profile:DBProfile.DISK for Table:s3Table
2019-07-16 15:42:56,102 INFO  db.DBStoreBuilder (DBStoreBuilder.java:addTable(110)) - using custom profile for table: multipartInfoTable
2019-07-16 15:42:56,102 INFO  db.DBStoreBuilder (DBStoreBuilder.java:processTables(161)) - Using default column profile:DBProfile.DISK for Table:multipartInfoTable
2019-07-16 15:42:56,102 INFO  db.DBStoreBuilder (DBStoreBuilder.java:addTable(110)) - using custom profile for table: dTokenTable
2019-07-16 15:42:56,102 INFO  db.DBStoreBuilder (DBStoreBuilder.java:processTables(161)) - Using default column profile:DBProfile.DISK for Table:dTokenTable
2019-07-16 15:42:56,103 INFO  db.DBStoreBuilder (DBStoreBuilder.java:addTable(110)) - using custom profile for table: s3SecretTable
2019-07-16 15:42:56,103 INFO  db.DBStoreBuilder (DBStoreBuilder.java:processTables(161)) - Using default column profile:DBProfile.DISK for Table:s3SecretTable
2019-07-16 15:42:56,103 INFO  db.DBStoreBuilder (DBStoreBuilder.java:addTable(110)) - using custom profile for table: prefixTable
2019-07-16 15:42:56,103 INFO  db.DBStoreBuilder (DBStoreBuilder.java:processTables(161)) - Using default column profile:DBProfile.DISK for Table:prefixTable
2019-07-16 15:42:56,104 INFO  db.DBStoreBuilder (DBStoreBuilder.java:addTable(110)) - using custom profile for table: default
2019-07-16 15:42:56,104 INFO  db.DBStoreBuilder (DBStoreBuilder.java:processTables(167)) - Using default column profile:DBProfile.DISK for Table:default
2019-07-16 15:42:56,104 INFO  db.DBStoreBuilder (DBStoreBuilder.java:getDbProfile(198)) - Using default options. DBProfile.DISK
2019-07-16 15:42:56,674 INFO  ipc.CallQueueManager (CallQueueManager.java:<init>(84)) - Using callQueue: class java.util.concurrent.LinkedBlockingQueue, queueCapacity: 2000, scheduler: class org.apache.hadoop.ipc.DefaultRpcScheduler, ipcBackoff: false.
2019-07-16 15:42:56,675 INFO  ipc.Server (Server.java:run(1074)) - Starting Socket Reader #1 for port 43262
2019-07-16 15:42:56,698 WARN  server.ServerUtils (ServerUtils.java:getDBPath(222)) - ozone.om.db.dirs is not configured. We recommend adding this setting. Falling back to ozone.metadata.dirs instead.
2019-07-16 15:42:56,699 INFO  om.OzoneManager (OzoneManager.java:start(1224)) - OzoneManager RPC server is listening at localhost/127.0.0.1:43262
2019-07-16 15:42:56,699 INFO  impl.MetricsSystemImpl (MetricsSystemImpl.java:init(158)) - OzoneManager metrics system started (again)
2019-07-16 15:42:56,700 INFO  ipc.Server (Server.java:run(1314)) - IPC Server Responder: starting
2019-07-16 15:42:56,702 INFO  ipc.Server (Server.java:run(1153)) - IPC Server listener on 43262: starting
2019-07-16 15:42:56,708 INFO  hdfs.DFSUtil (DFSUtil.java:httpServerTemplateForNNAndJN(1641)) - Starting Web-server for ozoneManager at: http://0.0.0.0:0
2019-07-16 15:42:56,710 INFO  server.AuthenticationFilter (AuthenticationFilter.java:constructSecretProvider(240)) - Unable to initialize FileSignerSecretProvider, falling back to use random secrets.
2019-07-16 15:42:56,711 WARN  http.HttpRequestLog (HttpRequestLog.java:getRequestLog(97)) - Jetty request log can only be enabled using Log4j
2019-07-16 15:42:56,713 INFO  http.HttpServer2 (HttpServer2.java:addGlobalFilter(975)) - Added global filter 'safety' (class=org.apache.hadoop.http.HttpServer2$QuotingInputFilter)
2019-07-16 15:42:56,714 INFO  http.HttpServer2 (HttpServer2.java:addFilter(948)) - Added filter static_user_filter (class=org.apache.hadoop.http.lib.StaticUserWebFilter$StaticUserFilter) to context ozoneManager
2019-07-16 15:42:56,714 INFO  http.HttpServer2 (HttpServer2.java:addFilter(958)) - Added filter static_user_filter (class=org.apache.hadoop.http.lib.StaticUserWebFilter$StaticUserFilter) to context logs
2019-07-16 15:42:56,714 INFO  http.HttpServer2 (HttpServer2.java:addFilter(958)) - Added filter static_user_filter (class=org.apache.hadoop.http.lib.StaticUserWebFilter$StaticUserFilter) to context static
2019-07-16 15:42:56,715 INFO  http.HttpServer2 (HttpServer2.java:bindListener(1191)) - Jetty bound to port 44728
2019-07-16 15:42:56,715 INFO  server.Server (Server.java:doStart(351)) - jetty-9.3.24.v20180605, build timestamp: 2018-06-05T17:11:56Z, git hash: 84205aa28f11a4f31f2a3b86d1bba2cc8ab69827
2019-07-16 15:42:56,718 INFO  handler.ContextHandler (ContextHandler.java:doStart(781)) - Started o.e.j.s.ServletContextHandler@372e01e0{/logs,file:///workdir/hadoop-ozone/integration-test/target/log,AVAILABLE}
2019-07-16 15:42:56,718 INFO  handler.ContextHandler (ContextHandler.java:doStart(781)) - Started o.e.j.s.ServletContextHandler@6f6db08{/static,file:///workdir/hadoop-ozone/integration-test/target/test-classes/webapps/static,AVAILABLE}
2019-07-16 15:42:56,724 INFO  handler.ContextHandler (ContextHandler.java:doStart(781)) - Started o.e.j.w.WebAppContext@731ccdfc{/,file:///workdir/hadoop-ozone/integration-test/target/test-classes/webapps/ozoneManager/,AVAILABLE}{/ozoneManager}
2019-07-16 15:42:56,724 INFO  server.AbstractConnector (AbstractConnector.java:doStart(278)) - Started ServerConnector@734fcb45{HTTP/1.1,[http/1.1]}{0.0.0.0:44728}
2019-07-16 15:42:56,726 INFO  server.Server (Server.java:doStart(419)) - Started @695005ms
2019-07-16 15:42:56,728 INFO  server.BaseHttpServer (BaseHttpServer.java:updateConnectorAddress(207)) - HTTP server of OZONEMANAGER is listening at http://0.0.0.0:44728
2019-07-16 15:42:56,745 INFO  impl.MetricsSystemImpl (MetricsSystemImpl.java:init(158)) - HddsDatanode metrics system started (again)
2019-07-16 15:42:56,745 INFO  ozone.HddsDatanodeService (HddsDatanodeService.java:start(185)) - HddsDatanodeService host:trunk-nightly-kgw5x-1882989438 ip:192.168.69.88
2019-07-16 15:42:56,762 INFO  volume.HddsVolume (HddsVolume.java:<init>(176)) - Creating Volume: /workdir/hadoop-ozone/integration-test/target/test-dir/MiniOzoneClusterImpl-b0b1d809-0124-4458-88f1-9092fc7d7699/datanode-0/data/containers/hdds of  storage type : DISK and capacity : 52710309888
2019-07-16 15:42:56,762 INFO  volume.VolumeSet (VolumeSet.java:initializeVolumeSet(170)) - Added Volume : /workdir/hadoop-ozone/integration-test/target/test-dir/MiniOzoneClusterImpl-b0b1d809-0124-4458-88f1-9092fc7d7699/datanode-0/data/containers/hdds to VolumeSet
2019-07-16 15:42:56,763 INFO  volume.ThrottledAsyncChecker (ThrottledAsyncChecker.java:schedule(140)) - Scheduling a check for org.apache.hadoop.ozone.container.common.volume.HddsVolume@1cd25514
2019-07-16 15:42:56,763 INFO  volume.HddsVolumeChecker (HddsVolumeChecker.java:checkAllVolumes(203)) - Scheduled health check for volume org.apache.hadoop.ozone.container.common.volume.HddsVolume@1cd25514
2019-07-16 15:42:56,781 INFO  impl.RaftServerProxy (ConfUtils.java:logGet(43)) - raft.rpc.type = GRPC (default)
2019-07-16 15:42:56,781 INFO  grpc.GrpcFactory (GrpcFactory.java:checkPooledByteBufAllocatorUseCacheForAllThreads(45)) - PERFORMANCE WARNING: useCacheForAllThreads is true that may cause Netty to create a lot garbage objects and, as a result, trigger GC.
	It is recommended to disable useCacheForAllThreads by setting -Dorg.apache.ratis.thirdparty.io.netty.allocator.useCacheForAllThreads=false in command line.
2019-07-16 15:42:56,782 INFO  grpc.GrpcConfigKeys$Server (ConfUtils.java:logGet(43)) - raft.grpc.server.port = 0 (default)
2019-07-16 15:42:56,782 INFO  server.GrpcService (ConfUtils.java:logGet(43)) - raft.grpc.message.size.max = 33570816 (custom)
2019-07-16 15:42:56,782 INFO  server.RaftServerConfigKeys (ConfUtils.java:logGet(43)) - raft.server.log.appender.buffer.byte-limit = 33554432 (custom)
2019-07-16 15:42:56,782 INFO  server.GrpcService (ConfUtils.java:logGet(43)) - raft.grpc.flow.control.window = 1MB (=1048576) (default)
2019-07-16 15:42:56,783 INFO  server.RaftServerConfigKeys (ConfUtils.java:logGet(43)) - raft.server.rpc.request.timeout = 3000ms (default)
2019-07-16 15:42:56,783 INFO  server.RaftServerConfigKeys (ConfUtils.java:logGet(43)) - raft.server.storage.dir = [/workdir/hadoop-ozone/integration-test/target/test-dir/MiniOzoneClusterImpl-b0b1d809-0124-4458-88f1-9092fc7d7699/datanode-0/data/ratis] (custom)
2019-07-16 15:42:56,784 INFO  replication.SimpleContainerDownloader (SimpleContainerDownloader.java:<init>(72)) - Starting container downloader service to copy containers to replicate.
2019-07-16 15:42:56,785 INFO  hdfs.DFSUtil (DFSUtil.java:httpServerTemplateForNNAndJN(1641)) - Starting Web-server for hddsDatanode at: http://0.0.0.0:0
2019-07-16 15:42:56,788 INFO  server.AuthenticationFilter (AuthenticationFilter.java:constructSecretProvider(240)) - Unable to initialize FileSignerSecretProvider, falling back to use random secrets.
2019-07-16 15:42:56,788 WARN  http.HttpRequestLog (HttpRequestLog.java:getRequestLog(97)) - Jetty request log can only be enabled using Log4j
2019-07-16 15:42:56,790 INFO  http.HttpServer2 (HttpServer2.java:addGlobalFilter(975)) - Added global filter 'safety' (class=org.apache.hadoop.http.HttpServer2$QuotingInputFilter)
2019-07-16 15:42:56,790 INFO  http.HttpServer2 (HttpServer2.java:addFilter(948)) - Added filter static_user_filter (class=org.apache.hadoop.http.lib.StaticUserWebFilter$StaticUserFilter) to context hddsDatanode
2019-07-16 15:42:56,791 INFO  http.HttpServer2 (HttpServer2.java:addFilter(958)) - Added filter static_user_filter (class=org.apache.hadoop.http.lib.StaticUserWebFilter$StaticUserFilter) to context static
2019-07-16 15:42:56,791 INFO  http.HttpServer2 (HttpServer2.java:addFilter(958)) - Added filter static_user_filter (class=org.apache.hadoop.http.lib.StaticUserWebFilter$StaticUserFilter) to context logs
2019-07-16 15:42:56,791 INFO  http.HttpServer2 (HttpServer2.java:bindListener(1191)) - Jetty bound to port 37047
2019-07-16 15:42:56,792 INFO  server.Server (Server.java:doStart(351)) - jetty-9.3.24.v20180605, build timestamp: 2018-06-05T17:11:56Z, git hash: 84205aa28f11a4f31f2a3b86d1bba2cc8ab69827
2019-07-16 15:42:56,793 INFO  handler.ContextHandler (ContextHandler.java:doStart(781)) - Started o.e.j.s.ServletContextHandler@6f1af8c3{/logs,file:///workdir/hadoop-ozone/integration-test/target/log,AVAILABLE}
2019-07-16 15:42:56,794 INFO  handler.ContextHandler (ContextHandler.java:doStart(781)) - Started o.e.j.s.ServletContextHandler@3697a307{/static,jar:file:/home/user/.m2/repository/org/apache/hadoop/hadoop-hdds-container-service/0.5.0-SNAPSHOT/hadoop-hdds-container-service-0.5.0-SNAPSHOT.jar!/webapps/static,AVAILABLE}
2019-07-16 15:42:56,825 INFO  handler.ContextHandler (ContextHandler.java:doStart(781)) - Started o.e.j.w.WebAppContext@60c95d8{/,file:///tmp/jetty-0.0.0.0-37047-hddsDatanode-_-any-888093158953706263.dir/webapp/,AVAILABLE}{/hddsDatanode}
2019-07-16 15:42:56,825 INFO  server.AbstractConnector (AbstractConnector.java:doStart(278)) - Started ServerConnector@40557b00{HTTP/1.1,[http/1.1]}{0.0.0.0:37047}
2019-07-16 15:42:56,827 INFO  server.Server (Server.java:doStart(419)) - Started @695104ms
2019-07-16 15:42:56,828 INFO  server.BaseHttpServer (BaseHttpServer.java:updateConnectorAddress(207)) - HTTP server of HDDSDATANODE is listening at http://0.0.0.0:37047
2019-07-16 15:42:56,961 INFO  ozone.HddsDatanodeService (HddsDatanodeService.java:startPlugins(396)) - Started plug-in org.apache.hadoop.ozone.web.OzoneHddsDatanodeService@6409a2e4
2019-07-16 15:42:56,962 INFO  impl.MetricsSystemImpl (MetricsSystemImpl.java:init(158)) - HddsDatanode metrics system started (again)
2019-07-16 15:42:56,963 INFO  ozone.HddsDatanodeService (HddsDatanodeService.java:start(185)) - HddsDatanodeService host:trunk-nightly-kgw5x-1882989438 ip:192.168.69.88
2019-07-16 15:42:56,965 INFO  util.JvmPauseMonitor (JvmPauseMonitor.java:run(188)) - Starting JVM pause monitor
2019-07-16 15:42:56,967 INFO  datanode.InitDatanodeState (InitDatanodeState.java:persistContainerDatanodeDetails(140)) - DatanodeDetails is persisted to /workdir/hadoop-ozone/integration-test/target/test-dir/MiniOzoneClusterImpl-b0b1d809-0124-4458-88f1-9092fc7d7699/datanode-0/meta/datanode.id
2019-07-16 15:42:56,979 INFO  volume.HddsVolume (HddsVolume.java:<init>(176)) - Creating Volume: /workdir/hadoop-ozone/integration-test/target/test-dir/MiniOzoneClusterImpl-b0b1d809-0124-4458-88f1-9092fc7d7699/datanode-1/data/containers/hdds of  storage type : DISK and capacity : 52710309888
2019-07-16 15:42:56,979 INFO  volume.VolumeSet (VolumeSet.java:initializeVolumeSet(170)) - Added Volume : /workdir/hadoop-ozone/integration-test/target/test-dir/MiniOzoneClusterImpl-b0b1d809-0124-4458-88f1-9092fc7d7699/datanode-1/data/containers/hdds to VolumeSet
2019-07-16 15:42:56,979 INFO  volume.ThrottledAsyncChecker (ThrottledAsyncChecker.java:schedule(140)) - Scheduling a check for org.apache.hadoop.ozone.container.common.volume.HddsVolume@4e850e68
2019-07-16 15:42:56,980 INFO  volume.HddsVolumeChecker (HddsVolumeChecker.java:checkAllVolumes(203)) - Scheduled health check for volume org.apache.hadoop.ozone.container.common.volume.HddsVolume@4e850e68
2019-07-16 15:42:56,993 INFO  impl.RaftServerProxy (ConfUtils.java:logGet(43)) - raft.rpc.type = GRPC (default)
2019-07-16 15:42:56,993 INFO  grpc.GrpcFactory (GrpcFactory.java:checkPooledByteBufAllocatorUseCacheForAllThreads(45)) - PERFORMANCE WARNING: useCacheForAllThreads is true that may cause Netty to create a lot garbage objects and, as a result, trigger GC.
	It is recommended to disable useCacheForAllThreads by setting -Dorg.apache.ratis.thirdparty.io.netty.allocator.useCacheForAllThreads=false in command line.
2019-07-16 15:42:56,993 INFO  grpc.GrpcConfigKeys$Server (ConfUtils.java:logGet(43)) - raft.grpc.server.port = 0 (default)
2019-07-16 15:42:56,994 INFO  server.GrpcService (ConfUtils.java:logGet(43)) - raft.grpc.message.size.max = 33570816 (custom)
2019-07-16 15:42:56,994 INFO  server.RaftServerConfigKeys (ConfUtils.java:logGet(43)) - raft.server.log.appender.buffer.byte-limit = 33554432 (custom)
2019-07-16 15:42:56,994 INFO  server.GrpcService (ConfUtils.java:logGet(43)) - raft.grpc.flow.control.window = 1MB (=1048576) (default)
2019-07-16 15:42:56,994 INFO  server.RaftServerConfigKeys (ConfUtils.java:logGet(43)) - raft.server.rpc.request.timeout = 3000ms (default)
2019-07-16 15:42:56,994 INFO  server.RaftServerConfigKeys (ConfUtils.java:logGet(43)) - raft.server.storage.dir = [/workdir/hadoop-ozone/integration-test/target/test-dir/MiniOzoneClusterImpl-b0b1d809-0124-4458-88f1-9092fc7d7699/datanode-1/data/ratis] (custom)
2019-07-16 15:42:56,995 INFO  replication.SimpleContainerDownloader (SimpleContainerDownloader.java:<init>(72)) - Starting container downloader service to copy containers to replicate.
2019-07-16 15:42:56,996 INFO  hdfs.DFSUtil (DFSUtil.java:httpServerTemplateForNNAndJN(1641)) - Starting Web-server for hddsDatanode at: http://0.0.0.0:0
2019-07-16 15:42:56,998 INFO  server.AuthenticationFilter (AuthenticationFilter.java:constructSecretProvider(240)) - Unable to initialize FileSignerSecretProvider, falling back to use random secrets.
2019-07-16 15:42:56,999 WARN  http.HttpRequestLog (HttpRequestLog.java:getRequestLog(97)) - Jetty request log can only be enabled using Log4j
2019-07-16 15:42:57,001 INFO  http.HttpServer2 (HttpServer2.java:addGlobalFilter(975)) - Added global filter 'safety' (class=org.apache.hadoop.http.HttpServer2$QuotingInputFilter)
2019-07-16 15:42:57,002 INFO  http.HttpServer2 (HttpServer2.java:addFilter(948)) - Added filter static_user_filter (class=org.apache.hadoop.http.lib.StaticUserWebFilter$StaticUserFilter) to context hddsDatanode
2019-07-16 15:42:57,002 INFO  http.HttpServer2 (HttpServer2.java:addFilter(958)) - Added filter static_user_filter (class=org.apache.hadoop.http.lib.StaticUserWebFilter$StaticUserFilter) to context logs
2019-07-16 15:42:57,002 INFO  http.HttpServer2 (HttpServer2.java:addFilter(958)) - Added filter static_user_filter (class=org.apache.hadoop.http.lib.StaticUserWebFilter$StaticUserFilter) to context static
2019-07-16 15:42:57,003 INFO  http.HttpServer2 (HttpServer2.java:bindListener(1191)) - Jetty bound to port 33721
2019-07-16 15:42:57,003 INFO  server.Server (Server.java:doStart(351)) - jetty-9.3.24.v20180605, build timestamp: 2018-06-05T17:11:56Z, git hash: 84205aa28f11a4f31f2a3b86d1bba2cc8ab69827
2019-07-16 15:42:57,006 INFO  handler.ContextHandler (ContextHandler.java:doStart(781)) - Started o.e.j.s.ServletContextHandler@65227bd6{/logs,file:///workdir/hadoop-ozone/integration-test/target/log,AVAILABLE}
2019-07-16 15:42:57,006 INFO  handler.ContextHandler (ContextHandler.java:doStart(781)) - Started o.e.j.s.ServletContextHandler@6d2fe236{/static,jar:file:/home/user/.m2/repository/org/apache/hadoop/hadoop-hdds-container-service/0.5.0-SNAPSHOT/hadoop-hdds-container-service-0.5.0-SNAPSHOT.jar!/webapps/static,AVAILABLE}
2019-07-16 15:42:57,049 INFO  handler.ContextHandler (ContextHandler.java:doStart(781)) - Started o.e.j.w.WebAppContext@7e1321fd{/,file:///tmp/jetty-0.0.0.0-33721-hddsDatanode-_-any-4614229158134356321.dir/webapp/,AVAILABLE}{/hddsDatanode}
2019-07-16 15:42:57,049 INFO  server.AbstractConnector (AbstractConnector.java:doStart(278)) - Started ServerConnector@3af5f0da{HTTP/1.1,[http/1.1]}{0.0.0.0:33721}
2019-07-16 15:42:57,051 INFO  server.Server (Server.java:doStart(419)) - Started @695330ms
2019-07-16 15:42:57,052 INFO  server.BaseHttpServer (BaseHttpServer.java:updateConnectorAddress(207)) - HTTP server of HDDSDATANODE is listening at http://0.0.0.0:33721
2019-07-16 15:42:57,159 INFO  ozone.HddsDatanodeService (HddsDatanodeService.java:startPlugins(396)) - Started plug-in org.apache.hadoop.ozone.web.OzoneHddsDatanodeService@3471bdfd
2019-07-16 15:42:57,160 INFO  impl.MetricsSystemImpl (MetricsSystemImpl.java:init(158)) - HddsDatanode metrics system started (again)
2019-07-16 15:42:57,163 INFO  ozone.HddsDatanodeService (HddsDatanodeService.java:start(185)) - HddsDatanodeService host:trunk-nightly-kgw5x-1882989438 ip:192.168.69.88
2019-07-16 15:42:57,164 INFO  util.JvmPauseMonitor (JvmPauseMonitor.java:run(188)) - Starting JVM pause monitor
2019-07-16 15:42:57,166 INFO  datanode.InitDatanodeState (InitDatanodeState.java:persistContainerDatanodeDetails(140)) - DatanodeDetails is persisted to /workdir/hadoop-ozone/integration-test/target/test-dir/MiniOzoneClusterImpl-b0b1d809-0124-4458-88f1-9092fc7d7699/datanode-1/meta/datanode.id
2019-07-16 15:42:57,177 INFO  volume.HddsVolume (HddsVolume.java:<init>(176)) - Creating Volume: /workdir/hadoop-ozone/integration-test/target/test-dir/MiniOzoneClusterImpl-b0b1d809-0124-4458-88f1-9092fc7d7699/datanode-2/data/containers/hdds of  storage type : DISK and capacity : 52710309888
2019-07-16 15:42:57,177 INFO  volume.VolumeSet (VolumeSet.java:initializeVolumeSet(170)) - Added Volume : /workdir/hadoop-ozone/integration-test/target/test-dir/MiniOzoneClusterImpl-b0b1d809-0124-4458-88f1-9092fc7d7699/datanode-2/data/containers/hdds to VolumeSet
2019-07-16 15:42:57,178 INFO  volume.ThrottledAsyncChecker (ThrottledAsyncChecker.java:schedule(140)) - Scheduling a check for org.apache.hadoop.ozone.container.common.volume.HddsVolume@3f78a75
2019-07-16 15:42:57,178 INFO  volume.HddsVolumeChecker (HddsVolumeChecker.java:checkAllVolumes(203)) - Scheduled health check for volume org.apache.hadoop.ozone.container.common.volume.HddsVolume@3f78a75
2019-07-16 15:42:57,200 INFO  impl.RaftServerProxy (ConfUtils.java:logGet(43)) - raft.rpc.type = GRPC (default)
2019-07-16 15:42:57,200 INFO  grpc.GrpcFactory (GrpcFactory.java:checkPooledByteBufAllocatorUseCacheForAllThreads(45)) - PERFORMANCE WARNING: useCacheForAllThreads is true that may cause Netty to create a lot garbage objects and, as a result, trigger GC.
	It is recommended to disable useCacheForAllThreads by setting -Dorg.apache.ratis.thirdparty.io.netty.allocator.useCacheForAllThreads=false in command line.
2019-07-16 15:42:57,201 INFO  grpc.GrpcConfigKeys$Server (ConfUtils.java:logGet(43)) - raft.grpc.server.port = 0 (default)
2019-07-16 15:42:57,201 INFO  server.GrpcService (ConfUtils.java:logGet(43)) - raft.grpc.message.size.max = 33570816 (custom)
2019-07-16 15:42:57,201 INFO  server.RaftServerConfigKeys (ConfUtils.java:logGet(43)) - raft.server.log.appender.buffer.byte-limit = 33554432 (custom)
2019-07-16 15:42:57,201 INFO  server.GrpcService (ConfUtils.java:logGet(43)) - raft.grpc.flow.control.window = 1MB (=1048576) (default)
2019-07-16 15:42:57,202 INFO  server.RaftServerConfigKeys (ConfUtils.java:logGet(43)) - raft.server.rpc.request.timeout = 3000ms (default)
2019-07-16 15:42:57,202 INFO  server.RaftServerConfigKeys (ConfUtils.java:logGet(43)) - raft.server.storage.dir = [/workdir/hadoop-ozone/integration-test/target/test-dir/MiniOzoneClusterImpl-b0b1d809-0124-4458-88f1-9092fc7d7699/datanode-2/data/ratis] (custom)
2019-07-16 15:42:57,203 INFO  replication.SimpleContainerDownloader (SimpleContainerDownloader.java:<init>(72)) - Starting container downloader service to copy containers to replicate.
2019-07-16 15:42:57,204 INFO  hdfs.DFSUtil (DFSUtil.java:httpServerTemplateForNNAndJN(1641)) - Starting Web-server for hddsDatanode at: http://0.0.0.0:0
2019-07-16 15:42:57,205 INFO  server.AuthenticationFilter (AuthenticationFilter.java:constructSecretProvider(240)) - Unable to initialize FileSignerSecretProvider, falling back to use random secrets.
2019-07-16 15:42:57,205 WARN  http.HttpRequestLog (HttpRequestLog.java:getRequestLog(97)) - Jetty request log can only be enabled using Log4j
2019-07-16 15:42:57,206 INFO  http.HttpServer2 (HttpServer2.java:addGlobalFilter(975)) - Added global filter 'safety' (class=org.apache.hadoop.http.HttpServer2$QuotingInputFilter)
2019-07-16 15:42:57,207 INFO  http.HttpServer2 (HttpServer2.java:addFilter(948)) - Added filter static_user_filter (class=org.apache.hadoop.http.lib.StaticUserWebFilter$StaticUserFilter) to context hddsDatanode
2019-07-16 15:42:57,207 INFO  http.HttpServer2 (HttpServer2.java:addFilter(958)) - Added filter static_user_filter (class=org.apache.hadoop.http.lib.StaticUserWebFilter$StaticUserFilter) to context logs
2019-07-16 15:42:57,207 INFO  http.HttpServer2 (HttpServer2.java:addFilter(958)) - Added filter static_user_filter (class=org.apache.hadoop.http.lib.StaticUserWebFilter$StaticUserFilter) to context static
2019-07-16 15:42:57,207 INFO  http.HttpServer2 (HttpServer2.java:bindListener(1191)) - Jetty bound to port 46305
2019-07-16 15:42:57,208 INFO  server.Server (Server.java:doStart(351)) - jetty-9.3.24.v20180605, build timestamp: 2018-06-05T17:11:56Z, git hash: 84205aa28f11a4f31f2a3b86d1bba2cc8ab69827
2019-07-16 15:42:57,209 INFO  handler.ContextHandler (ContextHandler.java:doStart(781)) - Started o.e.j.s.ServletContextHandler@4dafea3f{/logs,file:///workdir/hadoop-ozone/integration-test/target/log,AVAILABLE}
2019-07-16 15:42:57,209 INFO  handler.ContextHandler (ContextHandler.java:doStart(781)) - Started o.e.j.s.ServletContextHandler@6d7298be{/static,jar:file:/home/user/.m2/repository/org/apache/hadoop/hadoop-hdds-container-service/0.5.0-SNAPSHOT/hadoop-hdds-container-service-0.5.0-SNAPSHOT.jar!/webapps/static,AVAILABLE}
2019-07-16 15:42:57,235 INFO  handler.ContextHandler (ContextHandler.java:doStart(781)) - Started o.e.j.w.WebAppContext@c4c4852{/,file:///tmp/jetty-0.0.0.0-46305-hddsDatanode-_-any-279355476631415404.dir/webapp/,AVAILABLE}{/hddsDatanode}
2019-07-16 15:42:57,236 INFO  server.AbstractConnector (AbstractConnector.java:doStart(278)) - Started ServerConnector@4054f861{HTTP/1.1,[http/1.1]}{0.0.0.0:46305}
2019-07-16 15:42:57,236 INFO  server.Server (Server.java:doStart(419)) - Started @695515ms
2019-07-16 15:42:57,239 INFO  server.BaseHttpServer (BaseHttpServer.java:updateConnectorAddress(207)) - HTTP server of HDDSDATANODE is listening at http://0.0.0.0:46305
2019-07-16 15:42:57,336 INFO  ozone.HddsDatanodeService (HddsDatanodeService.java:startPlugins(396)) - Started plug-in org.apache.hadoop.ozone.web.OzoneHddsDatanodeService@6e530ccc
2019-07-16 15:42:57,336 INFO  impl.MetricsSystemImpl (MetricsSystemImpl.java:init(158)) - HddsDatanode metrics system started (again)
2019-07-16 15:42:57,340 INFO  ozone.HddsDatanodeService (HddsDatanodeService.java:start(185)) - HddsDatanodeService host:trunk-nightly-kgw5x-1882989438 ip:192.168.69.88
2019-07-16 15:42:57,341 INFO  util.JvmPauseMonitor (JvmPauseMonitor.java:run(188)) - Starting JVM pause monitor
2019-07-16 15:42:57,342 INFO  datanode.InitDatanodeState (InitDatanodeState.java:persistContainerDatanodeDetails(140)) - DatanodeDetails is persisted to /workdir/hadoop-ozone/integration-test/target/test-dir/MiniOzoneClusterImpl-b0b1d809-0124-4458-88f1-9092fc7d7699/datanode-2/meta/datanode.id
2019-07-16 15:42:57,355 INFO  volume.HddsVolume (HddsVolume.java:<init>(176)) - Creating Volume: /workdir/hadoop-ozone/integration-test/target/test-dir/MiniOzoneClusterImpl-b0b1d809-0124-4458-88f1-9092fc7d7699/datanode-3/data/containers/hdds of  storage type : DISK and capacity : 52710309888
2019-07-16 15:42:57,355 INFO  volume.VolumeSet (VolumeSet.java:initializeVolumeSet(170)) - Added Volume : /workdir/hadoop-ozone/integration-test/target/test-dir/MiniOzoneClusterImpl-b0b1d809-0124-4458-88f1-9092fc7d7699/datanode-3/data/containers/hdds to VolumeSet
2019-07-16 15:42:57,355 INFO  volume.ThrottledAsyncChecker (ThrottledAsyncChecker.java:schedule(140)) - Scheduling a check for org.apache.hadoop.ozone.container.common.volume.HddsVolume@2fcc32ae
2019-07-16 15:42:57,356 INFO  volume.HddsVolumeChecker (HddsVolumeChecker.java:checkAllVolumes(203)) - Scheduled health check for volume org.apache.hadoop.ozone.container.common.volume.HddsVolume@2fcc32ae
2019-07-16 15:42:57,371 INFO  impl.RaftServerProxy (ConfUtils.java:logGet(43)) - raft.rpc.type = GRPC (default)
2019-07-16 15:42:57,371 INFO  grpc.GrpcFactory (GrpcFactory.java:checkPooledByteBufAllocatorUseCacheForAllThreads(45)) - PERFORMANCE WARNING: useCacheForAllThreads is true that may cause Netty to create a lot garbage objects and, as a result, trigger GC.
	It is recommended to disable useCacheForAllThreads by setting -Dorg.apache.ratis.thirdparty.io.netty.allocator.useCacheForAllThreads=false in command line.
2019-07-16 15:42:57,371 INFO  grpc.GrpcConfigKeys$Server (ConfUtils.java:logGet(43)) - raft.grpc.server.port = 0 (default)
2019-07-16 15:42:57,371 INFO  server.GrpcService (ConfUtils.java:logGet(43)) - raft.grpc.message.size.max = 33570816 (custom)
2019-07-16 15:42:57,372 INFO  server.RaftServerConfigKeys (ConfUtils.java:logGet(43)) - raft.server.log.appender.buffer.byte-limit = 33554432 (custom)
2019-07-16 15:42:57,372 INFO  server.GrpcService (ConfUtils.java:logGet(43)) - raft.grpc.flow.control.window = 1MB (=1048576) (default)
2019-07-16 15:42:57,372 INFO  server.RaftServerConfigKeys (ConfUtils.java:logGet(43)) - raft.server.rpc.request.timeout = 3000ms (default)
2019-07-16 15:42:57,372 INFO  server.RaftServerConfigKeys (ConfUtils.java:logGet(43)) - raft.server.storage.dir = [/workdir/hadoop-ozone/integration-test/target/test-dir/MiniOzoneClusterImpl-b0b1d809-0124-4458-88f1-9092fc7d7699/datanode-3/data/ratis] (custom)
2019-07-16 15:42:57,373 INFO  replication.SimpleContainerDownloader (SimpleContainerDownloader.java:<init>(72)) - Starting container downloader service to copy containers to replicate.
2019-07-16 15:42:57,374 INFO  hdfs.DFSUtil (DFSUtil.java:httpServerTemplateForNNAndJN(1641)) - Starting Web-server for hddsDatanode at: http://0.0.0.0:0
2019-07-16 15:42:57,375 INFO  server.AuthenticationFilter (AuthenticationFilter.java:constructSecretProvider(240)) - Unable to initialize FileSignerSecretProvider, falling back to use random secrets.
2019-07-16 15:42:57,375 WARN  http.HttpRequestLog (HttpRequestLog.java:getRequestLog(97)) - Jetty request log can only be enabled using Log4j
2019-07-16 15:42:57,376 INFO  http.HttpServer2 (HttpServer2.java:addGlobalFilter(975)) - Added global filter 'safety' (class=org.apache.hadoop.http.HttpServer2$QuotingInputFilter)
2019-07-16 15:42:57,376 INFO  http.HttpServer2 (HttpServer2.java:addFilter(948)) - Added filter static_user_filter (class=org.apache.hadoop.http.lib.StaticUserWebFilter$StaticUserFilter) to context hddsDatanode
2019-07-16 15:42:57,376 INFO  http.HttpServer2 (HttpServer2.java:addFilter(958)) - Added filter static_user_filter (class=org.apache.hadoop.http.lib.StaticUserWebFilter$StaticUserFilter) to context logs
2019-07-16 15:42:57,376 INFO  http.HttpServer2 (HttpServer2.java:addFilter(958)) - Added filter static_user_filter (class=org.apache.hadoop.http.lib.StaticUserWebFilter$StaticUserFilter) to context static
2019-07-16 15:42:57,377 INFO  http.HttpServer2 (HttpServer2.java:bindListener(1191)) - Jetty bound to port 46237
2019-07-16 15:42:57,377 INFO  server.Server (Server.java:doStart(351)) - jetty-9.3.24.v20180605, build timestamp: 2018-06-05T17:11:56Z, git hash: 84205aa28f11a4f31f2a3b86d1bba2cc8ab69827
2019-07-16 15:42:57,378 INFO  handler.ContextHandler (ContextHandler.java:doStart(781)) - Started o.e.j.s.ServletContextHandler@1a325aa{/logs,file:///workdir/hadoop-ozone/integration-test/target/log,AVAILABLE}
2019-07-16 15:42:57,379 INFO  handler.ContextHandler (ContextHandler.java:doStart(781)) - Started o.e.j.s.ServletContextHandler@5d73aa0e{/static,jar:file:/home/user/.m2/repository/org/apache/hadoop/hadoop-hdds-container-service/0.5.0-SNAPSHOT/hadoop-hdds-container-service-0.5.0-SNAPSHOT.jar!/webapps/static,AVAILABLE}
2019-07-16 15:42:57,406 INFO  handler.ContextHandler (ContextHandler.java:doStart(781)) - Started o.e.j.w.WebAppContext@5e22ac65{/,file:///tmp/jetty-0.0.0.0-46237-hddsDatanode-_-any-8342581847036003324.dir/webapp/,AVAILABLE}{/hddsDatanode}
2019-07-16 15:42:57,407 INFO  server.AbstractConnector (AbstractConnector.java:doStart(278)) - Started ServerConnector@7cd91400{HTTP/1.1,[http/1.1]}{0.0.0.0:46237}
2019-07-16 15:42:57,407 INFO  server.Server (Server.java:doStart(419)) - Started @695685ms
2019-07-16 15:42:57,409 INFO  server.BaseHttpServer (BaseHttpServer.java:updateConnectorAddress(207)) - HTTP server of HDDSDATANODE is listening at http://0.0.0.0:46237
2019-07-16 15:42:57,505 INFO  ozone.HddsDatanodeService (HddsDatanodeService.java:startPlugins(396)) - Started plug-in org.apache.hadoop.ozone.web.OzoneHddsDatanodeService@72018ba5
2019-07-16 15:42:57,506 INFO  impl.MetricsSystemImpl (MetricsSystemImpl.java:init(158)) - HddsDatanode metrics system started (again)
2019-07-16 15:42:57,509 INFO  ozone.HddsDatanodeService (HddsDatanodeService.java:start(185)) - HddsDatanodeService host:trunk-nightly-kgw5x-1882989438 ip:192.168.69.88
2019-07-16 15:42:57,510 INFO  util.JvmPauseMonitor (JvmPauseMonitor.java:run(188)) - Starting JVM pause monitor
2019-07-16 15:42:57,512 INFO  datanode.InitDatanodeState (InitDatanodeState.java:persistContainerDatanodeDetails(140)) - DatanodeDetails is persisted to /workdir/hadoop-ozone/integration-test/target/test-dir/MiniOzoneClusterImpl-b0b1d809-0124-4458-88f1-9092fc7d7699/datanode-3/meta/datanode.id
2019-07-16 15:42:57,524 INFO  volume.HddsVolume (HddsVolume.java:<init>(176)) - Creating Volume: /workdir/hadoop-ozone/integration-test/target/test-dir/MiniOzoneClusterImpl-b0b1d809-0124-4458-88f1-9092fc7d7699/datanode-4/data/containers/hdds of  storage type : DISK and capacity : 52710309888
2019-07-16 15:42:57,524 INFO  volume.VolumeSet (VolumeSet.java:initializeVolumeSet(170)) - Added Volume : /workdir/hadoop-ozone/integration-test/target/test-dir/MiniOzoneClusterImpl-b0b1d809-0124-4458-88f1-9092fc7d7699/datanode-4/data/containers/hdds to VolumeSet
2019-07-16 15:42:57,525 INFO  volume.ThrottledAsyncChecker (ThrottledAsyncChecker.java:schedule(140)) - Scheduling a check for org.apache.hadoop.ozone.container.common.volume.HddsVolume@676aec4c
2019-07-16 15:42:57,525 INFO  volume.HddsVolumeChecker (HddsVolumeChecker.java:checkAllVolumes(203)) - Scheduled health check for volume org.apache.hadoop.ozone.container.common.volume.HddsVolume@676aec4c
2019-07-16 15:42:57,544 INFO  impl.RaftServerProxy (ConfUtils.java:logGet(43)) - raft.rpc.type = GRPC (default)
2019-07-16 15:42:57,544 INFO  grpc.GrpcFactory (GrpcFactory.java:checkPooledByteBufAllocatorUseCacheForAllThreads(45)) - PERFORMANCE WARNING: useCacheForAllThreads is true that may cause Netty to create a lot garbage objects and, as a result, trigger GC.
	It is recommended to disable useCacheForAllThreads by setting -Dorg.apache.ratis.thirdparty.io.netty.allocator.useCacheForAllThreads=false in command line.
2019-07-16 15:42:57,545 INFO  grpc.GrpcConfigKeys$Server (ConfUtils.java:logGet(43)) - raft.grpc.server.port = 0 (default)
2019-07-16 15:42:57,545 INFO  server.GrpcService (ConfUtils.java:logGet(43)) - raft.grpc.message.size.max = 33570816 (custom)
2019-07-16 15:42:57,545 INFO  server.RaftServerConfigKeys (ConfUtils.java:logGet(43)) - raft.server.log.appender.buffer.byte-limit = 33554432 (custom)
2019-07-16 15:42:57,545 INFO  server.GrpcService (ConfUtils.java:logGet(43)) - raft.grpc.flow.control.window = 1MB (=1048576) (default)
2019-07-16 15:42:57,546 INFO  server.RaftServerConfigKeys (ConfUtils.java:logGet(43)) - raft.server.rpc.request.timeout = 3000ms (default)
2019-07-16 15:42:57,546 INFO  server.RaftServerConfigKeys (ConfUtils.java:logGet(43)) - raft.server.storage.dir = [/workdir/hadoop-ozone/integration-test/target/test-dir/MiniOzoneClusterImpl-b0b1d809-0124-4458-88f1-9092fc7d7699/datanode-4/data/ratis] (custom)
2019-07-16 15:42:57,547 INFO  replication.SimpleContainerDownloader (SimpleContainerDownloader.java:<init>(72)) - Starting container downloader service to copy containers to replicate.
2019-07-16 15:42:57,548 INFO  hdfs.DFSUtil (DFSUtil.java:httpServerTemplateForNNAndJN(1641)) - Starting Web-server for hddsDatanode at: http://0.0.0.0:0
2019-07-16 15:42:57,549 INFO  server.AuthenticationFilter (AuthenticationFilter.java:constructSecretProvider(240)) - Unable to initialize FileSignerSecretProvider, falling back to use random secrets.
2019-07-16 15:42:57,549 WARN  http.HttpRequestLog (HttpRequestLog.java:getRequestLog(97)) - Jetty request log can only be enabled using Log4j
2019-07-16 15:42:57,550 INFO  http.HttpServer2 (HttpServer2.java:addGlobalFilter(975)) - Added global filter 'safety' (class=org.apache.hadoop.http.HttpServer2$QuotingInputFilter)
2019-07-16 15:42:57,551 INFO  http.HttpServer2 (HttpServer2.java:addFilter(948)) - Added filter static_user_filter (class=org.apache.hadoop.http.lib.StaticUserWebFilter$StaticUserFilter) to context hddsDatanode
2019-07-16 15:42:57,551 INFO  http.HttpServer2 (HttpServer2.java:addFilter(958)) - Added filter static_user_filter (class=org.apache.hadoop.http.lib.StaticUserWebFilter$StaticUserFilter) to context logs
2019-07-16 15:42:57,551 INFO  http.HttpServer2 (HttpServer2.java:addFilter(958)) - Added filter static_user_filter (class=org.apache.hadoop.http.lib.StaticUserWebFilter$StaticUserFilter) to context static
2019-07-16 15:42:57,552 INFO  http.HttpServer2 (HttpServer2.java:bindListener(1191)) - Jetty bound to port 45166
2019-07-16 15:42:57,552 INFO  server.Server (Server.java:doStart(351)) - jetty-9.3.24.v20180605, build timestamp: 2018-06-05T17:11:56Z, git hash: 84205aa28f11a4f31f2a3b86d1bba2cc8ab69827
2019-07-16 15:42:57,553 INFO  handler.ContextHandler (ContextHandler.java:doStart(781)) - Started o.e.j.s.ServletContextHandler@4ae730ca{/logs,file:///workdir/hadoop-ozone/integration-test/target/log,AVAILABLE}
2019-07-16 15:42:57,554 INFO  handler.ContextHandler (ContextHandler.java:doStart(781)) - Started o.e.j.s.ServletContextHandler@33d6886b{/static,jar:file:/home/user/.m2/repository/org/apache/hadoop/hadoop-hdds-container-service/0.5.0-SNAPSHOT/hadoop-hdds-container-service-0.5.0-SNAPSHOT.jar!/webapps/static,AVAILABLE}
2019-07-16 15:42:57,582 INFO  handler.ContextHandler (ContextHandler.java:doStart(781)) - Started o.e.j.w.WebAppContext@27f73e68{/,file:///tmp/jetty-0.0.0.0-45166-hddsDatanode-_-any-6950553309166970382.dir/webapp/,AVAILABLE}{/hddsDatanode}
2019-07-16 15:42:57,582 INFO  server.AbstractConnector (AbstractConnector.java:doStart(278)) - Started ServerConnector@1b3a8691{HTTP/1.1,[http/1.1]}{0.0.0.0:45166}
2019-07-16 15:42:57,583 INFO  server.Server (Server.java:doStart(419)) - Started @695861ms
2019-07-16 15:42:57,585 INFO  server.BaseHttpServer (BaseHttpServer.java:updateConnectorAddress(207)) - HTTP server of HDDSDATANODE is listening at http://0.0.0.0:45166
2019-07-16 15:42:57,682 INFO  ozone.HddsDatanodeService (HddsDatanodeService.java:startPlugins(396)) - Started plug-in org.apache.hadoop.ozone.web.OzoneHddsDatanodeService@50cbe633
2019-07-16 15:42:57,682 INFO  impl.MetricsSystemImpl (MetricsSystemImpl.java:init(158)) - HddsDatanode metrics system started (again)
2019-07-16 15:42:57,686 INFO  ozone.HddsDatanodeService (HddsDatanodeService.java:start(185)) - HddsDatanodeService host:trunk-nightly-kgw5x-1882989438 ip:192.168.69.88
2019-07-16 15:42:57,687 INFO  util.JvmPauseMonitor (JvmPauseMonitor.java:run(188)) - Starting JVM pause monitor
2019-07-16 15:42:57,688 INFO  datanode.InitDatanodeState (InitDatanodeState.java:persistContainerDatanodeDetails(140)) - DatanodeDetails is persisted to /workdir/hadoop-ozone/integration-test/target/test-dir/MiniOzoneClusterImpl-b0b1d809-0124-4458-88f1-9092fc7d7699/datanode-4/meta/datanode.id
2019-07-16 15:42:57,701 INFO  volume.HddsVolume (HddsVolume.java:<init>(176)) - Creating Volume: /workdir/hadoop-ozone/integration-test/target/test-dir/MiniOzoneClusterImpl-b0b1d809-0124-4458-88f1-9092fc7d7699/datanode-5/data/containers/hdds of  storage type : DISK and capacity : 52710309888
2019-07-16 15:42:57,701 INFO  volume.VolumeSet (VolumeSet.java:initializeVolumeSet(170)) - Added Volume : /workdir/hadoop-ozone/integration-test/target/test-dir/MiniOzoneClusterImpl-b0b1d809-0124-4458-88f1-9092fc7d7699/datanode-5/data/containers/hdds to VolumeSet
2019-07-16 15:42:57,701 INFO  volume.ThrottledAsyncChecker (ThrottledAsyncChecker.java:schedule(140)) - Scheduling a check for org.apache.hadoop.ozone.container.common.volume.HddsVolume@5a118efb
2019-07-16 15:42:57,702 INFO  volume.HddsVolumeChecker (HddsVolumeChecker.java:checkAllVolumes(203)) - Scheduled health check for volume org.apache.hadoop.ozone.container.common.volume.HddsVolume@5a118efb
2019-07-16 15:42:57,717 INFO  impl.RaftServerProxy (ConfUtils.java:logGet(43)) - raft.rpc.type = GRPC (default)
2019-07-16 15:42:57,717 INFO  grpc.GrpcFactory (GrpcFactory.java:checkPooledByteBufAllocatorUseCacheForAllThreads(45)) - PERFORMANCE WARNING: useCacheForAllThreads is true that may cause Netty to create a lot garbage objects and, as a result, trigger GC.
	It is recommended to disable useCacheForAllThreads by setting -Dorg.apache.ratis.thirdparty.io.netty.allocator.useCacheForAllThreads=false in command line.
2019-07-16 15:42:57,717 INFO  grpc.GrpcConfigKeys$Server (ConfUtils.java:logGet(43)) - raft.grpc.server.port = 0 (default)
2019-07-16 15:42:57,717 INFO  server.GrpcService (ConfUtils.java:logGet(43)) - raft.grpc.message.size.max = 33570816 (custom)
2019-07-16 15:42:57,717 INFO  server.RaftServerConfigKeys (ConfUtils.java:logGet(43)) - raft.server.log.appender.buffer.byte-limit = 33554432 (custom)
2019-07-16 15:42:57,718 INFO  server.GrpcService (ConfUtils.java:logGet(43)) - raft.grpc.flow.control.window = 1MB (=1048576) (default)
2019-07-16 15:42:57,718 INFO  server.RaftServerConfigKeys (ConfUtils.java:logGet(43)) - raft.server.rpc.request.timeout = 3000ms (default)
2019-07-16 15:42:57,718 INFO  server.RaftServerConfigKeys (ConfUtils.java:logGet(43)) - raft.server.storage.dir = [/workdir/hadoop-ozone/integration-test/target/test-dir/MiniOzoneClusterImpl-b0b1d809-0124-4458-88f1-9092fc7d7699/datanode-5/data/ratis] (custom)
2019-07-16 15:42:57,718 INFO  replication.SimpleContainerDownloader (SimpleContainerDownloader.java:<init>(72)) - Starting container downloader service to copy containers to replicate.
2019-07-16 15:42:57,719 INFO  hdfs.DFSUtil (DFSUtil.java:httpServerTemplateForNNAndJN(1641)) - Starting Web-server for hddsDatanode at: http://0.0.0.0:0
2019-07-16 15:42:57,720 INFO  server.AuthenticationFilter (AuthenticationFilter.java:constructSecretProvider(240)) - Unable to initialize FileSignerSecretProvider, falling back to use random secrets.
2019-07-16 15:42:57,721 WARN  http.HttpRequestLog (HttpRequestLog.java:getRequestLog(97)) - Jetty request log can only be enabled using Log4j
2019-07-16 15:42:57,722 INFO  http.HttpServer2 (HttpServer2.java:addGlobalFilter(975)) - Added global filter 'safety' (class=org.apache.hadoop.http.HttpServer2$QuotingInputFilter)
2019-07-16 15:42:57,722 INFO  http.HttpServer2 (HttpServer2.java:addFilter(948)) - Added filter static_user_filter (class=org.apache.hadoop.http.lib.StaticUserWebFilter$StaticUserFilter) to context hddsDatanode
2019-07-16 15:42:57,722 INFO  http.HttpServer2 (HttpServer2.java:addFilter(958)) - Added filter static_user_filter (class=org.apache.hadoop.http.lib.StaticUserWebFilter$StaticUserFilter) to context static
2019-07-16 15:42:57,722 INFO  http.HttpServer2 (HttpServer2.java:addFilter(958)) - Added filter static_user_filter (class=org.apache.hadoop.http.lib.StaticUserWebFilter$StaticUserFilter) to context logs
2019-07-16 15:42:57,723 INFO  http.HttpServer2 (HttpServer2.java:bindListener(1191)) - Jetty bound to port 33082
2019-07-16 15:42:57,723 INFO  server.Server (Server.java:doStart(351)) - jetty-9.3.24.v20180605, build timestamp: 2018-06-05T17:11:56Z, git hash: 84205aa28f11a4f31f2a3b86d1bba2cc8ab69827
2019-07-16 15:42:57,724 INFO  handler.ContextHandler (ContextHandler.java:doStart(781)) - Started o.e.j.s.ServletContextHandler@59632e3c{/logs,file:///workdir/hadoop-ozone/integration-test/target/log,AVAILABLE}
2019-07-16 15:42:57,725 INFO  handler.ContextHandler (ContextHandler.java:doStart(781)) - Started o.e.j.s.ServletContextHandler@6671ec3b{/static,jar:file:/home/user/.m2/repository/org/apache/hadoop/hadoop-hdds-container-service/0.5.0-SNAPSHOT/hadoop-hdds-container-service-0.5.0-SNAPSHOT.jar!/webapps/static,AVAILABLE}
2019-07-16 15:42:57,751 INFO  handler.ContextHandler (ContextHandler.java:doStart(781)) - Started o.e.j.w.WebAppContext@1f404aa1{/,file:///tmp/jetty-0.0.0.0-33082-hddsDatanode-_-any-3994316908438492150.dir/webapp/,AVAILABLE}{/hddsDatanode}
2019-07-16 15:42:57,751 INFO  server.AbstractConnector (AbstractConnector.java:doStart(278)) - Started ServerConnector@6d5fc2ca{HTTP/1.1,[http/1.1]}{0.0.0.0:33082}
2019-07-16 15:42:57,751 INFO  server.Server (Server.java:doStart(419)) - Started @696030ms
2019-07-16 15:42:57,753 INFO  server.BaseHttpServer (BaseHttpServer.java:updateConnectorAddress(207)) - HTTP server of HDDSDATANODE is listening at http://0.0.0.0:33082
2019-07-16 15:42:57,851 INFO  ozone.HddsDatanodeService (HddsDatanodeService.java:startPlugins(396)) - Started plug-in org.apache.hadoop.ozone.web.OzoneHddsDatanodeService@73c7a727
2019-07-16 15:42:57,851 INFO  impl.MetricsSystemImpl (MetricsSystemImpl.java:init(158)) - HddsDatanode metrics system started (again)
2019-07-16 15:42:57,855 INFO  ozone.HddsDatanodeService (HddsDatanodeService.java:start(185)) - HddsDatanodeService host:trunk-nightly-kgw5x-1882989438 ip:192.168.69.88
2019-07-16 15:42:57,856 INFO  util.JvmPauseMonitor (JvmPauseMonitor.java:run(188)) - Starting JVM pause monitor
2019-07-16 15:42:57,857 INFO  datanode.InitDatanodeState (InitDatanodeState.java:persistContainerDatanodeDetails(140)) - DatanodeDetails is persisted to /workdir/hadoop-ozone/integration-test/target/test-dir/MiniOzoneClusterImpl-b0b1d809-0124-4458-88f1-9092fc7d7699/datanode-5/meta/datanode.id
2019-07-16 15:42:57,868 INFO  volume.HddsVolume (HddsVolume.java:<init>(176)) - Creating Volume: /workdir/hadoop-ozone/integration-test/target/test-dir/MiniOzoneClusterImpl-b0b1d809-0124-4458-88f1-9092fc7d7699/datanode-6/data/containers/hdds of  storage type : DISK and capacity : 52710309888
2019-07-16 15:42:57,869 INFO  volume.VolumeSet (VolumeSet.java:initializeVolumeSet(170)) - Added Volume : /workdir/hadoop-ozone/integration-test/target/test-dir/MiniOzoneClusterImpl-b0b1d809-0124-4458-88f1-9092fc7d7699/datanode-6/data/containers/hdds to VolumeSet
2019-07-16 15:42:57,869 INFO  volume.ThrottledAsyncChecker (ThrottledAsyncChecker.java:schedule(140)) - Scheduling a check for org.apache.hadoop.ozone.container.common.volume.HddsVolume@17294e82
2019-07-16 15:42:57,869 INFO  volume.HddsVolumeChecker (HddsVolumeChecker.java:checkAllVolumes(203)) - Scheduled health check for volume org.apache.hadoop.ozone.container.common.volume.HddsVolume@17294e82
2019-07-16 15:42:57,884 INFO  impl.RaftServerProxy (ConfUtils.java:logGet(43)) - raft.rpc.type = GRPC (default)
2019-07-16 15:42:57,885 INFO  grpc.GrpcFactory (GrpcFactory.java:checkPooledByteBufAllocatorUseCacheForAllThreads(45)) - PERFORMANCE WARNING: useCacheForAllThreads is true that may cause Netty to create a lot garbage objects and, as a result, trigger GC.
	It is recommended to disable useCacheForAllThreads by setting -Dorg.apache.ratis.thirdparty.io.netty.allocator.useCacheForAllThreads=false in command line.
2019-07-16 15:42:57,885 INFO  grpc.GrpcConfigKeys$Server (ConfUtils.java:logGet(43)) - raft.grpc.server.port = 0 (default)
2019-07-16 15:42:57,885 INFO  server.GrpcService (ConfUtils.java:logGet(43)) - raft.grpc.message.size.max = 33570816 (custom)
2019-07-16 15:42:57,885 INFO  server.RaftServerConfigKeys (ConfUtils.java:logGet(43)) - raft.server.log.appender.buffer.byte-limit = 33554432 (custom)
2019-07-16 15:42:57,885 INFO  server.GrpcService (ConfUtils.java:logGet(43)) - raft.grpc.flow.control.window = 1MB (=1048576) (default)
2019-07-16 15:42:57,886 INFO  server.RaftServerConfigKeys (ConfUtils.java:logGet(43)) - raft.server.rpc.request.timeout = 3000ms (default)
2019-07-16 15:42:57,886 INFO  server.RaftServerConfigKeys (ConfUtils.java:logGet(43)) - raft.server.storage.dir = [/workdir/hadoop-ozone/integration-test/target/test-dir/MiniOzoneClusterImpl-b0b1d809-0124-4458-88f1-9092fc7d7699/datanode-6/data/ratis] (custom)
2019-07-16 15:42:57,886 INFO  replication.SimpleContainerDownloader (SimpleContainerDownloader.java:<init>(72)) - Starting container downloader service to copy containers to replicate.
2019-07-16 15:42:57,887 INFO  hdfs.DFSUtil (DFSUtil.java:httpServerTemplateForNNAndJN(1641)) - Starting Web-server for hddsDatanode at: http://0.0.0.0:0
2019-07-16 15:42:57,889 INFO  server.AuthenticationFilter (AuthenticationFilter.java:constructSecretProvider(240)) - Unable to initialize FileSignerSecretProvider, falling back to use random secrets.
2019-07-16 15:42:57,889 WARN  http.HttpRequestLog (HttpRequestLog.java:getRequestLog(97)) - Jetty request log can only be enabled using Log4j
2019-07-16 15:42:57,891 INFO  http.HttpServer2 (HttpServer2.java:addGlobalFilter(975)) - Added global filter 'safety' (class=org.apache.hadoop.http.HttpServer2$QuotingInputFilter)
2019-07-16 15:42:57,892 INFO  http.HttpServer2 (HttpServer2.java:addFilter(948)) - Added filter static_user_filter (class=org.apache.hadoop.http.lib.StaticUserWebFilter$StaticUserFilter) to context hddsDatanode
2019-07-16 15:42:57,892 INFO  http.HttpServer2 (HttpServer2.java:addFilter(958)) - Added filter static_user_filter (class=org.apache.hadoop.http.lib.StaticUserWebFilter$StaticUserFilter) to context logs
2019-07-16 15:42:57,892 INFO  http.HttpServer2 (HttpServer2.java:addFilter(958)) - Added filter static_user_filter (class=org.apache.hadoop.http.lib.StaticUserWebFilter$StaticUserFilter) to context static
2019-07-16 15:42:57,893 INFO  http.HttpServer2 (HttpServer2.java:bindListener(1191)) - Jetty bound to port 36150
2019-07-16 15:42:57,893 INFO  server.Server (Server.java:doStart(351)) - jetty-9.3.24.v20180605, build timestamp: 2018-06-05T17:11:56Z, git hash: 84205aa28f11a4f31f2a3b86d1bba2cc8ab69827
2019-07-16 15:42:57,895 INFO  handler.ContextHandler (ContextHandler.java:doStart(781)) - Started o.e.j.s.ServletContextHandler@1c388703{/logs,file:///workdir/hadoop-ozone/integration-test/target/log,AVAILABLE}
2019-07-16 15:42:57,896 INFO  handler.ContextHandler (ContextHandler.java:doStart(781)) - Started o.e.j.s.ServletContextHandler@4f162df8{/static,jar:file:/home/user/.m2/repository/org/apache/hadoop/hadoop-hdds-container-service/0.5.0-SNAPSHOT/hadoop-hdds-container-service-0.5.0-SNAPSHOT.jar!/webapps/static,AVAILABLE}
2019-07-16 15:42:57,939 INFO  handler.ContextHandler (ContextHandler.java:doStart(781)) - Started o.e.j.w.WebAppContext@f04b315{/,file:///tmp/jetty-0.0.0.0-36150-hddsDatanode-_-any-3968876388445054962.dir/webapp/,AVAILABLE}{/hddsDatanode}
2019-07-16 15:42:57,939 INFO  server.AbstractConnector (AbstractConnector.java:doStart(278)) - Started ServerConnector@7cc7a0ca{HTTP/1.1,[http/1.1]}{0.0.0.0:36150}
2019-07-16 15:42:57,941 INFO  server.Server (Server.java:doStart(419)) - Started @696220ms
2019-07-16 15:42:57,942 INFO  server.BaseHttpServer (BaseHttpServer.java:updateConnectorAddress(207)) - HTTP server of HDDSDATANODE is listening at http://0.0.0.0:36150
2019-07-16 15:42:58,049 INFO  ozone.HddsDatanodeService (HddsDatanodeService.java:startPlugins(396)) - Started plug-in org.apache.hadoop.ozone.web.OzoneHddsDatanodeService@1fa4db07
2019-07-16 15:42:58,049 INFO  ozone.MiniOzoneClusterImpl (MiniOzoneClusterImpl.java:lambda$waitForClusterToBeReady$0(142)) - Waiting for cluster to be ready. Got 0 of 7 DN Heartbeats.
2019-07-16 15:42:58,054 INFO  util.JvmPauseMonitor (JvmPauseMonitor.java:run(188)) - Starting JVM pause monitor
2019-07-16 15:42:58,055 INFO  datanode.InitDatanodeState (InitDatanodeState.java:persistContainerDatanodeDetails(140)) - DatanodeDetails is persisted to /workdir/hadoop-ozone/integration-test/target/test-dir/MiniOzoneClusterImpl-b0b1d809-0124-4458-88f1-9092fc7d7699/datanode-6/meta/datanode.id
2019-07-16 15:42:59,000 INFO  ozoneimpl.OzoneContainer (OzoneContainer.java:start(186)) - Attempting to start container services.
2019-07-16 15:42:59,004 INFO  ozoneimpl.OzoneContainer (OzoneContainer.java:startContainerScrub(160)) - Background container scrubber has been disabled by hdds.containerscrub.enabled
2019-07-16 15:42:59,004 INFO  ratis.XceiverServerRatis (XceiverServerRatis.java:start(418)) - Starting XceiverServerRatis 5b7d5ad4-fa23-4d44-8459-e734712b5ce4 at port 0
2019-07-16 15:42:59,014 INFO  impl.RaftServerProxy (RaftServerProxy.java:lambda$start$3(299)) - 5b7d5ad4-fa23-4d44-8459-e734712b5ce4: start RPC server
2019-07-16 15:42:59,016 INFO  server.GrpcService (GrpcService.java:startImpl(149)) - 5b7d5ad4-fa23-4d44-8459-e734712b5ce4: GrpcService started, listening on 0.0.0.0/0.0.0.0:37198
2019-07-16 15:42:59,017 INFO  ratis.XceiverServerRatis (XceiverServerRatis.java:start(428)) - XceiverServerRatis 5b7d5ad4-fa23-4d44-8459-e734712b5ce4 is started using port 37198
2019-07-16 15:42:59,019 INFO  server.XceiverServerGrpc (XceiverServerGrpc.java:start(161)) - XceiverServerGrpc 5b7d5ad4-fa23-4d44-8459-e734712b5ce4 is started using port 40754
2019-07-16 15:42:59,054 INFO  ozone.MiniOzoneClusterImpl (MiniOzoneClusterImpl.java:lambda$waitForClusterToBeReady$0(142)) - Waiting for cluster to be ready. Got 0 of 7 DN Heartbeats.
2019-07-16 15:42:59,178 INFO  ozoneimpl.OzoneContainer (OzoneContainer.java:start(186)) - Attempting to start container services.
2019-07-16 15:42:59,182 INFO  ozoneimpl.OzoneContainer (OzoneContainer.java:startContainerScrub(160)) - Background container scrubber has been disabled by hdds.containerscrub.enabled
2019-07-16 15:42:59,183 INFO  ratis.XceiverServerRatis (XceiverServerRatis.java:start(418)) - Starting XceiverServerRatis a66c7def-8376-48eb-b603-f0d623768510 at port 0
2019-07-16 15:42:59,190 INFO  impl.RaftServerProxy (RaftServerProxy.java:lambda$start$3(299)) - a66c7def-8376-48eb-b603-f0d623768510: start RPC server
2019-07-16 15:42:59,201 INFO  server.GrpcService (GrpcService.java:startImpl(149)) - a66c7def-8376-48eb-b603-f0d623768510: GrpcService started, listening on 0.0.0.0/0.0.0.0:41586
2019-07-16 15:42:59,201 INFO  ratis.XceiverServerRatis (XceiverServerRatis.java:start(428)) - XceiverServerRatis a66c7def-8376-48eb-b603-f0d623768510 is started using port 41586
2019-07-16 15:42:59,202 INFO  server.XceiverServerGrpc (XceiverServerGrpc.java:start(161)) - XceiverServerGrpc a66c7def-8376-48eb-b603-f0d623768510 is started using port 33781
2019-07-16 15:42:59,358 INFO  ozoneimpl.OzoneContainer (OzoneContainer.java:start(186)) - Attempting to start container services.
2019-07-16 15:42:59,366 INFO  ozoneimpl.OzoneContainer (OzoneContainer.java:startContainerScrub(160)) - Background container scrubber has been disabled by hdds.containerscrub.enabled
2019-07-16 15:42:59,366 INFO  ratis.XceiverServerRatis (XceiverServerRatis.java:start(418)) - Starting XceiverServerRatis 7f906db9-e4b7-4c0e-bf92-52e9a3f3b7db at port 0
2019-07-16 15:42:59,373 INFO  impl.RaftServerProxy (RaftServerProxy.java:lambda$start$3(299)) - 7f906db9-e4b7-4c0e-bf92-52e9a3f3b7db: start RPC server
2019-07-16 15:42:59,373 INFO  server.GrpcService (GrpcService.java:startImpl(149)) - 7f906db9-e4b7-4c0e-bf92-52e9a3f3b7db: GrpcService started, listening on 0.0.0.0/0.0.0.0:40450
2019-07-16 15:42:59,374 INFO  ratis.XceiverServerRatis (XceiverServerRatis.java:start(428)) - XceiverServerRatis 7f906db9-e4b7-4c0e-bf92-52e9a3f3b7db is started using port 40450
2019-07-16 15:42:59,382 INFO  server.XceiverServerGrpc (XceiverServerGrpc.java:start(161)) - XceiverServerGrpc 7f906db9-e4b7-4c0e-bf92-52e9a3f3b7db is started using port 40681
2019-07-16 15:42:59,536 INFO  ozoneimpl.OzoneContainer (OzoneContainer.java:start(186)) - Attempting to start container services.
2019-07-16 15:42:59,536 INFO  ozoneimpl.OzoneContainer (OzoneContainer.java:startContainerScrub(160)) - Background container scrubber has been disabled by hdds.containerscrub.enabled
2019-07-16 15:42:59,536 INFO  ratis.XceiverServerRatis (XceiverServerRatis.java:start(418)) - Starting XceiverServerRatis 6902b20e-941c-4ef5-8c7a-b05463cf680e at port 0
2019-07-16 15:42:59,544 INFO  impl.RaftServerProxy (RaftServerProxy.java:lambda$start$3(299)) - 6902b20e-941c-4ef5-8c7a-b05463cf680e: start RPC server
2019-07-16 15:42:59,549 INFO  server.GrpcService (GrpcService.java:startImpl(149)) - 6902b20e-941c-4ef5-8c7a-b05463cf680e: GrpcService started, listening on 0.0.0.0/0.0.0.0:46555
2019-07-16 15:42:59,549 INFO  ratis.XceiverServerRatis (XceiverServerRatis.java:start(428)) - XceiverServerRatis 6902b20e-941c-4ef5-8c7a-b05463cf680e is started using port 46555
2019-07-16 15:42:59,550 INFO  server.XceiverServerGrpc (XceiverServerGrpc.java:start(161)) - XceiverServerGrpc 6902b20e-941c-4ef5-8c7a-b05463cf680e is started using port 43071
2019-07-16 15:42:59,713 INFO  ozoneimpl.OzoneContainer (OzoneContainer.java:start(186)) - Attempting to start container services.
2019-07-16 15:42:59,713 INFO  ozoneimpl.OzoneContainer (OzoneContainer.java:startContainerScrub(160)) - Background container scrubber has been disabled by hdds.containerscrub.enabled
2019-07-16 15:42:59,713 INFO  ratis.XceiverServerRatis (XceiverServerRatis.java:start(418)) - Starting XceiverServerRatis e47ed8fe-fd5e-43bb-982d-b334af27f265 at port 0
2019-07-16 15:42:59,721 INFO  impl.RaftServerProxy (RaftServerProxy.java:lambda$start$3(299)) - e47ed8fe-fd5e-43bb-982d-b334af27f265: start RPC server
2019-07-16 15:42:59,721 INFO  server.GrpcService (GrpcService.java:startImpl(149)) - e47ed8fe-fd5e-43bb-982d-b334af27f265: GrpcService started, listening on 0.0.0.0/0.0.0.0:43415
2019-07-16 15:42:59,721 INFO  ratis.XceiverServerRatis (XceiverServerRatis.java:start(428)) - XceiverServerRatis e47ed8fe-fd5e-43bb-982d-b334af27f265 is started using port 43415
2019-07-16 15:42:59,725 INFO  server.XceiverServerGrpc (XceiverServerGrpc.java:start(161)) - XceiverServerGrpc e47ed8fe-fd5e-43bb-982d-b334af27f265 is started using port 36611
2019-07-16 15:42:59,878 INFO  ozoneimpl.OzoneContainer (OzoneContainer.java:start(186)) - Attempting to start container services.
2019-07-16 15:42:59,878 INFO  ozoneimpl.OzoneContainer (OzoneContainer.java:startContainerScrub(160)) - Background container scrubber has been disabled by hdds.containerscrub.enabled
2019-07-16 15:42:59,878 INFO  ratis.XceiverServerRatis (XceiverServerRatis.java:start(418)) - Starting XceiverServerRatis c3ac9ecf-9611-41f7-bf05-610caa4feb8e at port 0
2019-07-16 15:42:59,886 INFO  impl.RaftServerProxy (RaftServerProxy.java:lambda$start$3(299)) - c3ac9ecf-9611-41f7-bf05-610caa4feb8e: start RPC server
2019-07-16 15:42:59,889 INFO  server.GrpcService (GrpcService.java:startImpl(149)) - c3ac9ecf-9611-41f7-bf05-610caa4feb8e: GrpcService started, listening on 0.0.0.0/0.0.0.0:37874
2019-07-16 15:42:59,890 INFO  ratis.XceiverServerRatis (XceiverServerRatis.java:start(428)) - XceiverServerRatis c3ac9ecf-9611-41f7-bf05-610caa4feb8e is started using port 37874
2019-07-16 15:42:59,890 INFO  server.XceiverServerGrpc (XceiverServerGrpc.java:start(161)) - XceiverServerGrpc c3ac9ecf-9611-41f7-bf05-610caa4feb8e is started using port 35597
2019-07-16 15:43:00,054 INFO  ozone.MiniOzoneClusterImpl (MiniOzoneClusterImpl.java:lambda$waitForClusterToBeReady$0(142)) - Waiting for cluster to be ready. Got 0 of 7 DN Heartbeats.
2019-07-16 15:43:00,080 INFO  ozoneimpl.OzoneContainer (OzoneContainer.java:start(186)) - Attempting to start container services.
2019-07-16 15:43:00,080 INFO  ozoneimpl.OzoneContainer (OzoneContainer.java:startContainerScrub(160)) - Background container scrubber has been disabled by hdds.containerscrub.enabled
2019-07-16 15:43:00,080 INFO  ratis.XceiverServerRatis (XceiverServerRatis.java:start(418)) - Starting XceiverServerRatis fabda6e0-a09f-4419-830c-2453dd2f9e1e at port 0
2019-07-16 15:43:00,087 INFO  impl.RaftServerProxy (RaftServerProxy.java:lambda$start$3(299)) - fabda6e0-a09f-4419-830c-2453dd2f9e1e: start RPC server
2019-07-16 15:43:00,091 INFO  server.GrpcService (GrpcService.java:startImpl(149)) - fabda6e0-a09f-4419-830c-2453dd2f9e1e: GrpcService started, listening on 0.0.0.0/0.0.0.0:34380
2019-07-16 15:43:00,091 INFO  ratis.XceiverServerRatis (XceiverServerRatis.java:start(428)) - XceiverServerRatis fabda6e0-a09f-4419-830c-2453dd2f9e1e is started using port 34380
2019-07-16 15:43:00,092 INFO  server.XceiverServerGrpc (XceiverServerGrpc.java:start(161)) - XceiverServerGrpc fabda6e0-a09f-4419-830c-2453dd2f9e1e is started using port 35882
2019-07-16 15:43:00,972 INFO  net.NetworkTopology (NetworkTopologyImpl.java:add(110)) - Added a new node: /default-rack/192.168.69.88
2019-07-16 15:43:00,975 INFO  node.SCMNodeManager (SCMNodeManager.java:register(269)) - Registered Data node : 5b7d5ad4-fa23-4d44-8459-e734712b5ce4{ip: 192.168.69.88, host: trunk-nightly-kgw5x-1882989438, networkLocation: /default-rack, certSerialId: null}
2019-07-16 15:43:00,976 INFO  safemode.SCMSafeModeManager (DataNodeSafeModeRule.java:process(71)) - SCM in safe mode. 1 DataNodes registered, 1 required.
2019-07-16 15:43:00,979 INFO  safemode.SCMSafeModeManager (SCMSafeModeManager.java:validateSafeModeExitRules(177)) - ScmSafeModeManager, all rules are successfully validated
2019-07-16 15:43:00,979 INFO  safemode.SCMSafeModeManager (SCMSafeModeManager.java:exitSafeMode(193)) - SCM exiting safe mode.
2019-07-16 15:43:00,993 INFO  impl.RaftServerProxy (RaftServerProxy.java:addNew(89)) - 5b7d5ad4-fa23-4d44-8459-e734712b5ce4: addNew group-D73AAC202610:[5b7d5ad4-fa23-4d44-8459-e734712b5ce4:192.168.69.88:37198] returns group-D73AAC202610:java.util.concurrent.CompletableFuture@457a3400[Not completed]
2019-07-16 15:43:00,994 INFO  impl.RaftServerImpl (RaftServerImpl.java:<init>(93)) - 5b7d5ad4-fa23-4d44-8459-e734712b5ce4: new RaftServerImpl for group-D73AAC202610:[5b7d5ad4-fa23-4d44-8459-e734712b5ce4:192.168.69.88:37198] with ContainerStateMachine:uninitialized
2019-07-16 15:43:00,995 INFO  server.RaftServerConfigKeys (ConfUtils.java:logGet(43)) - raft.server.rpc.timeout.min = 5s (custom)
2019-07-16 15:43:00,995 INFO  server.RaftServerConfigKeys (ConfUtils.java:logGet(43)) - raft.server.rpc.timeout.max = 5200ms (custom)
2019-07-16 15:43:00,995 INFO  server.RaftServerConfigKeys (ConfUtils.java:logGet(43)) - raft.server.rpcslowness.timeout = 120s (custom)
2019-07-16 15:43:00,995 INFO  server.RaftServerConfigKeys (ConfUtils.java:logGet(43)) - raft.server.sleep.deviation.threshold = 300 (default)
2019-07-16 15:43:00,995 INFO  server.RaftServerConfigKeys (ConfUtils.java:logGet(43)) - raft.server.log.appender.install.snapshot.enabled = false (custom)
2019-07-16 15:43:00,995 INFO  impl.RaftServerImpl (ServerState.java:<init>(105)) - 5b7d5ad4-fa23-4d44-8459-e734712b5ce4:group-D73AAC202610 ConfigurationManager, init=-1: [5b7d5ad4-fa23-4d44-8459-e734712b5ce4:192.168.69.88:37198], old=null, confs=<EMPTY_MAP>
2019-07-16 15:43:00,996 INFO  server.RaftServerConfigKeys (ConfUtils.java:logGet(43)) - raft.server.storage.dir = [/workdir/hadoop-ozone/integration-test/target/test-dir/MiniOzoneClusterImpl-b0b1d809-0124-4458-88f1-9092fc7d7699/datanode-0/data/ratis] (custom)
2019-07-16 15:43:00,996 INFO  storage.RaftStorageDirectory (RaftStorageDirectory.java:analyzeStorage(246)) - The storage directory /workdir/hadoop-ozone/integration-test/target/test-dir/MiniOzoneClusterImpl-b0b1d809-0124-4458-88f1-9092fc7d7699/datanode-0/data/ratis/6ec9be8d-9aa2-46f2-8b87-d73aac202610 does not exist. Creating ...
2019-07-16 15:43:01,010 INFO  storage.RaftStorageDirectory (RaftStorageDirectory.java:tryLock(328)) - Lock on /workdir/hadoop-ozone/integration-test/target/test-dir/MiniOzoneClusterImpl-b0b1d809-0124-4458-88f1-9092fc7d7699/datanode-0/data/ratis/6ec9be8d-9aa2-46f2-8b87-d73aac202610/in_use.lock acquired by nodename 18277@trunk-nightly-kgw5x-1882989438
2019-07-16 15:43:01,023 INFO  storage.RaftStorage (RaftStorage.java:format(72)) - Storage directory /workdir/hadoop-ozone/integration-test/target/test-dir/MiniOzoneClusterImpl-b0b1d809-0124-4458-88f1-9092fc7d7699/datanode-0/data/ratis/6ec9be8d-9aa2-46f2-8b87-d73aac202610 has been successfully formatted.
2019-07-16 15:43:01,023 INFO  ratis.ContainerStateMachine (ContainerStateMachine.java:loadSnapshot(200)) - group-D73AAC202610: The snapshot info is null. Setting the last applied indexto:(t:0, i:~)
2019-07-16 15:43:01,024 INFO  server.RaftServerConfigKeys (ConfUtils.java:logGet(43)) - raft.server.leader.election.timeout = 120s (custom)
2019-07-16 15:43:01,024 INFO  server.RaftServerConfigKeys (ConfUtils.java:logGet(43)) - raft.server.log.use.memory = false (default)
2019-07-16 15:43:01,024 INFO  server.RaftServerConfigKeys (ConfUtils.java:logGet(43)) - raft.server.log.purge.gap = 1000000000 (custom)
2019-07-16 15:43:01,024 INFO  server.RaftServerConfigKeys (ConfUtils.java:logGet(43)) - raft.server.log.appender.buffer.byte-limit = 33554432 (custom)
2019-07-16 15:43:01,024 INFO  server.RaftServerConfigKeys (ConfUtils.java:logGet(43)) - raft.server.log.segment.size.max = 1048576 (custom)
2019-07-16 15:43:01,025 INFO  server.RaftServerConfigKeys (ConfUtils.java:logGet(43)) - raft.server.log.segment.cache.num.max = 2 (custom)
2019-07-16 15:43:01,025 INFO  segmented.SegmentedRaftLogWorker (SegmentedRaftLogWorker.java:<init>(172)) - new 5b7d5ad4-fa23-4d44-8459-e734712b5ce4-SegmentedRaftLogWorker:Storage Directory /workdir/hadoop-ozone/integration-test/target/test-dir/MiniOzoneClusterImpl-b0b1d809-0124-4458-88f1-9092fc7d7699/datanode-0/data/ratis/6ec9be8d-9aa2-46f2-8b87-d73aac202610 for RaftStorage:Storage Directory /workdir/hadoop-ozone/integration-test/target/test-dir/MiniOzoneClusterImpl-b0b1d809-0124-4458-88f1-9092fc7d7699/datanode-0/data/ratis/6ec9be8d-9aa2-46f2-8b87-d73aac202610
2019-07-16 15:43:01,025 INFO  server.RaftServerConfigKeys (ConfUtils.java:logGet(43)) - raft.server.log.queue.byte-limit = 2147483647 (custom)
2019-07-16 15:43:01,025 INFO  server.RaftServerConfigKeys (ConfUtils.java:logGet(43)) - raft.server.log.queue.element-limit = 1024 (custom)
2019-07-16 15:43:01,026 INFO  server.RaftServerConfigKeys (ConfUtils.java:logGet(43)) - raft.server.log.segment.size.max = 1048576 (custom)
2019-07-16 15:43:01,026 INFO  server.RaftServerConfigKeys (ConfUtils.java:logGet(43)) - raft.server.log.preallocated.size = 16384 (custom)
2019-07-16 15:43:01,026 INFO  server.RaftServerConfigKeys (ConfUtils.java:logGet(43)) - raft.server.log.write.buffer.size = 33554432 (custom)
2019-07-16 15:43:01,026 INFO  server.RaftServerConfigKeys (ConfUtils.java:logGet(43)) - raft.server.log.force.sync.num = 128 (default)
2019-07-16 15:43:01,026 INFO  server.RaftServerConfigKeys (ConfUtils.java:logGet(43)) - raft.server.log.statemachine.data.sync = true (default)
2019-07-16 15:43:01,026 INFO  server.RaftServerConfigKeys (ConfUtils.java:logGet(43)) - raft.server.log.statemachine.data.sync.timeout = 10s (default)
2019-07-16 15:43:01,027 INFO  server.RaftServerConfigKeys (ConfUtils.java:logGet(43)) - raft.server.log.statemachine.data.sync.timeout.retry = -1 (default)
2019-07-16 15:43:01,027 INFO  server.RaftServerConfigKeys (ConfUtils.java:logGet(43)) - raft.server.log.statemachine.data.caching.enabled = true (custom)
2019-07-16 15:43:01,027 INFO  segmented.SegmentedRaftLogWorker (SegmentedRaftLogWorker.java:lambda$new$0(132)) - 5b7d5ad4-fa23-4d44-8459-e734712b5ce4-SegmentedRaftLogWorker:Storage Directory /workdir/hadoop-ozone/integration-test/target/test-dir/MiniOzoneClusterImpl-b0b1d809-0124-4458-88f1-9092fc7d7699/datanode-0/data/ratis/6ec9be8d-9aa2-46f2-8b87-d73aac202610: flushIndex: setUnconditionally 0 -> -1
2019-07-16 15:43:01,028 INFO  server.RaftServerConfigKeys (ConfUtils.java:logGet(43)) - raft.server.snapshot.auto.trigger.enabled = true (custom)
2019-07-16 15:43:01,028 INFO  server.RaftServerConfigKeys (ConfUtils.java:logGet(43)) - raft.server.snapshot.auto.trigger.threshold = 10000 (custom)
2019-07-16 15:43:01,028 INFO  server.RaftServerConfigKeys (ConfUtils.java:logGet(43)) - raft.server.retrycache.expirytime = 600000ms (custom)
2019-07-16 15:43:01,029 INFO  impl.RaftServerImpl (RaftServerImpl.java:start(180)) - 5b7d5ad4-fa23-4d44-8459-e734712b5ce4: start group-D73AAC202610
2019-07-16 15:43:01,029 INFO  impl.RaftServerImpl (RaftServerImpl.java:setRole(171)) - 5b7d5ad4-fa23-4d44-8459-e734712b5ce4:group-D73AAC202610 changes role from null to FOLLOWER at term 0 for startAsFollower
2019-07-16 15:43:01,029 INFO  impl.RoleInfo (RoleInfo.java:updateAndGet(143)) - 5b7d5ad4-fa23-4d44-8459-e734712b5ce4: start FollowerState
2019-07-16 15:43:01,029 INFO  util.JmxRegister (JmxRegister.java:tryRegister(44)) - Successfully registered JMX Bean with object name Ratis:service=RaftServer,group=group-D73AAC202610,id=5b7d5ad4-fa23-4d44-8459-e734712b5ce4
2019-07-16 15:43:01,035 INFO  pipeline.PipelineStateManager (PipelineStateManager.java:addPipeline(56)) - Created pipeline Pipeline[ Id: 6ec9be8d-9aa2-46f2-8b87-d73aac202610, Nodes: 5b7d5ad4-fa23-4d44-8459-e734712b5ce4{ip: 192.168.69.88, host: trunk-nightly-kgw5x-1882989438, networkLocation: /default-rack, certSerialId: null}, Type:RATIS, Factor:ONE, State:OPEN]
2019-07-16 15:43:01,054 INFO  ozone.MiniOzoneClusterImpl (MiniOzoneClusterImpl.java:lambda$waitForClusterToBeReady$0(142)) - Waiting for cluster to be ready. Got 1 of 7 DN Heartbeats.
2019-07-16 15:43:01,165 INFO  node.SCMNodeManager (SCMNodeManager.java:register(269)) - Registered Data node : a66c7def-8376-48eb-b603-f0d623768510{ip: 192.168.69.88, host: trunk-nightly-kgw5x-1882989438, networkLocation: /default-rack, certSerialId: null}
2019-07-16 15:43:01,188 INFO  impl.RaftServerProxy (RaftServerProxy.java:addNew(89)) - a66c7def-8376-48eb-b603-f0d623768510: addNew group-F666F3DC3B37:[a66c7def-8376-48eb-b603-f0d623768510:192.168.69.88:41586] returns group-F666F3DC3B37:java.util.concurrent.CompletableFuture@1e952055[Not completed]
2019-07-16 15:43:01,188 INFO  impl.RaftServerImpl (RaftServerImpl.java:<init>(93)) - a66c7def-8376-48eb-b603-f0d623768510: new RaftServerImpl for group-F666F3DC3B37:[a66c7def-8376-48eb-b603-f0d623768510:192.168.69.88:41586] with ContainerStateMachine:uninitialized
2019-07-16 15:43:01,189 INFO  server.RaftServerConfigKeys (ConfUtils.java:logGet(43)) - raft.server.rpc.timeout.min = 5s (custom)
2019-07-16 15:43:01,189 INFO  server.RaftServerConfigKeys (ConfUtils.java:logGet(43)) - raft.server.rpc.timeout.max = 5200ms (custom)
2019-07-16 15:43:01,189 INFO  server.RaftServerConfigKeys (ConfUtils.java:logGet(43)) - raft.server.rpcslowness.timeout = 120s (custom)
2019-07-16 15:43:01,189 INFO  server.RaftServerConfigKeys (ConfUtils.java:logGet(43)) - raft.server.sleep.deviation.threshold = 300 (default)
2019-07-16 15:43:01,189 INFO  server.RaftServerConfigKeys (ConfUtils.java:logGet(43)) - raft.server.log.appender.install.snapshot.enabled = false (custom)
2019-07-16 15:43:01,189 INFO  impl.RaftServerImpl (ServerState.java:<init>(105)) - a66c7def-8376-48eb-b603-f0d623768510:group-F666F3DC3B37 ConfigurationManager, init=-1: [a66c7def-8376-48eb-b603-f0d623768510:192.168.69.88:41586], old=null, confs=<EMPTY_MAP>
2019-07-16 15:43:01,189 INFO  server.RaftServerConfigKeys (ConfUtils.java:logGet(43)) - raft.server.storage.dir = [/workdir/hadoop-ozone/integration-test/target/test-dir/MiniOzoneClusterImpl-b0b1d809-0124-4458-88f1-9092fc7d7699/datanode-1/data/ratis] (custom)
2019-07-16 15:43:01,190 INFO  storage.RaftStorageDirectory (RaftStorageDirectory.java:analyzeStorage(246)) - The storage directory /workdir/hadoop-ozone/integration-test/target/test-dir/MiniOzoneClusterImpl-b0b1d809-0124-4458-88f1-9092fc7d7699/datanode-1/data/ratis/9a94289a-5837-4c12-8486-f666f3dc3b37 does not exist. Creating ...
2019-07-16 15:43:01,203 INFO  storage.RaftStorageDirectory (RaftStorageDirectory.java:tryLock(328)) - Lock on /workdir/hadoop-ozone/integration-test/target/test-dir/MiniOzoneClusterImpl-b0b1d809-0124-4458-88f1-9092fc7d7699/datanode-1/data/ratis/9a94289a-5837-4c12-8486-f666f3dc3b37/in_use.lock acquired by nodename 18277@trunk-nightly-kgw5x-1882989438
2019-07-16 15:43:01,217 INFO  storage.RaftStorage (RaftStorage.java:format(72)) - Storage directory /workdir/hadoop-ozone/integration-test/target/test-dir/MiniOzoneClusterImpl-b0b1d809-0124-4458-88f1-9092fc7d7699/datanode-1/data/ratis/9a94289a-5837-4c12-8486-f666f3dc3b37 has been successfully formatted.
2019-07-16 15:43:01,217 INFO  ratis.ContainerStateMachine (ContainerStateMachine.java:loadSnapshot(200)) - group-F666F3DC3B37: The snapshot info is null. Setting the last applied indexto:(t:0, i:~)
2019-07-16 15:43:01,218 INFO  server.RaftServerConfigKeys (ConfUtils.java:logGet(43)) - raft.server.leader.election.timeout = 120s (custom)
2019-07-16 15:43:01,218 INFO  server.RaftServerConfigKeys (ConfUtils.java:logGet(43)) - raft.server.log.use.memory = false (default)
2019-07-16 15:43:01,218 INFO  server.RaftServerConfigKeys (ConfUtils.java:logGet(43)) - raft.server.log.purge.gap = 1000000000 (custom)
2019-07-16 15:43:01,218 INFO  server.RaftServerConfigKeys (ConfUtils.java:logGet(43)) - raft.server.log.appender.buffer.byte-limit = 33554432 (custom)
2019-07-16 15:43:01,218 INFO  server.RaftServerConfigKeys (ConfUtils.java:logGet(43)) - raft.server.log.segment.size.max = 1048576 (custom)
2019-07-16 15:43:01,218 INFO  server.RaftServerConfigKeys (ConfUtils.java:logGet(43)) - raft.server.log.segment.cache.num.max = 2 (custom)
2019-07-16 15:43:01,219 INFO  segmented.SegmentedRaftLogWorker (SegmentedRaftLogWorker.java:<init>(172)) - new a66c7def-8376-48eb-b603-f0d623768510-SegmentedRaftLogWorker:Storage Directory /workdir/hadoop-ozone/integration-test/target/test-dir/MiniOzoneClusterImpl-b0b1d809-0124-4458-88f1-9092fc7d7699/datanode-1/data/ratis/9a94289a-5837-4c12-8486-f666f3dc3b37 for RaftStorage:Storage Directory /workdir/hadoop-ozone/integration-test/target/test-dir/MiniOzoneClusterImpl-b0b1d809-0124-4458-88f1-9092fc7d7699/datanode-1/data/ratis/9a94289a-5837-4c12-8486-f666f3dc3b37
2019-07-16 15:43:01,219 INFO  server.RaftServerConfigKeys (ConfUtils.java:logGet(43)) - raft.server.log.queue.byte-limit = 2147483647 (custom)
2019-07-16 15:43:01,219 INFO  server.RaftServerConfigKeys (ConfUtils.java:logGet(43)) - raft.server.log.queue.element-limit = 1024 (custom)
2019-07-16 15:43:01,219 INFO  server.RaftServerConfigKeys (ConfUtils.java:logGet(43)) - raft.server.log.segment.size.max = 1048576 (custom)
2019-07-16 15:43:01,219 INFO  server.RaftServerConfigKeys (ConfUtils.java:logGet(43)) - raft.server.log.preallocated.size = 16384 (custom)
2019-07-16 15:43:01,219 INFO  server.RaftServerConfigKeys (ConfUtils.java:logGet(43)) - raft.server.log.write.buffer.size = 33554432 (custom)
2019-07-16 15:43:01,220 INFO  server.RaftServerConfigKeys (ConfUtils.java:logGet(43)) - raft.server.log.force.sync.num = 128 (default)
2019-07-16 15:43:01,220 INFO  server.RaftServerConfigKeys (ConfUtils.java:logGet(43)) - raft.server.log.statemachine.data.sync = true (default)
2019-07-16 15:43:01,220 INFO  server.RaftServerConfigKeys (ConfUtils.java:logGet(43)) - raft.server.log.statemachine.data.sync.timeout = 10s (default)
2019-07-16 15:43:01,220 INFO  server.RaftServerConfigKeys (ConfUtils.java:logGet(43)) - raft.server.log.statemachine.data.sync.timeout.retry = -1 (default)
2019-07-16 15:43:01,220 INFO  server.RaftServerConfigKeys (ConfUtils.java:logGet(43)) - raft.server.log.statemachine.data.caching.enabled = true (custom)
2019-07-16 15:43:01,221 INFO  segmented.SegmentedRaftLogWorker (SegmentedRaftLogWorker.java:lambda$new$0(132)) - a66c7def-8376-48eb-b603-f0d623768510-SegmentedRaftLogWorker:Storage Directory /workdir/hadoop-ozone/integration-test/target/test-dir/MiniOzoneClusterImpl-b0b1d809-0124-4458-88f1-9092fc7d7699/datanode-1/data/ratis/9a94289a-5837-4c12-8486-f666f3dc3b37: flushIndex: setUnconditionally 0 -> -1
2019-07-16 15:43:01,221 INFO  server.RaftServerConfigKeys (ConfUtils.java:logGet(43)) - raft.server.snapshot.auto.trigger.enabled = true (custom)
2019-07-16 15:43:01,221 INFO  server.RaftServerConfigKeys (ConfUtils.java:logGet(43)) - raft.server.snapshot.auto.trigger.threshold = 10000 (custom)
2019-07-16 15:43:01,221 INFO  server.RaftServerConfigKeys (ConfUtils.java:logGet(43)) - raft.server.retrycache.expirytime = 600000ms (custom)
2019-07-16 15:43:01,222 INFO  impl.RaftServerImpl (RaftServerImpl.java:start(180)) - a66c7def-8376-48eb-b603-f0d623768510: start group-F666F3DC3B37
2019-07-16 15:43:01,222 INFO  impl.RaftServerImpl (RaftServerImpl.java:setRole(171)) - a66c7def-8376-48eb-b603-f0d623768510:group-F666F3DC3B37 changes role from null to FOLLOWER at term 0 for startAsFollower
2019-07-16 15:43:01,222 INFO  impl.RoleInfo (RoleInfo.java:updateAndGet(143)) - a66c7def-8376-48eb-b603-f0d623768510: start FollowerState
2019-07-16 15:43:01,222 INFO  util.JmxRegister (JmxRegister.java:tryRegister(44)) - Successfully registered JMX Bean with object name Ratis:service=RaftServer,group=group-F666F3DC3B37,id=a66c7def-8376-48eb-b603-f0d623768510
2019-07-16 15:43:01,227 INFO  pipeline.PipelineStateManager (PipelineStateManager.java:addPipeline(56)) - Created pipeline Pipeline[ Id: 9a94289a-5837-4c12-8486-f666f3dc3b37, Nodes: a66c7def-8376-48eb-b603-f0d623768510{ip: 192.168.69.88, host: trunk-nightly-kgw5x-1882989438, networkLocation: /default-rack, certSerialId: null}, Type:RATIS, Factor:ONE, State:OPEN]
2019-07-16 15:43:01,341 INFO  node.SCMNodeManager (SCMNodeManager.java:register(269)) - Registered Data node : 7f906db9-e4b7-4c0e-bf92-52e9a3f3b7db{ip: 192.168.69.88, host: trunk-nightly-kgw5x-1882989438, networkLocation: /default-rack, certSerialId: null}
2019-07-16 15:43:01,348 INFO  impl.RaftServerProxy (RaftServerProxy.java:addNew(89)) - 7f906db9-e4b7-4c0e-bf92-52e9a3f3b7db: addNew group-29CD82924F50:[7f906db9-e4b7-4c0e-bf92-52e9a3f3b7db:192.168.69.88:40450] returns group-29CD82924F50:java.util.concurrent.CompletableFuture@5926ebfe[Not completed]
2019-07-16 15:43:01,349 INFO  impl.RaftServerImpl (RaftServerImpl.java:<init>(93)) - 7f906db9-e4b7-4c0e-bf92-52e9a3f3b7db: new RaftServerImpl for group-29CD82924F50:[7f906db9-e4b7-4c0e-bf92-52e9a3f3b7db:192.168.69.88:40450] with ContainerStateMachine:uninitialized
2019-07-16 15:43:01,349 INFO  server.RaftServerConfigKeys (ConfUtils.java:logGet(43)) - raft.server.rpc.timeout.min = 5s (custom)
2019-07-16 15:43:01,349 INFO  server.RaftServerConfigKeys (ConfUtils.java:logGet(43)) - raft.server.rpc.timeout.max = 5200ms (custom)
2019-07-16 15:43:01,349 INFO  server.RaftServerConfigKeys (ConfUtils.java:logGet(43)) - raft.server.rpcslowness.timeout = 120s (custom)
2019-07-16 15:43:01,349 INFO  server.RaftServerConfigKeys (ConfUtils.java:logGet(43)) - raft.server.sleep.deviation.threshold = 300 (default)
2019-07-16 15:43:01,349 INFO  server.RaftServerConfigKeys (ConfUtils.java:logGet(43)) - raft.server.log.appender.install.snapshot.enabled = false (custom)
2019-07-16 15:43:01,349 INFO  impl.RaftServerImpl (ServerState.java:<init>(105)) - 7f906db9-e4b7-4c0e-bf92-52e9a3f3b7db:group-29CD82924F50 ConfigurationManager, init=-1: [7f906db9-e4b7-4c0e-bf92-52e9a3f3b7db:192.168.69.88:40450], old=null, confs=<EMPTY_MAP>
2019-07-16 15:43:01,350 INFO  server.RaftServerConfigKeys (ConfUtils.java:logGet(43)) - raft.server.storage.dir = [/workdir/hadoop-ozone/integration-test/target/test-dir/MiniOzoneClusterImpl-b0b1d809-0124-4458-88f1-9092fc7d7699/datanode-2/data/ratis] (custom)
2019-07-16 15:43:01,350 INFO  storage.RaftStorageDirectory (RaftStorageDirectory.java:analyzeStorage(246)) - The storage directory /workdir/hadoop-ozone/integration-test/target/test-dir/MiniOzoneClusterImpl-b0b1d809-0124-4458-88f1-9092fc7d7699/datanode-2/data/ratis/e531056c-3801-4632-b26f-29cd82924f50 does not exist. Creating ...
2019-07-16 15:43:01,375 INFO  storage.RaftStorageDirectory (RaftStorageDirectory.java:tryLock(328)) - Lock on /workdir/hadoop-ozone/integration-test/target/test-dir/MiniOzoneClusterImpl-b0b1d809-0124-4458-88f1-9092fc7d7699/datanode-2/data/ratis/e531056c-3801-4632-b26f-29cd82924f50/in_use.lock acquired by nodename 18277@trunk-nightly-kgw5x-1882989438
2019-07-16 15:43:01,389 INFO  storage.RaftStorage (RaftStorage.java:format(72)) - Storage directory /workdir/hadoop-ozone/integration-test/target/test-dir/MiniOzoneClusterImpl-b0b1d809-0124-4458-88f1-9092fc7d7699/datanode-2/data/ratis/e531056c-3801-4632-b26f-29cd82924f50 has been successfully formatted.
2019-07-16 15:43:01,390 INFO  ratis.ContainerStateMachine (ContainerStateMachine.java:loadSnapshot(200)) - group-29CD82924F50: The snapshot info is null. Setting the last applied indexto:(t:0, i:~)
2019-07-16 15:43:01,390 INFO  server.RaftServerConfigKeys (ConfUtils.java:logGet(43)) - raft.server.leader.election.timeout = 120s (custom)
2019-07-16 15:43:01,390 INFO  server.RaftServerConfigKeys (ConfUtils.java:logGet(43)) - raft.server.log.use.memory = false (default)
2019-07-16 15:43:01,390 INFO  server.RaftServerConfigKeys (ConfUtils.java:logGet(43)) - raft.server.log.purge.gap = 1000000000 (custom)
2019-07-16 15:43:01,390 INFO  server.RaftServerConfigKeys (ConfUtils.java:logGet(43)) - raft.server.log.appender.buffer.byte-limit = 33554432 (custom)
2019-07-16 15:43:01,390 INFO  server.RaftServerConfigKeys (ConfUtils.java:logGet(43)) - raft.server.log.segment.size.max = 1048576 (custom)
2019-07-16 15:43:01,391 INFO  server.RaftServerConfigKeys (ConfUtils.java:logGet(43)) - raft.server.log.segment.cache.num.max = 2 (custom)
2019-07-16 15:43:01,391 INFO  segmented.SegmentedRaftLogWorker (SegmentedRaftLogWorker.java:<init>(172)) - new 7f906db9-e4b7-4c0e-bf92-52e9a3f3b7db-SegmentedRaftLogWorker:Storage Directory /workdir/hadoop-ozone/integration-test/target/test-dir/MiniOzoneClusterImpl-b0b1d809-0124-4458-88f1-9092fc7d7699/datanode-2/data/ratis/e531056c-3801-4632-b26f-29cd82924f50 for RaftStorage:Storage Directory /workdir/hadoop-ozone/integration-test/target/test-dir/MiniOzoneClusterImpl-b0b1d809-0124-4458-88f1-9092fc7d7699/datanode-2/data/ratis/e531056c-3801-4632-b26f-29cd82924f50
2019-07-16 15:43:01,391 INFO  server.RaftServerConfigKeys (ConfUtils.java:logGet(43)) - raft.server.log.queue.byte-limit = 2147483647 (custom)
2019-07-16 15:43:01,391 INFO  server.RaftServerConfigKeys (ConfUtils.java:logGet(43)) - raft.server.log.queue.element-limit = 1024 (custom)
2019-07-16 15:43:01,391 INFO  server.RaftServerConfigKeys (ConfUtils.java:logGet(43)) - raft.server.log.segment.size.max = 1048576 (custom)
2019-07-16 15:43:01,391 INFO  server.RaftServerConfigKeys (ConfUtils.java:logGet(43)) - raft.server.log.preallocated.size = 16384 (custom)
2019-07-16 15:43:01,392 INFO  server.RaftServerConfigKeys (ConfUtils.java:logGet(43)) - raft.server.log.write.buffer.size = 33554432 (custom)
2019-07-16 15:43:01,392 INFO  server.RaftServerConfigKeys (ConfUtils.java:logGet(43)) - raft.server.log.force.sync.num = 128 (default)
2019-07-16 15:43:01,392 INFO  server.RaftServerConfigKeys (ConfUtils.java:logGet(43)) - raft.server.log.statemachine.data.sync = true (default)
2019-07-16 15:43:01,392 INFO  server.RaftServerConfigKeys (ConfUtils.java:logGet(43)) - raft.server.log.statemachine.data.sync.timeout = 10s (default)
2019-07-16 15:43:01,392 INFO  server.RaftServerConfigKeys (ConfUtils.java:logGet(43)) - raft.server.log.statemachine.data.sync.timeout.retry = -1 (default)
2019-07-16 15:43:01,392 INFO  server.RaftServerConfigKeys (ConfUtils.java:logGet(43)) - raft.server.log.statemachine.data.caching.enabled = true (custom)
2019-07-16 15:43:01,393 INFO  segmented.SegmentedRaftLogWorker (SegmentedRaftLogWorker.java:lambda$new$0(132)) - 7f906db9-e4b7-4c0e-bf92-52e9a3f3b7db-SegmentedRaftLogWorker:Storage Directory /workdir/hadoop-ozone/integration-test/target/test-dir/MiniOzoneClusterImpl-b0b1d809-0124-4458-88f1-9092fc7d7699/datanode-2/data/ratis/e531056c-3801-4632-b26f-29cd82924f50: flushIndex: setUnconditionally 0 -> -1
2019-07-16 15:43:01,393 INFO  server.RaftServerConfigKeys (ConfUtils.java:logGet(43)) - raft.server.snapshot.auto.trigger.enabled = true (custom)
2019-07-16 15:43:01,393 INFO  server.RaftServerConfigKeys (ConfUtils.java:logGet(43)) - raft.server.snapshot.auto.trigger.threshold = 10000 (custom)
2019-07-16 15:43:01,393 INFO  server.RaftServerConfigKeys (ConfUtils.java:logGet(43)) - raft.server.retrycache.expirytime = 600000ms (custom)
2019-07-16 15:43:01,394 INFO  impl.RaftServerImpl (RaftServerImpl.java:start(180)) - 7f906db9-e4b7-4c0e-bf92-52e9a3f3b7db: start group-29CD82924F50
2019-07-16 15:43:01,394 INFO  impl.RaftServerImpl (RaftServerImpl.java:setRole(171)) - 7f906db9-e4b7-4c0e-bf92-52e9a3f3b7db:group-29CD82924F50 changes role from null to FOLLOWER at term 0 for startAsFollower
2019-07-16 15:43:01,394 INFO  impl.RoleInfo (RoleInfo.java:updateAndGet(143)) - 7f906db9-e4b7-4c0e-bf92-52e9a3f3b7db: start FollowerState
2019-07-16 15:43:01,394 INFO  util.JmxRegister (JmxRegister.java:tryRegister(44)) - Successfully registered JMX Bean with object name Ratis:service=RaftServer,group=group-29CD82924F50,id=7f906db9-e4b7-4c0e-bf92-52e9a3f3b7db
2019-07-16 15:43:01,399 INFO  pipeline.PipelineStateManager (PipelineStateManager.java:addPipeline(56)) - Created pipeline Pipeline[ Id: e531056c-3801-4632-b26f-29cd82924f50, Nodes: 7f906db9-e4b7-4c0e-bf92-52e9a3f3b7db{ip: 192.168.69.88, host: trunk-nightly-kgw5x-1882989438, networkLocation: /default-rack, certSerialId: null}, Type:RATIS, Factor:ONE, State:OPEN]
2019-07-16 15:43:01,409 INFO  impl.RaftServerProxy (RaftServerProxy.java:addNew(89)) - 5b7d5ad4-fa23-4d44-8459-e734712b5ce4: addNew group-681B2F684CDD:[7f906db9-e4b7-4c0e-bf92-52e9a3f3b7db:192.168.69.88:40450, a66c7def-8376-48eb-b603-f0d623768510:192.168.69.88:41586, 5b7d5ad4-fa23-4d44-8459-e734712b5ce4:192.168.69.88:37198] returns group-681B2F684CDD:java.util.concurrent.CompletableFuture@79f72e53[Not completed]
2019-07-16 15:43:01,410 INFO  impl.RaftServerProxy (RaftServerProxy.java:addNew(89)) - 7f906db9-e4b7-4c0e-bf92-52e9a3f3b7db: addNew group-681B2F684CDD:[7f906db9-e4b7-4c0e-bf92-52e9a3f3b7db:192.168.69.88:40450, a66c7def-8376-48eb-b603-f0d623768510:192.168.69.88:41586, 5b7d5ad4-fa23-4d44-8459-e734712b5ce4:192.168.69.88:37198] returns group-681B2F684CDD:java.util.concurrent.CompletableFuture@21a3aad2[Not completed]
2019-07-16 15:43:01,410 INFO  impl.RaftServerProxy (RaftServerProxy.java:addNew(89)) - a66c7def-8376-48eb-b603-f0d623768510: addNew group-681B2F684CDD:[7f906db9-e4b7-4c0e-bf92-52e9a3f3b7db:192.168.69.88:40450, a66c7def-8376-48eb-b603-f0d623768510:192.168.69.88:41586, 5b7d5ad4-fa23-4d44-8459-e734712b5ce4:192.168.69.88:37198] returns group-681B2F684CDD:java.util.concurrent.CompletableFuture@72c3c773[Not completed]
2019-07-16 15:43:01,410 INFO  impl.RaftServerImpl (RaftServerImpl.java:<init>(93)) - 5b7d5ad4-fa23-4d44-8459-e734712b5ce4: new RaftServerImpl for group-681B2F684CDD:[7f906db9-e4b7-4c0e-bf92-52e9a3f3b7db:192.168.69.88:40450, a66c7def-8376-48eb-b603-f0d623768510:192.168.69.88:41586, 5b7d5ad4-fa23-4d44-8459-e734712b5ce4:192.168.69.88:37198] with ContainerStateMachine:uninitialized
2019-07-16 15:43:01,410 INFO  server.RaftServerConfigKeys (ConfUtils.java:logGet(43)) - raft.server.rpc.timeout.min = 5s (custom)
2019-07-16 15:43:01,411 INFO  server.RaftServerConfigKeys (ConfUtils.java:logGet(43)) - raft.server.rpc.timeout.max = 5200ms (custom)
2019-07-16 15:43:01,411 INFO  server.RaftServerConfigKeys (ConfUtils.java:logGet(43)) - raft.server.rpcslowness.timeout = 120s (custom)
2019-07-16 15:43:01,411 INFO  impl.RaftServerImpl (RaftServerImpl.java:<init>(93)) - 7f906db9-e4b7-4c0e-bf92-52e9a3f3b7db: new RaftServerImpl for group-681B2F684CDD:[7f906db9-e4b7-4c0e-bf92-52e9a3f3b7db:192.168.69.88:40450, a66c7def-8376-48eb-b603-f0d623768510:192.168.69.88:41586, 5b7d5ad4-fa23-4d44-8459-e734712b5ce4:192.168.69.88:37198] with ContainerStateMachine:uninitialized
2019-07-16 15:43:01,411 INFO  server.RaftServerConfigKeys (ConfUtils.java:logGet(43)) - raft.server.sleep.deviation.threshold = 300 (default)
2019-07-16 15:43:01,411 INFO  impl.RaftServerImpl (RaftServerImpl.java:<init>(93)) - a66c7def-8376-48eb-b603-f0d623768510: new RaftServerImpl for group-681B2F684CDD:[7f906db9-e4b7-4c0e-bf92-52e9a3f3b7db:192.168.69.88:40450, a66c7def-8376-48eb-b603-f0d623768510:192.168.69.88:41586, 5b7d5ad4-fa23-4d44-8459-e734712b5ce4:192.168.69.88:37198] with ContainerStateMachine:uninitialized
2019-07-16 15:43:01,411 INFO  server.RaftServerConfigKeys (ConfUtils.java:logGet(43)) - raft.server.rpc.timeout.min = 5s (custom)
2019-07-16 15:43:01,411 INFO  server.RaftServerConfigKeys (ConfUtils.java:logGet(43)) - raft.server.rpc.timeout.min = 5s (custom)
2019-07-16 15:43:01,411 INFO  server.RaftServerConfigKeys (ConfUtils.java:logGet(43)) - raft.server.rpc.timeout.max = 5200ms (custom)
2019-07-16 15:43:01,411 INFO  server.RaftServerConfigKeys (ConfUtils.java:logGet(43)) - raft.server.log.appender.install.snapshot.enabled = false (custom)
2019-07-16 15:43:01,412 INFO  server.RaftServerConfigKeys (ConfUtils.java:logGet(43)) - raft.server.rpcslowness.timeout = 120s (custom)
2019-07-16 15:43:01,411 INFO  server.RaftServerConfigKeys (ConfUtils.java:logGet(43)) - raft.server.rpc.timeout.max = 5200ms (custom)
2019-07-16 15:43:01,412 INFO  server.RaftServerConfigKeys (ConfUtils.java:logGet(43)) - raft.server.sleep.deviation.threshold = 300 (default)
2019-07-16 15:43:01,412 INFO  impl.RaftServerImpl (ServerState.java:<init>(105)) - 5b7d5ad4-fa23-4d44-8459-e734712b5ce4:group-681B2F684CDD ConfigurationManager, init=-1: [7f906db9-e4b7-4c0e-bf92-52e9a3f3b7db:192.168.69.88:40450, a66c7def-8376-48eb-b603-f0d623768510:192.168.69.88:41586, 5b7d5ad4-fa23-4d44-8459-e734712b5ce4:192.168.69.88:37198], old=null, confs=<EMPTY_MAP>
2019-07-16 15:43:01,412 INFO  server.RaftServerConfigKeys (ConfUtils.java:logGet(43)) - raft.server.log.appender.install.snapshot.enabled = false (custom)
2019-07-16 15:43:01,412 INFO  server.RaftServerConfigKeys (ConfUtils.java:logGet(43)) - raft.server.rpcslowness.timeout = 120s (custom)
2019-07-16 15:43:01,412 INFO  impl.RaftServerImpl (ServerState.java:<init>(105)) - a66c7def-8376-48eb-b603-f0d623768510:group-681B2F684CDD ConfigurationManager, init=-1: [7f906db9-e4b7-4c0e-bf92-52e9a3f3b7db:192.168.69.88:40450, a66c7def-8376-48eb-b603-f0d623768510:192.168.69.88:41586, 5b7d5ad4-fa23-4d44-8459-e734712b5ce4:192.168.69.88:37198], old=null, confs=<EMPTY_MAP>
2019-07-16 15:43:01,412 INFO  server.RaftServerConfigKeys (ConfUtils.java:logGet(43)) - raft.server.storage.dir = [/workdir/hadoop-ozone/integration-test/target/test-dir/MiniOzoneClusterImpl-b0b1d809-0124-4458-88f1-9092fc7d7699/datanode-0/data/ratis] (custom)
2019-07-16 15:43:01,413 INFO  server.RaftServerConfigKeys (ConfUtils.java:logGet(43)) - raft.server.storage.dir = [/workdir/hadoop-ozone/integration-test/target/test-dir/MiniOzoneClusterImpl-b0b1d809-0124-4458-88f1-9092fc7d7699/datanode-1/data/ratis] (custom)
2019-07-16 15:43:01,413 INFO  server.RaftServerConfigKeys (ConfUtils.java:logGet(43)) - raft.server.sleep.deviation.threshold = 300 (default)
2019-07-16 15:43:01,413 INFO  storage.RaftStorageDirectory (RaftStorageDirectory.java:analyzeStorage(246)) - The storage directory /workdir/hadoop-ozone/integration-test/target/test-dir/MiniOzoneClusterImpl-b0b1d809-0124-4458-88f1-9092fc7d7699/datanode-0/data/ratis/289b8484-d815-4f0d-b231-681b2f684cdd does not exist. Creating ...
2019-07-16 15:43:01,413 INFO  storage.RaftStorageDirectory (RaftStorageDirectory.java:analyzeStorage(246)) - The storage directory /workdir/hadoop-ozone/integration-test/target/test-dir/MiniOzoneClusterImpl-b0b1d809-0124-4458-88f1-9092fc7d7699/datanode-1/data/ratis/289b8484-d815-4f0d-b231-681b2f684cdd does not exist. Creating ...
2019-07-16 15:43:01,413 INFO  server.RaftServerConfigKeys (ConfUtils.java:logGet(43)) - raft.server.log.appender.install.snapshot.enabled = false (custom)
2019-07-16 15:43:01,414 INFO  impl.RaftServerImpl (ServerState.java:<init>(105)) - 7f906db9-e4b7-4c0e-bf92-52e9a3f3b7db:group-681B2F684CDD ConfigurationManager, init=-1: [7f906db9-e4b7-4c0e-bf92-52e9a3f3b7db:192.168.69.88:40450, a66c7def-8376-48eb-b603-f0d623768510:192.168.69.88:41586, 5b7d5ad4-fa23-4d44-8459-e734712b5ce4:192.168.69.88:37198], old=null, confs=<EMPTY_MAP>
2019-07-16 15:43:01,414 INFO  server.RaftServerConfigKeys (ConfUtils.java:logGet(43)) - raft.server.storage.dir = [/workdir/hadoop-ozone/integration-test/target/test-dir/MiniOzoneClusterImpl-b0b1d809-0124-4458-88f1-9092fc7d7699/datanode-2/data/ratis] (custom)
2019-07-16 15:43:01,414 INFO  storage.RaftStorageDirectory (RaftStorageDirectory.java:analyzeStorage(246)) - The storage directory /workdir/hadoop-ozone/integration-test/target/test-dir/MiniOzoneClusterImpl-b0b1d809-0124-4458-88f1-9092fc7d7699/datanode-2/data/ratis/289b8484-d815-4f0d-b231-681b2f684cdd does not exist. Creating ...
2019-07-16 15:43:01,427 INFO  storage.RaftStorageDirectory (RaftStorageDirectory.java:tryLock(328)) - Lock on /workdir/hadoop-ozone/integration-test/target/test-dir/MiniOzoneClusterImpl-b0b1d809-0124-4458-88f1-9092fc7d7699/datanode-1/data/ratis/289b8484-d815-4f0d-b231-681b2f684cdd/in_use.lock acquired by nodename 18277@trunk-nightly-kgw5x-1882989438
2019-07-16 15:43:01,427 INFO  storage.RaftStorageDirectory (RaftStorageDirectory.java:tryLock(328)) - Lock on /workdir/hadoop-ozone/integration-test/target/test-dir/MiniOzoneClusterImpl-b0b1d809-0124-4458-88f1-9092fc7d7699/datanode-2/data/ratis/289b8484-d815-4f0d-b231-681b2f684cdd/in_use.lock acquired by nodename 18277@trunk-nightly-kgw5x-1882989438
2019-07-16 15:43:01,427 INFO  storage.RaftStorageDirectory (RaftStorageDirectory.java:tryLock(328)) - Lock on /workdir/hadoop-ozone/integration-test/target/test-dir/MiniOzoneClusterImpl-b0b1d809-0124-4458-88f1-9092fc7d7699/datanode-0/data/ratis/289b8484-d815-4f0d-b231-681b2f684cdd/in_use.lock acquired by nodename 18277@trunk-nightly-kgw5x-1882989438
2019-07-16 15:43:01,452 INFO  storage.RaftStorage (RaftStorage.java:format(72)) - Storage directory /workdir/hadoop-ozone/integration-test/target/test-dir/MiniOzoneClusterImpl-b0b1d809-0124-4458-88f1-9092fc7d7699/datanode-0/data/ratis/289b8484-d815-4f0d-b231-681b2f684cdd has been successfully formatted.
2019-07-16 15:43:01,452 INFO  storage.RaftStorage (RaftStorage.java:format(72)) - Storage directory /workdir/hadoop-ozone/integration-test/target/test-dir/MiniOzoneClusterImpl-b0b1d809-0124-4458-88f1-9092fc7d7699/datanode-1/data/ratis/289b8484-d815-4f0d-b231-681b2f684cdd has been successfully formatted.
2019-07-16 15:43:01,452 INFO  storage.RaftStorage (RaftStorage.java:format(72)) - Storage directory /workdir/hadoop-ozone/integration-test/target/test-dir/MiniOzoneClusterImpl-b0b1d809-0124-4458-88f1-9092fc7d7699/datanode-2/data/ratis/289b8484-d815-4f0d-b231-681b2f684cdd has been successfully formatted.
2019-07-16 15:43:01,452 INFO  ratis.ContainerStateMachine (ContainerStateMachine.java:loadSnapshot(200)) - group-681B2F684CDD: The snapshot info is null. Setting the last applied indexto:(t:0, i:~)
2019-07-16 15:43:01,452 INFO  ratis.ContainerStateMachine (ContainerStateMachine.java:loadSnapshot(200)) - group-681B2F684CDD: The snapshot info is null. Setting the last applied indexto:(t:0, i:~)
2019-07-16 15:43:01,453 INFO  server.RaftServerConfigKeys (ConfUtils.java:logGet(43)) - raft.server.leader.election.timeout = 120s (custom)
2019-07-16 15:43:01,453 INFO  ratis.ContainerStateMachine (ContainerStateMachine.java:loadSnapshot(200)) - group-681B2F684CDD: The snapshot info is null. Setting the last applied indexto:(t:0, i:~)
2019-07-16 15:43:01,453 INFO  server.RaftServerConfigKeys (ConfUtils.java:logGet(43)) - raft.server.log.use.memory = false (default)
2019-07-16 15:43:01,453 INFO  server.RaftServerConfigKeys (ConfUtils.java:logGet(43)) - raft.server.log.purge.gap = 1000000000 (custom)
2019-07-16 15:43:01,453 INFO  server.RaftServerConfigKeys (ConfUtils.java:logGet(43)) - raft.server.leader.election.timeout = 120s (custom)
2019-07-16 15:43:01,453 INFO  server.RaftServerConfigKeys (ConfUtils.java:logGet(43)) - raft.server.log.appender.buffer.byte-limit = 33554432 (custom)
2019-07-16 15:43:01,453 INFO  server.RaftServerConfigKeys (ConfUtils.java:logGet(43)) - raft.server.leader.election.timeout = 120s (custom)
2019-07-16 15:43:01,454 INFO  server.RaftServerConfigKeys (ConfUtils.java:logGet(43)) - raft.server.log.segment.size.max = 1048576 (custom)
2019-07-16 15:43:01,454 INFO  server.RaftServerConfigKeys (ConfUtils.java:logGet(43)) - raft.server.log.use.memory = false (default)
2019-07-16 15:43:01,454 INFO  server.RaftServerConfigKeys (ConfUtils.java:logGet(43)) - raft.server.log.segment.cache.num.max = 2 (custom)
2019-07-16 15:43:01,454 INFO  server.RaftServerConfigKeys (ConfUtils.java:logGet(43)) - raft.server.log.use.memory = false (default)
2019-07-16 15:43:01,454 INFO  segmented.SegmentedRaftLogWorker (SegmentedRaftLogWorker.java:<init>(172)) - new a66c7def-8376-48eb-b603-f0d623768510-SegmentedRaftLogWorker:Storage Directory /workdir/hadoop-ozone/integration-test/target/test-dir/MiniOzoneClusterImpl-b0b1d809-0124-4458-88f1-9092fc7d7699/datanode-1/data/ratis/289b8484-d815-4f0d-b231-681b2f684cdd for RaftStorage:Storage Directory /workdir/hadoop-ozone/integration-test/target/test-dir/MiniOzoneClusterImpl-b0b1d809-0124-4458-88f1-9092fc7d7699/datanode-1/data/ratis/289b8484-d815-4f0d-b231-681b2f684cdd
2019-07-16 15:43:01,454 INFO  server.RaftServerConfigKeys (ConfUtils.java:logGet(43)) - raft.server.log.purge.gap = 1000000000 (custom)
2019-07-16 15:43:01,455 INFO  server.RaftServerConfigKeys (ConfUtils.java:logGet(43)) - raft.server.log.queue.byte-limit = 2147483647 (custom)
2019-07-16 15:43:01,455 INFO  server.RaftServerConfigKeys (ConfUtils.java:logGet(43)) - raft.server.log.queue.element-limit = 1024 (custom)
2019-07-16 15:43:01,455 INFO  server.RaftServerConfigKeys (ConfUtils.java:logGet(43)) - raft.server.log.purge.gap = 1000000000 (custom)
2019-07-16 15:43:01,455 INFO  server.RaftServerConfigKeys (ConfUtils.java:logGet(43)) - raft.server.log.segment.size.max = 1048576 (custom)
2019-07-16 15:43:01,455 INFO  server.RaftServerConfigKeys (ConfUtils.java:logGet(43)) - raft.server.log.appender.buffer.byte-limit = 33554432 (custom)
2019-07-16 15:43:01,456 INFO  server.RaftServerConfigKeys (ConfUtils.java:logGet(43)) - raft.server.log.preallocated.size = 16384 (custom)
2019-07-16 15:43:01,455 INFO  server.RaftServerConfigKeys (ConfUtils.java:logGet(43)) - raft.server.log.appender.buffer.byte-limit = 33554432 (custom)
2019-07-16 15:43:01,456 INFO  server.RaftServerConfigKeys (ConfUtils.java:logGet(43)) - raft.server.log.write.buffer.size = 33554432 (custom)
2019-07-16 15:43:01,456 INFO  server.RaftServerConfigKeys (ConfUtils.java:logGet(43)) - raft.server.log.force.sync.num = 128 (default)
2019-07-16 15:43:01,456 INFO  server.RaftServerConfigKeys (ConfUtils.java:logGet(43)) - raft.server.log.segment.size.max = 1048576 (custom)
2019-07-16 15:43:01,456 INFO  server.RaftServerConfigKeys (ConfUtils.java:logGet(43)) - raft.server.log.statemachine.data.sync = true (default)
2019-07-16 15:43:01,456 INFO  server.RaftServerConfigKeys (ConfUtils.java:logGet(43)) - raft.server.log.segment.size.max = 1048576 (custom)
2019-07-16 15:43:01,457 INFO  server.RaftServerConfigKeys (ConfUtils.java:logGet(43)) - raft.server.log.statemachine.data.sync.timeout = 10s (default)
2019-07-16 15:43:01,457 INFO  server.RaftServerConfigKeys (ConfUtils.java:logGet(43)) - raft.server.log.segment.cache.num.max = 2 (custom)
2019-07-16 15:43:01,457 INFO  server.RaftServerConfigKeys (ConfUtils.java:logGet(43)) - raft.server.log.statemachine.data.sync.timeout.retry = -1 (default)
2019-07-16 15:43:01,457 INFO  server.RaftServerConfigKeys (ConfUtils.java:logGet(43)) - raft.server.log.segment.cache.num.max = 2 (custom)
2019-07-16 15:43:01,457 INFO  server.RaftServerConfigKeys (ConfUtils.java:logGet(43)) - raft.server.log.statemachine.data.caching.enabled = true (custom)
2019-07-16 15:43:01,457 INFO  segmented.SegmentedRaftLogWorker (SegmentedRaftLogWorker.java:<init>(172)) - new 5b7d5ad4-fa23-4d44-8459-e734712b5ce4-SegmentedRaftLogWorker:Storage Directory /workdir/hadoop-ozone/integration-test/target/test-dir/MiniOzoneClusterImpl-b0b1d809-0124-4458-88f1-9092fc7d7699/datanode-0/data/ratis/289b8484-d815-4f0d-b231-681b2f684cdd for RaftStorage:Storage Directory /workdir/hadoop-ozone/integration-test/target/test-dir/MiniOzoneClusterImpl-b0b1d809-0124-4458-88f1-9092fc7d7699/datanode-0/data/ratis/289b8484-d815-4f0d-b231-681b2f684cdd
2019-07-16 15:43:01,457 INFO  segmented.SegmentedRaftLogWorker (SegmentedRaftLogWorker.java:<init>(172)) - new 7f906db9-e4b7-4c0e-bf92-52e9a3f3b7db-SegmentedRaftLogWorker:Storage Directory /workdir/hadoop-ozone/integration-test/target/test-dir/MiniOzoneClusterImpl-b0b1d809-0124-4458-88f1-9092fc7d7699/datanode-2/data/ratis/289b8484-d815-4f0d-b231-681b2f684cdd for RaftStorage:Storage Directory /workdir/hadoop-ozone/integration-test/target/test-dir/MiniOzoneClusterImpl-b0b1d809-0124-4458-88f1-9092fc7d7699/datanode-2/data/ratis/289b8484-d815-4f0d-b231-681b2f684cdd
2019-07-16 15:43:01,458 INFO  server.RaftServerConfigKeys (ConfUtils.java:logGet(43)) - raft.server.log.queue.byte-limit = 2147483647 (custom)
2019-07-16 15:43:01,458 INFO  segmented.SegmentedRaftLogWorker (SegmentedRaftLogWorker.java:lambda$new$0(132)) - a66c7def-8376-48eb-b603-f0d623768510-SegmentedRaftLogWorker:Storage Directory /workdir/hadoop-ozone/integration-test/target/test-dir/MiniOzoneClusterImpl-b0b1d809-0124-4458-88f1-9092fc7d7699/datanode-1/data/ratis/289b8484-d815-4f0d-b231-681b2f684cdd: flushIndex: setUnconditionally 0 -> -1
2019-07-16 15:43:01,458 INFO  server.RaftServerConfigKeys (ConfUtils.java:logGet(43)) - raft.server.log.queue.element-limit = 1024 (custom)
2019-07-16 15:43:01,458 INFO  server.RaftServerConfigKeys (ConfUtils.java:logGet(43)) - raft.server.log.queue.byte-limit = 2147483647 (custom)
2019-07-16 15:43:01,459 INFO  server.RaftServerConfigKeys (ConfUtils.java:logGet(43)) - raft.server.snapshot.auto.trigger.enabled = true (custom)
2019-07-16 15:43:01,458 INFO  server.RaftServerConfigKeys (ConfUtils.java:logGet(43)) - raft.server.log.segment.size.max = 1048576 (custom)
2019-07-16 15:43:01,459 INFO  server.RaftServerConfigKeys (ConfUtils.java:logGet(43)) - raft.server.snapshot.auto.trigger.threshold = 10000 (custom)
2019-07-16 15:43:01,459 INFO  server.RaftServerConfigKeys (ConfUtils.java:logGet(43)) - raft.server.log.queue.element-limit = 1024 (custom)
2019-07-16 15:43:01,459 INFO  server.RaftServerConfigKeys (ConfUtils.java:logGet(43)) - raft.server.retrycache.expirytime = 600000ms (custom)
2019-07-16 15:43:01,459 INFO  server.RaftServerConfigKeys (ConfUtils.java:logGet(43)) - raft.server.log.preallocated.size = 16384 (custom)
2019-07-16 15:43:01,459 INFO  impl.RaftServerImpl (RaftServerImpl.java:start(180)) - a66c7def-8376-48eb-b603-f0d623768510: start group-681B2F684CDD
2019-07-16 15:43:01,460 INFO  impl.RaftServerImpl (RaftServerImpl.java:setRole(171)) - a66c7def-8376-48eb-b603-f0d623768510:group-681B2F684CDD changes role from null to FOLLOWER at term 0 for startAsFollower
2019-07-16 15:43:01,459 INFO  server.RaftServerConfigKeys (ConfUtils.java:logGet(43)) - raft.server.log.segment.size.max = 1048576 (custom)
2019-07-16 15:43:01,460 INFO  impl.RoleInfo (RoleInfo.java:updateAndGet(143)) - a66c7def-8376-48eb-b603-f0d623768510: start FollowerState
2019-07-16 15:43:01,460 INFO  server.RaftServerConfigKeys (ConfUtils.java:logGet(43)) - raft.server.log.write.buffer.size = 33554432 (custom)
2019-07-16 15:43:01,460 INFO  server.RaftServerConfigKeys (ConfUtils.java:logGet(43)) - raft.server.log.preallocated.size = 16384 (custom)
2019-07-16 15:43:01,460 INFO  util.JmxRegister (JmxRegister.java:tryRegister(44)) - Successfully registered JMX Bean with object name Ratis:service=RaftServer,group=group-681B2F684CDD,id=a66c7def-8376-48eb-b603-f0d623768510
2019-07-16 15:43:01,460 INFO  server.RaftServerConfigKeys (ConfUtils.java:logGet(43)) - raft.server.log.force.sync.num = 128 (default)
2019-07-16 15:43:01,460 INFO  server.RaftServerConfigKeys (ConfUtils.java:logGet(43)) - raft.server.log.write.buffer.size = 33554432 (custom)
2019-07-16 15:43:01,461 INFO  server.RaftServerConfigKeys (ConfUtils.java:logGet(43)) - raft.server.log.statemachine.data.sync = true (default)
2019-07-16 15:43:01,461 INFO  server.RaftServerConfigKeys (ConfUtils.java:logGet(43)) - raft.server.log.force.sync.num = 128 (default)
2019-07-16 15:43:01,461 INFO  server.RaftServerConfigKeys (ConfUtils.java:logGet(43)) - raft.server.log.statemachine.data.sync.timeout = 10s (default)
2019-07-16 15:43:01,461 INFO  server.RaftServerConfigKeys (ConfUtils.java:logGet(43)) - raft.server.log.statemachine.data.sync = true (default)
2019-07-16 15:43:01,461 INFO  server.RaftServerConfigKeys (ConfUtils.java:logGet(43)) - raft.server.log.statemachine.data.sync.timeout.retry = -1 (default)
2019-07-16 15:43:01,462 INFO  server.RaftServerConfigKeys (ConfUtils.java:logGet(43)) - raft.server.log.statemachine.data.sync.timeout = 10s (default)
2019-07-16 15:43:01,465 INFO  server.RaftServerConfigKeys (ConfUtils.java:logGet(43)) - raft.server.log.statemachine.data.caching.enabled = true (custom)
2019-07-16 15:43:01,465 INFO  server.RaftServerConfigKeys (ConfUtils.java:logGet(43)) - raft.server.log.statemachine.data.sync.timeout.retry = -1 (default)
2019-07-16 15:43:01,465 INFO  segmented.SegmentedRaftLogWorker (SegmentedRaftLogWorker.java:lambda$new$0(132)) - 5b7d5ad4-fa23-4d44-8459-e734712b5ce4-SegmentedRaftLogWorker:Storage Directory /workdir/hadoop-ozone/integration-test/target/test-dir/MiniOzoneClusterImpl-b0b1d809-0124-4458-88f1-9092fc7d7699/datanode-0/data/ratis/289b8484-d815-4f0d-b231-681b2f684cdd: flushIndex: setUnconditionally 0 -> -1
2019-07-16 15:43:01,465 INFO  server.RaftServerConfigKeys (ConfUtils.java:logGet(43)) - raft.server.log.statemachine.data.caching.enabled = true (custom)
2019-07-16 15:43:01,466 INFO  server.RaftServerConfigKeys (ConfUtils.java:logGet(43)) - raft.server.snapshot.auto.trigger.enabled = true (custom)
2019-07-16 15:43:01,466 INFO  segmented.SegmentedRaftLogWorker (SegmentedRaftLogWorker.java:lambda$new$0(132)) - 7f906db9-e4b7-4c0e-bf92-52e9a3f3b7db-SegmentedRaftLogWorker:Storage Directory /workdir/hadoop-ozone/integration-test/target/test-dir/MiniOzoneClusterImpl-b0b1d809-0124-4458-88f1-9092fc7d7699/datanode-2/data/ratis/289b8484-d815-4f0d-b231-681b2f684cdd: flushIndex: setUnconditionally 0 -> -1
2019-07-16 15:43:01,466 INFO  server.RaftServerConfigKeys (ConfUtils.java:logGet(43)) - raft.server.snapshot.auto.trigger.threshold = 10000 (custom)
2019-07-16 15:43:01,466 INFO  server.RaftServerConfigKeys (ConfUtils.java:logGet(43)) - raft.server.retrycache.expirytime = 600000ms (custom)
2019-07-16 15:43:01,466 INFO  server.RaftServerConfigKeys (ConfUtils.java:logGet(43)) - raft.server.snapshot.auto.trigger.enabled = true (custom)
2019-07-16 15:43:01,466 INFO  impl.RaftServerImpl (RaftServerImpl.java:start(180)) - 5b7d5ad4-fa23-4d44-8459-e734712b5ce4: start group-681B2F684CDD
2019-07-16 15:43:01,466 INFO  server.RaftServerConfigKeys (ConfUtils.java:logGet(43)) - raft.server.snapshot.auto.trigger.threshold = 10000 (custom)
2019-07-16 15:43:01,467 INFO  impl.RaftServerImpl (RaftServerImpl.java:setRole(171)) - 5b7d5ad4-fa23-4d44-8459-e734712b5ce4:group-681B2F684CDD changes role from null to FOLLOWER at term 0 for startAsFollower
2019-07-16 15:43:01,467 INFO  server.RaftServerConfigKeys (ConfUtils.java:logGet(43)) - raft.server.retrycache.expirytime = 600000ms (custom)
2019-07-16 15:43:01,467 INFO  impl.RoleInfo (RoleInfo.java:updateAndGet(143)) - 5b7d5ad4-fa23-4d44-8459-e734712b5ce4: start FollowerState
2019-07-16 15:43:01,467 INFO  impl.RaftServerImpl (RaftServerImpl.java:start(180)) - 7f906db9-e4b7-4c0e-bf92-52e9a3f3b7db: start group-681B2F684CDD
2019-07-16 15:43:01,467 INFO  impl.RaftServerImpl (RaftServerImpl.java:setRole(171)) - 7f906db9-e4b7-4c0e-bf92-52e9a3f3b7db:group-681B2F684CDD changes role from null to FOLLOWER at term 0 for startAsFollower
2019-07-16 15:43:01,467 INFO  impl.RoleInfo (RoleInfo.java:updateAndGet(143)) - 7f906db9-e4b7-4c0e-bf92-52e9a3f3b7db: start FollowerState
2019-07-16 15:43:01,467 INFO  util.JmxRegister (JmxRegister.java:tryRegister(44)) - Successfully registered JMX Bean with object name Ratis:service=RaftServer,group=group-681B2F684CDD,id=5b7d5ad4-fa23-4d44-8459-e734712b5ce4
2019-07-16 15:43:01,468 INFO  util.JmxRegister (JmxRegister.java:tryRegister(44)) - Successfully registered JMX Bean with object name Ratis:service=RaftServer,group=group-681B2F684CDD,id=7f906db9-e4b7-4c0e-bf92-52e9a3f3b7db
2019-07-16 15:43:01,476 INFO  pipeline.PipelineStateManager (PipelineStateManager.java:addPipeline(56)) - Created pipeline Pipeline[ Id: 289b8484-d815-4f0d-b231-681b2f684cdd, Nodes: 7f906db9-e4b7-4c0e-bf92-52e9a3f3b7db{ip: 192.168.69.88, host: trunk-nightly-kgw5x-1882989438, networkLocation: /default-rack, certSerialId: null}5b7d5ad4-fa23-4d44-8459-e734712b5ce4{ip: 192.168.69.88, host: trunk-nightly-kgw5x-1882989438, networkLocation: /default-rack, certSerialId: null}a66c7def-8376-48eb-b603-f0d623768510{ip: 192.168.69.88, host: trunk-nightly-kgw5x-1882989438, networkLocation: /default-rack, certSerialId: null}, Type:RATIS, Factor:THREE, State:OPEN]
2019-07-16 15:43:01,511 INFO  node.SCMNodeManager (SCMNodeManager.java:register(269)) - Registered Data node : 6902b20e-941c-4ef5-8c7a-b05463cf680e{ip: 192.168.69.88, host: trunk-nightly-kgw5x-1882989438, networkLocation: /default-rack, certSerialId: null}
2019-07-16 15:43:01,520 INFO  impl.RaftServerProxy (RaftServerProxy.java:addNew(89)) - 6902b20e-941c-4ef5-8c7a-b05463cf680e: addNew group-9D1DF3FBE46E:[6902b20e-941c-4ef5-8c7a-b05463cf680e:192.168.69.88:46555] returns group-9D1DF3FBE46E:java.util.concurrent.CompletableFuture@706276c1[Not completed]
2019-07-16 15:43:01,521 INFO  impl.RaftServerImpl (RaftServerImpl.java:<init>(93)) - 6902b20e-941c-4ef5-8c7a-b05463cf680e: new RaftServerImpl for group-9D1DF3FBE46E:[6902b20e-941c-4ef5-8c7a-b05463cf680e:192.168.69.88:46555] with ContainerStateMachine:uninitialized
2019-07-16 15:43:01,522 INFO  server.RaftServerConfigKeys (ConfUtils.java:logGet(43)) - raft.server.rpc.timeout.min = 5s (custom)
2019-07-16 15:43:01,522 INFO  server.RaftServerConfigKeys (ConfUtils.java:logGet(43)) - raft.server.rpc.timeout.max = 5200ms (custom)
2019-07-16 15:43:01,522 INFO  server.RaftServerConfigKeys (ConfUtils.java:logGet(43)) - raft.server.rpcslowness.timeout = 120s (custom)
2019-07-16 15:43:01,522 INFO  server.RaftServerConfigKeys (ConfUtils.java:logGet(43)) - raft.server.sleep.deviation.threshold = 300 (default)
2019-07-16 15:43:01,522 INFO  server.RaftServerConfigKeys (ConfUtils.java:logGet(43)) - raft.server.log.appender.install.snapshot.enabled = false (custom)
2019-07-16 15:43:01,522 INFO  impl.RaftServerImpl (ServerState.java:<init>(105)) - 6902b20e-941c-4ef5-8c7a-b05463cf680e:group-9D1DF3FBE46E ConfigurationManager, init=-1: [6902b20e-941c-4ef5-8c7a-b05463cf680e:192.168.69.88:46555], old=null, confs=<EMPTY_MAP>
2019-07-16 15:43:01,522 INFO  server.RaftServerConfigKeys (ConfUtils.java:logGet(43)) - raft.server.storage.dir = [/workdir/hadoop-ozone/integration-test/target/test-dir/MiniOzoneClusterImpl-b0b1d809-0124-4458-88f1-9092fc7d7699/datanode-3/data/ratis] (custom)
2019-07-16 15:43:01,523 INFO  storage.RaftStorageDirectory (RaftStorageDirectory.java:analyzeStorage(246)) - The storage directory /workdir/hadoop-ozone/integration-test/target/test-dir/MiniOzoneClusterImpl-b0b1d809-0124-4458-88f1-9092fc7d7699/datanode-3/data/ratis/c7102bb3-b176-46d2-95fc-9d1df3fbe46e does not exist. Creating ...
2019-07-16 15:43:01,536 INFO  storage.RaftStorageDirectory (RaftStorageDirectory.java:tryLock(328)) - Lock on /workdir/hadoop-ozone/integration-test/target/test-dir/MiniOzoneClusterImpl-b0b1d809-0124-4458-88f1-9092fc7d7699/datanode-3/data/ratis/c7102bb3-b176-46d2-95fc-9d1df3fbe46e/in_use.lock acquired by nodename 18277@trunk-nightly-kgw5x-1882989438
2019-07-16 15:43:01,549 INFO  storage.RaftStorage (RaftStorage.java:format(72)) - Storage directory /workdir/hadoop-ozone/integration-test/target/test-dir/MiniOzoneClusterImpl-b0b1d809-0124-4458-88f1-9092fc7d7699/datanode-3/data/ratis/c7102bb3-b176-46d2-95fc-9d1df3fbe46e has been successfully formatted.
2019-07-16 15:43:01,549 INFO  ratis.ContainerStateMachine (ContainerStateMachine.java:loadSnapshot(200)) - group-9D1DF3FBE46E: The snapshot info is null. Setting the last applied indexto:(t:0, i:~)
2019-07-16 15:43:01,550 INFO  server.RaftServerConfigKeys (ConfUtils.java:logGet(43)) - raft.server.leader.election.timeout = 120s (custom)
2019-07-16 15:43:01,550 INFO  server.RaftServerConfigKeys (ConfUtils.java:logGet(43)) - raft.server.log.use.memory = false (default)
2019-07-16 15:43:01,550 INFO  server.RaftServerConfigKeys (ConfUtils.java:logGet(43)) - raft.server.log.purge.gap = 1000000000 (custom)
2019-07-16 15:43:01,550 INFO  server.RaftServerConfigKeys (ConfUtils.java:logGet(43)) - raft.server.log.appender.buffer.byte-limit = 33554432 (custom)
2019-07-16 15:43:01,550 INFO  server.RaftServerConfigKeys (ConfUtils.java:logGet(43)) - raft.server.log.segment.size.max = 1048576 (custom)
2019-07-16 15:43:01,550 INFO  server.RaftServerConfigKeys (ConfUtils.java:logGet(43)) - raft.server.log.segment.cache.num.max = 2 (custom)
2019-07-16 15:43:01,550 INFO  segmented.SegmentedRaftLogWorker (SegmentedRaftLogWorker.java:<init>(172)) - new 6902b20e-941c-4ef5-8c7a-b05463cf680e-SegmentedRaftLogWorker:Storage Directory /workdir/hadoop-ozone/integration-test/target/test-dir/MiniOzoneClusterImpl-b0b1d809-0124-4458-88f1-9092fc7d7699/datanode-3/data/ratis/c7102bb3-b176-46d2-95fc-9d1df3fbe46e for RaftStorage:Storage Directory /workdir/hadoop-ozone/integration-test/target/test-dir/MiniOzoneClusterImpl-b0b1d809-0124-4458-88f1-9092fc7d7699/datanode-3/data/ratis/c7102bb3-b176-46d2-95fc-9d1df3fbe46e
2019-07-16 15:43:01,551 INFO  server.RaftServerConfigKeys (ConfUtils.java:logGet(43)) - raft.server.log.queue.byte-limit = 2147483647 (custom)
2019-07-16 15:43:01,551 INFO  server.RaftServerConfigKeys (ConfUtils.java:logGet(43)) - raft.server.log.queue.element-limit = 1024 (custom)
2019-07-16 15:43:01,551 INFO  server.RaftServerConfigKeys (ConfUtils.java:logGet(43)) - raft.server.log.segment.size.max = 1048576 (custom)
2019-07-16 15:43:01,551 INFO  server.RaftServerConfigKeys (ConfUtils.java:logGet(43)) - raft.server.log.preallocated.size = 16384 (custom)
2019-07-16 15:43:01,551 INFO  server.RaftServerConfigKeys (ConfUtils.java:logGet(43)) - raft.server.log.write.buffer.size = 33554432 (custom)
2019-07-16 15:43:01,551 INFO  server.RaftServerConfigKeys (ConfUtils.java:logGet(43)) - raft.server.log.force.sync.num = 128 (default)
2019-07-16 15:43:01,552 INFO  server.RaftServerConfigKeys (ConfUtils.java:logGet(43)) - raft.server.log.statemachine.data.sync = true (default)
2019-07-16 15:43:01,552 INFO  server.RaftServerConfigKeys (ConfUtils.java:logGet(43)) - raft.server.log.statemachine.data.sync.timeout = 10s (default)
2019-07-16 15:43:01,552 INFO  server.RaftServerConfigKeys (ConfUtils.java:logGet(43)) - raft.server.log.statemachine.data.sync.timeout.retry = -1 (default)
2019-07-16 15:43:01,552 INFO  server.RaftServerConfigKeys (ConfUtils.java:logGet(43)) - raft.server.log.statemachine.data.caching.enabled = true (custom)
2019-07-16 15:43:01,552 INFO  segmented.SegmentedRaftLogWorker (SegmentedRaftLogWorker.java:lambda$new$0(132)) - 6902b20e-941c-4ef5-8c7a-b05463cf680e-SegmentedRaftLogWorker:Storage Directory /workdir/hadoop-ozone/integration-test/target/test-dir/MiniOzoneClusterImpl-b0b1d809-0124-4458-88f1-9092fc7d7699/datanode-3/data/ratis/c7102bb3-b176-46d2-95fc-9d1df3fbe46e: flushIndex: setUnconditionally 0 -> -1
2019-07-16 15:43:01,553 INFO  server.RaftServerConfigKeys (ConfUtils.java:logGet(43)) - raft.server.snapshot.auto.trigger.enabled = true (custom)
2019-07-16 15:43:01,553 INFO  server.RaftServerConfigKeys (ConfUtils.java:logGet(43)) - raft.server.snapshot.auto.trigger.threshold = 10000 (custom)
2019-07-16 15:43:01,553 INFO  server.RaftServerConfigKeys (ConfUtils.java:logGet(43)) - raft.server.retrycache.expirytime = 600000ms (custom)
2019-07-16 15:43:01,553 INFO  impl.RaftServerImpl (RaftServerImpl.java:start(180)) - 6902b20e-941c-4ef5-8c7a-b05463cf680e: start group-9D1DF3FBE46E
2019-07-16 15:43:01,553 INFO  impl.RaftServerImpl (RaftServerImpl.java:setRole(171)) - 6902b20e-941c-4ef5-8c7a-b05463cf680e:group-9D1DF3FBE46E changes role from null to FOLLOWER at term 0 for startAsFollower
2019-07-16 15:43:01,554 INFO  impl.RoleInfo (RoleInfo.java:updateAndGet(143)) - 6902b20e-941c-4ef5-8c7a-b05463cf680e: start FollowerState
2019-07-16 15:43:01,554 INFO  util.JmxRegister (JmxRegister.java:tryRegister(44)) - Successfully registered JMX Bean with object name Ratis:service=RaftServer,group=group-9D1DF3FBE46E,id=6902b20e-941c-4ef5-8c7a-b05463cf680e
2019-07-16 15:43:01,559 INFO  pipeline.PipelineStateManager (PipelineStateManager.java:addPipeline(56)) - Created pipeline Pipeline[ Id: c7102bb3-b176-46d2-95fc-9d1df3fbe46e, Nodes: 6902b20e-941c-4ef5-8c7a-b05463cf680e{ip: 192.168.69.88, host: trunk-nightly-kgw5x-1882989438, networkLocation: /default-rack, certSerialId: null}, Type:RATIS, Factor:ONE, State:OPEN]
2019-07-16 15:43:01,688 INFO  node.SCMNodeManager (SCMNodeManager.java:register(269)) - Registered Data node : e47ed8fe-fd5e-43bb-982d-b334af27f265{ip: 192.168.69.88, host: trunk-nightly-kgw5x-1882989438, networkLocation: /default-rack, certSerialId: null}
2019-07-16 15:43:01,697 INFO  impl.RaftServerProxy (RaftServerProxy.java:addNew(89)) - e47ed8fe-fd5e-43bb-982d-b334af27f265: addNew group-2BB0874D3F58:[e47ed8fe-fd5e-43bb-982d-b334af27f265:192.168.69.88:43415] returns group-2BB0874D3F58:java.util.concurrent.CompletableFuture@616f1e80[Not completed]
2019-07-16 15:43:01,698 INFO  impl.RaftServerImpl (RaftServerImpl.java:<init>(93)) - e47ed8fe-fd5e-43bb-982d-b334af27f265: new RaftServerImpl for group-2BB0874D3F58:[e47ed8fe-fd5e-43bb-982d-b334af27f265:192.168.69.88:43415] with ContainerStateMachine:uninitialized
2019-07-16 15:43:01,698 INFO  server.RaftServerConfigKeys (ConfUtils.java:logGet(43)) - raft.server.rpc.timeout.min = 5s (custom)
2019-07-16 15:43:01,698 INFO  server.RaftServerConfigKeys (ConfUtils.java:logGet(43)) - raft.server.rpc.timeout.max = 5200ms (custom)
2019-07-16 15:43:01,698 INFO  server.RaftServerConfigKeys (ConfUtils.java:logGet(43)) - raft.server.rpcslowness.timeout = 120s (custom)
2019-07-16 15:43:01,698 INFO  server.RaftServerConfigKeys (ConfUtils.java:logGet(43)) - raft.server.sleep.deviation.threshold = 300 (default)
2019-07-16 15:43:01,698 INFO  server.RaftServerConfigKeys (ConfUtils.java:logGet(43)) - raft.server.log.appender.install.snapshot.enabled = false (custom)
2019-07-16 15:43:01,698 INFO  impl.RaftServerImpl (ServerState.java:<init>(105)) - e47ed8fe-fd5e-43bb-982d-b334af27f265:group-2BB0874D3F58 ConfigurationManager, init=-1: [e47ed8fe-fd5e-43bb-982d-b334af27f265:192.168.69.88:43415], old=null, confs=<EMPTY_MAP>
2019-07-16 15:43:01,698 INFO  server.RaftServerConfigKeys (ConfUtils.java:logGet(43)) - raft.server.storage.dir = [/workdir/hadoop-ozone/integration-test/target/test-dir/MiniOzoneClusterImpl-b0b1d809-0124-4458-88f1-9092fc7d7699/datanode-4/data/ratis] (custom)
2019-07-16 15:43:01,699 INFO  storage.RaftStorageDirectory (RaftStorageDirectory.java:analyzeStorage(246)) - The storage directory /workdir/hadoop-ozone/integration-test/target/test-dir/MiniOzoneClusterImpl-b0b1d809-0124-4458-88f1-9092fc7d7699/datanode-4/data/ratis/3c3824aa-833f-4534-a2a0-2bb0874d3f58 does not exist. Creating ...
2019-07-16 15:43:01,720 INFO  storage.RaftStorageDirectory (RaftStorageDirectory.java:tryLock(328)) - Lock on /workdir/hadoop-ozone/integration-test/target/test-dir/MiniOzoneClusterImpl-b0b1d809-0124-4458-88f1-9092fc7d7699/datanode-4/data/ratis/3c3824aa-833f-4534-a2a0-2bb0874d3f58/in_use.lock acquired by nodename 18277@trunk-nightly-kgw5x-1882989438
2019-07-16 15:43:01,733 INFO  storage.RaftStorage (RaftStorage.java:format(72)) - Storage directory /workdir/hadoop-ozone/integration-test/target/test-dir/MiniOzoneClusterImpl-b0b1d809-0124-4458-88f1-9092fc7d7699/datanode-4/data/ratis/3c3824aa-833f-4534-a2a0-2bb0874d3f58 has been successfully formatted.
2019-07-16 15:43:01,733 INFO  ratis.ContainerStateMachine (ContainerStateMachine.java:loadSnapshot(200)) - group-2BB0874D3F58: The snapshot info is null. Setting the last applied indexto:(t:0, i:~)
2019-07-16 15:43:01,733 INFO  server.RaftServerConfigKeys (ConfUtils.java:logGet(43)) - raft.server.leader.election.timeout = 120s (custom)
2019-07-16 15:43:01,733 INFO  server.RaftServerConfigKeys (ConfUtils.java:logGet(43)) - raft.server.log.use.memory = false (default)
2019-07-16 15:43:01,733 INFO  server.RaftServerConfigKeys (ConfUtils.java:logGet(43)) - raft.server.log.purge.gap = 1000000000 (custom)
2019-07-16 15:43:01,733 INFO  server.RaftServerConfigKeys (ConfUtils.java:logGet(43)) - raft.server.log.appender.buffer.byte-limit = 33554432 (custom)
2019-07-16 15:43:01,734 INFO  server.RaftServerConfigKeys (ConfUtils.java:logGet(43)) - raft.server.log.segment.size.max = 1048576 (custom)
2019-07-16 15:43:01,734 INFO  server.RaftServerConfigKeys (ConfUtils.java:logGet(43)) - raft.server.log.segment.cache.num.max = 2 (custom)
2019-07-16 15:43:01,734 INFO  segmented.SegmentedRaftLogWorker (SegmentedRaftLogWorker.java:<init>(172)) - new e47ed8fe-fd5e-43bb-982d-b334af27f265-SegmentedRaftLogWorker:Storage Directory /workdir/hadoop-ozone/integration-test/target/test-dir/MiniOzoneClusterImpl-b0b1d809-0124-4458-88f1-9092fc7d7699/datanode-4/data/ratis/3c3824aa-833f-4534-a2a0-2bb0874d3f58 for RaftStorage:Storage Directory /workdir/hadoop-ozone/integration-test/target/test-dir/MiniOzoneClusterImpl-b0b1d809-0124-4458-88f1-9092fc7d7699/datanode-4/data/ratis/3c3824aa-833f-4534-a2a0-2bb0874d3f58
2019-07-16 15:43:01,734 INFO  server.RaftServerConfigKeys (ConfUtils.java:logGet(43)) - raft.server.log.queue.byte-limit = 2147483647 (custom)
2019-07-16 15:43:01,734 INFO  server.RaftServerConfigKeys (ConfUtils.java:logGet(43)) - raft.server.log.queue.element-limit = 1024 (custom)
2019-07-16 15:43:01,734 INFO  server.RaftServerConfigKeys (ConfUtils.java:logGet(43)) - raft.server.log.segment.size.max = 1048576 (custom)
2019-07-16 15:43:01,734 INFO  server.RaftServerConfigKeys (ConfUtils.java:logGet(43)) - raft.server.log.preallocated.size = 16384 (custom)
2019-07-16 15:43:01,734 INFO  server.RaftServerConfigKeys (ConfUtils.java:logGet(43)) - raft.server.log.write.buffer.size = 33554432 (custom)
2019-07-16 15:43:01,735 INFO  server.RaftServerConfigKeys (ConfUtils.java:logGet(43)) - raft.server.log.force.sync.num = 128 (default)
2019-07-16 15:43:01,735 INFO  server.RaftServerConfigKeys (ConfUtils.java:logGet(43)) - raft.server.log.statemachine.data.sync = true (default)
2019-07-16 15:43:01,735 INFO  server.RaftServerConfigKeys (ConfUtils.java:logGet(43)) - raft.server.log.statemachine.data.sync.timeout = 10s (default)
2019-07-16 15:43:01,735 INFO  server.RaftServerConfigKeys (ConfUtils.java:logGet(43)) - raft.server.log.statemachine.data.sync.timeout.retry = -1 (default)
2019-07-16 15:43:01,735 INFO  server.RaftServerConfigKeys (ConfUtils.java:logGet(43)) - raft.server.log.statemachine.data.caching.enabled = true (custom)
2019-07-16 15:43:01,735 INFO  segmented.SegmentedRaftLogWorker (SegmentedRaftLogWorker.java:lambda$new$0(132)) - e47ed8fe-fd5e-43bb-982d-b334af27f265-SegmentedRaftLogWorker:Storage Directory /workdir/hadoop-ozone/integration-test/target/test-dir/MiniOzoneClusterImpl-b0b1d809-0124-4458-88f1-9092fc7d7699/datanode-4/data/ratis/3c3824aa-833f-4534-a2a0-2bb0874d3f58: flushIndex: setUnconditionally 0 -> -1
2019-07-16 15:43:01,736 INFO  server.RaftServerConfigKeys (ConfUtils.java:logGet(43)) - raft.server.snapshot.auto.trigger.enabled = true (custom)
2019-07-16 15:43:01,736 INFO  server.RaftServerConfigKeys (ConfUtils.java:logGet(43)) - raft.server.snapshot.auto.trigger.threshold = 10000 (custom)
2019-07-16 15:43:01,736 INFO  server.RaftServerConfigKeys (ConfUtils.java:logGet(43)) - raft.server.retrycache.expirytime = 600000ms (custom)
2019-07-16 15:43:01,736 INFO  impl.RaftServerImpl (RaftServerImpl.java:start(180)) - e47ed8fe-fd5e-43bb-982d-b334af27f265: start group-2BB0874D3F58
2019-07-16 15:43:01,736 INFO  impl.RaftServerImpl (RaftServerImpl.java:setRole(171)) - e47ed8fe-fd5e-43bb-982d-b334af27f265:group-2BB0874D3F58 changes role from null to FOLLOWER at term 0 for startAsFollower
2019-07-16 15:43:01,736 INFO  impl.RoleInfo (RoleInfo.java:updateAndGet(143)) - e47ed8fe-fd5e-43bb-982d-b334af27f265: start FollowerState
2019-07-16 15:43:01,737 INFO  util.JmxRegister (JmxRegister.java:tryRegister(44)) - Successfully registered JMX Bean with object name Ratis:service=RaftServer,group=group-2BB0874D3F58,id=e47ed8fe-fd5e-43bb-982d-b334af27f265
2019-07-16 15:43:01,741 INFO  pipeline.PipelineStateManager (PipelineStateManager.java:addPipeline(56)) - Created pipeline Pipeline[ Id: 3c3824aa-833f-4534-a2a0-2bb0874d3f58, Nodes: e47ed8fe-fd5e-43bb-982d-b334af27f265{ip: 192.168.69.88, host: trunk-nightly-kgw5x-1882989438, networkLocation: /default-rack, certSerialId: null}, Type:RATIS, Factor:ONE, State:OPEN]
2019-07-16 15:43:01,857 INFO  node.SCMNodeManager (SCMNodeManager.java:register(269)) - Registered Data node : c3ac9ecf-9611-41f7-bf05-610caa4feb8e{ip: 192.168.69.88, host: trunk-nightly-kgw5x-1882989438, networkLocation: /default-rack, certSerialId: null}
2019-07-16 15:43:01,867 INFO  impl.RaftServerProxy (RaftServerProxy.java:addNew(89)) - c3ac9ecf-9611-41f7-bf05-610caa4feb8e: addNew group-D5CA06AC40AC:[c3ac9ecf-9611-41f7-bf05-610caa4feb8e:192.168.69.88:37874] returns group-D5CA06AC40AC:java.util.concurrent.CompletableFuture@3a9cc172[Not completed]
2019-07-16 15:43:01,868 INFO  impl.RaftServerImpl (RaftServerImpl.java:<init>(93)) - c3ac9ecf-9611-41f7-bf05-610caa4feb8e: new RaftServerImpl for group-D5CA06AC40AC:[c3ac9ecf-9611-41f7-bf05-610caa4feb8e:192.168.69.88:37874] with ContainerStateMachine:uninitialized
2019-07-16 15:43:01,868 INFO  server.RaftServerConfigKeys (ConfUtils.java:logGet(43)) - raft.server.rpc.timeout.min = 5s (custom)
2019-07-16 15:43:01,869 INFO  server.RaftServerConfigKeys (ConfUtils.java:logGet(43)) - raft.server.rpc.timeout.max = 5200ms (custom)
2019-07-16 15:43:01,869 INFO  server.RaftServerConfigKeys (ConfUtils.java:logGet(43)) - raft.server.rpcslowness.timeout = 120s (custom)
2019-07-16 15:43:01,869 INFO  server.RaftServerConfigKeys (ConfUtils.java:logGet(43)) - raft.server.sleep.deviation.threshold = 300 (default)
2019-07-16 15:43:01,869 INFO  server.RaftServerConfigKeys (ConfUtils.java:logGet(43)) - raft.server.log.appender.install.snapshot.enabled = false (custom)
2019-07-16 15:43:01,869 INFO  impl.RaftServerImpl (ServerState.java:<init>(105)) - c3ac9ecf-9611-41f7-bf05-610caa4feb8e:group-D5CA06AC40AC ConfigurationManager, init=-1: [c3ac9ecf-9611-41f7-bf05-610caa4feb8e:192.168.69.88:37874], old=null, confs=<EMPTY_MAP>
2019-07-16 15:43:01,869 INFO  server.RaftServerConfigKeys (ConfUtils.java:logGet(43)) - raft.server.storage.dir = [/workdir/hadoop-ozone/integration-test/target/test-dir/MiniOzoneClusterImpl-b0b1d809-0124-4458-88f1-9092fc7d7699/datanode-5/data/ratis] (custom)
2019-07-16 15:43:01,870 INFO  storage.RaftStorageDirectory (RaftStorageDirectory.java:analyzeStorage(246)) - The storage directory /workdir/hadoop-ozone/integration-test/target/test-dir/MiniOzoneClusterImpl-b0b1d809-0124-4458-88f1-9092fc7d7699/datanode-5/data/ratis/85964782-bb6c-4ae7-b847-d5ca06ac40ac does not exist. Creating ...
2019-07-16 15:43:01,895 INFO  storage.RaftStorageDirectory (RaftStorageDirectory.java:tryLock(328)) - Lock on /workdir/hadoop-ozone/integration-test/target/test-dir/MiniOzoneClusterImpl-b0b1d809-0124-4458-88f1-9092fc7d7699/datanode-5/data/ratis/85964782-bb6c-4ae7-b847-d5ca06ac40ac/in_use.lock acquired by nodename 18277@trunk-nightly-kgw5x-1882989438
2019-07-16 15:43:01,920 INFO  storage.RaftStorage (RaftStorage.java:format(72)) - Storage directory /workdir/hadoop-ozone/integration-test/target/test-dir/MiniOzoneClusterImpl-b0b1d809-0124-4458-88f1-9092fc7d7699/datanode-5/data/ratis/85964782-bb6c-4ae7-b847-d5ca06ac40ac has been successfully formatted.
2019-07-16 15:43:01,921 INFO  ratis.ContainerStateMachine (ContainerStateMachine.java:loadSnapshot(200)) - group-D5CA06AC40AC: The snapshot info is null. Setting the last applied indexto:(t:0, i:~)
2019-07-16 15:43:01,921 INFO  server.RaftServerConfigKeys (ConfUtils.java:logGet(43)) - raft.server.leader.election.timeout = 120s (custom)
2019-07-16 15:43:01,921 INFO  server.RaftServerConfigKeys (ConfUtils.java:logGet(43)) - raft.server.log.use.memory = false (default)
2019-07-16 15:43:01,921 INFO  server.RaftServerConfigKeys (ConfUtils.java:logGet(43)) - raft.server.log.purge.gap = 1000000000 (custom)
2019-07-16 15:43:01,921 INFO  server.RaftServerConfigKeys (ConfUtils.java:logGet(43)) - raft.server.log.appender.buffer.byte-limit = 33554432 (custom)
2019-07-16 15:43:01,921 INFO  server.RaftServerConfigKeys (ConfUtils.java:logGet(43)) - raft.server.log.segment.size.max = 1048576 (custom)
2019-07-16 15:43:01,922 INFO  server.RaftServerConfigKeys (ConfUtils.java:logGet(43)) - raft.server.log.segment.cache.num.max = 2 (custom)
2019-07-16 15:43:01,922 INFO  segmented.SegmentedRaftLogWorker (SegmentedRaftLogWorker.java:<init>(172)) - new c3ac9ecf-9611-41f7-bf05-610caa4feb8e-SegmentedRaftLogWorker:Storage Directory /workdir/hadoop-ozone/integration-test/target/test-dir/MiniOzoneClusterImpl-b0b1d809-0124-4458-88f1-9092fc7d7699/datanode-5/data/ratis/85964782-bb6c-4ae7-b847-d5ca06ac40ac for RaftStorage:Storage Directory /workdir/hadoop-ozone/integration-test/target/test-dir/MiniOzoneClusterImpl-b0b1d809-0124-4458-88f1-9092fc7d7699/datanode-5/data/ratis/85964782-bb6c-4ae7-b847-d5ca06ac40ac
2019-07-16 15:43:01,922 INFO  server.RaftServerConfigKeys (ConfUtils.java:logGet(43)) - raft.server.log.queue.byte-limit = 2147483647 (custom)
2019-07-16 15:43:01,922 INFO  server.RaftServerConfigKeys (ConfUtils.java:logGet(43)) - raft.server.log.queue.element-limit = 1024 (custom)
2019-07-16 15:43:01,922 INFO  server.RaftServerConfigKeys (ConfUtils.java:logGet(43)) - raft.server.log.segment.size.max = 1048576 (custom)
2019-07-16 15:43:01,923 INFO  server.RaftServerConfigKeys (ConfUtils.java:logGet(43)) - raft.server.log.preallocated.size = 16384 (custom)
2019-07-16 15:43:01,923 INFO  server.RaftServerConfigKeys (ConfUtils.java:logGet(43)) - raft.server.log.write.buffer.size = 33554432 (custom)
2019-07-16 15:43:01,923 INFO  server.RaftServerConfigKeys (ConfUtils.java:logGet(43)) - raft.server.log.force.sync.num = 128 (default)
2019-07-16 15:43:01,923 INFO  server.RaftServerConfigKeys (ConfUtils.java:logGet(43)) - raft.server.log.statemachine.data.sync = true (default)
2019-07-16 15:43:01,923 INFO  server.RaftServerConfigKeys (ConfUtils.java:logGet(43)) - raft.server.log.statemachine.data.sync.timeout = 10s (default)
2019-07-16 15:43:01,923 INFO  server.RaftServerConfigKeys (ConfUtils.java:logGet(43)) - raft.server.log.statemachine.data.sync.timeout.retry = -1 (default)
2019-07-16 15:43:01,924 INFO  server.RaftServerConfigKeys (ConfUtils.java:logGet(43)) - raft.server.log.statemachine.data.caching.enabled = true (custom)
2019-07-16 15:43:01,924 INFO  segmented.SegmentedRaftLogWorker (SegmentedRaftLogWorker.java:lambda$new$0(132)) - c3ac9ecf-9611-41f7-bf05-610caa4feb8e-SegmentedRaftLogWorker:Storage Directory /workdir/hadoop-ozone/integration-test/target/test-dir/MiniOzoneClusterImpl-b0b1d809-0124-4458-88f1-9092fc7d7699/datanode-5/data/ratis/85964782-bb6c-4ae7-b847-d5ca06ac40ac: flushIndex: setUnconditionally 0 -> -1
2019-07-16 15:43:01,924 INFO  server.RaftServerConfigKeys (ConfUtils.java:logGet(43)) - raft.server.snapshot.auto.trigger.enabled = true (custom)
2019-07-16 15:43:01,924 INFO  server.RaftServerConfigKeys (ConfUtils.java:logGet(43)) - raft.server.snapshot.auto.trigger.threshold = 10000 (custom)
2019-07-16 15:43:01,925 INFO  server.RaftServerConfigKeys (ConfUtils.java:logGet(43)) - raft.server.retrycache.expirytime = 600000ms (custom)
2019-07-16 15:43:01,925 INFO  impl.RaftServerImpl (RaftServerImpl.java:start(180)) - c3ac9ecf-9611-41f7-bf05-610caa4feb8e: start group-D5CA06AC40AC
2019-07-16 15:43:01,925 INFO  impl.RaftServerImpl (RaftServerImpl.java:setRole(171)) - c3ac9ecf-9611-41f7-bf05-610caa4feb8e:group-D5CA06AC40AC changes role from null to FOLLOWER at term 0 for startAsFollower
2019-07-16 15:43:01,925 INFO  impl.RoleInfo (RoleInfo.java:updateAndGet(143)) - c3ac9ecf-9611-41f7-bf05-610caa4feb8e: start FollowerState
2019-07-16 15:43:01,925 INFO  util.JmxRegister (JmxRegister.java:tryRegister(44)) - Successfully registered JMX Bean with object name Ratis:service=RaftServer,group=group-D5CA06AC40AC,id=c3ac9ecf-9611-41f7-bf05-610caa4feb8e
2019-07-16 15:43:01,931 INFO  pipeline.PipelineStateManager (PipelineStateManager.java:addPipeline(56)) - Created pipeline Pipeline[ Id: 85964782-bb6c-4ae7-b847-d5ca06ac40ac, Nodes: c3ac9ecf-9611-41f7-bf05-610caa4feb8e{ip: 192.168.69.88, host: trunk-nightly-kgw5x-1882989438, networkLocation: /default-rack, certSerialId: null}, Type:RATIS, Factor:ONE, State:OPEN]
2019-07-16 15:43:01,938 INFO  impl.RaftServerProxy (RaftServerProxy.java:addNew(89)) - e47ed8fe-fd5e-43bb-982d-b334af27f265: addNew group-ED9AF3F9D2B9:[6902b20e-941c-4ef5-8c7a-b05463cf680e:192.168.69.88:46555, c3ac9ecf-9611-41f7-bf05-610caa4feb8e:192.168.69.88:37874, e47ed8fe-fd5e-43bb-982d-b334af27f265:192.168.69.88:43415] returns group-ED9AF3F9D2B9:java.util.concurrent.CompletableFuture@12fddca0[Not completed]
2019-07-16 15:43:01,938 INFO  impl.RaftServerProxy (RaftServerProxy.java:addNew(89)) - c3ac9ecf-9611-41f7-bf05-610caa4feb8e: addNew group-ED9AF3F9D2B9:[6902b20e-941c-4ef5-8c7a-b05463cf680e:192.168.69.88:46555, c3ac9ecf-9611-41f7-bf05-610caa4feb8e:192.168.69.88:37874, e47ed8fe-fd5e-43bb-982d-b334af27f265:192.168.69.88:43415] returns group-ED9AF3F9D2B9:java.util.concurrent.CompletableFuture@6441f7e6[Not completed]
2019-07-16 15:43:01,938 INFO  impl.RaftServerProxy (RaftServerProxy.java:addNew(89)) - 6902b20e-941c-4ef5-8c7a-b05463cf680e: addNew group-ED9AF3F9D2B9:[6902b20e-941c-4ef5-8c7a-b05463cf680e:192.168.69.88:46555, c3ac9ecf-9611-41f7-bf05-610caa4feb8e:192.168.69.88:37874, e47ed8fe-fd5e-43bb-982d-b334af27f265:192.168.69.88:43415] returns group-ED9AF3F9D2B9:java.util.concurrent.CompletableFuture@4050ed75[Not completed]
2019-07-16 15:43:01,939 INFO  impl.RaftServerImpl (RaftServerImpl.java:<init>(93)) - e47ed8fe-fd5e-43bb-982d-b334af27f265: new RaftServerImpl for group-ED9AF3F9D2B9:[6902b20e-941c-4ef5-8c7a-b05463cf680e:192.168.69.88:46555, c3ac9ecf-9611-41f7-bf05-610caa4feb8e:192.168.69.88:37874, e47ed8fe-fd5e-43bb-982d-b334af27f265:192.168.69.88:43415] with ContainerStateMachine:uninitialized
2019-07-16 15:43:01,939 INFO  server.RaftServerConfigKeys (ConfUtils.java:logGet(43)) - raft.server.rpc.timeout.min = 5s (custom)
2019-07-16 15:43:01,939 INFO  server.RaftServerConfigKeys (ConfUtils.java:logGet(43)) - raft.server.rpc.timeout.max = 5200ms (custom)
2019-07-16 15:43:01,939 INFO  impl.RaftServerImpl (RaftServerImpl.java:<init>(93)) - c3ac9ecf-9611-41f7-bf05-610caa4feb8e: new RaftServerImpl for group-ED9AF3F9D2B9:[6902b20e-941c-4ef5-8c7a-b05463cf680e:192.168.69.88:46555, c3ac9ecf-9611-41f7-bf05-610caa4feb8e:192.168.69.88:37874, e47ed8fe-fd5e-43bb-982d-b334af27f265:192.168.69.88:43415] with ContainerStateMachine:uninitialized
2019-07-16 15:43:01,939 INFO  server.RaftServerConfigKeys (ConfUtils.java:logGet(43)) - raft.server.rpcslowness.timeout = 120s (custom)
2019-07-16 15:43:01,939 INFO  impl.RaftServerImpl (RaftServerImpl.java:<init>(93)) - 6902b20e-941c-4ef5-8c7a-b05463cf680e: new RaftServerImpl for group-ED9AF3F9D2B9:[6902b20e-941c-4ef5-8c7a-b05463cf680e:192.168.69.88:46555, c3ac9ecf-9611-41f7-bf05-610caa4feb8e:192.168.69.88:37874, e47ed8fe-fd5e-43bb-982d-b334af27f265:192.168.69.88:43415] with ContainerStateMachine:uninitialized
2019-07-16 15:43:01,939 INFO  server.RaftServerConfigKeys (ConfUtils.java:logGet(43)) - raft.server.rpc.timeout.min = 5s (custom)
2019-07-16 15:43:01,940 INFO  server.RaftServerConfigKeys (ConfUtils.java:logGet(43)) - raft.server.rpc.timeout.min = 5s (custom)
2019-07-16 15:43:01,940 INFO  server.RaftServerConfigKeys (ConfUtils.java:logGet(43)) - raft.server.sleep.deviation.threshold = 300 (default)
2019-07-16 15:43:01,940 INFO  server.RaftServerConfigKeys (ConfUtils.java:logGet(43)) - raft.server.rpc.timeout.max = 5200ms (custom)
2019-07-16 15:43:01,940 INFO  server.RaftServerConfigKeys (ConfUtils.java:logGet(43)) - raft.server.rpcslowness.timeout = 120s (custom)
2019-07-16 15:43:01,940 INFO  server.RaftServerConfigKeys (ConfUtils.java:logGet(43)) - raft.server.rpc.timeout.max = 5200ms (custom)
2019-07-16 15:43:01,940 INFO  server.RaftServerConfigKeys (ConfUtils.java:logGet(43)) - raft.server.sleep.deviation.threshold = 300 (default)
2019-07-16 15:43:01,940 INFO  server.RaftServerConfigKeys (ConfUtils.java:logGet(43)) - raft.server.log.appender.install.snapshot.enabled = false (custom)
2019-07-16 15:43:01,941 INFO  server.RaftServerConfigKeys (ConfUtils.java:logGet(43)) - raft.server.log.appender.install.snapshot.enabled = false (custom)
2019-07-16 15:43:01,941 INFO  server.RaftServerConfigKeys (ConfUtils.java:logGet(43)) - raft.server.rpcslowness.timeout = 120s (custom)
2019-07-16 15:43:01,941 INFO  impl.RaftServerImpl (ServerState.java:<init>(105)) - 6902b20e-941c-4ef5-8c7a-b05463cf680e:group-ED9AF3F9D2B9 ConfigurationManager, init=-1: [6902b20e-941c-4ef5-8c7a-b05463cf680e:192.168.69.88:46555, c3ac9ecf-9611-41f7-bf05-610caa4feb8e:192.168.69.88:37874, e47ed8fe-fd5e-43bb-982d-b334af27f265:192.168.69.88:43415], old=null, confs=<EMPTY_MAP>
2019-07-16 15:43:01,941 INFO  impl.RaftServerImpl (ServerState.java:<init>(105)) - e47ed8fe-fd5e-43bb-982d-b334af27f265:group-ED9AF3F9D2B9 ConfigurationManager, init=-1: [6902b20e-941c-4ef5-8c7a-b05463cf680e:192.168.69.88:46555, c3ac9ecf-9611-41f7-bf05-610caa4feb8e:192.168.69.88:37874, e47ed8fe-fd5e-43bb-982d-b334af27f265:192.168.69.88:43415], old=null, confs=<EMPTY_MAP>
2019-07-16 15:43:01,941 INFO  server.RaftServerConfigKeys (ConfUtils.java:logGet(43)) - raft.server.storage.dir = [/workdir/hadoop-ozone/integration-test/target/test-dir/MiniOzoneClusterImpl-b0b1d809-0124-4458-88f1-9092fc7d7699/datanode-3/data/ratis] (custom)
2019-07-16 15:43:01,941 INFO  server.RaftServerConfigKeys (ConfUtils.java:logGet(43)) - raft.server.sleep.deviation.threshold = 300 (default)
2019-07-16 15:43:01,942 INFO  server.RaftServerConfigKeys (ConfUtils.java:logGet(43)) - raft.server.storage.dir = [/workdir/hadoop-ozone/integration-test/target/test-dir/MiniOzoneClusterImpl-b0b1d809-0124-4458-88f1-9092fc7d7699/datanode-4/data/ratis] (custom)
2019-07-16 15:43:01,942 INFO  server.RaftServerConfigKeys (ConfUtils.java:logGet(43)) - raft.server.log.appender.install.snapshot.enabled = false (custom)
2019-07-16 15:43:01,942 INFO  storage.RaftStorageDirectory (RaftStorageDirectory.java:analyzeStorage(246)) - The storage directory /workdir/hadoop-ozone/integration-test/target/test-dir/MiniOzoneClusterImpl-b0b1d809-0124-4458-88f1-9092fc7d7699/datanode-3/data/ratis/1eab7ecd-39db-4bcb-a3ad-ed9af3f9d2b9 does not exist. Creating ...
2019-07-16 15:43:01,942 INFO  storage.RaftStorageDirectory (RaftStorageDirectory.java:analyzeStorage(246)) - The storage directory /workdir/hadoop-ozone/integration-test/target/test-dir/MiniOzoneClusterImpl-b0b1d809-0124-4458-88f1-9092fc7d7699/datanode-4/data/ratis/1eab7ecd-39db-4bcb-a3ad-ed9af3f9d2b9 does not exist. Creating ...
2019-07-16 15:43:01,942 INFO  impl.RaftServerImpl (ServerState.java:<init>(105)) - c3ac9ecf-9611-41f7-bf05-610caa4feb8e:group-ED9AF3F9D2B9 ConfigurationManager, init=-1: [6902b20e-941c-4ef5-8c7a-b05463cf680e:192.168.69.88:46555, c3ac9ecf-9611-41f7-bf05-610caa4feb8e:192.168.69.88:37874, e47ed8fe-fd5e-43bb-982d-b334af27f265:192.168.69.88:43415], old=null, confs=<EMPTY_MAP>
2019-07-16 15:43:01,943 INFO  server.RaftServerConfigKeys (ConfUtils.java:logGet(43)) - raft.server.storage.dir = [/workdir/hadoop-ozone/integration-test/target/test-dir/MiniOzoneClusterImpl-b0b1d809-0124-4458-88f1-9092fc7d7699/datanode-5/data/ratis] (custom)
2019-07-16 15:43:01,943 INFO  storage.RaftStorageDirectory (RaftStorageDirectory.java:analyzeStorage(246)) - The storage directory /workdir/hadoop-ozone/integration-test/target/test-dir/MiniOzoneClusterImpl-b0b1d809-0124-4458-88f1-9092fc7d7699/datanode-5/data/ratis/1eab7ecd-39db-4bcb-a3ad-ed9af3f9d2b9 does not exist. Creating ...
2019-07-16 15:43:01,956 INFO  storage.RaftStorageDirectory (RaftStorageDirectory.java:tryLock(328)) - Lock on /workdir/hadoop-ozone/integration-test/target/test-dir/MiniOzoneClusterImpl-b0b1d809-0124-4458-88f1-9092fc7d7699/datanode-3/data/ratis/1eab7ecd-39db-4bcb-a3ad-ed9af3f9d2b9/in_use.lock acquired by nodename 18277@trunk-nightly-kgw5x-1882989438
2019-07-16 15:43:01,956 INFO  storage.RaftStorageDirectory (RaftStorageDirectory.java:tryLock(328)) - Lock on /workdir/hadoop-ozone/integration-test/target/test-dir/MiniOzoneClusterImpl-b0b1d809-0124-4458-88f1-9092fc7d7699/datanode-5/data/ratis/1eab7ecd-39db-4bcb-a3ad-ed9af3f9d2b9/in_use.lock acquired by nodename 18277@trunk-nightly-kgw5x-1882989438
2019-07-16 15:43:01,956 INFO  storage.RaftStorageDirectory (RaftStorageDirectory.java:tryLock(328)) - Lock on /workdir/hadoop-ozone/integration-test/target/test-dir/MiniOzoneClusterImpl-b0b1d809-0124-4458-88f1-9092fc7d7699/datanode-4/data/ratis/1eab7ecd-39db-4bcb-a3ad-ed9af3f9d2b9/in_use.lock acquired by nodename 18277@trunk-nightly-kgw5x-1882989438
2019-07-16 15:43:01,974 INFO  storage.RaftStorage (RaftStorage.java:format(72)) - Storage directory /workdir/hadoop-ozone/integration-test/target/test-dir/MiniOzoneClusterImpl-b0b1d809-0124-4458-88f1-9092fc7d7699/datanode-4/data/ratis/1eab7ecd-39db-4bcb-a3ad-ed9af3f9d2b9 has been successfully formatted.
2019-07-16 15:43:01,974 INFO  storage.RaftStorage (RaftStorage.java:format(72)) - Storage directory /workdir/hadoop-ozone/integration-test/target/test-dir/MiniOzoneClusterImpl-b0b1d809-0124-4458-88f1-9092fc7d7699/datanode-3/data/ratis/1eab7ecd-39db-4bcb-a3ad-ed9af3f9d2b9 has been successfully formatted.
2019-07-16 15:43:01,974 INFO  storage.RaftStorage (RaftStorage.java:format(72)) - Storage directory /workdir/hadoop-ozone/integration-test/target/test-dir/MiniOzoneClusterImpl-b0b1d809-0124-4458-88f1-9092fc7d7699/datanode-5/data/ratis/1eab7ecd-39db-4bcb-a3ad-ed9af3f9d2b9 has been successfully formatted.
2019-07-16 15:43:01,975 INFO  ratis.ContainerStateMachine (ContainerStateMachine.java:loadSnapshot(200)) - group-ED9AF3F9D2B9: The snapshot info is null. Setting the last applied indexto:(t:0, i:~)
2019-07-16 15:43:01,975 INFO  ratis.ContainerStateMachine (ContainerStateMachine.java:loadSnapshot(200)) - group-ED9AF3F9D2B9: The snapshot info is null. Setting the last applied indexto:(t:0, i:~)
2019-07-16 15:43:01,975 INFO  server.RaftServerConfigKeys (ConfUtils.java:logGet(43)) - raft.server.leader.election.timeout = 120s (custom)
2019-07-16 15:43:01,975 INFO  server.RaftServerConfigKeys (ConfUtils.java:logGet(43)) - raft.server.leader.election.timeout = 120s (custom)
2019-07-16 15:43:01,975 INFO  ratis.ContainerStateMachine (ContainerStateMachine.java:loadSnapshot(200)) - group-ED9AF3F9D2B9: The snapshot info is null. Setting the last applied indexto:(t:0, i:~)
2019-07-16 15:43:01,975 INFO  server.RaftServerConfigKeys (ConfUtils.java:logGet(43)) - raft.server.log.use.memory = false (default)
2019-07-16 15:43:01,976 INFO  server.RaftServerConfigKeys (ConfUtils.java:logGet(43)) - raft.server.leader.election.timeout = 120s (custom)
2019-07-16 15:43:01,975 INFO  server.RaftServerConfigKeys (ConfUtils.java:logGet(43)) - raft.server.log.use.memory = false (default)
2019-07-16 15:43:01,976 INFO  server.RaftServerConfigKeys (ConfUtils.java:logGet(43)) - raft.server.log.use.memory = false (default)
2019-07-16 15:43:01,976 INFO  server.RaftServerConfigKeys (ConfUtils.java:logGet(43)) - raft.server.log.purge.gap = 1000000000 (custom)
2019-07-16 15:43:01,976 INFO  server.RaftServerConfigKeys (ConfUtils.java:logGet(43)) - raft.server.log.purge.gap = 1000000000 (custom)
2019-07-16 15:43:01,977 INFO  server.RaftServerConfigKeys (ConfUtils.java:logGet(43)) - raft.server.log.appender.buffer.byte-limit = 33554432 (custom)
2019-07-16 15:43:01,976 INFO  server.RaftServerConfigKeys (ConfUtils.java:logGet(43)) - raft.server.log.purge.gap = 1000000000 (custom)
2019-07-16 15:43:01,977 INFO  server.RaftServerConfigKeys (ConfUtils.java:logGet(43)) - raft.server.log.segment.size.max = 1048576 (custom)
2019-07-16 15:43:01,976 INFO  server.RaftServerConfigKeys (ConfUtils.java:logGet(43)) - raft.server.log.appender.buffer.byte-limit = 33554432 (custom)
2019-07-16 15:43:01,977 INFO  server.RaftServerConfigKeys (ConfUtils.java:logGet(43)) - raft.server.log.segment.cache.num.max = 2 (custom)
2019-07-16 15:43:01,977 INFO  server.RaftServerConfigKeys (ConfUtils.java:logGet(43)) - raft.server.log.appender.buffer.byte-limit = 33554432 (custom)
2019-07-16 15:43:01,978 INFO  segmented.SegmentedRaftLogWorker (SegmentedRaftLogWorker.java:<init>(172)) - new e47ed8fe-fd5e-43bb-982d-b334af27f265-SegmentedRaftLogWorker:Storage Directory /workdir/hadoop-ozone/integration-test/target/test-dir/MiniOzoneClusterImpl-b0b1d809-0124-4458-88f1-9092fc7d7699/datanode-4/data/ratis/1eab7ecd-39db-4bcb-a3ad-ed9af3f9d2b9 for RaftStorage:Storage Directory /workdir/hadoop-ozone/integration-test/target/test-dir/MiniOzoneClusterImpl-b0b1d809-0124-4458-88f1-9092fc7d7699/datanode-4/data/ratis/1eab7ecd-39db-4bcb-a3ad-ed9af3f9d2b9
2019-07-16 15:43:01,977 INFO  server.RaftServerConfigKeys (ConfUtils.java:logGet(43)) - raft.server.log.segment.size.max = 1048576 (custom)
2019-07-16 15:43:01,978 INFO  server.RaftServerConfigKeys (ConfUtils.java:logGet(43)) - raft.server.log.queue.byte-limit = 2147483647 (custom)
2019-07-16 15:43:01,978 INFO  server.RaftServerConfigKeys (ConfUtils.java:logGet(43)) - raft.server.log.queue.element-limit = 1024 (custom)
2019-07-16 15:43:01,978 INFO  server.RaftServerConfigKeys (ConfUtils.java:logGet(43)) - raft.server.log.segment.size.max = 1048576 (custom)
2019-07-16 15:43:01,978 INFO  server.RaftServerConfigKeys (ConfUtils.java:logGet(43)) - raft.server.log.segment.size.max = 1048576 (custom)
2019-07-16 15:43:01,979 INFO  server.RaftServerConfigKeys (ConfUtils.java:logGet(43)) - raft.server.log.preallocated.size = 16384 (custom)
2019-07-16 15:43:01,978 INFO  server.RaftServerConfigKeys (ConfUtils.java:logGet(43)) - raft.server.log.segment.cache.num.max = 2 (custom)
2019-07-16 15:43:01,979 INFO  server.RaftServerConfigKeys (ConfUtils.java:logGet(43)) - raft.server.log.write.buffer.size = 33554432 (custom)
2019-07-16 15:43:01,979 INFO  server.RaftServerConfigKeys (ConfUtils.java:logGet(43)) - raft.server.log.force.sync.num = 128 (default)
2019-07-16 15:43:01,979 INFO  server.RaftServerConfigKeys (ConfUtils.java:logGet(43)) - raft.server.log.segment.cache.num.max = 2 (custom)
2019-07-16 15:43:01,980 INFO  server.RaftServerConfigKeys (ConfUtils.java:logGet(43)) - raft.server.log.statemachine.data.sync = true (default)
2019-07-16 15:43:01,979 INFO  segmented.SegmentedRaftLogWorker (SegmentedRaftLogWorker.java:<init>(172)) - new 6902b20e-941c-4ef5-8c7a-b05463cf680e-SegmentedRaftLogWorker:Storage Directory /workdir/hadoop-ozone/integration-test/target/test-dir/MiniOzoneClusterImpl-b0b1d809-0124-4458-88f1-9092fc7d7699/datanode-3/data/ratis/1eab7ecd-39db-4bcb-a3ad-ed9af3f9d2b9 for RaftStorage:Storage Directory /workdir/hadoop-ozone/integration-test/target/test-dir/MiniOzoneClusterImpl-b0b1d809-0124-4458-88f1-9092fc7d7699/datanode-3/data/ratis/1eab7ecd-39db-4bcb-a3ad-ed9af3f9d2b9
2019-07-16 15:43:01,980 INFO  server.RaftServerConfigKeys (ConfUtils.java:logGet(43)) - raft.server.log.statemachine.data.sync.timeout = 10s (default)
2019-07-16 15:43:01,980 INFO  server.RaftServerConfigKeys (ConfUtils.java:logGet(43)) - raft.server.log.statemachine.data.sync.timeout.retry = -1 (default)
2019-07-16 15:43:01,980 INFO  segmented.SegmentedRaftLogWorker (SegmentedRaftLogWorker.java:<init>(172)) - new c3ac9ecf-9611-41f7-bf05-610caa4feb8e-SegmentedRaftLogWorker:Storage Directory /workdir/hadoop-ozone/integration-test/target/test-dir/MiniOzoneClusterImpl-b0b1d809-0124-4458-88f1-9092fc7d7699/datanode-5/data/ratis/1eab7ecd-39db-4bcb-a3ad-ed9af3f9d2b9 for RaftStorage:Storage Directory /workdir/hadoop-ozone/integration-test/target/test-dir/MiniOzoneClusterImpl-b0b1d809-0124-4458-88f1-9092fc7d7699/datanode-5/data/ratis/1eab7ecd-39db-4bcb-a3ad-ed9af3f9d2b9
2019-07-16 15:43:01,980 INFO  server.RaftServerConfigKeys (ConfUtils.java:logGet(43)) - raft.server.log.statemachine.data.caching.enabled = true (custom)
2019-07-16 15:43:01,980 INFO  server.RaftServerConfigKeys (ConfUtils.java:logGet(43)) - raft.server.log.queue.byte-limit = 2147483647 (custom)
2019-07-16 15:43:01,981 INFO  server.RaftServerConfigKeys (ConfUtils.java:logGet(43)) - raft.server.log.queue.byte-limit = 2147483647 (custom)
2019-07-16 15:43:01,981 INFO  segmented.SegmentedRaftLogWorker (SegmentedRaftLogWorker.java:lambda$new$0(132)) - e47ed8fe-fd5e-43bb-982d-b334af27f265-SegmentedRaftLogWorker:Storage Directory /workdir/hadoop-ozone/integration-test/target/test-dir/MiniOzoneClusterImpl-b0b1d809-0124-4458-88f1-9092fc7d7699/datanode-4/data/ratis/1eab7ecd-39db-4bcb-a3ad-ed9af3f9d2b9: flushIndex: setUnconditionally 0 -> -1
2019-07-16 15:43:01,981 INFO  server.RaftServerConfigKeys (ConfUtils.java:logGet(43)) - raft.server.log.queue.element-limit = 1024 (custom)
2019-07-16 15:43:01,981 INFO  server.RaftServerConfigKeys (ConfUtils.java:logGet(43)) - raft.server.log.queue.element-limit = 1024 (custom)
2019-07-16 15:43:01,982 INFO  server.RaftServerConfigKeys (ConfUtils.java:logGet(43)) - raft.server.snapshot.auto.trigger.enabled = true (custom)
2019-07-16 15:43:01,981 INFO  server.RaftServerConfigKeys (ConfUtils.java:logGet(43)) - raft.server.log.segment.size.max = 1048576 (custom)
2019-07-16 15:43:01,982 INFO  server.RaftServerConfigKeys (ConfUtils.java:logGet(43)) - raft.server.snapshot.auto.trigger.threshold = 10000 (custom)
2019-07-16 15:43:01,982 INFO  server.RaftServerConfigKeys (ConfUtils.java:logGet(43)) - raft.server.log.segment.size.max = 1048576 (custom)
2019-07-16 15:43:01,982 INFO  server.RaftServerConfigKeys (ConfUtils.java:logGet(43)) - raft.server.retrycache.expirytime = 600000ms (custom)
2019-07-16 15:43:01,982 INFO  server.RaftServerConfigKeys (ConfUtils.java:logGet(43)) - raft.server.log.preallocated.size = 16384 (custom)
2019-07-16 15:43:01,983 INFO  impl.RaftServerImpl (RaftServerImpl.java:start(180)) - e47ed8fe-fd5e-43bb-982d-b334af27f265: start group-ED9AF3F9D2B9
2019-07-16 15:43:01,983 INFO  impl.RaftServerImpl (RaftServerImpl.java:setRole(171)) - e47ed8fe-fd5e-43bb-982d-b334af27f265:group-ED9AF3F9D2B9 changes role from null to FOLLOWER at term 0 for startAsFollower
2019-07-16 15:43:01,982 INFO  server.RaftServerConfigKeys (ConfUtils.java:logGet(43)) - raft.server.log.preallocated.size = 16384 (custom)
2019-07-16 15:43:01,983 INFO  impl.RoleInfo (RoleInfo.java:updateAndGet(143)) - e47ed8fe-fd5e-43bb-982d-b334af27f265: start FollowerState
2019-07-16 15:43:01,983 INFO  server.RaftServerConfigKeys (ConfUtils.java:logGet(43)) - raft.server.log.write.buffer.size = 33554432 (custom)
2019-07-16 15:43:01,983 INFO  server.RaftServerConfigKeys (ConfUtils.java:logGet(43)) - raft.server.log.write.buffer.size = 33554432 (custom)
2019-07-16 15:43:01,984 INFO  util.JmxRegister (JmxRegister.java:tryRegister(44)) - Successfully registered JMX Bean with object name Ratis:service=RaftServer,group=group-ED9AF3F9D2B9,id=e47ed8fe-fd5e-43bb-982d-b334af27f265
2019-07-16 15:43:01,983 INFO  server.RaftServerConfigKeys (ConfUtils.java:logGet(43)) - raft.server.log.force.sync.num = 128 (default)
2019-07-16 15:43:01,984 INFO  server.RaftServerConfigKeys (ConfUtils.java:logGet(43)) - raft.server.log.force.sync.num = 128 (default)
2019-07-16 15:43:01,984 INFO  server.RaftServerConfigKeys (ConfUtils.java:logGet(43)) - raft.server.log.statemachine.data.sync = true (default)
2019-07-16 15:43:01,984 INFO  server.RaftServerConfigKeys (ConfUtils.java:logGet(43)) - raft.server.log.statemachine.data.sync = true (default)
2019-07-16 15:43:01,984 INFO  server.RaftServerConfigKeys (ConfUtils.java:logGet(43)) - raft.server.log.statemachine.data.sync.timeout = 10s (default)
2019-07-16 15:43:01,985 INFO  server.RaftServerConfigKeys (ConfUtils.java:logGet(43)) - raft.server.log.statemachine.data.sync.timeout = 10s (default)
2019-07-16 15:43:01,988 INFO  server.RaftServerConfigKeys (ConfUtils.java:logGet(43)) - raft.server.log.statemachine.data.sync.timeout.retry = -1 (default)
2019-07-16 15:43:01,985 INFO  server.RaftServerConfigKeys (ConfUtils.java:logGet(43)) - raft.server.log.statemachine.data.sync.timeout.retry = -1 (default)
2019-07-16 15:43:01,988 INFO  server.RaftServerConfigKeys (ConfUtils.java:logGet(43)) - raft.server.log.statemachine.data.caching.enabled = true (custom)
2019-07-16 15:43:01,988 INFO  server.RaftServerConfigKeys (ConfUtils.java:logGet(43)) - raft.server.log.statemachine.data.caching.enabled = true (custom)
2019-07-16 15:43:01,989 INFO  segmented.SegmentedRaftLogWorker (SegmentedRaftLogWorker.java:lambda$new$0(132)) - c3ac9ecf-9611-41f7-bf05-610caa4feb8e-SegmentedRaftLogWorker:Storage Directory /workdir/hadoop-ozone/integration-test/target/test-dir/MiniOzoneClusterImpl-b0b1d809-0124-4458-88f1-9092fc7d7699/datanode-5/data/ratis/1eab7ecd-39db-4bcb-a3ad-ed9af3f9d2b9: flushIndex: setUnconditionally 0 -> -1
2019-07-16 15:43:01,989 INFO  segmented.SegmentedRaftLogWorker (SegmentedRaftLogWorker.java:lambda$new$0(132)) - 6902b20e-941c-4ef5-8c7a-b05463cf680e-SegmentedRaftLogWorker:Storage Directory /workdir/hadoop-ozone/integration-test/target/test-dir/MiniOzoneClusterImpl-b0b1d809-0124-4458-88f1-9092fc7d7699/datanode-3/data/ratis/1eab7ecd-39db-4bcb-a3ad-ed9af3f9d2b9: flushIndex: setUnconditionally 0 -> -1
2019-07-16 15:43:01,989 INFO  server.RaftServerConfigKeys (ConfUtils.java:logGet(43)) - raft.server.snapshot.auto.trigger.enabled = true (custom)
2019-07-16 15:43:01,989 INFO  server.RaftServerConfigKeys (ConfUtils.java:logGet(43)) - raft.server.snapshot.auto.trigger.threshold = 10000 (custom)
2019-07-16 15:43:01,989 INFO  server.RaftServerConfigKeys (ConfUtils.java:logGet(43)) - raft.server.snapshot.auto.trigger.enabled = true (custom)
2019-07-16 15:43:01,989 INFO  server.RaftServerConfigKeys (ConfUtils.java:logGet(43)) - raft.server.retrycache.expirytime = 600000ms (custom)
2019-07-16 15:43:01,990 INFO  server.RaftServerConfigKeys (ConfUtils.java:logGet(43)) - raft.server.snapshot.auto.trigger.threshold = 10000 (custom)
2019-07-16 15:43:01,990 INFO  impl.RaftServerImpl (RaftServerImpl.java:start(180)) - c3ac9ecf-9611-41f7-bf05-610caa4feb8e: start group-ED9AF3F9D2B9
2019-07-16 15:43:01,990 INFO  server.RaftServerConfigKeys (ConfUtils.java:logGet(43)) - raft.server.retrycache.expirytime = 600000ms (custom)
2019-07-16 15:43:01,990 INFO  impl.RaftServerImpl (RaftServerImpl.java:setRole(171)) - c3ac9ecf-9611-41f7-bf05-610caa4feb8e:group-ED9AF3F9D2B9 changes role from null to FOLLOWER at term 0 for startAsFollower
2019-07-16 15:43:01,990 INFO  impl.RaftServerImpl (RaftServerImpl.java:start(180)) - 6902b20e-941c-4ef5-8c7a-b05463cf680e: start group-ED9AF3F9D2B9
2019-07-16 15:43:01,990 INFO  impl.RoleInfo (RoleInfo.java:updateAndGet(143)) - c3ac9ecf-9611-41f7-bf05-610caa4feb8e: start FollowerState
2019-07-16 15:43:01,990 INFO  impl.RaftServerImpl (RaftServerImpl.java:setRole(171)) - 6902b20e-941c-4ef5-8c7a-b05463cf680e:group-ED9AF3F9D2B9 changes role from null to FOLLOWER at term 0 for startAsFollower
2019-07-16 15:43:01,991 INFO  impl.RoleInfo (RoleInfo.java:updateAndGet(143)) - 6902b20e-941c-4ef5-8c7a-b05463cf680e: start FollowerState
2019-07-16 15:43:01,991 INFO  util.JmxRegister (JmxRegister.java:tryRegister(44)) - Successfully registered JMX Bean with object name Ratis:service=RaftServer,group=group-ED9AF3F9D2B9,id=c3ac9ecf-9611-41f7-bf05-610caa4feb8e
2019-07-16 15:43:01,991 INFO  util.JmxRegister (JmxRegister.java:tryRegister(44)) - Successfully registered JMX Bean with object name Ratis:service=RaftServer,group=group-ED9AF3F9D2B9,id=6902b20e-941c-4ef5-8c7a-b05463cf680e
2019-07-16 15:43:01,999 INFO  pipeline.PipelineStateManager (PipelineStateManager.java:addPipeline(56)) - Created pipeline Pipeline[ Id: 1eab7ecd-39db-4bcb-a3ad-ed9af3f9d2b9, Nodes: 6902b20e-941c-4ef5-8c7a-b05463cf680e{ip: 192.168.69.88, host: trunk-nightly-kgw5x-1882989438, networkLocation: /default-rack, certSerialId: null}c3ac9ecf-9611-41f7-bf05-610caa4feb8e{ip: 192.168.69.88, host: trunk-nightly-kgw5x-1882989438, networkLocation: /default-rack, certSerialId: null}e47ed8fe-fd5e-43bb-982d-b334af27f265{ip: 192.168.69.88, host: trunk-nightly-kgw5x-1882989438, networkLocation: /default-rack, certSerialId: null}, Type:RATIS, Factor:THREE, State:OPEN]
2019-07-16 15:43:02,055 INFO  ozone.MiniOzoneClusterImpl (MiniOzoneClusterImpl.java:lambda$waitForClusterToBeReady$0(142)) - Waiting for cluster to be ready. Got 6 of 7 DN Heartbeats.
2019-07-16 15:43:02,055 INFO  node.SCMNodeManager (SCMNodeManager.java:register(269)) - Registered Data node : fabda6e0-a09f-4419-830c-2453dd2f9e1e{ip: 192.168.69.88, host: trunk-nightly-kgw5x-1882989438, networkLocation: /default-rack, certSerialId: null}
2019-07-16 15:43:02,061 INFO  impl.RaftServerProxy (RaftServerProxy.java:addNew(89)) - fabda6e0-a09f-4419-830c-2453dd2f9e1e: addNew group-3D0F00B83878:[fabda6e0-a09f-4419-830c-2453dd2f9e1e:192.168.69.88:34380] returns group-3D0F00B83878:java.util.concurrent.CompletableFuture@70c5338b[Not completed]
2019-07-16 15:43:02,062 INFO  impl.RaftServerImpl (RaftServerImpl.java:<init>(93)) - fabda6e0-a09f-4419-830c-2453dd2f9e1e: new RaftServerImpl for group-3D0F00B83878:[fabda6e0-a09f-4419-830c-2453dd2f9e1e:192.168.69.88:34380] with ContainerStateMachine:uninitialized
2019-07-16 15:43:02,062 INFO  server.RaftServerConfigKeys (ConfUtils.java:logGet(43)) - raft.server.rpc.timeout.min = 5s (custom)
2019-07-16 15:43:02,062 INFO  server.RaftServerConfigKeys (ConfUtils.java:logGet(43)) - raft.server.rpc.timeout.max = 5200ms (custom)
2019-07-16 15:43:02,063 INFO  server.RaftServerConfigKeys (ConfUtils.java:logGet(43)) - raft.server.rpcslowness.timeout = 120s (custom)
2019-07-16 15:43:02,063 INFO  server.RaftServerConfigKeys (ConfUtils.java:logGet(43)) - raft.server.sleep.deviation.threshold = 300 (default)
2019-07-16 15:43:02,063 INFO  server.RaftServerConfigKeys (ConfUtils.java:logGet(43)) - raft.server.log.appender.install.snapshot.enabled = false (custom)
2019-07-16 15:43:02,063 INFO  impl.RaftServerImpl (ServerState.java:<init>(105)) - fabda6e0-a09f-4419-830c-2453dd2f9e1e:group-3D0F00B83878 ConfigurationManager, init=-1: [fabda6e0-a09f-4419-830c-2453dd2f9e1e:192.168.69.88:34380], old=null, confs=<EMPTY_MAP>
2019-07-16 15:43:02,063 INFO  server.RaftServerConfigKeys (ConfUtils.java:logGet(43)) - raft.server.storage.dir = [/workdir/hadoop-ozone/integration-test/target/test-dir/MiniOzoneClusterImpl-b0b1d809-0124-4458-88f1-9092fc7d7699/datanode-6/data/ratis] (custom)
2019-07-16 15:43:02,064 INFO  storage.RaftStorageDirectory (RaftStorageDirectory.java:analyzeStorage(246)) - The storage directory /workdir/hadoop-ozone/integration-test/target/test-dir/MiniOzoneClusterImpl-b0b1d809-0124-4458-88f1-9092fc7d7699/datanode-6/data/ratis/04cc4ba9-1e1e-44e5-b79d-3d0f00b83878 does not exist. Creating ...
2019-07-16 15:43:02,078 INFO  storage.RaftStorageDirectory (RaftStorageDirectory.java:tryLock(328)) - Lock on /workdir/hadoop-ozone/integration-test/target/test-dir/MiniOzoneClusterImpl-b0b1d809-0124-4458-88f1-9092fc7d7699/datanode-6/data/ratis/04cc4ba9-1e1e-44e5-b79d-3d0f00b83878/in_use.lock acquired by nodename 18277@trunk-nightly-kgw5x-1882989438
2019-07-16 15:43:02,104 INFO  storage.RaftStorage (RaftStorage.java:format(72)) - Storage directory /workdir/hadoop-ozone/integration-test/target/test-dir/MiniOzoneClusterImpl-b0b1d809-0124-4458-88f1-9092fc7d7699/datanode-6/data/ratis/04cc4ba9-1e1e-44e5-b79d-3d0f00b83878 has been successfully formatted.
2019-07-16 15:43:02,104 INFO  ratis.ContainerStateMachine (ContainerStateMachine.java:loadSnapshot(200)) - group-3D0F00B83878: The snapshot info is null. Setting the last applied indexto:(t:0, i:~)
2019-07-16 15:43:02,104 INFO  server.RaftServerConfigKeys (ConfUtils.java:logGet(43)) - raft.server.leader.election.timeout = 120s (custom)
2019-07-16 15:43:02,104 INFO  server.RaftServerConfigKeys (ConfUtils.java:logGet(43)) - raft.server.log.use.memory = false (default)
2019-07-16 15:43:02,104 INFO  server.RaftServerConfigKeys (ConfUtils.java:logGet(43)) - raft.server.log.purge.gap = 1000000000 (custom)
2019-07-16 15:43:02,104 INFO  server.RaftServerConfigKeys (ConfUtils.java:logGet(43)) - raft.server.log.appender.buffer.byte-limit = 33554432 (custom)
2019-07-16 15:43:02,105 INFO  server.RaftServerConfigKeys (ConfUtils.java:logGet(43)) - raft.server.log.segment.size.max = 1048576 (custom)
2019-07-16 15:43:02,105 INFO  server.RaftServerConfigKeys (ConfUtils.java:logGet(43)) - raft.server.log.segment.cache.num.max = 2 (custom)
2019-07-16 15:43:02,105 INFO  segmented.SegmentedRaftLogWorker (SegmentedRaftLogWorker.java:<init>(172)) - new fabda6e0-a09f-4419-830c-2453dd2f9e1e-SegmentedRaftLogWorker:Storage Directory /workdir/hadoop-ozone/integration-test/target/test-dir/MiniOzoneClusterImpl-b0b1d809-0124-4458-88f1-9092fc7d7699/datanode-6/data/ratis/04cc4ba9-1e1e-44e5-b79d-3d0f00b83878 for RaftStorage:Storage Directory /workdir/hadoop-ozone/integration-test/target/test-dir/MiniOzoneClusterImpl-b0b1d809-0124-4458-88f1-9092fc7d7699/datanode-6/data/ratis/04cc4ba9-1e1e-44e5-b79d-3d0f00b83878
2019-07-16 15:43:02,105 INFO  server.RaftServerConfigKeys (ConfUtils.java:logGet(43)) - raft.server.log.queue.byte-limit = 2147483647 (custom)
2019-07-16 15:43:02,105 INFO  server.RaftServerConfigKeys (ConfUtils.java:logGet(43)) - raft.server.log.queue.element-limit = 1024 (custom)
2019-07-16 15:43:02,106 INFO  server.RaftServerConfigKeys (ConfUtils.java:logGet(43)) - raft.server.log.segment.size.max = 1048576 (custom)
2019-07-16 15:43:02,106 INFO  server.RaftServerConfigKeys (ConfUtils.java:logGet(43)) - raft.server.log.preallocated.size = 16384 (custom)
2019-07-16 15:43:02,106 INFO  server.RaftServerConfigKeys (ConfUtils.java:logGet(43)) - raft.server.log.write.buffer.size = 33554432 (custom)
2019-07-16 15:43:02,106 INFO  server.RaftServerConfigKeys (ConfUtils.java:logGet(43)) - raft.server.log.force.sync.num = 128 (default)
2019-07-16 15:43:02,106 INFO  server.RaftServerConfigKeys (ConfUtils.java:logGet(43)) - raft.server.log.statemachine.data.sync = true (default)
2019-07-16 15:43:02,106 INFO  server.RaftServerConfigKeys (ConfUtils.java:logGet(43)) - raft.server.log.statemachine.data.sync.timeout = 10s (default)
2019-07-16 15:43:02,107 INFO  server.RaftServerConfigKeys (ConfUtils.java:logGet(43)) - raft.server.log.statemachine.data.sync.timeout.retry = -1 (default)
2019-07-16 15:43:02,107 INFO  server.RaftServerConfigKeys (ConfUtils.java:logGet(43)) - raft.server.log.statemachine.data.caching.enabled = true (custom)
2019-07-16 15:43:02,107 INFO  segmented.SegmentedRaftLogWorker (SegmentedRaftLogWorker.java:lambda$new$0(132)) - fabda6e0-a09f-4419-830c-2453dd2f9e1e-SegmentedRaftLogWorker:Storage Directory /workdir/hadoop-ozone/integration-test/target/test-dir/MiniOzoneClusterImpl-b0b1d809-0124-4458-88f1-9092fc7d7699/datanode-6/data/ratis/04cc4ba9-1e1e-44e5-b79d-3d0f00b83878: flushIndex: setUnconditionally 0 -> -1
2019-07-16 15:43:02,108 INFO  server.RaftServerConfigKeys (ConfUtils.java:logGet(43)) - raft.server.snapshot.auto.trigger.enabled = true (custom)
2019-07-16 15:43:02,108 INFO  server.RaftServerConfigKeys (ConfUtils.java:logGet(43)) - raft.server.snapshot.auto.trigger.threshold = 10000 (custom)
2019-07-16 15:43:02,108 INFO  server.RaftServerConfigKeys (ConfUtils.java:logGet(43)) - raft.server.retrycache.expirytime = 600000ms (custom)
2019-07-16 15:43:02,108 INFO  impl.RaftServerImpl (RaftServerImpl.java:start(180)) - fabda6e0-a09f-4419-830c-2453dd2f9e1e: start group-3D0F00B83878
2019-07-16 15:43:02,108 INFO  impl.RaftServerImpl (RaftServerImpl.java:setRole(171)) - fabda6e0-a09f-4419-830c-2453dd2f9e1e:group-3D0F00B83878 changes role from null to FOLLOWER at term 0 for startAsFollower
2019-07-16 15:43:02,108 INFO  impl.RoleInfo (RoleInfo.java:updateAndGet(143)) - fabda6e0-a09f-4419-830c-2453dd2f9e1e: start FollowerState
2019-07-16 15:43:02,109 INFO  util.JmxRegister (JmxRegister.java:tryRegister(44)) - Successfully registered JMX Bean with object name Ratis:service=RaftServer,group=group-3D0F00B83878,id=fabda6e0-a09f-4419-830c-2453dd2f9e1e
2019-07-16 15:43:02,113 INFO  pipeline.PipelineStateManager (PipelineStateManager.java:addPipeline(56)) - Created pipeline Pipeline[ Id: 04cc4ba9-1e1e-44e5-b79d-3d0f00b83878, Nodes: fabda6e0-a09f-4419-830c-2453dd2f9e1e{ip: 192.168.69.88, host: trunk-nightly-kgw5x-1882989438, networkLocation: /default-rack, certSerialId: null}, Type:RATIS, Factor:ONE, State:OPEN]
2019-07-16 15:43:03,055 INFO  ozone.MiniOzoneClusterImpl (MiniOzoneClusterImpl.java:lambda$waitForClusterToBeReady$0(142)) - Cluster is ready. Got 7 of 7 DN Heartbeats.
2019-07-16 15:43:03,124 INFO  rpc.RpcClient (RpcClient.java:createVolume(287)) - Creating Volume: testblockoutputstream, with jenkins1000 as owner.
2019-07-16 15:43:03,144 INFO  rpc.RpcClient (RpcClient.java:createBucket(424)) - Creating Bucket: testblockoutputstream/testblockoutputstream, with Versioning false and Storage Type set to DISK and Encryption set to false 
2019-07-16 15:43:03,184 INFO  client.GrpcClientProtocolClient (GrpcClientProtocolClient.java:onNext(255)) - client-9DC898BA791F->7f906db9-e4b7-4c0e-bf92-52e9a3f3b7db: receive RaftClientReply:client-9DC898BA791F->7f906db9-e4b7-4c0e-bf92-52e9a3f3b7db@group-681B2F684CDD, cid=263, FAILED org.apache.ratis.protocol.NotLeaderException: Server 7f906db9-e4b7-4c0e-bf92-52e9a3f3b7db is not the leader (null). Request must be sent to leader., logIndex=0, commits[7f906db9-e4b7-4c0e-bf92-52e9a3f3b7db:c-1]
2019-07-16 15:43:03,986 INFO  container.ReplicationManager (ReplicationManager.java:start(155)) - Starting Replication Monitor Thread.
2019-07-16 15:43:03,990 INFO  container.ReplicationManager (ReplicationManager.java:run(207)) - Replication Monitor Thread took 0 milliseconds for processing 1 containers.
2019-07-16 15:43:04,203 INFO  client.GrpcClientProtocolClient (GrpcClientProtocolClient.java:onNext(255)) - client-9DC898BA791F->5b7d5ad4-fa23-4d44-8459-e734712b5ce4: receive RaftClientReply:client-9DC898BA791F->5b7d5ad4-fa23-4d44-8459-e734712b5ce4@group-681B2F684CDD, cid=263, FAILED org.apache.ratis.protocol.NotLeaderException: Server 5b7d5ad4-fa23-4d44-8459-e734712b5ce4 is not the leader (null). Request must be sent to leader., logIndex=0, commits[5b7d5ad4-fa23-4d44-8459-e734712b5ce4:c-1]
2019-07-16 15:43:05,216 INFO  client.GrpcClientProtocolClient (GrpcClientProtocolClient.java:onNext(255)) - client-9DC898BA791F->7f906db9-e4b7-4c0e-bf92-52e9a3f3b7db: receive RaftClientReply:client-9DC898BA791F->7f906db9-e4b7-4c0e-bf92-52e9a3f3b7db@group-681B2F684CDD, cid=263, FAILED org.apache.ratis.protocol.NotLeaderException: Server 7f906db9-e4b7-4c0e-bf92-52e9a3f3b7db is not the leader (null). Request must be sent to leader., logIndex=0, commits[7f906db9-e4b7-4c0e-bf92-52e9a3f3b7db:c-1]
2019-07-16 15:43:06,115 INFO  impl.FollowerState (FollowerState.java:run(106)) - 5b7d5ad4-fa23-4d44-8459-e734712b5ce4:group-D73AAC202610 changes to CANDIDATE, lastRpcTime:5086, electionTimeout:5086ms
2019-07-16 15:43:06,116 INFO  impl.RoleInfo (RoleInfo.java:shutdownFollowerState(121)) - 5b7d5ad4-fa23-4d44-8459-e734712b5ce4: shutdown FollowerState
2019-07-16 15:43:06,116 INFO  impl.RaftServerImpl (RaftServerImpl.java:setRole(171)) - 5b7d5ad4-fa23-4d44-8459-e734712b5ce4:group-D73AAC202610 changes role from FOLLOWER to CANDIDATE at term 0 for changeToCandidate
2019-07-16 15:43:06,116 INFO  impl.RoleInfo (RoleInfo.java:updateAndGet(143)) - 5b7d5ad4-fa23-4d44-8459-e734712b5ce4: start LeaderElection
2019-07-16 15:43:06,150 INFO  impl.LeaderElection (LeaderElection.java:askForVotes(181)) - 5b7d5ad4-fa23-4d44-8459-e734712b5ce4:group-D73AAC202610:LeaderElection100: begin an election at term 1 for -1: [5b7d5ad4-fa23-4d44-8459-e734712b5ce4:192.168.69.88:37198], old=null
2019-07-16 15:43:06,151 INFO  impl.RoleInfo (RoleInfo.java:shutdownLeaderElection(134)) - 5b7d5ad4-fa23-4d44-8459-e734712b5ce4: shutdown LeaderElection
2019-07-16 15:43:06,151 INFO  impl.RaftServerImpl (RaftServerImpl.java:setRole(171)) - 5b7d5ad4-fa23-4d44-8459-e734712b5ce4:group-D73AAC202610 changes role from CANDIDATE to LEADER at term 1 for changeToLeader
2019-07-16 15:43:06,151 INFO  impl.RaftServerImpl (ServerState.java:setLeader(263)) - 5b7d5ad4-fa23-4d44-8459-e734712b5ce4:group-D73AAC202610 change Leader from null to 5b7d5ad4-fa23-4d44-8459-e734712b5ce4 at term 1 for becomeLeader, leader elected after 5127ms
2019-07-16 15:43:06,153 INFO  server.RaftServerConfigKeys (ConfUtils.java:logGet(43)) - raft.server.staging.catchup.gap = 1000 (default)
2019-07-16 15:43:06,154 INFO  server.RaftServerConfigKeys (ConfUtils.java:logGet(43)) - raft.server.rpc.sleep.time = 25ms (default)
2019-07-16 15:43:06,154 INFO  server.RaftServerConfigKeys (ConfUtils.java:logGet(43)) - raft.server.write.element-limit = 4096 (default)
2019-07-16 15:43:06,154 INFO  server.RaftServerConfigKeys (ConfUtils.java:logGet(43)) - raft.server.watch.timeout = 10s (default)
2019-07-16 15:43:06,154 INFO  server.RaftServerConfigKeys (ConfUtils.java:logGet(43)) - raft.server.watch.timeout.denomination = 1s (default)
2019-07-16 15:43:06,154 INFO  server.RaftServerConfigKeys (ConfUtils.java:logGet(43)) - raft.server.watch.element-limit = 65536 (default)
2019-07-16 15:43:06,154 INFO  impl.RoleInfo (RoleInfo.java:updateAndGet(143)) - 5b7d5ad4-fa23-4d44-8459-e734712b5ce4: start LeaderState
2019-07-16 15:43:06,155 INFO  segmented.SegmentedRaftLogWorker (SegmentedRaftLogWorker.java:startLogSegment(380)) - 5b7d5ad4-fa23-4d44-8459-e734712b5ce4-SegmentedRaftLogWorker:Storage Directory /workdir/hadoop-ozone/integration-test/target/test-dir/MiniOzoneClusterImpl-b0b1d809-0124-4458-88f1-9092fc7d7699/datanode-0/data/ratis/6ec9be8d-9aa2-46f2-8b87-d73aac202610: Starting segment from index:0
2019-07-16 15:43:06,155 INFO  impl.RaftServerImpl (ServerState.java:setRaftConf(361)) - 5b7d5ad4-fa23-4d44-8459-e734712b5ce4:group-D73AAC202610 set configuration 0: [5b7d5ad4-fa23-4d44-8459-e734712b5ce4:192.168.69.88:37198], old=null at 0
2019-07-16 15:43:06,196 INFO  segmented.SegmentedRaftLogWorker (SegmentedRaftLogWorker.java:execute(569)) - 5b7d5ad4-fa23-4d44-8459-e734712b5ce4-SegmentedRaftLogWorker:Storage Directory /workdir/hadoop-ozone/integration-test/target/test-dir/MiniOzoneClusterImpl-b0b1d809-0124-4458-88f1-9092fc7d7699/datanode-0/data/ratis/6ec9be8d-9aa2-46f2-8b87-d73aac202610: created new log segment /workdir/hadoop-ozone/integration-test/target/test-dir/MiniOzoneClusterImpl-b0b1d809-0124-4458-88f1-9092fc7d7699/datanode-0/data/ratis/6ec9be8d-9aa2-46f2-8b87-d73aac202610/current/log_inprogress_0
2019-07-16 15:43:06,228 INFO  client.GrpcClientProtocolClient (GrpcClientProtocolClient.java:onNext(255)) - client-9DC898BA791F->5b7d5ad4-fa23-4d44-8459-e734712b5ce4: receive RaftClientReply:client-9DC898BA791F->5b7d5ad4-fa23-4d44-8459-e734712b5ce4@group-681B2F684CDD, cid=263, FAILED org.apache.ratis.protocol.NotLeaderException: Server 5b7d5ad4-fa23-4d44-8459-e734712b5ce4 is not the leader (null). Request must be sent to leader., logIndex=0, commits[5b7d5ad4-fa23-4d44-8459-e734712b5ce4:c-1]
2019-07-16 15:43:06,349 INFO  impl.FollowerState (FollowerState.java:run(106)) - a66c7def-8376-48eb-b603-f0d623768510:group-F666F3DC3B37 changes to CANDIDATE, lastRpcTime:5127, electionTimeout:5127ms
2019-07-16 15:43:06,350 INFO  impl.RoleInfo (RoleInfo.java:shutdownFollowerState(121)) - a66c7def-8376-48eb-b603-f0d623768510: shutdown FollowerState
2019-07-16 15:43:06,350 INFO  impl.RaftServerImpl (RaftServerImpl.java:setRole(171)) - a66c7def-8376-48eb-b603-f0d623768510:group-F666F3DC3B37 changes role from FOLLOWER to CANDIDATE at term 0 for changeToCandidate
2019-07-16 15:43:06,350 INFO  impl.RoleInfo (RoleInfo.java:updateAndGet(143)) - a66c7def-8376-48eb-b603-f0d623768510: start LeaderElection
2019-07-16 15:43:06,389 INFO  impl.LeaderElection (LeaderElection.java:askForVotes(181)) - a66c7def-8376-48eb-b603-f0d623768510:group-F666F3DC3B37:LeaderElection101: begin an election at term 1 for -1: [a66c7def-8376-48eb-b603-f0d623768510:192.168.69.88:41586], old=null
2019-07-16 15:43:06,389 INFO  impl.RoleInfo (RoleInfo.java:shutdownLeaderElection(134)) - a66c7def-8376-48eb-b603-f0d623768510: shutdown LeaderElection
2019-07-16 15:43:06,389 INFO  impl.RaftServerImpl (RaftServerImpl.java:setRole(171)) - a66c7def-8376-48eb-b603-f0d623768510:group-F666F3DC3B37 changes role from CANDIDATE to LEADER at term 1 for changeToLeader
2019-07-16 15:43:06,390 INFO  impl.RaftServerImpl (ServerState.java:setLeader(263)) - a66c7def-8376-48eb-b603-f0d623768510:group-F666F3DC3B37 change Leader from null to a66c7def-8376-48eb-b603-f0d623768510 at term 1 for becomeLeader, leader elected after 5172ms
2019-07-16 15:43:06,392 INFO  server.RaftServerConfigKeys (ConfUtils.java:logGet(43)) - raft.server.staging.catchup.gap = 1000 (default)
2019-07-16 15:43:06,392 INFO  server.RaftServerConfigKeys (ConfUtils.java:logGet(43)) - raft.server.rpc.sleep.time = 25ms (default)
2019-07-16 15:43:06,392 INFO  server.RaftServerConfigKeys (ConfUtils.java:logGet(43)) - raft.server.write.element-limit = 4096 (default)
2019-07-16 15:43:06,392 INFO  server.RaftServerConfigKeys (ConfUtils.java:logGet(43)) - raft.server.watch.timeout = 10s (default)
2019-07-16 15:43:06,393 INFO  server.RaftServerConfigKeys (ConfUtils.java:logGet(43)) - raft.server.watch.timeout.denomination = 1s (default)
2019-07-16 15:43:06,393 INFO  server.RaftServerConfigKeys (ConfUtils.java:logGet(43)) - raft.server.watch.element-limit = 65536 (default)
2019-07-16 15:43:06,393 INFO  impl.RoleInfo (RoleInfo.java:updateAndGet(143)) - a66c7def-8376-48eb-b603-f0d623768510: start LeaderState
2019-07-16 15:43:06,393 INFO  segmented.SegmentedRaftLogWorker (SegmentedRaftLogWorker.java:startLogSegment(380)) - a66c7def-8376-48eb-b603-f0d623768510-SegmentedRaftLogWorker:Storage Directory /workdir/hadoop-ozone/integration-test/target/test-dir/MiniOzoneClusterImpl-b0b1d809-0124-4458-88f1-9092fc7d7699/datanode-1/data/ratis/9a94289a-5837-4c12-8486-f666f3dc3b37: Starting segment from index:0
2019-07-16 15:43:06,394 INFO  impl.RaftServerImpl (ServerState.java:setRaftConf(361)) - a66c7def-8376-48eb-b603-f0d623768510:group-F666F3DC3B37 set configuration 0: [a66c7def-8376-48eb-b603-f0d623768510:192.168.69.88:41586], old=null at 0
2019-07-16 15:43:06,407 INFO  impl.FollowerState (FollowerState.java:run(106)) - 7f906db9-e4b7-4c0e-bf92-52e9a3f3b7db:group-29CD82924F50 changes to CANDIDATE, lastRpcTime:5013, electionTimeout:5013ms
2019-07-16 15:43:06,408 INFO  impl.RoleInfo (RoleInfo.java:shutdownFollowerState(121)) - 7f906db9-e4b7-4c0e-bf92-52e9a3f3b7db: shutdown FollowerState
2019-07-16 15:43:06,408 INFO  impl.RaftServerImpl (RaftServerImpl.java:setRole(171)) - 7f906db9-e4b7-4c0e-bf92-52e9a3f3b7db:group-29CD82924F50 changes role from FOLLOWER to CANDIDATE at term 0 for changeToCandidate
2019-07-16 15:43:06,408 INFO  impl.RoleInfo (RoleInfo.java:updateAndGet(143)) - 7f906db9-e4b7-4c0e-bf92-52e9a3f3b7db: start LeaderElection
2019-07-16 15:43:06,428 INFO  segmented.SegmentedRaftLogWorker (SegmentedRaftLogWorker.java:execute(569)) - a66c7def-8376-48eb-b603-f0d623768510-SegmentedRaftLogWorker:Storage Directory /workdir/hadoop-ozone/integration-test/target/test-dir/MiniOzoneClusterImpl-b0b1d809-0124-4458-88f1-9092fc7d7699/datanode-1/data/ratis/9a94289a-5837-4c12-8486-f666f3dc3b37: created new log segment /workdir/hadoop-ozone/integration-test/target/test-dir/MiniOzoneClusterImpl-b0b1d809-0124-4458-88f1-9092fc7d7699/datanode-1/data/ratis/9a94289a-5837-4c12-8486-f666f3dc3b37/current/log_inprogress_0
2019-07-16 15:43:06,428 INFO  impl.LeaderElection (LeaderElection.java:askForVotes(181)) - 7f906db9-e4b7-4c0e-bf92-52e9a3f3b7db:group-29CD82924F50:LeaderElection102: begin an election at term 1 for -1: [7f906db9-e4b7-4c0e-bf92-52e9a3f3b7db:192.168.69.88:40450], old=null
2019-07-16 15:43:06,428 INFO  impl.RoleInfo (RoleInfo.java:shutdownLeaderElection(134)) - 7f906db9-e4b7-4c0e-bf92-52e9a3f3b7db: shutdown LeaderElection
2019-07-16 15:43:06,428 INFO  impl.RaftServerImpl (RaftServerImpl.java:setRole(171)) - 7f906db9-e4b7-4c0e-bf92-52e9a3f3b7db:group-29CD82924F50 changes role from CANDIDATE to LEADER at term 1 for changeToLeader
2019-07-16 15:43:06,428 INFO  impl.RaftServerImpl (ServerState.java:setLeader(263)) - 7f906db9-e4b7-4c0e-bf92-52e9a3f3b7db:group-29CD82924F50 change Leader from null to 7f906db9-e4b7-4c0e-bf92-52e9a3f3b7db at term 1 for becomeLeader, leader elected after 5038ms
2019-07-16 15:43:06,432 INFO  server.RaftServerConfigKeys (ConfUtils.java:logGet(43)) - raft.server.staging.catchup.gap = 1000 (default)
2019-07-16 15:43:06,432 INFO  server.RaftServerConfigKeys (ConfUtils.java:logGet(43)) - raft.server.rpc.sleep.time = 25ms (default)
2019-07-16 15:43:06,432 INFO  server.RaftServerConfigKeys (ConfUtils.java:logGet(43)) - raft.server.write.element-limit = 4096 (default)
2019-07-16 15:43:06,432 INFO  server.RaftServerConfigKeys (ConfUtils.java:logGet(43)) - raft.server.watch.timeout = 10s (default)
2019-07-16 15:43:06,432 INFO  server.RaftServerConfigKeys (ConfUtils.java:logGet(43)) - raft.server.watch.timeout.denomination = 1s (default)
2019-07-16 15:43:06,432 INFO  server.RaftServerConfigKeys (ConfUtils.java:logGet(43)) - raft.server.watch.element-limit = 65536 (default)
2019-07-16 15:43:06,432 INFO  impl.RoleInfo (RoleInfo.java:updateAndGet(143)) - 7f906db9-e4b7-4c0e-bf92-52e9a3f3b7db: start LeaderState
2019-07-16 15:43:06,433 INFO  segmented.SegmentedRaftLogWorker (SegmentedRaftLogWorker.java:startLogSegment(380)) - 7f906db9-e4b7-4c0e-bf92-52e9a3f3b7db-SegmentedRaftLogWorker:Storage Directory /workdir/hadoop-ozone/integration-test/target/test-dir/MiniOzoneClusterImpl-b0b1d809-0124-4458-88f1-9092fc7d7699/datanode-2/data/ratis/e531056c-3801-4632-b26f-29cd82924f50: Starting segment from index:0
2019-07-16 15:43:06,433 INFO  impl.RaftServerImpl (ServerState.java:setRaftConf(361)) - 7f906db9-e4b7-4c0e-bf92-52e9a3f3b7db:group-29CD82924F50 set configuration 0: [7f906db9-e4b7-4c0e-bf92-52e9a3f3b7db:192.168.69.88:40450], old=null at 0
2019-07-16 15:43:06,456 INFO  segmented.SegmentedRaftLogWorker (SegmentedRaftLogWorker.java:execute(569)) - 7f906db9-e4b7-4c0e-bf92-52e9a3f3b7db-SegmentedRaftLogWorker:Storage Directory /workdir/hadoop-ozone/integration-test/target/test-dir/MiniOzoneClusterImpl-b0b1d809-0124-4458-88f1-9092fc7d7699/datanode-2/data/ratis/e531056c-3801-4632-b26f-29cd82924f50: created new log segment /workdir/hadoop-ozone/integration-test/target/test-dir/MiniOzoneClusterImpl-b0b1d809-0124-4458-88f1-9092fc7d7699/datanode-2/data/ratis/e531056c-3801-4632-b26f-29cd82924f50/current/log_inprogress_0
2019-07-16 15:43:06,468 INFO  impl.FollowerState (FollowerState.java:run(106)) - 5b7d5ad4-fa23-4d44-8459-e734712b5ce4:group-681B2F684CDD changes to CANDIDATE, lastRpcTime:5000, electionTimeout:5000ms
2019-07-16 15:43:06,468 INFO  impl.RoleInfo (RoleInfo.java:shutdownFollowerState(121)) - 5b7d5ad4-fa23-4d44-8459-e734712b5ce4: shutdown FollowerState
2019-07-16 15:43:06,468 INFO  impl.RaftServerImpl (RaftServerImpl.java:setRole(171)) - 5b7d5ad4-fa23-4d44-8459-e734712b5ce4:group-681B2F684CDD changes role from FOLLOWER to CANDIDATE at term 0 for changeToCandidate
2019-07-16 15:43:06,468 INFO  impl.RoleInfo (RoleInfo.java:updateAndGet(143)) - 5b7d5ad4-fa23-4d44-8459-e734712b5ce4: start LeaderElection
2019-07-16 15:43:06,505 INFO  impl.LeaderElection (LeaderElection.java:askForVotes(181)) - 5b7d5ad4-fa23-4d44-8459-e734712b5ce4:group-681B2F684CDD:LeaderElection103: begin an election at term 1 for -1: [7f906db9-e4b7-4c0e-bf92-52e9a3f3b7db:192.168.69.88:40450, a66c7def-8376-48eb-b603-f0d623768510:192.168.69.88:41586, 5b7d5ad4-fa23-4d44-8459-e734712b5ce4:192.168.69.88:37198], old=null
2019-07-16 15:43:06,509 INFO  impl.RaftServerImpl (RaftServerImpl.java:setRole(171)) - 7f906db9-e4b7-4c0e-bf92-52e9a3f3b7db:group-681B2F684CDD changes role from FOLLOWER to FOLLOWER at term 1 for recognizeCandidate:5b7d5ad4-fa23-4d44-8459-e734712b5ce4
2019-07-16 15:43:06,513 INFO  impl.RaftServerImpl (RaftServerImpl.java:setRole(171)) - a66c7def-8376-48eb-b603-f0d623768510:group-681B2F684CDD changes role from FOLLOWER to FOLLOWER at term 1 for recognizeCandidate:5b7d5ad4-fa23-4d44-8459-e734712b5ce4
2019-07-16 15:43:06,513 INFO  impl.RoleInfo (RoleInfo.java:shutdownFollowerState(121)) - 7f906db9-e4b7-4c0e-bf92-52e9a3f3b7db: shutdown FollowerState
2019-07-16 15:43:06,514 INFO  impl.RoleInfo (RoleInfo.java:shutdownFollowerState(121)) - a66c7def-8376-48eb-b603-f0d623768510: shutdown FollowerState
2019-07-16 15:43:06,514 INFO  impl.FollowerState (FollowerState.java:run(114)) - 7f906db9-e4b7-4c0e-bf92-52e9a3f3b7db: FollowerState was interrupted: java.lang.InterruptedException: sleep interrupted
2019-07-16 15:43:06,514 INFO  impl.FollowerState (FollowerState.java:run(114)) - a66c7def-8376-48eb-b603-f0d623768510: FollowerState was interrupted: java.lang.InterruptedException: sleep interrupted
2019-07-16 15:43:06,514 INFO  impl.RoleInfo (RoleInfo.java:updateAndGet(143)) - 7f906db9-e4b7-4c0e-bf92-52e9a3f3b7db: start FollowerState
2019-07-16 15:43:06,514 INFO  impl.RoleInfo (RoleInfo.java:updateAndGet(143)) - a66c7def-8376-48eb-b603-f0d623768510: start FollowerState
2019-07-16 15:43:06,534 INFO  impl.LeaderElection (LeaderElection.java:logAndReturn(56)) - 5b7d5ad4-fa23-4d44-8459-e734712b5ce4:group-681B2F684CDD:LeaderElection103: Election PASSED; received 1 response(s) [5b7d5ad4-fa23-4d44-8459-e734712b5ce4<-7f906db9-e4b7-4c0e-bf92-52e9a3f3b7db#0:OK-t1] and 0 exception(s); 5b7d5ad4-fa23-4d44-8459-e734712b5ce4:t1, leader=null, voted=5b7d5ad4-fa23-4d44-8459-e734712b5ce4, raftlog=5b7d5ad4-fa23-4d44-8459-e734712b5ce4-SegmentedRaftLog:OPENED:c-1,f-1,i0, conf=-1: [7f906db9-e4b7-4c0e-bf92-52e9a3f3b7db:192.168.69.88:40450, a66c7def-8376-48eb-b603-f0d623768510:192.168.69.88:41586, 5b7d5ad4-fa23-4d44-8459-e734712b5ce4:192.168.69.88:37198], old=null
2019-07-16 15:43:06,534 INFO  impl.RoleInfo (RoleInfo.java:shutdownLeaderElection(134)) - 5b7d5ad4-fa23-4d44-8459-e734712b5ce4: shutdown LeaderElection
2019-07-16 15:43:06,534 INFO  impl.RaftServerImpl (RaftServerImpl.java:setRole(171)) - 5b7d5ad4-fa23-4d44-8459-e734712b5ce4:group-681B2F684CDD changes role from CANDIDATE to LEADER at term 1 for changeToLeader
2019-07-16 15:43:06,534 INFO  impl.RaftServerImpl (ServerState.java:setLeader(263)) - 5b7d5ad4-fa23-4d44-8459-e734712b5ce4:group-681B2F684CDD change Leader from null to 5b7d5ad4-fa23-4d44-8459-e734712b5ce4 at term 1 for becomeLeader, leader elected after 5081ms
2019-07-16 15:43:06,534 INFO  server.RaftServerConfigKeys (ConfUtils.java:logGet(43)) - raft.server.staging.catchup.gap = 1000 (default)
2019-07-16 15:43:06,534 INFO  server.RaftServerConfigKeys (ConfUtils.java:logGet(43)) - raft.server.rpc.sleep.time = 25ms (default)
2019-07-16 15:43:06,535 INFO  server.RaftServerConfigKeys (ConfUtils.java:logGet(43)) - raft.server.write.element-limit = 4096 (default)
2019-07-16 15:43:06,535 INFO  server.RaftServerConfigKeys (ConfUtils.java:logGet(43)) - raft.server.watch.timeout = 10s (default)
2019-07-16 15:43:06,535 INFO  server.RaftServerConfigKeys (ConfUtils.java:logGet(43)) - raft.server.watch.timeout.denomination = 1s (default)
2019-07-16 15:43:06,535 INFO  server.RaftServerConfigKeys (ConfUtils.java:logGet(43)) - raft.server.watch.element-limit = 65536 (default)
2019-07-16 15:43:06,535 INFO  server.RaftServerConfigKeys (ConfUtils.java:logGet(43)) - raft.server.log.appender.snapshot.chunk.size.max = 16MB (=16777216) (default)
2019-07-16 15:43:06,535 INFO  server.RaftServerConfigKeys (ConfUtils.java:logGet(43)) - raft.server.log.appender.buffer.byte-limit = 33554432 (custom)
2019-07-16 15:43:06,535 INFO  server.RaftServerConfigKeys (ConfUtils.java:logGet(43)) - raft.server.log.appender.buffer.element-limit = 1 (custom)
2019-07-16 15:43:06,536 INFO  grpc.GrpcConfigKeys$Server (ConfUtils.java:logGet(43)) - raft.grpc.server.leader.outstanding.appends.max = 128 (default)
2019-07-16 15:43:06,536 INFO  server.RaftServerConfigKeys (ConfUtils.java:logGet(43)) - raft.server.rpc.request.timeout = 3000ms (default)
2019-07-16 15:43:06,536 INFO  server.RaftServerConfigKeys (ConfUtils.java:logGet(43)) - raft.server.log.appender.install.snapshot.enabled = false (custom)
2019-07-16 15:43:06,536 INFO  server.RaftServerConfigKeys (ConfUtils.java:logGet(43)) - raft.server.log.appender.snapshot.chunk.size.max = 16MB (=16777216) (default)
2019-07-16 15:43:06,536 INFO  server.RaftServerConfigKeys (ConfUtils.java:logGet(43)) - raft.server.log.appender.buffer.byte-limit = 33554432 (custom)
2019-07-16 15:43:06,536 INFO  server.RaftServerConfigKeys (ConfUtils.java:logGet(43)) - raft.server.log.appender.buffer.element-limit = 1 (custom)
2019-07-16 15:43:06,536 INFO  grpc.GrpcConfigKeys$Server (ConfUtils.java:logGet(43)) - raft.grpc.server.leader.outstanding.appends.max = 128 (default)
2019-07-16 15:43:06,537 INFO  server.RaftServerConfigKeys (ConfUtils.java:logGet(43)) - raft.server.rpc.request.timeout = 3000ms (default)
2019-07-16 15:43:06,537 INFO  server.RaftServerConfigKeys (ConfUtils.java:logGet(43)) - raft.server.log.appender.install.snapshot.enabled = false (custom)
2019-07-16 15:43:06,537 INFO  impl.RoleInfo (RoleInfo.java:updateAndGet(143)) - 5b7d5ad4-fa23-4d44-8459-e734712b5ce4: start LeaderState
2019-07-16 15:43:06,537 INFO  segmented.SegmentedRaftLogWorker (SegmentedRaftLogWorker.java:startLogSegment(380)) - 5b7d5ad4-fa23-4d44-8459-e734712b5ce4-SegmentedRaftLogWorker:Storage Directory /workdir/hadoop-ozone/integration-test/target/test-dir/MiniOzoneClusterImpl-b0b1d809-0124-4458-88f1-9092fc7d7699/datanode-0/data/ratis/289b8484-d815-4f0d-b231-681b2f684cdd: Starting segment from index:0
2019-07-16 15:43:06,538 INFO  impl.RaftServerImpl (ServerState.java:setRaftConf(361)) - 5b7d5ad4-fa23-4d44-8459-e734712b5ce4:group-681B2F684CDD set configuration 0: [7f906db9-e4b7-4c0e-bf92-52e9a3f3b7db:192.168.69.88:40450, a66c7def-8376-48eb-b603-f0d623768510:192.168.69.88:41586, 5b7d5ad4-fa23-4d44-8459-e734712b5ce4:192.168.69.88:37198], old=null at 0
2019-07-16 15:43:06,557 INFO  impl.RaftServerImpl (ServerState.java:setLeader(263)) - a66c7def-8376-48eb-b603-f0d623768510:group-681B2F684CDD change Leader from null to 5b7d5ad4-fa23-4d44-8459-e734712b5ce4 at term 1 for appendEntries, leader elected after 5104ms
2019-07-16 15:43:06,557 INFO  impl.RaftServerImpl (ServerState.java:setLeader(263)) - 7f906db9-e4b7-4c0e-bf92-52e9a3f3b7db:group-681B2F684CDD change Leader from null to 5b7d5ad4-fa23-4d44-8459-e734712b5ce4 at term 1 for appendEntries, leader elected after 5103ms
2019-07-16 15:43:06,564 INFO  impl.RaftServerImpl (ServerState.java:setRaftConf(361)) - a66c7def-8376-48eb-b603-f0d623768510:group-681B2F684CDD set configuration 0: [7f906db9-e4b7-4c0e-bf92-52e9a3f3b7db:192.168.69.88:40450, a66c7def-8376-48eb-b603-f0d623768510:192.168.69.88:41586, 5b7d5ad4-fa23-4d44-8459-e734712b5ce4:192.168.69.88:37198], old=null at 0
2019-07-16 15:43:06,564 INFO  impl.RaftServerImpl (ServerState.java:setRaftConf(361)) - 7f906db9-e4b7-4c0e-bf92-52e9a3f3b7db:group-681B2F684CDD set configuration 0: [7f906db9-e4b7-4c0e-bf92-52e9a3f3b7db:192.168.69.88:40450, a66c7def-8376-48eb-b603-f0d623768510:192.168.69.88:41586, 5b7d5ad4-fa23-4d44-8459-e734712b5ce4:192.168.69.88:37198], old=null at 0
2019-07-16 15:43:06,564 INFO  segmented.SegmentedRaftLogWorker (SegmentedRaftLogWorker.java:startLogSegment(380)) - a66c7def-8376-48eb-b603-f0d623768510-SegmentedRaftLogWorker:Storage Directory /workdir/hadoop-ozone/integration-test/target/test-dir/MiniOzoneClusterImpl-b0b1d809-0124-4458-88f1-9092fc7d7699/datanode-1/data/ratis/289b8484-d815-4f0d-b231-681b2f684cdd: Starting segment from index:0
2019-07-16 15:43:06,564 INFO  segmented.SegmentedRaftLogWorker (SegmentedRaftLogWorker.java:startLogSegment(380)) - 7f906db9-e4b7-4c0e-bf92-52e9a3f3b7db-SegmentedRaftLogWorker:Storage Directory /workdir/hadoop-ozone/integration-test/target/test-dir/MiniOzoneClusterImpl-b0b1d809-0124-4458-88f1-9092fc7d7699/datanode-2/data/ratis/289b8484-d815-4f0d-b231-681b2f684cdd: Starting segment from index:0
2019-07-16 15:43:06,568 INFO  segmented.SegmentedRaftLogWorker (SegmentedRaftLogWorker.java:execute(569)) - 5b7d5ad4-fa23-4d44-8459-e734712b5ce4-SegmentedRaftLogWorker:Storage Directory /workdir/hadoop-ozone/integration-test/target/test-dir/MiniOzoneClusterImpl-b0b1d809-0124-4458-88f1-9092fc7d7699/datanode-0/data/ratis/289b8484-d815-4f0d-b231-681b2f684cdd: created new log segment /workdir/hadoop-ozone/integration-test/target/test-dir/MiniOzoneClusterImpl-b0b1d809-0124-4458-88f1-9092fc7d7699/datanode-0/data/ratis/289b8484-d815-4f0d-b231-681b2f684cdd/current/log_inprogress_0
2019-07-16 15:43:06,583 INFO  impl.FollowerState (FollowerState.java:run(106)) - 6902b20e-941c-4ef5-8c7a-b05463cf680e:group-9D1DF3FBE46E changes to CANDIDATE, lastRpcTime:5029, electionTimeout:5029ms
2019-07-16 15:43:06,583 INFO  impl.RoleInfo (RoleInfo.java:shutdownFollowerState(121)) - 6902b20e-941c-4ef5-8c7a-b05463cf680e: shutdown FollowerState
2019-07-16 15:43:06,583 INFO  impl.RaftServerImpl (RaftServerImpl.java:setRole(171)) - 6902b20e-941c-4ef5-8c7a-b05463cf680e:group-9D1DF3FBE46E changes role from FOLLOWER to CANDIDATE at term 0 for changeToCandidate
2019-07-16 15:43:06,583 INFO  impl.RoleInfo (RoleInfo.java:updateAndGet(143)) - 6902b20e-941c-4ef5-8c7a-b05463cf680e: start LeaderElection
2019-07-16 15:43:06,597 INFO  segmented.SegmentedRaftLogWorker (SegmentedRaftLogWorker.java:execute(569)) - 7f906db9-e4b7-4c0e-bf92-52e9a3f3b7db-SegmentedRaftLogWorker:Storage Directory /workdir/hadoop-ozone/integration-test/target/test-dir/MiniOzoneClusterImpl-b0b1d809-0124-4458-88f1-9092fc7d7699/datanode-2/data/ratis/289b8484-d815-4f0d-b231-681b2f684cdd: created new log segment /workdir/hadoop-ozone/integration-test/target/test-dir/MiniOzoneClusterImpl-b0b1d809-0124-4458-88f1-9092fc7d7699/datanode-2/data/ratis/289b8484-d815-4f0d-b231-681b2f684cdd/current/log_inprogress_0
2019-07-16 15:43:06,597 INFO  segmented.SegmentedRaftLogWorker (SegmentedRaftLogWorker.java:execute(569)) - a66c7def-8376-48eb-b603-f0d623768510-SegmentedRaftLogWorker:Storage Directory /workdir/hadoop-ozone/integration-test/target/test-dir/MiniOzoneClusterImpl-b0b1d809-0124-4458-88f1-9092fc7d7699/datanode-1/data/ratis/289b8484-d815-4f0d-b231-681b2f684cdd: created new log segment /workdir/hadoop-ozone/integration-test/target/test-dir/MiniOzoneClusterImpl-b0b1d809-0124-4458-88f1-9092fc7d7699/datanode-1/data/ratis/289b8484-d815-4f0d-b231-681b2f684cdd/current/log_inprogress_0
2019-07-16 15:43:06,610 INFO  impl.LeaderElection (LeaderElection.java:askForVotes(181)) - 6902b20e-941c-4ef5-8c7a-b05463cf680e:group-9D1DF3FBE46E:LeaderElection104: begin an election at term 1 for -1: [6902b20e-941c-4ef5-8c7a-b05463cf680e:192.168.69.88:46555], old=null
2019-07-16 15:43:06,610 INFO  impl.RoleInfo (RoleInfo.java:shutdownLeaderElection(134)) - 6902b20e-941c-4ef5-8c7a-b05463cf680e: shutdown LeaderElection
2019-07-16 15:43:06,610 INFO  impl.RaftServerImpl (RaftServerImpl.java:setRole(171)) - 6902b20e-941c-4ef5-8c7a-b05463cf680e:group-9D1DF3FBE46E changes role from CANDIDATE to LEADER at term 1 for changeToLeader
2019-07-16 15:43:06,610 INFO  impl.RaftServerImpl (ServerState.java:setLeader(263)) - 6902b20e-941c-4ef5-8c7a-b05463cf680e:group-9D1DF3FBE46E change Leader from null to 6902b20e-941c-4ef5-8c7a-b05463cf680e at term 1 for becomeLeader, leader elected after 5060ms
2019-07-16 15:43:06,613 INFO  server.RaftServerConfigKeys (ConfUtils.java:logGet(43)) - raft.server.staging.catchup.gap = 1000 (default)
2019-07-16 15:43:06,613 INFO  server.RaftServerConfigKeys (ConfUtils.java:logGet(43)) - raft.server.rpc.sleep.time = 25ms (default)
2019-07-16 15:43:06,613 INFO  server.RaftServerConfigKeys (ConfUtils.java:logGet(43)) - raft.server.write.element-limit = 4096 (default)
2019-07-16 15:43:06,613 INFO  server.RaftServerConfigKeys (ConfUtils.java:logGet(43)) - raft.server.watch.timeout = 10s (default)
2019-07-16 15:43:06,613 INFO  server.RaftServerConfigKeys (ConfUtils.java:logGet(43)) - raft.server.watch.timeout.denomination = 1s (default)
2019-07-16 15:43:06,614 INFO  server.RaftServerConfigKeys (ConfUtils.java:logGet(43)) - raft.server.watch.element-limit = 65536 (default)
2019-07-16 15:43:06,614 INFO  impl.RoleInfo (RoleInfo.java:updateAndGet(143)) - 6902b20e-941c-4ef5-8c7a-b05463cf680e: start LeaderState
2019-07-16 15:43:06,614 INFO  segmented.SegmentedRaftLogWorker (SegmentedRaftLogWorker.java:startLogSegment(380)) - 6902b20e-941c-4ef5-8c7a-b05463cf680e-SegmentedRaftLogWorker:Storage Directory /workdir/hadoop-ozone/integration-test/target/test-dir/MiniOzoneClusterImpl-b0b1d809-0124-4458-88f1-9092fc7d7699/datanode-3/data/ratis/c7102bb3-b176-46d2-95fc-9d1df3fbe46e: Starting segment from index:0
2019-07-16 15:43:06,615 INFO  impl.RaftServerImpl (ServerState.java:setRaftConf(361)) - 6902b20e-941c-4ef5-8c7a-b05463cf680e:group-9D1DF3FBE46E set configuration 0: [6902b20e-941c-4ef5-8c7a-b05463cf680e:192.168.69.88:46555], old=null at 0
2019-07-16 15:43:06,656 INFO  segmented.SegmentedRaftLogWorker (SegmentedRaftLogWorker.java:execute(569)) - 6902b20e-941c-4ef5-8c7a-b05463cf680e-SegmentedRaftLogWorker:Storage Directory /workdir/hadoop-ozone/integration-test/target/test-dir/MiniOzoneClusterImpl-b0b1d809-0124-4458-88f1-9092fc7d7699/datanode-3/data/ratis/c7102bb3-b176-46d2-95fc-9d1df3fbe46e: created new log segment /workdir/hadoop-ozone/integration-test/target/test-dir/MiniOzoneClusterImpl-b0b1d809-0124-4458-88f1-9092fc7d7699/datanode-3/data/ratis/c7102bb3-b176-46d2-95fc-9d1df3fbe46e/current/log_inprogress_0
2019-07-16 15:43:06,873 INFO  impl.FollowerState (FollowerState.java:run(106)) - e47ed8fe-fd5e-43bb-982d-b334af27f265:group-2BB0874D3F58 changes to CANDIDATE, lastRpcTime:5136, electionTimeout:5136ms
2019-07-16 15:43:06,873 INFO  impl.RoleInfo (RoleInfo.java:shutdownFollowerState(121)) - e47ed8fe-fd5e-43bb-982d-b334af27f265: shutdown FollowerState
2019-07-16 15:43:06,873 INFO  impl.RaftServerImpl (RaftServerImpl.java:setRole(171)) - e47ed8fe-fd5e-43bb-982d-b334af27f265:group-2BB0874D3F58 changes role from FOLLOWER to CANDIDATE at term 0 for changeToCandidate
2019-07-16 15:43:06,873 INFO  impl.RoleInfo (RoleInfo.java:updateAndGet(143)) - e47ed8fe-fd5e-43bb-982d-b334af27f265: start LeaderElection
2019-07-16 15:43:06,884 INFO  impl.LeaderElection (LeaderElection.java:askForVotes(181)) - e47ed8fe-fd5e-43bb-982d-b334af27f265:group-2BB0874D3F58:LeaderElection105: begin an election at term 1 for -1: [e47ed8fe-fd5e-43bb-982d-b334af27f265:192.168.69.88:43415], old=null
2019-07-16 15:43:06,884 INFO  impl.RoleInfo (RoleInfo.java:shutdownLeaderElection(134)) - e47ed8fe-fd5e-43bb-982d-b334af27f265: shutdown LeaderElection
2019-07-16 15:43:06,884 INFO  impl.RaftServerImpl (RaftServerImpl.java:setRole(171)) - e47ed8fe-fd5e-43bb-982d-b334af27f265:group-2BB0874D3F58 changes role from CANDIDATE to LEADER at term 1 for changeToLeader
2019-07-16 15:43:06,884 INFO  impl.RaftServerImpl (ServerState.java:setLeader(263)) - e47ed8fe-fd5e-43bb-982d-b334af27f265:group-2BB0874D3F58 change Leader from null to e47ed8fe-fd5e-43bb-982d-b334af27f265 at term 1 for becomeLeader, leader elected after 5151ms
2019-07-16 15:43:06,887 INFO  server.RaftServerConfigKeys (ConfUtils.java:logGet(43)) - raft.server.staging.catchup.gap = 1000 (default)
2019-07-16 15:43:06,887 INFO  server.RaftServerConfigKeys (ConfUtils.java:logGet(43)) - raft.server.rpc.sleep.time = 25ms (default)
2019-07-16 15:43:06,887 INFO  server.RaftServerConfigKeys (ConfUtils.java:logGet(43)) - raft.server.write.element-limit = 4096 (default)
2019-07-16 15:43:06,887 INFO  server.RaftServerConfigKeys (ConfUtils.java:logGet(43)) - raft.server.watch.timeout = 10s (default)
2019-07-16 15:43:06,887 INFO  server.RaftServerConfigKeys (ConfUtils.java:logGet(43)) - raft.server.watch.timeout.denomination = 1s (default)
2019-07-16 15:43:06,887 INFO  server.RaftServerConfigKeys (ConfUtils.java:logGet(43)) - raft.server.watch.element-limit = 65536 (default)
2019-07-16 15:43:06,887 INFO  impl.RoleInfo (RoleInfo.java:updateAndGet(143)) - e47ed8fe-fd5e-43bb-982d-b334af27f265: start LeaderState
2019-07-16 15:43:06,888 INFO  segmented.SegmentedRaftLogWorker (SegmentedRaftLogWorker.java:startLogSegment(380)) - e47ed8fe-fd5e-43bb-982d-b334af27f265-SegmentedRaftLogWorker:Storage Directory /workdir/hadoop-ozone/integration-test/target/test-dir/MiniOzoneClusterImpl-b0b1d809-0124-4458-88f1-9092fc7d7699/datanode-4/data/ratis/3c3824aa-833f-4534-a2a0-2bb0874d3f58: Starting segment from index:0
2019-07-16 15:43:06,888 INFO  impl.RaftServerImpl (ServerState.java:setRaftConf(361)) - e47ed8fe-fd5e-43bb-982d-b334af27f265:group-2BB0874D3F58 set configuration 0: [e47ed8fe-fd5e-43bb-982d-b334af27f265:192.168.69.88:43415], old=null at 0
2019-07-16 15:43:06,928 INFO  segmented.SegmentedRaftLogWorker (SegmentedRaftLogWorker.java:execute(569)) - e47ed8fe-fd5e-43bb-982d-b334af27f265-SegmentedRaftLogWorker:Storage Directory /workdir/hadoop-ozone/integration-test/target/test-dir/MiniOzoneClusterImpl-b0b1d809-0124-4458-88f1-9092fc7d7699/datanode-4/data/ratis/3c3824aa-833f-4534-a2a0-2bb0874d3f58: created new log segment /workdir/hadoop-ozone/integration-test/target/test-dir/MiniOzoneClusterImpl-b0b1d809-0124-4458-88f1-9092fc7d7699/datanode-4/data/ratis/3c3824aa-833f-4534-a2a0-2bb0874d3f58/current/log_inprogress_0
2019-07-16 15:43:07,034 INFO  impl.FollowerState (FollowerState.java:run(106)) - c3ac9ecf-9611-41f7-bf05-610caa4feb8e:group-D5CA06AC40AC changes to CANDIDATE, lastRpcTime:5108, electionTimeout:5108ms
2019-07-16 15:43:07,034 INFO  impl.FollowerState (FollowerState.java:run(106)) - e47ed8fe-fd5e-43bb-982d-b334af27f265:group-ED9AF3F9D2B9 changes to CANDIDATE, lastRpcTime:5050, electionTimeout:5050ms
2019-07-16 15:43:07,034 INFO  impl.RoleInfo (RoleInfo.java:shutdownFollowerState(121)) - c3ac9ecf-9611-41f7-bf05-610caa4feb8e: shutdown FollowerState
2019-07-16 15:43:07,034 INFO  impl.RoleInfo (RoleInfo.java:shutdownFollowerState(121)) - e47ed8fe-fd5e-43bb-982d-b334af27f265: shutdown FollowerState
2019-07-16 15:43:07,034 INFO  impl.RaftServerImpl (RaftServerImpl.java:setRole(171)) - c3ac9ecf-9611-41f7-bf05-610caa4feb8e:group-D5CA06AC40AC changes role from FOLLOWER to CANDIDATE at term 0 for changeToCandidate
2019-07-16 15:43:07,034 INFO  impl.RaftServerImpl (RaftServerImpl.java:setRole(171)) - e47ed8fe-fd5e-43bb-982d-b334af27f265:group-ED9AF3F9D2B9 changes role from FOLLOWER to CANDIDATE at term 0 for changeToCandidate
2019-07-16 15:43:07,034 INFO  impl.RoleInfo (RoleInfo.java:updateAndGet(143)) - c3ac9ecf-9611-41f7-bf05-610caa4feb8e: start LeaderElection
2019-07-16 15:43:07,035 INFO  impl.RoleInfo (RoleInfo.java:updateAndGet(143)) - e47ed8fe-fd5e-43bb-982d-b334af27f265: start LeaderElection
2019-07-16 15:43:07,055 INFO  impl.LeaderElection (LeaderElection.java:askForVotes(181)) - c3ac9ecf-9611-41f7-bf05-610caa4feb8e:group-D5CA06AC40AC:LeaderElection106: begin an election at term 1 for -1: [c3ac9ecf-9611-41f7-bf05-610caa4feb8e:192.168.69.88:37874], old=null
2019-07-16 15:43:07,055 INFO  impl.LeaderElection (LeaderElection.java:askForVotes(181)) - e47ed8fe-fd5e-43bb-982d-b334af27f265:group-ED9AF3F9D2B9:LeaderElection107: begin an election at term 1 for -1: [6902b20e-941c-4ef5-8c7a-b05463cf680e:192.168.69.88:46555, c3ac9ecf-9611-41f7-bf05-610caa4feb8e:192.168.69.88:37874, e47ed8fe-fd5e-43bb-982d-b334af27f265:192.168.69.88:43415], old=null
2019-07-16 15:43:07,055 INFO  impl.RoleInfo (RoleInfo.java:shutdownLeaderElection(134)) - c3ac9ecf-9611-41f7-bf05-610caa4feb8e: shutdown LeaderElection
2019-07-16 15:43:07,055 INFO  impl.RaftServerImpl (RaftServerImpl.java:setRole(171)) - c3ac9ecf-9611-41f7-bf05-610caa4feb8e:group-D5CA06AC40AC changes role from CANDIDATE to LEADER at term 1 for changeToLeader
2019-07-16 15:43:07,056 INFO  impl.RaftServerImpl (ServerState.java:setLeader(263)) - c3ac9ecf-9611-41f7-bf05-610caa4feb8e:group-D5CA06AC40AC change Leader from null to c3ac9ecf-9611-41f7-bf05-610caa4feb8e at term 1 for becomeLeader, leader elected after 5134ms
2019-07-16 15:43:07,060 INFO  server.RaftServerConfigKeys (ConfUtils.java:logGet(43)) - raft.server.staging.catchup.gap = 1000 (default)
2019-07-16 15:43:07,060 INFO  server.RaftServerConfigKeys (ConfUtils.java:logGet(43)) - raft.server.rpc.sleep.time = 25ms (default)
2019-07-16 15:43:07,061 INFO  server.RaftServerConfigKeys (ConfUtils.java:logGet(43)) - raft.server.write.element-limit = 4096 (default)
2019-07-16 15:43:07,061 INFO  server.RaftServerConfigKeys (ConfUtils.java:logGet(43)) - raft.server.watch.timeout = 10s (default)
2019-07-16 15:43:07,061 INFO  server.RaftServerConfigKeys (ConfUtils.java:logGet(43)) - raft.server.watch.timeout.denomination = 1s (default)
2019-07-16 15:43:07,061 INFO  server.RaftServerConfigKeys (ConfUtils.java:logGet(43)) - raft.server.watch.element-limit = 65536 (default)
2019-07-16 15:43:07,061 INFO  impl.RoleInfo (RoleInfo.java:updateAndGet(143)) - c3ac9ecf-9611-41f7-bf05-610caa4feb8e: start LeaderState
2019-07-16 15:43:07,064 INFO  segmented.SegmentedRaftLogWorker (SegmentedRaftLogWorker.java:startLogSegment(380)) - c3ac9ecf-9611-41f7-bf05-610caa4feb8e-SegmentedRaftLogWorker:Storage Directory /workdir/hadoop-ozone/integration-test/target/test-dir/MiniOzoneClusterImpl-b0b1d809-0124-4458-88f1-9092fc7d7699/datanode-5/data/ratis/85964782-bb6c-4ae7-b847-d5ca06ac40ac: Starting segment from index:0
2019-07-16 15:43:07,065 INFO  impl.RaftServerImpl (ServerState.java:setRaftConf(361)) - c3ac9ecf-9611-41f7-bf05-610caa4feb8e:group-D5CA06AC40AC set configuration 0: [c3ac9ecf-9611-41f7-bf05-610caa4feb8e:192.168.69.88:37874], old=null at 0
2019-07-16 15:43:07,087 INFO  impl.RaftServerImpl (RaftServerImpl.java:setRole(171)) - c3ac9ecf-9611-41f7-bf05-610caa4feb8e:group-ED9AF3F9D2B9 changes role from FOLLOWER to FOLLOWER at term 1 for recognizeCandidate:e47ed8fe-fd5e-43bb-982d-b334af27f265
2019-07-16 15:43:07,087 INFO  impl.RaftServerImpl (RaftServerImpl.java:setRole(171)) - 6902b20e-941c-4ef5-8c7a-b05463cf680e:group-ED9AF3F9D2B9 changes role from FOLLOWER to FOLLOWER at term 1 for recognizeCandidate:e47ed8fe-fd5e-43bb-982d-b334af27f265
2019-07-16 15:43:07,087 INFO  impl.RoleInfo (RoleInfo.java:shutdownFollowerState(121)) - c3ac9ecf-9611-41f7-bf05-610caa4feb8e: shutdown FollowerState
2019-07-16 15:43:07,087 INFO  impl.RoleInfo (RoleInfo.java:shutdownFollowerState(121)) - 6902b20e-941c-4ef5-8c7a-b05463cf680e: shutdown FollowerState
2019-07-16 15:43:07,087 INFO  impl.RoleInfo (RoleInfo.java:updateAndGet(143)) - c3ac9ecf-9611-41f7-bf05-610caa4feb8e: start FollowerState
2019-07-16 15:43:07,088 INFO  impl.FollowerState (FollowerState.java:run(114)) - 6902b20e-941c-4ef5-8c7a-b05463cf680e: FollowerState was interrupted: java.lang.InterruptedException: sleep interrupted
2019-07-16 15:43:07,087 INFO  impl.RoleInfo (RoleInfo.java:updateAndGet(143)) - 6902b20e-941c-4ef5-8c7a-b05463cf680e: start FollowerState
2019-07-16 15:43:07,087 INFO  impl.FollowerState (FollowerState.java:run(114)) - c3ac9ecf-9611-41f7-bf05-610caa4feb8e: FollowerState was interrupted: java.lang.InterruptedException: sleep interrupted
2019-07-16 15:43:07,099 INFO  segmented.SegmentedRaftLogWorker (SegmentedRaftLogWorker.java:execute(569)) - c3ac9ecf-9611-41f7-bf05-610caa4feb8e-SegmentedRaftLogWorker:Storage Directory /workdir/hadoop-ozone/integration-test/target/test-dir/MiniOzoneClusterImpl-b0b1d809-0124-4458-88f1-9092fc7d7699/datanode-5/data/ratis/85964782-bb6c-4ae7-b847-d5ca06ac40ac: created new log segment /workdir/hadoop-ozone/integration-test/target/test-dir/MiniOzoneClusterImpl-b0b1d809-0124-4458-88f1-9092fc7d7699/datanode-5/data/ratis/85964782-bb6c-4ae7-b847-d5ca06ac40ac/current/log_inprogress_0
2019-07-16 15:43:07,113 INFO  impl.LeaderElection (LeaderElection.java:logAndReturn(56)) - e47ed8fe-fd5e-43bb-982d-b334af27f265:group-ED9AF3F9D2B9:LeaderElection107: Election PASSED; received 1 response(s) [e47ed8fe-fd5e-43bb-982d-b334af27f265<-c3ac9ecf-9611-41f7-bf05-610caa4feb8e#0:OK-t1] and 0 exception(s); e47ed8fe-fd5e-43bb-982d-b334af27f265:t1, leader=null, voted=e47ed8fe-fd5e-43bb-982d-b334af27f265, raftlog=e47ed8fe-fd5e-43bb-982d-b334af27f265-SegmentedRaftLog:OPENED:c-1,f-1,i0, conf=-1: [6902b20e-941c-4ef5-8c7a-b05463cf680e:192.168.69.88:46555, c3ac9ecf-9611-41f7-bf05-610caa4feb8e:192.168.69.88:37874, e47ed8fe-fd5e-43bb-982d-b334af27f265:192.168.69.88:43415], old=null
2019-07-16 15:43:07,114 INFO  impl.RoleInfo (RoleInfo.java:shutdownLeaderElection(134)) - e47ed8fe-fd5e-43bb-982d-b334af27f265: shutdown LeaderElection
2019-07-16 15:43:07,114 INFO  impl.RaftServerImpl (RaftServerImpl.java:setRole(171)) - e47ed8fe-fd5e-43bb-982d-b334af27f265:group-ED9AF3F9D2B9 changes role from CANDIDATE to LEADER at term 1 for changeToLeader
2019-07-16 15:43:07,114 INFO  impl.RaftServerImpl (ServerState.java:setLeader(263)) - e47ed8fe-fd5e-43bb-982d-b334af27f265:group-ED9AF3F9D2B9 change Leader from null to e47ed8fe-fd5e-43bb-982d-b334af27f265 at term 1 for becomeLeader, leader elected after 5138ms
2019-07-16 15:43:07,114 INFO  server.RaftServerConfigKeys (ConfUtils.java:logGet(43)) - raft.server.staging.catchup.gap = 1000 (default)
2019-07-16 15:43:07,114 INFO  server.RaftServerConfigKeys (ConfUtils.java:logGet(43)) - raft.server.rpc.sleep.time = 25ms (default)
2019-07-16 15:43:07,114 INFO  server.RaftServerConfigKeys (ConfUtils.java:logGet(43)) - raft.server.write.element-limit = 4096 (default)
2019-07-16 15:43:07,114 INFO  server.RaftServerConfigKeys (ConfUtils.java:logGet(43)) - raft.server.watch.timeout = 10s (default)
2019-07-16 15:43:07,115 INFO  server.RaftServerConfigKeys (ConfUtils.java:logGet(43)) - raft.server.watch.timeout.denomination = 1s (default)
2019-07-16 15:43:07,115 INFO  server.RaftServerConfigKeys (ConfUtils.java:logGet(43)) - raft.server.watch.element-limit = 65536 (default)
2019-07-16 15:43:07,115 INFO  server.RaftServerConfigKeys (ConfUtils.java:logGet(43)) - raft.server.log.appender.snapshot.chunk.size.max = 16MB (=16777216) (default)
2019-07-16 15:43:07,115 INFO  server.RaftServerConfigKeys (ConfUtils.java:logGet(43)) - raft.server.log.appender.buffer.byte-limit = 33554432 (custom)
2019-07-16 15:43:07,115 INFO  server.RaftServerConfigKeys (ConfUtils.java:logGet(43)) - raft.server.log.appender.buffer.element-limit = 1 (custom)
2019-07-16 15:43:07,116 INFO  grpc.GrpcConfigKeys$Server (ConfUtils.java:logGet(43)) - raft.grpc.server.leader.outstanding.appends.max = 128 (default)
2019-07-16 15:43:07,116 INFO  server.RaftServerConfigKeys (ConfUtils.java:logGet(43)) - raft.server.rpc.request.timeout = 3000ms (default)
2019-07-16 15:43:07,116 INFO  server.RaftServerConfigKeys (ConfUtils.java:logGet(43)) - raft.server.log.appender.install.snapshot.enabled = false (custom)
2019-07-16 15:43:07,116 INFO  server.RaftServerConfigKeys (ConfUtils.java:logGet(43)) - raft.server.log.appender.snapshot.chunk.size.max = 16MB (=16777216) (default)
2019-07-16 15:43:07,116 INFO  server.RaftServerConfigKeys (ConfUtils.java:logGet(43)) - raft.server.log.appender.buffer.byte-limit = 33554432 (custom)
2019-07-16 15:43:07,116 INFO  server.RaftServerConfigKeys (ConfUtils.java:logGet(43)) - raft.server.log.appender.buffer.element-limit = 1 (custom)
2019-07-16 15:43:07,116 INFO  grpc.GrpcConfigKeys$Server (ConfUtils.java:logGet(43)) - raft.grpc.server.leader.outstanding.appends.max = 128 (default)
2019-07-16 15:43:07,117 INFO  server.RaftServerConfigKeys (ConfUtils.java:logGet(43)) - raft.server.rpc.request.timeout = 3000ms (default)
2019-07-16 15:43:07,117 INFO  server.RaftServerConfigKeys (ConfUtils.java:logGet(43)) - raft.server.log.appender.install.snapshot.enabled = false (custom)
2019-07-16 15:43:07,117 INFO  impl.RoleInfo (RoleInfo.java:updateAndGet(143)) - e47ed8fe-fd5e-43bb-982d-b334af27f265: start LeaderState
2019-07-16 15:43:07,117 INFO  segmented.SegmentedRaftLogWorker (SegmentedRaftLogWorker.java:startLogSegment(380)) - e47ed8fe-fd5e-43bb-982d-b334af27f265-SegmentedRaftLogWorker:Storage Directory /workdir/hadoop-ozone/integration-test/target/test-dir/MiniOzoneClusterImpl-b0b1d809-0124-4458-88f1-9092fc7d7699/datanode-4/data/ratis/1eab7ecd-39db-4bcb-a3ad-ed9af3f9d2b9: Starting segment from index:0
2019-07-16 15:43:07,118 INFO  impl.RaftServerImpl (ServerState.java:setRaftConf(361)) - e47ed8fe-fd5e-43bb-982d-b334af27f265:group-ED9AF3F9D2B9 set configuration 0: [6902b20e-941c-4ef5-8c7a-b05463cf680e:192.168.69.88:46555, c3ac9ecf-9611-41f7-bf05-610caa4feb8e:192.168.69.88:37874, e47ed8fe-fd5e-43bb-982d-b334af27f265:192.168.69.88:43415], old=null at 0
2019-07-16 15:43:07,119 INFO  impl.RaftServerImpl (ServerState.java:setLeader(263)) - 6902b20e-941c-4ef5-8c7a-b05463cf680e:group-ED9AF3F9D2B9 change Leader from null to e47ed8fe-fd5e-43bb-982d-b334af27f265 at term 1 for appendEntries, leader elected after 5144ms
2019-07-16 15:43:07,119 INFO  impl.RaftServerImpl (ServerState.java:setLeader(263)) - c3ac9ecf-9611-41f7-bf05-610caa4feb8e:group-ED9AF3F9D2B9 change Leader from null to e47ed8fe-fd5e-43bb-982d-b334af27f265 at term 1 for appendEntries, leader elected after 5144ms
2019-07-16 15:43:07,144 INFO  impl.RaftServerImpl (ServerState.java:setRaftConf(361)) - 6902b20e-941c-4ef5-8c7a-b05463cf680e:group-ED9AF3F9D2B9 set configuration 0: [6902b20e-941c-4ef5-8c7a-b05463cf680e:192.168.69.88:46555, c3ac9ecf-9611-41f7-bf05-610caa4feb8e:192.168.69.88:37874, e47ed8fe-fd5e-43bb-982d-b334af27f265:192.168.69.88:43415], old=null at 0
2019-07-16 15:43:07,144 INFO  impl.RaftServerImpl (ServerState.java:setRaftConf(361)) - c3ac9ecf-9611-41f7-bf05-610caa4feb8e:group-ED9AF3F9D2B9 set configuration 0: [6902b20e-941c-4ef5-8c7a-b05463cf680e:192.168.69.88:46555, c3ac9ecf-9611-41f7-bf05-610caa4feb8e:192.168.69.88:37874, e47ed8fe-fd5e-43bb-982d-b334af27f265:192.168.69.88:43415], old=null at 0
2019-07-16 15:43:07,144 INFO  segmented.SegmentedRaftLogWorker (SegmentedRaftLogWorker.java:startLogSegment(380)) - 6902b20e-941c-4ef5-8c7a-b05463cf680e-SegmentedRaftLogWorker:Storage Directory /workdir/hadoop-ozone/integration-test/target/test-dir/MiniOzoneClusterImpl-b0b1d809-0124-4458-88f1-9092fc7d7699/datanode-3/data/ratis/1eab7ecd-39db-4bcb-a3ad-ed9af3f9d2b9: Starting segment from index:0
2019-07-16 15:43:07,145 INFO  segmented.SegmentedRaftLogWorker (SegmentedRaftLogWorker.java:startLogSegment(380)) - c3ac9ecf-9611-41f7-bf05-610caa4feb8e-SegmentedRaftLogWorker:Storage Directory /workdir/hadoop-ozone/integration-test/target/test-dir/MiniOzoneClusterImpl-b0b1d809-0124-4458-88f1-9092fc7d7699/datanode-5/data/ratis/1eab7ecd-39db-4bcb-a3ad-ed9af3f9d2b9: Starting segment from index:0
2019-07-16 15:43:07,153 INFO  segmented.SegmentedRaftLogWorker (SegmentedRaftLogWorker.java:execute(569)) - e47ed8fe-fd5e-43bb-982d-b334af27f265-SegmentedRaftLogWorker:Storage Directory /workdir/hadoop-ozone/integration-test/target/test-dir/MiniOzoneClusterImpl-b0b1d809-0124-4458-88f1-9092fc7d7699/datanode-4/data/ratis/1eab7ecd-39db-4bcb-a3ad-ed9af3f9d2b9: created new log segment /workdir/hadoop-ozone/integration-test/target/test-dir/MiniOzoneClusterImpl-b0b1d809-0124-4458-88f1-9092fc7d7699/datanode-4/data/ratis/1eab7ecd-39db-4bcb-a3ad-ed9af3f9d2b9/current/log_inprogress_0
2019-07-16 15:43:07,178 INFO  segmented.SegmentedRaftLogWorker (SegmentedRaftLogWorker.java:execute(569)) - c3ac9ecf-9611-41f7-bf05-610caa4feb8e-SegmentedRaftLogWorker:Storage Directory /workdir/hadoop-ozone/integration-test/target/test-dir/MiniOzoneClusterImpl-b0b1d809-0124-4458-88f1-9092fc7d7699/datanode-5/data/ratis/1eab7ecd-39db-4bcb-a3ad-ed9af3f9d2b9: created new log segment /workdir/hadoop-ozone/integration-test/target/test-dir/MiniOzoneClusterImpl-b0b1d809-0124-4458-88f1-9092fc7d7699/datanode-5/data/ratis/1eab7ecd-39db-4bcb-a3ad-ed9af3f9d2b9/current/log_inprogress_0
2019-07-16 15:43:07,178 INFO  segmented.SegmentedRaftLogWorker (SegmentedRaftLogWorker.java:execute(569)) - 6902b20e-941c-4ef5-8c7a-b05463cf680e-SegmentedRaftLogWorker:Storage Directory /workdir/hadoop-ozone/integration-test/target/test-dir/MiniOzoneClusterImpl-b0b1d809-0124-4458-88f1-9092fc7d7699/datanode-3/data/ratis/1eab7ecd-39db-4bcb-a3ad-ed9af3f9d2b9: created new log segment /workdir/hadoop-ozone/integration-test/target/test-dir/MiniOzoneClusterImpl-b0b1d809-0124-4458-88f1-9092fc7d7699/datanode-3/data/ratis/1eab7ecd-39db-4bcb-a3ad-ed9af3f9d2b9/current/log_inprogress_0
2019-07-16 15:43:07,252 INFO  client.GrpcClientProtocolClient (GrpcClientProtocolClient.java:onNext(255)) - client-9DC898BA791F->a66c7def-8376-48eb-b603-f0d623768510: receive RaftClientReply:client-9DC898BA791F->a66c7def-8376-48eb-b603-f0d623768510@group-681B2F684CDD, cid=263, FAILED org.apache.ratis.protocol.NotLeaderException: Server a66c7def-8376-48eb-b603-f0d623768510 is not the leader (5b7d5ad4-fa23-4d44-8459-e734712b5ce4:192.168.69.88:37198). Request must be sent to leader., logIndex=0, commits[a66c7def-8376-48eb-b603-f0d623768510:c-1, 7f906db9-e4b7-4c0e-bf92-52e9a3f3b7db:c-1, 5b7d5ad4-fa23-4d44-8459-e734712b5ce4:c-1]
2019-07-16 15:43:07,301 INFO  impl.FollowerState (FollowerState.java:run(106)) - fabda6e0-a09f-4419-830c-2453dd2f9e1e:group-3D0F00B83878 changes to CANDIDATE, lastRpcTime:5192, electionTimeout:5192ms
2019-07-16 15:43:07,301 INFO  impl.RoleInfo (RoleInfo.java:shutdownFollowerState(121)) - fabda6e0-a09f-4419-830c-2453dd2f9e1e: shutdown FollowerState
2019-07-16 15:43:07,301 INFO  impl.RaftServerImpl (RaftServerImpl.java:setRole(171)) - fabda6e0-a09f-4419-830c-2453dd2f9e1e:group-3D0F00B83878 changes role from FOLLOWER to CANDIDATE at term 0 for changeToCandidate
2019-07-16 15:43:07,301 INFO  impl.RoleInfo (RoleInfo.java:updateAndGet(143)) - fabda6e0-a09f-4419-830c-2453dd2f9e1e: start LeaderElection
2019-07-16 15:43:07,316 INFO  impl.LeaderElection (LeaderElection.java:askForVotes(181)) - fabda6e0-a09f-4419-830c-2453dd2f9e1e:group-3D0F00B83878:LeaderElection108: begin an election at term 1 for -1: [fabda6e0-a09f-4419-830c-2453dd2f9e1e:192.168.69.88:34380], old=null
2019-07-16 15:43:07,316 INFO  impl.RoleInfo (RoleInfo.java:shutdownLeaderElection(134)) - fabda6e0-a09f-4419-830c-2453dd2f9e1e: shutdown LeaderElection
2019-07-16 15:43:07,316 INFO  impl.RaftServerImpl (RaftServerImpl.java:setRole(171)) - fabda6e0-a09f-4419-830c-2453dd2f9e1e:group-3D0F00B83878 changes role from CANDIDATE to LEADER at term 1 for changeToLeader
2019-07-16 15:43:07,316 INFO  impl.RaftServerImpl (ServerState.java:setLeader(263)) - fabda6e0-a09f-4419-830c-2453dd2f9e1e:group-3D0F00B83878 change Leader from null to fabda6e0-a09f-4419-830c-2453dd2f9e1e at term 1 for becomeLeader, leader elected after 5212ms
2019-07-16 15:43:07,320 INFO  server.RaftServerConfigKeys (ConfUtils.java:logGet(43)) - raft.server.staging.catchup.gap = 1000 (default)
2019-07-16 15:43:07,320 INFO  server.RaftServerConfigKeys (ConfUtils.java:logGet(43)) - raft.server.rpc.sleep.time = 25ms (default)
2019-07-16 15:43:07,320 INFO  server.RaftServerConfigKeys (ConfUtils.java:logGet(43)) - raft.server.write.element-limit = 4096 (default)
2019-07-16 15:43:07,320 INFO  server.RaftServerConfigKeys (ConfUtils.java:logGet(43)) - raft.server.watch.timeout = 10s (default)
2019-07-16 15:43:07,320 INFO  server.RaftServerConfigKeys (ConfUtils.java:logGet(43)) - raft.server.watch.timeout.denomination = 1s (default)
2019-07-16 15:43:07,320 INFO  server.RaftServerConfigKeys (ConfUtils.java:logGet(43)) - raft.server.watch.element-limit = 65536 (default)
2019-07-16 15:43:07,321 INFO  impl.RoleInfo (RoleInfo.java:updateAndGet(143)) - fabda6e0-a09f-4419-830c-2453dd2f9e1e: start LeaderState
2019-07-16 15:43:07,321 INFO  segmented.SegmentedRaftLogWorker (SegmentedRaftLogWorker.java:startLogSegment(380)) - fabda6e0-a09f-4419-830c-2453dd2f9e1e-SegmentedRaftLogWorker:Storage Directory /workdir/hadoop-ozone/integration-test/target/test-dir/MiniOzoneClusterImpl-b0b1d809-0124-4458-88f1-9092fc7d7699/datanode-6/data/ratis/04cc4ba9-1e1e-44e5-b79d-3d0f00b83878: Starting segment from index:0
2019-07-16 15:43:07,321 INFO  impl.RaftServerImpl (ServerState.java:setRaftConf(361)) - fabda6e0-a09f-4419-830c-2453dd2f9e1e:group-3D0F00B83878 set configuration 0: [fabda6e0-a09f-4419-830c-2453dd2f9e1e:192.168.69.88:34380], old=null at 0
2019-07-16 15:43:07,366 INFO  segmented.SegmentedRaftLogWorker (SegmentedRaftLogWorker.java:execute(569)) - fabda6e0-a09f-4419-830c-2453dd2f9e1e-SegmentedRaftLogWorker:Storage Directory /workdir/hadoop-ozone/integration-test/target/test-dir/MiniOzoneClusterImpl-b0b1d809-0124-4458-88f1-9092fc7d7699/datanode-6/data/ratis/04cc4ba9-1e1e-44e5-b79d-3d0f00b83878: created new log segment /workdir/hadoop-ozone/integration-test/target/test-dir/MiniOzoneClusterImpl-b0b1d809-0124-4458-88f1-9092fc7d7699/datanode-6/data/ratis/04cc4ba9-1e1e-44e5-b79d-3d0f00b83878/current/log_inprogress_0
2019-07-16 15:43:07,439 INFO  client.GrpcClientProtocolClient (GrpcClientProtocolClient.java:onNext(255)) - client-9DC898BA791F->5b7d5ad4-fa23-4d44-8459-e734712b5ce4: receive RaftClientReply:client-9DC898BA791F->5b7d5ad4-fa23-4d44-8459-e734712b5ce4@group-681B2F684CDD, cid=263, SUCCESS, logIndex=1, commits[5b7d5ad4-fa23-4d44-8459-e734712b5ce4:c1, 7f906db9-e4b7-4c0e-bf92-52e9a3f3b7db:c0, a66c7def-8376-48eb-b603-f0d623768510:c0]
2019-07-16 15:43:07,461 INFO  client.GrpcClientProtocolClient (GrpcClientProtocolClient.java:onNext(255)) - client-9DC898BA791F->5b7d5ad4-fa23-4d44-8459-e734712b5ce4: receive RaftClientReply:client-9DC898BA791F->5b7d5ad4-fa23-4d44-8459-e734712b5ce4@group-681B2F684CDD, cid=264, SUCCESS, logIndex=3, commits[5b7d5ad4-fa23-4d44-8459-e734712b5ce4:c4, 7f906db9-e4b7-4c0e-bf92-52e9a3f3b7db:c2, a66c7def-8376-48eb-b603-f0d623768510:c2]
2019-07-16 15:43:07,504 INFO  client.GrpcClientProtocolClient (GrpcClientProtocolClient.java:onNext(255)) - client-9DC898BA791F->5b7d5ad4-fa23-4d44-8459-e734712b5ce4: receive RaftClientReply:client-9DC898BA791F->5b7d5ad4-fa23-4d44-8459-e734712b5ce4@group-681B2F684CDD, cid=265, SUCCESS, logIndex=4, commits[5b7d5ad4-fa23-4d44-8459-e734712b5ce4:c6, 7f906db9-e4b7-4c0e-bf92-52e9a3f3b7db:c4, a66c7def-8376-48eb-b603-f0d623768510:c4]
2019-07-16 15:43:07,505 INFO  container.CloseContainerEventHandler (CloseContainerEventHandler.java:onMessage(61)) - Close container Event triggered for container : #1
2019-07-16 15:43:07,506 INFO  container.CloseContainerEventHandler (CloseContainerEventHandler.java:onMessage(61)) - Close container Event triggered for container : #1
2019-07-16 15:43:07,506 INFO  container.CloseContainerEventHandler (CloseContainerEventHandler.java:onMessage(61)) - Close container Event triggered for container : #1
2019-07-16 15:43:09,478 INFO  interfaces.Container (KeyValueContainer.java:compactDB(356)) - Container 1 is closed with bcsId 4.
2019-07-16 15:43:09,483 INFO  interfaces.Container (KeyValueContainer.java:compactDB(356)) - Container 1 is closed with bcsId 4.
2019-07-16 15:43:09,501 INFO  interfaces.Container (KeyValueContainer.java:compactDB(356)) - Container 1 is closed with bcsId 4.
15:43:09.510 [grpc-default-executor-1] ERROR DNAudit - user=null | ip=null | op=WRITE_CHUNK {blockData=conID: 1 locID: 102451890301173782 bcsId: 4} | ret=FAILURE
org.apache.hadoop.hdds.scm.container.common.helpers.ContainerNotOpenException: Container 1 in CLOSED state
	at org.apache.hadoop.ozone.container.common.impl.HddsDispatcher.validateContainerCommand(HddsDispatcher.java:408) ~[hadoop-hdds-container-service-0.5.0-SNAPSHOT.jar:?]
	at org.apache.hadoop.ozone.container.common.transport.server.ratis.ContainerStateMachine.startTransaction(ContainerStateMachine.java:272) ~[hadoop-hdds-container-service-0.5.0-SNAPSHOT.jar:?]
	at org.apache.ratis.server.impl.RaftServerImpl.submitClientRequestAsync(RaftServerImpl.java:566) ~[ratis-server-0.4.0-2337318-SNAPSHOT.jar:0.4.0-2337318-SNAPSHOT]
	at org.apache.ratis.server.impl.RaftServerProxy.lambda$submitClientRequestAsync$7(RaftServerProxy.java:333) ~[ratis-server-0.4.0-2337318-SNAPSHOT.jar:0.4.0-2337318-SNAPSHOT]
	at org.apache.ratis.server.impl.RaftServerProxy.lambda$null$5(RaftServerProxy.java:328) ~[ratis-server-0.4.0-2337318-SNAPSHOT.jar:0.4.0-2337318-SNAPSHOT]
	at org.apache.ratis.util.JavaUtils.callAsUnchecked(JavaUtils.java:109) ~[ratis-common-0.4.0-2337318-SNAPSHOT.jar:0.4.0-2337318-SNAPSHOT]
	at org.apache.ratis.server.impl.RaftServerProxy.lambda$submitRequest$6(RaftServerProxy.java:328) ~[ratis-server-0.4.0-2337318-SNAPSHOT.jar:0.4.0-2337318-SNAPSHOT]
	at java.util.concurrent.CompletableFuture.uniComposeStage(CompletableFuture.java:981) ~[?:1.8.0_212]
	at java.util.concurrent.CompletableFuture.thenCompose(CompletableFuture.java:2124) ~[?:1.8.0_212]
	at org.apache.ratis.server.impl.RaftServerProxy.submitRequest(RaftServerProxy.java:327) ~[ratis-server-0.4.0-2337318-SNAPSHOT.jar:0.4.0-2337318-SNAPSHOT]
	at org.apache.ratis.server.impl.RaftServerProxy.submitClientRequestAsync(RaftServerProxy.java:333) ~[ratis-server-0.4.0-2337318-SNAPSHOT.jar:0.4.0-2337318-SNAPSHOT]
	at org.apache.ratis.grpc.client.GrpcClientProtocolService$RequestStreamObserver.processClientRequest(GrpcClientProtocolService.java:220) ~[ratis-grpc-0.4.0-2337318-SNAPSHOT.jar:0.4.0-2337318-SNAPSHOT]
	at org.apache.ratis.grpc.client.GrpcClientProtocolService$OrderedRequestStreamObserver.processClientRequest(GrpcClientProtocolService.java:326) ~[ratis-grpc-0.4.0-2337318-SNAPSHOT.jar:0.4.0-2337318-SNAPSHOT]
	at org.apache.ratis.util.SlidingWindow$Server.processRequestsFromHead(SlidingWindow.java:429) [ratis-common-0.4.0-2337318-SNAPSHOT.jar:0.4.0-2337318-SNAPSHOT]
	at org.apache.ratis.util.SlidingWindow$Server.receivedRequest(SlidingWindow.java:421) [ratis-common-0.4.0-2337318-SNAPSHOT.jar:0.4.0-2337318-SNAPSHOT]
	at org.apache.ratis.grpc.client.GrpcClientProtocolService$OrderedRequestStreamObserver.processClientRequest(GrpcClientProtocolService.java:345) [ratis-grpc-0.4.0-2337318-SNAPSHOT.jar:0.4.0-2337318-SNAPSHOT]
	at org.apache.ratis.grpc.client.GrpcClientProtocolService$RequestStreamObserver.onNext(GrpcClientProtocolService.java:240) [ratis-grpc-0.4.0-2337318-SNAPSHOT.jar:0.4.0-2337318-SNAPSHOT]
	at org.apache.ratis.grpc.client.GrpcClientProtocolService$RequestStreamObserver.onNext(GrpcClientProtocolService.java:168) [ratis-grpc-0.4.0-2337318-SNAPSHOT.jar:0.4.0-2337318-SNAPSHOT]
	at org.apache.ratis.thirdparty.io.grpc.stub.ServerCalls$StreamingServerCallHandler$StreamingServerCallListener.onMessage(ServerCalls.java:248) [ratis-thirdparty-misc-0.2.0.jar:0.2.0]
	at org.apache.ratis.thirdparty.io.grpc.internal.ServerCallImpl$ServerStreamListenerImpl.messagesAvailable(ServerCallImpl.java:263) [ratis-thirdparty-misc-0.2.0.jar:0.2.0]
	at org.apache.ratis.thirdparty.io.grpc.internal.ServerImpl$JumpToApplicationThreadServerStreamListener$1MessagesAvailable.runInContext(ServerImpl.java:686) [ratis-thirdparty-misc-0.2.0.jar:0.2.0]
	at org.apache.ratis.thirdparty.io.grpc.internal.ContextRunnable.run(ContextRunnable.java:37) [ratis-thirdparty-misc-0.2.0.jar:0.2.0]
	at org.apache.ratis.thirdparty.io.grpc.internal.SerializingExecutor.run(SerializingExecutor.java:123) [ratis-thirdparty-misc-0.2.0.jar:0.2.0]
	at java.util.concurrent.ThreadPoolExecutor.runWorker(ThreadPoolExecutor.java:1149) [?:1.8.0_212]
	at java.util.concurrent.ThreadPoolExecutor$Worker.run(ThreadPoolExecutor.java:624) [?:1.8.0_212]
	at java.lang.Thread.run(Thread.java:748) [?:1.8.0_212]
15:43:09.512 [grpc-default-executor-1] ERROR DNAudit - user=null | ip=null | op=WRITE_CHUNK {blockData=conID: 1 locID: 102451890301173782 bcsId: 4} | ret=FAILURE
org.apache.hadoop.hdds.scm.container.common.helpers.ContainerNotOpenException: Container 1 in CLOSED state
	at org.apache.hadoop.ozone.container.common.impl.HddsDispatcher.validateContainerCommand(HddsDispatcher.java:408) ~[hadoop-hdds-container-service-0.5.0-SNAPSHOT.jar:?]
	at org.apache.hadoop.ozone.container.common.transport.server.ratis.ContainerStateMachine.startTransaction(ContainerStateMachine.java:272) ~[hadoop-hdds-container-service-0.5.0-SNAPSHOT.jar:?]
	at org.apache.ratis.server.impl.RaftServerImpl.submitClientRequestAsync(RaftServerImpl.java:566) ~[ratis-server-0.4.0-2337318-SNAPSHOT.jar:0.4.0-2337318-SNAPSHOT]
	at org.apache.ratis.server.impl.RaftServerProxy.lambda$submitClientRequestAsync$7(RaftServerProxy.java:333) ~[ratis-server-0.4.0-2337318-SNAPSHOT.jar:0.4.0-2337318-SNAPSHOT]
	at org.apache.ratis.server.impl.RaftServerProxy.lambda$null$5(RaftServerProxy.java:328) ~[ratis-server-0.4.0-2337318-SNAPSHOT.jar:0.4.0-2337318-SNAPSHOT]
	at org.apache.ratis.util.JavaUtils.callAsUnchecked(JavaUtils.java:109) ~[ratis-common-0.4.0-2337318-SNAPSHOT.jar:0.4.0-2337318-SNAPSHOT]
	at org.apache.ratis.server.impl.RaftServerProxy.lambda$submitRequest$6(RaftServerProxy.java:328) ~[ratis-server-0.4.0-2337318-SNAPSHOT.jar:0.4.0-2337318-SNAPSHOT]
	at java.util.concurrent.CompletableFuture.uniComposeStage(CompletableFuture.java:981) ~[?:1.8.0_212]
	at java.util.concurrent.CompletableFuture.thenCompose(CompletableFuture.java:2124) ~[?:1.8.0_212]
	at org.apache.ratis.server.impl.RaftServerProxy.submitRequest(RaftServerProxy.java:327) ~[ratis-server-0.4.0-2337318-SNAPSHOT.jar:0.4.0-2337318-SNAPSHOT]
	at org.apache.ratis.server.impl.RaftServerProxy.submitClientRequestAsync(RaftServerProxy.java:333) ~[ratis-server-0.4.0-2337318-SNAPSHOT.jar:0.4.0-2337318-SNAPSHOT]
	at org.apache.ratis.grpc.client.GrpcClientProtocolService$RequestStreamObserver.processClientRequest(GrpcClientProtocolService.java:220) ~[ratis-grpc-0.4.0-2337318-SNAPSHOT.jar:0.4.0-2337318-SNAPSHOT]
	at org.apache.ratis.grpc.client.GrpcClientProtocolService$OrderedRequestStreamObserver.processClientRequest(GrpcClientProtocolService.java:326) ~[ratis-grpc-0.4.0-2337318-SNAPSHOT.jar:0.4.0-2337318-SNAPSHOT]
	at org.apache.ratis.util.SlidingWindow$Server.processRequestsFromHead(SlidingWindow.java:429) [ratis-common-0.4.0-2337318-SNAPSHOT.jar:0.4.0-2337318-SNAPSHOT]
	at org.apache.ratis.util.SlidingWindow$Server.receivedRequest(SlidingWindow.java:421) [ratis-common-0.4.0-2337318-SNAPSHOT.jar:0.4.0-2337318-SNAPSHOT]
	at org.apache.ratis.grpc.client.GrpcClientProtocolService$OrderedRequestStreamObserver.processClientRequest(GrpcClientProtocolService.java:345) [ratis-grpc-0.4.0-2337318-SNAPSHOT.jar:0.4.0-2337318-SNAPSHOT]
	at org.apache.ratis.grpc.client.GrpcClientProtocolService$RequestStreamObserver.onNext(GrpcClientProtocolService.java:240) [ratis-grpc-0.4.0-2337318-SNAPSHOT.jar:0.4.0-2337318-SNAPSHOT]
	at org.apache.ratis.grpc.client.GrpcClientProtocolService$RequestStreamObserver.onNext(GrpcClientProtocolService.java:168) [ratis-grpc-0.4.0-2337318-SNAPSHOT.jar:0.4.0-2337318-SNAPSHOT]
	at org.apache.ratis.thirdparty.io.grpc.stub.ServerCalls$StreamingServerCallHandler$StreamingServerCallListener.onMessage(ServerCalls.java:248) [ratis-thirdparty-misc-0.2.0.jar:0.2.0]
	at org.apache.ratis.thirdparty.io.grpc.internal.ServerCallImpl$ServerStreamListenerImpl.messagesAvailable(ServerCallImpl.java:263) [ratis-thirdparty-misc-0.2.0.jar:0.2.0]
	at org.apache.ratis.thirdparty.io.grpc.internal.ServerImpl$JumpToApplicationThreadServerStreamListener$1MessagesAvailable.runInContext(ServerImpl.java:686) [ratis-thirdparty-misc-0.2.0.jar:0.2.0]
	at org.apache.ratis.thirdparty.io.grpc.internal.ContextRunnable.run(ContextRunnable.java:37) [ratis-thirdparty-misc-0.2.0.jar:0.2.0]
	at org.apache.ratis.thirdparty.io.grpc.internal.SerializingExecutor.run(SerializingExecutor.java:123) [ratis-thirdparty-misc-0.2.0.jar:0.2.0]
	at java.util.concurrent.ThreadPoolExecutor.runWorker(ThreadPoolExecutor.java:1149) [?:1.8.0_212]
	at java.util.concurrent.ThreadPoolExecutor$Worker.run(ThreadPoolExecutor.java:624) [?:1.8.0_212]
	at java.lang.Thread.run(Thread.java:748) [?:1.8.0_212]
2019-07-16 15:43:09,527 INFO  client.GrpcClientProtocolClient (GrpcClientProtocolClient.java:onNext(255)) - client-9DC898BA791F->5b7d5ad4-fa23-4d44-8459-e734712b5ce4: receive RaftClientReply:client-9DC898BA791F->5b7d5ad4-fa23-4d44-8459-e734712b5ce4@group-681B2F684CDD, cid=266, FAILED org.apache.ratis.protocol.StateMachineException: org.apache.hadoop.hdds.scm.container.common.helpers.ContainerNotOpenException from Server 5b7d5ad4-fa23-4d44-8459-e734712b5ce4: Container 1 in CLOSED state, logIndex=0, commits[5b7d5ad4-fa23-4d44-8459-e734712b5ce4:c8, 7f906db9-e4b7-4c0e-bf92-52e9a3f3b7db:c7, a66c7def-8376-48eb-b603-f0d623768510:c7]
15:43:09.527 [grpc-default-executor-1] ERROR DNAudit - user=null | ip=null | op=PUT_BLOCK {blockData=[blockId=conID: 1 locID: 102451890301173782 bcsId: 0,size=334]} | ret=FAILURE
org.apache.hadoop.hdds.scm.container.common.helpers.ContainerNotOpenException: Container 1 in CLOSED state
	at org.apache.hadoop.ozone.container.common.impl.HddsDispatcher.validateContainerCommand(HddsDispatcher.java:408) ~[hadoop-hdds-container-service-0.5.0-SNAPSHOT.jar:?]
	at org.apache.hadoop.ozone.container.common.transport.server.ratis.ContainerStateMachine.startTransaction(ContainerStateMachine.java:272) ~[hadoop-hdds-container-service-0.5.0-SNAPSHOT.jar:?]
	at org.apache.ratis.server.impl.RaftServerImpl.submitClientRequestAsync(RaftServerImpl.java:566) ~[ratis-server-0.4.0-2337318-SNAPSHOT.jar:0.4.0-2337318-SNAPSHOT]
	at org.apache.ratis.server.impl.RaftServerProxy.lambda$submitClientRequestAsync$7(RaftServerProxy.java:333) ~[ratis-server-0.4.0-2337318-SNAPSHOT.jar:0.4.0-2337318-SNAPSHOT]
	at org.apache.ratis.server.impl.RaftServerProxy.lambda$null$5(RaftServerProxy.java:328) ~[ratis-server-0.4.0-2337318-SNAPSHOT.jar:0.4.0-2337318-SNAPSHOT]
	at org.apache.ratis.util.JavaUtils.callAsUnchecked(JavaUtils.java:109) ~[ratis-common-0.4.0-2337318-SNAPSHOT.jar:0.4.0-2337318-SNAPSHOT]
	at org.apache.ratis.server.impl.RaftServerProxy.lambda$submitRequest$6(RaftServerProxy.java:328) ~[ratis-server-0.4.0-2337318-SNAPSHOT.jar:0.4.0-2337318-SNAPSHOT]
	at java.util.concurrent.CompletableFuture.uniComposeStage(CompletableFuture.java:981) ~[?:1.8.0_212]
	at java.util.concurrent.CompletableFuture.thenCompose(CompletableFuture.java:2124) ~[?:1.8.0_212]
	at org.apache.ratis.server.impl.RaftServerProxy.submitRequest(RaftServerProxy.java:327) ~[ratis-server-0.4.0-2337318-SNAPSHOT.jar:0.4.0-2337318-SNAPSHOT]
	at org.apache.ratis.server.impl.RaftServerProxy.submitClientRequestAsync(RaftServerProxy.java:333) ~[ratis-server-0.4.0-2337318-SNAPSHOT.jar:0.4.0-2337318-SNAPSHOT]
	at org.apache.ratis.grpc.client.GrpcClientProtocolService$RequestStreamObserver.processClientRequest(GrpcClientProtocolService.java:220) ~[ratis-grpc-0.4.0-2337318-SNAPSHOT.jar:0.4.0-2337318-SNAPSHOT]
	at org.apache.ratis.grpc.client.GrpcClientProtocolService$OrderedRequestStreamObserver.processClientRequest(GrpcClientProtocolService.java:326) ~[ratis-grpc-0.4.0-2337318-SNAPSHOT.jar:0.4.0-2337318-SNAPSHOT]
	at org.apache.ratis.util.SlidingWindow$Server.processRequestsFromHead(SlidingWindow.java:429) [ratis-common-0.4.0-2337318-SNAPSHOT.jar:0.4.0-2337318-SNAPSHOT]
	at org.apache.ratis.util.SlidingWindow$Server.receivedRequest(SlidingWindow.java:421) [ratis-common-0.4.0-2337318-SNAPSHOT.jar:0.4.0-2337318-SNAPSHOT]
	at org.apache.ratis.grpc.client.GrpcClientProtocolService$OrderedRequestStreamObserver.processClientRequest(GrpcClientProtocolService.java:345) [ratis-grpc-0.4.0-2337318-SNAPSHOT.jar:0.4.0-2337318-SNAPSHOT]
	at org.apache.ratis.grpc.client.GrpcClientProtocolService$RequestStreamObserver.onNext(GrpcClientProtocolService.java:240) [ratis-grpc-0.4.0-2337318-SNAPSHOT.jar:0.4.0-2337318-SNAPSHOT]
	at org.apache.ratis.grpc.client.GrpcClientProtocolService$RequestStreamObserver.onNext(GrpcClientProtocolService.java:168) [ratis-grpc-0.4.0-2337318-SNAPSHOT.jar:0.4.0-2337318-SNAPSHOT]
	at org.apache.ratis.thirdparty.io.grpc.stub.ServerCalls$StreamingServerCallHandler$StreamingServerCallListener.onMessage(ServerCalls.java:248) [ratis-thirdparty-misc-0.2.0.jar:0.2.0]
	at org.apache.ratis.thirdparty.io.grpc.internal.ServerCallImpl$ServerStreamListenerImpl.messagesAvailable(ServerCallImpl.java:263) [ratis-thirdparty-misc-0.2.0.jar:0.2.0]
	at org.apache.ratis.thirdparty.io.grpc.internal.ServerImpl$JumpToApplicationThreadServerStreamListener$1MessagesAvailable.runInContext(ServerImpl.java:686) [ratis-thirdparty-misc-0.2.0.jar:0.2.0]
	at org.apache.ratis.thirdparty.io.grpc.internal.ContextRunnable.run(ContextRunnable.java:37) [ratis-thirdparty-misc-0.2.0.jar:0.2.0]
	at org.apache.ratis.thirdparty.io.grpc.internal.SerializingExecutor.run(SerializingExecutor.java:123) [ratis-thirdparty-misc-0.2.0.jar:0.2.0]
	at java.util.concurrent.ThreadPoolExecutor.runWorker(ThreadPoolExecutor.java:1149) [?:1.8.0_212]
	at java.util.concurrent.ThreadPoolExecutor$Worker.run(ThreadPoolExecutor.java:624) [?:1.8.0_212]
	at java.lang.Thread.run(Thread.java:748) [?:1.8.0_212]
2019-07-16 15:43:09,533 INFO  client.GrpcClientProtocolClient (GrpcClientProtocolClient.java:onNext(255)) - client-9DC898BA791F->5b7d5ad4-fa23-4d44-8459-e734712b5ce4: receive RaftClientReply:client-9DC898BA791F->5b7d5ad4-fa23-4d44-8459-e734712b5ce4@group-681B2F684CDD, cid=267, FAILED org.apache.ratis.protocol.StateMachineException: org.apache.hadoop.hdds.scm.container.common.helpers.ContainerNotOpenException from Server 5b7d5ad4-fa23-4d44-8459-e734712b5ce4: Container 1 in CLOSED state, logIndex=0, commits[5b7d5ad4-fa23-4d44-8459-e734712b5ce4:c8, 7f906db9-e4b7-4c0e-bf92-52e9a3f3b7db:c7, a66c7def-8376-48eb-b603-f0d623768510:c7]
2019-07-16 15:43:09,534 INFO  client.GrpcClientProtocolClient (GrpcClientProtocolClient.java:onNext(255)) - client-9DC898BA791F->5b7d5ad4-fa23-4d44-8459-e734712b5ce4: receive RaftClientReply:client-9DC898BA791F->5b7d5ad4-fa23-4d44-8459-e734712b5ce4@group-681B2F684CDD, cid=268, FAILED org.apache.ratis.protocol.StateMachineException: org.apache.hadoop.hdds.scm.container.common.helpers.ContainerNotOpenException from Server 5b7d5ad4-fa23-4d44-8459-e734712b5ce4: Container 1 in CLOSED state, logIndex=0, commits[5b7d5ad4-fa23-4d44-8459-e734712b5ce4:c8, 7f906db9-e4b7-4c0e-bf92-52e9a3f3b7db:c7, a66c7def-8376-48eb-b603-f0d623768510:c7]
2019-07-16 15:43:09,564 INFO  client.GrpcClientProtocolClient (GrpcClientProtocolClient.java:onNext(255)) - client-3AB6089BEDE9->6902b20e-941c-4ef5-8c7a-b05463cf680e: receive RaftClientReply:client-3AB6089BEDE9->6902b20e-941c-4ef5-8c7a-b05463cf680e@group-ED9AF3F9D2B9, cid=269, FAILED org.apache.ratis.protocol.NotLeaderException: Server 6902b20e-941c-4ef5-8c7a-b05463cf680e is not the leader (e47ed8fe-fd5e-43bb-982d-b334af27f265:192.168.69.88:43415). Request must be sent to leader., logIndex=0, commits[6902b20e-941c-4ef5-8c7a-b05463cf680e:c-1, c3ac9ecf-9611-41f7-bf05-610caa4feb8e:c-1, e47ed8fe-fd5e-43bb-982d-b334af27f265:c-1]
2019-07-16 15:43:09,756 INFO  client.GrpcClientProtocolClient (GrpcClientProtocolClient.java:onNext(255)) - client-3AB6089BEDE9->e47ed8fe-fd5e-43bb-982d-b334af27f265: receive RaftClientReply:client-3AB6089BEDE9->e47ed8fe-fd5e-43bb-982d-b334af27f265@group-ED9AF3F9D2B9, cid=269, SUCCESS, logIndex=1, commits[e47ed8fe-fd5e-43bb-982d-b334af27f265:c1, 6902b20e-941c-4ef5-8c7a-b05463cf680e:c0, c3ac9ecf-9611-41f7-bf05-610caa4feb8e:c0]
2019-07-16 15:43:09,777 INFO  client.GrpcClientProtocolClient (GrpcClientProtocolClient.java:onNext(255)) - client-3AB6089BEDE9->e47ed8fe-fd5e-43bb-982d-b334af27f265: receive RaftClientReply:client-3AB6089BEDE9->e47ed8fe-fd5e-43bb-982d-b334af27f265@group-ED9AF3F9D2B9, cid=270, SUCCESS, logIndex=3, commits[e47ed8fe-fd5e-43bb-982d-b334af27f265:c4, 6902b20e-941c-4ef5-8c7a-b05463cf680e:c1, c3ac9ecf-9611-41f7-bf05-610caa4feb8e:c1]
2019-07-16 15:43:09,833 INFO  client.GrpcClientProtocolClient (GrpcClientProtocolClient.java:onNext(255)) - client-3AB6089BEDE9->e47ed8fe-fd5e-43bb-982d-b334af27f265: receive RaftClientReply:client-3AB6089BEDE9->e47ed8fe-fd5e-43bb-982d-b334af27f265@group-ED9AF3F9D2B9, cid=271, SUCCESS, logIndex=4, commits[e47ed8fe-fd5e-43bb-982d-b334af27f265:c6, 6902b20e-941c-4ef5-8c7a-b05463cf680e:c4, c3ac9ecf-9611-41f7-bf05-610caa4feb8e:c4]
2019-07-16 15:43:09,852 INFO  pipeline.Pipeline (Pipeline.java:getProtobufMessage(195)) - Serialize pipeline PipelineID=1eab7ecd-39db-4bcb-a3ad-ed9af3f9d2b9 with nodesInOrder{ }
2019-07-16 15:43:09,853 INFO  ozone.MiniOzoneClusterImpl (MiniOzoneClusterImpl.java:shutdown(321)) - Shutting down the Mini Ozone Cluster
2019-07-16 15:43:09,853 INFO  ozone.MiniOzoneClusterImpl (MiniOzoneClusterImpl.java:stop(336)) - Stopping the Mini Ozone Cluster
2019-07-16 15:43:09,853 INFO  ozone.MiniOzoneClusterImpl (MiniOzoneClusterImpl.java:stop(338)) - Stopping the OzoneManager
2019-07-16 15:43:09,854 INFO  ipc.Server (Server.java:stop(3082)) - Stopping server on 43262
2019-07-16 15:43:09,868 INFO  ipc.Server (Server.java:run(1319)) - Stopping IPC Server Responder
2019-07-16 15:43:09,868 INFO  utils.BackgroundService (BackgroundService.java:shutdown(148)) - Shutting down service KeyDeletingService
2019-07-16 15:43:09,870 INFO  ipc.Server (Server.java:run(1185)) - Stopping IPC Server listener on 43262
2019-07-16 15:43:09,904 INFO  handler.ContextHandler (ContextHandler.java:doStop(910)) - Stopped o.e.j.w.WebAppContext@731ccdfc{/,null,UNAVAILABLE}{/ozoneManager}
2019-07-16 15:43:09,905 INFO  server.AbstractConnector (AbstractConnector.java:doStop(318)) - Stopped ServerConnector@734fcb45{HTTP/1.1,[http/1.1]}{0.0.0.0:0}
2019-07-16 15:43:09,905 INFO  handler.ContextHandler (ContextHandler.java:doStop(910)) - Stopped o.e.j.s.ServletContextHandler@6f6db08{/static,file:///workdir/hadoop-ozone/integration-test/target/test-classes/webapps/static,UNAVAILABLE}
2019-07-16 15:43:09,906 INFO  handler.ContextHandler (ContextHandler.java:doStop(910)) - Stopped o.e.j.s.ServletContextHandler@372e01e0{/logs,file:///workdir/hadoop-ozone/integration-test/target/log,UNAVAILABLE}
2019-07-16 15:43:09,922 INFO  ozone.MiniOzoneClusterImpl (MiniOzoneClusterImpl.java:stop(344)) - Shutting the HddsDatanodes
2019-07-16 15:43:09,922 INFO  datanode.ObjectStoreHandler (ObjectStoreHandler.java:close(155)) - Closing ObjectStoreHandler.
2019-07-16 15:43:09,922 INFO  datanode.ObjectStoreHandler (ObjectStoreHandler.java:close(155)) - Closing ObjectStoreHandler.
2019-07-16 15:43:09,922 INFO  ozone.HddsDatanodeService (HddsDatanodeService.java:stop(452)) - Stopped plug-in org.apache.hadoop.ozone.web.OzoneHddsDatanodeService@50cbe633
2019-07-16 15:43:09,922 INFO  ozone.HddsDatanodeService (HddsDatanodeService.java:stop(452)) - Stopped plug-in org.apache.hadoop.ozone.web.OzoneHddsDatanodeService@3471bdfd
2019-07-16 15:43:10,501 INFO  statemachine.DatanodeStateMachine (DatanodeStateMachine.java:lambda$startDaemon$0(350)) - Ozone container server started.
2019-07-16 15:43:10,740 INFO  statemachine.DatanodeStateMachine (DatanodeStateMachine.java:lambda$startDaemon$0(350)) - Ozone container server started.
2019-07-16 15:43:14,559 INFO  node.StaleNodeHandler (StaleNodeHandler.java:onMessage(58)) - Datanode a66c7def-8376-48eb-b603-f0d623768510{ip: 192.168.69.88, host: trunk-nightly-kgw5x-1882989438, networkLocation: /default-rack, certSerialId: null} moved to stale state. Finalizing its pipelines [PipelineID=9a94289a-5837-4c12-8486-f666f3dc3b37, PipelineID=289b8484-d815-4f0d-b231-681b2f684cdd]
2019-07-16 15:43:14,560 INFO  pipeline.SCMPipelineManager (SCMPipelineManager.java:finalizeAndDestroyPipeline(309)) - destroying pipeline:Pipeline[ Id: 9a94289a-5837-4c12-8486-f666f3dc3b37, Nodes: a66c7def-8376-48eb-b603-f0d623768510{ip: 192.168.69.88, host: trunk-nightly-kgw5x-1882989438, networkLocation: /default-rack, certSerialId: null}, Type:RATIS, Factor:ONE, State:OPEN]
2019-07-16 15:43:14,560 INFO  pipeline.PipelineStateManager (PipelineStateManager.java:finalizePipeline(123)) - Pipeline Pipeline[ Id: 9a94289a-5837-4c12-8486-f666f3dc3b37, Nodes: a66c7def-8376-48eb-b603-f0d623768510{ip: 192.168.69.88, host: trunk-nightly-kgw5x-1882989438, networkLocation: /default-rack, certSerialId: null}, Type:RATIS, Factor:ONE, State:CLOSED] moved to CLOSED state
2019-07-16 15:43:14,560 INFO  pipeline.SCMPipelineManager (SCMPipelineManager.java:finalizeAndDestroyPipeline(309)) - destroying pipeline:Pipeline[ Id: 289b8484-d815-4f0d-b231-681b2f684cdd, Nodes: 7f906db9-e4b7-4c0e-bf92-52e9a3f3b7db{ip: 192.168.69.88, host: trunk-nightly-kgw5x-1882989438, networkLocation: /default-rack, certSerialId: null}5b7d5ad4-fa23-4d44-8459-e734712b5ce4{ip: 192.168.69.88, host: trunk-nightly-kgw5x-1882989438, networkLocation: /default-rack, certSerialId: null}a66c7def-8376-48eb-b603-f0d623768510{ip: 192.168.69.88, host: trunk-nightly-kgw5x-1882989438, networkLocation: /default-rack, certSerialId: null}, Type:RATIS, Factor:THREE, State:OPEN]
2019-07-16 15:43:14,560 INFO  pipeline.PipelineStateManager (PipelineStateManager.java:finalizePipeline(123)) - Pipeline Pipeline[ Id: 289b8484-d815-4f0d-b231-681b2f684cdd, Nodes: 7f906db9-e4b7-4c0e-bf92-52e9a3f3b7db{ip: 192.168.69.88, host: trunk-nightly-kgw5x-1882989438, networkLocation: /default-rack, certSerialId: null}5b7d5ad4-fa23-4d44-8459-e734712b5ce4{ip: 192.168.69.88, host: trunk-nightly-kgw5x-1882989438, networkLocation: /default-rack, certSerialId: null}a66c7def-8376-48eb-b603-f0d623768510{ip: 192.168.69.88, host: trunk-nightly-kgw5x-1882989438, networkLocation: /default-rack, certSerialId: null}, Type:RATIS, Factor:THREE, State:CLOSED] moved to CLOSED state
2019-07-16 15:43:14,760 INFO  node.StaleNodeHandler (StaleNodeHandler.java:onMessage(58)) - Datanode e47ed8fe-fd5e-43bb-982d-b334af27f265{ip: 192.168.69.88, host: trunk-nightly-kgw5x-1882989438, networkLocation: /default-rack, certSerialId: null} moved to stale state. Finalizing its pipelines [PipelineID=1eab7ecd-39db-4bcb-a3ad-ed9af3f9d2b9, PipelineID=3c3824aa-833f-4534-a2a0-2bb0874d3f58]
2019-07-16 15:43:14,760 INFO  pipeline.SCMPipelineManager (SCMPipelineManager.java:finalizeAndDestroyPipeline(309)) - destroying pipeline:Pipeline[ Id: 1eab7ecd-39db-4bcb-a3ad-ed9af3f9d2b9, Nodes: 6902b20e-941c-4ef5-8c7a-b05463cf680e{ip: 192.168.69.88, host: trunk-nightly-kgw5x-1882989438, networkLocation: /default-rack, certSerialId: null}c3ac9ecf-9611-41f7-bf05-610caa4feb8e{ip: 192.168.69.88, host: trunk-nightly-kgw5x-1882989438, networkLocation: /default-rack, certSerialId: null}e47ed8fe-fd5e-43bb-982d-b334af27f265{ip: 192.168.69.88, host: trunk-nightly-kgw5x-1882989438, networkLocation: /default-rack, certSerialId: null}, Type:RATIS, Factor:THREE, State:OPEN]
2019-07-16 15:43:14,760 INFO  pipeline.PipelineStateManager (PipelineStateManager.java:finalizePipeline(123)) - Pipeline Pipeline[ Id: 1eab7ecd-39db-4bcb-a3ad-ed9af3f9d2b9, Nodes: 6902b20e-941c-4ef5-8c7a-b05463cf680e{ip: 192.168.69.88, host: trunk-nightly-kgw5x-1882989438, networkLocation: /default-rack, certSerialId: null}c3ac9ecf-9611-41f7-bf05-610caa4feb8e{ip: 192.168.69.88, host: trunk-nightly-kgw5x-1882989438, networkLocation: /default-rack, certSerialId: null}e47ed8fe-fd5e-43bb-982d-b334af27f265{ip: 192.168.69.88, host: trunk-nightly-kgw5x-1882989438, networkLocation: /default-rack, certSerialId: null}, Type:RATIS, Factor:THREE, State:CLOSED] moved to CLOSED state
2019-07-16 15:43:14,760 INFO  pipeline.SCMPipelineManager (SCMPipelineManager.java:finalizeAndDestroyPipeline(309)) - destroying pipeline:Pipeline[ Id: 3c3824aa-833f-4534-a2a0-2bb0874d3f58, Nodes: e47ed8fe-fd5e-43bb-982d-b334af27f265{ip: 192.168.69.88, host: trunk-nightly-kgw5x-1882989438, networkLocation: /default-rack, certSerialId: null}, Type:RATIS, Factor:ONE, State:OPEN]
2019-07-16 15:43:14,760 INFO  container.CloseContainerEventHandler (CloseContainerEventHandler.java:onMessage(61)) - Close container Event triggered for container : #2
2019-07-16 15:43:14,761 INFO  pipeline.PipelineStateManager (PipelineStateManager.java:finalizePipeline(123)) - Pipeline Pipeline[ Id: 3c3824aa-833f-4534-a2a0-2bb0874d3f58, Nodes: e47ed8fe-fd5e-43bb-982d-b334af27f265{ip: 192.168.69.88, host: trunk-nightly-kgw5x-1882989438, networkLocation: /default-rack, certSerialId: null}, Type:RATIS, Factor:ONE, State:CLOSED] moved to CLOSED state
2019-07-16 15:43:14,923 INFO  ozoneimpl.OzoneContainer (OzoneContainer.java:stop(199)) - Attempting to stop container services.
2019-07-16 15:43:14,923 INFO  ozoneimpl.OzoneContainer (OzoneContainer.java:stop(199)) - Attempting to stop container services.
2019-07-16 15:43:14,924 INFO  impl.RaftServerProxy (RaftServerProxy.java:lambda$close$4(314)) - e47ed8fe-fd5e-43bb-982d-b334af27f265: close
2019-07-16 15:43:14,924 INFO  impl.RaftServerProxy (RaftServerProxy.java:lambda$close$4(314)) - a66c7def-8376-48eb-b603-f0d623768510: close
2019-07-16 15:43:14,924 INFO  impl.RaftServerImpl (RaftServerImpl.java:lambda$shutdown$3(245)) - e47ed8fe-fd5e-43bb-982d-b334af27f265: shutdown group-ED9AF3F9D2B9
2019-07-16 15:43:14,925 INFO  util.JmxRegister (JmxRegister.java:unregister(73)) - Successfully un-registered JMX Bean with object name Ratis:service=RaftServer,group=group-ED9AF3F9D2B9,id=e47ed8fe-fd5e-43bb-982d-b334af27f265
2019-07-16 15:43:14,924 INFO  impl.RaftServerImpl (RaftServerImpl.java:lambda$shutdown$3(245)) - a66c7def-8376-48eb-b603-f0d623768510: shutdown group-F666F3DC3B37
2019-07-16 15:43:14,925 INFO  impl.RoleInfo (RoleInfo.java:shutdownLeaderState(104)) - e47ed8fe-fd5e-43bb-982d-b334af27f265: shutdown LeaderState
2019-07-16 15:43:14,925 INFO  util.JmxRegister (JmxRegister.java:unregister(73)) - Successfully un-registered JMX Bean with object name Ratis:service=RaftServer,group=group-F666F3DC3B37,id=a66c7def-8376-48eb-b603-f0d623768510
2019-07-16 15:43:14,933 WARN  server.GrpcLogAppender (GrpcLogAppender.java:mayWait(143)) - GrpcLogAppender(e47ed8fe-fd5e-43bb-982d-b334af27f265->c3ac9ecf-9611-41f7-bf05-610caa4feb8e): Wait interrupted by java.lang.InterruptedException
2019-07-16 15:43:14,933 WARN  server.GrpcLogAppender (GrpcLogAppender.java:mayWait(143)) - GrpcLogAppender(e47ed8fe-fd5e-43bb-982d-b334af27f265->6902b20e-941c-4ef5-8c7a-b05463cf680e): Wait interrupted by java.lang.InterruptedException
2019-07-16 15:43:14,933 INFO  impl.PendingRequests (PendingRequests.java:sendNotLeaderResponses(202)) - e47ed8fe-fd5e-43bb-982d-b334af27f265-PendingRequests: sendNotLeaderResponses
2019-07-16 15:43:14,934 INFO  server.GrpcServerProtocolService (GrpcServerProtocolService.java:onCompleted(104)) - c3ac9ecf-9611-41f7-bf05-610caa4feb8e: appendEntries completed
2019-07-16 15:43:14,934 INFO  server.GrpcServerProtocolService (GrpcServerProtocolService.java:onCompleted(104)) - 6902b20e-941c-4ef5-8c7a-b05463cf680e: appendEntries completed
2019-07-16 15:43:14,933 INFO  impl.RoleInfo (RoleInfo.java:shutdownLeaderState(104)) - a66c7def-8376-48eb-b603-f0d623768510: shutdown LeaderState
2019-07-16 15:43:14,940 INFO  ratis.ContainerStateMachine (ContainerStateMachine.java:takeSnapshot(249)) - group-ED9AF3F9D2B9: Taking a snapshot at:(t:1, i:6) file /workdir/hadoop-ozone/integration-test/target/test-dir/MiniOzoneClusterImpl-b0b1d809-0124-4458-88f1-9092fc7d7699/datanode-4/data/ratis/1eab7ecd-39db-4bcb-a3ad-ed9af3f9d2b9/sm/snapshot.1_6
2019-07-16 15:43:14,939 INFO  impl.StateMachineUpdater (StateMachineUpdater.java:stopAndJoin(115)) - StateMachineUpdater:e47ed8fe-fd5e-43bb-982d-b334af27f265:group-ED9AF3F9D2B9: set stopIndex = 6
2019-07-16 15:43:14,940 INFO  server.GrpcLogAppender (GrpcLogAppender.java:onCompleted(292)) - e47ed8fe-fd5e-43bb-982d-b334af27f265->6902b20e-941c-4ef5-8c7a-b05463cf680e: follower responses appendEntries COMPLETED
2019-07-16 15:43:14,940 INFO  server.GrpcLogAppender (GrpcLogAppender.java:onCompleted(292)) - e47ed8fe-fd5e-43bb-982d-b334af27f265->c3ac9ecf-9611-41f7-bf05-610caa4feb8e: follower responses appendEntries COMPLETED
2019-07-16 15:43:14,940 INFO  impl.PendingRequests (PendingRequests.java:sendNotLeaderResponses(202)) - a66c7def-8376-48eb-b603-f0d623768510-PendingRequests: sendNotLeaderResponses
2019-07-16 15:43:14,941 INFO  impl.FollowerInfo (FollowerInfo.java:lambda$new$0(50)) - e47ed8fe-fd5e-43bb-982d-b334af27f265->c3ac9ecf-9611-41f7-bf05-610caa4feb8e: nextIndex: updateUnconditionally 7 -> 6
2019-07-16 15:43:14,941 INFO  impl.FollowerInfo (FollowerInfo.java:lambda$new$0(50)) - e47ed8fe-fd5e-43bb-982d-b334af27f265->6902b20e-941c-4ef5-8c7a-b05463cf680e: nextIndex: updateUnconditionally 7 -> 6
2019-07-16 15:43:14,941 INFO  impl.StateMachineUpdater (StateMachineUpdater.java:stopAndJoin(115)) - StateMachineUpdater:a66c7def-8376-48eb-b603-f0d623768510:group-F666F3DC3B37: set stopIndex = 0
2019-07-16 15:43:14,942 INFO  impl.RaftServerImpl (ServerState.java:close(394)) - a66c7def-8376-48eb-b603-f0d623768510:group-F666F3DC3B37 closes. The last applied log index is 0
2019-07-16 15:43:14,942 INFO  segmented.SegmentedRaftLogWorker (SegmentedRaftLogWorker.java:run(313)) - a66c7def-8376-48eb-b603-f0d623768510-SegmentedRaftLogWorker:Storage Directory /workdir/hadoop-ozone/integration-test/target/test-dir/MiniOzoneClusterImpl-b0b1d809-0124-4458-88f1-9092fc7d7699/datanode-1/data/ratis/9a94289a-5837-4c12-8486-f666f3dc3b37 was interrupted, exiting. There are 0 tasks remaining in the queue.
2019-07-16 15:43:14,952 INFO  ratis.ContainerStateMachine (ContainerStateMachine.java:takeSnapshot(257)) - group-ED9AF3F9D2B9: Finished taking a snapshot at:(t:1, i:6) file:/workdir/hadoop-ozone/integration-test/target/test-dir/MiniOzoneClusterImpl-b0b1d809-0124-4458-88f1-9092fc7d7699/datanode-4/data/ratis/1eab7ecd-39db-4bcb-a3ad-ed9af3f9d2b9/sm/snapshot.1_6 time:13
2019-07-16 15:43:14,952 INFO  segmented.SegmentedRaftLogWorker (SegmentedRaftLogWorker.java:close(228)) - a66c7def-8376-48eb-b603-f0d623768510-SegmentedRaftLogWorker:Storage Directory /workdir/hadoop-ozone/integration-test/target/test-dir/MiniOzoneClusterImpl-b0b1d809-0124-4458-88f1-9092fc7d7699/datanode-1/data/ratis/9a94289a-5837-4c12-8486-f666f3dc3b37 close()
2019-07-16 15:43:14,952 INFO  impl.StateMachineUpdater (StateMachineUpdater.java:takeSnapshot(242)) - StateMachineUpdater:e47ed8fe-fd5e-43bb-982d-b334af27f265:group-ED9AF3F9D2B9: Took a snapshot at index 6
2019-07-16 15:43:14,955 INFO  impl.StateMachineUpdater (StateMachineUpdater.java:lambda$new$0(80)) - StateMachineUpdater:e47ed8fe-fd5e-43bb-982d-b334af27f265:group-ED9AF3F9D2B9: snapshotIndex: updateIncreasingly -1 -> 6
2019-07-16 15:43:14,958 INFO  impl.RaftServerImpl (RaftServerImpl.java:lambda$shutdown$3(245)) - a66c7def-8376-48eb-b603-f0d623768510: shutdown group-681B2F684CDD
2019-07-16 15:43:14,958 INFO  util.JmxRegister (JmxRegister.java:unregister(73)) - Successfully un-registered JMX Bean with object name Ratis:service=RaftServer,group=group-681B2F684CDD,id=a66c7def-8376-48eb-b603-f0d623768510
2019-07-16 15:43:14,958 INFO  impl.RaftServerImpl (ServerState.java:close(394)) - e47ed8fe-fd5e-43bb-982d-b334af27f265:group-ED9AF3F9D2B9 closes. The last applied log index is 6
2019-07-16 15:43:14,958 INFO  impl.RoleInfo (RoleInfo.java:shutdownFollowerState(121)) - a66c7def-8376-48eb-b603-f0d623768510: shutdown FollowerState
2019-07-16 15:43:14,959 INFO  segmented.SegmentedRaftLogWorker (SegmentedRaftLogWorker.java:run(313)) - e47ed8fe-fd5e-43bb-982d-b334af27f265-SegmentedRaftLogWorker:Storage Directory /workdir/hadoop-ozone/integration-test/target/test-dir/MiniOzoneClusterImpl-b0b1d809-0124-4458-88f1-9092fc7d7699/datanode-4/data/ratis/1eab7ecd-39db-4bcb-a3ad-ed9af3f9d2b9 was interrupted, exiting. There are 0 tasks remaining in the queue.
2019-07-16 15:43:14,959 INFO  impl.FollowerState (FollowerState.java:run(114)) - a66c7def-8376-48eb-b603-f0d623768510: FollowerState was interrupted: java.lang.InterruptedException: sleep interrupted
2019-07-16 15:43:14,959 INFO  impl.StateMachineUpdater (StateMachineUpdater.java:stopAndJoin(115)) - StateMachineUpdater:a66c7def-8376-48eb-b603-f0d623768510:group-681B2F684CDD: set stopIndex = 8
2019-07-16 15:43:14,962 INFO  segmented.SegmentedRaftLogWorker (SegmentedRaftLogWorker.java:close(228)) - e47ed8fe-fd5e-43bb-982d-b334af27f265-SegmentedRaftLogWorker:Storage Directory /workdir/hadoop-ozone/integration-test/target/test-dir/MiniOzoneClusterImpl-b0b1d809-0124-4458-88f1-9092fc7d7699/datanode-4/data/ratis/1eab7ecd-39db-4bcb-a3ad-ed9af3f9d2b9 close()
2019-07-16 15:43:14,959 INFO  ratis.ContainerStateMachine (ContainerStateMachine.java:takeSnapshot(249)) - group-681B2F684CDD: Taking a snapshot at:(t:1, i:7) file /workdir/hadoop-ozone/integration-test/target/test-dir/MiniOzoneClusterImpl-b0b1d809-0124-4458-88f1-9092fc7d7699/datanode-1/data/ratis/289b8484-d815-4f0d-b231-681b2f684cdd/sm/snapshot.1_7
2019-07-16 15:43:14,970 INFO  impl.RaftServerImpl (RaftServerImpl.java:lambda$shutdown$3(245)) - e47ed8fe-fd5e-43bb-982d-b334af27f265: shutdown group-2BB0874D3F58
2019-07-16 15:43:14,971 INFO  ratis.ContainerStateMachine (ContainerStateMachine.java:takeSnapshot(257)) - group-681B2F684CDD: Finished taking a snapshot at:(t:1, i:7) file:/workdir/hadoop-ozone/integration-test/target/test-dir/MiniOzoneClusterImpl-b0b1d809-0124-4458-88f1-9092fc7d7699/datanode-1/data/ratis/289b8484-d815-4f0d-b231-681b2f684cdd/sm/snapshot.1_7 time:11
2019-07-16 15:43:14,971 INFO  impl.StateMachineUpdater (StateMachineUpdater.java:takeSnapshot(242)) - StateMachineUpdater:a66c7def-8376-48eb-b603-f0d623768510:group-681B2F684CDD: Took a snapshot at index 7
2019-07-16 15:43:14,971 INFO  util.JmxRegister (JmxRegister.java:unregister(73)) - Successfully un-registered JMX Bean with object name Ratis:service=RaftServer,group=group-2BB0874D3F58,id=e47ed8fe-fd5e-43bb-982d-b334af27f265
2019-07-16 15:43:14,971 INFO  impl.StateMachineUpdater (StateMachineUpdater.java:lambda$new$0(80)) - StateMachineUpdater:a66c7def-8376-48eb-b603-f0d623768510:group-681B2F684CDD: snapshotIndex: updateIncreasingly -1 -> 7
2019-07-16 15:43:14,971 INFO  impl.RoleInfo (RoleInfo.java:shutdownLeaderState(104)) - e47ed8fe-fd5e-43bb-982d-b334af27f265: shutdown LeaderState
2019-07-16 15:43:14,972 INFO  impl.RaftServerImpl (ServerState.java:close(394)) - a66c7def-8376-48eb-b603-f0d623768510:group-681B2F684CDD closes. The last applied log index is 8
2019-07-16 15:43:14,972 INFO  impl.PendingRequests (PendingRequests.java:sendNotLeaderResponses(202)) - e47ed8fe-fd5e-43bb-982d-b334af27f265-PendingRequests: sendNotLeaderResponses
2019-07-16 15:43:14,972 INFO  segmented.SegmentedRaftLogWorker (SegmentedRaftLogWorker.java:run(313)) - a66c7def-8376-48eb-b603-f0d623768510-SegmentedRaftLogWorker:Storage Directory /workdir/hadoop-ozone/integration-test/target/test-dir/MiniOzoneClusterImpl-b0b1d809-0124-4458-88f1-9092fc7d7699/datanode-1/data/ratis/289b8484-d815-4f0d-b231-681b2f684cdd was interrupted, exiting. There are 0 tasks remaining in the queue.
2019-07-16 15:43:14,973 INFO  impl.StateMachineUpdater (StateMachineUpdater.java:stopAndJoin(115)) - StateMachineUpdater:e47ed8fe-fd5e-43bb-982d-b334af27f265:group-2BB0874D3F58: set stopIndex = 0
2019-07-16 15:43:14,977 INFO  segmented.SegmentedRaftLogWorker (SegmentedRaftLogWorker.java:close(228)) - a66c7def-8376-48eb-b603-f0d623768510-SegmentedRaftLogWorker:Storage Directory /workdir/hadoop-ozone/integration-test/target/test-dir/MiniOzoneClusterImpl-b0b1d809-0124-4458-88f1-9092fc7d7699/datanode-1/data/ratis/289b8484-d815-4f0d-b231-681b2f684cdd close()
2019-07-16 15:43:14,977 INFO  impl.RaftServerImpl (ServerState.java:close(394)) - e47ed8fe-fd5e-43bb-982d-b334af27f265:group-2BB0874D3F58 closes. The last applied log index is 0
2019-07-16 15:43:14,985 INFO  server.GrpcService (GrpcService.java:closeImpl(155)) - a66c7def-8376-48eb-b603-f0d623768510: shutdown server with port 41586 now
2019-07-16 15:43:14,985 INFO  segmented.SegmentedRaftLogWorker (SegmentedRaftLogWorker.java:run(313)) - e47ed8fe-fd5e-43bb-982d-b334af27f265-SegmentedRaftLogWorker:Storage Directory /workdir/hadoop-ozone/integration-test/target/test-dir/MiniOzoneClusterImpl-b0b1d809-0124-4458-88f1-9092fc7d7699/datanode-4/data/ratis/3c3824aa-833f-4534-a2a0-2bb0874d3f58 was interrupted, exiting. There are 0 tasks remaining in the queue.
2019-07-16 15:43:14,988 INFO  segmented.SegmentedRaftLogWorker (SegmentedRaftLogWorker.java:close(228)) - e47ed8fe-fd5e-43bb-982d-b334af27f265-SegmentedRaftLogWorker:Storage Directory /workdir/hadoop-ozone/integration-test/target/test-dir/MiniOzoneClusterImpl-b0b1d809-0124-4458-88f1-9092fc7d7699/datanode-4/data/ratis/3c3824aa-833f-4534-a2a0-2bb0874d3f58 close()
2019-07-16 15:43:14,988 WARN  server.GrpcServerProtocolService (LogUtils.java:warn(134)) - a66c7def-8376-48eb-b603-f0d623768510: appendEntries onError: org.apache.ratis.thirdparty.io.grpc.StatusRuntimeException: CANCELLED: cancelled before receiving half close
2019-07-16 15:43:14,993 INFO  server.GrpcService (GrpcService.java:closeImpl(155)) - e47ed8fe-fd5e-43bb-982d-b334af27f265: shutdown server with port 43415 now
2019-07-16 15:43:14,993 INFO  server.GrpcService (GrpcService.java:closeImpl(163)) - a66c7def-8376-48eb-b603-f0d623768510: shutdown server with port 41586 successfully
2019-07-16 15:43:14,995 WARN  server.GrpcLogAppender (LogUtils.java:warn(134)) - 5b7d5ad4-fa23-4d44-8459-e734712b5ce4->a66c7def-8376-48eb-b603-f0d623768510: Failed appendEntries: org.apache.ratis.thirdparty.io.grpc.StatusRuntimeException: CANCELLED: HTTP/2 error code: CANCEL
Received Rst Stream
2019-07-16 15:43:14,996 INFO  server.GrpcService (GrpcService.java:closeImpl(163)) - e47ed8fe-fd5e-43bb-982d-b334af27f265: shutdown server with port 43415 successfully
2019-07-16 15:43:14,996 INFO  impl.FollowerInfo (FollowerInfo.java:lambda$new$0(50)) - 5b7d5ad4-fa23-4d44-8459-e734712b5ce4->a66c7def-8376-48eb-b603-f0d623768510: nextIndex: updateUnconditionally 9 -> 8
2019-07-16 15:43:14,998 INFO  utils.BackgroundService (BackgroundService.java:shutdown(148)) - Shutting down service BlockDeletingService
2019-07-16 15:43:14,999 WARN  fs.CachingGetSpaceUsed (CachingGetSpaceUsed.java:run(183)) - Thread Interrupted waiting to refresh disk information: sleep interrupted
2019-07-16 15:43:15,002 INFO  utils.BackgroundService (BackgroundService.java:shutdown(148)) - Shutting down service BlockDeletingService
2019-07-16 15:43:15,004 WARN  fs.CachingGetSpaceUsed (CachingGetSpaceUsed.java:run(183)) - Thread Interrupted waiting to refresh disk information: sleep interrupted
2019-07-16 15:43:15,018 INFO  statemachine.DatanodeStateMachine (DatanodeStateMachine.java:stopDaemon(395)) - Ozone container server stopped.
2019-07-16 15:43:15,019 INFO  handler.ContextHandler (ContextHandler.java:doStop(910)) - Stopped o.e.j.w.WebAppContext@27f73e68{/,null,UNAVAILABLE}{/hddsDatanode}
2019-07-16 15:43:15,020 INFO  server.AbstractConnector (AbstractConnector.java:doStop(318)) - Stopped ServerConnector@1b3a8691{HTTP/1.1,[http/1.1]}{0.0.0.0:0}
2019-07-16 15:43:15,020 INFO  handler.ContextHandler (ContextHandler.java:doStop(910)) - Stopped o.e.j.s.ServletContextHandler@33d6886b{/static,jar:file:/home/user/.m2/repository/org/apache/hadoop/hadoop-hdds-container-service/0.5.0-SNAPSHOT/hadoop-hdds-container-service-0.5.0-SNAPSHOT.jar!/webapps/static,UNAVAILABLE}
2019-07-16 15:43:15,020 INFO  handler.ContextHandler (ContextHandler.java:doStop(910)) - Stopped o.e.j.s.ServletContextHandler@4ae730ca{/logs,file:///workdir/hadoop-ozone/integration-test/target/log,UNAVAILABLE}
2019-07-16 15:43:15,026 INFO  statemachine.DatanodeStateMachine (DatanodeStateMachine.java:stopDaemon(395)) - Ozone container server stopped.
2019-07-16 15:43:15,030 INFO  datanode.ObjectStoreHandler (ObjectStoreHandler.java:close(155)) - Closing ObjectStoreHandler.
2019-07-16 15:43:15,032 INFO  handler.ContextHandler (ContextHandler.java:doStop(910)) - Stopped o.e.j.w.WebAppContext@7e1321fd{/,null,UNAVAILABLE}{/hddsDatanode}
2019-07-16 15:43:15,032 INFO  ozone.HddsDatanodeService (HddsDatanodeService.java:stop(452)) - Stopped plug-in org.apache.hadoop.ozone.web.OzoneHddsDatanodeService@72018ba5
2019-07-16 15:43:15,032 INFO  server.AbstractConnector (AbstractConnector.java:doStop(318)) - Stopped ServerConnector@3af5f0da{HTTP/1.1,[http/1.1]}{0.0.0.0:0}
2019-07-16 15:43:15,034 INFO  handler.ContextHandler (ContextHandler.java:doStop(910)) - Stopped o.e.j.s.ServletContextHandler@6d2fe236{/static,jar:file:/home/user/.m2/repository/org/apache/hadoop/hadoop-hdds-container-service/0.5.0-SNAPSHOT/hadoop-hdds-container-service-0.5.0-SNAPSHOT.jar!/webapps/static,UNAVAILABLE}
2019-07-16 15:43:15,036 INFO  handler.ContextHandler (ContextHandler.java:doStop(910)) - Stopped o.e.j.s.ServletContextHandler@65227bd6{/logs,file:///workdir/hadoop-ozone/integration-test/target/log,UNAVAILABLE}
2019-07-16 15:43:15,037 INFO  datanode.ObjectStoreHandler (ObjectStoreHandler.java:close(155)) - Closing ObjectStoreHandler.
2019-07-16 15:43:15,037 INFO  ozone.HddsDatanodeService (HddsDatanodeService.java:stop(452)) - Stopped plug-in org.apache.hadoop.ozone.web.OzoneHddsDatanodeService@6e530ccc
2019-07-16 15:43:15,483 INFO  statemachine.DatanodeStateMachine (DatanodeStateMachine.java:lambda$startDaemon$0(350)) - Ozone container server started.
2019-07-16 15:43:15,738 INFO  statemachine.DatanodeStateMachine (DatanodeStateMachine.java:lambda$startDaemon$0(350)) - Ozone container server started.
2019-07-16 15:43:16,953 WARN  server.GrpcLogAppender (LogUtils.java:warn(134)) - 5b7d5ad4-fa23-4d44-8459-e734712b5ce4->a66c7def-8376-48eb-b603-f0d623768510: Failed appendEntries: org.apache.ratis.thirdparty.io.grpc.StatusRuntimeException: UNAVAILABLE: io exception
2019-07-16 15:43:16,953 INFO  impl.FollowerInfo (FollowerInfo.java:lambda$new$0(50)) - 5b7d5ad4-fa23-4d44-8459-e734712b5ce4->a66c7def-8376-48eb-b603-f0d623768510: nextIndex: updateUnconditionally 8 -> 7
2019-07-16 15:43:19,452 WARN  server.GrpcLogAppender (LogUtils.java:warn(134)) - 5b7d5ad4-fa23-4d44-8459-e734712b5ce4->a66c7def-8376-48eb-b603-f0d623768510: Failed appendEntries: org.apache.ratis.thirdparty.io.grpc.StatusRuntimeException: UNAVAILABLE: io exception
2019-07-16 15:43:19,453 INFO  impl.FollowerInfo (FollowerInfo.java:lambda$new$0(50)) - 5b7d5ad4-fa23-4d44-8459-e734712b5ce4->a66c7def-8376-48eb-b603-f0d623768510: nextIndex: updateUnconditionally 7 -> 6
2019-07-16 15:43:19,568 INFO  node.StaleNodeHandler (StaleNodeHandler.java:onMessage(58)) - Datanode 7f906db9-e4b7-4c0e-bf92-52e9a3f3b7db{ip: 192.168.69.88, host: trunk-nightly-kgw5x-1882989438, networkLocation: /default-rack, certSerialId: null} moved to stale state. Finalizing its pipelines [PipelineID=289b8484-d815-4f0d-b231-681b2f684cdd, PipelineID=e531056c-3801-4632-b26f-29cd82924f50]
2019-07-16 15:43:19,568 INFO  pipeline.SCMPipelineManager (SCMPipelineManager.java:finalizeAndDestroyPipeline(309)) - destroying pipeline:Pipeline[ Id: 289b8484-d815-4f0d-b231-681b2f684cdd, Nodes: 7f906db9-e4b7-4c0e-bf92-52e9a3f3b7db{ip: 192.168.69.88, host: trunk-nightly-kgw5x-1882989438, networkLocation: /default-rack, certSerialId: null}5b7d5ad4-fa23-4d44-8459-e734712b5ce4{ip: 192.168.69.88, host: trunk-nightly-kgw5x-1882989438, networkLocation: /default-rack, certSerialId: null}a66c7def-8376-48eb-b603-f0d623768510{ip: 192.168.69.88, host: trunk-nightly-kgw5x-1882989438, networkLocation: /default-rack, certSerialId: null}, Type:RATIS, Factor:THREE, State:CLOSED]
2019-07-16 15:43:19,568 INFO  pipeline.SCMPipelineManager (SCMPipelineManager.java:finalizeAndDestroyPipeline(309)) - destroying pipeline:Pipeline[ Id: e531056c-3801-4632-b26f-29cd82924f50, Nodes: 7f906db9-e4b7-4c0e-bf92-52e9a3f3b7db{ip: 192.168.69.88, host: trunk-nightly-kgw5x-1882989438, networkLocation: /default-rack, certSerialId: null}, Type:RATIS, Factor:ONE, State:OPEN]
2019-07-16 15:43:19,568 INFO  pipeline.PipelineStateManager (PipelineStateManager.java:finalizePipeline(123)) - Pipeline Pipeline[ Id: e531056c-3801-4632-b26f-29cd82924f50, Nodes: 7f906db9-e4b7-4c0e-bf92-52e9a3f3b7db{ip: 192.168.69.88, host: trunk-nightly-kgw5x-1882989438, networkLocation: /default-rack, certSerialId: null}, Type:RATIS, Factor:ONE, State:CLOSED] moved to CLOSED state
2019-07-16 15:43:19,768 INFO  node.StaleNodeHandler (StaleNodeHandler.java:onMessage(58)) - Datanode 6902b20e-941c-4ef5-8c7a-b05463cf680e{ip: 192.168.69.88, host: trunk-nightly-kgw5x-1882989438, networkLocation: /default-rack, certSerialId: null} moved to stale state. Finalizing its pipelines [PipelineID=1eab7ecd-39db-4bcb-a3ad-ed9af3f9d2b9, PipelineID=c7102bb3-b176-46d2-95fc-9d1df3fbe46e]
2019-07-16 15:43:19,768 INFO  pipeline.SCMPipelineManager (SCMPipelineManager.java:finalizeAndDestroyPipeline(309)) - destroying pipeline:Pipeline[ Id: 1eab7ecd-39db-4bcb-a3ad-ed9af3f9d2b9, Nodes: 6902b20e-941c-4ef5-8c7a-b05463cf680e{ip: 192.168.69.88, host: trunk-nightly-kgw5x-1882989438, networkLocation: /default-rack, certSerialId: null}c3ac9ecf-9611-41f7-bf05-610caa4feb8e{ip: 192.168.69.88, host: trunk-nightly-kgw5x-1882989438, networkLocation: /default-rack, certSerialId: null}e47ed8fe-fd5e-43bb-982d-b334af27f265{ip: 192.168.69.88, host: trunk-nightly-kgw5x-1882989438, networkLocation: /default-rack, certSerialId: null}, Type:RATIS, Factor:THREE, State:CLOSED]
2019-07-16 15:43:19,768 INFO  pipeline.SCMPipelineManager (SCMPipelineManager.java:finalizeAndDestroyPipeline(309)) - destroying pipeline:Pipeline[ Id: c7102bb3-b176-46d2-95fc-9d1df3fbe46e, Nodes: 6902b20e-941c-4ef5-8c7a-b05463cf680e{ip: 192.168.69.88, host: trunk-nightly-kgw5x-1882989438, networkLocation: /default-rack, certSerialId: null}, Type:RATIS, Factor:ONE, State:OPEN]
2019-07-16 15:43:19,769 INFO  pipeline.PipelineStateManager (PipelineStateManager.java:finalizePipeline(123)) - Pipeline Pipeline[ Id: c7102bb3-b176-46d2-95fc-9d1df3fbe46e, Nodes: 6902b20e-941c-4ef5-8c7a-b05463cf680e{ip: 192.168.69.88, host: trunk-nightly-kgw5x-1882989438, networkLocation: /default-rack, certSerialId: null}, Type:RATIS, Factor:ONE, State:CLOSED] moved to CLOSED state
2019-07-16 15:43:20,033 INFO  ozoneimpl.OzoneContainer (OzoneContainer.java:stop(199)) - Attempting to stop container services.
2019-07-16 15:43:20,033 INFO  impl.RaftServerProxy (RaftServerProxy.java:lambda$close$4(314)) - 6902b20e-941c-4ef5-8c7a-b05463cf680e: close
2019-07-16 15:43:20,034 INFO  impl.RaftServerImpl (RaftServerImpl.java:lambda$shutdown$3(245)) - 6902b20e-941c-4ef5-8c7a-b05463cf680e: shutdown group-ED9AF3F9D2B9
2019-07-16 15:43:20,034 INFO  util.JmxRegister (JmxRegister.java:unregister(73)) - Successfully un-registered JMX Bean with object name Ratis:service=RaftServer,group=group-ED9AF3F9D2B9,id=6902b20e-941c-4ef5-8c7a-b05463cf680e
2019-07-16 15:43:20,035 INFO  impl.RoleInfo (RoleInfo.java:shutdownFollowerState(121)) - 6902b20e-941c-4ef5-8c7a-b05463cf680e: shutdown FollowerState
2019-07-16 15:43:20,035 INFO  impl.StateMachineUpdater (StateMachineUpdater.java:stopAndJoin(115)) - StateMachineUpdater:6902b20e-941c-4ef5-8c7a-b05463cf680e:group-ED9AF3F9D2B9: set stopIndex = 6
2019-07-16 15:43:20,035 INFO  ratis.ContainerStateMachine (ContainerStateMachine.java:takeSnapshot(249)) - group-ED9AF3F9D2B9: Taking a snapshot at:(t:1, i:4) file /workdir/hadoop-ozone/integration-test/target/test-dir/MiniOzoneClusterImpl-b0b1d809-0124-4458-88f1-9092fc7d7699/datanode-3/data/ratis/1eab7ecd-39db-4bcb-a3ad-ed9af3f9d2b9/sm/snapshot.1_4
2019-07-16 15:43:20,035 INFO  impl.FollowerState (FollowerState.java:run(114)) - 6902b20e-941c-4ef5-8c7a-b05463cf680e: FollowerState was interrupted: java.lang.InterruptedException: sleep interrupted
2019-07-16 15:43:20,040 INFO  ozoneimpl.OzoneContainer (OzoneContainer.java:stop(199)) - Attempting to stop container services.
2019-07-16 15:43:20,040 INFO  impl.RaftServerProxy (RaftServerProxy.java:lambda$close$4(314)) - 7f906db9-e4b7-4c0e-bf92-52e9a3f3b7db: close
2019-07-16 15:43:20,041 INFO  impl.RaftServerImpl (RaftServerImpl.java:lambda$shutdown$3(245)) - 7f906db9-e4b7-4c0e-bf92-52e9a3f3b7db: shutdown group-681B2F684CDD
2019-07-16 15:43:20,041 INFO  util.JmxRegister (JmxRegister.java:unregister(73)) - Successfully un-registered JMX Bean with object name Ratis:service=RaftServer,group=group-681B2F684CDD,id=7f906db9-e4b7-4c0e-bf92-52e9a3f3b7db
2019-07-16 15:43:20,041 INFO  impl.RoleInfo (RoleInfo.java:shutdownFollowerState(121)) - 7f906db9-e4b7-4c0e-bf92-52e9a3f3b7db: shutdown FollowerState
2019-07-16 15:43:20,041 INFO  impl.StateMachineUpdater (StateMachineUpdater.java:stopAndJoin(115)) - StateMachineUpdater:7f906db9-e4b7-4c0e-bf92-52e9a3f3b7db:group-681B2F684CDD: set stopIndex = 8
2019-07-16 15:43:20,042 INFO  impl.FollowerState (FollowerState.java:run(114)) - 7f906db9-e4b7-4c0e-bf92-52e9a3f3b7db: FollowerState was interrupted: java.lang.InterruptedException: sleep interrupted
2019-07-16 15:43:20,041 INFO  ratis.ContainerStateMachine (ContainerStateMachine.java:takeSnapshot(249)) - group-681B2F684CDD: Taking a snapshot at:(t:1, i:7) file /workdir/hadoop-ozone/integration-test/target/test-dir/MiniOzoneClusterImpl-b0b1d809-0124-4458-88f1-9092fc7d7699/datanode-2/data/ratis/289b8484-d815-4f0d-b231-681b2f684cdd/sm/snapshot.1_7
2019-07-16 15:43:20,051 INFO  ratis.ContainerStateMachine (ContainerStateMachine.java:takeSnapshot(257)) - group-ED9AF3F9D2B9: Finished taking a snapshot at:(t:1, i:4) file:/workdir/hadoop-ozone/integration-test/target/test-dir/MiniOzoneClusterImpl-b0b1d809-0124-4458-88f1-9092fc7d7699/datanode-3/data/ratis/1eab7ecd-39db-4bcb-a3ad-ed9af3f9d2b9/sm/snapshot.1_4 time:16
2019-07-16 15:43:20,051 INFO  ratis.ContainerStateMachine (ContainerStateMachine.java:takeSnapshot(257)) - group-681B2F684CDD: Finished taking a snapshot at:(t:1, i:7) file:/workdir/hadoop-ozone/integration-test/target/test-dir/MiniOzoneClusterImpl-b0b1d809-0124-4458-88f1-9092fc7d7699/datanode-2/data/ratis/289b8484-d815-4f0d-b231-681b2f684cdd/sm/snapshot.1_7 time:10
2019-07-16 15:43:20,051 INFO  impl.StateMachineUpdater (StateMachineUpdater.java:takeSnapshot(242)) - StateMachineUpdater:7f906db9-e4b7-4c0e-bf92-52e9a3f3b7db:group-681B2F684CDD: Took a snapshot at index 7
2019-07-16 15:43:20,051 INFO  impl.StateMachineUpdater (StateMachineUpdater.java:takeSnapshot(242)) - StateMachineUpdater:6902b20e-941c-4ef5-8c7a-b05463cf680e:group-ED9AF3F9D2B9: Took a snapshot at index 4
2019-07-16 15:43:20,051 INFO  impl.StateMachineUpdater (StateMachineUpdater.java:lambda$new$0(80)) - StateMachineUpdater:7f906db9-e4b7-4c0e-bf92-52e9a3f3b7db:group-681B2F684CDD: snapshotIndex: updateIncreasingly -1 -> 7
2019-07-16 15:43:20,051 INFO  impl.StateMachineUpdater (StateMachineUpdater.java:lambda$new$0(80)) - StateMachineUpdater:6902b20e-941c-4ef5-8c7a-b05463cf680e:group-ED9AF3F9D2B9: snapshotIndex: updateIncreasingly -1 -> 4
2019-07-16 15:43:20,052 INFO  impl.RaftServerImpl (ServerState.java:close(394)) - 7f906db9-e4b7-4c0e-bf92-52e9a3f3b7db:group-681B2F684CDD closes. The last applied log index is 8
2019-07-16 15:43:20,052 INFO  impl.RaftServerImpl (ServerState.java:close(394)) - 6902b20e-941c-4ef5-8c7a-b05463cf680e:group-ED9AF3F9D2B9 closes. The last applied log index is 6
2019-07-16 15:43:20,052 INFO  segmented.SegmentedRaftLogWorker (SegmentedRaftLogWorker.java:run(313)) - 7f906db9-e4b7-4c0e-bf92-52e9a3f3b7db-SegmentedRaftLogWorker:Storage Directory /workdir/hadoop-ozone/integration-test/target/test-dir/MiniOzoneClusterImpl-b0b1d809-0124-4458-88f1-9092fc7d7699/datanode-2/data/ratis/289b8484-d815-4f0d-b231-681b2f684cdd was interrupted, exiting. There are 0 tasks remaining in the queue.
2019-07-16 15:43:20,053 INFO  segmented.SegmentedRaftLogWorker (SegmentedRaftLogWorker.java:run(313)) - 6902b20e-941c-4ef5-8c7a-b05463cf680e-SegmentedRaftLogWorker:Storage Directory /workdir/hadoop-ozone/integration-test/target/test-dir/MiniOzoneClusterImpl-b0b1d809-0124-4458-88f1-9092fc7d7699/datanode-3/data/ratis/1eab7ecd-39db-4bcb-a3ad-ed9af3f9d2b9 was interrupted, exiting. There are 0 tasks remaining in the queue.
2019-07-16 15:43:20,055 INFO  segmented.SegmentedRaftLogWorker (SegmentedRaftLogWorker.java:close(228)) - 7f906db9-e4b7-4c0e-bf92-52e9a3f3b7db-SegmentedRaftLogWorker:Storage Directory /workdir/hadoop-ozone/integration-test/target/test-dir/MiniOzoneClusterImpl-b0b1d809-0124-4458-88f1-9092fc7d7699/datanode-2/data/ratis/289b8484-d815-4f0d-b231-681b2f684cdd close()
2019-07-16 15:43:20,058 INFO  segmented.SegmentedRaftLogWorker (SegmentedRaftLogWorker.java:close(228)) - 6902b20e-941c-4ef5-8c7a-b05463cf680e-SegmentedRaftLogWorker:Storage Directory /workdir/hadoop-ozone/integration-test/target/test-dir/MiniOzoneClusterImpl-b0b1d809-0124-4458-88f1-9092fc7d7699/datanode-3/data/ratis/1eab7ecd-39db-4bcb-a3ad-ed9af3f9d2b9 close()
2019-07-16 15:43:20,063 INFO  impl.RaftServerImpl (RaftServerImpl.java:lambda$shutdown$3(245)) - 7f906db9-e4b7-4c0e-bf92-52e9a3f3b7db: shutdown group-29CD82924F50
2019-07-16 15:43:20,069 INFO  impl.RaftServerImpl (RaftServerImpl.java:lambda$shutdown$3(245)) - 6902b20e-941c-4ef5-8c7a-b05463cf680e: shutdown group-9D1DF3FBE46E
2019-07-16 15:43:20,069 INFO  util.JmxRegister (JmxRegister.java:unregister(73)) - Successfully un-registered JMX Bean with object name Ratis:service=RaftServer,group=group-29CD82924F50,id=7f906db9-e4b7-4c0e-bf92-52e9a3f3b7db
2019-07-16 15:43:20,070 INFO  util.JmxRegister (JmxRegister.java:unregister(73)) - Successfully un-registered JMX Bean with object name Ratis:service=RaftServer,group=group-9D1DF3FBE46E,id=6902b20e-941c-4ef5-8c7a-b05463cf680e
2019-07-16 15:43:20,070 INFO  impl.RoleInfo (RoleInfo.java:shutdownLeaderState(104)) - 6902b20e-941c-4ef5-8c7a-b05463cf680e: shutdown LeaderState
2019-07-16 15:43:20,070 INFO  impl.RoleInfo (RoleInfo.java:shutdownLeaderState(104)) - 7f906db9-e4b7-4c0e-bf92-52e9a3f3b7db: shutdown LeaderState
2019-07-16 15:43:20,071 INFO  impl.PendingRequests (PendingRequests.java:sendNotLeaderResponses(202)) - 6902b20e-941c-4ef5-8c7a-b05463cf680e-PendingRequests: sendNotLeaderResponses
2019-07-16 15:43:20,071 INFO  impl.PendingRequests (PendingRequests.java:sendNotLeaderResponses(202)) - 7f906db9-e4b7-4c0e-bf92-52e9a3f3b7db-PendingRequests: sendNotLeaderResponses
2019-07-16 15:43:20,072 INFO  impl.StateMachineUpdater (StateMachineUpdater.java:stopAndJoin(115)) - StateMachineUpdater:6902b20e-941c-4ef5-8c7a-b05463cf680e:group-9D1DF3FBE46E: set stopIndex = 0
2019-07-16 15:43:20,072 INFO  impl.StateMachineUpdater (StateMachineUpdater.java:stopAndJoin(115)) - StateMachineUpdater:7f906db9-e4b7-4c0e-bf92-52e9a3f3b7db:group-29CD82924F50: set stopIndex = 0
2019-07-16 15:43:20,072 INFO  impl.RaftServerImpl (ServerState.java:close(394)) - 6902b20e-941c-4ef5-8c7a-b05463cf680e:group-9D1DF3FBE46E closes. The last applied log index is 0
2019-07-16 15:43:20,072 INFO  impl.RaftServerImpl (ServerState.java:close(394)) - 7f906db9-e4b7-4c0e-bf92-52e9a3f3b7db:group-29CD82924F50 closes. The last applied log index is 0
2019-07-16 15:43:20,073 INFO  segmented.SegmentedRaftLogWorker (SegmentedRaftLogWorker.java:run(313)) - 6902b20e-941c-4ef5-8c7a-b05463cf680e-SegmentedRaftLogWorker:Storage Directory /workdir/hadoop-ozone/integration-test/target/test-dir/MiniOzoneClusterImpl-b0b1d809-0124-4458-88f1-9092fc7d7699/datanode-3/data/ratis/c7102bb3-b176-46d2-95fc-9d1df3fbe46e was interrupted, exiting. There are 0 tasks remaining in the queue.
2019-07-16 15:43:20,073 INFO  segmented.SegmentedRaftLogWorker (SegmentedRaftLogWorker.java:run(313)) - 7f906db9-e4b7-4c0e-bf92-52e9a3f3b7db-SegmentedRaftLogWorker:Storage Directory /workdir/hadoop-ozone/integration-test/target/test-dir/MiniOzoneClusterImpl-b0b1d809-0124-4458-88f1-9092fc7d7699/datanode-2/data/ratis/e531056c-3801-4632-b26f-29cd82924f50 was interrupted, exiting. There are 0 tasks remaining in the queue.
2019-07-16 15:43:20,078 INFO  segmented.SegmentedRaftLogWorker (SegmentedRaftLogWorker.java:close(228)) - 6902b20e-941c-4ef5-8c7a-b05463cf680e-SegmentedRaftLogWorker:Storage Directory /workdir/hadoop-ozone/integration-test/target/test-dir/MiniOzoneClusterImpl-b0b1d809-0124-4458-88f1-9092fc7d7699/datanode-3/data/ratis/c7102bb3-b176-46d2-95fc-9d1df3fbe46e close()
2019-07-16 15:43:20,078 INFO  segmented.SegmentedRaftLogWorker (SegmentedRaftLogWorker.java:close(228)) - 7f906db9-e4b7-4c0e-bf92-52e9a3f3b7db-SegmentedRaftLogWorker:Storage Directory /workdir/hadoop-ozone/integration-test/target/test-dir/MiniOzoneClusterImpl-b0b1d809-0124-4458-88f1-9092fc7d7699/datanode-2/data/ratis/e531056c-3801-4632-b26f-29cd82924f50 close()
2019-07-16 15:43:20,095 INFO  server.GrpcService (GrpcService.java:closeImpl(155)) - 6902b20e-941c-4ef5-8c7a-b05463cf680e: shutdown server with port 46555 now
2019-07-16 15:43:20,097 INFO  server.GrpcService (GrpcService.java:closeImpl(155)) - 7f906db9-e4b7-4c0e-bf92-52e9a3f3b7db: shutdown server with port 40450 now
2019-07-16 15:43:20,098 INFO  server.GrpcService (GrpcService.java:closeImpl(163)) - 6902b20e-941c-4ef5-8c7a-b05463cf680e: shutdown server with port 46555 successfully
2019-07-16 15:43:20,098 WARN  server.GrpcServerProtocolService (LogUtils.java:warn(134)) - 7f906db9-e4b7-4c0e-bf92-52e9a3f3b7db: appendEntries onError: org.apache.ratis.thirdparty.io.grpc.StatusRuntimeException: CANCELLED: cancelled before receiving half close
2019-07-16 15:43:20,098 INFO  server.GrpcService (GrpcService.java:closeImpl(163)) - 7f906db9-e4b7-4c0e-bf92-52e9a3f3b7db: shutdown server with port 40450 successfully
2019-07-16 15:43:20,098 WARN  server.GrpcLogAppender (LogUtils.java:warn(134)) - 5b7d5ad4-fa23-4d44-8459-e734712b5ce4->7f906db9-e4b7-4c0e-bf92-52e9a3f3b7db: Failed appendEntries: org.apache.ratis.thirdparty.io.grpc.StatusRuntimeException: CANCELLED: HTTP/2 error code: CANCEL
Received Rst Stream
2019-07-16 15:43:20,099 INFO  impl.FollowerInfo (FollowerInfo.java:lambda$new$0(50)) - 5b7d5ad4-fa23-4d44-8459-e734712b5ce4->7f906db9-e4b7-4c0e-bf92-52e9a3f3b7db: nextIndex: updateUnconditionally 9 -> 8
2019-07-16 15:43:20,099 INFO  utils.BackgroundService (BackgroundService.java:shutdown(148)) - Shutting down service BlockDeletingService
2019-07-16 15:43:20,100 INFO  utils.BackgroundService (BackgroundService.java:shutdown(148)) - Shutting down service BlockDeletingService
2019-07-16 15:43:20,101 WARN  fs.CachingGetSpaceUsed (CachingGetSpaceUsed.java:run(183)) - Thread Interrupted waiting to refresh disk information: sleep interrupted
2019-07-16 15:43:20,102 WARN  fs.CachingGetSpaceUsed (CachingGetSpaceUsed.java:run(183)) - Thread Interrupted waiting to refresh disk information: sleep interrupted
2019-07-16 15:43:20,278 INFO  statemachine.DatanodeStateMachine (DatanodeStateMachine.java:stopDaemon(395)) - Ozone container server stopped.
2019-07-16 15:43:20,286 INFO  handler.ContextHandler (ContextHandler.java:doStop(910)) - Stopped o.e.j.w.WebAppContext@c4c4852{/,null,UNAVAILABLE}{/hddsDatanode}
2019-07-16 15:43:20,286 INFO  server.AbstractConnector (AbstractConnector.java:doStop(318)) - Stopped ServerConnector@4054f861{HTTP/1.1,[http/1.1]}{0.0.0.0:0}
2019-07-16 15:43:20,289 INFO  handler.ContextHandler (ContextHandler.java:doStop(910)) - Stopped o.e.j.s.ServletContextHandler@6d7298be{/static,jar:file:/home/user/.m2/repository/org/apache/hadoop/hadoop-hdds-container-service/0.5.0-SNAPSHOT/hadoop-hdds-container-service-0.5.0-SNAPSHOT.jar!/webapps/static,UNAVAILABLE}
2019-07-16 15:43:20,291 INFO  handler.ContextHandler (ContextHandler.java:doStop(910)) - Stopped o.e.j.s.ServletContextHandler@4dafea3f{/logs,file:///workdir/hadoop-ozone/integration-test/target/log,UNAVAILABLE}
2019-07-16 15:43:20,297 INFO  datanode.ObjectStoreHandler (ObjectStoreHandler.java:close(155)) - Closing ObjectStoreHandler.
2019-07-16 15:43:20,297 INFO  ozone.HddsDatanodeService (HddsDatanodeService.java:stop(452)) - Stopped plug-in org.apache.hadoop.ozone.web.OzoneHddsDatanodeService@6409a2e4
2019-07-16 15:43:20,315 INFO  statemachine.DatanodeStateMachine (DatanodeStateMachine.java:stopDaemon(395)) - Ozone container server stopped.
2019-07-16 15:43:20,316 INFO  handler.ContextHandler (ContextHandler.java:doStop(910)) - Stopped o.e.j.w.WebAppContext@5e22ac65{/,null,UNAVAILABLE}{/hddsDatanode}
2019-07-16 15:43:20,317 INFO  server.AbstractConnector (AbstractConnector.java:doStop(318)) - Stopped ServerConnector@7cd91400{HTTP/1.1,[http/1.1]}{0.0.0.0:0}
2019-07-16 15:43:20,317 INFO  handler.ContextHandler (ContextHandler.java:doStop(910)) - Stopped o.e.j.s.ServletContextHandler@5d73aa0e{/static,jar:file:/home/user/.m2/repository/org/apache/hadoop/hadoop-hdds-container-service/0.5.0-SNAPSHOT/hadoop-hdds-container-service-0.5.0-SNAPSHOT.jar!/webapps/static,UNAVAILABLE}
2019-07-16 15:43:20,318 INFO  handler.ContextHandler (ContextHandler.java:doStop(910)) - Stopped o.e.j.s.ServletContextHandler@1a325aa{/logs,file:///workdir/hadoop-ozone/integration-test/target/log,UNAVAILABLE}
2019-07-16 15:43:20,319 INFO  datanode.ObjectStoreHandler (ObjectStoreHandler.java:close(155)) - Closing ObjectStoreHandler.
2019-07-16 15:43:20,319 INFO  ozone.HddsDatanodeService (HddsDatanodeService.java:stop(452)) - Stopped plug-in org.apache.hadoop.ozone.web.OzoneHddsDatanodeService@1fa4db07
2019-07-16 15:43:20,479 INFO  statemachine.DatanodeStateMachine (DatanodeStateMachine.java:lambda$startDaemon$0(350)) - Ozone container server started.
2019-07-16 15:43:21,058 INFO  statemachine.DatanodeStateMachine (DatanodeStateMachine.java:lambda$startDaemon$0(350)) - Ozone container server started.
2019-07-16 15:43:21,953 WARN  server.GrpcLogAppender (LogUtils.java:warn(134)) - 5b7d5ad4-fa23-4d44-8459-e734712b5ce4->a66c7def-8376-48eb-b603-f0d623768510: Failed appendEntries: org.apache.ratis.thirdparty.io.grpc.StatusRuntimeException: UNAVAILABLE: io exception
2019-07-16 15:43:21,954 INFO  impl.FollowerInfo (FollowerInfo.java:lambda$new$0(50)) - 5b7d5ad4-fa23-4d44-8459-e734712b5ce4->a66c7def-8376-48eb-b603-f0d623768510: nextIndex: updateUnconditionally 6 -> 5
2019-07-16 15:43:21,956 WARN  server.GrpcLogAppender (LogUtils.java:warn(134)) - 5b7d5ad4-fa23-4d44-8459-e734712b5ce4->7f906db9-e4b7-4c0e-bf92-52e9a3f3b7db: Failed appendEntries: org.apache.ratis.thirdparty.io.grpc.StatusRuntimeException: UNAVAILABLE: io exception
2019-07-16 15:43:21,956 INFO  impl.FollowerInfo (FollowerInfo.java:lambda$new$0(50)) - 5b7d5ad4-fa23-4d44-8459-e734712b5ce4->7f906db9-e4b7-4c0e-bf92-52e9a3f3b7db: nextIndex: updateUnconditionally 8 -> 7
2019-07-16 15:43:22,444 INFO  impl.FollowerState (FollowerState.java:run(106)) - c3ac9ecf-9611-41f7-bf05-610caa4feb8e:group-ED9AF3F9D2B9 changes to CANDIDATE, lastRpcTime:7650, electionTimeout:5129ms
2019-07-16 15:43:22,445 INFO  impl.RoleInfo (RoleInfo.java:shutdownFollowerState(121)) - c3ac9ecf-9611-41f7-bf05-610caa4feb8e: shutdown FollowerState
2019-07-16 15:43:22,445 INFO  impl.RaftServerImpl (RaftServerImpl.java:setRole(171)) - c3ac9ecf-9611-41f7-bf05-610caa4feb8e:group-ED9AF3F9D2B9 changes role from FOLLOWER to CANDIDATE at term 1 for changeToCandidate
2019-07-16 15:43:22,445 INFO  impl.RoleInfo (RoleInfo.java:updateAndGet(143)) - c3ac9ecf-9611-41f7-bf05-610caa4feb8e: start LeaderElection
2019-07-16 15:43:22,449 INFO  impl.RaftServerImpl (ServerState.java:setLeader(263)) - c3ac9ecf-9611-41f7-bf05-610caa4feb8e:group-ED9AF3F9D2B9 change Leader from e47ed8fe-fd5e-43bb-982d-b334af27f265 to null at term 1 for initElection
2019-07-16 15:43:22,475 INFO  impl.LeaderElection (LeaderElection.java:askForVotes(181)) - c3ac9ecf-9611-41f7-bf05-610caa4feb8e:group-ED9AF3F9D2B9:LeaderElection109: begin an election at term 2 for 0: [6902b20e-941c-4ef5-8c7a-b05463cf680e:192.168.69.88:46555, c3ac9ecf-9611-41f7-bf05-610caa4feb8e:192.168.69.88:37874, e47ed8fe-fd5e-43bb-982d-b334af27f265:192.168.69.88:43415], old=null
2019-07-16 15:43:22,477 INFO  impl.LeaderElection (LogUtils.java:infoOrTrace(149)) - c3ac9ecf-9611-41f7-bf05-610caa4feb8e:group-ED9AF3F9D2B9:LeaderElection109 got exception when requesting votes: {}
java.util.concurrent.ExecutionException: org.apache.ratis.thirdparty.io.grpc.StatusRuntimeException: UNAVAILABLE: io exception
	at java.util.concurrent.FutureTask.report(FutureTask.java:122)
	at java.util.concurrent.FutureTask.get(FutureTask.java:192)
	at org.apache.ratis.server.impl.LeaderElection.waitForResults(LeaderElection.java:262)
	at org.apache.ratis.server.impl.LeaderElection.askForVotes(LeaderElection.java:200)
	at org.apache.ratis.server.impl.LeaderElection.run(LeaderElection.java:130)
	at java.lang.Thread.run(Thread.java:748)
Caused by: org.apache.ratis.thirdparty.io.grpc.StatusRuntimeException: UNAVAILABLE: io exception
	at org.apache.ratis.thirdparty.io.grpc.stub.ClientCalls.toStatusRuntimeException(ClientCalls.java:233)
	at org.apache.ratis.thirdparty.io.grpc.stub.ClientCalls.getUnchecked(ClientCalls.java:214)
	at org.apache.ratis.thirdparty.io.grpc.stub.ClientCalls.blockingUnaryCall(ClientCalls.java:139)
	at org.apache.ratis.proto.grpc.RaftServerProtocolServiceGrpc$RaftServerProtocolServiceBlockingStub.requestVote(RaftServerProtocolServiceGrpc.java:265)
	at org.apache.ratis.grpc.server.GrpcServerProtocolClient.requestVote(GrpcServerProtocolClient.java:83)
	at org.apache.ratis.grpc.server.GrpcService.requestVote(GrpcService.java:195)
	at org.apache.ratis.server.impl.LeaderElection.lambda$submitRequests$1(LeaderElection.java:237)
	at java.util.concurrent.FutureTask.run(FutureTask.java:266)
	at java.util.concurrent.Executors$RunnableAdapter.call(Executors.java:511)
	at java.util.concurrent.FutureTask.run(FutureTask.java:266)
	at java.util.concurrent.ThreadPoolExecutor.runWorker(ThreadPoolExecutor.java:1149)
	at java.util.concurrent.ThreadPoolExecutor$Worker.run(ThreadPoolExecutor.java:624)
	... 1 more
Caused by: org.apache.ratis.thirdparty.io.netty.channel.AbstractChannel$AnnotatedConnectException: Connection refused: /192.168.69.88:46555
	at sun.nio.ch.SocketChannelImpl.checkConnect(Native Method)
	at sun.nio.ch.SocketChannelImpl.finishConnect(SocketChannelImpl.java:717)
	at org.apache.ratis.thirdparty.io.netty.channel.socket.nio.NioSocketChannel.doFinishConnect(NioSocketChannel.java:327)
	at org.apache.ratis.thirdparty.io.netty.channel.nio.AbstractNioChannel$AbstractNioUnsafe.finishConnect(AbstractNioChannel.java:340)
	at org.apache.ratis.thirdparty.io.netty.channel.nio.NioEventLoop.processSelectedKey(NioEventLoop.java:632)
	at org.apache.ratis.thirdparty.io.netty.channel.nio.NioEventLoop.processSelectedKeysOptimized(NioEventLoop.java:579)
	at org.apache.ratis.thirdparty.io.netty.channel.nio.NioEventLoop.processSelectedKeys(NioEventLoop.java:496)
	at org.apache.ratis.thirdparty.io.netty.channel.nio.NioEventLoop.run(NioEventLoop.java:458)
	at org.apache.ratis.thirdparty.io.netty.util.concurrent.SingleThreadEventExecutor$5.run(SingleThreadEventExecutor.java:897)
	at org.apache.ratis.thirdparty.io.netty.util.concurrent.FastThreadLocalRunnable.run(FastThreadLocalRunnable.java:30)
	... 1 more
Caused by: java.net.ConnectException: Connection refused
	... 11 more
2019-07-16 15:43:22,480 INFO  impl.LeaderElection (LogUtils.java:infoOrTrace(149)) - c3ac9ecf-9611-41f7-bf05-610caa4feb8e:group-ED9AF3F9D2B9:LeaderElection109 got exception when requesting votes: {}
java.util.concurrent.ExecutionException: org.apache.ratis.thirdparty.io.grpc.StatusRuntimeException: UNAVAILABLE: io exception
	at java.util.concurrent.FutureTask.report(FutureTask.java:122)
	at java.util.concurrent.FutureTask.get(FutureTask.java:192)
	at org.apache.ratis.server.impl.LeaderElection.waitForResults(LeaderElection.java:262)
	at org.apache.ratis.server.impl.LeaderElection.askForVotes(LeaderElection.java:200)
	at org.apache.ratis.server.impl.LeaderElection.run(LeaderElection.java:130)
	at java.lang.Thread.run(Thread.java:748)
Caused by: org.apache.ratis.thirdparty.io.grpc.StatusRuntimeException: UNAVAILABLE: io exception
	at org.apache.ratis.thirdparty.io.grpc.stub.ClientCalls.toStatusRuntimeException(ClientCalls.java:233)
	at org.apache.ratis.thirdparty.io.grpc.stub.ClientCalls.getUnchecked(ClientCalls.java:214)
	at org.apache.ratis.thirdparty.io.grpc.stub.ClientCalls.blockingUnaryCall(ClientCalls.java:139)
	at org.apache.ratis.proto.grpc.RaftServerProtocolServiceGrpc$RaftServerProtocolServiceBlockingStub.requestVote(RaftServerProtocolServiceGrpc.java:265)
	at org.apache.ratis.grpc.server.GrpcServerProtocolClient.requestVote(GrpcServerProtocolClient.java:83)
	at org.apache.ratis.grpc.server.GrpcService.requestVote(GrpcService.java:195)
	at org.apache.ratis.server.impl.LeaderElection.lambda$submitRequests$1(LeaderElection.java:237)
	at java.util.concurrent.FutureTask.run(FutureTask.java:266)
	at java.util.concurrent.Executors$RunnableAdapter.call(Executors.java:511)
	at java.util.concurrent.FutureTask.run(FutureTask.java:266)
	at java.util.concurrent.ThreadPoolExecutor.runWorker(ThreadPoolExecutor.java:1149)
	at java.util.concurrent.ThreadPoolExecutor$Worker.run(ThreadPoolExecutor.java:624)
	... 1 more
Caused by: org.apache.ratis.thirdparty.io.netty.channel.AbstractChannel$AnnotatedConnectException: Connection refused: /192.168.69.88:43415
	at sun.nio.ch.SocketChannelImpl.checkConnect(Native Method)
	at sun.nio.ch.SocketChannelImpl.finishConnect(SocketChannelImpl.java:717)
	at org.apache.ratis.thirdparty.io.netty.channel.socket.nio.NioSocketChannel.doFinishConnect(NioSocketChannel.java:327)
	at org.apache.ratis.thirdparty.io.netty.channel.nio.AbstractNioChannel$AbstractNioUnsafe.finishConnect(AbstractNioChannel.java:340)
	at org.apache.ratis.thirdparty.io.netty.channel.nio.NioEventLoop.processSelectedKey(NioEventLoop.java:632)
	at org.apache.ratis.thirdparty.io.netty.channel.nio.NioEventLoop.processSelectedKeysOptimized(NioEventLoop.java:579)
	at org.apache.ratis.thirdparty.io.netty.channel.nio.NioEventLoop.processSelectedKeys(NioEventLoop.java:496)
	at org.apache.ratis.thirdparty.io.netty.channel.nio.NioEventLoop.run(NioEventLoop.java:458)
	at org.apache.ratis.thirdparty.io.netty.util.concurrent.SingleThreadEventExecutor$5.run(SingleThreadEventExecutor.java:897)
	at org.apache.ratis.thirdparty.io.netty.util.concurrent.FastThreadLocalRunnable.run(FastThreadLocalRunnable.java:30)
	... 1 more
Caused by: java.net.ConnectException: Connection refused
	... 11 more
2019-07-16 15:43:22,482 INFO  impl.LeaderElection (LeaderElection.java:logAndReturn(56)) - c3ac9ecf-9611-41f7-bf05-610caa4feb8e:group-ED9AF3F9D2B9:LeaderElection109: Election REJECTED; received 0 response(s) [] and 2 exception(s); c3ac9ecf-9611-41f7-bf05-610caa4feb8e:t2, leader=null, voted=c3ac9ecf-9611-41f7-bf05-610caa4feb8e, raftlog=c3ac9ecf-9611-41f7-bf05-610caa4feb8e-SegmentedRaftLog:OPENED:c6,f6,i6, conf=0: [6902b20e-941c-4ef5-8c7a-b05463cf680e:192.168.69.88:46555, c3ac9ecf-9611-41f7-bf05-610caa4feb8e:192.168.69.88:37874, e47ed8fe-fd5e-43bb-982d-b334af27f265:192.168.69.88:43415], old=null
2019-07-16 15:43:22,482 INFO  impl.LeaderElection (LogUtils.java:infoOrTrace(149)) -   Exception 0: {}
java.util.concurrent.ExecutionException: org.apache.ratis.thirdparty.io.grpc.StatusRuntimeException: UNAVAILABLE: io exception
	at java.util.concurrent.FutureTask.report(FutureTask.java:122)
	at java.util.concurrent.FutureTask.get(FutureTask.java:192)
	at org.apache.ratis.server.impl.LeaderElection.waitForResults(LeaderElection.java:262)
	at org.apache.ratis.server.impl.LeaderElection.askForVotes(LeaderElection.java:200)
	at org.apache.ratis.server.impl.LeaderElection.run(LeaderElection.java:130)
	at java.lang.Thread.run(Thread.java:748)
Caused by: org.apache.ratis.thirdparty.io.grpc.StatusRuntimeException: UNAVAILABLE: io exception
	at org.apache.ratis.thirdparty.io.grpc.stub.ClientCalls.toStatusRuntimeException(ClientCalls.java:233)
	at org.apache.ratis.thirdparty.io.grpc.stub.ClientCalls.getUnchecked(ClientCalls.java:214)
	at org.apache.ratis.thirdparty.io.grpc.stub.ClientCalls.blockingUnaryCall(ClientCalls.java:139)
	at org.apache.ratis.proto.grpc.RaftServerProtocolServiceGrpc$RaftServerProtocolServiceBlockingStub.requestVote(RaftServerProtocolServiceGrpc.java:265)
	at org.apache.ratis.grpc.server.GrpcServerProtocolClient.requestVote(GrpcServerProtocolClient.java:83)
	at org.apache.ratis.grpc.server.GrpcService.requestVote(GrpcService.java:195)
	at org.apache.ratis.server.impl.LeaderElection.lambda$submitRequests$1(LeaderElection.java:237)
	at java.util.concurrent.FutureTask.run(FutureTask.java:266)
	at java.util.concurrent.Executors$RunnableAdapter.call(Executors.java:511)
	at java.util.concurrent.FutureTask.run(FutureTask.java:266)
	at java.util.concurrent.ThreadPoolExecutor.runWorker(ThreadPoolExecutor.java:1149)
	at java.util.concurrent.ThreadPoolExecutor$Worker.run(ThreadPoolExecutor.java:624)
	... 1 more
Caused by: org.apache.ratis.thirdparty.io.netty.channel.AbstractChannel$AnnotatedConnectException: Connection refused: /192.168.69.88:46555
	at sun.nio.ch.SocketChannelImpl.checkConnect(Native Method)
	at sun.nio.ch.SocketChannelImpl.finishConnect(SocketChannelImpl.java:717)
	at org.apache.ratis.thirdparty.io.netty.channel.socket.nio.NioSocketChannel.doFinishConnect(NioSocketChannel.java:327)
	at org.apache.ratis.thirdparty.io.netty.channel.nio.AbstractNioChannel$AbstractNioUnsafe.finishConnect(AbstractNioChannel.java:340)
	at org.apache.ratis.thirdparty.io.netty.channel.nio.NioEventLoop.processSelectedKey(NioEventLoop.java:632)
	at org.apache.ratis.thirdparty.io.netty.channel.nio.NioEventLoop.processSelectedKeysOptimized(NioEventLoop.java:579)
	at org.apache.ratis.thirdparty.io.netty.channel.nio.NioEventLoop.processSelectedKeys(NioEventLoop.java:496)
	at org.apache.ratis.thirdparty.io.netty.channel.nio.NioEventLoop.run(NioEventLoop.java:458)
	at org.apache.ratis.thirdparty.io.netty.util.concurrent.SingleThreadEventExecutor$5.run(SingleThreadEventExecutor.java:897)
	at org.apache.ratis.thirdparty.io.netty.util.concurrent.FastThreadLocalRunnable.run(FastThreadLocalRunnable.java:30)
	... 1 more
Caused by: java.net.ConnectException: Connection refused
	... 11 more
2019-07-16 15:43:22,482 INFO  impl.LeaderElection (LogUtils.java:infoOrTrace(149)) -   Exception 1: {}
java.util.concurrent.ExecutionException: org.apache.ratis.thirdparty.io.grpc.StatusRuntimeException: UNAVAILABLE: io exception
	at java.util.concurrent.FutureTask.report(FutureTask.java:122)
	at java.util.concurrent.FutureTask.get(FutureTask.java:192)
	at org.apache.ratis.server.impl.LeaderElection.waitForResults(LeaderElection.java:262)
	at org.apache.ratis.server.impl.LeaderElection.askForVotes(LeaderElection.java:200)
	at org.apache.ratis.server.impl.LeaderElection.run(LeaderElection.java:130)
	at java.lang.Thread.run(Thread.java:748)
Caused by: org.apache.ratis.thirdparty.io.grpc.StatusRuntimeException: UNAVAILABLE: io exception
	at org.apache.ratis.thirdparty.io.grpc.stub.ClientCalls.toStatusRuntimeException(ClientCalls.java:233)
	at org.apache.ratis.thirdparty.io.grpc.stub.ClientCalls.getUnchecked(ClientCalls.java:214)
	at org.apache.ratis.thirdparty.io.grpc.stub.ClientCalls.blockingUnaryCall(ClientCalls.java:139)
	at org.apache.ratis.proto.grpc.RaftServerProtocolServiceGrpc$RaftServerProtocolServiceBlockingStub.requestVote(RaftServerProtocolServiceGrpc.java:265)
	at org.apache.ratis.grpc.server.GrpcServerProtocolClient.requestVote(GrpcServerProtocolClient.java:83)
	at org.apache.ratis.grpc.server.GrpcService.requestVote(GrpcService.java:195)
	at org.apache.ratis.server.impl.LeaderElection.lambda$submitRequests$1(LeaderElection.java:237)
	at java.util.concurrent.FutureTask.run(FutureTask.java:266)
	at java.util.concurrent.Executors$RunnableAdapter.call(Executors.java:511)
	at java.util.concurrent.FutureTask.run(FutureTask.java:266)
	at java.util.concurrent.ThreadPoolExecutor.runWorker(ThreadPoolExecutor.java:1149)
	at java.util.concurrent.ThreadPoolExecutor$Worker.run(ThreadPoolExecutor.java:624)
	... 1 more
Caused by: org.apache.ratis.thirdparty.io.netty.channel.AbstractChannel$AnnotatedConnectException: Connection refused: /192.168.69.88:43415
	at sun.nio.ch.SocketChannelImpl.checkConnect(Native Method)
	at sun.nio.ch.SocketChannelImpl.finishConnect(SocketChannelImpl.java:717)
	at org.apache.ratis.thirdparty.io.netty.channel.socket.nio.NioSocketChannel.doFinishConnect(NioSocketChannel.java:327)
	at org.apache.ratis.thirdparty.io.netty.channel.nio.AbstractNioChannel$AbstractNioUnsafe.finishConnect(AbstractNioChannel.java:340)
	at org.apache.ratis.thirdparty.io.netty.channel.nio.NioEventLoop.processSelectedKey(NioEventLoop.java:632)
	at org.apache.ratis.thirdparty.io.netty.channel.nio.NioEventLoop.processSelectedKeysOptimized(NioEventLoop.java:579)
	at org.apache.ratis.thirdparty.io.netty.channel.nio.NioEventLoop.processSelectedKeys(NioEventLoop.java:496)
	at org.apache.ratis.thirdparty.io.netty.channel.nio.NioEventLoop.run(NioEventLoop.java:458)
	at org.apache.ratis.thirdparty.io.netty.util.concurrent.SingleThreadEventExecutor$5.run(SingleThreadEventExecutor.java:897)
	at org.apache.ratis.thirdparty.io.netty.util.concurrent.FastThreadLocalRunnable.run(FastThreadLocalRunnable.java:30)
	... 1 more
Caused by: java.net.ConnectException: Connection refused
	... 11 more
2019-07-16 15:43:22,483 INFO  impl.RaftServerImpl (RaftServerImpl.java:setRole(171)) - c3ac9ecf-9611-41f7-bf05-610caa4feb8e:group-ED9AF3F9D2B9 changes role from CANDIDATE to FOLLOWER at term 2 for DISCOVERED_A_NEW_TERM
2019-07-16 15:43:22,483 INFO  impl.RoleInfo (RoleInfo.java:shutdownLeaderElection(134)) - c3ac9ecf-9611-41f7-bf05-610caa4feb8e: shutdown LeaderElection
2019-07-16 15:43:22,483 INFO  impl.RoleInfo (RoleInfo.java:updateAndGet(143)) - c3ac9ecf-9611-41f7-bf05-610caa4feb8e: start FollowerState
2019-07-16 15:43:24,454 WARN  server.GrpcLogAppender (LogUtils.java:warn(134)) - 5b7d5ad4-fa23-4d44-8459-e734712b5ce4->a66c7def-8376-48eb-b603-f0d623768510: Failed appendEntries: org.apache.ratis.thirdparty.io.grpc.StatusRuntimeException: UNAVAILABLE: io exception
2019-07-16 15:43:24,454 INFO  impl.FollowerInfo (FollowerInfo.java:lambda$new$0(50)) - 5b7d5ad4-fa23-4d44-8459-e734712b5ce4->a66c7def-8376-48eb-b603-f0d623768510: nextIndex: updateUnconditionally 5 -> 4
2019-07-16 15:43:24,456 WARN  server.GrpcLogAppender (LogUtils.java:warn(134)) - 5b7d5ad4-fa23-4d44-8459-e734712b5ce4->7f906db9-e4b7-4c0e-bf92-52e9a3f3b7db: Failed appendEntries: org.apache.ratis.thirdparty.io.grpc.StatusRuntimeException: UNAVAILABLE: io exception
2019-07-16 15:43:24,456 INFO  impl.FollowerInfo (FollowerInfo.java:lambda$new$0(50)) - 5b7d5ad4-fa23-4d44-8459-e734712b5ce4->7f906db9-e4b7-4c0e-bf92-52e9a3f3b7db: nextIndex: updateUnconditionally 7 -> 6
2019-07-16 15:43:24,568 INFO  node.StaleNodeHandler (StaleNodeHandler.java:onMessage(58)) - Datanode 5b7d5ad4-fa23-4d44-8459-e734712b5ce4{ip: 192.168.69.88, host: trunk-nightly-kgw5x-1882989438, networkLocation: /default-rack, certSerialId: null} moved to stale state. Finalizing its pipelines [PipelineID=289b8484-d815-4f0d-b231-681b2f684cdd, PipelineID=6ec9be8d-9aa2-46f2-8b87-d73aac202610]
2019-07-16 15:43:24,568 INFO  pipeline.SCMPipelineManager (SCMPipelineManager.java:finalizeAndDestroyPipeline(309)) - destroying pipeline:Pipeline[ Id: 289b8484-d815-4f0d-b231-681b2f684cdd, Nodes: 7f906db9-e4b7-4c0e-bf92-52e9a3f3b7db{ip: 192.168.69.88, host: trunk-nightly-kgw5x-1882989438, networkLocation: /default-rack, certSerialId: null}5b7d5ad4-fa23-4d44-8459-e734712b5ce4{ip: 192.168.69.88, host: trunk-nightly-kgw5x-1882989438, networkLocation: /default-rack, certSerialId: null}a66c7def-8376-48eb-b603-f0d623768510{ip: 192.168.69.88, host: trunk-nightly-kgw5x-1882989438, networkLocation: /default-rack, certSerialId: null}, Type:RATIS, Factor:THREE, State:CLOSED]
2019-07-16 15:43:24,569 INFO  pipeline.SCMPipelineManager (SCMPipelineManager.java:finalizeAndDestroyPipeline(309)) - destroying pipeline:Pipeline[ Id: 6ec9be8d-9aa2-46f2-8b87-d73aac202610, Nodes: 5b7d5ad4-fa23-4d44-8459-e734712b5ce4{ip: 192.168.69.88, host: trunk-nightly-kgw5x-1882989438, networkLocation: /default-rack, certSerialId: null}, Type:RATIS, Factor:ONE, State:OPEN]
2019-07-16 15:43:24,569 INFO  pipeline.PipelineStateManager (PipelineStateManager.java:finalizePipeline(123)) - Pipeline Pipeline[ Id: 6ec9be8d-9aa2-46f2-8b87-d73aac202610, Nodes: 5b7d5ad4-fa23-4d44-8459-e734712b5ce4{ip: 192.168.69.88, host: trunk-nightly-kgw5x-1882989438, networkLocation: /default-rack, certSerialId: null}, Type:RATIS, Factor:ONE, State:CLOSED] moved to CLOSED state
2019-07-16 15:43:25,069 INFO  node.StaleNodeHandler (StaleNodeHandler.java:onMessage(58)) - Datanode fabda6e0-a09f-4419-830c-2453dd2f9e1e{ip: 192.168.69.88, host: trunk-nightly-kgw5x-1882989438, networkLocation: /default-rack, certSerialId: null} moved to stale state. Finalizing its pipelines [PipelineID=04cc4ba9-1e1e-44e5-b79d-3d0f00b83878]
2019-07-16 15:43:25,069 INFO  pipeline.SCMPipelineManager (SCMPipelineManager.java:finalizeAndDestroyPipeline(309)) - destroying pipeline:Pipeline[ Id: 04cc4ba9-1e1e-44e5-b79d-3d0f00b83878, Nodes: fabda6e0-a09f-4419-830c-2453dd2f9e1e{ip: 192.168.69.88, host: trunk-nightly-kgw5x-1882989438, networkLocation: /default-rack, certSerialId: null}, Type:RATIS, Factor:ONE, State:OPEN]
2019-07-16 15:43:25,069 INFO  pipeline.PipelineStateManager (PipelineStateManager.java:finalizePipeline(123)) - Pipeline Pipeline[ Id: 04cc4ba9-1e1e-44e5-b79d-3d0f00b83878, Nodes: fabda6e0-a09f-4419-830c-2453dd2f9e1e{ip: 192.168.69.88, host: trunk-nightly-kgw5x-1882989438, networkLocation: /default-rack, certSerialId: null}, Type:RATIS, Factor:ONE, State:CLOSED] moved to CLOSED state
2019-07-16 15:43:25,300 INFO  ozoneimpl.OzoneContainer (OzoneContainer.java:stop(199)) - Attempting to stop container services.
2019-07-16 15:43:25,300 INFO  impl.RaftServerProxy (RaftServerProxy.java:lambda$close$4(314)) - 5b7d5ad4-fa23-4d44-8459-e734712b5ce4: close
2019-07-16 15:43:25,300 INFO  impl.RaftServerImpl (RaftServerImpl.java:lambda$shutdown$3(245)) - 5b7d5ad4-fa23-4d44-8459-e734712b5ce4: shutdown group-681B2F684CDD
2019-07-16 15:43:25,301 INFO  util.JmxRegister (JmxRegister.java:unregister(73)) - Successfully un-registered JMX Bean with object name Ratis:service=RaftServer,group=group-681B2F684CDD,id=5b7d5ad4-fa23-4d44-8459-e734712b5ce4
2019-07-16 15:43:25,301 INFO  impl.RoleInfo (RoleInfo.java:shutdownLeaderState(104)) - 5b7d5ad4-fa23-4d44-8459-e734712b5ce4: shutdown LeaderState
2019-07-16 15:43:25,308 WARN  server.GrpcLogAppender (GrpcLogAppender.java:mayWait(143)) - GrpcLogAppender(5b7d5ad4-fa23-4d44-8459-e734712b5ce4->7f906db9-e4b7-4c0e-bf92-52e9a3f3b7db): Wait interrupted by java.lang.InterruptedException
2019-07-16 15:43:25,308 WARN  server.GrpcLogAppender (GrpcLogAppender.java:mayWait(143)) - GrpcLogAppender(5b7d5ad4-fa23-4d44-8459-e734712b5ce4->a66c7def-8376-48eb-b603-f0d623768510): Wait interrupted by java.lang.InterruptedException
2019-07-16 15:43:25,308 INFO  impl.PendingRequests (PendingRequests.java:sendNotLeaderResponses(202)) - 5b7d5ad4-fa23-4d44-8459-e734712b5ce4-PendingRequests: sendNotLeaderResponses
2019-07-16 15:43:25,310 INFO  impl.StateMachineUpdater (StateMachineUpdater.java:stopAndJoin(115)) - StateMachineUpdater:5b7d5ad4-fa23-4d44-8459-e734712b5ce4:group-681B2F684CDD: set stopIndex = 8
2019-07-16 15:43:25,311 INFO  ratis.ContainerStateMachine (ContainerStateMachine.java:takeSnapshot(249)) - group-681B2F684CDD: Taking a snapshot at:(t:1, i:8) file /workdir/hadoop-ozone/integration-test/target/test-dir/MiniOzoneClusterImpl-b0b1d809-0124-4458-88f1-9092fc7d7699/datanode-0/data/ratis/289b8484-d815-4f0d-b231-681b2f684cdd/sm/snapshot.1_8
2019-07-16 15:43:25,311 INFO  ratis.ContainerStateMachine (ContainerStateMachine.java:takeSnapshot(257)) - group-681B2F684CDD: Finished taking a snapshot at:(t:1, i:8) file:/workdir/hadoop-ozone/integration-test/target/test-dir/MiniOzoneClusterImpl-b0b1d809-0124-4458-88f1-9092fc7d7699/datanode-0/data/ratis/289b8484-d815-4f0d-b231-681b2f684cdd/sm/snapshot.1_8 time:1
2019-07-16 15:43:25,311 INFO  impl.StateMachineUpdater (StateMachineUpdater.java:takeSnapshot(242)) - StateMachineUpdater:5b7d5ad4-fa23-4d44-8459-e734712b5ce4:group-681B2F684CDD: Took a snapshot at index 8
2019-07-16 15:43:25,312 INFO  impl.StateMachineUpdater (StateMachineUpdater.java:lambda$new$0(80)) - StateMachineUpdater:5b7d5ad4-fa23-4d44-8459-e734712b5ce4:group-681B2F684CDD: snapshotIndex: updateIncreasingly -1 -> 8
2019-07-16 15:43:25,312 INFO  impl.RaftServerImpl (ServerState.java:close(394)) - 5b7d5ad4-fa23-4d44-8459-e734712b5ce4:group-681B2F684CDD closes. The last applied log index is 8
2019-07-16 15:43:25,313 INFO  segmented.SegmentedRaftLogWorker (SegmentedRaftLogWorker.java:run(313)) - 5b7d5ad4-fa23-4d44-8459-e734712b5ce4-SegmentedRaftLogWorker:Storage Directory /workdir/hadoop-ozone/integration-test/target/test-dir/MiniOzoneClusterImpl-b0b1d809-0124-4458-88f1-9092fc7d7699/datanode-0/data/ratis/289b8484-d815-4f0d-b231-681b2f684cdd was interrupted, exiting. There are 0 tasks remaining in the queue.
2019-07-16 15:43:25,315 INFO  segmented.SegmentedRaftLogWorker (SegmentedRaftLogWorker.java:close(228)) - 5b7d5ad4-fa23-4d44-8459-e734712b5ce4-SegmentedRaftLogWorker:Storage Directory /workdir/hadoop-ozone/integration-test/target/test-dir/MiniOzoneClusterImpl-b0b1d809-0124-4458-88f1-9092fc7d7699/datanode-0/data/ratis/289b8484-d815-4f0d-b231-681b2f684cdd close()
2019-07-16 15:43:25,317 INFO  impl.RaftServerImpl (RaftServerImpl.java:lambda$shutdown$3(245)) - 5b7d5ad4-fa23-4d44-8459-e734712b5ce4: shutdown group-D73AAC202610
2019-07-16 15:43:25,318 INFO  util.JmxRegister (JmxRegister.java:unregister(73)) - Successfully un-registered JMX Bean with object name Ratis:service=RaftServer,group=group-D73AAC202610,id=5b7d5ad4-fa23-4d44-8459-e734712b5ce4
2019-07-16 15:43:25,318 INFO  impl.RoleInfo (RoleInfo.java:shutdownLeaderState(104)) - 5b7d5ad4-fa23-4d44-8459-e734712b5ce4: shutdown LeaderState
2019-07-16 15:43:25,318 INFO  impl.PendingRequests (PendingRequests.java:sendNotLeaderResponses(202)) - 5b7d5ad4-fa23-4d44-8459-e734712b5ce4-PendingRequests: sendNotLeaderResponses
2019-07-16 15:43:25,319 INFO  impl.StateMachineUpdater (StateMachineUpdater.java:stopAndJoin(115)) - StateMachineUpdater:5b7d5ad4-fa23-4d44-8459-e734712b5ce4:group-D73AAC202610: set stopIndex = 0
2019-07-16 15:43:25,319 INFO  impl.RaftServerImpl (ServerState.java:close(394)) - 5b7d5ad4-fa23-4d44-8459-e734712b5ce4:group-D73AAC202610 closes. The last applied log index is 0
2019-07-16 15:43:25,319 INFO  segmented.SegmentedRaftLogWorker (SegmentedRaftLogWorker.java:run(313)) - 5b7d5ad4-fa23-4d44-8459-e734712b5ce4-SegmentedRaftLogWorker:Storage Directory /workdir/hadoop-ozone/integration-test/target/test-dir/MiniOzoneClusterImpl-b0b1d809-0124-4458-88f1-9092fc7d7699/datanode-0/data/ratis/6ec9be8d-9aa2-46f2-8b87-d73aac202610 was interrupted, exiting. There are 0 tasks remaining in the queue.
2019-07-16 15:43:25,321 INFO  segmented.SegmentedRaftLogWorker (SegmentedRaftLogWorker.java:close(228)) - 5b7d5ad4-fa23-4d44-8459-e734712b5ce4-SegmentedRaftLogWorker:Storage Directory /workdir/hadoop-ozone/integration-test/target/test-dir/MiniOzoneClusterImpl-b0b1d809-0124-4458-88f1-9092fc7d7699/datanode-0/data/ratis/6ec9be8d-9aa2-46f2-8b87-d73aac202610 close()
2019-07-16 15:43:25,321 INFO  ozoneimpl.OzoneContainer (OzoneContainer.java:stop(199)) - Attempting to stop container services.
2019-07-16 15:43:25,330 INFO  server.GrpcService (GrpcService.java:closeImpl(155)) - 5b7d5ad4-fa23-4d44-8459-e734712b5ce4: shutdown server with port 37198 now
2019-07-16 15:43:25,331 INFO  impl.RaftServerProxy (RaftServerProxy.java:lambda$close$4(314)) - fabda6e0-a09f-4419-830c-2453dd2f9e1e: close
2019-07-16 15:43:25,331 INFO  impl.RaftServerImpl (RaftServerImpl.java:lambda$shutdown$3(245)) - fabda6e0-a09f-4419-830c-2453dd2f9e1e: shutdown group-3D0F00B83878
2019-07-16 15:43:25,331 INFO  server.GrpcService (GrpcService.java:closeImpl(163)) - 5b7d5ad4-fa23-4d44-8459-e734712b5ce4: shutdown server with port 37198 successfully
2019-07-16 15:43:25,332 INFO  util.JmxRegister (JmxRegister.java:unregister(73)) - Successfully un-registered JMX Bean with object name Ratis:service=RaftServer,group=group-3D0F00B83878,id=fabda6e0-a09f-4419-830c-2453dd2f9e1e
2019-07-16 15:43:25,332 INFO  impl.RoleInfo (RoleInfo.java:shutdownLeaderState(104)) - fabda6e0-a09f-4419-830c-2453dd2f9e1e: shutdown LeaderState
2019-07-16 15:43:25,333 INFO  impl.PendingRequests (PendingRequests.java:sendNotLeaderResponses(202)) - fabda6e0-a09f-4419-830c-2453dd2f9e1e-PendingRequests: sendNotLeaderResponses
2019-07-16 15:43:25,333 INFO  utils.BackgroundService (BackgroundService.java:shutdown(148)) - Shutting down service BlockDeletingService
2019-07-16 15:43:25,333 INFO  impl.StateMachineUpdater (StateMachineUpdater.java:stopAndJoin(115)) - StateMachineUpdater:fabda6e0-a09f-4419-830c-2453dd2f9e1e:group-3D0F00B83878: set stopIndex = 0
2019-07-16 15:43:25,334 INFO  impl.RaftServerImpl (ServerState.java:close(394)) - fabda6e0-a09f-4419-830c-2453dd2f9e1e:group-3D0F00B83878 closes. The last applied log index is 0
2019-07-16 15:43:25,334 WARN  fs.CachingGetSpaceUsed (CachingGetSpaceUsed.java:run(183)) - Thread Interrupted waiting to refresh disk information: sleep interrupted
2019-07-16 15:43:25,334 INFO  segmented.SegmentedRaftLogWorker (SegmentedRaftLogWorker.java:run(313)) - fabda6e0-a09f-4419-830c-2453dd2f9e1e-SegmentedRaftLogWorker:Storage Directory /workdir/hadoop-ozone/integration-test/target/test-dir/MiniOzoneClusterImpl-b0b1d809-0124-4458-88f1-9092fc7d7699/datanode-6/data/ratis/04cc4ba9-1e1e-44e5-b79d-3d0f00b83878 was interrupted, exiting. There are 0 tasks remaining in the queue.
2019-07-16 15:43:25,335 INFO  segmented.SegmentedRaftLogWorker (SegmentedRaftLogWorker.java:close(228)) - fabda6e0-a09f-4419-830c-2453dd2f9e1e-SegmentedRaftLogWorker:Storage Directory /workdir/hadoop-ozone/integration-test/target/test-dir/MiniOzoneClusterImpl-b0b1d809-0124-4458-88f1-9092fc7d7699/datanode-6/data/ratis/04cc4ba9-1e1e-44e5-b79d-3d0f00b83878 close()
2019-07-16 15:43:25,335 INFO  server.GrpcService (GrpcService.java:closeImpl(155)) - fabda6e0-a09f-4419-830c-2453dd2f9e1e: shutdown server with port 34380 now
2019-07-16 15:43:25,338 INFO  server.GrpcService (GrpcService.java:closeImpl(163)) - fabda6e0-a09f-4419-830c-2453dd2f9e1e: shutdown server with port 34380 successfully
2019-07-16 15:43:25,341 INFO  utils.BackgroundService (BackgroundService.java:shutdown(148)) - Shutting down service BlockDeletingService
2019-07-16 15:43:25,342 WARN  fs.CachingGetSpaceUsed (CachingGetSpaceUsed.java:run(183)) - Thread Interrupted waiting to refresh disk information: sleep interrupted
2019-07-16 15:43:25,356 INFO  statemachine.DatanodeStateMachine (DatanodeStateMachine.java:stopDaemon(395)) - Ozone container server stopped.
2019-07-16 15:43:25,361 INFO  handler.ContextHandler (ContextHandler.java:doStop(910)) - Stopped o.e.j.w.WebAppContext@60c95d8{/,null,UNAVAILABLE}{/hddsDatanode}
2019-07-16 15:43:25,361 INFO  server.AbstractConnector (AbstractConnector.java:doStop(318)) - Stopped ServerConnector@40557b00{HTTP/1.1,[http/1.1]}{0.0.0.0:0}
2019-07-16 15:43:25,368 INFO  handler.ContextHandler (ContextHandler.java:doStop(910)) - Stopped o.e.j.s.ServletContextHandler@3697a307{/static,jar:file:/home/user/.m2/repository/org/apache/hadoop/hadoop-hdds-container-service/0.5.0-SNAPSHOT/hadoop-hdds-container-service-0.5.0-SNAPSHOT.jar!/webapps/static,UNAVAILABLE}
2019-07-16 15:43:25,368 INFO  handler.ContextHandler (ContextHandler.java:doStop(910)) - Stopped o.e.j.s.ServletContextHandler@6f1af8c3{/logs,file:///workdir/hadoop-ozone/integration-test/target/log,UNAVAILABLE}
2019-07-16 15:43:25,369 INFO  datanode.ObjectStoreHandler (ObjectStoreHandler.java:close(155)) - Closing ObjectStoreHandler.
2019-07-16 15:43:25,369 INFO  ozone.HddsDatanodeService (HddsDatanodeService.java:stop(452)) - Stopped plug-in org.apache.hadoop.ozone.web.OzoneHddsDatanodeService@73c7a727
2019-07-16 15:43:25,373 INFO  statemachine.DatanodeStateMachine (DatanodeStateMachine.java:stopDaemon(395)) - Ozone container server stopped.
2019-07-16 15:43:25,375 INFO  handler.ContextHandler (ContextHandler.java:doStop(910)) - Stopped o.e.j.w.WebAppContext@f04b315{/,null,UNAVAILABLE}{/hddsDatanode}
2019-07-16 15:43:25,375 INFO  server.AbstractConnector (AbstractConnector.java:doStop(318)) - Stopped ServerConnector@7cc7a0ca{HTTP/1.1,[http/1.1]}{0.0.0.0:0}
2019-07-16 15:43:25,375 INFO  handler.ContextHandler (ContextHandler.java:doStop(910)) - Stopped o.e.j.s.ServletContextHandler@4f162df8{/static,jar:file:/home/user/.m2/repository/org/apache/hadoop/hadoop-hdds-container-service/0.5.0-SNAPSHOT/hadoop-hdds-container-service-0.5.0-SNAPSHOT.jar!/webapps/static,UNAVAILABLE}
2019-07-16 15:43:25,376 INFO  handler.ContextHandler (ContextHandler.java:doStop(910)) - Stopped o.e.j.s.ServletContextHandler@1c388703{/logs,file:///workdir/hadoop-ozone/integration-test/target/log,UNAVAILABLE}
2019-07-16 15:43:25,739 INFO  statemachine.DatanodeStateMachine (DatanodeStateMachine.java:lambda$startDaemon$0(350)) - Ozone container server started.
2019-07-16 15:43:27,642 INFO  impl.FollowerState (FollowerState.java:run(106)) - c3ac9ecf-9611-41f7-bf05-610caa4feb8e:group-ED9AF3F9D2B9 changes to CANDIDATE, lastRpcTime:5158, electionTimeout:5158ms
2019-07-16 15:43:27,642 INFO  impl.RoleInfo (RoleInfo.java:shutdownFollowerState(121)) - c3ac9ecf-9611-41f7-bf05-610caa4feb8e: shutdown FollowerState
2019-07-16 15:43:27,642 INFO  impl.RaftServerImpl (RaftServerImpl.java:setRole(171)) - c3ac9ecf-9611-41f7-bf05-610caa4feb8e:group-ED9AF3F9D2B9 changes role from FOLLOWER to CANDIDATE at term 2 for changeToCandidate
2019-07-16 15:43:27,642 INFO  impl.RoleInfo (RoleInfo.java:updateAndGet(143)) - c3ac9ecf-9611-41f7-bf05-610caa4feb8e: start LeaderElection
2019-07-16 15:43:27,658 INFO  impl.LeaderElection (LeaderElection.java:askForVotes(181)) - c3ac9ecf-9611-41f7-bf05-610caa4feb8e:group-ED9AF3F9D2B9:LeaderElection110: begin an election at term 3 for 0: [6902b20e-941c-4ef5-8c7a-b05463cf680e:192.168.69.88:46555, c3ac9ecf-9611-41f7-bf05-610caa4feb8e:192.168.69.88:37874, e47ed8fe-fd5e-43bb-982d-b334af27f265:192.168.69.88:43415], old=null
2019-07-16 15:43:27,659 INFO  impl.LeaderElection (LogUtils.java:infoOrTrace(149)) - c3ac9ecf-9611-41f7-bf05-610caa4feb8e:group-ED9AF3F9D2B9:LeaderElection110 got exception when requesting votes: {}
java.util.concurrent.ExecutionException: org.apache.ratis.thirdparty.io.grpc.StatusRuntimeException: UNAVAILABLE: io exception
	at java.util.concurrent.FutureTask.report(FutureTask.java:122)
	at java.util.concurrent.FutureTask.get(FutureTask.java:192)
	at org.apache.ratis.server.impl.LeaderElection.waitForResults(LeaderElection.java:262)
	at org.apache.ratis.server.impl.LeaderElection.askForVotes(LeaderElection.java:200)
	at org.apache.ratis.server.impl.LeaderElection.run(LeaderElection.java:130)
	at java.lang.Thread.run(Thread.java:748)
Caused by: org.apache.ratis.thirdparty.io.grpc.StatusRuntimeException: UNAVAILABLE: io exception
	at org.apache.ratis.thirdparty.io.grpc.stub.ClientCalls.toStatusRuntimeException(ClientCalls.java:233)
	at org.apache.ratis.thirdparty.io.grpc.stub.ClientCalls.getUnchecked(ClientCalls.java:214)
	at org.apache.ratis.thirdparty.io.grpc.stub.ClientCalls.blockingUnaryCall(ClientCalls.java:139)
	at org.apache.ratis.proto.grpc.RaftServerProtocolServiceGrpc$RaftServerProtocolServiceBlockingStub.requestVote(RaftServerProtocolServiceGrpc.java:265)
	at org.apache.ratis.grpc.server.GrpcServerProtocolClient.requestVote(GrpcServerProtocolClient.java:83)
	at org.apache.ratis.grpc.server.GrpcService.requestVote(GrpcService.java:195)
	at org.apache.ratis.server.impl.LeaderElection.lambda$submitRequests$1(LeaderElection.java:237)
	at java.util.concurrent.FutureTask.run(FutureTask.java:266)
	at java.util.concurrent.Executors$RunnableAdapter.call(Executors.java:511)
	at java.util.concurrent.FutureTask.run(FutureTask.java:266)
	at java.util.concurrent.ThreadPoolExecutor.runWorker(ThreadPoolExecutor.java:1149)
	at java.util.concurrent.ThreadPoolExecutor$Worker.run(ThreadPoolExecutor.java:624)
	... 1 more
Caused by: org.apache.ratis.thirdparty.io.netty.channel.AbstractChannel$AnnotatedConnectException: Connection refused: /192.168.69.88:46555
	at sun.nio.ch.SocketChannelImpl.checkConnect(Native Method)
	at sun.nio.ch.SocketChannelImpl.finishConnect(SocketChannelImpl.java:717)
	at org.apache.ratis.thirdparty.io.netty.channel.socket.nio.NioSocketChannel.doFinishConnect(NioSocketChannel.java:327)
	at org.apache.ratis.thirdparty.io.netty.channel.nio.AbstractNioChannel$AbstractNioUnsafe.finishConnect(AbstractNioChannel.java:340)
	at org.apache.ratis.thirdparty.io.netty.channel.nio.NioEventLoop.processSelectedKey(NioEventLoop.java:632)
	at org.apache.ratis.thirdparty.io.netty.channel.nio.NioEventLoop.processSelectedKeysOptimized(NioEventLoop.java:579)
	at org.apache.ratis.thirdparty.io.netty.channel.nio.NioEventLoop.processSelectedKeys(NioEventLoop.java:496)
	at org.apache.ratis.thirdparty.io.netty.channel.nio.NioEventLoop.run(NioEventLoop.java:458)
	at org.apache.ratis.thirdparty.io.netty.util.concurrent.SingleThreadEventExecutor$5.run(SingleThreadEventExecutor.java:897)
	at org.apache.ratis.thirdparty.io.netty.util.concurrent.FastThreadLocalRunnable.run(FastThreadLocalRunnable.java:30)
	... 1 more
Caused by: java.net.ConnectException: Connection refused
	... 11 more
2019-07-16 15:43:27,662 INFO  impl.LeaderElection (LogUtils.java:infoOrTrace(149)) - c3ac9ecf-9611-41f7-bf05-610caa4feb8e:group-ED9AF3F9D2B9:LeaderElection110 got exception when requesting votes: {}
java.util.concurrent.ExecutionException: org.apache.ratis.thirdparty.io.grpc.StatusRuntimeException: UNAVAILABLE: io exception
	at java.util.concurrent.FutureTask.report(FutureTask.java:122)
	at java.util.concurrent.FutureTask.get(FutureTask.java:192)
	at org.apache.ratis.server.impl.LeaderElection.waitForResults(LeaderElection.java:262)
	at org.apache.ratis.server.impl.LeaderElection.askForVotes(LeaderElection.java:200)
	at org.apache.ratis.server.impl.LeaderElection.run(LeaderElection.java:130)
	at java.lang.Thread.run(Thread.java:748)
Caused by: org.apache.ratis.thirdparty.io.grpc.StatusRuntimeException: UNAVAILABLE: io exception
	at org.apache.ratis.thirdparty.io.grpc.stub.ClientCalls.toStatusRuntimeException(ClientCalls.java:233)
	at org.apache.ratis.thirdparty.io.grpc.stub.ClientCalls.getUnchecked(ClientCalls.java:214)
	at org.apache.ratis.thirdparty.io.grpc.stub.ClientCalls.blockingUnaryCall(ClientCalls.java:139)
	at org.apache.ratis.proto.grpc.RaftServerProtocolServiceGrpc$RaftServerProtocolServiceBlockingStub.requestVote(RaftServerProtocolServiceGrpc.java:265)
	at org.apache.ratis.grpc.server.GrpcServerProtocolClient.requestVote(GrpcServerProtocolClient.java:83)
	at org.apache.ratis.grpc.server.GrpcService.requestVote(GrpcService.java:195)
	at org.apache.ratis.server.impl.LeaderElection.lambda$submitRequests$1(LeaderElection.java:237)
	at java.util.concurrent.FutureTask.run(FutureTask.java:266)
	at java.util.concurrent.Executors$RunnableAdapter.call(Executors.java:511)
	at java.util.concurrent.FutureTask.run(FutureTask.java:266)
	at java.util.concurrent.ThreadPoolExecutor.runWorker(ThreadPoolExecutor.java:1149)
	at java.util.concurrent.ThreadPoolExecutor$Worker.run(ThreadPoolExecutor.java:624)
	... 1 more
Caused by: org.apache.ratis.thirdparty.io.netty.channel.AbstractChannel$AnnotatedConnectException: Connection refused: /192.168.69.88:43415
	at sun.nio.ch.SocketChannelImpl.checkConnect(Native Method)
	at sun.nio.ch.SocketChannelImpl.finishConnect(SocketChannelImpl.java:717)
	at org.apache.ratis.thirdparty.io.netty.channel.socket.nio.NioSocketChannel.doFinishConnect(NioSocketChannel.java:327)
	at org.apache.ratis.thirdparty.io.netty.channel.nio.AbstractNioChannel$AbstractNioUnsafe.finishConnect(AbstractNioChannel.java:340)
	at org.apache.ratis.thirdparty.io.netty.channel.nio.NioEventLoop.processSelectedKey(NioEventLoop.java:632)
	at org.apache.ratis.thirdparty.io.netty.channel.nio.NioEventLoop.processSelectedKeysOptimized(NioEventLoop.java:579)
	at org.apache.ratis.thirdparty.io.netty.channel.nio.NioEventLoop.processSelectedKeys(NioEventLoop.java:496)
	at org.apache.ratis.thirdparty.io.netty.channel.nio.NioEventLoop.run(NioEventLoop.java:458)
	at org.apache.ratis.thirdparty.io.netty.util.concurrent.SingleThreadEventExecutor$5.run(SingleThreadEventExecutor.java:897)
	at org.apache.ratis.thirdparty.io.netty.util.concurrent.FastThreadLocalRunnable.run(FastThreadLocalRunnable.java:30)
	... 1 more
Caused by: java.net.ConnectException: Connection refused
	... 11 more
2019-07-16 15:43:27,664 INFO  impl.LeaderElection (LeaderElection.java:logAndReturn(56)) - c3ac9ecf-9611-41f7-bf05-610caa4feb8e:group-ED9AF3F9D2B9:LeaderElection110: Election REJECTED; received 0 response(s) [] and 2 exception(s); c3ac9ecf-9611-41f7-bf05-610caa4feb8e:t3, leader=null, voted=c3ac9ecf-9611-41f7-bf05-610caa4feb8e, raftlog=c3ac9ecf-9611-41f7-bf05-610caa4feb8e-SegmentedRaftLog:OPENED:c6,f6,i6, conf=0: [6902b20e-941c-4ef5-8c7a-b05463cf680e:192.168.69.88:46555, c3ac9ecf-9611-41f7-bf05-610caa4feb8e:192.168.69.88:37874, e47ed8fe-fd5e-43bb-982d-b334af27f265:192.168.69.88:43415], old=null
2019-07-16 15:43:27,664 INFO  impl.LeaderElection (LogUtils.java:infoOrTrace(149)) -   Exception 0: {}
java.util.concurrent.ExecutionException: org.apache.ratis.thirdparty.io.grpc.StatusRuntimeException: UNAVAILABLE: io exception
	at java.util.concurrent.FutureTask.report(FutureTask.java:122)
	at java.util.concurrent.FutureTask.get(FutureTask.java:192)
	at org.apache.ratis.server.impl.LeaderElection.waitForResults(LeaderElection.java:262)
	at org.apache.ratis.server.impl.LeaderElection.askForVotes(LeaderElection.java:200)
	at org.apache.ratis.server.impl.LeaderElection.run(LeaderElection.java:130)
	at java.lang.Thread.run(Thread.java:748)
Caused by: org.apache.ratis.thirdparty.io.grpc.StatusRuntimeException: UNAVAILABLE: io exception
	at org.apache.ratis.thirdparty.io.grpc.stub.ClientCalls.toStatusRuntimeException(ClientCalls.java:233)
	at org.apache.ratis.thirdparty.io.grpc.stub.ClientCalls.getUnchecked(ClientCalls.java:214)
	at org.apache.ratis.thirdparty.io.grpc.stub.ClientCalls.blockingUnaryCall(ClientCalls.java:139)
	at org.apache.ratis.proto.grpc.RaftServerProtocolServiceGrpc$RaftServerProtocolServiceBlockingStub.requestVote(RaftServerProtocolServiceGrpc.java:265)
	at org.apache.ratis.grpc.server.GrpcServerProtocolClient.requestVote(GrpcServerProtocolClient.java:83)
	at org.apache.ratis.grpc.server.GrpcService.requestVote(GrpcService.java:195)
	at org.apache.ratis.server.impl.LeaderElection.lambda$submitRequests$1(LeaderElection.java:237)
	at java.util.concurrent.FutureTask.run(FutureTask.java:266)
	at java.util.concurrent.Executors$RunnableAdapter.call(Executors.java:511)
	at java.util.concurrent.FutureTask.run(FutureTask.java:266)
	at java.util.concurrent.ThreadPoolExecutor.runWorker(ThreadPoolExecutor.java:1149)
	at java.util.concurrent.ThreadPoolExecutor$Worker.run(ThreadPoolExecutor.java:624)
	... 1 more
Caused by: org.apache.ratis.thirdparty.io.netty.channel.AbstractChannel$AnnotatedConnectException: Connection refused: /192.168.69.88:46555
	at sun.nio.ch.SocketChannelImpl.checkConnect(Native Method)
	at sun.nio.ch.SocketChannelImpl.finishConnect(SocketChannelImpl.java:717)
	at org.apache.ratis.thirdparty.io.netty.channel.socket.nio.NioSocketChannel.doFinishConnect(NioSocketChannel.java:327)
	at org.apache.ratis.thirdparty.io.netty.channel.nio.AbstractNioChannel$AbstractNioUnsafe.finishConnect(AbstractNioChannel.java:340)
	at org.apache.ratis.thirdparty.io.netty.channel.nio.NioEventLoop.processSelectedKey(NioEventLoop.java:632)
	at org.apache.ratis.thirdparty.io.netty.channel.nio.NioEventLoop.processSelectedKeysOptimized(NioEventLoop.java:579)
	at org.apache.ratis.thirdparty.io.netty.channel.nio.NioEventLoop.processSelectedKeys(NioEventLoop.java:496)
	at org.apache.ratis.thirdparty.io.netty.channel.nio.NioEventLoop.run(NioEventLoop.java:458)
	at org.apache.ratis.thirdparty.io.netty.util.concurrent.SingleThreadEventExecutor$5.run(SingleThreadEventExecutor.java:897)
	at org.apache.ratis.thirdparty.io.netty.util.concurrent.FastThreadLocalRunnable.run(FastThreadLocalRunnable.java:30)
	... 1 more
Caused by: java.net.ConnectException: Connection refused
	... 11 more
2019-07-16 15:43:27,664 INFO  impl.LeaderElection (LogUtils.java:infoOrTrace(149)) -   Exception 1: {}
java.util.concurrent.ExecutionException: org.apache.ratis.thirdparty.io.grpc.StatusRuntimeException: UNAVAILABLE: io exception
	at java.util.concurrent.FutureTask.report(FutureTask.java:122)
	at java.util.concurrent.FutureTask.get(FutureTask.java:192)
	at org.apache.ratis.server.impl.LeaderElection.waitForResults(LeaderElection.java:262)
	at org.apache.ratis.server.impl.LeaderElection.askForVotes(LeaderElection.java:200)
	at org.apache.ratis.server.impl.LeaderElection.run(LeaderElection.java:130)
	at java.lang.Thread.run(Thread.java:748)
Caused by: org.apache.ratis.thirdparty.io.grpc.StatusRuntimeException: UNAVAILABLE: io exception
	at org.apache.ratis.thirdparty.io.grpc.stub.ClientCalls.toStatusRuntimeException(ClientCalls.java:233)
	at org.apache.ratis.thirdparty.io.grpc.stub.ClientCalls.getUnchecked(ClientCalls.java:214)
	at org.apache.ratis.thirdparty.io.grpc.stub.ClientCalls.blockingUnaryCall(ClientCalls.java:139)
	at org.apache.ratis.proto.grpc.RaftServerProtocolServiceGrpc$RaftServerProtocolServiceBlockingStub.requestVote(RaftServerProtocolServiceGrpc.java:265)
	at org.apache.ratis.grpc.server.GrpcServerProtocolClient.requestVote(GrpcServerProtocolClient.java:83)
	at org.apache.ratis.grpc.server.GrpcService.requestVote(GrpcService.java:195)
	at org.apache.ratis.server.impl.LeaderElection.lambda$submitRequests$1(LeaderElection.java:237)
	at java.util.concurrent.FutureTask.run(FutureTask.java:266)
	at java.util.concurrent.Executors$RunnableAdapter.call(Executors.java:511)
	at java.util.concurrent.FutureTask.run(FutureTask.java:266)
	at java.util.concurrent.ThreadPoolExecutor.runWorker(ThreadPoolExecutor.java:1149)
	at java.util.concurrent.ThreadPoolExecutor$Worker.run(ThreadPoolExecutor.java:624)
	... 1 more
Caused by: org.apache.ratis.thirdparty.io.netty.channel.AbstractChannel$AnnotatedConnectException: Connection refused: /192.168.69.88:43415
	at sun.nio.ch.SocketChannelImpl.checkConnect(Native Method)
	at sun.nio.ch.SocketChannelImpl.finishConnect(SocketChannelImpl.java:717)
	at org.apache.ratis.thirdparty.io.netty.channel.socket.nio.NioSocketChannel.doFinishConnect(NioSocketChannel.java:327)
	at org.apache.ratis.thirdparty.io.netty.channel.nio.AbstractNioChannel$AbstractNioUnsafe.finishConnect(AbstractNioChannel.java:340)
	at org.apache.ratis.thirdparty.io.netty.channel.nio.NioEventLoop.processSelectedKey(NioEventLoop.java:632)
	at org.apache.ratis.thirdparty.io.netty.channel.nio.NioEventLoop.processSelectedKeysOptimized(NioEventLoop.java:579)
	at org.apache.ratis.thirdparty.io.netty.channel.nio.NioEventLoop.processSelectedKeys(NioEventLoop.java:496)
	at org.apache.ratis.thirdparty.io.netty.channel.nio.NioEventLoop.run(NioEventLoop.java:458)
	at org.apache.ratis.thirdparty.io.netty.util.concurrent.SingleThreadEventExecutor$5.run(SingleThreadEventExecutor.java:897)
	at org.apache.ratis.thirdparty.io.netty.util.concurrent.FastThreadLocalRunnable.run(FastThreadLocalRunnable.java:30)
	... 1 more
Caused by: java.net.ConnectException: Connection refused
	... 11 more
2019-07-16 15:43:27,665 INFO  impl.RaftServerImpl (RaftServerImpl.java:setRole(171)) - c3ac9ecf-9611-41f7-bf05-610caa4feb8e:group-ED9AF3F9D2B9 changes role from CANDIDATE to FOLLOWER at term 3 for DISCOVERED_A_NEW_TERM
2019-07-16 15:43:27,665 INFO  impl.RoleInfo (RoleInfo.java:shutdownLeaderElection(134)) - c3ac9ecf-9611-41f7-bf05-610caa4feb8e: shutdown LeaderElection
2019-07-16 15:43:27,665 INFO  impl.RoleInfo (RoleInfo.java:updateAndGet(143)) - c3ac9ecf-9611-41f7-bf05-610caa4feb8e: start FollowerState
2019-07-16 15:43:29,778 INFO  node.StaleNodeHandler (StaleNodeHandler.java:onMessage(58)) - Datanode c3ac9ecf-9611-41f7-bf05-610caa4feb8e{ip: 192.168.69.88, host: trunk-nightly-kgw5x-1882989438, networkLocation: /default-rack, certSerialId: null} moved to stale state. Finalizing its pipelines [PipelineID=1eab7ecd-39db-4bcb-a3ad-ed9af3f9d2b9, PipelineID=85964782-bb6c-4ae7-b847-d5ca06ac40ac]
2019-07-16 15:43:29,778 INFO  pipeline.SCMPipelineManager (SCMPipelineManager.java:finalizeAndDestroyPipeline(309)) - destroying pipeline:Pipeline[ Id: 1eab7ecd-39db-4bcb-a3ad-ed9af3f9d2b9, Nodes: 6902b20e-941c-4ef5-8c7a-b05463cf680e{ip: 192.168.69.88, host: trunk-nightly-kgw5x-1882989438, networkLocation: /default-rack, certSerialId: null}c3ac9ecf-9611-41f7-bf05-610caa4feb8e{ip: 192.168.69.88, host: trunk-nightly-kgw5x-1882989438, networkLocation: /default-rack, certSerialId: null}e47ed8fe-fd5e-43bb-982d-b334af27f265{ip: 192.168.69.88, host: trunk-nightly-kgw5x-1882989438, networkLocation: /default-rack, certSerialId: null}, Type:RATIS, Factor:THREE, State:CLOSED]
2019-07-16 15:43:29,778 INFO  pipeline.SCMPipelineManager (SCMPipelineManager.java:finalizeAndDestroyPipeline(309)) - destroying pipeline:Pipeline[ Id: 85964782-bb6c-4ae7-b847-d5ca06ac40ac, Nodes: c3ac9ecf-9611-41f7-bf05-610caa4feb8e{ip: 192.168.69.88, host: trunk-nightly-kgw5x-1882989438, networkLocation: /default-rack, certSerialId: null}, Type:RATIS, Factor:ONE, State:OPEN]
2019-07-16 15:43:29,779 INFO  pipeline.PipelineStateManager (PipelineStateManager.java:finalizePipeline(123)) - Pipeline Pipeline[ Id: 85964782-bb6c-4ae7-b847-d5ca06ac40ac, Nodes: c3ac9ecf-9611-41f7-bf05-610caa4feb8e{ip: 192.168.69.88, host: trunk-nightly-kgw5x-1882989438, networkLocation: /default-rack, certSerialId: null}, Type:RATIS, Factor:ONE, State:CLOSED] moved to CLOSED state
2019-07-16 15:43:30,372 INFO  ozoneimpl.OzoneContainer (OzoneContainer.java:stop(199)) - Attempting to stop container services.
2019-07-16 15:43:30,373 INFO  impl.RaftServerProxy (RaftServerProxy.java:lambda$close$4(314)) - c3ac9ecf-9611-41f7-bf05-610caa4feb8e: close
2019-07-16 15:43:30,373 INFO  impl.RaftServerImpl (RaftServerImpl.java:lambda$shutdown$3(245)) - c3ac9ecf-9611-41f7-bf05-610caa4feb8e: shutdown group-ED9AF3F9D2B9
2019-07-16 15:43:30,374 INFO  util.JmxRegister (JmxRegister.java:unregister(73)) - Successfully un-registered JMX Bean with object name Ratis:service=RaftServer,group=group-ED9AF3F9D2B9,id=c3ac9ecf-9611-41f7-bf05-610caa4feb8e
2019-07-16 15:43:30,374 INFO  impl.RoleInfo (RoleInfo.java:shutdownFollowerState(121)) - c3ac9ecf-9611-41f7-bf05-610caa4feb8e: shutdown FollowerState
2019-07-16 15:43:30,374 INFO  impl.StateMachineUpdater (StateMachineUpdater.java:stopAndJoin(115)) - StateMachineUpdater:c3ac9ecf-9611-41f7-bf05-610caa4feb8e:group-ED9AF3F9D2B9: set stopIndex = 6
2019-07-16 15:43:30,374 INFO  ratis.ContainerStateMachine (ContainerStateMachine.java:takeSnapshot(249)) - group-ED9AF3F9D2B9: Taking a snapshot at:(t:1, i:4) file /workdir/hadoop-ozone/integration-test/target/test-dir/MiniOzoneClusterImpl-b0b1d809-0124-4458-88f1-9092fc7d7699/datanode-5/data/ratis/1eab7ecd-39db-4bcb-a3ad-ed9af3f9d2b9/sm/snapshot.1_4
2019-07-16 15:43:30,374 INFO  impl.FollowerState (FollowerState.java:run(114)) - c3ac9ecf-9611-41f7-bf05-610caa4feb8e: FollowerState was interrupted: java.lang.InterruptedException: sleep interrupted
2019-07-16 15:43:30,377 INFO  ratis.ContainerStateMachine (ContainerStateMachine.java:takeSnapshot(257)) - group-ED9AF3F9D2B9: Finished taking a snapshot at:(t:1, i:4) file:/workdir/hadoop-ozone/integration-test/target/test-dir/MiniOzoneClusterImpl-b0b1d809-0124-4458-88f1-9092fc7d7699/datanode-5/data/ratis/1eab7ecd-39db-4bcb-a3ad-ed9af3f9d2b9/sm/snapshot.1_4 time:3
2019-07-16 15:43:30,378 INFO  impl.StateMachineUpdater (StateMachineUpdater.java:takeSnapshot(242)) - StateMachineUpdater:c3ac9ecf-9611-41f7-bf05-610caa4feb8e:group-ED9AF3F9D2B9: Took a snapshot at index 4
2019-07-16 15:43:30,378 INFO  impl.StateMachineUpdater (StateMachineUpdater.java:lambda$new$0(80)) - StateMachineUpdater:c3ac9ecf-9611-41f7-bf05-610caa4feb8e:group-ED9AF3F9D2B9: snapshotIndex: updateIncreasingly -1 -> 4
2019-07-16 15:43:30,378 INFO  impl.RaftServerImpl (ServerState.java:close(394)) - c3ac9ecf-9611-41f7-bf05-610caa4feb8e:group-ED9AF3F9D2B9 closes. The last applied log index is 6
2019-07-16 15:43:30,378 INFO  segmented.SegmentedRaftLogWorker (SegmentedRaftLogWorker.java:run(313)) - c3ac9ecf-9611-41f7-bf05-610caa4feb8e-SegmentedRaftLogWorker:Storage Directory /workdir/hadoop-ozone/integration-test/target/test-dir/MiniOzoneClusterImpl-b0b1d809-0124-4458-88f1-9092fc7d7699/datanode-5/data/ratis/1eab7ecd-39db-4bcb-a3ad-ed9af3f9d2b9 was interrupted, exiting. There are 0 tasks remaining in the queue.
2019-07-16 15:43:30,379 INFO  segmented.SegmentedRaftLogWorker (SegmentedRaftLogWorker.java:close(228)) - c3ac9ecf-9611-41f7-bf05-610caa4feb8e-SegmentedRaftLogWorker:Storage Directory /workdir/hadoop-ozone/integration-test/target/test-dir/MiniOzoneClusterImpl-b0b1d809-0124-4458-88f1-9092fc7d7699/datanode-5/data/ratis/1eab7ecd-39db-4bcb-a3ad-ed9af3f9d2b9 close()
2019-07-16 15:43:30,379 INFO  impl.RaftServerImpl (RaftServerImpl.java:lambda$shutdown$3(245)) - c3ac9ecf-9611-41f7-bf05-610caa4feb8e: shutdown group-D5CA06AC40AC
2019-07-16 15:43:30,380 INFO  util.JmxRegister (JmxRegister.java:unregister(73)) - Successfully un-registered JMX Bean with object name Ratis:service=RaftServer,group=group-D5CA06AC40AC,id=c3ac9ecf-9611-41f7-bf05-610caa4feb8e
2019-07-16 15:43:30,380 INFO  impl.RoleInfo (RoleInfo.java:shutdownLeaderState(104)) - c3ac9ecf-9611-41f7-bf05-610caa4feb8e: shutdown LeaderState
2019-07-16 15:43:30,380 INFO  impl.PendingRequests (PendingRequests.java:sendNotLeaderResponses(202)) - c3ac9ecf-9611-41f7-bf05-610caa4feb8e-PendingRequests: sendNotLeaderResponses
2019-07-16 15:43:30,381 INFO  impl.StateMachineUpdater (StateMachineUpdater.java:stopAndJoin(115)) - StateMachineUpdater:c3ac9ecf-9611-41f7-bf05-610caa4feb8e:group-D5CA06AC40AC: set stopIndex = 0
2019-07-16 15:43:30,381 INFO  impl.RaftServerImpl (ServerState.java:close(394)) - c3ac9ecf-9611-41f7-bf05-610caa4feb8e:group-D5CA06AC40AC closes. The last applied log index is 0
2019-07-16 15:43:30,381 INFO  segmented.SegmentedRaftLogWorker (SegmentedRaftLogWorker.java:run(313)) - c3ac9ecf-9611-41f7-bf05-610caa4feb8e-SegmentedRaftLogWorker:Storage Directory /workdir/hadoop-ozone/integration-test/target/test-dir/MiniOzoneClusterImpl-b0b1d809-0124-4458-88f1-9092fc7d7699/datanode-5/data/ratis/85964782-bb6c-4ae7-b847-d5ca06ac40ac was interrupted, exiting. There are 0 tasks remaining in the queue.
2019-07-16 15:43:30,381 INFO  segmented.SegmentedRaftLogWorker (SegmentedRaftLogWorker.java:close(228)) - c3ac9ecf-9611-41f7-bf05-610caa4feb8e-SegmentedRaftLogWorker:Storage Directory /workdir/hadoop-ozone/integration-test/target/test-dir/MiniOzoneClusterImpl-b0b1d809-0124-4458-88f1-9092fc7d7699/datanode-5/data/ratis/85964782-bb6c-4ae7-b847-d5ca06ac40ac close()
2019-07-16 15:43:30,382 INFO  server.GrpcService (GrpcService.java:closeImpl(155)) - c3ac9ecf-9611-41f7-bf05-610caa4feb8e: shutdown server with port 37874 now
2019-07-16 15:43:30,382 INFO  server.GrpcService (GrpcService.java:closeImpl(163)) - c3ac9ecf-9611-41f7-bf05-610caa4feb8e: shutdown server with port 37874 successfully
2019-07-16 15:43:30,383 INFO  utils.BackgroundService (BackgroundService.java:shutdown(148)) - Shutting down service BlockDeletingService
2019-07-16 15:43:30,384 WARN  fs.CachingGetSpaceUsed (CachingGetSpaceUsed.java:run(183)) - Thread Interrupted waiting to refresh disk information: sleep interrupted
2019-07-16 15:43:30,403 INFO  statemachine.DatanodeStateMachine (DatanodeStateMachine.java:stopDaemon(395)) - Ozone container server stopped.
2019-07-16 15:43:30,407 INFO  handler.ContextHandler (ContextHandler.java:doStop(910)) - Stopped o.e.j.w.WebAppContext@1f404aa1{/,null,UNAVAILABLE}{/hddsDatanode}
2019-07-16 15:43:30,408 INFO  server.AbstractConnector (AbstractConnector.java:doStop(318)) - Stopped ServerConnector@6d5fc2ca{HTTP/1.1,[http/1.1]}{0.0.0.0:0}
2019-07-16 15:43:30,408 INFO  handler.ContextHandler (ContextHandler.java:doStop(910)) - Stopped o.e.j.s.ServletContextHandler@6671ec3b{/static,jar:file:/home/user/.m2/repository/org/apache/hadoop/hadoop-hdds-container-service/0.5.0-SNAPSHOT/hadoop-hdds-container-service-0.5.0-SNAPSHOT.jar!/webapps/static,UNAVAILABLE}
2019-07-16 15:43:30,408 INFO  handler.ContextHandler (ContextHandler.java:doStop(910)) - Stopped o.e.j.s.ServletContextHandler@59632e3c{/logs,file:///workdir/hadoop-ozone/integration-test/target/log,UNAVAILABLE}
2019-07-16 15:43:30,409 INFO  ozone.MiniOzoneClusterImpl (MiniOzoneClusterImpl.java:stop(353)) - Stopping the StorageContainerManager
2019-07-16 15:43:30,409 INFO  server.StorageContainerManager (StorageContainerManager.java:stop(796)) - Stopping Replication Manager Service.
2019-07-16 15:43:30,409 INFO  container.ReplicationManager (ReplicationManager.java:stop(187)) - Stopping Replication Monitor Thread.
2019-07-16 15:43:30,410 INFO  server.StorageContainerManager (StorageContainerManager.java:stop(803)) - Stopping Lease Manager of the command watchers
2019-07-16 15:43:30,410 INFO  server.StorageContainerManager (StorageContainerManager.java:stop(810)) - Stopping datanode service RPC server
2019-07-16 15:43:30,410 INFO  server.SCMDatanodeProtocolServer (SCMDatanodeProtocolServer.java:stop(375)) - Stopping the RPC server for DataNodes
2019-07-16 15:43:30,410 INFO  ipc.Server (Server.java:stop(3082)) - Stopping server on 32941
2019-07-16 15:43:30,412 INFO  ipc.Server (Server.java:run(1185)) - Stopping IPC Server listener on 32941
2019-07-16 15:43:30,412 INFO  ipc.Server (Server.java:run(1319)) - Stopping IPC Server Responder
2019-07-16 15:43:30,479 WARN  node.NodeStateManager (NodeStateManager.java:scheduleNextHealthCheck(631)) - Current Thread is interrupted, shutting down HB processing thread for Node Manager.
2019-07-16 15:43:30,479 INFO  server.StorageContainerManager (StorageContainerManager.java:stop(818)) - Stopping block service RPC server
2019-07-16 15:43:30,479 INFO  server.SCMBlockProtocolServer (SCMBlockProtocolServer.java:stop(148)) - Stopping the RPC server for Block Protocol
2019-07-16 15:43:30,479 INFO  ipc.Server (Server.java:stop(3082)) - Stopping server on 43265
2019-07-16 15:43:30,482 INFO  ipc.Server (Server.java:run(1185)) - Stopping IPC Server listener on 43265
2019-07-16 15:43:30,482 INFO  ipc.Server (Server.java:run(1319)) - Stopping IPC Server Responder
2019-07-16 15:43:30,482 INFO  server.StorageContainerManager (StorageContainerManager.java:stop(825)) - Stopping the StorageContainerLocationProtocol RPC server
2019-07-16 15:43:30,484 INFO  server.SCMClientProtocolServer (SCMClientProtocolServer.java:stop(157)) - Stopping the RPC server for Client Protocol
2019-07-16 15:43:30,484 INFO  ipc.Server (Server.java:stop(3082)) - Stopping server on 45355
2019-07-16 15:43:30,487 INFO  ipc.Server (Server.java:run(1185)) - Stopping IPC Server listener on 45355
2019-07-16 15:43:30,487 INFO  server.StorageContainerManager (StorageContainerManager.java:stop(832)) - Stopping Storage Container Manager HTTP server.
2019-07-16 15:43:30,488 INFO  ipc.Server (Server.java:run(1319)) - Stopping IPC Server Responder
2019-07-16 15:43:30,490 INFO  handler.ContextHandler (ContextHandler.java:doStop(910)) - Stopped o.e.j.w.WebAppContext@523d6b45{/,null,UNAVAILABLE}{/scm}
2019-07-16 15:43:30,492 INFO  server.AbstractConnector (AbstractConnector.java:doStop(318)) - Stopped ServerConnector@6e8e1a98{HTTP/1.1,[http/1.1]}{0.0.0.0:0}
2019-07-16 15:43:30,492 INFO  handler.ContextHandler (ContextHandler.java:doStop(910)) - Stopped o.e.j.s.ServletContextHandler@3532f633{/static,file:///workdir/hadoop-ozone/integration-test/target/test-classes/webapps/static,UNAVAILABLE}
2019-07-16 15:43:30,492 INFO  handler.ContextHandler (ContextHandler.java:doStop(910)) - Stopped o.e.j.s.ServletContextHandler@c9f1951{/logs,file:///workdir/hadoop-ozone/integration-test/target/log,UNAVAILABLE}
2019-07-16 15:43:30,493 INFO  server.StorageContainerManager (StorageContainerManager.java:stop(843)) - Stopping Block Manager Service.
2019-07-16 15:43:30,493 INFO  utils.BackgroundService (BackgroundService.java:shutdown(148)) - Shutting down service SCMBlockDeletingService
2019-07-16 15:43:30,495 INFO  utils.BackgroundService (BackgroundService.java:shutdown(148)) - Shutting down service SCMBlockDeletingService
2019-07-16 15:43:30,495 INFO  server.StorageContainerManager (StorageContainerManager.java:stop(865)) - Stopping SCM Event Queue.
2019-07-16 15:43:30,510 INFO  impl.MetricsSystemImpl (MetricsSystemImpl.java:stop(210)) - Stopping HddsDatanode metrics system...
2019-07-16 15:43:30,524 INFO  impl.MetricsSystemImpl (MetricsSystemImpl.java:stop(216)) - HddsDatanode metrics system stopped.
]]></system-out>
    <system-err><![CDATA[Jul 16, 2019 3:42:56 PM com.sun.jersey.server.impl.application.WebApplicationImpl _initiate
INFO: Initiating Jersey application, version 'Jersey: 1.19 02/11/2015 03:25 AM'
Jul 16, 2019 3:42:57 PM com.sun.jersey.server.impl.application.WebApplicationImpl _initiate
INFO: Initiating Jersey application, version 'Jersey: 1.19 02/11/2015 03:25 AM'
Jul 16, 2019 3:42:57 PM com.sun.jersey.server.impl.application.WebApplicationImpl _initiate
INFO: Initiating Jersey application, version 'Jersey: 1.19 02/11/2015 03:25 AM'
Jul 16, 2019 3:42:57 PM com.sun.jersey.server.impl.application.WebApplicationImpl _initiate
INFO: Initiating Jersey application, version 'Jersey: 1.19 02/11/2015 03:25 AM'
Jul 16, 2019 3:42:57 PM com.sun.jersey.server.impl.application.WebApplicationImpl _initiate
INFO: Initiating Jersey application, version 'Jersey: 1.19 02/11/2015 03:25 AM'
Jul 16, 2019 3:42:57 PM com.sun.jersey.server.impl.application.WebApplicationImpl _initiate
INFO: Initiating Jersey application, version 'Jersey: 1.19 02/11/2015 03:25 AM'
Jul 16, 2019 3:42:57 PM com.sun.jersey.server.impl.application.WebApplicationImpl _initiate
INFO: Initiating Jersey application, version 'Jersey: 1.19 02/11/2015 03:25 AM'
Jul 16, 2019 3:43:21 PM org.apache.ratis.thirdparty.io.grpc.internal.ManagedChannelOrphanWrapper$ManagedChannelReference cleanQueue
SEVERE: *~*~*~ Channel ManagedChannelImpl{logId=3555, target=192.168.69.88:36950} was not shutdown properly!!! ~*~*~*
    Make sure to call shutdown()/shutdownNow() and wait until awaitTermination() returns true.
java.lang.RuntimeException: ManagedChannel allocation site
	at org.apache.ratis.thirdparty.io.grpc.internal.ManagedChannelOrphanWrapper$ManagedChannelReference.<init>(ManagedChannelOrphanWrapper.java:103)
	at org.apache.ratis.thirdparty.io.grpc.internal.ManagedChannelOrphanWrapper.<init>(ManagedChannelOrphanWrapper.java:53)
	at org.apache.ratis.thirdparty.io.grpc.internal.ManagedChannelOrphanWrapper.<init>(ManagedChannelOrphanWrapper.java:44)
	at org.apache.ratis.thirdparty.io.grpc.internal.AbstractManagedChannelImplBuilder.build(AbstractManagedChannelImplBuilder.java:411)
	at org.apache.ratis.grpc.client.GrpcClientProtocolClient.<init>(GrpcClientProtocolClient.java:119)
	at org.apache.ratis.grpc.client.GrpcClientRpc.lambda$new$0(GrpcClientRpc.java:55)
	at org.apache.ratis.util.PeerProxyMap$PeerAndProxy.lambda$getProxy$0(PeerProxyMap.java:61)
	at org.apache.ratis.util.LifeCycle.startAndTransition(LifeCycle.java:202)
	at org.apache.ratis.util.PeerProxyMap$PeerAndProxy.getProxy(PeerProxyMap.java:60)
	at org.apache.ratis.util.PeerProxyMap.getProxy(PeerProxyMap.java:107)
	at org.apache.ratis.grpc.client.GrpcClientRpc.sendRequestAsync(GrpcClientRpc.java:66)
	at org.apache.ratis.client.impl.OrderedAsync.sendRequest(OrderedAsync.java:208)
	at org.apache.ratis.client.impl.OrderedAsync.sendRequestWithRetry(OrderedAsync.java:169)
	at org.apache.ratis.util.SlidingWindow$Client.sendOrDelayRequest(SlidingWindow.java:278)
	at org.apache.ratis.util.SlidingWindow$Client.retry(SlidingWindow.java:294)
	at org.apache.ratis.client.impl.OrderedAsync.lambda$scheduleWithTimeout$7(OrderedAsync.java:195)
	at org.apache.ratis.util.TimeoutScheduler.lambda$onTimeout$0(TimeoutScheduler.java:85)
	at org.apache.ratis.util.TimeoutScheduler.lambda$onTimeout$1(TimeoutScheduler.java:104)
	at org.apache.ratis.util.LogUtils.runAndLog(LogUtils.java:50)
	at org.apache.ratis.util.LogUtils$1.run(LogUtils.java:91)
	at java.util.concurrent.Executors$RunnableAdapter.call(Executors.java:511)
	at java.util.concurrent.FutureTask.run(FutureTask.java:266)
	at java.util.concurrent.ScheduledThreadPoolExecutor$ScheduledFutureTask.access$201(ScheduledThreadPoolExecutor.java:180)
	at java.util.concurrent.ScheduledThreadPoolExecutor$ScheduledFutureTask.run(ScheduledThreadPoolExecutor.java:293)
	at java.util.concurrent.ThreadPoolExecutor.runWorker(ThreadPoolExecutor.java:1149)
	at java.util.concurrent.ThreadPoolExecutor$Worker.run(ThreadPoolExecutor.java:624)
	at java.lang.Thread.run(Thread.java:748)

Jul 16, 2019 3:43:21 PM org.apache.ratis.thirdparty.io.grpc.internal.ManagedChannelOrphanWrapper$ManagedChannelReference cleanQueue
SEVERE: *~*~*~ Channel ManagedChannelImpl{logId=3569, target=192.168.69.88:44963} was not shutdown properly!!! ~*~*~*
    Make sure to call shutdown()/shutdownNow() and wait until awaitTermination() returns true.
java.lang.RuntimeException: ManagedChannel allocation site
	at org.apache.ratis.thirdparty.io.grpc.internal.ManagedChannelOrphanWrapper$ManagedChannelReference.<init>(ManagedChannelOrphanWrapper.java:103)
	at org.apache.ratis.thirdparty.io.grpc.internal.ManagedChannelOrphanWrapper.<init>(ManagedChannelOrphanWrapper.java:53)
	at org.apache.ratis.thirdparty.io.grpc.internal.ManagedChannelOrphanWrapper.<init>(ManagedChannelOrphanWrapper.java:44)
	at org.apache.ratis.thirdparty.io.grpc.internal.AbstractManagedChannelImplBuilder.build(AbstractManagedChannelImplBuilder.java:411)
	at org.apache.ratis.grpc.client.GrpcClientProtocolClient.<init>(GrpcClientProtocolClient.java:119)
	at org.apache.ratis.grpc.client.GrpcClientRpc.lambda$new$0(GrpcClientRpc.java:55)
	at org.apache.ratis.util.PeerProxyMap$PeerAndProxy.lambda$getProxy$0(PeerProxyMap.java:61)
	at org.apache.ratis.util.LifeCycle.startAndTransition(LifeCycle.java:202)
	at org.apache.ratis.util.PeerProxyMap$PeerAndProxy.getProxy(PeerProxyMap.java:60)
	at org.apache.ratis.util.PeerProxyMap.getProxy(PeerProxyMap.java:107)
	at org.apache.ratis.grpc.client.GrpcClientRpc.sendRequestAsync(GrpcClientRpc.java:66)
	at org.apache.ratis.client.impl.OrderedAsync.sendRequest(OrderedAsync.java:208)
	at org.apache.ratis.client.impl.OrderedAsync.sendRequestWithRetry(OrderedAsync.java:169)
	at org.apache.ratis.util.SlidingWindow$Client.sendOrDelayRequest(SlidingWindow.java:278)
	at org.apache.ratis.util.SlidingWindow$Client.retry(SlidingWindow.java:294)
	at org.apache.ratis.client.impl.OrderedAsync.lambda$scheduleWithTimeout$7(OrderedAsync.java:195)
	at org.apache.ratis.util.TimeoutScheduler.lambda$onTimeout$0(TimeoutScheduler.java:85)
	at org.apache.ratis.util.TimeoutScheduler.lambda$onTimeout$1(TimeoutScheduler.java:104)
	at org.apache.ratis.util.LogUtils.runAndLog(LogUtils.java:50)
	at org.apache.ratis.util.LogUtils$1.run(LogUtils.java:91)
	at java.util.concurrent.Executors$RunnableAdapter.call(Executors.java:511)
	at java.util.concurrent.FutureTask.run(FutureTask.java:266)
	at java.util.concurrent.ScheduledThreadPoolExecutor$ScheduledFutureTask.access$201(ScheduledThreadPoolExecutor.java:180)
	at java.util.concurrent.ScheduledThreadPoolExecutor$ScheduledFutureTask.run(ScheduledThreadPoolExecutor.java:293)
	at java.util.concurrent.ThreadPoolExecutor.runWorker(ThreadPoolExecutor.java:1149)
	at java.util.concurrent.ThreadPoolExecutor$Worker.run(ThreadPoolExecutor.java:624)
	at java.lang.Thread.run(Thread.java:748)

]]></system-err>
  </testcase>
</testsuite>