<?xml version="1.0" encoding="UTF-8"?>
<testsuite xmlns:xsi="http://www.w3.org/2001/XMLSchema-instance" xsi:noNamespaceSchemaLocation="https://maven.apache.org/surefire/maven-surefire-plugin/xsd/surefire-test-report.xsd" name="org.apache.hadoop.ozone.client.rpc.TestOzoneAtRestEncryption" time="63.117" tests="67" errors="21" skipped="2" failures="0">
  <properties>
    <property name="awt.toolkit" value="sun.awt.X11.XToolkit"/>
    <property name="file.encoding.pkg" value="sun.io"/>
    <property name="java.specification.version" value="1.8"/>
    <property name="sun.cpu.isalist" value=""/>
    <property name="sun.jnu.encoding" value="UTF-8"/>
    <property name="java.class.path" value="/workdir/hadoop-ozone/integration-test/target/test-classes:/workdir/hadoop-ozone/integration-test/target/classes:/home/user/.m2/repository/org/apache/hadoop/hadoop-ozone-common/0.5.0-SNAPSHOT/hadoop-ozone-common-0.5.0-SNAPSHOT.jar:/home/user/.m2/repository/org/apache/commons/commons-compress/1.4.1/commons-compress-1.4.1.jar:/home/user/.m2/repository/org/tukaani/xz/1.0/xz-1.0.jar:/home/user/.m2/repository/org/apache/hadoop/hadoop-common/3.2.0/hadoop-common-3.2.0.jar:/home/user/.m2/repository/org/apache/hadoop/hadoop-hdfs/3.2.0/hadoop-hdfs-3.2.0.jar:/home/user/.m2/repository/org/apache/hadoop/hadoop-hdfs-client/3.2.0/hadoop-hdfs-client-3.2.0.jar:/home/user/.m2/repository/com/fasterxml/jackson/core/jackson-annotations/2.9.5/jackson-annotations-2.9.5.jar:/home/user/.m2/repository/org/apache/hadoop/hadoop-hdds-common/0.5.0-SNAPSHOT/hadoop-hdds-common-0.5.0-SNAPSHOT.jar:/home/user/.m2/repository/javax/annotation/javax.annotation-api/1.2/javax.annotation-api-1.2.jar:/home/user/.m2/repository/org/apache/ratis/ratis-server/0.4.0-2337318-SNAPSHOT/ratis-server-0.4.0-2337318-SNAPSHOT.jar:/home/user/.m2/repository/org/apache/ratis/ratis-thirdparty-misc/0.2.0/ratis-thirdparty-misc-0.2.0.jar:/home/user/.m2/repository/org/apache/ratis/ratis-proto/0.4.0-2337318-SNAPSHOT/ratis-proto-0.4.0-2337318-SNAPSHOT.jar:/home/user/.m2/repository/org/apache/ratis/ratis-common/0.4.0-2337318-SNAPSHOT/ratis-common-0.4.0-2337318-SNAPSHOT.jar:/home/user/.m2/repository/org/apache/ratis/ratis-client/0.4.0-2337318-SNAPSHOT/ratis-client-0.4.0-2337318-SNAPSHOT.jar:/home/user/.m2/repository/org/apache/ratis/ratis-metrics/0.4.0-2337318-SNAPSHOT/ratis-metrics-0.4.0-2337318-SNAPSHOT.jar:/home/user/.m2/repository/org/apache/ratis/ratis-netty/0.4.0-2337318-SNAPSHOT/ratis-netty-0.4.0-2337318-SNAPSHOT.jar:/home/user/.m2/repository/org/apache/ratis/ratis-grpc/0.4.0-2337318-SNAPSHOT/ratis-grpc-0.4.0-2337318-SNAPSHOT.jar:/home/user/.m2/repository/org/rocksdb/rocksdbjni/6.0.1/rocksdbjni-6.0.1.jar:/home/user/.m2/repository/org/apache/logging/log4j/log4j-api/2.11.0/log4j-api-2.11.0.jar:/home/user/.m2/repository/org/apache/logging/log4j/log4j-core/2.11.0/log4j-core-2.11.0.jar:/home/user/.m2/repository/com/lmax/disruptor/3.4.2/disruptor-3.4.2.jar:/home/user/.m2/repository/org/apache/commons/commons-pool2/2.6.0/commons-pool2-2.6.0.jar:/home/user/.m2/repository/org/bouncycastle/bcpkix-jdk15on/1.60/bcpkix-jdk15on-1.60.jar:/home/user/.m2/repository/commons-validator/commons-validator/1.6/commons-validator-1.6.jar:/home/user/.m2/repository/commons-digester/commons-digester/1.8.1/commons-digester-1.8.1.jar:/home/user/.m2/repository/io/jaegertracing/jaeger-client/0.33.1/jaeger-client-0.33.1.jar:/home/user/.m2/repository/io/jaegertracing/jaeger-thrift/0.33.1/jaeger-thrift-0.33.1.jar:/home/user/.m2/repository/org/apache/thrift/libthrift/0.11.0/libthrift-0.11.0.jar:/home/user/.m2/repository/com/squareup/okhttp3/okhttp/3.9.0/okhttp-3.9.0.jar:/home/user/.m2/repository/com/squareup/okio/okio/1.13.0/okio-1.13.0.jar:/home/user/.m2/repository/io/jaegertracing/jaeger-core/0.33.1/jaeger-core-0.33.1.jar:/home/user/.m2/repository/io/jaegertracing/jaeger-tracerresolver/0.33.1/jaeger-tracerresolver-0.33.1.jar:/home/user/.m2/repository/io/opentracing/contrib/opentracing-tracerresolver/0.1.5/opentracing-tracerresolver-0.1.5.jar:/home/user/.m2/repository/io/opentracing/opentracing-util/0.31.0/opentracing-util-0.31.0.jar:/home/user/.m2/repository/io/opentracing/opentracing-api/0.31.0/opentracing-api-0.31.0.jar:/home/user/.m2/repository/io/opentracing/opentracing-noop/0.31.0/opentracing-noop-0.31.0.jar:/home/user/.m2/repository/org/apache/hadoop/hadoop-hdds-server-framework/0.5.0-SNAPSHOT/hadoop-hdds-server-framework-0.5.0-SNAPSHOT.jar:/home/user/.m2/repository/org/apache/hadoop/hadoop-hdds-container-service/0.5.0-SNAPSHOT/hadoop-hdds-container-service-0.5.0-SNAPSHOT.jar:/home/user/.m2/repository/org/apache/hadoop/hadoop-hdds-client/0.5.0-SNAPSHOT/hadoop-hdds-client-0.5.0-SNAPSHOT.jar:/home/user/.m2/repository/org/apache/hadoop/hadoop-hdds-tools/0.5.0-SNAPSHOT/hadoop-hdds-tools-0.5.0-SNAPSHOT.jar:/home/user/.m2/repository/org/apache/hadoop/hadoop-hdds-server-scm/0.5.0-SNAPSHOT/hadoop-hdds-server-scm-0.5.0-SNAPSHOT.jar:/home/user/.m2/repository/org/apache/hadoop/hadoop-hdds-docs/0.5.0-SNAPSHOT/hadoop-hdds-docs-0.5.0-SNAPSHOT.jar:/home/user/.m2/repository/io/dropwizard/metrics/metrics-core/3.2.4/metrics-core-3.2.4.jar:/home/user/.m2/repository/org/hamcrest/hamcrest-all/1.3/hamcrest-all-1.3.jar:/home/user/.m2/repository/org/bouncycastle/bcprov-jdk15on/1.60/bcprov-jdk15on-1.60.jar:/home/user/.m2/repository/info/picocli/picocli/3.9.6/picocli-3.9.6.jar:/home/user/.m2/repository/com/google/protobuf/protobuf-java/2.5.0/protobuf-java-2.5.0.jar:/home/user/.m2/repository/com/google/guava/guava/11.0.2/guava-11.0.2.jar:/home/user/.m2/repository/org/apache/hadoop/hadoop-ozone-ozone-manager/0.5.0-SNAPSHOT/hadoop-ozone-ozone-manager-0.5.0-SNAPSHOT.jar:/home/user/.m2/repository/org/apache/hadoop/hadoop-minikdc/3.2.0/hadoop-minikdc-3.2.0.jar:/home/user/.m2/repository/commons-io/commons-io/2.5/commons-io-2.5.jar:/home/user/.m2/repository/org/apache/kerby/kerb-simplekdc/1.0.1/kerb-simplekdc-1.0.1.jar:/home/user/.m2/repository/org/apache/kerby/kerb-client/1.0.1/kerb-client-1.0.1.jar:/home/user/.m2/repository/org/apache/kerby/kerby-config/1.0.1/kerby-config-1.0.1.jar:/home/user/.m2/repository/org/apache/kerby/kerb-core/1.0.1/kerb-core-1.0.1.jar:/home/user/.m2/repository/org/apache/kerby/kerby-pkix/1.0.1/kerby-pkix-1.0.1.jar:/home/user/.m2/repository/org/apache/kerby/kerby-asn1/1.0.1/kerby-asn1-1.0.1.jar:/home/user/.m2/repository/org/apache/kerby/kerby-util/1.0.1/kerby-util-1.0.1.jar:/home/user/.m2/repository/org/apache/kerby/kerb-common/1.0.1/kerb-common-1.0.1.jar:/home/user/.m2/repository/org/apache/kerby/kerb-crypto/1.0.1/kerb-crypto-1.0.1.jar:/home/user/.m2/repository/org/apache/kerby/kerb-util/1.0.1/kerb-util-1.0.1.jar:/home/user/.m2/repository/org/apache/kerby/token-provider/1.0.1/token-provider-1.0.1.jar:/home/user/.m2/repository/org/apache/kerby/kerb-admin/1.0.1/kerb-admin-1.0.1.jar:/home/user/.m2/repository/org/apache/kerby/kerb-server/1.0.1/kerb-server-1.0.1.jar:/home/user/.m2/repository/org/apache/kerby/kerb-identity/1.0.1/kerb-identity-1.0.1.jar:/home/user/.m2/repository/org/apache/kerby/kerby-xdr/1.0.1/kerby-xdr-1.0.1.jar:/home/user/.m2/repository/org/slf4j/slf4j-log4j12/1.7.25/slf4j-log4j12-1.7.25.jar:/home/user/.m2/repository/org/apache/hadoop/hadoop-ozone-objectstore-service/0.5.0-SNAPSHOT/hadoop-ozone-objectstore-service-0.5.0-SNAPSHOT.jar:/home/user/.m2/repository/org/apache/hadoop/hadoop-ozone-s3gateway/0.5.0-SNAPSHOT/hadoop-ozone-s3gateway-0.5.0-SNAPSHOT.jar:/home/user/.m2/repository/org/jboss/weld/servlet/weld-servlet/2.4.7.Final/weld-servlet-2.4.7.Final.jar:/home/user/.m2/repository/org/glassfish/jersey/containers/jersey-container-servlet-core/2.27/jersey-container-servlet-core-2.27.jar:/home/user/.m2/repository/org/glassfish/hk2/external/javax.inject/2.5.0-b42/javax.inject-2.5.0-b42.jar:/home/user/.m2/repository/org/glassfish/jersey/core/jersey-common/2.27/jersey-common-2.27.jar:/home/user/.m2/repository/org/glassfish/hk2/osgi-resource-locator/1.0.1/osgi-resource-locator-1.0.1.jar:/home/user/.m2/repository/javax/ws/rs/javax.ws.rs-api/2.1/javax.ws.rs-api-2.1.jar:/home/user/.m2/repository/org/glassfish/jersey/ext/cdi/jersey-cdi1x/2.27/jersey-cdi1x-2.27.jar:/home/user/.m2/repository/org/glassfish/jersey/inject/jersey-hk2/2.27/jersey-hk2-2.27.jar:/home/user/.m2/repository/org/glassfish/hk2/hk2-locator/2.5.0-b42/hk2-locator-2.5.0-b42.jar:/home/user/.m2/repository/org/javassist/javassist/3.22.0-CR2/javassist-3.22.0-CR2.jar:/home/user/.m2/repository/org/glassfish/hk2/hk2-api/2.5.0/hk2-api-2.5.0.jar:/home/user/.m2/repository/org/glassfish/hk2/external/jakarta.inject/2.5.0/jakarta.inject-2.5.0.jar:/home/user/.m2/repository/org/glassfish/hk2/hk2-utils/2.5.0/hk2-utils-2.5.0.jar:/home/user/.m2/repository/jakarta/annotation/jakarta.annotation-api/1.3.4/jakarta.annotation-api-1.3.4.jar:/home/user/.m2/repository/org/glassfish/hk2/external/aopalliance-repackaged/2.5.0/aopalliance-repackaged-2.5.0.jar:/home/user/.m2/repository/com/fasterxml/jackson/dataformat/jackson-dataformat-xml/2.9.0/jackson-dataformat-xml-2.9.0.jar:/home/user/.m2/repository/com/fasterxml/jackson/core/jackson-core/2.9.5/jackson-core-2.9.5.jar:/home/user/.m2/repository/com/fasterxml/jackson/module/jackson-module-jaxb-annotations/2.9.5/jackson-module-jaxb-annotations-2.9.5.jar:/home/user/.m2/repository/javax/enterprise/cdi-api/1.2/cdi-api-1.2.jar:/home/user/.m2/repository/javax/el/javax.el-api/3.0.0/javax.el-api-3.0.0.jar:/home/user/.m2/repository/javax/interceptor/javax.interceptor-api/1.2/javax.interceptor-api-1.2.jar:/home/user/.m2/repository/javax/inject/javax.inject/1/javax.inject-1.jar:/home/user/.m2/repository/com/sun/xml/bind/jaxb-impl/2.3.0.1/jaxb-impl-2.3.0.1.jar:/home/user/.m2/repository/com/sun/xml/bind/jaxb-core/2.3.0.1/jaxb-core-2.3.0.1.jar:/home/user/.m2/repository/javax/xml/bind/jaxb-api/2.3.0/jaxb-api-2.3.0.jar:/home/user/.m2/repository/javax/activation/activation/1.1.1/activation-1.1.1.jar:/home/user/.m2/repository/org/apache/hadoop/hadoop-ozone-csi/0.5.0-SNAPSHOT/hadoop-ozone-csi-0.5.0-SNAPSHOT.jar:/home/user/.m2/repository/com/google/protobuf/protobuf-java-util/3.5.1/protobuf-java-util-3.5.1.jar:/home/user/.m2/repository/org/apache/hadoop/hadoop-hdds-config/0.5.0-SNAPSHOT/hadoop-hdds-config-0.5.0-SNAPSHOT.jar:/home/user/.m2/repository/io/grpc/grpc-netty/1.17.1/grpc-netty-1.17.1.jar:/home/user/.m2/repository/io/grpc/grpc-core/1.17.1/grpc-core-1.17.1.jar:/home/user/.m2/repository/io/grpc/grpc-context/1.17.1/grpc-context-1.17.1.jar:/home/user/.m2/repository/com/google/errorprone/error_prone_annotations/2.2.0/error_prone_annotations-2.2.0.jar:/home/user/.m2/repository/org/codehaus/mojo/animal-sniffer-annotations/1.17/animal-sniffer-annotations-1.17.jar:/home/user/.m2/repository/io/opencensus/opencensus-api/0.17.0/opencensus-api-0.17.0.jar:/home/user/.m2/repository/io/opencensus/opencensus-contrib-grpc-metrics/0.17.0/opencensus-contrib-grpc-metrics-0.17.0.jar:/home/user/.m2/repository/io/netty/netty-codec-http2/4.1.30.Final/netty-codec-http2-4.1.30.Final.jar:/home/user/.m2/repository/io/netty/netty-codec-http/4.1.30.Final/netty-codec-http-4.1.30.Final.jar:/home/user/.m2/repository/io/netty/netty-codec/4.1.30.Final/netty-codec-4.1.30.Final.jar:/home/user/.m2/repository/io/netty/netty-handler/4.1.30.Final/netty-handler-4.1.30.Final.jar:/home/user/.m2/repository/io/netty/netty-handler-proxy/4.1.30.Final/netty-handler-proxy-4.1.30.Final.jar:/home/user/.m2/repository/io/netty/netty-codec-socks/4.1.30.Final/netty-codec-socks-4.1.30.Final.jar:/home/user/.m2/repository/io/netty/netty-transport-native-epoll/4.1.30.Final/netty-transport-native-epoll-4.1.30.Final.jar:/home/user/.m2/repository/io/netty/netty-common/4.1.30.Final/netty-common-4.1.30.Final.jar:/home/user/.m2/repository/io/netty/netty-buffer/4.1.30.Final/netty-buffer-4.1.30.Final.jar:/home/user/.m2/repository/io/netty/netty-transport/4.1.30.Final/netty-transport-4.1.30.Final.jar:/home/user/.m2/repository/io/netty/netty-resolver/4.1.30.Final/netty-resolver-4.1.30.Final.jar:/home/user/.m2/repository/io/netty/netty-transport-native-unix-common/4.1.30.Final/netty-transport-native-unix-common-4.1.30.Final.jar:/home/user/.m2/repository/io/grpc/grpc-protobuf/1.17.1/grpc-protobuf-1.17.1.jar:/home/user/.m2/repository/com/google/api/grpc/proto-google-common-protos/1.0.0/proto-google-common-protos-1.0.0.jar:/home/user/.m2/repository/io/grpc/grpc-protobuf-lite/1.17.1/grpc-protobuf-lite-1.17.1.jar:/home/user/.m2/repository/io/grpc/grpc-stub/1.17.1/grpc-stub-1.17.1.jar:/home/user/.m2/repository/org/apache/hadoop/hadoop-ozone-recon/0.5.0-SNAPSHOT/hadoop-ozone-recon-0.5.0-SNAPSHOT.jar:/home/user/.m2/repository/org/apache/hadoop/hadoop-ozone-reconcodegen/0.5.0-SNAPSHOT/hadoop-ozone-reconcodegen-0.5.0-SNAPSHOT.jar:/home/user/.m2/repository/com/google/inject/extensions/guice-multibindings/4.0/guice-multibindings-4.0.jar:/home/user/.m2/repository/com/google/inject/guice/4.0/guice-4.0.jar:/home/user/.m2/repository/aopalliance/aopalliance/1.0/aopalliance-1.0.jar:/home/user/.m2/repository/com/google/inject/extensions/guice-servlet/4.0/guice-servlet-4.0.jar:/home/user/.m2/repository/org/glassfish/jersey/containers/jersey-container-servlet/2.27/jersey-container-servlet-2.27.jar:/home/user/.m2/repository/org/glassfish/hk2/guice-bridge/2.5.0/guice-bridge-2.5.0.jar:/home/user/.m2/repository/org/glassfish/jersey/core/jersey-server/2.27/jersey-server-2.27.jar:/home/user/.m2/repository/org/glassfish/jersey/core/jersey-client/2.27/jersey-client-2.27.jar:/home/user/.m2/repository/org/glassfish/jersey/media/jersey-media-jaxb/2.27/jersey-media-jaxb-2.27.jar:/home/user/.m2/repository/javax/validation/validation-api/1.1.0.Final/validation-api-1.1.0.Final.jar:/home/user/.m2/repository/org/glassfish/jersey/media/jersey-media-json-jackson/2.27/jersey-media-json-jackson-2.27.jar:/home/user/.m2/repository/org/glassfish/jersey/ext/jersey-entity-filtering/2.27/jersey-entity-filtering-2.27.jar:/home/user/.m2/repository/com/google/inject/extensions/guice-assistedinject/4.0/guice-assistedinject-4.0.jar:/home/user/.m2/repository/org/jooq/jooq/3.11.10/jooq-3.11.10.jar:/home/user/.m2/repository/org/jooq/jooq-meta/3.11.10/jooq-meta-3.11.10.jar:/home/user/.m2/repository/org/jooq/jooq-codegen/3.11.10/jooq-codegen-3.11.10.jar:/home/user/.m2/repository/com/jolbox/bonecp/0.8.0.RELEASE/bonecp-0.8.0.RELEASE.jar:/home/user/.m2/repository/org/xerial/sqlite-jdbc/3.25.2/sqlite-jdbc-3.25.2.jar:/home/user/.m2/repository/org/springframework/spring-jdbc/5.1.3.RELEASE/spring-jdbc-5.1.3.RELEASE.jar:/home/user/.m2/repository/org/springframework/spring-beans/5.1.3.RELEASE/spring-beans-5.1.3.RELEASE.jar:/home/user/.m2/repository/org/springframework/spring-core/5.1.3.RELEASE/spring-core-5.1.3.RELEASE.jar:/home/user/.m2/repository/org/springframework/spring-jcl/5.1.3.RELEASE/spring-jcl-5.1.3.RELEASE.jar:/home/user/.m2/repository/org/springframework/spring-tx/5.1.3.RELEASE/spring-tx-5.1.3.RELEASE.jar:/home/user/.m2/repository/org/apache/hadoop/hadoop-ozone-client/0.5.0-SNAPSHOT/hadoop-ozone-client-0.5.0-SNAPSHOT.jar:/home/user/.m2/repository/commons-lang/commons-lang/2.6/commons-lang-2.6.jar:/home/user/.m2/repository/org/apache/hadoop/hadoop-ozone-ozone-manager/0.5.0-SNAPSHOT/hadoop-ozone-ozone-manager-0.5.0-SNAPSHOT-tests.jar:/home/user/.m2/repository/junit/junit/4.11/junit-4.11.jar:/home/user/.m2/repository/org/hamcrest/hamcrest-core/1.3/hamcrest-core-1.3.jar:/home/user/.m2/repository/org/openjdk/jmh/jmh-core/1.19/jmh-core-1.19.jar:/home/user/.m2/repository/net/sf/jopt-simple/jopt-simple/4.6/jopt-simple-4.6.jar:/home/user/.m2/repository/org/apache/commons/commons-math3/3.1.1/commons-math3-3.1.1.jar:/home/user/.m2/repository/org/openjdk/jmh/jmh-generator-annprocess/1.19/jmh-generator-annprocess-1.19.jar:/home/user/.m2/repository/org/mockito/mockito-all/1.8.5/mockito-all-1.8.5.jar:/home/user/.m2/repository/org/apache/hadoop/hadoop-kms/3.2.0/hadoop-kms-3.2.0.jar:/home/user/.m2/repository/org/apache/hadoop/hadoop-auth/3.2.0/hadoop-auth-3.2.0.jar:/home/user/.m2/repository/com/nimbusds/nimbus-jose-jwt/4.41.1/nimbus-jose-jwt-4.41.1.jar:/home/user/.m2/repository/com/github/stephenc/jcip/jcip-annotations/1.0-1/jcip-annotations-1.0-1.jar:/home/user/.m2/repository/net/minidev/json-smart/2.3/json-smart-2.3.jar:/home/user/.m2/repository/net/minidev/accessors-smart/1.2/accessors-smart-1.2.jar:/home/user/.m2/repository/org/ow2/asm/asm/5.0.4/asm-5.0.4.jar:/home/user/.m2/repository/org/apache/curator/curator-framework/2.12.0/curator-framework-2.12.0.jar:/home/user/.m2/repository/com/sun/jersey/jersey-core/1.19/jersey-core-1.19.jar:/home/user/.m2/repository/javax/ws/rs/jsr311-api/1.1.1/jsr311-api-1.1.1.jar:/home/user/.m2/repository/com/sun/jersey/jersey-server/1.19/jersey-server-1.19.jar:/home/user/.m2/repository/javax/servlet/javax.servlet-api/3.1.0/javax.servlet-api-3.1.0.jar:/home/user/.m2/repository/org/eclipse/jetty/jetty-server/9.3.24.v20180605/jetty-server-9.3.24.v20180605.jar:/home/user/.m2/repository/org/eclipse/jetty/jetty-http/9.3.24.v20180605/jetty-http-9.3.24.v20180605.jar:/home/user/.m2/repository/org/eclipse/jetty/jetty-io/9.3.24.v20180605/jetty-io-9.3.24.v20180605.jar:/home/user/.m2/repository/org/eclipse/jetty/jetty-webapp/9.3.24.v20180605/jetty-webapp-9.3.24.v20180605.jar:/home/user/.m2/repository/org/eclipse/jetty/jetty-xml/9.3.24.v20180605/jetty-xml-9.3.24.v20180605.jar:/home/user/.m2/repository/log4j/log4j/1.2.17/log4j-1.2.17.jar:/home/user/.m2/repository/org/slf4j/slf4j-api/1.7.25/slf4j-api-1.7.25.jar:/home/user/.m2/repository/org/slf4j/jul-to-slf4j/1.7.25/jul-to-slf4j-1.7.25.jar:/home/user/.m2/repository/org/eclipse/jetty/jetty-util/9.3.24.v20180605/jetty-util-9.3.24.v20180605.jar:/home/user/.m2/repository/com/fasterxml/jackson/core/jackson-databind/2.9.5/jackson-databind-2.9.5.jar:/home/user/.m2/repository/org/apache/hadoop/hadoop-kms/3.2.0/hadoop-kms-3.2.0-tests.jar:/home/user/.m2/repository/org/apache/hadoop/hadoop-hdds-server-scm/0.5.0-SNAPSHOT/hadoop-hdds-server-scm-0.5.0-SNAPSHOT-tests.jar:/home/user/.m2/repository/org/apache/hadoop/hadoop-hdds-container-service/0.5.0-SNAPSHOT/hadoop-hdds-container-service-0.5.0-SNAPSHOT-tests.jar:/home/user/.m2/repository/org/yaml/snakeyaml/1.16/snakeyaml-1.16.jar:/home/user/.m2/repository/org/apache/hadoop/hadoop-common/3.2.0/hadoop-common-3.2.0-tests.jar:/home/user/.m2/repository/org/apache/hadoop/hadoop-annotations/3.2.0/hadoop-annotations-3.2.0.jar:/usr/lib/jvm/java-1.8-openjdk/jre/../lib/tools.jar:/home/user/.m2/repository/commons-cli/commons-cli/1.2/commons-cli-1.2.jar:/home/user/.m2/repository/org/apache/httpcomponents/httpclient/4.5.2/httpclient-4.5.2.jar:/home/user/.m2/repository/org/apache/httpcomponents/httpcore/4.4.4/httpcore-4.4.4.jar:/home/user/.m2/repository/commons-codec/commons-codec/1.11/commons-codec-1.11.jar:/home/user/.m2/repository/commons-net/commons-net/3.6/commons-net-3.6.jar:/home/user/.m2/repository/commons-collections/commons-collections/3.2.2/commons-collections-3.2.2.jar:/home/user/.m2/repository/org/eclipse/jetty/jetty-servlet/9.3.24.v20180605/jetty-servlet-9.3.24.v20180605.jar:/home/user/.m2/repository/org/eclipse/jetty/jetty-security/9.3.24.v20180605/jetty-security-9.3.24.v20180605.jar:/home/user/.m2/repository/javax/servlet/jsp/jsp-api/2.1/jsp-api-2.1.jar:/home/user/.m2/repository/com/sun/jersey/jersey-servlet/1.19/jersey-servlet-1.19.jar:/home/user/.m2/repository/com/sun/jersey/jersey-json/1.19/jersey-json-1.19.jar:/home/user/.m2/repository/org/codehaus/jettison/jettison/1.1/jettison-1.1.jar:/home/user/.m2/repository/org/codehaus/jackson/jackson-core-asl/1.9.13/jackson-core-asl-1.9.13.jar:/home/user/.m2/repository/org/codehaus/jackson/jackson-mapper-asl/1.9.13/jackson-mapper-asl-1.9.13.jar:/home/user/.m2/repository/org/codehaus/jackson/jackson-jaxrs/1.9.13/jackson-jaxrs-1.9.13.jar:/home/user/.m2/repository/org/codehaus/jackson/jackson-xc/1.9.13/jackson-xc-1.9.13.jar:/home/user/.m2/repository/commons-logging/commons-logging/1.1.3/commons-logging-1.1.3.jar:/home/user/.m2/repository/commons-beanutils/commons-beanutils/1.9.3/commons-beanutils-1.9.3.jar:/home/user/.m2/repository/org/apache/commons/commons-configuration2/2.1.1/commons-configuration2-2.1.1.jar:/home/user/.m2/repository/org/apache/commons/commons-lang3/3.7/commons-lang3-3.7.jar:/home/user/.m2/repository/org/apache/commons/commons-text/1.4/commons-text-1.4.jar:/home/user/.m2/repository/org/apache/avro/avro/1.7.7/avro-1.7.7.jar:/home/user/.m2/repository/com/thoughtworks/paranamer/paranamer/2.3/paranamer-2.3.jar:/home/user/.m2/repository/org/xerial/snappy/snappy-java/1.0.5/snappy-java-1.0.5.jar:/home/user/.m2/repository/com/google/re2j/re2j/1.1/re2j-1.1.jar:/home/user/.m2/repository/com/google/code/gson/gson/2.2.4/gson-2.2.4.jar:/home/user/.m2/repository/com/jcraft/jsch/0.1.54/jsch-0.1.54.jar:/home/user/.m2/repository/org/apache/curator/curator-client/2.12.0/curator-client-2.12.0.jar:/home/user/.m2/repository/org/apache/curator/curator-recipes/2.12.0/curator-recipes-2.12.0.jar:/home/user/.m2/repository/com/google/code/findbugs/jsr305/3.0.0/jsr305-3.0.0.jar:/home/user/.m2/repository/org/apache/htrace/htrace-core4/4.1.0-incubating/htrace-core4-4.1.0-incubating.jar:/home/user/.m2/repository/org/apache/zookeeper/zookeeper/3.4.13/zookeeper-3.4.13.jar:/home/user/.m2/repository/org/apache/yetus/audience-annotations/0.5.0/audience-annotations-0.5.0.jar:/home/user/.m2/repository/org/codehaus/woodstox/stax2-api/3.1.4/stax2-api-3.1.4.jar:/home/user/.m2/repository/com/fasterxml/woodstox/woodstox-core/5.0.3/woodstox-core-5.0.3.jar:/home/user/.m2/repository/dnsjava/dnsjava/2.1.7/dnsjava-2.1.7.jar:/home/user/.m2/repository/org/apache/hadoop/hadoop-hdfs/3.2.0/hadoop-hdfs-3.2.0-tests.jar:/home/user/.m2/repository/org/eclipse/jetty/jetty-util-ajax/9.3.24.v20180605/jetty-util-ajax-9.3.24.v20180605.jar:/home/user/.m2/repository/commons-daemon/commons-daemon/1.0.13/commons-daemon-1.0.13.jar:/home/user/.m2/repository/io/netty/netty/3.10.5.Final/netty-3.10.5.Final.jar:/home/user/.m2/repository/io/netty/netty-all/4.0.52.Final/netty-all-4.0.52.Final.jar:/home/user/.m2/repository/org/fusesource/leveldbjni/leveldbjni-all/1.8/leveldbjni-all-1.8.jar:"/>
    <property name="java.vm.vendor" value="IcedTea"/>
    <property name="sun.arch.data.model" value="64"/>
    <property name="test.build.dir" value="/workdir/hadoop-ozone/integration-test/target/test-dir"/>
    <property name="test.cache.data" value=""/>
    <property name="java.vendor.url" value="https://icedtea.classpath.org"/>
    <property name="user.timezone" value=""/>
    <property name="java.vm.specification.version" value="1.8"/>
    <property name="os.name" value="Linux"/>
    <property name="test.build.data" value="/workdir/hadoop-ozone/integration-test/target/test-dir"/>
    <property name="user.country" value="US"/>
    <property name="sun.java.launcher" value="SUN_STANDARD"/>
    <property name="sun.boot.library.path" value="/usr/lib/jvm/java-1.8-openjdk/jre/lib/amd64"/>
    <property name="sun.java.command" value="/workdir/hadoop-ozone/integration-test/target/surefire/surefirebooter1746274231525247783.jar /workdir/hadoop-ozone/integration-test/target/surefire 2019-07-16T14-41-30_152-jvmRun1 surefire2776039368858953293tmp surefire_752658018326640879982tmp"/>
    <property name="surefire.test.class.path" value="/workdir/hadoop-ozone/integration-test/target/test-classes:/workdir/hadoop-ozone/integration-test/target/classes:/home/user/.m2/repository/org/apache/hadoop/hadoop-ozone-common/0.5.0-SNAPSHOT/hadoop-ozone-common-0.5.0-SNAPSHOT.jar:/home/user/.m2/repository/org/apache/commons/commons-compress/1.4.1/commons-compress-1.4.1.jar:/home/user/.m2/repository/org/tukaani/xz/1.0/xz-1.0.jar:/home/user/.m2/repository/org/apache/hadoop/hadoop-common/3.2.0/hadoop-common-3.2.0.jar:/home/user/.m2/repository/org/apache/hadoop/hadoop-hdfs/3.2.0/hadoop-hdfs-3.2.0.jar:/home/user/.m2/repository/org/apache/hadoop/hadoop-hdfs-client/3.2.0/hadoop-hdfs-client-3.2.0.jar:/home/user/.m2/repository/com/fasterxml/jackson/core/jackson-annotations/2.9.5/jackson-annotations-2.9.5.jar:/home/user/.m2/repository/org/apache/hadoop/hadoop-hdds-common/0.5.0-SNAPSHOT/hadoop-hdds-common-0.5.0-SNAPSHOT.jar:/home/user/.m2/repository/javax/annotation/javax.annotation-api/1.2/javax.annotation-api-1.2.jar:/home/user/.m2/repository/org/apache/ratis/ratis-server/0.4.0-2337318-SNAPSHOT/ratis-server-0.4.0-2337318-SNAPSHOT.jar:/home/user/.m2/repository/org/apache/ratis/ratis-thirdparty-misc/0.2.0/ratis-thirdparty-misc-0.2.0.jar:/home/user/.m2/repository/org/apache/ratis/ratis-proto/0.4.0-2337318-SNAPSHOT/ratis-proto-0.4.0-2337318-SNAPSHOT.jar:/home/user/.m2/repository/org/apache/ratis/ratis-common/0.4.0-2337318-SNAPSHOT/ratis-common-0.4.0-2337318-SNAPSHOT.jar:/home/user/.m2/repository/org/apache/ratis/ratis-client/0.4.0-2337318-SNAPSHOT/ratis-client-0.4.0-2337318-SNAPSHOT.jar:/home/user/.m2/repository/org/apache/ratis/ratis-metrics/0.4.0-2337318-SNAPSHOT/ratis-metrics-0.4.0-2337318-SNAPSHOT.jar:/home/user/.m2/repository/org/apache/ratis/ratis-netty/0.4.0-2337318-SNAPSHOT/ratis-netty-0.4.0-2337318-SNAPSHOT.jar:/home/user/.m2/repository/org/apache/ratis/ratis-grpc/0.4.0-2337318-SNAPSHOT/ratis-grpc-0.4.0-2337318-SNAPSHOT.jar:/home/user/.m2/repository/org/rocksdb/rocksdbjni/6.0.1/rocksdbjni-6.0.1.jar:/home/user/.m2/repository/org/apache/logging/log4j/log4j-api/2.11.0/log4j-api-2.11.0.jar:/home/user/.m2/repository/org/apache/logging/log4j/log4j-core/2.11.0/log4j-core-2.11.0.jar:/home/user/.m2/repository/com/lmax/disruptor/3.4.2/disruptor-3.4.2.jar:/home/user/.m2/repository/org/apache/commons/commons-pool2/2.6.0/commons-pool2-2.6.0.jar:/home/user/.m2/repository/org/bouncycastle/bcpkix-jdk15on/1.60/bcpkix-jdk15on-1.60.jar:/home/user/.m2/repository/commons-validator/commons-validator/1.6/commons-validator-1.6.jar:/home/user/.m2/repository/commons-digester/commons-digester/1.8.1/commons-digester-1.8.1.jar:/home/user/.m2/repository/io/jaegertracing/jaeger-client/0.33.1/jaeger-client-0.33.1.jar:/home/user/.m2/repository/io/jaegertracing/jaeger-thrift/0.33.1/jaeger-thrift-0.33.1.jar:/home/user/.m2/repository/org/apache/thrift/libthrift/0.11.0/libthrift-0.11.0.jar:/home/user/.m2/repository/com/squareup/okhttp3/okhttp/3.9.0/okhttp-3.9.0.jar:/home/user/.m2/repository/com/squareup/okio/okio/1.13.0/okio-1.13.0.jar:/home/user/.m2/repository/io/jaegertracing/jaeger-core/0.33.1/jaeger-core-0.33.1.jar:/home/user/.m2/repository/io/jaegertracing/jaeger-tracerresolver/0.33.1/jaeger-tracerresolver-0.33.1.jar:/home/user/.m2/repository/io/opentracing/contrib/opentracing-tracerresolver/0.1.5/opentracing-tracerresolver-0.1.5.jar:/home/user/.m2/repository/io/opentracing/opentracing-util/0.31.0/opentracing-util-0.31.0.jar:/home/user/.m2/repository/io/opentracing/opentracing-api/0.31.0/opentracing-api-0.31.0.jar:/home/user/.m2/repository/io/opentracing/opentracing-noop/0.31.0/opentracing-noop-0.31.0.jar:/home/user/.m2/repository/org/apache/hadoop/hadoop-hdds-server-framework/0.5.0-SNAPSHOT/hadoop-hdds-server-framework-0.5.0-SNAPSHOT.jar:/home/user/.m2/repository/org/apache/hadoop/hadoop-hdds-container-service/0.5.0-SNAPSHOT/hadoop-hdds-container-service-0.5.0-SNAPSHOT.jar:/home/user/.m2/repository/org/apache/hadoop/hadoop-hdds-client/0.5.0-SNAPSHOT/hadoop-hdds-client-0.5.0-SNAPSHOT.jar:/home/user/.m2/repository/org/apache/hadoop/hadoop-hdds-tools/0.5.0-SNAPSHOT/hadoop-hdds-tools-0.5.0-SNAPSHOT.jar:/home/user/.m2/repository/org/apache/hadoop/hadoop-hdds-server-scm/0.5.0-SNAPSHOT/hadoop-hdds-server-scm-0.5.0-SNAPSHOT.jar:/home/user/.m2/repository/org/apache/hadoop/hadoop-hdds-docs/0.5.0-SNAPSHOT/hadoop-hdds-docs-0.5.0-SNAPSHOT.jar:/home/user/.m2/repository/io/dropwizard/metrics/metrics-core/3.2.4/metrics-core-3.2.4.jar:/home/user/.m2/repository/org/hamcrest/hamcrest-all/1.3/hamcrest-all-1.3.jar:/home/user/.m2/repository/org/bouncycastle/bcprov-jdk15on/1.60/bcprov-jdk15on-1.60.jar:/home/user/.m2/repository/info/picocli/picocli/3.9.6/picocli-3.9.6.jar:/home/user/.m2/repository/com/google/protobuf/protobuf-java/2.5.0/protobuf-java-2.5.0.jar:/home/user/.m2/repository/com/google/guava/guava/11.0.2/guava-11.0.2.jar:/home/user/.m2/repository/org/apache/hadoop/hadoop-ozone-ozone-manager/0.5.0-SNAPSHOT/hadoop-ozone-ozone-manager-0.5.0-SNAPSHOT.jar:/home/user/.m2/repository/org/apache/hadoop/hadoop-minikdc/3.2.0/hadoop-minikdc-3.2.0.jar:/home/user/.m2/repository/commons-io/commons-io/2.5/commons-io-2.5.jar:/home/user/.m2/repository/org/apache/kerby/kerb-simplekdc/1.0.1/kerb-simplekdc-1.0.1.jar:/home/user/.m2/repository/org/apache/kerby/kerb-client/1.0.1/kerb-client-1.0.1.jar:/home/user/.m2/repository/org/apache/kerby/kerby-config/1.0.1/kerby-config-1.0.1.jar:/home/user/.m2/repository/org/apache/kerby/kerb-core/1.0.1/kerb-core-1.0.1.jar:/home/user/.m2/repository/org/apache/kerby/kerby-pkix/1.0.1/kerby-pkix-1.0.1.jar:/home/user/.m2/repository/org/apache/kerby/kerby-asn1/1.0.1/kerby-asn1-1.0.1.jar:/home/user/.m2/repository/org/apache/kerby/kerby-util/1.0.1/kerby-util-1.0.1.jar:/home/user/.m2/repository/org/apache/kerby/kerb-common/1.0.1/kerb-common-1.0.1.jar:/home/user/.m2/repository/org/apache/kerby/kerb-crypto/1.0.1/kerb-crypto-1.0.1.jar:/home/user/.m2/repository/org/apache/kerby/kerb-util/1.0.1/kerb-util-1.0.1.jar:/home/user/.m2/repository/org/apache/kerby/token-provider/1.0.1/token-provider-1.0.1.jar:/home/user/.m2/repository/org/apache/kerby/kerb-admin/1.0.1/kerb-admin-1.0.1.jar:/home/user/.m2/repository/org/apache/kerby/kerb-server/1.0.1/kerb-server-1.0.1.jar:/home/user/.m2/repository/org/apache/kerby/kerb-identity/1.0.1/kerb-identity-1.0.1.jar:/home/user/.m2/repository/org/apache/kerby/kerby-xdr/1.0.1/kerby-xdr-1.0.1.jar:/home/user/.m2/repository/org/slf4j/slf4j-log4j12/1.7.25/slf4j-log4j12-1.7.25.jar:/home/user/.m2/repository/org/apache/hadoop/hadoop-ozone-objectstore-service/0.5.0-SNAPSHOT/hadoop-ozone-objectstore-service-0.5.0-SNAPSHOT.jar:/home/user/.m2/repository/org/apache/hadoop/hadoop-ozone-s3gateway/0.5.0-SNAPSHOT/hadoop-ozone-s3gateway-0.5.0-SNAPSHOT.jar:/home/user/.m2/repository/org/jboss/weld/servlet/weld-servlet/2.4.7.Final/weld-servlet-2.4.7.Final.jar:/home/user/.m2/repository/org/glassfish/jersey/containers/jersey-container-servlet-core/2.27/jersey-container-servlet-core-2.27.jar:/home/user/.m2/repository/org/glassfish/hk2/external/javax.inject/2.5.0-b42/javax.inject-2.5.0-b42.jar:/home/user/.m2/repository/org/glassfish/jersey/core/jersey-common/2.27/jersey-common-2.27.jar:/home/user/.m2/repository/org/glassfish/hk2/osgi-resource-locator/1.0.1/osgi-resource-locator-1.0.1.jar:/home/user/.m2/repository/javax/ws/rs/javax.ws.rs-api/2.1/javax.ws.rs-api-2.1.jar:/home/user/.m2/repository/org/glassfish/jersey/ext/cdi/jersey-cdi1x/2.27/jersey-cdi1x-2.27.jar:/home/user/.m2/repository/org/glassfish/jersey/inject/jersey-hk2/2.27/jersey-hk2-2.27.jar:/home/user/.m2/repository/org/glassfish/hk2/hk2-locator/2.5.0-b42/hk2-locator-2.5.0-b42.jar:/home/user/.m2/repository/org/javassist/javassist/3.22.0-CR2/javassist-3.22.0-CR2.jar:/home/user/.m2/repository/org/glassfish/hk2/hk2-api/2.5.0/hk2-api-2.5.0.jar:/home/user/.m2/repository/org/glassfish/hk2/external/jakarta.inject/2.5.0/jakarta.inject-2.5.0.jar:/home/user/.m2/repository/org/glassfish/hk2/hk2-utils/2.5.0/hk2-utils-2.5.0.jar:/home/user/.m2/repository/jakarta/annotation/jakarta.annotation-api/1.3.4/jakarta.annotation-api-1.3.4.jar:/home/user/.m2/repository/org/glassfish/hk2/external/aopalliance-repackaged/2.5.0/aopalliance-repackaged-2.5.0.jar:/home/user/.m2/repository/com/fasterxml/jackson/dataformat/jackson-dataformat-xml/2.9.0/jackson-dataformat-xml-2.9.0.jar:/home/user/.m2/repository/com/fasterxml/jackson/core/jackson-core/2.9.5/jackson-core-2.9.5.jar:/home/user/.m2/repository/com/fasterxml/jackson/module/jackson-module-jaxb-annotations/2.9.5/jackson-module-jaxb-annotations-2.9.5.jar:/home/user/.m2/repository/javax/enterprise/cdi-api/1.2/cdi-api-1.2.jar:/home/user/.m2/repository/javax/el/javax.el-api/3.0.0/javax.el-api-3.0.0.jar:/home/user/.m2/repository/javax/interceptor/javax.interceptor-api/1.2/javax.interceptor-api-1.2.jar:/home/user/.m2/repository/javax/inject/javax.inject/1/javax.inject-1.jar:/home/user/.m2/repository/com/sun/xml/bind/jaxb-impl/2.3.0.1/jaxb-impl-2.3.0.1.jar:/home/user/.m2/repository/com/sun/xml/bind/jaxb-core/2.3.0.1/jaxb-core-2.3.0.1.jar:/home/user/.m2/repository/javax/xml/bind/jaxb-api/2.3.0/jaxb-api-2.3.0.jar:/home/user/.m2/repository/javax/activation/activation/1.1.1/activation-1.1.1.jar:/home/user/.m2/repository/org/apache/hadoop/hadoop-ozone-csi/0.5.0-SNAPSHOT/hadoop-ozone-csi-0.5.0-SNAPSHOT.jar:/home/user/.m2/repository/com/google/protobuf/protobuf-java-util/3.5.1/protobuf-java-util-3.5.1.jar:/home/user/.m2/repository/org/apache/hadoop/hadoop-hdds-config/0.5.0-SNAPSHOT/hadoop-hdds-config-0.5.0-SNAPSHOT.jar:/home/user/.m2/repository/io/grpc/grpc-netty/1.17.1/grpc-netty-1.17.1.jar:/home/user/.m2/repository/io/grpc/grpc-core/1.17.1/grpc-core-1.17.1.jar:/home/user/.m2/repository/io/grpc/grpc-context/1.17.1/grpc-context-1.17.1.jar:/home/user/.m2/repository/com/google/errorprone/error_prone_annotations/2.2.0/error_prone_annotations-2.2.0.jar:/home/user/.m2/repository/org/codehaus/mojo/animal-sniffer-annotations/1.17/animal-sniffer-annotations-1.17.jar:/home/user/.m2/repository/io/opencensus/opencensus-api/0.17.0/opencensus-api-0.17.0.jar:/home/user/.m2/repository/io/opencensus/opencensus-contrib-grpc-metrics/0.17.0/opencensus-contrib-grpc-metrics-0.17.0.jar:/home/user/.m2/repository/io/netty/netty-codec-http2/4.1.30.Final/netty-codec-http2-4.1.30.Final.jar:/home/user/.m2/repository/io/netty/netty-codec-http/4.1.30.Final/netty-codec-http-4.1.30.Final.jar:/home/user/.m2/repository/io/netty/netty-codec/4.1.30.Final/netty-codec-4.1.30.Final.jar:/home/user/.m2/repository/io/netty/netty-handler/4.1.30.Final/netty-handler-4.1.30.Final.jar:/home/user/.m2/repository/io/netty/netty-handler-proxy/4.1.30.Final/netty-handler-proxy-4.1.30.Final.jar:/home/user/.m2/repository/io/netty/netty-codec-socks/4.1.30.Final/netty-codec-socks-4.1.30.Final.jar:/home/user/.m2/repository/io/netty/netty-transport-native-epoll/4.1.30.Final/netty-transport-native-epoll-4.1.30.Final.jar:/home/user/.m2/repository/io/netty/netty-common/4.1.30.Final/netty-common-4.1.30.Final.jar:/home/user/.m2/repository/io/netty/netty-buffer/4.1.30.Final/netty-buffer-4.1.30.Final.jar:/home/user/.m2/repository/io/netty/netty-transport/4.1.30.Final/netty-transport-4.1.30.Final.jar:/home/user/.m2/repository/io/netty/netty-resolver/4.1.30.Final/netty-resolver-4.1.30.Final.jar:/home/user/.m2/repository/io/netty/netty-transport-native-unix-common/4.1.30.Final/netty-transport-native-unix-common-4.1.30.Final.jar:/home/user/.m2/repository/io/grpc/grpc-protobuf/1.17.1/grpc-protobuf-1.17.1.jar:/home/user/.m2/repository/com/google/api/grpc/proto-google-common-protos/1.0.0/proto-google-common-protos-1.0.0.jar:/home/user/.m2/repository/io/grpc/grpc-protobuf-lite/1.17.1/grpc-protobuf-lite-1.17.1.jar:/home/user/.m2/repository/io/grpc/grpc-stub/1.17.1/grpc-stub-1.17.1.jar:/home/user/.m2/repository/org/apache/hadoop/hadoop-ozone-recon/0.5.0-SNAPSHOT/hadoop-ozone-recon-0.5.0-SNAPSHOT.jar:/home/user/.m2/repository/org/apache/hadoop/hadoop-ozone-reconcodegen/0.5.0-SNAPSHOT/hadoop-ozone-reconcodegen-0.5.0-SNAPSHOT.jar:/home/user/.m2/repository/com/google/inject/extensions/guice-multibindings/4.0/guice-multibindings-4.0.jar:/home/user/.m2/repository/com/google/inject/guice/4.0/guice-4.0.jar:/home/user/.m2/repository/aopalliance/aopalliance/1.0/aopalliance-1.0.jar:/home/user/.m2/repository/com/google/inject/extensions/guice-servlet/4.0/guice-servlet-4.0.jar:/home/user/.m2/repository/org/glassfish/jersey/containers/jersey-container-servlet/2.27/jersey-container-servlet-2.27.jar:/home/user/.m2/repository/org/glassfish/hk2/guice-bridge/2.5.0/guice-bridge-2.5.0.jar:/home/user/.m2/repository/org/glassfish/jersey/core/jersey-server/2.27/jersey-server-2.27.jar:/home/user/.m2/repository/org/glassfish/jersey/core/jersey-client/2.27/jersey-client-2.27.jar:/home/user/.m2/repository/org/glassfish/jersey/media/jersey-media-jaxb/2.27/jersey-media-jaxb-2.27.jar:/home/user/.m2/repository/javax/validation/validation-api/1.1.0.Final/validation-api-1.1.0.Final.jar:/home/user/.m2/repository/org/glassfish/jersey/media/jersey-media-json-jackson/2.27/jersey-media-json-jackson-2.27.jar:/home/user/.m2/repository/org/glassfish/jersey/ext/jersey-entity-filtering/2.27/jersey-entity-filtering-2.27.jar:/home/user/.m2/repository/com/google/inject/extensions/guice-assistedinject/4.0/guice-assistedinject-4.0.jar:/home/user/.m2/repository/org/jooq/jooq/3.11.10/jooq-3.11.10.jar:/home/user/.m2/repository/org/jooq/jooq-meta/3.11.10/jooq-meta-3.11.10.jar:/home/user/.m2/repository/org/jooq/jooq-codegen/3.11.10/jooq-codegen-3.11.10.jar:/home/user/.m2/repository/com/jolbox/bonecp/0.8.0.RELEASE/bonecp-0.8.0.RELEASE.jar:/home/user/.m2/repository/org/xerial/sqlite-jdbc/3.25.2/sqlite-jdbc-3.25.2.jar:/home/user/.m2/repository/org/springframework/spring-jdbc/5.1.3.RELEASE/spring-jdbc-5.1.3.RELEASE.jar:/home/user/.m2/repository/org/springframework/spring-beans/5.1.3.RELEASE/spring-beans-5.1.3.RELEASE.jar:/home/user/.m2/repository/org/springframework/spring-core/5.1.3.RELEASE/spring-core-5.1.3.RELEASE.jar:/home/user/.m2/repository/org/springframework/spring-jcl/5.1.3.RELEASE/spring-jcl-5.1.3.RELEASE.jar:/home/user/.m2/repository/org/springframework/spring-tx/5.1.3.RELEASE/spring-tx-5.1.3.RELEASE.jar:/home/user/.m2/repository/org/apache/hadoop/hadoop-ozone-client/0.5.0-SNAPSHOT/hadoop-ozone-client-0.5.0-SNAPSHOT.jar:/home/user/.m2/repository/commons-lang/commons-lang/2.6/commons-lang-2.6.jar:/home/user/.m2/repository/org/apache/hadoop/hadoop-ozone-ozone-manager/0.5.0-SNAPSHOT/hadoop-ozone-ozone-manager-0.5.0-SNAPSHOT-tests.jar:/home/user/.m2/repository/junit/junit/4.11/junit-4.11.jar:/home/user/.m2/repository/org/hamcrest/hamcrest-core/1.3/hamcrest-core-1.3.jar:/home/user/.m2/repository/org/openjdk/jmh/jmh-core/1.19/jmh-core-1.19.jar:/home/user/.m2/repository/net/sf/jopt-simple/jopt-simple/4.6/jopt-simple-4.6.jar:/home/user/.m2/repository/org/apache/commons/commons-math3/3.1.1/commons-math3-3.1.1.jar:/home/user/.m2/repository/org/openjdk/jmh/jmh-generator-annprocess/1.19/jmh-generator-annprocess-1.19.jar:/home/user/.m2/repository/org/mockito/mockito-all/1.8.5/mockito-all-1.8.5.jar:/home/user/.m2/repository/org/apache/hadoop/hadoop-kms/3.2.0/hadoop-kms-3.2.0.jar:/home/user/.m2/repository/org/apache/hadoop/hadoop-auth/3.2.0/hadoop-auth-3.2.0.jar:/home/user/.m2/repository/com/nimbusds/nimbus-jose-jwt/4.41.1/nimbus-jose-jwt-4.41.1.jar:/home/user/.m2/repository/com/github/stephenc/jcip/jcip-annotations/1.0-1/jcip-annotations-1.0-1.jar:/home/user/.m2/repository/net/minidev/json-smart/2.3/json-smart-2.3.jar:/home/user/.m2/repository/net/minidev/accessors-smart/1.2/accessors-smart-1.2.jar:/home/user/.m2/repository/org/ow2/asm/asm/5.0.4/asm-5.0.4.jar:/home/user/.m2/repository/org/apache/curator/curator-framework/2.12.0/curator-framework-2.12.0.jar:/home/user/.m2/repository/com/sun/jersey/jersey-core/1.19/jersey-core-1.19.jar:/home/user/.m2/repository/javax/ws/rs/jsr311-api/1.1.1/jsr311-api-1.1.1.jar:/home/user/.m2/repository/com/sun/jersey/jersey-server/1.19/jersey-server-1.19.jar:/home/user/.m2/repository/javax/servlet/javax.servlet-api/3.1.0/javax.servlet-api-3.1.0.jar:/home/user/.m2/repository/org/eclipse/jetty/jetty-server/9.3.24.v20180605/jetty-server-9.3.24.v20180605.jar:/home/user/.m2/repository/org/eclipse/jetty/jetty-http/9.3.24.v20180605/jetty-http-9.3.24.v20180605.jar:/home/user/.m2/repository/org/eclipse/jetty/jetty-io/9.3.24.v20180605/jetty-io-9.3.24.v20180605.jar:/home/user/.m2/repository/org/eclipse/jetty/jetty-webapp/9.3.24.v20180605/jetty-webapp-9.3.24.v20180605.jar:/home/user/.m2/repository/org/eclipse/jetty/jetty-xml/9.3.24.v20180605/jetty-xml-9.3.24.v20180605.jar:/home/user/.m2/repository/log4j/log4j/1.2.17/log4j-1.2.17.jar:/home/user/.m2/repository/org/slf4j/slf4j-api/1.7.25/slf4j-api-1.7.25.jar:/home/user/.m2/repository/org/slf4j/jul-to-slf4j/1.7.25/jul-to-slf4j-1.7.25.jar:/home/user/.m2/repository/org/eclipse/jetty/jetty-util/9.3.24.v20180605/jetty-util-9.3.24.v20180605.jar:/home/user/.m2/repository/com/fasterxml/jackson/core/jackson-databind/2.9.5/jackson-databind-2.9.5.jar:/home/user/.m2/repository/org/apache/hadoop/hadoop-kms/3.2.0/hadoop-kms-3.2.0-tests.jar:/home/user/.m2/repository/org/apache/hadoop/hadoop-hdds-server-scm/0.5.0-SNAPSHOT/hadoop-hdds-server-scm-0.5.0-SNAPSHOT-tests.jar:/home/user/.m2/repository/org/apache/hadoop/hadoop-hdds-container-service/0.5.0-SNAPSHOT/hadoop-hdds-container-service-0.5.0-SNAPSHOT-tests.jar:/home/user/.m2/repository/org/yaml/snakeyaml/1.16/snakeyaml-1.16.jar:/home/user/.m2/repository/org/apache/hadoop/hadoop-common/3.2.0/hadoop-common-3.2.0-tests.jar:/home/user/.m2/repository/org/apache/hadoop/hadoop-annotations/3.2.0/hadoop-annotations-3.2.0.jar:/usr/lib/jvm/java-1.8-openjdk/jre/../lib/tools.jar:/home/user/.m2/repository/commons-cli/commons-cli/1.2/commons-cli-1.2.jar:/home/user/.m2/repository/org/apache/httpcomponents/httpclient/4.5.2/httpclient-4.5.2.jar:/home/user/.m2/repository/org/apache/httpcomponents/httpcore/4.4.4/httpcore-4.4.4.jar:/home/user/.m2/repository/commons-codec/commons-codec/1.11/commons-codec-1.11.jar:/home/user/.m2/repository/commons-net/commons-net/3.6/commons-net-3.6.jar:/home/user/.m2/repository/commons-collections/commons-collections/3.2.2/commons-collections-3.2.2.jar:/home/user/.m2/repository/org/eclipse/jetty/jetty-servlet/9.3.24.v20180605/jetty-servlet-9.3.24.v20180605.jar:/home/user/.m2/repository/org/eclipse/jetty/jetty-security/9.3.24.v20180605/jetty-security-9.3.24.v20180605.jar:/home/user/.m2/repository/javax/servlet/jsp/jsp-api/2.1/jsp-api-2.1.jar:/home/user/.m2/repository/com/sun/jersey/jersey-servlet/1.19/jersey-servlet-1.19.jar:/home/user/.m2/repository/com/sun/jersey/jersey-json/1.19/jersey-json-1.19.jar:/home/user/.m2/repository/org/codehaus/jettison/jettison/1.1/jettison-1.1.jar:/home/user/.m2/repository/org/codehaus/jackson/jackson-core-asl/1.9.13/jackson-core-asl-1.9.13.jar:/home/user/.m2/repository/org/codehaus/jackson/jackson-mapper-asl/1.9.13/jackson-mapper-asl-1.9.13.jar:/home/user/.m2/repository/org/codehaus/jackson/jackson-jaxrs/1.9.13/jackson-jaxrs-1.9.13.jar:/home/user/.m2/repository/org/codehaus/jackson/jackson-xc/1.9.13/jackson-xc-1.9.13.jar:/home/user/.m2/repository/commons-logging/commons-logging/1.1.3/commons-logging-1.1.3.jar:/home/user/.m2/repository/commons-beanutils/commons-beanutils/1.9.3/commons-beanutils-1.9.3.jar:/home/user/.m2/repository/org/apache/commons/commons-configuration2/2.1.1/commons-configuration2-2.1.1.jar:/home/user/.m2/repository/org/apache/commons/commons-lang3/3.7/commons-lang3-3.7.jar:/home/user/.m2/repository/org/apache/commons/commons-text/1.4/commons-text-1.4.jar:/home/user/.m2/repository/org/apache/avro/avro/1.7.7/avro-1.7.7.jar:/home/user/.m2/repository/com/thoughtworks/paranamer/paranamer/2.3/paranamer-2.3.jar:/home/user/.m2/repository/org/xerial/snappy/snappy-java/1.0.5/snappy-java-1.0.5.jar:/home/user/.m2/repository/com/google/re2j/re2j/1.1/re2j-1.1.jar:/home/user/.m2/repository/com/google/code/gson/gson/2.2.4/gson-2.2.4.jar:/home/user/.m2/repository/com/jcraft/jsch/0.1.54/jsch-0.1.54.jar:/home/user/.m2/repository/org/apache/curator/curator-client/2.12.0/curator-client-2.12.0.jar:/home/user/.m2/repository/org/apache/curator/curator-recipes/2.12.0/curator-recipes-2.12.0.jar:/home/user/.m2/repository/com/google/code/findbugs/jsr305/3.0.0/jsr305-3.0.0.jar:/home/user/.m2/repository/org/apache/htrace/htrace-core4/4.1.0-incubating/htrace-core4-4.1.0-incubating.jar:/home/user/.m2/repository/org/apache/zookeeper/zookeeper/3.4.13/zookeeper-3.4.13.jar:/home/user/.m2/repository/org/apache/yetus/audience-annotations/0.5.0/audience-annotations-0.5.0.jar:/home/user/.m2/repository/org/codehaus/woodstox/stax2-api/3.1.4/stax2-api-3.1.4.jar:/home/user/.m2/repository/com/fasterxml/woodstox/woodstox-core/5.0.3/woodstox-core-5.0.3.jar:/home/user/.m2/repository/dnsjava/dnsjava/2.1.7/dnsjava-2.1.7.jar:/home/user/.m2/repository/org/apache/hadoop/hadoop-hdfs/3.2.0/hadoop-hdfs-3.2.0-tests.jar:/home/user/.m2/repository/org/eclipse/jetty/jetty-util-ajax/9.3.24.v20180605/jetty-util-ajax-9.3.24.v20180605.jar:/home/user/.m2/repository/commons-daemon/commons-daemon/1.0.13/commons-daemon-1.0.13.jar:/home/user/.m2/repository/io/netty/netty/3.10.5.Final/netty-3.10.5.Final.jar:/home/user/.m2/repository/io/netty/netty-all/4.0.52.Final/netty-all-4.0.52.Final.jar:/home/user/.m2/repository/org/fusesource/leveldbjni/leveldbjni-all/1.8/leveldbjni-all-1.8.jar:"/>
    <property name="sun.cpu.endian" value="little"/>
    <property name="user.home" value="/home/user"/>
    <property name="user.language" value="en"/>
    <property name="java.specification.vendor" value="Oracle Corporation"/>
    <property name="java.home" value="/usr/lib/jvm/java-1.8-openjdk/jre"/>
    <property name="java.security.krb5.conf" value="/workdir/hadoop-ozone/integration-test/target/test-classes/krb5.conf"/>
    <property name="basedir" value="/workdir/hadoop-ozone/integration-test"/>
    <property name="file.separator" value="/"/>
    <property name="line.separator" value="&#10;"/>
    <property name="java.vm.specification.vendor" value="Oracle Corporation"/>
    <property name="java.specification.name" value="Java Platform API Specification"/>
    <property name="java.awt.graphicsenv" value="sun.awt.X11GraphicsEnvironment"/>
    <property name="surefire.real.class.path" value="/workdir/hadoop-ozone/integration-test/target/surefire/surefirebooter1746274231525247783.jar"/>
    <property name="hadoop.log.dir" value="/workdir/hadoop-ozone/integration-test/target/log"/>
    <property name="sun.boot.class.path" value="/usr/lib/jvm/java-1.8-openjdk/jre/lib/resources.jar:/usr/lib/jvm/java-1.8-openjdk/jre/lib/rt.jar:/usr/lib/jvm/java-1.8-openjdk/jre/lib/sunrsasign.jar:/usr/lib/jvm/java-1.8-openjdk/jre/lib/jsse.jar:/usr/lib/jvm/java-1.8-openjdk/jre/lib/jce.jar:/usr/lib/jvm/java-1.8-openjdk/jre/lib/charsets.jar:/usr/lib/jvm/java-1.8-openjdk/jre/lib/jfr.jar:/usr/lib/jvm/java-1.8-openjdk/jre/classes"/>
    <property name="sun.management.compiler" value="HotSpot 64-Bit Tiered Compilers"/>
    <property name="java.runtime.version" value="1.8.0_212-b04"/>
    <property name="java.net.preferIPv4Stack" value="true"/>
    <property name="user.name" value="jenkins1000"/>
    <property name="path.separator" value=":"/>
    <property name="java.security.egd" value="file:///dev/urandom"/>
    <property name="os.version" value="3.10.0-957.12.2.el7.x86_64"/>
    <property name="java.endorsed.dirs" value="/usr/lib/jvm/java-1.8-openjdk/jre/lib/endorsed"/>
    <property name="java.runtime.name" value="OpenJDK Runtime Environment"/>
    <property name="file.encoding" value="UTF-8"/>
    <property name="java.vm.name" value="OpenJDK 64-Bit Server VM"/>
    <property name="test.build.webapps" value=""/>
    <property name="localRepository" value="/home/user/.m2/repository"/>
    <property name="java.vendor.url.bug" value="https://icedtea.classpath.org/bugzilla"/>
    <property name="java.io.tmpdir" value="/tmp"/>
    <property name="require.test.libhadoop" value=""/>
    <property name="java.version" value="1.8.0_212"/>
    <property name="user.dir" value="/workdir/hadoop-ozone/integration-test"/>
    <property name="os.arch" value="amd64"/>
    <property name="java.vm.specification.name" value="Java Virtual Machine Specification"/>
    <property name="test.build.classes" value="/workdir/hadoop-ozone/integration-test/target/test-classes"/>
    <property name="java.awt.printerjob" value="sun.print.PSPrinterJob"/>
    <property name="sun.os.patch.level" value="unknown"/>
    <property name="hadoop.tmp.dir" value="/workdir/hadoop-ozone/integration-test/target/tmp"/>
    <property name="java.library.path" value="/usr/lib/jvm/java-1.8-openjdk/jre/lib/amd64/server:/usr/lib/jvm/java-1.8-openjdk/jre/lib/amd64:/usr/lib/jvm/java-1.8-openjdk/jre/../lib/amd64:/workdir/hadoop-ozone/integration-test/target/native/target/usr/local/lib:/workdir/hadoop-ozone/integration-test/../../hadoop-common-project/hadoop-common/target/native/target/usr/local/lib:/usr/java/packages/lib/amd64:/usr/lib64:/lib64:/lib:/usr/lib"/>
    <property name="java.vm.info" value="mixed mode"/>
    <property name="java.vendor" value="IcedTea"/>
    <property name="java.vm.version" value="25.212-b04"/>
    <property name="java.ext.dirs" value="/usr/lib/jvm/java-1.8-openjdk/jre/lib/ext:/usr/java/packages/lib/ext"/>
    <property name="sun.io.unicode.encoding" value="UnicodeLittle"/>
    <property name="java.class.version" value="52.0"/>
  </properties>
  <testcase name="testPutKeyWithEncryption" classname="org.apache.hadoop.ozone.client.rpc.TestOzoneAtRestEncryption" time="1.272"/>
  <testcase name="testMultipartUpload" classname="org.apache.hadoop.ozone.client.rpc.TestOzoneAtRestEncryption" time="19.027">
    <error message="Unexpected Storage Container Exception: org.apache.hadoop.hdds.scm.container.common.helpers.StorageContainerException: ContainerID 5 does not exist" type="java.io.IOException">java.io.IOException: Unexpected Storage Container Exception: org.apache.hadoop.hdds.scm.container.common.helpers.StorageContainerException: ContainerID 5 does not exist
	at org.apache.hadoop.hdds.scm.storage.BlockOutputStream.setIoException(BlockOutputStream.java:542)
	at org.apache.hadoop.hdds.scm.storage.BlockOutputStream.validateResponse(BlockOutputStream.java:533)
	at org.apache.hadoop.hdds.scm.storage.BlockOutputStream.lambda$writeChunkToContainer$2(BlockOutputStream.java:607)
	at java.util.concurrent.CompletableFuture.uniApply(CompletableFuture.java:602)
	at java.util.concurrent.CompletableFuture$UniApply.tryFire(CompletableFuture.java:577)
	at java.util.concurrent.CompletableFuture$Completion.run(CompletableFuture.java:442)
	at java.util.concurrent.ThreadPoolExecutor.runWorker(ThreadPoolExecutor.java:1149)
	at java.util.concurrent.ThreadPoolExecutor$Worker.run(ThreadPoolExecutor.java:624)
	at java.lang.Thread.run(Thread.java:748)
Caused by: org.apache.hadoop.hdds.scm.container.common.helpers.StorageContainerException: ContainerID 5 does not exist
	at org.apache.hadoop.hdds.scm.storage.ContainerProtocolCalls.validateContainerResponse(ContainerProtocolCalls.java:536)
	at org.apache.hadoop.hdds.scm.storage.BlockOutputStream.validateResponse(BlockOutputStream.java:530)
	... 7 more
</error>
    <system-out><![CDATA[2019-07-16 15:48:19,543 INFO  rpc.RpcClient (RpcClient.java:createVolume(287)) - Creating Volume: 6e671b8e-ef92-4a61-a556-6f21ac426acb, with jenkins1000 as owner.
2019-07-16 15:48:19,547 INFO  rpc.RpcClient (RpcClient.java:createBucket(424)) - Creating Bucket: 6e671b8e-ef92-4a61-a556-6f21ac426acb/5494f635-4694-495c-94ab-176a476b9307, with Versioning false and Storage Type set to DISK and Encryption set to false 
2019-07-16 15:48:19,654 INFO  client.GrpcClientProtocolClient (GrpcClientProtocolClient.java:onNext(255)) - client-F9484D0A6D18->65ee548d-8fb1-4c1c-b22d-f30af36245e1: receive RaftClientReply:client-F9484D0A6D18->65ee548d-8fb1-4c1c-b22d-f30af36245e1@group-A89E1C811B5D, cid=19, FAILED org.apache.ratis.protocol.NotLeaderException: Server 65ee548d-8fb1-4c1c-b22d-f30af36245e1 is not the leader (null). Request must be sent to leader., logIndex=0, commits[65ee548d-8fb1-4c1c-b22d-f30af36245e1:c-1]
2019-07-16 15:48:20,466 INFO  impl.FollowerState (FollowerState.java:run(106)) - f3483109-d35d-433b-bf93-34fd199d6810:group-B710B1A18C89 changes to CANDIDATE, lastRpcTime:5150, electionTimeout:5149ms
2019-07-16 15:48:20,466 INFO  impl.RoleInfo (RoleInfo.java:shutdownFollowerState(121)) - f3483109-d35d-433b-bf93-34fd199d6810: shutdown FollowerState
2019-07-16 15:48:20,466 INFO  impl.RaftServerImpl (RaftServerImpl.java:setRole(171)) - f3483109-d35d-433b-bf93-34fd199d6810:group-B710B1A18C89 changes role from FOLLOWER to CANDIDATE at term 0 for changeToCandidate
2019-07-16 15:48:20,473 INFO  impl.RoleInfo (RoleInfo.java:updateAndGet(143)) - f3483109-d35d-433b-bf93-34fd199d6810: start LeaderElection
2019-07-16 15:48:20,492 INFO  impl.LeaderElection (LeaderElection.java:askForVotes(181)) - f3483109-d35d-433b-bf93-34fd199d6810:group-B710B1A18C89:LeaderElection1: begin an election at term 1 for -1: [f3483109-d35d-433b-bf93-34fd199d6810:192.168.69.88:38694], old=null
2019-07-16 15:48:20,493 INFO  impl.RoleInfo (RoleInfo.java:shutdownLeaderElection(134)) - f3483109-d35d-433b-bf93-34fd199d6810: shutdown LeaderElection
2019-07-16 15:48:20,493 INFO  impl.RaftServerImpl (RaftServerImpl.java:setRole(171)) - f3483109-d35d-433b-bf93-34fd199d6810:group-B710B1A18C89 changes role from CANDIDATE to LEADER at term 1 for changeToLeader
2019-07-16 15:48:20,494 INFO  impl.RaftServerImpl (ServerState.java:setLeader(263)) - f3483109-d35d-433b-bf93-34fd199d6810:group-B710B1A18C89 change Leader from null to f3483109-d35d-433b-bf93-34fd199d6810 at term 1 for becomeLeader, leader elected after 5250ms
2019-07-16 15:48:20,500 INFO  server.RaftServerConfigKeys (ConfUtils.java:logGet(43)) - raft.server.staging.catchup.gap = 1000 (default)
2019-07-16 15:48:20,500 INFO  server.RaftServerConfigKeys (ConfUtils.java:logGet(43)) - raft.server.rpc.sleep.time = 25ms (default)
2019-07-16 15:48:20,502 INFO  server.RaftServerConfigKeys (ConfUtils.java:logGet(43)) - raft.server.write.element-limit = 4096 (default)
2019-07-16 15:48:20,504 INFO  server.RaftServerConfigKeys (ConfUtils.java:logGet(43)) - raft.server.watch.timeout = 10s (default)
2019-07-16 15:48:20,504 INFO  server.RaftServerConfigKeys (ConfUtils.java:logGet(43)) - raft.server.watch.timeout.denomination = 1s (default)
2019-07-16 15:48:20,505 INFO  server.RaftServerConfigKeys (ConfUtils.java:logGet(43)) - raft.server.watch.element-limit = 65536 (default)
2019-07-16 15:48:20,511 INFO  impl.RoleInfo (RoleInfo.java:updateAndGet(143)) - f3483109-d35d-433b-bf93-34fd199d6810: start LeaderState
2019-07-16 15:48:20,529 INFO  segmented.SegmentedRaftLogWorker (SegmentedRaftLogWorker.java:startLogSegment(380)) - f3483109-d35d-433b-bf93-34fd199d6810-SegmentedRaftLogWorker:Storage Directory /workdir/hadoop-ozone/integration-test/target/test-dir/MiniOzoneClusterImpl-c1940adc-6af1-4c55-8112-2db52ffdf5e5/datanode-0/data/ratis/1e5a10b5-8f0a-49d4-bb74-b710b1a18c89: Starting segment from index:0
2019-07-16 15:48:20,535 INFO  impl.RaftServerImpl (ServerState.java:setRaftConf(361)) - f3483109-d35d-433b-bf93-34fd199d6810:group-B710B1A18C89 set configuration 0: [f3483109-d35d-433b-bf93-34fd199d6810:192.168.69.88:38694], old=null at 0
2019-07-16 15:48:20,645 INFO  impl.FollowerState (FollowerState.java:run(106)) - 8a0d3b31-359f-4824-8682-b81c17485013:group-90FE94FE2791 changes to CANDIDATE, lastRpcTime:5034, electionTimeout:5034ms
2019-07-16 15:48:20,652 INFO  impl.RoleInfo (RoleInfo.java:shutdownFollowerState(121)) - 8a0d3b31-359f-4824-8682-b81c17485013: shutdown FollowerState
2019-07-16 15:48:20,652 INFO  impl.RaftServerImpl (RaftServerImpl.java:setRole(171)) - 8a0d3b31-359f-4824-8682-b81c17485013:group-90FE94FE2791 changes role from FOLLOWER to CANDIDATE at term 0 for changeToCandidate
2019-07-16 15:48:20,652 INFO  impl.RoleInfo (RoleInfo.java:updateAndGet(143)) - 8a0d3b31-359f-4824-8682-b81c17485013: start LeaderElection
2019-07-16 15:48:20,672 INFO  impl.FollowerState (FollowerState.java:run(106)) - 0a708759-2782-4092-b134-8ac35b688ab7:group-C1DC086629ED changes to CANDIDATE, lastRpcTime:5166, electionTimeout:5163ms
2019-07-16 15:48:20,672 INFO  impl.RoleInfo (RoleInfo.java:shutdownFollowerState(121)) - 0a708759-2782-4092-b134-8ac35b688ab7: shutdown FollowerState
2019-07-16 15:48:20,672 INFO  impl.LeaderElection (LeaderElection.java:askForVotes(181)) - 8a0d3b31-359f-4824-8682-b81c17485013:group-90FE94FE2791:LeaderElection2: begin an election at term 1 for -1: [8a0d3b31-359f-4824-8682-b81c17485013:192.168.69.88:37387], old=null
2019-07-16 15:48:20,675 INFO  impl.RaftServerImpl (RaftServerImpl.java:setRole(171)) - 0a708759-2782-4092-b134-8ac35b688ab7:group-C1DC086629ED changes role from FOLLOWER to CANDIDATE at term 0 for changeToCandidate
2019-07-16 15:48:20,675 INFO  impl.RoleInfo (RoleInfo.java:shutdownLeaderElection(134)) - 8a0d3b31-359f-4824-8682-b81c17485013: shutdown LeaderElection
2019-07-16 15:48:20,676 INFO  impl.RoleInfo (RoleInfo.java:updateAndGet(143)) - 0a708759-2782-4092-b134-8ac35b688ab7: start LeaderElection
2019-07-16 15:48:20,677 INFO  impl.RaftServerImpl (RaftServerImpl.java:setRole(171)) - 8a0d3b31-359f-4824-8682-b81c17485013:group-90FE94FE2791 changes role from CANDIDATE to LEADER at term 1 for changeToLeader
2019-07-16 15:48:20,677 INFO  impl.RaftServerImpl (ServerState.java:setLeader(263)) - 8a0d3b31-359f-4824-8682-b81c17485013:group-90FE94FE2791 change Leader from null to 8a0d3b31-359f-4824-8682-b81c17485013 at term 1 for becomeLeader, leader elected after 5069ms
2019-07-16 15:48:20,683 INFO  server.RaftServerConfigKeys (ConfUtils.java:logGet(43)) - raft.server.staging.catchup.gap = 1000 (default)
2019-07-16 15:48:20,683 INFO  server.RaftServerConfigKeys (ConfUtils.java:logGet(43)) - raft.server.rpc.sleep.time = 25ms (default)
2019-07-16 15:48:20,683 INFO  server.RaftServerConfigKeys (ConfUtils.java:logGet(43)) - raft.server.write.element-limit = 4096 (default)
2019-07-16 15:48:20,683 INFO  server.RaftServerConfigKeys (ConfUtils.java:logGet(43)) - raft.server.watch.timeout = 10s (default)
2019-07-16 15:48:20,683 INFO  server.RaftServerConfigKeys (ConfUtils.java:logGet(43)) - raft.server.watch.timeout.denomination = 1s (default)
2019-07-16 15:48:20,684 INFO  server.RaftServerConfigKeys (ConfUtils.java:logGet(43)) - raft.server.watch.element-limit = 65536 (default)
2019-07-16 15:48:20,684 INFO  impl.RoleInfo (RoleInfo.java:updateAndGet(143)) - 8a0d3b31-359f-4824-8682-b81c17485013: start LeaderState
2019-07-16 15:48:20,684 INFO  segmented.SegmentedRaftLogWorker (SegmentedRaftLogWorker.java:startLogSegment(380)) - 8a0d3b31-359f-4824-8682-b81c17485013-SegmentedRaftLogWorker:Storage Directory /workdir/hadoop-ozone/integration-test/target/test-dir/MiniOzoneClusterImpl-c1940adc-6af1-4c55-8112-2db52ffdf5e5/datanode-3/data/ratis/d5b4769f-6401-4bc5-9925-90fe94fe2791: Starting segment from index:0
2019-07-16 15:48:20,685 INFO  impl.RaftServerImpl (ServerState.java:setRaftConf(361)) - 8a0d3b31-359f-4824-8682-b81c17485013:group-90FE94FE2791 set configuration 0: [8a0d3b31-359f-4824-8682-b81c17485013:192.168.69.88:37387], old=null at 0
2019-07-16 15:48:20,718 INFO  client.GrpcClientProtocolClient (GrpcClientProtocolClient.java:onNext(255)) - client-F9484D0A6D18->9d91b821-e7e1-46c7-b6f6-1164e13f3480: receive RaftClientReply:client-F9484D0A6D18->9d91b821-e7e1-46c7-b6f6-1164e13f3480@group-A89E1C811B5D, cid=19, FAILED org.apache.ratis.protocol.NotLeaderException: Server 9d91b821-e7e1-46c7-b6f6-1164e13f3480 is not the leader (null). Request must be sent to leader., logIndex=0, commits[9d91b821-e7e1-46c7-b6f6-1164e13f3480:c-1]
2019-07-16 15:48:20,757 INFO  segmented.SegmentedRaftLogWorker (SegmentedRaftLogWorker.java:execute(569)) - 8a0d3b31-359f-4824-8682-b81c17485013-SegmentedRaftLogWorker:Storage Directory /workdir/hadoop-ozone/integration-test/target/test-dir/MiniOzoneClusterImpl-c1940adc-6af1-4c55-8112-2db52ffdf5e5/datanode-3/data/ratis/d5b4769f-6401-4bc5-9925-90fe94fe2791: created new log segment /workdir/hadoop-ozone/integration-test/target/test-dir/MiniOzoneClusterImpl-c1940adc-6af1-4c55-8112-2db52ffdf5e5/datanode-3/data/ratis/d5b4769f-6401-4bc5-9925-90fe94fe2791/current/log_inprogress_0
2019-07-16 15:48:20,757 INFO  impl.LeaderElection (LeaderElection.java:askForVotes(181)) - 0a708759-2782-4092-b134-8ac35b688ab7:group-C1DC086629ED:LeaderElection3: begin an election at term 1 for -1: [0a708759-2782-4092-b134-8ac35b688ab7:192.168.69.88:33773], old=null
2019-07-16 15:48:20,757 INFO  segmented.SegmentedRaftLogWorker (SegmentedRaftLogWorker.java:execute(569)) - f3483109-d35d-433b-bf93-34fd199d6810-SegmentedRaftLogWorker:Storage Directory /workdir/hadoop-ozone/integration-test/target/test-dir/MiniOzoneClusterImpl-c1940adc-6af1-4c55-8112-2db52ffdf5e5/datanode-0/data/ratis/1e5a10b5-8f0a-49d4-bb74-b710b1a18c89: created new log segment /workdir/hadoop-ozone/integration-test/target/test-dir/MiniOzoneClusterImpl-c1940adc-6af1-4c55-8112-2db52ffdf5e5/datanode-0/data/ratis/1e5a10b5-8f0a-49d4-bb74-b710b1a18c89/current/log_inprogress_0
2019-07-16 15:48:20,760 INFO  impl.RoleInfo (RoleInfo.java:shutdownLeaderElection(134)) - 0a708759-2782-4092-b134-8ac35b688ab7: shutdown LeaderElection
2019-07-16 15:48:20,760 INFO  impl.RaftServerImpl (RaftServerImpl.java:setRole(171)) - 0a708759-2782-4092-b134-8ac35b688ab7:group-C1DC086629ED changes role from CANDIDATE to LEADER at term 1 for changeToLeader
2019-07-16 15:48:20,760 INFO  impl.RaftServerImpl (ServerState.java:setLeader(263)) - 0a708759-2782-4092-b134-8ac35b688ab7:group-C1DC086629ED change Leader from null to 0a708759-2782-4092-b134-8ac35b688ab7 at term 1 for becomeLeader, leader elected after 5259ms
2019-07-16 15:48:20,762 INFO  server.RaftServerConfigKeys (ConfUtils.java:logGet(43)) - raft.server.staging.catchup.gap = 1000 (default)
2019-07-16 15:48:20,763 INFO  server.RaftServerConfigKeys (ConfUtils.java:logGet(43)) - raft.server.rpc.sleep.time = 25ms (default)
2019-07-16 15:48:20,763 INFO  server.RaftServerConfigKeys (ConfUtils.java:logGet(43)) - raft.server.write.element-limit = 4096 (default)
2019-07-16 15:48:20,763 INFO  server.RaftServerConfigKeys (ConfUtils.java:logGet(43)) - raft.server.watch.timeout = 10s (default)
2019-07-16 15:48:20,763 INFO  server.RaftServerConfigKeys (ConfUtils.java:logGet(43)) - raft.server.watch.timeout.denomination = 1s (default)
2019-07-16 15:48:20,763 INFO  server.RaftServerConfigKeys (ConfUtils.java:logGet(43)) - raft.server.watch.element-limit = 65536 (default)
2019-07-16 15:48:20,764 INFO  impl.RoleInfo (RoleInfo.java:updateAndGet(143)) - 0a708759-2782-4092-b134-8ac35b688ab7: start LeaderState
2019-07-16 15:48:20,764 INFO  segmented.SegmentedRaftLogWorker (SegmentedRaftLogWorker.java:startLogSegment(380)) - 0a708759-2782-4092-b134-8ac35b688ab7-SegmentedRaftLogWorker:Storage Directory /workdir/hadoop-ozone/integration-test/target/test-dir/MiniOzoneClusterImpl-c1940adc-6af1-4c55-8112-2db52ffdf5e5/datanode-2/data/ratis/e58b5304-04ab-46ee-82f0-c1dc086629ed: Starting segment from index:0
2019-07-16 15:48:20,764 INFO  impl.RaftServerImpl (ServerState.java:setRaftConf(361)) - 0a708759-2782-4092-b134-8ac35b688ab7:group-C1DC086629ED set configuration 0: [0a708759-2782-4092-b134-8ac35b688ab7:192.168.69.88:33773], old=null at 0
2019-07-16 15:48:20,790 INFO  segmented.SegmentedRaftLogWorker (SegmentedRaftLogWorker.java:execute(569)) - 0a708759-2782-4092-b134-8ac35b688ab7-SegmentedRaftLogWorker:Storage Directory /workdir/hadoop-ozone/integration-test/target/test-dir/MiniOzoneClusterImpl-c1940adc-6af1-4c55-8112-2db52ffdf5e5/datanode-2/data/ratis/e58b5304-04ab-46ee-82f0-c1dc086629ed: created new log segment /workdir/hadoop-ozone/integration-test/target/test-dir/MiniOzoneClusterImpl-c1940adc-6af1-4c55-8112-2db52ffdf5e5/datanode-2/data/ratis/e58b5304-04ab-46ee-82f0-c1dc086629ed/current/log_inprogress_0
2019-07-16 15:48:20,837 INFO  impl.FollowerState (FollowerState.java:run(106)) - e7026ff3-83d2-41f9-ad85-f875bf217421:group-ADF7A4263270 changes to CANDIDATE, lastRpcTime:5070, electionTimeout:5070ms
2019-07-16 15:48:20,837 INFO  impl.RoleInfo (RoleInfo.java:shutdownFollowerState(121)) - e7026ff3-83d2-41f9-ad85-f875bf217421: shutdown FollowerState
2019-07-16 15:48:20,837 INFO  impl.RaftServerImpl (RaftServerImpl.java:setRole(171)) - e7026ff3-83d2-41f9-ad85-f875bf217421:group-ADF7A4263270 changes role from FOLLOWER to CANDIDATE at term 0 for changeToCandidate
2019-07-16 15:48:20,837 INFO  impl.RoleInfo (RoleInfo.java:updateAndGet(143)) - e7026ff3-83d2-41f9-ad85-f875bf217421: start LeaderElection
2019-07-16 15:48:20,856 INFO  impl.LeaderElection (LeaderElection.java:askForVotes(181)) - e7026ff3-83d2-41f9-ad85-f875bf217421:group-ADF7A4263270:LeaderElection4: begin an election at term 1 for -1: [e7026ff3-83d2-41f9-ad85-f875bf217421:192.168.69.88:46081], old=null
2019-07-16 15:48:20,862 INFO  impl.FollowerState (FollowerState.java:run(106)) - 8e588f5d-198f-4085-a4b0-377dd69d60a6:group-42566C3A11BA changes to CANDIDATE, lastRpcTime:5182, electionTimeout:5180ms
2019-07-16 15:48:20,863 INFO  impl.RoleInfo (RoleInfo.java:shutdownFollowerState(121)) - 8e588f5d-198f-4085-a4b0-377dd69d60a6: shutdown FollowerState
2019-07-16 15:48:20,863 INFO  impl.RaftServerImpl (RaftServerImpl.java:setRole(171)) - 8e588f5d-198f-4085-a4b0-377dd69d60a6:group-42566C3A11BA changes role from FOLLOWER to CANDIDATE at term 0 for changeToCandidate
2019-07-16 15:48:20,863 INFO  impl.RoleInfo (RoleInfo.java:shutdownLeaderElection(134)) - e7026ff3-83d2-41f9-ad85-f875bf217421: shutdown LeaderElection
2019-07-16 15:48:20,863 INFO  impl.RoleInfo (RoleInfo.java:updateAndGet(143)) - 8e588f5d-198f-4085-a4b0-377dd69d60a6: start LeaderElection
2019-07-16 15:48:20,863 INFO  impl.RaftServerImpl (RaftServerImpl.java:setRole(171)) - e7026ff3-83d2-41f9-ad85-f875bf217421:group-ADF7A4263270 changes role from CANDIDATE to LEADER at term 1 for changeToLeader
2019-07-16 15:48:20,863 INFO  impl.RaftServerImpl (ServerState.java:setLeader(263)) - e7026ff3-83d2-41f9-ad85-f875bf217421:group-ADF7A4263270 change Leader from null to e7026ff3-83d2-41f9-ad85-f875bf217421 at term 1 for becomeLeader, leader elected after 5101ms
2019-07-16 15:48:20,871 INFO  server.RaftServerConfigKeys (ConfUtils.java:logGet(43)) - raft.server.staging.catchup.gap = 1000 (default)
2019-07-16 15:48:20,871 INFO  server.RaftServerConfigKeys (ConfUtils.java:logGet(43)) - raft.server.rpc.sleep.time = 25ms (default)
2019-07-16 15:48:20,871 INFO  server.RaftServerConfigKeys (ConfUtils.java:logGet(43)) - raft.server.write.element-limit = 4096 (default)
2019-07-16 15:48:20,871 INFO  server.RaftServerConfigKeys (ConfUtils.java:logGet(43)) - raft.server.watch.timeout = 10s (default)
2019-07-16 15:48:20,872 INFO  server.RaftServerConfigKeys (ConfUtils.java:logGet(43)) - raft.server.watch.timeout.denomination = 1s (default)
2019-07-16 15:48:20,872 INFO  server.RaftServerConfigKeys (ConfUtils.java:logGet(43)) - raft.server.watch.element-limit = 65536 (default)
2019-07-16 15:48:20,872 INFO  impl.RoleInfo (RoleInfo.java:updateAndGet(143)) - e7026ff3-83d2-41f9-ad85-f875bf217421: start LeaderState
2019-07-16 15:48:20,873 INFO  segmented.SegmentedRaftLogWorker (SegmentedRaftLogWorker.java:startLogSegment(380)) - e7026ff3-83d2-41f9-ad85-f875bf217421-SegmentedRaftLogWorker:Storage Directory /workdir/hadoop-ozone/integration-test/target/test-dir/MiniOzoneClusterImpl-c1940adc-6af1-4c55-8112-2db52ffdf5e5/datanode-5/data/ratis/b4e60a33-e3ef-406c-ac15-adf7a4263270: Starting segment from index:0
2019-07-16 15:48:20,873 INFO  impl.RaftServerImpl (ServerState.java:setRaftConf(361)) - e7026ff3-83d2-41f9-ad85-f875bf217421:group-ADF7A4263270 set configuration 0: [e7026ff3-83d2-41f9-ad85-f875bf217421:192.168.69.88:46081], old=null at 0
2019-07-16 15:48:20,886 INFO  impl.LeaderElection (LeaderElection.java:askForVotes(181)) - 8e588f5d-198f-4085-a4b0-377dd69d60a6:group-42566C3A11BA:LeaderElection5: begin an election at term 1 for -1: [8e588f5d-198f-4085-a4b0-377dd69d60a6:192.168.69.88:35871], old=null
2019-07-16 15:48:20,887 INFO  impl.RoleInfo (RoleInfo.java:shutdownLeaderElection(134)) - 8e588f5d-198f-4085-a4b0-377dd69d60a6: shutdown LeaderElection
2019-07-16 15:48:20,887 INFO  impl.RaftServerImpl (RaftServerImpl.java:setRole(171)) - 8e588f5d-198f-4085-a4b0-377dd69d60a6:group-42566C3A11BA changes role from CANDIDATE to LEADER at term 1 for changeToLeader
2019-07-16 15:48:20,887 INFO  impl.RaftServerImpl (ServerState.java:setLeader(263)) - 8e588f5d-198f-4085-a4b0-377dd69d60a6:group-42566C3A11BA change Leader from null to 8e588f5d-198f-4085-a4b0-377dd69d60a6 at term 1 for becomeLeader, leader elected after 5211ms
2019-07-16 15:48:20,889 INFO  server.RaftServerConfigKeys (ConfUtils.java:logGet(43)) - raft.server.staging.catchup.gap = 1000 (default)
2019-07-16 15:48:20,889 INFO  server.RaftServerConfigKeys (ConfUtils.java:logGet(43)) - raft.server.rpc.sleep.time = 25ms (default)
2019-07-16 15:48:20,889 INFO  server.RaftServerConfigKeys (ConfUtils.java:logGet(43)) - raft.server.write.element-limit = 4096 (default)
2019-07-16 15:48:20,889 INFO  server.RaftServerConfigKeys (ConfUtils.java:logGet(43)) - raft.server.watch.timeout = 10s (default)
2019-07-16 15:48:20,889 INFO  server.RaftServerConfigKeys (ConfUtils.java:logGet(43)) - raft.server.watch.timeout.denomination = 1s (default)
2019-07-16 15:48:20,890 INFO  server.RaftServerConfigKeys (ConfUtils.java:logGet(43)) - raft.server.watch.element-limit = 65536 (default)
2019-07-16 15:48:20,890 INFO  impl.RoleInfo (RoleInfo.java:updateAndGet(143)) - 8e588f5d-198f-4085-a4b0-377dd69d60a6: start LeaderState
2019-07-16 15:48:20,890 INFO  segmented.SegmentedRaftLogWorker (SegmentedRaftLogWorker.java:startLogSegment(380)) - 8e588f5d-198f-4085-a4b0-377dd69d60a6-SegmentedRaftLogWorker:Storage Directory /workdir/hadoop-ozone/integration-test/target/test-dir/MiniOzoneClusterImpl-c1940adc-6af1-4c55-8112-2db52ffdf5e5/datanode-1/data/ratis/7bd93fb4-8abb-495e-976c-42566c3a11ba: Starting segment from index:0
2019-07-16 15:48:20,890 INFO  impl.RaftServerImpl (ServerState.java:setRaftConf(361)) - 8e588f5d-198f-4085-a4b0-377dd69d60a6:group-42566C3A11BA set configuration 0: [8e588f5d-198f-4085-a4b0-377dd69d60a6:192.168.69.88:35871], old=null at 0
2019-07-16 15:48:20,903 INFO  segmented.SegmentedRaftLogWorker (SegmentedRaftLogWorker.java:execute(569)) - e7026ff3-83d2-41f9-ad85-f875bf217421-SegmentedRaftLogWorker:Storage Directory /workdir/hadoop-ozone/integration-test/target/test-dir/MiniOzoneClusterImpl-c1940adc-6af1-4c55-8112-2db52ffdf5e5/datanode-5/data/ratis/b4e60a33-e3ef-406c-ac15-adf7a4263270: created new log segment /workdir/hadoop-ozone/integration-test/target/test-dir/MiniOzoneClusterImpl-c1940adc-6af1-4c55-8112-2db52ffdf5e5/datanode-5/data/ratis/b4e60a33-e3ef-406c-ac15-adf7a4263270/current/log_inprogress_0
2019-07-16 15:48:20,916 INFO  segmented.SegmentedRaftLogWorker (SegmentedRaftLogWorker.java:execute(569)) - 8e588f5d-198f-4085-a4b0-377dd69d60a6-SegmentedRaftLogWorker:Storage Directory /workdir/hadoop-ozone/integration-test/target/test-dir/MiniOzoneClusterImpl-c1940adc-6af1-4c55-8112-2db52ffdf5e5/datanode-1/data/ratis/7bd93fb4-8abb-495e-976c-42566c3a11ba: created new log segment /workdir/hadoop-ozone/integration-test/target/test-dir/MiniOzoneClusterImpl-c1940adc-6af1-4c55-8112-2db52ffdf5e5/datanode-1/data/ratis/7bd93fb4-8abb-495e-976c-42566c3a11ba/current/log_inprogress_0
2019-07-16 15:48:20,986 INFO  impl.FollowerState (FollowerState.java:run(106)) - 65ee548d-8fb1-4c1c-b22d-f30af36245e1:group-2478695C1097 changes to CANDIDATE, lastRpcTime:5139, electionTimeout:5139ms
2019-07-16 15:48:20,989 INFO  impl.RoleInfo (RoleInfo.java:shutdownFollowerState(121)) - 65ee548d-8fb1-4c1c-b22d-f30af36245e1: shutdown FollowerState
2019-07-16 15:48:20,989 INFO  impl.RaftServerImpl (RaftServerImpl.java:setRole(171)) - 65ee548d-8fb1-4c1c-b22d-f30af36245e1:group-2478695C1097 changes role from FOLLOWER to CANDIDATE at term 0 for changeToCandidate
2019-07-16 15:48:20,989 INFO  impl.RoleInfo (RoleInfo.java:updateAndGet(143)) - 65ee548d-8fb1-4c1c-b22d-f30af36245e1: start LeaderElection
2019-07-16 15:48:21,007 INFO  impl.LeaderElection (LeaderElection.java:askForVotes(181)) - 65ee548d-8fb1-4c1c-b22d-f30af36245e1:group-2478695C1097:LeaderElection6: begin an election at term 1 for -1: [65ee548d-8fb1-4c1c-b22d-f30af36245e1:192.168.69.88:43636], old=null
2019-07-16 15:48:21,010 INFO  impl.RoleInfo (RoleInfo.java:shutdownLeaderElection(134)) - 65ee548d-8fb1-4c1c-b22d-f30af36245e1: shutdown LeaderElection
2019-07-16 15:48:21,010 INFO  impl.RaftServerImpl (RaftServerImpl.java:setRole(171)) - 65ee548d-8fb1-4c1c-b22d-f30af36245e1:group-2478695C1097 changes role from CANDIDATE to LEADER at term 1 for changeToLeader
2019-07-16 15:48:21,010 INFO  impl.RaftServerImpl (ServerState.java:setLeader(263)) - 65ee548d-8fb1-4c1c-b22d-f30af36245e1:group-2478695C1097 change Leader from null to 65ee548d-8fb1-4c1c-b22d-f30af36245e1 at term 1 for becomeLeader, leader elected after 5167ms
2019-07-16 15:48:21,012 INFO  server.RaftServerConfigKeys (ConfUtils.java:logGet(43)) - raft.server.staging.catchup.gap = 1000 (default)
2019-07-16 15:48:21,012 INFO  server.RaftServerConfigKeys (ConfUtils.java:logGet(43)) - raft.server.rpc.sleep.time = 25ms (default)
2019-07-16 15:48:21,012 INFO  server.RaftServerConfigKeys (ConfUtils.java:logGet(43)) - raft.server.write.element-limit = 4096 (default)
2019-07-16 15:48:21,012 INFO  server.RaftServerConfigKeys (ConfUtils.java:logGet(43)) - raft.server.watch.timeout = 10s (default)
2019-07-16 15:48:21,013 INFO  server.RaftServerConfigKeys (ConfUtils.java:logGet(43)) - raft.server.watch.timeout.denomination = 1s (default)
2019-07-16 15:48:21,013 INFO  server.RaftServerConfigKeys (ConfUtils.java:logGet(43)) - raft.server.watch.element-limit = 65536 (default)
2019-07-16 15:48:21,013 INFO  impl.RoleInfo (RoleInfo.java:updateAndGet(143)) - 65ee548d-8fb1-4c1c-b22d-f30af36245e1: start LeaderState
2019-07-16 15:48:21,013 INFO  segmented.SegmentedRaftLogWorker (SegmentedRaftLogWorker.java:startLogSegment(380)) - 65ee548d-8fb1-4c1c-b22d-f30af36245e1-SegmentedRaftLogWorker:Storage Directory /workdir/hadoop-ozone/integration-test/target/test-dir/MiniOzoneClusterImpl-c1940adc-6af1-4c55-8112-2db52ffdf5e5/datanode-6/data/ratis/949d4de2-3e01-4889-b616-2478695c1097: Starting segment from index:0
2019-07-16 15:48:21,014 INFO  impl.RaftServerImpl (ServerState.java:setRaftConf(361)) - 65ee548d-8fb1-4c1c-b22d-f30af36245e1:group-2478695C1097 set configuration 0: [65ee548d-8fb1-4c1c-b22d-f30af36245e1:192.168.69.88:43636], old=null at 0
2019-07-16 15:48:21,020 INFO  impl.FollowerState (FollowerState.java:run(106)) - 9d91b821-e7e1-46c7-b6f6-1164e13f3480:group-FF356B71E53A changes to CANDIDATE, lastRpcTime:5088, electionTimeout:5088ms
2019-07-16 15:48:21,020 INFO  impl.RoleInfo (RoleInfo.java:shutdownFollowerState(121)) - 9d91b821-e7e1-46c7-b6f6-1164e13f3480: shutdown FollowerState
2019-07-16 15:48:21,020 INFO  impl.RaftServerImpl (RaftServerImpl.java:setRole(171)) - 9d91b821-e7e1-46c7-b6f6-1164e13f3480:group-FF356B71E53A changes role from FOLLOWER to CANDIDATE at term 0 for changeToCandidate
2019-07-16 15:48:21,020 INFO  impl.RoleInfo (RoleInfo.java:updateAndGet(143)) - 9d91b821-e7e1-46c7-b6f6-1164e13f3480: start LeaderElection
2019-07-16 15:48:21,049 INFO  segmented.SegmentedRaftLogWorker (SegmentedRaftLogWorker.java:execute(569)) - 65ee548d-8fb1-4c1c-b22d-f30af36245e1-SegmentedRaftLogWorker:Storage Directory /workdir/hadoop-ozone/integration-test/target/test-dir/MiniOzoneClusterImpl-c1940adc-6af1-4c55-8112-2db52ffdf5e5/datanode-6/data/ratis/949d4de2-3e01-4889-b616-2478695c1097: created new log segment /workdir/hadoop-ozone/integration-test/target/test-dir/MiniOzoneClusterImpl-c1940adc-6af1-4c55-8112-2db52ffdf5e5/datanode-6/data/ratis/949d4de2-3e01-4889-b616-2478695c1097/current/log_inprogress_0
2019-07-16 15:48:21,050 INFO  impl.LeaderElection (LeaderElection.java:askForVotes(181)) - 9d91b821-e7e1-46c7-b6f6-1164e13f3480:group-FF356B71E53A:LeaderElection7: begin an election at term 1 for -1: [9d91b821-e7e1-46c7-b6f6-1164e13f3480:192.168.69.88:38860], old=null
2019-07-16 15:48:21,050 INFO  impl.RoleInfo (RoleInfo.java:shutdownLeaderElection(134)) - 9d91b821-e7e1-46c7-b6f6-1164e13f3480: shutdown LeaderElection
2019-07-16 15:48:21,050 INFO  impl.RaftServerImpl (RaftServerImpl.java:setRole(171)) - 9d91b821-e7e1-46c7-b6f6-1164e13f3480:group-FF356B71E53A changes role from CANDIDATE to LEADER at term 1 for changeToLeader
2019-07-16 15:48:21,050 INFO  impl.RaftServerImpl (ServerState.java:setLeader(263)) - 9d91b821-e7e1-46c7-b6f6-1164e13f3480:group-FF356B71E53A change Leader from null to 9d91b821-e7e1-46c7-b6f6-1164e13f3480 at term 1 for becomeLeader, leader elected after 5121ms
2019-07-16 15:48:21,053 INFO  server.RaftServerConfigKeys (ConfUtils.java:logGet(43)) - raft.server.staging.catchup.gap = 1000 (default)
2019-07-16 15:48:21,053 INFO  server.RaftServerConfigKeys (ConfUtils.java:logGet(43)) - raft.server.rpc.sleep.time = 25ms (default)
2019-07-16 15:48:21,054 INFO  server.RaftServerConfigKeys (ConfUtils.java:logGet(43)) - raft.server.write.element-limit = 4096 (default)
2019-07-16 15:48:21,054 INFO  server.RaftServerConfigKeys (ConfUtils.java:logGet(43)) - raft.server.watch.timeout = 10s (default)
2019-07-16 15:48:21,054 INFO  server.RaftServerConfigKeys (ConfUtils.java:logGet(43)) - raft.server.watch.timeout.denomination = 1s (default)
2019-07-16 15:48:21,054 INFO  server.RaftServerConfigKeys (ConfUtils.java:logGet(43)) - raft.server.watch.element-limit = 65536 (default)
2019-07-16 15:48:21,054 INFO  impl.RoleInfo (RoleInfo.java:updateAndGet(143)) - 9d91b821-e7e1-46c7-b6f6-1164e13f3480: start LeaderState
2019-07-16 15:48:21,054 INFO  segmented.SegmentedRaftLogWorker (SegmentedRaftLogWorker.java:startLogSegment(380)) - 9d91b821-e7e1-46c7-b6f6-1164e13f3480-SegmentedRaftLogWorker:Storage Directory /workdir/hadoop-ozone/integration-test/target/test-dir/MiniOzoneClusterImpl-c1940adc-6af1-4c55-8112-2db52ffdf5e5/datanode-4/data/ratis/f17eb6ba-760b-4df4-8417-ff356b71e53a: Starting segment from index:0
2019-07-16 15:48:21,055 INFO  impl.RaftServerImpl (ServerState.java:setRaftConf(361)) - 9d91b821-e7e1-46c7-b6f6-1164e13f3480:group-FF356B71E53A set configuration 0: [9d91b821-e7e1-46c7-b6f6-1164e13f3480:192.168.69.88:38860], old=null at 0
2019-07-16 15:48:21,080 INFO  segmented.SegmentedRaftLogWorker (SegmentedRaftLogWorker.java:execute(569)) - 9d91b821-e7e1-46c7-b6f6-1164e13f3480-SegmentedRaftLogWorker:Storage Directory /workdir/hadoop-ozone/integration-test/target/test-dir/MiniOzoneClusterImpl-c1940adc-6af1-4c55-8112-2db52ffdf5e5/datanode-4/data/ratis/f17eb6ba-760b-4df4-8417-ff356b71e53a: created new log segment /workdir/hadoop-ozone/integration-test/target/test-dir/MiniOzoneClusterImpl-c1940adc-6af1-4c55-8112-2db52ffdf5e5/datanode-4/data/ratis/f17eb6ba-760b-4df4-8417-ff356b71e53a/current/log_inprogress_0
2019-07-16 15:48:21,179 INFO  impl.FollowerState (FollowerState.java:run(106)) - 0012b277-f3b4-4574-b854-c69d8b8b19fb:group-4C38CC706AFC changes to CANDIDATE, lastRpcTime:5092, electionTimeout:5092ms
2019-07-16 15:48:21,179 INFO  impl.RoleInfo (RoleInfo.java:shutdownFollowerState(121)) - 0012b277-f3b4-4574-b854-c69d8b8b19fb: shutdown FollowerState
2019-07-16 15:48:21,180 INFO  impl.RaftServerImpl (RaftServerImpl.java:setRole(171)) - 0012b277-f3b4-4574-b854-c69d8b8b19fb:group-4C38CC706AFC changes role from FOLLOWER to CANDIDATE at term 0 for changeToCandidate
2019-07-16 15:48:21,180 INFO  impl.RoleInfo (RoleInfo.java:updateAndGet(143)) - 0012b277-f3b4-4574-b854-c69d8b8b19fb: start LeaderElection
2019-07-16 15:48:21,204 INFO  impl.FollowerState (FollowerState.java:run(106)) - dea58827-96a7-4f7e-8398-ec086adc47f9:group-E5049883D5CF changes to CANDIDATE, lastRpcTime:5184, electionTimeout:5184ms
2019-07-16 15:48:21,207 INFO  impl.RoleInfo (RoleInfo.java:shutdownFollowerState(121)) - dea58827-96a7-4f7e-8398-ec086adc47f9: shutdown FollowerState
2019-07-16 15:48:21,207 INFO  impl.RaftServerImpl (RaftServerImpl.java:setRole(171)) - dea58827-96a7-4f7e-8398-ec086adc47f9:group-E5049883D5CF changes role from FOLLOWER to CANDIDATE at term 0 for changeToCandidate
2019-07-16 15:48:21,207 INFO  impl.RoleInfo (RoleInfo.java:updateAndGet(143)) - dea58827-96a7-4f7e-8398-ec086adc47f9: start LeaderElection
2019-07-16 15:48:21,215 INFO  impl.FollowerState (FollowerState.java:run(106)) - f3483109-d35d-433b-bf93-34fd199d6810:group-9FD51169A88E changes to CANDIDATE, lastRpcTime:5000, electionTimeout:5000ms
2019-07-16 15:48:21,215 INFO  impl.RoleInfo (RoleInfo.java:shutdownFollowerState(121)) - f3483109-d35d-433b-bf93-34fd199d6810: shutdown FollowerState
2019-07-16 15:48:21,215 INFO  impl.RaftServerImpl (RaftServerImpl.java:setRole(171)) - f3483109-d35d-433b-bf93-34fd199d6810:group-9FD51169A88E changes role from FOLLOWER to CANDIDATE at term 0 for changeToCandidate
2019-07-16 15:48:21,215 INFO  impl.RoleInfo (RoleInfo.java:updateAndGet(143)) - f3483109-d35d-433b-bf93-34fd199d6810: start LeaderElection
2019-07-16 15:48:21,216 INFO  impl.LeaderElection (LeaderElection.java:askForVotes(181)) - 0012b277-f3b4-4574-b854-c69d8b8b19fb:group-4C38CC706AFC:LeaderElection8: begin an election at term 1 for -1: [0012b277-f3b4-4574-b854-c69d8b8b19fb:192.168.69.88:37142], old=null
2019-07-16 15:48:21,223 INFO  impl.RoleInfo (RoleInfo.java:shutdownLeaderElection(134)) - 0012b277-f3b4-4574-b854-c69d8b8b19fb: shutdown LeaderElection
2019-07-16 15:48:21,223 INFO  impl.RaftServerImpl (RaftServerImpl.java:setRole(171)) - 0012b277-f3b4-4574-b854-c69d8b8b19fb:group-4C38CC706AFC changes role from CANDIDATE to LEADER at term 1 for changeToLeader
2019-07-16 15:48:21,223 INFO  impl.RaftServerImpl (ServerState.java:setLeader(263)) - 0012b277-f3b4-4574-b854-c69d8b8b19fb:group-4C38CC706AFC change Leader from null to 0012b277-f3b4-4574-b854-c69d8b8b19fb at term 1 for becomeLeader, leader elected after 5141ms
2019-07-16 15:48:21,223 INFO  impl.LeaderElection (LeaderElection.java:askForVotes(181)) - dea58827-96a7-4f7e-8398-ec086adc47f9:group-E5049883D5CF:LeaderElection9: begin an election at term 1 for -1: [dea58827-96a7-4f7e-8398-ec086adc47f9:192.168.69.88:38974], old=null
2019-07-16 15:48:21,225 INFO  server.RaftServerConfigKeys (ConfUtils.java:logGet(43)) - raft.server.staging.catchup.gap = 1000 (default)
2019-07-16 15:48:21,226 INFO  impl.RoleInfo (RoleInfo.java:shutdownLeaderElection(134)) - dea58827-96a7-4f7e-8398-ec086adc47f9: shutdown LeaderElection
2019-07-16 15:48:21,226 INFO  server.RaftServerConfigKeys (ConfUtils.java:logGet(43)) - raft.server.rpc.sleep.time = 25ms (default)
2019-07-16 15:48:21,226 INFO  impl.RaftServerImpl (RaftServerImpl.java:setRole(171)) - dea58827-96a7-4f7e-8398-ec086adc47f9:group-E5049883D5CF changes role from CANDIDATE to LEADER at term 1 for changeToLeader
2019-07-16 15:48:21,226 INFO  server.RaftServerConfigKeys (ConfUtils.java:logGet(43)) - raft.server.write.element-limit = 4096 (default)
2019-07-16 15:48:21,226 INFO  impl.RaftServerImpl (ServerState.java:setLeader(263)) - dea58827-96a7-4f7e-8398-ec086adc47f9:group-E5049883D5CF change Leader from null to dea58827-96a7-4f7e-8398-ec086adc47f9 at term 1 for becomeLeader, leader elected after 5210ms
2019-07-16 15:48:21,226 INFO  server.RaftServerConfigKeys (ConfUtils.java:logGet(43)) - raft.server.watch.timeout = 10s (default)
2019-07-16 15:48:21,229 INFO  server.RaftServerConfigKeys (ConfUtils.java:logGet(43)) - raft.server.staging.catchup.gap = 1000 (default)
2019-07-16 15:48:21,229 INFO  server.RaftServerConfigKeys (ConfUtils.java:logGet(43)) - raft.server.watch.timeout.denomination = 1s (default)
2019-07-16 15:48:21,229 INFO  server.RaftServerConfigKeys (ConfUtils.java:logGet(43)) - raft.server.rpc.sleep.time = 25ms (default)
2019-07-16 15:48:21,229 INFO  server.RaftServerConfigKeys (ConfUtils.java:logGet(43)) - raft.server.watch.element-limit = 65536 (default)
2019-07-16 15:48:21,229 INFO  server.RaftServerConfigKeys (ConfUtils.java:logGet(43)) - raft.server.write.element-limit = 4096 (default)
2019-07-16 15:48:21,229 INFO  server.RaftServerConfigKeys (ConfUtils.java:logGet(43)) - raft.server.watch.timeout = 10s (default)
2019-07-16 15:48:21,229 INFO  impl.RoleInfo (RoleInfo.java:updateAndGet(143)) - 0012b277-f3b4-4574-b854-c69d8b8b19fb: start LeaderState
2019-07-16 15:48:21,229 INFO  server.RaftServerConfigKeys (ConfUtils.java:logGet(43)) - raft.server.watch.timeout.denomination = 1s (default)
2019-07-16 15:48:21,230 INFO  server.RaftServerConfigKeys (ConfUtils.java:logGet(43)) - raft.server.watch.element-limit = 65536 (default)
2019-07-16 15:48:21,230 INFO  segmented.SegmentedRaftLogWorker (SegmentedRaftLogWorker.java:startLogSegment(380)) - 0012b277-f3b4-4574-b854-c69d8b8b19fb-SegmentedRaftLogWorker:Storage Directory /workdir/hadoop-ozone/integration-test/target/test-dir/MiniOzoneClusterImpl-c1940adc-6af1-4c55-8112-2db52ffdf5e5/datanode-8/data/ratis/b9c6b8fe-b6b1-4454-8e69-4c38cc706afc: Starting segment from index:0
2019-07-16 15:48:21,230 INFO  impl.RoleInfo (RoleInfo.java:updateAndGet(143)) - dea58827-96a7-4f7e-8398-ec086adc47f9: start LeaderState
2019-07-16 15:48:21,230 INFO  segmented.SegmentedRaftLogWorker (SegmentedRaftLogWorker.java:startLogSegment(380)) - dea58827-96a7-4f7e-8398-ec086adc47f9-SegmentedRaftLogWorker:Storage Directory /workdir/hadoop-ozone/integration-test/target/test-dir/MiniOzoneClusterImpl-c1940adc-6af1-4c55-8112-2db52ffdf5e5/datanode-7/data/ratis/44e354d8-d7b2-4d51-a554-e5049883d5cf: Starting segment from index:0
2019-07-16 15:48:21,230 INFO  impl.RaftServerImpl (ServerState.java:setRaftConf(361)) - 0012b277-f3b4-4574-b854-c69d8b8b19fb:group-4C38CC706AFC set configuration 0: [0012b277-f3b4-4574-b854-c69d8b8b19fb:192.168.69.88:37142], old=null at 0
2019-07-16 15:48:21,245 INFO  impl.RaftServerImpl (ServerState.java:setRaftConf(361)) - dea58827-96a7-4f7e-8398-ec086adc47f9:group-E5049883D5CF set configuration 0: [dea58827-96a7-4f7e-8398-ec086adc47f9:192.168.69.88:38974], old=null at 0
2019-07-16 15:48:21,246 INFO  impl.LeaderElection (LeaderElection.java:askForVotes(181)) - f3483109-d35d-433b-bf93-34fd199d6810:group-9FD51169A88E:LeaderElection10: begin an election at term 1 for -1: [f3483109-d35d-433b-bf93-34fd199d6810:192.168.69.88:38694, 8a0d3b31-359f-4824-8682-b81c17485013:192.168.69.88:37387, 0a708759-2782-4092-b134-8ac35b688ab7:192.168.69.88:33773], old=null
2019-07-16 15:48:21,245 INFO  impl.FollowerState (FollowerState.java:run(106)) - 8a0d3b31-359f-4824-8682-b81c17485013:group-9FD51169A88E changes to CANDIDATE, lastRpcTime:5030, electionTimeout:5018ms
2019-07-16 15:48:21,258 INFO  impl.RoleInfo (RoleInfo.java:shutdownFollowerState(121)) - 8a0d3b31-359f-4824-8682-b81c17485013: shutdown FollowerState
2019-07-16 15:48:21,258 INFO  impl.RaftServerImpl (RaftServerImpl.java:setRole(171)) - 8a0d3b31-359f-4824-8682-b81c17485013:group-9FD51169A88E changes role from FOLLOWER to CANDIDATE at term 0 for changeToCandidate
2019-07-16 15:48:21,258 INFO  impl.RoleInfo (RoleInfo.java:updateAndGet(143)) - 8a0d3b31-359f-4824-8682-b81c17485013: start LeaderElection
2019-07-16 15:48:21,266 INFO  segmented.SegmentedRaftLogWorker (SegmentedRaftLogWorker.java:execute(569)) - 0012b277-f3b4-4574-b854-c69d8b8b19fb-SegmentedRaftLogWorker:Storage Directory /workdir/hadoop-ozone/integration-test/target/test-dir/MiniOzoneClusterImpl-c1940adc-6af1-4c55-8112-2db52ffdf5e5/datanode-8/data/ratis/b9c6b8fe-b6b1-4454-8e69-4c38cc706afc: created new log segment /workdir/hadoop-ozone/integration-test/target/test-dir/MiniOzoneClusterImpl-c1940adc-6af1-4c55-8112-2db52ffdf5e5/datanode-8/data/ratis/b9c6b8fe-b6b1-4454-8e69-4c38cc706afc/current/log_inprogress_0
2019-07-16 15:48:21,278 INFO  impl.RaftServerImpl (RaftServerImpl.java:setRole(171)) - 0a708759-2782-4092-b134-8ac35b688ab7:group-9FD51169A88E changes role from FOLLOWER to FOLLOWER at term 1 for recognizeCandidate:f3483109-d35d-433b-bf93-34fd199d6810
2019-07-16 15:48:21,278 INFO  impl.RoleInfo (RoleInfo.java:shutdownFollowerState(121)) - 0a708759-2782-4092-b134-8ac35b688ab7: shutdown FollowerState
2019-07-16 15:48:21,279 INFO  impl.RoleInfo (RoleInfo.java:updateAndGet(143)) - 0a708759-2782-4092-b134-8ac35b688ab7: start FollowerState
2019-07-16 15:48:21,279 INFO  impl.FollowerState (FollowerState.java:run(114)) - 0a708759-2782-4092-b134-8ac35b688ab7: FollowerState was interrupted: java.lang.InterruptedException: sleep interrupted
2019-07-16 15:48:21,280 INFO  segmented.SegmentedRaftLogWorker (SegmentedRaftLogWorker.java:execute(569)) - dea58827-96a7-4f7e-8398-ec086adc47f9-SegmentedRaftLogWorker:Storage Directory /workdir/hadoop-ozone/integration-test/target/test-dir/MiniOzoneClusterImpl-c1940adc-6af1-4c55-8112-2db52ffdf5e5/datanode-7/data/ratis/44e354d8-d7b2-4d51-a554-e5049883d5cf: created new log segment /workdir/hadoop-ozone/integration-test/target/test-dir/MiniOzoneClusterImpl-c1940adc-6af1-4c55-8112-2db52ffdf5e5/datanode-7/data/ratis/44e354d8-d7b2-4d51-a554-e5049883d5cf/current/log_inprogress_0
2019-07-16 15:48:21,282 INFO  impl.LeaderElection (LeaderElection.java:askForVotes(181)) - 8a0d3b31-359f-4824-8682-b81c17485013:group-9FD51169A88E:LeaderElection11: begin an election at term 1 for -1: [f3483109-d35d-433b-bf93-34fd199d6810:192.168.69.88:38694, 8a0d3b31-359f-4824-8682-b81c17485013:192.168.69.88:37387, 0a708759-2782-4092-b134-8ac35b688ab7:192.168.69.88:33773], old=null
2019-07-16 15:48:21,304 INFO  impl.LeaderElection (LeaderElection.java:logAndReturn(56)) - f3483109-d35d-433b-bf93-34fd199d6810:group-9FD51169A88E:LeaderElection10: Election PASSED; received 2 response(s) [f3483109-d35d-433b-bf93-34fd199d6810<-8a0d3b31-359f-4824-8682-b81c17485013#0:FAIL-t1, f3483109-d35d-433b-bf93-34fd199d6810<-0a708759-2782-4092-b134-8ac35b688ab7#0:OK-t1] and 0 exception(s); f3483109-d35d-433b-bf93-34fd199d6810:t1, leader=null, voted=f3483109-d35d-433b-bf93-34fd199d6810, raftlog=f3483109-d35d-433b-bf93-34fd199d6810-SegmentedRaftLog:OPENED:c-1,f-1,i0, conf=-1: [f3483109-d35d-433b-bf93-34fd199d6810:192.168.69.88:38694, 8a0d3b31-359f-4824-8682-b81c17485013:192.168.69.88:37387, 0a708759-2782-4092-b134-8ac35b688ab7:192.168.69.88:33773], old=null
2019-07-16 15:48:21,304 INFO  impl.LeaderElection (LeaderElection.java:logAndReturn(56)) - 8a0d3b31-359f-4824-8682-b81c17485013:group-9FD51169A88E:LeaderElection11: Election REJECTED; received 2 response(s) [8a0d3b31-359f-4824-8682-b81c17485013<-f3483109-d35d-433b-bf93-34fd199d6810#0:FAIL-t1, 8a0d3b31-359f-4824-8682-b81c17485013<-0a708759-2782-4092-b134-8ac35b688ab7#0:FAIL-t1] and 0 exception(s); 8a0d3b31-359f-4824-8682-b81c17485013:t1, leader=null, voted=8a0d3b31-359f-4824-8682-b81c17485013, raftlog=8a0d3b31-359f-4824-8682-b81c17485013-SegmentedRaftLog:OPENED:c-1,f-1,i0, conf=-1: [f3483109-d35d-433b-bf93-34fd199d6810:192.168.69.88:38694, 8a0d3b31-359f-4824-8682-b81c17485013:192.168.69.88:37387, 0a708759-2782-4092-b134-8ac35b688ab7:192.168.69.88:33773], old=null
2019-07-16 15:48:21,305 INFO  impl.RoleInfo (RoleInfo.java:shutdownLeaderElection(134)) - f3483109-d35d-433b-bf93-34fd199d6810: shutdown LeaderElection
2019-07-16 15:48:21,310 INFO  impl.RaftServerImpl (RaftServerImpl.java:setRole(171)) - f3483109-d35d-433b-bf93-34fd199d6810:group-9FD51169A88E changes role from CANDIDATE to LEADER at term 1 for changeToLeader
2019-07-16 15:48:21,311 INFO  impl.RaftServerImpl (RaftServerImpl.java:setRole(171)) - 8a0d3b31-359f-4824-8682-b81c17485013:group-9FD51169A88E changes role from CANDIDATE to FOLLOWER at term 1 for DISCOVERED_A_NEW_TERM
2019-07-16 15:48:21,313 INFO  impl.RaftServerImpl (ServerState.java:setLeader(263)) - f3483109-d35d-433b-bf93-34fd199d6810:group-9FD51169A88E change Leader from null to f3483109-d35d-433b-bf93-34fd199d6810 at term 1 for becomeLeader, leader elected after 5109ms
2019-07-16 15:48:21,313 INFO  impl.RoleInfo (RoleInfo.java:shutdownLeaderElection(134)) - 8a0d3b31-359f-4824-8682-b81c17485013: shutdown LeaderElection
2019-07-16 15:48:21,313 INFO  server.RaftServerConfigKeys (ConfUtils.java:logGet(43)) - raft.server.staging.catchup.gap = 1000 (default)
2019-07-16 15:48:21,313 INFO  impl.RoleInfo (RoleInfo.java:updateAndGet(143)) - 8a0d3b31-359f-4824-8682-b81c17485013: start FollowerState
2019-07-16 15:48:21,313 INFO  server.RaftServerConfigKeys (ConfUtils.java:logGet(43)) - raft.server.rpc.sleep.time = 25ms (default)
2019-07-16 15:48:21,315 INFO  server.RaftServerConfigKeys (ConfUtils.java:logGet(43)) - raft.server.write.element-limit = 4096 (default)
2019-07-16 15:48:21,315 INFO  server.RaftServerConfigKeys (ConfUtils.java:logGet(43)) - raft.server.watch.timeout = 10s (default)
2019-07-16 15:48:21,315 INFO  server.RaftServerConfigKeys (ConfUtils.java:logGet(43)) - raft.server.watch.timeout.denomination = 1s (default)
2019-07-16 15:48:21,315 INFO  server.RaftServerConfigKeys (ConfUtils.java:logGet(43)) - raft.server.watch.element-limit = 65536 (default)
2019-07-16 15:48:21,317 INFO  server.RaftServerConfigKeys (ConfUtils.java:logGet(43)) - raft.server.log.appender.snapshot.chunk.size.max = 16MB (=16777216) (default)
2019-07-16 15:48:21,317 INFO  server.RaftServerConfigKeys (ConfUtils.java:logGet(43)) - raft.server.log.appender.buffer.byte-limit = 33554432 (custom)
2019-07-16 15:48:21,318 INFO  server.RaftServerConfigKeys (ConfUtils.java:logGet(43)) - raft.server.log.appender.buffer.element-limit = 1 (custom)
2019-07-16 15:48:21,321 INFO  grpc.GrpcConfigKeys$Server (ConfUtils.java:logGet(43)) - raft.grpc.server.leader.outstanding.appends.max = 128 (default)
2019-07-16 15:48:21,321 INFO  server.RaftServerConfigKeys (ConfUtils.java:logGet(43)) - raft.server.rpc.request.timeout = 3000ms (default)
2019-07-16 15:48:21,321 INFO  server.RaftServerConfigKeys (ConfUtils.java:logGet(43)) - raft.server.log.appender.install.snapshot.enabled = false (custom)
2019-07-16 15:48:21,321 INFO  server.RaftServerConfigKeys (ConfUtils.java:logGet(43)) - raft.server.log.appender.snapshot.chunk.size.max = 16MB (=16777216) (default)
2019-07-16 15:48:21,321 INFO  server.RaftServerConfigKeys (ConfUtils.java:logGet(43)) - raft.server.log.appender.buffer.byte-limit = 33554432 (custom)
2019-07-16 15:48:21,322 INFO  server.RaftServerConfigKeys (ConfUtils.java:logGet(43)) - raft.server.log.appender.buffer.element-limit = 1 (custom)
2019-07-16 15:48:21,322 INFO  grpc.GrpcConfigKeys$Server (ConfUtils.java:logGet(43)) - raft.grpc.server.leader.outstanding.appends.max = 128 (default)
2019-07-16 15:48:21,322 INFO  server.RaftServerConfigKeys (ConfUtils.java:logGet(43)) - raft.server.rpc.request.timeout = 3000ms (default)
2019-07-16 15:48:21,322 INFO  server.RaftServerConfigKeys (ConfUtils.java:logGet(43)) - raft.server.log.appender.install.snapshot.enabled = false (custom)
2019-07-16 15:48:21,324 INFO  impl.RoleInfo (RoleInfo.java:updateAndGet(143)) - f3483109-d35d-433b-bf93-34fd199d6810: start LeaderState
2019-07-16 15:48:21,324 INFO  segmented.SegmentedRaftLogWorker (SegmentedRaftLogWorker.java:startLogSegment(380)) - f3483109-d35d-433b-bf93-34fd199d6810-SegmentedRaftLogWorker:Storage Directory /workdir/hadoop-ozone/integration-test/target/test-dir/MiniOzoneClusterImpl-c1940adc-6af1-4c55-8112-2db52ffdf5e5/datanode-0/data/ratis/a135648b-6b90-4ee3-b04e-9fd51169a88e: Starting segment from index:0
2019-07-16 15:48:21,325 INFO  impl.RaftServerImpl (ServerState.java:setRaftConf(361)) - f3483109-d35d-433b-bf93-34fd199d6810:group-9FD51169A88E set configuration 0: [f3483109-d35d-433b-bf93-34fd199d6810:192.168.69.88:38694, 8a0d3b31-359f-4824-8682-b81c17485013:192.168.69.88:37387, 0a708759-2782-4092-b134-8ac35b688ab7:192.168.69.88:33773], old=null at 0
2019-07-16 15:48:21,352 INFO  segmented.SegmentedRaftLogWorker (SegmentedRaftLogWorker.java:execute(569)) - f3483109-d35d-433b-bf93-34fd199d6810-SegmentedRaftLogWorker:Storage Directory /workdir/hadoop-ozone/integration-test/target/test-dir/MiniOzoneClusterImpl-c1940adc-6af1-4c55-8112-2db52ffdf5e5/datanode-0/data/ratis/a135648b-6b90-4ee3-b04e-9fd51169a88e: created new log segment /workdir/hadoop-ozone/integration-test/target/test-dir/MiniOzoneClusterImpl-c1940adc-6af1-4c55-8112-2db52ffdf5e5/datanode-0/data/ratis/a135648b-6b90-4ee3-b04e-9fd51169a88e/current/log_inprogress_0
2019-07-16 15:48:21,362 INFO  impl.RaftServerImpl (ServerState.java:setLeader(263)) - 8a0d3b31-359f-4824-8682-b81c17485013:group-9FD51169A88E change Leader from null to f3483109-d35d-433b-bf93-34fd199d6810 at term 1 for appendEntries, leader elected after 5160ms
2019-07-16 15:48:21,362 INFO  impl.RaftServerImpl (ServerState.java:setLeader(263)) - 0a708759-2782-4092-b134-8ac35b688ab7:group-9FD51169A88E change Leader from null to f3483109-d35d-433b-bf93-34fd199d6810 at term 1 for appendEntries, leader elected after 5161ms
2019-07-16 15:48:21,408 INFO  impl.RaftServerImpl (ServerState.java:setRaftConf(361)) - 0a708759-2782-4092-b134-8ac35b688ab7:group-9FD51169A88E set configuration 0: [f3483109-d35d-433b-bf93-34fd199d6810:192.168.69.88:38694, 8a0d3b31-359f-4824-8682-b81c17485013:192.168.69.88:37387, 0a708759-2782-4092-b134-8ac35b688ab7:192.168.69.88:33773], old=null at 0
2019-07-16 15:48:21,408 INFO  impl.RaftServerImpl (ServerState.java:setRaftConf(361)) - 8a0d3b31-359f-4824-8682-b81c17485013:group-9FD51169A88E set configuration 0: [f3483109-d35d-433b-bf93-34fd199d6810:192.168.69.88:38694, 8a0d3b31-359f-4824-8682-b81c17485013:192.168.69.88:37387, 0a708759-2782-4092-b134-8ac35b688ab7:192.168.69.88:33773], old=null at 0
2019-07-16 15:48:21,409 INFO  segmented.SegmentedRaftLogWorker (SegmentedRaftLogWorker.java:startLogSegment(380)) - 0a708759-2782-4092-b134-8ac35b688ab7-SegmentedRaftLogWorker:Storage Directory /workdir/hadoop-ozone/integration-test/target/test-dir/MiniOzoneClusterImpl-c1940adc-6af1-4c55-8112-2db52ffdf5e5/datanode-2/data/ratis/a135648b-6b90-4ee3-b04e-9fd51169a88e: Starting segment from index:0
2019-07-16 15:48:21,409 INFO  segmented.SegmentedRaftLogWorker (SegmentedRaftLogWorker.java:startLogSegment(380)) - 8a0d3b31-359f-4824-8682-b81c17485013-SegmentedRaftLogWorker:Storage Directory /workdir/hadoop-ozone/integration-test/target/test-dir/MiniOzoneClusterImpl-c1940adc-6af1-4c55-8112-2db52ffdf5e5/datanode-3/data/ratis/a135648b-6b90-4ee3-b04e-9fd51169a88e: Starting segment from index:0
2019-07-16 15:48:21,437 INFO  segmented.SegmentedRaftLogWorker (SegmentedRaftLogWorker.java:execute(569)) - 0a708759-2782-4092-b134-8ac35b688ab7-SegmentedRaftLogWorker:Storage Directory /workdir/hadoop-ozone/integration-test/target/test-dir/MiniOzoneClusterImpl-c1940adc-6af1-4c55-8112-2db52ffdf5e5/datanode-2/data/ratis/a135648b-6b90-4ee3-b04e-9fd51169a88e: created new log segment /workdir/hadoop-ozone/integration-test/target/test-dir/MiniOzoneClusterImpl-c1940adc-6af1-4c55-8112-2db52ffdf5e5/datanode-2/data/ratis/a135648b-6b90-4ee3-b04e-9fd51169a88e/current/log_inprogress_0
2019-07-16 15:48:21,440 INFO  segmented.SegmentedRaftLogWorker (SegmentedRaftLogWorker.java:execute(569)) - 8a0d3b31-359f-4824-8682-b81c17485013-SegmentedRaftLogWorker:Storage Directory /workdir/hadoop-ozone/integration-test/target/test-dir/MiniOzoneClusterImpl-c1940adc-6af1-4c55-8112-2db52ffdf5e5/datanode-3/data/ratis/a135648b-6b90-4ee3-b04e-9fd51169a88e: created new log segment /workdir/hadoop-ozone/integration-test/target/test-dir/MiniOzoneClusterImpl-c1940adc-6af1-4c55-8112-2db52ffdf5e5/datanode-3/data/ratis/a135648b-6b90-4ee3-b04e-9fd51169a88e/current/log_inprogress_0
2019-07-16 15:48:21,448 INFO  impl.FollowerState (FollowerState.java:run(106)) - 8e588f5d-198f-4085-a4b0-377dd69d60a6:group-62B605DFEF23 changes to CANDIDATE, lastRpcTime:5124, electionTimeout:5124ms
2019-07-16 15:48:21,451 INFO  impl.RoleInfo (RoleInfo.java:shutdownFollowerState(121)) - 8e588f5d-198f-4085-a4b0-377dd69d60a6: shutdown FollowerState
2019-07-16 15:48:21,451 INFO  impl.RaftServerImpl (RaftServerImpl.java:setRole(171)) - 8e588f5d-198f-4085-a4b0-377dd69d60a6:group-62B605DFEF23 changes role from FOLLOWER to CANDIDATE at term 0 for changeToCandidate
2019-07-16 15:48:21,451 INFO  impl.RoleInfo (RoleInfo.java:updateAndGet(143)) - 8e588f5d-198f-4085-a4b0-377dd69d60a6: start LeaderElection
2019-07-16 15:48:21,464 INFO  impl.LeaderElection (LeaderElection.java:askForVotes(181)) - 8e588f5d-198f-4085-a4b0-377dd69d60a6:group-62B605DFEF23:LeaderElection12: begin an election at term 1 for -1: [8e588f5d-198f-4085-a4b0-377dd69d60a6:192.168.69.88:35871, 1d1b07ec-03fa-4bb8-b188-d93c3579ab11:192.168.69.88:41363, e7026ff3-83d2-41f9-ad85-f875bf217421:192.168.69.88:46081], old=null
2019-07-16 15:48:21,478 INFO  impl.FollowerState (FollowerState.java:run(106)) - e7026ff3-83d2-41f9-ad85-f875bf217421:group-62B605DFEF23 changes to CANDIDATE, lastRpcTime:5156, electionTimeout:5156ms
2019-07-16 15:48:21,479 INFO  impl.RoleInfo (RoleInfo.java:shutdownFollowerState(121)) - e7026ff3-83d2-41f9-ad85-f875bf217421: shutdown FollowerState
2019-07-16 15:48:21,479 INFO  impl.RaftServerImpl (RaftServerImpl.java:setRole(171)) - e7026ff3-83d2-41f9-ad85-f875bf217421:group-62B605DFEF23 changes role from FOLLOWER to CANDIDATE at term 0 for changeToCandidate
2019-07-16 15:48:21,480 INFO  impl.RoleInfo (RoleInfo.java:updateAndGet(143)) - e7026ff3-83d2-41f9-ad85-f875bf217421: start LeaderElection
2019-07-16 15:48:21,484 INFO  impl.RaftServerImpl (RaftServerImpl.java:setRole(171)) - 1d1b07ec-03fa-4bb8-b188-d93c3579ab11:group-62B605DFEF23 changes role from FOLLOWER to FOLLOWER at term 1 for recognizeCandidate:8e588f5d-198f-4085-a4b0-377dd69d60a6
2019-07-16 15:48:21,484 INFO  impl.RaftServerImpl (RaftServerImpl.java:setRole(171)) - e7026ff3-83d2-41f9-ad85-f875bf217421:group-62B605DFEF23 changes role from CANDIDATE to FOLLOWER at term 1 for recognizeCandidate:8e588f5d-198f-4085-a4b0-377dd69d60a6
2019-07-16 15:48:21,484 INFO  impl.RoleInfo (RoleInfo.java:shutdownFollowerState(121)) - 1d1b07ec-03fa-4bb8-b188-d93c3579ab11: shutdown FollowerState
2019-07-16 15:48:21,484 INFO  impl.RoleInfo (RoleInfo.java:shutdownLeaderElection(134)) - e7026ff3-83d2-41f9-ad85-f875bf217421: shutdown LeaderElection
2019-07-16 15:48:21,484 INFO  impl.RoleInfo (RoleInfo.java:updateAndGet(143)) - 1d1b07ec-03fa-4bb8-b188-d93c3579ab11: start FollowerState
2019-07-16 15:48:21,484 INFO  impl.RoleInfo (RoleInfo.java:updateAndGet(143)) - e7026ff3-83d2-41f9-ad85-f875bf217421: start FollowerState
2019-07-16 15:48:21,484 INFO  impl.FollowerState (FollowerState.java:run(114)) - 1d1b07ec-03fa-4bb8-b188-d93c3579ab11: FollowerState was interrupted: java.lang.InterruptedException: sleep interrupted
2019-07-16 15:48:21,490 INFO  impl.FollowerState (FollowerState.java:run(106)) - 0012b277-f3b4-4574-b854-c69d8b8b19fb:group-A89E1C811B5D changes to CANDIDATE, lastRpcTime:5059, electionTimeout:5059ms
2019-07-16 15:48:21,490 INFO  impl.RoleInfo (RoleInfo.java:shutdownFollowerState(121)) - 0012b277-f3b4-4574-b854-c69d8b8b19fb: shutdown FollowerState
2019-07-16 15:48:21,490 INFO  impl.RaftServerImpl (RaftServerImpl.java:setRole(171)) - 0012b277-f3b4-4574-b854-c69d8b8b19fb:group-A89E1C811B5D changes role from FOLLOWER to CANDIDATE at term 0 for changeToCandidate
2019-07-16 15:48:21,490 INFO  impl.RoleInfo (RoleInfo.java:updateAndGet(143)) - 0012b277-f3b4-4574-b854-c69d8b8b19fb: start LeaderElection
2019-07-16 15:48:21,497 INFO  impl.FollowerState (FollowerState.java:run(106)) - 9d91b821-e7e1-46c7-b6f6-1164e13f3480:group-A89E1C811B5D changes to CANDIDATE, lastRpcTime:5064, electionTimeout:5064ms
2019-07-16 15:48:21,498 INFO  impl.RoleInfo (RoleInfo.java:shutdownFollowerState(121)) - 9d91b821-e7e1-46c7-b6f6-1164e13f3480: shutdown FollowerState
2019-07-16 15:48:21,498 INFO  impl.RaftServerImpl (RaftServerImpl.java:setRole(171)) - 9d91b821-e7e1-46c7-b6f6-1164e13f3480:group-A89E1C811B5D changes role from FOLLOWER to CANDIDATE at term 0 for changeToCandidate
2019-07-16 15:48:21,498 INFO  impl.RoleInfo (RoleInfo.java:updateAndGet(143)) - 9d91b821-e7e1-46c7-b6f6-1164e13f3480: start LeaderElection
2019-07-16 15:48:21,503 INFO  impl.LeaderElection (LeaderElection.java:askForVotes(181)) - 0012b277-f3b4-4574-b854-c69d8b8b19fb:group-A89E1C811B5D:LeaderElection14: begin an election at term 1 for -1: [0012b277-f3b4-4574-b854-c69d8b8b19fb:192.168.69.88:37142, 65ee548d-8fb1-4c1c-b22d-f30af36245e1:192.168.69.88:43636, 9d91b821-e7e1-46c7-b6f6-1164e13f3480:192.168.69.88:38860], old=null
2019-07-16 15:48:21,510 INFO  impl.LeaderElection (LeaderElection.java:logAndReturn(56)) - 8e588f5d-198f-4085-a4b0-377dd69d60a6:group-62B605DFEF23:LeaderElection12: Election PASSED; received 2 response(s) [8e588f5d-198f-4085-a4b0-377dd69d60a6<-1d1b07ec-03fa-4bb8-b188-d93c3579ab11#0:OK-t1, 8e588f5d-198f-4085-a4b0-377dd69d60a6<-e7026ff3-83d2-41f9-ad85-f875bf217421#0:FAIL-t1] and 0 exception(s); 8e588f5d-198f-4085-a4b0-377dd69d60a6:t1, leader=null, voted=8e588f5d-198f-4085-a4b0-377dd69d60a6, raftlog=8e588f5d-198f-4085-a4b0-377dd69d60a6-SegmentedRaftLog:OPENED:c-1,f-1,i0, conf=-1: [8e588f5d-198f-4085-a4b0-377dd69d60a6:192.168.69.88:35871, 1d1b07ec-03fa-4bb8-b188-d93c3579ab11:192.168.69.88:41363, e7026ff3-83d2-41f9-ad85-f875bf217421:192.168.69.88:46081], old=null
2019-07-16 15:48:21,510 INFO  impl.RoleInfo (RoleInfo.java:shutdownLeaderElection(134)) - 8e588f5d-198f-4085-a4b0-377dd69d60a6: shutdown LeaderElection
2019-07-16 15:48:21,514 INFO  impl.RaftServerImpl (RaftServerImpl.java:setRole(171)) - 8e588f5d-198f-4085-a4b0-377dd69d60a6:group-62B605DFEF23 changes role from CANDIDATE to LEADER at term 1 for changeToLeader
2019-07-16 15:48:21,514 INFO  impl.RaftServerImpl (ServerState.java:setLeader(263)) - 8e588f5d-198f-4085-a4b0-377dd69d60a6:group-62B605DFEF23 change Leader from null to 8e588f5d-198f-4085-a4b0-377dd69d60a6 at term 1 for becomeLeader, leader elected after 5204ms
2019-07-16 15:48:21,514 INFO  server.RaftServerConfigKeys (ConfUtils.java:logGet(43)) - raft.server.staging.catchup.gap = 1000 (default)
2019-07-16 15:48:21,514 INFO  server.RaftServerConfigKeys (ConfUtils.java:logGet(43)) - raft.server.rpc.sleep.time = 25ms (default)
2019-07-16 15:48:21,514 INFO  server.RaftServerConfigKeys (ConfUtils.java:logGet(43)) - raft.server.write.element-limit = 4096 (default)
2019-07-16 15:48:21,514 INFO  server.RaftServerConfigKeys (ConfUtils.java:logGet(43)) - raft.server.watch.timeout = 10s (default)
2019-07-16 15:48:21,515 INFO  server.RaftServerConfigKeys (ConfUtils.java:logGet(43)) - raft.server.watch.timeout.denomination = 1s (default)
2019-07-16 15:48:21,515 INFO  server.RaftServerConfigKeys (ConfUtils.java:logGet(43)) - raft.server.watch.element-limit = 65536 (default)
2019-07-16 15:48:21,515 INFO  server.RaftServerConfigKeys (ConfUtils.java:logGet(43)) - raft.server.log.appender.snapshot.chunk.size.max = 16MB (=16777216) (default)
2019-07-16 15:48:21,515 INFO  server.RaftServerConfigKeys (ConfUtils.java:logGet(43)) - raft.server.log.appender.buffer.byte-limit = 33554432 (custom)
2019-07-16 15:48:21,515 INFO  server.RaftServerConfigKeys (ConfUtils.java:logGet(43)) - raft.server.log.appender.buffer.element-limit = 1 (custom)
2019-07-16 15:48:21,516 INFO  grpc.GrpcConfigKeys$Server (ConfUtils.java:logGet(43)) - raft.grpc.server.leader.outstanding.appends.max = 128 (default)
2019-07-16 15:48:21,520 INFO  impl.LeaderElection (LeaderElection.java:askForVotes(181)) - 9d91b821-e7e1-46c7-b6f6-1164e13f3480:group-A89E1C811B5D:LeaderElection15: begin an election at term 1 for -1: [0012b277-f3b4-4574-b854-c69d8b8b19fb:192.168.69.88:37142, 65ee548d-8fb1-4c1c-b22d-f30af36245e1:192.168.69.88:43636, 9d91b821-e7e1-46c7-b6f6-1164e13f3480:192.168.69.88:38860], old=null
2019-07-16 15:48:21,520 INFO  impl.LeaderElection (LeaderElection.java:askForVotes(181)) - e7026ff3-83d2-41f9-ad85-f875bf217421:group-62B605DFEF23:LeaderElection13: begin an election at term 2 for -1: [8e588f5d-198f-4085-a4b0-377dd69d60a6:192.168.69.88:35871, 1d1b07ec-03fa-4bb8-b188-d93c3579ab11:192.168.69.88:41363, e7026ff3-83d2-41f9-ad85-f875bf217421:192.168.69.88:46081], old=null
2019-07-16 15:48:21,523 INFO  server.RaftServerConfigKeys (ConfUtils.java:logGet(43)) - raft.server.rpc.request.timeout = 3000ms (default)
2019-07-16 15:48:21,523 INFO  server.RaftServerConfigKeys (ConfUtils.java:logGet(43)) - raft.server.log.appender.install.snapshot.enabled = false (custom)
2019-07-16 15:48:21,523 INFO  server.RaftServerConfigKeys (ConfUtils.java:logGet(43)) - raft.server.log.appender.snapshot.chunk.size.max = 16MB (=16777216) (default)
2019-07-16 15:48:21,524 INFO  server.RaftServerConfigKeys (ConfUtils.java:logGet(43)) - raft.server.log.appender.buffer.byte-limit = 33554432 (custom)
2019-07-16 15:48:21,524 INFO  impl.LeaderElection (LeaderElection.java:logAndReturn(56)) - e7026ff3-83d2-41f9-ad85-f875bf217421:group-62B605DFEF23:LeaderElection13: Election REJECTED; received 0 response(s) [] and 0 exception(s); e7026ff3-83d2-41f9-ad85-f875bf217421:t2, leader=null, voted=e7026ff3-83d2-41f9-ad85-f875bf217421, raftlog=e7026ff3-83d2-41f9-ad85-f875bf217421-SegmentedRaftLog:OPENED:c-1,f-1,i0, conf=-1: [8e588f5d-198f-4085-a4b0-377dd69d60a6:192.168.69.88:35871, 1d1b07ec-03fa-4bb8-b188-d93c3579ab11:192.168.69.88:41363, e7026ff3-83d2-41f9-ad85-f875bf217421:192.168.69.88:46081], old=null
2019-07-16 15:48:21,526 INFO  server.RaftServerConfigKeys (ConfUtils.java:logGet(43)) - raft.server.log.appender.buffer.element-limit = 1 (custom)
2019-07-16 15:48:21,528 INFO  grpc.GrpcConfigKeys$Server (ConfUtils.java:logGet(43)) - raft.grpc.server.leader.outstanding.appends.max = 128 (default)
2019-07-16 15:48:21,529 INFO  server.RaftServerConfigKeys (ConfUtils.java:logGet(43)) - raft.server.rpc.request.timeout = 3000ms (default)
2019-07-16 15:48:21,531 INFO  server.RaftServerConfigKeys (ConfUtils.java:logGet(43)) - raft.server.log.appender.install.snapshot.enabled = false (custom)
2019-07-16 15:48:21,531 INFO  impl.RaftServerImpl (RaftServerImpl.java:setRole(171)) - 65ee548d-8fb1-4c1c-b22d-f30af36245e1:group-A89E1C811B5D changes role from FOLLOWER to FOLLOWER at term 1 for recognizeCandidate:0012b277-f3b4-4574-b854-c69d8b8b19fb
2019-07-16 15:48:21,533 INFO  impl.RoleInfo (RoleInfo.java:updateAndGet(143)) - 8e588f5d-198f-4085-a4b0-377dd69d60a6: start LeaderState
2019-07-16 15:48:21,535 INFO  impl.RoleInfo (RoleInfo.java:shutdownFollowerState(121)) - 65ee548d-8fb1-4c1c-b22d-f30af36245e1: shutdown FollowerState
2019-07-16 15:48:21,535 INFO  segmented.SegmentedRaftLogWorker (SegmentedRaftLogWorker.java:startLogSegment(380)) - 8e588f5d-198f-4085-a4b0-377dd69d60a6-SegmentedRaftLogWorker:Storage Directory /workdir/hadoop-ozone/integration-test/target/test-dir/MiniOzoneClusterImpl-c1940adc-6af1-4c55-8112-2db52ffdf5e5/datanode-1/data/ratis/d788d881-4bf9-43af-a1bb-62b605dfef23: Starting segment from index:0
2019-07-16 15:48:21,537 INFO  impl.FollowerState (FollowerState.java:run(114)) - 65ee548d-8fb1-4c1c-b22d-f30af36245e1: FollowerState was interrupted: java.lang.InterruptedException: sleep interrupted
2019-07-16 15:48:21,535 INFO  impl.RoleInfo (RoleInfo.java:updateAndGet(143)) - 65ee548d-8fb1-4c1c-b22d-f30af36245e1: start FollowerState
2019-07-16 15:48:21,539 INFO  impl.RaftServerImpl (ServerState.java:setRaftConf(361)) - 8e588f5d-198f-4085-a4b0-377dd69d60a6:group-62B605DFEF23 set configuration 0: [8e588f5d-198f-4085-a4b0-377dd69d60a6:192.168.69.88:35871, 1d1b07ec-03fa-4bb8-b188-d93c3579ab11:192.168.69.88:41363, e7026ff3-83d2-41f9-ad85-f875bf217421:192.168.69.88:46081], old=null at 0
2019-07-16 15:48:21,554 INFO  segmented.SegmentedRaftLogWorker (SegmentedRaftLogWorker.java:execute(569)) - 8e588f5d-198f-4085-a4b0-377dd69d60a6-SegmentedRaftLogWorker:Storage Directory /workdir/hadoop-ozone/integration-test/target/test-dir/MiniOzoneClusterImpl-c1940adc-6af1-4c55-8112-2db52ffdf5e5/datanode-1/data/ratis/d788d881-4bf9-43af-a1bb-62b605dfef23: created new log segment /workdir/hadoop-ozone/integration-test/target/test-dir/MiniOzoneClusterImpl-c1940adc-6af1-4c55-8112-2db52ffdf5e5/datanode-1/data/ratis/d788d881-4bf9-43af-a1bb-62b605dfef23/current/log_inprogress_0
2019-07-16 15:48:21,560 INFO  impl.RaftServerImpl (RaftServerImpl.java:setRole(171)) - 1d1b07ec-03fa-4bb8-b188-d93c3579ab11:group-62B605DFEF23 changes role from FOLLOWER to FOLLOWER at term 2 for recognizeCandidate:e7026ff3-83d2-41f9-ad85-f875bf217421
2019-07-16 15:48:21,561 INFO  impl.RoleInfo (RoleInfo.java:shutdownFollowerState(121)) - 1d1b07ec-03fa-4bb8-b188-d93c3579ab11: shutdown FollowerState
2019-07-16 15:48:21,561 INFO  impl.LeaderElection (LeaderElection.java:logAndReturn(56)) - 0012b277-f3b4-4574-b854-c69d8b8b19fb:group-A89E1C811B5D:LeaderElection14: Election PASSED; received 2 response(s) [0012b277-f3b4-4574-b854-c69d8b8b19fb<-65ee548d-8fb1-4c1c-b22d-f30af36245e1#0:OK-t1, 0012b277-f3b4-4574-b854-c69d8b8b19fb<-9d91b821-e7e1-46c7-b6f6-1164e13f3480#0:FAIL-t1] and 0 exception(s); 0012b277-f3b4-4574-b854-c69d8b8b19fb:t1, leader=null, voted=0012b277-f3b4-4574-b854-c69d8b8b19fb, raftlog=0012b277-f3b4-4574-b854-c69d8b8b19fb-SegmentedRaftLog:OPENED:c-1,f-1,i0, conf=-1: [0012b277-f3b4-4574-b854-c69d8b8b19fb:192.168.69.88:37142, 65ee548d-8fb1-4c1c-b22d-f30af36245e1:192.168.69.88:43636, 9d91b821-e7e1-46c7-b6f6-1164e13f3480:192.168.69.88:38860], old=null
2019-07-16 15:48:21,568 INFO  impl.FollowerState (FollowerState.java:run(114)) - 1d1b07ec-03fa-4bb8-b188-d93c3579ab11: FollowerState was interrupted: java.lang.InterruptedException: sleep interrupted
2019-07-16 15:48:21,568 INFO  impl.RoleInfo (RoleInfo.java:shutdownLeaderElection(134)) - 0012b277-f3b4-4574-b854-c69d8b8b19fb: shutdown LeaderElection
2019-07-16 15:48:21,575 INFO  impl.RoleInfo (RoleInfo.java:updateAndGet(143)) - 1d1b07ec-03fa-4bb8-b188-d93c3579ab11: start FollowerState
2019-07-16 15:48:21,575 INFO  impl.RaftServerImpl (RaftServerImpl.java:setRole(171)) - 0012b277-f3b4-4574-b854-c69d8b8b19fb:group-A89E1C811B5D changes role from CANDIDATE to LEADER at term 1 for changeToLeader
2019-07-16 15:48:21,575 INFO  impl.RaftServerImpl (ServerState.java:setLeader(263)) - 0012b277-f3b4-4574-b854-c69d8b8b19fb:group-A89E1C811B5D change Leader from null to 0012b277-f3b4-4574-b854-c69d8b8b19fb at term 1 for becomeLeader, leader elected after 5163ms
2019-07-16 15:48:21,575 INFO  server.RaftServerConfigKeys (ConfUtils.java:logGet(43)) - raft.server.staging.catchup.gap = 1000 (default)
2019-07-16 15:48:21,575 INFO  server.RaftServerConfigKeys (ConfUtils.java:logGet(43)) - raft.server.rpc.sleep.time = 25ms (default)
2019-07-16 15:48:21,575 INFO  server.RaftServerConfigKeys (ConfUtils.java:logGet(43)) - raft.server.write.element-limit = 4096 (default)
2019-07-16 15:48:21,575 INFO  server.RaftServerConfigKeys (ConfUtils.java:logGet(43)) - raft.server.watch.timeout = 10s (default)
2019-07-16 15:48:21,577 INFO  server.RaftServerConfigKeys (ConfUtils.java:logGet(43)) - raft.server.watch.timeout.denomination = 1s (default)
2019-07-16 15:48:21,577 INFO  impl.RaftServerImpl (ServerState.java:setLeader(263)) - 8e588f5d-198f-4085-a4b0-377dd69d60a6:group-62B605DFEF23 change Leader from 8e588f5d-198f-4085-a4b0-377dd69d60a6 to null at term 2 for updateCurrentTerm
2019-07-16 15:48:21,577 INFO  server.RaftServerConfigKeys (ConfUtils.java:logGet(43)) - raft.server.watch.element-limit = 65536 (default)
2019-07-16 15:48:21,577 INFO  impl.RaftServerImpl (RaftServerImpl.java:setRole(171)) - 8e588f5d-198f-4085-a4b0-377dd69d60a6:group-62B605DFEF23 changes role from LEADER to FOLLOWER at term 2 for stepDown
2019-07-16 15:48:21,578 INFO  impl.RoleInfo (RoleInfo.java:shutdownLeaderState(104)) - 8e588f5d-198f-4085-a4b0-377dd69d60a6: shutdown LeaderState
2019-07-16 15:48:21,578 INFO  server.RaftServerConfigKeys (ConfUtils.java:logGet(43)) - raft.server.log.appender.snapshot.chunk.size.max = 16MB (=16777216) (default)
2019-07-16 15:48:21,578 INFO  server.RaftServerConfigKeys (ConfUtils.java:logGet(43)) - raft.server.log.appender.buffer.byte-limit = 33554432 (custom)
2019-07-16 15:48:21,578 INFO  server.RaftServerConfigKeys (ConfUtils.java:logGet(43)) - raft.server.log.appender.buffer.element-limit = 1 (custom)
2019-07-16 15:48:21,578 INFO  grpc.GrpcConfigKeys$Server (ConfUtils.java:logGet(43)) - raft.grpc.server.leader.outstanding.appends.max = 128 (default)
2019-07-16 15:48:21,581 INFO  server.RaftServerConfigKeys (ConfUtils.java:logGet(43)) - raft.server.rpc.request.timeout = 3000ms (default)
2019-07-16 15:48:21,581 WARN  server.GrpcLogAppender (GrpcLogAppender.java:mayWait(143)) - GrpcLogAppender(8e588f5d-198f-4085-a4b0-377dd69d60a6->e7026ff3-83d2-41f9-ad85-f875bf217421): Wait interrupted by java.lang.InterruptedException
2019-07-16 15:48:21,581 INFO  impl.PendingRequests (PendingRequests.java:sendNotLeaderResponses(202)) - 8e588f5d-198f-4085-a4b0-377dd69d60a6-PendingRequests: sendNotLeaderResponses
2019-07-16 15:48:21,581 WARN  server.GrpcLogAppender (GrpcLogAppender.java:mayWait(143)) - GrpcLogAppender(8e588f5d-198f-4085-a4b0-377dd69d60a6->1d1b07ec-03fa-4bb8-b188-d93c3579ab11): Wait interrupted by java.lang.InterruptedException
2019-07-16 15:48:21,583 INFO  server.RaftServerConfigKeys (ConfUtils.java:logGet(43)) - raft.server.log.appender.install.snapshot.enabled = false (custom)
2019-07-16 15:48:21,583 INFO  server.RaftServerConfigKeys (ConfUtils.java:logGet(43)) - raft.server.log.appender.snapshot.chunk.size.max = 16MB (=16777216) (default)
2019-07-16 15:48:21,583 INFO  server.RaftServerConfigKeys (ConfUtils.java:logGet(43)) - raft.server.log.appender.buffer.byte-limit = 33554432 (custom)
2019-07-16 15:48:21,583 INFO  server.RaftServerConfigKeys (ConfUtils.java:logGet(43)) - raft.server.log.appender.buffer.element-limit = 1 (custom)
2019-07-16 15:48:21,584 INFO  grpc.GrpcConfigKeys$Server (ConfUtils.java:logGet(43)) - raft.grpc.server.leader.outstanding.appends.max = 128 (default)
2019-07-16 15:48:21,584 INFO  server.RaftServerConfigKeys (ConfUtils.java:logGet(43)) - raft.server.rpc.request.timeout = 3000ms (default)
2019-07-16 15:48:21,584 INFO  server.RaftServerConfigKeys (ConfUtils.java:logGet(43)) - raft.server.log.appender.install.snapshot.enabled = false (custom)
2019-07-16 15:48:21,584 INFO  server.GrpcServerProtocolService (GrpcServerProtocolService.java:onCompleted(104)) - e7026ff3-83d2-41f9-ad85-f875bf217421: appendEntries completed
2019-07-16 15:48:21,584 INFO  impl.RoleInfo (RoleInfo.java:updateAndGet(143)) - 0012b277-f3b4-4574-b854-c69d8b8b19fb: start LeaderState
2019-07-16 15:48:21,584 INFO  segmented.SegmentedRaftLogWorker (SegmentedRaftLogWorker.java:startLogSegment(380)) - 0012b277-f3b4-4574-b854-c69d8b8b19fb-SegmentedRaftLogWorker:Storage Directory /workdir/hadoop-ozone/integration-test/target/test-dir/MiniOzoneClusterImpl-c1940adc-6af1-4c55-8112-2db52ffdf5e5/datanode-8/data/ratis/ecd1cbcd-26fe-4bec-87ee-a89e1c811b5d: Starting segment from index:0
2019-07-16 15:48:21,584 INFO  impl.RoleInfo (RoleInfo.java:updateAndGet(143)) - 8e588f5d-198f-4085-a4b0-377dd69d60a6: start FollowerState
2019-07-16 15:48:21,586 INFO  impl.RaftServerImpl (ServerState.java:setRaftConf(361)) - 0012b277-f3b4-4574-b854-c69d8b8b19fb:group-A89E1C811B5D set configuration 0: [0012b277-f3b4-4574-b854-c69d8b8b19fb:192.168.69.88:37142, 65ee548d-8fb1-4c1c-b22d-f30af36245e1:192.168.69.88:43636, 9d91b821-e7e1-46c7-b6f6-1164e13f3480:192.168.69.88:38860], old=null at 0
2019-07-16 15:48:21,586 INFO  impl.RaftServerImpl (RaftServerImpl.java:requestVote(754)) - 0012b277-f3b4-4574-b854-c69d8b8b19fb-LEADER: Withhold vote from candidate 9d91b821-e7e1-46c7-b6f6-1164e13f3480 with term 1. State: leader=0012b277-f3b4-4574-b854-c69d8b8b19fb, term=1, lastRpcElapsed=null
2019-07-16 15:48:21,601 INFO  impl.RaftServerImpl (RaftServerImpl.java:setRole(171)) - 8e588f5d-198f-4085-a4b0-377dd69d60a6:group-62B605DFEF23 changes role from FOLLOWER to FOLLOWER at term 2 for recognizeCandidate:e7026ff3-83d2-41f9-ad85-f875bf217421
2019-07-16 15:48:21,601 INFO  impl.RoleInfo (RoleInfo.java:shutdownFollowerState(121)) - 8e588f5d-198f-4085-a4b0-377dd69d60a6: shutdown FollowerState
2019-07-16 15:48:21,601 INFO  impl.RoleInfo (RoleInfo.java:updateAndGet(143)) - 8e588f5d-198f-4085-a4b0-377dd69d60a6: start FollowerState
2019-07-16 15:48:21,601 INFO  impl.FollowerState (FollowerState.java:run(114)) - 8e588f5d-198f-4085-a4b0-377dd69d60a6: FollowerState was interrupted: java.lang.InterruptedException: sleep interrupted
2019-07-16 15:48:21,601 INFO  server.GrpcServerProtocolService (GrpcServerProtocolService.java:onCompleted(104)) - 1d1b07ec-03fa-4bb8-b188-d93c3579ab11: appendEntries completed
2019-07-16 15:48:21,611 INFO  server.GrpcLogAppender (GrpcLogAppender.java:onCompleted(292)) - 8e588f5d-198f-4085-a4b0-377dd69d60a6->e7026ff3-83d2-41f9-ad85-f875bf217421: follower responses appendEntries COMPLETED
2019-07-16 15:48:21,612 INFO  segmented.SegmentedRaftLogWorker (SegmentedRaftLogWorker.java:execute(569)) - 0012b277-f3b4-4574-b854-c69d8b8b19fb-SegmentedRaftLogWorker:Storage Directory /workdir/hadoop-ozone/integration-test/target/test-dir/MiniOzoneClusterImpl-c1940adc-6af1-4c55-8112-2db52ffdf5e5/datanode-8/data/ratis/ecd1cbcd-26fe-4bec-87ee-a89e1c811b5d: created new log segment /workdir/hadoop-ozone/integration-test/target/test-dir/MiniOzoneClusterImpl-c1940adc-6af1-4c55-8112-2db52ffdf5e5/datanode-8/data/ratis/ecd1cbcd-26fe-4bec-87ee-a89e1c811b5d/current/log_inprogress_0
2019-07-16 15:48:21,616 INFO  impl.LeaderElection (LeaderElection.java:logAndReturn(56)) - 9d91b821-e7e1-46c7-b6f6-1164e13f3480:group-A89E1C811B5D:LeaderElection15: Election REJECTED; received 2 response(s) [9d91b821-e7e1-46c7-b6f6-1164e13f3480<-0012b277-f3b4-4574-b854-c69d8b8b19fb#0:FAIL-t1, 9d91b821-e7e1-46c7-b6f6-1164e13f3480<-65ee548d-8fb1-4c1c-b22d-f30af36245e1#0:FAIL-t1] and 0 exception(s); 9d91b821-e7e1-46c7-b6f6-1164e13f3480:t1, leader=null, voted=9d91b821-e7e1-46c7-b6f6-1164e13f3480, raftlog=9d91b821-e7e1-46c7-b6f6-1164e13f3480-SegmentedRaftLog:OPENED:c-1,f-1,i0, conf=-1: [0012b277-f3b4-4574-b854-c69d8b8b19fb:192.168.69.88:37142, 65ee548d-8fb1-4c1c-b22d-f30af36245e1:192.168.69.88:43636, 9d91b821-e7e1-46c7-b6f6-1164e13f3480:192.168.69.88:38860], old=null
2019-07-16 15:48:21,616 INFO  impl.RaftServerImpl (RaftServerImpl.java:setRole(171)) - 9d91b821-e7e1-46c7-b6f6-1164e13f3480:group-A89E1C811B5D changes role from CANDIDATE to FOLLOWER at term 1 for DISCOVERED_A_NEW_TERM
2019-07-16 15:48:21,616 INFO  impl.RoleInfo (RoleInfo.java:shutdownLeaderElection(134)) - 9d91b821-e7e1-46c7-b6f6-1164e13f3480: shutdown LeaderElection
2019-07-16 15:48:21,618 INFO  impl.RoleInfo (RoleInfo.java:updateAndGet(143)) - 9d91b821-e7e1-46c7-b6f6-1164e13f3480: start FollowerState
2019-07-16 15:48:21,618 INFO  server.GrpcLogAppender (GrpcLogAppender.java:onCompleted(292)) - 8e588f5d-198f-4085-a4b0-377dd69d60a6->1d1b07ec-03fa-4bb8-b188-d93c3579ab11: follower responses appendEntries COMPLETED
2019-07-16 15:48:21,618 INFO  impl.FollowerInfo (FollowerInfo.java:lambda$new$0(50)) - 8e588f5d-198f-4085-a4b0-377dd69d60a6->e7026ff3-83d2-41f9-ad85-f875bf217421: nextIndex: updateUnconditionally 1 -> 0
2019-07-16 15:48:21,620 INFO  impl.FollowerInfo (FollowerInfo.java:lambda$new$0(50)) - 8e588f5d-198f-4085-a4b0-377dd69d60a6->1d1b07ec-03fa-4bb8-b188-d93c3579ab11: nextIndex: updateUnconditionally 0 -> 0
2019-07-16 15:48:21,620 INFO  impl.RaftServerImpl (ServerState.java:setLeader(263)) - 9d91b821-e7e1-46c7-b6f6-1164e13f3480:group-A89E1C811B5D change Leader from null to 0012b277-f3b4-4574-b854-c69d8b8b19fb at term 1 for appendEntries, leader elected after 5208ms
2019-07-16 15:48:21,623 INFO  impl.RaftServerImpl (ServerState.java:setLeader(263)) - 65ee548d-8fb1-4c1c-b22d-f30af36245e1:group-A89E1C811B5D change Leader from null to 0012b277-f3b4-4574-b854-c69d8b8b19fb at term 1 for appendEntries, leader elected after 5211ms
2019-07-16 15:48:21,625 INFO  impl.RaftServerImpl (ServerState.java:setRaftConf(361)) - 9d91b821-e7e1-46c7-b6f6-1164e13f3480:group-A89E1C811B5D set configuration 0: [0012b277-f3b4-4574-b854-c69d8b8b19fb:192.168.69.88:37142, 65ee548d-8fb1-4c1c-b22d-f30af36245e1:192.168.69.88:43636, 9d91b821-e7e1-46c7-b6f6-1164e13f3480:192.168.69.88:38860], old=null at 0
2019-07-16 15:48:21,626 INFO  impl.RaftServerImpl (ServerState.java:setRaftConf(361)) - 65ee548d-8fb1-4c1c-b22d-f30af36245e1:group-A89E1C811B5D set configuration 0: [0012b277-f3b4-4574-b854-c69d8b8b19fb:192.168.69.88:37142, 65ee548d-8fb1-4c1c-b22d-f30af36245e1:192.168.69.88:43636, 9d91b821-e7e1-46c7-b6f6-1164e13f3480:192.168.69.88:38860], old=null at 0
2019-07-16 15:48:21,626 INFO  segmented.SegmentedRaftLogWorker (SegmentedRaftLogWorker.java:startLogSegment(380)) - 9d91b821-e7e1-46c7-b6f6-1164e13f3480-SegmentedRaftLogWorker:Storage Directory /workdir/hadoop-ozone/integration-test/target/test-dir/MiniOzoneClusterImpl-c1940adc-6af1-4c55-8112-2db52ffdf5e5/datanode-4/data/ratis/ecd1cbcd-26fe-4bec-87ee-a89e1c811b5d: Starting segment from index:0
2019-07-16 15:48:21,626 INFO  segmented.SegmentedRaftLogWorker (SegmentedRaftLogWorker.java:startLogSegment(380)) - 65ee548d-8fb1-4c1c-b22d-f30af36245e1-SegmentedRaftLogWorker:Storage Directory /workdir/hadoop-ozone/integration-test/target/test-dir/MiniOzoneClusterImpl-c1940adc-6af1-4c55-8112-2db52ffdf5e5/datanode-6/data/ratis/ecd1cbcd-26fe-4bec-87ee-a89e1c811b5d: Starting segment from index:0
2019-07-16 15:48:21,649 INFO  segmented.SegmentedRaftLogWorker (SegmentedRaftLogWorker.java:execute(569)) - 9d91b821-e7e1-46c7-b6f6-1164e13f3480-SegmentedRaftLogWorker:Storage Directory /workdir/hadoop-ozone/integration-test/target/test-dir/MiniOzoneClusterImpl-c1940adc-6af1-4c55-8112-2db52ffdf5e5/datanode-4/data/ratis/ecd1cbcd-26fe-4bec-87ee-a89e1c811b5d: created new log segment /workdir/hadoop-ozone/integration-test/target/test-dir/MiniOzoneClusterImpl-c1940adc-6af1-4c55-8112-2db52ffdf5e5/datanode-4/data/ratis/ecd1cbcd-26fe-4bec-87ee-a89e1c811b5d/current/log_inprogress_0
2019-07-16 15:48:21,649 INFO  segmented.SegmentedRaftLogWorker (SegmentedRaftLogWorker.java:execute(569)) - 65ee548d-8fb1-4c1c-b22d-f30af36245e1-SegmentedRaftLogWorker:Storage Directory /workdir/hadoop-ozone/integration-test/target/test-dir/MiniOzoneClusterImpl-c1940adc-6af1-4c55-8112-2db52ffdf5e5/datanode-6/data/ratis/ecd1cbcd-26fe-4bec-87ee-a89e1c811b5d: created new log segment /workdir/hadoop-ozone/integration-test/target/test-dir/MiniOzoneClusterImpl-c1940adc-6af1-4c55-8112-2db52ffdf5e5/datanode-6/data/ratis/ecd1cbcd-26fe-4bec-87ee-a89e1c811b5d/current/log_inprogress_0
2019-07-16 15:48:21,684 INFO  impl.FollowerState (FollowerState.java:run(106)) - 1d1b07ec-03fa-4bb8-b188-d93c3579ab11:group-E9C2226AA990 changes to CANDIDATE, lastRpcTime:5182, electionTimeout:5182ms
2019-07-16 15:48:21,685 INFO  impl.RoleInfo (RoleInfo.java:shutdownFollowerState(121)) - 1d1b07ec-03fa-4bb8-b188-d93c3579ab11: shutdown FollowerState
2019-07-16 15:48:21,685 INFO  impl.RaftServerImpl (RaftServerImpl.java:setRole(171)) - 1d1b07ec-03fa-4bb8-b188-d93c3579ab11:group-E9C2226AA990 changes role from FOLLOWER to CANDIDATE at term 0 for changeToCandidate
2019-07-16 15:48:21,685 INFO  impl.RoleInfo (RoleInfo.java:updateAndGet(143)) - 1d1b07ec-03fa-4bb8-b188-d93c3579ab11: start LeaderElection
2019-07-16 15:48:21,703 INFO  impl.LeaderElection (LeaderElection.java:askForVotes(181)) - 1d1b07ec-03fa-4bb8-b188-d93c3579ab11:group-E9C2226AA990:LeaderElection16: begin an election at term 1 for -1: [1d1b07ec-03fa-4bb8-b188-d93c3579ab11:192.168.69.88:41363], old=null
2019-07-16 15:48:21,703 INFO  impl.RoleInfo (RoleInfo.java:shutdownLeaderElection(134)) - 1d1b07ec-03fa-4bb8-b188-d93c3579ab11: shutdown LeaderElection
2019-07-16 15:48:21,703 INFO  impl.RaftServerImpl (RaftServerImpl.java:setRole(171)) - 1d1b07ec-03fa-4bb8-b188-d93c3579ab11:group-E9C2226AA990 changes role from CANDIDATE to LEADER at term 1 for changeToLeader
2019-07-16 15:48:21,703 INFO  impl.RaftServerImpl (ServerState.java:setLeader(263)) - 1d1b07ec-03fa-4bb8-b188-d93c3579ab11:group-E9C2226AA990 change Leader from null to 1d1b07ec-03fa-4bb8-b188-d93c3579ab11 at term 1 for becomeLeader, leader elected after 5204ms
2019-07-16 15:48:21,707 INFO  server.RaftServerConfigKeys (ConfUtils.java:logGet(43)) - raft.server.staging.catchup.gap = 1000 (default)
2019-07-16 15:48:21,707 INFO  server.RaftServerConfigKeys (ConfUtils.java:logGet(43)) - raft.server.rpc.sleep.time = 25ms (default)
2019-07-16 15:48:21,707 INFO  server.RaftServerConfigKeys (ConfUtils.java:logGet(43)) - raft.server.write.element-limit = 4096 (default)
2019-07-16 15:48:21,707 INFO  server.RaftServerConfigKeys (ConfUtils.java:logGet(43)) - raft.server.watch.timeout = 10s (default)
2019-07-16 15:48:21,707 INFO  server.RaftServerConfigKeys (ConfUtils.java:logGet(43)) - raft.server.watch.timeout.denomination = 1s (default)
2019-07-16 15:48:21,707 INFO  server.RaftServerConfigKeys (ConfUtils.java:logGet(43)) - raft.server.watch.element-limit = 65536 (default)
2019-07-16 15:48:21,707 INFO  impl.RoleInfo (RoleInfo.java:updateAndGet(143)) - 1d1b07ec-03fa-4bb8-b188-d93c3579ab11: start LeaderState
2019-07-16 15:48:21,707 INFO  segmented.SegmentedRaftLogWorker (SegmentedRaftLogWorker.java:startLogSegment(380)) - 1d1b07ec-03fa-4bb8-b188-d93c3579ab11-SegmentedRaftLogWorker:Storage Directory /workdir/hadoop-ozone/integration-test/target/test-dir/MiniOzoneClusterImpl-c1940adc-6af1-4c55-8112-2db52ffdf5e5/datanode-9/data/ratis/8226ce79-79a4-4f22-a2d4-e9c2226aa990: Starting segment from index:0
2019-07-16 15:48:21,708 INFO  impl.RaftServerImpl (ServerState.java:setRaftConf(361)) - 1d1b07ec-03fa-4bb8-b188-d93c3579ab11:group-E9C2226AA990 set configuration 0: [1d1b07ec-03fa-4bb8-b188-d93c3579ab11:192.168.69.88:41363], old=null at 0
2019-07-16 15:48:21,728 INFO  segmented.SegmentedRaftLogWorker (SegmentedRaftLogWorker.java:execute(569)) - 1d1b07ec-03fa-4bb8-b188-d93c3579ab11-SegmentedRaftLogWorker:Storage Directory /workdir/hadoop-ozone/integration-test/target/test-dir/MiniOzoneClusterImpl-c1940adc-6af1-4c55-8112-2db52ffdf5e5/datanode-9/data/ratis/8226ce79-79a4-4f22-a2d4-e9c2226aa990: created new log segment /workdir/hadoop-ozone/integration-test/target/test-dir/MiniOzoneClusterImpl-c1940adc-6af1-4c55-8112-2db52ffdf5e5/datanode-9/data/ratis/8226ce79-79a4-4f22-a2d4-e9c2226aa990/current/log_inprogress_0
2019-07-16 15:48:21,799 INFO  keyvalue.KeyValueHandler (ContainerUtils.java:logAndReturnError(146)) - Operation: CreateContainer : Trace ID: 1113346a022d5b28:1113346a022d5b28:0:0 : Message: Container creation failed, due to disk out of space : Result: DISK_OUT_OF_SPACE
15:48:21.816 [pool-115-thread-1] ERROR DNAudit - user=null | ip=null | op=WRITE_CHUNK {blockData=conID: 2 locID: 102451911037288451 bcsId: 0} | ret=FAILURE
org.apache.hadoop.hdds.scm.container.common.helpers.StorageContainerException: ContainerID 2 creation failed
	at org.apache.hadoop.ozone.container.common.impl.HddsDispatcher.dispatchRequest(HddsDispatcher.java:227) ~[hadoop-hdds-container-service-0.5.0-SNAPSHOT.jar:?]
	at org.apache.hadoop.ozone.container.common.impl.HddsDispatcher.dispatch(HddsDispatcher.java:148) ~[hadoop-hdds-container-service-0.5.0-SNAPSHOT.jar:?]
	at org.apache.hadoop.ozone.container.common.transport.server.ratis.ContainerStateMachine.dispatchCommand(ContainerStateMachine.java:358) ~[hadoop-hdds-container-service-0.5.0-SNAPSHOT.jar:?]
	at org.apache.hadoop.ozone.container.common.transport.server.ratis.ContainerStateMachine.runCommand(ContainerStateMachine.java:365) ~[hadoop-hdds-container-service-0.5.0-SNAPSHOT.jar:?]
	at org.apache.hadoop.ozone.container.common.transport.server.ratis.ContainerStateMachine.lambda$handleWriteChunk$0(ContainerStateMachine.java:396) ~[hadoop-hdds-container-service-0.5.0-SNAPSHOT.jar:?]
	at java.util.concurrent.CompletableFuture$AsyncSupply.run(CompletableFuture.java:1590) [?:1.8.0_212]
	at java.util.concurrent.ThreadPoolExecutor.runWorker(ThreadPoolExecutor.java:1149) [?:1.8.0_212]
	at java.util.concurrent.ThreadPoolExecutor$Worker.run(ThreadPoolExecutor.java:624) [?:1.8.0_212]
	at java.lang.Thread.run(Thread.java:748) [?:1.8.0_212]
2019-07-16 15:48:21,830 INFO  impl.HddsDispatcher (ContainerUtils.java:logAndReturnError(146)) - Operation: WriteChunk : Trace ID: 1113346a022d5b28:1113346a022d5b28:0:0 : Message: ContainerID 2 creation failed : Result: DISK_OUT_OF_SPACE
2019-07-16 15:48:21,887 INFO  client.GrpcClientProtocolClient (GrpcClientProtocolClient.java:onNext(255)) - client-F9484D0A6D18->0012b277-f3b4-4574-b854-c69d8b8b19fb: receive RaftClientReply:client-F9484D0A6D18->0012b277-f3b4-4574-b854-c69d8b8b19fb@group-A89E1C811B5D, cid=19, SUCCESS, logIndex=1, commits[0012b277-f3b4-4574-b854-c69d8b8b19fb:c1, 65ee548d-8fb1-4c1c-b22d-f30af36245e1:c-1, 9d91b821-e7e1-46c7-b6f6-1164e13f3480:c0]
15:48:21.889 [pool-118-thread-1] ERROR DNAudit - user=null | ip=null | op=WRITE_CHUNK {blockData=conID: 2 locID: 102451911037288451 bcsId: 0} | ret=FAILURE
org.apache.hadoop.hdds.scm.container.common.helpers.StorageContainerException: ContainerID 2 does not exist
	at org.apache.hadoop.ozone.container.common.impl.HddsDispatcher.dispatchRequest(HddsDispatcher.java:242) ~[hadoop-hdds-container-service-0.5.0-SNAPSHOT.jar:?]
	at org.apache.hadoop.ozone.container.common.impl.HddsDispatcher.dispatch(HddsDispatcher.java:148) ~[hadoop-hdds-container-service-0.5.0-SNAPSHOT.jar:?]
	at org.apache.hadoop.ozone.container.common.transport.server.ratis.ContainerStateMachine.dispatchCommand(ContainerStateMachine.java:358) ~[hadoop-hdds-container-service-0.5.0-SNAPSHOT.jar:?]
	at org.apache.hadoop.ozone.container.common.transport.server.ratis.ContainerStateMachine.runCommand(ContainerStateMachine.java:365) ~[hadoop-hdds-container-service-0.5.0-SNAPSHOT.jar:?]
	at org.apache.hadoop.ozone.container.common.transport.server.ratis.ContainerStateMachine.lambda$applyTransaction$5(ContainerStateMachine.java:631) ~[hadoop-hdds-container-service-0.5.0-SNAPSHOT.jar:?]
	at java.util.concurrent.CompletableFuture$AsyncSupply.run(CompletableFuture.java:1590) [?:1.8.0_212]
	at java.util.concurrent.ThreadPoolExecutor.runWorker(ThreadPoolExecutor.java:1149) [?:1.8.0_212]
	at java.util.concurrent.ThreadPoolExecutor$Worker.run(ThreadPoolExecutor.java:624) [?:1.8.0_212]
	at java.lang.Thread.run(Thread.java:748) [?:1.8.0_212]
2019-07-16 15:48:21,890 INFO  impl.HddsDispatcher (ContainerUtils.java:logAndReturnError(146)) - Operation: WriteChunk : Trace ID: 1113346a022d5b28:1113346a022d5b28:0:0 : Message: ContainerID 2 does not exist : Result: CONTAINER_NOT_FOUND
2019-07-16 15:48:21,944 INFO  keyvalue.KeyValueHandler (ContainerUtils.java:logAndReturnError(146)) - Operation: CreateContainer : Trace ID: 65899dca7b3bc8e8:65899dca7b3bc8e8:0:0 : Message: Container creation failed, due to disk out of space : Result: DISK_OUT_OF_SPACE
15:48:21.947 [pool-115-thread-2] ERROR DNAudit - user=null | ip=null | op=WRITE_CHUNK {blockData=conID: 2 locID: 102451911037288451 bcsId: 0} | ret=FAILURE
org.apache.hadoop.hdds.scm.container.common.helpers.StorageContainerException: ContainerID 2 creation failed
	at org.apache.hadoop.ozone.container.common.impl.HddsDispatcher.dispatchRequest(HddsDispatcher.java:227) ~[hadoop-hdds-container-service-0.5.0-SNAPSHOT.jar:?]
	at org.apache.hadoop.ozone.container.common.impl.HddsDispatcher.dispatch(HddsDispatcher.java:148) ~[hadoop-hdds-container-service-0.5.0-SNAPSHOT.jar:?]
	at org.apache.hadoop.ozone.container.common.transport.server.ratis.ContainerStateMachine.dispatchCommand(ContainerStateMachine.java:358) ~[hadoop-hdds-container-service-0.5.0-SNAPSHOT.jar:?]
	at org.apache.hadoop.ozone.container.common.transport.server.ratis.ContainerStateMachine.runCommand(ContainerStateMachine.java:365) ~[hadoop-hdds-container-service-0.5.0-SNAPSHOT.jar:?]
	at org.apache.hadoop.ozone.container.common.transport.server.ratis.ContainerStateMachine.lambda$handleWriteChunk$0(ContainerStateMachine.java:396) ~[hadoop-hdds-container-service-0.5.0-SNAPSHOT.jar:?]
	at java.util.concurrent.CompletableFuture$AsyncSupply.run(CompletableFuture.java:1590) [?:1.8.0_212]
	at java.util.concurrent.ThreadPoolExecutor.runWorker(ThreadPoolExecutor.java:1149) [?:1.8.0_212]
	at java.util.concurrent.ThreadPoolExecutor$Worker.run(ThreadPoolExecutor.java:624) [?:1.8.0_212]
	at java.lang.Thread.run(Thread.java:748) [?:1.8.0_212]
2019-07-16 15:48:21,948 INFO  impl.HddsDispatcher (ContainerUtils.java:logAndReturnError(146)) - Operation: WriteChunk : Trace ID: 65899dca7b3bc8e8:65899dca7b3bc8e8:0:0 : Message: ContainerID 2 creation failed : Result: DISK_OUT_OF_SPACE
15:48:21.964 [pool-118-thread-1] ERROR DNAudit - user=null | ip=null | op=PUT_BLOCK {blockData=[blockId=conID: 2 locID: 102451911037288451 bcsId: 0,size=1048576]} | ret=FAILURE
org.apache.hadoop.hdds.scm.container.common.helpers.StorageContainerException: ContainerID 2 does not exist
	at org.apache.hadoop.ozone.container.common.impl.HddsDispatcher.dispatchRequest(HddsDispatcher.java:242) ~[hadoop-hdds-container-service-0.5.0-SNAPSHOT.jar:?]
	at org.apache.hadoop.ozone.container.common.impl.HddsDispatcher.dispatch(HddsDispatcher.java:148) ~[hadoop-hdds-container-service-0.5.0-SNAPSHOT.jar:?]
	at org.apache.hadoop.ozone.container.common.transport.server.ratis.ContainerStateMachine.dispatchCommand(ContainerStateMachine.java:358) ~[hadoop-hdds-container-service-0.5.0-SNAPSHOT.jar:?]
	at org.apache.hadoop.ozone.container.common.transport.server.ratis.ContainerStateMachine.runCommand(ContainerStateMachine.java:365) ~[hadoop-hdds-container-service-0.5.0-SNAPSHOT.jar:?]
	at org.apache.hadoop.ozone.container.common.transport.server.ratis.ContainerStateMachine.lambda$applyTransaction$5(ContainerStateMachine.java:631) ~[hadoop-hdds-container-service-0.5.0-SNAPSHOT.jar:?]
	at java.util.concurrent.CompletableFuture$AsyncSupply.run(CompletableFuture.java:1590) [?:1.8.0_212]
	at java.util.concurrent.ThreadPoolExecutor.runWorker(ThreadPoolExecutor.java:1149) [?:1.8.0_212]
	at java.util.concurrent.ThreadPoolExecutor$Worker.run(ThreadPoolExecutor.java:624) [?:1.8.0_212]
	at java.lang.Thread.run(Thread.java:748) [?:1.8.0_212]
2019-07-16 15:48:21,965 INFO  impl.HddsDispatcher (ContainerUtils.java:logAndReturnError(146)) - Operation: PutBlock : Trace ID: ff47da7a5b5d44dc:ff47da7a5b5d44dc:0:0 : Message: ContainerID 2 does not exist : Result: CONTAINER_NOT_FOUND
15:48:21.976 [pool-118-thread-1] ERROR DNAudit - user=null | ip=null | op=WRITE_CHUNK {blockData=conID: 2 locID: 102451911037288451 bcsId: 0} | ret=FAILURE
org.apache.hadoop.hdds.scm.container.common.helpers.StorageContainerException: ContainerID 2 does not exist
	at org.apache.hadoop.ozone.container.common.impl.HddsDispatcher.dispatchRequest(HddsDispatcher.java:242) ~[hadoop-hdds-container-service-0.5.0-SNAPSHOT.jar:?]
	at org.apache.hadoop.ozone.container.common.impl.HddsDispatcher.dispatch(HddsDispatcher.java:148) ~[hadoop-hdds-container-service-0.5.0-SNAPSHOT.jar:?]
	at org.apache.hadoop.ozone.container.common.transport.server.ratis.ContainerStateMachine.dispatchCommand(ContainerStateMachine.java:358) ~[hadoop-hdds-container-service-0.5.0-SNAPSHOT.jar:?]
	at org.apache.hadoop.ozone.container.common.transport.server.ratis.ContainerStateMachine.runCommand(ContainerStateMachine.java:365) ~[hadoop-hdds-container-service-0.5.0-SNAPSHOT.jar:?]
	at org.apache.hadoop.ozone.container.common.transport.server.ratis.ContainerStateMachine.lambda$applyTransaction$5(ContainerStateMachine.java:631) ~[hadoop-hdds-container-service-0.5.0-SNAPSHOT.jar:?]
	at java.util.concurrent.CompletableFuture$AsyncSupply.run(CompletableFuture.java:1590) [?:1.8.0_212]
	at java.util.concurrent.ThreadPoolExecutor.runWorker(ThreadPoolExecutor.java:1149) [?:1.8.0_212]
	at java.util.concurrent.ThreadPoolExecutor$Worker.run(ThreadPoolExecutor.java:624) [?:1.8.0_212]
	at java.lang.Thread.run(Thread.java:748) [?:1.8.0_212]
2019-07-16 15:48:21,976 INFO  impl.HddsDispatcher (ContainerUtils.java:logAndReturnError(146)) - Operation: WriteChunk : Trace ID: 65899dca7b3bc8e8:65899dca7b3bc8e8:0:0 : Message: ContainerID 2 does not exist : Result: CONTAINER_NOT_FOUND
15:48:21.979 [pool-118-thread-1] ERROR DNAudit - user=null | ip=null | op=PUT_BLOCK {blockData=[blockId=conID: 2 locID: 102451911037288451 bcsId: 0,size=2097152]} | ret=FAILURE
org.apache.hadoop.hdds.scm.container.common.helpers.StorageContainerException: ContainerID 2 does not exist
	at org.apache.hadoop.ozone.container.common.impl.HddsDispatcher.dispatchRequest(HddsDispatcher.java:242) ~[hadoop-hdds-container-service-0.5.0-SNAPSHOT.jar:?]
	at org.apache.hadoop.ozone.container.common.impl.HddsDispatcher.dispatch(HddsDispatcher.java:148) ~[hadoop-hdds-container-service-0.5.0-SNAPSHOT.jar:?]
	at org.apache.hadoop.ozone.container.common.transport.server.ratis.ContainerStateMachine.dispatchCommand(ContainerStateMachine.java:358) ~[hadoop-hdds-container-service-0.5.0-SNAPSHOT.jar:?]
	at org.apache.hadoop.ozone.container.common.transport.server.ratis.ContainerStateMachine.runCommand(ContainerStateMachine.java:365) ~[hadoop-hdds-container-service-0.5.0-SNAPSHOT.jar:?]
	at org.apache.hadoop.ozone.container.common.transport.server.ratis.ContainerStateMachine.lambda$applyTransaction$5(ContainerStateMachine.java:631) ~[hadoop-hdds-container-service-0.5.0-SNAPSHOT.jar:?]
	at java.util.concurrent.CompletableFuture$AsyncSupply.run(CompletableFuture.java:1590) [?:1.8.0_212]
	at java.util.concurrent.ThreadPoolExecutor.runWorker(ThreadPoolExecutor.java:1149) [?:1.8.0_212]
	at java.util.concurrent.ThreadPoolExecutor$Worker.run(ThreadPoolExecutor.java:624) [?:1.8.0_212]
	at java.lang.Thread.run(Thread.java:748) [?:1.8.0_212]
2019-07-16 15:48:21,979 INFO  impl.HddsDispatcher (ContainerUtils.java:logAndReturnError(146)) - Operation: PutBlock : Trace ID: 49e3a2844309cac2:49e3a2844309cac2:0:0 : Message: ContainerID 2 does not exist : Result: CONTAINER_NOT_FOUND
2019-07-16 15:48:22,018 INFO  client.GrpcClientProtocolClient (GrpcClientProtocolClient.java:onNext(255)) - client-F9484D0A6D18->0012b277-f3b4-4574-b854-c69d8b8b19fb: receive RaftClientReply:client-F9484D0A6D18->0012b277-f3b4-4574-b854-c69d8b8b19fb@group-A89E1C811B5D, cid=20, SUCCESS, logIndex=3, commits[0012b277-f3b4-4574-b854-c69d8b8b19fb:c7, 65ee548d-8fb1-4c1c-b22d-f30af36245e1:c6, 9d91b821-e7e1-46c7-b6f6-1164e13f3480:c6]
2019-07-16 15:48:22,020 INFO  client.GrpcClientProtocolClient (GrpcClientProtocolClient.java:onNext(255)) - client-F9484D0A6D18->0012b277-f3b4-4574-b854-c69d8b8b19fb: receive RaftClientReply:client-F9484D0A6D18->0012b277-f3b4-4574-b854-c69d8b8b19fb@group-A89E1C811B5D, cid=21, SUCCESS, logIndex=4, commits[0012b277-f3b4-4574-b854-c69d8b8b19fb:c7, 65ee548d-8fb1-4c1c-b22d-f30af36245e1:c6, 9d91b821-e7e1-46c7-b6f6-1164e13f3480:c6]
2019-07-16 15:48:22,063 INFO  client.GrpcClientProtocolClient (GrpcClientProtocolClient.java:onNext(255)) - client-F9484D0A6D18->0012b277-f3b4-4574-b854-c69d8b8b19fb: receive RaftClientReply:client-F9484D0A6D18->0012b277-f3b4-4574-b854-c69d8b8b19fb@group-A89E1C811B5D, cid=22, SUCCESS, logIndex=5, commits[0012b277-f3b4-4574-b854-c69d8b8b19fb:c7, 65ee548d-8fb1-4c1c-b22d-f30af36245e1:c6, 9d91b821-e7e1-46c7-b6f6-1164e13f3480:c6]
2019-07-16 15:48:22,100 INFO  keyvalue.KeyValueHandler (ContainerUtils.java:logAndReturnError(146)) - Operation: CreateContainer : Trace ID: 87624b38a3227b52:87624b38a3227b52:0:0 : Message: Container creation failed, due to disk out of space : Result: DISK_OUT_OF_SPACE
15:48:22.102 [pool-115-thread-3] ERROR DNAudit - user=null | ip=null | op=WRITE_CHUNK {blockData=conID: 2 locID: 102451911037288451 bcsId: 5} | ret=FAILURE
org.apache.hadoop.hdds.scm.container.common.helpers.StorageContainerException: ContainerID 2 creation failed
	at org.apache.hadoop.ozone.container.common.impl.HddsDispatcher.dispatchRequest(HddsDispatcher.java:227) ~[hadoop-hdds-container-service-0.5.0-SNAPSHOT.jar:?]
	at org.apache.hadoop.ozone.container.common.impl.HddsDispatcher.dispatch(HddsDispatcher.java:148) ~[hadoop-hdds-container-service-0.5.0-SNAPSHOT.jar:?]
	at org.apache.hadoop.ozone.container.common.transport.server.ratis.ContainerStateMachine.dispatchCommand(ContainerStateMachine.java:358) ~[hadoop-hdds-container-service-0.5.0-SNAPSHOT.jar:?]
	at org.apache.hadoop.ozone.container.common.transport.server.ratis.ContainerStateMachine.runCommand(ContainerStateMachine.java:365) ~[hadoop-hdds-container-service-0.5.0-SNAPSHOT.jar:?]
	at org.apache.hadoop.ozone.container.common.transport.server.ratis.ContainerStateMachine.lambda$handleWriteChunk$0(ContainerStateMachine.java:396) ~[hadoop-hdds-container-service-0.5.0-SNAPSHOT.jar:?]
	at java.util.concurrent.CompletableFuture$AsyncSupply.run(CompletableFuture.java:1590) [?:1.8.0_212]
	at java.util.concurrent.ThreadPoolExecutor.runWorker(ThreadPoolExecutor.java:1149) [?:1.8.0_212]
	at java.util.concurrent.ThreadPoolExecutor$Worker.run(ThreadPoolExecutor.java:624) [?:1.8.0_212]
	at java.lang.Thread.run(Thread.java:748) [?:1.8.0_212]
2019-07-16 15:48:22,102 INFO  impl.HddsDispatcher (ContainerUtils.java:logAndReturnError(146)) - Operation: WriteChunk : Trace ID: 87624b38a3227b52:87624b38a3227b52:0:0 : Message: ContainerID 2 creation failed : Result: DISK_OUT_OF_SPACE
2019-07-16 15:48:22,113 INFO  keyvalue.KeyValueHandler (ContainerUtils.java:logAndReturnError(146)) - Operation: CreateContainer : Trace ID: 105aefaa2e14b86f:105aefaa2e14b86f:0:0 : Message: Container creation failed, due to disk out of space : Result: DISK_OUT_OF_SPACE
15:48:22.113 [pool-115-thread-4] ERROR DNAudit - user=null | ip=null | op=WRITE_CHUNK {blockData=conID: 2 locID: 102451911037288451 bcsId: 5} | ret=FAILURE
org.apache.hadoop.hdds.scm.container.common.helpers.StorageContainerException: ContainerID 2 creation failed
	at org.apache.hadoop.ozone.container.common.impl.HddsDispatcher.dispatchRequest(HddsDispatcher.java:227) ~[hadoop-hdds-container-service-0.5.0-SNAPSHOT.jar:?]
	at org.apache.hadoop.ozone.container.common.impl.HddsDispatcher.dispatch(HddsDispatcher.java:148) ~[hadoop-hdds-container-service-0.5.0-SNAPSHOT.jar:?]
	at org.apache.hadoop.ozone.container.common.transport.server.ratis.ContainerStateMachine.dispatchCommand(ContainerStateMachine.java:358) ~[hadoop-hdds-container-service-0.5.0-SNAPSHOT.jar:?]
	at org.apache.hadoop.ozone.container.common.transport.server.ratis.ContainerStateMachine.runCommand(ContainerStateMachine.java:365) ~[hadoop-hdds-container-service-0.5.0-SNAPSHOT.jar:?]
	at org.apache.hadoop.ozone.container.common.transport.server.ratis.ContainerStateMachine.lambda$handleWriteChunk$0(ContainerStateMachine.java:396) ~[hadoop-hdds-container-service-0.5.0-SNAPSHOT.jar:?]
	at java.util.concurrent.CompletableFuture$AsyncSupply.run(CompletableFuture.java:1590) [?:1.8.0_212]
	at java.util.concurrent.ThreadPoolExecutor.runWorker(ThreadPoolExecutor.java:1149) [?:1.8.0_212]
	at java.util.concurrent.ThreadPoolExecutor$Worker.run(ThreadPoolExecutor.java:624) [?:1.8.0_212]
	at java.lang.Thread.run(Thread.java:748) [?:1.8.0_212]
2019-07-16 15:48:22,113 INFO  impl.HddsDispatcher (ContainerUtils.java:logAndReturnError(146)) - Operation: WriteChunk : Trace ID: 105aefaa2e14b86f:105aefaa2e14b86f:0:0 : Message: ContainerID 2 creation failed : Result: DISK_OUT_OF_SPACE
2019-07-16 15:48:22,125 INFO  client.GrpcClientProtocolClient (GrpcClientProtocolClient.java:onNext(255)) - client-F9484D0A6D18->0012b277-f3b4-4574-b854-c69d8b8b19fb: receive RaftClientReply:client-F9484D0A6D18->0012b277-f3b4-4574-b854-c69d8b8b19fb@group-A89E1C811B5D, cid=23, SUCCESS, logIndex=8, commits[0012b277-f3b4-4574-b854-c69d8b8b19fb:c10, 65ee548d-8fb1-4c1c-b22d-f30af36245e1:c7, 9d91b821-e7e1-46c7-b6f6-1164e13f3480:c7]
2019-07-16 15:48:22,131 INFO  client.GrpcClientProtocolClient (GrpcClientProtocolClient.java:onNext(255)) - client-F9484D0A6D18->0012b277-f3b4-4574-b854-c69d8b8b19fb: receive RaftClientReply:client-F9484D0A6D18->0012b277-f3b4-4574-b854-c69d8b8b19fb@group-A89E1C811B5D, cid=24, SUCCESS, logIndex=9, commits[0012b277-f3b4-4574-b854-c69d8b8b19fb:c11, 65ee548d-8fb1-4c1c-b22d-f30af36245e1:c7, 9d91b821-e7e1-46c7-b6f6-1164e13f3480:c7]
2019-07-16 15:48:22,132 INFO  client.GrpcClientProtocolClient (GrpcClientProtocolClient.java:onNext(255)) - client-F9484D0A6D18->0012b277-f3b4-4574-b854-c69d8b8b19fb: receive RaftClientReply:client-F9484D0A6D18->0012b277-f3b4-4574-b854-c69d8b8b19fb@group-A89E1C811B5D, cid=25, SUCCESS, logIndex=10, commits[0012b277-f3b4-4574-b854-c69d8b8b19fb:c11, 65ee548d-8fb1-4c1c-b22d-f30af36245e1:c7, 9d91b821-e7e1-46c7-b6f6-1164e13f3480:c7]
15:48:22.132 [pool-118-thread-1] ERROR DNAudit - user=null | ip=null | op=WRITE_CHUNK {blockData=conID: 2 locID: 102451911037288451 bcsId: 5} | ret=FAILURE
org.apache.hadoop.hdds.scm.container.common.helpers.StorageContainerException: ContainerID 2 does not exist
	at org.apache.hadoop.ozone.container.common.impl.HddsDispatcher.dispatchRequest(HddsDispatcher.java:242) ~[hadoop-hdds-container-service-0.5.0-SNAPSHOT.jar:?]
	at org.apache.hadoop.ozone.container.common.impl.HddsDispatcher.dispatch(HddsDispatcher.java:148) ~[hadoop-hdds-container-service-0.5.0-SNAPSHOT.jar:?]
	at org.apache.hadoop.ozone.container.common.transport.server.ratis.ContainerStateMachine.dispatchCommand(ContainerStateMachine.java:358) ~[hadoop-hdds-container-service-0.5.0-SNAPSHOT.jar:?]
	at org.apache.hadoop.ozone.container.common.transport.server.ratis.ContainerStateMachine.runCommand(ContainerStateMachine.java:365) ~[hadoop-hdds-container-service-0.5.0-SNAPSHOT.jar:?]
	at org.apache.hadoop.ozone.container.common.transport.server.ratis.ContainerStateMachine.lambda$applyTransaction$5(ContainerStateMachine.java:631) ~[hadoop-hdds-container-service-0.5.0-SNAPSHOT.jar:?]
	at java.util.concurrent.CompletableFuture$AsyncSupply.run(CompletableFuture.java:1590) [?:1.8.0_212]
	at java.util.concurrent.ThreadPoolExecutor.runWorker(ThreadPoolExecutor.java:1149) [?:1.8.0_212]
	at java.util.concurrent.ThreadPoolExecutor$Worker.run(ThreadPoolExecutor.java:624) [?:1.8.0_212]
	at java.lang.Thread.run(Thread.java:748) [?:1.8.0_212]
2019-07-16 15:48:22,135 INFO  impl.HddsDispatcher (ContainerUtils.java:logAndReturnError(146)) - Operation: WriteChunk : Trace ID: 87624b38a3227b52:87624b38a3227b52:0:0 : Message: ContainerID 2 does not exist : Result: CONTAINER_NOT_FOUND
2019-07-16 15:48:22,136 INFO  client.GrpcClientProtocolClient (GrpcClientProtocolClient.java:onNext(255)) - client-F9484D0A6D18->0012b277-f3b4-4574-b854-c69d8b8b19fb: receive RaftClientReply:client-F9484D0A6D18->0012b277-f3b4-4574-b854-c69d8b8b19fb@group-A89E1C811B5D, cid=26, SUCCESS, logIndex=11, commits[0012b277-f3b4-4574-b854-c69d8b8b19fb:c12, 65ee548d-8fb1-4c1c-b22d-f30af36245e1:c7, 9d91b821-e7e1-46c7-b6f6-1164e13f3480:c8]
15:48:22.136 [pool-118-thread-1] ERROR DNAudit - user=null | ip=null | op=PUT_BLOCK {blockData=[blockId=conID: 2 locID: 102451911037288451 bcsId: 0,size=3145728]} | ret=FAILURE
org.apache.hadoop.hdds.scm.container.common.helpers.StorageContainerException: ContainerID 2 does not exist
	at org.apache.hadoop.ozone.container.common.impl.HddsDispatcher.dispatchRequest(HddsDispatcher.java:242) ~[hadoop-hdds-container-service-0.5.0-SNAPSHOT.jar:?]
	at org.apache.hadoop.ozone.container.common.impl.HddsDispatcher.dispatch(HddsDispatcher.java:148) ~[hadoop-hdds-container-service-0.5.0-SNAPSHOT.jar:?]
	at org.apache.hadoop.ozone.container.common.transport.server.ratis.ContainerStateMachine.dispatchCommand(ContainerStateMachine.java:358) ~[hadoop-hdds-container-service-0.5.0-SNAPSHOT.jar:?]
	at org.apache.hadoop.ozone.container.common.transport.server.ratis.ContainerStateMachine.runCommand(ContainerStateMachine.java:365) ~[hadoop-hdds-container-service-0.5.0-SNAPSHOT.jar:?]
	at org.apache.hadoop.ozone.container.common.transport.server.ratis.ContainerStateMachine.lambda$applyTransaction$5(ContainerStateMachine.java:631) ~[hadoop-hdds-container-service-0.5.0-SNAPSHOT.jar:?]
	at java.util.concurrent.CompletableFuture$AsyncSupply.run(CompletableFuture.java:1590) [?:1.8.0_212]
	at java.util.concurrent.ThreadPoolExecutor.runWorker(ThreadPoolExecutor.java:1149) [?:1.8.0_212]
	at java.util.concurrent.ThreadPoolExecutor$Worker.run(ThreadPoolExecutor.java:624) [?:1.8.0_212]
	at java.lang.Thread.run(Thread.java:748) [?:1.8.0_212]
2019-07-16 15:48:22,139 INFO  impl.HddsDispatcher (ContainerUtils.java:logAndReturnError(146)) - Operation: PutBlock : Trace ID: c93f93261b123391:c93f93261b123391:0:0 : Message: ContainerID 2 does not exist : Result: CONTAINER_NOT_FOUND
15:48:22.148 [pool-118-thread-1] ERROR DNAudit - user=null | ip=null | op=WRITE_CHUNK {blockData=conID: 2 locID: 102451911037288451 bcsId: 5} | ret=FAILURE
org.apache.hadoop.hdds.scm.container.common.helpers.StorageContainerException: ContainerID 2 does not exist
	at org.apache.hadoop.ozone.container.common.impl.HddsDispatcher.dispatchRequest(HddsDispatcher.java:242) ~[hadoop-hdds-container-service-0.5.0-SNAPSHOT.jar:?]
	at org.apache.hadoop.ozone.container.common.impl.HddsDispatcher.dispatch(HddsDispatcher.java:148) ~[hadoop-hdds-container-service-0.5.0-SNAPSHOT.jar:?]
	at org.apache.hadoop.ozone.container.common.transport.server.ratis.ContainerStateMachine.dispatchCommand(ContainerStateMachine.java:358) ~[hadoop-hdds-container-service-0.5.0-SNAPSHOT.jar:?]
	at org.apache.hadoop.ozone.container.common.transport.server.ratis.ContainerStateMachine.runCommand(ContainerStateMachine.java:365) ~[hadoop-hdds-container-service-0.5.0-SNAPSHOT.jar:?]
	at org.apache.hadoop.ozone.container.common.transport.server.ratis.ContainerStateMachine.lambda$applyTransaction$5(ContainerStateMachine.java:631) ~[hadoop-hdds-container-service-0.5.0-SNAPSHOT.jar:?]
	at java.util.concurrent.CompletableFuture$AsyncSupply.run(CompletableFuture.java:1590) [?:1.8.0_212]
	at java.util.concurrent.ThreadPoolExecutor.runWorker(ThreadPoolExecutor.java:1149) [?:1.8.0_212]
	at java.util.concurrent.ThreadPoolExecutor$Worker.run(ThreadPoolExecutor.java:624) [?:1.8.0_212]
	at java.lang.Thread.run(Thread.java:748) [?:1.8.0_212]
2019-07-16 15:48:22,148 INFO  impl.HddsDispatcher (ContainerUtils.java:logAndReturnError(146)) - Operation: WriteChunk : Trace ID: 105aefaa2e14b86f:105aefaa2e14b86f:0:0 : Message: ContainerID 2 does not exist : Result: CONTAINER_NOT_FOUND
15:48:22.149 [pool-118-thread-1] ERROR DNAudit - user=null | ip=null | op=PUT_BLOCK {blockData=[blockId=conID: 2 locID: 102451911037288451 bcsId: 0,size=4194304]} | ret=FAILURE
org.apache.hadoop.hdds.scm.container.common.helpers.StorageContainerException: ContainerID 2 does not exist
	at org.apache.hadoop.ozone.container.common.impl.HddsDispatcher.dispatchRequest(HddsDispatcher.java:242) ~[hadoop-hdds-container-service-0.5.0-SNAPSHOT.jar:?]
	at org.apache.hadoop.ozone.container.common.impl.HddsDispatcher.dispatch(HddsDispatcher.java:148) ~[hadoop-hdds-container-service-0.5.0-SNAPSHOT.jar:?]
	at org.apache.hadoop.ozone.container.common.transport.server.ratis.ContainerStateMachine.dispatchCommand(ContainerStateMachine.java:358) ~[hadoop-hdds-container-service-0.5.0-SNAPSHOT.jar:?]
	at org.apache.hadoop.ozone.container.common.transport.server.ratis.ContainerStateMachine.runCommand(ContainerStateMachine.java:365) ~[hadoop-hdds-container-service-0.5.0-SNAPSHOT.jar:?]
	at org.apache.hadoop.ozone.container.common.transport.server.ratis.ContainerStateMachine.lambda$applyTransaction$5(ContainerStateMachine.java:631) ~[hadoop-hdds-container-service-0.5.0-SNAPSHOT.jar:?]
	at java.util.concurrent.CompletableFuture$AsyncSupply.run(CompletableFuture.java:1590) [?:1.8.0_212]
	at java.util.concurrent.ThreadPoolExecutor.runWorker(ThreadPoolExecutor.java:1149) [?:1.8.0_212]
	at java.util.concurrent.ThreadPoolExecutor$Worker.run(ThreadPoolExecutor.java:624) [?:1.8.0_212]
	at java.lang.Thread.run(Thread.java:748) [?:1.8.0_212]
2019-07-16 15:48:22,149 INFO  impl.HddsDispatcher (ContainerUtils.java:logAndReturnError(146)) - Operation: PutBlock : Trace ID: fc55c74513df3667:fc55c74513df3667:0:0 : Message: ContainerID 2 does not exist : Result: CONTAINER_NOT_FOUND
2019-07-16 15:48:22,166 INFO  client.GrpcClientProtocolClient (GrpcClientProtocolClient.java:onNext(255)) - client-F9484D0A6D18->0012b277-f3b4-4574-b854-c69d8b8b19fb: receive RaftClientReply:client-F9484D0A6D18->0012b277-f3b4-4574-b854-c69d8b8b19fb@group-A89E1C811B5D, cid=27, SUCCESS, logIndex=0, commits[0012b277-f3b4-4574-b854-c69d8b8b19fb:c15, 65ee548d-8fb1-4c1c-b22d-f30af36245e1:c11, 9d91b821-e7e1-46c7-b6f6-1164e13f3480:c11]
2019-07-16 15:48:22,172 INFO  client.GrpcClientProtocolClient (GrpcClientProtocolClient.java:onNext(255)) - client-F9484D0A6D18->0012b277-f3b4-4574-b854-c69d8b8b19fb: receive RaftClientReply:client-F9484D0A6D18->0012b277-f3b4-4574-b854-c69d8b8b19fb@group-A89E1C811B5D, cid=28, SUCCESS, logIndex=0, commits[0012b277-f3b4-4574-b854-c69d8b8b19fb:c15, 65ee548d-8fb1-4c1c-b22d-f30af36245e1:c11, 9d91b821-e7e1-46c7-b6f6-1164e13f3480:c11]
2019-07-16 15:48:22,200 INFO  client.GrpcClientProtocolClient (GrpcClientProtocolClient.java:onNext(255)) - client-EE67CE4768BB->0a708759-2782-4092-b134-8ac35b688ab7: receive RaftClientReply:client-EE67CE4768BB->0a708759-2782-4092-b134-8ac35b688ab7@group-9FD51169A88E, cid=29, FAILED org.apache.ratis.protocol.NotLeaderException: Server 0a708759-2782-4092-b134-8ac35b688ab7 is not the leader (f3483109-d35d-433b-bf93-34fd199d6810:192.168.69.88:38694). Request must be sent to leader., logIndex=0, commits[0a708759-2782-4092-b134-8ac35b688ab7:c0, f3483109-d35d-433b-bf93-34fd199d6810:c0, 8a0d3b31-359f-4824-8682-b81c17485013:c-1]
2019-07-16 15:48:22,397 INFO  client.GrpcClientProtocolClient (GrpcClientProtocolClient.java:onNext(255)) - client-EE67CE4768BB->f3483109-d35d-433b-bf93-34fd199d6810: receive RaftClientReply:client-EE67CE4768BB->f3483109-d35d-433b-bf93-34fd199d6810@group-9FD51169A88E, cid=29, SUCCESS, logIndex=1, commits[f3483109-d35d-433b-bf93-34fd199d6810:c1, 8a0d3b31-359f-4824-8682-b81c17485013:c0, 0a708759-2782-4092-b134-8ac35b688ab7:c0]
2019-07-16 15:48:22,476 INFO  client.GrpcClientProtocolClient (GrpcClientProtocolClient.java:onNext(255)) - client-EE67CE4768BB->f3483109-d35d-433b-bf93-34fd199d6810: receive RaftClientReply:client-EE67CE4768BB->f3483109-d35d-433b-bf93-34fd199d6810@group-9FD51169A88E, cid=30, SUCCESS, logIndex=3, commits[f3483109-d35d-433b-bf93-34fd199d6810:c4, 8a0d3b31-359f-4824-8682-b81c17485013:c3, 0a708759-2782-4092-b134-8ac35b688ab7:c3]
2019-07-16 15:48:22,543 INFO  client.GrpcClientProtocolClient (GrpcClientProtocolClient.java:onNext(255)) - client-AA047B59252E->8e588f5d-198f-4085-a4b0-377dd69d60a6: receive RaftClientReply:client-AA047B59252E->8e588f5d-198f-4085-a4b0-377dd69d60a6@group-62B605DFEF23, cid=31, FAILED org.apache.ratis.protocol.NotLeaderException: Server 8e588f5d-198f-4085-a4b0-377dd69d60a6 is not the leader (null). Request must be sent to leader., logIndex=0, commits[8e588f5d-198f-4085-a4b0-377dd69d60a6:c0, 1d1b07ec-03fa-4bb8-b188-d93c3579ab11:c-1, e7026ff3-83d2-41f9-ad85-f875bf217421:c-1]
2019-07-16 15:48:23,588 INFO  client.GrpcClientProtocolClient (GrpcClientProtocolClient.java:onNext(255)) - client-AA047B59252E->1d1b07ec-03fa-4bb8-b188-d93c3579ab11: receive RaftClientReply:client-AA047B59252E->1d1b07ec-03fa-4bb8-b188-d93c3579ab11@group-62B605DFEF23, cid=31, FAILED org.apache.ratis.protocol.NotLeaderException: Server 1d1b07ec-03fa-4bb8-b188-d93c3579ab11 is not the leader (null). Request must be sent to leader., logIndex=0, commits[1d1b07ec-03fa-4bb8-b188-d93c3579ab11:c-1]
2019-07-16 15:48:24,608 INFO  client.GrpcClientProtocolClient (GrpcClientProtocolClient.java:onNext(255)) - client-AA047B59252E->e7026ff3-83d2-41f9-ad85-f875bf217421: receive RaftClientReply:client-AA047B59252E->e7026ff3-83d2-41f9-ad85-f875bf217421@group-62B605DFEF23, cid=31, FAILED org.apache.ratis.protocol.NotLeaderException: Server e7026ff3-83d2-41f9-ad85-f875bf217421 is not the leader (null). Request must be sent to leader., logIndex=0, commits[e7026ff3-83d2-41f9-ad85-f875bf217421:c-1]
2019-07-16 15:48:25,637 INFO  client.GrpcClientProtocolClient (GrpcClientProtocolClient.java:onNext(255)) - client-AA047B59252E->8e588f5d-198f-4085-a4b0-377dd69d60a6: receive RaftClientReply:client-AA047B59252E->8e588f5d-198f-4085-a4b0-377dd69d60a6@group-62B605DFEF23, cid=31, FAILED org.apache.ratis.protocol.NotLeaderException: Server 8e588f5d-198f-4085-a4b0-377dd69d60a6 is not the leader (null). Request must be sent to leader., logIndex=0, commits[8e588f5d-198f-4085-a4b0-377dd69d60a6:c0, 1d1b07ec-03fa-4bb8-b188-d93c3579ab11:c-1, e7026ff3-83d2-41f9-ad85-f875bf217421:c-1]
2019-07-16 15:48:26,663 INFO  client.GrpcClientProtocolClient (GrpcClientProtocolClient.java:onNext(255)) - client-AA047B59252E->e7026ff3-83d2-41f9-ad85-f875bf217421: receive RaftClientReply:client-AA047B59252E->e7026ff3-83d2-41f9-ad85-f875bf217421@group-62B605DFEF23, cid=31, FAILED org.apache.ratis.protocol.NotLeaderException: Server e7026ff3-83d2-41f9-ad85-f875bf217421 is not the leader (null). Request must be sent to leader., logIndex=0, commits[e7026ff3-83d2-41f9-ad85-f875bf217421:c-1]
2019-07-16 15:48:26,682 INFO  impl.FollowerState (FollowerState.java:run(106)) - e7026ff3-83d2-41f9-ad85-f875bf217421:group-62B605DFEF23 changes to CANDIDATE, lastRpcTime:5197, electionTimeout:5196ms
2019-07-16 15:48:26,683 INFO  impl.RoleInfo (RoleInfo.java:shutdownFollowerState(121)) - e7026ff3-83d2-41f9-ad85-f875bf217421: shutdown FollowerState
2019-07-16 15:48:26,683 INFO  impl.RaftServerImpl (RaftServerImpl.java:setRole(171)) - e7026ff3-83d2-41f9-ad85-f875bf217421:group-62B605DFEF23 changes role from FOLLOWER to CANDIDATE at term 2 for changeToCandidate
2019-07-16 15:48:26,683 INFO  impl.RoleInfo (RoleInfo.java:updateAndGet(143)) - e7026ff3-83d2-41f9-ad85-f875bf217421: start LeaderElection
2019-07-16 15:48:26,697 INFO  impl.FollowerState (FollowerState.java:run(106)) - 1d1b07ec-03fa-4bb8-b188-d93c3579ab11:group-62B605DFEF23 changes to CANDIDATE, lastRpcTime:5122, electionTimeout:5122ms
2019-07-16 15:48:26,697 INFO  impl.RoleInfo (RoleInfo.java:shutdownFollowerState(121)) - 1d1b07ec-03fa-4bb8-b188-d93c3579ab11: shutdown FollowerState
2019-07-16 15:48:26,697 INFO  impl.RaftServerImpl (RaftServerImpl.java:setRole(171)) - 1d1b07ec-03fa-4bb8-b188-d93c3579ab11:group-62B605DFEF23 changes role from FOLLOWER to CANDIDATE at term 2 for changeToCandidate
2019-07-16 15:48:26,698 INFO  impl.RoleInfo (RoleInfo.java:updateAndGet(143)) - 1d1b07ec-03fa-4bb8-b188-d93c3579ab11: start LeaderElection
2019-07-16 15:48:26,699 INFO  impl.LeaderElection (LeaderElection.java:askForVotes(181)) - e7026ff3-83d2-41f9-ad85-f875bf217421:group-62B605DFEF23:LeaderElection17: begin an election at term 3 for -1: [8e588f5d-198f-4085-a4b0-377dd69d60a6:192.168.69.88:35871, 1d1b07ec-03fa-4bb8-b188-d93c3579ab11:192.168.69.88:41363, e7026ff3-83d2-41f9-ad85-f875bf217421:192.168.69.88:46081], old=null
2019-07-16 15:48:26,705 INFO  impl.RaftServerImpl (RaftServerImpl.java:setRole(171)) - 8e588f5d-198f-4085-a4b0-377dd69d60a6:group-62B605DFEF23 changes role from FOLLOWER to FOLLOWER at term 3 for recognizeCandidate:e7026ff3-83d2-41f9-ad85-f875bf217421
2019-07-16 15:48:26,712 INFO  impl.RoleInfo (RoleInfo.java:shutdownFollowerState(121)) - 8e588f5d-198f-4085-a4b0-377dd69d60a6: shutdown FollowerState
2019-07-16 15:48:26,713 INFO  impl.RoleInfo (RoleInfo.java:updateAndGet(143)) - 8e588f5d-198f-4085-a4b0-377dd69d60a6: start FollowerState
2019-07-16 15:48:26,713 INFO  impl.FollowerState (FollowerState.java:run(114)) - 8e588f5d-198f-4085-a4b0-377dd69d60a6: FollowerState was interrupted: java.lang.InterruptedException: sleep interrupted
2019-07-16 15:48:26,720 INFO  impl.LeaderElection (LeaderElection.java:askForVotes(181)) - 1d1b07ec-03fa-4bb8-b188-d93c3579ab11:group-62B605DFEF23:LeaderElection18: begin an election at term 3 for -1: [8e588f5d-198f-4085-a4b0-377dd69d60a6:192.168.69.88:35871, 1d1b07ec-03fa-4bb8-b188-d93c3579ab11:192.168.69.88:41363, e7026ff3-83d2-41f9-ad85-f875bf217421:192.168.69.88:46081], old=null
2019-07-16 15:48:26,723 INFO  impl.LeaderElection (LeaderElection.java:logAndReturn(56)) - e7026ff3-83d2-41f9-ad85-f875bf217421:group-62B605DFEF23:LeaderElection17: Election REJECTED; received 2 response(s) [e7026ff3-83d2-41f9-ad85-f875bf217421<-8e588f5d-198f-4085-a4b0-377dd69d60a6#0:FAIL-t3, e7026ff3-83d2-41f9-ad85-f875bf217421<-1d1b07ec-03fa-4bb8-b188-d93c3579ab11#0:FAIL-t3] and 0 exception(s); e7026ff3-83d2-41f9-ad85-f875bf217421:t3, leader=null, voted=e7026ff3-83d2-41f9-ad85-f875bf217421, raftlog=e7026ff3-83d2-41f9-ad85-f875bf217421-SegmentedRaftLog:OPENED:c-1,f-1,i0, conf=-1: [8e588f5d-198f-4085-a4b0-377dd69d60a6:192.168.69.88:35871, 1d1b07ec-03fa-4bb8-b188-d93c3579ab11:192.168.69.88:41363, e7026ff3-83d2-41f9-ad85-f875bf217421:192.168.69.88:46081], old=null
2019-07-16 15:48:26,723 INFO  impl.RaftServerImpl (RaftServerImpl.java:setRole(171)) - e7026ff3-83d2-41f9-ad85-f875bf217421:group-62B605DFEF23 changes role from CANDIDATE to FOLLOWER at term 3 for DISCOVERED_A_NEW_TERM
2019-07-16 15:48:26,726 INFO  impl.RoleInfo (RoleInfo.java:shutdownLeaderElection(134)) - e7026ff3-83d2-41f9-ad85-f875bf217421: shutdown LeaderElection
2019-07-16 15:48:26,727 INFO  impl.RoleInfo (RoleInfo.java:updateAndGet(143)) - e7026ff3-83d2-41f9-ad85-f875bf217421: start FollowerState
2019-07-16 15:48:26,729 INFO  impl.RaftServerImpl (RaftServerImpl.java:setRole(171)) - 8e588f5d-198f-4085-a4b0-377dd69d60a6:group-62B605DFEF23 changes role from FOLLOWER to FOLLOWER at term 3 for recognizeCandidate:1d1b07ec-03fa-4bb8-b188-d93c3579ab11
2019-07-16 15:48:26,730 INFO  impl.RoleInfo (RoleInfo.java:shutdownFollowerState(121)) - 8e588f5d-198f-4085-a4b0-377dd69d60a6: shutdown FollowerState
2019-07-16 15:48:26,730 INFO  impl.RoleInfo (RoleInfo.java:updateAndGet(143)) - 8e588f5d-198f-4085-a4b0-377dd69d60a6: start FollowerState
2019-07-16 15:48:26,730 INFO  impl.FollowerState (FollowerState.java:run(114)) - 8e588f5d-198f-4085-a4b0-377dd69d60a6: FollowerState was interrupted: java.lang.InterruptedException: sleep interrupted
2019-07-16 15:48:26,733 INFO  impl.LeaderElection (LeaderElection.java:logAndReturn(56)) - 1d1b07ec-03fa-4bb8-b188-d93c3579ab11:group-62B605DFEF23:LeaderElection18: Election REJECTED; received 2 response(s) [1d1b07ec-03fa-4bb8-b188-d93c3579ab11<-8e588f5d-198f-4085-a4b0-377dd69d60a6#0:FAIL-t3, 1d1b07ec-03fa-4bb8-b188-d93c3579ab11<-e7026ff3-83d2-41f9-ad85-f875bf217421#0:FAIL-t3] and 0 exception(s); 1d1b07ec-03fa-4bb8-b188-d93c3579ab11:t3, leader=null, voted=1d1b07ec-03fa-4bb8-b188-d93c3579ab11, raftlog=1d1b07ec-03fa-4bb8-b188-d93c3579ab11-SegmentedRaftLog:OPENED:c-1,f-1,i0, conf=-1: [8e588f5d-198f-4085-a4b0-377dd69d60a6:192.168.69.88:35871, 1d1b07ec-03fa-4bb8-b188-d93c3579ab11:192.168.69.88:41363, e7026ff3-83d2-41f9-ad85-f875bf217421:192.168.69.88:46081], old=null
2019-07-16 15:48:26,733 INFO  impl.RaftServerImpl (RaftServerImpl.java:setRole(171)) - 1d1b07ec-03fa-4bb8-b188-d93c3579ab11:group-62B605DFEF23 changes role from CANDIDATE to FOLLOWER at term 3 for DISCOVERED_A_NEW_TERM
2019-07-16 15:48:26,734 INFO  impl.RoleInfo (RoleInfo.java:shutdownLeaderElection(134)) - 1d1b07ec-03fa-4bb8-b188-d93c3579ab11: shutdown LeaderElection
2019-07-16 15:48:26,734 INFO  impl.RoleInfo (RoleInfo.java:updateAndGet(143)) - 1d1b07ec-03fa-4bb8-b188-d93c3579ab11: start FollowerState
2019-07-16 15:48:27,679 INFO  client.GrpcClientProtocolClient (GrpcClientProtocolClient.java:onNext(255)) - client-AA047B59252E->8e588f5d-198f-4085-a4b0-377dd69d60a6: receive RaftClientReply:client-AA047B59252E->8e588f5d-198f-4085-a4b0-377dd69d60a6@group-62B605DFEF23, cid=31, FAILED org.apache.ratis.protocol.NotLeaderException: Server 8e588f5d-198f-4085-a4b0-377dd69d60a6 is not the leader (null). Request must be sent to leader., logIndex=0, commits[8e588f5d-198f-4085-a4b0-377dd69d60a6:c0, 1d1b07ec-03fa-4bb8-b188-d93c3579ab11:c-1, e7026ff3-83d2-41f9-ad85-f875bf217421:c-1]
2019-07-16 15:48:28,695 INFO  client.GrpcClientProtocolClient (GrpcClientProtocolClient.java:onNext(255)) - client-AA047B59252E->1d1b07ec-03fa-4bb8-b188-d93c3579ab11: receive RaftClientReply:client-AA047B59252E->1d1b07ec-03fa-4bb8-b188-d93c3579ab11@group-62B605DFEF23, cid=31, FAILED org.apache.ratis.protocol.NotLeaderException: Server 1d1b07ec-03fa-4bb8-b188-d93c3579ab11 is not the leader (null). Request must be sent to leader., logIndex=0, commits[1d1b07ec-03fa-4bb8-b188-d93c3579ab11:c-1]
2019-07-16 15:48:29,567 INFO  kms-audit (SimpleKMSAuditLogger.java:logAuditEvent(59)) - OK[op=GENERATE_EEK, key=key1, user=jenkins1000, accessCount=1, interval=10921ms] 
2019-07-16 15:48:29,568 INFO  kms-audit (SimpleKMSAuditLogger.java:logAuditEvent(59)) - OK[op=DECRYPT_EEK, key=key1, user=jenkins1000, accessCount=2, interval=10610ms] 
2019-07-16 15:48:29,712 INFO  client.GrpcClientProtocolClient (GrpcClientProtocolClient.java:onNext(255)) - client-AA047B59252E->8e588f5d-198f-4085-a4b0-377dd69d60a6: receive RaftClientReply:client-AA047B59252E->8e588f5d-198f-4085-a4b0-377dd69d60a6@group-62B605DFEF23, cid=31, FAILED org.apache.ratis.protocol.NotLeaderException: Server 8e588f5d-198f-4085-a4b0-377dd69d60a6 is not the leader (null). Request must be sent to leader., logIndex=0, commits[8e588f5d-198f-4085-a4b0-377dd69d60a6:c0, 1d1b07ec-03fa-4bb8-b188-d93c3579ab11:c-1, e7026ff3-83d2-41f9-ad85-f875bf217421:c-1]
2019-07-16 15:48:30,731 INFO  client.GrpcClientProtocolClient (GrpcClientProtocolClient.java:onNext(255)) - client-AA047B59252E->e7026ff3-83d2-41f9-ad85-f875bf217421: receive RaftClientReply:client-AA047B59252E->e7026ff3-83d2-41f9-ad85-f875bf217421@group-62B605DFEF23, cid=31, FAILED org.apache.ratis.protocol.NotLeaderException: Server e7026ff3-83d2-41f9-ad85-f875bf217421 is not the leader (null). Request must be sent to leader., logIndex=0, commits[e7026ff3-83d2-41f9-ad85-f875bf217421:c-1]
2019-07-16 15:48:31,751 INFO  client.GrpcClientProtocolClient (GrpcClientProtocolClient.java:onNext(255)) - client-AA047B59252E->1d1b07ec-03fa-4bb8-b188-d93c3579ab11: receive RaftClientReply:client-AA047B59252E->1d1b07ec-03fa-4bb8-b188-d93c3579ab11@group-62B605DFEF23, cid=31, FAILED org.apache.ratis.protocol.NotLeaderException: Server 1d1b07ec-03fa-4bb8-b188-d93c3579ab11 is not the leader (null). Request must be sent to leader., logIndex=0, commits[1d1b07ec-03fa-4bb8-b188-d93c3579ab11:c-1]
2019-07-16 15:48:31,763 INFO  impl.FollowerState (FollowerState.java:run(106)) - e7026ff3-83d2-41f9-ad85-f875bf217421:group-62B605DFEF23 changes to CANDIDATE, lastRpcTime:5036, electionTimeout:5034ms
2019-07-16 15:48:31,763 INFO  impl.RoleInfo (RoleInfo.java:shutdownFollowerState(121)) - e7026ff3-83d2-41f9-ad85-f875bf217421: shutdown FollowerState
2019-07-16 15:48:31,763 INFO  impl.RaftServerImpl (RaftServerImpl.java:setRole(171)) - e7026ff3-83d2-41f9-ad85-f875bf217421:group-62B605DFEF23 changes role from FOLLOWER to CANDIDATE at term 3 for changeToCandidate
2019-07-16 15:48:31,763 INFO  impl.RoleInfo (RoleInfo.java:updateAndGet(143)) - e7026ff3-83d2-41f9-ad85-f875bf217421: start LeaderElection
2019-07-16 15:48:31,765 INFO  impl.FollowerState (FollowerState.java:run(106)) - 8e588f5d-198f-4085-a4b0-377dd69d60a6:group-62B605DFEF23 changes to CANDIDATE, lastRpcTime:5035, electionTimeout:5032ms
2019-07-16 15:48:31,765 INFO  impl.RoleInfo (RoleInfo.java:shutdownFollowerState(121)) - 8e588f5d-198f-4085-a4b0-377dd69d60a6: shutdown FollowerState
2019-07-16 15:48:31,765 INFO  impl.RaftServerImpl (RaftServerImpl.java:setRole(171)) - 8e588f5d-198f-4085-a4b0-377dd69d60a6:group-62B605DFEF23 changes role from FOLLOWER to CANDIDATE at term 3 for changeToCandidate
2019-07-16 15:48:31,765 INFO  impl.RoleInfo (RoleInfo.java:updateAndGet(143)) - 8e588f5d-198f-4085-a4b0-377dd69d60a6: start LeaderElection
2019-07-16 15:48:31,789 INFO  impl.FollowerState (FollowerState.java:run(106)) - 1d1b07ec-03fa-4bb8-b188-d93c3579ab11:group-62B605DFEF23 changes to CANDIDATE, lastRpcTime:5054, electionTimeout:5053ms
2019-07-16 15:48:31,789 INFO  impl.RoleInfo (RoleInfo.java:shutdownFollowerState(121)) - 1d1b07ec-03fa-4bb8-b188-d93c3579ab11: shutdown FollowerState
2019-07-16 15:48:31,789 INFO  impl.RaftServerImpl (RaftServerImpl.java:setRole(171)) - 1d1b07ec-03fa-4bb8-b188-d93c3579ab11:group-62B605DFEF23 changes role from FOLLOWER to CANDIDATE at term 3 for changeToCandidate
2019-07-16 15:48:31,789 INFO  impl.RoleInfo (RoleInfo.java:updateAndGet(143)) - 1d1b07ec-03fa-4bb8-b188-d93c3579ab11: start LeaderElection
2019-07-16 15:48:31,792 INFO  impl.LeaderElection (LeaderElection.java:askForVotes(181)) - 8e588f5d-198f-4085-a4b0-377dd69d60a6:group-62B605DFEF23:LeaderElection20: begin an election at term 4 for 0: [8e588f5d-198f-4085-a4b0-377dd69d60a6:192.168.69.88:35871, 1d1b07ec-03fa-4bb8-b188-d93c3579ab11:192.168.69.88:41363, e7026ff3-83d2-41f9-ad85-f875bf217421:192.168.69.88:46081], old=null
2019-07-16 15:48:31,792 INFO  impl.LeaderElection (LeaderElection.java:askForVotes(181)) - e7026ff3-83d2-41f9-ad85-f875bf217421:group-62B605DFEF23:LeaderElection19: begin an election at term 4 for -1: [8e588f5d-198f-4085-a4b0-377dd69d60a6:192.168.69.88:35871, 1d1b07ec-03fa-4bb8-b188-d93c3579ab11:192.168.69.88:41363, e7026ff3-83d2-41f9-ad85-f875bf217421:192.168.69.88:46081], old=null
2019-07-16 15:48:31,804 INFO  impl.LeaderElection (LeaderElection.java:askForVotes(181)) - 1d1b07ec-03fa-4bb8-b188-d93c3579ab11:group-62B605DFEF23:LeaderElection21: begin an election at term 4 for -1: [8e588f5d-198f-4085-a4b0-377dd69d60a6:192.168.69.88:35871, 1d1b07ec-03fa-4bb8-b188-d93c3579ab11:192.168.69.88:41363, e7026ff3-83d2-41f9-ad85-f875bf217421:192.168.69.88:46081], old=null
2019-07-16 15:48:31,806 INFO  impl.LeaderElection (LeaderElection.java:logAndReturn(56)) - e7026ff3-83d2-41f9-ad85-f875bf217421:group-62B605DFEF23:LeaderElection19: Election REJECTED; received 2 response(s) [e7026ff3-83d2-41f9-ad85-f875bf217421<-8e588f5d-198f-4085-a4b0-377dd69d60a6#0:FAIL-t4, e7026ff3-83d2-41f9-ad85-f875bf217421<-1d1b07ec-03fa-4bb8-b188-d93c3579ab11#0:FAIL-t4] and 0 exception(s); e7026ff3-83d2-41f9-ad85-f875bf217421:t4, leader=null, voted=e7026ff3-83d2-41f9-ad85-f875bf217421, raftlog=e7026ff3-83d2-41f9-ad85-f875bf217421-SegmentedRaftLog:OPENED:c-1,f-1,i0, conf=-1: [8e588f5d-198f-4085-a4b0-377dd69d60a6:192.168.69.88:35871, 1d1b07ec-03fa-4bb8-b188-d93c3579ab11:192.168.69.88:41363, e7026ff3-83d2-41f9-ad85-f875bf217421:192.168.69.88:46081], old=null
2019-07-16 15:48:31,806 INFO  impl.LeaderElection (LeaderElection.java:logAndReturn(56)) - 8e588f5d-198f-4085-a4b0-377dd69d60a6:group-62B605DFEF23:LeaderElection20: Election REJECTED; received 2 response(s) [8e588f5d-198f-4085-a4b0-377dd69d60a6<-1d1b07ec-03fa-4bb8-b188-d93c3579ab11#0:FAIL-t4, 8e588f5d-198f-4085-a4b0-377dd69d60a6<-e7026ff3-83d2-41f9-ad85-f875bf217421#0:FAIL-t4] and 0 exception(s); 8e588f5d-198f-4085-a4b0-377dd69d60a6:t4, leader=null, voted=8e588f5d-198f-4085-a4b0-377dd69d60a6, raftlog=8e588f5d-198f-4085-a4b0-377dd69d60a6-SegmentedRaftLog:OPENED:c0,f0,i0, conf=0: [8e588f5d-198f-4085-a4b0-377dd69d60a6:192.168.69.88:35871, 1d1b07ec-03fa-4bb8-b188-d93c3579ab11:192.168.69.88:41363, e7026ff3-83d2-41f9-ad85-f875bf217421:192.168.69.88:46081], old=null
2019-07-16 15:48:31,806 INFO  impl.RaftServerImpl (RaftServerImpl.java:setRole(171)) - e7026ff3-83d2-41f9-ad85-f875bf217421:group-62B605DFEF23 changes role from CANDIDATE to FOLLOWER at term 4 for DISCOVERED_A_NEW_TERM
2019-07-16 15:48:31,809 INFO  impl.RaftServerImpl (RaftServerImpl.java:setRole(171)) - 8e588f5d-198f-4085-a4b0-377dd69d60a6:group-62B605DFEF23 changes role from CANDIDATE to FOLLOWER at term 4 for DISCOVERED_A_NEW_TERM
2019-07-16 15:48:31,812 INFO  impl.RoleInfo (RoleInfo.java:shutdownLeaderElection(134)) - e7026ff3-83d2-41f9-ad85-f875bf217421: shutdown LeaderElection
2019-07-16 15:48:31,812 INFO  impl.RoleInfo (RoleInfo.java:shutdownLeaderElection(134)) - 8e588f5d-198f-4085-a4b0-377dd69d60a6: shutdown LeaderElection
2019-07-16 15:48:31,812 INFO  impl.RoleInfo (RoleInfo.java:updateAndGet(143)) - e7026ff3-83d2-41f9-ad85-f875bf217421: start FollowerState
2019-07-16 15:48:31,812 INFO  impl.RoleInfo (RoleInfo.java:updateAndGet(143)) - 8e588f5d-198f-4085-a4b0-377dd69d60a6: start FollowerState
2019-07-16 15:48:31,817 INFO  impl.LeaderElection (LeaderElection.java:logAndReturn(56)) - 1d1b07ec-03fa-4bb8-b188-d93c3579ab11:group-62B605DFEF23:LeaderElection21: Election REJECTED; received 2 response(s) [1d1b07ec-03fa-4bb8-b188-d93c3579ab11<-8e588f5d-198f-4085-a4b0-377dd69d60a6#0:FAIL-t4, 1d1b07ec-03fa-4bb8-b188-d93c3579ab11<-e7026ff3-83d2-41f9-ad85-f875bf217421#0:FAIL-t4] and 0 exception(s); 1d1b07ec-03fa-4bb8-b188-d93c3579ab11:t4, leader=null, voted=1d1b07ec-03fa-4bb8-b188-d93c3579ab11, raftlog=1d1b07ec-03fa-4bb8-b188-d93c3579ab11-SegmentedRaftLog:OPENED:c-1,f-1,i0, conf=-1: [8e588f5d-198f-4085-a4b0-377dd69d60a6:192.168.69.88:35871, 1d1b07ec-03fa-4bb8-b188-d93c3579ab11:192.168.69.88:41363, e7026ff3-83d2-41f9-ad85-f875bf217421:192.168.69.88:46081], old=null
2019-07-16 15:48:31,817 INFO  impl.RaftServerImpl (RaftServerImpl.java:setRole(171)) - 1d1b07ec-03fa-4bb8-b188-d93c3579ab11:group-62B605DFEF23 changes role from CANDIDATE to FOLLOWER at term 4 for DISCOVERED_A_NEW_TERM
2019-07-16 15:48:31,819 INFO  impl.RoleInfo (RoleInfo.java:shutdownLeaderElection(134)) - 1d1b07ec-03fa-4bb8-b188-d93c3579ab11: shutdown LeaderElection
2019-07-16 15:48:31,819 INFO  impl.RoleInfo (RoleInfo.java:updateAndGet(143)) - 1d1b07ec-03fa-4bb8-b188-d93c3579ab11: start FollowerState
2019-07-16 15:48:32,768 INFO  client.GrpcClientProtocolClient (GrpcClientProtocolClient.java:onNext(255)) - client-AA047B59252E->e7026ff3-83d2-41f9-ad85-f875bf217421: receive RaftClientReply:client-AA047B59252E->e7026ff3-83d2-41f9-ad85-f875bf217421@group-62B605DFEF23, cid=31, FAILED org.apache.ratis.protocol.NotLeaderException: Server e7026ff3-83d2-41f9-ad85-f875bf217421 is not the leader (null). Request must be sent to leader., logIndex=0, commits[e7026ff3-83d2-41f9-ad85-f875bf217421:c-1]
2019-07-16 15:48:33,787 INFO  client.GrpcClientProtocolClient (GrpcClientProtocolClient.java:onNext(255)) - client-AA047B59252E->8e588f5d-198f-4085-a4b0-377dd69d60a6: receive RaftClientReply:client-AA047B59252E->8e588f5d-198f-4085-a4b0-377dd69d60a6@group-62B605DFEF23, cid=31, FAILED org.apache.ratis.protocol.NotLeaderException: Server 8e588f5d-198f-4085-a4b0-377dd69d60a6 is not the leader (null). Request must be sent to leader., logIndex=0, commits[8e588f5d-198f-4085-a4b0-377dd69d60a6:c0, 1d1b07ec-03fa-4bb8-b188-d93c3579ab11:c-1, e7026ff3-83d2-41f9-ad85-f875bf217421:c-1]
2019-07-16 15:48:34,803 INFO  client.GrpcClientProtocolClient (GrpcClientProtocolClient.java:onNext(255)) - client-AA047B59252E->1d1b07ec-03fa-4bb8-b188-d93c3579ab11: receive RaftClientReply:client-AA047B59252E->1d1b07ec-03fa-4bb8-b188-d93c3579ab11@group-62B605DFEF23, cid=31, FAILED org.apache.ratis.protocol.NotLeaderException: Server 1d1b07ec-03fa-4bb8-b188-d93c3579ab11 is not the leader (null). Request must be sent to leader., logIndex=0, commits[1d1b07ec-03fa-4bb8-b188-d93c3579ab11:c-1]
2019-07-16 15:48:35,821 INFO  client.GrpcClientProtocolClient (GrpcClientProtocolClient.java:onNext(255)) - client-AA047B59252E->8e588f5d-198f-4085-a4b0-377dd69d60a6: receive RaftClientReply:client-AA047B59252E->8e588f5d-198f-4085-a4b0-377dd69d60a6@group-62B605DFEF23, cid=31, FAILED org.apache.ratis.protocol.NotLeaderException: Server 8e588f5d-198f-4085-a4b0-377dd69d60a6 is not the leader (null). Request must be sent to leader., logIndex=0, commits[8e588f5d-198f-4085-a4b0-377dd69d60a6:c0, 1d1b07ec-03fa-4bb8-b188-d93c3579ab11:c-1, e7026ff3-83d2-41f9-ad85-f875bf217421:c-1]
2019-07-16 15:48:36,858 INFO  client.GrpcClientProtocolClient (GrpcClientProtocolClient.java:onNext(255)) - client-AA047B59252E->e7026ff3-83d2-41f9-ad85-f875bf217421: receive RaftClientReply:client-AA047B59252E->e7026ff3-83d2-41f9-ad85-f875bf217421@group-62B605DFEF23, cid=31, FAILED org.apache.ratis.protocol.NotLeaderException: Server e7026ff3-83d2-41f9-ad85-f875bf217421 is not the leader (null). Request must be sent to leader., logIndex=0, commits[e7026ff3-83d2-41f9-ad85-f875bf217421:c-1]
2019-07-16 15:48:36,887 INFO  impl.FollowerState (FollowerState.java:run(106)) - 1d1b07ec-03fa-4bb8-b188-d93c3579ab11:group-62B605DFEF23 changes to CANDIDATE, lastRpcTime:5067, electionTimeout:5063ms
2019-07-16 15:48:36,897 INFO  impl.RoleInfo (RoleInfo.java:shutdownFollowerState(121)) - 1d1b07ec-03fa-4bb8-b188-d93c3579ab11: shutdown FollowerState
2019-07-16 15:48:36,898 INFO  impl.RaftServerImpl (RaftServerImpl.java:setRole(171)) - 1d1b07ec-03fa-4bb8-b188-d93c3579ab11:group-62B605DFEF23 changes role from FOLLOWER to CANDIDATE at term 4 for changeToCandidate
2019-07-16 15:48:36,913 INFO  impl.RoleInfo (RoleInfo.java:updateAndGet(143)) - 1d1b07ec-03fa-4bb8-b188-d93c3579ab11: start LeaderElection
2019-07-16 15:48:36,942 INFO  impl.FollowerState (FollowerState.java:run(106)) - 8e588f5d-198f-4085-a4b0-377dd69d60a6:group-62B605DFEF23 changes to CANDIDATE, lastRpcTime:5129, electionTimeout:5126ms
2019-07-16 15:48:36,942 INFO  impl.RoleInfo (RoleInfo.java:shutdownFollowerState(121)) - 8e588f5d-198f-4085-a4b0-377dd69d60a6: shutdown FollowerState
2019-07-16 15:48:36,942 INFO  impl.RaftServerImpl (RaftServerImpl.java:setRole(171)) - 8e588f5d-198f-4085-a4b0-377dd69d60a6:group-62B605DFEF23 changes role from FOLLOWER to CANDIDATE at term 4 for changeToCandidate
2019-07-16 15:48:36,942 INFO  impl.RoleInfo (RoleInfo.java:updateAndGet(143)) - 8e588f5d-198f-4085-a4b0-377dd69d60a6: start LeaderElection
2019-07-16 15:48:36,947 INFO  impl.LeaderElection (LeaderElection.java:askForVotes(181)) - 1d1b07ec-03fa-4bb8-b188-d93c3579ab11:group-62B605DFEF23:LeaderElection22: begin an election at term 5 for -1: [8e588f5d-198f-4085-a4b0-377dd69d60a6:192.168.69.88:35871, 1d1b07ec-03fa-4bb8-b188-d93c3579ab11:192.168.69.88:41363, e7026ff3-83d2-41f9-ad85-f875bf217421:192.168.69.88:46081], old=null
2019-07-16 15:48:36,949 INFO  impl.RaftServerImpl (RaftServerImpl.java:setRole(171)) - e7026ff3-83d2-41f9-ad85-f875bf217421:group-62B605DFEF23 changes role from FOLLOWER to FOLLOWER at term 5 for recognizeCandidate:1d1b07ec-03fa-4bb8-b188-d93c3579ab11
2019-07-16 15:48:36,949 INFO  impl.RoleInfo (RoleInfo.java:shutdownFollowerState(121)) - e7026ff3-83d2-41f9-ad85-f875bf217421: shutdown FollowerState
2019-07-16 15:48:36,949 INFO  impl.RoleInfo (RoleInfo.java:updateAndGet(143)) - e7026ff3-83d2-41f9-ad85-f875bf217421: start FollowerState
2019-07-16 15:48:36,949 INFO  impl.FollowerState (FollowerState.java:run(114)) - e7026ff3-83d2-41f9-ad85-f875bf217421: FollowerState was interrupted: java.lang.InterruptedException: sleep interrupted
2019-07-16 15:48:36,972 INFO  impl.LeaderElection (LeaderElection.java:askForVotes(181)) - 8e588f5d-198f-4085-a4b0-377dd69d60a6:group-62B605DFEF23:LeaderElection23: begin an election at term 5 for 0: [8e588f5d-198f-4085-a4b0-377dd69d60a6:192.168.69.88:35871, 1d1b07ec-03fa-4bb8-b188-d93c3579ab11:192.168.69.88:41363, e7026ff3-83d2-41f9-ad85-f875bf217421:192.168.69.88:46081], old=null
2019-07-16 15:48:36,973 INFO  impl.LeaderElection (LeaderElection.java:logAndReturn(56)) - 1d1b07ec-03fa-4bb8-b188-d93c3579ab11:group-62B605DFEF23:LeaderElection22: Election PASSED; received 2 response(s) [1d1b07ec-03fa-4bb8-b188-d93c3579ab11<-8e588f5d-198f-4085-a4b0-377dd69d60a6#0:FAIL-t5, 1d1b07ec-03fa-4bb8-b188-d93c3579ab11<-e7026ff3-83d2-41f9-ad85-f875bf217421#0:OK-t5] and 0 exception(s); 1d1b07ec-03fa-4bb8-b188-d93c3579ab11:t5, leader=null, voted=1d1b07ec-03fa-4bb8-b188-d93c3579ab11, raftlog=1d1b07ec-03fa-4bb8-b188-d93c3579ab11-SegmentedRaftLog:OPENED:c-1,f-1,i0, conf=-1: [8e588f5d-198f-4085-a4b0-377dd69d60a6:192.168.69.88:35871, 1d1b07ec-03fa-4bb8-b188-d93c3579ab11:192.168.69.88:41363, e7026ff3-83d2-41f9-ad85-f875bf217421:192.168.69.88:46081], old=null
2019-07-16 15:48:36,973 INFO  impl.RoleInfo (RoleInfo.java:shutdownLeaderElection(134)) - 1d1b07ec-03fa-4bb8-b188-d93c3579ab11: shutdown LeaderElection
2019-07-16 15:48:36,975 INFO  impl.RaftServerImpl (RaftServerImpl.java:setRole(171)) - 1d1b07ec-03fa-4bb8-b188-d93c3579ab11:group-62B605DFEF23 changes role from CANDIDATE to LEADER at term 5 for changeToLeader
2019-07-16 15:48:36,977 INFO  impl.RaftServerImpl (ServerState.java:setLeader(263)) - 1d1b07ec-03fa-4bb8-b188-d93c3579ab11:group-62B605DFEF23 change Leader from null to 1d1b07ec-03fa-4bb8-b188-d93c3579ab11 at term 5 for becomeLeader, leader elected after 20666ms
2019-07-16 15:48:36,977 INFO  server.RaftServerConfigKeys (ConfUtils.java:logGet(43)) - raft.server.staging.catchup.gap = 1000 (default)
2019-07-16 15:48:36,977 INFO  server.RaftServerConfigKeys (ConfUtils.java:logGet(43)) - raft.server.rpc.sleep.time = 25ms (default)
2019-07-16 15:48:36,977 INFO  server.RaftServerConfigKeys (ConfUtils.java:logGet(43)) - raft.server.write.element-limit = 4096 (default)
2019-07-16 15:48:36,978 INFO  server.RaftServerConfigKeys (ConfUtils.java:logGet(43)) - raft.server.watch.timeout = 10s (default)
2019-07-16 15:48:36,978 INFO  server.RaftServerConfigKeys (ConfUtils.java:logGet(43)) - raft.server.watch.timeout.denomination = 1s (default)
2019-07-16 15:48:36,978 INFO  server.RaftServerConfigKeys (ConfUtils.java:logGet(43)) - raft.server.watch.element-limit = 65536 (default)
2019-07-16 15:48:36,978 INFO  server.RaftServerConfigKeys (ConfUtils.java:logGet(43)) - raft.server.log.appender.snapshot.chunk.size.max = 16MB (=16777216) (default)
2019-07-16 15:48:36,978 INFO  server.RaftServerConfigKeys (ConfUtils.java:logGet(43)) - raft.server.log.appender.buffer.byte-limit = 33554432 (custom)
2019-07-16 15:48:36,978 INFO  server.RaftServerConfigKeys (ConfUtils.java:logGet(43)) - raft.server.log.appender.buffer.element-limit = 1 (custom)
2019-07-16 15:48:36,979 INFO  grpc.GrpcConfigKeys$Server (ConfUtils.java:logGet(43)) - raft.grpc.server.leader.outstanding.appends.max = 128 (default)
2019-07-16 15:48:36,979 INFO  server.RaftServerConfigKeys (ConfUtils.java:logGet(43)) - raft.server.rpc.request.timeout = 3000ms (default)
2019-07-16 15:48:36,979 INFO  server.RaftServerConfigKeys (ConfUtils.java:logGet(43)) - raft.server.log.appender.install.snapshot.enabled = false (custom)
2019-07-16 15:48:36,979 INFO  server.RaftServerConfigKeys (ConfUtils.java:logGet(43)) - raft.server.log.appender.snapshot.chunk.size.max = 16MB (=16777216) (default)
2019-07-16 15:48:36,979 INFO  server.RaftServerConfigKeys (ConfUtils.java:logGet(43)) - raft.server.log.appender.buffer.byte-limit = 33554432 (custom)
2019-07-16 15:48:36,979 INFO  server.RaftServerConfigKeys (ConfUtils.java:logGet(43)) - raft.server.log.appender.buffer.element-limit = 1 (custom)
2019-07-16 15:48:36,979 INFO  grpc.GrpcConfigKeys$Server (ConfUtils.java:logGet(43)) - raft.grpc.server.leader.outstanding.appends.max = 128 (default)
2019-07-16 15:48:36,979 INFO  server.RaftServerConfigKeys (ConfUtils.java:logGet(43)) - raft.server.rpc.request.timeout = 3000ms (default)
2019-07-16 15:48:36,980 INFO  server.RaftServerConfigKeys (ConfUtils.java:logGet(43)) - raft.server.log.appender.install.snapshot.enabled = false (custom)
2019-07-16 15:48:36,980 INFO  impl.RoleInfo (RoleInfo.java:updateAndGet(143)) - 1d1b07ec-03fa-4bb8-b188-d93c3579ab11: start LeaderState
2019-07-16 15:48:36,980 INFO  segmented.SegmentedRaftLogWorker (SegmentedRaftLogWorker.java:startLogSegment(380)) - 1d1b07ec-03fa-4bb8-b188-d93c3579ab11-SegmentedRaftLogWorker:Storage Directory /workdir/hadoop-ozone/integration-test/target/test-dir/MiniOzoneClusterImpl-c1940adc-6af1-4c55-8112-2db52ffdf5e5/datanode-9/data/ratis/d788d881-4bf9-43af-a1bb-62b605dfef23: Starting segment from index:0
2019-07-16 15:48:36,980 INFO  impl.RaftServerImpl (ServerState.java:setRaftConf(361)) - 1d1b07ec-03fa-4bb8-b188-d93c3579ab11:group-62B605DFEF23 set configuration 0: [8e588f5d-198f-4085-a4b0-377dd69d60a6:192.168.69.88:35871, 1d1b07ec-03fa-4bb8-b188-d93c3579ab11:192.168.69.88:41363, e7026ff3-83d2-41f9-ad85-f875bf217421:192.168.69.88:46081], old=null at 0
2019-07-16 15:48:36,981 INFO  impl.RaftServerImpl (RaftServerImpl.java:requestVote(754)) - 1d1b07ec-03fa-4bb8-b188-d93c3579ab11-LEADER: Withhold vote from candidate 8e588f5d-198f-4085-a4b0-377dd69d60a6 with term 5. State: leader=1d1b07ec-03fa-4bb8-b188-d93c3579ab11, term=5, lastRpcElapsed=null
2019-07-16 15:48:36,995 INFO  impl.RaftServerImpl (RaftServerImpl.java:setRole(171)) - 8e588f5d-198f-4085-a4b0-377dd69d60a6:group-62B605DFEF23 changes role from CANDIDATE to FOLLOWER at term 5 for appendEntries
2019-07-16 15:48:36,995 INFO  impl.RaftServerImpl (ServerState.java:setLeader(263)) - e7026ff3-83d2-41f9-ad85-f875bf217421:group-62B605DFEF23 change Leader from null to 1d1b07ec-03fa-4bb8-b188-d93c3579ab11 at term 5 for appendEntries, leader elected after 20685ms
2019-07-16 15:48:36,995 INFO  impl.LeaderElection (LeaderElection.java:logAndReturn(56)) - 8e588f5d-198f-4085-a4b0-377dd69d60a6:group-62B605DFEF23:LeaderElection23: Election REJECTED; received 2 response(s) [8e588f5d-198f-4085-a4b0-377dd69d60a6<-1d1b07ec-03fa-4bb8-b188-d93c3579ab11#0:FAIL-t5, 8e588f5d-198f-4085-a4b0-377dd69d60a6<-e7026ff3-83d2-41f9-ad85-f875bf217421#0:FAIL-t5] and 0 exception(s); 8e588f5d-198f-4085-a4b0-377dd69d60a6:t5, leader=null, voted=8e588f5d-198f-4085-a4b0-377dd69d60a6, raftlog=8e588f5d-198f-4085-a4b0-377dd69d60a6-SegmentedRaftLog:OPENED:c0,f0,i0, conf=0: [8e588f5d-198f-4085-a4b0-377dd69d60a6:192.168.69.88:35871, 1d1b07ec-03fa-4bb8-b188-d93c3579ab11:192.168.69.88:41363, e7026ff3-83d2-41f9-ad85-f875bf217421:192.168.69.88:46081], old=null
2019-07-16 15:48:36,995 INFO  impl.RoleInfo (RoleInfo.java:shutdownLeaderElection(134)) - 8e588f5d-198f-4085-a4b0-377dd69d60a6: shutdown LeaderElection
2019-07-16 15:48:36,996 INFO  impl.RoleInfo (RoleInfo.java:updateAndGet(143)) - 8e588f5d-198f-4085-a4b0-377dd69d60a6: start FollowerState
2019-07-16 15:48:37,006 INFO  segmented.SegmentedRaftLogWorker (SegmentedRaftLogWorker.java:execute(569)) - 1d1b07ec-03fa-4bb8-b188-d93c3579ab11-SegmentedRaftLogWorker:Storage Directory /workdir/hadoop-ozone/integration-test/target/test-dir/MiniOzoneClusterImpl-c1940adc-6af1-4c55-8112-2db52ffdf5e5/datanode-9/data/ratis/d788d881-4bf9-43af-a1bb-62b605dfef23: created new log segment /workdir/hadoop-ozone/integration-test/target/test-dir/MiniOzoneClusterImpl-c1940adc-6af1-4c55-8112-2db52ffdf5e5/datanode-9/data/ratis/d788d881-4bf9-43af-a1bb-62b605dfef23/current/log_inprogress_0
2019-07-16 15:48:37,007 INFO  impl.RaftServerImpl (ServerState.java:setLeader(263)) - 8e588f5d-198f-4085-a4b0-377dd69d60a6:group-62B605DFEF23 change Leader from null to 1d1b07ec-03fa-4bb8-b188-d93c3579ab11 at term 5 for appendEntries, leader elected after 15429ms
2019-07-16 15:48:37,011 INFO  impl.RaftServerImpl (ServerState.java:setRaftConf(361)) - e7026ff3-83d2-41f9-ad85-f875bf217421:group-62B605DFEF23 set configuration 0: [8e588f5d-198f-4085-a4b0-377dd69d60a6:192.168.69.88:35871, 1d1b07ec-03fa-4bb8-b188-d93c3579ab11:192.168.69.88:41363, e7026ff3-83d2-41f9-ad85-f875bf217421:192.168.69.88:46081], old=null at 0
2019-07-16 15:48:37,011 INFO  segmented.SegmentedRaftLogWorker (SegmentedRaftLogWorker.java:startLogSegment(380)) - e7026ff3-83d2-41f9-ad85-f875bf217421-SegmentedRaftLogWorker:Storage Directory /workdir/hadoop-ozone/integration-test/target/test-dir/MiniOzoneClusterImpl-c1940adc-6af1-4c55-8112-2db52ffdf5e5/datanode-5/data/ratis/d788d881-4bf9-43af-a1bb-62b605dfef23: Starting segment from index:0
2019-07-16 15:48:37,012 INFO  impl.RaftServerImpl (ServerState.java:setRaftConf(361)) - 8e588f5d-198f-4085-a4b0-377dd69d60a6:group-62B605DFEF23 set configuration 0: [8e588f5d-198f-4085-a4b0-377dd69d60a6:192.168.69.88:35871, 1d1b07ec-03fa-4bb8-b188-d93c3579ab11:192.168.69.88:41363, e7026ff3-83d2-41f9-ad85-f875bf217421:192.168.69.88:46081], old=null at 0
2019-07-16 15:48:37,016 INFO  segmented.SegmentedRaftLogWorker (SegmentedRaftLogWorker.java:truncate(396)) - 8e588f5d-198f-4085-a4b0-377dd69d60a6-SegmentedRaftLogWorker:Storage Directory /workdir/hadoop-ozone/integration-test/target/test-dir/MiniOzoneClusterImpl-c1940adc-6af1-4c55-8112-2db52ffdf5e5/datanode-1/data/ratis/d788d881-4bf9-43af-a1bb-62b605dfef23: Truncating segments toTruncate: null
  toDelete: [(0, 0) isOpen? true, length=0, newEndIndex=-1], start index 0
2019-07-16 15:48:37,017 INFO  segmented.SegmentedRaftLogWorker (SegmentedRaftLogWorker.java:startLogSegment(380)) - 8e588f5d-198f-4085-a4b0-377dd69d60a6-SegmentedRaftLogWorker:Storage Directory /workdir/hadoop-ozone/integration-test/target/test-dir/MiniOzoneClusterImpl-c1940adc-6af1-4c55-8112-2db52ffdf5e5/datanode-1/data/ratis/d788d881-4bf9-43af-a1bb-62b605dfef23: Starting segment from index:0
2019-07-16 15:48:37,018 INFO  segmented.SegmentedRaftLogWorker (SegmentedRaftLogWorker.java:execute(633)) - 8e588f5d-198f-4085-a4b0-377dd69d60a6-SegmentedRaftLogWorker:Storage Directory /workdir/hadoop-ozone/integration-test/target/test-dir/MiniOzoneClusterImpl-c1940adc-6af1-4c55-8112-2db52ffdf5e5/datanode-1/data/ratis/d788d881-4bf9-43af-a1bb-62b605dfef23: Deleted log file /workdir/hadoop-ozone/integration-test/target/test-dir/MiniOzoneClusterImpl-c1940adc-6af1-4c55-8112-2db52ffdf5e5/datanode-1/data/ratis/d788d881-4bf9-43af-a1bb-62b605dfef23/current/log_inprogress_0
2019-07-16 15:48:37,018 INFO  segmented.SegmentedRaftLogWorker (SegmentedRaftLogWorker.java:lambda$new$0(132)) - 8e588f5d-198f-4085-a4b0-377dd69d60a6-SegmentedRaftLogWorker:Storage Directory /workdir/hadoop-ozone/integration-test/target/test-dir/MiniOzoneClusterImpl-c1940adc-6af1-4c55-8112-2db52ffdf5e5/datanode-1/data/ratis/d788d881-4bf9-43af-a1bb-62b605dfef23: flushIndex: setUnconditionally 0 -> -1
2019-07-16 15:48:37,035 INFO  segmented.SegmentedRaftLogWorker (SegmentedRaftLogWorker.java:execute(569)) - e7026ff3-83d2-41f9-ad85-f875bf217421-SegmentedRaftLogWorker:Storage Directory /workdir/hadoop-ozone/integration-test/target/test-dir/MiniOzoneClusterImpl-c1940adc-6af1-4c55-8112-2db52ffdf5e5/datanode-5/data/ratis/d788d881-4bf9-43af-a1bb-62b605dfef23: created new log segment /workdir/hadoop-ozone/integration-test/target/test-dir/MiniOzoneClusterImpl-c1940adc-6af1-4c55-8112-2db52ffdf5e5/datanode-5/data/ratis/d788d881-4bf9-43af-a1bb-62b605dfef23/current/log_inprogress_0
2019-07-16 15:48:37,035 INFO  segmented.SegmentedRaftLogWorker (SegmentedRaftLogWorker.java:execute(569)) - 8e588f5d-198f-4085-a4b0-377dd69d60a6-SegmentedRaftLogWorker:Storage Directory /workdir/hadoop-ozone/integration-test/target/test-dir/MiniOzoneClusterImpl-c1940adc-6af1-4c55-8112-2db52ffdf5e5/datanode-1/data/ratis/d788d881-4bf9-43af-a1bb-62b605dfef23: created new log segment /workdir/hadoop-ozone/integration-test/target/test-dir/MiniOzoneClusterImpl-c1940adc-6af1-4c55-8112-2db52ffdf5e5/datanode-1/data/ratis/d788d881-4bf9-43af-a1bb-62b605dfef23/current/log_inprogress_0
2019-07-16 15:48:37,912 INFO  client.GrpcClientProtocolClient (GrpcClientProtocolClient.java:onNext(255)) - client-AA047B59252E->8e588f5d-198f-4085-a4b0-377dd69d60a6: receive RaftClientReply:client-AA047B59252E->8e588f5d-198f-4085-a4b0-377dd69d60a6@group-62B605DFEF23, cid=31, FAILED org.apache.ratis.protocol.NotLeaderException: Server 8e588f5d-198f-4085-a4b0-377dd69d60a6 is not the leader (1d1b07ec-03fa-4bb8-b188-d93c3579ab11:192.168.69.88:41363). Request must be sent to leader., logIndex=0, commits[8e588f5d-198f-4085-a4b0-377dd69d60a6:c0, 1d1b07ec-03fa-4bb8-b188-d93c3579ab11:c-1, e7026ff3-83d2-41f9-ad85-f875bf217421:c-1]
2019-07-16 15:48:38,055 INFO  client.GrpcClientProtocolClient (GrpcClientProtocolClient.java:onNext(255)) - client-AA047B59252E->1d1b07ec-03fa-4bb8-b188-d93c3579ab11: receive RaftClientReply:client-AA047B59252E->1d1b07ec-03fa-4bb8-b188-d93c3579ab11@group-62B605DFEF23, cid=31, SUCCESS, logIndex=1, commits[1d1b07ec-03fa-4bb8-b188-d93c3579ab11:c1, 8e588f5d-198f-4085-a4b0-377dd69d60a6:c0, e7026ff3-83d2-41f9-ad85-f875bf217421:c0]
2019-07-16 15:48:38,163 INFO  client.GrpcClientProtocolClient (GrpcClientProtocolClient.java:onNext(255)) - client-AA047B59252E->1d1b07ec-03fa-4bb8-b188-d93c3579ab11: receive RaftClientReply:client-AA047B59252E->1d1b07ec-03fa-4bb8-b188-d93c3579ab11@group-62B605DFEF23, cid=32, SUCCESS, logIndex=3, commits[1d1b07ec-03fa-4bb8-b188-d93c3579ab11:c8, 8e588f5d-198f-4085-a4b0-377dd69d60a6:c6, e7026ff3-83d2-41f9-ad85-f875bf217421:c5]
2019-07-16 15:48:38,163 INFO  client.GrpcClientProtocolClient (GrpcClientProtocolClient.java:onNext(255)) - client-AA047B59252E->1d1b07ec-03fa-4bb8-b188-d93c3579ab11: receive RaftClientReply:client-AA047B59252E->1d1b07ec-03fa-4bb8-b188-d93c3579ab11@group-62B605DFEF23, cid=33, SUCCESS, logIndex=4, commits[1d1b07ec-03fa-4bb8-b188-d93c3579ab11:c8, 8e588f5d-198f-4085-a4b0-377dd69d60a6:c6, e7026ff3-83d2-41f9-ad85-f875bf217421:c5]
2019-07-16 15:48:38,249 INFO  client.GrpcClientProtocolClient (GrpcClientProtocolClient.java:onNext(255)) - client-AA047B59252E->1d1b07ec-03fa-4bb8-b188-d93c3579ab11: receive RaftClientReply:client-AA047B59252E->1d1b07ec-03fa-4bb8-b188-d93c3579ab11@group-62B605DFEF23, cid=34, SUCCESS, logIndex=5, commits[1d1b07ec-03fa-4bb8-b188-d93c3579ab11:c8, 8e588f5d-198f-4085-a4b0-377dd69d60a6:c6, e7026ff3-83d2-41f9-ad85-f875bf217421:c5]
2019-07-16 15:48:38,414 INFO  client.GrpcClientProtocolClient (GrpcClientProtocolClient.java:onNext(255)) - client-AA047B59252E->1d1b07ec-03fa-4bb8-b188-d93c3579ab11: receive RaftClientReply:client-AA047B59252E->1d1b07ec-03fa-4bb8-b188-d93c3579ab11@group-62B605DFEF23, cid=35, SUCCESS, logIndex=9, commits[1d1b07ec-03fa-4bb8-b188-d93c3579ab11:c10, 8e588f5d-198f-4085-a4b0-377dd69d60a6:c8, e7026ff3-83d2-41f9-ad85-f875bf217421:c8]
2019-07-16 15:48:38,415 INFO  client.GrpcClientProtocolClient (GrpcClientProtocolClient.java:onNext(255)) - client-AA047B59252E->1d1b07ec-03fa-4bb8-b188-d93c3579ab11: receive RaftClientReply:client-AA047B59252E->1d1b07ec-03fa-4bb8-b188-d93c3579ab11@group-62B605DFEF23, cid=36, SUCCESS, logIndex=10, commits[1d1b07ec-03fa-4bb8-b188-d93c3579ab11:c10, 8e588f5d-198f-4085-a4b0-377dd69d60a6:c8, e7026ff3-83d2-41f9-ad85-f875bf217421:c8]
2019-07-16 15:48:38,432 INFO  client.GrpcClientProtocolClient (GrpcClientProtocolClient.java:onNext(255)) - client-AA047B59252E->1d1b07ec-03fa-4bb8-b188-d93c3579ab11: receive RaftClientReply:client-AA047B59252E->1d1b07ec-03fa-4bb8-b188-d93c3579ab11@group-62B605DFEF23, cid=37, SUCCESS, logIndex=11, commits[1d1b07ec-03fa-4bb8-b188-d93c3579ab11:c13, 8e588f5d-198f-4085-a4b0-377dd69d60a6:c10, e7026ff3-83d2-41f9-ad85-f875bf217421:c8]
2019-07-16 15:48:38,438 INFO  client.GrpcClientProtocolClient (GrpcClientProtocolClient.java:onNext(255)) - client-AA047B59252E->1d1b07ec-03fa-4bb8-b188-d93c3579ab11: receive RaftClientReply:client-AA047B59252E->1d1b07ec-03fa-4bb8-b188-d93c3579ab11@group-62B605DFEF23, cid=38, SUCCESS, logIndex=12, commits[1d1b07ec-03fa-4bb8-b188-d93c3579ab11:c14, 8e588f5d-198f-4085-a4b0-377dd69d60a6:c10, e7026ff3-83d2-41f9-ad85-f875bf217421:c8]
2019-07-16 15:48:38,447 INFO  client.GrpcClientProtocolClient (GrpcClientProtocolClient.java:onNext(255)) - client-AA047B59252E->1d1b07ec-03fa-4bb8-b188-d93c3579ab11: receive RaftClientReply:client-AA047B59252E->1d1b07ec-03fa-4bb8-b188-d93c3579ab11@group-62B605DFEF23, cid=39, SUCCESS, logIndex=0, commits[1d1b07ec-03fa-4bb8-b188-d93c3579ab11:c14, 8e588f5d-198f-4085-a4b0-377dd69d60a6:c12, e7026ff3-83d2-41f9-ad85-f875bf217421:c10]
2019-07-16 15:48:38,448 INFO  client.GrpcClientProtocolClient (GrpcClientProtocolClient.java:onNext(255)) - client-AA047B59252E->1d1b07ec-03fa-4bb8-b188-d93c3579ab11: receive RaftClientReply:client-AA047B59252E->1d1b07ec-03fa-4bb8-b188-d93c3579ab11@group-62B605DFEF23, cid=40, SUCCESS, logIndex=0, commits[1d1b07ec-03fa-4bb8-b188-d93c3579ab11:c16, 8e588f5d-198f-4085-a4b0-377dd69d60a6:c12, e7026ff3-83d2-41f9-ad85-f875bf217421:c12]
2019-07-16 15:48:38,469 INFO  client.GrpcClientProtocolClient (GrpcClientProtocolClient.java:onNext(255)) - client-C4A52DC28543->8e588f5d-198f-4085-a4b0-377dd69d60a6: receive RaftClientReply:client-C4A52DC28543->8e588f5d-198f-4085-a4b0-377dd69d60a6@group-62B605DFEF23, cid=41, FAILED org.apache.ratis.protocol.NotLeaderException: Server 8e588f5d-198f-4085-a4b0-377dd69d60a6 is not the leader (1d1b07ec-03fa-4bb8-b188-d93c3579ab11:192.168.69.88:41363). Request must be sent to leader., logIndex=0, commits[8e588f5d-198f-4085-a4b0-377dd69d60a6:c12, 1d1b07ec-03fa-4bb8-b188-d93c3579ab11:c12, e7026ff3-83d2-41f9-ad85-f875bf217421:c8]
2019-07-16 15:48:38,490 INFO  keyvalue.KeyValueHandler (ContainerUtils.java:logAndReturnError(146)) - Operation: CreateContainer : Trace ID: d878a470948877ce:d878a470948877ce:0:0 : Message: Container creation failed, due to disk out of space : Result: DISK_OUT_OF_SPACE
15:48:38.490 [pool-220-thread-13] ERROR DNAudit - user=null | ip=null | op=WRITE_CHUNK {blockData=conID: 5 locID: 102451911229571079 bcsId: 0} | ret=FAILURE
org.apache.hadoop.hdds.scm.container.common.helpers.StorageContainerException: ContainerID 5 creation failed
	at org.apache.hadoop.ozone.container.common.impl.HddsDispatcher.dispatchRequest(HddsDispatcher.java:227) ~[hadoop-hdds-container-service-0.5.0-SNAPSHOT.jar:?]
	at org.apache.hadoop.ozone.container.common.impl.HddsDispatcher.dispatch(HddsDispatcher.java:148) ~[hadoop-hdds-container-service-0.5.0-SNAPSHOT.jar:?]
	at org.apache.hadoop.ozone.container.common.transport.server.ratis.ContainerStateMachine.dispatchCommand(ContainerStateMachine.java:358) ~[hadoop-hdds-container-service-0.5.0-SNAPSHOT.jar:?]
	at org.apache.hadoop.ozone.container.common.transport.server.ratis.ContainerStateMachine.runCommand(ContainerStateMachine.java:365) ~[hadoop-hdds-container-service-0.5.0-SNAPSHOT.jar:?]
	at org.apache.hadoop.ozone.container.common.transport.server.ratis.ContainerStateMachine.lambda$handleWriteChunk$0(ContainerStateMachine.java:396) ~[hadoop-hdds-container-service-0.5.0-SNAPSHOT.jar:?]
	at java.util.concurrent.CompletableFuture$AsyncSupply.run(CompletableFuture.java:1590) [?:1.8.0_212]
	at java.util.concurrent.ThreadPoolExecutor.runWorker(ThreadPoolExecutor.java:1149) [?:1.8.0_212]
	at java.util.concurrent.ThreadPoolExecutor$Worker.run(ThreadPoolExecutor.java:624) [?:1.8.0_212]
	at java.lang.Thread.run(Thread.java:748) [?:1.8.0_212]
2019-07-16 15:48:38,491 INFO  impl.HddsDispatcher (ContainerUtils.java:logAndReturnError(146)) - Operation: WriteChunk : Trace ID: d878a470948877ce:d878a470948877ce:0:0 : Message: ContainerID 5 creation failed : Result: DISK_OUT_OF_SPACE
2019-07-16 15:48:38,504 INFO  keyvalue.KeyValueHandler (ContainerUtils.java:logAndReturnError(146)) - Operation: CreateContainer : Trace ID: d878a470948877ce:d878a470948877ce:0:0 : Message: Container creation failed, due to disk out of space : Result: DISK_OUT_OF_SPACE
2019-07-16 15:48:38,504 INFO  keyvalue.KeyValueHandler (ContainerUtils.java:logAndReturnError(146)) - Operation: CreateContainer : Trace ID: d878a470948877ce:d878a470948877ce:0:0 : Message: Container creation failed, due to disk out of space : Result: DISK_OUT_OF_SPACE
15:48:38.504 [pool-52-thread-5] ERROR DNAudit - user=null | ip=null | op=WRITE_CHUNK {blockData=conID: 5 locID: 102451911229571079 bcsId: 0} | ret=FAILURE
org.apache.hadoop.hdds.scm.container.common.helpers.StorageContainerException: ContainerID 5 creation failed
	at org.apache.hadoop.ozone.container.common.impl.HddsDispatcher.dispatchRequest(HddsDispatcher.java:227) ~[hadoop-hdds-container-service-0.5.0-SNAPSHOT.jar:?]
	at org.apache.hadoop.ozone.container.common.impl.HddsDispatcher.dispatch(HddsDispatcher.java:148) ~[hadoop-hdds-container-service-0.5.0-SNAPSHOT.jar:?]
	at org.apache.hadoop.ozone.container.common.transport.server.ratis.ContainerStateMachine.dispatchCommand(ContainerStateMachine.java:358) ~[hadoop-hdds-container-service-0.5.0-SNAPSHOT.jar:?]
	at org.apache.hadoop.ozone.container.common.transport.server.ratis.ContainerStateMachine.runCommand(ContainerStateMachine.java:365) ~[hadoop-hdds-container-service-0.5.0-SNAPSHOT.jar:?]
	at org.apache.hadoop.ozone.container.common.transport.server.ratis.ContainerStateMachine.lambda$handleWriteChunk$0(ContainerStateMachine.java:396) ~[hadoop-hdds-container-service-0.5.0-SNAPSHOT.jar:?]
	at java.util.concurrent.CompletableFuture$AsyncSupply.run(CompletableFuture.java:1590) [?:1.8.0_212]
	at java.util.concurrent.ThreadPoolExecutor.runWorker(ThreadPoolExecutor.java:1149) [?:1.8.0_212]
	at java.util.concurrent.ThreadPoolExecutor$Worker.run(ThreadPoolExecutor.java:624) [?:1.8.0_212]
	at java.lang.Thread.run(Thread.java:748) [?:1.8.0_212]
2019-07-16 15:48:38,504 INFO  impl.HddsDispatcher (ContainerUtils.java:logAndReturnError(146)) - Operation: WriteChunk : Trace ID: d878a470948877ce:d878a470948877ce:0:0 : Message: ContainerID 5 creation failed : Result: DISK_OUT_OF_SPACE
15:48:38.504 [pool-136-thread-5] ERROR DNAudit - user=null | ip=null | op=WRITE_CHUNK {blockData=conID: 5 locID: 102451911229571079 bcsId: 0} | ret=FAILURE
org.apache.hadoop.hdds.scm.container.common.helpers.StorageContainerException: ContainerID 5 creation failed
	at org.apache.hadoop.ozone.container.common.impl.HddsDispatcher.dispatchRequest(HddsDispatcher.java:227) ~[hadoop-hdds-container-service-0.5.0-SNAPSHOT.jar:?]
	at org.apache.hadoop.ozone.container.common.impl.HddsDispatcher.dispatch(HddsDispatcher.java:148) ~[hadoop-hdds-container-service-0.5.0-SNAPSHOT.jar:?]
	at org.apache.hadoop.ozone.container.common.transport.server.ratis.ContainerStateMachine.dispatchCommand(ContainerStateMachine.java:358) ~[hadoop-hdds-container-service-0.5.0-SNAPSHOT.jar:?]
	at org.apache.hadoop.ozone.container.common.transport.server.ratis.ContainerStateMachine.runCommand(ContainerStateMachine.java:365) ~[hadoop-hdds-container-service-0.5.0-SNAPSHOT.jar:?]
	at org.apache.hadoop.ozone.container.common.transport.server.ratis.ContainerStateMachine.lambda$handleWriteChunk$0(ContainerStateMachine.java:396) ~[hadoop-hdds-container-service-0.5.0-SNAPSHOT.jar:?]
	at java.util.concurrent.CompletableFuture$AsyncSupply.run(CompletableFuture.java:1590) [?:1.8.0_212]
	at java.util.concurrent.ThreadPoolExecutor.runWorker(ThreadPoolExecutor.java:1149) [?:1.8.0_212]
	at java.util.concurrent.ThreadPoolExecutor$Worker.run(ThreadPoolExecutor.java:624) [?:1.8.0_212]
	at java.lang.Thread.run(Thread.java:748) [?:1.8.0_212]
2019-07-16 15:48:38,505 INFO  impl.HddsDispatcher (ContainerUtils.java:logAndReturnError(146)) - Operation: WriteChunk : Trace ID: d878a470948877ce:d878a470948877ce:0:0 : Message: ContainerID 5 creation failed : Result: DISK_OUT_OF_SPACE
15:48:38.517 [pool-226-thread-1] ERROR DNAudit - user=null | ip=null | op=WRITE_CHUNK {blockData=conID: 5 locID: 102451911229571079 bcsId: 0} | ret=FAILURE
org.apache.hadoop.hdds.scm.container.common.helpers.StorageContainerException: ContainerID 5 does not exist
	at org.apache.hadoop.ozone.container.common.impl.HddsDispatcher.dispatchRequest(HddsDispatcher.java:242) ~[hadoop-hdds-container-service-0.5.0-SNAPSHOT.jar:?]
	at org.apache.hadoop.ozone.container.common.impl.HddsDispatcher.dispatch(HddsDispatcher.java:148) ~[hadoop-hdds-container-service-0.5.0-SNAPSHOT.jar:?]
	at org.apache.hadoop.ozone.container.common.transport.server.ratis.ContainerStateMachine.dispatchCommand(ContainerStateMachine.java:358) ~[hadoop-hdds-container-service-0.5.0-SNAPSHOT.jar:?]
	at org.apache.hadoop.ozone.container.common.transport.server.ratis.ContainerStateMachine.runCommand(ContainerStateMachine.java:365) ~[hadoop-hdds-container-service-0.5.0-SNAPSHOT.jar:?]
	at org.apache.hadoop.ozone.container.common.transport.server.ratis.ContainerStateMachine.lambda$applyTransaction$5(ContainerStateMachine.java:631) ~[hadoop-hdds-container-service-0.5.0-SNAPSHOT.jar:?]
	at java.util.concurrent.CompletableFuture$AsyncSupply.run(CompletableFuture.java:1590) [?:1.8.0_212]
	at java.util.concurrent.ThreadPoolExecutor.runWorker(ThreadPoolExecutor.java:1149) [?:1.8.0_212]
	at java.util.concurrent.ThreadPoolExecutor$Worker.run(ThreadPoolExecutor.java:624) [?:1.8.0_212]
	at java.lang.Thread.run(Thread.java:748) [?:1.8.0_212]
2019-07-16 15:48:38,518 INFO  impl.HddsDispatcher (ContainerUtils.java:logAndReturnError(146)) - Operation: WriteChunk : Trace ID: d878a470948877ce:d878a470948877ce:0:0 : Message: ContainerID 5 does not exist : Result: CONTAINER_NOT_FOUND
2019-07-16 15:48:38,525 INFO  client.GrpcClientProtocolClient (GrpcClientProtocolClient.java:onNext(255)) - client-C4A52DC28543->1d1b07ec-03fa-4bb8-b188-d93c3579ab11: receive RaftClientReply:client-C4A52DC28543->1d1b07ec-03fa-4bb8-b188-d93c3579ab11@group-62B605DFEF23, cid=41, SUCCESS, logIndex=17, commits[1d1b07ec-03fa-4bb8-b188-d93c3579ab11:c17, 8e588f5d-198f-4085-a4b0-377dd69d60a6:c16, e7026ff3-83d2-41f9-ad85-f875bf217421:c16]
15:48:38.531 [pool-142-thread-1] ERROR DNAudit - user=null | ip=null | op=WRITE_CHUNK {blockData=conID: 5 locID: 102451911229571079 bcsId: 0} | ret=FAILURE
org.apache.hadoop.hdds.scm.container.common.helpers.StorageContainerException: ContainerID 5 does not exist
	at org.apache.hadoop.ozone.container.common.impl.HddsDispatcher.dispatchRequest(HddsDispatcher.java:242) ~[hadoop-hdds-container-service-0.5.0-SNAPSHOT.jar:?]
	at org.apache.hadoop.ozone.container.common.impl.HddsDispatcher.dispatch(HddsDispatcher.java:148) ~[hadoop-hdds-container-service-0.5.0-SNAPSHOT.jar:?]
	at org.apache.hadoop.ozone.container.common.transport.server.ratis.ContainerStateMachine.dispatchCommand(ContainerStateMachine.java:358) ~[hadoop-hdds-container-service-0.5.0-SNAPSHOT.jar:?]
	at org.apache.hadoop.ozone.container.common.transport.server.ratis.ContainerStateMachine.runCommand(ContainerStateMachine.java:365) ~[hadoop-hdds-container-service-0.5.0-SNAPSHOT.jar:?]
	at org.apache.hadoop.ozone.container.common.transport.server.ratis.ContainerStateMachine.lambda$applyTransaction$5(ContainerStateMachine.java:631) ~[hadoop-hdds-container-service-0.5.0-SNAPSHOT.jar:?]
	at java.util.concurrent.CompletableFuture$AsyncSupply.run(CompletableFuture.java:1590) [?:1.8.0_212]
	at java.util.concurrent.ThreadPoolExecutor.runWorker(ThreadPoolExecutor.java:1149) [?:1.8.0_212]
	at java.util.concurrent.ThreadPoolExecutor$Worker.run(ThreadPoolExecutor.java:624) [?:1.8.0_212]
	at java.lang.Thread.run(Thread.java:748) [?:1.8.0_212]
15:48:38.531 [pool-58-thread-1] ERROR DNAudit - user=null | ip=null | op=WRITE_CHUNK {blockData=conID: 5 locID: 102451911229571079 bcsId: 0} | ret=FAILURE
org.apache.hadoop.hdds.scm.container.common.helpers.StorageContainerException: ContainerID 5 does not exist
	at org.apache.hadoop.ozone.container.common.impl.HddsDispatcher.dispatchRequest(HddsDispatcher.java:242) ~[hadoop-hdds-container-service-0.5.0-SNAPSHOT.jar:?]
	at org.apache.hadoop.ozone.container.common.impl.HddsDispatcher.dispatch(HddsDispatcher.java:148) ~[hadoop-hdds-container-service-0.5.0-SNAPSHOT.jar:?]
	at org.apache.hadoop.ozone.container.common.transport.server.ratis.ContainerStateMachine.dispatchCommand(ContainerStateMachine.java:358) ~[hadoop-hdds-container-service-0.5.0-SNAPSHOT.jar:?]
	at org.apache.hadoop.ozone.container.common.transport.server.ratis.ContainerStateMachine.runCommand(ContainerStateMachine.java:365) ~[hadoop-hdds-container-service-0.5.0-SNAPSHOT.jar:?]
	at org.apache.hadoop.ozone.container.common.transport.server.ratis.ContainerStateMachine.lambda$applyTransaction$5(ContainerStateMachine.java:631) ~[hadoop-hdds-container-service-0.5.0-SNAPSHOT.jar:?]
	at java.util.concurrent.CompletableFuture$AsyncSupply.run(CompletableFuture.java:1590) [?:1.8.0_212]
	at java.util.concurrent.ThreadPoolExecutor.runWorker(ThreadPoolExecutor.java:1149) [?:1.8.0_212]
	at java.util.concurrent.ThreadPoolExecutor$Worker.run(ThreadPoolExecutor.java:624) [?:1.8.0_212]
	at java.lang.Thread.run(Thread.java:748) [?:1.8.0_212]
2019-07-16 15:48:38,531 ERROR storage.BlockOutputStream (BlockOutputStream.java:validateResponse(532)) - Unexpected Storage Container Exception: 
org.apache.hadoop.hdds.scm.container.common.helpers.StorageContainerException: ContainerID 5 does not exist
	at org.apache.hadoop.hdds.scm.storage.ContainerProtocolCalls.validateContainerResponse(ContainerProtocolCalls.java:536)
	at org.apache.hadoop.hdds.scm.storage.BlockOutputStream.validateResponse(BlockOutputStream.java:530)
	at org.apache.hadoop.hdds.scm.storage.BlockOutputStream.lambda$writeChunkToContainer$2(BlockOutputStream.java:607)
	at java.util.concurrent.CompletableFuture.uniApply(CompletableFuture.java:602)
	at java.util.concurrent.CompletableFuture$UniApply.tryFire(CompletableFuture.java:577)
	at java.util.concurrent.CompletableFuture$Completion.run(CompletableFuture.java:442)
	at java.util.concurrent.ThreadPoolExecutor.runWorker(ThreadPoolExecutor.java:1149)
	at java.util.concurrent.ThreadPoolExecutor$Worker.run(ThreadPoolExecutor.java:624)
	at java.lang.Thread.run(Thread.java:748)
2019-07-16 15:48:38,532 INFO  impl.HddsDispatcher (ContainerUtils.java:logAndReturnError(146)) - Operation: WriteChunk : Trace ID: d878a470948877ce:d878a470948877ce:0:0 : Message: ContainerID 5 does not exist : Result: CONTAINER_NOT_FOUND
2019-07-16 15:48:38,531 INFO  impl.HddsDispatcher (ContainerUtils.java:logAndReturnError(146)) - Operation: WriteChunk : Trace ID: d878a470948877ce:d878a470948877ce:0:0 : Message: ContainerID 5 does not exist : Result: CONTAINER_NOT_FOUND
15:48:38.545 [pool-226-thread-1] ERROR DNAudit - user=null | ip=null | op=PUT_BLOCK {blockData=[blockId=conID: 5 locID: 102451911229571079 bcsId: 0,size=1048576]} | ret=FAILURE
org.apache.hadoop.hdds.scm.container.common.helpers.StorageContainerException: ContainerID 5 does not exist
	at org.apache.hadoop.ozone.container.common.impl.HddsDispatcher.dispatchRequest(HddsDispatcher.java:242) ~[hadoop-hdds-container-service-0.5.0-SNAPSHOT.jar:?]
	at org.apache.hadoop.ozone.container.common.impl.HddsDispatcher.dispatch(HddsDispatcher.java:148) ~[hadoop-hdds-container-service-0.5.0-SNAPSHOT.jar:?]
	at org.apache.hadoop.ozone.container.common.transport.server.ratis.ContainerStateMachine.dispatchCommand(ContainerStateMachine.java:358) ~[hadoop-hdds-container-service-0.5.0-SNAPSHOT.jar:?]
	at org.apache.hadoop.ozone.container.common.transport.server.ratis.ContainerStateMachine.runCommand(ContainerStateMachine.java:365) ~[hadoop-hdds-container-service-0.5.0-SNAPSHOT.jar:?]
	at org.apache.hadoop.ozone.container.common.transport.server.ratis.ContainerStateMachine.lambda$applyTransaction$5(ContainerStateMachine.java:631) ~[hadoop-hdds-container-service-0.5.0-SNAPSHOT.jar:?]
	at java.util.concurrent.CompletableFuture$AsyncSupply.run(CompletableFuture.java:1590) [?:1.8.0_212]
	at java.util.concurrent.ThreadPoolExecutor.runWorker(ThreadPoolExecutor.java:1149) [?:1.8.0_212]
	at java.util.concurrent.ThreadPoolExecutor$Worker.run(ThreadPoolExecutor.java:624) [?:1.8.0_212]
	at java.lang.Thread.run(Thread.java:748) [?:1.8.0_212]
2019-07-16 15:48:38,545 INFO  impl.HddsDispatcher (ContainerUtils.java:logAndReturnError(146)) - Operation: PutBlock : Trace ID: ec02c027a1a13807:ec02c027a1a13807:0:0 : Message: ContainerID 5 does not exist : Result: CONTAINER_NOT_FOUND
2019-07-16 15:48:38,549 INFO  client.GrpcClientProtocolClient (GrpcClientProtocolClient.java:onNext(255)) - client-C4A52DC28543->1d1b07ec-03fa-4bb8-b188-d93c3579ab11: receive RaftClientReply:client-C4A52DC28543->1d1b07ec-03fa-4bb8-b188-d93c3579ab11@group-62B605DFEF23, cid=42, SUCCESS, logIndex=19, commits[1d1b07ec-03fa-4bb8-b188-d93c3579ab11:c19, 8e588f5d-198f-4085-a4b0-377dd69d60a6:c17, e7026ff3-83d2-41f9-ad85-f875bf217421:c17]
15:48:38.559 [pool-142-thread-1] ERROR DNAudit - user=null | ip=null | op=PUT_BLOCK {blockData=[blockId=conID: 5 locID: 102451911229571079 bcsId: 0,size=1048576]} | ret=FAILURE
org.apache.hadoop.hdds.scm.container.common.helpers.StorageContainerException: ContainerID 5 does not exist
	at org.apache.hadoop.ozone.container.common.impl.HddsDispatcher.dispatchRequest(HddsDispatcher.java:242) ~[hadoop-hdds-container-service-0.5.0-SNAPSHOT.jar:?]
	at org.apache.hadoop.ozone.container.common.impl.HddsDispatcher.dispatch(HddsDispatcher.java:148) ~[hadoop-hdds-container-service-0.5.0-SNAPSHOT.jar:?]
	at org.apache.hadoop.ozone.container.common.transport.server.ratis.ContainerStateMachine.dispatchCommand(ContainerStateMachine.java:358) ~[hadoop-hdds-container-service-0.5.0-SNAPSHOT.jar:?]
	at org.apache.hadoop.ozone.container.common.transport.server.ratis.ContainerStateMachine.runCommand(ContainerStateMachine.java:365) ~[hadoop-hdds-container-service-0.5.0-SNAPSHOT.jar:?]
	at org.apache.hadoop.ozone.container.common.transport.server.ratis.ContainerStateMachine.lambda$applyTransaction$5(ContainerStateMachine.java:631) ~[hadoop-hdds-container-service-0.5.0-SNAPSHOT.jar:?]
	at java.util.concurrent.CompletableFuture$AsyncSupply.run(CompletableFuture.java:1590) [?:1.8.0_212]
	at java.util.concurrent.ThreadPoolExecutor.runWorker(ThreadPoolExecutor.java:1149) [?:1.8.0_212]
	at java.util.concurrent.ThreadPoolExecutor$Worker.run(ThreadPoolExecutor.java:624) [?:1.8.0_212]
	at java.lang.Thread.run(Thread.java:748) [?:1.8.0_212]
2019-07-16 15:48:38,559 INFO  impl.HddsDispatcher (ContainerUtils.java:logAndReturnError(146)) - Operation: PutBlock : Trace ID: ec02c027a1a13807:ec02c027a1a13807:0:0 : Message: ContainerID 5 does not exist : Result: CONTAINER_NOT_FOUND
15:48:38.559 [pool-58-thread-1] ERROR DNAudit - user=null | ip=null | op=PUT_BLOCK {blockData=[blockId=conID: 5 locID: 102451911229571079 bcsId: 0,size=1048576]} | ret=FAILURE
org.apache.hadoop.hdds.scm.container.common.helpers.StorageContainerException: ContainerID 5 does not exist
	at org.apache.hadoop.ozone.container.common.impl.HddsDispatcher.dispatchRequest(HddsDispatcher.java:242) ~[hadoop-hdds-container-service-0.5.0-SNAPSHOT.jar:?]
	at org.apache.hadoop.ozone.container.common.impl.HddsDispatcher.dispatch(HddsDispatcher.java:148) ~[hadoop-hdds-container-service-0.5.0-SNAPSHOT.jar:?]
	at org.apache.hadoop.ozone.container.common.transport.server.ratis.ContainerStateMachine.dispatchCommand(ContainerStateMachine.java:358) ~[hadoop-hdds-container-service-0.5.0-SNAPSHOT.jar:?]
	at org.apache.hadoop.ozone.container.common.transport.server.ratis.ContainerStateMachine.runCommand(ContainerStateMachine.java:365) ~[hadoop-hdds-container-service-0.5.0-SNAPSHOT.jar:?]
	at org.apache.hadoop.ozone.container.common.transport.server.ratis.ContainerStateMachine.lambda$applyTransaction$5(ContainerStateMachine.java:631) ~[hadoop-hdds-container-service-0.5.0-SNAPSHOT.jar:?]
	at java.util.concurrent.CompletableFuture$AsyncSupply.run(CompletableFuture.java:1590) [?:1.8.0_212]
	at java.util.concurrent.ThreadPoolExecutor.runWorker(ThreadPoolExecutor.java:1149) [?:1.8.0_212]
	at java.util.concurrent.ThreadPoolExecutor$Worker.run(ThreadPoolExecutor.java:624) [?:1.8.0_212]
	at java.lang.Thread.run(Thread.java:748) [?:1.8.0_212]
2019-07-16 15:48:38,560 INFO  impl.HddsDispatcher (ContainerUtils.java:logAndReturnError(146)) - Operation: PutBlock : Trace ID: ec02c027a1a13807:ec02c027a1a13807:0:0 : Message: ContainerID 5 does not exist : Result: CONTAINER_NOT_FOUND
]]></system-out>
  </testcase>
  <testcase name="testInitiateMultipartUploadWithReplicationInformationSet" classname="org.apache.hadoop.ozone.client.rpc.TestOzoneAtRestEncryption" time="0.042"/>
  <testcase name="testRenameKey" classname="org.apache.hadoop.ozone.client.rpc.TestOzoneAtRestEncryption" time="0.063">
    <error message="Unexpected Storage Container Exception: org.apache.hadoop.hdds.scm.container.common.helpers.StorageContainerException: ContainerID 6 creation failed" type="java.io.IOException">java.io.IOException: Unexpected Storage Container Exception: org.apache.hadoop.hdds.scm.container.common.helpers.StorageContainerException: ContainerID 6 creation failed
	at org.apache.hadoop.hdds.scm.storage.BlockOutputStream.setIoException(BlockOutputStream.java:542)
	at org.apache.hadoop.hdds.scm.storage.BlockOutputStream.validateResponse(BlockOutputStream.java:533)
	at org.apache.hadoop.hdds.scm.storage.BlockOutputStream.lambda$writeChunkToContainer$2(BlockOutputStream.java:607)
	at java.util.concurrent.CompletableFuture.uniApply(CompletableFuture.java:602)
	at java.util.concurrent.CompletableFuture$UniApply.tryFire(CompletableFuture.java:577)
	at java.util.concurrent.CompletableFuture$Completion.run(CompletableFuture.java:442)
	at java.util.concurrent.ThreadPoolExecutor.runWorker(ThreadPoolExecutor.java:1149)
	at java.util.concurrent.ThreadPoolExecutor$Worker.run(ThreadPoolExecutor.java:624)
	at java.lang.Thread.run(Thread.java:748)
Caused by: org.apache.hadoop.hdds.scm.container.common.helpers.StorageContainerException: ContainerID 6 creation failed
	at org.apache.hadoop.hdds.scm.storage.ContainerProtocolCalls.validateContainerResponse(ContainerProtocolCalls.java:536)
	at org.apache.hadoop.hdds.scm.storage.BlockOutputStream.validateResponse(BlockOutputStream.java:530)
	... 7 more
</error>
    <system-out><![CDATA[2019-07-16 15:48:38,613 INFO  rpc.RpcClient (RpcClient.java:createVolume(287)) - Creating Volume: 51a08cfc-fc73-4a8c-8cb0-833bac2d06b8, with jenkins1000 as owner.
2019-07-16 15:48:38,616 INFO  rpc.RpcClient (RpcClient.java:createBucket(424)) - Creating Bucket: 51a08cfc-fc73-4a8c-8cb0-833bac2d06b8/6f0a8cba-1194-407d-97f8-d3f37636042d, with Versioning false and Storage Type set to DISK and Encryption set to false 
2019-07-16 15:48:38,663 INFO  keyvalue.KeyValueHandler (ContainerUtils.java:logAndReturnError(146)) - Operation: CreateContainer : Trace ID: 11f2b70c560961d5:11f2b70c560961d5:0:0 : Message: Container creation failed, due to disk out of space : Result: DISK_OUT_OF_SPACE
15:48:38.664 [grpc-default-executor-4] ERROR DNAudit - user=null | ip=null | op=WRITE_CHUNK {blockData=conID: 6 locID: 102451912287387657 bcsId: 0} | ret=FAILURE
org.apache.hadoop.hdds.scm.container.common.helpers.StorageContainerException: ContainerID 6 creation failed
	at org.apache.hadoop.ozone.container.common.impl.HddsDispatcher.dispatchRequest(HddsDispatcher.java:227) [hadoop-hdds-container-service-0.5.0-SNAPSHOT.jar:?]
	at org.apache.hadoop.ozone.container.common.impl.HddsDispatcher.dispatch(HddsDispatcher.java:148) [hadoop-hdds-container-service-0.5.0-SNAPSHOT.jar:?]
	at org.apache.hadoop.ozone.container.common.transport.server.GrpcXceiverService$1.onNext(GrpcXceiverService.java:73) [hadoop-hdds-container-service-0.5.0-SNAPSHOT.jar:?]
	at org.apache.hadoop.ozone.container.common.transport.server.GrpcXceiverService$1.onNext(GrpcXceiverService.java:61) [hadoop-hdds-container-service-0.5.0-SNAPSHOT.jar:?]
	at org.apache.ratis.thirdparty.io.grpc.stub.ServerCalls$StreamingServerCallHandler$StreamingServerCallListener.onMessage(ServerCalls.java:248) [ratis-thirdparty-misc-0.2.0.jar:0.2.0]
	at org.apache.ratis.thirdparty.io.grpc.ForwardingServerCallListener.onMessage(ForwardingServerCallListener.java:33) [ratis-thirdparty-misc-0.2.0.jar:0.2.0]
	at org.apache.ratis.thirdparty.io.grpc.Contexts$ContextualizedServerCallListener.onMessage(Contexts.java:76) [ratis-thirdparty-misc-0.2.0.jar:0.2.0]
	at org.apache.ratis.thirdparty.io.grpc.ForwardingServerCallListener.onMessage(ForwardingServerCallListener.java:33) [ratis-thirdparty-misc-0.2.0.jar:0.2.0]
	at org.apache.hadoop.hdds.tracing.GrpcServerInterceptor$1.onMessage(GrpcServerInterceptor.java:46) [hadoop-hdds-common-0.5.0-SNAPSHOT.jar:?]
	at org.apache.ratis.thirdparty.io.grpc.internal.ServerCallImpl$ServerStreamListenerImpl.messagesAvailable(ServerCallImpl.java:263) [ratis-thirdparty-misc-0.2.0.jar:0.2.0]
	at org.apache.ratis.thirdparty.io.grpc.internal.ServerImpl$JumpToApplicationThreadServerStreamListener$1MessagesAvailable.runInContext(ServerImpl.java:686) [ratis-thirdparty-misc-0.2.0.jar:0.2.0]
	at org.apache.ratis.thirdparty.io.grpc.internal.ContextRunnable.run(ContextRunnable.java:37) [ratis-thirdparty-misc-0.2.0.jar:0.2.0]
	at org.apache.ratis.thirdparty.io.grpc.internal.SerializingExecutor.run(SerializingExecutor.java:123) [ratis-thirdparty-misc-0.2.0.jar:0.2.0]
	at java.util.concurrent.ThreadPoolExecutor.runWorker(ThreadPoolExecutor.java:1149) [?:1.8.0_212]
	at java.util.concurrent.ThreadPoolExecutor$Worker.run(ThreadPoolExecutor.java:624) [?:1.8.0_212]
	at java.lang.Thread.run(Thread.java:748) [?:1.8.0_212]
2019-07-16 15:48:38,664 INFO  impl.HddsDispatcher (ContainerUtils.java:logAndReturnError(146)) - Operation: WriteChunk : Trace ID: 11f2b70c560961d5:11f2b70c560961d5:0:0 : Message: ContainerID 6 creation failed : Result: DISK_OUT_OF_SPACE
2019-07-16 15:48:38,665 ERROR storage.BlockOutputStream (BlockOutputStream.java:validateResponse(532)) - Unexpected Storage Container Exception: 
org.apache.hadoop.hdds.scm.container.common.helpers.StorageContainerException: ContainerID 6 creation failed
	at org.apache.hadoop.hdds.scm.storage.ContainerProtocolCalls.validateContainerResponse(ContainerProtocolCalls.java:536)
	at org.apache.hadoop.hdds.scm.storage.BlockOutputStream.validateResponse(BlockOutputStream.java:530)
	at org.apache.hadoop.hdds.scm.storage.BlockOutputStream.lambda$writeChunkToContainer$2(BlockOutputStream.java:607)
	at java.util.concurrent.CompletableFuture.uniApply(CompletableFuture.java:602)
	at java.util.concurrent.CompletableFuture$UniApply.tryFire(CompletableFuture.java:577)
	at java.util.concurrent.CompletableFuture$Completion.run(CompletableFuture.java:442)
	at java.util.concurrent.ThreadPoolExecutor.runWorker(ThreadPoolExecutor.java:1149)
	at java.util.concurrent.ThreadPoolExecutor$Worker.run(ThreadPoolExecutor.java:624)
	at java.lang.Thread.run(Thread.java:748)
15:48:38.670 [grpc-default-executor-4] ERROR DNAudit - user=null | ip=null | op=PUT_BLOCK {blockData=[blockId=conID: 6 locID: 102451912287387657 bcsId: 0,size=12]} | ret=FAILURE
org.apache.hadoop.hdds.scm.container.common.helpers.StorageContainerException: ContainerID 6 does not exist
	at org.apache.hadoop.ozone.container.common.impl.HddsDispatcher.dispatchRequest(HddsDispatcher.java:242) [hadoop-hdds-container-service-0.5.0-SNAPSHOT.jar:?]
	at org.apache.hadoop.ozone.container.common.impl.HddsDispatcher.dispatch(HddsDispatcher.java:148) [hadoop-hdds-container-service-0.5.0-SNAPSHOT.jar:?]
	at org.apache.hadoop.ozone.container.common.transport.server.GrpcXceiverService$1.onNext(GrpcXceiverService.java:73) [hadoop-hdds-container-service-0.5.0-SNAPSHOT.jar:?]
	at org.apache.hadoop.ozone.container.common.transport.server.GrpcXceiverService$1.onNext(GrpcXceiverService.java:61) [hadoop-hdds-container-service-0.5.0-SNAPSHOT.jar:?]
	at org.apache.ratis.thirdparty.io.grpc.stub.ServerCalls$StreamingServerCallHandler$StreamingServerCallListener.onMessage(ServerCalls.java:248) [ratis-thirdparty-misc-0.2.0.jar:0.2.0]
	at org.apache.ratis.thirdparty.io.grpc.ForwardingServerCallListener.onMessage(ForwardingServerCallListener.java:33) [ratis-thirdparty-misc-0.2.0.jar:0.2.0]
	at org.apache.ratis.thirdparty.io.grpc.Contexts$ContextualizedServerCallListener.onMessage(Contexts.java:76) [ratis-thirdparty-misc-0.2.0.jar:0.2.0]
	at org.apache.ratis.thirdparty.io.grpc.ForwardingServerCallListener.onMessage(ForwardingServerCallListener.java:33) [ratis-thirdparty-misc-0.2.0.jar:0.2.0]
	at org.apache.hadoop.hdds.tracing.GrpcServerInterceptor$1.onMessage(GrpcServerInterceptor.java:46) [hadoop-hdds-common-0.5.0-SNAPSHOT.jar:?]
	at org.apache.ratis.thirdparty.io.grpc.internal.ServerCallImpl$ServerStreamListenerImpl.messagesAvailable(ServerCallImpl.java:263) [ratis-thirdparty-misc-0.2.0.jar:0.2.0]
	at org.apache.ratis.thirdparty.io.grpc.internal.ServerImpl$JumpToApplicationThreadServerStreamListener$1MessagesAvailable.runInContext(ServerImpl.java:686) [ratis-thirdparty-misc-0.2.0.jar:0.2.0]
	at org.apache.ratis.thirdparty.io.grpc.internal.ContextRunnable.run(ContextRunnable.java:37) [ratis-thirdparty-misc-0.2.0.jar:0.2.0]
	at org.apache.ratis.thirdparty.io.grpc.internal.SerializingExecutor.run(SerializingExecutor.java:123) [ratis-thirdparty-misc-0.2.0.jar:0.2.0]
	at java.util.concurrent.ThreadPoolExecutor.runWorker(ThreadPoolExecutor.java:1149) [?:1.8.0_212]
	at java.util.concurrent.ThreadPoolExecutor$Worker.run(ThreadPoolExecutor.java:624) [?:1.8.0_212]
	at java.lang.Thread.run(Thread.java:748) [?:1.8.0_212]
2019-07-16 15:48:38,670 INFO  impl.HddsDispatcher (ContainerUtils.java:logAndReturnError(146)) - Operation: PutBlock : Trace ID: 3dc79adbc04b612d:3dc79adbc04b612d:0:0 : Message: ContainerID 6 does not exist : Result: CONTAINER_NOT_FOUND
]]></system-out>
  </testcase>
  <testcase name="testCreateBucketWithVersioning" classname="org.apache.hadoop.ozone.client.rpc.TestOzoneAtRestEncryption" time="0.008"/>
  <testcase name="testCreateS3Bucket" classname="org.apache.hadoop.ozone.client.rpc.TestOzoneAtRestEncryption" time="0.011"/>
  <testcase name="testUploadPartOverrideWithStandAlone" classname="org.apache.hadoop.ozone.client.rpc.TestOzoneAtRestEncryption" time="0.028">
    <error message="Unexpected Storage Container Exception: org.apache.hadoop.hdds.scm.container.common.helpers.StorageContainerException: ContainerID 7 creation failed" type="java.io.IOException">java.io.IOException: Unexpected Storage Container Exception: org.apache.hadoop.hdds.scm.container.common.helpers.StorageContainerException: ContainerID 7 creation failed
	at org.apache.hadoop.hdds.scm.storage.BlockOutputStream.setIoException(BlockOutputStream.java:542)
	at org.apache.hadoop.hdds.scm.storage.BlockOutputStream.validateResponse(BlockOutputStream.java:533)
	at org.apache.hadoop.hdds.scm.storage.BlockOutputStream.lambda$writeChunkToContainer$2(BlockOutputStream.java:607)
	at java.util.concurrent.CompletableFuture.uniApply(CompletableFuture.java:602)
	at java.util.concurrent.CompletableFuture$UniApply.tryFire(CompletableFuture.java:577)
	at java.util.concurrent.CompletableFuture$Completion.run(CompletableFuture.java:442)
	at java.util.concurrent.ThreadPoolExecutor.runWorker(ThreadPoolExecutor.java:1149)
	at java.util.concurrent.ThreadPoolExecutor$Worker.run(ThreadPoolExecutor.java:624)
	at java.lang.Thread.run(Thread.java:748)
Caused by: org.apache.hadoop.hdds.scm.container.common.helpers.StorageContainerException: ContainerID 7 creation failed
	at org.apache.hadoop.hdds.scm.storage.ContainerProtocolCalls.validateContainerResponse(ContainerProtocolCalls.java:536)
	at org.apache.hadoop.hdds.scm.storage.BlockOutputStream.validateResponse(BlockOutputStream.java:530)
	... 7 more
</error>
    <system-out><![CDATA[2019-07-16 15:48:38,694 INFO  rpc.RpcClient (RpcClient.java:createVolume(287)) - Creating Volume: bb95a001-ead8-4e1c-99c4-5ce9cf6defed, with jenkins1000 as owner.
2019-07-16 15:48:38,697 INFO  rpc.RpcClient (RpcClient.java:createBucket(424)) - Creating Bucket: bb95a001-ead8-4e1c-99c4-5ce9cf6defed/9f46ea09-0825-43f5-9d62-625d8b3f3e0a, with Versioning false and Storage Type set to DISK and Encryption set to false 
2019-07-16 15:48:38,712 INFO  keyvalue.KeyValueHandler (ContainerUtils.java:logAndReturnError(146)) - Operation: CreateContainer : Trace ID: c6f1b9b1f9fdcb98:c6f1b9b1f9fdcb98:0:0 : Message: Container creation failed, due to disk out of space : Result: DISK_OUT_OF_SPACE
15:48:38.712 [grpc-default-executor-4] ERROR DNAudit - user=null | ip=null | op=WRITE_CHUNK {blockData=conID: 7 locID: 102451912291319819 bcsId: 0} | ret=FAILURE
org.apache.hadoop.hdds.scm.container.common.helpers.StorageContainerException: ContainerID 7 creation failed
	at org.apache.hadoop.ozone.container.common.impl.HddsDispatcher.dispatchRequest(HddsDispatcher.java:227) [hadoop-hdds-container-service-0.5.0-SNAPSHOT.jar:?]
	at org.apache.hadoop.ozone.container.common.impl.HddsDispatcher.dispatch(HddsDispatcher.java:148) [hadoop-hdds-container-service-0.5.0-SNAPSHOT.jar:?]
	at org.apache.hadoop.ozone.container.common.transport.server.GrpcXceiverService$1.onNext(GrpcXceiverService.java:73) [hadoop-hdds-container-service-0.5.0-SNAPSHOT.jar:?]
	at org.apache.hadoop.ozone.container.common.transport.server.GrpcXceiverService$1.onNext(GrpcXceiverService.java:61) [hadoop-hdds-container-service-0.5.0-SNAPSHOT.jar:?]
	at org.apache.ratis.thirdparty.io.grpc.stub.ServerCalls$StreamingServerCallHandler$StreamingServerCallListener.onMessage(ServerCalls.java:248) [ratis-thirdparty-misc-0.2.0.jar:0.2.0]
	at org.apache.ratis.thirdparty.io.grpc.ForwardingServerCallListener.onMessage(ForwardingServerCallListener.java:33) [ratis-thirdparty-misc-0.2.0.jar:0.2.0]
	at org.apache.ratis.thirdparty.io.grpc.Contexts$ContextualizedServerCallListener.onMessage(Contexts.java:76) [ratis-thirdparty-misc-0.2.0.jar:0.2.0]
	at org.apache.ratis.thirdparty.io.grpc.ForwardingServerCallListener.onMessage(ForwardingServerCallListener.java:33) [ratis-thirdparty-misc-0.2.0.jar:0.2.0]
	at org.apache.hadoop.hdds.tracing.GrpcServerInterceptor$1.onMessage(GrpcServerInterceptor.java:46) [hadoop-hdds-common-0.5.0-SNAPSHOT.jar:?]
	at org.apache.ratis.thirdparty.io.grpc.internal.ServerCallImpl$ServerStreamListenerImpl.messagesAvailable(ServerCallImpl.java:263) [ratis-thirdparty-misc-0.2.0.jar:0.2.0]
	at org.apache.ratis.thirdparty.io.grpc.internal.ServerImpl$JumpToApplicationThreadServerStreamListener$1MessagesAvailable.runInContext(ServerImpl.java:686) [ratis-thirdparty-misc-0.2.0.jar:0.2.0]
	at org.apache.ratis.thirdparty.io.grpc.internal.ContextRunnable.run(ContextRunnable.java:37) [ratis-thirdparty-misc-0.2.0.jar:0.2.0]
	at org.apache.ratis.thirdparty.io.grpc.internal.SerializingExecutor.run(SerializingExecutor.java:123) [ratis-thirdparty-misc-0.2.0.jar:0.2.0]
	at java.util.concurrent.ThreadPoolExecutor.runWorker(ThreadPoolExecutor.java:1149) [?:1.8.0_212]
	at java.util.concurrent.ThreadPoolExecutor$Worker.run(ThreadPoolExecutor.java:624) [?:1.8.0_212]
	at java.lang.Thread.run(Thread.java:748) [?:1.8.0_212]
2019-07-16 15:48:38,713 INFO  impl.HddsDispatcher (ContainerUtils.java:logAndReturnError(146)) - Operation: WriteChunk : Trace ID: c6f1b9b1f9fdcb98:c6f1b9b1f9fdcb98:0:0 : Message: ContainerID 7 creation failed : Result: DISK_OUT_OF_SPACE
2019-07-16 15:48:38,714 ERROR storage.BlockOutputStream (BlockOutputStream.java:validateResponse(532)) - Unexpected Storage Container Exception: 
org.apache.hadoop.hdds.scm.container.common.helpers.StorageContainerException: ContainerID 7 creation failed
	at org.apache.hadoop.hdds.scm.storage.ContainerProtocolCalls.validateContainerResponse(ContainerProtocolCalls.java:536)
	at org.apache.hadoop.hdds.scm.storage.BlockOutputStream.validateResponse(BlockOutputStream.java:530)
	at org.apache.hadoop.hdds.scm.storage.BlockOutputStream.lambda$writeChunkToContainer$2(BlockOutputStream.java:607)
	at java.util.concurrent.CompletableFuture.uniApply(CompletableFuture.java:602)
	at java.util.concurrent.CompletableFuture$UniApply.tryFire(CompletableFuture.java:577)
	at java.util.concurrent.CompletableFuture$Completion.run(CompletableFuture.java:442)
	at java.util.concurrent.ThreadPoolExecutor.runWorker(ThreadPoolExecutor.java:1149)
	at java.util.concurrent.ThreadPoolExecutor$Worker.run(ThreadPoolExecutor.java:624)
	at java.lang.Thread.run(Thread.java:748)
15:48:38.715 [grpc-default-executor-4] ERROR DNAudit - user=null | ip=null | op=PUT_BLOCK {blockData=[blockId=conID: 7 locID: 102451912291319819 bcsId: 0,size=12]} | ret=FAILURE
org.apache.hadoop.hdds.scm.container.common.helpers.StorageContainerException: ContainerID 7 does not exist
	at org.apache.hadoop.ozone.container.common.impl.HddsDispatcher.dispatchRequest(HddsDispatcher.java:242) [hadoop-hdds-container-service-0.5.0-SNAPSHOT.jar:?]
	at org.apache.hadoop.ozone.container.common.impl.HddsDispatcher.dispatch(HddsDispatcher.java:148) [hadoop-hdds-container-service-0.5.0-SNAPSHOT.jar:?]
	at org.apache.hadoop.ozone.container.common.transport.server.GrpcXceiverService$1.onNext(GrpcXceiverService.java:73) [hadoop-hdds-container-service-0.5.0-SNAPSHOT.jar:?]
	at org.apache.hadoop.ozone.container.common.transport.server.GrpcXceiverService$1.onNext(GrpcXceiverService.java:61) [hadoop-hdds-container-service-0.5.0-SNAPSHOT.jar:?]
	at org.apache.ratis.thirdparty.io.grpc.stub.ServerCalls$StreamingServerCallHandler$StreamingServerCallListener.onMessage(ServerCalls.java:248) [ratis-thirdparty-misc-0.2.0.jar:0.2.0]
	at org.apache.ratis.thirdparty.io.grpc.ForwardingServerCallListener.onMessage(ForwardingServerCallListener.java:33) [ratis-thirdparty-misc-0.2.0.jar:0.2.0]
	at org.apache.ratis.thirdparty.io.grpc.Contexts$ContextualizedServerCallListener.onMessage(Contexts.java:76) [ratis-thirdparty-misc-0.2.0.jar:0.2.0]
	at org.apache.ratis.thirdparty.io.grpc.ForwardingServerCallListener.onMessage(ForwardingServerCallListener.java:33) [ratis-thirdparty-misc-0.2.0.jar:0.2.0]
	at org.apache.hadoop.hdds.tracing.GrpcServerInterceptor$1.onMessage(GrpcServerInterceptor.java:46) [hadoop-hdds-common-0.5.0-SNAPSHOT.jar:?]
	at org.apache.ratis.thirdparty.io.grpc.internal.ServerCallImpl$ServerStreamListenerImpl.messagesAvailable(ServerCallImpl.java:263) [ratis-thirdparty-misc-0.2.0.jar:0.2.0]
	at org.apache.ratis.thirdparty.io.grpc.internal.ServerImpl$JumpToApplicationThreadServerStreamListener$1MessagesAvailable.runInContext(ServerImpl.java:686) [ratis-thirdparty-misc-0.2.0.jar:0.2.0]
	at org.apache.ratis.thirdparty.io.grpc.internal.ContextRunnable.run(ContextRunnable.java:37) [ratis-thirdparty-misc-0.2.0.jar:0.2.0]
	at org.apache.ratis.thirdparty.io.grpc.internal.SerializingExecutor.run(SerializingExecutor.java:123) [ratis-thirdparty-misc-0.2.0.jar:0.2.0]
	at java.util.concurrent.ThreadPoolExecutor.runWorker(ThreadPoolExecutor.java:1149) [?:1.8.0_212]
	at java.util.concurrent.ThreadPoolExecutor$Worker.run(ThreadPoolExecutor.java:624) [?:1.8.0_212]
	at java.lang.Thread.run(Thread.java:748) [?:1.8.0_212]
2019-07-16 15:48:38,716 INFO  impl.HddsDispatcher (ContainerUtils.java:logAndReturnError(146)) - Operation: PutBlock : Trace ID: b6e026aca5c012c:b6e026aca5c012c:0:0 : Message: ContainerID 7 does not exist : Result: CONTAINER_NOT_FOUND
]]></system-out>
  </testcase>
  <testcase name="testNativeAclsForKey" classname="org.apache.hadoop.ozone.client.rpc.TestOzoneAtRestEncryption" time="0.054">
    <error message="Unexpected Storage Container Exception: org.apache.hadoop.hdds.scm.container.common.helpers.StorageContainerException: ContainerID 6 creation failed" type="java.io.IOException">java.io.IOException: Unexpected Storage Container Exception: org.apache.hadoop.hdds.scm.container.common.helpers.StorageContainerException: ContainerID 6 creation failed
	at org.apache.hadoop.hdds.scm.storage.BlockOutputStream.setIoException(BlockOutputStream.java:542)
	at org.apache.hadoop.hdds.scm.storage.BlockOutputStream.validateResponse(BlockOutputStream.java:533)
	at org.apache.hadoop.hdds.scm.storage.BlockOutputStream.lambda$writeChunkToContainer$2(BlockOutputStream.java:607)
	at java.util.concurrent.CompletableFuture.uniApply(CompletableFuture.java:602)
	at java.util.concurrent.CompletableFuture$UniApply.tryFire(CompletableFuture.java:577)
	at java.util.concurrent.CompletableFuture$Completion.run(CompletableFuture.java:442)
	at java.util.concurrent.ThreadPoolExecutor.runWorker(ThreadPoolExecutor.java:1149)
	at java.util.concurrent.ThreadPoolExecutor$Worker.run(ThreadPoolExecutor.java:624)
	at java.lang.Thread.run(Thread.java:748)
Caused by: org.apache.hadoop.hdds.scm.container.common.helpers.StorageContainerException: ContainerID 6 creation failed
	at org.apache.hadoop.hdds.scm.storage.ContainerProtocolCalls.validateContainerResponse(ContainerProtocolCalls.java:536)
	at org.apache.hadoop.hdds.scm.storage.BlockOutputStream.validateResponse(BlockOutputStream.java:530)
	... 7 more
</error>
    <system-out><![CDATA[2019-07-16 15:48:38,723 INFO  rpc.RpcClient (RpcClient.java:createVolume(287)) - Creating Volume: ad22402e-7faf-470d-bb46-912f2629e9ed, with jenkins1000 as owner.
2019-07-16 15:48:38,726 INFO  rpc.RpcClient (RpcClient.java:createBucket(424)) - Creating Bucket: ad22402e-7faf-470d-bb46-912f2629e9ed/f316f7bc-f376-4013-b86a-f22fa87eed78, with Versioning false and Storage Type set to DISK and Encryption set to false 
2019-07-16 15:48:38,765 INFO  keyvalue.KeyValueHandler (ContainerUtils.java:logAndReturnError(146)) - Operation: CreateContainer : Trace ID: 91497b344c8b24f0:91497b344c8b24f0:0:0 : Message: Container creation failed, due to disk out of space : Result: DISK_OUT_OF_SPACE
15:48:38.765 [grpc-default-executor-4] ERROR DNAudit - user=null | ip=null | op=WRITE_CHUNK {blockData=conID: 6 locID: 102451912294596623 bcsId: 0} | ret=FAILURE
org.apache.hadoop.hdds.scm.container.common.helpers.StorageContainerException: ContainerID 6 creation failed
	at org.apache.hadoop.ozone.container.common.impl.HddsDispatcher.dispatchRequest(HddsDispatcher.java:227) [hadoop-hdds-container-service-0.5.0-SNAPSHOT.jar:?]
	at org.apache.hadoop.ozone.container.common.impl.HddsDispatcher.dispatch(HddsDispatcher.java:148) [hadoop-hdds-container-service-0.5.0-SNAPSHOT.jar:?]
	at org.apache.hadoop.ozone.container.common.transport.server.GrpcXceiverService$1.onNext(GrpcXceiverService.java:73) [hadoop-hdds-container-service-0.5.0-SNAPSHOT.jar:?]
	at org.apache.hadoop.ozone.container.common.transport.server.GrpcXceiverService$1.onNext(GrpcXceiverService.java:61) [hadoop-hdds-container-service-0.5.0-SNAPSHOT.jar:?]
	at org.apache.ratis.thirdparty.io.grpc.stub.ServerCalls$StreamingServerCallHandler$StreamingServerCallListener.onMessage(ServerCalls.java:248) [ratis-thirdparty-misc-0.2.0.jar:0.2.0]
	at org.apache.ratis.thirdparty.io.grpc.ForwardingServerCallListener.onMessage(ForwardingServerCallListener.java:33) [ratis-thirdparty-misc-0.2.0.jar:0.2.0]
	at org.apache.ratis.thirdparty.io.grpc.Contexts$ContextualizedServerCallListener.onMessage(Contexts.java:76) [ratis-thirdparty-misc-0.2.0.jar:0.2.0]
	at org.apache.ratis.thirdparty.io.grpc.ForwardingServerCallListener.onMessage(ForwardingServerCallListener.java:33) [ratis-thirdparty-misc-0.2.0.jar:0.2.0]
	at org.apache.hadoop.hdds.tracing.GrpcServerInterceptor$1.onMessage(GrpcServerInterceptor.java:46) [hadoop-hdds-common-0.5.0-SNAPSHOT.jar:?]
	at org.apache.ratis.thirdparty.io.grpc.internal.ServerCallImpl$ServerStreamListenerImpl.messagesAvailable(ServerCallImpl.java:263) [ratis-thirdparty-misc-0.2.0.jar:0.2.0]
	at org.apache.ratis.thirdparty.io.grpc.internal.ServerImpl$JumpToApplicationThreadServerStreamListener$1MessagesAvailable.runInContext(ServerImpl.java:686) [ratis-thirdparty-misc-0.2.0.jar:0.2.0]
	at org.apache.ratis.thirdparty.io.grpc.internal.ContextRunnable.run(ContextRunnable.java:37) [ratis-thirdparty-misc-0.2.0.jar:0.2.0]
	at org.apache.ratis.thirdparty.io.grpc.internal.SerializingExecutor.run(SerializingExecutor.java:123) [ratis-thirdparty-misc-0.2.0.jar:0.2.0]
	at java.util.concurrent.ThreadPoolExecutor.runWorker(ThreadPoolExecutor.java:1149) [?:1.8.0_212]
	at java.util.concurrent.ThreadPoolExecutor$Worker.run(ThreadPoolExecutor.java:624) [?:1.8.0_212]
	at java.lang.Thread.run(Thread.java:748) [?:1.8.0_212]
2019-07-16 15:48:38,765 INFO  impl.HddsDispatcher (ContainerUtils.java:logAndReturnError(146)) - Operation: WriteChunk : Trace ID: 91497b344c8b24f0:91497b344c8b24f0:0:0 : Message: ContainerID 6 creation failed : Result: DISK_OUT_OF_SPACE
2019-07-16 15:48:38,767 ERROR storage.BlockOutputStream (BlockOutputStream.java:validateResponse(532)) - Unexpected Storage Container Exception: 
org.apache.hadoop.hdds.scm.container.common.helpers.StorageContainerException: ContainerID 6 creation failed
	at org.apache.hadoop.hdds.scm.storage.ContainerProtocolCalls.validateContainerResponse(ContainerProtocolCalls.java:536)
	at org.apache.hadoop.hdds.scm.storage.BlockOutputStream.validateResponse(BlockOutputStream.java:530)
	at org.apache.hadoop.hdds.scm.storage.BlockOutputStream.lambda$writeChunkToContainer$2(BlockOutputStream.java:607)
	at java.util.concurrent.CompletableFuture.uniApply(CompletableFuture.java:602)
	at java.util.concurrent.CompletableFuture$UniApply.tryFire(CompletableFuture.java:577)
	at java.util.concurrent.CompletableFuture$Completion.run(CompletableFuture.java:442)
	at java.util.concurrent.ThreadPoolExecutor.runWorker(ThreadPoolExecutor.java:1149)
	at java.util.concurrent.ThreadPoolExecutor$Worker.run(ThreadPoolExecutor.java:624)
	at java.lang.Thread.run(Thread.java:748)
15:48:38.769 [grpc-default-executor-4] ERROR DNAudit - user=null | ip=null | op=PUT_BLOCK {blockData=[blockId=conID: 6 locID: 102451912294596623 bcsId: 0,size=2365]} | ret=FAILURE
org.apache.hadoop.hdds.scm.container.common.helpers.StorageContainerException: ContainerID 6 does not exist
	at org.apache.hadoop.ozone.container.common.impl.HddsDispatcher.dispatchRequest(HddsDispatcher.java:242) [hadoop-hdds-container-service-0.5.0-SNAPSHOT.jar:?]
	at org.apache.hadoop.ozone.container.common.impl.HddsDispatcher.dispatch(HddsDispatcher.java:148) [hadoop-hdds-container-service-0.5.0-SNAPSHOT.jar:?]
	at org.apache.hadoop.ozone.container.common.transport.server.GrpcXceiverService$1.onNext(GrpcXceiverService.java:73) [hadoop-hdds-container-service-0.5.0-SNAPSHOT.jar:?]
	at org.apache.hadoop.ozone.container.common.transport.server.GrpcXceiverService$1.onNext(GrpcXceiverService.java:61) [hadoop-hdds-container-service-0.5.0-SNAPSHOT.jar:?]
	at org.apache.ratis.thirdparty.io.grpc.stub.ServerCalls$StreamingServerCallHandler$StreamingServerCallListener.onMessage(ServerCalls.java:248) [ratis-thirdparty-misc-0.2.0.jar:0.2.0]
	at org.apache.ratis.thirdparty.io.grpc.ForwardingServerCallListener.onMessage(ForwardingServerCallListener.java:33) [ratis-thirdparty-misc-0.2.0.jar:0.2.0]
	at org.apache.ratis.thirdparty.io.grpc.Contexts$ContextualizedServerCallListener.onMessage(Contexts.java:76) [ratis-thirdparty-misc-0.2.0.jar:0.2.0]
	at org.apache.ratis.thirdparty.io.grpc.ForwardingServerCallListener.onMessage(ForwardingServerCallListener.java:33) [ratis-thirdparty-misc-0.2.0.jar:0.2.0]
	at org.apache.hadoop.hdds.tracing.GrpcServerInterceptor$1.onMessage(GrpcServerInterceptor.java:46) [hadoop-hdds-common-0.5.0-SNAPSHOT.jar:?]
	at org.apache.ratis.thirdparty.io.grpc.internal.ServerCallImpl$ServerStreamListenerImpl.messagesAvailable(ServerCallImpl.java:263) [ratis-thirdparty-misc-0.2.0.jar:0.2.0]
	at org.apache.ratis.thirdparty.io.grpc.internal.ServerImpl$JumpToApplicationThreadServerStreamListener$1MessagesAvailable.runInContext(ServerImpl.java:686) [ratis-thirdparty-misc-0.2.0.jar:0.2.0]
	at org.apache.ratis.thirdparty.io.grpc.internal.ContextRunnable.run(ContextRunnable.java:37) [ratis-thirdparty-misc-0.2.0.jar:0.2.0]
	at org.apache.ratis.thirdparty.io.grpc.internal.SerializingExecutor.run(SerializingExecutor.java:123) [ratis-thirdparty-misc-0.2.0.jar:0.2.0]
	at java.util.concurrent.ThreadPoolExecutor.runWorker(ThreadPoolExecutor.java:1149) [?:1.8.0_212]
	at java.util.concurrent.ThreadPoolExecutor$Worker.run(ThreadPoolExecutor.java:624) [?:1.8.0_212]
	at java.lang.Thread.run(Thread.java:748) [?:1.8.0_212]
2019-07-16 15:48:38,769 INFO  impl.HddsDispatcher (ContainerUtils.java:logAndReturnError(146)) - Operation: PutBlock : Trace ID: 18e1024d51dbb90c:18e1024d51dbb90c:0:0 : Message: ContainerID 6 does not exist : Result: CONTAINER_NOT_FOUND
]]></system-out>
  </testcase>
  <testcase name="testAddBucketAcl" classname="org.apache.hadoop.ozone.client.rpc.TestOzoneAtRestEncryption" time="0.023"/>
  <testcase name="testReadKeyWithVerifyChecksumFlagDisable" classname="org.apache.hadoop.ozone.client.rpc.TestOzoneAtRestEncryption" time="0.07">
    <error message="Unexpected Storage Container Exception: org.apache.hadoop.hdds.scm.container.common.helpers.StorageContainerException: ContainerID 8 does not exist" type="java.io.IOException">java.io.IOException: Unexpected Storage Container Exception: org.apache.hadoop.hdds.scm.container.common.helpers.StorageContainerException: ContainerID 8 does not exist
	at org.apache.hadoop.hdds.scm.storage.BlockOutputStream.setIoException(BlockOutputStream.java:542)
	at org.apache.hadoop.hdds.scm.storage.BlockOutputStream.validateResponse(BlockOutputStream.java:533)
	at org.apache.hadoop.hdds.scm.storage.BlockOutputStream.lambda$writeChunkToContainer$2(BlockOutputStream.java:607)
	at java.util.concurrent.CompletableFuture.uniApply(CompletableFuture.java:602)
	at java.util.concurrent.CompletableFuture$UniApply.tryFire(CompletableFuture.java:577)
	at java.util.concurrent.CompletableFuture$Completion.run(CompletableFuture.java:442)
	at java.util.concurrent.ThreadPoolExecutor.runWorker(ThreadPoolExecutor.java:1149)
	at java.util.concurrent.ThreadPoolExecutor$Worker.run(ThreadPoolExecutor.java:624)
	at java.lang.Thread.run(Thread.java:748)
Caused by: org.apache.hadoop.hdds.scm.container.common.helpers.StorageContainerException: ContainerID 8 does not exist
	at org.apache.hadoop.hdds.scm.storage.ContainerProtocolCalls.validateContainerResponse(ContainerProtocolCalls.java:536)
	at org.apache.hadoop.hdds.scm.storage.BlockOutputStream.validateResponse(BlockOutputStream.java:530)
	... 7 more
</error>
    <system-out><![CDATA[2019-07-16 15:48:38,799 INFO  rpc.RpcClient (RpcClient.java:createVolume(287)) - Creating Volume: 8495d9dd-e7d4-4833-a1fe-c04cd482da0a, with jenkins1000 as owner.
2019-07-16 15:48:38,802 INFO  rpc.RpcClient (RpcClient.java:createBucket(424)) - Creating Bucket: 8495d9dd-e7d4-4833-a1fe-c04cd482da0a/fcb39fdd-4b19-411f-b6ff-ac60aacd31d3, with Versioning false and Storage Type set to DISK and Encryption set to false 
2019-07-16 15:48:38,822 INFO  keyvalue.KeyValueHandler (ContainerUtils.java:logAndReturnError(146)) - Operation: CreateContainer : Trace ID: 274639a1b92cb8fa:274639a1b92cb8fa:0:0 : Message: Container creation failed, due to disk out of space : Result: DISK_OUT_OF_SPACE
15:48:38.823 [pool-157-thread-5] ERROR DNAudit - user=null | ip=null | op=WRITE_CHUNK {blockData=conID: 8 locID: 102451912298135569 bcsId: 0} | ret=FAILURE
org.apache.hadoop.hdds.scm.container.common.helpers.StorageContainerException: ContainerID 8 creation failed
	at org.apache.hadoop.ozone.container.common.impl.HddsDispatcher.dispatchRequest(HddsDispatcher.java:227) ~[hadoop-hdds-container-service-0.5.0-SNAPSHOT.jar:?]
	at org.apache.hadoop.ozone.container.common.impl.HddsDispatcher.dispatch(HddsDispatcher.java:148) ~[hadoop-hdds-container-service-0.5.0-SNAPSHOT.jar:?]
	at org.apache.hadoop.ozone.container.common.transport.server.ratis.ContainerStateMachine.dispatchCommand(ContainerStateMachine.java:358) ~[hadoop-hdds-container-service-0.5.0-SNAPSHOT.jar:?]
	at org.apache.hadoop.ozone.container.common.transport.server.ratis.ContainerStateMachine.runCommand(ContainerStateMachine.java:365) ~[hadoop-hdds-container-service-0.5.0-SNAPSHOT.jar:?]
	at org.apache.hadoop.ozone.container.common.transport.server.ratis.ContainerStateMachine.lambda$handleWriteChunk$0(ContainerStateMachine.java:396) ~[hadoop-hdds-container-service-0.5.0-SNAPSHOT.jar:?]
	at java.util.concurrent.CompletableFuture$AsyncSupply.run(CompletableFuture.java:1590) [?:1.8.0_212]
	at java.util.concurrent.ThreadPoolExecutor.runWorker(ThreadPoolExecutor.java:1149) [?:1.8.0_212]
	at java.util.concurrent.ThreadPoolExecutor$Worker.run(ThreadPoolExecutor.java:624) [?:1.8.0_212]
	at java.lang.Thread.run(Thread.java:748) [?:1.8.0_212]
2019-07-16 15:48:38,823 INFO  impl.HddsDispatcher (ContainerUtils.java:logAndReturnError(146)) - Operation: WriteChunk : Trace ID: 274639a1b92cb8fa:274639a1b92cb8fa:0:0 : Message: ContainerID 8 creation failed : Result: DISK_OUT_OF_SPACE
15:48:38.835 [pool-166-thread-1] ERROR DNAudit - user=null | ip=null | op=WRITE_CHUNK {blockData=conID: 8 locID: 102451912298135569 bcsId: 0} | ret=FAILURE
org.apache.hadoop.hdds.scm.container.common.helpers.StorageContainerException: ContainerID 8 does not exist
	at org.apache.hadoop.ozone.container.common.impl.HddsDispatcher.dispatchRequest(HddsDispatcher.java:242) ~[hadoop-hdds-container-service-0.5.0-SNAPSHOT.jar:?]
	at org.apache.hadoop.ozone.container.common.impl.HddsDispatcher.dispatch(HddsDispatcher.java:148) ~[hadoop-hdds-container-service-0.5.0-SNAPSHOT.jar:?]
	at org.apache.hadoop.ozone.container.common.transport.server.ratis.ContainerStateMachine.dispatchCommand(ContainerStateMachine.java:358) ~[hadoop-hdds-container-service-0.5.0-SNAPSHOT.jar:?]
	at org.apache.hadoop.ozone.container.common.transport.server.ratis.ContainerStateMachine.runCommand(ContainerStateMachine.java:365) ~[hadoop-hdds-container-service-0.5.0-SNAPSHOT.jar:?]
	at org.apache.hadoop.ozone.container.common.transport.server.ratis.ContainerStateMachine.lambda$applyTransaction$5(ContainerStateMachine.java:631) ~[hadoop-hdds-container-service-0.5.0-SNAPSHOT.jar:?]
	at java.util.concurrent.CompletableFuture$AsyncSupply.run(CompletableFuture.java:1590) [?:1.8.0_212]
	at java.util.concurrent.ThreadPoolExecutor.runWorker(ThreadPoolExecutor.java:1149) [?:1.8.0_212]
	at java.util.concurrent.ThreadPoolExecutor$Worker.run(ThreadPoolExecutor.java:624) [?:1.8.0_212]
	at java.lang.Thread.run(Thread.java:748) [?:1.8.0_212]
2019-07-16 15:48:38,836 INFO  impl.HddsDispatcher (ContainerUtils.java:logAndReturnError(146)) - Operation: WriteChunk : Trace ID: 274639a1b92cb8fa:274639a1b92cb8fa:0:0 : Message: ContainerID 8 does not exist : Result: CONTAINER_NOT_FOUND
2019-07-16 15:48:38,839 INFO  client.GrpcClientProtocolClient (GrpcClientProtocolClient.java:onNext(255)) - client-38784395A0D1->65ee548d-8fb1-4c1c-b22d-f30af36245e1: receive RaftClientReply:client-38784395A0D1->65ee548d-8fb1-4c1c-b22d-f30af36245e1@group-2478695C1097, cid=43, SUCCESS, logIndex=1, commits[65ee548d-8fb1-4c1c-b22d-f30af36245e1:c1]
2019-07-16 15:48:38,844 ERROR storage.BlockOutputStream (BlockOutputStream.java:validateResponse(532)) - Unexpected Storage Container Exception: 
org.apache.hadoop.hdds.scm.container.common.helpers.StorageContainerException: ContainerID 8 does not exist
	at org.apache.hadoop.hdds.scm.storage.ContainerProtocolCalls.validateContainerResponse(ContainerProtocolCalls.java:536)
	at org.apache.hadoop.hdds.scm.storage.BlockOutputStream.validateResponse(BlockOutputStream.java:530)
	at org.apache.hadoop.hdds.scm.storage.BlockOutputStream.lambda$writeChunkToContainer$2(BlockOutputStream.java:607)
	at java.util.concurrent.CompletableFuture.uniApply(CompletableFuture.java:602)
	at java.util.concurrent.CompletableFuture$UniApply.tryFire(CompletableFuture.java:577)
	at java.util.concurrent.CompletableFuture$Completion.run(CompletableFuture.java:442)
	at java.util.concurrent.ThreadPoolExecutor.runWorker(ThreadPoolExecutor.java:1149)
	at java.util.concurrent.ThreadPoolExecutor$Worker.run(ThreadPoolExecutor.java:624)
	at java.lang.Thread.run(Thread.java:748)
15:48:38.862 [pool-166-thread-1] ERROR DNAudit - user=null | ip=null | op=PUT_BLOCK {blockData=[blockId=conID: 8 locID: 102451912298135569 bcsId: 0,size=12]} | ret=FAILURE
org.apache.hadoop.hdds.scm.container.common.helpers.StorageContainerException: ContainerID 8 does not exist
	at org.apache.hadoop.ozone.container.common.impl.HddsDispatcher.dispatchRequest(HddsDispatcher.java:242) ~[hadoop-hdds-container-service-0.5.0-SNAPSHOT.jar:?]
	at org.apache.hadoop.ozone.container.common.impl.HddsDispatcher.dispatch(HddsDispatcher.java:148) ~[hadoop-hdds-container-service-0.5.0-SNAPSHOT.jar:?]
	at org.apache.hadoop.ozone.container.common.transport.server.ratis.ContainerStateMachine.dispatchCommand(ContainerStateMachine.java:358) ~[hadoop-hdds-container-service-0.5.0-SNAPSHOT.jar:?]
	at org.apache.hadoop.ozone.container.common.transport.server.ratis.ContainerStateMachine.runCommand(ContainerStateMachine.java:365) ~[hadoop-hdds-container-service-0.5.0-SNAPSHOT.jar:?]
	at org.apache.hadoop.ozone.container.common.transport.server.ratis.ContainerStateMachine.lambda$applyTransaction$5(ContainerStateMachine.java:631) ~[hadoop-hdds-container-service-0.5.0-SNAPSHOT.jar:?]
	at java.util.concurrent.CompletableFuture$AsyncSupply.run(CompletableFuture.java:1590) [?:1.8.0_212]
	at java.util.concurrent.ThreadPoolExecutor.runWorker(ThreadPoolExecutor.java:1149) [?:1.8.0_212]
	at java.util.concurrent.ThreadPoolExecutor$Worker.run(ThreadPoolExecutor.java:624) [?:1.8.0_212]
	at java.lang.Thread.run(Thread.java:748) [?:1.8.0_212]
2019-07-16 15:48:38,862 INFO  impl.HddsDispatcher (ContainerUtils.java:logAndReturnError(146)) - Operation: PutBlock : Trace ID: 379160ed3a1017c:379160ed3a1017c:0:0 : Message: ContainerID 8 does not exist : Result: CONTAINER_NOT_FOUND
2019-07-16 15:48:38,865 INFO  client.GrpcClientProtocolClient (GrpcClientProtocolClient.java:onNext(255)) - client-38784395A0D1->65ee548d-8fb1-4c1c-b22d-f30af36245e1: receive RaftClientReply:client-38784395A0D1->65ee548d-8fb1-4c1c-b22d-f30af36245e1@group-2478695C1097, cid=44, SUCCESS, logIndex=3, commits[65ee548d-8fb1-4c1c-b22d-f30af36245e1:c3]
]]></system-out>
  </testcase>
  <testcase name="testListMultipartUploadParts" classname="org.apache.hadoop.ozone.client.rpc.TestOzoneAtRestEncryption" time="0.047">
    <error message="Unexpected Storage Container Exception: org.apache.hadoop.hdds.scm.container.common.helpers.StorageContainerException: ContainerID 7 creation failed" type="java.io.IOException">java.io.IOException: Unexpected Storage Container Exception: org.apache.hadoop.hdds.scm.container.common.helpers.StorageContainerException: ContainerID 7 creation failed
	at org.apache.hadoop.hdds.scm.storage.BlockOutputStream.setIoException(BlockOutputStream.java:542)
	at org.apache.hadoop.hdds.scm.storage.BlockOutputStream.validateResponse(BlockOutputStream.java:533)
	at org.apache.hadoop.hdds.scm.storage.BlockOutputStream.lambda$writeChunkToContainer$2(BlockOutputStream.java:607)
	at java.util.concurrent.CompletableFuture.uniApply(CompletableFuture.java:602)
	at java.util.concurrent.CompletableFuture$UniApply.tryFire(CompletableFuture.java:577)
	at java.util.concurrent.CompletableFuture$Completion.run(CompletableFuture.java:442)
	at java.util.concurrent.ThreadPoolExecutor.runWorker(ThreadPoolExecutor.java:1149)
	at java.util.concurrent.ThreadPoolExecutor$Worker.run(ThreadPoolExecutor.java:624)
	at java.lang.Thread.run(Thread.java:748)
Caused by: org.apache.hadoop.hdds.scm.container.common.helpers.StorageContainerException: ContainerID 7 creation failed
	at org.apache.hadoop.hdds.scm.storage.ContainerProtocolCalls.validateContainerResponse(ContainerProtocolCalls.java:536)
	at org.apache.hadoop.hdds.scm.storage.BlockOutputStream.validateResponse(BlockOutputStream.java:530)
	... 7 more
</error>
    <system-out><![CDATA[2019-07-16 15:48:38,869 INFO  rpc.RpcClient (RpcClient.java:createVolume(287)) - Creating Volume: 4d552ef0-d365-43c8-bcc5-67758e757567, with jenkins1000 as owner.
2019-07-16 15:48:38,872 INFO  rpc.RpcClient (RpcClient.java:createBucket(424)) - Creating Bucket: 4d552ef0-d365-43c8-bcc5-67758e757567/ced10381-4ed2-43b4-931f-ec75a6ef7502, with Versioning false and Storage Type set to DISK and Encryption set to false 
2019-07-16 15:48:38,898 INFO  keyvalue.KeyValueHandler (ContainerUtils.java:logAndReturnError(146)) - Operation: CreateContainer : Trace ID: 9b9a54069d607933:9b9a54069d607933:0:0 : Message: Container creation failed, due to disk out of space : Result: DISK_OUT_OF_SPACE
15:48:38.899 [grpc-default-executor-4] ERROR DNAudit - user=null | ip=null | op=WRITE_CHUNK {blockData=conID: 7 locID: 102451912302919699 bcsId: 0} | ret=FAILURE
org.apache.hadoop.hdds.scm.container.common.helpers.StorageContainerException: ContainerID 7 creation failed
	at org.apache.hadoop.ozone.container.common.impl.HddsDispatcher.dispatchRequest(HddsDispatcher.java:227) [hadoop-hdds-container-service-0.5.0-SNAPSHOT.jar:?]
	at org.apache.hadoop.ozone.container.common.impl.HddsDispatcher.dispatch(HddsDispatcher.java:148) [hadoop-hdds-container-service-0.5.0-SNAPSHOT.jar:?]
	at org.apache.hadoop.ozone.container.common.transport.server.GrpcXceiverService$1.onNext(GrpcXceiverService.java:73) [hadoop-hdds-container-service-0.5.0-SNAPSHOT.jar:?]
	at org.apache.hadoop.ozone.container.common.transport.server.GrpcXceiverService$1.onNext(GrpcXceiverService.java:61) [hadoop-hdds-container-service-0.5.0-SNAPSHOT.jar:?]
	at org.apache.ratis.thirdparty.io.grpc.stub.ServerCalls$StreamingServerCallHandler$StreamingServerCallListener.onMessage(ServerCalls.java:248) [ratis-thirdparty-misc-0.2.0.jar:0.2.0]
	at org.apache.ratis.thirdparty.io.grpc.ForwardingServerCallListener.onMessage(ForwardingServerCallListener.java:33) [ratis-thirdparty-misc-0.2.0.jar:0.2.0]
	at org.apache.ratis.thirdparty.io.grpc.Contexts$ContextualizedServerCallListener.onMessage(Contexts.java:76) [ratis-thirdparty-misc-0.2.0.jar:0.2.0]
	at org.apache.ratis.thirdparty.io.grpc.ForwardingServerCallListener.onMessage(ForwardingServerCallListener.java:33) [ratis-thirdparty-misc-0.2.0.jar:0.2.0]
	at org.apache.hadoop.hdds.tracing.GrpcServerInterceptor$1.onMessage(GrpcServerInterceptor.java:46) [hadoop-hdds-common-0.5.0-SNAPSHOT.jar:?]
	at org.apache.ratis.thirdparty.io.grpc.internal.ServerCallImpl$ServerStreamListenerImpl.messagesAvailable(ServerCallImpl.java:263) [ratis-thirdparty-misc-0.2.0.jar:0.2.0]
	at org.apache.ratis.thirdparty.io.grpc.internal.ServerImpl$JumpToApplicationThreadServerStreamListener$1MessagesAvailable.runInContext(ServerImpl.java:686) [ratis-thirdparty-misc-0.2.0.jar:0.2.0]
	at org.apache.ratis.thirdparty.io.grpc.internal.ContextRunnable.run(ContextRunnable.java:37) [ratis-thirdparty-misc-0.2.0.jar:0.2.0]
	at org.apache.ratis.thirdparty.io.grpc.internal.SerializingExecutor.run(SerializingExecutor.java:123) [ratis-thirdparty-misc-0.2.0.jar:0.2.0]
	at java.util.concurrent.ThreadPoolExecutor.runWorker(ThreadPoolExecutor.java:1149) [?:1.8.0_212]
	at java.util.concurrent.ThreadPoolExecutor$Worker.run(ThreadPoolExecutor.java:624) [?:1.8.0_212]
	at java.lang.Thread.run(Thread.java:748) [?:1.8.0_212]
2019-07-16 15:48:38,899 INFO  impl.HddsDispatcher (ContainerUtils.java:logAndReturnError(146)) - Operation: WriteChunk : Trace ID: 9b9a54069d607933:9b9a54069d607933:0:0 : Message: ContainerID 7 creation failed : Result: DISK_OUT_OF_SPACE
2019-07-16 15:48:38,901 ERROR storage.BlockOutputStream (BlockOutputStream.java:validateResponse(532)) - Unexpected Storage Container Exception: 
org.apache.hadoop.hdds.scm.container.common.helpers.StorageContainerException: ContainerID 7 creation failed
	at org.apache.hadoop.hdds.scm.storage.ContainerProtocolCalls.validateContainerResponse(ContainerProtocolCalls.java:536)
	at org.apache.hadoop.hdds.scm.storage.BlockOutputStream.validateResponse(BlockOutputStream.java:530)
	at org.apache.hadoop.hdds.scm.storage.BlockOutputStream.lambda$writeChunkToContainer$2(BlockOutputStream.java:607)
	at java.util.concurrent.CompletableFuture.uniApply(CompletableFuture.java:602)
	at java.util.concurrent.CompletableFuture$UniApply.tryFire(CompletableFuture.java:577)
	at java.util.concurrent.CompletableFuture$Completion.run(CompletableFuture.java:442)
	at java.util.concurrent.ThreadPoolExecutor.runWorker(ThreadPoolExecutor.java:1149)
	at java.util.concurrent.ThreadPoolExecutor$Worker.run(ThreadPoolExecutor.java:624)
	at java.lang.Thread.run(Thread.java:748)
15:48:38.903 [grpc-default-executor-4] ERROR DNAudit - user=null | ip=null | op=PUT_BLOCK {blockData=[blockId=conID: 7 locID: 102451912302919699 bcsId: 0,size=1048576]} | ret=FAILURE
org.apache.hadoop.hdds.scm.container.common.helpers.StorageContainerException: ContainerID 7 does not exist
	at org.apache.hadoop.ozone.container.common.impl.HddsDispatcher.dispatchRequest(HddsDispatcher.java:242) [hadoop-hdds-container-service-0.5.0-SNAPSHOT.jar:?]
	at org.apache.hadoop.ozone.container.common.impl.HddsDispatcher.dispatch(HddsDispatcher.java:148) [hadoop-hdds-container-service-0.5.0-SNAPSHOT.jar:?]
	at org.apache.hadoop.ozone.container.common.transport.server.GrpcXceiverService$1.onNext(GrpcXceiverService.java:73) [hadoop-hdds-container-service-0.5.0-SNAPSHOT.jar:?]
	at org.apache.hadoop.ozone.container.common.transport.server.GrpcXceiverService$1.onNext(GrpcXceiverService.java:61) [hadoop-hdds-container-service-0.5.0-SNAPSHOT.jar:?]
	at org.apache.ratis.thirdparty.io.grpc.stub.ServerCalls$StreamingServerCallHandler$StreamingServerCallListener.onMessage(ServerCalls.java:248) [ratis-thirdparty-misc-0.2.0.jar:0.2.0]
	at org.apache.ratis.thirdparty.io.grpc.ForwardingServerCallListener.onMessage(ForwardingServerCallListener.java:33) [ratis-thirdparty-misc-0.2.0.jar:0.2.0]
	at org.apache.ratis.thirdparty.io.grpc.Contexts$ContextualizedServerCallListener.onMessage(Contexts.java:76) [ratis-thirdparty-misc-0.2.0.jar:0.2.0]
	at org.apache.ratis.thirdparty.io.grpc.ForwardingServerCallListener.onMessage(ForwardingServerCallListener.java:33) [ratis-thirdparty-misc-0.2.0.jar:0.2.0]
	at org.apache.hadoop.hdds.tracing.GrpcServerInterceptor$1.onMessage(GrpcServerInterceptor.java:46) [hadoop-hdds-common-0.5.0-SNAPSHOT.jar:?]
	at org.apache.ratis.thirdparty.io.grpc.internal.ServerCallImpl$ServerStreamListenerImpl.messagesAvailable(ServerCallImpl.java:263) [ratis-thirdparty-misc-0.2.0.jar:0.2.0]
	at org.apache.ratis.thirdparty.io.grpc.internal.ServerImpl$JumpToApplicationThreadServerStreamListener$1MessagesAvailable.runInContext(ServerImpl.java:686) [ratis-thirdparty-misc-0.2.0.jar:0.2.0]
	at org.apache.ratis.thirdparty.io.grpc.internal.ContextRunnable.run(ContextRunnable.java:37) [ratis-thirdparty-misc-0.2.0.jar:0.2.0]
	at org.apache.ratis.thirdparty.io.grpc.internal.SerializingExecutor.run(SerializingExecutor.java:123) [ratis-thirdparty-misc-0.2.0.jar:0.2.0]
	at java.util.concurrent.ThreadPoolExecutor.runWorker(ThreadPoolExecutor.java:1149) [?:1.8.0_212]
	at java.util.concurrent.ThreadPoolExecutor$Worker.run(ThreadPoolExecutor.java:624) [?:1.8.0_212]
	at java.lang.Thread.run(Thread.java:748) [?:1.8.0_212]
2019-07-16 15:48:38,903 INFO  impl.HddsDispatcher (ContainerUtils.java:logAndReturnError(146)) - Operation: PutBlock : Trace ID: ed1562e45b0f3a86:ed1562e45b0f3a86:0:0 : Message: ContainerID 7 does not exist : Result: CONTAINER_NOT_FOUND
2019-07-16 15:48:38,911 INFO  keyvalue.KeyValueHandler (ContainerUtils.java:logAndReturnError(146)) - Operation: CreateContainer : Trace ID: 83cd044402952bea:83cd044402952bea:0:0 : Message: Container creation failed, due to disk out of space : Result: DISK_OUT_OF_SPACE
15:48:38.911 [grpc-default-executor-4] ERROR DNAudit - user=null | ip=null | op=WRITE_CHUNK {blockData=conID: 7 locID: 102451912302919699 bcsId: 0} | ret=FAILURE
org.apache.hadoop.hdds.scm.container.common.helpers.StorageContainerException: ContainerID 7 creation failed
	at org.apache.hadoop.ozone.container.common.impl.HddsDispatcher.dispatchRequest(HddsDispatcher.java:227) [hadoop-hdds-container-service-0.5.0-SNAPSHOT.jar:?]
	at org.apache.hadoop.ozone.container.common.impl.HddsDispatcher.dispatch(HddsDispatcher.java:148) [hadoop-hdds-container-service-0.5.0-SNAPSHOT.jar:?]
	at org.apache.hadoop.ozone.container.common.transport.server.GrpcXceiverService$1.onNext(GrpcXceiverService.java:73) [hadoop-hdds-container-service-0.5.0-SNAPSHOT.jar:?]
	at org.apache.hadoop.ozone.container.common.transport.server.GrpcXceiverService$1.onNext(GrpcXceiverService.java:61) [hadoop-hdds-container-service-0.5.0-SNAPSHOT.jar:?]
	at org.apache.ratis.thirdparty.io.grpc.stub.ServerCalls$StreamingServerCallHandler$StreamingServerCallListener.onMessage(ServerCalls.java:248) [ratis-thirdparty-misc-0.2.0.jar:0.2.0]
	at org.apache.ratis.thirdparty.io.grpc.ForwardingServerCallListener.onMessage(ForwardingServerCallListener.java:33) [ratis-thirdparty-misc-0.2.0.jar:0.2.0]
	at org.apache.ratis.thirdparty.io.grpc.Contexts$ContextualizedServerCallListener.onMessage(Contexts.java:76) [ratis-thirdparty-misc-0.2.0.jar:0.2.0]
	at org.apache.ratis.thirdparty.io.grpc.ForwardingServerCallListener.onMessage(ForwardingServerCallListener.java:33) [ratis-thirdparty-misc-0.2.0.jar:0.2.0]
	at org.apache.hadoop.hdds.tracing.GrpcServerInterceptor$1.onMessage(GrpcServerInterceptor.java:46) [hadoop-hdds-common-0.5.0-SNAPSHOT.jar:?]
	at org.apache.ratis.thirdparty.io.grpc.internal.ServerCallImpl$ServerStreamListenerImpl.messagesAvailable(ServerCallImpl.java:263) [ratis-thirdparty-misc-0.2.0.jar:0.2.0]
	at org.apache.ratis.thirdparty.io.grpc.internal.ServerImpl$JumpToApplicationThreadServerStreamListener$1MessagesAvailable.runInContext(ServerImpl.java:686) [ratis-thirdparty-misc-0.2.0.jar:0.2.0]
	at org.apache.ratis.thirdparty.io.grpc.internal.ContextRunnable.run(ContextRunnable.java:37) [ratis-thirdparty-misc-0.2.0.jar:0.2.0]
	at org.apache.ratis.thirdparty.io.grpc.internal.SerializingExecutor.run(SerializingExecutor.java:123) [ratis-thirdparty-misc-0.2.0.jar:0.2.0]
	at java.util.concurrent.ThreadPoolExecutor.runWorker(ThreadPoolExecutor.java:1149) [?:1.8.0_212]
	at java.util.concurrent.ThreadPoolExecutor$Worker.run(ThreadPoolExecutor.java:624) [?:1.8.0_212]
	at java.lang.Thread.run(Thread.java:748) [?:1.8.0_212]
2019-07-16 15:48:38,911 INFO  impl.HddsDispatcher (ContainerUtils.java:logAndReturnError(146)) - Operation: WriteChunk : Trace ID: 83cd044402952bea:83cd044402952bea:0:0 : Message: ContainerID 7 creation failed : Result: DISK_OUT_OF_SPACE
]]></system-out>
  </testcase>
  <testcase name="testNativeAclsForBucket" classname="org.apache.hadoop.ozone.client.rpc.TestOzoneAtRestEncryption" time="0.065"/>
  <testcase name="testPutKeyRatisThreeNodesParallel" classname="org.apache.hadoop.ozone.client.rpc.TestOzoneAtRestEncryption" time="0">
    <skipped message="Debug Jenkins Timeout"/>
  </testcase>
  <testcase name="testDeleteS3NonExistingBucket" classname="org.apache.hadoop.ozone.client.rpc.TestOzoneAtRestEncryption" time="0.005"/>
  <testcase name="testListPartsWithInvalidUploadID" classname="org.apache.hadoop.ozone.client.rpc.TestOzoneAtRestEncryption" time="0.015"/>
  <testcase name="testUploadPartOverrideWithRatis" classname="org.apache.hadoop.ozone.client.rpc.TestOzoneAtRestEncryption" time="0.118">
    <error message="Unexpected Storage Container Exception: org.apache.hadoop.hdds.scm.container.common.helpers.StorageContainerException: ContainerID 9 does not exist" type="java.io.IOException">java.io.IOException: Unexpected Storage Container Exception: org.apache.hadoop.hdds.scm.container.common.helpers.StorageContainerException: ContainerID 9 does not exist
	at org.apache.hadoop.hdds.scm.storage.BlockOutputStream.setIoException(BlockOutputStream.java:542)
	at org.apache.hadoop.hdds.scm.storage.BlockOutputStream.validateResponse(BlockOutputStream.java:533)
	at org.apache.hadoop.hdds.scm.storage.BlockOutputStream.lambda$writeChunkToContainer$2(BlockOutputStream.java:607)
	at java.util.concurrent.CompletableFuture.uniApply(CompletableFuture.java:602)
	at java.util.concurrent.CompletableFuture$UniApply.tryFire(CompletableFuture.java:577)
	at java.util.concurrent.CompletableFuture$Completion.run(CompletableFuture.java:442)
	at java.util.concurrent.ThreadPoolExecutor.runWorker(ThreadPoolExecutor.java:1149)
	at java.util.concurrent.ThreadPoolExecutor$Worker.run(ThreadPoolExecutor.java:624)
	at java.lang.Thread.run(Thread.java:748)
Caused by: org.apache.hadoop.hdds.scm.container.common.helpers.StorageContainerException: ContainerID 9 does not exist
	at org.apache.hadoop.hdds.scm.storage.ContainerProtocolCalls.validateContainerResponse(ContainerProtocolCalls.java:536)
	at org.apache.hadoop.hdds.scm.storage.BlockOutputStream.validateResponse(BlockOutputStream.java:530)
	... 7 more
</error>
    <system-out><![CDATA[2019-07-16 15:48:39,002 INFO  rpc.RpcClient (RpcClient.java:createVolume(287)) - Creating Volume: 316b2991-56f0-4864-9eff-392d6a93908f, with jenkins1000 as owner.
2019-07-16 15:48:39,005 INFO  rpc.RpcClient (RpcClient.java:createBucket(424)) - Creating Bucket: 316b2991-56f0-4864-9eff-392d6a93908f/34d94c58-5b12-4782-a99f-685cb1cbbe89, with Versioning false and Storage Type set to DISK and Encryption set to false 
2019-07-16 15:48:39,026 INFO  client.GrpcClientProtocolClient (GrpcClientProtocolClient.java:onNext(255)) - client-EFD33480B4BD->65ee548d-8fb1-4c1c-b22d-f30af36245e1: receive RaftClientReply:client-EFD33480B4BD->65ee548d-8fb1-4c1c-b22d-f30af36245e1@group-A89E1C811B5D, cid=45, FAILED org.apache.ratis.protocol.NotLeaderException: Server 65ee548d-8fb1-4c1c-b22d-f30af36245e1 is not the leader (0012b277-f3b4-4574-b854-c69d8b8b19fb:192.168.69.88:37142). Request must be sent to leader., logIndex=0, commits[65ee548d-8fb1-4c1c-b22d-f30af36245e1:c15, 0012b277-f3b4-4574-b854-c69d8b8b19fb:c15, 9d91b821-e7e1-46c7-b6f6-1164e13f3480:c15]
2019-07-16 15:48:39,040 INFO  keyvalue.KeyValueHandler (ContainerUtils.java:logAndReturnError(146)) - Operation: CreateContainer : Trace ID: 624d13ea0b0dfdc7:624d13ea0b0dfdc7:0:0 : Message: Container creation failed, due to disk out of space : Result: DISK_OUT_OF_SPACE
15:48:39.041 [pool-199-thread-13] ERROR DNAudit - user=null | ip=null | op=WRITE_CHUNK {blockData=conID: 9 locID: 102451912311635990 bcsId: 0} | ret=FAILURE
org.apache.hadoop.hdds.scm.container.common.helpers.StorageContainerException: ContainerID 9 creation failed
	at org.apache.hadoop.ozone.container.common.impl.HddsDispatcher.dispatchRequest(HddsDispatcher.java:227) ~[hadoop-hdds-container-service-0.5.0-SNAPSHOT.jar:?]
	at org.apache.hadoop.ozone.container.common.impl.HddsDispatcher.dispatch(HddsDispatcher.java:148) ~[hadoop-hdds-container-service-0.5.0-SNAPSHOT.jar:?]
	at org.apache.hadoop.ozone.container.common.transport.server.ratis.ContainerStateMachine.dispatchCommand(ContainerStateMachine.java:358) ~[hadoop-hdds-container-service-0.5.0-SNAPSHOT.jar:?]
	at org.apache.hadoop.ozone.container.common.transport.server.ratis.ContainerStateMachine.runCommand(ContainerStateMachine.java:365) ~[hadoop-hdds-container-service-0.5.0-SNAPSHOT.jar:?]
	at org.apache.hadoop.ozone.container.common.transport.server.ratis.ContainerStateMachine.lambda$handleWriteChunk$0(ContainerStateMachine.java:396) ~[hadoop-hdds-container-service-0.5.0-SNAPSHOT.jar:?]
	at java.util.concurrent.CompletableFuture$AsyncSupply.run(CompletableFuture.java:1590) [?:1.8.0_212]
	at java.util.concurrent.ThreadPoolExecutor.runWorker(ThreadPoolExecutor.java:1149) [?:1.8.0_212]
	at java.util.concurrent.ThreadPoolExecutor$Worker.run(ThreadPoolExecutor.java:624) [?:1.8.0_212]
	at java.lang.Thread.run(Thread.java:748) [?:1.8.0_212]
2019-07-16 15:48:39,041 INFO  impl.HddsDispatcher (ContainerUtils.java:logAndReturnError(146)) - Operation: WriteChunk : Trace ID: 624d13ea0b0dfdc7:624d13ea0b0dfdc7:0:0 : Message: ContainerID 9 creation failed : Result: DISK_OUT_OF_SPACE
2019-07-16 15:48:39,042 INFO  keyvalue.KeyValueHandler (ContainerUtils.java:logAndReturnError(146)) - Operation: CreateContainer : Trace ID: 624d13ea0b0dfdc7:624d13ea0b0dfdc7:0:0 : Message: Container creation failed, due to disk out of space : Result: DISK_OUT_OF_SPACE
2019-07-16 15:48:39,042 INFO  keyvalue.KeyValueHandler (ContainerUtils.java:logAndReturnError(146)) - Operation: CreateContainer : Trace ID: 624d13ea0b0dfdc7:624d13ea0b0dfdc7:0:0 : Message: Container creation failed, due to disk out of space : Result: DISK_OUT_OF_SPACE
15:48:39.042 [pool-157-thread-6] ERROR DNAudit - user=null | ip=null | op=WRITE_CHUNK {blockData=conID: 9 locID: 102451912311635990 bcsId: 0} | ret=FAILURE
org.apache.hadoop.hdds.scm.container.common.helpers.StorageContainerException: ContainerID 9 creation failed
	at org.apache.hadoop.ozone.container.common.impl.HddsDispatcher.dispatchRequest(HddsDispatcher.java:227) ~[hadoop-hdds-container-service-0.5.0-SNAPSHOT.jar:?]
	at org.apache.hadoop.ozone.container.common.impl.HddsDispatcher.dispatch(HddsDispatcher.java:148) ~[hadoop-hdds-container-service-0.5.0-SNAPSHOT.jar:?]
	at org.apache.hadoop.ozone.container.common.transport.server.ratis.ContainerStateMachine.dispatchCommand(ContainerStateMachine.java:358) ~[hadoop-hdds-container-service-0.5.0-SNAPSHOT.jar:?]
	at org.apache.hadoop.ozone.container.common.transport.server.ratis.ContainerStateMachine.runCommand(ContainerStateMachine.java:365) ~[hadoop-hdds-container-service-0.5.0-SNAPSHOT.jar:?]
	at org.apache.hadoop.ozone.container.common.transport.server.ratis.ContainerStateMachine.lambda$handleWriteChunk$0(ContainerStateMachine.java:396) ~[hadoop-hdds-container-service-0.5.0-SNAPSHOT.jar:?]
	at java.util.concurrent.CompletableFuture$AsyncSupply.run(CompletableFuture.java:1590) [?:1.8.0_212]
	at java.util.concurrent.ThreadPoolExecutor.runWorker(ThreadPoolExecutor.java:1149) [?:1.8.0_212]
	at java.util.concurrent.ThreadPoolExecutor$Worker.run(ThreadPoolExecutor.java:624) [?:1.8.0_212]
	at java.lang.Thread.run(Thread.java:748) [?:1.8.0_212]
2019-07-16 15:48:39,043 INFO  impl.HddsDispatcher (ContainerUtils.java:logAndReturnError(146)) - Operation: WriteChunk : Trace ID: 624d13ea0b0dfdc7:624d13ea0b0dfdc7:0:0 : Message: ContainerID 9 creation failed : Result: DISK_OUT_OF_SPACE
15:48:39.043 [pool-115-thread-5] ERROR DNAudit - user=null | ip=null | op=WRITE_CHUNK {blockData=conID: 9 locID: 102451912311635990 bcsId: 0} | ret=FAILURE
org.apache.hadoop.hdds.scm.container.common.helpers.StorageContainerException: ContainerID 9 creation failed
	at org.apache.hadoop.ozone.container.common.impl.HddsDispatcher.dispatchRequest(HddsDispatcher.java:227) ~[hadoop-hdds-container-service-0.5.0-SNAPSHOT.jar:?]
	at org.apache.hadoop.ozone.container.common.impl.HddsDispatcher.dispatch(HddsDispatcher.java:148) ~[hadoop-hdds-container-service-0.5.0-SNAPSHOT.jar:?]
	at org.apache.hadoop.ozone.container.common.transport.server.ratis.ContainerStateMachine.dispatchCommand(ContainerStateMachine.java:358) ~[hadoop-hdds-container-service-0.5.0-SNAPSHOT.jar:?]
	at org.apache.hadoop.ozone.container.common.transport.server.ratis.ContainerStateMachine.runCommand(ContainerStateMachine.java:365) ~[hadoop-hdds-container-service-0.5.0-SNAPSHOT.jar:?]
	at org.apache.hadoop.ozone.container.common.transport.server.ratis.ContainerStateMachine.lambda$handleWriteChunk$0(ContainerStateMachine.java:396) ~[hadoop-hdds-container-service-0.5.0-SNAPSHOT.jar:?]
	at java.util.concurrent.CompletableFuture$AsyncSupply.run(CompletableFuture.java:1590) [?:1.8.0_212]
	at java.util.concurrent.ThreadPoolExecutor.runWorker(ThreadPoolExecutor.java:1149) [?:1.8.0_212]
	at java.util.concurrent.ThreadPoolExecutor$Worker.run(ThreadPoolExecutor.java:624) [?:1.8.0_212]
	at java.lang.Thread.run(Thread.java:748) [?:1.8.0_212]
2019-07-16 15:48:39,043 INFO  impl.HddsDispatcher (ContainerUtils.java:logAndReturnError(146)) - Operation: WriteChunk : Trace ID: 624d13ea0b0dfdc7:624d13ea0b0dfdc7:0:0 : Message: ContainerID 9 creation failed : Result: DISK_OUT_OF_SPACE
15:48:39.082 [pool-209-thread-1] ERROR DNAudit - user=null | ip=null | op=WRITE_CHUNK {blockData=conID: 9 locID: 102451912311635990 bcsId: 0} | ret=FAILURE
org.apache.hadoop.hdds.scm.container.common.helpers.StorageContainerException: ContainerID 9 does not exist
	at org.apache.hadoop.ozone.container.common.impl.HddsDispatcher.dispatchRequest(HddsDispatcher.java:242) ~[hadoop-hdds-container-service-0.5.0-SNAPSHOT.jar:?]
	at org.apache.hadoop.ozone.container.common.impl.HddsDispatcher.dispatch(HddsDispatcher.java:148) ~[hadoop-hdds-container-service-0.5.0-SNAPSHOT.jar:?]
	at org.apache.hadoop.ozone.container.common.transport.server.ratis.ContainerStateMachine.dispatchCommand(ContainerStateMachine.java:358) ~[hadoop-hdds-container-service-0.5.0-SNAPSHOT.jar:?]
	at org.apache.hadoop.ozone.container.common.transport.server.ratis.ContainerStateMachine.runCommand(ContainerStateMachine.java:365) ~[hadoop-hdds-container-service-0.5.0-SNAPSHOT.jar:?]
	at org.apache.hadoop.ozone.container.common.transport.server.ratis.ContainerStateMachine.lambda$applyTransaction$5(ContainerStateMachine.java:631) ~[hadoop-hdds-container-service-0.5.0-SNAPSHOT.jar:?]
	at java.util.concurrent.CompletableFuture$AsyncSupply.run(CompletableFuture.java:1590) [?:1.8.0_212]
	at java.util.concurrent.ThreadPoolExecutor.runWorker(ThreadPoolExecutor.java:1149) [?:1.8.0_212]
	at java.util.concurrent.ThreadPoolExecutor$Worker.run(ThreadPoolExecutor.java:624) [?:1.8.0_212]
	at java.lang.Thread.run(Thread.java:748) [?:1.8.0_212]
2019-07-16 15:48:39,082 INFO  impl.HddsDispatcher (ContainerUtils.java:logAndReturnError(146)) - Operation: WriteChunk : Trace ID: 624d13ea0b0dfdc7:624d13ea0b0dfdc7:0:0 : Message: ContainerID 9 does not exist : Result: CONTAINER_NOT_FOUND
15:48:39.089 [pool-125-thread-1] ERROR DNAudit - user=null | ip=null | op=WRITE_CHUNK {blockData=conID: 9 locID: 102451912311635990 bcsId: 0} | ret=FAILURE
org.apache.hadoop.hdds.scm.container.common.helpers.StorageContainerException: ContainerID 9 does not exist
	at org.apache.hadoop.ozone.container.common.impl.HddsDispatcher.dispatchRequest(HddsDispatcher.java:242) ~[hadoop-hdds-container-service-0.5.0-SNAPSHOT.jar:?]
	at org.apache.hadoop.ozone.container.common.impl.HddsDispatcher.dispatch(HddsDispatcher.java:148) ~[hadoop-hdds-container-service-0.5.0-SNAPSHOT.jar:?]
	at org.apache.hadoop.ozone.container.common.transport.server.ratis.ContainerStateMachine.dispatchCommand(ContainerStateMachine.java:358) ~[hadoop-hdds-container-service-0.5.0-SNAPSHOT.jar:?]
	at org.apache.hadoop.ozone.container.common.transport.server.ratis.ContainerStateMachine.runCommand(ContainerStateMachine.java:365) ~[hadoop-hdds-container-service-0.5.0-SNAPSHOT.jar:?]
	at org.apache.hadoop.ozone.container.common.transport.server.ratis.ContainerStateMachine.lambda$applyTransaction$5(ContainerStateMachine.java:631) ~[hadoop-hdds-container-service-0.5.0-SNAPSHOT.jar:?]
	at java.util.concurrent.CompletableFuture$AsyncSupply.run(CompletableFuture.java:1590) [?:1.8.0_212]
	at java.util.concurrent.ThreadPoolExecutor.runWorker(ThreadPoolExecutor.java:1149) [?:1.8.0_212]
	at java.util.concurrent.ThreadPoolExecutor$Worker.run(ThreadPoolExecutor.java:624) [?:1.8.0_212]
	at java.lang.Thread.run(Thread.java:748) [?:1.8.0_212]
2019-07-16 15:48:39,089 INFO  client.GrpcClientProtocolClient (GrpcClientProtocolClient.java:onNext(255)) - client-EFD33480B4BD->0012b277-f3b4-4574-b854-c69d8b8b19fb: receive RaftClientReply:client-EFD33480B4BD->0012b277-f3b4-4574-b854-c69d8b8b19fb@group-A89E1C811B5D, cid=45, SUCCESS, logIndex=16, commits[0012b277-f3b4-4574-b854-c69d8b8b19fb:c16, 65ee548d-8fb1-4c1c-b22d-f30af36245e1:c15, 9d91b821-e7e1-46c7-b6f6-1164e13f3480:c15]
2019-07-16 15:48:39,089 INFO  impl.HddsDispatcher (ContainerUtils.java:logAndReturnError(146)) - Operation: WriteChunk : Trace ID: 624d13ea0b0dfdc7:624d13ea0b0dfdc7:0:0 : Message: ContainerID 9 does not exist : Result: CONTAINER_NOT_FOUND
15:48:39.089 [pool-167-thread-1] ERROR DNAudit - user=null | ip=null | op=WRITE_CHUNK {blockData=conID: 9 locID: 102451912311635990 bcsId: 0} | ret=FAILURE
org.apache.hadoop.hdds.scm.container.common.helpers.StorageContainerException: ContainerID 9 does not exist
	at org.apache.hadoop.ozone.container.common.impl.HddsDispatcher.dispatchRequest(HddsDispatcher.java:242) ~[hadoop-hdds-container-service-0.5.0-SNAPSHOT.jar:?]
	at org.apache.hadoop.ozone.container.common.impl.HddsDispatcher.dispatch(HddsDispatcher.java:148) ~[hadoop-hdds-container-service-0.5.0-SNAPSHOT.jar:?]
	at org.apache.hadoop.ozone.container.common.transport.server.ratis.ContainerStateMachine.dispatchCommand(ContainerStateMachine.java:358) ~[hadoop-hdds-container-service-0.5.0-SNAPSHOT.jar:?]
	at org.apache.hadoop.ozone.container.common.transport.server.ratis.ContainerStateMachine.runCommand(ContainerStateMachine.java:365) ~[hadoop-hdds-container-service-0.5.0-SNAPSHOT.jar:?]
	at org.apache.hadoop.ozone.container.common.transport.server.ratis.ContainerStateMachine.lambda$applyTransaction$5(ContainerStateMachine.java:631) ~[hadoop-hdds-container-service-0.5.0-SNAPSHOT.jar:?]
	at java.util.concurrent.CompletableFuture$AsyncSupply.run(CompletableFuture.java:1590) [?:1.8.0_212]
	at java.util.concurrent.ThreadPoolExecutor.runWorker(ThreadPoolExecutor.java:1149) [?:1.8.0_212]
	at java.util.concurrent.ThreadPoolExecutor$Worker.run(ThreadPoolExecutor.java:624) [?:1.8.0_212]
	at java.lang.Thread.run(Thread.java:748) [?:1.8.0_212]
2019-07-16 15:48:39,090 INFO  impl.HddsDispatcher (ContainerUtils.java:logAndReturnError(146)) - Operation: WriteChunk : Trace ID: 624d13ea0b0dfdc7:624d13ea0b0dfdc7:0:0 : Message: ContainerID 9 does not exist : Result: CONTAINER_NOT_FOUND
2019-07-16 15:48:39,093 ERROR storage.BlockOutputStream (BlockOutputStream.java:validateResponse(532)) - Unexpected Storage Container Exception: 
org.apache.hadoop.hdds.scm.container.common.helpers.StorageContainerException: ContainerID 9 does not exist
	at org.apache.hadoop.hdds.scm.storage.ContainerProtocolCalls.validateContainerResponse(ContainerProtocolCalls.java:536)
	at org.apache.hadoop.hdds.scm.storage.BlockOutputStream.validateResponse(BlockOutputStream.java:530)
	at org.apache.hadoop.hdds.scm.storage.BlockOutputStream.lambda$writeChunkToContainer$2(BlockOutputStream.java:607)
	at java.util.concurrent.CompletableFuture.uniApply(CompletableFuture.java:602)
	at java.util.concurrent.CompletableFuture$UniApply.tryFire(CompletableFuture.java:577)
	at java.util.concurrent.CompletableFuture$Completion.run(CompletableFuture.java:442)
	at java.util.concurrent.ThreadPoolExecutor.runWorker(ThreadPoolExecutor.java:1149)
	at java.util.concurrent.ThreadPoolExecutor$Worker.run(ThreadPoolExecutor.java:624)
	at java.lang.Thread.run(Thread.java:748)
15:48:39.107 [pool-209-thread-1] ERROR DNAudit - user=null | ip=null | op=PUT_BLOCK {blockData=[blockId=conID: 9 locID: 102451912311635990 bcsId: 0,size=12]} | ret=FAILURE
org.apache.hadoop.hdds.scm.container.common.helpers.StorageContainerException: ContainerID 9 does not exist
	at org.apache.hadoop.ozone.container.common.impl.HddsDispatcher.dispatchRequest(HddsDispatcher.java:242) ~[hadoop-hdds-container-service-0.5.0-SNAPSHOT.jar:?]
	at org.apache.hadoop.ozone.container.common.impl.HddsDispatcher.dispatch(HddsDispatcher.java:148) ~[hadoop-hdds-container-service-0.5.0-SNAPSHOT.jar:?]
	at org.apache.hadoop.ozone.container.common.transport.server.ratis.ContainerStateMachine.dispatchCommand(ContainerStateMachine.java:358) ~[hadoop-hdds-container-service-0.5.0-SNAPSHOT.jar:?]
	at org.apache.hadoop.ozone.container.common.transport.server.ratis.ContainerStateMachine.runCommand(ContainerStateMachine.java:365) ~[hadoop-hdds-container-service-0.5.0-SNAPSHOT.jar:?]
	at org.apache.hadoop.ozone.container.common.transport.server.ratis.ContainerStateMachine.lambda$applyTransaction$5(ContainerStateMachine.java:631) ~[hadoop-hdds-container-service-0.5.0-SNAPSHOT.jar:?]
	at java.util.concurrent.CompletableFuture$AsyncSupply.run(CompletableFuture.java:1590) [?:1.8.0_212]
	at java.util.concurrent.ThreadPoolExecutor.runWorker(ThreadPoolExecutor.java:1149) [?:1.8.0_212]
	at java.util.concurrent.ThreadPoolExecutor$Worker.run(ThreadPoolExecutor.java:624) [?:1.8.0_212]
	at java.lang.Thread.run(Thread.java:748) [?:1.8.0_212]
2019-07-16 15:48:39,107 INFO  impl.HddsDispatcher (ContainerUtils.java:logAndReturnError(146)) - Operation: PutBlock : Trace ID: 551e0b9ba329bebe:551e0b9ba329bebe:0:0 : Message: ContainerID 9 does not exist : Result: CONTAINER_NOT_FOUND
2019-07-16 15:48:39,114 INFO  client.GrpcClientProtocolClient (GrpcClientProtocolClient.java:onNext(255)) - client-EFD33480B4BD->0012b277-f3b4-4574-b854-c69d8b8b19fb: receive RaftClientReply:client-EFD33480B4BD->0012b277-f3b4-4574-b854-c69d8b8b19fb@group-A89E1C811B5D, cid=46, SUCCESS, logIndex=18, commits[0012b277-f3b4-4574-b854-c69d8b8b19fb:c18, 65ee548d-8fb1-4c1c-b22d-f30af36245e1:c17, 9d91b821-e7e1-46c7-b6f6-1164e13f3480:c17]
15:48:39.114 [pool-125-thread-1] ERROR DNAudit - user=null | ip=null | op=PUT_BLOCK {blockData=[blockId=conID: 9 locID: 102451912311635990 bcsId: 0,size=12]} | ret=FAILURE
org.apache.hadoop.hdds.scm.container.common.helpers.StorageContainerException: ContainerID 9 does not exist
	at org.apache.hadoop.ozone.container.common.impl.HddsDispatcher.dispatchRequest(HddsDispatcher.java:242) ~[hadoop-hdds-container-service-0.5.0-SNAPSHOT.jar:?]
	at org.apache.hadoop.ozone.container.common.impl.HddsDispatcher.dispatch(HddsDispatcher.java:148) ~[hadoop-hdds-container-service-0.5.0-SNAPSHOT.jar:?]
	at org.apache.hadoop.ozone.container.common.transport.server.ratis.ContainerStateMachine.dispatchCommand(ContainerStateMachine.java:358) ~[hadoop-hdds-container-service-0.5.0-SNAPSHOT.jar:?]
	at org.apache.hadoop.ozone.container.common.transport.server.ratis.ContainerStateMachine.runCommand(ContainerStateMachine.java:365) ~[hadoop-hdds-container-service-0.5.0-SNAPSHOT.jar:?]
	at org.apache.hadoop.ozone.container.common.transport.server.ratis.ContainerStateMachine.lambda$applyTransaction$5(ContainerStateMachine.java:631) ~[hadoop-hdds-container-service-0.5.0-SNAPSHOT.jar:?]
	at java.util.concurrent.CompletableFuture$AsyncSupply.run(CompletableFuture.java:1590) [?:1.8.0_212]
	at java.util.concurrent.ThreadPoolExecutor.runWorker(ThreadPoolExecutor.java:1149) [?:1.8.0_212]
	at java.util.concurrent.ThreadPoolExecutor$Worker.run(ThreadPoolExecutor.java:624) [?:1.8.0_212]
	at java.lang.Thread.run(Thread.java:748) [?:1.8.0_212]
15:48:39.114 [pool-167-thread-1] ERROR DNAudit - user=null | ip=null | op=PUT_BLOCK {blockData=[blockId=conID: 9 locID: 102451912311635990 bcsId: 0,size=12]} | ret=FAILURE
org.apache.hadoop.hdds.scm.container.common.helpers.StorageContainerException: ContainerID 9 does not exist
	at org.apache.hadoop.ozone.container.common.impl.HddsDispatcher.dispatchRequest(HddsDispatcher.java:242) ~[hadoop-hdds-container-service-0.5.0-SNAPSHOT.jar:?]
	at org.apache.hadoop.ozone.container.common.impl.HddsDispatcher.dispatch(HddsDispatcher.java:148) ~[hadoop-hdds-container-service-0.5.0-SNAPSHOT.jar:?]
	at org.apache.hadoop.ozone.container.common.transport.server.ratis.ContainerStateMachine.dispatchCommand(ContainerStateMachine.java:358) ~[hadoop-hdds-container-service-0.5.0-SNAPSHOT.jar:?]
	at org.apache.hadoop.ozone.container.common.transport.server.ratis.ContainerStateMachine.runCommand(ContainerStateMachine.java:365) ~[hadoop-hdds-container-service-0.5.0-SNAPSHOT.jar:?]
	at org.apache.hadoop.ozone.container.common.transport.server.ratis.ContainerStateMachine.lambda$applyTransaction$5(ContainerStateMachine.java:631) ~[hadoop-hdds-container-service-0.5.0-SNAPSHOT.jar:?]
	at java.util.concurrent.CompletableFuture$AsyncSupply.run(CompletableFuture.java:1590) [?:1.8.0_212]
	at java.util.concurrent.ThreadPoolExecutor.runWorker(ThreadPoolExecutor.java:1149) [?:1.8.0_212]
	at java.util.concurrent.ThreadPoolExecutor$Worker.run(ThreadPoolExecutor.java:624) [?:1.8.0_212]
	at java.lang.Thread.run(Thread.java:748) [?:1.8.0_212]
2019-07-16 15:48:39,118 INFO  impl.HddsDispatcher (ContainerUtils.java:logAndReturnError(146)) - Operation: PutBlock : Trace ID: 551e0b9ba329bebe:551e0b9ba329bebe:0:0 : Message: ContainerID 9 does not exist : Result: CONTAINER_NOT_FOUND
2019-07-16 15:48:39,118 INFO  impl.HddsDispatcher (ContainerUtils.java:logAndReturnError(146)) - Operation: PutBlock : Trace ID: 551e0b9ba329bebe:551e0b9ba329bebe:0:0 : Message: ContainerID 9 does not exist : Result: CONTAINER_NOT_FOUND
]]></system-out>
  </testcase>
  <testcase name="testListBucket" classname="org.apache.hadoop.ozone.client.rpc.TestOzoneAtRestEncryption" time="0.104"/>
  <testcase name="testSetBucketStorageType" classname="org.apache.hadoop.ozone.client.rpc.TestOzoneAtRestEncryption" time="0.009"/>
  <testcase name="testGetKeyDetails" classname="org.apache.hadoop.ozone.client.rpc.TestOzoneAtRestEncryption" time="0.023">
    <error message="Unexpected Storage Container Exception: org.apache.hadoop.hdds.scm.container.common.helpers.StorageContainerException: ContainerID 6 creation failed" type="java.io.IOException">java.io.IOException: Unexpected Storage Container Exception: org.apache.hadoop.hdds.scm.container.common.helpers.StorageContainerException: ContainerID 6 creation failed
	at org.apache.hadoop.hdds.scm.storage.BlockOutputStream.setIoException(BlockOutputStream.java:542)
	at org.apache.hadoop.hdds.scm.storage.BlockOutputStream.validateResponse(BlockOutputStream.java:533)
	at org.apache.hadoop.hdds.scm.storage.BlockOutputStream.lambda$writeChunkToContainer$2(BlockOutputStream.java:607)
	at java.util.concurrent.CompletableFuture.uniApply(CompletableFuture.java:602)
	at java.util.concurrent.CompletableFuture$UniApply.tryFire(CompletableFuture.java:577)
	at java.util.concurrent.CompletableFuture$Completion.run(CompletableFuture.java:442)
	at java.util.concurrent.ThreadPoolExecutor.runWorker(ThreadPoolExecutor.java:1149)
	at java.util.concurrent.ThreadPoolExecutor$Worker.run(ThreadPoolExecutor.java:624)
	at java.lang.Thread.run(Thread.java:748)
Caused by: org.apache.hadoop.hdds.scm.container.common.helpers.StorageContainerException: ContainerID 6 creation failed
	at org.apache.hadoop.hdds.scm.storage.ContainerProtocolCalls.validateContainerResponse(ContainerProtocolCalls.java:536)
	at org.apache.hadoop.hdds.scm.storage.BlockOutputStream.validateResponse(BlockOutputStream.java:530)
	... 7 more
</error>
    <system-out><![CDATA[2019-07-16 15:48:39,234 INFO  rpc.RpcClient (RpcClient.java:createVolume(287)) - Creating Volume: 81b6447d-a302-4483-aac1-f3bd9434497b, with jenkins1000 as owner.
2019-07-16 15:48:39,236 INFO  rpc.RpcClient (RpcClient.java:createBucket(424)) - Creating Bucket: 81b6447d-a302-4483-aac1-f3bd9434497b/0af97643-1a48-4f3b-89c2-942b7e31ebb6, with Versioning false and Storage Type set to DISK and Encryption set to false 
2019-07-16 15:48:39,248 INFO  keyvalue.KeyValueHandler (ContainerUtils.java:logAndReturnError(146)) - Operation: CreateContainer : Trace ID: b524d04f79df5bd7:b524d04f79df5bd7:0:0 : Message: Container creation failed, due to disk out of space : Result: DISK_OUT_OF_SPACE
15:48:39.248 [grpc-default-executor-1] ERROR DNAudit - user=null | ip=null | op=WRITE_CHUNK {blockData=conID: 6 locID: 102451912326512664 bcsId: 0} | ret=FAILURE
org.apache.hadoop.hdds.scm.container.common.helpers.StorageContainerException: ContainerID 6 creation failed
	at org.apache.hadoop.ozone.container.common.impl.HddsDispatcher.dispatchRequest(HddsDispatcher.java:227) [hadoop-hdds-container-service-0.5.0-SNAPSHOT.jar:?]
	at org.apache.hadoop.ozone.container.common.impl.HddsDispatcher.dispatch(HddsDispatcher.java:148) [hadoop-hdds-container-service-0.5.0-SNAPSHOT.jar:?]
	at org.apache.hadoop.ozone.container.common.transport.server.GrpcXceiverService$1.onNext(GrpcXceiverService.java:73) [hadoop-hdds-container-service-0.5.0-SNAPSHOT.jar:?]
	at org.apache.hadoop.ozone.container.common.transport.server.GrpcXceiverService$1.onNext(GrpcXceiverService.java:61) [hadoop-hdds-container-service-0.5.0-SNAPSHOT.jar:?]
	at org.apache.ratis.thirdparty.io.grpc.stub.ServerCalls$StreamingServerCallHandler$StreamingServerCallListener.onMessage(ServerCalls.java:248) [ratis-thirdparty-misc-0.2.0.jar:0.2.0]
	at org.apache.ratis.thirdparty.io.grpc.ForwardingServerCallListener.onMessage(ForwardingServerCallListener.java:33) [ratis-thirdparty-misc-0.2.0.jar:0.2.0]
	at org.apache.ratis.thirdparty.io.grpc.Contexts$ContextualizedServerCallListener.onMessage(Contexts.java:76) [ratis-thirdparty-misc-0.2.0.jar:0.2.0]
	at org.apache.ratis.thirdparty.io.grpc.ForwardingServerCallListener.onMessage(ForwardingServerCallListener.java:33) [ratis-thirdparty-misc-0.2.0.jar:0.2.0]
	at org.apache.hadoop.hdds.tracing.GrpcServerInterceptor$1.onMessage(GrpcServerInterceptor.java:46) [hadoop-hdds-common-0.5.0-SNAPSHOT.jar:?]
	at org.apache.ratis.thirdparty.io.grpc.internal.ServerCallImpl$ServerStreamListenerImpl.messagesAvailable(ServerCallImpl.java:263) [ratis-thirdparty-misc-0.2.0.jar:0.2.0]
	at org.apache.ratis.thirdparty.io.grpc.internal.ServerImpl$JumpToApplicationThreadServerStreamListener$1MessagesAvailable.runInContext(ServerImpl.java:686) [ratis-thirdparty-misc-0.2.0.jar:0.2.0]
	at org.apache.ratis.thirdparty.io.grpc.internal.ContextRunnable.run(ContextRunnable.java:37) [ratis-thirdparty-misc-0.2.0.jar:0.2.0]
	at org.apache.ratis.thirdparty.io.grpc.internal.SerializingExecutor.run(SerializingExecutor.java:123) [ratis-thirdparty-misc-0.2.0.jar:0.2.0]
	at java.util.concurrent.ThreadPoolExecutor.runWorker(ThreadPoolExecutor.java:1149) [?:1.8.0_212]
	at java.util.concurrent.ThreadPoolExecutor$Worker.run(ThreadPoolExecutor.java:624) [?:1.8.0_212]
	at java.lang.Thread.run(Thread.java:748) [?:1.8.0_212]
2019-07-16 15:48:39,249 INFO  impl.HddsDispatcher (ContainerUtils.java:logAndReturnError(146)) - Operation: WriteChunk : Trace ID: b524d04f79df5bd7:b524d04f79df5bd7:0:0 : Message: ContainerID 6 creation failed : Result: DISK_OUT_OF_SPACE
2019-07-16 15:48:39,250 ERROR storage.BlockOutputStream (BlockOutputStream.java:validateResponse(532)) - Unexpected Storage Container Exception: 
org.apache.hadoop.hdds.scm.container.common.helpers.StorageContainerException: ContainerID 6 creation failed
	at org.apache.hadoop.hdds.scm.storage.ContainerProtocolCalls.validateContainerResponse(ContainerProtocolCalls.java:536)
	at org.apache.hadoop.hdds.scm.storage.BlockOutputStream.validateResponse(BlockOutputStream.java:530)
	at org.apache.hadoop.hdds.scm.storage.BlockOutputStream.lambda$writeChunkToContainer$2(BlockOutputStream.java:607)
	at java.util.concurrent.CompletableFuture.uniApply(CompletableFuture.java:602)
	at java.util.concurrent.CompletableFuture$UniApply.tryFire(CompletableFuture.java:577)
	at java.util.concurrent.CompletableFuture$Completion.run(CompletableFuture.java:442)
	at java.util.concurrent.ThreadPoolExecutor.runWorker(ThreadPoolExecutor.java:1149)
	at java.util.concurrent.ThreadPoolExecutor$Worker.run(ThreadPoolExecutor.java:624)
	at java.lang.Thread.run(Thread.java:748)
15:48:39.251 [grpc-default-executor-1] ERROR DNAudit - user=null | ip=null | op=PUT_BLOCK {blockData=[blockId=conID: 6 locID: 102451912326512664 bcsId: 0,size=289]} | ret=FAILURE
org.apache.hadoop.hdds.scm.container.common.helpers.StorageContainerException: ContainerID 6 does not exist
	at org.apache.hadoop.ozone.container.common.impl.HddsDispatcher.dispatchRequest(HddsDispatcher.java:242) [hadoop-hdds-container-service-0.5.0-SNAPSHOT.jar:?]
	at org.apache.hadoop.ozone.container.common.impl.HddsDispatcher.dispatch(HddsDispatcher.java:148) [hadoop-hdds-container-service-0.5.0-SNAPSHOT.jar:?]
	at org.apache.hadoop.ozone.container.common.transport.server.GrpcXceiverService$1.onNext(GrpcXceiverService.java:73) [hadoop-hdds-container-service-0.5.0-SNAPSHOT.jar:?]
	at org.apache.hadoop.ozone.container.common.transport.server.GrpcXceiverService$1.onNext(GrpcXceiverService.java:61) [hadoop-hdds-container-service-0.5.0-SNAPSHOT.jar:?]
	at org.apache.ratis.thirdparty.io.grpc.stub.ServerCalls$StreamingServerCallHandler$StreamingServerCallListener.onMessage(ServerCalls.java:248) [ratis-thirdparty-misc-0.2.0.jar:0.2.0]
	at org.apache.ratis.thirdparty.io.grpc.ForwardingServerCallListener.onMessage(ForwardingServerCallListener.java:33) [ratis-thirdparty-misc-0.2.0.jar:0.2.0]
	at org.apache.ratis.thirdparty.io.grpc.Contexts$ContextualizedServerCallListener.onMessage(Contexts.java:76) [ratis-thirdparty-misc-0.2.0.jar:0.2.0]
	at org.apache.ratis.thirdparty.io.grpc.ForwardingServerCallListener.onMessage(ForwardingServerCallListener.java:33) [ratis-thirdparty-misc-0.2.0.jar:0.2.0]
	at org.apache.hadoop.hdds.tracing.GrpcServerInterceptor$1.onMessage(GrpcServerInterceptor.java:46) [hadoop-hdds-common-0.5.0-SNAPSHOT.jar:?]
	at org.apache.ratis.thirdparty.io.grpc.internal.ServerCallImpl$ServerStreamListenerImpl.messagesAvailable(ServerCallImpl.java:263) [ratis-thirdparty-misc-0.2.0.jar:0.2.0]
	at org.apache.ratis.thirdparty.io.grpc.internal.ServerImpl$JumpToApplicationThreadServerStreamListener$1MessagesAvailable.runInContext(ServerImpl.java:686) [ratis-thirdparty-misc-0.2.0.jar:0.2.0]
	at org.apache.ratis.thirdparty.io.grpc.internal.ContextRunnable.run(ContextRunnable.java:37) [ratis-thirdparty-misc-0.2.0.jar:0.2.0]
	at org.apache.ratis.thirdparty.io.grpc.internal.SerializingExecutor.run(SerializingExecutor.java:123) [ratis-thirdparty-misc-0.2.0.jar:0.2.0]
	at java.util.concurrent.ThreadPoolExecutor.runWorker(ThreadPoolExecutor.java:1149) [?:1.8.0_212]
	at java.util.concurrent.ThreadPoolExecutor$Worker.run(ThreadPoolExecutor.java:624) [?:1.8.0_212]
	at java.lang.Thread.run(Thread.java:748) [?:1.8.0_212]
2019-07-16 15:48:39,251 INFO  impl.HddsDispatcher (ContainerUtils.java:logAndReturnError(146)) - Operation: PutBlock : Trace ID: 27fae589d298e1c8:27fae589d298e1c8:0:0 : Message: ContainerID 6 does not exist : Result: CONTAINER_NOT_FOUND
]]></system-out>
  </testcase>
  <testcase name="testNativeAclsForPrefix" classname="org.apache.hadoop.ozone.client.rpc.TestOzoneAtRestEncryption" time="0.039">
    <error message="Unexpected Storage Container Exception: org.apache.hadoop.hdds.scm.container.common.helpers.StorageContainerException: ContainerID 7 creation failed" type="java.io.IOException">java.io.IOException: Unexpected Storage Container Exception: org.apache.hadoop.hdds.scm.container.common.helpers.StorageContainerException: ContainerID 7 creation failed
	at org.apache.hadoop.hdds.scm.storage.BlockOutputStream.setIoException(BlockOutputStream.java:542)
	at org.apache.hadoop.hdds.scm.storage.BlockOutputStream.validateResponse(BlockOutputStream.java:533)
	at org.apache.hadoop.hdds.scm.storage.BlockOutputStream.lambda$writeChunkToContainer$2(BlockOutputStream.java:607)
	at java.util.concurrent.CompletableFuture.uniApply(CompletableFuture.java:602)
	at java.util.concurrent.CompletableFuture$UniApply.tryFire(CompletableFuture.java:577)
	at java.util.concurrent.CompletableFuture$Completion.run(CompletableFuture.java:442)
	at java.util.concurrent.ThreadPoolExecutor.runWorker(ThreadPoolExecutor.java:1149)
	at java.util.concurrent.ThreadPoolExecutor$Worker.run(ThreadPoolExecutor.java:624)
	at java.lang.Thread.run(Thread.java:748)
Caused by: org.apache.hadoop.hdds.scm.container.common.helpers.StorageContainerException: ContainerID 7 creation failed
	at org.apache.hadoop.hdds.scm.storage.ContainerProtocolCalls.validateContainerResponse(ContainerProtocolCalls.java:536)
	at org.apache.hadoop.hdds.scm.storage.BlockOutputStream.validateResponse(BlockOutputStream.java:530)
	... 7 more
</error>
    <system-out><![CDATA[2019-07-16 15:48:39,257 INFO  rpc.RpcClient (RpcClient.java:createVolume(287)) - Creating Volume: 4a3e86af-7e78-4fe8-a4a0-2222a68cad75, with jenkins1000 as owner.
2019-07-16 15:48:39,260 INFO  rpc.RpcClient (RpcClient.java:createBucket(424)) - Creating Bucket: 4a3e86af-7e78-4fe8-a4a0-2222a68cad75/58b972f5-7fcb-44bf-8e1e-7f920d95decd, with Versioning false and Storage Type set to DISK and Encryption set to false 
2019-07-16 15:48:39,271 INFO  keyvalue.KeyValueHandler (ContainerUtils.java:logAndReturnError(146)) - Operation: CreateContainer : Trace ID: e3cc01a2bec0c202:e3cc01a2bec0c202:0:0 : Message: Container creation failed, due to disk out of space : Result: DISK_OUT_OF_SPACE
15:48:39.271 [grpc-default-executor-5] ERROR DNAudit - user=null | ip=null | op=WRITE_CHUNK {blockData=conID: 7 locID: 102451912328019994 bcsId: 0} | ret=FAILURE
org.apache.hadoop.hdds.scm.container.common.helpers.StorageContainerException: ContainerID 7 creation failed
	at org.apache.hadoop.ozone.container.common.impl.HddsDispatcher.dispatchRequest(HddsDispatcher.java:227) [hadoop-hdds-container-service-0.5.0-SNAPSHOT.jar:?]
	at org.apache.hadoop.ozone.container.common.impl.HddsDispatcher.dispatch(HddsDispatcher.java:148) [hadoop-hdds-container-service-0.5.0-SNAPSHOT.jar:?]
	at org.apache.hadoop.ozone.container.common.transport.server.GrpcXceiverService$1.onNext(GrpcXceiverService.java:73) [hadoop-hdds-container-service-0.5.0-SNAPSHOT.jar:?]
	at org.apache.hadoop.ozone.container.common.transport.server.GrpcXceiverService$1.onNext(GrpcXceiverService.java:61) [hadoop-hdds-container-service-0.5.0-SNAPSHOT.jar:?]
	at org.apache.ratis.thirdparty.io.grpc.stub.ServerCalls$StreamingServerCallHandler$StreamingServerCallListener.onMessage(ServerCalls.java:248) [ratis-thirdparty-misc-0.2.0.jar:0.2.0]
	at org.apache.ratis.thirdparty.io.grpc.ForwardingServerCallListener.onMessage(ForwardingServerCallListener.java:33) [ratis-thirdparty-misc-0.2.0.jar:0.2.0]
	at org.apache.ratis.thirdparty.io.grpc.Contexts$ContextualizedServerCallListener.onMessage(Contexts.java:76) [ratis-thirdparty-misc-0.2.0.jar:0.2.0]
	at org.apache.ratis.thirdparty.io.grpc.ForwardingServerCallListener.onMessage(ForwardingServerCallListener.java:33) [ratis-thirdparty-misc-0.2.0.jar:0.2.0]
	at org.apache.hadoop.hdds.tracing.GrpcServerInterceptor$1.onMessage(GrpcServerInterceptor.java:46) [hadoop-hdds-common-0.5.0-SNAPSHOT.jar:?]
	at org.apache.ratis.thirdparty.io.grpc.internal.ServerCallImpl$ServerStreamListenerImpl.messagesAvailable(ServerCallImpl.java:263) [ratis-thirdparty-misc-0.2.0.jar:0.2.0]
	at org.apache.ratis.thirdparty.io.grpc.internal.ServerImpl$JumpToApplicationThreadServerStreamListener$1MessagesAvailable.runInContext(ServerImpl.java:686) [ratis-thirdparty-misc-0.2.0.jar:0.2.0]
	at org.apache.ratis.thirdparty.io.grpc.internal.ContextRunnable.run(ContextRunnable.java:37) [ratis-thirdparty-misc-0.2.0.jar:0.2.0]
	at org.apache.ratis.thirdparty.io.grpc.internal.SerializingExecutor.run(SerializingExecutor.java:123) [ratis-thirdparty-misc-0.2.0.jar:0.2.0]
	at java.util.concurrent.ThreadPoolExecutor.runWorker(ThreadPoolExecutor.java:1149) [?:1.8.0_212]
	at java.util.concurrent.ThreadPoolExecutor$Worker.run(ThreadPoolExecutor.java:624) [?:1.8.0_212]
	at java.lang.Thread.run(Thread.java:748) [?:1.8.0_212]
2019-07-16 15:48:39,271 INFO  impl.HddsDispatcher (ContainerUtils.java:logAndReturnError(146)) - Operation: WriteChunk : Trace ID: e3cc01a2bec0c202:e3cc01a2bec0c202:0:0 : Message: ContainerID 7 creation failed : Result: DISK_OUT_OF_SPACE
2019-07-16 15:48:39,272 ERROR storage.BlockOutputStream (BlockOutputStream.java:validateResponse(532)) - Unexpected Storage Container Exception: 
org.apache.hadoop.hdds.scm.container.common.helpers.StorageContainerException: ContainerID 7 creation failed
	at org.apache.hadoop.hdds.scm.storage.ContainerProtocolCalls.validateContainerResponse(ContainerProtocolCalls.java:536)
	at org.apache.hadoop.hdds.scm.storage.BlockOutputStream.validateResponse(BlockOutputStream.java:530)
	at org.apache.hadoop.hdds.scm.storage.BlockOutputStream.lambda$writeChunkToContainer$2(BlockOutputStream.java:607)
	at java.util.concurrent.CompletableFuture.uniApply(CompletableFuture.java:602)
	at java.util.concurrent.CompletableFuture$UniApply.tryFire(CompletableFuture.java:577)
	at java.util.concurrent.CompletableFuture$Completion.run(CompletableFuture.java:442)
	at java.util.concurrent.ThreadPoolExecutor.runWorker(ThreadPoolExecutor.java:1149)
	at java.util.concurrent.ThreadPoolExecutor$Worker.run(ThreadPoolExecutor.java:624)
	at java.lang.Thread.run(Thread.java:748)
15:48:39.277 [grpc-default-executor-5] ERROR DNAudit - user=null | ip=null | op=PUT_BLOCK {blockData=[blockId=conID: 7 locID: 102451912328019994 bcsId: 0,size=2370]} | ret=FAILURE
org.apache.hadoop.hdds.scm.container.common.helpers.StorageContainerException: ContainerID 7 does not exist
	at org.apache.hadoop.ozone.container.common.impl.HddsDispatcher.dispatchRequest(HddsDispatcher.java:242) [hadoop-hdds-container-service-0.5.0-SNAPSHOT.jar:?]
	at org.apache.hadoop.ozone.container.common.impl.HddsDispatcher.dispatch(HddsDispatcher.java:148) [hadoop-hdds-container-service-0.5.0-SNAPSHOT.jar:?]
	at org.apache.hadoop.ozone.container.common.transport.server.GrpcXceiverService$1.onNext(GrpcXceiverService.java:73) [hadoop-hdds-container-service-0.5.0-SNAPSHOT.jar:?]
	at org.apache.hadoop.ozone.container.common.transport.server.GrpcXceiverService$1.onNext(GrpcXceiverService.java:61) [hadoop-hdds-container-service-0.5.0-SNAPSHOT.jar:?]
	at org.apache.ratis.thirdparty.io.grpc.stub.ServerCalls$StreamingServerCallHandler$StreamingServerCallListener.onMessage(ServerCalls.java:248) [ratis-thirdparty-misc-0.2.0.jar:0.2.0]
	at org.apache.ratis.thirdparty.io.grpc.ForwardingServerCallListener.onMessage(ForwardingServerCallListener.java:33) [ratis-thirdparty-misc-0.2.0.jar:0.2.0]
	at org.apache.ratis.thirdparty.io.grpc.Contexts$ContextualizedServerCallListener.onMessage(Contexts.java:76) [ratis-thirdparty-misc-0.2.0.jar:0.2.0]
	at org.apache.ratis.thirdparty.io.grpc.ForwardingServerCallListener.onMessage(ForwardingServerCallListener.java:33) [ratis-thirdparty-misc-0.2.0.jar:0.2.0]
	at org.apache.hadoop.hdds.tracing.GrpcServerInterceptor$1.onMessage(GrpcServerInterceptor.java:46) [hadoop-hdds-common-0.5.0-SNAPSHOT.jar:?]
	at org.apache.ratis.thirdparty.io.grpc.internal.ServerCallImpl$ServerStreamListenerImpl.messagesAvailable(ServerCallImpl.java:263) [ratis-thirdparty-misc-0.2.0.jar:0.2.0]
	at org.apache.ratis.thirdparty.io.grpc.internal.ServerImpl$JumpToApplicationThreadServerStreamListener$1MessagesAvailable.runInContext(ServerImpl.java:686) [ratis-thirdparty-misc-0.2.0.jar:0.2.0]
	at org.apache.ratis.thirdparty.io.grpc.internal.ContextRunnable.run(ContextRunnable.java:37) [ratis-thirdparty-misc-0.2.0.jar:0.2.0]
	at org.apache.ratis.thirdparty.io.grpc.internal.SerializingExecutor.run(SerializingExecutor.java:123) [ratis-thirdparty-misc-0.2.0.jar:0.2.0]
	at java.util.concurrent.ThreadPoolExecutor.runWorker(ThreadPoolExecutor.java:1149) [?:1.8.0_212]
	at java.util.concurrent.ThreadPoolExecutor$Worker.run(ThreadPoolExecutor.java:624) [?:1.8.0_212]
	at java.lang.Thread.run(Thread.java:748) [?:1.8.0_212]
2019-07-16 15:48:39,277 INFO  impl.HddsDispatcher (ContainerUtils.java:logAndReturnError(146)) - Operation: PutBlock : Trace ID: 41dab7629886e0ee:41dab7629886e0ee:0:0 : Message: ContainerID 7 does not exist : Result: CONTAINER_NOT_FOUND
]]></system-out>
  </testcase>
  <testcase name="testOMClientProxyProvider" classname="org.apache.hadoop.ozone.client.rpc.TestOzoneAtRestEncryption" time="0"/>
  <testcase name="testCreateBucketWithAllArgument" classname="org.apache.hadoop.ozone.client.rpc.TestOzoneAtRestEncryption" time="0.006"/>
  <testcase name="testRemoveBucketAcl" classname="org.apache.hadoop.ozone.client.rpc.TestOzoneAtRestEncryption" time="0.007"/>
  <testcase name="testNativeAclsForVolume" classname="org.apache.hadoop.ozone.client.rpc.TestOzoneAtRestEncryption" time="0.03"/>
  <testcase name="testDeleteS3Bucket" classname="org.apache.hadoop.ozone.client.rpc.TestOzoneAtRestEncryption" time="0.01"/>
  <testcase name="testCreateSecureS3Bucket" classname="org.apache.hadoop.ozone.client.rpc.TestOzoneAtRestEncryption" time="0.004"/>
  <testcase name="testMultipartUploadWithMissingParts" classname="org.apache.hadoop.ozone.client.rpc.TestOzoneAtRestEncryption" time="0.027"/>
  <testcase name="testListVolume" classname="org.apache.hadoop.ozone.client.rpc.TestOzoneAtRestEncryption" time="0">
    <skipped/>
  </testcase>
  <testcase name="testSetVolumeQuota" classname="org.apache.hadoop.ozone.client.rpc.TestOzoneAtRestEncryption" time="0.009"/>
  <testcase name="testDeleteBucket" classname="org.apache.hadoop.ozone.client.rpc.TestOzoneAtRestEncryption" time="0.011"/>
  <testcase name="testListKey" classname="org.apache.hadoop.ozone.client.rpc.TestOzoneAtRestEncryption" time="0.05">
    <error message="Unexpected Storage Container Exception: org.apache.hadoop.hdds.scm.container.common.helpers.StorageContainerException: ContainerID 6 creation failed" type="java.io.IOException">java.io.IOException: Unexpected Storage Container Exception: org.apache.hadoop.hdds.scm.container.common.helpers.StorageContainerException: ContainerID 6 creation failed
	at org.apache.hadoop.hdds.scm.storage.BlockOutputStream.setIoException(BlockOutputStream.java:542)
	at org.apache.hadoop.hdds.scm.storage.BlockOutputStream.validateResponse(BlockOutputStream.java:533)
	at org.apache.hadoop.hdds.scm.storage.BlockOutputStream.lambda$writeChunkToContainer$2(BlockOutputStream.java:607)
	at java.util.concurrent.CompletableFuture.uniApply(CompletableFuture.java:602)
	at java.util.concurrent.CompletableFuture$UniApply.tryFire(CompletableFuture.java:577)
	at java.util.concurrent.CompletableFuture$Completion.run(CompletableFuture.java:442)
	at java.util.concurrent.ThreadPoolExecutor.runWorker(ThreadPoolExecutor.java:1149)
	at java.util.concurrent.ThreadPoolExecutor$Worker.run(ThreadPoolExecutor.java:624)
	at java.lang.Thread.run(Thread.java:748)
Caused by: org.apache.hadoop.hdds.scm.container.common.helpers.StorageContainerException: ContainerID 6 creation failed
	at org.apache.hadoop.hdds.scm.storage.ContainerProtocolCalls.validateContainerResponse(ContainerProtocolCalls.java:536)
	at org.apache.hadoop.hdds.scm.storage.BlockOutputStream.validateResponse(BlockOutputStream.java:530)
	... 7 more
</error>
    <system-out><![CDATA[2019-07-16 15:48:39,402 INFO  rpc.RpcClient (RpcClient.java:createVolume(287)) - Creating Volume: vol-a-85446, with jenkins1000 as owner.
2019-07-16 15:48:39,403 INFO  rpc.RpcClient (RpcClient.java:createVolume(287)) - Creating Volume: vol-b-05386, with jenkins1000 as owner.
2019-07-16 15:48:39,407 INFO  rpc.RpcClient (RpcClient.java:createBucket(424)) - Creating Bucket: vol-a-85446/buc-a-12149, with Versioning false and Storage Type set to DISK and Encryption set to false 
2019-07-16 15:48:39,409 INFO  rpc.RpcClient (RpcClient.java:createBucket(424)) - Creating Bucket: vol-a-85446/buc-b-49678, with Versioning false and Storage Type set to DISK and Encryption set to false 
2019-07-16 15:48:39,410 INFO  rpc.RpcClient (RpcClient.java:createBucket(424)) - Creating Bucket: vol-b-05386/buc-a-12149, with Versioning false and Storage Type set to DISK and Encryption set to false 
2019-07-16 15:48:39,411 INFO  rpc.RpcClient (RpcClient.java:createBucket(424)) - Creating Bucket: vol-b-05386/buc-b-49678, with Versioning false and Storage Type set to DISK and Encryption set to false 
2019-07-16 15:48:39,436 INFO  keyvalue.KeyValueHandler (ContainerUtils.java:logAndReturnError(146)) - Operation: CreateContainer : Trace ID: 73c15c2ef061dd07:73c15c2ef061dd07:0:0 : Message: Container creation failed, due to disk out of space : Result: DISK_OUT_OF_SPACE
15:48:39.438 [grpc-default-executor-5] ERROR DNAudit - user=null | ip=null | op=WRITE_CHUNK {blockData=conID: 6 locID: 102451912338767902 bcsId: 0} | ret=FAILURE
org.apache.hadoop.hdds.scm.container.common.helpers.StorageContainerException: ContainerID 6 creation failed
	at org.apache.hadoop.ozone.container.common.impl.HddsDispatcher.dispatchRequest(HddsDispatcher.java:227) [hadoop-hdds-container-service-0.5.0-SNAPSHOT.jar:?]
	at org.apache.hadoop.ozone.container.common.impl.HddsDispatcher.dispatch(HddsDispatcher.java:148) [hadoop-hdds-container-service-0.5.0-SNAPSHOT.jar:?]
	at org.apache.hadoop.ozone.container.common.transport.server.GrpcXceiverService$1.onNext(GrpcXceiverService.java:73) [hadoop-hdds-container-service-0.5.0-SNAPSHOT.jar:?]
	at org.apache.hadoop.ozone.container.common.transport.server.GrpcXceiverService$1.onNext(GrpcXceiverService.java:61) [hadoop-hdds-container-service-0.5.0-SNAPSHOT.jar:?]
	at org.apache.ratis.thirdparty.io.grpc.stub.ServerCalls$StreamingServerCallHandler$StreamingServerCallListener.onMessage(ServerCalls.java:248) [ratis-thirdparty-misc-0.2.0.jar:0.2.0]
	at org.apache.ratis.thirdparty.io.grpc.ForwardingServerCallListener.onMessage(ForwardingServerCallListener.java:33) [ratis-thirdparty-misc-0.2.0.jar:0.2.0]
	at org.apache.ratis.thirdparty.io.grpc.Contexts$ContextualizedServerCallListener.onMessage(Contexts.java:76) [ratis-thirdparty-misc-0.2.0.jar:0.2.0]
	at org.apache.ratis.thirdparty.io.grpc.ForwardingServerCallListener.onMessage(ForwardingServerCallListener.java:33) [ratis-thirdparty-misc-0.2.0.jar:0.2.0]
	at org.apache.hadoop.hdds.tracing.GrpcServerInterceptor$1.onMessage(GrpcServerInterceptor.java:46) [hadoop-hdds-common-0.5.0-SNAPSHOT.jar:?]
	at org.apache.ratis.thirdparty.io.grpc.internal.ServerCallImpl$ServerStreamListenerImpl.messagesAvailable(ServerCallImpl.java:263) [ratis-thirdparty-misc-0.2.0.jar:0.2.0]
	at org.apache.ratis.thirdparty.io.grpc.internal.ServerImpl$JumpToApplicationThreadServerStreamListener$1MessagesAvailable.runInContext(ServerImpl.java:686) [ratis-thirdparty-misc-0.2.0.jar:0.2.0]
	at org.apache.ratis.thirdparty.io.grpc.internal.ContextRunnable.run(ContextRunnable.java:37) [ratis-thirdparty-misc-0.2.0.jar:0.2.0]
	at org.apache.ratis.thirdparty.io.grpc.internal.SerializingExecutor.run(SerializingExecutor.java:123) [ratis-thirdparty-misc-0.2.0.jar:0.2.0]
	at java.util.concurrent.ThreadPoolExecutor.runWorker(ThreadPoolExecutor.java:1149) [?:1.8.0_212]
	at java.util.concurrent.ThreadPoolExecutor$Worker.run(ThreadPoolExecutor.java:624) [?:1.8.0_212]
	at java.lang.Thread.run(Thread.java:748) [?:1.8.0_212]
2019-07-16 15:48:39,439 INFO  impl.HddsDispatcher (ContainerUtils.java:logAndReturnError(146)) - Operation: WriteChunk : Trace ID: 73c15c2ef061dd07:73c15c2ef061dd07:0:0 : Message: ContainerID 6 creation failed : Result: DISK_OUT_OF_SPACE
2019-07-16 15:48:39,441 ERROR storage.BlockOutputStream (BlockOutputStream.java:validateResponse(532)) - Unexpected Storage Container Exception: 
org.apache.hadoop.hdds.scm.container.common.helpers.StorageContainerException: ContainerID 6 creation failed
	at org.apache.hadoop.hdds.scm.storage.ContainerProtocolCalls.validateContainerResponse(ContainerProtocolCalls.java:536)
	at org.apache.hadoop.hdds.scm.storage.BlockOutputStream.validateResponse(BlockOutputStream.java:530)
	at org.apache.hadoop.hdds.scm.storage.BlockOutputStream.lambda$writeChunkToContainer$2(BlockOutputStream.java:607)
	at java.util.concurrent.CompletableFuture.uniApply(CompletableFuture.java:602)
	at java.util.concurrent.CompletableFuture$UniApply.tryFire(CompletableFuture.java:577)
	at java.util.concurrent.CompletableFuture$Completion.run(CompletableFuture.java:442)
	at java.util.concurrent.ThreadPoolExecutor.runWorker(ThreadPoolExecutor.java:1149)
	at java.util.concurrent.ThreadPoolExecutor$Worker.run(ThreadPoolExecutor.java:624)
	at java.lang.Thread.run(Thread.java:748)
15:48:39.443 [grpc-default-executor-5] ERROR DNAudit - user=null | ip=null | op=PUT_BLOCK {blockData=[blockId=conID: 6 locID: 102451912338767902 bcsId: 0,size=10240]} | ret=FAILURE
org.apache.hadoop.hdds.scm.container.common.helpers.StorageContainerException: ContainerID 6 does not exist
	at org.apache.hadoop.ozone.container.common.impl.HddsDispatcher.dispatchRequest(HddsDispatcher.java:242) [hadoop-hdds-container-service-0.5.0-SNAPSHOT.jar:?]
	at org.apache.hadoop.ozone.container.common.impl.HddsDispatcher.dispatch(HddsDispatcher.java:148) [hadoop-hdds-container-service-0.5.0-SNAPSHOT.jar:?]
	at org.apache.hadoop.ozone.container.common.transport.server.GrpcXceiverService$1.onNext(GrpcXceiverService.java:73) [hadoop-hdds-container-service-0.5.0-SNAPSHOT.jar:?]
	at org.apache.hadoop.ozone.container.common.transport.server.GrpcXceiverService$1.onNext(GrpcXceiverService.java:61) [hadoop-hdds-container-service-0.5.0-SNAPSHOT.jar:?]
	at org.apache.ratis.thirdparty.io.grpc.stub.ServerCalls$StreamingServerCallHandler$StreamingServerCallListener.onMessage(ServerCalls.java:248) [ratis-thirdparty-misc-0.2.0.jar:0.2.0]
	at org.apache.ratis.thirdparty.io.grpc.ForwardingServerCallListener.onMessage(ForwardingServerCallListener.java:33) [ratis-thirdparty-misc-0.2.0.jar:0.2.0]
	at org.apache.ratis.thirdparty.io.grpc.Contexts$ContextualizedServerCallListener.onMessage(Contexts.java:76) [ratis-thirdparty-misc-0.2.0.jar:0.2.0]
	at org.apache.ratis.thirdparty.io.grpc.ForwardingServerCallListener.onMessage(ForwardingServerCallListener.java:33) [ratis-thirdparty-misc-0.2.0.jar:0.2.0]
	at org.apache.hadoop.hdds.tracing.GrpcServerInterceptor$1.onMessage(GrpcServerInterceptor.java:46) [hadoop-hdds-common-0.5.0-SNAPSHOT.jar:?]
	at org.apache.ratis.thirdparty.io.grpc.internal.ServerCallImpl$ServerStreamListenerImpl.messagesAvailable(ServerCallImpl.java:263) [ratis-thirdparty-misc-0.2.0.jar:0.2.0]
	at org.apache.ratis.thirdparty.io.grpc.internal.ServerImpl$JumpToApplicationThreadServerStreamListener$1MessagesAvailable.runInContext(ServerImpl.java:686) [ratis-thirdparty-misc-0.2.0.jar:0.2.0]
	at org.apache.ratis.thirdparty.io.grpc.internal.ContextRunnable.run(ContextRunnable.java:37) [ratis-thirdparty-misc-0.2.0.jar:0.2.0]
	at org.apache.ratis.thirdparty.io.grpc.internal.SerializingExecutor.run(SerializingExecutor.java:123) [ratis-thirdparty-misc-0.2.0.jar:0.2.0]
	at java.util.concurrent.ThreadPoolExecutor.runWorker(ThreadPoolExecutor.java:1149) [?:1.8.0_212]
	at java.util.concurrent.ThreadPoolExecutor$Worker.run(ThreadPoolExecutor.java:624) [?:1.8.0_212]
	at java.lang.Thread.run(Thread.java:748) [?:1.8.0_212]
2019-07-16 15:48:39,444 INFO  impl.HddsDispatcher (ContainerUtils.java:logAndReturnError(146)) - Operation: PutBlock : Trace ID: 1be756b29969e05f:1be756b29969e05f:0:0 : Message: ContainerID 6 does not exist : Result: CONTAINER_NOT_FOUND
]]></system-out>
  </testcase>
  <testcase name="testListPartsInvalidPartMarker" classname="org.apache.hadoop.ozone.client.rpc.TestOzoneAtRestEncryption" time="0.009"/>
  <testcase name="testMultipartUploadWithPartsLessThanMinSize" classname="org.apache.hadoop.ozone.client.rpc.TestOzoneAtRestEncryption" time="0.027">
    <error message="Unexpected Storage Container Exception: org.apache.hadoop.hdds.scm.container.common.helpers.StorageContainerException: ContainerID 7 creation failed" type="java.io.IOException">java.io.IOException: Unexpected Storage Container Exception: org.apache.hadoop.hdds.scm.container.common.helpers.StorageContainerException: ContainerID 7 creation failed
	at org.apache.hadoop.hdds.scm.storage.BlockOutputStream.setIoException(BlockOutputStream.java:542)
	at org.apache.hadoop.hdds.scm.storage.BlockOutputStream.validateResponse(BlockOutputStream.java:533)
	at org.apache.hadoop.hdds.scm.storage.BlockOutputStream.lambda$writeChunkToContainer$2(BlockOutputStream.java:607)
	at java.util.concurrent.CompletableFuture.uniApply(CompletableFuture.java:602)
	at java.util.concurrent.CompletableFuture$UniApply.tryFire(CompletableFuture.java:577)
	at java.util.concurrent.CompletableFuture$Completion.run(CompletableFuture.java:442)
	at java.util.concurrent.ThreadPoolExecutor.runWorker(ThreadPoolExecutor.java:1149)
	at java.util.concurrent.ThreadPoolExecutor$Worker.run(ThreadPoolExecutor.java:624)
	at java.lang.Thread.run(Thread.java:748)
Caused by: org.apache.hadoop.hdds.scm.container.common.helpers.StorageContainerException: ContainerID 7 creation failed
	at org.apache.hadoop.hdds.scm.storage.ContainerProtocolCalls.validateContainerResponse(ContainerProtocolCalls.java:536)
	at org.apache.hadoop.hdds.scm.storage.BlockOutputStream.validateResponse(BlockOutputStream.java:530)
	... 7 more
</error>
    <system-out><![CDATA[2019-07-16 15:48:39,461 INFO  rpc.RpcClient (RpcClient.java:createVolume(287)) - Creating Volume: e3b862a4-6413-4ec4-b674-5497763bc143, with jenkins1000 as owner.
2019-07-16 15:48:39,464 INFO  rpc.RpcClient (RpcClient.java:createBucket(424)) - Creating Bucket: e3b862a4-6413-4ec4-b674-5497763bc143/040d0439-0ded-451b-b02b-d3786909511c, with Versioning false and Storage Type set to DISK and Encryption set to false 
2019-07-16 15:48:39,479 INFO  keyvalue.KeyValueHandler (ContainerUtils.java:logAndReturnError(146)) - Operation: CreateContainer : Trace ID: 68b58caa2055f737:68b58caa2055f737:0:0 : Message: Container creation failed, due to disk out of space : Result: DISK_OUT_OF_SPACE
15:48:39.479 [grpc-default-executor-5] ERROR DNAudit - user=null | ip=null | op=WRITE_CHUNK {blockData=conID: 7 locID: 102451912341585952 bcsId: 0} | ret=FAILURE
org.apache.hadoop.hdds.scm.container.common.helpers.StorageContainerException: ContainerID 7 creation failed
	at org.apache.hadoop.ozone.container.common.impl.HddsDispatcher.dispatchRequest(HddsDispatcher.java:227) [hadoop-hdds-container-service-0.5.0-SNAPSHOT.jar:?]
	at org.apache.hadoop.ozone.container.common.impl.HddsDispatcher.dispatch(HddsDispatcher.java:148) [hadoop-hdds-container-service-0.5.0-SNAPSHOT.jar:?]
	at org.apache.hadoop.ozone.container.common.transport.server.GrpcXceiverService$1.onNext(GrpcXceiverService.java:73) [hadoop-hdds-container-service-0.5.0-SNAPSHOT.jar:?]
	at org.apache.hadoop.ozone.container.common.transport.server.GrpcXceiverService$1.onNext(GrpcXceiverService.java:61) [hadoop-hdds-container-service-0.5.0-SNAPSHOT.jar:?]
	at org.apache.ratis.thirdparty.io.grpc.stub.ServerCalls$StreamingServerCallHandler$StreamingServerCallListener.onMessage(ServerCalls.java:248) [ratis-thirdparty-misc-0.2.0.jar:0.2.0]
	at org.apache.ratis.thirdparty.io.grpc.ForwardingServerCallListener.onMessage(ForwardingServerCallListener.java:33) [ratis-thirdparty-misc-0.2.0.jar:0.2.0]
	at org.apache.ratis.thirdparty.io.grpc.Contexts$ContextualizedServerCallListener.onMessage(Contexts.java:76) [ratis-thirdparty-misc-0.2.0.jar:0.2.0]
	at org.apache.ratis.thirdparty.io.grpc.ForwardingServerCallListener.onMessage(ForwardingServerCallListener.java:33) [ratis-thirdparty-misc-0.2.0.jar:0.2.0]
	at org.apache.hadoop.hdds.tracing.GrpcServerInterceptor$1.onMessage(GrpcServerInterceptor.java:46) [hadoop-hdds-common-0.5.0-SNAPSHOT.jar:?]
	at org.apache.ratis.thirdparty.io.grpc.internal.ServerCallImpl$ServerStreamListenerImpl.messagesAvailable(ServerCallImpl.java:263) [ratis-thirdparty-misc-0.2.0.jar:0.2.0]
	at org.apache.ratis.thirdparty.io.grpc.internal.ServerImpl$JumpToApplicationThreadServerStreamListener$1MessagesAvailable.runInContext(ServerImpl.java:686) [ratis-thirdparty-misc-0.2.0.jar:0.2.0]
	at org.apache.ratis.thirdparty.io.grpc.internal.ContextRunnable.run(ContextRunnable.java:37) [ratis-thirdparty-misc-0.2.0.jar:0.2.0]
	at org.apache.ratis.thirdparty.io.grpc.internal.SerializingExecutor.run(SerializingExecutor.java:123) [ratis-thirdparty-misc-0.2.0.jar:0.2.0]
	at java.util.concurrent.ThreadPoolExecutor.runWorker(ThreadPoolExecutor.java:1149) [?:1.8.0_212]
	at java.util.concurrent.ThreadPoolExecutor$Worker.run(ThreadPoolExecutor.java:624) [?:1.8.0_212]
	at java.lang.Thread.run(Thread.java:748) [?:1.8.0_212]
2019-07-16 15:48:39,479 INFO  impl.HddsDispatcher (ContainerUtils.java:logAndReturnError(146)) - Operation: WriteChunk : Trace ID: 68b58caa2055f737:68b58caa2055f737:0:0 : Message: ContainerID 7 creation failed : Result: DISK_OUT_OF_SPACE
2019-07-16 15:48:39,480 ERROR storage.BlockOutputStream (BlockOutputStream.java:validateResponse(532)) - Unexpected Storage Container Exception: 
org.apache.hadoop.hdds.scm.container.common.helpers.StorageContainerException: ContainerID 7 creation failed
	at org.apache.hadoop.hdds.scm.storage.ContainerProtocolCalls.validateContainerResponse(ContainerProtocolCalls.java:536)
	at org.apache.hadoop.hdds.scm.storage.BlockOutputStream.validateResponse(BlockOutputStream.java:530)
	at org.apache.hadoop.hdds.scm.storage.BlockOutputStream.lambda$writeChunkToContainer$2(BlockOutputStream.java:607)
	at java.util.concurrent.CompletableFuture.uniApply(CompletableFuture.java:602)
	at java.util.concurrent.CompletableFuture$UniApply.tryFire(CompletableFuture.java:577)
	at java.util.concurrent.CompletableFuture$Completion.run(CompletableFuture.java:442)
	at java.util.concurrent.ThreadPoolExecutor.runWorker(ThreadPoolExecutor.java:1149)
	at java.util.concurrent.ThreadPoolExecutor$Worker.run(ThreadPoolExecutor.java:624)
	at java.lang.Thread.run(Thread.java:748)
15:48:39.482 [grpc-default-executor-5] ERROR DNAudit - user=null | ip=null | op=PUT_BLOCK {blockData=[blockId=conID: 7 locID: 102451912341585952 bcsId: 0,size=4]} | ret=FAILURE
org.apache.hadoop.hdds.scm.container.common.helpers.StorageContainerException: ContainerID 7 does not exist
	at org.apache.hadoop.ozone.container.common.impl.HddsDispatcher.dispatchRequest(HddsDispatcher.java:242) [hadoop-hdds-container-service-0.5.0-SNAPSHOT.jar:?]
	at org.apache.hadoop.ozone.container.common.impl.HddsDispatcher.dispatch(HddsDispatcher.java:148) [hadoop-hdds-container-service-0.5.0-SNAPSHOT.jar:?]
	at org.apache.hadoop.ozone.container.common.transport.server.GrpcXceiverService$1.onNext(GrpcXceiverService.java:73) [hadoop-hdds-container-service-0.5.0-SNAPSHOT.jar:?]
	at org.apache.hadoop.ozone.container.common.transport.server.GrpcXceiverService$1.onNext(GrpcXceiverService.java:61) [hadoop-hdds-container-service-0.5.0-SNAPSHOT.jar:?]
	at org.apache.ratis.thirdparty.io.grpc.stub.ServerCalls$StreamingServerCallHandler$StreamingServerCallListener.onMessage(ServerCalls.java:248) [ratis-thirdparty-misc-0.2.0.jar:0.2.0]
	at org.apache.ratis.thirdparty.io.grpc.ForwardingServerCallListener.onMessage(ForwardingServerCallListener.java:33) [ratis-thirdparty-misc-0.2.0.jar:0.2.0]
	at org.apache.ratis.thirdparty.io.grpc.Contexts$ContextualizedServerCallListener.onMessage(Contexts.java:76) [ratis-thirdparty-misc-0.2.0.jar:0.2.0]
	at org.apache.ratis.thirdparty.io.grpc.ForwardingServerCallListener.onMessage(ForwardingServerCallListener.java:33) [ratis-thirdparty-misc-0.2.0.jar:0.2.0]
	at org.apache.hadoop.hdds.tracing.GrpcServerInterceptor$1.onMessage(GrpcServerInterceptor.java:46) [hadoop-hdds-common-0.5.0-SNAPSHOT.jar:?]
	at org.apache.ratis.thirdparty.io.grpc.internal.ServerCallImpl$ServerStreamListenerImpl.messagesAvailable(ServerCallImpl.java:263) [ratis-thirdparty-misc-0.2.0.jar:0.2.0]
	at org.apache.ratis.thirdparty.io.grpc.internal.ServerImpl$JumpToApplicationThreadServerStreamListener$1MessagesAvailable.runInContext(ServerImpl.java:686) [ratis-thirdparty-misc-0.2.0.jar:0.2.0]
	at org.apache.ratis.thirdparty.io.grpc.internal.ContextRunnable.run(ContextRunnable.java:37) [ratis-thirdparty-misc-0.2.0.jar:0.2.0]
	at org.apache.ratis.thirdparty.io.grpc.internal.SerializingExecutor.run(SerializingExecutor.java:123) [ratis-thirdparty-misc-0.2.0.jar:0.2.0]
	at java.util.concurrent.ThreadPoolExecutor.runWorker(ThreadPoolExecutor.java:1149) [?:1.8.0_212]
	at java.util.concurrent.ThreadPoolExecutor$Worker.run(ThreadPoolExecutor.java:624) [?:1.8.0_212]
	at java.lang.Thread.run(Thread.java:748) [?:1.8.0_212]
2019-07-16 15:48:39,482 INFO  impl.HddsDispatcher (ContainerUtils.java:logAndReturnError(146)) - Operation: PutBlock : Trace ID: e3ae0ff4e243aad4:e3ae0ff4e243aad4:0:0 : Message: ContainerID 7 does not exist : Result: CONTAINER_NOT_FOUND
]]></system-out>
  </testcase>
  <testcase name="testPutKeyRatisOneNode" classname="org.apache.hadoop.ozone.client.rpc.TestOzoneAtRestEncryption" time="0.071">
    <error message="Unexpected Storage Container Exception: org.apache.hadoop.hdds.scm.container.common.helpers.StorageContainerException: ContainerID 10 does not exist" type="java.io.IOException">java.io.IOException: Unexpected Storage Container Exception: org.apache.hadoop.hdds.scm.container.common.helpers.StorageContainerException: ContainerID 10 does not exist
	at org.apache.hadoop.hdds.scm.storage.BlockOutputStream.setIoException(BlockOutputStream.java:542)
	at org.apache.hadoop.hdds.scm.storage.BlockOutputStream.validateResponse(BlockOutputStream.java:533)
	at org.apache.hadoop.hdds.scm.storage.BlockOutputStream.lambda$writeChunkToContainer$2(BlockOutputStream.java:607)
	at java.util.concurrent.CompletableFuture.uniApply(CompletableFuture.java:602)
	at java.util.concurrent.CompletableFuture$UniApply.tryFire(CompletableFuture.java:577)
	at java.util.concurrent.CompletableFuture$Completion.run(CompletableFuture.java:442)
	at java.util.concurrent.ThreadPoolExecutor.runWorker(ThreadPoolExecutor.java:1149)
	at java.util.concurrent.ThreadPoolExecutor$Worker.run(ThreadPoolExecutor.java:624)
	at java.lang.Thread.run(Thread.java:748)
Caused by: org.apache.hadoop.hdds.scm.container.common.helpers.StorageContainerException: ContainerID 10 does not exist
	at org.apache.hadoop.hdds.scm.storage.ContainerProtocolCalls.validateContainerResponse(ContainerProtocolCalls.java:536)
	at org.apache.hadoop.hdds.scm.storage.BlockOutputStream.validateResponse(BlockOutputStream.java:530)
	... 7 more
</error>
    <system-out><![CDATA[2019-07-16 15:48:39,488 INFO  rpc.RpcClient (RpcClient.java:createVolume(287)) - Creating Volume: b32b8c4e-e104-42c5-80af-1cc8c71f13ca, with jenkins1000 as owner.
2019-07-16 15:48:39,490 INFO  rpc.RpcClient (RpcClient.java:createBucket(424)) - Creating Bucket: b32b8c4e-e104-42c5-80af-1cc8c71f13ca/dec9dc1f-d40f-49c2-8f40-1580b436ac85, with Versioning false and Storage Type set to DISK and Encryption set to false 
2019-07-16 15:48:39,511 INFO  keyvalue.KeyValueHandler (ContainerUtils.java:logAndReturnError(146)) - Operation: CreateContainer : Trace ID: b30f3be376eefcaa:b30f3be376eefcaa:0:0 : Message: Container creation failed, due to disk out of space : Result: DISK_OUT_OF_SPACE
15:48:39.511 [pool-73-thread-2] ERROR DNAudit - user=null | ip=null | op=WRITE_CHUNK {blockData=conID: 10 locID: 102451912343420962 bcsId: 0} | ret=FAILURE
org.apache.hadoop.hdds.scm.container.common.helpers.StorageContainerException: ContainerID 10 creation failed
	at org.apache.hadoop.ozone.container.common.impl.HddsDispatcher.dispatchRequest(HddsDispatcher.java:227) ~[hadoop-hdds-container-service-0.5.0-SNAPSHOT.jar:?]
	at org.apache.hadoop.ozone.container.common.impl.HddsDispatcher.dispatch(HddsDispatcher.java:148) ~[hadoop-hdds-container-service-0.5.0-SNAPSHOT.jar:?]
	at org.apache.hadoop.ozone.container.common.transport.server.ratis.ContainerStateMachine.dispatchCommand(ContainerStateMachine.java:358) ~[hadoop-hdds-container-service-0.5.0-SNAPSHOT.jar:?]
	at org.apache.hadoop.ozone.container.common.transport.server.ratis.ContainerStateMachine.runCommand(ContainerStateMachine.java:365) ~[hadoop-hdds-container-service-0.5.0-SNAPSHOT.jar:?]
	at org.apache.hadoop.ozone.container.common.transport.server.ratis.ContainerStateMachine.lambda$handleWriteChunk$0(ContainerStateMachine.java:396) ~[hadoop-hdds-container-service-0.5.0-SNAPSHOT.jar:?]
	at java.util.concurrent.CompletableFuture$AsyncSupply.run(CompletableFuture.java:1590) [?:1.8.0_212]
	at java.util.concurrent.ThreadPoolExecutor.runWorker(ThreadPoolExecutor.java:1149) [?:1.8.0_212]
	at java.util.concurrent.ThreadPoolExecutor$Worker.run(ThreadPoolExecutor.java:624) [?:1.8.0_212]
	at java.lang.Thread.run(Thread.java:748) [?:1.8.0_212]
2019-07-16 15:48:39,512 INFO  impl.HddsDispatcher (ContainerUtils.java:logAndReturnError(146)) - Operation: WriteChunk : Trace ID: b30f3be376eefcaa:b30f3be376eefcaa:0:0 : Message: ContainerID 10 creation failed : Result: DISK_OUT_OF_SPACE
15:48:39.525 [pool-74-thread-1] ERROR DNAudit - user=null | ip=null | op=WRITE_CHUNK {blockData=conID: 10 locID: 102451912343420962 bcsId: 0} | ret=FAILURE
org.apache.hadoop.hdds.scm.container.common.helpers.StorageContainerException: ContainerID 10 does not exist
	at org.apache.hadoop.ozone.container.common.impl.HddsDispatcher.dispatchRequest(HddsDispatcher.java:242) ~[hadoop-hdds-container-service-0.5.0-SNAPSHOT.jar:?]
	at org.apache.hadoop.ozone.container.common.impl.HddsDispatcher.dispatch(HddsDispatcher.java:148) ~[hadoop-hdds-container-service-0.5.0-SNAPSHOT.jar:?]
	at org.apache.hadoop.ozone.container.common.transport.server.ratis.ContainerStateMachine.dispatchCommand(ContainerStateMachine.java:358) ~[hadoop-hdds-container-service-0.5.0-SNAPSHOT.jar:?]
	at org.apache.hadoop.ozone.container.common.transport.server.ratis.ContainerStateMachine.runCommand(ContainerStateMachine.java:365) ~[hadoop-hdds-container-service-0.5.0-SNAPSHOT.jar:?]
	at org.apache.hadoop.ozone.container.common.transport.server.ratis.ContainerStateMachine.lambda$applyTransaction$5(ContainerStateMachine.java:631) ~[hadoop-hdds-container-service-0.5.0-SNAPSHOT.jar:?]
	at java.util.concurrent.CompletableFuture$AsyncSupply.run(CompletableFuture.java:1590) [?:1.8.0_212]
	at java.util.concurrent.ThreadPoolExecutor.runWorker(ThreadPoolExecutor.java:1149) [?:1.8.0_212]
	at java.util.concurrent.ThreadPoolExecutor$Worker.run(ThreadPoolExecutor.java:624) [?:1.8.0_212]
	at java.lang.Thread.run(Thread.java:748) [?:1.8.0_212]
2019-07-16 15:48:39,525 INFO  impl.HddsDispatcher (ContainerUtils.java:logAndReturnError(146)) - Operation: WriteChunk : Trace ID: b30f3be376eefcaa:b30f3be376eefcaa:0:0 : Message: ContainerID 10 does not exist : Result: CONTAINER_NOT_FOUND
2019-07-16 15:48:39,529 INFO  client.GrpcClientProtocolClient (GrpcClientProtocolClient.java:onNext(255)) - client-F3C2874A0AEB->0a708759-2782-4092-b134-8ac35b688ab7: receive RaftClientReply:client-F3C2874A0AEB->0a708759-2782-4092-b134-8ac35b688ab7@group-C1DC086629ED, cid=47, SUCCESS, logIndex=1, commits[0a708759-2782-4092-b134-8ac35b688ab7:c1]
2019-07-16 15:48:39,533 ERROR storage.BlockOutputStream (BlockOutputStream.java:validateResponse(532)) - Unexpected Storage Container Exception: 
org.apache.hadoop.hdds.scm.container.common.helpers.StorageContainerException: ContainerID 10 does not exist
	at org.apache.hadoop.hdds.scm.storage.ContainerProtocolCalls.validateContainerResponse(ContainerProtocolCalls.java:536)
	at org.apache.hadoop.hdds.scm.storage.BlockOutputStream.validateResponse(BlockOutputStream.java:530)
	at org.apache.hadoop.hdds.scm.storage.BlockOutputStream.lambda$writeChunkToContainer$2(BlockOutputStream.java:607)
	at java.util.concurrent.CompletableFuture.uniApply(CompletableFuture.java:602)
	at java.util.concurrent.CompletableFuture$UniApply.tryFire(CompletableFuture.java:577)
	at java.util.concurrent.CompletableFuture$Completion.run(CompletableFuture.java:442)
	at java.util.concurrent.ThreadPoolExecutor.runWorker(ThreadPoolExecutor.java:1149)
	at java.util.concurrent.ThreadPoolExecutor$Worker.run(ThreadPoolExecutor.java:624)
	at java.lang.Thread.run(Thread.java:748)
15:48:39.548 [pool-74-thread-1] ERROR DNAudit - user=null | ip=null | op=PUT_BLOCK {blockData=[blockId=conID: 10 locID: 102451912343420962 bcsId: 0,size=12]} | ret=FAILURE
org.apache.hadoop.hdds.scm.container.common.helpers.StorageContainerException: ContainerID 10 does not exist
	at org.apache.hadoop.ozone.container.common.impl.HddsDispatcher.dispatchRequest(HddsDispatcher.java:242) ~[hadoop-hdds-container-service-0.5.0-SNAPSHOT.jar:?]
	at org.apache.hadoop.ozone.container.common.impl.HddsDispatcher.dispatch(HddsDispatcher.java:148) ~[hadoop-hdds-container-service-0.5.0-SNAPSHOT.jar:?]
	at org.apache.hadoop.ozone.container.common.transport.server.ratis.ContainerStateMachine.dispatchCommand(ContainerStateMachine.java:358) ~[hadoop-hdds-container-service-0.5.0-SNAPSHOT.jar:?]
	at org.apache.hadoop.ozone.container.common.transport.server.ratis.ContainerStateMachine.runCommand(ContainerStateMachine.java:365) ~[hadoop-hdds-container-service-0.5.0-SNAPSHOT.jar:?]
	at org.apache.hadoop.ozone.container.common.transport.server.ratis.ContainerStateMachine.lambda$applyTransaction$5(ContainerStateMachine.java:631) ~[hadoop-hdds-container-service-0.5.0-SNAPSHOT.jar:?]
	at java.util.concurrent.CompletableFuture$AsyncSupply.run(CompletableFuture.java:1590) [?:1.8.0_212]
	at java.util.concurrent.ThreadPoolExecutor.runWorker(ThreadPoolExecutor.java:1149) [?:1.8.0_212]
	at java.util.concurrent.ThreadPoolExecutor$Worker.run(ThreadPoolExecutor.java:624) [?:1.8.0_212]
	at java.lang.Thread.run(Thread.java:748) [?:1.8.0_212]
2019-07-16 15:48:39,549 INFO  impl.HddsDispatcher (ContainerUtils.java:logAndReturnError(146)) - Operation: PutBlock : Trace ID: 9fbf8cee24772a:9fbf8cee24772a:0:0 : Message: ContainerID 10 does not exist : Result: CONTAINER_NOT_FOUND
2019-07-16 15:48:39,553 INFO  client.GrpcClientProtocolClient (GrpcClientProtocolClient.java:onNext(255)) - client-F3C2874A0AEB->0a708759-2782-4092-b134-8ac35b688ab7: receive RaftClientReply:client-F3C2874A0AEB->0a708759-2782-4092-b134-8ac35b688ab7@group-C1DC086629ED, cid=48, SUCCESS, logIndex=3, commits[0a708759-2782-4092-b134-8ac35b688ab7:c3]
]]></system-out>
  </testcase>
  <testcase name="testListS3Buckets" classname="org.apache.hadoop.ozone.client.rpc.TestOzoneAtRestEncryption" time="0.017"/>
  <testcase name="testAbortUploadSuccessWithParts" classname="org.apache.hadoop.ozone.client.rpc.TestOzoneAtRestEncryption" time="0.026"/>
  <testcase name="testListS3BucketsFail" classname="org.apache.hadoop.ozone.client.rpc.TestOzoneAtRestEncryption" time="0.004"/>
  <testcase name="testListMultipartUploadPartsWithContinuation" classname="org.apache.hadoop.ozone.client.rpc.TestOzoneAtRestEncryption" time="0.036">
    <error message="Unexpected Storage Container Exception: org.apache.hadoop.hdds.scm.container.common.helpers.StorageContainerException: ContainerID 6 creation failed" type="java.io.IOException">java.io.IOException: Unexpected Storage Container Exception: org.apache.hadoop.hdds.scm.container.common.helpers.StorageContainerException: ContainerID 6 creation failed
	at org.apache.hadoop.hdds.scm.storage.BlockOutputStream.setIoException(BlockOutputStream.java:542)
	at org.apache.hadoop.hdds.scm.storage.BlockOutputStream.validateResponse(BlockOutputStream.java:533)
	at org.apache.hadoop.hdds.scm.storage.BlockOutputStream.lambda$writeChunkToContainer$2(BlockOutputStream.java:607)
	at java.util.concurrent.CompletableFuture.uniApply(CompletableFuture.java:602)
	at java.util.concurrent.CompletableFuture$UniApply.tryFire(CompletableFuture.java:577)
	at java.util.concurrent.CompletableFuture$Completion.run(CompletableFuture.java:442)
	at java.util.concurrent.ThreadPoolExecutor.runWorker(ThreadPoolExecutor.java:1149)
	at java.util.concurrent.ThreadPoolExecutor$Worker.run(ThreadPoolExecutor.java:624)
	at java.lang.Thread.run(Thread.java:748)
Caused by: org.apache.hadoop.hdds.scm.container.common.helpers.StorageContainerException: ContainerID 6 creation failed
	at org.apache.hadoop.hdds.scm.storage.ContainerProtocolCalls.validateContainerResponse(ContainerProtocolCalls.java:536)
	at org.apache.hadoop.hdds.scm.storage.BlockOutputStream.validateResponse(BlockOutputStream.java:530)
	... 7 more
</error>
    <system-out><![CDATA[2019-07-16 15:48:39,606 INFO  rpc.RpcClient (RpcClient.java:createVolume(287)) - Creating Volume: dcdd9818-fd10-4346-ab20-9e16ce799025, with jenkins1000 as owner.
2019-07-16 15:48:39,608 INFO  rpc.RpcClient (RpcClient.java:createBucket(424)) - Creating Bucket: dcdd9818-fd10-4346-ab20-9e16ce799025/d8e5652f-61c3-48a8-9ca2-8739cceedd1b, with Versioning false and Storage Type set to DISK and Encryption set to false 
2019-07-16 15:48:39,627 INFO  keyvalue.KeyValueHandler (ContainerUtils.java:logAndReturnError(146)) - Operation: CreateContainer : Trace ID: 49bc567de733577c:49bc567de733577c:0:0 : Message: Container creation failed, due to disk out of space : Result: DISK_OUT_OF_SPACE
15:48:39.627 [grpc-default-executor-5] ERROR DNAudit - user=null | ip=null | op=WRITE_CHUNK {blockData=conID: 6 locID: 102451912351023142 bcsId: 0} | ret=FAILURE
org.apache.hadoop.hdds.scm.container.common.helpers.StorageContainerException: ContainerID 6 creation failed
	at org.apache.hadoop.ozone.container.common.impl.HddsDispatcher.dispatchRequest(HddsDispatcher.java:227) [hadoop-hdds-container-service-0.5.0-SNAPSHOT.jar:?]
	at org.apache.hadoop.ozone.container.common.impl.HddsDispatcher.dispatch(HddsDispatcher.java:148) [hadoop-hdds-container-service-0.5.0-SNAPSHOT.jar:?]
	at org.apache.hadoop.ozone.container.common.transport.server.GrpcXceiverService$1.onNext(GrpcXceiverService.java:73) [hadoop-hdds-container-service-0.5.0-SNAPSHOT.jar:?]
	at org.apache.hadoop.ozone.container.common.transport.server.GrpcXceiverService$1.onNext(GrpcXceiverService.java:61) [hadoop-hdds-container-service-0.5.0-SNAPSHOT.jar:?]
	at org.apache.ratis.thirdparty.io.grpc.stub.ServerCalls$StreamingServerCallHandler$StreamingServerCallListener.onMessage(ServerCalls.java:248) [ratis-thirdparty-misc-0.2.0.jar:0.2.0]
	at org.apache.ratis.thirdparty.io.grpc.ForwardingServerCallListener.onMessage(ForwardingServerCallListener.java:33) [ratis-thirdparty-misc-0.2.0.jar:0.2.0]
	at org.apache.ratis.thirdparty.io.grpc.Contexts$ContextualizedServerCallListener.onMessage(Contexts.java:76) [ratis-thirdparty-misc-0.2.0.jar:0.2.0]
	at org.apache.ratis.thirdparty.io.grpc.ForwardingServerCallListener.onMessage(ForwardingServerCallListener.java:33) [ratis-thirdparty-misc-0.2.0.jar:0.2.0]
	at org.apache.hadoop.hdds.tracing.GrpcServerInterceptor$1.onMessage(GrpcServerInterceptor.java:46) [hadoop-hdds-common-0.5.0-SNAPSHOT.jar:?]
	at org.apache.ratis.thirdparty.io.grpc.internal.ServerCallImpl$ServerStreamListenerImpl.messagesAvailable(ServerCallImpl.java:263) [ratis-thirdparty-misc-0.2.0.jar:0.2.0]
	at org.apache.ratis.thirdparty.io.grpc.internal.ServerImpl$JumpToApplicationThreadServerStreamListener$1MessagesAvailable.runInContext(ServerImpl.java:686) [ratis-thirdparty-misc-0.2.0.jar:0.2.0]
	at org.apache.ratis.thirdparty.io.grpc.internal.ContextRunnable.run(ContextRunnable.java:37) [ratis-thirdparty-misc-0.2.0.jar:0.2.0]
	at org.apache.ratis.thirdparty.io.grpc.internal.SerializingExecutor.run(SerializingExecutor.java:123) [ratis-thirdparty-misc-0.2.0.jar:0.2.0]
	at java.util.concurrent.ThreadPoolExecutor.runWorker(ThreadPoolExecutor.java:1149) [?:1.8.0_212]
	at java.util.concurrent.ThreadPoolExecutor$Worker.run(ThreadPoolExecutor.java:624) [?:1.8.0_212]
	at java.lang.Thread.run(Thread.java:748) [?:1.8.0_212]
2019-07-16 15:48:39,628 INFO  impl.HddsDispatcher (ContainerUtils.java:logAndReturnError(146)) - Operation: WriteChunk : Trace ID: 49bc567de733577c:49bc567de733577c:0:0 : Message: ContainerID 6 creation failed : Result: DISK_OUT_OF_SPACE
2019-07-16 15:48:39,629 ERROR storage.BlockOutputStream (BlockOutputStream.java:validateResponse(532)) - Unexpected Storage Container Exception: 
org.apache.hadoop.hdds.scm.container.common.helpers.StorageContainerException: ContainerID 6 creation failed
	at org.apache.hadoop.hdds.scm.storage.ContainerProtocolCalls.validateContainerResponse(ContainerProtocolCalls.java:536)
	at org.apache.hadoop.hdds.scm.storage.BlockOutputStream.validateResponse(BlockOutputStream.java:530)
	at org.apache.hadoop.hdds.scm.storage.BlockOutputStream.lambda$writeChunkToContainer$2(BlockOutputStream.java:607)
	at java.util.concurrent.CompletableFuture.uniApply(CompletableFuture.java:602)
	at java.util.concurrent.CompletableFuture$UniApply.tryFire(CompletableFuture.java:577)
	at java.util.concurrent.CompletableFuture$Completion.run(CompletableFuture.java:442)
	at java.util.concurrent.ThreadPoolExecutor.runWorker(ThreadPoolExecutor.java:1149)
	at java.util.concurrent.ThreadPoolExecutor$Worker.run(ThreadPoolExecutor.java:624)
	at java.lang.Thread.run(Thread.java:748)
15:48:39.630 [grpc-default-executor-5] ERROR DNAudit - user=null | ip=null | op=PUT_BLOCK {blockData=[blockId=conID: 6 locID: 102451912351023142 bcsId: 0,size=1048576]} | ret=FAILURE
org.apache.hadoop.hdds.scm.container.common.helpers.StorageContainerException: ContainerID 6 does not exist
	at org.apache.hadoop.ozone.container.common.impl.HddsDispatcher.dispatchRequest(HddsDispatcher.java:242) [hadoop-hdds-container-service-0.5.0-SNAPSHOT.jar:?]
	at org.apache.hadoop.ozone.container.common.impl.HddsDispatcher.dispatch(HddsDispatcher.java:148) [hadoop-hdds-container-service-0.5.0-SNAPSHOT.jar:?]
	at org.apache.hadoop.ozone.container.common.transport.server.GrpcXceiverService$1.onNext(GrpcXceiverService.java:73) [hadoop-hdds-container-service-0.5.0-SNAPSHOT.jar:?]
	at org.apache.hadoop.ozone.container.common.transport.server.GrpcXceiverService$1.onNext(GrpcXceiverService.java:61) [hadoop-hdds-container-service-0.5.0-SNAPSHOT.jar:?]
	at org.apache.ratis.thirdparty.io.grpc.stub.ServerCalls$StreamingServerCallHandler$StreamingServerCallListener.onMessage(ServerCalls.java:248) [ratis-thirdparty-misc-0.2.0.jar:0.2.0]
	at org.apache.ratis.thirdparty.io.grpc.ForwardingServerCallListener.onMessage(ForwardingServerCallListener.java:33) [ratis-thirdparty-misc-0.2.0.jar:0.2.0]
	at org.apache.ratis.thirdparty.io.grpc.Contexts$ContextualizedServerCallListener.onMessage(Contexts.java:76) [ratis-thirdparty-misc-0.2.0.jar:0.2.0]
	at org.apache.ratis.thirdparty.io.grpc.ForwardingServerCallListener.onMessage(ForwardingServerCallListener.java:33) [ratis-thirdparty-misc-0.2.0.jar:0.2.0]
	at org.apache.hadoop.hdds.tracing.GrpcServerInterceptor$1.onMessage(GrpcServerInterceptor.java:46) [hadoop-hdds-common-0.5.0-SNAPSHOT.jar:?]
	at org.apache.ratis.thirdparty.io.grpc.internal.ServerCallImpl$ServerStreamListenerImpl.messagesAvailable(ServerCallImpl.java:263) [ratis-thirdparty-misc-0.2.0.jar:0.2.0]
	at org.apache.ratis.thirdparty.io.grpc.internal.ServerImpl$JumpToApplicationThreadServerStreamListener$1MessagesAvailable.runInContext(ServerImpl.java:686) [ratis-thirdparty-misc-0.2.0.jar:0.2.0]
	at org.apache.ratis.thirdparty.io.grpc.internal.ContextRunnable.run(ContextRunnable.java:37) [ratis-thirdparty-misc-0.2.0.jar:0.2.0]
	at org.apache.ratis.thirdparty.io.grpc.internal.SerializingExecutor.run(SerializingExecutor.java:123) [ratis-thirdparty-misc-0.2.0.jar:0.2.0]
	at java.util.concurrent.ThreadPoolExecutor.runWorker(ThreadPoolExecutor.java:1149) [?:1.8.0_212]
	at java.util.concurrent.ThreadPoolExecutor$Worker.run(ThreadPoolExecutor.java:624) [?:1.8.0_212]
	at java.lang.Thread.run(Thread.java:748) [?:1.8.0_212]
2019-07-16 15:48:39,631 INFO  impl.HddsDispatcher (ContainerUtils.java:logAndReturnError(146)) - Operation: PutBlock : Trace ID: ba52248b118d4ca0:ba52248b118d4ca0:0:0 : Message: ContainerID 6 does not exist : Result: CONTAINER_NOT_FOUND
2019-07-16 15:48:39,637 INFO  keyvalue.KeyValueHandler (ContainerUtils.java:logAndReturnError(146)) - Operation: CreateContainer : Trace ID: 5cc492ad455185e2:5cc492ad455185e2:0:0 : Message: Container creation failed, due to disk out of space : Result: DISK_OUT_OF_SPACE
15:48:39.637 [grpc-default-executor-5] ERROR DNAudit - user=null | ip=null | op=WRITE_CHUNK {blockData=conID: 6 locID: 102451912351023142 bcsId: 0} | ret=FAILURE
org.apache.hadoop.hdds.scm.container.common.helpers.StorageContainerException: ContainerID 6 creation failed
	at org.apache.hadoop.ozone.container.common.impl.HddsDispatcher.dispatchRequest(HddsDispatcher.java:227) [hadoop-hdds-container-service-0.5.0-SNAPSHOT.jar:?]
	at org.apache.hadoop.ozone.container.common.impl.HddsDispatcher.dispatch(HddsDispatcher.java:148) [hadoop-hdds-container-service-0.5.0-SNAPSHOT.jar:?]
	at org.apache.hadoop.ozone.container.common.transport.server.GrpcXceiverService$1.onNext(GrpcXceiverService.java:73) [hadoop-hdds-container-service-0.5.0-SNAPSHOT.jar:?]
	at org.apache.hadoop.ozone.container.common.transport.server.GrpcXceiverService$1.onNext(GrpcXceiverService.java:61) [hadoop-hdds-container-service-0.5.0-SNAPSHOT.jar:?]
	at org.apache.ratis.thirdparty.io.grpc.stub.ServerCalls$StreamingServerCallHandler$StreamingServerCallListener.onMessage(ServerCalls.java:248) [ratis-thirdparty-misc-0.2.0.jar:0.2.0]
	at org.apache.ratis.thirdparty.io.grpc.ForwardingServerCallListener.onMessage(ForwardingServerCallListener.java:33) [ratis-thirdparty-misc-0.2.0.jar:0.2.0]
	at org.apache.ratis.thirdparty.io.grpc.Contexts$ContextualizedServerCallListener.onMessage(Contexts.java:76) [ratis-thirdparty-misc-0.2.0.jar:0.2.0]
	at org.apache.ratis.thirdparty.io.grpc.ForwardingServerCallListener.onMessage(ForwardingServerCallListener.java:33) [ratis-thirdparty-misc-0.2.0.jar:0.2.0]
	at org.apache.hadoop.hdds.tracing.GrpcServerInterceptor$1.onMessage(GrpcServerInterceptor.java:46) [hadoop-hdds-common-0.5.0-SNAPSHOT.jar:?]
	at org.apache.ratis.thirdparty.io.grpc.internal.ServerCallImpl$ServerStreamListenerImpl.messagesAvailable(ServerCallImpl.java:263) [ratis-thirdparty-misc-0.2.0.jar:0.2.0]
	at org.apache.ratis.thirdparty.io.grpc.internal.ServerImpl$JumpToApplicationThreadServerStreamListener$1MessagesAvailable.runInContext(ServerImpl.java:686) [ratis-thirdparty-misc-0.2.0.jar:0.2.0]
	at org.apache.ratis.thirdparty.io.grpc.internal.ContextRunnable.run(ContextRunnable.java:37) [ratis-thirdparty-misc-0.2.0.jar:0.2.0]
	at org.apache.ratis.thirdparty.io.grpc.internal.SerializingExecutor.run(SerializingExecutor.java:123) [ratis-thirdparty-misc-0.2.0.jar:0.2.0]
	at java.util.concurrent.ThreadPoolExecutor.runWorker(ThreadPoolExecutor.java:1149) [?:1.8.0_212]
	at java.util.concurrent.ThreadPoolExecutor$Worker.run(ThreadPoolExecutor.java:624) [?:1.8.0_212]
	at java.lang.Thread.run(Thread.java:748) [?:1.8.0_212]
2019-07-16 15:48:39,638 INFO  impl.HddsDispatcher (ContainerUtils.java:logAndReturnError(146)) - Operation: WriteChunk : Trace ID: 5cc492ad455185e2:5cc492ad455185e2:0:0 : Message: ContainerID 6 creation failed : Result: DISK_OUT_OF_SPACE
]]></system-out>
  </testcase>
  <testcase name="testListBucketsOnEmptyVolume" classname="org.apache.hadoop.ozone.client.rpc.TestOzoneAtRestEncryption" time="0.004"/>
  <testcase name="testCreateBucketWithStorageType" classname="org.apache.hadoop.ozone.client.rpc.TestOzoneAtRestEncryption" time="0.004"/>
  <testcase name="testDeleteKey" classname="org.apache.hadoop.ozone.client.rpc.TestOzoneAtRestEncryption" time="0.043"/>
  <testcase name="testDeleteVolume" classname="org.apache.hadoop.ozone.client.rpc.TestOzoneAtRestEncryption" time="0.008"/>
  <testcase name="testGetKeyAndFileWithNetworkTopology" classname="org.apache.hadoop.ozone.client.rpc.TestOzoneAtRestEncryption" time="0.039">
    <error message="Unexpected Storage Container Exception: org.apache.hadoop.hdds.scm.container.common.helpers.StorageContainerException: ContainerID 11 does not exist" type="java.io.IOException">java.io.IOException: Unexpected Storage Container Exception: org.apache.hadoop.hdds.scm.container.common.helpers.StorageContainerException: ContainerID 11 does not exist
	at org.apache.hadoop.hdds.scm.storage.BlockOutputStream.setIoException(BlockOutputStream.java:542)
	at org.apache.hadoop.hdds.scm.storage.BlockOutputStream.validateResponse(BlockOutputStream.java:533)
	at org.apache.hadoop.hdds.scm.storage.BlockOutputStream.lambda$writeChunkToContainer$2(BlockOutputStream.java:607)
	at java.util.concurrent.CompletableFuture.uniApply(CompletableFuture.java:602)
	at java.util.concurrent.CompletableFuture$UniApply.tryFire(CompletableFuture.java:577)
	at java.util.concurrent.CompletableFuture$Completion.run(CompletableFuture.java:442)
	at java.util.concurrent.ThreadPoolExecutor.runWorker(ThreadPoolExecutor.java:1149)
	at java.util.concurrent.ThreadPoolExecutor$Worker.run(ThreadPoolExecutor.java:624)
	at java.lang.Thread.run(Thread.java:748)
Caused by: org.apache.hadoop.hdds.scm.container.common.helpers.StorageContainerException: ContainerID 11 does not exist
	at org.apache.hadoop.hdds.scm.storage.ContainerProtocolCalls.validateContainerResponse(ContainerProtocolCalls.java:536)
	at org.apache.hadoop.hdds.scm.storage.BlockOutputStream.validateResponse(BlockOutputStream.java:530)
	... 7 more
</error>
    <system-out><![CDATA[2019-07-16 15:48:39,701 INFO  rpc.RpcClient (RpcClient.java:createVolume(287)) - Creating Volume: 85d0574e-d5ac-46b5-bc8e-fd967d36c5b3, with jenkins1000 as owner.
2019-07-16 15:48:39,703 INFO  rpc.RpcClient (RpcClient.java:createBucket(424)) - Creating Bucket: 85d0574e-d5ac-46b5-bc8e-fd967d36c5b3/18ab0232-caa7-4678-a9c9-9b499903e26f, with Versioning false and Storage Type set to DISK and Encryption set to false 
2019-07-16 15:48:39,714 INFO  keyvalue.KeyValueHandler (ContainerUtils.java:logAndReturnError(146)) - Operation: CreateContainer : Trace ID: 6cec3fd200ceaa3b:6cec3fd200ceaa3b:0:0 : Message: Container creation failed, due to disk out of space : Result: DISK_OUT_OF_SPACE
15:48:39.715 [pool-199-thread-16] ERROR DNAudit - user=null | ip=null | op=WRITE_CHUNK {blockData=conID: 11 locID: 102451912357117995 bcsId: 0} | ret=FAILURE
org.apache.hadoop.hdds.scm.container.common.helpers.StorageContainerException: ContainerID 11 creation failed
	at org.apache.hadoop.ozone.container.common.impl.HddsDispatcher.dispatchRequest(HddsDispatcher.java:227) ~[hadoop-hdds-container-service-0.5.0-SNAPSHOT.jar:?]
	at org.apache.hadoop.ozone.container.common.impl.HddsDispatcher.dispatch(HddsDispatcher.java:148) ~[hadoop-hdds-container-service-0.5.0-SNAPSHOT.jar:?]
	at org.apache.hadoop.ozone.container.common.transport.server.ratis.ContainerStateMachine.dispatchCommand(ContainerStateMachine.java:358) ~[hadoop-hdds-container-service-0.5.0-SNAPSHOT.jar:?]
	at org.apache.hadoop.ozone.container.common.transport.server.ratis.ContainerStateMachine.runCommand(ContainerStateMachine.java:365) ~[hadoop-hdds-container-service-0.5.0-SNAPSHOT.jar:?]
	at org.apache.hadoop.ozone.container.common.transport.server.ratis.ContainerStateMachine.lambda$handleWriteChunk$0(ContainerStateMachine.java:396) ~[hadoop-hdds-container-service-0.5.0-SNAPSHOT.jar:?]
	at java.util.concurrent.CompletableFuture$AsyncSupply.run(CompletableFuture.java:1590) [?:1.8.0_212]
	at java.util.concurrent.ThreadPoolExecutor.runWorker(ThreadPoolExecutor.java:1149) [?:1.8.0_212]
	at java.util.concurrent.ThreadPoolExecutor$Worker.run(ThreadPoolExecutor.java:624) [?:1.8.0_212]
	at java.lang.Thread.run(Thread.java:748) [?:1.8.0_212]
2019-07-16 15:48:39,715 INFO  impl.HddsDispatcher (ContainerUtils.java:logAndReturnError(146)) - Operation: WriteChunk : Trace ID: 6cec3fd200ceaa3b:6cec3fd200ceaa3b:0:0 : Message: ContainerID 11 creation failed : Result: DISK_OUT_OF_SPACE
2019-07-16 15:48:39,716 INFO  keyvalue.KeyValueHandler (ContainerUtils.java:logAndReturnError(146)) - Operation: CreateContainer : Trace ID: 6cec3fd200ceaa3b:6cec3fd200ceaa3b:0:0 : Message: Container creation failed, due to disk out of space : Result: DISK_OUT_OF_SPACE
2019-07-16 15:48:39,716 INFO  keyvalue.KeyValueHandler (ContainerUtils.java:logAndReturnError(146)) - Operation: CreateContainer : Trace ID: 6cec3fd200ceaa3b:6cec3fd200ceaa3b:0:0 : Message: Container creation failed, due to disk out of space : Result: DISK_OUT_OF_SPACE
15:48:39.716 [pool-157-thread-7] ERROR DNAudit - user=null | ip=null | op=WRITE_CHUNK {blockData=conID: 11 locID: 102451912357117995 bcsId: 0} | ret=FAILURE
org.apache.hadoop.hdds.scm.container.common.helpers.StorageContainerException: ContainerID 11 creation failed
	at org.apache.hadoop.ozone.container.common.impl.HddsDispatcher.dispatchRequest(HddsDispatcher.java:227) ~[hadoop-hdds-container-service-0.5.0-SNAPSHOT.jar:?]
	at org.apache.hadoop.ozone.container.common.impl.HddsDispatcher.dispatch(HddsDispatcher.java:148) ~[hadoop-hdds-container-service-0.5.0-SNAPSHOT.jar:?]
	at org.apache.hadoop.ozone.container.common.transport.server.ratis.ContainerStateMachine.dispatchCommand(ContainerStateMachine.java:358) ~[hadoop-hdds-container-service-0.5.0-SNAPSHOT.jar:?]
	at org.apache.hadoop.ozone.container.common.transport.server.ratis.ContainerStateMachine.runCommand(ContainerStateMachine.java:365) ~[hadoop-hdds-container-service-0.5.0-SNAPSHOT.jar:?]
	at org.apache.hadoop.ozone.container.common.transport.server.ratis.ContainerStateMachine.lambda$handleWriteChunk$0(ContainerStateMachine.java:396) ~[hadoop-hdds-container-service-0.5.0-SNAPSHOT.jar:?]
	at java.util.concurrent.CompletableFuture$AsyncSupply.run(CompletableFuture.java:1590) [?:1.8.0_212]
	at java.util.concurrent.ThreadPoolExecutor.runWorker(ThreadPoolExecutor.java:1149) [?:1.8.0_212]
	at java.util.concurrent.ThreadPoolExecutor$Worker.run(ThreadPoolExecutor.java:624) [?:1.8.0_212]
	at java.lang.Thread.run(Thread.java:748) [?:1.8.0_212]
15:48:39.716 [pool-115-thread-6] ERROR DNAudit - user=null | ip=null | op=WRITE_CHUNK {blockData=conID: 11 locID: 102451912357117995 bcsId: 0} | ret=FAILURE
org.apache.hadoop.hdds.scm.container.common.helpers.StorageContainerException: ContainerID 11 creation failed
	at org.apache.hadoop.ozone.container.common.impl.HddsDispatcher.dispatchRequest(HddsDispatcher.java:227) ~[hadoop-hdds-container-service-0.5.0-SNAPSHOT.jar:?]
	at org.apache.hadoop.ozone.container.common.impl.HddsDispatcher.dispatch(HddsDispatcher.java:148) ~[hadoop-hdds-container-service-0.5.0-SNAPSHOT.jar:?]
	at org.apache.hadoop.ozone.container.common.transport.server.ratis.ContainerStateMachine.dispatchCommand(ContainerStateMachine.java:358) ~[hadoop-hdds-container-service-0.5.0-SNAPSHOT.jar:?]
	at org.apache.hadoop.ozone.container.common.transport.server.ratis.ContainerStateMachine.runCommand(ContainerStateMachine.java:365) ~[hadoop-hdds-container-service-0.5.0-SNAPSHOT.jar:?]
	at org.apache.hadoop.ozone.container.common.transport.server.ratis.ContainerStateMachine.lambda$handleWriteChunk$0(ContainerStateMachine.java:396) ~[hadoop-hdds-container-service-0.5.0-SNAPSHOT.jar:?]
	at java.util.concurrent.CompletableFuture$AsyncSupply.run(CompletableFuture.java:1590) [?:1.8.0_212]
	at java.util.concurrent.ThreadPoolExecutor.runWorker(ThreadPoolExecutor.java:1149) [?:1.8.0_212]
	at java.util.concurrent.ThreadPoolExecutor$Worker.run(ThreadPoolExecutor.java:624) [?:1.8.0_212]
	at java.lang.Thread.run(Thread.java:748) [?:1.8.0_212]
2019-07-16 15:48:39,716 INFO  impl.HddsDispatcher (ContainerUtils.java:logAndReturnError(146)) - Operation: WriteChunk : Trace ID: 6cec3fd200ceaa3b:6cec3fd200ceaa3b:0:0 : Message: ContainerID 11 creation failed : Result: DISK_OUT_OF_SPACE
2019-07-16 15:48:39,716 INFO  impl.HddsDispatcher (ContainerUtils.java:logAndReturnError(146)) - Operation: WriteChunk : Trace ID: 6cec3fd200ceaa3b:6cec3fd200ceaa3b:0:0 : Message: ContainerID 11 creation failed : Result: DISK_OUT_OF_SPACE
15:48:39.730 [pool-201-thread-1] ERROR DNAudit - user=null | ip=null | op=WRITE_CHUNK {blockData=conID: 11 locID: 102451912357117995 bcsId: 0} | ret=FAILURE
org.apache.hadoop.hdds.scm.container.common.helpers.StorageContainerException: ContainerID 11 does not exist
	at org.apache.hadoop.ozone.container.common.impl.HddsDispatcher.dispatchRequest(HddsDispatcher.java:242) ~[hadoop-hdds-container-service-0.5.0-SNAPSHOT.jar:?]
	at org.apache.hadoop.ozone.container.common.impl.HddsDispatcher.dispatch(HddsDispatcher.java:148) ~[hadoop-hdds-container-service-0.5.0-SNAPSHOT.jar:?]
	at org.apache.hadoop.ozone.container.common.transport.server.ratis.ContainerStateMachine.dispatchCommand(ContainerStateMachine.java:358) ~[hadoop-hdds-container-service-0.5.0-SNAPSHOT.jar:?]
	at org.apache.hadoop.ozone.container.common.transport.server.ratis.ContainerStateMachine.runCommand(ContainerStateMachine.java:365) ~[hadoop-hdds-container-service-0.5.0-SNAPSHOT.jar:?]
	at org.apache.hadoop.ozone.container.common.transport.server.ratis.ContainerStateMachine.lambda$applyTransaction$5(ContainerStateMachine.java:631) ~[hadoop-hdds-container-service-0.5.0-SNAPSHOT.jar:?]
	at java.util.concurrent.CompletableFuture$AsyncSupply.run(CompletableFuture.java:1590) [?:1.8.0_212]
	at java.util.concurrent.ThreadPoolExecutor.runWorker(ThreadPoolExecutor.java:1149) [?:1.8.0_212]
	at java.util.concurrent.ThreadPoolExecutor$Worker.run(ThreadPoolExecutor.java:624) [?:1.8.0_212]
	at java.lang.Thread.run(Thread.java:748) [?:1.8.0_212]
2019-07-16 15:48:39,731 INFO  impl.HddsDispatcher (ContainerUtils.java:logAndReturnError(146)) - Operation: WriteChunk : Trace ID: 6cec3fd200ceaa3b:6cec3fd200ceaa3b:0:0 : Message: ContainerID 11 does not exist : Result: CONTAINER_NOT_FOUND
15:48:39.732 [pool-201-thread-1] ERROR DNAudit - user=null | ip=null | op=PUT_BLOCK {blockData=[blockId=conID: 11 locID: 102451912357117995 bcsId: 0,size=12]} | ret=FAILURE
org.apache.hadoop.hdds.scm.container.common.helpers.StorageContainerException: ContainerID 11 does not exist
	at org.apache.hadoop.ozone.container.common.impl.HddsDispatcher.dispatchRequest(HddsDispatcher.java:242) ~[hadoop-hdds-container-service-0.5.0-SNAPSHOT.jar:?]
	at org.apache.hadoop.ozone.container.common.impl.HddsDispatcher.dispatch(HddsDispatcher.java:148) ~[hadoop-hdds-container-service-0.5.0-SNAPSHOT.jar:?]
	at org.apache.hadoop.ozone.container.common.transport.server.ratis.ContainerStateMachine.dispatchCommand(ContainerStateMachine.java:358) ~[hadoop-hdds-container-service-0.5.0-SNAPSHOT.jar:?]
	at org.apache.hadoop.ozone.container.common.transport.server.ratis.ContainerStateMachine.runCommand(ContainerStateMachine.java:365) ~[hadoop-hdds-container-service-0.5.0-SNAPSHOT.jar:?]
	at org.apache.hadoop.ozone.container.common.transport.server.ratis.ContainerStateMachine.lambda$applyTransaction$5(ContainerStateMachine.java:631) ~[hadoop-hdds-container-service-0.5.0-SNAPSHOT.jar:?]
	at java.util.concurrent.CompletableFuture$AsyncSupply.run(CompletableFuture.java:1590) [?:1.8.0_212]
	at java.util.concurrent.ThreadPoolExecutor.runWorker(ThreadPoolExecutor.java:1149) [?:1.8.0_212]
	at java.util.concurrent.ThreadPoolExecutor$Worker.run(ThreadPoolExecutor.java:624) [?:1.8.0_212]
	at java.lang.Thread.run(Thread.java:748) [?:1.8.0_212]
2019-07-16 15:48:39,732 INFO  client.GrpcClientProtocolClient (GrpcClientProtocolClient.java:onNext(255)) - client-EFD33480B4BD->0012b277-f3b4-4574-b854-c69d8b8b19fb: receive RaftClientReply:client-EFD33480B4BD->0012b277-f3b4-4574-b854-c69d8b8b19fb@group-A89E1C811B5D, cid=49, SUCCESS, logIndex=20, commits[0012b277-f3b4-4574-b854-c69d8b8b19fb:c21, 65ee548d-8fb1-4c1c-b22d-f30af36245e1:c19, 9d91b821-e7e1-46c7-b6f6-1164e13f3480:c19]
2019-07-16 15:48:39,732 INFO  impl.HddsDispatcher (ContainerUtils.java:logAndReturnError(146)) - Operation: PutBlock : Trace ID: da864646ec5050d1:da864646ec5050d1:0:0 : Message: ContainerID 11 does not exist : Result: CONTAINER_NOT_FOUND
2019-07-16 15:48:39,733 ERROR storage.BlockOutputStream (BlockOutputStream.java:validateResponse(532)) - Unexpected Storage Container Exception: 
org.apache.hadoop.hdds.scm.container.common.helpers.StorageContainerException: ContainerID 11 does not exist
	at org.apache.hadoop.hdds.scm.storage.ContainerProtocolCalls.validateContainerResponse(ContainerProtocolCalls.java:536)
	at org.apache.hadoop.hdds.scm.storage.BlockOutputStream.validateResponse(BlockOutputStream.java:530)
	at org.apache.hadoop.hdds.scm.storage.BlockOutputStream.lambda$writeChunkToContainer$2(BlockOutputStream.java:607)
	at java.util.concurrent.CompletableFuture.uniApply(CompletableFuture.java:602)
	at java.util.concurrent.CompletableFuture$UniApply.tryFire(CompletableFuture.java:577)
	at java.util.concurrent.CompletableFuture$Completion.run(CompletableFuture.java:442)
	at java.util.concurrent.ThreadPoolExecutor.runWorker(ThreadPoolExecutor.java:1149)
	at java.util.concurrent.ThreadPoolExecutor$Worker.run(ThreadPoolExecutor.java:624)
	at java.lang.Thread.run(Thread.java:748)
2019-07-16 15:48:39,733 INFO  client.GrpcClientProtocolClient (GrpcClientProtocolClient.java:onNext(255)) - client-EFD33480B4BD->0012b277-f3b4-4574-b854-c69d8b8b19fb: receive RaftClientReply:client-EFD33480B4BD->0012b277-f3b4-4574-b854-c69d8b8b19fb@group-A89E1C811B5D, cid=50, SUCCESS, logIndex=21, commits[0012b277-f3b4-4574-b854-c69d8b8b19fb:c21, 65ee548d-8fb1-4c1c-b22d-f30af36245e1:c19, 9d91b821-e7e1-46c7-b6f6-1164e13f3480:c19]
]]></system-out>
  </testcase>
  <testcase name="testInvalidBucketCreation" classname="org.apache.hadoop.ozone.client.rpc.TestOzoneAtRestEncryption" time="0.007"/>
  <testcase name="testReadKeyWithVerifyChecksumFlagEnable" classname="org.apache.hadoop.ozone.client.rpc.TestOzoneAtRestEncryption" time="0.254"/>
  <testcase name="testAbortUploadSuccessWithOutAnyParts" classname="org.apache.hadoop.ozone.client.rpc.TestOzoneAtRestEncryption" time="0.008"/>
  <testcase name="testListPartsInvalidMaxParts" classname="org.apache.hadoop.ozone.client.rpc.TestOzoneAtRestEncryption" time="0.005"/>
  <testcase name="testSetBucketVersioning" classname="org.apache.hadoop.ozone.client.rpc.TestOzoneAtRestEncryption" time="0.006"/>
  <testcase name="testAbortUploadFail" classname="org.apache.hadoop.ozone.client.rpc.TestOzoneAtRestEncryption" time="0.007"/>
  <testcase name="testCreateS3BucketMapping" classname="org.apache.hadoop.ozone.client.rpc.TestOzoneAtRestEncryption" time="0.006"/>
  <testcase name="testMultipartUploadOverride" classname="org.apache.hadoop.ozone.client.rpc.TestOzoneAtRestEncryption" time="0.146">
    <error message="Unexpected Storage Container Exception: org.apache.hadoop.hdds.scm.container.common.helpers.StorageContainerException: ContainerID 13 does not exist" type="java.io.IOException">java.io.IOException: Unexpected Storage Container Exception: org.apache.hadoop.hdds.scm.container.common.helpers.StorageContainerException: ContainerID 13 does not exist
	at org.apache.hadoop.hdds.scm.storage.BlockOutputStream.setIoException(BlockOutputStream.java:542)
	at org.apache.hadoop.hdds.scm.storage.BlockOutputStream.validateResponse(BlockOutputStream.java:533)
	at org.apache.hadoop.hdds.scm.storage.BlockOutputStream.lambda$writeChunkToContainer$2(BlockOutputStream.java:607)
	at java.util.concurrent.CompletableFuture.uniApply(CompletableFuture.java:602)
	at java.util.concurrent.CompletableFuture$UniApply.tryFire(CompletableFuture.java:577)
	at java.util.concurrent.CompletableFuture$Completion.run(CompletableFuture.java:442)
	at java.util.concurrent.ThreadPoolExecutor.runWorker(ThreadPoolExecutor.java:1149)
	at java.util.concurrent.ThreadPoolExecutor$Worker.run(ThreadPoolExecutor.java:624)
	at java.lang.Thread.run(Thread.java:748)
Caused by: org.apache.hadoop.hdds.scm.container.common.helpers.StorageContainerException: ContainerID 13 does not exist
	at org.apache.hadoop.hdds.scm.storage.ContainerProtocolCalls.validateContainerResponse(ContainerProtocolCalls.java:536)
	at org.apache.hadoop.hdds.scm.storage.BlockOutputStream.validateResponse(BlockOutputStream.java:530)
	... 7 more
</error>
    <system-out><![CDATA[2019-07-16 15:48:40,033 INFO  rpc.RpcClient (RpcClient.java:createVolume(287)) - Creating Volume: 0b954208-7bf0-4f28-957e-fc528b604ea2, with jenkins1000 as owner.
2019-07-16 15:48:40,035 INFO  rpc.RpcClient (RpcClient.java:createBucket(424)) - Creating Bucket: 0b954208-7bf0-4f28-957e-fc528b604ea2/6237a406-c164-47a2-8045-6adbe5a81e75, with Versioning false and Storage Type set to DISK and Encryption set to false 
2019-07-16 15:48:40,067 INFO  keyvalue.KeyValueHandler (ContainerUtils.java:logAndReturnError(146)) - Operation: CreateContainer : Trace ID: a6abfb8062b43fa:a6abfb8062b43fa:0:0 : Message: Container creation failed, due to disk out of space : Result: DISK_OUT_OF_SPACE
15:48:40.067 [pool-115-thread-7] ERROR DNAudit - user=null | ip=null | op=WRITE_CHUNK {blockData=conID: 2 locID: 102451912379072559 bcsId: 0} | ret=FAILURE
org.apache.hadoop.hdds.scm.container.common.helpers.StorageContainerException: ContainerID 2 creation failed
	at org.apache.hadoop.ozone.container.common.impl.HddsDispatcher.dispatchRequest(HddsDispatcher.java:227) ~[hadoop-hdds-container-service-0.5.0-SNAPSHOT.jar:?]
	at org.apache.hadoop.ozone.container.common.impl.HddsDispatcher.dispatch(HddsDispatcher.java:148) ~[hadoop-hdds-container-service-0.5.0-SNAPSHOT.jar:?]
	at org.apache.hadoop.ozone.container.common.transport.server.ratis.ContainerStateMachine.dispatchCommand(ContainerStateMachine.java:358) ~[hadoop-hdds-container-service-0.5.0-SNAPSHOT.jar:?]
	at org.apache.hadoop.ozone.container.common.transport.server.ratis.ContainerStateMachine.runCommand(ContainerStateMachine.java:365) ~[hadoop-hdds-container-service-0.5.0-SNAPSHOT.jar:?]
	at org.apache.hadoop.ozone.container.common.transport.server.ratis.ContainerStateMachine.lambda$handleWriteChunk$0(ContainerStateMachine.java:396) ~[hadoop-hdds-container-service-0.5.0-SNAPSHOT.jar:?]
	at java.util.concurrent.CompletableFuture$AsyncSupply.run(CompletableFuture.java:1590) [?:1.8.0_212]
	at java.util.concurrent.ThreadPoolExecutor.runWorker(ThreadPoolExecutor.java:1149) [?:1.8.0_212]
	at java.util.concurrent.ThreadPoolExecutor$Worker.run(ThreadPoolExecutor.java:624) [?:1.8.0_212]
	at java.lang.Thread.run(Thread.java:748) [?:1.8.0_212]
2019-07-16 15:48:40,067 INFO  impl.HddsDispatcher (ContainerUtils.java:logAndReturnError(146)) - Operation: WriteChunk : Trace ID: a6abfb8062b43fa:a6abfb8062b43fa:0:0 : Message: ContainerID 2 creation failed : Result: DISK_OUT_OF_SPACE
2019-07-16 15:48:40,069 INFO  keyvalue.KeyValueHandler (ContainerUtils.java:logAndReturnError(146)) - Operation: CreateContainer : Trace ID: 3097d58db6ab86a4:3097d58db6ab86a4:0:0 : Message: Container creation failed, due to disk out of space : Result: DISK_OUT_OF_SPACE
15:48:40.069 [pool-115-thread-8] ERROR DNAudit - user=null | ip=null | op=WRITE_CHUNK {blockData=conID: 2 locID: 102451912379072559 bcsId: 0} | ret=FAILURE
org.apache.hadoop.hdds.scm.container.common.helpers.StorageContainerException: ContainerID 2 creation failed
	at org.apache.hadoop.ozone.container.common.impl.HddsDispatcher.dispatchRequest(HddsDispatcher.java:227) ~[hadoop-hdds-container-service-0.5.0-SNAPSHOT.jar:?]
	at org.apache.hadoop.ozone.container.common.impl.HddsDispatcher.dispatch(HddsDispatcher.java:148) ~[hadoop-hdds-container-service-0.5.0-SNAPSHOT.jar:?]
	at org.apache.hadoop.ozone.container.common.transport.server.ratis.ContainerStateMachine.dispatchCommand(ContainerStateMachine.java:358) ~[hadoop-hdds-container-service-0.5.0-SNAPSHOT.jar:?]
	at org.apache.hadoop.ozone.container.common.transport.server.ratis.ContainerStateMachine.runCommand(ContainerStateMachine.java:365) ~[hadoop-hdds-container-service-0.5.0-SNAPSHOT.jar:?]
	at org.apache.hadoop.ozone.container.common.transport.server.ratis.ContainerStateMachine.lambda$handleWriteChunk$0(ContainerStateMachine.java:396) ~[hadoop-hdds-container-service-0.5.0-SNAPSHOT.jar:?]
	at java.util.concurrent.CompletableFuture$AsyncSupply.run(CompletableFuture.java:1590) [?:1.8.0_212]
	at java.util.concurrent.ThreadPoolExecutor.runWorker(ThreadPoolExecutor.java:1149) [?:1.8.0_212]
	at java.util.concurrent.ThreadPoolExecutor$Worker.run(ThreadPoolExecutor.java:624) [?:1.8.0_212]
	at java.lang.Thread.run(Thread.java:748) [?:1.8.0_212]
2019-07-16 15:48:40,070 INFO  impl.HddsDispatcher (ContainerUtils.java:logAndReturnError(146)) - Operation: WriteChunk : Trace ID: 3097d58db6ab86a4:3097d58db6ab86a4:0:0 : Message: ContainerID 2 creation failed : Result: DISK_OUT_OF_SPACE
2019-07-16 15:48:40,076 INFO  client.GrpcClientProtocolClient (GrpcClientProtocolClient.java:onNext(255)) - client-EFD33480B4BD->0012b277-f3b4-4574-b854-c69d8b8b19fb: receive RaftClientReply:client-EFD33480B4BD->0012b277-f3b4-4574-b854-c69d8b8b19fb@group-A89E1C811B5D, cid=53, SUCCESS, logIndex=24, commits[0012b277-f3b4-4574-b854-c69d8b8b19fb:c27, 65ee548d-8fb1-4c1c-b22d-f30af36245e1:c23, 9d91b821-e7e1-46c7-b6f6-1164e13f3480:c23]
2019-07-16 15:48:40,077 INFO  client.GrpcClientProtocolClient (GrpcClientProtocolClient.java:onNext(255)) - client-EFD33480B4BD->0012b277-f3b4-4574-b854-c69d8b8b19fb: receive RaftClientReply:client-EFD33480B4BD->0012b277-f3b4-4574-b854-c69d8b8b19fb@group-A89E1C811B5D, cid=54, SUCCESS, logIndex=25, commits[0012b277-f3b4-4574-b854-c69d8b8b19fb:c27, 65ee548d-8fb1-4c1c-b22d-f30af36245e1:c23, 9d91b821-e7e1-46c7-b6f6-1164e13f3480:c23]
2019-07-16 15:48:40,077 INFO  client.GrpcClientProtocolClient (GrpcClientProtocolClient.java:onNext(255)) - client-EFD33480B4BD->0012b277-f3b4-4574-b854-c69d8b8b19fb: receive RaftClientReply:client-EFD33480B4BD->0012b277-f3b4-4574-b854-c69d8b8b19fb@group-A89E1C811B5D, cid=55, SUCCESS, logIndex=26, commits[0012b277-f3b4-4574-b854-c69d8b8b19fb:c27, 65ee548d-8fb1-4c1c-b22d-f30af36245e1:c23, 9d91b821-e7e1-46c7-b6f6-1164e13f3480:c23]
2019-07-16 15:48:40,078 INFO  client.GrpcClientProtocolClient (GrpcClientProtocolClient.java:onNext(255)) - client-EFD33480B4BD->0012b277-f3b4-4574-b854-c69d8b8b19fb: receive RaftClientReply:client-EFD33480B4BD->0012b277-f3b4-4574-b854-c69d8b8b19fb@group-A89E1C811B5D, cid=56, SUCCESS, logIndex=27, commits[0012b277-f3b4-4574-b854-c69d8b8b19fb:c27, 65ee548d-8fb1-4c1c-b22d-f30af36245e1:c23, 9d91b821-e7e1-46c7-b6f6-1164e13f3480:c23]
15:48:40.079 [pool-118-thread-1] ERROR DNAudit - user=null | ip=null | op=WRITE_CHUNK {blockData=conID: 2 locID: 102451912379072559 bcsId: 0} | ret=FAILURE
org.apache.hadoop.hdds.scm.container.common.helpers.StorageContainerException: ContainerID 2 does not exist
	at org.apache.hadoop.ozone.container.common.impl.HddsDispatcher.dispatchRequest(HddsDispatcher.java:242) ~[hadoop-hdds-container-service-0.5.0-SNAPSHOT.jar:?]
	at org.apache.hadoop.ozone.container.common.impl.HddsDispatcher.dispatch(HddsDispatcher.java:148) ~[hadoop-hdds-container-service-0.5.0-SNAPSHOT.jar:?]
	at org.apache.hadoop.ozone.container.common.transport.server.ratis.ContainerStateMachine.dispatchCommand(ContainerStateMachine.java:358) ~[hadoop-hdds-container-service-0.5.0-SNAPSHOT.jar:?]
	at org.apache.hadoop.ozone.container.common.transport.server.ratis.ContainerStateMachine.runCommand(ContainerStateMachine.java:365) ~[hadoop-hdds-container-service-0.5.0-SNAPSHOT.jar:?]
	at org.apache.hadoop.ozone.container.common.transport.server.ratis.ContainerStateMachine.lambda$applyTransaction$5(ContainerStateMachine.java:631) ~[hadoop-hdds-container-service-0.5.0-SNAPSHOT.jar:?]
	at java.util.concurrent.CompletableFuture$AsyncSupply.run(CompletableFuture.java:1590) [?:1.8.0_212]
	at java.util.concurrent.ThreadPoolExecutor.runWorker(ThreadPoolExecutor.java:1149) [?:1.8.0_212]
	at java.util.concurrent.ThreadPoolExecutor$Worker.run(ThreadPoolExecutor.java:624) [?:1.8.0_212]
	at java.lang.Thread.run(Thread.java:748) [?:1.8.0_212]
2019-07-16 15:48:40,079 INFO  impl.HddsDispatcher (ContainerUtils.java:logAndReturnError(146)) - Operation: WriteChunk : Trace ID: a6abfb8062b43fa:a6abfb8062b43fa:0:0 : Message: ContainerID 2 does not exist : Result: CONTAINER_NOT_FOUND
15:48:40.079 [pool-118-thread-1] ERROR DNAudit - user=null | ip=null | op=PUT_BLOCK {blockData=[blockId=conID: 2 locID: 102451912379072559 bcsId: 0,size=1048576]} | ret=FAILURE
org.apache.hadoop.hdds.scm.container.common.helpers.StorageContainerException: ContainerID 2 does not exist
	at org.apache.hadoop.ozone.container.common.impl.HddsDispatcher.dispatchRequest(HddsDispatcher.java:242) ~[hadoop-hdds-container-service-0.5.0-SNAPSHOT.jar:?]
	at org.apache.hadoop.ozone.container.common.impl.HddsDispatcher.dispatch(HddsDispatcher.java:148) ~[hadoop-hdds-container-service-0.5.0-SNAPSHOT.jar:?]
	at org.apache.hadoop.ozone.container.common.transport.server.ratis.ContainerStateMachine.dispatchCommand(ContainerStateMachine.java:358) ~[hadoop-hdds-container-service-0.5.0-SNAPSHOT.jar:?]
	at org.apache.hadoop.ozone.container.common.transport.server.ratis.ContainerStateMachine.runCommand(ContainerStateMachine.java:365) ~[hadoop-hdds-container-service-0.5.0-SNAPSHOT.jar:?]
	at org.apache.hadoop.ozone.container.common.transport.server.ratis.ContainerStateMachine.lambda$applyTransaction$5(ContainerStateMachine.java:631) ~[hadoop-hdds-container-service-0.5.0-SNAPSHOT.jar:?]
	at java.util.concurrent.CompletableFuture$AsyncSupply.run(CompletableFuture.java:1590) [?:1.8.0_212]
	at java.util.concurrent.ThreadPoolExecutor.runWorker(ThreadPoolExecutor.java:1149) [?:1.8.0_212]
	at java.util.concurrent.ThreadPoolExecutor$Worker.run(ThreadPoolExecutor.java:624) [?:1.8.0_212]
	at java.lang.Thread.run(Thread.java:748) [?:1.8.0_212]
2019-07-16 15:48:40,083 INFO  impl.HddsDispatcher (ContainerUtils.java:logAndReturnError(146)) - Operation: PutBlock : Trace ID: da8d4a0bc644028e:da8d4a0bc644028e:0:0 : Message: ContainerID 2 does not exist : Result: CONTAINER_NOT_FOUND
2019-07-16 15:48:40,083 INFO  client.GrpcClientProtocolClient (GrpcClientProtocolClient.java:onNext(255)) - client-EFD33480B4BD->0012b277-f3b4-4574-b854-c69d8b8b19fb: receive RaftClientReply:client-EFD33480B4BD->0012b277-f3b4-4574-b854-c69d8b8b19fb@group-A89E1C811B5D, cid=57, SUCCESS, logIndex=0, commits[0012b277-f3b4-4574-b854-c69d8b8b19fb:c28, 65ee548d-8fb1-4c1c-b22d-f30af36245e1:c25, 9d91b821-e7e1-46c7-b6f6-1164e13f3480:c25]
15:48:40.090 [pool-118-thread-1] ERROR DNAudit - user=null | ip=null | op=WRITE_CHUNK {blockData=conID: 2 locID: 102451912379072559 bcsId: 0} | ret=FAILURE
org.apache.hadoop.hdds.scm.container.common.helpers.StorageContainerException: ContainerID 2 does not exist
	at org.apache.hadoop.ozone.container.common.impl.HddsDispatcher.dispatchRequest(HddsDispatcher.java:242) ~[hadoop-hdds-container-service-0.5.0-SNAPSHOT.jar:?]
	at org.apache.hadoop.ozone.container.common.impl.HddsDispatcher.dispatch(HddsDispatcher.java:148) ~[hadoop-hdds-container-service-0.5.0-SNAPSHOT.jar:?]
	at org.apache.hadoop.ozone.container.common.transport.server.ratis.ContainerStateMachine.dispatchCommand(ContainerStateMachine.java:358) ~[hadoop-hdds-container-service-0.5.0-SNAPSHOT.jar:?]
	at org.apache.hadoop.ozone.container.common.transport.server.ratis.ContainerStateMachine.runCommand(ContainerStateMachine.java:365) ~[hadoop-hdds-container-service-0.5.0-SNAPSHOT.jar:?]
	at org.apache.hadoop.ozone.container.common.transport.server.ratis.ContainerStateMachine.lambda$applyTransaction$5(ContainerStateMachine.java:631) ~[hadoop-hdds-container-service-0.5.0-SNAPSHOT.jar:?]
	at java.util.concurrent.CompletableFuture$AsyncSupply.run(CompletableFuture.java:1590) [?:1.8.0_212]
	at java.util.concurrent.ThreadPoolExecutor.runWorker(ThreadPoolExecutor.java:1149) [?:1.8.0_212]
	at java.util.concurrent.ThreadPoolExecutor$Worker.run(ThreadPoolExecutor.java:624) [?:1.8.0_212]
	at java.lang.Thread.run(Thread.java:748) [?:1.8.0_212]
2019-07-16 15:48:40,091 INFO  impl.HddsDispatcher (ContainerUtils.java:logAndReturnError(146)) - Operation: WriteChunk : Trace ID: 3097d58db6ab86a4:3097d58db6ab86a4:0:0 : Message: ContainerID 2 does not exist : Result: CONTAINER_NOT_FOUND
15:48:40.091 [pool-118-thread-1] ERROR DNAudit - user=null | ip=null | op=PUT_BLOCK {blockData=[blockId=conID: 2 locID: 102451912379072559 bcsId: 0,size=2097152]} | ret=FAILURE
org.apache.hadoop.hdds.scm.container.common.helpers.StorageContainerException: ContainerID 2 does not exist
	at org.apache.hadoop.ozone.container.common.impl.HddsDispatcher.dispatchRequest(HddsDispatcher.java:242) ~[hadoop-hdds-container-service-0.5.0-SNAPSHOT.jar:?]
	at org.apache.hadoop.ozone.container.common.impl.HddsDispatcher.dispatch(HddsDispatcher.java:148) ~[hadoop-hdds-container-service-0.5.0-SNAPSHOT.jar:?]
	at org.apache.hadoop.ozone.container.common.transport.server.ratis.ContainerStateMachine.dispatchCommand(ContainerStateMachine.java:358) ~[hadoop-hdds-container-service-0.5.0-SNAPSHOT.jar:?]
	at org.apache.hadoop.ozone.container.common.transport.server.ratis.ContainerStateMachine.runCommand(ContainerStateMachine.java:365) ~[hadoop-hdds-container-service-0.5.0-SNAPSHOT.jar:?]
	at org.apache.hadoop.ozone.container.common.transport.server.ratis.ContainerStateMachine.lambda$applyTransaction$5(ContainerStateMachine.java:631) ~[hadoop-hdds-container-service-0.5.0-SNAPSHOT.jar:?]
	at java.util.concurrent.CompletableFuture$AsyncSupply.run(CompletableFuture.java:1590) [?:1.8.0_212]
	at java.util.concurrent.ThreadPoolExecutor.runWorker(ThreadPoolExecutor.java:1149) [?:1.8.0_212]
	at java.util.concurrent.ThreadPoolExecutor$Worker.run(ThreadPoolExecutor.java:624) [?:1.8.0_212]
	at java.lang.Thread.run(Thread.java:748) [?:1.8.0_212]
2019-07-16 15:48:40,091 INFO  impl.HddsDispatcher (ContainerUtils.java:logAndReturnError(146)) - Operation: PutBlock : Trace ID: dc6f4609456a57c8:dc6f4609456a57c8:0:0 : Message: ContainerID 2 does not exist : Result: CONTAINER_NOT_FOUND
2019-07-16 15:48:40,094 INFO  keyvalue.KeyValueHandler (ContainerUtils.java:logAndReturnError(146)) - Operation: CreateContainer : Trace ID: dd0b04e1eed7b89d:dd0b04e1eed7b89d:0:0 : Message: Container creation failed, due to disk out of space : Result: DISK_OUT_OF_SPACE
15:48:40.094 [pool-115-thread-10] ERROR DNAudit - user=null | ip=null | op=WRITE_CHUNK {blockData=conID: 2 locID: 102451912379072559 bcsId: 27} | ret=FAILURE
org.apache.hadoop.hdds.scm.container.common.helpers.StorageContainerException: ContainerID 2 creation failed
	at org.apache.hadoop.ozone.container.common.impl.HddsDispatcher.dispatchRequest(HddsDispatcher.java:227) ~[hadoop-hdds-container-service-0.5.0-SNAPSHOT.jar:?]
	at org.apache.hadoop.ozone.container.common.impl.HddsDispatcher.dispatch(HddsDispatcher.java:148) ~[hadoop-hdds-container-service-0.5.0-SNAPSHOT.jar:?]
	at org.apache.hadoop.ozone.container.common.transport.server.ratis.ContainerStateMachine.dispatchCommand(ContainerStateMachine.java:358) ~[hadoop-hdds-container-service-0.5.0-SNAPSHOT.jar:?]
	at org.apache.hadoop.ozone.container.common.transport.server.ratis.ContainerStateMachine.runCommand(ContainerStateMachine.java:365) ~[hadoop-hdds-container-service-0.5.0-SNAPSHOT.jar:?]
	at org.apache.hadoop.ozone.container.common.transport.server.ratis.ContainerStateMachine.lambda$handleWriteChunk$0(ContainerStateMachine.java:396) ~[hadoop-hdds-container-service-0.5.0-SNAPSHOT.jar:?]
	at java.util.concurrent.CompletableFuture$AsyncSupply.run(CompletableFuture.java:1590) [?:1.8.0_212]
	at java.util.concurrent.ThreadPoolExecutor.runWorker(ThreadPoolExecutor.java:1149) [?:1.8.0_212]
	at java.util.concurrent.ThreadPoolExecutor$Worker.run(ThreadPoolExecutor.java:624) [?:1.8.0_212]
	at java.lang.Thread.run(Thread.java:748) [?:1.8.0_212]
2019-07-16 15:48:40,095 INFO  impl.HddsDispatcher (ContainerUtils.java:logAndReturnError(146)) - Operation: WriteChunk : Trace ID: dd0b04e1eed7b89d:dd0b04e1eed7b89d:0:0 : Message: ContainerID 2 creation failed : Result: DISK_OUT_OF_SPACE
2019-07-16 15:48:40,107 INFO  client.GrpcClientProtocolClient (GrpcClientProtocolClient.java:onNext(255)) - client-EFD33480B4BD->0012b277-f3b4-4574-b854-c69d8b8b19fb: receive RaftClientReply:client-EFD33480B4BD->0012b277-f3b4-4574-b854-c69d8b8b19fb@group-A89E1C811B5D, cid=58, SUCCESS, logIndex=32, commits[0012b277-f3b4-4574-b854-c69d8b8b19fb:c33, 65ee548d-8fb1-4c1c-b22d-f30af36245e1:c28, 9d91b821-e7e1-46c7-b6f6-1164e13f3480:c28]
2019-07-16 15:48:40,108 INFO  client.GrpcClientProtocolClient (GrpcClientProtocolClient.java:onNext(255)) - client-EFD33480B4BD->0012b277-f3b4-4574-b854-c69d8b8b19fb: receive RaftClientReply:client-EFD33480B4BD->0012b277-f3b4-4574-b854-c69d8b8b19fb@group-A89E1C811B5D, cid=59, SUCCESS, logIndex=33, commits[0012b277-f3b4-4574-b854-c69d8b8b19fb:c33, 65ee548d-8fb1-4c1c-b22d-f30af36245e1:c28, 9d91b821-e7e1-46c7-b6f6-1164e13f3480:c28]
15:48:40.117 [pool-118-thread-1] ERROR DNAudit - user=null | ip=null | op=WRITE_CHUNK {blockData=conID: 2 locID: 102451912379072559 bcsId: 27} | ret=FAILURE
org.apache.hadoop.hdds.scm.container.common.helpers.StorageContainerException: ContainerID 2 does not exist
	at org.apache.hadoop.ozone.container.common.impl.HddsDispatcher.dispatchRequest(HddsDispatcher.java:242) ~[hadoop-hdds-container-service-0.5.0-SNAPSHOT.jar:?]
	at org.apache.hadoop.ozone.container.common.impl.HddsDispatcher.dispatch(HddsDispatcher.java:148) ~[hadoop-hdds-container-service-0.5.0-SNAPSHOT.jar:?]
	at org.apache.hadoop.ozone.container.common.transport.server.ratis.ContainerStateMachine.dispatchCommand(ContainerStateMachine.java:358) ~[hadoop-hdds-container-service-0.5.0-SNAPSHOT.jar:?]
	at org.apache.hadoop.ozone.container.common.transport.server.ratis.ContainerStateMachine.runCommand(ContainerStateMachine.java:365) ~[hadoop-hdds-container-service-0.5.0-SNAPSHOT.jar:?]
	at org.apache.hadoop.ozone.container.common.transport.server.ratis.ContainerStateMachine.lambda$applyTransaction$5(ContainerStateMachine.java:631) ~[hadoop-hdds-container-service-0.5.0-SNAPSHOT.jar:?]
	at java.util.concurrent.CompletableFuture$AsyncSupply.run(CompletableFuture.java:1590) [?:1.8.0_212]
	at java.util.concurrent.ThreadPoolExecutor.runWorker(ThreadPoolExecutor.java:1149) [?:1.8.0_212]
	at java.util.concurrent.ThreadPoolExecutor$Worker.run(ThreadPoolExecutor.java:624) [?:1.8.0_212]
	at java.lang.Thread.run(Thread.java:748) [?:1.8.0_212]
2019-07-16 15:48:40,118 INFO  impl.HddsDispatcher (ContainerUtils.java:logAndReturnError(146)) - Operation: WriteChunk : Trace ID: dd0b04e1eed7b89d:dd0b04e1eed7b89d:0:0 : Message: ContainerID 2 does not exist : Result: CONTAINER_NOT_FOUND
15:48:40.118 [pool-118-thread-1] ERROR DNAudit - user=null | ip=null | op=PUT_BLOCK {blockData=[blockId=conID: 2 locID: 102451912379072559 bcsId: 0,size=3145728]} | ret=FAILURE
org.apache.hadoop.hdds.scm.container.common.helpers.StorageContainerException: ContainerID 2 does not exist
	at org.apache.hadoop.ozone.container.common.impl.HddsDispatcher.dispatchRequest(HddsDispatcher.java:242) ~[hadoop-hdds-container-service-0.5.0-SNAPSHOT.jar:?]
	at org.apache.hadoop.ozone.container.common.impl.HddsDispatcher.dispatch(HddsDispatcher.java:148) ~[hadoop-hdds-container-service-0.5.0-SNAPSHOT.jar:?]
	at org.apache.hadoop.ozone.container.common.transport.server.ratis.ContainerStateMachine.dispatchCommand(ContainerStateMachine.java:358) ~[hadoop-hdds-container-service-0.5.0-SNAPSHOT.jar:?]
	at org.apache.hadoop.ozone.container.common.transport.server.ratis.ContainerStateMachine.runCommand(ContainerStateMachine.java:365) ~[hadoop-hdds-container-service-0.5.0-SNAPSHOT.jar:?]
	at org.apache.hadoop.ozone.container.common.transport.server.ratis.ContainerStateMachine.lambda$applyTransaction$5(ContainerStateMachine.java:631) ~[hadoop-hdds-container-service-0.5.0-SNAPSHOT.jar:?]
	at java.util.concurrent.CompletableFuture$AsyncSupply.run(CompletableFuture.java:1590) [?:1.8.0_212]
	at java.util.concurrent.ThreadPoolExecutor.runWorker(ThreadPoolExecutor.java:1149) [?:1.8.0_212]
	at java.util.concurrent.ThreadPoolExecutor$Worker.run(ThreadPoolExecutor.java:624) [?:1.8.0_212]
	at java.lang.Thread.run(Thread.java:748) [?:1.8.0_212]
2019-07-16 15:48:40,119 INFO  impl.HddsDispatcher (ContainerUtils.java:logAndReturnError(146)) - Operation: PutBlock : Trace ID: f7165b877665ba01:f7165b877665ba01:0:0 : Message: ContainerID 2 does not exist : Result: CONTAINER_NOT_FOUND
2019-07-16 15:48:40,126 INFO  keyvalue.KeyValueHandler (ContainerUtils.java:logAndReturnError(146)) - Operation: CreateContainer : Trace ID: e6e8135f7458ce93:e6e8135f7458ce93:0:0 : Message: Container creation failed, due to disk out of space : Result: DISK_OUT_OF_SPACE
15:48:40.126 [pool-115-thread-9] ERROR DNAudit - user=null | ip=null | op=WRITE_CHUNK {blockData=conID: 2 locID: 102451912379072559 bcsId: 33} | ret=FAILURE
org.apache.hadoop.hdds.scm.container.common.helpers.StorageContainerException: ContainerID 2 creation failed
	at org.apache.hadoop.ozone.container.common.impl.HddsDispatcher.dispatchRequest(HddsDispatcher.java:227) ~[hadoop-hdds-container-service-0.5.0-SNAPSHOT.jar:?]
	at org.apache.hadoop.ozone.container.common.impl.HddsDispatcher.dispatch(HddsDispatcher.java:148) ~[hadoop-hdds-container-service-0.5.0-SNAPSHOT.jar:?]
	at org.apache.hadoop.ozone.container.common.transport.server.ratis.ContainerStateMachine.dispatchCommand(ContainerStateMachine.java:358) ~[hadoop-hdds-container-service-0.5.0-SNAPSHOT.jar:?]
	at org.apache.hadoop.ozone.container.common.transport.server.ratis.ContainerStateMachine.runCommand(ContainerStateMachine.java:365) ~[hadoop-hdds-container-service-0.5.0-SNAPSHOT.jar:?]
	at org.apache.hadoop.ozone.container.common.transport.server.ratis.ContainerStateMachine.lambda$handleWriteChunk$0(ContainerStateMachine.java:396) ~[hadoop-hdds-container-service-0.5.0-SNAPSHOT.jar:?]
	at java.util.concurrent.CompletableFuture$AsyncSupply.run(CompletableFuture.java:1590) [?:1.8.0_212]
	at java.util.concurrent.ThreadPoolExecutor.runWorker(ThreadPoolExecutor.java:1149) [?:1.8.0_212]
	at java.util.concurrent.ThreadPoolExecutor$Worker.run(ThreadPoolExecutor.java:624) [?:1.8.0_212]
	at java.lang.Thread.run(Thread.java:748) [?:1.8.0_212]
2019-07-16 15:48:40,127 INFO  impl.HddsDispatcher (ContainerUtils.java:logAndReturnError(146)) - Operation: WriteChunk : Trace ID: e6e8135f7458ce93:e6e8135f7458ce93:0:0 : Message: ContainerID 2 creation failed : Result: DISK_OUT_OF_SPACE
2019-07-16 15:48:40,139 INFO  client.GrpcClientProtocolClient (GrpcClientProtocolClient.java:onNext(255)) - client-EFD33480B4BD->0012b277-f3b4-4574-b854-c69d8b8b19fb: receive RaftClientReply:client-EFD33480B4BD->0012b277-f3b4-4574-b854-c69d8b8b19fb@group-A89E1C811B5D, cid=60, SUCCESS, logIndex=36, commits[0012b277-f3b4-4574-b854-c69d8b8b19fb:c37, 65ee548d-8fb1-4c1c-b22d-f30af36245e1:c35, 9d91b821-e7e1-46c7-b6f6-1164e13f3480:c35]
2019-07-16 15:48:40,140 INFO  client.GrpcClientProtocolClient (GrpcClientProtocolClient.java:onNext(255)) - client-EFD33480B4BD->0012b277-f3b4-4574-b854-c69d8b8b19fb: receive RaftClientReply:client-EFD33480B4BD->0012b277-f3b4-4574-b854-c69d8b8b19fb@group-A89E1C811B5D, cid=61, SUCCESS, logIndex=37, commits[0012b277-f3b4-4574-b854-c69d8b8b19fb:c37, 65ee548d-8fb1-4c1c-b22d-f30af36245e1:c35, 9d91b821-e7e1-46c7-b6f6-1164e13f3480:c35]
15:48:40.149 [pool-118-thread-1] ERROR DNAudit - user=null | ip=null | op=WRITE_CHUNK {blockData=conID: 2 locID: 102451912379072559 bcsId: 33} | ret=FAILURE
org.apache.hadoop.hdds.scm.container.common.helpers.StorageContainerException: ContainerID 2 does not exist
	at org.apache.hadoop.ozone.container.common.impl.HddsDispatcher.dispatchRequest(HddsDispatcher.java:242) ~[hadoop-hdds-container-service-0.5.0-SNAPSHOT.jar:?]
	at org.apache.hadoop.ozone.container.common.impl.HddsDispatcher.dispatch(HddsDispatcher.java:148) ~[hadoop-hdds-container-service-0.5.0-SNAPSHOT.jar:?]
	at org.apache.hadoop.ozone.container.common.transport.server.ratis.ContainerStateMachine.dispatchCommand(ContainerStateMachine.java:358) ~[hadoop-hdds-container-service-0.5.0-SNAPSHOT.jar:?]
	at org.apache.hadoop.ozone.container.common.transport.server.ratis.ContainerStateMachine.runCommand(ContainerStateMachine.java:365) ~[hadoop-hdds-container-service-0.5.0-SNAPSHOT.jar:?]
	at org.apache.hadoop.ozone.container.common.transport.server.ratis.ContainerStateMachine.lambda$applyTransaction$5(ContainerStateMachine.java:631) ~[hadoop-hdds-container-service-0.5.0-SNAPSHOT.jar:?]
	at java.util.concurrent.CompletableFuture$AsyncSupply.run(CompletableFuture.java:1590) [?:1.8.0_212]
	at java.util.concurrent.ThreadPoolExecutor.runWorker(ThreadPoolExecutor.java:1149) [?:1.8.0_212]
	at java.util.concurrent.ThreadPoolExecutor$Worker.run(ThreadPoolExecutor.java:624) [?:1.8.0_212]
	at java.lang.Thread.run(Thread.java:748) [?:1.8.0_212]
2019-07-16 15:48:40,149 INFO  impl.HddsDispatcher (ContainerUtils.java:logAndReturnError(146)) - Operation: WriteChunk : Trace ID: e6e8135f7458ce93:e6e8135f7458ce93:0:0 : Message: ContainerID 2 does not exist : Result: CONTAINER_NOT_FOUND
2019-07-16 15:48:40,150 INFO  client.GrpcClientProtocolClient (GrpcClientProtocolClient.java:onNext(255)) - client-EFD33480B4BD->0012b277-f3b4-4574-b854-c69d8b8b19fb: receive RaftClientReply:client-EFD33480B4BD->0012b277-f3b4-4574-b854-c69d8b8b19fb@group-A89E1C811B5D, cid=62, SUCCESS, logIndex=0, commits[0012b277-f3b4-4574-b854-c69d8b8b19fb:c38, 65ee548d-8fb1-4c1c-b22d-f30af36245e1:c37, 9d91b821-e7e1-46c7-b6f6-1164e13f3480:c37]
15:48:40.150 [pool-118-thread-1] ERROR DNAudit - user=null | ip=null | op=PUT_BLOCK {blockData=[blockId=conID: 2 locID: 102451912379072559 bcsId: 0,size=4194304]} | ret=FAILURE
org.apache.hadoop.hdds.scm.container.common.helpers.StorageContainerException: ContainerID 2 does not exist
	at org.apache.hadoop.ozone.container.common.impl.HddsDispatcher.dispatchRequest(HddsDispatcher.java:242) ~[hadoop-hdds-container-service-0.5.0-SNAPSHOT.jar:?]
	at org.apache.hadoop.ozone.container.common.impl.HddsDispatcher.dispatch(HddsDispatcher.java:148) ~[hadoop-hdds-container-service-0.5.0-SNAPSHOT.jar:?]
	at org.apache.hadoop.ozone.container.common.transport.server.ratis.ContainerStateMachine.dispatchCommand(ContainerStateMachine.java:358) ~[hadoop-hdds-container-service-0.5.0-SNAPSHOT.jar:?]
	at org.apache.hadoop.ozone.container.common.transport.server.ratis.ContainerStateMachine.runCommand(ContainerStateMachine.java:365) ~[hadoop-hdds-container-service-0.5.0-SNAPSHOT.jar:?]
	at org.apache.hadoop.ozone.container.common.transport.server.ratis.ContainerStateMachine.lambda$applyTransaction$5(ContainerStateMachine.java:631) ~[hadoop-hdds-container-service-0.5.0-SNAPSHOT.jar:?]
	at java.util.concurrent.CompletableFuture$AsyncSupply.run(CompletableFuture.java:1590) [?:1.8.0_212]
	at java.util.concurrent.ThreadPoolExecutor.runWorker(ThreadPoolExecutor.java:1149) [?:1.8.0_212]
	at java.util.concurrent.ThreadPoolExecutor$Worker.run(ThreadPoolExecutor.java:624) [?:1.8.0_212]
	at java.lang.Thread.run(Thread.java:748) [?:1.8.0_212]
2019-07-16 15:48:40,150 INFO  impl.HddsDispatcher (ContainerUtils.java:logAndReturnError(146)) - Operation: PutBlock : Trace ID: 39e16b69f92e4d83:39e16b69f92e4d83:0:0 : Message: ContainerID 2 does not exist : Result: CONTAINER_NOT_FOUND
2019-07-16 15:48:40,156 INFO  keyvalue.KeyValueHandler (ContainerUtils.java:logAndReturnError(146)) - Operation: CreateContainer : Trace ID: e35ed228ab932ce5:e35ed228ab932ce5:0:0 : Message: Container creation failed, due to disk out of space : Result: DISK_OUT_OF_SPACE
15:48:40.157 [pool-220-thread-16] ERROR DNAudit - user=null | ip=null | op=WRITE_CHUNK {blockData=conID: 13 locID: 102451912379269168 bcsId: 0} | ret=FAILURE
org.apache.hadoop.hdds.scm.container.common.helpers.StorageContainerException: ContainerID 13 creation failed
	at org.apache.hadoop.ozone.container.common.impl.HddsDispatcher.dispatchRequest(HddsDispatcher.java:227) ~[hadoop-hdds-container-service-0.5.0-SNAPSHOT.jar:?]
	at org.apache.hadoop.ozone.container.common.impl.HddsDispatcher.dispatch(HddsDispatcher.java:148) ~[hadoop-hdds-container-service-0.5.0-SNAPSHOT.jar:?]
	at org.apache.hadoop.ozone.container.common.transport.server.ratis.ContainerStateMachine.dispatchCommand(ContainerStateMachine.java:358) ~[hadoop-hdds-container-service-0.5.0-SNAPSHOT.jar:?]
	at org.apache.hadoop.ozone.container.common.transport.server.ratis.ContainerStateMachine.runCommand(ContainerStateMachine.java:365) ~[hadoop-hdds-container-service-0.5.0-SNAPSHOT.jar:?]
	at org.apache.hadoop.ozone.container.common.transport.server.ratis.ContainerStateMachine.lambda$handleWriteChunk$0(ContainerStateMachine.java:396) ~[hadoop-hdds-container-service-0.5.0-SNAPSHOT.jar:?]
	at java.util.concurrent.CompletableFuture$AsyncSupply.run(CompletableFuture.java:1590) [?:1.8.0_212]
	at java.util.concurrent.ThreadPoolExecutor.runWorker(ThreadPoolExecutor.java:1149) [?:1.8.0_212]
	at java.util.concurrent.ThreadPoolExecutor$Worker.run(ThreadPoolExecutor.java:624) [?:1.8.0_212]
	at java.lang.Thread.run(Thread.java:748) [?:1.8.0_212]
2019-07-16 15:48:40,157 INFO  impl.HddsDispatcher (ContainerUtils.java:logAndReturnError(146)) - Operation: WriteChunk : Trace ID: e35ed228ab932ce5:e35ed228ab932ce5:0:0 : Message: ContainerID 13 creation failed : Result: DISK_OUT_OF_SPACE
2019-07-16 15:48:40,160 INFO  keyvalue.KeyValueHandler (ContainerUtils.java:logAndReturnError(146)) - Operation: CreateContainer : Trace ID: e35ed228ab932ce5:e35ed228ab932ce5:0:0 : Message: Container creation failed, due to disk out of space : Result: DISK_OUT_OF_SPACE
2019-07-16 15:48:40,160 INFO  keyvalue.KeyValueHandler (ContainerUtils.java:logAndReturnError(146)) - Operation: CreateContainer : Trace ID: e35ed228ab932ce5:e35ed228ab932ce5:0:0 : Message: Container creation failed, due to disk out of space : Result: DISK_OUT_OF_SPACE
15:48:40.160 [pool-52-thread-6] ERROR DNAudit - user=null | ip=null | op=WRITE_CHUNK {blockData=conID: 13 locID: 102451912379269168 bcsId: 0} | ret=FAILURE
org.apache.hadoop.hdds.scm.container.common.helpers.StorageContainerException: ContainerID 13 creation failed
	at org.apache.hadoop.ozone.container.common.impl.HddsDispatcher.dispatchRequest(HddsDispatcher.java:227) ~[hadoop-hdds-container-service-0.5.0-SNAPSHOT.jar:?]
	at org.apache.hadoop.ozone.container.common.impl.HddsDispatcher.dispatch(HddsDispatcher.java:148) ~[hadoop-hdds-container-service-0.5.0-SNAPSHOT.jar:?]
	at org.apache.hadoop.ozone.container.common.transport.server.ratis.ContainerStateMachine.dispatchCommand(ContainerStateMachine.java:358) ~[hadoop-hdds-container-service-0.5.0-SNAPSHOT.jar:?]
	at org.apache.hadoop.ozone.container.common.transport.server.ratis.ContainerStateMachine.runCommand(ContainerStateMachine.java:365) ~[hadoop-hdds-container-service-0.5.0-SNAPSHOT.jar:?]
	at org.apache.hadoop.ozone.container.common.transport.server.ratis.ContainerStateMachine.lambda$handleWriteChunk$0(ContainerStateMachine.java:396) ~[hadoop-hdds-container-service-0.5.0-SNAPSHOT.jar:?]
	at java.util.concurrent.CompletableFuture$AsyncSupply.run(CompletableFuture.java:1590) [?:1.8.0_212]
	at java.util.concurrent.ThreadPoolExecutor.runWorker(ThreadPoolExecutor.java:1149) [?:1.8.0_212]
	at java.util.concurrent.ThreadPoolExecutor$Worker.run(ThreadPoolExecutor.java:624) [?:1.8.0_212]
	at java.lang.Thread.run(Thread.java:748) [?:1.8.0_212]
15:48:40.160 [pool-136-thread-6] ERROR DNAudit - user=null | ip=null | op=WRITE_CHUNK {blockData=conID: 13 locID: 102451912379269168 bcsId: 0} | ret=FAILURE
org.apache.hadoop.hdds.scm.container.common.helpers.StorageContainerException: ContainerID 13 creation failed
	at org.apache.hadoop.ozone.container.common.impl.HddsDispatcher.dispatchRequest(HddsDispatcher.java:227) ~[hadoop-hdds-container-service-0.5.0-SNAPSHOT.jar:?]
	at org.apache.hadoop.ozone.container.common.impl.HddsDispatcher.dispatch(HddsDispatcher.java:148) ~[hadoop-hdds-container-service-0.5.0-SNAPSHOT.jar:?]
	at org.apache.hadoop.ozone.container.common.transport.server.ratis.ContainerStateMachine.dispatchCommand(ContainerStateMachine.java:358) ~[hadoop-hdds-container-service-0.5.0-SNAPSHOT.jar:?]
	at org.apache.hadoop.ozone.container.common.transport.server.ratis.ContainerStateMachine.runCommand(ContainerStateMachine.java:365) ~[hadoop-hdds-container-service-0.5.0-SNAPSHOT.jar:?]
	at org.apache.hadoop.ozone.container.common.transport.server.ratis.ContainerStateMachine.lambda$handleWriteChunk$0(ContainerStateMachine.java:396) ~[hadoop-hdds-container-service-0.5.0-SNAPSHOT.jar:?]
	at java.util.concurrent.CompletableFuture$AsyncSupply.run(CompletableFuture.java:1590) [?:1.8.0_212]
	at java.util.concurrent.ThreadPoolExecutor.runWorker(ThreadPoolExecutor.java:1149) [?:1.8.0_212]
	at java.util.concurrent.ThreadPoolExecutor$Worker.run(ThreadPoolExecutor.java:624) [?:1.8.0_212]
	at java.lang.Thread.run(Thread.java:748) [?:1.8.0_212]
2019-07-16 15:48:40,161 INFO  impl.HddsDispatcher (ContainerUtils.java:logAndReturnError(146)) - Operation: WriteChunk : Trace ID: e35ed228ab932ce5:e35ed228ab932ce5:0:0 : Message: ContainerID 13 creation failed : Result: DISK_OUT_OF_SPACE
2019-07-16 15:48:40,161 INFO  impl.HddsDispatcher (ContainerUtils.java:logAndReturnError(146)) - Operation: WriteChunk : Trace ID: e35ed228ab932ce5:e35ed228ab932ce5:0:0 : Message: ContainerID 13 creation failed : Result: DISK_OUT_OF_SPACE
15:48:40.171 [pool-224-thread-1] ERROR DNAudit - user=null | ip=null | op=WRITE_CHUNK {blockData=conID: 13 locID: 102451912379269168 bcsId: 0} | ret=FAILURE
org.apache.hadoop.hdds.scm.container.common.helpers.StorageContainerException: ContainerID 13 does not exist
	at org.apache.hadoop.ozone.container.common.impl.HddsDispatcher.dispatchRequest(HddsDispatcher.java:242) ~[hadoop-hdds-container-service-0.5.0-SNAPSHOT.jar:?]
	at org.apache.hadoop.ozone.container.common.impl.HddsDispatcher.dispatch(HddsDispatcher.java:148) ~[hadoop-hdds-container-service-0.5.0-SNAPSHOT.jar:?]
	at org.apache.hadoop.ozone.container.common.transport.server.ratis.ContainerStateMachine.dispatchCommand(ContainerStateMachine.java:358) ~[hadoop-hdds-container-service-0.5.0-SNAPSHOT.jar:?]
	at org.apache.hadoop.ozone.container.common.transport.server.ratis.ContainerStateMachine.runCommand(ContainerStateMachine.java:365) ~[hadoop-hdds-container-service-0.5.0-SNAPSHOT.jar:?]
	at org.apache.hadoop.ozone.container.common.transport.server.ratis.ContainerStateMachine.lambda$applyTransaction$5(ContainerStateMachine.java:631) ~[hadoop-hdds-container-service-0.5.0-SNAPSHOT.jar:?]
	at java.util.concurrent.CompletableFuture$AsyncSupply.run(CompletableFuture.java:1590) [?:1.8.0_212]
	at java.util.concurrent.ThreadPoolExecutor.runWorker(ThreadPoolExecutor.java:1149) [?:1.8.0_212]
	at java.util.concurrent.ThreadPoolExecutor$Worker.run(ThreadPoolExecutor.java:624) [?:1.8.0_212]
	at java.lang.Thread.run(Thread.java:748) [?:1.8.0_212]
2019-07-16 15:48:40,171 INFO  impl.HddsDispatcher (ContainerUtils.java:logAndReturnError(146)) - Operation: WriteChunk : Trace ID: e35ed228ab932ce5:e35ed228ab932ce5:0:0 : Message: ContainerID 13 does not exist : Result: CONTAINER_NOT_FOUND
15:48:40.172 [pool-224-thread-1] ERROR DNAudit - user=null | ip=null | op=PUT_BLOCK {blockData=[blockId=conID: 13 locID: 102451912379269168 bcsId: 0,size=1048576]} | ret=FAILURE
org.apache.hadoop.hdds.scm.container.common.helpers.StorageContainerException: ContainerID 13 does not exist
	at org.apache.hadoop.ozone.container.common.impl.HddsDispatcher.dispatchRequest(HddsDispatcher.java:242) ~[hadoop-hdds-container-service-0.5.0-SNAPSHOT.jar:?]
	at org.apache.hadoop.ozone.container.common.impl.HddsDispatcher.dispatch(HddsDispatcher.java:148) ~[hadoop-hdds-container-service-0.5.0-SNAPSHOT.jar:?]
	at org.apache.hadoop.ozone.container.common.transport.server.ratis.ContainerStateMachine.dispatchCommand(ContainerStateMachine.java:358) ~[hadoop-hdds-container-service-0.5.0-SNAPSHOT.jar:?]
	at org.apache.hadoop.ozone.container.common.transport.server.ratis.ContainerStateMachine.runCommand(ContainerStateMachine.java:365) ~[hadoop-hdds-container-service-0.5.0-SNAPSHOT.jar:?]
	at org.apache.hadoop.ozone.container.common.transport.server.ratis.ContainerStateMachine.lambda$applyTransaction$5(ContainerStateMachine.java:631) ~[hadoop-hdds-container-service-0.5.0-SNAPSHOT.jar:?]
	at java.util.concurrent.CompletableFuture$AsyncSupply.run(CompletableFuture.java:1590) [?:1.8.0_212]
	at java.util.concurrent.ThreadPoolExecutor.runWorker(ThreadPoolExecutor.java:1149) [?:1.8.0_212]
	at java.util.concurrent.ThreadPoolExecutor$Worker.run(ThreadPoolExecutor.java:624) [?:1.8.0_212]
	at java.lang.Thread.run(Thread.java:748) [?:1.8.0_212]
2019-07-16 15:48:40,173 INFO  client.GrpcClientProtocolClient (GrpcClientProtocolClient.java:onNext(255)) - client-C4A52DC28543->1d1b07ec-03fa-4bb8-b188-d93c3579ab11: receive RaftClientReply:client-C4A52DC28543->1d1b07ec-03fa-4bb8-b188-d93c3579ab11@group-62B605DFEF23, cid=63, SUCCESS, logIndex=21, commits[1d1b07ec-03fa-4bb8-b188-d93c3579ab11:c22, 8e588f5d-198f-4085-a4b0-377dd69d60a6:c20, e7026ff3-83d2-41f9-ad85-f875bf217421:c20]
2019-07-16 15:48:40,173 INFO  impl.HddsDispatcher (ContainerUtils.java:logAndReturnError(146)) - Operation: PutBlock : Trace ID: 619d0dba4c75a58f:619d0dba4c75a58f:0:0 : Message: ContainerID 13 does not exist : Result: CONTAINER_NOT_FOUND
2019-07-16 15:48:40,173 ERROR storage.BlockOutputStream (BlockOutputStream.java:validateResponse(532)) - Unexpected Storage Container Exception: 
org.apache.hadoop.hdds.scm.container.common.helpers.StorageContainerException: ContainerID 13 does not exist
	at org.apache.hadoop.hdds.scm.storage.ContainerProtocolCalls.validateContainerResponse(ContainerProtocolCalls.java:536)
	at org.apache.hadoop.hdds.scm.storage.BlockOutputStream.validateResponse(BlockOutputStream.java:530)
	at org.apache.hadoop.hdds.scm.storage.BlockOutputStream.lambda$writeChunkToContainer$2(BlockOutputStream.java:607)
	at java.util.concurrent.CompletableFuture.uniApply(CompletableFuture.java:602)
	at java.util.concurrent.CompletableFuture$UniApply.tryFire(CompletableFuture.java:577)
	at java.util.concurrent.CompletableFuture$Completion.run(CompletableFuture.java:442)
	at java.util.concurrent.ThreadPoolExecutor.runWorker(ThreadPoolExecutor.java:1149)
	at java.util.concurrent.ThreadPoolExecutor$Worker.run(ThreadPoolExecutor.java:624)
	at java.lang.Thread.run(Thread.java:748)
2019-07-16 15:48:40,174 INFO  client.GrpcClientProtocolClient (GrpcClientProtocolClient.java:onNext(255)) - client-C4A52DC28543->1d1b07ec-03fa-4bb8-b188-d93c3579ab11: receive RaftClientReply:client-C4A52DC28543->1d1b07ec-03fa-4bb8-b188-d93c3579ab11@group-62B605DFEF23, cid=64, SUCCESS, logIndex=22, commits[1d1b07ec-03fa-4bb8-b188-d93c3579ab11:c22, 8e588f5d-198f-4085-a4b0-377dd69d60a6:c20, e7026ff3-83d2-41f9-ad85-f875bf217421:c20]
]]></system-out>
  </testcase>
  <testcase name="testValidateBlockLengthWithCommitKey" classname="org.apache.hadoop.ozone.client.rpc.TestOzoneAtRestEncryption" time="0.024">
    <error message="Unexpected Storage Container Exception: org.apache.hadoop.hdds.scm.container.common.helpers.StorageContainerException: ContainerID 6 creation failed" type="java.io.IOException">java.io.IOException: Unexpected Storage Container Exception: org.apache.hadoop.hdds.scm.container.common.helpers.StorageContainerException: ContainerID 6 creation failed
	at org.apache.hadoop.hdds.scm.storage.BlockOutputStream.setIoException(BlockOutputStream.java:542)
	at org.apache.hadoop.hdds.scm.storage.BlockOutputStream.validateResponse(BlockOutputStream.java:533)
	at org.apache.hadoop.hdds.scm.storage.BlockOutputStream.lambda$writeChunkToContainer$2(BlockOutputStream.java:607)
	at java.util.concurrent.CompletableFuture.uniApply(CompletableFuture.java:602)
	at java.util.concurrent.CompletableFuture$UniApply.tryFire(CompletableFuture.java:577)
	at java.util.concurrent.CompletableFuture$Completion.run(CompletableFuture.java:442)
	at java.util.concurrent.ThreadPoolExecutor.runWorker(ThreadPoolExecutor.java:1149)
	at java.util.concurrent.ThreadPoolExecutor$Worker.run(ThreadPoolExecutor.java:624)
	at java.lang.Thread.run(Thread.java:748)
Caused by: org.apache.hadoop.hdds.scm.container.common.helpers.StorageContainerException: ContainerID 6 creation failed
	at org.apache.hadoop.hdds.scm.storage.ContainerProtocolCalls.validateContainerResponse(ContainerProtocolCalls.java:536)
	at org.apache.hadoop.hdds.scm.storage.BlockOutputStream.validateResponse(BlockOutputStream.java:530)
	... 7 more
</error>
    <system-out><![CDATA[2019-07-16 15:48:40,179 INFO  rpc.RpcClient (RpcClient.java:createVolume(287)) - Creating Volume: 1e5d35a0-54dd-476c-8992-55922db53af1, with jenkins1000 as owner.
2019-07-16 15:48:40,182 INFO  rpc.RpcClient (RpcClient.java:createBucket(424)) - Creating Bucket: 1e5d35a0-54dd-476c-8992-55922db53af1/93fe7a4d-ab31-44c0-a68a-f2fdab4fe207, with Versioning false and Storage Type set to DISK and Encryption set to false 
15:48:40.184 [pool-140-thread-1] ERROR DNAudit - user=null | ip=null | op=WRITE_CHUNK {blockData=conID: 13 locID: 102451912379269168 bcsId: 0} | ret=FAILURE
org.apache.hadoop.hdds.scm.container.common.helpers.StorageContainerException: ContainerID 13 does not exist
	at org.apache.hadoop.ozone.container.common.impl.HddsDispatcher.dispatchRequest(HddsDispatcher.java:242) ~[hadoop-hdds-container-service-0.5.0-SNAPSHOT.jar:?]
	at org.apache.hadoop.ozone.container.common.impl.HddsDispatcher.dispatch(HddsDispatcher.java:148) ~[hadoop-hdds-container-service-0.5.0-SNAPSHOT.jar:?]
	at org.apache.hadoop.ozone.container.common.transport.server.ratis.ContainerStateMachine.dispatchCommand(ContainerStateMachine.java:358) ~[hadoop-hdds-container-service-0.5.0-SNAPSHOT.jar:?]
	at org.apache.hadoop.ozone.container.common.transport.server.ratis.ContainerStateMachine.runCommand(ContainerStateMachine.java:365) ~[hadoop-hdds-container-service-0.5.0-SNAPSHOT.jar:?]
	at org.apache.hadoop.ozone.container.common.transport.server.ratis.ContainerStateMachine.lambda$applyTransaction$5(ContainerStateMachine.java:631) ~[hadoop-hdds-container-service-0.5.0-SNAPSHOT.jar:?]
	at java.util.concurrent.CompletableFuture$AsyncSupply.run(CompletableFuture.java:1590) [?:1.8.0_212]
	at java.util.concurrent.ThreadPoolExecutor.runWorker(ThreadPoolExecutor.java:1149) [?:1.8.0_212]
	at java.util.concurrent.ThreadPoolExecutor$Worker.run(ThreadPoolExecutor.java:624) [?:1.8.0_212]
	at java.lang.Thread.run(Thread.java:748) [?:1.8.0_212]
2019-07-16 15:48:40,184 INFO  impl.HddsDispatcher (ContainerUtils.java:logAndReturnError(146)) - Operation: WriteChunk : Trace ID: e35ed228ab932ce5:e35ed228ab932ce5:0:0 : Message: ContainerID 13 does not exist : Result: CONTAINER_NOT_FOUND
15:48:40.184 [pool-56-thread-1] ERROR DNAudit - user=null | ip=null | op=WRITE_CHUNK {blockData=conID: 13 locID: 102451912379269168 bcsId: 0} | ret=FAILURE
org.apache.hadoop.hdds.scm.container.common.helpers.StorageContainerException: ContainerID 13 does not exist
	at org.apache.hadoop.ozone.container.common.impl.HddsDispatcher.dispatchRequest(HddsDispatcher.java:242) ~[hadoop-hdds-container-service-0.5.0-SNAPSHOT.jar:?]
	at org.apache.hadoop.ozone.container.common.impl.HddsDispatcher.dispatch(HddsDispatcher.java:148) ~[hadoop-hdds-container-service-0.5.0-SNAPSHOT.jar:?]
	at org.apache.hadoop.ozone.container.common.transport.server.ratis.ContainerStateMachine.dispatchCommand(ContainerStateMachine.java:358) ~[hadoop-hdds-container-service-0.5.0-SNAPSHOT.jar:?]
	at org.apache.hadoop.ozone.container.common.transport.server.ratis.ContainerStateMachine.runCommand(ContainerStateMachine.java:365) ~[hadoop-hdds-container-service-0.5.0-SNAPSHOT.jar:?]
	at org.apache.hadoop.ozone.container.common.transport.server.ratis.ContainerStateMachine.lambda$applyTransaction$5(ContainerStateMachine.java:631) ~[hadoop-hdds-container-service-0.5.0-SNAPSHOT.jar:?]
	at java.util.concurrent.CompletableFuture$AsyncSupply.run(CompletableFuture.java:1590) [?:1.8.0_212]
	at java.util.concurrent.ThreadPoolExecutor.runWorker(ThreadPoolExecutor.java:1149) [?:1.8.0_212]
	at java.util.concurrent.ThreadPoolExecutor$Worker.run(ThreadPoolExecutor.java:624) [?:1.8.0_212]
	at java.lang.Thread.run(Thread.java:748) [?:1.8.0_212]
2019-07-16 15:48:40,184 INFO  impl.HddsDispatcher (ContainerUtils.java:logAndReturnError(146)) - Operation: WriteChunk : Trace ID: e35ed228ab932ce5:e35ed228ab932ce5:0:0 : Message: ContainerID 13 does not exist : Result: CONTAINER_NOT_FOUND
15:48:40.185 [pool-140-thread-1] ERROR DNAudit - user=null | ip=null | op=PUT_BLOCK {blockData=[blockId=conID: 13 locID: 102451912379269168 bcsId: 0,size=1048576]} | ret=FAILURE
org.apache.hadoop.hdds.scm.container.common.helpers.StorageContainerException: ContainerID 13 does not exist
	at org.apache.hadoop.ozone.container.common.impl.HddsDispatcher.dispatchRequest(HddsDispatcher.java:242) ~[hadoop-hdds-container-service-0.5.0-SNAPSHOT.jar:?]
	at org.apache.hadoop.ozone.container.common.impl.HddsDispatcher.dispatch(HddsDispatcher.java:148) ~[hadoop-hdds-container-service-0.5.0-SNAPSHOT.jar:?]
	at org.apache.hadoop.ozone.container.common.transport.server.ratis.ContainerStateMachine.dispatchCommand(ContainerStateMachine.java:358) ~[hadoop-hdds-container-service-0.5.0-SNAPSHOT.jar:?]
	at org.apache.hadoop.ozone.container.common.transport.server.ratis.ContainerStateMachine.runCommand(ContainerStateMachine.java:365) ~[hadoop-hdds-container-service-0.5.0-SNAPSHOT.jar:?]
	at org.apache.hadoop.ozone.container.common.transport.server.ratis.ContainerStateMachine.lambda$applyTransaction$5(ContainerStateMachine.java:631) ~[hadoop-hdds-container-service-0.5.0-SNAPSHOT.jar:?]
	at java.util.concurrent.CompletableFuture$AsyncSupply.run(CompletableFuture.java:1590) [?:1.8.0_212]
	at java.util.concurrent.ThreadPoolExecutor.runWorker(ThreadPoolExecutor.java:1149) [?:1.8.0_212]
	at java.util.concurrent.ThreadPoolExecutor$Worker.run(ThreadPoolExecutor.java:624) [?:1.8.0_212]
	at java.lang.Thread.run(Thread.java:748) [?:1.8.0_212]
2019-07-16 15:48:40,185 INFO  impl.HddsDispatcher (ContainerUtils.java:logAndReturnError(146)) - Operation: PutBlock : Trace ID: 619d0dba4c75a58f:619d0dba4c75a58f:0:0 : Message: ContainerID 13 does not exist : Result: CONTAINER_NOT_FOUND
15:48:40.185 [pool-56-thread-1] ERROR DNAudit - user=null | ip=null | op=PUT_BLOCK {blockData=[blockId=conID: 13 locID: 102451912379269168 bcsId: 0,size=1048576]} | ret=FAILURE
org.apache.hadoop.hdds.scm.container.common.helpers.StorageContainerException: ContainerID 13 does not exist
	at org.apache.hadoop.ozone.container.common.impl.HddsDispatcher.dispatchRequest(HddsDispatcher.java:242) ~[hadoop-hdds-container-service-0.5.0-SNAPSHOT.jar:?]
	at org.apache.hadoop.ozone.container.common.impl.HddsDispatcher.dispatch(HddsDispatcher.java:148) ~[hadoop-hdds-container-service-0.5.0-SNAPSHOT.jar:?]
	at org.apache.hadoop.ozone.container.common.transport.server.ratis.ContainerStateMachine.dispatchCommand(ContainerStateMachine.java:358) ~[hadoop-hdds-container-service-0.5.0-SNAPSHOT.jar:?]
	at org.apache.hadoop.ozone.container.common.transport.server.ratis.ContainerStateMachine.runCommand(ContainerStateMachine.java:365) ~[hadoop-hdds-container-service-0.5.0-SNAPSHOT.jar:?]
	at org.apache.hadoop.ozone.container.common.transport.server.ratis.ContainerStateMachine.lambda$applyTransaction$5(ContainerStateMachine.java:631) ~[hadoop-hdds-container-service-0.5.0-SNAPSHOT.jar:?]
	at java.util.concurrent.CompletableFuture$AsyncSupply.run(CompletableFuture.java:1590) [?:1.8.0_212]
	at java.util.concurrent.ThreadPoolExecutor.runWorker(ThreadPoolExecutor.java:1149) [?:1.8.0_212]
	at java.util.concurrent.ThreadPoolExecutor$Worker.run(ThreadPoolExecutor.java:624) [?:1.8.0_212]
	at java.lang.Thread.run(Thread.java:748) [?:1.8.0_212]
2019-07-16 15:48:40,185 INFO  impl.HddsDispatcher (ContainerUtils.java:logAndReturnError(146)) - Operation: PutBlock : Trace ID: 619d0dba4c75a58f:619d0dba4c75a58f:0:0 : Message: ContainerID 13 does not exist : Result: CONTAINER_NOT_FOUND
2019-07-16 15:48:40,192 INFO  keyvalue.KeyValueHandler (ContainerUtils.java:logAndReturnError(146)) - Operation: CreateContainer : Trace ID: bafafaae9b57c3f:bafafaae9b57c3f:0:0 : Message: Container creation failed, due to disk out of space : Result: DISK_OUT_OF_SPACE
15:48:40.192 [grpc-default-executor-5] ERROR DNAudit - user=null | ip=null | op=WRITE_CHUNK {blockData=conID: 6 locID: 102451912388509746 bcsId: 0} | ret=FAILURE
org.apache.hadoop.hdds.scm.container.common.helpers.StorageContainerException: ContainerID 6 creation failed
	at org.apache.hadoop.ozone.container.common.impl.HddsDispatcher.dispatchRequest(HddsDispatcher.java:227) [hadoop-hdds-container-service-0.5.0-SNAPSHOT.jar:?]
	at org.apache.hadoop.ozone.container.common.impl.HddsDispatcher.dispatch(HddsDispatcher.java:148) [hadoop-hdds-container-service-0.5.0-SNAPSHOT.jar:?]
	at org.apache.hadoop.ozone.container.common.transport.server.GrpcXceiverService$1.onNext(GrpcXceiverService.java:73) [hadoop-hdds-container-service-0.5.0-SNAPSHOT.jar:?]
	at org.apache.hadoop.ozone.container.common.transport.server.GrpcXceiverService$1.onNext(GrpcXceiverService.java:61) [hadoop-hdds-container-service-0.5.0-SNAPSHOT.jar:?]
	at org.apache.ratis.thirdparty.io.grpc.stub.ServerCalls$StreamingServerCallHandler$StreamingServerCallListener.onMessage(ServerCalls.java:248) [ratis-thirdparty-misc-0.2.0.jar:0.2.0]
	at org.apache.ratis.thirdparty.io.grpc.ForwardingServerCallListener.onMessage(ForwardingServerCallListener.java:33) [ratis-thirdparty-misc-0.2.0.jar:0.2.0]
	at org.apache.ratis.thirdparty.io.grpc.Contexts$ContextualizedServerCallListener.onMessage(Contexts.java:76) [ratis-thirdparty-misc-0.2.0.jar:0.2.0]
	at org.apache.ratis.thirdparty.io.grpc.ForwardingServerCallListener.onMessage(ForwardingServerCallListener.java:33) [ratis-thirdparty-misc-0.2.0.jar:0.2.0]
	at org.apache.hadoop.hdds.tracing.GrpcServerInterceptor$1.onMessage(GrpcServerInterceptor.java:46) [hadoop-hdds-common-0.5.0-SNAPSHOT.jar:?]
	at org.apache.ratis.thirdparty.io.grpc.internal.ServerCallImpl$ServerStreamListenerImpl.messagesAvailable(ServerCallImpl.java:263) [ratis-thirdparty-misc-0.2.0.jar:0.2.0]
	at org.apache.ratis.thirdparty.io.grpc.internal.ServerImpl$JumpToApplicationThreadServerStreamListener$1MessagesAvailable.runInContext(ServerImpl.java:686) [ratis-thirdparty-misc-0.2.0.jar:0.2.0]
	at org.apache.ratis.thirdparty.io.grpc.internal.ContextRunnable.run(ContextRunnable.java:37) [ratis-thirdparty-misc-0.2.0.jar:0.2.0]
	at org.apache.ratis.thirdparty.io.grpc.internal.SerializingExecutor.run(SerializingExecutor.java:123) [ratis-thirdparty-misc-0.2.0.jar:0.2.0]
	at java.util.concurrent.ThreadPoolExecutor.runWorker(ThreadPoolExecutor.java:1149) [?:1.8.0_212]
	at java.util.concurrent.ThreadPoolExecutor$Worker.run(ThreadPoolExecutor.java:624) [?:1.8.0_212]
	at java.lang.Thread.run(Thread.java:748) [?:1.8.0_212]
2019-07-16 15:48:40,192 INFO  impl.HddsDispatcher (ContainerUtils.java:logAndReturnError(146)) - Operation: WriteChunk : Trace ID: bafafaae9b57c3f:bafafaae9b57c3f:0:0 : Message: ContainerID 6 creation failed : Result: DISK_OUT_OF_SPACE
2019-07-16 15:48:40,193 ERROR storage.BlockOutputStream (BlockOutputStream.java:validateResponse(532)) - Unexpected Storage Container Exception: 
org.apache.hadoop.hdds.scm.container.common.helpers.StorageContainerException: ContainerID 6 creation failed
	at org.apache.hadoop.hdds.scm.storage.ContainerProtocolCalls.validateContainerResponse(ContainerProtocolCalls.java:536)
	at org.apache.hadoop.hdds.scm.storage.BlockOutputStream.validateResponse(BlockOutputStream.java:530)
	at org.apache.hadoop.hdds.scm.storage.BlockOutputStream.lambda$writeChunkToContainer$2(BlockOutputStream.java:607)
	at java.util.concurrent.CompletableFuture.uniApply(CompletableFuture.java:602)
	at java.util.concurrent.CompletableFuture$UniApply.tryFire(CompletableFuture.java:577)
	at java.util.concurrent.CompletableFuture$Completion.run(CompletableFuture.java:442)
	at java.util.concurrent.ThreadPoolExecutor.runWorker(ThreadPoolExecutor.java:1149)
	at java.util.concurrent.ThreadPoolExecutor$Worker.run(ThreadPoolExecutor.java:624)
	at java.lang.Thread.run(Thread.java:748)
15:48:40.195 [grpc-default-executor-5] ERROR DNAudit - user=null | ip=null | op=PUT_BLOCK {blockData=[blockId=conID: 6 locID: 102451912388509746 bcsId: 0,size=160]} | ret=FAILURE
org.apache.hadoop.hdds.scm.container.common.helpers.StorageContainerException: ContainerID 6 does not exist
	at org.apache.hadoop.ozone.container.common.impl.HddsDispatcher.dispatchRequest(HddsDispatcher.java:242) [hadoop-hdds-container-service-0.5.0-SNAPSHOT.jar:?]
	at org.apache.hadoop.ozone.container.common.impl.HddsDispatcher.dispatch(HddsDispatcher.java:148) [hadoop-hdds-container-service-0.5.0-SNAPSHOT.jar:?]
	at org.apache.hadoop.ozone.container.common.transport.server.GrpcXceiverService$1.onNext(GrpcXceiverService.java:73) [hadoop-hdds-container-service-0.5.0-SNAPSHOT.jar:?]
	at org.apache.hadoop.ozone.container.common.transport.server.GrpcXceiverService$1.onNext(GrpcXceiverService.java:61) [hadoop-hdds-container-service-0.5.0-SNAPSHOT.jar:?]
	at org.apache.ratis.thirdparty.io.grpc.stub.ServerCalls$StreamingServerCallHandler$StreamingServerCallListener.onMessage(ServerCalls.java:248) [ratis-thirdparty-misc-0.2.0.jar:0.2.0]
	at org.apache.ratis.thirdparty.io.grpc.ForwardingServerCallListener.onMessage(ForwardingServerCallListener.java:33) [ratis-thirdparty-misc-0.2.0.jar:0.2.0]
	at org.apache.ratis.thirdparty.io.grpc.Contexts$ContextualizedServerCallListener.onMessage(Contexts.java:76) [ratis-thirdparty-misc-0.2.0.jar:0.2.0]
	at org.apache.ratis.thirdparty.io.grpc.ForwardingServerCallListener.onMessage(ForwardingServerCallListener.java:33) [ratis-thirdparty-misc-0.2.0.jar:0.2.0]
	at org.apache.hadoop.hdds.tracing.GrpcServerInterceptor$1.onMessage(GrpcServerInterceptor.java:46) [hadoop-hdds-common-0.5.0-SNAPSHOT.jar:?]
	at org.apache.ratis.thirdparty.io.grpc.internal.ServerCallImpl$ServerStreamListenerImpl.messagesAvailable(ServerCallImpl.java:263) [ratis-thirdparty-misc-0.2.0.jar:0.2.0]
	at org.apache.ratis.thirdparty.io.grpc.internal.ServerImpl$JumpToApplicationThreadServerStreamListener$1MessagesAvailable.runInContext(ServerImpl.java:686) [ratis-thirdparty-misc-0.2.0.jar:0.2.0]
	at org.apache.ratis.thirdparty.io.grpc.internal.ContextRunnable.run(ContextRunnable.java:37) [ratis-thirdparty-misc-0.2.0.jar:0.2.0]
	at org.apache.ratis.thirdparty.io.grpc.internal.SerializingExecutor.run(SerializingExecutor.java:123) [ratis-thirdparty-misc-0.2.0.jar:0.2.0]
	at java.util.concurrent.ThreadPoolExecutor.runWorker(ThreadPoolExecutor.java:1149) [?:1.8.0_212]
	at java.util.concurrent.ThreadPoolExecutor$Worker.run(ThreadPoolExecutor.java:624) [?:1.8.0_212]
	at java.lang.Thread.run(Thread.java:748) [?:1.8.0_212]
2019-07-16 15:48:40,195 INFO  impl.HddsDispatcher (ContainerUtils.java:logAndReturnError(146)) - Operation: PutBlock : Trace ID: 3ae3a5f9b0e1c41d:3ae3a5f9b0e1c41d:0:0 : Message: ContainerID 6 does not exist : Result: CONTAINER_NOT_FOUND
]]></system-out>
  </testcase>
  <testcase name="testMultipartUploadWithPartsMisMatchWithListSizeDifferent" classname="org.apache.hadoop.ozone.client.rpc.TestOzoneAtRestEncryption" time="0.008"/>
  <testcase name="testNoSuchUploadError" classname="org.apache.hadoop.ozone.client.rpc.TestOzoneAtRestEncryption" time="0.007"/>
  <testcase name="testPutKeyRatisThreeNodes" classname="org.apache.hadoop.ozone.client.rpc.TestOzoneAtRestEncryption" time="0.103">
    <error message="Unexpected Storage Container Exception: org.apache.hadoop.hdds.scm.container.common.helpers.StorageContainerException: ContainerID 14 does not exist" type="java.io.IOException">java.io.IOException: Unexpected Storage Container Exception: org.apache.hadoop.hdds.scm.container.common.helpers.StorageContainerException: ContainerID 14 does not exist
	at org.apache.hadoop.hdds.scm.storage.BlockOutputStream.setIoException(BlockOutputStream.java:542)
	at org.apache.hadoop.hdds.scm.storage.BlockOutputStream.validateResponse(BlockOutputStream.java:533)
	at org.apache.hadoop.hdds.scm.storage.BlockOutputStream.lambda$writeChunkToContainer$2(BlockOutputStream.java:607)
	at java.util.concurrent.CompletableFuture.uniApply(CompletableFuture.java:602)
	at java.util.concurrent.CompletableFuture$UniApply.tryFire(CompletableFuture.java:577)
	at java.util.concurrent.CompletableFuture$Completion.run(CompletableFuture.java:442)
	at java.util.concurrent.ThreadPoolExecutor.runWorker(ThreadPoolExecutor.java:1149)
	at java.util.concurrent.ThreadPoolExecutor$Worker.run(ThreadPoolExecutor.java:624)
	at java.lang.Thread.run(Thread.java:748)
Caused by: org.apache.hadoop.hdds.scm.container.common.helpers.StorageContainerException: ContainerID 14 does not exist
	at org.apache.hadoop.hdds.scm.storage.ContainerProtocolCalls.validateContainerResponse(ContainerProtocolCalls.java:536)
	at org.apache.hadoop.hdds.scm.storage.BlockOutputStream.validateResponse(BlockOutputStream.java:530)
	... 7 more
</error>
    <system-out><![CDATA[2019-07-16 15:48:40,218 INFO  rpc.RpcClient (RpcClient.java:createVolume(287)) - Creating Volume: e1eaaf70-3441-4430-ab00-88be533d20a0, with jenkins1000 as owner.
2019-07-16 15:48:40,221 INFO  rpc.RpcClient (RpcClient.java:createBucket(424)) - Creating Bucket: e1eaaf70-3441-4430-ab00-88be533d20a0/bdf922f9-8ba6-4490-a691-bb8fdc4696ba, with Versioning false and Storage Type set to DISK and Encryption set to false 
2019-07-16 15:48:40,244 INFO  client.GrpcClientProtocolClient (GrpcClientProtocolClient.java:onNext(255)) - client-D2E44C54288A->0a708759-2782-4092-b134-8ac35b688ab7: receive RaftClientReply:client-D2E44C54288A->0a708759-2782-4092-b134-8ac35b688ab7@group-9FD51169A88E, cid=65, FAILED org.apache.ratis.protocol.NotLeaderException: Server 0a708759-2782-4092-b134-8ac35b688ab7 is not the leader (f3483109-d35d-433b-bf93-34fd199d6810:192.168.69.88:38694). Request must be sent to leader., logIndex=0, commits[0a708759-2782-4092-b134-8ac35b688ab7:c4, f3483109-d35d-433b-bf93-34fd199d6810:c4, 8a0d3b31-359f-4824-8682-b81c17485013:c4]
2019-07-16 15:48:40,261 INFO  keyvalue.KeyValueHandler (ContainerUtils.java:logAndReturnError(146)) - Operation: CreateContainer : Trace ID: 78bcd02f97afe052:78bcd02f97afe052:0:0 : Message: Container creation failed, due to disk out of space : Result: DISK_OUT_OF_SPACE
15:48:40.261 [pool-31-thread-4] ERROR DNAudit - user=null | ip=null | op=WRITE_CHUNK {blockData=conID: 14 locID: 102451912391327797 bcsId: 0} | ret=FAILURE
org.apache.hadoop.hdds.scm.container.common.helpers.StorageContainerException: ContainerID 14 creation failed
	at org.apache.hadoop.ozone.container.common.impl.HddsDispatcher.dispatchRequest(HddsDispatcher.java:227) ~[hadoop-hdds-container-service-0.5.0-SNAPSHOT.jar:?]
	at org.apache.hadoop.ozone.container.common.impl.HddsDispatcher.dispatch(HddsDispatcher.java:148) ~[hadoop-hdds-container-service-0.5.0-SNAPSHOT.jar:?]
	at org.apache.hadoop.ozone.container.common.transport.server.ratis.ContainerStateMachine.dispatchCommand(ContainerStateMachine.java:358) ~[hadoop-hdds-container-service-0.5.0-SNAPSHOT.jar:?]
	at org.apache.hadoop.ozone.container.common.transport.server.ratis.ContainerStateMachine.runCommand(ContainerStateMachine.java:365) ~[hadoop-hdds-container-service-0.5.0-SNAPSHOT.jar:?]
	at org.apache.hadoop.ozone.container.common.transport.server.ratis.ContainerStateMachine.lambda$handleWriteChunk$0(ContainerStateMachine.java:396) ~[hadoop-hdds-container-service-0.5.0-SNAPSHOT.jar:?]
	at java.util.concurrent.CompletableFuture$AsyncSupply.run(CompletableFuture.java:1590) [?:1.8.0_212]
	at java.util.concurrent.ThreadPoolExecutor.runWorker(ThreadPoolExecutor.java:1149) [?:1.8.0_212]
	at java.util.concurrent.ThreadPoolExecutor$Worker.run(ThreadPoolExecutor.java:624) [?:1.8.0_212]
	at java.lang.Thread.run(Thread.java:748) [?:1.8.0_212]
2019-07-16 15:48:40,261 INFO  impl.HddsDispatcher (ContainerUtils.java:logAndReturnError(146)) - Operation: WriteChunk : Trace ID: 78bcd02f97afe052:78bcd02f97afe052:0:0 : Message: ContainerID 14 creation failed : Result: DISK_OUT_OF_SPACE
2019-07-16 15:48:40,262 INFO  keyvalue.KeyValueHandler (ContainerUtils.java:logAndReturnError(146)) - Operation: CreateContainer : Trace ID: 78bcd02f97afe052:78bcd02f97afe052:0:0 : Message: Container creation failed, due to disk out of space : Result: DISK_OUT_OF_SPACE
2019-07-16 15:48:40,262 INFO  keyvalue.KeyValueHandler (ContainerUtils.java:logAndReturnError(146)) - Operation: CreateContainer : Trace ID: 78bcd02f97afe052:78bcd02f97afe052:0:0 : Message: Container creation failed, due to disk out of space : Result: DISK_OUT_OF_SPACE
15:48:40.262 [pool-73-thread-3] ERROR DNAudit - user=null | ip=null | op=WRITE_CHUNK {blockData=conID: 14 locID: 102451912391327797 bcsId: 0} | ret=FAILURE
org.apache.hadoop.hdds.scm.container.common.helpers.StorageContainerException: ContainerID 14 creation failed
	at org.apache.hadoop.ozone.container.common.impl.HddsDispatcher.dispatchRequest(HddsDispatcher.java:227) ~[hadoop-hdds-container-service-0.5.0-SNAPSHOT.jar:?]
	at org.apache.hadoop.ozone.container.common.impl.HddsDispatcher.dispatch(HddsDispatcher.java:148) ~[hadoop-hdds-container-service-0.5.0-SNAPSHOT.jar:?]
	at org.apache.hadoop.ozone.container.common.transport.server.ratis.ContainerStateMachine.dispatchCommand(ContainerStateMachine.java:358) ~[hadoop-hdds-container-service-0.5.0-SNAPSHOT.jar:?]
	at org.apache.hadoop.ozone.container.common.transport.server.ratis.ContainerStateMachine.runCommand(ContainerStateMachine.java:365) ~[hadoop-hdds-container-service-0.5.0-SNAPSHOT.jar:?]
	at org.apache.hadoop.ozone.container.common.transport.server.ratis.ContainerStateMachine.lambda$handleWriteChunk$0(ContainerStateMachine.java:396) ~[hadoop-hdds-container-service-0.5.0-SNAPSHOT.jar:?]
	at java.util.concurrent.CompletableFuture$AsyncSupply.run(CompletableFuture.java:1590) [?:1.8.0_212]
	at java.util.concurrent.ThreadPoolExecutor.runWorker(ThreadPoolExecutor.java:1149) [?:1.8.0_212]
	at java.util.concurrent.ThreadPoolExecutor$Worker.run(ThreadPoolExecutor.java:624) [?:1.8.0_212]
	at java.lang.Thread.run(Thread.java:748) [?:1.8.0_212]
2019-07-16 15:48:40,262 INFO  impl.HddsDispatcher (ContainerUtils.java:logAndReturnError(146)) - Operation: WriteChunk : Trace ID: 78bcd02f97afe052:78bcd02f97afe052:0:0 : Message: ContainerID 14 creation failed : Result: DISK_OUT_OF_SPACE
15:48:40.262 [pool-94-thread-2] ERROR DNAudit - user=null | ip=null | op=WRITE_CHUNK {blockData=conID: 14 locID: 102451912391327797 bcsId: 0} | ret=FAILURE
org.apache.hadoop.hdds.scm.container.common.helpers.StorageContainerException: ContainerID 14 creation failed
	at org.apache.hadoop.ozone.container.common.impl.HddsDispatcher.dispatchRequest(HddsDispatcher.java:227) ~[hadoop-hdds-container-service-0.5.0-SNAPSHOT.jar:?]
	at org.apache.hadoop.ozone.container.common.impl.HddsDispatcher.dispatch(HddsDispatcher.java:148) ~[hadoop-hdds-container-service-0.5.0-SNAPSHOT.jar:?]
	at org.apache.hadoop.ozone.container.common.transport.server.ratis.ContainerStateMachine.dispatchCommand(ContainerStateMachine.java:358) ~[hadoop-hdds-container-service-0.5.0-SNAPSHOT.jar:?]
	at org.apache.hadoop.ozone.container.common.transport.server.ratis.ContainerStateMachine.runCommand(ContainerStateMachine.java:365) ~[hadoop-hdds-container-service-0.5.0-SNAPSHOT.jar:?]
	at org.apache.hadoop.ozone.container.common.transport.server.ratis.ContainerStateMachine.lambda$handleWriteChunk$0(ContainerStateMachine.java:396) ~[hadoop-hdds-container-service-0.5.0-SNAPSHOT.jar:?]
	at java.util.concurrent.CompletableFuture$AsyncSupply.run(CompletableFuture.java:1590) [?:1.8.0_212]
	at java.util.concurrent.ThreadPoolExecutor.runWorker(ThreadPoolExecutor.java:1149) [?:1.8.0_212]
	at java.util.concurrent.ThreadPoolExecutor$Worker.run(ThreadPoolExecutor.java:624) [?:1.8.0_212]
	at java.lang.Thread.run(Thread.java:748) [?:1.8.0_212]
2019-07-16 15:48:40,262 INFO  impl.HddsDispatcher (ContainerUtils.java:logAndReturnError(146)) - Operation: WriteChunk : Trace ID: 78bcd02f97afe052:78bcd02f97afe052:0:0 : Message: ContainerID 14 creation failed : Result: DISK_OUT_OF_SPACE
15:48:40.277 [pool-36-thread-1] ERROR DNAudit - user=null | ip=null | op=WRITE_CHUNK {blockData=conID: 14 locID: 102451912391327797 bcsId: 0} | ret=FAILURE
org.apache.hadoop.hdds.scm.container.common.helpers.StorageContainerException: ContainerID 14 does not exist
	at org.apache.hadoop.ozone.container.common.impl.HddsDispatcher.dispatchRequest(HddsDispatcher.java:242) ~[hadoop-hdds-container-service-0.5.0-SNAPSHOT.jar:?]
	at org.apache.hadoop.ozone.container.common.impl.HddsDispatcher.dispatch(HddsDispatcher.java:148) ~[hadoop-hdds-container-service-0.5.0-SNAPSHOT.jar:?]
	at org.apache.hadoop.ozone.container.common.transport.server.ratis.ContainerStateMachine.dispatchCommand(ContainerStateMachine.java:358) ~[hadoop-hdds-container-service-0.5.0-SNAPSHOT.jar:?]
	at org.apache.hadoop.ozone.container.common.transport.server.ratis.ContainerStateMachine.runCommand(ContainerStateMachine.java:365) ~[hadoop-hdds-container-service-0.5.0-SNAPSHOT.jar:?]
	at org.apache.hadoop.ozone.container.common.transport.server.ratis.ContainerStateMachine.lambda$applyTransaction$5(ContainerStateMachine.java:631) ~[hadoop-hdds-container-service-0.5.0-SNAPSHOT.jar:?]
	at java.util.concurrent.CompletableFuture$AsyncSupply.run(CompletableFuture.java:1590) [?:1.8.0_212]
	at java.util.concurrent.ThreadPoolExecutor.runWorker(ThreadPoolExecutor.java:1149) [?:1.8.0_212]
	at java.util.concurrent.ThreadPoolExecutor$Worker.run(ThreadPoolExecutor.java:624) [?:1.8.0_212]
	at java.lang.Thread.run(Thread.java:748) [?:1.8.0_212]
2019-07-16 15:48:40,277 INFO  impl.HddsDispatcher (ContainerUtils.java:logAndReturnError(146)) - Operation: WriteChunk : Trace ID: 78bcd02f97afe052:78bcd02f97afe052:0:0 : Message: ContainerID 14 does not exist : Result: CONTAINER_NOT_FOUND
2019-07-16 15:48:40,286 INFO  client.GrpcClientProtocolClient (GrpcClientProtocolClient.java:onNext(255)) - client-D2E44C54288A->f3483109-d35d-433b-bf93-34fd199d6810: receive RaftClientReply:client-D2E44C54288A->f3483109-d35d-433b-bf93-34fd199d6810@group-9FD51169A88E, cid=65, SUCCESS, logIndex=5, commits[f3483109-d35d-433b-bf93-34fd199d6810:c5, 8a0d3b31-359f-4824-8682-b81c17485013:c4, 0a708759-2782-4092-b134-8ac35b688ab7:c4]
2019-07-16 15:48:40,286 ERROR storage.BlockOutputStream (BlockOutputStream.java:validateResponse(532)) - Unexpected Storage Container Exception: 
org.apache.hadoop.hdds.scm.container.common.helpers.StorageContainerException: ContainerID 14 does not exist
	at org.apache.hadoop.hdds.scm.storage.ContainerProtocolCalls.validateContainerResponse(ContainerProtocolCalls.java:536)
	at org.apache.hadoop.hdds.scm.storage.BlockOutputStream.validateResponse(BlockOutputStream.java:530)
	at org.apache.hadoop.hdds.scm.storage.BlockOutputStream.lambda$writeChunkToContainer$2(BlockOutputStream.java:607)
	at java.util.concurrent.CompletableFuture.uniApply(CompletableFuture.java:602)
	at java.util.concurrent.CompletableFuture$UniApply.tryFire(CompletableFuture.java:577)
	at java.util.concurrent.CompletableFuture$Completion.run(CompletableFuture.java:442)
	at java.util.concurrent.ThreadPoolExecutor.runWorker(ThreadPoolExecutor.java:1149)
	at java.util.concurrent.ThreadPoolExecutor$Worker.run(ThreadPoolExecutor.java:624)
	at java.lang.Thread.run(Thread.java:748)
15:48:40.294 [pool-99-thread-1] ERROR DNAudit - user=null | ip=null | op=WRITE_CHUNK {blockData=conID: 14 locID: 102451912391327797 bcsId: 0} | ret=FAILURE
org.apache.hadoop.hdds.scm.container.common.helpers.StorageContainerException: ContainerID 14 does not exist
	at org.apache.hadoop.ozone.container.common.impl.HddsDispatcher.dispatchRequest(HddsDispatcher.java:242) ~[hadoop-hdds-container-service-0.5.0-SNAPSHOT.jar:?]
	at org.apache.hadoop.ozone.container.common.impl.HddsDispatcher.dispatch(HddsDispatcher.java:148) ~[hadoop-hdds-container-service-0.5.0-SNAPSHOT.jar:?]
	at org.apache.hadoop.ozone.container.common.transport.server.ratis.ContainerStateMachine.dispatchCommand(ContainerStateMachine.java:358) ~[hadoop-hdds-container-service-0.5.0-SNAPSHOT.jar:?]
	at org.apache.hadoop.ozone.container.common.transport.server.ratis.ContainerStateMachine.runCommand(ContainerStateMachine.java:365) ~[hadoop-hdds-container-service-0.5.0-SNAPSHOT.jar:?]
	at org.apache.hadoop.ozone.container.common.transport.server.ratis.ContainerStateMachine.lambda$applyTransaction$5(ContainerStateMachine.java:631) ~[hadoop-hdds-container-service-0.5.0-SNAPSHOT.jar:?]
	at java.util.concurrent.CompletableFuture$AsyncSupply.run(CompletableFuture.java:1590) [?:1.8.0_212]
	at java.util.concurrent.ThreadPoolExecutor.runWorker(ThreadPoolExecutor.java:1149) [?:1.8.0_212]
	at java.util.concurrent.ThreadPoolExecutor$Worker.run(ThreadPoolExecutor.java:624) [?:1.8.0_212]
	at java.lang.Thread.run(Thread.java:748) [?:1.8.0_212]
15:48:40.294 [pool-78-thread-1] ERROR DNAudit - user=null | ip=null | op=WRITE_CHUNK {blockData=conID: 14 locID: 102451912391327797 bcsId: 0} | ret=FAILURE
org.apache.hadoop.hdds.scm.container.common.helpers.StorageContainerException: ContainerID 14 does not exist
	at org.apache.hadoop.ozone.container.common.impl.HddsDispatcher.dispatchRequest(HddsDispatcher.java:242) ~[hadoop-hdds-container-service-0.5.0-SNAPSHOT.jar:?]
	at org.apache.hadoop.ozone.container.common.impl.HddsDispatcher.dispatch(HddsDispatcher.java:148) ~[hadoop-hdds-container-service-0.5.0-SNAPSHOT.jar:?]
	at org.apache.hadoop.ozone.container.common.transport.server.ratis.ContainerStateMachine.dispatchCommand(ContainerStateMachine.java:358) ~[hadoop-hdds-container-service-0.5.0-SNAPSHOT.jar:?]
	at org.apache.hadoop.ozone.container.common.transport.server.ratis.ContainerStateMachine.runCommand(ContainerStateMachine.java:365) ~[hadoop-hdds-container-service-0.5.0-SNAPSHOT.jar:?]
	at org.apache.hadoop.ozone.container.common.transport.server.ratis.ContainerStateMachine.lambda$applyTransaction$5(ContainerStateMachine.java:631) ~[hadoop-hdds-container-service-0.5.0-SNAPSHOT.jar:?]
	at java.util.concurrent.CompletableFuture$AsyncSupply.run(CompletableFuture.java:1590) [?:1.8.0_212]
	at java.util.concurrent.ThreadPoolExecutor.runWorker(ThreadPoolExecutor.java:1149) [?:1.8.0_212]
	at java.util.concurrent.ThreadPoolExecutor$Worker.run(ThreadPoolExecutor.java:624) [?:1.8.0_212]
	at java.lang.Thread.run(Thread.java:748) [?:1.8.0_212]
2019-07-16 15:48:40,294 INFO  impl.HddsDispatcher (ContainerUtils.java:logAndReturnError(146)) - Operation: WriteChunk : Trace ID: 78bcd02f97afe052:78bcd02f97afe052:0:0 : Message: ContainerID 14 does not exist : Result: CONTAINER_NOT_FOUND
2019-07-16 15:48:40,294 INFO  impl.HddsDispatcher (ContainerUtils.java:logAndReturnError(146)) - Operation: WriteChunk : Trace ID: 78bcd02f97afe052:78bcd02f97afe052:0:0 : Message: ContainerID 14 does not exist : Result: CONTAINER_NOT_FOUND
15:48:40.309 [pool-36-thread-1] ERROR DNAudit - user=null | ip=null | op=PUT_BLOCK {blockData=[blockId=conID: 14 locID: 102451912391327797 bcsId: 0,size=12]} | ret=FAILURE
org.apache.hadoop.hdds.scm.container.common.helpers.StorageContainerException: ContainerID 14 does not exist
	at org.apache.hadoop.ozone.container.common.impl.HddsDispatcher.dispatchRequest(HddsDispatcher.java:242) ~[hadoop-hdds-container-service-0.5.0-SNAPSHOT.jar:?]
	at org.apache.hadoop.ozone.container.common.impl.HddsDispatcher.dispatch(HddsDispatcher.java:148) ~[hadoop-hdds-container-service-0.5.0-SNAPSHOT.jar:?]
	at org.apache.hadoop.ozone.container.common.transport.server.ratis.ContainerStateMachine.dispatchCommand(ContainerStateMachine.java:358) ~[hadoop-hdds-container-service-0.5.0-SNAPSHOT.jar:?]
	at org.apache.hadoop.ozone.container.common.transport.server.ratis.ContainerStateMachine.runCommand(ContainerStateMachine.java:365) ~[hadoop-hdds-container-service-0.5.0-SNAPSHOT.jar:?]
	at org.apache.hadoop.ozone.container.common.transport.server.ratis.ContainerStateMachine.lambda$applyTransaction$5(ContainerStateMachine.java:631) ~[hadoop-hdds-container-service-0.5.0-SNAPSHOT.jar:?]
	at java.util.concurrent.CompletableFuture$AsyncSupply.run(CompletableFuture.java:1590) [?:1.8.0_212]
	at java.util.concurrent.ThreadPoolExecutor.runWorker(ThreadPoolExecutor.java:1149) [?:1.8.0_212]
	at java.util.concurrent.ThreadPoolExecutor$Worker.run(ThreadPoolExecutor.java:624) [?:1.8.0_212]
	at java.lang.Thread.run(Thread.java:748) [?:1.8.0_212]
2019-07-16 15:48:40,310 INFO  impl.HddsDispatcher (ContainerUtils.java:logAndReturnError(146)) - Operation: PutBlock : Trace ID: 674d0061da5acff6:674d0061da5acff6:0:0 : Message: ContainerID 14 does not exist : Result: CONTAINER_NOT_FOUND
2019-07-16 15:48:40,315 INFO  client.GrpcClientProtocolClient (GrpcClientProtocolClient.java:onNext(255)) - client-D2E44C54288A->f3483109-d35d-433b-bf93-34fd199d6810: receive RaftClientReply:client-D2E44C54288A->f3483109-d35d-433b-bf93-34fd199d6810@group-9FD51169A88E, cid=66, SUCCESS, logIndex=7, commits[f3483109-d35d-433b-bf93-34fd199d6810:c7, 8a0d3b31-359f-4824-8682-b81c17485013:c5, 0a708759-2782-4092-b134-8ac35b688ab7:c5]
]]></system-out>
  </testcase>
  <testcase name="testListKeyOnEmptyBucket" classname="org.apache.hadoop.ozone.client.rpc.TestOzoneAtRestEncryption" time="0.012"/>
  <testcase name="testReadKeyWithCorruptedDataWithMutiNodes" classname="org.apache.hadoop.ozone.client.rpc.TestOzoneAtRestEncryption" time="0.035">
    <error message="Unexpected Storage Container Exception: org.apache.hadoop.hdds.scm.container.common.helpers.StorageContainerException: ContainerID 15 does not exist" type="java.io.IOException">java.io.IOException: Unexpected Storage Container Exception: org.apache.hadoop.hdds.scm.container.common.helpers.StorageContainerException: ContainerID 15 does not exist
	at org.apache.hadoop.hdds.scm.storage.BlockOutputStream.setIoException(BlockOutputStream.java:542)
	at org.apache.hadoop.hdds.scm.storage.BlockOutputStream.validateResponse(BlockOutputStream.java:533)
	at org.apache.hadoop.hdds.scm.storage.BlockOutputStream.lambda$writeChunkToContainer$2(BlockOutputStream.java:607)
	at java.util.concurrent.CompletableFuture.uniApply(CompletableFuture.java:602)
	at java.util.concurrent.CompletableFuture$UniApply.tryFire(CompletableFuture.java:577)
	at java.util.concurrent.CompletableFuture$Completion.run(CompletableFuture.java:442)
	at java.util.concurrent.ThreadPoolExecutor.runWorker(ThreadPoolExecutor.java:1149)
	at java.util.concurrent.ThreadPoolExecutor$Worker.run(ThreadPoolExecutor.java:624)
	at java.lang.Thread.run(Thread.java:748)
Caused by: org.apache.hadoop.hdds.scm.container.common.helpers.StorageContainerException: ContainerID 15 does not exist
	at org.apache.hadoop.hdds.scm.storage.ContainerProtocolCalls.validateContainerResponse(ContainerProtocolCalls.java:536)
	at org.apache.hadoop.hdds.scm.storage.BlockOutputStream.validateResponse(BlockOutputStream.java:530)
	... 7 more
</error>
    <system-out><![CDATA[2019-07-16 15:48:40,333 INFO  rpc.RpcClient (RpcClient.java:createVolume(287)) - Creating Volume: 5f2bf285-6fea-4c64-8158-438f00287aca, with jenkins1000 as owner.
2019-07-16 15:48:40,335 INFO  rpc.RpcClient (RpcClient.java:createBucket(424)) - Creating Bucket: 5f2bf285-6fea-4c64-8158-438f00287aca/b76174c3-3a7c-4dc5-8ed5-b857ee8eb086, with Versioning false and Storage Type set to DISK and Encryption set to false 
2019-07-16 15:48:40,345 INFO  keyvalue.KeyValueHandler (ContainerUtils.java:logAndReturnError(146)) - Operation: CreateContainer : Trace ID: 9febd909060c74e7:9febd909060c74e7:0:0 : Message: Container creation failed, due to disk out of space : Result: DISK_OUT_OF_SPACE
15:48:40.346 [pool-31-thread-7] ERROR DNAudit - user=null | ip=null | op=WRITE_CHUNK {blockData=conID: 15 locID: 102451912398471223 bcsId: 0} | ret=FAILURE
org.apache.hadoop.hdds.scm.container.common.helpers.StorageContainerException: ContainerID 15 creation failed
	at org.apache.hadoop.ozone.container.common.impl.HddsDispatcher.dispatchRequest(HddsDispatcher.java:227) ~[hadoop-hdds-container-service-0.5.0-SNAPSHOT.jar:?]
	at org.apache.hadoop.ozone.container.common.impl.HddsDispatcher.dispatch(HddsDispatcher.java:148) ~[hadoop-hdds-container-service-0.5.0-SNAPSHOT.jar:?]
	at org.apache.hadoop.ozone.container.common.transport.server.ratis.ContainerStateMachine.dispatchCommand(ContainerStateMachine.java:358) ~[hadoop-hdds-container-service-0.5.0-SNAPSHOT.jar:?]
	at org.apache.hadoop.ozone.container.common.transport.server.ratis.ContainerStateMachine.runCommand(ContainerStateMachine.java:365) ~[hadoop-hdds-container-service-0.5.0-SNAPSHOT.jar:?]
	at org.apache.hadoop.ozone.container.common.transport.server.ratis.ContainerStateMachine.lambda$handleWriteChunk$0(ContainerStateMachine.java:396) ~[hadoop-hdds-container-service-0.5.0-SNAPSHOT.jar:?]
	at java.util.concurrent.CompletableFuture$AsyncSupply.run(CompletableFuture.java:1590) [?:1.8.0_212]
	at java.util.concurrent.ThreadPoolExecutor.runWorker(ThreadPoolExecutor.java:1149) [?:1.8.0_212]
	at java.util.concurrent.ThreadPoolExecutor$Worker.run(ThreadPoolExecutor.java:624) [?:1.8.0_212]
	at java.lang.Thread.run(Thread.java:748) [?:1.8.0_212]
2019-07-16 15:48:40,346 INFO  impl.HddsDispatcher (ContainerUtils.java:logAndReturnError(146)) - Operation: WriteChunk : Trace ID: 9febd909060c74e7:9febd909060c74e7:0:0 : Message: ContainerID 15 creation failed : Result: DISK_OUT_OF_SPACE
2019-07-16 15:48:40,347 INFO  keyvalue.KeyValueHandler (ContainerUtils.java:logAndReturnError(146)) - Operation: CreateContainer : Trace ID: 9febd909060c74e7:9febd909060c74e7:0:0 : Message: Container creation failed, due to disk out of space : Result: DISK_OUT_OF_SPACE
2019-07-16 15:48:40,347 INFO  keyvalue.KeyValueHandler (ContainerUtils.java:logAndReturnError(146)) - Operation: CreateContainer : Trace ID: 9febd909060c74e7:9febd909060c74e7:0:0 : Message: Container creation failed, due to disk out of space : Result: DISK_OUT_OF_SPACE
15:48:40.347 [pool-94-thread-3] ERROR DNAudit - user=null | ip=null | op=WRITE_CHUNK {blockData=conID: 15 locID: 102451912398471223 bcsId: 0} | ret=FAILURE
org.apache.hadoop.hdds.scm.container.common.helpers.StorageContainerException: ContainerID 15 creation failed
	at org.apache.hadoop.ozone.container.common.impl.HddsDispatcher.dispatchRequest(HddsDispatcher.java:227) ~[hadoop-hdds-container-service-0.5.0-SNAPSHOT.jar:?]
	at org.apache.hadoop.ozone.container.common.impl.HddsDispatcher.dispatch(HddsDispatcher.java:148) ~[hadoop-hdds-container-service-0.5.0-SNAPSHOT.jar:?]
	at org.apache.hadoop.ozone.container.common.transport.server.ratis.ContainerStateMachine.dispatchCommand(ContainerStateMachine.java:358) ~[hadoop-hdds-container-service-0.5.0-SNAPSHOT.jar:?]
	at org.apache.hadoop.ozone.container.common.transport.server.ratis.ContainerStateMachine.runCommand(ContainerStateMachine.java:365) ~[hadoop-hdds-container-service-0.5.0-SNAPSHOT.jar:?]
	at org.apache.hadoop.ozone.container.common.transport.server.ratis.ContainerStateMachine.lambda$handleWriteChunk$0(ContainerStateMachine.java:396) ~[hadoop-hdds-container-service-0.5.0-SNAPSHOT.jar:?]
	at java.util.concurrent.CompletableFuture$AsyncSupply.run(CompletableFuture.java:1590) [?:1.8.0_212]
	at java.util.concurrent.ThreadPoolExecutor.runWorker(ThreadPoolExecutor.java:1149) [?:1.8.0_212]
	at java.util.concurrent.ThreadPoolExecutor$Worker.run(ThreadPoolExecutor.java:624) [?:1.8.0_212]
	at java.lang.Thread.run(Thread.java:748) [?:1.8.0_212]
2019-07-16 15:48:40,347 INFO  impl.HddsDispatcher (ContainerUtils.java:logAndReturnError(146)) - Operation: WriteChunk : Trace ID: 9febd909060c74e7:9febd909060c74e7:0:0 : Message: ContainerID 15 creation failed : Result: DISK_OUT_OF_SPACE
15:48:40.347 [pool-73-thread-4] ERROR DNAudit - user=null | ip=null | op=WRITE_CHUNK {blockData=conID: 15 locID: 102451912398471223 bcsId: 0} | ret=FAILURE
org.apache.hadoop.hdds.scm.container.common.helpers.StorageContainerException: ContainerID 15 creation failed
	at org.apache.hadoop.ozone.container.common.impl.HddsDispatcher.dispatchRequest(HddsDispatcher.java:227) ~[hadoop-hdds-container-service-0.5.0-SNAPSHOT.jar:?]
	at org.apache.hadoop.ozone.container.common.impl.HddsDispatcher.dispatch(HddsDispatcher.java:148) ~[hadoop-hdds-container-service-0.5.0-SNAPSHOT.jar:?]
	at org.apache.hadoop.ozone.container.common.transport.server.ratis.ContainerStateMachine.dispatchCommand(ContainerStateMachine.java:358) ~[hadoop-hdds-container-service-0.5.0-SNAPSHOT.jar:?]
	at org.apache.hadoop.ozone.container.common.transport.server.ratis.ContainerStateMachine.runCommand(ContainerStateMachine.java:365) ~[hadoop-hdds-container-service-0.5.0-SNAPSHOT.jar:?]
	at org.apache.hadoop.ozone.container.common.transport.server.ratis.ContainerStateMachine.lambda$handleWriteChunk$0(ContainerStateMachine.java:396) ~[hadoop-hdds-container-service-0.5.0-SNAPSHOT.jar:?]
	at java.util.concurrent.CompletableFuture$AsyncSupply.run(CompletableFuture.java:1590) [?:1.8.0_212]
	at java.util.concurrent.ThreadPoolExecutor.runWorker(ThreadPoolExecutor.java:1149) [?:1.8.0_212]
	at java.util.concurrent.ThreadPoolExecutor$Worker.run(ThreadPoolExecutor.java:624) [?:1.8.0_212]
	at java.lang.Thread.run(Thread.java:748) [?:1.8.0_212]
2019-07-16 15:48:40,347 INFO  impl.HddsDispatcher (ContainerUtils.java:logAndReturnError(146)) - Operation: WriteChunk : Trace ID: 9febd909060c74e7:9febd909060c74e7:0:0 : Message: ContainerID 15 creation failed : Result: DISK_OUT_OF_SPACE
15:48:40.360 [pool-37-thread-1] ERROR DNAudit - user=null | ip=null | op=WRITE_CHUNK {blockData=conID: 15 locID: 102451912398471223 bcsId: 0} | ret=FAILURE
org.apache.hadoop.hdds.scm.container.common.helpers.StorageContainerException: ContainerID 15 does not exist
	at org.apache.hadoop.ozone.container.common.impl.HddsDispatcher.dispatchRequest(HddsDispatcher.java:242) ~[hadoop-hdds-container-service-0.5.0-SNAPSHOT.jar:?]
	at org.apache.hadoop.ozone.container.common.impl.HddsDispatcher.dispatch(HddsDispatcher.java:148) ~[hadoop-hdds-container-service-0.5.0-SNAPSHOT.jar:?]
	at org.apache.hadoop.ozone.container.common.transport.server.ratis.ContainerStateMachine.dispatchCommand(ContainerStateMachine.java:358) ~[hadoop-hdds-container-service-0.5.0-SNAPSHOT.jar:?]
	at org.apache.hadoop.ozone.container.common.transport.server.ratis.ContainerStateMachine.runCommand(ContainerStateMachine.java:365) ~[hadoop-hdds-container-service-0.5.0-SNAPSHOT.jar:?]
	at org.apache.hadoop.ozone.container.common.transport.server.ratis.ContainerStateMachine.lambda$applyTransaction$5(ContainerStateMachine.java:631) ~[hadoop-hdds-container-service-0.5.0-SNAPSHOT.jar:?]
	at java.util.concurrent.CompletableFuture$AsyncSupply.run(CompletableFuture.java:1590) [?:1.8.0_212]
	at java.util.concurrent.ThreadPoolExecutor.runWorker(ThreadPoolExecutor.java:1149) [?:1.8.0_212]
	at java.util.concurrent.ThreadPoolExecutor$Worker.run(ThreadPoolExecutor.java:624) [?:1.8.0_212]
	at java.lang.Thread.run(Thread.java:748) [?:1.8.0_212]
2019-07-16 15:48:40,360 INFO  impl.HddsDispatcher (ContainerUtils.java:logAndReturnError(146)) - Operation: WriteChunk : Trace ID: 9febd909060c74e7:9febd909060c74e7:0:0 : Message: ContainerID 15 does not exist : Result: CONTAINER_NOT_FOUND
15:48:40.361 [pool-37-thread-1] ERROR DNAudit - user=null | ip=null | op=PUT_BLOCK {blockData=[blockId=conID: 15 locID: 102451912398471223 bcsId: 0,size=12]} | ret=FAILURE
org.apache.hadoop.hdds.scm.container.common.helpers.StorageContainerException: ContainerID 15 does not exist
	at org.apache.hadoop.ozone.container.common.impl.HddsDispatcher.dispatchRequest(HddsDispatcher.java:242) ~[hadoop-hdds-container-service-0.5.0-SNAPSHOT.jar:?]
	at org.apache.hadoop.ozone.container.common.impl.HddsDispatcher.dispatch(HddsDispatcher.java:148) ~[hadoop-hdds-container-service-0.5.0-SNAPSHOT.jar:?]
	at org.apache.hadoop.ozone.container.common.transport.server.ratis.ContainerStateMachine.dispatchCommand(ContainerStateMachine.java:358) ~[hadoop-hdds-container-service-0.5.0-SNAPSHOT.jar:?]
	at org.apache.hadoop.ozone.container.common.transport.server.ratis.ContainerStateMachine.runCommand(ContainerStateMachine.java:365) ~[hadoop-hdds-container-service-0.5.0-SNAPSHOT.jar:?]
	at org.apache.hadoop.ozone.container.common.transport.server.ratis.ContainerStateMachine.lambda$applyTransaction$5(ContainerStateMachine.java:631) ~[hadoop-hdds-container-service-0.5.0-SNAPSHOT.jar:?]
	at java.util.concurrent.CompletableFuture$AsyncSupply.run(CompletableFuture.java:1590) [?:1.8.0_212]
	at java.util.concurrent.ThreadPoolExecutor.runWorker(ThreadPoolExecutor.java:1149) [?:1.8.0_212]
	at java.util.concurrent.ThreadPoolExecutor$Worker.run(ThreadPoolExecutor.java:624) [?:1.8.0_212]
	at java.lang.Thread.run(Thread.java:748) [?:1.8.0_212]
2019-07-16 15:48:40,361 INFO  client.GrpcClientProtocolClient (GrpcClientProtocolClient.java:onNext(255)) - client-D2E44C54288A->f3483109-d35d-433b-bf93-34fd199d6810: receive RaftClientReply:client-D2E44C54288A->f3483109-d35d-433b-bf93-34fd199d6810@group-9FD51169A88E, cid=67, SUCCESS, logIndex=9, commits[f3483109-d35d-433b-bf93-34fd199d6810:c10, 8a0d3b31-359f-4824-8682-b81c17485013:c8, 0a708759-2782-4092-b134-8ac35b688ab7:c8]
2019-07-16 15:48:40,361 INFO  impl.HddsDispatcher (ContainerUtils.java:logAndReturnError(146)) - Operation: PutBlock : Trace ID: 9f25ffdf16383e82:9f25ffdf16383e82:0:0 : Message: ContainerID 15 does not exist : Result: CONTAINER_NOT_FOUND
2019-07-16 15:48:40,361 ERROR storage.BlockOutputStream (BlockOutputStream.java:validateResponse(532)) - Unexpected Storage Container Exception: 
org.apache.hadoop.hdds.scm.container.common.helpers.StorageContainerException: ContainerID 15 does not exist
	at org.apache.hadoop.hdds.scm.storage.ContainerProtocolCalls.validateContainerResponse(ContainerProtocolCalls.java:536)
	at org.apache.hadoop.hdds.scm.storage.BlockOutputStream.validateResponse(BlockOutputStream.java:530)
	at org.apache.hadoop.hdds.scm.storage.BlockOutputStream.lambda$writeChunkToContainer$2(BlockOutputStream.java:607)
	at java.util.concurrent.CompletableFuture.uniApply(CompletableFuture.java:602)
	at java.util.concurrent.CompletableFuture$UniApply.tryFire(CompletableFuture.java:577)
	at java.util.concurrent.CompletableFuture$Completion.run(CompletableFuture.java:442)
	at java.util.concurrent.ThreadPoolExecutor.runWorker(ThreadPoolExecutor.java:1149)
	at java.util.concurrent.ThreadPoolExecutor$Worker.run(ThreadPoolExecutor.java:624)
	at java.lang.Thread.run(Thread.java:748)
2019-07-16 15:48:40,362 INFO  client.GrpcClientProtocolClient (GrpcClientProtocolClient.java:onNext(255)) - client-D2E44C54288A->f3483109-d35d-433b-bf93-34fd199d6810: receive RaftClientReply:client-D2E44C54288A->f3483109-d35d-433b-bf93-34fd199d6810@group-9FD51169A88E, cid=68, SUCCESS, logIndex=10, commits[f3483109-d35d-433b-bf93-34fd199d6810:c10, 8a0d3b31-359f-4824-8682-b81c17485013:c8, 0a708759-2782-4092-b134-8ac35b688ab7:c8]
]]></system-out>
  </testcase>
  <testcase name="testPutKey" classname="org.apache.hadoop.ozone.client.rpc.TestOzoneAtRestEncryption" time="0.034">
    <error message="Unexpected Storage Container Exception: org.apache.hadoop.hdds.scm.container.common.helpers.StorageContainerException: ContainerID 7 creation failed" type="java.io.IOException">java.io.IOException: Unexpected Storage Container Exception: org.apache.hadoop.hdds.scm.container.common.helpers.StorageContainerException: ContainerID 7 creation failed
	at org.apache.hadoop.hdds.scm.storage.BlockOutputStream.setIoException(BlockOutputStream.java:542)
	at org.apache.hadoop.hdds.scm.storage.BlockOutputStream.validateResponse(BlockOutputStream.java:533)
	at org.apache.hadoop.hdds.scm.storage.BlockOutputStream.lambda$writeChunkToContainer$2(BlockOutputStream.java:607)
	at java.util.concurrent.CompletableFuture.uniApply(CompletableFuture.java:602)
	at java.util.concurrent.CompletableFuture$UniApply.tryFire(CompletableFuture.java:577)
	at java.util.concurrent.CompletableFuture$Completion.run(CompletableFuture.java:442)
	at java.util.concurrent.ThreadPoolExecutor.runWorker(ThreadPoolExecutor.java:1149)
	at java.util.concurrent.ThreadPoolExecutor$Worker.run(ThreadPoolExecutor.java:624)
	at java.lang.Thread.run(Thread.java:748)
Caused by: org.apache.hadoop.hdds.scm.container.common.helpers.StorageContainerException: ContainerID 7 creation failed
	at org.apache.hadoop.hdds.scm.storage.ContainerProtocolCalls.validateContainerResponse(ContainerProtocolCalls.java:536)
	at org.apache.hadoop.hdds.scm.storage.BlockOutputStream.validateResponse(BlockOutputStream.java:530)
	... 7 more
</error>
    <system-out><![CDATA[2019-07-16 15:48:40,368 INFO  rpc.RpcClient (RpcClient.java:createVolume(287)) - Creating Volume: 2a847ec7-9bef-4ae6-9e0b-68884bd2b67e, with jenkins1000 as owner.
2019-07-16 15:48:40,371 INFO  rpc.RpcClient (RpcClient.java:createBucket(424)) - Creating Bucket: 2a847ec7-9bef-4ae6-9e0b-68884bd2b67e/b8c1d09f-9a48-4420-ab8d-2efdfa643a3f, with Versioning false and Storage Type set to DISK and Encryption set to false 
15:48:40.372 [pool-79-thread-1] ERROR DNAudit - user=null | ip=null | op=WRITE_CHUNK {blockData=conID: 15 locID: 102451912398471223 bcsId: 0} | ret=FAILURE
org.apache.hadoop.hdds.scm.container.common.helpers.StorageContainerException: ContainerID 15 does not exist
	at org.apache.hadoop.ozone.container.common.impl.HddsDispatcher.dispatchRequest(HddsDispatcher.java:242) ~[hadoop-hdds-container-service-0.5.0-SNAPSHOT.jar:?]
	at org.apache.hadoop.ozone.container.common.impl.HddsDispatcher.dispatch(HddsDispatcher.java:148) ~[hadoop-hdds-container-service-0.5.0-SNAPSHOT.jar:?]
	at org.apache.hadoop.ozone.container.common.transport.server.ratis.ContainerStateMachine.dispatchCommand(ContainerStateMachine.java:358) ~[hadoop-hdds-container-service-0.5.0-SNAPSHOT.jar:?]
	at org.apache.hadoop.ozone.container.common.transport.server.ratis.ContainerStateMachine.runCommand(ContainerStateMachine.java:365) ~[hadoop-hdds-container-service-0.5.0-SNAPSHOT.jar:?]
	at org.apache.hadoop.ozone.container.common.transport.server.ratis.ContainerStateMachine.lambda$applyTransaction$5(ContainerStateMachine.java:631) ~[hadoop-hdds-container-service-0.5.0-SNAPSHOT.jar:?]
	at java.util.concurrent.CompletableFuture$AsyncSupply.run(CompletableFuture.java:1590) [?:1.8.0_212]
	at java.util.concurrent.ThreadPoolExecutor.runWorker(ThreadPoolExecutor.java:1149) [?:1.8.0_212]
	at java.util.concurrent.ThreadPoolExecutor$Worker.run(ThreadPoolExecutor.java:624) [?:1.8.0_212]
	at java.lang.Thread.run(Thread.java:748) [?:1.8.0_212]
2019-07-16 15:48:40,372 INFO  impl.HddsDispatcher (ContainerUtils.java:logAndReturnError(146)) - Operation: WriteChunk : Trace ID: 9febd909060c74e7:9febd909060c74e7:0:0 : Message: ContainerID 15 does not exist : Result: CONTAINER_NOT_FOUND
15:48:40.372 [pool-100-thread-1] ERROR DNAudit - user=null | ip=null | op=WRITE_CHUNK {blockData=conID: 15 locID: 102451912398471223 bcsId: 0} | ret=FAILURE
org.apache.hadoop.hdds.scm.container.common.helpers.StorageContainerException: ContainerID 15 does not exist
	at org.apache.hadoop.ozone.container.common.impl.HddsDispatcher.dispatchRequest(HddsDispatcher.java:242) ~[hadoop-hdds-container-service-0.5.0-SNAPSHOT.jar:?]
	at org.apache.hadoop.ozone.container.common.impl.HddsDispatcher.dispatch(HddsDispatcher.java:148) ~[hadoop-hdds-container-service-0.5.0-SNAPSHOT.jar:?]
	at org.apache.hadoop.ozone.container.common.transport.server.ratis.ContainerStateMachine.dispatchCommand(ContainerStateMachine.java:358) ~[hadoop-hdds-container-service-0.5.0-SNAPSHOT.jar:?]
	at org.apache.hadoop.ozone.container.common.transport.server.ratis.ContainerStateMachine.runCommand(ContainerStateMachine.java:365) ~[hadoop-hdds-container-service-0.5.0-SNAPSHOT.jar:?]
	at org.apache.hadoop.ozone.container.common.transport.server.ratis.ContainerStateMachine.lambda$applyTransaction$5(ContainerStateMachine.java:631) ~[hadoop-hdds-container-service-0.5.0-SNAPSHOT.jar:?]
	at java.util.concurrent.CompletableFuture$AsyncSupply.run(CompletableFuture.java:1590) [?:1.8.0_212]
	at java.util.concurrent.ThreadPoolExecutor.runWorker(ThreadPoolExecutor.java:1149) [?:1.8.0_212]
	at java.util.concurrent.ThreadPoolExecutor$Worker.run(ThreadPoolExecutor.java:624) [?:1.8.0_212]
	at java.lang.Thread.run(Thread.java:748) [?:1.8.0_212]
2019-07-16 15:48:40,373 INFO  impl.HddsDispatcher (ContainerUtils.java:logAndReturnError(146)) - Operation: WriteChunk : Trace ID: 9febd909060c74e7:9febd909060c74e7:0:0 : Message: ContainerID 15 does not exist : Result: CONTAINER_NOT_FOUND
15:48:40.373 [pool-79-thread-1] ERROR DNAudit - user=null | ip=null | op=PUT_BLOCK {blockData=[blockId=conID: 15 locID: 102451912398471223 bcsId: 0,size=12]} | ret=FAILURE
org.apache.hadoop.hdds.scm.container.common.helpers.StorageContainerException: ContainerID 15 does not exist
	at org.apache.hadoop.ozone.container.common.impl.HddsDispatcher.dispatchRequest(HddsDispatcher.java:242) ~[hadoop-hdds-container-service-0.5.0-SNAPSHOT.jar:?]
	at org.apache.hadoop.ozone.container.common.impl.HddsDispatcher.dispatch(HddsDispatcher.java:148) ~[hadoop-hdds-container-service-0.5.0-SNAPSHOT.jar:?]
	at org.apache.hadoop.ozone.container.common.transport.server.ratis.ContainerStateMachine.dispatchCommand(ContainerStateMachine.java:358) ~[hadoop-hdds-container-service-0.5.0-SNAPSHOT.jar:?]
	at org.apache.hadoop.ozone.container.common.transport.server.ratis.ContainerStateMachine.runCommand(ContainerStateMachine.java:365) ~[hadoop-hdds-container-service-0.5.0-SNAPSHOT.jar:?]
	at org.apache.hadoop.ozone.container.common.transport.server.ratis.ContainerStateMachine.lambda$applyTransaction$5(ContainerStateMachine.java:631) ~[hadoop-hdds-container-service-0.5.0-SNAPSHOT.jar:?]
	at java.util.concurrent.CompletableFuture$AsyncSupply.run(CompletableFuture.java:1590) [?:1.8.0_212]
	at java.util.concurrent.ThreadPoolExecutor.runWorker(ThreadPoolExecutor.java:1149) [?:1.8.0_212]
	at java.util.concurrent.ThreadPoolExecutor$Worker.run(ThreadPoolExecutor.java:624) [?:1.8.0_212]
	at java.lang.Thread.run(Thread.java:748) [?:1.8.0_212]
2019-07-16 15:48:40,373 INFO  impl.HddsDispatcher (ContainerUtils.java:logAndReturnError(146)) - Operation: PutBlock : Trace ID: 9f25ffdf16383e82:9f25ffdf16383e82:0:0 : Message: ContainerID 15 does not exist : Result: CONTAINER_NOT_FOUND
15:48:40.374 [pool-100-thread-1] ERROR DNAudit - user=null | ip=null | op=PUT_BLOCK {blockData=[blockId=conID: 15 locID: 102451912398471223 bcsId: 0,size=12]} | ret=FAILURE
org.apache.hadoop.hdds.scm.container.common.helpers.StorageContainerException: ContainerID 15 does not exist
	at org.apache.hadoop.ozone.container.common.impl.HddsDispatcher.dispatchRequest(HddsDispatcher.java:242) ~[hadoop-hdds-container-service-0.5.0-SNAPSHOT.jar:?]
	at org.apache.hadoop.ozone.container.common.impl.HddsDispatcher.dispatch(HddsDispatcher.java:148) ~[hadoop-hdds-container-service-0.5.0-SNAPSHOT.jar:?]
	at org.apache.hadoop.ozone.container.common.transport.server.ratis.ContainerStateMachine.dispatchCommand(ContainerStateMachine.java:358) ~[hadoop-hdds-container-service-0.5.0-SNAPSHOT.jar:?]
	at org.apache.hadoop.ozone.container.common.transport.server.ratis.ContainerStateMachine.runCommand(ContainerStateMachine.java:365) ~[hadoop-hdds-container-service-0.5.0-SNAPSHOT.jar:?]
	at org.apache.hadoop.ozone.container.common.transport.server.ratis.ContainerStateMachine.lambda$applyTransaction$5(ContainerStateMachine.java:631) ~[hadoop-hdds-container-service-0.5.0-SNAPSHOT.jar:?]
	at java.util.concurrent.CompletableFuture$AsyncSupply.run(CompletableFuture.java:1590) [?:1.8.0_212]
	at java.util.concurrent.ThreadPoolExecutor.runWorker(ThreadPoolExecutor.java:1149) [?:1.8.0_212]
	at java.util.concurrent.ThreadPoolExecutor$Worker.run(ThreadPoolExecutor.java:624) [?:1.8.0_212]
	at java.lang.Thread.run(Thread.java:748) [?:1.8.0_212]
2019-07-16 15:48:40,374 INFO  impl.HddsDispatcher (ContainerUtils.java:logAndReturnError(146)) - Operation: PutBlock : Trace ID: 9f25ffdf16383e82:9f25ffdf16383e82:0:0 : Message: ContainerID 15 does not exist : Result: CONTAINER_NOT_FOUND
2019-07-16 15:48:40,381 INFO  keyvalue.KeyValueHandler (ContainerUtils.java:logAndReturnError(146)) - Operation: CreateContainer : Trace ID: da9b1c18ccae547a:da9b1c18ccae547a:0:0 : Message: Container creation failed, due to disk out of space : Result: DISK_OUT_OF_SPACE
15:48:40.382 [grpc-default-executor-5] ERROR DNAudit - user=null | ip=null | op=WRITE_CHUNK {blockData=conID: 7 locID: 102451912400896057 bcsId: 0} | ret=FAILURE
org.apache.hadoop.hdds.scm.container.common.helpers.StorageContainerException: ContainerID 7 creation failed
	at org.apache.hadoop.ozone.container.common.impl.HddsDispatcher.dispatchRequest(HddsDispatcher.java:227) [hadoop-hdds-container-service-0.5.0-SNAPSHOT.jar:?]
	at org.apache.hadoop.ozone.container.common.impl.HddsDispatcher.dispatch(HddsDispatcher.java:148) [hadoop-hdds-container-service-0.5.0-SNAPSHOT.jar:?]
	at org.apache.hadoop.ozone.container.common.transport.server.GrpcXceiverService$1.onNext(GrpcXceiverService.java:73) [hadoop-hdds-container-service-0.5.0-SNAPSHOT.jar:?]
	at org.apache.hadoop.ozone.container.common.transport.server.GrpcXceiverService$1.onNext(GrpcXceiverService.java:61) [hadoop-hdds-container-service-0.5.0-SNAPSHOT.jar:?]
	at org.apache.ratis.thirdparty.io.grpc.stub.ServerCalls$StreamingServerCallHandler$StreamingServerCallListener.onMessage(ServerCalls.java:248) [ratis-thirdparty-misc-0.2.0.jar:0.2.0]
	at org.apache.ratis.thirdparty.io.grpc.ForwardingServerCallListener.onMessage(ForwardingServerCallListener.java:33) [ratis-thirdparty-misc-0.2.0.jar:0.2.0]
	at org.apache.ratis.thirdparty.io.grpc.Contexts$ContextualizedServerCallListener.onMessage(Contexts.java:76) [ratis-thirdparty-misc-0.2.0.jar:0.2.0]
	at org.apache.ratis.thirdparty.io.grpc.ForwardingServerCallListener.onMessage(ForwardingServerCallListener.java:33) [ratis-thirdparty-misc-0.2.0.jar:0.2.0]
	at org.apache.hadoop.hdds.tracing.GrpcServerInterceptor$1.onMessage(GrpcServerInterceptor.java:46) [hadoop-hdds-common-0.5.0-SNAPSHOT.jar:?]
	at org.apache.ratis.thirdparty.io.grpc.internal.ServerCallImpl$ServerStreamListenerImpl.messagesAvailable(ServerCallImpl.java:263) [ratis-thirdparty-misc-0.2.0.jar:0.2.0]
	at org.apache.ratis.thirdparty.io.grpc.internal.ServerImpl$JumpToApplicationThreadServerStreamListener$1MessagesAvailable.runInContext(ServerImpl.java:686) [ratis-thirdparty-misc-0.2.0.jar:0.2.0]
	at org.apache.ratis.thirdparty.io.grpc.internal.ContextRunnable.run(ContextRunnable.java:37) [ratis-thirdparty-misc-0.2.0.jar:0.2.0]
	at org.apache.ratis.thirdparty.io.grpc.internal.SerializingExecutor.run(SerializingExecutor.java:123) [ratis-thirdparty-misc-0.2.0.jar:0.2.0]
	at java.util.concurrent.ThreadPoolExecutor.runWorker(ThreadPoolExecutor.java:1149) [?:1.8.0_212]
	at java.util.concurrent.ThreadPoolExecutor$Worker.run(ThreadPoolExecutor.java:624) [?:1.8.0_212]
	at java.lang.Thread.run(Thread.java:748) [?:1.8.0_212]
2019-07-16 15:48:40,382 INFO  impl.HddsDispatcher (ContainerUtils.java:logAndReturnError(146)) - Operation: WriteChunk : Trace ID: da9b1c18ccae547a:da9b1c18ccae547a:0:0 : Message: ContainerID 7 creation failed : Result: DISK_OUT_OF_SPACE
2019-07-16 15:48:40,383 ERROR storage.BlockOutputStream (BlockOutputStream.java:validateResponse(532)) - Unexpected Storage Container Exception: 
org.apache.hadoop.hdds.scm.container.common.helpers.StorageContainerException: ContainerID 7 creation failed
	at org.apache.hadoop.hdds.scm.storage.ContainerProtocolCalls.validateContainerResponse(ContainerProtocolCalls.java:536)
	at org.apache.hadoop.hdds.scm.storage.BlockOutputStream.validateResponse(BlockOutputStream.java:530)
	at org.apache.hadoop.hdds.scm.storage.BlockOutputStream.lambda$writeChunkToContainer$2(BlockOutputStream.java:607)
	at java.util.concurrent.CompletableFuture.uniApply(CompletableFuture.java:602)
	at java.util.concurrent.CompletableFuture$UniApply.tryFire(CompletableFuture.java:577)
	at java.util.concurrent.CompletableFuture$Completion.run(CompletableFuture.java:442)
	at java.util.concurrent.ThreadPoolExecutor.runWorker(ThreadPoolExecutor.java:1149)
	at java.util.concurrent.ThreadPoolExecutor$Worker.run(ThreadPoolExecutor.java:624)
	at java.lang.Thread.run(Thread.java:748)
15:48:40.395 [grpc-default-executor-5] ERROR DNAudit - user=null | ip=null | op=PUT_BLOCK {blockData=[blockId=conID: 7 locID: 102451912400896057 bcsId: 0,size=12]} | ret=FAILURE
org.apache.hadoop.hdds.scm.container.common.helpers.StorageContainerException: ContainerID 7 does not exist
	at org.apache.hadoop.ozone.container.common.impl.HddsDispatcher.dispatchRequest(HddsDispatcher.java:242) [hadoop-hdds-container-service-0.5.0-SNAPSHOT.jar:?]
	at org.apache.hadoop.ozone.container.common.impl.HddsDispatcher.dispatch(HddsDispatcher.java:148) [hadoop-hdds-container-service-0.5.0-SNAPSHOT.jar:?]
	at org.apache.hadoop.ozone.container.common.transport.server.GrpcXceiverService$1.onNext(GrpcXceiverService.java:73) [hadoop-hdds-container-service-0.5.0-SNAPSHOT.jar:?]
	at org.apache.hadoop.ozone.container.common.transport.server.GrpcXceiverService$1.onNext(GrpcXceiverService.java:61) [hadoop-hdds-container-service-0.5.0-SNAPSHOT.jar:?]
	at org.apache.ratis.thirdparty.io.grpc.stub.ServerCalls$StreamingServerCallHandler$StreamingServerCallListener.onMessage(ServerCalls.java:248) [ratis-thirdparty-misc-0.2.0.jar:0.2.0]
	at org.apache.ratis.thirdparty.io.grpc.ForwardingServerCallListener.onMessage(ForwardingServerCallListener.java:33) [ratis-thirdparty-misc-0.2.0.jar:0.2.0]
	at org.apache.ratis.thirdparty.io.grpc.Contexts$ContextualizedServerCallListener.onMessage(Contexts.java:76) [ratis-thirdparty-misc-0.2.0.jar:0.2.0]
	at org.apache.ratis.thirdparty.io.grpc.ForwardingServerCallListener.onMessage(ForwardingServerCallListener.java:33) [ratis-thirdparty-misc-0.2.0.jar:0.2.0]
	at org.apache.hadoop.hdds.tracing.GrpcServerInterceptor$1.onMessage(GrpcServerInterceptor.java:46) [hadoop-hdds-common-0.5.0-SNAPSHOT.jar:?]
	at org.apache.ratis.thirdparty.io.grpc.internal.ServerCallImpl$ServerStreamListenerImpl.messagesAvailable(ServerCallImpl.java:263) [ratis-thirdparty-misc-0.2.0.jar:0.2.0]
	at org.apache.ratis.thirdparty.io.grpc.internal.ServerImpl$JumpToApplicationThreadServerStreamListener$1MessagesAvailable.runInContext(ServerImpl.java:686) [ratis-thirdparty-misc-0.2.0.jar:0.2.0]
	at org.apache.ratis.thirdparty.io.grpc.internal.ContextRunnable.run(ContextRunnable.java:37) [ratis-thirdparty-misc-0.2.0.jar:0.2.0]
	at org.apache.ratis.thirdparty.io.grpc.internal.SerializingExecutor.run(SerializingExecutor.java:123) [ratis-thirdparty-misc-0.2.0.jar:0.2.0]
	at java.util.concurrent.ThreadPoolExecutor.runWorker(ThreadPoolExecutor.java:1149) [?:1.8.0_212]
	at java.util.concurrent.ThreadPoolExecutor$Worker.run(ThreadPoolExecutor.java:624) [?:1.8.0_212]
	at java.lang.Thread.run(Thread.java:748) [?:1.8.0_212]
2019-07-16 15:48:40,396 INFO  impl.HddsDispatcher (ContainerUtils.java:logAndReturnError(146)) - Operation: PutBlock : Trace ID: 2df88de59fdc309d:2df88de59fdc309d:0:0 : Message: ContainerID 7 does not exist : Result: CONTAINER_NOT_FOUND
]]></system-out>
  </testcase>
  <testcase name="testReadKeyWithCorruptedData" classname="org.apache.hadoop.ozone.client.rpc.TestOzoneAtRestEncryption" time="0.078">
    <error message="Unexpected Storage Container Exception: org.apache.hadoop.hdds.scm.container.common.helpers.StorageContainerException: ContainerID 16 does not exist" type="java.io.IOException">java.io.IOException: Unexpected Storage Container Exception: org.apache.hadoop.hdds.scm.container.common.helpers.StorageContainerException: ContainerID 16 does not exist
	at org.apache.hadoop.hdds.scm.storage.BlockOutputStream.setIoException(BlockOutputStream.java:542)
	at org.apache.hadoop.hdds.scm.storage.BlockOutputStream.validateResponse(BlockOutputStream.java:533)
	at org.apache.hadoop.hdds.scm.storage.BlockOutputStream.lambda$writeChunkToContainer$2(BlockOutputStream.java:607)
	at java.util.concurrent.CompletableFuture.uniApply(CompletableFuture.java:602)
	at java.util.concurrent.CompletableFuture$UniApply.tryFire(CompletableFuture.java:577)
	at java.util.concurrent.CompletableFuture$Completion.run(CompletableFuture.java:442)
	at java.util.concurrent.ThreadPoolExecutor.runWorker(ThreadPoolExecutor.java:1149)
	at java.util.concurrent.ThreadPoolExecutor$Worker.run(ThreadPoolExecutor.java:624)
	at java.lang.Thread.run(Thread.java:748)
Caused by: org.apache.hadoop.hdds.scm.container.common.helpers.StorageContainerException: ContainerID 16 does not exist
	at org.apache.hadoop.hdds.scm.storage.ContainerProtocolCalls.validateContainerResponse(ContainerProtocolCalls.java:536)
	at org.apache.hadoop.hdds.scm.storage.BlockOutputStream.validateResponse(BlockOutputStream.java:530)
	... 7 more
</error>
    <system-out><![CDATA[2019-07-16 15:48:40,402 INFO  rpc.RpcClient (RpcClient.java:createVolume(287)) - Creating Volume: 62c86805-dff6-45da-b462-fb58dc2183d5, with jenkins1000 as owner.
2019-07-16 15:48:40,404 INFO  rpc.RpcClient (RpcClient.java:createBucket(424)) - Creating Bucket: 62c86805-dff6-45da-b462-fb58dc2183d5/75525c9d-716e-4c62-b0e8-21024d499344, with Versioning false and Storage Type set to DISK and Encryption set to false 
2019-07-16 15:48:40,417 INFO  keyvalue.KeyValueHandler (ContainerUtils.java:logAndReturnError(146)) - Operation: CreateContainer : Trace ID: 316e5ffab972584b:316e5ffab972584b:0:0 : Message: Container creation failed, due to disk out of space : Result: DISK_OUT_OF_SPACE
15:48:40.417 [pool-115-thread-11] ERROR DNAudit - user=null | ip=null | op=WRITE_CHUNK {blockData=conID: 16 locID: 102451912403058747 bcsId: 0} | ret=FAILURE
org.apache.hadoop.hdds.scm.container.common.helpers.StorageContainerException: ContainerID 16 creation failed
	at org.apache.hadoop.ozone.container.common.impl.HddsDispatcher.dispatchRequest(HddsDispatcher.java:227) ~[hadoop-hdds-container-service-0.5.0-SNAPSHOT.jar:?]
	at org.apache.hadoop.ozone.container.common.impl.HddsDispatcher.dispatch(HddsDispatcher.java:148) ~[hadoop-hdds-container-service-0.5.0-SNAPSHOT.jar:?]
	at org.apache.hadoop.ozone.container.common.transport.server.ratis.ContainerStateMachine.dispatchCommand(ContainerStateMachine.java:358) ~[hadoop-hdds-container-service-0.5.0-SNAPSHOT.jar:?]
	at org.apache.hadoop.ozone.container.common.transport.server.ratis.ContainerStateMachine.runCommand(ContainerStateMachine.java:365) ~[hadoop-hdds-container-service-0.5.0-SNAPSHOT.jar:?]
	at org.apache.hadoop.ozone.container.common.transport.server.ratis.ContainerStateMachine.lambda$handleWriteChunk$0(ContainerStateMachine.java:396) ~[hadoop-hdds-container-service-0.5.0-SNAPSHOT.jar:?]
	at java.util.concurrent.CompletableFuture$AsyncSupply.run(CompletableFuture.java:1590) [?:1.8.0_212]
	at java.util.concurrent.ThreadPoolExecutor.runWorker(ThreadPoolExecutor.java:1149) [?:1.8.0_212]
	at java.util.concurrent.ThreadPoolExecutor$Worker.run(ThreadPoolExecutor.java:624) [?:1.8.0_212]
	at java.lang.Thread.run(Thread.java:748) [?:1.8.0_212]
2019-07-16 15:48:40,417 INFO  impl.HddsDispatcher (ContainerUtils.java:logAndReturnError(146)) - Operation: WriteChunk : Trace ID: 316e5ffab972584b:316e5ffab972584b:0:0 : Message: ContainerID 16 creation failed : Result: DISK_OUT_OF_SPACE
15:48:40.429 [pool-122-thread-1] ERROR DNAudit - user=null | ip=null | op=WRITE_CHUNK {blockData=conID: 16 locID: 102451912403058747 bcsId: 0} | ret=FAILURE
org.apache.hadoop.hdds.scm.container.common.helpers.StorageContainerException: ContainerID 16 does not exist
	at org.apache.hadoop.ozone.container.common.impl.HddsDispatcher.dispatchRequest(HddsDispatcher.java:242) ~[hadoop-hdds-container-service-0.5.0-SNAPSHOT.jar:?]
	at org.apache.hadoop.ozone.container.common.impl.HddsDispatcher.dispatch(HddsDispatcher.java:148) ~[hadoop-hdds-container-service-0.5.0-SNAPSHOT.jar:?]
	at org.apache.hadoop.ozone.container.common.transport.server.ratis.ContainerStateMachine.dispatchCommand(ContainerStateMachine.java:358) ~[hadoop-hdds-container-service-0.5.0-SNAPSHOT.jar:?]
	at org.apache.hadoop.ozone.container.common.transport.server.ratis.ContainerStateMachine.runCommand(ContainerStateMachine.java:365) ~[hadoop-hdds-container-service-0.5.0-SNAPSHOT.jar:?]
	at org.apache.hadoop.ozone.container.common.transport.server.ratis.ContainerStateMachine.lambda$applyTransaction$5(ContainerStateMachine.java:631) ~[hadoop-hdds-container-service-0.5.0-SNAPSHOT.jar:?]
	at java.util.concurrent.CompletableFuture$AsyncSupply.run(CompletableFuture.java:1590) [?:1.8.0_212]
	at java.util.concurrent.ThreadPoolExecutor.runWorker(ThreadPoolExecutor.java:1149) [?:1.8.0_212]
	at java.util.concurrent.ThreadPoolExecutor$Worker.run(ThreadPoolExecutor.java:624) [?:1.8.0_212]
	at java.lang.Thread.run(Thread.java:748) [?:1.8.0_212]
2019-07-16 15:48:40,430 INFO  impl.HddsDispatcher (ContainerUtils.java:logAndReturnError(146)) - Operation: WriteChunk : Trace ID: 316e5ffab972584b:316e5ffab972584b:0:0 : Message: ContainerID 16 does not exist : Result: CONTAINER_NOT_FOUND
2019-07-16 15:48:40,434 INFO  client.GrpcClientProtocolClient (GrpcClientProtocolClient.java:onNext(255)) - client-B18BC5F76415->9d91b821-e7e1-46c7-b6f6-1164e13f3480: receive RaftClientReply:client-B18BC5F76415->9d91b821-e7e1-46c7-b6f6-1164e13f3480@group-FF356B71E53A, cid=69, SUCCESS, logIndex=1, commits[9d91b821-e7e1-46c7-b6f6-1164e13f3480:c2]
2019-07-16 15:48:40,438 ERROR storage.BlockOutputStream (BlockOutputStream.java:validateResponse(532)) - Unexpected Storage Container Exception: 
org.apache.hadoop.hdds.scm.container.common.helpers.StorageContainerException: ContainerID 16 does not exist
	at org.apache.hadoop.hdds.scm.storage.ContainerProtocolCalls.validateContainerResponse(ContainerProtocolCalls.java:536)
	at org.apache.hadoop.hdds.scm.storage.BlockOutputStream.validateResponse(BlockOutputStream.java:530)
	at org.apache.hadoop.hdds.scm.storage.BlockOutputStream.lambda$writeChunkToContainer$2(BlockOutputStream.java:607)
	at java.util.concurrent.CompletableFuture.uniApply(CompletableFuture.java:602)
	at java.util.concurrent.CompletableFuture$UniApply.tryFire(CompletableFuture.java:577)
	at java.util.concurrent.CompletableFuture$Completion.run(CompletableFuture.java:442)
	at java.util.concurrent.ThreadPoolExecutor.runWorker(ThreadPoolExecutor.java:1149)
	at java.util.concurrent.ThreadPoolExecutor$Worker.run(ThreadPoolExecutor.java:624)
	at java.lang.Thread.run(Thread.java:748)
15:48:40.462 [pool-122-thread-1] ERROR DNAudit - user=null | ip=null | op=PUT_BLOCK {blockData=[blockId=conID: 16 locID: 102451912403058747 bcsId: 0,size=12]} | ret=FAILURE
org.apache.hadoop.hdds.scm.container.common.helpers.StorageContainerException: ContainerID 16 does not exist
	at org.apache.hadoop.ozone.container.common.impl.HddsDispatcher.dispatchRequest(HddsDispatcher.java:242) ~[hadoop-hdds-container-service-0.5.0-SNAPSHOT.jar:?]
	at org.apache.hadoop.ozone.container.common.impl.HddsDispatcher.dispatch(HddsDispatcher.java:148) ~[hadoop-hdds-container-service-0.5.0-SNAPSHOT.jar:?]
	at org.apache.hadoop.ozone.container.common.transport.server.ratis.ContainerStateMachine.dispatchCommand(ContainerStateMachine.java:358) ~[hadoop-hdds-container-service-0.5.0-SNAPSHOT.jar:?]
	at org.apache.hadoop.ozone.container.common.transport.server.ratis.ContainerStateMachine.runCommand(ContainerStateMachine.java:365) ~[hadoop-hdds-container-service-0.5.0-SNAPSHOT.jar:?]
	at org.apache.hadoop.ozone.container.common.transport.server.ratis.ContainerStateMachine.lambda$applyTransaction$5(ContainerStateMachine.java:631) ~[hadoop-hdds-container-service-0.5.0-SNAPSHOT.jar:?]
	at java.util.concurrent.CompletableFuture$AsyncSupply.run(CompletableFuture.java:1590) [?:1.8.0_212]
	at java.util.concurrent.ThreadPoolExecutor.runWorker(ThreadPoolExecutor.java:1149) [?:1.8.0_212]
	at java.util.concurrent.ThreadPoolExecutor$Worker.run(ThreadPoolExecutor.java:624) [?:1.8.0_212]
	at java.lang.Thread.run(Thread.java:748) [?:1.8.0_212]
2019-07-16 15:48:40,462 INFO  impl.HddsDispatcher (ContainerUtils.java:logAndReturnError(146)) - Operation: PutBlock : Trace ID: 7bca778f3e279c3a:7bca778f3e279c3a:0:0 : Message: ContainerID 16 does not exist : Result: CONTAINER_NOT_FOUND
2019-07-16 15:48:40,467 INFO  client.GrpcClientProtocolClient (GrpcClientProtocolClient.java:onNext(255)) - client-B18BC5F76415->9d91b821-e7e1-46c7-b6f6-1164e13f3480: receive RaftClientReply:client-B18BC5F76415->9d91b821-e7e1-46c7-b6f6-1164e13f3480@group-FF356B71E53A, cid=70, SUCCESS, logIndex=3, commits[9d91b821-e7e1-46c7-b6f6-1164e13f3480:c3]
]]></system-out>
  </testcase>
  <testcase name="testCreateBucketWithAcls" classname="org.apache.hadoop.ozone.client.rpc.TestOzoneAtRestEncryption" time="0.005"/>
  <testcase name="testMultipartUploadWithPartsMisMatchWithIncorrectPartName" classname="org.apache.hadoop.ozone.client.rpc.TestOzoneAtRestEncryption" time="0.022"/>
  <testcase name="testCreateVolumeWithMetadata" classname="org.apache.hadoop.ozone.client.rpc.TestOzoneAtRestEncryption" time="0.003"/>
  <testcase name="testCreateBucketWithMetadata" classname="org.apache.hadoop.ozone.client.rpc.TestOzoneAtRestEncryption" time="0.005"/>
  <testcase name="testListPartsWithPartMarkerGreaterThanPartCount" classname="org.apache.hadoop.ozone.client.rpc.TestOzoneAtRestEncryption" time="0.036">
    <error message="Unexpected Storage Container Exception: org.apache.hadoop.hdds.scm.container.common.helpers.StorageContainerException: ContainerID 6 creation failed" type="java.io.IOException">java.io.IOException: Unexpected Storage Container Exception: org.apache.hadoop.hdds.scm.container.common.helpers.StorageContainerException: ContainerID 6 creation failed
	at org.apache.hadoop.hdds.scm.storage.BlockOutputStream.setIoException(BlockOutputStream.java:542)
	at org.apache.hadoop.hdds.scm.storage.BlockOutputStream.validateResponse(BlockOutputStream.java:533)
	at org.apache.hadoop.hdds.scm.storage.BlockOutputStream.lambda$writeChunkToContainer$2(BlockOutputStream.java:607)
	at java.util.concurrent.CompletableFuture.uniApply(CompletableFuture.java:602)
	at java.util.concurrent.CompletableFuture$UniApply.tryFire(CompletableFuture.java:577)
	at java.util.concurrent.CompletableFuture$Completion.run(CompletableFuture.java:442)
	at java.util.concurrent.ThreadPoolExecutor.runWorker(ThreadPoolExecutor.java:1149)
	at java.util.concurrent.ThreadPoolExecutor$Worker.run(ThreadPoolExecutor.java:624)
	at java.lang.Thread.run(Thread.java:748)
Caused by: org.apache.hadoop.hdds.scm.container.common.helpers.StorageContainerException: ContainerID 6 creation failed
	at org.apache.hadoop.hdds.scm.storage.ContainerProtocolCalls.validateContainerResponse(ContainerProtocolCalls.java:536)
	at org.apache.hadoop.hdds.scm.storage.BlockOutputStream.validateResponse(BlockOutputStream.java:530)
	... 7 more
</error>
    <system-out><![CDATA[2019-07-16 15:48:40,516 INFO  rpc.RpcClient (RpcClient.java:createVolume(287)) - Creating Volume: 86b9bc62-89b5-4a5f-9e0f-a73e7626a809, with jenkins1000 as owner.
2019-07-16 15:48:40,519 INFO  rpc.RpcClient (RpcClient.java:createBucket(424)) - Creating Bucket: 86b9bc62-89b5-4a5f-9e0f-a73e7626a809/da37a0bb-0803-45ec-917f-9f84afe1c019, with Versioning false and Storage Type set to DISK and Encryption set to false 
2019-07-16 15:48:40,538 INFO  keyvalue.KeyValueHandler (ContainerUtils.java:logAndReturnError(146)) - Operation: CreateContainer : Trace ID: b9a804b54184a8eb:b9a804b54184a8eb:0:0 : Message: Container creation failed, due to disk out of space : Result: DISK_OUT_OF_SPACE
15:48:40.538 [grpc-default-executor-5] ERROR DNAudit - user=null | ip=null | op=WRITE_CHUNK {blockData=conID: 6 locID: 102451912410726463 bcsId: 0} | ret=FAILURE
org.apache.hadoop.hdds.scm.container.common.helpers.StorageContainerException: ContainerID 6 creation failed
	at org.apache.hadoop.ozone.container.common.impl.HddsDispatcher.dispatchRequest(HddsDispatcher.java:227) [hadoop-hdds-container-service-0.5.0-SNAPSHOT.jar:?]
	at org.apache.hadoop.ozone.container.common.impl.HddsDispatcher.dispatch(HddsDispatcher.java:148) [hadoop-hdds-container-service-0.5.0-SNAPSHOT.jar:?]
	at org.apache.hadoop.ozone.container.common.transport.server.GrpcXceiverService$1.onNext(GrpcXceiverService.java:73) [hadoop-hdds-container-service-0.5.0-SNAPSHOT.jar:?]
	at org.apache.hadoop.ozone.container.common.transport.server.GrpcXceiverService$1.onNext(GrpcXceiverService.java:61) [hadoop-hdds-container-service-0.5.0-SNAPSHOT.jar:?]
	at org.apache.ratis.thirdparty.io.grpc.stub.ServerCalls$StreamingServerCallHandler$StreamingServerCallListener.onMessage(ServerCalls.java:248) [ratis-thirdparty-misc-0.2.0.jar:0.2.0]
	at org.apache.ratis.thirdparty.io.grpc.ForwardingServerCallListener.onMessage(ForwardingServerCallListener.java:33) [ratis-thirdparty-misc-0.2.0.jar:0.2.0]
	at org.apache.ratis.thirdparty.io.grpc.Contexts$ContextualizedServerCallListener.onMessage(Contexts.java:76) [ratis-thirdparty-misc-0.2.0.jar:0.2.0]
	at org.apache.ratis.thirdparty.io.grpc.ForwardingServerCallListener.onMessage(ForwardingServerCallListener.java:33) [ratis-thirdparty-misc-0.2.0.jar:0.2.0]
	at org.apache.hadoop.hdds.tracing.GrpcServerInterceptor$1.onMessage(GrpcServerInterceptor.java:46) [hadoop-hdds-common-0.5.0-SNAPSHOT.jar:?]
	at org.apache.ratis.thirdparty.io.grpc.internal.ServerCallImpl$ServerStreamListenerImpl.messagesAvailable(ServerCallImpl.java:263) [ratis-thirdparty-misc-0.2.0.jar:0.2.0]
	at org.apache.ratis.thirdparty.io.grpc.internal.ServerImpl$JumpToApplicationThreadServerStreamListener$1MessagesAvailable.runInContext(ServerImpl.java:686) [ratis-thirdparty-misc-0.2.0.jar:0.2.0]
	at org.apache.ratis.thirdparty.io.grpc.internal.ContextRunnable.run(ContextRunnable.java:37) [ratis-thirdparty-misc-0.2.0.jar:0.2.0]
	at org.apache.ratis.thirdparty.io.grpc.internal.SerializingExecutor.run(SerializingExecutor.java:123) [ratis-thirdparty-misc-0.2.0.jar:0.2.0]
	at java.util.concurrent.ThreadPoolExecutor.runWorker(ThreadPoolExecutor.java:1149) [?:1.8.0_212]
	at java.util.concurrent.ThreadPoolExecutor$Worker.run(ThreadPoolExecutor.java:624) [?:1.8.0_212]
	at java.lang.Thread.run(Thread.java:748) [?:1.8.0_212]
2019-07-16 15:48:40,539 INFO  impl.HddsDispatcher (ContainerUtils.java:logAndReturnError(146)) - Operation: WriteChunk : Trace ID: b9a804b54184a8eb:b9a804b54184a8eb:0:0 : Message: ContainerID 6 creation failed : Result: DISK_OUT_OF_SPACE
2019-07-16 15:48:40,540 ERROR storage.BlockOutputStream (BlockOutputStream.java:validateResponse(532)) - Unexpected Storage Container Exception: 
org.apache.hadoop.hdds.scm.container.common.helpers.StorageContainerException: ContainerID 6 creation failed
	at org.apache.hadoop.hdds.scm.storage.ContainerProtocolCalls.validateContainerResponse(ContainerProtocolCalls.java:536)
	at org.apache.hadoop.hdds.scm.storage.BlockOutputStream.validateResponse(BlockOutputStream.java:530)
	at org.apache.hadoop.hdds.scm.storage.BlockOutputStream.lambda$writeChunkToContainer$2(BlockOutputStream.java:607)
	at java.util.concurrent.CompletableFuture.uniApply(CompletableFuture.java:602)
	at java.util.concurrent.CompletableFuture$UniApply.tryFire(CompletableFuture.java:577)
	at java.util.concurrent.CompletableFuture$Completion.run(CompletableFuture.java:442)
	at java.util.concurrent.ThreadPoolExecutor.runWorker(ThreadPoolExecutor.java:1149)
	at java.util.concurrent.ThreadPoolExecutor$Worker.run(ThreadPoolExecutor.java:624)
	at java.lang.Thread.run(Thread.java:748)
15:48:40.541 [grpc-default-executor-5] ERROR DNAudit - user=null | ip=null | op=PUT_BLOCK {blockData=[blockId=conID: 6 locID: 102451912410726463 bcsId: 0,size=1048576]} | ret=FAILURE
org.apache.hadoop.hdds.scm.container.common.helpers.StorageContainerException: ContainerID 6 does not exist
	at org.apache.hadoop.ozone.container.common.impl.HddsDispatcher.dispatchRequest(HddsDispatcher.java:242) [hadoop-hdds-container-service-0.5.0-SNAPSHOT.jar:?]
	at org.apache.hadoop.ozone.container.common.impl.HddsDispatcher.dispatch(HddsDispatcher.java:148) [hadoop-hdds-container-service-0.5.0-SNAPSHOT.jar:?]
	at org.apache.hadoop.ozone.container.common.transport.server.GrpcXceiverService$1.onNext(GrpcXceiverService.java:73) [hadoop-hdds-container-service-0.5.0-SNAPSHOT.jar:?]
	at org.apache.hadoop.ozone.container.common.transport.server.GrpcXceiverService$1.onNext(GrpcXceiverService.java:61) [hadoop-hdds-container-service-0.5.0-SNAPSHOT.jar:?]
	at org.apache.ratis.thirdparty.io.grpc.stub.ServerCalls$StreamingServerCallHandler$StreamingServerCallListener.onMessage(ServerCalls.java:248) [ratis-thirdparty-misc-0.2.0.jar:0.2.0]
	at org.apache.ratis.thirdparty.io.grpc.ForwardingServerCallListener.onMessage(ForwardingServerCallListener.java:33) [ratis-thirdparty-misc-0.2.0.jar:0.2.0]
	at org.apache.ratis.thirdparty.io.grpc.Contexts$ContextualizedServerCallListener.onMessage(Contexts.java:76) [ratis-thirdparty-misc-0.2.0.jar:0.2.0]
	at org.apache.ratis.thirdparty.io.grpc.ForwardingServerCallListener.onMessage(ForwardingServerCallListener.java:33) [ratis-thirdparty-misc-0.2.0.jar:0.2.0]
	at org.apache.hadoop.hdds.tracing.GrpcServerInterceptor$1.onMessage(GrpcServerInterceptor.java:46) [hadoop-hdds-common-0.5.0-SNAPSHOT.jar:?]
	at org.apache.ratis.thirdparty.io.grpc.internal.ServerCallImpl$ServerStreamListenerImpl.messagesAvailable(ServerCallImpl.java:263) [ratis-thirdparty-misc-0.2.0.jar:0.2.0]
	at org.apache.ratis.thirdparty.io.grpc.internal.ServerImpl$JumpToApplicationThreadServerStreamListener$1MessagesAvailable.runInContext(ServerImpl.java:686) [ratis-thirdparty-misc-0.2.0.jar:0.2.0]
	at org.apache.ratis.thirdparty.io.grpc.internal.ContextRunnable.run(ContextRunnable.java:37) [ratis-thirdparty-misc-0.2.0.jar:0.2.0]
	at org.apache.ratis.thirdparty.io.grpc.internal.SerializingExecutor.run(SerializingExecutor.java:123) [ratis-thirdparty-misc-0.2.0.jar:0.2.0]
	at java.util.concurrent.ThreadPoolExecutor.runWorker(ThreadPoolExecutor.java:1149) [?:1.8.0_212]
	at java.util.concurrent.ThreadPoolExecutor$Worker.run(ThreadPoolExecutor.java:624) [?:1.8.0_212]
	at java.lang.Thread.run(Thread.java:748) [?:1.8.0_212]
2019-07-16 15:48:40,542 INFO  impl.HddsDispatcher (ContainerUtils.java:logAndReturnError(146)) - Operation: PutBlock : Trace ID: 37a77aee9d5e3609:37a77aee9d5e3609:0:0 : Message: ContainerID 6 does not exist : Result: CONTAINER_NOT_FOUND
2019-07-16 15:48:40,547 INFO  keyvalue.KeyValueHandler (ContainerUtils.java:logAndReturnError(146)) - Operation: CreateContainer : Trace ID: d99a3465b41d4711:d99a3465b41d4711:0:0 : Message: Container creation failed, due to disk out of space : Result: DISK_OUT_OF_SPACE
15:48:40.547 [grpc-default-executor-1] ERROR DNAudit - user=null | ip=null | op=WRITE_CHUNK {blockData=conID: 6 locID: 102451912410726463 bcsId: 0} | ret=FAILURE
org.apache.hadoop.hdds.scm.container.common.helpers.StorageContainerException: ContainerID 6 creation failed
	at org.apache.hadoop.ozone.container.common.impl.HddsDispatcher.dispatchRequest(HddsDispatcher.java:227) [hadoop-hdds-container-service-0.5.0-SNAPSHOT.jar:?]
	at org.apache.hadoop.ozone.container.common.impl.HddsDispatcher.dispatch(HddsDispatcher.java:148) [hadoop-hdds-container-service-0.5.0-SNAPSHOT.jar:?]
	at org.apache.hadoop.ozone.container.common.transport.server.GrpcXceiverService$1.onNext(GrpcXceiverService.java:73) [hadoop-hdds-container-service-0.5.0-SNAPSHOT.jar:?]
	at org.apache.hadoop.ozone.container.common.transport.server.GrpcXceiverService$1.onNext(GrpcXceiverService.java:61) [hadoop-hdds-container-service-0.5.0-SNAPSHOT.jar:?]
	at org.apache.ratis.thirdparty.io.grpc.stub.ServerCalls$StreamingServerCallHandler$StreamingServerCallListener.onMessage(ServerCalls.java:248) [ratis-thirdparty-misc-0.2.0.jar:0.2.0]
	at org.apache.ratis.thirdparty.io.grpc.ForwardingServerCallListener.onMessage(ForwardingServerCallListener.java:33) [ratis-thirdparty-misc-0.2.0.jar:0.2.0]
	at org.apache.ratis.thirdparty.io.grpc.Contexts$ContextualizedServerCallListener.onMessage(Contexts.java:76) [ratis-thirdparty-misc-0.2.0.jar:0.2.0]
	at org.apache.ratis.thirdparty.io.grpc.ForwardingServerCallListener.onMessage(ForwardingServerCallListener.java:33) [ratis-thirdparty-misc-0.2.0.jar:0.2.0]
	at org.apache.hadoop.hdds.tracing.GrpcServerInterceptor$1.onMessage(GrpcServerInterceptor.java:46) [hadoop-hdds-common-0.5.0-SNAPSHOT.jar:?]
	at org.apache.ratis.thirdparty.io.grpc.internal.ServerCallImpl$ServerStreamListenerImpl.messagesAvailable(ServerCallImpl.java:263) [ratis-thirdparty-misc-0.2.0.jar:0.2.0]
	at org.apache.ratis.thirdparty.io.grpc.internal.ServerImpl$JumpToApplicationThreadServerStreamListener$1MessagesAvailable.runInContext(ServerImpl.java:686) [ratis-thirdparty-misc-0.2.0.jar:0.2.0]
	at org.apache.ratis.thirdparty.io.grpc.internal.ContextRunnable.run(ContextRunnable.java:37) [ratis-thirdparty-misc-0.2.0.jar:0.2.0]
	at org.apache.ratis.thirdparty.io.grpc.internal.SerializingExecutor.run(SerializingExecutor.java:123) [ratis-thirdparty-misc-0.2.0.jar:0.2.0]
	at java.util.concurrent.ThreadPoolExecutor.runWorker(ThreadPoolExecutor.java:1149) [?:1.8.0_212]
	at java.util.concurrent.ThreadPoolExecutor$Worker.run(ThreadPoolExecutor.java:624) [?:1.8.0_212]
	at java.lang.Thread.run(Thread.java:748) [?:1.8.0_212]
2019-07-16 15:48:40,548 INFO  impl.HddsDispatcher (ContainerUtils.java:logAndReturnError(146)) - Operation: WriteChunk : Trace ID: d99a3465b41d4711:d99a3465b41d4711:0:0 : Message: ContainerID 6 creation failed : Result: DISK_OUT_OF_SPACE
]]></system-out>
  </testcase>
  <testcase name="testCreateBucket" classname="org.apache.hadoop.ozone.client.rpc.TestOzoneAtRestEncryption" time="0.006"/>
  <testcase name="testUploadPartWithNoOverride" classname="org.apache.hadoop.ozone.client.rpc.TestOzoneAtRestEncryption" time="0.017"/>
  <testcase name="testInitiateMultipartUploadWithDefaultReplication" classname="org.apache.hadoop.ozone.client.rpc.TestOzoneAtRestEncryption" time="0.005"/>
</testsuite>