<?xml version="1.0" encoding="UTF-8"?>
<testsuite xmlns:xsi="http://www.w3.org/2001/XMLSchema-instance" xsi:noNamespaceSchemaLocation="https://maven.apache.org/surefire/maven-surefire-plugin/xsd/surefire-test-report.xsd" name="org.apache.hadoop.ozone.client.rpc.TestHybridPipelineOnDatanode" time="33.158" tests="1" errors="1" skipped="0" failures="0">
  <properties>
    <property name="awt.toolkit" value="sun.awt.X11.XToolkit"/>
    <property name="file.encoding.pkg" value="sun.io"/>
    <property name="java.specification.version" value="1.8"/>
    <property name="sun.cpu.isalist" value=""/>
    <property name="sun.jnu.encoding" value="UTF-8"/>
    <property name="java.class.path" value="/workdir/hadoop-ozone/integration-test/target/test-classes:/workdir/hadoop-ozone/integration-test/target/classes:/home/user/.m2/repository/org/apache/hadoop/hadoop-ozone-common/0.5.0-SNAPSHOT/hadoop-ozone-common-0.5.0-SNAPSHOT.jar:/home/user/.m2/repository/org/apache/commons/commons-compress/1.4.1/commons-compress-1.4.1.jar:/home/user/.m2/repository/org/tukaani/xz/1.0/xz-1.0.jar:/home/user/.m2/repository/org/apache/hadoop/hadoop-common/3.2.0/hadoop-common-3.2.0.jar:/home/user/.m2/repository/org/apache/hadoop/hadoop-hdfs/3.2.0/hadoop-hdfs-3.2.0.jar:/home/user/.m2/repository/org/apache/hadoop/hadoop-hdfs-client/3.2.0/hadoop-hdfs-client-3.2.0.jar:/home/user/.m2/repository/com/fasterxml/jackson/core/jackson-annotations/2.9.5/jackson-annotations-2.9.5.jar:/home/user/.m2/repository/org/apache/hadoop/hadoop-hdds-common/0.5.0-SNAPSHOT/hadoop-hdds-common-0.5.0-SNAPSHOT.jar:/home/user/.m2/repository/javax/annotation/javax.annotation-api/1.2/javax.annotation-api-1.2.jar:/home/user/.m2/repository/org/apache/ratis/ratis-server/0.4.0-2337318-SNAPSHOT/ratis-server-0.4.0-2337318-SNAPSHOT.jar:/home/user/.m2/repository/org/apache/ratis/ratis-thirdparty-misc/0.2.0/ratis-thirdparty-misc-0.2.0.jar:/home/user/.m2/repository/org/apache/ratis/ratis-proto/0.4.0-2337318-SNAPSHOT/ratis-proto-0.4.0-2337318-SNAPSHOT.jar:/home/user/.m2/repository/org/apache/ratis/ratis-common/0.4.0-2337318-SNAPSHOT/ratis-common-0.4.0-2337318-SNAPSHOT.jar:/home/user/.m2/repository/org/apache/ratis/ratis-client/0.4.0-2337318-SNAPSHOT/ratis-client-0.4.0-2337318-SNAPSHOT.jar:/home/user/.m2/repository/org/apache/ratis/ratis-metrics/0.4.0-2337318-SNAPSHOT/ratis-metrics-0.4.0-2337318-SNAPSHOT.jar:/home/user/.m2/repository/org/apache/ratis/ratis-netty/0.4.0-2337318-SNAPSHOT/ratis-netty-0.4.0-2337318-SNAPSHOT.jar:/home/user/.m2/repository/org/apache/ratis/ratis-grpc/0.4.0-2337318-SNAPSHOT/ratis-grpc-0.4.0-2337318-SNAPSHOT.jar:/home/user/.m2/repository/org/rocksdb/rocksdbjni/6.0.1/rocksdbjni-6.0.1.jar:/home/user/.m2/repository/org/apache/logging/log4j/log4j-api/2.11.0/log4j-api-2.11.0.jar:/home/user/.m2/repository/org/apache/logging/log4j/log4j-core/2.11.0/log4j-core-2.11.0.jar:/home/user/.m2/repository/com/lmax/disruptor/3.4.2/disruptor-3.4.2.jar:/home/user/.m2/repository/org/apache/commons/commons-pool2/2.6.0/commons-pool2-2.6.0.jar:/home/user/.m2/repository/org/bouncycastle/bcpkix-jdk15on/1.60/bcpkix-jdk15on-1.60.jar:/home/user/.m2/repository/commons-validator/commons-validator/1.6/commons-validator-1.6.jar:/home/user/.m2/repository/commons-digester/commons-digester/1.8.1/commons-digester-1.8.1.jar:/home/user/.m2/repository/io/jaegertracing/jaeger-client/0.33.1/jaeger-client-0.33.1.jar:/home/user/.m2/repository/io/jaegertracing/jaeger-thrift/0.33.1/jaeger-thrift-0.33.1.jar:/home/user/.m2/repository/org/apache/thrift/libthrift/0.11.0/libthrift-0.11.0.jar:/home/user/.m2/repository/com/squareup/okhttp3/okhttp/3.9.0/okhttp-3.9.0.jar:/home/user/.m2/repository/com/squareup/okio/okio/1.13.0/okio-1.13.0.jar:/home/user/.m2/repository/io/jaegertracing/jaeger-core/0.33.1/jaeger-core-0.33.1.jar:/home/user/.m2/repository/io/jaegertracing/jaeger-tracerresolver/0.33.1/jaeger-tracerresolver-0.33.1.jar:/home/user/.m2/repository/io/opentracing/contrib/opentracing-tracerresolver/0.1.5/opentracing-tracerresolver-0.1.5.jar:/home/user/.m2/repository/io/opentracing/opentracing-util/0.31.0/opentracing-util-0.31.0.jar:/home/user/.m2/repository/io/opentracing/opentracing-api/0.31.0/opentracing-api-0.31.0.jar:/home/user/.m2/repository/io/opentracing/opentracing-noop/0.31.0/opentracing-noop-0.31.0.jar:/home/user/.m2/repository/org/apache/hadoop/hadoop-hdds-server-framework/0.5.0-SNAPSHOT/hadoop-hdds-server-framework-0.5.0-SNAPSHOT.jar:/home/user/.m2/repository/org/apache/hadoop/hadoop-hdds-container-service/0.5.0-SNAPSHOT/hadoop-hdds-container-service-0.5.0-SNAPSHOT.jar:/home/user/.m2/repository/org/apache/hadoop/hadoop-hdds-client/0.5.0-SNAPSHOT/hadoop-hdds-client-0.5.0-SNAPSHOT.jar:/home/user/.m2/repository/org/apache/hadoop/hadoop-hdds-tools/0.5.0-SNAPSHOT/hadoop-hdds-tools-0.5.0-SNAPSHOT.jar:/home/user/.m2/repository/org/apache/hadoop/hadoop-hdds-server-scm/0.5.0-SNAPSHOT/hadoop-hdds-server-scm-0.5.0-SNAPSHOT.jar:/home/user/.m2/repository/org/apache/hadoop/hadoop-hdds-docs/0.5.0-SNAPSHOT/hadoop-hdds-docs-0.5.0-SNAPSHOT.jar:/home/user/.m2/repository/io/dropwizard/metrics/metrics-core/3.2.4/metrics-core-3.2.4.jar:/home/user/.m2/repository/org/hamcrest/hamcrest-all/1.3/hamcrest-all-1.3.jar:/home/user/.m2/repository/org/bouncycastle/bcprov-jdk15on/1.60/bcprov-jdk15on-1.60.jar:/home/user/.m2/repository/info/picocli/picocli/3.9.6/picocli-3.9.6.jar:/home/user/.m2/repository/com/google/protobuf/protobuf-java/2.5.0/protobuf-java-2.5.0.jar:/home/user/.m2/repository/com/google/guava/guava/11.0.2/guava-11.0.2.jar:/home/user/.m2/repository/org/apache/hadoop/hadoop-ozone-ozone-manager/0.5.0-SNAPSHOT/hadoop-ozone-ozone-manager-0.5.0-SNAPSHOT.jar:/home/user/.m2/repository/org/apache/hadoop/hadoop-minikdc/3.2.0/hadoop-minikdc-3.2.0.jar:/home/user/.m2/repository/commons-io/commons-io/2.5/commons-io-2.5.jar:/home/user/.m2/repository/org/apache/kerby/kerb-simplekdc/1.0.1/kerb-simplekdc-1.0.1.jar:/home/user/.m2/repository/org/apache/kerby/kerb-client/1.0.1/kerb-client-1.0.1.jar:/home/user/.m2/repository/org/apache/kerby/kerby-config/1.0.1/kerby-config-1.0.1.jar:/home/user/.m2/repository/org/apache/kerby/kerb-core/1.0.1/kerb-core-1.0.1.jar:/home/user/.m2/repository/org/apache/kerby/kerby-pkix/1.0.1/kerby-pkix-1.0.1.jar:/home/user/.m2/repository/org/apache/kerby/kerby-asn1/1.0.1/kerby-asn1-1.0.1.jar:/home/user/.m2/repository/org/apache/kerby/kerby-util/1.0.1/kerby-util-1.0.1.jar:/home/user/.m2/repository/org/apache/kerby/kerb-common/1.0.1/kerb-common-1.0.1.jar:/home/user/.m2/repository/org/apache/kerby/kerb-crypto/1.0.1/kerb-crypto-1.0.1.jar:/home/user/.m2/repository/org/apache/kerby/kerb-util/1.0.1/kerb-util-1.0.1.jar:/home/user/.m2/repository/org/apache/kerby/token-provider/1.0.1/token-provider-1.0.1.jar:/home/user/.m2/repository/org/apache/kerby/kerb-admin/1.0.1/kerb-admin-1.0.1.jar:/home/user/.m2/repository/org/apache/kerby/kerb-server/1.0.1/kerb-server-1.0.1.jar:/home/user/.m2/repository/org/apache/kerby/kerb-identity/1.0.1/kerb-identity-1.0.1.jar:/home/user/.m2/repository/org/apache/kerby/kerby-xdr/1.0.1/kerby-xdr-1.0.1.jar:/home/user/.m2/repository/org/slf4j/slf4j-log4j12/1.7.25/slf4j-log4j12-1.7.25.jar:/home/user/.m2/repository/org/apache/hadoop/hadoop-ozone-objectstore-service/0.5.0-SNAPSHOT/hadoop-ozone-objectstore-service-0.5.0-SNAPSHOT.jar:/home/user/.m2/repository/org/apache/hadoop/hadoop-ozone-s3gateway/0.5.0-SNAPSHOT/hadoop-ozone-s3gateway-0.5.0-SNAPSHOT.jar:/home/user/.m2/repository/org/jboss/weld/servlet/weld-servlet/2.4.7.Final/weld-servlet-2.4.7.Final.jar:/home/user/.m2/repository/org/glassfish/jersey/containers/jersey-container-servlet-core/2.27/jersey-container-servlet-core-2.27.jar:/home/user/.m2/repository/org/glassfish/hk2/external/javax.inject/2.5.0-b42/javax.inject-2.5.0-b42.jar:/home/user/.m2/repository/org/glassfish/jersey/core/jersey-common/2.27/jersey-common-2.27.jar:/home/user/.m2/repository/org/glassfish/hk2/osgi-resource-locator/1.0.1/osgi-resource-locator-1.0.1.jar:/home/user/.m2/repository/javax/ws/rs/javax.ws.rs-api/2.1/javax.ws.rs-api-2.1.jar:/home/user/.m2/repository/org/glassfish/jersey/ext/cdi/jersey-cdi1x/2.27/jersey-cdi1x-2.27.jar:/home/user/.m2/repository/org/glassfish/jersey/inject/jersey-hk2/2.27/jersey-hk2-2.27.jar:/home/user/.m2/repository/org/glassfish/hk2/hk2-locator/2.5.0-b42/hk2-locator-2.5.0-b42.jar:/home/user/.m2/repository/org/javassist/javassist/3.22.0-CR2/javassist-3.22.0-CR2.jar:/home/user/.m2/repository/org/glassfish/hk2/hk2-api/2.5.0/hk2-api-2.5.0.jar:/home/user/.m2/repository/org/glassfish/hk2/external/jakarta.inject/2.5.0/jakarta.inject-2.5.0.jar:/home/user/.m2/repository/org/glassfish/hk2/hk2-utils/2.5.0/hk2-utils-2.5.0.jar:/home/user/.m2/repository/jakarta/annotation/jakarta.annotation-api/1.3.4/jakarta.annotation-api-1.3.4.jar:/home/user/.m2/repository/org/glassfish/hk2/external/aopalliance-repackaged/2.5.0/aopalliance-repackaged-2.5.0.jar:/home/user/.m2/repository/com/fasterxml/jackson/dataformat/jackson-dataformat-xml/2.9.0/jackson-dataformat-xml-2.9.0.jar:/home/user/.m2/repository/com/fasterxml/jackson/core/jackson-core/2.9.5/jackson-core-2.9.5.jar:/home/user/.m2/repository/com/fasterxml/jackson/module/jackson-module-jaxb-annotations/2.9.5/jackson-module-jaxb-annotations-2.9.5.jar:/home/user/.m2/repository/javax/enterprise/cdi-api/1.2/cdi-api-1.2.jar:/home/user/.m2/repository/javax/el/javax.el-api/3.0.0/javax.el-api-3.0.0.jar:/home/user/.m2/repository/javax/interceptor/javax.interceptor-api/1.2/javax.interceptor-api-1.2.jar:/home/user/.m2/repository/javax/inject/javax.inject/1/javax.inject-1.jar:/home/user/.m2/repository/com/sun/xml/bind/jaxb-impl/2.3.0.1/jaxb-impl-2.3.0.1.jar:/home/user/.m2/repository/com/sun/xml/bind/jaxb-core/2.3.0.1/jaxb-core-2.3.0.1.jar:/home/user/.m2/repository/javax/xml/bind/jaxb-api/2.3.0/jaxb-api-2.3.0.jar:/home/user/.m2/repository/javax/activation/activation/1.1.1/activation-1.1.1.jar:/home/user/.m2/repository/org/apache/hadoop/hadoop-ozone-csi/0.5.0-SNAPSHOT/hadoop-ozone-csi-0.5.0-SNAPSHOT.jar:/home/user/.m2/repository/com/google/protobuf/protobuf-java-util/3.5.1/protobuf-java-util-3.5.1.jar:/home/user/.m2/repository/org/apache/hadoop/hadoop-hdds-config/0.5.0-SNAPSHOT/hadoop-hdds-config-0.5.0-SNAPSHOT.jar:/home/user/.m2/repository/io/grpc/grpc-netty/1.17.1/grpc-netty-1.17.1.jar:/home/user/.m2/repository/io/grpc/grpc-core/1.17.1/grpc-core-1.17.1.jar:/home/user/.m2/repository/io/grpc/grpc-context/1.17.1/grpc-context-1.17.1.jar:/home/user/.m2/repository/com/google/errorprone/error_prone_annotations/2.2.0/error_prone_annotations-2.2.0.jar:/home/user/.m2/repository/org/codehaus/mojo/animal-sniffer-annotations/1.17/animal-sniffer-annotations-1.17.jar:/home/user/.m2/repository/io/opencensus/opencensus-api/0.17.0/opencensus-api-0.17.0.jar:/home/user/.m2/repository/io/opencensus/opencensus-contrib-grpc-metrics/0.17.0/opencensus-contrib-grpc-metrics-0.17.0.jar:/home/user/.m2/repository/io/netty/netty-codec-http2/4.1.30.Final/netty-codec-http2-4.1.30.Final.jar:/home/user/.m2/repository/io/netty/netty-codec-http/4.1.30.Final/netty-codec-http-4.1.30.Final.jar:/home/user/.m2/repository/io/netty/netty-codec/4.1.30.Final/netty-codec-4.1.30.Final.jar:/home/user/.m2/repository/io/netty/netty-handler/4.1.30.Final/netty-handler-4.1.30.Final.jar:/home/user/.m2/repository/io/netty/netty-handler-proxy/4.1.30.Final/netty-handler-proxy-4.1.30.Final.jar:/home/user/.m2/repository/io/netty/netty-codec-socks/4.1.30.Final/netty-codec-socks-4.1.30.Final.jar:/home/user/.m2/repository/io/netty/netty-transport-native-epoll/4.1.30.Final/netty-transport-native-epoll-4.1.30.Final.jar:/home/user/.m2/repository/io/netty/netty-common/4.1.30.Final/netty-common-4.1.30.Final.jar:/home/user/.m2/repository/io/netty/netty-buffer/4.1.30.Final/netty-buffer-4.1.30.Final.jar:/home/user/.m2/repository/io/netty/netty-transport/4.1.30.Final/netty-transport-4.1.30.Final.jar:/home/user/.m2/repository/io/netty/netty-resolver/4.1.30.Final/netty-resolver-4.1.30.Final.jar:/home/user/.m2/repository/io/netty/netty-transport-native-unix-common/4.1.30.Final/netty-transport-native-unix-common-4.1.30.Final.jar:/home/user/.m2/repository/io/grpc/grpc-protobuf/1.17.1/grpc-protobuf-1.17.1.jar:/home/user/.m2/repository/com/google/api/grpc/proto-google-common-protos/1.0.0/proto-google-common-protos-1.0.0.jar:/home/user/.m2/repository/io/grpc/grpc-protobuf-lite/1.17.1/grpc-protobuf-lite-1.17.1.jar:/home/user/.m2/repository/io/grpc/grpc-stub/1.17.1/grpc-stub-1.17.1.jar:/home/user/.m2/repository/org/apache/hadoop/hadoop-ozone-recon/0.5.0-SNAPSHOT/hadoop-ozone-recon-0.5.0-SNAPSHOT.jar:/home/user/.m2/repository/org/apache/hadoop/hadoop-ozone-reconcodegen/0.5.0-SNAPSHOT/hadoop-ozone-reconcodegen-0.5.0-SNAPSHOT.jar:/home/user/.m2/repository/com/google/inject/extensions/guice-multibindings/4.0/guice-multibindings-4.0.jar:/home/user/.m2/repository/com/google/inject/guice/4.0/guice-4.0.jar:/home/user/.m2/repository/aopalliance/aopalliance/1.0/aopalliance-1.0.jar:/home/user/.m2/repository/com/google/inject/extensions/guice-servlet/4.0/guice-servlet-4.0.jar:/home/user/.m2/repository/org/glassfish/jersey/containers/jersey-container-servlet/2.27/jersey-container-servlet-2.27.jar:/home/user/.m2/repository/org/glassfish/hk2/guice-bridge/2.5.0/guice-bridge-2.5.0.jar:/home/user/.m2/repository/org/glassfish/jersey/core/jersey-server/2.27/jersey-server-2.27.jar:/home/user/.m2/repository/org/glassfish/jersey/core/jersey-client/2.27/jersey-client-2.27.jar:/home/user/.m2/repository/org/glassfish/jersey/media/jersey-media-jaxb/2.27/jersey-media-jaxb-2.27.jar:/home/user/.m2/repository/javax/validation/validation-api/1.1.0.Final/validation-api-1.1.0.Final.jar:/home/user/.m2/repository/org/glassfish/jersey/media/jersey-media-json-jackson/2.27/jersey-media-json-jackson-2.27.jar:/home/user/.m2/repository/org/glassfish/jersey/ext/jersey-entity-filtering/2.27/jersey-entity-filtering-2.27.jar:/home/user/.m2/repository/com/google/inject/extensions/guice-assistedinject/4.0/guice-assistedinject-4.0.jar:/home/user/.m2/repository/org/jooq/jooq/3.11.10/jooq-3.11.10.jar:/home/user/.m2/repository/org/jooq/jooq-meta/3.11.10/jooq-meta-3.11.10.jar:/home/user/.m2/repository/org/jooq/jooq-codegen/3.11.10/jooq-codegen-3.11.10.jar:/home/user/.m2/repository/com/jolbox/bonecp/0.8.0.RELEASE/bonecp-0.8.0.RELEASE.jar:/home/user/.m2/repository/org/xerial/sqlite-jdbc/3.25.2/sqlite-jdbc-3.25.2.jar:/home/user/.m2/repository/org/springframework/spring-jdbc/5.1.3.RELEASE/spring-jdbc-5.1.3.RELEASE.jar:/home/user/.m2/repository/org/springframework/spring-beans/5.1.3.RELEASE/spring-beans-5.1.3.RELEASE.jar:/home/user/.m2/repository/org/springframework/spring-core/5.1.3.RELEASE/spring-core-5.1.3.RELEASE.jar:/home/user/.m2/repository/org/springframework/spring-jcl/5.1.3.RELEASE/spring-jcl-5.1.3.RELEASE.jar:/home/user/.m2/repository/org/springframework/spring-tx/5.1.3.RELEASE/spring-tx-5.1.3.RELEASE.jar:/home/user/.m2/repository/org/apache/hadoop/hadoop-ozone-client/0.5.0-SNAPSHOT/hadoop-ozone-client-0.5.0-SNAPSHOT.jar:/home/user/.m2/repository/commons-lang/commons-lang/2.6/commons-lang-2.6.jar:/home/user/.m2/repository/org/apache/hadoop/hadoop-ozone-ozone-manager/0.5.0-SNAPSHOT/hadoop-ozone-ozone-manager-0.5.0-SNAPSHOT-tests.jar:/home/user/.m2/repository/junit/junit/4.11/junit-4.11.jar:/home/user/.m2/repository/org/hamcrest/hamcrest-core/1.3/hamcrest-core-1.3.jar:/home/user/.m2/repository/org/openjdk/jmh/jmh-core/1.19/jmh-core-1.19.jar:/home/user/.m2/repository/net/sf/jopt-simple/jopt-simple/4.6/jopt-simple-4.6.jar:/home/user/.m2/repository/org/apache/commons/commons-math3/3.1.1/commons-math3-3.1.1.jar:/home/user/.m2/repository/org/openjdk/jmh/jmh-generator-annprocess/1.19/jmh-generator-annprocess-1.19.jar:/home/user/.m2/repository/org/mockito/mockito-all/1.8.5/mockito-all-1.8.5.jar:/home/user/.m2/repository/org/apache/hadoop/hadoop-kms/3.2.0/hadoop-kms-3.2.0.jar:/home/user/.m2/repository/org/apache/hadoop/hadoop-auth/3.2.0/hadoop-auth-3.2.0.jar:/home/user/.m2/repository/com/nimbusds/nimbus-jose-jwt/4.41.1/nimbus-jose-jwt-4.41.1.jar:/home/user/.m2/repository/com/github/stephenc/jcip/jcip-annotations/1.0-1/jcip-annotations-1.0-1.jar:/home/user/.m2/repository/net/minidev/json-smart/2.3/json-smart-2.3.jar:/home/user/.m2/repository/net/minidev/accessors-smart/1.2/accessors-smart-1.2.jar:/home/user/.m2/repository/org/ow2/asm/asm/5.0.4/asm-5.0.4.jar:/home/user/.m2/repository/org/apache/curator/curator-framework/2.12.0/curator-framework-2.12.0.jar:/home/user/.m2/repository/com/sun/jersey/jersey-core/1.19/jersey-core-1.19.jar:/home/user/.m2/repository/javax/ws/rs/jsr311-api/1.1.1/jsr311-api-1.1.1.jar:/home/user/.m2/repository/com/sun/jersey/jersey-server/1.19/jersey-server-1.19.jar:/home/user/.m2/repository/javax/servlet/javax.servlet-api/3.1.0/javax.servlet-api-3.1.0.jar:/home/user/.m2/repository/org/eclipse/jetty/jetty-server/9.3.24.v20180605/jetty-server-9.3.24.v20180605.jar:/home/user/.m2/repository/org/eclipse/jetty/jetty-http/9.3.24.v20180605/jetty-http-9.3.24.v20180605.jar:/home/user/.m2/repository/org/eclipse/jetty/jetty-io/9.3.24.v20180605/jetty-io-9.3.24.v20180605.jar:/home/user/.m2/repository/org/eclipse/jetty/jetty-webapp/9.3.24.v20180605/jetty-webapp-9.3.24.v20180605.jar:/home/user/.m2/repository/org/eclipse/jetty/jetty-xml/9.3.24.v20180605/jetty-xml-9.3.24.v20180605.jar:/home/user/.m2/repository/log4j/log4j/1.2.17/log4j-1.2.17.jar:/home/user/.m2/repository/org/slf4j/slf4j-api/1.7.25/slf4j-api-1.7.25.jar:/home/user/.m2/repository/org/slf4j/jul-to-slf4j/1.7.25/jul-to-slf4j-1.7.25.jar:/home/user/.m2/repository/org/eclipse/jetty/jetty-util/9.3.24.v20180605/jetty-util-9.3.24.v20180605.jar:/home/user/.m2/repository/com/fasterxml/jackson/core/jackson-databind/2.9.5/jackson-databind-2.9.5.jar:/home/user/.m2/repository/org/apache/hadoop/hadoop-kms/3.2.0/hadoop-kms-3.2.0-tests.jar:/home/user/.m2/repository/org/apache/hadoop/hadoop-hdds-server-scm/0.5.0-SNAPSHOT/hadoop-hdds-server-scm-0.5.0-SNAPSHOT-tests.jar:/home/user/.m2/repository/org/apache/hadoop/hadoop-hdds-container-service/0.5.0-SNAPSHOT/hadoop-hdds-container-service-0.5.0-SNAPSHOT-tests.jar:/home/user/.m2/repository/org/yaml/snakeyaml/1.16/snakeyaml-1.16.jar:/home/user/.m2/repository/org/apache/hadoop/hadoop-common/3.2.0/hadoop-common-3.2.0-tests.jar:/home/user/.m2/repository/org/apache/hadoop/hadoop-annotations/3.2.0/hadoop-annotations-3.2.0.jar:/usr/lib/jvm/java-1.8-openjdk/jre/../lib/tools.jar:/home/user/.m2/repository/commons-cli/commons-cli/1.2/commons-cli-1.2.jar:/home/user/.m2/repository/org/apache/httpcomponents/httpclient/4.5.2/httpclient-4.5.2.jar:/home/user/.m2/repository/org/apache/httpcomponents/httpcore/4.4.4/httpcore-4.4.4.jar:/home/user/.m2/repository/commons-codec/commons-codec/1.11/commons-codec-1.11.jar:/home/user/.m2/repository/commons-net/commons-net/3.6/commons-net-3.6.jar:/home/user/.m2/repository/commons-collections/commons-collections/3.2.2/commons-collections-3.2.2.jar:/home/user/.m2/repository/org/eclipse/jetty/jetty-servlet/9.3.24.v20180605/jetty-servlet-9.3.24.v20180605.jar:/home/user/.m2/repository/org/eclipse/jetty/jetty-security/9.3.24.v20180605/jetty-security-9.3.24.v20180605.jar:/home/user/.m2/repository/javax/servlet/jsp/jsp-api/2.1/jsp-api-2.1.jar:/home/user/.m2/repository/com/sun/jersey/jersey-servlet/1.19/jersey-servlet-1.19.jar:/home/user/.m2/repository/com/sun/jersey/jersey-json/1.19/jersey-json-1.19.jar:/home/user/.m2/repository/org/codehaus/jettison/jettison/1.1/jettison-1.1.jar:/home/user/.m2/repository/org/codehaus/jackson/jackson-core-asl/1.9.13/jackson-core-asl-1.9.13.jar:/home/user/.m2/repository/org/codehaus/jackson/jackson-mapper-asl/1.9.13/jackson-mapper-asl-1.9.13.jar:/home/user/.m2/repository/org/codehaus/jackson/jackson-jaxrs/1.9.13/jackson-jaxrs-1.9.13.jar:/home/user/.m2/repository/org/codehaus/jackson/jackson-xc/1.9.13/jackson-xc-1.9.13.jar:/home/user/.m2/repository/commons-logging/commons-logging/1.1.3/commons-logging-1.1.3.jar:/home/user/.m2/repository/commons-beanutils/commons-beanutils/1.9.3/commons-beanutils-1.9.3.jar:/home/user/.m2/repository/org/apache/commons/commons-configuration2/2.1.1/commons-configuration2-2.1.1.jar:/home/user/.m2/repository/org/apache/commons/commons-lang3/3.7/commons-lang3-3.7.jar:/home/user/.m2/repository/org/apache/commons/commons-text/1.4/commons-text-1.4.jar:/home/user/.m2/repository/org/apache/avro/avro/1.7.7/avro-1.7.7.jar:/home/user/.m2/repository/com/thoughtworks/paranamer/paranamer/2.3/paranamer-2.3.jar:/home/user/.m2/repository/org/xerial/snappy/snappy-java/1.0.5/snappy-java-1.0.5.jar:/home/user/.m2/repository/com/google/re2j/re2j/1.1/re2j-1.1.jar:/home/user/.m2/repository/com/google/code/gson/gson/2.2.4/gson-2.2.4.jar:/home/user/.m2/repository/com/jcraft/jsch/0.1.54/jsch-0.1.54.jar:/home/user/.m2/repository/org/apache/curator/curator-client/2.12.0/curator-client-2.12.0.jar:/home/user/.m2/repository/org/apache/curator/curator-recipes/2.12.0/curator-recipes-2.12.0.jar:/home/user/.m2/repository/com/google/code/findbugs/jsr305/3.0.0/jsr305-3.0.0.jar:/home/user/.m2/repository/org/apache/htrace/htrace-core4/4.1.0-incubating/htrace-core4-4.1.0-incubating.jar:/home/user/.m2/repository/org/apache/zookeeper/zookeeper/3.4.13/zookeeper-3.4.13.jar:/home/user/.m2/repository/org/apache/yetus/audience-annotations/0.5.0/audience-annotations-0.5.0.jar:/home/user/.m2/repository/org/codehaus/woodstox/stax2-api/3.1.4/stax2-api-3.1.4.jar:/home/user/.m2/repository/com/fasterxml/woodstox/woodstox-core/5.0.3/woodstox-core-5.0.3.jar:/home/user/.m2/repository/dnsjava/dnsjava/2.1.7/dnsjava-2.1.7.jar:/home/user/.m2/repository/org/apache/hadoop/hadoop-hdfs/3.2.0/hadoop-hdfs-3.2.0-tests.jar:/home/user/.m2/repository/org/eclipse/jetty/jetty-util-ajax/9.3.24.v20180605/jetty-util-ajax-9.3.24.v20180605.jar:/home/user/.m2/repository/commons-daemon/commons-daemon/1.0.13/commons-daemon-1.0.13.jar:/home/user/.m2/repository/io/netty/netty/3.10.5.Final/netty-3.10.5.Final.jar:/home/user/.m2/repository/io/netty/netty-all/4.0.52.Final/netty-all-4.0.52.Final.jar:/home/user/.m2/repository/org/fusesource/leveldbjni/leveldbjni-all/1.8/leveldbjni-all-1.8.jar:"/>
    <property name="java.vm.vendor" value="IcedTea"/>
    <property name="sun.arch.data.model" value="64"/>
    <property name="test.build.dir" value="/workdir/hadoop-ozone/integration-test/target/test-dir"/>
    <property name="test.cache.data" value=""/>
    <property name="java.vendor.url" value="https://icedtea.classpath.org"/>
    <property name="user.timezone" value=""/>
    <property name="java.vm.specification.version" value="1.8"/>
    <property name="os.name" value="Linux"/>
    <property name="test.build.data" value="/workdir/hadoop-ozone/integration-test/target/test-dir"/>
    <property name="user.country" value="US"/>
    <property name="sun.java.launcher" value="SUN_STANDARD"/>
    <property name="sun.boot.library.path" value="/usr/lib/jvm/java-1.8-openjdk/jre/lib/amd64"/>
    <property name="sun.java.command" value="/workdir/hadoop-ozone/integration-test/target/surefire/surefirebooter332229832927196123.jar /workdir/hadoop-ozone/integration-test/target/surefire 2019-07-16T14-41-30_152-jvmRun1 surefire444746765127170266tmp surefire_708895308446613652252tmp"/>
    <property name="surefire.test.class.path" value="/workdir/hadoop-ozone/integration-test/target/test-classes:/workdir/hadoop-ozone/integration-test/target/classes:/home/user/.m2/repository/org/apache/hadoop/hadoop-ozone-common/0.5.0-SNAPSHOT/hadoop-ozone-common-0.5.0-SNAPSHOT.jar:/home/user/.m2/repository/org/apache/commons/commons-compress/1.4.1/commons-compress-1.4.1.jar:/home/user/.m2/repository/org/tukaani/xz/1.0/xz-1.0.jar:/home/user/.m2/repository/org/apache/hadoop/hadoop-common/3.2.0/hadoop-common-3.2.0.jar:/home/user/.m2/repository/org/apache/hadoop/hadoop-hdfs/3.2.0/hadoop-hdfs-3.2.0.jar:/home/user/.m2/repository/org/apache/hadoop/hadoop-hdfs-client/3.2.0/hadoop-hdfs-client-3.2.0.jar:/home/user/.m2/repository/com/fasterxml/jackson/core/jackson-annotations/2.9.5/jackson-annotations-2.9.5.jar:/home/user/.m2/repository/org/apache/hadoop/hadoop-hdds-common/0.5.0-SNAPSHOT/hadoop-hdds-common-0.5.0-SNAPSHOT.jar:/home/user/.m2/repository/javax/annotation/javax.annotation-api/1.2/javax.annotation-api-1.2.jar:/home/user/.m2/repository/org/apache/ratis/ratis-server/0.4.0-2337318-SNAPSHOT/ratis-server-0.4.0-2337318-SNAPSHOT.jar:/home/user/.m2/repository/org/apache/ratis/ratis-thirdparty-misc/0.2.0/ratis-thirdparty-misc-0.2.0.jar:/home/user/.m2/repository/org/apache/ratis/ratis-proto/0.4.0-2337318-SNAPSHOT/ratis-proto-0.4.0-2337318-SNAPSHOT.jar:/home/user/.m2/repository/org/apache/ratis/ratis-common/0.4.0-2337318-SNAPSHOT/ratis-common-0.4.0-2337318-SNAPSHOT.jar:/home/user/.m2/repository/org/apache/ratis/ratis-client/0.4.0-2337318-SNAPSHOT/ratis-client-0.4.0-2337318-SNAPSHOT.jar:/home/user/.m2/repository/org/apache/ratis/ratis-metrics/0.4.0-2337318-SNAPSHOT/ratis-metrics-0.4.0-2337318-SNAPSHOT.jar:/home/user/.m2/repository/org/apache/ratis/ratis-netty/0.4.0-2337318-SNAPSHOT/ratis-netty-0.4.0-2337318-SNAPSHOT.jar:/home/user/.m2/repository/org/apache/ratis/ratis-grpc/0.4.0-2337318-SNAPSHOT/ratis-grpc-0.4.0-2337318-SNAPSHOT.jar:/home/user/.m2/repository/org/rocksdb/rocksdbjni/6.0.1/rocksdbjni-6.0.1.jar:/home/user/.m2/repository/org/apache/logging/log4j/log4j-api/2.11.0/log4j-api-2.11.0.jar:/home/user/.m2/repository/org/apache/logging/log4j/log4j-core/2.11.0/log4j-core-2.11.0.jar:/home/user/.m2/repository/com/lmax/disruptor/3.4.2/disruptor-3.4.2.jar:/home/user/.m2/repository/org/apache/commons/commons-pool2/2.6.0/commons-pool2-2.6.0.jar:/home/user/.m2/repository/org/bouncycastle/bcpkix-jdk15on/1.60/bcpkix-jdk15on-1.60.jar:/home/user/.m2/repository/commons-validator/commons-validator/1.6/commons-validator-1.6.jar:/home/user/.m2/repository/commons-digester/commons-digester/1.8.1/commons-digester-1.8.1.jar:/home/user/.m2/repository/io/jaegertracing/jaeger-client/0.33.1/jaeger-client-0.33.1.jar:/home/user/.m2/repository/io/jaegertracing/jaeger-thrift/0.33.1/jaeger-thrift-0.33.1.jar:/home/user/.m2/repository/org/apache/thrift/libthrift/0.11.0/libthrift-0.11.0.jar:/home/user/.m2/repository/com/squareup/okhttp3/okhttp/3.9.0/okhttp-3.9.0.jar:/home/user/.m2/repository/com/squareup/okio/okio/1.13.0/okio-1.13.0.jar:/home/user/.m2/repository/io/jaegertracing/jaeger-core/0.33.1/jaeger-core-0.33.1.jar:/home/user/.m2/repository/io/jaegertracing/jaeger-tracerresolver/0.33.1/jaeger-tracerresolver-0.33.1.jar:/home/user/.m2/repository/io/opentracing/contrib/opentracing-tracerresolver/0.1.5/opentracing-tracerresolver-0.1.5.jar:/home/user/.m2/repository/io/opentracing/opentracing-util/0.31.0/opentracing-util-0.31.0.jar:/home/user/.m2/repository/io/opentracing/opentracing-api/0.31.0/opentracing-api-0.31.0.jar:/home/user/.m2/repository/io/opentracing/opentracing-noop/0.31.0/opentracing-noop-0.31.0.jar:/home/user/.m2/repository/org/apache/hadoop/hadoop-hdds-server-framework/0.5.0-SNAPSHOT/hadoop-hdds-server-framework-0.5.0-SNAPSHOT.jar:/home/user/.m2/repository/org/apache/hadoop/hadoop-hdds-container-service/0.5.0-SNAPSHOT/hadoop-hdds-container-service-0.5.0-SNAPSHOT.jar:/home/user/.m2/repository/org/apache/hadoop/hadoop-hdds-client/0.5.0-SNAPSHOT/hadoop-hdds-client-0.5.0-SNAPSHOT.jar:/home/user/.m2/repository/org/apache/hadoop/hadoop-hdds-tools/0.5.0-SNAPSHOT/hadoop-hdds-tools-0.5.0-SNAPSHOT.jar:/home/user/.m2/repository/org/apache/hadoop/hadoop-hdds-server-scm/0.5.0-SNAPSHOT/hadoop-hdds-server-scm-0.5.0-SNAPSHOT.jar:/home/user/.m2/repository/org/apache/hadoop/hadoop-hdds-docs/0.5.0-SNAPSHOT/hadoop-hdds-docs-0.5.0-SNAPSHOT.jar:/home/user/.m2/repository/io/dropwizard/metrics/metrics-core/3.2.4/metrics-core-3.2.4.jar:/home/user/.m2/repository/org/hamcrest/hamcrest-all/1.3/hamcrest-all-1.3.jar:/home/user/.m2/repository/org/bouncycastle/bcprov-jdk15on/1.60/bcprov-jdk15on-1.60.jar:/home/user/.m2/repository/info/picocli/picocli/3.9.6/picocli-3.9.6.jar:/home/user/.m2/repository/com/google/protobuf/protobuf-java/2.5.0/protobuf-java-2.5.0.jar:/home/user/.m2/repository/com/google/guava/guava/11.0.2/guava-11.0.2.jar:/home/user/.m2/repository/org/apache/hadoop/hadoop-ozone-ozone-manager/0.5.0-SNAPSHOT/hadoop-ozone-ozone-manager-0.5.0-SNAPSHOT.jar:/home/user/.m2/repository/org/apache/hadoop/hadoop-minikdc/3.2.0/hadoop-minikdc-3.2.0.jar:/home/user/.m2/repository/commons-io/commons-io/2.5/commons-io-2.5.jar:/home/user/.m2/repository/org/apache/kerby/kerb-simplekdc/1.0.1/kerb-simplekdc-1.0.1.jar:/home/user/.m2/repository/org/apache/kerby/kerb-client/1.0.1/kerb-client-1.0.1.jar:/home/user/.m2/repository/org/apache/kerby/kerby-config/1.0.1/kerby-config-1.0.1.jar:/home/user/.m2/repository/org/apache/kerby/kerb-core/1.0.1/kerb-core-1.0.1.jar:/home/user/.m2/repository/org/apache/kerby/kerby-pkix/1.0.1/kerby-pkix-1.0.1.jar:/home/user/.m2/repository/org/apache/kerby/kerby-asn1/1.0.1/kerby-asn1-1.0.1.jar:/home/user/.m2/repository/org/apache/kerby/kerby-util/1.0.1/kerby-util-1.0.1.jar:/home/user/.m2/repository/org/apache/kerby/kerb-common/1.0.1/kerb-common-1.0.1.jar:/home/user/.m2/repository/org/apache/kerby/kerb-crypto/1.0.1/kerb-crypto-1.0.1.jar:/home/user/.m2/repository/org/apache/kerby/kerb-util/1.0.1/kerb-util-1.0.1.jar:/home/user/.m2/repository/org/apache/kerby/token-provider/1.0.1/token-provider-1.0.1.jar:/home/user/.m2/repository/org/apache/kerby/kerb-admin/1.0.1/kerb-admin-1.0.1.jar:/home/user/.m2/repository/org/apache/kerby/kerb-server/1.0.1/kerb-server-1.0.1.jar:/home/user/.m2/repository/org/apache/kerby/kerb-identity/1.0.1/kerb-identity-1.0.1.jar:/home/user/.m2/repository/org/apache/kerby/kerby-xdr/1.0.1/kerby-xdr-1.0.1.jar:/home/user/.m2/repository/org/slf4j/slf4j-log4j12/1.7.25/slf4j-log4j12-1.7.25.jar:/home/user/.m2/repository/org/apache/hadoop/hadoop-ozone-objectstore-service/0.5.0-SNAPSHOT/hadoop-ozone-objectstore-service-0.5.0-SNAPSHOT.jar:/home/user/.m2/repository/org/apache/hadoop/hadoop-ozone-s3gateway/0.5.0-SNAPSHOT/hadoop-ozone-s3gateway-0.5.0-SNAPSHOT.jar:/home/user/.m2/repository/org/jboss/weld/servlet/weld-servlet/2.4.7.Final/weld-servlet-2.4.7.Final.jar:/home/user/.m2/repository/org/glassfish/jersey/containers/jersey-container-servlet-core/2.27/jersey-container-servlet-core-2.27.jar:/home/user/.m2/repository/org/glassfish/hk2/external/javax.inject/2.5.0-b42/javax.inject-2.5.0-b42.jar:/home/user/.m2/repository/org/glassfish/jersey/core/jersey-common/2.27/jersey-common-2.27.jar:/home/user/.m2/repository/org/glassfish/hk2/osgi-resource-locator/1.0.1/osgi-resource-locator-1.0.1.jar:/home/user/.m2/repository/javax/ws/rs/javax.ws.rs-api/2.1/javax.ws.rs-api-2.1.jar:/home/user/.m2/repository/org/glassfish/jersey/ext/cdi/jersey-cdi1x/2.27/jersey-cdi1x-2.27.jar:/home/user/.m2/repository/org/glassfish/jersey/inject/jersey-hk2/2.27/jersey-hk2-2.27.jar:/home/user/.m2/repository/org/glassfish/hk2/hk2-locator/2.5.0-b42/hk2-locator-2.5.0-b42.jar:/home/user/.m2/repository/org/javassist/javassist/3.22.0-CR2/javassist-3.22.0-CR2.jar:/home/user/.m2/repository/org/glassfish/hk2/hk2-api/2.5.0/hk2-api-2.5.0.jar:/home/user/.m2/repository/org/glassfish/hk2/external/jakarta.inject/2.5.0/jakarta.inject-2.5.0.jar:/home/user/.m2/repository/org/glassfish/hk2/hk2-utils/2.5.0/hk2-utils-2.5.0.jar:/home/user/.m2/repository/jakarta/annotation/jakarta.annotation-api/1.3.4/jakarta.annotation-api-1.3.4.jar:/home/user/.m2/repository/org/glassfish/hk2/external/aopalliance-repackaged/2.5.0/aopalliance-repackaged-2.5.0.jar:/home/user/.m2/repository/com/fasterxml/jackson/dataformat/jackson-dataformat-xml/2.9.0/jackson-dataformat-xml-2.9.0.jar:/home/user/.m2/repository/com/fasterxml/jackson/core/jackson-core/2.9.5/jackson-core-2.9.5.jar:/home/user/.m2/repository/com/fasterxml/jackson/module/jackson-module-jaxb-annotations/2.9.5/jackson-module-jaxb-annotations-2.9.5.jar:/home/user/.m2/repository/javax/enterprise/cdi-api/1.2/cdi-api-1.2.jar:/home/user/.m2/repository/javax/el/javax.el-api/3.0.0/javax.el-api-3.0.0.jar:/home/user/.m2/repository/javax/interceptor/javax.interceptor-api/1.2/javax.interceptor-api-1.2.jar:/home/user/.m2/repository/javax/inject/javax.inject/1/javax.inject-1.jar:/home/user/.m2/repository/com/sun/xml/bind/jaxb-impl/2.3.0.1/jaxb-impl-2.3.0.1.jar:/home/user/.m2/repository/com/sun/xml/bind/jaxb-core/2.3.0.1/jaxb-core-2.3.0.1.jar:/home/user/.m2/repository/javax/xml/bind/jaxb-api/2.3.0/jaxb-api-2.3.0.jar:/home/user/.m2/repository/javax/activation/activation/1.1.1/activation-1.1.1.jar:/home/user/.m2/repository/org/apache/hadoop/hadoop-ozone-csi/0.5.0-SNAPSHOT/hadoop-ozone-csi-0.5.0-SNAPSHOT.jar:/home/user/.m2/repository/com/google/protobuf/protobuf-java-util/3.5.1/protobuf-java-util-3.5.1.jar:/home/user/.m2/repository/org/apache/hadoop/hadoop-hdds-config/0.5.0-SNAPSHOT/hadoop-hdds-config-0.5.0-SNAPSHOT.jar:/home/user/.m2/repository/io/grpc/grpc-netty/1.17.1/grpc-netty-1.17.1.jar:/home/user/.m2/repository/io/grpc/grpc-core/1.17.1/grpc-core-1.17.1.jar:/home/user/.m2/repository/io/grpc/grpc-context/1.17.1/grpc-context-1.17.1.jar:/home/user/.m2/repository/com/google/errorprone/error_prone_annotations/2.2.0/error_prone_annotations-2.2.0.jar:/home/user/.m2/repository/org/codehaus/mojo/animal-sniffer-annotations/1.17/animal-sniffer-annotations-1.17.jar:/home/user/.m2/repository/io/opencensus/opencensus-api/0.17.0/opencensus-api-0.17.0.jar:/home/user/.m2/repository/io/opencensus/opencensus-contrib-grpc-metrics/0.17.0/opencensus-contrib-grpc-metrics-0.17.0.jar:/home/user/.m2/repository/io/netty/netty-codec-http2/4.1.30.Final/netty-codec-http2-4.1.30.Final.jar:/home/user/.m2/repository/io/netty/netty-codec-http/4.1.30.Final/netty-codec-http-4.1.30.Final.jar:/home/user/.m2/repository/io/netty/netty-codec/4.1.30.Final/netty-codec-4.1.30.Final.jar:/home/user/.m2/repository/io/netty/netty-handler/4.1.30.Final/netty-handler-4.1.30.Final.jar:/home/user/.m2/repository/io/netty/netty-handler-proxy/4.1.30.Final/netty-handler-proxy-4.1.30.Final.jar:/home/user/.m2/repository/io/netty/netty-codec-socks/4.1.30.Final/netty-codec-socks-4.1.30.Final.jar:/home/user/.m2/repository/io/netty/netty-transport-native-epoll/4.1.30.Final/netty-transport-native-epoll-4.1.30.Final.jar:/home/user/.m2/repository/io/netty/netty-common/4.1.30.Final/netty-common-4.1.30.Final.jar:/home/user/.m2/repository/io/netty/netty-buffer/4.1.30.Final/netty-buffer-4.1.30.Final.jar:/home/user/.m2/repository/io/netty/netty-transport/4.1.30.Final/netty-transport-4.1.30.Final.jar:/home/user/.m2/repository/io/netty/netty-resolver/4.1.30.Final/netty-resolver-4.1.30.Final.jar:/home/user/.m2/repository/io/netty/netty-transport-native-unix-common/4.1.30.Final/netty-transport-native-unix-common-4.1.30.Final.jar:/home/user/.m2/repository/io/grpc/grpc-protobuf/1.17.1/grpc-protobuf-1.17.1.jar:/home/user/.m2/repository/com/google/api/grpc/proto-google-common-protos/1.0.0/proto-google-common-protos-1.0.0.jar:/home/user/.m2/repository/io/grpc/grpc-protobuf-lite/1.17.1/grpc-protobuf-lite-1.17.1.jar:/home/user/.m2/repository/io/grpc/grpc-stub/1.17.1/grpc-stub-1.17.1.jar:/home/user/.m2/repository/org/apache/hadoop/hadoop-ozone-recon/0.5.0-SNAPSHOT/hadoop-ozone-recon-0.5.0-SNAPSHOT.jar:/home/user/.m2/repository/org/apache/hadoop/hadoop-ozone-reconcodegen/0.5.0-SNAPSHOT/hadoop-ozone-reconcodegen-0.5.0-SNAPSHOT.jar:/home/user/.m2/repository/com/google/inject/extensions/guice-multibindings/4.0/guice-multibindings-4.0.jar:/home/user/.m2/repository/com/google/inject/guice/4.0/guice-4.0.jar:/home/user/.m2/repository/aopalliance/aopalliance/1.0/aopalliance-1.0.jar:/home/user/.m2/repository/com/google/inject/extensions/guice-servlet/4.0/guice-servlet-4.0.jar:/home/user/.m2/repository/org/glassfish/jersey/containers/jersey-container-servlet/2.27/jersey-container-servlet-2.27.jar:/home/user/.m2/repository/org/glassfish/hk2/guice-bridge/2.5.0/guice-bridge-2.5.0.jar:/home/user/.m2/repository/org/glassfish/jersey/core/jersey-server/2.27/jersey-server-2.27.jar:/home/user/.m2/repository/org/glassfish/jersey/core/jersey-client/2.27/jersey-client-2.27.jar:/home/user/.m2/repository/org/glassfish/jersey/media/jersey-media-jaxb/2.27/jersey-media-jaxb-2.27.jar:/home/user/.m2/repository/javax/validation/validation-api/1.1.0.Final/validation-api-1.1.0.Final.jar:/home/user/.m2/repository/org/glassfish/jersey/media/jersey-media-json-jackson/2.27/jersey-media-json-jackson-2.27.jar:/home/user/.m2/repository/org/glassfish/jersey/ext/jersey-entity-filtering/2.27/jersey-entity-filtering-2.27.jar:/home/user/.m2/repository/com/google/inject/extensions/guice-assistedinject/4.0/guice-assistedinject-4.0.jar:/home/user/.m2/repository/org/jooq/jooq/3.11.10/jooq-3.11.10.jar:/home/user/.m2/repository/org/jooq/jooq-meta/3.11.10/jooq-meta-3.11.10.jar:/home/user/.m2/repository/org/jooq/jooq-codegen/3.11.10/jooq-codegen-3.11.10.jar:/home/user/.m2/repository/com/jolbox/bonecp/0.8.0.RELEASE/bonecp-0.8.0.RELEASE.jar:/home/user/.m2/repository/org/xerial/sqlite-jdbc/3.25.2/sqlite-jdbc-3.25.2.jar:/home/user/.m2/repository/org/springframework/spring-jdbc/5.1.3.RELEASE/spring-jdbc-5.1.3.RELEASE.jar:/home/user/.m2/repository/org/springframework/spring-beans/5.1.3.RELEASE/spring-beans-5.1.3.RELEASE.jar:/home/user/.m2/repository/org/springframework/spring-core/5.1.3.RELEASE/spring-core-5.1.3.RELEASE.jar:/home/user/.m2/repository/org/springframework/spring-jcl/5.1.3.RELEASE/spring-jcl-5.1.3.RELEASE.jar:/home/user/.m2/repository/org/springframework/spring-tx/5.1.3.RELEASE/spring-tx-5.1.3.RELEASE.jar:/home/user/.m2/repository/org/apache/hadoop/hadoop-ozone-client/0.5.0-SNAPSHOT/hadoop-ozone-client-0.5.0-SNAPSHOT.jar:/home/user/.m2/repository/commons-lang/commons-lang/2.6/commons-lang-2.6.jar:/home/user/.m2/repository/org/apache/hadoop/hadoop-ozone-ozone-manager/0.5.0-SNAPSHOT/hadoop-ozone-ozone-manager-0.5.0-SNAPSHOT-tests.jar:/home/user/.m2/repository/junit/junit/4.11/junit-4.11.jar:/home/user/.m2/repository/org/hamcrest/hamcrest-core/1.3/hamcrest-core-1.3.jar:/home/user/.m2/repository/org/openjdk/jmh/jmh-core/1.19/jmh-core-1.19.jar:/home/user/.m2/repository/net/sf/jopt-simple/jopt-simple/4.6/jopt-simple-4.6.jar:/home/user/.m2/repository/org/apache/commons/commons-math3/3.1.1/commons-math3-3.1.1.jar:/home/user/.m2/repository/org/openjdk/jmh/jmh-generator-annprocess/1.19/jmh-generator-annprocess-1.19.jar:/home/user/.m2/repository/org/mockito/mockito-all/1.8.5/mockito-all-1.8.5.jar:/home/user/.m2/repository/org/apache/hadoop/hadoop-kms/3.2.0/hadoop-kms-3.2.0.jar:/home/user/.m2/repository/org/apache/hadoop/hadoop-auth/3.2.0/hadoop-auth-3.2.0.jar:/home/user/.m2/repository/com/nimbusds/nimbus-jose-jwt/4.41.1/nimbus-jose-jwt-4.41.1.jar:/home/user/.m2/repository/com/github/stephenc/jcip/jcip-annotations/1.0-1/jcip-annotations-1.0-1.jar:/home/user/.m2/repository/net/minidev/json-smart/2.3/json-smart-2.3.jar:/home/user/.m2/repository/net/minidev/accessors-smart/1.2/accessors-smart-1.2.jar:/home/user/.m2/repository/org/ow2/asm/asm/5.0.4/asm-5.0.4.jar:/home/user/.m2/repository/org/apache/curator/curator-framework/2.12.0/curator-framework-2.12.0.jar:/home/user/.m2/repository/com/sun/jersey/jersey-core/1.19/jersey-core-1.19.jar:/home/user/.m2/repository/javax/ws/rs/jsr311-api/1.1.1/jsr311-api-1.1.1.jar:/home/user/.m2/repository/com/sun/jersey/jersey-server/1.19/jersey-server-1.19.jar:/home/user/.m2/repository/javax/servlet/javax.servlet-api/3.1.0/javax.servlet-api-3.1.0.jar:/home/user/.m2/repository/org/eclipse/jetty/jetty-server/9.3.24.v20180605/jetty-server-9.3.24.v20180605.jar:/home/user/.m2/repository/org/eclipse/jetty/jetty-http/9.3.24.v20180605/jetty-http-9.3.24.v20180605.jar:/home/user/.m2/repository/org/eclipse/jetty/jetty-io/9.3.24.v20180605/jetty-io-9.3.24.v20180605.jar:/home/user/.m2/repository/org/eclipse/jetty/jetty-webapp/9.3.24.v20180605/jetty-webapp-9.3.24.v20180605.jar:/home/user/.m2/repository/org/eclipse/jetty/jetty-xml/9.3.24.v20180605/jetty-xml-9.3.24.v20180605.jar:/home/user/.m2/repository/log4j/log4j/1.2.17/log4j-1.2.17.jar:/home/user/.m2/repository/org/slf4j/slf4j-api/1.7.25/slf4j-api-1.7.25.jar:/home/user/.m2/repository/org/slf4j/jul-to-slf4j/1.7.25/jul-to-slf4j-1.7.25.jar:/home/user/.m2/repository/org/eclipse/jetty/jetty-util/9.3.24.v20180605/jetty-util-9.3.24.v20180605.jar:/home/user/.m2/repository/com/fasterxml/jackson/core/jackson-databind/2.9.5/jackson-databind-2.9.5.jar:/home/user/.m2/repository/org/apache/hadoop/hadoop-kms/3.2.0/hadoop-kms-3.2.0-tests.jar:/home/user/.m2/repository/org/apache/hadoop/hadoop-hdds-server-scm/0.5.0-SNAPSHOT/hadoop-hdds-server-scm-0.5.0-SNAPSHOT-tests.jar:/home/user/.m2/repository/org/apache/hadoop/hadoop-hdds-container-service/0.5.0-SNAPSHOT/hadoop-hdds-container-service-0.5.0-SNAPSHOT-tests.jar:/home/user/.m2/repository/org/yaml/snakeyaml/1.16/snakeyaml-1.16.jar:/home/user/.m2/repository/org/apache/hadoop/hadoop-common/3.2.0/hadoop-common-3.2.0-tests.jar:/home/user/.m2/repository/org/apache/hadoop/hadoop-annotations/3.2.0/hadoop-annotations-3.2.0.jar:/usr/lib/jvm/java-1.8-openjdk/jre/../lib/tools.jar:/home/user/.m2/repository/commons-cli/commons-cli/1.2/commons-cli-1.2.jar:/home/user/.m2/repository/org/apache/httpcomponents/httpclient/4.5.2/httpclient-4.5.2.jar:/home/user/.m2/repository/org/apache/httpcomponents/httpcore/4.4.4/httpcore-4.4.4.jar:/home/user/.m2/repository/commons-codec/commons-codec/1.11/commons-codec-1.11.jar:/home/user/.m2/repository/commons-net/commons-net/3.6/commons-net-3.6.jar:/home/user/.m2/repository/commons-collections/commons-collections/3.2.2/commons-collections-3.2.2.jar:/home/user/.m2/repository/org/eclipse/jetty/jetty-servlet/9.3.24.v20180605/jetty-servlet-9.3.24.v20180605.jar:/home/user/.m2/repository/org/eclipse/jetty/jetty-security/9.3.24.v20180605/jetty-security-9.3.24.v20180605.jar:/home/user/.m2/repository/javax/servlet/jsp/jsp-api/2.1/jsp-api-2.1.jar:/home/user/.m2/repository/com/sun/jersey/jersey-servlet/1.19/jersey-servlet-1.19.jar:/home/user/.m2/repository/com/sun/jersey/jersey-json/1.19/jersey-json-1.19.jar:/home/user/.m2/repository/org/codehaus/jettison/jettison/1.1/jettison-1.1.jar:/home/user/.m2/repository/org/codehaus/jackson/jackson-core-asl/1.9.13/jackson-core-asl-1.9.13.jar:/home/user/.m2/repository/org/codehaus/jackson/jackson-mapper-asl/1.9.13/jackson-mapper-asl-1.9.13.jar:/home/user/.m2/repository/org/codehaus/jackson/jackson-jaxrs/1.9.13/jackson-jaxrs-1.9.13.jar:/home/user/.m2/repository/org/codehaus/jackson/jackson-xc/1.9.13/jackson-xc-1.9.13.jar:/home/user/.m2/repository/commons-logging/commons-logging/1.1.3/commons-logging-1.1.3.jar:/home/user/.m2/repository/commons-beanutils/commons-beanutils/1.9.3/commons-beanutils-1.9.3.jar:/home/user/.m2/repository/org/apache/commons/commons-configuration2/2.1.1/commons-configuration2-2.1.1.jar:/home/user/.m2/repository/org/apache/commons/commons-lang3/3.7/commons-lang3-3.7.jar:/home/user/.m2/repository/org/apache/commons/commons-text/1.4/commons-text-1.4.jar:/home/user/.m2/repository/org/apache/avro/avro/1.7.7/avro-1.7.7.jar:/home/user/.m2/repository/com/thoughtworks/paranamer/paranamer/2.3/paranamer-2.3.jar:/home/user/.m2/repository/org/xerial/snappy/snappy-java/1.0.5/snappy-java-1.0.5.jar:/home/user/.m2/repository/com/google/re2j/re2j/1.1/re2j-1.1.jar:/home/user/.m2/repository/com/google/code/gson/gson/2.2.4/gson-2.2.4.jar:/home/user/.m2/repository/com/jcraft/jsch/0.1.54/jsch-0.1.54.jar:/home/user/.m2/repository/org/apache/curator/curator-client/2.12.0/curator-client-2.12.0.jar:/home/user/.m2/repository/org/apache/curator/curator-recipes/2.12.0/curator-recipes-2.12.0.jar:/home/user/.m2/repository/com/google/code/findbugs/jsr305/3.0.0/jsr305-3.0.0.jar:/home/user/.m2/repository/org/apache/htrace/htrace-core4/4.1.0-incubating/htrace-core4-4.1.0-incubating.jar:/home/user/.m2/repository/org/apache/zookeeper/zookeeper/3.4.13/zookeeper-3.4.13.jar:/home/user/.m2/repository/org/apache/yetus/audience-annotations/0.5.0/audience-annotations-0.5.0.jar:/home/user/.m2/repository/org/codehaus/woodstox/stax2-api/3.1.4/stax2-api-3.1.4.jar:/home/user/.m2/repository/com/fasterxml/woodstox/woodstox-core/5.0.3/woodstox-core-5.0.3.jar:/home/user/.m2/repository/dnsjava/dnsjava/2.1.7/dnsjava-2.1.7.jar:/home/user/.m2/repository/org/apache/hadoop/hadoop-hdfs/3.2.0/hadoop-hdfs-3.2.0-tests.jar:/home/user/.m2/repository/org/eclipse/jetty/jetty-util-ajax/9.3.24.v20180605/jetty-util-ajax-9.3.24.v20180605.jar:/home/user/.m2/repository/commons-daemon/commons-daemon/1.0.13/commons-daemon-1.0.13.jar:/home/user/.m2/repository/io/netty/netty/3.10.5.Final/netty-3.10.5.Final.jar:/home/user/.m2/repository/io/netty/netty-all/4.0.52.Final/netty-all-4.0.52.Final.jar:/home/user/.m2/repository/org/fusesource/leveldbjni/leveldbjni-all/1.8/leveldbjni-all-1.8.jar:"/>
    <property name="sun.cpu.endian" value="little"/>
    <property name="user.home" value="/home/user"/>
    <property name="user.language" value="en"/>
    <property name="java.specification.vendor" value="Oracle Corporation"/>
    <property name="java.home" value="/usr/lib/jvm/java-1.8-openjdk/jre"/>
    <property name="java.security.krb5.conf" value="/workdir/hadoop-ozone/integration-test/target/test-classes/krb5.conf"/>
    <property name="basedir" value="/workdir/hadoop-ozone/integration-test"/>
    <property name="file.separator" value="/"/>
    <property name="line.separator" value="&#10;"/>
    <property name="java.vm.specification.vendor" value="Oracle Corporation"/>
    <property name="java.specification.name" value="Java Platform API Specification"/>
    <property name="java.awt.graphicsenv" value="sun.awt.X11GraphicsEnvironment"/>
    <property name="surefire.real.class.path" value="/workdir/hadoop-ozone/integration-test/target/surefire/surefirebooter332229832927196123.jar"/>
    <property name="hadoop.log.dir" value="/workdir/hadoop-ozone/integration-test/target/log"/>
    <property name="sun.boot.class.path" value="/usr/lib/jvm/java-1.8-openjdk/jre/lib/resources.jar:/usr/lib/jvm/java-1.8-openjdk/jre/lib/rt.jar:/usr/lib/jvm/java-1.8-openjdk/jre/lib/sunrsasign.jar:/usr/lib/jvm/java-1.8-openjdk/jre/lib/jsse.jar:/usr/lib/jvm/java-1.8-openjdk/jre/lib/jce.jar:/usr/lib/jvm/java-1.8-openjdk/jre/lib/charsets.jar:/usr/lib/jvm/java-1.8-openjdk/jre/lib/jfr.jar:/usr/lib/jvm/java-1.8-openjdk/jre/classes"/>
    <property name="sun.management.compiler" value="HotSpot 64-Bit Tiered Compilers"/>
    <property name="java.runtime.version" value="1.8.0_212-b04"/>
    <property name="java.net.preferIPv4Stack" value="true"/>
    <property name="user.name" value="jenkins1000"/>
    <property name="path.separator" value=":"/>
    <property name="java.security.egd" value="file:///dev/urandom"/>
    <property name="os.version" value="3.10.0-957.12.2.el7.x86_64"/>
    <property name="java.endorsed.dirs" value="/usr/lib/jvm/java-1.8-openjdk/jre/lib/endorsed"/>
    <property name="java.runtime.name" value="OpenJDK Runtime Environment"/>
    <property name="file.encoding" value="UTF-8"/>
    <property name="java.vm.name" value="OpenJDK 64-Bit Server VM"/>
    <property name="test.build.webapps" value=""/>
    <property name="localRepository" value="/home/user/.m2/repository"/>
    <property name="java.vendor.url.bug" value="https://icedtea.classpath.org/bugzilla"/>
    <property name="java.io.tmpdir" value="/tmp"/>
    <property name="require.test.libhadoop" value=""/>
    <property name="java.version" value="1.8.0_212"/>
    <property name="user.dir" value="/workdir/hadoop-ozone/integration-test"/>
    <property name="os.arch" value="amd64"/>
    <property name="java.vm.specification.name" value="Java Virtual Machine Specification"/>
    <property name="test.build.classes" value="/workdir/hadoop-ozone/integration-test/target/test-classes"/>
    <property name="java.awt.printerjob" value="sun.print.PSPrinterJob"/>
    <property name="sun.os.patch.level" value="unknown"/>
    <property name="hadoop.tmp.dir" value="/workdir/hadoop-ozone/integration-test/target/tmp"/>
    <property name="java.library.path" value="/usr/lib/jvm/java-1.8-openjdk/jre/lib/amd64/server:/usr/lib/jvm/java-1.8-openjdk/jre/lib/amd64:/usr/lib/jvm/java-1.8-openjdk/jre/../lib/amd64:/workdir/hadoop-ozone/integration-test/target/native/target/usr/local/lib:/workdir/hadoop-ozone/integration-test/../../hadoop-common-project/hadoop-common/target/native/target/usr/local/lib:/usr/java/packages/lib/amd64:/usr/lib64:/lib64:/lib:/usr/lib"/>
    <property name="java.vm.info" value="mixed mode"/>
    <property name="java.vendor" value="IcedTea"/>
    <property name="java.vm.version" value="25.212-b04"/>
    <property name="java.ext.dirs" value="/usr/lib/jvm/java-1.8-openjdk/jre/lib/ext:/usr/java/packages/lib/ext"/>
    <property name="sun.io.unicode.encoding" value="UnicodeLittle"/>
    <property name="java.class.version" value="52.0"/>
  </properties>
  <testcase name="testHybridPipelineOnDatanode" classname="org.apache.hadoop.ozone.client.rpc.TestHybridPipelineOnDatanode" time="11.107">
    <error message="Unexpected Storage Container Exception: org.apache.hadoop.hdds.scm.container.common.helpers.StorageContainerException: ContainerID 2 does not exist" type="java.io.IOException">java.io.IOException: Unexpected Storage Container Exception: org.apache.hadoop.hdds.scm.container.common.helpers.StorageContainerException: ContainerID 2 does not exist
	at org.apache.hadoop.hdds.scm.storage.BlockOutputStream.setIoException(BlockOutputStream.java:542)
	at org.apache.hadoop.hdds.scm.storage.BlockOutputStream.validateResponse(BlockOutputStream.java:533)
	at org.apache.hadoop.hdds.scm.storage.BlockOutputStream.lambda$writeChunkToContainer$2(BlockOutputStream.java:607)
	at java.util.concurrent.CompletableFuture.uniApply(CompletableFuture.java:602)
	at java.util.concurrent.CompletableFuture$UniApply.tryFire(CompletableFuture.java:577)
	at java.util.concurrent.CompletableFuture$Completion.run(CompletableFuture.java:442)
	at java.util.concurrent.ThreadPoolExecutor.runWorker(ThreadPoolExecutor.java:1149)
	at java.util.concurrent.ThreadPoolExecutor$Worker.run(ThreadPoolExecutor.java:624)
	at java.lang.Thread.run(Thread.java:748)
Caused by: org.apache.hadoop.hdds.scm.container.common.helpers.StorageContainerException: ContainerID 2 does not exist
	at org.apache.hadoop.hdds.scm.storage.ContainerProtocolCalls.validateContainerResponse(ContainerProtocolCalls.java:536)
	at org.apache.hadoop.hdds.scm.storage.BlockOutputStream.validateResponse(BlockOutputStream.java:530)
	... 7 more
</error>
    <system-out><![CDATA[2019-07-16 15:43:31,891 WARN  server.ServerUtils (ServerUtils.java:getScmDbDir(145)) - ozone.scm.db.dirs is not configured. We recommend adding this setting. Falling back to ozone.metadata.dirs instead.
2019-07-16 15:43:32,013 WARN  server.ServerUtils (ServerUtils.java:getScmDbDir(145)) - ozone.scm.db.dirs is not configured. We recommend adding this setting. Falling back to ozone.metadata.dirs instead.
2019-07-16 15:43:32,015 WARN  server.ServerUtils (ServerUtils.java:getScmDbDir(145)) - ozone.scm.db.dirs is not configured. We recommend adding this setting. Falling back to ozone.metadata.dirs instead.
2019-07-16 15:43:32,032 INFO  util.log (Log.java:initialized(192)) - Logging initialized @900ms
2019-07-16 15:43:32,130 INFO  db.DBStoreBuilder (DBStoreBuilder.java:addTable(110)) - using custom profile for table: deletedBlocks
2019-07-16 15:43:32,130 INFO  db.DBStoreBuilder (DBStoreBuilder.java:processTables(161)) - Using default column profile:DBProfile.DISK for Table:deletedBlocks
2019-07-16 15:43:32,131 INFO  db.DBStoreBuilder (DBStoreBuilder.java:addTable(110)) - using custom profile for table: validCerts
2019-07-16 15:43:32,131 INFO  db.DBStoreBuilder (DBStoreBuilder.java:processTables(161)) - Using default column profile:DBProfile.DISK for Table:validCerts
2019-07-16 15:43:32,131 INFO  db.DBStoreBuilder (DBStoreBuilder.java:addTable(110)) - using custom profile for table: revokedCerts
2019-07-16 15:43:32,132 INFO  db.DBStoreBuilder (DBStoreBuilder.java:processTables(161)) - Using default column profile:DBProfile.DISK for Table:revokedCerts
2019-07-16 15:43:32,141 INFO  db.DBStoreBuilder (DBStoreBuilder.java:addTable(110)) - using custom profile for table: default
2019-07-16 15:43:32,141 INFO  db.DBStoreBuilder (DBStoreBuilder.java:processTables(167)) - Using default column profile:DBProfile.DISK for Table:default
2019-07-16 15:43:32,142 INFO  db.DBStoreBuilder (DBStoreBuilder.java:getDbProfile(198)) - Using default options. DBProfile.DISK
2019-07-16 15:43:32,366 INFO  net.NodeSchemaLoader (NodeSchemaLoader.java:loadSchemaFromFile(125)) - Loading file from sun.misc.CompoundEnumeration@2ef3eef9
2019-07-16 15:43:32,371 INFO  net.NodeSchemaLoader (NodeSchemaLoader.java:loadSchema(171)) - Loading network topology layer schema file
2019-07-16 15:43:32,445 WARN  server.ServerUtils (ServerUtils.java:sanitizeUserArgs(70)) - ozone.scm.stale.node.interval value = 300000 is larger than max = 100000 based on the key value of ozone.scm.heartbeat.thread.interval, reset to the max value 100000.
2019-07-16 15:43:32,446 WARN  server.ServerUtils (ServerUtils.java:sanitizeUserArgs(70)) - ozone.scm.stale.node.interval value = 300000 is larger than max = 100000 based on the key value of ozone.scm.heartbeat.thread.interval, reset to the max value 100000.
2019-07-16 15:43:32,448 INFO  node.SCMNodeManager (SCMNodeManager.java:<init>(119)) - Entering startup safe mode.
2019-07-16 15:43:32,516 WARN  server.ServerUtils (ServerUtils.java:getScmDbDir(145)) - ozone.scm.db.dirs is not configured. We recommend adding this setting. Falling back to ozone.metadata.dirs instead.
2019-07-16 15:43:32,579 INFO  pipeline.SCMPipelineManager (SCMPipelineManager.java:initializePipelineState(126)) - No pipeline exists in current db
2019-07-16 15:43:32,581 WARN  server.ServerUtils (ServerUtils.java:getScmDbDir(145)) - ozone.scm.db.dirs is not configured. We recommend adding this setting. Falling back to ozone.metadata.dirs instead.
2019-07-16 15:43:32,666 WARN  events.EventQueue (EventQueue.java:fireEvent(175)) - No event handler registered for event TypedEvent{payloadType=SafeModeStatus, name='SafeModeStatus'}
2019-07-16 15:43:32,923 INFO  ipc.CallQueueManager (CallQueueManager.java:<init>(84)) - Using callQueue: class java.util.concurrent.LinkedBlockingQueue, queueCapacity: 2000, scheduler: class org.apache.hadoop.ipc.DefaultRpcScheduler, ipcBackoff: false.
2019-07-16 15:43:32,944 INFO  ipc.Server (Server.java:run(1074)) - Starting Socket Reader #1 for port 34836
2019-07-16 15:43:32,961 INFO  ipc.CallQueueManager (CallQueueManager.java:<init>(84)) - Using callQueue: class java.util.concurrent.LinkedBlockingQueue, queueCapacity: 2000, scheduler: class org.apache.hadoop.ipc.DefaultRpcScheduler, ipcBackoff: false.
2019-07-16 15:43:32,962 INFO  ipc.Server (Server.java:run(1074)) - Starting Socket Reader #1 for port 37536
2019-07-16 15:43:32,967 INFO  ipc.CallQueueManager (CallQueueManager.java:<init>(84)) - Using callQueue: class java.util.concurrent.LinkedBlockingQueue, queueCapacity: 2000, scheduler: class org.apache.hadoop.ipc.DefaultRpcScheduler, ipcBackoff: false.
2019-07-16 15:43:32,968 INFO  ipc.Server (Server.java:run(1074)) - Starting Socket Reader #1 for port 41396
2019-07-16 15:43:33,085 INFO  hdfs.DFSUtil (DFSUtil.java:httpServerTemplateForNNAndJN(1641)) - Starting Web-server for scm at: http://0.0.0.0:0
2019-07-16 15:43:33,236 INFO  server.AuthenticationFilter (AuthenticationFilter.java:constructSecretProvider(240)) - Unable to initialize FileSignerSecretProvider, falling back to use random secrets.
2019-07-16 15:43:33,244 WARN  http.HttpRequestLog (HttpRequestLog.java:getRequestLog(97)) - Jetty request log can only be enabled using Log4j
2019-07-16 15:43:33,252 INFO  http.HttpServer2 (HttpServer2.java:addGlobalFilter(975)) - Added global filter 'safety' (class=org.apache.hadoop.http.HttpServer2$QuotingInputFilter)
2019-07-16 15:43:33,254 INFO  http.HttpServer2 (HttpServer2.java:addFilter(948)) - Added filter static_user_filter (class=org.apache.hadoop.http.lib.StaticUserWebFilter$StaticUserFilter) to context scm
2019-07-16 15:43:33,254 INFO  http.HttpServer2 (HttpServer2.java:addFilter(958)) - Added filter static_user_filter (class=org.apache.hadoop.http.lib.StaticUserWebFilter$StaticUserFilter) to context logs
2019-07-16 15:43:33,255 INFO  http.HttpServer2 (HttpServer2.java:addFilter(958)) - Added filter static_user_filter (class=org.apache.hadoop.http.lib.StaticUserWebFilter$StaticUserFilter) to context static
2019-07-16 15:43:33,282 INFO  server.StorageContainerManager (StorageContainerManager.java:start(759)) - StorageContainerLocationProtocol RPC server is listening at /0.0.0.0:41396
2019-07-16 15:43:33,342 WARN  impl.MetricsConfig (MetricsConfig.java:loadFirst(134)) - Cannot locate configuration: tried hadoop-metrics2-storagecontainermanager.properties,hadoop-metrics2.properties
2019-07-16 15:43:33,354 INFO  impl.MetricsSystemImpl (MetricsSystemImpl.java:startTimer(374)) - Scheduled Metric snapshot period at 10 second(s).
2019-07-16 15:43:33,354 INFO  impl.MetricsSystemImpl (MetricsSystemImpl.java:start(191)) - StorageContainerManager metrics system started
2019-07-16 15:43:33,568 INFO  server.SCMClientProtocolServer (SCMClientProtocolServer.java:start(149)) - RPC server for Client  is listening at /0.0.0.0:41396
2019-07-16 15:43:33,569 INFO  ipc.Server (Server.java:run(1314)) - IPC Server Responder: starting
2019-07-16 15:43:33,570 INFO  ipc.Server (Server.java:run(1153)) - IPC Server listener on 41396: starting
2019-07-16 15:43:33,576 INFO  server.StorageContainerManager (StorageContainerManager.java:start(768)) - ScmBlockLocationProtocol RPC server is listening at /0.0.0.0:37536
2019-07-16 15:43:33,576 INFO  server.SCMBlockProtocolServer (SCMBlockProtocolServer.java:start(140)) - RPC server for Block Protocol is listening at /0.0.0.0:37536
2019-07-16 15:43:33,577 INFO  ipc.Server (Server.java:run(1314)) - IPC Server Responder: starting
2019-07-16 15:43:33,577 INFO  ipc.Server (Server.java:run(1153)) - IPC Server listener on 37536: starting
2019-07-16 15:43:33,582 INFO  server.StorageContainerManager (StorageContainerManager.java:start(772)) - ScmDatanodeProtocl RPC server is listening at /0.0.0.0:34836
2019-07-16 15:43:33,582 INFO  server.SCMDatanodeProtocolServer (SCMDatanodeProtocolServer.java:start(191)) - RPC server for DataNodes is listening at /0.0.0.0:34836
2019-07-16 15:43:33,585 INFO  ipc.Server (Server.java:run(1314)) - IPC Server Responder: starting
2019-07-16 15:43:33,585 INFO  ipc.Server (Server.java:run(1153)) - IPC Server listener on 34836: starting
2019-07-16 15:43:33,598 INFO  http.HttpServer2 (HttpServer2.java:bindListener(1191)) - Jetty bound to port 40006
2019-07-16 15:43:33,601 INFO  server.Server (Server.java:doStart(351)) - jetty-9.3.24.v20180605, build timestamp: 2018-06-05T17:11:56Z, git hash: 84205aa28f11a4f31f2a3b86d1bba2cc8ab69827
2019-07-16 15:43:33,659 INFO  handler.ContextHandler (ContextHandler.java:doStart(781)) - Started o.e.j.s.ServletContextHandler@2654635{/logs,file:///workdir/hadoop-ozone/integration-test/target/log,AVAILABLE}
2019-07-16 15:43:33,660 INFO  handler.ContextHandler (ContextHandler.java:doStart(781)) - Started o.e.j.s.ServletContextHandler@687ef2e0{/static,file:///workdir/hadoop-ozone/integration-test/target/test-classes/webapps/static,AVAILABLE}
2019-07-16 15:43:33,703 INFO  handler.ContextHandler (ContextHandler.java:doStart(781)) - Started o.e.j.w.WebAppContext@674c583e{/,file:///workdir/hadoop-ozone/integration-test/target/test-classes/webapps/scm/,AVAILABLE}{/scm}
2019-07-16 15:43:33,710 INFO  server.AbstractConnector (AbstractConnector.java:doStart(278)) - Started ServerConnector@4b6579e8{HTTP/1.1,[http/1.1]}{0.0.0.0:40006}
2019-07-16 15:43:33,710 INFO  server.Server (Server.java:doStart(419)) - Started @2578ms
2019-07-16 15:43:33,711 INFO  server.BaseHttpServer (BaseHttpServer.java:updateConnectorAddress(207)) - HTTP server of SCM is listening at http://0.0.0.0:40006
2019-07-16 15:43:33,721 INFO  util.JvmPauseMonitor (JvmPauseMonitor.java:run(188)) - Starting JVM pause monitor
2019-07-16 15:43:33,726 WARN  server.ServerUtils (ServerUtils.java:getDBPath(222)) - ozone.om.db.dirs is not configured. We recommend adding this setting. Falling back to ozone.metadata.dirs instead.
2019-07-16 15:43:33,875 WARN  server.ServerUtils (ServerUtils.java:getDBPath(222)) - ozone.om.db.dirs is not configured. We recommend adding this setting. Falling back to ozone.metadata.dirs instead.
2019-07-16 15:43:33,876 INFO  om.OzoneManager (OzoneManager.java:setOMNodeDetails(626)) - OM Service ID is not set. Setting it to the default ID: omServiceIdDefault
2019-07-16 15:43:33,876 INFO  om.OzoneManager (OzoneManager.java:setOMNodeDetails(632)) - OM Node ID is not set. Setting it to the OmStorage's OmID: 2b927cb4-f9a4-422a-b6d6-2e7e14df0052
2019-07-16 15:43:33,877 INFO  om.OzoneManager (OzoneManager.java:loadOMHAConfigs(583)) - Found matching OM address with OMServiceId: null, OMNodeId: null, RPC Address: localhost:0 and Ratis port: 9872
2019-07-16 15:43:34,134 WARN  server.ServerUtils (ServerUtils.java:getDBPath(222)) - ozone.om.db.dirs is not configured. We recommend adding this setting. Falling back to ozone.metadata.dirs instead.
2019-07-16 15:43:34,146 INFO  db.DBStoreBuilder (DBStoreBuilder.java:addTable(110)) - using custom profile for table: userTable
2019-07-16 15:43:34,146 INFO  db.DBStoreBuilder (DBStoreBuilder.java:processTables(161)) - Using default column profile:DBProfile.DISK for Table:userTable
2019-07-16 15:43:34,147 INFO  db.DBStoreBuilder (DBStoreBuilder.java:addTable(110)) - using custom profile for table: volumeTable
2019-07-16 15:43:34,147 INFO  db.DBStoreBuilder (DBStoreBuilder.java:processTables(161)) - Using default column profile:DBProfile.DISK for Table:volumeTable
2019-07-16 15:43:34,148 INFO  db.DBStoreBuilder (DBStoreBuilder.java:addTable(110)) - using custom profile for table: bucketTable
2019-07-16 15:43:34,148 INFO  db.DBStoreBuilder (DBStoreBuilder.java:processTables(161)) - Using default column profile:DBProfile.DISK for Table:bucketTable
2019-07-16 15:43:34,148 INFO  db.DBStoreBuilder (DBStoreBuilder.java:addTable(110)) - using custom profile for table: keyTable
2019-07-16 15:43:34,149 INFO  db.DBStoreBuilder (DBStoreBuilder.java:processTables(161)) - Using default column profile:DBProfile.DISK for Table:keyTable
2019-07-16 15:43:34,149 INFO  db.DBStoreBuilder (DBStoreBuilder.java:addTable(110)) - using custom profile for table: deletedTable
2019-07-16 15:43:34,149 INFO  db.DBStoreBuilder (DBStoreBuilder.java:processTables(161)) - Using default column profile:DBProfile.DISK for Table:deletedTable
2019-07-16 15:43:34,150 INFO  db.DBStoreBuilder (DBStoreBuilder.java:addTable(110)) - using custom profile for table: openKeyTable
2019-07-16 15:43:34,150 INFO  db.DBStoreBuilder (DBStoreBuilder.java:processTables(161)) - Using default column profile:DBProfile.DISK for Table:openKeyTable
2019-07-16 15:43:34,151 INFO  db.DBStoreBuilder (DBStoreBuilder.java:addTable(110)) - using custom profile for table: s3Table
2019-07-16 15:43:34,151 INFO  db.DBStoreBuilder (DBStoreBuilder.java:processTables(161)) - Using default column profile:DBProfile.DISK for Table:s3Table
2019-07-16 15:43:34,151 INFO  db.DBStoreBuilder (DBStoreBuilder.java:addTable(110)) - using custom profile for table: multipartInfoTable
2019-07-16 15:43:34,152 INFO  db.DBStoreBuilder (DBStoreBuilder.java:processTables(161)) - Using default column profile:DBProfile.DISK for Table:multipartInfoTable
2019-07-16 15:43:34,152 INFO  db.DBStoreBuilder (DBStoreBuilder.java:addTable(110)) - using custom profile for table: dTokenTable
2019-07-16 15:43:34,152 INFO  db.DBStoreBuilder (DBStoreBuilder.java:processTables(161)) - Using default column profile:DBProfile.DISK for Table:dTokenTable
2019-07-16 15:43:34,153 INFO  db.DBStoreBuilder (DBStoreBuilder.java:addTable(110)) - using custom profile for table: s3SecretTable
2019-07-16 15:43:34,153 INFO  db.DBStoreBuilder (DBStoreBuilder.java:processTables(161)) - Using default column profile:DBProfile.DISK for Table:s3SecretTable
2019-07-16 15:43:34,154 INFO  db.DBStoreBuilder (DBStoreBuilder.java:addTable(110)) - using custom profile for table: prefixTable
2019-07-16 15:43:34,154 INFO  db.DBStoreBuilder (DBStoreBuilder.java:processTables(161)) - Using default column profile:DBProfile.DISK for Table:prefixTable
2019-07-16 15:43:34,154 INFO  db.DBStoreBuilder (DBStoreBuilder.java:addTable(110)) - using custom profile for table: default
2019-07-16 15:43:34,155 INFO  db.DBStoreBuilder (DBStoreBuilder.java:processTables(167)) - Using default column profile:DBProfile.DISK for Table:default
2019-07-16 15:43:34,155 INFO  db.DBStoreBuilder (DBStoreBuilder.java:getDbProfile(198)) - Using default options. DBProfile.DISK
2019-07-16 15:43:35,187 INFO  ipc.CallQueueManager (CallQueueManager.java:<init>(84)) - Using callQueue: class java.util.concurrent.LinkedBlockingQueue, queueCapacity: 2000, scheduler: class org.apache.hadoop.ipc.DefaultRpcScheduler, ipcBackoff: false.
2019-07-16 15:43:35,188 INFO  ipc.Server (Server.java:run(1074)) - Starting Socket Reader #1 for port 38677
2019-07-16 15:43:35,217 WARN  server.ServerUtils (ServerUtils.java:getDBPath(222)) - ozone.om.db.dirs is not configured. We recommend adding this setting. Falling back to ozone.metadata.dirs instead.
2019-07-16 15:43:35,217 INFO  om.OzoneManager (OzoneManager.java:start(1224)) - OzoneManager RPC server is listening at localhost/127.0.0.1:38677
2019-07-16 15:43:35,217 INFO  impl.MetricsSystemImpl (MetricsSystemImpl.java:init(158)) - OzoneManager metrics system started (again)
2019-07-16 15:43:35,218 INFO  ipc.Server (Server.java:run(1314)) - IPC Server Responder: starting
2019-07-16 15:43:35,219 INFO  ipc.Server (Server.java:run(1153)) - IPC Server listener on 38677: starting
2019-07-16 15:43:35,232 INFO  hdfs.DFSUtil (DFSUtil.java:httpServerTemplateForNNAndJN(1641)) - Starting Web-server for ozoneManager at: http://0.0.0.0:0
2019-07-16 15:43:35,235 INFO  server.AuthenticationFilter (AuthenticationFilter.java:constructSecretProvider(240)) - Unable to initialize FileSignerSecretProvider, falling back to use random secrets.
2019-07-16 15:43:35,236 WARN  http.HttpRequestLog (HttpRequestLog.java:getRequestLog(97)) - Jetty request log can only be enabled using Log4j
2019-07-16 15:43:35,239 INFO  http.HttpServer2 (HttpServer2.java:addGlobalFilter(975)) - Added global filter 'safety' (class=org.apache.hadoop.http.HttpServer2$QuotingInputFilter)
2019-07-16 15:43:35,240 INFO  http.HttpServer2 (HttpServer2.java:addFilter(948)) - Added filter static_user_filter (class=org.apache.hadoop.http.lib.StaticUserWebFilter$StaticUserFilter) to context ozoneManager
2019-07-16 15:43:35,241 INFO  http.HttpServer2 (HttpServer2.java:addFilter(958)) - Added filter static_user_filter (class=org.apache.hadoop.http.lib.StaticUserWebFilter$StaticUserFilter) to context logs
2019-07-16 15:43:35,241 INFO  http.HttpServer2 (HttpServer2.java:addFilter(958)) - Added filter static_user_filter (class=org.apache.hadoop.http.lib.StaticUserWebFilter$StaticUserFilter) to context static
2019-07-16 15:43:35,244 INFO  http.HttpServer2 (HttpServer2.java:bindListener(1191)) - Jetty bound to port 39386
2019-07-16 15:43:35,244 INFO  server.Server (Server.java:doStart(351)) - jetty-9.3.24.v20180605, build timestamp: 2018-06-05T17:11:56Z, git hash: 84205aa28f11a4f31f2a3b86d1bba2cc8ab69827
2019-07-16 15:43:35,247 INFO  handler.ContextHandler (ContextHandler.java:doStart(781)) - Started o.e.j.s.ServletContextHandler@65327f5{/logs,file:///workdir/hadoop-ozone/integration-test/target/log,AVAILABLE}
2019-07-16 15:43:35,248 INFO  handler.ContextHandler (ContextHandler.java:doStart(781)) - Started o.e.j.s.ServletContextHandler@301d8120{/static,file:///workdir/hadoop-ozone/integration-test/target/test-classes/webapps/static,AVAILABLE}
2019-07-16 15:43:35,256 INFO  handler.ContextHandler (ContextHandler.java:doStart(781)) - Started o.e.j.w.WebAppContext@5cbb84b1{/,file:///workdir/hadoop-ozone/integration-test/target/test-classes/webapps/ozoneManager/,AVAILABLE}{/ozoneManager}
2019-07-16 15:43:35,256 INFO  server.AbstractConnector (AbstractConnector.java:doStart(278)) - Started ServerConnector@2c779e5{HTTP/1.1,[http/1.1]}{0.0.0.0:39386}
2019-07-16 15:43:35,257 INFO  server.Server (Server.java:doStart(419)) - Started @4125ms
2019-07-16 15:43:35,258 INFO  server.BaseHttpServer (BaseHttpServer.java:updateConnectorAddress(207)) - HTTP server of OZONEMANAGER is listening at http://0.0.0.0:39386
2019-07-16 15:43:35,576 INFO  impl.MetricsSystemImpl (MetricsSystemImpl.java:init(158)) - HddsDatanode metrics system started (again)
2019-07-16 15:43:35,664 INFO  ozone.HddsDatanodeService (HddsDatanodeService.java:start(185)) - HddsDatanodeService host:trunk-nightly-kgw5x-1882989438 ip:192.168.69.88
2019-07-16 15:43:35,696 INFO  volume.HddsVolume (HddsVolume.java:<init>(176)) - Creating Volume: /workdir/hadoop-ozone/integration-test/target/test-dir/MiniOzoneClusterImpl-a37badc0-ddfb-4ad1-afc9-d0670ad69bd3/datanode-0/data/containers/hdds of  storage type : DISK and capacity : 52710309888
2019-07-16 15:43:35,698 INFO  volume.VolumeSet (VolumeSet.java:initializeVolumeSet(170)) - Added Volume : /workdir/hadoop-ozone/integration-test/target/test-dir/MiniOzoneClusterImpl-a37badc0-ddfb-4ad1-afc9-d0670ad69bd3/datanode-0/data/containers/hdds to VolumeSet
2019-07-16 15:43:35,702 INFO  volume.ThrottledAsyncChecker (ThrottledAsyncChecker.java:schedule(140)) - Scheduling a check for org.apache.hadoop.ozone.container.common.volume.HddsVolume@256a1825
2019-07-16 15:43:35,719 INFO  volume.HddsVolumeChecker (HddsVolumeChecker.java:checkAllVolumes(203)) - Scheduled health check for volume org.apache.hadoop.ozone.container.common.volume.HddsVolume@256a1825
2019-07-16 15:43:35,835 INFO  impl.RaftServerProxy (ConfUtils.java:logGet(43)) - raft.rpc.type = GRPC (default)
2019-07-16 15:43:35,900 INFO  grpc.GrpcFactory (GrpcFactory.java:checkPooledByteBufAllocatorUseCacheForAllThreads(45)) - PERFORMANCE WARNING: useCacheForAllThreads is true that may cause Netty to create a lot garbage objects and, as a result, trigger GC.
	It is recommended to disable useCacheForAllThreads by setting -Dorg.apache.ratis.thirdparty.io.netty.allocator.useCacheForAllThreads=false in command line.
2019-07-16 15:43:35,904 INFO  grpc.GrpcConfigKeys$Server (ConfUtils.java:logGet(43)) - raft.grpc.server.port = 0 (default)
2019-07-16 15:43:35,905 INFO  server.GrpcService (ConfUtils.java:logGet(43)) - raft.grpc.message.size.max = 33570816 (custom)
2019-07-16 15:43:35,907 INFO  server.RaftServerConfigKeys (ConfUtils.java:logGet(43)) - raft.server.log.appender.buffer.byte-limit = 33554432 (custom)
2019-07-16 15:43:35,907 INFO  server.GrpcService (ConfUtils.java:logGet(43)) - raft.grpc.flow.control.window = 1MB (=1048576) (default)
2019-07-16 15:43:35,908 INFO  server.RaftServerConfigKeys (ConfUtils.java:logGet(43)) - raft.server.rpc.request.timeout = 3000ms (default)
2019-07-16 15:43:36,062 INFO  server.RaftServerConfigKeys (ConfUtils.java:logGet(43)) - raft.server.storage.dir = [/workdir/hadoop-ozone/integration-test/target/test-dir/MiniOzoneClusterImpl-a37badc0-ddfb-4ad1-afc9-d0670ad69bd3/datanode-0/data/ratis] (custom)
2019-07-16 15:43:36,097 INFO  replication.SimpleContainerDownloader (SimpleContainerDownloader.java:<init>(72)) - Starting container downloader service to copy containers to replicate.
2019-07-16 15:43:36,110 INFO  hdfs.DFSUtil (DFSUtil.java:httpServerTemplateForNNAndJN(1641)) - Starting Web-server for hddsDatanode at: http://0.0.0.0:0
2019-07-16 15:43:36,113 INFO  server.AuthenticationFilter (AuthenticationFilter.java:constructSecretProvider(240)) - Unable to initialize FileSignerSecretProvider, falling back to use random secrets.
2019-07-16 15:43:36,113 WARN  http.HttpRequestLog (HttpRequestLog.java:getRequestLog(97)) - Jetty request log can only be enabled using Log4j
2019-07-16 15:43:36,117 INFO  http.HttpServer2 (HttpServer2.java:addGlobalFilter(975)) - Added global filter 'safety' (class=org.apache.hadoop.http.HttpServer2$QuotingInputFilter)
2019-07-16 15:43:36,118 INFO  http.HttpServer2 (HttpServer2.java:addFilter(948)) - Added filter static_user_filter (class=org.apache.hadoop.http.lib.StaticUserWebFilter$StaticUserFilter) to context hddsDatanode
2019-07-16 15:43:36,118 INFO  http.HttpServer2 (HttpServer2.java:addFilter(958)) - Added filter static_user_filter (class=org.apache.hadoop.http.lib.StaticUserWebFilter$StaticUserFilter) to context logs
2019-07-16 15:43:36,118 INFO  http.HttpServer2 (HttpServer2.java:addFilter(958)) - Added filter static_user_filter (class=org.apache.hadoop.http.lib.StaticUserWebFilter$StaticUserFilter) to context static
2019-07-16 15:43:36,119 INFO  http.HttpServer2 (HttpServer2.java:bindListener(1191)) - Jetty bound to port 37448
2019-07-16 15:43:36,120 INFO  server.Server (Server.java:doStart(351)) - jetty-9.3.24.v20180605, build timestamp: 2018-06-05T17:11:56Z, git hash: 84205aa28f11a4f31f2a3b86d1bba2cc8ab69827
2019-07-16 15:43:36,122 INFO  handler.ContextHandler (ContextHandler.java:doStart(781)) - Started o.e.j.s.ServletContextHandler@4edef76c{/logs,file:///workdir/hadoop-ozone/integration-test/target/log,AVAILABLE}
2019-07-16 15:43:36,122 INFO  handler.ContextHandler (ContextHandler.java:doStart(781)) - Started o.e.j.s.ServletContextHandler@70c53dbe{/static,jar:file:/home/user/.m2/repository/org/apache/hadoop/hadoop-hdds-container-service/0.5.0-SNAPSHOT/hadoop-hdds-container-service-0.5.0-SNAPSHOT.jar!/webapps/static,AVAILABLE}
2019-07-16 15:43:36,158 INFO  handler.ContextHandler (ContextHandler.java:doStart(781)) - Started o.e.j.w.WebAppContext@14823f76{/,file:///tmp/jetty-0.0.0.0-37448-hddsDatanode-_-any-2832227156519737418.dir/webapp/,AVAILABLE}{/hddsDatanode}
2019-07-16 15:43:36,158 INFO  server.AbstractConnector (AbstractConnector.java:doStart(278)) - Started ServerConnector@6917bb4{HTTP/1.1,[http/1.1]}{0.0.0.0:37448}
2019-07-16 15:43:36,159 INFO  server.Server (Server.java:doStart(419)) - Started @5027ms
2019-07-16 15:43:36,160 INFO  server.BaseHttpServer (BaseHttpServer.java:updateConnectorAddress(207)) - HTTP server of HDDSDATANODE is listening at http://0.0.0.0:37448
2019-07-16 15:43:37,293 INFO  ozone.HddsDatanodeService (HddsDatanodeService.java:startPlugins(396)) - Started plug-in org.apache.hadoop.ozone.web.OzoneHddsDatanodeService@35dece42
2019-07-16 15:43:37,302 INFO  impl.MetricsSystemImpl (MetricsSystemImpl.java:init(158)) - HddsDatanode metrics system started (again)
2019-07-16 15:43:37,306 INFO  ozone.HddsDatanodeService (HddsDatanodeService.java:start(185)) - HddsDatanodeService host:trunk-nightly-kgw5x-1882989438 ip:192.168.69.88
2019-07-16 15:43:37,313 INFO  util.JvmPauseMonitor (JvmPauseMonitor.java:run(188)) - Starting JVM pause monitor
2019-07-16 15:43:37,322 INFO  volume.HddsVolume (HddsVolume.java:<init>(176)) - Creating Volume: /workdir/hadoop-ozone/integration-test/target/test-dir/MiniOzoneClusterImpl-a37badc0-ddfb-4ad1-afc9-d0670ad69bd3/datanode-1/data/containers/hdds of  storage type : DISK and capacity : 52710309888
2019-07-16 15:43:37,324 INFO  volume.VolumeSet (VolumeSet.java:initializeVolumeSet(170)) - Added Volume : /workdir/hadoop-ozone/integration-test/target/test-dir/MiniOzoneClusterImpl-a37badc0-ddfb-4ad1-afc9-d0670ad69bd3/datanode-1/data/containers/hdds to VolumeSet
2019-07-16 15:43:37,324 INFO  volume.ThrottledAsyncChecker (ThrottledAsyncChecker.java:schedule(140)) - Scheduling a check for org.apache.hadoop.ozone.container.common.volume.HddsVolume@160b4809
2019-07-16 15:43:37,326 INFO  volume.HddsVolumeChecker (HddsVolumeChecker.java:checkAllVolumes(203)) - Scheduled health check for volume org.apache.hadoop.ozone.container.common.volume.HddsVolume@160b4809
2019-07-16 15:43:37,358 INFO  impl.RaftServerProxy (ConfUtils.java:logGet(43)) - raft.rpc.type = GRPC (default)
2019-07-16 15:43:37,358 INFO  grpc.GrpcFactory (GrpcFactory.java:checkPooledByteBufAllocatorUseCacheForAllThreads(45)) - PERFORMANCE WARNING: useCacheForAllThreads is true that may cause Netty to create a lot garbage objects and, as a result, trigger GC.
	It is recommended to disable useCacheForAllThreads by setting -Dorg.apache.ratis.thirdparty.io.netty.allocator.useCacheForAllThreads=false in command line.
2019-07-16 15:43:37,358 INFO  grpc.GrpcConfigKeys$Server (ConfUtils.java:logGet(43)) - raft.grpc.server.port = 0 (default)
2019-07-16 15:43:37,359 INFO  server.GrpcService (ConfUtils.java:logGet(43)) - raft.grpc.message.size.max = 33570816 (custom)
2019-07-16 15:43:37,359 INFO  server.RaftServerConfigKeys (ConfUtils.java:logGet(43)) - raft.server.log.appender.buffer.byte-limit = 33554432 (custom)
2019-07-16 15:43:37,359 INFO  server.GrpcService (ConfUtils.java:logGet(43)) - raft.grpc.flow.control.window = 1MB (=1048576) (default)
2019-07-16 15:43:37,360 INFO  server.RaftServerConfigKeys (ConfUtils.java:logGet(43)) - raft.server.rpc.request.timeout = 3000ms (default)
2019-07-16 15:43:37,361 INFO  server.RaftServerConfigKeys (ConfUtils.java:logGet(43)) - raft.server.storage.dir = [/workdir/hadoop-ozone/integration-test/target/test-dir/MiniOzoneClusterImpl-a37badc0-ddfb-4ad1-afc9-d0670ad69bd3/datanode-1/data/ratis] (custom)
2019-07-16 15:43:37,362 INFO  replication.SimpleContainerDownloader (SimpleContainerDownloader.java:<init>(72)) - Starting container downloader service to copy containers to replicate.
2019-07-16 15:43:37,364 INFO  hdfs.DFSUtil (DFSUtil.java:httpServerTemplateForNNAndJN(1641)) - Starting Web-server for hddsDatanode at: http://0.0.0.0:0
2019-07-16 15:43:37,367 INFO  server.AuthenticationFilter (AuthenticationFilter.java:constructSecretProvider(240)) - Unable to initialize FileSignerSecretProvider, falling back to use random secrets.
2019-07-16 15:43:37,369 WARN  http.HttpRequestLog (HttpRequestLog.java:getRequestLog(97)) - Jetty request log can only be enabled using Log4j
2019-07-16 15:43:37,373 INFO  http.HttpServer2 (HttpServer2.java:addGlobalFilter(975)) - Added global filter 'safety' (class=org.apache.hadoop.http.HttpServer2$QuotingInputFilter)
2019-07-16 15:43:37,374 INFO  http.HttpServer2 (HttpServer2.java:addFilter(948)) - Added filter static_user_filter (class=org.apache.hadoop.http.lib.StaticUserWebFilter$StaticUserFilter) to context hddsDatanode
2019-07-16 15:43:37,374 INFO  http.HttpServer2 (HttpServer2.java:addFilter(958)) - Added filter static_user_filter (class=org.apache.hadoop.http.lib.StaticUserWebFilter$StaticUserFilter) to context static
2019-07-16 15:43:37,374 INFO  http.HttpServer2 (HttpServer2.java:addFilter(958)) - Added filter static_user_filter (class=org.apache.hadoop.http.lib.StaticUserWebFilter$StaticUserFilter) to context logs
2019-07-16 15:43:37,376 INFO  http.HttpServer2 (HttpServer2.java:bindListener(1191)) - Jetty bound to port 36696
2019-07-16 15:43:37,376 INFO  server.Server (Server.java:doStart(351)) - jetty-9.3.24.v20180605, build timestamp: 2018-06-05T17:11:56Z, git hash: 84205aa28f11a4f31f2a3b86d1bba2cc8ab69827
2019-07-16 15:43:37,380 INFO  handler.ContextHandler (ContextHandler.java:doStart(781)) - Started o.e.j.s.ServletContextHandler@3dce6dd8{/logs,file:///workdir/hadoop-ozone/integration-test/target/log,AVAILABLE}
2019-07-16 15:43:37,381 INFO  handler.ContextHandler (ContextHandler.java:doStart(781)) - Started o.e.j.s.ServletContextHandler@13803a94{/static,jar:file:/home/user/.m2/repository/org/apache/hadoop/hadoop-hdds-container-service/0.5.0-SNAPSHOT/hadoop-hdds-container-service-0.5.0-SNAPSHOT.jar!/webapps/static,AVAILABLE}
2019-07-16 15:43:37,427 INFO  handler.ContextHandler (ContextHandler.java:doStart(781)) - Started o.e.j.w.WebAppContext@16f0ec18{/,file:///tmp/jetty-0.0.0.0-36696-hddsDatanode-_-any-6475337459250306257.dir/webapp/,AVAILABLE}{/hddsDatanode}
2019-07-16 15:43:37,428 INFO  server.AbstractConnector (AbstractConnector.java:doStart(278)) - Started ServerConnector@6c977dcf{HTTP/1.1,[http/1.1]}{0.0.0.0:36696}
2019-07-16 15:43:37,429 INFO  server.Server (Server.java:doStart(419)) - Started @6297ms
2019-07-16 15:43:37,432 INFO  server.BaseHttpServer (BaseHttpServer.java:updateConnectorAddress(207)) - HTTP server of HDDSDATANODE is listening at http://0.0.0.0:36696
2019-07-16 15:43:37,466 INFO  datanode.InitDatanodeState (InitDatanodeState.java:persistContainerDatanodeDetails(140)) - DatanodeDetails is persisted to /workdir/hadoop-ozone/integration-test/target/test-dir/MiniOzoneClusterImpl-a37badc0-ddfb-4ad1-afc9-d0670ad69bd3/datanode-0/meta/datanode.id
2019-07-16 15:43:37,625 INFO  ozone.HddsDatanodeService (HddsDatanodeService.java:startPlugins(396)) - Started plug-in org.apache.hadoop.ozone.web.OzoneHddsDatanodeService@7135ce0a
2019-07-16 15:43:37,626 INFO  impl.MetricsSystemImpl (MetricsSystemImpl.java:init(158)) - HddsDatanode metrics system started (again)
2019-07-16 15:43:37,627 INFO  ozone.HddsDatanodeService (HddsDatanodeService.java:start(185)) - HddsDatanodeService host:trunk-nightly-kgw5x-1882989438 ip:192.168.69.88
2019-07-16 15:43:37,629 INFO  util.JvmPauseMonitor (JvmPauseMonitor.java:run(188)) - Starting JVM pause monitor
2019-07-16 15:43:37,639 INFO  volume.HddsVolume (HddsVolume.java:<init>(176)) - Creating Volume: /workdir/hadoop-ozone/integration-test/target/test-dir/MiniOzoneClusterImpl-a37badc0-ddfb-4ad1-afc9-d0670ad69bd3/datanode-2/data/containers/hdds of  storage type : DISK and capacity : 52710309888
2019-07-16 15:43:37,640 INFO  volume.VolumeSet (VolumeSet.java:initializeVolumeSet(170)) - Added Volume : /workdir/hadoop-ozone/integration-test/target/test-dir/MiniOzoneClusterImpl-a37badc0-ddfb-4ad1-afc9-d0670ad69bd3/datanode-2/data/containers/hdds to VolumeSet
2019-07-16 15:43:37,640 INFO  volume.ThrottledAsyncChecker (ThrottledAsyncChecker.java:schedule(140)) - Scheduling a check for org.apache.hadoop.ozone.container.common.volume.HddsVolume@2c18a3ea
2019-07-16 15:43:37,640 INFO  datanode.InitDatanodeState (InitDatanodeState.java:persistContainerDatanodeDetails(140)) - DatanodeDetails is persisted to /workdir/hadoop-ozone/integration-test/target/test-dir/MiniOzoneClusterImpl-a37badc0-ddfb-4ad1-afc9-d0670ad69bd3/datanode-1/meta/datanode.id
2019-07-16 15:43:37,641 INFO  volume.HddsVolumeChecker (HddsVolumeChecker.java:checkAllVolumes(203)) - Scheduled health check for volume org.apache.hadoop.ozone.container.common.volume.HddsVolume@2c18a3ea
2019-07-16 15:43:37,662 INFO  impl.RaftServerProxy (ConfUtils.java:logGet(43)) - raft.rpc.type = GRPC (default)
2019-07-16 15:43:37,662 INFO  grpc.GrpcFactory (GrpcFactory.java:checkPooledByteBufAllocatorUseCacheForAllThreads(45)) - PERFORMANCE WARNING: useCacheForAllThreads is true that may cause Netty to create a lot garbage objects and, as a result, trigger GC.
	It is recommended to disable useCacheForAllThreads by setting -Dorg.apache.ratis.thirdparty.io.netty.allocator.useCacheForAllThreads=false in command line.
2019-07-16 15:43:37,662 INFO  grpc.GrpcConfigKeys$Server (ConfUtils.java:logGet(43)) - raft.grpc.server.port = 0 (default)
2019-07-16 15:43:37,663 INFO  server.GrpcService (ConfUtils.java:logGet(43)) - raft.grpc.message.size.max = 33570816 (custom)
2019-07-16 15:43:37,663 INFO  server.RaftServerConfigKeys (ConfUtils.java:logGet(43)) - raft.server.log.appender.buffer.byte-limit = 33554432 (custom)
2019-07-16 15:43:37,663 INFO  server.GrpcService (ConfUtils.java:logGet(43)) - raft.grpc.flow.control.window = 1MB (=1048576) (default)
2019-07-16 15:43:37,663 INFO  server.RaftServerConfigKeys (ConfUtils.java:logGet(43)) - raft.server.rpc.request.timeout = 3000ms (default)
2019-07-16 15:43:37,664 INFO  server.RaftServerConfigKeys (ConfUtils.java:logGet(43)) - raft.server.storage.dir = [/workdir/hadoop-ozone/integration-test/target/test-dir/MiniOzoneClusterImpl-a37badc0-ddfb-4ad1-afc9-d0670ad69bd3/datanode-2/data/ratis] (custom)
2019-07-16 15:43:37,665 INFO  replication.SimpleContainerDownloader (SimpleContainerDownloader.java:<init>(72)) - Starting container downloader service to copy containers to replicate.
2019-07-16 15:43:37,667 INFO  hdfs.DFSUtil (DFSUtil.java:httpServerTemplateForNNAndJN(1641)) - Starting Web-server for hddsDatanode at: http://0.0.0.0:0
2019-07-16 15:43:37,669 INFO  server.AuthenticationFilter (AuthenticationFilter.java:constructSecretProvider(240)) - Unable to initialize FileSignerSecretProvider, falling back to use random secrets.
2019-07-16 15:43:37,670 WARN  http.HttpRequestLog (HttpRequestLog.java:getRequestLog(97)) - Jetty request log can only be enabled using Log4j
2019-07-16 15:43:37,672 INFO  http.HttpServer2 (HttpServer2.java:addGlobalFilter(975)) - Added global filter 'safety' (class=org.apache.hadoop.http.HttpServer2$QuotingInputFilter)
2019-07-16 15:43:37,673 INFO  http.HttpServer2 (HttpServer2.java:addFilter(948)) - Added filter static_user_filter (class=org.apache.hadoop.http.lib.StaticUserWebFilter$StaticUserFilter) to context hddsDatanode
2019-07-16 15:43:37,673 INFO  http.HttpServer2 (HttpServer2.java:addFilter(958)) - Added filter static_user_filter (class=org.apache.hadoop.http.lib.StaticUserWebFilter$StaticUserFilter) to context static
2019-07-16 15:43:37,674 INFO  http.HttpServer2 (HttpServer2.java:addFilter(958)) - Added filter static_user_filter (class=org.apache.hadoop.http.lib.StaticUserWebFilter$StaticUserFilter) to context logs
2019-07-16 15:43:37,675 INFO  http.HttpServer2 (HttpServer2.java:bindListener(1191)) - Jetty bound to port 37466
2019-07-16 15:43:37,675 INFO  server.Server (Server.java:doStart(351)) - jetty-9.3.24.v20180605, build timestamp: 2018-06-05T17:11:56Z, git hash: 84205aa28f11a4f31f2a3b86d1bba2cc8ab69827
2019-07-16 15:43:37,682 INFO  handler.ContextHandler (ContextHandler.java:doStart(781)) - Started o.e.j.s.ServletContextHandler@37c5284a{/logs,file:///workdir/hadoop-ozone/integration-test/target/log,AVAILABLE}
2019-07-16 15:43:37,682 INFO  handler.ContextHandler (ContextHandler.java:doStart(781)) - Started o.e.j.s.ServletContextHandler@7aaad0{/static,jar:file:/home/user/.m2/repository/org/apache/hadoop/hadoop-hdds-container-service/0.5.0-SNAPSHOT/hadoop-hdds-container-service-0.5.0-SNAPSHOT.jar!/webapps/static,AVAILABLE}
2019-07-16 15:43:37,723 INFO  handler.ContextHandler (ContextHandler.java:doStart(781)) - Started o.e.j.w.WebAppContext@38fb50f8{/,file:///tmp/jetty-0.0.0.0-37466-hddsDatanode-_-any-6809820071896205575.dir/webapp/,AVAILABLE}{/hddsDatanode}
2019-07-16 15:43:37,723 INFO  server.AbstractConnector (AbstractConnector.java:doStart(278)) - Started ServerConnector@7ab802f4{HTTP/1.1,[http/1.1]}{0.0.0.0:37466}
2019-07-16 15:43:37,724 INFO  server.Server (Server.java:doStart(419)) - Started @6592ms
2019-07-16 15:43:37,726 INFO  server.BaseHttpServer (BaseHttpServer.java:updateConnectorAddress(207)) - HTTP server of HDDSDATANODE is listening at http://0.0.0.0:37466
2019-07-16 15:43:37,893 INFO  ozone.HddsDatanodeService (HddsDatanodeService.java:startPlugins(396)) - Started plug-in org.apache.hadoop.ozone.web.OzoneHddsDatanodeService@4b87760e
2019-07-16 15:43:37,896 INFO  ozone.MiniOzoneClusterImpl (MiniOzoneClusterImpl.java:lambda$waitForClusterToBeReady$0(142)) - Waiting for cluster to be ready. Got 0 of 3 DN Heartbeats.
2019-07-16 15:43:37,898 INFO  util.JvmPauseMonitor (JvmPauseMonitor.java:run(188)) - Starting JVM pause monitor
2019-07-16 15:43:37,900 INFO  datanode.InitDatanodeState (InitDatanodeState.java:persistContainerDatanodeDetails(140)) - DatanodeDetails is persisted to /workdir/hadoop-ozone/integration-test/target/test-dir/MiniOzoneClusterImpl-a37badc0-ddfb-4ad1-afc9-d0670ad69bd3/datanode-2/meta/datanode.id
2019-07-16 15:43:38,896 INFO  ozone.MiniOzoneClusterImpl (MiniOzoneClusterImpl.java:lambda$waitForClusterToBeReady$0(142)) - Waiting for cluster to be ready. Got 0 of 3 DN Heartbeats.
2019-07-16 15:43:39,382 INFO  ozoneimpl.OzoneContainer (OzoneContainer.java:start(186)) - Attempting to start container services.
2019-07-16 15:43:39,384 INFO  ozoneimpl.OzoneContainer (OzoneContainer.java:startContainerScrub(160)) - Background container scrubber has been disabled by hdds.containerscrub.enabled
2019-07-16 15:43:39,384 INFO  ratis.XceiverServerRatis (XceiverServerRatis.java:start(418)) - Starting XceiverServerRatis 469381b4-877a-432e-ae04-240e5f3048f7 at port 0
2019-07-16 15:43:39,412 INFO  impl.RaftServerProxy (RaftServerProxy.java:lambda$start$3(299)) - 469381b4-877a-432e-ae04-240e5f3048f7: start RPC server
2019-07-16 15:43:39,538 INFO  server.GrpcService (GrpcService.java:startImpl(149)) - 469381b4-877a-432e-ae04-240e5f3048f7: GrpcService started, listening on 0.0.0.0/0.0.0.0:43745
2019-07-16 15:43:39,539 INFO  ratis.XceiverServerRatis (XceiverServerRatis.java:start(428)) - XceiverServerRatis 469381b4-877a-432e-ae04-240e5f3048f7 is started using port 43745
2019-07-16 15:43:39,542 INFO  server.XceiverServerGrpc (XceiverServerGrpc.java:start(161)) - XceiverServerGrpc 469381b4-877a-432e-ae04-240e5f3048f7 is started using port 36555
2019-07-16 15:43:39,645 INFO  ozoneimpl.OzoneContainer (OzoneContainer.java:start(186)) - Attempting to start container services.
2019-07-16 15:43:39,648 INFO  ozoneimpl.OzoneContainer (OzoneContainer.java:startContainerScrub(160)) - Background container scrubber has been disabled by hdds.containerscrub.enabled
2019-07-16 15:43:39,649 INFO  ratis.XceiverServerRatis (XceiverServerRatis.java:start(418)) - Starting XceiverServerRatis ce59b7cc-bc3c-4df4-8e12-25ad17623547 at port 0
2019-07-16 15:43:39,662 INFO  impl.RaftServerProxy (RaftServerProxy.java:lambda$start$3(299)) - ce59b7cc-bc3c-4df4-8e12-25ad17623547: start RPC server
2019-07-16 15:43:39,666 INFO  server.GrpcService (GrpcService.java:startImpl(149)) - ce59b7cc-bc3c-4df4-8e12-25ad17623547: GrpcService started, listening on 0.0.0.0/0.0.0.0:40955
2019-07-16 15:43:39,666 INFO  ratis.XceiverServerRatis (XceiverServerRatis.java:start(428)) - XceiverServerRatis ce59b7cc-bc3c-4df4-8e12-25ad17623547 is started using port 40955
2019-07-16 15:43:39,668 INFO  server.XceiverServerGrpc (XceiverServerGrpc.java:start(161)) - XceiverServerGrpc ce59b7cc-bc3c-4df4-8e12-25ad17623547 is started using port 39970
2019-07-16 15:43:39,897 INFO  ozone.MiniOzoneClusterImpl (MiniOzoneClusterImpl.java:lambda$waitForClusterToBeReady$0(142)) - Waiting for cluster to be ready. Got 0 of 3 DN Heartbeats.
2019-07-16 15:43:39,929 INFO  ozoneimpl.OzoneContainer (OzoneContainer.java:start(186)) - Attempting to start container services.
2019-07-16 15:43:39,931 INFO  ozoneimpl.OzoneContainer (OzoneContainer.java:startContainerScrub(160)) - Background container scrubber has been disabled by hdds.containerscrub.enabled
2019-07-16 15:43:39,931 INFO  ratis.XceiverServerRatis (XceiverServerRatis.java:start(418)) - Starting XceiverServerRatis bfb89a05-faf5-41fb-8b68-c57bc4bc9197 at port 0
2019-07-16 15:43:39,948 INFO  impl.RaftServerProxy (RaftServerProxy.java:lambda$start$3(299)) - bfb89a05-faf5-41fb-8b68-c57bc4bc9197: start RPC server
2019-07-16 15:43:39,951 INFO  server.GrpcService (GrpcService.java:startImpl(149)) - bfb89a05-faf5-41fb-8b68-c57bc4bc9197: GrpcService started, listening on 0.0.0.0/0.0.0.0:36912
2019-07-16 15:43:39,951 INFO  ratis.XceiverServerRatis (XceiverServerRatis.java:start(428)) - XceiverServerRatis bfb89a05-faf5-41fb-8b68-c57bc4bc9197 is started using port 36912
2019-07-16 15:43:39,954 INFO  server.XceiverServerGrpc (XceiverServerGrpc.java:start(161)) - XceiverServerGrpc bfb89a05-faf5-41fb-8b68-c57bc4bc9197 is started using port 38271
2019-07-16 15:43:40,898 INFO  ozone.MiniOzoneClusterImpl (MiniOzoneClusterImpl.java:lambda$waitForClusterToBeReady$0(142)) - Waiting for cluster to be ready. Got 0 of 3 DN Heartbeats.
2019-07-16 15:43:41,362 INFO  net.NetworkTopology (NetworkTopologyImpl.java:add(110)) - Added a new node: /default-rack/192.168.69.88
2019-07-16 15:43:41,363 INFO  node.SCMNodeManager (SCMNodeManager.java:register(269)) - Registered Data node : 469381b4-877a-432e-ae04-240e5f3048f7{ip: 192.168.69.88, host: trunk-nightly-kgw5x-1882989438, networkLocation: /default-rack, certSerialId: null}
2019-07-16 15:43:41,369 INFO  safemode.SCMSafeModeManager (DataNodeSafeModeRule.java:process(71)) - SCM in safe mode. 1 DataNodes registered, 1 required.
2019-07-16 15:43:41,369 INFO  safemode.SCMSafeModeManager (SCMSafeModeManager.java:validateSafeModeExitRules(177)) - ScmSafeModeManager, all rules are successfully validated
2019-07-16 15:43:41,369 INFO  safemode.SCMSafeModeManager (SCMSafeModeManager.java:exitSafeMode(193)) - SCM exiting safe mode.
2019-07-16 15:43:41,637 INFO  node.SCMNodeManager (SCMNodeManager.java:register(269)) - Registered Data node : ce59b7cc-bc3c-4df4-8e12-25ad17623547{ip: 192.168.69.88, host: trunk-nightly-kgw5x-1882989438, networkLocation: /default-rack, certSerialId: null}
2019-07-16 15:43:41,899 INFO  ozone.MiniOzoneClusterImpl (MiniOzoneClusterImpl.java:lambda$waitForClusterToBeReady$0(142)) - Waiting for cluster to be ready. Got 2 of 3 DN Heartbeats.
2019-07-16 15:43:41,904 INFO  node.SCMNodeManager (SCMNodeManager.java:register(269)) - Registered Data node : bfb89a05-faf5-41fb-8b68-c57bc4bc9197{ip: 192.168.69.88, host: trunk-nightly-kgw5x-1882989438, networkLocation: /default-rack, certSerialId: null}
2019-07-16 15:43:41,938 INFO  impl.RaftServerProxy (RaftServerProxy.java:addNew(89)) - 469381b4-877a-432e-ae04-240e5f3048f7: addNew group-F190546D5246:[469381b4-877a-432e-ae04-240e5f3048f7:192.168.69.88:43745] returns group-F190546D5246:java.util.concurrent.CompletableFuture@2b631f4d[Not completed]
2019-07-16 15:43:41,955 INFO  impl.RaftServerImpl (RaftServerImpl.java:<init>(93)) - 469381b4-877a-432e-ae04-240e5f3048f7: new RaftServerImpl for group-F190546D5246:[469381b4-877a-432e-ae04-240e5f3048f7:192.168.69.88:43745] with ContainerStateMachine:uninitialized
2019-07-16 15:43:41,958 INFO  server.RaftServerConfigKeys (ConfUtils.java:logGet(43)) - raft.server.rpc.timeout.min = 5s (custom)
2019-07-16 15:43:41,959 INFO  server.RaftServerConfigKeys (ConfUtils.java:logGet(43)) - raft.server.rpc.timeout.max = 5200ms (custom)
2019-07-16 15:43:41,960 INFO  server.RaftServerConfigKeys (ConfUtils.java:logGet(43)) - raft.server.rpcslowness.timeout = 120s (custom)
2019-07-16 15:43:41,961 INFO  server.RaftServerConfigKeys (ConfUtils.java:logGet(43)) - raft.server.sleep.deviation.threshold = 300 (default)
2019-07-16 15:43:41,962 INFO  server.RaftServerConfigKeys (ConfUtils.java:logGet(43)) - raft.server.log.appender.install.snapshot.enabled = false (custom)
2019-07-16 15:43:41,971 INFO  impl.RaftServerImpl (ServerState.java:<init>(105)) - 469381b4-877a-432e-ae04-240e5f3048f7:group-F190546D5246 ConfigurationManager, init=-1: [469381b4-877a-432e-ae04-240e5f3048f7:192.168.69.88:43745], old=null, confs=<EMPTY_MAP>
2019-07-16 15:43:41,972 INFO  server.RaftServerConfigKeys (ConfUtils.java:logGet(43)) - raft.server.storage.dir = [/workdir/hadoop-ozone/integration-test/target/test-dir/MiniOzoneClusterImpl-a37badc0-ddfb-4ad1-afc9-d0670ad69bd3/datanode-0/data/ratis] (custom)
2019-07-16 15:43:41,981 INFO  storage.RaftStorageDirectory (RaftStorageDirectory.java:analyzeStorage(246)) - The storage directory /workdir/hadoop-ozone/integration-test/target/test-dir/MiniOzoneClusterImpl-a37badc0-ddfb-4ad1-afc9-d0670ad69bd3/datanode-0/data/ratis/e90a4a50-1110-42e6-931e-f190546d5246 does not exist. Creating ...
2019-07-16 15:43:42,012 INFO  storage.RaftStorageDirectory (RaftStorageDirectory.java:tryLock(328)) - Lock on /workdir/hadoop-ozone/integration-test/target/test-dir/MiniOzoneClusterImpl-a37badc0-ddfb-4ad1-afc9-d0670ad69bd3/datanode-0/data/ratis/e90a4a50-1110-42e6-931e-f190546d5246/in_use.lock acquired by nodename 30987@trunk-nightly-kgw5x-1882989438
2019-07-16 15:43:42,039 INFO  storage.RaftStorage (RaftStorage.java:format(72)) - Storage directory /workdir/hadoop-ozone/integration-test/target/test-dir/MiniOzoneClusterImpl-a37badc0-ddfb-4ad1-afc9-d0670ad69bd3/datanode-0/data/ratis/e90a4a50-1110-42e6-931e-f190546d5246 has been successfully formatted.
2019-07-16 15:43:42,042 INFO  ratis.ContainerStateMachine (ContainerStateMachine.java:loadSnapshot(200)) - group-F190546D5246: The snapshot info is null. Setting the last applied indexto:(t:0, i:~)
2019-07-16 15:43:42,043 INFO  server.RaftServerConfigKeys (ConfUtils.java:logGet(43)) - raft.server.leader.election.timeout = 120s (custom)
2019-07-16 15:43:42,046 INFO  server.RaftServerConfigKeys (ConfUtils.java:logGet(43)) - raft.server.log.use.memory = false (default)
2019-07-16 15:43:42,410 INFO  server.RaftServerConfigKeys (ConfUtils.java:logGet(43)) - raft.server.log.purge.gap = 1000000000 (custom)
2019-07-16 15:43:42,412 INFO  server.RaftServerConfigKeys (ConfUtils.java:logGet(43)) - raft.server.log.appender.buffer.byte-limit = 33554432 (custom)
2019-07-16 15:43:42,415 INFO  server.RaftServerConfigKeys (ConfUtils.java:logGet(43)) - raft.server.log.segment.size.max = 1048576 (custom)
2019-07-16 15:43:42,441 INFO  server.RaftServerConfigKeys (ConfUtils.java:logGet(43)) - raft.server.log.segment.cache.num.max = 2 (custom)
2019-07-16 15:43:42,449 INFO  segmented.SegmentedRaftLogWorker (SegmentedRaftLogWorker.java:<init>(172)) - new 469381b4-877a-432e-ae04-240e5f3048f7-SegmentedRaftLogWorker:Storage Directory /workdir/hadoop-ozone/integration-test/target/test-dir/MiniOzoneClusterImpl-a37badc0-ddfb-4ad1-afc9-d0670ad69bd3/datanode-0/data/ratis/e90a4a50-1110-42e6-931e-f190546d5246 for RaftStorage:Storage Directory /workdir/hadoop-ozone/integration-test/target/test-dir/MiniOzoneClusterImpl-a37badc0-ddfb-4ad1-afc9-d0670ad69bd3/datanode-0/data/ratis/e90a4a50-1110-42e6-931e-f190546d5246
2019-07-16 15:43:42,466 INFO  server.RaftServerConfigKeys (ConfUtils.java:logGet(43)) - raft.server.log.queue.byte-limit = 2147483647 (custom)
2019-07-16 15:43:42,467 INFO  server.RaftServerConfigKeys (ConfUtils.java:logGet(43)) - raft.server.log.queue.element-limit = 1024 (custom)
2019-07-16 15:43:42,473 INFO  server.RaftServerConfigKeys (ConfUtils.java:logGet(43)) - raft.server.log.segment.size.max = 1048576 (custom)
2019-07-16 15:43:42,474 INFO  server.RaftServerConfigKeys (ConfUtils.java:logGet(43)) - raft.server.log.preallocated.size = 16384 (custom)
2019-07-16 15:43:42,475 INFO  server.RaftServerConfigKeys (ConfUtils.java:logGet(43)) - raft.server.log.write.buffer.size = 33554432 (custom)
2019-07-16 15:43:42,475 INFO  server.RaftServerConfigKeys (ConfUtils.java:logGet(43)) - raft.server.log.force.sync.num = 128 (default)
2019-07-16 15:43:42,477 INFO  server.RaftServerConfigKeys (ConfUtils.java:logGet(43)) - raft.server.log.statemachine.data.sync = true (default)
2019-07-16 15:43:42,477 INFO  server.RaftServerConfigKeys (ConfUtils.java:logGet(43)) - raft.server.log.statemachine.data.sync.timeout = 10s (default)
2019-07-16 15:43:42,478 INFO  server.RaftServerConfigKeys (ConfUtils.java:logGet(43)) - raft.server.log.statemachine.data.sync.timeout.retry = -1 (default)
2019-07-16 15:43:42,488 INFO  server.RaftServerConfigKeys (ConfUtils.java:logGet(43)) - raft.server.log.statemachine.data.caching.enabled = true (custom)
2019-07-16 15:43:42,494 INFO  segmented.SegmentedRaftLogWorker (SegmentedRaftLogWorker.java:lambda$new$0(132)) - 469381b4-877a-432e-ae04-240e5f3048f7-SegmentedRaftLogWorker:Storage Directory /workdir/hadoop-ozone/integration-test/target/test-dir/MiniOzoneClusterImpl-a37badc0-ddfb-4ad1-afc9-d0670ad69bd3/datanode-0/data/ratis/e90a4a50-1110-42e6-931e-f190546d5246: flushIndex: setUnconditionally 0 -> -1
2019-07-16 15:43:42,499 INFO  server.RaftServerConfigKeys (ConfUtils.java:logGet(43)) - raft.server.snapshot.auto.trigger.enabled = true (custom)
2019-07-16 15:43:42,500 INFO  server.RaftServerConfigKeys (ConfUtils.java:logGet(43)) - raft.server.snapshot.auto.trigger.threshold = 10000 (custom)
2019-07-16 15:43:42,501 INFO  server.RaftServerConfigKeys (ConfUtils.java:logGet(43)) - raft.server.retrycache.expirytime = 600000ms (custom)
2019-07-16 15:43:42,524 INFO  impl.RaftServerImpl (RaftServerImpl.java:start(180)) - 469381b4-877a-432e-ae04-240e5f3048f7: start group-F190546D5246
2019-07-16 15:43:42,525 INFO  impl.RaftServerImpl (RaftServerImpl.java:setRole(171)) - 469381b4-877a-432e-ae04-240e5f3048f7:group-F190546D5246 changes role from null to FOLLOWER at term 0 for startAsFollower
2019-07-16 15:43:42,526 INFO  impl.RoleInfo (RoleInfo.java:updateAndGet(143)) - 469381b4-877a-432e-ae04-240e5f3048f7: start FollowerState
2019-07-16 15:43:42,528 INFO  util.JmxRegister (JmxRegister.java:tryRegister(44)) - Successfully registered JMX Bean with object name Ratis:service=RaftServer,group=group-F190546D5246,id=469381b4-877a-432e-ae04-240e5f3048f7
2019-07-16 15:43:42,591 INFO  pipeline.PipelineStateManager (PipelineStateManager.java:addPipeline(56)) - Created pipeline Pipeline[ Id: e90a4a50-1110-42e6-931e-f190546d5246, Nodes: 469381b4-877a-432e-ae04-240e5f3048f7{ip: 192.168.69.88, host: trunk-nightly-kgw5x-1882989438, networkLocation: /default-rack, certSerialId: null}, Type:RATIS, Factor:ONE, State:OPEN]
2019-07-16 15:43:42,617 INFO  impl.RaftServerProxy (RaftServerProxy.java:addNew(89)) - ce59b7cc-bc3c-4df4-8e12-25ad17623547: addNew group-0CD7AA2A3CD5:[ce59b7cc-bc3c-4df4-8e12-25ad17623547:192.168.69.88:40955] returns group-0CD7AA2A3CD5:java.util.concurrent.CompletableFuture@6d7485a7[Not completed]
2019-07-16 15:43:42,655 INFO  impl.RaftServerImpl (RaftServerImpl.java:<init>(93)) - ce59b7cc-bc3c-4df4-8e12-25ad17623547: new RaftServerImpl for group-0CD7AA2A3CD5:[ce59b7cc-bc3c-4df4-8e12-25ad17623547:192.168.69.88:40955] with ContainerStateMachine:uninitialized
2019-07-16 15:43:42,661 INFO  server.RaftServerConfigKeys (ConfUtils.java:logGet(43)) - raft.server.rpc.timeout.min = 5s (custom)
2019-07-16 15:43:42,662 INFO  server.RaftServerConfigKeys (ConfUtils.java:logGet(43)) - raft.server.rpc.timeout.max = 5200ms (custom)
2019-07-16 15:43:42,663 INFO  server.RaftServerConfigKeys (ConfUtils.java:logGet(43)) - raft.server.rpcslowness.timeout = 120s (custom)
2019-07-16 15:43:42,663 INFO  server.RaftServerConfigKeys (ConfUtils.java:logGet(43)) - raft.server.sleep.deviation.threshold = 300 (default)
2019-07-16 15:43:42,663 INFO  server.RaftServerConfigKeys (ConfUtils.java:logGet(43)) - raft.server.log.appender.install.snapshot.enabled = false (custom)
2019-07-16 15:43:42,663 INFO  impl.RaftServerImpl (ServerState.java:<init>(105)) - ce59b7cc-bc3c-4df4-8e12-25ad17623547:group-0CD7AA2A3CD5 ConfigurationManager, init=-1: [ce59b7cc-bc3c-4df4-8e12-25ad17623547:192.168.69.88:40955], old=null, confs=<EMPTY_MAP>
2019-07-16 15:43:42,664 INFO  server.RaftServerConfigKeys (ConfUtils.java:logGet(43)) - raft.server.storage.dir = [/workdir/hadoop-ozone/integration-test/target/test-dir/MiniOzoneClusterImpl-a37badc0-ddfb-4ad1-afc9-d0670ad69bd3/datanode-1/data/ratis] (custom)
2019-07-16 15:43:42,665 INFO  storage.RaftStorageDirectory (RaftStorageDirectory.java:analyzeStorage(246)) - The storage directory /workdir/hadoop-ozone/integration-test/target/test-dir/MiniOzoneClusterImpl-a37badc0-ddfb-4ad1-afc9-d0670ad69bd3/datanode-1/data/ratis/3c36321d-61cf-4582-93bd-0cd7aa2a3cd5 does not exist. Creating ...
2019-07-16 15:43:42,678 INFO  storage.RaftStorageDirectory (RaftStorageDirectory.java:tryLock(328)) - Lock on /workdir/hadoop-ozone/integration-test/target/test-dir/MiniOzoneClusterImpl-a37badc0-ddfb-4ad1-afc9-d0670ad69bd3/datanode-1/data/ratis/3c36321d-61cf-4582-93bd-0cd7aa2a3cd5/in_use.lock acquired by nodename 30987@trunk-nightly-kgw5x-1882989438
2019-07-16 15:43:42,692 INFO  storage.RaftStorage (RaftStorage.java:format(72)) - Storage directory /workdir/hadoop-ozone/integration-test/target/test-dir/MiniOzoneClusterImpl-a37badc0-ddfb-4ad1-afc9-d0670ad69bd3/datanode-1/data/ratis/3c36321d-61cf-4582-93bd-0cd7aa2a3cd5 has been successfully formatted.
2019-07-16 15:43:42,693 INFO  ratis.ContainerStateMachine (ContainerStateMachine.java:loadSnapshot(200)) - group-0CD7AA2A3CD5: The snapshot info is null. Setting the last applied indexto:(t:0, i:~)
2019-07-16 15:43:42,694 INFO  server.RaftServerConfigKeys (ConfUtils.java:logGet(43)) - raft.server.leader.election.timeout = 120s (custom)
2019-07-16 15:43:42,694 INFO  server.RaftServerConfigKeys (ConfUtils.java:logGet(43)) - raft.server.log.use.memory = false (default)
2019-07-16 15:43:42,695 INFO  server.RaftServerConfigKeys (ConfUtils.java:logGet(43)) - raft.server.log.purge.gap = 1000000000 (custom)
2019-07-16 15:43:42,695 INFO  server.RaftServerConfigKeys (ConfUtils.java:logGet(43)) - raft.server.log.appender.buffer.byte-limit = 33554432 (custom)
2019-07-16 15:43:42,695 INFO  server.RaftServerConfigKeys (ConfUtils.java:logGet(43)) - raft.server.log.segment.size.max = 1048576 (custom)
2019-07-16 15:43:42,696 INFO  server.RaftServerConfigKeys (ConfUtils.java:logGet(43)) - raft.server.log.segment.cache.num.max = 2 (custom)
2019-07-16 15:43:42,696 INFO  segmented.SegmentedRaftLogWorker (SegmentedRaftLogWorker.java:<init>(172)) - new ce59b7cc-bc3c-4df4-8e12-25ad17623547-SegmentedRaftLogWorker:Storage Directory /workdir/hadoop-ozone/integration-test/target/test-dir/MiniOzoneClusterImpl-a37badc0-ddfb-4ad1-afc9-d0670ad69bd3/datanode-1/data/ratis/3c36321d-61cf-4582-93bd-0cd7aa2a3cd5 for RaftStorage:Storage Directory /workdir/hadoop-ozone/integration-test/target/test-dir/MiniOzoneClusterImpl-a37badc0-ddfb-4ad1-afc9-d0670ad69bd3/datanode-1/data/ratis/3c36321d-61cf-4582-93bd-0cd7aa2a3cd5
2019-07-16 15:43:42,697 INFO  server.RaftServerConfigKeys (ConfUtils.java:logGet(43)) - raft.server.log.queue.byte-limit = 2147483647 (custom)
2019-07-16 15:43:42,697 INFO  server.RaftServerConfigKeys (ConfUtils.java:logGet(43)) - raft.server.log.queue.element-limit = 1024 (custom)
2019-07-16 15:43:42,698 INFO  server.RaftServerConfigKeys (ConfUtils.java:logGet(43)) - raft.server.log.segment.size.max = 1048576 (custom)
2019-07-16 15:43:42,698 INFO  server.RaftServerConfigKeys (ConfUtils.java:logGet(43)) - raft.server.log.preallocated.size = 16384 (custom)
2019-07-16 15:43:42,698 INFO  server.RaftServerConfigKeys (ConfUtils.java:logGet(43)) - raft.server.log.write.buffer.size = 33554432 (custom)
2019-07-16 15:43:42,698 INFO  server.RaftServerConfigKeys (ConfUtils.java:logGet(43)) - raft.server.log.force.sync.num = 128 (default)
2019-07-16 15:43:42,698 INFO  server.RaftServerConfigKeys (ConfUtils.java:logGet(43)) - raft.server.log.statemachine.data.sync = true (default)
2019-07-16 15:43:42,699 INFO  server.RaftServerConfigKeys (ConfUtils.java:logGet(43)) - raft.server.log.statemachine.data.sync.timeout = 10s (default)
2019-07-16 15:43:42,699 INFO  server.RaftServerConfigKeys (ConfUtils.java:logGet(43)) - raft.server.log.statemachine.data.sync.timeout.retry = -1 (default)
2019-07-16 15:43:42,699 INFO  server.RaftServerConfigKeys (ConfUtils.java:logGet(43)) - raft.server.log.statemachine.data.caching.enabled = true (custom)
2019-07-16 15:43:42,700 INFO  segmented.SegmentedRaftLogWorker (SegmentedRaftLogWorker.java:lambda$new$0(132)) - ce59b7cc-bc3c-4df4-8e12-25ad17623547-SegmentedRaftLogWorker:Storage Directory /workdir/hadoop-ozone/integration-test/target/test-dir/MiniOzoneClusterImpl-a37badc0-ddfb-4ad1-afc9-d0670ad69bd3/datanode-1/data/ratis/3c36321d-61cf-4582-93bd-0cd7aa2a3cd5: flushIndex: setUnconditionally 0 -> -1
2019-07-16 15:43:42,700 INFO  server.RaftServerConfigKeys (ConfUtils.java:logGet(43)) - raft.server.snapshot.auto.trigger.enabled = true (custom)
2019-07-16 15:43:42,701 INFO  server.RaftServerConfigKeys (ConfUtils.java:logGet(43)) - raft.server.snapshot.auto.trigger.threshold = 10000 (custom)
2019-07-16 15:43:42,701 INFO  server.RaftServerConfigKeys (ConfUtils.java:logGet(43)) - raft.server.retrycache.expirytime = 600000ms (custom)
2019-07-16 15:43:42,701 INFO  impl.RaftServerImpl (RaftServerImpl.java:start(180)) - ce59b7cc-bc3c-4df4-8e12-25ad17623547: start group-0CD7AA2A3CD5
2019-07-16 15:43:42,701 INFO  impl.RaftServerImpl (RaftServerImpl.java:setRole(171)) - ce59b7cc-bc3c-4df4-8e12-25ad17623547:group-0CD7AA2A3CD5 changes role from null to FOLLOWER at term 0 for startAsFollower
2019-07-16 15:43:42,702 INFO  impl.RoleInfo (RoleInfo.java:updateAndGet(143)) - ce59b7cc-bc3c-4df4-8e12-25ad17623547: start FollowerState
2019-07-16 15:43:42,703 INFO  util.JmxRegister (JmxRegister.java:tryRegister(44)) - Successfully registered JMX Bean with object name Ratis:service=RaftServer,group=group-0CD7AA2A3CD5,id=ce59b7cc-bc3c-4df4-8e12-25ad17623547
2019-07-16 15:43:42,717 INFO  pipeline.PipelineStateManager (PipelineStateManager.java:addPipeline(56)) - Created pipeline Pipeline[ Id: 3c36321d-61cf-4582-93bd-0cd7aa2a3cd5, Nodes: ce59b7cc-bc3c-4df4-8e12-25ad17623547{ip: 192.168.69.88, host: trunk-nightly-kgw5x-1882989438, networkLocation: /default-rack, certSerialId: null}, Type:RATIS, Factor:ONE, State:OPEN]
2019-07-16 15:43:42,736 INFO  impl.RaftServerProxy (RaftServerProxy.java:addNew(89)) - bfb89a05-faf5-41fb-8b68-c57bc4bc9197: addNew group-7C4959342184:[bfb89a05-faf5-41fb-8b68-c57bc4bc9197:192.168.69.88:36912] returns group-7C4959342184:java.util.concurrent.CompletableFuture@268856e0[Not completed]
2019-07-16 15:43:42,742 INFO  impl.RaftServerImpl (RaftServerImpl.java:<init>(93)) - bfb89a05-faf5-41fb-8b68-c57bc4bc9197: new RaftServerImpl for group-7C4959342184:[bfb89a05-faf5-41fb-8b68-c57bc4bc9197:192.168.69.88:36912] with ContainerStateMachine:uninitialized
2019-07-16 15:43:42,743 INFO  server.RaftServerConfigKeys (ConfUtils.java:logGet(43)) - raft.server.rpc.timeout.min = 5s (custom)
2019-07-16 15:43:42,744 INFO  server.RaftServerConfigKeys (ConfUtils.java:logGet(43)) - raft.server.rpc.timeout.max = 5200ms (custom)
2019-07-16 15:43:42,744 INFO  server.RaftServerConfigKeys (ConfUtils.java:logGet(43)) - raft.server.rpcslowness.timeout = 120s (custom)
2019-07-16 15:43:42,744 INFO  server.RaftServerConfigKeys (ConfUtils.java:logGet(43)) - raft.server.sleep.deviation.threshold = 300 (default)
2019-07-16 15:43:42,744 INFO  server.RaftServerConfigKeys (ConfUtils.java:logGet(43)) - raft.server.log.appender.install.snapshot.enabled = false (custom)
2019-07-16 15:43:42,744 INFO  impl.RaftServerImpl (ServerState.java:<init>(105)) - bfb89a05-faf5-41fb-8b68-c57bc4bc9197:group-7C4959342184 ConfigurationManager, init=-1: [bfb89a05-faf5-41fb-8b68-c57bc4bc9197:192.168.69.88:36912], old=null, confs=<EMPTY_MAP>
2019-07-16 15:43:42,745 INFO  server.RaftServerConfigKeys (ConfUtils.java:logGet(43)) - raft.server.storage.dir = [/workdir/hadoop-ozone/integration-test/target/test-dir/MiniOzoneClusterImpl-a37badc0-ddfb-4ad1-afc9-d0670ad69bd3/datanode-2/data/ratis] (custom)
2019-07-16 15:43:42,745 INFO  storage.RaftStorageDirectory (RaftStorageDirectory.java:analyzeStorage(246)) - The storage directory /workdir/hadoop-ozone/integration-test/target/test-dir/MiniOzoneClusterImpl-a37badc0-ddfb-4ad1-afc9-d0670ad69bd3/datanode-2/data/ratis/d3f9f094-bf54-43fb-9f32-7c4959342184 does not exist. Creating ...
2019-07-16 15:43:42,768 INFO  storage.RaftStorageDirectory (RaftStorageDirectory.java:tryLock(328)) - Lock on /workdir/hadoop-ozone/integration-test/target/test-dir/MiniOzoneClusterImpl-a37badc0-ddfb-4ad1-afc9-d0670ad69bd3/datanode-2/data/ratis/d3f9f094-bf54-43fb-9f32-7c4959342184/in_use.lock acquired by nodename 30987@trunk-nightly-kgw5x-1882989438
2019-07-16 15:43:42,781 INFO  storage.RaftStorage (RaftStorage.java:format(72)) - Storage directory /workdir/hadoop-ozone/integration-test/target/test-dir/MiniOzoneClusterImpl-a37badc0-ddfb-4ad1-afc9-d0670ad69bd3/datanode-2/data/ratis/d3f9f094-bf54-43fb-9f32-7c4959342184 has been successfully formatted.
2019-07-16 15:43:42,782 INFO  ratis.ContainerStateMachine (ContainerStateMachine.java:loadSnapshot(200)) - group-7C4959342184: The snapshot info is null. Setting the last applied indexto:(t:0, i:~)
2019-07-16 15:43:42,782 INFO  server.RaftServerConfigKeys (ConfUtils.java:logGet(43)) - raft.server.leader.election.timeout = 120s (custom)
2019-07-16 15:43:42,782 INFO  server.RaftServerConfigKeys (ConfUtils.java:logGet(43)) - raft.server.log.use.memory = false (default)
2019-07-16 15:43:42,782 INFO  server.RaftServerConfigKeys (ConfUtils.java:logGet(43)) - raft.server.log.purge.gap = 1000000000 (custom)
2019-07-16 15:43:42,783 INFO  server.RaftServerConfigKeys (ConfUtils.java:logGet(43)) - raft.server.log.appender.buffer.byte-limit = 33554432 (custom)
2019-07-16 15:43:42,783 INFO  server.RaftServerConfigKeys (ConfUtils.java:logGet(43)) - raft.server.log.segment.size.max = 1048576 (custom)
2019-07-16 15:43:42,783 INFO  server.RaftServerConfigKeys (ConfUtils.java:logGet(43)) - raft.server.log.segment.cache.num.max = 2 (custom)
2019-07-16 15:43:42,783 INFO  segmented.SegmentedRaftLogWorker (SegmentedRaftLogWorker.java:<init>(172)) - new bfb89a05-faf5-41fb-8b68-c57bc4bc9197-SegmentedRaftLogWorker:Storage Directory /workdir/hadoop-ozone/integration-test/target/test-dir/MiniOzoneClusterImpl-a37badc0-ddfb-4ad1-afc9-d0670ad69bd3/datanode-2/data/ratis/d3f9f094-bf54-43fb-9f32-7c4959342184 for RaftStorage:Storage Directory /workdir/hadoop-ozone/integration-test/target/test-dir/MiniOzoneClusterImpl-a37badc0-ddfb-4ad1-afc9-d0670ad69bd3/datanode-2/data/ratis/d3f9f094-bf54-43fb-9f32-7c4959342184
2019-07-16 15:43:42,784 INFO  server.RaftServerConfigKeys (ConfUtils.java:logGet(43)) - raft.server.log.queue.byte-limit = 2147483647 (custom)
2019-07-16 15:43:42,784 INFO  server.RaftServerConfigKeys (ConfUtils.java:logGet(43)) - raft.server.log.queue.element-limit = 1024 (custom)
2019-07-16 15:43:42,784 INFO  server.RaftServerConfigKeys (ConfUtils.java:logGet(43)) - raft.server.log.segment.size.max = 1048576 (custom)
2019-07-16 15:43:42,784 INFO  server.RaftServerConfigKeys (ConfUtils.java:logGet(43)) - raft.server.log.preallocated.size = 16384 (custom)
2019-07-16 15:43:42,785 INFO  server.RaftServerConfigKeys (ConfUtils.java:logGet(43)) - raft.server.log.write.buffer.size = 33554432 (custom)
2019-07-16 15:43:42,785 INFO  server.RaftServerConfigKeys (ConfUtils.java:logGet(43)) - raft.server.log.force.sync.num = 128 (default)
2019-07-16 15:43:42,785 INFO  server.RaftServerConfigKeys (ConfUtils.java:logGet(43)) - raft.server.log.statemachine.data.sync = true (default)
2019-07-16 15:43:42,785 INFO  server.RaftServerConfigKeys (ConfUtils.java:logGet(43)) - raft.server.log.statemachine.data.sync.timeout = 10s (default)
2019-07-16 15:43:42,785 INFO  server.RaftServerConfigKeys (ConfUtils.java:logGet(43)) - raft.server.log.statemachine.data.sync.timeout.retry = -1 (default)
2019-07-16 15:43:42,786 INFO  server.RaftServerConfigKeys (ConfUtils.java:logGet(43)) - raft.server.log.statemachine.data.caching.enabled = true (custom)
2019-07-16 15:43:42,786 INFO  segmented.SegmentedRaftLogWorker (SegmentedRaftLogWorker.java:lambda$new$0(132)) - bfb89a05-faf5-41fb-8b68-c57bc4bc9197-SegmentedRaftLogWorker:Storage Directory /workdir/hadoop-ozone/integration-test/target/test-dir/MiniOzoneClusterImpl-a37badc0-ddfb-4ad1-afc9-d0670ad69bd3/datanode-2/data/ratis/d3f9f094-bf54-43fb-9f32-7c4959342184: flushIndex: setUnconditionally 0 -> -1
2019-07-16 15:43:42,787 INFO  server.RaftServerConfigKeys (ConfUtils.java:logGet(43)) - raft.server.snapshot.auto.trigger.enabled = true (custom)
2019-07-16 15:43:42,787 INFO  server.RaftServerConfigKeys (ConfUtils.java:logGet(43)) - raft.server.snapshot.auto.trigger.threshold = 10000 (custom)
2019-07-16 15:43:42,787 INFO  server.RaftServerConfigKeys (ConfUtils.java:logGet(43)) - raft.server.retrycache.expirytime = 600000ms (custom)
2019-07-16 15:43:42,788 INFO  impl.RaftServerImpl (RaftServerImpl.java:start(180)) - bfb89a05-faf5-41fb-8b68-c57bc4bc9197: start group-7C4959342184
2019-07-16 15:43:42,788 INFO  impl.RaftServerImpl (RaftServerImpl.java:setRole(171)) - bfb89a05-faf5-41fb-8b68-c57bc4bc9197:group-7C4959342184 changes role from null to FOLLOWER at term 0 for startAsFollower
2019-07-16 15:43:42,788 INFO  impl.RoleInfo (RoleInfo.java:updateAndGet(143)) - bfb89a05-faf5-41fb-8b68-c57bc4bc9197: start FollowerState
2019-07-16 15:43:42,788 INFO  util.JmxRegister (JmxRegister.java:tryRegister(44)) - Successfully registered JMX Bean with object name Ratis:service=RaftServer,group=group-7C4959342184,id=bfb89a05-faf5-41fb-8b68-c57bc4bc9197
2019-07-16 15:43:42,801 INFO  pipeline.PipelineStateManager (PipelineStateManager.java:addPipeline(56)) - Created pipeline Pipeline[ Id: d3f9f094-bf54-43fb-9f32-7c4959342184, Nodes: bfb89a05-faf5-41fb-8b68-c57bc4bc9197{ip: 192.168.69.88, host: trunk-nightly-kgw5x-1882989438, networkLocation: /default-rack, certSerialId: null}, Type:RATIS, Factor:ONE, State:OPEN]
2019-07-16 15:43:42,838 INFO  impl.RaftServerProxy (RaftServerProxy.java:addNew(89)) - 469381b4-877a-432e-ae04-240e5f3048f7: addNew group-3AF005E71C0A:[469381b4-877a-432e-ae04-240e5f3048f7:192.168.69.88:43745, bfb89a05-faf5-41fb-8b68-c57bc4bc9197:192.168.69.88:36912, ce59b7cc-bc3c-4df4-8e12-25ad17623547:192.168.69.88:40955] returns group-3AF005E71C0A:java.util.concurrent.CompletableFuture@7af614e[Not completed]
2019-07-16 15:43:42,844 INFO  impl.RaftServerImpl (RaftServerImpl.java:<init>(93)) - 469381b4-877a-432e-ae04-240e5f3048f7: new RaftServerImpl for group-3AF005E71C0A:[469381b4-877a-432e-ae04-240e5f3048f7:192.168.69.88:43745, bfb89a05-faf5-41fb-8b68-c57bc4bc9197:192.168.69.88:36912, ce59b7cc-bc3c-4df4-8e12-25ad17623547:192.168.69.88:40955] with ContainerStateMachine:uninitialized
2019-07-16 15:43:42,844 INFO  server.RaftServerConfigKeys (ConfUtils.java:logGet(43)) - raft.server.rpc.timeout.min = 5s (custom)
2019-07-16 15:43:42,844 INFO  impl.RaftServerProxy (RaftServerProxy.java:addNew(89)) - bfb89a05-faf5-41fb-8b68-c57bc4bc9197: addNew group-3AF005E71C0A:[469381b4-877a-432e-ae04-240e5f3048f7:192.168.69.88:43745, bfb89a05-faf5-41fb-8b68-c57bc4bc9197:192.168.69.88:36912, ce59b7cc-bc3c-4df4-8e12-25ad17623547:192.168.69.88:40955] returns group-3AF005E71C0A:java.util.concurrent.CompletableFuture@42adffdf[Not completed]
2019-07-16 15:43:42,844 INFO  server.RaftServerConfigKeys (ConfUtils.java:logGet(43)) - raft.server.rpc.timeout.max = 5200ms (custom)
2019-07-16 15:43:42,844 INFO  impl.RaftServerProxy (RaftServerProxy.java:addNew(89)) - ce59b7cc-bc3c-4df4-8e12-25ad17623547: addNew group-3AF005E71C0A:[469381b4-877a-432e-ae04-240e5f3048f7:192.168.69.88:43745, bfb89a05-faf5-41fb-8b68-c57bc4bc9197:192.168.69.88:36912, ce59b7cc-bc3c-4df4-8e12-25ad17623547:192.168.69.88:40955] returns group-3AF005E71C0A:java.util.concurrent.CompletableFuture@7d6bacaa[Not completed]
2019-07-16 15:43:42,845 INFO  server.RaftServerConfigKeys (ConfUtils.java:logGet(43)) - raft.server.rpcslowness.timeout = 120s (custom)
2019-07-16 15:43:42,845 INFO  server.RaftServerConfigKeys (ConfUtils.java:logGet(43)) - raft.server.sleep.deviation.threshold = 300 (default)
2019-07-16 15:43:42,845 INFO  server.RaftServerConfigKeys (ConfUtils.java:logGet(43)) - raft.server.log.appender.install.snapshot.enabled = false (custom)
2019-07-16 15:43:42,845 INFO  impl.RaftServerImpl (ServerState.java:<init>(105)) - 469381b4-877a-432e-ae04-240e5f3048f7:group-3AF005E71C0A ConfigurationManager, init=-1: [469381b4-877a-432e-ae04-240e5f3048f7:192.168.69.88:43745, bfb89a05-faf5-41fb-8b68-c57bc4bc9197:192.168.69.88:36912, ce59b7cc-bc3c-4df4-8e12-25ad17623547:192.168.69.88:40955], old=null, confs=<EMPTY_MAP>
2019-07-16 15:43:42,846 INFO  server.RaftServerConfigKeys (ConfUtils.java:logGet(43)) - raft.server.storage.dir = [/workdir/hadoop-ozone/integration-test/target/test-dir/MiniOzoneClusterImpl-a37badc0-ddfb-4ad1-afc9-d0670ad69bd3/datanode-0/data/ratis] (custom)
2019-07-16 15:43:42,846 INFO  impl.RaftServerImpl (RaftServerImpl.java:<init>(93)) - bfb89a05-faf5-41fb-8b68-c57bc4bc9197: new RaftServerImpl for group-3AF005E71C0A:[469381b4-877a-432e-ae04-240e5f3048f7:192.168.69.88:43745, bfb89a05-faf5-41fb-8b68-c57bc4bc9197:192.168.69.88:36912, ce59b7cc-bc3c-4df4-8e12-25ad17623547:192.168.69.88:40955] with ContainerStateMachine:uninitialized
2019-07-16 15:43:42,846 INFO  storage.RaftStorageDirectory (RaftStorageDirectory.java:analyzeStorage(246)) - The storage directory /workdir/hadoop-ozone/integration-test/target/test-dir/MiniOzoneClusterImpl-a37badc0-ddfb-4ad1-afc9-d0670ad69bd3/datanode-0/data/ratis/79cc6707-6f6e-49cc-8d95-3af005e71c0a does not exist. Creating ...
2019-07-16 15:43:42,846 INFO  server.RaftServerConfigKeys (ConfUtils.java:logGet(43)) - raft.server.rpc.timeout.min = 5s (custom)
2019-07-16 15:43:42,847 INFO  server.RaftServerConfigKeys (ConfUtils.java:logGet(43)) - raft.server.rpc.timeout.max = 5200ms (custom)
2019-07-16 15:43:42,847 INFO  server.RaftServerConfigKeys (ConfUtils.java:logGet(43)) - raft.server.rpcslowness.timeout = 120s (custom)
2019-07-16 15:43:42,847 INFO  server.RaftServerConfigKeys (ConfUtils.java:logGet(43)) - raft.server.sleep.deviation.threshold = 300 (default)
2019-07-16 15:43:42,847 INFO  impl.RaftServerImpl (RaftServerImpl.java:<init>(93)) - ce59b7cc-bc3c-4df4-8e12-25ad17623547: new RaftServerImpl for group-3AF005E71C0A:[469381b4-877a-432e-ae04-240e5f3048f7:192.168.69.88:43745, bfb89a05-faf5-41fb-8b68-c57bc4bc9197:192.168.69.88:36912, ce59b7cc-bc3c-4df4-8e12-25ad17623547:192.168.69.88:40955] with ContainerStateMachine:uninitialized
2019-07-16 15:43:42,847 INFO  server.RaftServerConfigKeys (ConfUtils.java:logGet(43)) - raft.server.log.appender.install.snapshot.enabled = false (custom)
2019-07-16 15:43:42,847 INFO  server.RaftServerConfigKeys (ConfUtils.java:logGet(43)) - raft.server.rpc.timeout.min = 5s (custom)
2019-07-16 15:43:42,848 INFO  impl.RaftServerImpl (ServerState.java:<init>(105)) - bfb89a05-faf5-41fb-8b68-c57bc4bc9197:group-3AF005E71C0A ConfigurationManager, init=-1: [469381b4-877a-432e-ae04-240e5f3048f7:192.168.69.88:43745, bfb89a05-faf5-41fb-8b68-c57bc4bc9197:192.168.69.88:36912, ce59b7cc-bc3c-4df4-8e12-25ad17623547:192.168.69.88:40955], old=null, confs=<EMPTY_MAP>
2019-07-16 15:43:42,848 INFO  server.RaftServerConfigKeys (ConfUtils.java:logGet(43)) - raft.server.rpc.timeout.max = 5200ms (custom)
2019-07-16 15:43:42,848 INFO  server.RaftServerConfigKeys (ConfUtils.java:logGet(43)) - raft.server.storage.dir = [/workdir/hadoop-ozone/integration-test/target/test-dir/MiniOzoneClusterImpl-a37badc0-ddfb-4ad1-afc9-d0670ad69bd3/datanode-2/data/ratis] (custom)
2019-07-16 15:43:42,848 INFO  server.RaftServerConfigKeys (ConfUtils.java:logGet(43)) - raft.server.rpcslowness.timeout = 120s (custom)
2019-07-16 15:43:42,848 INFO  server.RaftServerConfigKeys (ConfUtils.java:logGet(43)) - raft.server.sleep.deviation.threshold = 300 (default)
2019-07-16 15:43:42,848 INFO  storage.RaftStorageDirectory (RaftStorageDirectory.java:analyzeStorage(246)) - The storage directory /workdir/hadoop-ozone/integration-test/target/test-dir/MiniOzoneClusterImpl-a37badc0-ddfb-4ad1-afc9-d0670ad69bd3/datanode-2/data/ratis/79cc6707-6f6e-49cc-8d95-3af005e71c0a does not exist. Creating ...
2019-07-16 15:43:42,848 INFO  server.RaftServerConfigKeys (ConfUtils.java:logGet(43)) - raft.server.log.appender.install.snapshot.enabled = false (custom)
2019-07-16 15:43:42,849 INFO  impl.RaftServerImpl (ServerState.java:<init>(105)) - ce59b7cc-bc3c-4df4-8e12-25ad17623547:group-3AF005E71C0A ConfigurationManager, init=-1: [469381b4-877a-432e-ae04-240e5f3048f7:192.168.69.88:43745, bfb89a05-faf5-41fb-8b68-c57bc4bc9197:192.168.69.88:36912, ce59b7cc-bc3c-4df4-8e12-25ad17623547:192.168.69.88:40955], old=null, confs=<EMPTY_MAP>
2019-07-16 15:43:42,849 INFO  server.RaftServerConfigKeys (ConfUtils.java:logGet(43)) - raft.server.storage.dir = [/workdir/hadoop-ozone/integration-test/target/test-dir/MiniOzoneClusterImpl-a37badc0-ddfb-4ad1-afc9-d0670ad69bd3/datanode-1/data/ratis] (custom)
2019-07-16 15:43:42,850 INFO  storage.RaftStorageDirectory (RaftStorageDirectory.java:analyzeStorage(246)) - The storage directory /workdir/hadoop-ozone/integration-test/target/test-dir/MiniOzoneClusterImpl-a37badc0-ddfb-4ad1-afc9-d0670ad69bd3/datanode-1/data/ratis/79cc6707-6f6e-49cc-8d95-3af005e71c0a does not exist. Creating ...
2019-07-16 15:43:42,871 INFO  storage.RaftStorageDirectory (RaftStorageDirectory.java:tryLock(328)) - Lock on /workdir/hadoop-ozone/integration-test/target/test-dir/MiniOzoneClusterImpl-a37badc0-ddfb-4ad1-afc9-d0670ad69bd3/datanode-2/data/ratis/79cc6707-6f6e-49cc-8d95-3af005e71c0a/in_use.lock acquired by nodename 30987@trunk-nightly-kgw5x-1882989438
2019-07-16 15:43:42,871 INFO  storage.RaftStorageDirectory (RaftStorageDirectory.java:tryLock(328)) - Lock on /workdir/hadoop-ozone/integration-test/target/test-dir/MiniOzoneClusterImpl-a37badc0-ddfb-4ad1-afc9-d0670ad69bd3/datanode-1/data/ratis/79cc6707-6f6e-49cc-8d95-3af005e71c0a/in_use.lock acquired by nodename 30987@trunk-nightly-kgw5x-1882989438
2019-07-16 15:43:42,871 INFO  storage.RaftStorageDirectory (RaftStorageDirectory.java:tryLock(328)) - Lock on /workdir/hadoop-ozone/integration-test/target/test-dir/MiniOzoneClusterImpl-a37badc0-ddfb-4ad1-afc9-d0670ad69bd3/datanode-0/data/ratis/79cc6707-6f6e-49cc-8d95-3af005e71c0a/in_use.lock acquired by nodename 30987@trunk-nightly-kgw5x-1882989438
2019-07-16 15:43:42,876 INFO  storage.RaftStorage (RaftStorage.java:format(72)) - Storage directory /workdir/hadoop-ozone/integration-test/target/test-dir/MiniOzoneClusterImpl-a37badc0-ddfb-4ad1-afc9-d0670ad69bd3/datanode-1/data/ratis/79cc6707-6f6e-49cc-8d95-3af005e71c0a has been successfully formatted.
2019-07-16 15:43:42,876 INFO  storage.RaftStorage (RaftStorage.java:format(72)) - Storage directory /workdir/hadoop-ozone/integration-test/target/test-dir/MiniOzoneClusterImpl-a37badc0-ddfb-4ad1-afc9-d0670ad69bd3/datanode-0/data/ratis/79cc6707-6f6e-49cc-8d95-3af005e71c0a has been successfully formatted.
2019-07-16 15:43:42,876 INFO  ratis.ContainerStateMachine (ContainerStateMachine.java:loadSnapshot(200)) - group-3AF005E71C0A: The snapshot info is null. Setting the last applied indexto:(t:0, i:~)
2019-07-16 15:43:42,876 INFO  storage.RaftStorage (RaftStorage.java:format(72)) - Storage directory /workdir/hadoop-ozone/integration-test/target/test-dir/MiniOzoneClusterImpl-a37badc0-ddfb-4ad1-afc9-d0670ad69bd3/datanode-2/data/ratis/79cc6707-6f6e-49cc-8d95-3af005e71c0a has been successfully formatted.
2019-07-16 15:43:42,877 INFO  server.RaftServerConfigKeys (ConfUtils.java:logGet(43)) - raft.server.leader.election.timeout = 120s (custom)
2019-07-16 15:43:42,877 INFO  ratis.ContainerStateMachine (ContainerStateMachine.java:loadSnapshot(200)) - group-3AF005E71C0A: The snapshot info is null. Setting the last applied indexto:(t:0, i:~)
2019-07-16 15:43:42,877 INFO  ratis.ContainerStateMachine (ContainerStateMachine.java:loadSnapshot(200)) - group-3AF005E71C0A: The snapshot info is null. Setting the last applied indexto:(t:0, i:~)
2019-07-16 15:43:42,877 INFO  server.RaftServerConfigKeys (ConfUtils.java:logGet(43)) - raft.server.log.use.memory = false (default)
2019-07-16 15:43:42,878 INFO  server.RaftServerConfigKeys (ConfUtils.java:logGet(43)) - raft.server.leader.election.timeout = 120s (custom)
2019-07-16 15:43:42,877 INFO  server.RaftServerConfigKeys (ConfUtils.java:logGet(43)) - raft.server.leader.election.timeout = 120s (custom)
2019-07-16 15:43:42,878 INFO  server.RaftServerConfigKeys (ConfUtils.java:logGet(43)) - raft.server.log.use.memory = false (default)
2019-07-16 15:43:42,878 INFO  server.RaftServerConfigKeys (ConfUtils.java:logGet(43)) - raft.server.log.purge.gap = 1000000000 (custom)
2019-07-16 15:43:42,878 INFO  server.RaftServerConfigKeys (ConfUtils.java:logGet(43)) - raft.server.log.purge.gap = 1000000000 (custom)
2019-07-16 15:43:42,878 INFO  server.RaftServerConfigKeys (ConfUtils.java:logGet(43)) - raft.server.log.use.memory = false (default)
2019-07-16 15:43:42,879 INFO  server.RaftServerConfigKeys (ConfUtils.java:logGet(43)) - raft.server.log.appender.buffer.byte-limit = 33554432 (custom)
2019-07-16 15:43:42,878 INFO  server.RaftServerConfigKeys (ConfUtils.java:logGet(43)) - raft.server.log.appender.buffer.byte-limit = 33554432 (custom)
2019-07-16 15:43:42,879 INFO  server.RaftServerConfigKeys (ConfUtils.java:logGet(43)) - raft.server.log.segment.size.max = 1048576 (custom)
2019-07-16 15:43:42,879 INFO  server.RaftServerConfigKeys (ConfUtils.java:logGet(43)) - raft.server.log.purge.gap = 1000000000 (custom)
2019-07-16 15:43:42,879 INFO  server.RaftServerConfigKeys (ConfUtils.java:logGet(43)) - raft.server.log.segment.cache.num.max = 2 (custom)
2019-07-16 15:43:42,879 INFO  server.RaftServerConfigKeys (ConfUtils.java:logGet(43)) - raft.server.log.segment.size.max = 1048576 (custom)
2019-07-16 15:43:42,880 INFO  segmented.SegmentedRaftLogWorker (SegmentedRaftLogWorker.java:<init>(172)) - new bfb89a05-faf5-41fb-8b68-c57bc4bc9197-SegmentedRaftLogWorker:Storage Directory /workdir/hadoop-ozone/integration-test/target/test-dir/MiniOzoneClusterImpl-a37badc0-ddfb-4ad1-afc9-d0670ad69bd3/datanode-2/data/ratis/79cc6707-6f6e-49cc-8d95-3af005e71c0a for RaftStorage:Storage Directory /workdir/hadoop-ozone/integration-test/target/test-dir/MiniOzoneClusterImpl-a37badc0-ddfb-4ad1-afc9-d0670ad69bd3/datanode-2/data/ratis/79cc6707-6f6e-49cc-8d95-3af005e71c0a
2019-07-16 15:43:42,880 INFO  server.RaftServerConfigKeys (ConfUtils.java:logGet(43)) - raft.server.log.appender.buffer.byte-limit = 33554432 (custom)
2019-07-16 15:43:42,880 INFO  server.RaftServerConfigKeys (ConfUtils.java:logGet(43)) - raft.server.log.queue.byte-limit = 2147483647 (custom)
2019-07-16 15:43:42,880 INFO  server.RaftServerConfigKeys (ConfUtils.java:logGet(43)) - raft.server.log.segment.cache.num.max = 2 (custom)
2019-07-16 15:43:42,881 INFO  server.RaftServerConfigKeys (ConfUtils.java:logGet(43)) - raft.server.log.queue.element-limit = 1024 (custom)
2019-07-16 15:43:42,881 INFO  server.RaftServerConfigKeys (ConfUtils.java:logGet(43)) - raft.server.log.segment.size.max = 1048576 (custom)
2019-07-16 15:43:42,882 INFO  server.RaftServerConfigKeys (ConfUtils.java:logGet(43)) - raft.server.log.segment.size.max = 1048576 (custom)
2019-07-16 15:43:42,882 INFO  segmented.SegmentedRaftLogWorker (SegmentedRaftLogWorker.java:<init>(172)) - new ce59b7cc-bc3c-4df4-8e12-25ad17623547-SegmentedRaftLogWorker:Storage Directory /workdir/hadoop-ozone/integration-test/target/test-dir/MiniOzoneClusterImpl-a37badc0-ddfb-4ad1-afc9-d0670ad69bd3/datanode-1/data/ratis/79cc6707-6f6e-49cc-8d95-3af005e71c0a for RaftStorage:Storage Directory /workdir/hadoop-ozone/integration-test/target/test-dir/MiniOzoneClusterImpl-a37badc0-ddfb-4ad1-afc9-d0670ad69bd3/datanode-1/data/ratis/79cc6707-6f6e-49cc-8d95-3af005e71c0a
2019-07-16 15:43:42,882 INFO  server.RaftServerConfigKeys (ConfUtils.java:logGet(43)) - raft.server.log.preallocated.size = 16384 (custom)
2019-07-16 15:43:42,882 INFO  server.RaftServerConfigKeys (ConfUtils.java:logGet(43)) - raft.server.log.segment.cache.num.max = 2 (custom)
2019-07-16 15:43:42,882 INFO  server.RaftServerConfigKeys (ConfUtils.java:logGet(43)) - raft.server.log.write.buffer.size = 33554432 (custom)
2019-07-16 15:43:42,882 INFO  server.RaftServerConfigKeys (ConfUtils.java:logGet(43)) - raft.server.log.queue.byte-limit = 2147483647 (custom)
2019-07-16 15:43:42,884 INFO  server.RaftServerConfigKeys (ConfUtils.java:logGet(43)) - raft.server.log.force.sync.num = 128 (default)
2019-07-16 15:43:42,884 INFO  segmented.SegmentedRaftLogWorker (SegmentedRaftLogWorker.java:<init>(172)) - new 469381b4-877a-432e-ae04-240e5f3048f7-SegmentedRaftLogWorker:Storage Directory /workdir/hadoop-ozone/integration-test/target/test-dir/MiniOzoneClusterImpl-a37badc0-ddfb-4ad1-afc9-d0670ad69bd3/datanode-0/data/ratis/79cc6707-6f6e-49cc-8d95-3af005e71c0a for RaftStorage:Storage Directory /workdir/hadoop-ozone/integration-test/target/test-dir/MiniOzoneClusterImpl-a37badc0-ddfb-4ad1-afc9-d0670ad69bd3/datanode-0/data/ratis/79cc6707-6f6e-49cc-8d95-3af005e71c0a
2019-07-16 15:43:42,884 INFO  server.RaftServerConfigKeys (ConfUtils.java:logGet(43)) - raft.server.log.statemachine.data.sync = true (default)
2019-07-16 15:43:42,884 INFO  server.RaftServerConfigKeys (ConfUtils.java:logGet(43)) - raft.server.log.queue.element-limit = 1024 (custom)
2019-07-16 15:43:42,886 INFO  server.RaftServerConfigKeys (ConfUtils.java:logGet(43)) - raft.server.log.statemachine.data.sync.timeout = 10s (default)
2019-07-16 15:43:42,885 INFO  server.RaftServerConfigKeys (ConfUtils.java:logGet(43)) - raft.server.log.queue.byte-limit = 2147483647 (custom)
2019-07-16 15:43:42,886 INFO  server.RaftServerConfigKeys (ConfUtils.java:logGet(43)) - raft.server.log.statemachine.data.sync.timeout.retry = -1 (default)
2019-07-16 15:43:42,886 INFO  server.RaftServerConfigKeys (ConfUtils.java:logGet(43)) - raft.server.log.segment.size.max = 1048576 (custom)
2019-07-16 15:43:42,887 INFO  server.RaftServerConfigKeys (ConfUtils.java:logGet(43)) - raft.server.log.statemachine.data.caching.enabled = true (custom)
2019-07-16 15:43:42,886 INFO  server.RaftServerConfigKeys (ConfUtils.java:logGet(43)) - raft.server.log.queue.element-limit = 1024 (custom)
2019-07-16 15:43:42,887 INFO  server.RaftServerConfigKeys (ConfUtils.java:logGet(43)) - raft.server.log.preallocated.size = 16384 (custom)
2019-07-16 15:43:42,887 INFO  server.RaftServerConfigKeys (ConfUtils.java:logGet(43)) - raft.server.log.segment.size.max = 1048576 (custom)
2019-07-16 15:43:42,887 INFO  segmented.SegmentedRaftLogWorker (SegmentedRaftLogWorker.java:lambda$new$0(132)) - bfb89a05-faf5-41fb-8b68-c57bc4bc9197-SegmentedRaftLogWorker:Storage Directory /workdir/hadoop-ozone/integration-test/target/test-dir/MiniOzoneClusterImpl-a37badc0-ddfb-4ad1-afc9-d0670ad69bd3/datanode-2/data/ratis/79cc6707-6f6e-49cc-8d95-3af005e71c0a: flushIndex: setUnconditionally 0 -> -1
2019-07-16 15:43:42,887 INFO  server.RaftServerConfigKeys (ConfUtils.java:logGet(43)) - raft.server.log.preallocated.size = 16384 (custom)
2019-07-16 15:43:42,887 INFO  server.RaftServerConfigKeys (ConfUtils.java:logGet(43)) - raft.server.log.write.buffer.size = 33554432 (custom)
2019-07-16 15:43:42,888 INFO  server.RaftServerConfigKeys (ConfUtils.java:logGet(43)) - raft.server.snapshot.auto.trigger.enabled = true (custom)
2019-07-16 15:43:42,888 INFO  server.RaftServerConfigKeys (ConfUtils.java:logGet(43)) - raft.server.log.write.buffer.size = 33554432 (custom)
2019-07-16 15:43:42,888 INFO  server.RaftServerConfigKeys (ConfUtils.java:logGet(43)) - raft.server.snapshot.auto.trigger.threshold = 10000 (custom)
2019-07-16 15:43:42,888 INFO  server.RaftServerConfigKeys (ConfUtils.java:logGet(43)) - raft.server.log.force.sync.num = 128 (default)
2019-07-16 15:43:42,889 INFO  server.RaftServerConfigKeys (ConfUtils.java:logGet(43)) - raft.server.retrycache.expirytime = 600000ms (custom)
2019-07-16 15:43:42,888 INFO  server.RaftServerConfigKeys (ConfUtils.java:logGet(43)) - raft.server.log.force.sync.num = 128 (default)
2019-07-16 15:43:42,889 INFO  impl.RaftServerImpl (RaftServerImpl.java:start(180)) - bfb89a05-faf5-41fb-8b68-c57bc4bc9197: start group-3AF005E71C0A
2019-07-16 15:43:42,889 INFO  server.RaftServerConfigKeys (ConfUtils.java:logGet(43)) - raft.server.log.statemachine.data.sync = true (default)
2019-07-16 15:43:42,889 INFO  impl.RaftServerImpl (RaftServerImpl.java:setRole(171)) - bfb89a05-faf5-41fb-8b68-c57bc4bc9197:group-3AF005E71C0A changes role from null to FOLLOWER at term 0 for startAsFollower
2019-07-16 15:43:42,889 INFO  server.RaftServerConfigKeys (ConfUtils.java:logGet(43)) - raft.server.log.statemachine.data.sync = true (default)
2019-07-16 15:43:42,890 INFO  impl.RoleInfo (RoleInfo.java:updateAndGet(143)) - bfb89a05-faf5-41fb-8b68-c57bc4bc9197: start FollowerState
2019-07-16 15:43:42,890 INFO  server.RaftServerConfigKeys (ConfUtils.java:logGet(43)) - raft.server.log.statemachine.data.sync.timeout = 10s (default)
2019-07-16 15:43:42,890 INFO  server.RaftServerConfigKeys (ConfUtils.java:logGet(43)) - raft.server.log.statemachine.data.sync.timeout = 10s (default)
2019-07-16 15:43:42,890 INFO  server.RaftServerConfigKeys (ConfUtils.java:logGet(43)) - raft.server.log.statemachine.data.sync.timeout.retry = -1 (default)
2019-07-16 15:43:42,891 INFO  server.RaftServerConfigKeys (ConfUtils.java:logGet(43)) - raft.server.log.statemachine.data.sync.timeout.retry = -1 (default)
2019-07-16 15:43:42,891 INFO  util.JmxRegister (JmxRegister.java:tryRegister(44)) - Successfully registered JMX Bean with object name Ratis:service=RaftServer,group=group-3AF005E71C0A,id=bfb89a05-faf5-41fb-8b68-c57bc4bc9197
2019-07-16 15:43:42,891 INFO  server.RaftServerConfigKeys (ConfUtils.java:logGet(43)) - raft.server.log.statemachine.data.caching.enabled = true (custom)
2019-07-16 15:43:42,891 INFO  server.RaftServerConfigKeys (ConfUtils.java:logGet(43)) - raft.server.log.statemachine.data.caching.enabled = true (custom)
2019-07-16 15:43:42,892 INFO  segmented.SegmentedRaftLogWorker (SegmentedRaftLogWorker.java:lambda$new$0(132)) - 469381b4-877a-432e-ae04-240e5f3048f7-SegmentedRaftLogWorker:Storage Directory /workdir/hadoop-ozone/integration-test/target/test-dir/MiniOzoneClusterImpl-a37badc0-ddfb-4ad1-afc9-d0670ad69bd3/datanode-0/data/ratis/79cc6707-6f6e-49cc-8d95-3af005e71c0a: flushIndex: setUnconditionally 0 -> -1
2019-07-16 15:43:42,892 INFO  segmented.SegmentedRaftLogWorker (SegmentedRaftLogWorker.java:lambda$new$0(132)) - ce59b7cc-bc3c-4df4-8e12-25ad17623547-SegmentedRaftLogWorker:Storage Directory /workdir/hadoop-ozone/integration-test/target/test-dir/MiniOzoneClusterImpl-a37badc0-ddfb-4ad1-afc9-d0670ad69bd3/datanode-1/data/ratis/79cc6707-6f6e-49cc-8d95-3af005e71c0a: flushIndex: setUnconditionally 0 -> -1
2019-07-16 15:43:42,892 INFO  server.RaftServerConfigKeys (ConfUtils.java:logGet(43)) - raft.server.snapshot.auto.trigger.enabled = true (custom)
2019-07-16 15:43:42,892 INFO  server.RaftServerConfigKeys (ConfUtils.java:logGet(43)) - raft.server.snapshot.auto.trigger.enabled = true (custom)
2019-07-16 15:43:42,892 INFO  server.RaftServerConfigKeys (ConfUtils.java:logGet(43)) - raft.server.snapshot.auto.trigger.threshold = 10000 (custom)
2019-07-16 15:43:42,893 INFO  server.RaftServerConfigKeys (ConfUtils.java:logGet(43)) - raft.server.snapshot.auto.trigger.threshold = 10000 (custom)
2019-07-16 15:43:42,894 INFO  server.RaftServerConfigKeys (ConfUtils.java:logGet(43)) - raft.server.retrycache.expirytime = 600000ms (custom)
2019-07-16 15:43:42,894 INFO  server.RaftServerConfigKeys (ConfUtils.java:logGet(43)) - raft.server.retrycache.expirytime = 600000ms (custom)
2019-07-16 15:43:42,894 INFO  impl.RaftServerImpl (RaftServerImpl.java:start(180)) - 469381b4-877a-432e-ae04-240e5f3048f7: start group-3AF005E71C0A
2019-07-16 15:43:42,895 INFO  impl.RaftServerImpl (RaftServerImpl.java:start(180)) - ce59b7cc-bc3c-4df4-8e12-25ad17623547: start group-3AF005E71C0A
2019-07-16 15:43:42,895 INFO  impl.RaftServerImpl (RaftServerImpl.java:setRole(171)) - 469381b4-877a-432e-ae04-240e5f3048f7:group-3AF005E71C0A changes role from null to FOLLOWER at term 0 for startAsFollower
2019-07-16 15:43:42,895 INFO  impl.RaftServerImpl (RaftServerImpl.java:setRole(171)) - ce59b7cc-bc3c-4df4-8e12-25ad17623547:group-3AF005E71C0A changes role from null to FOLLOWER at term 0 for startAsFollower
2019-07-16 15:43:42,896 INFO  impl.RoleInfo (RoleInfo.java:updateAndGet(143)) - 469381b4-877a-432e-ae04-240e5f3048f7: start FollowerState
2019-07-16 15:43:42,896 INFO  impl.RoleInfo (RoleInfo.java:updateAndGet(143)) - ce59b7cc-bc3c-4df4-8e12-25ad17623547: start FollowerState
2019-07-16 15:43:42,898 INFO  util.JmxRegister (JmxRegister.java:tryRegister(44)) - Successfully registered JMX Bean with object name Ratis:service=RaftServer,group=group-3AF005E71C0A,id=469381b4-877a-432e-ae04-240e5f3048f7
2019-07-16 15:43:42,898 INFO  util.JmxRegister (JmxRegister.java:tryRegister(44)) - Successfully registered JMX Bean with object name Ratis:service=RaftServer,group=group-3AF005E71C0A,id=ce59b7cc-bc3c-4df4-8e12-25ad17623547
2019-07-16 15:43:42,901 INFO  ozone.MiniOzoneClusterImpl (MiniOzoneClusterImpl.java:lambda$waitForClusterToBeReady$0(142)) - Cluster is ready. Got 3 of 3 DN Heartbeats.
2019-07-16 15:43:42,917 INFO  pipeline.PipelineStateManager (PipelineStateManager.java:addPipeline(56)) - Created pipeline Pipeline[ Id: 79cc6707-6f6e-49cc-8d95-3af005e71c0a, Nodes: ce59b7cc-bc3c-4df4-8e12-25ad17623547{ip: 192.168.69.88, host: trunk-nightly-kgw5x-1882989438, networkLocation: /default-rack, certSerialId: null}bfb89a05-faf5-41fb-8b68-c57bc4bc9197{ip: 192.168.69.88, host: trunk-nightly-kgw5x-1882989438, networkLocation: /default-rack, certSerialId: null}469381b4-877a-432e-ae04-240e5f3048f7{ip: 192.168.69.88, host: trunk-nightly-kgw5x-1882989438, networkLocation: /default-rack, certSerialId: null}, Type:RATIS, Factor:THREE, State:OPEN]
2019-07-16 15:43:43,213 INFO  rpc.RpcClient (RpcClient.java:createVolume(287)) - Creating Volume: 6ab247bb-a4e9-4eb9-9aca-e51e9465a8a8, with jenkins1000 as owner.
2019-07-16 15:43:43,251 INFO  rpc.RpcClient (RpcClient.java:createBucket(424)) - Creating Bucket: 6ab247bb-a4e9-4eb9-9aca-e51e9465a8a8/35527822-b5c2-4052-8f7b-603a0691a5e1, with Versioning false and Storage Type set to DISK and Encryption set to false 
2019-07-16 15:43:43,508 INFO  client.GrpcClientProtocolClient (GrpcClientProtocolClient.java:onNext(255)) - client-DF2D43D05DCF->bfb89a05-faf5-41fb-8b68-c57bc4bc9197: receive RaftClientReply:client-DF2D43D05DCF->bfb89a05-faf5-41fb-8b68-c57bc4bc9197@group-7C4959342184, cid=6, FAILED org.apache.ratis.protocol.NotLeaderException: Server bfb89a05-faf5-41fb-8b68-c57bc4bc9197 is not the leader (null). Request must be sent to leader., logIndex=0, commits[bfb89a05-faf5-41fb-8b68-c57bc4bc9197:c-1]
2019-07-16 15:43:44,371 INFO  container.ReplicationManager (ReplicationManager.java:start(155)) - Starting Replication Monitor Thread.
2019-07-16 15:43:44,377 INFO  container.ReplicationManager (ReplicationManager.java:run(207)) - Replication Monitor Thread took 5 milliseconds for processing 1 containers.
2019-07-16 15:43:45,546 INFO  client.GrpcClientProtocolClient (GrpcClientProtocolClient.java:onNext(255)) - client-DF2D43D05DCF->bfb89a05-faf5-41fb-8b68-c57bc4bc9197: receive RaftClientReply:client-DF2D43D05DCF->bfb89a05-faf5-41fb-8b68-c57bc4bc9197@group-7C4959342184, cid=6, FAILED org.apache.ratis.protocol.NotLeaderException: Server bfb89a05-faf5-41fb-8b68-c57bc4bc9197 is not the leader (null). Request must be sent to leader., logIndex=0, commits[bfb89a05-faf5-41fb-8b68-c57bc4bc9197:c-1]
2019-07-16 15:43:47,570 INFO  client.GrpcClientProtocolClient (GrpcClientProtocolClient.java:onNext(255)) - client-DF2D43D05DCF->bfb89a05-faf5-41fb-8b68-c57bc4bc9197: receive RaftClientReply:client-DF2D43D05DCF->bfb89a05-faf5-41fb-8b68-c57bc4bc9197@group-7C4959342184, cid=6, FAILED org.apache.ratis.protocol.NotLeaderException: Server bfb89a05-faf5-41fb-8b68-c57bc4bc9197 is not the leader (null). Request must be sent to leader., logIndex=0, commits[bfb89a05-faf5-41fb-8b68-c57bc4bc9197:c-1]
2019-07-16 15:43:47,585 INFO  impl.FollowerState (FollowerState.java:run(106)) - 469381b4-877a-432e-ae04-240e5f3048f7:group-F190546D5246 changes to CANDIDATE, lastRpcTime:5059, electionTimeout:5058ms
2019-07-16 15:43:47,585 INFO  impl.RoleInfo (RoleInfo.java:shutdownFollowerState(121)) - 469381b4-877a-432e-ae04-240e5f3048f7: shutdown FollowerState
2019-07-16 15:43:47,586 INFO  impl.RaftServerImpl (RaftServerImpl.java:setRole(171)) - 469381b4-877a-432e-ae04-240e5f3048f7:group-F190546D5246 changes role from FOLLOWER to CANDIDATE at term 0 for changeToCandidate
2019-07-16 15:43:47,592 INFO  impl.RoleInfo (RoleInfo.java:updateAndGet(143)) - 469381b4-877a-432e-ae04-240e5f3048f7: start LeaderElection
2019-07-16 15:43:47,612 INFO  impl.LeaderElection (LeaderElection.java:askForVotes(181)) - 469381b4-877a-432e-ae04-240e5f3048f7:group-F190546D5246:LeaderElection1: begin an election at term 1 for -1: [469381b4-877a-432e-ae04-240e5f3048f7:192.168.69.88:43745], old=null
2019-07-16 15:43:47,614 INFO  impl.RoleInfo (RoleInfo.java:shutdownLeaderElection(134)) - 469381b4-877a-432e-ae04-240e5f3048f7: shutdown LeaderElection
2019-07-16 15:43:47,615 INFO  impl.RaftServerImpl (RaftServerImpl.java:setRole(171)) - 469381b4-877a-432e-ae04-240e5f3048f7:group-F190546D5246 changes role from CANDIDATE to LEADER at term 1 for changeToLeader
2019-07-16 15:43:47,615 INFO  impl.RaftServerImpl (ServerState.java:setLeader(263)) - 469381b4-877a-432e-ae04-240e5f3048f7:group-F190546D5246 change Leader from null to 469381b4-877a-432e-ae04-240e5f3048f7 at term 1 for becomeLeader, leader elected after 5572ms
2019-07-16 15:43:47,624 INFO  server.RaftServerConfigKeys (ConfUtils.java:logGet(43)) - raft.server.staging.catchup.gap = 1000 (default)
2019-07-16 15:43:47,624 INFO  server.RaftServerConfigKeys (ConfUtils.java:logGet(43)) - raft.server.rpc.sleep.time = 25ms (default)
2019-07-16 15:43:47,628 INFO  server.RaftServerConfigKeys (ConfUtils.java:logGet(43)) - raft.server.write.element-limit = 4096 (default)
2019-07-16 15:43:47,632 INFO  server.RaftServerConfigKeys (ConfUtils.java:logGet(43)) - raft.server.watch.timeout = 10s (default)
2019-07-16 15:43:47,633 INFO  server.RaftServerConfigKeys (ConfUtils.java:logGet(43)) - raft.server.watch.timeout.denomination = 1s (default)
2019-07-16 15:43:47,634 INFO  server.RaftServerConfigKeys (ConfUtils.java:logGet(43)) - raft.server.watch.element-limit = 65536 (default)
2019-07-16 15:43:47,645 INFO  impl.RoleInfo (RoleInfo.java:updateAndGet(143)) - 469381b4-877a-432e-ae04-240e5f3048f7: start LeaderState
2019-07-16 15:43:47,671 INFO  segmented.SegmentedRaftLogWorker (SegmentedRaftLogWorker.java:startLogSegment(380)) - 469381b4-877a-432e-ae04-240e5f3048f7-SegmentedRaftLogWorker:Storage Directory /workdir/hadoop-ozone/integration-test/target/test-dir/MiniOzoneClusterImpl-a37badc0-ddfb-4ad1-afc9-d0670ad69bd3/datanode-0/data/ratis/e90a4a50-1110-42e6-931e-f190546d5246: Starting segment from index:0
2019-07-16 15:43:47,681 INFO  impl.RaftServerImpl (ServerState.java:setRaftConf(361)) - 469381b4-877a-432e-ae04-240e5f3048f7:group-F190546D5246 set configuration 0: [469381b4-877a-432e-ae04-240e5f3048f7:192.168.69.88:43745], old=null at 0
2019-07-16 15:43:47,710 INFO  impl.FollowerState (FollowerState.java:run(106)) - ce59b7cc-bc3c-4df4-8e12-25ad17623547:group-0CD7AA2A3CD5 changes to CANDIDATE, lastRpcTime:5008, electionTimeout:5007ms
2019-07-16 15:43:47,712 INFO  impl.RoleInfo (RoleInfo.java:shutdownFollowerState(121)) - ce59b7cc-bc3c-4df4-8e12-25ad17623547: shutdown FollowerState
2019-07-16 15:43:47,712 INFO  impl.RaftServerImpl (RaftServerImpl.java:setRole(171)) - ce59b7cc-bc3c-4df4-8e12-25ad17623547:group-0CD7AA2A3CD5 changes role from FOLLOWER to CANDIDATE at term 0 for changeToCandidate
2019-07-16 15:43:47,712 INFO  impl.RoleInfo (RoleInfo.java:updateAndGet(143)) - ce59b7cc-bc3c-4df4-8e12-25ad17623547: start LeaderElection
2019-07-16 15:43:47,728 INFO  impl.LeaderElection (LeaderElection.java:askForVotes(181)) - ce59b7cc-bc3c-4df4-8e12-25ad17623547:group-0CD7AA2A3CD5:LeaderElection2: begin an election at term 1 for -1: [ce59b7cc-bc3c-4df4-8e12-25ad17623547:192.168.69.88:40955], old=null
2019-07-16 15:43:47,729 INFO  impl.RoleInfo (RoleInfo.java:shutdownLeaderElection(134)) - ce59b7cc-bc3c-4df4-8e12-25ad17623547: shutdown LeaderElection
2019-07-16 15:43:47,729 INFO  impl.RaftServerImpl (RaftServerImpl.java:setRole(171)) - ce59b7cc-bc3c-4df4-8e12-25ad17623547:group-0CD7AA2A3CD5 changes role from CANDIDATE to LEADER at term 1 for changeToLeader
2019-07-16 15:43:47,729 INFO  impl.RaftServerImpl (ServerState.java:setLeader(263)) - ce59b7cc-bc3c-4df4-8e12-25ad17623547:group-0CD7AA2A3CD5 change Leader from null to ce59b7cc-bc3c-4df4-8e12-25ad17623547 at term 1 for becomeLeader, leader elected after 5034ms
2019-07-16 15:43:47,729 INFO  server.RaftServerConfigKeys (ConfUtils.java:logGet(43)) - raft.server.staging.catchup.gap = 1000 (default)
2019-07-16 15:43:47,729 INFO  server.RaftServerConfigKeys (ConfUtils.java:logGet(43)) - raft.server.rpc.sleep.time = 25ms (default)
2019-07-16 15:43:47,730 INFO  server.RaftServerConfigKeys (ConfUtils.java:logGet(43)) - raft.server.write.element-limit = 4096 (default)
2019-07-16 15:43:47,730 INFO  server.RaftServerConfigKeys (ConfUtils.java:logGet(43)) - raft.server.watch.timeout = 10s (default)
2019-07-16 15:43:47,730 INFO  server.RaftServerConfigKeys (ConfUtils.java:logGet(43)) - raft.server.watch.timeout.denomination = 1s (default)
2019-07-16 15:43:47,731 INFO  server.RaftServerConfigKeys (ConfUtils.java:logGet(43)) - raft.server.watch.element-limit = 65536 (default)
2019-07-16 15:43:47,731 INFO  impl.RoleInfo (RoleInfo.java:updateAndGet(143)) - ce59b7cc-bc3c-4df4-8e12-25ad17623547: start LeaderState
2019-07-16 15:43:47,731 INFO  segmented.SegmentedRaftLogWorker (SegmentedRaftLogWorker.java:startLogSegment(380)) - ce59b7cc-bc3c-4df4-8e12-25ad17623547-SegmentedRaftLogWorker:Storage Directory /workdir/hadoop-ozone/integration-test/target/test-dir/MiniOzoneClusterImpl-a37badc0-ddfb-4ad1-afc9-d0670ad69bd3/datanode-1/data/ratis/3c36321d-61cf-4582-93bd-0cd7aa2a3cd5: Starting segment from index:0
2019-07-16 15:43:47,732 INFO  impl.RaftServerImpl (ServerState.java:setRaftConf(361)) - ce59b7cc-bc3c-4df4-8e12-25ad17623547:group-0CD7AA2A3CD5 set configuration 0: [ce59b7cc-bc3c-4df4-8e12-25ad17623547:192.168.69.88:40955], old=null at 0
2019-07-16 15:43:47,869 INFO  segmented.SegmentedRaftLogWorker (SegmentedRaftLogWorker.java:execute(569)) - 469381b4-877a-432e-ae04-240e5f3048f7-SegmentedRaftLogWorker:Storage Directory /workdir/hadoop-ozone/integration-test/target/test-dir/MiniOzoneClusterImpl-a37badc0-ddfb-4ad1-afc9-d0670ad69bd3/datanode-0/data/ratis/e90a4a50-1110-42e6-931e-f190546d5246: created new log segment /workdir/hadoop-ozone/integration-test/target/test-dir/MiniOzoneClusterImpl-a37badc0-ddfb-4ad1-afc9-d0670ad69bd3/datanode-0/data/ratis/e90a4a50-1110-42e6-931e-f190546d5246/current/log_inprogress_0
2019-07-16 15:43:47,869 INFO  segmented.SegmentedRaftLogWorker (SegmentedRaftLogWorker.java:execute(569)) - ce59b7cc-bc3c-4df4-8e12-25ad17623547-SegmentedRaftLogWorker:Storage Directory /workdir/hadoop-ozone/integration-test/target/test-dir/MiniOzoneClusterImpl-a37badc0-ddfb-4ad1-afc9-d0670ad69bd3/datanode-1/data/ratis/3c36321d-61cf-4582-93bd-0cd7aa2a3cd5: created new log segment /workdir/hadoop-ozone/integration-test/target/test-dir/MiniOzoneClusterImpl-a37badc0-ddfb-4ad1-afc9-d0670ad69bd3/datanode-1/data/ratis/3c36321d-61cf-4582-93bd-0cd7aa2a3cd5/current/log_inprogress_0
2019-07-16 15:43:47,907 INFO  impl.FollowerState (FollowerState.java:run(106)) - 469381b4-877a-432e-ae04-240e5f3048f7:group-3AF005E71C0A changes to CANDIDATE, lastRpcTime:5011, electionTimeout:5009ms
2019-07-16 15:43:47,908 INFO  impl.RoleInfo (RoleInfo.java:shutdownFollowerState(121)) - 469381b4-877a-432e-ae04-240e5f3048f7: shutdown FollowerState
2019-07-16 15:43:47,908 INFO  impl.RaftServerImpl (RaftServerImpl.java:setRole(171)) - 469381b4-877a-432e-ae04-240e5f3048f7:group-3AF005E71C0A changes role from FOLLOWER to CANDIDATE at term 0 for changeToCandidate
2019-07-16 15:43:47,909 INFO  impl.RoleInfo (RoleInfo.java:updateAndGet(143)) - 469381b4-877a-432e-ae04-240e5f3048f7: start LeaderElection
2019-07-16 15:43:47,919 INFO  impl.FollowerState (FollowerState.java:run(106)) - ce59b7cc-bc3c-4df4-8e12-25ad17623547:group-3AF005E71C0A changes to CANDIDATE, lastRpcTime:5023, electionTimeout:5021ms
2019-07-16 15:43:47,920 INFO  impl.RoleInfo (RoleInfo.java:shutdownFollowerState(121)) - ce59b7cc-bc3c-4df4-8e12-25ad17623547: shutdown FollowerState
2019-07-16 15:43:47,920 INFO  impl.RaftServerImpl (RaftServerImpl.java:setRole(171)) - ce59b7cc-bc3c-4df4-8e12-25ad17623547:group-3AF005E71C0A changes role from FOLLOWER to CANDIDATE at term 0 for changeToCandidate
2019-07-16 15:43:47,921 INFO  impl.RoleInfo (RoleInfo.java:updateAndGet(143)) - ce59b7cc-bc3c-4df4-8e12-25ad17623547: start LeaderElection
2019-07-16 15:43:47,925 INFO  impl.LeaderElection (LeaderElection.java:askForVotes(181)) - 469381b4-877a-432e-ae04-240e5f3048f7:group-3AF005E71C0A:LeaderElection3: begin an election at term 1 for -1: [469381b4-877a-432e-ae04-240e5f3048f7:192.168.69.88:43745, bfb89a05-faf5-41fb-8b68-c57bc4bc9197:192.168.69.88:36912, ce59b7cc-bc3c-4df4-8e12-25ad17623547:192.168.69.88:40955], old=null
2019-07-16 15:43:47,927 INFO  impl.LeaderElection (LeaderElection.java:askForVotes(181)) - ce59b7cc-bc3c-4df4-8e12-25ad17623547:group-3AF005E71C0A:LeaderElection4: begin an election at term 1 for -1: [469381b4-877a-432e-ae04-240e5f3048f7:192.168.69.88:43745, bfb89a05-faf5-41fb-8b68-c57bc4bc9197:192.168.69.88:36912, ce59b7cc-bc3c-4df4-8e12-25ad17623547:192.168.69.88:40955], old=null
2019-07-16 15:43:47,936 INFO  impl.FollowerState (FollowerState.java:run(106)) - bfb89a05-faf5-41fb-8b68-c57bc4bc9197:group-3AF005E71C0A changes to CANDIDATE, lastRpcTime:5046, electionTimeout:5045ms
2019-07-16 15:43:47,936 INFO  impl.RoleInfo (RoleInfo.java:shutdownFollowerState(121)) - bfb89a05-faf5-41fb-8b68-c57bc4bc9197: shutdown FollowerState
2019-07-16 15:43:47,936 INFO  impl.RaftServerImpl (RaftServerImpl.java:setRole(171)) - bfb89a05-faf5-41fb-8b68-c57bc4bc9197:group-3AF005E71C0A changes role from FOLLOWER to CANDIDATE at term 0 for changeToCandidate
2019-07-16 15:43:47,938 INFO  impl.RoleInfo (RoleInfo.java:updateAndGet(143)) - bfb89a05-faf5-41fb-8b68-c57bc4bc9197: start LeaderElection
2019-07-16 15:43:47,968 INFO  impl.FollowerState (FollowerState.java:run(106)) - bfb89a05-faf5-41fb-8b68-c57bc4bc9197:group-7C4959342184 changes to CANDIDATE, lastRpcTime:5180, electionTimeout:5179ms
2019-07-16 15:43:47,968 INFO  impl.LeaderElection (LeaderElection.java:askForVotes(181)) - bfb89a05-faf5-41fb-8b68-c57bc4bc9197:group-3AF005E71C0A:LeaderElection5: begin an election at term 1 for -1: [469381b4-877a-432e-ae04-240e5f3048f7:192.168.69.88:43745, bfb89a05-faf5-41fb-8b68-c57bc4bc9197:192.168.69.88:36912, ce59b7cc-bc3c-4df4-8e12-25ad17623547:192.168.69.88:40955], old=null
2019-07-16 15:43:47,969 INFO  impl.RoleInfo (RoleInfo.java:shutdownFollowerState(121)) - bfb89a05-faf5-41fb-8b68-c57bc4bc9197: shutdown FollowerState
2019-07-16 15:43:47,969 INFO  impl.RaftServerImpl (RaftServerImpl.java:setRole(171)) - bfb89a05-faf5-41fb-8b68-c57bc4bc9197:group-7C4959342184 changes role from FOLLOWER to CANDIDATE at term 0 for changeToCandidate
2019-07-16 15:43:47,969 INFO  impl.RoleInfo (RoleInfo.java:updateAndGet(143)) - bfb89a05-faf5-41fb-8b68-c57bc4bc9197: start LeaderElection
2019-07-16 15:43:47,984 INFO  impl.LeaderElection (LeaderElection.java:logAndReturn(56)) - 469381b4-877a-432e-ae04-240e5f3048f7:group-3AF005E71C0A:LeaderElection3: Election REJECTED; received 2 response(s) [469381b4-877a-432e-ae04-240e5f3048f7<-bfb89a05-faf5-41fb-8b68-c57bc4bc9197#0:FAIL-t1, 469381b4-877a-432e-ae04-240e5f3048f7<-ce59b7cc-bc3c-4df4-8e12-25ad17623547#0:FAIL-t1] and 0 exception(s); 469381b4-877a-432e-ae04-240e5f3048f7:t1, leader=null, voted=469381b4-877a-432e-ae04-240e5f3048f7, raftlog=469381b4-877a-432e-ae04-240e5f3048f7-SegmentedRaftLog:OPENED:c-1,f-1,i0, conf=-1: [469381b4-877a-432e-ae04-240e5f3048f7:192.168.69.88:43745, bfb89a05-faf5-41fb-8b68-c57bc4bc9197:192.168.69.88:36912, ce59b7cc-bc3c-4df4-8e12-25ad17623547:192.168.69.88:40955], old=null
2019-07-16 15:43:47,984 INFO  impl.LeaderElection (LeaderElection.java:logAndReturn(56)) - ce59b7cc-bc3c-4df4-8e12-25ad17623547:group-3AF005E71C0A:LeaderElection4: Election REJECTED; received 2 response(s) [ce59b7cc-bc3c-4df4-8e12-25ad17623547<-469381b4-877a-432e-ae04-240e5f3048f7#0:FAIL-t1, ce59b7cc-bc3c-4df4-8e12-25ad17623547<-bfb89a05-faf5-41fb-8b68-c57bc4bc9197#0:FAIL-t1] and 0 exception(s); ce59b7cc-bc3c-4df4-8e12-25ad17623547:t1, leader=null, voted=ce59b7cc-bc3c-4df4-8e12-25ad17623547, raftlog=ce59b7cc-bc3c-4df4-8e12-25ad17623547-SegmentedRaftLog:OPENED:c-1,f-1,i0, conf=-1: [469381b4-877a-432e-ae04-240e5f3048f7:192.168.69.88:43745, bfb89a05-faf5-41fb-8b68-c57bc4bc9197:192.168.69.88:36912, ce59b7cc-bc3c-4df4-8e12-25ad17623547:192.168.69.88:40955], old=null
2019-07-16 15:43:47,986 INFO  impl.LeaderElection (LeaderElection.java:askForVotes(181)) - bfb89a05-faf5-41fb-8b68-c57bc4bc9197:group-7C4959342184:LeaderElection6: begin an election at term 1 for -1: [bfb89a05-faf5-41fb-8b68-c57bc4bc9197:192.168.69.88:36912], old=null
2019-07-16 15:43:47,989 INFO  impl.RaftServerImpl (RaftServerImpl.java:setRole(171)) - 469381b4-877a-432e-ae04-240e5f3048f7:group-3AF005E71C0A changes role from CANDIDATE to FOLLOWER at term 1 for DISCOVERED_A_NEW_TERM
2019-07-16 15:43:47,990 INFO  impl.RoleInfo (RoleInfo.java:shutdownLeaderElection(134)) - bfb89a05-faf5-41fb-8b68-c57bc4bc9197: shutdown LeaderElection
2019-07-16 15:43:47,989 INFO  impl.RaftServerImpl (RaftServerImpl.java:setRole(171)) - ce59b7cc-bc3c-4df4-8e12-25ad17623547:group-3AF005E71C0A changes role from CANDIDATE to FOLLOWER at term 1 for DISCOVERED_A_NEW_TERM
2019-07-16 15:43:47,990 INFO  impl.RaftServerImpl (RaftServerImpl.java:setRole(171)) - bfb89a05-faf5-41fb-8b68-c57bc4bc9197:group-7C4959342184 changes role from CANDIDATE to LEADER at term 1 for changeToLeader
2019-07-16 15:43:47,990 INFO  impl.RoleInfo (RoleInfo.java:shutdownLeaderElection(134)) - 469381b4-877a-432e-ae04-240e5f3048f7: shutdown LeaderElection
2019-07-16 15:43:47,990 INFO  impl.RaftServerImpl (ServerState.java:setLeader(263)) - bfb89a05-faf5-41fb-8b68-c57bc4bc9197:group-7C4959342184 change Leader from null to bfb89a05-faf5-41fb-8b68-c57bc4bc9197 at term 1 for becomeLeader, leader elected after 5208ms
2019-07-16 15:43:47,990 INFO  impl.RoleInfo (RoleInfo.java:shutdownLeaderElection(134)) - ce59b7cc-bc3c-4df4-8e12-25ad17623547: shutdown LeaderElection
2019-07-16 15:43:47,991 INFO  server.RaftServerConfigKeys (ConfUtils.java:logGet(43)) - raft.server.staging.catchup.gap = 1000 (default)
2019-07-16 15:43:47,991 INFO  impl.RoleInfo (RoleInfo.java:updateAndGet(143)) - 469381b4-877a-432e-ae04-240e5f3048f7: start FollowerState
2019-07-16 15:43:47,991 INFO  server.RaftServerConfigKeys (ConfUtils.java:logGet(43)) - raft.server.rpc.sleep.time = 25ms (default)
2019-07-16 15:43:47,991 INFO  impl.RoleInfo (RoleInfo.java:updateAndGet(143)) - ce59b7cc-bc3c-4df4-8e12-25ad17623547: start FollowerState
2019-07-16 15:43:47,993 INFO  server.RaftServerConfigKeys (ConfUtils.java:logGet(43)) - raft.server.write.element-limit = 4096 (default)
2019-07-16 15:43:47,993 INFO  server.RaftServerConfigKeys (ConfUtils.java:logGet(43)) - raft.server.watch.timeout = 10s (default)
2019-07-16 15:43:47,993 INFO  server.RaftServerConfigKeys (ConfUtils.java:logGet(43)) - raft.server.watch.timeout.denomination = 1s (default)
2019-07-16 15:43:47,994 INFO  server.RaftServerConfigKeys (ConfUtils.java:logGet(43)) - raft.server.watch.element-limit = 65536 (default)
2019-07-16 15:43:47,995 INFO  impl.RoleInfo (RoleInfo.java:updateAndGet(143)) - bfb89a05-faf5-41fb-8b68-c57bc4bc9197: start LeaderState
2019-07-16 15:43:47,996 INFO  segmented.SegmentedRaftLogWorker (SegmentedRaftLogWorker.java:startLogSegment(380)) - bfb89a05-faf5-41fb-8b68-c57bc4bc9197-SegmentedRaftLogWorker:Storage Directory /workdir/hadoop-ozone/integration-test/target/test-dir/MiniOzoneClusterImpl-a37badc0-ddfb-4ad1-afc9-d0670ad69bd3/datanode-2/data/ratis/d3f9f094-bf54-43fb-9f32-7c4959342184: Starting segment from index:0
2019-07-16 15:43:47,996 INFO  impl.RaftServerImpl (ServerState.java:setRaftConf(361)) - bfb89a05-faf5-41fb-8b68-c57bc4bc9197:group-7C4959342184 set configuration 0: [bfb89a05-faf5-41fb-8b68-c57bc4bc9197:192.168.69.88:36912], old=null at 0
2019-07-16 15:43:48,018 INFO  impl.LeaderElection (LeaderElection.java:logAndReturn(56)) - bfb89a05-faf5-41fb-8b68-c57bc4bc9197:group-3AF005E71C0A:LeaderElection5: Election REJECTED; received 2 response(s) [bfb89a05-faf5-41fb-8b68-c57bc4bc9197<-469381b4-877a-432e-ae04-240e5f3048f7#0:FAIL-t1, bfb89a05-faf5-41fb-8b68-c57bc4bc9197<-ce59b7cc-bc3c-4df4-8e12-25ad17623547#0:FAIL-t1] and 0 exception(s); bfb89a05-faf5-41fb-8b68-c57bc4bc9197:t1, leader=null, voted=bfb89a05-faf5-41fb-8b68-c57bc4bc9197, raftlog=bfb89a05-faf5-41fb-8b68-c57bc4bc9197-SegmentedRaftLog:OPENED:c-1,f-1,i0, conf=-1: [469381b4-877a-432e-ae04-240e5f3048f7:192.168.69.88:43745, bfb89a05-faf5-41fb-8b68-c57bc4bc9197:192.168.69.88:36912, ce59b7cc-bc3c-4df4-8e12-25ad17623547:192.168.69.88:40955], old=null
2019-07-16 15:43:48,019 INFO  impl.RaftServerImpl (RaftServerImpl.java:setRole(171)) - bfb89a05-faf5-41fb-8b68-c57bc4bc9197:group-3AF005E71C0A changes role from CANDIDATE to FOLLOWER at term 1 for DISCOVERED_A_NEW_TERM
2019-07-16 15:43:48,019 INFO  impl.RoleInfo (RoleInfo.java:shutdownLeaderElection(134)) - bfb89a05-faf5-41fb-8b68-c57bc4bc9197: shutdown LeaderElection
2019-07-16 15:43:48,020 INFO  impl.RoleInfo (RoleInfo.java:updateAndGet(143)) - bfb89a05-faf5-41fb-8b68-c57bc4bc9197: start FollowerState
2019-07-16 15:43:48,037 INFO  segmented.SegmentedRaftLogWorker (SegmentedRaftLogWorker.java:execute(569)) - bfb89a05-faf5-41fb-8b68-c57bc4bc9197-SegmentedRaftLogWorker:Storage Directory /workdir/hadoop-ozone/integration-test/target/test-dir/MiniOzoneClusterImpl-a37badc0-ddfb-4ad1-afc9-d0670ad69bd3/datanode-2/data/ratis/d3f9f094-bf54-43fb-9f32-7c4959342184: created new log segment /workdir/hadoop-ozone/integration-test/target/test-dir/MiniOzoneClusterImpl-a37badc0-ddfb-4ad1-afc9-d0670ad69bd3/datanode-2/data/ratis/d3f9f094-bf54-43fb-9f32-7c4959342184/current/log_inprogress_0
2019-07-16 15:43:49,839 INFO  client.GrpcClientProtocolClient (GrpcClientProtocolClient.java:onNext(255)) - client-DF2D43D05DCF->bfb89a05-faf5-41fb-8b68-c57bc4bc9197: receive RaftClientReply:client-DF2D43D05DCF->bfb89a05-faf5-41fb-8b68-c57bc4bc9197@group-7C4959342184, cid=6, SUCCESS, logIndex=1, commits[bfb89a05-faf5-41fb-8b68-c57bc4bc9197:c1]
2019-07-16 15:43:49,951 INFO  client.GrpcClientProtocolClient (GrpcClientProtocolClient.java:onNext(255)) - client-DF2D43D05DCF->bfb89a05-faf5-41fb-8b68-c57bc4bc9197: receive RaftClientReply:client-DF2D43D05DCF->bfb89a05-faf5-41fb-8b68-c57bc4bc9197@group-7C4959342184, cid=7, SUCCESS, logIndex=3, commits[bfb89a05-faf5-41fb-8b68-c57bc4bc9197:c4]
2019-07-16 15:43:50,018 INFO  client.GrpcClientProtocolClient (GrpcClientProtocolClient.java:onNext(255)) - client-52C7000578B8->ce59b7cc-bc3c-4df4-8e12-25ad17623547: receive RaftClientReply:client-52C7000578B8->ce59b7cc-bc3c-4df4-8e12-25ad17623547@group-3AF005E71C0A, cid=8, FAILED org.apache.ratis.protocol.NotLeaderException: Server ce59b7cc-bc3c-4df4-8e12-25ad17623547 is not the leader (null). Request must be sent to leader., logIndex=0, commits[ce59b7cc-bc3c-4df4-8e12-25ad17623547:c-1]
2019-07-16 15:43:51,044 INFO  client.GrpcClientProtocolClient (GrpcClientProtocolClient.java:onNext(255)) - client-52C7000578B8->469381b4-877a-432e-ae04-240e5f3048f7: receive RaftClientReply:client-52C7000578B8->469381b4-877a-432e-ae04-240e5f3048f7@group-3AF005E71C0A, cid=8, FAILED org.apache.ratis.protocol.NotLeaderException: Server 469381b4-877a-432e-ae04-240e5f3048f7 is not the leader (null). Request must be sent to leader., logIndex=0, commits[469381b4-877a-432e-ae04-240e5f3048f7:c-1]
2019-07-16 15:43:52,065 INFO  client.GrpcClientProtocolClient (GrpcClientProtocolClient.java:onNext(255)) - client-52C7000578B8->bfb89a05-faf5-41fb-8b68-c57bc4bc9197: receive RaftClientReply:client-52C7000578B8->bfb89a05-faf5-41fb-8b68-c57bc4bc9197@group-3AF005E71C0A, cid=8, FAILED org.apache.ratis.protocol.NotLeaderException: Server bfb89a05-faf5-41fb-8b68-c57bc4bc9197 is not the leader (null). Request must be sent to leader., logIndex=0, commits[bfb89a05-faf5-41fb-8b68-c57bc4bc9197:c-1]
2019-07-16 15:43:53,037 INFO  impl.FollowerState (FollowerState.java:run(106)) - bfb89a05-faf5-41fb-8b68-c57bc4bc9197:group-3AF005E71C0A changes to CANDIDATE, lastRpcTime:5016, electionTimeout:5015ms
2019-07-16 15:43:53,039 INFO  impl.RoleInfo (RoleInfo.java:shutdownFollowerState(121)) - bfb89a05-faf5-41fb-8b68-c57bc4bc9197: shutdown FollowerState
2019-07-16 15:43:53,039 INFO  impl.RaftServerImpl (RaftServerImpl.java:setRole(171)) - bfb89a05-faf5-41fb-8b68-c57bc4bc9197:group-3AF005E71C0A changes role from FOLLOWER to CANDIDATE at term 1 for changeToCandidate
2019-07-16 15:43:53,039 INFO  impl.RoleInfo (RoleInfo.java:updateAndGet(143)) - bfb89a05-faf5-41fb-8b68-c57bc4bc9197: start LeaderElection
2019-07-16 15:43:53,054 INFO  impl.LeaderElection (LeaderElection.java:askForVotes(181)) - bfb89a05-faf5-41fb-8b68-c57bc4bc9197:group-3AF005E71C0A:LeaderElection7: begin an election at term 2 for -1: [469381b4-877a-432e-ae04-240e5f3048f7:192.168.69.88:43745, bfb89a05-faf5-41fb-8b68-c57bc4bc9197:192.168.69.88:36912, ce59b7cc-bc3c-4df4-8e12-25ad17623547:192.168.69.88:40955], old=null
2019-07-16 15:43:53,062 INFO  impl.RaftServerImpl (RaftServerImpl.java:setRole(171)) - ce59b7cc-bc3c-4df4-8e12-25ad17623547:group-3AF005E71C0A changes role from FOLLOWER to FOLLOWER at term 2 for recognizeCandidate:bfb89a05-faf5-41fb-8b68-c57bc4bc9197
2019-07-16 15:43:53,062 INFO  impl.RaftServerImpl (RaftServerImpl.java:setRole(171)) - 469381b4-877a-432e-ae04-240e5f3048f7:group-3AF005E71C0A changes role from FOLLOWER to FOLLOWER at term 2 for recognizeCandidate:bfb89a05-faf5-41fb-8b68-c57bc4bc9197
2019-07-16 15:43:53,062 INFO  impl.RoleInfo (RoleInfo.java:shutdownFollowerState(121)) - ce59b7cc-bc3c-4df4-8e12-25ad17623547: shutdown FollowerState
2019-07-16 15:43:53,062 INFO  impl.RoleInfo (RoleInfo.java:shutdownFollowerState(121)) - 469381b4-877a-432e-ae04-240e5f3048f7: shutdown FollowerState
2019-07-16 15:43:53,063 INFO  impl.RoleInfo (RoleInfo.java:updateAndGet(143)) - ce59b7cc-bc3c-4df4-8e12-25ad17623547: start FollowerState
2019-07-16 15:43:53,063 INFO  impl.RoleInfo (RoleInfo.java:updateAndGet(143)) - 469381b4-877a-432e-ae04-240e5f3048f7: start FollowerState
2019-07-16 15:43:53,063 INFO  impl.FollowerState (FollowerState.java:run(114)) - 469381b4-877a-432e-ae04-240e5f3048f7: FollowerState was interrupted: java.lang.InterruptedException: sleep interrupted
2019-07-16 15:43:53,063 INFO  impl.FollowerState (FollowerState.java:run(114)) - ce59b7cc-bc3c-4df4-8e12-25ad17623547: FollowerState was interrupted: java.lang.InterruptedException: sleep interrupted
2019-07-16 15:43:53,090 INFO  impl.LeaderElection (LeaderElection.java:logAndReturn(56)) - bfb89a05-faf5-41fb-8b68-c57bc4bc9197:group-3AF005E71C0A:LeaderElection7: Election PASSED; received 1 response(s) [bfb89a05-faf5-41fb-8b68-c57bc4bc9197<-469381b4-877a-432e-ae04-240e5f3048f7#0:OK-t2] and 0 exception(s); bfb89a05-faf5-41fb-8b68-c57bc4bc9197:t2, leader=null, voted=bfb89a05-faf5-41fb-8b68-c57bc4bc9197, raftlog=bfb89a05-faf5-41fb-8b68-c57bc4bc9197-SegmentedRaftLog:OPENED:c-1,f-1,i0, conf=-1: [469381b4-877a-432e-ae04-240e5f3048f7:192.168.69.88:43745, bfb89a05-faf5-41fb-8b68-c57bc4bc9197:192.168.69.88:36912, ce59b7cc-bc3c-4df4-8e12-25ad17623547:192.168.69.88:40955], old=null
2019-07-16 15:43:53,091 INFO  impl.RoleInfo (RoleInfo.java:shutdownLeaderElection(134)) - bfb89a05-faf5-41fb-8b68-c57bc4bc9197: shutdown LeaderElection
2019-07-16 15:43:53,092 INFO  impl.RaftServerImpl (RaftServerImpl.java:setRole(171)) - bfb89a05-faf5-41fb-8b68-c57bc4bc9197:group-3AF005E71C0A changes role from CANDIDATE to LEADER at term 2 for changeToLeader
2019-07-16 15:43:53,092 INFO  impl.RaftServerImpl (ServerState.java:setLeader(263)) - bfb89a05-faf5-41fb-8b68-c57bc4bc9197:group-3AF005E71C0A change Leader from null to bfb89a05-faf5-41fb-8b68-c57bc4bc9197 at term 2 for becomeLeader, leader elected after 10214ms
2019-07-16 15:43:53,092 INFO  server.RaftServerConfigKeys (ConfUtils.java:logGet(43)) - raft.server.staging.catchup.gap = 1000 (default)
2019-07-16 15:43:53,093 INFO  server.RaftServerConfigKeys (ConfUtils.java:logGet(43)) - raft.server.rpc.sleep.time = 25ms (default)
2019-07-16 15:43:53,093 INFO  server.RaftServerConfigKeys (ConfUtils.java:logGet(43)) - raft.server.write.element-limit = 4096 (default)
2019-07-16 15:43:53,093 INFO  server.RaftServerConfigKeys (ConfUtils.java:logGet(43)) - raft.server.watch.timeout = 10s (default)
2019-07-16 15:43:53,093 INFO  server.RaftServerConfigKeys (ConfUtils.java:logGet(43)) - raft.server.watch.timeout.denomination = 1s (default)
2019-07-16 15:43:53,093 INFO  server.RaftServerConfigKeys (ConfUtils.java:logGet(43)) - raft.server.watch.element-limit = 65536 (default)
2019-07-16 15:43:53,098 INFO  server.RaftServerConfigKeys (ConfUtils.java:logGet(43)) - raft.server.log.appender.snapshot.chunk.size.max = 16MB (=16777216) (default)
2019-07-16 15:43:53,098 INFO  server.RaftServerConfigKeys (ConfUtils.java:logGet(43)) - raft.server.log.appender.buffer.byte-limit = 33554432 (custom)
2019-07-16 15:43:53,099 INFO  server.RaftServerConfigKeys (ConfUtils.java:logGet(43)) - raft.server.log.appender.buffer.element-limit = 1 (custom)
2019-07-16 15:43:53,103 INFO  client.GrpcClientProtocolClient (GrpcClientProtocolClient.java:onNext(255)) - client-52C7000578B8->ce59b7cc-bc3c-4df4-8e12-25ad17623547: receive RaftClientReply:client-52C7000578B8->ce59b7cc-bc3c-4df4-8e12-25ad17623547@group-3AF005E71C0A, cid=8, FAILED org.apache.ratis.protocol.NotLeaderException: Server ce59b7cc-bc3c-4df4-8e12-25ad17623547 is not the leader (null). Request must be sent to leader., logIndex=0, commits[ce59b7cc-bc3c-4df4-8e12-25ad17623547:c-1]
2019-07-16 15:43:53,113 INFO  grpc.GrpcConfigKeys$Server (ConfUtils.java:logGet(43)) - raft.grpc.server.leader.outstanding.appends.max = 128 (default)
2019-07-16 15:43:53,114 INFO  server.RaftServerConfigKeys (ConfUtils.java:logGet(43)) - raft.server.rpc.request.timeout = 3000ms (default)
2019-07-16 15:43:53,115 INFO  server.RaftServerConfigKeys (ConfUtils.java:logGet(43)) - raft.server.log.appender.install.snapshot.enabled = false (custom)
2019-07-16 15:43:53,115 INFO  server.RaftServerConfigKeys (ConfUtils.java:logGet(43)) - raft.server.log.appender.snapshot.chunk.size.max = 16MB (=16777216) (default)
2019-07-16 15:43:53,115 INFO  server.RaftServerConfigKeys (ConfUtils.java:logGet(43)) - raft.server.log.appender.buffer.byte-limit = 33554432 (custom)
2019-07-16 15:43:53,115 INFO  server.RaftServerConfigKeys (ConfUtils.java:logGet(43)) - raft.server.log.appender.buffer.element-limit = 1 (custom)
2019-07-16 15:43:53,115 INFO  grpc.GrpcConfigKeys$Server (ConfUtils.java:logGet(43)) - raft.grpc.server.leader.outstanding.appends.max = 128 (default)
2019-07-16 15:43:53,116 INFO  server.RaftServerConfigKeys (ConfUtils.java:logGet(43)) - raft.server.rpc.request.timeout = 3000ms (default)
2019-07-16 15:43:53,116 INFO  server.RaftServerConfigKeys (ConfUtils.java:logGet(43)) - raft.server.log.appender.install.snapshot.enabled = false (custom)
2019-07-16 15:43:53,117 INFO  impl.RoleInfo (RoleInfo.java:updateAndGet(143)) - bfb89a05-faf5-41fb-8b68-c57bc4bc9197: start LeaderState
2019-07-16 15:43:53,118 INFO  segmented.SegmentedRaftLogWorker (SegmentedRaftLogWorker.java:startLogSegment(380)) - bfb89a05-faf5-41fb-8b68-c57bc4bc9197-SegmentedRaftLogWorker:Storage Directory /workdir/hadoop-ozone/integration-test/target/test-dir/MiniOzoneClusterImpl-a37badc0-ddfb-4ad1-afc9-d0670ad69bd3/datanode-2/data/ratis/79cc6707-6f6e-49cc-8d95-3af005e71c0a: Starting segment from index:0
2019-07-16 15:43:53,119 INFO  impl.RaftServerImpl (ServerState.java:setRaftConf(361)) - bfb89a05-faf5-41fb-8b68-c57bc4bc9197:group-3AF005E71C0A set configuration 0: [469381b4-877a-432e-ae04-240e5f3048f7:192.168.69.88:43745, bfb89a05-faf5-41fb-8b68-c57bc4bc9197:192.168.69.88:36912, ce59b7cc-bc3c-4df4-8e12-25ad17623547:192.168.69.88:40955], old=null at 0
2019-07-16 15:43:53,149 INFO  segmented.SegmentedRaftLogWorker (SegmentedRaftLogWorker.java:execute(569)) - bfb89a05-faf5-41fb-8b68-c57bc4bc9197-SegmentedRaftLogWorker:Storage Directory /workdir/hadoop-ozone/integration-test/target/test-dir/MiniOzoneClusterImpl-a37badc0-ddfb-4ad1-afc9-d0670ad69bd3/datanode-2/data/ratis/79cc6707-6f6e-49cc-8d95-3af005e71c0a: created new log segment /workdir/hadoop-ozone/integration-test/target/test-dir/MiniOzoneClusterImpl-a37badc0-ddfb-4ad1-afc9-d0670ad69bd3/datanode-2/data/ratis/79cc6707-6f6e-49cc-8d95-3af005e71c0a/current/log_inprogress_0
2019-07-16 15:43:53,157 INFO  impl.RaftServerImpl (ServerState.java:setLeader(263)) - 469381b4-877a-432e-ae04-240e5f3048f7:group-3AF005E71C0A change Leader from null to bfb89a05-faf5-41fb-8b68-c57bc4bc9197 at term 2 for appendEntries, leader elected after 10279ms
2019-07-16 15:43:53,157 INFO  impl.RaftServerImpl (ServerState.java:setLeader(263)) - ce59b7cc-bc3c-4df4-8e12-25ad17623547:group-3AF005E71C0A change Leader from null to bfb89a05-faf5-41fb-8b68-c57bc4bc9197 at term 2 for appendEntries, leader elected after 10280ms
2019-07-16 15:43:53,191 INFO  impl.RaftServerImpl (ServerState.java:setRaftConf(361)) - ce59b7cc-bc3c-4df4-8e12-25ad17623547:group-3AF005E71C0A set configuration 0: [469381b4-877a-432e-ae04-240e5f3048f7:192.168.69.88:43745, bfb89a05-faf5-41fb-8b68-c57bc4bc9197:192.168.69.88:36912, ce59b7cc-bc3c-4df4-8e12-25ad17623547:192.168.69.88:40955], old=null at 0
2019-07-16 15:43:53,191 INFO  impl.RaftServerImpl (ServerState.java:setRaftConf(361)) - 469381b4-877a-432e-ae04-240e5f3048f7:group-3AF005E71C0A set configuration 0: [469381b4-877a-432e-ae04-240e5f3048f7:192.168.69.88:43745, bfb89a05-faf5-41fb-8b68-c57bc4bc9197:192.168.69.88:36912, ce59b7cc-bc3c-4df4-8e12-25ad17623547:192.168.69.88:40955], old=null at 0
2019-07-16 15:43:53,191 INFO  segmented.SegmentedRaftLogWorker (SegmentedRaftLogWorker.java:startLogSegment(380)) - ce59b7cc-bc3c-4df4-8e12-25ad17623547-SegmentedRaftLogWorker:Storage Directory /workdir/hadoop-ozone/integration-test/target/test-dir/MiniOzoneClusterImpl-a37badc0-ddfb-4ad1-afc9-d0670ad69bd3/datanode-1/data/ratis/79cc6707-6f6e-49cc-8d95-3af005e71c0a: Starting segment from index:0
2019-07-16 15:43:53,191 INFO  segmented.SegmentedRaftLogWorker (SegmentedRaftLogWorker.java:startLogSegment(380)) - 469381b4-877a-432e-ae04-240e5f3048f7-SegmentedRaftLogWorker:Storage Directory /workdir/hadoop-ozone/integration-test/target/test-dir/MiniOzoneClusterImpl-a37badc0-ddfb-4ad1-afc9-d0670ad69bd3/datanode-0/data/ratis/79cc6707-6f6e-49cc-8d95-3af005e71c0a: Starting segment from index:0
2019-07-16 15:43:53,220 INFO  segmented.SegmentedRaftLogWorker (SegmentedRaftLogWorker.java:execute(569)) - ce59b7cc-bc3c-4df4-8e12-25ad17623547-SegmentedRaftLogWorker:Storage Directory /workdir/hadoop-ozone/integration-test/target/test-dir/MiniOzoneClusterImpl-a37badc0-ddfb-4ad1-afc9-d0670ad69bd3/datanode-1/data/ratis/79cc6707-6f6e-49cc-8d95-3af005e71c0a: created new log segment /workdir/hadoop-ozone/integration-test/target/test-dir/MiniOzoneClusterImpl-a37badc0-ddfb-4ad1-afc9-d0670ad69bd3/datanode-1/data/ratis/79cc6707-6f6e-49cc-8d95-3af005e71c0a/current/log_inprogress_0
2019-07-16 15:43:53,220 INFO  segmented.SegmentedRaftLogWorker (SegmentedRaftLogWorker.java:execute(569)) - 469381b4-877a-432e-ae04-240e5f3048f7-SegmentedRaftLogWorker:Storage Directory /workdir/hadoop-ozone/integration-test/target/test-dir/MiniOzoneClusterImpl-a37badc0-ddfb-4ad1-afc9-d0670ad69bd3/datanode-0/data/ratis/79cc6707-6f6e-49cc-8d95-3af005e71c0a: created new log segment /workdir/hadoop-ozone/integration-test/target/test-dir/MiniOzoneClusterImpl-a37badc0-ddfb-4ad1-afc9-d0670ad69bd3/datanode-0/data/ratis/79cc6707-6f6e-49cc-8d95-3af005e71c0a/current/log_inprogress_0
2019-07-16 15:43:54,124 INFO  keyvalue.KeyValueHandler (ContainerUtils.java:logAndReturnError(146)) - Operation: CreateContainer : Trace ID: 661cccdb7e107ec3:661cccdb7e107ec3:0:0 : Message: Container creation failed, due to disk out of space : Result: DISK_OUT_OF_SPACE
15:43:54.129 [pool-68-thread-2] ERROR DNAudit - user=null | ip=null | op=WRITE_CHUNK {blockData=conID: 2 locID: 102451893370355715 bcsId: 0} | ret=FAILURE
org.apache.hadoop.hdds.scm.container.common.helpers.StorageContainerException: ContainerID 2 creation failed
	at org.apache.hadoop.ozone.container.common.impl.HddsDispatcher.dispatchRequest(HddsDispatcher.java:227) ~[hadoop-hdds-container-service-0.5.0-SNAPSHOT.jar:?]
	at org.apache.hadoop.ozone.container.common.impl.HddsDispatcher.dispatch(HddsDispatcher.java:148) ~[hadoop-hdds-container-service-0.5.0-SNAPSHOT.jar:?]
	at org.apache.hadoop.ozone.container.common.transport.server.ratis.ContainerStateMachine.dispatchCommand(ContainerStateMachine.java:358) ~[hadoop-hdds-container-service-0.5.0-SNAPSHOT.jar:?]
	at org.apache.hadoop.ozone.container.common.transport.server.ratis.ContainerStateMachine.runCommand(ContainerStateMachine.java:365) ~[hadoop-hdds-container-service-0.5.0-SNAPSHOT.jar:?]
	at org.apache.hadoop.ozone.container.common.transport.server.ratis.ContainerStateMachine.lambda$handleWriteChunk$0(ContainerStateMachine.java:396) ~[hadoop-hdds-container-service-0.5.0-SNAPSHOT.jar:?]
	at java.util.concurrent.CompletableFuture$AsyncSupply.run(CompletableFuture.java:1590) [?:1.8.0_212]
	at java.util.concurrent.ThreadPoolExecutor.runWorker(ThreadPoolExecutor.java:1149) [?:1.8.0_212]
	at java.util.concurrent.ThreadPoolExecutor$Worker.run(ThreadPoolExecutor.java:624) [?:1.8.0_212]
	at java.lang.Thread.run(Thread.java:748) [?:1.8.0_212]
2019-07-16 15:43:54,143 INFO  impl.HddsDispatcher (ContainerUtils.java:logAndReturnError(146)) - Operation: WriteChunk : Trace ID: 661cccdb7e107ec3:661cccdb7e107ec3:0:0 : Message: ContainerID 2 creation failed : Result: DISK_OUT_OF_SPACE
15:43:54.240 [pool-71-thread-1] ERROR DNAudit - user=null | ip=null | op=WRITE_CHUNK {blockData=conID: 2 locID: 102451893370355715 bcsId: 0} | ret=FAILURE
org.apache.hadoop.hdds.scm.container.common.helpers.StorageContainerException: ContainerID 2 does not exist
	at org.apache.hadoop.ozone.container.common.impl.HddsDispatcher.dispatchRequest(HddsDispatcher.java:242) ~[hadoop-hdds-container-service-0.5.0-SNAPSHOT.jar:?]
	at org.apache.hadoop.ozone.container.common.impl.HddsDispatcher.dispatch(HddsDispatcher.java:148) ~[hadoop-hdds-container-service-0.5.0-SNAPSHOT.jar:?]
	at org.apache.hadoop.ozone.container.common.transport.server.ratis.ContainerStateMachine.dispatchCommand(ContainerStateMachine.java:358) ~[hadoop-hdds-container-service-0.5.0-SNAPSHOT.jar:?]
	at org.apache.hadoop.ozone.container.common.transport.server.ratis.ContainerStateMachine.runCommand(ContainerStateMachine.java:365) ~[hadoop-hdds-container-service-0.5.0-SNAPSHOT.jar:?]
	at org.apache.hadoop.ozone.container.common.transport.server.ratis.ContainerStateMachine.lambda$applyTransaction$5(ContainerStateMachine.java:631) ~[hadoop-hdds-container-service-0.5.0-SNAPSHOT.jar:?]
	at java.util.concurrent.CompletableFuture$AsyncSupply.run(CompletableFuture.java:1590) [?:1.8.0_212]
	at java.util.concurrent.ThreadPoolExecutor.runWorker(ThreadPoolExecutor.java:1149) [?:1.8.0_212]
	at java.util.concurrent.ThreadPoolExecutor$Worker.run(ThreadPoolExecutor.java:624) [?:1.8.0_212]
	at java.lang.Thread.run(Thread.java:748) [?:1.8.0_212]
2019-07-16 15:43:54,241 INFO  impl.HddsDispatcher (ContainerUtils.java:logAndReturnError(146)) - Operation: WriteChunk : Trace ID: 661cccdb7e107ec3:661cccdb7e107ec3:0:0 : Message: ContainerID 2 does not exist : Result: CONTAINER_NOT_FOUND
2019-07-16 15:43:54,250 INFO  client.GrpcClientProtocolClient (GrpcClientProtocolClient.java:onNext(255)) - client-52C7000578B8->bfb89a05-faf5-41fb-8b68-c57bc4bc9197: receive RaftClientReply:client-52C7000578B8->bfb89a05-faf5-41fb-8b68-c57bc4bc9197@group-3AF005E71C0A, cid=8, SUCCESS, logIndex=1, commits[bfb89a05-faf5-41fb-8b68-c57bc4bc9197:c1, 469381b4-877a-432e-ae04-240e5f3048f7:c0, ce59b7cc-bc3c-4df4-8e12-25ad17623547:c0]
2019-07-16 15:43:54,255 ERROR storage.BlockOutputStream (BlockOutputStream.java:validateResponse(532)) - Unexpected Storage Container Exception: 
org.apache.hadoop.hdds.scm.container.common.helpers.StorageContainerException: ContainerID 2 does not exist
	at org.apache.hadoop.hdds.scm.storage.ContainerProtocolCalls.validateContainerResponse(ContainerProtocolCalls.java:536)
	at org.apache.hadoop.hdds.scm.storage.BlockOutputStream.validateResponse(BlockOutputStream.java:530)
	at org.apache.hadoop.hdds.scm.storage.BlockOutputStream.lambda$writeChunkToContainer$2(BlockOutputStream.java:607)
	at java.util.concurrent.CompletableFuture.uniApply(CompletableFuture.java:602)
	at java.util.concurrent.CompletableFuture$UniApply.tryFire(CompletableFuture.java:577)
	at java.util.concurrent.CompletableFuture$Completion.run(CompletableFuture.java:442)
	at java.util.concurrent.ThreadPoolExecutor.runWorker(ThreadPoolExecutor.java:1149)
	at java.util.concurrent.ThreadPoolExecutor$Worker.run(ThreadPoolExecutor.java:624)
	at java.lang.Thread.run(Thread.java:748)
15:43:54.271 [pool-71-thread-1] ERROR DNAudit - user=null | ip=null | op=PUT_BLOCK {blockData=[blockId=conID: 2 locID: 102451893370355715 bcsId: 0,size=36]} | ret=FAILURE
org.apache.hadoop.hdds.scm.container.common.helpers.StorageContainerException: ContainerID 2 does not exist
	at org.apache.hadoop.ozone.container.common.impl.HddsDispatcher.dispatchRequest(HddsDispatcher.java:242) ~[hadoop-hdds-container-service-0.5.0-SNAPSHOT.jar:?]
	at org.apache.hadoop.ozone.container.common.impl.HddsDispatcher.dispatch(HddsDispatcher.java:148) ~[hadoop-hdds-container-service-0.5.0-SNAPSHOT.jar:?]
	at org.apache.hadoop.ozone.container.common.transport.server.ratis.ContainerStateMachine.dispatchCommand(ContainerStateMachine.java:358) ~[hadoop-hdds-container-service-0.5.0-SNAPSHOT.jar:?]
	at org.apache.hadoop.ozone.container.common.transport.server.ratis.ContainerStateMachine.runCommand(ContainerStateMachine.java:365) ~[hadoop-hdds-container-service-0.5.0-SNAPSHOT.jar:?]
	at org.apache.hadoop.ozone.container.common.transport.server.ratis.ContainerStateMachine.lambda$applyTransaction$5(ContainerStateMachine.java:631) ~[hadoop-hdds-container-service-0.5.0-SNAPSHOT.jar:?]
	at java.util.concurrent.CompletableFuture$AsyncSupply.run(CompletableFuture.java:1590) [?:1.8.0_212]
	at java.util.concurrent.ThreadPoolExecutor.runWorker(ThreadPoolExecutor.java:1149) [?:1.8.0_212]
	at java.util.concurrent.ThreadPoolExecutor$Worker.run(ThreadPoolExecutor.java:624) [?:1.8.0_212]
	at java.lang.Thread.run(Thread.java:748) [?:1.8.0_212]
2019-07-16 15:43:54,272 INFO  impl.HddsDispatcher (ContainerUtils.java:logAndReturnError(146)) - Operation: PutBlock : Trace ID: e466f9a81594b12b:e466f9a81594b12b:0:0 : Message: ContainerID 2 does not exist : Result: CONTAINER_NOT_FOUND
2019-07-16 15:43:54,276 INFO  client.GrpcClientProtocolClient (GrpcClientProtocolClient.java:onNext(255)) - client-52C7000578B8->bfb89a05-faf5-41fb-8b68-c57bc4bc9197: receive RaftClientReply:client-52C7000578B8->bfb89a05-faf5-41fb-8b68-c57bc4bc9197@group-3AF005E71C0A, cid=9, SUCCESS, logIndex=3, commits[bfb89a05-faf5-41fb-8b68-c57bc4bc9197:c3, 469381b4-877a-432e-ae04-240e5f3048f7:c1, ce59b7cc-bc3c-4df4-8e12-25ad17623547:c1]
]]></system-out>
    <system-err><![CDATA[ERROR StatusLogger No Log4j 2 configuration file found. Using default configuration (logging only errors to the console), or user programmatically provided configurations. Set system property 'log4j2.debug' to show Log4j 2 internal initialization logging. See https://logging.apache.org/log4j/2.x/manual/configuration.html for instructions on how to configure Log4j 2
Jul 16, 2019 3:43:36 PM com.sun.jersey.server.impl.application.WebApplicationImpl _initiate
INFO: Initiating Jersey application, version 'Jersey: 1.19 02/11/2015 03:25 AM'
Jul 16, 2019 3:43:37 PM com.sun.jersey.server.impl.application.WebApplicationImpl _initiate
INFO: Initiating Jersey application, version 'Jersey: 1.19 02/11/2015 03:25 AM'
Jul 16, 2019 3:43:37 PM com.sun.jersey.server.impl.application.WebApplicationImpl _initiate
INFO: Initiating Jersey application, version 'Jersey: 1.19 02/11/2015 03:25 AM'
]]></system-err>
  </testcase>
</testsuite>