<?xml version="1.0" encoding="UTF-8"?>
<testsuite xmlns:xsi="http://www.w3.org/2001/XMLSchema-instance" xsi:noNamespaceSchemaLocation="https://maven.apache.org/surefire/maven-surefire-plugin/xsd/surefire-test-report.xsd" name="org.apache.hadoop.ozone.client.rpc.TestWatchForCommit" time="226.18" tests="6" errors="0" skipped="0" failures="1">
  <properties>
    <property name="awt.toolkit" value="sun.awt.X11.XToolkit"/>
    <property name="file.encoding.pkg" value="sun.io"/>
    <property name="java.specification.version" value="1.8"/>
    <property name="sun.cpu.isalist" value=""/>
    <property name="sun.jnu.encoding" value="UTF-8"/>
    <property name="java.class.path" value="/workdir/hadoop-ozone/integration-test/target/test-classes:/workdir/hadoop-ozone/integration-test/target/classes:/home/user/.m2/repository/org/apache/hadoop/hadoop-ozone-common/0.5.0-SNAPSHOT/hadoop-ozone-common-0.5.0-SNAPSHOT.jar:/home/user/.m2/repository/org/apache/commons/commons-compress/1.4.1/commons-compress-1.4.1.jar:/home/user/.m2/repository/org/tukaani/xz/1.0/xz-1.0.jar:/home/user/.m2/repository/org/apache/hadoop/hadoop-common/3.2.0/hadoop-common-3.2.0.jar:/home/user/.m2/repository/org/apache/hadoop/hadoop-hdfs/3.2.0/hadoop-hdfs-3.2.0.jar:/home/user/.m2/repository/org/apache/hadoop/hadoop-hdfs-client/3.2.0/hadoop-hdfs-client-3.2.0.jar:/home/user/.m2/repository/com/fasterxml/jackson/core/jackson-annotations/2.9.5/jackson-annotations-2.9.5.jar:/home/user/.m2/repository/org/apache/hadoop/hadoop-hdds-common/0.5.0-SNAPSHOT/hadoop-hdds-common-0.5.0-SNAPSHOT.jar:/home/user/.m2/repository/javax/annotation/javax.annotation-api/1.2/javax.annotation-api-1.2.jar:/home/user/.m2/repository/org/apache/ratis/ratis-server/0.4.0-2337318-SNAPSHOT/ratis-server-0.4.0-2337318-SNAPSHOT.jar:/home/user/.m2/repository/org/apache/ratis/ratis-thirdparty-misc/0.2.0/ratis-thirdparty-misc-0.2.0.jar:/home/user/.m2/repository/org/apache/ratis/ratis-proto/0.4.0-2337318-SNAPSHOT/ratis-proto-0.4.0-2337318-SNAPSHOT.jar:/home/user/.m2/repository/org/apache/ratis/ratis-common/0.4.0-2337318-SNAPSHOT/ratis-common-0.4.0-2337318-SNAPSHOT.jar:/home/user/.m2/repository/org/apache/ratis/ratis-client/0.4.0-2337318-SNAPSHOT/ratis-client-0.4.0-2337318-SNAPSHOT.jar:/home/user/.m2/repository/org/apache/ratis/ratis-metrics/0.4.0-2337318-SNAPSHOT/ratis-metrics-0.4.0-2337318-SNAPSHOT.jar:/home/user/.m2/repository/org/apache/ratis/ratis-netty/0.4.0-2337318-SNAPSHOT/ratis-netty-0.4.0-2337318-SNAPSHOT.jar:/home/user/.m2/repository/org/apache/ratis/ratis-grpc/0.4.0-2337318-SNAPSHOT/ratis-grpc-0.4.0-2337318-SNAPSHOT.jar:/home/user/.m2/repository/org/rocksdb/rocksdbjni/6.0.1/rocksdbjni-6.0.1.jar:/home/user/.m2/repository/org/apache/logging/log4j/log4j-api/2.11.0/log4j-api-2.11.0.jar:/home/user/.m2/repository/org/apache/logging/log4j/log4j-core/2.11.0/log4j-core-2.11.0.jar:/home/user/.m2/repository/com/lmax/disruptor/3.4.2/disruptor-3.4.2.jar:/home/user/.m2/repository/org/apache/commons/commons-pool2/2.6.0/commons-pool2-2.6.0.jar:/home/user/.m2/repository/org/bouncycastle/bcpkix-jdk15on/1.60/bcpkix-jdk15on-1.60.jar:/home/user/.m2/repository/commons-validator/commons-validator/1.6/commons-validator-1.6.jar:/home/user/.m2/repository/commons-digester/commons-digester/1.8.1/commons-digester-1.8.1.jar:/home/user/.m2/repository/io/jaegertracing/jaeger-client/0.33.1/jaeger-client-0.33.1.jar:/home/user/.m2/repository/io/jaegertracing/jaeger-thrift/0.33.1/jaeger-thrift-0.33.1.jar:/home/user/.m2/repository/org/apache/thrift/libthrift/0.11.0/libthrift-0.11.0.jar:/home/user/.m2/repository/com/squareup/okhttp3/okhttp/3.9.0/okhttp-3.9.0.jar:/home/user/.m2/repository/com/squareup/okio/okio/1.13.0/okio-1.13.0.jar:/home/user/.m2/repository/io/jaegertracing/jaeger-core/0.33.1/jaeger-core-0.33.1.jar:/home/user/.m2/repository/io/jaegertracing/jaeger-tracerresolver/0.33.1/jaeger-tracerresolver-0.33.1.jar:/home/user/.m2/repository/io/opentracing/contrib/opentracing-tracerresolver/0.1.5/opentracing-tracerresolver-0.1.5.jar:/home/user/.m2/repository/io/opentracing/opentracing-util/0.31.0/opentracing-util-0.31.0.jar:/home/user/.m2/repository/io/opentracing/opentracing-api/0.31.0/opentracing-api-0.31.0.jar:/home/user/.m2/repository/io/opentracing/opentracing-noop/0.31.0/opentracing-noop-0.31.0.jar:/home/user/.m2/repository/org/apache/hadoop/hadoop-hdds-server-framework/0.5.0-SNAPSHOT/hadoop-hdds-server-framework-0.5.0-SNAPSHOT.jar:/home/user/.m2/repository/org/apache/hadoop/hadoop-hdds-container-service/0.5.0-SNAPSHOT/hadoop-hdds-container-service-0.5.0-SNAPSHOT.jar:/home/user/.m2/repository/org/apache/hadoop/hadoop-hdds-client/0.5.0-SNAPSHOT/hadoop-hdds-client-0.5.0-SNAPSHOT.jar:/home/user/.m2/repository/org/apache/hadoop/hadoop-hdds-tools/0.5.0-SNAPSHOT/hadoop-hdds-tools-0.5.0-SNAPSHOT.jar:/home/user/.m2/repository/org/apache/hadoop/hadoop-hdds-server-scm/0.5.0-SNAPSHOT/hadoop-hdds-server-scm-0.5.0-SNAPSHOT.jar:/home/user/.m2/repository/org/apache/hadoop/hadoop-hdds-docs/0.5.0-SNAPSHOT/hadoop-hdds-docs-0.5.0-SNAPSHOT.jar:/home/user/.m2/repository/io/dropwizard/metrics/metrics-core/3.2.4/metrics-core-3.2.4.jar:/home/user/.m2/repository/org/hamcrest/hamcrest-all/1.3/hamcrest-all-1.3.jar:/home/user/.m2/repository/org/bouncycastle/bcprov-jdk15on/1.60/bcprov-jdk15on-1.60.jar:/home/user/.m2/repository/info/picocli/picocli/3.9.6/picocli-3.9.6.jar:/home/user/.m2/repository/com/google/protobuf/protobuf-java/2.5.0/protobuf-java-2.5.0.jar:/home/user/.m2/repository/com/google/guava/guava/11.0.2/guava-11.0.2.jar:/home/user/.m2/repository/org/apache/hadoop/hadoop-ozone-ozone-manager/0.5.0-SNAPSHOT/hadoop-ozone-ozone-manager-0.5.0-SNAPSHOT.jar:/home/user/.m2/repository/org/apache/hadoop/hadoop-minikdc/3.2.0/hadoop-minikdc-3.2.0.jar:/home/user/.m2/repository/commons-io/commons-io/2.5/commons-io-2.5.jar:/home/user/.m2/repository/org/apache/kerby/kerb-simplekdc/1.0.1/kerb-simplekdc-1.0.1.jar:/home/user/.m2/repository/org/apache/kerby/kerb-client/1.0.1/kerb-client-1.0.1.jar:/home/user/.m2/repository/org/apache/kerby/kerby-config/1.0.1/kerby-config-1.0.1.jar:/home/user/.m2/repository/org/apache/kerby/kerb-core/1.0.1/kerb-core-1.0.1.jar:/home/user/.m2/repository/org/apache/kerby/kerby-pkix/1.0.1/kerby-pkix-1.0.1.jar:/home/user/.m2/repository/org/apache/kerby/kerby-asn1/1.0.1/kerby-asn1-1.0.1.jar:/home/user/.m2/repository/org/apache/kerby/kerby-util/1.0.1/kerby-util-1.0.1.jar:/home/user/.m2/repository/org/apache/kerby/kerb-common/1.0.1/kerb-common-1.0.1.jar:/home/user/.m2/repository/org/apache/kerby/kerb-crypto/1.0.1/kerb-crypto-1.0.1.jar:/home/user/.m2/repository/org/apache/kerby/kerb-util/1.0.1/kerb-util-1.0.1.jar:/home/user/.m2/repository/org/apache/kerby/token-provider/1.0.1/token-provider-1.0.1.jar:/home/user/.m2/repository/org/apache/kerby/kerb-admin/1.0.1/kerb-admin-1.0.1.jar:/home/user/.m2/repository/org/apache/kerby/kerb-server/1.0.1/kerb-server-1.0.1.jar:/home/user/.m2/repository/org/apache/kerby/kerb-identity/1.0.1/kerb-identity-1.0.1.jar:/home/user/.m2/repository/org/apache/kerby/kerby-xdr/1.0.1/kerby-xdr-1.0.1.jar:/home/user/.m2/repository/org/slf4j/slf4j-log4j12/1.7.25/slf4j-log4j12-1.7.25.jar:/home/user/.m2/repository/org/apache/hadoop/hadoop-ozone-objectstore-service/0.5.0-SNAPSHOT/hadoop-ozone-objectstore-service-0.5.0-SNAPSHOT.jar:/home/user/.m2/repository/org/apache/hadoop/hadoop-ozone-s3gateway/0.5.0-SNAPSHOT/hadoop-ozone-s3gateway-0.5.0-SNAPSHOT.jar:/home/user/.m2/repository/org/jboss/weld/servlet/weld-servlet/2.4.7.Final/weld-servlet-2.4.7.Final.jar:/home/user/.m2/repository/org/glassfish/jersey/containers/jersey-container-servlet-core/2.27/jersey-container-servlet-core-2.27.jar:/home/user/.m2/repository/org/glassfish/hk2/external/javax.inject/2.5.0-b42/javax.inject-2.5.0-b42.jar:/home/user/.m2/repository/org/glassfish/jersey/core/jersey-common/2.27/jersey-common-2.27.jar:/home/user/.m2/repository/org/glassfish/hk2/osgi-resource-locator/1.0.1/osgi-resource-locator-1.0.1.jar:/home/user/.m2/repository/javax/ws/rs/javax.ws.rs-api/2.1/javax.ws.rs-api-2.1.jar:/home/user/.m2/repository/org/glassfish/jersey/ext/cdi/jersey-cdi1x/2.27/jersey-cdi1x-2.27.jar:/home/user/.m2/repository/org/glassfish/jersey/inject/jersey-hk2/2.27/jersey-hk2-2.27.jar:/home/user/.m2/repository/org/glassfish/hk2/hk2-locator/2.5.0-b42/hk2-locator-2.5.0-b42.jar:/home/user/.m2/repository/org/javassist/javassist/3.22.0-CR2/javassist-3.22.0-CR2.jar:/home/user/.m2/repository/org/glassfish/hk2/hk2-api/2.5.0/hk2-api-2.5.0.jar:/home/user/.m2/repository/org/glassfish/hk2/external/jakarta.inject/2.5.0/jakarta.inject-2.5.0.jar:/home/user/.m2/repository/org/glassfish/hk2/hk2-utils/2.5.0/hk2-utils-2.5.0.jar:/home/user/.m2/repository/jakarta/annotation/jakarta.annotation-api/1.3.4/jakarta.annotation-api-1.3.4.jar:/home/user/.m2/repository/org/glassfish/hk2/external/aopalliance-repackaged/2.5.0/aopalliance-repackaged-2.5.0.jar:/home/user/.m2/repository/com/fasterxml/jackson/dataformat/jackson-dataformat-xml/2.9.0/jackson-dataformat-xml-2.9.0.jar:/home/user/.m2/repository/com/fasterxml/jackson/core/jackson-core/2.9.5/jackson-core-2.9.5.jar:/home/user/.m2/repository/com/fasterxml/jackson/module/jackson-module-jaxb-annotations/2.9.5/jackson-module-jaxb-annotations-2.9.5.jar:/home/user/.m2/repository/javax/enterprise/cdi-api/1.2/cdi-api-1.2.jar:/home/user/.m2/repository/javax/el/javax.el-api/3.0.0/javax.el-api-3.0.0.jar:/home/user/.m2/repository/javax/interceptor/javax.interceptor-api/1.2/javax.interceptor-api-1.2.jar:/home/user/.m2/repository/javax/inject/javax.inject/1/javax.inject-1.jar:/home/user/.m2/repository/com/sun/xml/bind/jaxb-impl/2.3.0.1/jaxb-impl-2.3.0.1.jar:/home/user/.m2/repository/com/sun/xml/bind/jaxb-core/2.3.0.1/jaxb-core-2.3.0.1.jar:/home/user/.m2/repository/javax/xml/bind/jaxb-api/2.3.0/jaxb-api-2.3.0.jar:/home/user/.m2/repository/javax/activation/activation/1.1.1/activation-1.1.1.jar:/home/user/.m2/repository/org/apache/hadoop/hadoop-ozone-csi/0.5.0-SNAPSHOT/hadoop-ozone-csi-0.5.0-SNAPSHOT.jar:/home/user/.m2/repository/com/google/protobuf/protobuf-java-util/3.5.1/protobuf-java-util-3.5.1.jar:/home/user/.m2/repository/org/apache/hadoop/hadoop-hdds-config/0.5.0-SNAPSHOT/hadoop-hdds-config-0.5.0-SNAPSHOT.jar:/home/user/.m2/repository/io/grpc/grpc-netty/1.17.1/grpc-netty-1.17.1.jar:/home/user/.m2/repository/io/grpc/grpc-core/1.17.1/grpc-core-1.17.1.jar:/home/user/.m2/repository/io/grpc/grpc-context/1.17.1/grpc-context-1.17.1.jar:/home/user/.m2/repository/com/google/errorprone/error_prone_annotations/2.2.0/error_prone_annotations-2.2.0.jar:/home/user/.m2/repository/org/codehaus/mojo/animal-sniffer-annotations/1.17/animal-sniffer-annotations-1.17.jar:/home/user/.m2/repository/io/opencensus/opencensus-api/0.17.0/opencensus-api-0.17.0.jar:/home/user/.m2/repository/io/opencensus/opencensus-contrib-grpc-metrics/0.17.0/opencensus-contrib-grpc-metrics-0.17.0.jar:/home/user/.m2/repository/io/netty/netty-codec-http2/4.1.30.Final/netty-codec-http2-4.1.30.Final.jar:/home/user/.m2/repository/io/netty/netty-codec-http/4.1.30.Final/netty-codec-http-4.1.30.Final.jar:/home/user/.m2/repository/io/netty/netty-codec/4.1.30.Final/netty-codec-4.1.30.Final.jar:/home/user/.m2/repository/io/netty/netty-handler/4.1.30.Final/netty-handler-4.1.30.Final.jar:/home/user/.m2/repository/io/netty/netty-handler-proxy/4.1.30.Final/netty-handler-proxy-4.1.30.Final.jar:/home/user/.m2/repository/io/netty/netty-codec-socks/4.1.30.Final/netty-codec-socks-4.1.30.Final.jar:/home/user/.m2/repository/io/netty/netty-transport-native-epoll/4.1.30.Final/netty-transport-native-epoll-4.1.30.Final.jar:/home/user/.m2/repository/io/netty/netty-common/4.1.30.Final/netty-common-4.1.30.Final.jar:/home/user/.m2/repository/io/netty/netty-buffer/4.1.30.Final/netty-buffer-4.1.30.Final.jar:/home/user/.m2/repository/io/netty/netty-transport/4.1.30.Final/netty-transport-4.1.30.Final.jar:/home/user/.m2/repository/io/netty/netty-resolver/4.1.30.Final/netty-resolver-4.1.30.Final.jar:/home/user/.m2/repository/io/netty/netty-transport-native-unix-common/4.1.30.Final/netty-transport-native-unix-common-4.1.30.Final.jar:/home/user/.m2/repository/io/grpc/grpc-protobuf/1.17.1/grpc-protobuf-1.17.1.jar:/home/user/.m2/repository/com/google/api/grpc/proto-google-common-protos/1.0.0/proto-google-common-protos-1.0.0.jar:/home/user/.m2/repository/io/grpc/grpc-protobuf-lite/1.17.1/grpc-protobuf-lite-1.17.1.jar:/home/user/.m2/repository/io/grpc/grpc-stub/1.17.1/grpc-stub-1.17.1.jar:/home/user/.m2/repository/org/apache/hadoop/hadoop-ozone-recon/0.5.0-SNAPSHOT/hadoop-ozone-recon-0.5.0-SNAPSHOT.jar:/home/user/.m2/repository/org/apache/hadoop/hadoop-ozone-reconcodegen/0.5.0-SNAPSHOT/hadoop-ozone-reconcodegen-0.5.0-SNAPSHOT.jar:/home/user/.m2/repository/com/google/inject/extensions/guice-multibindings/4.0/guice-multibindings-4.0.jar:/home/user/.m2/repository/com/google/inject/guice/4.0/guice-4.0.jar:/home/user/.m2/repository/aopalliance/aopalliance/1.0/aopalliance-1.0.jar:/home/user/.m2/repository/com/google/inject/extensions/guice-servlet/4.0/guice-servlet-4.0.jar:/home/user/.m2/repository/org/glassfish/jersey/containers/jersey-container-servlet/2.27/jersey-container-servlet-2.27.jar:/home/user/.m2/repository/org/glassfish/hk2/guice-bridge/2.5.0/guice-bridge-2.5.0.jar:/home/user/.m2/repository/org/glassfish/jersey/core/jersey-server/2.27/jersey-server-2.27.jar:/home/user/.m2/repository/org/glassfish/jersey/core/jersey-client/2.27/jersey-client-2.27.jar:/home/user/.m2/repository/org/glassfish/jersey/media/jersey-media-jaxb/2.27/jersey-media-jaxb-2.27.jar:/home/user/.m2/repository/javax/validation/validation-api/1.1.0.Final/validation-api-1.1.0.Final.jar:/home/user/.m2/repository/org/glassfish/jersey/media/jersey-media-json-jackson/2.27/jersey-media-json-jackson-2.27.jar:/home/user/.m2/repository/org/glassfish/jersey/ext/jersey-entity-filtering/2.27/jersey-entity-filtering-2.27.jar:/home/user/.m2/repository/com/google/inject/extensions/guice-assistedinject/4.0/guice-assistedinject-4.0.jar:/home/user/.m2/repository/org/jooq/jooq/3.11.10/jooq-3.11.10.jar:/home/user/.m2/repository/org/jooq/jooq-meta/3.11.10/jooq-meta-3.11.10.jar:/home/user/.m2/repository/org/jooq/jooq-codegen/3.11.10/jooq-codegen-3.11.10.jar:/home/user/.m2/repository/com/jolbox/bonecp/0.8.0.RELEASE/bonecp-0.8.0.RELEASE.jar:/home/user/.m2/repository/org/xerial/sqlite-jdbc/3.25.2/sqlite-jdbc-3.25.2.jar:/home/user/.m2/repository/org/springframework/spring-jdbc/5.1.3.RELEASE/spring-jdbc-5.1.3.RELEASE.jar:/home/user/.m2/repository/org/springframework/spring-beans/5.1.3.RELEASE/spring-beans-5.1.3.RELEASE.jar:/home/user/.m2/repository/org/springframework/spring-core/5.1.3.RELEASE/spring-core-5.1.3.RELEASE.jar:/home/user/.m2/repository/org/springframework/spring-jcl/5.1.3.RELEASE/spring-jcl-5.1.3.RELEASE.jar:/home/user/.m2/repository/org/springframework/spring-tx/5.1.3.RELEASE/spring-tx-5.1.3.RELEASE.jar:/home/user/.m2/repository/org/apache/hadoop/hadoop-ozone-client/0.5.0-SNAPSHOT/hadoop-ozone-client-0.5.0-SNAPSHOT.jar:/home/user/.m2/repository/commons-lang/commons-lang/2.6/commons-lang-2.6.jar:/home/user/.m2/repository/org/apache/hadoop/hadoop-ozone-ozone-manager/0.5.0-SNAPSHOT/hadoop-ozone-ozone-manager-0.5.0-SNAPSHOT-tests.jar:/home/user/.m2/repository/junit/junit/4.11/junit-4.11.jar:/home/user/.m2/repository/org/hamcrest/hamcrest-core/1.3/hamcrest-core-1.3.jar:/home/user/.m2/repository/org/openjdk/jmh/jmh-core/1.19/jmh-core-1.19.jar:/home/user/.m2/repository/net/sf/jopt-simple/jopt-simple/4.6/jopt-simple-4.6.jar:/home/user/.m2/repository/org/apache/commons/commons-math3/3.1.1/commons-math3-3.1.1.jar:/home/user/.m2/repository/org/openjdk/jmh/jmh-generator-annprocess/1.19/jmh-generator-annprocess-1.19.jar:/home/user/.m2/repository/org/mockito/mockito-all/1.8.5/mockito-all-1.8.5.jar:/home/user/.m2/repository/org/apache/hadoop/hadoop-kms/3.2.0/hadoop-kms-3.2.0.jar:/home/user/.m2/repository/org/apache/hadoop/hadoop-auth/3.2.0/hadoop-auth-3.2.0.jar:/home/user/.m2/repository/com/nimbusds/nimbus-jose-jwt/4.41.1/nimbus-jose-jwt-4.41.1.jar:/home/user/.m2/repository/com/github/stephenc/jcip/jcip-annotations/1.0-1/jcip-annotations-1.0-1.jar:/home/user/.m2/repository/net/minidev/json-smart/2.3/json-smart-2.3.jar:/home/user/.m2/repository/net/minidev/accessors-smart/1.2/accessors-smart-1.2.jar:/home/user/.m2/repository/org/ow2/asm/asm/5.0.4/asm-5.0.4.jar:/home/user/.m2/repository/org/apache/curator/curator-framework/2.12.0/curator-framework-2.12.0.jar:/home/user/.m2/repository/com/sun/jersey/jersey-core/1.19/jersey-core-1.19.jar:/home/user/.m2/repository/javax/ws/rs/jsr311-api/1.1.1/jsr311-api-1.1.1.jar:/home/user/.m2/repository/com/sun/jersey/jersey-server/1.19/jersey-server-1.19.jar:/home/user/.m2/repository/javax/servlet/javax.servlet-api/3.1.0/javax.servlet-api-3.1.0.jar:/home/user/.m2/repository/org/eclipse/jetty/jetty-server/9.3.24.v20180605/jetty-server-9.3.24.v20180605.jar:/home/user/.m2/repository/org/eclipse/jetty/jetty-http/9.3.24.v20180605/jetty-http-9.3.24.v20180605.jar:/home/user/.m2/repository/org/eclipse/jetty/jetty-io/9.3.24.v20180605/jetty-io-9.3.24.v20180605.jar:/home/user/.m2/repository/org/eclipse/jetty/jetty-webapp/9.3.24.v20180605/jetty-webapp-9.3.24.v20180605.jar:/home/user/.m2/repository/org/eclipse/jetty/jetty-xml/9.3.24.v20180605/jetty-xml-9.3.24.v20180605.jar:/home/user/.m2/repository/log4j/log4j/1.2.17/log4j-1.2.17.jar:/home/user/.m2/repository/org/slf4j/slf4j-api/1.7.25/slf4j-api-1.7.25.jar:/home/user/.m2/repository/org/slf4j/jul-to-slf4j/1.7.25/jul-to-slf4j-1.7.25.jar:/home/user/.m2/repository/org/eclipse/jetty/jetty-util/9.3.24.v20180605/jetty-util-9.3.24.v20180605.jar:/home/user/.m2/repository/com/fasterxml/jackson/core/jackson-databind/2.9.5/jackson-databind-2.9.5.jar:/home/user/.m2/repository/org/apache/hadoop/hadoop-kms/3.2.0/hadoop-kms-3.2.0-tests.jar:/home/user/.m2/repository/org/apache/hadoop/hadoop-hdds-server-scm/0.5.0-SNAPSHOT/hadoop-hdds-server-scm-0.5.0-SNAPSHOT-tests.jar:/home/user/.m2/repository/org/apache/hadoop/hadoop-hdds-container-service/0.5.0-SNAPSHOT/hadoop-hdds-container-service-0.5.0-SNAPSHOT-tests.jar:/home/user/.m2/repository/org/yaml/snakeyaml/1.16/snakeyaml-1.16.jar:/home/user/.m2/repository/org/apache/hadoop/hadoop-common/3.2.0/hadoop-common-3.2.0-tests.jar:/home/user/.m2/repository/org/apache/hadoop/hadoop-annotations/3.2.0/hadoop-annotations-3.2.0.jar:/usr/lib/jvm/java-1.8-openjdk/jre/../lib/tools.jar:/home/user/.m2/repository/commons-cli/commons-cli/1.2/commons-cli-1.2.jar:/home/user/.m2/repository/org/apache/httpcomponents/httpclient/4.5.2/httpclient-4.5.2.jar:/home/user/.m2/repository/org/apache/httpcomponents/httpcore/4.4.4/httpcore-4.4.4.jar:/home/user/.m2/repository/commons-codec/commons-codec/1.11/commons-codec-1.11.jar:/home/user/.m2/repository/commons-net/commons-net/3.6/commons-net-3.6.jar:/home/user/.m2/repository/commons-collections/commons-collections/3.2.2/commons-collections-3.2.2.jar:/home/user/.m2/repository/org/eclipse/jetty/jetty-servlet/9.3.24.v20180605/jetty-servlet-9.3.24.v20180605.jar:/home/user/.m2/repository/org/eclipse/jetty/jetty-security/9.3.24.v20180605/jetty-security-9.3.24.v20180605.jar:/home/user/.m2/repository/javax/servlet/jsp/jsp-api/2.1/jsp-api-2.1.jar:/home/user/.m2/repository/com/sun/jersey/jersey-servlet/1.19/jersey-servlet-1.19.jar:/home/user/.m2/repository/com/sun/jersey/jersey-json/1.19/jersey-json-1.19.jar:/home/user/.m2/repository/org/codehaus/jettison/jettison/1.1/jettison-1.1.jar:/home/user/.m2/repository/org/codehaus/jackson/jackson-core-asl/1.9.13/jackson-core-asl-1.9.13.jar:/home/user/.m2/repository/org/codehaus/jackson/jackson-mapper-asl/1.9.13/jackson-mapper-asl-1.9.13.jar:/home/user/.m2/repository/org/codehaus/jackson/jackson-jaxrs/1.9.13/jackson-jaxrs-1.9.13.jar:/home/user/.m2/repository/org/codehaus/jackson/jackson-xc/1.9.13/jackson-xc-1.9.13.jar:/home/user/.m2/repository/commons-logging/commons-logging/1.1.3/commons-logging-1.1.3.jar:/home/user/.m2/repository/commons-beanutils/commons-beanutils/1.9.3/commons-beanutils-1.9.3.jar:/home/user/.m2/repository/org/apache/commons/commons-configuration2/2.1.1/commons-configuration2-2.1.1.jar:/home/user/.m2/repository/org/apache/commons/commons-lang3/3.7/commons-lang3-3.7.jar:/home/user/.m2/repository/org/apache/commons/commons-text/1.4/commons-text-1.4.jar:/home/user/.m2/repository/org/apache/avro/avro/1.7.7/avro-1.7.7.jar:/home/user/.m2/repository/com/thoughtworks/paranamer/paranamer/2.3/paranamer-2.3.jar:/home/user/.m2/repository/org/xerial/snappy/snappy-java/1.0.5/snappy-java-1.0.5.jar:/home/user/.m2/repository/com/google/re2j/re2j/1.1/re2j-1.1.jar:/home/user/.m2/repository/com/google/code/gson/gson/2.2.4/gson-2.2.4.jar:/home/user/.m2/repository/com/jcraft/jsch/0.1.54/jsch-0.1.54.jar:/home/user/.m2/repository/org/apache/curator/curator-client/2.12.0/curator-client-2.12.0.jar:/home/user/.m2/repository/org/apache/curator/curator-recipes/2.12.0/curator-recipes-2.12.0.jar:/home/user/.m2/repository/com/google/code/findbugs/jsr305/3.0.0/jsr305-3.0.0.jar:/home/user/.m2/repository/org/apache/htrace/htrace-core4/4.1.0-incubating/htrace-core4-4.1.0-incubating.jar:/home/user/.m2/repository/org/apache/zookeeper/zookeeper/3.4.13/zookeeper-3.4.13.jar:/home/user/.m2/repository/org/apache/yetus/audience-annotations/0.5.0/audience-annotations-0.5.0.jar:/home/user/.m2/repository/org/codehaus/woodstox/stax2-api/3.1.4/stax2-api-3.1.4.jar:/home/user/.m2/repository/com/fasterxml/woodstox/woodstox-core/5.0.3/woodstox-core-5.0.3.jar:/home/user/.m2/repository/dnsjava/dnsjava/2.1.7/dnsjava-2.1.7.jar:/home/user/.m2/repository/org/apache/hadoop/hadoop-hdfs/3.2.0/hadoop-hdfs-3.2.0-tests.jar:/home/user/.m2/repository/org/eclipse/jetty/jetty-util-ajax/9.3.24.v20180605/jetty-util-ajax-9.3.24.v20180605.jar:/home/user/.m2/repository/commons-daemon/commons-daemon/1.0.13/commons-daemon-1.0.13.jar:/home/user/.m2/repository/io/netty/netty/3.10.5.Final/netty-3.10.5.Final.jar:/home/user/.m2/repository/io/netty/netty-all/4.0.52.Final/netty-all-4.0.52.Final.jar:/home/user/.m2/repository/org/fusesource/leveldbjni/leveldbjni-all/1.8/leveldbjni-all-1.8.jar:"/>
    <property name="java.vm.vendor" value="IcedTea"/>
    <property name="sun.arch.data.model" value="64"/>
    <property name="test.build.dir" value="/workdir/hadoop-ozone/integration-test/target/test-dir"/>
    <property name="test.cache.data" value=""/>
    <property name="java.vendor.url" value="https://icedtea.classpath.org"/>
    <property name="user.timezone" value=""/>
    <property name="java.vm.specification.version" value="1.8"/>
    <property name="os.name" value="Linux"/>
    <property name="test.build.data" value="/workdir/hadoop-ozone/integration-test/target/test-dir"/>
    <property name="user.country" value="US"/>
    <property name="sun.java.launcher" value="SUN_STANDARD"/>
    <property name="sun.boot.library.path" value="/usr/lib/jvm/java-1.8-openjdk/jre/lib/amd64"/>
    <property name="sun.java.command" value="/workdir/hadoop-ozone/integration-test/target/surefire/surefirebooter6361872216333848644.jar /workdir/hadoop-ozone/integration-test/target/surefire 2019-07-16T14-41-30_152-jvmRun1 surefire1583942044340783096tmp surefire_799191965607541161853tmp"/>
    <property name="surefire.test.class.path" value="/workdir/hadoop-ozone/integration-test/target/test-classes:/workdir/hadoop-ozone/integration-test/target/classes:/home/user/.m2/repository/org/apache/hadoop/hadoop-ozone-common/0.5.0-SNAPSHOT/hadoop-ozone-common-0.5.0-SNAPSHOT.jar:/home/user/.m2/repository/org/apache/commons/commons-compress/1.4.1/commons-compress-1.4.1.jar:/home/user/.m2/repository/org/tukaani/xz/1.0/xz-1.0.jar:/home/user/.m2/repository/org/apache/hadoop/hadoop-common/3.2.0/hadoop-common-3.2.0.jar:/home/user/.m2/repository/org/apache/hadoop/hadoop-hdfs/3.2.0/hadoop-hdfs-3.2.0.jar:/home/user/.m2/repository/org/apache/hadoop/hadoop-hdfs-client/3.2.0/hadoop-hdfs-client-3.2.0.jar:/home/user/.m2/repository/com/fasterxml/jackson/core/jackson-annotations/2.9.5/jackson-annotations-2.9.5.jar:/home/user/.m2/repository/org/apache/hadoop/hadoop-hdds-common/0.5.0-SNAPSHOT/hadoop-hdds-common-0.5.0-SNAPSHOT.jar:/home/user/.m2/repository/javax/annotation/javax.annotation-api/1.2/javax.annotation-api-1.2.jar:/home/user/.m2/repository/org/apache/ratis/ratis-server/0.4.0-2337318-SNAPSHOT/ratis-server-0.4.0-2337318-SNAPSHOT.jar:/home/user/.m2/repository/org/apache/ratis/ratis-thirdparty-misc/0.2.0/ratis-thirdparty-misc-0.2.0.jar:/home/user/.m2/repository/org/apache/ratis/ratis-proto/0.4.0-2337318-SNAPSHOT/ratis-proto-0.4.0-2337318-SNAPSHOT.jar:/home/user/.m2/repository/org/apache/ratis/ratis-common/0.4.0-2337318-SNAPSHOT/ratis-common-0.4.0-2337318-SNAPSHOT.jar:/home/user/.m2/repository/org/apache/ratis/ratis-client/0.4.0-2337318-SNAPSHOT/ratis-client-0.4.0-2337318-SNAPSHOT.jar:/home/user/.m2/repository/org/apache/ratis/ratis-metrics/0.4.0-2337318-SNAPSHOT/ratis-metrics-0.4.0-2337318-SNAPSHOT.jar:/home/user/.m2/repository/org/apache/ratis/ratis-netty/0.4.0-2337318-SNAPSHOT/ratis-netty-0.4.0-2337318-SNAPSHOT.jar:/home/user/.m2/repository/org/apache/ratis/ratis-grpc/0.4.0-2337318-SNAPSHOT/ratis-grpc-0.4.0-2337318-SNAPSHOT.jar:/home/user/.m2/repository/org/rocksdb/rocksdbjni/6.0.1/rocksdbjni-6.0.1.jar:/home/user/.m2/repository/org/apache/logging/log4j/log4j-api/2.11.0/log4j-api-2.11.0.jar:/home/user/.m2/repository/org/apache/logging/log4j/log4j-core/2.11.0/log4j-core-2.11.0.jar:/home/user/.m2/repository/com/lmax/disruptor/3.4.2/disruptor-3.4.2.jar:/home/user/.m2/repository/org/apache/commons/commons-pool2/2.6.0/commons-pool2-2.6.0.jar:/home/user/.m2/repository/org/bouncycastle/bcpkix-jdk15on/1.60/bcpkix-jdk15on-1.60.jar:/home/user/.m2/repository/commons-validator/commons-validator/1.6/commons-validator-1.6.jar:/home/user/.m2/repository/commons-digester/commons-digester/1.8.1/commons-digester-1.8.1.jar:/home/user/.m2/repository/io/jaegertracing/jaeger-client/0.33.1/jaeger-client-0.33.1.jar:/home/user/.m2/repository/io/jaegertracing/jaeger-thrift/0.33.1/jaeger-thrift-0.33.1.jar:/home/user/.m2/repository/org/apache/thrift/libthrift/0.11.0/libthrift-0.11.0.jar:/home/user/.m2/repository/com/squareup/okhttp3/okhttp/3.9.0/okhttp-3.9.0.jar:/home/user/.m2/repository/com/squareup/okio/okio/1.13.0/okio-1.13.0.jar:/home/user/.m2/repository/io/jaegertracing/jaeger-core/0.33.1/jaeger-core-0.33.1.jar:/home/user/.m2/repository/io/jaegertracing/jaeger-tracerresolver/0.33.1/jaeger-tracerresolver-0.33.1.jar:/home/user/.m2/repository/io/opentracing/contrib/opentracing-tracerresolver/0.1.5/opentracing-tracerresolver-0.1.5.jar:/home/user/.m2/repository/io/opentracing/opentracing-util/0.31.0/opentracing-util-0.31.0.jar:/home/user/.m2/repository/io/opentracing/opentracing-api/0.31.0/opentracing-api-0.31.0.jar:/home/user/.m2/repository/io/opentracing/opentracing-noop/0.31.0/opentracing-noop-0.31.0.jar:/home/user/.m2/repository/org/apache/hadoop/hadoop-hdds-server-framework/0.5.0-SNAPSHOT/hadoop-hdds-server-framework-0.5.0-SNAPSHOT.jar:/home/user/.m2/repository/org/apache/hadoop/hadoop-hdds-container-service/0.5.0-SNAPSHOT/hadoop-hdds-container-service-0.5.0-SNAPSHOT.jar:/home/user/.m2/repository/org/apache/hadoop/hadoop-hdds-client/0.5.0-SNAPSHOT/hadoop-hdds-client-0.5.0-SNAPSHOT.jar:/home/user/.m2/repository/org/apache/hadoop/hadoop-hdds-tools/0.5.0-SNAPSHOT/hadoop-hdds-tools-0.5.0-SNAPSHOT.jar:/home/user/.m2/repository/org/apache/hadoop/hadoop-hdds-server-scm/0.5.0-SNAPSHOT/hadoop-hdds-server-scm-0.5.0-SNAPSHOT.jar:/home/user/.m2/repository/org/apache/hadoop/hadoop-hdds-docs/0.5.0-SNAPSHOT/hadoop-hdds-docs-0.5.0-SNAPSHOT.jar:/home/user/.m2/repository/io/dropwizard/metrics/metrics-core/3.2.4/metrics-core-3.2.4.jar:/home/user/.m2/repository/org/hamcrest/hamcrest-all/1.3/hamcrest-all-1.3.jar:/home/user/.m2/repository/org/bouncycastle/bcprov-jdk15on/1.60/bcprov-jdk15on-1.60.jar:/home/user/.m2/repository/info/picocli/picocli/3.9.6/picocli-3.9.6.jar:/home/user/.m2/repository/com/google/protobuf/protobuf-java/2.5.0/protobuf-java-2.5.0.jar:/home/user/.m2/repository/com/google/guava/guava/11.0.2/guava-11.0.2.jar:/home/user/.m2/repository/org/apache/hadoop/hadoop-ozone-ozone-manager/0.5.0-SNAPSHOT/hadoop-ozone-ozone-manager-0.5.0-SNAPSHOT.jar:/home/user/.m2/repository/org/apache/hadoop/hadoop-minikdc/3.2.0/hadoop-minikdc-3.2.0.jar:/home/user/.m2/repository/commons-io/commons-io/2.5/commons-io-2.5.jar:/home/user/.m2/repository/org/apache/kerby/kerb-simplekdc/1.0.1/kerb-simplekdc-1.0.1.jar:/home/user/.m2/repository/org/apache/kerby/kerb-client/1.0.1/kerb-client-1.0.1.jar:/home/user/.m2/repository/org/apache/kerby/kerby-config/1.0.1/kerby-config-1.0.1.jar:/home/user/.m2/repository/org/apache/kerby/kerb-core/1.0.1/kerb-core-1.0.1.jar:/home/user/.m2/repository/org/apache/kerby/kerby-pkix/1.0.1/kerby-pkix-1.0.1.jar:/home/user/.m2/repository/org/apache/kerby/kerby-asn1/1.0.1/kerby-asn1-1.0.1.jar:/home/user/.m2/repository/org/apache/kerby/kerby-util/1.0.1/kerby-util-1.0.1.jar:/home/user/.m2/repository/org/apache/kerby/kerb-common/1.0.1/kerb-common-1.0.1.jar:/home/user/.m2/repository/org/apache/kerby/kerb-crypto/1.0.1/kerb-crypto-1.0.1.jar:/home/user/.m2/repository/org/apache/kerby/kerb-util/1.0.1/kerb-util-1.0.1.jar:/home/user/.m2/repository/org/apache/kerby/token-provider/1.0.1/token-provider-1.0.1.jar:/home/user/.m2/repository/org/apache/kerby/kerb-admin/1.0.1/kerb-admin-1.0.1.jar:/home/user/.m2/repository/org/apache/kerby/kerb-server/1.0.1/kerb-server-1.0.1.jar:/home/user/.m2/repository/org/apache/kerby/kerb-identity/1.0.1/kerb-identity-1.0.1.jar:/home/user/.m2/repository/org/apache/kerby/kerby-xdr/1.0.1/kerby-xdr-1.0.1.jar:/home/user/.m2/repository/org/slf4j/slf4j-log4j12/1.7.25/slf4j-log4j12-1.7.25.jar:/home/user/.m2/repository/org/apache/hadoop/hadoop-ozone-objectstore-service/0.5.0-SNAPSHOT/hadoop-ozone-objectstore-service-0.5.0-SNAPSHOT.jar:/home/user/.m2/repository/org/apache/hadoop/hadoop-ozone-s3gateway/0.5.0-SNAPSHOT/hadoop-ozone-s3gateway-0.5.0-SNAPSHOT.jar:/home/user/.m2/repository/org/jboss/weld/servlet/weld-servlet/2.4.7.Final/weld-servlet-2.4.7.Final.jar:/home/user/.m2/repository/org/glassfish/jersey/containers/jersey-container-servlet-core/2.27/jersey-container-servlet-core-2.27.jar:/home/user/.m2/repository/org/glassfish/hk2/external/javax.inject/2.5.0-b42/javax.inject-2.5.0-b42.jar:/home/user/.m2/repository/org/glassfish/jersey/core/jersey-common/2.27/jersey-common-2.27.jar:/home/user/.m2/repository/org/glassfish/hk2/osgi-resource-locator/1.0.1/osgi-resource-locator-1.0.1.jar:/home/user/.m2/repository/javax/ws/rs/javax.ws.rs-api/2.1/javax.ws.rs-api-2.1.jar:/home/user/.m2/repository/org/glassfish/jersey/ext/cdi/jersey-cdi1x/2.27/jersey-cdi1x-2.27.jar:/home/user/.m2/repository/org/glassfish/jersey/inject/jersey-hk2/2.27/jersey-hk2-2.27.jar:/home/user/.m2/repository/org/glassfish/hk2/hk2-locator/2.5.0-b42/hk2-locator-2.5.0-b42.jar:/home/user/.m2/repository/org/javassist/javassist/3.22.0-CR2/javassist-3.22.0-CR2.jar:/home/user/.m2/repository/org/glassfish/hk2/hk2-api/2.5.0/hk2-api-2.5.0.jar:/home/user/.m2/repository/org/glassfish/hk2/external/jakarta.inject/2.5.0/jakarta.inject-2.5.0.jar:/home/user/.m2/repository/org/glassfish/hk2/hk2-utils/2.5.0/hk2-utils-2.5.0.jar:/home/user/.m2/repository/jakarta/annotation/jakarta.annotation-api/1.3.4/jakarta.annotation-api-1.3.4.jar:/home/user/.m2/repository/org/glassfish/hk2/external/aopalliance-repackaged/2.5.0/aopalliance-repackaged-2.5.0.jar:/home/user/.m2/repository/com/fasterxml/jackson/dataformat/jackson-dataformat-xml/2.9.0/jackson-dataformat-xml-2.9.0.jar:/home/user/.m2/repository/com/fasterxml/jackson/core/jackson-core/2.9.5/jackson-core-2.9.5.jar:/home/user/.m2/repository/com/fasterxml/jackson/module/jackson-module-jaxb-annotations/2.9.5/jackson-module-jaxb-annotations-2.9.5.jar:/home/user/.m2/repository/javax/enterprise/cdi-api/1.2/cdi-api-1.2.jar:/home/user/.m2/repository/javax/el/javax.el-api/3.0.0/javax.el-api-3.0.0.jar:/home/user/.m2/repository/javax/interceptor/javax.interceptor-api/1.2/javax.interceptor-api-1.2.jar:/home/user/.m2/repository/javax/inject/javax.inject/1/javax.inject-1.jar:/home/user/.m2/repository/com/sun/xml/bind/jaxb-impl/2.3.0.1/jaxb-impl-2.3.0.1.jar:/home/user/.m2/repository/com/sun/xml/bind/jaxb-core/2.3.0.1/jaxb-core-2.3.0.1.jar:/home/user/.m2/repository/javax/xml/bind/jaxb-api/2.3.0/jaxb-api-2.3.0.jar:/home/user/.m2/repository/javax/activation/activation/1.1.1/activation-1.1.1.jar:/home/user/.m2/repository/org/apache/hadoop/hadoop-ozone-csi/0.5.0-SNAPSHOT/hadoop-ozone-csi-0.5.0-SNAPSHOT.jar:/home/user/.m2/repository/com/google/protobuf/protobuf-java-util/3.5.1/protobuf-java-util-3.5.1.jar:/home/user/.m2/repository/org/apache/hadoop/hadoop-hdds-config/0.5.0-SNAPSHOT/hadoop-hdds-config-0.5.0-SNAPSHOT.jar:/home/user/.m2/repository/io/grpc/grpc-netty/1.17.1/grpc-netty-1.17.1.jar:/home/user/.m2/repository/io/grpc/grpc-core/1.17.1/grpc-core-1.17.1.jar:/home/user/.m2/repository/io/grpc/grpc-context/1.17.1/grpc-context-1.17.1.jar:/home/user/.m2/repository/com/google/errorprone/error_prone_annotations/2.2.0/error_prone_annotations-2.2.0.jar:/home/user/.m2/repository/org/codehaus/mojo/animal-sniffer-annotations/1.17/animal-sniffer-annotations-1.17.jar:/home/user/.m2/repository/io/opencensus/opencensus-api/0.17.0/opencensus-api-0.17.0.jar:/home/user/.m2/repository/io/opencensus/opencensus-contrib-grpc-metrics/0.17.0/opencensus-contrib-grpc-metrics-0.17.0.jar:/home/user/.m2/repository/io/netty/netty-codec-http2/4.1.30.Final/netty-codec-http2-4.1.30.Final.jar:/home/user/.m2/repository/io/netty/netty-codec-http/4.1.30.Final/netty-codec-http-4.1.30.Final.jar:/home/user/.m2/repository/io/netty/netty-codec/4.1.30.Final/netty-codec-4.1.30.Final.jar:/home/user/.m2/repository/io/netty/netty-handler/4.1.30.Final/netty-handler-4.1.30.Final.jar:/home/user/.m2/repository/io/netty/netty-handler-proxy/4.1.30.Final/netty-handler-proxy-4.1.30.Final.jar:/home/user/.m2/repository/io/netty/netty-codec-socks/4.1.30.Final/netty-codec-socks-4.1.30.Final.jar:/home/user/.m2/repository/io/netty/netty-transport-native-epoll/4.1.30.Final/netty-transport-native-epoll-4.1.30.Final.jar:/home/user/.m2/repository/io/netty/netty-common/4.1.30.Final/netty-common-4.1.30.Final.jar:/home/user/.m2/repository/io/netty/netty-buffer/4.1.30.Final/netty-buffer-4.1.30.Final.jar:/home/user/.m2/repository/io/netty/netty-transport/4.1.30.Final/netty-transport-4.1.30.Final.jar:/home/user/.m2/repository/io/netty/netty-resolver/4.1.30.Final/netty-resolver-4.1.30.Final.jar:/home/user/.m2/repository/io/netty/netty-transport-native-unix-common/4.1.30.Final/netty-transport-native-unix-common-4.1.30.Final.jar:/home/user/.m2/repository/io/grpc/grpc-protobuf/1.17.1/grpc-protobuf-1.17.1.jar:/home/user/.m2/repository/com/google/api/grpc/proto-google-common-protos/1.0.0/proto-google-common-protos-1.0.0.jar:/home/user/.m2/repository/io/grpc/grpc-protobuf-lite/1.17.1/grpc-protobuf-lite-1.17.1.jar:/home/user/.m2/repository/io/grpc/grpc-stub/1.17.1/grpc-stub-1.17.1.jar:/home/user/.m2/repository/org/apache/hadoop/hadoop-ozone-recon/0.5.0-SNAPSHOT/hadoop-ozone-recon-0.5.0-SNAPSHOT.jar:/home/user/.m2/repository/org/apache/hadoop/hadoop-ozone-reconcodegen/0.5.0-SNAPSHOT/hadoop-ozone-reconcodegen-0.5.0-SNAPSHOT.jar:/home/user/.m2/repository/com/google/inject/extensions/guice-multibindings/4.0/guice-multibindings-4.0.jar:/home/user/.m2/repository/com/google/inject/guice/4.0/guice-4.0.jar:/home/user/.m2/repository/aopalliance/aopalliance/1.0/aopalliance-1.0.jar:/home/user/.m2/repository/com/google/inject/extensions/guice-servlet/4.0/guice-servlet-4.0.jar:/home/user/.m2/repository/org/glassfish/jersey/containers/jersey-container-servlet/2.27/jersey-container-servlet-2.27.jar:/home/user/.m2/repository/org/glassfish/hk2/guice-bridge/2.5.0/guice-bridge-2.5.0.jar:/home/user/.m2/repository/org/glassfish/jersey/core/jersey-server/2.27/jersey-server-2.27.jar:/home/user/.m2/repository/org/glassfish/jersey/core/jersey-client/2.27/jersey-client-2.27.jar:/home/user/.m2/repository/org/glassfish/jersey/media/jersey-media-jaxb/2.27/jersey-media-jaxb-2.27.jar:/home/user/.m2/repository/javax/validation/validation-api/1.1.0.Final/validation-api-1.1.0.Final.jar:/home/user/.m2/repository/org/glassfish/jersey/media/jersey-media-json-jackson/2.27/jersey-media-json-jackson-2.27.jar:/home/user/.m2/repository/org/glassfish/jersey/ext/jersey-entity-filtering/2.27/jersey-entity-filtering-2.27.jar:/home/user/.m2/repository/com/google/inject/extensions/guice-assistedinject/4.0/guice-assistedinject-4.0.jar:/home/user/.m2/repository/org/jooq/jooq/3.11.10/jooq-3.11.10.jar:/home/user/.m2/repository/org/jooq/jooq-meta/3.11.10/jooq-meta-3.11.10.jar:/home/user/.m2/repository/org/jooq/jooq-codegen/3.11.10/jooq-codegen-3.11.10.jar:/home/user/.m2/repository/com/jolbox/bonecp/0.8.0.RELEASE/bonecp-0.8.0.RELEASE.jar:/home/user/.m2/repository/org/xerial/sqlite-jdbc/3.25.2/sqlite-jdbc-3.25.2.jar:/home/user/.m2/repository/org/springframework/spring-jdbc/5.1.3.RELEASE/spring-jdbc-5.1.3.RELEASE.jar:/home/user/.m2/repository/org/springframework/spring-beans/5.1.3.RELEASE/spring-beans-5.1.3.RELEASE.jar:/home/user/.m2/repository/org/springframework/spring-core/5.1.3.RELEASE/spring-core-5.1.3.RELEASE.jar:/home/user/.m2/repository/org/springframework/spring-jcl/5.1.3.RELEASE/spring-jcl-5.1.3.RELEASE.jar:/home/user/.m2/repository/org/springframework/spring-tx/5.1.3.RELEASE/spring-tx-5.1.3.RELEASE.jar:/home/user/.m2/repository/org/apache/hadoop/hadoop-ozone-client/0.5.0-SNAPSHOT/hadoop-ozone-client-0.5.0-SNAPSHOT.jar:/home/user/.m2/repository/commons-lang/commons-lang/2.6/commons-lang-2.6.jar:/home/user/.m2/repository/org/apache/hadoop/hadoop-ozone-ozone-manager/0.5.0-SNAPSHOT/hadoop-ozone-ozone-manager-0.5.0-SNAPSHOT-tests.jar:/home/user/.m2/repository/junit/junit/4.11/junit-4.11.jar:/home/user/.m2/repository/org/hamcrest/hamcrest-core/1.3/hamcrest-core-1.3.jar:/home/user/.m2/repository/org/openjdk/jmh/jmh-core/1.19/jmh-core-1.19.jar:/home/user/.m2/repository/net/sf/jopt-simple/jopt-simple/4.6/jopt-simple-4.6.jar:/home/user/.m2/repository/org/apache/commons/commons-math3/3.1.1/commons-math3-3.1.1.jar:/home/user/.m2/repository/org/openjdk/jmh/jmh-generator-annprocess/1.19/jmh-generator-annprocess-1.19.jar:/home/user/.m2/repository/org/mockito/mockito-all/1.8.5/mockito-all-1.8.5.jar:/home/user/.m2/repository/org/apache/hadoop/hadoop-kms/3.2.0/hadoop-kms-3.2.0.jar:/home/user/.m2/repository/org/apache/hadoop/hadoop-auth/3.2.0/hadoop-auth-3.2.0.jar:/home/user/.m2/repository/com/nimbusds/nimbus-jose-jwt/4.41.1/nimbus-jose-jwt-4.41.1.jar:/home/user/.m2/repository/com/github/stephenc/jcip/jcip-annotations/1.0-1/jcip-annotations-1.0-1.jar:/home/user/.m2/repository/net/minidev/json-smart/2.3/json-smart-2.3.jar:/home/user/.m2/repository/net/minidev/accessors-smart/1.2/accessors-smart-1.2.jar:/home/user/.m2/repository/org/ow2/asm/asm/5.0.4/asm-5.0.4.jar:/home/user/.m2/repository/org/apache/curator/curator-framework/2.12.0/curator-framework-2.12.0.jar:/home/user/.m2/repository/com/sun/jersey/jersey-core/1.19/jersey-core-1.19.jar:/home/user/.m2/repository/javax/ws/rs/jsr311-api/1.1.1/jsr311-api-1.1.1.jar:/home/user/.m2/repository/com/sun/jersey/jersey-server/1.19/jersey-server-1.19.jar:/home/user/.m2/repository/javax/servlet/javax.servlet-api/3.1.0/javax.servlet-api-3.1.0.jar:/home/user/.m2/repository/org/eclipse/jetty/jetty-server/9.3.24.v20180605/jetty-server-9.3.24.v20180605.jar:/home/user/.m2/repository/org/eclipse/jetty/jetty-http/9.3.24.v20180605/jetty-http-9.3.24.v20180605.jar:/home/user/.m2/repository/org/eclipse/jetty/jetty-io/9.3.24.v20180605/jetty-io-9.3.24.v20180605.jar:/home/user/.m2/repository/org/eclipse/jetty/jetty-webapp/9.3.24.v20180605/jetty-webapp-9.3.24.v20180605.jar:/home/user/.m2/repository/org/eclipse/jetty/jetty-xml/9.3.24.v20180605/jetty-xml-9.3.24.v20180605.jar:/home/user/.m2/repository/log4j/log4j/1.2.17/log4j-1.2.17.jar:/home/user/.m2/repository/org/slf4j/slf4j-api/1.7.25/slf4j-api-1.7.25.jar:/home/user/.m2/repository/org/slf4j/jul-to-slf4j/1.7.25/jul-to-slf4j-1.7.25.jar:/home/user/.m2/repository/org/eclipse/jetty/jetty-util/9.3.24.v20180605/jetty-util-9.3.24.v20180605.jar:/home/user/.m2/repository/com/fasterxml/jackson/core/jackson-databind/2.9.5/jackson-databind-2.9.5.jar:/home/user/.m2/repository/org/apache/hadoop/hadoop-kms/3.2.0/hadoop-kms-3.2.0-tests.jar:/home/user/.m2/repository/org/apache/hadoop/hadoop-hdds-server-scm/0.5.0-SNAPSHOT/hadoop-hdds-server-scm-0.5.0-SNAPSHOT-tests.jar:/home/user/.m2/repository/org/apache/hadoop/hadoop-hdds-container-service/0.5.0-SNAPSHOT/hadoop-hdds-container-service-0.5.0-SNAPSHOT-tests.jar:/home/user/.m2/repository/org/yaml/snakeyaml/1.16/snakeyaml-1.16.jar:/home/user/.m2/repository/org/apache/hadoop/hadoop-common/3.2.0/hadoop-common-3.2.0-tests.jar:/home/user/.m2/repository/org/apache/hadoop/hadoop-annotations/3.2.0/hadoop-annotations-3.2.0.jar:/usr/lib/jvm/java-1.8-openjdk/jre/../lib/tools.jar:/home/user/.m2/repository/commons-cli/commons-cli/1.2/commons-cli-1.2.jar:/home/user/.m2/repository/org/apache/httpcomponents/httpclient/4.5.2/httpclient-4.5.2.jar:/home/user/.m2/repository/org/apache/httpcomponents/httpcore/4.4.4/httpcore-4.4.4.jar:/home/user/.m2/repository/commons-codec/commons-codec/1.11/commons-codec-1.11.jar:/home/user/.m2/repository/commons-net/commons-net/3.6/commons-net-3.6.jar:/home/user/.m2/repository/commons-collections/commons-collections/3.2.2/commons-collections-3.2.2.jar:/home/user/.m2/repository/org/eclipse/jetty/jetty-servlet/9.3.24.v20180605/jetty-servlet-9.3.24.v20180605.jar:/home/user/.m2/repository/org/eclipse/jetty/jetty-security/9.3.24.v20180605/jetty-security-9.3.24.v20180605.jar:/home/user/.m2/repository/javax/servlet/jsp/jsp-api/2.1/jsp-api-2.1.jar:/home/user/.m2/repository/com/sun/jersey/jersey-servlet/1.19/jersey-servlet-1.19.jar:/home/user/.m2/repository/com/sun/jersey/jersey-json/1.19/jersey-json-1.19.jar:/home/user/.m2/repository/org/codehaus/jettison/jettison/1.1/jettison-1.1.jar:/home/user/.m2/repository/org/codehaus/jackson/jackson-core-asl/1.9.13/jackson-core-asl-1.9.13.jar:/home/user/.m2/repository/org/codehaus/jackson/jackson-mapper-asl/1.9.13/jackson-mapper-asl-1.9.13.jar:/home/user/.m2/repository/org/codehaus/jackson/jackson-jaxrs/1.9.13/jackson-jaxrs-1.9.13.jar:/home/user/.m2/repository/org/codehaus/jackson/jackson-xc/1.9.13/jackson-xc-1.9.13.jar:/home/user/.m2/repository/commons-logging/commons-logging/1.1.3/commons-logging-1.1.3.jar:/home/user/.m2/repository/commons-beanutils/commons-beanutils/1.9.3/commons-beanutils-1.9.3.jar:/home/user/.m2/repository/org/apache/commons/commons-configuration2/2.1.1/commons-configuration2-2.1.1.jar:/home/user/.m2/repository/org/apache/commons/commons-lang3/3.7/commons-lang3-3.7.jar:/home/user/.m2/repository/org/apache/commons/commons-text/1.4/commons-text-1.4.jar:/home/user/.m2/repository/org/apache/avro/avro/1.7.7/avro-1.7.7.jar:/home/user/.m2/repository/com/thoughtworks/paranamer/paranamer/2.3/paranamer-2.3.jar:/home/user/.m2/repository/org/xerial/snappy/snappy-java/1.0.5/snappy-java-1.0.5.jar:/home/user/.m2/repository/com/google/re2j/re2j/1.1/re2j-1.1.jar:/home/user/.m2/repository/com/google/code/gson/gson/2.2.4/gson-2.2.4.jar:/home/user/.m2/repository/com/jcraft/jsch/0.1.54/jsch-0.1.54.jar:/home/user/.m2/repository/org/apache/curator/curator-client/2.12.0/curator-client-2.12.0.jar:/home/user/.m2/repository/org/apache/curator/curator-recipes/2.12.0/curator-recipes-2.12.0.jar:/home/user/.m2/repository/com/google/code/findbugs/jsr305/3.0.0/jsr305-3.0.0.jar:/home/user/.m2/repository/org/apache/htrace/htrace-core4/4.1.0-incubating/htrace-core4-4.1.0-incubating.jar:/home/user/.m2/repository/org/apache/zookeeper/zookeeper/3.4.13/zookeeper-3.4.13.jar:/home/user/.m2/repository/org/apache/yetus/audience-annotations/0.5.0/audience-annotations-0.5.0.jar:/home/user/.m2/repository/org/codehaus/woodstox/stax2-api/3.1.4/stax2-api-3.1.4.jar:/home/user/.m2/repository/com/fasterxml/woodstox/woodstox-core/5.0.3/woodstox-core-5.0.3.jar:/home/user/.m2/repository/dnsjava/dnsjava/2.1.7/dnsjava-2.1.7.jar:/home/user/.m2/repository/org/apache/hadoop/hadoop-hdfs/3.2.0/hadoop-hdfs-3.2.0-tests.jar:/home/user/.m2/repository/org/eclipse/jetty/jetty-util-ajax/9.3.24.v20180605/jetty-util-ajax-9.3.24.v20180605.jar:/home/user/.m2/repository/commons-daemon/commons-daemon/1.0.13/commons-daemon-1.0.13.jar:/home/user/.m2/repository/io/netty/netty/3.10.5.Final/netty-3.10.5.Final.jar:/home/user/.m2/repository/io/netty/netty-all/4.0.52.Final/netty-all-4.0.52.Final.jar:/home/user/.m2/repository/org/fusesource/leveldbjni/leveldbjni-all/1.8/leveldbjni-all-1.8.jar:"/>
    <property name="sun.cpu.endian" value="little"/>
    <property name="user.home" value="/home/user"/>
    <property name="user.language" value="en"/>
    <property name="java.specification.vendor" value="Oracle Corporation"/>
    <property name="java.home" value="/usr/lib/jvm/java-1.8-openjdk/jre"/>
    <property name="java.security.krb5.conf" value="/workdir/hadoop-ozone/integration-test/target/test-classes/krb5.conf"/>
    <property name="basedir" value="/workdir/hadoop-ozone/integration-test"/>
    <property name="file.separator" value="/"/>
    <property name="line.separator" value="&#10;"/>
    <property name="java.vm.specification.vendor" value="Oracle Corporation"/>
    <property name="java.specification.name" value="Java Platform API Specification"/>
    <property name="java.awt.graphicsenv" value="sun.awt.X11GraphicsEnvironment"/>
    <property name="surefire.real.class.path" value="/workdir/hadoop-ozone/integration-test/target/surefire/surefirebooter6361872216333848644.jar"/>
    <property name="hadoop.log.dir" value="/workdir/hadoop-ozone/integration-test/target/log"/>
    <property name="sun.boot.class.path" value="/usr/lib/jvm/java-1.8-openjdk/jre/lib/resources.jar:/usr/lib/jvm/java-1.8-openjdk/jre/lib/rt.jar:/usr/lib/jvm/java-1.8-openjdk/jre/lib/sunrsasign.jar:/usr/lib/jvm/java-1.8-openjdk/jre/lib/jsse.jar:/usr/lib/jvm/java-1.8-openjdk/jre/lib/jce.jar:/usr/lib/jvm/java-1.8-openjdk/jre/lib/charsets.jar:/usr/lib/jvm/java-1.8-openjdk/jre/lib/jfr.jar:/usr/lib/jvm/java-1.8-openjdk/jre/classes"/>
    <property name="sun.management.compiler" value="HotSpot 64-Bit Tiered Compilers"/>
    <property name="java.runtime.version" value="1.8.0_212-b04"/>
    <property name="java.net.preferIPv4Stack" value="true"/>
    <property name="user.name" value="jenkins1000"/>
    <property name="path.separator" value=":"/>
    <property name="java.security.egd" value="file:///dev/urandom"/>
    <property name="os.version" value="3.10.0-957.12.2.el7.x86_64"/>
    <property name="java.endorsed.dirs" value="/usr/lib/jvm/java-1.8-openjdk/jre/lib/endorsed"/>
    <property name="java.runtime.name" value="OpenJDK Runtime Environment"/>
    <property name="file.encoding" value="UTF-8"/>
    <property name="java.vm.name" value="OpenJDK 64-Bit Server VM"/>
    <property name="test.build.webapps" value=""/>
    <property name="localRepository" value="/home/user/.m2/repository"/>
    <property name="java.vendor.url.bug" value="https://icedtea.classpath.org/bugzilla"/>
    <property name="java.io.tmpdir" value="/tmp"/>
    <property name="require.test.libhadoop" value=""/>
    <property name="java.version" value="1.8.0_212"/>
    <property name="user.dir" value="/workdir/hadoop-ozone/integration-test"/>
    <property name="os.arch" value="amd64"/>
    <property name="java.vm.specification.name" value="Java Virtual Machine Specification"/>
    <property name="test.build.classes" value="/workdir/hadoop-ozone/integration-test/target/test-classes"/>
    <property name="java.awt.printerjob" value="sun.print.PSPrinterJob"/>
    <property name="sun.os.patch.level" value="unknown"/>
    <property name="hadoop.tmp.dir" value="/workdir/hadoop-ozone/integration-test/target/tmp"/>
    <property name="java.library.path" value="/usr/lib/jvm/java-1.8-openjdk/jre/lib/amd64/server:/usr/lib/jvm/java-1.8-openjdk/jre/lib/amd64:/usr/lib/jvm/java-1.8-openjdk/jre/../lib/amd64:/workdir/hadoop-ozone/integration-test/target/native/target/usr/local/lib:/workdir/hadoop-ozone/integration-test/../../hadoop-common-project/hadoop-common/target/native/target/usr/local/lib:/usr/java/packages/lib/amd64:/usr/lib64:/lib64:/lib:/usr/lib"/>
    <property name="java.vm.info" value="mixed mode"/>
    <property name="java.vendor" value="IcedTea"/>
    <property name="java.vm.version" value="25.212-b04"/>
    <property name="java.ext.dirs" value="/usr/lib/jvm/java-1.8-openjdk/jre/lib/ext:/usr/java/packages/lib/ext"/>
    <property name="sun.io.unicode.encoding" value="UnicodeLittle"/>
    <property name="java.class.version" value="52.0"/>
  </properties>
  <testcase name="testWatchForCommitWithKeyWrite" classname="org.apache.hadoop.ozone.client.rpc.TestWatchForCommit" time="17.049">
    <failure message="expected:&lt;4&gt; but was:&lt;8&gt;" type="java.lang.AssertionError"><![CDATA[java.lang.AssertionError: expected:<4> but was:<8>
	at org.junit.Assert.fail(Assert.java:88)
	at org.junit.Assert.failNotEquals(Assert.java:743)
	at org.junit.Assert.assertEquals(Assert.java:118)
	at org.junit.Assert.assertEquals(Assert.java:555)
	at org.junit.Assert.assertEquals(Assert.java:542)
	at org.apache.hadoop.ozone.client.rpc.TestWatchForCommit.testWatchForCommitWithKeyWrite(TestWatchForCommit.java:167)
	at sun.reflect.NativeMethodAccessorImpl.invoke0(Native Method)
	at sun.reflect.NativeMethodAccessorImpl.invoke(NativeMethodAccessorImpl.java:62)
	at sun.reflect.DelegatingMethodAccessorImpl.invoke(DelegatingMethodAccessorImpl.java:43)
	at java.lang.reflect.Method.invoke(Method.java:498)
	at org.junit.runners.model.FrameworkMethod$1.runReflectiveCall(FrameworkMethod.java:47)
	at org.junit.internal.runners.model.ReflectiveCallable.run(ReflectiveCallable.java:12)
	at org.junit.runners.model.FrameworkMethod.invokeExplosively(FrameworkMethod.java:44)
	at org.junit.internal.runners.statements.InvokeMethod.evaluate(InvokeMethod.java:17)
	at org.junit.runners.ParentRunner.runLeaf(ParentRunner.java:271)
	at org.junit.runners.BlockJUnit4ClassRunner.runChild(BlockJUnit4ClassRunner.java:70)
	at org.junit.runners.BlockJUnit4ClassRunner.runChild(BlockJUnit4ClassRunner.java:50)
	at org.junit.runners.ParentRunner$3.run(ParentRunner.java:238)
	at org.junit.runners.ParentRunner$1.schedule(ParentRunner.java:63)
	at org.junit.runners.ParentRunner.runChildren(ParentRunner.java:236)
	at org.junit.runners.ParentRunner.access$000(ParentRunner.java:53)
	at org.junit.runners.ParentRunner$2.evaluate(ParentRunner.java:229)
	at org.junit.runners.ParentRunner.run(ParentRunner.java:309)
	at org.apache.maven.surefire.junit4.JUnit4Provider.execute(JUnit4Provider.java:365)
	at org.apache.maven.surefire.junit4.JUnit4Provider.executeWithRerun(JUnit4Provider.java:273)
	at org.apache.maven.surefire.junit4.JUnit4Provider.executeTestSet(JUnit4Provider.java:238)
	at org.apache.maven.surefire.junit4.JUnit4Provider.invoke(JUnit4Provider.java:159)
	at org.apache.maven.surefire.booter.ForkedBooter.invokeProviderInSameClassLoader(ForkedBooter.java:384)
	at org.apache.maven.surefire.booter.ForkedBooter.runSuitesInProcess(ForkedBooter.java:345)
	at org.apache.maven.surefire.booter.ForkedBooter.execute(ForkedBooter.java:126)
	at org.apache.maven.surefire.booter.ForkedBooter.main(ForkedBooter.java:418)
]]></failure>
    <system-out><![CDATA[2019-07-16 15:50:50,602 WARN  server.ServerUtils (ServerUtils.java:getScmDbDir(145)) - ozone.scm.db.dirs is not configured. We recommend adding this setting. Falling back to ozone.metadata.dirs instead.
2019-07-16 15:50:50,732 WARN  server.ServerUtils (ServerUtils.java:getScmDbDir(145)) - ozone.scm.db.dirs is not configured. We recommend adding this setting. Falling back to ozone.metadata.dirs instead.
2019-07-16 15:50:50,736 WARN  server.ServerUtils (ServerUtils.java:getScmDbDir(145)) - ozone.scm.db.dirs is not configured. We recommend adding this setting. Falling back to ozone.metadata.dirs instead.
2019-07-16 15:50:50,755 INFO  util.log (Log.java:initialized(192)) - Logging initialized @848ms
2019-07-16 15:50:50,857 INFO  db.DBStoreBuilder (DBStoreBuilder.java:addTable(110)) - using custom profile for table: deletedBlocks
2019-07-16 15:50:50,857 INFO  db.DBStoreBuilder (DBStoreBuilder.java:processTables(161)) - Using default column profile:DBProfile.DISK for Table:deletedBlocks
2019-07-16 15:50:50,857 INFO  db.DBStoreBuilder (DBStoreBuilder.java:addTable(110)) - using custom profile for table: validCerts
2019-07-16 15:50:50,858 INFO  db.DBStoreBuilder (DBStoreBuilder.java:processTables(161)) - Using default column profile:DBProfile.DISK for Table:validCerts
2019-07-16 15:50:50,858 INFO  db.DBStoreBuilder (DBStoreBuilder.java:addTable(110)) - using custom profile for table: revokedCerts
2019-07-16 15:50:50,858 INFO  db.DBStoreBuilder (DBStoreBuilder.java:processTables(161)) - Using default column profile:DBProfile.DISK for Table:revokedCerts
2019-07-16 15:50:50,870 INFO  db.DBStoreBuilder (DBStoreBuilder.java:addTable(110)) - using custom profile for table: default
2019-07-16 15:50:50,870 INFO  db.DBStoreBuilder (DBStoreBuilder.java:processTables(167)) - Using default column profile:DBProfile.DISK for Table:default
2019-07-16 15:50:50,871 INFO  db.DBStoreBuilder (DBStoreBuilder.java:getDbProfile(198)) - Using default options. DBProfile.DISK
2019-07-16 15:50:51,125 INFO  net.NodeSchemaLoader (NodeSchemaLoader.java:loadSchemaFromFile(125)) - Loading file from sun.misc.CompoundEnumeration@7714e963
2019-07-16 15:50:51,137 INFO  net.NodeSchemaLoader (NodeSchemaLoader.java:loadSchema(171)) - Loading network topology layer schema file
2019-07-16 15:50:51,219 WARN  server.ServerUtils (ServerUtils.java:sanitizeUserArgs(70)) - ozone.scm.stale.node.interval value = 300000 is larger than max = 100000 based on the key value of ozone.scm.heartbeat.thread.interval, reset to the max value 100000.
2019-07-16 15:50:51,221 WARN  server.ServerUtils (ServerUtils.java:sanitizeUserArgs(70)) - ozone.scm.stale.node.interval value = 300000 is larger than max = 100000 based on the key value of ozone.scm.heartbeat.thread.interval, reset to the max value 100000.
2019-07-16 15:50:51,223 INFO  node.SCMNodeManager (SCMNodeManager.java:<init>(119)) - Entering startup safe mode.
2019-07-16 15:50:51,304 WARN  server.ServerUtils (ServerUtils.java:getScmDbDir(145)) - ozone.scm.db.dirs is not configured. We recommend adding this setting. Falling back to ozone.metadata.dirs instead.
2019-07-16 15:50:51,381 INFO  pipeline.SCMPipelineManager (SCMPipelineManager.java:initializePipelineState(126)) - No pipeline exists in current db
2019-07-16 15:50:51,383 WARN  server.ServerUtils (ServerUtils.java:getScmDbDir(145)) - ozone.scm.db.dirs is not configured. We recommend adding this setting. Falling back to ozone.metadata.dirs instead.
2019-07-16 15:50:51,496 WARN  events.EventQueue (EventQueue.java:fireEvent(175)) - No event handler registered for event TypedEvent{payloadType=SafeModeStatus, name='SafeModeStatus'}
2019-07-16 15:50:51,904 INFO  ipc.CallQueueManager (CallQueueManager.java:<init>(84)) - Using callQueue: class java.util.concurrent.LinkedBlockingQueue, queueCapacity: 2000, scheduler: class org.apache.hadoop.ipc.DefaultRpcScheduler, ipcBackoff: false.
2019-07-16 15:50:51,938 INFO  ipc.Server (Server.java:run(1074)) - Starting Socket Reader #1 for port 39512
2019-07-16 15:50:51,962 INFO  ipc.CallQueueManager (CallQueueManager.java:<init>(84)) - Using callQueue: class java.util.concurrent.LinkedBlockingQueue, queueCapacity: 2000, scheduler: class org.apache.hadoop.ipc.DefaultRpcScheduler, ipcBackoff: false.
2019-07-16 15:50:51,964 INFO  ipc.Server (Server.java:run(1074)) - Starting Socket Reader #1 for port 42441
2019-07-16 15:50:51,971 INFO  ipc.CallQueueManager (CallQueueManager.java:<init>(84)) - Using callQueue: class java.util.concurrent.LinkedBlockingQueue, queueCapacity: 2000, scheduler: class org.apache.hadoop.ipc.DefaultRpcScheduler, ipcBackoff: false.
2019-07-16 15:50:51,972 INFO  ipc.Server (Server.java:run(1074)) - Starting Socket Reader #1 for port 41051
2019-07-16 15:50:52,078 INFO  hdfs.DFSUtil (DFSUtil.java:httpServerTemplateForNNAndJN(1641)) - Starting Web-server for scm at: http://0.0.0.0:0
2019-07-16 15:50:52,227 INFO  server.AuthenticationFilter (AuthenticationFilter.java:constructSecretProvider(240)) - Unable to initialize FileSignerSecretProvider, falling back to use random secrets.
2019-07-16 15:50:52,235 WARN  http.HttpRequestLog (HttpRequestLog.java:getRequestLog(97)) - Jetty request log can only be enabled using Log4j
2019-07-16 15:50:52,243 INFO  http.HttpServer2 (HttpServer2.java:addGlobalFilter(975)) - Added global filter 'safety' (class=org.apache.hadoop.http.HttpServer2$QuotingInputFilter)
2019-07-16 15:50:52,246 INFO  http.HttpServer2 (HttpServer2.java:addFilter(948)) - Added filter static_user_filter (class=org.apache.hadoop.http.lib.StaticUserWebFilter$StaticUserFilter) to context scm
2019-07-16 15:50:52,246 INFO  http.HttpServer2 (HttpServer2.java:addFilter(958)) - Added filter static_user_filter (class=org.apache.hadoop.http.lib.StaticUserWebFilter$StaticUserFilter) to context static
2019-07-16 15:50:52,246 INFO  http.HttpServer2 (HttpServer2.java:addFilter(958)) - Added filter static_user_filter (class=org.apache.hadoop.http.lib.StaticUserWebFilter$StaticUserFilter) to context logs
2019-07-16 15:50:52,273 INFO  server.StorageContainerManager (StorageContainerManager.java:start(759)) - StorageContainerLocationProtocol RPC server is listening at /0.0.0.0:41051
2019-07-16 15:50:52,331 WARN  impl.MetricsConfig (MetricsConfig.java:loadFirst(134)) - Cannot locate configuration: tried hadoop-metrics2-storagecontainermanager.properties,hadoop-metrics2.properties
2019-07-16 15:50:52,343 INFO  impl.MetricsSystemImpl (MetricsSystemImpl.java:startTimer(374)) - Scheduled Metric snapshot period at 10 second(s).
2019-07-16 15:50:52,343 INFO  impl.MetricsSystemImpl (MetricsSystemImpl.java:start(191)) - StorageContainerManager metrics system started
2019-07-16 15:50:52,569 INFO  server.SCMClientProtocolServer (SCMClientProtocolServer.java:start(149)) - RPC server for Client  is listening at /0.0.0.0:41051
2019-07-16 15:50:52,569 INFO  ipc.Server (Server.java:run(1314)) - IPC Server Responder: starting
2019-07-16 15:50:52,570 INFO  ipc.Server (Server.java:run(1153)) - IPC Server listener on 41051: starting
2019-07-16 15:50:52,573 INFO  server.StorageContainerManager (StorageContainerManager.java:start(768)) - ScmBlockLocationProtocol RPC server is listening at /0.0.0.0:42441
2019-07-16 15:50:52,574 INFO  server.SCMBlockProtocolServer (SCMBlockProtocolServer.java:start(140)) - RPC server for Block Protocol is listening at /0.0.0.0:42441
2019-07-16 15:50:52,574 INFO  ipc.Server (Server.java:run(1314)) - IPC Server Responder: starting
2019-07-16 15:50:52,574 INFO  ipc.Server (Server.java:run(1153)) - IPC Server listener on 42441: starting
2019-07-16 15:50:52,582 INFO  server.StorageContainerManager (StorageContainerManager.java:start(772)) - ScmDatanodeProtocl RPC server is listening at /0.0.0.0:39512
2019-07-16 15:50:52,582 INFO  server.SCMDatanodeProtocolServer (SCMDatanodeProtocolServer.java:start(191)) - RPC server for DataNodes is listening at /0.0.0.0:39512
2019-07-16 15:50:52,583 INFO  ipc.Server (Server.java:run(1314)) - IPC Server Responder: starting
2019-07-16 15:50:52,584 INFO  ipc.Server (Server.java:run(1153)) - IPC Server listener on 39512: starting
2019-07-16 15:50:52,593 INFO  http.HttpServer2 (HttpServer2.java:bindListener(1191)) - Jetty bound to port 44028
2019-07-16 15:50:52,595 INFO  server.Server (Server.java:doStart(351)) - jetty-9.3.24.v20180605, build timestamp: 2018-06-05T17:11:56Z, git hash: 84205aa28f11a4f31f2a3b86d1bba2cc8ab69827
2019-07-16 15:50:52,639 INFO  handler.ContextHandler (ContextHandler.java:doStart(781)) - Started o.e.j.s.ServletContextHandler@6bbe2511{/logs,file:///workdir/hadoop-ozone/integration-test/target/log,AVAILABLE}
2019-07-16 15:50:52,640 INFO  handler.ContextHandler (ContextHandler.java:doStart(781)) - Started o.e.j.s.ServletContextHandler@76012793{/static,file:///workdir/hadoop-ozone/integration-test/target/test-classes/webapps/static,AVAILABLE}
2019-07-16 15:50:52,678 INFO  handler.ContextHandler (ContextHandler.java:doStart(781)) - Started o.e.j.w.WebAppContext@6a1d204a{/,file:///workdir/hadoop-ozone/integration-test/target/test-classes/webapps/scm/,AVAILABLE}{/scm}
2019-07-16 15:50:52,683 INFO  server.AbstractConnector (AbstractConnector.java:doStart(278)) - Started ServerConnector@9d157ff{HTTP/1.1,[http/1.1]}{0.0.0.0:44028}
2019-07-16 15:50:52,684 INFO  server.Server (Server.java:doStart(419)) - Started @2777ms
2019-07-16 15:50:52,686 INFO  server.BaseHttpServer (BaseHttpServer.java:updateConnectorAddress(207)) - HTTP server of SCM is listening at http://0.0.0.0:44028
2019-07-16 15:50:52,692 INFO  util.JvmPauseMonitor (JvmPauseMonitor.java:run(188)) - Starting JVM pause monitor
2019-07-16 15:50:52,695 WARN  server.ServerUtils (ServerUtils.java:getDBPath(222)) - ozone.om.db.dirs is not configured. We recommend adding this setting. Falling back to ozone.metadata.dirs instead.
2019-07-16 15:50:52,797 WARN  server.ServerUtils (ServerUtils.java:getDBPath(222)) - ozone.om.db.dirs is not configured. We recommend adding this setting. Falling back to ozone.metadata.dirs instead.
2019-07-16 15:50:52,798 INFO  om.OzoneManager (OzoneManager.java:setOMNodeDetails(626)) - OM Service ID is not set. Setting it to the default ID: omServiceIdDefault
2019-07-16 15:50:52,798 INFO  om.OzoneManager (OzoneManager.java:setOMNodeDetails(632)) - OM Node ID is not set. Setting it to the OmStorage's OmID: 11a0a4fd-7892-4a6c-bbf1-dbe9919adff0
2019-07-16 15:50:52,799 INFO  om.OzoneManager (OzoneManager.java:loadOMHAConfigs(583)) - Found matching OM address with OMServiceId: null, OMNodeId: null, RPC Address: localhost:0 and Ratis port: 9872
2019-07-16 15:50:53,044 WARN  server.ServerUtils (ServerUtils.java:getDBPath(222)) - ozone.om.db.dirs is not configured. We recommend adding this setting. Falling back to ozone.metadata.dirs instead.
2019-07-16 15:50:53,050 INFO  db.DBStoreBuilder (DBStoreBuilder.java:addTable(110)) - using custom profile for table: userTable
2019-07-16 15:50:53,051 INFO  db.DBStoreBuilder (DBStoreBuilder.java:processTables(161)) - Using default column profile:DBProfile.DISK for Table:userTable
2019-07-16 15:50:53,051 INFO  db.DBStoreBuilder (DBStoreBuilder.java:addTable(110)) - using custom profile for table: volumeTable
2019-07-16 15:50:53,051 INFO  db.DBStoreBuilder (DBStoreBuilder.java:processTables(161)) - Using default column profile:DBProfile.DISK for Table:volumeTable
2019-07-16 15:50:53,051 INFO  db.DBStoreBuilder (DBStoreBuilder.java:addTable(110)) - using custom profile for table: bucketTable
2019-07-16 15:50:53,052 INFO  db.DBStoreBuilder (DBStoreBuilder.java:processTables(161)) - Using default column profile:DBProfile.DISK for Table:bucketTable
2019-07-16 15:50:53,052 INFO  db.DBStoreBuilder (DBStoreBuilder.java:addTable(110)) - using custom profile for table: keyTable
2019-07-16 15:50:53,052 INFO  db.DBStoreBuilder (DBStoreBuilder.java:processTables(161)) - Using default column profile:DBProfile.DISK for Table:keyTable
2019-07-16 15:50:53,052 INFO  db.DBStoreBuilder (DBStoreBuilder.java:addTable(110)) - using custom profile for table: deletedTable
2019-07-16 15:50:53,053 INFO  db.DBStoreBuilder (DBStoreBuilder.java:processTables(161)) - Using default column profile:DBProfile.DISK for Table:deletedTable
2019-07-16 15:50:53,053 INFO  db.DBStoreBuilder (DBStoreBuilder.java:addTable(110)) - using custom profile for table: openKeyTable
2019-07-16 15:50:53,053 INFO  db.DBStoreBuilder (DBStoreBuilder.java:processTables(161)) - Using default column profile:DBProfile.DISK for Table:openKeyTable
2019-07-16 15:50:53,053 INFO  db.DBStoreBuilder (DBStoreBuilder.java:addTable(110)) - using custom profile for table: s3Table
2019-07-16 15:50:53,054 INFO  db.DBStoreBuilder (DBStoreBuilder.java:processTables(161)) - Using default column profile:DBProfile.DISK for Table:s3Table
2019-07-16 15:50:53,054 INFO  db.DBStoreBuilder (DBStoreBuilder.java:addTable(110)) - using custom profile for table: multipartInfoTable
2019-07-16 15:50:53,054 INFO  db.DBStoreBuilder (DBStoreBuilder.java:processTables(161)) - Using default column profile:DBProfile.DISK for Table:multipartInfoTable
2019-07-16 15:50:53,054 INFO  db.DBStoreBuilder (DBStoreBuilder.java:addTable(110)) - using custom profile for table: dTokenTable
2019-07-16 15:50:53,054 INFO  db.DBStoreBuilder (DBStoreBuilder.java:processTables(161)) - Using default column profile:DBProfile.DISK for Table:dTokenTable
2019-07-16 15:50:53,055 INFO  db.DBStoreBuilder (DBStoreBuilder.java:addTable(110)) - using custom profile for table: s3SecretTable
2019-07-16 15:50:53,055 INFO  db.DBStoreBuilder (DBStoreBuilder.java:processTables(161)) - Using default column profile:DBProfile.DISK for Table:s3SecretTable
2019-07-16 15:50:53,055 INFO  db.DBStoreBuilder (DBStoreBuilder.java:addTable(110)) - using custom profile for table: prefixTable
2019-07-16 15:50:53,055 INFO  db.DBStoreBuilder (DBStoreBuilder.java:processTables(161)) - Using default column profile:DBProfile.DISK for Table:prefixTable
2019-07-16 15:50:53,056 INFO  db.DBStoreBuilder (DBStoreBuilder.java:addTable(110)) - using custom profile for table: default
2019-07-16 15:50:53,056 INFO  db.DBStoreBuilder (DBStoreBuilder.java:processTables(167)) - Using default column profile:DBProfile.DISK for Table:default
2019-07-16 15:50:53,056 INFO  db.DBStoreBuilder (DBStoreBuilder.java:getDbProfile(198)) - Using default options. DBProfile.DISK
2019-07-16 15:50:53,900 INFO  ipc.CallQueueManager (CallQueueManager.java:<init>(84)) - Using callQueue: class java.util.concurrent.LinkedBlockingQueue, queueCapacity: 2000, scheduler: class org.apache.hadoop.ipc.DefaultRpcScheduler, ipcBackoff: false.
2019-07-16 15:50:53,901 INFO  ipc.Server (Server.java:run(1074)) - Starting Socket Reader #1 for port 46363
2019-07-16 15:50:53,936 WARN  server.ServerUtils (ServerUtils.java:getDBPath(222)) - ozone.om.db.dirs is not configured. We recommend adding this setting. Falling back to ozone.metadata.dirs instead.
2019-07-16 15:50:53,937 INFO  om.OzoneManager (OzoneManager.java:start(1224)) - OzoneManager RPC server is listening at localhost/127.0.0.1:46363
2019-07-16 15:50:53,937 INFO  impl.MetricsSystemImpl (MetricsSystemImpl.java:init(158)) - OzoneManager metrics system started (again)
2019-07-16 15:50:53,939 INFO  ipc.Server (Server.java:run(1314)) - IPC Server Responder: starting
2019-07-16 15:50:53,939 INFO  ipc.Server (Server.java:run(1153)) - IPC Server listener on 46363: starting
2019-07-16 15:50:53,949 INFO  hdfs.DFSUtil (DFSUtil.java:httpServerTemplateForNNAndJN(1641)) - Starting Web-server for ozoneManager at: http://0.0.0.0:0
2019-07-16 15:50:53,951 INFO  server.AuthenticationFilter (AuthenticationFilter.java:constructSecretProvider(240)) - Unable to initialize FileSignerSecretProvider, falling back to use random secrets.
2019-07-16 15:50:53,952 WARN  http.HttpRequestLog (HttpRequestLog.java:getRequestLog(97)) - Jetty request log can only be enabled using Log4j
2019-07-16 15:50:53,955 INFO  http.HttpServer2 (HttpServer2.java:addGlobalFilter(975)) - Added global filter 'safety' (class=org.apache.hadoop.http.HttpServer2$QuotingInputFilter)
2019-07-16 15:50:53,956 INFO  http.HttpServer2 (HttpServer2.java:addFilter(948)) - Added filter static_user_filter (class=org.apache.hadoop.http.lib.StaticUserWebFilter$StaticUserFilter) to context ozoneManager
2019-07-16 15:50:53,956 INFO  http.HttpServer2 (HttpServer2.java:addFilter(958)) - Added filter static_user_filter (class=org.apache.hadoop.http.lib.StaticUserWebFilter$StaticUserFilter) to context logs
2019-07-16 15:50:53,956 INFO  http.HttpServer2 (HttpServer2.java:addFilter(958)) - Added filter static_user_filter (class=org.apache.hadoop.http.lib.StaticUserWebFilter$StaticUserFilter) to context static
2019-07-16 15:50:53,959 INFO  http.HttpServer2 (HttpServer2.java:bindListener(1191)) - Jetty bound to port 42302
2019-07-16 15:50:53,960 INFO  server.Server (Server.java:doStart(351)) - jetty-9.3.24.v20180605, build timestamp: 2018-06-05T17:11:56Z, git hash: 84205aa28f11a4f31f2a3b86d1bba2cc8ab69827
2019-07-16 15:50:53,963 INFO  handler.ContextHandler (ContextHandler.java:doStart(781)) - Started o.e.j.s.ServletContextHandler@3e134896{/logs,file:///workdir/hadoop-ozone/integration-test/target/log,AVAILABLE}
2019-07-16 15:50:53,963 INFO  handler.ContextHandler (ContextHandler.java:doStart(781)) - Started o.e.j.s.ServletContextHandler@2e3a5237{/static,file:///workdir/hadoop-ozone/integration-test/target/test-classes/webapps/static,AVAILABLE}
2019-07-16 15:50:53,971 INFO  handler.ContextHandler (ContextHandler.java:doStart(781)) - Started o.e.j.w.WebAppContext@5b78fdb1{/,file:///workdir/hadoop-ozone/integration-test/target/test-classes/webapps/ozoneManager/,AVAILABLE}{/ozoneManager}
2019-07-16 15:50:53,972 INFO  server.AbstractConnector (AbstractConnector.java:doStart(278)) - Started ServerConnector@48bfb884{HTTP/1.1,[http/1.1]}{0.0.0.0:42302}
2019-07-16 15:50:53,973 INFO  server.Server (Server.java:doStart(419)) - Started @4066ms
2019-07-16 15:50:53,974 INFO  server.BaseHttpServer (BaseHttpServer.java:updateConnectorAddress(207)) - HTTP server of OZONEMANAGER is listening at http://0.0.0.0:42302
2019-07-16 15:50:54,237 INFO  impl.MetricsSystemImpl (MetricsSystemImpl.java:init(158)) - HddsDatanode metrics system started (again)
2019-07-16 15:50:54,324 INFO  ozone.HddsDatanodeService (HddsDatanodeService.java:start(185)) - HddsDatanodeService host:trunk-nightly-kgw5x-1882989438 ip:192.168.69.88
2019-07-16 15:50:54,352 INFO  volume.HddsVolume (HddsVolume.java:<init>(176)) - Creating Volume: /workdir/hadoop-ozone/integration-test/target/test-dir/MiniOzoneClusterImpl-cad0d14a-2169-45b1-bb31-fa0627aa7bd1/datanode-0/data/containers/hdds of  storage type : DISK and capacity : 52710309888
2019-07-16 15:50:54,354 INFO  volume.VolumeSet (VolumeSet.java:initializeVolumeSet(170)) - Added Volume : /workdir/hadoop-ozone/integration-test/target/test-dir/MiniOzoneClusterImpl-cad0d14a-2169-45b1-bb31-fa0627aa7bd1/datanode-0/data/containers/hdds to VolumeSet
2019-07-16 15:50:54,357 INFO  volume.ThrottledAsyncChecker (ThrottledAsyncChecker.java:schedule(140)) - Scheduling a check for org.apache.hadoop.ozone.container.common.volume.HddsVolume@1f52eb6f
2019-07-16 15:50:54,377 INFO  volume.HddsVolumeChecker (HddsVolumeChecker.java:checkAllVolumes(203)) - Scheduled health check for volume org.apache.hadoop.ozone.container.common.volume.HddsVolume@1f52eb6f
2019-07-16 15:50:54,490 INFO  impl.RaftServerProxy (ConfUtils.java:logGet(43)) - raft.rpc.type = GRPC (default)
2019-07-16 15:50:54,554 INFO  grpc.GrpcFactory (GrpcFactory.java:checkPooledByteBufAllocatorUseCacheForAllThreads(45)) - PERFORMANCE WARNING: useCacheForAllThreads is true that may cause Netty to create a lot garbage objects and, as a result, trigger GC.
	It is recommended to disable useCacheForAllThreads by setting -Dorg.apache.ratis.thirdparty.io.netty.allocator.useCacheForAllThreads=false in command line.
2019-07-16 15:50:54,558 INFO  grpc.GrpcConfigKeys$Server (ConfUtils.java:logGet(43)) - raft.grpc.server.port = 0 (default)
2019-07-16 15:50:54,559 INFO  server.GrpcService (ConfUtils.java:logGet(43)) - raft.grpc.message.size.max = 33570816 (custom)
2019-07-16 15:50:54,560 INFO  server.RaftServerConfigKeys (ConfUtils.java:logGet(43)) - raft.server.log.appender.buffer.byte-limit = 33554432 (custom)
2019-07-16 15:50:54,561 INFO  server.GrpcService (ConfUtils.java:logGet(43)) - raft.grpc.flow.control.window = 1MB (=1048576) (default)
2019-07-16 15:50:54,561 INFO  server.RaftServerConfigKeys (ConfUtils.java:logGet(43)) - raft.server.rpc.request.timeout = 3000ms (default)
2019-07-16 15:50:54,712 INFO  server.RaftServerConfigKeys (ConfUtils.java:logGet(43)) - raft.server.storage.dir = [/workdir/hadoop-ozone/integration-test/target/test-dir/MiniOzoneClusterImpl-cad0d14a-2169-45b1-bb31-fa0627aa7bd1/datanode-0/data/ratis] (custom)
2019-07-16 15:50:54,756 INFO  replication.SimpleContainerDownloader (SimpleContainerDownloader.java:<init>(72)) - Starting container downloader service to copy containers to replicate.
2019-07-16 15:50:54,771 INFO  hdfs.DFSUtil (DFSUtil.java:httpServerTemplateForNNAndJN(1641)) - Starting Web-server for hddsDatanode at: http://0.0.0.0:0
2019-07-16 15:50:54,774 INFO  server.AuthenticationFilter (AuthenticationFilter.java:constructSecretProvider(240)) - Unable to initialize FileSignerSecretProvider, falling back to use random secrets.
2019-07-16 15:50:54,775 WARN  http.HttpRequestLog (HttpRequestLog.java:getRequestLog(97)) - Jetty request log can only be enabled using Log4j
2019-07-16 15:50:54,778 INFO  http.HttpServer2 (HttpServer2.java:addGlobalFilter(975)) - Added global filter 'safety' (class=org.apache.hadoop.http.HttpServer2$QuotingInputFilter)
2019-07-16 15:50:54,778 INFO  http.HttpServer2 (HttpServer2.java:addFilter(948)) - Added filter static_user_filter (class=org.apache.hadoop.http.lib.StaticUserWebFilter$StaticUserFilter) to context hddsDatanode
2019-07-16 15:50:54,779 INFO  http.HttpServer2 (HttpServer2.java:addFilter(958)) - Added filter static_user_filter (class=org.apache.hadoop.http.lib.StaticUserWebFilter$StaticUserFilter) to context static
2019-07-16 15:50:54,779 INFO  http.HttpServer2 (HttpServer2.java:addFilter(958)) - Added filter static_user_filter (class=org.apache.hadoop.http.lib.StaticUserWebFilter$StaticUserFilter) to context logs
2019-07-16 15:50:54,780 INFO  http.HttpServer2 (HttpServer2.java:bindListener(1191)) - Jetty bound to port 38973
2019-07-16 15:50:54,781 INFO  server.Server (Server.java:doStart(351)) - jetty-9.3.24.v20180605, build timestamp: 2018-06-05T17:11:56Z, git hash: 84205aa28f11a4f31f2a3b86d1bba2cc8ab69827
2019-07-16 15:50:54,784 INFO  handler.ContextHandler (ContextHandler.java:doStart(781)) - Started o.e.j.s.ServletContextHandler@761956ac{/logs,file:///workdir/hadoop-ozone/integration-test/target/log,AVAILABLE}
2019-07-16 15:50:54,784 INFO  handler.ContextHandler (ContextHandler.java:doStart(781)) - Started o.e.j.s.ServletContextHandler@304d0259{/static,jar:file:/home/user/.m2/repository/org/apache/hadoop/hadoop-hdds-container-service/0.5.0-SNAPSHOT/hadoop-hdds-container-service-0.5.0-SNAPSHOT.jar!/webapps/static,AVAILABLE}
2019-07-16 15:50:54,819 INFO  handler.ContextHandler (ContextHandler.java:doStart(781)) - Started o.e.j.w.WebAppContext@124ac145{/,file:///tmp/jetty-0.0.0.0-38973-hddsDatanode-_-any-8859882407511345298.dir/webapp/,AVAILABLE}{/hddsDatanode}
2019-07-16 15:50:54,822 INFO  server.AbstractConnector (AbstractConnector.java:doStart(278)) - Started ServerConnector@2def7a7a{HTTP/1.1,[http/1.1]}{0.0.0.0:38973}
2019-07-16 15:50:54,822 INFO  server.Server (Server.java:doStart(419)) - Started @4916ms
2019-07-16 15:50:54,824 INFO  server.BaseHttpServer (BaseHttpServer.java:updateConnectorAddress(207)) - HTTP server of HDDSDATANODE is listening at http://0.0.0.0:38973
2019-07-16 15:50:55,884 INFO  ozone.HddsDatanodeService (HddsDatanodeService.java:startPlugins(396)) - Started plug-in org.apache.hadoop.ozone.web.OzoneHddsDatanodeService@5efeb117
2019-07-16 15:50:55,885 INFO  impl.MetricsSystemImpl (MetricsSystemImpl.java:init(158)) - HddsDatanode metrics system started (again)
2019-07-16 15:50:55,886 INFO  ozone.HddsDatanodeService (HddsDatanodeService.java:start(185)) - HddsDatanodeService host:trunk-nightly-kgw5x-1882989438 ip:192.168.69.88
2019-07-16 15:50:55,893 INFO  util.JvmPauseMonitor (JvmPauseMonitor.java:run(188)) - Starting JVM pause monitor
2019-07-16 15:50:55,895 INFO  volume.HddsVolume (HddsVolume.java:<init>(176)) - Creating Volume: /workdir/hadoop-ozone/integration-test/target/test-dir/MiniOzoneClusterImpl-cad0d14a-2169-45b1-bb31-fa0627aa7bd1/datanode-1/data/containers/hdds of  storage type : DISK and capacity : 52710309888
2019-07-16 15:50:55,895 INFO  volume.VolumeSet (VolumeSet.java:initializeVolumeSet(170)) - Added Volume : /workdir/hadoop-ozone/integration-test/target/test-dir/MiniOzoneClusterImpl-cad0d14a-2169-45b1-bb31-fa0627aa7bd1/datanode-1/data/containers/hdds to VolumeSet
2019-07-16 15:50:55,896 INFO  volume.ThrottledAsyncChecker (ThrottledAsyncChecker.java:schedule(140)) - Scheduling a check for org.apache.hadoop.ozone.container.common.volume.HddsVolume@24c685e7
2019-07-16 15:50:55,896 INFO  volume.HddsVolumeChecker (HddsVolumeChecker.java:checkAllVolumes(203)) - Scheduled health check for volume org.apache.hadoop.ozone.container.common.volume.HddsVolume@24c685e7
2019-07-16 15:50:55,913 INFO  impl.RaftServerProxy (ConfUtils.java:logGet(43)) - raft.rpc.type = GRPC (default)
2019-07-16 15:50:55,914 INFO  grpc.GrpcFactory (GrpcFactory.java:checkPooledByteBufAllocatorUseCacheForAllThreads(45)) - PERFORMANCE WARNING: useCacheForAllThreads is true that may cause Netty to create a lot garbage objects and, as a result, trigger GC.
	It is recommended to disable useCacheForAllThreads by setting -Dorg.apache.ratis.thirdparty.io.netty.allocator.useCacheForAllThreads=false in command line.
2019-07-16 15:50:55,914 INFO  grpc.GrpcConfigKeys$Server (ConfUtils.java:logGet(43)) - raft.grpc.server.port = 0 (default)
2019-07-16 15:50:55,914 INFO  server.GrpcService (ConfUtils.java:logGet(43)) - raft.grpc.message.size.max = 33570816 (custom)
2019-07-16 15:50:55,914 INFO  server.RaftServerConfigKeys (ConfUtils.java:logGet(43)) - raft.server.log.appender.buffer.byte-limit = 33554432 (custom)
2019-07-16 15:50:55,914 INFO  server.GrpcService (ConfUtils.java:logGet(43)) - raft.grpc.flow.control.window = 1MB (=1048576) (default)
2019-07-16 15:50:55,915 INFO  server.RaftServerConfigKeys (ConfUtils.java:logGet(43)) - raft.server.rpc.request.timeout = 3000ms (default)
2019-07-16 15:50:55,915 INFO  server.RaftServerConfigKeys (ConfUtils.java:logGet(43)) - raft.server.storage.dir = [/workdir/hadoop-ozone/integration-test/target/test-dir/MiniOzoneClusterImpl-cad0d14a-2169-45b1-bb31-fa0627aa7bd1/datanode-1/data/ratis] (custom)
2019-07-16 15:50:55,916 INFO  replication.SimpleContainerDownloader (SimpleContainerDownloader.java:<init>(72)) - Starting container downloader service to copy containers to replicate.
2019-07-16 15:50:55,917 INFO  hdfs.DFSUtil (DFSUtil.java:httpServerTemplateForNNAndJN(1641)) - Starting Web-server for hddsDatanode at: http://0.0.0.0:0
2019-07-16 15:50:55,920 INFO  server.AuthenticationFilter (AuthenticationFilter.java:constructSecretProvider(240)) - Unable to initialize FileSignerSecretProvider, falling back to use random secrets.
2019-07-16 15:50:55,921 WARN  http.HttpRequestLog (HttpRequestLog.java:getRequestLog(97)) - Jetty request log can only be enabled using Log4j
2019-07-16 15:50:55,924 INFO  http.HttpServer2 (HttpServer2.java:addGlobalFilter(975)) - Added global filter 'safety' (class=org.apache.hadoop.http.HttpServer2$QuotingInputFilter)
2019-07-16 15:50:55,926 INFO  http.HttpServer2 (HttpServer2.java:addFilter(948)) - Added filter static_user_filter (class=org.apache.hadoop.http.lib.StaticUserWebFilter$StaticUserFilter) to context hddsDatanode
2019-07-16 15:50:55,926 INFO  http.HttpServer2 (HttpServer2.java:addFilter(958)) - Added filter static_user_filter (class=org.apache.hadoop.http.lib.StaticUserWebFilter$StaticUserFilter) to context static
2019-07-16 15:50:55,927 INFO  http.HttpServer2 (HttpServer2.java:addFilter(958)) - Added filter static_user_filter (class=org.apache.hadoop.http.lib.StaticUserWebFilter$StaticUserFilter) to context logs
2019-07-16 15:50:55,928 INFO  http.HttpServer2 (HttpServer2.java:bindListener(1191)) - Jetty bound to port 34102
2019-07-16 15:50:55,928 INFO  server.Server (Server.java:doStart(351)) - jetty-9.3.24.v20180605, build timestamp: 2018-06-05T17:11:56Z, git hash: 84205aa28f11a4f31f2a3b86d1bba2cc8ab69827
2019-07-16 15:50:55,931 INFO  handler.ContextHandler (ContextHandler.java:doStart(781)) - Started o.e.j.s.ServletContextHandler@4f93bf0a{/logs,file:///workdir/hadoop-ozone/integration-test/target/log,AVAILABLE}
2019-07-16 15:50:55,932 INFO  handler.ContextHandler (ContextHandler.java:doStart(781)) - Started o.e.j.s.ServletContextHandler@656a3d6b{/static,jar:file:/home/user/.m2/repository/org/apache/hadoop/hadoop-hdds-container-service/0.5.0-SNAPSHOT/hadoop-hdds-container-service-0.5.0-SNAPSHOT.jar!/webapps/static,AVAILABLE}
2019-07-16 15:50:55,977 INFO  handler.ContextHandler (ContextHandler.java:doStart(781)) - Started o.e.j.w.WebAppContext@12417468{/,file:///tmp/jetty-0.0.0.0-34102-hddsDatanode-_-any-3056515149986986178.dir/webapp/,AVAILABLE}{/hddsDatanode}
2019-07-16 15:50:55,978 INFO  server.AbstractConnector (AbstractConnector.java:doStart(278)) - Started ServerConnector@459003a0{HTTP/1.1,[http/1.1]}{0.0.0.0:34102}
2019-07-16 15:50:55,980 INFO  server.Server (Server.java:doStart(419)) - Started @6073ms
2019-07-16 15:50:55,981 INFO  server.BaseHttpServer (BaseHttpServer.java:updateConnectorAddress(207)) - HTTP server of HDDSDATANODE is listening at http://0.0.0.0:34102
2019-07-16 15:50:56,021 INFO  datanode.InitDatanodeState (InitDatanodeState.java:persistContainerDatanodeDetails(140)) - DatanodeDetails is persisted to /workdir/hadoop-ozone/integration-test/target/test-dir/MiniOzoneClusterImpl-cad0d14a-2169-45b1-bb31-fa0627aa7bd1/datanode-0/meta/datanode.id
2019-07-16 15:50:56,116 INFO  ozone.HddsDatanodeService (HddsDatanodeService.java:startPlugins(396)) - Started plug-in org.apache.hadoop.ozone.web.OzoneHddsDatanodeService@19dc0d32
2019-07-16 15:50:56,116 INFO  impl.MetricsSystemImpl (MetricsSystemImpl.java:init(158)) - HddsDatanode metrics system started (again)
2019-07-16 15:50:56,117 INFO  ozone.HddsDatanodeService (HddsDatanodeService.java:start(185)) - HddsDatanodeService host:trunk-nightly-kgw5x-1882989438 ip:192.168.69.88
2019-07-16 15:50:56,119 INFO  util.JvmPauseMonitor (JvmPauseMonitor.java:run(188)) - Starting JVM pause monitor
2019-07-16 15:50:56,125 INFO  volume.HddsVolume (HddsVolume.java:<init>(176)) - Creating Volume: /workdir/hadoop-ozone/integration-test/target/test-dir/MiniOzoneClusterImpl-cad0d14a-2169-45b1-bb31-fa0627aa7bd1/datanode-2/data/containers/hdds of  storage type : DISK and capacity : 52710309888
2019-07-16 15:50:56,125 INFO  volume.VolumeSet (VolumeSet.java:initializeVolumeSet(170)) - Added Volume : /workdir/hadoop-ozone/integration-test/target/test-dir/MiniOzoneClusterImpl-cad0d14a-2169-45b1-bb31-fa0627aa7bd1/datanode-2/data/containers/hdds to VolumeSet
2019-07-16 15:50:56,126 INFO  volume.ThrottledAsyncChecker (ThrottledAsyncChecker.java:schedule(140)) - Scheduling a check for org.apache.hadoop.ozone.container.common.volume.HddsVolume@5927f904
2019-07-16 15:50:56,126 INFO  volume.HddsVolumeChecker (HddsVolumeChecker.java:checkAllVolumes(203)) - Scheduled health check for volume org.apache.hadoop.ozone.container.common.volume.HddsVolume@5927f904
2019-07-16 15:50:56,127 INFO  datanode.InitDatanodeState (InitDatanodeState.java:persistContainerDatanodeDetails(140)) - DatanodeDetails is persisted to /workdir/hadoop-ozone/integration-test/target/test-dir/MiniOzoneClusterImpl-cad0d14a-2169-45b1-bb31-fa0627aa7bd1/datanode-1/meta/datanode.id
2019-07-16 15:50:56,139 INFO  impl.RaftServerProxy (ConfUtils.java:logGet(43)) - raft.rpc.type = GRPC (default)
2019-07-16 15:50:56,139 INFO  grpc.GrpcFactory (GrpcFactory.java:checkPooledByteBufAllocatorUseCacheForAllThreads(45)) - PERFORMANCE WARNING: useCacheForAllThreads is true that may cause Netty to create a lot garbage objects and, as a result, trigger GC.
	It is recommended to disable useCacheForAllThreads by setting -Dorg.apache.ratis.thirdparty.io.netty.allocator.useCacheForAllThreads=false in command line.
2019-07-16 15:50:56,140 INFO  grpc.GrpcConfigKeys$Server (ConfUtils.java:logGet(43)) - raft.grpc.server.port = 0 (default)
2019-07-16 15:50:56,140 INFO  server.GrpcService (ConfUtils.java:logGet(43)) - raft.grpc.message.size.max = 33570816 (custom)
2019-07-16 15:50:56,140 INFO  server.RaftServerConfigKeys (ConfUtils.java:logGet(43)) - raft.server.log.appender.buffer.byte-limit = 33554432 (custom)
2019-07-16 15:50:56,140 INFO  server.GrpcService (ConfUtils.java:logGet(43)) - raft.grpc.flow.control.window = 1MB (=1048576) (default)
2019-07-16 15:50:56,140 INFO  server.RaftServerConfigKeys (ConfUtils.java:logGet(43)) - raft.server.rpc.request.timeout = 3000ms (default)
2019-07-16 15:50:56,141 INFO  server.RaftServerConfigKeys (ConfUtils.java:logGet(43)) - raft.server.storage.dir = [/workdir/hadoop-ozone/integration-test/target/test-dir/MiniOzoneClusterImpl-cad0d14a-2169-45b1-bb31-fa0627aa7bd1/datanode-2/data/ratis] (custom)
2019-07-16 15:50:56,142 INFO  replication.SimpleContainerDownloader (SimpleContainerDownloader.java:<init>(72)) - Starting container downloader service to copy containers to replicate.
2019-07-16 15:50:56,143 INFO  hdfs.DFSUtil (DFSUtil.java:httpServerTemplateForNNAndJN(1641)) - Starting Web-server for hddsDatanode at: http://0.0.0.0:0
2019-07-16 15:50:56,144 INFO  server.AuthenticationFilter (AuthenticationFilter.java:constructSecretProvider(240)) - Unable to initialize FileSignerSecretProvider, falling back to use random secrets.
2019-07-16 15:50:56,145 WARN  http.HttpRequestLog (HttpRequestLog.java:getRequestLog(97)) - Jetty request log can only be enabled using Log4j
2019-07-16 15:50:56,146 INFO  http.HttpServer2 (HttpServer2.java:addGlobalFilter(975)) - Added global filter 'safety' (class=org.apache.hadoop.http.HttpServer2$QuotingInputFilter)
2019-07-16 15:50:56,146 INFO  http.HttpServer2 (HttpServer2.java:addFilter(948)) - Added filter static_user_filter (class=org.apache.hadoop.http.lib.StaticUserWebFilter$StaticUserFilter) to context hddsDatanode
2019-07-16 15:50:56,146 INFO  http.HttpServer2 (HttpServer2.java:addFilter(958)) - Added filter static_user_filter (class=org.apache.hadoop.http.lib.StaticUserWebFilter$StaticUserFilter) to context logs
2019-07-16 15:50:56,147 INFO  http.HttpServer2 (HttpServer2.java:addFilter(958)) - Added filter static_user_filter (class=org.apache.hadoop.http.lib.StaticUserWebFilter$StaticUserFilter) to context static
2019-07-16 15:50:56,147 INFO  http.HttpServer2 (HttpServer2.java:bindListener(1191)) - Jetty bound to port 41640
2019-07-16 15:50:56,147 INFO  server.Server (Server.java:doStart(351)) - jetty-9.3.24.v20180605, build timestamp: 2018-06-05T17:11:56Z, git hash: 84205aa28f11a4f31f2a3b86d1bba2cc8ab69827
2019-07-16 15:50:56,150 INFO  handler.ContextHandler (ContextHandler.java:doStart(781)) - Started o.e.j.s.ServletContextHandler@3b7c58e7{/logs,file:///workdir/hadoop-ozone/integration-test/target/log,AVAILABLE}
2019-07-16 15:50:56,151 INFO  handler.ContextHandler (ContextHandler.java:doStart(781)) - Started o.e.j.s.ServletContextHandler@6371cf2f{/static,jar:file:/home/user/.m2/repository/org/apache/hadoop/hadoop-hdds-container-service/0.5.0-SNAPSHOT/hadoop-hdds-container-service-0.5.0-SNAPSHOT.jar!/webapps/static,AVAILABLE}
2019-07-16 15:50:56,175 INFO  handler.ContextHandler (ContextHandler.java:doStart(781)) - Started o.e.j.w.WebAppContext@70997a94{/,file:///tmp/jetty-0.0.0.0-41640-hddsDatanode-_-any-499008979454877776.dir/webapp/,AVAILABLE}{/hddsDatanode}
2019-07-16 15:50:56,176 INFO  server.AbstractConnector (AbstractConnector.java:doStart(278)) - Started ServerConnector@61f377d1{HTTP/1.1,[http/1.1]}{0.0.0.0:41640}
2019-07-16 15:50:56,177 INFO  server.Server (Server.java:doStart(419)) - Started @6270ms
2019-07-16 15:50:56,178 INFO  server.BaseHttpServer (BaseHttpServer.java:updateConnectorAddress(207)) - HTTP server of HDDSDATANODE is listening at http://0.0.0.0:41640
2019-07-16 15:50:56,291 INFO  ozone.HddsDatanodeService (HddsDatanodeService.java:startPlugins(396)) - Started plug-in org.apache.hadoop.ozone.web.OzoneHddsDatanodeService@47df5041
2019-07-16 15:50:56,292 INFO  impl.MetricsSystemImpl (MetricsSystemImpl.java:init(158)) - HddsDatanode metrics system started (again)
2019-07-16 15:50:56,293 INFO  ozone.HddsDatanodeService (HddsDatanodeService.java:start(185)) - HddsDatanodeService host:trunk-nightly-kgw5x-1882989438 ip:192.168.69.88
2019-07-16 15:50:56,295 INFO  util.JvmPauseMonitor (JvmPauseMonitor.java:run(188)) - Starting JVM pause monitor
2019-07-16 15:50:56,299 INFO  datanode.InitDatanodeState (InitDatanodeState.java:persistContainerDatanodeDetails(140)) - DatanodeDetails is persisted to /workdir/hadoop-ozone/integration-test/target/test-dir/MiniOzoneClusterImpl-cad0d14a-2169-45b1-bb31-fa0627aa7bd1/datanode-2/meta/datanode.id
2019-07-16 15:50:56,301 INFO  volume.HddsVolume (HddsVolume.java:<init>(176)) - Creating Volume: /workdir/hadoop-ozone/integration-test/target/test-dir/MiniOzoneClusterImpl-cad0d14a-2169-45b1-bb31-fa0627aa7bd1/datanode-3/data/containers/hdds of  storage type : DISK and capacity : 52710309888
2019-07-16 15:50:56,302 INFO  volume.VolumeSet (VolumeSet.java:initializeVolumeSet(170)) - Added Volume : /workdir/hadoop-ozone/integration-test/target/test-dir/MiniOzoneClusterImpl-cad0d14a-2169-45b1-bb31-fa0627aa7bd1/datanode-3/data/containers/hdds to VolumeSet
2019-07-16 15:50:56,302 INFO  volume.ThrottledAsyncChecker (ThrottledAsyncChecker.java:schedule(140)) - Scheduling a check for org.apache.hadoop.ozone.container.common.volume.HddsVolume@b5ac0c1
2019-07-16 15:50:56,303 INFO  volume.HddsVolumeChecker (HddsVolumeChecker.java:checkAllVolumes(203)) - Scheduled health check for volume org.apache.hadoop.ozone.container.common.volume.HddsVolume@b5ac0c1
2019-07-16 15:50:56,327 INFO  impl.RaftServerProxy (ConfUtils.java:logGet(43)) - raft.rpc.type = GRPC (default)
2019-07-16 15:50:56,328 INFO  grpc.GrpcFactory (GrpcFactory.java:checkPooledByteBufAllocatorUseCacheForAllThreads(45)) - PERFORMANCE WARNING: useCacheForAllThreads is true that may cause Netty to create a lot garbage objects and, as a result, trigger GC.
	It is recommended to disable useCacheForAllThreads by setting -Dorg.apache.ratis.thirdparty.io.netty.allocator.useCacheForAllThreads=false in command line.
2019-07-16 15:50:56,328 INFO  grpc.GrpcConfigKeys$Server (ConfUtils.java:logGet(43)) - raft.grpc.server.port = 0 (default)
2019-07-16 15:50:56,328 INFO  server.GrpcService (ConfUtils.java:logGet(43)) - raft.grpc.message.size.max = 33570816 (custom)
2019-07-16 15:50:56,329 INFO  server.RaftServerConfigKeys (ConfUtils.java:logGet(43)) - raft.server.log.appender.buffer.byte-limit = 33554432 (custom)
2019-07-16 15:50:56,329 INFO  server.GrpcService (ConfUtils.java:logGet(43)) - raft.grpc.flow.control.window = 1MB (=1048576) (default)
2019-07-16 15:50:56,329 INFO  server.RaftServerConfigKeys (ConfUtils.java:logGet(43)) - raft.server.rpc.request.timeout = 3000ms (default)
2019-07-16 15:50:56,330 INFO  server.RaftServerConfigKeys (ConfUtils.java:logGet(43)) - raft.server.storage.dir = [/workdir/hadoop-ozone/integration-test/target/test-dir/MiniOzoneClusterImpl-cad0d14a-2169-45b1-bb31-fa0627aa7bd1/datanode-3/data/ratis] (custom)
2019-07-16 15:50:56,331 INFO  replication.SimpleContainerDownloader (SimpleContainerDownloader.java:<init>(72)) - Starting container downloader service to copy containers to replicate.
2019-07-16 15:50:56,332 INFO  hdfs.DFSUtil (DFSUtil.java:httpServerTemplateForNNAndJN(1641)) - Starting Web-server for hddsDatanode at: http://0.0.0.0:0
2019-07-16 15:50:56,335 INFO  server.AuthenticationFilter (AuthenticationFilter.java:constructSecretProvider(240)) - Unable to initialize FileSignerSecretProvider, falling back to use random secrets.
2019-07-16 15:50:56,336 WARN  http.HttpRequestLog (HttpRequestLog.java:getRequestLog(97)) - Jetty request log can only be enabled using Log4j
2019-07-16 15:50:56,338 INFO  http.HttpServer2 (HttpServer2.java:addGlobalFilter(975)) - Added global filter 'safety' (class=org.apache.hadoop.http.HttpServer2$QuotingInputFilter)
2019-07-16 15:50:56,339 INFO  http.HttpServer2 (HttpServer2.java:addFilter(948)) - Added filter static_user_filter (class=org.apache.hadoop.http.lib.StaticUserWebFilter$StaticUserFilter) to context hddsDatanode
2019-07-16 15:50:56,339 INFO  http.HttpServer2 (HttpServer2.java:addFilter(958)) - Added filter static_user_filter (class=org.apache.hadoop.http.lib.StaticUserWebFilter$StaticUserFilter) to context logs
2019-07-16 15:50:56,339 INFO  http.HttpServer2 (HttpServer2.java:addFilter(958)) - Added filter static_user_filter (class=org.apache.hadoop.http.lib.StaticUserWebFilter$StaticUserFilter) to context static
2019-07-16 15:50:56,340 INFO  http.HttpServer2 (HttpServer2.java:bindListener(1191)) - Jetty bound to port 42348
2019-07-16 15:50:56,341 INFO  server.Server (Server.java:doStart(351)) - jetty-9.3.24.v20180605, build timestamp: 2018-06-05T17:11:56Z, git hash: 84205aa28f11a4f31f2a3b86d1bba2cc8ab69827
2019-07-16 15:50:56,344 INFO  handler.ContextHandler (ContextHandler.java:doStart(781)) - Started o.e.j.s.ServletContextHandler@1a8e9ed9{/logs,file:///workdir/hadoop-ozone/integration-test/target/log,AVAILABLE}
2019-07-16 15:50:56,345 INFO  handler.ContextHandler (ContextHandler.java:doStart(781)) - Started o.e.j.s.ServletContextHandler@12fcb2c3{/static,jar:file:/home/user/.m2/repository/org/apache/hadoop/hadoop-hdds-container-service/0.5.0-SNAPSHOT/hadoop-hdds-container-service-0.5.0-SNAPSHOT.jar!/webapps/static,AVAILABLE}
2019-07-16 15:50:56,386 INFO  handler.ContextHandler (ContextHandler.java:doStart(781)) - Started o.e.j.w.WebAppContext@c412556{/,file:///tmp/jetty-0.0.0.0-42348-hddsDatanode-_-any-7789310413110010391.dir/webapp/,AVAILABLE}{/hddsDatanode}
2019-07-16 15:50:56,388 INFO  server.AbstractConnector (AbstractConnector.java:doStart(278)) - Started ServerConnector@6f930e0{HTTP/1.1,[http/1.1]}{0.0.0.0:42348}
2019-07-16 15:50:56,389 INFO  server.Server (Server.java:doStart(419)) - Started @6482ms
2019-07-16 15:50:56,391 INFO  server.BaseHttpServer (BaseHttpServer.java:updateConnectorAddress(207)) - HTTP server of HDDSDATANODE is listening at http://0.0.0.0:42348
2019-07-16 15:50:56,538 INFO  ozone.HddsDatanodeService (HddsDatanodeService.java:startPlugins(396)) - Started plug-in org.apache.hadoop.ozone.web.OzoneHddsDatanodeService@48cd319d
2019-07-16 15:50:56,538 INFO  impl.MetricsSystemImpl (MetricsSystemImpl.java:init(158)) - HddsDatanode metrics system started (again)
2019-07-16 15:50:56,540 INFO  ozone.HddsDatanodeService (HddsDatanodeService.java:start(185)) - HddsDatanodeService host:trunk-nightly-kgw5x-1882989438 ip:192.168.69.88
2019-07-16 15:50:56,542 INFO  util.JvmPauseMonitor (JvmPauseMonitor.java:run(188)) - Starting JVM pause monitor
2019-07-16 15:50:56,548 INFO  volume.HddsVolume (HddsVolume.java:<init>(176)) - Creating Volume: /workdir/hadoop-ozone/integration-test/target/test-dir/MiniOzoneClusterImpl-cad0d14a-2169-45b1-bb31-fa0627aa7bd1/datanode-4/data/containers/hdds of  storage type : DISK and capacity : 52710309888
2019-07-16 15:50:56,548 INFO  datanode.InitDatanodeState (InitDatanodeState.java:persistContainerDatanodeDetails(140)) - DatanodeDetails is persisted to /workdir/hadoop-ozone/integration-test/target/test-dir/MiniOzoneClusterImpl-cad0d14a-2169-45b1-bb31-fa0627aa7bd1/datanode-3/meta/datanode.id
2019-07-16 15:50:56,548 INFO  volume.VolumeSet (VolumeSet.java:initializeVolumeSet(170)) - Added Volume : /workdir/hadoop-ozone/integration-test/target/test-dir/MiniOzoneClusterImpl-cad0d14a-2169-45b1-bb31-fa0627aa7bd1/datanode-4/data/containers/hdds to VolumeSet
2019-07-16 15:50:56,549 INFO  volume.ThrottledAsyncChecker (ThrottledAsyncChecker.java:schedule(140)) - Scheduling a check for org.apache.hadoop.ozone.container.common.volume.HddsVolume@7c588adc
2019-07-16 15:50:56,549 INFO  volume.HddsVolumeChecker (HddsVolumeChecker.java:checkAllVolumes(203)) - Scheduled health check for volume org.apache.hadoop.ozone.container.common.volume.HddsVolume@7c588adc
2019-07-16 15:50:56,566 INFO  impl.RaftServerProxy (ConfUtils.java:logGet(43)) - raft.rpc.type = GRPC (default)
2019-07-16 15:50:56,566 INFO  grpc.GrpcFactory (GrpcFactory.java:checkPooledByteBufAllocatorUseCacheForAllThreads(45)) - PERFORMANCE WARNING: useCacheForAllThreads is true that may cause Netty to create a lot garbage objects and, as a result, trigger GC.
	It is recommended to disable useCacheForAllThreads by setting -Dorg.apache.ratis.thirdparty.io.netty.allocator.useCacheForAllThreads=false in command line.
2019-07-16 15:50:56,566 INFO  grpc.GrpcConfigKeys$Server (ConfUtils.java:logGet(43)) - raft.grpc.server.port = 0 (default)
2019-07-16 15:50:56,566 INFO  server.GrpcService (ConfUtils.java:logGet(43)) - raft.grpc.message.size.max = 33570816 (custom)
2019-07-16 15:50:56,567 INFO  server.RaftServerConfigKeys (ConfUtils.java:logGet(43)) - raft.server.log.appender.buffer.byte-limit = 33554432 (custom)
2019-07-16 15:50:56,567 INFO  server.GrpcService (ConfUtils.java:logGet(43)) - raft.grpc.flow.control.window = 1MB (=1048576) (default)
2019-07-16 15:50:56,567 INFO  server.RaftServerConfigKeys (ConfUtils.java:logGet(43)) - raft.server.rpc.request.timeout = 3000ms (default)
2019-07-16 15:50:56,568 INFO  server.RaftServerConfigKeys (ConfUtils.java:logGet(43)) - raft.server.storage.dir = [/workdir/hadoop-ozone/integration-test/target/test-dir/MiniOzoneClusterImpl-cad0d14a-2169-45b1-bb31-fa0627aa7bd1/datanode-4/data/ratis] (custom)
2019-07-16 15:50:56,568 INFO  replication.SimpleContainerDownloader (SimpleContainerDownloader.java:<init>(72)) - Starting container downloader service to copy containers to replicate.
2019-07-16 15:50:56,570 INFO  hdfs.DFSUtil (DFSUtil.java:httpServerTemplateForNNAndJN(1641)) - Starting Web-server for hddsDatanode at: http://0.0.0.0:0
2019-07-16 15:50:56,572 INFO  server.AuthenticationFilter (AuthenticationFilter.java:constructSecretProvider(240)) - Unable to initialize FileSignerSecretProvider, falling back to use random secrets.
2019-07-16 15:50:56,573 WARN  http.HttpRequestLog (HttpRequestLog.java:getRequestLog(97)) - Jetty request log can only be enabled using Log4j
2019-07-16 15:50:56,576 INFO  http.HttpServer2 (HttpServer2.java:addGlobalFilter(975)) - Added global filter 'safety' (class=org.apache.hadoop.http.HttpServer2$QuotingInputFilter)
2019-07-16 15:50:56,576 INFO  http.HttpServer2 (HttpServer2.java:addFilter(948)) - Added filter static_user_filter (class=org.apache.hadoop.http.lib.StaticUserWebFilter$StaticUserFilter) to context hddsDatanode
2019-07-16 15:50:56,577 INFO  http.HttpServer2 (HttpServer2.java:addFilter(958)) - Added filter static_user_filter (class=org.apache.hadoop.http.lib.StaticUserWebFilter$StaticUserFilter) to context logs
2019-07-16 15:50:56,577 INFO  http.HttpServer2 (HttpServer2.java:addFilter(958)) - Added filter static_user_filter (class=org.apache.hadoop.http.lib.StaticUserWebFilter$StaticUserFilter) to context static
2019-07-16 15:50:56,578 INFO  http.HttpServer2 (HttpServer2.java:bindListener(1191)) - Jetty bound to port 36412
2019-07-16 15:50:56,579 INFO  server.Server (Server.java:doStart(351)) - jetty-9.3.24.v20180605, build timestamp: 2018-06-05T17:11:56Z, git hash: 84205aa28f11a4f31f2a3b86d1bba2cc8ab69827
2019-07-16 15:50:56,583 INFO  handler.ContextHandler (ContextHandler.java:doStart(781)) - Started o.e.j.s.ServletContextHandler@22f02996{/logs,file:///workdir/hadoop-ozone/integration-test/target/log,AVAILABLE}
2019-07-16 15:50:56,584 INFO  handler.ContextHandler (ContextHandler.java:doStart(781)) - Started o.e.j.s.ServletContextHandler@42c0a16e{/static,jar:file:/home/user/.m2/repository/org/apache/hadoop/hadoop-hdds-container-service/0.5.0-SNAPSHOT/hadoop-hdds-container-service-0.5.0-SNAPSHOT.jar!/webapps/static,AVAILABLE}
2019-07-16 15:50:56,626 INFO  handler.ContextHandler (ContextHandler.java:doStart(781)) - Started o.e.j.w.WebAppContext@5a9840f3{/,file:///tmp/jetty-0.0.0.0-36412-hddsDatanode-_-any-1391740656543658314.dir/webapp/,AVAILABLE}{/hddsDatanode}
2019-07-16 15:50:56,627 INFO  server.AbstractConnector (AbstractConnector.java:doStart(278)) - Started ServerConnector@7d30007d{HTTP/1.1,[http/1.1]}{0.0.0.0:36412}
2019-07-16 15:50:56,627 INFO  server.Server (Server.java:doStart(419)) - Started @6721ms
2019-07-16 15:50:56,628 INFO  server.BaseHttpServer (BaseHttpServer.java:updateConnectorAddress(207)) - HTTP server of HDDSDATANODE is listening at http://0.0.0.0:36412
2019-07-16 15:50:56,773 INFO  ozone.HddsDatanodeService (HddsDatanodeService.java:startPlugins(396)) - Started plug-in org.apache.hadoop.ozone.web.OzoneHddsDatanodeService@4a1a412e
2019-07-16 15:50:56,774 INFO  impl.MetricsSystemImpl (MetricsSystemImpl.java:init(158)) - HddsDatanode metrics system started (again)
2019-07-16 15:50:56,775 INFO  ozone.HddsDatanodeService (HddsDatanodeService.java:start(185)) - HddsDatanodeService host:trunk-nightly-kgw5x-1882989438 ip:192.168.69.88
2019-07-16 15:50:56,777 INFO  util.JvmPauseMonitor (JvmPauseMonitor.java:run(188)) - Starting JVM pause monitor
2019-07-16 15:50:56,779 INFO  datanode.InitDatanodeState (InitDatanodeState.java:persistContainerDatanodeDetails(140)) - DatanodeDetails is persisted to /workdir/hadoop-ozone/integration-test/target/test-dir/MiniOzoneClusterImpl-cad0d14a-2169-45b1-bb31-fa0627aa7bd1/datanode-4/meta/datanode.id
2019-07-16 15:50:56,784 INFO  volume.HddsVolume (HddsVolume.java:<init>(176)) - Creating Volume: /workdir/hadoop-ozone/integration-test/target/test-dir/MiniOzoneClusterImpl-cad0d14a-2169-45b1-bb31-fa0627aa7bd1/datanode-5/data/containers/hdds of  storage type : DISK and capacity : 52710309888
2019-07-16 15:50:56,784 INFO  volume.VolumeSet (VolumeSet.java:initializeVolumeSet(170)) - Added Volume : /workdir/hadoop-ozone/integration-test/target/test-dir/MiniOzoneClusterImpl-cad0d14a-2169-45b1-bb31-fa0627aa7bd1/datanode-5/data/containers/hdds to VolumeSet
2019-07-16 15:50:56,784 INFO  volume.ThrottledAsyncChecker (ThrottledAsyncChecker.java:schedule(140)) - Scheduling a check for org.apache.hadoop.ozone.container.common.volume.HddsVolume@2e952845
2019-07-16 15:50:56,785 INFO  volume.HddsVolumeChecker (HddsVolumeChecker.java:checkAllVolumes(203)) - Scheduled health check for volume org.apache.hadoop.ozone.container.common.volume.HddsVolume@2e952845
2019-07-16 15:50:56,797 INFO  impl.RaftServerProxy (ConfUtils.java:logGet(43)) - raft.rpc.type = GRPC (default)
2019-07-16 15:50:56,797 INFO  grpc.GrpcFactory (GrpcFactory.java:checkPooledByteBufAllocatorUseCacheForAllThreads(45)) - PERFORMANCE WARNING: useCacheForAllThreads is true that may cause Netty to create a lot garbage objects and, as a result, trigger GC.
	It is recommended to disable useCacheForAllThreads by setting -Dorg.apache.ratis.thirdparty.io.netty.allocator.useCacheForAllThreads=false in command line.
2019-07-16 15:50:56,797 INFO  grpc.GrpcConfigKeys$Server (ConfUtils.java:logGet(43)) - raft.grpc.server.port = 0 (default)
2019-07-16 15:50:56,797 INFO  server.GrpcService (ConfUtils.java:logGet(43)) - raft.grpc.message.size.max = 33570816 (custom)
2019-07-16 15:50:56,798 INFO  server.RaftServerConfigKeys (ConfUtils.java:logGet(43)) - raft.server.log.appender.buffer.byte-limit = 33554432 (custom)
2019-07-16 15:50:56,798 INFO  server.GrpcService (ConfUtils.java:logGet(43)) - raft.grpc.flow.control.window = 1MB (=1048576) (default)
2019-07-16 15:50:56,798 INFO  server.RaftServerConfigKeys (ConfUtils.java:logGet(43)) - raft.server.rpc.request.timeout = 3000ms (default)
2019-07-16 15:50:56,799 INFO  server.RaftServerConfigKeys (ConfUtils.java:logGet(43)) - raft.server.storage.dir = [/workdir/hadoop-ozone/integration-test/target/test-dir/MiniOzoneClusterImpl-cad0d14a-2169-45b1-bb31-fa0627aa7bd1/datanode-5/data/ratis] (custom)
2019-07-16 15:50:56,800 INFO  replication.SimpleContainerDownloader (SimpleContainerDownloader.java:<init>(72)) - Starting container downloader service to copy containers to replicate.
2019-07-16 15:50:56,801 INFO  hdfs.DFSUtil (DFSUtil.java:httpServerTemplateForNNAndJN(1641)) - Starting Web-server for hddsDatanode at: http://0.0.0.0:0
2019-07-16 15:50:56,802 INFO  server.AuthenticationFilter (AuthenticationFilter.java:constructSecretProvider(240)) - Unable to initialize FileSignerSecretProvider, falling back to use random secrets.
2019-07-16 15:50:56,803 WARN  http.HttpRequestLog (HttpRequestLog.java:getRequestLog(97)) - Jetty request log can only be enabled using Log4j
2019-07-16 15:50:56,804 INFO  http.HttpServer2 (HttpServer2.java:addGlobalFilter(975)) - Added global filter 'safety' (class=org.apache.hadoop.http.HttpServer2$QuotingInputFilter)
2019-07-16 15:50:56,805 INFO  http.HttpServer2 (HttpServer2.java:addFilter(948)) - Added filter static_user_filter (class=org.apache.hadoop.http.lib.StaticUserWebFilter$StaticUserFilter) to context hddsDatanode
2019-07-16 15:50:56,805 INFO  http.HttpServer2 (HttpServer2.java:addFilter(958)) - Added filter static_user_filter (class=org.apache.hadoop.http.lib.StaticUserWebFilter$StaticUserFilter) to context logs
2019-07-16 15:50:56,805 INFO  http.HttpServer2 (HttpServer2.java:addFilter(958)) - Added filter static_user_filter (class=org.apache.hadoop.http.lib.StaticUserWebFilter$StaticUserFilter) to context static
2019-07-16 15:50:56,806 INFO  http.HttpServer2 (HttpServer2.java:bindListener(1191)) - Jetty bound to port 45844
2019-07-16 15:50:56,806 INFO  server.Server (Server.java:doStart(351)) - jetty-9.3.24.v20180605, build timestamp: 2018-06-05T17:11:56Z, git hash: 84205aa28f11a4f31f2a3b86d1bba2cc8ab69827
2019-07-16 15:50:56,808 INFO  handler.ContextHandler (ContextHandler.java:doStart(781)) - Started o.e.j.s.ServletContextHandler@6b9c42bd{/logs,file:///workdir/hadoop-ozone/integration-test/target/log,AVAILABLE}
2019-07-16 15:50:56,809 INFO  handler.ContextHandler (ContextHandler.java:doStart(781)) - Started o.e.j.s.ServletContextHandler@33324c05{/static,jar:file:/home/user/.m2/repository/org/apache/hadoop/hadoop-hdds-container-service/0.5.0-SNAPSHOT/hadoop-hdds-container-service-0.5.0-SNAPSHOT.jar!/webapps/static,AVAILABLE}
2019-07-16 15:50:56,833 INFO  handler.ContextHandler (ContextHandler.java:doStart(781)) - Started o.e.j.w.WebAppContext@16681017{/,file:///tmp/jetty-0.0.0.0-45844-hddsDatanode-_-any-1625867002752795781.dir/webapp/,AVAILABLE}{/hddsDatanode}
2019-07-16 15:50:56,834 INFO  server.AbstractConnector (AbstractConnector.java:doStart(278)) - Started ServerConnector@6aae0e6f{HTTP/1.1,[http/1.1]}{0.0.0.0:45844}
2019-07-16 15:50:56,835 INFO  server.Server (Server.java:doStart(419)) - Started @6928ms
2019-07-16 15:50:56,836 INFO  server.BaseHttpServer (BaseHttpServer.java:updateConnectorAddress(207)) - HTTP server of HDDSDATANODE is listening at http://0.0.0.0:45844
2019-07-16 15:50:56,991 INFO  ozone.HddsDatanodeService (HddsDatanodeService.java:startPlugins(396)) - Started plug-in org.apache.hadoop.ozone.web.OzoneHddsDatanodeService@73e4bb60
2019-07-16 15:50:56,992 INFO  impl.MetricsSystemImpl (MetricsSystemImpl.java:init(158)) - HddsDatanode metrics system started (again)
2019-07-16 15:50:56,992 INFO  ozone.HddsDatanodeService (HddsDatanodeService.java:start(185)) - HddsDatanodeService host:trunk-nightly-kgw5x-1882989438 ip:192.168.69.88
2019-07-16 15:50:56,996 INFO  util.JvmPauseMonitor (JvmPauseMonitor.java:run(188)) - Starting JVM pause monitor
2019-07-16 15:50:56,999 INFO  datanode.InitDatanodeState (InitDatanodeState.java:persistContainerDatanodeDetails(140)) - DatanodeDetails is persisted to /workdir/hadoop-ozone/integration-test/target/test-dir/MiniOzoneClusterImpl-cad0d14a-2169-45b1-bb31-fa0627aa7bd1/datanode-5/meta/datanode.id
2019-07-16 15:50:57,005 INFO  volume.HddsVolume (HddsVolume.java:<init>(176)) - Creating Volume: /workdir/hadoop-ozone/integration-test/target/test-dir/MiniOzoneClusterImpl-cad0d14a-2169-45b1-bb31-fa0627aa7bd1/datanode-6/data/containers/hdds of  storage type : DISK and capacity : 52710309888
2019-07-16 15:50:57,006 INFO  volume.VolumeSet (VolumeSet.java:initializeVolumeSet(170)) - Added Volume : /workdir/hadoop-ozone/integration-test/target/test-dir/MiniOzoneClusterImpl-cad0d14a-2169-45b1-bb31-fa0627aa7bd1/datanode-6/data/containers/hdds to VolumeSet
2019-07-16 15:50:57,006 INFO  volume.ThrottledAsyncChecker (ThrottledAsyncChecker.java:schedule(140)) - Scheduling a check for org.apache.hadoop.ozone.container.common.volume.HddsVolume@6ddc67d0
2019-07-16 15:50:57,006 INFO  volume.HddsVolumeChecker (HddsVolumeChecker.java:checkAllVolumes(203)) - Scheduled health check for volume org.apache.hadoop.ozone.container.common.volume.HddsVolume@6ddc67d0
2019-07-16 15:50:57,020 INFO  impl.RaftServerProxy (ConfUtils.java:logGet(43)) - raft.rpc.type = GRPC (default)
2019-07-16 15:50:57,021 INFO  grpc.GrpcFactory (GrpcFactory.java:checkPooledByteBufAllocatorUseCacheForAllThreads(45)) - PERFORMANCE WARNING: useCacheForAllThreads is true that may cause Netty to create a lot garbage objects and, as a result, trigger GC.
	It is recommended to disable useCacheForAllThreads by setting -Dorg.apache.ratis.thirdparty.io.netty.allocator.useCacheForAllThreads=false in command line.
2019-07-16 15:50:57,021 INFO  grpc.GrpcConfigKeys$Server (ConfUtils.java:logGet(43)) - raft.grpc.server.port = 0 (default)
2019-07-16 15:50:57,021 INFO  server.GrpcService (ConfUtils.java:logGet(43)) - raft.grpc.message.size.max = 33570816 (custom)
2019-07-16 15:50:57,021 INFO  server.RaftServerConfigKeys (ConfUtils.java:logGet(43)) - raft.server.log.appender.buffer.byte-limit = 33554432 (custom)
2019-07-16 15:50:57,021 INFO  server.GrpcService (ConfUtils.java:logGet(43)) - raft.grpc.flow.control.window = 1MB (=1048576) (default)
2019-07-16 15:50:57,022 INFO  server.RaftServerConfigKeys (ConfUtils.java:logGet(43)) - raft.server.rpc.request.timeout = 3000ms (default)
2019-07-16 15:50:57,022 INFO  server.RaftServerConfigKeys (ConfUtils.java:logGet(43)) - raft.server.storage.dir = [/workdir/hadoop-ozone/integration-test/target/test-dir/MiniOzoneClusterImpl-cad0d14a-2169-45b1-bb31-fa0627aa7bd1/datanode-6/data/ratis] (custom)
2019-07-16 15:50:57,022 INFO  replication.SimpleContainerDownloader (SimpleContainerDownloader.java:<init>(72)) - Starting container downloader service to copy containers to replicate.
2019-07-16 15:50:57,023 INFO  hdfs.DFSUtil (DFSUtil.java:httpServerTemplateForNNAndJN(1641)) - Starting Web-server for hddsDatanode at: http://0.0.0.0:0
2019-07-16 15:50:57,025 INFO  server.AuthenticationFilter (AuthenticationFilter.java:constructSecretProvider(240)) - Unable to initialize FileSignerSecretProvider, falling back to use random secrets.
2019-07-16 15:50:57,025 WARN  http.HttpRequestLog (HttpRequestLog.java:getRequestLog(97)) - Jetty request log can only be enabled using Log4j
2019-07-16 15:50:57,026 INFO  http.HttpServer2 (HttpServer2.java:addGlobalFilter(975)) - Added global filter 'safety' (class=org.apache.hadoop.http.HttpServer2$QuotingInputFilter)
2019-07-16 15:50:57,027 INFO  http.HttpServer2 (HttpServer2.java:addFilter(948)) - Added filter static_user_filter (class=org.apache.hadoop.http.lib.StaticUserWebFilter$StaticUserFilter) to context hddsDatanode
2019-07-16 15:50:57,027 INFO  http.HttpServer2 (HttpServer2.java:addFilter(958)) - Added filter static_user_filter (class=org.apache.hadoop.http.lib.StaticUserWebFilter$StaticUserFilter) to context logs
2019-07-16 15:50:57,027 INFO  http.HttpServer2 (HttpServer2.java:addFilter(958)) - Added filter static_user_filter (class=org.apache.hadoop.http.lib.StaticUserWebFilter$StaticUserFilter) to context static
2019-07-16 15:50:57,028 INFO  http.HttpServer2 (HttpServer2.java:bindListener(1191)) - Jetty bound to port 42484
2019-07-16 15:50:57,028 INFO  server.Server (Server.java:doStart(351)) - jetty-9.3.24.v20180605, build timestamp: 2018-06-05T17:11:56Z, git hash: 84205aa28f11a4f31f2a3b86d1bba2cc8ab69827
2019-07-16 15:50:57,030 INFO  handler.ContextHandler (ContextHandler.java:doStart(781)) - Started o.e.j.s.ServletContextHandler@6206b4a7{/logs,file:///workdir/hadoop-ozone/integration-test/target/log,AVAILABLE}
2019-07-16 15:50:57,030 INFO  handler.ContextHandler (ContextHandler.java:doStart(781)) - Started o.e.j.s.ServletContextHandler@5c1b89ac{/static,jar:file:/home/user/.m2/repository/org/apache/hadoop/hadoop-hdds-container-service/0.5.0-SNAPSHOT/hadoop-hdds-container-service-0.5.0-SNAPSHOT.jar!/webapps/static,AVAILABLE}
2019-07-16 15:50:57,053 INFO  handler.ContextHandler (ContextHandler.java:doStart(781)) - Started o.e.j.w.WebAppContext@37314843{/,file:///tmp/jetty-0.0.0.0-42484-hddsDatanode-_-any-7752092620029812084.dir/webapp/,AVAILABLE}{/hddsDatanode}
2019-07-16 15:50:57,053 INFO  server.AbstractConnector (AbstractConnector.java:doStart(278)) - Started ServerConnector@50122012{HTTP/1.1,[http/1.1]}{0.0.0.0:42484}
2019-07-16 15:50:57,055 INFO  server.Server (Server.java:doStart(419)) - Started @7148ms
2019-07-16 15:50:57,056 INFO  server.BaseHttpServer (BaseHttpServer.java:updateConnectorAddress(207)) - HTTP server of HDDSDATANODE is listening at http://0.0.0.0:42484
2019-07-16 15:50:57,254 INFO  ozone.HddsDatanodeService (HddsDatanodeService.java:startPlugins(396)) - Started plug-in org.apache.hadoop.ozone.web.OzoneHddsDatanodeService@71369e1a
2019-07-16 15:50:57,257 INFO  ozone.MiniOzoneClusterImpl (MiniOzoneClusterImpl.java:lambda$waitForClusterToBeReady$0(142)) - Waiting for cluster to be ready. Got 0 of 7 DN Heartbeats.
2019-07-16 15:50:57,258 INFO  util.JvmPauseMonitor (JvmPauseMonitor.java:run(188)) - Starting JVM pause monitor
2019-07-16 15:50:57,260 INFO  datanode.InitDatanodeState (InitDatanodeState.java:persistContainerDatanodeDetails(140)) - DatanodeDetails is persisted to /workdir/hadoop-ozone/integration-test/target/test-dir/MiniOzoneClusterImpl-cad0d14a-2169-45b1-bb31-fa0627aa7bd1/datanode-6/meta/datanode.id
2019-07-16 15:50:57,948 INFO  ozoneimpl.OzoneContainer (OzoneContainer.java:start(186)) - Attempting to start container services.
2019-07-16 15:50:57,949 INFO  ozoneimpl.OzoneContainer (OzoneContainer.java:startContainerScrub(160)) - Background container scrubber has been disabled by hdds.containerscrub.enabled
2019-07-16 15:50:57,950 INFO  ratis.XceiverServerRatis (XceiverServerRatis.java:start(418)) - Starting XceiverServerRatis 2ebfb150-ad1b-4e9c-8a7b-53e05ecf4557 at port 0
2019-07-16 15:50:57,968 INFO  impl.RaftServerProxy (RaftServerProxy.java:lambda$start$3(299)) - 2ebfb150-ad1b-4e9c-8a7b-53e05ecf4557: start RPC server
2019-07-16 15:50:58,084 INFO  server.GrpcService (GrpcService.java:startImpl(149)) - 2ebfb150-ad1b-4e9c-8a7b-53e05ecf4557: GrpcService started, listening on 0.0.0.0/0.0.0.0:41058
2019-07-16 15:50:58,085 INFO  ratis.XceiverServerRatis (XceiverServerRatis.java:start(428)) - XceiverServerRatis 2ebfb150-ad1b-4e9c-8a7b-53e05ecf4557 is started using port 41058
2019-07-16 15:50:58,087 INFO  server.XceiverServerGrpc (XceiverServerGrpc.java:start(161)) - XceiverServerGrpc 2ebfb150-ad1b-4e9c-8a7b-53e05ecf4557 is started using port 43662
2019-07-16 15:50:58,135 INFO  ozoneimpl.OzoneContainer (OzoneContainer.java:start(186)) - Attempting to start container services.
2019-07-16 15:50:58,137 INFO  ozoneimpl.OzoneContainer (OzoneContainer.java:startContainerScrub(160)) - Background container scrubber has been disabled by hdds.containerscrub.enabled
2019-07-16 15:50:58,137 INFO  ratis.XceiverServerRatis (XceiverServerRatis.java:start(418)) - Starting XceiverServerRatis 2657f31e-97ec-43d8-9d13-0eb83e3dae78 at port 0
2019-07-16 15:50:58,145 INFO  impl.RaftServerProxy (RaftServerProxy.java:lambda$start$3(299)) - 2657f31e-97ec-43d8-9d13-0eb83e3dae78: start RPC server
2019-07-16 15:50:58,148 INFO  server.GrpcService (GrpcService.java:startImpl(149)) - 2657f31e-97ec-43d8-9d13-0eb83e3dae78: GrpcService started, listening on 0.0.0.0/0.0.0.0:44556
2019-07-16 15:50:58,148 INFO  ratis.XceiverServerRatis (XceiverServerRatis.java:start(428)) - XceiverServerRatis 2657f31e-97ec-43d8-9d13-0eb83e3dae78 is started using port 44556
2019-07-16 15:50:58,149 INFO  server.XceiverServerGrpc (XceiverServerGrpc.java:start(161)) - XceiverServerGrpc 2657f31e-97ec-43d8-9d13-0eb83e3dae78 is started using port 42599
2019-07-16 15:50:58,258 INFO  ozone.MiniOzoneClusterImpl (MiniOzoneClusterImpl.java:lambda$waitForClusterToBeReady$0(142)) - Waiting for cluster to be ready. Got 0 of 7 DN Heartbeats.
2019-07-16 15:50:58,311 INFO  ozoneimpl.OzoneContainer (OzoneContainer.java:start(186)) - Attempting to start container services.
2019-07-16 15:50:58,313 INFO  ozoneimpl.OzoneContainer (OzoneContainer.java:startContainerScrub(160)) - Background container scrubber has been disabled by hdds.containerscrub.enabled
2019-07-16 15:50:58,313 INFO  ratis.XceiverServerRatis (XceiverServerRatis.java:start(418)) - Starting XceiverServerRatis 2d5b013d-690e-4d2a-9177-36fcb81c6f75 at port 0
2019-07-16 15:50:58,320 INFO  impl.RaftServerProxy (RaftServerProxy.java:lambda$start$3(299)) - 2d5b013d-690e-4d2a-9177-36fcb81c6f75: start RPC server
2019-07-16 15:50:58,324 INFO  server.GrpcService (GrpcService.java:startImpl(149)) - 2d5b013d-690e-4d2a-9177-36fcb81c6f75: GrpcService started, listening on 0.0.0.0/0.0.0.0:40199
2019-07-16 15:50:58,324 INFO  ratis.XceiverServerRatis (XceiverServerRatis.java:start(428)) - XceiverServerRatis 2d5b013d-690e-4d2a-9177-36fcb81c6f75 is started using port 40199
2019-07-16 15:50:58,326 INFO  server.XceiverServerGrpc (XceiverServerGrpc.java:start(161)) - XceiverServerGrpc 2d5b013d-690e-4d2a-9177-36fcb81c6f75 is started using port 43223
2019-07-16 15:50:58,571 INFO  ozoneimpl.OzoneContainer (OzoneContainer.java:start(186)) - Attempting to start container services.
2019-07-16 15:50:58,576 INFO  ozoneimpl.OzoneContainer (OzoneContainer.java:startContainerScrub(160)) - Background container scrubber has been disabled by hdds.containerscrub.enabled
2019-07-16 15:50:58,576 INFO  ratis.XceiverServerRatis (XceiverServerRatis.java:start(418)) - Starting XceiverServerRatis 0c3270f1-27c7-4abb-a4fd-fa2c93388fa0 at port 0
2019-07-16 15:50:58,582 INFO  impl.RaftServerProxy (RaftServerProxy.java:lambda$start$3(299)) - 0c3270f1-27c7-4abb-a4fd-fa2c93388fa0: start RPC server
2019-07-16 15:50:58,584 INFO  server.GrpcService (GrpcService.java:startImpl(149)) - 0c3270f1-27c7-4abb-a4fd-fa2c93388fa0: GrpcService started, listening on 0.0.0.0/0.0.0.0:33950
2019-07-16 15:50:58,584 INFO  ratis.XceiverServerRatis (XceiverServerRatis.java:start(428)) - XceiverServerRatis 0c3270f1-27c7-4abb-a4fd-fa2c93388fa0 is started using port 33950
2019-07-16 15:50:58,586 INFO  server.XceiverServerGrpc (XceiverServerGrpc.java:start(161)) - XceiverServerGrpc 0c3270f1-27c7-4abb-a4fd-fa2c93388fa0 is started using port 45441
2019-07-16 15:50:58,794 INFO  ozoneimpl.OzoneContainer (OzoneContainer.java:start(186)) - Attempting to start container services.
2019-07-16 15:50:58,794 INFO  ozoneimpl.OzoneContainer (OzoneContainer.java:startContainerScrub(160)) - Background container scrubber has been disabled by hdds.containerscrub.enabled
2019-07-16 15:50:58,794 INFO  ratis.XceiverServerRatis (XceiverServerRatis.java:start(418)) - Starting XceiverServerRatis 902dfb6e-23ce-4c87-b52c-828d2887da1d at port 0
2019-07-16 15:50:58,800 INFO  impl.RaftServerProxy (RaftServerProxy.java:lambda$start$3(299)) - 902dfb6e-23ce-4c87-b52c-828d2887da1d: start RPC server
2019-07-16 15:50:58,804 INFO  server.GrpcService (GrpcService.java:startImpl(149)) - 902dfb6e-23ce-4c87-b52c-828d2887da1d: GrpcService started, listening on 0.0.0.0/0.0.0.0:40752
2019-07-16 15:50:58,804 INFO  ratis.XceiverServerRatis (XceiverServerRatis.java:start(428)) - XceiverServerRatis 902dfb6e-23ce-4c87-b52c-828d2887da1d is started using port 40752
2019-07-16 15:50:58,807 INFO  server.XceiverServerGrpc (XceiverServerGrpc.java:start(161)) - XceiverServerGrpc 902dfb6e-23ce-4c87-b52c-828d2887da1d is started using port 40166
2019-07-16 15:50:59,014 INFO  ozoneimpl.OzoneContainer (OzoneContainer.java:start(186)) - Attempting to start container services.
2019-07-16 15:50:59,014 INFO  ozoneimpl.OzoneContainer (OzoneContainer.java:startContainerScrub(160)) - Background container scrubber has been disabled by hdds.containerscrub.enabled
2019-07-16 15:50:59,014 INFO  ratis.XceiverServerRatis (XceiverServerRatis.java:start(418)) - Starting XceiverServerRatis 63617987-8941-4eaf-a62a-6c46b0c5ddc8 at port 0
2019-07-16 15:50:59,019 INFO  impl.RaftServerProxy (RaftServerProxy.java:lambda$start$3(299)) - 63617987-8941-4eaf-a62a-6c46b0c5ddc8: start RPC server
2019-07-16 15:50:59,025 INFO  server.GrpcService (GrpcService.java:startImpl(149)) - 63617987-8941-4eaf-a62a-6c46b0c5ddc8: GrpcService started, listening on 0.0.0.0/0.0.0.0:44127
2019-07-16 15:50:59,025 INFO  ratis.XceiverServerRatis (XceiverServerRatis.java:start(428)) - XceiverServerRatis 63617987-8941-4eaf-a62a-6c46b0c5ddc8 is started using port 44127
2019-07-16 15:50:59,029 INFO  server.XceiverServerGrpc (XceiverServerGrpc.java:start(161)) - XceiverServerGrpc 63617987-8941-4eaf-a62a-6c46b0c5ddc8 is started using port 35984
2019-07-16 15:50:59,258 INFO  ozone.MiniOzoneClusterImpl (MiniOzoneClusterImpl.java:lambda$waitForClusterToBeReady$0(142)) - Waiting for cluster to be ready. Got 0 of 7 DN Heartbeats.
2019-07-16 15:50:59,282 INFO  ozoneimpl.OzoneContainer (OzoneContainer.java:start(186)) - Attempting to start container services.
2019-07-16 15:50:59,282 INFO  ozoneimpl.OzoneContainer (OzoneContainer.java:startContainerScrub(160)) - Background container scrubber has been disabled by hdds.containerscrub.enabled
2019-07-16 15:50:59,282 INFO  ratis.XceiverServerRatis (XceiverServerRatis.java:start(418)) - Starting XceiverServerRatis b88f92f0-4d3b-423f-8d16-fe9cabec51a4 at port 0
2019-07-16 15:50:59,288 INFO  impl.RaftServerProxy (RaftServerProxy.java:lambda$start$3(299)) - b88f92f0-4d3b-423f-8d16-fe9cabec51a4: start RPC server
2019-07-16 15:50:59,291 INFO  server.GrpcService (GrpcService.java:startImpl(149)) - b88f92f0-4d3b-423f-8d16-fe9cabec51a4: GrpcService started, listening on 0.0.0.0/0.0.0.0:33651
2019-07-16 15:50:59,292 INFO  ratis.XceiverServerRatis (XceiverServerRatis.java:start(428)) - XceiverServerRatis b88f92f0-4d3b-423f-8d16-fe9cabec51a4 is started using port 33651
2019-07-16 15:50:59,294 INFO  server.XceiverServerGrpc (XceiverServerGrpc.java:start(161)) - XceiverServerGrpc b88f92f0-4d3b-423f-8d16-fe9cabec51a4 is started using port 43044
2019-07-16 15:50:59,925 INFO  net.NetworkTopology (NetworkTopologyImpl.java:add(110)) - Added a new node: /default-rack/192.168.69.88
2019-07-16 15:50:59,926 INFO  node.SCMNodeManager (SCMNodeManager.java:register(269)) - Registered Data node : 2ebfb150-ad1b-4e9c-8a7b-53e05ecf4557{ip: 192.168.69.88, host: trunk-nightly-kgw5x-1882989438, networkLocation: /default-rack, certSerialId: null}
2019-07-16 15:50:59,929 INFO  safemode.SCMSafeModeManager (DataNodeSafeModeRule.java:process(71)) - SCM in safe mode. 1 DataNodes registered, 1 required.
2019-07-16 15:50:59,929 INFO  safemode.SCMSafeModeManager (SCMSafeModeManager.java:validateSafeModeExitRules(177)) - ScmSafeModeManager, all rules are successfully validated
2019-07-16 15:50:59,929 INFO  safemode.SCMSafeModeManager (SCMSafeModeManager.java:exitSafeMode(193)) - SCM exiting safe mode.
2019-07-16 15:51:00,123 INFO  node.SCMNodeManager (SCMNodeManager.java:register(269)) - Registered Data node : 2657f31e-97ec-43d8-9d13-0eb83e3dae78{ip: 192.168.69.88, host: trunk-nightly-kgw5x-1882989438, networkLocation: /default-rack, certSerialId: null}
2019-07-16 15:51:00,260 INFO  ozone.MiniOzoneClusterImpl (MiniOzoneClusterImpl.java:lambda$waitForClusterToBeReady$0(142)) - Waiting for cluster to be ready. Got 2 of 7 DN Heartbeats.
2019-07-16 15:51:00,316 INFO  node.SCMNodeManager (SCMNodeManager.java:register(269)) - Registered Data node : 2d5b013d-690e-4d2a-9177-36fcb81c6f75{ip: 192.168.69.88, host: trunk-nightly-kgw5x-1882989438, networkLocation: /default-rack, certSerialId: null}
2019-07-16 15:51:00,442 INFO  impl.RaftServerProxy (RaftServerProxy.java:addNew(89)) - 2ebfb150-ad1b-4e9c-8a7b-53e05ecf4557: addNew group-54A435939C41:[2ebfb150-ad1b-4e9c-8a7b-53e05ecf4557:192.168.69.88:41058] returns group-54A435939C41:java.util.concurrent.CompletableFuture@4c4b5131[Not completed]
2019-07-16 15:51:00,715 INFO  node.SCMNodeManager (SCMNodeManager.java:register(269)) - Registered Data node : 0c3270f1-27c7-4abb-a4fd-fa2c93388fa0{ip: 192.168.69.88, host: trunk-nightly-kgw5x-1882989438, networkLocation: /default-rack, certSerialId: null}
2019-07-16 15:51:00,717 INFO  impl.RaftServerImpl (RaftServerImpl.java:<init>(93)) - 2ebfb150-ad1b-4e9c-8a7b-53e05ecf4557: new RaftServerImpl for group-54A435939C41:[2ebfb150-ad1b-4e9c-8a7b-53e05ecf4557:192.168.69.88:41058] with ContainerStateMachine:uninitialized
2019-07-16 15:51:00,719 INFO  server.RaftServerConfigKeys (ConfUtils.java:logGet(43)) - raft.server.rpc.timeout.min = 5s (custom)
2019-07-16 15:51:00,720 INFO  server.RaftServerConfigKeys (ConfUtils.java:logGet(43)) - raft.server.rpc.timeout.max = 5200ms (custom)
2019-07-16 15:51:00,720 INFO  server.RaftServerConfigKeys (ConfUtils.java:logGet(43)) - raft.server.rpcslowness.timeout = 120s (custom)
2019-07-16 15:51:00,721 INFO  server.RaftServerConfigKeys (ConfUtils.java:logGet(43)) - raft.server.sleep.deviation.threshold = 300 (default)
2019-07-16 15:51:00,721 INFO  server.RaftServerConfigKeys (ConfUtils.java:logGet(43)) - raft.server.log.appender.install.snapshot.enabled = false (custom)
2019-07-16 15:51:00,727 INFO  impl.RaftServerImpl (ServerState.java:<init>(105)) - 2ebfb150-ad1b-4e9c-8a7b-53e05ecf4557:group-54A435939C41 ConfigurationManager, init=-1: [2ebfb150-ad1b-4e9c-8a7b-53e05ecf4557:192.168.69.88:41058], old=null, confs=<EMPTY_MAP>
2019-07-16 15:51:00,727 INFO  server.RaftServerConfigKeys (ConfUtils.java:logGet(43)) - raft.server.storage.dir = [/workdir/hadoop-ozone/integration-test/target/test-dir/MiniOzoneClusterImpl-cad0d14a-2169-45b1-bb31-fa0627aa7bd1/datanode-0/data/ratis] (custom)
2019-07-16 15:51:00,735 INFO  storage.RaftStorageDirectory (RaftStorageDirectory.java:analyzeStorage(246)) - The storage directory /workdir/hadoop-ozone/integration-test/target/test-dir/MiniOzoneClusterImpl-cad0d14a-2169-45b1-bb31-fa0627aa7bd1/datanode-0/data/ratis/ddc5174f-0e2d-48a2-9511-54a435939c41 does not exist. Creating ...
2019-07-16 15:51:00,752 INFO  storage.RaftStorageDirectory (RaftStorageDirectory.java:tryLock(328)) - Lock on /workdir/hadoop-ozone/integration-test/target/test-dir/MiniOzoneClusterImpl-cad0d14a-2169-45b1-bb31-fa0627aa7bd1/datanode-0/data/ratis/ddc5174f-0e2d-48a2-9511-54a435939c41/in_use.lock acquired by nodename 13160@trunk-nightly-kgw5x-1882989438
2019-07-16 15:51:00,767 INFO  storage.RaftStorage (RaftStorage.java:format(72)) - Storage directory /workdir/hadoop-ozone/integration-test/target/test-dir/MiniOzoneClusterImpl-cad0d14a-2169-45b1-bb31-fa0627aa7bd1/datanode-0/data/ratis/ddc5174f-0e2d-48a2-9511-54a435939c41 has been successfully formatted.
2019-07-16 15:51:00,768 INFO  ratis.ContainerStateMachine (ContainerStateMachine.java:loadSnapshot(200)) - group-54A435939C41: The snapshot info is null. Setting the last applied indexto:(t:0, i:~)
2019-07-16 15:51:00,768 INFO  server.RaftServerConfigKeys (ConfUtils.java:logGet(43)) - raft.server.leader.election.timeout = 120s (custom)
2019-07-16 15:51:00,770 INFO  server.RaftServerConfigKeys (ConfUtils.java:logGet(43)) - raft.server.log.use.memory = false (default)
2019-07-16 15:51:00,774 INFO  server.RaftServerConfigKeys (ConfUtils.java:logGet(43)) - raft.server.log.purge.gap = 1000000000 (custom)
2019-07-16 15:51:00,774 INFO  server.RaftServerConfigKeys (ConfUtils.java:logGet(43)) - raft.server.log.appender.buffer.byte-limit = 33554432 (custom)
2019-07-16 15:51:00,776 INFO  server.RaftServerConfigKeys (ConfUtils.java:logGet(43)) - raft.server.log.segment.size.max = 1048576 (custom)
2019-07-16 15:51:00,781 INFO  server.RaftServerConfigKeys (ConfUtils.java:logGet(43)) - raft.server.log.segment.cache.num.max = 2 (custom)
2019-07-16 15:51:00,781 INFO  node.SCMNodeManager (SCMNodeManager.java:register(269)) - Registered Data node : 902dfb6e-23ce-4c87-b52c-828d2887da1d{ip: 192.168.69.88, host: trunk-nightly-kgw5x-1882989438, networkLocation: /default-rack, certSerialId: null}
2019-07-16 15:51:00,785 INFO  segmented.SegmentedRaftLogWorker (SegmentedRaftLogWorker.java:<init>(172)) - new 2ebfb150-ad1b-4e9c-8a7b-53e05ecf4557-SegmentedRaftLogWorker:Storage Directory /workdir/hadoop-ozone/integration-test/target/test-dir/MiniOzoneClusterImpl-cad0d14a-2169-45b1-bb31-fa0627aa7bd1/datanode-0/data/ratis/ddc5174f-0e2d-48a2-9511-54a435939c41 for RaftStorage:Storage Directory /workdir/hadoop-ozone/integration-test/target/test-dir/MiniOzoneClusterImpl-cad0d14a-2169-45b1-bb31-fa0627aa7bd1/datanode-0/data/ratis/ddc5174f-0e2d-48a2-9511-54a435939c41
2019-07-16 15:51:00,797 INFO  server.RaftServerConfigKeys (ConfUtils.java:logGet(43)) - raft.server.log.queue.byte-limit = 2147483647 (custom)
2019-07-16 15:51:00,797 INFO  server.RaftServerConfigKeys (ConfUtils.java:logGet(43)) - raft.server.log.queue.element-limit = 1024 (custom)
2019-07-16 15:51:00,801 INFO  server.RaftServerConfigKeys (ConfUtils.java:logGet(43)) - raft.server.log.segment.size.max = 1048576 (custom)
2019-07-16 15:51:00,802 INFO  server.RaftServerConfigKeys (ConfUtils.java:logGet(43)) - raft.server.log.preallocated.size = 16384 (custom)
2019-07-16 15:51:00,802 INFO  server.RaftServerConfigKeys (ConfUtils.java:logGet(43)) - raft.server.log.write.buffer.size = 33554432 (custom)
2019-07-16 15:51:00,802 INFO  server.RaftServerConfigKeys (ConfUtils.java:logGet(43)) - raft.server.log.force.sync.num = 128 (default)
2019-07-16 15:51:00,803 INFO  server.RaftServerConfigKeys (ConfUtils.java:logGet(43)) - raft.server.log.statemachine.data.sync = true (default)
2019-07-16 15:51:00,803 INFO  server.RaftServerConfigKeys (ConfUtils.java:logGet(43)) - raft.server.log.statemachine.data.sync.timeout = 10s (default)
2019-07-16 15:51:00,804 INFO  server.RaftServerConfigKeys (ConfUtils.java:logGet(43)) - raft.server.log.statemachine.data.sync.timeout.retry = -1 (default)
2019-07-16 15:51:00,813 INFO  server.RaftServerConfigKeys (ConfUtils.java:logGet(43)) - raft.server.log.statemachine.data.caching.enabled = true (custom)
2019-07-16 15:51:00,818 INFO  segmented.SegmentedRaftLogWorker (SegmentedRaftLogWorker.java:lambda$new$0(132)) - 2ebfb150-ad1b-4e9c-8a7b-53e05ecf4557-SegmentedRaftLogWorker:Storage Directory /workdir/hadoop-ozone/integration-test/target/test-dir/MiniOzoneClusterImpl-cad0d14a-2169-45b1-bb31-fa0627aa7bd1/datanode-0/data/ratis/ddc5174f-0e2d-48a2-9511-54a435939c41: flushIndex: setUnconditionally 0 -> -1
2019-07-16 15:51:00,821 INFO  server.RaftServerConfigKeys (ConfUtils.java:logGet(43)) - raft.server.snapshot.auto.trigger.enabled = true (custom)
2019-07-16 15:51:00,822 INFO  server.RaftServerConfigKeys (ConfUtils.java:logGet(43)) - raft.server.snapshot.auto.trigger.threshold = 10000 (custom)
2019-07-16 15:51:00,822 INFO  server.RaftServerConfigKeys (ConfUtils.java:logGet(43)) - raft.server.retrycache.expirytime = 600000ms (custom)
2019-07-16 15:51:00,839 INFO  impl.RaftServerImpl (RaftServerImpl.java:start(180)) - 2ebfb150-ad1b-4e9c-8a7b-53e05ecf4557: start group-54A435939C41
2019-07-16 15:51:00,840 INFO  impl.RaftServerImpl (RaftServerImpl.java:setRole(171)) - 2ebfb150-ad1b-4e9c-8a7b-53e05ecf4557:group-54A435939C41 changes role from null to FOLLOWER at term 0 for startAsFollower
2019-07-16 15:51:00,841 INFO  impl.RoleInfo (RoleInfo.java:updateAndGet(143)) - 2ebfb150-ad1b-4e9c-8a7b-53e05ecf4557: start FollowerState
2019-07-16 15:51:00,843 INFO  util.JmxRegister (JmxRegister.java:tryRegister(44)) - Successfully registered JMX Bean with object name Ratis:service=RaftServer,group=group-54A435939C41,id=2ebfb150-ad1b-4e9c-8a7b-53e05ecf4557
2019-07-16 15:51:00,885 INFO  pipeline.PipelineStateManager (PipelineStateManager.java:addPipeline(56)) - Created pipeline Pipeline[ Id: ddc5174f-0e2d-48a2-9511-54a435939c41, Nodes: 2ebfb150-ad1b-4e9c-8a7b-53e05ecf4557{ip: 192.168.69.88, host: trunk-nightly-kgw5x-1882989438, networkLocation: /default-rack, certSerialId: null}, Type:RATIS, Factor:ONE, State:OPEN]
2019-07-16 15:51:00,906 INFO  impl.RaftServerProxy (RaftServerProxy.java:addNew(89)) - 2d5b013d-690e-4d2a-9177-36fcb81c6f75: addNew group-02235C850B36:[2d5b013d-690e-4d2a-9177-36fcb81c6f75:192.168.69.88:40199] returns group-02235C850B36:java.util.concurrent.CompletableFuture@4699932b[Not completed]
2019-07-16 15:51:00,944 INFO  impl.RaftServerImpl (RaftServerImpl.java:<init>(93)) - 2d5b013d-690e-4d2a-9177-36fcb81c6f75: new RaftServerImpl for group-02235C850B36:[2d5b013d-690e-4d2a-9177-36fcb81c6f75:192.168.69.88:40199] with ContainerStateMachine:uninitialized
2019-07-16 15:51:00,945 INFO  server.RaftServerConfigKeys (ConfUtils.java:logGet(43)) - raft.server.rpc.timeout.min = 5s (custom)
2019-07-16 15:51:00,945 INFO  server.RaftServerConfigKeys (ConfUtils.java:logGet(43)) - raft.server.rpc.timeout.max = 5200ms (custom)
2019-07-16 15:51:00,945 INFO  server.RaftServerConfigKeys (ConfUtils.java:logGet(43)) - raft.server.rpcslowness.timeout = 120s (custom)
2019-07-16 15:51:00,945 INFO  server.RaftServerConfigKeys (ConfUtils.java:logGet(43)) - raft.server.sleep.deviation.threshold = 300 (default)
2019-07-16 15:51:00,945 INFO  server.RaftServerConfigKeys (ConfUtils.java:logGet(43)) - raft.server.log.appender.install.snapshot.enabled = false (custom)
2019-07-16 15:51:00,946 INFO  impl.RaftServerImpl (ServerState.java:<init>(105)) - 2d5b013d-690e-4d2a-9177-36fcb81c6f75:group-02235C850B36 ConfigurationManager, init=-1: [2d5b013d-690e-4d2a-9177-36fcb81c6f75:192.168.69.88:40199], old=null, confs=<EMPTY_MAP>
2019-07-16 15:51:00,946 INFO  server.RaftServerConfigKeys (ConfUtils.java:logGet(43)) - raft.server.storage.dir = [/workdir/hadoop-ozone/integration-test/target/test-dir/MiniOzoneClusterImpl-cad0d14a-2169-45b1-bb31-fa0627aa7bd1/datanode-2/data/ratis] (custom)
2019-07-16 15:51:00,946 INFO  storage.RaftStorageDirectory (RaftStorageDirectory.java:analyzeStorage(246)) - The storage directory /workdir/hadoop-ozone/integration-test/target/test-dir/MiniOzoneClusterImpl-cad0d14a-2169-45b1-bb31-fa0627aa7bd1/datanode-2/data/ratis/2a2796fe-1efd-40cb-b950-02235c850b36 does not exist. Creating ...
2019-07-16 15:51:00,960 INFO  storage.RaftStorageDirectory (RaftStorageDirectory.java:tryLock(328)) - Lock on /workdir/hadoop-ozone/integration-test/target/test-dir/MiniOzoneClusterImpl-cad0d14a-2169-45b1-bb31-fa0627aa7bd1/datanode-2/data/ratis/2a2796fe-1efd-40cb-b950-02235c850b36/in_use.lock acquired by nodename 13160@trunk-nightly-kgw5x-1882989438
2019-07-16 15:51:00,973 INFO  storage.RaftStorage (RaftStorage.java:format(72)) - Storage directory /workdir/hadoop-ozone/integration-test/target/test-dir/MiniOzoneClusterImpl-cad0d14a-2169-45b1-bb31-fa0627aa7bd1/datanode-2/data/ratis/2a2796fe-1efd-40cb-b950-02235c850b36 has been successfully formatted.
2019-07-16 15:51:00,975 INFO  ratis.ContainerStateMachine (ContainerStateMachine.java:loadSnapshot(200)) - group-02235C850B36: The snapshot info is null. Setting the last applied indexto:(t:0, i:~)
2019-07-16 15:51:00,976 INFO  server.RaftServerConfigKeys (ConfUtils.java:logGet(43)) - raft.server.leader.election.timeout = 120s (custom)
2019-07-16 15:51:00,976 INFO  server.RaftServerConfigKeys (ConfUtils.java:logGet(43)) - raft.server.log.use.memory = false (default)
2019-07-16 15:51:00,976 INFO  server.RaftServerConfigKeys (ConfUtils.java:logGet(43)) - raft.server.log.purge.gap = 1000000000 (custom)
2019-07-16 15:51:00,977 INFO  server.RaftServerConfigKeys (ConfUtils.java:logGet(43)) - raft.server.log.appender.buffer.byte-limit = 33554432 (custom)
2019-07-16 15:51:00,977 INFO  server.RaftServerConfigKeys (ConfUtils.java:logGet(43)) - raft.server.log.segment.size.max = 1048576 (custom)
2019-07-16 15:51:00,977 INFO  server.RaftServerConfigKeys (ConfUtils.java:logGet(43)) - raft.server.log.segment.cache.num.max = 2 (custom)
2019-07-16 15:51:00,977 INFO  segmented.SegmentedRaftLogWorker (SegmentedRaftLogWorker.java:<init>(172)) - new 2d5b013d-690e-4d2a-9177-36fcb81c6f75-SegmentedRaftLogWorker:Storage Directory /workdir/hadoop-ozone/integration-test/target/test-dir/MiniOzoneClusterImpl-cad0d14a-2169-45b1-bb31-fa0627aa7bd1/datanode-2/data/ratis/2a2796fe-1efd-40cb-b950-02235c850b36 for RaftStorage:Storage Directory /workdir/hadoop-ozone/integration-test/target/test-dir/MiniOzoneClusterImpl-cad0d14a-2169-45b1-bb31-fa0627aa7bd1/datanode-2/data/ratis/2a2796fe-1efd-40cb-b950-02235c850b36
2019-07-16 15:51:00,978 INFO  server.RaftServerConfigKeys (ConfUtils.java:logGet(43)) - raft.server.log.queue.byte-limit = 2147483647 (custom)
2019-07-16 15:51:00,978 INFO  server.RaftServerConfigKeys (ConfUtils.java:logGet(43)) - raft.server.log.queue.element-limit = 1024 (custom)
2019-07-16 15:51:00,979 INFO  server.RaftServerConfigKeys (ConfUtils.java:logGet(43)) - raft.server.log.segment.size.max = 1048576 (custom)
2019-07-16 15:51:00,979 INFO  server.RaftServerConfigKeys (ConfUtils.java:logGet(43)) - raft.server.log.preallocated.size = 16384 (custom)
2019-07-16 15:51:00,979 INFO  server.RaftServerConfigKeys (ConfUtils.java:logGet(43)) - raft.server.log.write.buffer.size = 33554432 (custom)
2019-07-16 15:51:00,979 INFO  server.RaftServerConfigKeys (ConfUtils.java:logGet(43)) - raft.server.log.force.sync.num = 128 (default)
2019-07-16 15:51:00,979 INFO  server.RaftServerConfigKeys (ConfUtils.java:logGet(43)) - raft.server.log.statemachine.data.sync = true (default)
2019-07-16 15:51:00,979 INFO  server.RaftServerConfigKeys (ConfUtils.java:logGet(43)) - raft.server.log.statemachine.data.sync.timeout = 10s (default)
2019-07-16 15:51:00,979 INFO  server.RaftServerConfigKeys (ConfUtils.java:logGet(43)) - raft.server.log.statemachine.data.sync.timeout.retry = -1 (default)
2019-07-16 15:51:00,979 INFO  server.RaftServerConfigKeys (ConfUtils.java:logGet(43)) - raft.server.log.statemachine.data.caching.enabled = true (custom)
2019-07-16 15:51:00,980 INFO  segmented.SegmentedRaftLogWorker (SegmentedRaftLogWorker.java:lambda$new$0(132)) - 2d5b013d-690e-4d2a-9177-36fcb81c6f75-SegmentedRaftLogWorker:Storage Directory /workdir/hadoop-ozone/integration-test/target/test-dir/MiniOzoneClusterImpl-cad0d14a-2169-45b1-bb31-fa0627aa7bd1/datanode-2/data/ratis/2a2796fe-1efd-40cb-b950-02235c850b36: flushIndex: setUnconditionally 0 -> -1
2019-07-16 15:51:00,980 INFO  server.RaftServerConfigKeys (ConfUtils.java:logGet(43)) - raft.server.snapshot.auto.trigger.enabled = true (custom)
2019-07-16 15:51:00,980 INFO  server.RaftServerConfigKeys (ConfUtils.java:logGet(43)) - raft.server.snapshot.auto.trigger.threshold = 10000 (custom)
2019-07-16 15:51:00,981 INFO  server.RaftServerConfigKeys (ConfUtils.java:logGet(43)) - raft.server.retrycache.expirytime = 600000ms (custom)
2019-07-16 15:51:00,981 INFO  impl.RaftServerImpl (RaftServerImpl.java:start(180)) - 2d5b013d-690e-4d2a-9177-36fcb81c6f75: start group-02235C850B36
2019-07-16 15:51:00,981 INFO  impl.RaftServerImpl (RaftServerImpl.java:setRole(171)) - 2d5b013d-690e-4d2a-9177-36fcb81c6f75:group-02235C850B36 changes role from null to FOLLOWER at term 0 for startAsFollower
2019-07-16 15:51:00,981 INFO  impl.RoleInfo (RoleInfo.java:updateAndGet(143)) - 2d5b013d-690e-4d2a-9177-36fcb81c6f75: start FollowerState
2019-07-16 15:51:00,982 INFO  util.JmxRegister (JmxRegister.java:tryRegister(44)) - Successfully registered JMX Bean with object name Ratis:service=RaftServer,group=group-02235C850B36,id=2d5b013d-690e-4d2a-9177-36fcb81c6f75
2019-07-16 15:51:00,992 INFO  pipeline.PipelineStateManager (PipelineStateManager.java:addPipeline(56)) - Created pipeline Pipeline[ Id: 2a2796fe-1efd-40cb-b950-02235c850b36, Nodes: 2d5b013d-690e-4d2a-9177-36fcb81c6f75{ip: 192.168.69.88, host: trunk-nightly-kgw5x-1882989438, networkLocation: /default-rack, certSerialId: null}, Type:RATIS, Factor:ONE, State:OPEN]
2019-07-16 15:51:01,001 INFO  node.SCMNodeManager (SCMNodeManager.java:register(269)) - Registered Data node : 63617987-8941-4eaf-a62a-6c46b0c5ddc8{ip: 192.168.69.88, host: trunk-nightly-kgw5x-1882989438, networkLocation: /default-rack, certSerialId: null}
2019-07-16 15:51:01,017 INFO  impl.RaftServerProxy (RaftServerProxy.java:addNew(89)) - 902dfb6e-23ce-4c87-b52c-828d2887da1d: addNew group-178EF3D2F262:[902dfb6e-23ce-4c87-b52c-828d2887da1d:192.168.69.88:40752] returns group-178EF3D2F262:java.util.concurrent.CompletableFuture@5837284[Not completed]
2019-07-16 15:51:01,025 INFO  impl.RaftServerImpl (RaftServerImpl.java:<init>(93)) - 902dfb6e-23ce-4c87-b52c-828d2887da1d: new RaftServerImpl for group-178EF3D2F262:[902dfb6e-23ce-4c87-b52c-828d2887da1d:192.168.69.88:40752] with ContainerStateMachine:uninitialized
2019-07-16 15:51:01,025 INFO  server.RaftServerConfigKeys (ConfUtils.java:logGet(43)) - raft.server.rpc.timeout.min = 5s (custom)
2019-07-16 15:51:01,026 INFO  server.RaftServerConfigKeys (ConfUtils.java:logGet(43)) - raft.server.rpc.timeout.max = 5200ms (custom)
2019-07-16 15:51:01,026 INFO  server.RaftServerConfigKeys (ConfUtils.java:logGet(43)) - raft.server.rpcslowness.timeout = 120s (custom)
2019-07-16 15:51:01,026 INFO  server.RaftServerConfigKeys (ConfUtils.java:logGet(43)) - raft.server.sleep.deviation.threshold = 300 (default)
2019-07-16 15:51:01,026 INFO  server.RaftServerConfigKeys (ConfUtils.java:logGet(43)) - raft.server.log.appender.install.snapshot.enabled = false (custom)
2019-07-16 15:51:01,026 INFO  impl.RaftServerImpl (ServerState.java:<init>(105)) - 902dfb6e-23ce-4c87-b52c-828d2887da1d:group-178EF3D2F262 ConfigurationManager, init=-1: [902dfb6e-23ce-4c87-b52c-828d2887da1d:192.168.69.88:40752], old=null, confs=<EMPTY_MAP>
2019-07-16 15:51:01,026 INFO  server.RaftServerConfigKeys (ConfUtils.java:logGet(43)) - raft.server.storage.dir = [/workdir/hadoop-ozone/integration-test/target/test-dir/MiniOzoneClusterImpl-cad0d14a-2169-45b1-bb31-fa0627aa7bd1/datanode-4/data/ratis] (custom)
2019-07-16 15:51:01,027 INFO  storage.RaftStorageDirectory (RaftStorageDirectory.java:analyzeStorage(246)) - The storage directory /workdir/hadoop-ozone/integration-test/target/test-dir/MiniOzoneClusterImpl-cad0d14a-2169-45b1-bb31-fa0627aa7bd1/datanode-4/data/ratis/6e74811e-7aa0-46c0-82c3-178ef3d2f262 does not exist. Creating ...
2019-07-16 15:51:01,041 INFO  storage.RaftStorageDirectory (RaftStorageDirectory.java:tryLock(328)) - Lock on /workdir/hadoop-ozone/integration-test/target/test-dir/MiniOzoneClusterImpl-cad0d14a-2169-45b1-bb31-fa0627aa7bd1/datanode-4/data/ratis/6e74811e-7aa0-46c0-82c3-178ef3d2f262/in_use.lock acquired by nodename 13160@trunk-nightly-kgw5x-1882989438
2019-07-16 15:51:01,065 INFO  storage.RaftStorage (RaftStorage.java:format(72)) - Storage directory /workdir/hadoop-ozone/integration-test/target/test-dir/MiniOzoneClusterImpl-cad0d14a-2169-45b1-bb31-fa0627aa7bd1/datanode-4/data/ratis/6e74811e-7aa0-46c0-82c3-178ef3d2f262 has been successfully formatted.
2019-07-16 15:51:01,066 INFO  ratis.ContainerStateMachine (ContainerStateMachine.java:loadSnapshot(200)) - group-178EF3D2F262: The snapshot info is null. Setting the last applied indexto:(t:0, i:~)
2019-07-16 15:51:01,066 INFO  server.RaftServerConfigKeys (ConfUtils.java:logGet(43)) - raft.server.leader.election.timeout = 120s (custom)
2019-07-16 15:51:01,066 INFO  server.RaftServerConfigKeys (ConfUtils.java:logGet(43)) - raft.server.log.use.memory = false (default)
2019-07-16 15:51:01,067 INFO  server.RaftServerConfigKeys (ConfUtils.java:logGet(43)) - raft.server.log.purge.gap = 1000000000 (custom)
2019-07-16 15:51:01,067 INFO  server.RaftServerConfigKeys (ConfUtils.java:logGet(43)) - raft.server.log.appender.buffer.byte-limit = 33554432 (custom)
2019-07-16 15:51:01,067 INFO  server.RaftServerConfigKeys (ConfUtils.java:logGet(43)) - raft.server.log.segment.size.max = 1048576 (custom)
2019-07-16 15:51:01,067 INFO  server.RaftServerConfigKeys (ConfUtils.java:logGet(43)) - raft.server.log.segment.cache.num.max = 2 (custom)
2019-07-16 15:51:01,067 INFO  segmented.SegmentedRaftLogWorker (SegmentedRaftLogWorker.java:<init>(172)) - new 902dfb6e-23ce-4c87-b52c-828d2887da1d-SegmentedRaftLogWorker:Storage Directory /workdir/hadoop-ozone/integration-test/target/test-dir/MiniOzoneClusterImpl-cad0d14a-2169-45b1-bb31-fa0627aa7bd1/datanode-4/data/ratis/6e74811e-7aa0-46c0-82c3-178ef3d2f262 for RaftStorage:Storage Directory /workdir/hadoop-ozone/integration-test/target/test-dir/MiniOzoneClusterImpl-cad0d14a-2169-45b1-bb31-fa0627aa7bd1/datanode-4/data/ratis/6e74811e-7aa0-46c0-82c3-178ef3d2f262
2019-07-16 15:51:01,068 INFO  server.RaftServerConfigKeys (ConfUtils.java:logGet(43)) - raft.server.log.queue.byte-limit = 2147483647 (custom)
2019-07-16 15:51:01,068 INFO  server.RaftServerConfigKeys (ConfUtils.java:logGet(43)) - raft.server.log.queue.element-limit = 1024 (custom)
2019-07-16 15:51:01,068 INFO  server.RaftServerConfigKeys (ConfUtils.java:logGet(43)) - raft.server.log.segment.size.max = 1048576 (custom)
2019-07-16 15:51:01,068 INFO  server.RaftServerConfigKeys (ConfUtils.java:logGet(43)) - raft.server.log.preallocated.size = 16384 (custom)
2019-07-16 15:51:01,069 INFO  server.RaftServerConfigKeys (ConfUtils.java:logGet(43)) - raft.server.log.write.buffer.size = 33554432 (custom)
2019-07-16 15:51:01,069 INFO  server.RaftServerConfigKeys (ConfUtils.java:logGet(43)) - raft.server.log.force.sync.num = 128 (default)
2019-07-16 15:51:01,069 INFO  server.RaftServerConfigKeys (ConfUtils.java:logGet(43)) - raft.server.log.statemachine.data.sync = true (default)
2019-07-16 15:51:01,069 INFO  server.RaftServerConfigKeys (ConfUtils.java:logGet(43)) - raft.server.log.statemachine.data.sync.timeout = 10s (default)
2019-07-16 15:51:01,069 INFO  server.RaftServerConfigKeys (ConfUtils.java:logGet(43)) - raft.server.log.statemachine.data.sync.timeout.retry = -1 (default)
2019-07-16 15:51:01,070 INFO  server.RaftServerConfigKeys (ConfUtils.java:logGet(43)) - raft.server.log.statemachine.data.caching.enabled = true (custom)
2019-07-16 15:51:01,070 INFO  segmented.SegmentedRaftLogWorker (SegmentedRaftLogWorker.java:lambda$new$0(132)) - 902dfb6e-23ce-4c87-b52c-828d2887da1d-SegmentedRaftLogWorker:Storage Directory /workdir/hadoop-ozone/integration-test/target/test-dir/MiniOzoneClusterImpl-cad0d14a-2169-45b1-bb31-fa0627aa7bd1/datanode-4/data/ratis/6e74811e-7aa0-46c0-82c3-178ef3d2f262: flushIndex: setUnconditionally 0 -> -1
2019-07-16 15:51:01,070 INFO  server.RaftServerConfigKeys (ConfUtils.java:logGet(43)) - raft.server.snapshot.auto.trigger.enabled = true (custom)
2019-07-16 15:51:01,071 INFO  server.RaftServerConfigKeys (ConfUtils.java:logGet(43)) - raft.server.snapshot.auto.trigger.threshold = 10000 (custom)
2019-07-16 15:51:01,071 INFO  server.RaftServerConfigKeys (ConfUtils.java:logGet(43)) - raft.server.retrycache.expirytime = 600000ms (custom)
2019-07-16 15:51:01,071 INFO  impl.RaftServerImpl (RaftServerImpl.java:start(180)) - 902dfb6e-23ce-4c87-b52c-828d2887da1d: start group-178EF3D2F262
2019-07-16 15:51:01,071 INFO  impl.RaftServerImpl (RaftServerImpl.java:setRole(171)) - 902dfb6e-23ce-4c87-b52c-828d2887da1d:group-178EF3D2F262 changes role from null to FOLLOWER at term 0 for startAsFollower
2019-07-16 15:51:01,071 INFO  impl.RoleInfo (RoleInfo.java:updateAndGet(143)) - 902dfb6e-23ce-4c87-b52c-828d2887da1d: start FollowerState
2019-07-16 15:51:01,072 INFO  util.JmxRegister (JmxRegister.java:tryRegister(44)) - Successfully registered JMX Bean with object name Ratis:service=RaftServer,group=group-178EF3D2F262,id=902dfb6e-23ce-4c87-b52c-828d2887da1d
2019-07-16 15:51:01,083 INFO  pipeline.PipelineStateManager (PipelineStateManager.java:addPipeline(56)) - Created pipeline Pipeline[ Id: 6e74811e-7aa0-46c0-82c3-178ef3d2f262, Nodes: 902dfb6e-23ce-4c87-b52c-828d2887da1d{ip: 192.168.69.88, host: trunk-nightly-kgw5x-1882989438, networkLocation: /default-rack, certSerialId: null}, Type:RATIS, Factor:ONE, State:OPEN]
2019-07-16 15:51:01,101 INFO  impl.RaftServerProxy (RaftServerProxy.java:addNew(89)) - 2657f31e-97ec-43d8-9d13-0eb83e3dae78: addNew group-7B2A29B344A2:[2657f31e-97ec-43d8-9d13-0eb83e3dae78:192.168.69.88:44556] returns group-7B2A29B344A2:java.util.concurrent.CompletableFuture@32400824[Not completed]
2019-07-16 15:51:01,103 INFO  impl.RaftServerImpl (RaftServerImpl.java:<init>(93)) - 2657f31e-97ec-43d8-9d13-0eb83e3dae78: new RaftServerImpl for group-7B2A29B344A2:[2657f31e-97ec-43d8-9d13-0eb83e3dae78:192.168.69.88:44556] with ContainerStateMachine:uninitialized
2019-07-16 15:51:01,103 INFO  server.RaftServerConfigKeys (ConfUtils.java:logGet(43)) - raft.server.rpc.timeout.min = 5s (custom)
2019-07-16 15:51:01,103 INFO  server.RaftServerConfigKeys (ConfUtils.java:logGet(43)) - raft.server.rpc.timeout.max = 5200ms (custom)
2019-07-16 15:51:01,103 INFO  server.RaftServerConfigKeys (ConfUtils.java:logGet(43)) - raft.server.rpcslowness.timeout = 120s (custom)
2019-07-16 15:51:01,103 INFO  server.RaftServerConfigKeys (ConfUtils.java:logGet(43)) - raft.server.sleep.deviation.threshold = 300 (default)
2019-07-16 15:51:01,103 INFO  server.RaftServerConfigKeys (ConfUtils.java:logGet(43)) - raft.server.log.appender.install.snapshot.enabled = false (custom)
2019-07-16 15:51:01,103 INFO  impl.RaftServerImpl (ServerState.java:<init>(105)) - 2657f31e-97ec-43d8-9d13-0eb83e3dae78:group-7B2A29B344A2 ConfigurationManager, init=-1: [2657f31e-97ec-43d8-9d13-0eb83e3dae78:192.168.69.88:44556], old=null, confs=<EMPTY_MAP>
2019-07-16 15:51:01,104 INFO  server.RaftServerConfigKeys (ConfUtils.java:logGet(43)) - raft.server.storage.dir = [/workdir/hadoop-ozone/integration-test/target/test-dir/MiniOzoneClusterImpl-cad0d14a-2169-45b1-bb31-fa0627aa7bd1/datanode-1/data/ratis] (custom)
2019-07-16 15:51:01,104 INFO  storage.RaftStorageDirectory (RaftStorageDirectory.java:analyzeStorage(246)) - The storage directory /workdir/hadoop-ozone/integration-test/target/test-dir/MiniOzoneClusterImpl-cad0d14a-2169-45b1-bb31-fa0627aa7bd1/datanode-1/data/ratis/09f123e6-fc37-4f64-96eb-7b2a29b344a2 does not exist. Creating ...
2019-07-16 15:51:01,117 INFO  storage.RaftStorageDirectory (RaftStorageDirectory.java:tryLock(328)) - Lock on /workdir/hadoop-ozone/integration-test/target/test-dir/MiniOzoneClusterImpl-cad0d14a-2169-45b1-bb31-fa0627aa7bd1/datanode-1/data/ratis/09f123e6-fc37-4f64-96eb-7b2a29b344a2/in_use.lock acquired by nodename 13160@trunk-nightly-kgw5x-1882989438
2019-07-16 15:51:01,130 INFO  storage.RaftStorage (RaftStorage.java:format(72)) - Storage directory /workdir/hadoop-ozone/integration-test/target/test-dir/MiniOzoneClusterImpl-cad0d14a-2169-45b1-bb31-fa0627aa7bd1/datanode-1/data/ratis/09f123e6-fc37-4f64-96eb-7b2a29b344a2 has been successfully formatted.
2019-07-16 15:51:01,131 INFO  ratis.ContainerStateMachine (ContainerStateMachine.java:loadSnapshot(200)) - group-7B2A29B344A2: The snapshot info is null. Setting the last applied indexto:(t:0, i:~)
2019-07-16 15:51:01,131 INFO  server.RaftServerConfigKeys (ConfUtils.java:logGet(43)) - raft.server.leader.election.timeout = 120s (custom)
2019-07-16 15:51:01,131 INFO  server.RaftServerConfigKeys (ConfUtils.java:logGet(43)) - raft.server.log.use.memory = false (default)
2019-07-16 15:51:01,131 INFO  server.RaftServerConfigKeys (ConfUtils.java:logGet(43)) - raft.server.log.purge.gap = 1000000000 (custom)
2019-07-16 15:51:01,131 INFO  server.RaftServerConfigKeys (ConfUtils.java:logGet(43)) - raft.server.log.appender.buffer.byte-limit = 33554432 (custom)
2019-07-16 15:51:01,132 INFO  server.RaftServerConfigKeys (ConfUtils.java:logGet(43)) - raft.server.log.segment.size.max = 1048576 (custom)
2019-07-16 15:51:01,132 INFO  server.RaftServerConfigKeys (ConfUtils.java:logGet(43)) - raft.server.log.segment.cache.num.max = 2 (custom)
2019-07-16 15:51:01,132 INFO  segmented.SegmentedRaftLogWorker (SegmentedRaftLogWorker.java:<init>(172)) - new 2657f31e-97ec-43d8-9d13-0eb83e3dae78-SegmentedRaftLogWorker:Storage Directory /workdir/hadoop-ozone/integration-test/target/test-dir/MiniOzoneClusterImpl-cad0d14a-2169-45b1-bb31-fa0627aa7bd1/datanode-1/data/ratis/09f123e6-fc37-4f64-96eb-7b2a29b344a2 for RaftStorage:Storage Directory /workdir/hadoop-ozone/integration-test/target/test-dir/MiniOzoneClusterImpl-cad0d14a-2169-45b1-bb31-fa0627aa7bd1/datanode-1/data/ratis/09f123e6-fc37-4f64-96eb-7b2a29b344a2
2019-07-16 15:51:01,132 INFO  server.RaftServerConfigKeys (ConfUtils.java:logGet(43)) - raft.server.log.queue.byte-limit = 2147483647 (custom)
2019-07-16 15:51:01,132 INFO  server.RaftServerConfigKeys (ConfUtils.java:logGet(43)) - raft.server.log.queue.element-limit = 1024 (custom)
2019-07-16 15:51:01,133 INFO  server.RaftServerConfigKeys (ConfUtils.java:logGet(43)) - raft.server.log.segment.size.max = 1048576 (custom)
2019-07-16 15:51:01,133 INFO  server.RaftServerConfigKeys (ConfUtils.java:logGet(43)) - raft.server.log.preallocated.size = 16384 (custom)
2019-07-16 15:51:01,133 INFO  server.RaftServerConfigKeys (ConfUtils.java:logGet(43)) - raft.server.log.write.buffer.size = 33554432 (custom)
2019-07-16 15:51:01,133 INFO  server.RaftServerConfigKeys (ConfUtils.java:logGet(43)) - raft.server.log.force.sync.num = 128 (default)
2019-07-16 15:51:01,133 INFO  server.RaftServerConfigKeys (ConfUtils.java:logGet(43)) - raft.server.log.statemachine.data.sync = true (default)
2019-07-16 15:51:01,133 INFO  server.RaftServerConfigKeys (ConfUtils.java:logGet(43)) - raft.server.log.statemachine.data.sync.timeout = 10s (default)
2019-07-16 15:51:01,133 INFO  server.RaftServerConfigKeys (ConfUtils.java:logGet(43)) - raft.server.log.statemachine.data.sync.timeout.retry = -1 (default)
2019-07-16 15:51:01,133 INFO  server.RaftServerConfigKeys (ConfUtils.java:logGet(43)) - raft.server.log.statemachine.data.caching.enabled = true (custom)
2019-07-16 15:51:01,134 INFO  segmented.SegmentedRaftLogWorker (SegmentedRaftLogWorker.java:lambda$new$0(132)) - 2657f31e-97ec-43d8-9d13-0eb83e3dae78-SegmentedRaftLogWorker:Storage Directory /workdir/hadoop-ozone/integration-test/target/test-dir/MiniOzoneClusterImpl-cad0d14a-2169-45b1-bb31-fa0627aa7bd1/datanode-1/data/ratis/09f123e6-fc37-4f64-96eb-7b2a29b344a2: flushIndex: setUnconditionally 0 -> -1
2019-07-16 15:51:01,134 INFO  server.RaftServerConfigKeys (ConfUtils.java:logGet(43)) - raft.server.snapshot.auto.trigger.enabled = true (custom)
2019-07-16 15:51:01,134 INFO  server.RaftServerConfigKeys (ConfUtils.java:logGet(43)) - raft.server.snapshot.auto.trigger.threshold = 10000 (custom)
2019-07-16 15:51:01,134 INFO  server.RaftServerConfigKeys (ConfUtils.java:logGet(43)) - raft.server.retrycache.expirytime = 600000ms (custom)
2019-07-16 15:51:01,135 INFO  impl.RaftServerImpl (RaftServerImpl.java:start(180)) - 2657f31e-97ec-43d8-9d13-0eb83e3dae78: start group-7B2A29B344A2
2019-07-16 15:51:01,135 INFO  impl.RaftServerImpl (RaftServerImpl.java:setRole(171)) - 2657f31e-97ec-43d8-9d13-0eb83e3dae78:group-7B2A29B344A2 changes role from null to FOLLOWER at term 0 for startAsFollower
2019-07-16 15:51:01,135 INFO  impl.RoleInfo (RoleInfo.java:updateAndGet(143)) - 2657f31e-97ec-43d8-9d13-0eb83e3dae78: start FollowerState
2019-07-16 15:51:01,135 INFO  util.JmxRegister (JmxRegister.java:tryRegister(44)) - Successfully registered JMX Bean with object name Ratis:service=RaftServer,group=group-7B2A29B344A2,id=2657f31e-97ec-43d8-9d13-0eb83e3dae78
2019-07-16 15:51:01,144 INFO  pipeline.PipelineStateManager (PipelineStateManager.java:addPipeline(56)) - Created pipeline Pipeline[ Id: 09f123e6-fc37-4f64-96eb-7b2a29b344a2, Nodes: 2657f31e-97ec-43d8-9d13-0eb83e3dae78{ip: 192.168.69.88, host: trunk-nightly-kgw5x-1882989438, networkLocation: /default-rack, certSerialId: null}, Type:RATIS, Factor:ONE, State:OPEN]
2019-07-16 15:51:01,158 INFO  impl.RaftServerProxy (RaftServerProxy.java:addNew(89)) - 0c3270f1-27c7-4abb-a4fd-fa2c93388fa0: addNew group-FD597CE5F096:[0c3270f1-27c7-4abb-a4fd-fa2c93388fa0:192.168.69.88:33950] returns group-FD597CE5F096:java.util.concurrent.CompletableFuture@70774475[Not completed]
2019-07-16 15:51:01,160 INFO  impl.RaftServerImpl (RaftServerImpl.java:<init>(93)) - 0c3270f1-27c7-4abb-a4fd-fa2c93388fa0: new RaftServerImpl for group-FD597CE5F096:[0c3270f1-27c7-4abb-a4fd-fa2c93388fa0:192.168.69.88:33950] with ContainerStateMachine:uninitialized
2019-07-16 15:51:01,160 INFO  server.RaftServerConfigKeys (ConfUtils.java:logGet(43)) - raft.server.rpc.timeout.min = 5s (custom)
2019-07-16 15:51:01,160 INFO  server.RaftServerConfigKeys (ConfUtils.java:logGet(43)) - raft.server.rpc.timeout.max = 5200ms (custom)
2019-07-16 15:51:01,161 INFO  server.RaftServerConfigKeys (ConfUtils.java:logGet(43)) - raft.server.rpcslowness.timeout = 120s (custom)
2019-07-16 15:51:01,161 INFO  server.RaftServerConfigKeys (ConfUtils.java:logGet(43)) - raft.server.sleep.deviation.threshold = 300 (default)
2019-07-16 15:51:01,161 INFO  server.RaftServerConfigKeys (ConfUtils.java:logGet(43)) - raft.server.log.appender.install.snapshot.enabled = false (custom)
2019-07-16 15:51:01,161 INFO  impl.RaftServerImpl (ServerState.java:<init>(105)) - 0c3270f1-27c7-4abb-a4fd-fa2c93388fa0:group-FD597CE5F096 ConfigurationManager, init=-1: [0c3270f1-27c7-4abb-a4fd-fa2c93388fa0:192.168.69.88:33950], old=null, confs=<EMPTY_MAP>
2019-07-16 15:51:01,161 INFO  server.RaftServerConfigKeys (ConfUtils.java:logGet(43)) - raft.server.storage.dir = [/workdir/hadoop-ozone/integration-test/target/test-dir/MiniOzoneClusterImpl-cad0d14a-2169-45b1-bb31-fa0627aa7bd1/datanode-3/data/ratis] (custom)
2019-07-16 15:51:01,161 INFO  storage.RaftStorageDirectory (RaftStorageDirectory.java:analyzeStorage(246)) - The storage directory /workdir/hadoop-ozone/integration-test/target/test-dir/MiniOzoneClusterImpl-cad0d14a-2169-45b1-bb31-fa0627aa7bd1/datanode-3/data/ratis/3f58e222-7d6d-4a73-ad33-fd597ce5f096 does not exist. Creating ...
2019-07-16 15:51:01,174 INFO  storage.RaftStorageDirectory (RaftStorageDirectory.java:tryLock(328)) - Lock on /workdir/hadoop-ozone/integration-test/target/test-dir/MiniOzoneClusterImpl-cad0d14a-2169-45b1-bb31-fa0627aa7bd1/datanode-3/data/ratis/3f58e222-7d6d-4a73-ad33-fd597ce5f096/in_use.lock acquired by nodename 13160@trunk-nightly-kgw5x-1882989438
2019-07-16 15:51:01,188 INFO  storage.RaftStorage (RaftStorage.java:format(72)) - Storage directory /workdir/hadoop-ozone/integration-test/target/test-dir/MiniOzoneClusterImpl-cad0d14a-2169-45b1-bb31-fa0627aa7bd1/datanode-3/data/ratis/3f58e222-7d6d-4a73-ad33-fd597ce5f096 has been successfully formatted.
2019-07-16 15:51:01,188 INFO  ratis.ContainerStateMachine (ContainerStateMachine.java:loadSnapshot(200)) - group-FD597CE5F096: The snapshot info is null. Setting the last applied indexto:(t:0, i:~)
2019-07-16 15:51:01,189 INFO  server.RaftServerConfigKeys (ConfUtils.java:logGet(43)) - raft.server.leader.election.timeout = 120s (custom)
2019-07-16 15:51:01,189 INFO  server.RaftServerConfigKeys (ConfUtils.java:logGet(43)) - raft.server.log.use.memory = false (default)
2019-07-16 15:51:01,189 INFO  server.RaftServerConfigKeys (ConfUtils.java:logGet(43)) - raft.server.log.purge.gap = 1000000000 (custom)
2019-07-16 15:51:01,189 INFO  server.RaftServerConfigKeys (ConfUtils.java:logGet(43)) - raft.server.log.appender.buffer.byte-limit = 33554432 (custom)
2019-07-16 15:51:01,189 INFO  server.RaftServerConfigKeys (ConfUtils.java:logGet(43)) - raft.server.log.segment.size.max = 1048576 (custom)
2019-07-16 15:51:01,189 INFO  server.RaftServerConfigKeys (ConfUtils.java:logGet(43)) - raft.server.log.segment.cache.num.max = 2 (custom)
2019-07-16 15:51:01,189 INFO  segmented.SegmentedRaftLogWorker (SegmentedRaftLogWorker.java:<init>(172)) - new 0c3270f1-27c7-4abb-a4fd-fa2c93388fa0-SegmentedRaftLogWorker:Storage Directory /workdir/hadoop-ozone/integration-test/target/test-dir/MiniOzoneClusterImpl-cad0d14a-2169-45b1-bb31-fa0627aa7bd1/datanode-3/data/ratis/3f58e222-7d6d-4a73-ad33-fd597ce5f096 for RaftStorage:Storage Directory /workdir/hadoop-ozone/integration-test/target/test-dir/MiniOzoneClusterImpl-cad0d14a-2169-45b1-bb31-fa0627aa7bd1/datanode-3/data/ratis/3f58e222-7d6d-4a73-ad33-fd597ce5f096
2019-07-16 15:51:01,190 INFO  server.RaftServerConfigKeys (ConfUtils.java:logGet(43)) - raft.server.log.queue.byte-limit = 2147483647 (custom)
2019-07-16 15:51:01,190 INFO  server.RaftServerConfigKeys (ConfUtils.java:logGet(43)) - raft.server.log.queue.element-limit = 1024 (custom)
2019-07-16 15:51:01,190 INFO  server.RaftServerConfigKeys (ConfUtils.java:logGet(43)) - raft.server.log.segment.size.max = 1048576 (custom)
2019-07-16 15:51:01,190 INFO  server.RaftServerConfigKeys (ConfUtils.java:logGet(43)) - raft.server.log.preallocated.size = 16384 (custom)
2019-07-16 15:51:01,190 INFO  server.RaftServerConfigKeys (ConfUtils.java:logGet(43)) - raft.server.log.write.buffer.size = 33554432 (custom)
2019-07-16 15:51:01,191 INFO  server.RaftServerConfigKeys (ConfUtils.java:logGet(43)) - raft.server.log.force.sync.num = 128 (default)
2019-07-16 15:51:01,191 INFO  server.RaftServerConfigKeys (ConfUtils.java:logGet(43)) - raft.server.log.statemachine.data.sync = true (default)
2019-07-16 15:51:01,191 INFO  server.RaftServerConfigKeys (ConfUtils.java:logGet(43)) - raft.server.log.statemachine.data.sync.timeout = 10s (default)
2019-07-16 15:51:01,191 INFO  server.RaftServerConfigKeys (ConfUtils.java:logGet(43)) - raft.server.log.statemachine.data.sync.timeout.retry = -1 (default)
2019-07-16 15:51:01,191 INFO  server.RaftServerConfigKeys (ConfUtils.java:logGet(43)) - raft.server.log.statemachine.data.caching.enabled = true (custom)
2019-07-16 15:51:01,191 INFO  segmented.SegmentedRaftLogWorker (SegmentedRaftLogWorker.java:lambda$new$0(132)) - 0c3270f1-27c7-4abb-a4fd-fa2c93388fa0-SegmentedRaftLogWorker:Storage Directory /workdir/hadoop-ozone/integration-test/target/test-dir/MiniOzoneClusterImpl-cad0d14a-2169-45b1-bb31-fa0627aa7bd1/datanode-3/data/ratis/3f58e222-7d6d-4a73-ad33-fd597ce5f096: flushIndex: setUnconditionally 0 -> -1
2019-07-16 15:51:01,192 INFO  server.RaftServerConfigKeys (ConfUtils.java:logGet(43)) - raft.server.snapshot.auto.trigger.enabled = true (custom)
2019-07-16 15:51:01,192 INFO  server.RaftServerConfigKeys (ConfUtils.java:logGet(43)) - raft.server.snapshot.auto.trigger.threshold = 10000 (custom)
2019-07-16 15:51:01,192 INFO  server.RaftServerConfigKeys (ConfUtils.java:logGet(43)) - raft.server.retrycache.expirytime = 600000ms (custom)
2019-07-16 15:51:01,192 INFO  impl.RaftServerImpl (RaftServerImpl.java:start(180)) - 0c3270f1-27c7-4abb-a4fd-fa2c93388fa0: start group-FD597CE5F096
2019-07-16 15:51:01,192 INFO  impl.RaftServerImpl (RaftServerImpl.java:setRole(171)) - 0c3270f1-27c7-4abb-a4fd-fa2c93388fa0:group-FD597CE5F096 changes role from null to FOLLOWER at term 0 for startAsFollower
2019-07-16 15:51:01,192 INFO  impl.RoleInfo (RoleInfo.java:updateAndGet(143)) - 0c3270f1-27c7-4abb-a4fd-fa2c93388fa0: start FollowerState
2019-07-16 15:51:01,193 INFO  util.JmxRegister (JmxRegister.java:tryRegister(44)) - Successfully registered JMX Bean with object name Ratis:service=RaftServer,group=group-FD597CE5F096,id=0c3270f1-27c7-4abb-a4fd-fa2c93388fa0
2019-07-16 15:51:01,203 INFO  pipeline.PipelineStateManager (PipelineStateManager.java:addPipeline(56)) - Created pipeline Pipeline[ Id: 3f58e222-7d6d-4a73-ad33-fd597ce5f096, Nodes: 0c3270f1-27c7-4abb-a4fd-fa2c93388fa0{ip: 192.168.69.88, host: trunk-nightly-kgw5x-1882989438, networkLocation: /default-rack, certSerialId: null}, Type:RATIS, Factor:ONE, State:OPEN]
2019-07-16 15:51:01,220 INFO  impl.RaftServerProxy (RaftServerProxy.java:addNew(89)) - 63617987-8941-4eaf-a62a-6c46b0c5ddc8: addNew group-8FD33BCE5C2D:[63617987-8941-4eaf-a62a-6c46b0c5ddc8:192.168.69.88:44127] returns group-8FD33BCE5C2D:java.util.concurrent.CompletableFuture@1352fd50[Not completed]
2019-07-16 15:51:01,222 INFO  impl.RaftServerImpl (RaftServerImpl.java:<init>(93)) - 63617987-8941-4eaf-a62a-6c46b0c5ddc8: new RaftServerImpl for group-8FD33BCE5C2D:[63617987-8941-4eaf-a62a-6c46b0c5ddc8:192.168.69.88:44127] with ContainerStateMachine:uninitialized
2019-07-16 15:51:01,222 INFO  server.RaftServerConfigKeys (ConfUtils.java:logGet(43)) - raft.server.rpc.timeout.min = 5s (custom)
2019-07-16 15:51:01,222 INFO  server.RaftServerConfigKeys (ConfUtils.java:logGet(43)) - raft.server.rpc.timeout.max = 5200ms (custom)
2019-07-16 15:51:01,222 INFO  server.RaftServerConfigKeys (ConfUtils.java:logGet(43)) - raft.server.rpcslowness.timeout = 120s (custom)
2019-07-16 15:51:01,223 INFO  server.RaftServerConfigKeys (ConfUtils.java:logGet(43)) - raft.server.sleep.deviation.threshold = 300 (default)
2019-07-16 15:51:01,223 INFO  server.RaftServerConfigKeys (ConfUtils.java:logGet(43)) - raft.server.log.appender.install.snapshot.enabled = false (custom)
2019-07-16 15:51:01,223 INFO  impl.RaftServerImpl (ServerState.java:<init>(105)) - 63617987-8941-4eaf-a62a-6c46b0c5ddc8:group-8FD33BCE5C2D ConfigurationManager, init=-1: [63617987-8941-4eaf-a62a-6c46b0c5ddc8:192.168.69.88:44127], old=null, confs=<EMPTY_MAP>
2019-07-16 15:51:01,223 INFO  server.RaftServerConfigKeys (ConfUtils.java:logGet(43)) - raft.server.storage.dir = [/workdir/hadoop-ozone/integration-test/target/test-dir/MiniOzoneClusterImpl-cad0d14a-2169-45b1-bb31-fa0627aa7bd1/datanode-5/data/ratis] (custom)
2019-07-16 15:51:01,223 INFO  storage.RaftStorageDirectory (RaftStorageDirectory.java:analyzeStorage(246)) - The storage directory /workdir/hadoop-ozone/integration-test/target/test-dir/MiniOzoneClusterImpl-cad0d14a-2169-45b1-bb31-fa0627aa7bd1/datanode-5/data/ratis/241e56e7-808a-4401-8c02-8fd33bce5c2d does not exist. Creating ...
2019-07-16 15:51:01,236 INFO  storage.RaftStorageDirectory (RaftStorageDirectory.java:tryLock(328)) - Lock on /workdir/hadoop-ozone/integration-test/target/test-dir/MiniOzoneClusterImpl-cad0d14a-2169-45b1-bb31-fa0627aa7bd1/datanode-5/data/ratis/241e56e7-808a-4401-8c02-8fd33bce5c2d/in_use.lock acquired by nodename 13160@trunk-nightly-kgw5x-1882989438
2019-07-16 15:51:01,249 INFO  storage.RaftStorage (RaftStorage.java:format(72)) - Storage directory /workdir/hadoop-ozone/integration-test/target/test-dir/MiniOzoneClusterImpl-cad0d14a-2169-45b1-bb31-fa0627aa7bd1/datanode-5/data/ratis/241e56e7-808a-4401-8c02-8fd33bce5c2d has been successfully formatted.
2019-07-16 15:51:01,249 INFO  ratis.ContainerStateMachine (ContainerStateMachine.java:loadSnapshot(200)) - group-8FD33BCE5C2D: The snapshot info is null. Setting the last applied indexto:(t:0, i:~)
2019-07-16 15:51:01,250 INFO  server.RaftServerConfigKeys (ConfUtils.java:logGet(43)) - raft.server.leader.election.timeout = 120s (custom)
2019-07-16 15:51:01,250 INFO  server.RaftServerConfigKeys (ConfUtils.java:logGet(43)) - raft.server.log.use.memory = false (default)
2019-07-16 15:51:01,250 INFO  server.RaftServerConfigKeys (ConfUtils.java:logGet(43)) - raft.server.log.purge.gap = 1000000000 (custom)
2019-07-16 15:51:01,250 INFO  server.RaftServerConfigKeys (ConfUtils.java:logGet(43)) - raft.server.log.appender.buffer.byte-limit = 33554432 (custom)
2019-07-16 15:51:01,250 INFO  server.RaftServerConfigKeys (ConfUtils.java:logGet(43)) - raft.server.log.segment.size.max = 1048576 (custom)
2019-07-16 15:51:01,250 INFO  server.RaftServerConfigKeys (ConfUtils.java:logGet(43)) - raft.server.log.segment.cache.num.max = 2 (custom)
2019-07-16 15:51:01,251 INFO  segmented.SegmentedRaftLogWorker (SegmentedRaftLogWorker.java:<init>(172)) - new 63617987-8941-4eaf-a62a-6c46b0c5ddc8-SegmentedRaftLogWorker:Storage Directory /workdir/hadoop-ozone/integration-test/target/test-dir/MiniOzoneClusterImpl-cad0d14a-2169-45b1-bb31-fa0627aa7bd1/datanode-5/data/ratis/241e56e7-808a-4401-8c02-8fd33bce5c2d for RaftStorage:Storage Directory /workdir/hadoop-ozone/integration-test/target/test-dir/MiniOzoneClusterImpl-cad0d14a-2169-45b1-bb31-fa0627aa7bd1/datanode-5/data/ratis/241e56e7-808a-4401-8c02-8fd33bce5c2d
2019-07-16 15:51:01,251 INFO  server.RaftServerConfigKeys (ConfUtils.java:logGet(43)) - raft.server.log.queue.byte-limit = 2147483647 (custom)
2019-07-16 15:51:01,251 INFO  server.RaftServerConfigKeys (ConfUtils.java:logGet(43)) - raft.server.log.queue.element-limit = 1024 (custom)
2019-07-16 15:51:01,251 INFO  server.RaftServerConfigKeys (ConfUtils.java:logGet(43)) - raft.server.log.segment.size.max = 1048576 (custom)
2019-07-16 15:51:01,251 INFO  server.RaftServerConfigKeys (ConfUtils.java:logGet(43)) - raft.server.log.preallocated.size = 16384 (custom)
2019-07-16 15:51:01,251 INFO  server.RaftServerConfigKeys (ConfUtils.java:logGet(43)) - raft.server.log.write.buffer.size = 33554432 (custom)
2019-07-16 15:51:01,251 INFO  server.RaftServerConfigKeys (ConfUtils.java:logGet(43)) - raft.server.log.force.sync.num = 128 (default)
2019-07-16 15:51:01,252 INFO  server.RaftServerConfigKeys (ConfUtils.java:logGet(43)) - raft.server.log.statemachine.data.sync = true (default)
2019-07-16 15:51:01,252 INFO  server.RaftServerConfigKeys (ConfUtils.java:logGet(43)) - raft.server.log.statemachine.data.sync.timeout = 10s (default)
2019-07-16 15:51:01,252 INFO  server.RaftServerConfigKeys (ConfUtils.java:logGet(43)) - raft.server.log.statemachine.data.sync.timeout.retry = -1 (default)
2019-07-16 15:51:01,252 INFO  server.RaftServerConfigKeys (ConfUtils.java:logGet(43)) - raft.server.log.statemachine.data.caching.enabled = true (custom)
2019-07-16 15:51:01,252 INFO  segmented.SegmentedRaftLogWorker (SegmentedRaftLogWorker.java:lambda$new$0(132)) - 63617987-8941-4eaf-a62a-6c46b0c5ddc8-SegmentedRaftLogWorker:Storage Directory /workdir/hadoop-ozone/integration-test/target/test-dir/MiniOzoneClusterImpl-cad0d14a-2169-45b1-bb31-fa0627aa7bd1/datanode-5/data/ratis/241e56e7-808a-4401-8c02-8fd33bce5c2d: flushIndex: setUnconditionally 0 -> -1
2019-07-16 15:51:01,253 INFO  server.RaftServerConfigKeys (ConfUtils.java:logGet(43)) - raft.server.snapshot.auto.trigger.enabled = true (custom)
2019-07-16 15:51:01,253 INFO  server.RaftServerConfigKeys (ConfUtils.java:logGet(43)) - raft.server.snapshot.auto.trigger.threshold = 10000 (custom)
2019-07-16 15:51:01,253 INFO  server.RaftServerConfigKeys (ConfUtils.java:logGet(43)) - raft.server.retrycache.expirytime = 600000ms (custom)
2019-07-16 15:51:01,253 INFO  impl.RaftServerImpl (RaftServerImpl.java:start(180)) - 63617987-8941-4eaf-a62a-6c46b0c5ddc8: start group-8FD33BCE5C2D
2019-07-16 15:51:01,253 INFO  impl.RaftServerImpl (RaftServerImpl.java:setRole(171)) - 63617987-8941-4eaf-a62a-6c46b0c5ddc8:group-8FD33BCE5C2D changes role from null to FOLLOWER at term 0 for startAsFollower
2019-07-16 15:51:01,253 INFO  impl.RoleInfo (RoleInfo.java:updateAndGet(143)) - 63617987-8941-4eaf-a62a-6c46b0c5ddc8: start FollowerState
2019-07-16 15:51:01,254 INFO  util.JmxRegister (JmxRegister.java:tryRegister(44)) - Successfully registered JMX Bean with object name Ratis:service=RaftServer,group=group-8FD33BCE5C2D,id=63617987-8941-4eaf-a62a-6c46b0c5ddc8
2019-07-16 15:51:01,262 INFO  ozone.MiniOzoneClusterImpl (MiniOzoneClusterImpl.java:lambda$waitForClusterToBeReady$0(142)) - Waiting for cluster to be ready. Got 6 of 7 DN Heartbeats.
2019-07-16 15:51:01,264 INFO  node.SCMNodeManager (SCMNodeManager.java:register(269)) - Registered Data node : b88f92f0-4d3b-423f-8d16-fe9cabec51a4{ip: 192.168.69.88, host: trunk-nightly-kgw5x-1882989438, networkLocation: /default-rack, certSerialId: null}
2019-07-16 15:51:01,267 INFO  pipeline.PipelineStateManager (PipelineStateManager.java:addPipeline(56)) - Created pipeline Pipeline[ Id: 241e56e7-808a-4401-8c02-8fd33bce5c2d, Nodes: 63617987-8941-4eaf-a62a-6c46b0c5ddc8{ip: 192.168.69.88, host: trunk-nightly-kgw5x-1882989438, networkLocation: /default-rack, certSerialId: null}, Type:RATIS, Factor:ONE, State:OPEN]
2019-07-16 15:51:01,278 INFO  impl.RaftServerProxy (RaftServerProxy.java:addNew(89)) - b88f92f0-4d3b-423f-8d16-fe9cabec51a4: addNew group-312C98079887:[b88f92f0-4d3b-423f-8d16-fe9cabec51a4:192.168.69.88:33651] returns group-312C98079887:java.util.concurrent.CompletableFuture@13a0c5fa[Not completed]
2019-07-16 15:51:01,279 INFO  impl.RaftServerImpl (RaftServerImpl.java:<init>(93)) - b88f92f0-4d3b-423f-8d16-fe9cabec51a4: new RaftServerImpl for group-312C98079887:[b88f92f0-4d3b-423f-8d16-fe9cabec51a4:192.168.69.88:33651] with ContainerStateMachine:uninitialized
2019-07-16 15:51:01,279 INFO  server.RaftServerConfigKeys (ConfUtils.java:logGet(43)) - raft.server.rpc.timeout.min = 5s (custom)
2019-07-16 15:51:01,279 INFO  server.RaftServerConfigKeys (ConfUtils.java:logGet(43)) - raft.server.rpc.timeout.max = 5200ms (custom)
2019-07-16 15:51:01,279 INFO  server.RaftServerConfigKeys (ConfUtils.java:logGet(43)) - raft.server.rpcslowness.timeout = 120s (custom)
2019-07-16 15:51:01,279 INFO  server.RaftServerConfigKeys (ConfUtils.java:logGet(43)) - raft.server.sleep.deviation.threshold = 300 (default)
2019-07-16 15:51:01,279 INFO  server.RaftServerConfigKeys (ConfUtils.java:logGet(43)) - raft.server.log.appender.install.snapshot.enabled = false (custom)
2019-07-16 15:51:01,279 INFO  impl.RaftServerImpl (ServerState.java:<init>(105)) - b88f92f0-4d3b-423f-8d16-fe9cabec51a4:group-312C98079887 ConfigurationManager, init=-1: [b88f92f0-4d3b-423f-8d16-fe9cabec51a4:192.168.69.88:33651], old=null, confs=<EMPTY_MAP>
2019-07-16 15:51:01,280 INFO  server.RaftServerConfigKeys (ConfUtils.java:logGet(43)) - raft.server.storage.dir = [/workdir/hadoop-ozone/integration-test/target/test-dir/MiniOzoneClusterImpl-cad0d14a-2169-45b1-bb31-fa0627aa7bd1/datanode-6/data/ratis] (custom)
2019-07-16 15:51:01,280 INFO  storage.RaftStorageDirectory (RaftStorageDirectory.java:analyzeStorage(246)) - The storage directory /workdir/hadoop-ozone/integration-test/target/test-dir/MiniOzoneClusterImpl-cad0d14a-2169-45b1-bb31-fa0627aa7bd1/datanode-6/data/ratis/59b0396f-c24c-4b38-ae18-312c98079887 does not exist. Creating ...
2019-07-16 15:51:01,293 INFO  storage.RaftStorageDirectory (RaftStorageDirectory.java:tryLock(328)) - Lock on /workdir/hadoop-ozone/integration-test/target/test-dir/MiniOzoneClusterImpl-cad0d14a-2169-45b1-bb31-fa0627aa7bd1/datanode-6/data/ratis/59b0396f-c24c-4b38-ae18-312c98079887/in_use.lock acquired by nodename 13160@trunk-nightly-kgw5x-1882989438
2019-07-16 15:51:01,324 INFO  storage.RaftStorage (RaftStorage.java:format(72)) - Storage directory /workdir/hadoop-ozone/integration-test/target/test-dir/MiniOzoneClusterImpl-cad0d14a-2169-45b1-bb31-fa0627aa7bd1/datanode-6/data/ratis/59b0396f-c24c-4b38-ae18-312c98079887 has been successfully formatted.
2019-07-16 15:51:01,324 INFO  ratis.ContainerStateMachine (ContainerStateMachine.java:loadSnapshot(200)) - group-312C98079887: The snapshot info is null. Setting the last applied indexto:(t:0, i:~)
2019-07-16 15:51:01,325 INFO  server.RaftServerConfigKeys (ConfUtils.java:logGet(43)) - raft.server.leader.election.timeout = 120s (custom)
2019-07-16 15:51:01,325 INFO  server.RaftServerConfigKeys (ConfUtils.java:logGet(43)) - raft.server.log.use.memory = false (default)
2019-07-16 15:51:01,325 INFO  server.RaftServerConfigKeys (ConfUtils.java:logGet(43)) - raft.server.log.purge.gap = 1000000000 (custom)
2019-07-16 15:51:01,325 INFO  server.RaftServerConfigKeys (ConfUtils.java:logGet(43)) - raft.server.log.appender.buffer.byte-limit = 33554432 (custom)
2019-07-16 15:51:01,325 INFO  server.RaftServerConfigKeys (ConfUtils.java:logGet(43)) - raft.server.log.segment.size.max = 1048576 (custom)
2019-07-16 15:51:01,325 INFO  server.RaftServerConfigKeys (ConfUtils.java:logGet(43)) - raft.server.log.segment.cache.num.max = 2 (custom)
2019-07-16 15:51:01,325 INFO  segmented.SegmentedRaftLogWorker (SegmentedRaftLogWorker.java:<init>(172)) - new b88f92f0-4d3b-423f-8d16-fe9cabec51a4-SegmentedRaftLogWorker:Storage Directory /workdir/hadoop-ozone/integration-test/target/test-dir/MiniOzoneClusterImpl-cad0d14a-2169-45b1-bb31-fa0627aa7bd1/datanode-6/data/ratis/59b0396f-c24c-4b38-ae18-312c98079887 for RaftStorage:Storage Directory /workdir/hadoop-ozone/integration-test/target/test-dir/MiniOzoneClusterImpl-cad0d14a-2169-45b1-bb31-fa0627aa7bd1/datanode-6/data/ratis/59b0396f-c24c-4b38-ae18-312c98079887
2019-07-16 15:51:01,325 INFO  server.RaftServerConfigKeys (ConfUtils.java:logGet(43)) - raft.server.log.queue.byte-limit = 2147483647 (custom)
2019-07-16 15:51:01,326 INFO  server.RaftServerConfigKeys (ConfUtils.java:logGet(43)) - raft.server.log.queue.element-limit = 1024 (custom)
2019-07-16 15:51:01,326 INFO  server.RaftServerConfigKeys (ConfUtils.java:logGet(43)) - raft.server.log.segment.size.max = 1048576 (custom)
2019-07-16 15:51:01,326 INFO  server.RaftServerConfigKeys (ConfUtils.java:logGet(43)) - raft.server.log.preallocated.size = 16384 (custom)
2019-07-16 15:51:01,326 INFO  server.RaftServerConfigKeys (ConfUtils.java:logGet(43)) - raft.server.log.write.buffer.size = 33554432 (custom)
2019-07-16 15:51:01,326 INFO  server.RaftServerConfigKeys (ConfUtils.java:logGet(43)) - raft.server.log.force.sync.num = 128 (default)
2019-07-16 15:51:01,326 INFO  server.RaftServerConfigKeys (ConfUtils.java:logGet(43)) - raft.server.log.statemachine.data.sync = true (default)
2019-07-16 15:51:01,326 INFO  server.RaftServerConfigKeys (ConfUtils.java:logGet(43)) - raft.server.log.statemachine.data.sync.timeout = 10s (default)
2019-07-16 15:51:01,326 INFO  server.RaftServerConfigKeys (ConfUtils.java:logGet(43)) - raft.server.log.statemachine.data.sync.timeout.retry = -1 (default)
2019-07-16 15:51:01,327 INFO  server.RaftServerConfigKeys (ConfUtils.java:logGet(43)) - raft.server.log.statemachine.data.caching.enabled = true (custom)
2019-07-16 15:51:01,327 INFO  segmented.SegmentedRaftLogWorker (SegmentedRaftLogWorker.java:lambda$new$0(132)) - b88f92f0-4d3b-423f-8d16-fe9cabec51a4-SegmentedRaftLogWorker:Storage Directory /workdir/hadoop-ozone/integration-test/target/test-dir/MiniOzoneClusterImpl-cad0d14a-2169-45b1-bb31-fa0627aa7bd1/datanode-6/data/ratis/59b0396f-c24c-4b38-ae18-312c98079887: flushIndex: setUnconditionally 0 -> -1
2019-07-16 15:51:01,327 INFO  server.RaftServerConfigKeys (ConfUtils.java:logGet(43)) - raft.server.snapshot.auto.trigger.enabled = true (custom)
2019-07-16 15:51:01,327 INFO  server.RaftServerConfigKeys (ConfUtils.java:logGet(43)) - raft.server.snapshot.auto.trigger.threshold = 10000 (custom)
2019-07-16 15:51:01,327 INFO  server.RaftServerConfigKeys (ConfUtils.java:logGet(43)) - raft.server.retrycache.expirytime = 600000ms (custom)
2019-07-16 15:51:01,328 INFO  impl.RaftServerImpl (RaftServerImpl.java:start(180)) - b88f92f0-4d3b-423f-8d16-fe9cabec51a4: start group-312C98079887
2019-07-16 15:51:01,328 INFO  impl.RaftServerImpl (RaftServerImpl.java:setRole(171)) - b88f92f0-4d3b-423f-8d16-fe9cabec51a4:group-312C98079887 changes role from null to FOLLOWER at term 0 for startAsFollower
2019-07-16 15:51:01,328 INFO  impl.RoleInfo (RoleInfo.java:updateAndGet(143)) - b88f92f0-4d3b-423f-8d16-fe9cabec51a4: start FollowerState
2019-07-16 15:51:01,328 INFO  util.JmxRegister (JmxRegister.java:tryRegister(44)) - Successfully registered JMX Bean with object name Ratis:service=RaftServer,group=group-312C98079887,id=b88f92f0-4d3b-423f-8d16-fe9cabec51a4
2019-07-16 15:51:01,348 INFO  pipeline.PipelineStateManager (PipelineStateManager.java:addPipeline(56)) - Created pipeline Pipeline[ Id: 59b0396f-c24c-4b38-ae18-312c98079887, Nodes: b88f92f0-4d3b-423f-8d16-fe9cabec51a4{ip: 192.168.69.88, host: trunk-nightly-kgw5x-1882989438, networkLocation: /default-rack, certSerialId: null}, Type:RATIS, Factor:ONE, State:OPEN]
2019-07-16 15:51:01,385 INFO  impl.RaftServerProxy (RaftServerProxy.java:addNew(89)) - 2657f31e-97ec-43d8-9d13-0eb83e3dae78: addNew group-9B332D9C090E:[2657f31e-97ec-43d8-9d13-0eb83e3dae78:192.168.69.88:44556, 902dfb6e-23ce-4c87-b52c-828d2887da1d:192.168.69.88:40752, 2d5b013d-690e-4d2a-9177-36fcb81c6f75:192.168.69.88:40199] returns group-9B332D9C090E:java.util.concurrent.CompletableFuture@79fc5b9b[Not completed]
2019-07-16 15:51:01,385 INFO  impl.RaftServerProxy (RaftServerProxy.java:addNew(89)) - 2d5b013d-690e-4d2a-9177-36fcb81c6f75: addNew group-9B332D9C090E:[2657f31e-97ec-43d8-9d13-0eb83e3dae78:192.168.69.88:44556, 902dfb6e-23ce-4c87-b52c-828d2887da1d:192.168.69.88:40752, 2d5b013d-690e-4d2a-9177-36fcb81c6f75:192.168.69.88:40199] returns group-9B332D9C090E:java.util.concurrent.CompletableFuture@63ad81fe[Not completed]
2019-07-16 15:51:01,385 INFO  impl.RaftServerProxy (RaftServerProxy.java:addNew(89)) - 902dfb6e-23ce-4c87-b52c-828d2887da1d: addNew group-9B332D9C090E:[2657f31e-97ec-43d8-9d13-0eb83e3dae78:192.168.69.88:44556, 902dfb6e-23ce-4c87-b52c-828d2887da1d:192.168.69.88:40752, 2d5b013d-690e-4d2a-9177-36fcb81c6f75:192.168.69.88:40199] returns group-9B332D9C090E:java.util.concurrent.CompletableFuture@2c56beac[Not completed]
2019-07-16 15:51:01,387 INFO  impl.RaftServerImpl (RaftServerImpl.java:<init>(93)) - 2657f31e-97ec-43d8-9d13-0eb83e3dae78: new RaftServerImpl for group-9B332D9C090E:[2657f31e-97ec-43d8-9d13-0eb83e3dae78:192.168.69.88:44556, 902dfb6e-23ce-4c87-b52c-828d2887da1d:192.168.69.88:40752, 2d5b013d-690e-4d2a-9177-36fcb81c6f75:192.168.69.88:40199] with ContainerStateMachine:uninitialized
2019-07-16 15:51:01,387 INFO  server.RaftServerConfigKeys (ConfUtils.java:logGet(43)) - raft.server.rpc.timeout.min = 5s (custom)
2019-07-16 15:51:01,387 INFO  server.RaftServerConfigKeys (ConfUtils.java:logGet(43)) - raft.server.rpc.timeout.max = 5200ms (custom)
2019-07-16 15:51:01,387 INFO  impl.RaftServerImpl (RaftServerImpl.java:<init>(93)) - 902dfb6e-23ce-4c87-b52c-828d2887da1d: new RaftServerImpl for group-9B332D9C090E:[2657f31e-97ec-43d8-9d13-0eb83e3dae78:192.168.69.88:44556, 902dfb6e-23ce-4c87-b52c-828d2887da1d:192.168.69.88:40752, 2d5b013d-690e-4d2a-9177-36fcb81c6f75:192.168.69.88:40199] with ContainerStateMachine:uninitialized
2019-07-16 15:51:01,387 INFO  server.RaftServerConfigKeys (ConfUtils.java:logGet(43)) - raft.server.rpcslowness.timeout = 120s (custom)
2019-07-16 15:51:01,387 INFO  server.RaftServerConfigKeys (ConfUtils.java:logGet(43)) - raft.server.rpc.timeout.min = 5s (custom)
2019-07-16 15:51:01,387 INFO  server.RaftServerConfigKeys (ConfUtils.java:logGet(43)) - raft.server.sleep.deviation.threshold = 300 (default)
2019-07-16 15:51:01,388 INFO  server.RaftServerConfigKeys (ConfUtils.java:logGet(43)) - raft.server.rpc.timeout.max = 5200ms (custom)
2019-07-16 15:51:01,388 INFO  server.RaftServerConfigKeys (ConfUtils.java:logGet(43)) - raft.server.log.appender.install.snapshot.enabled = false (custom)
2019-07-16 15:51:01,388 INFO  server.RaftServerConfigKeys (ConfUtils.java:logGet(43)) - raft.server.rpcslowness.timeout = 120s (custom)
2019-07-16 15:51:01,388 INFO  impl.RaftServerImpl (RaftServerImpl.java:<init>(93)) - 2d5b013d-690e-4d2a-9177-36fcb81c6f75: new RaftServerImpl for group-9B332D9C090E:[2657f31e-97ec-43d8-9d13-0eb83e3dae78:192.168.69.88:44556, 902dfb6e-23ce-4c87-b52c-828d2887da1d:192.168.69.88:40752, 2d5b013d-690e-4d2a-9177-36fcb81c6f75:192.168.69.88:40199] with ContainerStateMachine:uninitialized
2019-07-16 15:51:01,388 INFO  impl.RaftServerImpl (ServerState.java:<init>(105)) - 2657f31e-97ec-43d8-9d13-0eb83e3dae78:group-9B332D9C090E ConfigurationManager, init=-1: [2657f31e-97ec-43d8-9d13-0eb83e3dae78:192.168.69.88:44556, 902dfb6e-23ce-4c87-b52c-828d2887da1d:192.168.69.88:40752, 2d5b013d-690e-4d2a-9177-36fcb81c6f75:192.168.69.88:40199], old=null, confs=<EMPTY_MAP>
2019-07-16 15:51:01,388 INFO  server.RaftServerConfigKeys (ConfUtils.java:logGet(43)) - raft.server.rpc.timeout.min = 5s (custom)
2019-07-16 15:51:01,388 INFO  server.RaftServerConfigKeys (ConfUtils.java:logGet(43)) - raft.server.sleep.deviation.threshold = 300 (default)
2019-07-16 15:51:01,388 INFO  server.RaftServerConfigKeys (ConfUtils.java:logGet(43)) - raft.server.rpc.timeout.max = 5200ms (custom)
2019-07-16 15:51:01,388 INFO  server.RaftServerConfigKeys (ConfUtils.java:logGet(43)) - raft.server.storage.dir = [/workdir/hadoop-ozone/integration-test/target/test-dir/MiniOzoneClusterImpl-cad0d14a-2169-45b1-bb31-fa0627aa7bd1/datanode-1/data/ratis] (custom)
2019-07-16 15:51:01,388 INFO  server.RaftServerConfigKeys (ConfUtils.java:logGet(43)) - raft.server.rpcslowness.timeout = 120s (custom)
2019-07-16 15:51:01,388 INFO  server.RaftServerConfigKeys (ConfUtils.java:logGet(43)) - raft.server.log.appender.install.snapshot.enabled = false (custom)
2019-07-16 15:51:01,388 INFO  impl.RaftServerImpl (ServerState.java:<init>(105)) - 902dfb6e-23ce-4c87-b52c-828d2887da1d:group-9B332D9C090E ConfigurationManager, init=-1: [2657f31e-97ec-43d8-9d13-0eb83e3dae78:192.168.69.88:44556, 902dfb6e-23ce-4c87-b52c-828d2887da1d:192.168.69.88:40752, 2d5b013d-690e-4d2a-9177-36fcb81c6f75:192.168.69.88:40199], old=null, confs=<EMPTY_MAP>
2019-07-16 15:51:01,388 INFO  server.RaftServerConfigKeys (ConfUtils.java:logGet(43)) - raft.server.sleep.deviation.threshold = 300 (default)
2019-07-16 15:51:01,389 INFO  storage.RaftStorageDirectory (RaftStorageDirectory.java:analyzeStorage(246)) - The storage directory /workdir/hadoop-ozone/integration-test/target/test-dir/MiniOzoneClusterImpl-cad0d14a-2169-45b1-bb31-fa0627aa7bd1/datanode-1/data/ratis/2f1dbaaa-9ac9-4ffc-9213-9b332d9c090e does not exist. Creating ...
2019-07-16 15:51:01,389 INFO  server.RaftServerConfigKeys (ConfUtils.java:logGet(43)) - raft.server.storage.dir = [/workdir/hadoop-ozone/integration-test/target/test-dir/MiniOzoneClusterImpl-cad0d14a-2169-45b1-bb31-fa0627aa7bd1/datanode-4/data/ratis] (custom)
2019-07-16 15:51:01,389 INFO  server.RaftServerConfigKeys (ConfUtils.java:logGet(43)) - raft.server.log.appender.install.snapshot.enabled = false (custom)
2019-07-16 15:51:01,389 INFO  impl.RaftServerImpl (ServerState.java:<init>(105)) - 2d5b013d-690e-4d2a-9177-36fcb81c6f75:group-9B332D9C090E ConfigurationManager, init=-1: [2657f31e-97ec-43d8-9d13-0eb83e3dae78:192.168.69.88:44556, 902dfb6e-23ce-4c87-b52c-828d2887da1d:192.168.69.88:40752, 2d5b013d-690e-4d2a-9177-36fcb81c6f75:192.168.69.88:40199], old=null, confs=<EMPTY_MAP>
2019-07-16 15:51:01,389 INFO  storage.RaftStorageDirectory (RaftStorageDirectory.java:analyzeStorage(246)) - The storage directory /workdir/hadoop-ozone/integration-test/target/test-dir/MiniOzoneClusterImpl-cad0d14a-2169-45b1-bb31-fa0627aa7bd1/datanode-4/data/ratis/2f1dbaaa-9ac9-4ffc-9213-9b332d9c090e does not exist. Creating ...
2019-07-16 15:51:01,389 INFO  server.RaftServerConfigKeys (ConfUtils.java:logGet(43)) - raft.server.storage.dir = [/workdir/hadoop-ozone/integration-test/target/test-dir/MiniOzoneClusterImpl-cad0d14a-2169-45b1-bb31-fa0627aa7bd1/datanode-2/data/ratis] (custom)
2019-07-16 15:51:01,389 INFO  storage.RaftStorageDirectory (RaftStorageDirectory.java:analyzeStorage(246)) - The storage directory /workdir/hadoop-ozone/integration-test/target/test-dir/MiniOzoneClusterImpl-cad0d14a-2169-45b1-bb31-fa0627aa7bd1/datanode-2/data/ratis/2f1dbaaa-9ac9-4ffc-9213-9b332d9c090e does not exist. Creating ...
2019-07-16 15:51:01,402 INFO  storage.RaftStorageDirectory (RaftStorageDirectory.java:tryLock(328)) - Lock on /workdir/hadoop-ozone/integration-test/target/test-dir/MiniOzoneClusterImpl-cad0d14a-2169-45b1-bb31-fa0627aa7bd1/datanode-1/data/ratis/2f1dbaaa-9ac9-4ffc-9213-9b332d9c090e/in_use.lock acquired by nodename 13160@trunk-nightly-kgw5x-1882989438
2019-07-16 15:51:01,402 INFO  storage.RaftStorageDirectory (RaftStorageDirectory.java:tryLock(328)) - Lock on /workdir/hadoop-ozone/integration-test/target/test-dir/MiniOzoneClusterImpl-cad0d14a-2169-45b1-bb31-fa0627aa7bd1/datanode-2/data/ratis/2f1dbaaa-9ac9-4ffc-9213-9b332d9c090e/in_use.lock acquired by nodename 13160@trunk-nightly-kgw5x-1882989438
2019-07-16 15:51:01,402 INFO  storage.RaftStorageDirectory (RaftStorageDirectory.java:tryLock(328)) - Lock on /workdir/hadoop-ozone/integration-test/target/test-dir/MiniOzoneClusterImpl-cad0d14a-2169-45b1-bb31-fa0627aa7bd1/datanode-4/data/ratis/2f1dbaaa-9ac9-4ffc-9213-9b332d9c090e/in_use.lock acquired by nodename 13160@trunk-nightly-kgw5x-1882989438
2019-07-16 15:51:01,417 INFO  storage.RaftStorage (RaftStorage.java:format(72)) - Storage directory /workdir/hadoop-ozone/integration-test/target/test-dir/MiniOzoneClusterImpl-cad0d14a-2169-45b1-bb31-fa0627aa7bd1/datanode-4/data/ratis/2f1dbaaa-9ac9-4ffc-9213-9b332d9c090e has been successfully formatted.
2019-07-16 15:51:01,417 INFO  storage.RaftStorage (RaftStorage.java:format(72)) - Storage directory /workdir/hadoop-ozone/integration-test/target/test-dir/MiniOzoneClusterImpl-cad0d14a-2169-45b1-bb31-fa0627aa7bd1/datanode-1/data/ratis/2f1dbaaa-9ac9-4ffc-9213-9b332d9c090e has been successfully formatted.
2019-07-16 15:51:01,417 INFO  storage.RaftStorage (RaftStorage.java:format(72)) - Storage directory /workdir/hadoop-ozone/integration-test/target/test-dir/MiniOzoneClusterImpl-cad0d14a-2169-45b1-bb31-fa0627aa7bd1/datanode-2/data/ratis/2f1dbaaa-9ac9-4ffc-9213-9b332d9c090e has been successfully formatted.
2019-07-16 15:51:01,417 INFO  ratis.ContainerStateMachine (ContainerStateMachine.java:loadSnapshot(200)) - group-9B332D9C090E: The snapshot info is null. Setting the last applied indexto:(t:0, i:~)
2019-07-16 15:51:01,417 INFO  ratis.ContainerStateMachine (ContainerStateMachine.java:loadSnapshot(200)) - group-9B332D9C090E: The snapshot info is null. Setting the last applied indexto:(t:0, i:~)
2019-07-16 15:51:01,418 INFO  server.RaftServerConfigKeys (ConfUtils.java:logGet(43)) - raft.server.leader.election.timeout = 120s (custom)
2019-07-16 15:51:01,418 INFO  server.RaftServerConfigKeys (ConfUtils.java:logGet(43)) - raft.server.leader.election.timeout = 120s (custom)
2019-07-16 15:51:01,417 INFO  ratis.ContainerStateMachine (ContainerStateMachine.java:loadSnapshot(200)) - group-9B332D9C090E: The snapshot info is null. Setting the last applied indexto:(t:0, i:~)
2019-07-16 15:51:01,418 INFO  server.RaftServerConfigKeys (ConfUtils.java:logGet(43)) - raft.server.log.use.memory = false (default)
2019-07-16 15:51:01,418 INFO  server.RaftServerConfigKeys (ConfUtils.java:logGet(43)) - raft.server.log.use.memory = false (default)
2019-07-16 15:51:01,418 INFO  server.RaftServerConfigKeys (ConfUtils.java:logGet(43)) - raft.server.log.purge.gap = 1000000000 (custom)
2019-07-16 15:51:01,418 INFO  server.RaftServerConfigKeys (ConfUtils.java:logGet(43)) - raft.server.leader.election.timeout = 120s (custom)
2019-07-16 15:51:01,418 INFO  server.RaftServerConfigKeys (ConfUtils.java:logGet(43)) - raft.server.log.appender.buffer.byte-limit = 33554432 (custom)
2019-07-16 15:51:01,418 INFO  server.RaftServerConfigKeys (ConfUtils.java:logGet(43)) - raft.server.log.purge.gap = 1000000000 (custom)
2019-07-16 15:51:01,419 INFO  server.RaftServerConfigKeys (ConfUtils.java:logGet(43)) - raft.server.log.segment.size.max = 1048576 (custom)
2019-07-16 15:51:01,418 INFO  server.RaftServerConfigKeys (ConfUtils.java:logGet(43)) - raft.server.log.use.memory = false (default)
2019-07-16 15:51:01,419 INFO  server.RaftServerConfigKeys (ConfUtils.java:logGet(43)) - raft.server.log.segment.cache.num.max = 2 (custom)
2019-07-16 15:51:01,419 INFO  server.RaftServerConfigKeys (ConfUtils.java:logGet(43)) - raft.server.log.appender.buffer.byte-limit = 33554432 (custom)
2019-07-16 15:51:01,419 INFO  segmented.SegmentedRaftLogWorker (SegmentedRaftLogWorker.java:<init>(172)) - new 2d5b013d-690e-4d2a-9177-36fcb81c6f75-SegmentedRaftLogWorker:Storage Directory /workdir/hadoop-ozone/integration-test/target/test-dir/MiniOzoneClusterImpl-cad0d14a-2169-45b1-bb31-fa0627aa7bd1/datanode-2/data/ratis/2f1dbaaa-9ac9-4ffc-9213-9b332d9c090e for RaftStorage:Storage Directory /workdir/hadoop-ozone/integration-test/target/test-dir/MiniOzoneClusterImpl-cad0d14a-2169-45b1-bb31-fa0627aa7bd1/datanode-2/data/ratis/2f1dbaaa-9ac9-4ffc-9213-9b332d9c090e
2019-07-16 15:51:01,419 INFO  server.RaftServerConfigKeys (ConfUtils.java:logGet(43)) - raft.server.log.purge.gap = 1000000000 (custom)
2019-07-16 15:51:01,419 INFO  server.RaftServerConfigKeys (ConfUtils.java:logGet(43)) - raft.server.log.queue.byte-limit = 2147483647 (custom)
2019-07-16 15:51:01,419 INFO  server.RaftServerConfigKeys (ConfUtils.java:logGet(43)) - raft.server.log.segment.size.max = 1048576 (custom)
2019-07-16 15:51:01,421 INFO  server.RaftServerConfigKeys (ConfUtils.java:logGet(43)) - raft.server.log.queue.element-limit = 1024 (custom)
2019-07-16 15:51:01,419 INFO  server.RaftServerConfigKeys (ConfUtils.java:logGet(43)) - raft.server.log.appender.buffer.byte-limit = 33554432 (custom)
2019-07-16 15:51:01,422 INFO  server.RaftServerConfigKeys (ConfUtils.java:logGet(43)) - raft.server.log.segment.size.max = 1048576 (custom)
2019-07-16 15:51:01,422 INFO  server.RaftServerConfigKeys (ConfUtils.java:logGet(43)) - raft.server.log.segment.cache.num.max = 2 (custom)
2019-07-16 15:51:01,422 INFO  server.RaftServerConfigKeys (ConfUtils.java:logGet(43)) - raft.server.log.preallocated.size = 16384 (custom)
2019-07-16 15:51:01,422 INFO  server.RaftServerConfigKeys (ConfUtils.java:logGet(43)) - raft.server.log.segment.size.max = 1048576 (custom)
2019-07-16 15:51:01,422 INFO  server.RaftServerConfigKeys (ConfUtils.java:logGet(43)) - raft.server.log.write.buffer.size = 33554432 (custom)
2019-07-16 15:51:01,422 INFO  server.RaftServerConfigKeys (ConfUtils.java:logGet(43)) - raft.server.log.segment.cache.num.max = 2 (custom)
2019-07-16 15:51:01,422 INFO  segmented.SegmentedRaftLogWorker (SegmentedRaftLogWorker.java:<init>(172)) - new 902dfb6e-23ce-4c87-b52c-828d2887da1d-SegmentedRaftLogWorker:Storage Directory /workdir/hadoop-ozone/integration-test/target/test-dir/MiniOzoneClusterImpl-cad0d14a-2169-45b1-bb31-fa0627aa7bd1/datanode-4/data/ratis/2f1dbaaa-9ac9-4ffc-9213-9b332d9c090e for RaftStorage:Storage Directory /workdir/hadoop-ozone/integration-test/target/test-dir/MiniOzoneClusterImpl-cad0d14a-2169-45b1-bb31-fa0627aa7bd1/datanode-4/data/ratis/2f1dbaaa-9ac9-4ffc-9213-9b332d9c090e
2019-07-16 15:51:01,423 INFO  segmented.SegmentedRaftLogWorker (SegmentedRaftLogWorker.java:<init>(172)) - new 2657f31e-97ec-43d8-9d13-0eb83e3dae78-SegmentedRaftLogWorker:Storage Directory /workdir/hadoop-ozone/integration-test/target/test-dir/MiniOzoneClusterImpl-cad0d14a-2169-45b1-bb31-fa0627aa7bd1/datanode-1/data/ratis/2f1dbaaa-9ac9-4ffc-9213-9b332d9c090e for RaftStorage:Storage Directory /workdir/hadoop-ozone/integration-test/target/test-dir/MiniOzoneClusterImpl-cad0d14a-2169-45b1-bb31-fa0627aa7bd1/datanode-1/data/ratis/2f1dbaaa-9ac9-4ffc-9213-9b332d9c090e
2019-07-16 15:51:01,423 INFO  server.RaftServerConfigKeys (ConfUtils.java:logGet(43)) - raft.server.log.force.sync.num = 128 (default)
2019-07-16 15:51:01,424 INFO  server.RaftServerConfigKeys (ConfUtils.java:logGet(43)) - raft.server.log.queue.byte-limit = 2147483647 (custom)
2019-07-16 15:51:01,423 INFO  server.RaftServerConfigKeys (ConfUtils.java:logGet(43)) - raft.server.log.queue.byte-limit = 2147483647 (custom)
2019-07-16 15:51:01,425 INFO  server.RaftServerConfigKeys (ConfUtils.java:logGet(43)) - raft.server.log.queue.element-limit = 1024 (custom)
2019-07-16 15:51:01,424 INFO  server.RaftServerConfigKeys (ConfUtils.java:logGet(43)) - raft.server.log.statemachine.data.sync = true (default)
2019-07-16 15:51:01,425 INFO  server.RaftServerConfigKeys (ConfUtils.java:logGet(43)) - raft.server.log.segment.size.max = 1048576 (custom)
2019-07-16 15:51:01,425 INFO  server.RaftServerConfigKeys (ConfUtils.java:logGet(43)) - raft.server.log.queue.element-limit = 1024 (custom)
2019-07-16 15:51:01,426 INFO  server.RaftServerConfigKeys (ConfUtils.java:logGet(43)) - raft.server.log.preallocated.size = 16384 (custom)
2019-07-16 15:51:01,425 INFO  server.RaftServerConfigKeys (ConfUtils.java:logGet(43)) - raft.server.log.statemachine.data.sync.timeout = 10s (default)
2019-07-16 15:51:01,426 INFO  server.RaftServerConfigKeys (ConfUtils.java:logGet(43)) - raft.server.log.write.buffer.size = 33554432 (custom)
2019-07-16 15:51:01,426 INFO  server.RaftServerConfigKeys (ConfUtils.java:logGet(43)) - raft.server.log.segment.size.max = 1048576 (custom)
2019-07-16 15:51:01,426 INFO  server.RaftServerConfigKeys (ConfUtils.java:logGet(43)) - raft.server.log.force.sync.num = 128 (default)
2019-07-16 15:51:01,426 INFO  server.RaftServerConfigKeys (ConfUtils.java:logGet(43)) - raft.server.log.statemachine.data.sync.timeout.retry = -1 (default)
2019-07-16 15:51:01,426 INFO  server.RaftServerConfigKeys (ConfUtils.java:logGet(43)) - raft.server.log.statemachine.data.sync = true (default)
2019-07-16 15:51:01,426 INFO  server.RaftServerConfigKeys (ConfUtils.java:logGet(43)) - raft.server.log.preallocated.size = 16384 (custom)
2019-07-16 15:51:01,426 INFO  server.RaftServerConfigKeys (ConfUtils.java:logGet(43)) - raft.server.log.statemachine.data.sync.timeout = 10s (default)
2019-07-16 15:51:01,426 INFO  server.RaftServerConfigKeys (ConfUtils.java:logGet(43)) - raft.server.log.statemachine.data.caching.enabled = true (custom)
2019-07-16 15:51:01,426 INFO  server.RaftServerConfigKeys (ConfUtils.java:logGet(43)) - raft.server.log.statemachine.data.sync.timeout.retry = -1 (default)
2019-07-16 15:51:01,426 INFO  server.RaftServerConfigKeys (ConfUtils.java:logGet(43)) - raft.server.log.write.buffer.size = 33554432 (custom)
2019-07-16 15:51:01,427 INFO  server.RaftServerConfigKeys (ConfUtils.java:logGet(43)) - raft.server.log.statemachine.data.caching.enabled = true (custom)
2019-07-16 15:51:01,427 INFO  segmented.SegmentedRaftLogWorker (SegmentedRaftLogWorker.java:lambda$new$0(132)) - 2d5b013d-690e-4d2a-9177-36fcb81c6f75-SegmentedRaftLogWorker:Storage Directory /workdir/hadoop-ozone/integration-test/target/test-dir/MiniOzoneClusterImpl-cad0d14a-2169-45b1-bb31-fa0627aa7bd1/datanode-2/data/ratis/2f1dbaaa-9ac9-4ffc-9213-9b332d9c090e: flushIndex: setUnconditionally 0 -> -1
2019-07-16 15:51:01,427 INFO  server.RaftServerConfigKeys (ConfUtils.java:logGet(43)) - raft.server.log.force.sync.num = 128 (default)
2019-07-16 15:51:01,427 INFO  segmented.SegmentedRaftLogWorker (SegmentedRaftLogWorker.java:lambda$new$0(132)) - 2657f31e-97ec-43d8-9d13-0eb83e3dae78-SegmentedRaftLogWorker:Storage Directory /workdir/hadoop-ozone/integration-test/target/test-dir/MiniOzoneClusterImpl-cad0d14a-2169-45b1-bb31-fa0627aa7bd1/datanode-1/data/ratis/2f1dbaaa-9ac9-4ffc-9213-9b332d9c090e: flushIndex: setUnconditionally 0 -> -1
2019-07-16 15:51:01,427 INFO  server.RaftServerConfigKeys (ConfUtils.java:logGet(43)) - raft.server.snapshot.auto.trigger.enabled = true (custom)
2019-07-16 15:51:01,427 INFO  server.RaftServerConfigKeys (ConfUtils.java:logGet(43)) - raft.server.log.statemachine.data.sync = true (default)
2019-07-16 15:51:01,427 INFO  server.RaftServerConfigKeys (ConfUtils.java:logGet(43)) - raft.server.snapshot.auto.trigger.enabled = true (custom)
2019-07-16 15:51:01,427 INFO  server.RaftServerConfigKeys (ConfUtils.java:logGet(43)) - raft.server.snapshot.auto.trigger.threshold = 10000 (custom)
2019-07-16 15:51:01,427 INFO  server.RaftServerConfigKeys (ConfUtils.java:logGet(43)) - raft.server.snapshot.auto.trigger.threshold = 10000 (custom)
2019-07-16 15:51:01,427 INFO  server.RaftServerConfigKeys (ConfUtils.java:logGet(43)) - raft.server.log.statemachine.data.sync.timeout = 10s (default)
2019-07-16 15:51:01,428 INFO  server.RaftServerConfigKeys (ConfUtils.java:logGet(43)) - raft.server.retrycache.expirytime = 600000ms (custom)
2019-07-16 15:51:01,427 INFO  server.RaftServerConfigKeys (ConfUtils.java:logGet(43)) - raft.server.retrycache.expirytime = 600000ms (custom)
2019-07-16 15:51:01,428 INFO  server.RaftServerConfigKeys (ConfUtils.java:logGet(43)) - raft.server.log.statemachine.data.sync.timeout.retry = -1 (default)
2019-07-16 15:51:01,428 INFO  impl.RaftServerImpl (RaftServerImpl.java:start(180)) - 2d5b013d-690e-4d2a-9177-36fcb81c6f75: start group-9B332D9C090E
2019-07-16 15:51:01,428 INFO  impl.RaftServerImpl (RaftServerImpl.java:start(180)) - 2657f31e-97ec-43d8-9d13-0eb83e3dae78: start group-9B332D9C090E
2019-07-16 15:51:01,428 INFO  server.RaftServerConfigKeys (ConfUtils.java:logGet(43)) - raft.server.log.statemachine.data.caching.enabled = true (custom)
2019-07-16 15:51:01,428 INFO  impl.RaftServerImpl (RaftServerImpl.java:setRole(171)) - 2d5b013d-690e-4d2a-9177-36fcb81c6f75:group-9B332D9C090E changes role from null to FOLLOWER at term 0 for startAsFollower
2019-07-16 15:51:01,428 INFO  impl.RaftServerImpl (RaftServerImpl.java:setRole(171)) - 2657f31e-97ec-43d8-9d13-0eb83e3dae78:group-9B332D9C090E changes role from null to FOLLOWER at term 0 for startAsFollower
2019-07-16 15:51:01,428 INFO  impl.RoleInfo (RoleInfo.java:updateAndGet(143)) - 2d5b013d-690e-4d2a-9177-36fcb81c6f75: start FollowerState
2019-07-16 15:51:01,428 INFO  segmented.SegmentedRaftLogWorker (SegmentedRaftLogWorker.java:lambda$new$0(132)) - 902dfb6e-23ce-4c87-b52c-828d2887da1d-SegmentedRaftLogWorker:Storage Directory /workdir/hadoop-ozone/integration-test/target/test-dir/MiniOzoneClusterImpl-cad0d14a-2169-45b1-bb31-fa0627aa7bd1/datanode-4/data/ratis/2f1dbaaa-9ac9-4ffc-9213-9b332d9c090e: flushIndex: setUnconditionally 0 -> -1
2019-07-16 15:51:01,428 INFO  impl.RoleInfo (RoleInfo.java:updateAndGet(143)) - 2657f31e-97ec-43d8-9d13-0eb83e3dae78: start FollowerState
2019-07-16 15:51:01,429 INFO  util.JmxRegister (JmxRegister.java:tryRegister(44)) - Successfully registered JMX Bean with object name Ratis:service=RaftServer,group=group-9B332D9C090E,id=2d5b013d-690e-4d2a-9177-36fcb81c6f75
2019-07-16 15:51:01,429 INFO  server.RaftServerConfigKeys (ConfUtils.java:logGet(43)) - raft.server.snapshot.auto.trigger.enabled = true (custom)
2019-07-16 15:51:01,429 INFO  util.JmxRegister (JmxRegister.java:tryRegister(44)) - Successfully registered JMX Bean with object name Ratis:service=RaftServer,group=group-9B332D9C090E,id=2657f31e-97ec-43d8-9d13-0eb83e3dae78
2019-07-16 15:51:01,429 INFO  server.RaftServerConfigKeys (ConfUtils.java:logGet(43)) - raft.server.snapshot.auto.trigger.threshold = 10000 (custom)
2019-07-16 15:51:01,429 INFO  server.RaftServerConfigKeys (ConfUtils.java:logGet(43)) - raft.server.retrycache.expirytime = 600000ms (custom)
2019-07-16 15:51:01,430 INFO  impl.RaftServerImpl (RaftServerImpl.java:start(180)) - 902dfb6e-23ce-4c87-b52c-828d2887da1d: start group-9B332D9C090E
2019-07-16 15:51:01,430 INFO  impl.RaftServerImpl (RaftServerImpl.java:setRole(171)) - 902dfb6e-23ce-4c87-b52c-828d2887da1d:group-9B332D9C090E changes role from null to FOLLOWER at term 0 for startAsFollower
2019-07-16 15:51:01,430 INFO  impl.RoleInfo (RoleInfo.java:updateAndGet(143)) - 902dfb6e-23ce-4c87-b52c-828d2887da1d: start FollowerState
2019-07-16 15:51:01,430 INFO  util.JmxRegister (JmxRegister.java:tryRegister(44)) - Successfully registered JMX Bean with object name Ratis:service=RaftServer,group=group-9B332D9C090E,id=902dfb6e-23ce-4c87-b52c-828d2887da1d
2019-07-16 15:51:01,442 INFO  pipeline.PipelineStateManager (PipelineStateManager.java:addPipeline(56)) - Created pipeline Pipeline[ Id: 2f1dbaaa-9ac9-4ffc-9213-9b332d9c090e, Nodes: 2d5b013d-690e-4d2a-9177-36fcb81c6f75{ip: 192.168.69.88, host: trunk-nightly-kgw5x-1882989438, networkLocation: /default-rack, certSerialId: null}902dfb6e-23ce-4c87-b52c-828d2887da1d{ip: 192.168.69.88, host: trunk-nightly-kgw5x-1882989438, networkLocation: /default-rack, certSerialId: null}2657f31e-97ec-43d8-9d13-0eb83e3dae78{ip: 192.168.69.88, host: trunk-nightly-kgw5x-1882989438, networkLocation: /default-rack, certSerialId: null}, Type:RATIS, Factor:THREE, State:OPEN]
2019-07-16 15:51:01,465 INFO  impl.RaftServerProxy (RaftServerProxy.java:addNew(89)) - b88f92f0-4d3b-423f-8d16-fe9cabec51a4: addNew group-BF53B5111C57:[b88f92f0-4d3b-423f-8d16-fe9cabec51a4:192.168.69.88:33651, 0c3270f1-27c7-4abb-a4fd-fa2c93388fa0:192.168.69.88:33950, 63617987-8941-4eaf-a62a-6c46b0c5ddc8:192.168.69.88:44127] returns group-BF53B5111C57:java.util.concurrent.CompletableFuture@61b4ad02[Not completed]
2019-07-16 15:51:01,465 INFO  impl.RaftServerProxy (RaftServerProxy.java:addNew(89)) - 0c3270f1-27c7-4abb-a4fd-fa2c93388fa0: addNew group-BF53B5111C57:[b88f92f0-4d3b-423f-8d16-fe9cabec51a4:192.168.69.88:33651, 0c3270f1-27c7-4abb-a4fd-fa2c93388fa0:192.168.69.88:33950, 63617987-8941-4eaf-a62a-6c46b0c5ddc8:192.168.69.88:44127] returns group-BF53B5111C57:java.util.concurrent.CompletableFuture@6eaf36dc[Not completed]
2019-07-16 15:51:01,465 INFO  impl.RaftServerProxy (RaftServerProxy.java:addNew(89)) - 63617987-8941-4eaf-a62a-6c46b0c5ddc8: addNew group-BF53B5111C57:[b88f92f0-4d3b-423f-8d16-fe9cabec51a4:192.168.69.88:33651, 0c3270f1-27c7-4abb-a4fd-fa2c93388fa0:192.168.69.88:33950, 63617987-8941-4eaf-a62a-6c46b0c5ddc8:192.168.69.88:44127] returns group-BF53B5111C57:java.util.concurrent.CompletableFuture@13d56ade[Not completed]
2019-07-16 15:51:01,468 INFO  impl.RaftServerImpl (RaftServerImpl.java:<init>(93)) - 0c3270f1-27c7-4abb-a4fd-fa2c93388fa0: new RaftServerImpl for group-BF53B5111C57:[b88f92f0-4d3b-423f-8d16-fe9cabec51a4:192.168.69.88:33651, 0c3270f1-27c7-4abb-a4fd-fa2c93388fa0:192.168.69.88:33950, 63617987-8941-4eaf-a62a-6c46b0c5ddc8:192.168.69.88:44127] with ContainerStateMachine:uninitialized
2019-07-16 15:51:01,468 INFO  server.RaftServerConfigKeys (ConfUtils.java:logGet(43)) - raft.server.rpc.timeout.min = 5s (custom)
2019-07-16 15:51:01,468 INFO  server.RaftServerConfigKeys (ConfUtils.java:logGet(43)) - raft.server.rpc.timeout.max = 5200ms (custom)
2019-07-16 15:51:01,468 INFO  server.RaftServerConfigKeys (ConfUtils.java:logGet(43)) - raft.server.rpcslowness.timeout = 120s (custom)
2019-07-16 15:51:01,468 INFO  server.RaftServerConfigKeys (ConfUtils.java:logGet(43)) - raft.server.sleep.deviation.threshold = 300 (default)
2019-07-16 15:51:01,468 INFO  impl.RaftServerImpl (RaftServerImpl.java:<init>(93)) - 63617987-8941-4eaf-a62a-6c46b0c5ddc8: new RaftServerImpl for group-BF53B5111C57:[b88f92f0-4d3b-423f-8d16-fe9cabec51a4:192.168.69.88:33651, 0c3270f1-27c7-4abb-a4fd-fa2c93388fa0:192.168.69.88:33950, 63617987-8941-4eaf-a62a-6c46b0c5ddc8:192.168.69.88:44127] with ContainerStateMachine:uninitialized
2019-07-16 15:51:01,468 INFO  server.RaftServerConfigKeys (ConfUtils.java:logGet(43)) - raft.server.log.appender.install.snapshot.enabled = false (custom)
2019-07-16 15:51:01,468 INFO  server.RaftServerConfigKeys (ConfUtils.java:logGet(43)) - raft.server.rpc.timeout.min = 5s (custom)
2019-07-16 15:51:01,469 INFO  impl.RaftServerImpl (ServerState.java:<init>(105)) - 0c3270f1-27c7-4abb-a4fd-fa2c93388fa0:group-BF53B5111C57 ConfigurationManager, init=-1: [b88f92f0-4d3b-423f-8d16-fe9cabec51a4:192.168.69.88:33651, 0c3270f1-27c7-4abb-a4fd-fa2c93388fa0:192.168.69.88:33950, 63617987-8941-4eaf-a62a-6c46b0c5ddc8:192.168.69.88:44127], old=null, confs=<EMPTY_MAP>
2019-07-16 15:51:01,469 INFO  server.RaftServerConfigKeys (ConfUtils.java:logGet(43)) - raft.server.rpc.timeout.max = 5200ms (custom)
2019-07-16 15:51:01,469 INFO  server.RaftServerConfigKeys (ConfUtils.java:logGet(43)) - raft.server.storage.dir = [/workdir/hadoop-ozone/integration-test/target/test-dir/MiniOzoneClusterImpl-cad0d14a-2169-45b1-bb31-fa0627aa7bd1/datanode-3/data/ratis] (custom)
2019-07-16 15:51:01,469 INFO  server.RaftServerConfigKeys (ConfUtils.java:logGet(43)) - raft.server.rpcslowness.timeout = 120s (custom)
2019-07-16 15:51:01,469 INFO  impl.RaftServerImpl (RaftServerImpl.java:<init>(93)) - b88f92f0-4d3b-423f-8d16-fe9cabec51a4: new RaftServerImpl for group-BF53B5111C57:[b88f92f0-4d3b-423f-8d16-fe9cabec51a4:192.168.69.88:33651, 0c3270f1-27c7-4abb-a4fd-fa2c93388fa0:192.168.69.88:33950, 63617987-8941-4eaf-a62a-6c46b0c5ddc8:192.168.69.88:44127] with ContainerStateMachine:uninitialized
2019-07-16 15:51:01,469 INFO  server.RaftServerConfigKeys (ConfUtils.java:logGet(43)) - raft.server.sleep.deviation.threshold = 300 (default)
2019-07-16 15:51:01,469 INFO  server.RaftServerConfigKeys (ConfUtils.java:logGet(43)) - raft.server.rpc.timeout.min = 5s (custom)
2019-07-16 15:51:01,469 INFO  server.RaftServerConfigKeys (ConfUtils.java:logGet(43)) - raft.server.log.appender.install.snapshot.enabled = false (custom)
2019-07-16 15:51:01,469 INFO  storage.RaftStorageDirectory (RaftStorageDirectory.java:analyzeStorage(246)) - The storage directory /workdir/hadoop-ozone/integration-test/target/test-dir/MiniOzoneClusterImpl-cad0d14a-2169-45b1-bb31-fa0627aa7bd1/datanode-3/data/ratis/4e77f2b3-d214-424c-a310-bf53b5111c57 does not exist. Creating ...
2019-07-16 15:51:01,469 INFO  impl.RaftServerImpl (ServerState.java:<init>(105)) - 63617987-8941-4eaf-a62a-6c46b0c5ddc8:group-BF53B5111C57 ConfigurationManager, init=-1: [b88f92f0-4d3b-423f-8d16-fe9cabec51a4:192.168.69.88:33651, 0c3270f1-27c7-4abb-a4fd-fa2c93388fa0:192.168.69.88:33950, 63617987-8941-4eaf-a62a-6c46b0c5ddc8:192.168.69.88:44127], old=null, confs=<EMPTY_MAP>
2019-07-16 15:51:01,469 INFO  server.RaftServerConfigKeys (ConfUtils.java:logGet(43)) - raft.server.rpc.timeout.max = 5200ms (custom)
2019-07-16 15:51:01,469 INFO  server.RaftServerConfigKeys (ConfUtils.java:logGet(43)) - raft.server.storage.dir = [/workdir/hadoop-ozone/integration-test/target/test-dir/MiniOzoneClusterImpl-cad0d14a-2169-45b1-bb31-fa0627aa7bd1/datanode-5/data/ratis] (custom)
2019-07-16 15:51:01,469 INFO  server.RaftServerConfigKeys (ConfUtils.java:logGet(43)) - raft.server.rpcslowness.timeout = 120s (custom)
2019-07-16 15:51:01,469 INFO  server.RaftServerConfigKeys (ConfUtils.java:logGet(43)) - raft.server.sleep.deviation.threshold = 300 (default)
2019-07-16 15:51:01,470 INFO  storage.RaftStorageDirectory (RaftStorageDirectory.java:analyzeStorage(246)) - The storage directory /workdir/hadoop-ozone/integration-test/target/test-dir/MiniOzoneClusterImpl-cad0d14a-2169-45b1-bb31-fa0627aa7bd1/datanode-5/data/ratis/4e77f2b3-d214-424c-a310-bf53b5111c57 does not exist. Creating ...
2019-07-16 15:51:01,470 INFO  server.RaftServerConfigKeys (ConfUtils.java:logGet(43)) - raft.server.log.appender.install.snapshot.enabled = false (custom)
2019-07-16 15:51:01,470 INFO  impl.RaftServerImpl (ServerState.java:<init>(105)) - b88f92f0-4d3b-423f-8d16-fe9cabec51a4:group-BF53B5111C57 ConfigurationManager, init=-1: [b88f92f0-4d3b-423f-8d16-fe9cabec51a4:192.168.69.88:33651, 0c3270f1-27c7-4abb-a4fd-fa2c93388fa0:192.168.69.88:33950, 63617987-8941-4eaf-a62a-6c46b0c5ddc8:192.168.69.88:44127], old=null, confs=<EMPTY_MAP>
2019-07-16 15:51:01,470 INFO  server.RaftServerConfigKeys (ConfUtils.java:logGet(43)) - raft.server.storage.dir = [/workdir/hadoop-ozone/integration-test/target/test-dir/MiniOzoneClusterImpl-cad0d14a-2169-45b1-bb31-fa0627aa7bd1/datanode-6/data/ratis] (custom)
2019-07-16 15:51:01,470 INFO  storage.RaftStorageDirectory (RaftStorageDirectory.java:analyzeStorage(246)) - The storage directory /workdir/hadoop-ozone/integration-test/target/test-dir/MiniOzoneClusterImpl-cad0d14a-2169-45b1-bb31-fa0627aa7bd1/datanode-6/data/ratis/4e77f2b3-d214-424c-a310-bf53b5111c57 does not exist. Creating ...
2019-07-16 15:51:01,484 INFO  storage.RaftStorageDirectory (RaftStorageDirectory.java:tryLock(328)) - Lock on /workdir/hadoop-ozone/integration-test/target/test-dir/MiniOzoneClusterImpl-cad0d14a-2169-45b1-bb31-fa0627aa7bd1/datanode-6/data/ratis/4e77f2b3-d214-424c-a310-bf53b5111c57/in_use.lock acquired by nodename 13160@trunk-nightly-kgw5x-1882989438
2019-07-16 15:51:01,484 INFO  storage.RaftStorageDirectory (RaftStorageDirectory.java:tryLock(328)) - Lock on /workdir/hadoop-ozone/integration-test/target/test-dir/MiniOzoneClusterImpl-cad0d14a-2169-45b1-bb31-fa0627aa7bd1/datanode-3/data/ratis/4e77f2b3-d214-424c-a310-bf53b5111c57/in_use.lock acquired by nodename 13160@trunk-nightly-kgw5x-1882989438
2019-07-16 15:51:01,484 INFO  storage.RaftStorageDirectory (RaftStorageDirectory.java:tryLock(328)) - Lock on /workdir/hadoop-ozone/integration-test/target/test-dir/MiniOzoneClusterImpl-cad0d14a-2169-45b1-bb31-fa0627aa7bd1/datanode-5/data/ratis/4e77f2b3-d214-424c-a310-bf53b5111c57/in_use.lock acquired by nodename 13160@trunk-nightly-kgw5x-1882989438
2019-07-16 15:51:01,509 INFO  storage.RaftStorage (RaftStorage.java:format(72)) - Storage directory /workdir/hadoop-ozone/integration-test/target/test-dir/MiniOzoneClusterImpl-cad0d14a-2169-45b1-bb31-fa0627aa7bd1/datanode-5/data/ratis/4e77f2b3-d214-424c-a310-bf53b5111c57 has been successfully formatted.
2019-07-16 15:51:01,509 INFO  storage.RaftStorage (RaftStorage.java:format(72)) - Storage directory /workdir/hadoop-ozone/integration-test/target/test-dir/MiniOzoneClusterImpl-cad0d14a-2169-45b1-bb31-fa0627aa7bd1/datanode-6/data/ratis/4e77f2b3-d214-424c-a310-bf53b5111c57 has been successfully formatted.
2019-07-16 15:51:01,509 INFO  storage.RaftStorage (RaftStorage.java:format(72)) - Storage directory /workdir/hadoop-ozone/integration-test/target/test-dir/MiniOzoneClusterImpl-cad0d14a-2169-45b1-bb31-fa0627aa7bd1/datanode-3/data/ratis/4e77f2b3-d214-424c-a310-bf53b5111c57 has been successfully formatted.
2019-07-16 15:51:01,510 INFO  ratis.ContainerStateMachine (ContainerStateMachine.java:loadSnapshot(200)) - group-BF53B5111C57: The snapshot info is null. Setting the last applied indexto:(t:0, i:~)
2019-07-16 15:51:01,511 INFO  server.RaftServerConfigKeys (ConfUtils.java:logGet(43)) - raft.server.leader.election.timeout = 120s (custom)
2019-07-16 15:51:01,511 INFO  ratis.ContainerStateMachine (ContainerStateMachine.java:loadSnapshot(200)) - group-BF53B5111C57: The snapshot info is null. Setting the last applied indexto:(t:0, i:~)
2019-07-16 15:51:01,511 INFO  server.RaftServerConfigKeys (ConfUtils.java:logGet(43)) - raft.server.log.use.memory = false (default)
2019-07-16 15:51:01,511 INFO  server.RaftServerConfigKeys (ConfUtils.java:logGet(43)) - raft.server.leader.election.timeout = 120s (custom)
2019-07-16 15:51:01,511 INFO  ratis.ContainerStateMachine (ContainerStateMachine.java:loadSnapshot(200)) - group-BF53B5111C57: The snapshot info is null. Setting the last applied indexto:(t:0, i:~)
2019-07-16 15:51:01,511 INFO  server.RaftServerConfigKeys (ConfUtils.java:logGet(43)) - raft.server.log.use.memory = false (default)
2019-07-16 15:51:01,511 INFO  server.RaftServerConfigKeys (ConfUtils.java:logGet(43)) - raft.server.log.purge.gap = 1000000000 (custom)
2019-07-16 15:51:01,512 INFO  server.RaftServerConfigKeys (ConfUtils.java:logGet(43)) - raft.server.log.purge.gap = 1000000000 (custom)
2019-07-16 15:51:01,511 INFO  server.RaftServerConfigKeys (ConfUtils.java:logGet(43)) - raft.server.leader.election.timeout = 120s (custom)
2019-07-16 15:51:01,512 INFO  server.RaftServerConfigKeys (ConfUtils.java:logGet(43)) - raft.server.log.appender.buffer.byte-limit = 33554432 (custom)
2019-07-16 15:51:01,512 INFO  server.RaftServerConfigKeys (ConfUtils.java:logGet(43)) - raft.server.log.appender.buffer.byte-limit = 33554432 (custom)
2019-07-16 15:51:01,512 INFO  server.RaftServerConfigKeys (ConfUtils.java:logGet(43)) - raft.server.log.segment.size.max = 1048576 (custom)
2019-07-16 15:51:01,512 INFO  server.RaftServerConfigKeys (ConfUtils.java:logGet(43)) - raft.server.log.use.memory = false (default)
2019-07-16 15:51:01,512 INFO  server.RaftServerConfigKeys (ConfUtils.java:logGet(43)) - raft.server.log.segment.cache.num.max = 2 (custom)
2019-07-16 15:51:01,512 INFO  server.RaftServerConfigKeys (ConfUtils.java:logGet(43)) - raft.server.log.segment.size.max = 1048576 (custom)
2019-07-16 15:51:01,513 INFO  segmented.SegmentedRaftLogWorker (SegmentedRaftLogWorker.java:<init>(172)) - new 0c3270f1-27c7-4abb-a4fd-fa2c93388fa0-SegmentedRaftLogWorker:Storage Directory /workdir/hadoop-ozone/integration-test/target/test-dir/MiniOzoneClusterImpl-cad0d14a-2169-45b1-bb31-fa0627aa7bd1/datanode-3/data/ratis/4e77f2b3-d214-424c-a310-bf53b5111c57 for RaftStorage:Storage Directory /workdir/hadoop-ozone/integration-test/target/test-dir/MiniOzoneClusterImpl-cad0d14a-2169-45b1-bb31-fa0627aa7bd1/datanode-3/data/ratis/4e77f2b3-d214-424c-a310-bf53b5111c57
2019-07-16 15:51:01,513 INFO  server.RaftServerConfigKeys (ConfUtils.java:logGet(43)) - raft.server.log.purge.gap = 1000000000 (custom)
2019-07-16 15:51:01,513 INFO  server.RaftServerConfigKeys (ConfUtils.java:logGet(43)) - raft.server.log.queue.byte-limit = 2147483647 (custom)
2019-07-16 15:51:01,513 INFO  server.RaftServerConfigKeys (ConfUtils.java:logGet(43)) - raft.server.log.segment.cache.num.max = 2 (custom)
2019-07-16 15:51:01,516 INFO  server.RaftServerConfigKeys (ConfUtils.java:logGet(43)) - raft.server.log.queue.element-limit = 1024 (custom)
2019-07-16 15:51:01,513 INFO  server.RaftServerConfigKeys (ConfUtils.java:logGet(43)) - raft.server.log.appender.buffer.byte-limit = 33554432 (custom)
2019-07-16 15:51:01,516 INFO  server.RaftServerConfigKeys (ConfUtils.java:logGet(43)) - raft.server.log.segment.size.max = 1048576 (custom)
2019-07-16 15:51:01,516 INFO  segmented.SegmentedRaftLogWorker (SegmentedRaftLogWorker.java:<init>(172)) - new 63617987-8941-4eaf-a62a-6c46b0c5ddc8-SegmentedRaftLogWorker:Storage Directory /workdir/hadoop-ozone/integration-test/target/test-dir/MiniOzoneClusterImpl-cad0d14a-2169-45b1-bb31-fa0627aa7bd1/datanode-5/data/ratis/4e77f2b3-d214-424c-a310-bf53b5111c57 for RaftStorage:Storage Directory /workdir/hadoop-ozone/integration-test/target/test-dir/MiniOzoneClusterImpl-cad0d14a-2169-45b1-bb31-fa0627aa7bd1/datanode-5/data/ratis/4e77f2b3-d214-424c-a310-bf53b5111c57
2019-07-16 15:51:01,516 INFO  server.RaftServerConfigKeys (ConfUtils.java:logGet(43)) - raft.server.log.preallocated.size = 16384 (custom)
2019-07-16 15:51:01,516 INFO  server.RaftServerConfigKeys (ConfUtils.java:logGet(43)) - raft.server.log.segment.size.max = 1048576 (custom)
2019-07-16 15:51:01,517 INFO  server.RaftServerConfigKeys (ConfUtils.java:logGet(43)) - raft.server.log.write.buffer.size = 33554432 (custom)
2019-07-16 15:51:01,517 INFO  server.RaftServerConfigKeys (ConfUtils.java:logGet(43)) - raft.server.log.queue.byte-limit = 2147483647 (custom)
2019-07-16 15:51:01,519 INFO  server.RaftServerConfigKeys (ConfUtils.java:logGet(43)) - raft.server.log.force.sync.num = 128 (default)
2019-07-16 15:51:01,519 INFO  server.RaftServerConfigKeys (ConfUtils.java:logGet(43)) - raft.server.log.segment.cache.num.max = 2 (custom)
2019-07-16 15:51:01,519 INFO  server.RaftServerConfigKeys (ConfUtils.java:logGet(43)) - raft.server.log.statemachine.data.sync = true (default)
2019-07-16 15:51:01,519 INFO  server.RaftServerConfigKeys (ConfUtils.java:logGet(43)) - raft.server.log.queue.element-limit = 1024 (custom)
2019-07-16 15:51:01,520 INFO  server.RaftServerConfigKeys (ConfUtils.java:logGet(43)) - raft.server.log.statemachine.data.sync.timeout = 10s (default)
2019-07-16 15:51:01,519 INFO  segmented.SegmentedRaftLogWorker (SegmentedRaftLogWorker.java:<init>(172)) - new b88f92f0-4d3b-423f-8d16-fe9cabec51a4-SegmentedRaftLogWorker:Storage Directory /workdir/hadoop-ozone/integration-test/target/test-dir/MiniOzoneClusterImpl-cad0d14a-2169-45b1-bb31-fa0627aa7bd1/datanode-6/data/ratis/4e77f2b3-d214-424c-a310-bf53b5111c57 for RaftStorage:Storage Directory /workdir/hadoop-ozone/integration-test/target/test-dir/MiniOzoneClusterImpl-cad0d14a-2169-45b1-bb31-fa0627aa7bd1/datanode-6/data/ratis/4e77f2b3-d214-424c-a310-bf53b5111c57
2019-07-16 15:51:01,520 INFO  server.RaftServerConfigKeys (ConfUtils.java:logGet(43)) - raft.server.log.statemachine.data.sync.timeout.retry = -1 (default)
2019-07-16 15:51:01,520 INFO  server.RaftServerConfigKeys (ConfUtils.java:logGet(43)) - raft.server.log.segment.size.max = 1048576 (custom)
2019-07-16 15:51:01,521 INFO  server.RaftServerConfigKeys (ConfUtils.java:logGet(43)) - raft.server.log.statemachine.data.caching.enabled = true (custom)
2019-07-16 15:51:01,520 INFO  server.RaftServerConfigKeys (ConfUtils.java:logGet(43)) - raft.server.log.queue.byte-limit = 2147483647 (custom)
2019-07-16 15:51:01,521 INFO  server.RaftServerConfigKeys (ConfUtils.java:logGet(43)) - raft.server.log.preallocated.size = 16384 (custom)
2019-07-16 15:51:01,521 INFO  server.RaftServerConfigKeys (ConfUtils.java:logGet(43)) - raft.server.log.queue.element-limit = 1024 (custom)
2019-07-16 15:51:01,522 INFO  segmented.SegmentedRaftLogWorker (SegmentedRaftLogWorker.java:lambda$new$0(132)) - 0c3270f1-27c7-4abb-a4fd-fa2c93388fa0-SegmentedRaftLogWorker:Storage Directory /workdir/hadoop-ozone/integration-test/target/test-dir/MiniOzoneClusterImpl-cad0d14a-2169-45b1-bb31-fa0627aa7bd1/datanode-3/data/ratis/4e77f2b3-d214-424c-a310-bf53b5111c57: flushIndex: setUnconditionally 0 -> -1
2019-07-16 15:51:01,522 INFO  server.RaftServerConfigKeys (ConfUtils.java:logGet(43)) - raft.server.log.write.buffer.size = 33554432 (custom)
2019-07-16 15:51:01,522 INFO  server.RaftServerConfigKeys (ConfUtils.java:logGet(43)) - raft.server.log.segment.size.max = 1048576 (custom)
2019-07-16 15:51:01,522 INFO  server.RaftServerConfigKeys (ConfUtils.java:logGet(43)) - raft.server.snapshot.auto.trigger.enabled = true (custom)
2019-07-16 15:51:01,522 INFO  server.RaftServerConfigKeys (ConfUtils.java:logGet(43)) - raft.server.log.force.sync.num = 128 (default)
2019-07-16 15:51:01,522 INFO  server.RaftServerConfigKeys (ConfUtils.java:logGet(43)) - raft.server.snapshot.auto.trigger.threshold = 10000 (custom)
2019-07-16 15:51:01,522 INFO  server.RaftServerConfigKeys (ConfUtils.java:logGet(43)) - raft.server.log.preallocated.size = 16384 (custom)
2019-07-16 15:51:01,522 INFO  server.RaftServerConfigKeys (ConfUtils.java:logGet(43)) - raft.server.retrycache.expirytime = 600000ms (custom)
2019-07-16 15:51:01,522 INFO  server.RaftServerConfigKeys (ConfUtils.java:logGet(43)) - raft.server.log.statemachine.data.sync = true (default)
2019-07-16 15:51:01,522 INFO  server.RaftServerConfigKeys (ConfUtils.java:logGet(43)) - raft.server.log.write.buffer.size = 33554432 (custom)
2019-07-16 15:51:01,523 INFO  impl.RaftServerImpl (RaftServerImpl.java:start(180)) - 0c3270f1-27c7-4abb-a4fd-fa2c93388fa0: start group-BF53B5111C57
2019-07-16 15:51:01,523 INFO  server.RaftServerConfigKeys (ConfUtils.java:logGet(43)) - raft.server.log.statemachine.data.sync.timeout = 10s (default)
2019-07-16 15:51:01,523 INFO  impl.RaftServerImpl (RaftServerImpl.java:setRole(171)) - 0c3270f1-27c7-4abb-a4fd-fa2c93388fa0:group-BF53B5111C57 changes role from null to FOLLOWER at term 0 for startAsFollower
2019-07-16 15:51:01,523 INFO  server.RaftServerConfigKeys (ConfUtils.java:logGet(43)) - raft.server.log.force.sync.num = 128 (default)
2019-07-16 15:51:01,523 INFO  impl.RoleInfo (RoleInfo.java:updateAndGet(143)) - 0c3270f1-27c7-4abb-a4fd-fa2c93388fa0: start FollowerState
2019-07-16 15:51:01,523 INFO  server.RaftServerConfigKeys (ConfUtils.java:logGet(43)) - raft.server.log.statemachine.data.sync.timeout.retry = -1 (default)
2019-07-16 15:51:01,523 INFO  server.RaftServerConfigKeys (ConfUtils.java:logGet(43)) - raft.server.log.statemachine.data.sync = true (default)
2019-07-16 15:51:01,524 INFO  server.RaftServerConfigKeys (ConfUtils.java:logGet(43)) - raft.server.log.statemachine.data.caching.enabled = true (custom)
2019-07-16 15:51:01,524 INFO  util.JmxRegister (JmxRegister.java:tryRegister(44)) - Successfully registered JMX Bean with object name Ratis:service=RaftServer,group=group-BF53B5111C57,id=0c3270f1-27c7-4abb-a4fd-fa2c93388fa0
2019-07-16 15:51:01,524 INFO  server.RaftServerConfigKeys (ConfUtils.java:logGet(43)) - raft.server.log.statemachine.data.sync.timeout = 10s (default)
2019-07-16 15:51:01,524 INFO  server.RaftServerConfigKeys (ConfUtils.java:logGet(43)) - raft.server.log.statemachine.data.sync.timeout.retry = -1 (default)
2019-07-16 15:51:01,524 INFO  segmented.SegmentedRaftLogWorker (SegmentedRaftLogWorker.java:lambda$new$0(132)) - 63617987-8941-4eaf-a62a-6c46b0c5ddc8-SegmentedRaftLogWorker:Storage Directory /workdir/hadoop-ozone/integration-test/target/test-dir/MiniOzoneClusterImpl-cad0d14a-2169-45b1-bb31-fa0627aa7bd1/datanode-5/data/ratis/4e77f2b3-d214-424c-a310-bf53b5111c57: flushIndex: setUnconditionally 0 -> -1
2019-07-16 15:51:01,524 INFO  server.RaftServerConfigKeys (ConfUtils.java:logGet(43)) - raft.server.log.statemachine.data.caching.enabled = true (custom)
2019-07-16 15:51:01,524 INFO  server.RaftServerConfigKeys (ConfUtils.java:logGet(43)) - raft.server.snapshot.auto.trigger.enabled = true (custom)
2019-07-16 15:51:01,524 INFO  segmented.SegmentedRaftLogWorker (SegmentedRaftLogWorker.java:lambda$new$0(132)) - b88f92f0-4d3b-423f-8d16-fe9cabec51a4-SegmentedRaftLogWorker:Storage Directory /workdir/hadoop-ozone/integration-test/target/test-dir/MiniOzoneClusterImpl-cad0d14a-2169-45b1-bb31-fa0627aa7bd1/datanode-6/data/ratis/4e77f2b3-d214-424c-a310-bf53b5111c57: flushIndex: setUnconditionally 0 -> -1
2019-07-16 15:51:01,525 INFO  server.RaftServerConfigKeys (ConfUtils.java:logGet(43)) - raft.server.snapshot.auto.trigger.threshold = 10000 (custom)
2019-07-16 15:51:01,525 INFO  server.RaftServerConfigKeys (ConfUtils.java:logGet(43)) - raft.server.snapshot.auto.trigger.enabled = true (custom)
2019-07-16 15:51:01,525 INFO  server.RaftServerConfigKeys (ConfUtils.java:logGet(43)) - raft.server.retrycache.expirytime = 600000ms (custom)
2019-07-16 15:51:01,525 INFO  server.RaftServerConfigKeys (ConfUtils.java:logGet(43)) - raft.server.snapshot.auto.trigger.threshold = 10000 (custom)
2019-07-16 15:51:01,525 INFO  impl.RaftServerImpl (RaftServerImpl.java:start(180)) - 63617987-8941-4eaf-a62a-6c46b0c5ddc8: start group-BF53B5111C57
2019-07-16 15:51:01,525 INFO  server.RaftServerConfigKeys (ConfUtils.java:logGet(43)) - raft.server.retrycache.expirytime = 600000ms (custom)
2019-07-16 15:51:01,525 INFO  impl.RaftServerImpl (RaftServerImpl.java:setRole(171)) - 63617987-8941-4eaf-a62a-6c46b0c5ddc8:group-BF53B5111C57 changes role from null to FOLLOWER at term 0 for startAsFollower
2019-07-16 15:51:01,525 INFO  impl.RaftServerImpl (RaftServerImpl.java:start(180)) - b88f92f0-4d3b-423f-8d16-fe9cabec51a4: start group-BF53B5111C57
2019-07-16 15:51:01,525 INFO  impl.RoleInfo (RoleInfo.java:updateAndGet(143)) - 63617987-8941-4eaf-a62a-6c46b0c5ddc8: start FollowerState
2019-07-16 15:51:01,525 INFO  impl.RaftServerImpl (RaftServerImpl.java:setRole(171)) - b88f92f0-4d3b-423f-8d16-fe9cabec51a4:group-BF53B5111C57 changes role from null to FOLLOWER at term 0 for startAsFollower
2019-07-16 15:51:01,526 INFO  impl.RoleInfo (RoleInfo.java:updateAndGet(143)) - b88f92f0-4d3b-423f-8d16-fe9cabec51a4: start FollowerState
2019-07-16 15:51:01,528 INFO  util.JmxRegister (JmxRegister.java:tryRegister(44)) - Successfully registered JMX Bean with object name Ratis:service=RaftServer,group=group-BF53B5111C57,id=63617987-8941-4eaf-a62a-6c46b0c5ddc8
2019-07-16 15:51:01,528 INFO  util.JmxRegister (JmxRegister.java:tryRegister(44)) - Successfully registered JMX Bean with object name Ratis:service=RaftServer,group=group-BF53B5111C57,id=b88f92f0-4d3b-423f-8d16-fe9cabec51a4
2019-07-16 15:51:01,542 INFO  pipeline.PipelineStateManager (PipelineStateManager.java:addPipeline(56)) - Created pipeline Pipeline[ Id: 4e77f2b3-d214-424c-a310-bf53b5111c57, Nodes: 0c3270f1-27c7-4abb-a4fd-fa2c93388fa0{ip: 192.168.69.88, host: trunk-nightly-kgw5x-1882989438, networkLocation: /default-rack, certSerialId: null}63617987-8941-4eaf-a62a-6c46b0c5ddc8{ip: 192.168.69.88, host: trunk-nightly-kgw5x-1882989438, networkLocation: /default-rack, certSerialId: null}b88f92f0-4d3b-423f-8d16-fe9cabec51a4{ip: 192.168.69.88, host: trunk-nightly-kgw5x-1882989438, networkLocation: /default-rack, certSerialId: null}, Type:RATIS, Factor:THREE, State:OPEN]
2019-07-16 15:51:02,264 INFO  ozone.MiniOzoneClusterImpl (MiniOzoneClusterImpl.java:lambda$waitForClusterToBeReady$0(142)) - Cluster is ready. Got 7 of 7 DN Heartbeats.
2019-07-16 15:51:02,520 INFO  rpc.RpcClient (RpcClient.java:createVolume(287)) - Creating Volume: watchforcommithandlingtest, with jenkins1000 as owner.
2019-07-16 15:51:02,562 INFO  rpc.RpcClient (RpcClient.java:createBucket(424)) - Creating Bucket: watchforcommithandlingtest/watchforcommithandlingtest, with Versioning false and Storage Type set to DISK and Encryption set to false 
2019-07-16 15:51:02,580 INFO  ozone.MiniOzoneClusterImpl (MiniOzoneClusterImpl.java:getStorageContainerLocationClient(241)) - Creating StorageContainerLocationProtocol RPC client with address /0.0.0.0:41051
2019-07-16 15:51:02,768 INFO  client.GrpcClientProtocolClient (GrpcClientProtocolClient.java:onNext(255)) - client-D1D6F3D2B384->0c3270f1-27c7-4abb-a4fd-fa2c93388fa0: receive RaftClientReply:client-D1D6F3D2B384->0c3270f1-27c7-4abb-a4fd-fa2c93388fa0@group-BF53B5111C57, cid=13, FAILED org.apache.ratis.protocol.NotLeaderException: Server 0c3270f1-27c7-4abb-a4fd-fa2c93388fa0 is not the leader (null). Request must be sent to leader., logIndex=0, commits[0c3270f1-27c7-4abb-a4fd-fa2c93388fa0:c-1]
2019-07-16 15:51:02,931 INFO  container.ReplicationManager (ReplicationManager.java:start(155)) - Starting Replication Monitor Thread.
2019-07-16 15:51:02,935 INFO  container.ReplicationManager (ReplicationManager.java:run(207)) - Replication Monitor Thread took 4 milliseconds for processing 1 containers.
2019-07-16 15:51:03,825 INFO  client.GrpcClientProtocolClient (GrpcClientProtocolClient.java:onNext(255)) - client-D1D6F3D2B384->63617987-8941-4eaf-a62a-6c46b0c5ddc8: receive RaftClientReply:client-D1D6F3D2B384->63617987-8941-4eaf-a62a-6c46b0c5ddc8@group-BF53B5111C57, cid=13, FAILED org.apache.ratis.protocol.NotLeaderException: Server 63617987-8941-4eaf-a62a-6c46b0c5ddc8 is not the leader (null). Request must be sent to leader., logIndex=0, commits[63617987-8941-4eaf-a62a-6c46b0c5ddc8:c-1]
2019-07-16 15:51:04,854 INFO  client.GrpcClientProtocolClient (GrpcClientProtocolClient.java:onNext(255)) - client-D1D6F3D2B384->0c3270f1-27c7-4abb-a4fd-fa2c93388fa0: receive RaftClientReply:client-D1D6F3D2B384->0c3270f1-27c7-4abb-a4fd-fa2c93388fa0@group-BF53B5111C57, cid=13, FAILED org.apache.ratis.protocol.NotLeaderException: Server 0c3270f1-27c7-4abb-a4fd-fa2c93388fa0 is not the leader (null). Request must be sent to leader., logIndex=0, commits[0c3270f1-27c7-4abb-a4fd-fa2c93388fa0:c-1]
2019-07-16 15:51:05,876 INFO  client.GrpcClientProtocolClient (GrpcClientProtocolClient.java:onNext(255)) - client-D1D6F3D2B384->63617987-8941-4eaf-a62a-6c46b0c5ddc8: receive RaftClientReply:client-D1D6F3D2B384->63617987-8941-4eaf-a62a-6c46b0c5ddc8@group-BF53B5111C57, cid=13, FAILED org.apache.ratis.protocol.NotLeaderException: Server 63617987-8941-4eaf-a62a-6c46b0c5ddc8 is not the leader (null). Request must be sent to leader., logIndex=0, commits[63617987-8941-4eaf-a62a-6c46b0c5ddc8:c-1]
2019-07-16 15:51:05,980 INFO  impl.FollowerState (FollowerState.java:run(106)) - 2ebfb150-ad1b-4e9c-8a7b-53e05ecf4557:group-54A435939C41 changes to CANDIDATE, lastRpcTime:5138, electionTimeout:5138ms
2019-07-16 15:51:05,980 INFO  impl.RoleInfo (RoleInfo.java:shutdownFollowerState(121)) - 2ebfb150-ad1b-4e9c-8a7b-53e05ecf4557: shutdown FollowerState
2019-07-16 15:51:05,980 INFO  impl.RaftServerImpl (RaftServerImpl.java:setRole(171)) - 2ebfb150-ad1b-4e9c-8a7b-53e05ecf4557:group-54A435939C41 changes role from FOLLOWER to CANDIDATE at term 0 for changeToCandidate
2019-07-16 15:51:05,987 INFO  impl.RoleInfo (RoleInfo.java:updateAndGet(143)) - 2ebfb150-ad1b-4e9c-8a7b-53e05ecf4557: start LeaderElection
2019-07-16 15:51:06,009 INFO  impl.LeaderElection (LeaderElection.java:askForVotes(181)) - 2ebfb150-ad1b-4e9c-8a7b-53e05ecf4557:group-54A435939C41:LeaderElection1: begin an election at term 1 for -1: [2ebfb150-ad1b-4e9c-8a7b-53e05ecf4557:192.168.69.88:41058], old=null
2019-07-16 15:51:06,011 INFO  impl.RoleInfo (RoleInfo.java:shutdownLeaderElection(134)) - 2ebfb150-ad1b-4e9c-8a7b-53e05ecf4557: shutdown LeaderElection
2019-07-16 15:51:06,012 INFO  impl.RaftServerImpl (RaftServerImpl.java:setRole(171)) - 2ebfb150-ad1b-4e9c-8a7b-53e05ecf4557:group-54A435939C41 changes role from CANDIDATE to LEADER at term 1 for changeToLeader
2019-07-16 15:51:06,012 INFO  impl.RaftServerImpl (ServerState.java:setLeader(263)) - 2ebfb150-ad1b-4e9c-8a7b-53e05ecf4557:group-54A435939C41 change Leader from null to 2ebfb150-ad1b-4e9c-8a7b-53e05ecf4557 at term 1 for becomeLeader, leader elected after 5243ms
2019-07-16 15:51:06,021 INFO  server.RaftServerConfigKeys (ConfUtils.java:logGet(43)) - raft.server.staging.catchup.gap = 1000 (default)
2019-07-16 15:51:06,021 INFO  server.RaftServerConfigKeys (ConfUtils.java:logGet(43)) - raft.server.rpc.sleep.time = 25ms (default)
2019-07-16 15:51:06,021 INFO  impl.FollowerState (FollowerState.java:run(106)) - 2d5b013d-690e-4d2a-9177-36fcb81c6f75:group-02235C850B36 changes to CANDIDATE, lastRpcTime:5040, electionTimeout:5039ms
2019-07-16 15:51:06,024 INFO  impl.RoleInfo (RoleInfo.java:shutdownFollowerState(121)) - 2d5b013d-690e-4d2a-9177-36fcb81c6f75: shutdown FollowerState
2019-07-16 15:51:06,024 INFO  impl.RaftServerImpl (RaftServerImpl.java:setRole(171)) - 2d5b013d-690e-4d2a-9177-36fcb81c6f75:group-02235C850B36 changes role from FOLLOWER to CANDIDATE at term 0 for changeToCandidate
2019-07-16 15:51:06,024 INFO  impl.RoleInfo (RoleInfo.java:updateAndGet(143)) - 2d5b013d-690e-4d2a-9177-36fcb81c6f75: start LeaderElection
2019-07-16 15:51:06,033 INFO  server.RaftServerConfigKeys (ConfUtils.java:logGet(43)) - raft.server.write.element-limit = 4096 (default)
2019-07-16 15:51:06,037 INFO  server.RaftServerConfigKeys (ConfUtils.java:logGet(43)) - raft.server.watch.timeout = 10s (default)
2019-07-16 15:51:06,037 INFO  server.RaftServerConfigKeys (ConfUtils.java:logGet(43)) - raft.server.watch.timeout.denomination = 1s (default)
2019-07-16 15:51:06,038 INFO  server.RaftServerConfigKeys (ConfUtils.java:logGet(43)) - raft.server.watch.element-limit = 65536 (default)
2019-07-16 15:51:06,041 INFO  impl.LeaderElection (LeaderElection.java:askForVotes(181)) - 2d5b013d-690e-4d2a-9177-36fcb81c6f75:group-02235C850B36:LeaderElection2: begin an election at term 1 for -1: [2d5b013d-690e-4d2a-9177-36fcb81c6f75:192.168.69.88:40199], old=null
2019-07-16 15:51:06,043 INFO  impl.RoleInfo (RoleInfo.java:shutdownLeaderElection(134)) - 2d5b013d-690e-4d2a-9177-36fcb81c6f75: shutdown LeaderElection
2019-07-16 15:51:06,043 INFO  impl.RaftServerImpl (RaftServerImpl.java:setRole(171)) - 2d5b013d-690e-4d2a-9177-36fcb81c6f75:group-02235C850B36 changes role from CANDIDATE to LEADER at term 1 for changeToLeader
2019-07-16 15:51:06,043 INFO  impl.RaftServerImpl (ServerState.java:setLeader(263)) - 2d5b013d-690e-4d2a-9177-36fcb81c6f75:group-02235C850B36 change Leader from null to 2d5b013d-690e-4d2a-9177-36fcb81c6f75 at term 1 for becomeLeader, leader elected after 5067ms
2019-07-16 15:51:06,045 INFO  server.RaftServerConfigKeys (ConfUtils.java:logGet(43)) - raft.server.staging.catchup.gap = 1000 (default)
2019-07-16 15:51:06,045 INFO  server.RaftServerConfigKeys (ConfUtils.java:logGet(43)) - raft.server.rpc.sleep.time = 25ms (default)
2019-07-16 15:51:06,046 INFO  server.RaftServerConfigKeys (ConfUtils.java:logGet(43)) - raft.server.write.element-limit = 4096 (default)
2019-07-16 15:51:06,046 INFO  server.RaftServerConfigKeys (ConfUtils.java:logGet(43)) - raft.server.watch.timeout = 10s (default)
2019-07-16 15:51:06,046 INFO  server.RaftServerConfigKeys (ConfUtils.java:logGet(43)) - raft.server.watch.timeout.denomination = 1s (default)
2019-07-16 15:51:06,046 INFO  server.RaftServerConfigKeys (ConfUtils.java:logGet(43)) - raft.server.watch.element-limit = 65536 (default)
2019-07-16 15:51:06,057 INFO  impl.RoleInfo (RoleInfo.java:updateAndGet(143)) - 2ebfb150-ad1b-4e9c-8a7b-53e05ecf4557: start LeaderState
2019-07-16 15:51:06,057 INFO  impl.RoleInfo (RoleInfo.java:updateAndGet(143)) - 2d5b013d-690e-4d2a-9177-36fcb81c6f75: start LeaderState
2019-07-16 15:51:06,076 INFO  segmented.SegmentedRaftLogWorker (SegmentedRaftLogWorker.java:startLogSegment(380)) - 2ebfb150-ad1b-4e9c-8a7b-53e05ecf4557-SegmentedRaftLogWorker:Storage Directory /workdir/hadoop-ozone/integration-test/target/test-dir/MiniOzoneClusterImpl-cad0d14a-2169-45b1-bb31-fa0627aa7bd1/datanode-0/data/ratis/ddc5174f-0e2d-48a2-9511-54a435939c41: Starting segment from index:0
2019-07-16 15:51:06,076 INFO  segmented.SegmentedRaftLogWorker (SegmentedRaftLogWorker.java:startLogSegment(380)) - 2d5b013d-690e-4d2a-9177-36fcb81c6f75-SegmentedRaftLogWorker:Storage Directory /workdir/hadoop-ozone/integration-test/target/test-dir/MiniOzoneClusterImpl-cad0d14a-2169-45b1-bb31-fa0627aa7bd1/datanode-2/data/ratis/2a2796fe-1efd-40cb-b950-02235c850b36: Starting segment from index:0
2019-07-16 15:51:06,083 INFO  impl.RaftServerImpl (ServerState.java:setRaftConf(361)) - 2ebfb150-ad1b-4e9c-8a7b-53e05ecf4557:group-54A435939C41 set configuration 0: [2ebfb150-ad1b-4e9c-8a7b-53e05ecf4557:192.168.69.88:41058], old=null at 0
2019-07-16 15:51:06,083 INFO  impl.RaftServerImpl (ServerState.java:setRaftConf(361)) - 2d5b013d-690e-4d2a-9177-36fcb81c6f75:group-02235C850B36 set configuration 0: [2d5b013d-690e-4d2a-9177-36fcb81c6f75:192.168.69.88:40199], old=null at 0
2019-07-16 15:51:06,204 INFO  impl.FollowerState (FollowerState.java:run(106)) - 902dfb6e-23ce-4c87-b52c-828d2887da1d:group-178EF3D2F262 changes to CANDIDATE, lastRpcTime:5132, electionTimeout:5132ms
2019-07-16 15:51:06,204 INFO  impl.RoleInfo (RoleInfo.java:shutdownFollowerState(121)) - 902dfb6e-23ce-4c87-b52c-828d2887da1d: shutdown FollowerState
2019-07-16 15:51:06,204 INFO  impl.RaftServerImpl (RaftServerImpl.java:setRole(171)) - 902dfb6e-23ce-4c87-b52c-828d2887da1d:group-178EF3D2F262 changes role from FOLLOWER to CANDIDATE at term 0 for changeToCandidate
2019-07-16 15:51:06,204 INFO  impl.RoleInfo (RoleInfo.java:updateAndGet(143)) - 902dfb6e-23ce-4c87-b52c-828d2887da1d: start LeaderElection
2019-07-16 15:51:06,233 INFO  segmented.SegmentedRaftLogWorker (SegmentedRaftLogWorker.java:execute(569)) - 2d5b013d-690e-4d2a-9177-36fcb81c6f75-SegmentedRaftLogWorker:Storage Directory /workdir/hadoop-ozone/integration-test/target/test-dir/MiniOzoneClusterImpl-cad0d14a-2169-45b1-bb31-fa0627aa7bd1/datanode-2/data/ratis/2a2796fe-1efd-40cb-b950-02235c850b36: created new log segment /workdir/hadoop-ozone/integration-test/target/test-dir/MiniOzoneClusterImpl-cad0d14a-2169-45b1-bb31-fa0627aa7bd1/datanode-2/data/ratis/2a2796fe-1efd-40cb-b950-02235c850b36/current/log_inprogress_0
2019-07-16 15:51:06,233 INFO  impl.LeaderElection (LeaderElection.java:askForVotes(181)) - 902dfb6e-23ce-4c87-b52c-828d2887da1d:group-178EF3D2F262:LeaderElection3: begin an election at term 1 for -1: [902dfb6e-23ce-4c87-b52c-828d2887da1d:192.168.69.88:40752], old=null
2019-07-16 15:51:06,233 INFO  segmented.SegmentedRaftLogWorker (SegmentedRaftLogWorker.java:execute(569)) - 2ebfb150-ad1b-4e9c-8a7b-53e05ecf4557-SegmentedRaftLogWorker:Storage Directory /workdir/hadoop-ozone/integration-test/target/test-dir/MiniOzoneClusterImpl-cad0d14a-2169-45b1-bb31-fa0627aa7bd1/datanode-0/data/ratis/ddc5174f-0e2d-48a2-9511-54a435939c41: created new log segment /workdir/hadoop-ozone/integration-test/target/test-dir/MiniOzoneClusterImpl-cad0d14a-2169-45b1-bb31-fa0627aa7bd1/datanode-0/data/ratis/ddc5174f-0e2d-48a2-9511-54a435939c41/current/log_inprogress_0
2019-07-16 15:51:06,235 INFO  impl.RoleInfo (RoleInfo.java:shutdownLeaderElection(134)) - 902dfb6e-23ce-4c87-b52c-828d2887da1d: shutdown LeaderElection
2019-07-16 15:51:06,235 INFO  impl.RaftServerImpl (RaftServerImpl.java:setRole(171)) - 902dfb6e-23ce-4c87-b52c-828d2887da1d:group-178EF3D2F262 changes role from CANDIDATE to LEADER at term 1 for changeToLeader
2019-07-16 15:51:06,235 INFO  impl.RaftServerImpl (ServerState.java:setLeader(263)) - 902dfb6e-23ce-4c87-b52c-828d2887da1d:group-178EF3D2F262 change Leader from null to 902dfb6e-23ce-4c87-b52c-828d2887da1d at term 1 for becomeLeader, leader elected after 5169ms
2019-07-16 15:51:06,236 INFO  server.RaftServerConfigKeys (ConfUtils.java:logGet(43)) - raft.server.staging.catchup.gap = 1000 (default)
2019-07-16 15:51:06,237 INFO  server.RaftServerConfigKeys (ConfUtils.java:logGet(43)) - raft.server.rpc.sleep.time = 25ms (default)
2019-07-16 15:51:06,237 INFO  server.RaftServerConfigKeys (ConfUtils.java:logGet(43)) - raft.server.write.element-limit = 4096 (default)
2019-07-16 15:51:06,238 INFO  server.RaftServerConfigKeys (ConfUtils.java:logGet(43)) - raft.server.watch.timeout = 10s (default)
2019-07-16 15:51:06,238 INFO  server.RaftServerConfigKeys (ConfUtils.java:logGet(43)) - raft.server.watch.timeout.denomination = 1s (default)
2019-07-16 15:51:06,238 INFO  server.RaftServerConfigKeys (ConfUtils.java:logGet(43)) - raft.server.watch.element-limit = 65536 (default)
2019-07-16 15:51:06,238 INFO  impl.RoleInfo (RoleInfo.java:updateAndGet(143)) - 902dfb6e-23ce-4c87-b52c-828d2887da1d: start LeaderState
2019-07-16 15:51:06,239 INFO  segmented.SegmentedRaftLogWorker (SegmentedRaftLogWorker.java:startLogSegment(380)) - 902dfb6e-23ce-4c87-b52c-828d2887da1d-SegmentedRaftLogWorker:Storage Directory /workdir/hadoop-ozone/integration-test/target/test-dir/MiniOzoneClusterImpl-cad0d14a-2169-45b1-bb31-fa0627aa7bd1/datanode-4/data/ratis/6e74811e-7aa0-46c0-82c3-178ef3d2f262: Starting segment from index:0
2019-07-16 15:51:06,239 INFO  impl.RaftServerImpl (ServerState.java:setRaftConf(361)) - 902dfb6e-23ce-4c87-b52c-828d2887da1d:group-178EF3D2F262 set configuration 0: [902dfb6e-23ce-4c87-b52c-828d2887da1d:192.168.69.88:40752], old=null at 0
2019-07-16 15:51:06,251 INFO  impl.FollowerState (FollowerState.java:run(106)) - 2657f31e-97ec-43d8-9d13-0eb83e3dae78:group-7B2A29B344A2 changes to CANDIDATE, lastRpcTime:5116, electionTimeout:5113ms
2019-07-16 15:51:06,253 INFO  impl.RoleInfo (RoleInfo.java:shutdownFollowerState(121)) - 2657f31e-97ec-43d8-9d13-0eb83e3dae78: shutdown FollowerState
2019-07-16 15:51:06,253 INFO  impl.RaftServerImpl (RaftServerImpl.java:setRole(171)) - 2657f31e-97ec-43d8-9d13-0eb83e3dae78:group-7B2A29B344A2 changes role from FOLLOWER to CANDIDATE at term 0 for changeToCandidate
2019-07-16 15:51:06,253 INFO  impl.RoleInfo (RoleInfo.java:updateAndGet(143)) - 2657f31e-97ec-43d8-9d13-0eb83e3dae78: start LeaderElection
2019-07-16 15:51:06,264 INFO  segmented.SegmentedRaftLogWorker (SegmentedRaftLogWorker.java:execute(569)) - 902dfb6e-23ce-4c87-b52c-828d2887da1d-SegmentedRaftLogWorker:Storage Directory /workdir/hadoop-ozone/integration-test/target/test-dir/MiniOzoneClusterImpl-cad0d14a-2169-45b1-bb31-fa0627aa7bd1/datanode-4/data/ratis/6e74811e-7aa0-46c0-82c3-178ef3d2f262: created new log segment /workdir/hadoop-ozone/integration-test/target/test-dir/MiniOzoneClusterImpl-cad0d14a-2169-45b1-bb31-fa0627aa7bd1/datanode-4/data/ratis/6e74811e-7aa0-46c0-82c3-178ef3d2f262/current/log_inprogress_0
2019-07-16 15:51:06,264 INFO  impl.LeaderElection (LeaderElection.java:askForVotes(181)) - 2657f31e-97ec-43d8-9d13-0eb83e3dae78:group-7B2A29B344A2:LeaderElection4: begin an election at term 1 for -1: [2657f31e-97ec-43d8-9d13-0eb83e3dae78:192.168.69.88:44556], old=null
2019-07-16 15:51:06,264 INFO  impl.RoleInfo (RoleInfo.java:shutdownLeaderElection(134)) - 2657f31e-97ec-43d8-9d13-0eb83e3dae78: shutdown LeaderElection
2019-07-16 15:51:06,264 INFO  impl.RaftServerImpl (RaftServerImpl.java:setRole(171)) - 2657f31e-97ec-43d8-9d13-0eb83e3dae78:group-7B2A29B344A2 changes role from CANDIDATE to LEADER at term 1 for changeToLeader
2019-07-16 15:51:06,265 INFO  impl.RaftServerImpl (ServerState.java:setLeader(263)) - 2657f31e-97ec-43d8-9d13-0eb83e3dae78:group-7B2A29B344A2 change Leader from null to 2657f31e-97ec-43d8-9d13-0eb83e3dae78 at term 1 for becomeLeader, leader elected after 5133ms
2019-07-16 15:51:06,266 INFO  impl.FollowerState (FollowerState.java:run(106)) - 0c3270f1-27c7-4abb-a4fd-fa2c93388fa0:group-FD597CE5F096 changes to CANDIDATE, lastRpcTime:5073, electionTimeout:5072ms
2019-07-16 15:51:06,267 INFO  server.RaftServerConfigKeys (ConfUtils.java:logGet(43)) - raft.server.staging.catchup.gap = 1000 (default)
2019-07-16 15:51:06,267 INFO  impl.RoleInfo (RoleInfo.java:shutdownFollowerState(121)) - 0c3270f1-27c7-4abb-a4fd-fa2c93388fa0: shutdown FollowerState
2019-07-16 15:51:06,267 INFO  server.RaftServerConfigKeys (ConfUtils.java:logGet(43)) - raft.server.rpc.sleep.time = 25ms (default)
2019-07-16 15:51:06,267 INFO  impl.RaftServerImpl (RaftServerImpl.java:setRole(171)) - 0c3270f1-27c7-4abb-a4fd-fa2c93388fa0:group-FD597CE5F096 changes role from FOLLOWER to CANDIDATE at term 0 for changeToCandidate
2019-07-16 15:51:06,267 INFO  server.RaftServerConfigKeys (ConfUtils.java:logGet(43)) - raft.server.write.element-limit = 4096 (default)
2019-07-16 15:51:06,268 INFO  impl.RoleInfo (RoleInfo.java:updateAndGet(143)) - 0c3270f1-27c7-4abb-a4fd-fa2c93388fa0: start LeaderElection
2019-07-16 15:51:06,268 INFO  server.RaftServerConfigKeys (ConfUtils.java:logGet(43)) - raft.server.watch.timeout = 10s (default)
2019-07-16 15:51:06,268 INFO  server.RaftServerConfigKeys (ConfUtils.java:logGet(43)) - raft.server.watch.timeout.denomination = 1s (default)
2019-07-16 15:51:06,271 INFO  server.RaftServerConfigKeys (ConfUtils.java:logGet(43)) - raft.server.watch.element-limit = 65536 (default)
2019-07-16 15:51:06,271 INFO  impl.RoleInfo (RoleInfo.java:updateAndGet(143)) - 2657f31e-97ec-43d8-9d13-0eb83e3dae78: start LeaderState
2019-07-16 15:51:06,272 INFO  segmented.SegmentedRaftLogWorker (SegmentedRaftLogWorker.java:startLogSegment(380)) - 2657f31e-97ec-43d8-9d13-0eb83e3dae78-SegmentedRaftLogWorker:Storage Directory /workdir/hadoop-ozone/integration-test/target/test-dir/MiniOzoneClusterImpl-cad0d14a-2169-45b1-bb31-fa0627aa7bd1/datanode-1/data/ratis/09f123e6-fc37-4f64-96eb-7b2a29b344a2: Starting segment from index:0
2019-07-16 15:51:06,272 INFO  impl.RaftServerImpl (ServerState.java:setRaftConf(361)) - 2657f31e-97ec-43d8-9d13-0eb83e3dae78:group-7B2A29B344A2 set configuration 0: [2657f31e-97ec-43d8-9d13-0eb83e3dae78:192.168.69.88:44556], old=null at 0
2019-07-16 15:51:06,285 INFO  impl.LeaderElection (LeaderElection.java:askForVotes(181)) - 0c3270f1-27c7-4abb-a4fd-fa2c93388fa0:group-FD597CE5F096:LeaderElection5: begin an election at term 1 for -1: [0c3270f1-27c7-4abb-a4fd-fa2c93388fa0:192.168.69.88:33950], old=null
2019-07-16 15:51:06,286 INFO  impl.RoleInfo (RoleInfo.java:shutdownLeaderElection(134)) - 0c3270f1-27c7-4abb-a4fd-fa2c93388fa0: shutdown LeaderElection
2019-07-16 15:51:06,286 INFO  impl.RaftServerImpl (RaftServerImpl.java:setRole(171)) - 0c3270f1-27c7-4abb-a4fd-fa2c93388fa0:group-FD597CE5F096 changes role from CANDIDATE to LEADER at term 1 for changeToLeader
2019-07-16 15:51:06,286 INFO  impl.RaftServerImpl (ServerState.java:setLeader(263)) - 0c3270f1-27c7-4abb-a4fd-fa2c93388fa0:group-FD597CE5F096 change Leader from null to 0c3270f1-27c7-4abb-a4fd-fa2c93388fa0 at term 1 for becomeLeader, leader elected after 5097ms
2019-07-16 15:51:06,287 INFO  server.RaftServerConfigKeys (ConfUtils.java:logGet(43)) - raft.server.staging.catchup.gap = 1000 (default)
2019-07-16 15:51:06,288 INFO  server.RaftServerConfigKeys (ConfUtils.java:logGet(43)) - raft.server.rpc.sleep.time = 25ms (default)
2019-07-16 15:51:06,288 INFO  server.RaftServerConfigKeys (ConfUtils.java:logGet(43)) - raft.server.write.element-limit = 4096 (default)
2019-07-16 15:51:06,288 INFO  server.RaftServerConfigKeys (ConfUtils.java:logGet(43)) - raft.server.watch.timeout = 10s (default)
2019-07-16 15:51:06,288 INFO  server.RaftServerConfigKeys (ConfUtils.java:logGet(43)) - raft.server.watch.timeout.denomination = 1s (default)
2019-07-16 15:51:06,288 INFO  server.RaftServerConfigKeys (ConfUtils.java:logGet(43)) - raft.server.watch.element-limit = 65536 (default)
2019-07-16 15:51:06,288 INFO  impl.RoleInfo (RoleInfo.java:updateAndGet(143)) - 0c3270f1-27c7-4abb-a4fd-fa2c93388fa0: start LeaderState
2019-07-16 15:51:06,289 INFO  segmented.SegmentedRaftLogWorker (SegmentedRaftLogWorker.java:startLogSegment(380)) - 0c3270f1-27c7-4abb-a4fd-fa2c93388fa0-SegmentedRaftLogWorker:Storage Directory /workdir/hadoop-ozone/integration-test/target/test-dir/MiniOzoneClusterImpl-cad0d14a-2169-45b1-bb31-fa0627aa7bd1/datanode-3/data/ratis/3f58e222-7d6d-4a73-ad33-fd597ce5f096: Starting segment from index:0
2019-07-16 15:51:06,289 INFO  impl.RaftServerImpl (ServerState.java:setRaftConf(361)) - 0c3270f1-27c7-4abb-a4fd-fa2c93388fa0:group-FD597CE5F096 set configuration 0: [0c3270f1-27c7-4abb-a4fd-fa2c93388fa0:192.168.69.88:33950], old=null at 0
2019-07-16 15:51:06,301 INFO  segmented.SegmentedRaftLogWorker (SegmentedRaftLogWorker.java:execute(569)) - 2657f31e-97ec-43d8-9d13-0eb83e3dae78-SegmentedRaftLogWorker:Storage Directory /workdir/hadoop-ozone/integration-test/target/test-dir/MiniOzoneClusterImpl-cad0d14a-2169-45b1-bb31-fa0627aa7bd1/datanode-1/data/ratis/09f123e6-fc37-4f64-96eb-7b2a29b344a2: created new log segment /workdir/hadoop-ozone/integration-test/target/test-dir/MiniOzoneClusterImpl-cad0d14a-2169-45b1-bb31-fa0627aa7bd1/datanode-1/data/ratis/09f123e6-fc37-4f64-96eb-7b2a29b344a2/current/log_inprogress_0
2019-07-16 15:51:06,301 INFO  impl.FollowerState (FollowerState.java:run(106)) - 63617987-8941-4eaf-a62a-6c46b0c5ddc8:group-8FD33BCE5C2D changes to CANDIDATE, lastRpcTime:5047, electionTimeout:5043ms
2019-07-16 15:51:06,301 INFO  impl.RoleInfo (RoleInfo.java:shutdownFollowerState(121)) - 63617987-8941-4eaf-a62a-6c46b0c5ddc8: shutdown FollowerState
2019-07-16 15:51:06,301 INFO  impl.RaftServerImpl (RaftServerImpl.java:setRole(171)) - 63617987-8941-4eaf-a62a-6c46b0c5ddc8:group-8FD33BCE5C2D changes role from FOLLOWER to CANDIDATE at term 0 for changeToCandidate
2019-07-16 15:51:06,302 INFO  impl.RoleInfo (RoleInfo.java:updateAndGet(143)) - 63617987-8941-4eaf-a62a-6c46b0c5ddc8: start LeaderElection
2019-07-16 15:51:06,314 INFO  segmented.SegmentedRaftLogWorker (SegmentedRaftLogWorker.java:execute(569)) - 0c3270f1-27c7-4abb-a4fd-fa2c93388fa0-SegmentedRaftLogWorker:Storage Directory /workdir/hadoop-ozone/integration-test/target/test-dir/MiniOzoneClusterImpl-cad0d14a-2169-45b1-bb31-fa0627aa7bd1/datanode-3/data/ratis/3f58e222-7d6d-4a73-ad33-fd597ce5f096: created new log segment /workdir/hadoop-ozone/integration-test/target/test-dir/MiniOzoneClusterImpl-cad0d14a-2169-45b1-bb31-fa0627aa7bd1/datanode-3/data/ratis/3f58e222-7d6d-4a73-ad33-fd597ce5f096/current/log_inprogress_0
2019-07-16 15:51:06,314 INFO  impl.LeaderElection (LeaderElection.java:askForVotes(181)) - 63617987-8941-4eaf-a62a-6c46b0c5ddc8:group-8FD33BCE5C2D:LeaderElection6: begin an election at term 1 for -1: [63617987-8941-4eaf-a62a-6c46b0c5ddc8:192.168.69.88:44127], old=null
2019-07-16 15:51:06,316 INFO  impl.RoleInfo (RoleInfo.java:shutdownLeaderElection(134)) - 63617987-8941-4eaf-a62a-6c46b0c5ddc8: shutdown LeaderElection
2019-07-16 15:51:06,317 INFO  impl.RaftServerImpl (RaftServerImpl.java:setRole(171)) - 63617987-8941-4eaf-a62a-6c46b0c5ddc8:group-8FD33BCE5C2D changes role from CANDIDATE to LEADER at term 1 for changeToLeader
2019-07-16 15:51:06,317 INFO  impl.RaftServerImpl (ServerState.java:setLeader(263)) - 63617987-8941-4eaf-a62a-6c46b0c5ddc8:group-8FD33BCE5C2D change Leader from null to 63617987-8941-4eaf-a62a-6c46b0c5ddc8 at term 1 for becomeLeader, leader elected after 5066ms
2019-07-16 15:51:06,318 INFO  server.RaftServerConfigKeys (ConfUtils.java:logGet(43)) - raft.server.staging.catchup.gap = 1000 (default)
2019-07-16 15:51:06,318 INFO  server.RaftServerConfigKeys (ConfUtils.java:logGet(43)) - raft.server.rpc.sleep.time = 25ms (default)
2019-07-16 15:51:06,318 INFO  server.RaftServerConfigKeys (ConfUtils.java:logGet(43)) - raft.server.write.element-limit = 4096 (default)
2019-07-16 15:51:06,318 INFO  server.RaftServerConfigKeys (ConfUtils.java:logGet(43)) - raft.server.watch.timeout = 10s (default)
2019-07-16 15:51:06,318 INFO  server.RaftServerConfigKeys (ConfUtils.java:logGet(43)) - raft.server.watch.timeout.denomination = 1s (default)
2019-07-16 15:51:06,318 INFO  server.RaftServerConfigKeys (ConfUtils.java:logGet(43)) - raft.server.watch.element-limit = 65536 (default)
2019-07-16 15:51:06,319 INFO  impl.RoleInfo (RoleInfo.java:updateAndGet(143)) - 63617987-8941-4eaf-a62a-6c46b0c5ddc8: start LeaderState
2019-07-16 15:51:06,319 INFO  segmented.SegmentedRaftLogWorker (SegmentedRaftLogWorker.java:startLogSegment(380)) - 63617987-8941-4eaf-a62a-6c46b0c5ddc8-SegmentedRaftLogWorker:Storage Directory /workdir/hadoop-ozone/integration-test/target/test-dir/MiniOzoneClusterImpl-cad0d14a-2169-45b1-bb31-fa0627aa7bd1/datanode-5/data/ratis/241e56e7-808a-4401-8c02-8fd33bce5c2d: Starting segment from index:0
2019-07-16 15:51:06,319 INFO  impl.RaftServerImpl (ServerState.java:setRaftConf(361)) - 63617987-8941-4eaf-a62a-6c46b0c5ddc8:group-8FD33BCE5C2D set configuration 0: [63617987-8941-4eaf-a62a-6c46b0c5ddc8:192.168.69.88:44127], old=null at 0
2019-07-16 15:51:06,343 INFO  impl.FollowerState (FollowerState.java:run(106)) - b88f92f0-4d3b-423f-8d16-fe9cabec51a4:group-312C98079887 changes to CANDIDATE, lastRpcTime:5015, electionTimeout:5015ms
2019-07-16 15:51:06,350 INFO  segmented.SegmentedRaftLogWorker (SegmentedRaftLogWorker.java:execute(569)) - 63617987-8941-4eaf-a62a-6c46b0c5ddc8-SegmentedRaftLogWorker:Storage Directory /workdir/hadoop-ozone/integration-test/target/test-dir/MiniOzoneClusterImpl-cad0d14a-2169-45b1-bb31-fa0627aa7bd1/datanode-5/data/ratis/241e56e7-808a-4401-8c02-8fd33bce5c2d: created new log segment /workdir/hadoop-ozone/integration-test/target/test-dir/MiniOzoneClusterImpl-cad0d14a-2169-45b1-bb31-fa0627aa7bd1/datanode-5/data/ratis/241e56e7-808a-4401-8c02-8fd33bce5c2d/current/log_inprogress_0
2019-07-16 15:51:06,352 INFO  impl.RoleInfo (RoleInfo.java:shutdownFollowerState(121)) - b88f92f0-4d3b-423f-8d16-fe9cabec51a4: shutdown FollowerState
2019-07-16 15:51:06,352 INFO  impl.RaftServerImpl (RaftServerImpl.java:setRole(171)) - b88f92f0-4d3b-423f-8d16-fe9cabec51a4:group-312C98079887 changes role from FOLLOWER to CANDIDATE at term 0 for changeToCandidate
2019-07-16 15:51:06,352 INFO  impl.RoleInfo (RoleInfo.java:updateAndGet(143)) - b88f92f0-4d3b-423f-8d16-fe9cabec51a4: start LeaderElection
2019-07-16 15:51:06,366 INFO  impl.LeaderElection (LeaderElection.java:askForVotes(181)) - b88f92f0-4d3b-423f-8d16-fe9cabec51a4:group-312C98079887:LeaderElection7: begin an election at term 1 for -1: [b88f92f0-4d3b-423f-8d16-fe9cabec51a4:192.168.69.88:33651], old=null
2019-07-16 15:51:06,368 INFO  impl.RoleInfo (RoleInfo.java:shutdownLeaderElection(134)) - b88f92f0-4d3b-423f-8d16-fe9cabec51a4: shutdown LeaderElection
2019-07-16 15:51:06,369 INFO  impl.RaftServerImpl (RaftServerImpl.java:setRole(171)) - b88f92f0-4d3b-423f-8d16-fe9cabec51a4:group-312C98079887 changes role from CANDIDATE to LEADER at term 1 for changeToLeader
2019-07-16 15:51:06,369 INFO  impl.RaftServerImpl (ServerState.java:setLeader(263)) - b88f92f0-4d3b-423f-8d16-fe9cabec51a4:group-312C98079887 change Leader from null to b88f92f0-4d3b-423f-8d16-fe9cabec51a4 at term 1 for becomeLeader, leader elected after 5044ms
2019-07-16 15:51:06,370 INFO  server.RaftServerConfigKeys (ConfUtils.java:logGet(43)) - raft.server.staging.catchup.gap = 1000 (default)
2019-07-16 15:51:06,370 INFO  server.RaftServerConfigKeys (ConfUtils.java:logGet(43)) - raft.server.rpc.sleep.time = 25ms (default)
2019-07-16 15:51:06,370 INFO  server.RaftServerConfigKeys (ConfUtils.java:logGet(43)) - raft.server.write.element-limit = 4096 (default)
2019-07-16 15:51:06,370 INFO  server.RaftServerConfigKeys (ConfUtils.java:logGet(43)) - raft.server.watch.timeout = 10s (default)
2019-07-16 15:51:06,371 INFO  server.RaftServerConfigKeys (ConfUtils.java:logGet(43)) - raft.server.watch.timeout.denomination = 1s (default)
2019-07-16 15:51:06,371 INFO  server.RaftServerConfigKeys (ConfUtils.java:logGet(43)) - raft.server.watch.element-limit = 65536 (default)
2019-07-16 15:51:06,371 INFO  impl.RoleInfo (RoleInfo.java:updateAndGet(143)) - b88f92f0-4d3b-423f-8d16-fe9cabec51a4: start LeaderState
2019-07-16 15:51:06,371 INFO  segmented.SegmentedRaftLogWorker (SegmentedRaftLogWorker.java:startLogSegment(380)) - b88f92f0-4d3b-423f-8d16-fe9cabec51a4-SegmentedRaftLogWorker:Storage Directory /workdir/hadoop-ozone/integration-test/target/test-dir/MiniOzoneClusterImpl-cad0d14a-2169-45b1-bb31-fa0627aa7bd1/datanode-6/data/ratis/59b0396f-c24c-4b38-ae18-312c98079887: Starting segment from index:0
2019-07-16 15:51:06,372 INFO  impl.RaftServerImpl (ServerState.java:setRaftConf(361)) - b88f92f0-4d3b-423f-8d16-fe9cabec51a4:group-312C98079887 set configuration 0: [b88f92f0-4d3b-423f-8d16-fe9cabec51a4:192.168.69.88:33651], old=null at 0
2019-07-16 15:51:06,398 INFO  segmented.SegmentedRaftLogWorker (SegmentedRaftLogWorker.java:execute(569)) - b88f92f0-4d3b-423f-8d16-fe9cabec51a4-SegmentedRaftLogWorker:Storage Directory /workdir/hadoop-ozone/integration-test/target/test-dir/MiniOzoneClusterImpl-cad0d14a-2169-45b1-bb31-fa0627aa7bd1/datanode-6/data/ratis/59b0396f-c24c-4b38-ae18-312c98079887: created new log segment /workdir/hadoop-ozone/integration-test/target/test-dir/MiniOzoneClusterImpl-cad0d14a-2169-45b1-bb31-fa0627aa7bd1/datanode-6/data/ratis/59b0396f-c24c-4b38-ae18-312c98079887/current/log_inprogress_0
2019-07-16 15:51:06,549 INFO  impl.FollowerState (FollowerState.java:run(106)) - 63617987-8941-4eaf-a62a-6c46b0c5ddc8:group-BF53B5111C57 changes to CANDIDATE, lastRpcTime:5023, electionTimeout:5023ms
2019-07-16 15:51:06,549 INFO  impl.FollowerState (FollowerState.java:run(106)) - 2657f31e-97ec-43d8-9d13-0eb83e3dae78:group-9B332D9C090E changes to CANDIDATE, lastRpcTime:5120, electionTimeout:5120ms
2019-07-16 15:51:06,549 INFO  impl.RoleInfo (RoleInfo.java:shutdownFollowerState(121)) - 63617987-8941-4eaf-a62a-6c46b0c5ddc8: shutdown FollowerState
2019-07-16 15:51:06,551 INFO  impl.RoleInfo (RoleInfo.java:shutdownFollowerState(121)) - 2657f31e-97ec-43d8-9d13-0eb83e3dae78: shutdown FollowerState
2019-07-16 15:51:06,552 INFO  impl.RaftServerImpl (RaftServerImpl.java:setRole(171)) - 63617987-8941-4eaf-a62a-6c46b0c5ddc8:group-BF53B5111C57 changes role from FOLLOWER to CANDIDATE at term 0 for changeToCandidate
2019-07-16 15:51:06,552 INFO  impl.RaftServerImpl (RaftServerImpl.java:setRole(171)) - 2657f31e-97ec-43d8-9d13-0eb83e3dae78:group-9B332D9C090E changes role from FOLLOWER to CANDIDATE at term 0 for changeToCandidate
2019-07-16 15:51:06,552 INFO  impl.RoleInfo (RoleInfo.java:updateAndGet(143)) - 63617987-8941-4eaf-a62a-6c46b0c5ddc8: start LeaderElection
2019-07-16 15:51:06,552 INFO  impl.RoleInfo (RoleInfo.java:updateAndGet(143)) - 2657f31e-97ec-43d8-9d13-0eb83e3dae78: start LeaderElection
2019-07-16 15:51:06,574 INFO  impl.LeaderElection (LeaderElection.java:askForVotes(181)) - 2657f31e-97ec-43d8-9d13-0eb83e3dae78:group-9B332D9C090E:LeaderElection9: begin an election at term 1 for -1: [2657f31e-97ec-43d8-9d13-0eb83e3dae78:192.168.69.88:44556, 902dfb6e-23ce-4c87-b52c-828d2887da1d:192.168.69.88:40752, 2d5b013d-690e-4d2a-9177-36fcb81c6f75:192.168.69.88:40199], old=null
2019-07-16 15:51:06,574 INFO  impl.LeaderElection (LeaderElection.java:askForVotes(181)) - 63617987-8941-4eaf-a62a-6c46b0c5ddc8:group-BF53B5111C57:LeaderElection8: begin an election at term 1 for -1: [b88f92f0-4d3b-423f-8d16-fe9cabec51a4:192.168.69.88:33651, 0c3270f1-27c7-4abb-a4fd-fa2c93388fa0:192.168.69.88:33950, 63617987-8941-4eaf-a62a-6c46b0c5ddc8:192.168.69.88:44127], old=null
2019-07-16 15:51:06,587 INFO  impl.FollowerState (FollowerState.java:run(106)) - 902dfb6e-23ce-4c87-b52c-828d2887da1d:group-9B332D9C090E changes to CANDIDATE, lastRpcTime:5157, electionTimeout:5154ms
2019-07-16 15:51:06,587 INFO  impl.RoleInfo (RoleInfo.java:shutdownFollowerState(121)) - 902dfb6e-23ce-4c87-b52c-828d2887da1d: shutdown FollowerState
2019-07-16 15:51:06,587 INFO  impl.RaftServerImpl (RaftServerImpl.java:setRole(171)) - 902dfb6e-23ce-4c87-b52c-828d2887da1d:group-9B332D9C090E changes role from FOLLOWER to CANDIDATE at term 0 for changeToCandidate
2019-07-16 15:51:06,588 INFO  impl.RoleInfo (RoleInfo.java:updateAndGet(143)) - 902dfb6e-23ce-4c87-b52c-828d2887da1d: start LeaderElection
2019-07-16 15:51:06,606 INFO  impl.LeaderElection (LeaderElection.java:askForVotes(181)) - 902dfb6e-23ce-4c87-b52c-828d2887da1d:group-9B332D9C090E:LeaderElection10: begin an election at term 1 for -1: [2657f31e-97ec-43d8-9d13-0eb83e3dae78:192.168.69.88:44556, 902dfb6e-23ce-4c87-b52c-828d2887da1d:192.168.69.88:40752, 2d5b013d-690e-4d2a-9177-36fcb81c6f75:192.168.69.88:40199], old=null
2019-07-16 15:51:06,609 INFO  impl.RaftServerImpl (RaftServerImpl.java:setRole(171)) - b88f92f0-4d3b-423f-8d16-fe9cabec51a4:group-BF53B5111C57 changes role from FOLLOWER to FOLLOWER at term 1 for recognizeCandidate:63617987-8941-4eaf-a62a-6c46b0c5ddc8
2019-07-16 15:51:06,609 INFO  impl.RoleInfo (RoleInfo.java:shutdownFollowerState(121)) - b88f92f0-4d3b-423f-8d16-fe9cabec51a4: shutdown FollowerState
2019-07-16 15:51:06,609 INFO  impl.RaftServerImpl (RaftServerImpl.java:setRole(171)) - 0c3270f1-27c7-4abb-a4fd-fa2c93388fa0:group-BF53B5111C57 changes role from FOLLOWER to FOLLOWER at term 1 for recognizeCandidate:63617987-8941-4eaf-a62a-6c46b0c5ddc8
2019-07-16 15:51:06,611 INFO  impl.RoleInfo (RoleInfo.java:updateAndGet(143)) - b88f92f0-4d3b-423f-8d16-fe9cabec51a4: start FollowerState
2019-07-16 15:51:06,609 INFO  impl.RaftServerImpl (RaftServerImpl.java:setRole(171)) - 2d5b013d-690e-4d2a-9177-36fcb81c6f75:group-9B332D9C090E changes role from FOLLOWER to FOLLOWER at term 1 for recognizeCandidate:2657f31e-97ec-43d8-9d13-0eb83e3dae78
2019-07-16 15:51:06,612 INFO  impl.FollowerState (FollowerState.java:run(114)) - b88f92f0-4d3b-423f-8d16-fe9cabec51a4: FollowerState was interrupted: java.lang.InterruptedException: sleep interrupted
2019-07-16 15:51:06,612 INFO  impl.RoleInfo (RoleInfo.java:shutdownFollowerState(121)) - 0c3270f1-27c7-4abb-a4fd-fa2c93388fa0: shutdown FollowerState
2019-07-16 15:51:06,613 INFO  impl.RoleInfo (RoleInfo.java:shutdownFollowerState(121)) - 2d5b013d-690e-4d2a-9177-36fcb81c6f75: shutdown FollowerState
2019-07-16 15:51:06,615 INFO  impl.RoleInfo (RoleInfo.java:updateAndGet(143)) - 0c3270f1-27c7-4abb-a4fd-fa2c93388fa0: start FollowerState
2019-07-16 15:51:06,615 INFO  impl.FollowerState (FollowerState.java:run(114)) - 2d5b013d-690e-4d2a-9177-36fcb81c6f75: FollowerState was interrupted: java.lang.InterruptedException: sleep interrupted
2019-07-16 15:51:06,615 INFO  impl.RoleInfo (RoleInfo.java:updateAndGet(143)) - 2d5b013d-690e-4d2a-9177-36fcb81c6f75: start FollowerState
2019-07-16 15:51:06,645 INFO  impl.LeaderElection (LeaderElection.java:logAndReturn(56)) - 63617987-8941-4eaf-a62a-6c46b0c5ddc8:group-BF53B5111C57:LeaderElection8: Election PASSED; received 1 response(s) [63617987-8941-4eaf-a62a-6c46b0c5ddc8<-0c3270f1-27c7-4abb-a4fd-fa2c93388fa0#0:OK-t1] and 0 exception(s); 63617987-8941-4eaf-a62a-6c46b0c5ddc8:t1, leader=null, voted=63617987-8941-4eaf-a62a-6c46b0c5ddc8, raftlog=63617987-8941-4eaf-a62a-6c46b0c5ddc8-SegmentedRaftLog:OPENED:c-1,f-1,i0, conf=-1: [b88f92f0-4d3b-423f-8d16-fe9cabec51a4:192.168.69.88:33651, 0c3270f1-27c7-4abb-a4fd-fa2c93388fa0:192.168.69.88:33950, 63617987-8941-4eaf-a62a-6c46b0c5ddc8:192.168.69.88:44127], old=null
2019-07-16 15:51:06,645 INFO  impl.LeaderElection (LeaderElection.java:logAndReturn(56)) - 902dfb6e-23ce-4c87-b52c-828d2887da1d:group-9B332D9C090E:LeaderElection10: Election REJECTED; received 2 response(s) [902dfb6e-23ce-4c87-b52c-828d2887da1d<-2657f31e-97ec-43d8-9d13-0eb83e3dae78#0:FAIL-t1, 902dfb6e-23ce-4c87-b52c-828d2887da1d<-2d5b013d-690e-4d2a-9177-36fcb81c6f75#0:FAIL-t1] and 0 exception(s); 902dfb6e-23ce-4c87-b52c-828d2887da1d:t1, leader=null, voted=902dfb6e-23ce-4c87-b52c-828d2887da1d, raftlog=902dfb6e-23ce-4c87-b52c-828d2887da1d-SegmentedRaftLog:OPENED:c-1,f-1,i0, conf=-1: [2657f31e-97ec-43d8-9d13-0eb83e3dae78:192.168.69.88:44556, 902dfb6e-23ce-4c87-b52c-828d2887da1d:192.168.69.88:40752, 2d5b013d-690e-4d2a-9177-36fcb81c6f75:192.168.69.88:40199], old=null
2019-07-16 15:51:06,645 INFO  impl.LeaderElection (LeaderElection.java:logAndReturn(56)) - 2657f31e-97ec-43d8-9d13-0eb83e3dae78:group-9B332D9C090E:LeaderElection9: Election PASSED; received 2 response(s) [2657f31e-97ec-43d8-9d13-0eb83e3dae78<-902dfb6e-23ce-4c87-b52c-828d2887da1d#0:FAIL-t1, 2657f31e-97ec-43d8-9d13-0eb83e3dae78<-2d5b013d-690e-4d2a-9177-36fcb81c6f75#0:OK-t1] and 0 exception(s); 2657f31e-97ec-43d8-9d13-0eb83e3dae78:t1, leader=null, voted=2657f31e-97ec-43d8-9d13-0eb83e3dae78, raftlog=2657f31e-97ec-43d8-9d13-0eb83e3dae78-SegmentedRaftLog:OPENED:c-1,f-1,i0, conf=-1: [2657f31e-97ec-43d8-9d13-0eb83e3dae78:192.168.69.88:44556, 902dfb6e-23ce-4c87-b52c-828d2887da1d:192.168.69.88:40752, 2d5b013d-690e-4d2a-9177-36fcb81c6f75:192.168.69.88:40199], old=null
2019-07-16 15:51:06,648 INFO  impl.RaftServerImpl (RaftServerImpl.java:setRole(171)) - 902dfb6e-23ce-4c87-b52c-828d2887da1d:group-9B332D9C090E changes role from CANDIDATE to FOLLOWER at term 1 for DISCOVERED_A_NEW_TERM
2019-07-16 15:51:06,648 INFO  impl.RoleInfo (RoleInfo.java:shutdownLeaderElection(134)) - 63617987-8941-4eaf-a62a-6c46b0c5ddc8: shutdown LeaderElection
2019-07-16 15:51:06,658 INFO  impl.RoleInfo (RoleInfo.java:shutdownLeaderElection(134)) - 902dfb6e-23ce-4c87-b52c-828d2887da1d: shutdown LeaderElection
2019-07-16 15:51:06,651 INFO  impl.RoleInfo (RoleInfo.java:shutdownLeaderElection(134)) - 2657f31e-97ec-43d8-9d13-0eb83e3dae78: shutdown LeaderElection
2019-07-16 15:51:06,661 INFO  impl.RoleInfo (RoleInfo.java:updateAndGet(143)) - 902dfb6e-23ce-4c87-b52c-828d2887da1d: start FollowerState
2019-07-16 15:51:06,661 INFO  impl.RaftServerImpl (RaftServerImpl.java:setRole(171)) - 63617987-8941-4eaf-a62a-6c46b0c5ddc8:group-BF53B5111C57 changes role from CANDIDATE to LEADER at term 1 for changeToLeader
2019-07-16 15:51:06,661 INFO  impl.RaftServerImpl (RaftServerImpl.java:setRole(171)) - 2657f31e-97ec-43d8-9d13-0eb83e3dae78:group-9B332D9C090E changes role from CANDIDATE to LEADER at term 1 for changeToLeader
2019-07-16 15:51:06,661 INFO  impl.RaftServerImpl (ServerState.java:setLeader(263)) - 63617987-8941-4eaf-a62a-6c46b0c5ddc8:group-BF53B5111C57 change Leader from null to 63617987-8941-4eaf-a62a-6c46b0c5ddc8 at term 1 for becomeLeader, leader elected after 5150ms
2019-07-16 15:51:06,662 INFO  impl.RaftServerImpl (ServerState.java:setLeader(263)) - 2657f31e-97ec-43d8-9d13-0eb83e3dae78:group-9B332D9C090E change Leader from null to 2657f31e-97ec-43d8-9d13-0eb83e3dae78 at term 1 for becomeLeader, leader elected after 5244ms
2019-07-16 15:51:06,663 INFO  server.RaftServerConfigKeys (ConfUtils.java:logGet(43)) - raft.server.staging.catchup.gap = 1000 (default)
2019-07-16 15:51:06,663 INFO  server.RaftServerConfigKeys (ConfUtils.java:logGet(43)) - raft.server.staging.catchup.gap = 1000 (default)
2019-07-16 15:51:06,663 INFO  server.RaftServerConfigKeys (ConfUtils.java:logGet(43)) - raft.server.rpc.sleep.time = 25ms (default)
2019-07-16 15:51:06,663 INFO  server.RaftServerConfigKeys (ConfUtils.java:logGet(43)) - raft.server.rpc.sleep.time = 25ms (default)
2019-07-16 15:51:06,663 INFO  server.RaftServerConfigKeys (ConfUtils.java:logGet(43)) - raft.server.write.element-limit = 4096 (default)
2019-07-16 15:51:06,663 INFO  server.RaftServerConfigKeys (ConfUtils.java:logGet(43)) - raft.server.write.element-limit = 4096 (default)
2019-07-16 15:51:06,663 INFO  server.RaftServerConfigKeys (ConfUtils.java:logGet(43)) - raft.server.watch.timeout = 10s (default)
2019-07-16 15:51:06,663 INFO  server.RaftServerConfigKeys (ConfUtils.java:logGet(43)) - raft.server.watch.timeout = 10s (default)
2019-07-16 15:51:06,663 INFO  server.RaftServerConfigKeys (ConfUtils.java:logGet(43)) - raft.server.watch.timeout.denomination = 1s (default)
2019-07-16 15:51:06,663 INFO  server.RaftServerConfigKeys (ConfUtils.java:logGet(43)) - raft.server.watch.timeout.denomination = 1s (default)
2019-07-16 15:51:06,664 INFO  server.RaftServerConfigKeys (ConfUtils.java:logGet(43)) - raft.server.watch.element-limit = 65536 (default)
2019-07-16 15:51:06,664 INFO  server.RaftServerConfigKeys (ConfUtils.java:logGet(43)) - raft.server.watch.element-limit = 65536 (default)
2019-07-16 15:51:06,666 INFO  server.RaftServerConfigKeys (ConfUtils.java:logGet(43)) - raft.server.log.appender.snapshot.chunk.size.max = 16MB (=16777216) (default)
2019-07-16 15:51:06,666 INFO  server.RaftServerConfigKeys (ConfUtils.java:logGet(43)) - raft.server.log.appender.snapshot.chunk.size.max = 16MB (=16777216) (default)
2019-07-16 15:51:06,667 INFO  server.RaftServerConfigKeys (ConfUtils.java:logGet(43)) - raft.server.log.appender.buffer.byte-limit = 33554432 (custom)
2019-07-16 15:51:06,667 INFO  server.RaftServerConfigKeys (ConfUtils.java:logGet(43)) - raft.server.log.appender.buffer.byte-limit = 33554432 (custom)
2019-07-16 15:51:06,667 INFO  server.RaftServerConfigKeys (ConfUtils.java:logGet(43)) - raft.server.log.appender.buffer.element-limit = 1 (custom)
2019-07-16 15:51:06,667 INFO  server.RaftServerConfigKeys (ConfUtils.java:logGet(43)) - raft.server.log.appender.buffer.element-limit = 1 (custom)
2019-07-16 15:51:06,670 INFO  grpc.GrpcConfigKeys$Server (ConfUtils.java:logGet(43)) - raft.grpc.server.leader.outstanding.appends.max = 128 (default)
2019-07-16 15:51:06,671 INFO  grpc.GrpcConfigKeys$Server (ConfUtils.java:logGet(43)) - raft.grpc.server.leader.outstanding.appends.max = 128 (default)
2019-07-16 15:51:06,671 INFO  server.RaftServerConfigKeys (ConfUtils.java:logGet(43)) - raft.server.rpc.request.timeout = 3000ms (default)
2019-07-16 15:51:06,672 INFO  server.RaftServerConfigKeys (ConfUtils.java:logGet(43)) - raft.server.rpc.request.timeout = 3000ms (default)
2019-07-16 15:51:06,672 INFO  server.RaftServerConfigKeys (ConfUtils.java:logGet(43)) - raft.server.log.appender.install.snapshot.enabled = false (custom)
2019-07-16 15:51:06,672 INFO  server.RaftServerConfigKeys (ConfUtils.java:logGet(43)) - raft.server.log.appender.install.snapshot.enabled = false (custom)
2019-07-16 15:51:06,672 INFO  server.RaftServerConfigKeys (ConfUtils.java:logGet(43)) - raft.server.log.appender.snapshot.chunk.size.max = 16MB (=16777216) (default)
2019-07-16 15:51:06,672 INFO  server.RaftServerConfigKeys (ConfUtils.java:logGet(43)) - raft.server.log.appender.snapshot.chunk.size.max = 16MB (=16777216) (default)
2019-07-16 15:51:06,672 INFO  server.RaftServerConfigKeys (ConfUtils.java:logGet(43)) - raft.server.log.appender.buffer.byte-limit = 33554432 (custom)
2019-07-16 15:51:06,672 INFO  server.RaftServerConfigKeys (ConfUtils.java:logGet(43)) - raft.server.log.appender.buffer.byte-limit = 33554432 (custom)
2019-07-16 15:51:06,673 INFO  server.RaftServerConfigKeys (ConfUtils.java:logGet(43)) - raft.server.log.appender.buffer.element-limit = 1 (custom)
2019-07-16 15:51:06,673 INFO  server.RaftServerConfigKeys (ConfUtils.java:logGet(43)) - raft.server.log.appender.buffer.element-limit = 1 (custom)
2019-07-16 15:51:06,673 INFO  grpc.GrpcConfigKeys$Server (ConfUtils.java:logGet(43)) - raft.grpc.server.leader.outstanding.appends.max = 128 (default)
2019-07-16 15:51:06,673 INFO  grpc.GrpcConfigKeys$Server (ConfUtils.java:logGet(43)) - raft.grpc.server.leader.outstanding.appends.max = 128 (default)
2019-07-16 15:51:06,673 INFO  server.RaftServerConfigKeys (ConfUtils.java:logGet(43)) - raft.server.rpc.request.timeout = 3000ms (default)
2019-07-16 15:51:06,673 INFO  server.RaftServerConfigKeys (ConfUtils.java:logGet(43)) - raft.server.rpc.request.timeout = 3000ms (default)
2019-07-16 15:51:06,673 INFO  server.RaftServerConfigKeys (ConfUtils.java:logGet(43)) - raft.server.log.appender.install.snapshot.enabled = false (custom)
2019-07-16 15:51:06,674 INFO  server.RaftServerConfigKeys (ConfUtils.java:logGet(43)) - raft.server.log.appender.install.snapshot.enabled = false (custom)
2019-07-16 15:51:06,675 INFO  impl.RoleInfo (RoleInfo.java:updateAndGet(143)) - 63617987-8941-4eaf-a62a-6c46b0c5ddc8: start LeaderState
2019-07-16 15:51:06,675 INFO  impl.RoleInfo (RoleInfo.java:updateAndGet(143)) - 2657f31e-97ec-43d8-9d13-0eb83e3dae78: start LeaderState
2019-07-16 15:51:06,675 INFO  segmented.SegmentedRaftLogWorker (SegmentedRaftLogWorker.java:startLogSegment(380)) - 63617987-8941-4eaf-a62a-6c46b0c5ddc8-SegmentedRaftLogWorker:Storage Directory /workdir/hadoop-ozone/integration-test/target/test-dir/MiniOzoneClusterImpl-cad0d14a-2169-45b1-bb31-fa0627aa7bd1/datanode-5/data/ratis/4e77f2b3-d214-424c-a310-bf53b5111c57: Starting segment from index:0
2019-07-16 15:51:06,675 INFO  segmented.SegmentedRaftLogWorker (SegmentedRaftLogWorker.java:startLogSegment(380)) - 2657f31e-97ec-43d8-9d13-0eb83e3dae78-SegmentedRaftLogWorker:Storage Directory /workdir/hadoop-ozone/integration-test/target/test-dir/MiniOzoneClusterImpl-cad0d14a-2169-45b1-bb31-fa0627aa7bd1/datanode-1/data/ratis/2f1dbaaa-9ac9-4ffc-9213-9b332d9c090e: Starting segment from index:0
2019-07-16 15:51:06,676 INFO  impl.RaftServerImpl (ServerState.java:setRaftConf(361)) - 63617987-8941-4eaf-a62a-6c46b0c5ddc8:group-BF53B5111C57 set configuration 0: [b88f92f0-4d3b-423f-8d16-fe9cabec51a4:192.168.69.88:33651, 0c3270f1-27c7-4abb-a4fd-fa2c93388fa0:192.168.69.88:33950, 63617987-8941-4eaf-a62a-6c46b0c5ddc8:192.168.69.88:44127], old=null at 0
2019-07-16 15:51:06,688 INFO  impl.RaftServerImpl (ServerState.java:setRaftConf(361)) - 2657f31e-97ec-43d8-9d13-0eb83e3dae78:group-9B332D9C090E set configuration 0: [2657f31e-97ec-43d8-9d13-0eb83e3dae78:192.168.69.88:44556, 902dfb6e-23ce-4c87-b52c-828d2887da1d:192.168.69.88:40752, 2d5b013d-690e-4d2a-9177-36fcb81c6f75:192.168.69.88:40199], old=null at 0
2019-07-16 15:51:06,703 INFO  segmented.SegmentedRaftLogWorker (SegmentedRaftLogWorker.java:execute(569)) - 2657f31e-97ec-43d8-9d13-0eb83e3dae78-SegmentedRaftLogWorker:Storage Directory /workdir/hadoop-ozone/integration-test/target/test-dir/MiniOzoneClusterImpl-cad0d14a-2169-45b1-bb31-fa0627aa7bd1/datanode-1/data/ratis/2f1dbaaa-9ac9-4ffc-9213-9b332d9c090e: created new log segment /workdir/hadoop-ozone/integration-test/target/test-dir/MiniOzoneClusterImpl-cad0d14a-2169-45b1-bb31-fa0627aa7bd1/datanode-1/data/ratis/2f1dbaaa-9ac9-4ffc-9213-9b332d9c090e/current/log_inprogress_0
2019-07-16 15:51:06,703 INFO  segmented.SegmentedRaftLogWorker (SegmentedRaftLogWorker.java:execute(569)) - 63617987-8941-4eaf-a62a-6c46b0c5ddc8-SegmentedRaftLogWorker:Storage Directory /workdir/hadoop-ozone/integration-test/target/test-dir/MiniOzoneClusterImpl-cad0d14a-2169-45b1-bb31-fa0627aa7bd1/datanode-5/data/ratis/4e77f2b3-d214-424c-a310-bf53b5111c57: created new log segment /workdir/hadoop-ozone/integration-test/target/test-dir/MiniOzoneClusterImpl-cad0d14a-2169-45b1-bb31-fa0627aa7bd1/datanode-5/data/ratis/4e77f2b3-d214-424c-a310-bf53b5111c57/current/log_inprogress_0
2019-07-16 15:51:06,706 INFO  impl.RaftServerImpl (ServerState.java:setLeader(263)) - 0c3270f1-27c7-4abb-a4fd-fa2c93388fa0:group-BF53B5111C57 change Leader from null to 63617987-8941-4eaf-a62a-6c46b0c5ddc8 at term 1 for appendEntries, leader elected after 5194ms
2019-07-16 15:51:06,708 INFO  impl.RaftServerImpl (ServerState.java:setLeader(263)) - 2d5b013d-690e-4d2a-9177-36fcb81c6f75:group-9B332D9C090E change Leader from null to 2657f31e-97ec-43d8-9d13-0eb83e3dae78 at term 1 for appendEntries, leader elected after 5290ms
2019-07-16 15:51:06,708 INFO  impl.RaftServerImpl (ServerState.java:setLeader(263)) - 902dfb6e-23ce-4c87-b52c-828d2887da1d:group-9B332D9C090E change Leader from null to 2657f31e-97ec-43d8-9d13-0eb83e3dae78 at term 1 for appendEntries, leader elected after 5290ms
2019-07-16 15:51:06,708 INFO  impl.RaftServerImpl (ServerState.java:setLeader(263)) - b88f92f0-4d3b-423f-8d16-fe9cabec51a4:group-BF53B5111C57 change Leader from null to 63617987-8941-4eaf-a62a-6c46b0c5ddc8 at term 1 for appendEntries, leader elected after 5196ms
2019-07-16 15:51:06,739 INFO  impl.RaftServerImpl (ServerState.java:setRaftConf(361)) - 0c3270f1-27c7-4abb-a4fd-fa2c93388fa0:group-BF53B5111C57 set configuration 0: [b88f92f0-4d3b-423f-8d16-fe9cabec51a4:192.168.69.88:33651, 0c3270f1-27c7-4abb-a4fd-fa2c93388fa0:192.168.69.88:33950, 63617987-8941-4eaf-a62a-6c46b0c5ddc8:192.168.69.88:44127], old=null at 0
2019-07-16 15:51:06,739 INFO  impl.RaftServerImpl (ServerState.java:setRaftConf(361)) - 902dfb6e-23ce-4c87-b52c-828d2887da1d:group-9B332D9C090E set configuration 0: [2657f31e-97ec-43d8-9d13-0eb83e3dae78:192.168.69.88:44556, 902dfb6e-23ce-4c87-b52c-828d2887da1d:192.168.69.88:40752, 2d5b013d-690e-4d2a-9177-36fcb81c6f75:192.168.69.88:40199], old=null at 0
2019-07-16 15:51:06,739 INFO  impl.RaftServerImpl (ServerState.java:setRaftConf(361)) - b88f92f0-4d3b-423f-8d16-fe9cabec51a4:group-BF53B5111C57 set configuration 0: [b88f92f0-4d3b-423f-8d16-fe9cabec51a4:192.168.69.88:33651, 0c3270f1-27c7-4abb-a4fd-fa2c93388fa0:192.168.69.88:33950, 63617987-8941-4eaf-a62a-6c46b0c5ddc8:192.168.69.88:44127], old=null at 0
2019-07-16 15:51:06,739 INFO  impl.RaftServerImpl (ServerState.java:setRaftConf(361)) - 2d5b013d-690e-4d2a-9177-36fcb81c6f75:group-9B332D9C090E set configuration 0: [2657f31e-97ec-43d8-9d13-0eb83e3dae78:192.168.69.88:44556, 902dfb6e-23ce-4c87-b52c-828d2887da1d:192.168.69.88:40752, 2d5b013d-690e-4d2a-9177-36fcb81c6f75:192.168.69.88:40199], old=null at 0
2019-07-16 15:51:06,740 INFO  segmented.SegmentedRaftLogWorker (SegmentedRaftLogWorker.java:startLogSegment(380)) - b88f92f0-4d3b-423f-8d16-fe9cabec51a4-SegmentedRaftLogWorker:Storage Directory /workdir/hadoop-ozone/integration-test/target/test-dir/MiniOzoneClusterImpl-cad0d14a-2169-45b1-bb31-fa0627aa7bd1/datanode-6/data/ratis/4e77f2b3-d214-424c-a310-bf53b5111c57: Starting segment from index:0
2019-07-16 15:51:06,740 INFO  segmented.SegmentedRaftLogWorker (SegmentedRaftLogWorker.java:startLogSegment(380)) - 902dfb6e-23ce-4c87-b52c-828d2887da1d-SegmentedRaftLogWorker:Storage Directory /workdir/hadoop-ozone/integration-test/target/test-dir/MiniOzoneClusterImpl-cad0d14a-2169-45b1-bb31-fa0627aa7bd1/datanode-4/data/ratis/2f1dbaaa-9ac9-4ffc-9213-9b332d9c090e: Starting segment from index:0
2019-07-16 15:51:06,740 INFO  segmented.SegmentedRaftLogWorker (SegmentedRaftLogWorker.java:startLogSegment(380)) - 0c3270f1-27c7-4abb-a4fd-fa2c93388fa0-SegmentedRaftLogWorker:Storage Directory /workdir/hadoop-ozone/integration-test/target/test-dir/MiniOzoneClusterImpl-cad0d14a-2169-45b1-bb31-fa0627aa7bd1/datanode-3/data/ratis/4e77f2b3-d214-424c-a310-bf53b5111c57: Starting segment from index:0
2019-07-16 15:51:06,740 INFO  segmented.SegmentedRaftLogWorker (SegmentedRaftLogWorker.java:startLogSegment(380)) - 2d5b013d-690e-4d2a-9177-36fcb81c6f75-SegmentedRaftLogWorker:Storage Directory /workdir/hadoop-ozone/integration-test/target/test-dir/MiniOzoneClusterImpl-cad0d14a-2169-45b1-bb31-fa0627aa7bd1/datanode-2/data/ratis/2f1dbaaa-9ac9-4ffc-9213-9b332d9c090e: Starting segment from index:0
2019-07-16 15:51:06,776 INFO  segmented.SegmentedRaftLogWorker (SegmentedRaftLogWorker.java:execute(569)) - 902dfb6e-23ce-4c87-b52c-828d2887da1d-SegmentedRaftLogWorker:Storage Directory /workdir/hadoop-ozone/integration-test/target/test-dir/MiniOzoneClusterImpl-cad0d14a-2169-45b1-bb31-fa0627aa7bd1/datanode-4/data/ratis/2f1dbaaa-9ac9-4ffc-9213-9b332d9c090e: created new log segment /workdir/hadoop-ozone/integration-test/target/test-dir/MiniOzoneClusterImpl-cad0d14a-2169-45b1-bb31-fa0627aa7bd1/datanode-4/data/ratis/2f1dbaaa-9ac9-4ffc-9213-9b332d9c090e/current/log_inprogress_0
2019-07-16 15:51:06,776 INFO  segmented.SegmentedRaftLogWorker (SegmentedRaftLogWorker.java:execute(569)) - 0c3270f1-27c7-4abb-a4fd-fa2c93388fa0-SegmentedRaftLogWorker:Storage Directory /workdir/hadoop-ozone/integration-test/target/test-dir/MiniOzoneClusterImpl-cad0d14a-2169-45b1-bb31-fa0627aa7bd1/datanode-3/data/ratis/4e77f2b3-d214-424c-a310-bf53b5111c57: created new log segment /workdir/hadoop-ozone/integration-test/target/test-dir/MiniOzoneClusterImpl-cad0d14a-2169-45b1-bb31-fa0627aa7bd1/datanode-3/data/ratis/4e77f2b3-d214-424c-a310-bf53b5111c57/current/log_inprogress_0
2019-07-16 15:51:06,776 INFO  segmented.SegmentedRaftLogWorker (SegmentedRaftLogWorker.java:execute(569)) - 2d5b013d-690e-4d2a-9177-36fcb81c6f75-SegmentedRaftLogWorker:Storage Directory /workdir/hadoop-ozone/integration-test/target/test-dir/MiniOzoneClusterImpl-cad0d14a-2169-45b1-bb31-fa0627aa7bd1/datanode-2/data/ratis/2f1dbaaa-9ac9-4ffc-9213-9b332d9c090e: created new log segment /workdir/hadoop-ozone/integration-test/target/test-dir/MiniOzoneClusterImpl-cad0d14a-2169-45b1-bb31-fa0627aa7bd1/datanode-2/data/ratis/2f1dbaaa-9ac9-4ffc-9213-9b332d9c090e/current/log_inprogress_0
2019-07-16 15:51:06,776 INFO  segmented.SegmentedRaftLogWorker (SegmentedRaftLogWorker.java:execute(569)) - b88f92f0-4d3b-423f-8d16-fe9cabec51a4-SegmentedRaftLogWorker:Storage Directory /workdir/hadoop-ozone/integration-test/target/test-dir/MiniOzoneClusterImpl-cad0d14a-2169-45b1-bb31-fa0627aa7bd1/datanode-6/data/ratis/4e77f2b3-d214-424c-a310-bf53b5111c57: created new log segment /workdir/hadoop-ozone/integration-test/target/test-dir/MiniOzoneClusterImpl-cad0d14a-2169-45b1-bb31-fa0627aa7bd1/datanode-6/data/ratis/4e77f2b3-d214-424c-a310-bf53b5111c57/current/log_inprogress_0
2019-07-16 15:51:06,897 INFO  client.GrpcClientProtocolClient (GrpcClientProtocolClient.java:onNext(255)) - client-D1D6F3D2B384->b88f92f0-4d3b-423f-8d16-fe9cabec51a4: receive RaftClientReply:client-D1D6F3D2B384->b88f92f0-4d3b-423f-8d16-fe9cabec51a4@group-BF53B5111C57, cid=13, FAILED org.apache.ratis.protocol.NotLeaderException: Server b88f92f0-4d3b-423f-8d16-fe9cabec51a4 is not the leader (63617987-8941-4eaf-a62a-6c46b0c5ddc8:192.168.69.88:44127). Request must be sent to leader., logIndex=0, commits[b88f92f0-4d3b-423f-8d16-fe9cabec51a4:c0, 0c3270f1-27c7-4abb-a4fd-fa2c93388fa0:c-1, 63617987-8941-4eaf-a62a-6c46b0c5ddc8:c0]
2019-07-16 15:51:06,918 WARN  io.KeyOutputStream (KeyOutputStream.java:handleException(276)) - Encountered exception java.io.IOException: Unexpected Storage Container Exception: java.util.concurrent.CompletionException: java.util.concurrent.CompletionException: org.apache.ratis.protocol.RaftRetryFailureException: Failed RaftClientRequest:client-D1D6F3D2B384->b88f92f0-4d3b-423f-8d16-fe9cabec51a4@group-BF53B5111C57, cid=13, seq=1*, RW, org.apache.hadoop.hdds.scm.XceiverClientRatis$$Lambda$309/266906347@4d7f604 for 5 attempts with RetryLimited(maxAttempts=5, sleepTime=1000ms) on the pipeline Pipeline[ Id: 4e77f2b3-d214-424c-a310-bf53b5111c57, Nodes: 0c3270f1-27c7-4abb-a4fd-fa2c93388fa0{ip: 192.168.69.88, host: trunk-nightly-kgw5x-1882989438, networkLocation: /default-rack, certSerialId: null}63617987-8941-4eaf-a62a-6c46b0c5ddc8{ip: 192.168.69.88, host: trunk-nightly-kgw5x-1882989438, networkLocation: /default-rack, certSerialId: null}b88f92f0-4d3b-423f-8d16-fe9cabec51a4{ip: 192.168.69.88, host: trunk-nightly-kgw5x-1882989438, networkLocation: /default-rack, certSerialId: null}, Type:RATIS, Factor:THREE, State:OPEN]. The last committed block length is 0, uncommitted data length is 400 retry count 0
2019-07-16 15:51:06,950 INFO  client.GrpcClientProtocolClient (GrpcClientProtocolClient.java:onNext(255)) - client-72A0E7C16F15->2d5b013d-690e-4d2a-9177-36fcb81c6f75: receive RaftClientReply:client-72A0E7C16F15->2d5b013d-690e-4d2a-9177-36fcb81c6f75@group-9B332D9C090E, cid=19, FAILED org.apache.ratis.protocol.NotLeaderException: Server 2d5b013d-690e-4d2a-9177-36fcb81c6f75 is not the leader (2657f31e-97ec-43d8-9d13-0eb83e3dae78:192.168.69.88:44556). Request must be sent to leader., logIndex=0, commits[2d5b013d-690e-4d2a-9177-36fcb81c6f75:c0, 2657f31e-97ec-43d8-9d13-0eb83e3dae78:c0, 902dfb6e-23ce-4c87-b52c-828d2887da1d:c-1]
2019-07-16 15:51:07,157 INFO  client.GrpcClientProtocolClient (GrpcClientProtocolClient.java:onNext(255)) - client-72A0E7C16F15->2657f31e-97ec-43d8-9d13-0eb83e3dae78: receive RaftClientReply:client-72A0E7C16F15->2657f31e-97ec-43d8-9d13-0eb83e3dae78@group-9B332D9C090E, cid=19, SUCCESS, logIndex=1, commits[2657f31e-97ec-43d8-9d13-0eb83e3dae78:c1, 902dfb6e-23ce-4c87-b52c-828d2887da1d:c0, 2d5b013d-690e-4d2a-9177-36fcb81c6f75:c0]
2019-07-16 15:51:07,198 INFO  client.GrpcClientProtocolClient (GrpcClientProtocolClient.java:onNext(255)) - client-72A0E7C16F15->2657f31e-97ec-43d8-9d13-0eb83e3dae78: receive RaftClientReply:client-72A0E7C16F15->2657f31e-97ec-43d8-9d13-0eb83e3dae78@group-9B332D9C090E, cid=20, SUCCESS, logIndex=3, commits[2657f31e-97ec-43d8-9d13-0eb83e3dae78:c3, 902dfb6e-23ce-4c87-b52c-828d2887da1d:c2, 2d5b013d-690e-4d2a-9177-36fcb81c6f75:c2]
2019-07-16 15:51:07,296 INFO  client.GrpcClientProtocolClient (GrpcClientProtocolClient.java:onNext(255)) - client-72A0E7C16F15->2657f31e-97ec-43d8-9d13-0eb83e3dae78: receive RaftClientReply:client-72A0E7C16F15->2657f31e-97ec-43d8-9d13-0eb83e3dae78@group-9B332D9C090E, cid=21, SUCCESS, logIndex=4, commits[2657f31e-97ec-43d8-9d13-0eb83e3dae78:c12, 902dfb6e-23ce-4c87-b52c-828d2887da1d:c7, 2d5b013d-690e-4d2a-9177-36fcb81c6f75:c7]
2019-07-16 15:51:07,297 INFO  client.GrpcClientProtocolClient (GrpcClientProtocolClient.java:onNext(255)) - client-72A0E7C16F15->2657f31e-97ec-43d8-9d13-0eb83e3dae78: receive RaftClientReply:client-72A0E7C16F15->2657f31e-97ec-43d8-9d13-0eb83e3dae78@group-9B332D9C090E, cid=22, SUCCESS, logIndex=5, commits[2657f31e-97ec-43d8-9d13-0eb83e3dae78:c12, 902dfb6e-23ce-4c87-b52c-828d2887da1d:c7, 2d5b013d-690e-4d2a-9177-36fcb81c6f75:c7]
2019-07-16 15:51:07,298 INFO  client.GrpcClientProtocolClient (GrpcClientProtocolClient.java:onNext(255)) - client-72A0E7C16F15->2657f31e-97ec-43d8-9d13-0eb83e3dae78: receive RaftClientReply:client-72A0E7C16F15->2657f31e-97ec-43d8-9d13-0eb83e3dae78@group-9B332D9C090E, cid=23, SUCCESS, logIndex=6, commits[2657f31e-97ec-43d8-9d13-0eb83e3dae78:c12, 902dfb6e-23ce-4c87-b52c-828d2887da1d:c7, 2d5b013d-690e-4d2a-9177-36fcb81c6f75:c7]
2019-07-16 15:51:07,324 INFO  client.GrpcClientProtocolClient (GrpcClientProtocolClient.java:onNext(255)) - client-72A0E7C16F15->2657f31e-97ec-43d8-9d13-0eb83e3dae78: receive RaftClientReply:client-72A0E7C16F15->2657f31e-97ec-43d8-9d13-0eb83e3dae78@group-9B332D9C090E, cid=24, SUCCESS, logIndex=7, commits[2657f31e-97ec-43d8-9d13-0eb83e3dae78:c12, 902dfb6e-23ce-4c87-b52c-828d2887da1d:c7, 2d5b013d-690e-4d2a-9177-36fcb81c6f75:c7]
]]></system-out>
    <system-err><![CDATA[ERROR StatusLogger No Log4j 2 configuration file found. Using default configuration (logging only errors to the console), or user programmatically provided configurations. Set system property 'log4j2.debug' to show Log4j 2 internal initialization logging. See https://logging.apache.org/log4j/2.x/manual/configuration.html for instructions on how to configure Log4j 2
Jul 16, 2019 3:50:55 PM com.sun.jersey.server.impl.application.WebApplicationImpl _initiate
INFO: Initiating Jersey application, version 'Jersey: 1.19 02/11/2015 03:25 AM'
Jul 16, 2019 3:50:55 PM com.sun.jersey.server.impl.application.WebApplicationImpl _initiate
INFO: Initiating Jersey application, version 'Jersey: 1.19 02/11/2015 03:25 AM'
Jul 16, 2019 3:50:56 PM com.sun.jersey.server.impl.application.WebApplicationImpl _initiate
INFO: Initiating Jersey application, version 'Jersey: 1.19 02/11/2015 03:25 AM'
Jul 16, 2019 3:50:56 PM com.sun.jersey.server.impl.application.WebApplicationImpl _initiate
INFO: Initiating Jersey application, version 'Jersey: 1.19 02/11/2015 03:25 AM'
Jul 16, 2019 3:50:56 PM com.sun.jersey.server.impl.application.WebApplicationImpl _initiate
INFO: Initiating Jersey application, version 'Jersey: 1.19 02/11/2015 03:25 AM'
Jul 16, 2019 3:50:56 PM com.sun.jersey.server.impl.application.WebApplicationImpl _initiate
INFO: Initiating Jersey application, version 'Jersey: 1.19 02/11/2015 03:25 AM'
Jul 16, 2019 3:50:57 PM com.sun.jersey.server.impl.application.WebApplicationImpl _initiate
INFO: Initiating Jersey application, version 'Jersey: 1.19 02/11/2015 03:25 AM'
]]></system-err>
  </testcase>
  <testcase name="testWatchForCommitWithSmallerTimeoutValue" classname="org.apache.hadoop.ozone.client.rpc.TestWatchForCommit" time="43.745"/>
  <testcase name="testWatchForCommitForRetryfailure" classname="org.apache.hadoop.ozone.client.rpc.TestWatchForCommit" time="54.864"/>
  <testcase name="testWatchForCommitForGroupMismatchException" classname="org.apache.hadoop.ozone.client.rpc.TestWatchForCommit" time="32.36"/>
  <testcase name="test2WayCommitForTimeoutException" classname="org.apache.hadoop.ozone.client.rpc.TestWatchForCommit" time="35.572"/>
  <testcase name="test2WayCommitForRetryfailure" classname="org.apache.hadoop.ozone.client.rpc.TestWatchForCommit" time="42.529"/>
</testsuite>