<?xml version="1.0" encoding="UTF-8"?>
<testsuite xmlns:xsi="http://www.w3.org/2001/XMLSchema-instance" xsi:noNamespaceSchemaLocation="https://maven.apache.org/surefire/maven-surefire-plugin/xsd/surefire-test-report.xsd" name="org.apache.hadoop.ozone.client.rpc.TestBlockOutputStreamWithFailures" time="739.338" tests="8" errors="0" skipped="0" failures="1">
  <properties>
    <property name="awt.toolkit" value="sun.awt.X11.XToolkit"/>
    <property name="file.encoding.pkg" value="sun.io"/>
    <property name="java.specification.version" value="1.8"/>
    <property name="sun.cpu.isalist" value=""/>
    <property name="sun.jnu.encoding" value="UTF-8"/>
    <property name="java.class.path" value="/workdir/hadoop-ozone/integration-test/target/test-classes:/workdir/hadoop-ozone/integration-test/target/classes:/home/user/.m2/repository/org/apache/hadoop/hadoop-ozone-common/0.5.0-SNAPSHOT/hadoop-ozone-common-0.5.0-SNAPSHOT.jar:/home/user/.m2/repository/org/apache/commons/commons-compress/1.4.1/commons-compress-1.4.1.jar:/home/user/.m2/repository/org/tukaani/xz/1.0/xz-1.0.jar:/home/user/.m2/repository/org/apache/hadoop/hadoop-common/3.2.0/hadoop-common-3.2.0.jar:/home/user/.m2/repository/org/apache/hadoop/hadoop-hdfs/3.2.0/hadoop-hdfs-3.2.0.jar:/home/user/.m2/repository/org/apache/hadoop/hadoop-hdfs-client/3.2.0/hadoop-hdfs-client-3.2.0.jar:/home/user/.m2/repository/com/fasterxml/jackson/core/jackson-annotations/2.9.5/jackson-annotations-2.9.5.jar:/home/user/.m2/repository/org/apache/hadoop/hadoop-hdds-common/0.5.0-SNAPSHOT/hadoop-hdds-common-0.5.0-SNAPSHOT.jar:/home/user/.m2/repository/javax/annotation/javax.annotation-api/1.2/javax.annotation-api-1.2.jar:/home/user/.m2/repository/org/apache/ratis/ratis-server/0.4.0-2337318-SNAPSHOT/ratis-server-0.4.0-2337318-SNAPSHOT.jar:/home/user/.m2/repository/org/apache/ratis/ratis-thirdparty-misc/0.2.0/ratis-thirdparty-misc-0.2.0.jar:/home/user/.m2/repository/org/apache/ratis/ratis-proto/0.4.0-2337318-SNAPSHOT/ratis-proto-0.4.0-2337318-SNAPSHOT.jar:/home/user/.m2/repository/org/apache/ratis/ratis-common/0.4.0-2337318-SNAPSHOT/ratis-common-0.4.0-2337318-SNAPSHOT.jar:/home/user/.m2/repository/org/apache/ratis/ratis-client/0.4.0-2337318-SNAPSHOT/ratis-client-0.4.0-2337318-SNAPSHOT.jar:/home/user/.m2/repository/org/apache/ratis/ratis-metrics/0.4.0-2337318-SNAPSHOT/ratis-metrics-0.4.0-2337318-SNAPSHOT.jar:/home/user/.m2/repository/org/apache/ratis/ratis-netty/0.4.0-2337318-SNAPSHOT/ratis-netty-0.4.0-2337318-SNAPSHOT.jar:/home/user/.m2/repository/org/apache/ratis/ratis-grpc/0.4.0-2337318-SNAPSHOT/ratis-grpc-0.4.0-2337318-SNAPSHOT.jar:/home/user/.m2/repository/org/rocksdb/rocksdbjni/6.0.1/rocksdbjni-6.0.1.jar:/home/user/.m2/repository/org/apache/logging/log4j/log4j-api/2.11.0/log4j-api-2.11.0.jar:/home/user/.m2/repository/org/apache/logging/log4j/log4j-core/2.11.0/log4j-core-2.11.0.jar:/home/user/.m2/repository/com/lmax/disruptor/3.4.2/disruptor-3.4.2.jar:/home/user/.m2/repository/org/apache/commons/commons-pool2/2.6.0/commons-pool2-2.6.0.jar:/home/user/.m2/repository/org/bouncycastle/bcpkix-jdk15on/1.60/bcpkix-jdk15on-1.60.jar:/home/user/.m2/repository/commons-validator/commons-validator/1.6/commons-validator-1.6.jar:/home/user/.m2/repository/commons-digester/commons-digester/1.8.1/commons-digester-1.8.1.jar:/home/user/.m2/repository/io/jaegertracing/jaeger-client/0.33.1/jaeger-client-0.33.1.jar:/home/user/.m2/repository/io/jaegertracing/jaeger-thrift/0.33.1/jaeger-thrift-0.33.1.jar:/home/user/.m2/repository/org/apache/thrift/libthrift/0.11.0/libthrift-0.11.0.jar:/home/user/.m2/repository/com/squareup/okhttp3/okhttp/3.9.0/okhttp-3.9.0.jar:/home/user/.m2/repository/com/squareup/okio/okio/1.13.0/okio-1.13.0.jar:/home/user/.m2/repository/io/jaegertracing/jaeger-core/0.33.1/jaeger-core-0.33.1.jar:/home/user/.m2/repository/io/jaegertracing/jaeger-tracerresolver/0.33.1/jaeger-tracerresolver-0.33.1.jar:/home/user/.m2/repository/io/opentracing/contrib/opentracing-tracerresolver/0.1.5/opentracing-tracerresolver-0.1.5.jar:/home/user/.m2/repository/io/opentracing/opentracing-util/0.31.0/opentracing-util-0.31.0.jar:/home/user/.m2/repository/io/opentracing/opentracing-api/0.31.0/opentracing-api-0.31.0.jar:/home/user/.m2/repository/io/opentracing/opentracing-noop/0.31.0/opentracing-noop-0.31.0.jar:/home/user/.m2/repository/org/apache/hadoop/hadoop-hdds-server-framework/0.5.0-SNAPSHOT/hadoop-hdds-server-framework-0.5.0-SNAPSHOT.jar:/home/user/.m2/repository/org/apache/hadoop/hadoop-hdds-container-service/0.5.0-SNAPSHOT/hadoop-hdds-container-service-0.5.0-SNAPSHOT.jar:/home/user/.m2/repository/org/apache/hadoop/hadoop-hdds-client/0.5.0-SNAPSHOT/hadoop-hdds-client-0.5.0-SNAPSHOT.jar:/home/user/.m2/repository/org/apache/hadoop/hadoop-hdds-tools/0.5.0-SNAPSHOT/hadoop-hdds-tools-0.5.0-SNAPSHOT.jar:/home/user/.m2/repository/org/apache/hadoop/hadoop-hdds-server-scm/0.5.0-SNAPSHOT/hadoop-hdds-server-scm-0.5.0-SNAPSHOT.jar:/home/user/.m2/repository/org/apache/hadoop/hadoop-hdds-docs/0.5.0-SNAPSHOT/hadoop-hdds-docs-0.5.0-SNAPSHOT.jar:/home/user/.m2/repository/io/dropwizard/metrics/metrics-core/3.2.4/metrics-core-3.2.4.jar:/home/user/.m2/repository/org/hamcrest/hamcrest-all/1.3/hamcrest-all-1.3.jar:/home/user/.m2/repository/org/bouncycastle/bcprov-jdk15on/1.60/bcprov-jdk15on-1.60.jar:/home/user/.m2/repository/info/picocli/picocli/3.9.6/picocli-3.9.6.jar:/home/user/.m2/repository/com/google/protobuf/protobuf-java/2.5.0/protobuf-java-2.5.0.jar:/home/user/.m2/repository/com/google/guava/guava/11.0.2/guava-11.0.2.jar:/home/user/.m2/repository/org/apache/hadoop/hadoop-ozone-ozone-manager/0.5.0-SNAPSHOT/hadoop-ozone-ozone-manager-0.5.0-SNAPSHOT.jar:/home/user/.m2/repository/org/apache/hadoop/hadoop-minikdc/3.2.0/hadoop-minikdc-3.2.0.jar:/home/user/.m2/repository/commons-io/commons-io/2.5/commons-io-2.5.jar:/home/user/.m2/repository/org/apache/kerby/kerb-simplekdc/1.0.1/kerb-simplekdc-1.0.1.jar:/home/user/.m2/repository/org/apache/kerby/kerb-client/1.0.1/kerb-client-1.0.1.jar:/home/user/.m2/repository/org/apache/kerby/kerby-config/1.0.1/kerby-config-1.0.1.jar:/home/user/.m2/repository/org/apache/kerby/kerb-core/1.0.1/kerb-core-1.0.1.jar:/home/user/.m2/repository/org/apache/kerby/kerby-pkix/1.0.1/kerby-pkix-1.0.1.jar:/home/user/.m2/repository/org/apache/kerby/kerby-asn1/1.0.1/kerby-asn1-1.0.1.jar:/home/user/.m2/repository/org/apache/kerby/kerby-util/1.0.1/kerby-util-1.0.1.jar:/home/user/.m2/repository/org/apache/kerby/kerb-common/1.0.1/kerb-common-1.0.1.jar:/home/user/.m2/repository/org/apache/kerby/kerb-crypto/1.0.1/kerb-crypto-1.0.1.jar:/home/user/.m2/repository/org/apache/kerby/kerb-util/1.0.1/kerb-util-1.0.1.jar:/home/user/.m2/repository/org/apache/kerby/token-provider/1.0.1/token-provider-1.0.1.jar:/home/user/.m2/repository/org/apache/kerby/kerb-admin/1.0.1/kerb-admin-1.0.1.jar:/home/user/.m2/repository/org/apache/kerby/kerb-server/1.0.1/kerb-server-1.0.1.jar:/home/user/.m2/repository/org/apache/kerby/kerb-identity/1.0.1/kerb-identity-1.0.1.jar:/home/user/.m2/repository/org/apache/kerby/kerby-xdr/1.0.1/kerby-xdr-1.0.1.jar:/home/user/.m2/repository/org/slf4j/slf4j-log4j12/1.7.25/slf4j-log4j12-1.7.25.jar:/home/user/.m2/repository/org/apache/hadoop/hadoop-ozone-objectstore-service/0.5.0-SNAPSHOT/hadoop-ozone-objectstore-service-0.5.0-SNAPSHOT.jar:/home/user/.m2/repository/org/apache/hadoop/hadoop-ozone-s3gateway/0.5.0-SNAPSHOT/hadoop-ozone-s3gateway-0.5.0-SNAPSHOT.jar:/home/user/.m2/repository/org/jboss/weld/servlet/weld-servlet/2.4.7.Final/weld-servlet-2.4.7.Final.jar:/home/user/.m2/repository/org/glassfish/jersey/containers/jersey-container-servlet-core/2.27/jersey-container-servlet-core-2.27.jar:/home/user/.m2/repository/org/glassfish/hk2/external/javax.inject/2.5.0-b42/javax.inject-2.5.0-b42.jar:/home/user/.m2/repository/org/glassfish/jersey/core/jersey-common/2.27/jersey-common-2.27.jar:/home/user/.m2/repository/org/glassfish/hk2/osgi-resource-locator/1.0.1/osgi-resource-locator-1.0.1.jar:/home/user/.m2/repository/javax/ws/rs/javax.ws.rs-api/2.1/javax.ws.rs-api-2.1.jar:/home/user/.m2/repository/org/glassfish/jersey/ext/cdi/jersey-cdi1x/2.27/jersey-cdi1x-2.27.jar:/home/user/.m2/repository/org/glassfish/jersey/inject/jersey-hk2/2.27/jersey-hk2-2.27.jar:/home/user/.m2/repository/org/glassfish/hk2/hk2-locator/2.5.0-b42/hk2-locator-2.5.0-b42.jar:/home/user/.m2/repository/org/javassist/javassist/3.22.0-CR2/javassist-3.22.0-CR2.jar:/home/user/.m2/repository/org/glassfish/hk2/hk2-api/2.5.0/hk2-api-2.5.0.jar:/home/user/.m2/repository/org/glassfish/hk2/external/jakarta.inject/2.5.0/jakarta.inject-2.5.0.jar:/home/user/.m2/repository/org/glassfish/hk2/hk2-utils/2.5.0/hk2-utils-2.5.0.jar:/home/user/.m2/repository/jakarta/annotation/jakarta.annotation-api/1.3.4/jakarta.annotation-api-1.3.4.jar:/home/user/.m2/repository/org/glassfish/hk2/external/aopalliance-repackaged/2.5.0/aopalliance-repackaged-2.5.0.jar:/home/user/.m2/repository/com/fasterxml/jackson/dataformat/jackson-dataformat-xml/2.9.0/jackson-dataformat-xml-2.9.0.jar:/home/user/.m2/repository/com/fasterxml/jackson/core/jackson-core/2.9.5/jackson-core-2.9.5.jar:/home/user/.m2/repository/com/fasterxml/jackson/module/jackson-module-jaxb-annotations/2.9.5/jackson-module-jaxb-annotations-2.9.5.jar:/home/user/.m2/repository/javax/enterprise/cdi-api/1.2/cdi-api-1.2.jar:/home/user/.m2/repository/javax/el/javax.el-api/3.0.0/javax.el-api-3.0.0.jar:/home/user/.m2/repository/javax/interceptor/javax.interceptor-api/1.2/javax.interceptor-api-1.2.jar:/home/user/.m2/repository/javax/inject/javax.inject/1/javax.inject-1.jar:/home/user/.m2/repository/com/sun/xml/bind/jaxb-impl/2.3.0.1/jaxb-impl-2.3.0.1.jar:/home/user/.m2/repository/com/sun/xml/bind/jaxb-core/2.3.0.1/jaxb-core-2.3.0.1.jar:/home/user/.m2/repository/javax/xml/bind/jaxb-api/2.3.0/jaxb-api-2.3.0.jar:/home/user/.m2/repository/javax/activation/activation/1.1.1/activation-1.1.1.jar:/home/user/.m2/repository/org/apache/hadoop/hadoop-ozone-csi/0.5.0-SNAPSHOT/hadoop-ozone-csi-0.5.0-SNAPSHOT.jar:/home/user/.m2/repository/com/google/protobuf/protobuf-java-util/3.5.1/protobuf-java-util-3.5.1.jar:/home/user/.m2/repository/org/apache/hadoop/hadoop-hdds-config/0.5.0-SNAPSHOT/hadoop-hdds-config-0.5.0-SNAPSHOT.jar:/home/user/.m2/repository/io/grpc/grpc-netty/1.17.1/grpc-netty-1.17.1.jar:/home/user/.m2/repository/io/grpc/grpc-core/1.17.1/grpc-core-1.17.1.jar:/home/user/.m2/repository/io/grpc/grpc-context/1.17.1/grpc-context-1.17.1.jar:/home/user/.m2/repository/com/google/errorprone/error_prone_annotations/2.2.0/error_prone_annotations-2.2.0.jar:/home/user/.m2/repository/org/codehaus/mojo/animal-sniffer-annotations/1.17/animal-sniffer-annotations-1.17.jar:/home/user/.m2/repository/io/opencensus/opencensus-api/0.17.0/opencensus-api-0.17.0.jar:/home/user/.m2/repository/io/opencensus/opencensus-contrib-grpc-metrics/0.17.0/opencensus-contrib-grpc-metrics-0.17.0.jar:/home/user/.m2/repository/io/netty/netty-codec-http2/4.1.30.Final/netty-codec-http2-4.1.30.Final.jar:/home/user/.m2/repository/io/netty/netty-codec-http/4.1.30.Final/netty-codec-http-4.1.30.Final.jar:/home/user/.m2/repository/io/netty/netty-codec/4.1.30.Final/netty-codec-4.1.30.Final.jar:/home/user/.m2/repository/io/netty/netty-handler/4.1.30.Final/netty-handler-4.1.30.Final.jar:/home/user/.m2/repository/io/netty/netty-handler-proxy/4.1.30.Final/netty-handler-proxy-4.1.30.Final.jar:/home/user/.m2/repository/io/netty/netty-codec-socks/4.1.30.Final/netty-codec-socks-4.1.30.Final.jar:/home/user/.m2/repository/io/netty/netty-transport-native-epoll/4.1.30.Final/netty-transport-native-epoll-4.1.30.Final.jar:/home/user/.m2/repository/io/netty/netty-common/4.1.30.Final/netty-common-4.1.30.Final.jar:/home/user/.m2/repository/io/netty/netty-buffer/4.1.30.Final/netty-buffer-4.1.30.Final.jar:/home/user/.m2/repository/io/netty/netty-transport/4.1.30.Final/netty-transport-4.1.30.Final.jar:/home/user/.m2/repository/io/netty/netty-resolver/4.1.30.Final/netty-resolver-4.1.30.Final.jar:/home/user/.m2/repository/io/netty/netty-transport-native-unix-common/4.1.30.Final/netty-transport-native-unix-common-4.1.30.Final.jar:/home/user/.m2/repository/io/grpc/grpc-protobuf/1.17.1/grpc-protobuf-1.17.1.jar:/home/user/.m2/repository/com/google/api/grpc/proto-google-common-protos/1.0.0/proto-google-common-protos-1.0.0.jar:/home/user/.m2/repository/io/grpc/grpc-protobuf-lite/1.17.1/grpc-protobuf-lite-1.17.1.jar:/home/user/.m2/repository/io/grpc/grpc-stub/1.17.1/grpc-stub-1.17.1.jar:/home/user/.m2/repository/org/apache/hadoop/hadoop-ozone-recon/0.5.0-SNAPSHOT/hadoop-ozone-recon-0.5.0-SNAPSHOT.jar:/home/user/.m2/repository/org/apache/hadoop/hadoop-ozone-reconcodegen/0.5.0-SNAPSHOT/hadoop-ozone-reconcodegen-0.5.0-SNAPSHOT.jar:/home/user/.m2/repository/com/google/inject/extensions/guice-multibindings/4.0/guice-multibindings-4.0.jar:/home/user/.m2/repository/com/google/inject/guice/4.0/guice-4.0.jar:/home/user/.m2/repository/aopalliance/aopalliance/1.0/aopalliance-1.0.jar:/home/user/.m2/repository/com/google/inject/extensions/guice-servlet/4.0/guice-servlet-4.0.jar:/home/user/.m2/repository/org/glassfish/jersey/containers/jersey-container-servlet/2.27/jersey-container-servlet-2.27.jar:/home/user/.m2/repository/org/glassfish/hk2/guice-bridge/2.5.0/guice-bridge-2.5.0.jar:/home/user/.m2/repository/org/glassfish/jersey/core/jersey-server/2.27/jersey-server-2.27.jar:/home/user/.m2/repository/org/glassfish/jersey/core/jersey-client/2.27/jersey-client-2.27.jar:/home/user/.m2/repository/org/glassfish/jersey/media/jersey-media-jaxb/2.27/jersey-media-jaxb-2.27.jar:/home/user/.m2/repository/javax/validation/validation-api/1.1.0.Final/validation-api-1.1.0.Final.jar:/home/user/.m2/repository/org/glassfish/jersey/media/jersey-media-json-jackson/2.27/jersey-media-json-jackson-2.27.jar:/home/user/.m2/repository/org/glassfish/jersey/ext/jersey-entity-filtering/2.27/jersey-entity-filtering-2.27.jar:/home/user/.m2/repository/com/google/inject/extensions/guice-assistedinject/4.0/guice-assistedinject-4.0.jar:/home/user/.m2/repository/org/jooq/jooq/3.11.10/jooq-3.11.10.jar:/home/user/.m2/repository/org/jooq/jooq-meta/3.11.10/jooq-meta-3.11.10.jar:/home/user/.m2/repository/org/jooq/jooq-codegen/3.11.10/jooq-codegen-3.11.10.jar:/home/user/.m2/repository/com/jolbox/bonecp/0.8.0.RELEASE/bonecp-0.8.0.RELEASE.jar:/home/user/.m2/repository/org/xerial/sqlite-jdbc/3.25.2/sqlite-jdbc-3.25.2.jar:/home/user/.m2/repository/org/springframework/spring-jdbc/5.1.3.RELEASE/spring-jdbc-5.1.3.RELEASE.jar:/home/user/.m2/repository/org/springframework/spring-beans/5.1.3.RELEASE/spring-beans-5.1.3.RELEASE.jar:/home/user/.m2/repository/org/springframework/spring-core/5.1.3.RELEASE/spring-core-5.1.3.RELEASE.jar:/home/user/.m2/repository/org/springframework/spring-jcl/5.1.3.RELEASE/spring-jcl-5.1.3.RELEASE.jar:/home/user/.m2/repository/org/springframework/spring-tx/5.1.3.RELEASE/spring-tx-5.1.3.RELEASE.jar:/home/user/.m2/repository/org/apache/hadoop/hadoop-ozone-client/0.5.0-SNAPSHOT/hadoop-ozone-client-0.5.0-SNAPSHOT.jar:/home/user/.m2/repository/commons-lang/commons-lang/2.6/commons-lang-2.6.jar:/home/user/.m2/repository/org/apache/hadoop/hadoop-ozone-ozone-manager/0.5.0-SNAPSHOT/hadoop-ozone-ozone-manager-0.5.0-SNAPSHOT-tests.jar:/home/user/.m2/repository/junit/junit/4.11/junit-4.11.jar:/home/user/.m2/repository/org/hamcrest/hamcrest-core/1.3/hamcrest-core-1.3.jar:/home/user/.m2/repository/org/openjdk/jmh/jmh-core/1.19/jmh-core-1.19.jar:/home/user/.m2/repository/net/sf/jopt-simple/jopt-simple/4.6/jopt-simple-4.6.jar:/home/user/.m2/repository/org/apache/commons/commons-math3/3.1.1/commons-math3-3.1.1.jar:/home/user/.m2/repository/org/openjdk/jmh/jmh-generator-annprocess/1.19/jmh-generator-annprocess-1.19.jar:/home/user/.m2/repository/org/mockito/mockito-all/1.8.5/mockito-all-1.8.5.jar:/home/user/.m2/repository/org/apache/hadoop/hadoop-kms/3.2.0/hadoop-kms-3.2.0.jar:/home/user/.m2/repository/org/apache/hadoop/hadoop-auth/3.2.0/hadoop-auth-3.2.0.jar:/home/user/.m2/repository/com/nimbusds/nimbus-jose-jwt/4.41.1/nimbus-jose-jwt-4.41.1.jar:/home/user/.m2/repository/com/github/stephenc/jcip/jcip-annotations/1.0-1/jcip-annotations-1.0-1.jar:/home/user/.m2/repository/net/minidev/json-smart/2.3/json-smart-2.3.jar:/home/user/.m2/repository/net/minidev/accessors-smart/1.2/accessors-smart-1.2.jar:/home/user/.m2/repository/org/ow2/asm/asm/5.0.4/asm-5.0.4.jar:/home/user/.m2/repository/org/apache/curator/curator-framework/2.12.0/curator-framework-2.12.0.jar:/home/user/.m2/repository/com/sun/jersey/jersey-core/1.19/jersey-core-1.19.jar:/home/user/.m2/repository/javax/ws/rs/jsr311-api/1.1.1/jsr311-api-1.1.1.jar:/home/user/.m2/repository/com/sun/jersey/jersey-server/1.19/jersey-server-1.19.jar:/home/user/.m2/repository/javax/servlet/javax.servlet-api/3.1.0/javax.servlet-api-3.1.0.jar:/home/user/.m2/repository/org/eclipse/jetty/jetty-server/9.3.24.v20180605/jetty-server-9.3.24.v20180605.jar:/home/user/.m2/repository/org/eclipse/jetty/jetty-http/9.3.24.v20180605/jetty-http-9.3.24.v20180605.jar:/home/user/.m2/repository/org/eclipse/jetty/jetty-io/9.3.24.v20180605/jetty-io-9.3.24.v20180605.jar:/home/user/.m2/repository/org/eclipse/jetty/jetty-webapp/9.3.24.v20180605/jetty-webapp-9.3.24.v20180605.jar:/home/user/.m2/repository/org/eclipse/jetty/jetty-xml/9.3.24.v20180605/jetty-xml-9.3.24.v20180605.jar:/home/user/.m2/repository/log4j/log4j/1.2.17/log4j-1.2.17.jar:/home/user/.m2/repository/org/slf4j/slf4j-api/1.7.25/slf4j-api-1.7.25.jar:/home/user/.m2/repository/org/slf4j/jul-to-slf4j/1.7.25/jul-to-slf4j-1.7.25.jar:/home/user/.m2/repository/org/eclipse/jetty/jetty-util/9.3.24.v20180605/jetty-util-9.3.24.v20180605.jar:/home/user/.m2/repository/com/fasterxml/jackson/core/jackson-databind/2.9.5/jackson-databind-2.9.5.jar:/home/user/.m2/repository/org/apache/hadoop/hadoop-kms/3.2.0/hadoop-kms-3.2.0-tests.jar:/home/user/.m2/repository/org/apache/hadoop/hadoop-hdds-server-scm/0.5.0-SNAPSHOT/hadoop-hdds-server-scm-0.5.0-SNAPSHOT-tests.jar:/home/user/.m2/repository/org/apache/hadoop/hadoop-hdds-container-service/0.5.0-SNAPSHOT/hadoop-hdds-container-service-0.5.0-SNAPSHOT-tests.jar:/home/user/.m2/repository/org/yaml/snakeyaml/1.16/snakeyaml-1.16.jar:/home/user/.m2/repository/org/apache/hadoop/hadoop-common/3.2.0/hadoop-common-3.2.0-tests.jar:/home/user/.m2/repository/org/apache/hadoop/hadoop-annotations/3.2.0/hadoop-annotations-3.2.0.jar:/usr/lib/jvm/java-1.8-openjdk/jre/../lib/tools.jar:/home/user/.m2/repository/commons-cli/commons-cli/1.2/commons-cli-1.2.jar:/home/user/.m2/repository/org/apache/httpcomponents/httpclient/4.5.2/httpclient-4.5.2.jar:/home/user/.m2/repository/org/apache/httpcomponents/httpcore/4.4.4/httpcore-4.4.4.jar:/home/user/.m2/repository/commons-codec/commons-codec/1.11/commons-codec-1.11.jar:/home/user/.m2/repository/commons-net/commons-net/3.6/commons-net-3.6.jar:/home/user/.m2/repository/commons-collections/commons-collections/3.2.2/commons-collections-3.2.2.jar:/home/user/.m2/repository/org/eclipse/jetty/jetty-servlet/9.3.24.v20180605/jetty-servlet-9.3.24.v20180605.jar:/home/user/.m2/repository/org/eclipse/jetty/jetty-security/9.3.24.v20180605/jetty-security-9.3.24.v20180605.jar:/home/user/.m2/repository/javax/servlet/jsp/jsp-api/2.1/jsp-api-2.1.jar:/home/user/.m2/repository/com/sun/jersey/jersey-servlet/1.19/jersey-servlet-1.19.jar:/home/user/.m2/repository/com/sun/jersey/jersey-json/1.19/jersey-json-1.19.jar:/home/user/.m2/repository/org/codehaus/jettison/jettison/1.1/jettison-1.1.jar:/home/user/.m2/repository/org/codehaus/jackson/jackson-core-asl/1.9.13/jackson-core-asl-1.9.13.jar:/home/user/.m2/repository/org/codehaus/jackson/jackson-mapper-asl/1.9.13/jackson-mapper-asl-1.9.13.jar:/home/user/.m2/repository/org/codehaus/jackson/jackson-jaxrs/1.9.13/jackson-jaxrs-1.9.13.jar:/home/user/.m2/repository/org/codehaus/jackson/jackson-xc/1.9.13/jackson-xc-1.9.13.jar:/home/user/.m2/repository/commons-logging/commons-logging/1.1.3/commons-logging-1.1.3.jar:/home/user/.m2/repository/commons-beanutils/commons-beanutils/1.9.3/commons-beanutils-1.9.3.jar:/home/user/.m2/repository/org/apache/commons/commons-configuration2/2.1.1/commons-configuration2-2.1.1.jar:/home/user/.m2/repository/org/apache/commons/commons-lang3/3.7/commons-lang3-3.7.jar:/home/user/.m2/repository/org/apache/commons/commons-text/1.4/commons-text-1.4.jar:/home/user/.m2/repository/org/apache/avro/avro/1.7.7/avro-1.7.7.jar:/home/user/.m2/repository/com/thoughtworks/paranamer/paranamer/2.3/paranamer-2.3.jar:/home/user/.m2/repository/org/xerial/snappy/snappy-java/1.0.5/snappy-java-1.0.5.jar:/home/user/.m2/repository/com/google/re2j/re2j/1.1/re2j-1.1.jar:/home/user/.m2/repository/com/google/code/gson/gson/2.2.4/gson-2.2.4.jar:/home/user/.m2/repository/com/jcraft/jsch/0.1.54/jsch-0.1.54.jar:/home/user/.m2/repository/org/apache/curator/curator-client/2.12.0/curator-client-2.12.0.jar:/home/user/.m2/repository/org/apache/curator/curator-recipes/2.12.0/curator-recipes-2.12.0.jar:/home/user/.m2/repository/com/google/code/findbugs/jsr305/3.0.0/jsr305-3.0.0.jar:/home/user/.m2/repository/org/apache/htrace/htrace-core4/4.1.0-incubating/htrace-core4-4.1.0-incubating.jar:/home/user/.m2/repository/org/apache/zookeeper/zookeeper/3.4.13/zookeeper-3.4.13.jar:/home/user/.m2/repository/org/apache/yetus/audience-annotations/0.5.0/audience-annotations-0.5.0.jar:/home/user/.m2/repository/org/codehaus/woodstox/stax2-api/3.1.4/stax2-api-3.1.4.jar:/home/user/.m2/repository/com/fasterxml/woodstox/woodstox-core/5.0.3/woodstox-core-5.0.3.jar:/home/user/.m2/repository/dnsjava/dnsjava/2.1.7/dnsjava-2.1.7.jar:/home/user/.m2/repository/org/apache/hadoop/hadoop-hdfs/3.2.0/hadoop-hdfs-3.2.0-tests.jar:/home/user/.m2/repository/org/eclipse/jetty/jetty-util-ajax/9.3.24.v20180605/jetty-util-ajax-9.3.24.v20180605.jar:/home/user/.m2/repository/commons-daemon/commons-daemon/1.0.13/commons-daemon-1.0.13.jar:/home/user/.m2/repository/io/netty/netty/3.10.5.Final/netty-3.10.5.Final.jar:/home/user/.m2/repository/io/netty/netty-all/4.0.52.Final/netty-all-4.0.52.Final.jar:/home/user/.m2/repository/org/fusesource/leveldbjni/leveldbjni-all/1.8/leveldbjni-all-1.8.jar:"/>
    <property name="java.vm.vendor" value="IcedTea"/>
    <property name="sun.arch.data.model" value="64"/>
    <property name="test.build.dir" value="/workdir/hadoop-ozone/integration-test/target/test-dir"/>
    <property name="test.cache.data" value=""/>
    <property name="java.vendor.url" value="https://icedtea.classpath.org"/>
    <property name="user.timezone" value=""/>
    <property name="java.vm.specification.version" value="1.8"/>
    <property name="os.name" value="Linux"/>
    <property name="test.build.data" value="/workdir/hadoop-ozone/integration-test/target/test-dir"/>
    <property name="user.country" value="US"/>
    <property name="sun.java.launcher" value="SUN_STANDARD"/>
    <property name="sun.boot.library.path" value="/usr/lib/jvm/java-1.8-openjdk/jre/lib/amd64"/>
    <property name="sun.java.command" value="/workdir/hadoop-ozone/integration-test/target/surefire/surefirebooter5663435930103896596.jar /workdir/hadoop-ozone/integration-test/target/surefire 2019-08-28T15-31-01_727-jvmRun1 surefire6969186074964619083tmp surefire_482664423866799017545tmp"/>
    <property name="test" value="!TestMiniChaosOzoneCluster"/>
    <property name="surefire.test.class.path" value="/workdir/hadoop-ozone/integration-test/target/test-classes:/workdir/hadoop-ozone/integration-test/target/classes:/home/user/.m2/repository/org/apache/hadoop/hadoop-ozone-common/0.5.0-SNAPSHOT/hadoop-ozone-common-0.5.0-SNAPSHOT.jar:/home/user/.m2/repository/org/apache/commons/commons-compress/1.4.1/commons-compress-1.4.1.jar:/home/user/.m2/repository/org/tukaani/xz/1.0/xz-1.0.jar:/home/user/.m2/repository/org/apache/hadoop/hadoop-common/3.2.0/hadoop-common-3.2.0.jar:/home/user/.m2/repository/org/apache/hadoop/hadoop-hdfs/3.2.0/hadoop-hdfs-3.2.0.jar:/home/user/.m2/repository/org/apache/hadoop/hadoop-hdfs-client/3.2.0/hadoop-hdfs-client-3.2.0.jar:/home/user/.m2/repository/com/fasterxml/jackson/core/jackson-annotations/2.9.5/jackson-annotations-2.9.5.jar:/home/user/.m2/repository/org/apache/hadoop/hadoop-hdds-common/0.5.0-SNAPSHOT/hadoop-hdds-common-0.5.0-SNAPSHOT.jar:/home/user/.m2/repository/javax/annotation/javax.annotation-api/1.2/javax.annotation-api-1.2.jar:/home/user/.m2/repository/org/apache/ratis/ratis-server/0.4.0-2337318-SNAPSHOT/ratis-server-0.4.0-2337318-SNAPSHOT.jar:/home/user/.m2/repository/org/apache/ratis/ratis-thirdparty-misc/0.2.0/ratis-thirdparty-misc-0.2.0.jar:/home/user/.m2/repository/org/apache/ratis/ratis-proto/0.4.0-2337318-SNAPSHOT/ratis-proto-0.4.0-2337318-SNAPSHOT.jar:/home/user/.m2/repository/org/apache/ratis/ratis-common/0.4.0-2337318-SNAPSHOT/ratis-common-0.4.0-2337318-SNAPSHOT.jar:/home/user/.m2/repository/org/apache/ratis/ratis-client/0.4.0-2337318-SNAPSHOT/ratis-client-0.4.0-2337318-SNAPSHOT.jar:/home/user/.m2/repository/org/apache/ratis/ratis-metrics/0.4.0-2337318-SNAPSHOT/ratis-metrics-0.4.0-2337318-SNAPSHOT.jar:/home/user/.m2/repository/org/apache/ratis/ratis-netty/0.4.0-2337318-SNAPSHOT/ratis-netty-0.4.0-2337318-SNAPSHOT.jar:/home/user/.m2/repository/org/apache/ratis/ratis-grpc/0.4.0-2337318-SNAPSHOT/ratis-grpc-0.4.0-2337318-SNAPSHOT.jar:/home/user/.m2/repository/org/rocksdb/rocksdbjni/6.0.1/rocksdbjni-6.0.1.jar:/home/user/.m2/repository/org/apache/logging/log4j/log4j-api/2.11.0/log4j-api-2.11.0.jar:/home/user/.m2/repository/org/apache/logging/log4j/log4j-core/2.11.0/log4j-core-2.11.0.jar:/home/user/.m2/repository/com/lmax/disruptor/3.4.2/disruptor-3.4.2.jar:/home/user/.m2/repository/org/apache/commons/commons-pool2/2.6.0/commons-pool2-2.6.0.jar:/home/user/.m2/repository/org/bouncycastle/bcpkix-jdk15on/1.60/bcpkix-jdk15on-1.60.jar:/home/user/.m2/repository/commons-validator/commons-validator/1.6/commons-validator-1.6.jar:/home/user/.m2/repository/commons-digester/commons-digester/1.8.1/commons-digester-1.8.1.jar:/home/user/.m2/repository/io/jaegertracing/jaeger-client/0.33.1/jaeger-client-0.33.1.jar:/home/user/.m2/repository/io/jaegertracing/jaeger-thrift/0.33.1/jaeger-thrift-0.33.1.jar:/home/user/.m2/repository/org/apache/thrift/libthrift/0.11.0/libthrift-0.11.0.jar:/home/user/.m2/repository/com/squareup/okhttp3/okhttp/3.9.0/okhttp-3.9.0.jar:/home/user/.m2/repository/com/squareup/okio/okio/1.13.0/okio-1.13.0.jar:/home/user/.m2/repository/io/jaegertracing/jaeger-core/0.33.1/jaeger-core-0.33.1.jar:/home/user/.m2/repository/io/jaegertracing/jaeger-tracerresolver/0.33.1/jaeger-tracerresolver-0.33.1.jar:/home/user/.m2/repository/io/opentracing/contrib/opentracing-tracerresolver/0.1.5/opentracing-tracerresolver-0.1.5.jar:/home/user/.m2/repository/io/opentracing/opentracing-util/0.31.0/opentracing-util-0.31.0.jar:/home/user/.m2/repository/io/opentracing/opentracing-api/0.31.0/opentracing-api-0.31.0.jar:/home/user/.m2/repository/io/opentracing/opentracing-noop/0.31.0/opentracing-noop-0.31.0.jar:/home/user/.m2/repository/org/apache/hadoop/hadoop-hdds-server-framework/0.5.0-SNAPSHOT/hadoop-hdds-server-framework-0.5.0-SNAPSHOT.jar:/home/user/.m2/repository/org/apache/hadoop/hadoop-hdds-container-service/0.5.0-SNAPSHOT/hadoop-hdds-container-service-0.5.0-SNAPSHOT.jar:/home/user/.m2/repository/org/apache/hadoop/hadoop-hdds-client/0.5.0-SNAPSHOT/hadoop-hdds-client-0.5.0-SNAPSHOT.jar:/home/user/.m2/repository/org/apache/hadoop/hadoop-hdds-tools/0.5.0-SNAPSHOT/hadoop-hdds-tools-0.5.0-SNAPSHOT.jar:/home/user/.m2/repository/org/apache/hadoop/hadoop-hdds-server-scm/0.5.0-SNAPSHOT/hadoop-hdds-server-scm-0.5.0-SNAPSHOT.jar:/home/user/.m2/repository/org/apache/hadoop/hadoop-hdds-docs/0.5.0-SNAPSHOT/hadoop-hdds-docs-0.5.0-SNAPSHOT.jar:/home/user/.m2/repository/io/dropwizard/metrics/metrics-core/3.2.4/metrics-core-3.2.4.jar:/home/user/.m2/repository/org/hamcrest/hamcrest-all/1.3/hamcrest-all-1.3.jar:/home/user/.m2/repository/org/bouncycastle/bcprov-jdk15on/1.60/bcprov-jdk15on-1.60.jar:/home/user/.m2/repository/info/picocli/picocli/3.9.6/picocli-3.9.6.jar:/home/user/.m2/repository/com/google/protobuf/protobuf-java/2.5.0/protobuf-java-2.5.0.jar:/home/user/.m2/repository/com/google/guava/guava/11.0.2/guava-11.0.2.jar:/home/user/.m2/repository/org/apache/hadoop/hadoop-ozone-ozone-manager/0.5.0-SNAPSHOT/hadoop-ozone-ozone-manager-0.5.0-SNAPSHOT.jar:/home/user/.m2/repository/org/apache/hadoop/hadoop-minikdc/3.2.0/hadoop-minikdc-3.2.0.jar:/home/user/.m2/repository/commons-io/commons-io/2.5/commons-io-2.5.jar:/home/user/.m2/repository/org/apache/kerby/kerb-simplekdc/1.0.1/kerb-simplekdc-1.0.1.jar:/home/user/.m2/repository/org/apache/kerby/kerb-client/1.0.1/kerb-client-1.0.1.jar:/home/user/.m2/repository/org/apache/kerby/kerby-config/1.0.1/kerby-config-1.0.1.jar:/home/user/.m2/repository/org/apache/kerby/kerb-core/1.0.1/kerb-core-1.0.1.jar:/home/user/.m2/repository/org/apache/kerby/kerby-pkix/1.0.1/kerby-pkix-1.0.1.jar:/home/user/.m2/repository/org/apache/kerby/kerby-asn1/1.0.1/kerby-asn1-1.0.1.jar:/home/user/.m2/repository/org/apache/kerby/kerby-util/1.0.1/kerby-util-1.0.1.jar:/home/user/.m2/repository/org/apache/kerby/kerb-common/1.0.1/kerb-common-1.0.1.jar:/home/user/.m2/repository/org/apache/kerby/kerb-crypto/1.0.1/kerb-crypto-1.0.1.jar:/home/user/.m2/repository/org/apache/kerby/kerb-util/1.0.1/kerb-util-1.0.1.jar:/home/user/.m2/repository/org/apache/kerby/token-provider/1.0.1/token-provider-1.0.1.jar:/home/user/.m2/repository/org/apache/kerby/kerb-admin/1.0.1/kerb-admin-1.0.1.jar:/home/user/.m2/repository/org/apache/kerby/kerb-server/1.0.1/kerb-server-1.0.1.jar:/home/user/.m2/repository/org/apache/kerby/kerb-identity/1.0.1/kerb-identity-1.0.1.jar:/home/user/.m2/repository/org/apache/kerby/kerby-xdr/1.0.1/kerby-xdr-1.0.1.jar:/home/user/.m2/repository/org/slf4j/slf4j-log4j12/1.7.25/slf4j-log4j12-1.7.25.jar:/home/user/.m2/repository/org/apache/hadoop/hadoop-ozone-objectstore-service/0.5.0-SNAPSHOT/hadoop-ozone-objectstore-service-0.5.0-SNAPSHOT.jar:/home/user/.m2/repository/org/apache/hadoop/hadoop-ozone-s3gateway/0.5.0-SNAPSHOT/hadoop-ozone-s3gateway-0.5.0-SNAPSHOT.jar:/home/user/.m2/repository/org/jboss/weld/servlet/weld-servlet/2.4.7.Final/weld-servlet-2.4.7.Final.jar:/home/user/.m2/repository/org/glassfish/jersey/containers/jersey-container-servlet-core/2.27/jersey-container-servlet-core-2.27.jar:/home/user/.m2/repository/org/glassfish/hk2/external/javax.inject/2.5.0-b42/javax.inject-2.5.0-b42.jar:/home/user/.m2/repository/org/glassfish/jersey/core/jersey-common/2.27/jersey-common-2.27.jar:/home/user/.m2/repository/org/glassfish/hk2/osgi-resource-locator/1.0.1/osgi-resource-locator-1.0.1.jar:/home/user/.m2/repository/javax/ws/rs/javax.ws.rs-api/2.1/javax.ws.rs-api-2.1.jar:/home/user/.m2/repository/org/glassfish/jersey/ext/cdi/jersey-cdi1x/2.27/jersey-cdi1x-2.27.jar:/home/user/.m2/repository/org/glassfish/jersey/inject/jersey-hk2/2.27/jersey-hk2-2.27.jar:/home/user/.m2/repository/org/glassfish/hk2/hk2-locator/2.5.0-b42/hk2-locator-2.5.0-b42.jar:/home/user/.m2/repository/org/javassist/javassist/3.22.0-CR2/javassist-3.22.0-CR2.jar:/home/user/.m2/repository/org/glassfish/hk2/hk2-api/2.5.0/hk2-api-2.5.0.jar:/home/user/.m2/repository/org/glassfish/hk2/external/jakarta.inject/2.5.0/jakarta.inject-2.5.0.jar:/home/user/.m2/repository/org/glassfish/hk2/hk2-utils/2.5.0/hk2-utils-2.5.0.jar:/home/user/.m2/repository/jakarta/annotation/jakarta.annotation-api/1.3.4/jakarta.annotation-api-1.3.4.jar:/home/user/.m2/repository/org/glassfish/hk2/external/aopalliance-repackaged/2.5.0/aopalliance-repackaged-2.5.0.jar:/home/user/.m2/repository/com/fasterxml/jackson/dataformat/jackson-dataformat-xml/2.9.0/jackson-dataformat-xml-2.9.0.jar:/home/user/.m2/repository/com/fasterxml/jackson/core/jackson-core/2.9.5/jackson-core-2.9.5.jar:/home/user/.m2/repository/com/fasterxml/jackson/module/jackson-module-jaxb-annotations/2.9.5/jackson-module-jaxb-annotations-2.9.5.jar:/home/user/.m2/repository/javax/enterprise/cdi-api/1.2/cdi-api-1.2.jar:/home/user/.m2/repository/javax/el/javax.el-api/3.0.0/javax.el-api-3.0.0.jar:/home/user/.m2/repository/javax/interceptor/javax.interceptor-api/1.2/javax.interceptor-api-1.2.jar:/home/user/.m2/repository/javax/inject/javax.inject/1/javax.inject-1.jar:/home/user/.m2/repository/com/sun/xml/bind/jaxb-impl/2.3.0.1/jaxb-impl-2.3.0.1.jar:/home/user/.m2/repository/com/sun/xml/bind/jaxb-core/2.3.0.1/jaxb-core-2.3.0.1.jar:/home/user/.m2/repository/javax/xml/bind/jaxb-api/2.3.0/jaxb-api-2.3.0.jar:/home/user/.m2/repository/javax/activation/activation/1.1.1/activation-1.1.1.jar:/home/user/.m2/repository/org/apache/hadoop/hadoop-ozone-csi/0.5.0-SNAPSHOT/hadoop-ozone-csi-0.5.0-SNAPSHOT.jar:/home/user/.m2/repository/com/google/protobuf/protobuf-java-util/3.5.1/protobuf-java-util-3.5.1.jar:/home/user/.m2/repository/org/apache/hadoop/hadoop-hdds-config/0.5.0-SNAPSHOT/hadoop-hdds-config-0.5.0-SNAPSHOT.jar:/home/user/.m2/repository/io/grpc/grpc-netty/1.17.1/grpc-netty-1.17.1.jar:/home/user/.m2/repository/io/grpc/grpc-core/1.17.1/grpc-core-1.17.1.jar:/home/user/.m2/repository/io/grpc/grpc-context/1.17.1/grpc-context-1.17.1.jar:/home/user/.m2/repository/com/google/errorprone/error_prone_annotations/2.2.0/error_prone_annotations-2.2.0.jar:/home/user/.m2/repository/org/codehaus/mojo/animal-sniffer-annotations/1.17/animal-sniffer-annotations-1.17.jar:/home/user/.m2/repository/io/opencensus/opencensus-api/0.17.0/opencensus-api-0.17.0.jar:/home/user/.m2/repository/io/opencensus/opencensus-contrib-grpc-metrics/0.17.0/opencensus-contrib-grpc-metrics-0.17.0.jar:/home/user/.m2/repository/io/netty/netty-codec-http2/4.1.30.Final/netty-codec-http2-4.1.30.Final.jar:/home/user/.m2/repository/io/netty/netty-codec-http/4.1.30.Final/netty-codec-http-4.1.30.Final.jar:/home/user/.m2/repository/io/netty/netty-codec/4.1.30.Final/netty-codec-4.1.30.Final.jar:/home/user/.m2/repository/io/netty/netty-handler/4.1.30.Final/netty-handler-4.1.30.Final.jar:/home/user/.m2/repository/io/netty/netty-handler-proxy/4.1.30.Final/netty-handler-proxy-4.1.30.Final.jar:/home/user/.m2/repository/io/netty/netty-codec-socks/4.1.30.Final/netty-codec-socks-4.1.30.Final.jar:/home/user/.m2/repository/io/netty/netty-transport-native-epoll/4.1.30.Final/netty-transport-native-epoll-4.1.30.Final.jar:/home/user/.m2/repository/io/netty/netty-common/4.1.30.Final/netty-common-4.1.30.Final.jar:/home/user/.m2/repository/io/netty/netty-buffer/4.1.30.Final/netty-buffer-4.1.30.Final.jar:/home/user/.m2/repository/io/netty/netty-transport/4.1.30.Final/netty-transport-4.1.30.Final.jar:/home/user/.m2/repository/io/netty/netty-resolver/4.1.30.Final/netty-resolver-4.1.30.Final.jar:/home/user/.m2/repository/io/netty/netty-transport-native-unix-common/4.1.30.Final/netty-transport-native-unix-common-4.1.30.Final.jar:/home/user/.m2/repository/io/grpc/grpc-protobuf/1.17.1/grpc-protobuf-1.17.1.jar:/home/user/.m2/repository/com/google/api/grpc/proto-google-common-protos/1.0.0/proto-google-common-protos-1.0.0.jar:/home/user/.m2/repository/io/grpc/grpc-protobuf-lite/1.17.1/grpc-protobuf-lite-1.17.1.jar:/home/user/.m2/repository/io/grpc/grpc-stub/1.17.1/grpc-stub-1.17.1.jar:/home/user/.m2/repository/org/apache/hadoop/hadoop-ozone-recon/0.5.0-SNAPSHOT/hadoop-ozone-recon-0.5.0-SNAPSHOT.jar:/home/user/.m2/repository/org/apache/hadoop/hadoop-ozone-reconcodegen/0.5.0-SNAPSHOT/hadoop-ozone-reconcodegen-0.5.0-SNAPSHOT.jar:/home/user/.m2/repository/com/google/inject/extensions/guice-multibindings/4.0/guice-multibindings-4.0.jar:/home/user/.m2/repository/com/google/inject/guice/4.0/guice-4.0.jar:/home/user/.m2/repository/aopalliance/aopalliance/1.0/aopalliance-1.0.jar:/home/user/.m2/repository/com/google/inject/extensions/guice-servlet/4.0/guice-servlet-4.0.jar:/home/user/.m2/repository/org/glassfish/jersey/containers/jersey-container-servlet/2.27/jersey-container-servlet-2.27.jar:/home/user/.m2/repository/org/glassfish/hk2/guice-bridge/2.5.0/guice-bridge-2.5.0.jar:/home/user/.m2/repository/org/glassfish/jersey/core/jersey-server/2.27/jersey-server-2.27.jar:/home/user/.m2/repository/org/glassfish/jersey/core/jersey-client/2.27/jersey-client-2.27.jar:/home/user/.m2/repository/org/glassfish/jersey/media/jersey-media-jaxb/2.27/jersey-media-jaxb-2.27.jar:/home/user/.m2/repository/javax/validation/validation-api/1.1.0.Final/validation-api-1.1.0.Final.jar:/home/user/.m2/repository/org/glassfish/jersey/media/jersey-media-json-jackson/2.27/jersey-media-json-jackson-2.27.jar:/home/user/.m2/repository/org/glassfish/jersey/ext/jersey-entity-filtering/2.27/jersey-entity-filtering-2.27.jar:/home/user/.m2/repository/com/google/inject/extensions/guice-assistedinject/4.0/guice-assistedinject-4.0.jar:/home/user/.m2/repository/org/jooq/jooq/3.11.10/jooq-3.11.10.jar:/home/user/.m2/repository/org/jooq/jooq-meta/3.11.10/jooq-meta-3.11.10.jar:/home/user/.m2/repository/org/jooq/jooq-codegen/3.11.10/jooq-codegen-3.11.10.jar:/home/user/.m2/repository/com/jolbox/bonecp/0.8.0.RELEASE/bonecp-0.8.0.RELEASE.jar:/home/user/.m2/repository/org/xerial/sqlite-jdbc/3.25.2/sqlite-jdbc-3.25.2.jar:/home/user/.m2/repository/org/springframework/spring-jdbc/5.1.3.RELEASE/spring-jdbc-5.1.3.RELEASE.jar:/home/user/.m2/repository/org/springframework/spring-beans/5.1.3.RELEASE/spring-beans-5.1.3.RELEASE.jar:/home/user/.m2/repository/org/springframework/spring-core/5.1.3.RELEASE/spring-core-5.1.3.RELEASE.jar:/home/user/.m2/repository/org/springframework/spring-jcl/5.1.3.RELEASE/spring-jcl-5.1.3.RELEASE.jar:/home/user/.m2/repository/org/springframework/spring-tx/5.1.3.RELEASE/spring-tx-5.1.3.RELEASE.jar:/home/user/.m2/repository/org/apache/hadoop/hadoop-ozone-client/0.5.0-SNAPSHOT/hadoop-ozone-client-0.5.0-SNAPSHOT.jar:/home/user/.m2/repository/commons-lang/commons-lang/2.6/commons-lang-2.6.jar:/home/user/.m2/repository/org/apache/hadoop/hadoop-ozone-ozone-manager/0.5.0-SNAPSHOT/hadoop-ozone-ozone-manager-0.5.0-SNAPSHOT-tests.jar:/home/user/.m2/repository/junit/junit/4.11/junit-4.11.jar:/home/user/.m2/repository/org/hamcrest/hamcrest-core/1.3/hamcrest-core-1.3.jar:/home/user/.m2/repository/org/openjdk/jmh/jmh-core/1.19/jmh-core-1.19.jar:/home/user/.m2/repository/net/sf/jopt-simple/jopt-simple/4.6/jopt-simple-4.6.jar:/home/user/.m2/repository/org/apache/commons/commons-math3/3.1.1/commons-math3-3.1.1.jar:/home/user/.m2/repository/org/openjdk/jmh/jmh-generator-annprocess/1.19/jmh-generator-annprocess-1.19.jar:/home/user/.m2/repository/org/mockito/mockito-all/1.8.5/mockito-all-1.8.5.jar:/home/user/.m2/repository/org/apache/hadoop/hadoop-kms/3.2.0/hadoop-kms-3.2.0.jar:/home/user/.m2/repository/org/apache/hadoop/hadoop-auth/3.2.0/hadoop-auth-3.2.0.jar:/home/user/.m2/repository/com/nimbusds/nimbus-jose-jwt/4.41.1/nimbus-jose-jwt-4.41.1.jar:/home/user/.m2/repository/com/github/stephenc/jcip/jcip-annotations/1.0-1/jcip-annotations-1.0-1.jar:/home/user/.m2/repository/net/minidev/json-smart/2.3/json-smart-2.3.jar:/home/user/.m2/repository/net/minidev/accessors-smart/1.2/accessors-smart-1.2.jar:/home/user/.m2/repository/org/ow2/asm/asm/5.0.4/asm-5.0.4.jar:/home/user/.m2/repository/org/apache/curator/curator-framework/2.12.0/curator-framework-2.12.0.jar:/home/user/.m2/repository/com/sun/jersey/jersey-core/1.19/jersey-core-1.19.jar:/home/user/.m2/repository/javax/ws/rs/jsr311-api/1.1.1/jsr311-api-1.1.1.jar:/home/user/.m2/repository/com/sun/jersey/jersey-server/1.19/jersey-server-1.19.jar:/home/user/.m2/repository/javax/servlet/javax.servlet-api/3.1.0/javax.servlet-api-3.1.0.jar:/home/user/.m2/repository/org/eclipse/jetty/jetty-server/9.3.24.v20180605/jetty-server-9.3.24.v20180605.jar:/home/user/.m2/repository/org/eclipse/jetty/jetty-http/9.3.24.v20180605/jetty-http-9.3.24.v20180605.jar:/home/user/.m2/repository/org/eclipse/jetty/jetty-io/9.3.24.v20180605/jetty-io-9.3.24.v20180605.jar:/home/user/.m2/repository/org/eclipse/jetty/jetty-webapp/9.3.24.v20180605/jetty-webapp-9.3.24.v20180605.jar:/home/user/.m2/repository/org/eclipse/jetty/jetty-xml/9.3.24.v20180605/jetty-xml-9.3.24.v20180605.jar:/home/user/.m2/repository/log4j/log4j/1.2.17/log4j-1.2.17.jar:/home/user/.m2/repository/org/slf4j/slf4j-api/1.7.25/slf4j-api-1.7.25.jar:/home/user/.m2/repository/org/slf4j/jul-to-slf4j/1.7.25/jul-to-slf4j-1.7.25.jar:/home/user/.m2/repository/org/eclipse/jetty/jetty-util/9.3.24.v20180605/jetty-util-9.3.24.v20180605.jar:/home/user/.m2/repository/com/fasterxml/jackson/core/jackson-databind/2.9.5/jackson-databind-2.9.5.jar:/home/user/.m2/repository/org/apache/hadoop/hadoop-kms/3.2.0/hadoop-kms-3.2.0-tests.jar:/home/user/.m2/repository/org/apache/hadoop/hadoop-hdds-server-scm/0.5.0-SNAPSHOT/hadoop-hdds-server-scm-0.5.0-SNAPSHOT-tests.jar:/home/user/.m2/repository/org/apache/hadoop/hadoop-hdds-container-service/0.5.0-SNAPSHOT/hadoop-hdds-container-service-0.5.0-SNAPSHOT-tests.jar:/home/user/.m2/repository/org/yaml/snakeyaml/1.16/snakeyaml-1.16.jar:/home/user/.m2/repository/org/apache/hadoop/hadoop-common/3.2.0/hadoop-common-3.2.0-tests.jar:/home/user/.m2/repository/org/apache/hadoop/hadoop-annotations/3.2.0/hadoop-annotations-3.2.0.jar:/usr/lib/jvm/java-1.8-openjdk/jre/../lib/tools.jar:/home/user/.m2/repository/commons-cli/commons-cli/1.2/commons-cli-1.2.jar:/home/user/.m2/repository/org/apache/httpcomponents/httpclient/4.5.2/httpclient-4.5.2.jar:/home/user/.m2/repository/org/apache/httpcomponents/httpcore/4.4.4/httpcore-4.4.4.jar:/home/user/.m2/repository/commons-codec/commons-codec/1.11/commons-codec-1.11.jar:/home/user/.m2/repository/commons-net/commons-net/3.6/commons-net-3.6.jar:/home/user/.m2/repository/commons-collections/commons-collections/3.2.2/commons-collections-3.2.2.jar:/home/user/.m2/repository/org/eclipse/jetty/jetty-servlet/9.3.24.v20180605/jetty-servlet-9.3.24.v20180605.jar:/home/user/.m2/repository/org/eclipse/jetty/jetty-security/9.3.24.v20180605/jetty-security-9.3.24.v20180605.jar:/home/user/.m2/repository/javax/servlet/jsp/jsp-api/2.1/jsp-api-2.1.jar:/home/user/.m2/repository/com/sun/jersey/jersey-servlet/1.19/jersey-servlet-1.19.jar:/home/user/.m2/repository/com/sun/jersey/jersey-json/1.19/jersey-json-1.19.jar:/home/user/.m2/repository/org/codehaus/jettison/jettison/1.1/jettison-1.1.jar:/home/user/.m2/repository/org/codehaus/jackson/jackson-core-asl/1.9.13/jackson-core-asl-1.9.13.jar:/home/user/.m2/repository/org/codehaus/jackson/jackson-mapper-asl/1.9.13/jackson-mapper-asl-1.9.13.jar:/home/user/.m2/repository/org/codehaus/jackson/jackson-jaxrs/1.9.13/jackson-jaxrs-1.9.13.jar:/home/user/.m2/repository/org/codehaus/jackson/jackson-xc/1.9.13/jackson-xc-1.9.13.jar:/home/user/.m2/repository/commons-logging/commons-logging/1.1.3/commons-logging-1.1.3.jar:/home/user/.m2/repository/commons-beanutils/commons-beanutils/1.9.3/commons-beanutils-1.9.3.jar:/home/user/.m2/repository/org/apache/commons/commons-configuration2/2.1.1/commons-configuration2-2.1.1.jar:/home/user/.m2/repository/org/apache/commons/commons-lang3/3.7/commons-lang3-3.7.jar:/home/user/.m2/repository/org/apache/commons/commons-text/1.4/commons-text-1.4.jar:/home/user/.m2/repository/org/apache/avro/avro/1.7.7/avro-1.7.7.jar:/home/user/.m2/repository/com/thoughtworks/paranamer/paranamer/2.3/paranamer-2.3.jar:/home/user/.m2/repository/org/xerial/snappy/snappy-java/1.0.5/snappy-java-1.0.5.jar:/home/user/.m2/repository/com/google/re2j/re2j/1.1/re2j-1.1.jar:/home/user/.m2/repository/com/google/code/gson/gson/2.2.4/gson-2.2.4.jar:/home/user/.m2/repository/com/jcraft/jsch/0.1.54/jsch-0.1.54.jar:/home/user/.m2/repository/org/apache/curator/curator-client/2.12.0/curator-client-2.12.0.jar:/home/user/.m2/repository/org/apache/curator/curator-recipes/2.12.0/curator-recipes-2.12.0.jar:/home/user/.m2/repository/com/google/code/findbugs/jsr305/3.0.0/jsr305-3.0.0.jar:/home/user/.m2/repository/org/apache/htrace/htrace-core4/4.1.0-incubating/htrace-core4-4.1.0-incubating.jar:/home/user/.m2/repository/org/apache/zookeeper/zookeeper/3.4.13/zookeeper-3.4.13.jar:/home/user/.m2/repository/org/apache/yetus/audience-annotations/0.5.0/audience-annotations-0.5.0.jar:/home/user/.m2/repository/org/codehaus/woodstox/stax2-api/3.1.4/stax2-api-3.1.4.jar:/home/user/.m2/repository/com/fasterxml/woodstox/woodstox-core/5.0.3/woodstox-core-5.0.3.jar:/home/user/.m2/repository/dnsjava/dnsjava/2.1.7/dnsjava-2.1.7.jar:/home/user/.m2/repository/org/apache/hadoop/hadoop-hdfs/3.2.0/hadoop-hdfs-3.2.0-tests.jar:/home/user/.m2/repository/org/eclipse/jetty/jetty-util-ajax/9.3.24.v20180605/jetty-util-ajax-9.3.24.v20180605.jar:/home/user/.m2/repository/commons-daemon/commons-daemon/1.0.13/commons-daemon-1.0.13.jar:/home/user/.m2/repository/io/netty/netty/3.10.5.Final/netty-3.10.5.Final.jar:/home/user/.m2/repository/io/netty/netty-all/4.0.52.Final/netty-all-4.0.52.Final.jar:/home/user/.m2/repository/org/fusesource/leveldbjni/leveldbjni-all/1.8/leveldbjni-all-1.8.jar:"/>
    <property name="sun.cpu.endian" value="little"/>
    <property name="user.home" value="/home/user"/>
    <property name="user.language" value="en"/>
    <property name="java.specification.vendor" value="Oracle Corporation"/>
    <property name="java.home" value="/usr/lib/jvm/java-1.8-openjdk/jre"/>
    <property name="java.security.krb5.conf" value="/workdir/hadoop-ozone/integration-test/target/test-classes/krb5.conf"/>
    <property name="basedir" value="/workdir/hadoop-ozone/integration-test"/>
    <property name="file.separator" value="/"/>
    <property name="line.separator" value="&#10;"/>
    <property name="java.vm.specification.vendor" value="Oracle Corporation"/>
    <property name="java.specification.name" value="Java Platform API Specification"/>
    <property name="java.awt.graphicsenv" value="sun.awt.X11GraphicsEnvironment"/>
    <property name="surefire.real.class.path" value="/workdir/hadoop-ozone/integration-test/target/surefire/surefirebooter5663435930103896596.jar"/>
    <property name="hadoop.log.dir" value="/workdir/hadoop-ozone/integration-test/target/log"/>
    <property name="sun.boot.class.path" value="/usr/lib/jvm/java-1.8-openjdk/jre/lib/resources.jar:/usr/lib/jvm/java-1.8-openjdk/jre/lib/rt.jar:/usr/lib/jvm/java-1.8-openjdk/jre/lib/sunrsasign.jar:/usr/lib/jvm/java-1.8-openjdk/jre/lib/jsse.jar:/usr/lib/jvm/java-1.8-openjdk/jre/lib/jce.jar:/usr/lib/jvm/java-1.8-openjdk/jre/lib/charsets.jar:/usr/lib/jvm/java-1.8-openjdk/jre/lib/jfr.jar:/usr/lib/jvm/java-1.8-openjdk/jre/classes"/>
    <property name="sun.management.compiler" value="HotSpot 64-Bit Tiered Compilers"/>
    <property name="java.runtime.version" value="1.8.0_212-b04"/>
    <property name="java.net.preferIPv4Stack" value="true"/>
    <property name="user.name" value="jenkins1000"/>
    <property name="path.separator" value=":"/>
    <property name="java.security.egd" value="file:///dev/urandom"/>
    <property name="os.version" value="3.10.0-957.12.2.el7.x86_64"/>
    <property name="java.endorsed.dirs" value="/usr/lib/jvm/java-1.8-openjdk/jre/lib/endorsed"/>
    <property name="java.runtime.name" value="OpenJDK Runtime Environment"/>
    <property name="file.encoding" value="UTF-8"/>
    <property name="java.vm.name" value="OpenJDK 64-Bit Server VM"/>
    <property name="test.build.webapps" value=""/>
    <property name="localRepository" value="/home/user/.m2/repository"/>
    <property name="java.vendor.url.bug" value="https://icedtea.classpath.org/bugzilla"/>
    <property name="java.io.tmpdir" value="/tmp"/>
    <property name="require.test.libhadoop" value=""/>
    <property name="java.version" value="1.8.0_212"/>
    <property name="user.dir" value="/workdir/hadoop-ozone/integration-test"/>
    <property name="os.arch" value="amd64"/>
    <property name="java.vm.specification.name" value="Java Virtual Machine Specification"/>
    <property name="test.build.classes" value="/workdir/hadoop-ozone/integration-test/target/test-classes"/>
    <property name="java.awt.printerjob" value="sun.print.PSPrinterJob"/>
    <property name="sun.os.patch.level" value="unknown"/>
    <property name="hadoop.tmp.dir" value="/workdir/hadoop-ozone/integration-test/target/tmp"/>
    <property name="java.library.path" value="/usr/lib/jvm/java-1.8-openjdk/jre/lib/amd64/server:/usr/lib/jvm/java-1.8-openjdk/jre/lib/amd64:/usr/lib/jvm/java-1.8-openjdk/jre/../lib/amd64:/workdir/hadoop-ozone/integration-test/target/native/target/usr/local/lib:/workdir/hadoop-ozone/integration-test/../../hadoop-common-project/hadoop-common/target/native/target/usr/local/lib:/usr/java/packages/lib/amd64:/usr/lib64:/lib64:/lib:/usr/lib"/>
    <property name="java.vm.info" value="mixed mode"/>
    <property name="java.vendor" value="IcedTea"/>
    <property name="java.vm.version" value="25.212-b04"/>
    <property name="java.ext.dirs" value="/usr/lib/jvm/java-1.8-openjdk/jre/lib/ext:/usr/java/packages/lib/ext"/>
    <property name="sun.io.unicode.encoding" value="UnicodeLittle"/>
    <property name="java.class.version" value="52.0"/>
  </properties>
  <testcase name="test2DatanodesFailure" classname="org.apache.hadoop.ozone.client.rpc.TestBlockOutputStreamWithFailures" time="105.97"/>
  <testcase name="testDatanodeFailureWithPreAllocation" classname="org.apache.hadoop.ozone.client.rpc.TestBlockOutputStreamWithFailures" time="225.627"/>
  <testcase name="testDatanodeFailureWithSingleNodeRatis" classname="org.apache.hadoop.ozone.client.rpc.TestBlockOutputStreamWithFailures" time="225.587"/>
  <testcase name="testWatchForCommitWithSingleNodeRatis" classname="org.apache.hadoop.ozone.client.rpc.TestBlockOutputStreamWithFailures" time="35.305"/>
  <testcase name="testWatchForCommitDatanodeFailure" classname="org.apache.hadoop.ozone.client.rpc.TestBlockOutputStreamWithFailures" time="43.251">
    <failure message="expected:&lt;2&gt; but was:&lt;3&gt;" type="java.lang.AssertionError"><![CDATA[java.lang.AssertionError: expected:<2> but was:<3>
	at org.junit.Assert.fail(Assert.java:88)
	at org.junit.Assert.failNotEquals(Assert.java:743)
	at org.junit.Assert.assertEquals(Assert.java:118)
	at org.junit.Assert.assertEquals(Assert.java:555)
	at org.junit.Assert.assertEquals(Assert.java:542)
	at org.apache.hadoop.ozone.client.rpc.TestBlockOutputStreamWithFailures.testWatchForCommitDatanodeFailure(TestBlockOutputStreamWithFailures.java:366)
	at sun.reflect.NativeMethodAccessorImpl.invoke0(Native Method)
	at sun.reflect.NativeMethodAccessorImpl.invoke(NativeMethodAccessorImpl.java:62)
	at sun.reflect.DelegatingMethodAccessorImpl.invoke(DelegatingMethodAccessorImpl.java:43)
	at java.lang.reflect.Method.invoke(Method.java:498)
	at org.junit.runners.model.FrameworkMethod$1.runReflectiveCall(FrameworkMethod.java:47)
	at org.junit.internal.runners.model.ReflectiveCallable.run(ReflectiveCallable.java:12)
	at org.junit.runners.model.FrameworkMethod.invokeExplosively(FrameworkMethod.java:44)
	at org.junit.internal.runners.statements.InvokeMethod.evaluate(InvokeMethod.java:17)
	at org.junit.internal.runners.statements.RunBefores.evaluate(RunBefores.java:26)
	at org.junit.internal.runners.statements.RunAfters.evaluate(RunAfters.java:27)
	at org.junit.runners.ParentRunner.runLeaf(ParentRunner.java:271)
	at org.junit.runners.BlockJUnit4ClassRunner.runChild(BlockJUnit4ClassRunner.java:70)
	at org.junit.runners.BlockJUnit4ClassRunner.runChild(BlockJUnit4ClassRunner.java:50)
	at org.junit.runners.ParentRunner$3.run(ParentRunner.java:238)
	at org.junit.runners.ParentRunner$1.schedule(ParentRunner.java:63)
	at org.junit.runners.ParentRunner.runChildren(ParentRunner.java:236)
	at org.junit.runners.ParentRunner.access$000(ParentRunner.java:53)
	at org.junit.runners.ParentRunner$2.evaluate(ParentRunner.java:229)
	at org.junit.runners.ParentRunner.run(ParentRunner.java:309)
	at org.apache.maven.surefire.junit4.JUnit4Provider.execute(JUnit4Provider.java:365)
	at org.apache.maven.surefire.junit4.JUnit4Provider.executeWithRerun(JUnit4Provider.java:273)
	at org.apache.maven.surefire.junit4.JUnit4Provider.executeTestSet(JUnit4Provider.java:238)
	at org.apache.maven.surefire.junit4.JUnit4Provider.invoke(JUnit4Provider.java:159)
	at org.apache.maven.surefire.booter.ForkedBooter.invokeProviderInSameClassLoader(ForkedBooter.java:384)
	at org.apache.maven.surefire.booter.ForkedBooter.runSuitesInProcess(ForkedBooter.java:345)
	at org.apache.maven.surefire.booter.ForkedBooter.execute(ForkedBooter.java:126)
	at org.apache.maven.surefire.booter.ForkedBooter.main(ForkedBooter.java:418)
]]></failure>
    <system-out><![CDATA[2019-08-28 16:05:45,985 [main] WARN  server.ServerUtils (ServerUtils.java:getScmDbDir(145)) - ozone.scm.db.dirs is not configured. We recommend adding this setting. Falling back to ozone.metadata.dirs instead.
2019-08-28 16:05:45,999 [main] WARN  server.ServerUtils (ServerUtils.java:getScmDbDir(145)) - ozone.scm.db.dirs is not configured. We recommend adding this setting. Falling back to ozone.metadata.dirs instead.
2019-08-28 16:05:45,999 [main] WARN  server.ServerUtils (ServerUtils.java:getScmDbDir(145)) - ozone.scm.db.dirs is not configured. We recommend adding this setting. Falling back to ozone.metadata.dirs instead.
2019-08-28 16:05:45,999 [main] INFO  db.DBStoreBuilder (DBStoreBuilder.java:addTable(110)) - using custom profile for table: deletedBlocks
2019-08-28 16:05:46,000 [main] INFO  db.DBStoreBuilder (DBStoreBuilder.java:processTables(161)) - Using default column profile:DBProfile.DISK for Table:deletedBlocks
2019-08-28 16:05:46,000 [main] INFO  db.DBStoreBuilder (DBStoreBuilder.java:addTable(110)) - using custom profile for table: validCerts
2019-08-28 16:05:46,000 [main] INFO  db.DBStoreBuilder (DBStoreBuilder.java:processTables(161)) - Using default column profile:DBProfile.DISK for Table:validCerts
2019-08-28 16:05:46,000 [main] INFO  db.DBStoreBuilder (DBStoreBuilder.java:addTable(110)) - using custom profile for table: revokedCerts
2019-08-28 16:05:46,000 [main] INFO  db.DBStoreBuilder (DBStoreBuilder.java:processTables(161)) - Using default column profile:DBProfile.DISK for Table:revokedCerts
2019-08-28 16:05:46,000 [main] INFO  db.DBStoreBuilder (DBStoreBuilder.java:addTable(110)) - using custom profile for table: default
2019-08-28 16:05:46,001 [main] INFO  db.DBStoreBuilder (DBStoreBuilder.java:processTables(167)) - Using default column profile:DBProfile.DISK for Table:default
2019-08-28 16:05:46,001 [main] INFO  db.DBStoreBuilder (DBStoreBuilder.java:getDbProfile(198)) - Using default options. DBProfile.DISK
2019-08-28 16:05:46,154 [main] INFO  net.NodeSchemaLoader (NodeSchemaLoader.java:loadSchemaFromFile(125)) - Loading file from sun.misc.CompoundEnumeration@64f1e9f8
2019-08-28 16:05:46,154 [main] INFO  net.NodeSchemaLoader (NodeSchemaLoader.java:loadSchema(171)) - Loading network topology layer schema file
2019-08-28 16:05:46,160 [main] INFO  node.SCMNodeManager (SCMNodeManager.java:<init>(121)) - Entering startup safe mode.
2019-08-28 16:05:46,160 [main] INFO  algorithms.ContainerPlacementPolicyFactory (ContainerPlacementPolicyFactory.java:getPolicy(55)) - Create container placement policy of type org.apache.hadoop.hdds.scm.container.placement.algorithms.SCMContainerPlacementRandom
2019-08-28 16:05:46,161 [main] WARN  server.ServerUtils (ServerUtils.java:getScmDbDir(145)) - ozone.scm.db.dirs is not configured. We recommend adding this setting. Falling back to ozone.metadata.dirs instead.
2019-08-28 16:05:46,210 [main] INFO  pipeline.SCMPipelineManager (SCMPipelineManager.java:initializePipelineState(126)) - No pipeline exists in current db
2019-08-28 16:05:46,210 [main] WARN  server.ServerUtils (ServerUtils.java:getScmDbDir(145)) - ozone.scm.db.dirs is not configured. We recommend adding this setting. Falling back to ozone.metadata.dirs instead.
2019-08-28 16:05:46,267 [main] WARN  events.EventQueue (EventQueue.java:fireEvent(175)) - No event handler registered for event TypedEvent{payloadType=SafeModeStatus, name='SafeModeStatus'}
2019-08-28 16:05:46,269 [main] INFO  ipc.CallQueueManager (CallQueueManager.java:<init>(84)) - Using callQueue: class java.util.concurrent.LinkedBlockingQueue, queueCapacity: 2000, scheduler: class org.apache.hadoop.ipc.DefaultRpcScheduler, ipcBackoff: false.
2019-08-28 16:05:46,270 [Socket Reader #1 for port 35358] INFO  ipc.Server (Server.java:run(1074)) - Starting Socket Reader #1 for port 35358
2019-08-28 16:05:46,273 [main] INFO  ipc.CallQueueManager (CallQueueManager.java:<init>(84)) - Using callQueue: class java.util.concurrent.LinkedBlockingQueue, queueCapacity: 2000, scheduler: class org.apache.hadoop.ipc.DefaultRpcScheduler, ipcBackoff: false.
2019-08-28 16:05:46,274 [Socket Reader #1 for port 44133] INFO  ipc.Server (Server.java:run(1074)) - Starting Socket Reader #1 for port 44133
2019-08-28 16:05:46,275 [main] INFO  ipc.CallQueueManager (CallQueueManager.java:<init>(84)) - Using callQueue: class java.util.concurrent.LinkedBlockingQueue, queueCapacity: 2000, scheduler: class org.apache.hadoop.ipc.DefaultRpcScheduler, ipcBackoff: false.
2019-08-28 16:05:46,276 [Socket Reader #1 for port 38194] INFO  ipc.Server (Server.java:run(1074)) - Starting Socket Reader #1 for port 38194
2019-08-28 16:05:46,278 [main] INFO  hdfs.DFSUtil (DFSUtil.java:httpServerTemplateForNNAndJN(1641)) - Starting Web-server for scm at: http://0.0.0.0:0
2019-08-28 16:05:46,282 [main] INFO  server.AuthenticationFilter (AuthenticationFilter.java:constructSecretProvider(240)) - Unable to initialize FileSignerSecretProvider, falling back to use random secrets.
2019-08-28 16:05:46,283 [main] WARN  http.HttpRequestLog (HttpRequestLog.java:getRequestLog(97)) - Jetty request log can only be enabled using Log4j
2019-08-28 16:05:46,286 [main] INFO  http.HttpServer2 (HttpServer2.java:addGlobalFilter(975)) - Added global filter 'safety' (class=org.apache.hadoop.http.HttpServer2$QuotingInputFilter)
2019-08-28 16:05:46,287 [main] INFO  http.HttpServer2 (HttpServer2.java:addFilter(948)) - Added filter static_user_filter (class=org.apache.hadoop.http.lib.StaticUserWebFilter$StaticUserFilter) to context scm
2019-08-28 16:05:46,287 [main] INFO  http.HttpServer2 (HttpServer2.java:addFilter(958)) - Added filter static_user_filter (class=org.apache.hadoop.http.lib.StaticUserWebFilter$StaticUserFilter) to context static
2019-08-28 16:05:46,287 [main] INFO  http.HttpServer2 (HttpServer2.java:addFilter(958)) - Added filter static_user_filter (class=org.apache.hadoop.http.lib.StaticUserWebFilter$StaticUserFilter) to context logs
2019-08-28 16:05:46,290 [main] INFO  server.StorageContainerManager (StorageContainerManager.java:start(759)) - StorageContainerLocationProtocol RPC server is listening at /0.0.0.0:38194
2019-08-28 16:05:46,293 [main] WARN  impl.MetricsConfig (MetricsConfig.java:loadFirst(134)) - Cannot locate configuration: tried hadoop-metrics2-storagecontainermanager.properties,hadoop-metrics2.properties
2019-08-28 16:05:46,295 [main] INFO  impl.MetricsSystemImpl (MetricsSystemImpl.java:startTimer(374)) - Scheduled Metric snapshot period at 10 second(s).
2019-08-28 16:05:46,295 [main] INFO  impl.MetricsSystemImpl (MetricsSystemImpl.java:start(191)) - StorageContainerManager metrics system started
2019-08-28 16:05:46,377 [main] INFO  server.SCMClientProtocolServer (SCMClientProtocolServer.java:start(151)) - RPC server for Client  is listening at /0.0.0.0:38194
2019-08-28 16:05:46,377 [IPC Server Responder] INFO  ipc.Server (Server.java:run(1314)) - IPC Server Responder: starting
2019-08-28 16:05:46,378 [IPC Server listener on 38194] INFO  ipc.Server (Server.java:run(1153)) - IPC Server listener on 38194: starting
2019-08-28 16:05:46,382 [main] INFO  server.StorageContainerManager (StorageContainerManager.java:start(769)) - ScmBlockLocationProtocol RPC server is listening at /0.0.0.0:44133
2019-08-28 16:05:46,382 [main] INFO  server.SCMBlockProtocolServer (SCMBlockProtocolServer.java:start(140)) - RPC server for Block Protocol is listening at /0.0.0.0:44133
2019-08-28 16:05:46,382 [IPC Server Responder] INFO  ipc.Server (Server.java:run(1314)) - IPC Server Responder: starting
2019-08-28 16:05:46,382 [IPC Server listener on 44133] INFO  ipc.Server (Server.java:run(1153)) - IPC Server listener on 44133: starting
2019-08-28 16:05:46,386 [main] INFO  server.StorageContainerManager (StorageContainerManager.java:start(773)) - ScmDatanodeProtocl RPC server is listening at /0.0.0.0:35358
2019-08-28 16:05:46,387 [main] INFO  server.SCMDatanodeProtocolServer (SCMDatanodeProtocolServer.java:start(191)) - RPC server for DataNodes is listening at /0.0.0.0:35358
2019-08-28 16:05:46,387 [IPC Server Responder] INFO  ipc.Server (Server.java:run(1314)) - IPC Server Responder: starting
2019-08-28 16:05:46,387 [IPC Server listener on 35358] INFO  ipc.Server (Server.java:run(1153)) - IPC Server listener on 35358: starting
2019-08-28 16:05:46,391 [main] INFO  http.HttpServer2 (HttpServer2.java:bindListener(1191)) - Jetty bound to port 39791
2019-08-28 16:05:46,391 [main] INFO  server.Server (Server.java:doStart(351)) - jetty-9.3.24.v20180605, build timestamp: 2018-06-05T17:11:56Z, git hash: 84205aa28f11a4f31f2a3b86d1bba2cc8ab69827
2019-08-28 16:05:46,393 [main] INFO  handler.ContextHandler (ContextHandler.java:doStart(781)) - Started o.e.j.s.ServletContextHandler@6ad036d6{/logs,file:///workdir/hadoop-ozone/integration-test/target/log,AVAILABLE}
2019-08-28 16:05:46,394 [main] INFO  handler.ContextHandler (ContextHandler.java:doStart(781)) - Started o.e.j.s.ServletContextHandler@5d180628{/static,file:///workdir/hadoop-ozone/integration-test/target/test-classes/webapps/static,AVAILABLE}
2019-08-28 16:05:46,398 [main] INFO  handler.ContextHandler (ContextHandler.java:doStart(781)) - Started o.e.j.w.WebAppContext@593d0173{/,file:///workdir/hadoop-ozone/integration-test/target/test-classes/webapps/scm/,AVAILABLE}{/scm}
2019-08-28 16:05:46,398 [main] INFO  server.AbstractConnector (AbstractConnector.java:doStart(278)) - Started ServerConnector@4a0a93ce{HTTP/1.1,[http/1.1]}{0.0.0.0:39791}
2019-08-28 16:05:46,399 [main] INFO  server.Server (Server.java:doStart(419)) - Started @593496ms
2019-08-28 16:05:46,400 [main] INFO  server.BaseHttpServer (BaseHttpServer.java:updateConnectorAddress(213)) - HTTP server of SCM is listening at http://0.0.0.0:39791
2019-08-28 16:05:46,401 [main] WARN  server.ServerUtils (ServerUtils.java:getDBPath(222)) - ozone.om.db.dirs is not configured. We recommend adding this setting. Falling back to ozone.metadata.dirs instead.
2019-08-28 16:05:46,401 [org.apache.hadoop.util.JvmPauseMonitor$Monitor@62f63625] INFO  util.JvmPauseMonitor (JvmPauseMonitor.java:run(188)) - Starting JVM pause monitor
2019-08-28 16:05:46,414 [main] WARN  server.ServerUtils (ServerUtils.java:getDBPath(222)) - ozone.om.db.dirs is not configured. We recommend adding this setting. Falling back to ozone.metadata.dirs instead.
2019-08-28 16:05:46,414 [main] WARN  server.ServerUtils (ServerUtils.java:getDBPath(222)) - ozone.om.db.dirs is not configured. We recommend adding this setting. Falling back to ozone.metadata.dirs instead.
2019-08-28 16:05:46,414 [main] INFO  om.OzoneManager (OzoneManager.java:setOMNodeDetails(645)) - OM Service ID is not set. Setting it to the default ID: omServiceIdDefault
2019-08-28 16:05:46,414 [main] INFO  om.OzoneManager (OzoneManager.java:setOMNodeDetails(651)) - OM Node ID is not set. Setting it to the OmStorage's OmID: bf816643-d008-401e-9dd4-f58aebad795d
2019-08-28 16:05:46,415 [main] INFO  om.OzoneManager (OzoneManager.java:loadOMHAConfigs(602)) - Found matching OM address with OMServiceId: null, OMNodeId: null, RPC Address: localhost:0 and Ratis port: 9872
2019-08-28 16:05:46,419 | INFO  | SCMAudit | user=jenkins1000 | ip=192.168.34.1 | op=GET_SCM_INFO null | ret=SUCCESS |  
2019-08-28 16:05:46,420 [main] WARN  server.ServerUtils (ServerUtils.java:getDBPath(222)) - ozone.om.db.dirs is not configured. We recommend adding this setting. Falling back to ozone.metadata.dirs instead.
2019-08-28 16:05:46,420 [main] INFO  db.DBStoreBuilder (DBStoreBuilder.java:addTable(110)) - using custom profile for table: userTable
2019-08-28 16:05:46,421 [main] INFO  db.DBStoreBuilder (DBStoreBuilder.java:processTables(161)) - Using default column profile:DBProfile.DISK for Table:userTable
2019-08-28 16:05:46,421 [main] INFO  db.DBStoreBuilder (DBStoreBuilder.java:addTable(110)) - using custom profile for table: volumeTable
2019-08-28 16:05:46,421 [main] INFO  db.DBStoreBuilder (DBStoreBuilder.java:processTables(161)) - Using default column profile:DBProfile.DISK for Table:volumeTable
2019-08-28 16:05:46,421 [main] INFO  db.DBStoreBuilder (DBStoreBuilder.java:addTable(110)) - using custom profile for table: bucketTable
2019-08-28 16:05:46,421 [main] INFO  db.DBStoreBuilder (DBStoreBuilder.java:processTables(161)) - Using default column profile:DBProfile.DISK for Table:bucketTable
2019-08-28 16:05:46,422 [main] INFO  db.DBStoreBuilder (DBStoreBuilder.java:addTable(110)) - using custom profile for table: keyTable
2019-08-28 16:05:46,422 [main] INFO  db.DBStoreBuilder (DBStoreBuilder.java:processTables(161)) - Using default column profile:DBProfile.DISK for Table:keyTable
2019-08-28 16:05:46,422 [main] INFO  db.DBStoreBuilder (DBStoreBuilder.java:addTable(110)) - using custom profile for table: deletedTable
2019-08-28 16:05:46,422 [main] INFO  db.DBStoreBuilder (DBStoreBuilder.java:processTables(161)) - Using default column profile:DBProfile.DISK for Table:deletedTable
2019-08-28 16:05:46,422 [main] INFO  db.DBStoreBuilder (DBStoreBuilder.java:addTable(110)) - using custom profile for table: openKeyTable
2019-08-28 16:05:46,422 [main] INFO  db.DBStoreBuilder (DBStoreBuilder.java:processTables(161)) - Using default column profile:DBProfile.DISK for Table:openKeyTable
2019-08-28 16:05:46,423 [main] INFO  db.DBStoreBuilder (DBStoreBuilder.java:addTable(110)) - using custom profile for table: s3Table
2019-08-28 16:05:46,423 [main] INFO  db.DBStoreBuilder (DBStoreBuilder.java:processTables(161)) - Using default column profile:DBProfile.DISK for Table:s3Table
2019-08-28 16:05:46,423 [main] INFO  db.DBStoreBuilder (DBStoreBuilder.java:addTable(110)) - using custom profile for table: multipartInfoTable
2019-08-28 16:05:46,423 [main] INFO  db.DBStoreBuilder (DBStoreBuilder.java:processTables(161)) - Using default column profile:DBProfile.DISK for Table:multipartInfoTable
2019-08-28 16:05:46,423 [main] INFO  db.DBStoreBuilder (DBStoreBuilder.java:addTable(110)) - using custom profile for table: dTokenTable
2019-08-28 16:05:46,423 [main] INFO  db.DBStoreBuilder (DBStoreBuilder.java:processTables(161)) - Using default column profile:DBProfile.DISK for Table:dTokenTable
2019-08-28 16:05:46,424 [main] INFO  db.DBStoreBuilder (DBStoreBuilder.java:addTable(110)) - using custom profile for table: s3SecretTable
2019-08-28 16:05:46,424 [main] INFO  db.DBStoreBuilder (DBStoreBuilder.java:processTables(161)) - Using default column profile:DBProfile.DISK for Table:s3SecretTable
2019-08-28 16:05:46,424 [main] INFO  db.DBStoreBuilder (DBStoreBuilder.java:addTable(110)) - using custom profile for table: prefixTable
2019-08-28 16:05:46,424 [main] INFO  db.DBStoreBuilder (DBStoreBuilder.java:processTables(161)) - Using default column profile:DBProfile.DISK for Table:prefixTable
2019-08-28 16:05:46,424 [main] INFO  db.DBStoreBuilder (DBStoreBuilder.java:addTable(110)) - using custom profile for table: default
2019-08-28 16:05:46,425 [main] INFO  db.DBStoreBuilder (DBStoreBuilder.java:processTables(167)) - Using default column profile:DBProfile.DISK for Table:default
2019-08-28 16:05:46,425 [main] INFO  db.DBStoreBuilder (DBStoreBuilder.java:getDbProfile(198)) - Using default options. DBProfile.DISK
2019-08-28 16:05:46,928 [main] INFO  ipc.CallQueueManager (CallQueueManager.java:<init>(84)) - Using callQueue: class java.util.concurrent.LinkedBlockingQueue, queueCapacity: 2000, scheduler: class org.apache.hadoop.ipc.DefaultRpcScheduler, ipcBackoff: false.
2019-08-28 16:05:46,929 [Socket Reader #1 for port 37175] INFO  ipc.Server (Server.java:run(1074)) - Starting Socket Reader #1 for port 37175
2019-08-28 16:05:46,942 [main] INFO  om.OzoneManager (OzoneManager.java:start(1256)) - OzoneManager RPC server is listening at localhost/127.0.0.1:37175
2019-08-28 16:05:46,942 [main] INFO  impl.MetricsSystemImpl (MetricsSystemImpl.java:init(158)) - OzoneManager metrics system started (again)
2019-08-28 16:05:46,943 [IPC Server Responder] INFO  ipc.Server (Server.java:run(1314)) - IPC Server Responder: starting
2019-08-28 16:05:46,945 [IPC Server listener on 37175] INFO  ipc.Server (Server.java:run(1153)) - IPC Server listener on 37175: starting
2019-08-28 16:05:46,950 [main] INFO  hdfs.DFSUtil (DFSUtil.java:httpServerTemplateForNNAndJN(1641)) - Starting Web-server for ozoneManager at: http://0.0.0.0:0
2019-08-28 16:05:46,952 [main] INFO  server.AuthenticationFilter (AuthenticationFilter.java:constructSecretProvider(240)) - Unable to initialize FileSignerSecretProvider, falling back to use random secrets.
2019-08-28 16:05:46,953 [main] WARN  http.HttpRequestLog (HttpRequestLog.java:getRequestLog(97)) - Jetty request log can only be enabled using Log4j
2019-08-28 16:05:46,955 [main] INFO  http.HttpServer2 (HttpServer2.java:addGlobalFilter(975)) - Added global filter 'safety' (class=org.apache.hadoop.http.HttpServer2$QuotingInputFilter)
2019-08-28 16:05:46,956 [main] INFO  http.HttpServer2 (HttpServer2.java:addFilter(948)) - Added filter static_user_filter (class=org.apache.hadoop.http.lib.StaticUserWebFilter$StaticUserFilter) to context ozoneManager
2019-08-28 16:05:46,956 [main] INFO  http.HttpServer2 (HttpServer2.java:addFilter(958)) - Added filter static_user_filter (class=org.apache.hadoop.http.lib.StaticUserWebFilter$StaticUserFilter) to context static
2019-08-28 16:05:46,957 [main] INFO  http.HttpServer2 (HttpServer2.java:addFilter(958)) - Added filter static_user_filter (class=org.apache.hadoop.http.lib.StaticUserWebFilter$StaticUserFilter) to context logs
2019-08-28 16:05:46,958 [main] INFO  http.HttpServer2 (HttpServer2.java:bindListener(1191)) - Jetty bound to port 40769
2019-08-28 16:05:46,959 [main] INFO  server.Server (Server.java:doStart(351)) - jetty-9.3.24.v20180605, build timestamp: 2018-06-05T17:11:56Z, git hash: 84205aa28f11a4f31f2a3b86d1bba2cc8ab69827
2019-08-28 16:05:46,962 [main] INFO  handler.ContextHandler (ContextHandler.java:doStart(781)) - Started o.e.j.s.ServletContextHandler@52d68eb9{/logs,file:///workdir/hadoop-ozone/integration-test/target/log,AVAILABLE}
2019-08-28 16:05:46,962 [main] INFO  handler.ContextHandler (ContextHandler.java:doStart(781)) - Started o.e.j.s.ServletContextHandler@4ab959e8{/static,file:///workdir/hadoop-ozone/integration-test/target/test-classes/webapps/static,AVAILABLE}
2019-08-28 16:05:46,971 [main] INFO  handler.ContextHandler (ContextHandler.java:doStart(781)) - Started o.e.j.w.WebAppContext@2afa1b1a{/,file:///workdir/hadoop-ozone/integration-test/target/test-classes/webapps/ozoneManager/,AVAILABLE}{/ozoneManager}
2019-08-28 16:05:46,971 [main] INFO  server.AbstractConnector (AbstractConnector.java:doStart(278)) - Started ServerConnector@30fffb53{HTTP/1.1,[http/1.1]}{0.0.0.0:40769}
2019-08-28 16:05:46,973 [main] INFO  server.Server (Server.java:doStart(419)) - Started @594070ms
2019-08-28 16:05:46,974 [main] INFO  server.BaseHttpServer (BaseHttpServer.java:updateConnectorAddress(213)) - HTTP server of OZONEMANAGER is listening at http://0.0.0.0:40769
2019-08-28 16:05:47,001 [main] INFO  impl.MetricsSystemImpl (MetricsSystemImpl.java:init(158)) - HddsDatanode metrics system started (again)
2019-08-28 16:05:47,005 [main] INFO  ozone.HddsDatanodeService (HddsDatanodeService.java:start(184)) - HddsDatanodeService host:pr-hdds-1941-8j4hf-3572870610 ip:192.168.34.1
2019-08-28 16:05:47,016 [main] INFO  volume.HddsVolume (HddsVolume.java:<init>(176)) - Creating Volume: /workdir/hadoop-ozone/integration-test/target/test-dir/MiniOzoneClusterImpl-b4e114d8-6e30-44e2-8e8d-493332923df2/datanode-0/data/containers/hdds of  storage type : DISK and capacity : 1482555576320
2019-08-28 16:05:47,017 [main] INFO  volume.VolumeSet (VolumeSet.java:initializeVolumeSet(170)) - Added Volume : /workdir/hadoop-ozone/integration-test/target/test-dir/MiniOzoneClusterImpl-b4e114d8-6e30-44e2-8e8d-493332923df2/datanode-0/data/containers/hdds to VolumeSet
2019-08-28 16:05:47,017 [main] INFO  volume.ThrottledAsyncChecker (ThrottledAsyncChecker.java:schedule(140)) - Scheduling a check for org.apache.hadoop.ozone.container.common.volume.HddsVolume@73624529
2019-08-28 16:05:47,018 [main] INFO  volume.HddsVolumeChecker (HddsVolumeChecker.java:checkAllVolumes(203)) - Scheduled health check for volume org.apache.hadoop.ozone.container.common.volume.HddsVolume@73624529
2019-08-28 16:05:47,039 [main] INFO  impl.RaftServerProxy (ConfUtils.java:logGet(43)) - raft.rpc.type = GRPC (default)
2019-08-28 16:05:47,039 [main] INFO  grpc.GrpcFactory (GrpcFactory.java:checkPooledByteBufAllocatorUseCacheForAllThreads(45)) - PERFORMANCE WARNING: useCacheForAllThreads is true that may cause Netty to create a lot garbage objects and, as a result, trigger GC.
	It is recommended to disable useCacheForAllThreads by setting -Dorg.apache.ratis.thirdparty.io.netty.allocator.useCacheForAllThreads=false in command line.
2019-08-28 16:05:47,039 [main] INFO  grpc.GrpcConfigKeys$Server (ConfUtils.java:logGet(43)) - raft.grpc.server.port = 0 (default)
2019-08-28 16:05:47,039 [main] INFO  server.GrpcService (ConfUtils.java:logGet(43)) - raft.grpc.message.size.max = 33570816 (custom)
2019-08-28 16:05:47,040 [main] INFO  server.RaftServerConfigKeys (ConfUtils.java:logGet(43)) - raft.server.log.appender.buffer.byte-limit = 33554432 (custom)
2019-08-28 16:05:47,040 [main] INFO  server.GrpcService (ConfUtils.java:logGet(43)) - raft.grpc.flow.control.window = 1MB (=1048576) (default)
2019-08-28 16:05:47,040 [main] INFO  server.RaftServerConfigKeys (ConfUtils.java:logGet(43)) - raft.server.rpc.request.timeout = 3000ms (default)
2019-08-28 16:05:47,040 [main] INFO  server.RaftServerConfigKeys (ConfUtils.java:logGet(43)) - raft.server.storage.dir = [/workdir/hadoop-ozone/integration-test/target/test-dir/MiniOzoneClusterImpl-b4e114d8-6e30-44e2-8e8d-493332923df2/datanode-0/data/ratis] (custom)
2019-08-28 16:05:47,042 [main] INFO  hdfs.DFSUtil (DFSUtil.java:httpServerTemplateForNNAndJN(1641)) - Starting Web-server for hddsDatanode at: http://0.0.0.0:0
2019-08-28 16:05:47,044 [main] INFO  server.AuthenticationFilter (AuthenticationFilter.java:constructSecretProvider(240)) - Unable to initialize FileSignerSecretProvider, falling back to use random secrets.
2019-08-28 16:05:47,044 [main] WARN  http.HttpRequestLog (HttpRequestLog.java:getRequestLog(97)) - Jetty request log can only be enabled using Log4j
2019-08-28 16:05:47,045 [main] INFO  http.HttpServer2 (HttpServer2.java:addGlobalFilter(975)) - Added global filter 'safety' (class=org.apache.hadoop.http.HttpServer2$QuotingInputFilter)
2019-08-28 16:05:47,046 [main] INFO  http.HttpServer2 (HttpServer2.java:addFilter(948)) - Added filter static_user_filter (class=org.apache.hadoop.http.lib.StaticUserWebFilter$StaticUserFilter) to context hddsDatanode
2019-08-28 16:05:47,046 [main] INFO  http.HttpServer2 (HttpServer2.java:addFilter(958)) - Added filter static_user_filter (class=org.apache.hadoop.http.lib.StaticUserWebFilter$StaticUserFilter) to context logs
2019-08-28 16:05:47,046 [main] INFO  http.HttpServer2 (HttpServer2.java:addFilter(958)) - Added filter static_user_filter (class=org.apache.hadoop.http.lib.StaticUserWebFilter$StaticUserFilter) to context static
2019-08-28 16:05:47,047 [main] INFO  http.HttpServer2 (HttpServer2.java:bindListener(1191)) - Jetty bound to port 40727
2019-08-28 16:05:47,047 [main] INFO  server.Server (Server.java:doStart(351)) - jetty-9.3.24.v20180605, build timestamp: 2018-06-05T17:11:56Z, git hash: 84205aa28f11a4f31f2a3b86d1bba2cc8ab69827
2019-08-28 16:05:47,048 [main] INFO  handler.ContextHandler (ContextHandler.java:doStart(781)) - Started o.e.j.s.ServletContextHandler@77732366{/logs,file:///workdir/hadoop-ozone/integration-test/target/log,AVAILABLE}
2019-08-28 16:05:47,049 [main] INFO  handler.ContextHandler (ContextHandler.java:doStart(781)) - Started o.e.j.s.ServletContextHandler@5c883b3f{/static,jar:file:/home/user/.m2/repository/org/apache/hadoop/hadoop-hdds-container-service/0.5.0-SNAPSHOT/hadoop-hdds-container-service-0.5.0-SNAPSHOT.jar!/webapps/static,AVAILABLE}
2019-08-28 16:05:47,077 [main] INFO  handler.ContextHandler (ContextHandler.java:doStart(781)) - Started o.e.j.w.WebAppContext@172ca6a{/,file:///tmp/jetty-0.0.0.0-40727-hddsDatanode-_-any-7756577775439572989.dir/webapp/,AVAILABLE}{/hddsDatanode}
2019-08-28 16:05:47,077 [main] INFO  server.AbstractConnector (AbstractConnector.java:doStart(278)) - Started ServerConnector@174e5929{HTTP/1.1,[http/1.1]}{0.0.0.0:40727}
2019-08-28 16:05:47,077 [main] INFO  server.Server (Server.java:doStart(419)) - Started @594175ms
2019-08-28 16:05:47,079 [main] INFO  server.BaseHttpServer (BaseHttpServer.java:updateConnectorAddress(213)) - HTTP server of HDDSDATANODE is listening at http://0.0.0.0:40727
2019-08-28 16:05:47,206 | INFO  | ObjectStoreRestHttpServer | Listening HDDS REST traffic on /0.0.0.0:43237 |  
2019-08-28 16:05:47,206 [main] INFO  ozone.HddsDatanodeService (HddsDatanodeService.java:startPlugins(395)) - Started plug-in org.apache.hadoop.ozone.web.OzoneHddsDatanodeService@3e09067
2019-08-28 16:05:47,206 [main] INFO  impl.MetricsSystemImpl (MetricsSystemImpl.java:init(158)) - HddsDatanode metrics system started (again)
2019-08-28 16:05:47,209 [main] INFO  ozone.HddsDatanodeService (HddsDatanodeService.java:start(184)) - HddsDatanodeService host:pr-hdds-1941-8j4hf-3572870610 ip:192.168.34.1
2019-08-28 16:05:47,209 [org.apache.hadoop.util.JvmPauseMonitor$Monitor@3de61eb6] INFO  util.JvmPauseMonitor (JvmPauseMonitor.java:run(188)) - Starting JVM pause monitor
2019-08-28 16:05:47,211 [Datanode State Machine Thread - 0] INFO  datanode.InitDatanodeState (InitDatanodeState.java:persistContainerDatanodeDetails(140)) - DatanodeDetails is persisted to /workdir/hadoop-ozone/integration-test/target/test-dir/MiniOzoneClusterImpl-b4e114d8-6e30-44e2-8e8d-493332923df2/datanode-0/meta/datanode.id
2019-08-28 16:05:47,218 [main] INFO  volume.HddsVolume (HddsVolume.java:<init>(176)) - Creating Volume: /workdir/hadoop-ozone/integration-test/target/test-dir/MiniOzoneClusterImpl-b4e114d8-6e30-44e2-8e8d-493332923df2/datanode-1/data/containers/hdds of  storage type : DISK and capacity : 1482555576320
2019-08-28 16:05:47,219 [main] INFO  volume.VolumeSet (VolumeSet.java:initializeVolumeSet(170)) - Added Volume : /workdir/hadoop-ozone/integration-test/target/test-dir/MiniOzoneClusterImpl-b4e114d8-6e30-44e2-8e8d-493332923df2/datanode-1/data/containers/hdds to VolumeSet
2019-08-28 16:05:47,219 [main] INFO  volume.ThrottledAsyncChecker (ThrottledAsyncChecker.java:schedule(140)) - Scheduling a check for org.apache.hadoop.ozone.container.common.volume.HddsVolume@136a5572
2019-08-28 16:05:47,219 [main] INFO  volume.HddsVolumeChecker (HddsVolumeChecker.java:checkAllVolumes(203)) - Scheduled health check for volume org.apache.hadoop.ozone.container.common.volume.HddsVolume@136a5572
2019-08-28 16:05:47,232 [main] INFO  impl.RaftServerProxy (ConfUtils.java:logGet(43)) - raft.rpc.type = GRPC (default)
2019-08-28 16:05:47,232 [main] INFO  grpc.GrpcFactory (GrpcFactory.java:checkPooledByteBufAllocatorUseCacheForAllThreads(45)) - PERFORMANCE WARNING: useCacheForAllThreads is true that may cause Netty to create a lot garbage objects and, as a result, trigger GC.
	It is recommended to disable useCacheForAllThreads by setting -Dorg.apache.ratis.thirdparty.io.netty.allocator.useCacheForAllThreads=false in command line.
2019-08-28 16:05:47,232 [main] INFO  grpc.GrpcConfigKeys$Server (ConfUtils.java:logGet(43)) - raft.grpc.server.port = 0 (default)
2019-08-28 16:05:47,232 [main] INFO  server.GrpcService (ConfUtils.java:logGet(43)) - raft.grpc.message.size.max = 33570816 (custom)
2019-08-28 16:05:47,233 [main] INFO  server.RaftServerConfigKeys (ConfUtils.java:logGet(43)) - raft.server.log.appender.buffer.byte-limit = 33554432 (custom)
2019-08-28 16:05:47,233 [main] INFO  server.GrpcService (ConfUtils.java:logGet(43)) - raft.grpc.flow.control.window = 1MB (=1048576) (default)
2019-08-28 16:05:47,233 [main] INFO  server.RaftServerConfigKeys (ConfUtils.java:logGet(43)) - raft.server.rpc.request.timeout = 3000ms (default)
2019-08-28 16:05:47,233 [main] INFO  server.RaftServerConfigKeys (ConfUtils.java:logGet(43)) - raft.server.storage.dir = [/workdir/hadoop-ozone/integration-test/target/test-dir/MiniOzoneClusterImpl-b4e114d8-6e30-44e2-8e8d-493332923df2/datanode-1/data/ratis] (custom)
2019-08-28 16:05:47,235 [main] INFO  hdfs.DFSUtil (DFSUtil.java:httpServerTemplateForNNAndJN(1641)) - Starting Web-server for hddsDatanode at: http://0.0.0.0:0
2019-08-28 16:05:47,236 [main] INFO  server.AuthenticationFilter (AuthenticationFilter.java:constructSecretProvider(240)) - Unable to initialize FileSignerSecretProvider, falling back to use random secrets.
2019-08-28 16:05:47,236 [main] WARN  http.HttpRequestLog (HttpRequestLog.java:getRequestLog(97)) - Jetty request log can only be enabled using Log4j
2019-08-28 16:05:47,237 [main] INFO  http.HttpServer2 (HttpServer2.java:addGlobalFilter(975)) - Added global filter 'safety' (class=org.apache.hadoop.http.HttpServer2$QuotingInputFilter)
2019-08-28 16:05:47,238 [main] INFO  http.HttpServer2 (HttpServer2.java:addFilter(948)) - Added filter static_user_filter (class=org.apache.hadoop.http.lib.StaticUserWebFilter$StaticUserFilter) to context hddsDatanode
2019-08-28 16:05:47,238 [main] INFO  http.HttpServer2 (HttpServer2.java:addFilter(958)) - Added filter static_user_filter (class=org.apache.hadoop.http.lib.StaticUserWebFilter$StaticUserFilter) to context logs
2019-08-28 16:05:47,238 [main] INFO  http.HttpServer2 (HttpServer2.java:addFilter(958)) - Added filter static_user_filter (class=org.apache.hadoop.http.lib.StaticUserWebFilter$StaticUserFilter) to context static
2019-08-28 16:05:47,239 [main] INFO  http.HttpServer2 (HttpServer2.java:bindListener(1191)) - Jetty bound to port 46386
2019-08-28 16:05:47,239 [main] INFO  server.Server (Server.java:doStart(351)) - jetty-9.3.24.v20180605, build timestamp: 2018-06-05T17:11:56Z, git hash: 84205aa28f11a4f31f2a3b86d1bba2cc8ab69827
2019-08-28 16:05:47,240 [main] INFO  handler.ContextHandler (ContextHandler.java:doStart(781)) - Started o.e.j.s.ServletContextHandler@781ecbac{/logs,file:///workdir/hadoop-ozone/integration-test/target/log,AVAILABLE}
2019-08-28 16:05:47,241 [main] INFO  handler.ContextHandler (ContextHandler.java:doStart(781)) - Started o.e.j.s.ServletContextHandler@3f89d36c{/static,jar:file:/home/user/.m2/repository/org/apache/hadoop/hadoop-hdds-container-service/0.5.0-SNAPSHOT/hadoop-hdds-container-service-0.5.0-SNAPSHOT.jar!/webapps/static,AVAILABLE}
2019-08-28 16:05:47,268 [main] INFO  handler.ContextHandler (ContextHandler.java:doStart(781)) - Started o.e.j.w.WebAppContext@2fb9695a{/,file:///tmp/jetty-0.0.0.0-46386-hddsDatanode-_-any-8956324136249083139.dir/webapp/,AVAILABLE}{/hddsDatanode}
2019-08-28 16:05:47,268 [main] INFO  server.AbstractConnector (AbstractConnector.java:doStart(278)) - Started ServerConnector@33da0fad{HTTP/1.1,[http/1.1]}{0.0.0.0:46386}
2019-08-28 16:05:47,268 [main] INFO  server.Server (Server.java:doStart(419)) - Started @594365ms
2019-08-28 16:05:47,270 [main] INFO  server.BaseHttpServer (BaseHttpServer.java:updateConnectorAddress(213)) - HTTP server of HDDSDATANODE is listening at http://0.0.0.0:46386
2019-08-28 16:05:47,726 | INFO  | ObjectStoreRestHttpServer | Listening HDDS REST traffic on /0.0.0.0:46718 |  
2019-08-28 16:05:47,726 [main] INFO  ozone.HddsDatanodeService (HddsDatanodeService.java:startPlugins(395)) - Started plug-in org.apache.hadoop.ozone.web.OzoneHddsDatanodeService@4a5dc126
2019-08-28 16:05:47,727 [main] INFO  impl.MetricsSystemImpl (MetricsSystemImpl.java:init(158)) - HddsDatanode metrics system started (again)
2019-08-28 16:05:47,730 [org.apache.hadoop.util.JvmPauseMonitor$Monitor@3ba8b64f] INFO  util.JvmPauseMonitor (JvmPauseMonitor.java:run(188)) - Starting JVM pause monitor
2019-08-28 16:05:47,731 [main] INFO  ozone.HddsDatanodeService (HddsDatanodeService.java:start(184)) - HddsDatanodeService host:pr-hdds-1941-8j4hf-3572870610 ip:192.168.34.1
2019-08-28 16:05:47,732 [Datanode State Machine Thread - 0] INFO  datanode.InitDatanodeState (InitDatanodeState.java:persistContainerDatanodeDetails(140)) - DatanodeDetails is persisted to /workdir/hadoop-ozone/integration-test/target/test-dir/MiniOzoneClusterImpl-b4e114d8-6e30-44e2-8e8d-493332923df2/datanode-1/meta/datanode.id
2019-08-28 16:05:47,741 [main] INFO  volume.HddsVolume (HddsVolume.java:<init>(176)) - Creating Volume: /workdir/hadoop-ozone/integration-test/target/test-dir/MiniOzoneClusterImpl-b4e114d8-6e30-44e2-8e8d-493332923df2/datanode-2/data/containers/hdds of  storage type : DISK and capacity : 1482555576320
2019-08-28 16:05:47,741 [main] INFO  volume.VolumeSet (VolumeSet.java:initializeVolumeSet(170)) - Added Volume : /workdir/hadoop-ozone/integration-test/target/test-dir/MiniOzoneClusterImpl-b4e114d8-6e30-44e2-8e8d-493332923df2/datanode-2/data/containers/hdds to VolumeSet
2019-08-28 16:05:47,742 [main] INFO  volume.ThrottledAsyncChecker (ThrottledAsyncChecker.java:schedule(140)) - Scheduling a check for org.apache.hadoop.ozone.container.common.volume.HddsVolume@3bd7829b
2019-08-28 16:05:47,742 [main] INFO  volume.HddsVolumeChecker (HddsVolumeChecker.java:checkAllVolumes(203)) - Scheduled health check for volume org.apache.hadoop.ozone.container.common.volume.HddsVolume@3bd7829b
2019-08-28 16:05:47,760 [main] INFO  impl.RaftServerProxy (ConfUtils.java:logGet(43)) - raft.rpc.type = GRPC (default)
2019-08-28 16:05:47,761 [main] INFO  grpc.GrpcFactory (GrpcFactory.java:checkPooledByteBufAllocatorUseCacheForAllThreads(45)) - PERFORMANCE WARNING: useCacheForAllThreads is true that may cause Netty to create a lot garbage objects and, as a result, trigger GC.
	It is recommended to disable useCacheForAllThreads by setting -Dorg.apache.ratis.thirdparty.io.netty.allocator.useCacheForAllThreads=false in command line.
2019-08-28 16:05:47,761 [main] INFO  grpc.GrpcConfigKeys$Server (ConfUtils.java:logGet(43)) - raft.grpc.server.port = 0 (default)
2019-08-28 16:05:47,761 [main] INFO  server.GrpcService (ConfUtils.java:logGet(43)) - raft.grpc.message.size.max = 33570816 (custom)
2019-08-28 16:05:47,761 [main] INFO  server.RaftServerConfigKeys (ConfUtils.java:logGet(43)) - raft.server.log.appender.buffer.byte-limit = 33554432 (custom)
2019-08-28 16:05:47,762 [main] INFO  server.GrpcService (ConfUtils.java:logGet(43)) - raft.grpc.flow.control.window = 1MB (=1048576) (default)
2019-08-28 16:05:47,762 [main] INFO  server.RaftServerConfigKeys (ConfUtils.java:logGet(43)) - raft.server.rpc.request.timeout = 3000ms (default)
2019-08-28 16:05:47,762 [main] INFO  server.RaftServerConfigKeys (ConfUtils.java:logGet(43)) - raft.server.storage.dir = [/workdir/hadoop-ozone/integration-test/target/test-dir/MiniOzoneClusterImpl-b4e114d8-6e30-44e2-8e8d-493332923df2/datanode-2/data/ratis] (custom)
2019-08-28 16:05:47,764 [main] INFO  hdfs.DFSUtil (DFSUtil.java:httpServerTemplateForNNAndJN(1641)) - Starting Web-server for hddsDatanode at: http://0.0.0.0:0
2019-08-28 16:05:47,766 [main] INFO  server.AuthenticationFilter (AuthenticationFilter.java:constructSecretProvider(240)) - Unable to initialize FileSignerSecretProvider, falling back to use random secrets.
2019-08-28 16:05:47,766 [main] WARN  http.HttpRequestLog (HttpRequestLog.java:getRequestLog(97)) - Jetty request log can only be enabled using Log4j
2019-08-28 16:05:47,768 [main] INFO  http.HttpServer2 (HttpServer2.java:addGlobalFilter(975)) - Added global filter 'safety' (class=org.apache.hadoop.http.HttpServer2$QuotingInputFilter)
2019-08-28 16:05:47,769 [main] INFO  http.HttpServer2 (HttpServer2.java:addFilter(948)) - Added filter static_user_filter (class=org.apache.hadoop.http.lib.StaticUserWebFilter$StaticUserFilter) to context hddsDatanode
2019-08-28 16:05:47,769 [main] INFO  http.HttpServer2 (HttpServer2.java:addFilter(958)) - Added filter static_user_filter (class=org.apache.hadoop.http.lib.StaticUserWebFilter$StaticUserFilter) to context static
2019-08-28 16:05:47,769 [main] INFO  http.HttpServer2 (HttpServer2.java:addFilter(958)) - Added filter static_user_filter (class=org.apache.hadoop.http.lib.StaticUserWebFilter$StaticUserFilter) to context logs
2019-08-28 16:05:47,770 [main] INFO  http.HttpServer2 (HttpServer2.java:bindListener(1191)) - Jetty bound to port 37801
2019-08-28 16:05:47,770 [main] INFO  server.Server (Server.java:doStart(351)) - jetty-9.3.24.v20180605, build timestamp: 2018-06-05T17:11:56Z, git hash: 84205aa28f11a4f31f2a3b86d1bba2cc8ab69827
2019-08-28 16:05:47,772 [main] INFO  handler.ContextHandler (ContextHandler.java:doStart(781)) - Started o.e.j.s.ServletContextHandler@5e752a2a{/logs,file:///workdir/hadoop-ozone/integration-test/target/log,AVAILABLE}
2019-08-28 16:05:47,773 [main] INFO  handler.ContextHandler (ContextHandler.java:doStart(781)) - Started o.e.j.s.ServletContextHandler@4f9191c1{/static,jar:file:/home/user/.m2/repository/org/apache/hadoop/hadoop-hdds-container-service/0.5.0-SNAPSHOT/hadoop-hdds-container-service-0.5.0-SNAPSHOT.jar!/webapps/static,AVAILABLE}
2019-08-28 16:05:47,808 [main] INFO  handler.ContextHandler (ContextHandler.java:doStart(781)) - Started o.e.j.w.WebAppContext@3448a248{/,file:///tmp/jetty-0.0.0.0-37801-hddsDatanode-_-any-7549505421373017804.dir/webapp/,AVAILABLE}{/hddsDatanode}
2019-08-28 16:05:47,809 [main] INFO  server.AbstractConnector (AbstractConnector.java:doStart(278)) - Started ServerConnector@8788194{HTTP/1.1,[http/1.1]}{0.0.0.0:37801}
2019-08-28 16:05:47,810 [main] INFO  server.Server (Server.java:doStart(419)) - Started @594908ms
2019-08-28 16:05:47,811 [main] INFO  server.BaseHttpServer (BaseHttpServer.java:updateConnectorAddress(213)) - HTTP server of HDDSDATANODE is listening at http://0.0.0.0:37801
2019-08-28 16:05:47,941 | INFO  | ObjectStoreRestHttpServer | Listening HDDS REST traffic on /0.0.0.0:42392 |  
2019-08-28 16:05:47,941 [main] INFO  ozone.HddsDatanodeService (HddsDatanodeService.java:startPlugins(395)) - Started plug-in org.apache.hadoop.ozone.web.OzoneHddsDatanodeService@2287bbd1
2019-08-28 16:05:47,941 [main] INFO  impl.MetricsSystemImpl (MetricsSystemImpl.java:init(158)) - HddsDatanode metrics system started (again)
2019-08-28 16:05:47,944 [main] INFO  ozone.HddsDatanodeService (HddsDatanodeService.java:start(184)) - HddsDatanodeService host:pr-hdds-1941-8j4hf-3572870610 ip:192.168.34.1
2019-08-28 16:05:47,944 [org.apache.hadoop.util.JvmPauseMonitor$Monitor@6315035a] INFO  util.JvmPauseMonitor (JvmPauseMonitor.java:run(188)) - Starting JVM pause monitor
2019-08-28 16:05:47,946 [Datanode State Machine Thread - 0] INFO  datanode.InitDatanodeState (InitDatanodeState.java:persistContainerDatanodeDetails(140)) - DatanodeDetails is persisted to /workdir/hadoop-ozone/integration-test/target/test-dir/MiniOzoneClusterImpl-b4e114d8-6e30-44e2-8e8d-493332923df2/datanode-2/meta/datanode.id
2019-08-28 16:05:47,954 [main] INFO  volume.HddsVolume (HddsVolume.java:<init>(176)) - Creating Volume: /workdir/hadoop-ozone/integration-test/target/test-dir/MiniOzoneClusterImpl-b4e114d8-6e30-44e2-8e8d-493332923df2/datanode-3/data/containers/hdds of  storage type : DISK and capacity : 1482555576320
2019-08-28 16:05:47,954 [main] INFO  volume.VolumeSet (VolumeSet.java:initializeVolumeSet(170)) - Added Volume : /workdir/hadoop-ozone/integration-test/target/test-dir/MiniOzoneClusterImpl-b4e114d8-6e30-44e2-8e8d-493332923df2/datanode-3/data/containers/hdds to VolumeSet
2019-08-28 16:05:47,955 [main] INFO  volume.ThrottledAsyncChecker (ThrottledAsyncChecker.java:schedule(140)) - Scheduling a check for org.apache.hadoop.ozone.container.common.volume.HddsVolume@688e6d4e
2019-08-28 16:05:47,955 [main] INFO  volume.HddsVolumeChecker (HddsVolumeChecker.java:checkAllVolumes(203)) - Scheduled health check for volume org.apache.hadoop.ozone.container.common.volume.HddsVolume@688e6d4e
2019-08-28 16:05:47,967 [main] INFO  impl.RaftServerProxy (ConfUtils.java:logGet(43)) - raft.rpc.type = GRPC (default)
2019-08-28 16:05:47,967 [main] INFO  grpc.GrpcFactory (GrpcFactory.java:checkPooledByteBufAllocatorUseCacheForAllThreads(45)) - PERFORMANCE WARNING: useCacheForAllThreads is true that may cause Netty to create a lot garbage objects and, as a result, trigger GC.
	It is recommended to disable useCacheForAllThreads by setting -Dorg.apache.ratis.thirdparty.io.netty.allocator.useCacheForAllThreads=false in command line.
2019-08-28 16:05:47,967 [main] INFO  grpc.GrpcConfigKeys$Server (ConfUtils.java:logGet(43)) - raft.grpc.server.port = 0 (default)
2019-08-28 16:05:47,967 [main] INFO  server.GrpcService (ConfUtils.java:logGet(43)) - raft.grpc.message.size.max = 33570816 (custom)
2019-08-28 16:05:47,967 [main] INFO  server.RaftServerConfigKeys (ConfUtils.java:logGet(43)) - raft.server.log.appender.buffer.byte-limit = 33554432 (custom)
2019-08-28 16:05:47,968 [main] INFO  server.GrpcService (ConfUtils.java:logGet(43)) - raft.grpc.flow.control.window = 1MB (=1048576) (default)
2019-08-28 16:05:47,968 [main] INFO  server.RaftServerConfigKeys (ConfUtils.java:logGet(43)) - raft.server.rpc.request.timeout = 3000ms (default)
2019-08-28 16:05:47,968 [main] INFO  server.RaftServerConfigKeys (ConfUtils.java:logGet(43)) - raft.server.storage.dir = [/workdir/hadoop-ozone/integration-test/target/test-dir/MiniOzoneClusterImpl-b4e114d8-6e30-44e2-8e8d-493332923df2/datanode-3/data/ratis] (custom)
2019-08-28 16:05:47,969 [main] INFO  hdfs.DFSUtil (DFSUtil.java:httpServerTemplateForNNAndJN(1641)) - Starting Web-server for hddsDatanode at: http://0.0.0.0:0
2019-08-28 16:05:47,971 [main] INFO  server.AuthenticationFilter (AuthenticationFilter.java:constructSecretProvider(240)) - Unable to initialize FileSignerSecretProvider, falling back to use random secrets.
2019-08-28 16:05:47,971 [main] WARN  http.HttpRequestLog (HttpRequestLog.java:getRequestLog(97)) - Jetty request log can only be enabled using Log4j
2019-08-28 16:05:47,973 [main] INFO  http.HttpServer2 (HttpServer2.java:addGlobalFilter(975)) - Added global filter 'safety' (class=org.apache.hadoop.http.HttpServer2$QuotingInputFilter)
2019-08-28 16:05:47,974 [main] INFO  http.HttpServer2 (HttpServer2.java:addFilter(948)) - Added filter static_user_filter (class=org.apache.hadoop.http.lib.StaticUserWebFilter$StaticUserFilter) to context hddsDatanode
2019-08-28 16:05:47,974 [main] INFO  http.HttpServer2 (HttpServer2.java:addFilter(958)) - Added filter static_user_filter (class=org.apache.hadoop.http.lib.StaticUserWebFilter$StaticUserFilter) to context logs
2019-08-28 16:05:47,974 [main] INFO  http.HttpServer2 (HttpServer2.java:addFilter(958)) - Added filter static_user_filter (class=org.apache.hadoop.http.lib.StaticUserWebFilter$StaticUserFilter) to context static
2019-08-28 16:05:47,975 [main] INFO  http.HttpServer2 (HttpServer2.java:bindListener(1191)) - Jetty bound to port 45924
2019-08-28 16:05:47,975 [main] INFO  server.Server (Server.java:doStart(351)) - jetty-9.3.24.v20180605, build timestamp: 2018-06-05T17:11:56Z, git hash: 84205aa28f11a4f31f2a3b86d1bba2cc8ab69827
2019-08-28 16:05:47,977 [main] INFO  handler.ContextHandler (ContextHandler.java:doStart(781)) - Started o.e.j.s.ServletContextHandler@3c9cab4{/logs,file:///workdir/hadoop-ozone/integration-test/target/log,AVAILABLE}
2019-08-28 16:05:47,977 [main] INFO  handler.ContextHandler (ContextHandler.java:doStart(781)) - Started o.e.j.s.ServletContextHandler@2ff4d61b{/static,jar:file:/home/user/.m2/repository/org/apache/hadoop/hadoop-hdds-container-service/0.5.0-SNAPSHOT/hadoop-hdds-container-service-0.5.0-SNAPSHOT.jar!/webapps/static,AVAILABLE}
2019-08-28 16:05:48,005 [main] INFO  handler.ContextHandler (ContextHandler.java:doStart(781)) - Started o.e.j.w.WebAppContext@41030c21{/,file:///tmp/jetty-0.0.0.0-45924-hddsDatanode-_-any-2258947298121180600.dir/webapp/,AVAILABLE}{/hddsDatanode}
2019-08-28 16:05:48,005 [main] INFO  server.AbstractConnector (AbstractConnector.java:doStart(278)) - Started ServerConnector@3c5797c6{HTTP/1.1,[http/1.1]}{0.0.0.0:45924}
2019-08-28 16:05:48,005 [main] INFO  server.Server (Server.java:doStart(419)) - Started @595103ms
2019-08-28 16:05:48,007 [main] INFO  server.BaseHttpServer (BaseHttpServer.java:updateConnectorAddress(213)) - HTTP server of HDDSDATANODE is listening at http://0.0.0.0:45924
2019-08-28 16:05:48,112 | INFO  | ObjectStoreRestHttpServer | Listening HDDS REST traffic on /0.0.0.0:37498 |  
2019-08-28 16:05:48,112 [main] INFO  ozone.HddsDatanodeService (HddsDatanodeService.java:startPlugins(395)) - Started plug-in org.apache.hadoop.ozone.web.OzoneHddsDatanodeService@29511cf9
2019-08-28 16:05:48,113 [main] INFO  impl.MetricsSystemImpl (MetricsSystemImpl.java:init(158)) - HddsDatanode metrics system started (again)
2019-08-28 16:05:48,116 [main] INFO  ozone.HddsDatanodeService (HddsDatanodeService.java:start(184)) - HddsDatanodeService host:pr-hdds-1941-8j4hf-3572870610 ip:192.168.34.1
2019-08-28 16:05:48,116 [org.apache.hadoop.util.JvmPauseMonitor$Monitor@4fb02328] INFO  util.JvmPauseMonitor (JvmPauseMonitor.java:run(188)) - Starting JVM pause monitor
2019-08-28 16:05:48,117 [Datanode State Machine Thread - 0] INFO  datanode.InitDatanodeState (InitDatanodeState.java:persistContainerDatanodeDetails(140)) - DatanodeDetails is persisted to /workdir/hadoop-ozone/integration-test/target/test-dir/MiniOzoneClusterImpl-b4e114d8-6e30-44e2-8e8d-493332923df2/datanode-3/meta/datanode.id
2019-08-28 16:05:48,126 [main] INFO  volume.HddsVolume (HddsVolume.java:<init>(176)) - Creating Volume: /workdir/hadoop-ozone/integration-test/target/test-dir/MiniOzoneClusterImpl-b4e114d8-6e30-44e2-8e8d-493332923df2/datanode-4/data/containers/hdds of  storage type : DISK and capacity : 1482555576320
2019-08-28 16:05:48,126 [main] INFO  volume.VolumeSet (VolumeSet.java:initializeVolumeSet(170)) - Added Volume : /workdir/hadoop-ozone/integration-test/target/test-dir/MiniOzoneClusterImpl-b4e114d8-6e30-44e2-8e8d-493332923df2/datanode-4/data/containers/hdds to VolumeSet
2019-08-28 16:05:48,126 [main] INFO  volume.ThrottledAsyncChecker (ThrottledAsyncChecker.java:schedule(140)) - Scheduling a check for org.apache.hadoop.ozone.container.common.volume.HddsVolume@59a49dbc
2019-08-28 16:05:48,127 [main] INFO  volume.HddsVolumeChecker (HddsVolumeChecker.java:checkAllVolumes(203)) - Scheduled health check for volume org.apache.hadoop.ozone.container.common.volume.HddsVolume@59a49dbc
2019-08-28 16:05:48,138 [main] INFO  impl.RaftServerProxy (ConfUtils.java:logGet(43)) - raft.rpc.type = GRPC (default)
2019-08-28 16:05:48,138 [main] INFO  grpc.GrpcFactory (GrpcFactory.java:checkPooledByteBufAllocatorUseCacheForAllThreads(45)) - PERFORMANCE WARNING: useCacheForAllThreads is true that may cause Netty to create a lot garbage objects and, as a result, trigger GC.
	It is recommended to disable useCacheForAllThreads by setting -Dorg.apache.ratis.thirdparty.io.netty.allocator.useCacheForAllThreads=false in command line.
2019-08-28 16:05:48,138 [main] INFO  grpc.GrpcConfigKeys$Server (ConfUtils.java:logGet(43)) - raft.grpc.server.port = 0 (default)
2019-08-28 16:05:48,138 [main] INFO  server.GrpcService (ConfUtils.java:logGet(43)) - raft.grpc.message.size.max = 33570816 (custom)
2019-08-28 16:05:48,139 [main] INFO  server.RaftServerConfigKeys (ConfUtils.java:logGet(43)) - raft.server.log.appender.buffer.byte-limit = 33554432 (custom)
2019-08-28 16:05:48,139 [main] INFO  server.GrpcService (ConfUtils.java:logGet(43)) - raft.grpc.flow.control.window = 1MB (=1048576) (default)
2019-08-28 16:05:48,139 [main] INFO  server.RaftServerConfigKeys (ConfUtils.java:logGet(43)) - raft.server.rpc.request.timeout = 3000ms (default)
2019-08-28 16:05:48,139 [main] INFO  server.RaftServerConfigKeys (ConfUtils.java:logGet(43)) - raft.server.storage.dir = [/workdir/hadoop-ozone/integration-test/target/test-dir/MiniOzoneClusterImpl-b4e114d8-6e30-44e2-8e8d-493332923df2/datanode-4/data/ratis] (custom)
2019-08-28 16:05:48,140 [main] INFO  hdfs.DFSUtil (DFSUtil.java:httpServerTemplateForNNAndJN(1641)) - Starting Web-server for hddsDatanode at: http://0.0.0.0:0
2019-08-28 16:05:48,141 [main] INFO  server.AuthenticationFilter (AuthenticationFilter.java:constructSecretProvider(240)) - Unable to initialize FileSignerSecretProvider, falling back to use random secrets.
2019-08-28 16:05:48,142 [main] WARN  http.HttpRequestLog (HttpRequestLog.java:getRequestLog(97)) - Jetty request log can only be enabled using Log4j
2019-08-28 16:05:48,143 [main] INFO  http.HttpServer2 (HttpServer2.java:addGlobalFilter(975)) - Added global filter 'safety' (class=org.apache.hadoop.http.HttpServer2$QuotingInputFilter)
2019-08-28 16:05:48,143 [main] INFO  http.HttpServer2 (HttpServer2.java:addFilter(948)) - Added filter static_user_filter (class=org.apache.hadoop.http.lib.StaticUserWebFilter$StaticUserFilter) to context hddsDatanode
2019-08-28 16:05:48,143 [main] INFO  http.HttpServer2 (HttpServer2.java:addFilter(958)) - Added filter static_user_filter (class=org.apache.hadoop.http.lib.StaticUserWebFilter$StaticUserFilter) to context static
2019-08-28 16:05:48,144 [main] INFO  http.HttpServer2 (HttpServer2.java:addFilter(958)) - Added filter static_user_filter (class=org.apache.hadoop.http.lib.StaticUserWebFilter$StaticUserFilter) to context logs
2019-08-28 16:05:48,144 [main] INFO  http.HttpServer2 (HttpServer2.java:bindListener(1191)) - Jetty bound to port 44450
2019-08-28 16:05:48,144 [main] INFO  server.Server (Server.java:doStart(351)) - jetty-9.3.24.v20180605, build timestamp: 2018-06-05T17:11:56Z, git hash: 84205aa28f11a4f31f2a3b86d1bba2cc8ab69827
2019-08-28 16:05:48,146 [main] INFO  handler.ContextHandler (ContextHandler.java:doStart(781)) - Started o.e.j.s.ServletContextHandler@8497c23{/logs,file:///workdir/hadoop-ozone/integration-test/target/log,AVAILABLE}
2019-08-28 16:05:48,146 [main] INFO  handler.ContextHandler (ContextHandler.java:doStart(781)) - Started o.e.j.s.ServletContextHandler@500e995b{/static,jar:file:/home/user/.m2/repository/org/apache/hadoop/hadoop-hdds-container-service/0.5.0-SNAPSHOT/hadoop-hdds-container-service-0.5.0-SNAPSHOT.jar!/webapps/static,AVAILABLE}
2019-08-28 16:05:48,172 [main] INFO  handler.ContextHandler (ContextHandler.java:doStart(781)) - Started o.e.j.w.WebAppContext@669ae205{/,file:///tmp/jetty-0.0.0.0-44450-hddsDatanode-_-any-2984734294132069062.dir/webapp/,AVAILABLE}{/hddsDatanode}
2019-08-28 16:05:48,173 [main] INFO  server.AbstractConnector (AbstractConnector.java:doStart(278)) - Started ServerConnector@19984625{HTTP/1.1,[http/1.1]}{0.0.0.0:44450}
2019-08-28 16:05:48,173 [main] INFO  server.Server (Server.java:doStart(419)) - Started @595270ms
2019-08-28 16:05:48,174 [main] INFO  server.BaseHttpServer (BaseHttpServer.java:updateConnectorAddress(213)) - HTTP server of HDDSDATANODE is listening at http://0.0.0.0:44450
2019-08-28 16:05:48,275 | INFO  | ObjectStoreRestHttpServer | Listening HDDS REST traffic on /0.0.0.0:44213 |  
2019-08-28 16:05:48,275 [main] INFO  ozone.HddsDatanodeService (HddsDatanodeService.java:startPlugins(395)) - Started plug-in org.apache.hadoop.ozone.web.OzoneHddsDatanodeService@7e3062f0
2019-08-28 16:05:48,275 [main] INFO  impl.MetricsSystemImpl (MetricsSystemImpl.java:init(158)) - HddsDatanode metrics system started (again)
2019-08-28 16:05:48,278 [main] INFO  ozone.HddsDatanodeService (HddsDatanodeService.java:start(184)) - HddsDatanodeService host:pr-hdds-1941-8j4hf-3572870610 ip:192.168.34.1
2019-08-28 16:05:48,278 [org.apache.hadoop.util.JvmPauseMonitor$Monitor@4db2d5c1] INFO  util.JvmPauseMonitor (JvmPauseMonitor.java:run(188)) - Starting JVM pause monitor
2019-08-28 16:05:48,280 [Datanode State Machine Thread - 0] INFO  datanode.InitDatanodeState (InitDatanodeState.java:persistContainerDatanodeDetails(140)) - DatanodeDetails is persisted to /workdir/hadoop-ozone/integration-test/target/test-dir/MiniOzoneClusterImpl-b4e114d8-6e30-44e2-8e8d-493332923df2/datanode-4/meta/datanode.id
2019-08-28 16:05:48,289 [main] INFO  volume.HddsVolume (HddsVolume.java:<init>(176)) - Creating Volume: /workdir/hadoop-ozone/integration-test/target/test-dir/MiniOzoneClusterImpl-b4e114d8-6e30-44e2-8e8d-493332923df2/datanode-5/data/containers/hdds of  storage type : DISK and capacity : 1482555576320
2019-08-28 16:05:48,289 [main] INFO  volume.VolumeSet (VolumeSet.java:initializeVolumeSet(170)) - Added Volume : /workdir/hadoop-ozone/integration-test/target/test-dir/MiniOzoneClusterImpl-b4e114d8-6e30-44e2-8e8d-493332923df2/datanode-5/data/containers/hdds to VolumeSet
2019-08-28 16:05:48,289 [main] INFO  volume.ThrottledAsyncChecker (ThrottledAsyncChecker.java:schedule(140)) - Scheduling a check for org.apache.hadoop.ozone.container.common.volume.HddsVolume@6980e66a
2019-08-28 16:05:48,290 [main] INFO  volume.HddsVolumeChecker (HddsVolumeChecker.java:checkAllVolumes(203)) - Scheduled health check for volume org.apache.hadoop.ozone.container.common.volume.HddsVolume@6980e66a
2019-08-28 16:05:48,300 [main] INFO  impl.RaftServerProxy (ConfUtils.java:logGet(43)) - raft.rpc.type = GRPC (default)
2019-08-28 16:05:48,301 [main] INFO  grpc.GrpcFactory (GrpcFactory.java:checkPooledByteBufAllocatorUseCacheForAllThreads(45)) - PERFORMANCE WARNING: useCacheForAllThreads is true that may cause Netty to create a lot garbage objects and, as a result, trigger GC.
	It is recommended to disable useCacheForAllThreads by setting -Dorg.apache.ratis.thirdparty.io.netty.allocator.useCacheForAllThreads=false in command line.
2019-08-28 16:05:48,301 [main] INFO  grpc.GrpcConfigKeys$Server (ConfUtils.java:logGet(43)) - raft.grpc.server.port = 0 (default)
2019-08-28 16:05:48,301 [main] INFO  server.GrpcService (ConfUtils.java:logGet(43)) - raft.grpc.message.size.max = 33570816 (custom)
2019-08-28 16:05:48,301 [main] INFO  server.RaftServerConfigKeys (ConfUtils.java:logGet(43)) - raft.server.log.appender.buffer.byte-limit = 33554432 (custom)
2019-08-28 16:05:48,301 [main] INFO  server.GrpcService (ConfUtils.java:logGet(43)) - raft.grpc.flow.control.window = 1MB (=1048576) (default)
2019-08-28 16:05:48,302 [main] INFO  server.RaftServerConfigKeys (ConfUtils.java:logGet(43)) - raft.server.rpc.request.timeout = 3000ms (default)
2019-08-28 16:05:48,302 [main] INFO  server.RaftServerConfigKeys (ConfUtils.java:logGet(43)) - raft.server.storage.dir = [/workdir/hadoop-ozone/integration-test/target/test-dir/MiniOzoneClusterImpl-b4e114d8-6e30-44e2-8e8d-493332923df2/datanode-5/data/ratis] (custom)
2019-08-28 16:05:48,303 [main] INFO  hdfs.DFSUtil (DFSUtil.java:httpServerTemplateForNNAndJN(1641)) - Starting Web-server for hddsDatanode at: http://0.0.0.0:0
2019-08-28 16:05:48,304 [main] INFO  server.AuthenticationFilter (AuthenticationFilter.java:constructSecretProvider(240)) - Unable to initialize FileSignerSecretProvider, falling back to use random secrets.
2019-08-28 16:05:48,305 [main] WARN  http.HttpRequestLog (HttpRequestLog.java:getRequestLog(97)) - Jetty request log can only be enabled using Log4j
2019-08-28 16:05:48,306 [main] INFO  http.HttpServer2 (HttpServer2.java:addGlobalFilter(975)) - Added global filter 'safety' (class=org.apache.hadoop.http.HttpServer2$QuotingInputFilter)
2019-08-28 16:05:48,306 [main] INFO  http.HttpServer2 (HttpServer2.java:addFilter(948)) - Added filter static_user_filter (class=org.apache.hadoop.http.lib.StaticUserWebFilter$StaticUserFilter) to context hddsDatanode
2019-08-28 16:05:48,306 [main] INFO  http.HttpServer2 (HttpServer2.java:addFilter(958)) - Added filter static_user_filter (class=org.apache.hadoop.http.lib.StaticUserWebFilter$StaticUserFilter) to context logs
2019-08-28 16:05:48,306 [main] INFO  http.HttpServer2 (HttpServer2.java:addFilter(958)) - Added filter static_user_filter (class=org.apache.hadoop.http.lib.StaticUserWebFilter$StaticUserFilter) to context static
2019-08-28 16:05:48,307 [main] INFO  http.HttpServer2 (HttpServer2.java:bindListener(1191)) - Jetty bound to port 46462
2019-08-28 16:05:48,307 [main] INFO  server.Server (Server.java:doStart(351)) - jetty-9.3.24.v20180605, build timestamp: 2018-06-05T17:11:56Z, git hash: 84205aa28f11a4f31f2a3b86d1bba2cc8ab69827
2019-08-28 16:05:48,308 [main] INFO  handler.ContextHandler (ContextHandler.java:doStart(781)) - Started o.e.j.s.ServletContextHandler@648639f1{/logs,file:///workdir/hadoop-ozone/integration-test/target/log,AVAILABLE}
2019-08-28 16:05:48,309 [main] INFO  handler.ContextHandler (ContextHandler.java:doStart(781)) - Started o.e.j.s.ServletContextHandler@1b9785aa{/static,jar:file:/home/user/.m2/repository/org/apache/hadoop/hadoop-hdds-container-service/0.5.0-SNAPSHOT/hadoop-hdds-container-service-0.5.0-SNAPSHOT.jar!/webapps/static,AVAILABLE}
2019-08-28 16:05:48,335 [main] INFO  handler.ContextHandler (ContextHandler.java:doStart(781)) - Started o.e.j.w.WebAppContext@616b2b2{/,file:///tmp/jetty-0.0.0.0-46462-hddsDatanode-_-any-8000031130269704850.dir/webapp/,AVAILABLE}{/hddsDatanode}
2019-08-28 16:05:48,335 [main] INFO  server.AbstractConnector (AbstractConnector.java:doStart(278)) - Started ServerConnector@65402e26{HTTP/1.1,[http/1.1]}{0.0.0.0:46462}
2019-08-28 16:05:48,337 [main] INFO  server.Server (Server.java:doStart(419)) - Started @595433ms
2019-08-28 16:05:48,337 [main] INFO  server.BaseHttpServer (BaseHttpServer.java:updateConnectorAddress(213)) - HTTP server of HDDSDATANODE is listening at http://0.0.0.0:46462
2019-08-28 16:05:48,442 | INFO  | ObjectStoreRestHttpServer | Listening HDDS REST traffic on /0.0.0.0:36967 |  
2019-08-28 16:05:48,442 [main] INFO  ozone.HddsDatanodeService (HddsDatanodeService.java:startPlugins(395)) - Started plug-in org.apache.hadoop.ozone.web.OzoneHddsDatanodeService@65c97eeb
2019-08-28 16:05:48,442 [main] INFO  impl.MetricsSystemImpl (MetricsSystemImpl.java:init(158)) - HddsDatanode metrics system started (again)
2019-08-28 16:05:48,446 [main] INFO  ozone.HddsDatanodeService (HddsDatanodeService.java:start(184)) - HddsDatanodeService host:pr-hdds-1941-8j4hf-3572870610 ip:192.168.34.1
2019-08-28 16:05:48,446 [org.apache.hadoop.util.JvmPauseMonitor$Monitor@24f2fa6f] INFO  util.JvmPauseMonitor (JvmPauseMonitor.java:run(188)) - Starting JVM pause monitor
2019-08-28 16:05:48,447 [Datanode State Machine Thread - 0] INFO  datanode.InitDatanodeState (InitDatanodeState.java:persistContainerDatanodeDetails(140)) - DatanodeDetails is persisted to /workdir/hadoop-ozone/integration-test/target/test-dir/MiniOzoneClusterImpl-b4e114d8-6e30-44e2-8e8d-493332923df2/datanode-5/meta/datanode.id
2019-08-28 16:05:48,457 [main] INFO  volume.HddsVolume (HddsVolume.java:<init>(176)) - Creating Volume: /workdir/hadoop-ozone/integration-test/target/test-dir/MiniOzoneClusterImpl-b4e114d8-6e30-44e2-8e8d-493332923df2/datanode-6/data/containers/hdds of  storage type : DISK and capacity : 1482555576320
2019-08-28 16:05:48,457 [main] INFO  volume.VolumeSet (VolumeSet.java:initializeVolumeSet(170)) - Added Volume : /workdir/hadoop-ozone/integration-test/target/test-dir/MiniOzoneClusterImpl-b4e114d8-6e30-44e2-8e8d-493332923df2/datanode-6/data/containers/hdds to VolumeSet
2019-08-28 16:05:48,457 [main] INFO  volume.ThrottledAsyncChecker (ThrottledAsyncChecker.java:schedule(140)) - Scheduling a check for org.apache.hadoop.ozone.container.common.volume.HddsVolume@12ec5e73
2019-08-28 16:05:48,458 [main] INFO  volume.HddsVolumeChecker (HddsVolumeChecker.java:checkAllVolumes(203)) - Scheduled health check for volume org.apache.hadoop.ozone.container.common.volume.HddsVolume@12ec5e73
2019-08-28 16:05:48,470 [main] INFO  impl.RaftServerProxy (ConfUtils.java:logGet(43)) - raft.rpc.type = GRPC (default)
2019-08-28 16:05:48,470 [main] INFO  grpc.GrpcFactory (GrpcFactory.java:checkPooledByteBufAllocatorUseCacheForAllThreads(45)) - PERFORMANCE WARNING: useCacheForAllThreads is true that may cause Netty to create a lot garbage objects and, as a result, trigger GC.
	It is recommended to disable useCacheForAllThreads by setting -Dorg.apache.ratis.thirdparty.io.netty.allocator.useCacheForAllThreads=false in command line.
2019-08-28 16:05:48,470 [main] INFO  grpc.GrpcConfigKeys$Server (ConfUtils.java:logGet(43)) - raft.grpc.server.port = 0 (default)
2019-08-28 16:05:48,470 [main] INFO  server.GrpcService (ConfUtils.java:logGet(43)) - raft.grpc.message.size.max = 33570816 (custom)
2019-08-28 16:05:48,471 [main] INFO  server.RaftServerConfigKeys (ConfUtils.java:logGet(43)) - raft.server.log.appender.buffer.byte-limit = 33554432 (custom)
2019-08-28 16:05:48,471 [main] INFO  server.GrpcService (ConfUtils.java:logGet(43)) - raft.grpc.flow.control.window = 1MB (=1048576) (default)
2019-08-28 16:05:48,471 [main] INFO  server.RaftServerConfigKeys (ConfUtils.java:logGet(43)) - raft.server.rpc.request.timeout = 3000ms (default)
2019-08-28 16:05:48,471 [main] INFO  server.RaftServerConfigKeys (ConfUtils.java:logGet(43)) - raft.server.storage.dir = [/workdir/hadoop-ozone/integration-test/target/test-dir/MiniOzoneClusterImpl-b4e114d8-6e30-44e2-8e8d-493332923df2/datanode-6/data/ratis] (custom)
2019-08-28 16:05:48,472 [main] INFO  hdfs.DFSUtil (DFSUtil.java:httpServerTemplateForNNAndJN(1641)) - Starting Web-server for hddsDatanode at: http://0.0.0.0:0
2019-08-28 16:05:48,473 [main] INFO  server.AuthenticationFilter (AuthenticationFilter.java:constructSecretProvider(240)) - Unable to initialize FileSignerSecretProvider, falling back to use random secrets.
2019-08-28 16:05:48,474 [main] WARN  http.HttpRequestLog (HttpRequestLog.java:getRequestLog(97)) - Jetty request log can only be enabled using Log4j
2019-08-28 16:05:48,475 [main] INFO  http.HttpServer2 (HttpServer2.java:addGlobalFilter(975)) - Added global filter 'safety' (class=org.apache.hadoop.http.HttpServer2$QuotingInputFilter)
2019-08-28 16:05:48,475 [main] INFO  http.HttpServer2 (HttpServer2.java:addFilter(948)) - Added filter static_user_filter (class=org.apache.hadoop.http.lib.StaticUserWebFilter$StaticUserFilter) to context hddsDatanode
2019-08-28 16:05:48,476 [main] INFO  http.HttpServer2 (HttpServer2.java:addFilter(958)) - Added filter static_user_filter (class=org.apache.hadoop.http.lib.StaticUserWebFilter$StaticUserFilter) to context static
2019-08-28 16:05:48,476 [main] INFO  http.HttpServer2 (HttpServer2.java:addFilter(958)) - Added filter static_user_filter (class=org.apache.hadoop.http.lib.StaticUserWebFilter$StaticUserFilter) to context logs
2019-08-28 16:05:48,476 [main] INFO  http.HttpServer2 (HttpServer2.java:bindListener(1191)) - Jetty bound to port 43261
2019-08-28 16:05:48,476 [main] INFO  server.Server (Server.java:doStart(351)) - jetty-9.3.24.v20180605, build timestamp: 2018-06-05T17:11:56Z, git hash: 84205aa28f11a4f31f2a3b86d1bba2cc8ab69827
2019-08-28 16:05:48,478 [main] INFO  handler.ContextHandler (ContextHandler.java:doStart(781)) - Started o.e.j.s.ServletContextHandler@cc81cb3{/logs,file:///workdir/hadoop-ozone/integration-test/target/log,AVAILABLE}
2019-08-28 16:05:48,478 [main] INFO  handler.ContextHandler (ContextHandler.java:doStart(781)) - Started o.e.j.s.ServletContextHandler@33ea437a{/static,jar:file:/home/user/.m2/repository/org/apache/hadoop/hadoop-hdds-container-service/0.5.0-SNAPSHOT/hadoop-hdds-container-service-0.5.0-SNAPSHOT.jar!/webapps/static,AVAILABLE}
2019-08-28 16:05:48,505 [main] INFO  handler.ContextHandler (ContextHandler.java:doStart(781)) - Started o.e.j.w.WebAppContext@53b5356{/,file:///tmp/jetty-0.0.0.0-43261-hddsDatanode-_-any-2423589333937010664.dir/webapp/,AVAILABLE}{/hddsDatanode}
2019-08-28 16:05:48,505 [main] INFO  server.AbstractConnector (AbstractConnector.java:doStart(278)) - Started ServerConnector@407956a5{HTTP/1.1,[http/1.1]}{0.0.0.0:43261}
2019-08-28 16:05:48,505 [main] INFO  server.Server (Server.java:doStart(419)) - Started @595602ms
2019-08-28 16:05:48,510 [main] INFO  server.BaseHttpServer (BaseHttpServer.java:updateConnectorAddress(213)) - HTTP server of HDDSDATANODE is listening at http://0.0.0.0:43261
2019-08-28 16:05:48,600 | INFO  | ObjectStoreRestHttpServer | Listening HDDS REST traffic on /0.0.0.0:41252 |  
2019-08-28 16:05:48,600 [main] INFO  ozone.HddsDatanodeService (HddsDatanodeService.java:startPlugins(395)) - Started plug-in org.apache.hadoop.ozone.web.OzoneHddsDatanodeService@33ccc8cd
2019-08-28 16:05:48,600 [main] INFO  ozone.MiniOzoneClusterImpl (MiniOzoneClusterImpl.java:lambda$waitForClusterToBeReady$0(142)) - Waiting for cluster to be ready. Got 0 of 7 DN Heartbeats.
2019-08-28 16:05:48,601 [org.apache.hadoop.util.JvmPauseMonitor$Monitor@1b19e81e] INFO  util.JvmPauseMonitor (JvmPauseMonitor.java:run(188)) - Starting JVM pause monitor
2019-08-28 16:05:48,603 [Datanode State Machine Thread - 0] INFO  datanode.InitDatanodeState (InitDatanodeState.java:persistContainerDatanodeDetails(140)) - DatanodeDetails is persisted to /workdir/hadoop-ozone/integration-test/target/test-dir/MiniOzoneClusterImpl-b4e114d8-6e30-44e2-8e8d-493332923df2/datanode-6/meta/datanode.id
2019-08-28 16:05:49,215 | INFO  | SCMAudit | user=jenkins1000 | ip=192.168.34.1 | op=GET_VERSION null | ret=SUCCESS |  
2019-08-28 16:05:49,231 [Datanode State Machine Thread - 0] INFO  ozoneimpl.OzoneContainer (OzoneContainer.java:start(201)) - Attempting to start container services.
2019-08-28 16:05:49,231 [Datanode State Machine Thread - 0] INFO  ozoneimpl.OzoneContainer (OzoneContainer.java:startContainerScrub(175)) - Background container scrubber has been disabled by hdds.containerscrub.enabled
2019-08-28 16:05:49,231 [Datanode State Machine Thread - 0] INFO  ratis.XceiverServerRatis (XceiverServerRatis.java:start(393)) - Starting XceiverServerRatis ee1ff1a7-a189-4b0e-b6a4-631626cf238a at port 0
2019-08-28 16:05:49,238 [Datanode State Machine Thread - 0] INFO  impl.RaftServerProxy (RaftServerProxy.java:lambda$start$3(299)) - ee1ff1a7-a189-4b0e-b6a4-631626cf238a: start RPC server
2019-08-28 16:05:49,239 [Datanode State Machine Thread - 0] INFO  server.GrpcService (GrpcService.java:startImpl(149)) - ee1ff1a7-a189-4b0e-b6a4-631626cf238a: GrpcService started, listening on 0.0.0.0/0.0.0.0:35124
2019-08-28 16:05:49,240 [Datanode State Machine Thread - 0] INFO  ratis.XceiverServerRatis (XceiverServerRatis.java:start(403)) - XceiverServerRatis ee1ff1a7-a189-4b0e-b6a4-631626cf238a is started using port 35124
2019-08-28 16:05:49,240 [Datanode State Machine Thread - 0] INFO  server.XceiverServerGrpc (XceiverServerGrpc.java:start(163)) - XceiverServerGrpc ee1ff1a7-a189-4b0e-b6a4-631626cf238a is started using port 39291
2019-08-28 16:05:49,600 [main] INFO  ozone.MiniOzoneClusterImpl (MiniOzoneClusterImpl.java:lambda$waitForClusterToBeReady$0(142)) - Waiting for cluster to be ready. Got 0 of 7 DN Heartbeats.
2019-08-28 16:05:49,732 | INFO  | SCMAudit | user=jenkins1000 | ip=192.168.34.1 | op=GET_VERSION null | ret=SUCCESS |  
2019-08-28 16:05:49,746 [Datanode State Machine Thread - 0] INFO  ozoneimpl.OzoneContainer (OzoneContainer.java:start(201)) - Attempting to start container services.
2019-08-28 16:05:49,747 [Datanode State Machine Thread - 0] INFO  ozoneimpl.OzoneContainer (OzoneContainer.java:startContainerScrub(175)) - Background container scrubber has been disabled by hdds.containerscrub.enabled
2019-08-28 16:05:49,747 [Datanode State Machine Thread - 0] INFO  ratis.XceiverServerRatis (XceiverServerRatis.java:start(393)) - Starting XceiverServerRatis e84d1ee1-da1d-4c14-8806-6ad12653b5a4 at port 0
2019-08-28 16:05:49,754 [Datanode State Machine Thread - 0] INFO  impl.RaftServerProxy (RaftServerProxy.java:lambda$start$3(299)) - e84d1ee1-da1d-4c14-8806-6ad12653b5a4: start RPC server
2019-08-28 16:05:49,763 [Datanode State Machine Thread - 0] INFO  server.GrpcService (GrpcService.java:startImpl(149)) - e84d1ee1-da1d-4c14-8806-6ad12653b5a4: GrpcService started, listening on 0.0.0.0/0.0.0.0:36516
2019-08-28 16:05:49,763 [Datanode State Machine Thread - 0] INFO  ratis.XceiverServerRatis (XceiverServerRatis.java:start(403)) - XceiverServerRatis e84d1ee1-da1d-4c14-8806-6ad12653b5a4 is started using port 36516
2019-08-28 16:05:49,764 [Datanode State Machine Thread - 0] INFO  server.XceiverServerGrpc (XceiverServerGrpc.java:start(163)) - XceiverServerGrpc e84d1ee1-da1d-4c14-8806-6ad12653b5a4 is started using port 43914
2019-08-28 16:05:49,945 | INFO  | SCMAudit | user=jenkins1000 | ip=192.168.34.1 | op=GET_VERSION null | ret=SUCCESS |  
2019-08-28 16:05:49,962 [Datanode State Machine Thread - 0] INFO  ozoneimpl.OzoneContainer (OzoneContainer.java:start(201)) - Attempting to start container services.
2019-08-28 16:05:49,962 [Datanode State Machine Thread - 0] INFO  ozoneimpl.OzoneContainer (OzoneContainer.java:startContainerScrub(175)) - Background container scrubber has been disabled by hdds.containerscrub.enabled
2019-08-28 16:05:49,962 [Datanode State Machine Thread - 0] INFO  ratis.XceiverServerRatis (XceiverServerRatis.java:start(393)) - Starting XceiverServerRatis 8bee0910-3428-4843-b403-19ca72997025 at port 0
2019-08-28 16:05:49,969 [Datanode State Machine Thread - 0] INFO  impl.RaftServerProxy (RaftServerProxy.java:lambda$start$3(299)) - 8bee0910-3428-4843-b403-19ca72997025: start RPC server
2019-08-28 16:05:49,970 [Datanode State Machine Thread - 0] INFO  server.GrpcService (GrpcService.java:startImpl(149)) - 8bee0910-3428-4843-b403-19ca72997025: GrpcService started, listening on 0.0.0.0/0.0.0.0:35857
2019-08-28 16:05:49,970 [Datanode State Machine Thread - 0] INFO  ratis.XceiverServerRatis (XceiverServerRatis.java:start(403)) - XceiverServerRatis 8bee0910-3428-4843-b403-19ca72997025 is started using port 35857
2019-08-28 16:05:49,973 [Datanode State Machine Thread - 0] INFO  server.XceiverServerGrpc (XceiverServerGrpc.java:start(163)) - XceiverServerGrpc 8bee0910-3428-4843-b403-19ca72997025 is started using port 45847
2019-08-28 16:05:50,117 | INFO  | SCMAudit | user=jenkins1000 | ip=192.168.34.1 | op=GET_VERSION null | ret=SUCCESS |  
2019-08-28 16:05:50,131 [Datanode State Machine Thread - 0] INFO  ozoneimpl.OzoneContainer (OzoneContainer.java:start(201)) - Attempting to start container services.
2019-08-28 16:05:50,132 [Datanode State Machine Thread - 0] INFO  ozoneimpl.OzoneContainer (OzoneContainer.java:startContainerScrub(175)) - Background container scrubber has been disabled by hdds.containerscrub.enabled
2019-08-28 16:05:50,132 [Datanode State Machine Thread - 0] INFO  ratis.XceiverServerRatis (XceiverServerRatis.java:start(393)) - Starting XceiverServerRatis efaffdcb-0ab5-48a3-a06a-abf9808d0da1 at port 0
2019-08-28 16:05:50,141 [Datanode State Machine Thread - 0] INFO  impl.RaftServerProxy (RaftServerProxy.java:lambda$start$3(299)) - efaffdcb-0ab5-48a3-a06a-abf9808d0da1: start RPC server
2019-08-28 16:05:50,144 [Datanode State Machine Thread - 0] INFO  server.GrpcService (GrpcService.java:startImpl(149)) - efaffdcb-0ab5-48a3-a06a-abf9808d0da1: GrpcService started, listening on 0.0.0.0/0.0.0.0:38702
2019-08-28 16:05:50,144 [Datanode State Machine Thread - 0] INFO  ratis.XceiverServerRatis (XceiverServerRatis.java:start(403)) - XceiverServerRatis efaffdcb-0ab5-48a3-a06a-abf9808d0da1 is started using port 38702
2019-08-28 16:05:50,144 [Datanode State Machine Thread - 0] INFO  server.XceiverServerGrpc (XceiverServerGrpc.java:start(163)) - XceiverServerGrpc efaffdcb-0ab5-48a3-a06a-abf9808d0da1 is started using port 36862
2019-08-28 16:05:50,279 | INFO  | SCMAudit | user=jenkins1000 | ip=192.168.34.1 | op=GET_VERSION null | ret=SUCCESS |  
2019-08-28 16:05:50,294 [Datanode State Machine Thread - 0] INFO  ozoneimpl.OzoneContainer (OzoneContainer.java:start(201)) - Attempting to start container services.
2019-08-28 16:05:50,294 [Datanode State Machine Thread - 0] INFO  ozoneimpl.OzoneContainer (OzoneContainer.java:startContainerScrub(175)) - Background container scrubber has been disabled by hdds.containerscrub.enabled
2019-08-28 16:05:50,294 [Datanode State Machine Thread - 0] INFO  ratis.XceiverServerRatis (XceiverServerRatis.java:start(393)) - Starting XceiverServerRatis 7db29abf-ad28-40bc-bad4-61ba07f001a1 at port 0
2019-08-28 16:05:50,303 [Datanode State Machine Thread - 0] INFO  impl.RaftServerProxy (RaftServerProxy.java:lambda$start$3(299)) - 7db29abf-ad28-40bc-bad4-61ba07f001a1: start RPC server
2019-08-28 16:05:50,304 [Datanode State Machine Thread - 0] INFO  server.GrpcService (GrpcService.java:startImpl(149)) - 7db29abf-ad28-40bc-bad4-61ba07f001a1: GrpcService started, listening on 0.0.0.0/0.0.0.0:34407
2019-08-28 16:05:50,304 [Datanode State Machine Thread - 0] INFO  ratis.XceiverServerRatis (XceiverServerRatis.java:start(403)) - XceiverServerRatis 7db29abf-ad28-40bc-bad4-61ba07f001a1 is started using port 34407
2019-08-28 16:05:50,306 [Datanode State Machine Thread - 0] INFO  server.XceiverServerGrpc (XceiverServerGrpc.java:start(163)) - XceiverServerGrpc 7db29abf-ad28-40bc-bad4-61ba07f001a1 is started using port 42061
2019-08-28 16:05:50,446 | INFO  | SCMAudit | user=jenkins1000 | ip=192.168.34.1 | op=GET_VERSION null | ret=SUCCESS |  
2019-08-28 16:05:50,460 [Datanode State Machine Thread - 0] INFO  ozoneimpl.OzoneContainer (OzoneContainer.java:start(201)) - Attempting to start container services.
2019-08-28 16:05:50,461 [Datanode State Machine Thread - 0] INFO  ozoneimpl.OzoneContainer (OzoneContainer.java:startContainerScrub(175)) - Background container scrubber has been disabled by hdds.containerscrub.enabled
2019-08-28 16:05:50,461 [Datanode State Machine Thread - 0] INFO  ratis.XceiverServerRatis (XceiverServerRatis.java:start(393)) - Starting XceiverServerRatis d6f13b7d-b532-4c8e-b41b-ddacd18c9d79 at port 0
2019-08-28 16:05:50,468 [Datanode State Machine Thread - 0] INFO  impl.RaftServerProxy (RaftServerProxy.java:lambda$start$3(299)) - d6f13b7d-b532-4c8e-b41b-ddacd18c9d79: start RPC server
2019-08-28 16:05:50,471 [Datanode State Machine Thread - 0] INFO  server.GrpcService (GrpcService.java:startImpl(149)) - d6f13b7d-b532-4c8e-b41b-ddacd18c9d79: GrpcService started, listening on 0.0.0.0/0.0.0.0:32905
2019-08-28 16:05:50,471 [Datanode State Machine Thread - 0] INFO  ratis.XceiverServerRatis (XceiverServerRatis.java:start(403)) - XceiverServerRatis d6f13b7d-b532-4c8e-b41b-ddacd18c9d79 is started using port 32905
2019-08-28 16:05:50,473 [Datanode State Machine Thread - 0] INFO  server.XceiverServerGrpc (XceiverServerGrpc.java:start(163)) - XceiverServerGrpc d6f13b7d-b532-4c8e-b41b-ddacd18c9d79 is started using port 35533
2019-08-28 16:05:50,601 [main] INFO  ozone.MiniOzoneClusterImpl (MiniOzoneClusterImpl.java:lambda$waitForClusterToBeReady$0(142)) - Waiting for cluster to be ready. Got 0 of 7 DN Heartbeats.
2019-08-28 16:05:50,601 | INFO  | SCMAudit | user=jenkins1000 | ip=192.168.34.1 | op=GET_VERSION null | ret=SUCCESS |  
2019-08-28 16:05:50,615 [Datanode State Machine Thread - 0] INFO  ozoneimpl.OzoneContainer (OzoneContainer.java:start(201)) - Attempting to start container services.
2019-08-28 16:05:50,615 [Datanode State Machine Thread - 0] INFO  ozoneimpl.OzoneContainer (OzoneContainer.java:startContainerScrub(175)) - Background container scrubber has been disabled by hdds.containerscrub.enabled
2019-08-28 16:05:50,615 [Datanode State Machine Thread - 0] INFO  ratis.XceiverServerRatis (XceiverServerRatis.java:start(393)) - Starting XceiverServerRatis 3cb7308a-f9d8-412c-b531-169dc3fab563 at port 0
2019-08-28 16:05:50,621 [Datanode State Machine Thread - 0] INFO  impl.RaftServerProxy (RaftServerProxy.java:lambda$start$3(299)) - 3cb7308a-f9d8-412c-b531-169dc3fab563: start RPC server
2019-08-28 16:05:50,622 [Datanode State Machine Thread - 0] INFO  server.GrpcService (GrpcService.java:startImpl(149)) - 3cb7308a-f9d8-412c-b531-169dc3fab563: GrpcService started, listening on 0.0.0.0/0.0.0.0:33773
2019-08-28 16:05:50,622 [Datanode State Machine Thread - 0] INFO  ratis.XceiverServerRatis (XceiverServerRatis.java:start(403)) - XceiverServerRatis 3cb7308a-f9d8-412c-b531-169dc3fab563 is started using port 33773
2019-08-28 16:05:50,623 [Datanode State Machine Thread - 0] INFO  server.XceiverServerGrpc (XceiverServerGrpc.java:start(163)) - XceiverServerGrpc 3cb7308a-f9d8-412c-b531-169dc3fab563 is started using port 37558
2019-08-28 16:05:51,215 [IPC Server handler 18 on 35358] INFO  net.NetworkTopology (NetworkTopologyImpl.java:add(110)) - Added a new node: /default-rack/ee1ff1a7-a189-4b0e-b6a4-631626cf238a
2019-08-28 16:05:51,217 [IPC Server handler 18 on 35358] INFO  node.SCMNodeManager (SCMNodeManager.java:register(273)) - Registered Data node : ee1ff1a7-a189-4b0e-b6a4-631626cf238a{ip: 192.168.34.1, host: pr-hdds-1941-8j4hf-3572870610, networkLocation: /default-rack, certSerialId: null}
2019-08-28 16:05:51,218 [EventQueue-NodeRegistrationContainerReportForDataNodeSafeModeRule] INFO  safemode.SCMSafeModeManager (DataNodeSafeModeRule.java:process(71)) - SCM in safe mode. 1 DataNodes registered, 1 required.
2019-08-28 16:05:51,219 | INFO  | SCMAudit | user=jenkins1000 | ip=192.168.34.1 | op=REGISTER {datanodeDetails=ee1ff1a7-a189-4b0e-b6a4-631626cf238a{ip: 192.168.34.1, host: pr-hdds-1941-8j4hf-3572870610, networkLocation: /default-rack, certSerialId: null}} | ret=SUCCESS |  
2019-08-28 16:05:51,221 [EventQueue-NodeRegistrationContainerReportForDataNodeSafeModeRule] INFO  safemode.SCMSafeModeManager (SCMSafeModeManager.java:validateSafeModeExitRules(177)) - ScmSafeModeManager, all rules are successfully validated
2019-08-28 16:05:51,221 [EventQueue-NodeRegistrationContainerReportForDataNodeSafeModeRule] INFO  safemode.SCMSafeModeManager (SCMSafeModeManager.java:exitSafeMode(193)) - SCM exiting safe mode.
2019-08-28 16:05:51,259 [grpc-default-executor-5] INFO  impl.RaftServerProxy (RaftServerProxy.java:addNew(89)) - ee1ff1a7-a189-4b0e-b6a4-631626cf238a: addNew group-7DD4EE662E95:[ee1ff1a7-a189-4b0e-b6a4-631626cf238a:192.168.34.1:35124] returns group-7DD4EE662E95:java.util.concurrent.CompletableFuture@5b4fa357[Not completed]
2019-08-28 16:05:51,261 [pool-409-thread-1] INFO  impl.RaftServerImpl (RaftServerImpl.java:<init>(93)) - ee1ff1a7-a189-4b0e-b6a4-631626cf238a: new RaftServerImpl for group-7DD4EE662E95:[ee1ff1a7-a189-4b0e-b6a4-631626cf238a:192.168.34.1:35124] with ContainerStateMachine:uninitialized
2019-08-28 16:05:51,261 [pool-409-thread-1] INFO  server.RaftServerConfigKeys (ConfUtils.java:logGet(43)) - raft.server.rpc.timeout.min = 5s (custom)
2019-08-28 16:05:51,261 [pool-409-thread-1] INFO  server.RaftServerConfigKeys (ConfUtils.java:logGet(43)) - raft.server.rpc.timeout.max = 5200ms (custom)
2019-08-28 16:05:51,261 [pool-409-thread-1] INFO  server.RaftServerConfigKeys (ConfUtils.java:logGet(43)) - raft.server.rpcslowness.timeout = 120s (custom)
2019-08-28 16:05:51,261 [pool-409-thread-1] INFO  server.RaftServerConfigKeys (ConfUtils.java:logGet(43)) - raft.server.sleep.deviation.threshold = 300 (default)
2019-08-28 16:05:51,262 [pool-409-thread-1] INFO  server.RaftServerConfigKeys (ConfUtils.java:logGet(43)) - raft.server.log.appender.install.snapshot.enabled = false (custom)
2019-08-28 16:05:51,262 [pool-409-thread-1] INFO  impl.RaftServerImpl (ServerState.java:<init>(105)) - ee1ff1a7-a189-4b0e-b6a4-631626cf238a:group-7DD4EE662E95 ConfigurationManager, init=-1: [ee1ff1a7-a189-4b0e-b6a4-631626cf238a:192.168.34.1:35124], old=null, confs=<EMPTY_MAP>
2019-08-28 16:05:51,262 [pool-409-thread-1] INFO  server.RaftServerConfigKeys (ConfUtils.java:logGet(43)) - raft.server.storage.dir = [/workdir/hadoop-ozone/integration-test/target/test-dir/MiniOzoneClusterImpl-b4e114d8-6e30-44e2-8e8d-493332923df2/datanode-0/data/ratis] (custom)
2019-08-28 16:05:51,263 [pool-409-thread-1] INFO  storage.RaftStorageDirectory (RaftStorageDirectory.java:analyzeStorage(246)) - The storage directory /workdir/hadoop-ozone/integration-test/target/test-dir/MiniOzoneClusterImpl-b4e114d8-6e30-44e2-8e8d-493332923df2/datanode-0/data/ratis/cdd30bfc-6513-471c-b38e-7dd4ee662e95 does not exist. Creating ...
2019-08-28 16:05:51,276 [pool-409-thread-1] INFO  storage.RaftStorageDirectory (RaftStorageDirectory.java:tryLock(328)) - Lock on /workdir/hadoop-ozone/integration-test/target/test-dir/MiniOzoneClusterImpl-b4e114d8-6e30-44e2-8e8d-493332923df2/datanode-0/data/ratis/cdd30bfc-6513-471c-b38e-7dd4ee662e95/in_use.lock acquired by nodename 11848@pr-hdds-1941-8j4hf-3572870610
2019-08-28 16:05:51,290 [pool-409-thread-1] INFO  storage.RaftStorage (RaftStorage.java:format(72)) - Storage directory /workdir/hadoop-ozone/integration-test/target/test-dir/MiniOzoneClusterImpl-b4e114d8-6e30-44e2-8e8d-493332923df2/datanode-0/data/ratis/cdd30bfc-6513-471c-b38e-7dd4ee662e95 has been successfully formatted.
2019-08-28 16:05:51,290 [pool-409-thread-1] INFO  ratis.ContainerStateMachine (ContainerStateMachine.java:loadSnapshot(227)) - group-7DD4EE662E95: The snapshot info is null. Setting the last applied indexto:(t:0, i:~)
2019-08-28 16:05:51,290 [pool-409-thread-1] INFO  server.RaftServerConfigKeys (ConfUtils.java:logGet(43)) - raft.server.leader.election.timeout = 120s (custom)
2019-08-28 16:05:51,290 [pool-409-thread-1] INFO  server.RaftServerConfigKeys (ConfUtils.java:logGet(43)) - raft.server.log.use.memory = false (default)
2019-08-28 16:05:51,290 [pool-409-thread-1] INFO  server.RaftServerConfigKeys (ConfUtils.java:logGet(43)) - raft.server.log.purge.gap = 1000000 (custom)
2019-08-28 16:05:51,291 [pool-409-thread-1] INFO  server.RaftServerConfigKeys (ConfUtils.java:logGet(43)) - raft.server.log.appender.buffer.byte-limit = 33554432 (custom)
2019-08-28 16:05:51,291 [pool-409-thread-1] INFO  server.RaftServerConfigKeys (ConfUtils.java:logGet(43)) - raft.server.log.segment.size.max = 1048576 (custom)
2019-08-28 16:05:51,291 [pool-409-thread-1] INFO  server.RaftServerConfigKeys (ConfUtils.java:logGet(43)) - raft.server.log.segment.cache.num.max = 2 (custom)
2019-08-28 16:05:51,291 [pool-409-thread-1] INFO  segmented.SegmentedRaftLogWorker (SegmentedRaftLogWorker.java:<init>(172)) - new ee1ff1a7-a189-4b0e-b6a4-631626cf238a-SegmentedRaftLogWorker:Storage Directory /workdir/hadoop-ozone/integration-test/target/test-dir/MiniOzoneClusterImpl-b4e114d8-6e30-44e2-8e8d-493332923df2/datanode-0/data/ratis/cdd30bfc-6513-471c-b38e-7dd4ee662e95 for RaftStorage:Storage Directory /workdir/hadoop-ozone/integration-test/target/test-dir/MiniOzoneClusterImpl-b4e114d8-6e30-44e2-8e8d-493332923df2/datanode-0/data/ratis/cdd30bfc-6513-471c-b38e-7dd4ee662e95
2019-08-28 16:05:51,291 [pool-409-thread-1] INFO  server.RaftServerConfigKeys (ConfUtils.java:logGet(43)) - raft.server.log.queue.byte-limit = 2147483647 (custom)
2019-08-28 16:05:51,292 [pool-409-thread-1] INFO  server.RaftServerConfigKeys (ConfUtils.java:logGet(43)) - raft.server.log.queue.element-limit = 1024 (custom)
2019-08-28 16:05:51,292 [pool-409-thread-1] INFO  server.RaftServerConfigKeys (ConfUtils.java:logGet(43)) - raft.server.log.segment.size.max = 1048576 (custom)
2019-08-28 16:05:51,292 [pool-409-thread-1] INFO  server.RaftServerConfigKeys (ConfUtils.java:logGet(43)) - raft.server.log.preallocated.size = 16384 (custom)
2019-08-28 16:05:51,292 [pool-409-thread-1] INFO  server.RaftServerConfigKeys (ConfUtils.java:logGet(43)) - raft.server.log.write.buffer.size = 33554432 (custom)
2019-08-28 16:05:51,292 [pool-409-thread-1] INFO  server.RaftServerConfigKeys (ConfUtils.java:logGet(43)) - raft.server.log.force.sync.num = 128 (default)
2019-08-28 16:05:51,293 [pool-409-thread-1] INFO  server.RaftServerConfigKeys (ConfUtils.java:logGet(43)) - raft.server.log.statemachine.data.sync = true (default)
2019-08-28 16:05:51,293 [pool-409-thread-1] INFO  server.RaftServerConfigKeys (ConfUtils.java:logGet(43)) - raft.server.log.statemachine.data.sync.timeout = 10s (default)
2019-08-28 16:05:51,293 [pool-409-thread-1] INFO  server.RaftServerConfigKeys (ConfUtils.java:logGet(43)) - raft.server.log.statemachine.data.sync.timeout.retry = -1 (default)
2019-08-28 16:05:51,293 [pool-409-thread-1] INFO  server.RaftServerConfigKeys (ConfUtils.java:logGet(43)) - raft.server.log.statemachine.data.caching.enabled = true (custom)
2019-08-28 16:05:51,294 [pool-409-thread-1] INFO  segmented.SegmentedRaftLogWorker (SegmentedRaftLogWorker.java:lambda$new$0(132)) - ee1ff1a7-a189-4b0e-b6a4-631626cf238a-SegmentedRaftLogWorker:Storage Directory /workdir/hadoop-ozone/integration-test/target/test-dir/MiniOzoneClusterImpl-b4e114d8-6e30-44e2-8e8d-493332923df2/datanode-0/data/ratis/cdd30bfc-6513-471c-b38e-7dd4ee662e95: flushIndex: setUnconditionally 0 -> -1
2019-08-28 16:05:51,294 [pool-409-thread-1] INFO  server.RaftServerConfigKeys (ConfUtils.java:logGet(43)) - raft.server.snapshot.auto.trigger.enabled = true (custom)
2019-08-28 16:05:51,294 [pool-409-thread-1] INFO  server.RaftServerConfigKeys (ConfUtils.java:logGet(43)) - raft.server.snapshot.auto.trigger.threshold = 10000 (custom)
2019-08-28 16:05:51,294 [pool-409-thread-1] INFO  server.RaftServerConfigKeys (ConfUtils.java:logGet(43)) - raft.server.retrycache.expirytime = 600000ms (custom)
2019-08-28 16:05:51,295 [pool-409-thread-1] INFO  impl.RaftServerImpl (RaftServerImpl.java:start(180)) - ee1ff1a7-a189-4b0e-b6a4-631626cf238a: start group-7DD4EE662E95
2019-08-28 16:05:51,295 [pool-409-thread-1] INFO  impl.RaftServerImpl (RaftServerImpl.java:setRole(171)) - ee1ff1a7-a189-4b0e-b6a4-631626cf238a:group-7DD4EE662E95 changes role from null to FOLLOWER at term 0 for startAsFollower
2019-08-28 16:05:51,295 [pool-409-thread-1] INFO  impl.RoleInfo (RoleInfo.java:updateAndGet(143)) - ee1ff1a7-a189-4b0e-b6a4-631626cf238a: start FollowerState
2019-08-28 16:05:51,296 [pool-409-thread-1] INFO  util.JmxRegister (JmxRegister.java:tryRegister(44)) - Successfully registered JMX Bean with object name Ratis:service=RaftServer,group=group-7DD4EE662E95,id=ee1ff1a7-a189-4b0e-b6a4-631626cf238a
2019-08-28 16:05:51,302 [RatisPipelineUtilsThread] INFO  pipeline.PipelineStateManager (PipelineStateManager.java:addPipeline(56)) - Created pipeline Pipeline[ Id: cdd30bfc-6513-471c-b38e-7dd4ee662e95, Nodes: ee1ff1a7-a189-4b0e-b6a4-631626cf238a{ip: 192.168.34.1, host: pr-hdds-1941-8j4hf-3572870610, networkLocation: /default-rack, certSerialId: null}, Type:RATIS, Factor:ONE, State:OPEN]
2019-08-28 16:05:51,601 [main] INFO  ozone.MiniOzoneClusterImpl (MiniOzoneClusterImpl.java:lambda$waitForClusterToBeReady$0(142)) - Waiting for cluster to be ready. Got 1 of 7 DN Heartbeats.
2019-08-28 16:05:51,732 [IPC Server handler 17 on 35358] INFO  net.NetworkTopology (NetworkTopologyImpl.java:add(110)) - Added a new node: /default-rack/e84d1ee1-da1d-4c14-8806-6ad12653b5a4
2019-08-28 16:05:51,733 [IPC Server handler 17 on 35358] INFO  node.SCMNodeManager (SCMNodeManager.java:register(273)) - Registered Data node : e84d1ee1-da1d-4c14-8806-6ad12653b5a4{ip: 192.168.34.1, host: pr-hdds-1941-8j4hf-3572870610, networkLocation: /default-rack, certSerialId: null}
2019-08-28 16:05:51,733 | INFO  | SCMAudit | user=jenkins1000 | ip=192.168.34.1 | op=REGISTER {datanodeDetails=e84d1ee1-da1d-4c14-8806-6ad12653b5a4{ip: 192.168.34.1, host: pr-hdds-1941-8j4hf-3572870610, networkLocation: /default-rack, certSerialId: null}} | ret=SUCCESS |  
2019-08-28 16:05:51,740 [grpc-default-executor-5] INFO  impl.RaftServerProxy (RaftServerProxy.java:addNew(89)) - e84d1ee1-da1d-4c14-8806-6ad12653b5a4: addNew group-27131500DFBA:[e84d1ee1-da1d-4c14-8806-6ad12653b5a4:192.168.34.1:36516] returns group-27131500DFBA:java.util.concurrent.CompletableFuture@4d6f04b7[Not completed]
2019-08-28 16:05:51,742 [pool-419-thread-1] INFO  impl.RaftServerImpl (RaftServerImpl.java:<init>(93)) - e84d1ee1-da1d-4c14-8806-6ad12653b5a4: new RaftServerImpl for group-27131500DFBA:[e84d1ee1-da1d-4c14-8806-6ad12653b5a4:192.168.34.1:36516] with ContainerStateMachine:uninitialized
2019-08-28 16:05:51,742 [pool-419-thread-1] INFO  server.RaftServerConfigKeys (ConfUtils.java:logGet(43)) - raft.server.rpc.timeout.min = 5s (custom)
2019-08-28 16:05:51,742 [pool-419-thread-1] INFO  server.RaftServerConfigKeys (ConfUtils.java:logGet(43)) - raft.server.rpc.timeout.max = 5200ms (custom)
2019-08-28 16:05:51,742 [pool-419-thread-1] INFO  server.RaftServerConfigKeys (ConfUtils.java:logGet(43)) - raft.server.rpcslowness.timeout = 120s (custom)
2019-08-28 16:05:51,742 [pool-419-thread-1] INFO  server.RaftServerConfigKeys (ConfUtils.java:logGet(43)) - raft.server.sleep.deviation.threshold = 300 (default)
2019-08-28 16:05:51,742 [pool-419-thread-1] INFO  server.RaftServerConfigKeys (ConfUtils.java:logGet(43)) - raft.server.log.appender.install.snapshot.enabled = false (custom)
2019-08-28 16:05:51,743 [pool-419-thread-1] INFO  impl.RaftServerImpl (ServerState.java:<init>(105)) - e84d1ee1-da1d-4c14-8806-6ad12653b5a4:group-27131500DFBA ConfigurationManager, init=-1: [e84d1ee1-da1d-4c14-8806-6ad12653b5a4:192.168.34.1:36516], old=null, confs=<EMPTY_MAP>
2019-08-28 16:05:51,743 [pool-419-thread-1] INFO  server.RaftServerConfigKeys (ConfUtils.java:logGet(43)) - raft.server.storage.dir = [/workdir/hadoop-ozone/integration-test/target/test-dir/MiniOzoneClusterImpl-b4e114d8-6e30-44e2-8e8d-493332923df2/datanode-1/data/ratis] (custom)
2019-08-28 16:05:51,744 [pool-419-thread-1] INFO  storage.RaftStorageDirectory (RaftStorageDirectory.java:analyzeStorage(246)) - The storage directory /workdir/hadoop-ozone/integration-test/target/test-dir/MiniOzoneClusterImpl-b4e114d8-6e30-44e2-8e8d-493332923df2/datanode-1/data/ratis/f9470f41-19e4-4b69-b68e-27131500dfba does not exist. Creating ...
2019-08-28 16:05:51,749 [pool-419-thread-1] INFO  storage.RaftStorageDirectory (RaftStorageDirectory.java:tryLock(328)) - Lock on /workdir/hadoop-ozone/integration-test/target/test-dir/MiniOzoneClusterImpl-b4e114d8-6e30-44e2-8e8d-493332923df2/datanode-1/data/ratis/f9470f41-19e4-4b69-b68e-27131500dfba/in_use.lock acquired by nodename 11848@pr-hdds-1941-8j4hf-3572870610
2019-08-28 16:05:51,761 [pool-419-thread-1] INFO  storage.RaftStorage (RaftStorage.java:format(72)) - Storage directory /workdir/hadoop-ozone/integration-test/target/test-dir/MiniOzoneClusterImpl-b4e114d8-6e30-44e2-8e8d-493332923df2/datanode-1/data/ratis/f9470f41-19e4-4b69-b68e-27131500dfba has been successfully formatted.
2019-08-28 16:05:51,761 [pool-419-thread-1] INFO  ratis.ContainerStateMachine (ContainerStateMachine.java:loadSnapshot(227)) - group-27131500DFBA: The snapshot info is null. Setting the last applied indexto:(t:0, i:~)
2019-08-28 16:05:51,762 [pool-419-thread-1] INFO  server.RaftServerConfigKeys (ConfUtils.java:logGet(43)) - raft.server.leader.election.timeout = 120s (custom)
2019-08-28 16:05:51,762 [pool-419-thread-1] INFO  server.RaftServerConfigKeys (ConfUtils.java:logGet(43)) - raft.server.log.use.memory = false (default)
2019-08-28 16:05:51,762 [pool-419-thread-1] INFO  server.RaftServerConfigKeys (ConfUtils.java:logGet(43)) - raft.server.log.purge.gap = 1000000 (custom)
2019-08-28 16:05:51,762 [pool-419-thread-1] INFO  server.RaftServerConfigKeys (ConfUtils.java:logGet(43)) - raft.server.log.appender.buffer.byte-limit = 33554432 (custom)
2019-08-28 16:05:51,762 [pool-419-thread-1] INFO  server.RaftServerConfigKeys (ConfUtils.java:logGet(43)) - raft.server.log.segment.size.max = 1048576 (custom)
2019-08-28 16:05:51,762 [pool-419-thread-1] INFO  server.RaftServerConfigKeys (ConfUtils.java:logGet(43)) - raft.server.log.segment.cache.num.max = 2 (custom)
2019-08-28 16:05:51,763 [pool-419-thread-1] INFO  segmented.SegmentedRaftLogWorker (SegmentedRaftLogWorker.java:<init>(172)) - new e84d1ee1-da1d-4c14-8806-6ad12653b5a4-SegmentedRaftLogWorker:Storage Directory /workdir/hadoop-ozone/integration-test/target/test-dir/MiniOzoneClusterImpl-b4e114d8-6e30-44e2-8e8d-493332923df2/datanode-1/data/ratis/f9470f41-19e4-4b69-b68e-27131500dfba for RaftStorage:Storage Directory /workdir/hadoop-ozone/integration-test/target/test-dir/MiniOzoneClusterImpl-b4e114d8-6e30-44e2-8e8d-493332923df2/datanode-1/data/ratis/f9470f41-19e4-4b69-b68e-27131500dfba
2019-08-28 16:05:51,763 [pool-419-thread-1] INFO  server.RaftServerConfigKeys (ConfUtils.java:logGet(43)) - raft.server.log.queue.byte-limit = 2147483647 (custom)
2019-08-28 16:05:51,763 [pool-419-thread-1] INFO  server.RaftServerConfigKeys (ConfUtils.java:logGet(43)) - raft.server.log.queue.element-limit = 1024 (custom)
2019-08-28 16:05:51,763 [pool-419-thread-1] INFO  server.RaftServerConfigKeys (ConfUtils.java:logGet(43)) - raft.server.log.segment.size.max = 1048576 (custom)
2019-08-28 16:05:51,763 [pool-419-thread-1] INFO  server.RaftServerConfigKeys (ConfUtils.java:logGet(43)) - raft.server.log.preallocated.size = 16384 (custom)
2019-08-28 16:05:51,764 [pool-419-thread-1] INFO  server.RaftServerConfigKeys (ConfUtils.java:logGet(43)) - raft.server.log.write.buffer.size = 33554432 (custom)
2019-08-28 16:05:51,764 [pool-419-thread-1] INFO  server.RaftServerConfigKeys (ConfUtils.java:logGet(43)) - raft.server.log.force.sync.num = 128 (default)
2019-08-28 16:05:51,764 [pool-419-thread-1] INFO  server.RaftServerConfigKeys (ConfUtils.java:logGet(43)) - raft.server.log.statemachine.data.sync = true (default)
2019-08-28 16:05:51,764 [pool-419-thread-1] INFO  server.RaftServerConfigKeys (ConfUtils.java:logGet(43)) - raft.server.log.statemachine.data.sync.timeout = 10s (default)
2019-08-28 16:05:51,764 [pool-419-thread-1] INFO  server.RaftServerConfigKeys (ConfUtils.java:logGet(43)) - raft.server.log.statemachine.data.sync.timeout.retry = -1 (default)
2019-08-28 16:05:51,764 [pool-419-thread-1] INFO  server.RaftServerConfigKeys (ConfUtils.java:logGet(43)) - raft.server.log.statemachine.data.caching.enabled = true (custom)
2019-08-28 16:05:51,765 [pool-419-thread-1] INFO  segmented.SegmentedRaftLogWorker (SegmentedRaftLogWorker.java:lambda$new$0(132)) - e84d1ee1-da1d-4c14-8806-6ad12653b5a4-SegmentedRaftLogWorker:Storage Directory /workdir/hadoop-ozone/integration-test/target/test-dir/MiniOzoneClusterImpl-b4e114d8-6e30-44e2-8e8d-493332923df2/datanode-1/data/ratis/f9470f41-19e4-4b69-b68e-27131500dfba: flushIndex: setUnconditionally 0 -> -1
2019-08-28 16:05:51,765 [pool-419-thread-1] INFO  server.RaftServerConfigKeys (ConfUtils.java:logGet(43)) - raft.server.snapshot.auto.trigger.enabled = true (custom)
2019-08-28 16:05:51,765 [pool-419-thread-1] INFO  server.RaftServerConfigKeys (ConfUtils.java:logGet(43)) - raft.server.snapshot.auto.trigger.threshold = 10000 (custom)
2019-08-28 16:05:51,766 [pool-419-thread-1] INFO  server.RaftServerConfigKeys (ConfUtils.java:logGet(43)) - raft.server.retrycache.expirytime = 600000ms (custom)
2019-08-28 16:05:51,766 [pool-419-thread-1] INFO  impl.RaftServerImpl (RaftServerImpl.java:start(180)) - e84d1ee1-da1d-4c14-8806-6ad12653b5a4: start group-27131500DFBA
2019-08-28 16:05:51,766 [pool-419-thread-1] INFO  impl.RaftServerImpl (RaftServerImpl.java:setRole(171)) - e84d1ee1-da1d-4c14-8806-6ad12653b5a4:group-27131500DFBA changes role from null to FOLLOWER at term 0 for startAsFollower
2019-08-28 16:05:51,766 [pool-419-thread-1] INFO  impl.RoleInfo (RoleInfo.java:updateAndGet(143)) - e84d1ee1-da1d-4c14-8806-6ad12653b5a4: start FollowerState
2019-08-28 16:05:51,767 [pool-419-thread-1] INFO  util.JmxRegister (JmxRegister.java:tryRegister(44)) - Successfully registered JMX Bean with object name Ratis:service=RaftServer,group=group-27131500DFBA,id=e84d1ee1-da1d-4c14-8806-6ad12653b5a4
2019-08-28 16:05:51,771 [RatisPipelineUtilsThread] INFO  pipeline.PipelineStateManager (PipelineStateManager.java:addPipeline(56)) - Created pipeline Pipeline[ Id: f9470f41-19e4-4b69-b68e-27131500dfba, Nodes: e84d1ee1-da1d-4c14-8806-6ad12653b5a4{ip: 192.168.34.1, host: pr-hdds-1941-8j4hf-3572870610, networkLocation: /default-rack, certSerialId: null}, Type:RATIS, Factor:ONE, State:OPEN]
2019-08-28 16:05:51,945 [IPC Server handler 15 on 35358] INFO  net.NetworkTopology (NetworkTopologyImpl.java:add(110)) - Added a new node: /default-rack/8bee0910-3428-4843-b403-19ca72997025
2019-08-28 16:05:51,945 [IPC Server handler 15 on 35358] INFO  node.SCMNodeManager (SCMNodeManager.java:register(273)) - Registered Data node : 8bee0910-3428-4843-b403-19ca72997025{ip: 192.168.34.1, host: pr-hdds-1941-8j4hf-3572870610, networkLocation: /default-rack, certSerialId: null}
2019-08-28 16:05:51,948 | INFO  | SCMAudit | user=jenkins1000 | ip=192.168.34.1 | op=REGISTER {datanodeDetails=8bee0910-3428-4843-b403-19ca72997025{ip: 192.168.34.1, host: pr-hdds-1941-8j4hf-3572870610, networkLocation: /default-rack, certSerialId: null}} | ret=SUCCESS |  
2019-08-28 16:05:51,954 [grpc-default-executor-5] INFO  impl.RaftServerProxy (RaftServerProxy.java:addNew(89)) - 8bee0910-3428-4843-b403-19ca72997025: addNew group-6566AE5EEA9D:[8bee0910-3428-4843-b403-19ca72997025:192.168.34.1:35857] returns group-6566AE5EEA9D:java.util.concurrent.CompletableFuture@75a7ecfc[Not completed]
2019-08-28 16:05:51,955 [pool-429-thread-1] INFO  impl.RaftServerImpl (RaftServerImpl.java:<init>(93)) - 8bee0910-3428-4843-b403-19ca72997025: new RaftServerImpl for group-6566AE5EEA9D:[8bee0910-3428-4843-b403-19ca72997025:192.168.34.1:35857] with ContainerStateMachine:uninitialized
2019-08-28 16:05:51,956 [pool-429-thread-1] INFO  server.RaftServerConfigKeys (ConfUtils.java:logGet(43)) - raft.server.rpc.timeout.min = 5s (custom)
2019-08-28 16:05:51,956 [pool-429-thread-1] INFO  server.RaftServerConfigKeys (ConfUtils.java:logGet(43)) - raft.server.rpc.timeout.max = 5200ms (custom)
2019-08-28 16:05:51,956 [pool-429-thread-1] INFO  server.RaftServerConfigKeys (ConfUtils.java:logGet(43)) - raft.server.rpcslowness.timeout = 120s (custom)
2019-08-28 16:05:51,956 [pool-429-thread-1] INFO  server.RaftServerConfigKeys (ConfUtils.java:logGet(43)) - raft.server.sleep.deviation.threshold = 300 (default)
2019-08-28 16:05:51,956 [pool-429-thread-1] INFO  server.RaftServerConfigKeys (ConfUtils.java:logGet(43)) - raft.server.log.appender.install.snapshot.enabled = false (custom)
2019-08-28 16:05:51,956 [pool-429-thread-1] INFO  impl.RaftServerImpl (ServerState.java:<init>(105)) - 8bee0910-3428-4843-b403-19ca72997025:group-6566AE5EEA9D ConfigurationManager, init=-1: [8bee0910-3428-4843-b403-19ca72997025:192.168.34.1:35857], old=null, confs=<EMPTY_MAP>
2019-08-28 16:05:51,956 [pool-429-thread-1] INFO  server.RaftServerConfigKeys (ConfUtils.java:logGet(43)) - raft.server.storage.dir = [/workdir/hadoop-ozone/integration-test/target/test-dir/MiniOzoneClusterImpl-b4e114d8-6e30-44e2-8e8d-493332923df2/datanode-2/data/ratis] (custom)
2019-08-28 16:05:51,957 [pool-429-thread-1] INFO  storage.RaftStorageDirectory (RaftStorageDirectory.java:analyzeStorage(246)) - The storage directory /workdir/hadoop-ozone/integration-test/target/test-dir/MiniOzoneClusterImpl-b4e114d8-6e30-44e2-8e8d-493332923df2/datanode-2/data/ratis/13a8b347-5a96-4708-a40e-6566ae5eea9d does not exist. Creating ...
2019-08-28 16:05:51,968 [pool-429-thread-1] INFO  storage.RaftStorageDirectory (RaftStorageDirectory.java:tryLock(328)) - Lock on /workdir/hadoop-ozone/integration-test/target/test-dir/MiniOzoneClusterImpl-b4e114d8-6e30-44e2-8e8d-493332923df2/datanode-2/data/ratis/13a8b347-5a96-4708-a40e-6566ae5eea9d/in_use.lock acquired by nodename 11848@pr-hdds-1941-8j4hf-3572870610
2019-08-28 16:05:51,979 [pool-429-thread-1] INFO  storage.RaftStorage (RaftStorage.java:format(72)) - Storage directory /workdir/hadoop-ozone/integration-test/target/test-dir/MiniOzoneClusterImpl-b4e114d8-6e30-44e2-8e8d-493332923df2/datanode-2/data/ratis/13a8b347-5a96-4708-a40e-6566ae5eea9d has been successfully formatted.
2019-08-28 16:05:51,980 [pool-429-thread-1] INFO  ratis.ContainerStateMachine (ContainerStateMachine.java:loadSnapshot(227)) - group-6566AE5EEA9D: The snapshot info is null. Setting the last applied indexto:(t:0, i:~)
2019-08-28 16:05:51,980 [pool-429-thread-1] INFO  server.RaftServerConfigKeys (ConfUtils.java:logGet(43)) - raft.server.leader.election.timeout = 120s (custom)
2019-08-28 16:05:51,980 [pool-429-thread-1] INFO  server.RaftServerConfigKeys (ConfUtils.java:logGet(43)) - raft.server.log.use.memory = false (default)
2019-08-28 16:05:51,980 [pool-429-thread-1] INFO  server.RaftServerConfigKeys (ConfUtils.java:logGet(43)) - raft.server.log.purge.gap = 1000000 (custom)
2019-08-28 16:05:51,980 [pool-429-thread-1] INFO  server.RaftServerConfigKeys (ConfUtils.java:logGet(43)) - raft.server.log.appender.buffer.byte-limit = 33554432 (custom)
2019-08-28 16:05:51,980 [pool-429-thread-1] INFO  server.RaftServerConfigKeys (ConfUtils.java:logGet(43)) - raft.server.log.segment.size.max = 1048576 (custom)
2019-08-28 16:05:51,980 [pool-429-thread-1] INFO  server.RaftServerConfigKeys (ConfUtils.java:logGet(43)) - raft.server.log.segment.cache.num.max = 2 (custom)
2019-08-28 16:05:51,980 [pool-429-thread-1] INFO  segmented.SegmentedRaftLogWorker (SegmentedRaftLogWorker.java:<init>(172)) - new 8bee0910-3428-4843-b403-19ca72997025-SegmentedRaftLogWorker:Storage Directory /workdir/hadoop-ozone/integration-test/target/test-dir/MiniOzoneClusterImpl-b4e114d8-6e30-44e2-8e8d-493332923df2/datanode-2/data/ratis/13a8b347-5a96-4708-a40e-6566ae5eea9d for RaftStorage:Storage Directory /workdir/hadoop-ozone/integration-test/target/test-dir/MiniOzoneClusterImpl-b4e114d8-6e30-44e2-8e8d-493332923df2/datanode-2/data/ratis/13a8b347-5a96-4708-a40e-6566ae5eea9d
2019-08-28 16:05:51,981 [pool-429-thread-1] INFO  server.RaftServerConfigKeys (ConfUtils.java:logGet(43)) - raft.server.log.queue.byte-limit = 2147483647 (custom)
2019-08-28 16:05:51,981 [pool-429-thread-1] INFO  server.RaftServerConfigKeys (ConfUtils.java:logGet(43)) - raft.server.log.queue.element-limit = 1024 (custom)
2019-08-28 16:05:51,981 [pool-429-thread-1] INFO  server.RaftServerConfigKeys (ConfUtils.java:logGet(43)) - raft.server.log.segment.size.max = 1048576 (custom)
2019-08-28 16:05:51,981 [pool-429-thread-1] INFO  server.RaftServerConfigKeys (ConfUtils.java:logGet(43)) - raft.server.log.preallocated.size = 16384 (custom)
2019-08-28 16:05:51,981 [pool-429-thread-1] INFO  server.RaftServerConfigKeys (ConfUtils.java:logGet(43)) - raft.server.log.write.buffer.size = 33554432 (custom)
2019-08-28 16:05:51,981 [pool-429-thread-1] INFO  server.RaftServerConfigKeys (ConfUtils.java:logGet(43)) - raft.server.log.force.sync.num = 128 (default)
2019-08-28 16:05:51,981 [pool-429-thread-1] INFO  server.RaftServerConfigKeys (ConfUtils.java:logGet(43)) - raft.server.log.statemachine.data.sync = true (default)
2019-08-28 16:05:51,982 [pool-429-thread-1] INFO  server.RaftServerConfigKeys (ConfUtils.java:logGet(43)) - raft.server.log.statemachine.data.sync.timeout = 10s (default)
2019-08-28 16:05:51,982 [pool-429-thread-1] INFO  server.RaftServerConfigKeys (ConfUtils.java:logGet(43)) - raft.server.log.statemachine.data.sync.timeout.retry = -1 (default)
2019-08-28 16:05:51,982 [pool-429-thread-1] INFO  server.RaftServerConfigKeys (ConfUtils.java:logGet(43)) - raft.server.log.statemachine.data.caching.enabled = true (custom)
2019-08-28 16:05:51,982 [pool-429-thread-1] INFO  segmented.SegmentedRaftLogWorker (SegmentedRaftLogWorker.java:lambda$new$0(132)) - 8bee0910-3428-4843-b403-19ca72997025-SegmentedRaftLogWorker:Storage Directory /workdir/hadoop-ozone/integration-test/target/test-dir/MiniOzoneClusterImpl-b4e114d8-6e30-44e2-8e8d-493332923df2/datanode-2/data/ratis/13a8b347-5a96-4708-a40e-6566ae5eea9d: flushIndex: setUnconditionally 0 -> -1
2019-08-28 16:05:51,982 [pool-429-thread-1] INFO  server.RaftServerConfigKeys (ConfUtils.java:logGet(43)) - raft.server.snapshot.auto.trigger.enabled = true (custom)
2019-08-28 16:05:51,983 [pool-429-thread-1] INFO  server.RaftServerConfigKeys (ConfUtils.java:logGet(43)) - raft.server.snapshot.auto.trigger.threshold = 10000 (custom)
2019-08-28 16:05:51,983 [pool-429-thread-1] INFO  server.RaftServerConfigKeys (ConfUtils.java:logGet(43)) - raft.server.retrycache.expirytime = 600000ms (custom)
2019-08-28 16:05:51,983 [pool-429-thread-1] INFO  impl.RaftServerImpl (RaftServerImpl.java:start(180)) - 8bee0910-3428-4843-b403-19ca72997025: start group-6566AE5EEA9D
2019-08-28 16:05:51,983 [pool-429-thread-1] INFO  impl.RaftServerImpl (RaftServerImpl.java:setRole(171)) - 8bee0910-3428-4843-b403-19ca72997025:group-6566AE5EEA9D changes role from null to FOLLOWER at term 0 for startAsFollower
2019-08-28 16:05:51,983 [pool-429-thread-1] INFO  impl.RoleInfo (RoleInfo.java:updateAndGet(143)) - 8bee0910-3428-4843-b403-19ca72997025: start FollowerState
2019-08-28 16:05:51,983 [pool-429-thread-1] INFO  util.JmxRegister (JmxRegister.java:tryRegister(44)) - Successfully registered JMX Bean with object name Ratis:service=RaftServer,group=group-6566AE5EEA9D,id=8bee0910-3428-4843-b403-19ca72997025
2019-08-28 16:05:51,988 [RatisPipelineUtilsThread] INFO  pipeline.PipelineStateManager (PipelineStateManager.java:addPipeline(56)) - Created pipeline Pipeline[ Id: 13a8b347-5a96-4708-a40e-6566ae5eea9d, Nodes: 8bee0910-3428-4843-b403-19ca72997025{ip: 192.168.34.1, host: pr-hdds-1941-8j4hf-3572870610, networkLocation: /default-rack, certSerialId: null}, Type:RATIS, Factor:ONE, State:OPEN]
2019-08-28 16:05:51,997 [grpc-default-executor-6] INFO  impl.RaftServerProxy (RaftServerProxy.java:addNew(89)) - e84d1ee1-da1d-4c14-8806-6ad12653b5a4: addNew group-3F19163A3C89:[8bee0910-3428-4843-b403-19ca72997025:192.168.34.1:35857, ee1ff1a7-a189-4b0e-b6a4-631626cf238a:192.168.34.1:35124, e84d1ee1-da1d-4c14-8806-6ad12653b5a4:192.168.34.1:36516] returns group-3F19163A3C89:java.util.concurrent.CompletableFuture@7f5d7c61[Not completed]
2019-08-28 16:05:51,997 [grpc-default-executor-3] INFO  impl.RaftServerProxy (RaftServerProxy.java:addNew(89)) - 8bee0910-3428-4843-b403-19ca72997025: addNew group-3F19163A3C89:[8bee0910-3428-4843-b403-19ca72997025:192.168.34.1:35857, ee1ff1a7-a189-4b0e-b6a4-631626cf238a:192.168.34.1:35124, e84d1ee1-da1d-4c14-8806-6ad12653b5a4:192.168.34.1:36516] returns group-3F19163A3C89:java.util.concurrent.CompletableFuture@11ea418a[Not completed]
2019-08-28 16:05:51,997 [grpc-default-executor-5] INFO  impl.RaftServerProxy (RaftServerProxy.java:addNew(89)) - ee1ff1a7-a189-4b0e-b6a4-631626cf238a: addNew group-3F19163A3C89:[8bee0910-3428-4843-b403-19ca72997025:192.168.34.1:35857, ee1ff1a7-a189-4b0e-b6a4-631626cf238a:192.168.34.1:35124, e84d1ee1-da1d-4c14-8806-6ad12653b5a4:192.168.34.1:36516] returns group-3F19163A3C89:java.util.concurrent.CompletableFuture@49d7e9fd[Not completed]
2019-08-28 16:05:51,998 [pool-419-thread-1] INFO  impl.RaftServerImpl (RaftServerImpl.java:<init>(93)) - e84d1ee1-da1d-4c14-8806-6ad12653b5a4: new RaftServerImpl for group-3F19163A3C89:[8bee0910-3428-4843-b403-19ca72997025:192.168.34.1:35857, ee1ff1a7-a189-4b0e-b6a4-631626cf238a:192.168.34.1:35124, e84d1ee1-da1d-4c14-8806-6ad12653b5a4:192.168.34.1:36516] with ContainerStateMachine:uninitialized
2019-08-28 16:05:51,998 [pool-419-thread-1] INFO  server.RaftServerConfigKeys (ConfUtils.java:logGet(43)) - raft.server.rpc.timeout.min = 5s (custom)
2019-08-28 16:05:51,998 [pool-419-thread-1] INFO  server.RaftServerConfigKeys (ConfUtils.java:logGet(43)) - raft.server.rpc.timeout.max = 5200ms (custom)
2019-08-28 16:05:51,998 [pool-419-thread-1] INFO  server.RaftServerConfigKeys (ConfUtils.java:logGet(43)) - raft.server.rpcslowness.timeout = 120s (custom)
2019-08-28 16:05:51,998 [pool-409-thread-1] INFO  impl.RaftServerImpl (RaftServerImpl.java:<init>(93)) - ee1ff1a7-a189-4b0e-b6a4-631626cf238a: new RaftServerImpl for group-3F19163A3C89:[8bee0910-3428-4843-b403-19ca72997025:192.168.34.1:35857, ee1ff1a7-a189-4b0e-b6a4-631626cf238a:192.168.34.1:35124, e84d1ee1-da1d-4c14-8806-6ad12653b5a4:192.168.34.1:36516] with ContainerStateMachine:uninitialized
2019-08-28 16:05:51,998 [pool-419-thread-1] INFO  server.RaftServerConfigKeys (ConfUtils.java:logGet(43)) - raft.server.sleep.deviation.threshold = 300 (default)
2019-08-28 16:05:51,998 [pool-409-thread-1] INFO  server.RaftServerConfigKeys (ConfUtils.java:logGet(43)) - raft.server.rpc.timeout.min = 5s (custom)
2019-08-28 16:05:51,999 [pool-429-thread-1] INFO  impl.RaftServerImpl (RaftServerImpl.java:<init>(93)) - 8bee0910-3428-4843-b403-19ca72997025: new RaftServerImpl for group-3F19163A3C89:[8bee0910-3428-4843-b403-19ca72997025:192.168.34.1:35857, ee1ff1a7-a189-4b0e-b6a4-631626cf238a:192.168.34.1:35124, e84d1ee1-da1d-4c14-8806-6ad12653b5a4:192.168.34.1:36516] with ContainerStateMachine:uninitialized
2019-08-28 16:05:51,999 [pool-419-thread-1] INFO  server.RaftServerConfigKeys (ConfUtils.java:logGet(43)) - raft.server.log.appender.install.snapshot.enabled = false (custom)
2019-08-28 16:05:51,999 [pool-429-thread-1] INFO  server.RaftServerConfigKeys (ConfUtils.java:logGet(43)) - raft.server.rpc.timeout.min = 5s (custom)
2019-08-28 16:05:51,999 [pool-429-thread-1] INFO  server.RaftServerConfigKeys (ConfUtils.java:logGet(43)) - raft.server.rpc.timeout.max = 5200ms (custom)
2019-08-28 16:05:51,999 [pool-409-thread-1] INFO  server.RaftServerConfigKeys (ConfUtils.java:logGet(43)) - raft.server.rpc.timeout.max = 5200ms (custom)
2019-08-28 16:05:51,999 [pool-429-thread-1] INFO  server.RaftServerConfigKeys (ConfUtils.java:logGet(43)) - raft.server.rpcslowness.timeout = 120s (custom)
2019-08-28 16:05:51,999 [pool-419-thread-1] INFO  impl.RaftServerImpl (ServerState.java:<init>(105)) - e84d1ee1-da1d-4c14-8806-6ad12653b5a4:group-3F19163A3C89 ConfigurationManager, init=-1: [8bee0910-3428-4843-b403-19ca72997025:192.168.34.1:35857, ee1ff1a7-a189-4b0e-b6a4-631626cf238a:192.168.34.1:35124, e84d1ee1-da1d-4c14-8806-6ad12653b5a4:192.168.34.1:36516], old=null, confs=<EMPTY_MAP>
2019-08-28 16:05:51,999 [pool-429-thread-1] INFO  server.RaftServerConfigKeys (ConfUtils.java:logGet(43)) - raft.server.sleep.deviation.threshold = 300 (default)
2019-08-28 16:05:52,000 [pool-429-thread-1] INFO  server.RaftServerConfigKeys (ConfUtils.java:logGet(43)) - raft.server.log.appender.install.snapshot.enabled = false (custom)
2019-08-28 16:05:51,999 [pool-409-thread-1] INFO  server.RaftServerConfigKeys (ConfUtils.java:logGet(43)) - raft.server.rpcslowness.timeout = 120s (custom)
2019-08-28 16:05:52,000 [pool-429-thread-1] INFO  impl.RaftServerImpl (ServerState.java:<init>(105)) - 8bee0910-3428-4843-b403-19ca72997025:group-3F19163A3C89 ConfigurationManager, init=-1: [8bee0910-3428-4843-b403-19ca72997025:192.168.34.1:35857, ee1ff1a7-a189-4b0e-b6a4-631626cf238a:192.168.34.1:35124, e84d1ee1-da1d-4c14-8806-6ad12653b5a4:192.168.34.1:36516], old=null, confs=<EMPTY_MAP>
2019-08-28 16:05:52,000 [pool-419-thread-1] INFO  server.RaftServerConfigKeys (ConfUtils.java:logGet(43)) - raft.server.storage.dir = [/workdir/hadoop-ozone/integration-test/target/test-dir/MiniOzoneClusterImpl-b4e114d8-6e30-44e2-8e8d-493332923df2/datanode-1/data/ratis] (custom)
2019-08-28 16:05:52,000 [pool-429-thread-1] INFO  server.RaftServerConfigKeys (ConfUtils.java:logGet(43)) - raft.server.storage.dir = [/workdir/hadoop-ozone/integration-test/target/test-dir/MiniOzoneClusterImpl-b4e114d8-6e30-44e2-8e8d-493332923df2/datanode-2/data/ratis] (custom)
2019-08-28 16:05:52,000 [pool-409-thread-1] INFO  server.RaftServerConfigKeys (ConfUtils.java:logGet(43)) - raft.server.sleep.deviation.threshold = 300 (default)
2019-08-28 16:05:52,000 [pool-419-thread-1] INFO  storage.RaftStorageDirectory (RaftStorageDirectory.java:analyzeStorage(246)) - The storage directory /workdir/hadoop-ozone/integration-test/target/test-dir/MiniOzoneClusterImpl-b4e114d8-6e30-44e2-8e8d-493332923df2/datanode-1/data/ratis/972f458a-a4c0-4b84-bf3e-3f19163a3c89 does not exist. Creating ...
2019-08-28 16:05:52,001 [pool-409-thread-1] INFO  server.RaftServerConfigKeys (ConfUtils.java:logGet(43)) - raft.server.log.appender.install.snapshot.enabled = false (custom)
2019-08-28 16:05:52,001 [pool-429-thread-1] INFO  storage.RaftStorageDirectory (RaftStorageDirectory.java:analyzeStorage(246)) - The storage directory /workdir/hadoop-ozone/integration-test/target/test-dir/MiniOzoneClusterImpl-b4e114d8-6e30-44e2-8e8d-493332923df2/datanode-2/data/ratis/972f458a-a4c0-4b84-bf3e-3f19163a3c89 does not exist. Creating ...
2019-08-28 16:05:52,001 [pool-409-thread-1] INFO  impl.RaftServerImpl (ServerState.java:<init>(105)) - ee1ff1a7-a189-4b0e-b6a4-631626cf238a:group-3F19163A3C89 ConfigurationManager, init=-1: [8bee0910-3428-4843-b403-19ca72997025:192.168.34.1:35857, ee1ff1a7-a189-4b0e-b6a4-631626cf238a:192.168.34.1:35124, e84d1ee1-da1d-4c14-8806-6ad12653b5a4:192.168.34.1:36516], old=null, confs=<EMPTY_MAP>
2019-08-28 16:05:52,001 [pool-409-thread-1] INFO  server.RaftServerConfigKeys (ConfUtils.java:logGet(43)) - raft.server.storage.dir = [/workdir/hadoop-ozone/integration-test/target/test-dir/MiniOzoneClusterImpl-b4e114d8-6e30-44e2-8e8d-493332923df2/datanode-0/data/ratis] (custom)
2019-08-28 16:05:52,001 [pool-409-thread-1] INFO  storage.RaftStorageDirectory (RaftStorageDirectory.java:analyzeStorage(246)) - The storage directory /workdir/hadoop-ozone/integration-test/target/test-dir/MiniOzoneClusterImpl-b4e114d8-6e30-44e2-8e8d-493332923df2/datanode-0/data/ratis/972f458a-a4c0-4b84-bf3e-3f19163a3c89 does not exist. Creating ...
2019-08-28 16:05:52,013 [pool-419-thread-1] INFO  storage.RaftStorageDirectory (RaftStorageDirectory.java:tryLock(328)) - Lock on /workdir/hadoop-ozone/integration-test/target/test-dir/MiniOzoneClusterImpl-b4e114d8-6e30-44e2-8e8d-493332923df2/datanode-1/data/ratis/972f458a-a4c0-4b84-bf3e-3f19163a3c89/in_use.lock acquired by nodename 11848@pr-hdds-1941-8j4hf-3572870610
2019-08-28 16:05:52,013 [pool-409-thread-1] INFO  storage.RaftStorageDirectory (RaftStorageDirectory.java:tryLock(328)) - Lock on /workdir/hadoop-ozone/integration-test/target/test-dir/MiniOzoneClusterImpl-b4e114d8-6e30-44e2-8e8d-493332923df2/datanode-0/data/ratis/972f458a-a4c0-4b84-bf3e-3f19163a3c89/in_use.lock acquired by nodename 11848@pr-hdds-1941-8j4hf-3572870610
2019-08-28 16:05:52,013 [pool-429-thread-1] INFO  storage.RaftStorageDirectory (RaftStorageDirectory.java:tryLock(328)) - Lock on /workdir/hadoop-ozone/integration-test/target/test-dir/MiniOzoneClusterImpl-b4e114d8-6e30-44e2-8e8d-493332923df2/datanode-2/data/ratis/972f458a-a4c0-4b84-bf3e-3f19163a3c89/in_use.lock acquired by nodename 11848@pr-hdds-1941-8j4hf-3572870610
2019-08-28 16:05:52,035 [pool-419-thread-1] INFO  storage.RaftStorage (RaftStorage.java:format(72)) - Storage directory /workdir/hadoop-ozone/integration-test/target/test-dir/MiniOzoneClusterImpl-b4e114d8-6e30-44e2-8e8d-493332923df2/datanode-1/data/ratis/972f458a-a4c0-4b84-bf3e-3f19163a3c89 has been successfully formatted.
2019-08-28 16:05:52,035 [pool-409-thread-1] INFO  storage.RaftStorage (RaftStorage.java:format(72)) - Storage directory /workdir/hadoop-ozone/integration-test/target/test-dir/MiniOzoneClusterImpl-b4e114d8-6e30-44e2-8e8d-493332923df2/datanode-0/data/ratis/972f458a-a4c0-4b84-bf3e-3f19163a3c89 has been successfully formatted.
2019-08-28 16:05:52,035 [pool-429-thread-1] INFO  storage.RaftStorage (RaftStorage.java:format(72)) - Storage directory /workdir/hadoop-ozone/integration-test/target/test-dir/MiniOzoneClusterImpl-b4e114d8-6e30-44e2-8e8d-493332923df2/datanode-2/data/ratis/972f458a-a4c0-4b84-bf3e-3f19163a3c89 has been successfully formatted.
2019-08-28 16:05:52,035 [pool-409-thread-1] INFO  ratis.ContainerStateMachine (ContainerStateMachine.java:loadSnapshot(227)) - group-3F19163A3C89: The snapshot info is null. Setting the last applied indexto:(t:0, i:~)
2019-08-28 16:05:52,035 [pool-419-thread-1] INFO  ratis.ContainerStateMachine (ContainerStateMachine.java:loadSnapshot(227)) - group-3F19163A3C89: The snapshot info is null. Setting the last applied indexto:(t:0, i:~)
2019-08-28 16:05:52,035 [pool-409-thread-1] INFO  server.RaftServerConfigKeys (ConfUtils.java:logGet(43)) - raft.server.leader.election.timeout = 120s (custom)
2019-08-28 16:05:52,035 [pool-429-thread-1] INFO  ratis.ContainerStateMachine (ContainerStateMachine.java:loadSnapshot(227)) - group-3F19163A3C89: The snapshot info is null. Setting the last applied indexto:(t:0, i:~)
2019-08-28 16:05:52,036 [pool-409-thread-1] INFO  server.RaftServerConfigKeys (ConfUtils.java:logGet(43)) - raft.server.log.use.memory = false (default)
2019-08-28 16:05:52,036 [pool-419-thread-1] INFO  server.RaftServerConfigKeys (ConfUtils.java:logGet(43)) - raft.server.leader.election.timeout = 120s (custom)
2019-08-28 16:05:52,036 [pool-409-thread-1] INFO  server.RaftServerConfigKeys (ConfUtils.java:logGet(43)) - raft.server.log.purge.gap = 1000000 (custom)
2019-08-28 16:05:52,036 [pool-429-thread-1] INFO  server.RaftServerConfigKeys (ConfUtils.java:logGet(43)) - raft.server.leader.election.timeout = 120s (custom)
2019-08-28 16:05:52,036 [pool-409-thread-1] INFO  server.RaftServerConfigKeys (ConfUtils.java:logGet(43)) - raft.server.log.appender.buffer.byte-limit = 33554432 (custom)
2019-08-28 16:05:52,036 [pool-419-thread-1] INFO  server.RaftServerConfigKeys (ConfUtils.java:logGet(43)) - raft.server.log.use.memory = false (default)
2019-08-28 16:05:52,036 [pool-409-thread-1] INFO  server.RaftServerConfigKeys (ConfUtils.java:logGet(43)) - raft.server.log.segment.size.max = 1048576 (custom)
2019-08-28 16:05:52,036 [pool-429-thread-1] INFO  server.RaftServerConfigKeys (ConfUtils.java:logGet(43)) - raft.server.log.use.memory = false (default)
2019-08-28 16:05:52,037 [pool-409-thread-1] INFO  server.RaftServerConfigKeys (ConfUtils.java:logGet(43)) - raft.server.log.segment.cache.num.max = 2 (custom)
2019-08-28 16:05:52,037 [pool-419-thread-1] INFO  server.RaftServerConfigKeys (ConfUtils.java:logGet(43)) - raft.server.log.purge.gap = 1000000 (custom)
2019-08-28 16:05:52,037 [pool-409-thread-1] INFO  segmented.SegmentedRaftLogWorker (SegmentedRaftLogWorker.java:<init>(172)) - new ee1ff1a7-a189-4b0e-b6a4-631626cf238a-SegmentedRaftLogWorker:Storage Directory /workdir/hadoop-ozone/integration-test/target/test-dir/MiniOzoneClusterImpl-b4e114d8-6e30-44e2-8e8d-493332923df2/datanode-0/data/ratis/972f458a-a4c0-4b84-bf3e-3f19163a3c89 for RaftStorage:Storage Directory /workdir/hadoop-ozone/integration-test/target/test-dir/MiniOzoneClusterImpl-b4e114d8-6e30-44e2-8e8d-493332923df2/datanode-0/data/ratis/972f458a-a4c0-4b84-bf3e-3f19163a3c89
2019-08-28 16:05:52,037 [pool-429-thread-1] INFO  server.RaftServerConfigKeys (ConfUtils.java:logGet(43)) - raft.server.log.purge.gap = 1000000 (custom)
2019-08-28 16:05:52,037 [pool-409-thread-1] INFO  server.RaftServerConfigKeys (ConfUtils.java:logGet(43)) - raft.server.log.queue.byte-limit = 2147483647 (custom)
2019-08-28 16:05:52,037 [pool-419-thread-1] INFO  server.RaftServerConfigKeys (ConfUtils.java:logGet(43)) - raft.server.log.appender.buffer.byte-limit = 33554432 (custom)
2019-08-28 16:05:52,038 [pool-409-thread-1] INFO  server.RaftServerConfigKeys (ConfUtils.java:logGet(43)) - raft.server.log.queue.element-limit = 1024 (custom)
2019-08-28 16:05:52,037 [pool-429-thread-1] INFO  server.RaftServerConfigKeys (ConfUtils.java:logGet(43)) - raft.server.log.appender.buffer.byte-limit = 33554432 (custom)
2019-08-28 16:05:52,038 [pool-409-thread-1] INFO  server.RaftServerConfigKeys (ConfUtils.java:logGet(43)) - raft.server.log.segment.size.max = 1048576 (custom)
2019-08-28 16:05:52,038 [pool-419-thread-1] INFO  server.RaftServerConfigKeys (ConfUtils.java:logGet(43)) - raft.server.log.segment.size.max = 1048576 (custom)
2019-08-28 16:05:52,038 [pool-409-thread-1] INFO  server.RaftServerConfigKeys (ConfUtils.java:logGet(43)) - raft.server.log.preallocated.size = 16384 (custom)
2019-08-28 16:05:52,038 [pool-429-thread-1] INFO  server.RaftServerConfigKeys (ConfUtils.java:logGet(43)) - raft.server.log.segment.size.max = 1048576 (custom)
2019-08-28 16:05:52,038 [pool-409-thread-1] INFO  server.RaftServerConfigKeys (ConfUtils.java:logGet(43)) - raft.server.log.write.buffer.size = 33554432 (custom)
2019-08-28 16:05:52,038 [pool-419-thread-1] INFO  server.RaftServerConfigKeys (ConfUtils.java:logGet(43)) - raft.server.log.segment.cache.num.max = 2 (custom)
2019-08-28 16:05:52,039 [pool-409-thread-1] INFO  server.RaftServerConfigKeys (ConfUtils.java:logGet(43)) - raft.server.log.force.sync.num = 128 (default)
2019-08-28 16:05:52,038 [pool-429-thread-1] INFO  server.RaftServerConfigKeys (ConfUtils.java:logGet(43)) - raft.server.log.segment.cache.num.max = 2 (custom)
2019-08-28 16:05:52,039 [pool-409-thread-1] INFO  server.RaftServerConfigKeys (ConfUtils.java:logGet(43)) - raft.server.log.statemachine.data.sync = true (default)
2019-08-28 16:05:52,039 [pool-419-thread-1] INFO  segmented.SegmentedRaftLogWorker (SegmentedRaftLogWorker.java:<init>(172)) - new e84d1ee1-da1d-4c14-8806-6ad12653b5a4-SegmentedRaftLogWorker:Storage Directory /workdir/hadoop-ozone/integration-test/target/test-dir/MiniOzoneClusterImpl-b4e114d8-6e30-44e2-8e8d-493332923df2/datanode-1/data/ratis/972f458a-a4c0-4b84-bf3e-3f19163a3c89 for RaftStorage:Storage Directory /workdir/hadoop-ozone/integration-test/target/test-dir/MiniOzoneClusterImpl-b4e114d8-6e30-44e2-8e8d-493332923df2/datanode-1/data/ratis/972f458a-a4c0-4b84-bf3e-3f19163a3c89
2019-08-28 16:05:52,039 [pool-409-thread-1] INFO  server.RaftServerConfigKeys (ConfUtils.java:logGet(43)) - raft.server.log.statemachine.data.sync.timeout = 10s (default)
2019-08-28 16:05:52,039 [pool-409-thread-1] INFO  server.RaftServerConfigKeys (ConfUtils.java:logGet(43)) - raft.server.log.statemachine.data.sync.timeout.retry = -1 (default)
2019-08-28 16:05:52,039 [pool-429-thread-1] INFO  segmented.SegmentedRaftLogWorker (SegmentedRaftLogWorker.java:<init>(172)) - new 8bee0910-3428-4843-b403-19ca72997025-SegmentedRaftLogWorker:Storage Directory /workdir/hadoop-ozone/integration-test/target/test-dir/MiniOzoneClusterImpl-b4e114d8-6e30-44e2-8e8d-493332923df2/datanode-2/data/ratis/972f458a-a4c0-4b84-bf3e-3f19163a3c89 for RaftStorage:Storage Directory /workdir/hadoop-ozone/integration-test/target/test-dir/MiniOzoneClusterImpl-b4e114d8-6e30-44e2-8e8d-493332923df2/datanode-2/data/ratis/972f458a-a4c0-4b84-bf3e-3f19163a3c89
2019-08-28 16:05:52,040 [pool-409-thread-1] INFO  server.RaftServerConfigKeys (ConfUtils.java:logGet(43)) - raft.server.log.statemachine.data.caching.enabled = true (custom)
2019-08-28 16:05:52,039 [pool-419-thread-1] INFO  server.RaftServerConfigKeys (ConfUtils.java:logGet(43)) - raft.server.log.queue.byte-limit = 2147483647 (custom)
2019-08-28 16:05:52,040 [pool-429-thread-1] INFO  server.RaftServerConfigKeys (ConfUtils.java:logGet(43)) - raft.server.log.queue.byte-limit = 2147483647 (custom)
2019-08-28 16:05:52,040 [pool-409-thread-1] INFO  segmented.SegmentedRaftLogWorker (SegmentedRaftLogWorker.java:lambda$new$0(132)) - ee1ff1a7-a189-4b0e-b6a4-631626cf238a-SegmentedRaftLogWorker:Storage Directory /workdir/hadoop-ozone/integration-test/target/test-dir/MiniOzoneClusterImpl-b4e114d8-6e30-44e2-8e8d-493332923df2/datanode-0/data/ratis/972f458a-a4c0-4b84-bf3e-3f19163a3c89: flushIndex: setUnconditionally 0 -> -1
2019-08-28 16:05:52,040 [pool-419-thread-1] INFO  server.RaftServerConfigKeys (ConfUtils.java:logGet(43)) - raft.server.log.queue.element-limit = 1024 (custom)
2019-08-28 16:05:52,040 [pool-429-thread-1] INFO  server.RaftServerConfigKeys (ConfUtils.java:logGet(43)) - raft.server.log.queue.element-limit = 1024 (custom)
2019-08-28 16:05:52,040 [pool-409-thread-1] INFO  server.RaftServerConfigKeys (ConfUtils.java:logGet(43)) - raft.server.snapshot.auto.trigger.enabled = true (custom)
2019-08-28 16:05:52,040 [pool-419-thread-1] INFO  server.RaftServerConfigKeys (ConfUtils.java:logGet(43)) - raft.server.log.segment.size.max = 1048576 (custom)
2019-08-28 16:05:52,041 [pool-409-thread-1] INFO  server.RaftServerConfigKeys (ConfUtils.java:logGet(43)) - raft.server.snapshot.auto.trigger.threshold = 10000 (custom)
2019-08-28 16:05:52,041 [pool-429-thread-1] INFO  server.RaftServerConfigKeys (ConfUtils.java:logGet(43)) - raft.server.log.segment.size.max = 1048576 (custom)
2019-08-28 16:05:52,041 [pool-409-thread-1] INFO  server.RaftServerConfigKeys (ConfUtils.java:logGet(43)) - raft.server.retrycache.expirytime = 600000ms (custom)
2019-08-28 16:05:52,041 [pool-419-thread-1] INFO  server.RaftServerConfigKeys (ConfUtils.java:logGet(43)) - raft.server.log.preallocated.size = 16384 (custom)
2019-08-28 16:05:52,041 [pool-429-thread-1] INFO  server.RaftServerConfigKeys (ConfUtils.java:logGet(43)) - raft.server.log.preallocated.size = 16384 (custom)
2019-08-28 16:05:52,041 [pool-409-thread-1] INFO  impl.RaftServerImpl (RaftServerImpl.java:start(180)) - ee1ff1a7-a189-4b0e-b6a4-631626cf238a: start group-3F19163A3C89
2019-08-28 16:05:52,041 [pool-419-thread-1] INFO  server.RaftServerConfigKeys (ConfUtils.java:logGet(43)) - raft.server.log.write.buffer.size = 33554432 (custom)
2019-08-28 16:05:52,042 [pool-409-thread-1] INFO  impl.RaftServerImpl (RaftServerImpl.java:setRole(171)) - ee1ff1a7-a189-4b0e-b6a4-631626cf238a:group-3F19163A3C89 changes role from null to FOLLOWER at term 0 for startAsFollower
2019-08-28 16:05:52,041 [pool-429-thread-1] INFO  server.RaftServerConfigKeys (ConfUtils.java:logGet(43)) - raft.server.log.write.buffer.size = 33554432 (custom)
2019-08-28 16:05:52,042 [pool-409-thread-1] INFO  impl.RoleInfo (RoleInfo.java:updateAndGet(143)) - ee1ff1a7-a189-4b0e-b6a4-631626cf238a: start FollowerState
2019-08-28 16:05:52,042 [pool-419-thread-1] INFO  server.RaftServerConfigKeys (ConfUtils.java:logGet(43)) - raft.server.log.force.sync.num = 128 (default)
2019-08-28 16:05:52,042 [pool-429-thread-1] INFO  server.RaftServerConfigKeys (ConfUtils.java:logGet(43)) - raft.server.log.force.sync.num = 128 (default)
2019-08-28 16:05:52,042 [pool-419-thread-1] INFO  server.RaftServerConfigKeys (ConfUtils.java:logGet(43)) - raft.server.log.statemachine.data.sync = true (default)
2019-08-28 16:05:52,042 [pool-429-thread-1] INFO  server.RaftServerConfigKeys (ConfUtils.java:logGet(43)) - raft.server.log.statemachine.data.sync = true (default)
2019-08-28 16:05:52,042 [pool-409-thread-1] INFO  util.JmxRegister (JmxRegister.java:tryRegister(44)) - Successfully registered JMX Bean with object name Ratis:service=RaftServer,group=group-3F19163A3C89,id=ee1ff1a7-a189-4b0e-b6a4-631626cf238a
2019-08-28 16:05:52,043 [pool-429-thread-1] INFO  server.RaftServerConfigKeys (ConfUtils.java:logGet(43)) - raft.server.log.statemachine.data.sync.timeout = 10s (default)
2019-08-28 16:05:52,042 [pool-419-thread-1] INFO  server.RaftServerConfigKeys (ConfUtils.java:logGet(43)) - raft.server.log.statemachine.data.sync.timeout = 10s (default)
2019-08-28 16:05:52,043 [pool-429-thread-1] INFO  server.RaftServerConfigKeys (ConfUtils.java:logGet(43)) - raft.server.log.statemachine.data.sync.timeout.retry = -1 (default)
2019-08-28 16:05:52,043 [pool-419-thread-1] INFO  server.RaftServerConfigKeys (ConfUtils.java:logGet(43)) - raft.server.log.statemachine.data.sync.timeout.retry = -1 (default)
2019-08-28 16:05:52,043 [pool-429-thread-1] INFO  server.RaftServerConfigKeys (ConfUtils.java:logGet(43)) - raft.server.log.statemachine.data.caching.enabled = true (custom)
2019-08-28 16:05:52,043 [pool-419-thread-1] INFO  server.RaftServerConfigKeys (ConfUtils.java:logGet(43)) - raft.server.log.statemachine.data.caching.enabled = true (custom)
2019-08-28 16:05:52,044 [pool-429-thread-1] INFO  segmented.SegmentedRaftLogWorker (SegmentedRaftLogWorker.java:lambda$new$0(132)) - 8bee0910-3428-4843-b403-19ca72997025-SegmentedRaftLogWorker:Storage Directory /workdir/hadoop-ozone/integration-test/target/test-dir/MiniOzoneClusterImpl-b4e114d8-6e30-44e2-8e8d-493332923df2/datanode-2/data/ratis/972f458a-a4c0-4b84-bf3e-3f19163a3c89: flushIndex: setUnconditionally 0 -> -1
2019-08-28 16:05:52,044 [pool-419-thread-1] INFO  segmented.SegmentedRaftLogWorker (SegmentedRaftLogWorker.java:lambda$new$0(132)) - e84d1ee1-da1d-4c14-8806-6ad12653b5a4-SegmentedRaftLogWorker:Storage Directory /workdir/hadoop-ozone/integration-test/target/test-dir/MiniOzoneClusterImpl-b4e114d8-6e30-44e2-8e8d-493332923df2/datanode-1/data/ratis/972f458a-a4c0-4b84-bf3e-3f19163a3c89: flushIndex: setUnconditionally 0 -> -1
2019-08-28 16:05:52,046 [pool-429-thread-1] INFO  server.RaftServerConfigKeys (ConfUtils.java:logGet(43)) - raft.server.snapshot.auto.trigger.enabled = true (custom)
2019-08-28 16:05:52,046 [pool-419-thread-1] INFO  server.RaftServerConfigKeys (ConfUtils.java:logGet(43)) - raft.server.snapshot.auto.trigger.enabled = true (custom)
2019-08-28 16:05:52,046 [pool-429-thread-1] INFO  server.RaftServerConfigKeys (ConfUtils.java:logGet(43)) - raft.server.snapshot.auto.trigger.threshold = 10000 (custom)
2019-08-28 16:05:52,047 [pool-419-thread-1] INFO  server.RaftServerConfigKeys (ConfUtils.java:logGet(43)) - raft.server.snapshot.auto.trigger.threshold = 10000 (custom)
2019-08-28 16:05:52,047 [pool-429-thread-1] INFO  server.RaftServerConfigKeys (ConfUtils.java:logGet(43)) - raft.server.retrycache.expirytime = 600000ms (custom)
2019-08-28 16:05:52,047 [pool-419-thread-1] INFO  server.RaftServerConfigKeys (ConfUtils.java:logGet(43)) - raft.server.retrycache.expirytime = 600000ms (custom)
2019-08-28 16:05:52,047 [pool-429-thread-1] INFO  impl.RaftServerImpl (RaftServerImpl.java:start(180)) - 8bee0910-3428-4843-b403-19ca72997025: start group-3F19163A3C89
2019-08-28 16:05:52,047 [pool-419-thread-1] INFO  impl.RaftServerImpl (RaftServerImpl.java:start(180)) - e84d1ee1-da1d-4c14-8806-6ad12653b5a4: start group-3F19163A3C89
2019-08-28 16:05:52,047 [pool-429-thread-1] INFO  impl.RaftServerImpl (RaftServerImpl.java:setRole(171)) - 8bee0910-3428-4843-b403-19ca72997025:group-3F19163A3C89 changes role from null to FOLLOWER at term 0 for startAsFollower
2019-08-28 16:05:52,047 [pool-419-thread-1] INFO  impl.RaftServerImpl (RaftServerImpl.java:setRole(171)) - e84d1ee1-da1d-4c14-8806-6ad12653b5a4:group-3F19163A3C89 changes role from null to FOLLOWER at term 0 for startAsFollower
2019-08-28 16:05:52,047 [pool-429-thread-1] INFO  impl.RoleInfo (RoleInfo.java:updateAndGet(143)) - 8bee0910-3428-4843-b403-19ca72997025: start FollowerState
2019-08-28 16:05:52,047 [pool-419-thread-1] INFO  impl.RoleInfo (RoleInfo.java:updateAndGet(143)) - e84d1ee1-da1d-4c14-8806-6ad12653b5a4: start FollowerState
2019-08-28 16:05:52,048 [pool-429-thread-1] INFO  util.JmxRegister (JmxRegister.java:tryRegister(44)) - Successfully registered JMX Bean with object name Ratis:service=RaftServer,group=group-3F19163A3C89,id=8bee0910-3428-4843-b403-19ca72997025
2019-08-28 16:05:52,048 [pool-419-thread-1] INFO  util.JmxRegister (JmxRegister.java:tryRegister(44)) - Successfully registered JMX Bean with object name Ratis:service=RaftServer,group=group-3F19163A3C89,id=e84d1ee1-da1d-4c14-8806-6ad12653b5a4
2019-08-28 16:05:52,052 [RatisPipelineUtilsThread] INFO  pipeline.PipelineStateManager (PipelineStateManager.java:addPipeline(56)) - Created pipeline Pipeline[ Id: 972f458a-a4c0-4b84-bf3e-3f19163a3c89, Nodes: 8bee0910-3428-4843-b403-19ca72997025{ip: 192.168.34.1, host: pr-hdds-1941-8j4hf-3572870610, networkLocation: /default-rack, certSerialId: null}e84d1ee1-da1d-4c14-8806-6ad12653b5a4{ip: 192.168.34.1, host: pr-hdds-1941-8j4hf-3572870610, networkLocation: /default-rack, certSerialId: null}ee1ff1a7-a189-4b0e-b6a4-631626cf238a{ip: 192.168.34.1, host: pr-hdds-1941-8j4hf-3572870610, networkLocation: /default-rack, certSerialId: null}, Type:RATIS, Factor:THREE, State:OPEN]
2019-08-28 16:05:52,118 [IPC Server handler 18 on 35358] INFO  net.NetworkTopology (NetworkTopologyImpl.java:add(110)) - Added a new node: /default-rack/efaffdcb-0ab5-48a3-a06a-abf9808d0da1
2019-08-28 16:05:52,118 [IPC Server handler 18 on 35358] INFO  node.SCMNodeManager (SCMNodeManager.java:register(273)) - Registered Data node : efaffdcb-0ab5-48a3-a06a-abf9808d0da1{ip: 192.168.34.1, host: pr-hdds-1941-8j4hf-3572870610, networkLocation: /default-rack, certSerialId: null}
2019-08-28 16:05:52,118 | INFO  | SCMAudit | user=jenkins1000 | ip=192.168.34.1 | op=REGISTER {datanodeDetails=efaffdcb-0ab5-48a3-a06a-abf9808d0da1{ip: 192.168.34.1, host: pr-hdds-1941-8j4hf-3572870610, networkLocation: /default-rack, certSerialId: null}} | ret=SUCCESS |  
2019-08-28 16:05:52,125 [grpc-default-executor-5] INFO  impl.RaftServerProxy (RaftServerProxy.java:addNew(89)) - efaffdcb-0ab5-48a3-a06a-abf9808d0da1: addNew group-51844E3555F3:[efaffdcb-0ab5-48a3-a06a-abf9808d0da1:192.168.34.1:38702] returns group-51844E3555F3:java.util.concurrent.CompletableFuture@6abad37d[Not completed]
2019-08-28 16:05:52,125 [pool-439-thread-1] INFO  impl.RaftServerImpl (RaftServerImpl.java:<init>(93)) - efaffdcb-0ab5-48a3-a06a-abf9808d0da1: new RaftServerImpl for group-51844E3555F3:[efaffdcb-0ab5-48a3-a06a-abf9808d0da1:192.168.34.1:38702] with ContainerStateMachine:uninitialized
2019-08-28 16:05:52,126 [pool-439-thread-1] INFO  server.RaftServerConfigKeys (ConfUtils.java:logGet(43)) - raft.server.rpc.timeout.min = 5s (custom)
2019-08-28 16:05:52,126 [pool-439-thread-1] INFO  server.RaftServerConfigKeys (ConfUtils.java:logGet(43)) - raft.server.rpc.timeout.max = 5200ms (custom)
2019-08-28 16:05:52,126 [pool-439-thread-1] INFO  server.RaftServerConfigKeys (ConfUtils.java:logGet(43)) - raft.server.rpcslowness.timeout = 120s (custom)
2019-08-28 16:05:52,126 [pool-439-thread-1] INFO  server.RaftServerConfigKeys (ConfUtils.java:logGet(43)) - raft.server.sleep.deviation.threshold = 300 (default)
2019-08-28 16:05:52,126 [pool-439-thread-1] INFO  server.RaftServerConfigKeys (ConfUtils.java:logGet(43)) - raft.server.log.appender.install.snapshot.enabled = false (custom)
2019-08-28 16:05:52,126 [pool-439-thread-1] INFO  impl.RaftServerImpl (ServerState.java:<init>(105)) - efaffdcb-0ab5-48a3-a06a-abf9808d0da1:group-51844E3555F3 ConfigurationManager, init=-1: [efaffdcb-0ab5-48a3-a06a-abf9808d0da1:192.168.34.1:38702], old=null, confs=<EMPTY_MAP>
2019-08-28 16:05:52,127 [pool-439-thread-1] INFO  server.RaftServerConfigKeys (ConfUtils.java:logGet(43)) - raft.server.storage.dir = [/workdir/hadoop-ozone/integration-test/target/test-dir/MiniOzoneClusterImpl-b4e114d8-6e30-44e2-8e8d-493332923df2/datanode-3/data/ratis] (custom)
2019-08-28 16:05:52,127 [pool-439-thread-1] INFO  storage.RaftStorageDirectory (RaftStorageDirectory.java:analyzeStorage(246)) - The storage directory /workdir/hadoop-ozone/integration-test/target/test-dir/MiniOzoneClusterImpl-b4e114d8-6e30-44e2-8e8d-493332923df2/datanode-3/data/ratis/dcfc22b8-c3c8-4f07-a359-51844e3555f3 does not exist. Creating ...
2019-08-28 16:05:52,140 [pool-439-thread-1] INFO  storage.RaftStorageDirectory (RaftStorageDirectory.java:tryLock(328)) - Lock on /workdir/hadoop-ozone/integration-test/target/test-dir/MiniOzoneClusterImpl-b4e114d8-6e30-44e2-8e8d-493332923df2/datanode-3/data/ratis/dcfc22b8-c3c8-4f07-a359-51844e3555f3/in_use.lock acquired by nodename 11848@pr-hdds-1941-8j4hf-3572870610
2019-08-28 16:05:52,153 [pool-439-thread-1] INFO  storage.RaftStorage (RaftStorage.java:format(72)) - Storage directory /workdir/hadoop-ozone/integration-test/target/test-dir/MiniOzoneClusterImpl-b4e114d8-6e30-44e2-8e8d-493332923df2/datanode-3/data/ratis/dcfc22b8-c3c8-4f07-a359-51844e3555f3 has been successfully formatted.
2019-08-28 16:05:52,154 [pool-439-thread-1] INFO  ratis.ContainerStateMachine (ContainerStateMachine.java:loadSnapshot(227)) - group-51844E3555F3: The snapshot info is null. Setting the last applied indexto:(t:0, i:~)
2019-08-28 16:05:52,154 [pool-439-thread-1] INFO  server.RaftServerConfigKeys (ConfUtils.java:logGet(43)) - raft.server.leader.election.timeout = 120s (custom)
2019-08-28 16:05:52,154 [pool-439-thread-1] INFO  server.RaftServerConfigKeys (ConfUtils.java:logGet(43)) - raft.server.log.use.memory = false (default)
2019-08-28 16:05:52,154 [pool-439-thread-1] INFO  server.RaftServerConfigKeys (ConfUtils.java:logGet(43)) - raft.server.log.purge.gap = 1000000 (custom)
2019-08-28 16:05:52,154 [pool-439-thread-1] INFO  server.RaftServerConfigKeys (ConfUtils.java:logGet(43)) - raft.server.log.appender.buffer.byte-limit = 33554432 (custom)
2019-08-28 16:05:52,154 [pool-439-thread-1] INFO  server.RaftServerConfigKeys (ConfUtils.java:logGet(43)) - raft.server.log.segment.size.max = 1048576 (custom)
2019-08-28 16:05:52,155 [pool-439-thread-1] INFO  server.RaftServerConfigKeys (ConfUtils.java:logGet(43)) - raft.server.log.segment.cache.num.max = 2 (custom)
2019-08-28 16:05:52,155 [pool-439-thread-1] INFO  segmented.SegmentedRaftLogWorker (SegmentedRaftLogWorker.java:<init>(172)) - new efaffdcb-0ab5-48a3-a06a-abf9808d0da1-SegmentedRaftLogWorker:Storage Directory /workdir/hadoop-ozone/integration-test/target/test-dir/MiniOzoneClusterImpl-b4e114d8-6e30-44e2-8e8d-493332923df2/datanode-3/data/ratis/dcfc22b8-c3c8-4f07-a359-51844e3555f3 for RaftStorage:Storage Directory /workdir/hadoop-ozone/integration-test/target/test-dir/MiniOzoneClusterImpl-b4e114d8-6e30-44e2-8e8d-493332923df2/datanode-3/data/ratis/dcfc22b8-c3c8-4f07-a359-51844e3555f3
2019-08-28 16:05:52,155 [pool-439-thread-1] INFO  server.RaftServerConfigKeys (ConfUtils.java:logGet(43)) - raft.server.log.queue.byte-limit = 2147483647 (custom)
2019-08-28 16:05:52,155 [pool-439-thread-1] INFO  server.RaftServerConfigKeys (ConfUtils.java:logGet(43)) - raft.server.log.queue.element-limit = 1024 (custom)
2019-08-28 16:05:52,155 [pool-439-thread-1] INFO  server.RaftServerConfigKeys (ConfUtils.java:logGet(43)) - raft.server.log.segment.size.max = 1048576 (custom)
2019-08-28 16:05:52,156 [pool-439-thread-1] INFO  server.RaftServerConfigKeys (ConfUtils.java:logGet(43)) - raft.server.log.preallocated.size = 16384 (custom)
2019-08-28 16:05:52,156 [pool-439-thread-1] INFO  server.RaftServerConfigKeys (ConfUtils.java:logGet(43)) - raft.server.log.write.buffer.size = 33554432 (custom)
2019-08-28 16:05:52,156 [pool-439-thread-1] INFO  server.RaftServerConfigKeys (ConfUtils.java:logGet(43)) - raft.server.log.force.sync.num = 128 (default)
2019-08-28 16:05:52,156 [pool-439-thread-1] INFO  server.RaftServerConfigKeys (ConfUtils.java:logGet(43)) - raft.server.log.statemachine.data.sync = true (default)
2019-08-28 16:05:52,156 [pool-439-thread-1] INFO  server.RaftServerConfigKeys (ConfUtils.java:logGet(43)) - raft.server.log.statemachine.data.sync.timeout = 10s (default)
2019-08-28 16:05:52,156 [pool-439-thread-1] INFO  server.RaftServerConfigKeys (ConfUtils.java:logGet(43)) - raft.server.log.statemachine.data.sync.timeout.retry = -1 (default)
2019-08-28 16:05:52,157 [pool-439-thread-1] INFO  server.RaftServerConfigKeys (ConfUtils.java:logGet(43)) - raft.server.log.statemachine.data.caching.enabled = true (custom)
2019-08-28 16:05:52,157 [pool-439-thread-1] INFO  segmented.SegmentedRaftLogWorker (SegmentedRaftLogWorker.java:lambda$new$0(132)) - efaffdcb-0ab5-48a3-a06a-abf9808d0da1-SegmentedRaftLogWorker:Storage Directory /workdir/hadoop-ozone/integration-test/target/test-dir/MiniOzoneClusterImpl-b4e114d8-6e30-44e2-8e8d-493332923df2/datanode-3/data/ratis/dcfc22b8-c3c8-4f07-a359-51844e3555f3: flushIndex: setUnconditionally 0 -> -1
2019-08-28 16:05:52,157 [pool-439-thread-1] INFO  server.RaftServerConfigKeys (ConfUtils.java:logGet(43)) - raft.server.snapshot.auto.trigger.enabled = true (custom)
2019-08-28 16:05:52,157 [pool-439-thread-1] INFO  server.RaftServerConfigKeys (ConfUtils.java:logGet(43)) - raft.server.snapshot.auto.trigger.threshold = 10000 (custom)
2019-08-28 16:05:52,157 [pool-439-thread-1] INFO  server.RaftServerConfigKeys (ConfUtils.java:logGet(43)) - raft.server.retrycache.expirytime = 600000ms (custom)
2019-08-28 16:05:52,158 [pool-439-thread-1] INFO  impl.RaftServerImpl (RaftServerImpl.java:start(180)) - efaffdcb-0ab5-48a3-a06a-abf9808d0da1: start group-51844E3555F3
2019-08-28 16:05:52,158 [pool-439-thread-1] INFO  impl.RaftServerImpl (RaftServerImpl.java:setRole(171)) - efaffdcb-0ab5-48a3-a06a-abf9808d0da1:group-51844E3555F3 changes role from null to FOLLOWER at term 0 for startAsFollower
2019-08-28 16:05:52,158 [pool-439-thread-1] INFO  impl.RoleInfo (RoleInfo.java:updateAndGet(143)) - efaffdcb-0ab5-48a3-a06a-abf9808d0da1: start FollowerState
2019-08-28 16:05:52,169 [pool-439-thread-1] INFO  util.JmxRegister (JmxRegister.java:tryRegister(44)) - Successfully registered JMX Bean with object name Ratis:service=RaftServer,group=group-51844E3555F3,id=efaffdcb-0ab5-48a3-a06a-abf9808d0da1
2019-08-28 16:05:52,180 [RatisPipelineUtilsThread] INFO  pipeline.PipelineStateManager (PipelineStateManager.java:addPipeline(56)) - Created pipeline Pipeline[ Id: dcfc22b8-c3c8-4f07-a359-51844e3555f3, Nodes: efaffdcb-0ab5-48a3-a06a-abf9808d0da1{ip: 192.168.34.1, host: pr-hdds-1941-8j4hf-3572870610, networkLocation: /default-rack, certSerialId: null}, Type:RATIS, Factor:ONE, State:OPEN]
2019-08-28 16:05:52,280 [IPC Server handler 11 on 35358] INFO  net.NetworkTopology (NetworkTopologyImpl.java:add(110)) - Added a new node: /default-rack/7db29abf-ad28-40bc-bad4-61ba07f001a1
2019-08-28 16:05:52,280 [IPC Server handler 11 on 35358] INFO  node.SCMNodeManager (SCMNodeManager.java:register(273)) - Registered Data node : 7db29abf-ad28-40bc-bad4-61ba07f001a1{ip: 192.168.34.1, host: pr-hdds-1941-8j4hf-3572870610, networkLocation: /default-rack, certSerialId: null}
2019-08-28 16:05:52,280 | INFO  | SCMAudit | user=jenkins1000 | ip=192.168.34.1 | op=REGISTER {datanodeDetails=7db29abf-ad28-40bc-bad4-61ba07f001a1{ip: 192.168.34.1, host: pr-hdds-1941-8j4hf-3572870610, networkLocation: /default-rack, certSerialId: null}} | ret=SUCCESS |  
2019-08-28 16:05:52,287 [grpc-default-executor-5] INFO  impl.RaftServerProxy (RaftServerProxy.java:addNew(89)) - 7db29abf-ad28-40bc-bad4-61ba07f001a1: addNew group-83AB6193A7F6:[7db29abf-ad28-40bc-bad4-61ba07f001a1:192.168.34.1:34407] returns group-83AB6193A7F6:java.util.concurrent.CompletableFuture@59448[Not completed]
2019-08-28 16:05:52,289 [pool-449-thread-1] INFO  impl.RaftServerImpl (RaftServerImpl.java:<init>(93)) - 7db29abf-ad28-40bc-bad4-61ba07f001a1: new RaftServerImpl for group-83AB6193A7F6:[7db29abf-ad28-40bc-bad4-61ba07f001a1:192.168.34.1:34407] with ContainerStateMachine:uninitialized
2019-08-28 16:05:52,289 [pool-449-thread-1] INFO  server.RaftServerConfigKeys (ConfUtils.java:logGet(43)) - raft.server.rpc.timeout.min = 5s (custom)
2019-08-28 16:05:52,289 [pool-449-thread-1] INFO  server.RaftServerConfigKeys (ConfUtils.java:logGet(43)) - raft.server.rpc.timeout.max = 5200ms (custom)
2019-08-28 16:05:52,289 [pool-449-thread-1] INFO  server.RaftServerConfigKeys (ConfUtils.java:logGet(43)) - raft.server.rpcslowness.timeout = 120s (custom)
2019-08-28 16:05:52,289 [pool-449-thread-1] INFO  server.RaftServerConfigKeys (ConfUtils.java:logGet(43)) - raft.server.sleep.deviation.threshold = 300 (default)
2019-08-28 16:05:52,289 [pool-449-thread-1] INFO  server.RaftServerConfigKeys (ConfUtils.java:logGet(43)) - raft.server.log.appender.install.snapshot.enabled = false (custom)
2019-08-28 16:05:52,290 [pool-449-thread-1] INFO  impl.RaftServerImpl (ServerState.java:<init>(105)) - 7db29abf-ad28-40bc-bad4-61ba07f001a1:group-83AB6193A7F6 ConfigurationManager, init=-1: [7db29abf-ad28-40bc-bad4-61ba07f001a1:192.168.34.1:34407], old=null, confs=<EMPTY_MAP>
2019-08-28 16:05:52,290 [pool-449-thread-1] INFO  server.RaftServerConfigKeys (ConfUtils.java:logGet(43)) - raft.server.storage.dir = [/workdir/hadoop-ozone/integration-test/target/test-dir/MiniOzoneClusterImpl-b4e114d8-6e30-44e2-8e8d-493332923df2/datanode-4/data/ratis] (custom)
2019-08-28 16:05:52,290 [pool-449-thread-1] INFO  storage.RaftStorageDirectory (RaftStorageDirectory.java:analyzeStorage(246)) - The storage directory /workdir/hadoop-ozone/integration-test/target/test-dir/MiniOzoneClusterImpl-b4e114d8-6e30-44e2-8e8d-493332923df2/datanode-4/data/ratis/0a1c8849-5875-447e-838c-83ab6193a7f6 does not exist. Creating ...
2019-08-28 16:05:52,309 [pool-449-thread-1] INFO  storage.RaftStorageDirectory (RaftStorageDirectory.java:tryLock(328)) - Lock on /workdir/hadoop-ozone/integration-test/target/test-dir/MiniOzoneClusterImpl-b4e114d8-6e30-44e2-8e8d-493332923df2/datanode-4/data/ratis/0a1c8849-5875-447e-838c-83ab6193a7f6/in_use.lock acquired by nodename 11848@pr-hdds-1941-8j4hf-3572870610
2019-08-28 16:05:52,322 [pool-449-thread-1] INFO  storage.RaftStorage (RaftStorage.java:format(72)) - Storage directory /workdir/hadoop-ozone/integration-test/target/test-dir/MiniOzoneClusterImpl-b4e114d8-6e30-44e2-8e8d-493332923df2/datanode-4/data/ratis/0a1c8849-5875-447e-838c-83ab6193a7f6 has been successfully formatted.
2019-08-28 16:05:52,322 [pool-449-thread-1] INFO  ratis.ContainerStateMachine (ContainerStateMachine.java:loadSnapshot(227)) - group-83AB6193A7F6: The snapshot info is null. Setting the last applied indexto:(t:0, i:~)
2019-08-28 16:05:52,323 [pool-449-thread-1] INFO  server.RaftServerConfigKeys (ConfUtils.java:logGet(43)) - raft.server.leader.election.timeout = 120s (custom)
2019-08-28 16:05:52,323 [pool-449-thread-1] INFO  server.RaftServerConfigKeys (ConfUtils.java:logGet(43)) - raft.server.log.use.memory = false (default)
2019-08-28 16:05:52,323 [pool-449-thread-1] INFO  server.RaftServerConfigKeys (ConfUtils.java:logGet(43)) - raft.server.log.purge.gap = 1000000 (custom)
2019-08-28 16:05:52,323 [pool-449-thread-1] INFO  server.RaftServerConfigKeys (ConfUtils.java:logGet(43)) - raft.server.log.appender.buffer.byte-limit = 33554432 (custom)
2019-08-28 16:05:52,323 [pool-449-thread-1] INFO  server.RaftServerConfigKeys (ConfUtils.java:logGet(43)) - raft.server.log.segment.size.max = 1048576 (custom)
2019-08-28 16:05:52,323 [pool-449-thread-1] INFO  server.RaftServerConfigKeys (ConfUtils.java:logGet(43)) - raft.server.log.segment.cache.num.max = 2 (custom)
2019-08-28 16:05:52,323 [pool-449-thread-1] INFO  segmented.SegmentedRaftLogWorker (SegmentedRaftLogWorker.java:<init>(172)) - new 7db29abf-ad28-40bc-bad4-61ba07f001a1-SegmentedRaftLogWorker:Storage Directory /workdir/hadoop-ozone/integration-test/target/test-dir/MiniOzoneClusterImpl-b4e114d8-6e30-44e2-8e8d-493332923df2/datanode-4/data/ratis/0a1c8849-5875-447e-838c-83ab6193a7f6 for RaftStorage:Storage Directory /workdir/hadoop-ozone/integration-test/target/test-dir/MiniOzoneClusterImpl-b4e114d8-6e30-44e2-8e8d-493332923df2/datanode-4/data/ratis/0a1c8849-5875-447e-838c-83ab6193a7f6
2019-08-28 16:05:52,324 [pool-449-thread-1] INFO  server.RaftServerConfigKeys (ConfUtils.java:logGet(43)) - raft.server.log.queue.byte-limit = 2147483647 (custom)
2019-08-28 16:05:52,324 [pool-449-thread-1] INFO  server.RaftServerConfigKeys (ConfUtils.java:logGet(43)) - raft.server.log.queue.element-limit = 1024 (custom)
2019-08-28 16:05:52,324 [pool-449-thread-1] INFO  server.RaftServerConfigKeys (ConfUtils.java:logGet(43)) - raft.server.log.segment.size.max = 1048576 (custom)
2019-08-28 16:05:52,324 [pool-449-thread-1] INFO  server.RaftServerConfigKeys (ConfUtils.java:logGet(43)) - raft.server.log.preallocated.size = 16384 (custom)
2019-08-28 16:05:52,324 [pool-449-thread-1] INFO  server.RaftServerConfigKeys (ConfUtils.java:logGet(43)) - raft.server.log.write.buffer.size = 33554432 (custom)
2019-08-28 16:05:52,324 [pool-449-thread-1] INFO  server.RaftServerConfigKeys (ConfUtils.java:logGet(43)) - raft.server.log.force.sync.num = 128 (default)
2019-08-28 16:05:52,325 [pool-449-thread-1] INFO  server.RaftServerConfigKeys (ConfUtils.java:logGet(43)) - raft.server.log.statemachine.data.sync = true (default)
2019-08-28 16:05:52,325 [pool-449-thread-1] INFO  server.RaftServerConfigKeys (ConfUtils.java:logGet(43)) - raft.server.log.statemachine.data.sync.timeout = 10s (default)
2019-08-28 16:05:52,325 [pool-449-thread-1] INFO  server.RaftServerConfigKeys (ConfUtils.java:logGet(43)) - raft.server.log.statemachine.data.sync.timeout.retry = -1 (default)
2019-08-28 16:05:52,325 [pool-449-thread-1] INFO  server.RaftServerConfigKeys (ConfUtils.java:logGet(43)) - raft.server.log.statemachine.data.caching.enabled = true (custom)
2019-08-28 16:05:52,325 [pool-449-thread-1] INFO  segmented.SegmentedRaftLogWorker (SegmentedRaftLogWorker.java:lambda$new$0(132)) - 7db29abf-ad28-40bc-bad4-61ba07f001a1-SegmentedRaftLogWorker:Storage Directory /workdir/hadoop-ozone/integration-test/target/test-dir/MiniOzoneClusterImpl-b4e114d8-6e30-44e2-8e8d-493332923df2/datanode-4/data/ratis/0a1c8849-5875-447e-838c-83ab6193a7f6: flushIndex: setUnconditionally 0 -> -1
2019-08-28 16:05:52,326 [pool-449-thread-1] INFO  server.RaftServerConfigKeys (ConfUtils.java:logGet(43)) - raft.server.snapshot.auto.trigger.enabled = true (custom)
2019-08-28 16:05:52,326 [pool-449-thread-1] INFO  server.RaftServerConfigKeys (ConfUtils.java:logGet(43)) - raft.server.snapshot.auto.trigger.threshold = 10000 (custom)
2019-08-28 16:05:52,326 [pool-449-thread-1] INFO  server.RaftServerConfigKeys (ConfUtils.java:logGet(43)) - raft.server.retrycache.expirytime = 600000ms (custom)
2019-08-28 16:05:52,326 [pool-449-thread-1] INFO  impl.RaftServerImpl (RaftServerImpl.java:start(180)) - 7db29abf-ad28-40bc-bad4-61ba07f001a1: start group-83AB6193A7F6
2019-08-28 16:05:52,326 [pool-449-thread-1] INFO  impl.RaftServerImpl (RaftServerImpl.java:setRole(171)) - 7db29abf-ad28-40bc-bad4-61ba07f001a1:group-83AB6193A7F6 changes role from null to FOLLOWER at term 0 for startAsFollower
2019-08-28 16:05:52,327 [pool-449-thread-1] INFO  impl.RoleInfo (RoleInfo.java:updateAndGet(143)) - 7db29abf-ad28-40bc-bad4-61ba07f001a1: start FollowerState
2019-08-28 16:05:52,327 [pool-449-thread-1] INFO  util.JmxRegister (JmxRegister.java:tryRegister(44)) - Successfully registered JMX Bean with object name Ratis:service=RaftServer,group=group-83AB6193A7F6,id=7db29abf-ad28-40bc-bad4-61ba07f001a1
2019-08-28 16:05:52,332 [RatisPipelineUtilsThread] INFO  pipeline.PipelineStateManager (PipelineStateManager.java:addPipeline(56)) - Created pipeline Pipeline[ Id: 0a1c8849-5875-447e-838c-83ab6193a7f6, Nodes: 7db29abf-ad28-40bc-bad4-61ba07f001a1{ip: 192.168.34.1, host: pr-hdds-1941-8j4hf-3572870610, networkLocation: /default-rack, certSerialId: null}, Type:RATIS, Factor:ONE, State:OPEN]
2019-08-28 16:05:52,447 [IPC Server handler 12 on 35358] INFO  net.NetworkTopology (NetworkTopologyImpl.java:add(110)) - Added a new node: /default-rack/d6f13b7d-b532-4c8e-b41b-ddacd18c9d79
2019-08-28 16:05:52,447 [IPC Server handler 12 on 35358] INFO  node.SCMNodeManager (SCMNodeManager.java:register(273)) - Registered Data node : d6f13b7d-b532-4c8e-b41b-ddacd18c9d79{ip: 192.168.34.1, host: pr-hdds-1941-8j4hf-3572870610, networkLocation: /default-rack, certSerialId: null}
2019-08-28 16:05:52,460 | INFO  | SCMAudit | user=jenkins1000 | ip=192.168.34.1 | op=REGISTER {datanodeDetails=d6f13b7d-b532-4c8e-b41b-ddacd18c9d79{ip: 192.168.34.1, host: pr-hdds-1941-8j4hf-3572870610, networkLocation: /default-rack, certSerialId: null}} | ret=SUCCESS |  
2019-08-28 16:05:52,466 [grpc-default-executor-5] INFO  impl.RaftServerProxy (RaftServerProxy.java:addNew(89)) - d6f13b7d-b532-4c8e-b41b-ddacd18c9d79: addNew group-D3A356142DB5:[d6f13b7d-b532-4c8e-b41b-ddacd18c9d79:192.168.34.1:32905] returns group-D3A356142DB5:java.util.concurrent.CompletableFuture@2294b698[Not completed]
2019-08-28 16:05:52,467 [pool-459-thread-1] INFO  impl.RaftServerImpl (RaftServerImpl.java:<init>(93)) - d6f13b7d-b532-4c8e-b41b-ddacd18c9d79: new RaftServerImpl for group-D3A356142DB5:[d6f13b7d-b532-4c8e-b41b-ddacd18c9d79:192.168.34.1:32905] with ContainerStateMachine:uninitialized
2019-08-28 16:05:52,468 [pool-459-thread-1] INFO  server.RaftServerConfigKeys (ConfUtils.java:logGet(43)) - raft.server.rpc.timeout.min = 5s (custom)
2019-08-28 16:05:52,468 [pool-459-thread-1] INFO  server.RaftServerConfigKeys (ConfUtils.java:logGet(43)) - raft.server.rpc.timeout.max = 5200ms (custom)
2019-08-28 16:05:52,468 [pool-459-thread-1] INFO  server.RaftServerConfigKeys (ConfUtils.java:logGet(43)) - raft.server.rpcslowness.timeout = 120s (custom)
2019-08-28 16:05:52,468 [pool-459-thread-1] INFO  server.RaftServerConfigKeys (ConfUtils.java:logGet(43)) - raft.server.sleep.deviation.threshold = 300 (default)
2019-08-28 16:05:52,468 [pool-459-thread-1] INFO  server.RaftServerConfigKeys (ConfUtils.java:logGet(43)) - raft.server.log.appender.install.snapshot.enabled = false (custom)
2019-08-28 16:05:52,468 [pool-459-thread-1] INFO  impl.RaftServerImpl (ServerState.java:<init>(105)) - d6f13b7d-b532-4c8e-b41b-ddacd18c9d79:group-D3A356142DB5 ConfigurationManager, init=-1: [d6f13b7d-b532-4c8e-b41b-ddacd18c9d79:192.168.34.1:32905], old=null, confs=<EMPTY_MAP>
2019-08-28 16:05:52,469 [pool-459-thread-1] INFO  server.RaftServerConfigKeys (ConfUtils.java:logGet(43)) - raft.server.storage.dir = [/workdir/hadoop-ozone/integration-test/target/test-dir/MiniOzoneClusterImpl-b4e114d8-6e30-44e2-8e8d-493332923df2/datanode-5/data/ratis] (custom)
2019-08-28 16:05:52,469 [pool-459-thread-1] INFO  storage.RaftStorageDirectory (RaftStorageDirectory.java:analyzeStorage(246)) - The storage directory /workdir/hadoop-ozone/integration-test/target/test-dir/MiniOzoneClusterImpl-b4e114d8-6e30-44e2-8e8d-493332923df2/datanode-5/data/ratis/356daac9-9a4d-4eec-acbb-d3a356142db5 does not exist. Creating ...
2019-08-28 16:05:52,482 [pool-459-thread-1] INFO  storage.RaftStorageDirectory (RaftStorageDirectory.java:tryLock(328)) - Lock on /workdir/hadoop-ozone/integration-test/target/test-dir/MiniOzoneClusterImpl-b4e114d8-6e30-44e2-8e8d-493332923df2/datanode-5/data/ratis/356daac9-9a4d-4eec-acbb-d3a356142db5/in_use.lock acquired by nodename 11848@pr-hdds-1941-8j4hf-3572870610
2019-08-28 16:05:52,495 [pool-459-thread-1] INFO  storage.RaftStorage (RaftStorage.java:format(72)) - Storage directory /workdir/hadoop-ozone/integration-test/target/test-dir/MiniOzoneClusterImpl-b4e114d8-6e30-44e2-8e8d-493332923df2/datanode-5/data/ratis/356daac9-9a4d-4eec-acbb-d3a356142db5 has been successfully formatted.
2019-08-28 16:05:52,495 [pool-459-thread-1] INFO  ratis.ContainerStateMachine (ContainerStateMachine.java:loadSnapshot(227)) - group-D3A356142DB5: The snapshot info is null. Setting the last applied indexto:(t:0, i:~)
2019-08-28 16:05:52,496 [pool-459-thread-1] INFO  server.RaftServerConfigKeys (ConfUtils.java:logGet(43)) - raft.server.leader.election.timeout = 120s (custom)
2019-08-28 16:05:52,496 [pool-459-thread-1] INFO  server.RaftServerConfigKeys (ConfUtils.java:logGet(43)) - raft.server.log.use.memory = false (default)
2019-08-28 16:05:52,496 [pool-459-thread-1] INFO  server.RaftServerConfigKeys (ConfUtils.java:logGet(43)) - raft.server.log.purge.gap = 1000000 (custom)
2019-08-28 16:05:52,496 [pool-459-thread-1] INFO  server.RaftServerConfigKeys (ConfUtils.java:logGet(43)) - raft.server.log.appender.buffer.byte-limit = 33554432 (custom)
2019-08-28 16:05:52,496 [pool-459-thread-1] INFO  server.RaftServerConfigKeys (ConfUtils.java:logGet(43)) - raft.server.log.segment.size.max = 1048576 (custom)
2019-08-28 16:05:52,496 [pool-459-thread-1] INFO  server.RaftServerConfigKeys (ConfUtils.java:logGet(43)) - raft.server.log.segment.cache.num.max = 2 (custom)
2019-08-28 16:05:52,497 [pool-459-thread-1] INFO  segmented.SegmentedRaftLogWorker (SegmentedRaftLogWorker.java:<init>(172)) - new d6f13b7d-b532-4c8e-b41b-ddacd18c9d79-SegmentedRaftLogWorker:Storage Directory /workdir/hadoop-ozone/integration-test/target/test-dir/MiniOzoneClusterImpl-b4e114d8-6e30-44e2-8e8d-493332923df2/datanode-5/data/ratis/356daac9-9a4d-4eec-acbb-d3a356142db5 for RaftStorage:Storage Directory /workdir/hadoop-ozone/integration-test/target/test-dir/MiniOzoneClusterImpl-b4e114d8-6e30-44e2-8e8d-493332923df2/datanode-5/data/ratis/356daac9-9a4d-4eec-acbb-d3a356142db5
2019-08-28 16:05:52,497 [pool-459-thread-1] INFO  server.RaftServerConfigKeys (ConfUtils.java:logGet(43)) - raft.server.log.queue.byte-limit = 2147483647 (custom)
2019-08-28 16:05:52,497 [pool-459-thread-1] INFO  server.RaftServerConfigKeys (ConfUtils.java:logGet(43)) - raft.server.log.queue.element-limit = 1024 (custom)
2019-08-28 16:05:52,497 [pool-459-thread-1] INFO  server.RaftServerConfigKeys (ConfUtils.java:logGet(43)) - raft.server.log.segment.size.max = 1048576 (custom)
2019-08-28 16:05:52,497 [pool-459-thread-1] INFO  server.RaftServerConfigKeys (ConfUtils.java:logGet(43)) - raft.server.log.preallocated.size = 16384 (custom)
2019-08-28 16:05:52,498 [pool-459-thread-1] INFO  server.RaftServerConfigKeys (ConfUtils.java:logGet(43)) - raft.server.log.write.buffer.size = 33554432 (custom)
2019-08-28 16:05:52,498 [pool-459-thread-1] INFO  server.RaftServerConfigKeys (ConfUtils.java:logGet(43)) - raft.server.log.force.sync.num = 128 (default)
2019-08-28 16:05:52,498 [pool-459-thread-1] INFO  server.RaftServerConfigKeys (ConfUtils.java:logGet(43)) - raft.server.log.statemachine.data.sync = true (default)
2019-08-28 16:05:52,498 [pool-459-thread-1] INFO  server.RaftServerConfigKeys (ConfUtils.java:logGet(43)) - raft.server.log.statemachine.data.sync.timeout = 10s (default)
2019-08-28 16:05:52,498 [pool-459-thread-1] INFO  server.RaftServerConfigKeys (ConfUtils.java:logGet(43)) - raft.server.log.statemachine.data.sync.timeout.retry = -1 (default)
2019-08-28 16:05:52,499 [pool-459-thread-1] INFO  server.RaftServerConfigKeys (ConfUtils.java:logGet(43)) - raft.server.log.statemachine.data.caching.enabled = true (custom)
2019-08-28 16:05:52,499 [pool-459-thread-1] INFO  segmented.SegmentedRaftLogWorker (SegmentedRaftLogWorker.java:lambda$new$0(132)) - d6f13b7d-b532-4c8e-b41b-ddacd18c9d79-SegmentedRaftLogWorker:Storage Directory /workdir/hadoop-ozone/integration-test/target/test-dir/MiniOzoneClusterImpl-b4e114d8-6e30-44e2-8e8d-493332923df2/datanode-5/data/ratis/356daac9-9a4d-4eec-acbb-d3a356142db5: flushIndex: setUnconditionally 0 -> -1
2019-08-28 16:05:52,499 [pool-459-thread-1] INFO  server.RaftServerConfigKeys (ConfUtils.java:logGet(43)) - raft.server.snapshot.auto.trigger.enabled = true (custom)
2019-08-28 16:05:52,499 [pool-459-thread-1] INFO  server.RaftServerConfigKeys (ConfUtils.java:logGet(43)) - raft.server.snapshot.auto.trigger.threshold = 10000 (custom)
2019-08-28 16:05:52,500 [pool-459-thread-1] INFO  server.RaftServerConfigKeys (ConfUtils.java:logGet(43)) - raft.server.retrycache.expirytime = 600000ms (custom)
2019-08-28 16:05:52,500 [pool-459-thread-1] INFO  impl.RaftServerImpl (RaftServerImpl.java:start(180)) - d6f13b7d-b532-4c8e-b41b-ddacd18c9d79: start group-D3A356142DB5
2019-08-28 16:05:52,500 [pool-459-thread-1] INFO  impl.RaftServerImpl (RaftServerImpl.java:setRole(171)) - d6f13b7d-b532-4c8e-b41b-ddacd18c9d79:group-D3A356142DB5 changes role from null to FOLLOWER at term 0 for startAsFollower
2019-08-28 16:05:52,500 [pool-459-thread-1] INFO  impl.RoleInfo (RoleInfo.java:updateAndGet(143)) - d6f13b7d-b532-4c8e-b41b-ddacd18c9d79: start FollowerState
2019-08-28 16:05:52,501 [pool-459-thread-1] INFO  util.JmxRegister (JmxRegister.java:tryRegister(44)) - Successfully registered JMX Bean with object name Ratis:service=RaftServer,group=group-D3A356142DB5,id=d6f13b7d-b532-4c8e-b41b-ddacd18c9d79
2019-08-28 16:05:52,505 [RatisPipelineUtilsThread] INFO  pipeline.PipelineStateManager (PipelineStateManager.java:addPipeline(56)) - Created pipeline Pipeline[ Id: 356daac9-9a4d-4eec-acbb-d3a356142db5, Nodes: d6f13b7d-b532-4c8e-b41b-ddacd18c9d79{ip: 192.168.34.1, host: pr-hdds-1941-8j4hf-3572870610, networkLocation: /default-rack, certSerialId: null}, Type:RATIS, Factor:ONE, State:OPEN]
2019-08-28 16:05:52,515 [grpc-default-executor-5] INFO  impl.RaftServerProxy (RaftServerProxy.java:addNew(89)) - efaffdcb-0ab5-48a3-a06a-abf9808d0da1: addNew group-5274F53B4300:[d6f13b7d-b532-4c8e-b41b-ddacd18c9d79:192.168.34.1:32905, 7db29abf-ad28-40bc-bad4-61ba07f001a1:192.168.34.1:34407, efaffdcb-0ab5-48a3-a06a-abf9808d0da1:192.168.34.1:38702] returns group-5274F53B4300:java.util.concurrent.CompletableFuture@768f5665[Not completed]
2019-08-28 16:05:52,515 [grpc-default-executor-6] INFO  impl.RaftServerProxy (RaftServerProxy.java:addNew(89)) - 7db29abf-ad28-40bc-bad4-61ba07f001a1: addNew group-5274F53B4300:[d6f13b7d-b532-4c8e-b41b-ddacd18c9d79:192.168.34.1:32905, 7db29abf-ad28-40bc-bad4-61ba07f001a1:192.168.34.1:34407, efaffdcb-0ab5-48a3-a06a-abf9808d0da1:192.168.34.1:38702] returns group-5274F53B4300:java.util.concurrent.CompletableFuture@4dd18ade[Not completed]
2019-08-28 16:05:52,515 [grpc-default-executor-3] INFO  impl.RaftServerProxy (RaftServerProxy.java:addNew(89)) - d6f13b7d-b532-4c8e-b41b-ddacd18c9d79: addNew group-5274F53B4300:[d6f13b7d-b532-4c8e-b41b-ddacd18c9d79:192.168.34.1:32905, 7db29abf-ad28-40bc-bad4-61ba07f001a1:192.168.34.1:34407, efaffdcb-0ab5-48a3-a06a-abf9808d0da1:192.168.34.1:38702] returns group-5274F53B4300:java.util.concurrent.CompletableFuture@68210d3f[Not completed]
2019-08-28 16:05:52,516 [pool-449-thread-1] INFO  impl.RaftServerImpl (RaftServerImpl.java:<init>(93)) - 7db29abf-ad28-40bc-bad4-61ba07f001a1: new RaftServerImpl for group-5274F53B4300:[d6f13b7d-b532-4c8e-b41b-ddacd18c9d79:192.168.34.1:32905, 7db29abf-ad28-40bc-bad4-61ba07f001a1:192.168.34.1:34407, efaffdcb-0ab5-48a3-a06a-abf9808d0da1:192.168.34.1:38702] with ContainerStateMachine:uninitialized
2019-08-28 16:05:52,516 [pool-449-thread-1] INFO  server.RaftServerConfigKeys (ConfUtils.java:logGet(43)) - raft.server.rpc.timeout.min = 5s (custom)
2019-08-28 16:05:52,517 [pool-449-thread-1] INFO  server.RaftServerConfigKeys (ConfUtils.java:logGet(43)) - raft.server.rpc.timeout.max = 5200ms (custom)
2019-08-28 16:05:52,517 [pool-449-thread-1] INFO  server.RaftServerConfigKeys (ConfUtils.java:logGet(43)) - raft.server.rpcslowness.timeout = 120s (custom)
2019-08-28 16:05:52,517 [pool-449-thread-1] INFO  server.RaftServerConfigKeys (ConfUtils.java:logGet(43)) - raft.server.sleep.deviation.threshold = 300 (default)
2019-08-28 16:05:52,517 [pool-459-thread-1] INFO  impl.RaftServerImpl (RaftServerImpl.java:<init>(93)) - d6f13b7d-b532-4c8e-b41b-ddacd18c9d79: new RaftServerImpl for group-5274F53B4300:[d6f13b7d-b532-4c8e-b41b-ddacd18c9d79:192.168.34.1:32905, 7db29abf-ad28-40bc-bad4-61ba07f001a1:192.168.34.1:34407, efaffdcb-0ab5-48a3-a06a-abf9808d0da1:192.168.34.1:38702] with ContainerStateMachine:uninitialized
2019-08-28 16:05:52,517 [pool-449-thread-1] INFO  server.RaftServerConfigKeys (ConfUtils.java:logGet(43)) - raft.server.log.appender.install.snapshot.enabled = false (custom)
2019-08-28 16:05:52,517 [pool-439-thread-1] INFO  impl.RaftServerImpl (RaftServerImpl.java:<init>(93)) - efaffdcb-0ab5-48a3-a06a-abf9808d0da1: new RaftServerImpl for group-5274F53B4300:[d6f13b7d-b532-4c8e-b41b-ddacd18c9d79:192.168.34.1:32905, 7db29abf-ad28-40bc-bad4-61ba07f001a1:192.168.34.1:34407, efaffdcb-0ab5-48a3-a06a-abf9808d0da1:192.168.34.1:38702] with ContainerStateMachine:uninitialized
2019-08-28 16:05:52,517 [pool-459-thread-1] INFO  server.RaftServerConfigKeys (ConfUtils.java:logGet(43)) - raft.server.rpc.timeout.min = 5s (custom)
2019-08-28 16:05:52,517 [pool-439-thread-1] INFO  server.RaftServerConfigKeys (ConfUtils.java:logGet(43)) - raft.server.rpc.timeout.min = 5s (custom)
2019-08-28 16:05:52,517 [pool-449-thread-1] INFO  impl.RaftServerImpl (ServerState.java:<init>(105)) - 7db29abf-ad28-40bc-bad4-61ba07f001a1:group-5274F53B4300 ConfigurationManager, init=-1: [d6f13b7d-b532-4c8e-b41b-ddacd18c9d79:192.168.34.1:32905, 7db29abf-ad28-40bc-bad4-61ba07f001a1:192.168.34.1:34407, efaffdcb-0ab5-48a3-a06a-abf9808d0da1:192.168.34.1:38702], old=null, confs=<EMPTY_MAP>
2019-08-28 16:05:52,518 [pool-439-thread-1] INFO  server.RaftServerConfigKeys (ConfUtils.java:logGet(43)) - raft.server.rpc.timeout.max = 5200ms (custom)
2019-08-28 16:05:52,518 [pool-459-thread-1] INFO  server.RaftServerConfigKeys (ConfUtils.java:logGet(43)) - raft.server.rpc.timeout.max = 5200ms (custom)
2019-08-28 16:05:52,518 [pool-439-thread-1] INFO  server.RaftServerConfigKeys (ConfUtils.java:logGet(43)) - raft.server.rpcslowness.timeout = 120s (custom)
2019-08-28 16:05:52,518 [pool-449-thread-1] INFO  server.RaftServerConfigKeys (ConfUtils.java:logGet(43)) - raft.server.storage.dir = [/workdir/hadoop-ozone/integration-test/target/test-dir/MiniOzoneClusterImpl-b4e114d8-6e30-44e2-8e8d-493332923df2/datanode-4/data/ratis] (custom)
2019-08-28 16:05:52,518 [pool-439-thread-1] INFO  server.RaftServerConfigKeys (ConfUtils.java:logGet(43)) - raft.server.sleep.deviation.threshold = 300 (default)
2019-08-28 16:05:52,518 [pool-459-thread-1] INFO  server.RaftServerConfigKeys (ConfUtils.java:logGet(43)) - raft.server.rpcslowness.timeout = 120s (custom)
2019-08-28 16:05:52,519 [pool-449-thread-1] INFO  storage.RaftStorageDirectory (RaftStorageDirectory.java:analyzeStorage(246)) - The storage directory /workdir/hadoop-ozone/integration-test/target/test-dir/MiniOzoneClusterImpl-b4e114d8-6e30-44e2-8e8d-493332923df2/datanode-4/data/ratis/b3173a87-23cd-452d-ab89-5274f53b4300 does not exist. Creating ...
2019-08-28 16:05:52,518 [pool-439-thread-1] INFO  server.RaftServerConfigKeys (ConfUtils.java:logGet(43)) - raft.server.log.appender.install.snapshot.enabled = false (custom)
2019-08-28 16:05:52,519 [pool-459-thread-1] INFO  server.RaftServerConfigKeys (ConfUtils.java:logGet(43)) - raft.server.sleep.deviation.threshold = 300 (default)
2019-08-28 16:05:52,519 [pool-439-thread-1] INFO  impl.RaftServerImpl (ServerState.java:<init>(105)) - efaffdcb-0ab5-48a3-a06a-abf9808d0da1:group-5274F53B4300 ConfigurationManager, init=-1: [d6f13b7d-b532-4c8e-b41b-ddacd18c9d79:192.168.34.1:32905, 7db29abf-ad28-40bc-bad4-61ba07f001a1:192.168.34.1:34407, efaffdcb-0ab5-48a3-a06a-abf9808d0da1:192.168.34.1:38702], old=null, confs=<EMPTY_MAP>
2019-08-28 16:05:52,519 [pool-459-thread-1] INFO  server.RaftServerConfigKeys (ConfUtils.java:logGet(43)) - raft.server.log.appender.install.snapshot.enabled = false (custom)
2019-08-28 16:05:52,519 [pool-439-thread-1] INFO  server.RaftServerConfigKeys (ConfUtils.java:logGet(43)) - raft.server.storage.dir = [/workdir/hadoop-ozone/integration-test/target/test-dir/MiniOzoneClusterImpl-b4e114d8-6e30-44e2-8e8d-493332923df2/datanode-3/data/ratis] (custom)
2019-08-28 16:05:52,519 [pool-459-thread-1] INFO  impl.RaftServerImpl (ServerState.java:<init>(105)) - d6f13b7d-b532-4c8e-b41b-ddacd18c9d79:group-5274F53B4300 ConfigurationManager, init=-1: [d6f13b7d-b532-4c8e-b41b-ddacd18c9d79:192.168.34.1:32905, 7db29abf-ad28-40bc-bad4-61ba07f001a1:192.168.34.1:34407, efaffdcb-0ab5-48a3-a06a-abf9808d0da1:192.168.34.1:38702], old=null, confs=<EMPTY_MAP>
2019-08-28 16:05:52,520 [pool-459-thread-1] INFO  server.RaftServerConfigKeys (ConfUtils.java:logGet(43)) - raft.server.storage.dir = [/workdir/hadoop-ozone/integration-test/target/test-dir/MiniOzoneClusterImpl-b4e114d8-6e30-44e2-8e8d-493332923df2/datanode-5/data/ratis] (custom)
2019-08-28 16:05:52,520 [pool-439-thread-1] INFO  storage.RaftStorageDirectory (RaftStorageDirectory.java:analyzeStorage(246)) - The storage directory /workdir/hadoop-ozone/integration-test/target/test-dir/MiniOzoneClusterImpl-b4e114d8-6e30-44e2-8e8d-493332923df2/datanode-3/data/ratis/b3173a87-23cd-452d-ab89-5274f53b4300 does not exist. Creating ...
2019-08-28 16:05:52,520 [pool-459-thread-1] INFO  storage.RaftStorageDirectory (RaftStorageDirectory.java:analyzeStorage(246)) - The storage directory /workdir/hadoop-ozone/integration-test/target/test-dir/MiniOzoneClusterImpl-b4e114d8-6e30-44e2-8e8d-493332923df2/datanode-5/data/ratis/b3173a87-23cd-452d-ab89-5274f53b4300 does not exist. Creating ...
2019-08-28 16:05:52,532 [pool-439-thread-1] INFO  storage.RaftStorageDirectory (RaftStorageDirectory.java:tryLock(328)) - Lock on /workdir/hadoop-ozone/integration-test/target/test-dir/MiniOzoneClusterImpl-b4e114d8-6e30-44e2-8e8d-493332923df2/datanode-3/data/ratis/b3173a87-23cd-452d-ab89-5274f53b4300/in_use.lock acquired by nodename 11848@pr-hdds-1941-8j4hf-3572870610
2019-08-28 16:05:52,532 [pool-459-thread-1] INFO  storage.RaftStorageDirectory (RaftStorageDirectory.java:tryLock(328)) - Lock on /workdir/hadoop-ozone/integration-test/target/test-dir/MiniOzoneClusterImpl-b4e114d8-6e30-44e2-8e8d-493332923df2/datanode-5/data/ratis/b3173a87-23cd-452d-ab89-5274f53b4300/in_use.lock acquired by nodename 11848@pr-hdds-1941-8j4hf-3572870610
2019-08-28 16:05:52,532 [pool-449-thread-1] INFO  storage.RaftStorageDirectory (RaftStorageDirectory.java:tryLock(328)) - Lock on /workdir/hadoop-ozone/integration-test/target/test-dir/MiniOzoneClusterImpl-b4e114d8-6e30-44e2-8e8d-493332923df2/datanode-4/data/ratis/b3173a87-23cd-452d-ab89-5274f53b4300/in_use.lock acquired by nodename 11848@pr-hdds-1941-8j4hf-3572870610
2019-08-28 16:05:52,548 [pool-439-thread-1] INFO  storage.RaftStorage (RaftStorage.java:format(72)) - Storage directory /workdir/hadoop-ozone/integration-test/target/test-dir/MiniOzoneClusterImpl-b4e114d8-6e30-44e2-8e8d-493332923df2/datanode-3/data/ratis/b3173a87-23cd-452d-ab89-5274f53b4300 has been successfully formatted.
2019-08-28 16:05:52,548 [pool-459-thread-1] INFO  storage.RaftStorage (RaftStorage.java:format(72)) - Storage directory /workdir/hadoop-ozone/integration-test/target/test-dir/MiniOzoneClusterImpl-b4e114d8-6e30-44e2-8e8d-493332923df2/datanode-5/data/ratis/b3173a87-23cd-452d-ab89-5274f53b4300 has been successfully formatted.
2019-08-28 16:05:52,548 [pool-449-thread-1] INFO  storage.RaftStorage (RaftStorage.java:format(72)) - Storage directory /workdir/hadoop-ozone/integration-test/target/test-dir/MiniOzoneClusterImpl-b4e114d8-6e30-44e2-8e8d-493332923df2/datanode-4/data/ratis/b3173a87-23cd-452d-ab89-5274f53b4300 has been successfully formatted.
2019-08-28 16:05:52,549 [pool-459-thread-1] INFO  ratis.ContainerStateMachine (ContainerStateMachine.java:loadSnapshot(227)) - group-5274F53B4300: The snapshot info is null. Setting the last applied indexto:(t:0, i:~)
2019-08-28 16:05:52,549 [pool-449-thread-1] INFO  ratis.ContainerStateMachine (ContainerStateMachine.java:loadSnapshot(227)) - group-5274F53B4300: The snapshot info is null. Setting the last applied indexto:(t:0, i:~)
2019-08-28 16:05:52,549 [pool-439-thread-1] INFO  ratis.ContainerStateMachine (ContainerStateMachine.java:loadSnapshot(227)) - group-5274F53B4300: The snapshot info is null. Setting the last applied indexto:(t:0, i:~)
2019-08-28 16:05:52,549 [pool-449-thread-1] INFO  server.RaftServerConfigKeys (ConfUtils.java:logGet(43)) - raft.server.leader.election.timeout = 120s (custom)
2019-08-28 16:05:52,549 [pool-459-thread-1] INFO  server.RaftServerConfigKeys (ConfUtils.java:logGet(43)) - raft.server.leader.election.timeout = 120s (custom)
2019-08-28 16:05:52,550 [pool-449-thread-1] INFO  server.RaftServerConfigKeys (ConfUtils.java:logGet(43)) - raft.server.log.use.memory = false (default)
2019-08-28 16:05:52,550 [pool-439-thread-1] INFO  server.RaftServerConfigKeys (ConfUtils.java:logGet(43)) - raft.server.leader.election.timeout = 120s (custom)
2019-08-28 16:05:52,550 [pool-449-thread-1] INFO  server.RaftServerConfigKeys (ConfUtils.java:logGet(43)) - raft.server.log.purge.gap = 1000000 (custom)
2019-08-28 16:05:52,550 [pool-459-thread-1] INFO  server.RaftServerConfigKeys (ConfUtils.java:logGet(43)) - raft.server.log.use.memory = false (default)
2019-08-28 16:05:52,550 [pool-449-thread-1] INFO  server.RaftServerConfigKeys (ConfUtils.java:logGet(43)) - raft.server.log.appender.buffer.byte-limit = 33554432 (custom)
2019-08-28 16:05:52,550 [pool-439-thread-1] INFO  server.RaftServerConfigKeys (ConfUtils.java:logGet(43)) - raft.server.log.use.memory = false (default)
2019-08-28 16:05:52,551 [pool-449-thread-1] INFO  server.RaftServerConfigKeys (ConfUtils.java:logGet(43)) - raft.server.log.segment.size.max = 1048576 (custom)
2019-08-28 16:05:52,550 [pool-459-thread-1] INFO  server.RaftServerConfigKeys (ConfUtils.java:logGet(43)) - raft.server.log.purge.gap = 1000000 (custom)
2019-08-28 16:05:52,551 [pool-449-thread-1] INFO  server.RaftServerConfigKeys (ConfUtils.java:logGet(43)) - raft.server.log.segment.cache.num.max = 2 (custom)
2019-08-28 16:05:52,551 [pool-439-thread-1] INFO  server.RaftServerConfigKeys (ConfUtils.java:logGet(43)) - raft.server.log.purge.gap = 1000000 (custom)
2019-08-28 16:05:52,551 [pool-449-thread-1] INFO  segmented.SegmentedRaftLogWorker (SegmentedRaftLogWorker.java:<init>(172)) - new 7db29abf-ad28-40bc-bad4-61ba07f001a1-SegmentedRaftLogWorker:Storage Directory /workdir/hadoop-ozone/integration-test/target/test-dir/MiniOzoneClusterImpl-b4e114d8-6e30-44e2-8e8d-493332923df2/datanode-4/data/ratis/b3173a87-23cd-452d-ab89-5274f53b4300 for RaftStorage:Storage Directory /workdir/hadoop-ozone/integration-test/target/test-dir/MiniOzoneClusterImpl-b4e114d8-6e30-44e2-8e8d-493332923df2/datanode-4/data/ratis/b3173a87-23cd-452d-ab89-5274f53b4300
2019-08-28 16:05:52,551 [pool-459-thread-1] INFO  server.RaftServerConfigKeys (ConfUtils.java:logGet(43)) - raft.server.log.appender.buffer.byte-limit = 33554432 (custom)
2019-08-28 16:05:52,551 [pool-449-thread-1] INFO  server.RaftServerConfigKeys (ConfUtils.java:logGet(43)) - raft.server.log.queue.byte-limit = 2147483647 (custom)
2019-08-28 16:05:52,552 [pool-449-thread-1] INFO  server.RaftServerConfigKeys (ConfUtils.java:logGet(43)) - raft.server.log.queue.element-limit = 1024 (custom)
2019-08-28 16:05:52,551 [pool-439-thread-1] INFO  server.RaftServerConfigKeys (ConfUtils.java:logGet(43)) - raft.server.log.appender.buffer.byte-limit = 33554432 (custom)
2019-08-28 16:05:52,552 [pool-449-thread-1] INFO  server.RaftServerConfigKeys (ConfUtils.java:logGet(43)) - raft.server.log.segment.size.max = 1048576 (custom)
2019-08-28 16:05:52,552 [pool-459-thread-1] INFO  server.RaftServerConfigKeys (ConfUtils.java:logGet(43)) - raft.server.log.segment.size.max = 1048576 (custom)
2019-08-28 16:05:52,552 [pool-449-thread-1] INFO  server.RaftServerConfigKeys (ConfUtils.java:logGet(43)) - raft.server.log.preallocated.size = 16384 (custom)
2019-08-28 16:05:52,552 [pool-449-thread-1] INFO  server.RaftServerConfigKeys (ConfUtils.java:logGet(43)) - raft.server.log.write.buffer.size = 33554432 (custom)
2019-08-28 16:05:52,552 [pool-439-thread-1] INFO  server.RaftServerConfigKeys (ConfUtils.java:logGet(43)) - raft.server.log.segment.size.max = 1048576 (custom)
2019-08-28 16:05:52,553 [pool-449-thread-1] INFO  server.RaftServerConfigKeys (ConfUtils.java:logGet(43)) - raft.server.log.force.sync.num = 128 (default)
2019-08-28 16:05:52,553 [pool-449-thread-1] INFO  server.RaftServerConfigKeys (ConfUtils.java:logGet(43)) - raft.server.log.statemachine.data.sync = true (default)
2019-08-28 16:05:52,552 [pool-459-thread-1] INFO  server.RaftServerConfigKeys (ConfUtils.java:logGet(43)) - raft.server.log.segment.cache.num.max = 2 (custom)
2019-08-28 16:05:52,553 [pool-449-thread-1] INFO  server.RaftServerConfigKeys (ConfUtils.java:logGet(43)) - raft.server.log.statemachine.data.sync.timeout = 10s (default)
2019-08-28 16:05:52,553 [pool-449-thread-1] INFO  server.RaftServerConfigKeys (ConfUtils.java:logGet(43)) - raft.server.log.statemachine.data.sync.timeout.retry = -1 (default)
2019-08-28 16:05:52,553 [pool-439-thread-1] INFO  server.RaftServerConfigKeys (ConfUtils.java:logGet(43)) - raft.server.log.segment.cache.num.max = 2 (custom)
2019-08-28 16:05:52,554 [pool-449-thread-1] INFO  server.RaftServerConfigKeys (ConfUtils.java:logGet(43)) - raft.server.log.statemachine.data.caching.enabled = true (custom)
2019-08-28 16:05:52,553 [pool-459-thread-1] INFO  segmented.SegmentedRaftLogWorker (SegmentedRaftLogWorker.java:<init>(172)) - new d6f13b7d-b532-4c8e-b41b-ddacd18c9d79-SegmentedRaftLogWorker:Storage Directory /workdir/hadoop-ozone/integration-test/target/test-dir/MiniOzoneClusterImpl-b4e114d8-6e30-44e2-8e8d-493332923df2/datanode-5/data/ratis/b3173a87-23cd-452d-ab89-5274f53b4300 for RaftStorage:Storage Directory /workdir/hadoop-ozone/integration-test/target/test-dir/MiniOzoneClusterImpl-b4e114d8-6e30-44e2-8e8d-493332923df2/datanode-5/data/ratis/b3173a87-23cd-452d-ab89-5274f53b4300
2019-08-28 16:05:52,554 [pool-439-thread-1] INFO  segmented.SegmentedRaftLogWorker (SegmentedRaftLogWorker.java:<init>(172)) - new efaffdcb-0ab5-48a3-a06a-abf9808d0da1-SegmentedRaftLogWorker:Storage Directory /workdir/hadoop-ozone/integration-test/target/test-dir/MiniOzoneClusterImpl-b4e114d8-6e30-44e2-8e8d-493332923df2/datanode-3/data/ratis/b3173a87-23cd-452d-ab89-5274f53b4300 for RaftStorage:Storage Directory /workdir/hadoop-ozone/integration-test/target/test-dir/MiniOzoneClusterImpl-b4e114d8-6e30-44e2-8e8d-493332923df2/datanode-3/data/ratis/b3173a87-23cd-452d-ab89-5274f53b4300
2019-08-28 16:05:52,554 [pool-459-thread-1] INFO  server.RaftServerConfigKeys (ConfUtils.java:logGet(43)) - raft.server.log.queue.byte-limit = 2147483647 (custom)
2019-08-28 16:05:52,554 [pool-439-thread-1] INFO  server.RaftServerConfigKeys (ConfUtils.java:logGet(43)) - raft.server.log.queue.byte-limit = 2147483647 (custom)
2019-08-28 16:05:52,554 [pool-459-thread-1] INFO  server.RaftServerConfigKeys (ConfUtils.java:logGet(43)) - raft.server.log.queue.element-limit = 1024 (custom)
2019-08-28 16:05:52,555 [pool-439-thread-1] INFO  server.RaftServerConfigKeys (ConfUtils.java:logGet(43)) - raft.server.log.queue.element-limit = 1024 (custom)
2019-08-28 16:05:52,555 [pool-449-thread-1] INFO  segmented.SegmentedRaftLogWorker (SegmentedRaftLogWorker.java:lambda$new$0(132)) - 7db29abf-ad28-40bc-bad4-61ba07f001a1-SegmentedRaftLogWorker:Storage Directory /workdir/hadoop-ozone/integration-test/target/test-dir/MiniOzoneClusterImpl-b4e114d8-6e30-44e2-8e8d-493332923df2/datanode-4/data/ratis/b3173a87-23cd-452d-ab89-5274f53b4300: flushIndex: setUnconditionally 0 -> -1
2019-08-28 16:05:52,555 [pool-459-thread-1] INFO  server.RaftServerConfigKeys (ConfUtils.java:logGet(43)) - raft.server.log.segment.size.max = 1048576 (custom)
2019-08-28 16:05:52,555 [pool-439-thread-1] INFO  server.RaftServerConfigKeys (ConfUtils.java:logGet(43)) - raft.server.log.segment.size.max = 1048576 (custom)
2019-08-28 16:05:52,555 [pool-459-thread-1] INFO  server.RaftServerConfigKeys (ConfUtils.java:logGet(43)) - raft.server.log.preallocated.size = 16384 (custom)
2019-08-28 16:05:52,555 [pool-449-thread-1] INFO  server.RaftServerConfigKeys (ConfUtils.java:logGet(43)) - raft.server.snapshot.auto.trigger.enabled = true (custom)
2019-08-28 16:05:52,555 [pool-459-thread-1] INFO  server.RaftServerConfigKeys (ConfUtils.java:logGet(43)) - raft.server.log.write.buffer.size = 33554432 (custom)
2019-08-28 16:05:52,556 [pool-459-thread-1] INFO  server.RaftServerConfigKeys (ConfUtils.java:logGet(43)) - raft.server.log.force.sync.num = 128 (default)
2019-08-28 16:05:52,555 [pool-439-thread-1] INFO  server.RaftServerConfigKeys (ConfUtils.java:logGet(43)) - raft.server.log.preallocated.size = 16384 (custom)
2019-08-28 16:05:52,556 [pool-459-thread-1] INFO  server.RaftServerConfigKeys (ConfUtils.java:logGet(43)) - raft.server.log.statemachine.data.sync = true (default)
2019-08-28 16:05:52,556 [pool-449-thread-1] INFO  server.RaftServerConfigKeys (ConfUtils.java:logGet(43)) - raft.server.snapshot.auto.trigger.threshold = 10000 (custom)
2019-08-28 16:05:52,556 [pool-459-thread-1] INFO  server.RaftServerConfigKeys (ConfUtils.java:logGet(43)) - raft.server.log.statemachine.data.sync.timeout = 10s (default)
2019-08-28 16:05:52,556 [pool-439-thread-1] INFO  server.RaftServerConfigKeys (ConfUtils.java:logGet(43)) - raft.server.log.write.buffer.size = 33554432 (custom)
2019-08-28 16:05:52,557 [pool-459-thread-1] INFO  server.RaftServerConfigKeys (ConfUtils.java:logGet(43)) - raft.server.log.statemachine.data.sync.timeout.retry = -1 (default)
2019-08-28 16:05:52,556 [pool-449-thread-1] INFO  server.RaftServerConfigKeys (ConfUtils.java:logGet(43)) - raft.server.retrycache.expirytime = 600000ms (custom)
2019-08-28 16:05:52,557 [pool-459-thread-1] INFO  server.RaftServerConfigKeys (ConfUtils.java:logGet(43)) - raft.server.log.statemachine.data.caching.enabled = true (custom)
2019-08-28 16:05:52,557 [pool-439-thread-1] INFO  server.RaftServerConfigKeys (ConfUtils.java:logGet(43)) - raft.server.log.force.sync.num = 128 (default)
2019-08-28 16:05:52,557 [pool-449-thread-1] INFO  impl.RaftServerImpl (RaftServerImpl.java:start(180)) - 7db29abf-ad28-40bc-bad4-61ba07f001a1: start group-5274F53B4300
2019-08-28 16:05:52,557 [pool-459-thread-1] INFO  segmented.SegmentedRaftLogWorker (SegmentedRaftLogWorker.java:lambda$new$0(132)) - d6f13b7d-b532-4c8e-b41b-ddacd18c9d79-SegmentedRaftLogWorker:Storage Directory /workdir/hadoop-ozone/integration-test/target/test-dir/MiniOzoneClusterImpl-b4e114d8-6e30-44e2-8e8d-493332923df2/datanode-5/data/ratis/b3173a87-23cd-452d-ab89-5274f53b4300: flushIndex: setUnconditionally 0 -> -1
2019-08-28 16:05:52,557 [pool-439-thread-1] INFO  server.RaftServerConfigKeys (ConfUtils.java:logGet(43)) - raft.server.log.statemachine.data.sync = true (default)
2019-08-28 16:05:52,558 [pool-449-thread-1] INFO  impl.RaftServerImpl (RaftServerImpl.java:setRole(171)) - 7db29abf-ad28-40bc-bad4-61ba07f001a1:group-5274F53B4300 changes role from null to FOLLOWER at term 0 for startAsFollower
2019-08-28 16:05:52,558 [pool-459-thread-1] INFO  server.RaftServerConfigKeys (ConfUtils.java:logGet(43)) - raft.server.snapshot.auto.trigger.enabled = true (custom)
2019-08-28 16:05:52,558 [pool-439-thread-1] INFO  server.RaftServerConfigKeys (ConfUtils.java:logGet(43)) - raft.server.log.statemachine.data.sync.timeout = 10s (default)
2019-08-28 16:05:52,558 [pool-459-thread-1] INFO  server.RaftServerConfigKeys (ConfUtils.java:logGet(43)) - raft.server.snapshot.auto.trigger.threshold = 10000 (custom)
2019-08-28 16:05:52,558 [pool-449-thread-1] INFO  impl.RoleInfo (RoleInfo.java:updateAndGet(143)) - 7db29abf-ad28-40bc-bad4-61ba07f001a1: start FollowerState
2019-08-28 16:05:52,558 [pool-459-thread-1] INFO  server.RaftServerConfigKeys (ConfUtils.java:logGet(43)) - raft.server.retrycache.expirytime = 600000ms (custom)
2019-08-28 16:05:52,558 [pool-439-thread-1] INFO  server.RaftServerConfigKeys (ConfUtils.java:logGet(43)) - raft.server.log.statemachine.data.sync.timeout.retry = -1 (default)
2019-08-28 16:05:52,559 [pool-459-thread-1] INFO  impl.RaftServerImpl (RaftServerImpl.java:start(180)) - d6f13b7d-b532-4c8e-b41b-ddacd18c9d79: start group-5274F53B4300
2019-08-28 16:05:52,559 [pool-449-thread-1] INFO  util.JmxRegister (JmxRegister.java:tryRegister(44)) - Successfully registered JMX Bean with object name Ratis:service=RaftServer,group=group-5274F53B4300,id=7db29abf-ad28-40bc-bad4-61ba07f001a1
2019-08-28 16:05:52,559 [pool-439-thread-1] INFO  server.RaftServerConfigKeys (ConfUtils.java:logGet(43)) - raft.server.log.statemachine.data.caching.enabled = true (custom)
2019-08-28 16:05:52,559 [pool-459-thread-1] INFO  impl.RaftServerImpl (RaftServerImpl.java:setRole(171)) - d6f13b7d-b532-4c8e-b41b-ddacd18c9d79:group-5274F53B4300 changes role from null to FOLLOWER at term 0 for startAsFollower
2019-08-28 16:05:52,559 [pool-439-thread-1] INFO  segmented.SegmentedRaftLogWorker (SegmentedRaftLogWorker.java:lambda$new$0(132)) - efaffdcb-0ab5-48a3-a06a-abf9808d0da1-SegmentedRaftLogWorker:Storage Directory /workdir/hadoop-ozone/integration-test/target/test-dir/MiniOzoneClusterImpl-b4e114d8-6e30-44e2-8e8d-493332923df2/datanode-3/data/ratis/b3173a87-23cd-452d-ab89-5274f53b4300: flushIndex: setUnconditionally 0 -> -1
2019-08-28 16:05:52,560 [pool-459-thread-1] INFO  impl.RoleInfo (RoleInfo.java:updateAndGet(143)) - d6f13b7d-b532-4c8e-b41b-ddacd18c9d79: start FollowerState
2019-08-28 16:05:52,560 [pool-439-thread-1] INFO  server.RaftServerConfigKeys (ConfUtils.java:logGet(43)) - raft.server.snapshot.auto.trigger.enabled = true (custom)
2019-08-28 16:05:52,560 [pool-439-thread-1] INFO  server.RaftServerConfigKeys (ConfUtils.java:logGet(43)) - raft.server.snapshot.auto.trigger.threshold = 10000 (custom)
2019-08-28 16:05:52,563 [pool-439-thread-1] INFO  server.RaftServerConfigKeys (ConfUtils.java:logGet(43)) - raft.server.retrycache.expirytime = 600000ms (custom)
2019-08-28 16:05:52,563 [pool-439-thread-1] INFO  impl.RaftServerImpl (RaftServerImpl.java:start(180)) - efaffdcb-0ab5-48a3-a06a-abf9808d0da1: start group-5274F53B4300
2019-08-28 16:05:52,563 [pool-459-thread-1] INFO  util.JmxRegister (JmxRegister.java:tryRegister(44)) - Successfully registered JMX Bean with object name Ratis:service=RaftServer,group=group-5274F53B4300,id=d6f13b7d-b532-4c8e-b41b-ddacd18c9d79
2019-08-28 16:05:52,563 [pool-439-thread-1] INFO  impl.RaftServerImpl (RaftServerImpl.java:setRole(171)) - efaffdcb-0ab5-48a3-a06a-abf9808d0da1:group-5274F53B4300 changes role from null to FOLLOWER at term 0 for startAsFollower
2019-08-28 16:05:52,563 [pool-439-thread-1] INFO  impl.RoleInfo (RoleInfo.java:updateAndGet(143)) - efaffdcb-0ab5-48a3-a06a-abf9808d0da1: start FollowerState
2019-08-28 16:05:52,564 [pool-439-thread-1] INFO  util.JmxRegister (JmxRegister.java:tryRegister(44)) - Successfully registered JMX Bean with object name Ratis:service=RaftServer,group=group-5274F53B4300,id=efaffdcb-0ab5-48a3-a06a-abf9808d0da1
2019-08-28 16:05:52,571 [RatisPipelineUtilsThread] INFO  pipeline.PipelineStateManager (PipelineStateManager.java:addPipeline(56)) - Created pipeline Pipeline[ Id: b3173a87-23cd-452d-ab89-5274f53b4300, Nodes: d6f13b7d-b532-4c8e-b41b-ddacd18c9d79{ip: 192.168.34.1, host: pr-hdds-1941-8j4hf-3572870610, networkLocation: /default-rack, certSerialId: null}7db29abf-ad28-40bc-bad4-61ba07f001a1{ip: 192.168.34.1, host: pr-hdds-1941-8j4hf-3572870610, networkLocation: /default-rack, certSerialId: null}efaffdcb-0ab5-48a3-a06a-abf9808d0da1{ip: 192.168.34.1, host: pr-hdds-1941-8j4hf-3572870610, networkLocation: /default-rack, certSerialId: null}, Type:RATIS, Factor:THREE, State:OPEN]
2019-08-28 16:05:52,602 [main] INFO  ozone.MiniOzoneClusterImpl (MiniOzoneClusterImpl.java:lambda$waitForClusterToBeReady$0(142)) - Waiting for cluster to be ready. Got 6 of 7 DN Heartbeats.
2019-08-28 16:05:52,602 [IPC Server handler 17 on 35358] INFO  net.NetworkTopology (NetworkTopologyImpl.java:add(110)) - Added a new node: /default-rack/3cb7308a-f9d8-412c-b531-169dc3fab563
2019-08-28 16:05:52,603 [IPC Server handler 17 on 35358] INFO  node.SCMNodeManager (SCMNodeManager.java:register(273)) - Registered Data node : 3cb7308a-f9d8-412c-b531-169dc3fab563{ip: 192.168.34.1, host: pr-hdds-1941-8j4hf-3572870610, networkLocation: /default-rack, certSerialId: null}
2019-08-28 16:05:52,603 | INFO  | SCMAudit | user=jenkins1000 | ip=192.168.34.1 | op=REGISTER {datanodeDetails=3cb7308a-f9d8-412c-b531-169dc3fab563{ip: 192.168.34.1, host: pr-hdds-1941-8j4hf-3572870610, networkLocation: /default-rack, certSerialId: null}} | ret=SUCCESS |  
2019-08-28 16:05:52,609 [grpc-default-executor-3] INFO  impl.RaftServerProxy (RaftServerProxy.java:addNew(89)) - 3cb7308a-f9d8-412c-b531-169dc3fab563: addNew group-BD3ADAF5FBC8:[3cb7308a-f9d8-412c-b531-169dc3fab563:192.168.34.1:33773] returns group-BD3ADAF5FBC8:java.util.concurrent.CompletableFuture@72870052[Not completed]
2019-08-28 16:05:52,610 [pool-469-thread-1] INFO  impl.RaftServerImpl (RaftServerImpl.java:<init>(93)) - 3cb7308a-f9d8-412c-b531-169dc3fab563: new RaftServerImpl for group-BD3ADAF5FBC8:[3cb7308a-f9d8-412c-b531-169dc3fab563:192.168.34.1:33773] with ContainerStateMachine:uninitialized
2019-08-28 16:05:52,610 [pool-469-thread-1] INFO  server.RaftServerConfigKeys (ConfUtils.java:logGet(43)) - raft.server.rpc.timeout.min = 5s (custom)
2019-08-28 16:05:52,611 [pool-469-thread-1] INFO  server.RaftServerConfigKeys (ConfUtils.java:logGet(43)) - raft.server.rpc.timeout.max = 5200ms (custom)
2019-08-28 16:05:52,611 [pool-469-thread-1] INFO  server.RaftServerConfigKeys (ConfUtils.java:logGet(43)) - raft.server.rpcslowness.timeout = 120s (custom)
2019-08-28 16:05:52,611 [pool-469-thread-1] INFO  server.RaftServerConfigKeys (ConfUtils.java:logGet(43)) - raft.server.sleep.deviation.threshold = 300 (default)
2019-08-28 16:05:52,611 [pool-469-thread-1] INFO  server.RaftServerConfigKeys (ConfUtils.java:logGet(43)) - raft.server.log.appender.install.snapshot.enabled = false (custom)
2019-08-28 16:05:52,611 [pool-469-thread-1] INFO  impl.RaftServerImpl (ServerState.java:<init>(105)) - 3cb7308a-f9d8-412c-b531-169dc3fab563:group-BD3ADAF5FBC8 ConfigurationManager, init=-1: [3cb7308a-f9d8-412c-b531-169dc3fab563:192.168.34.1:33773], old=null, confs=<EMPTY_MAP>
2019-08-28 16:05:52,611 [pool-469-thread-1] INFO  server.RaftServerConfigKeys (ConfUtils.java:logGet(43)) - raft.server.storage.dir = [/workdir/hadoop-ozone/integration-test/target/test-dir/MiniOzoneClusterImpl-b4e114d8-6e30-44e2-8e8d-493332923df2/datanode-6/data/ratis] (custom)
2019-08-28 16:05:52,611 [pool-469-thread-1] INFO  storage.RaftStorageDirectory (RaftStorageDirectory.java:analyzeStorage(246)) - The storage directory /workdir/hadoop-ozone/integration-test/target/test-dir/MiniOzoneClusterImpl-b4e114d8-6e30-44e2-8e8d-493332923df2/datanode-6/data/ratis/059ba448-591e-481b-8594-bd3adaf5fbc8 does not exist. Creating ...
2019-08-28 16:05:52,624 [pool-469-thread-1] INFO  storage.RaftStorageDirectory (RaftStorageDirectory.java:tryLock(328)) - Lock on /workdir/hadoop-ozone/integration-test/target/test-dir/MiniOzoneClusterImpl-b4e114d8-6e30-44e2-8e8d-493332923df2/datanode-6/data/ratis/059ba448-591e-481b-8594-bd3adaf5fbc8/in_use.lock acquired by nodename 11848@pr-hdds-1941-8j4hf-3572870610
2019-08-28 16:05:52,637 [pool-469-thread-1] INFO  storage.RaftStorage (RaftStorage.java:format(72)) - Storage directory /workdir/hadoop-ozone/integration-test/target/test-dir/MiniOzoneClusterImpl-b4e114d8-6e30-44e2-8e8d-493332923df2/datanode-6/data/ratis/059ba448-591e-481b-8594-bd3adaf5fbc8 has been successfully formatted.
2019-08-28 16:05:52,638 [pool-469-thread-1] INFO  ratis.ContainerStateMachine (ContainerStateMachine.java:loadSnapshot(227)) - group-BD3ADAF5FBC8: The snapshot info is null. Setting the last applied indexto:(t:0, i:~)
2019-08-28 16:05:52,638 [pool-469-thread-1] INFO  server.RaftServerConfigKeys (ConfUtils.java:logGet(43)) - raft.server.leader.election.timeout = 120s (custom)
2019-08-28 16:05:52,638 [pool-469-thread-1] INFO  server.RaftServerConfigKeys (ConfUtils.java:logGet(43)) - raft.server.log.use.memory = false (default)
2019-08-28 16:05:52,638 [pool-469-thread-1] INFO  server.RaftServerConfigKeys (ConfUtils.java:logGet(43)) - raft.server.log.purge.gap = 1000000 (custom)
2019-08-28 16:05:52,638 [pool-469-thread-1] INFO  server.RaftServerConfigKeys (ConfUtils.java:logGet(43)) - raft.server.log.appender.buffer.byte-limit = 33554432 (custom)
2019-08-28 16:05:52,638 [pool-469-thread-1] INFO  server.RaftServerConfigKeys (ConfUtils.java:logGet(43)) - raft.server.log.segment.size.max = 1048576 (custom)
2019-08-28 16:05:52,638 [pool-469-thread-1] INFO  server.RaftServerConfigKeys (ConfUtils.java:logGet(43)) - raft.server.log.segment.cache.num.max = 2 (custom)
2019-08-28 16:05:52,639 [pool-469-thread-1] INFO  segmented.SegmentedRaftLogWorker (SegmentedRaftLogWorker.java:<init>(172)) - new 3cb7308a-f9d8-412c-b531-169dc3fab563-SegmentedRaftLogWorker:Storage Directory /workdir/hadoop-ozone/integration-test/target/test-dir/MiniOzoneClusterImpl-b4e114d8-6e30-44e2-8e8d-493332923df2/datanode-6/data/ratis/059ba448-591e-481b-8594-bd3adaf5fbc8 for RaftStorage:Storage Directory /workdir/hadoop-ozone/integration-test/target/test-dir/MiniOzoneClusterImpl-b4e114d8-6e30-44e2-8e8d-493332923df2/datanode-6/data/ratis/059ba448-591e-481b-8594-bd3adaf5fbc8
2019-08-28 16:05:52,639 [pool-469-thread-1] INFO  server.RaftServerConfigKeys (ConfUtils.java:logGet(43)) - raft.server.log.queue.byte-limit = 2147483647 (custom)
2019-08-28 16:05:52,639 [pool-469-thread-1] INFO  server.RaftServerConfigKeys (ConfUtils.java:logGet(43)) - raft.server.log.queue.element-limit = 1024 (custom)
2019-08-28 16:05:52,639 [pool-469-thread-1] INFO  server.RaftServerConfigKeys (ConfUtils.java:logGet(43)) - raft.server.log.segment.size.max = 1048576 (custom)
2019-08-28 16:05:52,639 [pool-469-thread-1] INFO  server.RaftServerConfigKeys (ConfUtils.java:logGet(43)) - raft.server.log.preallocated.size = 16384 (custom)
2019-08-28 16:05:52,639 [pool-469-thread-1] INFO  server.RaftServerConfigKeys (ConfUtils.java:logGet(43)) - raft.server.log.write.buffer.size = 33554432 (custom)
2019-08-28 16:05:52,639 [pool-469-thread-1] INFO  server.RaftServerConfigKeys (ConfUtils.java:logGet(43)) - raft.server.log.force.sync.num = 128 (default)
2019-08-28 16:05:52,639 [pool-469-thread-1] INFO  server.RaftServerConfigKeys (ConfUtils.java:logGet(43)) - raft.server.log.statemachine.data.sync = true (default)
2019-08-28 16:05:52,640 [pool-469-thread-1] INFO  server.RaftServerConfigKeys (ConfUtils.java:logGet(43)) - raft.server.log.statemachine.data.sync.timeout = 10s (default)
2019-08-28 16:05:52,640 [pool-469-thread-1] INFO  server.RaftServerConfigKeys (ConfUtils.java:logGet(43)) - raft.server.log.statemachine.data.sync.timeout.retry = -1 (default)
2019-08-28 16:05:52,640 [pool-469-thread-1] INFO  server.RaftServerConfigKeys (ConfUtils.java:logGet(43)) - raft.server.log.statemachine.data.caching.enabled = true (custom)
2019-08-28 16:05:52,640 [pool-469-thread-1] INFO  segmented.SegmentedRaftLogWorker (SegmentedRaftLogWorker.java:lambda$new$0(132)) - 3cb7308a-f9d8-412c-b531-169dc3fab563-SegmentedRaftLogWorker:Storage Directory /workdir/hadoop-ozone/integration-test/target/test-dir/MiniOzoneClusterImpl-b4e114d8-6e30-44e2-8e8d-493332923df2/datanode-6/data/ratis/059ba448-591e-481b-8594-bd3adaf5fbc8: flushIndex: setUnconditionally 0 -> -1
2019-08-28 16:05:52,641 [pool-469-thread-1] INFO  server.RaftServerConfigKeys (ConfUtils.java:logGet(43)) - raft.server.snapshot.auto.trigger.enabled = true (custom)
2019-08-28 16:05:52,641 [pool-469-thread-1] INFO  server.RaftServerConfigKeys (ConfUtils.java:logGet(43)) - raft.server.snapshot.auto.trigger.threshold = 10000 (custom)
2019-08-28 16:05:52,641 [pool-469-thread-1] INFO  server.RaftServerConfigKeys (ConfUtils.java:logGet(43)) - raft.server.retrycache.expirytime = 600000ms (custom)
2019-08-28 16:05:52,641 [pool-469-thread-1] INFO  impl.RaftServerImpl (RaftServerImpl.java:start(180)) - 3cb7308a-f9d8-412c-b531-169dc3fab563: start group-BD3ADAF5FBC8
2019-08-28 16:05:52,641 [pool-469-thread-1] INFO  impl.RaftServerImpl (RaftServerImpl.java:setRole(171)) - 3cb7308a-f9d8-412c-b531-169dc3fab563:group-BD3ADAF5FBC8 changes role from null to FOLLOWER at term 0 for startAsFollower
2019-08-28 16:05:52,641 [pool-469-thread-1] INFO  impl.RoleInfo (RoleInfo.java:updateAndGet(143)) - 3cb7308a-f9d8-412c-b531-169dc3fab563: start FollowerState
2019-08-28 16:05:52,642 [pool-469-thread-1] INFO  util.JmxRegister (JmxRegister.java:tryRegister(44)) - Successfully registered JMX Bean with object name Ratis:service=RaftServer,group=group-BD3ADAF5FBC8,id=3cb7308a-f9d8-412c-b531-169dc3fab563
2019-08-28 16:05:52,646 [RatisPipelineUtilsThread] INFO  pipeline.PipelineStateManager (PipelineStateManager.java:addPipeline(56)) - Created pipeline Pipeline[ Id: 059ba448-591e-481b-8594-bd3adaf5fbc8, Nodes: 3cb7308a-f9d8-412c-b531-169dc3fab563{ip: 192.168.34.1, host: pr-hdds-1941-8j4hf-3572870610, networkLocation: /default-rack, certSerialId: null}, Type:RATIS, Factor:ONE, State:OPEN]
2019-08-28 16:05:53,210 | INFO  | SCMAudit | user=jenkins1000 | ip=192.168.34.1 | op=SEND_HEARTBEAT {datanodeUUID=ee1ff1a7-a189-4b0e-b6a4-631626cf238a, command=[]} | ret=SUCCESS |  
2019-08-28 16:05:53,602 [main] INFO  ozone.MiniOzoneClusterImpl (MiniOzoneClusterImpl.java:lambda$waitForClusterToBeReady$0(142)) - Cluster is ready. Got 7 of 7 DN Heartbeats.
2019-08-28 16:05:53,639 [main] INFO  rpc.RpcClient (RpcClient.java:createVolume(293)) - Creating Volume: testblockoutputstream, with jenkins1000 as owner.
2019-08-28 16:05:53,641 | INFO  | OMAudit | user=jenkins1000 | ip=127.0.0.1 | op=CREATE_VOLUME {admin=jenkins1000, owner=jenkins1000, volume=testblockoutputstream, creationTime=1567008353640, quotaInBytes=1152921504606846976} | ret=SUCCESS |  
2019-08-28 16:05:53,652 | INFO  | OMAudit | user=jenkins1000 | ip=127.0.0.1 | op=READ_VOLUME {volume=testblockoutputstream} | ret=SUCCESS |  
2019-08-28 16:05:53,653 [main] INFO  rpc.RpcClient (RpcClient.java:createBucket(432)) - Creating Bucket: testblockoutputstream/testblockoutputstream, with Versioning false and Storage Type set to DISK and Encryption set to false 
2019-08-28 16:05:53,657 | INFO  | OMAudit | user=jenkins1000 | ip=127.0.0.1 | op=CREATE_BUCKET {volume=testblockoutputstream, bucket=testblockoutputstream, acls=[user:jenkins1000:a[ACCESS], group:default:a[ACCESS]], isVersionEnabled=false, storageType=DISK, creationTime=0} | ret=SUCCESS |  
2019-08-28 16:05:53,658 | INFO  | OMAudit | user=jenkins1000 | ip=127.0.0.1 | op=READ_VOLUME {volume=testblockoutputstream} | ret=SUCCESS |  
2019-08-28 16:05:53,660 | INFO  | OMAudit | user=jenkins1000 | ip=127.0.0.1 | op=READ_BUCKET {volume=testblockoutputstream, bucket=testblockoutputstream} | ret=SUCCESS |  
2019-08-28 16:05:53,669 | INFO  | SCMAudit | user=jenkins1000 | ip=192.168.34.1 | op=ALLOCATE_BLOCK {owner=bf816643-d008-401e-9dd4-f58aebad795d, size=800, type=RATIS, factor=THREE} | ret=SUCCESS |  
2019-08-28 16:05:53,670 | INFO  | OMAudit | user=jenkins1000 | ip=127.0.0.1 | op=ALLOCATE_KEY {volume=testblockoutputstream, bucket=testblockoutputstream, key=cfac1b15-08b1-4853-9e21-d948ae12fe3f, dataSize=0, replicationType=RATIS, replicationFactor=THREE, keyLocationInfo=null} | ret=SUCCESS |  
2019-08-28 16:05:53,700 [grpc-default-executor-3] INFO  client.GrpcClientProtocolClient (GrpcClientProtocolClient.java:onNext(255)) - client-614B6F5F84E8->8bee0910-3428-4843-b403-19ca72997025: receive RaftClientReply:client-614B6F5F84E8->8bee0910-3428-4843-b403-19ca72997025@group-3F19163A3C89, cid=176, FAILED org.apache.ratis.protocol.NotLeaderException: Server 8bee0910-3428-4843-b403-19ca72997025 is not the leader (null). Request must be sent to leader., logIndex=0, commits[8bee0910-3428-4843-b403-19ca72997025:c-1]
2019-08-28 16:05:53,732 | INFO  | SCMAudit | user=jenkins1000 | ip=192.168.34.1 | op=SEND_HEARTBEAT {datanodeUUID=e84d1ee1-da1d-4c14-8806-6ad12653b5a4, command=[]} | ret=SUCCESS |  
2019-08-28 16:05:53,944 | INFO  | SCMAudit | user=jenkins1000 | ip=192.168.34.1 | op=SEND_HEARTBEAT {datanodeUUID=8bee0910-3428-4843-b403-19ca72997025, command=[]} | ret=SUCCESS |  
2019-08-28 16:05:54,118 | INFO  | SCMAudit | user=jenkins1000 | ip=192.168.34.1 | op=SEND_HEARTBEAT {datanodeUUID=efaffdcb-0ab5-48a3-a06a-abf9808d0da1, command=[]} | ret=SUCCESS |  
2019-08-28 16:05:54,210 | INFO  | SCMAudit | user=jenkins1000 | ip=192.168.34.1 | op=SEND_HEARTBEAT {datanodeUUID=ee1ff1a7-a189-4b0e-b6a4-631626cf238a, command=[]} | ret=SUCCESS |  
2019-08-28 16:05:54,232 [Thread-3553] INFO  container.ReplicationManager (ReplicationManager.java:start(152)) - Starting Replication Monitor Thread.
2019-08-28 16:05:54,237 [ReplicationMonitor] INFO  container.ReplicationManager (ReplicationManager.java:run(215)) - Replication Monitor Thread took 0 milliseconds for processing 1 containers.
2019-08-28 16:05:54,280 | INFO  | SCMAudit | user=jenkins1000 | ip=192.168.34.1 | op=SEND_HEARTBEAT {datanodeUUID=7db29abf-ad28-40bc-bad4-61ba07f001a1, command=[]} | ret=SUCCESS |  
2019-08-28 16:05:54,446 | INFO  | SCMAudit | user=jenkins1000 | ip=192.168.34.1 | op=SEND_HEARTBEAT {datanodeUUID=d6f13b7d-b532-4c8e-b41b-ddacd18c9d79, command=[]} | ret=SUCCESS |  
2019-08-28 16:05:54,602 | INFO  | SCMAudit | user=jenkins1000 | ip=192.168.34.1 | op=SEND_HEARTBEAT {datanodeUUID=3cb7308a-f9d8-412c-b531-169dc3fab563, command=[]} | ret=SUCCESS |  
2019-08-28 16:05:54,716 [grpc-default-executor-3] INFO  client.GrpcClientProtocolClient (GrpcClientProtocolClient.java:onNext(255)) - client-614B6F5F84E8->ee1ff1a7-a189-4b0e-b6a4-631626cf238a: receive RaftClientReply:client-614B6F5F84E8->ee1ff1a7-a189-4b0e-b6a4-631626cf238a@group-3F19163A3C89, cid=176, FAILED org.apache.ratis.protocol.NotLeaderException: Server ee1ff1a7-a189-4b0e-b6a4-631626cf238a is not the leader (null). Request must be sent to leader., logIndex=0, commits[ee1ff1a7-a189-4b0e-b6a4-631626cf238a:c-1]
2019-08-28 16:05:54,732 | INFO  | SCMAudit | user=jenkins1000 | ip=192.168.34.1 | op=SEND_HEARTBEAT {datanodeUUID=e84d1ee1-da1d-4c14-8806-6ad12653b5a4, command=[]} | ret=SUCCESS |  
2019-08-28 16:05:54,946 | INFO  | SCMAudit | user=jenkins1000 | ip=192.168.34.1 | op=SEND_HEARTBEAT {datanodeUUID=8bee0910-3428-4843-b403-19ca72997025, command=[]} | ret=SUCCESS |  
2019-08-28 16:05:55,119 | INFO  | SCMAudit | user=jenkins1000 | ip=192.168.34.1 | op=SEND_HEARTBEAT {datanodeUUID=efaffdcb-0ab5-48a3-a06a-abf9808d0da1, command=[]} | ret=SUCCESS |  
2019-08-28 16:05:55,211 | INFO  | SCMAudit | user=jenkins1000 | ip=192.168.34.1 | op=SEND_HEARTBEAT {datanodeUUID=ee1ff1a7-a189-4b0e-b6a4-631626cf238a, command=[]} | ret=SUCCESS |  
2019-08-28 16:05:55,280 | INFO  | SCMAudit | user=jenkins1000 | ip=192.168.34.1 | op=SEND_HEARTBEAT {datanodeUUID=7db29abf-ad28-40bc-bad4-61ba07f001a1, command=[]} | ret=SUCCESS |  
2019-08-28 16:05:55,447 | INFO  | SCMAudit | user=jenkins1000 | ip=192.168.34.1 | op=SEND_HEARTBEAT {datanodeUUID=d6f13b7d-b532-4c8e-b41b-ddacd18c9d79, command=[]} | ret=SUCCESS |  
2019-08-28 16:05:55,603 | INFO  | SCMAudit | user=jenkins1000 | ip=192.168.34.1 | op=SEND_HEARTBEAT {datanodeUUID=3cb7308a-f9d8-412c-b531-169dc3fab563, command=[]} | ret=SUCCESS |  
2019-08-28 16:05:55,732 [grpc-default-executor-3] INFO  client.GrpcClientProtocolClient (GrpcClientProtocolClient.java:onNext(255)) - client-614B6F5F84E8->8bee0910-3428-4843-b403-19ca72997025: receive RaftClientReply:client-614B6F5F84E8->8bee0910-3428-4843-b403-19ca72997025@group-3F19163A3C89, cid=176, FAILED org.apache.ratis.protocol.NotLeaderException: Server 8bee0910-3428-4843-b403-19ca72997025 is not the leader (null). Request must be sent to leader., logIndex=0, commits[8bee0910-3428-4843-b403-19ca72997025:c-1]
2019-08-28 16:05:55,732 | INFO  | SCMAudit | user=jenkins1000 | ip=192.168.34.1 | op=SEND_HEARTBEAT {datanodeUUID=e84d1ee1-da1d-4c14-8806-6ad12653b5a4, command=[]} | ret=SUCCESS |  
2019-08-28 16:05:55,945 | INFO  | SCMAudit | user=jenkins1000 | ip=192.168.34.1 | op=SEND_HEARTBEAT {datanodeUUID=8bee0910-3428-4843-b403-19ca72997025, command=[]} | ret=SUCCESS |  
2019-08-28 16:05:56,117 | INFO  | SCMAudit | user=jenkins1000 | ip=192.168.34.1 | op=SEND_HEARTBEAT {datanodeUUID=efaffdcb-0ab5-48a3-a06a-abf9808d0da1, command=[]} | ret=SUCCESS |  
2019-08-28 16:05:56,211 | INFO  | SCMAudit | user=jenkins1000 | ip=192.168.34.1 | op=SEND_HEARTBEAT {datanodeUUID=ee1ff1a7-a189-4b0e-b6a4-631626cf238a, command=[]} | ret=SUCCESS |  
2019-08-28 16:05:56,279 | INFO  | SCMAudit | user=jenkins1000 | ip=192.168.34.1 | op=SEND_HEARTBEAT {datanodeUUID=7db29abf-ad28-40bc-bad4-61ba07f001a1, command=[]} | ret=SUCCESS |  
2019-08-28 16:05:56,338 [Thread-3555] INFO  impl.FollowerState (FollowerState.java:run(106)) - ee1ff1a7-a189-4b0e-b6a4-631626cf238a:group-7DD4EE662E95 changes to CANDIDATE, lastRpcTime:5042, electionTimeout:5042ms
2019-08-28 16:05:56,338 [Thread-3555] INFO  impl.RoleInfo (RoleInfo.java:shutdownFollowerState(121)) - ee1ff1a7-a189-4b0e-b6a4-631626cf238a: shutdown FollowerState
2019-08-28 16:05:56,338 [Thread-3555] INFO  impl.RaftServerImpl (RaftServerImpl.java:setRole(171)) - ee1ff1a7-a189-4b0e-b6a4-631626cf238a:group-7DD4EE662E95 changes role from FOLLOWER to CANDIDATE at term 0 for changeToCandidate
2019-08-28 16:05:56,338 [Thread-3555] INFO  impl.RoleInfo (RoleInfo.java:updateAndGet(143)) - ee1ff1a7-a189-4b0e-b6a4-631626cf238a: start LeaderElection
2019-08-28 16:05:56,359 [ee1ff1a7-a189-4b0e-b6a4-631626cf238a:group-7DD4EE662E95:LeaderElection67] INFO  impl.LeaderElection (LeaderElection.java:askForVotes(181)) - ee1ff1a7-a189-4b0e-b6a4-631626cf238a:group-7DD4EE662E95:LeaderElection67: begin an election at term 1 for -1: [ee1ff1a7-a189-4b0e-b6a4-631626cf238a:192.168.34.1:35124], old=null
2019-08-28 16:05:56,360 [ee1ff1a7-a189-4b0e-b6a4-631626cf238a:group-7DD4EE662E95:LeaderElection67] INFO  impl.RoleInfo (RoleInfo.java:shutdownLeaderElection(134)) - ee1ff1a7-a189-4b0e-b6a4-631626cf238a: shutdown LeaderElection
2019-08-28 16:05:56,360 [ee1ff1a7-a189-4b0e-b6a4-631626cf238a:group-7DD4EE662E95:LeaderElection67] INFO  impl.RaftServerImpl (RaftServerImpl.java:setRole(171)) - ee1ff1a7-a189-4b0e-b6a4-631626cf238a:group-7DD4EE662E95 changes role from CANDIDATE to LEADER at term 1 for changeToLeader
2019-08-28 16:05:56,360 [ee1ff1a7-a189-4b0e-b6a4-631626cf238a:group-7DD4EE662E95:LeaderElection67] INFO  impl.RaftServerImpl (ServerState.java:setLeader(263)) - ee1ff1a7-a189-4b0e-b6a4-631626cf238a:group-7DD4EE662E95 change Leader from null to ee1ff1a7-a189-4b0e-b6a4-631626cf238a at term 1 for becomeLeader, leader elected after 5069ms
2019-08-28 16:05:56,360 [ee1ff1a7-a189-4b0e-b6a4-631626cf238a:group-7DD4EE662E95:LeaderElection67] INFO  server.RaftServerConfigKeys (ConfUtils.java:logGet(43)) - raft.server.staging.catchup.gap = 1000 (default)
2019-08-28 16:05:56,360 [ee1ff1a7-a189-4b0e-b6a4-631626cf238a:group-7DD4EE662E95:LeaderElection67] INFO  server.RaftServerConfigKeys (ConfUtils.java:logGet(43)) - raft.server.rpc.sleep.time = 25ms (default)
2019-08-28 16:05:56,360 [ee1ff1a7-a189-4b0e-b6a4-631626cf238a:group-7DD4EE662E95:LeaderElection67] INFO  server.RaftServerConfigKeys (ConfUtils.java:logGet(43)) - raft.server.write.element-limit = 4096 (default)
2019-08-28 16:05:56,361 [ee1ff1a7-a189-4b0e-b6a4-631626cf238a:group-7DD4EE662E95:LeaderElection67] INFO  server.RaftServerConfigKeys (ConfUtils.java:logGet(43)) - raft.server.watch.timeout = 10s (default)
2019-08-28 16:05:56,361 [ee1ff1a7-a189-4b0e-b6a4-631626cf238a:group-7DD4EE662E95:LeaderElection67] INFO  server.RaftServerConfigKeys (ConfUtils.java:logGet(43)) - raft.server.watch.timeout.denomination = 1s (default)
2019-08-28 16:05:56,361 [ee1ff1a7-a189-4b0e-b6a4-631626cf238a:group-7DD4EE662E95:LeaderElection67] INFO  server.RaftServerConfigKeys (ConfUtils.java:logGet(43)) - raft.server.watch.element-limit = 65536 (default)
2019-08-28 16:05:56,361 [ee1ff1a7-a189-4b0e-b6a4-631626cf238a:group-7DD4EE662E95:LeaderElection67] INFO  impl.RoleInfo (RoleInfo.java:updateAndGet(143)) - ee1ff1a7-a189-4b0e-b6a4-631626cf238a: start LeaderState
2019-08-28 16:05:56,361 [ee1ff1a7-a189-4b0e-b6a4-631626cf238a:group-7DD4EE662E95:LeaderElection67] INFO  segmented.SegmentedRaftLogWorker (SegmentedRaftLogWorker.java:startLogSegment(380)) - ee1ff1a7-a189-4b0e-b6a4-631626cf238a-SegmentedRaftLogWorker:Storage Directory /workdir/hadoop-ozone/integration-test/target/test-dir/MiniOzoneClusterImpl-b4e114d8-6e30-44e2-8e8d-493332923df2/datanode-0/data/ratis/cdd30bfc-6513-471c-b38e-7dd4ee662e95: Starting segment from index:0
2019-08-28 16:05:56,362 [ee1ff1a7-a189-4b0e-b6a4-631626cf238a:group-7DD4EE662E95:LeaderElection67] INFO  impl.RaftServerImpl (ServerState.java:setRaftConf(361)) - ee1ff1a7-a189-4b0e-b6a4-631626cf238a:group-7DD4EE662E95 set configuration 0: [ee1ff1a7-a189-4b0e-b6a4-631626cf238a:192.168.34.1:35124], old=null at 0
2019-08-28 16:05:56,405 [ee1ff1a7-a189-4b0e-b6a4-631626cf238a-SegmentedRaftLogWorker:Storage Directory /workdir/hadoop-ozone/integration-test/target/test-dir/MiniOzoneClusterImpl-b4e114d8-6e30-44e2-8e8d-493332923df2/datanode-0/data/ratis/cdd30bfc-6513-471c-b38e-7dd4ee662e95] INFO  segmented.SegmentedRaftLogWorker (SegmentedRaftLogWorker.java:execute(569)) - ee1ff1a7-a189-4b0e-b6a4-631626cf238a-SegmentedRaftLogWorker:Storage Directory /workdir/hadoop-ozone/integration-test/target/test-dir/MiniOzoneClusterImpl-b4e114d8-6e30-44e2-8e8d-493332923df2/datanode-0/data/ratis/cdd30bfc-6513-471c-b38e-7dd4ee662e95: created new log segment /workdir/hadoop-ozone/integration-test/target/test-dir/MiniOzoneClusterImpl-b4e114d8-6e30-44e2-8e8d-493332923df2/datanode-0/data/ratis/cdd30bfc-6513-471c-b38e-7dd4ee662e95/current/log_inprogress_0
2019-08-28 16:05:56,446 | INFO  | SCMAudit | user=jenkins1000 | ip=192.168.34.1 | op=SEND_HEARTBEAT {datanodeUUID=d6f13b7d-b532-4c8e-b41b-ddacd18c9d79, command=[]} | ret=SUCCESS |  
2019-08-28 16:05:56,603 | INFO  | SCMAudit | user=jenkins1000 | ip=192.168.34.1 | op=SEND_HEARTBEAT {datanodeUUID=3cb7308a-f9d8-412c-b531-169dc3fab563, command=[]} | ret=SUCCESS |  
2019-08-28 16:05:56,732 | INFO  | SCMAudit | user=jenkins1000 | ip=192.168.34.1 | op=SEND_HEARTBEAT {datanodeUUID=e84d1ee1-da1d-4c14-8806-6ad12653b5a4, command=[]} | ret=SUCCESS |  
2019-08-28 16:05:56,747 [grpc-default-executor-3] INFO  client.GrpcClientProtocolClient (GrpcClientProtocolClient.java:onNext(255)) - client-614B6F5F84E8->e84d1ee1-da1d-4c14-8806-6ad12653b5a4: receive RaftClientReply:client-614B6F5F84E8->e84d1ee1-da1d-4c14-8806-6ad12653b5a4@group-3F19163A3C89, cid=176, FAILED org.apache.ratis.protocol.NotLeaderException: Server e84d1ee1-da1d-4c14-8806-6ad12653b5a4 is not the leader (null). Request must be sent to leader., logIndex=0, commits[e84d1ee1-da1d-4c14-8806-6ad12653b5a4:c-1]
2019-08-28 16:05:56,946 | INFO  | SCMAudit | user=jenkins1000 | ip=192.168.34.1 | op=SEND_HEARTBEAT {datanodeUUID=8bee0910-3428-4843-b403-19ca72997025, command=[]} | ret=SUCCESS |  
2019-08-28 16:05:56,951 [Thread-3558] INFO  impl.FollowerState (FollowerState.java:run(106)) - e84d1ee1-da1d-4c14-8806-6ad12653b5a4:group-27131500DFBA changes to CANDIDATE, lastRpcTime:5184, electionTimeout:5184ms
2019-08-28 16:05:56,951 [Thread-3558] INFO  impl.RoleInfo (RoleInfo.java:shutdownFollowerState(121)) - e84d1ee1-da1d-4c14-8806-6ad12653b5a4: shutdown FollowerState
2019-08-28 16:05:56,952 [Thread-3558] INFO  impl.RaftServerImpl (RaftServerImpl.java:setRole(171)) - e84d1ee1-da1d-4c14-8806-6ad12653b5a4:group-27131500DFBA changes role from FOLLOWER to CANDIDATE at term 0 for changeToCandidate
2019-08-28 16:05:56,952 [Thread-3558] INFO  impl.RoleInfo (RoleInfo.java:updateAndGet(143)) - e84d1ee1-da1d-4c14-8806-6ad12653b5a4: start LeaderElection
2019-08-28 16:05:56,972 [e84d1ee1-da1d-4c14-8806-6ad12653b5a4:group-27131500DFBA:LeaderElection68] INFO  impl.LeaderElection (LeaderElection.java:askForVotes(181)) - e84d1ee1-da1d-4c14-8806-6ad12653b5a4:group-27131500DFBA:LeaderElection68: begin an election at term 1 for -1: [e84d1ee1-da1d-4c14-8806-6ad12653b5a4:192.168.34.1:36516], old=null
2019-08-28 16:05:56,972 [e84d1ee1-da1d-4c14-8806-6ad12653b5a4:group-27131500DFBA:LeaderElection68] INFO  impl.RoleInfo (RoleInfo.java:shutdownLeaderElection(134)) - e84d1ee1-da1d-4c14-8806-6ad12653b5a4: shutdown LeaderElection
2019-08-28 16:05:56,972 [e84d1ee1-da1d-4c14-8806-6ad12653b5a4:group-27131500DFBA:LeaderElection68] INFO  impl.RaftServerImpl (RaftServerImpl.java:setRole(171)) - e84d1ee1-da1d-4c14-8806-6ad12653b5a4:group-27131500DFBA changes role from CANDIDATE to LEADER at term 1 for changeToLeader
2019-08-28 16:05:56,972 [e84d1ee1-da1d-4c14-8806-6ad12653b5a4:group-27131500DFBA:LeaderElection68] INFO  impl.RaftServerImpl (ServerState.java:setLeader(263)) - e84d1ee1-da1d-4c14-8806-6ad12653b5a4:group-27131500DFBA change Leader from null to e84d1ee1-da1d-4c14-8806-6ad12653b5a4 at term 1 for becomeLeader, leader elected after 5210ms
2019-08-28 16:05:56,973 [e84d1ee1-da1d-4c14-8806-6ad12653b5a4:group-27131500DFBA:LeaderElection68] INFO  server.RaftServerConfigKeys (ConfUtils.java:logGet(43)) - raft.server.staging.catchup.gap = 1000 (default)
2019-08-28 16:05:56,973 [e84d1ee1-da1d-4c14-8806-6ad12653b5a4:group-27131500DFBA:LeaderElection68] INFO  server.RaftServerConfigKeys (ConfUtils.java:logGet(43)) - raft.server.rpc.sleep.time = 25ms (default)
2019-08-28 16:05:56,973 [e84d1ee1-da1d-4c14-8806-6ad12653b5a4:group-27131500DFBA:LeaderElection68] INFO  server.RaftServerConfigKeys (ConfUtils.java:logGet(43)) - raft.server.write.element-limit = 4096 (default)
2019-08-28 16:05:56,973 [e84d1ee1-da1d-4c14-8806-6ad12653b5a4:group-27131500DFBA:LeaderElection68] INFO  server.RaftServerConfigKeys (ConfUtils.java:logGet(43)) - raft.server.watch.timeout = 10s (default)
2019-08-28 16:05:56,974 [e84d1ee1-da1d-4c14-8806-6ad12653b5a4:group-27131500DFBA:LeaderElection68] INFO  server.RaftServerConfigKeys (ConfUtils.java:logGet(43)) - raft.server.watch.timeout.denomination = 1s (default)
2019-08-28 16:05:56,974 [e84d1ee1-da1d-4c14-8806-6ad12653b5a4:group-27131500DFBA:LeaderElection68] INFO  server.RaftServerConfigKeys (ConfUtils.java:logGet(43)) - raft.server.watch.element-limit = 65536 (default)
2019-08-28 16:05:56,974 [e84d1ee1-da1d-4c14-8806-6ad12653b5a4:group-27131500DFBA:LeaderElection68] INFO  impl.RoleInfo (RoleInfo.java:updateAndGet(143)) - e84d1ee1-da1d-4c14-8806-6ad12653b5a4: start LeaderState
2019-08-28 16:05:56,974 [e84d1ee1-da1d-4c14-8806-6ad12653b5a4:group-27131500DFBA:LeaderElection68] INFO  segmented.SegmentedRaftLogWorker (SegmentedRaftLogWorker.java:startLogSegment(380)) - e84d1ee1-da1d-4c14-8806-6ad12653b5a4-SegmentedRaftLogWorker:Storage Directory /workdir/hadoop-ozone/integration-test/target/test-dir/MiniOzoneClusterImpl-b4e114d8-6e30-44e2-8e8d-493332923df2/datanode-1/data/ratis/f9470f41-19e4-4b69-b68e-27131500dfba: Starting segment from index:0
2019-08-28 16:05:56,975 [e84d1ee1-da1d-4c14-8806-6ad12653b5a4:group-27131500DFBA:LeaderElection68] INFO  impl.RaftServerImpl (ServerState.java:setRaftConf(361)) - e84d1ee1-da1d-4c14-8806-6ad12653b5a4:group-27131500DFBA set configuration 0: [e84d1ee1-da1d-4c14-8806-6ad12653b5a4:192.168.34.1:36516], old=null at 0
2019-08-28 16:05:57,021 [e84d1ee1-da1d-4c14-8806-6ad12653b5a4-SegmentedRaftLogWorker:Storage Directory /workdir/hadoop-ozone/integration-test/target/test-dir/MiniOzoneClusterImpl-b4e114d8-6e30-44e2-8e8d-493332923df2/datanode-1/data/ratis/f9470f41-19e4-4b69-b68e-27131500dfba] INFO  segmented.SegmentedRaftLogWorker (SegmentedRaftLogWorker.java:execute(569)) - e84d1ee1-da1d-4c14-8806-6ad12653b5a4-SegmentedRaftLogWorker:Storage Directory /workdir/hadoop-ozone/integration-test/target/test-dir/MiniOzoneClusterImpl-b4e114d8-6e30-44e2-8e8d-493332923df2/datanode-1/data/ratis/f9470f41-19e4-4b69-b68e-27131500dfba: created new log segment /workdir/hadoop-ozone/integration-test/target/test-dir/MiniOzoneClusterImpl-b4e114d8-6e30-44e2-8e8d-493332923df2/datanode-1/data/ratis/f9470f41-19e4-4b69-b68e-27131500dfba/current/log_inprogress_0
2019-08-28 16:05:57,049 [Thread-3568] INFO  impl.FollowerState (FollowerState.java:run(106)) - 8bee0910-3428-4843-b403-19ca72997025:group-3F19163A3C89 changes to CANDIDATE, lastRpcTime:5001, electionTimeout:5001ms
2019-08-28 16:05:57,049 [Thread-3568] INFO  impl.RoleInfo (RoleInfo.java:shutdownFollowerState(121)) - 8bee0910-3428-4843-b403-19ca72997025: shutdown FollowerState
2019-08-28 16:05:57,049 [Thread-3568] INFO  impl.RaftServerImpl (RaftServerImpl.java:setRole(171)) - 8bee0910-3428-4843-b403-19ca72997025:group-3F19163A3C89 changes role from FOLLOWER to CANDIDATE at term 0 for changeToCandidate
2019-08-28 16:05:57,049 [Thread-3568] INFO  impl.RoleInfo (RoleInfo.java:updateAndGet(143)) - 8bee0910-3428-4843-b403-19ca72997025: start LeaderElection
2019-08-28 16:05:57,068 [8bee0910-3428-4843-b403-19ca72997025:group-3F19163A3C89:LeaderElection69] INFO  impl.LeaderElection (LeaderElection.java:askForVotes(181)) - 8bee0910-3428-4843-b403-19ca72997025:group-3F19163A3C89:LeaderElection69: begin an election at term 1 for -1: [8bee0910-3428-4843-b403-19ca72997025:192.168.34.1:35857, ee1ff1a7-a189-4b0e-b6a4-631626cf238a:192.168.34.1:35124, e84d1ee1-da1d-4c14-8806-6ad12653b5a4:192.168.34.1:36516], old=null
2019-08-28 16:05:57,072 [grpc-default-executor-3] INFO  impl.RaftServerImpl (RaftServerImpl.java:setRole(171)) - ee1ff1a7-a189-4b0e-b6a4-631626cf238a:group-3F19163A3C89 changes role from FOLLOWER to FOLLOWER at term 1 for recognizeCandidate:8bee0910-3428-4843-b403-19ca72997025
2019-08-28 16:05:57,072 [grpc-default-executor-5] INFO  impl.RaftServerImpl (RaftServerImpl.java:setRole(171)) - e84d1ee1-da1d-4c14-8806-6ad12653b5a4:group-3F19163A3C89 changes role from FOLLOWER to FOLLOWER at term 1 for recognizeCandidate:8bee0910-3428-4843-b403-19ca72997025
2019-08-28 16:05:57,073 [grpc-default-executor-3] INFO  impl.RoleInfo (RoleInfo.java:shutdownFollowerState(121)) - ee1ff1a7-a189-4b0e-b6a4-631626cf238a: shutdown FollowerState
2019-08-28 16:05:57,073 [grpc-default-executor-5] INFO  impl.RoleInfo (RoleInfo.java:shutdownFollowerState(121)) - e84d1ee1-da1d-4c14-8806-6ad12653b5a4: shutdown FollowerState
2019-08-28 16:05:57,073 [grpc-default-executor-3] INFO  impl.RoleInfo (RoleInfo.java:updateAndGet(143)) - ee1ff1a7-a189-4b0e-b6a4-631626cf238a: start FollowerState
2019-08-28 16:05:57,073 [Thread-3569] INFO  impl.FollowerState (FollowerState.java:run(114)) - e84d1ee1-da1d-4c14-8806-6ad12653b5a4: FollowerState was interrupted: java.lang.InterruptedException: sleep interrupted
2019-08-28 16:05:57,073 [grpc-default-executor-5] INFO  impl.RoleInfo (RoleInfo.java:updateAndGet(143)) - e84d1ee1-da1d-4c14-8806-6ad12653b5a4: start FollowerState
2019-08-28 16:05:57,073 [Thread-3564] INFO  impl.FollowerState (FollowerState.java:run(114)) - ee1ff1a7-a189-4b0e-b6a4-631626cf238a: FollowerState was interrupted: java.lang.InterruptedException: sleep interrupted
2019-08-28 16:05:57,097 [8bee0910-3428-4843-b403-19ca72997025:group-3F19163A3C89:LeaderElection69] INFO  impl.LeaderElection (LeaderElection.java:logAndReturn(56)) - 8bee0910-3428-4843-b403-19ca72997025:group-3F19163A3C89:LeaderElection69: Election PASSED; received 1 response(s) [8bee0910-3428-4843-b403-19ca72997025<-e84d1ee1-da1d-4c14-8806-6ad12653b5a4#0:OK-t1] and 0 exception(s); 8bee0910-3428-4843-b403-19ca72997025:t1, leader=null, voted=8bee0910-3428-4843-b403-19ca72997025, raftlog=8bee0910-3428-4843-b403-19ca72997025-SegmentedRaftLog:OPENED:c-1,f-1,i0, conf=-1: [8bee0910-3428-4843-b403-19ca72997025:192.168.34.1:35857, ee1ff1a7-a189-4b0e-b6a4-631626cf238a:192.168.34.1:35124, e84d1ee1-da1d-4c14-8806-6ad12653b5a4:192.168.34.1:36516], old=null
2019-08-28 16:05:57,097 [8bee0910-3428-4843-b403-19ca72997025:group-3F19163A3C89:LeaderElection69] INFO  impl.RoleInfo (RoleInfo.java:shutdownLeaderElection(134)) - 8bee0910-3428-4843-b403-19ca72997025: shutdown LeaderElection
2019-08-28 16:05:57,098 [8bee0910-3428-4843-b403-19ca72997025:group-3F19163A3C89:LeaderElection69] INFO  impl.RaftServerImpl (RaftServerImpl.java:setRole(171)) - 8bee0910-3428-4843-b403-19ca72997025:group-3F19163A3C89 changes role from CANDIDATE to LEADER at term 1 for changeToLeader
2019-08-28 16:05:57,098 [8bee0910-3428-4843-b403-19ca72997025:group-3F19163A3C89:LeaderElection69] INFO  impl.RaftServerImpl (ServerState.java:setLeader(263)) - 8bee0910-3428-4843-b403-19ca72997025:group-3F19163A3C89 change Leader from null to 8bee0910-3428-4843-b403-19ca72997025 at term 1 for becomeLeader, leader elected after 5061ms
2019-08-28 16:05:57,098 [8bee0910-3428-4843-b403-19ca72997025:group-3F19163A3C89:LeaderElection69] INFO  server.RaftServerConfigKeys (ConfUtils.java:logGet(43)) - raft.server.staging.catchup.gap = 1000 (default)
2019-08-28 16:05:57,098 [8bee0910-3428-4843-b403-19ca72997025:group-3F19163A3C89:LeaderElection69] INFO  server.RaftServerConfigKeys (ConfUtils.java:logGet(43)) - raft.server.rpc.sleep.time = 25ms (default)
2019-08-28 16:05:57,098 [8bee0910-3428-4843-b403-19ca72997025:group-3F19163A3C89:LeaderElection69] INFO  server.RaftServerConfigKeys (ConfUtils.java:logGet(43)) - raft.server.write.element-limit = 4096 (default)
2019-08-28 16:05:57,098 [8bee0910-3428-4843-b403-19ca72997025:group-3F19163A3C89:LeaderElection69] INFO  server.RaftServerConfigKeys (ConfUtils.java:logGet(43)) - raft.server.watch.timeout = 10s (default)
2019-08-28 16:05:57,098 [8bee0910-3428-4843-b403-19ca72997025:group-3F19163A3C89:LeaderElection69] INFO  server.RaftServerConfigKeys (ConfUtils.java:logGet(43)) - raft.server.watch.timeout.denomination = 1s (default)
2019-08-28 16:05:57,098 [8bee0910-3428-4843-b403-19ca72997025:group-3F19163A3C89:LeaderElection69] INFO  server.RaftServerConfigKeys (ConfUtils.java:logGet(43)) - raft.server.watch.element-limit = 65536 (default)
2019-08-28 16:05:57,099 [8bee0910-3428-4843-b403-19ca72997025:group-3F19163A3C89:LeaderElection69] INFO  server.RaftServerConfigKeys (ConfUtils.java:logGet(43)) - raft.server.log.appender.snapshot.chunk.size.max = 16MB (=16777216) (default)
2019-08-28 16:05:57,099 [Thread-3561] INFO  impl.FollowerState (FollowerState.java:run(106)) - 8bee0910-3428-4843-b403-19ca72997025:group-6566AE5EEA9D changes to CANDIDATE, lastRpcTime:5115, electionTimeout:5115ms
2019-08-28 16:05:57,099 [8bee0910-3428-4843-b403-19ca72997025:group-3F19163A3C89:LeaderElection69] INFO  server.RaftServerConfigKeys (ConfUtils.java:logGet(43)) - raft.server.log.appender.buffer.byte-limit = 33554432 (custom)
2019-08-28 16:05:57,099 [Thread-3561] INFO  impl.RoleInfo (RoleInfo.java:shutdownFollowerState(121)) - 8bee0910-3428-4843-b403-19ca72997025: shutdown FollowerState
2019-08-28 16:05:57,099 [8bee0910-3428-4843-b403-19ca72997025:group-3F19163A3C89:LeaderElection69] INFO  server.RaftServerConfigKeys (ConfUtils.java:logGet(43)) - raft.server.log.appender.buffer.element-limit = 1 (custom)
2019-08-28 16:05:57,099 [Thread-3561] INFO  impl.RaftServerImpl (RaftServerImpl.java:setRole(171)) - 8bee0910-3428-4843-b403-19ca72997025:group-6566AE5EEA9D changes role from FOLLOWER to CANDIDATE at term 0 for changeToCandidate
2019-08-28 16:05:57,099 [8bee0910-3428-4843-b403-19ca72997025:group-3F19163A3C89:LeaderElection69] INFO  grpc.GrpcConfigKeys$Server (ConfUtils.java:logGet(43)) - raft.grpc.server.leader.outstanding.appends.max = 128 (default)
2019-08-28 16:05:57,099 [Thread-3561] INFO  impl.RoleInfo (RoleInfo.java:updateAndGet(143)) - 8bee0910-3428-4843-b403-19ca72997025: start LeaderElection
2019-08-28 16:05:57,099 [8bee0910-3428-4843-b403-19ca72997025:group-3F19163A3C89:LeaderElection69] INFO  server.RaftServerConfigKeys (ConfUtils.java:logGet(43)) - raft.server.rpc.request.timeout = 3000ms (default)
2019-08-28 16:05:57,100 [8bee0910-3428-4843-b403-19ca72997025:group-3F19163A3C89:LeaderElection69] INFO  server.RaftServerConfigKeys (ConfUtils.java:logGet(43)) - raft.server.log.appender.install.snapshot.enabled = false (custom)
2019-08-28 16:05:57,105 [8bee0910-3428-4843-b403-19ca72997025:group-3F19163A3C89:LeaderElection69] INFO  server.RaftServerConfigKeys (ConfUtils.java:logGet(43)) - raft.server.log.appender.snapshot.chunk.size.max = 16MB (=16777216) (default)
2019-08-28 16:05:57,105 [8bee0910-3428-4843-b403-19ca72997025:group-3F19163A3C89:LeaderElection69] INFO  server.RaftServerConfigKeys (ConfUtils.java:logGet(43)) - raft.server.log.appender.buffer.byte-limit = 33554432 (custom)
2019-08-28 16:05:57,105 [8bee0910-3428-4843-b403-19ca72997025:group-3F19163A3C89:LeaderElection69] INFO  server.RaftServerConfigKeys (ConfUtils.java:logGet(43)) - raft.server.log.appender.buffer.element-limit = 1 (custom)
2019-08-28 16:05:57,105 [8bee0910-3428-4843-b403-19ca72997025:group-3F19163A3C89:LeaderElection69] INFO  grpc.GrpcConfigKeys$Server (ConfUtils.java:logGet(43)) - raft.grpc.server.leader.outstanding.appends.max = 128 (default)
2019-08-28 16:05:57,105 [8bee0910-3428-4843-b403-19ca72997025:group-3F19163A3C89:LeaderElection69] INFO  server.RaftServerConfigKeys (ConfUtils.java:logGet(43)) - raft.server.rpc.request.timeout = 3000ms (default)
2019-08-28 16:05:57,105 [8bee0910-3428-4843-b403-19ca72997025:group-3F19163A3C89:LeaderElection69] INFO  server.RaftServerConfigKeys (ConfUtils.java:logGet(43)) - raft.server.log.appender.install.snapshot.enabled = false (custom)
2019-08-28 16:05:57,106 [8bee0910-3428-4843-b403-19ca72997025:group-3F19163A3C89:LeaderElection69] INFO  impl.RoleInfo (RoleInfo.java:updateAndGet(143)) - 8bee0910-3428-4843-b403-19ca72997025: start LeaderState
2019-08-28 16:05:57,106 [8bee0910-3428-4843-b403-19ca72997025:group-3F19163A3C89:LeaderElection69] INFO  segmented.SegmentedRaftLogWorker (SegmentedRaftLogWorker.java:startLogSegment(380)) - 8bee0910-3428-4843-b403-19ca72997025-SegmentedRaftLogWorker:Storage Directory /workdir/hadoop-ozone/integration-test/target/test-dir/MiniOzoneClusterImpl-b4e114d8-6e30-44e2-8e8d-493332923df2/datanode-2/data/ratis/972f458a-a4c0-4b84-bf3e-3f19163a3c89: Starting segment from index:0
2019-08-28 16:05:57,106 [8bee0910-3428-4843-b403-19ca72997025:group-3F19163A3C89:LeaderElection69] INFO  impl.RaftServerImpl (ServerState.java:setRaftConf(361)) - 8bee0910-3428-4843-b403-19ca72997025:group-3F19163A3C89 set configuration 0: [8bee0910-3428-4843-b403-19ca72997025:192.168.34.1:35857, ee1ff1a7-a189-4b0e-b6a4-631626cf238a:192.168.34.1:35124, e84d1ee1-da1d-4c14-8806-6ad12653b5a4:192.168.34.1:36516], old=null at 0
2019-08-28 16:05:57,107 [grpc-default-executor-3] INFO  impl.RaftServerImpl (ServerState.java:setLeader(263)) - ee1ff1a7-a189-4b0e-b6a4-631626cf238a:group-3F19163A3C89 change Leader from null to 8bee0910-3428-4843-b403-19ca72997025 at term 1 for appendEntries, leader elected after 5071ms
2019-08-28 16:05:57,107 [grpc-default-executor-5] INFO  impl.RaftServerImpl (ServerState.java:setLeader(263)) - e84d1ee1-da1d-4c14-8806-6ad12653b5a4:group-3F19163A3C89 change Leader from null to 8bee0910-3428-4843-b403-19ca72997025 at term 1 for appendEntries, leader elected after 5071ms
2019-08-28 16:05:57,122 [8bee0910-3428-4843-b403-19ca72997025:group-6566AE5EEA9D:LeaderElection70] INFO  impl.LeaderElection (LeaderElection.java:askForVotes(181)) - 8bee0910-3428-4843-b403-19ca72997025:group-6566AE5EEA9D:LeaderElection70: begin an election at term 1 for -1: [8bee0910-3428-4843-b403-19ca72997025:192.168.34.1:35857], old=null
2019-08-28 16:05:57,124 [8bee0910-3428-4843-b403-19ca72997025:group-6566AE5EEA9D:LeaderElection70] INFO  impl.RoleInfo (RoleInfo.java:shutdownLeaderElection(134)) - 8bee0910-3428-4843-b403-19ca72997025: shutdown LeaderElection
2019-08-28 16:05:57,124 [8bee0910-3428-4843-b403-19ca72997025:group-6566AE5EEA9D:LeaderElection70] INFO  impl.RaftServerImpl (RaftServerImpl.java:setRole(171)) - 8bee0910-3428-4843-b403-19ca72997025:group-6566AE5EEA9D changes role from CANDIDATE to LEADER at term 1 for changeToLeader
2019-08-28 16:05:57,124 [8bee0910-3428-4843-b403-19ca72997025:group-6566AE5EEA9D:LeaderElection70] INFO  impl.RaftServerImpl (ServerState.java:setLeader(263)) - 8bee0910-3428-4843-b403-19ca72997025:group-6566AE5EEA9D change Leader from null to 8bee0910-3428-4843-b403-19ca72997025 at term 1 for becomeLeader, leader elected after 5144ms
2019-08-28 16:05:57,124 [8bee0910-3428-4843-b403-19ca72997025:group-6566AE5EEA9D:LeaderElection70] INFO  server.RaftServerConfigKeys (ConfUtils.java:logGet(43)) - raft.server.staging.catchup.gap = 1000 (default)
2019-08-28 16:05:57,124 [8bee0910-3428-4843-b403-19ca72997025:group-6566AE5EEA9D:LeaderElection70] INFO  server.RaftServerConfigKeys (ConfUtils.java:logGet(43)) - raft.server.rpc.sleep.time = 25ms (default)
2019-08-28 16:05:57,124 | INFO  | SCMAudit | user=jenkins1000 | ip=192.168.34.1 | op=SEND_HEARTBEAT {datanodeUUID=efaffdcb-0ab5-48a3-a06a-abf9808d0da1, command=[]} | ret=SUCCESS |  
2019-08-28 16:05:57,124 [8bee0910-3428-4843-b403-19ca72997025:group-6566AE5EEA9D:LeaderElection70] INFO  server.RaftServerConfigKeys (ConfUtils.java:logGet(43)) - raft.server.write.element-limit = 4096 (default)
2019-08-28 16:05:57,125 [8bee0910-3428-4843-b403-19ca72997025:group-6566AE5EEA9D:LeaderElection70] INFO  server.RaftServerConfigKeys (ConfUtils.java:logGet(43)) - raft.server.watch.timeout = 10s (default)
2019-08-28 16:05:57,125 [8bee0910-3428-4843-b403-19ca72997025:group-6566AE5EEA9D:LeaderElection70] INFO  server.RaftServerConfigKeys (ConfUtils.java:logGet(43)) - raft.server.watch.timeout.denomination = 1s (default)
2019-08-28 16:05:57,125 [8bee0910-3428-4843-b403-19ca72997025:group-6566AE5EEA9D:LeaderElection70] INFO  server.RaftServerConfigKeys (ConfUtils.java:logGet(43)) - raft.server.watch.element-limit = 65536 (default)
2019-08-28 16:05:57,125 [8bee0910-3428-4843-b403-19ca72997025:group-6566AE5EEA9D:LeaderElection70] INFO  impl.RoleInfo (RoleInfo.java:updateAndGet(143)) - 8bee0910-3428-4843-b403-19ca72997025: start LeaderState
2019-08-28 16:05:57,125 [8bee0910-3428-4843-b403-19ca72997025:group-6566AE5EEA9D:LeaderElection70] INFO  segmented.SegmentedRaftLogWorker (SegmentedRaftLogWorker.java:startLogSegment(380)) - 8bee0910-3428-4843-b403-19ca72997025-SegmentedRaftLogWorker:Storage Directory /workdir/hadoop-ozone/integration-test/target/test-dir/MiniOzoneClusterImpl-b4e114d8-6e30-44e2-8e8d-493332923df2/datanode-2/data/ratis/13a8b347-5a96-4708-a40e-6566ae5eea9d: Starting segment from index:0
2019-08-28 16:05:57,125 [grpc-default-executor-3] INFO  impl.RaftServerImpl (ServerState.java:setRaftConf(361)) - ee1ff1a7-a189-4b0e-b6a4-631626cf238a:group-3F19163A3C89 set configuration 0: [8bee0910-3428-4843-b403-19ca72997025:192.168.34.1:35857, ee1ff1a7-a189-4b0e-b6a4-631626cf238a:192.168.34.1:35124, e84d1ee1-da1d-4c14-8806-6ad12653b5a4:192.168.34.1:36516], old=null at 0
2019-08-28 16:05:57,125 [8bee0910-3428-4843-b403-19ca72997025:group-6566AE5EEA9D:LeaderElection70] INFO  impl.RaftServerImpl (ServerState.java:setRaftConf(361)) - 8bee0910-3428-4843-b403-19ca72997025:group-6566AE5EEA9D set configuration 0: [8bee0910-3428-4843-b403-19ca72997025:192.168.34.1:35857], old=null at 0
2019-08-28 16:05:57,125 [grpc-default-executor-3] INFO  segmented.SegmentedRaftLogWorker (SegmentedRaftLogWorker.java:startLogSegment(380)) - ee1ff1a7-a189-4b0e-b6a4-631626cf238a-SegmentedRaftLogWorker:Storage Directory /workdir/hadoop-ozone/integration-test/target/test-dir/MiniOzoneClusterImpl-b4e114d8-6e30-44e2-8e8d-493332923df2/datanode-0/data/ratis/972f458a-a4c0-4b84-bf3e-3f19163a3c89: Starting segment from index:0
2019-08-28 16:05:57,125 [grpc-default-executor-5] INFO  impl.RaftServerImpl (ServerState.java:setRaftConf(361)) - e84d1ee1-da1d-4c14-8806-6ad12653b5a4:group-3F19163A3C89 set configuration 0: [8bee0910-3428-4843-b403-19ca72997025:192.168.34.1:35857, ee1ff1a7-a189-4b0e-b6a4-631626cf238a:192.168.34.1:35124, e84d1ee1-da1d-4c14-8806-6ad12653b5a4:192.168.34.1:36516], old=null at 0
2019-08-28 16:05:57,126 [grpc-default-executor-5] INFO  segmented.SegmentedRaftLogWorker (SegmentedRaftLogWorker.java:startLogSegment(380)) - e84d1ee1-da1d-4c14-8806-6ad12653b5a4-SegmentedRaftLogWorker:Storage Directory /workdir/hadoop-ozone/integration-test/target/test-dir/MiniOzoneClusterImpl-b4e114d8-6e30-44e2-8e8d-493332923df2/datanode-1/data/ratis/972f458a-a4c0-4b84-bf3e-3f19163a3c89: Starting segment from index:0
2019-08-28 16:05:57,135 [8bee0910-3428-4843-b403-19ca72997025-SegmentedRaftLogWorker:Storage Directory /workdir/hadoop-ozone/integration-test/target/test-dir/MiniOzoneClusterImpl-b4e114d8-6e30-44e2-8e8d-493332923df2/datanode-2/data/ratis/972f458a-a4c0-4b84-bf3e-3f19163a3c89] INFO  segmented.SegmentedRaftLogWorker (SegmentedRaftLogWorker.java:execute(569)) - 8bee0910-3428-4843-b403-19ca72997025-SegmentedRaftLogWorker:Storage Directory /workdir/hadoop-ozone/integration-test/target/test-dir/MiniOzoneClusterImpl-b4e114d8-6e30-44e2-8e8d-493332923df2/datanode-2/data/ratis/972f458a-a4c0-4b84-bf3e-3f19163a3c89: created new log segment /workdir/hadoop-ozone/integration-test/target/test-dir/MiniOzoneClusterImpl-b4e114d8-6e30-44e2-8e8d-493332923df2/datanode-2/data/ratis/972f458a-a4c0-4b84-bf3e-3f19163a3c89/current/log_inprogress_0
2019-08-28 16:05:57,148 [e84d1ee1-da1d-4c14-8806-6ad12653b5a4-SegmentedRaftLogWorker:Storage Directory /workdir/hadoop-ozone/integration-test/target/test-dir/MiniOzoneClusterImpl-b4e114d8-6e30-44e2-8e8d-493332923df2/datanode-1/data/ratis/972f458a-a4c0-4b84-bf3e-3f19163a3c89] INFO  segmented.SegmentedRaftLogWorker (SegmentedRaftLogWorker.java:execute(569)) - e84d1ee1-da1d-4c14-8806-6ad12653b5a4-SegmentedRaftLogWorker:Storage Directory /workdir/hadoop-ozone/integration-test/target/test-dir/MiniOzoneClusterImpl-b4e114d8-6e30-44e2-8e8d-493332923df2/datanode-1/data/ratis/972f458a-a4c0-4b84-bf3e-3f19163a3c89: created new log segment /workdir/hadoop-ozone/integration-test/target/test-dir/MiniOzoneClusterImpl-b4e114d8-6e30-44e2-8e8d-493332923df2/datanode-1/data/ratis/972f458a-a4c0-4b84-bf3e-3f19163a3c89/current/log_inprogress_0
2019-08-28 16:05:57,164 [8bee0910-3428-4843-b403-19ca72997025-SegmentedRaftLogWorker:Storage Directory /workdir/hadoop-ozone/integration-test/target/test-dir/MiniOzoneClusterImpl-b4e114d8-6e30-44e2-8e8d-493332923df2/datanode-2/data/ratis/13a8b347-5a96-4708-a40e-6566ae5eea9d] INFO  segmented.SegmentedRaftLogWorker (SegmentedRaftLogWorker.java:execute(569)) - 8bee0910-3428-4843-b403-19ca72997025-SegmentedRaftLogWorker:Storage Directory /workdir/hadoop-ozone/integration-test/target/test-dir/MiniOzoneClusterImpl-b4e114d8-6e30-44e2-8e8d-493332923df2/datanode-2/data/ratis/13a8b347-5a96-4708-a40e-6566ae5eea9d: created new log segment /workdir/hadoop-ozone/integration-test/target/test-dir/MiniOzoneClusterImpl-b4e114d8-6e30-44e2-8e8d-493332923df2/datanode-2/data/ratis/13a8b347-5a96-4708-a40e-6566ae5eea9d/current/log_inprogress_0
2019-08-28 16:05:57,164 [ee1ff1a7-a189-4b0e-b6a4-631626cf238a-SegmentedRaftLogWorker:Storage Directory /workdir/hadoop-ozone/integration-test/target/test-dir/MiniOzoneClusterImpl-b4e114d8-6e30-44e2-8e8d-493332923df2/datanode-0/data/ratis/972f458a-a4c0-4b84-bf3e-3f19163a3c89] INFO  segmented.SegmentedRaftLogWorker (SegmentedRaftLogWorker.java:execute(569)) - ee1ff1a7-a189-4b0e-b6a4-631626cf238a-SegmentedRaftLogWorker:Storage Directory /workdir/hadoop-ozone/integration-test/target/test-dir/MiniOzoneClusterImpl-b4e114d8-6e30-44e2-8e8d-493332923df2/datanode-0/data/ratis/972f458a-a4c0-4b84-bf3e-3f19163a3c89: created new log segment /workdir/hadoop-ozone/integration-test/target/test-dir/MiniOzoneClusterImpl-b4e114d8-6e30-44e2-8e8d-493332923df2/datanode-0/data/ratis/972f458a-a4c0-4b84-bf3e-3f19163a3c89/current/log_inprogress_0
2019-08-28 16:05:57,211 | INFO  | SCMAudit | user=jenkins1000 | ip=192.168.34.1 | op=SEND_HEARTBEAT {datanodeUUID=ee1ff1a7-a189-4b0e-b6a4-631626cf238a, command=[]} | ret=SUCCESS |  
2019-08-28 16:05:57,279 | INFO  | SCMAudit | user=jenkins1000 | ip=192.168.34.1 | op=SEND_HEARTBEAT {datanodeUUID=7db29abf-ad28-40bc-bad4-61ba07f001a1, command=[]} | ret=SUCCESS |  
2019-08-28 16:05:57,281 [Thread-3573] INFO  impl.FollowerState (FollowerState.java:run(106)) - efaffdcb-0ab5-48a3-a06a-abf9808d0da1:group-51844E3555F3 changes to CANDIDATE, lastRpcTime:5122, electionTimeout:5122ms
2019-08-28 16:05:57,281 [Thread-3573] INFO  impl.RoleInfo (RoleInfo.java:shutdownFollowerState(121)) - efaffdcb-0ab5-48a3-a06a-abf9808d0da1: shutdown FollowerState
2019-08-28 16:05:57,281 [Thread-3573] INFO  impl.RaftServerImpl (RaftServerImpl.java:setRole(171)) - efaffdcb-0ab5-48a3-a06a-abf9808d0da1:group-51844E3555F3 changes role from FOLLOWER to CANDIDATE at term 0 for changeToCandidate
2019-08-28 16:05:57,281 [Thread-3573] INFO  impl.RoleInfo (RoleInfo.java:updateAndGet(143)) - efaffdcb-0ab5-48a3-a06a-abf9808d0da1: start LeaderElection
2019-08-28 16:05:57,314 [efaffdcb-0ab5-48a3-a06a-abf9808d0da1:group-51844E3555F3:LeaderElection71] INFO  impl.LeaderElection (LeaderElection.java:askForVotes(181)) - efaffdcb-0ab5-48a3-a06a-abf9808d0da1:group-51844E3555F3:LeaderElection71: begin an election at term 1 for -1: [efaffdcb-0ab5-48a3-a06a-abf9808d0da1:192.168.34.1:38702], old=null
2019-08-28 16:05:57,314 [efaffdcb-0ab5-48a3-a06a-abf9808d0da1:group-51844E3555F3:LeaderElection71] INFO  impl.RoleInfo (RoleInfo.java:shutdownLeaderElection(134)) - efaffdcb-0ab5-48a3-a06a-abf9808d0da1: shutdown LeaderElection
2019-08-28 16:05:57,314 [efaffdcb-0ab5-48a3-a06a-abf9808d0da1:group-51844E3555F3:LeaderElection71] INFO  impl.RaftServerImpl (RaftServerImpl.java:setRole(171)) - efaffdcb-0ab5-48a3-a06a-abf9808d0da1:group-51844E3555F3 changes role from CANDIDATE to LEADER at term 1 for changeToLeader
2019-08-28 16:05:57,314 [efaffdcb-0ab5-48a3-a06a-abf9808d0da1:group-51844E3555F3:LeaderElection71] INFO  impl.RaftServerImpl (ServerState.java:setLeader(263)) - efaffdcb-0ab5-48a3-a06a-abf9808d0da1:group-51844E3555F3 change Leader from null to efaffdcb-0ab5-48a3-a06a-abf9808d0da1 at term 1 for becomeLeader, leader elected after 5160ms
2019-08-28 16:05:57,314 [efaffdcb-0ab5-48a3-a06a-abf9808d0da1:group-51844E3555F3:LeaderElection71] INFO  server.RaftServerConfigKeys (ConfUtils.java:logGet(43)) - raft.server.staging.catchup.gap = 1000 (default)
2019-08-28 16:05:57,315 [efaffdcb-0ab5-48a3-a06a-abf9808d0da1:group-51844E3555F3:LeaderElection71] INFO  server.RaftServerConfigKeys (ConfUtils.java:logGet(43)) - raft.server.rpc.sleep.time = 25ms (default)
2019-08-28 16:05:57,315 [efaffdcb-0ab5-48a3-a06a-abf9808d0da1:group-51844E3555F3:LeaderElection71] INFO  server.RaftServerConfigKeys (ConfUtils.java:logGet(43)) - raft.server.write.element-limit = 4096 (default)
2019-08-28 16:05:57,315 [efaffdcb-0ab5-48a3-a06a-abf9808d0da1:group-51844E3555F3:LeaderElection71] INFO  server.RaftServerConfigKeys (ConfUtils.java:logGet(43)) - raft.server.watch.timeout = 10s (default)
2019-08-28 16:05:57,315 [efaffdcb-0ab5-48a3-a06a-abf9808d0da1:group-51844E3555F3:LeaderElection71] INFO  server.RaftServerConfigKeys (ConfUtils.java:logGet(43)) - raft.server.watch.timeout.denomination = 1s (default)
2019-08-28 16:05:57,315 [efaffdcb-0ab5-48a3-a06a-abf9808d0da1:group-51844E3555F3:LeaderElection71] INFO  server.RaftServerConfigKeys (ConfUtils.java:logGet(43)) - raft.server.watch.element-limit = 65536 (default)
2019-08-28 16:05:57,315 [efaffdcb-0ab5-48a3-a06a-abf9808d0da1:group-51844E3555F3:LeaderElection71] INFO  impl.RoleInfo (RoleInfo.java:updateAndGet(143)) - efaffdcb-0ab5-48a3-a06a-abf9808d0da1: start LeaderState
2019-08-28 16:05:57,315 [efaffdcb-0ab5-48a3-a06a-abf9808d0da1:group-51844E3555F3:LeaderElection71] INFO  segmented.SegmentedRaftLogWorker (SegmentedRaftLogWorker.java:startLogSegment(380)) - efaffdcb-0ab5-48a3-a06a-abf9808d0da1-SegmentedRaftLogWorker:Storage Directory /workdir/hadoop-ozone/integration-test/target/test-dir/MiniOzoneClusterImpl-b4e114d8-6e30-44e2-8e8d-493332923df2/datanode-3/data/ratis/dcfc22b8-c3c8-4f07-a359-51844e3555f3: Starting segment from index:0
2019-08-28 16:05:57,316 [efaffdcb-0ab5-48a3-a06a-abf9808d0da1:group-51844E3555F3:LeaderElection71] INFO  impl.RaftServerImpl (ServerState.java:setRaftConf(361)) - efaffdcb-0ab5-48a3-a06a-abf9808d0da1:group-51844E3555F3 set configuration 0: [efaffdcb-0ab5-48a3-a06a-abf9808d0da1:192.168.34.1:38702], old=null at 0
2019-08-28 16:05:57,372 [efaffdcb-0ab5-48a3-a06a-abf9808d0da1-SegmentedRaftLogWorker:Storage Directory /workdir/hadoop-ozone/integration-test/target/test-dir/MiniOzoneClusterImpl-b4e114d8-6e30-44e2-8e8d-493332923df2/datanode-3/data/ratis/dcfc22b8-c3c8-4f07-a359-51844e3555f3] INFO  segmented.SegmentedRaftLogWorker (SegmentedRaftLogWorker.java:execute(569)) - efaffdcb-0ab5-48a3-a06a-abf9808d0da1-SegmentedRaftLogWorker:Storage Directory /workdir/hadoop-ozone/integration-test/target/test-dir/MiniOzoneClusterImpl-b4e114d8-6e30-44e2-8e8d-493332923df2/datanode-3/data/ratis/dcfc22b8-c3c8-4f07-a359-51844e3555f3: created new log segment /workdir/hadoop-ozone/integration-test/target/test-dir/MiniOzoneClusterImpl-b4e114d8-6e30-44e2-8e8d-493332923df2/datanode-3/data/ratis/dcfc22b8-c3c8-4f07-a359-51844e3555f3/current/log_inprogress_0
2019-08-28 16:05:57,446 | INFO  | SCMAudit | user=jenkins1000 | ip=192.168.34.1 | op=SEND_HEARTBEAT {datanodeUUID=d6f13b7d-b532-4c8e-b41b-ddacd18c9d79, command=[]} | ret=SUCCESS |  
2019-08-28 16:05:57,518 [Thread-3576] INFO  impl.FollowerState (FollowerState.java:run(106)) - 7db29abf-ad28-40bc-bad4-61ba07f001a1:group-83AB6193A7F6 changes to CANDIDATE, lastRpcTime:5191, electionTimeout:5191ms
2019-08-28 16:05:57,518 [Thread-3576] INFO  impl.RoleInfo (RoleInfo.java:shutdownFollowerState(121)) - 7db29abf-ad28-40bc-bad4-61ba07f001a1: shutdown FollowerState
2019-08-28 16:05:57,518 [Thread-3576] INFO  impl.RaftServerImpl (RaftServerImpl.java:setRole(171)) - 7db29abf-ad28-40bc-bad4-61ba07f001a1:group-83AB6193A7F6 changes role from FOLLOWER to CANDIDATE at term 0 for changeToCandidate
2019-08-28 16:05:57,519 [Thread-3576] INFO  impl.RoleInfo (RoleInfo.java:updateAndGet(143)) - 7db29abf-ad28-40bc-bad4-61ba07f001a1: start LeaderElection
2019-08-28 16:05:57,538 [7db29abf-ad28-40bc-bad4-61ba07f001a1:group-83AB6193A7F6:LeaderElection72] INFO  impl.LeaderElection (LeaderElection.java:askForVotes(181)) - 7db29abf-ad28-40bc-bad4-61ba07f001a1:group-83AB6193A7F6:LeaderElection72: begin an election at term 1 for -1: [7db29abf-ad28-40bc-bad4-61ba07f001a1:192.168.34.1:34407], old=null
2019-08-28 16:05:57,539 [7db29abf-ad28-40bc-bad4-61ba07f001a1:group-83AB6193A7F6:LeaderElection72] INFO  impl.RoleInfo (RoleInfo.java:shutdownLeaderElection(134)) - 7db29abf-ad28-40bc-bad4-61ba07f001a1: shutdown LeaderElection
2019-08-28 16:05:57,539 [7db29abf-ad28-40bc-bad4-61ba07f001a1:group-83AB6193A7F6:LeaderElection72] INFO  impl.RaftServerImpl (RaftServerImpl.java:setRole(171)) - 7db29abf-ad28-40bc-bad4-61ba07f001a1:group-83AB6193A7F6 changes role from CANDIDATE to LEADER at term 1 for changeToLeader
2019-08-28 16:05:57,539 [7db29abf-ad28-40bc-bad4-61ba07f001a1:group-83AB6193A7F6:LeaderElection72] INFO  impl.RaftServerImpl (ServerState.java:setLeader(263)) - 7db29abf-ad28-40bc-bad4-61ba07f001a1:group-83AB6193A7F6 change Leader from null to 7db29abf-ad28-40bc-bad4-61ba07f001a1 at term 1 for becomeLeader, leader elected after 5216ms
2019-08-28 16:05:57,539 [7db29abf-ad28-40bc-bad4-61ba07f001a1:group-83AB6193A7F6:LeaderElection72] INFO  server.RaftServerConfigKeys (ConfUtils.java:logGet(43)) - raft.server.staging.catchup.gap = 1000 (default)
2019-08-28 16:05:57,539 [7db29abf-ad28-40bc-bad4-61ba07f001a1:group-83AB6193A7F6:LeaderElection72] INFO  server.RaftServerConfigKeys (ConfUtils.java:logGet(43)) - raft.server.rpc.sleep.time = 25ms (default)
2019-08-28 16:05:57,539 [7db29abf-ad28-40bc-bad4-61ba07f001a1:group-83AB6193A7F6:LeaderElection72] INFO  server.RaftServerConfigKeys (ConfUtils.java:logGet(43)) - raft.server.write.element-limit = 4096 (default)
2019-08-28 16:05:57,539 [7db29abf-ad28-40bc-bad4-61ba07f001a1:group-83AB6193A7F6:LeaderElection72] INFO  server.RaftServerConfigKeys (ConfUtils.java:logGet(43)) - raft.server.watch.timeout = 10s (default)
2019-08-28 16:05:57,539 [7db29abf-ad28-40bc-bad4-61ba07f001a1:group-83AB6193A7F6:LeaderElection72] INFO  server.RaftServerConfigKeys (ConfUtils.java:logGet(43)) - raft.server.watch.timeout.denomination = 1s (default)
2019-08-28 16:05:57,540 [7db29abf-ad28-40bc-bad4-61ba07f001a1:group-83AB6193A7F6:LeaderElection72] INFO  server.RaftServerConfigKeys (ConfUtils.java:logGet(43)) - raft.server.watch.element-limit = 65536 (default)
2019-08-28 16:05:57,540 [7db29abf-ad28-40bc-bad4-61ba07f001a1:group-83AB6193A7F6:LeaderElection72] INFO  impl.RoleInfo (RoleInfo.java:updateAndGet(143)) - 7db29abf-ad28-40bc-bad4-61ba07f001a1: start LeaderState
2019-08-28 16:05:57,540 [7db29abf-ad28-40bc-bad4-61ba07f001a1:group-83AB6193A7F6:LeaderElection72] INFO  segmented.SegmentedRaftLogWorker (SegmentedRaftLogWorker.java:startLogSegment(380)) - 7db29abf-ad28-40bc-bad4-61ba07f001a1-SegmentedRaftLogWorker:Storage Directory /workdir/hadoop-ozone/integration-test/target/test-dir/MiniOzoneClusterImpl-b4e114d8-6e30-44e2-8e8d-493332923df2/datanode-4/data/ratis/0a1c8849-5875-447e-838c-83ab6193a7f6: Starting segment from index:0
2019-08-28 16:05:57,540 [7db29abf-ad28-40bc-bad4-61ba07f001a1:group-83AB6193A7F6:LeaderElection72] INFO  impl.RaftServerImpl (ServerState.java:setRaftConf(361)) - 7db29abf-ad28-40bc-bad4-61ba07f001a1:group-83AB6193A7F6 set configuration 0: [7db29abf-ad28-40bc-bad4-61ba07f001a1:192.168.34.1:34407], old=null at 0
2019-08-28 16:05:57,584 [7db29abf-ad28-40bc-bad4-61ba07f001a1-SegmentedRaftLogWorker:Storage Directory /workdir/hadoop-ozone/integration-test/target/test-dir/MiniOzoneClusterImpl-b4e114d8-6e30-44e2-8e8d-493332923df2/datanode-4/data/ratis/0a1c8849-5875-447e-838c-83ab6193a7f6] INFO  segmented.SegmentedRaftLogWorker (SegmentedRaftLogWorker.java:execute(569)) - 7db29abf-ad28-40bc-bad4-61ba07f001a1-SegmentedRaftLogWorker:Storage Directory /workdir/hadoop-ozone/integration-test/target/test-dir/MiniOzoneClusterImpl-b4e114d8-6e30-44e2-8e8d-493332923df2/datanode-4/data/ratis/0a1c8849-5875-447e-838c-83ab6193a7f6: created new log segment /workdir/hadoop-ozone/integration-test/target/test-dir/MiniOzoneClusterImpl-b4e114d8-6e30-44e2-8e8d-493332923df2/datanode-4/data/ratis/0a1c8849-5875-447e-838c-83ab6193a7f6/current/log_inprogress_0
2019-08-28 16:05:57,602 | INFO  | SCMAudit | user=jenkins1000 | ip=192.168.34.1 | op=SEND_HEARTBEAT {datanodeUUID=3cb7308a-f9d8-412c-b531-169dc3fab563, command=[]} | ret=SUCCESS |  
2019-08-28 16:05:57,640 [Thread-3587] INFO  impl.FollowerState (FollowerState.java:run(106)) - efaffdcb-0ab5-48a3-a06a-abf9808d0da1:group-5274F53B4300 changes to CANDIDATE, lastRpcTime:5076, electionTimeout:5076ms
2019-08-28 16:05:57,640 [Thread-3587] INFO  impl.RoleInfo (RoleInfo.java:shutdownFollowerState(121)) - efaffdcb-0ab5-48a3-a06a-abf9808d0da1: shutdown FollowerState
2019-08-28 16:05:57,640 [Thread-3587] INFO  impl.RaftServerImpl (RaftServerImpl.java:setRole(171)) - efaffdcb-0ab5-48a3-a06a-abf9808d0da1:group-5274F53B4300 changes role from FOLLOWER to CANDIDATE at term 0 for changeToCandidate
2019-08-28 16:05:57,640 [Thread-3587] INFO  impl.RoleInfo (RoleInfo.java:updateAndGet(143)) - efaffdcb-0ab5-48a3-a06a-abf9808d0da1: start LeaderElection
2019-08-28 16:05:57,644 [Thread-3579] INFO  impl.FollowerState (FollowerState.java:run(106)) - d6f13b7d-b532-4c8e-b41b-ddacd18c9d79:group-D3A356142DB5 changes to CANDIDATE, lastRpcTime:5143, electionTimeout:5142ms
2019-08-28 16:05:57,644 [Thread-3579] INFO  impl.RoleInfo (RoleInfo.java:shutdownFollowerState(121)) - d6f13b7d-b532-4c8e-b41b-ddacd18c9d79: shutdown FollowerState
2019-08-28 16:05:57,647 [Thread-3579] INFO  impl.RaftServerImpl (RaftServerImpl.java:setRole(171)) - d6f13b7d-b532-4c8e-b41b-ddacd18c9d79:group-D3A356142DB5 changes role from FOLLOWER to CANDIDATE at term 0 for changeToCandidate
2019-08-28 16:05:57,647 [Thread-3579] INFO  impl.RoleInfo (RoleInfo.java:updateAndGet(143)) - d6f13b7d-b532-4c8e-b41b-ddacd18c9d79: start LeaderElection
2019-08-28 16:05:57,664 [d6f13b7d-b532-4c8e-b41b-ddacd18c9d79:group-D3A356142DB5:LeaderElection74] INFO  impl.LeaderElection (LeaderElection.java:askForVotes(181)) - d6f13b7d-b532-4c8e-b41b-ddacd18c9d79:group-D3A356142DB5:LeaderElection74: begin an election at term 1 for -1: [d6f13b7d-b532-4c8e-b41b-ddacd18c9d79:192.168.34.1:32905], old=null
2019-08-28 16:05:57,664 [efaffdcb-0ab5-48a3-a06a-abf9808d0da1:group-5274F53B4300:LeaderElection73] INFO  impl.LeaderElection (LeaderElection.java:askForVotes(181)) - efaffdcb-0ab5-48a3-a06a-abf9808d0da1:group-5274F53B4300:LeaderElection73: begin an election at term 1 for -1: [d6f13b7d-b532-4c8e-b41b-ddacd18c9d79:192.168.34.1:32905, 7db29abf-ad28-40bc-bad4-61ba07f001a1:192.168.34.1:34407, efaffdcb-0ab5-48a3-a06a-abf9808d0da1:192.168.34.1:38702], old=null
2019-08-28 16:05:57,665 [d6f13b7d-b532-4c8e-b41b-ddacd18c9d79:group-D3A356142DB5:LeaderElection74] INFO  impl.RoleInfo (RoleInfo.java:shutdownLeaderElection(134)) - d6f13b7d-b532-4c8e-b41b-ddacd18c9d79: shutdown LeaderElection
2019-08-28 16:05:57,665 [d6f13b7d-b532-4c8e-b41b-ddacd18c9d79:group-D3A356142DB5:LeaderElection74] INFO  impl.RaftServerImpl (RaftServerImpl.java:setRole(171)) - d6f13b7d-b532-4c8e-b41b-ddacd18c9d79:group-D3A356142DB5 changes role from CANDIDATE to LEADER at term 1 for changeToLeader
2019-08-28 16:05:57,665 [d6f13b7d-b532-4c8e-b41b-ddacd18c9d79:group-D3A356142DB5:LeaderElection74] INFO  impl.RaftServerImpl (ServerState.java:setLeader(263)) - d6f13b7d-b532-4c8e-b41b-ddacd18c9d79:group-D3A356142DB5 change Leader from null to d6f13b7d-b532-4c8e-b41b-ddacd18c9d79 at term 1 for becomeLeader, leader elected after 5169ms
2019-08-28 16:05:57,665 [d6f13b7d-b532-4c8e-b41b-ddacd18c9d79:group-D3A356142DB5:LeaderElection74] INFO  server.RaftServerConfigKeys (ConfUtils.java:logGet(43)) - raft.server.staging.catchup.gap = 1000 (default)
2019-08-28 16:05:57,665 [d6f13b7d-b532-4c8e-b41b-ddacd18c9d79:group-D3A356142DB5:LeaderElection74] INFO  server.RaftServerConfigKeys (ConfUtils.java:logGet(43)) - raft.server.rpc.sleep.time = 25ms (default)
2019-08-28 16:05:57,666 [d6f13b7d-b532-4c8e-b41b-ddacd18c9d79:group-D3A356142DB5:LeaderElection74] INFO  server.RaftServerConfigKeys (ConfUtils.java:logGet(43)) - raft.server.write.element-limit = 4096 (default)
2019-08-28 16:05:57,666 [d6f13b7d-b532-4c8e-b41b-ddacd18c9d79:group-D3A356142DB5:LeaderElection74] INFO  server.RaftServerConfigKeys (ConfUtils.java:logGet(43)) - raft.server.watch.timeout = 10s (default)
2019-08-28 16:05:57,666 [d6f13b7d-b532-4c8e-b41b-ddacd18c9d79:group-D3A356142DB5:LeaderElection74] INFO  server.RaftServerConfigKeys (ConfUtils.java:logGet(43)) - raft.server.watch.timeout.denomination = 1s (default)
2019-08-28 16:05:57,666 [d6f13b7d-b532-4c8e-b41b-ddacd18c9d79:group-D3A356142DB5:LeaderElection74] INFO  server.RaftServerConfigKeys (ConfUtils.java:logGet(43)) - raft.server.watch.element-limit = 65536 (default)
2019-08-28 16:05:57,666 [d6f13b7d-b532-4c8e-b41b-ddacd18c9d79:group-D3A356142DB5:LeaderElection74] INFO  impl.RoleInfo (RoleInfo.java:updateAndGet(143)) - d6f13b7d-b532-4c8e-b41b-ddacd18c9d79: start LeaderState
2019-08-28 16:05:57,666 [d6f13b7d-b532-4c8e-b41b-ddacd18c9d79:group-D3A356142DB5:LeaderElection74] INFO  segmented.SegmentedRaftLogWorker (SegmentedRaftLogWorker.java:startLogSegment(380)) - d6f13b7d-b532-4c8e-b41b-ddacd18c9d79-SegmentedRaftLogWorker:Storage Directory /workdir/hadoop-ozone/integration-test/target/test-dir/MiniOzoneClusterImpl-b4e114d8-6e30-44e2-8e8d-493332923df2/datanode-5/data/ratis/356daac9-9a4d-4eec-acbb-d3a356142db5: Starting segment from index:0
2019-08-28 16:05:57,667 [d6f13b7d-b532-4c8e-b41b-ddacd18c9d79:group-D3A356142DB5:LeaderElection74] INFO  impl.RaftServerImpl (ServerState.java:setRaftConf(361)) - d6f13b7d-b532-4c8e-b41b-ddacd18c9d79:group-D3A356142DB5 set configuration 0: [d6f13b7d-b532-4c8e-b41b-ddacd18c9d79:192.168.34.1:32905], old=null at 0
2019-08-28 16:05:57,706 [Thread-3585] INFO  impl.FollowerState (FollowerState.java:run(106)) - d6f13b7d-b532-4c8e-b41b-ddacd18c9d79:group-5274F53B4300 changes to CANDIDATE, lastRpcTime:5146, electionTimeout:5109ms
2019-08-28 16:05:57,706 [Thread-3585] INFO  impl.RoleInfo (RoleInfo.java:shutdownFollowerState(121)) - d6f13b7d-b532-4c8e-b41b-ddacd18c9d79: shutdown FollowerState
2019-08-28 16:05:57,707 [Thread-3585] INFO  impl.RaftServerImpl (RaftServerImpl.java:setRole(171)) - d6f13b7d-b532-4c8e-b41b-ddacd18c9d79:group-5274F53B4300 changes role from FOLLOWER to CANDIDATE at term 0 for changeToCandidate
2019-08-28 16:05:57,707 [Thread-3582] INFO  impl.FollowerState (FollowerState.java:run(106)) - 7db29abf-ad28-40bc-bad4-61ba07f001a1:group-5274F53B4300 changes to CANDIDATE, lastRpcTime:5148, electionTimeout:5112ms
2019-08-28 16:05:57,707 [Thread-3585] INFO  impl.RoleInfo (RoleInfo.java:updateAndGet(143)) - d6f13b7d-b532-4c8e-b41b-ddacd18c9d79: start LeaderElection
2019-08-28 16:05:57,707 [Thread-3582] INFO  impl.RoleInfo (RoleInfo.java:shutdownFollowerState(121)) - 7db29abf-ad28-40bc-bad4-61ba07f001a1: shutdown FollowerState
2019-08-28 16:05:57,707 [Thread-3582] INFO  impl.RaftServerImpl (RaftServerImpl.java:setRole(171)) - 7db29abf-ad28-40bc-bad4-61ba07f001a1:group-5274F53B4300 changes role from FOLLOWER to CANDIDATE at term 0 for changeToCandidate
2019-08-28 16:05:57,713 [Thread-3582] INFO  impl.RoleInfo (RoleInfo.java:updateAndGet(143)) - 7db29abf-ad28-40bc-bad4-61ba07f001a1: start LeaderElection
2019-08-28 16:05:57,719 [d6f13b7d-b532-4c8e-b41b-ddacd18c9d79-SegmentedRaftLogWorker:Storage Directory /workdir/hadoop-ozone/integration-test/target/test-dir/MiniOzoneClusterImpl-b4e114d8-6e30-44e2-8e8d-493332923df2/datanode-5/data/ratis/356daac9-9a4d-4eec-acbb-d3a356142db5] INFO  segmented.SegmentedRaftLogWorker (SegmentedRaftLogWorker.java:execute(569)) - d6f13b7d-b532-4c8e-b41b-ddacd18c9d79-SegmentedRaftLogWorker:Storage Directory /workdir/hadoop-ozone/integration-test/target/test-dir/MiniOzoneClusterImpl-b4e114d8-6e30-44e2-8e8d-493332923df2/datanode-5/data/ratis/356daac9-9a4d-4eec-acbb-d3a356142db5: created new log segment /workdir/hadoop-ozone/integration-test/target/test-dir/MiniOzoneClusterImpl-b4e114d8-6e30-44e2-8e8d-493332923df2/datanode-5/data/ratis/356daac9-9a4d-4eec-acbb-d3a356142db5/current/log_inprogress_0
2019-08-28 16:05:57,722 [d6f13b7d-b532-4c8e-b41b-ddacd18c9d79:group-5274F53B4300:LeaderElection75] INFO  impl.LeaderElection (LeaderElection.java:askForVotes(181)) - d6f13b7d-b532-4c8e-b41b-ddacd18c9d79:group-5274F53B4300:LeaderElection75: begin an election at term 1 for -1: [d6f13b7d-b532-4c8e-b41b-ddacd18c9d79:192.168.34.1:32905, 7db29abf-ad28-40bc-bad4-61ba07f001a1:192.168.34.1:34407, efaffdcb-0ab5-48a3-a06a-abf9808d0da1:192.168.34.1:38702], old=null
2019-08-28 16:05:57,724 [7db29abf-ad28-40bc-bad4-61ba07f001a1:group-5274F53B4300:LeaderElection76] INFO  impl.LeaderElection (LeaderElection.java:askForVotes(181)) - 7db29abf-ad28-40bc-bad4-61ba07f001a1:group-5274F53B4300:LeaderElection76: begin an election at term 1 for -1: [d6f13b7d-b532-4c8e-b41b-ddacd18c9d79:192.168.34.1:32905, 7db29abf-ad28-40bc-bad4-61ba07f001a1:192.168.34.1:34407, efaffdcb-0ab5-48a3-a06a-abf9808d0da1:192.168.34.1:38702], old=null
2019-08-28 16:05:57,738 [efaffdcb-0ab5-48a3-a06a-abf9808d0da1:group-5274F53B4300:LeaderElection73] INFO  impl.LeaderElection (LeaderElection.java:logAndReturn(56)) - efaffdcb-0ab5-48a3-a06a-abf9808d0da1:group-5274F53B4300:LeaderElection73: Election REJECTED; received 2 response(s) [efaffdcb-0ab5-48a3-a06a-abf9808d0da1<-d6f13b7d-b532-4c8e-b41b-ddacd18c9d79#0:FAIL-t1, efaffdcb-0ab5-48a3-a06a-abf9808d0da1<-7db29abf-ad28-40bc-bad4-61ba07f001a1#0:FAIL-t1] and 0 exception(s); efaffdcb-0ab5-48a3-a06a-abf9808d0da1:t1, leader=null, voted=efaffdcb-0ab5-48a3-a06a-abf9808d0da1, raftlog=efaffdcb-0ab5-48a3-a06a-abf9808d0da1-SegmentedRaftLog:OPENED:c-1,f-1,i0, conf=-1: [d6f13b7d-b532-4c8e-b41b-ddacd18c9d79:192.168.34.1:32905, 7db29abf-ad28-40bc-bad4-61ba07f001a1:192.168.34.1:34407, efaffdcb-0ab5-48a3-a06a-abf9808d0da1:192.168.34.1:38702], old=null
2019-08-28 16:05:57,738 [efaffdcb-0ab5-48a3-a06a-abf9808d0da1:group-5274F53B4300:LeaderElection73] INFO  impl.RaftServerImpl (RaftServerImpl.java:setRole(171)) - efaffdcb-0ab5-48a3-a06a-abf9808d0da1:group-5274F53B4300 changes role from CANDIDATE to FOLLOWER at term 1 for DISCOVERED_A_NEW_TERM
2019-08-28 16:05:57,738 [efaffdcb-0ab5-48a3-a06a-abf9808d0da1:group-5274F53B4300:LeaderElection73] INFO  impl.RoleInfo (RoleInfo.java:shutdownLeaderElection(134)) - efaffdcb-0ab5-48a3-a06a-abf9808d0da1: shutdown LeaderElection
2019-08-28 16:05:57,738 | INFO  | SCMAudit | user=jenkins1000 | ip=192.168.34.1 | op=SEND_HEARTBEAT {datanodeUUID=e84d1ee1-da1d-4c14-8806-6ad12653b5a4, command=[]} | ret=SUCCESS |  
2019-08-28 16:05:57,738 [efaffdcb-0ab5-48a3-a06a-abf9808d0da1:group-5274F53B4300:LeaderElection73] INFO  impl.RoleInfo (RoleInfo.java:updateAndGet(143)) - efaffdcb-0ab5-48a3-a06a-abf9808d0da1: start FollowerState
2019-08-28 16:05:57,755 [7db29abf-ad28-40bc-bad4-61ba07f001a1:group-5274F53B4300:LeaderElection76] INFO  impl.LeaderElection (LeaderElection.java:logAndReturn(56)) - 7db29abf-ad28-40bc-bad4-61ba07f001a1:group-5274F53B4300:LeaderElection76: Election REJECTED; received 2 response(s) [7db29abf-ad28-40bc-bad4-61ba07f001a1<-d6f13b7d-b532-4c8e-b41b-ddacd18c9d79#0:FAIL-t1, 7db29abf-ad28-40bc-bad4-61ba07f001a1<-efaffdcb-0ab5-48a3-a06a-abf9808d0da1#0:FAIL-t1] and 0 exception(s); 7db29abf-ad28-40bc-bad4-61ba07f001a1:t1, leader=null, voted=7db29abf-ad28-40bc-bad4-61ba07f001a1, raftlog=7db29abf-ad28-40bc-bad4-61ba07f001a1-SegmentedRaftLog:OPENED:c-1,f-1,i0, conf=-1: [d6f13b7d-b532-4c8e-b41b-ddacd18c9d79:192.168.34.1:32905, 7db29abf-ad28-40bc-bad4-61ba07f001a1:192.168.34.1:34407, efaffdcb-0ab5-48a3-a06a-abf9808d0da1:192.168.34.1:38702], old=null
2019-08-28 16:05:57,755 [d6f13b7d-b532-4c8e-b41b-ddacd18c9d79:group-5274F53B4300:LeaderElection75] INFO  impl.LeaderElection (LeaderElection.java:logAndReturn(56)) - d6f13b7d-b532-4c8e-b41b-ddacd18c9d79:group-5274F53B4300:LeaderElection75: Election REJECTED; received 2 response(s) [d6f13b7d-b532-4c8e-b41b-ddacd18c9d79<-7db29abf-ad28-40bc-bad4-61ba07f001a1#0:FAIL-t1, d6f13b7d-b532-4c8e-b41b-ddacd18c9d79<-efaffdcb-0ab5-48a3-a06a-abf9808d0da1#0:FAIL-t1] and 0 exception(s); d6f13b7d-b532-4c8e-b41b-ddacd18c9d79:t1, leader=null, voted=d6f13b7d-b532-4c8e-b41b-ddacd18c9d79, raftlog=d6f13b7d-b532-4c8e-b41b-ddacd18c9d79-SegmentedRaftLog:OPENED:c-1,f-1,i0, conf=-1: [d6f13b7d-b532-4c8e-b41b-ddacd18c9d79:192.168.34.1:32905, 7db29abf-ad28-40bc-bad4-61ba07f001a1:192.168.34.1:34407, efaffdcb-0ab5-48a3-a06a-abf9808d0da1:192.168.34.1:38702], old=null
2019-08-28 16:05:57,755 [d6f13b7d-b532-4c8e-b41b-ddacd18c9d79:group-5274F53B4300:LeaderElection75] INFO  impl.RaftServerImpl (RaftServerImpl.java:setRole(171)) - d6f13b7d-b532-4c8e-b41b-ddacd18c9d79:group-5274F53B4300 changes role from CANDIDATE to FOLLOWER at term 1 for DISCOVERED_A_NEW_TERM
2019-08-28 16:05:57,755 [7db29abf-ad28-40bc-bad4-61ba07f001a1:group-5274F53B4300:LeaderElection76] INFO  impl.RaftServerImpl (RaftServerImpl.java:setRole(171)) - 7db29abf-ad28-40bc-bad4-61ba07f001a1:group-5274F53B4300 changes role from CANDIDATE to FOLLOWER at term 1 for DISCOVERED_A_NEW_TERM
2019-08-28 16:05:57,755 [d6f13b7d-b532-4c8e-b41b-ddacd18c9d79:group-5274F53B4300:LeaderElection75] INFO  impl.RoleInfo (RoleInfo.java:shutdownLeaderElection(134)) - d6f13b7d-b532-4c8e-b41b-ddacd18c9d79: shutdown LeaderElection
2019-08-28 16:05:57,755 [7db29abf-ad28-40bc-bad4-61ba07f001a1:group-5274F53B4300:LeaderElection76] INFO  impl.RoleInfo (RoleInfo.java:shutdownLeaderElection(134)) - 7db29abf-ad28-40bc-bad4-61ba07f001a1: shutdown LeaderElection
2019-08-28 16:05:57,755 [d6f13b7d-b532-4c8e-b41b-ddacd18c9d79:group-5274F53B4300:LeaderElection75] INFO  impl.RoleInfo (RoleInfo.java:updateAndGet(143)) - d6f13b7d-b532-4c8e-b41b-ddacd18c9d79: start FollowerState
2019-08-28 16:05:57,755 [7db29abf-ad28-40bc-bad4-61ba07f001a1:group-5274F53B4300:LeaderElection76] INFO  impl.RoleInfo (RoleInfo.java:updateAndGet(143)) - 7db29abf-ad28-40bc-bad4-61ba07f001a1: start FollowerState
2019-08-28 16:05:57,787 [Thread-3591] INFO  impl.FollowerState (FollowerState.java:run(106)) - 3cb7308a-f9d8-412c-b531-169dc3fab563:group-BD3ADAF5FBC8 changes to CANDIDATE, lastRpcTime:5145, electionTimeout:5145ms
2019-08-28 16:05:57,787 [Thread-3591] INFO  impl.RoleInfo (RoleInfo.java:shutdownFollowerState(121)) - 3cb7308a-f9d8-412c-b531-169dc3fab563: shutdown FollowerState
2019-08-28 16:05:57,787 [Thread-3591] INFO  impl.RaftServerImpl (RaftServerImpl.java:setRole(171)) - 3cb7308a-f9d8-412c-b531-169dc3fab563:group-BD3ADAF5FBC8 changes role from FOLLOWER to CANDIDATE at term 0 for changeToCandidate
2019-08-28 16:05:57,787 [Thread-3591] INFO  impl.RoleInfo (RoleInfo.java:updateAndGet(143)) - 3cb7308a-f9d8-412c-b531-169dc3fab563: start LeaderElection
2019-08-28 16:05:57,808 [3cb7308a-f9d8-412c-b531-169dc3fab563:group-BD3ADAF5FBC8:LeaderElection77] INFO  impl.LeaderElection (LeaderElection.java:askForVotes(181)) - 3cb7308a-f9d8-412c-b531-169dc3fab563:group-BD3ADAF5FBC8:LeaderElection77: begin an election at term 1 for -1: [3cb7308a-f9d8-412c-b531-169dc3fab563:192.168.34.1:33773], old=null
2019-08-28 16:05:57,809 [3cb7308a-f9d8-412c-b531-169dc3fab563:group-BD3ADAF5FBC8:LeaderElection77] INFO  impl.RoleInfo (RoleInfo.java:shutdownLeaderElection(134)) - 3cb7308a-f9d8-412c-b531-169dc3fab563: shutdown LeaderElection
2019-08-28 16:05:57,809 [3cb7308a-f9d8-412c-b531-169dc3fab563:group-BD3ADAF5FBC8:LeaderElection77] INFO  impl.RaftServerImpl (RaftServerImpl.java:setRole(171)) - 3cb7308a-f9d8-412c-b531-169dc3fab563:group-BD3ADAF5FBC8 changes role from CANDIDATE to LEADER at term 1 for changeToLeader
2019-08-28 16:05:57,809 [3cb7308a-f9d8-412c-b531-169dc3fab563:group-BD3ADAF5FBC8:LeaderElection77] INFO  impl.RaftServerImpl (ServerState.java:setLeader(263)) - 3cb7308a-f9d8-412c-b531-169dc3fab563:group-BD3ADAF5FBC8 change Leader from null to 3cb7308a-f9d8-412c-b531-169dc3fab563 at term 1 for becomeLeader, leader elected after 5170ms
2019-08-28 16:05:57,809 [3cb7308a-f9d8-412c-b531-169dc3fab563:group-BD3ADAF5FBC8:LeaderElection77] INFO  server.RaftServerConfigKeys (ConfUtils.java:logGet(43)) - raft.server.staging.catchup.gap = 1000 (default)
2019-08-28 16:05:57,809 [3cb7308a-f9d8-412c-b531-169dc3fab563:group-BD3ADAF5FBC8:LeaderElection77] INFO  server.RaftServerConfigKeys (ConfUtils.java:logGet(43)) - raft.server.rpc.sleep.time = 25ms (default)
2019-08-28 16:05:57,809 [3cb7308a-f9d8-412c-b531-169dc3fab563:group-BD3ADAF5FBC8:LeaderElection77] INFO  server.RaftServerConfigKeys (ConfUtils.java:logGet(43)) - raft.server.write.element-limit = 4096 (default)
2019-08-28 16:05:57,809 [3cb7308a-f9d8-412c-b531-169dc3fab563:group-BD3ADAF5FBC8:LeaderElection77] INFO  server.RaftServerConfigKeys (ConfUtils.java:logGet(43)) - raft.server.watch.timeout = 10s (default)
2019-08-28 16:05:57,810 [3cb7308a-f9d8-412c-b531-169dc3fab563:group-BD3ADAF5FBC8:LeaderElection77] INFO  server.RaftServerConfigKeys (ConfUtils.java:logGet(43)) - raft.server.watch.timeout.denomination = 1s (default)
2019-08-28 16:05:57,810 [3cb7308a-f9d8-412c-b531-169dc3fab563:group-BD3ADAF5FBC8:LeaderElection77] INFO  server.RaftServerConfigKeys (ConfUtils.java:logGet(43)) - raft.server.watch.element-limit = 65536 (default)
2019-08-28 16:05:57,810 [3cb7308a-f9d8-412c-b531-169dc3fab563:group-BD3ADAF5FBC8:LeaderElection77] INFO  impl.RoleInfo (RoleInfo.java:updateAndGet(143)) - 3cb7308a-f9d8-412c-b531-169dc3fab563: start LeaderState
2019-08-28 16:05:57,810 [3cb7308a-f9d8-412c-b531-169dc3fab563:group-BD3ADAF5FBC8:LeaderElection77] INFO  segmented.SegmentedRaftLogWorker (SegmentedRaftLogWorker.java:startLogSegment(380)) - 3cb7308a-f9d8-412c-b531-169dc3fab563-SegmentedRaftLogWorker:Storage Directory /workdir/hadoop-ozone/integration-test/target/test-dir/MiniOzoneClusterImpl-b4e114d8-6e30-44e2-8e8d-493332923df2/datanode-6/data/ratis/059ba448-591e-481b-8594-bd3adaf5fbc8: Starting segment from index:0
2019-08-28 16:05:57,811 [3cb7308a-f9d8-412c-b531-169dc3fab563:group-BD3ADAF5FBC8:LeaderElection77] INFO  impl.RaftServerImpl (ServerState.java:setRaftConf(361)) - 3cb7308a-f9d8-412c-b531-169dc3fab563:group-BD3ADAF5FBC8 set configuration 0: [3cb7308a-f9d8-412c-b531-169dc3fab563:192.168.34.1:33773], old=null at 0
2019-08-28 16:05:57,863 [3cb7308a-f9d8-412c-b531-169dc3fab563-SegmentedRaftLogWorker:Storage Directory /workdir/hadoop-ozone/integration-test/target/test-dir/MiniOzoneClusterImpl-b4e114d8-6e30-44e2-8e8d-493332923df2/datanode-6/data/ratis/059ba448-591e-481b-8594-bd3adaf5fbc8] INFO  segmented.SegmentedRaftLogWorker (SegmentedRaftLogWorker.java:execute(569)) - 3cb7308a-f9d8-412c-b531-169dc3fab563-SegmentedRaftLogWorker:Storage Directory /workdir/hadoop-ozone/integration-test/target/test-dir/MiniOzoneClusterImpl-b4e114d8-6e30-44e2-8e8d-493332923df2/datanode-6/data/ratis/059ba448-591e-481b-8594-bd3adaf5fbc8: created new log segment /workdir/hadoop-ozone/integration-test/target/test-dir/MiniOzoneClusterImpl-b4e114d8-6e30-44e2-8e8d-493332923df2/datanode-6/data/ratis/059ba448-591e-481b-8594-bd3adaf5fbc8/current/log_inprogress_0
2019-08-28 16:05:57,869 | INFO  | DNAudit | user=null | ip=null | op=WRITE_CHUNK {blockData=conID: 1 locID: 102695459465986062 bcsId: 0} | ret=SUCCESS |  
2019-08-28 16:05:57,869 | INFO  | DNAudit | user=null | ip=null | op=WRITE_CHUNK {blockData=conID: 1 locID: 102695459465986062 bcsId: 0} | ret=SUCCESS |  
2019-08-28 16:05:57,869 | INFO  | DNAudit | user=null | ip=null | op=WRITE_CHUNK {blockData=conID: 1 locID: 102695459465986062 bcsId: 0} | ret=SUCCESS |  
2019-08-28 16:05:57,870 | INFO  | SCMAudit | user=jenkins1000 | ip=192.168.34.1 | op=SEND_HEARTBEAT {datanodeUUID=ee1ff1a7-a189-4b0e-b6a4-631626cf238a, command=[]} | ret=SUCCESS |  
2019-08-28 16:05:57,870 | INFO  | SCMAudit | user=jenkins1000 | ip=192.168.34.1 | op=SEND_HEARTBEAT {datanodeUUID=e84d1ee1-da1d-4c14-8806-6ad12653b5a4, command=[]} | ret=SUCCESS |  
2019-08-28 16:05:57,870 | INFO  | SCMAudit | user=jenkins1000 | ip=192.168.34.1 | op=SEND_HEARTBEAT {datanodeUUID=8bee0910-3428-4843-b403-19ca72997025, command=[]} | ret=SUCCESS |  
2019-08-28 16:05:57,882 | INFO  | DNAudit | user=null | ip=null | op=WRITE_CHUNK {blockData=conID: 1 locID: 102695459465986062 bcsId: 0} | ret=SUCCESS |  
2019-08-28 16:05:57,888 [grpc-default-executor-5] INFO  client.GrpcClientProtocolClient (GrpcClientProtocolClient.java:onNext(255)) - client-614B6F5F84E8->8bee0910-3428-4843-b403-19ca72997025: receive RaftClientReply:client-614B6F5F84E8->8bee0910-3428-4843-b403-19ca72997025@group-3F19163A3C89, cid=176, SUCCESS, logIndex=1, commits[8bee0910-3428-4843-b403-19ca72997025:c1, ee1ff1a7-a189-4b0e-b6a4-631626cf238a:c0, e84d1ee1-da1d-4c14-8806-6ad12653b5a4:c0]
2019-08-28 16:05:57,893 | INFO  | DNAudit | user=null | ip=null | op=WRITE_CHUNK {blockData=conID: 1 locID: 102695459465986062 bcsId: 0} | ret=SUCCESS |  
2019-08-28 16:05:57,894 | INFO  | DNAudit | user=null | ip=null | op=WRITE_CHUNK {blockData=conID: 1 locID: 102695459465986062 bcsId: 0} | ret=SUCCESS |  
2019-08-28 16:05:57,894 | INFO  | DNAudit | user=null | ip=null | op=WRITE_CHUNK {blockData=conID: 1 locID: 102695459465986062 bcsId: 0} | ret=SUCCESS |  
2019-08-28 16:05:57,894 | INFO  | DNAudit | user=null | ip=null | op=WRITE_CHUNK {blockData=conID: 1 locID: 102695459465986062 bcsId: 0} | ret=SUCCESS |  
2019-08-28 16:05:57,895 | INFO  | DNAudit | user=null | ip=null | op=WRITE_CHUNK {blockData=conID: 1 locID: 102695459465986062 bcsId: 0} | ret=SUCCESS |  
2019-08-28 16:05:57,895 | INFO  | DNAudit | user=null | ip=null | op=WRITE_CHUNK {blockData=conID: 1 locID: 102695459465986062 bcsId: 0} | ret=SUCCESS |  
2019-08-28 16:05:57,896 | INFO  | DNAudit | user=null | ip=null | op=WRITE_CHUNK {blockData=conID: 1 locID: 102695459465986062 bcsId: 0} | ret=SUCCESS |  
2019-08-28 16:05:57,896 | INFO  | DNAudit | user=null | ip=null | op=WRITE_CHUNK {blockData=conID: 1 locID: 102695459465986062 bcsId: 0} | ret=SUCCESS |  
2019-08-28 16:05:57,896 | INFO  | DNAudit | user=null | ip=null | op=WRITE_CHUNK {blockData=conID: 1 locID: 102695459465986062 bcsId: 0} | ret=SUCCESS |  
2019-08-28 16:05:57,898 | INFO  | DNAudit | user=null | ip=null | op=WRITE_CHUNK {blockData=conID: 1 locID: 102695459465986062 bcsId: 0} | ret=SUCCESS |  
2019-08-28 16:05:57,898 | INFO  | DNAudit | user=null | ip=null | op=WRITE_CHUNK {blockData=conID: 1 locID: 102695459465986062 bcsId: 0} | ret=SUCCESS |  
2019-08-28 16:05:57,899 | INFO  | DNAudit | user=null | ip=null | op=WRITE_CHUNK {blockData=conID: 1 locID: 102695459465986062 bcsId: 0} | ret=SUCCESS |  
2019-08-28 16:05:57,905 [grpc-default-executor-3] INFO  client.GrpcClientProtocolClient (GrpcClientProtocolClient.java:onNext(255)) - client-614B6F5F84E8->8bee0910-3428-4843-b403-19ca72997025: receive RaftClientReply:client-614B6F5F84E8->8bee0910-3428-4843-b403-19ca72997025@group-3F19163A3C89, cid=177, SUCCESS, logIndex=3, commits[8bee0910-3428-4843-b403-19ca72997025:c4, ee1ff1a7-a189-4b0e-b6a4-631626cf238a:c1, e84d1ee1-da1d-4c14-8806-6ad12653b5a4:c1]
2019-08-28 16:05:57,913 | INFO  | DNAudit | user=null | ip=null | op=WRITE_CHUNK {blockData=conID: 1 locID: 102695459465986062 bcsId: 0} | ret=SUCCESS |  
2019-08-28 16:05:57,915 | INFO  | DNAudit | user=null | ip=null | op=WRITE_CHUNK {blockData=conID: 1 locID: 102695459465986062 bcsId: 0} | ret=SUCCESS |  
2019-08-28 16:05:57,956 | INFO  | DNAudit | user=null | ip=null | op=PUT_BLOCK {blockData=[blockId=conID: 1 locID: 102695459465986062 bcsId: 0,size=200]} | ret=SUCCESS |  
2019-08-28 16:05:57,957 | INFO  | DNAudit | user=null | ip=null | op=WRITE_CHUNK {blockData=conID: 1 locID: 102695459465986062 bcsId: 0} | ret=SUCCESS |  
2019-08-28 16:05:57,957 [grpc-default-executor-6] INFO  client.GrpcClientProtocolClient (GrpcClientProtocolClient.java:onNext(255)) - client-614B6F5F84E8->8bee0910-3428-4843-b403-19ca72997025: receive RaftClientReply:client-614B6F5F84E8->8bee0910-3428-4843-b403-19ca72997025@group-3F19163A3C89, cid=178, SUCCESS, logIndex=4, commits[8bee0910-3428-4843-b403-19ca72997025:c12, ee1ff1a7-a189-4b0e-b6a4-631626cf238a:c9, e84d1ee1-da1d-4c14-8806-6ad12653b5a4:c9]
2019-08-28 16:05:57,957 | INFO  | DNAudit | user=null | ip=null | op=WRITE_CHUNK {blockData=conID: 1 locID: 102695459465986062 bcsId: 0} | ret=SUCCESS |  
2019-08-28 16:05:57,958 [grpc-default-executor-6] INFO  client.GrpcClientProtocolClient (GrpcClientProtocolClient.java:onNext(255)) - client-614B6F5F84E8->8bee0910-3428-4843-b403-19ca72997025: receive RaftClientReply:client-614B6F5F84E8->8bee0910-3428-4843-b403-19ca72997025@group-3F19163A3C89, cid=179, SUCCESS, logIndex=5, commits[8bee0910-3428-4843-b403-19ca72997025:c12, ee1ff1a7-a189-4b0e-b6a4-631626cf238a:c9, e84d1ee1-da1d-4c14-8806-6ad12653b5a4:c9]
2019-08-28 16:05:57,961 [grpc-default-executor-6] INFO  client.GrpcClientProtocolClient (GrpcClientProtocolClient.java:onNext(255)) - client-614B6F5F84E8->8bee0910-3428-4843-b403-19ca72997025: receive RaftClientReply:client-614B6F5F84E8->8bee0910-3428-4843-b403-19ca72997025@group-3F19163A3C89, cid=180, SUCCESS, logIndex=6, commits[8bee0910-3428-4843-b403-19ca72997025:c12, ee1ff1a7-a189-4b0e-b6a4-631626cf238a:c9, e84d1ee1-da1d-4c14-8806-6ad12653b5a4:c9]
2019-08-28 16:05:58,000 | INFO  | DNAudit | user=null | ip=null | op=PUT_BLOCK {blockData=[blockId=conID: 1 locID: 102695459465986062 bcsId: 0,size=200]} | ret=SUCCESS |  
2019-08-28 16:05:58,000 | INFO  | DNAudit | user=null | ip=null | op=WRITE_CHUNK {blockData=conID: 1 locID: 102695459465986062 bcsId: 0} | ret=SUCCESS |  
2019-08-28 16:05:58,000 | INFO  | DNAudit | user=null | ip=null | op=WRITE_CHUNK {blockData=conID: 1 locID: 102695459465986062 bcsId: 0} | ret=SUCCESS |  
2019-08-28 16:05:58,044 | INFO  | DNAudit | user=null | ip=null | op=PUT_BLOCK {blockData=[blockId=conID: 1 locID: 102695459465986062 bcsId: 0,size=200]} | ret=SUCCESS |  
2019-08-28 16:05:58,044 | INFO  | DNAudit | user=null | ip=null | op=PUT_BLOCK {blockData=[blockId=conID: 1 locID: 102695459465986062 bcsId: 0,size=400]} | ret=SUCCESS |  
2019-08-28 16:05:58,044 | INFO  | DNAudit | user=null | ip=null | op=PUT_BLOCK {blockData=[blockId=conID: 1 locID: 102695459465986062 bcsId: 0,size=400]} | ret=SUCCESS |  
2019-08-28 16:05:58,044 | INFO  | DNAudit | user=null | ip=null | op=WRITE_CHUNK {blockData=conID: 1 locID: 102695459465986062 bcsId: 0} | ret=SUCCESS |  
2019-08-28 16:05:58,045 | INFO  | DNAudit | user=null | ip=null | op=WRITE_CHUNK {blockData=conID: 1 locID: 102695459465986062 bcsId: 0} | ret=SUCCESS |  
2019-08-28 16:05:58,045 [grpc-default-executor-6] INFO  client.GrpcClientProtocolClient (GrpcClientProtocolClient.java:onNext(255)) - client-614B6F5F84E8->8bee0910-3428-4843-b403-19ca72997025: receive RaftClientReply:client-614B6F5F84E8->8bee0910-3428-4843-b403-19ca72997025@group-3F19163A3C89, cid=181, SUCCESS, logIndex=8, commits[8bee0910-3428-4843-b403-19ca72997025:c12, ee1ff1a7-a189-4b0e-b6a4-631626cf238a:c9, e84d1ee1-da1d-4c14-8806-6ad12653b5a4:c9]
2019-08-28 16:05:58,046 | INFO  | DNAudit | user=null | ip=null | op=PUT_BLOCK {blockData=[blockId=conID: 1 locID: 102695459465986062 bcsId: 0,size=400]} | ret=SUCCESS |  
2019-08-28 16:05:58,048 | INFO  | DNAudit | user=null | ip=null | op=WRITE_CHUNK {blockData=conID: 1 locID: 102695459465986062 bcsId: 8} | ret=SUCCESS |  
2019-08-28 16:05:58,050 | INFO  | DNAudit | user=null | ip=null | op=WRITE_CHUNK {blockData=conID: 1 locID: 102695459465986062 bcsId: 8} | ret=SUCCESS |  
2019-08-28 16:05:58,051 | INFO  | DNAudit | user=null | ip=null | op=WRITE_CHUNK {blockData=conID: 1 locID: 102695459465986062 bcsId: 8} | ret=SUCCESS |  
2019-08-28 16:05:58,065 | INFO  | DNAudit | user=null | ip=null | op=WRITE_CHUNK {blockData=conID: 1 locID: 102695459465986062 bcsId: 8} | ret=SUCCESS |  
2019-08-28 16:05:58,069 | INFO  | DNAudit | user=null | ip=null | op=PUT_BLOCK {blockData=[blockId=conID: 1 locID: 102695459465986062 bcsId: 0,size=450]} | ret=SUCCESS |  
2019-08-28 16:05:58,070 [grpc-default-executor-4] INFO  client.GrpcClientProtocolClient (GrpcClientProtocolClient.java:onNext(255)) - client-614B6F5F84E8->8bee0910-3428-4843-b403-19ca72997025: receive RaftClientReply:client-614B6F5F84E8->8bee0910-3428-4843-b403-19ca72997025@group-3F19163A3C89, cid=182, SUCCESS, logIndex=13, commits[8bee0910-3428-4843-b403-19ca72997025:c14, ee1ff1a7-a189-4b0e-b6a4-631626cf238a:c12, e84d1ee1-da1d-4c14-8806-6ad12653b5a4:c12]
2019-08-28 16:05:58,071 [grpc-default-executor-4] INFO  client.GrpcClientProtocolClient (GrpcClientProtocolClient.java:onNext(255)) - client-614B6F5F84E8->8bee0910-3428-4843-b403-19ca72997025: receive RaftClientReply:client-614B6F5F84E8->8bee0910-3428-4843-b403-19ca72997025@group-3F19163A3C89, cid=183, SUCCESS, logIndex=14, commits[8bee0910-3428-4843-b403-19ca72997025:c14, ee1ff1a7-a189-4b0e-b6a4-631626cf238a:c12, e84d1ee1-da1d-4c14-8806-6ad12653b5a4:c12]
2019-08-28 16:05:58,082 | INFO  | DNAudit | user=null | ip=null | op=WRITE_CHUNK {blockData=conID: 1 locID: 102695459465986062 bcsId: 8} | ret=SUCCESS |  
2019-08-28 16:05:58,082 | INFO  | DNAudit | user=null | ip=null | op=WRITE_CHUNK {blockData=conID: 1 locID: 102695459465986062 bcsId: 8} | ret=SUCCESS |  
2019-08-28 16:05:58,086 | INFO  | DNAudit | user=null | ip=null | op=PUT_BLOCK {blockData=[blockId=conID: 1 locID: 102695459465986062 bcsId: 0,size=450]} | ret=SUCCESS |  
2019-08-28 16:05:58,086 | INFO  | DNAudit | user=null | ip=null | op=PUT_BLOCK {blockData=[blockId=conID: 1 locID: 102695459465986062 bcsId: 0,size=450]} | ret=SUCCESS |  
2019-08-28 16:05:58,090 [grpc-default-executor-6] INFO  client.GrpcClientProtocolClient (GrpcClientProtocolClient.java:onNext(255)) - client-614B6F5F84E8->8bee0910-3428-4843-b403-19ca72997025: receive RaftClientReply:client-614B6F5F84E8->8bee0910-3428-4843-b403-19ca72997025@group-3F19163A3C89, cid=184, SUCCESS, logIndex=0, commits[8bee0910-3428-4843-b403-19ca72997025:c15, ee1ff1a7-a189-4b0e-b6a4-631626cf238a:c14, e84d1ee1-da1d-4c14-8806-6ad12653b5a4:c14]
2019-08-28 16:05:58,090 [main] INFO  datanode.ObjectStoreHandler (ObjectStoreHandler.java:close(155)) - Closing ObjectStoreHandler.
2019-08-28 16:05:58,091 [main] INFO  ozone.HddsDatanodeService (HddsDatanodeService.java:stop(451)) - Stopped plug-in org.apache.hadoop.ozone.web.OzoneHddsDatanodeService@2287bbd1
2019-08-28 16:05:58,122 | INFO  | SCMAudit | user=jenkins1000 | ip=192.168.34.1 | op=SEND_HEARTBEAT {datanodeUUID=efaffdcb-0ab5-48a3-a06a-abf9808d0da1, command=[]} | ret=SUCCESS |  
2019-08-28 16:05:58,280 | INFO  | SCMAudit | user=jenkins1000 | ip=192.168.34.1 | op=SEND_HEARTBEAT {datanodeUUID=7db29abf-ad28-40bc-bad4-61ba07f001a1, command=[]} | ret=SUCCESS |  
2019-08-28 16:05:58,447 | INFO  | SCMAudit | user=jenkins1000 | ip=192.168.34.1 | op=SEND_HEARTBEAT {datanodeUUID=d6f13b7d-b532-4c8e-b41b-ddacd18c9d79, command=[]} | ret=SUCCESS |  
2019-08-28 16:05:58,602 | INFO  | SCMAudit | user=jenkins1000 | ip=192.168.34.1 | op=SEND_HEARTBEAT {datanodeUUID=3cb7308a-f9d8-412c-b531-169dc3fab563, command=[]} | ret=SUCCESS |  
2019-08-28 16:05:58,867 [Datanode State Machine Thread - 0] INFO  statemachine.DatanodeStateMachine (DatanodeStateMachine.java:lambda$startDaemon$0(350)) - Ozone container server started.
2019-08-28 16:05:58,870 | INFO  | SCMAudit | user=jenkins1000 | ip=192.168.34.1 | op=SEND_HEARTBEAT {datanodeUUID=ee1ff1a7-a189-4b0e-b6a4-631626cf238a, command=[]} | ret=SUCCESS |  
2019-08-28 16:05:58,870 | INFO  | SCMAudit | user=jenkins1000 | ip=192.168.34.1 | op=SEND_HEARTBEAT {datanodeUUID=e84d1ee1-da1d-4c14-8806-6ad12653b5a4, command=[]} | ret=SUCCESS |  
2019-08-28 16:05:59,123 | INFO  | SCMAudit | user=jenkins1000 | ip=192.168.34.1 | op=SEND_HEARTBEAT {datanodeUUID=efaffdcb-0ab5-48a3-a06a-abf9808d0da1, command=[]} | ret=SUCCESS |  
2019-08-28 16:05:59,280 | INFO  | SCMAudit | user=jenkins1000 | ip=192.168.34.1 | op=SEND_HEARTBEAT {datanodeUUID=7db29abf-ad28-40bc-bad4-61ba07f001a1, command=[]} | ret=SUCCESS |  
2019-08-28 16:05:59,447 | INFO  | SCMAudit | user=jenkins1000 | ip=192.168.34.1 | op=SEND_HEARTBEAT {datanodeUUID=d6f13b7d-b532-4c8e-b41b-ddacd18c9d79, command=[]} | ret=SUCCESS |  
2019-08-28 16:05:59,602 | INFO  | SCMAudit | user=jenkins1000 | ip=192.168.34.1 | op=SEND_HEARTBEAT {datanodeUUID=3cb7308a-f9d8-412c-b531-169dc3fab563, command=[]} | ret=SUCCESS |  
2019-08-28 16:05:59,870 | INFO  | SCMAudit | user=jenkins1000 | ip=192.168.34.1 | op=SEND_HEARTBEAT {datanodeUUID=e84d1ee1-da1d-4c14-8806-6ad12653b5a4, command=[]} | ret=SUCCESS |  
2019-08-28 16:05:59,870 | INFO  | SCMAudit | user=jenkins1000 | ip=192.168.34.1 | op=SEND_HEARTBEAT {datanodeUUID=ee1ff1a7-a189-4b0e-b6a4-631626cf238a, command=[]} | ret=SUCCESS |  
2019-08-28 16:06:00,123 | INFO  | SCMAudit | user=jenkins1000 | ip=192.168.34.1 | op=SEND_HEARTBEAT {datanodeUUID=efaffdcb-0ab5-48a3-a06a-abf9808d0da1, command=[]} | ret=SUCCESS |  
2019-08-28 16:06:00,281 | INFO  | SCMAudit | user=jenkins1000 | ip=192.168.34.1 | op=SEND_HEARTBEAT {datanodeUUID=7db29abf-ad28-40bc-bad4-61ba07f001a1, command=[]} | ret=SUCCESS |  
2019-08-28 16:06:00,448 | INFO  | SCMAudit | user=jenkins1000 | ip=192.168.34.1 | op=SEND_HEARTBEAT {datanodeUUID=d6f13b7d-b532-4c8e-b41b-ddacd18c9d79, command=[]} | ret=SUCCESS |  
2019-08-28 16:06:00,603 | INFO  | SCMAudit | user=jenkins1000 | ip=192.168.34.1 | op=SEND_HEARTBEAT {datanodeUUID=3cb7308a-f9d8-412c-b531-169dc3fab563, command=[]} | ret=SUCCESS |  
2019-08-28 16:06:00,870 | INFO  | SCMAudit | user=jenkins1000 | ip=192.168.34.1 | op=SEND_HEARTBEAT {datanodeUUID=ee1ff1a7-a189-4b0e-b6a4-631626cf238a, command=[]} | ret=SUCCESS |  
2019-08-28 16:06:00,870 | INFO  | SCMAudit | user=jenkins1000 | ip=192.168.34.1 | op=SEND_HEARTBEAT {datanodeUUID=e84d1ee1-da1d-4c14-8806-6ad12653b5a4, command=[]} | ret=SUCCESS |  
2019-08-28 16:06:01,122 | INFO  | SCMAudit | user=jenkins1000 | ip=192.168.34.1 | op=SEND_HEARTBEAT {datanodeUUID=efaffdcb-0ab5-48a3-a06a-abf9808d0da1, command=[]} | ret=SUCCESS |  
2019-08-28 16:06:01,281 | INFO  | SCMAudit | user=jenkins1000 | ip=192.168.34.1 | op=SEND_HEARTBEAT {datanodeUUID=7db29abf-ad28-40bc-bad4-61ba07f001a1, command=[]} | ret=SUCCESS |  
2019-08-28 16:06:01,448 | INFO  | SCMAudit | user=jenkins1000 | ip=192.168.34.1 | op=SEND_HEARTBEAT {datanodeUUID=d6f13b7d-b532-4c8e-b41b-ddacd18c9d79, command=[]} | ret=SUCCESS |  
2019-08-28 16:06:01,603 | INFO  | SCMAudit | user=jenkins1000 | ip=192.168.34.1 | op=SEND_HEARTBEAT {datanodeUUID=3cb7308a-f9d8-412c-b531-169dc3fab563, command=[]} | ret=SUCCESS |  
2019-08-28 16:06:01,870 | INFO  | SCMAudit | user=jenkins1000 | ip=192.168.34.1 | op=SEND_HEARTBEAT {datanodeUUID=e84d1ee1-da1d-4c14-8806-6ad12653b5a4, command=[]} | ret=SUCCESS |  
2019-08-28 16:06:01,870 | INFO  | SCMAudit | user=jenkins1000 | ip=192.168.34.1 | op=SEND_HEARTBEAT {datanodeUUID=ee1ff1a7-a189-4b0e-b6a4-631626cf238a, command=[]} | ret=SUCCESS |  
2019-08-28 16:06:02,123 | INFO  | SCMAudit | user=jenkins1000 | ip=192.168.34.1 | op=SEND_HEARTBEAT {datanodeUUID=efaffdcb-0ab5-48a3-a06a-abf9808d0da1, command=[]} | ret=SUCCESS |  
2019-08-28 16:06:02,281 | INFO  | SCMAudit | user=jenkins1000 | ip=192.168.34.1 | op=SEND_HEARTBEAT {datanodeUUID=7db29abf-ad28-40bc-bad4-61ba07f001a1, command=[]} | ret=SUCCESS |  
2019-08-28 16:06:02,448 | INFO  | SCMAudit | user=jenkins1000 | ip=192.168.34.1 | op=SEND_HEARTBEAT {datanodeUUID=d6f13b7d-b532-4c8e-b41b-ddacd18c9d79, command=[]} | ret=SUCCESS |  
2019-08-28 16:06:02,603 | INFO  | SCMAudit | user=jenkins1000 | ip=192.168.34.1 | op=SEND_HEARTBEAT {datanodeUUID=3cb7308a-f9d8-412c-b531-169dc3fab563, command=[]} | ret=SUCCESS |  
2019-08-28 16:06:02,768 [Thread-3646] INFO  impl.FollowerState (FollowerState.java:run(106)) - d6f13b7d-b532-4c8e-b41b-ddacd18c9d79:group-5274F53B4300 changes to CANDIDATE, lastRpcTime:5012, electionTimeout:5012ms
2019-08-28 16:06:02,768 [Thread-3646] INFO  impl.RoleInfo (RoleInfo.java:shutdownFollowerState(121)) - d6f13b7d-b532-4c8e-b41b-ddacd18c9d79: shutdown FollowerState
2019-08-28 16:06:02,768 [Thread-3646] INFO  impl.RaftServerImpl (RaftServerImpl.java:setRole(171)) - d6f13b7d-b532-4c8e-b41b-ddacd18c9d79:group-5274F53B4300 changes role from FOLLOWER to CANDIDATE at term 1 for changeToCandidate
2019-08-28 16:06:02,769 [Thread-3646] INFO  impl.RoleInfo (RoleInfo.java:updateAndGet(143)) - d6f13b7d-b532-4c8e-b41b-ddacd18c9d79: start LeaderElection
2019-08-28 16:06:02,799 [d6f13b7d-b532-4c8e-b41b-ddacd18c9d79:group-5274F53B4300:LeaderElection78] INFO  impl.LeaderElection (LeaderElection.java:askForVotes(181)) - d6f13b7d-b532-4c8e-b41b-ddacd18c9d79:group-5274F53B4300:LeaderElection78: begin an election at term 2 for -1: [d6f13b7d-b532-4c8e-b41b-ddacd18c9d79:192.168.34.1:32905, 7db29abf-ad28-40bc-bad4-61ba07f001a1:192.168.34.1:34407, efaffdcb-0ab5-48a3-a06a-abf9808d0da1:192.168.34.1:38702], old=null
2019-08-28 16:06:02,805 [grpc-default-executor-4] INFO  impl.RaftServerImpl (RaftServerImpl.java:setRole(171)) - 7db29abf-ad28-40bc-bad4-61ba07f001a1:group-5274F53B4300 changes role from FOLLOWER to FOLLOWER at term 2 for recognizeCandidate:d6f13b7d-b532-4c8e-b41b-ddacd18c9d79
2019-08-28 16:06:02,805 [grpc-default-executor-6] INFO  impl.RaftServerImpl (RaftServerImpl.java:setRole(171)) - efaffdcb-0ab5-48a3-a06a-abf9808d0da1:group-5274F53B4300 changes role from FOLLOWER to FOLLOWER at term 2 for recognizeCandidate:d6f13b7d-b532-4c8e-b41b-ddacd18c9d79
2019-08-28 16:06:02,805 [grpc-default-executor-4] INFO  impl.RoleInfo (RoleInfo.java:shutdownFollowerState(121)) - 7db29abf-ad28-40bc-bad4-61ba07f001a1: shutdown FollowerState
2019-08-28 16:06:02,806 [grpc-default-executor-6] INFO  impl.RoleInfo (RoleInfo.java:shutdownFollowerState(121)) - efaffdcb-0ab5-48a3-a06a-abf9808d0da1: shutdown FollowerState
2019-08-28 16:06:02,806 [grpc-default-executor-4] INFO  impl.RoleInfo (RoleInfo.java:updateAndGet(143)) - 7db29abf-ad28-40bc-bad4-61ba07f001a1: start FollowerState
2019-08-28 16:06:02,806 [Thread-3647] INFO  impl.FollowerState (FollowerState.java:run(114)) - 7db29abf-ad28-40bc-bad4-61ba07f001a1: FollowerState was interrupted: java.lang.InterruptedException: sleep interrupted
2019-08-28 16:06:02,806 [grpc-default-executor-6] INFO  impl.RoleInfo (RoleInfo.java:updateAndGet(143)) - efaffdcb-0ab5-48a3-a06a-abf9808d0da1: start FollowerState
2019-08-28 16:06:02,806 [Thread-3644] INFO  impl.FollowerState (FollowerState.java:run(114)) - efaffdcb-0ab5-48a3-a06a-abf9808d0da1: FollowerState was interrupted: java.lang.InterruptedException: sleep interrupted
2019-08-28 16:06:02,828 [d6f13b7d-b532-4c8e-b41b-ddacd18c9d79:group-5274F53B4300:LeaderElection78] INFO  impl.LeaderElection (LeaderElection.java:logAndReturn(56)) - d6f13b7d-b532-4c8e-b41b-ddacd18c9d79:group-5274F53B4300:LeaderElection78: Election PASSED; received 1 response(s) [d6f13b7d-b532-4c8e-b41b-ddacd18c9d79<-efaffdcb-0ab5-48a3-a06a-abf9808d0da1#0:OK-t2] and 0 exception(s); d6f13b7d-b532-4c8e-b41b-ddacd18c9d79:t2, leader=null, voted=d6f13b7d-b532-4c8e-b41b-ddacd18c9d79, raftlog=d6f13b7d-b532-4c8e-b41b-ddacd18c9d79-SegmentedRaftLog:OPENED:c-1,f-1,i0, conf=-1: [d6f13b7d-b532-4c8e-b41b-ddacd18c9d79:192.168.34.1:32905, 7db29abf-ad28-40bc-bad4-61ba07f001a1:192.168.34.1:34407, efaffdcb-0ab5-48a3-a06a-abf9808d0da1:192.168.34.1:38702], old=null
2019-08-28 16:06:02,828 [d6f13b7d-b532-4c8e-b41b-ddacd18c9d79:group-5274F53B4300:LeaderElection78] INFO  impl.RoleInfo (RoleInfo.java:shutdownLeaderElection(134)) - d6f13b7d-b532-4c8e-b41b-ddacd18c9d79: shutdown LeaderElection
2019-08-28 16:06:02,828 [d6f13b7d-b532-4c8e-b41b-ddacd18c9d79:group-5274F53B4300:LeaderElection78] INFO  impl.RaftServerImpl (RaftServerImpl.java:setRole(171)) - d6f13b7d-b532-4c8e-b41b-ddacd18c9d79:group-5274F53B4300 changes role from CANDIDATE to LEADER at term 2 for changeToLeader
2019-08-28 16:06:02,829 [d6f13b7d-b532-4c8e-b41b-ddacd18c9d79:group-5274F53B4300:LeaderElection78] INFO  impl.RaftServerImpl (ServerState.java:setLeader(263)) - d6f13b7d-b532-4c8e-b41b-ddacd18c9d79:group-5274F53B4300 change Leader from null to d6f13b7d-b532-4c8e-b41b-ddacd18c9d79 at term 2 for becomeLeader, leader elected after 10279ms
2019-08-28 16:06:02,829 [d6f13b7d-b532-4c8e-b41b-ddacd18c9d79:group-5274F53B4300:LeaderElection78] INFO  server.RaftServerConfigKeys (ConfUtils.java:logGet(43)) - raft.server.staging.catchup.gap = 1000 (default)
2019-08-28 16:06:02,829 [d6f13b7d-b532-4c8e-b41b-ddacd18c9d79:group-5274F53B4300:LeaderElection78] INFO  server.RaftServerConfigKeys (ConfUtils.java:logGet(43)) - raft.server.rpc.sleep.time = 25ms (default)
2019-08-28 16:06:02,829 [d6f13b7d-b532-4c8e-b41b-ddacd18c9d79:group-5274F53B4300:LeaderElection78] INFO  server.RaftServerConfigKeys (ConfUtils.java:logGet(43)) - raft.server.write.element-limit = 4096 (default)
2019-08-28 16:06:02,830 [d6f13b7d-b532-4c8e-b41b-ddacd18c9d79:group-5274F53B4300:LeaderElection78] INFO  server.RaftServerConfigKeys (ConfUtils.java:logGet(43)) - raft.server.watch.timeout = 10s (default)
2019-08-28 16:06:02,830 [d6f13b7d-b532-4c8e-b41b-ddacd18c9d79:group-5274F53B4300:LeaderElection78] INFO  server.RaftServerConfigKeys (ConfUtils.java:logGet(43)) - raft.server.watch.timeout.denomination = 1s (default)
2019-08-28 16:06:02,830 [d6f13b7d-b532-4c8e-b41b-ddacd18c9d79:group-5274F53B4300:LeaderElection78] INFO  server.RaftServerConfigKeys (ConfUtils.java:logGet(43)) - raft.server.watch.element-limit = 65536 (default)
2019-08-28 16:06:02,830 [d6f13b7d-b532-4c8e-b41b-ddacd18c9d79:group-5274F53B4300:LeaderElection78] INFO  server.RaftServerConfigKeys (ConfUtils.java:logGet(43)) - raft.server.log.appender.snapshot.chunk.size.max = 16MB (=16777216) (default)
2019-08-28 16:06:02,831 [d6f13b7d-b532-4c8e-b41b-ddacd18c9d79:group-5274F53B4300:LeaderElection78] INFO  server.RaftServerConfigKeys (ConfUtils.java:logGet(43)) - raft.server.log.appender.buffer.byte-limit = 33554432 (custom)
2019-08-28 16:06:02,831 [d6f13b7d-b532-4c8e-b41b-ddacd18c9d79:group-5274F53B4300:LeaderElection78] INFO  server.RaftServerConfigKeys (ConfUtils.java:logGet(43)) - raft.server.log.appender.buffer.element-limit = 1 (custom)
2019-08-28 16:06:02,831 [d6f13b7d-b532-4c8e-b41b-ddacd18c9d79:group-5274F53B4300:LeaderElection78] INFO  grpc.GrpcConfigKeys$Server (ConfUtils.java:logGet(43)) - raft.grpc.server.leader.outstanding.appends.max = 128 (default)
2019-08-28 16:06:02,831 [d6f13b7d-b532-4c8e-b41b-ddacd18c9d79:group-5274F53B4300:LeaderElection78] INFO  server.RaftServerConfigKeys (ConfUtils.java:logGet(43)) - raft.server.rpc.request.timeout = 3000ms (default)
2019-08-28 16:06:02,832 [d6f13b7d-b532-4c8e-b41b-ddacd18c9d79:group-5274F53B4300:LeaderElection78] INFO  server.RaftServerConfigKeys (ConfUtils.java:logGet(43)) - raft.server.log.appender.install.snapshot.enabled = false (custom)
2019-08-28 16:06:02,832 [d6f13b7d-b532-4c8e-b41b-ddacd18c9d79:group-5274F53B4300:LeaderElection78] INFO  server.RaftServerConfigKeys (ConfUtils.java:logGet(43)) - raft.server.log.appender.snapshot.chunk.size.max = 16MB (=16777216) (default)
2019-08-28 16:06:02,832 [d6f13b7d-b532-4c8e-b41b-ddacd18c9d79:group-5274F53B4300:LeaderElection78] INFO  server.RaftServerConfigKeys (ConfUtils.java:logGet(43)) - raft.server.log.appender.buffer.byte-limit = 33554432 (custom)
2019-08-28 16:06:02,832 [d6f13b7d-b532-4c8e-b41b-ddacd18c9d79:group-5274F53B4300:LeaderElection78] INFO  server.RaftServerConfigKeys (ConfUtils.java:logGet(43)) - raft.server.log.appender.buffer.element-limit = 1 (custom)
2019-08-28 16:06:02,833 [d6f13b7d-b532-4c8e-b41b-ddacd18c9d79:group-5274F53B4300:LeaderElection78] INFO  grpc.GrpcConfigKeys$Server (ConfUtils.java:logGet(43)) - raft.grpc.server.leader.outstanding.appends.max = 128 (default)
2019-08-28 16:06:02,833 [d6f13b7d-b532-4c8e-b41b-ddacd18c9d79:group-5274F53B4300:LeaderElection78] INFO  server.RaftServerConfigKeys (ConfUtils.java:logGet(43)) - raft.server.rpc.request.timeout = 3000ms (default)
2019-08-28 16:06:02,833 [d6f13b7d-b532-4c8e-b41b-ddacd18c9d79:group-5274F53B4300:LeaderElection78] INFO  server.RaftServerConfigKeys (ConfUtils.java:logGet(43)) - raft.server.log.appender.install.snapshot.enabled = false (custom)
2019-08-28 16:06:02,833 [d6f13b7d-b532-4c8e-b41b-ddacd18c9d79:group-5274F53B4300:LeaderElection78] INFO  impl.RoleInfo (RoleInfo.java:updateAndGet(143)) - d6f13b7d-b532-4c8e-b41b-ddacd18c9d79: start LeaderState
2019-08-28 16:06:02,834 [d6f13b7d-b532-4c8e-b41b-ddacd18c9d79:group-5274F53B4300:LeaderElection78] INFO  segmented.SegmentedRaftLogWorker (SegmentedRaftLogWorker.java:startLogSegment(380)) - d6f13b7d-b532-4c8e-b41b-ddacd18c9d79-SegmentedRaftLogWorker:Storage Directory /workdir/hadoop-ozone/integration-test/target/test-dir/MiniOzoneClusterImpl-b4e114d8-6e30-44e2-8e8d-493332923df2/datanode-5/data/ratis/b3173a87-23cd-452d-ab89-5274f53b4300: Starting segment from index:0
2019-08-28 16:06:02,835 [d6f13b7d-b532-4c8e-b41b-ddacd18c9d79:group-5274F53B4300:LeaderElection78] INFO  impl.RaftServerImpl (ServerState.java:setRaftConf(361)) - d6f13b7d-b532-4c8e-b41b-ddacd18c9d79:group-5274F53B4300 set configuration 0: [d6f13b7d-b532-4c8e-b41b-ddacd18c9d79:192.168.34.1:32905, 7db29abf-ad28-40bc-bad4-61ba07f001a1:192.168.34.1:34407, efaffdcb-0ab5-48a3-a06a-abf9808d0da1:192.168.34.1:38702], old=null at 0
2019-08-28 16:06:02,836 [grpc-default-executor-6] INFO  impl.RaftServerImpl (ServerState.java:setLeader(263)) - efaffdcb-0ab5-48a3-a06a-abf9808d0da1:group-5274F53B4300 change Leader from null to d6f13b7d-b532-4c8e-b41b-ddacd18c9d79 at term 2 for appendEntries, leader elected after 10286ms
2019-08-28 16:06:02,836 [grpc-default-executor-4] INFO  impl.RaftServerImpl (ServerState.java:setLeader(263)) - 7db29abf-ad28-40bc-bad4-61ba07f001a1:group-5274F53B4300 change Leader from null to d6f13b7d-b532-4c8e-b41b-ddacd18c9d79 at term 2 for appendEntries, leader elected after 10286ms
2019-08-28 16:06:02,839 [grpc-default-executor-4] INFO  impl.RaftServerImpl (ServerState.java:setRaftConf(361)) - efaffdcb-0ab5-48a3-a06a-abf9808d0da1:group-5274F53B4300 set configuration 0: [d6f13b7d-b532-4c8e-b41b-ddacd18c9d79:192.168.34.1:32905, 7db29abf-ad28-40bc-bad4-61ba07f001a1:192.168.34.1:34407, efaffdcb-0ab5-48a3-a06a-abf9808d0da1:192.168.34.1:38702], old=null at 0
2019-08-28 16:06:02,839 [grpc-default-executor-6] INFO  impl.RaftServerImpl (ServerState.java:setRaftConf(361)) - 7db29abf-ad28-40bc-bad4-61ba07f001a1:group-5274F53B4300 set configuration 0: [d6f13b7d-b532-4c8e-b41b-ddacd18c9d79:192.168.34.1:32905, 7db29abf-ad28-40bc-bad4-61ba07f001a1:192.168.34.1:34407, efaffdcb-0ab5-48a3-a06a-abf9808d0da1:192.168.34.1:38702], old=null at 0
2019-08-28 16:06:02,839 [grpc-default-executor-4] INFO  segmented.SegmentedRaftLogWorker (SegmentedRaftLogWorker.java:startLogSegment(380)) - efaffdcb-0ab5-48a3-a06a-abf9808d0da1-SegmentedRaftLogWorker:Storage Directory /workdir/hadoop-ozone/integration-test/target/test-dir/MiniOzoneClusterImpl-b4e114d8-6e30-44e2-8e8d-493332923df2/datanode-3/data/ratis/b3173a87-23cd-452d-ab89-5274f53b4300: Starting segment from index:0
2019-08-28 16:06:02,840 [grpc-default-executor-6] INFO  segmented.SegmentedRaftLogWorker (SegmentedRaftLogWorker.java:startLogSegment(380)) - 7db29abf-ad28-40bc-bad4-61ba07f001a1-SegmentedRaftLogWorker:Storage Directory /workdir/hadoop-ozone/integration-test/target/test-dir/MiniOzoneClusterImpl-b4e114d8-6e30-44e2-8e8d-493332923df2/datanode-4/data/ratis/b3173a87-23cd-452d-ab89-5274f53b4300: Starting segment from index:0
2019-08-28 16:06:02,869 [d6f13b7d-b532-4c8e-b41b-ddacd18c9d79-SegmentedRaftLogWorker:Storage Directory /workdir/hadoop-ozone/integration-test/target/test-dir/MiniOzoneClusterImpl-b4e114d8-6e30-44e2-8e8d-493332923df2/datanode-5/data/ratis/b3173a87-23cd-452d-ab89-5274f53b4300] INFO  segmented.SegmentedRaftLogWorker (SegmentedRaftLogWorker.java:execute(569)) - d6f13b7d-b532-4c8e-b41b-ddacd18c9d79-SegmentedRaftLogWorker:Storage Directory /workdir/hadoop-ozone/integration-test/target/test-dir/MiniOzoneClusterImpl-b4e114d8-6e30-44e2-8e8d-493332923df2/datanode-5/data/ratis/b3173a87-23cd-452d-ab89-5274f53b4300: created new log segment /workdir/hadoop-ozone/integration-test/target/test-dir/MiniOzoneClusterImpl-b4e114d8-6e30-44e2-8e8d-493332923df2/datanode-5/data/ratis/b3173a87-23cd-452d-ab89-5274f53b4300/current/log_inprogress_0
2019-08-28 16:06:02,871 | INFO  | SCMAudit | user=jenkins1000 | ip=192.168.34.1 | op=SEND_HEARTBEAT {datanodeUUID=e84d1ee1-da1d-4c14-8806-6ad12653b5a4, command=[]} | ret=SUCCESS |  
2019-08-28 16:06:02,871 | INFO  | SCMAudit | user=jenkins1000 | ip=192.168.34.1 | op=SEND_HEARTBEAT {datanodeUUID=ee1ff1a7-a189-4b0e-b6a4-631626cf238a, command=[]} | ret=SUCCESS |  
2019-08-28 16:06:02,883 [efaffdcb-0ab5-48a3-a06a-abf9808d0da1-SegmentedRaftLogWorker:Storage Directory /workdir/hadoop-ozone/integration-test/target/test-dir/MiniOzoneClusterImpl-b4e114d8-6e30-44e2-8e8d-493332923df2/datanode-3/data/ratis/b3173a87-23cd-452d-ab89-5274f53b4300] INFO  segmented.SegmentedRaftLogWorker (SegmentedRaftLogWorker.java:execute(569)) - efaffdcb-0ab5-48a3-a06a-abf9808d0da1-SegmentedRaftLogWorker:Storage Directory /workdir/hadoop-ozone/integration-test/target/test-dir/MiniOzoneClusterImpl-b4e114d8-6e30-44e2-8e8d-493332923df2/datanode-3/data/ratis/b3173a87-23cd-452d-ab89-5274f53b4300: created new log segment /workdir/hadoop-ozone/integration-test/target/test-dir/MiniOzoneClusterImpl-b4e114d8-6e30-44e2-8e8d-493332923df2/datanode-3/data/ratis/b3173a87-23cd-452d-ab89-5274f53b4300/current/log_inprogress_0
2019-08-28 16:06:02,883 [7db29abf-ad28-40bc-bad4-61ba07f001a1-SegmentedRaftLogWorker:Storage Directory /workdir/hadoop-ozone/integration-test/target/test-dir/MiniOzoneClusterImpl-b4e114d8-6e30-44e2-8e8d-493332923df2/datanode-4/data/ratis/b3173a87-23cd-452d-ab89-5274f53b4300] INFO  segmented.SegmentedRaftLogWorker (SegmentedRaftLogWorker.java:execute(569)) - 7db29abf-ad28-40bc-bad4-61ba07f001a1-SegmentedRaftLogWorker:Storage Directory /workdir/hadoop-ozone/integration-test/target/test-dir/MiniOzoneClusterImpl-b4e114d8-6e30-44e2-8e8d-493332923df2/datanode-4/data/ratis/b3173a87-23cd-452d-ab89-5274f53b4300: created new log segment /workdir/hadoop-ozone/integration-test/target/test-dir/MiniOzoneClusterImpl-b4e114d8-6e30-44e2-8e8d-493332923df2/datanode-4/data/ratis/b3173a87-23cd-452d-ab89-5274f53b4300/current/log_inprogress_0
2019-08-28 16:06:02,914 [EventQueue-StaleNodeForStaleNodeHandler] INFO  node.StaleNodeHandler (StaleNodeHandler.java:onMessage(58)) - Datanode 8bee0910-3428-4843-b403-19ca72997025{ip: 192.168.34.1, host: pr-hdds-1941-8j4hf-3572870610, networkLocation: /default-rack, certSerialId: null} moved to stale state. Finalizing its pipelines [PipelineID=972f458a-a4c0-4b84-bf3e-3f19163a3c89, PipelineID=13a8b347-5a96-4708-a40e-6566ae5eea9d]
2019-08-28 16:06:02,914 [EventQueue-StaleNodeForStaleNodeHandler] INFO  pipeline.SCMPipelineManager (SCMPipelineManager.java:finalizeAndDestroyPipeline(309)) - destroying pipeline:Pipeline[ Id: 972f458a-a4c0-4b84-bf3e-3f19163a3c89, Nodes: 8bee0910-3428-4843-b403-19ca72997025{ip: 192.168.34.1, host: pr-hdds-1941-8j4hf-3572870610, networkLocation: /default-rack, certSerialId: null}e84d1ee1-da1d-4c14-8806-6ad12653b5a4{ip: 192.168.34.1, host: pr-hdds-1941-8j4hf-3572870610, networkLocation: /default-rack, certSerialId: null}ee1ff1a7-a189-4b0e-b6a4-631626cf238a{ip: 192.168.34.1, host: pr-hdds-1941-8j4hf-3572870610, networkLocation: /default-rack, certSerialId: null}, Type:RATIS, Factor:THREE, State:OPEN]
2019-08-28 16:06:02,914 [EventQueue-StaleNodeForStaleNodeHandler] INFO  pipeline.PipelineStateManager (PipelineStateManager.java:finalizePipeline(123)) - Pipeline Pipeline[ Id: 972f458a-a4c0-4b84-bf3e-3f19163a3c89, Nodes: 8bee0910-3428-4843-b403-19ca72997025{ip: 192.168.34.1, host: pr-hdds-1941-8j4hf-3572870610, networkLocation: /default-rack, certSerialId: null}e84d1ee1-da1d-4c14-8806-6ad12653b5a4{ip: 192.168.34.1, host: pr-hdds-1941-8j4hf-3572870610, networkLocation: /default-rack, certSerialId: null}ee1ff1a7-a189-4b0e-b6a4-631626cf238a{ip: 192.168.34.1, host: pr-hdds-1941-8j4hf-3572870610, networkLocation: /default-rack, certSerialId: null}, Type:RATIS, Factor:THREE, State:CLOSED] moved to CLOSED state
2019-08-28 16:06:02,915 [EventQueue-StaleNodeForStaleNodeHandler] INFO  pipeline.SCMPipelineManager (SCMPipelineManager.java:finalizeAndDestroyPipeline(309)) - destroying pipeline:Pipeline[ Id: 13a8b347-5a96-4708-a40e-6566ae5eea9d, Nodes: 8bee0910-3428-4843-b403-19ca72997025{ip: 192.168.34.1, host: pr-hdds-1941-8j4hf-3572870610, networkLocation: /default-rack, certSerialId: null}, Type:RATIS, Factor:ONE, State:OPEN]
2019-08-28 16:06:02,915 [EventQueue-CloseContainerForCloseContainerEventHandler] INFO  container.CloseContainerEventHandler (CloseContainerEventHandler.java:onMessage(61)) - Close container Event triggered for container : #1
2019-08-28 16:06:02,915 [EventQueue-StaleNodeForStaleNodeHandler] INFO  pipeline.PipelineStateManager (PipelineStateManager.java:finalizePipeline(123)) - Pipeline Pipeline[ Id: 13a8b347-5a96-4708-a40e-6566ae5eea9d, Nodes: 8bee0910-3428-4843-b403-19ca72997025{ip: 192.168.34.1, host: pr-hdds-1941-8j4hf-3572870610, networkLocation: /default-rack, certSerialId: null}, Type:RATIS, Factor:ONE, State:CLOSED] moved to CLOSED state
2019-08-28 16:06:03,092 [main] INFO  ozoneimpl.OzoneContainer (OzoneContainer.java:stop(215)) - Attempting to stop container services.
2019-08-28 16:06:03,093 [main] INFO  impl.RaftServerProxy (RaftServerProxy.java:lambda$close$4(314)) - 8bee0910-3428-4843-b403-19ca72997025: close
2019-08-28 16:06:03,094 [main] INFO  impl.RaftServerImpl (RaftServerImpl.java:lambda$shutdown$3(245)) - 8bee0910-3428-4843-b403-19ca72997025: shutdown group-3F19163A3C89
2019-08-28 16:06:03,094 [ForkJoinPool.commonPool-worker-1] INFO  impl.RaftServerImpl (RaftServerImpl.java:lambda$shutdown$3(245)) - 8bee0910-3428-4843-b403-19ca72997025: shutdown group-6566AE5EEA9D
2019-08-28 16:06:03,094 [main] INFO  util.JmxRegister (JmxRegister.java:unregister(73)) - Successfully un-registered JMX Bean with object name Ratis:service=RaftServer,group=group-3F19163A3C89,id=8bee0910-3428-4843-b403-19ca72997025
2019-08-28 16:06:03,094 [ForkJoinPool.commonPool-worker-1] INFO  util.JmxRegister (JmxRegister.java:unregister(73)) - Successfully un-registered JMX Bean with object name Ratis:service=RaftServer,group=group-6566AE5EEA9D,id=8bee0910-3428-4843-b403-19ca72997025
2019-08-28 16:06:03,095 [main] INFO  impl.RoleInfo (RoleInfo.java:shutdownLeaderState(104)) - 8bee0910-3428-4843-b403-19ca72997025: shutdown LeaderState
2019-08-28 16:06:03,095 [ForkJoinPool.commonPool-worker-1] INFO  impl.RoleInfo (RoleInfo.java:shutdownLeaderState(104)) - 8bee0910-3428-4843-b403-19ca72997025: shutdown LeaderState
2019-08-28 16:06:03,101 [org.apache.ratis.server.impl.LogAppender$AppenderDaemon$$Lambda$538/397952407@608548d5] WARN  server.GrpcLogAppender (GrpcLogAppender.java:mayWait(143)) - GrpcLogAppender(8bee0910-3428-4843-b403-19ca72997025->ee1ff1a7-a189-4b0e-b6a4-631626cf238a): Wait interrupted by java.lang.InterruptedException
2019-08-28 16:06:03,101 [org.apache.ratis.server.impl.LogAppender$AppenderDaemon$$Lambda$538/397952407@2587daa1] WARN  server.GrpcLogAppender (GrpcLogAppender.java:mayWait(143)) - GrpcLogAppender(8bee0910-3428-4843-b403-19ca72997025->e84d1ee1-da1d-4c14-8806-6ad12653b5a4): Wait interrupted by java.lang.InterruptedException
2019-08-28 16:06:03,101 [main] INFO  impl.PendingRequests (PendingRequests.java:sendNotLeaderResponses(202)) - 8bee0910-3428-4843-b403-19ca72997025-PendingRequests: sendNotLeaderResponses
2019-08-28 16:06:03,102 [grpc-default-executor-4] INFO  server.GrpcServerProtocolService (GrpcServerProtocolService.java:onCompleted(104)) - e84d1ee1-da1d-4c14-8806-6ad12653b5a4: appendEntries completed
2019-08-28 16:06:03,102 [grpc-default-executor-6] INFO  server.GrpcServerProtocolService (GrpcServerProtocolService.java:onCompleted(104)) - ee1ff1a7-a189-4b0e-b6a4-631626cf238a: appendEntries completed
2019-08-28 16:06:03,101 [ForkJoinPool.commonPool-worker-1] INFO  impl.PendingRequests (PendingRequests.java:sendNotLeaderResponses(202)) - 8bee0910-3428-4843-b403-19ca72997025-PendingRequests: sendNotLeaderResponses
2019-08-28 16:06:03,107 [StateMachineUpdater:8bee0910-3428-4843-b403-19ca72997025:group-3F19163A3C89] INFO  ratis.ContainerStateMachine (ContainerStateMachine.java:takeSnapshot(284)) - group-3F19163A3C89: Taking a snapshot at:(t:1, i:14) file /workdir/hadoop-ozone/integration-test/target/test-dir/MiniOzoneClusterImpl-b4e114d8-6e30-44e2-8e8d-493332923df2/datanode-2/data/ratis/972f458a-a4c0-4b84-bf3e-3f19163a3c89/sm/snapshot.1_14
2019-08-28 16:06:03,106 [main] INFO  impl.StateMachineUpdater (StateMachineUpdater.java:stopAndJoin(115)) - StateMachineUpdater:8bee0910-3428-4843-b403-19ca72997025:group-3F19163A3C89: set stopIndex = 16
2019-08-28 16:06:03,107 [grpc-default-executor-4] INFO  server.GrpcLogAppender (GrpcLogAppender.java:onCompleted(292)) - 8bee0910-3428-4843-b403-19ca72997025->ee1ff1a7-a189-4b0e-b6a4-631626cf238a: follower responses appendEntries COMPLETED
2019-08-28 16:06:03,107 [grpc-default-executor-6] INFO  server.GrpcLogAppender (GrpcLogAppender.java:onCompleted(292)) - 8bee0910-3428-4843-b403-19ca72997025->e84d1ee1-da1d-4c14-8806-6ad12653b5a4: follower responses appendEntries COMPLETED
2019-08-28 16:06:03,110 [grpc-default-executor-4] INFO  impl.FollowerInfo (FollowerInfo.java:lambda$new$0(50)) - 8bee0910-3428-4843-b403-19ca72997025->ee1ff1a7-a189-4b0e-b6a4-631626cf238a: nextIndex: updateUnconditionally 17 -> 16
2019-08-28 16:06:03,107 [ForkJoinPool.commonPool-worker-1] INFO  impl.StateMachineUpdater (StateMachineUpdater.java:stopAndJoin(115)) - StateMachineUpdater:8bee0910-3428-4843-b403-19ca72997025:group-6566AE5EEA9D: set stopIndex = 0
2019-08-28 16:06:03,110 [grpc-default-executor-6] INFO  impl.FollowerInfo (FollowerInfo.java:lambda$new$0(50)) - 8bee0910-3428-4843-b403-19ca72997025->e84d1ee1-da1d-4c14-8806-6ad12653b5a4: nextIndex: updateUnconditionally 17 -> 16
2019-08-28 16:06:03,111 [ForkJoinPool.commonPool-worker-1] INFO  impl.RaftServerImpl (ServerState.java:close(394)) - 8bee0910-3428-4843-b403-19ca72997025:group-6566AE5EEA9D closes. The last applied log index is 0
2019-08-28 16:06:03,111 [8bee0910-3428-4843-b403-19ca72997025-SegmentedRaftLogWorker:Storage Directory /workdir/hadoop-ozone/integration-test/target/test-dir/MiniOzoneClusterImpl-b4e114d8-6e30-44e2-8e8d-493332923df2/datanode-2/data/ratis/13a8b347-5a96-4708-a40e-6566ae5eea9d] INFO  segmented.SegmentedRaftLogWorker (SegmentedRaftLogWorker.java:run(313)) - 8bee0910-3428-4843-b403-19ca72997025-SegmentedRaftLogWorker:Storage Directory /workdir/hadoop-ozone/integration-test/target/test-dir/MiniOzoneClusterImpl-b4e114d8-6e30-44e2-8e8d-493332923df2/datanode-2/data/ratis/13a8b347-5a96-4708-a40e-6566ae5eea9d was interrupted, exiting. There are 0 tasks remaining in the queue.
2019-08-28 16:06:03,115 [ForkJoinPool.commonPool-worker-1] INFO  segmented.SegmentedRaftLogWorker (SegmentedRaftLogWorker.java:close(228)) - 8bee0910-3428-4843-b403-19ca72997025-SegmentedRaftLogWorker:Storage Directory /workdir/hadoop-ozone/integration-test/target/test-dir/MiniOzoneClusterImpl-b4e114d8-6e30-44e2-8e8d-493332923df2/datanode-2/data/ratis/13a8b347-5a96-4708-a40e-6566ae5eea9d close()
2019-08-28 16:06:03,123 [StateMachineUpdater:8bee0910-3428-4843-b403-19ca72997025:group-3F19163A3C89] INFO  ratis.ContainerStateMachine (ContainerStateMachine.java:takeSnapshot(295)) - group-3F19163A3C89: Finished taking a snapshot at:(t:1, i:14) file:/workdir/hadoop-ozone/integration-test/target/test-dir/MiniOzoneClusterImpl-b4e114d8-6e30-44e2-8e8d-493332923df2/datanode-2/data/ratis/972f458a-a4c0-4b84-bf3e-3f19163a3c89/sm/snapshot.1_14 time:16
2019-08-28 16:06:03,123 | INFO  | SCMAudit | user=jenkins1000 | ip=192.168.34.1 | op=SEND_HEARTBEAT {datanodeUUID=efaffdcb-0ab5-48a3-a06a-abf9808d0da1, command=[]} | ret=SUCCESS |  
2019-08-28 16:06:03,123 [StateMachineUpdater:8bee0910-3428-4843-b403-19ca72997025:group-3F19163A3C89] INFO  impl.StateMachineUpdater (StateMachineUpdater.java:takeSnapshot(242)) - StateMachineUpdater:8bee0910-3428-4843-b403-19ca72997025:group-3F19163A3C89: Took a snapshot at index 14
2019-08-28 16:06:03,123 [StateMachineUpdater:8bee0910-3428-4843-b403-19ca72997025:group-3F19163A3C89] INFO  impl.StateMachineUpdater (StateMachineUpdater.java:lambda$new$0(80)) - StateMachineUpdater:8bee0910-3428-4843-b403-19ca72997025:group-3F19163A3C89: snapshotIndex: updateIncreasingly -1 -> 14
2019-08-28 16:06:03,124 [main] INFO  impl.RaftServerImpl (ServerState.java:close(394)) - 8bee0910-3428-4843-b403-19ca72997025:group-3F19163A3C89 closes. The last applied log index is 16
2019-08-28 16:06:03,124 [8bee0910-3428-4843-b403-19ca72997025-SegmentedRaftLogWorker:Storage Directory /workdir/hadoop-ozone/integration-test/target/test-dir/MiniOzoneClusterImpl-b4e114d8-6e30-44e2-8e8d-493332923df2/datanode-2/data/ratis/972f458a-a4c0-4b84-bf3e-3f19163a3c89] INFO  segmented.SegmentedRaftLogWorker (SegmentedRaftLogWorker.java:run(313)) - 8bee0910-3428-4843-b403-19ca72997025-SegmentedRaftLogWorker:Storage Directory /workdir/hadoop-ozone/integration-test/target/test-dir/MiniOzoneClusterImpl-b4e114d8-6e30-44e2-8e8d-493332923df2/datanode-2/data/ratis/972f458a-a4c0-4b84-bf3e-3f19163a3c89 was interrupted, exiting. There are 0 tasks remaining in the queue.
2019-08-28 16:06:03,127 [main] INFO  segmented.SegmentedRaftLogWorker (SegmentedRaftLogWorker.java:close(228)) - 8bee0910-3428-4843-b403-19ca72997025-SegmentedRaftLogWorker:Storage Directory /workdir/hadoop-ozone/integration-test/target/test-dir/MiniOzoneClusterImpl-b4e114d8-6e30-44e2-8e8d-493332923df2/datanode-2/data/ratis/972f458a-a4c0-4b84-bf3e-3f19163a3c89 close()
2019-08-28 16:06:03,131 [main] INFO  server.GrpcService (GrpcService.java:closeImpl(155)) - 8bee0910-3428-4843-b403-19ca72997025: shutdown server with port 35857 now
2019-08-28 16:06:03,132 [grpc-default-executor-4] WARN  client.GrpcClientProtocolService (LogUtils.java:warn(134)) - 3-UnorderedRequestStreamObserver3: onError: org.apache.ratis.thirdparty.io.grpc.StatusRuntimeException: CANCELLED: cancelled before receiving half close
2019-08-28 16:06:03,135 [main] INFO  server.GrpcService (GrpcService.java:closeImpl(163)) - 8bee0910-3428-4843-b403-19ca72997025: shutdown server with port 35857 successfully
2019-08-28 16:06:03,138 [refreshUsed-/workdir/hadoop-ozone/integration-test/target/test-dir/MiniOzoneClusterImpl-b4e114d8-6e30-44e2-8e8d-493332923df2/datanode-2/data/containers] WARN  fs.CachingGetSpaceUsed (CachingGetSpaceUsed.java:run(183)) - Thread Interrupted waiting to refresh disk information: sleep interrupted
2019-08-28 16:06:03,157 [main] INFO  utils.BackgroundService (BackgroundService.java:shutdown(148)) - Shutting down service BlockDeletingService
2019-08-28 16:06:03,165 [main] INFO  statemachine.DatanodeStateMachine (DatanodeStateMachine.java:stopDaemon(395)) - Ozone container server stopped.
2019-08-28 16:06:03,166 [main] INFO  handler.ContextHandler (ContextHandler.java:doStop(910)) - Stopped o.e.j.w.WebAppContext@3448a248{/,null,UNAVAILABLE}{/hddsDatanode}
2019-08-28 16:06:03,167 [main] INFO  server.AbstractConnector (AbstractConnector.java:doStop(318)) - Stopped ServerConnector@8788194{HTTP/1.1,[http/1.1]}{0.0.0.0:0}
2019-08-28 16:06:03,167 [main] INFO  handler.ContextHandler (ContextHandler.java:doStop(910)) - Stopped o.e.j.s.ServletContextHandler@4f9191c1{/static,jar:file:/home/user/.m2/repository/org/apache/hadoop/hadoop-hdds-container-service/0.5.0-SNAPSHOT/hadoop-hdds-container-service-0.5.0-SNAPSHOT.jar!/webapps/static,UNAVAILABLE}
2019-08-28 16:06:03,168 [main] INFO  handler.ContextHandler (ContextHandler.java:doStop(910)) - Stopped o.e.j.s.ServletContextHandler@5e752a2a{/logs,file:///workdir/hadoop-ozone/integration-test/target/log,UNAVAILABLE}
2019-08-28 16:06:03,282 | INFO  | SCMAudit | user=jenkins1000 | ip=192.168.34.1 | op=SEND_HEARTBEAT {datanodeUUID=7db29abf-ad28-40bc-bad4-61ba07f001a1, command=[]} | ret=SUCCESS |  
2019-08-28 16:06:03,448 | INFO  | SCMAudit | user=jenkins1000 | ip=192.168.34.1 | op=SEND_HEARTBEAT {datanodeUUID=d6f13b7d-b532-4c8e-b41b-ddacd18c9d79, command=[]} | ret=SUCCESS |  
2019-08-28 16:06:03,603 | INFO  | SCMAudit | user=jenkins1000 | ip=192.168.34.1 | op=SEND_HEARTBEAT {datanodeUUID=3cb7308a-f9d8-412c-b531-169dc3fab563, command=[]} | ret=SUCCESS |  
2019-08-28 16:06:03,872 | INFO  | SCMAudit | user=jenkins1000 | ip=192.168.34.1 | op=SEND_HEARTBEAT {datanodeUUID=e84d1ee1-da1d-4c14-8806-6ad12653b5a4, command=[commandType: closeContainerCommand closeContainerCommandProto { containerID: 1 pipelineID { id: "972f458a-a4c0-4b84-bf3e-3f19163a3c89" } cmdId: 1 force: false } ]} | ret=SUCCESS |  
2019-08-28 16:06:03,872 | INFO  | SCMAudit | user=jenkins1000 | ip=192.168.34.1 | op=SEND_HEARTBEAT {datanodeUUID=ee1ff1a7-a189-4b0e-b6a4-631626cf238a, command=[commandType: closeContainerCommand closeContainerCommandProto { containerID: 1 pipelineID { id: "972f458a-a4c0-4b84-bf3e-3f19163a3c89" } cmdId: 1 force: false } ]} | ret=SUCCESS |  
2019-08-28 16:06:04,123 | INFO  | SCMAudit | user=jenkins1000 | ip=192.168.34.1 | op=SEND_HEARTBEAT {datanodeUUID=efaffdcb-0ab5-48a3-a06a-abf9808d0da1, command=[]} | ret=SUCCESS |  
2019-08-28 16:06:04,281 | INFO  | SCMAudit | user=jenkins1000 | ip=192.168.34.1 | op=SEND_HEARTBEAT {datanodeUUID=7db29abf-ad28-40bc-bad4-61ba07f001a1, command=[]} | ret=SUCCESS |  
2019-08-28 16:06:04,449 | INFO  | SCMAudit | user=jenkins1000 | ip=192.168.34.1 | op=SEND_HEARTBEAT {datanodeUUID=d6f13b7d-b532-4c8e-b41b-ddacd18c9d79, command=[]} | ret=SUCCESS |  
2019-08-28 16:06:04,603 | INFO  | SCMAudit | user=jenkins1000 | ip=192.168.34.1 | op=SEND_HEARTBEAT {datanodeUUID=3cb7308a-f9d8-412c-b531-169dc3fab563, command=[]} | ret=SUCCESS |  
2019-08-28 16:06:04,871 | INFO  | SCMAudit | user=jenkins1000 | ip=192.168.34.1 | op=SEND_HEARTBEAT {datanodeUUID=e84d1ee1-da1d-4c14-8806-6ad12653b5a4, command=[]} | ret=SUCCESS |  
2019-08-28 16:06:04,871 | INFO  | SCMAudit | user=jenkins1000 | ip=192.168.34.1 | op=SEND_HEARTBEAT {datanodeUUID=ee1ff1a7-a189-4b0e-b6a4-631626cf238a, command=[]} | ret=SUCCESS |  
2019-08-28 16:06:04,887 | INFO  | SCMAudit | user=jenkins1000 | ip=192.168.34.1 | op=SEND_HEARTBEAT {datanodeUUID=ee1ff1a7-a189-4b0e-b6a4-631626cf238a, command=[]} | ret=SUCCESS |  
2019-08-28 16:06:05,124 | INFO  | SCMAudit | user=jenkins1000 | ip=192.168.34.1 | op=SEND_HEARTBEAT {datanodeUUID=efaffdcb-0ab5-48a3-a06a-abf9808d0da1, command=[]} | ret=SUCCESS |  
2019-08-28 16:06:05,183 [grpc-default-executor-3] INFO  client.GrpcClientProtocolClient (GrpcClientProtocolClient.java:onNext(255)) - client-614B6F5F84E8->e84d1ee1-da1d-4c14-8806-6ad12653b5a4: receive RaftClientReply:client-614B6F5F84E8->e84d1ee1-da1d-4c14-8806-6ad12653b5a4@group-3F19163A3C89, cid=185, FAILED org.apache.ratis.protocol.NotLeaderException: Server e84d1ee1-da1d-4c14-8806-6ad12653b5a4 is not the leader (8bee0910-3428-4843-b403-19ca72997025:192.168.34.1:35857). Request must be sent to leader., logIndex=0, commits[e84d1ee1-da1d-4c14-8806-6ad12653b5a4:c16, 8bee0910-3428-4843-b403-19ca72997025:c16, ee1ff1a7-a189-4b0e-b6a4-631626cf238a:c16]
2019-08-28 16:06:05,282 | INFO  | SCMAudit | user=jenkins1000 | ip=192.168.34.1 | op=SEND_HEARTBEAT {datanodeUUID=7db29abf-ad28-40bc-bad4-61ba07f001a1, command=[]} | ret=SUCCESS |  
2019-08-28 16:06:05,449 | INFO  | SCMAudit | user=jenkins1000 | ip=192.168.34.1 | op=SEND_HEARTBEAT {datanodeUUID=d6f13b7d-b532-4c8e-b41b-ddacd18c9d79, command=[]} | ret=SUCCESS |  
2019-08-28 16:06:05,603 | INFO  | SCMAudit | user=jenkins1000 | ip=192.168.34.1 | op=SEND_HEARTBEAT {datanodeUUID=3cb7308a-f9d8-412c-b531-169dc3fab563, command=[]} | ret=SUCCESS |  
2019-08-28 16:06:05,871 | INFO  | SCMAudit | user=jenkins1000 | ip=192.168.34.1 | op=SEND_HEARTBEAT {datanodeUUID=e84d1ee1-da1d-4c14-8806-6ad12653b5a4, command=[]} | ret=SUCCESS |  
2019-08-28 16:06:05,887 | INFO  | SCMAudit | user=jenkins1000 | ip=192.168.34.1 | op=SEND_HEARTBEAT {datanodeUUID=e84d1ee1-da1d-4c14-8806-6ad12653b5a4, command=[]} | ret=SUCCESS |  
2019-08-28 16:06:05,887 | INFO  | SCMAudit | user=jenkins1000 | ip=192.168.34.1 | op=SEND_HEARTBEAT {datanodeUUID=ee1ff1a7-a189-4b0e-b6a4-631626cf238a, command=[]} | ret=SUCCESS |  
2019-08-28 16:06:06,124 | INFO  | SCMAudit | user=jenkins1000 | ip=192.168.34.1 | op=SEND_HEARTBEAT {datanodeUUID=efaffdcb-0ab5-48a3-a06a-abf9808d0da1, command=[]} | ret=SUCCESS |  
2019-08-28 16:06:06,198 [grpc-default-executor-4] INFO  client.GrpcClientProtocolClient (GrpcClientProtocolClient.java:onNext(255)) - client-614B6F5F84E8->ee1ff1a7-a189-4b0e-b6a4-631626cf238a: receive RaftClientReply:client-614B6F5F84E8->ee1ff1a7-a189-4b0e-b6a4-631626cf238a@group-3F19163A3C89, cid=185, FAILED org.apache.ratis.protocol.NotLeaderException: Server ee1ff1a7-a189-4b0e-b6a4-631626cf238a is not the leader (8bee0910-3428-4843-b403-19ca72997025:192.168.34.1:35857). Request must be sent to leader., logIndex=0, commits[ee1ff1a7-a189-4b0e-b6a4-631626cf238a:c16, 8bee0910-3428-4843-b403-19ca72997025:c16, e84d1ee1-da1d-4c14-8806-6ad12653b5a4:c16]
2019-08-28 16:06:06,282 | INFO  | SCMAudit | user=jenkins1000 | ip=192.168.34.1 | op=SEND_HEARTBEAT {datanodeUUID=7db29abf-ad28-40bc-bad4-61ba07f001a1, command=[]} | ret=SUCCESS |  
2019-08-28 16:06:06,449 | INFO  | SCMAudit | user=jenkins1000 | ip=192.168.34.1 | op=SEND_HEARTBEAT {datanodeUUID=d6f13b7d-b532-4c8e-b41b-ddacd18c9d79, command=[]} | ret=SUCCESS |  
2019-08-28 16:06:06,604 | INFO  | SCMAudit | user=jenkins1000 | ip=192.168.34.1 | op=SEND_HEARTBEAT {datanodeUUID=3cb7308a-f9d8-412c-b531-169dc3fab563, command=[]} | ret=SUCCESS |  
2019-08-28 16:06:06,887 | INFO  | SCMAudit | user=jenkins1000 | ip=192.168.34.1 | op=SEND_HEARTBEAT {datanodeUUID=e84d1ee1-da1d-4c14-8806-6ad12653b5a4, command=[]} | ret=SUCCESS |  
2019-08-28 16:06:06,887 | INFO  | SCMAudit | user=jenkins1000 | ip=192.168.34.1 | op=SEND_HEARTBEAT {datanodeUUID=ee1ff1a7-a189-4b0e-b6a4-631626cf238a, command=[]} | ret=SUCCESS |  
2019-08-28 16:06:07,125 | INFO  | SCMAudit | user=jenkins1000 | ip=192.168.34.1 | op=SEND_HEARTBEAT {datanodeUUID=efaffdcb-0ab5-48a3-a06a-abf9808d0da1, command=[]} | ret=SUCCESS |  
2019-08-28 16:06:07,214 [grpc-default-executor-3] INFO  client.GrpcClientProtocolClient (GrpcClientProtocolClient.java:onNext(255)) - client-614B6F5F84E8->ee1ff1a7-a189-4b0e-b6a4-631626cf238a: receive RaftClientReply:client-614B6F5F84E8->ee1ff1a7-a189-4b0e-b6a4-631626cf238a@group-3F19163A3C89, cid=185, FAILED org.apache.ratis.protocol.NotLeaderException: Server ee1ff1a7-a189-4b0e-b6a4-631626cf238a is not the leader (8bee0910-3428-4843-b403-19ca72997025:192.168.34.1:35857). Request must be sent to leader., logIndex=0, commits[ee1ff1a7-a189-4b0e-b6a4-631626cf238a:c16, 8bee0910-3428-4843-b403-19ca72997025:c16, e84d1ee1-da1d-4c14-8806-6ad12653b5a4:c16]
2019-08-28 16:06:07,282 | INFO  | SCMAudit | user=jenkins1000 | ip=192.168.34.1 | op=SEND_HEARTBEAT {datanodeUUID=7db29abf-ad28-40bc-bad4-61ba07f001a1, command=[]} | ret=SUCCESS |  
2019-08-28 16:06:07,450 | INFO  | SCMAudit | user=jenkins1000 | ip=192.168.34.1 | op=SEND_HEARTBEAT {datanodeUUID=d6f13b7d-b532-4c8e-b41b-ddacd18c9d79, command=[]} | ret=SUCCESS |  
2019-08-28 16:06:07,604 | INFO  | SCMAudit | user=jenkins1000 | ip=192.168.34.1 | op=SEND_HEARTBEAT {datanodeUUID=3cb7308a-f9d8-412c-b531-169dc3fab563, command=[]} | ret=SUCCESS |  
2019-08-28 16:06:07,887 | INFO  | SCMAudit | user=jenkins1000 | ip=192.168.34.1 | op=SEND_HEARTBEAT {datanodeUUID=e84d1ee1-da1d-4c14-8806-6ad12653b5a4, command=[]} | ret=SUCCESS |  
2019-08-28 16:06:07,887 | INFO  | SCMAudit | user=jenkins1000 | ip=192.168.34.1 | op=SEND_HEARTBEAT {datanodeUUID=ee1ff1a7-a189-4b0e-b6a4-631626cf238a, command=[]} | ret=SUCCESS |  
2019-08-28 16:06:08,125 | INFO  | SCMAudit | user=jenkins1000 | ip=192.168.34.1 | op=SEND_HEARTBEAT {datanodeUUID=efaffdcb-0ab5-48a3-a06a-abf9808d0da1, command=[]} | ret=SUCCESS |  
2019-08-28 16:06:08,229 [grpc-default-executor-6] INFO  client.GrpcClientProtocolClient (GrpcClientProtocolClient.java:onNext(255)) - client-614B6F5F84E8->e84d1ee1-da1d-4c14-8806-6ad12653b5a4: receive RaftClientReply:client-614B6F5F84E8->e84d1ee1-da1d-4c14-8806-6ad12653b5a4@group-3F19163A3C89, cid=185, FAILED org.apache.ratis.protocol.NotLeaderException: Server e84d1ee1-da1d-4c14-8806-6ad12653b5a4 is not the leader (8bee0910-3428-4843-b403-19ca72997025:192.168.34.1:35857). Request must be sent to leader., logIndex=0, commits[e84d1ee1-da1d-4c14-8806-6ad12653b5a4:c16, 8bee0910-3428-4843-b403-19ca72997025:c16, ee1ff1a7-a189-4b0e-b6a4-631626cf238a:c16]
2019-08-28 16:06:08,283 | INFO  | SCMAudit | user=jenkins1000 | ip=192.168.34.1 | op=SEND_HEARTBEAT {datanodeUUID=7db29abf-ad28-40bc-bad4-61ba07f001a1, command=[]} | ret=SUCCESS |  
2019-08-28 16:06:08,450 | INFO  | SCMAudit | user=jenkins1000 | ip=192.168.34.1 | op=SEND_HEARTBEAT {datanodeUUID=d6f13b7d-b532-4c8e-b41b-ddacd18c9d79, command=[]} | ret=SUCCESS |  
2019-08-28 16:06:08,604 | INFO  | SCMAudit | user=jenkins1000 | ip=192.168.34.1 | op=SEND_HEARTBEAT {datanodeUUID=3cb7308a-f9d8-412c-b531-169dc3fab563, command=[]} | ret=SUCCESS |  
2019-08-28 16:06:08,887 | INFO  | SCMAudit | user=jenkins1000 | ip=192.168.34.1 | op=SEND_HEARTBEAT {datanodeUUID=e84d1ee1-da1d-4c14-8806-6ad12653b5a4, command=[]} | ret=SUCCESS |  
2019-08-28 16:06:08,887 | INFO  | SCMAudit | user=jenkins1000 | ip=192.168.34.1 | op=SEND_HEARTBEAT {datanodeUUID=ee1ff1a7-a189-4b0e-b6a4-631626cf238a, command=[]} | ret=SUCCESS |  
2019-08-28 16:06:09,125 | INFO  | SCMAudit | user=jenkins1000 | ip=192.168.34.1 | op=SEND_HEARTBEAT {datanodeUUID=efaffdcb-0ab5-48a3-a06a-abf9808d0da1, command=[]} | ret=SUCCESS |  
2019-08-28 16:06:09,246 [grpc-default-executor-4] INFO  client.GrpcClientProtocolClient (GrpcClientProtocolClient.java:onNext(255)) - client-614B6F5F84E8->ee1ff1a7-a189-4b0e-b6a4-631626cf238a: receive RaftClientReply:client-614B6F5F84E8->ee1ff1a7-a189-4b0e-b6a4-631626cf238a@group-3F19163A3C89, cid=185, FAILED org.apache.ratis.protocol.NotLeaderException: Server ee1ff1a7-a189-4b0e-b6a4-631626cf238a is not the leader (8bee0910-3428-4843-b403-19ca72997025:192.168.34.1:35857). Request must be sent to leader., logIndex=0, commits[ee1ff1a7-a189-4b0e-b6a4-631626cf238a:c16, 8bee0910-3428-4843-b403-19ca72997025:c16, e84d1ee1-da1d-4c14-8806-6ad12653b5a4:c16]
2019-08-28 16:06:09,282 | INFO  | SCMAudit | user=jenkins1000 | ip=192.168.34.1 | op=SEND_HEARTBEAT {datanodeUUID=7db29abf-ad28-40bc-bad4-61ba07f001a1, command=[]} | ret=SUCCESS |  
2019-08-28 16:06:09,449 | INFO  | SCMAudit | user=jenkins1000 | ip=192.168.34.1 | op=SEND_HEARTBEAT {datanodeUUID=d6f13b7d-b532-4c8e-b41b-ddacd18c9d79, command=[]} | ret=SUCCESS |  
2019-08-28 16:06:09,603 | INFO  | SCMAudit | user=jenkins1000 | ip=192.168.34.1 | op=SEND_HEARTBEAT {datanodeUUID=3cb7308a-f9d8-412c-b531-169dc3fab563, command=[]} | ret=SUCCESS |  
2019-08-28 16:06:09,887 | INFO  | SCMAudit | user=jenkins1000 | ip=192.168.34.1 | op=SEND_HEARTBEAT {datanodeUUID=e84d1ee1-da1d-4c14-8806-6ad12653b5a4, command=[]} | ret=SUCCESS |  
2019-08-28 16:06:09,887 | INFO  | SCMAudit | user=jenkins1000 | ip=192.168.34.1 | op=SEND_HEARTBEAT {datanodeUUID=ee1ff1a7-a189-4b0e-b6a4-631626cf238a, command=[]} | ret=SUCCESS |  
2019-08-28 16:06:10,125 | INFO  | SCMAudit | user=jenkins1000 | ip=192.168.34.1 | op=SEND_HEARTBEAT {datanodeUUID=efaffdcb-0ab5-48a3-a06a-abf9808d0da1, command=[]} | ret=SUCCESS |  
2019-08-28 16:06:10,263 [grpc-default-executor-6] INFO  client.GrpcClientProtocolClient (GrpcClientProtocolClient.java:onNext(255)) - client-614B6F5F84E8->e84d1ee1-da1d-4c14-8806-6ad12653b5a4: receive RaftClientReply:client-614B6F5F84E8->e84d1ee1-da1d-4c14-8806-6ad12653b5a4@group-3F19163A3C89, cid=185, FAILED org.apache.ratis.protocol.NotLeaderException: Server e84d1ee1-da1d-4c14-8806-6ad12653b5a4 is not the leader (8bee0910-3428-4843-b403-19ca72997025:192.168.34.1:35857). Request must be sent to leader., logIndex=0, commits[e84d1ee1-da1d-4c14-8806-6ad12653b5a4:c16, 8bee0910-3428-4843-b403-19ca72997025:c16, ee1ff1a7-a189-4b0e-b6a4-631626cf238a:c16]
2019-08-28 16:06:10,283 | INFO  | SCMAudit | user=jenkins1000 | ip=192.168.34.1 | op=SEND_HEARTBEAT {datanodeUUID=7db29abf-ad28-40bc-bad4-61ba07f001a1, command=[]} | ret=SUCCESS |  
2019-08-28 16:06:10,449 | INFO  | SCMAudit | user=jenkins1000 | ip=192.168.34.1 | op=SEND_HEARTBEAT {datanodeUUID=d6f13b7d-b532-4c8e-b41b-ddacd18c9d79, command=[]} | ret=SUCCESS |  
2019-08-28 16:06:10,603 | INFO  | SCMAudit | user=jenkins1000 | ip=192.168.34.1 | op=SEND_HEARTBEAT {datanodeUUID=3cb7308a-f9d8-412c-b531-169dc3fab563, command=[]} | ret=SUCCESS |  
2019-08-28 16:06:10,887 | INFO  | SCMAudit | user=jenkins1000 | ip=192.168.34.1 | op=SEND_HEARTBEAT {datanodeUUID=ee1ff1a7-a189-4b0e-b6a4-631626cf238a, command=[]} | ret=SUCCESS |  
2019-08-28 16:06:10,887 | INFO  | SCMAudit | user=jenkins1000 | ip=192.168.34.1 | op=SEND_HEARTBEAT {datanodeUUID=e84d1ee1-da1d-4c14-8806-6ad12653b5a4, command=[]} | ret=SUCCESS |  
2019-08-28 16:06:11,126 | INFO  | SCMAudit | user=jenkins1000 | ip=192.168.34.1 | op=SEND_HEARTBEAT {datanodeUUID=efaffdcb-0ab5-48a3-a06a-abf9808d0da1, command=[]} | ret=SUCCESS |  
2019-08-28 16:06:11,279 [grpc-default-executor-3] INFO  client.GrpcClientProtocolClient (GrpcClientProtocolClient.java:onNext(255)) - client-614B6F5F84E8->e84d1ee1-da1d-4c14-8806-6ad12653b5a4: receive RaftClientReply:client-614B6F5F84E8->e84d1ee1-da1d-4c14-8806-6ad12653b5a4@group-3F19163A3C89, cid=185, FAILED org.apache.ratis.protocol.NotLeaderException: Server e84d1ee1-da1d-4c14-8806-6ad12653b5a4 is not the leader (8bee0910-3428-4843-b403-19ca72997025:192.168.34.1:35857). Request must be sent to leader., logIndex=0, commits[e84d1ee1-da1d-4c14-8806-6ad12653b5a4:c16, 8bee0910-3428-4843-b403-19ca72997025:c16, ee1ff1a7-a189-4b0e-b6a4-631626cf238a:c16]
2019-08-28 16:06:11,283 | INFO  | SCMAudit | user=jenkins1000 | ip=192.168.34.1 | op=SEND_HEARTBEAT {datanodeUUID=7db29abf-ad28-40bc-bad4-61ba07f001a1, command=[]} | ret=SUCCESS |  
2019-08-28 16:06:11,449 | INFO  | SCMAudit | user=jenkins1000 | ip=192.168.34.1 | op=SEND_HEARTBEAT {datanodeUUID=d6f13b7d-b532-4c8e-b41b-ddacd18c9d79, command=[]} | ret=SUCCESS |  
2019-08-28 16:06:11,603 | INFO  | SCMAudit | user=jenkins1000 | ip=192.168.34.1 | op=SEND_HEARTBEAT {datanodeUUID=3cb7308a-f9d8-412c-b531-169dc3fab563, command=[]} | ret=SUCCESS |  
2019-08-28 16:06:11,887 | INFO  | SCMAudit | user=jenkins1000 | ip=192.168.34.1 | op=SEND_HEARTBEAT {datanodeUUID=ee1ff1a7-a189-4b0e-b6a4-631626cf238a, command=[]} | ret=SUCCESS |  
2019-08-28 16:06:11,887 | INFO  | SCMAudit | user=jenkins1000 | ip=192.168.34.1 | op=SEND_HEARTBEAT {datanodeUUID=e84d1ee1-da1d-4c14-8806-6ad12653b5a4, command=[]} | ret=SUCCESS |  
2019-08-28 16:06:12,126 | INFO  | SCMAudit | user=jenkins1000 | ip=192.168.34.1 | op=SEND_HEARTBEAT {datanodeUUID=efaffdcb-0ab5-48a3-a06a-abf9808d0da1, command=[]} | ret=SUCCESS |  
2019-08-28 16:06:12,283 | INFO  | SCMAudit | user=jenkins1000 | ip=192.168.34.1 | op=SEND_HEARTBEAT {datanodeUUID=7db29abf-ad28-40bc-bad4-61ba07f001a1, command=[]} | ret=SUCCESS |  
2019-08-28 16:06:12,296 [grpc-default-executor-6] INFO  client.GrpcClientProtocolClient (GrpcClientProtocolClient.java:onNext(255)) - client-614B6F5F84E8->e84d1ee1-da1d-4c14-8806-6ad12653b5a4: receive RaftClientReply:client-614B6F5F84E8->e84d1ee1-da1d-4c14-8806-6ad12653b5a4@group-3F19163A3C89, cid=185, FAILED org.apache.ratis.protocol.NotLeaderException: Server e84d1ee1-da1d-4c14-8806-6ad12653b5a4 is not the leader (8bee0910-3428-4843-b403-19ca72997025:192.168.34.1:35857). Request must be sent to leader., logIndex=0, commits[e84d1ee1-da1d-4c14-8806-6ad12653b5a4:c16, 8bee0910-3428-4843-b403-19ca72997025:c16, ee1ff1a7-a189-4b0e-b6a4-631626cf238a:c16]
2019-08-28 16:06:12,393 [Thread-3615] INFO  impl.FollowerState (FollowerState.java:run(106)) - ee1ff1a7-a189-4b0e-b6a4-631626cf238a:group-3F19163A3C89 changes to CANDIDATE, lastRpcTime:9301, electionTimeout:5079ms
2019-08-28 16:06:12,393 [Thread-3615] INFO  impl.RoleInfo (RoleInfo.java:shutdownFollowerState(121)) - ee1ff1a7-a189-4b0e-b6a4-631626cf238a: shutdown FollowerState
2019-08-28 16:06:12,394 [Thread-3615] INFO  impl.RaftServerImpl (RaftServerImpl.java:setRole(171)) - ee1ff1a7-a189-4b0e-b6a4-631626cf238a:group-3F19163A3C89 changes role from FOLLOWER to CANDIDATE at term 1 for changeToCandidate
2019-08-28 16:06:12,394 [Thread-3615] INFO  impl.RoleInfo (RoleInfo.java:updateAndGet(143)) - ee1ff1a7-a189-4b0e-b6a4-631626cf238a: start LeaderElection
2019-08-28 16:06:12,397 [ee1ff1a7-a189-4b0e-b6a4-631626cf238a:group-3F19163A3C89:LeaderElection79] INFO  impl.RaftServerImpl (ServerState.java:setLeader(263)) - ee1ff1a7-a189-4b0e-b6a4-631626cf238a:group-3F19163A3C89 change Leader from 8bee0910-3428-4843-b403-19ca72997025 to null at term 1 for initElection
2019-08-28 16:06:12,411 [ee1ff1a7-a189-4b0e-b6a4-631626cf238a:group-3F19163A3C89:LeaderElection79] INFO  impl.LeaderElection (LeaderElection.java:askForVotes(181)) - ee1ff1a7-a189-4b0e-b6a4-631626cf238a:group-3F19163A3C89:LeaderElection79: begin an election at term 2 for 0: [8bee0910-3428-4843-b403-19ca72997025:192.168.34.1:35857, ee1ff1a7-a189-4b0e-b6a4-631626cf238a:192.168.34.1:35124, e84d1ee1-da1d-4c14-8806-6ad12653b5a4:192.168.34.1:36516], old=null
2019-08-28 16:06:12,413 [ee1ff1a7-a189-4b0e-b6a4-631626cf238a:group-3F19163A3C89:LeaderElection79] INFO  impl.LeaderElection (LogUtils.java:infoOrTrace(149)) - ee1ff1a7-a189-4b0e-b6a4-631626cf238a:group-3F19163A3C89:LeaderElection79 got exception when requesting votes: {}
java.util.concurrent.ExecutionException: org.apache.ratis.thirdparty.io.grpc.StatusRuntimeException: UNAVAILABLE: io exception
	at java.util.concurrent.FutureTask.report(FutureTask.java:122)
	at java.util.concurrent.FutureTask.get(FutureTask.java:192)
	at org.apache.ratis.server.impl.LeaderElection.waitForResults(LeaderElection.java:262)
	at org.apache.ratis.server.impl.LeaderElection.askForVotes(LeaderElection.java:200)
	at org.apache.ratis.server.impl.LeaderElection.run(LeaderElection.java:130)
	at java.lang.Thread.run(Thread.java:748)
Caused by: org.apache.ratis.thirdparty.io.grpc.StatusRuntimeException: UNAVAILABLE: io exception
	at org.apache.ratis.thirdparty.io.grpc.stub.ClientCalls.toStatusRuntimeException(ClientCalls.java:233)
	at org.apache.ratis.thirdparty.io.grpc.stub.ClientCalls.getUnchecked(ClientCalls.java:214)
	at org.apache.ratis.thirdparty.io.grpc.stub.ClientCalls.blockingUnaryCall(ClientCalls.java:139)
	at org.apache.ratis.proto.grpc.RaftServerProtocolServiceGrpc$RaftServerProtocolServiceBlockingStub.requestVote(RaftServerProtocolServiceGrpc.java:265)
	at org.apache.ratis.grpc.server.GrpcServerProtocolClient.requestVote(GrpcServerProtocolClient.java:83)
	at org.apache.ratis.grpc.server.GrpcService.requestVote(GrpcService.java:195)
	at org.apache.ratis.server.impl.LeaderElection.lambda$submitRequests$1(LeaderElection.java:237)
	at java.util.concurrent.FutureTask.run(FutureTask.java:266)
	at java.util.concurrent.Executors$RunnableAdapter.call(Executors.java:511)
	at java.util.concurrent.FutureTask.run(FutureTask.java:266)
	at java.util.concurrent.ThreadPoolExecutor.runWorker(ThreadPoolExecutor.java:1149)
	at java.util.concurrent.ThreadPoolExecutor$Worker.run(ThreadPoolExecutor.java:624)
	... 1 more
Caused by: org.apache.ratis.thirdparty.io.netty.channel.AbstractChannel$AnnotatedConnectException: Connection refused: /192.168.34.1:35857
	at sun.nio.ch.SocketChannelImpl.checkConnect(Native Method)
	at sun.nio.ch.SocketChannelImpl.finishConnect(SocketChannelImpl.java:717)
	at org.apache.ratis.thirdparty.io.netty.channel.socket.nio.NioSocketChannel.doFinishConnect(NioSocketChannel.java:327)
	at org.apache.ratis.thirdparty.io.netty.channel.nio.AbstractNioChannel$AbstractNioUnsafe.finishConnect(AbstractNioChannel.java:340)
	at org.apache.ratis.thirdparty.io.netty.channel.nio.NioEventLoop.processSelectedKey(NioEventLoop.java:632)
	at org.apache.ratis.thirdparty.io.netty.channel.nio.NioEventLoop.processSelectedKeysOptimized(NioEventLoop.java:579)
	at org.apache.ratis.thirdparty.io.netty.channel.nio.NioEventLoop.processSelectedKeys(NioEventLoop.java:496)
	at org.apache.ratis.thirdparty.io.netty.channel.nio.NioEventLoop.run(NioEventLoop.java:458)
	at org.apache.ratis.thirdparty.io.netty.util.concurrent.SingleThreadEventExecutor$5.run(SingleThreadEventExecutor.java:897)
	at org.apache.ratis.thirdparty.io.netty.util.concurrent.FastThreadLocalRunnable.run(FastThreadLocalRunnable.java:30)
	... 1 more
Caused by: java.net.ConnectException: Connection refused
	... 11 more
2019-08-28 16:06:12,418 [grpc-default-executor-6] INFO  impl.RaftServerImpl (ServerState.java:setLeader(263)) - e84d1ee1-da1d-4c14-8806-6ad12653b5a4:group-3F19163A3C89 change Leader from 8bee0910-3428-4843-b403-19ca72997025 to null at term 2 for updateCurrentTerm
2019-08-28 16:06:12,418 [grpc-default-executor-6] INFO  impl.RaftServerImpl (RaftServerImpl.java:setRole(171)) - e84d1ee1-da1d-4c14-8806-6ad12653b5a4:group-3F19163A3C89 changes role from FOLLOWER to FOLLOWER at term 2 for recognizeCandidate:ee1ff1a7-a189-4b0e-b6a4-631626cf238a
2019-08-28 16:06:12,418 [grpc-default-executor-6] INFO  impl.RoleInfo (RoleInfo.java:shutdownFollowerState(121)) - e84d1ee1-da1d-4c14-8806-6ad12653b5a4: shutdown FollowerState
2019-08-28 16:06:12,418 [grpc-default-executor-6] INFO  impl.RoleInfo (RoleInfo.java:updateAndGet(143)) - e84d1ee1-da1d-4c14-8806-6ad12653b5a4: start FollowerState
2019-08-28 16:06:12,418 [Thread-3616] INFO  impl.FollowerState (FollowerState.java:run(114)) - e84d1ee1-da1d-4c14-8806-6ad12653b5a4: FollowerState was interrupted: java.lang.InterruptedException: sleep interrupted
2019-08-28 16:06:12,438 [ee1ff1a7-a189-4b0e-b6a4-631626cf238a:group-3F19163A3C89:LeaderElection79] INFO  impl.LeaderElection (LeaderElection.java:logAndReturn(56)) - ee1ff1a7-a189-4b0e-b6a4-631626cf238a:group-3F19163A3C89:LeaderElection79: Election PASSED; received 1 response(s) [ee1ff1a7-a189-4b0e-b6a4-631626cf238a<-e84d1ee1-da1d-4c14-8806-6ad12653b5a4#0:OK-t2] and 1 exception(s); ee1ff1a7-a189-4b0e-b6a4-631626cf238a:t2, leader=null, voted=ee1ff1a7-a189-4b0e-b6a4-631626cf238a, raftlog=ee1ff1a7-a189-4b0e-b6a4-631626cf238a-SegmentedRaftLog:OPENED:c16,f16,i16, conf=0: [8bee0910-3428-4843-b403-19ca72997025:192.168.34.1:35857, ee1ff1a7-a189-4b0e-b6a4-631626cf238a:192.168.34.1:35124, e84d1ee1-da1d-4c14-8806-6ad12653b5a4:192.168.34.1:36516], old=null
2019-08-28 16:06:12,438 [ee1ff1a7-a189-4b0e-b6a4-631626cf238a:group-3F19163A3C89:LeaderElection79] INFO  impl.LeaderElection (LogUtils.java:infoOrTrace(149)) -   Exception 0: {}
java.util.concurrent.ExecutionException: org.apache.ratis.thirdparty.io.grpc.StatusRuntimeException: UNAVAILABLE: io exception
	at java.util.concurrent.FutureTask.report(FutureTask.java:122)
	at java.util.concurrent.FutureTask.get(FutureTask.java:192)
	at org.apache.ratis.server.impl.LeaderElection.waitForResults(LeaderElection.java:262)
	at org.apache.ratis.server.impl.LeaderElection.askForVotes(LeaderElection.java:200)
	at org.apache.ratis.server.impl.LeaderElection.run(LeaderElection.java:130)
	at java.lang.Thread.run(Thread.java:748)
Caused by: org.apache.ratis.thirdparty.io.grpc.StatusRuntimeException: UNAVAILABLE: io exception
	at org.apache.ratis.thirdparty.io.grpc.stub.ClientCalls.toStatusRuntimeException(ClientCalls.java:233)
	at org.apache.ratis.thirdparty.io.grpc.stub.ClientCalls.getUnchecked(ClientCalls.java:214)
	at org.apache.ratis.thirdparty.io.grpc.stub.ClientCalls.blockingUnaryCall(ClientCalls.java:139)
	at org.apache.ratis.proto.grpc.RaftServerProtocolServiceGrpc$RaftServerProtocolServiceBlockingStub.requestVote(RaftServerProtocolServiceGrpc.java:265)
	at org.apache.ratis.grpc.server.GrpcServerProtocolClient.requestVote(GrpcServerProtocolClient.java:83)
	at org.apache.ratis.grpc.server.GrpcService.requestVote(GrpcService.java:195)
	at org.apache.ratis.server.impl.LeaderElection.lambda$submitRequests$1(LeaderElection.java:237)
	at java.util.concurrent.FutureTask.run(FutureTask.java:266)
	at java.util.concurrent.Executors$RunnableAdapter.call(Executors.java:511)
	at java.util.concurrent.FutureTask.run(FutureTask.java:266)
	at java.util.concurrent.ThreadPoolExecutor.runWorker(ThreadPoolExecutor.java:1149)
	at java.util.concurrent.ThreadPoolExecutor$Worker.run(ThreadPoolExecutor.java:624)
	... 1 more
Caused by: org.apache.ratis.thirdparty.io.netty.channel.AbstractChannel$AnnotatedConnectException: Connection refused: /192.168.34.1:35857
	at sun.nio.ch.SocketChannelImpl.checkConnect(Native Method)
	at sun.nio.ch.SocketChannelImpl.finishConnect(SocketChannelImpl.java:717)
	at org.apache.ratis.thirdparty.io.netty.channel.socket.nio.NioSocketChannel.doFinishConnect(NioSocketChannel.java:327)
	at org.apache.ratis.thirdparty.io.netty.channel.nio.AbstractNioChannel$AbstractNioUnsafe.finishConnect(AbstractNioChannel.java:340)
	at org.apache.ratis.thirdparty.io.netty.channel.nio.NioEventLoop.processSelectedKey(NioEventLoop.java:632)
	at org.apache.ratis.thirdparty.io.netty.channel.nio.NioEventLoop.processSelectedKeysOptimized(NioEventLoop.java:579)
	at org.apache.ratis.thirdparty.io.netty.channel.nio.NioEventLoop.processSelectedKeys(NioEventLoop.java:496)
	at org.apache.ratis.thirdparty.io.netty.channel.nio.NioEventLoop.run(NioEventLoop.java:458)
	at org.apache.ratis.thirdparty.io.netty.util.concurrent.SingleThreadEventExecutor$5.run(SingleThreadEventExecutor.java:897)
	at org.apache.ratis.thirdparty.io.netty.util.concurrent.FastThreadLocalRunnable.run(FastThreadLocalRunnable.java:30)
	... 1 more
Caused by: java.net.ConnectException: Connection refused
	... 11 more
2019-08-28 16:06:12,438 [ee1ff1a7-a189-4b0e-b6a4-631626cf238a:group-3F19163A3C89:LeaderElection79] INFO  impl.RoleInfo (RoleInfo.java:shutdownLeaderElection(134)) - ee1ff1a7-a189-4b0e-b6a4-631626cf238a: shutdown LeaderElection
2019-08-28 16:06:12,439 [ee1ff1a7-a189-4b0e-b6a4-631626cf238a:group-3F19163A3C89:LeaderElection79] INFO  impl.RaftServerImpl (RaftServerImpl.java:setRole(171)) - ee1ff1a7-a189-4b0e-b6a4-631626cf238a:group-3F19163A3C89 changes role from CANDIDATE to LEADER at term 2 for changeToLeader
2019-08-28 16:06:12,439 [ee1ff1a7-a189-4b0e-b6a4-631626cf238a:group-3F19163A3C89:LeaderElection79] INFO  impl.RaftServerImpl (ServerState.java:setLeader(263)) - ee1ff1a7-a189-4b0e-b6a4-631626cf238a:group-3F19163A3C89 change Leader from null to ee1ff1a7-a189-4b0e-b6a4-631626cf238a at term 2 for becomeLeader, leader elected after 42ms
2019-08-28 16:06:12,439 [ee1ff1a7-a189-4b0e-b6a4-631626cf238a:group-3F19163A3C89:LeaderElection79] INFO  server.RaftServerConfigKeys (ConfUtils.java:logGet(43)) - raft.server.staging.catchup.gap = 1000 (default)
2019-08-28 16:06:12,439 [ee1ff1a7-a189-4b0e-b6a4-631626cf238a:group-3F19163A3C89:LeaderElection79] INFO  server.RaftServerConfigKeys (ConfUtils.java:logGet(43)) - raft.server.rpc.sleep.time = 25ms (default)
2019-08-28 16:06:12,439 [ee1ff1a7-a189-4b0e-b6a4-631626cf238a:group-3F19163A3C89:LeaderElection79] INFO  server.RaftServerConfigKeys (ConfUtils.java:logGet(43)) - raft.server.write.element-limit = 4096 (default)
2019-08-28 16:06:12,439 [ee1ff1a7-a189-4b0e-b6a4-631626cf238a:group-3F19163A3C89:LeaderElection79] INFO  server.RaftServerConfigKeys (ConfUtils.java:logGet(43)) - raft.server.watch.timeout = 10s (default)
2019-08-28 16:06:12,440 [ee1ff1a7-a189-4b0e-b6a4-631626cf238a:group-3F19163A3C89:LeaderElection79] INFO  server.RaftServerConfigKeys (ConfUtils.java:logGet(43)) - raft.server.watch.timeout.denomination = 1s (default)
2019-08-28 16:06:12,440 [ee1ff1a7-a189-4b0e-b6a4-631626cf238a:group-3F19163A3C89:LeaderElection79] INFO  server.RaftServerConfigKeys (ConfUtils.java:logGet(43)) - raft.server.watch.element-limit = 65536 (default)
2019-08-28 16:06:12,440 [ee1ff1a7-a189-4b0e-b6a4-631626cf238a:group-3F19163A3C89:LeaderElection79] INFO  server.RaftServerConfigKeys (ConfUtils.java:logGet(43)) - raft.server.log.appender.snapshot.chunk.size.max = 16MB (=16777216) (default)
2019-08-28 16:06:12,440 [ee1ff1a7-a189-4b0e-b6a4-631626cf238a:group-3F19163A3C89:LeaderElection79] INFO  server.RaftServerConfigKeys (ConfUtils.java:logGet(43)) - raft.server.log.appender.buffer.byte-limit = 33554432 (custom)
2019-08-28 16:06:12,440 [ee1ff1a7-a189-4b0e-b6a4-631626cf238a:group-3F19163A3C89:LeaderElection79] INFO  server.RaftServerConfigKeys (ConfUtils.java:logGet(43)) - raft.server.log.appender.buffer.element-limit = 1 (custom)
2019-08-28 16:06:12,441 [ee1ff1a7-a189-4b0e-b6a4-631626cf238a:group-3F19163A3C89:LeaderElection79] INFO  grpc.GrpcConfigKeys$Server (ConfUtils.java:logGet(43)) - raft.grpc.server.leader.outstanding.appends.max = 128 (default)
2019-08-28 16:06:12,441 [ee1ff1a7-a189-4b0e-b6a4-631626cf238a:group-3F19163A3C89:LeaderElection79] INFO  server.RaftServerConfigKeys (ConfUtils.java:logGet(43)) - raft.server.rpc.request.timeout = 3000ms (default)
2019-08-28 16:06:12,441 [ee1ff1a7-a189-4b0e-b6a4-631626cf238a:group-3F19163A3C89:LeaderElection79] INFO  server.RaftServerConfigKeys (ConfUtils.java:logGet(43)) - raft.server.log.appender.install.snapshot.enabled = false (custom)
2019-08-28 16:06:12,441 [ee1ff1a7-a189-4b0e-b6a4-631626cf238a:group-3F19163A3C89:LeaderElection79] INFO  server.RaftServerConfigKeys (ConfUtils.java:logGet(43)) - raft.server.log.appender.snapshot.chunk.size.max = 16MB (=16777216) (default)
2019-08-28 16:06:12,441 [ee1ff1a7-a189-4b0e-b6a4-631626cf238a:group-3F19163A3C89:LeaderElection79] INFO  server.RaftServerConfigKeys (ConfUtils.java:logGet(43)) - raft.server.log.appender.buffer.byte-limit = 33554432 (custom)
2019-08-28 16:06:12,442 [ee1ff1a7-a189-4b0e-b6a4-631626cf238a:group-3F19163A3C89:LeaderElection79] INFO  server.RaftServerConfigKeys (ConfUtils.java:logGet(43)) - raft.server.log.appender.buffer.element-limit = 1 (custom)
2019-08-28 16:06:12,442 [ee1ff1a7-a189-4b0e-b6a4-631626cf238a:group-3F19163A3C89:LeaderElection79] INFO  grpc.GrpcConfigKeys$Server (ConfUtils.java:logGet(43)) - raft.grpc.server.leader.outstanding.appends.max = 128 (default)
2019-08-28 16:06:12,442 [ee1ff1a7-a189-4b0e-b6a4-631626cf238a:group-3F19163A3C89:LeaderElection79] INFO  server.RaftServerConfigKeys (ConfUtils.java:logGet(43)) - raft.server.rpc.request.timeout = 3000ms (default)
2019-08-28 16:06:12,442 [ee1ff1a7-a189-4b0e-b6a4-631626cf238a:group-3F19163A3C89:LeaderElection79] INFO  server.RaftServerConfigKeys (ConfUtils.java:logGet(43)) - raft.server.log.appender.install.snapshot.enabled = false (custom)
2019-08-28 16:06:12,442 [ee1ff1a7-a189-4b0e-b6a4-631626cf238a:group-3F19163A3C89:LeaderElection79] INFO  impl.RoleInfo (RoleInfo.java:updateAndGet(143)) - ee1ff1a7-a189-4b0e-b6a4-631626cf238a: start LeaderState
2019-08-28 16:06:12,443 [ee1ff1a7-a189-4b0e-b6a4-631626cf238a:group-3F19163A3C89:LeaderElection79] INFO  segmented.SegmentedRaftLogWorker (SegmentedRaftLogWorker.java:rollLogSegment(385)) - ee1ff1a7-a189-4b0e-b6a4-631626cf238a-SegmentedRaftLogWorker:Storage Directory /workdir/hadoop-ozone/integration-test/target/test-dir/MiniOzoneClusterImpl-b4e114d8-6e30-44e2-8e8d-493332923df2/datanode-0/data/ratis/972f458a-a4c0-4b84-bf3e-3f19163a3c89: Rolling segment log-0_16 to index:16
2019-08-28 16:06:12,444 [ee1ff1a7-a189-4b0e-b6a4-631626cf238a:group-3F19163A3C89:LeaderElection79] INFO  impl.RaftServerImpl (ServerState.java:setRaftConf(361)) - ee1ff1a7-a189-4b0e-b6a4-631626cf238a:group-3F19163A3C89 set configuration 17: [8bee0910-3428-4843-b403-19ca72997025:192.168.34.1:35857, ee1ff1a7-a189-4b0e-b6a4-631626cf238a:192.168.34.1:35124, e84d1ee1-da1d-4c14-8806-6ad12653b5a4:192.168.34.1:36516], old=null at 17
2019-08-28 16:06:12,444 [ee1ff1a7-a189-4b0e-b6a4-631626cf238a-SegmentedRaftLogWorker:Storage Directory /workdir/hadoop-ozone/integration-test/target/test-dir/MiniOzoneClusterImpl-b4e114d8-6e30-44e2-8e8d-493332923df2/datanode-0/data/ratis/972f458a-a4c0-4b84-bf3e-3f19163a3c89] INFO  segmented.SegmentedRaftLogWorker (SegmentedRaftLogWorker.java:execute(526)) - ee1ff1a7-a189-4b0e-b6a4-631626cf238a-SegmentedRaftLogWorker:Storage Directory /workdir/hadoop-ozone/integration-test/target/test-dir/MiniOzoneClusterImpl-b4e114d8-6e30-44e2-8e8d-493332923df2/datanode-0/data/ratis/972f458a-a4c0-4b84-bf3e-3f19163a3c89: Rolled log segment from /workdir/hadoop-ozone/integration-test/target/test-dir/MiniOzoneClusterImpl-b4e114d8-6e30-44e2-8e8d-493332923df2/datanode-0/data/ratis/972f458a-a4c0-4b84-bf3e-3f19163a3c89/current/log_inprogress_0 to /workdir/hadoop-ozone/integration-test/target/test-dir/MiniOzoneClusterImpl-b4e114d8-6e30-44e2-8e8d-493332923df2/datanode-0/data/ratis/972f458a-a4c0-4b84-bf3e-3f19163a3c89/current/log_0-16
2019-08-28 16:06:12,444 [grpc-default-executor-6] WARN  server.GrpcLogAppender (LogUtils.java:warn(134)) - ee1ff1a7-a189-4b0e-b6a4-631626cf238a->8bee0910-3428-4843-b403-19ca72997025: Failed appendEntries: org.apache.ratis.thirdparty.io.grpc.StatusRuntimeException: UNAVAILABLE: io exception
2019-08-28 16:06:12,445 [grpc-default-executor-6] INFO  impl.FollowerInfo (FollowerInfo.java:lambda$new$0(50)) - ee1ff1a7-a189-4b0e-b6a4-631626cf238a->8bee0910-3428-4843-b403-19ca72997025: nextIndex: updateUnconditionally 17 -> 1
2019-08-28 16:06:12,445 [grpc-default-executor-6] INFO  impl.RaftServerImpl (ServerState.java:setLeader(263)) - e84d1ee1-da1d-4c14-8806-6ad12653b5a4:group-3F19163A3C89 change Leader from null to ee1ff1a7-a189-4b0e-b6a4-631626cf238a at term 2 for appendEntries, leader elected after 27ms
2019-08-28 16:06:12,448 [grpc-default-executor-6] INFO  impl.RaftServerImpl (ServerState.java:setRaftConf(361)) - e84d1ee1-da1d-4c14-8806-6ad12653b5a4:group-3F19163A3C89 set configuration 17: [8bee0910-3428-4843-b403-19ca72997025:192.168.34.1:35857, ee1ff1a7-a189-4b0e-b6a4-631626cf238a:192.168.34.1:35124, e84d1ee1-da1d-4c14-8806-6ad12653b5a4:192.168.34.1:36516], old=null at 17
2019-08-28 16:06:12,449 [grpc-default-executor-6] INFO  segmented.SegmentedRaftLogWorker (SegmentedRaftLogWorker.java:rollLogSegment(385)) - e84d1ee1-da1d-4c14-8806-6ad12653b5a4-SegmentedRaftLogWorker:Storage Directory /workdir/hadoop-ozone/integration-test/target/test-dir/MiniOzoneClusterImpl-b4e114d8-6e30-44e2-8e8d-493332923df2/datanode-1/data/ratis/972f458a-a4c0-4b84-bf3e-3f19163a3c89: Rolling segment log-0_16 to index:16
2019-08-28 16:06:12,449 | INFO  | SCMAudit | user=jenkins1000 | ip=192.168.34.1 | op=SEND_HEARTBEAT {datanodeUUID=d6f13b7d-b532-4c8e-b41b-ddacd18c9d79, command=[]} | ret=SUCCESS |  
2019-08-28 16:06:12,449 [e84d1ee1-da1d-4c14-8806-6ad12653b5a4-SegmentedRaftLogWorker:Storage Directory /workdir/hadoop-ozone/integration-test/target/test-dir/MiniOzoneClusterImpl-b4e114d8-6e30-44e2-8e8d-493332923df2/datanode-1/data/ratis/972f458a-a4c0-4b84-bf3e-3f19163a3c89] INFO  segmented.SegmentedRaftLogWorker (SegmentedRaftLogWorker.java:execute(526)) - e84d1ee1-da1d-4c14-8806-6ad12653b5a4-SegmentedRaftLogWorker:Storage Directory /workdir/hadoop-ozone/integration-test/target/test-dir/MiniOzoneClusterImpl-b4e114d8-6e30-44e2-8e8d-493332923df2/datanode-1/data/ratis/972f458a-a4c0-4b84-bf3e-3f19163a3c89: Rolled log segment from /workdir/hadoop-ozone/integration-test/target/test-dir/MiniOzoneClusterImpl-b4e114d8-6e30-44e2-8e8d-493332923df2/datanode-1/data/ratis/972f458a-a4c0-4b84-bf3e-3f19163a3c89/current/log_inprogress_0 to /workdir/hadoop-ozone/integration-test/target/test-dir/MiniOzoneClusterImpl-b4e114d8-6e30-44e2-8e8d-493332923df2/datanode-1/data/ratis/972f458a-a4c0-4b84-bf3e-3f19163a3c89/current/log_0-16
2019-08-28 16:06:12,493 [ee1ff1a7-a189-4b0e-b6a4-631626cf238a-SegmentedRaftLogWorker:Storage Directory /workdir/hadoop-ozone/integration-test/target/test-dir/MiniOzoneClusterImpl-b4e114d8-6e30-44e2-8e8d-493332923df2/datanode-0/data/ratis/972f458a-a4c0-4b84-bf3e-3f19163a3c89] INFO  segmented.SegmentedRaftLogWorker (SegmentedRaftLogWorker.java:execute(569)) - ee1ff1a7-a189-4b0e-b6a4-631626cf238a-SegmentedRaftLogWorker:Storage Directory /workdir/hadoop-ozone/integration-test/target/test-dir/MiniOzoneClusterImpl-b4e114d8-6e30-44e2-8e8d-493332923df2/datanode-0/data/ratis/972f458a-a4c0-4b84-bf3e-3f19163a3c89: created new log segment /workdir/hadoop-ozone/integration-test/target/test-dir/MiniOzoneClusterImpl-b4e114d8-6e30-44e2-8e8d-493332923df2/datanode-0/data/ratis/972f458a-a4c0-4b84-bf3e-3f19163a3c89/current/log_inprogress_17
2019-08-28 16:06:12,494 [e84d1ee1-da1d-4c14-8806-6ad12653b5a4-SegmentedRaftLogWorker:Storage Directory /workdir/hadoop-ozone/integration-test/target/test-dir/MiniOzoneClusterImpl-b4e114d8-6e30-44e2-8e8d-493332923df2/datanode-1/data/ratis/972f458a-a4c0-4b84-bf3e-3f19163a3c89] INFO  segmented.SegmentedRaftLogWorker (SegmentedRaftLogWorker.java:execute(569)) - e84d1ee1-da1d-4c14-8806-6ad12653b5a4-SegmentedRaftLogWorker:Storage Directory /workdir/hadoop-ozone/integration-test/target/test-dir/MiniOzoneClusterImpl-b4e114d8-6e30-44e2-8e8d-493332923df2/datanode-1/data/ratis/972f458a-a4c0-4b84-bf3e-3f19163a3c89: created new log segment /workdir/hadoop-ozone/integration-test/target/test-dir/MiniOzoneClusterImpl-b4e114d8-6e30-44e2-8e8d-493332923df2/datanode-1/data/ratis/972f458a-a4c0-4b84-bf3e-3f19163a3c89/current/log_inprogress_17
2019-08-28 16:06:12,515 | INFO  | DNAudit | user=null | ip=null | op=READ_CHUNK {blockData=conID: 1 locID: 102695459465986062 bcsId: 0} | ret=SUCCESS |  
2019-08-28 16:06:12,518 [grpc-default-executor-6] WARN  server.GrpcLogAppender (LogUtils.java:warn(134)) - ee1ff1a7-a189-4b0e-b6a4-631626cf238a->8bee0910-3428-4843-b403-19ca72997025: Failed appendEntries: org.apache.ratis.thirdparty.io.grpc.StatusRuntimeException: UNAVAILABLE: io exception
2019-08-28 16:06:12,518 [grpc-default-executor-6] INFO  impl.FollowerInfo (FollowerInfo.java:lambda$new$0(50)) - ee1ff1a7-a189-4b0e-b6a4-631626cf238a->8bee0910-3428-4843-b403-19ca72997025: nextIndex: updateUnconditionally 2 -> 1
2019-08-28 16:06:12,528 [grpc-default-executor-6] WARN  server.GrpcLogAppender (LogUtils.java:warn(134)) - ee1ff1a7-a189-4b0e-b6a4-631626cf238a->8bee0910-3428-4843-b403-19ca72997025: Failed appendEntries: org.apache.ratis.thirdparty.io.grpc.StatusRuntimeException: UNAVAILABLE: io exception
2019-08-28 16:06:12,528 [grpc-default-executor-6] INFO  impl.FollowerInfo (FollowerInfo.java:lambda$new$0(50)) - ee1ff1a7-a189-4b0e-b6a4-631626cf238a->8bee0910-3428-4843-b403-19ca72997025: nextIndex: updateUnconditionally 2 -> 1
2019-08-28 16:06:12,604 | INFO  | SCMAudit | user=jenkins1000 | ip=192.168.34.1 | op=SEND_HEARTBEAT {datanodeUUID=3cb7308a-f9d8-412c-b531-169dc3fab563, command=[]} | ret=SUCCESS |  
2019-08-28 16:06:12,887 | INFO  | SCMAudit | user=jenkins1000 | ip=192.168.34.1 | op=SEND_HEARTBEAT {datanodeUUID=ee1ff1a7-a189-4b0e-b6a4-631626cf238a, command=[]} | ret=SUCCESS |  
2019-08-28 16:06:12,887 | INFO  | SCMAudit | user=jenkins1000 | ip=192.168.34.1 | op=SEND_HEARTBEAT {datanodeUUID=e84d1ee1-da1d-4c14-8806-6ad12653b5a4, command=[]} | ret=SUCCESS |  
2019-08-28 16:06:13,125 | INFO  | SCMAudit | user=jenkins1000 | ip=192.168.34.1 | op=SEND_HEARTBEAT {datanodeUUID=efaffdcb-0ab5-48a3-a06a-abf9808d0da1, command=[]} | ret=SUCCESS |  
2019-08-28 16:06:13,284 | INFO  | SCMAudit | user=jenkins1000 | ip=192.168.34.1 | op=SEND_HEARTBEAT {datanodeUUID=7db29abf-ad28-40bc-bad4-61ba07f001a1, command=[]} | ret=SUCCESS |  
2019-08-28 16:06:13,305 | ERROR | DNAudit | user=null | ip=null | op=WRITE_CHUNK {blockData=conID: 1 locID: 102695459465986062 bcsId: 14} | ret=FAILURE | org.apache.hadoop.hdds.scm.container.common.helpers.ContainerNotOpenException: Container 1 in CLOSING state
	at org.apache.hadoop.ozone.container.common.impl.HddsDispatcher.validateContainerCommand(HddsDispatcher.java:408)
	at org.apache.hadoop.ozone.container.common.transport.server.ratis.ContainerStateMachine.startTransaction(ContainerStateMachine.java:310) 
2019-08-28 16:06:13,319 [grpc-default-executor-3] INFO  client.GrpcClientProtocolClient (GrpcClientProtocolClient.java:onNext(255)) - client-614B6F5F84E8->ee1ff1a7-a189-4b0e-b6a4-631626cf238a: receive RaftClientReply:client-614B6F5F84E8->ee1ff1a7-a189-4b0e-b6a4-631626cf238a@group-3F19163A3C89, cid=185, FAILED org.apache.ratis.protocol.StateMachineException: org.apache.hadoop.hdds.scm.container.common.helpers.ContainerNotOpenException from Server ee1ff1a7-a189-4b0e-b6a4-631626cf238a: Container 1 in CLOSING state, logIndex=0, commits[ee1ff1a7-a189-4b0e-b6a4-631626cf238a:c18, 8bee0910-3428-4843-b403-19ca72997025:c16, e84d1ee1-da1d-4c14-8806-6ad12653b5a4:c17]
2019-08-28 16:06:13,320 | ERROR | DNAudit | user=null | ip=null | op=WRITE_CHUNK {blockData=conID: 1 locID: 102695459465986062 bcsId: 14} | ret=FAILURE | org.apache.hadoop.hdds.scm.container.common.helpers.ContainerNotOpenException: Container 1 in CLOSING state
	at org.apache.hadoop.ozone.container.common.impl.HddsDispatcher.validateContainerCommand(HddsDispatcher.java:408)
	at org.apache.hadoop.ozone.container.common.transport.server.ratis.ContainerStateMachine.startTransaction(ContainerStateMachine.java:310) 
2019-08-28 16:06:13,326 | ERROR | DNAudit | user=null | ip=null | op=PUT_BLOCK {blockData=[blockId=conID: 1 locID: 102695459465986062 bcsId: 0,size=650]} | ret=FAILURE | org.apache.hadoop.hdds.scm.container.common.helpers.ContainerNotOpenException: Container 1 in CLOSING state
	at org.apache.hadoop.ozone.container.common.impl.HddsDispatcher.validateContainerCommand(HddsDispatcher.java:408)
	at org.apache.hadoop.ozone.container.common.transport.server.ratis.ContainerStateMachine.startTransaction(ContainerStateMachine.java:310) 
2019-08-28 16:06:13,329 [grpc-default-executor-3] INFO  client.GrpcClientProtocolClient (GrpcClientProtocolClient.java:onNext(255)) - client-614B6F5F84E8->ee1ff1a7-a189-4b0e-b6a4-631626cf238a: receive RaftClientReply:client-614B6F5F84E8->ee1ff1a7-a189-4b0e-b6a4-631626cf238a@group-3F19163A3C89, cid=186, FAILED org.apache.ratis.protocol.StateMachineException: org.apache.hadoop.hdds.scm.container.common.helpers.ContainerNotOpenException from Server ee1ff1a7-a189-4b0e-b6a4-631626cf238a: Container 1 in CLOSING state, logIndex=0, commits[ee1ff1a7-a189-4b0e-b6a4-631626cf238a:c18, 8bee0910-3428-4843-b403-19ca72997025:c16, e84d1ee1-da1d-4c14-8806-6ad12653b5a4:c17]
2019-08-28 16:06:13,331 | ERROR | DNAudit | user=null | ip=null | op=WRITE_CHUNK {blockData=conID: 1 locID: 102695459465986062 bcsId: 14} | ret=FAILURE | org.apache.hadoop.hdds.scm.container.common.helpers.ContainerNotOpenException: Container 1 in CLOSING state
	at org.apache.hadoop.ozone.container.common.impl.HddsDispatcher.validateContainerCommand(HddsDispatcher.java:408)
	at org.apache.hadoop.ozone.container.common.transport.server.ratis.ContainerStateMachine.startTransaction(ContainerStateMachine.java:310) 
2019-08-28 16:06:13,332 | ERROR | DNAudit | user=null | ip=null | op=WRITE_CHUNK {blockData=conID: 1 locID: 102695459465986062 bcsId: 14} | ret=FAILURE | org.apache.hadoop.hdds.scm.container.common.helpers.ContainerNotOpenException: Container 1 in CLOSING state
	at org.apache.hadoop.ozone.container.common.impl.HddsDispatcher.validateContainerCommand(HddsDispatcher.java:408)
	at org.apache.hadoop.ozone.container.common.transport.server.ratis.ContainerStateMachine.startTransaction(ContainerStateMachine.java:310) 
2019-08-28 16:06:13,332 [grpc-default-executor-3] INFO  client.GrpcClientProtocolClient (GrpcClientProtocolClient.java:onNext(255)) - client-614B6F5F84E8->ee1ff1a7-a189-4b0e-b6a4-631626cf238a: receive RaftClientReply:client-614B6F5F84E8->ee1ff1a7-a189-4b0e-b6a4-631626cf238a@group-3F19163A3C89, cid=187, FAILED org.apache.ratis.protocol.StateMachineException: org.apache.hadoop.hdds.scm.container.common.helpers.ContainerNotOpenException from Server ee1ff1a7-a189-4b0e-b6a4-631626cf238a: Container 1 in CLOSING state, logIndex=0, commits[ee1ff1a7-a189-4b0e-b6a4-631626cf238a:c18, 8bee0910-3428-4843-b403-19ca72997025:c16, e84d1ee1-da1d-4c14-8806-6ad12653b5a4:c17]
2019-08-28 16:06:13,339 [grpc-default-executor-3] INFO  client.GrpcClientProtocolClient (GrpcClientProtocolClient.java:onNext(255)) - client-614B6F5F84E8->ee1ff1a7-a189-4b0e-b6a4-631626cf238a: receive RaftClientReply:client-614B6F5F84E8->ee1ff1a7-a189-4b0e-b6a4-631626cf238a@group-3F19163A3C89, cid=188, FAILED org.apache.ratis.protocol.StateMachineException: org.apache.hadoop.hdds.scm.container.common.helpers.ContainerNotOpenException from Server ee1ff1a7-a189-4b0e-b6a4-631626cf238a: Container 1 in CLOSING state, logIndex=0, commits[ee1ff1a7-a189-4b0e-b6a4-631626cf238a:c18, 8bee0910-3428-4843-b403-19ca72997025:c16, e84d1ee1-da1d-4c14-8806-6ad12653b5a4:c17]
2019-08-28 16:06:13,339 | ERROR | DNAudit | user=null | ip=null | op=PUT_BLOCK {blockData=[blockId=conID: 1 locID: 102695459465986062 bcsId: 0,size=800]} | ret=FAILURE | org.apache.hadoop.hdds.scm.container.common.helpers.ContainerNotOpenException: Container 1 in CLOSING state
	at org.apache.hadoop.ozone.container.common.impl.HddsDispatcher.validateContainerCommand(HddsDispatcher.java:408)
	at org.apache.hadoop.ozone.container.common.transport.server.ratis.ContainerStateMachine.startTransaction(ContainerStateMachine.java:310) 
2019-08-28 16:06:13,342 [grpc-default-executor-3] INFO  client.GrpcClientProtocolClient (GrpcClientProtocolClient.java:onNext(255)) - client-614B6F5F84E8->ee1ff1a7-a189-4b0e-b6a4-631626cf238a: receive RaftClientReply:client-614B6F5F84E8->ee1ff1a7-a189-4b0e-b6a4-631626cf238a@group-3F19163A3C89, cid=189, FAILED org.apache.ratis.protocol.StateMachineException: org.apache.hadoop.hdds.scm.container.common.helpers.ContainerNotOpenException from Server ee1ff1a7-a189-4b0e-b6a4-631626cf238a: Container 1 in CLOSING state, logIndex=0, commits[ee1ff1a7-a189-4b0e-b6a4-631626cf238a:c18, 8bee0910-3428-4843-b403-19ca72997025:c16, e84d1ee1-da1d-4c14-8806-6ad12653b5a4:c17]
2019-08-28 16:06:13,344 [grpc-default-executor-3] INFO  client.GrpcClientProtocolClient (GrpcClientProtocolClient.java:onNext(255)) - client-614B6F5F84E8->ee1ff1a7-a189-4b0e-b6a4-631626cf238a: receive RaftClientReply:client-614B6F5F84E8->ee1ff1a7-a189-4b0e-b6a4-631626cf238a@group-3F19163A3C89, cid=190, FAILED org.apache.ratis.protocol.StateMachineException: org.apache.hadoop.hdds.scm.container.common.helpers.ContainerNotOpenException from Server ee1ff1a7-a189-4b0e-b6a4-631626cf238a: Container 1 in CLOSING state, logIndex=0, commits[ee1ff1a7-a189-4b0e-b6a4-631626cf238a:c18, 8bee0910-3428-4843-b403-19ca72997025:c16, e84d1ee1-da1d-4c14-8806-6ad12653b5a4:c17]
2019-08-28 16:06:13,380 | INFO  | SCMAudit | user=jenkins1000 | ip=192.168.34.1 | op=ALLOCATE_BLOCK {owner=bf816643-d008-401e-9dd4-f58aebad795d, size=800, type=RATIS, factor=THREE} | ret=SUCCESS |  
2019-08-28 16:06:13,382 | INFO  | OMAudit | user=jenkins1000 | ip=127.0.0.1 | op=ALLOCATE_BLOCK {volume=testblockoutputstream, bucket=testblockoutputstream, key=cfac1b15-08b1-4853-9e21-d948ae12fe3f, dataSize=0, replicationType=null, replicationFactor=null, keyLocationInfo=null, clientID=102695459465592845} | ret=SUCCESS |  
2019-08-28 16:06:13,450 | INFO  | SCMAudit | user=jenkins1000 | ip=192.168.34.1 | op=SEND_HEARTBEAT {datanodeUUID=d6f13b7d-b532-4c8e-b41b-ddacd18c9d79, command=[]} | ret=SUCCESS |  
2019-08-28 16:06:13,536 | INFO  | DNAudit | user=null | ip=null | op=WRITE_CHUNK {blockData=conID: 2 locID: 102695460757831695 bcsId: 0} | ret=SUCCESS |  
2019-08-28 16:06:13,536 | INFO  | DNAudit | user=null | ip=null | op=WRITE_CHUNK {blockData=conID: 2 locID: 102695460757831695 bcsId: 0} | ret=SUCCESS |  
2019-08-28 16:06:13,536 | INFO  | DNAudit | user=null | ip=null | op=WRITE_CHUNK {blockData=conID: 2 locID: 102695460757831695 bcsId: 0} | ret=SUCCESS |  
2019-08-28 16:06:13,536 | INFO  | SCMAudit | user=jenkins1000 | ip=192.168.34.1 | op=SEND_HEARTBEAT {datanodeUUID=d6f13b7d-b532-4c8e-b41b-ddacd18c9d79, command=[]} | ret=SUCCESS |  
2019-08-28 16:06:13,536 | INFO  | SCMAudit | user=jenkins1000 | ip=192.168.34.1 | op=SEND_HEARTBEAT {datanodeUUID=efaffdcb-0ab5-48a3-a06a-abf9808d0da1, command=[]} | ret=SUCCESS |  
2019-08-28 16:06:13,536 | INFO  | SCMAudit | user=jenkins1000 | ip=192.168.34.1 | op=SEND_HEARTBEAT {datanodeUUID=7db29abf-ad28-40bc-bad4-61ba07f001a1, command=[]} | ret=SUCCESS |  
2019-08-28 16:06:13,550 | INFO  | DNAudit | user=null | ip=null | op=WRITE_CHUNK {blockData=conID: 2 locID: 102695460757831695 bcsId: 0} | ret=SUCCESS |  
2019-08-28 16:06:13,556 [grpc-default-executor-6] INFO  client.GrpcClientProtocolClient (GrpcClientProtocolClient.java:onNext(255)) - client-BB0BD2C43E33->d6f13b7d-b532-4c8e-b41b-ddacd18c9d79: receive RaftClientReply:client-BB0BD2C43E33->d6f13b7d-b532-4c8e-b41b-ddacd18c9d79@group-5274F53B4300, cid=191, SUCCESS, logIndex=1, commits[d6f13b7d-b532-4c8e-b41b-ddacd18c9d79:c1, 7db29abf-ad28-40bc-bad4-61ba07f001a1:c0, efaffdcb-0ab5-48a3-a06a-abf9808d0da1:c0]
2019-08-28 16:06:13,559 | INFO  | DNAudit | user=null | ip=null | op=WRITE_CHUNK {blockData=conID: 2 locID: 102695460757831695 bcsId: 0} | ret=SUCCESS |  
2019-08-28 16:06:13,562 | INFO  | DNAudit | user=null | ip=null | op=WRITE_CHUNK {blockData=conID: 2 locID: 102695460757831695 bcsId: 0} | ret=SUCCESS |  
2019-08-28 16:06:13,562 | INFO  | DNAudit | user=null | ip=null | op=WRITE_CHUNK {blockData=conID: 2 locID: 102695460757831695 bcsId: 0} | ret=SUCCESS |  
2019-08-28 16:06:13,562 | INFO  | DNAudit | user=null | ip=null | op=WRITE_CHUNK {blockData=conID: 2 locID: 102695460757831695 bcsId: 0} | ret=SUCCESS |  
2019-08-28 16:06:13,563 | INFO  | DNAudit | user=null | ip=null | op=WRITE_CHUNK {blockData=conID: 2 locID: 102695460757831695 bcsId: 0} | ret=SUCCESS |  
2019-08-28 16:06:13,564 | INFO  | DNAudit | user=null | ip=null | op=WRITE_CHUNK {blockData=conID: 2 locID: 102695460757831695 bcsId: 0} | ret=SUCCESS |  
2019-08-28 16:06:13,564 | INFO  | DNAudit | user=null | ip=null | op=WRITE_CHUNK {blockData=conID: 2 locID: 102695460757831695 bcsId: 0} | ret=SUCCESS |  
2019-08-28 16:06:13,564 | INFO  | DNAudit | user=null | ip=null | op=WRITE_CHUNK {blockData=conID: 2 locID: 102695460757831695 bcsId: 0} | ret=SUCCESS |  
2019-08-28 16:06:13,564 | INFO  | DNAudit | user=null | ip=null | op=WRITE_CHUNK {blockData=conID: 2 locID: 102695460757831695 bcsId: 0} | ret=SUCCESS |  
2019-08-28 16:06:13,566 | INFO  | DNAudit | user=null | ip=null | op=WRITE_CHUNK {blockData=conID: 2 locID: 102695460757831695 bcsId: 0} | ret=SUCCESS |  
2019-08-28 16:06:13,566 | INFO  | DNAudit | user=null | ip=null | op=WRITE_CHUNK {blockData=conID: 2 locID: 102695460757831695 bcsId: 0} | ret=SUCCESS |  
2019-08-28 16:06:13,568 | INFO  | DNAudit | user=null | ip=null | op=WRITE_CHUNK {blockData=conID: 2 locID: 102695460757831695 bcsId: 0} | ret=SUCCESS |  
2019-08-28 16:06:13,572 [grpc-default-executor-4] INFO  client.GrpcClientProtocolClient (GrpcClientProtocolClient.java:onNext(255)) - client-BB0BD2C43E33->d6f13b7d-b532-4c8e-b41b-ddacd18c9d79: receive RaftClientReply:client-BB0BD2C43E33->d6f13b7d-b532-4c8e-b41b-ddacd18c9d79@group-5274F53B4300, cid=192, SUCCESS, logIndex=3, commits[d6f13b7d-b532-4c8e-b41b-ddacd18c9d79:c6, 7db29abf-ad28-40bc-bad4-61ba07f001a1:c1, efaffdcb-0ab5-48a3-a06a-abf9808d0da1:c1]
2019-08-28 16:06:13,572 | INFO  | DNAudit | user=null | ip=null | op=WRITE_CHUNK {blockData=conID: 2 locID: 102695460757831695 bcsId: 0} | ret=SUCCESS |  
2019-08-28 16:06:13,574 | INFO  | DNAudit | user=null | ip=null | op=WRITE_CHUNK {blockData=conID: 2 locID: 102695460757831695 bcsId: 0} | ret=SUCCESS |  
2019-08-28 16:06:13,601 | INFO  | DNAudit | user=null | ip=null | op=PUT_BLOCK {blockData=[blockId=conID: 2 locID: 102695460757831695 bcsId: 0,size=200]} | ret=SUCCESS |  
2019-08-28 16:06:13,602 | INFO  | DNAudit | user=null | ip=null | op=WRITE_CHUNK {blockData=conID: 2 locID: 102695460757831695 bcsId: 0} | ret=SUCCESS |  
2019-08-28 16:06:13,602 | INFO  | DNAudit | user=null | ip=null | op=WRITE_CHUNK {blockData=conID: 2 locID: 102695460757831695 bcsId: 0} | ret=SUCCESS |  
2019-08-28 16:06:13,603 [grpc-default-executor-5] INFO  client.GrpcClientProtocolClient (GrpcClientProtocolClient.java:onNext(255)) - client-BB0BD2C43E33->d6f13b7d-b532-4c8e-b41b-ddacd18c9d79: receive RaftClientReply:client-BB0BD2C43E33->d6f13b7d-b532-4c8e-b41b-ddacd18c9d79@group-5274F53B4300, cid=193, SUCCESS, logIndex=4, commits[d6f13b7d-b532-4c8e-b41b-ddacd18c9d79:c12, 7db29abf-ad28-40bc-bad4-61ba07f001a1:c7, efaffdcb-0ab5-48a3-a06a-abf9808d0da1:c7]
2019-08-28 16:06:13,603 [grpc-default-executor-5] INFO  client.GrpcClientProtocolClient (GrpcClientProtocolClient.java:onNext(255)) - client-BB0BD2C43E33->d6f13b7d-b532-4c8e-b41b-ddacd18c9d79: receive RaftClientReply:client-BB0BD2C43E33->d6f13b7d-b532-4c8e-b41b-ddacd18c9d79@group-5274F53B4300, cid=194, SUCCESS, logIndex=5, commits[d6f13b7d-b532-4c8e-b41b-ddacd18c9d79:c12, 7db29abf-ad28-40bc-bad4-61ba07f001a1:c7, efaffdcb-0ab5-48a3-a06a-abf9808d0da1:c7]
2019-08-28 16:06:13,604 | INFO  | SCMAudit | user=jenkins1000 | ip=192.168.34.1 | op=SEND_HEARTBEAT {datanodeUUID=3cb7308a-f9d8-412c-b531-169dc3fab563, command=[]} | ret=SUCCESS |  
2019-08-28 16:06:13,604 [grpc-default-executor-5] INFO  client.GrpcClientProtocolClient (GrpcClientProtocolClient.java:onNext(255)) - client-BB0BD2C43E33->d6f13b7d-b532-4c8e-b41b-ddacd18c9d79: receive RaftClientReply:client-BB0BD2C43E33->d6f13b7d-b532-4c8e-b41b-ddacd18c9d79@group-5274F53B4300, cid=195, SUCCESS, logIndex=6, commits[d6f13b7d-b532-4c8e-b41b-ddacd18c9d79:c12, 7db29abf-ad28-40bc-bad4-61ba07f001a1:c7, efaffdcb-0ab5-48a3-a06a-abf9808d0da1:c7]
2019-08-28 16:06:13,650 | INFO  | DNAudit | user=null | ip=null | op=PUT_BLOCK {blockData=[blockId=conID: 2 locID: 102695460757831695 bcsId: 0,size=200]} | ret=SUCCESS |  
2019-08-28 16:06:13,651 | INFO  | DNAudit | user=null | ip=null | op=WRITE_CHUNK {blockData=conID: 2 locID: 102695460757831695 bcsId: 0} | ret=SUCCESS |  
2019-08-28 16:06:13,651 | INFO  | DNAudit | user=null | ip=null | op=WRITE_CHUNK {blockData=conID: 2 locID: 102695460757831695 bcsId: 0} | ret=SUCCESS |  
2019-08-28 16:06:13,698 | INFO  | DNAudit | user=null | ip=null | op=PUT_BLOCK {blockData=[blockId=conID: 2 locID: 102695460757831695 bcsId: 0,size=400]} | ret=SUCCESS |  
2019-08-28 16:06:13,698 | INFO  | DNAudit | user=null | ip=null | op=PUT_BLOCK {blockData=[blockId=conID: 2 locID: 102695460757831695 bcsId: 0,size=400]} | ret=SUCCESS |  
2019-08-28 16:06:13,698 | INFO  | DNAudit | user=null | ip=null | op=PUT_BLOCK {blockData=[blockId=conID: 2 locID: 102695460757831695 bcsId: 0,size=200]} | ret=SUCCESS |  
2019-08-28 16:06:13,699 | INFO  | DNAudit | user=null | ip=null | op=WRITE_CHUNK {blockData=conID: 2 locID: 102695460757831695 bcsId: 0} | ret=SUCCESS |  
2019-08-28 16:06:13,699 | INFO  | DNAudit | user=null | ip=null | op=WRITE_CHUNK {blockData=conID: 2 locID: 102695460757831695 bcsId: 0} | ret=SUCCESS |  
2019-08-28 16:06:13,700 [grpc-default-executor-5] INFO  client.GrpcClientProtocolClient (GrpcClientProtocolClient.java:onNext(255)) - client-BB0BD2C43E33->d6f13b7d-b532-4c8e-b41b-ddacd18c9d79: receive RaftClientReply:client-BB0BD2C43E33->d6f13b7d-b532-4c8e-b41b-ddacd18c9d79@group-5274F53B4300, cid=196, SUCCESS, logIndex=7, commits[d6f13b7d-b532-4c8e-b41b-ddacd18c9d79:c12, 7db29abf-ad28-40bc-bad4-61ba07f001a1:c7, efaffdcb-0ab5-48a3-a06a-abf9808d0da1:c7]
2019-08-28 16:06:13,700 | INFO  | DNAudit | user=null | ip=null | op=PUT_BLOCK {blockData=[blockId=conID: 2 locID: 102695460757831695 bcsId: 0,size=400]} | ret=SUCCESS |  
2019-08-28 16:06:13,703 | INFO  | DNAudit | user=null | ip=null | op=WRITE_CHUNK {blockData=conID: 2 locID: 102695460757831695 bcsId: 7} | ret=SUCCESS |  
2019-08-28 16:06:13,705 | INFO  | DNAudit | user=null | ip=null | op=WRITE_CHUNK {blockData=conID: 2 locID: 102695460757831695 bcsId: 7} | ret=SUCCESS |  
2019-08-28 16:06:13,705 | INFO  | DNAudit | user=null | ip=null | op=WRITE_CHUNK {blockData=conID: 2 locID: 102695460757831695 bcsId: 7} | ret=SUCCESS |  
2019-08-28 16:06:13,718 | INFO  | DNAudit | user=null | ip=null | op=WRITE_CHUNK {blockData=conID: 2 locID: 102695460757831695 bcsId: 7} | ret=SUCCESS |  
2019-08-28 16:06:13,719 | INFO  | DNAudit | user=null | ip=null | op=PUT_BLOCK {blockData=[blockId=conID: 2 locID: 102695460757831695 bcsId: 0,size=450]} | ret=SUCCESS |  
2019-08-28 16:06:13,720 [grpc-default-executor-5] INFO  client.GrpcClientProtocolClient (GrpcClientProtocolClient.java:onNext(255)) - client-BB0BD2C43E33->d6f13b7d-b532-4c8e-b41b-ddacd18c9d79: receive RaftClientReply:client-BB0BD2C43E33->d6f13b7d-b532-4c8e-b41b-ddacd18c9d79@group-5274F53B4300, cid=197, SUCCESS, logIndex=13, commits[d6f13b7d-b532-4c8e-b41b-ddacd18c9d79:c14, 7db29abf-ad28-40bc-bad4-61ba07f001a1:c12, efaffdcb-0ab5-48a3-a06a-abf9808d0da1:c12]
2019-08-28 16:06:13,720 [grpc-default-executor-5] INFO  client.GrpcClientProtocolClient (GrpcClientProtocolClient.java:onNext(255)) - client-BB0BD2C43E33->d6f13b7d-b532-4c8e-b41b-ddacd18c9d79: receive RaftClientReply:client-BB0BD2C43E33->d6f13b7d-b532-4c8e-b41b-ddacd18c9d79@group-5274F53B4300, cid=198, SUCCESS, logIndex=14, commits[d6f13b7d-b532-4c8e-b41b-ddacd18c9d79:c14, 7db29abf-ad28-40bc-bad4-61ba07f001a1:c12, efaffdcb-0ab5-48a3-a06a-abf9808d0da1:c12]
2019-08-28 16:06:13,730 | INFO  | DNAudit | user=null | ip=null | op=WRITE_CHUNK {blockData=conID: 2 locID: 102695460757831695 bcsId: 7} | ret=SUCCESS |  
2019-08-28 16:06:13,730 | INFO  | DNAudit | user=null | ip=null | op=WRITE_CHUNK {blockData=conID: 2 locID: 102695460757831695 bcsId: 7} | ret=SUCCESS |  
2019-08-28 16:06:13,733 | INFO  | DNAudit | user=null | ip=null | op=PUT_BLOCK {blockData=[blockId=conID: 2 locID: 102695460757831695 bcsId: 0,size=450]} | ret=SUCCESS |  
2019-08-28 16:06:13,734 | INFO  | DNAudit | user=null | ip=null | op=PUT_BLOCK {blockData=[blockId=conID: 2 locID: 102695460757831695 bcsId: 0,size=450]} | ret=SUCCESS |  
2019-08-28 16:06:13,737 [grpc-default-executor-5] INFO  client.GrpcClientProtocolClient (GrpcClientProtocolClient.java:onNext(255)) - client-BB0BD2C43E33->d6f13b7d-b532-4c8e-b41b-ddacd18c9d79: receive RaftClientReply:client-BB0BD2C43E33->d6f13b7d-b532-4c8e-b41b-ddacd18c9d79@group-5274F53B4300, cid=199, SUCCESS, logIndex=0, commits[d6f13b7d-b532-4c8e-b41b-ddacd18c9d79:c15, 7db29abf-ad28-40bc-bad4-61ba07f001a1:c14, efaffdcb-0ab5-48a3-a06a-abf9808d0da1:c14]
2019-08-28 16:06:13,738 [main] INFO  ozone.MiniOzoneClusterImpl (MiniOzoneClusterImpl.java:shutdown(321)) - Shutting down the Mini Ozone Cluster
2019-08-28 16:06:13,738 | INFO  | SCMAudit | user=null | ip=null | op=GET_SCM_INFO null | ret=SUCCESS |  
2019-08-28 16:06:13,739 [main] INFO  ozone.MiniOzoneClusterImpl (MiniOzoneClusterImpl.java:stop(336)) - Stopping the Mini Ozone Cluster
2019-08-28 16:06:13,739 [main] INFO  ozone.MiniOzoneClusterImpl (MiniOzoneClusterImpl.java:stop(338)) - Stopping the OzoneManager
2019-08-28 16:06:13,739 [main] INFO  ipc.Server (Server.java:stop(3082)) - Stopping server on 37175
2019-08-28 16:06:13,753 [IPC Server listener on 37175] INFO  ipc.Server (Server.java:run(1185)) - Stopping IPC Server listener on 37175
2019-08-28 16:06:13,758 [IPC Server Responder] INFO  ipc.Server (Server.java:run(1319)) - Stopping IPC Server Responder
2019-08-28 16:06:13,758 [main] INFO  ratis.OzoneManagerDoubleBuffer (OzoneManagerDoubleBuffer.java:stop(248)) - Stopping OMDoubleBuffer flush thread
2019-08-28 16:06:13,784 [OMDoubleBufferFlushThread] INFO  ratis.OzoneManagerDoubleBuffer (OzoneManagerDoubleBuffer.java:flushTransactions(191)) - OMDoubleBuffer flush thread OMDoubleBufferFlushThread is interrupted and will exit. OMDoubleBufferFlushThread
2019-08-28 16:06:13,785 [main] INFO  utils.BackgroundService (BackgroundService.java:shutdown(148)) - Shutting down service KeyDeletingService
2019-08-28 16:06:13,786 [main] INFO  handler.ContextHandler (ContextHandler.java:doStop(910)) - Stopped o.e.j.w.WebAppContext@2afa1b1a{/,null,UNAVAILABLE}{/ozoneManager}
2019-08-28 16:06:13,787 [main] INFO  server.AbstractConnector (AbstractConnector.java:doStop(318)) - Stopped ServerConnector@30fffb53{HTTP/1.1,[http/1.1]}{0.0.0.0:0}
2019-08-28 16:06:13,787 [main] INFO  handler.ContextHandler (ContextHandler.java:doStop(910)) - Stopped o.e.j.s.ServletContextHandler@4ab959e8{/static,file:///workdir/hadoop-ozone/integration-test/target/test-classes/webapps/static,UNAVAILABLE}
2019-08-28 16:06:13,788 [main] INFO  handler.ContextHandler (ContextHandler.java:doStop(910)) - Stopped o.e.j.s.ServletContextHandler@52d68eb9{/logs,file:///workdir/hadoop-ozone/integration-test/target/log,UNAVAILABLE}
2019-08-28 16:06:13,791 [main] INFO  ozone.MiniOzoneClusterImpl (MiniOzoneClusterImpl.java:stop(344)) - Shutting the HddsDatanodes
2019-08-28 16:06:13,791 [main] INFO  datanode.ObjectStoreHandler (ObjectStoreHandler.java:close(155)) - Closing ObjectStoreHandler.
2019-08-28 16:06:13,792 [ForkJoinPool.commonPool-worker-0] INFO  datanode.ObjectStoreHandler (ObjectStoreHandler.java:close(155)) - Closing ObjectStoreHandler.
2019-08-28 16:06:13,792 [main] INFO  ozone.HddsDatanodeService (HddsDatanodeService.java:stop(451)) - Stopped plug-in org.apache.hadoop.ozone.web.OzoneHddsDatanodeService@7e3062f0
2019-08-28 16:06:13,792 [ForkJoinPool.commonPool-worker-0] INFO  ozone.HddsDatanodeService (HddsDatanodeService.java:stop(451)) - Stopped plug-in org.apache.hadoop.ozone.web.OzoneHddsDatanodeService@4a5dc126
2019-08-28 16:06:13,887 [Datanode State Machine Thread - 0] INFO  statemachine.DatanodeStateMachine (DatanodeStateMachine.java:lambda$startDaemon$0(350)) - Ozone container server started.
2019-08-28 16:06:13,888 | INFO  | SCMAudit | user=jenkins1000 | ip=192.168.34.1 | op=SEND_HEARTBEAT {datanodeUUID=ee1ff1a7-a189-4b0e-b6a4-631626cf238a, command=[]} | ret=SUCCESS |  
2019-08-28 16:06:14,534 [Datanode State Machine Thread - 0] INFO  statemachine.DatanodeStateMachine (DatanodeStateMachine.java:lambda$startDaemon$0(350)) - Ozone container server started.
2019-08-28 16:06:14,534 | INFO  | SCMAudit | user=jenkins1000 | ip=192.168.34.1 | op=SEND_HEARTBEAT {datanodeUUID=efaffdcb-0ab5-48a3-a06a-abf9808d0da1, command=[]} | ret=SUCCESS |  
2019-08-28 16:06:14,534 | INFO  | SCMAudit | user=jenkins1000 | ip=192.168.34.1 | op=SEND_HEARTBEAT {datanodeUUID=d6f13b7d-b532-4c8e-b41b-ddacd18c9d79, command=[]} | ret=SUCCESS |  
2019-08-28 16:06:14,604 | INFO  | SCMAudit | user=jenkins1000 | ip=192.168.34.1 | op=SEND_HEARTBEAT {datanodeUUID=3cb7308a-f9d8-412c-b531-169dc3fab563, command=[]} | ret=SUCCESS |  
2019-08-28 16:06:14,888 | INFO  | SCMAudit | user=jenkins1000 | ip=192.168.34.1 | op=SEND_HEARTBEAT {datanodeUUID=ee1ff1a7-a189-4b0e-b6a4-631626cf238a, command=[]} | ret=SUCCESS |  
2019-08-28 16:06:15,029 [grpc-default-executor-3] WARN  server.GrpcLogAppender (LogUtils.java:warn(134)) - ee1ff1a7-a189-4b0e-b6a4-631626cf238a->8bee0910-3428-4843-b403-19ca72997025: Failed appendEntries: org.apache.ratis.thirdparty.io.grpc.StatusRuntimeException: UNAVAILABLE: io exception
2019-08-28 16:06:15,030 [grpc-default-executor-3] INFO  impl.FollowerInfo (FollowerInfo.java:lambda$new$0(50)) - ee1ff1a7-a189-4b0e-b6a4-631626cf238a->8bee0910-3428-4843-b403-19ca72997025: nextIndex: updateUnconditionally 1 -> 0
2019-08-28 16:06:15,535 | INFO  | SCMAudit | user=jenkins1000 | ip=192.168.34.1 | op=SEND_HEARTBEAT {datanodeUUID=d6f13b7d-b532-4c8e-b41b-ddacd18c9d79, command=[]} | ret=SUCCESS |  
2019-08-28 16:06:15,535 | INFO  | SCMAudit | user=jenkins1000 | ip=192.168.34.1 | op=SEND_HEARTBEAT {datanodeUUID=efaffdcb-0ab5-48a3-a06a-abf9808d0da1, command=[]} | ret=SUCCESS |  
2019-08-28 16:06:15,605 | INFO  | SCMAudit | user=jenkins1000 | ip=192.168.34.1 | op=SEND_HEARTBEAT {datanodeUUID=3cb7308a-f9d8-412c-b531-169dc3fab563, command=[]} | ret=SUCCESS |  
2019-08-28 16:06:15,888 | INFO  | SCMAudit | user=jenkins1000 | ip=192.168.34.1 | op=SEND_HEARTBEAT {datanodeUUID=ee1ff1a7-a189-4b0e-b6a4-631626cf238a, command=[]} | ret=SUCCESS |  
2019-08-28 16:06:16,534 | INFO  | SCMAudit | user=jenkins1000 | ip=192.168.34.1 | op=SEND_HEARTBEAT {datanodeUUID=efaffdcb-0ab5-48a3-a06a-abf9808d0da1, command=[]} | ret=SUCCESS |  
2019-08-28 16:06:16,534 | INFO  | SCMAudit | user=jenkins1000 | ip=192.168.34.1 | op=SEND_HEARTBEAT {datanodeUUID=d6f13b7d-b532-4c8e-b41b-ddacd18c9d79, command=[]} | ret=SUCCESS |  
2019-08-28 16:06:16,605 | INFO  | SCMAudit | user=jenkins1000 | ip=192.168.34.1 | op=SEND_HEARTBEAT {datanodeUUID=3cb7308a-f9d8-412c-b531-169dc3fab563, command=[]} | ret=SUCCESS |  
2019-08-28 16:06:16,888 | INFO  | SCMAudit | user=jenkins1000 | ip=192.168.34.1 | op=SEND_HEARTBEAT {datanodeUUID=ee1ff1a7-a189-4b0e-b6a4-631626cf238a, command=[]} | ret=SUCCESS |  
2019-08-28 16:06:17,530 [grpc-default-executor-4] WARN  server.GrpcLogAppender (LogUtils.java:warn(134)) - ee1ff1a7-a189-4b0e-b6a4-631626cf238a->8bee0910-3428-4843-b403-19ca72997025: Failed appendEntries: org.apache.ratis.thirdparty.io.grpc.StatusRuntimeException: UNAVAILABLE: io exception
2019-08-28 16:06:17,531 [grpc-default-executor-4] INFO  impl.FollowerInfo (FollowerInfo.java:lambda$new$0(50)) - ee1ff1a7-a189-4b0e-b6a4-631626cf238a->8bee0910-3428-4843-b403-19ca72997025: nextIndex: updateUnconditionally 0 -> 0
2019-08-28 16:06:17,534 | INFO  | SCMAudit | user=jenkins1000 | ip=192.168.34.1 | op=SEND_HEARTBEAT {datanodeUUID=d6f13b7d-b532-4c8e-b41b-ddacd18c9d79, command=[]} | ret=SUCCESS |  
2019-08-28 16:06:17,534 | INFO  | SCMAudit | user=jenkins1000 | ip=192.168.34.1 | op=SEND_HEARTBEAT {datanodeUUID=efaffdcb-0ab5-48a3-a06a-abf9808d0da1, command=[]} | ret=SUCCESS |  
2019-08-28 16:06:17,605 | INFO  | SCMAudit | user=jenkins1000 | ip=192.168.34.1 | op=SEND_HEARTBEAT {datanodeUUID=3cb7308a-f9d8-412c-b531-169dc3fab563, command=[]} | ret=SUCCESS |  
2019-08-28 16:06:17,889 | INFO  | SCMAudit | user=jenkins1000 | ip=192.168.34.1 | op=SEND_HEARTBEAT {datanodeUUID=ee1ff1a7-a189-4b0e-b6a4-631626cf238a, command=[]} | ret=SUCCESS |  
2019-08-28 16:06:17,939 [EventQueue-StaleNodeForStaleNodeHandler] INFO  node.StaleNodeHandler (StaleNodeHandler.java:onMessage(58)) - Datanode e84d1ee1-da1d-4c14-8806-6ad12653b5a4{ip: 192.168.34.1, host: pr-hdds-1941-8j4hf-3572870610, networkLocation: /default-rack, certSerialId: null} moved to stale state. Finalizing its pipelines [PipelineID=972f458a-a4c0-4b84-bf3e-3f19163a3c89, PipelineID=f9470f41-19e4-4b69-b68e-27131500dfba]
2019-08-28 16:06:17,940 [EventQueue-StaleNodeForStaleNodeHandler] INFO  pipeline.SCMPipelineManager (SCMPipelineManager.java:finalizeAndDestroyPipeline(309)) - destroying pipeline:Pipeline[ Id: 972f458a-a4c0-4b84-bf3e-3f19163a3c89, Nodes: 8bee0910-3428-4843-b403-19ca72997025{ip: 192.168.34.1, host: pr-hdds-1941-8j4hf-3572870610, networkLocation: /default-rack, certSerialId: null}e84d1ee1-da1d-4c14-8806-6ad12653b5a4{ip: 192.168.34.1, host: pr-hdds-1941-8j4hf-3572870610, networkLocation: /default-rack, certSerialId: null}ee1ff1a7-a189-4b0e-b6a4-631626cf238a{ip: 192.168.34.1, host: pr-hdds-1941-8j4hf-3572870610, networkLocation: /default-rack, certSerialId: null}, Type:RATIS, Factor:THREE, State:CLOSED]
2019-08-28 16:06:17,940 [EventQueue-StaleNodeForStaleNodeHandler] INFO  pipeline.SCMPipelineManager (SCMPipelineManager.java:finalizeAndDestroyPipeline(309)) - destroying pipeline:Pipeline[ Id: f9470f41-19e4-4b69-b68e-27131500dfba, Nodes: e84d1ee1-da1d-4c14-8806-6ad12653b5a4{ip: 192.168.34.1, host: pr-hdds-1941-8j4hf-3572870610, networkLocation: /default-rack, certSerialId: null}, Type:RATIS, Factor:ONE, State:OPEN]
2019-08-28 16:06:17,940 [EventQueue-StaleNodeForStaleNodeHandler] INFO  pipeline.PipelineStateManager (PipelineStateManager.java:finalizePipeline(123)) - Pipeline Pipeline[ Id: f9470f41-19e4-4b69-b68e-27131500dfba, Nodes: e84d1ee1-da1d-4c14-8806-6ad12653b5a4{ip: 192.168.34.1, host: pr-hdds-1941-8j4hf-3572870610, networkLocation: /default-rack, certSerialId: null}, Type:RATIS, Factor:ONE, State:CLOSED] moved to CLOSED state
2019-08-28 16:06:18,534 | INFO  | SCMAudit | user=jenkins1000 | ip=192.168.34.1 | op=SEND_HEARTBEAT {datanodeUUID=efaffdcb-0ab5-48a3-a06a-abf9808d0da1, command=[]} | ret=SUCCESS |  
2019-08-28 16:06:18,534 | INFO  | SCMAudit | user=jenkins1000 | ip=192.168.34.1 | op=SEND_HEARTBEAT {datanodeUUID=d6f13b7d-b532-4c8e-b41b-ddacd18c9d79, command=[]} | ret=SUCCESS |  
2019-08-28 16:06:18,540 [EventQueue-StaleNodeForStaleNodeHandler] INFO  node.StaleNodeHandler (StaleNodeHandler.java:onMessage(58)) - Datanode 7db29abf-ad28-40bc-bad4-61ba07f001a1{ip: 192.168.34.1, host: pr-hdds-1941-8j4hf-3572870610, networkLocation: /default-rack, certSerialId: null} moved to stale state. Finalizing its pipelines [PipelineID=b3173a87-23cd-452d-ab89-5274f53b4300, PipelineID=0a1c8849-5875-447e-838c-83ab6193a7f6]
2019-08-28 16:06:18,541 [EventQueue-StaleNodeForStaleNodeHandler] INFO  pipeline.SCMPipelineManager (SCMPipelineManager.java:finalizeAndDestroyPipeline(309)) - destroying pipeline:Pipeline[ Id: b3173a87-23cd-452d-ab89-5274f53b4300, Nodes: d6f13b7d-b532-4c8e-b41b-ddacd18c9d79{ip: 192.168.34.1, host: pr-hdds-1941-8j4hf-3572870610, networkLocation: /default-rack, certSerialId: null}7db29abf-ad28-40bc-bad4-61ba07f001a1{ip: 192.168.34.1, host: pr-hdds-1941-8j4hf-3572870610, networkLocation: /default-rack, certSerialId: null}efaffdcb-0ab5-48a3-a06a-abf9808d0da1{ip: 192.168.34.1, host: pr-hdds-1941-8j4hf-3572870610, networkLocation: /default-rack, certSerialId: null}, Type:RATIS, Factor:THREE, State:OPEN]
2019-08-28 16:06:18,541 [EventQueue-StaleNodeForStaleNodeHandler] INFO  pipeline.PipelineStateManager (PipelineStateManager.java:finalizePipeline(123)) - Pipeline Pipeline[ Id: b3173a87-23cd-452d-ab89-5274f53b4300, Nodes: d6f13b7d-b532-4c8e-b41b-ddacd18c9d79{ip: 192.168.34.1, host: pr-hdds-1941-8j4hf-3572870610, networkLocation: /default-rack, certSerialId: null}7db29abf-ad28-40bc-bad4-61ba07f001a1{ip: 192.168.34.1, host: pr-hdds-1941-8j4hf-3572870610, networkLocation: /default-rack, certSerialId: null}efaffdcb-0ab5-48a3-a06a-abf9808d0da1{ip: 192.168.34.1, host: pr-hdds-1941-8j4hf-3572870610, networkLocation: /default-rack, certSerialId: null}, Type:RATIS, Factor:THREE, State:CLOSED] moved to CLOSED state
2019-08-28 16:06:18,541 [EventQueue-CloseContainerForCloseContainerEventHandler] INFO  container.CloseContainerEventHandler (CloseContainerEventHandler.java:onMessage(61)) - Close container Event triggered for container : #2
2019-08-28 16:06:18,541 [EventQueue-StaleNodeForStaleNodeHandler] INFO  pipeline.SCMPipelineManager (SCMPipelineManager.java:finalizeAndDestroyPipeline(309)) - destroying pipeline:Pipeline[ Id: 0a1c8849-5875-447e-838c-83ab6193a7f6, Nodes: 7db29abf-ad28-40bc-bad4-61ba07f001a1{ip: 192.168.34.1, host: pr-hdds-1941-8j4hf-3572870610, networkLocation: /default-rack, certSerialId: null}, Type:RATIS, Factor:ONE, State:OPEN]
2019-08-28 16:06:18,542 [EventQueue-StaleNodeForStaleNodeHandler] INFO  pipeline.PipelineStateManager (PipelineStateManager.java:finalizePipeline(123)) - Pipeline Pipeline[ Id: 0a1c8849-5875-447e-838c-83ab6193a7f6, Nodes: 7db29abf-ad28-40bc-bad4-61ba07f001a1{ip: 192.168.34.1, host: pr-hdds-1941-8j4hf-3572870610, networkLocation: /default-rack, certSerialId: null}, Type:RATIS, Factor:ONE, State:CLOSED] moved to CLOSED state
2019-08-28 16:06:18,605 | INFO  | SCMAudit | user=jenkins1000 | ip=192.168.34.1 | op=SEND_HEARTBEAT {datanodeUUID=3cb7308a-f9d8-412c-b531-169dc3fab563, command=[]} | ret=SUCCESS |  
2019-08-28 16:06:18,793 [main] INFO  ozoneimpl.OzoneContainer (OzoneContainer.java:stop(215)) - Attempting to stop container services.
2019-08-28 16:06:18,793 [ForkJoinPool.commonPool-worker-0] INFO  ozoneimpl.OzoneContainer (OzoneContainer.java:stop(215)) - Attempting to stop container services.
2019-08-28 16:06:18,794 [main] INFO  impl.RaftServerProxy (RaftServerProxy.java:lambda$close$4(314)) - 7db29abf-ad28-40bc-bad4-61ba07f001a1: close
2019-08-28 16:06:18,794 [ForkJoinPool.commonPool-worker-0] INFO  impl.RaftServerProxy (RaftServerProxy.java:lambda$close$4(314)) - e84d1ee1-da1d-4c14-8806-6ad12653b5a4: close
2019-08-28 16:06:18,798 [main] INFO  impl.RaftServerImpl (RaftServerImpl.java:lambda$shutdown$3(245)) - 7db29abf-ad28-40bc-bad4-61ba07f001a1: shutdown group-5274F53B4300
2019-08-28 16:06:18,798 [ForkJoinPool.commonPool-worker-0] INFO  impl.RaftServerImpl (RaftServerImpl.java:lambda$shutdown$3(245)) - e84d1ee1-da1d-4c14-8806-6ad12653b5a4: shutdown group-3F19163A3C89
2019-08-28 16:06:18,798 [main] INFO  util.JmxRegister (JmxRegister.java:unregister(73)) - Successfully un-registered JMX Bean with object name Ratis:service=RaftServer,group=group-5274F53B4300,id=7db29abf-ad28-40bc-bad4-61ba07f001a1
2019-08-28 16:06:18,799 [main] INFO  impl.RoleInfo (RoleInfo.java:shutdownFollowerState(121)) - 7db29abf-ad28-40bc-bad4-61ba07f001a1: shutdown FollowerState
2019-08-28 16:06:18,800 [main] INFO  impl.StateMachineUpdater (StateMachineUpdater.java:stopAndJoin(115)) - StateMachineUpdater:7db29abf-ad28-40bc-bad4-61ba07f001a1:group-5274F53B4300: set stopIndex = 16
2019-08-28 16:06:18,799 [ForkJoinPool.commonPool-worker-0] INFO  util.JmxRegister (JmxRegister.java:unregister(73)) - Successfully un-registered JMX Bean with object name Ratis:service=RaftServer,group=group-3F19163A3C89,id=e84d1ee1-da1d-4c14-8806-6ad12653b5a4
2019-08-28 16:06:18,800 [ForkJoinPool.commonPool-worker-0] INFO  impl.RoleInfo (RoleInfo.java:shutdownFollowerState(121)) - e84d1ee1-da1d-4c14-8806-6ad12653b5a4: shutdown FollowerState
2019-08-28 16:06:18,800 [StateMachineUpdater:7db29abf-ad28-40bc-bad4-61ba07f001a1:group-5274F53B4300] INFO  ratis.ContainerStateMachine (ContainerStateMachine.java:takeSnapshot(284)) - group-5274F53B4300: Taking a snapshot at:(t:2, i:14) file /workdir/hadoop-ozone/integration-test/target/test-dir/MiniOzoneClusterImpl-b4e114d8-6e30-44e2-8e8d-493332923df2/datanode-4/data/ratis/b3173a87-23cd-452d-ab89-5274f53b4300/sm/snapshot.2_14
2019-08-28 16:06:18,801 [StateMachineUpdater:e84d1ee1-da1d-4c14-8806-6ad12653b5a4:group-3F19163A3C89] INFO  ratis.ContainerStateMachine (ContainerStateMachine.java:takeSnapshot(284)) - group-3F19163A3C89: Taking a snapshot at:(t:1, i:14) file /workdir/hadoop-ozone/integration-test/target/test-dir/MiniOzoneClusterImpl-b4e114d8-6e30-44e2-8e8d-493332923df2/datanode-1/data/ratis/972f458a-a4c0-4b84-bf3e-3f19163a3c89/sm/snapshot.1_14
2019-08-28 16:06:18,800 [Thread-3706] INFO  impl.FollowerState (FollowerState.java:run(114)) - 7db29abf-ad28-40bc-bad4-61ba07f001a1: FollowerState was interrupted: java.lang.InterruptedException: sleep interrupted
2019-08-28 16:06:18,801 [Thread-3768] INFO  impl.FollowerState (FollowerState.java:run(114)) - e84d1ee1-da1d-4c14-8806-6ad12653b5a4: FollowerState was interrupted: java.lang.InterruptedException: sleep interrupted
2019-08-28 16:06:18,801 [ForkJoinPool.commonPool-worker-0] INFO  impl.StateMachineUpdater (StateMachineUpdater.java:stopAndJoin(115)) - StateMachineUpdater:e84d1ee1-da1d-4c14-8806-6ad12653b5a4:group-3F19163A3C89: set stopIndex = 18
2019-08-28 16:06:18,816 [StateMachineUpdater:7db29abf-ad28-40bc-bad4-61ba07f001a1:group-5274F53B4300] INFO  ratis.ContainerStateMachine (ContainerStateMachine.java:takeSnapshot(295)) - group-5274F53B4300: Finished taking a snapshot at:(t:2, i:14) file:/workdir/hadoop-ozone/integration-test/target/test-dir/MiniOzoneClusterImpl-b4e114d8-6e30-44e2-8e8d-493332923df2/datanode-4/data/ratis/b3173a87-23cd-452d-ab89-5274f53b4300/sm/snapshot.2_14 time:16
2019-08-28 16:06:18,816 [StateMachineUpdater:7db29abf-ad28-40bc-bad4-61ba07f001a1:group-5274F53B4300] INFO  impl.StateMachineUpdater (StateMachineUpdater.java:takeSnapshot(242)) - StateMachineUpdater:7db29abf-ad28-40bc-bad4-61ba07f001a1:group-5274F53B4300: Took a snapshot at index 14
2019-08-28 16:06:18,816 [StateMachineUpdater:7db29abf-ad28-40bc-bad4-61ba07f001a1:group-5274F53B4300] INFO  impl.StateMachineUpdater (StateMachineUpdater.java:lambda$new$0(80)) - StateMachineUpdater:7db29abf-ad28-40bc-bad4-61ba07f001a1:group-5274F53B4300: snapshotIndex: updateIncreasingly -1 -> 14
2019-08-28 16:06:18,816 [main] INFO  impl.RaftServerImpl (ServerState.java:close(394)) - 7db29abf-ad28-40bc-bad4-61ba07f001a1:group-5274F53B4300 closes. The last applied log index is 16
2019-08-28 16:06:18,817 [StateMachineUpdater:e84d1ee1-da1d-4c14-8806-6ad12653b5a4:group-3F19163A3C89] INFO  ratis.ContainerStateMachine (ContainerStateMachine.java:takeSnapshot(295)) - group-3F19163A3C89: Finished taking a snapshot at:(t:1, i:14) file:/workdir/hadoop-ozone/integration-test/target/test-dir/MiniOzoneClusterImpl-b4e114d8-6e30-44e2-8e8d-493332923df2/datanode-1/data/ratis/972f458a-a4c0-4b84-bf3e-3f19163a3c89/sm/snapshot.1_14 time:16
2019-08-28 16:06:18,817 [7db29abf-ad28-40bc-bad4-61ba07f001a1-SegmentedRaftLogWorker:Storage Directory /workdir/hadoop-ozone/integration-test/target/test-dir/MiniOzoneClusterImpl-b4e114d8-6e30-44e2-8e8d-493332923df2/datanode-4/data/ratis/b3173a87-23cd-452d-ab89-5274f53b4300] INFO  segmented.SegmentedRaftLogWorker (SegmentedRaftLogWorker.java:run(313)) - 7db29abf-ad28-40bc-bad4-61ba07f001a1-SegmentedRaftLogWorker:Storage Directory /workdir/hadoop-ozone/integration-test/target/test-dir/MiniOzoneClusterImpl-b4e114d8-6e30-44e2-8e8d-493332923df2/datanode-4/data/ratis/b3173a87-23cd-452d-ab89-5274f53b4300 was interrupted, exiting. There are 0 tasks remaining in the queue.
2019-08-28 16:06:18,817 [StateMachineUpdater:e84d1ee1-da1d-4c14-8806-6ad12653b5a4:group-3F19163A3C89] INFO  impl.StateMachineUpdater (StateMachineUpdater.java:takeSnapshot(242)) - StateMachineUpdater:e84d1ee1-da1d-4c14-8806-6ad12653b5a4:group-3F19163A3C89: Took a snapshot at index 14
2019-08-28 16:06:18,817 [StateMachineUpdater:e84d1ee1-da1d-4c14-8806-6ad12653b5a4:group-3F19163A3C89] INFO  impl.StateMachineUpdater (StateMachineUpdater.java:lambda$new$0(80)) - StateMachineUpdater:e84d1ee1-da1d-4c14-8806-6ad12653b5a4:group-3F19163A3C89: snapshotIndex: updateIncreasingly -1 -> 14
2019-08-28 16:06:18,820 [main] INFO  segmented.SegmentedRaftLogWorker (SegmentedRaftLogWorker.java:close(228)) - 7db29abf-ad28-40bc-bad4-61ba07f001a1-SegmentedRaftLogWorker:Storage Directory /workdir/hadoop-ozone/integration-test/target/test-dir/MiniOzoneClusterImpl-b4e114d8-6e30-44e2-8e8d-493332923df2/datanode-4/data/ratis/b3173a87-23cd-452d-ab89-5274f53b4300 close()
2019-08-28 16:06:18,820 [ForkJoinPool.commonPool-worker-0] INFO  impl.RaftServerImpl (ServerState.java:close(394)) - e84d1ee1-da1d-4c14-8806-6ad12653b5a4:group-3F19163A3C89 closes. The last applied log index is 18
2019-08-28 16:06:18,826 [main] INFO  impl.RaftServerImpl (RaftServerImpl.java:lambda$shutdown$3(245)) - 7db29abf-ad28-40bc-bad4-61ba07f001a1: shutdown group-83AB6193A7F6
2019-08-28 16:06:18,827 [e84d1ee1-da1d-4c14-8806-6ad12653b5a4-SegmentedRaftLogWorker:Storage Directory /workdir/hadoop-ozone/integration-test/target/test-dir/MiniOzoneClusterImpl-b4e114d8-6e30-44e2-8e8d-493332923df2/datanode-1/data/ratis/972f458a-a4c0-4b84-bf3e-3f19163a3c89] INFO  segmented.SegmentedRaftLogWorker (SegmentedRaftLogWorker.java:run(313)) - e84d1ee1-da1d-4c14-8806-6ad12653b5a4-SegmentedRaftLogWorker:Storage Directory /workdir/hadoop-ozone/integration-test/target/test-dir/MiniOzoneClusterImpl-b4e114d8-6e30-44e2-8e8d-493332923df2/datanode-1/data/ratis/972f458a-a4c0-4b84-bf3e-3f19163a3c89 was interrupted, exiting. There are 0 tasks remaining in the queue.
2019-08-28 16:06:18,827 [main] INFO  util.JmxRegister (JmxRegister.java:unregister(73)) - Successfully un-registered JMX Bean with object name Ratis:service=RaftServer,group=group-83AB6193A7F6,id=7db29abf-ad28-40bc-bad4-61ba07f001a1
2019-08-28 16:06:18,830 [ForkJoinPool.commonPool-worker-0] INFO  segmented.SegmentedRaftLogWorker (SegmentedRaftLogWorker.java:close(228)) - e84d1ee1-da1d-4c14-8806-6ad12653b5a4-SegmentedRaftLogWorker:Storage Directory /workdir/hadoop-ozone/integration-test/target/test-dir/MiniOzoneClusterImpl-b4e114d8-6e30-44e2-8e8d-493332923df2/datanode-1/data/ratis/972f458a-a4c0-4b84-bf3e-3f19163a3c89 close()
2019-08-28 16:06:18,830 [main] INFO  impl.RoleInfo (RoleInfo.java:shutdownLeaderState(104)) - 7db29abf-ad28-40bc-bad4-61ba07f001a1: shutdown LeaderState
2019-08-28 16:06:18,834 [ForkJoinPool.commonPool-worker-0] INFO  impl.RaftServerImpl (RaftServerImpl.java:lambda$shutdown$3(245)) - e84d1ee1-da1d-4c14-8806-6ad12653b5a4: shutdown group-27131500DFBA
2019-08-28 16:06:18,835 [main] INFO  impl.PendingRequests (PendingRequests.java:sendNotLeaderResponses(202)) - 7db29abf-ad28-40bc-bad4-61ba07f001a1-PendingRequests: sendNotLeaderResponses
2019-08-28 16:06:18,835 [ForkJoinPool.commonPool-worker-0] INFO  util.JmxRegister (JmxRegister.java:unregister(73)) - Successfully un-registered JMX Bean with object name Ratis:service=RaftServer,group=group-27131500DFBA,id=e84d1ee1-da1d-4c14-8806-6ad12653b5a4
2019-08-28 16:06:18,835 [main] INFO  impl.StateMachineUpdater (StateMachineUpdater.java:stopAndJoin(115)) - StateMachineUpdater:7db29abf-ad28-40bc-bad4-61ba07f001a1:group-83AB6193A7F6: set stopIndex = 0
2019-08-28 16:06:18,836 [ForkJoinPool.commonPool-worker-0] INFO  impl.RoleInfo (RoleInfo.java:shutdownLeaderState(104)) - e84d1ee1-da1d-4c14-8806-6ad12653b5a4: shutdown LeaderState
2019-08-28 16:06:18,836 [main] INFO  impl.RaftServerImpl (ServerState.java:close(394)) - 7db29abf-ad28-40bc-bad4-61ba07f001a1:group-83AB6193A7F6 closes. The last applied log index is 0
2019-08-28 16:06:18,836 [ForkJoinPool.commonPool-worker-0] INFO  impl.PendingRequests (PendingRequests.java:sendNotLeaderResponses(202)) - e84d1ee1-da1d-4c14-8806-6ad12653b5a4-PendingRequests: sendNotLeaderResponses
2019-08-28 16:06:18,837 [7db29abf-ad28-40bc-bad4-61ba07f001a1-SegmentedRaftLogWorker:Storage Directory /workdir/hadoop-ozone/integration-test/target/test-dir/MiniOzoneClusterImpl-b4e114d8-6e30-44e2-8e8d-493332923df2/datanode-4/data/ratis/0a1c8849-5875-447e-838c-83ab6193a7f6] INFO  segmented.SegmentedRaftLogWorker (SegmentedRaftLogWorker.java:run(313)) - 7db29abf-ad28-40bc-bad4-61ba07f001a1-SegmentedRaftLogWorker:Storage Directory /workdir/hadoop-ozone/integration-test/target/test-dir/MiniOzoneClusterImpl-b4e114d8-6e30-44e2-8e8d-493332923df2/datanode-4/data/ratis/0a1c8849-5875-447e-838c-83ab6193a7f6 was interrupted, exiting. There are 0 tasks remaining in the queue.
2019-08-28 16:06:18,837 [ForkJoinPool.commonPool-worker-0] INFO  impl.StateMachineUpdater (StateMachineUpdater.java:stopAndJoin(115)) - StateMachineUpdater:e84d1ee1-da1d-4c14-8806-6ad12653b5a4:group-27131500DFBA: set stopIndex = 0
2019-08-28 16:06:18,840 [main] INFO  segmented.SegmentedRaftLogWorker (SegmentedRaftLogWorker.java:close(228)) - 7db29abf-ad28-40bc-bad4-61ba07f001a1-SegmentedRaftLogWorker:Storage Directory /workdir/hadoop-ozone/integration-test/target/test-dir/MiniOzoneClusterImpl-b4e114d8-6e30-44e2-8e8d-493332923df2/datanode-4/data/ratis/0a1c8849-5875-447e-838c-83ab6193a7f6 close()
2019-08-28 16:06:18,840 [ForkJoinPool.commonPool-worker-0] INFO  impl.RaftServerImpl (ServerState.java:close(394)) - e84d1ee1-da1d-4c14-8806-6ad12653b5a4:group-27131500DFBA closes. The last applied log index is 0
2019-08-28 16:06:18,844 [main] INFO  server.GrpcService (GrpcService.java:closeImpl(155)) - 7db29abf-ad28-40bc-bad4-61ba07f001a1: shutdown server with port 34407 now
2019-08-28 16:06:18,845 [e84d1ee1-da1d-4c14-8806-6ad12653b5a4-SegmentedRaftLogWorker:Storage Directory /workdir/hadoop-ozone/integration-test/target/test-dir/MiniOzoneClusterImpl-b4e114d8-6e30-44e2-8e8d-493332923df2/datanode-1/data/ratis/f9470f41-19e4-4b69-b68e-27131500dfba] INFO  segmented.SegmentedRaftLogWorker (SegmentedRaftLogWorker.java:run(313)) - e84d1ee1-da1d-4c14-8806-6ad12653b5a4-SegmentedRaftLogWorker:Storage Directory /workdir/hadoop-ozone/integration-test/target/test-dir/MiniOzoneClusterImpl-b4e114d8-6e30-44e2-8e8d-493332923df2/datanode-1/data/ratis/f9470f41-19e4-4b69-b68e-27131500dfba was interrupted, exiting. There are 0 tasks remaining in the queue.
2019-08-28 16:06:18,847 [ForkJoinPool.commonPool-worker-0] INFO  segmented.SegmentedRaftLogWorker (SegmentedRaftLogWorker.java:close(228)) - e84d1ee1-da1d-4c14-8806-6ad12653b5a4-SegmentedRaftLogWorker:Storage Directory /workdir/hadoop-ozone/integration-test/target/test-dir/MiniOzoneClusterImpl-b4e114d8-6e30-44e2-8e8d-493332923df2/datanode-1/data/ratis/f9470f41-19e4-4b69-b68e-27131500dfba close()
2019-08-28 16:06:18,852 [ForkJoinPool.commonPool-worker-0] INFO  server.GrpcService (GrpcService.java:closeImpl(155)) - e84d1ee1-da1d-4c14-8806-6ad12653b5a4: shutdown server with port 36516 now
2019-08-28 16:06:18,853 [grpc-default-executor-3] WARN  server.GrpcServerProtocolService (LogUtils.java:warn(134)) - 7db29abf-ad28-40bc-bad4-61ba07f001a1: appendEntries onError: org.apache.ratis.thirdparty.io.grpc.StatusRuntimeException: CANCELLED: cancelled before receiving half close
2019-08-28 16:06:18,853 [main] INFO  server.GrpcService (GrpcService.java:closeImpl(163)) - 7db29abf-ad28-40bc-bad4-61ba07f001a1: shutdown server with port 34407 successfully
2019-08-28 16:06:18,853 [grpc-default-executor-4] WARN  server.GrpcLogAppender (LogUtils.java:warn(134)) - d6f13b7d-b532-4c8e-b41b-ddacd18c9d79->7db29abf-ad28-40bc-bad4-61ba07f001a1: Failed appendEntries: org.apache.ratis.thirdparty.io.grpc.StatusRuntimeException: CANCELLED: HTTP/2 error code: CANCEL
Received Rst Stream
2019-08-28 16:06:18,853 [ForkJoinPool.commonPool-worker-0] INFO  server.GrpcService (GrpcService.java:closeImpl(163)) - e84d1ee1-da1d-4c14-8806-6ad12653b5a4: shutdown server with port 36516 successfully
2019-08-28 16:06:18,853 [grpc-default-executor-6] WARN  server.GrpcServerProtocolService (LogUtils.java:warn(134)) - e84d1ee1-da1d-4c14-8806-6ad12653b5a4: appendEntries onError: org.apache.ratis.thirdparty.io.grpc.StatusRuntimeException: CANCELLED: cancelled before receiving half close
2019-08-28 16:06:18,854 [grpc-default-executor-4] INFO  impl.FollowerInfo (FollowerInfo.java:lambda$new$0(50)) - d6f13b7d-b532-4c8e-b41b-ddacd18c9d79->7db29abf-ad28-40bc-bad4-61ba07f001a1: nextIndex: updateUnconditionally 17 -> 16
2019-08-28 16:06:18,854 [grpc-default-executor-7] WARN  server.GrpcLogAppender (LogUtils.java:warn(134)) - ee1ff1a7-a189-4b0e-b6a4-631626cf238a->e84d1ee1-da1d-4c14-8806-6ad12653b5a4: Failed appendEntries: org.apache.ratis.thirdparty.io.grpc.StatusRuntimeException: CANCELLED: HTTP/2 error code: CANCEL
Received Rst Stream
2019-08-28 16:06:18,855 [grpc-default-executor-7] INFO  impl.FollowerInfo (FollowerInfo.java:lambda$new$0(50)) - ee1ff1a7-a189-4b0e-b6a4-631626cf238a->e84d1ee1-da1d-4c14-8806-6ad12653b5a4: nextIndex: updateUnconditionally 19 -> 18
2019-08-28 16:06:18,858 [refreshUsed-/workdir/hadoop-ozone/integration-test/target/test-dir/MiniOzoneClusterImpl-b4e114d8-6e30-44e2-8e8d-493332923df2/datanode-4/data/containers] WARN  fs.CachingGetSpaceUsed (CachingGetSpaceUsed.java:run(183)) - Thread Interrupted waiting to refresh disk information: sleep interrupted
2019-08-28 16:06:18,859 [refreshUsed-/workdir/hadoop-ozone/integration-test/target/test-dir/MiniOzoneClusterImpl-b4e114d8-6e30-44e2-8e8d-493332923df2/datanode-1/data/containers] WARN  fs.CachingGetSpaceUsed (CachingGetSpaceUsed.java:run(183)) - Thread Interrupted waiting to refresh disk information: sleep interrupted
2019-08-28 16:06:18,880 [ForkJoinPool.commonPool-worker-0] INFO  utils.BackgroundService (BackgroundService.java:shutdown(148)) - Shutting down service BlockDeletingService
2019-08-28 16:06:18,885 [ForkJoinPool.commonPool-worker-0] INFO  statemachine.DatanodeStateMachine (DatanodeStateMachine.java:stopDaemon(395)) - Ozone container server stopped.
2019-08-28 16:06:18,885 [main] INFO  utils.BackgroundService (BackgroundService.java:shutdown(148)) - Shutting down service BlockDeletingService
2019-08-28 16:06:18,891 | INFO  | SCMAudit | user=jenkins1000 | ip=192.168.34.1 | op=SEND_HEARTBEAT {datanodeUUID=ee1ff1a7-a189-4b0e-b6a4-631626cf238a, command=[]} | ret=SUCCESS |  
2019-08-28 16:06:18,893 [ForkJoinPool.commonPool-worker-0] INFO  handler.ContextHandler (ContextHandler.java:doStop(910)) - Stopped o.e.j.w.WebAppContext@2fb9695a{/,null,UNAVAILABLE}{/hddsDatanode}
2019-08-28 16:06:18,898 [main] INFO  statemachine.DatanodeStateMachine (DatanodeStateMachine.java:stopDaemon(395)) - Ozone container server stopped.
2019-08-28 16:06:18,899 [ForkJoinPool.commonPool-worker-0] INFO  server.AbstractConnector (AbstractConnector.java:doStop(318)) - Stopped ServerConnector@33da0fad{HTTP/1.1,[http/1.1]}{0.0.0.0:0}
2019-08-28 16:06:18,901 [ForkJoinPool.commonPool-worker-0] INFO  handler.ContextHandler (ContextHandler.java:doStop(910)) - Stopped o.e.j.s.ServletContextHandler@3f89d36c{/static,jar:file:/home/user/.m2/repository/org/apache/hadoop/hadoop-hdds-container-service/0.5.0-SNAPSHOT/hadoop-hdds-container-service-0.5.0-SNAPSHOT.jar!/webapps/static,UNAVAILABLE}
2019-08-28 16:06:18,901 [main] INFO  handler.ContextHandler (ContextHandler.java:doStop(910)) - Stopped o.e.j.w.WebAppContext@669ae205{/,null,UNAVAILABLE}{/hddsDatanode}
2019-08-28 16:06:18,903 [ForkJoinPool.commonPool-worker-0] INFO  handler.ContextHandler (ContextHandler.java:doStop(910)) - Stopped o.e.j.s.ServletContextHandler@781ecbac{/logs,file:///workdir/hadoop-ozone/integration-test/target/log,UNAVAILABLE}
2019-08-28 16:06:18,904 [main] INFO  server.AbstractConnector (AbstractConnector.java:doStop(318)) - Stopped ServerConnector@19984625{HTTP/1.1,[http/1.1]}{0.0.0.0:0}
2019-08-28 16:06:18,904 [ForkJoinPool.commonPool-worker-0] INFO  datanode.ObjectStoreHandler (ObjectStoreHandler.java:close(155)) - Closing ObjectStoreHandler.
2019-08-28 16:06:18,905 [main] INFO  handler.ContextHandler (ContextHandler.java:doStop(910)) - Stopped o.e.j.s.ServletContextHandler@500e995b{/static,jar:file:/home/user/.m2/repository/org/apache/hadoop/hadoop-hdds-container-service/0.5.0-SNAPSHOT/hadoop-hdds-container-service-0.5.0-SNAPSHOT.jar!/webapps/static,UNAVAILABLE}
2019-08-28 16:06:18,905 [ForkJoinPool.commonPool-worker-0] INFO  ozone.HddsDatanodeService (HddsDatanodeService.java:stop(451)) - Stopped plug-in org.apache.hadoop.ozone.web.OzoneHddsDatanodeService@3e09067
2019-08-28 16:06:18,905 [main] INFO  handler.ContextHandler (ContextHandler.java:doStop(910)) - Stopped o.e.j.s.ServletContextHandler@8497c23{/logs,file:///workdir/hadoop-ozone/integration-test/target/log,UNAVAILABLE}
2019-08-28 16:06:18,906 [main] INFO  datanode.ObjectStoreHandler (ObjectStoreHandler.java:close(155)) - Closing ObjectStoreHandler.
2019-08-28 16:06:18,907 [main] INFO  ozone.HddsDatanodeService (HddsDatanodeService.java:stop(451)) - Stopped plug-in org.apache.hadoop.ozone.web.OzoneHddsDatanodeService@29511cf9
2019-08-28 16:06:19,534 [Datanode State Machine Thread - 0] INFO  statemachine.DatanodeStateMachine (DatanodeStateMachine.java:lambda$startDaemon$0(350)) - Ozone container server started.
2019-08-28 16:06:19,535 | INFO  | SCMAudit | user=jenkins1000 | ip=192.168.34.1 | op=SEND_HEARTBEAT {datanodeUUID=d6f13b7d-b532-4c8e-b41b-ddacd18c9d79, command=[commandType: closeContainerCommand closeContainerCommandProto { containerID: 2 pipelineID { id: "b3173a87-23cd-452d-ab89-5274f53b4300" } cmdId: 2 force: false } ]} | ret=SUCCESS |  
2019-08-28 16:06:19,605 | INFO  | SCMAudit | user=jenkins1000 | ip=192.168.34.1 | op=SEND_HEARTBEAT {datanodeUUID=3cb7308a-f9d8-412c-b531-169dc3fab563, command=[]} | ret=SUCCESS |  
2019-08-28 16:06:19,889 [Datanode State Machine Thread - 0] INFO  statemachine.DatanodeStateMachine (DatanodeStateMachine.java:lambda$startDaemon$0(350)) - Ozone container server started.
2019-08-28 16:06:20,031 [grpc-default-executor-3] WARN  server.GrpcLogAppender (LogUtils.java:warn(134)) - ee1ff1a7-a189-4b0e-b6a4-631626cf238a->8bee0910-3428-4843-b403-19ca72997025: Failed appendEntries: org.apache.ratis.thirdparty.io.grpc.StatusRuntimeException: UNAVAILABLE: io exception
2019-08-28 16:06:20,031 [grpc-default-executor-3] INFO  impl.FollowerInfo (FollowerInfo.java:lambda$new$0(50)) - ee1ff1a7-a189-4b0e-b6a4-631626cf238a->8bee0910-3428-4843-b403-19ca72997025: nextIndex: updateUnconditionally 0 -> 0
2019-08-28 16:06:20,032 [grpc-default-executor-4] WARN  server.GrpcLogAppender (LogUtils.java:warn(134)) - ee1ff1a7-a189-4b0e-b6a4-631626cf238a->e84d1ee1-da1d-4c14-8806-6ad12653b5a4: Failed appendEntries: org.apache.ratis.thirdparty.io.grpc.StatusRuntimeException: UNAVAILABLE: io exception
2019-08-28 16:06:20,033 [grpc-default-executor-4] INFO  impl.FollowerInfo (FollowerInfo.java:lambda$new$0(50)) - ee1ff1a7-a189-4b0e-b6a4-631626cf238a->e84d1ee1-da1d-4c14-8806-6ad12653b5a4: nextIndex: updateUnconditionally 18 -> 17
2019-08-28 16:06:20,535 | INFO  | SCMAudit | user=jenkins1000 | ip=192.168.34.1 | op=SEND_HEARTBEAT {datanodeUUID=d6f13b7d-b532-4c8e-b41b-ddacd18c9d79, command=[]} | ret=SUCCESS |  
2019-08-28 16:06:20,552 | INFO  | SCMAudit | user=jenkins1000 | ip=192.168.34.1 | op=SEND_HEARTBEAT {datanodeUUID=d6f13b7d-b532-4c8e-b41b-ddacd18c9d79, command=[]} | ret=SUCCESS |  
2019-08-28 16:06:20,554 [grpc-default-executor-7] WARN  server.GrpcLogAppender (LogUtils.java:warn(134)) - d6f13b7d-b532-4c8e-b41b-ddacd18c9d79->7db29abf-ad28-40bc-bad4-61ba07f001a1: Failed appendEntries: org.apache.ratis.thirdparty.io.grpc.StatusRuntimeException: UNAVAILABLE: io exception
2019-08-28 16:06:20,554 [grpc-default-executor-7] INFO  impl.FollowerInfo (FollowerInfo.java:lambda$new$0(50)) - d6f13b7d-b532-4c8e-b41b-ddacd18c9d79->7db29abf-ad28-40bc-bad4-61ba07f001a1: nextIndex: updateUnconditionally 17 -> 16
2019-08-28 16:06:20,567 [grpc-default-executor-4] WARN  server.GrpcLogAppender (LogUtils.java:warn(134)) - d6f13b7d-b532-4c8e-b41b-ddacd18c9d79->7db29abf-ad28-40bc-bad4-61ba07f001a1: Failed appendEntries: org.apache.ratis.thirdparty.io.grpc.StatusRuntimeException: UNAVAILABLE: io exception
2019-08-28 16:06:20,567 [grpc-default-executor-4] INFO  impl.FollowerInfo (FollowerInfo.java:lambda$new$0(50)) - d6f13b7d-b532-4c8e-b41b-ddacd18c9d79->7db29abf-ad28-40bc-bad4-61ba07f001a1: nextIndex: updateUnconditionally 17 -> 16
2019-08-28 16:06:20,580 [RatisApplyTransactionExecutor 2] INFO  interfaces.Container (KeyValueContainer.java:flushAndSyncDB(382)) - Container 2 is synced with bcsId 14.
2019-08-28 16:06:20,580 [grpc-default-executor-3] WARN  server.GrpcLogAppender (LogUtils.java:warn(134)) - d6f13b7d-b532-4c8e-b41b-ddacd18c9d79->7db29abf-ad28-40bc-bad4-61ba07f001a1: Failed appendEntries: org.apache.ratis.thirdparty.io.grpc.StatusRuntimeException: UNAVAILABLE: io exception
2019-08-28 16:06:20,580 [RatisApplyTransactionExecutor 2] INFO  interfaces.Container (KeyValueContainer.java:flushAndSyncDB(382)) - Container 2 is synced with bcsId 14.
2019-08-28 16:06:20,580 [grpc-default-executor-3] INFO  impl.FollowerInfo (FollowerInfo.java:lambda$new$0(50)) - d6f13b7d-b532-4c8e-b41b-ddacd18c9d79->7db29abf-ad28-40bc-bad4-61ba07f001a1: nextIndex: updateUnconditionally 17 -> 16
2019-08-28 16:06:20,596 [RatisApplyTransactionExecutor 2] INFO  interfaces.Container (KeyValueContainer.java:flushAndSyncDB(382)) - Container 2 is synced with bcsId 14.
2019-08-28 16:06:20,596 [RatisApplyTransactionExecutor 2] INFO  interfaces.Container (KeyValueContainer.java:flushAndSyncDB(382)) - Container 2 is synced with bcsId 14.
2019-08-28 16:06:20,596 | INFO  | DNAudit | user=null | ip=null | op=CLOSE_CONTAINER {containerID=2} | ret=SUCCESS |  
2019-08-28 16:06:20,597 | INFO  | SCMAudit | user=jenkins1000 | ip=192.168.34.1 | op=SEND_HEARTBEAT {datanodeUUID=d6f13b7d-b532-4c8e-b41b-ddacd18c9d79, command=[]} | ret=SUCCESS |  
2019-08-28 16:06:20,597 [EventQueue-IncrementalContainerReportForIncrementalContainerReportHandler] INFO  container.IncrementalContainerReportHandler (AbstractContainerReportHandler.java:updateContainerState(176)) - Moving container #2 to CLOSED state, datanode d6f13b7d-b532-4c8e-b41b-ddacd18c9d79{ip: 192.168.34.1, host: pr-hdds-1941-8j4hf-3572870610, networkLocation: /default-rack, certSerialId: null} reported CLOSED replica.
2019-08-28 16:06:20,605 | INFO  | SCMAudit | user=jenkins1000 | ip=192.168.34.1 | op=SEND_HEARTBEAT {datanodeUUID=3cb7308a-f9d8-412c-b531-169dc3fab563, command=[]} | ret=SUCCESS |  
2019-08-28 16:06:20,611 | INFO  | DNAudit | user=null | ip=null | op=CLOSE_CONTAINER {containerID=2} | ret=SUCCESS |  
2019-08-28 16:06:21,597 | INFO  | SCMAudit | user=jenkins1000 | ip=192.168.34.1 | op=SEND_HEARTBEAT {datanodeUUID=d6f13b7d-b532-4c8e-b41b-ddacd18c9d79, command=[]} | ret=SUCCESS |  
2019-08-28 16:06:21,605 | INFO  | SCMAudit | user=jenkins1000 | ip=192.168.34.1 | op=SEND_HEARTBEAT {datanodeUUID=3cb7308a-f9d8-412c-b531-169dc3fab563, command=[]} | ret=SUCCESS |  
2019-08-28 16:06:22,532 [grpc-default-executor-7] WARN  server.GrpcLogAppender (LogUtils.java:warn(134)) - ee1ff1a7-a189-4b0e-b6a4-631626cf238a->8bee0910-3428-4843-b403-19ca72997025: Failed appendEntries: org.apache.ratis.thirdparty.io.grpc.StatusRuntimeException: UNAVAILABLE: io exception
2019-08-28 16:06:22,532 [grpc-default-executor-7] INFO  impl.FollowerInfo (FollowerInfo.java:lambda$new$0(50)) - ee1ff1a7-a189-4b0e-b6a4-631626cf238a->8bee0910-3428-4843-b403-19ca72997025: nextIndex: updateUnconditionally 0 -> 0
2019-08-28 16:06:22,532 [grpc-default-executor-6] WARN  server.GrpcLogAppender (LogUtils.java:warn(134)) - ee1ff1a7-a189-4b0e-b6a4-631626cf238a->e84d1ee1-da1d-4c14-8806-6ad12653b5a4: Failed appendEntries: org.apache.ratis.thirdparty.io.grpc.StatusRuntimeException: UNAVAILABLE: io exception
2019-08-28 16:06:22,533 [grpc-default-executor-6] INFO  impl.FollowerInfo (FollowerInfo.java:lambda$new$0(50)) - ee1ff1a7-a189-4b0e-b6a4-631626cf238a->e84d1ee1-da1d-4c14-8806-6ad12653b5a4: nextIndex: updateUnconditionally 17 -> 16
2019-08-28 16:06:22,598 | INFO  | SCMAudit | user=jenkins1000 | ip=192.168.34.1 | op=SEND_HEARTBEAT {datanodeUUID=d6f13b7d-b532-4c8e-b41b-ddacd18c9d79, command=[]} | ret=SUCCESS |  
2019-08-28 16:06:22,605 | INFO  | SCMAudit | user=jenkins1000 | ip=192.168.34.1 | op=SEND_HEARTBEAT {datanodeUUID=3cb7308a-f9d8-412c-b531-169dc3fab563, command=[]} | ret=SUCCESS |  
2019-08-28 16:06:23,081 [grpc-default-executor-3] WARN  server.GrpcLogAppender (LogUtils.java:warn(134)) - d6f13b7d-b532-4c8e-b41b-ddacd18c9d79->7db29abf-ad28-40bc-bad4-61ba07f001a1: Failed appendEntries: org.apache.ratis.thirdparty.io.grpc.StatusRuntimeException: UNAVAILABLE: io exception
2019-08-28 16:06:23,081 [grpc-default-executor-3] INFO  impl.FollowerInfo (FollowerInfo.java:lambda$new$0(50)) - d6f13b7d-b532-4c8e-b41b-ddacd18c9d79->7db29abf-ad28-40bc-bad4-61ba07f001a1: nextIndex: updateUnconditionally 16 -> 15
2019-08-28 16:06:23,551 [EventQueue-StaleNodeForStaleNodeHandler] INFO  node.StaleNodeHandler (StaleNodeHandler.java:onMessage(58)) - Datanode efaffdcb-0ab5-48a3-a06a-abf9808d0da1{ip: 192.168.34.1, host: pr-hdds-1941-8j4hf-3572870610, networkLocation: /default-rack, certSerialId: null} moved to stale state. Finalizing its pipelines [PipelineID=dcfc22b8-c3c8-4f07-a359-51844e3555f3, PipelineID=b3173a87-23cd-452d-ab89-5274f53b4300]
2019-08-28 16:06:23,551 [EventQueue-StaleNodeForStaleNodeHandler] INFO  pipeline.SCMPipelineManager (SCMPipelineManager.java:finalizeAndDestroyPipeline(309)) - destroying pipeline:Pipeline[ Id: dcfc22b8-c3c8-4f07-a359-51844e3555f3, Nodes: efaffdcb-0ab5-48a3-a06a-abf9808d0da1{ip: 192.168.34.1, host: pr-hdds-1941-8j4hf-3572870610, networkLocation: /default-rack, certSerialId: null}, Type:RATIS, Factor:ONE, State:OPEN]
2019-08-28 16:06:23,551 [EventQueue-StaleNodeForStaleNodeHandler] INFO  pipeline.PipelineStateManager (PipelineStateManager.java:finalizePipeline(123)) - Pipeline Pipeline[ Id: dcfc22b8-c3c8-4f07-a359-51844e3555f3, Nodes: efaffdcb-0ab5-48a3-a06a-abf9808d0da1{ip: 192.168.34.1, host: pr-hdds-1941-8j4hf-3572870610, networkLocation: /default-rack, certSerialId: null}, Type:RATIS, Factor:ONE, State:CLOSED] moved to CLOSED state
2019-08-28 16:06:23,552 [EventQueue-StaleNodeForStaleNodeHandler] INFO  pipeline.SCMPipelineManager (SCMPipelineManager.java:finalizeAndDestroyPipeline(309)) - destroying pipeline:Pipeline[ Id: b3173a87-23cd-452d-ab89-5274f53b4300, Nodes: d6f13b7d-b532-4c8e-b41b-ddacd18c9d79{ip: 192.168.34.1, host: pr-hdds-1941-8j4hf-3572870610, networkLocation: /default-rack, certSerialId: null}7db29abf-ad28-40bc-bad4-61ba07f001a1{ip: 192.168.34.1, host: pr-hdds-1941-8j4hf-3572870610, networkLocation: /default-rack, certSerialId: null}efaffdcb-0ab5-48a3-a06a-abf9808d0da1{ip: 192.168.34.1, host: pr-hdds-1941-8j4hf-3572870610, networkLocation: /default-rack, certSerialId: null}, Type:RATIS, Factor:THREE, State:CLOSED]
2019-08-28 16:06:23,598 | INFO  | SCMAudit | user=jenkins1000 | ip=192.168.34.1 | op=SEND_HEARTBEAT {datanodeUUID=d6f13b7d-b532-4c8e-b41b-ddacd18c9d79, command=[]} | ret=SUCCESS |  
2019-08-28 16:06:23,605 | INFO  | SCMAudit | user=jenkins1000 | ip=192.168.34.1 | op=SEND_HEARTBEAT {datanodeUUID=3cb7308a-f9d8-412c-b531-169dc3fab563, command=[]} | ret=SUCCESS |  
2019-08-28 16:06:23,906 [ForkJoinPool.commonPool-worker-0] INFO  ozoneimpl.OzoneContainer (OzoneContainer.java:stop(215)) - Attempting to stop container services.
2019-08-28 16:06:23,907 [ForkJoinPool.commonPool-worker-0] INFO  impl.RaftServerProxy (RaftServerProxy.java:lambda$close$4(314)) - ee1ff1a7-a189-4b0e-b6a4-631626cf238a: close
2019-08-28 16:06:23,907 [ForkJoinPool.commonPool-worker-0] INFO  impl.RaftServerImpl (RaftServerImpl.java:lambda$shutdown$3(245)) - ee1ff1a7-a189-4b0e-b6a4-631626cf238a: shutdown group-3F19163A3C89
2019-08-28 16:06:23,908 [ForkJoinPool.commonPool-worker-0] INFO  util.JmxRegister (JmxRegister.java:unregister(73)) - Successfully un-registered JMX Bean with object name Ratis:service=RaftServer,group=group-3F19163A3C89,id=ee1ff1a7-a189-4b0e-b6a4-631626cf238a
2019-08-28 16:06:23,908 [main] INFO  ozoneimpl.OzoneContainer (OzoneContainer.java:stop(215)) - Attempting to stop container services.
2019-08-28 16:06:23,908 [ForkJoinPool.commonPool-worker-0] INFO  impl.RoleInfo (RoleInfo.java:shutdownLeaderState(104)) - ee1ff1a7-a189-4b0e-b6a4-631626cf238a: shutdown LeaderState
2019-08-28 16:06:23,909 [main] INFO  impl.RaftServerProxy (RaftServerProxy.java:lambda$close$4(314)) - efaffdcb-0ab5-48a3-a06a-abf9808d0da1: close
2019-08-28 16:06:23,914 [org.apache.ratis.server.impl.LogAppender$AppenderDaemon$$Lambda$538/397952407@3ca758e3] WARN  server.GrpcLogAppender (GrpcLogAppender.java:mayWait(143)) - GrpcLogAppender(ee1ff1a7-a189-4b0e-b6a4-631626cf238a->8bee0910-3428-4843-b403-19ca72997025): Wait interrupted by java.lang.InterruptedException
2019-08-28 16:06:23,914 [org.apache.ratis.server.impl.LogAppender$AppenderDaemon$$Lambda$538/397952407@6b54f855] WARN  server.GrpcLogAppender (GrpcLogAppender.java:mayWait(143)) - GrpcLogAppender(ee1ff1a7-a189-4b0e-b6a4-631626cf238a->e84d1ee1-da1d-4c14-8806-6ad12653b5a4): Wait interrupted by java.lang.InterruptedException
2019-08-28 16:06:23,913 [ForkJoinPool.commonPool-worker-0] INFO  impl.PendingRequests (PendingRequests.java:sendNotLeaderResponses(202)) - ee1ff1a7-a189-4b0e-b6a4-631626cf238a-PendingRequests: sendNotLeaderResponses
2019-08-28 16:06:23,914 [main] INFO  impl.RaftServerImpl (RaftServerImpl.java:lambda$shutdown$3(245)) - efaffdcb-0ab5-48a3-a06a-abf9808d0da1: shutdown group-51844E3555F3
2019-08-28 16:06:23,918 [ForkJoinPool.commonPool-worker-0] INFO  impl.StateMachineUpdater (StateMachineUpdater.java:stopAndJoin(115)) - StateMachineUpdater:ee1ff1a7-a189-4b0e-b6a4-631626cf238a:group-3F19163A3C89: set stopIndex = 18
2019-08-28 16:06:23,918 [main] INFO  util.JmxRegister (JmxRegister.java:unregister(73)) - Successfully un-registered JMX Bean with object name Ratis:service=RaftServer,group=group-51844E3555F3,id=efaffdcb-0ab5-48a3-a06a-abf9808d0da1
2019-08-28 16:06:23,919 [main] INFO  impl.RoleInfo (RoleInfo.java:shutdownLeaderState(104)) - efaffdcb-0ab5-48a3-a06a-abf9808d0da1: shutdown LeaderState
2019-08-28 16:06:23,919 [StateMachineUpdater:ee1ff1a7-a189-4b0e-b6a4-631626cf238a:group-3F19163A3C89] INFO  ratis.ContainerStateMachine (ContainerStateMachine.java:takeSnapshot(284)) - group-3F19163A3C89: Taking a snapshot at:(t:1, i:14) file /workdir/hadoop-ozone/integration-test/target/test-dir/MiniOzoneClusterImpl-b4e114d8-6e30-44e2-8e8d-493332923df2/datanode-0/data/ratis/972f458a-a4c0-4b84-bf3e-3f19163a3c89/sm/snapshot.1_14
2019-08-28 16:06:23,920 [main] INFO  impl.PendingRequests (PendingRequests.java:sendNotLeaderResponses(202)) - efaffdcb-0ab5-48a3-a06a-abf9808d0da1-PendingRequests: sendNotLeaderResponses
2019-08-28 16:06:23,920 [main] INFO  impl.StateMachineUpdater (StateMachineUpdater.java:stopAndJoin(115)) - StateMachineUpdater:efaffdcb-0ab5-48a3-a06a-abf9808d0da1:group-51844E3555F3: set stopIndex = 0
2019-08-28 16:06:23,921 [main] INFO  impl.RaftServerImpl (ServerState.java:close(394)) - efaffdcb-0ab5-48a3-a06a-abf9808d0da1:group-51844E3555F3 closes. The last applied log index is 0
2019-08-28 16:06:23,921 [efaffdcb-0ab5-48a3-a06a-abf9808d0da1-SegmentedRaftLogWorker:Storage Directory /workdir/hadoop-ozone/integration-test/target/test-dir/MiniOzoneClusterImpl-b4e114d8-6e30-44e2-8e8d-493332923df2/datanode-3/data/ratis/dcfc22b8-c3c8-4f07-a359-51844e3555f3] INFO  segmented.SegmentedRaftLogWorker (SegmentedRaftLogWorker.java:run(313)) - efaffdcb-0ab5-48a3-a06a-abf9808d0da1-SegmentedRaftLogWorker:Storage Directory /workdir/hadoop-ozone/integration-test/target/test-dir/MiniOzoneClusterImpl-b4e114d8-6e30-44e2-8e8d-493332923df2/datanode-3/data/ratis/dcfc22b8-c3c8-4f07-a359-51844e3555f3 was interrupted, exiting. There are 0 tasks remaining in the queue.
2019-08-28 16:06:23,923 [main] INFO  segmented.SegmentedRaftLogWorker (SegmentedRaftLogWorker.java:close(228)) - efaffdcb-0ab5-48a3-a06a-abf9808d0da1-SegmentedRaftLogWorker:Storage Directory /workdir/hadoop-ozone/integration-test/target/test-dir/MiniOzoneClusterImpl-b4e114d8-6e30-44e2-8e8d-493332923df2/datanode-3/data/ratis/dcfc22b8-c3c8-4f07-a359-51844e3555f3 close()
2019-08-28 16:06:23,927 [main] INFO  impl.RaftServerImpl (RaftServerImpl.java:lambda$shutdown$3(245)) - efaffdcb-0ab5-48a3-a06a-abf9808d0da1: shutdown group-5274F53B4300
2019-08-28 16:06:23,927 [main] INFO  util.JmxRegister (JmxRegister.java:unregister(73)) - Successfully un-registered JMX Bean with object name Ratis:service=RaftServer,group=group-5274F53B4300,id=efaffdcb-0ab5-48a3-a06a-abf9808d0da1
2019-08-28 16:06:23,927 [main] INFO  impl.RoleInfo (RoleInfo.java:shutdownFollowerState(121)) - efaffdcb-0ab5-48a3-a06a-abf9808d0da1: shutdown FollowerState
2019-08-28 16:06:23,928 [main] INFO  impl.StateMachineUpdater (StateMachineUpdater.java:stopAndJoin(115)) - StateMachineUpdater:efaffdcb-0ab5-48a3-a06a-abf9808d0da1:group-5274F53B4300: set stopIndex = 18
2019-08-28 16:06:23,928 [Thread-3707] INFO  impl.FollowerState (FollowerState.java:run(114)) - efaffdcb-0ab5-48a3-a06a-abf9808d0da1: FollowerState was interrupted: java.lang.InterruptedException: sleep interrupted
2019-08-28 16:06:23,928 [StateMachineUpdater:efaffdcb-0ab5-48a3-a06a-abf9808d0da1:group-5274F53B4300] INFO  ratis.ContainerStateMachine (ContainerStateMachine.java:takeSnapshot(284)) - group-5274F53B4300: Taking a snapshot at:(t:2, i:17) file /workdir/hadoop-ozone/integration-test/target/test-dir/MiniOzoneClusterImpl-b4e114d8-6e30-44e2-8e8d-493332923df2/datanode-3/data/ratis/b3173a87-23cd-452d-ab89-5274f53b4300/sm/snapshot.2_17
2019-08-28 16:06:23,933 [StateMachineUpdater:efaffdcb-0ab5-48a3-a06a-abf9808d0da1:group-5274F53B4300] INFO  ratis.ContainerStateMachine (ContainerStateMachine.java:takeSnapshot(295)) - group-5274F53B4300: Finished taking a snapshot at:(t:2, i:17) file:/workdir/hadoop-ozone/integration-test/target/test-dir/MiniOzoneClusterImpl-b4e114d8-6e30-44e2-8e8d-493332923df2/datanode-3/data/ratis/b3173a87-23cd-452d-ab89-5274f53b4300/sm/snapshot.2_17 time:5
2019-08-28 16:06:23,933 [StateMachineUpdater:efaffdcb-0ab5-48a3-a06a-abf9808d0da1:group-5274F53B4300] INFO  impl.StateMachineUpdater (StateMachineUpdater.java:takeSnapshot(242)) - StateMachineUpdater:efaffdcb-0ab5-48a3-a06a-abf9808d0da1:group-5274F53B4300: Took a snapshot at index 17
2019-08-28 16:06:23,933 [StateMachineUpdater:ee1ff1a7-a189-4b0e-b6a4-631626cf238a:group-3F19163A3C89] INFO  ratis.ContainerStateMachine (ContainerStateMachine.java:takeSnapshot(295)) - group-3F19163A3C89: Finished taking a snapshot at:(t:1, i:14) file:/workdir/hadoop-ozone/integration-test/target/test-dir/MiniOzoneClusterImpl-b4e114d8-6e30-44e2-8e8d-493332923df2/datanode-0/data/ratis/972f458a-a4c0-4b84-bf3e-3f19163a3c89/sm/snapshot.1_14 time:14
2019-08-28 16:06:23,933 [StateMachineUpdater:efaffdcb-0ab5-48a3-a06a-abf9808d0da1:group-5274F53B4300] INFO  impl.StateMachineUpdater (StateMachineUpdater.java:lambda$new$0(80)) - StateMachineUpdater:efaffdcb-0ab5-48a3-a06a-abf9808d0da1:group-5274F53B4300: snapshotIndex: updateIncreasingly -1 -> 17
2019-08-28 16:06:23,933 [StateMachineUpdater:ee1ff1a7-a189-4b0e-b6a4-631626cf238a:group-3F19163A3C89] INFO  impl.StateMachineUpdater (StateMachineUpdater.java:takeSnapshot(242)) - StateMachineUpdater:ee1ff1a7-a189-4b0e-b6a4-631626cf238a:group-3F19163A3C89: Took a snapshot at index 14
2019-08-28 16:06:23,934 [StateMachineUpdater:ee1ff1a7-a189-4b0e-b6a4-631626cf238a:group-3F19163A3C89] INFO  impl.StateMachineUpdater (StateMachineUpdater.java:lambda$new$0(80)) - StateMachineUpdater:ee1ff1a7-a189-4b0e-b6a4-631626cf238a:group-3F19163A3C89: snapshotIndex: updateIncreasingly -1 -> 14
2019-08-28 16:06:23,934 [main] INFO  impl.RaftServerImpl (ServerState.java:close(394)) - efaffdcb-0ab5-48a3-a06a-abf9808d0da1:group-5274F53B4300 closes. The last applied log index is 18
2019-08-28 16:06:23,934 [ForkJoinPool.commonPool-worker-0] INFO  impl.RaftServerImpl (ServerState.java:close(394)) - ee1ff1a7-a189-4b0e-b6a4-631626cf238a:group-3F19163A3C89 closes. The last applied log index is 18
2019-08-28 16:06:23,934 [efaffdcb-0ab5-48a3-a06a-abf9808d0da1-SegmentedRaftLogWorker:Storage Directory /workdir/hadoop-ozone/integration-test/target/test-dir/MiniOzoneClusterImpl-b4e114d8-6e30-44e2-8e8d-493332923df2/datanode-3/data/ratis/b3173a87-23cd-452d-ab89-5274f53b4300] INFO  segmented.SegmentedRaftLogWorker (SegmentedRaftLogWorker.java:run(313)) - efaffdcb-0ab5-48a3-a06a-abf9808d0da1-SegmentedRaftLogWorker:Storage Directory /workdir/hadoop-ozone/integration-test/target/test-dir/MiniOzoneClusterImpl-b4e114d8-6e30-44e2-8e8d-493332923df2/datanode-3/data/ratis/b3173a87-23cd-452d-ab89-5274f53b4300 was interrupted, exiting. There are 0 tasks remaining in the queue.
2019-08-28 16:06:23,935 [ee1ff1a7-a189-4b0e-b6a4-631626cf238a-SegmentedRaftLogWorker:Storage Directory /workdir/hadoop-ozone/integration-test/target/test-dir/MiniOzoneClusterImpl-b4e114d8-6e30-44e2-8e8d-493332923df2/datanode-0/data/ratis/972f458a-a4c0-4b84-bf3e-3f19163a3c89] INFO  segmented.SegmentedRaftLogWorker (SegmentedRaftLogWorker.java:run(313)) - ee1ff1a7-a189-4b0e-b6a4-631626cf238a-SegmentedRaftLogWorker:Storage Directory /workdir/hadoop-ozone/integration-test/target/test-dir/MiniOzoneClusterImpl-b4e114d8-6e30-44e2-8e8d-493332923df2/datanode-0/data/ratis/972f458a-a4c0-4b84-bf3e-3f19163a3c89 was interrupted, exiting. There are 0 tasks remaining in the queue.
2019-08-28 16:06:23,937 [main] INFO  segmented.SegmentedRaftLogWorker (SegmentedRaftLogWorker.java:close(228)) - efaffdcb-0ab5-48a3-a06a-abf9808d0da1-SegmentedRaftLogWorker:Storage Directory /workdir/hadoop-ozone/integration-test/target/test-dir/MiniOzoneClusterImpl-b4e114d8-6e30-44e2-8e8d-493332923df2/datanode-3/data/ratis/b3173a87-23cd-452d-ab89-5274f53b4300 close()
2019-08-28 16:06:23,939 [ForkJoinPool.commonPool-worker-0] INFO  segmented.SegmentedRaftLogWorker (SegmentedRaftLogWorker.java:close(228)) - ee1ff1a7-a189-4b0e-b6a4-631626cf238a-SegmentedRaftLogWorker:Storage Directory /workdir/hadoop-ozone/integration-test/target/test-dir/MiniOzoneClusterImpl-b4e114d8-6e30-44e2-8e8d-493332923df2/datanode-0/data/ratis/972f458a-a4c0-4b84-bf3e-3f19163a3c89 close()
2019-08-28 16:06:23,942 [main] INFO  server.GrpcService (GrpcService.java:closeImpl(155)) - efaffdcb-0ab5-48a3-a06a-abf9808d0da1: shutdown server with port 38702 now
2019-08-28 16:06:23,945 [ForkJoinPool.commonPool-worker-0] INFO  impl.RaftServerImpl (RaftServerImpl.java:lambda$shutdown$3(245)) - ee1ff1a7-a189-4b0e-b6a4-631626cf238a: shutdown group-7DD4EE662E95
2019-08-28 16:06:23,946 [ForkJoinPool.commonPool-worker-0] INFO  util.JmxRegister (JmxRegister.java:unregister(73)) - Successfully un-registered JMX Bean with object name Ratis:service=RaftServer,group=group-7DD4EE662E95,id=ee1ff1a7-a189-4b0e-b6a4-631626cf238a
2019-08-28 16:06:23,946 [ForkJoinPool.commonPool-worker-0] INFO  impl.RoleInfo (RoleInfo.java:shutdownLeaderState(104)) - ee1ff1a7-a189-4b0e-b6a4-631626cf238a: shutdown LeaderState
2019-08-28 16:06:23,946 [main] INFO  server.GrpcService (GrpcService.java:closeImpl(163)) - efaffdcb-0ab5-48a3-a06a-abf9808d0da1: shutdown server with port 38702 successfully
2019-08-28 16:06:23,946 [grpc-default-executor-3] WARN  server.GrpcServerProtocolService (LogUtils.java:warn(134)) - efaffdcb-0ab5-48a3-a06a-abf9808d0da1: appendEntries onError: org.apache.ratis.thirdparty.io.grpc.StatusRuntimeException: CANCELLED: cancelled before receiving half close
2019-08-28 16:06:23,946 [grpc-default-executor-6] WARN  server.GrpcLogAppender (LogUtils.java:warn(134)) - d6f13b7d-b532-4c8e-b41b-ddacd18c9d79->efaffdcb-0ab5-48a3-a06a-abf9808d0da1: Failed appendEntries: org.apache.ratis.thirdparty.io.grpc.StatusRuntimeException: CANCELLED: HTTP/2 error code: CANCEL
Received Rst Stream
2019-08-28 16:06:23,946 [ForkJoinPool.commonPool-worker-0] INFO  impl.PendingRequests (PendingRequests.java:sendNotLeaderResponses(202)) - ee1ff1a7-a189-4b0e-b6a4-631626cf238a-PendingRequests: sendNotLeaderResponses
2019-08-28 16:06:23,947 [grpc-default-executor-6] INFO  impl.FollowerInfo (FollowerInfo.java:lambda$new$0(50)) - d6f13b7d-b532-4c8e-b41b-ddacd18c9d79->efaffdcb-0ab5-48a3-a06a-abf9808d0da1: nextIndex: updateUnconditionally 19 -> 18
2019-08-28 16:06:23,947 [ForkJoinPool.commonPool-worker-0] INFO  impl.StateMachineUpdater (StateMachineUpdater.java:stopAndJoin(115)) - StateMachineUpdater:ee1ff1a7-a189-4b0e-b6a4-631626cf238a:group-7DD4EE662E95: set stopIndex = 0
2019-08-28 16:06:23,948 [ForkJoinPool.commonPool-worker-0] INFO  impl.RaftServerImpl (ServerState.java:close(394)) - ee1ff1a7-a189-4b0e-b6a4-631626cf238a:group-7DD4EE662E95 closes. The last applied log index is 0
2019-08-28 16:06:23,948 [refreshUsed-/workdir/hadoop-ozone/integration-test/target/test-dir/MiniOzoneClusterImpl-b4e114d8-6e30-44e2-8e8d-493332923df2/datanode-3/data/containers] WARN  fs.CachingGetSpaceUsed (CachingGetSpaceUsed.java:run(183)) - Thread Interrupted waiting to refresh disk information: sleep interrupted
2019-08-28 16:06:23,949 [ee1ff1a7-a189-4b0e-b6a4-631626cf238a-SegmentedRaftLogWorker:Storage Directory /workdir/hadoop-ozone/integration-test/target/test-dir/MiniOzoneClusterImpl-b4e114d8-6e30-44e2-8e8d-493332923df2/datanode-0/data/ratis/cdd30bfc-6513-471c-b38e-7dd4ee662e95] INFO  segmented.SegmentedRaftLogWorker (SegmentedRaftLogWorker.java:run(313)) - ee1ff1a7-a189-4b0e-b6a4-631626cf238a-SegmentedRaftLogWorker:Storage Directory /workdir/hadoop-ozone/integration-test/target/test-dir/MiniOzoneClusterImpl-b4e114d8-6e30-44e2-8e8d-493332923df2/datanode-0/data/ratis/cdd30bfc-6513-471c-b38e-7dd4ee662e95 was interrupted, exiting. There are 0 tasks remaining in the queue.
2019-08-28 16:06:23,952 [ForkJoinPool.commonPool-worker-0] INFO  segmented.SegmentedRaftLogWorker (SegmentedRaftLogWorker.java:close(228)) - ee1ff1a7-a189-4b0e-b6a4-631626cf238a-SegmentedRaftLogWorker:Storage Directory /workdir/hadoop-ozone/integration-test/target/test-dir/MiniOzoneClusterImpl-b4e114d8-6e30-44e2-8e8d-493332923df2/datanode-0/data/ratis/cdd30bfc-6513-471c-b38e-7dd4ee662e95 close()
2019-08-28 16:06:23,952 [EventQueue-StaleNodeForStaleNodeHandler] INFO  node.StaleNodeHandler (StaleNodeHandler.java:onMessage(58)) - Datanode ee1ff1a7-a189-4b0e-b6a4-631626cf238a{ip: 192.168.34.1, host: pr-hdds-1941-8j4hf-3572870610, networkLocation: /default-rack, certSerialId: null} moved to stale state. Finalizing its pipelines [PipelineID=972f458a-a4c0-4b84-bf3e-3f19163a3c89, PipelineID=cdd30bfc-6513-471c-b38e-7dd4ee662e95]
2019-08-28 16:06:23,958 [ForkJoinPool.commonPool-worker-0] INFO  server.GrpcService (GrpcService.java:closeImpl(155)) - ee1ff1a7-a189-4b0e-b6a4-631626cf238a: shutdown server with port 35124 now
2019-08-28 16:06:23,958 [EventQueue-StaleNodeForStaleNodeHandler] INFO  pipeline.SCMPipelineManager (SCMPipelineManager.java:finalizeAndDestroyPipeline(309)) - destroying pipeline:Pipeline[ Id: 972f458a-a4c0-4b84-bf3e-3f19163a3c89, Nodes: 8bee0910-3428-4843-b403-19ca72997025{ip: 192.168.34.1, host: pr-hdds-1941-8j4hf-3572870610, networkLocation: /default-rack, certSerialId: null}e84d1ee1-da1d-4c14-8806-6ad12653b5a4{ip: 192.168.34.1, host: pr-hdds-1941-8j4hf-3572870610, networkLocation: /default-rack, certSerialId: null}ee1ff1a7-a189-4b0e-b6a4-631626cf238a{ip: 192.168.34.1, host: pr-hdds-1941-8j4hf-3572870610, networkLocation: /default-rack, certSerialId: null}, Type:RATIS, Factor:THREE, State:CLOSED]
2019-08-28 16:06:23,958 [EventQueue-StaleNodeForStaleNodeHandler] INFO  pipeline.SCMPipelineManager (SCMPipelineManager.java:finalizeAndDestroyPipeline(309)) - destroying pipeline:Pipeline[ Id: cdd30bfc-6513-471c-b38e-7dd4ee662e95, Nodes: ee1ff1a7-a189-4b0e-b6a4-631626cf238a{ip: 192.168.34.1, host: pr-hdds-1941-8j4hf-3572870610, networkLocation: /default-rack, certSerialId: null}, Type:RATIS, Factor:ONE, State:OPEN]
2019-08-28 16:06:23,959 [EventQueue-StaleNodeForStaleNodeHandler] INFO  pipeline.PipelineStateManager (PipelineStateManager.java:finalizePipeline(123)) - Pipeline Pipeline[ Id: cdd30bfc-6513-471c-b38e-7dd4ee662e95, Nodes: ee1ff1a7-a189-4b0e-b6a4-631626cf238a{ip: 192.168.34.1, host: pr-hdds-1941-8j4hf-3572870610, networkLocation: /default-rack, certSerialId: null}, Type:RATIS, Factor:ONE, State:CLOSED] moved to CLOSED state
2019-08-28 16:06:23,959 [ForkJoinPool.commonPool-worker-0] INFO  server.GrpcService (GrpcService.java:closeImpl(163)) - ee1ff1a7-a189-4b0e-b6a4-631626cf238a: shutdown server with port 35124 successfully
2019-08-28 16:06:23,961 [refreshUsed-/workdir/hadoop-ozone/integration-test/target/test-dir/MiniOzoneClusterImpl-b4e114d8-6e30-44e2-8e8d-493332923df2/datanode-0/data/containers] WARN  fs.CachingGetSpaceUsed (CachingGetSpaceUsed.java:run(183)) - Thread Interrupted waiting to refresh disk information: sleep interrupted
2019-08-28 16:06:23,973 [main] INFO  utils.BackgroundService (BackgroundService.java:shutdown(148)) - Shutting down service BlockDeletingService
2019-08-28 16:06:23,977 [main] INFO  statemachine.DatanodeStateMachine (DatanodeStateMachine.java:stopDaemon(395)) - Ozone container server stopped.
2019-08-28 16:06:23,978 [main] INFO  handler.ContextHandler (ContextHandler.java:doStop(910)) - Stopped o.e.j.w.WebAppContext@41030c21{/,null,UNAVAILABLE}{/hddsDatanode}
2019-08-28 16:06:23,979 [main] INFO  server.AbstractConnector (AbstractConnector.java:doStop(318)) - Stopped ServerConnector@3c5797c6{HTTP/1.1,[http/1.1]}{0.0.0.0:0}
2019-08-28 16:06:23,979 [main] INFO  handler.ContextHandler (ContextHandler.java:doStop(910)) - Stopped o.e.j.s.ServletContextHandler@2ff4d61b{/static,jar:file:/home/user/.m2/repository/org/apache/hadoop/hadoop-hdds-container-service/0.5.0-SNAPSHOT/hadoop-hdds-container-service-0.5.0-SNAPSHOT.jar!/webapps/static,UNAVAILABLE}
2019-08-28 16:06:23,980 [main] INFO  handler.ContextHandler (ContextHandler.java:doStop(910)) - Stopped o.e.j.s.ServletContextHandler@3c9cab4{/logs,file:///workdir/hadoop-ozone/integration-test/target/log,UNAVAILABLE}
2019-08-28 16:06:23,981 [main] INFO  datanode.ObjectStoreHandler (ObjectStoreHandler.java:close(155)) - Closing ObjectStoreHandler.
2019-08-28 16:06:23,981 [main] INFO  ozone.HddsDatanodeService (HddsDatanodeService.java:stop(451)) - Stopped plug-in org.apache.hadoop.ozone.web.OzoneHddsDatanodeService@33ccc8cd
2019-08-28 16:06:23,983 [ForkJoinPool.commonPool-worker-0] INFO  utils.BackgroundService (BackgroundService.java:shutdown(148)) - Shutting down service BlockDeletingService
2019-08-28 16:06:23,986 [ForkJoinPool.commonPool-worker-0] INFO  statemachine.DatanodeStateMachine (DatanodeStateMachine.java:stopDaemon(395)) - Ozone container server stopped.
2019-08-28 16:06:23,990 [ForkJoinPool.commonPool-worker-0] INFO  handler.ContextHandler (ContextHandler.java:doStop(910)) - Stopped o.e.j.w.WebAppContext@172ca6a{/,null,UNAVAILABLE}{/hddsDatanode}
2019-08-28 16:06:23,991 [ForkJoinPool.commonPool-worker-0] INFO  server.AbstractConnector (AbstractConnector.java:doStop(318)) - Stopped ServerConnector@174e5929{HTTP/1.1,[http/1.1]}{0.0.0.0:0}
2019-08-28 16:06:23,992 [ForkJoinPool.commonPool-worker-0] INFO  handler.ContextHandler (ContextHandler.java:doStop(910)) - Stopped o.e.j.s.ServletContextHandler@5c883b3f{/static,jar:file:/home/user/.m2/repository/org/apache/hadoop/hadoop-hdds-container-service/0.5.0-SNAPSHOT/hadoop-hdds-container-service-0.5.0-SNAPSHOT.jar!/webapps/static,UNAVAILABLE}
2019-08-28 16:06:23,993 [ForkJoinPool.commonPool-worker-0] INFO  handler.ContextHandler (ContextHandler.java:doStop(910)) - Stopped o.e.j.s.ServletContextHandler@77732366{/logs,file:///workdir/hadoop-ozone/integration-test/target/log,UNAVAILABLE}
2019-08-28 16:06:23,994 [ForkJoinPool.commonPool-worker-0] INFO  datanode.ObjectStoreHandler (ObjectStoreHandler.java:close(155)) - Closing ObjectStoreHandler.
2019-08-28 16:06:23,994 [ForkJoinPool.commonPool-worker-0] INFO  ozone.HddsDatanodeService (HddsDatanodeService.java:stop(451)) - Stopped plug-in org.apache.hadoop.ozone.web.OzoneHddsDatanodeService@65c97eeb
2019-08-28 16:06:24,596 [Datanode State Machine Thread - 0] INFO  statemachine.DatanodeStateMachine (DatanodeStateMachine.java:lambda$startDaemon$0(350)) - Ozone container server started.
2019-08-28 16:06:24,605 [Datanode State Machine Thread - 0] INFO  statemachine.DatanodeStateMachine (DatanodeStateMachine.java:lambda$startDaemon$0(350)) - Ozone container server started.
2019-08-28 16:06:25,582 [grpc-default-executor-7] WARN  server.GrpcLogAppender (LogUtils.java:warn(134)) - d6f13b7d-b532-4c8e-b41b-ddacd18c9d79->7db29abf-ad28-40bc-bad4-61ba07f001a1: Failed appendEntries: org.apache.ratis.thirdparty.io.grpc.StatusRuntimeException: UNAVAILABLE: io exception
2019-08-28 16:06:25,582 [grpc-default-executor-4] WARN  server.GrpcLogAppender (LogUtils.java:warn(134)) - d6f13b7d-b532-4c8e-b41b-ddacd18c9d79->efaffdcb-0ab5-48a3-a06a-abf9808d0da1: Failed appendEntries: org.apache.ratis.thirdparty.io.grpc.StatusRuntimeException: UNAVAILABLE: io exception
2019-08-28 16:06:25,582 [grpc-default-executor-7] INFO  impl.FollowerInfo (FollowerInfo.java:lambda$new$0(50)) - d6f13b7d-b532-4c8e-b41b-ddacd18c9d79->7db29abf-ad28-40bc-bad4-61ba07f001a1: nextIndex: updateUnconditionally 15 -> 14
2019-08-28 16:06:25,583 [grpc-default-executor-4] INFO  impl.FollowerInfo (FollowerInfo.java:lambda$new$0(50)) - d6f13b7d-b532-4c8e-b41b-ddacd18c9d79->efaffdcb-0ab5-48a3-a06a-abf9808d0da1: nextIndex: updateUnconditionally 18 -> 17
2019-08-28 16:06:28,082 [grpc-default-executor-4] WARN  server.GrpcLogAppender (LogUtils.java:warn(134)) - d6f13b7d-b532-4c8e-b41b-ddacd18c9d79->7db29abf-ad28-40bc-bad4-61ba07f001a1: Failed appendEntries: org.apache.ratis.thirdparty.io.grpc.StatusRuntimeException: UNAVAILABLE: io exception
2019-08-28 16:06:28,082 [grpc-default-executor-3] WARN  server.GrpcLogAppender (LogUtils.java:warn(134)) - d6f13b7d-b532-4c8e-b41b-ddacd18c9d79->efaffdcb-0ab5-48a3-a06a-abf9808d0da1: Failed appendEntries: org.apache.ratis.thirdparty.io.grpc.StatusRuntimeException: UNAVAILABLE: io exception
2019-08-28 16:06:28,083 [grpc-default-executor-4] INFO  impl.FollowerInfo (FollowerInfo.java:lambda$new$0(50)) - d6f13b7d-b532-4c8e-b41b-ddacd18c9d79->7db29abf-ad28-40bc-bad4-61ba07f001a1: nextIndex: updateUnconditionally 14 -> 13
2019-08-28 16:06:28,083 [grpc-default-executor-3] INFO  impl.FollowerInfo (FollowerInfo.java:lambda$new$0(50)) - d6f13b7d-b532-4c8e-b41b-ddacd18c9d79->efaffdcb-0ab5-48a3-a06a-abf9808d0da1: nextIndex: updateUnconditionally 17 -> 16
2019-08-28 16:06:28,659 [EventQueue-StaleNodeForStaleNodeHandler] INFO  node.StaleNodeHandler (StaleNodeHandler.java:onMessage(58)) - Datanode d6f13b7d-b532-4c8e-b41b-ddacd18c9d79{ip: 192.168.34.1, host: pr-hdds-1941-8j4hf-3572870610, networkLocation: /default-rack, certSerialId: null} moved to stale state. Finalizing its pipelines [PipelineID=b3173a87-23cd-452d-ab89-5274f53b4300, PipelineID=356daac9-9a4d-4eec-acbb-d3a356142db5]
2019-08-28 16:06:28,659 [EventQueue-StaleNodeForStaleNodeHandler] INFO  pipeline.SCMPipelineManager (SCMPipelineManager.java:finalizeAndDestroyPipeline(309)) - destroying pipeline:Pipeline[ Id: b3173a87-23cd-452d-ab89-5274f53b4300, Nodes: d6f13b7d-b532-4c8e-b41b-ddacd18c9d79{ip: 192.168.34.1, host: pr-hdds-1941-8j4hf-3572870610, networkLocation: /default-rack, certSerialId: null}7db29abf-ad28-40bc-bad4-61ba07f001a1{ip: 192.168.34.1, host: pr-hdds-1941-8j4hf-3572870610, networkLocation: /default-rack, certSerialId: null}efaffdcb-0ab5-48a3-a06a-abf9808d0da1{ip: 192.168.34.1, host: pr-hdds-1941-8j4hf-3572870610, networkLocation: /default-rack, certSerialId: null}, Type:RATIS, Factor:THREE, State:CLOSED]
2019-08-28 16:06:28,659 [EventQueue-StaleNodeForStaleNodeHandler] INFO  pipeline.SCMPipelineManager (SCMPipelineManager.java:finalizeAndDestroyPipeline(309)) - destroying pipeline:Pipeline[ Id: 356daac9-9a4d-4eec-acbb-d3a356142db5, Nodes: d6f13b7d-b532-4c8e-b41b-ddacd18c9d79{ip: 192.168.34.1, host: pr-hdds-1941-8j4hf-3572870610, networkLocation: /default-rack, certSerialId: null}, Type:RATIS, Factor:ONE, State:OPEN]
2019-08-28 16:06:28,659 [EventQueue-StaleNodeForStaleNodeHandler] INFO  pipeline.PipelineStateManager (PipelineStateManager.java:finalizePipeline(123)) - Pipeline Pipeline[ Id: 356daac9-9a4d-4eec-acbb-d3a356142db5, Nodes: d6f13b7d-b532-4c8e-b41b-ddacd18c9d79{ip: 192.168.34.1, host: pr-hdds-1941-8j4hf-3572870610, networkLocation: /default-rack, certSerialId: null}, Type:RATIS, Factor:ONE, State:CLOSED] moved to CLOSED state
2019-08-28 16:06:28,660 [EventQueue-StaleNodeForStaleNodeHandler] INFO  node.StaleNodeHandler (StaleNodeHandler.java:onMessage(58)) - Datanode 3cb7308a-f9d8-412c-b531-169dc3fab563{ip: 192.168.34.1, host: pr-hdds-1941-8j4hf-3572870610, networkLocation: /default-rack, certSerialId: null} moved to stale state. Finalizing its pipelines [PipelineID=059ba448-591e-481b-8594-bd3adaf5fbc8]
2019-08-28 16:06:28,660 [EventQueue-StaleNodeForStaleNodeHandler] INFO  pipeline.SCMPipelineManager (SCMPipelineManager.java:finalizeAndDestroyPipeline(309)) - destroying pipeline:Pipeline[ Id: 059ba448-591e-481b-8594-bd3adaf5fbc8, Nodes: 3cb7308a-f9d8-412c-b531-169dc3fab563{ip: 192.168.34.1, host: pr-hdds-1941-8j4hf-3572870610, networkLocation: /default-rack, certSerialId: null}, Type:RATIS, Factor:ONE, State:OPEN]
2019-08-28 16:06:28,660 [EventQueue-StaleNodeForStaleNodeHandler] INFO  pipeline.PipelineStateManager (PipelineStateManager.java:finalizePipeline(123)) - Pipeline Pipeline[ Id: 059ba448-591e-481b-8594-bd3adaf5fbc8, Nodes: 3cb7308a-f9d8-412c-b531-169dc3fab563{ip: 192.168.34.1, host: pr-hdds-1941-8j4hf-3572870610, networkLocation: /default-rack, certSerialId: null}, Type:RATIS, Factor:ONE, State:CLOSED] moved to CLOSED state
2019-08-28 16:06:28,982 [main] INFO  ozoneimpl.OzoneContainer (OzoneContainer.java:stop(215)) - Attempting to stop container services.
2019-08-28 16:06:28,983 [main] INFO  impl.RaftServerProxy (RaftServerProxy.java:lambda$close$4(314)) - 3cb7308a-f9d8-412c-b531-169dc3fab563: close
2019-08-28 16:06:28,983 [main] INFO  impl.RaftServerImpl (RaftServerImpl.java:lambda$shutdown$3(245)) - 3cb7308a-f9d8-412c-b531-169dc3fab563: shutdown group-BD3ADAF5FBC8
2019-08-28 16:06:28,983 [main] INFO  util.JmxRegister (JmxRegister.java:unregister(73)) - Successfully un-registered JMX Bean with object name Ratis:service=RaftServer,group=group-BD3ADAF5FBC8,id=3cb7308a-f9d8-412c-b531-169dc3fab563
2019-08-28 16:06:28,984 [main] INFO  impl.RoleInfo (RoleInfo.java:shutdownLeaderState(104)) - 3cb7308a-f9d8-412c-b531-169dc3fab563: shutdown LeaderState
2019-08-28 16:06:28,984 [main] INFO  impl.PendingRequests (PendingRequests.java:sendNotLeaderResponses(202)) - 3cb7308a-f9d8-412c-b531-169dc3fab563-PendingRequests: sendNotLeaderResponses
2019-08-28 16:06:28,984 [main] INFO  impl.StateMachineUpdater (StateMachineUpdater.java:stopAndJoin(115)) - StateMachineUpdater:3cb7308a-f9d8-412c-b531-169dc3fab563:group-BD3ADAF5FBC8: set stopIndex = 0
2019-08-28 16:06:28,985 [main] INFO  impl.RaftServerImpl (ServerState.java:close(394)) - 3cb7308a-f9d8-412c-b531-169dc3fab563:group-BD3ADAF5FBC8 closes. The last applied log index is 0
2019-08-28 16:06:28,985 [3cb7308a-f9d8-412c-b531-169dc3fab563-SegmentedRaftLogWorker:Storage Directory /workdir/hadoop-ozone/integration-test/target/test-dir/MiniOzoneClusterImpl-b4e114d8-6e30-44e2-8e8d-493332923df2/datanode-6/data/ratis/059ba448-591e-481b-8594-bd3adaf5fbc8] INFO  segmented.SegmentedRaftLogWorker (SegmentedRaftLogWorker.java:run(313)) - 3cb7308a-f9d8-412c-b531-169dc3fab563-SegmentedRaftLogWorker:Storage Directory /workdir/hadoop-ozone/integration-test/target/test-dir/MiniOzoneClusterImpl-b4e114d8-6e30-44e2-8e8d-493332923df2/datanode-6/data/ratis/059ba448-591e-481b-8594-bd3adaf5fbc8 was interrupted, exiting. There are 0 tasks remaining in the queue.
2019-08-28 16:06:28,988 [main] INFO  segmented.SegmentedRaftLogWorker (SegmentedRaftLogWorker.java:close(228)) - 3cb7308a-f9d8-412c-b531-169dc3fab563-SegmentedRaftLogWorker:Storage Directory /workdir/hadoop-ozone/integration-test/target/test-dir/MiniOzoneClusterImpl-b4e114d8-6e30-44e2-8e8d-493332923df2/datanode-6/data/ratis/059ba448-591e-481b-8594-bd3adaf5fbc8 close()
2019-08-28 16:06:28,992 [main] INFO  server.GrpcService (GrpcService.java:closeImpl(155)) - 3cb7308a-f9d8-412c-b531-169dc3fab563: shutdown server with port 33773 now
2019-08-28 16:06:28,999 [main] INFO  server.GrpcService (GrpcService.java:closeImpl(163)) - 3cb7308a-f9d8-412c-b531-169dc3fab563: shutdown server with port 33773 successfully
2019-08-28 16:06:28,999 [ForkJoinPool.commonPool-worker-0] INFO  ozoneimpl.OzoneContainer (OzoneContainer.java:stop(215)) - Attempting to stop container services.
2019-08-28 16:06:28,999 [ForkJoinPool.commonPool-worker-0] INFO  impl.RaftServerProxy (RaftServerProxy.java:lambda$close$4(314)) - d6f13b7d-b532-4c8e-b41b-ddacd18c9d79: close
2019-08-28 16:06:29,000 [ForkJoinPool.commonPool-worker-0] INFO  impl.RaftServerImpl (RaftServerImpl.java:lambda$shutdown$3(245)) - d6f13b7d-b532-4c8e-b41b-ddacd18c9d79: shutdown group-5274F53B4300
2019-08-28 16:06:29,000 [ForkJoinPool.commonPool-worker-0] INFO  util.JmxRegister (JmxRegister.java:unregister(73)) - Successfully un-registered JMX Bean with object name Ratis:service=RaftServer,group=group-5274F53B4300,id=d6f13b7d-b532-4c8e-b41b-ddacd18c9d79
2019-08-28 16:06:29,000 [ForkJoinPool.commonPool-worker-0] INFO  impl.RoleInfo (RoleInfo.java:shutdownLeaderState(104)) - d6f13b7d-b532-4c8e-b41b-ddacd18c9d79: shutdown LeaderState
2019-08-28 16:06:29,003 [ForkJoinPool.commonPool-worker-0] INFO  impl.PendingRequests (PendingRequests.java:sendNotLeaderResponses(202)) - d6f13b7d-b532-4c8e-b41b-ddacd18c9d79-PendingRequests: sendNotLeaderResponses
2019-08-28 16:06:29,003 [refreshUsed-/workdir/hadoop-ozone/integration-test/target/test-dir/MiniOzoneClusterImpl-b4e114d8-6e30-44e2-8e8d-493332923df2/datanode-6/data/containers] WARN  fs.CachingGetSpaceUsed (CachingGetSpaceUsed.java:run(183)) - Thread Interrupted waiting to refresh disk information: sleep interrupted
2019-08-28 16:06:29,005 [ForkJoinPool.commonPool-worker-0] INFO  impl.StateMachineUpdater (StateMachineUpdater.java:stopAndJoin(115)) - StateMachineUpdater:d6f13b7d-b532-4c8e-b41b-ddacd18c9d79:group-5274F53B4300: set stopIndex = 18
2019-08-28 16:06:29,003 [org.apache.ratis.server.impl.LogAppender$AppenderDaemon$$Lambda$538/397952407@5678b551] WARN  server.GrpcLogAppender (GrpcLogAppender.java:mayWait(143)) - GrpcLogAppender(d6f13b7d-b532-4c8e-b41b-ddacd18c9d79->7db29abf-ad28-40bc-bad4-61ba07f001a1): Wait interrupted by java.lang.InterruptedException
2019-08-28 16:06:29,003 [org.apache.ratis.server.impl.LogAppender$AppenderDaemon$$Lambda$538/397952407@137a31fa] WARN  server.GrpcLogAppender (GrpcLogAppender.java:mayWait(143)) - GrpcLogAppender(d6f13b7d-b532-4c8e-b41b-ddacd18c9d79->efaffdcb-0ab5-48a3-a06a-abf9808d0da1): Wait interrupted by java.lang.InterruptedException
2019-08-28 16:06:29,005 [StateMachineUpdater:d6f13b7d-b532-4c8e-b41b-ddacd18c9d79:group-5274F53B4300] INFO  ratis.ContainerStateMachine (ContainerStateMachine.java:takeSnapshot(284)) - group-5274F53B4300: Taking a snapshot at:(t:2, i:18) file /workdir/hadoop-ozone/integration-test/target/test-dir/MiniOzoneClusterImpl-b4e114d8-6e30-44e2-8e8d-493332923df2/datanode-5/data/ratis/b3173a87-23cd-452d-ab89-5274f53b4300/sm/snapshot.2_18
2019-08-28 16:06:29,015 [main] INFO  utils.BackgroundService (BackgroundService.java:shutdown(148)) - Shutting down service BlockDeletingService
2019-08-28 16:06:29,020 [main] INFO  statemachine.DatanodeStateMachine (DatanodeStateMachine.java:stopDaemon(395)) - Ozone container server stopped.
2019-08-28 16:06:29,020 [StateMachineUpdater:d6f13b7d-b532-4c8e-b41b-ddacd18c9d79:group-5274F53B4300] INFO  ratis.ContainerStateMachine (ContainerStateMachine.java:takeSnapshot(295)) - group-5274F53B4300: Finished taking a snapshot at:(t:2, i:18) file:/workdir/hadoop-ozone/integration-test/target/test-dir/MiniOzoneClusterImpl-b4e114d8-6e30-44e2-8e8d-493332923df2/datanode-5/data/ratis/b3173a87-23cd-452d-ab89-5274f53b4300/sm/snapshot.2_18 time:14
2019-08-28 16:06:29,020 [StateMachineUpdater:d6f13b7d-b532-4c8e-b41b-ddacd18c9d79:group-5274F53B4300] INFO  impl.StateMachineUpdater (StateMachineUpdater.java:takeSnapshot(242)) - StateMachineUpdater:d6f13b7d-b532-4c8e-b41b-ddacd18c9d79:group-5274F53B4300: Took a snapshot at index 18
2019-08-28 16:06:29,020 [StateMachineUpdater:d6f13b7d-b532-4c8e-b41b-ddacd18c9d79:group-5274F53B4300] INFO  impl.StateMachineUpdater (StateMachineUpdater.java:lambda$new$0(80)) - StateMachineUpdater:d6f13b7d-b532-4c8e-b41b-ddacd18c9d79:group-5274F53B4300: snapshotIndex: updateIncreasingly -1 -> 18
2019-08-28 16:06:29,020 [ForkJoinPool.commonPool-worker-0] INFO  impl.RaftServerImpl (ServerState.java:close(394)) - d6f13b7d-b532-4c8e-b41b-ddacd18c9d79:group-5274F53B4300 closes. The last applied log index is 18
2019-08-28 16:06:29,021 [main] INFO  handler.ContextHandler (ContextHandler.java:doStop(910)) - Stopped o.e.j.w.WebAppContext@53b5356{/,null,UNAVAILABLE}{/hddsDatanode}
2019-08-28 16:06:29,021 [d6f13b7d-b532-4c8e-b41b-ddacd18c9d79-SegmentedRaftLogWorker:Storage Directory /workdir/hadoop-ozone/integration-test/target/test-dir/MiniOzoneClusterImpl-b4e114d8-6e30-44e2-8e8d-493332923df2/datanode-5/data/ratis/b3173a87-23cd-452d-ab89-5274f53b4300] INFO  segmented.SegmentedRaftLogWorker (SegmentedRaftLogWorker.java:run(313)) - d6f13b7d-b532-4c8e-b41b-ddacd18c9d79-SegmentedRaftLogWorker:Storage Directory /workdir/hadoop-ozone/integration-test/target/test-dir/MiniOzoneClusterImpl-b4e114d8-6e30-44e2-8e8d-493332923df2/datanode-5/data/ratis/b3173a87-23cd-452d-ab89-5274f53b4300 was interrupted, exiting. There are 0 tasks remaining in the queue.
2019-08-28 16:06:29,022 [ForkJoinPool.commonPool-worker-0] INFO  segmented.SegmentedRaftLogWorker (SegmentedRaftLogWorker.java:close(228)) - d6f13b7d-b532-4c8e-b41b-ddacd18c9d79-SegmentedRaftLogWorker:Storage Directory /workdir/hadoop-ozone/integration-test/target/test-dir/MiniOzoneClusterImpl-b4e114d8-6e30-44e2-8e8d-493332923df2/datanode-5/data/ratis/b3173a87-23cd-452d-ab89-5274f53b4300 close()
2019-08-28 16:06:29,023 [main] INFO  server.AbstractConnector (AbstractConnector.java:doStop(318)) - Stopped ServerConnector@407956a5{HTTP/1.1,[http/1.1]}{0.0.0.0:0}
2019-08-28 16:06:29,028 [ForkJoinPool.commonPool-worker-0] INFO  impl.RaftServerImpl (RaftServerImpl.java:lambda$shutdown$3(245)) - d6f13b7d-b532-4c8e-b41b-ddacd18c9d79: shutdown group-D3A356142DB5
2019-08-28 16:06:29,028 [main] INFO  handler.ContextHandler (ContextHandler.java:doStop(910)) - Stopped o.e.j.s.ServletContextHandler@33ea437a{/static,jar:file:/home/user/.m2/repository/org/apache/hadoop/hadoop-hdds-container-service/0.5.0-SNAPSHOT/hadoop-hdds-container-service-0.5.0-SNAPSHOT.jar!/webapps/static,UNAVAILABLE}
2019-08-28 16:06:29,029 [ForkJoinPool.commonPool-worker-0] INFO  util.JmxRegister (JmxRegister.java:unregister(73)) - Successfully un-registered JMX Bean with object name Ratis:service=RaftServer,group=group-D3A356142DB5,id=d6f13b7d-b532-4c8e-b41b-ddacd18c9d79
2019-08-28 16:06:29,029 [main] INFO  handler.ContextHandler (ContextHandler.java:doStop(910)) - Stopped o.e.j.s.ServletContextHandler@cc81cb3{/logs,file:///workdir/hadoop-ozone/integration-test/target/log,UNAVAILABLE}
2019-08-28 16:06:29,029 [ForkJoinPool.commonPool-worker-0] INFO  impl.RoleInfo (RoleInfo.java:shutdownLeaderState(104)) - d6f13b7d-b532-4c8e-b41b-ddacd18c9d79: shutdown LeaderState
2019-08-28 16:06:29,029 [ForkJoinPool.commonPool-worker-0] INFO  impl.PendingRequests (PendingRequests.java:sendNotLeaderResponses(202)) - d6f13b7d-b532-4c8e-b41b-ddacd18c9d79-PendingRequests: sendNotLeaderResponses
2019-08-28 16:06:29,030 [ForkJoinPool.commonPool-worker-0] INFO  impl.StateMachineUpdater (StateMachineUpdater.java:stopAndJoin(115)) - StateMachineUpdater:d6f13b7d-b532-4c8e-b41b-ddacd18c9d79:group-D3A356142DB5: set stopIndex = 0
2019-08-28 16:06:29,030 [ForkJoinPool.commonPool-worker-0] INFO  impl.RaftServerImpl (ServerState.java:close(394)) - d6f13b7d-b532-4c8e-b41b-ddacd18c9d79:group-D3A356142DB5 closes. The last applied log index is 0
2019-08-28 16:06:29,030 [d6f13b7d-b532-4c8e-b41b-ddacd18c9d79-SegmentedRaftLogWorker:Storage Directory /workdir/hadoop-ozone/integration-test/target/test-dir/MiniOzoneClusterImpl-b4e114d8-6e30-44e2-8e8d-493332923df2/datanode-5/data/ratis/356daac9-9a4d-4eec-acbb-d3a356142db5] INFO  segmented.SegmentedRaftLogWorker (SegmentedRaftLogWorker.java:run(313)) - d6f13b7d-b532-4c8e-b41b-ddacd18c9d79-SegmentedRaftLogWorker:Storage Directory /workdir/hadoop-ozone/integration-test/target/test-dir/MiniOzoneClusterImpl-b4e114d8-6e30-44e2-8e8d-493332923df2/datanode-5/data/ratis/356daac9-9a4d-4eec-acbb-d3a356142db5 was interrupted, exiting. There are 0 tasks remaining in the queue.
2019-08-28 16:06:29,031 [ForkJoinPool.commonPool-worker-0] INFO  segmented.SegmentedRaftLogWorker (SegmentedRaftLogWorker.java:close(228)) - d6f13b7d-b532-4c8e-b41b-ddacd18c9d79-SegmentedRaftLogWorker:Storage Directory /workdir/hadoop-ozone/integration-test/target/test-dir/MiniOzoneClusterImpl-b4e114d8-6e30-44e2-8e8d-493332923df2/datanode-5/data/ratis/356daac9-9a4d-4eec-acbb-d3a356142db5 close()
2019-08-28 16:06:29,032 [ForkJoinPool.commonPool-worker-0] INFO  server.GrpcService (GrpcService.java:closeImpl(155)) - d6f13b7d-b532-4c8e-b41b-ddacd18c9d79: shutdown server with port 32905 now
2019-08-28 16:06:29,033 [grpc-default-executor-4] WARN  client.GrpcClientProtocolService (LogUtils.java:warn(134)) - 1-UnorderedRequestStreamObserver1: onError: org.apache.ratis.thirdparty.io.grpc.StatusRuntimeException: CANCELLED: cancelled before receiving half close
2019-08-28 16:06:29,033 [ForkJoinPool.commonPool-worker-0] INFO  server.GrpcService (GrpcService.java:closeImpl(163)) - d6f13b7d-b532-4c8e-b41b-ddacd18c9d79: shutdown server with port 32905 successfully
2019-08-28 16:06:29,035 [refreshUsed-/workdir/hadoop-ozone/integration-test/target/test-dir/MiniOzoneClusterImpl-b4e114d8-6e30-44e2-8e8d-493332923df2/datanode-5/data/containers] WARN  fs.CachingGetSpaceUsed (CachingGetSpaceUsed.java:run(183)) - Thread Interrupted waiting to refresh disk information: sleep interrupted
2019-08-28 16:06:29,047 [ForkJoinPool.commonPool-worker-0] INFO  utils.BackgroundService (BackgroundService.java:shutdown(148)) - Shutting down service BlockDeletingService
2019-08-28 16:06:29,050 [ForkJoinPool.commonPool-worker-0] INFO  statemachine.DatanodeStateMachine (DatanodeStateMachine.java:stopDaemon(395)) - Ozone container server stopped.
2019-08-28 16:06:29,053 [ForkJoinPool.commonPool-worker-0] INFO  handler.ContextHandler (ContextHandler.java:doStop(910)) - Stopped o.e.j.w.WebAppContext@616b2b2{/,null,UNAVAILABLE}{/hddsDatanode}
2019-08-28 16:06:29,053 [ForkJoinPool.commonPool-worker-0] INFO  server.AbstractConnector (AbstractConnector.java:doStop(318)) - Stopped ServerConnector@65402e26{HTTP/1.1,[http/1.1]}{0.0.0.0:0}
2019-08-28 16:06:29,056 [ForkJoinPool.commonPool-worker-0] INFO  handler.ContextHandler (ContextHandler.java:doStop(910)) - Stopped o.e.j.s.ServletContextHandler@1b9785aa{/static,jar:file:/home/user/.m2/repository/org/apache/hadoop/hadoop-hdds-container-service/0.5.0-SNAPSHOT/hadoop-hdds-container-service-0.5.0-SNAPSHOT.jar!/webapps/static,UNAVAILABLE}
2019-08-28 16:06:29,056 [ForkJoinPool.commonPool-worker-0] INFO  handler.ContextHandler (ContextHandler.java:doStop(910)) - Stopped o.e.j.s.ServletContextHandler@648639f1{/logs,file:///workdir/hadoop-ozone/integration-test/target/log,UNAVAILABLE}
2019-08-28 16:06:29,057 [main] INFO  ozone.MiniOzoneClusterImpl (MiniOzoneClusterImpl.java:stop(353)) - Stopping the StorageContainerManager
2019-08-28 16:06:29,057 [main] INFO  server.StorageContainerManager (StorageContainerManager.java:stop(797)) - Stopping Replication Manager Service.
2019-08-28 16:06:29,057 [main] INFO  container.ReplicationManager (ReplicationManager.java:stop(193)) - Stopping Replication Monitor Thread.
2019-08-28 16:06:29,057 [main] INFO  server.StorageContainerManager (StorageContainerManager.java:stop(804)) - Stopping Lease Manager of the command watchers
2019-08-28 16:06:29,058 [main] INFO  server.StorageContainerManager (StorageContainerManager.java:stop(811)) - Stopping datanode service RPC server
2019-08-28 16:06:29,058 [main] INFO  server.SCMDatanodeProtocolServer (SCMDatanodeProtocolServer.java:stop(367)) - Stopping the RPC server for DataNodes
2019-08-28 16:06:29,058 [main] INFO  ipc.Server (Server.java:stop(3082)) - Stopping server on 35358
2019-08-28 16:06:29,059 [IPC Server listener on 35358] INFO  ipc.Server (Server.java:run(1185)) - Stopping IPC Server listener on 35358
2019-08-28 16:06:29,059 [IPC Server Responder] INFO  ipc.Server (Server.java:run(1319)) - Stopping IPC Server Responder
2019-08-28 16:06:29,159 [SCM Heartbeat Processing Thread - 0] WARN  node.NodeStateManager (NodeStateManager.java:scheduleNextHealthCheck(646)) - Current Thread is interrupted, shutting down HB processing thread for Node Manager.
2019-08-28 16:06:29,160 [main] INFO  server.StorageContainerManager (StorageContainerManager.java:stop(819)) - Stopping block service RPC server
2019-08-28 16:06:29,160 [main] INFO  server.SCMBlockProtocolServer (SCMBlockProtocolServer.java:stop(148)) - Stopping the RPC server for Block Protocol
2019-08-28 16:06:29,160 [main] INFO  ipc.Server (Server.java:stop(3082)) - Stopping server on 44133
2019-08-28 16:06:29,162 [IPC Server listener on 44133] INFO  ipc.Server (Server.java:run(1185)) - Stopping IPC Server listener on 44133
2019-08-28 16:06:29,162 [main] INFO  server.StorageContainerManager (StorageContainerManager.java:stop(826)) - Stopping the StorageContainerLocationProtocol RPC server
2019-08-28 16:06:29,163 [main] INFO  server.SCMClientProtocolServer (SCMClientProtocolServer.java:stop(159)) - Stopping the RPC server for Client Protocol
2019-08-28 16:06:29,163 [IPC Server Responder] INFO  ipc.Server (Server.java:run(1319)) - Stopping IPC Server Responder
2019-08-28 16:06:29,163 [main] INFO  ipc.Server (Server.java:stop(3082)) - Stopping server on 38194
2019-08-28 16:06:29,165 [IPC Server listener on 38194] INFO  ipc.Server (Server.java:run(1185)) - Stopping IPC Server listener on 38194
2019-08-28 16:06:29,165 [main] INFO  server.StorageContainerManager (StorageContainerManager.java:stop(833)) - Stopping Storage Container Manager HTTP server.
2019-08-28 16:06:29,166 [IPC Server Responder] INFO  ipc.Server (Server.java:run(1319)) - Stopping IPC Server Responder
2019-08-28 16:06:29,167 [main] INFO  handler.ContextHandler (ContextHandler.java:doStop(910)) - Stopped o.e.j.w.WebAppContext@593d0173{/,null,UNAVAILABLE}{/scm}
2019-08-28 16:06:29,167 [main] INFO  server.AbstractConnector (AbstractConnector.java:doStop(318)) - Stopped ServerConnector@4a0a93ce{HTTP/1.1,[http/1.1]}{0.0.0.0:0}
2019-08-28 16:06:29,167 [main] INFO  handler.ContextHandler (ContextHandler.java:doStop(910)) - Stopped o.e.j.s.ServletContextHandler@5d180628{/static,file:///workdir/hadoop-ozone/integration-test/target/test-classes/webapps/static,UNAVAILABLE}
2019-08-28 16:06:29,168 [main] INFO  handler.ContextHandler (ContextHandler.java:doStop(910)) - Stopped o.e.j.s.ServletContextHandler@6ad036d6{/logs,file:///workdir/hadoop-ozone/integration-test/target/log,UNAVAILABLE}
2019-08-28 16:06:29,169 [main] INFO  server.StorageContainerManager (StorageContainerManager.java:stop(844)) - Stopping Block Manager Service.
2019-08-28 16:06:29,169 [main] INFO  utils.BackgroundService (BackgroundService.java:shutdown(148)) - Shutting down service SCMBlockDeletingService
2019-08-28 16:06:29,169 [main] INFO  utils.BackgroundService (BackgroundService.java:shutdown(148)) - Shutting down service SCMBlockDeletingService
2019-08-28 16:06:29,169 [main] INFO  server.StorageContainerManager (StorageContainerManager.java:stop(866)) - Stopping SCM Event Queue.
2019-08-28 16:06:29,173 [main] INFO  impl.MetricsSystemImpl (MetricsSystemImpl.java:stop(210)) - Stopping HddsDatanode metrics system...
2019-08-28 16:06:29,182 [main] INFO  impl.MetricsSystemImpl (MetricsSystemImpl.java:stop(216)) - HddsDatanode metrics system stopped.
]]></system-out>
    <system-err><![CDATA[Aug 28, 2019 4:05:47 PM com.sun.jersey.server.impl.application.WebApplicationImpl _initiate
INFO: Initiating Jersey application, version 'Jersey: 1.19 02/11/2015 03:25 AM'
Aug 28, 2019 4:05:47 PM com.sun.jersey.server.impl.application.WebApplicationImpl _initiate
INFO: Initiating Jersey application, version 'Jersey: 1.19 02/11/2015 03:25 AM'
Aug 28, 2019 4:05:47 PM com.sun.jersey.server.impl.application.WebApplicationImpl _initiate
INFO: Initiating Jersey application, version 'Jersey: 1.19 02/11/2015 03:25 AM'
Aug 28, 2019 4:05:48 PM com.sun.jersey.server.impl.application.WebApplicationImpl _initiate
INFO: Initiating Jersey application, version 'Jersey: 1.19 02/11/2015 03:25 AM'
Aug 28, 2019 4:05:48 PM com.sun.jersey.server.impl.application.WebApplicationImpl _initiate
INFO: Initiating Jersey application, version 'Jersey: 1.19 02/11/2015 03:25 AM'
Aug 28, 2019 4:05:48 PM com.sun.jersey.server.impl.application.WebApplicationImpl _initiate
INFO: Initiating Jersey application, version 'Jersey: 1.19 02/11/2015 03:25 AM'
Aug 28, 2019 4:05:48 PM com.sun.jersey.server.impl.application.WebApplicationImpl _initiate
INFO: Initiating Jersey application, version 'Jersey: 1.19 02/11/2015 03:25 AM'
Aug 28, 2019 4:05:51 PM org.apache.ratis.thirdparty.io.grpc.internal.ManagedChannelOrphanWrapper$ManagedChannelReference cleanQueue
SEVERE: *~*~*~ Channel ManagedChannelImpl{logId=2841, target=192.168.34.1:42719} was not shutdown properly!!! ~*~*~*
    Make sure to call shutdown()/shutdownNow() and wait until awaitTermination() returns true.
java.lang.RuntimeException: ManagedChannel allocation site
	at org.apache.ratis.thirdparty.io.grpc.internal.ManagedChannelOrphanWrapper$ManagedChannelReference.<init>(ManagedChannelOrphanWrapper.java:103)
	at org.apache.ratis.thirdparty.io.grpc.internal.ManagedChannelOrphanWrapper.<init>(ManagedChannelOrphanWrapper.java:53)
	at org.apache.ratis.thirdparty.io.grpc.internal.ManagedChannelOrphanWrapper.<init>(ManagedChannelOrphanWrapper.java:44)
	at org.apache.ratis.thirdparty.io.grpc.internal.AbstractManagedChannelImplBuilder.build(AbstractManagedChannelImplBuilder.java:411)
	at org.apache.hadoop.hdds.scm.XceiverClientGrpc.connectToDatanode(XceiverClientGrpc.java:175)
	at org.apache.hadoop.hdds.scm.XceiverClientGrpc.reconnect(XceiverClientGrpc.java:423)
	at org.apache.hadoop.hdds.scm.XceiverClientGrpc.sendCommandAsync(XceiverClientGrpc.java:372)
	at org.apache.hadoop.hdds.scm.XceiverClientGrpc.sendCommandWithRetry(XceiverClientGrpc.java:285)
	at org.apache.hadoop.hdds.scm.XceiverClientGrpc.sendCommandWithTraceIDAndRetry(XceiverClientGrpc.java:251)
	at org.apache.hadoop.hdds.scm.XceiverClientGrpc.sendCommand(XceiverClientGrpc.java:234)
	at org.apache.hadoop.hdds.scm.storage.ContainerProtocolCalls.getBlock(ContainerProtocolCalls.java:118)
	at org.apache.hadoop.hdds.scm.storage.BlockInputStream.getChunkInfos(BlockInputStream.java:167)
	at org.apache.hadoop.hdds.scm.storage.BlockInputStream.initialize(BlockInputStream.java:118)
	at org.apache.hadoop.hdds.scm.storage.BlockInputStream.read(BlockInputStream.java:222)
	at org.apache.hadoop.ozone.client.io.KeyInputStream.read(KeyInputStream.java:171)
	at org.apache.hadoop.ozone.client.io.OzoneInputStream.read(OzoneInputStream.java:47)
	at java.io.InputStream.read(InputStream.java:101)
	at org.apache.hadoop.ozone.container.ContainerTestHelper.validateData(ContainerTestHelper.java:714)
	at org.apache.hadoop.ozone.client.rpc.TestBlockOutputStreamWithFailures.validateData(TestBlockOutputStreamWithFailures.java:1216)
	at org.apache.hadoop.ozone.client.rpc.TestBlockOutputStreamWithFailures.testWatchForCommitWithSingleNodeRatis(TestBlockOutputStreamWithFailures.java:918)
	at sun.reflect.NativeMethodAccessorImpl.invoke0(Native Method)
	at sun.reflect.NativeMethodAccessorImpl.invoke(NativeMethodAccessorImpl.java:62)
	at sun.reflect.DelegatingMethodAccessorImpl.invoke(DelegatingMethodAccessorImpl.java:43)
	at java.lang.reflect.Method.invoke(Method.java:498)
	at org.junit.runners.model.FrameworkMethod$1.runReflectiveCall(FrameworkMethod.java:47)
	at org.junit.internal.runners.model.ReflectiveCallable.run(ReflectiveCallable.java:12)
	at org.junit.runners.model.FrameworkMethod.invokeExplosively(FrameworkMethod.java:44)
	at org.junit.internal.runners.statements.InvokeMethod.evaluate(InvokeMethod.java:17)
	at org.junit.internal.runners.statements.RunBefores.evaluate(RunBefores.java:26)
	at org.junit.internal.runners.statements.RunAfters.evaluate(RunAfters.java:27)
	at org.junit.runners.ParentRunner.runLeaf(ParentRunner.java:271)
	at org.junit.runners.BlockJUnit4ClassRunner.runChild(BlockJUnit4ClassRunner.java:70)
	at org.junit.runners.BlockJUnit4ClassRunner.runChild(BlockJUnit4ClassRunner.java:50)
	at org.junit.runners.ParentRunner$3.run(ParentRunner.java:238)
	at org.junit.runners.ParentRunner$1.schedule(ParentRunner.java:63)
	at org.junit.runners.ParentRunner.runChildren(ParentRunner.java:236)
	at org.junit.runners.ParentRunner.access$000(ParentRunner.java:53)
	at org.junit.runners.ParentRunner$2.evaluate(ParentRunner.java:229)
	at org.junit.runners.ParentRunner.run(ParentRunner.java:309)
	at org.apache.maven.surefire.junit4.JUnit4Provider.execute(JUnit4Provider.java:365)
	at org.apache.maven.surefire.junit4.JUnit4Provider.executeWithRerun(JUnit4Provider.java:273)
	at org.apache.maven.surefire.junit4.JUnit4Provider.executeTestSet(JUnit4Provider.java:238)
	at org.apache.maven.surefire.junit4.JUnit4Provider.invoke(JUnit4Provider.java:159)
	at org.apache.maven.surefire.booter.ForkedBooter.invokeProviderInSameClassLoader(ForkedBooter.java:384)
	at org.apache.maven.surefire.booter.ForkedBooter.runSuitesInProcess(ForkedBooter.java:345)
	at org.apache.maven.surefire.booter.ForkedBooter.execute(ForkedBooter.java:126)
	at org.apache.maven.surefire.booter.ForkedBooter.main(ForkedBooter.java:418)

Aug 28, 2019 4:05:51 PM org.apache.ratis.thirdparty.io.grpc.internal.ManagedChannelOrphanWrapper$ManagedChannelReference cleanQueue
SEVERE: *~*~*~ Channel ManagedChannelImpl{logId=2826, target=192.168.34.1:37465} was not shutdown properly!!! ~*~*~*
    Make sure to call shutdown()/shutdownNow() and wait until awaitTermination() returns true.
java.lang.RuntimeException: ManagedChannel allocation site
	at org.apache.ratis.thirdparty.io.grpc.internal.ManagedChannelOrphanWrapper$ManagedChannelReference.<init>(ManagedChannelOrphanWrapper.java:103)
	at org.apache.ratis.thirdparty.io.grpc.internal.ManagedChannelOrphanWrapper.<init>(ManagedChannelOrphanWrapper.java:53)
	at org.apache.ratis.thirdparty.io.grpc.internal.ManagedChannelOrphanWrapper.<init>(ManagedChannelOrphanWrapper.java:44)
	at org.apache.ratis.thirdparty.io.grpc.internal.AbstractManagedChannelImplBuilder.build(AbstractManagedChannelImplBuilder.java:411)
	at org.apache.ratis.grpc.client.GrpcClientProtocolClient.<init>(GrpcClientProtocolClient.java:119)
	at org.apache.ratis.grpc.client.GrpcClientRpc.lambda$new$0(GrpcClientRpc.java:55)
	at org.apache.ratis.util.PeerProxyMap$PeerAndProxy.lambda$getProxy$0(PeerProxyMap.java:61)
	at org.apache.ratis.util.LifeCycle.startAndTransition(LifeCycle.java:202)
	at org.apache.ratis.util.PeerProxyMap$PeerAndProxy.getProxy(PeerProxyMap.java:60)
	at org.apache.ratis.util.PeerProxyMap.getProxy(PeerProxyMap.java:107)
	at org.apache.ratis.grpc.client.GrpcClientRpc.sendRequestAsync(GrpcClientRpc.java:66)
	at org.apache.ratis.client.impl.OrderedAsync.sendRequest(OrderedAsync.java:208)
	at org.apache.ratis.client.impl.OrderedAsync.sendRequestWithRetry(OrderedAsync.java:169)
	at org.apache.ratis.util.SlidingWindow$Client.sendOrDelayRequest(SlidingWindow.java:278)
	at org.apache.ratis.util.SlidingWindow$Client.retry(SlidingWindow.java:294)
	at org.apache.ratis.client.impl.OrderedAsync.lambda$scheduleWithTimeout$7(OrderedAsync.java:195)
	at org.apache.ratis.util.TimeoutScheduler.lambda$onTimeout$0(TimeoutScheduler.java:85)
	at org.apache.ratis.util.TimeoutScheduler.lambda$onTimeout$1(TimeoutScheduler.java:104)
	at org.apache.ratis.util.LogUtils.runAndLog(LogUtils.java:50)
	at org.apache.ratis.util.LogUtils$1.run(LogUtils.java:91)
	at java.util.concurrent.Executors$RunnableAdapter.call(Executors.java:511)
	at java.util.concurrent.FutureTask.run(FutureTask.java:266)
	at java.util.concurrent.ScheduledThreadPoolExecutor$ScheduledFutureTask.access$201(ScheduledThreadPoolExecutor.java:180)
	at java.util.concurrent.ScheduledThreadPoolExecutor$ScheduledFutureTask.run(ScheduledThreadPoolExecutor.java:293)
	at java.util.concurrent.ThreadPoolExecutor.runWorker(ThreadPoolExecutor.java:1149)
	at java.util.concurrent.ThreadPoolExecutor$Worker.run(ThreadPoolExecutor.java:624)
	at java.lang.Thread.run(Thread.java:748)

Aug 28, 2019 4:05:51 PM org.apache.ratis.thirdparty.io.grpc.internal.ManagedChannelOrphanWrapper$ManagedChannelReference cleanQueue
SEVERE: *~*~*~ Channel ManagedChannelImpl{logId=2831, target=192.168.34.1:42870} was not shutdown properly!!! ~*~*~*
    Make sure to call shutdown()/shutdownNow() and wait until awaitTermination() returns true.
java.lang.RuntimeException: ManagedChannel allocation site
	at org.apache.ratis.thirdparty.io.grpc.internal.ManagedChannelOrphanWrapper$ManagedChannelReference.<init>(ManagedChannelOrphanWrapper.java:103)
	at org.apache.ratis.thirdparty.io.grpc.internal.ManagedChannelOrphanWrapper.<init>(ManagedChannelOrphanWrapper.java:53)
	at org.apache.ratis.thirdparty.io.grpc.internal.ManagedChannelOrphanWrapper.<init>(ManagedChannelOrphanWrapper.java:44)
	at org.apache.ratis.thirdparty.io.grpc.internal.AbstractManagedChannelImplBuilder.build(AbstractManagedChannelImplBuilder.java:411)
	at org.apache.ratis.grpc.client.GrpcClientProtocolClient.<init>(GrpcClientProtocolClient.java:119)
	at org.apache.ratis.grpc.client.GrpcClientRpc.lambda$new$0(GrpcClientRpc.java:55)
	at org.apache.ratis.util.PeerProxyMap$PeerAndProxy.lambda$getProxy$0(PeerProxyMap.java:61)
	at org.apache.ratis.util.LifeCycle.startAndTransition(LifeCycle.java:202)
	at org.apache.ratis.util.PeerProxyMap$PeerAndProxy.getProxy(PeerProxyMap.java:60)
	at org.apache.ratis.util.PeerProxyMap.getProxy(PeerProxyMap.java:107)
	at org.apache.ratis.grpc.client.GrpcClientRpc.sendRequestAsync(GrpcClientRpc.java:66)
	at org.apache.ratis.client.impl.OrderedAsync.sendRequest(OrderedAsync.java:208)
	at org.apache.ratis.client.impl.OrderedAsync.sendRequestWithRetry(OrderedAsync.java:169)
	at org.apache.ratis.util.SlidingWindow$Client.sendOrDelayRequest(SlidingWindow.java:278)
	at org.apache.ratis.util.SlidingWindow$Client.submitNewRequest(SlidingWindow.java:257)
	at org.apache.ratis.client.impl.OrderedAsync.send(OrderedAsync.java:155)
	at org.apache.ratis.client.impl.RaftClientImpl.sendAsync(RaftClientImpl.java:145)
	at org.apache.ratis.client.impl.RaftClientImpl.sendAsync(RaftClientImpl.java:125)
	at org.apache.hadoop.hdds.scm.XceiverClientRatis.sendRequestAsync(XceiverClientRatis.java:224)
	at org.apache.hadoop.hdds.scm.XceiverClientRatis.sendCommandAsync(XceiverClientRatis.java:302)
	at org.apache.hadoop.hdds.scm.storage.ContainerProtocolCalls.writeChunkAsync(ContainerProtocolCalls.java:310)
	at org.apache.hadoop.hdds.scm.storage.BlockOutputStream.writeChunkToContainer(BlockOutputStream.java:601)
	at org.apache.hadoop.hdds.scm.storage.BlockOutputStream.writeChunk(BlockOutputStream.java:459)
	at org.apache.hadoop.hdds.scm.storage.BlockOutputStream.writeOnRetry(BlockOutputStream.java:285)
	at org.apache.hadoop.ozone.client.io.BlockOutputStreamEntry.writeOnRetry(BlockOutputStreamEntry.java:200)
	at org.apache.hadoop.ozone.client.io.KeyOutputStream.handleWrite(KeyOutputStream.java:209)
	at org.apache.hadoop.ozone.client.io.KeyOutputStream.handleRetry(KeyOutputStream.java:376)
	at org.apache.hadoop.ozone.client.io.KeyOutputStream.handleException(KeyOutputStream.java:325)
	at org.apache.hadoop.ozone.client.io.KeyOutputStream.handleFlushOrClose(KeyOutputStream.java:448)
	at org.apache.hadoop.ozone.client.io.KeyOutputStream.handleWrite(KeyOutputStream.java:235)
	at org.apache.hadoop.ozone.client.io.KeyOutputStream.write(KeyOutputStream.java:193)
	at org.apache.hadoop.ozone.client.io.OzoneOutputStream.write(OzoneOutputStream.java:49)
	at java.io.OutputStream.write(OutputStream.java:75)
	at org.apache.hadoop.ozone.client.rpc.TestBlockOutputStreamWithFailures.testWatchForCommitWithSingleNodeRatis(TestBlockOutputStreamWithFailures.java:885)
	at sun.reflect.NativeMethodAccessorImpl.invoke0(Native Method)
	at sun.reflect.NativeMethodAccessorImpl.invoke(NativeMethodAccessorImpl.java:62)
	at sun.reflect.DelegatingMethodAccessorImpl.invoke(DelegatingMethodAccessorImpl.java:43)
	at java.lang.reflect.Method.invoke(Method.java:498)
	at org.junit.runners.model.FrameworkMethod$1.runReflectiveCall(FrameworkMethod.java:47)
	at org.junit.internal.runners.model.ReflectiveCallable.run(ReflectiveCallable.java:12)
	at org.junit.runners.model.FrameworkMethod.invokeExplosively(FrameworkMethod.java:44)
	at org.junit.internal.runners.statements.InvokeMethod.evaluate(InvokeMethod.java:17)
	at org.junit.internal.runners.statements.RunBefores.evaluate(RunBefores.java:26)
	at org.junit.internal.runners.statements.RunAfters.evaluate(RunAfters.java:27)
	at org.junit.runners.ParentRunner.runLeaf(ParentRunner.java:271)
	at org.junit.runners.BlockJUnit4ClassRunner.runChild(BlockJUnit4ClassRunner.java:70)
	at org.junit.runners.BlockJUnit4ClassRunner.runChild(BlockJUnit4ClassRunner.java:50)
	at org.junit.runners.ParentRunner$3.run(ParentRunner.java:238)
	at org.junit.runners.ParentRunner$1.schedule(ParentRunner.java:63)
	at org.junit.runners.ParentRunner.runChildren(ParentRunner.java:236)
	at org.junit.runners.ParentRunner.access$000(ParentRunner.java:53)
	at org.junit.runners.ParentRunner$2.evaluate(ParentRunner.java:229)
	at org.junit.runners.ParentRunner.run(ParentRunner.java:309)
	at org.apache.maven.surefire.junit4.JUnit4Provider.execute(JUnit4Provider.java:365)
	at org.apache.maven.surefire.junit4.JUnit4Provider.executeWithRerun(JUnit4Provider.java:273)
	at org.apache.maven.surefire.junit4.JUnit4Provider.executeTestSet(JUnit4Provider.java:238)
	at org.apache.maven.surefire.junit4.JUnit4Provider.invoke(JUnit4Provider.java:159)
	at org.apache.maven.surefire.booter.ForkedBooter.invokeProviderInSameClassLoader(ForkedBooter.java:384)
	at org.apache.maven.surefire.booter.ForkedBooter.runSuitesInProcess(ForkedBooter.java:345)
	at org.apache.maven.surefire.booter.ForkedBooter.execute(ForkedBooter.java:126)
	at org.apache.maven.surefire.booter.ForkedBooter.main(ForkedBooter.java:418)

Aug 28, 2019 4:05:51 PM org.apache.ratis.thirdparty.io.grpc.internal.ManagedChannelOrphanWrapper$ManagedChannelReference cleanQueue
SEVERE: *~*~*~ Channel ManagedChannelImpl{logId=2607, target=192.168.34.1:45904} was not shutdown properly!!! ~*~*~*
    Make sure to call shutdown()/shutdownNow() and wait until awaitTermination() returns true.
java.lang.RuntimeException: ManagedChannel allocation site
	at org.apache.ratis.thirdparty.io.grpc.internal.ManagedChannelOrphanWrapper$ManagedChannelReference.<init>(ManagedChannelOrphanWrapper.java:103)
	at org.apache.ratis.thirdparty.io.grpc.internal.ManagedChannelOrphanWrapper.<init>(ManagedChannelOrphanWrapper.java:53)
	at org.apache.ratis.thirdparty.io.grpc.internal.ManagedChannelOrphanWrapper.<init>(ManagedChannelOrphanWrapper.java:44)
	at org.apache.ratis.thirdparty.io.grpc.internal.AbstractManagedChannelImplBuilder.build(AbstractManagedChannelImplBuilder.java:411)
	at org.apache.hadoop.hdds.scm.XceiverClientGrpc.connectToDatanode(XceiverClientGrpc.java:175)
	at org.apache.hadoop.hdds.scm.XceiverClientGrpc.reconnect(XceiverClientGrpc.java:423)
	at org.apache.hadoop.hdds.scm.XceiverClientGrpc.sendCommandAsync(XceiverClientGrpc.java:372)
	at org.apache.hadoop.hdds.scm.XceiverClientGrpc.sendCommandWithRetry(XceiverClientGrpc.java:285)
	at org.apache.hadoop.hdds.scm.XceiverClientGrpc.sendCommandWithTraceIDAndRetry(XceiverClientGrpc.java:251)
	at org.apache.hadoop.hdds.scm.XceiverClientGrpc.sendCommand(XceiverClientGrpc.java:234)
	at org.apache.hadoop.hdds.scm.storage.ContainerProtocolCalls.getBlock(ContainerProtocolCalls.java:118)
	at org.apache.hadoop.hdds.scm.storage.BlockInputStream.getChunkInfos(BlockInputStream.java:167)
	at org.apache.hadoop.hdds.scm.storage.BlockInputStream.initialize(BlockInputStream.java:118)
	at org.apache.hadoop.hdds.scm.storage.BlockInputStream.read(BlockInputStream.java:222)
	at org.apache.hadoop.ozone.client.io.KeyInputStream.read(KeyInputStream.java:171)
	at org.apache.hadoop.ozone.client.io.OzoneInputStream.read(OzoneInputStream.java:47)
	at java.io.InputStream.read(InputStream.java:101)
	at org.apache.hadoop.ozone.container.ContainerTestHelper.validateData(ContainerTestHelper.java:714)
	at org.apache.hadoop.ozone.client.rpc.TestBlockOutputStreamWithFailures.validateData(TestBlockOutputStreamWithFailures.java:1216)
	at org.apache.hadoop.ozone.client.rpc.TestBlockOutputStreamWithFailures.testDatanodeFailureWithSingleNodeRatis(TestBlockOutputStreamWithFailures.java:1058)
	at sun.reflect.NativeMethodAccessorImpl.invoke0(Native Method)
	at sun.reflect.NativeMethodAccessorImpl.invoke(NativeMethodAccessorImpl.java:62)
	at sun.reflect.DelegatingMethodAccessorImpl.invoke(DelegatingMethodAccessorImpl.java:43)
	at java.lang.reflect.Method.invoke(Method.java:498)
	at org.junit.runners.model.FrameworkMethod$1.runReflectiveCall(FrameworkMethod.java:47)
	at org.junit.internal.runners.model.ReflectiveCallable.run(ReflectiveCallable.java:12)
	at org.junit.runners.model.FrameworkMethod.invokeExplosively(FrameworkMethod.java:44)
	at org.junit.internal.runners.statements.InvokeMethod.evaluate(InvokeMethod.java:17)
	at org.junit.internal.runners.statements.RunBefores.evaluate(RunBefores.java:26)
	at org.junit.internal.runners.statements.RunAfters.evaluate(RunAfters.java:27)
	at org.junit.runners.ParentRunner.runLeaf(ParentRunner.java:271)
	at org.junit.runners.BlockJUnit4ClassRunner.runChild(BlockJUnit4ClassRunner.java:70)
	at org.junit.runners.BlockJUnit4ClassRunner.runChild(BlockJUnit4ClassRunner.java:50)
	at org.junit.runners.ParentRunner$3.run(ParentRunner.java:238)
	at org.junit.runners.ParentRunner$1.schedule(ParentRunner.java:63)
	at org.junit.runners.ParentRunner.runChildren(ParentRunner.java:236)
	at org.junit.runners.ParentRunner.access$000(ParentRunner.java:53)
	at org.junit.runners.ParentRunner$2.evaluate(ParentRunner.java:229)
	at org.junit.runners.ParentRunner.run(ParentRunner.java:309)
	at org.apache.maven.surefire.junit4.JUnit4Provider.execute(JUnit4Provider.java:365)
	at org.apache.maven.surefire.junit4.JUnit4Provider.executeWithRerun(JUnit4Provider.java:273)
	at org.apache.maven.surefire.junit4.JUnit4Provider.executeTestSet(JUnit4Provider.java:238)
	at org.apache.maven.surefire.junit4.JUnit4Provider.invoke(JUnit4Provider.java:159)
	at org.apache.maven.surefire.booter.ForkedBooter.invokeProviderInSameClassLoader(ForkedBooter.java:384)
	at org.apache.maven.surefire.booter.ForkedBooter.runSuitesInProcess(ForkedBooter.java:345)
	at org.apache.maven.surefire.booter.ForkedBooter.execute(ForkedBooter.java:126)
	at org.apache.maven.surefire.booter.ForkedBooter.main(ForkedBooter.java:418)

Aug 28, 2019 4:05:51 PM org.apache.ratis.thirdparty.io.grpc.internal.ManagedChannelOrphanWrapper$ManagedChannelReference cleanQueue
SEVERE: *~*~*~ Channel ManagedChannelImpl{logId=2612, target=192.168.34.1:32987} was not shutdown properly!!! ~*~*~*
    Make sure to call shutdown()/shutdownNow() and wait until awaitTermination() returns true.
java.lang.RuntimeException: ManagedChannel allocation site
	at org.apache.ratis.thirdparty.io.grpc.internal.ManagedChannelOrphanWrapper$ManagedChannelReference.<init>(ManagedChannelOrphanWrapper.java:103)
	at org.apache.ratis.thirdparty.io.grpc.internal.ManagedChannelOrphanWrapper.<init>(ManagedChannelOrphanWrapper.java:53)
	at org.apache.ratis.thirdparty.io.grpc.internal.ManagedChannelOrphanWrapper.<init>(ManagedChannelOrphanWrapper.java:44)
	at org.apache.ratis.thirdparty.io.grpc.internal.AbstractManagedChannelImplBuilder.build(AbstractManagedChannelImplBuilder.java:411)
	at org.apache.hadoop.hdds.scm.XceiverClientGrpc.connectToDatanode(XceiverClientGrpc.java:175)
	at org.apache.hadoop.hdds.scm.XceiverClientGrpc.reconnect(XceiverClientGrpc.java:423)
	at org.apache.hadoop.hdds.scm.XceiverClientGrpc.sendCommandAsync(XceiverClientGrpc.java:372)
	at org.apache.hadoop.hdds.scm.XceiverClientGrpc.sendCommandWithRetry(XceiverClientGrpc.java:285)
	at org.apache.hadoop.hdds.scm.XceiverClientGrpc.sendCommandWithTraceIDAndRetry(XceiverClientGrpc.java:251)
	at org.apache.hadoop.hdds.scm.XceiverClientGrpc.sendCommand(XceiverClientGrpc.java:234)
	at org.apache.hadoop.hdds.scm.storage.ContainerProtocolCalls.getBlock(ContainerProtocolCalls.java:118)
	at org.apache.hadoop.hdds.scm.storage.BlockInputStream.getChunkInfos(BlockInputStream.java:167)
	at org.apache.hadoop.hdds.scm.storage.BlockInputStream.initialize(BlockInputStream.java:118)
	at org.apache.hadoop.hdds.scm.storage.BlockInputStream.read(BlockInputStream.java:222)
	at org.apache.hadoop.ozone.client.io.KeyInputStream.read(KeyInputStream.java:171)
	at org.apache.hadoop.ozone.client.io.OzoneInputStream.read(OzoneInputStream.java:47)
	at java.io.InputStream.read(InputStream.java:101)
	at org.apache.hadoop.ozone.container.ContainerTestHelper.validateData(ContainerTestHelper.java:714)
	at org.apache.hadoop.ozone.client.rpc.TestBlockOutputStreamWithFailures.validateData(TestBlockOutputStreamWithFailures.java:1216)
	at org.apache.hadoop.ozone.client.rpc.TestBlockOutputStreamWithFailures.testDatanodeFailureWithSingleNodeRatis(TestBlockOutputStreamWithFailures.java:1058)
	at sun.reflect.NativeMethodAccessorImpl.invoke0(Native Method)
	at sun.reflect.NativeMethodAccessorImpl.invoke(NativeMethodAccessorImpl.java:62)
	at sun.reflect.DelegatingMethodAccessorImpl.invoke(DelegatingMethodAccessorImpl.java:43)
	at java.lang.reflect.Method.invoke(Method.java:498)
	at org.junit.runners.model.FrameworkMethod$1.runReflectiveCall(FrameworkMethod.java:47)
	at org.junit.internal.runners.model.ReflectiveCallable.run(ReflectiveCallable.java:12)
	at org.junit.runners.model.FrameworkMethod.invokeExplosively(FrameworkMethod.java:44)
	at org.junit.internal.runners.statements.InvokeMethod.evaluate(InvokeMethod.java:17)
	at org.junit.internal.runners.statements.RunBefores.evaluate(RunBefores.java:26)
	at org.junit.internal.runners.statements.RunAfters.evaluate(RunAfters.java:27)
	at org.junit.runners.ParentRunner.runLeaf(ParentRunner.java:271)
	at org.junit.runners.BlockJUnit4ClassRunner.runChild(BlockJUnit4ClassRunner.java:70)
	at org.junit.runners.BlockJUnit4ClassRunner.runChild(BlockJUnit4ClassRunner.java:50)
	at org.junit.runners.ParentRunner$3.run(ParentRunner.java:238)
	at org.junit.runners.ParentRunner$1.schedule(ParentRunner.java:63)
	at org.junit.runners.ParentRunner.runChildren(ParentRunner.java:236)
	at org.junit.runners.ParentRunner.access$000(ParentRunner.java:53)
	at org.junit.runners.ParentRunner$2.evaluate(ParentRunner.java:229)
	at org.junit.runners.ParentRunner.run(ParentRunner.java:309)
	at org.apache.maven.surefire.junit4.JUnit4Provider.execute(JUnit4Provider.java:365)
	at org.apache.maven.surefire.junit4.JUnit4Provider.executeWithRerun(JUnit4Provider.java:273)
	at org.apache.maven.surefire.junit4.JUnit4Provider.executeTestSet(JUnit4Provider.java:238)
	at org.apache.maven.surefire.junit4.JUnit4Provider.invoke(JUnit4Provider.java:159)
	at org.apache.maven.surefire.booter.ForkedBooter.invokeProviderInSameClassLoader(ForkedBooter.java:384)
	at org.apache.maven.surefire.booter.ForkedBooter.runSuitesInProcess(ForkedBooter.java:345)
	at org.apache.maven.surefire.booter.ForkedBooter.execute(ForkedBooter.java:126)
	at org.apache.maven.surefire.booter.ForkedBooter.main(ForkedBooter.java:418)

Aug 28, 2019 4:05:51 PM org.apache.ratis.thirdparty.io.grpc.internal.ManagedChannelOrphanWrapper$ManagedChannelReference cleanQueue
SEVERE: *~*~*~ Channel ManagedChannelImpl{logId=2581, target=192.168.34.1:45284} was not shutdown properly!!! ~*~*~*
    Make sure to call shutdown()/shutdownNow() and wait until awaitTermination() returns true.
java.lang.RuntimeException: ManagedChannel allocation site
	at org.apache.ratis.thirdparty.io.grpc.internal.ManagedChannelOrphanWrapper$ManagedChannelReference.<init>(ManagedChannelOrphanWrapper.java:103)
	at org.apache.ratis.thirdparty.io.grpc.internal.ManagedChannelOrphanWrapper.<init>(ManagedChannelOrphanWrapper.java:53)
	at org.apache.ratis.thirdparty.io.grpc.internal.ManagedChannelOrphanWrapper.<init>(ManagedChannelOrphanWrapper.java:44)
	at org.apache.ratis.thirdparty.io.grpc.internal.AbstractManagedChannelImplBuilder.build(AbstractManagedChannelImplBuilder.java:411)
	at org.apache.ratis.grpc.client.GrpcClientProtocolClient.<init>(GrpcClientProtocolClient.java:119)
	at org.apache.ratis.grpc.client.GrpcClientRpc.lambda$new$0(GrpcClientRpc.java:55)
	at org.apache.ratis.util.PeerProxyMap$PeerAndProxy.lambda$getProxy$0(PeerProxyMap.java:61)
	at org.apache.ratis.util.LifeCycle.startAndTransition(LifeCycle.java:202)
	at org.apache.ratis.util.PeerProxyMap$PeerAndProxy.getProxy(PeerProxyMap.java:60)
	at org.apache.ratis.util.PeerProxyMap.getProxy(PeerProxyMap.java:107)
	at org.apache.ratis.grpc.client.GrpcClientRpc.sendRequestAsync(GrpcClientRpc.java:66)
	at org.apache.ratis.client.impl.OrderedAsync.sendRequest(OrderedAsync.java:208)
	at org.apache.ratis.client.impl.OrderedAsync.sendRequestWithRetry(OrderedAsync.java:169)
	at org.apache.ratis.util.SlidingWindow$Client.sendOrDelayRequest(SlidingWindow.java:278)
	at org.apache.ratis.util.SlidingWindow$Client.submitNewRequest(SlidingWindow.java:257)
	at org.apache.ratis.client.impl.OrderedAsync.send(OrderedAsync.java:155)
	at org.apache.ratis.client.impl.RaftClientImpl.sendAsync(RaftClientImpl.java:145)
	at org.apache.ratis.client.impl.RaftClientImpl.sendAsync(RaftClientImpl.java:125)
	at org.apache.hadoop.hdds.scm.XceiverClientRatis.sendRequestAsync(XceiverClientRatis.java:224)
	at org.apache.hadoop.hdds.scm.XceiverClientRatis.sendCommandAsync(XceiverClientRatis.java:302)
	at org.apache.hadoop.hdds.scm.storage.ContainerProtocolCalls.writeChunkAsync(ContainerProtocolCalls.java:310)
	at org.apache.hadoop.hdds.scm.storage.BlockOutputStream.writeChunkToContainer(BlockOutputStream.java:601)
	at org.apache.hadoop.hdds.scm.storage.BlockOutputStream.writeChunk(BlockOutputStream.java:459)
	at org.apache.hadoop.hdds.scm.storage.BlockOutputStream.writeOnRetry(BlockOutputStream.java:285)
	at org.apache.hadoop.ozone.client.io.BlockOutputStreamEntry.writeOnRetry(BlockOutputStreamEntry.java:200)
	at org.apache.hadoop.ozone.client.io.KeyOutputStream.handleWrite(KeyOutputStream.java:209)
	at org.apache.hadoop.ozone.client.io.KeyOutputStream.handleRetry(KeyOutputStream.java:376)
	at org.apache.hadoop.ozone.client.io.KeyOutputStream.handleException(KeyOutputStream.java:325)
	at org.apache.hadoop.ozone.client.io.KeyOutputStream.handleFlushOrClose(KeyOutputStream.java:448)
	at org.apache.hadoop.ozone.client.io.KeyOutputStream.handleWrite(KeyOutputStream.java:235)
	at org.apache.hadoop.ozone.client.io.KeyOutputStream.write(KeyOutputStream.java:193)
	at org.apache.hadoop.ozone.client.io.OzoneOutputStream.write(OzoneOutputStream.java:49)
	at java.io.OutputStream.write(OutputStream.java:75)
	at org.apache.hadoop.ozone.client.rpc.TestBlockOutputStreamWithFailures.testDatanodeFailureWithSingleNodeRatis(TestBlockOutputStreamWithFailures.java:1021)
	at sun.reflect.NativeMethodAccessorImpl.invoke0(Native Method)
	at sun.reflect.NativeMethodAccessorImpl.invoke(NativeMethodAccessorImpl.java:62)
	at sun.reflect.DelegatingMethodAccessorImpl.invoke(DelegatingMethodAccessorImpl.java:43)
	at java.lang.reflect.Method.invoke(Method.java:498)
	at org.junit.runners.model.FrameworkMethod$1.runReflectiveCall(FrameworkMethod.java:47)
	at org.junit.internal.runners.model.ReflectiveCallable.run(ReflectiveCallable.java:12)
	at org.junit.runners.model.FrameworkMethod.invokeExplosively(FrameworkMethod.java:44)
	at org.junit.internal.runners.statements.InvokeMethod.evaluate(InvokeMethod.java:17)
	at org.junit.internal.runners.statements.RunBefores.evaluate(RunBefores.java:26)
	at org.junit.internal.runners.statements.RunAfters.evaluate(RunAfters.java:27)
	at org.junit.runners.ParentRunner.runLeaf(ParentRunner.java:271)
	at org.junit.runners.BlockJUnit4ClassRunner.runChild(BlockJUnit4ClassRunner.java:70)
	at org.junit.runners.BlockJUnit4ClassRunner.runChild(BlockJUnit4ClassRunner.java:50)
	at org.junit.runners.ParentRunner$3.run(ParentRunner.java:238)
	at org.junit.runners.ParentRunner$1.schedule(ParentRunner.java:63)
	at org.junit.runners.ParentRunner.runChildren(ParentRunner.java:236)
	at org.junit.runners.ParentRunner.access$000(ParentRunner.java:53)
	at org.junit.runners.ParentRunner$2.evaluate(ParentRunner.java:229)
	at org.junit.runners.ParentRunner.run(ParentRunner.java:309)
	at org.apache.maven.surefire.junit4.JUnit4Provider.execute(JUnit4Provider.java:365)
	at org.apache.maven.surefire.junit4.JUnit4Provider.executeWithRerun(JUnit4Provider.java:273)
	at org.apache.maven.surefire.junit4.JUnit4Provider.executeTestSet(JUnit4Provider.java:238)
	at org.apache.maven.surefire.junit4.JUnit4Provider.invoke(JUnit4Provider.java:159)
	at org.apache.maven.surefire.booter.ForkedBooter.invokeProviderInSameClassLoader(ForkedBooter.java:384)
	at org.apache.maven.surefire.booter.ForkedBooter.runSuitesInProcess(ForkedBooter.java:345)
	at org.apache.maven.surefire.booter.ForkedBooter.execute(ForkedBooter.java:126)
	at org.apache.maven.surefire.booter.ForkedBooter.main(ForkedBooter.java:418)

Aug 28, 2019 4:05:51 PM org.apache.ratis.thirdparty.io.grpc.internal.ManagedChannelOrphanWrapper$ManagedChannelReference cleanQueue
SEVERE: *~*~*~ Channel ManagedChannelImpl{logId=2836, target=192.168.34.1:38061} was not shutdown properly!!! ~*~*~*
    Make sure to call shutdown()/shutdownNow() and wait until awaitTermination() returns true.
java.lang.RuntimeException: ManagedChannel allocation site
	at org.apache.ratis.thirdparty.io.grpc.internal.ManagedChannelOrphanWrapper$ManagedChannelReference.<init>(ManagedChannelOrphanWrapper.java:103)
	at org.apache.ratis.thirdparty.io.grpc.internal.ManagedChannelOrphanWrapper.<init>(ManagedChannelOrphanWrapper.java:53)
	at org.apache.ratis.thirdparty.io.grpc.internal.ManagedChannelOrphanWrapper.<init>(ManagedChannelOrphanWrapper.java:44)
	at org.apache.ratis.thirdparty.io.grpc.internal.AbstractManagedChannelImplBuilder.build(AbstractManagedChannelImplBuilder.java:411)
	at org.apache.hadoop.hdds.scm.XceiverClientGrpc.connectToDatanode(XceiverClientGrpc.java:175)
	at org.apache.hadoop.hdds.scm.XceiverClientGrpc.reconnect(XceiverClientGrpc.java:423)
	at org.apache.hadoop.hdds.scm.XceiverClientGrpc.sendCommandAsync(XceiverClientGrpc.java:372)
	at org.apache.hadoop.hdds.scm.XceiverClientGrpc.sendCommandWithRetry(XceiverClientGrpc.java:285)
	at org.apache.hadoop.hdds.scm.XceiverClientGrpc.sendCommandWithTraceIDAndRetry(XceiverClientGrpc.java:251)
	at org.apache.hadoop.hdds.scm.XceiverClientGrpc.sendCommand(XceiverClientGrpc.java:234)
	at org.apache.hadoop.hdds.scm.storage.ContainerProtocolCalls.getBlock(ContainerProtocolCalls.java:118)
	at org.apache.hadoop.hdds.scm.storage.BlockInputStream.getChunkInfos(BlockInputStream.java:167)
	at org.apache.hadoop.hdds.scm.storage.BlockInputStream.initialize(BlockInputStream.java:118)
	at org.apache.hadoop.hdds.scm.storage.BlockInputStream.read(BlockInputStream.java:222)
	at org.apache.hadoop.ozone.client.io.KeyInputStream.read(KeyInputStream.java:171)
	at org.apache.hadoop.ozone.client.io.OzoneInputStream.read(OzoneInputStream.java:47)
	at java.io.InputStream.read(InputStream.java:101)
	at org.apache.hadoop.ozone.container.ContainerTestHelper.validateData(ContainerTestHelper.java:714)
	at org.apache.hadoop.ozone.client.rpc.TestBlockOutputStreamWithFailures.validateData(TestBlockOutputStreamWithFailures.java:1216)
	at org.apache.hadoop.ozone.client.rpc.TestBlockOutputStreamWithFailures.testWatchForCommitWithSingleNodeRatis(TestBlockOutputStreamWithFailures.java:918)
	at sun.reflect.NativeMethodAccessorImpl.invoke0(Native Method)
	at sun.reflect.NativeMethodAccessorImpl.invoke(NativeMethodAccessorImpl.java:62)
	at sun.reflect.DelegatingMethodAccessorImpl.invoke(DelegatingMethodAccessorImpl.java:43)
	at java.lang.reflect.Method.invoke(Method.java:498)
	at org.junit.runners.model.FrameworkMethod$1.runReflectiveCall(FrameworkMethod.java:47)
	at org.junit.internal.runners.model.ReflectiveCallable.run(ReflectiveCallable.java:12)
	at org.junit.runners.model.FrameworkMethod.invokeExplosively(FrameworkMethod.java:44)
	at org.junit.internal.runners.statements.InvokeMethod.evaluate(InvokeMethod.java:17)
	at org.junit.internal.runners.statements.RunBefores.evaluate(RunBefores.java:26)
	at org.junit.internal.runners.statements.RunAfters.evaluate(RunAfters.java:27)
	at org.junit.runners.ParentRunner.runLeaf(ParentRunner.java:271)
	at org.junit.runners.BlockJUnit4ClassRunner.runChild(BlockJUnit4ClassRunner.java:70)
	at org.junit.runners.BlockJUnit4ClassRunner.runChild(BlockJUnit4ClassRunner.java:50)
	at org.junit.runners.ParentRunner$3.run(ParentRunner.java:238)
	at org.junit.runners.ParentRunner$1.schedule(ParentRunner.java:63)
	at org.junit.runners.ParentRunner.runChildren(ParentRunner.java:236)
	at org.junit.runners.ParentRunner.access$000(ParentRunner.java:53)
	at org.junit.runners.ParentRunner$2.evaluate(ParentRunner.java:229)
	at org.junit.runners.ParentRunner.run(ParentRunner.java:309)
	at org.apache.maven.surefire.junit4.JUnit4Provider.execute(JUnit4Provider.java:365)
	at org.apache.maven.surefire.junit4.JUnit4Provider.executeWithRerun(JUnit4Provider.java:273)
	at org.apache.maven.surefire.junit4.JUnit4Provider.executeTestSet(JUnit4Provider.java:238)
	at org.apache.maven.surefire.junit4.JUnit4Provider.invoke(JUnit4Provider.java:159)
	at org.apache.maven.surefire.booter.ForkedBooter.invokeProviderInSameClassLoader(ForkedBooter.java:384)
	at org.apache.maven.surefire.booter.ForkedBooter.runSuitesInProcess(ForkedBooter.java:345)
	at org.apache.maven.surefire.booter.ForkedBooter.execute(ForkedBooter.java:126)
	at org.apache.maven.surefire.booter.ForkedBooter.main(ForkedBooter.java:418)

]]></system-err>
  </testcase>
  <testcase name="testFailureWithPrimeSizedData" classname="org.apache.hadoop.ozone.client.rpc.TestBlockOutputStreamWithFailures" time="34.007"/>
  <testcase name="testWatchForCommitWithCloseContainerException" classname="org.apache.hadoop.ozone.client.rpc.TestBlockOutputStreamWithFailures" time="34.467"/>
  <testcase name="testExceptionDuringClose" classname="org.apache.hadoop.ozone.client.rpc.TestBlockOutputStreamWithFailures" time="34.896"/>
</testsuite>